TRXV5
3
4
4
9
string Extension=J
integer IsArchMeasurement=1
integer IsSpherical=1
string Generator=SPM
string GeneratorVersion=1.3.1 Dev
double ArchRadius=0.449999988079071
integer FrequencyAxisIndex=0
integer AzimuthAxisIndex=1
integer ElevationAxisIndex=2
Frequency
5 201 800000000 900000000 LIN
Azimuth
7 8 0 2.74889357189107 LIN
Elevation
7 15 -2.74889357189107 2.74889357189107 LIN
Polar H Real Part
13
Polar H Imaginary Part
14
Polar V Real Part
13
Polar V Imaginary Part
14
Polar H Magnitude (dB)
12 0xC0000002 0 1
Polar H Phase
7 0xC0000003 0 1
Polar V Magnitude (dB)
12 0xC0000002 2 3
Polar V Phase
7 0xC0000003 2 3
0.0499591336557315 0.12923741261053 -0.111288566426281 0.129470257461565
0.114010871878415 -0.0668400578618003 -0.0967791685412685 0.451056005142128
-0.0373425537977122 -0.152081761353492 -0.0616245658528493 0.588370444536627
-0.13931693127785 -0.0761071291525464 -0.172648083425773 0.650574827392841
-0.0961186210512014 0.0503074364660535 -0.310865851664089 0.683057191689597
0.0154297612301466 0.019395632870544 -0.378545368702926 0.59620830746062
0.0605124010637055 0.0159687088908974 -0.276488043175592 0.373159072952447
0.049679111757038 0.0387084400212856 -0.064216528702809 0.134142059461231
0.056348450587507 0.0709790305325236 0.208463620202324 -0.155217628296172
0.0419323080421613 0.0931407425732776 0.46906531070126 -0.31039110802054
-0.0655720646195556 0.0825218280499384 0.668951474958506 -0.422453577935149
-0.116610441542763 -0.0189510168239634 0.599362228445229 -0.4937124816657
0.0502960099091191 -0.0713406423039132 0.407228777635329 -0.549076285343979
0.137233806154592 0.000491530544541825 0.287289055026405 -0.501109731353004
0.0366127348976868 0.132325137002053 0.174775219234719 -0.216717149399419
0.0484431767274859 0.109527729143072 -0.124179145320973 0.100528577384204
0.120518800132195 -0.0640206416493456 -0.108832354510565 0.44386735990748
-0.0134956751234081 -0.169898923305389 -0.0933424669311091 0.571652863046509
-0.122893648175 -0.115906011359227 -0.23903263148972 0.645139045024567
-0.0897750044086538 0.00830738613236252 -0.364516085328039 0.7063930826236
0.0273283336912567 -0.0171356720417093 -0.389162077368541 0.616351042963664
0.0822981174673374 -0.0200531216795663 -0.251128166649709 0.381352732631
0.0763768854603949 0.00354599235515141 -0.0217374196224788 0.136845528829923
0.0878206303937881 0.0309784017195432 0.244318321848891 -0.147196944238306
0.0839127514953539 0.057813299142978 0.482409335226504 -0.301535640503087
-0.0159933928927867 0.0631132118613456 0.639886682637685 -0.420352247946346
-0.0889810456547561 -0.0161782295025774 0.546674054926718 -0.510983386657881
0.0439721085238235 -0.0792821668962072 0.372484713446107 -0.577986083972577
0.135488707568808 -0.0320665276937565 0.270092834292966 -0.51866921294795
0.0539320394066185 0.100482201179595 0.164777326670629 -0.249393921345802
0.0418006694392296 0.0733995853908557 -0.137883482257152 0.0808123431189195
0.102390314411801 -0.0621420873755464 -0.129616219525293 0.445738114381142
0.00564711730177465 -0.163379758951503 -0.139685756752328 0.551772391949917
-0.0825661320412874 -0.139153046672505 -0.32791764399923 0.626109938231798
-0.064665252609879 -0.0411059786053408 -0.445098944917205 0.709411271545182
0.0375232377572281 -0.0623624740584652 -0.414990148486306 0.621703554830957
0.088890059925107 -0.0593672597858197 -0.226661345342656 0.375710883060525
0.0859165674635053 -0.0328726921948368 0.0266613858757448 0.12616495918919
0.0974444091409366 -0.0106486687728324 0.285214410922509 -0.157012141672477
0.104957746638722 0.0134232286140595 0.493165500264826 -0.319927453720079
0.0261312643073845 0.0276783879277294 0.600570744217563 -0.444907463030786
-0.0500450661756969 -0.0154892356314828 0.476885586245366 -0.538047718182691
0.041851929749011 -0.0692213891141895 0.309162429960253 -0.602560350712988
0.114386655588537 -0.053607459663371 0.229984624181932 -0.533206805429176
0.0595224738122745 0.0538745558781274 0.140167741998048 -0.270852969480355
0.0334703627803957 0.0192191101692212 -0.155187523641127 0.0757139820985912
0.06605983370107 -0.0703694047699065 -0.161121895494539 0.456190014410033
0.00819371563604064 -0.136049450573972 -0.194989211631812 0.532226630303928
-0.0295634513821607 -0.134511439646278 -0.425938957953263 0.591446827323947
-0.0193758856772296 -0.0852624017882677 -0.538330210158159 0.686151835857244
0.0467830396728808 -0.107698142218685 -0.448347679834685 0.605519905289219
0.0808977570992948 -0.0938593097409098 -0.205117323247485 0.356510722313651
0.0766326001670403 -0.0622996098056329 0.0752873673234558 0.102084562409988
0.0836538116685531 -0.047117501955383 0.323955271050928 -0.183549160299914
0.102114548259283 -0.0308961748167015 0.493616309180908 -0.355268728024326
0.0478721043826223 -0.0134814909857504 0.546202349020877 -0.480458722962637
-0.0109806964722749 -0.0196348626414485 0.39304141042706 -0.563773564980562
0.0456891137526606 -0.0471373137087462 0.237907940419162 -0.615345776040724
0.080933685383396 -0.0580408298828754 0.177827803838429 -0.534902516247258
0.0480696315257289 0.00354177068294288 0.109763773529456 -0.277790502173099
0.0263508956694692 -0.0428165410941769 -0.178039729964678 0.0818622120058495
0.0195530046839886 -0.0905447741757222 -0.207521795026031 0.46691987925216
-0.00531915453484806 -0.0981666038814882 -0.258271271855715 0.518639884552328
0.0200173323984845 -0.105579841718445 -0.51286076515733 0.550060463503552
0.0309279841546528 -0.116695391101527 -0.617867063973512 0.639747662537902
0.0528738690926618 -0.146351464917326 -0.477833735438683 0.565570550111335
0.0575619703230672 -0.11822898364931 -0.185416657582732 0.327418604112194
0.0506123485384108 -0.0829376036321321 0.115240973705659 0.0701394709441556
0.0499390459378188 -0.0702881013729858 0.350386302156706 -0.218846108808306
0.077920885263466 -0.0652501016502074 0.479588883138871 -0.40044729959243
0.0539291104793777 -0.0522090264250748 0.482389122508254 -0.522401831586019
0.023831059071737 -0.0222309280925697 0.308000695233163 -0.587119267562445
0.0530172030417109 -0.0169912764227256 0.162606840368773 -0.621196085003617
0.0417649116118207 -0.0481098006837689 0.124470436129778 -0.530513259177431
0.0255500319529181 -0.0441626016067758 0.0798094258736295 -0.269498860441285
0.017726210867576 -0.0995654878698662 -0.203087269157069 0.104238311805567
-0.0331056120971373 -0.107162088909052 -0.25704947606022 0.476821381160812
-0.028209164611377 -0.051429414051396 -0.322946942287346 0.502490547973306
0.0614306964658757 -0.0646691530006728 -0.584396491390118 0.510947965885426
0.072025725190429 -0.133766768335626 -0.674118086557711 0.585233351609769
0.0470936574025676 -0.17209639975192 -0.491968073167424 0.512983839201333
0.021252206713769 -0.13139641156275 -0.170406421313572 0.290869402747564
0.0112713196703888 -0.0898733173378931 0.142312141039539 0.035410292670983
0.0055003288154562 -0.0799639404366724 0.360317197594067 -0.258501412387557
0.0437041972711235 -0.0888210366373061 0.45453893407562 -0.446425010631926
0.0504439332712879 -0.0797130776978177 0.414554498599434 -0.560115934005052
0.0524852070898366 -0.0168113645466949 0.232912792583437 -0.603141598659753
0.0588211251693858 0.0223171701091547 0.0981606837020353 -0.614199554690195
0.000837249357755594 -0.0299879233345467 0.0788183931297135 -0.518167857332725
-0.000920520769035697 -0.0837447449781457 0.058961835088497 -0.250869718011331
0.000530493269904861 -0.139664907231547 -0.226739625450223 0.13737145368416
-0.0855408074525581 -0.10918489627038 -0.299027593510528 0.487153011281089
-0.0487677554490345 -0.00188415281314602 -0.379090309549175 0.496323685993341
0.0891556094604172 -0.0253914816483482 -0.625411406975205 0.483537506408516
0.0885224705006079 -0.144096228735457 -0.697475224863439 0.532297613225606
0.0223932279669532 -0.18307439234625 -0.496315010127183 0.460117952775025
-0.026338564282064 -0.129146958500385 -0.163936745380765 0.252865745783518
-0.0348495730659531 -0.0833463246699217 0.149998417783557 0.00367657680036386
-0.0432705634847876 -0.0750388436906489 0.357017438151968 -0.294510613559904
0.00950914738847252 -0.0974051792578474 0.420918693529184 -0.487257696819592
0.0472047000082727 -0.0928201951517094 0.360986794974735 -0.5947404554513
0.080259946008442 0.00191846898502989 0.178715775893192 -0.612726231801878
0.0613682152150739 0.0686126796255694 0.0534553734618392 -0.605536218555268
-0.0407325632551623 -0.010425545097115 0.0487290420631482 -0.505976909130004
-0.0245605001822843 -0.115688512682738 0.0477489450006182 -0.223248804948519
-0.0234879562153099 -0.156218515492148 -0.242294061055823 0.176797524468562
-0.129788015945553 -0.0878889982927578 -0.323857707468153 0.50097258929379
-0.0603508245895842 0.0457632049337124 -0.411665442314469 0.498862001028745
0.0996410657804186 -0.0019492845511323 -0.63343773172834 0.471740179442333
0.0735550083447309 -0.147506783436916 -0.689613385674092 0.492960185841274
-0.0198011671895253 -0.176794346823729 -0.494499967862406 0.408687180014299
-0.0779044283578463 -0.110793279944177 -0.168450095352154 0.218720584088634
-0.0811185694354627 -0.0656942344249024 0.138053387893199 -0.0237919914471823
-0.0887293592510493 -0.0573669085445539 0.34097809679371 -0.32206491128837
-0.0177670395534357 -0.0937147251148705 0.394856753102501 -0.521595729325786
0.0490745553253498 -0.0877383192061971 0.331619810030693 -0.627663722099675
0.101957843896 0.0352064342521797 0.161062308811529 -0.621987456070982
0.0544147666081874 0.116724712627395 0.0356246480766334 -0.590378133771193
-0.0785578432113979 0.0031698740927748 0.0309346859506369 -0.489230666303971
-0.0403372199083844 -0.135867137384445 0.0461218425143482 -0.190607562648134
0.0509141199969363 0.128256704842005 -0.109367610707164 0.131452623934746
0.113875951640192 -0.068277333260039 -0.0940501696943964 0.455723410492177
-0.0393314650674735 -0.150934126462969 -0.0551151098889672 0.593040301383822
-0.140921735725194 -0.074869168327835 -0.168058986434689 0.655636997086668
-0.0961227731938184 0.0507416193593141 -0.303198512495127 0.692394402781495
0.0152084162771616 0.0190380398353132 -0.373853406789626 0.602923830217488
0.0606584795358399 0.0159249163056551 -0.273610230656252 0.378220553161234
0.051613647281864 0.0382113388161312 -0.0632429379401727 0.135359315825196
0.0572795262564223 0.0709944570318607 0.206465613443734 -0.158787858488211
0.0436026798229226 0.0916923024832371 0.467382927710559 -0.316218928485582
-0.0644995549307867 0.0837805050347657 0.668636535188662 -0.432442353728488
-0.116674271312214 -0.0166133495788686 0.597217614236909 -0.503515633185915
0.0492137933233016 -0.0726392867907759 0.402867277714125 -0.556482022731093
0.136750642955567 -0.00111028517859901 0.285083675935896 -0.5068087061543
0.0384038065513418 0.132706272671314 0.173255926164664 -0.221199361067761
0.0492560845050607 0.109329370998492 -0.123177969557632 0.103599127651805
0.120239826060681 -0.0650503452112697 -0.104760396005109 0.446235307880956
-0.0154038785058973 -0.17055951598382 -0.0896772595276206 0.575621206745142
-0.124479087067976 -0.115448948337947 -0.233362142767622 0.652446364964534
-0.0903048284041431 0.00852945543658078 -0.357368223780037 0.715376526583448
0.0269136664096773 -0.0177968837177923 -0.382605721453025 0.625842775950365
0.0811993115942833 -0.0219596368740935 -0.248549027034248 0.386461210456604
0.0775570426000824 0.0020176400473332 -0.0212912840705649 0.137744248526501
0.0892464668321327 0.0292704325815227 0.242609289022245 -0.151273990866482
0.0854724087252534 0.0560324995084787 0.479979976420957 -0.30986679238878
-0.014783904078173 0.0625875676579173 0.639189073467024 -0.431349626375164
-0.0886566316237028 -0.0146861670473173 0.544383688676885 -0.519297817063956
0.0433857637625047 -0.0806947857263842 0.368195534631051 -0.583742873096355
0.135266915532947 -0.0339446790057419 0.268117598449791 -0.525523198003965
0.0560509077662511 0.100180294302659 0.162986343115012 -0.253048708871319
0.0420721657152142 0.0722814003168654 -0.137899371123504 0.0840954295659968
0.102501429817736 -0.0631742428930309 -0.126826781445641 0.449962002910654
0.00268998351290745 -0.163315974154568 -0.135506042079445 0.556052854242409
-0.0844754331363198 -0.13834317025465 -0.321333405121191 0.63407768297266
-0.0643921533504455 -0.0416682488840002 -0.438543953879216 0.720504180893367
0.0360442066403675 -0.0636305901995804 -0.408395764594923 0.6314966059305
0.087904858360425 -0.0597684249562381 -0.224629074236738 0.380333992371075
0.0858550155984417 -0.0333382345891339 0.0281590033016546 0.126330240411598
0.098549529504051 -0.0120033310881081 0.283234709022248 -0.161556136336257
0.105180680835682 0.0114519041897362 0.491411588518037 -0.327448550966059
0.026152588020806 0.0274788329712492 0.596266969550487 -0.454316546174978
-0.0494215815602298 -0.0143885839640545 0.473723203409679 -0.54691376357765
0.041501343543657 -0.0702988421752072 0.307084476048834 -0.610128554087834
0.113530314569177 -0.0550949433179049 0.22463485293322 -0.538853553765727
0.0598840440164009 0.0533503538824731 0.137640825473345 -0.274355734858604
0.0337035582830422 0.0186504979385487 -0.155036143441382 0.0775865822266038
0.0650793162198568 -0.0712477123362523 -0.158430978170815 0.460911388260326
0.00670472474761383 -0.137142729415208 -0.191096107286595 0.539949024556025
-0.0315342512957285 -0.135363128939591 -0.420684176203668 0.601392663522686
-0.0209930483900699 -0.0860700773709797 -0.530971688382146 0.698596865811277
0.0455289126474945 -0.109030133312256 -0.443337490735882 0.612862714859773
0.0793302977333132 -0.0941896044650111 -0.202300082493811 0.361130600192552
0.0767977072254319 -0.0635546196292337 0.0758997983822671 0.101044239547565
0.0833275349168838 -0.0482321290529816 0.322181732416069 -0.188126390498775
0.100759286307166 -0.0328156989486786 0.491206426288183 -0.363337259923157
0.0481872795753459 -0.0145939181228327 0.544080218229967 -0.490050296708262
-0.0109801795376219 -0.0197755702419708 0.390330562833912 -0.571517619966849
0.0455949071657862 -0.0477786378830437 0.23296992830622 -0.621925280413006
0.0798650442250224 -0.0589747456356723 0.173867527942553 -0.539724497207074
0.0476575368941663 0.00289785871851335 0.10660053050957 -0.279532106610221
0.0263409558348638 -0.0429575116444992 -0.177466555410832 0.0859162113172614
0.017633527565294 -0.0899736854823234 -0.204209228151739 0.471305404754004
-0.0056624400852179 -0.0985778954536963 -0.254266915647045 0.522244175788004
0.0199428058413319 -0.106560777561967 -0.509541104475393 0.559201890705627
0.0298509824384583 -0.118018116643355 -0.615002865486632 0.650481636415166
0.0502976885063242 -0.147296069688531 -0.471642954978636 0.574626234209859
0.0553008351615552 -0.119669094370074 -0.182740382768963 0.331413275646338
0.0496904413679651 -0.0837884868175649 0.115493177934955 0.0694646657925612
0.0499062428119563 -0.0715291480861566 0.347155461374135 -0.223991710399911
0.0773048011698331 -0.0672436257526764 0.477351957508276 -0.408780273374698
0.0528470955985703 -0.0533392743810335 0.478420881570655 -0.528662646899095
0.0235671284216968 -0.0232036540362477 0.304131036963742 -0.595212655689785
0.0530139853240542 -0.0175687887744536 0.157455186442331 -0.625787948565369
0.0418244532059369 -0.0493076244538063 0.118892548021649 -0.534684060342701
0.0257764202297293 -0.0439137900421507 0.0772525022620607 -0.272335822059802
0.0168059044757608 -0.0994841400081322 -0.202521943594459 0.107904761286581
-0.0345235566571679 -0.107507936977386 -0.254689817684281 0.482693698793045
-0.0280642639584149 -0.0522558925321086 -0.320340679680185 0.510379017463622
0.0613579131567866 -0.0663930296917679 -0.58118916327008 0.521644971387743
0.0708798277112412 -0.136532291117493 -0.671502649609645 0.598485132351212
0.0446465245764485 -0.173009350323865 -0.48869196204478 0.522364384489575
0.0192784952713654 -0.132131964927536 -0.167132062928627 0.294373660090243
0.0109565292280845 -0.0904025027490926 0.142138803946163 0.0338772226871893
0.00409247483611731 -0.0804724202840182 0.359472599887332 -0.264064013616455
0.0435751741509054 -0.0894799765146826 0.449720146213846 -0.453861804986878
0.0492203499128569 -0.0810620812097377 0.409721739327747 -0.56952211911661
0.0531714101797319 -0.0173549592484971 0.228133804959989 -0.609447661088622
0.0598350295574575 0.0208599752563378 0.0919452254964584 -0.619269849738335
0.000577386922416042 -0.0304312266465113 0.0753042593496672 -0.522757528593898
-0.00165631007682182 -0.0843647083626634 0.057584254098529 -0.253404456441391
0.000157782066642084 -0.14051566510449 -0.226678763610248 0.141197473089153
-0.0874383750420474 -0.108235658549982 -0.295491702397045 0.492630314066017
-0.0490832030037152 -0.00147585617857884 -0.37662766329097 0.503114349429933
0.0891055761531652 -0.0278108620666049 -0.625454280134756 0.494295676723038
0.0862001830459393 -0.145733933255038 -0.692915838581466 0.545101989330082
0.0190138241092453 -0.184123615778385 -0.492497055652022 0.467717626796635
-0.0281442312338967 -0.128049238029439 -0.160899753015295 0.255355737571325
-0.0357536587640438 -0.0838285124533401 0.14994961095314 0.000934503745607419
-0.0453692524408484 -0.0744902550868775 0.355803346766755 -0.299874530596708
0.0078440830938509 -0.0988911191424034 0.418617291706151 -0.495826827243943
0.0465440794345487 -0.0938852578522226 0.355741550193685 -0.604007052991736
0.0809850350281005 0.00137611399728188 0.174304705559261 -0.61963762470605
0.0621366519131075 0.0665376356303015 0.0465765274940373 -0.610975981770906
-0.040653161633737 -0.0102393087430225 0.0432893369996689 -0.507595611284018
-0.0259905436856202 -0.115929087810007 0.0457187235990561 -0.225205713998398
-0.0256581699077981 -0.156736077840168 -0.240986924455338 0.181986447712763
-0.130631884713166 -0.0860242233817215 -0.322179443703634 0.50699081294841
-0.0590141672940667 0.0462703694168423 -0.408776357808329 0.505471582527433
0.100257099330591 -0.00397316244060782 -0.631604099442363 0.482588099221412
0.071093302993003 -0.149654518045983 -0.687401671485758 0.504597621365268
-0.0230143279330818 -0.176681357000358 -0.492111702819528 0.417293440569943
-0.0807169236533734 -0.110214116852025 -0.166561324786416 0.221990407272154
-0.0822918557659304 -0.0645114968656287 0.137731440363623 -0.0254114791408338
-0.0903031386843694 -0.0556713800698588 0.337628775338 -0.328768911623879
-0.0195698201282784 -0.0943702776010692 0.388794443854378 -0.530446034794052
0.0476187546130693 -0.089357737444955 0.325821023751691 -0.637217761384418
0.104030502135519 0.0337801884587836 0.156289638994034 -0.627041548567063
0.0558507132501087 0.116019179853339 0.0287558069597231 -0.594087419184539
-0.0792173677231482 0.00313281345474912 0.0279320482460596 -0.49177892158614
-0.0415897344159564 -0.13577127522532 0.0437013328967299 -0.192516180078107
0.0531400572221512 0.127959075414771 -0.108556682987749 0.134230741357216
0.111857177896916 -0.0688339894986147 -0.0890770218629637 0.458786073985194
-0.0416139030897557 -0.151181865790105 -0.0503369204136193 0.597615460090771
-0.142346434524184 -0.073743444437044 -0.160779703273899 0.662019238242613
-0.095478779818204 0.0514208367797523 -0.297366630949168 0.699548664386328
0.0148353255782169 0.0186094699805023 -0.366761026945331 0.611641002174566
0.0601163744688598 0.0144220289494743 -0.270748593005664 0.383254173247686
0.0522593858442341 0.0377961795736459 -0.0623328474684416 0.137016473424566
0.0584329880817841 0.0693812916583386 0.205067970413938 -0.161620569495199
0.0449971192309436 0.0914133525403715 0.466452855527743 -0.323542952073402
-0.0628979585025711 0.0843607038111482 0.666280557059581 -0.444644361243211
-0.11668180262415 -0.0151013949872262 0.593962976103604 -0.513045543246931
0.0482767094011137 -0.0731255221963655 0.399195545105316 -0.563722211428461
0.136013653075778 -0.00299653696167127 0.280572186765649 -0.513759172927147
0.0401559922217658 0.132068083324818 0.170735138627241 -0.224436952558359
0.0510141410944463 0.108720227759635 -0.122279609478334 0.105762645468138
0.118523816426562 -0.0662783710167028 -0.101232244114912 0.450832655756274
-0.0171812852232973 -0.170121677524996 -0.0838571810122536 0.580806658194598
-0.126207334679689 -0.114892498909506 -0.226336019976095 0.660956394719198
-0.0898560813434379 0.00916460237016159 -0.350821114650596 0.72290337740543
0.0252231583585157 -0.0184049987368672 -0.37497489252967 0.633500270196343
0.0806380128092691 -0.0229114291195385 -0.244635653834373 0.391042199848443
0.0780371263578771 0.00194322241472237 -0.0204257993535422 0.138822494828697
0.0901499693190424 0.0293197714875272 0.242148229000473 -0.15508489246247
0.0854094770232712 0.0548791642079492 0.479475742835872 -0.318706675420849
-0.0130214461742421 0.0630819003999482 0.63606274958767 -0.441527956170619
-0.0884929433722116 -0.0132488982754897 0.542186099106109 -0.529797704358571
0.0426127519350999 -0.0811838207976608 0.363777218746571 -0.592636720344325
0.134779242039727 -0.0355506544790697 0.263719474195178 -0.532738097367577
0.0571315784936891 0.0997689743664644 0.160203066235316 -0.256693915189822
0.0429561656213311 0.0712977867104095 -0.136993089732004 0.0872761542608413
0.101324994969713 -0.0643259807616576 -0.121825753285737 0.453183353031139
0.00109038698752304 -0.163931011332256 -0.129626133556321 0.562349606864634
-0.0862751598574584 -0.139499595321592 -0.316263380863905 0.641738671856854
-0.0654447326778238 -0.04166768093263 -0.43100751223888 0.73024647636745
0.0341322031981905 -0.0645105208028116 -0.401043293574711 0.639647057236867
0.0874217283100981 -0.0618758050126304 -0.219478045621456 0.385375282286059
0.0866487964706896 -0.0350185784896486 0.0286194306487882 0.125842313127042
0.0986206167663848 -0.0134542419120773 0.282742059051533 -0.166151390887168
0.105800741111919 0.00893253228379257 0.488373769955992 -0.336111265191589
0.0273579417698707 0.0271650419809138 0.595131859152874 -0.463966990158664
-0.0489067763120866 -0.0134697826537542 0.469907000887013 -0.554197733961557
0.0414348708664404 -0.0709228738010187 0.301750885739914 -0.61516384399012
0.112818959945255 -0.0574751800264328 0.220669723132324 -0.54352942047428
0.0609648735172681 0.0527421812796179 0.134020816266837 -0.277830472028139
0.0343690886768602 0.0172276287944965 -0.154632579224242 0.080319207563621
0.0645986940367135 -0.0723846530361572 -0.155015128291072 0.464955300261476
0.00494570584033616 -0.137140544469987 -0.185906876869667 0.544774560452722
-0.0335223943483176 -0.136757627345806 -0.415021691376014 0.609080066801087
-0.0220235317578796 -0.0873841017675422 -0.52514999469553 0.707905787380562
0.0437875883853724 -0.110634677278464 -0.436900475853836 0.621861167673253
0.0781031095916601 -0.095714482226461 -0.197795544048774 0.36525553591451
0.07640723696388 -0.0648772114038745 0.0770505312403831 0.100161327722887
0.0832451957141247 -0.0492820068094982 0.320385854057129 -0.194337431846997
0.101223332410463 -0.0346789319090578 0.48980635227626 -0.370999711375475
0.0484158808323551 -0.0157666419096224 0.540411092894665 -0.500494067863658
-0.0100090507856406 -0.0188264867012079 0.385320435233377 -0.580308603612767
0.0452655822547088 -0.0492904012312328 0.226880643774125 -0.627989220018474
0.0793372014400216 -0.0603495182245281 0.170279744187131 -0.544870685495961
0.0487170329857562 0.00247432676446052 0.102762501051386 -0.283218023263736
0.0265702252545523 -0.0434885986960453 -0.177498194590979 0.0888787732227989
0.0169096996657941 -0.0903957060330481 -0.200585425378264 0.476940565784626
-0.00728313825215243 -0.0987022084534439 -0.250570693206351 0.530170319911364
0.0183744725547577 -0.108127797002173 -0.505022562633773 0.568234687353819
0.028168561360593 -0.119244408498733 -0.607446920147679 0.661952563860996
0.0481147015246911 -0.148266098962481 -0.465001640189139 0.58353937957984
0.0544375290857408 -0.120174789304961 -0.179968447960677 0.334322695634443
0.0494090685063237 -0.0845354249605986 0.116253624324504 0.0673671386881187
0.0490505751862342 -0.0715690981649858 0.346535216344508 -0.230886242866682
0.0760904668797855 -0.0693644895051984 0.475118584888194 -0.417235981149857
0.0529331903638828 -0.0543202152070335 0.473167202377993 -0.540824560304638
0.0239680067290185 -0.0231096959843891 0.299090969383479 -0.601651985345658
0.0530037572816323 -0.0191423824319415 0.150950906125743 -0.631138011412756
0.0410601955739871 -0.0499795961843837 0.115102542520403 -0.539604470664645
0.0253401027382703 -0.0445199773498351 0.0745947598867068 -0.274169715482468
0.0160268910099815 -0.100409827911971 -0.203105737129007 0.111823160901329
-0.0353535041241446 -0.107327050762439 -0.250897307443457 0.487988525331944
-0.0295754530429495 -0.0525020303012057 -0.317778930531945 0.517494504174368
0.0610973405583447 -0.0674328145435279 -0.57816832171766 0.529828464772335
0.0687379988901559 -0.137866704651998 -0.66675426085842 0.6090202441965
0.0419362373602469 -0.173794402952864 -0.485163027164163 0.531674778143253
0.0170560276978259 -0.132142746999829 -0.165032829963934 0.298077308860111
0.0107327692742236 -0.0905542110483962 0.141803451575994 0.0311169907544218
0.00337101516345497 -0.0805762737388391 0.357715940366771 -0.269526772723604
0.0414481376512792 -0.091058032390415 0.445940412001484 -0.463054507406706
0.049302712930135 -0.0818143811743178 0.406412623475355 -0.579180335033113
0.0537287836676906 -0.0182480774242262 0.220797032887092 -0.615789630482397
0.0602990925120627 0.0199468750251079 0.086054354438857 -0.626485331610181
0.000255667724243049 -0.0306147237115692 0.0711614955913956 -0.526206233101614
-0.00323601808386329 -0.0841005988987342 0.0533935299063518 -0.25407739290816
-0.00130038306255834 -0.140734994233036 -0.22610190048804 0.145409999453759
-0.0886936448532556 -0.107447680780037 -0.29237182105009 0.49934584988298
-0.0489222263452903 -0.00113601899888865 -0.37278649974016 0.509277691974108
0.0885775665252861 -0.029242653252662 -0.620657183931461 0.504458907661032
0.0846202327600361 -0.148326201170785 -0.690869155208718 0.555803453724032
0.0165299936826888 -0.18439153019036 -0.488911145118328 0.476241960323238
-0.0312834600129511 -0.12779040865535 -0.157983672327833 0.259281676682414
-0.0366845323570478 -0.0830761056071129 0.149930322563106 -0.00195475958745605
-0.0463821116267199 -0.0740306460034264 0.353476009424614 -0.305350537995898
0.00657631158651418 -0.0994866559153088 0.414361747371751 -0.5046916521608
0.0456316960228957 -0.0946739955559155 0.350545138596881 -0.611772643165628
0.0822573750157561 -9.51323981368685E-05 0.167962487509094 -0.626062251856326
0.0634365872717777 0.065945249999545 0.0416640612031174 -0.614031989106996
-0.041294435902516 -0.0100156375968391 0.0392101732712593 -0.512230177313777
-0.0272595553096087 -0.115760546151242 0.0431549083206744 -0.227017940073212
-0.0269947880669212 -0.156271711509586 -0.240404640321017 0.186051059131124
-0.131977172093553 -0.0851592871075346 -0.318642604717234 0.51339000083004
-0.0581551586782904 0.047176231107741 -0.406904339947185 0.512951555073269
0.100617002984366 -0.00650804850715424 -0.628988943036122 0.493520983262724
0.0691097102418105 -0.151811040019378 -0.683988777389927 0.516295829868322
-0.0259242889718287 -0.177552591466916 -0.489800446249152 0.425822601514031
-0.0823737744673788 -0.108129677537937 -0.163911996491877 0.224776919598686
-0.0830497646062661 -0.0638844108658142 0.137635650204976 -0.0276322469507521
-0.0913189917403781 -0.0543451676983039 0.33547825989141 -0.334720262650883
-0.0207972144419783 -0.09417245424076 0.384870825723662 -0.538248630391415
0.0472134739087973 -0.0907889182851367 0.320810259236763 -0.645785096238015
0.105243804180347 0.0333284124206368 0.149117069623677 -0.632215203301446
0.0579772904285229 0.11543836187938 0.0241555928401378 -0.598968938417762
-0.0788119541540452 0.00452560067253561 0.0233868783929316 -0.49468103597098
-0.0433221337263753 -0.136039829128635 0.0409437263997092 -0.194111242378601
0.0550727776885686 0.127239670929404 -0.106529439475919 0.13643592022656
0.111009066935294 -0.0699739700681141 -0.0854438855330785 0.459843926629349
-0.0440506932100887 -0.150502399242777 -0.0448351946566301 0.601065388956297
-0.143518491233354 -0.072970864706674 -0.154423066707055 0.667184767528146
-0.0952963377381573 0.0518604464971834 -0.288148120030676 0.705057352992687
0.0144959569236771 0.0176954256526846 -0.35834373382051 0.620013272540094
0.0606585755538305 0.0145676168770375 -0.266138543683523 0.387653482137538
0.0531756261861872 0.0364261686003819 -0.0619886364722255 0.137787969454055
0.0592710314667438 0.0688803684490563 0.202642755479254 -0.165350094686577
0.0458474578266364 0.0894656589074537 0.462255911327948 -0.33147107374129
-0.0618558309819914 0.085344078145531 0.662640483161093 -0.453177668109477
-0.116526560382438 -0.0133833677717551 0.590688165209698 -0.523415048239735
0.0482727291670092 -0.0747079914464865 0.39264160986701 -0.571778339214508
0.135810692778297 -0.00433684978859845 0.27533390590263 -0.519010342914149
0.0424851847322005 0.131678365650166 0.167517123013318 -0.228063256567705
0.0524226152999227 0.108050910133898 -0.120604156078966 0.108334058567593
0.117643816402022 -0.0672089613362419 -0.0959264182337616 0.454412983301045
-0.0202257166456927 -0.170183330353594 -0.078566026067091 0.585150886158513
-0.128170288250368 -0.113405115215241 -0.220206282322219 0.665275807145316
-0.0899703433835862 0.0103023694893447 -0.340570398941059 0.731114289441459
0.0246526323675335 -0.0193805387290032 -0.367439720833074 0.642249137365739
0.0793363927347514 -0.0237123177299327 -0.239952606288779 0.396416144862196
0.0786839070788293 0.000447540918341392 -0.0195531141213804 0.139051268869675
0.0898729573108521 0.0273712173800346 0.239008899883228 -0.158313349822583
0.0864124124460808 0.0526116553991229 0.476339659861541 -0.325132422617343
-0.0122561660074605 0.0632283571349622 0.633211055927772 -0.452771521454953
-0.0887720416313446 -0.0121400158174809 0.537303832640344 -0.539208314109137
0.0415409676404569 -0.0824598414690588 0.357879177450501 -0.597464570560843
0.133571351475759 -0.0377619841268461 0.257615702342637 -0.538012520290513
0.0593118599163436 0.0988630221707052 0.156892518513304 -0.259791262046508
0.0440038458102227 0.0703018872886492 -0.136311812364878 0.0895859730621019
0.100515366811935 -0.065521205619825 -0.117358604003089 0.456650189711355
-0.000989711979739454 -0.164316231707564 -0.125159834776438 0.565628863578874
-0.0883371391751676 -0.138085723446736 -0.310001489041315 0.648995499046247
-0.0655709147537524 -0.0409100441848276 -0.4219200813525 0.737933153028931
0.0329161939387977 -0.0647235993744672 -0.392917864996751 0.647386466983302
0.085768654001388 -0.0626278717514963 -0.215206359865659 0.389228093053812
0.0864671378017623 -0.0359164793085976 0.0297002319716433 0.125207345100046
0.0987734595780457 -0.0147520815185464 0.279445516964128 -0.171129909353215
0.106986844673072 0.00721298176486705 0.485045665605817 -0.343859991930268
0.0283780020648979 0.0272704760274327 0.591106301482578 -0.474191298308679
-0.0491139146652898 -0.0129461760536327 0.464683091767584 -0.563838884184166
0.0404064521844506 -0.0725106667383071 0.294353655792761 -0.623004379354732
0.110949243936679 -0.0582233544525374 0.215024256191729 -0.548750998865195
0.0623177512763615 0.0514917922490475 0.130892275970312 -0.280826920046005
0.0343285806555314 0.0171632520088754 -0.153728036147016 0.0840198444992731
0.0631613575961633 -0.0729097380323833 -0.150016958878658 0.466977968731914
0.00303987211069518 -0.136964069584152 -0.180612229334141 0.550196392735796
-0.0359320171585514 -0.136193423404994 -0.408952774886095 0.618205306758199
-0.0229091294653252 -0.0872672775119348 -0.515770649111853 0.716964882594
0.0414043074169833 -0.111805060031726 -0.427412566141468 0.630363241376261
0.0765034629317726 -0.0966247400523014 -0.19298461965797 0.368312289402204
0.0753332143230119 -0.0662083938655399 0.0776893309320821 0.0991696332536139
0.0825446176283231 -0.0504054931740466 0.316746712714479 -0.198935470524512
0.101070077427689 -0.0367471159062171 0.484722450863034 -0.379582861327621
0.0490360249075435 -0.0167767276669785 0.535513128881349 -0.509967136519786
-0.00862795719423705 -0.0185362589126797 0.37892162233985 -0.589920753703668
0.045006479565079 -0.0499396791068949 0.220973191272946 -0.633803371716156
0.0785987194540927 -0.0618708297536685 0.163943545420546 -0.551433276611487
0.0485607318322856 0.00113975186964792 0.100149444687756 -0.285282250147446
0.0255268234328733 -0.0437230871512318 -0.175264370338141 0.0922371751138816
0.0156761010448838 -0.0908870034222058 -0.197308933071616 0.481141481292022
-0.00884536818703936 -0.0988056911066876 -0.245847304705115 0.535755667130737
0.0168574728987377 -0.10919876922738 -0.498723586391262 0.578064742417687
0.0270232920706141 -0.120213975530707 -0.599390913703653 0.673197944592559
0.0456151601267991 -0.149527823745101 -0.459013884694644 0.591697089770052
0.0517743391776124 -0.120917122456342 -0.174987968008893 0.339218346576046
0.048394867665888 -0.0846462518798655 0.116348829573762 0.0657413857284227
0.0477005667103211 -0.0722677378007435 0.343535372267383 -0.236509033327574
0.0749615041582617 -0.0711410054852093 0.4697700594238 -0.424607950579167
0.0522112044631284 -0.0550622805358943 0.467392227953875 -0.54910351690433
0.0240659758185112 -0.0231780832721065 0.293156738789882 -0.607404973924191
0.0528952232073511 -0.0200875124344206 0.144962504112542 -0.636655664981799
0.0403048925011782 -0.0508457168387048 0.109546706999817 -0.544048175547336
0.0246971515719263 -0.0448773692625781 0.0702240077908931 -0.276813384408749
0.0154188418361354 -0.101126665083908 -0.201945080792158 0.115383535996516
-0.036998701120374 -0.106087739187676 -0.245989263945195 0.492106248895338
-0.0293098838042333 -0.052936062053909 -0.313737047374162 0.523494359932104
0.059872349425145 -0.0693631399669564 -0.574454149120058 0.539097482826123
0.0672516535689247 -0.138876572089722 -0.658079978842099 0.61873400910126
0.0390631221051626 -0.175085825257715 -0.477801330048531 0.539990094874443
0.014764115904477 -0.132131241286675 -0.161117981137198 0.30073234662423
0.00927864469860198 -0.0902862751137876 0.142530263600998 0.0291709799007838
0.00168146040143076 -0.0800695598349739 0.354243168791742 -0.275112540636091
0.0400479222065079 -0.091595919290345 0.441799710730653 -0.471562693968413
0.047862756758742 -0.0825496069328655 0.399076534822427 -0.586390760477566
0.0539340042584219 -0.0197067562279491 0.214762480665994 -0.622089313577517
0.060640801410258 0.0185059056994422 0.0798298812498922 -0.628987747082837
-0.000950808489185405 -0.0307429430765856 0.0645753326434225 -0.529079819216407
-0.00335773273272807 -0.0846169282274965 0.0496986942799392 -0.255969700329238
-0.00309065308109193 -0.140477761877235 -0.224381977881087 0.149678368486971
-0.0902270731040158 -0.106417212305665 -0.287683067446127 0.503812734629807
-0.0482545521137745 -0.000473364721880108 -0.369284529020033 0.515938123314539
0.088656788835035 -0.0316251524702125 -0.616420989401874 0.515132273871737
0.0821685210700658 -0.149642145647588 -0.683536117419435 0.567678078844078
0.0129171677320622 -0.184881252574044 -0.483252078906914 0.484803102309831
-0.0325412624505271 -0.126534979143504 -0.154794324575216 0.262098269804141
-0.0377105295775345 -0.0825412667672926 0.148812758360804 -0.00343125797211707
-0.0472364620805482 -0.0717643475732739 0.349838753703529 -0.31217448876802
0.00523152499058928 -0.0993610916369858 0.409135417062659 -0.511425393768645
0.044077904650263 -0.0957838165118576 0.342983705852361 -0.6187439913881
0.0823259115546505 -0.000779740562457807 0.160260102538475 -0.630738002065657
0.0636541073083111 0.0648412443072388 0.0346108410892725 -0.617172300306774
-0.0418690651229433 -0.0102736008226033 0.0340482409600384 -0.51390012370082
-0.0285415146128393 -0.115591725563492 0.0395410589089427 -0.228496689817022
-0.0301709100780784 -0.15621887792964 -0.238546905506194 0.191464523752018
-0.13269726588356 -0.0825830556493271 -0.313047488028974 0.518895463587508
-0.0576987664742153 0.0478398322658912 -0.40162968808065 0.521308596129432
0.0998383824122393 -0.00791922599611267 -0.624162841078659 0.503058528763678
0.066365513862753 -0.152462889739615 -0.679403640631093 0.526575676654458
-0.0294615172303619 -0.176790989641289 -0.484136689976932 0.434491772538586
-0.0848679960531043 -0.106287471680722 -0.16141647448599 0.228361987781205
-0.0842262230640704 -0.0619980000914563 0.13630642940505 -0.0289742985364775
-0.0911324503262179 -0.0519873042917814 0.330582783755023 -0.339873163879388
-0.0235709742346463 -0.0943787264599426 0.378712706549145 -0.544067574171571
0.0462033150633356 -0.0913319385635157 0.312377939839676 -0.651042740326825
0.105421787343727 0.0317987822891999 0.143492234646291 -0.638576944207669
0.0596043077286513 0.114154557407266 0.0158333439060483 -0.601227437181046
-0.0793846985227824 0.00460856568511018 0.0162418375023773 -0.49689823729408
-0.0449649207139244 -0.135822900545075 0.0383379133307627 -0.195203505160346
0.0560615631392921 0.126811235250477 -0.104767514770917 0.138862374037417
0.109454581839683 -0.071341436084348 -0.0803096912794967 0.462827042750815
-0.0458776514770881 -0.150003575447603 -0.0383941830921088 0.602748640589188
-0.144761852456042 -0.0711148863228378 -0.146443618698768 0.671420654148553
-0.0938363050716747 0.0535988858370246 -0.279085735146766 0.712032156208568
0.0136036146159537 0.0175581952580047 -0.350083277248796 0.626590499027059
0.0606731746043339 0.0122729158087036 -0.2609387654387 0.392209866040756
0.0547138969568259 0.0361138597133472 -0.0607771938273537 0.138979541753575
0.0602540938801745 0.0680789151742221 0.199767997070751 -0.167671086501345
0.0464994295930098 0.0880878026326484 0.457974346500662 -0.337519420453017
-0.0596632133361578 0.0859198898910421 0.657788551894056 -0.464115263639424
-0.116097991935059 -0.0119903555399192 0.58508323710329 -0.532495556145352
0.0456967794552386 -0.0757087980398253 0.388026601655328 -0.577024682058557
0.135161357845814 -0.00648962585317102 0.270702146211158 -0.524743092428976
0.0443703820799652 0.13157383822783 0.165082945496152 -0.231194995333056
0.0543917238573232 0.108297421993705 -0.118473907151931 0.110089731872123
0.116209274345328 -0.0687629136429659 -0.0919279064042157 0.45734912363649
-0.0225448040005619 -0.169864903563768 -0.0718448498586945 0.586075113584076
-0.129106988040015 -0.112316626511986 -0.210558647082883 0.671957442235043
-0.0897795125139291 0.0107731728628907 -0.330557608817284 0.73765025131859
0.0240940490687154 -0.0207393391330567 -0.35864291721074 0.649184094245441
0.0799065223260051 -0.0245790274625939 -0.234380929607316 0.399028538897303
0.0797175929408613 -0.00084638375812619 -0.0186761491427772 0.139827412638063
0.0909986843957891 0.0264899956458332 0.236346228379699 -0.161761804455935
0.0875080449514713 0.0507455397347483 0.471662626831797 -0.332909068285603
-0.0115088166461242 0.0632654834561708 0.627078237158822 -0.461941291612628
-0.0879145187039691 -0.0104463707599152 0.53119866514799 -0.546906460922277
0.0407478009375337 -0.0827352527764626 0.351652226453841 -0.605137679348981
0.132370646812748 -0.0398183952998344 0.252347379112983 -0.541547910520633
0.0608478876862224 0.0979720685659842 0.153032105393924 -0.263384891520522
0.0455267147984652 0.0701256808120064 -0.13557815283974 0.0919416595026733
0.0992281316440348 -0.0666601728697821 -0.113606309829797 0.458510781488386
-0.00346144860162757 -0.163732735075399 -0.118948098306066 0.568975171454802
-0.0903260071698467 -0.136753994135228 -0.301478796241449 0.655426813928792
-0.0668904948273526 -0.0407747078251269 -0.410817193431977 0.746773460915606
0.0316582925426052 -0.0654335277239124 -0.382436591359841 0.654325025003105
0.0844419527886438 -0.0640619349298734 -0.210046554811202 0.393378271303361
0.086043630377941 -0.0379387476004877 0.0296249641464766 0.125573469733014
0.0979887620367467 -0.0162225190158098 0.277111504513617 -0.174675471638016
0.106125022942283 0.0049534041868587 0.481547916781143 -0.35199174150675
0.0285552680341994 0.0256656872199358 0.586892823864496 -0.484324379621644
-0.0494659980327846 -0.0124618767232203 0.458141789096528 -0.569883072646166
0.0387660267664739 -0.0726578698563674 0.288594902812965 -0.626734760139791
0.109701225692702 -0.0599126903307794 0.210352759058496 -0.553717937196406
0.0627942046159838 0.0506756665907562 0.126668674719117 -0.283480949419946
0.0345569339885782 0.0163610708993388 -0.152877730924531 0.0867048453544266
0.0614705806289502 -0.0727875396958848 -0.14528539580814 0.47050509705577
0.000648286430577863 -0.137937668001577 -0.176106205976443 0.553869703042624
-0.0369238117919308 -0.136715682835587 -0.402000448438414 0.624545371515292
-0.0242753447228753 -0.0880077849095809 -0.507010017721595 0.726753683625286
0.0394151722054424 -0.111872191188078 -0.418828916549578 0.637896848983852
0.0745949802508948 -0.0974356744263896 -0.188681056455142 0.372797913172319
0.0750108520789112 -0.0672250418321856 0.0773886815775587 0.0976927065047106
0.0824202868412684 -0.0512350274124113 0.313770837686913 -0.203733316511691
0.0995824075183832 -0.0387708166554092 0.479331237337735 -0.387554629725226
0.0495500231083761 -0.0168927512819417 0.530204957218359 -0.519233904968712
-0.00933657880384029 -0.0179678533731733 0.372524349364893 -0.594090154603549
0.0446388841591092 -0.0519971128094792 0.213349279341719 -0.638304261075146
0.076837312135123 -0.0625303291519774 0.15751872973452 -0.552721436009078
0.049498433782659 7.41476370552194E-05 0.0961953245910881 -0.287776375151875
0.0247923823310887 -0.0441904054992406 -0.175467310869922 0.095733839742199
0.0146211206135381 -0.0905510051734964 -0.190661528098113 0.484215626266925
-0.00960242535458552 -0.0993152462114192 -0.239681220262223 0.539980116775625
0.0157626205840369 -0.110752425661137 -0.491261122928423 0.585331075241303
0.0246634313477951 -0.121249078344816 -0.590535339887401 0.682961873698915
0.0437344723065958 -0.14982431776498 -0.451020970587575 0.599025211575191
0.0499220902543459 -0.121381509881317 -0.17028218022081 0.341667144798354
0.0473729070962217 -0.0850403663245882 0.117193643686783 0.0637884298797346
0.047128251878809 -0.072878855847779 0.339652270098458 -0.241141089035679
0.0739292484499166 -0.0721204759187622 0.464847544107725 -0.432149640950611
0.0521301940159097 -0.0564599622908213 0.462180636731516 -0.558142185713626
0.0247154070978986 -0.0240544033089798 0.286157691614986 -0.613786992281254
0.0528809666688774 -0.0213810495134357 0.135761216904669 -0.639418293657561
0.038580844670726 -0.0510825669836993 0.103812934748818 -0.545974419776316
0.0249087718605902 -0.0452338072447088 0.06703831419165 -0.278445560188091
0.0143526922181826 -0.10052367867882 -0.200385863586038 0.118399432986272
-0.0382487879849015 -0.10621532994626 -0.24062852308012 0.497731278164537
-0.0296119627297226 -0.052139662702863 -0.309043263617611 0.528268483834878
0.0590249495812516 -0.0711037935521266 -0.567893339311011 0.549278530313753
0.0645312373119807 -0.140905453499346 -0.652492219561874 0.629793960477506
0.0355688351713533 -0.174861628464263 -0.470137854981927 0.54709234720255
0.0132017817811215 -0.131583118389656 -0.156221205180351 0.303518588075928
0.00816833353188349 -0.0902558379762482 0.142384324334932 0.0274259622894551
0.0021330131065442 -0.079452353956309 0.350519164920092 -0.281580717770718
0.0383916056465643 -0.0937376810043539 0.434956130554255 -0.476947874098031
0.0469733325246561 -0.0840859529764171 0.393778879868561 -0.594582733956225
0.0549555371132197 -0.0196625429094976 0.208114698302636 -0.626969573330656
0.0607164393233685 0.0174153549318743 0.0714077644168435 -0.632340823926041
-0.001168356955582 -0.0314018596924266 0.0580436366735465 -0.531078206430735
-0.00397620412225192 -0.0841748112855993 0.0461902166402682 -0.257292429696516
-0.00511010167908321 -0.140508532314913 -0.223444122824049 0.154278787518308
-0.0916617710808582 -0.104998045923234 -0.283589301632316 0.509539692426027
-0.0479729072727069 -1.59762503681091E-05 -0.364982356944443 0.522655506113685
0.0881821404917243 -0.0337162875936852 -0.611162076530882 0.524424860174128
0.0793654143612266 -0.151699071522669 -0.676054876851554 0.579246633750712
0.0106390044584553 -0.185172516834033 -0.477574463659559 0.494493659836123
-0.035069422668002 -0.125584838184267 -0.150413148001705 0.264812829135998
-0.0384486474314559 -0.0811464270698743 0.148716342962166 -0.00634082625167394
-0.048894297740981 -0.0711198671687217 0.344500587804431 -0.316310850045408
0.00276952336153406 -0.0998356998884786 0.402334313236504 -0.518091623347039
0.0428189329814933 -0.0962576949776146 0.33627042660213 -0.625493736987032
0.0834438702375251 -0.00253456530733847 0.151991117722812 -0.633873537722766
0.0662738188894721 0.0636256041431339 0.0252370633861647 -0.620940678986133
-0.0414997406683993 -0.0097281702186452 0.0276997878503714 -0.516391515573039
-0.0303502408564534 -0.114636593444517 0.0360590207823042 -0.229314958622516
-0.031231521508636 -0.154777348446465 -0.235733989993049 0.195233788834784
-0.13469819588005 -0.0809553579682072 -0.306172425693417 0.524219132729079
-0.0573541841495501 0.0478739001579091 -0.398078714369192 0.52735630832332
0.100166612673826 -0.00998380649962968 -0.619137680985166 0.514562037120435
0.0639565881312371 -0.154201680723521 -0.671604616028878 0.535179207575015
-0.0321891830297458 -0.17535696186694 -0.479585456673227 0.441760876742777
-0.0860719498911346 -0.104950070382523 -0.157428226523859 0.231242304924117
-0.0852230704060872 -0.0605010351641857 0.135810735685153 -0.0315161469756221
-0.0931109801150669 -0.0501566652112474 0.325575561875009 -0.344829007967891
-0.024301189018672 -0.0943432402608205 0.371487508782745 -0.552095723696309
0.0443236592555153 -0.092191985713393 0.30397324646905 -0.657541903284433
0.107061880484975 0.029774922338406 0.135200675401069 -0.64131423058103
0.0613747608770066 0.112733250861668 0.0100919261833286 -0.603445363913212
-0.0788622555146527 0.0056691349858287 0.0112924040926136 -0.500135233609995
-0.0464391393921878 -0.135246941575889 0.0356366729896992 -0.196261167617946
0.0576474382409421 0.126021800474113 -0.102434090174847 0.1400025904044
0.108080755906251 -0.0717908788729871 -0.0741632342634094 0.464009889485122
-0.048746599695584 -0.149234849448627 -0.0311692114635854 0.604678188743283
-0.145844291980795 -0.0695889298610093 -0.137408496247451 0.67401158259988
-0.092496262831686 0.0542008935699074 -0.268476157734565 0.715651636740647
0.0131737461293525 0.0176065121489528 -0.339720790228505 0.631412044717827
0.0599242320027309 0.0114113849849618 -0.255119057107911 0.396957265574702
0.054704169238921 0.035089135395985 -0.060166882578266 0.139870500884431
0.0616730681762513 0.0668641480263747 0.196404832468925 -0.169842438854956
0.0472808966769976 0.0868451893831896 0.453525128333449 -0.344208772661294
-0.0588615881042452 0.0862270121063637 0.652965204351008 -0.473558153290278
-0.115887483065554 -0.0101416683312107 0.5793697822884 -0.539644874384452
0.0447959370201553 -0.0760925009927235 0.379992890640746 -0.581174691537503
0.134364423001037 -0.00854785466683689 0.264498822968346 -0.530366078301841
0.0459877913695833 0.130525348442865 0.161379555387883 -0.23474797832059
0.0551302909893388 0.105951012274994 -0.116933656907259 0.11210832009145
0.115090356375416 -0.070296819672638 -0.0874207922300118 0.457676196557966
-0.0249114832075118 -0.168715670391429 -0.0662673008279927 0.58906822231532
-0.130597012544321 -0.110548850150056 -0.20246051078386 0.674254459672111
-0.0886748644070849 0.0120083909362438 -0.320868034905796 0.740599788584925
0.0226280499054289 -0.0202850390664114 -0.348184597208583 0.654335151588603
0.0788574621602395 -0.0258551018238666 -0.229209931697921 0.402817439573098
0.0795292590869432 -0.00187935010517767 -0.018118126770141 0.139815982389798
0.091783662209987 0.025086267769591 0.233378895567568 -0.164318067074428
0.0879335832569353 0.0478197686099374 0.465818204943929 -0.337331661579792
-0.00944900015697744 0.0620481732639458 0.621051110916967 -0.471436566766746
-0.0878930325669295 -0.0093002984846229 0.524853216820274 -0.554946506062424
0.0387108364043478 -0.0836495991957117 0.345132734686457 -0.60924032808502
0.130416758776814 -0.0413106219584804 0.246355666765012 -0.545794829982301
0.0623263589195927 0.0964084350379522 0.149336724597382 -0.26553226507774
0.0461685099182797 0.0681803366582896 -0.133396769928578 0.0939910239133054
0.0970545745960039 -0.0673347018322676 -0.107309307769697 0.462078771825129
-0.00517247767329308 -0.163836610682696 -0.113593697410623 0.572086910098609
-0.0922328736212273 -0.13624732028327 -0.293525106870867 0.659858155069991
-0.0663984622639562 -0.0396316294399297 -0.399381193232923 0.751433116957456
0.0293445642020751 -0.0662215946465872 -0.374478887346729 0.659463000676254
0.083055590285681 -0.0647027202521206 -0.204745403666986 0.395167111404823
0.0854464653667653 -0.0391174892740127 0.031362489462077 0.12432776149851
0.0978560076536203 -0.0172929550233453 0.274145058494841 -0.178889729573508
0.106344641721594 0.00306603420915588 0.47739399510747 -0.358606100803088
0.0295869683790567 0.0247872426247783 0.57921617795113 -0.493130843083974
-0.0477006450664371 -0.0113849194883865 0.45098226244425 -0.578085553551903
0.0386976028259237 -0.0735010740935898 0.280785735570598 -0.633107131528897
0.108521042982375 -0.0615190125585421 0.203123766988186 -0.556246165953006
0.0637850859697309 0.0497353660936207 0.123062223846251 -0.285712556514261
0.0352501778628024 0.0158931417736886 -0.15133320341262 0.0895304638788211
0.0607718253485597 -0.074200108294172 -0.139493744776329 0.471594284638003
-0.000609684681126155 -0.137098832683187 -0.169459883941402 0.557727319327396
-0.0389443690759485 -0.136291995134035 -0.394358775994115 0.630638234150856
-0.0255653120933251 -0.0877636023672045 -0.494434281633119 0.734772163905546
0.0370494520240768 -0.112843933613905 -0.409791602986506 0.644903000699067
0.0723282925853478 -0.0987259345318547 -0.183418769943868 0.374784284402781
0.0746103473256263 -0.0679441739915729 0.0787003193004578 0.0969178359375009
0.0807845323450488 -0.0518694357565251 0.31057475484095 -0.208053198840718
0.0993554870985541 -0.0407033358491294 0.474509453326358 -0.395139948331566
0.0496287788726195 -0.0183563395646462 0.522908937728085 -0.526800563667389
-0.00840800279434593 -0.0183179024924542 0.366096507484633 -0.600937466536033
0.0438129116555179 -0.0518864793990002 0.205772255753384 -0.641313747669578
0.0764769651221911 -0.0641168963570402 0.150386050924961 -0.557381543914773
0.049357417467648 -0.000219783195131721 0.092115543556804 -0.28971799051899
0.0250703996622176 -0.044468769654369 -0.173662607107043 0.0992123720228014
0.0134023118709801 -0.0901529688320682 -0.185120761421895 0.486571127167765
-0.0107255387449322 -0.0987695300166228 -0.233967378621258 0.543024856750338
0.0143979517002802 -0.111287756620513 -0.484372006657043 0.593180032551977
0.0229826873789016 -0.121181169841153 -0.580202208537979 0.690822451333131
0.0407790939620114 -0.150311019328994 -0.440261720380981 0.604890418631599
0.0482460904029794 -0.121010066529001 -0.165438288174418 0.343911334835186
0.0473591607686121 -0.0859499013354355 0.11663048607266 0.061696122305151
0.0459987086675903 -0.0738998580016024 0.33569696989244 -0.245950738450478
0.0725633349603385 -0.0738786063799754 0.458424334643023 -0.44057088729843
0.051613764269022 -0.0576510093911992 0.454465931982157 -0.565122486916479
0.024839549195615 -0.0243014828391639 0.277191684579383 -0.618345428077013
0.0525644779139466 -0.0227085079307526 0.129306079021649 -0.642295732369091
0.0381601885492029 -0.0528054157951915 0.0968312338758638 -0.548585314590074
0.0238420662144442 -0.0461733738678467 0.0626906682093172 -0.279114307587388
0.0130028902520357 -0.100439956479406 -0.198447886878994 0.123087525654838
-0.0387791412617944 -0.104838405244565 -0.235520326655104 0.500198580825668
-0.0305841266611946 -0.052205087701844 -0.302486101811551 0.533426442025543
0.0573970518486058 -0.0718917206761954 -0.560484125249186 0.558033249770042
0.0629481813755142 -0.14252783240673 -0.643013000283417 0.63915988233959
0.0325101895927213 -0.175089547773237 -0.460415135534586 0.555599236496472
0.0107263948121005 -0.130535124320406 -0.151866064217372 0.305283191322602
0.00730809490481438 -0.0900825776551674 0.14193942490837 0.0252124322947441
0.000460342113723181 -0.0792396492486733 0.345091792988102 -0.285724202441305
0.0370227920637827 -0.0941903337742481 0.427865431773321 -0.484991856240743
0.0459857462042398 -0.084974143347078 0.385176123156915 -0.601394679801051
0.0546368599400029 -0.0202069107206419 0.200984240058531 -0.631611119256959
0.0610477081944879 0.0160672712569794 0.0643209667647548 -0.634610842548973
-0.0018475815750027 -0.0318445190079545 0.0522863732057128 -0.533116014691091
-0.00527008335627683 -0.0847383310740218 0.0431760552453168 -0.258654715157338
-0.00658056366585886 -0.139698702812722 -0.220969557744777 0.157938506773533
-0.0921176221742828 -0.103149993401701 -0.276786671249284 0.511619577897724
-0.0480465057717717 -0.000174415699117268 -0.35884972894415 0.527888112090473
0.0880019981940474 -0.0355320149685991 -0.606261725630632 0.532036733273546
0.0772989595727469 -0.152052978475798 -0.667865274763953 0.587337321547773
0.00638363288126733 -0.184062644467858 -0.469565812776177 0.499999449459614
-0.0368360264071562 -0.12388479665724 -0.146803440699418 0.266619408422455
-0.0392969153174157 -0.080673407581189 0.147619612006869 -0.00751988003961306
-0.0491294730573392 -0.0703777829091214 0.339177829939062 -0.322404716738798
0.00116449466328572 -0.100404647543872 0.394021535981508 -0.523983677843311
0.0416473845510374 -0.0969865896752089 0.327633915779835 -0.631167381470656
0.0832454437467809 -0.00326882607703712 0.144387939851627 -0.63737294853542
0.0665354425966911 0.0623761448893242 0.0184971470650223 -0.621660803870663
-0.0415806516536953 -0.010069833301683 0.021659626974657 -0.517992761542902
-0.0307261708449674 -0.114482200202107 0.0330819496267271 -0.230643390176601
-0.0325002277300714 -0.154103454676944 -0.232834753295803 0.199623912551631
-0.134883911513522 -0.0788405105445644 -0.301553023070566 0.527478123402096
-0.0562802923701974 0.0479047841855539 -0.392796869945869 0.532452113485802
0.0997994508515024 -0.012335016647454 -0.612900201746794 0.521478079950936
0.061059263218146 -0.154835264760418 -0.664412707057927 0.544188932115776
-0.036053018487546 -0.174606945782222 -0.472032746974029 0.449561920835897
-0.0882526143297441 -0.102529691572568 -0.153959047094435 0.232551868251283
-0.0854916497792336 -0.0583807580325607 0.134370731674541 -0.032698309156609
-0.0930499330330381 -0.0484199083284593 0.320013388101315 -0.350372504732843
-0.0268619526043787 -0.0939392369332841 0.362525791737535 -0.555419470036026
0.0427360073469176 -0.0929243691270046 0.2960412309501 -0.662133248160093
0.107934932405742 0.0284731102014699 0.127683498307902 -0.645447818013715
0.0630725059813204 0.110661210705291 0.00112908370027802 -0.606096801145581
-0.0790831218663803 0.00627813426645688 0.00480860418508393 -0.500557985320702
-0.0480342982771931 -0.133652151560933 0.0333333493641462 -0.197811647747962
0.0593471265674941 0.124120147516575 -0.100434849578713 0.140723729921864
0.106212395168804 -0.073532652256744 -0.0697414469828576 0.464840613195775
-0.0502073339044477 -0.147336079873806 -0.0250996430685572 0.605578748229841
-0.146059392201207 -0.0671370941662042 -0.12894630025311 0.67661341702829
-0.0915005649716038 0.0547452184197712 -0.256663994404797 0.718004336300999
0.0124545575007402 0.0167254166638072 -0.33019755440192 0.63517006263166
0.0601158449543826 0.0108116644781 -0.250195322978014 0.399632097676908
0.0560821767350522 0.0345630384225867 -0.0585901428849211 0.141676101398235
0.06210992402235 0.0665440078171059 0.193825522380525 -0.172598268989437
0.048002894297828 0.0844472938323317 0.447490800904444 -0.349450336472519
-0.0574541960103509 0.0864234034047143 0.645040028056011 -0.481802629964785
-0.115503222600595 -0.00821693061659462 0.571227630485716 -0.546391092396527
0.0443753462962363 -0.0764918108566328 0.373254922596473 -0.585207011941202
0.132276198166291 -0.00988238838603316 0.259367329397071 -0.531652564769277
0.0470144550001807 0.129066319020075 0.15788001105578 -0.236874630765935
0.0569290953275097 0.10477075399507 -0.116101806863192 0.113897151407671
0.112815126882427 -0.0710239173380458 -0.0806485004008585 0.45835341273978
-0.0272331647046235 -0.167647652122445 -0.0598227955443442 0.590022914220324
-0.13196945212928 -0.109260070242494 -0.195259186958763 0.677823005562113
-0.0891527101396095 0.0117253386076789 -0.310688522760954 0.746727267661228
0.0219557643375322 -0.0204716366090133 -0.338851293219159 0.658559004993127
0.0774418267221093 -0.0269886164317453 -0.223577333227123 0.40537442209335
0.0791793023610465 -0.00358441727861228 -0.0163388285674823 0.140254545354583
0.0910448585745822 0.0231331270107712 0.229764796357955 -0.167099548525298
0.0872399219774548 0.0460237865252586 0.460217495132588 -0.343723301767784
-0.00781899614464298 0.0619027204798333 0.614712300882165 -0.479805092364699
-0.0867978371219516 -0.00853806744192577 0.517362475335668 -0.561644262461754
0.038024321599672 -0.0840143979733918 0.336855948395409 -0.61290840262941
0.129274488193873 -0.0429380233941363 0.23913607160149 -0.54958748700058
0.0628317318518641 0.0955825754432302 0.145117002826981 -0.268012640621648
0.046919984578758 0.0674521593821762 -0.131294733509586 0.0965835396822879
0.0960050192728218 -0.0684530395326812 -0.102973811989972 0.461276317112518
-0.00855636632506586 -0.162713969057764 -0.106044698891126 0.574027796413715
-0.0937376005194515 -0.136296938753335 -0.284488531836053 0.664782186362349
-0.0669552497557474 -0.0392446970362832 -0.389527159485781 0.756497437919578
0.0275671571884057 -0.0665208480060325 -0.362585747380371 0.66604258164757
0.0811471091449578 -0.066024957193318 -0.19959313075425 0.398337932413193
0.0865284571738091 -0.039449418130232 0.0312787104224746 0.123781858895517
0.0974404971161321 -0.0185796896946216 0.270787521223145 -0.182521189554441
0.105075071905524 0.000167600901978912 0.470492472567329 -0.364336558849124
0.0305282141132638 0.0239425038593289 0.572615901750757 -0.502023505555196
-0.0477991647314843 -0.0105916647704801 0.443271658357717 -0.582669083643003
0.0373985983992082 -0.0747766125329726 0.274301546379636 -0.634596856282838
0.107438192177937 -0.0627282771491314 0.19790619539471 -0.559611580692961
0.0642304488990643 0.0484571487123568 0.118580666255534 -0.286659129341713
0.0349931219601358 0.0146783513497649 -0.149954249371138 0.0920078410329954
0.0597049592567995 -0.0741050148438671 -0.134881491606486 0.474382383844399
-0.0026796072063769 -0.137487505823336 -0.164633158334798 0.560243649459631
-0.0397048151390217 -0.135822708794815 -0.385287121721822 0.63707646933281
-0.0254302487948271 -0.0873950626283957 -0.48439274854441 0.737410715505879
0.0344762864141009 -0.112682530981496 -0.39886997191669 0.648731724154109
0.0700634611113097 -0.0989286901103802 -0.178022611944088 0.376254914826837
0.0741340934813917 -0.0689745899524865 0.0794331371602921 0.0951278061258841
0.0803200478285366 -0.0524236114126742 0.30677237903186 -0.213322833264641
0.0985539986922612 -0.0424155575601892 0.467678059549783 -0.400750188390384
0.0495406247180644 -0.0197119059167 0.515085233873537 -0.533730491278753
-0.00855021254800316 -0.0180984949508484 0.358965947019172 -0.604999455443338
0.042840526478831 -0.0531215567026896 0.198114965828751 -0.644098628042924
0.0744621369250593 -0.0650280989312194 0.144567195803864 -0.559291519391174
0.0492625148465613 -0.00099967836637156 0.0876881963527545 -0.289643248291052
0.0243566344899797 -0.0446559765092943 -0.171999896421364 0.101454871230844
0.0126189457463647 -0.0894779270758721 -0.180101396632112 0.487670756519044
-0.0126089312100137 -0.0985634167359548 -0.228129496061658 0.548160593687587
0.0124003186545415 -0.11095493235467 -0.476966123129336 0.600479632137274
0.0214981519811199 -0.121870785148702 -0.57008031882093 0.698408547647951
0.0374860362118034 -0.149896197981711 -0.432920412428327 0.610210719292276
0.0461201649427614 -0.121291726834938 -0.160800601529879 0.345130598744987
0.0462069113404654 -0.0862500809938487 0.116281331638657 0.0606469213346438
0.0453586016824138 -0.0742591767901457 0.331476311951502 -0.250430318481138
0.0706760909594385 -0.0753801588386553 0.451029553077077 -0.445003937840254
0.0512812534340372 -0.0585103108402833 0.446997974327781 -0.572295212987673
0.0243775561682382 -0.0244502323413052 0.269901207836036 -0.621150970355284
0.0521279872638677 -0.023430289005932 0.122966150672038 -0.644351963013098
0.0369283940643267 -0.0531046040435534 0.0914531540074207 -0.55048422119272
0.0234870211773257 -0.0459671809947187 0.0591969903138479 -0.279631606968674
0.0120964495360095 -0.100665916316847 -0.19608412218336 0.126270636232465
-0.0400854611546953 -0.103956572347056 -0.230145686590899 0.50323499954438
-0.0301706411402095 -0.0521713779669139 -0.29836600473417 0.536324890911897
0.0569556829956087 -0.073380051973082 -0.55365523411986 0.564541361790992
0.060607127710282 -0.142690543259901 -0.634381128138908 0.645728608894958
0.0304056938497893 -0.17500732604941 -0.453672046665612 0.559029745820083
0.00792835526635425 -0.130480308870451 -0.148954133429644 0.307145992143026
0.00622209978844098 -0.0895632525610978 0.14091747957012 0.0233815397514921
-0.000676034794539504 -0.0793168375871808 0.339318030970622 -0.29042715023499
0.0352997855051611 -0.0947295142313228 0.420627191822168 -0.490433840373394
0.0448620909291763 -0.0849976838365745 0.377573212953488 -0.606231782138984
0.0551907458325243 -0.0214916315041791 0.192709254732191 -0.634553114438192
0.0613682606084664 0.0142588707620526 0.0552100085633437 -0.635779776980561
-0.00209618960435596 -0.0318421532034345 0.0464357482595257 -0.532669884079583
-0.00568986762247888 -0.0837698461836131 0.0394125394824084 -0.258946579236576
-0.00782190431602207 -0.139194324114217 -0.217894917543872 0.161323859830518
-0.0928982962700624 -0.101570334767134 -0.269917681596556 0.516891935853262
-0.0470920252441882 0.000435177027944496 -0.353653461507237 0.531872596226178
0.0867508060311888 -0.0368359549527383 -0.597379568063174 0.540478471380374
0.0746688655156005 -0.152737965187898 -0.659301605932164 0.594734482941803
0.00381507830452014 -0.183260594027078 -0.461881286926008 0.505361980273228
-0.0380978089004576 -0.122551880621406 -0.142139239056286 0.268379993236554
-0.0401669182289185 -0.0793181389686892 0.146411475432685 -0.00954516786298373
-0.0497848671316353 -0.0690796041838713 0.332464616663962 -0.328328194589983
-0.000153987106617931 -0.101005715053645 0.384640245913072 -0.529699585245494
0.0397841767147848 -0.0977585822985598 0.319328083593378 -0.636695920721892
0.084027472376323 -0.00506155646531476 0.138106318932764 -0.640736100593437
0.0673469780516772 0.0604153454355174 0.0115381390081243 -0.621996394553608
-0.0419693195815212 -0.00956320453261775 0.0152905470288789 -0.517959764357681
-0.03205868689182 -0.113635281112288 0.0298770607740368 -0.23046542058357
-0.0342812788546586 -0.153162943104125 -0.230429584174254 0.202677046196321
-0.135264575596869 -0.0767394058450696 -0.294995119117579 0.530160243778213
-0.0553848228940019 0.0492682308232024 -0.385223470305935 0.538061697349934
0.0991406487359093 -0.0140303780616957 -0.606415127143974 0.529590424396283
0.0582117337272485 -0.154974347275 -0.656238936283206 0.553227849118019
-0.0381847094736936 -0.172953773936569 -0.464396348345318 0.45421305538905
-0.0890813901032991 -0.100046796925964 -0.150629604421817 0.234277452738531
-0.08572604264026 -0.05732718160174 0.133572547299538 -0.0342111616655701
-0.0935927447268314 -0.0462651257336385 0.314878897170865 -0.354784444452997
-0.0285903240658147 -0.0932015656189232 0.35564415806064 -0.561924187307332
0.0415686361323897 -0.0933182039856965 0.287051267775321 -0.667262987624931
0.108804674711534 0.026615603663539 0.117736022444088 -0.646609919548885
0.0643857399485637 0.109516655266451 -0.00478682735070538 -0.605964557233707
-0.0778268690278542 0.00603189398950841 -0.000843900639254676 -0.501983847715365
-0.0494803661030307 -0.132486809859318 0.0298100146070021 -0.197409225012453
0.060104595117572 0.123285235823256 -0.0982403245982484 0.142332185784106
0.105002999909484 -0.0734136296577769 -0.0646598701596831 0.465275879692965
-0.0519996942890317 -0.145711144411531 -0.0199806949121811 0.605196077726307
-0.146727163231047 -0.0659982179082644 -0.122047669905503 0.677836879713039
-0.0903203982360696 0.0556753274557163 -0.248994244575671 0.718794770046372
0.0122240490603383 0.0168018535040003 -0.321654431092616 0.639283789581018
0.0593438290851779 0.00972926997316916 -0.244017965036802 0.400476040459685
0.057143020236209 0.0335931445894357 -0.0580201365678119 0.142375700164174
0.0628487832028413 0.0654122428949428 0.189885222074204 -0.173246709160035
0.0484780137048332 0.0831099534623784 0.440880591981322 -0.354541789887248
-0.0553120670421436 0.0868607536825229 0.637144514224545 -0.489729208905932
-0.114373588685378 -0.00630275392692658 0.563525286265658 -0.553473252481689
0.0428759609471537 -0.0770285019580129 0.367298354298732 -0.588642758513011
0.131109731121263 -0.0115109615892872 0.253342677619808 -0.535296157293493
0.0487061230375963 0.128185193707363 0.154311545002826 -0.238984442503382
0.0575564914643677 0.10370464970432 -0.112940828368895 0.114864428057854
0.111370654698384 -0.0714683175531065 -0.0774979200203123 0.459249574069489
-0.0292109739185635 -0.166314163668241 -0.0538613181192954 0.589619678133889
-0.132891211233526 -0.108025386561794 -0.187585778520891 0.679241755991921
-0.0883013749698028 0.0125421802244046 -0.298426017457345 0.748080927405962
0.0212752211588652 -0.0212257524845419 -0.327278075722368 0.661180952204067
0.0766547738529338 -0.0280262677207605 -0.218102955766128 0.407821040876424
0.0798559437006845 -0.00489340384904303 -0.0151051402895875 0.140018247077029
0.090928452156936 0.0228236943224987 0.226277570199647 -0.169945912908912
0.0876073751143276 0.0443393855511212 0.454563218806576 -0.349772241349579
-0.00694487215528206 0.0624125926822843 0.608682326642911 -0.487330158230882
-0.0866102091516622 -0.00667177096225452 0.511018234703955 -0.566247147164082
0.0370753596211521 -0.0845511228952403 0.329991677640719 -0.616393819970007
0.128014608528227 -0.0447397379827342 0.234325290566633 -0.552489931868494
0.0641844497789396 0.0943247779261207 0.141428408177979 -0.269509564744898
0.0474947859802329 0.0669204151805491 -0.130389813235856 0.098148639748345
0.094209663023772 -0.068585805526495 -0.0980474148559287 0.461201686503948
-0.0102164795265461 -0.162194905376825 -0.100921367717424 0.57544450758817
-0.0943599647922311 -0.134588552375398 -0.276416109514637 0.667386302849069
-0.0677032434257863 -0.0387044700438292 -0.379146192993146 0.758216480443248
0.0269466642181496 -0.0663915595973171 -0.354170879917026 0.668128404135728
0.0797397354540264 -0.0666957940239259 -0.195114435165904 0.399193389998545
0.0853804870381355 -0.0402142134611371 0.0330160886564166 0.12367870352446
0.0965884798342437 -0.0197751013920617 0.267586164422728 -0.184709930810872
0.105690831626511 -0.00137808768978487 0.465585627641387 -0.370661299430285
0.0311169284742974 0.0237145076645282 0.566343956514992 -0.50762297969318
-0.0469926733254832 -0.0109290284031464 0.436461739699128 -0.586448915734791
0.0367152140387763 -0.0749539614478409 0.266058128750362 -0.637572583600805
0.105349559982998 -0.0638092684543907 0.192241834042459 -0.561441110180084
0.0647717464501696 0.0472792200703887 0.114539122330873 -0.288652696729371
0.0353326857872711 0.0143445077190718 -0.148447976297246 0.0945712866006864
0.0588085196067166 -0.0742533925302147 -0.129841011584663 0.474164585336927
-0.00334516987651715 -0.135887414075595 -0.158949043608995 0.560079950803288
-0.0410097080406666 -0.135790062109193 -0.37581363655048 0.639976921515845
-0.0278420494563412 -0.0872134933493568 -0.473775216087986 0.742814580047911
0.0332679323085161 -0.112586042369354 -0.389061401340626 0.651590685335126
0.0681479682398494 -0.0998205385098936 -0.172903255835293 0.377768299839818
0.0730211660909216 -0.0700907632000239 0.0786258791053944 0.0940908126466047
0.0796093201481787 -0.0534394079570065 0.302821818579414 -0.215878749856717
0.0965515183585177 -0.0442600058533395 0.461460741632301 -0.404684328939261
0.0491434759716959 -0.0205247245763695 0.507664511112477 -0.539654047114947
-0.00805204257439093 -0.0179486956441229 0.34987987714883 -0.608277491247268
0.0428872224488748 -0.0533966483363189 0.191469838992212 -0.647213133663798
0.0729838842625599 -0.065872701404245 0.139403389200197 -0.560512743752627
0.0493948960166694 -0.0016806183947452 0.0841084750480443 -0.291187768724731
0.0241041350456257 -0.0451367941299144 -0.170522549038136 0.103839876573746
0.010897732502761 -0.0892335640693895 -0.174767056945129 0.48928448161469
-0.0129412452124812 -0.0980727810397 -0.222867832586844 0.54834356209568
0.0116811143281648 -0.112214392462233 -0.46826492886607 0.604479772625226
0.0196405528296075 -0.122138677234496 -0.559619498976923 0.702487578241366
0.0346106561311397 -0.14994044371547 -0.422561597774176 0.615458584536239
0.0437406502693214 -0.121509579315293 -0.156310848641153 0.346474003778958
0.0452959972371488 -0.0857975585698172 0.116006550061075 0.0583285439179554
0.043986896292974 -0.0739026299043765 0.3266070426071 -0.25407525757024
0.0697436790290816 -0.0763602843714235 0.444060206978272 -0.451579210388086
0.0505019321508393 -0.058736322905632 0.43824350866834 -0.577477468551162
0.0248710398960153 -0.0252442769677179 0.263219214212873 -0.624764132846021
0.0521947261451178 -0.0249485590805405 0.114918721544613 -0.645581509399689
0.0364891451830025 -0.0540899572804342 0.0847256606334749 -0.551537500616439
0.0231616215376974 -0.0460830131077352 0.0556058079618202 -0.279869905548028
0.010761600942855 -0.100473588371155 -0.194152165816836 0.128636092678868
-0.041788796243474 -0.103155293722272 -0.225068843111797 0.503918117955428
-0.0303042593486411 -0.0511163452236974 -0.292694568086279 0.538463974537274
0.0556574473751788 -0.0749091574634305 -0.545704260424346 0.571140683790258
0.0583434599575422 -0.143566865682312 -0.622674711030041 0.651839428661473
0.0268225379947847 -0.174216840305289 -0.444384392895253 0.564034572563705
0.00665317578358677 -0.129311292522341 -0.143879707455553 0.308306833237474
0.00583077734818744 -0.0893888629351623 0.139468637981126 0.0218830734770712
-0.00125502547612066 -0.078319904365336 0.33478158270999 -0.292770369308571
0.0340812356009645 -0.0950366916938034 0.412934949386327 -0.495370787860098
0.0441466998816631 -0.0854085349318726 0.368747195055047 -0.610071816309991
0.0555977081986752 -0.0230792386330834 0.184482701452802 -0.634864942756187
0.0612038894631893 0.0132393691479765 0.0497500418020761 -0.635349134176623
-0.00229351035959205 -0.0328218863507982 0.0407130165061673 -0.534618101196583
-0.00688117782745316 -0.0834547906705543 0.0362669581749692 -0.258080663471885
-0.00943293117092859 -0.138805283630821 -0.215325015884305 0.163873753197522
-0.0937080324106736 -0.100113741303697 -0.265772581264073 0.517204292313806
-0.0474094935980466 0.000117895666178279 -0.34832020513412 0.536472876682111
0.0862031515722978 -0.0389627774380473 -0.590991676910683 0.546620109567713
0.0727912301785376 -0.153427345731584 -0.649524742892967 0.600229068204504
0.00136110405928389 -0.181996396629915 -0.454174037521609 0.510169539475787
-0.0402685897549742 -0.120912601818117 -0.139139659594321 0.269133163587247
-0.0409719043766452 -0.0785541249879323 0.145742327484363 -0.0112644768771354
-0.050424417886008 -0.0667901854623028 0.328282045472929 -0.32961769784116
-0.00233533928819468 -0.100294735539581 0.379073454097969 -0.53393890977657
0.0391088166571325 -0.0982101063920646 0.31120751231356 -0.64109607171069
0.084233286805161 -0.0066295235640681 0.130069779123345 -0.641421665667969
0.0680512029404273 0.0584886476171924 0.00565765651413289 -0.621837609436594
-0.0415076040444981 -0.00994485401662125 0.00935310590627796 -0.517911944790971
-0.033392337451826 -0.112834253399562 0.0262559872773985 -0.229919149773509
-0.0358813739771719 -0.151700839923029 -0.226335956386016 0.205271440298284
-0.135082589230565 -0.0744109364764989 -0.288595678866327 0.534307580835263
-0.0541271628233772 0.0488287391560415 -0.380234505537544 0.541033255909465
0.0986319297919416 -0.0167166282160826 -0.599673124038274 0.535536756418776
0.055846624587464 -0.154663763014893 -0.647593512096782 0.558612205368363
-0.0410663188222567 -0.171577453721869 -0.455163424807055 0.459313510214937
-0.0900906361968702 -0.0978385002150222 -0.146734228267817 0.236042583797131
-0.0858331570253361 -0.055703559600977 0.131839036217726 -0.0352730388589035
-0.0932446418587814 -0.0444100389810219 0.308460722835844 -0.357540622694673
-0.0296168644204986 -0.0916804446827343 0.348128296571507 -0.565007394715084
0.0400459458372768 -0.0930969742298946 0.278745889469177 -0.669446738383936
0.10925123045247 0.0247166319517043 0.110779215996196 -0.649280824651387
0.0661351035339522 0.107343965096756 -0.012477818357893 -0.604620326519639
-0.077893104140617 0.00740020327532939 -0.0052029208467347 -0.499652506638354
-0.0505888055626449 -0.131666009385807 0.0274753541931383 -0.197896831290762
0.0614820139155869 0.121552950597979 -0.0960425782153952 0.142642402963054
0.102804603742669 -0.0735151842233663 -0.0599297505196275 0.464025131992143
-0.053757464308971 -0.144426565931757 -0.0144282179971859 0.605911523005777
-0.147021270951005 -0.0641073884528194 -0.113881794768368 0.678760104582596
-0.0894631858447752 0.0557531514813523 -0.239556442067291 0.720582124501682
0.0113160413504749 0.0167002720223766 -0.311634962722745 0.640821152549582
0.0589054567058666 0.00969707779620416 -0.239071977770217 0.403869312912412
0.0566759775345012 0.0324010843759679 -0.0567801971002705 0.142567109749407
0.0635259952842655 0.0645448235824594 0.186851412433696 -0.17466009024424
0.0491504554419813 0.0819066157513458 0.435631628985836 -0.358059559990089
-0.053684434393165 0.0866115910026731 0.629907872729022 -0.497319940895881
-0.113901058351817 -0.00517016604206778 0.557790981258822 -0.557911218520785
0.041708096917064 -0.0772807915310634 0.359201552296918 -0.589980635997487
0.129750158484641 -0.0131169853343852 0.247202125669542 -0.536315369593588
0.0499198479330763 0.126999807380258 0.151381999802046 -0.240478420263413
0.0584242978488681 0.102026660490438 -0.111861287117679 0.115826609709954
0.109752988365393 -0.0718520421380672 -0.0727004083855792 0.457549088865243
-0.0314248159467806 -0.165727895794729 -0.0485907488115132 0.590720556577663
-0.133497385680391 -0.106207295821572 -0.178419899989585 0.680227488823721
-0.0881481042284454 0.0132452260831539 -0.288440154603871 0.748392850776337
0.0205082218158816 -0.0212351872182465 -0.320130932088658 0.66354356623506
0.0756298163213268 -0.0290150837012066 -0.212423628467744 0.409445928669018
0.0798342706524029 -0.0053075517164712 -0.0151976156028948 0.139344502043434
0.091434762461925 0.02151580513331 0.223121014005303 -0.171070269496986
0.0880627149451493 0.0429255444366725 0.449558356907371 -0.354511033478946
-0.00561651434118612 0.0612698553590492 0.599579375322354 -0.493267222512607
-0.0854676470424746 -0.00585760539759168 0.504103800397506 -0.570233283710416
0.0360543337478624 -0.084190462758088 0.323282334153412 -0.617315360156354
0.126243168271657 -0.0461525657522148 0.228557649853431 -0.554054638283093
0.0648330263377336 0.0930858839304926 0.137564709191775 -0.270014591352424
0.0474985779728992 0.0662467782471742 -0.128643649646307 0.0997662371962043
0.0934590955451813 -0.0690377022830376 -0.0940121549776635 0.461837662817777
-0.0109461269924451 -0.161342443280374 -0.0956799004330449 0.575316075434658
-0.0956125251631383 -0.133105476029769 -0.269003992929517 0.668556925967834
-0.0677517326736153 -0.038065313409679 -0.369155716064575 0.76120522333154
0.0255611813681111 -0.0665236014149694 -0.344319335621239 0.668585215586207
0.0790914553447957 -0.0670707682038486 -0.188932306275917 0.39969027404618
0.0847736765943553 -0.0421317271843347 0.0331816030343844 0.122959007078858
0.0956535416417929 -0.021376345320066 0.263756983393203 -0.186612126891321
0.104138169409081 -0.00271907094307498 0.459288245432263 -0.374448742355134
0.0313514781531532 0.0220213451192896 0.55865565819094 -0.513498343773001
-0.0469618683637433 -0.00963735579365197 0.43061387398652 -0.590401373431131
0.0355659001623608 -0.0751965502244628 0.258588027624619 -0.637691436199454
0.10349690440349 -0.0653981429342237 0.184754842614402 -0.562814075560196
0.0649379139104575 0.0458033110062696 0.111578801824883 -0.289119583940592
0.0353478638920721 0.0133409668694421 -0.146532680805541 0.0967136413306076
0.0578678643069623 -0.0736495009353211 -0.12619210886799 0.474489841119274
-0.00489932234729009 -0.136009681847145 -0.152607036176504 0.561633941615109
-0.0425919099559271 -0.134928789566074 -0.368822087606469 0.641827966524818
-0.0280722620511627 -0.0870192757999077 -0.464723375798571 0.745037854479985
0.0308303697669068 -0.112005470756763 -0.380076407410089 0.6544474458035
0.0675704780705333 -0.0992936296866663 -0.168498756026175 0.378299905165089
0.0724357523094159 -0.0703003037707271 0.0785053604267369 0.0928929951064992
0.0790891978677631 -0.0539950458631466 0.298669703968689 -0.218758661074649
0.0953663051482249 -0.0461283963785123 0.455651897543963 -0.409598559775387
0.0497110891267568 -0.0218546320258851 0.500776616620497 -0.544609409387671
-0.00683823464578366 -0.0189506970179852 0.345256500438657 -0.611845076376887
0.0419179848284835 -0.0543330614513338 0.18517259992076 -0.646482853813597
0.0721707963121141 -0.0668124863876342 0.133733402304006 -0.561372382132128
0.0496367644524371 -0.00232463398230311 0.0809071151763484 -0.291592149856651
0.0234552954487423 -0.044969767939975 -0.168260996711885 0.106196185628082
0.010650075879359 -0.0885205387315789 -0.170743973637681 0.489322472176695
-0.0137905987901653 -0.0972094953386454 -0.216989724424327 0.551188916454021
0.0106171952189172 -0.112173395499712 -0.460882680735053 0.608780294250456
0.0182677940482 -0.12206639581895 -0.550461654778341 0.707567491341677
0.0326362243860589 -0.149522092074203 -0.413474420416186 0.619037852968273
0.0422660081963861 -0.120435275262783 -0.15078239880681 0.346671974392421
0.0443366901810131 -0.0866110486088615 0.115264655391955 0.0569453613842086
0.0427112619267969 -0.0733217449103202 0.321817328311933 -0.256868144729594
0.0679173436144813 -0.0777783878432714 0.437466275695077 -0.455116868549551
0.0499341051420212 -0.0598641763950755 0.431767754372875 -0.581477182288904
0.0252335635024599 -0.0253927006377155 0.255950456169275 -0.628060889887099
0.0512259830632103 -0.0255033458868365 0.108348508917458 -0.645462203798358
0.0351631254979053 -0.0541608088557913 0.0812865200527422 -0.551146730974015
0.0227061312244027 -0.04661263604213 0.0518170390642059 -0.28015407794809
0.010392801475491 -0.0996391581021854 -0.192428269293933 0.130824962313103
-0.0417331408473467 -0.101614892449728 -0.218446691859574 0.505123614569063
-0.0308968002811128 -0.0509308234986876 -0.286943928410103 0.540876377781279
0.0543067688098726 -0.0755620454642104 -0.537638915530002 0.574762491898881
0.0562545892171711 -0.142542487316089 -0.614934635859113 0.656566897149209
0.0251039720200815 -0.173235797887029 -0.435894660772892 0.566663390382997
0.00445258432979563 -0.128040433670767 -0.139810665268408 0.308730651720388
0.00475536392261149 -0.0895055998915438 0.138887293106318 0.0205055017900844
-0.0029091449457136 -0.0771592197006413 0.331095817927637 -0.296970271536841
0.0321564131541283 -0.0956713894841219 0.406175911227843 -0.497899976246804
0.0436053144610771 -0.0860410318251065 0.360681510697417 -0.614180361429284
0.0545888355474843 -0.0231574538816719 0.17847613979913 -0.636639950699654
0.061834879255742 0.0107909172768425 0.0426080172613907 -0.635652476468253
-0.00285646894774608 -0.0328769107895746 0.0359624743653294 -0.534591883943551
-0.00727253795756316 -0.0837314488002598 0.0326043444560263 -0.258517170872429
-0.0103975731469167 -0.137272570785448 -0.212876771022935 0.166251032715884
-0.0938326034702197 -0.0980536031596208 -0.258968207043186 0.519954938055157
-0.0467344484973402 0.000231336454228209 -0.342519634659651 0.540084376530685
0.085623431044457 -0.0404892903007738 -0.582199565767489 0.551626050654881
0.0698391740663589 -0.153756307206968 -0.639869708442227 0.605897884655594
-0.00152515129638216 -0.180273324858333 -0.446298624972597 0.513015072746204
-0.0417674524502357 -0.1198083268824 -0.134791540361776 0.270218654804763
-0.0407155838437651 -0.0775621841087362 0.144931744709548 -0.0132077264439525
-0.0509702563313221 -0.0663881487617559 0.324316807429404 -0.333136450431972
-0.0034752871559454 -0.0996398807996627 0.37059657961765 -0.537366085733872
0.0373634826723605 -0.0980656199906627 0.304499725983371 -0.642382762929596
0.0834393208575842 -0.0075414354865888 0.122928091701061 -0.641786237607598
0.0682621127207988 0.0573792004248433 -0.0011214463376403 -0.620905261924214
-0.0414938870535268 -0.0101452722696836 0.00545373254154324 -0.517560428237947
-0.0343216342312385 -0.111882660170015 0.0243375649330411 -0.229949119708758
-0.0372612616709096 -0.151109351287582 -0.223899019001848 0.208113741655994
-0.135414191488912 -0.0733117767711632 -0.283943929779912 0.535056718028872
-0.052844365927749 0.0491262300449304 -0.375130412452946 0.545082819158079
0.0971826472625212 -0.0174919282196286 -0.591233537697807 0.541049161307549
0.0537191947901284 -0.15508336994866 -0.640515431501777 0.564979429299452
-0.0433078038304001 -0.169094820566495 -0.448719564941157 0.463607904943896
-0.0910340270425431 -0.0954217066394684 -0.143530093451825 0.236904438820019
-0.0863954156306012 -0.054257594188891 0.1303339154246 -0.036625082737535
-0.0935400666379208 -0.0425354421410557 0.304122594703285 -0.359842498168481
-0.0318219812234065 -0.092043401198717 0.340412606591166 -0.568163009957957
0.0386913247092112 -0.0937331682896719 0.270950812287357 -0.67266126495236
0.108637817304244 0.0234374558529787 0.104823753657986 -0.647560992753672
0.0656126047700588 0.105090186158638 -0.0180057762332899 -0.601873793920151
-0.0773131851478697 0.00768558871510112 -0.00989753502359445 -0.499708732630965
-0.0515844579137972 -0.130438639655226 0.0249139734314496 -0.197438678167958
0.061559509500768 0.120125140879527 -0.0935281455893947 0.143881364233264
0.101093533657925 -0.074089293625282 -0.0577761980610549 0.464092296879948
-0.0547117960730016 -0.143034155510191 -0.00942982572308742 0.604315788051203
-0.147298672604514 -0.063149479896435 -0.10702378204096 0.678178539481706
-0.0889840275423173 0.0555066917871213 -0.232173221953717 0.7210055446678
0.0114986185145309 0.0175957838888876 -0.30334481438315 0.643211581715517
0.0579076932918205 0.00968177835292853 -0.234701125162636 0.405860113434102
0.057102887224832 0.032037130860214 -0.0556655600439685 0.143229241736529
0.0637557694331109 0.0636304754395468 0.184187832771809 -0.176252637933308
0.0496626812953912 0.0808637066795862 0.430152474430648 -0.362175950540747
-0.0516702071817811 0.0864631975403727 0.622921295541834 -0.501300875563746
-0.112888895823754 -0.00405685615595612 0.551065158290585 -0.562019398682208
0.0404176394319585 -0.0774700501097071 0.352830873004565 -0.591472493043401
0.128341242358942 -0.0150232778668559 0.242517203282513 -0.53829565949827
0.0513816858118497 0.125415401323912 0.147693194826288 -0.2424889315312
0.0585826308665252 0.100792849906926 -0.109538268884828 0.11715483286393
0.108344294850188 -0.0717155308902068 -0.0681529067197495 0.457901336513591
-0.0326810651811221 -0.163700110983213 -0.0436930050832234 0.591160489698083
-0.134470213076917 -0.105408981029122 -0.174242982712293 0.681411100259075
-0.0872249921342833 0.0132698663164689 -0.281618929569768 0.74945156677713
0.0187369842450108 -0.0210639024190886 -0.308901816567988 0.663895474522346
0.0745560217005901 -0.0296451874254645 -0.208067736862976 0.409971259731466
0.0796420608154873 -0.00664103833121618 -0.0141768319346852 0.140362833474281
0.0912524693206304 0.0205203094007507 0.220751070426156 -0.17306335453534
0.086936561925854 0.0408597237015994 0.444532959468182 -0.358869174936685
-0.00489080021318581 0.0608947068227237 0.594330758301121 -0.499042170664303
-0.0854623503503184 -0.00478803801466172 0.498112448769383 -0.574544107267252
0.0349005010444873 -0.0848428360720395 0.317065418991688 -0.618386667934182
0.124130796572359 -0.0464746227826247 0.224110409644722 -0.555071194335124
0.0660086284932412 0.0911638828753992 0.134700831809357 -0.271307967964378
0.0483646104645134 0.0649620617389505 -0.126147740944788 0.100980418706323
0.0929290194923524 -0.0690807593150369 -0.0898572547199833 0.461067091711523
-0.0131553567815535 -0.159992337347836 -0.0918022228740605 0.574829223078722
-0.0962858493958818 -0.132610653039531 -0.262837136223224 0.670934410362838
-0.0672007404178743 -0.0376514689015465 -0.360344381477215 0.761882283843217
0.0243122913248261 -0.0661685159317297 -0.335916808398745 0.670980106799232
0.0767750794580823 -0.0677229199334845 -0.18535962311848 0.400485341010607
0.084959196930988 -0.0426384153413957 0.0326568100758124 0.122269524640202
0.0959290066504104 -0.0217320877166233 0.260186035719004 -0.189556244360476
0.103197139086845 -0.00485044090788875 0.453540191623765 -0.377162113706119
0.0318392991768246 0.0217592843252556 0.551217649585803 -0.518591111291261
-0.0460992911785466 -0.00912933113177828 0.424916794349529 -0.594612004183966
0.0350802235952998 -0.0752619067163037 0.252993280955827 -0.638273569618321
0.101997071240633 -0.0663045386787724 0.181415823924444 -0.564157447521284
0.0653974113044078 0.044604110465903 0.107843251152325 -0.289541202726581
0.0355333660059534 0.0136479209424383 -0.145161706083735 0.0973465761436143
0.0565028330255036 -0.0745808210680794 -0.122532544835974 0.475203597064755
-0.00659844594756027 -0.13531756260263 -0.147468666200371 0.563124545914467
-0.0443088455447687 -0.13482812588624 -0.362012426975042 0.645514704878789
-0.0294336940806728 -0.086493270297668 -0.452997644821196 0.748247891566977
0.0286894063300328 -0.112230949061257 -0.370764596129586 0.656325592113102
0.0652883622781482 -0.0997177445275618 -0.164368721247856 0.380088793149914
0.0716465994269776 -0.0707107971370119 0.078554631679251 0.091712165008426
0.0778309307759184 -0.0544669901633079 0.294740364960006 -0.220252033437443
0.0942485171538307 -0.0464363825545122 0.449404740173567 -0.41300139289249
0.0491042994290625 -0.0225490889701026 0.493773682665666 -0.548807809289592
-0.00725571948855873 -0.0182076341985513 0.339769254086987 -0.61468339916218
0.0418725091387102 -0.0546184537622076 0.178431664870049 -0.647949761873769
0.0706575531554951 -0.0673566307180842 0.128397806353872 -0.562202017762709
0.0491234096289964 -0.00300447965327083 0.0778585969882222 -0.291749147557195
0.0232429925115256 -0.0450938627699729 -0.166113514843728 0.108549769082344
0.00985311560771929 -0.088227321196831 -0.167042211365029 0.490097788842746
-0.0147528953582373 -0.0976528468825785 -0.212808666817122 0.553332021852771
0.0088589488146798 -0.112200758819961 -0.453768233358206 0.613007753642956
0.0171237733394079 -0.121821844367658 -0.541564986268781 0.709739410874951
0.0307216184981055 -0.149058757708001 -0.405295368574419 0.620605095091812
0.0406690228982022 -0.120368952670876 -0.148044802589964 0.347396190035847
0.0436026717620667 -0.0860823107136518 0.114900111506441 0.0562211928293946
0.0421297733380847 -0.0728038967399088 0.318214063097095 -0.258878455001074
0.0668603665500887 -0.0785227223512278 0.430681075117122 -0.459332642023268
0.049296464232857 -0.0607361874920991 0.424842913973016 -0.5827123751922
0.0253843551653563 -0.0259138026291179 0.250988103329108 -0.628784757219148
0.0507102326327869 -0.0268577079842596 0.102930507679188 -0.64627017724352
0.0348952153204313 -0.0548459391450771 0.0754652148669211 -0.550638089850196
0.0226124039985572 -0.0467548755906216 0.0488581527114985 -0.279684435158242
0.00905627783201466 -0.0991104488284055 -0.190570982111738 0.132730942960225
-0.0418528615509188 -0.100309302444149 -0.214680390002258 0.506089489801698
-0.031112108849183 -0.0511069111325926 -0.28252044026505 0.544191564258347
0.0533465226693453 -0.077400748166282 -0.530152463382731 0.581427815384093
0.0546488392834679 -0.143199827403362 -0.604711425700747 0.660078085739304
0.0221459469409837 -0.172401328376096 -0.427530040638914 0.57034806804156
0.00334650079394388 -0.127211951161756 -0.13576850087688 0.309033510317846
0.00420693507679485 -0.0888969141113856 0.138034540599963 0.0188476986395663
-0.00306212100597981 -0.0758793176719054 0.327584075034606 -0.300070348441221
0.0304981410593438 -0.0956784094265373 0.400924521505833 -0.502169001514008
0.0419152643183819 -0.0873294590872167 0.353999367138179 -0.616952112307105
0.0550047341548291 -0.0235517547603565 0.172616781476206 -0.638840337192836
0.0615333716428831 0.0111026376909836 0.0380088275667784 -0.63506537310558
-0.00274691409974025 -0.0334037904763779 0.0311747829966037 -0.534079111824666
-0.00779538701267382 -0.0828531071110462 0.0303207927237307 -0.258277072653982
-0.0113046136810847 -0.137220325232804 -0.210570543732194 0.168056525230009
-0.0940865640523155 -0.0970524893509153 -0.256120096796885 0.521479153649842
-0.0465792397085787 0.000941703685221298 -0.337832912079266 0.541897351660186
0.0849023858299483 -0.0411474429856149 -0.576524487384049 0.555249364642306
0.0681856753617675 -0.153991643796376 -0.632792426333431 0.610492594228261
-0.00402260525481767 -0.178879533537428 -0.438364354989713 0.515833562405235
-0.043244670510261 -0.118133267611255 -0.130967003928914 0.270301520629035
-0.0414962921077942 -0.07611657008516 0.143435532342788 -0.0136107022867385
-0.0505297303378035 -0.0646801389133549 0.319363271303893 -0.335250460033972
-0.00493722098619294 -0.0993879670728564 0.364878831595111 -0.53983641600827
0.0370829122275779 -0.0985952780305891 0.29649976334848 -0.644978517479123
0.0840161526342919 -0.00911826980200316 0.116271077552678 -0.642407366686783
0.0679271121880245 0.0557026830372298 -0.00624916991373982 -0.620040976462806
-0.0418000914823184 -0.0100926026513269 0.000664575535429346 -0.516581743721193
-0.0346628982293813 -0.111861737875734 0.0215017401858209 -0.230215982390332
-0.0382868151955985 -0.149594573225894 -0.220585134770073 0.21057944680025
-0.135390586858338 -0.0707212018381515 -0.279878565373408 0.536855595140717
-0.0524345062425911 0.0485940685623462 -0.370503908979705 0.54697122307949
0.096506841365621 -0.0188748904091989 -0.584260373112948 0.544679816219246
0.0512872723999043 -0.154864616198171 -0.632571787156047 0.56819449841945
-0.0450063747454117 -0.166787059710084 -0.441971022371793 0.465060092904818
-0.0919883583476004 -0.09316267984351 -0.139446358594862 0.238631902887238
-0.0867070009331055 -0.0519251124145245 0.129252418647959 -0.0370604499021487
-0.0934827395982207 -0.0403757151925007 0.29961527582379 -0.361616546569668
-0.0324619553860915 -0.0903129463614569 0.332038248755656 -0.568951276616038
0.0376851330890056 -0.0940207919975577 0.262543957746939 -0.672595609043274
0.109245257932233 0.021382131891041 0.0977503704220499 -0.649303900293518
0.0671119661131446 0.103797666440557 -0.022260365106239 -0.602777870389468
-0.0773079644824021 0.0077496158856484 -0.0133665535860948 -0.499425786674911
-0.0527340700155785 -0.129301224390937 0.0227937100613597 -0.197573241575555
0.100215069569664 0.0974981363795352 -0.0500579700601367 0.163732434192906
0.074986566601455 -0.101348559042008 0.0885916312938683 0.466475763828944
-0.0950617456190501 -0.114655838330491 0.186668242920256 0.579556780472866
-0.15959693208526 -0.00443089016623894 0.112939870724114 0.675310656322329
-0.0673884175332324 0.0885860316398461 0.000772313144663553 0.751307503315065
0.0116219551613244 0.0215945802063339 -0.0827773461170815 0.703377999705923
0.0567391601342207 -0.00611317082379167 -0.0907124506289497 0.460554695507147
0.0636064000876998 0.0133552426056443 -0.00797198708204356 0.153436853924849
0.0801444950095308 0.0390577005674867 0.117201900084528 -0.221295029718575
0.0687244406612562 0.0599237752500988 0.296224419348165 -0.47244885057984
-0.0205413816788204 0.0987008603313864 0.428837014797417 -0.665166357892488
-0.107776022453698 0.0324089914476587 0.352170190630344 -0.694034904573372
0.0129409589669749 -0.0866022612886738 0.153077961689008 -0.665464150637771
0.113795636816764 -0.0482365192614716 0.0668967470986047 -0.584239085365386
0.0858558482278783 0.105986475465024 0.0710921565373495 -0.272935468134875
0.0903668866413775 0.0795766331245626 -0.0722113162917886 0.144984283283816
0.0821519940276316 -0.102168700015173 0.0733811187771624 0.465149507925029
-0.0812734165752521 -0.141574549746327 0.150368228388364 0.579230602104903
-0.161594517527583 -0.0486064263086883 0.0542739020200733 0.700192946704515
-0.0794180807376806 0.0484086748851657 -0.0360971537903694 0.796678804300806
0.00659487101794079 -0.0165539654617654 -0.0809936664499972 0.728302086199765
0.0606532503989968 -0.0480327117235419 -0.0650004743537416 0.458221202923266
0.0723958119820673 -0.0293211535895043 0.030849211383746 0.137998006238825
0.0914509163989324 -0.00884944976102417 0.152406773746132 -0.229897035778787
0.0921531633458631 0.0110321359758104 0.309885309191892 -0.470567902397499
0.0159362233252877 0.0597639994826532 0.401728853278445 -0.652067510222311
-0.0816202924341849 0.0220712385922695 0.298606336450234 -0.69003034519962
0.00572705294222781 -0.0918314267640191 0.110466360946012 -0.679446432116013
0.100009842182724 -0.0781221825826189 0.0459664782183006 -0.594444924033524
0.0902540884470208 0.0698393939374435 0.0494720229447216 -0.296856291361122
0.0682589527657918 0.0479677013551242 -0.092057012490439 0.135095671537893
0.0683267580025167 -0.0935566441738746 0.0545727258896485 0.473902173065441
-0.0618535372464595 -0.144376989335885 0.0993821720122706 0.579571416782216
-0.136587485868728 -0.0873429296200112 -0.0336586386984964 0.718704680089454
-0.0782097420484896 -0.00608721256193871 -0.10520925385582 0.833927336751146
-0.00271330175951082 -0.0605502534874572 -0.0998069816396424 0.743158385596169
0.0509756810081897 -0.0857242201818255 -0.0452769066609779 0.442118229322908
0.066439284134529 -0.0651390761781858 0.069269393104888 0.105865329697194
0.0831780135108766 -0.0500885823915782 0.186604139145124 -0.256848240377059
0.0927790122892838 -0.0371566619600902 0.312804055038838 -0.491766869156387
0.0381594214170172 0.0103052984794639 0.355233088307308 -0.655085862947886
-0.0460422025421004 0.00619480044459492 0.223293746510721 -0.686991363874162
0.0085886642646188 -0.0826930012199648 0.0448307443885036 -0.680760737078689
0.0741535072409483 -0.0889456132533474 0.00233729062320226 -0.590168139654243
0.0764341327298271 0.0249196348676208 0.017547775483175 -0.305221856768155
0.038026596726789 0.00286060901545021 -0.10892131445027 0.139338885363258
0.0325646686611356 -0.0857447537056597 0.0311533919497228 0.495084719370902
-0.0473057600429931 -0.123060264050858 0.03952903424152 0.58445684007708
-0.0888501111142257 -0.107128736522397 -0.13768553025633 0.729975120435932
-0.058324958075898 -0.063757677094108 -0.197607441261225 0.850645870037628
-0.0130548595298867 -0.105231720654364 -0.138142768993612 0.741397562372773
0.0302507389406284 -0.11271483795813 -0.0326049114422861 0.415595999166085
0.0463279924634721 -0.0877303562502071 0.103377237070207 0.0636845527790937
0.0564373832302511 -0.0752918055696213 0.209971727960943 -0.297753544306073
0.0716723041168582 -0.0748443414834769 0.297833770117385 -0.524983537998283
0.0412144368644485 -0.0359548113014306 0.291899583234056 -0.6666553696948
-0.0119481194325403 -0.0148375302641601 0.13564619809261 -0.680874783180145
0.0207142005933408 -0.0653076124754789 -0.0292715097096239 -0.666646636958409
0.0437757709096931 -0.081014331518105 -0.0462015475764063 -0.571351363264699
0.0465758771267759 -0.0164308598389462 -0.0121302055555023 -0.296883820620248
0.00705795442247242 -0.0490731071007912 -0.123156953142063 0.157217785934139
-0.0174044828485833 -0.0835114835772691 -0.00633665571178427 0.522304292062341
-0.0425371419977048 -0.0840320925973649 -0.0271954220130521 0.593433818505868
-0.0327975044150589 -0.104466748854868 -0.237657633864371 0.729056802093221
-0.0266376128145376 -0.111563347868834 -0.290719670388194 0.84380715861644
-0.0231428380778308 -0.140843132854706 -0.179464062079365 0.717716866350823
-0.000503542708429373 -0.124945831412389 -0.0276952430076032 0.380300559770741
0.015850555004808 -0.0924269412600578 0.126716023371704 0.0170137961245246
0.0176012227065624 -0.0814541760460457 0.219779676787305 -0.341893000669756
0.0358964114456487 -0.0950393375905725 0.266916944710698 -0.561306514797652
0.0289236397248379 -0.0713440439213877 0.216916881640622 -0.677927897478804
0.0165470494101282 -0.0314275672466443 0.0480564785900798 -0.668498200025933
0.038387850599081 -0.0407267697215621 -0.100627496682004 -0.643203097191816
0.0143725377702071 -0.0577450464400413 -0.0938295940936994 -0.5458546916247
0.00812572105323676 -0.0500578093073796 -0.0359141626952731 -0.275858072241347
-0.0238315762649039 -0.0954810457314517 -0.135538783642406 0.188450756624941
-0.0708678736959502 -0.0775823128604929 -0.0455211378885282 0.549004078999636
-0.0437932498820277 -0.0348284000832603 -0.0986129806757714 0.604759367083348
0.0215093557129317 -0.0858372832632919 -0.323475280356791 0.72339803482986
0.000309104084070408 -0.143826642447646 -0.366637345709406 0.816997051029235
-0.0386827182035386 -0.16027228266224 -0.217883181598769 0.676874711458242
-0.0378231463031085 -0.119470239584061 -0.0258348424220094 0.34029631776252
-0.0223233558237207 -0.0842976134486936 0.136842962989736 -0.0257439407151796
-0.0255481716622279 -0.070414701934364 0.215787207442606 -0.382425591660555
-0.00358694873568834 -0.0990940130543829 0.227546051071096 -0.593072298462497
0.0141042245451964 -0.0942511095871969 0.142190839316248 -0.685541083294859
0.0447830671196568 -0.0391634085492814 -0.0292353311717049 -0.652907149593014
0.0591290534054671 -0.00880300407979049 -0.158697681606809 -0.614766950669831
-0.0145520495345686 -0.0263312753011876 -0.128939274697066 -0.516558879321016
-0.0317072407872739 -0.0761236683235988 -0.0478978935647906 -0.249170494294902
-0.05547818281581 -0.125665515101401 -0.143470793660321 0.229357623274411
-0.119313057191088 -0.0551461692169279 -0.0758763890852059 0.573474525143281
-0.0414528579199794 0.0197124064908098 -0.154451073117525 0.619020183609899
0.0622568107376231 -0.0642156524427496 -0.377881498102222 0.714785276506181
0.0107715875018438 -0.158565990048174 -0.409420870286452 0.7778853370308
-0.0648953122085531 -0.159449147523543 -0.24320603066214 0.629972498853015
-0.0795056377297156 -0.096208273299739 -0.0331469200383485 0.302648470485368
-0.0610636082804202 -0.0588961093948632 0.131823991003001 -0.058772039859073
-0.0673453192435989 -0.0447216902560803 0.197174954276561 -0.414133957077031
-0.0383042366895135 -0.0917388050758939 0.182497191631834 -0.61919169973683
0.00538037852807452 -0.103542151256802 0.078701188903277 -0.694935725839183
0.0770671399471157 -0.0332032606394531 -0.0835500943090525 -0.641214271991292
0.0793496160726362 0.0314036691324008 -0.195858081136674 -0.587254049463626
-0.0423679331263235 0.00714812014586827 -0.150915516757765 -0.489755008354704
-0.0659146054404625 -0.0949503671135721 -0.0484440715793556 -0.219138633003151
-0.0858278119658513 -0.12892020353319 -0.138750511553725 0.271417736799182
-0.149710392995766 -0.0166780318031479 -0.094877783128901 0.593978719852043
-0.0317054837936725 0.0675420303512503 -0.186563728296257 0.632806818066344
0.0815107058616182 -0.0469006304551056 -0.389829008909691 0.707628114366664
-0.00606024598112335 -0.154541638057779 -0.421042470715653 0.737672424469608
-0.100441769084802 -0.136005363774655 -0.264085042290301 0.582008062667813
-0.118772948083745 -0.0574948575362617 -0.0510543799980447 0.272100503643323
-0.0959776951777653 -0.0229195887173168 0.110484745558377 -0.0773043211851981
-0.0993420848573891 -0.00841415074572818 0.171425824375505 -0.434279541433501
-0.0620463634509635 -0.0749570969579204 0.144047973763957 -0.637540435384665
0.00743222495300509 -0.0994690476872683 0.0390149851679386 -0.711949224716773
0.110186358428437 -0.0127904914823777 -0.103669428752825 -0.641276253276469
0.0930247747094465 0.0772428556271997 -0.204465715300614 -0.566657410181444
-0.0710342514124419 0.0350917308036104 -0.162000303544227 -0.467608621468376
-0.087510235561567 -0.107087934279161 -0.03749119204259 -0.188046303516931
0.100784504129694 0.0957654722169835 -0.0485882632965918 0.163756760311387
0.0737273015293171 -0.100668203267872 0.0895146153248138 0.464662667454344
-0.0956318532071443 -0.112954079828949 0.188619461164701 0.578654077991946
-0.158879886396527 -0.004406053186947 0.11880030955626 0.673789541965165
-0.0659740061004437 0.0883443460544065 0.00563542675284784 0.749427149960032
0.0119455007185952 0.0209507001429324 -0.0762104779713005 0.701176133884757
0.0558794220450495 -0.00654947735311876 -0.0858698439332341 0.45897597472477
0.0633314588244555 0.0116839428246146 -0.00665686092243535 0.154554924701267
0.0799723323004183 0.0386246334666684 0.114538432029381 -0.221239530410954
0.0683960398881853 0.0586131432993014 0.290087485004559 -0.472190176802174
-0.019321552082065 0.0975079234648067 0.420747457756723 -0.666636674980954
-0.107253542119256 0.0331955317045619 0.346549318341278 -0.695053836759344
0.0114768409634089 -0.0864221759689089 0.148480323009619 -0.663966969709841
0.111106595842539 -0.0491328637367288 0.0641038644191601 -0.584119084158477
0.0865878867802195 0.104418401093899 0.0687491303172319 -0.273463309448406
0.0904224530575831 0.0789057370480344 -0.0714844565410484 0.144940551255546
0.0814612974641626 -0.101042398565295 0.0771525417983531 0.46377446800658
-0.082483686341163 -0.140737927827926 0.153520936511005 0.577782934670806
-0.161854528405587 -0.047268766330791 0.0610227208477978 0.697288636779093
-0.0780461638339915 0.0487370064377558 -0.0295107610603278 0.792766072409598
0.00661182037002903 -0.0162491799010521 -0.0726043821994265 0.725067200678158
0.059598868316943 -0.0483583549557055 -0.0615213529673204 0.455814353035702
0.0724929319572848 -0.0302893131005252 0.0316870877927655 0.138108313353908
0.0916649845059164 -0.00978586688895748 0.150863342234375 -0.229252015239445
0.0911525370075403 0.00956282256036806 0.303943077995947 -0.471828992032945
0.016291943846293 0.0585445242840081 0.395801417056919 -0.652797897331846
-0.0802700242784058 0.0230985147925809 0.294196147995471 -0.691632327572888
0.00468437043182261 -0.0910111075366288 0.106901716848608 -0.678589153755933
0.0990563083756331 -0.0783626683395699 0.0409945958250049 -0.593423142495632
0.0904220277881961 0.0685494541544484 0.0465719593385172 -0.297104757345842
0.0675261410894966 0.0467194071580734 -0.0898188549790877 0.135491278627754
0.0669943111903385 -0.0932117900329398 0.0572626237766242 0.472635579988534
-0.0625689382985388 -0.14330240709231 0.101513458270831 0.579971640397469
-0.13625293388412 -0.0854907296350474 -0.0266013590529541 0.718118486681613
-0.0770072633941349 -0.00495381520771804 -0.0973302540459045 0.828502531748462
-0.00348822337020938 -0.0595057481787255 -0.0927409152249637 0.741054595361176
0.0497603804407709 -0.0854593588918166 -0.041067161675835 0.441767511308946
0.0659427376356427 -0.0655530088438327 0.0701069749531304 0.105548999619135
0.0824423897199153 -0.050295676460712 0.182649079268196 -0.257628894473437
0.0918184277223354 -0.0386257783257479 0.305308099178728 -0.493298973199319
0.038622089074986 0.00899310672391513 0.348697501944611 -0.656812378840892
-0.0448928530303047 0.00643229600564897 0.218396260524775 -0.68784641691616
0.00716976959532912 -0.0822674084517684 0.0399340056136217 -0.679709908195369
0.0717969652520439 -0.0894569150266301 -0.00160082763306401 -0.590317340339807
0.0759225484550011 0.0238817208197594 0.0154437707217798 -0.304421571317783
0.0382781539263611 0.00219322209791599 -0.107244071175017 0.139833319944158
0.0315588188447276 -0.0854414590317913 0.0338332217917846 0.491801755805166
-0.0477175146807751 -0.122092120005938 0.0422558874613468 0.58443859709577
-0.0894379364940891 -0.106104776779214 -0.13300480250972 0.729522736156394
-0.0587734656844558 -0.0634368378271152 -0.190723804309463 0.847175593622383
-0.0140063691110463 -0.10397953848485 -0.131231958873006 0.738021576064549
0.0282041867139113 -0.111768126065398 -0.0298510821389269 0.413588868154651
0.0460168277909158 -0.08769966045043 0.103340580766394 0.0633120087145455
0.0562548221847283 -0.0751923544868812 0.20656011871722 -0.299155110035325
0.0694504072224422 -0.0737874490594215 0.292988065233631 -0.525291922553648
0.0405540731275464 -0.0364314777690324 0.285284265981103 -0.668390892235778
-0.0112070020006571 -0.0141783953878084 0.131691709480491 -0.680490621237974
0.0205782949074895 -0.0650201406971441 -0.0339238464870946 -0.665076015929885
0.0425529727955262 -0.0803598681836823 -0.0503424901280991 -0.571287388203696
0.0459595722463167 -0.0170094564364638 -0.0149149371610442 -0.296430284958664
0.00711532872387858 -0.0493516717121749 -0.121333220767016 0.157609334041595
-0.0171134539323854 -0.0824443928259464 -0.00277077031982109 0.52101596525147
-0.0428151561040689 -0.0839119713687651 -0.022774886216015 0.593713887200161
-0.0324212645104452 -0.104326376844227 -0.23188948798678 0.728387852550563
-0.0282429946222784 -0.111566071611176 -0.284388696768561 0.841998979247365
-0.0238632603191323 -0.138656588905454 -0.173128992832561 0.714827855051506
-0.00162469974515071 -0.123340073354515 -0.022968064346194 0.37861077782636
0.0148382226519256 -0.093466977654191 0.12658690432288 0.0173469340188139
0.0168082201496589 -0.0806264758587165 0.215601014210773 -0.343286598544659
0.0343103959596145 -0.0944300315114875 0.263405325424368 -0.562823746378891
0.028397578168915 -0.072057856316196 0.209858736766652 -0.679200473340357
0.0170944335032905 -0.0319143714179601 0.0430373813209602 -0.668272898277564
0.0385921272108943 -0.0415630448423488 -0.103859351476636 -0.641837624514886
0.0142008629806439 -0.0576759671121479 -0.0967397948650419 -0.543934383665877
0.00762310933958106 -0.049910117571846 -0.0378182259602962 -0.274673425716006
-0.0242784983937531 -0.0954540567402616 -0.134143911688078 0.18946329057708
-0.0708574211236654 -0.0758709481237021 -0.0405253448493723 0.548828765076096
-0.0427644728050578 -0.0345565078077134 -0.0938250685425083 0.605474692044013
0.0207850939168328 -0.0861988546750206 -0.315416384582591 0.722041033736264
-0.000170120750310532 -0.142812491851728 -0.358527917786518 0.816344024210882
-0.0395403123960735 -0.158763491356528 -0.21020783934491 0.676571598882361
-0.0388649602121154 -0.118340063919669 -0.0226431530780991 0.339478289598124
-0.0221107596200956 -0.0837545722942905 0.135085785717799 -0.0263019379283034
-0.0263303155752231 -0.0696632862502659 0.210529817951924 -0.383206001172916
-0.00469106325227059 -0.0985786088152121 0.220348035061318 -0.593103550792951
0.0130365133137689 -0.0944930523539461 0.136141038472772 -0.685231896216038
0.0444721592711271 -0.0388867071572294 -0.033000377128059 -0.65148627774117
0.0594706857660292 -0.0104452525924636 -0.162390830410344 -0.611296978227016
-0.0143578411531489 -0.0259895035745825 -0.132503187261246 -0.514069522358014
-0.0315856182267867 -0.0753389924315388 -0.0496423708691168 -0.248028810785353
-0.0561032455162605 -0.124236605754918 -0.140673113550931 0.230108997237076
-0.1187267384507 -0.0545993517383528 -0.0741971023564517 0.573884102164255
-0.0406217938061774 0.0199512689681308 -0.149651159659114 0.617890412504095
0.0612834169818929 -0.0640477617687451 -0.371632444985511 0.715899328411025
0.00842170136538481 -0.157661654483047 -0.402022276791567 0.777621796123693
-0.0660990301546705 -0.156884135916802 -0.236797410213973 0.627438000660897
-0.0792363337627751 -0.0943751750331221 -0.0304512615949907 0.300665671681761
-0.0606005227415686 -0.0584011074639317 0.129721755911676 -0.0590253869664383
-0.0663143391413416 -0.0439166335156307 0.192123574802483 -0.414758741655519
-0.0391736816563903 -0.0909330007863355 0.17658642590833 -0.617810945646951
0.00417945186077045 -0.103087013919049 0.074286939776646 -0.692692714721456
0.0761760113352381 -0.0336498774819133 -0.0873030594594483 -0.638800332551534
0.0787189750275872 0.0297040298873929 -0.198941381559365 -0.585414075804494
-0.0426341201905846 0.00734536643616187 -0.154212382113841 -0.487503377807166
-0.0660671828816379 -0.0943774185659085 -0.0494867878359376 -0.218142420538864
-0.0857529044807153 -0.127321796746787 -0.13628222088712 0.271652928294308
-0.14936508950489 -0.0157344944002853 -0.090754506545957 0.592017848810429
-0.0298794391715921 0.0668284583239014 -0.181333106237718 0.631995650927787
0.079053246884761 -0.0481595818196552 -0.384387440341493 0.709438238913003
-0.00800996802993542 -0.152988621191235 -0.413841969441237 0.737897018842157
-0.100317867024016 -0.133548454988424 -0.25785826449853 0.581227774061562
-0.118289603764541 -0.0552060859454961 -0.0476673605305448 0.271592179883105
-0.0960613763137838 -0.0217405878042667 0.110188698374858 -0.0773535387184907
-0.0979238642362268 -0.00741325145583658 0.166464904747323 -0.434187689937542
-0.062681885140683 -0.0737808742086732 0.138236093572269 -0.637057893038156
0.00691951893967203 -0.0989753097286236 0.0345251921882347 -0.7080583980054
0.109964201139295 -0.013061924622327 -0.108998758917743 -0.639654026110106
0.0931429537366565 0.0748293733180484 -0.207618349484371 -0.56451921581838
-0.0705450115577347 0.0347791363066223 -0.164058255486772 -0.467091118147682
-0.0883242100010891 -0.106121071044449 -0.0390273704215838 -0.187269175705084
0.100518281482869 0.094483257345066 -0.0474030238129538 0.16311506492321
0.0725622286087317 -0.0992013204338259 0.0907527848074798 0.463629479707261
-0.0958762668385083 -0.111875437456238 0.19125997680804 0.576546521893039
-0.158362108869087 -0.00311134477334407 0.121757113885392 0.672172339579943
-0.0648839107996608 0.0881820550661913 0.0123729484301512 0.74588744659906
0.0113920547509681 0.0222114587124594 -0.070436875736577 0.700210921773774
0.055587843182541 -0.00668807865859198 -0.0833788581844506 0.458830595010184
0.0625895088488307 0.0113217361368508 -0.00602498425059932 0.153772746669753
0.079749097890509 0.0378590919926904 0.112442644005178 -0.220326952636565
0.068079886860687 0.0578285256360134 0.284963827223666 -0.473466376007523
-0.0184003683581665 0.0968644814395908 0.416032423135077 -0.667604104395588
-0.106587288976473 0.0334542280263299 0.341735600105132 -0.696579652739864
0.0116427081171813 -0.0865449647762468 0.143946557433657 -0.664266072224418
0.11037329279558 -0.0491754097375122 0.0611691327903529 -0.583858354689153
0.0867620362772878 0.103460827139446 0.0667055587161091 -0.273610955301315
0.0901666194947107 0.077154833839007 -0.0691740720159585 0.144585636742651
0.0808458611418555 -0.10082444910128 0.0789522810104305 0.46069686448205
-0.0836376824801686 -0.138849816864585 0.154532228072576 0.575925192070452
-0.161322244326454 -0.0464968155099048 0.0640409285798423 0.69648447327072
-0.0779578847912308 0.0495874008928402 -0.0231146554761262 0.790245793099749
0.00578334313122323 -0.0155323818177695 -0.0674659463887988 0.723483970435416
0.0589429555865442 -0.0490278584077685 -0.058612899935682 0.45497984796266
0.0720585038413922 -0.0306555971527365 0.0318407053577603 0.137942412962478
0.0917641110457366 -0.010043598297317 0.148828068256952 -0.229603537194518
0.0894759821921135 0.00871146766841972 0.299965036547174 -0.471673247198204
0.0169193485822982 0.0575000026944468 0.388789932025472 -0.65544655869619
-0.0808081601471234 0.023031068902461 0.288079758645123 -0.692429189167742
0.00346248988107 -0.0910706699489882 0.101326959345276 -0.676833979462892
0.0968381733728571 -0.0782608896396667 0.0388711550116152 -0.593617449064389
0.0898414066703199 0.0668715419326157 0.0439374778304018 -0.296562495302736
0.0678507970864012 0.0459172492632434 -0.0888843517586396 0.135582404451291
0.0666975708836586 -0.0921141539311482 0.0596046825668296 0.470123097134081
-0.063333950225913 -0.14175531824349 0.106133673832849 0.577301798353245
-0.136570806337361 -0.0845416285867321 -0.0226738978716796 0.717963501150149
-0.0778071857521312 -0.00502931362764629 -0.0918521356489161 0.827418406007227
-0.00478561794689946 -0.0592588652667356 -0.0877595423300181 0.737730223542203
0.0487913956271534 -0.0851951045716576 -0.0387370959164168 0.439481923439015
0.0652861547967896 -0.0658665565917255 0.069981952415868 0.105646441412059
0.0825973835392487 -0.0504437959157418 0.179714055365824 -0.258062818620856
0.0906389970199115 -0.0385103525067131 0.301296117290298 -0.493640299531249
0.0385488556464654 0.00871498271679888 0.3436588112736 -0.659518150466773
-0.0448496676831713 0.00645645715344009 0.211962652669629 -0.688525372946691
0.00663544943206519 -0.082522485087221 0.0353067803635259 -0.678634762173374
0.0706251848508119 -0.0893102567485855 -0.00450037212867386 -0.588876028805468
0.0759768523580211 0.0233649534755083 0.0131856341798602 -0.304213686549521
0.037991017607242 0.00203701317362448 -0.104607132667797 0.140075899727321
0.0311424575464976 -0.0849997574004361 0.035151745904385 0.490959955450225
-0.0482742838444554 -0.121478733865645 0.0462659733133278 0.583462525580249
-0.0897839978167601 -0.105791971419526 -0.125400547502555 0.728686473891602
-0.059002659739914 -0.0632989149581617 -0.184952738291176 0.846781769471942
-0.0142562285847357 -0.102641614660585 -0.124276042535499 0.736963657019423
0.027299151641664 -0.111177981742096 -0.0250095973635378 0.412047218427139
0.045282224791329 -0.0873200151428522 0.103204761077469 0.0623600093543582
0.0545650442963283 -0.0751819762522777 0.203148866665303 -0.298911507715305
0.0690491363986479 -0.0755445392602232 0.287859297073745 -0.526906388799901
0.0404697736866268 -0.037746589332444 0.279195864738183 -0.66796256861377
-0.0118658070139864 -0.0145299530360956 0.124876259353721 -0.682004089819546
0.0198713643657906 -0.0653257450617366 -0.0381396070773334 -0.663234245416171
0.0416554005840519 -0.0809199893455825 -0.0533078569294774 -0.570002801359824
0.0456052161074375 -0.0181469136838383 -0.0162869007389151 -0.294621781957706
0.00685092139282206 -0.0490206101182658 -0.120036119498956 0.1584064375754
-0.0180219516994033 -0.0819852554399195 0.00020050093975896 0.519525105839183
-0.0430848922944205 -0.0829892918866372 -0.0199090449534499 0.59188561458015
-0.0340007694565053 -0.103817355253406 -0.225746399272457 0.729306073154744
-0.0291341319339477 -0.109768344360046 -0.27631424654534 0.840526783053037
-0.0246984249952794 -0.137438941900947 -0.165459747508581 0.714846092515306
-0.00220023221968057 -0.122457446459952 -0.0202086967096364 0.377516743944031
0.014330147393812 -0.0932110411347757 0.124325649348612 0.0165771783962168
0.0165342134720472 -0.0807294504268592 0.211473954085624 -0.342279378741898
0.0331585041034632 -0.0938599301003911 0.257349853927538 -0.561851945790832
0.0277173447816513 -0.0726430470577202 0.204194851905754 -0.678923636822676
0.0157669857896696 -0.0321110017959301 0.0392278230531021 -0.666592953967546
0.0374543500492975 -0.0427286875100844 -0.107412805078779 -0.639904055017899
0.0135683869893678 -0.0578179752178428 -0.0993275549795055 -0.542907512632768
0.00767637253320615 -0.0501710272243043 -0.0398380840815117 -0.274042886484635
-0.0246613872458732 -0.0958178344588808 -0.1319865380204 0.189940458346105
-0.0707953626792977 -0.0757478934505603 -0.0387389497542408 0.546678448667261
-0.0429550486555354 -0.0344726407619473 -0.0920044419538554 0.604323852552994
0.0192566249484444 -0.0863810491055771 -0.310261536746996 0.724645991476665
-0.00174204584321075 -0.143129032288537 -0.353455008404369 0.816872850607701
-0.0407869060339709 -0.156946773958739 -0.2048970555178 0.675204633903757
-0.0389543238399947 -0.116693312985756 -0.0205180892978185 0.33754449477841
-0.0225637442565463 -0.0825394934877089 0.134714844382121 -0.0269318607715627
-0.0261631464357604 -0.0685168191745548 0.207696655518998 -0.382621638847162
-0.00587496761434484 -0.0982357892819334 0.215221882881897 -0.593544710589098
0.0123791179449766 -0.0947662976154211 0.131152042531476 -0.683848098786387
0.0438169138529726 -0.0398772640463694 -0.0381094379302639 -0.650885789596226
0.058869824621773 -0.0110879503727499 -0.164786094095659 -0.610362095009742
-0.0147844709789396 -0.0258108531684436 -0.136120435454305 -0.51350752091628
-0.0318965708414236 -0.0754522921236695 -0.0509126267171746 -0.246916087869872
-0.0563792659660761 -0.123264522587414 -0.138746492248035 0.230315411396818
-0.118617519369271 -0.0539810393407389 -0.0710674785787149 0.572580208106553
-0.0399269227409903 0.0194362323622928 -0.146693300796402 0.61829763243889
0.0597270618029935 -0.064557282651603 -0.364503681966378 0.716146193456539
0.00712530756778972 -0.156538066565992 -0.394822815293188 0.778741547832616
-0.06695497079718 -0.155314712368533 -0.231675035530635 0.627856088180856
-0.0804035629927172 -0.0923258195015955 -0.0272067533847195 0.299966742017672
-0.0605603050622519 -0.0566097125515248 0.128468893504914 -0.0598626815847866
-0.0664047559511535 -0.0421243887579442 0.18762553776963 -0.415641489599021
-0.0402090122193027 -0.0901539708133642 0.170856368914322 -0.617797127064913
0.00365091672832368 -0.102598294278107 0.0670829689880138 -0.692325955264977
0.0759275440903313 -0.0347869240556913 -0.0914217977129498 -0.638030475416969
0.078790444747717 0.0285922469260601 -0.202813882161315 -0.582678740807769
-0.0425153102685728 0.00753761568381364 -0.156992936684376 -0.486948441716088
-0.0660804075466436 -0.0934835717793185 -0.0506962317173031 -0.216448221508488
-0.0860567440068074 -0.126417785107007 -0.132785072707088 0.272315652457923
-0.148012320587056 -0.0146825583185905 -0.0873693407913463 0.592074829162639
-0.0292303577355274 0.065924663841379 -0.178618387450553 0.632741683231056
0.0784241651814785 -0.0485124472894018 -0.377683129630819 0.710915629556428
-0.00961177495361659 -0.152784909919179 -0.408217067268361 0.738314636961046
-0.102183055359511 -0.130747790853686 -0.251992964900851 0.581580587137617
-0.118119436132215 -0.0535450047737766 -0.0456606634433669 0.271831563134179
-0.0951499761832178 -0.0208529537545061 0.108252224027896 -0.077298811544147
-0.0975636281220092 -0.00526599703765799 0.162445259780651 -0.434200600492736
-0.0631997770579736 -0.0725093725766324 0.132598066513027 -0.636509255788519
0.00536696669181317 -0.0985086602923869 0.0277048736222329 -0.707943688031853
0.109713104354577 -0.0136393319477876 -0.112604039725069 -0.63998627732307
0.0928678142013533 0.0741568032998865 -0.21176632765761 -0.561724032553162
-0.069739032428323 0.035314271563043 -0.166422491182199 -0.464739933704806
-0.0882853680480587 -0.105269186423938 -0.0405187917042067 -0.18669649145591
0.099881732631861 0.0938618355033536 -0.0466044269705768 0.163033988570302
0.0719854771837136 -0.0988425095668786 0.0920532005420935 0.462663122657608
-0.0953143415042354 -0.110854591425239 0.193619934423481 0.576350996096957
-0.15840307647263 -0.00154709672699019 0.126350126996787 0.670318204236851
-0.0649484642574481 0.0883481001952199 0.0157126196237006 0.744412036584571
0.0112567120328318 0.021975388120529 -0.0641779744002382 0.697498512143752
0.0556048103894626 -0.00662543287365867 -0.079985291467723 0.457738346932932
0.0634685886108106 0.0106406044497793 -0.00581773657447722 0.15431960894338
0.0801671554770819 0.0376754650963894 0.110579070923237 -0.220363479612343
0.0670080475046077 0.0572727357845118 0.280963062537934 -0.472457834307481
-0.0175186803455943 0.0965497867797782 0.411224295333852 -0.668357091913195
-0.105147055862397 0.0340104399434405 0.337219141531344 -0.697128024220922
0.0106939980113641 -0.0857637077296419 0.143170026573462 -0.663677187302103
0.109196663701763 -0.0496695092313307 0.0566462252665931 -0.58405756296036
0.0866446229362104 0.102381318496352 0.0643688148041417 -0.273032157947762
0.0897070284406656 0.0768583809621135 -0.0682275161969315 0.144682802490648
0.0787764321991943 -0.100041017836425 0.0802589727968877 0.460582720764882
-0.0827515483890865 -0.137475344642731 0.157607918394674 0.575509907388822
-0.160902634892445 -0.0454884966416373 0.068295807713308 0.695640508311506
-0.077444091999162 0.0487145453906525 -0.0183055064417041 0.78941002790629
0.00652401664695017 -0.015286808723476 -0.0633958162059958 0.721351183546317
0.0581436857752047 -0.0483023553377279 -0.0548510257005666 0.454835131475079
0.0717535711894454 -0.0312933931692193 0.0319439551321439 0.137627202908622
0.0908873083154551 -0.0106126517311379 0.14591657082248 -0.229655987420714
0.0893145441331904 0.00776135010964521 0.295808060798202 -0.473692539226624
0.0173037665245335 0.0561182813519216 0.383491615908317 -0.655764333249495
-0.0795788219183712 0.0236105990300023 0.282371921347228 -0.692410007812138
0.00319915060332761 -0.0910216203343694 0.0991086534793841 -0.675202988489633
0.0953198529255176 -0.0784737437307642 0.0343132236143045 -0.592689157377063
0.0903466943893701 0.0657911627809487 0.0422603809692272 -0.297069671685472
0.0675783708655342 0.0456679576684878 -0.0880034686367755 0.136131518884211
0.0653284838388189 -0.0925632108743069 0.0605053313610874 0.469180461885996
-0.0643737484102929 -0.140445792426636 0.108062594280423 0.577243743840775
-0.136952345428537 -0.0835811333576708 -0.0160381001304526 0.717854624016533
-0.0772901652221543 -0.00489133356182673 -0.086974636894219 0.823235993443376
-0.00449697065968389 -0.058583202958903 -0.0820238836221463 0.73525691514719
0.0471336257120848 -0.0855835240650616 -0.0353929845029252 0.438990074360673
0.0648642169271682 -0.0659962547219439 0.070022013583339 0.105346544723654
0.0813329600816751 -0.0507324577600969 0.177981912669162 -0.257350901022231
0.0891933864496669 -0.039545206537276 0.296649109370947 -0.494750087980567
0.0387311329677789 0.00752441641974363 0.33803387972353 -0.659646076990362
-0.044381586260396 0.00600171152840864 0.208729198962924 -0.689027231741711
0.00680915090902452 -0.0815655303458215 0.03195950916834 -0.677501706481088
0.0696851508142266 -0.0892011318469701 -0.00891908041013464 -0.588058996700003
0.0752307005795665 0.0220463401802772 0.0107980719739171 -0.303580267459774
0.0374729672748165 0.00183796472015655 -0.104170114182294 0.140541931088505
0.0303483143564797 -0.0852253203698247 0.0364144081761575 0.490857944527857
-0.0486354416868193 -0.119646566773432 0.0495680378456696 0.582828960573413
-0.0907038126483178 -0.105378824527536 -0.121265152122714 0.728073807878854
-0.0586739567859991 -0.0623317236148265 -0.176889736747154 0.842001619840748
-0.0155292371005641 -0.101651084093189 -0.117794775254628 0.735735187204185
0.0264674308333551 -0.11147785498794 -0.0235942235644273 0.412118656360675
0.0447273213135688 -0.0877495850613939 0.102475075176481 0.0622767225570426
0.0543514510854673 -0.0750396501992024 0.200408636593455 -0.298890437807513
0.0675615455277686 -0.0755049155485305 0.284813643736975 -0.526290450843326
0.0400169203683602 -0.0381802655483916 0.274758536526341 -0.668615823032666
-0.0112447728587094 -0.0150999014027516 0.121478628030948 -0.680685694421571
0.0190780848995634 -0.0656841208470484 -0.039199774195827 -0.662066328908141
0.0403141324974601 -0.0810249935959021 -0.0557558516629416 -0.57071833790157
0.045406495758982 -0.0176421391608089 -0.0184918040292369 -0.294559989312248
0.00629565606168226 -0.0489049499693223 -0.118140802893713 0.159316805476507
-0.0177821294492408 -0.0818425119196625 0.000929916374832868 0.518538375498024
-0.043387308778493 -0.0821460335357861 -0.0166142807760422 0.593119443762779
-0.0341643746224257 -0.103501774098265 -0.218559532194229 0.72847258184293
-0.0295201462918703 -0.10976069752479 -0.270177722149449 0.839971768506007
-0.0261618959450646 -0.136289989065421 -0.161987579278335 0.713908117628344
-0.00303759977383561 -0.121842977633254 -0.0178841853111999 0.376743169773845
0.014326552756304 -0.0926568824685676 0.123907498026717 0.0156493236983866
0.0167426116486377 -0.079515005509282 0.209007979501322 -0.343500733652325
0.0328622384887305 -0.0943526838599546 0.252139607901791 -0.562850887434394
0.0270691859340731 -0.0736778951792908 0.200140662545586 -0.678423501655076
0.0158382882037373 -0.0322742204990352 0.0361587039403481 -0.66620496199761
0.0363367737947726 -0.0423389431601174 -0.110201615997792 -0.636762993194371
0.0119595521432372 -0.0576243781566823 -0.102145211598793 -0.541914263157275
0.00739431808220629 -0.0507716018472507 -0.0415341771283498 -0.274119572485656
-0.0251310191832564 -0.0952695054886063 -0.130337914734037 0.190625764672203
-0.0709116087831997 -0.0756505838496251 -0.0358178052239404 0.546318572367001
-0.0434061784379069 -0.0346162579987908 -0.0877260840630139 0.606466872331997
0.0187354373633812 -0.0860398886115863 -0.305319567840408 0.723456036667567
-0.00283748588142278 -0.141576711666672 -0.346953730394104 0.814387928101846
-0.0413285216619731 -0.155413383846342 -0.199534720647911 0.673244662108604
-0.039749039771302 -0.114725393073487 -0.0184884004233143 0.337030392947576
-0.0221802417977762 -0.0820280715265703 0.133732231449627 -0.0260955419268147
-0.026064441969158 -0.0686260287000512 0.203338831310771 -0.384391030059319
-0.00649333309670197 -0.0982700000872784 0.210884983530098 -0.593350175343711
0.0118299977164994 -0.0944035275772026 0.125252263325394 -0.685206962414179
0.0441333271905038 -0.0404773994809456 -0.0414361404587706 -0.65103263974806
0.058076467607693 -0.0116853394096667 -0.167034801015694 -0.610339655077239
-0.0150337700427532 -0.026632592583477 -0.138071887248797 -0.512333593243601
-0.0325633505407826 -0.0749325851068602 -0.0526221198841771 -0.245123871296669
-0.0561609836877479 -0.122878530882404 -0.136690778451117 0.230648255315312
-0.118199689897283 -0.0524247519509805 -0.0691606102257772 0.572113700872797
-0.0398032948390083 0.0188699693711455 -0.144995346850172 0.618645133975298
0.0586641337148623 -0.0645583324576577 -0.359498310651812 0.717720449657832
0.00636070581008985 -0.156559027926253 -0.388833417784751 0.778046955176909
-0.0673745976945156 -0.153490543922439 -0.227051077250153 0.627757801614872
-0.0800564012941606 -0.0906803065761772 -0.0254324654192841 0.299021214316715
-0.0613307362076982 -0.0563554943154235 0.127555593976358 -0.0598593444879684
-0.0661153460424922 -0.041052439378874 0.184830367487994 -0.416292676548631
-0.0407332234365936 -0.0895582207119869 0.166033471616765 -0.617797684310756
0.00265675728516638 -0.103389370025183 0.0635141378279508 -0.691951462516772
0.0756259270627846 -0.0353846779616053 -0.0955945019215322 -0.637778011112135
0.0789312480059024 0.0271335082442215 -0.205846328946408 -0.581568138808972
-0.0427548645275401 0.00718542711392409 -0.159136023448702 -0.485554952304815
-0.0661000987666555 -0.0931871449746484 -0.0530763664454017 -0.21630594928507
-0.0858776747179064 -0.126019819888095 -0.131605902824912 0.272570384833706
-0.147900976765017 -0.0137044696699473 -0.0854192852673615 0.590991404546409
-0.0289129638595845 0.0652842165088274 -0.176305667653996 0.633274954164097
0.0776815304598256 -0.0489968755581478 -0.374290840427951 0.71212909466816
-0.0102810459791054 -0.151467618376475 -0.402147428055095 0.737965520149238
-0.101372538926652 -0.128755665662154 -0.247664365051263 0.581024224641685
-0.117563407510098 -0.051637777326194 -0.0427075126800509 0.270606796988801
-0.0942704989529475 -0.0200249267398099 0.107309717382327 -0.077126464066313
-0.0972655888419855 -0.00520618071465277 0.158542351740061 -0.433560325451289
-0.0636998914304806 -0.0710304863457813 0.127843641625342 -0.635587199217386
0.00463433845371531 -0.0985650930128891 0.0242205220079162 -0.707357012559681
0.108993847890461 -0.0156196279800069 -0.115411788156844 -0.639098173126777
0.0923423696117943 0.0722677281100183 -0.213123866006106 -0.560889689809428
-0.0700613306087178 0.0346495743957985 -0.168335261356025 -0.462349731739686
-0.0887718137292517 -0.104276058761738 -0.0419802105959487 -0.18584367272402
0.0998161424187904 0.0928586019193049 -0.0453667191621016 0.162880442684703
0.0707579418796125 -0.0977702705641768 0.0946179090500164 0.46167289422079
-0.0963034277426358 -0.108287733842478 0.19600590335728 0.576433658560876
-0.158393496545977 -0.00100963842653217 0.128902013674867 0.670903334912591
-0.0649299740462247 0.0888151288811086 0.0205245043644161 0.7447318860768
0.0117150637314847 0.0223469435317718 -0.0613904786569551 0.695789193983515
0.0547830783820409 -0.00629843432782458 -0.0771191290040739 0.457106625429346
0.0632932436067532 0.0103431354216551 -0.00527045256240876 0.154807252274462
0.0800303694487964 0.0376987993339787 0.109243314840757 -0.220183220962501
0.0669065920351532 0.0559579672936782 0.277869649317088 -0.47196638465957
-0.0176964853820046 0.0955482516925129 0.406243072479639 -0.669970073273351
-0.104643500163876 0.0343309825008836 0.334468099060608 -0.698087571608362
0.0100540720814196 -0.0861590773084119 0.13891962776183 -0.662680252912933
0.107274278351093 -0.0490230236245336 0.0557616259525057 -0.58412985616455
0.0864688765030971 0.101266690026975 0.0623552368965414 -0.273722881472038
0.0891857663374742 0.0756014958087546 -0.0668911235736324 0.144321897223425
0.0784453724213255 -0.0992137227691651 0.081301339111444 0.460267173138231
-0.0833223616567997 -0.136620049803449 0.159957765242978 0.574785180401206
-0.162480349914457 -0.0441609592064426 0.0712763373243158 0.695811484379223
-0.0771980514071292 0.049439981061954 -0.0129869485152073 0.78584105518414
0.00551509382858335 -0.0140085166251911 -0.0583217080635565 0.718738475601826
0.057393606673425 -0.0475542318597049 -0.05223823108891 0.454253780775533
0.0719442240615261 -0.0319246137703123 0.0324373715970672 0.137740609521747
0.0908094897669193 -0.0106011761963794 0.14416580523561 -0.229455149023724
0.0885512159574486 0.00657264534696878 0.29190955482534 -0.473552662033925
0.017591300360866 0.0558100294874866 0.380542267920399 -0.657937177211322
-0.0786797430083437 0.0239931726933041 0.280542563533438 -0.692000093360112
0.00297144047326832 -0.0910815688408052 0.0952185348674827 -0.676008642268409
0.094114913073972 -0.0781267562282031 0.0318016154603073 -0.593961963147
0.089616794573224 0.064955878602282 0.0396031872997044 -0.295984846177449
0.0670067803548012 0.0449439420240349 -0.0867339368980529 0.136094750438595
0.0648784327446754 -0.0922526941398297 0.0610754574004288 0.468776644198939
-0.0637999083163797 -0.139730528038685 0.110212402441521 0.576479150572592
-0.137602364243297 -0.0834366179357209 -0.0148192071835049 0.717103792913983
-0.0767598110756754 -0.00476684036001931 -0.0816509779826903 0.822871713545545
-0.00512969738064953 -0.0580544553870782 -0.0772545350094568 0.736308056698834
0.0469660097706707 -0.0842357371587284 -0.0327478264793428 0.438346491278849
0.0648034939282013 -0.0663942543685858 0.0701395723112093 0.104651783410171
0.0820315683233984 -0.0502291646422803 0.175918042085156 -0.258300519438182
0.0887883818295079 -0.0409326037682924 0.293488335794637 -0.495731762118999
0.0382837834768989 0.00692005187117481 0.33407662367321 -0.661033215875021
-0.04401874345154 0.00598339868415904 0.205419055023997 -0.690496668528508
0.00638806301145488 -0.082153259337483 0.0284820396147668 -0.676778499116078
0.0678534956982809 -0.0891954009952531 -0.00971796276880174 -0.587481207896197
0.0754303446797954 0.0209830769680361 0.00862645621629826 -0.30353756879917
0.037485991645569 0.00102248351984685 -0.102568673170643 0.140706203953003
0.0301900596091196 -0.0843571844131482 0.0385846636883085 0.490013081552861
-0.0482835695883149 -0.119454851898556 0.0519498592286214 0.583432890321401
-0.0914318899854262 -0.104604081572958 -0.116792361248143 0.728116496022227
-0.0595314930124288 -0.0617706465403664 -0.172686207765745 0.844117686871038
-0.0157767930685034 -0.100622359633479 -0.114699058520321 0.733607898530567
0.0260057179810747 -0.110347457431455 -0.0227234314000183 0.411102888581912
0.0446831721568225 -0.0879110892119781 0.101948806479746 0.0614643977688634
0.0545338555190128 -0.0745520345737915 0.197302145661139 -0.299344436305355
0.0663483323583664 -0.0758203710792777 0.278622684498456 -0.527383782911253
0.0393463134470033 -0.0390190366483963 0.270908867977567 -0.670008687660331
-0.0111620374701257 -0.0147742489609486 0.118035141469005 -0.682962550469766
0.0187322997787139 -0.0662208282984512 -0.0438385887739607 -0.662040049210887
0.0391246539169869 -0.0806031568604439 -0.0586609064186258 -0.569986605105782
0.0448176181177056 -0.0186485495350144 -0.0206529964909068 -0.294260128272769
0.00648165910863275 -0.0494890191046533 -0.117198120512242 0.159256141041195
-0.0176154420832741 -0.0804571768844754 0.00301195095367723 0.518646322228931
-0.0434815322650681 -0.0822740909429144 -0.0154697354448098 0.594183052806827
-0.0350905553637124 -0.104080037918963 -0.215083783279932 0.730605919899094
-0.0301969532620413 -0.109646947595259 -0.265976825508916 0.838610135979644
-0.0267167346681009 -0.134946981457287 -0.156566575414799 0.713024222518204
-0.00331453137752618 -0.1202240017029 -0.0146582691109187 0.376309994405151
0.0140715532280729 -0.0923441158682108 0.124402939800781 0.0157567622092496
0.0162079632103876 -0.0796634175015312 0.205383959614489 -0.344143885534461
0.0312992466518789 -0.0945110427089021 0.249447460357466 -0.563076395706509
0.0265287478519778 -0.0736073730770593 0.196741366978377 -0.679053765581658
0.0159082795828973 -0.0334910773280109 0.0311271124814547 -0.668055024810465
0.0367210214910133 -0.0435021603070566 -0.112371393124993 -0.637431004933336
0.0117797450306077 -0.0583064699229024 -0.105088986289365 -0.541634388146041
0.00713505813034667 -0.0507912031893473 -0.0430655922412366 -0.272626376356576
-0.0248856137909254 -0.0941274507303999 -0.128909713808406 0.190804845488139
-0.0702478053354495 -0.074440281944871 -0.0335302062981147 0.546234300533025
-0.0431781915943721 -0.0342491022839194 -0.0850584948165311 0.605295917088703
0.017806036581725 -0.0867571919562768 -0.301481521975493 0.725832336922984
-0.00367490375433563 -0.14092247458997 -0.341306324118876 0.815548699950565
-0.0421481958001042 -0.153712205350177 -0.195319541051056 0.674404975390164
-0.0399475686801389 -0.114338940889512 -0.0158036190326765 0.336340094249237
-0.0224020727059424 -0.0819718064702658 0.132616662087218 -0.0268648984037415
-0.0253241827524839 -0.0673764833794589 0.20004420128263 -0.38475281139978
-0.00808067154439664 -0.0979342903773144 0.206663764016623 -0.593560306093504
0.0110955330423739 -0.0948321115865957 0.121949551367677 -0.685950093083296
0.0437435228671013 -0.0405615569044194 -0.0448692749383632 -0.649994483739467
0.057709893727434 -0.0126817069666649 -0.170339616675395 -0.606461848112075
-0.0151861877023832 -0.0270156791574501 -0.138168652280452 -0.511604062782184
-0.0325707111269916 -0.0745807250982527 -0.0539300538792608 -0.245548517546611
-0.0567728638582954 -0.122222075708918 -0.13485643538416 0.231622942481056
-0.117955775217591 -0.0520597579564162 -0.0670196720395812 0.572072286975903
-0.0391962716990581 0.0185427009549448 -0.142767867616972 0.619851840768611
0.0580663742102402 -0.065132913091101 -0.355834264532882 0.718531218198098
0.00503419459843459 -0.155164275704082 -0.383433171886977 0.778906577651142
-0.068119806493852 -0.151631711111198 -0.222054467630131 0.626739373483333
-0.0798052080057794 -0.0897832592689403 -0.0229106127748975 0.298472309722067
-0.0607622778338153 -0.0558255771190058 0.127287077002531 -0.0590469051583553
-0.0662940908189465 -0.0397752335995286 0.182795981539288 -0.4168328518629
-0.0422735909309536 -0.0885517157224047 0.162761346174153 -0.617810330686039
0.00201270698698174 -0.10290990833566 0.0601381623162663 -0.692115741152998
0.07481873687097 -0.0352814732441479 -0.0972425760822163 -0.637728037709818
0.0780997142926915 0.0267948787411751 -0.206627553089118 -0.581446393560595
-0.0434107106495037 0.00654023564015918 -0.16065023283804 -0.484745455216726
-0.0662848575829923 -0.0924216212959326 -0.0535722626046715 -0.21579328413865
-0.086417251716905 -0.125197456489066 -0.1298492908841 0.273278366996841
-0.146856783617367 -0.0132036273625697 -0.0838491229276755 0.591305454299439
-0.0280660250168508 0.0649843306345738 -0.172660521389706 0.63503411471821
0.0768745224004093 -0.0487155410353431 -0.368927852621789 0.710964384129969
-0.0115057604203849 -0.150950520052855 -0.398708974772214 0.738908137692349
-0.102106755066357 -0.126243414779559 -0.243284358534514 0.581216814578365
-0.117350218917656 -0.0503576665571519 -0.0412659406857039 0.270006675110303
-0.0939444728737451 -0.0181605402336715 0.106772358051137 -0.0770195938103648
-0.09640485887134 -0.00355859338528253 0.156182042094639 -0.434767806452204
-0.0645222748648971 -0.070189306883523 0.124000143386828 -0.635416092569846
0.00410564173326341 -0.0989336526270976 0.0183773734511141 -0.70777159714035
0.107849582653026 -0.0165096373950233 -0.118303614524136 -0.638866307586004
0.091657647078513 0.071039228484371 -0.215372612952834 -0.559594341860323
-0.0702520355723773 0.0344604664130638 -0.169946552231711 -0.463069558446798
-0.0885540522447203 -0.103837666859901 -0.0420524768697542 -0.185882344691534
0.0996029947939177 0.0923125422278602 -0.0447722261836331 0.162545889663757
0.0707415299158194 -0.0976268283581757 0.0933875527508035 0.461756052904304
-0.0963244830850706 -0.108030839982355 0.19750530196584 0.576587413001028
-0.157418231942315 -0.000174561631303152 0.132686753889341 0.669080070623709
-0.0640269405609825 0.0886003833621761 0.0233140286266341 0.742282773029531
0.0117066789844209 0.0230144067155608 -0.0566199923163477 0.697158990099701
0.0541593471923539 -0.00618972645756377 -0.0749229570817401 0.458810798039946
0.0646961436359315 0.00915579933127562 -0.00508916222540207 0.154734790262851
0.0802895495919724 0.0366264863276027 0.106814288064932 -0.220968022932589
0.0672419923036358 0.0553751508812357 0.274208767095768 -0.474341567446849
-0.0171033666091427 0.095509488624193 0.402430222831455 -0.671770538800642
-0.103589728517772 0.0348258464014209 0.33008800961065 -0.700151499046479
0.00995478599975205 -0.0856766407805614 0.137372770272126 -0.663896683848996
0.105935511634169 -0.0498639479029335 0.0531532363388589 -0.584587134711674
0.0859875893971308 0.100221635125024 0.0604605408436211 -0.274043159129199
0.0893079029832179 0.0746066992773621 -0.0669933146194851 0.145541120187006
0.0771765530037631 -0.100172664767124 0.0808124248516474 0.460734325598915
-0.0832683718687671 -0.135825789079316 0.161122696484558 0.576158191196245
-0.161294168143185 -0.0436381228052279 0.0740966887608868 0.69595994099969
-0.0764351968511067 0.0490749572164895 -0.0121285167295575 0.785674432054005
0.00515205678193251 -0.0138875370550455 -0.0529151137351473 0.71995640320433
0.0568405032781799 -0.0479315291362629 -0.0491342433316 0.454103272867066
0.0718817943657352 -0.0320855070160504 0.0330773353937914 0.13840329962139
0.0910872027592241 -0.0115716607339611 0.142079575147482 -0.230343088714175
0.0880565811145021 0.00695101899277843 0.289299227607116 -0.474405603308847
0.0177232745413015 0.0545290934283328 0.376655782110137 -0.659292344444699
-0.0785686614003984 0.0238396783649456 0.278679914544003 -0.695316090439392
0.00300832741561382 -0.0908859567694288 0.0936414188393396 -0.677152989730181
0.0923724871012977 -0.0782121469279867 0.0300215380178686 -0.593356862511535
0.0893181805187162 0.0643260864462545 0.0385953379566439 -0.297597481262555
0.0671055812871149 0.0439760541576483 -0.0858714688334718 0.136612410434403
0.064388783859567 -0.0918974033252361 0.0613387835139056 0.468499180795003
-0.0640916639061141 -0.13865601675363 0.1130418672025 0.578444882784966
-0.136863962325498 -0.0829054827816285 -0.0114072575010926 0.716996288784778
-0.0767894187091757 -0.00434310178095356 -0.0784602885330863 0.82298605025607
-0.00563763958199168 -0.0574681200312877 -0.073328745784425 0.734438121853994
0.0464093445481167 -0.0842581048688442 -0.0306362533685037 0.438089659688279
0.0645127881464955 -0.0673410510592427 0.0700685462135718 0.105166106508642
0.0807144798672694 -0.051076409365657 0.173867556036409 -0.259166987677896
0.0872787242118013 -0.0408321685404284 0.290720066549669 -0.496912607039201
0.0384805852685477 0.00632312730515152 0.330180246396607 -0.661974882607684
-0.0436450673894312 0.00651990667382494 0.202214741590315 -0.692686801030612
0.00644970672667152 -0.0825648284597817 0.0272138831802463 -0.678133982498779
0.0671159155179581 -0.0889188931770688 -0.0119966399538083 -0.588795577863605
0.0743645500858123 0.0203631671603815 0.00694560818469015 -0.30387201347014
0.0368926370580706 0.000200287874934445 -0.101552172548985 0.141908650216935
0.0308731147726068 -0.0839070152192029 0.0382451478498436 0.490592646653059
-0.0494175109373808 -0.118877267486799 0.0536719382726878 0.584274401668966
-0.0908300719451595 -0.103073385895582 -0.113470755490984 0.729390914543046
-0.0591075188169781 -0.0620526661602633 -0.170364499142248 0.843190402165029
-0.0164233236727797 -0.101090112440593 -0.111698733891534 0.732764803765849
0.0254408048764673 -0.109616653898935 -0.0180113627508458 0.4095244832358
0.0443410085748463 -0.0880901073395256 0.10135558090299 0.0612647345907225
0.0540297668479903 -0.074876001587567 0.195517233421178 -0.299792072298363
0.065288997945056 -0.0761543741564913 0.275959794937121 -0.529354202807065
0.0391058958148097 -0.0396139672321184 0.267070168509842 -0.672831123725535
-0.0108878021550763 -0.0155954738484714 0.116558351096253 -0.684402398915995
0.0183165621409881 -0.0660095178940484 -0.0454476898004879 -0.662581134740757
0.0384120989976287 -0.0814755856162346 -0.059591967757265 -0.570799237131154
0.0444200945297966 -0.0190082521672864 -0.0212356541857107 -0.293691679394
0.00542929117736768 -0.049077272219036 -0.115861259627186 0.160493100403623
-0.0171210121089189 -0.081254255022433 0.00338485735449112 0.519160033045774
-0.0434770880106097 -0.0816481384711866 -0.0133293974524909 0.595958952784215
-0.0359886867634777 -0.10352101711418 -0.211718932926889 0.730915172121806
-0.0303311631739954 -0.109227899583201 -0.262423004245754 0.8402307845514
-0.0271225878238848 -0.13427566002568 -0.15317252219299 0.712184727296966
-0.00469235318990899 -0.119995817939204 -0.0135459929894052 0.375274047360475
0.013804756995515 -0.0924283928303386 0.123331220881222 0.0156272629520245
0.0161799498282907 -0.0792029601843993 0.203080333603847 -0.344134262397814
0.0300679742239227 -0.0942419559955868 0.245874385357637 -0.563981380422904
0.0262537884089717 -0.0739708167002943 0.193056672528878 -0.681477454421177
0.0159271721915748 -0.0325904824298734 0.0295219079059338 -0.668531786861699
0.0366321464044047 -0.0434521951311905 -0.11614768515061 -0.637465046053071
0.010128884652522 -0.0584985618491684 -0.105887010694175 -0.542583412501788
0.00582333528196475 -0.0511677159209894 -0.0442515330806489 -0.272391611829804
-0.0251204516393948 -0.0944118795513973 -0.12806823375709 0.191689870727986
-0.071117902132441 -0.0738908099908646 -0.0321704121501369 0.547111826793705
-0.0440136747627022 -0.0340293837878862 -0.0840853110482499 0.607226890600564
0.0179238622540375 -0.0861411476791932 -0.298322805047704 0.724892359460341
-0.00472463164995048 -0.140859572777682 -0.336840577116798 0.816318709485392
-0.041728202666642 -0.152713874933429 -0.190687656726331 0.673077796819142
-0.0406568647993988 -0.112340084993933 -0.0130142474081973 0.33617089201423
-0.0220466918393045 -0.0815720502725044 0.132105190899897 -0.027461876866596
-0.0259605592685031 -0.0662420022290903 0.198970234453028 -0.384699072391085
-0.00844653551799572 -0.0974331965434326 0.20342373012371 -0.593683609785388
0.0102339179378865 -0.0957324199142405 0.119964271119446 -0.685265190079163
0.0432007974679306 -0.0413480365022368 -0.0466184682297528 -0.652218495171977
0.0570881113749031 -0.0127077712284723 -0.172972971865342 -0.608220156967977
-0.0159898714166078 -0.0270871765900828 -0.141151132001064 -0.511165869862968
-0.0330171907619793 -0.0749540503770925 -0.0551364993228239 -0.245198149944295
-0.0566999541175421 -0.121682509340404 -0.13409943891001 0.232275773207984
-0.117510589181945 -0.0517561500931266 -0.0663208484644464 0.572245467342085
-0.0393269208742044 0.0187523693146818 -0.139110026511947 0.621291872814331
0.0569513210719698 -0.0661805349600352 -0.350887731862715 0.719873907862818
0.00382050517162708 -0.15553467889565 -0.381056604269964 0.779010709375453
-0.068327827034333 -0.150242354435791 -0.220953657249743 0.626671846516807
-0.0802159894764648 -0.0878941581063508 -0.0220504447101534 0.29812610518574
-0.0604589395844453 -0.0549994126138588 0.126361008664062 -0.0598943042024535
-0.0656022372886591 -0.0389575162776224 0.179091559639501 -0.416953367790699
-0.0420310354126184 -0.0882558534811137 0.158181273541897 -0.618767758037469
0.00121080166864362 -0.103043976455921 0.0564494574871395 -0.692536707525349
0.0746766632766388 -0.036948004713754 -0.100422372009177 -0.638180030989977
0.0780629815186323 0.0249035691816502 -0.209632005372576 -0.581216156364246
-0.0433180939176621 0.0061156018184628 -0.163002897143511 -0.486521779847215
-0.066487334769585 -0.0921195994483924 -0.054035464028688 -0.215231155935414
-0.0860843084168439 -0.123863250811538 -0.128188192253785 0.272787333546675
-0.147079103496417 -0.0135832213112177 -0.0826829971441434 0.591926177648537
-0.0279192778023138 0.0645142937753947 -0.170728366432733 0.636453749822635
0.0752861844303491 -0.0498096472240504 -0.367254578788 0.714275589825495
-0.0126892712853627 -0.149903053005169 -0.395579747338857 0.740251911902866
-0.101805482644457 -0.125634298079957 -0.241573247384063 0.580484040154533
-0.116838990382396 -0.048313886653197 -0.0394154721381223 0.269526549167065
-0.0937383682236119 -0.0178920088152505 0.105541289323048 -0.0767977321568851
-0.0955526613160757 -0.00234819039793421 0.153999275259248 -0.43464818333886
-0.064683565111215 -0.0695125835870162 0.120432487857748 -0.637172494300355
0.00278361625022319 -0.0991625386318444 0.017021650898911 -0.707073135632894
0.109239383774352 -0.0169424501358167 -0.121026881709245 -0.639034260634057
0.0916991104727727 0.0704642486565291 -0.219376619883653 -0.558319569576476
-0.070946930483596 0.0345510270357071 -0.171174510354293 -0.462513357513885
-0.0894948346511841 -0.10363600945795 -0.0440863430463837 -0.186132114537182
0.0997010053559682 0.092174751228904 -0.0444049449221067 0.163417725600674
0.070137450265916 -0.0967665191439329 0.0956655725105719 0.4620822194225
-0.0968893417870776 -0.107021385241887 0.198240042782253 0.577009692438177
-0.158349487201683 0.000299445388762185 0.133789854101479 0.671771205957912
-0.0630157212662179 0.0885022122300509 0.026030281684232 0.74272869806744
0.0115700530806169 0.0237819175314524 -0.0528780868018888 0.695706732596675
0.053783382935979 -0.00614399177102846 -0.0720990924990577 0.457803240995256
0.0640005919969331 0.0089851365921867 -0.00368283778765179 0.155257537215574
0.0811741231475747 0.0362703831422679 0.105549039425427 -0.220386539995869
0.0660653288053309 0.0553320647898413 0.272523104898568 -0.474138680941218
-0.0163216742462763 0.0946223934253714 0.400609049174088 -0.673260072619945
-0.10406218907015 0.0351490558868963 0.32847575541918 -0.701323323102104
0.00900161469349208 -0.0865613359421695 0.134899857549249 -0.663079234538016
0.10475442921887 -0.0501397925326122 0.0513847339945664 -0.586825345510345
0.0863610507912048 0.0996629448592818 0.0594313019097257 -0.274973794123542
0.0893659150158276 0.0737607215701125 -0.0666876008847643 0.144717460278932
0.077214585442813 -0.0991614700477623 0.0815329560810248 0.460646519650247
-0.0837113130932927 -0.134128145710335 0.163936009174461 0.575806458193099
-0.16162300950399 -0.0431212902629463 0.0774818375695351 0.696145036286632
-0.0764247207308709 0.0497519612424518 -0.00772741930380287 0.787075056660153
0.00579604073011677 -0.0143452452002453 -0.0517285829681609 0.718659431820563
0.0563713255361666 -0.0476318607979156 -0.0472570907679517 0.454251154368467
0.0722522355019374 -0.0326773411823099 0.0327663604074569 0.138249367617712
0.0904020198636397 -0.0113620711346227 0.141090304682657 -0.229876524434844
0.0873629586768345 0.00613105759165112 0.286341582258311 -0.476727975218979
0.0179990094205934 0.0539293407489491 0.37415387245986 -0.661488972115175
-0.0774103355054677 0.0241360273041959 0.276330672058833 -0.698910598583058
0.00180543904944655 -0.0918390301937724 0.0913825355566629 -0.677833435358068
0.0914329287574466 -0.0782343303636066 0.0294298709553067 -0.594311127929717
0.08899502077781 0.0629521383451156 0.0362664993185663 -0.298062791999917
0.0661994291400523 0.0441284499973827 -0.0856656015093548 0.136985860017079
0.0647450455285819 -0.0916794884954821 0.0621683009253814 0.469905270884314
-0.0643368964006302 -0.137791178333518 0.114763926256226 0.579906812344743
-0.138000415504098 -0.0812284951302946 -0.0074604408658736 0.718372346213747
-0.0764501106930183 -0.00348846257501182 -0.0741443770605396 0.822401065313036
-0.00554343965587209 -0.0570123627024256 -0.0716113547975683 0.733659210373984
0.0457758476218807 -0.0844951735323431 -0.0286098776197742 0.438237781961112
0.0649589839791069 -0.0674482759302981 0.070374620455104 0.104913011140508
0.0809930665353393 -0.0505142110632469 0.171593819853668 -0.259254251872291
0.0873870894843523 -0.0413532655846731 0.288762504749046 -0.496942385154898
0.0379612421510449 0.00576049847978267 0.327676663302632 -0.663009884296548
-0.0432355742444266 0.00602158497873168 0.201679933273753 -0.694021354782317
0.00517607233963302 -0.0830781437711356 0.025018922008464 -0.677596093032044
0.0658580727301483 -0.0892790599661835 -0.014412990269565 -0.58959080230558
0.0742513819601014 0.0199580523997904 0.00604145668011442 -0.304294549984719
0.0373887168493138 0.000840753216039151 -0.101389471100985 0.142083134021812
0.0294046123292627 -0.0835840258943465 0.0390111251727922 0.492235221144778
-0.0492296515653981 -0.118113404980628 0.0555800233054596 0.586177935148323
-0.0916265985338291 -0.104255095761779 -0.112846063683818 0.73135319889376
-0.0600868824715234 -0.0611257785299909 -0.165271047816209 0.84421082037443
-0.0162489326673363 -0.099402388253867 -0.107514151352899 0.73141695037192
0.0253446493934808 -0.109052497841474 -0.0170725237159332 0.410390925349527
0.044640266990317 -0.0881938009388028 0.101683117487545 0.0612511682637139
0.0543963500603304 -0.0743274747055817 0.193382673724814 -0.301427687372278
0.0651283292600123 -0.076518524025265 0.272534699103947 -0.531047901116319
0.0393781458062121 -0.0399974221044937 0.266108014147655 -0.673717449145715
-0.0111913946641284 -0.0160274804229016 0.114225721070155 -0.684628557841136
0.0180201707778355 -0.066091686878246 -0.0477622608077845 -0.66362597281058
0.0370441826418753 -0.080857151321662 -0.0623055794976715 -0.570461820357176
0.0442379027305225 -0.0191810806686412 -0.0233853949139781 -0.293468810529015
0.0056503469067872 -0.0492454978810506 -0.115332260934614 0.160756496909938
-0.0178480128564915 -0.0811677348720853 0.00318381224080845 0.518703541159962
-0.0441379217550148 -0.0821764206346396 -0.0121375383199549 0.595887756441985
-0.0368501119170771 -0.103602244010001 -0.209878268872955 0.731550715583456
-0.0312380151208401 -0.109242150283417 -0.258872796336775 0.839785284281048
-0.0267446619457686 -0.133019729233691 -0.150106251063883 0.711734454766549
-0.00473641720031287 -0.119249106540544 -0.0111851363303301 0.375308971895005
0.013611981006694 -0.0921990963811192 0.122442821381916 0.0160446666499457
0.0162937032204105 -0.0783611926590561 0.201888168918056 -0.345278960362006
0.0298071310758238 -0.0945091251425351 0.241891090147118 -0.565670242293069
0.0259981458875852 -0.0743566935922374 0.190080181413124 -0.682343004470445
0.0158972261439006 -0.0331619546131729 0.0284052435699965 -0.670098860980225
0.0358348497445821 -0.043597140047975 -0.116948519074738 -0.638985627978453
0.0101726027616316 -0.0588363912227682 -0.107238429231248 -0.543315795771832
0.00612564323253234 -0.0510900612462971 -0.0450990386722629 -0.273398929728119
-0.0256147355859146 -0.0942868555920924 -0.127086203821387 0.193236393131036
-0.0708834223572886 -0.0737931120724152 -0.0334438916114857 0.548297241110372
-0.0432645196890367 -0.0339818961899005 -0.0816571171806182 0.608556892820189
0.0157372927816194 -0.086625734342138 -0.294206364555401 0.726565230181582
-0.00526805867545132 -0.140589464661378 -0.334055004352323 0.816872514995179
-0.042316173745645 -0.151837431913765 -0.188760138840155 0.672971628866276
-0.0405318452603451 -0.111969455143608 -0.0118756457642219 0.335283737923453
-0.0231476465719877 -0.0810247238399397 0.132096656856062 -0.0276621445698211
-0.025482326790478 -0.0658877717177372 0.195170141063182 -0.385609477398766
-0.0103349016622988 -0.0976889183105538 0.200202393705909 -0.594729292340589
0.00991164990357826 -0.0953108393637767 0.116736972204883 -0.687692873549424
0.0433497266943869 -0.0410564617368995 -0.0496882746282282 -0.652517136770723
0.0569957919207552 -0.0134140448832757 -0.17435701390257 -0.608453610331224
-0.0165598860436018 -0.0271328910250356 -0.142010734389468 -0.513499524770628
-0.0331330352691449 -0.0752763937030813 -0.0561147640640621 -0.24548315931234
-0.0576474065438442 -0.121222540994701 -0.132497579315492 0.233628836169068
-0.117415100970211 -0.0514466977197782 -0.0651682652787144 0.573763724952008
-0.0391494372839589 0.0179947429040497 -0.138840138829676 0.622037812781285
0.0564024130571737 -0.0661202139423603 -0.349873345112831 0.722419932290871
0.00257509579771927 -0.15521772813788 -0.379551594038697 0.779837413408445
-0.068639259463117 -0.148623504472328 -0.216601627939798 0.627201973885212
-0.079486853400036 -0.0863588654196647 -0.0201077928563474 0.297200094756496
-0.0606439565661145 -0.0539634483553761 0.125679648153595 -0.0598301616482192
-0.0647690281797497 -0.0385403369127892 0.177618264877625 -0.418139155471322
-0.0428441587721007 -0.0872125523993462 0.156472257774832 -0.620008238758955
0.000751053195060535 -0.103645971735388 0.0535512609546595 -0.693940711636443
0.0745420740597898 -0.0366771308605085 -0.102602158129624 -0.639396506922575
0.077458312569692 0.0253232469257212 -0.21174299068999 -0.582075257167181
-0.0435647935187968 0.00599233726209529 -0.164271996332304 -0.484825839429071
-0.0670643959199234 -0.0919017949129115 -0.055498868238475 -0.215821588612379
-0.0864956294741748 -0.123293552890955 -0.127955096341511 0.274174044982476
-0.145907642207382 -0.012228172474077 -0.0814927481933004 0.593320988414921
-0.0282915805096236 0.0641940993221991 -0.168825917939138 0.637712274355786
0.0745521396135855 -0.0493248706178354 -0.361500315722044 0.715291747597863
-0.0129398773178848 -0.150122395411183 -0.393455334790986 0.741255309223156
-0.102106367721604 -0.124071139075211 -0.237612433958765 0.581127368409224
-0.117407313345736 -0.0472009171443805 -0.0385295770854948 0.269482796228575
-0.0939488138948824 -0.0174101072251622 0.105684372146169 -0.0765997098413059
-0.0953061307010448 -0.00193409511811892 0.151046527040024 -0.435005537156129
-0.0661116701783212 -0.0684976770005584 0.117040346043571 -0.637488997422825
0.00235177762979018 -0.0979928929474259 0.0152424681543629 -0.708678117101279
0.107142514658213 -0.0179806937918667 -0.122453626869636 -0.63972802839657
0.0920220963420597 0.0690321167865496 -0.220006997440916 -0.559306955172091
-0.0708787265534785 0.0339484144526596 -0.172413647484839 -0.462304486271821
-0.0896827208791879 -0.10296260687386 -0.0452108585391724 -0.185287545904451
0.0999472269313077 0.0907385160915425 -0.0442287411410909 0.163665024126287
0.0691132889650554 -0.0970528186483712 0.0963381823307068 0.463835126471518
-0.097092000276812 -0.106322944570219 0.200382354744007 0.578219776619736
-0.158610980424757 0.000440741410255633 0.137695771372953 0.672483007204033
-0.0632269811742231 0.0888950356799531 0.0291550718822877 0.743229832301384
0.0124744878545372 0.0238086830312498 -0.0495965920890653 0.696638207460064
0.0530721428720357 -0.00554031781620768 -0.0684294171708966 0.460196073767302
0.0648244997550249 0.00844466426305321 -0.00337402549200334 0.156146010525333
0.0815718506064873 0.0354812090430634 0.103611992766191 -0.221915627265311
0.0655185793002565 0.0549694705519631 0.270671555155004 -0.476578415563031
-0.0159043689715269 0.0951630931107676 0.397742933675396 -0.676220438928314
-0.104229833348614 0.0352819883016108 0.326202432761275 -0.705277388508013
0.00811276828876181 -0.0863736687539752 0.133087057643698 -0.664093127377766
0.102977101597533 -0.0495897178835051 0.049456561371272 -0.587236735480296
0.08632505356387 0.0993241126805811 0.057765990208472 -0.276247018088104
0.0889102490763212 0.0738522277728711 -0.0657620178200917 0.145692176515352
0.0769717477247453 -0.098573907184612 0.0819345647746146 0.462058650461805
-0.083800507853253 -0.133600164784564 0.165505892186771 0.577678549834603
-0.161532483348268 -0.0421515203537267 0.0801755053145056 0.697959546668187
-0.076400292632761 0.0502409611287962 -0.00445541631444149 0.785694346887494
0.00546209587958593 -0.0134498287018026 -0.0478843845480899 0.719894604916343
0.0562946767862015 -0.0479310014669583 -0.0457047722193361 0.455810959713479
0.0720483474520956 -0.0334527296312797 0.0334871997384929 0.139447157523416
0.0912862749008867 -0.0112416132023757 0.139660085041512 -0.231872347963729
0.0871756130788252 0.00545949700006574 0.28314612153318 -0.477221370598639
0.0183681080458846 0.0542150419102531 0.372693087415594 -0.663740784474095
-0.0782090810093162 0.0240795598902723 0.274873599916735 -0.700980658307154
0.00116151039960919 -0.0916716160199324 0.0893059821023618 -0.679486553416567
0.0898162325813608 -0.0786688037680504 0.0255427777488896 -0.597701370857806
0.0887269960748544 0.062424501930762 0.0353051362065081 -0.298426836215708
0.0671472071309772 0.0439904137931761 -0.0852001889276126 0.13827009576219
0.064115137372123 -0.0915732248033202 0.0632879294174026 0.470571747664054
-0.0649037022614554 -0.137486180641582 0.116097966560844 0.581530753551986
-0.138289779373909 -0.0816023761015033 -0.00388632205339636 0.720595174389703
-0.0774119900934627 -0.0036713501687895 -0.0713251211270581 0.826461027248425
-0.00602482699070812 -0.0561710230776648 -0.0665641483566462 0.735033056649156
0.0458927753266854 -0.084034429569815 -0.0256681225593487 0.438961526959957
0.0648160001904637 -0.0676120573660571 0.0709019116915098 0.105133148813906
0.0812147366971715 -0.0511766790195453 0.17009435881812 -0.260643048162673
0.0858988801466555 -0.0417869680079618 0.286306966787522 -0.499545486706828
0.0381563525526403 0.00430504232870993 0.327249033856987 -0.666224526788098
-0.0430154348054029 0.00528486429115367 0.198384477717725 -0.696585077079046
0.00518432168563183 -0.0832420637516116 0.0238261814089185 -0.679456919079116
0.0651419619933814 -0.0887621644515118 -0.0154564459359668 -0.590795778686942
0.0736011547025329 0.0190890208303241 0.00467104156290241 -0.305650396198973
0.0375609076453772 0.000555672427025294 -0.100800298289325 0.142769551928192
0.0293142438264231 -0.0850833138334234 0.0386917164675396 0.493480819678799
-0.0493140363781375 -0.118812499629954 0.0562098156694606 0.588460045234858
-0.0935199810065728 -0.103925631605517 -0.107027721502367 0.732983877311191
-0.0603154370826688 -0.0608367229556352 -0.163546898339509 0.845621602628891
-0.0169773796946068 -0.0989595708177666 -0.104775882072962 0.735027928354787
0.0238789631956899 -0.108264456666451 -0.0143779253010793 0.411440352068172
0.0441685840056941 -0.0885069006016021 0.101299603655327 0.0616704665970886
0.0542944690773637 -0.0735064514180567 0.191169495848909 -0.303593339110673
0.0640543601020259 -0.0761291077856203 0.271767491268515 -0.532514625489263
0.0383223389275655 -0.0410539687866549 0.263938566267078 -0.676071001644274
-0.0114565761840986 -0.0156011303513945 0.112036820917489 -0.688311991125693
0.0175317245896753 -0.0676933301784257 -0.0494784664757889 -0.664891894209021
0.0365508092800923 -0.0810895947668904 -0.0642437130098468 -0.572726442321582
0.0443486466941306 -0.0196362470215718 -0.0251784102796547 -0.294983825276543
0.0065307123233324 -0.0501806764217514 -0.115708170069668 0.161608684574464
-0.0178454804769179 -0.0810387659665854 0.00381542044653475 0.520457516149508
-0.0440221826202112 -0.0824025162521728 -0.010644185807464 0.598929983917617
-0.036172144878308 -0.10307864385744 -0.206117744504763 0.733614143534819
-0.0321228522764346 -0.108518581812416 -0.254507365469206 0.842201791470191
-0.0274528631632118 -0.132367355437675 -0.146033365145127 0.712349921486496
-0.00540128964939578 -0.118495810254205 -0.00909478444901584 0.375894061531535
0.013858072135235 -0.0930064978658615 0.123225582419978 0.0156648734277768
0.015971443948423 -0.0782915878802149 0.199596933924423 -0.346647444030442
0.0290581152414839 -0.0944102459685248 0.240381423264954 -0.567144605763899
0.0256162866573883 -0.0752607476513436 0.188327293316197 -0.685440581841396
0.0159953869783582 -0.0337238191080347 0.0248258265228467 -0.670901677792962
0.0351903135384637 -0.0444477448605727 -0.119731268870931 -0.639211035468344
0.00900230639098232 -0.0591570439983467 -0.10892894930058 -0.544922971204032
0.00580045555955313 -0.0516949622948517 -0.0468048976849285 -0.273601866430432
-0.0258738774482016 -0.0935886386306292 -0.126599556645607 0.194143095748662
-0.0702051260160007 -0.0747843546317372 -0.0328700401611558 0.549430352697476
-0.0431359879814897 -0.0350284328635683 -0.0808950460796273 0.611265260826288
0.0155545817976386 -0.0870809941230566 -0.293622579910094 0.730502254727854
-0.00536991736746227 -0.141375664526744 -0.332050626051325 0.817697794835862
-0.0426648281036035 -0.150834928368693 -0.186204266076048 0.674581896950733
-0.0408231998591566 -0.110762111616916 -0.00994040465791546 0.335864577287833
-0.0219356371738112 -0.0808359167407648 0.130927513010857 -0.0269968804915413
-0.0256430500244976 -0.0649703467093359 0.195183938481061 -0.387242356124908
-0.0100857975369101 -0.0974497420278985 0.198297602309874 -0.597331834997323
0.00983154213186789 -0.0956351359948937 0.112239326002256 -0.690229091290096
0.0424301191972609 -0.0420117341331734 -0.0508191480218178 -0.656042665677813
0.0566514783189801 -0.0144980313092901 -0.177873442994259 -0.609896058174225
-0.0175209013014562 -0.0272474055313242 -0.143313368722127 -0.513081658212467
-0.0335038276553042 -0.0750004461142503 -0.0577710117628661 -0.245681759955
-0.0577413682300338 -0.122007294104404 -0.132330039963669 0.235133116678914
-0.117394306412952 -0.051078117569854 -0.0636066900582366 0.574229884061144
-0.0388006945412441 0.0178358754094141 -0.136988476601299 0.62568994456822
0.0558975955159259 -0.0668069132062378 -0.347184493523915 0.725261238220413
0.0024637767405657 -0.154459797793701 -0.375662836101793 0.780819383821266
-0.0693213837615101 -0.148752471330028 -0.213252928690698 0.628871293383566
-0.0793230535359584 -0.0859216358443334 -0.018305310639709 0.29692954179507
-0.0599775502542028 -0.0537842732963514 0.125807464508644 -0.0605006453818516
-0.0645302019476114 -0.0373697473740102 0.175852686216257 -0.418369655184722
-0.0435809101173379 -0.0862544550884718 0.1531245662288 -0.622261428421788
-0.000607958333646484 -0.10387626637626 0.0517102286731923 -0.695012434668791
0.0743046070024883 -0.0377818735196303 -0.106940613259505 -0.6422150754692
0.0769838556111398 0.0246050349830864 -0.212730262025856 -0.582902011051256
-0.0444129810207625 0.00614205461413207 -0.165703956584888 -0.486317283276246
-0.067370299192491 -0.0919942366763866 -0.0565186940132567 -0.216532321609022
-0.0863926924994793 -0.123066336159069 -0.126450192532257 0.276313156657995
-0.14615484151219 -0.0119495928470467 -0.0802986228642883 0.594965123473839
-0.0278073567063993 0.0640964402363318 -0.168026446701934 0.640917431814286
0.0746715918779875 -0.0498052703691987 -0.361037447847597 0.718128857058596
-0.0130873480225502 -0.149285817406295 -0.389652359694469 0.74196071777507
-0.102190953447951 -0.123010460569976 -0.235788702865737 0.58077509433523
-0.116967059568532 -0.0450814860467145 -0.0360928014754655 0.269623555500193
-0.0938552887366783 -0.0165965187309006 0.105652823544939 -0.0757637109274226
-0.094328219435531 -0.000196066042989884 0.148466849607476 -0.436119206949403
-0.0664016266993527 -0.0676403257062941 0.113935233782904 -0.638037477454774
0.00162927075858239 -0.0987308279061296 0.0112720010505879 -0.709937560615106
0.107795063603856 -0.0182893749415501 -0.125806603511867 -0.642352829573288
0.0919602464684738 0.0683440346429807 -0.222629473744092 -0.560372709275866
-0.0705970460580215 0.0342804259999543 -0.17479038238394 -0.46332965261544
-0.0899301121250132 -0.102026508995806 -0.0465527243694067 -0.186446218462439
0.0999134372968552 0.0911107831872683 -0.0433866867343381 0.16368009931368
0.0694217340795715 -0.0967965044363037 0.0966092047994922 0.464869081736212
-0.0974950643342988 -0.105046662652288 0.203790299133193 0.579336734686356
-0.158999788960652 0.00225069120844307 0.14238834332469 0.673750391193959
-0.0623219110745904 0.0898332523060585 0.0340810830486787 0.744823672145094
0.0124650283697211 0.0238862498383401 -0.0471669479338834 0.697604095218966
0.054084365822813 -0.00666898176922561 -0.0675283529764244 0.460804122623814
0.064635431569247 0.00838700266854616 -0.00218334661307932 0.157325538113299
0.0818038059983298 0.0358025846776005 0.102437473401688 -0.222706923680574
0.0661230126905549 0.0540424491354355 0.267631857839803 -0.478791819990364
-0.0160963618104364 0.0944305262363309 0.396792369706012 -0.680782986710045
-0.103691645555291 0.0361040746677651 0.325500584656518 -0.709142227701306
0.00746518916459965 -0.0870940617837394 0.131263493523457 -0.667060545606741
0.10263723239285 -0.0501275437814106 0.0471866539938183 -0.590035103619062
0.0863336600895225 0.0990904327519586 0.0563233564317454 -0.278260500818184
0.0893054751672641 0.0739137017807302 -0.0656452736272924 0.147325863131787
0.0762572301859719 -0.0986414730952356 0.0821430867760925 0.46392933232081
-0.084511058847231 -0.133019188696136 0.169103054441775 0.580863258646139
-0.1630670892252 -0.0416570536605742 0.0839159906147983 0.700558342859414
-0.0763744713604342 0.0506174633710896 -0.00151145014386692 0.78852528947125
0.00589046719841897 -0.0135078652385222 -0.0451251956546715 0.720188771802563
0.0560953234725029 -0.0482054869169482 -0.0430583900260696 0.455749824285806
0.0724648523670435 -0.0342071644061686 0.0343750904332811 0.138731406573775
0.0915626599268842 -0.0131275039086812 0.137080746685313 -0.232287677046093
0.0868675143293324 0.00519302235082804 0.282666001999999 -0.480538520847343
0.0185185658033037 0.0530050557301083 0.368537774647173 -0.668192662340411
-0.0776529326813866 0.02452461544604 0.273571068709402 -0.704325615247565
0.000892692035961852 -0.0926203918482905 0.0871021203677145 -0.680998562333604
0.0886663803243852 -0.0788317479137781 0.0231550476667314 -0.598802113941398
0.0891404625898922 0.0621896402505262 0.0334129243893966 -0.299878739471625
0.0668912089552067 0.0431584766772525 -0.0846791613611658 0.138640176269721
0.063160102515764 -0.0914183544387005 0.0630944412204879 0.473410110391038
-0.0651751742757378 -0.137209699761288 0.118171401352862 0.584043101539729
-0.13875238735486 -0.0806880266435576 -0.00165765505031666 0.721668789272062
-0.0769858063898905 -0.00348871385543202 -0.0673652935241 0.827543227844325
-0.00507985441271955 -0.0559009352169816 -0.0633618234050458 0.734942432479007
0.0448444266099624 -0.0835829362372082 -0.0238742202538615 0.440579090280299
0.0652282390689292 -0.0684026041723529 0.0714349458063739 0.105189855556054
0.0816080275144017 -0.0516045303952963 0.167995437667701 -0.26142334832544
0.0851377657928145 -0.0425668265864891 0.283776400521826 -0.501096174431942
0.0379328346889242 0.00377221196300025 0.322456794841702 -0.673041477363699
-0.0436263756091377 0.00637076540304624 0.197136465295185 -0.700035405105357
0.00440639485865888 -0.0835621341085115 0.0212917194877361 -0.681936724437112
0.0636874231638643 -0.0897246092221751 -0.0191150655104443 -0.593331653876615
0.0739669274827499 0.0190324013270932 0.00184692660875228 -0.305893663161111
0.0364596993893615 0.000268302124056515 -0.100208136358338 0.144368773234956
0.0292547456063402 -0.0845124268314275 0.0397107239927064 0.494617664024997
-0.0503558548223795 -0.11887450458719 0.0587930621979319 0.59184055886531
-0.093048347924329 -0.102871366852183 -0.104112675867704 0.736521962645952
-0.0609049563449841 -0.0608752495932081 -0.159185950523037 0.846406286582663
-0.0162440650551844 -0.0981937578241566 -0.102186373179085 0.734777560349041
0.0243645556272335 -0.108009601913824 -0.0130942134006195 0.41229419894809
0.0441104434707767 -0.08871615655884 0.101741943578432 0.0618149112065164
0.0550536274752016 -0.074105848930275 0.189671307565637 -0.305599879313682
0.0629950678418078 -0.0777353997103538 0.268030246522286 -0.53463806899154
0.0384068665730146 -0.0421004319033435 0.258231050696857 -0.680997065383899
-0.0109950852370285 -0.0155653807448233 0.110329429625147 -0.691859498976053
0.0169570243789319 -0.0675286304585717 -0.0522827382378464 -0.667526297245144
0.0360920735310905 -0.0811474045920652 -0.0661793836217283 -0.574886353043445
0.0431483343316883 -0.0200788795289086 -0.0264471705508486 -0.29583411659086
0.0056016445219649 -0.0491630694314264 -0.114787972996417 0.16334824702004
-0.018195805228216 -0.0800442856224487 0.00490955409807523 0.522748436411189
-0.0438641569914591 -0.0825286748026143 -0.00812306271433223 0.602795044170177
-0.0380715249156043 -0.103013388191568 -0.20194962869646 0.736197816149504
-0.0328719137479562 -0.109064319049611 -0.251103860587226 0.846449965457864
-0.0283122219059487 -0.131943205128047 -0.143994426126939 0.713966061221967
-0.0064030191017021 -0.118051396600197 -0.00748697367447661 0.375789259764624
0.0142158627796279 -0.0928044294768375 0.123258672943416 0.0147618784005506
0.016081979168176 -0.077815483977532 0.198419155437372 -0.348812480866981
0.0274906250249083 -0.0949219258085156 0.237185625108521 -0.57023619980228
0.0249029618347217 -0.0755290541653477 0.185589504047791 -0.689549545806793
0.0154081300889746 -0.0347199848877737 0.0214759146991189 -0.676496005948816
0.0349477490407582 -0.0457981300074237 -0.123355369626389 -0.641075464514543
0.00886494287019069 -0.0589495037511588 -0.113082568453139 -0.546383443061819
0.00549244764927078 -0.0514186231333938 -0.0484690333124156 -0.274661588013573
-0.0265939242159195 -0.094028616620412 -0.125941802322076 0.196035984355351
-0.0706298434849244 -0.0737419363345141 -0.0315243084210304 0.553280200864138
-0.0428607657783376 -0.0347524356971086 -0.078406912394963 0.613867651530244
0.0147138233327031 -0.0870449616961155 -0.290659753786876 0.733307172029413
-0.00667159257869224 -0.140434974358407 -0.329892485556996 0.822412473459966
-0.0441297606818473 -0.15000457771757 -0.181858839112724 0.676874014762392
-0.0409608337115691 -0.10966948063272 -0.00846974288567578 0.336168574541862
-0.0219863896497497 -0.0804539431676533 0.131010787928631 -0.0277807861516955
-0.0252850223465889 -0.0643914673968567 0.193017498979377 -0.388730187078201
-0.0110194563063307 -0.0972941079278163 0.193797690088444 -0.601113542807218
0.0081486725886371 -0.0960291054804142 0.110090475451437 -0.694589493096266
0.0433984049166151 -0.0430076414253643 -0.0547730454520377 -0.658621542514665
0.0563329383288849 -0.0149727700161098 -0.181031519658029 -0.611731101377492
-0.0179749461693263 -0.027435946496775 -0.14638483977692 -0.515351946903024
-0.0348405042108811 -0.0751116848972209 -0.05924632606612 -0.245857001612124
-0.0578743034619346 -0.121051127677109 -0.131417759849767 0.236071107906488
-0.11730613119093 -0.0514664947760867 -0.0640449356267179 0.579173453843657
-0.0386327847060219 0.0181193647609232 -0.134038646632994 0.630173589770767
0.055058287335867 -0.0661289380264787 -0.343912609952709 0.727107230606503
0.00127566151002712 -0.154494508850697 -0.374112537745203 0.785505460623577
-0.0690090931096693 -0.146630855523927 -0.209689173496536 0.628953162623579
-0.0802211636842937 -0.0839536542976459 -0.0158920842808249 0.297623491443062
-0.0596254092200433 -0.0534065300889257 0.125341795922486 -0.0602232675326056
-0.0642588596245253 -0.036398775681141 0.172200205010712 -0.421273156868875
-0.0445196037399542 -0.0861459272008267 0.149822863778616 -0.624142215541027
-0.00204605631375934 -0.103406646114309 0.0484351856124588 -0.698507974998583
0.0745121875846032 -0.0383031079723861 -0.10833310120117 -0.644882413906755
0.0767095916145963 0.0234395029165931 -0.217073427033469 -0.584036441128705
-0.0446218860094793 0.00618167827151189 -0.169099392278262 -0.488340937947862
-0.0684883751618325 -0.0922732325030802 -0.0586141609025258 -0.216275214001142
-0.0868193413277077 -0.122924931428579 -0.125233844084112 0.277206532464577
-0.146990586089085 -0.0115819633946248 -0.0780094127328435 0.597157936737853
-0.0272572993789012 0.0636064448838313 -0.166398189049585 0.644448558982697
0.0740008318183669 -0.050728688090695 -0.357952889473733 0.722346464122171
-0.0146529720070367 -0.149435382948912 -0.390016603789155 0.74733016767614
-0.10219944866853 -0.121487850819756 -0.23307034663655 0.583946120067891
-0.116441964625304 -0.0438982747382184 -0.0339034835964758 0.269721539707371
-0.0935435144945957 -0.0156134787972003 0.105355058706293 -0.0767930400039064
-0.0940176295386309 1.22058911723594E-05 0.146686598978017 -0.437509846318091
-0.0669957675638256 -0.0673885609456306 0.109503733658727 -0.640228577755117
0.00103270016463614 -0.0986037559271013 0.00793259151431955 -0.713580234794822
0.107616611075561 -0.0195253827363295 -0.129206927410185 -0.644972705593182
0.0911055393779761 0.0673094410840767 -0.226035348203818 -0.56323238482144
-0.0711893284207164 0.0339917970885214 -0.176083951264705 -0.465307214591951
-0.0907033870434048 -0.101814501165574 -0.0474879874184333 -0.186636080972215
0.0999526412751418 0.0915183228108066 -0.0428154707611537 0.165171803249179
0.0690260261026292 -0.0965477363532566 0.0972017886385908 0.466675545437503
-0.0979052264507065 -0.105539110857257 0.206174669649341 0.583650125349062
-0.159555120572229 0.00262611118511836 0.145801521915318 0.677197450601284
-0.0631556377026645 0.0897786470427524 0.0370206268846403 0.749242123647258
0.0124062276142469 0.0244776133828653 -0.0429010864267918 0.700290925177389
0.0538106962406293 -0.00626956744812573 -0.0650113312959741 0.463390504066328
0.0651986746573917 0.00804502635428352 -0.00208570051260403 0.158280914014278
0.08283572879159 0.0357805623993874 0.101983847258253 -0.222659471935326
0.0657599288552702 0.0543150734984341 0.265695704410771 -0.480860554098278
-0.0158396183354468 0.094126559243683 0.39378577988246 -0.685995037571517
-0.10425522332213 0.037256117685453 0.321770340291958 -0.71451931386962
0.00664627227803725 -0.0871129054174189 0.128897068825745 -0.671104882733219
0.101565500576157 -0.0497301522645699 0.0461223640195183 -0.593180239780721
0.0864383254574288 0.098746332695935 0.0541904233847833 -0.279285190891502
0.0896748917655327 0.0736899023831037 -0.0652256464569371 0.14737620472927
0.0756368459633746 -0.0988619426949341 0.0838090550767489 0.466696499028872
-0.0850508877180114 -0.133093263836488 0.171316581571323 0.58336290058896
-0.163246392026745 -0.0409164170600575 0.0874548424784368 0.703904341046624
-0.0765805380521303 0.0508577698893003 0.00316191271877428 0.791742374474556
0.0059491779471053 -0.0129971233795209 -0.0387618085739049 0.723070623541516
0.0553034480196127 -0.0483820212305722 -0.0381443297627939 0.458655261135186
0.0729616098164296 -0.0347772886098925 0.0350578076008985 0.139930281211607
0.0917640792152701 -0.0127440849489486 0.135699921998006 -0.233215862197081
0.0863986426437202 0.00440100859027664 0.279780298905196 -0.482113254175026
0.0182333876334629 0.0529589353634368 0.366143527781658 -0.673016951276086
-0.0780368175560904 0.0251659817865778 0.270155299676893 -0.709834879757404
0.000264355545253763 -0.0922618280863485 0.0856131210518998 -0.684044582750786
0.0879622445108367 -0.0786155592611816 0.0224347695201546 -0.602864538481902
0.0888099029226761 0.0617544998829226 0.0312434460372425 -0.301504941361664
0.0660930918400743 0.0427724891326737 -0.0842990623448673 0.14038425264131
0.0634687635030685 -0.0916265226393862 0.0651844369509991 0.475304237954678
-0.0662033006778465 -0.136795583216765 0.122332933844685 0.587356470771612
-0.139499305309598 -0.080691173028045 0.00169273745593348 0.724836350823022
-0.0775159153428457 -0.00310031341874444 -0.0623740751928294 0.830540529360601
-0.00511519486675663 -0.055378733406845 -0.0601597924070762 0.737185721524987
0.0447869169181945 -0.0842418383956265 -0.0213863887897046 0.440546159088995
0.0652192236114912 -0.0692453180600586 0.0711959028077863 0.106739190060937
0.0818466307059743 -0.0518882072325655 0.166720808757347 -0.264359442201452
0.0850009404656541 -0.0429509159226419 0.280951649490996 -0.505160740766235
0.0378855523384809 0.00328562661911796 0.322040509295629 -0.676646974641265
-0.0430718232421581 0.00583690235566792 0.194677215542376 -0.706497681656033
0.00366828309195035 -0.0839939511143596 0.0191544518114546 -0.683989103927314
0.0625101418666128 -0.0896768456021643 -0.0208604209981999 -0.596851182984038
0.0735897677442495 0.0185428489688091 0.00101602080807467 -0.308101767413984
0.0363965816163341 -0.000194390682716173 -0.100172673942529 0.146056832919535
0.0284914089478251 -0.0842533643421743 0.0412307331035116 0.498368981911206
-0.050305641998641 -0.117498299755599 0.0626669669874364 0.593615948797281
-0.0945208974995527 -0.103113091813165 -0.100624273305096 0.740299432023989
-0.0609899759393719 -0.0607110773490064 -0.154977466918298 0.850131520070976
-0.0172511617414333 -0.0983234324050025 -0.0970164684562636 0.736943075664521
0.0231422665626682 -0.108195123532034 -0.00951700999157818 0.413596717526963
0.0443650368370918 -0.089463298543215 0.102190568031769 0.0614902683450262
0.0539906745053645 -0.0747970608694514 0.188084050595953 -0.305807915313846
0.0627178552791125 -0.0778051378799396 0.26613663986216 -0.537448757744956
0.0373884195787221 -0.0426256197310751 0.256975533416127 -0.683656403030586
-0.0118023036219387 -0.0165513405463461 0.105867177984641 -0.695893994226088
0.0167144942939011 -0.0687649695987295 -0.0555655725757735 -0.669501984114334
0.0349740190641982 -0.0818358778947948 -0.0675781652602854 -0.577478924325145
0.04340687807877 -0.0210248903282599 -0.0280455475064032 -0.296823112930812
0.0046103898837774 -0.050153909707604 -0.113701973333363 0.165434011463892
-0.0181373387122468 -0.0814726040911522 0.00734192574123417 0.526538974806395
-0.045013385846184 -0.082562885658551 -0.00613308840276703 0.606481642362677
-0.0381628750860356 -0.102743271658856 -0.199990453761953 0.7410316370798
-0.0324178929843321 -0.10886472815803 -0.248623411654476 0.848699567306464
-0.0282075853706442 -0.131831798653794 -0.141506993541137 0.716750821178037
-0.00616766051880476 -0.117394422084073 -0.00530399221766211 0.376954337291687
0.0133818540093248 -0.0935715309692802 0.12270166348493 0.0149553138072723
0.0167480908723844 -0.0772805121171962 0.195650607816477 -0.351184030325304
0.0270641253071923 -0.0954502259476921 0.233197309269671 -0.574109053143541
0.0243686750245557 -0.0766493356819094 0.181047781130993 -0.693173652048445
0.0151047104833563 -0.0345015246009937 0.0198575592679976 -0.679710406792491
0.0345557177691994 -0.0459526801907338 -0.127020262775006 -0.644272118715897
0.00720125258154282 -0.0589498998974362 -0.115141975931714 -0.54844713813698
0.00489758203535593 -0.0518616275353193 -0.0497175626537634 -0.27557508846939
-0.0266125622823793 -0.0949729367055956 -0.125136190060994 0.197457795303158
-0.0709132007263257 -0.0733626574363206 -0.0295132207510129 0.55512831045153
-0.0435123579858707 -0.0352733432856303 -0.0760386016392336 0.618726218708965
0.0141184252834922 -0.0875610470972975 -0.288475773649597 0.738310033451851
-0.0077490754051207 -0.140616994300137 -0.325794874042876 0.823948898322716
-0.0437776681518774 -0.1494766517628 -0.178842334239477 0.678645306308431
-0.0408821109686487 -0.109607977161696 -0.00536278289678056 0.336486854280866
-0.0225804624742414 -0.0807886918493767 0.131058366773539 -0.0275882263721224
-0.0250343563148963 -0.0644369818569208 0.189513754221004 -0.392486905885845
-0.011655590902421 -0.0964092812402178 0.191066464001437 -0.604477226844365
0.00813844778395908 -0.0959559497492248 0.106172556555692 -0.69622794377611
0.042610877886644 -0.0437318251512928 -0.0593864441570903 -0.662145678414954
0.0563500221313228 -0.015462690121897 -0.184887887201205 -0.61411983939567
-0.0191656189744613 -0.0277569026618832 -0.150228709045647 -0.517254704636041
-0.0351131332033078 -0.0753352062958657 -0.0604539369479421 -0.24719636232043
-0.0586773356566558 -0.121601265093958 -0.131188372359758 0.238142226991539
-0.117302511249419 -0.050783993433074 -0.0604081221700603 0.581273873889046
-0.0384873663163397 0.0180317167345284 -0.13223047483124 0.633123000504288
0.0540838086222419 -0.0684663524705735 -0.342519079140902 0.73352235268991
-0.00018387236365322 -0.154852385078471 -0.372601045041958 0.790572421076406
-0.0695639100678911 -0.146211453317901 -0.209185925963213 0.633121013914539
-0.080726187597608 -0.0826234498755297 -0.0137057313372149 0.299389292080946
-0.0598475565290702 -0.0532994309695933 0.125511011719422 -0.0600859789134616
-0.0637096630359808 -0.0361637032040211 0.170713207108943 -0.42333045135915
-0.0457224845366934 -0.0861747033109851 0.145124882078786 -0.626820895532637
-0.00178857563357777 -0.103575074331104 0.0441647154743549 -0.702674367095874
0.0735520470439203 -0.0391635852821746 -0.112445438944802 -0.648777818822622
0.077201378760774 0.0225580337914649 -0.220332786216301 -0.586462746456478
-0.0457285205849136 0.00639307502623025 -0.170783431097213 -0.488741881855605
-0.0688172366386214 -0.0918175702601377 -0.0596544328161338 -0.217922421520675
-0.0879179841438982 -0.122818838832024 -0.124312957695859 0.279886892014134
-0.146485814299693 -0.0106534654594035 -0.0768297974227832 0.600460446106755
-0.0273038400953938 0.0634930346102544 -0.164978834484326 0.648386251406372
0.0733434171044585 -0.0506540301157627 -0.355415524475125 0.726279957400547
-0.0152902239048836 -0.149515188036011 -0.387494511094586 0.749394891839134
-0.102610453669676 -0.120686125707828 -0.23165560571826 0.587174470467192
-0.116516204292036 -0.0428884080793564 -0.0317380902324437 0.270340357530464
-0.0931461680538732 -0.0145815069564146 0.105519950112414 -0.0761952950958592
-0.0939201492187872 0.000892789015896771 0.143227647703739 -0.440439075247905
-0.0684124267592447 -0.0665234812019753 0.107043710764222 -0.644627787368542
-0.00080381876870907 -0.0988369272610107 0.00451302348610831 -0.716302419198553
0.106963701850433 -0.0193879660472786 -0.132968701767495 -0.647732301706528
0.0916344110127315 0.067036187282422 -0.228377157813768 -0.563974599097269
-0.0714404717865617 0.0342978214360833 -0.178621987728463 -0.467297460448956
-0.0914477535041345 -0.102134126185113 -0.0485944925632041 -0.186973071460219
0.100542653515285 0.0911894482417819 -0.042341467135093 0.166680186392881
0.0682600461639592 -0.0972277804944794 0.100536446396639 0.47181847556423
-0.0983096722494053 -0.104455564215478 0.21276888367986 0.585585991427192
-0.160546603260334 0.004002622124225 0.15087419146454 0.679648143019263
-0.0620761050058743 0.0908818339141715 0.0415076198320045 0.750697129902614
0.0129578841388191 0.0243156966213714 -0.0376403236414443 0.703432209920534
0.0541416434176152 -0.00586115338083001 -0.0601697051708118 0.464580384605452
0.0662541213572822 0.00664588133977351 -0.000984610755224103 0.160330888931361
0.0837694550979088 0.0349221743239321 0.0995424415864612 -0.223802350667572
0.0659828025428504 0.0538509848277973 0.263519190312216 -0.484166186931046
-0.0151357145826243 0.0944247575157256 0.390863051226801 -0.691897432823065
-0.103785311445754 0.0381120308883977 0.319876184278997 -0.72389930836337
0.00621420464641726 -0.0871829596269263 0.127719140466667 -0.675413495697054
0.100651316177442 -0.0498905247922837 0.0412507137570311 -0.595666110542248
0.087165038037461 0.0991535285695983 0.0535117336100898 -0.281360925219658
0.0893205939675592 0.0737611824939842 -0.0650283499810374 0.149599267905388
0.0758428869715214 -0.0995424927133081 0.0846925052328002 0.469231219250932
-0.0860617412937676 -0.131852648348514 0.175050927625344 0.586475667939568
-0.163908540698703 -0.0393439449249944 0.0940724335784223 0.705566273434144
-0.0757187903912401 0.0527366933311484 0.00805100406051681 0.794583653323629
0.00619202183375719 -0.0123150956858721 -0.0347595757845577 0.724608848379211
0.0555597444377345 -0.0485125165568785 -0.0361388452909814 0.459482883519807
0.0735415117043623 -0.0353393883172659 0.0357319900477923 0.14096263082208
0.0934080211115956 -0.0132424693246394 0.133692587313494 -0.236010614159924
0.0860874243988462 0.00343236646104047 0.277518185801198 -0.486565476809515
0.0187823617401773 0.0514083465298809 0.366485445435537 -0.677976214329068
-0.0779900626256637 0.0256466753906172 0.266365962209028 -0.715942495900944
0.000160765164963498 -0.0928324052686191 0.0818316804246669 -0.689700209789538
0.0867363611350795 -0.0785032335844586 0.0174881053537891 -0.606380334484838
0.0888007494903088 0.0614980726630516 0.0295767258024992 -0.302643533394102
0.0665122033139208 0.0427476845399309 -0.0836151352932962 0.141638023773875
0.0634867431898435 -0.0910764483819047 0.0674145831720181 0.478013928773458
-0.0659324712102184 -0.137032029006693 0.126073019793511 0.589977141282518
-0.14057598527816 -0.0791728706002971 0.0068119939763319 0.728392987578092
-0.0774643189451237 -0.002090516910477 -0.0585871805762551 0.832803349328156
-0.00627381851338836 -0.0557811949831346 -0.0546057427161921 0.741728657551679
0.0438923031643692 -0.0837456059028849 -0.0183969185072006 0.443134844923234
0.0652222175774017 -0.0703644375665087 0.0721137534063881 0.106840774193105
0.0828049855068902 -0.0527332268070546 0.166022256786019 -0.265569962112579
0.083871809291549 -0.0440013775675591 0.27828971275735 -0.508418431566103
0.0375305463071737 0.00203637860522519 0.319056806261063 -0.681796369328734
-0.0423579796921509 0.0064311649117059 0.190732994556233 -0.710520336350954
0.00339844740555059 -0.0846984679557202 0.0142707606366084 -0.690126482411875
0.0613232016975037 -0.0903337749490884 -0.025043508184974 -0.599099765639874
0.0739073183183302 0.0176957033668238 -0.00187937868903295 -0.309164268440093
0.0365606310104423 -0.000251666545710898 -0.0989757946932885 0.14761532926473
0.0289158043135793 -0.0850281763688121 0.0436710964175624 0.50081757217889
-0.0510860764580812 -0.11810710091226 0.0662229424776515 0.598017142048516
-0.095148394331649 -0.103371353593822 -0.0966247870226321 0.743685271179213
-0.0616320092631912 -0.0603636684335136 -0.150134035128069 0.856382680342503
-0.0174011796269525 -0.0982810554554716 -0.0941201308874788 0.741338986648851
0.022377878842173 -0.108228770257103 -0.00707747365190127 0.414155623207703
0.044241043413317 -0.0903495034208082 0.102660119564049 0.0622736420975941
0.0547901747037755 -0.0751546002742104 0.186871086313689 -0.308081178595322
0.0616154299957614 -0.0784795580749827 0.26199387052512 -0.54262027152422
0.0378695263234312 -0.0427139036722251 0.253130148864402 -0.689717660844036
-0.0116929998986408 -0.0166051656050807 0.104276428255698 -0.701971974982651
0.0166973078035254 -0.0688447777305944 -0.0589259420058552 -0.672642153163305
0.0333345422492131 -0.0820471990460388 -0.0733787044594226 -0.580737175283842
0.0427733136170504 -0.0211957617246156 -0.0299142842153357 -0.298416365898358
0.0049648021237011 -0.0501461110671196 -0.113276732760735 0.168019575937147
-0.0192260470804178 -0.0817383585671731 0.00912984927575158 0.530596129766
-0.0445223800329001 -0.0832154497944859 -0.00139386686610411 0.610564116976192
-0.0393789402005346 -0.10344855751952 -0.195725928476735 0.747382426287164
-0.0342413269990192 -0.109151673080163 -0.243348670876325 0.854941025692481
-0.0290561471960548 -0.131505374187685 -0.137066461536097 0.719957674803378
-0.00609877768795471 -0.11708841977107 -0.00188316086037363 0.378416436961877
0.0137883532200319 -0.093718076843454 0.123361601642165 0.0145352031921275
0.0168482781296993 -0.0788385351280904 0.194004826085668 -0.353792570572367
0.0261087515832519 -0.0955768107541158 0.22994137008489 -0.578890498469175
0.0231798605701632 -0.0767449059438564 0.178374397380158 -0.696650060662996
0.0157918115344891 -0.0356460688992931 0.0141525325270348 -0.685168726913867
0.0349532990042489 -0.0471700393805406 -0.131214899252106 -0.648229334931107
0.00634228746870108 -0.0594059155769432 -0.1181080073548 -0.55187300885123
0.00400899456970866 -0.0526143156246881 -0.0524223696480522 -0.2759256233483
-0.0268219839443938 -0.0945722908348506 -0.124757325407165 0.199828245885187
-0.0713444699756687 -0.0738457059453999 -0.0282149307440695 0.559126358007791
-0.0439355360196941 -0.0352319576587699 -0.0732899282834509 0.623370248682566
0.0139696877474702 -0.0874827552063538 -0.284776182334251 0.744293070844705
-0.00841613195503713 -0.141091594052642 -0.322210097181125 0.832369855883043
-0.0445835076682628 -0.149928486512118 -0.175832292181413 0.682661554226617
-0.0417277646084332 -0.109023651696753 -0.00258796528271737 0.338608050635978
-0.0222139914882509 -0.0813592127799881 0.132069775393785 -0.0289205674019969
-0.0251046914355232 -0.0644347751852826 0.188609960445922 -0.394569390466364
-0.0121966485473659 -0.0974669526846592 0.185861517816152 -0.608421501096972
0.00794798500043334 -0.0974719456935464 0.100817638448832 -0.702485153782763
0.0416028315288345 -0.0436041093403998 -0.063860375997172 -0.665705721577113
0.0561860414116596 -0.0164222220811594 -0.188290186525713 -0.617253109339897
-0.0203826217468532 -0.0274954992910737 -0.153046416099715 -0.519288098751719
-0.0354869094548128 -0.0755448917697338 -0.0627543846206115 -0.247757909656108
-0.0593961390432024 -0.12090286185925 -0.129883383694631 0.240211884786862
-0.118172882991927 -0.0507260300720728 -0.0604910863500214 0.584803454259357
-0.0384168909440055 0.0173954895042064 -0.129521826289472 0.638989520890713
0.054330003315159 -0.0669765285118472 -0.338057107448313 0.737409131882506
-0.000493744660848637 -0.155288258716565 -0.368829072372746 0.79667229710546
-0.0702994306339254 -0.145733926587475 -0.205331382986862 0.636358329761675
-0.079916370896909 -0.0822277545539149 -0.0110661817463618 0.299310578862642
-0.0603642275408951 -0.0531568759394496 0.124882758607036 -0.060116891603219
-0.0638542793231626 -0.0353619099412778 0.167777483780328 -0.426312952131991
-0.0468250935578912 -0.0857641854664885 0.141554655938898 -0.629835169959764
-0.00366441381701815 -0.104274269893899 0.0406068682280228 -0.706726624297191
0.0736639518272749 -0.0401768296910696 -0.115620891575328 -0.65150934148986
0.0773768896639983 0.0213452798892831 -0.225171334821521 -0.588453154197657
-0.0469085345337471 0.00605225773165262 -0.174817735088398 -0.492187753866405
-0.0703306002825469 -0.0920243761985658 -0.0615685545347579 -0.217628307883299
-0.0883975716293589 -0.121970890392468 -0.123769113552421 0.282060999266954
-0.146857644972178 -0.0105836801190569 -0.0754965102021834 0.605231476094859
-0.0270569499344313 0.0630646894014313 -0.161560164460548 0.654671026059871
0.0727052759745161 -0.0513510553889212 -0.353485334535385 0.731879350264894
-0.0168766938643821 -0.1496154998674 -0.383965534546255 0.757409157283394
-0.103508322579378 -0.119830517030654 -0.22858364955203 0.590356175113522
-0.115952964839359 -0.0419121137043789 -0.02964714996517 0.271549027777406
-0.0931565042941879 -0.0143134085765768 0.105068922663272 -0.0773800011922643
-0.0932108155951259 0.00214813155652497 0.140516575010437 -0.444280627705158
-0.0690890523681874 -0.0658837989483912 0.103527671384582 -0.646844313949125
-0.00185178816563321 -0.0998445676661491 7.13564340472944E-05 -0.721049785805005
0.107808648301705 -0.0207492409468402 -0.13787351982339 -0.651097773809524
0.0926067303638373 0.0661638503674599 -0.232893311840924 -0.567139244931476
-0.0722546174583072 0.0348767163007843 -0.182003930833295 -0.4674567662548
-0.0926904169924269 -0.102030905645312 -0.0511957938750373 -0.187587099192601
0.101258118579075 0.0906008845861448 -0.0412506492915594 0.167233064140276
0.0675936182436178 -0.0969607967387174 0.10181296210363 0.472661634588925
-0.0993225000244077 -0.103529916546757 0.217680149856572 0.587800475003003
-0.161260381923829 0.00539839874112046 0.156685975920141 0.681030248730386
-0.0610892158212478 0.0923640789492871 0.0478910919468725 0.75545022367468
0.0135549659778021 0.0244481667073773 -0.0321807635360337 0.706505836645846
0.0535447200805883 -0.00613904878236256 -0.0572335432642284 0.467630394972079
0.0669199951090316 0.00569883927851587 0.000530839151872421 0.161120635695979
0.0851153072921931 0.0336250485313985 0.0975564122646013 -0.22538209269706
0.0655040895168314 0.0533260594802673 0.261641018349597 -0.487984619495099
-0.0154918591743403 0.0940736522203476 0.387901175857763 -0.698525272797167
-0.10386307972834 0.038771142291383 0.317074706176792 -0.72816459277554
0.00589701308820991 -0.0877835011325588 0.122267693048518 -0.680367979799754
0.0996926196905648 -0.0500867534742126 0.0386353016698119 -0.600613950106776
0.0871946774490275 0.0979224632492452 0.0501952393331976 -0.283976923189067
0.0900410773038495 0.073165587047797 -0.0643236285998684 0.149734299289043
0.075665585693996 -0.100014978472341 0.088917260943687 0.470738532358304
-0.0873415999693999 -0.132705347807869 0.181104629712729 0.588834307871175
-0.165483400419519 -0.0383242552110276 0.0991059714999684 0.710550586613744
-0.0754397336063019 0.0527026891170102 0.0147584510105523 0.798559160242182
0.00682125285653472 -0.0126365997846524 -0.0290635762481271 0.730156864009955
0.0556720762522103 -0.0485557839969889 -0.0328872654687975 0.462022837264644
0.0739594686340273 -0.0370124089344633 0.0365723877951962 0.141694514283992
0.0935385121359809 -0.0150616191152818 0.13201134321104 -0.236793760155579
0.0852258116325637 0.00313933968455361 0.275056087601325 -0.489687722659859
0.0187797033026066 0.0519661526801233 0.360742123942347 -0.687167208233791
-0.0778181369406359 0.0271059859552087 0.262895255614484 -0.723455732590451
-0.00133232051823676 -0.0937711560344255 0.0783708047167416 -0.693487129899042
0.0862419500007947 -0.0789706705676615 0.013325975736312 -0.610552541575129
0.0896344699029621 0.0611098439216501 0.0275468538069858 -0.306130819112145
0.0660554961329684 0.0424816614771847 -0.0832366443625978 0.143381786255133
0.0623282550487264 -0.0922950613317869 0.0679936016365254 0.482410835633545
-0.0672140186007688 -0.135667982159225 0.130709877323208 0.593144951542605
-0.142324025145579 -0.0794382371128351 0.011716617385931 0.733028271039648
-0.0777445065224122 -0.00158787571666607 -0.0535585078066902 0.838224194622649
-0.00566064180680136 -0.0548786039504847 -0.0491387416275154 0.744112850234846
0.0440682864994661 -0.0835436091292782 -0.0151451866555136 0.445148811113884
0.0657695463592103 -0.0717651397144108 0.0732299790836481 0.107023435811548
0.0827567965729088 -0.0529387063619429 0.163699583355945 -0.269331726257348
0.0840019427527087 -0.0445910133508234 0.27498199218508 -0.512562904530569
0.0383301735308164 0.00168722276455027 0.315981548396413 -0.688667331253462
-0.0427924493855213 0.0063221183852938 0.185998617232131 -0.718361675705112
0.00246716491141766 -0.0850154868721992 0.0105283702091314 -0.692494446644563
0.0601253459530885 -0.089753093508085 -0.0288291877788277 -0.603452240359957
0.0732016984096099 0.017728579702415 -0.00492337332247594 -0.31117109713287
0.036811870137049 -0.000642418609986152 -0.0983309577275498 0.14944294641205
0.0278524324124457 -0.0855124547615992 0.0448568546153021 0.505717839115913
-0.0513709637599546 -0.117504368387674 0.0711899585261724 0.600928477634035
-0.0960061616673027 -0.103318858107323 -0.0912353841713364 0.749329314884302
-0.0617171421573739 -0.0603185637249278 -0.144655330673062 0.860366168001502
-0.0185208138098392 -0.0980499112274443 -0.0860324027099214 0.74529630129225
0.0219042970475798 -0.10846001532652 -0.00369900478587399 0.415494617311465
0.0445002365354154 -0.091724496264659 0.103219917376553 0.0609100012605195
0.0547931254424583 -0.0755643437838918 0.184838678944798 -0.310800226964245
0.0608227571776518 -0.0793911480298974 0.259325593180398 -0.547606349877363
0.0370258289813778 -0.04516126628726 0.250674451875185 -0.695330506937474
-0.0118780903735459 -0.0163122045568395 0.0989502152909258 -0.707291953565271
0.0157652530818987 -0.0699555449672095 -0.0660851388717072 -0.676399149250683
0.0321170492313993 -0.0825165854068779 -0.0769453153051124 -0.584074710640626
0.0424423061271885 -0.0212463493896435 -0.0329570530122561 -0.300136607114898
0.00418306036413936 -0.0504039379690982 -0.112225986398698 0.170019993348361
-0.0197769410401872 -0.0810987352596712 0.0109564698198968 0.533174578159015
-0.0454689589533053 -0.0822243611205763 0.0028319144246285 0.613797711344385
-0.040784497896076 -0.103395356379927 -0.191331831231359 0.750355077491306
-0.0351046167176165 -0.10953089864941 -0.239623577852834 0.860086422806362
-0.0295161098575383 -0.131192216006698 -0.13040008636949 0.724276818159191
-0.0072961604985727 -0.117179858991209 0.00121768501267586 0.379357101008128
0.013345038413702 -0.0945945083287204 0.123515369766175 0.0132283277459585
0.0162089227875552 -0.0782029116568689 0.191318751501167 -0.357363964649862
0.0246094943181089 -0.0961623507460631 0.226866935241357 -0.582766739114308
0.0230433977151467 -0.078356709350319 0.174041097771133 -0.70471649969131
0.0144146161751244 -0.0345665623161637 0.00962229720127556 -0.690376017160982
0.0342021320110764 -0.0481025575343593 -0.137073559381826 -0.649820826593543
0.00523496493085407 -0.0597701265262386 -0.123939237897849 -0.5545079011548
0.00329406744413093 -0.0527993342243169 -0.0554958974834069 -0.277188339927328
-0.0283546834768333 -0.0951361548174886 -0.123844767444776 0.202512857503675
-0.0717672979131133 -0.0745413092603124 -0.0255981344024829 0.563431265210226
-0.0429713709921596 -0.034986873912485 -0.067973218537884 0.628053643195872
0.0136283462725426 -0.0881300265859871 -0.277985615536033 0.748326121186879
-0.00940008815278493 -0.140958202825246 -0.318575454518117 0.836789812074433
-0.0455853530144236 -0.148677142101732 -0.171073841785469 0.686985621830379
-0.0416550360094351 -0.108323925613773 0.000670937387969971 0.338760333196895
-0.0230762030560261 -0.0813256000367336 0.132467810799719 -0.0294886467471076
-0.0255012641430216 -0.0639476661206791 0.183856312334776 -0.397963962218591
-0.0146073525442015 -0.0973333759974049 0.181457958703827 -0.611342815072034
0.00576733188786 -0.097960821141891 0.0962439161024216 -0.706792094200564
0.0421261954533932 -0.045580544216389 -0.0683400754667837 -0.670678597593889
0.0556759361412545 -0.0172294618560048 -0.193029402072935 -0.617575089681117
-0.0202422427927345 -0.0278754755768727 -0.156553168458275 -0.521134540272409
-0.0372825811996063 -0.0746435950099374 -0.0657485485627824 -0.248855661736425
-0.060648053048793 -0.120525032174622 -0.127981488773771 0.243419516469403
-0.118734085042517 -0.0494630803824016 -0.0573179129924767 0.590194224376184
-0.0387668472604106 0.0172485795158608 -0.125952269780959 0.643291167134139
0.0540059217583546 -0.0680036275155642 -0.335733606180666 0.744567613256606
-0.00214391143720988 -0.155424397150583 -0.364802179395425 0.802315961306653
-0.0710655432104208 -0.144354587504171 -0.201286080679741 0.640401376957764
-0.0814379864411815 -0.0810831085925348 -0.00930614792190773 0.301146657900235
-0.0611558046732663 -0.0533337805160543 0.125768150979701 -0.0614930363790639
-0.0637276320453587 -0.0343826792950618 0.164921101508517 -0.430292662243552
-0.0476139030134395 -0.0857766935891599 0.136072193194334 -0.635694006560355
-0.00493768261651232 -0.104833068738243 0.0349975507104603 -0.710625162366437
0.0740537226999015 -0.0407311515471284 -0.122867257701161 -0.656373080605601
0.0781562511895335 0.0206978626836845 -0.230080587453267 -0.589465586556425
-0.0469892444986794 0.00666713002330017 -0.179128158087673 -0.49326723025559
-0.0711383632032249 -0.0919691446621524 -0.0645878923126146 -0.218648054712544
-0.0899059552981243 -0.121877599927183 -0.122140735466924 0.284651525522771
-0.147772616657428 -0.00984944374186092 -0.0724466963737747 0.610651432298536
-0.0262889232124526 0.0630483506785976 -0.158069941372757 0.658555862077775
0.0727039801383375 -0.0523365841282663 -0.349520146300567 0.736990314569562
-0.0178332397489609 -0.14930834737506 -0.381212494525964 0.762556254535626
-0.104131689849029 -0.118910992784628 -0.224483272640506 0.594558785381772
-0.116644760954792 -0.0401552080266568 -0.0276705761199018 0.272835755977372
-0.0936894616483507 -0.0133883507034963 0.105693858500529 -0.0772258522638308
-0.0935083443964858 0.00407662145132491 0.137029413725861 -0.446994280581881
-0.0704016005959538 -0.0660056218007811 0.0975364123615693 -0.651734299859743
-0.00275961490202826 -0.0993436565665319 -0.00580416824618584 -0.724987552021215
0.107489444132431 -0.022071424961685 -0.143594264846222 -0.654244065531131
0.0926883138542245 0.0656411886412041 -0.238450643283485 -0.569467198168295
-0.0732379126111999 0.0355347096397105 -0.186959573291876 -0.46981070429814
-0.0938238356267879 -0.101211337446298 -0.0526872288511835 -0.18903711087816
0.102369261282213 0.0904644943515043 -0.0407467423850596 0.168969168983622
0.0672167247397648 -0.0972522403448988 0.104706533896465 0.477851619690569
-0.0995268035376392 -0.102738846704338 0.222887977753318 0.591850737318669
-0.16192509597066 0.00585290386969252 0.163414898223996 0.686140227299814
-0.0610181130280758 0.0926688692529315 0.0546149497089257 0.757677035070158
0.0138112516583894 0.025425370440282 -0.0273478830823816 0.710387724625599
0.0543356153625007 -0.00660792201170971 -0.0533797448039135 0.471488846637731
0.0678203451797023 0.0040973729409994 0.00138630291886065 0.163314786944116
0.0860190773756836 0.033607564106291 0.0952949964376069 -0.227527582619432
0.0666790146170355 0.0535158686086646 0.256461537446879 -0.492680378124094
-0.0152567448903262 0.0952803056749771 0.385257352604556 -0.70865994160409
-0.10424670746414 0.0402595397521134 0.31349108154181 -0.737002257654023
0.00444445116126443 -0.0896559591581965 0.119677309963239 -0.683379646193851
0.0984011117046588 -0.0509101339044991 0.0344307980309786 -0.605005593340502
0.0878559350961468 0.0987088655736738 0.0483413060142128 -0.28600797945682
0.090821355291718 0.0730106471396941 -0.0637619820848847 0.152290127495322
0.0746942195584188 -0.100564768794666 0.0917739177239367 0.474613127404583
-0.0880977678017793 -0.13146579663283 0.185972911621965 0.593271682664665
-0.166388536955659 -0.0375221464447942 0.106822600343058 0.714407597332796
-0.0755530607491144 0.0535163203052091 0.0216380779460222 0.802659064659498
0.00644175620720473 -0.0127848192287537 -0.0239301692741309 0.7335602645182
0.0547411778834881 -0.04906176323007 -0.0284665349185945 0.465226600427064
0.0739504027276704 -0.0381829945193511 0.0382119395888341 0.142924313508386
0.0942099938440025 -0.0149985914955022 0.130605230383816 -0.239378200578141
0.0856711823918962 0.00132984525335185 0.270920925588544 -0.49398553761583
0.0195262445983548 0.0512437434537843 0.358401147939799 -0.693562435023381
-0.0773613682891005 0.0269036278724808 0.257990350106303 -0.730030181722094
-0.00185284783451221 -0.0943607235411008 0.0742799944662497 -0.697177981868708
0.0845444575735473 -0.079786477649506 0.0102110242537988 -0.6145092694487
0.0896447997438569 0.0609115560274773 0.0239560631896091 -0.307797472784181
0.0666357070309823 0.0417854351229076 -0.0821945038271907 0.14535976991004
0.0620501515606804 -0.0931184602749752 0.0728563445357733 0.484789751768616
-0.0687681113417565 -0.136168480842372 0.136654789683446 0.596835244897661
-0.143901636801223 -0.0783187539613086 0.019027896599519 0.738333224394877
-0.0775466040822795 -0.000926934832969677 -0.0448021877938962 0.840765503315361
-0.00629006664708692 -0.0555057447917538 -0.0426392105067325 0.748853139011264
0.0430730036572094 -0.0844269453970464 -0.00863154070167671 0.447310661540901
0.0657861775730261 -0.0726124916783106 0.0741026810533442 0.106786903494572
0.0833975157211432 -0.0541865075677924 0.161047790884823 -0.271194229710877
0.0838244007052545 -0.0453556470822195 0.273144353754623 -0.5177897990371
0.0382563306158108 0.000191609192853541 0.310925180214242 -0.695440176000808
-0.0428807293563662 0.00752650576759749 0.181768780013743 -0.72496995788583
0.0020176848745476 -0.085735249249029 0.00550179205124178 -0.697212748817987
0.0591278132392581 -0.091156151543439 -0.0333362844189174 -0.607536378217015
0.0734335081529748 0.0169847590277651 -0.00758065836184219 -0.313408576355586
0.0361625636377222 -0.0018980530924152 -0.0984202805522278 0.1515515952836
0.0273996186972148 -0.0858910103047632 0.0472732237237351 0.509592097541736
-0.0526529735830257 -0.118570598440166 0.0752223013456031 0.605148263356551
-0.0977728024160165 -0.102234414343576 -0.0843199406678412 0.7548660190844
-0.0625117961038302 -0.0596863369181463 -0.139120690425385 0.867041575071187
-0.0183205070497774 -0.0978159908111612 -0.0809268710582065 0.748007709258343
0.0215602374432521 -0.108600151833406 -8.29924386043118E-05 0.418790785657554
0.0443800556407436 -0.0925779812668245 0.103707643802143 0.0614585554807833
0.0548439537427714 -0.0762883154334822 0.181651561243827 -0.315151248130194
0.0604440876074774 -0.0802235089698337 0.255311154200697 -0.552790948447655
0.0364654238130019 -0.0460897222890269 0.246761796715129 -0.703834406309376
-0.0113811843225545 -0.0172013963862263 0.0948259630200816 -0.714176920363355
0.0156169265113184 -0.0708139970086353 -0.0696720374843023 -0.68126404131949
0.0311575316501792 -0.0823454538439163 -0.0806968979563099 -0.587200579631277
0.0419023420806636 -0.0214531688464353 -0.0359697851438939 -0.301775191741167
0.00273283693080362 -0.0502878990293874 -0.111474402467049 0.17197798447426
-0.0199100558764578 -0.0821681214152611 0.0135642296458986 0.537910874134728
-0.0452945849871751 -0.0826319994193697 0.00720465416899556 0.618485107722209
-0.0420074822815088 -0.103158061986592 -0.184696209503461 0.758908502525543
-0.0355430269823974 -0.108739752222295 -0.233155602204043 0.864684760547384
-0.030253694178202 -0.131115871463989 -0.125477911371285 0.729034600338771
-0.00766489638325446 -0.116221244754313 0.0053819774281492 0.380770109061247
0.0129638522758518 -0.0956199119859913 0.123951113876137 0.0139869203714365
0.016467956742143 -0.078566759074765 0.187912871360663 -0.360669644431861
0.0238813642660294 -0.0969720464941159 0.221780326617943 -0.586606599352432
0.021221826986825 -0.0787982187014198 0.16885464120995 -0.709351339096375
0.0144379648318277 -0.0358653290583147 0.0039394734979102 -0.696604783104156
0.033870538987869 -0.0482648963666946 -0.141749000908785 -0.653030716691088
0.00426789819508714 -0.0603838497605761 -0.127711237096397 -0.556467312281954
0.00211340178203601 -0.052972642812906 -0.0583762420619025 -0.278930284457622
-0.0291771281381257 -0.0947156080695078 -0.123060445177167 0.205140331422786
-0.0729874212515002 -0.0736467395286926 -0.0229209911526275 0.568158795986569
-0.0432206266484272 -0.0347134755109742 -0.0645988245116846 0.632748968295146
0.0125904074128028 -0.0889118379652997 -0.274839417694739 0.757249788480525
-0.0106375256125436 -0.141737256754421 -0.314409686257904 0.845285658230458
-0.0463659065415531 -0.148608834448209 -0.166622586285984 0.69105383227527
-0.042885279675275 -0.106957217752323 0.00312191831516128 0.339868602833698
-0.0227405963718499 -0.0821437513814877 0.1330356653561 -0.0296505991477499
-0.0246015486855948 -0.0640071170037873 0.180810649242823 -0.402973185308389
-0.0156125734156942 -0.0977710723999086 0.178901276338343 -0.616430194645167
0.00416204429480289 -0.0988952695661194 0.0933595031943035 -0.712929197274398
0.0418074151411147 -0.04466036021497 -0.0746778106601677 -0.675502712037925
0.0557273331364682 -0.0186370637446616 -0.199836555094791 -0.622463247772407
-0.0219132671502421 -0.0276026335093118 -0.161677589348222 -0.525116357530708
-0.0376515189735717 -0.0755215489289596 -0.0680234323636413 -0.250176356069501
-0.0618789181327759 -0.121069930307819 -0.127114048159101 0.246574485907121
-0.11959356541719 -0.0494904778526822 -0.0543569266025557 0.594502962132217
-0.0386684758643578 0.0170759725412118 -0.122985315771432 0.648901309652949
0.0532944453889888 -0.0690843417373413 -0.332123531251253 0.749997330666051
-0.00338553929164565 -0.156193635460223 -0.361493109236022 0.809098444482767
-0.0725558391660029 -0.145346280727046 -0.196740942471902 0.645162466408677
-0.081406899009637 -0.0802891222477545 -0.00555413883487674 0.302116963514486
-0.0609866016379371 -0.0519331587766827 0.12603581058478 -0.0624267328257448
-0.0635102477606751 -0.0338553133176392 0.159976935087403 -0.433920003527579
-0.0490112899930404 -0.0850992109959128 0.130749343165084 -0.639268513321601
-0.00566330966703269 -0.106043586841405 0.0286286927004866 -0.717351724441219
0.0730341209706541 -0.0417219480244694 -0.128203901916897 -0.660312601850358
0.0773500261435207 0.0200033284430427 -0.236401823350611 -0.593074768476326
-0.0479638608770003 0.00636420140670668 -0.184633189241024 -0.494841238962321
-0.0724372008858704 -0.0919937004809175 -0.0672721537027399 -0.21882532712344
-0.0914051955262555 -0.121834601897193 -0.120838272690186 0.287980581024032
-0.148176911473254 -0.00917728383986895 -0.0694544273744949 0.615568110929079
-0.0263817880350537 0.0633705301670366 -0.154080337426521 0.664128183000924
0.0724893499606576 -0.0530060828701337 -0.34570817125774 0.744139418115715
-0.0200147253045272 -0.149542522113452 -0.376357375783074 0.772572321178366
-0.104939498643195 -0.118285823607259 -0.220892891510954 0.599503940558438
-0.116594513409097 -0.03844288481112 -0.0245595478464996 0.273336936255334
-0.0929259514876188 -0.0124312918531799 0.105343173591524 -0.0784950904230724
-0.0927279767039621 0.00494260748515522 0.133696472181676 -0.450865209599276
-0.0712530961399579 -0.0645307429178109 0.0909631148042858 -0.655456168313374
-0.00453275593582752 -0.100409853556772 -0.0127305880049985 -0.731307087679502
0.107395804474192 -0.0234449278706813 -0.148991099337116 -0.65774304183816
0.0933808744797352 0.0648490008537704 -0.244686639309003 -0.571667667576402
-0.0730871663924837 0.0366647673493509 -0.190456173174117 -0.472703019579291
-0.0957717835990473 -0.100418629363605 -0.0551011534955224 -0.188653788387531
0.102974341969094 0.090168709247778 -0.0393798399229484 0.171332810244331
0.0665966765453231 -0.0983692200198434 0.109756117925354 0.480763016236123
-0.101034953139201 -0.102324145986413 0.228678675604777 0.593030505532299
-0.163328786781119 0.00842863990806286 0.172344982063565 0.68850400473107
-0.0598214718403923 0.0941217622269813 0.0610606122069024 0.762275084510779
0.0145451818162707 0.0253140644610218 -0.0202433702618628 0.714387329725244
0.0542769787618298 -0.00650611457403003 -0.0472848246577444 0.474068689138627
0.0690259183640217 0.00362140377980894 0.00368104820825328 0.163665021389106
0.0868011475783133 0.0325560980186539 0.0925896140193856 -0.228187281964541
0.0669281469182846 0.0528077456840603 0.252871027030904 -0.496985908654497
-0.0144883930506019 0.0947859278176903 0.378989667163728 -0.713704577458029
-0.104712202633084 0.0416580665536087 0.306818359650706 -0.744201941410139
0.00392497730391482 -0.0888733267911024 0.113836015675741 -0.689046399068196
0.0978018603737229 -0.0515383991422911 0.0293369216619148 -0.608683067353682
0.0886256508581139 0.0978028526369952 0.0441067594995778 -0.28759133205556
0.0912750590220236 0.072429753623779 -0.0621082012299056 0.154461584138762
0.0746699699761518 -0.101515844902277 0.0956637384628145 0.478091448419591
-0.0894998651409224 -0.131137443717816 0.192315605133453 0.59576617245545
-0.167259909423966 -0.0362524138285251 0.114512433170083 0.716798106272024
-0.0751278152092955 0.054551864231699 0.0292826723370917 0.806962535695269
0.00654975068157515 -0.0122779454589016 -0.0158387855729127 0.737230861847076
0.0548821926734098 -0.0487814149894447 -0.0244694377128965 0.467868302327645
0.0750683935523118 -0.0395756340504072 0.040189392407999 0.14333405404647
0.0954291849787112 -0.0168762141108517 0.127966514434439 -0.241717934380314
0.0862509712856425 0.00125190490227194 0.266982865016602 -0.498455537018997
0.0193022188763817 0.0507131182369877 0.353574758651145 -0.700776956699572
-0.0784488810938431 0.0278766763215501 0.254082897572378 -0.738663437962848
-0.00308072302803238 -0.0949555653956196 0.0692949011731286 -0.700545989810731
0.0834750898038354 -0.0803699874837336 0.00308526112703537 -0.617239887215264
0.0902664399216205 0.059863382460633 0.0207228479897995 -0.309769488266685
0.0675061671594804 0.0423420696194856 -0.0812923913421077 0.14768198553073
0.0611957081482461 -0.0934939242708694 0.0760759527991006 0.489045874253985
-0.0701393212676591 -0.136406234980516 0.142509296446939 0.599386246997943
-0.144218092788145 -0.0766107464385257 0.0269111674004592 0.741187994230046
-0.0782774994511497 -0.000533064743420457 -0.0371956911817986 0.847688235350003
-0.00606179733924045 -0.0551967228111038 -0.0355152403862017 0.753624192973189
0.0425698386625076 -0.08516314286356 -0.00472395742618581 0.448531397993117
0.0659329890371937 -0.0741583984720384 0.0752268345682154 0.107350548590288
0.0834477613471969 -0.0553528960730798 0.157675041094027 -0.27379959070922
0.0826381904539686 -0.0464434357255851 0.267428206417601 -0.522757026183235
0.0377377571509455 -0.000390808988243715 0.304555908221608 -0.702607800294401
-0.0432229229753329 0.00706653335644073 0.176134749447525 -0.732532066928798
0.000565699400669372 -0.0862372093629555 -0.000609046714950738 -0.702000556392749
0.057732631478255 -0.091341232722734 -0.0394874654174004 -0.61046776916
0.0729421729671244 0.0164691217144419 -0.0116991401984477 -0.315079248690516
0.0355089279084878 -0.00085979169304577 -0.095785199166376 0.154329083587647
0.0274928767435651 -0.0860330905437517 0.0528281443045646 0.512325677202102
-0.0538499645732047 -0.118847291078149 0.0817836227605587 0.609336334818441
-0.0988886727329071 -0.102416441319769 -0.0777632753976098 0.758846370085023
-0.0638336323094187 -0.0583713066206137 -0.129143812627273 0.871225963803221
-0.0187915566489255 -0.097613191971843 -0.0733804910102867 0.752652471613194
0.0213010395844906 -0.108369640341982 0.00571765836172035 0.41872787813911
0.0444179616659142 -0.0933698171922343 0.104731723646781 0.0606886614603367
0.054859703545375 -0.0768016756442075 0.177640376360061 -0.317814340528189
0.0596090712574866 -0.0808054590370851 0.250153186907889 -0.558054926126682
0.0355203930288829 -0.04653036628732 0.239390012056792 -0.710224596925519
-0.0118352471689652 -0.0171964976630468 0.0863997409399515 -0.719799809307405
0.0146399944451844 -0.0715438258112758 -0.0769868885056373 -0.684103456056922
0.0303705468840108 -0.0830018121602712 -0.0882902438631868 -0.590266019289388
0.0411215562327604 -0.022239789036526 -0.0396904520047348 -0.303135958752438
0.00246402907040555 -0.0501098172910432 -0.109415060878936 0.174770995308194
-0.0209188716481405 -0.0819958389556538 0.0178722719691247 0.542697369115967
-0.04669729705706 -0.0825396673495082 0.0137239426152332 0.622833079187474
-0.0423785813545548 -0.103725757363953 -0.179195713457505 0.763266892726987
-0.0363908532075501 -0.108863866540439 -0.227242481331189 0.870891952276401
-0.0313505607544148 -0.130986039003727 -0.118309513091227 0.732537120589373
-0.00831892946618922 -0.116058014980472 0.00944996850013431 0.382033499962041
0.0129514244612716 -0.0969264443732725 0.124687316723354 0.0128580293368545
0.0162333589573943 -0.0788479907356568 0.184470445159769 -0.363996011244473
0.022434265973943 -0.0964343302591511 0.21672016734949 -0.592953416807045
0.0202839985449389 -0.0800747316937918 0.162781693842539 -0.717495761218325
0.0143644839132011 -0.03647782333576 -0.00353541829299661 -0.70241218577386
0.0336763475652353 -0.0496186716602748 -0.149306539491938 -0.657138509286786
0.00307594072790548 -0.0598799807500236 -0.132649396551164 -0.558797060438712
0.00165642538108553 -0.0530707260023624 -0.0612814194613582 -0.279659699435265
-0.0306326940106267 -0.0943589761218754 -0.120900155909316 0.209094647506339
-0.0737276308271893 -0.0737087536182733 -0.019306131171774 0.573166470530295
-0.0443591042990342 -0.0350807406845444 -0.0577773700319262 0.638871933692834
0.0114506198415579 -0.0890504034121904 -0.269860492015868 0.762991602578807
-0.0114015783621087 -0.141819724900478 -0.306730609849505 0.851213441152746
-0.0475856056325247 -0.148410012434868 -0.161019644939932 0.696092680369127
-0.043863686883249 -0.106707794679815 0.00727747965558407 0.341381281958504
-0.0238755701609837 -0.0820002391855806 0.132930868707002 -0.0313021952531173
-0.0254195233418369 -0.0632640751264543 0.176712500326696 -0.406014322025748
-0.0163770586638723 -0.0975191972155528 0.170276215934282 -0.623566159491119
0.00316842464704042 -0.0998521497304288 0.084589442514605 -0.718032388007656
0.0413112006367218 -0.0470774729102255 -0.0844099939148092 -0.679908588803267
0.0560280682430199 -0.0192421161201016 -0.207764919869914 -0.624066957753176
-0.0227451695458407 -0.0274412581442908 -0.167901155530004 -0.525454664778698
-0.0391772726112904 -0.0745813967784315 -0.07142113654529 -0.251412668609102
-0.0635915619276635 -0.120888538246104 -0.125295383139217 0.249323229222748
-0.120366642841413 -0.048649163291403 -0.0497853323173343 0.600032342231336
-0.0387743423765384 0.0165974810498909 -0.117093714844411 0.655517409215216
0.0526625624231062 -0.0704585491913731 -0.323643830169537 0.757171493152817
-0.00480188105450996 -0.15595528506179 -0.352803397927672 0.81699128090955
-0.0733345427239629 -0.1442072643969 -0.192257251290879 0.649208619490519
-0.0816743017138266 -0.0786448661295898 -0.00244645309423436 0.302810713601495
-0.0611120785112136 -0.0516465565822373 0.126029476065782 -0.0638291745481119
-0.063186045681515 -0.0333548002258606 0.155418604854922 -0.436896032669928
-0.0505710004916013 -0.0848146816435469 0.12555975328291 -0.644449757952418
-0.00803860077827431 -0.10677727047952 0.0222199829053352 -0.720723047298122
0.0731249924649201 -0.0425102042020779 -0.135682099349245 -0.662625846748371
0.0780016302382169 0.0187980218133755 -0.244620460312661 -0.595828020085734
-0.0484181227127191 0.00755020466913982 -0.188663921336862 -0.497041265792215
-0.0742798526028541 -0.0907104252938305 -0.069487038445918 -0.219731434013281
-0.0925300107203193 -0.121120217509485 -0.118791048304842 0.291080150204537
-0.148842551410589 -0.00748606512674638 -0.0655472666498085 0.621367373140612
-0.0251324616506603 0.0627266298946501 -0.1483809459497 0.670853821972862
0.0718858588836277 -0.0533648883501499 -0.339137304946244 0.752093940851319
-0.0223378602681232 -0.149595950411849 -0.371519755317227 0.778253740848024
-0.106318976359547 -0.116022894879518 -0.216011087009402 0.604362426788949
-0.116552421451762 -0.0363463147090519 -0.0214756824918354 0.274715612234584
-0.0935575851380735 -0.0113427322757186 0.105753961375359 -0.0792746568370584
-0.091832440109952 0.00696404546061548 0.129501649174303 -0.45491270682738
-0.0727079465842872 -0.0633177256602544 0.0840107685189733 -0.66028252640915
-0.0060677630594946 -0.100838981382309 -0.0198229905501377 -0.734857939108693
0.108321288173782 -0.0249957245649811 -0.157985198831465 -0.662024460071807
0.0941442823230631 0.0631218088544856 -0.251928430203729 -0.572363592159339
-0.074549803812288 0.0377038612036092 -0.195057311480072 -0.473402093075196
-0.0968180202376372 -0.0998505066008078 -0.0574044659885231 -0.189290135553921
0.10407536622044 0.0899068174890578 -0.038181378319083 0.173174932721405
0.0655870112673182 -0.0992797486349089 0.114316880654897 0.481557055525189
-0.10211825096342 -0.101031596766795 0.237182971283675 0.595151858244855
-0.162579112158494 0.00999024872534258 0.17951586301745 0.690361928170326
-0.0584995823907383 0.0950216880229467 0.0712679280635675 0.76483282304837
0.0159213662658302 0.0255930343001237 -0.0123410579689686 0.717008546905312
0.0547836538216962 -0.00722663369424169 -0.0428693894619888 0.476641434273399
0.0688177831632463 0.00232360153393051 0.0059616449067567 0.164996753226897
0.088584497073251 0.0306428400919538 0.0896113453016813 -0.230496221382449
0.067074927230784 0.0517655372827286 0.247944415461155 -0.501144542977238
-0.0137473247949549 0.0948145763018153 0.371611226165614 -0.722798309045727
-0.104085139173156 0.0425433344843267 0.301026633751234 -0.752491557285969
0.00167397770570086 -0.0899533267413201 0.109394481699331 -0.693420715423318
0.0962556078089077 -0.0518407756269754 0.02350431216164 -0.611174475444935
0.0895810669422411 0.0972981765987798 0.041100965654231 -0.2900249526646
0.0915691666705801 0.0722930830253029 -0.0612732584816254 0.155611864594928
0.0731664673168343 -0.101471388752099 0.100236384386044 0.481613052520993
-0.0903419762304427 -0.130238151150527 0.199770528050082 0.59626651350967
-0.168250451202509 -0.0346114399465122 0.122936416903584 0.71968963649213
-0.0738448247317065 0.0560755799929037 0.0379937282074009 0.811084461238788
0.00699603655543929 -0.012648096320225 -0.0078518656003026 0.740358631519535
0.0544472934417949 -0.0494748606580176 -0.0171821158695353 0.470565169065901
0.0750432336974238 -0.0404531042856669 0.0413277832901149 0.144058860831846
0.095658503871874 -0.0186263855925009 0.124740264501716 -0.24347661377539
0.0859621275732564 0.000359023328022449 0.262112568248904 -0.50476809959468
0.0197656122784776 0.0507422462875589 0.346931731185828 -0.708978748686759
-0.0779377558788233 0.0291088548565024 0.244475552484368 -0.745170788453351
-0.0043491749069724 -0.0960106916468604 0.0616595409122978 -0.705423011861981
0.0815326914778318 -0.0808985652608312 -0.00282290907745433 -0.623568387275788
0.0912601854021033 0.0595812237600558 0.0158216618212559 -0.312360257087991
0.0668983786273952 0.0410085241760045 -0.0811941969541531 0.150049542957183
0.0602230362361017 -0.0944055750912066 0.0816782031117902 0.493311994010834
-0.0711437651076497 -0.136515211298713 0.149438925598428 0.602473168275346
-0.145048892019601 -0.0746940671111964 0.0358187687609667 0.744298440770508
-0.0785875674432541 0.000828509252886203 -0.027563127502292 0.85341853244257
-0.00638835050521901 -0.0546679880333381 -0.026011564174693 0.756413433396157
0.0420690946378208 -0.0854271566456672 0.00141871572780045 0.45227248747347
0.065316562435942 -0.0753089178189379 0.0768877699482182 0.107920422411844
0.0835661474858336 -0.0570668146044323 0.154779808678061 -0.276369397809992
0.0820708710917512 -0.0474730291312123 0.26184409374638 -0.528750971019482
0.037722364509432 -0.00105067699334465 0.298181426402783 -0.71054502757723
-0.0431074455261566 0.00825202851024447 0.16783066865014 -0.738324097042005
-4.16563815640279E-05 -0.0872210528931349 -0.00772632641706511 -0.705381086403961
0.0562848028472327 -0.0920143886130898 -0.0459759690445464 -0.615324071652891
0.0730234227666586 0.0154832250630398 -0.0141341168439052 -0.316733409323563
0.0352827045277453 -0.00139597991783108 -0.0957111475902722 0.156539501704559
0.0261002805866297 -0.0867711745038642 0.0584684009243174 0.517316548879322
-0.0548312618503244 -0.118411383241554 0.0882994215184199 0.613241218779973
-0.100256490530517 -0.101645394136359 -0.0686663186353465 0.763271229605776
-0.064405730503075 -0.0592009187399086 -0.121414159038639 0.877442918194913
-0.0194683123259251 -0.0971803311152909 -0.0645557678377701 0.756574753186534
0.0189495486205618 -0.108287357151139 0.0117346489033103 0.422417738152737
0.043674512778389 -0.0950275694628189 0.10643183034658 0.0605662883045985
0.0554092540386312 -0.0778437527436332 0.174181588801181 -0.322337847980243
0.0581943991054476 -0.08170536662411 0.242961613917475 -0.563791267379975
0.0350769359527077 -0.0473961694482527 0.232932077928129 -0.717176151013279
-0.0130112543890902 -0.0172943071217502 0.0802304068814066 -0.72568142219089
0.0133094400490553 -0.0720714993605179 -0.0839313827075488 -0.688211333493842
0.0283808930754713 -0.0837217160928195 -0.0952237593016023 -0.591041659546248
0.0406016904472919 -0.0224581342352759 -0.0435110092112811 -0.304263866566085
0.0016220964323534 -0.0505317429991344 -0.108711020489155 0.177010562444745
-0.0218286346739081 -0.0813607319643228 0.0239748385970822 0.54594803014384
-0.0478173576183135 -0.082557703779682 0.0205174119979759 0.62790012050601
-0.0443407157313478 -0.103961611902832 -0.171893085328558 0.768644728662252
-0.0379710126860588 -0.109681478375042 -0.216074841174748 0.879224634671598
-0.0316531830436544 -0.130233038870147 -0.110537109264258 0.736381541198476
-0.00933084123514482 -0.115842357282363 0.013500810930022 0.383949794927179
0.012322247997992 -0.0973663606856549 0.125413403351735 0.0118427379592072
0.0158387980170175 -0.0793400864709994 0.179269224863743 -0.36782835854784
0.0213671416104503 -0.0980923149343756 0.20990000992345 -0.597981065666132
0.0197755603693624 -0.0815283253165707 0.154655424005298 -0.72239129634078
0.0140262855335695 -0.0365963589641712 -0.0113374245506541 -0.706141838561808
0.0328063889440473 -0.051083300242843 -0.15646979019236 -0.65793862975429
0.00186956308505925 -0.059556877672662 -0.140587621524912 -0.561575848992263
2.97003004548317E-06 -0.0534388830738535 -0.0647428332063471 -0.280468038961643
-0.0319652021186803 -0.0942454445462555 -0.118821354878412 0.210992353888321
-0.0748079605090927 -0.0729445820585436 -0.0134316496462028 0.578236723062121
-0.0440556825060401 -0.0348905624467828 -0.0508938675616591 0.643753781245133
0.0100285686009247 -0.0895178545696755 -0.259445508115711 0.770559529867743
-0.0137035426079887 -0.142748848346682 -0.300851950930241 0.858422833027907
-0.0486726153370475 -0.147974354672531 -0.153174092755343 0.699299067849712
-0.0448565070548911 -0.106320692075405 0.0117930179108275 0.341465949929334
-0.0242440866431231 -0.0826878581677427 0.133210226853814 -0.0321312037942561
-0.0262788710650563 -0.0631942709668735 0.171923918176558 -0.409543952216368
-0.0180111560707501 -0.0969823330184259 0.164291202776102 -0.627769115752219
0.0019606140157769 -0.0999468424808118 0.0770547384674835 -0.724621734064074
0.0398456390623443 -0.0465649952348641 -0.090167498411196 -0.682812761462942
0.0551141567789766 -0.0204724135797938 -0.215272393398887 -0.626433174844121
-0.0239848365289736 -0.0276407266482196 -0.17422057621159 -0.527773719211063
-0.0404547746869251 -0.0740189251305658 -0.0746032125944426 -0.251265177251668
-0.0654128613507936 -0.120113172506064 -0.121829284998518 0.253095804033028
-0.121350832696822 -0.0483128448819156 -0.0451875916946451 0.604900542403623
-0.0386227460860135 0.0170633955974575 -0.110913179542371 0.660742312273726
0.0524877199446318 -0.0708570472868924 -0.317614689029088 0.764651149348516
-0.00677889425955226 -0.156964830122166 -0.347186790205981 0.824594087714942
-0.0746462903188275 -0.142675789579478 -0.185584611728384 0.653539957211371
-0.0824916766603103 -0.0776248011051795 0.00132073926279508 0.303383295961716
-0.06192362992217 -0.05128699502501 0.125686514255004 -0.0646579366013939
-0.0639961996415735 -0.0321092644618324 0.15131639117093 -0.440970087037269
-0.0523919548547415 -0.0839190878680919 0.117697020934795 -0.648207198931921
-0.00945456751811944 -0.107012986146279 0.0127900949366708 -0.726952354992103
0.0730004193269278 -0.0431136577268173 -0.142172358590411 -0.666706121388175
0.07787449336647 0.01761812339022 -0.251042740397177 -0.59665159576947
-0.0493622816446862 0.00773498831551415 -0.194083721132955 -0.498081048041991
-0.0752089027351852 -0.0905264657782108 -0.0731557423729073 -0.220174874300085
-0.0944814832601253 -0.120411779609706 -0.11484475867687 0.294237554915898
-0.1495004627978 -0.00593423103107619 -0.0580279298686037 0.626762892469843
-0.0250714328525688 0.0639164282013239 -0.143218769448362 0.675863850882079
0.0709732237023574 -0.0544798981351588 -0.331447043119224 0.759970156717988
-0.0234128676530135 -0.150100229954749 -0.366522321609272 0.786868152287048
-0.107446161465391 -0.114804772106384 -0.210768850884892 0.608430348405392
-0.117108484635876 -0.034455520816259 -0.0175140812893382 0.276337697668163
-0.0938227654980845 -0.00998621871459591 0.105885325711631 -0.0803437184932173
-0.092097234547996 0.00787410193747102 0.122659253477437 -0.456998677916228
-0.0742779641843787 -0.0619456821613383 0.0758569343516132 -0.6653571031066
-0.00768362369845879 -0.10020036046918 -0.0279566452302735 -0.739576465235804
0.107486724457933 -0.0256068150263761 -0.165240145871245 -0.665425084150605
0.0944970601116995 0.0616913793973243 -0.258427953493734 -0.574833582323822
-0.0742938053991362 0.0390603940890484 -0.201922033857355 -0.475188834247471
-0.0979476933998984 -0.0987993026638489 -0.0602354718919003 -0.190070514236795
0.105371575327889 0.0898395488638906 -0.0349100779246364 0.173842399067347
0.0649211932094863 -0.0989168722230246 0.119208816779449 0.484347808186294
-0.104034766811721 -0.0998491844522544 0.245854117398003 0.59502781703002
-0.162992907298138 0.012864545400807 0.1892437070049 0.691720891922092
-0.0569188960742607 0.0964815866837083 0.0810314211235876 0.767793378528176
0.0179269591240191 0.0249762429111505 -0.00306450211265808 0.719692389702571
0.0550128251420176 -0.00817038857323152 -0.0359306996913688 0.479792326357742
0.0696901828953087 0.000838769224706386 0.00762022850220622 0.166503860591933
0.0900218105955247 0.0298579043276858 0.0854427689566202 -0.232198558250111
0.0678136789256339 0.052016918117255 0.242921521198206 -0.505554157077977
-0.0125818617090864 0.0959609418850031 0.365262553466072 -0.730586712182285
-0.104337015232727 0.0444009312099622 0.292239699362258 -0.760329030038388
0.000290503830159952 -0.0894328315799248 0.101217708511646 -0.698002270654137
0.0955552863526662 -0.0527345638228699 0.014616475526089 -0.615440166819391
0.0913299680220391 0.0972132657192252 0.036364722366875 -0.292061714872348
0.092468865748959 0.0711277339637347 -0.0588842182508927 0.158178433961088
0.0725645976057337 -0.101780035988287 0.105597337626887 0.483727414018688
-0.0924797772640925 -0.129628636528374 0.207682956243577 0.5986254946587
-0.169482981311671 -0.032262741758747 0.133356228401205 0.72105054108746
-0.0735109129900542 0.056632433094041 0.0484126874599462 0.812653080814011
0.00761292759277961 -0.0121579454314041 0.00189517659228562 0.742091952538646
0.0540810064694345 -0.0502070478044669 -0.0106033822632922 0.471960483373073
0.0749411570690999 -0.0431726219527701 0.0435779559066469 0.144510829833318
0.0959864533376098 -0.0192677642777942 0.12108372907948 -0.245691918985186
0.0855069477683502 -0.000561381844936783 0.256395281386041 -0.508938144070818
0.0199928058948114 0.0501342283695796 0.337708735652512 -0.715783972981609
-0.0780128863385656 0.0303678045883331 0.237795056910831 -0.753304003828251
-0.00632941658515889 -0.0956547896790615 0.0527280721853512 -0.709788668371816
0.0798782277461006 -0.0816192434455223 -0.0110560002198473 -0.626120809433548
0.0912943656133067 0.0579443120395079 0.0126935937777179 -0.313501147402982
0.067499628710863 0.0412273446553965 -0.0785882508670806 0.152137421922456
0.0600231493318283 -0.0951500734274543 0.0867312811588395 0.496192460810916
-0.0723856618753436 -0.135384648045907 0.157486997503708 0.604371819592549
-0.14680551888771 -0.0745556385196513 0.0458152577527136 0.749836022588504
-0.0784626791078513 0.00130607889005355 -0.0183667507625761 0.857754176753162
-0.00662759068077387 -0.0553510525489924 -0.0187957986495076 0.757801165027277
0.041681265129101 -0.085927703406449 0.00654221285553565 0.452315077409511
0.0647179608543593 -0.0771834359348428 0.0785084432303269 0.106299830945468
0.0836879644248269 -0.0578984238821223 0.150383418910297 -0.279455797541318
0.0817391180103723 -0.0483711143840133 0.256708341450922 -0.533504472013987
0.037469611131279 -0.00148563454110569 0.289977006326303 -0.717884261756146
-0.0437433161974826 0.00771384451179884 0.160708295235281 -0.744608428704545
-0.00106571781356058 -0.0876244468255949 -0.0150880585438448 -0.70852875387487
0.0539733347171496 -0.0918311619776005 -0.0534092578955522 -0.616482131225144
0.0730464596338469 0.0152374138260272 -0.0197374259531218 -0.318037035750187
0.0351376804571547 -0.00161862117816739 -0.0938967054422948 0.158543549989335
0.0256852127267564 -0.0865705827896524 0.0645755581898076 0.51980884872776
-0.0565317832528726 -0.118754433313275 0.0961879493056247 0.615104093986517
-0.101254027622953 -0.100558434864101 -0.0595631406446657 0.767753945521042
-0.0655475649062161 -0.0590025991146446 -0.111505027354714 0.882233658475982
-0.0206595326560424 -0.0970630400317719 -0.0551351585852459 0.759811014080965
0.0187608070416549 -0.108783896564204 0.0167377293933945 0.422889206341151
0.0426435122060673 -0.0970075373132779 0.107329766872358 0.060142889232249
0.0544213900843743 -0.078701912694328 0.169868502251123 -0.324525901766518
0.0570522869554307 -0.0821620744099214 0.23743118070062 -0.566931208912224
0.0338389479422362 -0.0482448661580177 0.223929100500506 -0.725451797386128
-0.0131983851980859 -0.0170630830026688 0.0699248880842411 -0.730749491938076
0.0128567321567373 -0.073028943887569 -0.0934246565276377 -0.690293207743159
0.0270961364305289 -0.0827498296980601 -0.101135941301829 -0.59400489821721
0.0396503034871441 -0.0231596976312126 -0.0482198007154081 -0.304776737819966
0.000603356793423005 -0.0507118312070632 -0.107814458657996 0.180473608756409
-0.0216172023336183 -0.0827053851215583 0.0279258396090243 0.549803344548404
-0.0483643431348666 -0.0825460314919449 0.0280594768414263 0.630280285217905
-0.0454939566191175 -0.103596336221731 -0.161503252950034 0.774039522880067
-0.0399914456224729 -0.108990096648833 -0.207628127525419 0.885628023157762
-0.0333341246403981 -0.131402991426774 -0.103544738800412 0.741038554927966
-0.0105401137525012 -0.115895582719383 0.0179554508847905 0.38426427444093
0.0108722050814835 -0.0966925142273722 0.126110965059992 0.0109009838528761
0.0162618017327972 -0.0800094485642431 0.175637091397054 -0.371419559641423
0.0196254128986343 -0.0978615696397367 0.203713968354767 -0.602411618367012
0.0180026901120781 -0.0818713111900104 0.145201598976381 -0.728725579237998
0.0134635125668095 -0.0369051484988988 -0.019975050321225 -0.710557495338413
0.0327125844453367 -0.0513299732206321 -0.165909863824034 -0.66068272845389
0.000152729343712413 -0.0596700644687212 -0.147773592795819 -0.562121468594347
-0.000564853256100811 -0.052725418241857 -0.0695150312953782 -0.281588137019418
-0.0334371690904545 -0.0937613502066752 -0.116933710118234 0.214805050359581
-0.0754763728541933 -0.0725811123178938 -0.00753953754263912 0.581866511987621
-0.0452317554849293 -0.0352562063753367 -0.0443255815474229 0.647429865122095
0.00929638047886822 -0.0900119831492054 -0.253225451052568 0.774855221562312
-0.0152938152984253 -0.143051886585636 -0.288946535795277 0.864861722481305
-0.0499557062981889 -0.148211811722651 -0.143852691472636 0.704092592686488
-0.0450256655981724 -0.104844487968589 0.0167555132399883 0.342580258263893
-0.0249561673466824 -0.0818169416730011 0.133100803871481 -0.0336483928544424
-0.0254559916878331 -0.062793680081723 0.166124862405501 -0.414558742716517
-0.0203470555558398 -0.0964360068384086 0.155819090471563 -0.631702420375702
0.00022967916048677 -0.100164135115562 0.0688903941463472 -0.728046251607034
0.0397992685980157 -0.0473438149059457 -0.101249292311006 -0.687077253886495
0.0553582298682791 -0.0222821410176662 -0.224121272470688 -0.627193438926073
-0.0245334195808775 -0.0269092567281707 -0.179771115332346 -0.528854072497399
-0.0416551065380137 -0.0744430482521086 -0.0788960837752 -0.251989669910716
-0.0673012748750314 -0.119829840936684 -0.120045194140279 0.256207569345091
-0.12166247346653 -0.0465260991766864 -0.0376106529472764 0.610178419132717
-0.0374522351812295 0.0172263919046488 -0.102299976644486 0.664444517394634
0.051083748558399 -0.0714711344441598 -0.309789736213555 0.771637098810746
-0.00934569154480398 -0.157078787309219 -0.339556905398625 0.831975400442167
-0.075879257272941 -0.142026332749778 -0.178914872586825 0.659383155740279
-0.0826568596531859 -0.0757821617508271 0.00588815207287146 0.303718721924587
-0.0621912923439735 -0.0510917371537697 0.125462349969435 -0.0667706870140853
-0.0636720598273614 -0.0313030225197444 0.145523421493979 -0.444481517363495
-0.0539133238191394 -0.0833235994089574 0.1104553783886 -0.652975237683445
-0.0113675541765726 -0.106720640756849 0.0040140696698923 -0.730359507150584
0.0722345451161371 -0.044510962053593 -0.155216185053527 -0.670083546218853
0.0781201088458502 0.0162664689985507 -0.26000343157313 -0.596314871822335
-0.0502085541216356 0.00854669931058236 -0.202500973406173 -0.49920859338536
-0.0771470905540153 -0.0895892057019698 -0.0762761117657986 -0.219802075427667
-0.0962934296815663 -0.119420104976128 -0.112657659681973 0.297557077875808
-0.149099379504272 -0.00421666604014366 -0.0516629590831263 0.632092534911309
-0.0244664302909884 0.0626987356584685 -0.134201605865567 0.682079892098042
0.0710294623130923 -0.0554209037343137 -0.325447679958126 0.76591712429401
-0.0258575067849186 -0.149429898391243 -0.357121856638072 0.793202343978656
-0.108375663791554 -0.11348473175517 -0.203307125293635 0.613050805876144
-0.117013855139355 -0.0326700736531231 -0.014400240152583 0.274943493895369
-0.0937631191399378 -0.00891255262790208 0.104807381989062 -0.0822926168415105
-0.0914452139407758 0.00931778468505873 0.116680949633699 -0.461424857227967
-0.0748450019778924 -0.0608391666422926 0.0671891035816234 -0.669833973724749
-0.00948530645485722 -0.100680666541784 -0.0391832242390321 -0.742595822800757
0.107797095326976 -0.0277820790277738 -0.174463050418857 -0.666676503256838
0.0950240338011667 0.0603402698258174 -0.26748317963278 -0.574061610572618
-0.0747364558093864 0.0393050476036902 -0.208887288807811 -0.474775311053448
-0.100590135279752 -0.0976773683092622 -0.0640280869220183 -0.189677702363718
0.106222892793201 0.0883469750622612 -0.033416037691174 0.175896081147349
0.0628455105758946 -0.0998330985458606 0.125774797161936 0.485939777401147
-0.104771979874323 -0.0994917611205996 0.253400011122391 0.5962977868185
-0.16326439327299 0.0146300738387203 0.198268730918416 0.692463572745239
-0.0558656104356938 0.0971827787490104 0.0918089454608388 0.766831429644778
0.0182217615709055 0.0245145001047463 0.00723808329163124 0.720612512454031
0.0557189650907895 -0.00758151188557383 -0.0274950403828444 0.479489042729456
0.0700642197287481 -0.000294024715317825 0.0102669990174835 0.166750192349656
0.0900107467094649 0.028349669165292 0.0826885451662066 -0.233455492762135
0.0686571537481914 0.0510558484006571 0.236001849229232 -0.510982463730776
-0.0115309511531179 0.0960194651979498 0.355957360172397 -0.738578457271473
-0.1031508375803 0.0465681339535767 0.280700105639456 -0.767248913733375
-0.000900452780341524 -0.0901851916135777 0.0918511746052393 -0.701287203726576
0.093782212398601 -0.0532095682733102 0.00782804043794415 -0.618371041935976
0.0922718090152296 0.0957567259962287 0.0317958693707902 -0.29361558557219
0.0932135156857988 0.0703917417789622 -0.0582137134662823 0.160217017473504
0.0707272118297929 -0.10335377452092 0.111671958408234 0.486235606628174
-0.0939524476416602 -0.128372141909081 0.217509066381563 0.597126090576053
-0.169891519300078 -0.0298761513116662 0.14300183199968 0.721520500201671
-0.0724439309590168 0.0580810282255895 0.0612026719884285 0.814002407621382
0.00748069396466836 -0.0126882537142191 0.0113266207365633 0.743973581062247
0.0534834946698418 -0.0502507704210109 -0.00294308528933949 0.471958681950104
0.074625170844227 -0.0445082527889836 0.0456375409908329 0.144989686369367
0.0968352429947117 -0.0210558912389658 0.116731041965193 -0.247563117662013
0.0852680414077643 -0.00212907785333226 0.250180614744584 -0.513541429514082
0.0204520944336172 0.0503224995602588 0.330310885898297 -0.724713159512234
-0.0773488239270508 0.0319220730834062 0.227768244511388 -0.758980078964736
-0.00725525007142363 -0.096103981105523 0.0440420975531279 -0.713412683154384
0.0784010696977828 -0.0820882249889859 -0.0185997183266119 -0.627149282501708
0.0914811787169116 0.0578842086435531 0.00827860722707042 -0.314449913058672
0.0670183663346961 0.040966879680123 -0.0769290034140003 0.154393569438129
0.0584474323639049 -0.0952512246661663 0.0928904841015997 0.497243053565361
-0.0741286494042172 -0.135081596814307 0.165318253797172 0.604961757578482
-0.148500940305389 -0.0721862858171306 0.0560910846404064 0.750975916043405
-0.0781801709981332 0.00266900128481761 -0.0059060221099445 0.858261207609582
-0.00737041637563923 -0.0551363902374641 -0.00655345188402727 0.761674610326119
0.0404634198083641 -0.0862222152258021 0.0131010080072918 0.45384408098538
0.0644434077300915 -0.0786998066623662 0.0801666383141705 0.107520226545045
0.0837922520506121 -0.0595682564912097 0.146407724548031 -0.281716300573514
0.0809717664789457 -0.0497791652235535 0.248074060062968 -0.538560305843983
0.0366256844232212 -0.00249952509696542 0.280311317705241 -0.723798764702057
-0.0434271756356085 0.00867529140237405 0.150475446448732 -0.75043594202603
-0.00282092396472308 -0.0886496178394734 -0.0262476023581031 -0.712087764411243
0.0521903970083181 -0.0926369356356636 -0.0610242602017214 -0.618005393048907
0.073018023102224 0.0139271890231105 -0.0248914211518946 -0.318902475175437
0.0336038747975816 -0.00197630205161239 -0.0913344762320303 0.161880293352118
0.0245279133862947 -0.087470014547588 0.0694852305995409 0.523252908558889
-0.0573443310635947 -0.118241888469136 0.104902267968243 0.617277459594133
-0.102606088866263 -0.0996214667156114 -0.0494690773991164 0.771381813173709
-0.0658141830389453 -0.0574191484897101 -0.0991719730823603 0.885688791415603
-0.0211789222665477 -0.0971293019246208 -0.0461654831584949 0.762235711260038
0.0176254552518614 -0.109270861163073 0.0240376489997983 0.424442158824968
0.042078373600164 -0.0979270452405789 0.107692562267621 0.0590960034389265
0.0540668929454006 -0.0799522573641864 0.164407526405939 -0.32803561464883
0.0562093080068874 -0.0839345153003095 0.230597562822568 -0.572479198088464
0.033139217170606 -0.0495014317193253 0.214668448542017 -0.731368888942148
-0.0132855848886291 -0.0172918457430656 0.059037526721121 -0.735723993544253
0.0121905746363663 -0.0740073980285031 -0.101349114722576 -0.691630105398533
0.0251129969752709 -0.0831197843792257 -0.110809532774537 -0.59503073008809
0.039754825570038 -0.0233160003796813 -0.0536945911071096 -0.305225904372127
-0.000146379007063279 -0.0500721838715524 -0.103964011132356 0.182999204089015
-0.0231088148390422 -0.0820758092326106 0.0345224944118158 0.553723202769892
-0.0495661392458442 -0.0820054729534644 0.0374281563670267 0.632565104279935
-0.0473269012648476 -0.103908038349749 -0.152024662052621 0.780171866359505
-0.0404877265257149 -0.10879996548368 -0.197926609008736 0.890407819679423
-0.0342906792300456 -0.130284202862345 -0.0937825369675402 0.742311117849211
-0.0121154596138711 -0.114413959656581 0.0248553928287872 0.38500385281173
0.0104173527416472 -0.0984842442359949 0.126883294189949 0.00910231801644236
0.0154983049411606 -0.0803673275035535 0.169556241976102 -0.374545927580481
0.0177571634228665 -0.098071181302624 0.194277226607726 -0.607021422874467
0.0159966865437189 -0.0819738443425238 0.135628432530033 -0.73402466598729
0.0124357122941914 -0.0380489203469104 -0.0309502179421054 -0.714699427579089
0.0313173139231226 -0.0529445317676512 -0.174810221872892 -0.661493892495626
-0.000555338128804209 -0.0603007703436684 -0.155048118985872 -0.562895320664713
-0.00185344321987748 -0.0527066195113291 -0.0736915709242746 -0.280701712560596
-0.0347991027693004 -0.0932026638407012 -0.113204475186695 0.217511943883373
-0.076480480460694 -0.071730984727153 0.000524452686279272 0.585873939643267
-0.045468429056122 -0.0351503798842133 -0.0364785248615342 0.650538433978483
0.00780350560676378 -0.0908522675890029 -0.243473379082853 0.781872567683491
-0.0173653851339604 -0.143119705742612 -0.280295972078434 0.871165420698571
-0.0513875931049792 -0.147000396249452 -0.136338397855585 0.706064247541612
-0.0455508138847043 -0.104219167015548 0.0211541623276519 0.342278900253217
-0.0255296140591351 -0.0821329569119884 0.133430962318469 -0.0360187380114455
-0.0259487866292614 -0.0625663295123901 0.160052557884184 -0.416309666295067
-0.0220177971604094 -0.0954142716815278 0.148468800315771 -0.635967964305424
-0.00199856443928052 -0.101471710206552 0.057500908139933 -0.73290858134052
0.0398305614035975 -0.048388995090549 -0.109445520798835 -0.690139944518241
0.0544611021414481 -0.0232962327966814 -0.232996033678107 -0.625845399081753
-0.0260153752034093 -0.0264393778055982 -0.187974391360402 -0.528406177168823
-0.0429600556689623 -0.0741763165930574 -0.083190851466997 -0.251130894203203
-0.0685068998540298 -0.118133665940583 -0.116649254327175 0.259828572159482
-0.122771227677039 -0.0445502380794225 -0.0292528789740735 0.613068609263876
-0.0378092696430746 0.0171192519202635 -0.0951833998772878 0.669168982578668
0.0509190001283871 -0.0725059030746429 -0.300031423980488 0.777341111955131
-0.0108042756682606 -0.15772371702892 -0.330163583241673 0.838220732114401
-0.077508941918545 -0.141536818465035 -0.169059198542205 0.662312121782187
-0.0831850590058595 -0.0734728082076594 0.0115090260665488 0.303804338255685
-0.0625860656821102 -0.0496065779102875 0.125373114497693 -0.0682513771743284
-0.0639040156526934 -0.0308419392210574 0.13912394704612 -0.446966425710224
-0.0552360671870678 -0.0814265490706808 0.100348941271461 -0.657012896925488
-0.0131837882511313 -0.107421385927054 -0.00753248564224594 -0.733180341927193
0.0713749561440699 -0.0461297946837116 -0.163774022680147 -0.670233316161064
0.0779018605633533 0.0151622950571683 -0.267937301811797 -0.596171176403156
-0.049520980852139 0.0098486725034694 -0.207445915186616 -0.498412054761069
-0.0783400886294535 -0.088004867892197 -0.0799273945971858 -0.219374169131373
-0.0978204193196823 -0.11768646334779 -0.108475563657312 0.301143035819207
-0.150044913085144 -0.00189645190550552 -0.0428167291488154 0.634989335322257
-0.0234920536345616 0.0626275728461573 -0.128117447293344 0.685633890235311
0.0710438358000803 -0.0562786005624208 -0.314760744460399 0.77109499816713
-0.0270532153651998 -0.14966984585684 -0.348373658759205 0.80071435412728
-0.109506463294593 -0.112418140769053 -0.195811517985032 0.61816223838168
-0.116549331076463 -0.0298408244347015 -0.00932256748974951 0.275574920376185
-0.093686380183581 -0.00784968757948793 0.104795391564642 -0.0821012777330471
-0.0900864979539788 0.0107083653098215 0.111315398118106 -0.463492059210153
-0.0765642532886888 -0.0584486210630314 0.0589443001126746 -0.669379336256582
-0.0110948736039543 -0.100847176515306 -0.0491522539446893 -0.745993238400191
0.107297906400386 -0.0291915622854608 -0.185036392578704 -0.669319401933552
0.0956141997297223 0.0593805632994901 -0.27572790402489 -0.57264886619086
-0.0746924277931506 0.041474253957074 -0.213815462353419 -0.474635642807165
-0.101942975551826 -0.0965712375016713 -0.0673042526528589 -0.1894537953012
0.106657677830423 0.0876371522221518 -0.0311074980207462 0.177734162080764
0.0615797227130482 -0.0991793875045141 0.13307887352896 0.487677082213694
-0.106181027847195 -0.0971647621489532 0.263607960351424 0.594147996688257
-0.164392586497631 0.0172307461025829 0.208908641116103 0.691182306977412
-0.0538455481548818 0.0982808164797931 0.101592537522151 0.768239170768838
0.0186494750019583 0.0251968166966637 0.0176566969869496 0.7214085576746
0.0549867726903902 -0.00887044951409179 -0.0202621988523216 0.480773262865499
0.0705111491781414 -0.00241808315345105 0.0131727092787265 0.167847490663931
0.0911592105304204 0.0266898500619869 0.0789655367575391 -0.233373252120751
0.068986470474647 0.0495271282815995 0.229291122089314 -0.514053190718382
-0.0106085220887892 0.0972901413652154 0.346387751528846 -0.74712158379723
-0.102633131278351 0.0487657819325792 0.272637924323392 -0.773482414670668
-0.00253727291407115 -0.0908110122690602 0.0835222898028136 -0.704977261080195
0.0924372623107474 -0.0526999687143745 0.000227784990710335 -0.620937221930115
0.0932566936839404 0.0957536576097867 0.0278888265329661 -0.294700605873661
0.0935230069457651 0.0697257354751638 -0.055687395996793 0.162648280204699
0.0696115803850397 -0.103080147756574 0.118030630096461 0.487322396694584
-0.0946524016549372 -0.126844368776311 0.225642109461559 0.597281913906765
-0.17004737864183 -0.0275390265656822 0.15286198674818 0.722039158582309
-0.0708868757746648 0.0587151822323052 0.0726813113638755 0.814533206818438
0.00854161157166197 -0.0127972183310218 0.0214836884403645 0.743989689033728
0.0535994572944966 -0.0509952557418466 0.00420985517349893 0.472717629202295
0.0744564201567 -0.0463412565316149 0.0481497828329603 0.144198070524402
0.096507630098624 -0.0224442246643834 0.112887579858361 -0.248796139380721
0.0858233665968933 -0.0033291061692931 0.242217385206736 -0.516358330026656
0.0208497400978652 0.0492428484390225 0.319658863410178 -0.731694887439428
-0.0763287059483638 0.0327217281431681 0.215904136224857 -0.764782004418961
-0.00917271099047418 -0.0964326024044846 0.035580646348175 -0.715506643795935
0.0764081536857351 -0.0820051309732364 -0.0257224035791252 -0.628583190237562
0.0922736905494366 0.057084328612688 0.00289000747226378 -0.315937774593848
0.0670339729240858 0.0400715024448377 -0.074763611476871 0.156689824257924
0.056954244240185 -0.0966250922750612 0.0991613605604856 0.498680293413233
-0.0757834885444569 -0.133709281022658 0.174667053239063 0.604040762498692
-0.148657591193772 -0.0712781540662988 0.0658090821402392 0.751481260708246
-0.0778121050040719 0.00401094969531915 0.00757351069357977 0.860015723840199
-0.00714364298723834 -0.0550834095460615 0.00332734395302346 0.762594593257424
0.0395658692696351 -0.0867554259040328 0.0200627864658013 0.452501172988518
0.0633429784177662 -0.0806909303558271 0.0813498207250126 0.105851701768688
0.0832069391050568 -0.061095387300595 0.141759680475496 -0.283046625719261
0.0789603827797858 -0.0513419534340246 0.240023754880424 -0.541017867510073
0.0364793183858802 -0.00404672651977152 0.271647811027623 -0.731088860662616
-0.04371668438419 0.00986211700725798 0.138705984341195 -0.755872133342148
-0.00453637938053782 -0.0886348435862935 -0.0339703528620268 -0.711661649359936
0.0505638082642638 -0.0925751265095036 -0.0708016274299152 -0.619617939533284
0.0729265640299678 0.013476557979182 -0.0302162983934708 -0.318400616839726
0.0342548750748873 -0.00230303733060606 -0.0892691438469885 0.163966829394962
0.0233121163289122 -0.0880931221739227 0.0772498771517273 0.52371764410557
-0.0584085544441465 -0.117328670434079 0.113436578968306 0.618046621873311
-0.103614387173263 -0.0983591104357468 -0.0389279335988673 0.773401913756943
-0.0659615320986663 -0.057032768740307 -0.0883081030935353 0.888246413435932
-0.0221508756162126 -0.0971770888226958 -0.0352336029813381 0.762353097605879
0.0169306037518034 -0.10845228964289 0.0304076289319787 0.422490617087995
0.0404329566791476 -0.0987337229169635 0.108684871073968 0.0579638970042205
0.053552476734504 -0.0807470597070036 0.159460731524741 -0.329319486825218
0.0534878785970562 -0.0842029940125479 0.220720786061196 -0.577262678687794
0.0320656226373556 -0.0513283694093852 0.203643659895263 -0.736294176530691
-0.0141283700475549 -0.0160306711104347 0.0479698857404338 -0.737829532797443
0.0110108235701157 -0.0748616777574551 -0.111989748308975 -0.69275898610943
0.0237392631788706 -0.0835607369416301 -0.118304650291116 -0.596452133986458
0.0383060924507338 -0.0242691787137034 -0.058199590253837 -0.30504189503393
-0.0013193585346566 -0.0498607101820515 -0.101241403764541 0.185798614555621
-0.0247163714788819 -0.081519765482468 0.0427503320180015 0.555621680205752
-0.0495744800964804 -0.0820822959775855 0.0446754434312207 0.633525444166144
-0.0477322371988098 -0.10320083774371 -0.141553469586668 0.782765010158682
-0.0429092920384583 -0.107159128463011 -0.184020821166234 0.896489648991271
-0.0352819205129444 -0.129350853879748 -0.0830608645040717 0.745291718454413
-0.0130177100778167 -0.114730434578598 0.03201757680305 0.384735406621562
0.00958395138540667 -0.0994739441685987 0.127126981444418 0.0075113841372985
0.0149022650973235 -0.0804529087363034 0.162768475245623 -0.377721702155288
0.0160463744025025 -0.0983292530466148 0.185272672522651 -0.610950191646356
0.0145929531901578 -0.0832429743373757 0.125074351581594 -0.738601642113745
0.0122694091670842 -0.0380685471935548 -0.0413170895671321 -0.715262273732765
0.0302718835844117 -0.0540012848106354 -0.186045550477166 -0.661289403930237
-0.0020513905936587 -0.0596528021046557 -0.163058226844708 -0.563370394283013
-0.00218082976771634 -0.0525177402452886 -0.0775913348407819 -0.280879264610142
-0.0355187986414159 -0.0922078446256681 -0.109500572125667 0.220262928634985
-0.0777615835403076 -0.0703361528293359 0.00802445017469721 0.58800601717799
-0.0457256268359061 -0.035870091412693 -0.0285025151765794 0.654550144314635
0.0065992192780709 -0.0908406005120956 -0.23177023995791 0.785387405118876
-0.0189012040417234 -0.142171909665391 -0.268071159774397 0.878641427785006
-0.053297665369326 -0.145861871941176 -0.125624093043227 0.709881409902983
-0.0470983278737034 -0.10316576335925 0.0273530523106141 0.341883491075519
-0.0267761747220043 -0.0823626718515001 0.132017406908787 -0.0369963255473486
-0.0264932265246317 -0.0613627377504841 0.15315088473646 -0.420345727574156
-0.0232516837116334 -0.095380724685819 0.138746509072984 -0.638994132580406
-0.00390164189575017 -0.101206892431932 0.0474969965388108 -0.7367427812596
0.0395113097782191 -0.0488459274116946 -0.120715303794431 -0.690470840613964
0.053937875048517 -0.0244058822303643 -0.242987337972889 -0.625169782542477
-0.0263585013619506 -0.0252285658669277 -0.195486844659853 -0.527310364990201
-0.0442836263191269 -0.073647190956794 -0.0873122912635889 -0.250723802483164
-0.070764670711593 -0.1173361496083 -0.11307902092086 0.262470457341011
-0.124289846165476 -0.0435077656159806 -0.0232776527369414 0.618211719137679
-0.0376169757871583 0.0166303789280489 -0.0863656506978458 0.671574231987686
0.0505770123560459 -0.0734021691801943 -0.290571604026668 0.783229136797382
-0.0133015228511189 -0.157397049668429 -0.318540841206583 0.847373370989017
-0.0789620553450257 -0.138688891686455 -0.160137130536919 0.665995979750576
-0.0831932297960218 -0.0715525832511669 0.0162659926132311 0.302839173249567
-0.063291357321592 -0.0486759165200863 0.124418343246942 -0.0696046245172754
-0.0630250159957076 -0.0298727716037509 0.131209233290138 -0.449960950700272
-0.0562984257130228 -0.079986815161537 0.0911358620751717 -0.659346006099876
-0.0150193025802568 -0.106883116007329 -0.0166894579881159 -0.736900134980041
0.0710162291580924 -0.0472242276305424 -0.174545384254974 -0.67063097542768
0.07801277250158 0.0129333350127101 -0.279544564341396 -0.595018833932251
-0.0508656644129158 0.0103642854805744 -0.21671943771492 -0.495934892810666
-0.0802834110135425 -0.0870564345858518 -0.0839400610205897 -0.218444606114978
-0.0992955924919287 -0.114979408469591 -0.103333859453066 0.303648030082867
-0.149972725938843 0.000474771843706128 -0.0356890990007601 0.63951618948265
-0.0228211442346229 0.0628409790288835 -0.118310324146349 0.690078887409005
0.0692826572780848 -0.0576040513574799 -0.306669838642411 0.777907125886935
-0.0289415266267268 -0.149279359371205 -0.338971670436657 0.806934247372225
-0.111029345602486 -0.110044617694989 -0.188415225406864 0.621074588240013
-0.116364900446233 -0.0281053103346527 -0.00583844639952211 0.275773306181316
-0.0937378604381243 -0.0058476915320156 0.103411722094124 -0.0841452157429265
-0.0897067321868724 0.0128404238068237 0.104418800636749 -0.464830259368912
-0.0773281075799876 -0.0574156178821868 0.0475896775939581 -0.672428282905464
-0.0139811392506718 -0.0998589235401903 -0.0609640718156538 -0.745683700681894
0.106420046926235 -0.0309289468122243 -0.195356825660434 -0.669865154635411
0.0962887568171889 0.057547157641451 -0.28503579500265 -0.570569358776995
-0.0744236212106557 0.0424919052596518 -0.221511267805273 -0.471893609575082
-0.103787582132422 -0.0941681060394436 -0.0698690850901329 -0.188450563746892
0.107826276359947 0.086633182331024 -0.0283879460944669 0.177969651481099
0.0600575486953794 -0.0997226651990176 0.139241490884411 0.487727547423984
-0.107509658261912 -0.0958552057855573 0.272306538825486 0.593040939357671
-0.163847378787781 0.0194657294640646 0.217893090276365 0.689568819360977
-0.0526719848516925 0.0995012011195109 0.113259435367085 0.768739177510744
0.0197441594630755 0.0248754289816642 0.0282198937641236 0.722576673991407
0.0553223874048747 -0.00929958102764955 -0.0136094757964939 0.481012936351772
0.0699827426200793 -0.00344538188782208 0.016025308166774 0.168329958290732
0.0916986951842062 0.025124888084911 0.0745627676578788 -0.235268710147962
0.0697738660505342 0.049831013692545 0.222458081013345 -0.515728813390108
-0.0090068928718912 0.0969374101282437 0.334430088384028 -0.752197155922273
-0.101951523845157 0.0504333672193049 0.25956536403198 -0.781054916031127
-0.00437917227954989 -0.0905971246161394 0.0743089796218075 -0.706228470046275
0.0899689843066801 -0.053154097948204 -0.00805370677172503 -0.621244863467668
0.0948666314526152 0.0940131113982331 0.0230904975009482 -0.295445164641019
0.0941255284166393 0.0684612134102092 -0.0528457495830327 0.163717418211085
0.0680058590582517 -0.104271226560111 0.126922150581979 0.488426605016044
-0.0967485529215916 -0.125023124041497 0.235413188194069 0.595461818240591
-0.170648469995132 -0.0255761708009428 0.162953936685815 0.720915964293048
-0.0705173292212785 0.060138946077399 0.08210158056203 0.81577599773975
0.00883232968726387 -0.0126396106466246 0.032829435815828 0.744284294315112
0.0526116924886481 -0.0515575840680285 0.0103934784463929 0.47227264975664
0.0737495684570959 -0.0477361221435746 0.050098992720211 0.145166357318407
0.0974310713927704 -0.0248080200342827 0.108290642610052 -0.249975965752638
0.0847904281038617 -0.00350308789663426 0.234377971454413 -0.521841766628835
0.0214529065861694 0.0482968869988107 0.307650921169502 -0.736800467943725
-0.0761734836325885 0.034142239125396 0.205678743838756 -0.769766320903375
-0.0111616749832941 -0.0964426358329857 0.0258736940030066 -0.717918292913346
0.07464652753412 -0.0822899455437703 -0.0343227865822473 -0.631028273458988
0.0928334857155625 0.055272161806986 -0.00237425964003596 -0.315861633174744
0.0677628409110921 0.0396755390710425 -0.0718983532986 0.158026361276392
0.0560122356402231 -0.0969593702464103 0.104698484914089 0.500924254036569
-0.0773701046802125 -0.133034629902159 0.185788947208431 0.603769829221896
-0.149368552532499 -0.0689633222766271 0.0787016691970099 0.752149018252069
-0.0770188962991644 0.00447186814176003 0.0201204893221406 0.858473268191396
-0.0075559738503818 -0.05471275275187 0.0146442799483671 0.7599945040833
0.0379807236829442 -0.0873046411605914 0.0272890970393658 0.453097269805909
0.0623797431220784 -0.0823672899948686 0.0834557461684302 0.104785886258136
0.0823367044281732 -0.0626327012428469 0.136988993753685 -0.285976370281557
0.0780618376046616 -0.0518886270859229 0.231036690143998 -0.544233548320897
0.0359598717078283 -0.00483699772136547 0.25970866245103 -0.736930877637904
-0.0427762695241326 0.010168332889066 0.127112975069165 -0.759923842635331
-0.00510310019385402 -0.0882649195723925 -0.044317350526713 -0.713023078505228
0.0488017674991815 -0.0926859889162665 -0.0783690967511108 -0.619482515424274
0.072572940602204 0.0130928896987028 -0.0352242563959748 -0.318821630776894
0.0334712675352237 -0.00152053109908392 -0.0864976724244416 0.166697553698608
0.0217567244785444 -0.0882987469411125 0.084551615544679 0.524812373007573
-0.0603990963020031 -0.115453664256134 0.123648181342337 0.617428350356454
-0.105384155710157 -0.0962261784389471 -0.0257553990586759 0.773322861435324
-0.06650820965849 -0.0566098556354805 -0.0750544834881331 0.889600834885378
-0.0228050750120937 -0.096716531587794 -0.0246125394002444 0.76333971175028
0.0149113485870321 -0.108880179207051 0.0363767254067112 0.421962433478854
0.0398552875069728 -0.100130302484831 0.110255300900567 0.0569936652260803
0.0533860752611483 -0.0811783301002 0.15412407531181 -0.333340853898067
0.0526901306329529 -0.0842376330134266 0.211264486740005 -0.580057507145028
0.0308825428680722 -0.0504454877675498 0.193616128215553 -0.740240505900372
-0.0136223723403805 -0.0159588069082617 0.0375824139885885 -0.74326422709053
0.0093528411839118 -0.0750317906684221 -0.121820035532303 -0.691587578293831
0.0222226712088904 -0.0831474465837361 -0.126855149741169 -0.59498803004438
0.0379644148663008 -0.024430894957027 -0.0621926378468033 -0.304607136961261
-0.0022408974270627 -0.0493933058799702 -0.0983114594429259 0.187946203729087
-0.0260057730616211 -0.0812058022517174 0.0501735427368082 0.557573792001123
-0.0515637683290352 -0.08210950383084 0.0530896801311885 0.636186655330023
-0.0489060567759971 -0.102999699861283 -0.13120787546647 0.786054843837227
-0.0440017136585788 -0.107113657589751 -0.17190038134073 0.89914715926268
-0.0372062663450008 -0.128877588118019 -0.0721760035456847 0.74608944035086
-0.013780421200762 -0.113855038168491 0.0383138162445384 0.383233546915471
0.00781184766916763 -0.0995337429191856 0.12718922049213 0.00595044475581099
0.013946246682678 -0.080918694763976 0.157666249375104 -0.379353424086406
0.014712445063222 -0.0972632562058149 0.176021115699703 -0.613894540234736
0.0129099616755085 -0.0838015875057621 0.112760122206713 -0.740955507994719
0.0115185421401755 -0.0379523712373945 -0.0538076733094491 -0.717624932904688
0.0292994365950226 -0.0542529832480324 -0.194551630015696 -0.660722745427835
-0.00322253887403746 -0.0587544342621872 -0.16987097254191 -0.56103148227091
-0.00348072083432862 -0.0522925093279902 -0.0827164500371672 -0.279954784817727
-0.0380184152108397 -0.0916080469749322 -0.107275653370912 0.223745340670674
-0.0782371550065457 -0.0698090362180249 0.0149425307192204 0.59068727081301
-0.0465432339410816 -0.035023832349709 -0.0188324204159635 0.654430741012701
0.00518009282745785 -0.0913868295659056 -0.220235869702692 0.789369546677836
-0.0212920547675817 -0.142240925496077 -0.255411567391251 0.883337999145843
-0.0552326937083209 -0.144575884324246 -0.115163216795677 0.711316601192807
-0.0474324393941928 -0.10167112035947 0.0327629866020284 0.341224222258507
-0.0282589498514281 -0.0821383863648058 0.132379372674101 -0.0388109570503492
-0.0265150787886565 -0.0613199760797013 0.145382131207343 -0.42186422878715
-0.0250044809150726 -0.0949850172783045 0.126873918719045 -0.642146966098948
-0.00523753874592464 -0.101683310249913 0.035211246767178 -0.738394463695123
0.0375797973315078 -0.0503620898316318 -0.131581112790672 -0.690966538927791
0.0532652077091207 -0.0253273219323739 -0.251687476530493 -0.622771035074731
-0.0270822622236434 -0.0253659344056963 -0.203733230122227 -0.526489618434734
-0.0456678709513172 -0.0718427893744657 -0.0907259772353847 -0.248367414313747
-0.0721674152885842 -0.115299648829669 -0.108585954930239 0.264112485094436
-0.123422227358008 -0.0419182914473338 -0.0135952831196131 0.618895310185287
-0.0372866441391909 0.0168069067937261 -0.0766656904695915 0.674970454471455
0.0485996843077133 -0.0737560859831018 -0.280060159492923 0.787885884371852
-0.0153545593657352 -0.155666519156235 -0.30653346110244 0.851446999875404
-0.0806376466741342 -0.13820560218102 -0.150376673475207 0.667852313924036
-0.0831827590954067 -0.0704986649237049 0.0206801290749518 0.302070830814078
-0.0632546458548648 -0.0483625987527872 0.123953932321269 -0.071644233165799
-0.0623558033361098 -0.0284595640708064 0.122784284145222 -0.451768157476827
-0.0570163483647019 -0.079195739664228 0.0795484709793648 -0.661273222497972
-0.0173088578374446 -0.105519828916825 -0.028638235811179 -0.738666401862552
0.0700056584897324 -0.0488678836170834 -0.187016621975516 -0.670563903463638
0.0775488902850327 0.0115973033727306 -0.287032075316698 -0.591475655192249
-0.0510400610867918 0.011936848994466 -0.222006431009446 -0.494787448845924
-0.0814091187985738 -0.0854219260844169 -0.0874415501831299 -0.216728307721243
-0.102246411853376 -0.113519191950014 -0.0997574909494664 0.306336409528837
-0.149951545921026 0.00143399629298274 -0.0279216837918759 0.641708542778301
-0.022483671770187 0.0623998328260835 -0.108426956925826 0.694319094427636
0.0698295791731042 -0.0598592477589876 -0.295445248601315 0.782234536520956
-0.0313999741752431 -0.148686877871616 -0.327143863311305 0.814090384067181
-0.112000592512679 -0.108174614660708 -0.179169059750683 0.623955745034798
-0.11549479816135 -0.0259819971001879 -0.00136153265001497 0.276180341263368
-0.0937810985695726 -0.00527223648654719 0.102510422857623 -0.0848647397879268
-0.0886054316828334 0.0132556436609586 0.095657303496533 -0.467065021504557
-0.0779891471688775 -0.0552691696318088 0.0377531863288429 -0.673445581742418
-0.0165886006620928 -0.0991909079699917 -0.0714926616052878 -0.746715643525237
0.106630278722614 -0.0318604759662049 -0.207142319602848 -0.668453191613436
0.0962310109581845 0.0553211964315249 -0.293466231878203 -0.569095862512119
-0.0749149256943809 0.0437237397408936 -0.228960773961594 -0.470798892317007
-0.105175133072283 -0.092394090498331 -0.0729786618217779 -0.187153586799461
0.108633447088242 0.085799303589819 -0.0247228908128917 0.179278726812868
0.0587641272117437 -0.100284151100322 0.145999578270127 0.488031350717223
-0.108311504882915 -0.0933188647082796 0.280968270055986 0.589111847650277
-0.161958621524123 0.0219326975408904 0.22877773483634 0.684296471512274
-0.0500865489098365 0.0990850962392777 0.124065379200617 0.764925138580723
0.0203221258984732 0.0229596390623813 0.037319235034791 0.72130491115098
0.0555675136607568 -0.0105644546080737 -0.00482833947623489 0.479366772719782
0.0697757325814387 -0.00584502587171406 0.0188346763284853 0.167622523568936
0.0926778467571563 0.0232579588654742 0.0701885420225356 -0.234025240225057
0.0693674493509948 0.0484762864673102 0.212910811380752 -0.518205152514325
-0.00781801354372012 0.0960670830925845 0.322014142383093 -0.757083194764517
-0.100739820876293 0.0514465951578957 0.245573728129422 -0.782300912282633
-0.00586425369164873 -0.0903090499083546 0.0653228844232142 -0.708969204637491
0.0887696917074686 -0.05375132575069 -0.0175103849372253 -0.620626196112184
0.095485375783237 0.0931188415788142 0.017855213729051 -0.29629789145617
0.0949158996342629 0.0682987618129802 -0.0499511506193121 0.1644622937921
0.0659772963304451 -0.104994648023162 0.132093239035 0.487779377225492
-0.0983806766602314 -0.123657094846076 0.244404979206975 0.592538266474133
-0.170690451830327 -0.0226472008249228 0.174475282804993 0.718260223642244
-0.0684669927650854 0.0609736103309657 0.0953304942109448 0.812507961894605
0.00990783892786054 -0.0133215776611213 0.0444276318713539 0.74362101160968
0.0522296532802174 -0.0520035031502568 0.0199169463127089 0.470852592192312
0.0728687683942792 -0.0497440017213218 0.0525437709932876 0.143730649914569
0.0967967715630708 -0.0268274219356224 0.103129463364236 -0.250134241007493
0.0848412563726828 -0.00478037424049637 0.225106003389842 -0.523273183580793
0.0217274598354849 0.0482118156199302 0.296413495680899 -0.74318998782331
-0.0752982790216432 0.0362106535691337 0.19194500914074 -0.773888653963204
-0.0125073061048853 -0.0965261774783476 0.0151070959367163 -0.717553203731356
0.0720255551390877 -0.0825362283373968 -0.0434060967325181 -0.629264726158893
0.0931494779275065 0.0550947587093141 -0.00828655141920767 -0.315546328260908
0.0678150028491382 0.0387317959471328 -0.0697408834997385 0.160506223565724
0.0544823771349345 -0.0970824974036481 0.114032248649635 0.499774427204629
-0.078398974308998 -0.131319712401431 0.193299711292655 0.599954568915927
-0.151368207614311 -0.0673014317261139 0.0886445073554793 0.750159645660842
-0.0762280378288276 0.005737796585406 0.0312671797637465 0.858105200743091
-0.00744508606812063 -0.0548050448625802 0.0257268848651802 0.760321832958081
0.0377187887199289 -0.0868279888447614 0.0347589350915126 0.450899881869355
0.0610688690959716 -0.083470608241771 0.0848621645856601 0.104011507149115
0.0824505300354361 -0.0648129799780027 0.131163033048235 -0.286062039901674
0.0771848316028561 -0.0528759101204996 0.222290229461432 -0.548628462243324
0.0353621250122768 -0.0053644056383121 0.248502838727795 -0.740591869193396
-0.0427586739001725 0.0110421379257608 0.115561231229776 -0.761305572394736
-0.0065148018117012 -0.088660042308575 -0.0557270772225105 -0.712072826339346
0.0460500361048482 -0.0923395089468094 -0.0878628765027285 -0.617626354846734
0.0720889034393801 0.0118341654108902 -0.0401819791159825 -0.316715380395209
0.0334482123445107 -0.00173503598382769 -0.0835273155591626 0.168002302478671
0.0208595562155838 -0.0881269803868135 0.0917748943721425 0.526416103540456
-0.0608915753589837 -0.114963960000562 0.132082744242583 0.61530365061571
-0.106591708630632 -0.0956939234986424 -0.0157272771533815 0.774500543749386
-0.067488508855803 -0.055072505142666 -0.0601952614288238 0.890658515026524
-0.0240153277839196 -0.0961367147067299 -0.0128834257357962 0.763224071556231
0.0139851052393239 -0.108351490023725 0.0439851519665741 0.420399618654017
0.0380430072730196 -0.101275011553801 0.110153852942346 0.0548737289645456
0.0525551540966097 -0.0825027750488958 0.148642164799099 -0.333501546547991
0.0500441849573515 -0.0851938007082685 0.202019140490921 -0.580857150843971
0.0293337212090343 -0.0508541443411186 0.180729453789981 -0.743776138090638
-0.0135262213971576 -0.0159716489703438 0.0239145527881894 -0.743107872148677
0.00799776827784562 -0.0746018859548588 -0.131589771411333 -0.689727164373202
0.0196713489146906 -0.0824046076946619 -0.135110501240977 -0.593021580893715
0.0372056588314001 -0.0239167980637524 -0.0676783112310164 -0.303231926880989
-0.00313858983973307 -0.0488688663409264 -0.0944088930413134 0.190973074824357
-0.0265961921426883 -0.080661259289844 0.0598433651037617 0.558576903269343
-0.0522633405720474 -0.0814665909383954 0.0635486261379565 0.635696616500077
-0.050894271005457 -0.101839943952333 -0.118749332565627 0.787170868835672
-0.0449699065787193 -0.107437130777527 -0.158113217849072 0.899016139826143
-0.0380713367523911 -0.128435010972638 -0.0613169542862284 0.745489942510197
-0.0157633548189344 -0.113384337433215 0.0429759828298873 0.381726561311008
0.00646892578182212 -0.100202939100729 0.126781162137361 0.00412278857863426
0.0134681980229333 -0.0814102322253416 0.14962306820405 -0.380184579623181
0.0131852598530872 -0.0977251813536403 0.166136010077204 -0.615480265867852
0.0106862516671841 -0.083060937278859 0.103187799726774 -0.745102622764174
0.0111269250450752 -0.0382059650164223 -0.0653794794809413 -0.71848770477046
0.0283337403365273 -0.0549353132098694 -0.204387097282158 -0.657656620339724
-0.00480832082186005 -0.0575369594028261 -0.178338289230283 -0.559562187792991
-0.00476441561882176 -0.0510261051363961 -0.0871272341397672 -0.277940357953925
-0.0387590802845547 -0.0896031979814256 -0.102654096473178 0.225273227678716
-0.0794177548592296 -0.0684099117508806 0.0253609177365207 0.592231204477087
-0.0460726848359323 -0.0348175195591919 -0.0103159962430492 0.655340202475292
0.00437215861268732 -0.0916081412644763 -0.209020161230087 0.792444257460886
-0.0224039279098767 -0.141665731682029 -0.242759252708352 0.882920723733304
-0.0560469904609982 -0.143418642306765 -0.106272824808621 0.712551749953837
-0.0484538123545312 -0.0992931479878886 0.0391161177342464 0.338919122630943
-0.0284606726505216 -0.0817991993133663 0.13149982084854 -0.0408748852371447
-0.0269360155617032 -0.0616856130023273 0.138666653557405 -0.423639247993171
-0.025850560030483 -0.0936996601662653 0.116086715107474 -0.641864587544821
-0.00806581446000371 -0.100180971933275 0.0235538251415464 -0.739910191269169
0.0365620506260718 -0.0502492568093498 -0.143193619941959 -0.688519479845147
0.0521239002340829 -0.026930269071529 -0.260268330433476 -0.619437282346651
-0.0289190353857609 -0.0240360187301424 -0.210442311353096 -0.522343922836422
-0.0472584137437733 -0.0702856695235462 -0.0948389792535515 -0.247365721935858
-0.0735893792759502 -0.113265607291851 -0.103742636357755 0.266772289265669
-0.123859803870008 -0.0399568589117171 -0.00467450835766934 0.62127362291451
-0.0372928418850674 0.0168645039397857 -0.0669296221731389 0.677489518008767
0.0467257713489984 -0.0748019153938343 -0.265866354962091 0.792496946999602
-0.0173992621990445 -0.156202452024722 -0.294538533211161 0.854535068923541
-0.0818086461293818 -0.136119281889069 -0.139894128488377 0.668556858927464
-0.0844224633102557 -0.068580278434402 0.0255095993032571 0.300801285248042
-0.0638200649653913 -0.0474869250355213 0.122620762292421 -0.0719171282647272
-0.0618479722923551 -0.026870521064565 0.11618419191316 -0.452533160478124
-0.0589378080739451 -0.0774875080087211 0.0687077317338776 -0.660237185065425
-0.0196631996663919 -0.105367494552771 -0.0402260361610449 -0.737274656050913
0.0691247279008114 -0.0491332091906944 -0.196535183901147 -0.668282818445376
0.0773308520548787 0.0103070938171926 -0.296252677712541 -0.587576767741564
-0.0512034033296728 0.0118254882336525 -0.229817737395126 -0.492012723864025
-0.0825845072929493 -0.0836194882692194 -0.0909945703232147 -0.215680668988101
-0.102714693387769 -0.111043387002125 -0.0941815538112344 0.308288855029235
-0.148495906295335 0.00405994746708151 -0.0156304930077531 0.642747666175
-0.0208477432157653 0.0615177733612462 -0.0990221153574494 0.694088418306862
0.0680287988240263 -0.0603615505103538 -0.28323248014708 0.785770053323945
-0.0334883738956532 -0.147785869219814 -0.315359931801034 0.817669736898869
-0.1131495354434 -0.106356636554799 -0.170872095913826 0.626207985953039
-0.11542748619495 -0.0232582196278174 0.00396878263300113 0.274068483114931
-0.0930571310501753 -0.00335151207800458 0.102833747964147 -0.0864158619446215
-0.0880171686080248 0.0153277928936311 0.0869968623099045 -0.46720584164399
-0.0790410449018494 -0.0532983279236336 0.0275618012105725 -0.673631974187194
-0.0170114016182108 -0.0987871068616691 -0.0842314634827483 -0.745921467310306
0.105319339261404 -0.0340909938094766 -0.21797023447541 -0.664231032374354
0.0968167054276692 0.053394852858233 -0.30143401996321 -0.564756088618348
-0.0734043272258498 0.0447217830148895 -0.235450592412514 -0.46805020167541
-0.106300880314194 -0.0905691162481733 -0.075641042164949 -0.185647842425901
0.120933837109902 0.0738369393588141 -0.0089860500882242 0.181125296895832
0.0531597159435419 -0.0989057610712449 0.206493844052218 0.470803658527553
-0.109092548025205 -0.0708912564875725 0.355299020472601 0.542709346435009
-0.147584926094302 0.0555551933700997 0.313711670677337 0.64112494671941
-0.0266700021961578 0.119467989367849 0.211744349168651 0.739352922461695
0.0330008708792837 0.036841013470275 0.124405519632811 0.701597222895316
0.0596026244903008 -0.0110065723147618 0.0499100255291773 0.47423577587751
0.0700729234101301 -0.0123540637043466 0.0382147512402749 0.163656786311647
0.0941012786452049 0.00886758165935467 0.045841764603025 -0.238155982480075
0.0679833883978155 0.0369528535424049 0.16288032792697 -0.536236372488422
-0.00449655336063519 0.0915147778571063 0.245555616814225 -0.783346948869691
-0.105804031764293 0.0638006584889075 0.177853568681642 -0.803223627421767
-0.0271977391656024 -0.0848790097197733 -0.00163397456527169 -0.709445774054964
0.0757308530439838 -0.0569471625677281 -0.0769131836481855 -0.623166847137888
0.101820478271554 0.0838997623647706 -0.00643402403069008 -0.297681997476197
0.104292261850365 0.0583555332416358 -0.0336203641839155 0.169966682753555
0.0587868799450489 -0.104840450344776 0.192682586999779 0.471524802058718
-0.102960769523306 -0.10217317872488 0.321170452960093 0.552370231524191
-0.162185301150847 0.0143311627722153 0.265303250307241 0.681552641097477
-0.048607354044702 0.0851621004281442 0.190690365931748 0.789410951136433
0.0172556100354824 0.00333644865844323 0.133369919676687 0.722529726826019
0.0509634592796193 -0.0533370131843265 0.0738345154063293 0.464067020652169
0.0680899866644275 -0.0560923020216628 0.0679644933798925 0.136981376073863
0.0922304748572543 -0.0411388575053894 0.0781095569209465 -0.258040171870596
0.0774862557769001 -0.0187293301955258 0.175597604153341 -0.541685334430693
0.0190296668757727 0.0417456968227886 0.222171598960913 -0.763961426112504
-0.0820679404267667 0.0446303986319164 0.123663492511614 -0.788367442143169
-0.0345440043994763 -0.089406138648066 -0.0502966307720706 -0.713073510195926
0.055907865161607 -0.0831782846501391 -0.10431212819779 -0.626462766193448
0.0954300414382779 0.0465174359996636 -0.0345549641554442 -0.314899512023242
0.0732599321429281 0.0335034802797841 -0.0516103974446269 0.167694292291149
0.0477270742868881 -0.0949766944300264 0.175152024737775 0.486659540440101
-0.086019296694807 -0.111640982353796 0.270732261729426 0.568111834372419
-0.149791870275304 -0.0315522128197506 0.185232928587127 0.726008620533992
-0.0653494095479919 0.0332570333451092 0.135876666440631 0.843236067049622
-0.00367412916324717 -0.0352562458097457 0.117649422413093 0.740551151658907
0.0312570231162269 -0.0862244989729167 0.087840586344577 0.443474365159613
0.0530078955664219 -0.0885299799174457 0.0957547321902153 0.094213942647653
0.0723998763663984 -0.0771979962164789 0.102187145472419 -0.296822947755651
0.062883134272901 -0.0645717599053007 0.171494084702248 -0.565850759690438
0.0258723445774504 -0.0132856128070834 0.17613130494851 -0.757288592393162
-0.0520257811805358 0.0190901982090436 0.0483576654926799 -0.768754034268528
-0.0274585972983129 -0.0819596622854618 -0.120727240983401 -0.701683049309508
0.0296074093093552 -0.0898006658902136 -0.147459197516469 -0.610880390178467
0.070308161728465 0.00666171328506722 -0.0676742552696548 -0.31285832033606
0.0328949529130029 -0.0020558958787783 -0.0617597382365248 0.177572366889525
0.0168361107613624 -0.0811053887777039 0.157313661465712 0.511241694797597
-0.0675351135464012 -0.0981458146925121 0.212603982058343 0.591259648213949
-0.113095587097798 -0.0647962910014753 0.0862824594126607 0.765444844236521
-0.0661784657356304 -0.0267943802264995 0.0492741808074251 0.888870918886426
-0.0249371123512165 -0.0735467970590877 0.0804345337737494 0.748820094043359
0.00472822485747981 -0.104964634338165 0.0930425771318143 0.413151181300649
0.0287905271237846 -0.103993336687591 0.11611979480055 0.0427173031751489
0.0408435041360862 -0.0938796545186126 0.114099731849018 -0.344628394937593
0.0316398492807665 -0.0927429204671153 0.148587054686321 -0.598448782423666
0.0136961271857391 -0.0573567792522253 0.107780080832035 -0.753197945220927
-0.0257930577469354 -0.0117140384404929 -0.0425479324905989 -0.74230941757983
-0.00922804547023813 -0.0688076773587836 -0.195352524027142 -0.67344129517765
0.00569382942104239 -0.0761842317267744 -0.191528203042964 -0.580803890000466
0.0315879874565117 -0.0259838878593572 -0.0944698655508133 -0.294447690385416
-0.0101148248176991 -0.0429184804693548 -0.068085970337275 0.20041109007117
-0.0300376027340641 -0.0657353204356136 0.129301680972196 0.545588008067233
-0.0544932380536965 -0.0656275984486248 0.143865410112689 0.61992036595758
-0.0609168885956456 -0.0787144925300931 -0.0156810564231752 0.791908112983311
-0.0530183193907878 -0.0779381944376612 -0.0428254920475623 0.909490728952791
-0.044352152954806 -0.102202099729067 0.0335301968246551 0.738478886273628
-0.0253737249394617 -0.106319022372309 0.0913546155564901 0.374323421636988
-0.00249677086543968 -0.100626695750573 0.126708100725836 -0.00951675469988094
0.00158005041499821 -0.0870956208460636 0.111977565628892 -0.393455600150095
-0.00787020761338297 -0.100859067018582 0.109573117187067 -0.627198634969203
-0.00782107539974836 -0.084852491214573 0.0306518212310783 -0.747195849796385
-0.00316264111810939 -0.0353478882333253 -0.128298508551168 -0.708791148159787
0.0137587138482836 -0.0508368416968422 -0.266172571994121 -0.634246252730794
-0.0153159495542781 -0.0505414288324817 -0.233264682993424 -0.54292581660448
-0.0125049153163168 -0.0492802356207419 -0.111380327938464 -0.266496427669188
-0.0498849409573836 -0.0783483278038064 -0.0696854981264101 0.233558601254761
-0.0799852254992027 -0.0446003533465138 0.101796021456873 0.580296221415402
-0.0436437175316365 -0.0182871977431257 0.0733173061034153 0.645808780770749
-0.00666360425015172 -0.0752512933109957 -0.107619437620199 0.809849232625677
-0.0374079201495193 -0.115235309130049 -0.128774537270789 0.906901951869555
-0.0649758285233661 -0.116303475972451 -0.0154737371235561 0.710725529408077
-0.0573950429875753 -0.0889663632452889 0.0812894548637578 0.332152113014644
-0.0359149795892728 -0.078539713398467 0.125609397335883 -0.0550510619846278
-0.0376627011522491 -0.0629397159120769 0.0967113827383324 -0.432231910874811
-0.0452576249518777 -0.0911273355790586 0.058589080911934 -0.650792736170734
-0.0287867801424589 -0.0990707160046186 -0.0454559795729195 -0.735138246618244
0.0216039391542189 -0.0495169838220945 -0.204353380398713 -0.673018252801514
0.0413237328092708 -0.025318627348814 -0.319539724491477 -0.591731988740925
-0.0343572286525185 -0.0151115913816966 -0.261999857674036 -0.503114725288554
-0.0559682161299734 -0.0644454050373702 -0.115771720184794 -0.234213906323545
-0.0869972431564141 -0.0957209640831776 -0.0641418086044896 0.27559412226792
-0.118594916539983 -0.00941776301553365 0.0746239228862451 0.610012690428283
-0.0277045006798062 0.0325915947886488 0.0163303494763069 0.672936235619107
0.0373122321705898 -0.0647044181874266 -0.165224906123682 0.817395359627476
-0.0345972530105811 -0.129116878109852 -0.182881934992964 0.883713370529053
-0.0912819697164906 -0.106751858169598 -0.0541787231554522 0.670673664544062
-0.0887178215780278 -0.0540847163540568 0.0661819427572794 0.294110574815835
-0.0668521704542241 -0.0424113566540302 0.113434896676535 -0.0856475174887301
-0.0693935716024221 -0.0233067798932086 0.0713159038603568 -0.461304686674722
-0.0761685432502217 -0.0693916985762331 0.00959661687283943 -0.666488380958112
-0.0405088078656527 -0.101697444451858 -0.108238527634793 -0.725692372180473
0.0549079956141964 -0.0519905525297136 -0.257498224238231 -0.648077923130425
0.0711552243043471 0.00919102396797249 -0.3515521801846 -0.558013857508746
-0.0517017657216076 0.0244431026216936 -0.275101062291398 -0.470455683833959
-0.0928114807390957 -0.0738115702989225 -0.109857008384061 -0.202268680245484
-0.114726823446996 -0.0881240487511805 -0.0480016595393894 0.313332835032419
-0.137447293488862 0.0378665905316428 0.0644315101030213 0.631798143949373
-0.00650628046751678 0.0744013025391352 -0.0164151145212084 0.695560788725066
0.059123550523343 -0.0521000377055467 -0.184544314101202 0.816173387275408
-0.0514675694792214 -0.120409631954028 -0.207658635475184 0.848773422465181
-0.118474605964329 -0.0731427122774319 -0.087214971709439 0.629610336153357
-0.114344292364421 -0.00419568352002221 0.0408066323500082 0.268386463674296
-0.0900829784857013 0.00480476634308457 0.0914807993367525 -0.0987300718704351
-0.0880647154962366 0.0221252301048242 0.0413300017208937 -0.473951824530648
-0.0935909468594567 -0.0426751654310184 -0.0331768296194645 -0.674151109943499
-0.0374231905531758 -0.0944769724943479 -0.153484270047499 -0.731699763018765
0.09331066637029 -0.0407484061657298 -0.279056805671956 -0.643800629507477
0.0949842488697773 0.0491919757124899 -0.354993283103765 -0.536216109411582
-0.0707410937488992 0.0593054707756199 -0.277415730615993 -0.444253446166461
-0.117653594759732 -0.0778391517799852 -0.0916555730249417 -0.172982418668065
0.12116749519978 0.0715120502176187 -0.00654153198029655 0.182195051300942
0.0509746425793799 -0.0983599046764324 0.212384924940292 0.466093502248619
-0.108729287015356 -0.0690139322429042 0.36225482985975 0.536836881639893
-0.145448662526968 0.0576449224287444 0.320600708010241 0.634492789396397
-0.0242528580442869 0.118815562844012 0.221023345513144 0.735535910978397
0.0335757603238873 0.0362254367861223 0.13266811364316 0.696645415090525
0.0597067375867069 -0.0121160236329971 0.0574780167763497 0.469995878981222
0.0689752497302835 -0.0132145367847028 0.0393030515752077 0.163539763747069
0.0936788796151664 0.00641298425315694 0.0412126273933606 -0.236775667643563
0.0684280147674937 0.0367684800908166 0.154735475979642 -0.535648379505685
-0.00240158794334124 0.0907905842997788 0.232107391797243 -0.784257069620037
-0.103833547006873 0.0664000915020216 0.163837891311382 -0.802128340731324
-0.0280841768337695 -0.0846496585038948 -0.00954607196163085 -0.705137394856833
0.073536616009053 -0.0557737400301082 -0.085613038281923 -0.618979103412665
0.102215121466992 0.0819934925401798 -0.0105100240561321 -0.296024399110596
0.104233487217662 0.0571125978309912 -0.0308024627043504 0.170623647316706
0.0576235941732934 -0.103227626748831 0.200998288012564 0.467147836273137
-0.10422882809164 -0.100627454770827 0.328424091294523 0.546966732716522
-0.161564134055417 0.0152670078829824 0.272532842450166 0.676688411238394
-0.04748997782248 0.0853443247468434 0.200591122946332 0.783333181508397
0.0181849586773103 0.00129877382159871 0.141144466614517 0.716304166535943
0.0498361980325667 -0.0538489137862777 0.0806710359182639 0.459662957291064
0.0671098074957182 -0.0578602557415903 0.0700422303573587 0.135521593618363
0.0909122901439991 -0.0432379616050834 0.0730011880642057 -0.256630271356842
0.075134469884437 -0.0198142439901648 0.167650040584178 -0.541618469568918
0.0194868842190874 0.0401086361294885 0.207967921789365 -0.766091681363173
-0.0805522864990886 0.046089623153739 0.111151103411149 -0.787570570209968
-0.034790130675825 -0.0888945154636105 -0.0608549761862102 -0.710057982042953
0.0530706861630729 -0.0816684954141918 -0.112493756771649 -0.623976181876587
0.0956396789081969 0.0442478538464613 -0.04006186565179 -0.312601567992022
0.0727015440105382 0.0327644670144835 -0.0483563625621859 0.168052798157257
0.0463810349704342 -0.0948878179576599 0.182132203657365 0.483414777976145
-0.0871882715168454 -0.109997641891207 0.27959627630479 0.562421184272843
-0.150601516894054 -0.0297221032968962 0.194236329922232 0.71963589446376
-0.0644947124784013 0.0333570666780663 0.144782015329407 0.838191534537573
-0.00323263824372555 -0.0352413999618787 0.12620358579552 0.736531405158962
0.0293877860561906 -0.0854620655321023 0.0946274792948315 0.439227496176938
0.0515069404223578 -0.0896744380220118 0.0970908836841665 0.0929619554482655
0.0712378423983006 -0.0788764613538215 0.0970993168696299 -0.295849031360211
0.0620712222811061 -0.0653231165994467 0.161200530597574 -0.56576861486998
0.0248923319037514 -0.0138098567505029 0.161760366314261 -0.757844482141845
-0.0515578470512086 0.0185743328666809 0.0352327649872832 -0.768777263135311
-0.0282549443885927 -0.081375079381612 -0.128980337817543 -0.696871389204185
0.0283191619417055 -0.0880381094342422 -0.155659369995959 -0.607603830742473
0.0694921054019592 0.00564457670247117 -0.0721891216068445 -0.31022497713921
0.031534680856307 -0.00143691539591509 -0.0582728745864889 0.178430720482098
0.0149286982257794 -0.0803889509776376 0.16452789609336 0.510013678994119
-0.0688364136260088 -0.0976751604740938 0.219458043969731 0.58699579933082
-0.113588027206739 -0.0635611383392628 0.0981137052266042 0.76051583947318
-0.0660133725952971 -0.0250277220819424 0.0610350960342884 0.883996817918616
-0.0251953480219273 -0.0732985384115192 0.0897534074077291 0.742655329115974
0.00374528850324121 -0.104559825564685 0.100248431090258 0.407926358573969
0.0269005882093445 -0.104614276154401 0.116127846658983 0.0411487313945111
0.0392926106874095 -0.0942995567147046 0.107544775609813 -0.343937239128114
0.0306660446002803 -0.0928553163572922 0.138741935582649 -0.59665083360488
0.0130341026662375 -0.0572630512581584 0.0961898484909271 -0.752644331956104
-0.0261872873793914 -0.0111893347383865 -0.0524681629313558 -0.739940043395105
-0.0107916158721212 -0.0690846342167678 -0.205154629885013 -0.66941178498092
0.00408019247501243 -0.0758630444425353 -0.199102130531459 -0.577123227337096
0.0308606724177971 -0.0259782309478441 -0.0977693944878738 -0.291561869018348
-0.0100013488864663 -0.0416649288228154 -0.0638996196701791 0.200668957788527
-0.0297600957886418 -0.0646127267521371 0.136999977894387 0.544066927993235
-0.0555121588306187 -0.0640205713405429 0.153361246223695 0.615130008512645
-0.0615461209479404 -0.0778210252997212 -0.00378417262538277 0.789503044536098
-0.0531140458300204 -0.0776484489016348 -0.0313898442182616 0.906243400232537
-0.045322523119258 -0.101997212832752 0.0420341383174089 0.734313373213411
-0.0262370435589328 -0.104963091125203 0.0958743546627935 0.36928486801416
-0.00374287210253794 -0.100149091732397 0.126193086326095 -0.010831245860923
5.16437070946004E-05 -0.0874339414362802 0.10412029922219 -0.391276129894394
-0.00908777288515782 -0.0995720137386865 0.0992888883740191 -0.626281164546309
-0.00952210517262142 -0.0847827989593146 0.0184816221097454 -0.743296969698752
-0.00375732020655038 -0.0348749866360531 -0.140795714144621 -0.705364702485092
0.0123998923708166 -0.0507168589844158 -0.274137126158918 -0.628882922569431
-0.0157081479665655 -0.0490289599737247 -0.238533362285258 -0.537551384093862
-0.0138648557626218 -0.0490131072755948 -0.114538747027517 -0.263081834422253
-0.0505709224946214 -0.0759744033195079 -0.0646518299411978 0.235071263639848
-0.080886965071706 -0.0436762557596879 0.108644869496684 0.579547706734547
-0.0438499300170685 -0.0182833772520878 0.0816564204565478 0.642703069740668
-0.00784609334303224 -0.0735248609804031 -0.095426549639845 0.807684353185327
-0.0380999738365946 -0.114375568097095 -0.115197551876274 0.905429915585744
-0.0657915351375071 -0.114864120656186 -0.002483356865754 0.706527119820172
-0.0575368018220936 -0.0875877617664529 0.0853899990691733 0.328401918472448
-0.0369997341600514 -0.0783972996322247 0.124994230039359 -0.0563731575341239
-0.0365686154212638 -0.0626586407455484 0.0879627171605928 -0.432190075787827
-0.0473287762652966 -0.0901366461107342 0.0493207401791681 -0.648535128191563
-0.0314188963851642 -0.0983665415670425 -0.0569836332024555 -0.731968387488196
0.0210505324131886 -0.0496399540395104 -0.214965759749112 -0.669701980974222
0.040126831713277 -0.0259825661521205 -0.326613277343347 -0.586219850062649
-0.0340672643383128 -0.0131067504258041 -0.266266045315269 -0.496586512081826
-0.0568683664424486 -0.0625184616550298 -0.119224796317999 -0.231067952256466
-0.0874428782876623 -0.0927415798791712 -0.05846976646646 0.275701388737769
-0.117571287518346 -0.00744535166520575 0.0837242119259826 0.607117329934665
-0.0271297260689403 0.0327506331016989 0.0247427527416614 0.670275810422926
0.0357334553799721 -0.0650019665188294 -0.154819536754637 0.817406546615642
-0.0368708037278744 -0.129031178229006 -0.170760010334646 0.882403294302894
-0.0910392092013547 -0.104088321106504 -0.0437098403824233 0.667866265005774
-0.0881152885502402 -0.0511665286861309 0.0685125243285487 0.290288057872968
-0.0672326982667276 -0.0412693954642376 0.112350541364465 -0.0869880162420456
-0.0677581863606584 -0.0231085220833654 0.0641389035251736 -0.459464562175621
-0.0771415648575383 -0.0674808870169802 -0.000139058553310624 -0.661786655623513
-0.0428749065906499 -0.100067119517662 -0.117611217992616 -0.723477100405819
0.0530894652010636 -0.0528948383352455 -0.265224768846208 -0.642936598500105
0.0704091816384373 0.00726688419458453 -0.359194628156312 -0.55117412533101
-0.0518315676819512 0.0251061715954396 -0.280946432687266 -0.464293266576171
-0.0939926735526885 -0.0707886734162406 -0.11177994903321 -0.199062434316517
-0.115865797904768 -0.0846311553493244 -0.0420999780371851 0.313589545825577
-0.135762614958412 0.0398428371043287 0.0731537150887167 0.627587680130761
-0.00532882460831656 0.0739630412245531 -0.00614038303155555 0.694889295789911
0.0573884470875564 -0.0531232642659436 -0.174012565995724 0.814826582017757
-0.0524722504115167 -0.117948699448206 -0.19630322689616 0.848241827361413
-0.118388206577884 -0.0713496601468727 -0.0784754090733856 0.62795391180229
-0.113068557703753 -0.00217138366803644 0.0446991679677152 0.265579798759548
-0.0900347302138115 0.00541675757846639 0.0895911230499555 -0.0992194000913088
-0.0872193562121046 0.0222936667228606 0.0329726225366721 -0.470862172689629
-0.0939087414926085 -0.0414166408900888 -0.0436270940471242 -0.671566590092626
-0.0398293825486494 -0.0931270361699829 -0.16265916900253 -0.726502640870075
0.0910064389807959 -0.0416711172767721 -0.28839752530128 -0.635770870968602
0.0939948853286693 0.0477440843750695 -0.361715141706559 -0.529922712222657
-0.0699519333544581 0.0600469419278029 -0.281774067417401 -0.438735250213302
-0.117668214147139 -0.0753638300125725 -0.0941804690987327 -0.171043927014005
0.12146609414208 0.0705474821637366 -0.0028684984512524 0.180841904971297
0.0497607574413842 -0.0977003026489304 0.219639395886011 0.462042849212519
-0.108489519601841 -0.0671723966564289 0.36843927723577 0.529516481622471
-0.143268669698491 0.0584868213804084 0.327406785672864 0.62696547151345
-0.0219869180081218 0.11755956490676 0.229125519554058 0.728122450535592
0.0347988043628745 0.0349037404669357 0.140212136424677 0.690959382487789
0.0586499689348676 -0.0127300873906082 0.0642634770120491 0.465781815469433
0.0686231278235907 -0.0150232902151674 0.0426243452564521 0.162186786632301
0.0935654782168893 0.00482038106304881 0.0381702727196961 -0.233772443010959
0.0686191971300047 0.0349935057552281 0.146207344513199 -0.533228191465315
-0.00242877764015581 0.0906216546746407 0.22075228905633 -0.780921677640481
-0.102706788067981 0.0673828763499862 0.153033263412545 -0.801326556911248
-0.0297621304897521 -0.0831185414239607 -0.0189469563004672 -0.70178445812673
0.0718298195025128 -0.055470660456547 -0.0923864382712746 -0.614279037402621
0.102637043963691 0.0807258728840006 -0.0159920816300816 -0.295168901742825
0.104721476083339 0.0555861613392613 -0.0265126663551241 0.170547899382868
0.0559228289329222 -0.103743666295282 0.204533508242258 0.465574394855461
-0.104119408958467 -0.0982998593080538 0.332577429095927 0.540954646426634
-0.159853312634399 0.0178776564210666 0.280213165488761 0.668395870887765
-0.0461164922760727 0.085072457054127 0.210171420543785 0.774887339624258
0.0184525813301306 0.00234410166478814 0.150306640138983 0.710101237169216
0.0498846493058493 -0.053354027806587 0.0869474823875714 0.454153755047587
0.065199291932281 -0.0583087162186676 0.07194037508654 0.134155856505949
0.0899694455297947 -0.0446710330040903 0.0689905249313921 -0.255036718447015
0.0746066054133131 -0.0201659122254687 0.157623024739617 -0.539409256567169
0.0192861227515007 0.0401019959759876 0.197448314236413 -0.764859929387702
-0.0794012810474482 0.047518799705245 0.0999412449154053 -0.784611410715131
-0.0363770472563404 -0.0868987819017784 -0.0672248349691851 -0.706375705963117
0.0523503163380372 -0.0812997471616728 -0.120045800072072 -0.61857848323678
0.095441410067507 0.0436359159060053 -0.0438875394215909 -0.310648384901173
0.0726149741893353 0.0319171398205162 -0.0454107212858957 0.16835726067143
0.0448702759427252 -0.0942767982968476 0.188500873569192 0.478911350583747
-0.0876319721332865 -0.108545823693364 0.285338748731171 0.558231236943644
-0.149830044359418 -0.0271553952219285 0.204357982868955 0.713473914933109
-0.0626878107670116 0.0340451222471335 0.156314128224337 0.830455264926663
-0.00348177420925287 -0.0352195021971 0.135571917778737 0.729423925540884
0.0292398397126732 -0.0855908003103805 0.10114885261332 0.434823255645484
0.0495101609898261 -0.0896198957738937 0.0981929421117037 0.0908241545246593
0.0699569465238453 -0.0797245786643185 0.0917547762275562 -0.294210767829465
0.060084358719199 -0.0656179596037078 0.152794664883045 -0.56342421958642
0.0241382553905884 -0.0141744058825638 0.150881041517452 -0.755407131893097
-0.0507523246392017 0.019203339202767 0.0226995686178965 -0.763371343537988
-0.0295789812373941 -0.0802278888390283 -0.137356475568445 -0.691104607797595
0.0270640600777342 -0.0869001094474398 -0.162002207644365 -0.602554696850998
0.0689496352230769 0.00512900849531953 -0.0758650944900988 -0.307232077087088
0.0319382046875775 -0.00205465920907073 -0.0544247560225298 0.17830540585094
0.0137693899625511 -0.0791271277250004 0.169553667256148 0.506957617688852
-0.0693240257561874 -0.0951874742636263 0.224993841230682 0.582133947399262
-0.113906427879825 -0.0620865122083161 0.105373336941983 0.756204215477333
-0.0650032096994125 -0.0244416231467832 0.0735152461641313 0.877546685343966
-0.0258986916994233 -0.0725435039294687 0.0990646672217476 0.736936171672332
0.00306735676470427 -0.103021514224388 0.105137052351822 0.403501557106748
0.0253036331351956 -0.105052967152737 0.115633838916236 0.0393967146528388
0.0372330038994693 -0.093896574798436 0.101077390625384 -0.342614624585845
0.0288624300792116 -0.0921042855395084 0.128270982879958 -0.595133145233285
0.0115853154144012 -0.0569434510136373 0.0855994216285976 -0.748564685656536
-0.026023815379929 -0.0114508086744218 -0.0629449443240917 -0.735369129792174
-0.0124853832930749 -0.0686416057044219 -0.212660215565553 -0.661739112847279
0.00249712339034851 -0.0745356310698878 -0.205549074167569 -0.572285582354361
0.0304168520601408 -0.0251193464416956 -0.101257738957548 -0.28811529985007
-0.0104941025633429 -0.0412197180657563 -0.0604029538043175 0.200630199499785
-0.0305725227130607 -0.0636808296688468 0.143355131400884 0.539667154954104
-0.0557083713890812 -0.0629513344851005 0.159345360945001 0.608685641736324
-0.0616028315635142 -0.0758647799625344 0.00602489125417112 0.78391481654982
-0.0531439188873638 -0.0766189733427833 -0.0188720994320237 0.901007479147611
-0.0456016862498742 -0.0999437454609461 0.0538795585542438 0.727452345826447
-0.0261557788673692 -0.104088288421973 0.0990386009637394 0.365167577072947
-0.00485153823475553 -0.0998783683992882 0.125470069460515 -0.0127472727414314
-6.39782810876541E-05 -0.0861559999248606 0.0989389785029833 -0.390326093001659
-0.00952363746841552 -0.0983652534791754 0.0891569930078685 -0.62382379262918
-0.0113086629713036 -0.0840194716915284 0.00893845106321388 -0.741033025791576
-0.00485229058130378 -0.0347032973958468 -0.14869025624717 -0.700158294721132
0.0113589527024325 -0.0514418233776404 -0.281792579805608 -0.621596368254903
-0.0170157492482729 -0.0476441055921539 -0.244119879727076 -0.530964496969934
-0.0145245618836024 -0.047221037142604 -0.117702481472656 -0.25996568449038
-0.0513680430190799 -0.0740288522782696 -0.0609171867575351 0.235319847650833
-0.079749651535456 -0.0416735490618676 0.116036644587174 0.575413208580911
-0.0433014617660665 -0.0185823344053689 0.0894550275400732 0.640004208103736
-0.00897936616673071 -0.0741974890192068 -0.0848915032822277 0.805346917159007
-0.0402632161955753 -0.11257542969868 -0.102706411224614 0.902561145520459
-0.0661925048534862 -0.113561161970328 0.00384303354060504 0.701422194370427
-0.0572640370752479 -0.0856196528596194 0.0896585557737683 0.323813922268426
-0.0371215765444436 -0.0782673614175775 0.123239946942469 -0.0574970907504436
-0.0372461045366412 -0.0612237680227988 0.0809243557128653 -0.431899987523858
-0.047871456510699 -0.0882581652695105 0.0392298359840571 -0.643992644445982
-0.0322929194594519 -0.0967715104784236 -0.0676332528730138 -0.726849749624384
0.020781188370394 -0.048987513514628 -0.22370857548736 -0.662667231316505
0.0392394743251531 -0.0261077919703468 -0.332350303159807 -0.57888600537896
-0.0347073435740147 -0.0124785628107391 -0.271162760545474 -0.491935764081354
-0.0577252664049245 -0.0605050665308431 -0.121899093262513 -0.226890373183743
-0.087952583251972 -0.0902716879416921 -0.0534810437272179 0.275419850420293
-0.117573933050741 -0.00600093243290118 0.0908085536037705 0.604214354856026
-0.0271116896008157 0.031319980715452 0.0327502135385392 0.666569555221403
0.0343740682548203 -0.0648243732236182 -0.143571318896698 0.813723547675197
-0.0383768889827227 -0.126976203287118 -0.155701549830263 0.880605655840269
-0.0910310130836715 -0.102520143301233 -0.0356156423717907 0.663263322507102
-0.0873026780757515 -0.0498646936147172 0.0727052164131754 0.287276839803781
-0.0667423313272559 -0.0402515173991951 0.110211670938125 -0.0871835017877253
-0.0673842682590239 -0.0223185033415543 0.0553993920977667 -0.457901102758553
-0.0770031469598195 -0.0657561990344496 -0.0101439872705944 -0.656946022391693
-0.0430602315930002 -0.0987760393902424 -0.130408438950332 -0.717413512399876
0.0525657017171676 -0.0525046190225712 -0.274533523928698 -0.635073371894419
0.0689661228160553 0.00667379957428516 -0.363520966173312 -0.545340212522749
-0.0516018206648316 0.0259599157780399 -0.284249276054783 -0.458659008039565
-0.0940266791841447 -0.0681963043518964 -0.113832750774654 -0.196439733405534
-0.11462056449103 -0.0832412007041423 -0.0375624801093451 0.312612875683566
-0.134866715461429 0.0412943868581363 0.0804514746717505 0.623788280970417
-0.00425481918549263 0.0734540965223896 0.00257400052008334 0.689158559004073
0.0563465247550151 -0.0537910977152921 -0.16200988451693 0.811461439237838
-0.054777667461939 -0.115691784278189 -0.182369252875179 0.846157862205695
-0.118183355669804 -0.0682266646682778 -0.0690234001795903 0.625977143206896
-0.11116552168007 -0.000313993208307325 0.0478459232354037 0.262976299546551
-0.0896009401323795 0.00654116593337493 0.0883169121078395 -0.0988999957988231
-0.086157500598844 0.0239835318138257 0.0252451311257919 -0.46698835273908
-0.0935543898991532 -0.0390091621776169 -0.0533569369799665 -0.665092884068466
-0.040702103953948 -0.0909248810251764 -0.173072673520969 -0.72092980111953
0.0899902162676266 -0.0432094325588727 -0.295902228697122 -0.629546597992067
0.0945506711209765 0.0462309594345461 -0.367075945168017 -0.522057012812347
-0.068625243182894 0.0603961601159017 -0.287089909140181 -0.433688248443004
-0.118033242872486 -0.072488003885458 -0.0965814846335061 -0.167843623758012
0.121268698943251 0.0688078671900078 -0.000529975660685491 0.179342086611555
0.047620720947457 -0.0968256382900818 0.222404120468413 0.458485117904976
-0.108289308648311 -0.0654718995560247 0.370963055632369 0.523558652869177
-0.141165332734505 0.0604931007099966 0.332250638903893 0.619621693024955
-0.0198857717150107 0.117757704898709 0.235820559495772 0.718136366003179
0.0351552994539963 0.0341995195258415 0.147387047093027 0.682205217978357
0.0588194238928581 -0.0128793473203976 0.0699404578148981 0.460804793244932
0.0682441523207942 -0.0156029736639165 0.0444266669618437 0.160602848830461
0.0927393537430527 0.00298968757447072 0.0347369413739948 -0.231741884416858
0.0674927922486055 0.0336576852029344 0.138396405864114 -0.530374230646967
-0.000328334623233437 0.0898143587212504 0.207540359502912 -0.781357710101367
-0.101561629575626 0.0674752321428615 0.141985801741514 -0.796945285657063
-0.0312080224223358 -0.0815868865484719 -0.027320104578021 -0.696753246793374
0.0700526520487874 -0.0542604352249554 -0.0984578537593847 -0.611687076588365
0.101792103411152 0.0784806806662299 -0.0198555042599093 -0.292215610327452
0.10423702923925 0.0544271126468231 -0.0248113795210098 0.170480056971694
0.0543479851141439 -0.101963375622597 0.209633119473095 0.461445482412996
-0.103585800164733 -0.0958392131319134 0.336523242003058 0.532758156542262
-0.15833441234541 0.019423111240865 0.286682878203082 0.661425135361208
-0.0440571106928759 0.0838879491369455 0.217458655668949 0.767722454463675
0.018782108388446 0.000834240276577074 0.15738544236388 0.702990952150759
0.0488251079585838 -0.0540341125460059 0.0925503378478315 0.448804059857428
0.0639080858721878 -0.0596238337272613 0.0733144828367724 0.133407099474544
0.0888057267163374 -0.0463888285736668 0.0641045094914837 -0.253219115494493
0.0733243098707323 -0.0202822504009331 0.150982261717938 -0.536429817964499
0.0193263389504335 0.0391625001924797 0.185767688152445 -0.762375029893308
-0.0775061592899383 0.0483036163939142 0.0890807393242411 -0.780697867623749
-0.038039664540115 -0.0860541986211598 -0.075802443369086 -0.699907282107142
0.0501132391017834 -0.0800850875463397 -0.126524416127443 -0.612014950293731
0.0952296082131538 0.0430222611044477 -0.0475300215335372 -0.307889470135491
0.0727197745672287 0.0314016900836276 -0.0412379295521722 0.167981623189227
0.0437869189459815 -0.0938555648119868 0.191845380287768 0.47498944035677
-0.087780605080398 -0.107676579795472 0.289144908453374 0.552264886280311
-0.148337752658637 -0.0252824088966113 0.211845970430942 0.70644885639783
-0.0611718743242885 0.0348205499755338 0.166330485087487 0.82209173122657
-0.00417448966239338 -0.0356127285210896 0.143144642954293 0.722924048560827
0.0281049418366146 -0.0852399712446225 0.104487375201668 0.428498980375551
0.048297227462737 -0.090845154051019 0.0981887031784401 0.0893665318435974
0.0688049471403066 -0.0808582350349028 0.0866323962272878 -0.292165443255682
0.0583715402591514 -0.0651340960306903 0.145687942451459 -0.560432100521536
0.0232284084344996 -0.0142570113279393 0.139134193161668 -0.751850208249956
-0.0496198424518085 0.0199835860492292 0.014426947544288 -0.761993218076277
-0.0311552331559023 -0.079525439765664 -0.143895292498473 -0.685606807056823
0.0242782266883737 -0.0859068897808551 -0.167120078688125 -0.596488400138688
0.067832139915378 0.00495751459114532 -0.0801305744753097 -0.303646189457791
0.0324548191767229 -0.00131298342300921 -0.0516140686203893 0.176958636052744
0.0125447051578703 -0.0784064788085969 0.175632484435172 0.503256248404967
-0.0693431923147931 -0.0941426627713156 0.231779033324196 0.575152413812001
-0.113204629563512 -0.0595373177834838 0.115303426261772 0.747644317647249
-0.0652689185278024 -0.0230093568402607 0.0833742958097071 0.8698480442827
-0.0257719798249406 -0.0718370949760876 0.107640778500923 0.729559894598263
0.00257627592973918 -0.103110365811274 0.107986410509675 0.397168331538751
0.0234138919740367 -0.104308529411266 0.116163717011674 0.0375531626946079
0.0365754798439299 -0.0938699899552545 0.0957893631234222 -0.339919412283051
0.0277828079437733 -0.0917427847707476 0.119378854675652 -0.591117866343057
0.00946050047573289 -0.0568286262046546 0.074151349805322 -0.747080465832479
-0.0258233589946374 -0.010000496142895 -0.0738246854321043 -0.730068368408844
-0.0136466925553139 -0.0681702360263879 -0.218163435279558 -0.655096280411545
0.0016531105905003 -0.0732804411285578 -0.211881397518341 -0.565333144269202
0.029776793710332 -0.0251560146247163 -0.105019088103568 -0.284524842846404
-0.0115208672940145 -0.0403106974786119 -0.0563575568160727 0.200825160405432
-0.0319694280568309 -0.062308235991214 0.149791019161553 0.53702390821335
-0.0560796597895147 -0.0625583142531594 0.16594067133405 0.603093903011347
-0.0633519027414903 -0.0753039748581754 0.0148729271437286 0.779889435866134
-0.0536615419821643 -0.0754523778063549 -0.008368419848659 0.895723671529575
-0.0460748787918141 -0.0992373708399739 0.0610670084807414 0.722073746235956
-0.0262018193822742 -0.101714819584337 0.103543648917027 0.359633852178804
-0.00600002612756013 -0.0995939277461571 0.124073234244057 -0.0140246650606978
-0.000937123417368091 -0.0862462443008672 0.0923959267154864 -0.387621016189186
-0.0112062501515245 -0.097104849519004 0.0809529312242044 -0.620555924883703
-0.0125501498125943 -0.0825735902816119 -0.00136841833224473 -0.736345158256358
-0.00499057640222211 -0.0341647993857156 -0.156613134046652 -0.693971261247151
0.0106307655595975 -0.0512072911307151 -0.286146043506507 -0.614424982798848
-0.0180332088955967 -0.0466098061656783 -0.24914195952425 -0.526124181583627
-0.0147587880836326 -0.0467641676912079 -0.121004603391711 -0.256408796658995
-0.0519099600120768 -0.0725472867829589 -0.0562758346920798 0.234658053767129
-0.0793774821715626 -0.0407566452960092 0.122895893572589 0.570822064937307
-0.042720668050407 -0.0177370287055994 0.0976872964658559 0.634394346269426
-0.00929335823650527 -0.0735513934916818 -0.0748920616372091 0.799994123126304
-0.0408425842159691 -0.11111993229822 -0.0905413881655376 0.895971568892889
-0.0659855770410485 -0.111718248661048 0.0138102825694631 0.695866516391282
-0.0570452579555738 -0.0840292060743345 0.0929752713969874 0.319272372043195
-0.0376351673525605 -0.0761777338892913 0.121370522101704 -0.0586668524387443
-0.0370668702454153 -0.0605002478452327 0.0757603940797583 -0.426698324638452
-0.0482866359635489 -0.0864047636623224 0.0303803689156804 -0.639339469681251
-0.0328574705669203 -0.0948460351289472 -0.0771158200379046 -0.722772968680434
0.0190890677121174 -0.048690807117504 -0.230356338874082 -0.655354382619363
0.0382977132732905 -0.0265482860107411 -0.337374645287362 -0.570544815072635
-0.0345598479993311 -0.0113400086652267 -0.275171824026869 -0.485497426429084
-0.0569713069717675 -0.0591921685007674 -0.124121562272997 -0.224646789052367
-0.0873219955994397 -0.0877816366016215 -0.0491832150917493 0.274562049466847
-0.116807713434352 -0.00472454388401884 0.0995649085866703 0.599670961653127
-0.026702645034325 0.0300578089687738 0.039235645691384 0.662659965530365
0.0332141755736001 -0.0644265854989483 -0.133469535778713 0.809420573793507
-0.0400721988723591 -0.125352669929509 -0.145502536297642 0.875526012423636
-0.0917773807708952 -0.100824210803468 -0.0279226694050652 0.659175757285185
-0.0864413265731741 -0.0469252682507616 0.075845448303073 0.282795153570417
-0.0664617596546293 -0.0388964446623914 0.109273063514354 -0.0879835292158396
-0.0660680330423 -0.0218074160832557 0.049611644027816 -0.453566472976237
-0.0774127349147877 -0.0643223415036884 -0.0182822230056218 -0.651915919650632
-0.045310011214902 -0.0969723023667705 -0.137672157062384 -0.711760899047235
0.0514404093906443 -0.0524637443114445 -0.282718538564503 -0.628077393125885
0.068565028579936 0.00530825273614733 -0.367425811892406 -0.537660046578905
-0.0509916749796297 0.0269976123808214 -0.28687999970913 -0.45424263587869
-0.0944101665078992 -0.0666963565468907 -0.11572802348521 -0.193588880075402
-0.113751161825286 -0.0795728372671131 -0.0330851966018519 0.310719172430584
-0.13315707818732 0.042084095643986 0.0883977324713026 0.620656536971867
-0.00398956235211047 0.0723644475422293 0.0103727153403514 0.685562493033063
0.0551460534490207 -0.0543248953382204 -0.152750169648936 0.810588563338089
-0.054926506027063 -0.11480880297965 -0.173156931797511 0.844280133178656
-0.117627923681871 -0.0661708234240923 -0.0609854724901169 0.622471239067213
-0.10929295315767 0.00123185121297162 0.0502450848658806 0.258543764151809
-0.088012152923996 0.00821196268149304 0.086366839113651 -0.0994610218894984
-0.0838660413779304 0.0239637349122223 0.0196869764299008 -0.465123299803998
-0.0929829342119072 -0.0359015693029879 -0.0601322679100598 -0.659101555431279
-0.0415644034868051 -0.0892551876802985 -0.182370801538056 -0.714698619801349
0.0884737498320354 -0.0428448906022684 -0.301237652333367 -0.623516555892172
0.0934450985313389 0.044485239140507 -0.371361801346589 -0.51357333903437
-0.0678091704047541 0.0614814292188343 -0.28930736752407 -0.427455458978458
-0.118023995454116 -0.069999167601967 -0.0974417656474597 -0.165404802030394
0.121232801321166 0.0675213576954839 0.002073482750172 0.179113614364424
0.0468605613215192 -0.0959770075233103 0.227335808645469 0.453202587816259
-0.107549813485662 -0.063003339957276 0.37295367124659 0.516420612291898
-0.139521312011732 0.0612966898174038 0.336569652059495 0.611808442290221
-0.018438770292607 0.116333084810338 0.241028974523013 0.711587261916582
0.0357411878923242 0.0320538222983421 0.154125800245845 0.675705185141482
0.0582013938259449 -0.0134653282856338 0.0733656462873887 0.455632574992144
0.0664242406302797 -0.0178180309664369 0.0464229550889442 0.159235657172502
0.0919422360131834 0.000767947864989982 0.031837837048415 -0.229007890311857
0.0672267539539896 0.0331749247316324 0.13202344642046 -0.526590743227831
-0.000192738790805939 0.0893533890677082 0.197599425536812 -0.777230893873718
-0.098704039475668 0.0699318295151993 0.131372435492667 -0.792476659433684
-0.0322457020049605 -0.0810746019286024 -0.0324734601695833 -0.69141823945465
0.0689493448351246 -0.0535447255252086 -0.103679684443837 -0.604905180464287
0.102209185908447 0.0774557308586454 -0.0230758911234243 -0.289432773518264
0.104192782257168 0.0537548618909535 -0.0219224631734841 0.169988940270432
0.0532942442051986 -0.101311002873473 0.212651281189551 0.456648402649107
-0.104221687631605 -0.0942108560959713 0.339950966290006 0.527001661613957
-0.156296557885266 0.0210366257896325 0.292184782398078 0.651861196553142
-0.0425648737985591 0.0827739332424214 0.223327977865841 0.76007779728543
0.0190967362340697 0.000158000798580658 0.162991294364049 0.697345221413426
0.0479421042305293 -0.054228471671479 0.0964512096420461 0.444467583458965
0.0623543423831616 -0.0602771218368486 0.074059709144199 0.130646306501258
0.0872825024600229 -0.047252701681826 0.0613824808770038 -0.250664572390254
0.0724306269176162 -0.0212970591827745 0.142549855073126 -0.533223635705478
0.0189455566727757 0.038748668963437 0.175864231243531 -0.757169843870775
-0.076410650315834 0.0496347153699886 0.0791442390231852 -0.776636232536481
-0.0386196988553279 -0.0848248270894075 -0.0817837304033035 -0.69473064177135
0.0492592718639523 -0.0793039768848035 -0.131695765922448 -0.607816522023881
0.0940235719339767 0.0414028336930127 -0.0509486274371437 -0.304768942226801
0.0729983595780691 0.0320386750702847 -0.0382623074791626 0.168274792141637
0.0422538244779736 -0.0923865182484035 0.196414800541853 0.470966187911946
-0.0869704749204678 -0.104910939952657 0.292161855492564 0.544596293404
-0.147884377300208 -0.0237651307084515 0.216927085218686 0.700667913146102
-0.06035596087047 0.0347022032729593 0.171763390576816 0.814889721854434
-0.00330786882836064 -0.0355857080237614 0.150596333239329 0.714449664013183
0.0272512181150871 -0.0843313820097355 0.107345694140088 0.422167576618151
0.047010141785109 -0.0907186681433475 0.098230941751815 0.0877678294724941
0.0675335017746853 -0.0814422377011211 0.0821505398435449 -0.289329870148361
0.0574788558162731 -0.065355076367449 0.137938646182733 -0.557287775380691
0.0229044417985286 -0.0145234467274235 0.129677070893964 -0.748447238792053
-0.0487146368678356 0.0200406007079273 0.00602385023941382 -0.753478243891707
-0.0318917507300891 -0.0793563164424246 -0.150480916425842 -0.68037863998035
0.0233283720658096 -0.0840962772592243 -0.172884683110625 -0.590998445153205
0.0677073337761229 0.00419396660364263 -0.0824969894705666 -0.300492167713976
0.032151939139069 -0.00104383322541958 -0.0479247490502872 0.177883493423662
0.0119179507438478 -0.0776610524263187 0.181128553599249 0.497768043799621
-0.0701387022768227 -0.093062036103716 0.234471002327775 0.568743124473811
-0.113599712115532 -0.0584276359938865 0.120683182969666 0.742483045950173
-0.0642075400965151 -0.0228236863902333 0.089821483869313 0.861261118719996
-0.0254756015859372 -0.070982896589161 0.114653289096614 0.722035671016129
0.00195927185872351 -0.10211027141099 0.112087677815744 0.392645337408836
0.0225303973435066 -0.104723326062579 0.115108073643537 0.0365131744288415
0.0348000063583746 -0.0947952377588527 0.09074259020533 -0.33742995522569
0.0263197643121122 -0.0912116350111547 0.112568670316936 -0.586732311412246
0.0088356253165565 -0.0563600619662131 0.0640830397792201 -0.741463433948435
-0.0256560398678783 -0.00977984359727843 -0.0817481292191469 -0.723937501692302
-0.0142887483776365 -0.0676736984157886 -0.222424308991546 -0.647828556341196
0.000391843626274396 -0.0717825015294444 -0.215321332640888 -0.560221680412334
0.0284028374083055 -0.0254118335355466 -0.107625960568425 -0.281718324479151
-0.0109847057364277 -0.0386505225490113 -0.053303980386422 0.200929069571548
-0.0317423935196462 -0.0614078019800572 0.154520904929746 0.53164319201335
-0.055072835049493 -0.0623071775135685 0.169764489004672 0.598749251999502
-0.0635409967996091 -0.074977055740034 0.0220373695188967 0.774040195673471
-0.0541072302499232 -0.0744185474618688 0.00079379041973693 0.888037421501409
-0.0461918369405526 -0.0981379847790127 0.067320570164586 0.714415466324494
-0.0274853755641215 -0.101456776168336 0.107040063493208 0.355167605717467
-0.00726510017925542 -0.0993177251595676 0.122805701788493 -0.014616751196576
-0.00149700972660281 -0.0855658616722452 0.0855967366453825 -0.384906318697025
-0.0127270372199332 -0.0958927785307233 0.0731519607126893 -0.614377770924523
-0.013859451689292 -0.0822870109131351 -0.00986539045262297 -0.730987022793447
-0.00556094156290932 -0.0339634377626776 -0.163815276665304 -0.687689380220205
0.00887557357229758 -0.0508938301359178 -0.290877252886637 -0.607137943539231
-0.0184539721367359 -0.0451403416753018 -0.252442937762865 -0.51953398937018
-0.0148024140322324 -0.0448213288668755 -0.12256808351149 -0.253303461794654
-0.0512087730057093 -0.0708596515396294 -0.0514228991092007 0.234114654715806
-0.0782044694360541 -0.039559387641387 0.128435046801125 0.566127422100816
-0.0430586841746535 -0.0182109488335013 0.102047834581699 0.628762469168607
-0.0106813813778572 -0.0735060657333864 -0.0665678069384284 0.794242761581592
-0.041269090885596 -0.11048374908904 -0.0817108024830357 0.889898918597496
-0.0662684985287186 -0.110058698438716 0.0190817555637098 0.690670527275541
-0.0562888145437083 -0.0826609144833194 0.0956918109263826 0.314283703061727
-0.0381216950820131 -0.0760277608984264 0.11986511863571 -0.0582717474667941
-0.0363907236903624 -0.0595329063450663 0.0690682515758668 -0.42443487372316
-0.0491292365449945 -0.0851009103263889 0.02205509764537 -0.634524986969705
-0.0340139928618149 -0.0936907115799091 -0.0849409404943093 -0.71758608593074
0.0193142585389034 -0.0490035037458918 -0.237188154469784 -0.649986941400419
0.0371142761014258 -0.0275028097356165 -0.339572864742806 -0.564097998099657
-0.0352646781835841 -0.0105414028573536 -0.277182391645578 -0.479775865660634
-0.0574940034323973 -0.0570725252446409 -0.12544129449255 -0.221460864357141
-0.0872346019746017 -0.0861238054052318 -0.0453442877032034 0.273537096671914
-0.115631789845914 -0.00316513828794673 0.104147926165346 0.595661555180741
-0.0257459319870376 0.0300197802460593 0.0455523568343782 0.657819558401996
0.0325922707196139 -0.0652538724739757 -0.124858360571961 0.804965466346608
-0.0403685543450121 -0.123981457501413 -0.135771374467686 0.870438863577047
-0.0908319151574507 -0.0988638276810967 -0.0211145195752489 0.654839030570282
-0.0848586990789274 -0.0463136335148141 0.0775110897672711 0.278687618005681
-0.0659307675228393 -0.0383064957781684 0.107558989611774 -0.0885301800253809
-0.0651284018753867 -0.0211892155242051 0.045070011549507 -0.450863542551428
-0.0778594987968086 -0.0623783445141748 -0.0251616076545352 -0.64608363034333
-0.0464973433340452 -0.0948404054326679 -0.146144233897927 -0.705415180148291
0.050550665583453 -0.0522956474999095 -0.286445317502572 -0.621284691574173
0.0665160873968207 0.00415788708098822 -0.370074409845391 -0.529145206435306
-0.050765667865619 0.0277166540531743 -0.290636376334182 -0.447038410709624
-0.0931331452859627 -0.0637238058629737 -0.116646999772566 -0.189577954231365
-0.11369253391561 -0.0770225743025245 -0.0285118728854255 0.309382624846094
-0.131273636804623 0.0440930875324016 0.0957126905401043 0.616383625514772
-0.00371320778884446 0.0717169081904914 0.0164269909277089 0.681247736213853
0.0538550649673026 -0.0546948167835999 -0.142288412138695 0.804733277944873
-0.0555407727354818 -0.112782299796572 -0.161681283147175 0.838449712663844
-0.11617059226293 -0.0652453954030146 -0.0554816251474234 0.61693740922108
-0.107515656716097 0.00212701080288948 0.0530705298110804 0.255929202044817
-0.0868619561679305 0.00895307902626658 0.085431516926695 -0.0991395511584899
-0.0822972053941417 0.0245142674752158 0.0134462076557575 -0.459139635220521
-0.0927484252290564 -0.034936021007808 -0.0685374708627126 -0.652167017767519
-0.0431025840800951 -0.0876399770810059 -0.18828941599506 -0.707463900379589
0.0874593108347368 -0.0437697983833588 -0.306809738345979 -0.614804637267263
0.0930610549442153 0.042785431921598 -0.373961098999095 -0.507032632304167
-0.0663584992206663 0.0615379428331306 -0.29207877195018 -0.421569332163469
-0.116691455186091 -0.0672165395951007 -0.0983505525811096 -0.162493996255947
0.121229348874834 0.0664335929212287 0.00499913943801841 0.177239930165455
0.0457216072545384 -0.0944411595881164 0.230558783186213 0.448277072839015
-0.106856284041404 -0.0615964801243668 0.374683060734131 0.509951465311501
-0.138063258190799 0.0610777117080921 0.338610175535794 0.605539231295556
-0.0175031181602835 0.113884833584965 0.244320253973097 0.704198962066494
0.035648088606396 0.0308442392561001 0.158310358979548 0.669440020916653
0.058194547772964 -0.0139657737043066 0.0768797399050395 0.450323660429594
0.0648298419595197 -0.0182170628674786 0.0469338147007111 0.157917340153846
0.0910103008968488 -0.000345907014217106 0.0292792751228951 -0.226427269139833
0.0669323952717474 0.0321173211155087 0.127222728150613 -0.521257162167923
5.36698407082939E-05 0.0883203739073703 0.189056455792047 -0.771193259628866
-0.0961499845628485 0.0697437950561658 0.12162506209044 -0.788189205039893
-0.0327456170280336 -0.0794412657790988 -0.0372503108100897 -0.686642261745601
0.0670797449525421 -0.0516556188157811 -0.107178582967701 -0.59863334285728
0.101618797359091 0.0767990709262243 -0.0255500738957298 -0.287025912846324
0.103690847893974 0.053504262694415 -0.0187171457379914 0.168331969128697
0.0513322657040827 -0.100237062856542 0.216640707932106 0.452221664156414
-0.103418038867547 -0.092525232411223 0.340692306308627 0.520023167100489
-0.15468556815387 0.0216432988008048 0.293354583766381 0.645339408394262
-0.0414669928378303 0.0820384521150182 0.226443459796878 0.751612647330458
0.0194646384261249 -0.000751301822249584 0.167737530169474 0.688210568750513
0.0476230322967298 -0.0535427541793916 0.0985373151566391 0.438217861283884
0.061413210667433 -0.0606104816757977 0.0749775833471397 0.129648447203472
0.0859545494969784 -0.0486902443034833 0.0583618239924832 -0.24811685905858
0.0717148330629001 -0.0213882192263972 0.138026060098679 -0.528678820965512
0.01949051576762 0.0387746857511905 0.167206616930126 -0.754682722452942
-0.0744801292828037 0.0497434623381371 0.0708173954468414 -0.771886997779174
-0.039817340578042 -0.0836175288898783 -0.0861080673057222 -0.687878329340589
0.0477388260616272 -0.0780307783831506 -0.134269269281954 -0.603081214753316
0.0930363122755253 0.0407570023274569 -0.0542137943229145 -0.30112967121169
0.0720126995082548 0.0303083928954384 -0.0363592546698736 0.167753289659645
0.0412426452352348 -0.0912065947352315 0.199541258206598 0.467071207591016
-0.087681003200023 -0.103422611508122 0.294633753497797 0.539382818103032
-0.146274524196635 -0.0234658911550316 0.218490511241697 0.693283276683641
-0.0596776798416613 0.0337662538099384 0.17693762963086 0.805984356300753
-0.00364631201961543 -0.0356374968999251 0.154199291424809 0.706817793784354
0.0276264203832894 -0.0843763948790078 0.110181303475285 0.417416486685201
0.0455520668903344 -0.0910696400283107 0.098502794285563 0.0866148635304701
0.0663292549909539 -0.0811057495961864 0.078773675207244 -0.286836591987334
0.0561262286149104 -0.065467950329409 0.130803755813145 -0.552364889118389
0.0224587075168855 -0.0143813352143085 0.122464379445774 -0.744592221289293
-0.0482957942005913 0.02043041515405 -0.0021792226946902 -0.748971078007873
-0.0325068136309904 -0.0779890306192592 -0.154310610820758 -0.673432907066011
0.0223985407582749 -0.0826780464509124 -0.175222915740543 -0.585708123750478
0.0668533183350742 0.00396416005242598 -0.0847134409318586 -0.296717334424272
0.031273982669125 -0.000527589006859972 -0.0456261380491292 0.178065909657146
0.0116810019088384 -0.0765902931618318 0.184105020044631 0.493276190438803
-0.0695833884130149 -0.09212640560264 0.237138643361976 0.565197181646575
-0.112576806050088 -0.0583300042425247 0.126138800531238 0.735111553091974
-0.0628796098961014 -0.022683041298501 0.0965412559466138 0.853641792179403
-0.0263785736057851 -0.070699538891208 0.119303973501287 0.717161371375843
0.00138130855296191 -0.0998229468128389 0.114656392901435 0.386173579435314
0.0207559612587306 -0.10431323692182 0.115320830382378 0.035593181126477
0.0343138051909107 -0.094280095134324 0.0865686053377812 -0.334192074316152
0.0247812388080725 -0.0899399157925107 0.106327300707202 -0.582493075351847
0.00792565544887866 -0.055622097894477 0.0553839052140723 -0.737394818825922
-0.0246032519747655 -0.00947397378534513 -0.0874670075355456 -0.720170600514649
-0.0153024392921738 -0.0672721200558308 -0.226460889804655 -0.642331036277265
-0.000431570053946829 -0.0704532305070069 -0.217526236684874 -0.55391478566572
0.0284106058336411 -0.024501666471726 -0.109177858697687 -0.277514249074826
-0.0101914104768588 -0.037638153863292 -0.0495087545432906 0.199854106489485
-0.031074921862411 -0.0611950550723657 0.158086370857486 0.526843315509479
-0.0556827539307578 -0.0608481378563911 0.173336589871863 0.593572990348561
-0.0626297775152488 -0.0736899301154954 0.0284263594051186 0.766805527161738
-0.0534120113844305 -0.0739017158606154 0.0065421422659563 0.880309852691408
-0.0461333318665982 -0.0971379252571186 0.073679184932355 0.708651934321822
-0.0269151706209243 -0.0998523440801248 0.108762762594875 0.3495850268072
-0.00768201221277818 -0.0987056764836039 0.121345492471155 -0.0142904476237255
-0.00202270287397741 -0.0853329542882922 0.0813038320730332 -0.381141169268755
-0.0123939218033314 -0.094255695391403 0.0669009289498896 -0.610401107297887
-0.0142357512736552 -0.0815508463597331 -0.0174654781092704 -0.725525816925559
-0.00613136143504142 -0.0340207084635378 -0.170332889793166 -0.680985803771653
0.00846719688453066 -0.0511872048358466 -0.292878121015062 -0.600203345873771
-0.019583233663896 -0.045247153017377 -0.254623781592451 -0.514252636225076
-0.0154611119848909 -0.0436927040009799 -0.123495280782783 -0.249077580677426
-0.0517995484133387 -0.0686194837955381 -0.0488783551037782 0.233319621988882
-0.0780048511559629 -0.0381535256399759 0.131635330958158 0.560321585723774
-0.0429909569878559 -0.0184686962984799 0.105195843308036 0.62345558042676
-0.01137951451943 -0.0732723937946683 -0.0590205091282762 0.78898505742176
-0.0423778367984315 -0.109099537081607 -0.0736155446469843 0.883507030104852
-0.0663172441003687 -0.108517002170439 0.0253118089969883 0.684572724323196
-0.0558676166703544 -0.0819143424966326 0.0968811026914912 0.310581156167565
-0.0383278387476076 -0.0755128348403175 0.118754463523103 -0.058843836186722
-0.0369726983151689 -0.0591251743632252 0.0649163066040447 -0.42006423421148
-0.0490761867529303 -0.082345060655621 0.0165011197898109 -0.628595102799105
-0.0360515149086268 -0.0925556242346662 -0.0905086495347619 -0.710336445785589
0.0178994116096659 -0.0482196529230177 -0.241193769113726 -0.643258386577551
0.0364133365644408 -0.027459886620805 -0.342379093343543 -0.557469770108428
-0.0352694864143115 -0.0100420227964342 -0.278962044008727 -0.47406475758761
-0.0580934734842763 -0.0560831092860148 -0.126040822090897 -0.217616999228116
-0.0869404104612006 -0.0837411771927686 -0.0417272128763225 0.272073400590501
-0.114504626569188 -0.0022793467988362 0.109461912226199 0.591465500036752
-0.0259842165671324 0.0299184412864911 0.0506898621550226 0.653171088357226
0.0311206710759841 -0.0655475148889641 -0.115977797712147 0.800500919486597
-0.0411156243282505 -0.122730585434436 -0.128208099958339 0.865721941638905
-0.0900203420777237 -0.0976735730597993 -0.0148837431960379 0.649059913726722
-0.0827212004119433 -0.045695828325667 0.0792953901623297 0.274096239540023
-0.0659376299048691 -0.037731954012177 0.105499796989024 -0.0893378610546408
-0.0640642853739398 -0.0202071125187728 0.037631103788858 -0.446299312925292
-0.0768831944480817 -0.0603705010316507 -0.0301166147533015 -0.639535596199063
-0.0473030675803331 -0.0933286974254176 -0.151704399481768 -0.698247818634155
0.0487885620783773 -0.052451328220839 -0.291188099873418 -0.614248325841405
0.0664730029585981 0.00351264715499125 -0.372665940579822 -0.524247365996335
-0.0503361363375327 0.027799187174837 -0.291195221230469 -0.442530888658868
-0.0933428903791858 -0.0626119813011288 -0.118207296186351 -0.187143765855474
-0.112216387236886 -0.075024220901819 -0.0258971976474685 0.307715355157297
-0.129708921488194 0.0445175983072759 0.100506442282295 0.611648934986895
-0.00385564634384503 0.0693536760659237 0.0212115681236455 0.676090909224488
0.0525355044133352 -0.0545866733201731 -0.137589413596865 0.79955800887624
-0.056354010260801 -0.111511801853423 -0.153078522735235 0.832401568140039
-0.115412596803286 -0.0640639998723358 -0.0487912966677964 0.612833016326997
-0.105604436895792 0.00336953744734811 0.0541522362754197 0.251881983725703
-0.0859246579366983 0.00924377181018402 0.0842995618925423 -0.0990996813378802
-0.0810262088709184 0.0254101789603589 0.00896808466305176 -0.454774452947271
-0.0920406088512226 -0.0331107552807187 -0.0738872341478581 -0.647620858247533
-0.043956530362454 -0.0864297017601151 -0.192380188426094 -0.700186921176713
0.0855225146866405 -0.044317962110334 -0.310043253466392 -0.608321686844531
0.0917343109973632 0.0420761898935338 -0.374206888663806 -0.502199109887483
-0.065693370605896 0.0611252151352506 -0.292578458376907 -0.417312086701244
-0.116194335768949 -0.06470008535177 -0.0991725386398292 -0.160354585240191
0.120933311028902 0.0653787531260991 0.00644013207234733 0.176021817305649
0.0453394000859604 -0.0929197022279815 0.231924915681552 0.444058557149825
-0.105582502739394 -0.0601276838748836 0.374174508954437 0.503433911293839
-0.135537289013201 0.0623755893685074 0.339496658854703 0.597682912069706
-0.0158634326615987 0.113269979527621 0.247259915053087 0.696257377681671
0.0355817838599658 0.0304550606878335 0.162557942247616 0.663080943268182
0.0581262359072839 -0.0143490762153751 0.0810383346541208 0.443990137517946
0.0645486005475812 -0.0185646998868014 0.0484485384979947 0.155565508627584
0.0900311471657402 -0.00205726679002159 0.0278768446775739 -0.223542869794045
0.0667478287490121 0.0319228238337418 0.122323075636327 -0.51797833114363
0.000526461609065859 0.0881430401018606 0.181652465065774 -0.766377298920826
-0.0950754383823541 0.0702618855772531 0.114476132569363 -0.783111841588363
-0.0340024074908545 -0.0783048238657667 -0.040056276054627 -0.680765751466565
0.0655487739716572 -0.0509878145897202 -0.110223011399989 -0.594861721854104
0.101529579258401 0.0759882484388519 -0.0284194045430581 -0.285265369543878
0.104075535342954 0.0523442113084445 -0.0170732904587352 0.167621962327314
0.050074053642825 -0.0990564580701893 0.218504939704299 0.447285018791909
-0.102545054687279 -0.0911262572850445 0.340535799158774 0.515045272470469
-0.154008261660963 0.0221923402673305 0.295588582517217 0.640770155322315
-0.0404027494828002 0.0809257269619204 0.229754910611779 0.743771385168156
0.0197399084494991 -0.00174451102576143 0.170582334469218 0.680880140539494
0.0475533754006167 -0.0534772498412111 0.10200688989178 0.432005793017634
0.0602757920973985 -0.0614767632780998 0.0752876442435836 0.128107242326255
0.0855670947354624 -0.049379549573085 0.0561295051524307 -0.245360717487629
0.070909856195452 -0.0218234437270248 0.133358921193623 -0.525676402880074
0.018840749261589 0.037453969993823 0.160532674528347 -0.748183921631755
-0.0738945604445839 0.0497772210460967 0.0648580925316197 -0.765661281462649
-0.0406186996394986 -0.0831481097611408 -0.0901522098619198 -0.680984169786157
0.0465364530311601 -0.0758817953908709 -0.137473716442309 -0.598211418506229
0.0927331225336049 0.0398214656685052 -0.0563600610159744 -0.297925453249631
0.0714173568941317 0.0309326910937151 -0.0336179001390588 0.166816200776086
0.0400197225562396 -0.0912717613709101 0.201974769956237 0.463971901189776
-0.0863757156321807 -0.102681700049661 0.29679158357269 0.532596356560698
-0.145322954092643 -0.0218413956607928 0.222828695340601 0.686286858050537
-0.0591131485804442 0.0335770439181993 0.179380316327873 0.799745591436436
-0.00306552863971542 -0.0359873027116375 0.158058489186901 0.699960343181198
0.027576508839435 -0.0833007032970799 0.112225635259174 0.410874432220026
0.0439581492305819 -0.0907619664601956 0.0980888662071755 0.0847059208375852
0.0649367877976266 -0.0812171736235328 0.0754293981295724 -0.283999744854532
0.0552564272921908 -0.065164572058367 0.126964255747461 -0.54900977656408
0.0213958798091477 -0.0144572438985508 0.114242458696584 -0.738873275149763
-0.0470926783632276 0.0211349520332518 -0.00842933089079348 -0.742617482123115
-0.0329856535662691 -0.0769675316832091 -0.155977474608388 -0.667565775040316
0.0209444832843064 -0.0812090144552522 -0.176623055851726 -0.580599159957165
0.0655190191426399 0.00453028391061627 -0.0865547064524126 -0.293748367082476
0.0312109468996392 -0.000350490751270284 -0.0426431053052362 0.176800649088865
0.0111272525245809 -0.075167250578389 0.186407128876033 0.488641084059046
-0.0691680019696032 -0.0921268873195017 0.238334792662042 0.558855580303443
-0.111915203180957 -0.056074446273117 0.129328953771464 0.730140224027144
-0.0633365708867258 -0.0227604584142043 0.100040579359981 0.846679521014707
-0.0261229560427908 -0.0698078057772006 0.123716701327199 0.708030750455998
0.00128444600916131 -0.0993683634850807 0.116137795517326 0.38128014702653
0.0198333881595028 -0.103645303037855 0.113859077285994 0.0347677471553722
0.0330218880546961 -0.0937136847679597 0.083649390947152 -0.33092651346375
0.0240175052690522 -0.0894113708235605 0.101038081328452 -0.578320520578139
0.00677238052653965 -0.0552867170896347 0.0499287250199882 -0.731345406919433
-0.0255229129850493 -0.00930489396302834 -0.0917088740091438 -0.714055811123507
-0.0162557936592003 -0.0661930129054538 -0.228022211924893 -0.634691712333093
-0.000898016698717346 -0.0686245785475174 -0.21983013383155 -0.549477582349954
0.0278597914236424 -0.0239432003620712 -0.1103046534166 -0.275077040892506
-0.0108999280934826 -0.0359750550652468 -0.0472192583660446 0.198707050649333
-0.0318461459688967 -0.0590412458430706 0.162347218141701 0.523217185725967
-0.0555756895499059 -0.0610474444336833 0.17619265954087 0.587847022023081
-0.0626241728390092 -0.0729900168544563 0.0335124055483613 0.762281759276676
-0.0536087655761707 -0.0729647670583464 0.0125245181834482 0.872240221218062
-0.0460014223617768 -0.0963012462406573 0.0769548982713274 0.701405789997346
-0.026101432726565 -0.0992497845365006 0.110050365061006 0.344707449513735
-0.00866469506012532 -0.0986187028975781 0.119989989645456 -0.0159368243407499
-0.00241436937307988 -0.0852224803097256 0.0781816571878122 -0.377523032109388
-0.0129724218075366 -0.0936182243803138 0.0620105799335435 -0.604358672490486
-0.0156802426498876 -0.0805624528474772 -0.0220191289923814 -0.719618865833906
-0.00505387482424731 -0.0335149113526536 -0.174643098063212 -0.676523973838528
0.00717507575383687 -0.0504240917765864 -0.294787720225723 -0.593988713719194
-0.0196304106187202 -0.0435670696852299 -0.256137791973637 -0.50888051718366
-0.0154880693490744 -0.0429002127874128 -0.12502256399837 -0.246123146871067
-0.0501800807358535 -0.0677500698870687 -0.0453822182807744 0.232348447251877
-0.0774269509889154 -0.0369940807314902 0.136120230696844 0.557420294225848
-0.0426002681938637 -0.0180276434770944 0.109519491937839 0.618250884728572
-0.012233689356069 -0.0729375709734736 -0.0535131037945457 0.784889600927182
-0.042364798215657 -0.107517351122555 -0.0672997692341568 0.876085434869668
-0.0657872680552194 -0.107605577309871 0.0298084675833035 0.677337677943032
-0.0555972085418546 -0.0802963044584157 0.098386100616585 0.305803190588477
-0.0376428090876136 -0.0747477129575767 0.117466003505388 -0.0598137060875424
-0.0363029387563116 -0.0590188680192234 0.0606589843904752 -0.41585258815058
-0.049214520642807 -0.0819961510527084 0.0117475470167562 -0.62255273452762
-0.0363921456467234 -0.0916060513300849 -0.0954007668288035 -0.703492559060672
0.0188251433589899 -0.0478062628901542 -0.244589181276155 -0.637927470245522
0.0343731227596756 -0.0281890652387436 -0.343316055159873 -0.551150403294538
-0.0350587673398396 -0.00867373053595859 -0.280455379740615 -0.468723834662909
-0.0578251876583326 -0.0543907377166025 -0.126808695368063 -0.214570034930456
-0.086344258999703 -0.081825808070601 -0.0382614105043218 0.270214159048854
-0.112995675290869 -0.000665142549070852 0.113403190654203 0.58570576910168
-0.0255154748792861 0.0291253042947154 0.0546899172349432 0.647808743681333
0.0300192875036765 -0.06510011370879 -0.111271103689518 0.796109419329784
-0.0414836399744587 -0.121162010315125 -0.121035674767089 0.860666111950472
-0.0897083505035643 -0.0957253370537744 -0.011587772232695 0.642620159556272
-0.083043981813833 -0.0440546778484232 0.080034274158557 0.270613124950186
-0.0655834846054354 -0.037305703179674 0.103777128558858 -0.0875891386492967
-0.0634281189848648 -0.0198518257210592 0.0344979031254294 -0.442099744506895
-0.0763862601780063 -0.0585635284729045 -0.0361001373856415 -0.633617100105229
-0.0473521830870695 -0.0915966193636521 -0.15441427432929 -0.692314941681192
0.0482344585340558 -0.0526061794898538 -0.293411704131306 -0.608843191514599
0.064533934685309 0.00274782389470484 -0.372395560865934 -0.516174189620939
-0.0499719109728507 0.0280993703571096 -0.292920648317158 -0.436696640243834
-0.0920032796440967 -0.0603554249918192 -0.117769236709622 -0.184113396460463
-0.11098316447589 -0.0729438325103942 -0.021824392313779 0.305543484960741
-0.127657426590342 0.045170039064708 0.104325612778614 0.605084627152964
-0.00230056424353005 0.0686474518478369 0.0233241561495771 0.670223999146485
0.0510907276315001 -0.0551013463769398 -0.131280389316857 0.796150057167058
-0.0567537575368248 -0.110000490170339 -0.146007531464203 0.827275665016947
-0.114464645596757 -0.0620314765216514 -0.0456013704177701 0.607047083137262
-0.103202453804087 0.00412179383056515 0.055047046446936 0.247683665480173
-0.0846115024446965 0.00996694591113034 0.0826361777770674 -0.0992677973016466
-0.0797712290448204 0.0254165323651011 0.00669154670182153 -0.449000569836523
-0.0898667236525777 -0.031600964311135 -0.0779291566605779 -0.640827960812824
-0.0442356611694783 -0.0843450447013364 -0.197298161344004 -0.69442041493787
0.0842149957972948 -0.0439252028267672 -0.312584045374768 -0.601880329484376
0.0904088162005101 0.0396023546963904 -0.375533905747486 -0.495119077558398
-0.064772608693577 0.0617501551967538 -0.293091954757793 -0.412163273785164
-0.114986346430179 -0.0628777287187186 -0.099926367878238 -0.158252851586174
0.120356273743831 0.0649281096554149 0.00801635089864034 0.175218452900146
0.0447433522852612 -0.0908484311206034 0.234184057145239 0.441008809547217
-0.104865558279869 -0.059948943223006 0.374164662936465 0.498920680749093
-0.134523522091408 0.0616698149265773 0.338699464321102 0.593055344843768
-0.0145718526248078 0.112018515555203 0.248300247721085 0.689723651410386
0.0365875885863372 0.0289342854750605 0.16281861894013 0.655937441924805
0.0577033219284902 -0.014897453288518 0.0818660855433282 0.439147679902365
0.0631438632030917 -0.0194246840144417 0.049248928906628 0.154003100747446
0.0892344243810801 -0.00262805025229542 0.0265765291171833 -0.220232765433887
0.0665452691966745 0.0305940949066041 0.11835499334349 -0.514213761697873
0.00120900599745421 0.0868209687703473 0.171990393069936 -0.762090462637784
-0.0931073786420332 0.0701841675247129 0.110946199486803 -0.776064080769589
-0.0348478150383616 -0.0766273982265777 -0.0433486767655698 -0.67462374760424
0.0648153390848623 -0.0494293581005208 -0.111491544714471 -0.588827448514902
0.101068174541855 0.0747730608517674 -0.0298813338297297 -0.282587516664568
0.102922201391495 0.0522258753445615 -0.0160143980490343 0.167047797264352
0.0496996706153309 -0.0985656968601975 0.219539939702891 0.44441501449568
-0.101864285365644 -0.0905995469099707 0.340413898867518 0.508437227456262
-0.151743017566535 0.0229758747992405 0.299007611679186 0.633331742742822
-0.0387689961513257 0.0806745600597619 0.231214460315055 0.737406188764456
0.0198615859651334 -0.00209159471259013 0.170805661734259 0.675449087799308
0.0463941924088562 -0.0537868885434739 0.10250431497898 0.427320301952552
0.0590866154011634 -0.061452663519991 0.076193918486552 0.126511176234685
0.0845393943870022 -0.049542127258639 0.0539635348932054 -0.242340008426402
0.0700693470687931 -0.02175317815696 0.128865140890192 -0.51975544530996
0.0195202263872743 0.0368333033085554 0.152123531150974 -0.743634335117204
-0.0722104692741555 0.0506149901744962 0.0600385373118781 -0.75841828074169
-0.040507240410845 -0.0817073672222744 -0.0913414539537071 -0.677240412766221
0.0454207060004589 -0.0734581362122379 -0.138541373210359 -0.593108382436225
0.0919519200208201 0.0396061450483365 -0.0571092962126916 -0.29559683556744
0.0713971171905285 0.0315605064077776 -0.0312376181751356 0.16613748657028
0.0398022252767597 -0.0892509209669483 0.202828042808119 0.459700799697322
-0.0865370513681932 -0.101128779867618 0.295762189993636 0.528083827630071
-0.143848869385541 -0.0208421893866669 0.225132803152701 0.679708395940051
-0.0577818695024114 0.0333223122074183 0.184084780990483 0.790308912822637
-0.00300336310292369 -0.0363781732520429 0.160062286661814 0.692005257901979
0.0266073645384618 -0.0826903678333759 0.114685847413996 0.406606457941801
0.0429231026576442 -0.0903951228346444 0.0975622104597403 0.0841538626494125
0.0636281757997575 -0.081961595761317 0.0731833145610503 -0.281119413353653
0.0545198012227775 -0.0653198741542972 0.122579705541637 -0.545069223375441
0.0212138954490002 -0.0138621589829272 0.109350991833398 -0.735460225819434
-0.046752653996493 0.0207114563309093 -0.0121814038443186 -0.737934059144229
-0.0337913682468335 -0.0764356616262906 -0.158769778505226 -0.661828119328667
0.0206897890016744 -0.0796223172939396 -0.179352224617132 -0.57546494097092
0.0653476201711091 0.00404003273093886 -0.087735167070861 -0.290533121376635
0.0312388943303318 0.00029911808031116 -0.0402584009205218 0.17628754254798
0.0105343536417185 -0.0752249225930955 0.187915756289862 0.485300348381101
-0.0685318802485996 -0.0905853900726076 0.240090454066225 0.553692330983639
-0.111749037039288 -0.0553272700942954 0.133676356049563 0.723263388221142
-0.0627573694867945 -0.0223795297056609 0.103681726087928 0.838323228246455
-0.0256297586416887 -0.0695558103074012 0.125763376378888 0.701348822671207
0.00162257828394801 -0.0983578479090779 0.117597812715062 0.375305485070238
0.0192977731491979 -0.103001864915846 0.112872361523155 0.0335751424030781
0.032412677976225 -0.0931656311572168 0.0803682076021411 -0.327947137753988
0.0236617285077546 -0.0890517533938213 0.097007794096519 -0.573680421221233
0.00691523138269241 -0.0548086142293696 0.0434831800824641 -0.726074275596221
-0.0253931555088426 -0.00923694212490348 -0.0959625044336278 -0.705851278798051
-0.0164666591400145 -0.0659768073577117 -0.228346275807332 -0.62942144748842
-0.00142804548404711 -0.0672360694168184 -0.219468130447634 -0.543096402406704
0.0275189836579427 -0.0232728775343123 -0.111466047974684 -0.271495008187406
-0.0101400231775561 -0.0354210013702353 -0.0439429104415359 0.198054451278864
-0.0319204467065302 -0.0585684564292672 0.163967117128145 0.51892286900109
-0.054939669350494 -0.0605115926738433 0.177375166244701 0.582752610362289
-0.0638925604375399 -0.0716107907900764 0.0378476672946683 0.755658496600479
-0.0528336710451026 -0.0717399174883791 0.0171638353309412 0.864192549014582
-0.0452864882998191 -0.095829342747362 0.0791638715366564 0.694713329975498
-0.0261823936520958 -0.0978675562472138 0.110240326125775 0.340097848409071
-0.00951829513857946 -0.0977319217707102 0.119118821290693 -0.0160888743124238
-0.00216877381577611 -0.0852344631176284 0.0745071624420938 -0.37341047525287
-0.0138467268977066 -0.0919881204823633 0.0589583405257187 -0.599925487721373
-0.0160613719033922 -0.0795987871751744 -0.0277362701233939 -0.715350385545782
-0.00633345063535561 -0.0329798556909361 -0.177399141052005 -0.669465663590518
0.00650065945914999 -0.0504871429505848 -0.294619103588105 -0.588641895426147
-0.0195393095226479 -0.0421103184747281 -0.255466002618417 -0.505204641379197
-0.0157754956195092 -0.0418470941911577 -0.125252279288713 -0.243183393110503
-0.0503203140185262 -0.0659851041774032 -0.042465262089145 0.231008076816046
-0.0769979620677817 -0.0363839170712997 0.137403232153464 0.553496936558146
-0.0423665155664773 -0.0185591930330456 0.110451995369429 0.61535980834126
-0.0121664381057741 -0.0727774954527848 -0.0504542265778459 0.7784832858932
-0.0427571040873843 -0.10748337122491 -0.0629739176423654 0.870892014908441
-0.0654102757915597 -0.106346007643211 0.0314729997084912 0.6717112262107
-0.054187692044008 -0.0795814000759847 0.0989259345362214 0.300946193364602
-0.0381381772983627 -0.0748153123825957 0.116067844337396 -0.0598859266243714
-0.0362573744297297 -0.0583648525837966 0.0576491852072538 -0.412786544316335
-0.049361442942028 -0.0806338208888332 0.00825975734464684 -0.61795721741012
-0.0368096300864502 -0.0903050070599801 -0.0994210537554765 -0.69888277558929
0.0170092057595451 -0.0471760995859544 -0.247182660369266 -0.632031720900853
0.0337252612488358 -0.0275232223153492 -0.342330344464878 -0.545311300555595
-0.0355478222872664 -0.00901364048647368 -0.279351730844812 -0.465753398228962
-0.0574705308364291 -0.0525543425503565 -0.127487016625978 -0.212169104373087
-0.0852976195421414 -0.0809340778800822 -0.0356584077832732 0.26863282920523
-0.111919246861961 -0.00133747525820507 0.116576944623478 0.581027553559632
-0.0259723294408317 0.0284550398780011 0.0563022570355754 0.644379248057333
0.030007189187805 -0.0644744875232471 -0.107829711486242 0.787636393909302
-0.0416239660542318 -0.119934655663673 -0.117288586643829 0.854505018678717
-0.0886857780366697 -0.0944808494839689 -0.00774777402142954 0.637795234797905
-0.0804141590849451 -0.0437342652966263 0.081120619092763 0.266719613311529
-0.0649807415191474 -0.0365945550537968 0.102610762136464 -0.0882177873129685
-0.0624630388971471 -0.0195184394051882 0.0326444566886269 -0.435913751791731
-0.0759029157848861 -0.0583041885803755 -0.039271850234958 -0.627324150760219
-0.0475469902914462 -0.0905506720374263 -0.158660978044682 -0.687890255573125
0.0467860079715839 -0.0520064902159709 -0.2943570595852 -0.602152968728944
0.0642706600038028 0.00186492980888463 -0.372907119943074 -0.5114003784283
-0.0496449128751337 0.0289157170516725 -0.292736872279106 -0.432057863724135
-0.0915872324719079 -0.0591708363444077 -0.118131244185793 -0.181850986580762
-0.109210192042325 -0.0719015070266556 -0.0195874997074636 0.30342837335105
-0.126066532933413 0.0451061850382543 0.105706327950975 0.601173932119701
-0.00240684303719362 0.0680265315128318 0.0286548839219672 0.667083966692412
0.0507280815134796 -0.0545298214339916 -0.125471003032404 0.78910282908288
-0.0565591660362508 -0.108514344908003 -0.139350848919044 0.823826150570223
-0.112908463571613 -0.0605083155614366 -0.0414965916500056 0.603365745907455
-0.101171052194849 0.00497338388789283 0.0562043823755296 0.244280293557903
-0.0844681440182147 0.0110649420540508 0.0831076328532708 -0.0983458158889566
-0.0781523527042607 0.0254698790472423 0.00342943429427698 -0.446010865618968
-0.0896687207498523 -0.0304583901503579 -0.0801014832768735 -0.635117747599937
-0.044368323495648 -0.0829416850684734 -0.20062071892054 -0.686887907743318
0.0829597526294202 -0.0444259345070152 -0.314470264164552 -0.595348662341588
0.0901667192038768 0.0398047832902108 -0.37551765804487 -0.490110944161188
-0.0645059875270777 0.0617777441478953 -0.292079235952382 -0.408139748180703
-0.114001180842433 -0.0614213477040042 -0.0995721406875407 -0.15627847919928
0.120369443707073 0.0648966678512083 0.00961353945675904 0.172845711522285
0.0437919959726309 -0.0903322375488746 0.234282727066207 0.437428697138324
-0.103568937721054 -0.0585226478414705 0.372077709898209 0.495351383968622
-0.133974061869601 0.0617790727576559 0.339160025335615 0.58931122924505
-0.0143822657793024 0.110587467124595 0.247584493024787 0.685822822918066
0.0359838184643841 0.0278834111248317 0.163267754441036 0.650505989577499
0.0576778840159334 -0.01464724153581 0.0821499189491687 0.435369479239137
0.0628119092936693 -0.0200953639901685 0.049165750457766 0.153249972938979
0.0880673835021483 -0.00386676533792269 0.0250379632552442 -0.216946007044008
0.0661093793588496 0.0301150550002855 0.115720240755649 -0.509922281977531
0.00144226843574173 0.0867131625294935 0.168865363580465 -0.756028086164445
-0.091547853833094 0.0702498275930764 0.106802278184008 -0.771754734835838
-0.035319942340206 -0.0758856657981294 -0.0428388864018737 -0.669820643511003
0.064200344423165 -0.0478466770318026 -0.112874669226845 -0.58679696737497
0.100434581894547 0.0739036105330837 -0.0315348023013627 -0.279566354437741
0.102875934184585 0.0518952408379118 -0.0137568617587813 0.16488067783552
0.0496893671534697 -0.0967814202447591 0.219846540874042 0.4407150166361
-0.10031471567142 -0.0888295809042143 0.339742047609114 0.505471954809357
-0.150552696050869 0.0230564128807454 0.296787322021298 0.630168881689293
-0.0380202679905559 0.0794641414992106 0.231766084250835 0.731199021910372
0.0199300080053403 -0.00291620505708174 0.17269529704486 0.667630396537396
0.0470416824013876 -0.0537985158742243 0.104344641741807 0.423833817862424
0.0583263364784616 -0.0613283357610914 0.0764552417870654 0.125662967974938
0.0834144913975982 -0.0500153254950982 0.0522882659686117 -0.240383313329315
0.06871812098575 -0.0223757300221662 0.126163488346163 -0.517502980566454
0.0186130202758118 0.0374856950593241 0.149368729476253 -0.738836278786801
-0.0710645989422203 0.0497495266705493 0.0552778597693587 -0.755120651276777
-0.0410134517423893 -0.0805250723503714 -0.092966366483991 -0.67165576532024
0.0442763369378919 -0.0724153712179444 -0.14001437504038 -0.588740151352037
0.0912494825657839 0.0391654007128733 -0.0582272067876747 -0.293137740293065
0.0715095056587932 0.030839877943462 -0.0302606664504135 0.165213453783018
0.0396012983679136 -0.0881089923585441 0.20385190927011 0.456010273390182
-0.0858533497500769 -0.100489453671056 0.295847015418978 0.524674077072697
-0.143308575146687 -0.0206502487694673 0.226081992629831 0.676345359837324
-0.0565401645686907 0.0322972092121972 0.183338089698066 0.78587254191909
-0.002630099416352 -0.0363413204961442 0.161177077934069 0.685956127663367
0.026818849801397 -0.0821655097837833 0.114359270550691 0.402484783526663
0.0415090153779036 -0.0905336319417651 0.0976572536733239 0.0832777884304611
0.0636197083894703 -0.081775145876148 0.0710186552705294 -0.278606977330403
0.0536946985770718 -0.0639117123584467 0.119019488644017 -0.539033697686418
0.0201554846830331 -0.0142712788665489 0.104682727205219 -0.729356698138265
-0.0456986056677298 0.0218761519857984 -0.0157163195065859 -0.732342034238577
-0.0334684305922625 -0.0751494388028814 -0.158898442546855 -0.65606503697844
0.0193481016450792 -0.0778156136125443 -0.17870309083037 -0.572190079390501
0.0646412670584871 0.00413015522861474 -0.0889698767021763 -0.287294847528985
0.0312126044219734 0.0012745809236087 -0.0385279323748704 0.174827522353407
0.0114121957358325 -0.0745029505757915 0.187929722264984 0.482160555222887
-0.068120046223471 -0.0898704057830414 0.239625018458844 0.549476315153542
-0.111159537058782 -0.0551881307752478 0.134269178399089 0.719780093528217
-0.0616572717059922 -0.0224545371539702 0.105713598449291 0.833655055535206
-0.0246672715388231 -0.0695464921032834 0.127109574410435 0.695363362311881
0.00197534371236129 -0.0973678573756262 0.117046313477985 0.372737613679128
0.0186813014655193 -0.102618163447158 0.112389611074104 0.0340437958762179
0.0322948068331267 -0.0931374400630899 0.0777828652146823 -0.325532167299839
0.0224658115718287 -0.087567172397231 0.0936543038694161 -0.568912067939816
0.00613432135362454 -0.0543440772917605 0.0420530137739305 -0.72116233214389
-0.0247464225940231 -0.00844055642261414 -0.0980287349224921 -0.702010890170537
-0.017324950686278 -0.0658056761423424 -0.228769249720219 -0.624811185322775
-0.00212965890291982 -0.0661464207409912 -0.219796792431394 -0.540211101396755
0.0276178960941592 -0.0221112709550574 -0.110613334779924 -0.269088310967754
-0.0100206222752751 -0.034446310511278 -0.0422201272796594 0.196383741954586
-0.0309751619418622 -0.0574180633121187 0.166564137312407 0.515795980775995
-0.0549201648073853 -0.0604488994490095 0.178200797514851 0.578731412634907
-0.0638556880054551 -0.071286515467675 0.0382597679456197 0.751292953909982
-0.0530963188001634 -0.0708183888413659 0.0197733487972789 0.85965455669821
-0.0448153499362188 -0.0949094270350195 0.0803117870873662 0.688810431402736
-0.0252410068843802 -0.096464184367484 0.110716037165712 0.336141171388463
-0.0095529480609736 -0.096275989718674 0.118950700656206 -0.0163060930672712
-0.00201159540091051 -0.0841778856152411 0.0730016782207889 -0.370607557396992
-0.0142822051217731 -0.0912880399099946 0.0556282112677097 -0.595761256448459
-0.0171797980968486 -0.0781736861634908 -0.0306757340795191 -0.709434138222058
-0.00586258400502379 -0.0322514741169506 -0.179762283274701 -0.663373774255115
0.0057294475086059 -0.0498099928656763 -0.295070169912755 -0.583835630560201
-0.020066646680356 -0.0412342082103896 -0.2550816162256 -0.501042651419439
-0.0150318536869758 -0.0414597960881004 -0.125564367881087 -0.240847248492874
-0.0493436797756308 -0.0647695849129468 -0.0407842930460157 0.228495425100955
-0.0756917709122308 -0.0353143879043859 0.140007447941937 0.548581680966147
-0.0424760689397766 -0.0190202214430889 0.110589140425364 0.610718076131378
-0.0120916098954442 -0.0715064719207125 -0.0466856709602623 0.773934490201363
-0.0426882643624486 -0.106012722567958 -0.0599815441942739 0.863951849870498
-0.0653596427270065 -0.105051305344493 0.034004190376984 0.665576771978973
-0.05286148468888 -0.078787379980202 0.0997659187003283 0.297563196066193
-0.0381575619731707 -0.0735202775557729 0.115191401722172 -0.0592069266113424
-0.0354842920792786 -0.0586683159398051 0.0551321560041632 -0.408187385597438
-0.0486414675138556 -0.0787830960661021 0.00649558237859867 -0.612360287894635
-0.0375276604550286 -0.0886429411885959 -0.101485595094448 -0.692257518000311
0.0165284373219018 -0.0475417869860479 -0.247590711120819 -0.625696718761951
0.0335612812243326 -0.02747323777861 -0.343649593311897 -0.542143273832368
-0.0343775033747483 -0.00748621824516914 -0.279217383971518 -0.461349270918607
-0.0565351609757424 -0.0516918020722484 -0.127445005375094 -0.209642245305543
-0.0835735950227242 -0.0780280232905822 -0.0336811461021052 0.265977396334129
-0.110551492107345 -0.000613842544791278 0.116672491652735 0.57714490779633
-0.0250780299596752 0.027535593141864 0.0572656089659941 0.640313579407566
0.0285182183030479 -0.0637392964797829 -0.102928147356853 0.786049292447259
-0.0425058990195002 -0.118601597002074 -0.110788514128549 0.847799823586446
-0.0881483284580064 -0.0944324140528233 -0.00661106208219963 0.633111341380529
-0.0794074467088319 -0.0429712829241259 0.0805267388965611 0.262897530375113
-0.0644020614599343 -0.0358900819980696 0.101817132163888 -0.0869367212331567
-0.0614477853601483 -0.0193816495958399 0.0295264472449304 -0.433920870198315
-0.0752402823685286 -0.0571895491892881 -0.0424677018774937 -0.622521027810784
-0.0482306382858022 -0.0893395359920669 -0.159260078962644 -0.682022117414896
0.0467904166910558 -0.051664823933835 -0.295585864073177 -0.598360985112236
0.0625652173165493 0.00183701098255372 -0.371582869260214 -0.505625806044276
-0.0491638954346835 0.0291478693683417 -0.290884173779868 -0.428448051192163
-0.0906869491537509 -0.0578003887340297 -0.118171149840875 -0.180970375253522
-0.108060147874478 -0.0695473563542978 -0.0171766016509352 0.301166264595758
-0.123658309357099 0.0451680722717314 0.109120749253492 0.596123853179283
-0.00311832091265524 0.0661116380948243 0.028422958318425 0.66192381951808
0.0498292986184232 -0.0541748395275776 -0.124373321412553 0.785506850147772
-0.0568917203371226 -0.107059311765688 -0.1375256123802 0.817850440183707
-0.11169935855761 -0.0598745446973912 -0.0399386469722773 0.598012377697832
-0.0996056377340269 0.00523949234041332 0.0565390094989391 0.241876390431687
-0.0830514543634777 0.0104273745497723 0.0813918103416494 -0.0973164157298857
-0.0761674588440024 0.0252844184993679 -0.000513711672951465 -0.441055126582654
-0.089059125096224 -0.0292240159598698 -0.08131300805444 -0.628658566058616
-0.0446730420143669 -0.0815410916897266 -0.20075046633924 -0.682336416693845
0.0831218641524981 -0.0432237049118699 -0.316321317571745 -0.590620957411039
0.0884905969587963 0.0379202733029294 -0.37487797069602 -0.484879404385125
-0.0641511251477733 0.0623009440516224 -0.292333756034612 -0.405509932024449
-0.112952525079878 -0.0598163837690177 -0.0992785709655344 -0.153767111274908
0.119328245731061 0.0644202986337873 0.00991462740119098 0.171392926712347
0.0434000288027323 -0.0890767494876324 0.233741754998863 0.434582567656435
-0.103072075057341 -0.0578511593031175 0.371185407381083 0.492291675472863
-0.132351182635088 0.0615564227954615 0.337810239143236 0.584553981187924
-0.0138670266154748 0.10922094665724 0.246636897089871 0.680027899606603
0.0361549464630344 0.0273544461790631 0.163706586977014 0.644826140459939
0.0574670239239587 -0.0147617358642976 0.082923453359502 0.43030263160466
0.0611027601224576 -0.0201232272097128 0.0502725011002362 0.151810377799719
0.0876762936091769 -0.00499425942472794 0.0245685893812074 -0.214813991918155
0.0650725756995702 0.0300967532362169 0.113895239640729 -0.506128148929012
0.00151613498771472 0.0864169275588546 0.16594693255216 -0.750657333645492
-0.0906190874447777 0.0705053970434475 0.103990627794694 -0.766620485663935
-0.0344439838578917 -0.0747349717297073 -0.0430342023862864 -0.666313658934241
0.0627982742067882 -0.0460478636934028 -0.113458988575599 -0.583138191534602
0.0994446183915225 0.0731091693902851 -0.0318467640408018 -0.277748089131898
0.102455361519366 0.0515651927109521 -0.0121085900495784 0.163437045978791
0.0487542186958275 -0.0952598225377282 0.220499546942093 0.438032265987561
-0.100241033661438 -0.088659060072166 0.337907143262955 0.504137774372953
-0.149409148694713 0.0233091105186828 0.295136579188588 0.625663968770852
-0.0372239479790134 0.0786034934321319 0.229788756095026 0.72600793072278
0.020156932730501 -0.00300760711666374 0.174017515530085 0.66289383149206
0.046464140092448 -0.0533268782554391 0.103179929968526 0.41984026910697
0.0570568098933034 -0.061711745064347 0.0762580336541736 0.12394301846835
0.0833453987432342 -0.0509469391760568 0.0512386754070909 -0.237476509171059
0.0684572416174827 -0.0224657098177861 0.125437670237148 -0.513552236635506
0.0184382182519253 0.0366988348833046 0.146183978650395 -0.734860634243435
-0.0698571640046881 0.0496800929949624 0.053186356510088 -0.748283387832673
-0.0410991026499063 -0.0796007080673461 -0.0921243811348325 -0.667962589462221
0.0431403487959913 -0.0702368031675704 -0.138513572137424 -0.584975875379706
0.0906922758072869 0.0391199538720154 -0.0592804434660765 -0.290428145121857
0.0706713201013674 0.0310052791217128 -0.0277414819686852 0.164279618193403
0.0391840845269387 -0.0871533430999238 0.204738887573109 0.452666314251034
-0.0851957172485244 -0.0996187731582236 0.292521842141768 0.520780071036772
-0.141908885770951 -0.020700753833569 0.225256512213171 0.672294517978942
-0.0561409031071263 0.0318332452337871 0.183844444256492 0.781450672537332
-0.00263593981353785 -0.0363612325586143 0.161784676430153 0.679934061947275
0.0269619858825495 -0.0816000094386481 0.114837385010559 0.3973535020504
0.0413400470416264 -0.0904974098491251 0.0975950839871038 0.083358102390242
0.0624550222157068 -0.0820432683661405 0.0698052199834926 -0.275634250501353
0.0529658464509505 -0.0636752714052734 0.116815883895126 -0.535449221829076
0.0197492292178295 -0.013580796473471 0.101582024997645 -0.724251985317208
-0.0449570984428383 0.0214805885199162 -0.0167990342005946 -0.7273824235883
-0.0344220820932563 -0.0753303084883519 -0.159025063317682 -0.650226190103275
0.018658545839562 -0.0758381890250318 -0.178017646345387 -0.567434874382162
0.0641839761548425 0.00490800995008114 -0.0883277058558028 -0.285471649435227
0.0310694377452458 0.00123265636159199 -0.0360776065263895 0.174729267624097
0.0105460331407884 -0.0727461188231668 0.190268572817398 0.478586779616629
-0.067667817192163 -0.0887369724090162 0.237372447806571 0.546210772676548
-0.110232590919875 -0.0540591826360476 0.135125405871201 0.713407755238697
-0.0614507264254364 -0.0231931353831988 0.10514980957183 0.826970593314323
-0.0246380510964291 -0.0698976255966835 0.126621155085864 0.690485264512422
0.00259203372359 -0.0960547483428125 0.116244947399997 0.367476547310011
0.0177937329752898 -0.102392349050354 0.11165309808886 0.0330949244069216
0.0317715585830947 -0.092819593632213 0.0767695586580155 -0.321516181274007
0.0228671913866446 -0.0869727376689764 0.0918787140779739 -0.564813939185262
0.00534179718276347 -0.0533328680004376 0.0397194981969432 -0.717097400687421
-0.0243324108178805 -0.00874711974044624 -0.100872912611492 -0.698555760924101
-0.0174438754709333 -0.0645000636537789 -0.228023213561389 -0.618699891122345
-0.00225150635945945 -0.0651730546352059 -0.219310531543025 -0.53620357223245
0.0269035141204431 -0.0218323868292406 -0.1121006125771 -0.265856298062658
-0.0089369046893582 -0.033697398351637 -0.0404049940816448 0.195329292562641
-0.0309791146373342 -0.0571071697650951 0.165955325089674 0.512361862553036
-0.0543639970569095 -0.060787093071121 0.178376979569673 0.575838090669149
-0.0629793666799661 -0.0703342342773149 0.0394948948777204 0.746652077272677
-0.0532152077344405 -0.0710066470479052 0.0218738919066718 0.853692243896074
-0.0447821348947684 -0.0944409235474075 0.0815656919168368 0.683867260648097
-0.0243061528380586 -0.0955244809447569 0.109929959110974 0.331555023998536
-0.00956607179218323 -0.0962747375919232 0.117577822333128 -0.0155844547104267
-0.00257317965550962 -0.0836987050551305 0.0702233697280345 -0.367108151188146
-0.0132808595294518 -0.0902905025181253 0.0531631551710936 -0.591772003580975
-0.0166194806684494 -0.0767936928927085 -0.0321604077029452 -0.706507017629076
-0.00654445943254488 -0.0322125413793301 -0.178850284950832 -0.659689815593145
0.00573570199001711 -0.0495603885801242 -0.294065727518123 -0.580934897634331
-0.0200712250919672 -0.0406036817165681 -0.25408136034246 -0.498280144224435
-0.015200253505382 -0.0396491590625933 -0.125157877223106 -0.238011217733483
-0.0483161141176269 -0.064027887154884 -0.038888821232521 0.228130078749202
-0.0747668643607473 -0.0348240155467271 0.139885810642757 0.545287202870609
-0.0417902615413121 -0.0196890591068109 0.110997137788898 0.6076554223602
-0.0131262956694915 -0.0718281707481057 -0.046790812525542 0.769705101151683
-0.0419223979470104 -0.104816599755541 -0.0585160124947817 0.860331355941966
-0.0638267842629731 -0.104695561480487 0.034794057603659 0.660626202601783
-0.0518375372135815 -0.0775386452041858 0.0979854246453788 0.293556914569815
-0.0381490868972204 -0.0735105828517188 0.114484493305718 -0.0583941011726708
-0.0348859539610454 -0.0586596294074926 0.05211830401967 -0.404123945506246
-0.0484805645700702 -0.0780468742116954 0.00382644561229272 -0.60710030445582
-0.0373025350373214 -0.087793238964535 -0.103304945903965 -0.688347875331693
0.0166367420899611 -0.04563609983555 -0.24739176814343 -0.623028277349718
0.0325747190422227 -0.0279601688810317 -0.342615126323288 -0.535562766362672
-0.034874951508203 -0.00708778747572935 -0.277036382668284 -0.458929509374493
-0.0558424820271095 -0.0504045322789357 -0.126610712069726 -0.207664725068357
-0.0825347106798324 -0.0774611510297576 -0.0312962552567033 0.265543945757808
-0.110210205291827 -0.000400115109107566 0.118344459208771 0.573017089441323
-0.0255673784803025 0.026170934613205 0.0576760285493504 0.637220417809798
0.027543654796615 -0.0644471102031508 -0.101502193481874 0.780722718641912
-0.0419206418003076 -0.117909142636649 -0.110363006480226 0.843371440516866
-0.0864969360227195 -0.0929072237019266 -0.00475343957177249 0.627355064341024
-0.0777176732056096 -0.0421627621199344 0.0797454785861184 0.26036632818024
-0.0644084779399153 -0.0357288841790964 0.101741843767891 -0.0872698009642893
-0.0600439077886832 -0.0191713956665123 0.028066225762259 -0.428437813068084
-0.0740702045770568 -0.0558539139591752 -0.0419656958327696 -0.618710625642379
-0.0484429116958971 -0.0871433663353385 -0.160884238307963 -0.675590831724029
0.0468635816557698 -0.051475301287543 -0.295273444625386 -0.592127769314141
0.0614227199239197 0.00167510685412506 -0.369845147461364 -0.503781136981237
-0.0489758094017026 0.0289423736264519 -0.288933884769153 -0.426672325552216
-0.0899595124088654 -0.0566605573622974 -0.117859943510701 -0.178398845516261
-0.106032318924171 -0.0686184234068059 -0.0160307959591314 0.299189739708449
-0.12335323668051 0.0456434581855471 0.110127755494566 0.593750008845579
-0.00340059807806096 0.0651618207783009 0.0288322696830944 0.6594603958478
0.0482998864855865 -0.0540249490658047 -0.121225087798114 0.781116955166892
-0.0565456612427696 -0.106225677993435 -0.134224070221886 0.812499301434619
-0.110437345102403 -0.0593609226111831 -0.0387006901452025 0.593188679176694
-0.0975965018860227 0.00565964280652042 0.0563451199401951 0.238588782467205
-0.0821862775381525 0.0101408279586329 0.081293139014017 -0.0965931839772047
-0.0757720493837245 0.0252230885412515 0.000462181056477231 -0.437505180773744
-0.0875524167721277 -0.0279721408439375 -0.0817458737492807 -0.623322876485889
-0.044646732757861 -0.0799006170180251 -0.200339275161934 -0.679542278389532
0.081749133629898 -0.043303202117546 -0.313777773265906 -0.586278919919371
0.0874032301932103 0.0378978341973283 -0.371178263422357 -0.48258915666606
-0.0634977191707746 0.0614910653700936 -0.290799126528012 -0.402833486694044
-0.110896488959043 -0.0587013411437189 -0.0993890366447186 -0.152947967920057
0.119597386606285 0.0641689396632748 0.0116208942480513 0.171267500687058
0.0434791970449974 -0.0874849892833017 0.233676009665682 0.43364828372632
-0.10183567518174 -0.0577784911208646 0.368290403807531 0.489567081365213
-0.131050371509626 0.0616101815476366 0.336807818608584 0.582490138049553
-0.013472136846572 0.108536038378317 0.24525177800314 0.677537746192534
0.0360085489163484 0.0266284995878308 0.16388539728152 0.642979600971459
0.0576177588355898 -0.0143619452611503 0.082915017727179 0.427993077601715
0.0604027343010736 -0.0203632078840827 0.0500664501593699 0.151497991394913
0.0869460140373682 -0.00491908612209412 0.0240195877126858 -0.213393585801358
0.0643309207536858 0.0286066666050988 0.113717844841978 -0.502756090699195
0.00127182681959523 0.086469424918204 0.163557929050115 -0.747845514460071
-0.0893809332610802 0.0700886098530721 0.102392931389588 -0.762222675941386
-0.0350196306535719 -0.0737409598495056 -0.0427301225843534 -0.663043365377869
0.062454288171495 -0.0444534955815498 -0.111122940923526 -0.580673331553077
0.098946214742941 0.0734329558706531 -0.0326565211640326 -0.275778469292225
0.102136459338049 0.0517518311261924 -0.0110434449712976 0.162748154101517
0.0490327875702268 -0.0940968288425019 0.220361199560137 0.43556988727925
-0.0996694734780975 -0.0872886009513644 0.336535349179065 0.500199953165213
-0.148595616854224 0.0223027556342093 0.295324695865391 0.622428639866488
-0.0375427024417175 0.0777849056221998 0.230401705193239 0.723005468157299
0.0198722771839579 -0.00454540827444725 0.172717530303656 0.659641881871358
0.0463468531114526 -0.0526535867305171 0.103060697738859 0.415611454094858
0.0564576349867205 -0.0621747447815136 0.0760303372522053 0.123819521450166
0.0812757682099075 -0.0505515490058745 0.0504312354177134 -0.234805416094913
0.068255791351524 -0.0218345029127318 0.124182758161059 -0.510336631233593
0.0181705203787592 0.0361513053697463 0.143216666354138 -0.729965301159177
-0.069902742635438 0.0496068723386372 0.0536830859633733 -0.74494108138492
-0.0426698062820452 -0.0787366111973255 -0.0915579993254612 -0.66438056738058
0.0435160770524421 -0.0685111648674824 -0.138657111771016 -0.582276305816351
0.089803149201514 0.038819737611029 -0.0589357000689857 -0.288477006891953
0.0711234260717056 0.0313835313471068 -0.0269288773576584 0.162832442979965
0.0390161709353149 -0.0862822878350342 0.20477147737868 0.451307691173442
-0.0846566717997584 -0.0999401585826308 0.292220122405576 0.521630463870476
-0.140771540266376 -0.0205624908429346 0.224055867256988 0.668358488315142
-0.0563656935426367 0.0311533316423541 0.18316221406263 0.778082489247509
-0.0019790606437714 -0.0375741381051295 0.159639613912678 0.677787757473025
0.0268656276632742 -0.0810761836109499 0.113474772180806 0.393597538737448
0.0410336893143766 -0.0904849768477013 0.0969990259815867 0.0822570449255691
0.0620588349895922 -0.0814578081897131 0.0689745265116491 -0.273326978964887
0.0520115082608415 -0.0636151740499084 0.116715517862066 -0.532956921311648
0.0192357991679739 -0.013880792060615 0.0996200272027588 -0.721816106500928
-0.0446907679826657 0.0221143747466629 -0.0181752992725296 -0.724190137401508
-0.0349002724562402 -0.0746698634431383 -0.158138101596017 -0.649290565966096
0.0183272303895075 -0.0744412734645059 -0.176890340812009 -0.565823435527609
0.0644615324819666 0.00537638976779685 -0.0886522018407936 -0.283698599212732
0.0321273264810315 0.00161435916367843 -0.0350567208310019 0.172699296640878
0.0105919745664086 -0.0722182346328825 0.190174911412669 0.477307333444725
-0.0670429505797814 -0.0890261306351785 0.237784182338832 0.544324235807057
-0.110869955143447 -0.0543155906743608 0.13494437554986 0.71105598006103
-0.0610233215634498 -0.0226468657598601 0.105785851080421 0.823213798915129
-0.0242911813992517 -0.0700265589163234 0.12688108113279 0.685762938742951
0.00289668950291656 -0.0962681571921333 0.116244051374376 0.365052918031161
0.0175136789202951 -0.102071379905543 0.111415990876868 0.0332317389611053
0.032126062443314 -0.0931916599487799 0.075865305556447 -0.319978746515998
0.0228765781730933 -0.0858990261093047 0.0911191078789511 -0.561834189211901
0.0047043752348968 -0.0528380955337855 0.0383240416557193 -0.713928256231945
-0.0236036564132523 -0.00820144535721573 -0.100348725381621 -0.694548882036836
-0.0176214777847869 -0.0642733860153145 -0.227557326625934 -0.617454703283204
-0.00236647575967936 -0.0634937440322919 -0.217959695040588 -0.534036600222869
0.0270864004083388 -0.0212795570426709 -0.111159440752069 -0.26434213275408
-0.00897767077318133 -0.032520985968934 -0.0386795594885385 0.194960615895921
-0.0300452283092297 -0.0560717867193748 0.166483893961041 0.509642112016499
-0.0544354497852592 -0.0605297253617688 0.176393229866786 0.574023886252619
-0.0635263537337878 -0.0710533664746841 0.0402908377110157 0.743086265975615
-0.0529190459532029 -0.0709027255511294 0.0217042822484727 0.849709815650705
-0.0434800471065405 -0.0948341355167632 0.0824758105072684 0.67986847326584
-0.0231978614114009 -0.0952792282550324 0.109918325136229 0.328155800373415
-0.00979488488443161 -0.0959392779399295 0.117170245027289 -0.0163416096720404
-0.00242547504809665 -0.0836056402245757 0.069315374162166 -0.364529299056518
-0.0137552122708063 -0.0891163436381655 0.0514078425395146 -0.586638612833698
-0.016775138774073 -0.0768443774024753 -0.0339891930923163 -0.700887877465155
-0.00607356929810262 -0.0314864441890027 -0.1792147318294 -0.653799772405273
0.00450135086792896 -0.0493203514252871 -0.292270856158683 -0.578285006563605
-0.020181742836796 -0.0389782189754058 -0.25406072518318 -0.495263428264147
-0.0154494409839004 -0.0391993460840478 -0.124343861065286 -0.236551610516837
-0.0480028509007347 -0.0626855081382985 -0.0375814008463515 0.227265964610658
-0.0747882413373149 -0.0347966601673922 0.140310576222673 0.543016596837363
-0.0418953792129127 -0.0194067158051795 0.110645700120053 0.60476233483976
-0.0132074019732727 -0.071350139840457 -0.0445474406873878 0.764530883986576
-0.0418243375453718 -0.104850810971514 -0.0564517243387036 0.854570308228593
-0.064059390611544 -0.104531595478864 0.0355254520096674 0.657800766567749
-0.0513279992858563 -0.0775136289276518 0.097668744594071 0.290606837929587
-0.0376567828791222 -0.0737913076059188 0.113183059123038 -0.0578456165614681
-0.0342722919329722 -0.0583088156025384 0.0524122354466752 -0.401950255098624
-0.048301697319726 -0.0784667273693932 0.00388730033174735 -0.604865068979808
-0.037386415294358 -0.0864317297343128 -0.104269794834239 -0.685895778002407
0.0167920062587479 -0.0460299332749448 -0.247317718255827 -0.618933626317907
0.0318089050394233 -0.0272263031207596 -0.339947630448644 -0.535040664450021
-0.035364697692048 -0.00641114296822189 -0.277448646547631 -0.457451796210413
-0.055090319465154 -0.0497438233794805 -0.126083076557896 -0.2069383422058
-0.0811991267137212 -0.0761922816574381 -0.0305660089123657 0.264313254618114
-0.108606690278495 0.000126695602628915 0.118986299801234 0.570224475392547
-0.0256333400157915 0.0261184425074301 0.0580803723499488 0.635121850344322
0.0265417316432646 -0.063406594075126 -0.100998336969615 0.77779027113518
-0.0418138731073672 -0.11691215634665 -0.109581707186205 0.838570530133196
-0.0860204204679474 -0.0929445901441102 -0.00419859112937822 0.624185745978611
-0.0762217713161498 -0.0423130934773524 0.0799366161304151 0.25753474372154
-0.06324165879193 -0.0358869576310846 0.10127748872611 -0.0864408553983665
-0.059853990889682 -0.0196136864623835 0.0264952865326727 -0.425339046083384
-0.0740007375247321 -0.0550931310492368 -0.0422626201656913 -0.615244529442641
-0.0479420176565563 -0.0864121431355521 -0.161580275564278 -0.673276776196397
0.0461105268209319 -0.0510674926510575 -0.2956326739572 -0.591524754321205
0.0602663210800234 0.00182593847124123 -0.368020943330852 -0.49978280143811
-0.048723259153974 0.0291470044269156 -0.289599094298231 -0.4250511772562
-0.0892745157224016 -0.0555534543129937 -0.116725347900579 -0.176483544146811
-0.104787926420496 -0.0670560513575104 -0.0137320600101844 0.297918943019316
-0.121872271027814 0.0448652189187308 0.109890358453143 0.589385299006849
-0.00278374182149298 0.0644600579935795 0.0276663447328684 0.655662231375965
0.047392221743212 -0.053926357245436 -0.121039556750042 0.7790051866148
-0.055879085033287 -0.104622337957026 -0.132350926599474 0.808137146340885
-0.109469568411289 -0.059363598196532 -0.0366807372746186 0.590493888209991
-0.0960569248944347 0.00520479135157263 0.0550360764324642 0.236905370389337
-0.0823053298349822 0.0106434751528443 0.0808244515767477 -0.0962897794707936
-0.0737669874248808 0.0251373936611515 -0.000972570039277998 -0.434442248668041
-0.0874832881676114 -0.0278905652679179 -0.0817737925987495 -0.620995738839993
-0.0447808755539431 -0.0786284170444624 -0.201657528974979 -0.674545348221368
0.0812978301852771 -0.0435397998411066 -0.314091017642388 -0.5850347075152
0.0858386537900102 0.0380123800371947 -0.370903999254955 -0.479522804222104
-0.0626132309543554 0.0617429647350513 -0.289448410313482 -0.401469171444242
-0.110897155162003 -0.0579995385105692 -0.0990090643507715 -0.151458237409099
0.119423111168838 0.0638948471125443 0.0118306441691902 0.170354259359868
0.0435940933235545 -0.0865732830182352 0.233939208883015 0.430170861829965
-0.101216887705475 -0.0576290261730118 0.368488474570694 0.490526043978723
-0.131115587013879 0.0614660404206835 0.334215979472155 0.583026514840194
-0.0136657440306505 0.106433400005422 0.244637716600847 0.676595958406738
0.0360835123753837 0.0261041048982203 0.163245375720643 0.638711332957946
0.0578074963313563 -0.0156032205516011 0.0831251464701707 0.424364414238385
0.0606118870482438 -0.0201862381999958 0.050792826081245 0.150743300866027
0.0860866749744401 -0.00610673184196219 0.0241085039486631 -0.211433608783641
0.0641038921388584 0.0289358119544584 0.11348443722121 -0.500070967493046
0.00120686376672665 0.0851627924384517 0.16220751586724 -0.743750436905079
-0.0879534011613919 0.0704447803883998 0.100940020599675 -0.758117111478843
-0.0352934022783299 -0.0733184133799388 -0.0432485861563642 -0.661206909288072
0.0618635456680148 -0.0429050249101469 -0.111935672673707 -0.578393529919823
0.0984477473342524 0.0727830699478705 -0.0329245380131353 -0.274212133682235
0.1017455804749 0.0510426084164183 -0.0103326498649706 0.1627518646555
0.0491275914092898 -0.0938835540448806 0.220987288631334 0.433723072571879
-0.0990264618689471 -0.087269876714585 0.336183614043973 0.499135322409332
-0.147158274839823 0.0231506500590005 0.295835680787315 0.621300943884309
-0.0369195414779446 0.0766966119267303 0.229223646137293 0.721491918573059
0.019684669821636 -0.00490190830263447 0.172223552930486 0.656416908672318
0.0470739863610568 -0.0523306064563296 0.102152433350591 0.412758456804446
0.0562946839074389 -0.0614570507240111 0.0754930790382321 0.123500307104566
0.0810975610452735 -0.0509042647554362 0.0504795028699916 -0.233172816902925
0.0668356319580536 -0.021849683922729 0.123719742361282 -0.507052963046972
0.0181694614318321 0.0363674096620442 0.140286906156679 -0.727600907804886
-0.0684457201670518 0.0493190798638617 0.0523811418792337 -0.743951896745357
-0.0410671575927234 -0.0781080984261794 -0.0893023668205208 -0.66152304525558
0.0425653936617397 -0.0674556197011558 -0.13821922783575 -0.581698735841464
0.0893275762266828 0.0394199684402203 -0.0591261625241321 -0.287089258083726
0.0712051109522062 0.0314490145669567 -0.0258234354831587 0.162060352270317
0.0383118161258984 -0.0853903483151759 0.205853692200505 0.450121782133248
-0.0841039368672085 -0.0991041393553929 0.291073034996065 0.517945071184786
-0.140481138262033 -0.020437501409898 0.222932973856199 0.666904103437653
-0.0551484133198958 0.0304897612616838 0.181333788480599 0.774711384375949
-0.00241066671150407 -0.0374328518800901 0.158893767528485 0.673372880956335
0.0276895276755144 -0.0806801912383153 0.112240512742348 0.389874291418288
0.0406134493775651 -0.090322927460193 0.0967088571138944 0.0826983811969131
0.0610236212245064 -0.0818776825820721 0.0689238987248672 -0.270984771806053
0.0521585941662728 -0.0637526391743806 0.114821577726918 -0.530536890906936
0.0192833965298459 -0.0134557358299829 0.0965586785128145 -0.719103711295955
-0.043930812920897 0.0218404421520057 -0.0183957550712341 -0.721044004727853
-0.0342451515613809 -0.0730919086567085 -0.155935705804807 -0.645693211416758
0.0186262001813266 -0.0731236397223277 -0.177173097367462 -0.563498562471828
0.0638409355429112 0.0055287006848242 -0.0886021773433269 -0.282134657188954
0.0323465856877271 0.00242043551207083 -0.0336456543121188 0.172099511610749
0.0112690944783592 -0.0706463623103891 0.189941875894567 0.476083858400384
-0.0670842056286875 -0.0893606978081095 0.236758301921155 0.543625081606231
-0.109815061727441 -0.0547470805900087 0.134976845215174 0.709760230595399
-0.060248052775774 -0.0231721116928675 0.106203747404202 0.819938553576597
-0.0246420418333622 -0.0695538283993708 0.127427125890758 0.682674355764844
0.0033343243728617 -0.0953038055314495 0.114150589954257 0.362195902208224
0.0175910959122402 -0.10218351039492 0.110515796936799 0.033124947307719
0.0320617098702928 -0.0927752595449991 0.0749284257816971 -0.317237520894834
0.0219635530017602 -0.0861117773590983 0.0908248864251265 -0.558543146950104
0.00443117325473568 -0.052840869410282 0.0373740247723585 -0.710529367634364
-0.0233502102217629 -0.00813753248879735 -0.101808101756394 -0.690729154177813
-0.0179279972474078 -0.0642066282829733 -0.22654513517801 -0.614380768693672
-0.00230000614667807 -0.0618229213270165 -0.21703394549532 -0.533531516723171
0.0266977148487962 -0.0206666709777845 -0.110725160957482 -0.262846423429042
-0.00803009786833232 -0.0321620011449232 -0.037780282903768 0.193499152176597
-0.0290406329479095 -0.0557995919337889 0.165162237177203 0.507608210149548
-0.0537126952244186 -0.0610354396797028 0.175194483315544 0.572917631525222
-0.0634785640805424 -0.0704489825390243 0.039493746548109 0.741960547481441
-0.052827031735621 -0.0708907463484426 0.0212510120095043 0.846251067833869
-0.0431040378950509 -0.0942055385479001 0.0814873737278339 0.675638539898061
-0.022331143917779 -0.0950988548765935 0.109208368767379 0.32639671888499
-0.00959685997659416 -0.0957662975438278 0.116408269060539 -0.0154915280254408
-0.00252026077123392 -0.0834226365719277 0.069508864078548 -0.360860825701769
-0.0135868992838169 -0.0887593304395905 0.0525477590048223 -0.584385176536905
-0.017094623249741 -0.0756814185236388 -0.0349282097984107 -0.699614775227157
-0.00501395804337285 -0.0321002697436671 -0.178816446182047 -0.653980442256013
0.0040282413215475 -0.0493258538310714 -0.290511478928479 -0.573942627574507
-0.0207709983815027 -0.0381673094205152 -0.251730986858956 -0.495006432004029
-0.0147964341695209 -0.0381944933259925 -0.124488029493077 -0.234840544506346
-0.0467231538359969 -0.0613287401848311 -0.0363267880889208 0.225833398073617
-0.0734640694393924 -0.0341150771403022 0.141027006130759 0.540936000721471
-0.0420537070816457 -0.0204682185834943 0.10941659449175 0.603813249901538
-0.0142504620941262 -0.0706839928793347 -0.0424172368959027 0.763704359461211
-0.0420826606381932 -0.104360244843858 -0.056214495767365 0.85302035798867
-0.0630854631445769 -0.103849287114995 0.0355031754797224 0.654272816541737
-0.0495946102196468 -0.0775205952715415 0.0969579091021324 0.288556482443167
-0.0379339741142894 -0.0733980645063728 0.113452981378528 -0.0575209104286851
-0.0335375499531022 -0.0574986034576645 0.0519570828306504 -0.400305254951169
-0.0471347571585615 -0.0772125232827928 0.00338460988679226 -0.603014661797423
-0.0377130367298542 -0.0858797757642536 -0.104814424094337 -0.68484639559818
0.0167897408770637 -0.0455972698024555 -0.247303431489851 -0.617232039303648
0.0315439767474961 -0.0279497177640603 -0.339131111391996 -0.531160853987272
-0.0344759590796041 -0.00587066001224053 -0.276691565033429 -0.455797155865801
-0.0545738911490162 -0.0490981814545502 -0.125667140051202 -0.205459909044577
-0.0802229492035897 -0.0750995321386304 -0.0294898176140426 0.261841353156752
-0.107137062870567 0.000109667264873324 0.118385145923142 0.569358194586465
-0.025332348304488 0.02522389566247 0.0572990237998586 0.633050843130903
0.0265042408493742 -0.06366339667733 -0.0998272836766184 0.775233490893763
-0.0416908977487632 -0.116745662384818 -0.108022918551339 0.835987226369315
-0.085132958409294 -0.091746369429034 -0.00398553503946775 0.620889375720571
-0.0740701792297568 -0.0424448784848988 0.079290150250946 0.254870020374815
-0.0626045302263297 -0.0356107034888817 0.100575590922608 -0.0866020450979541
-0.059690328348535 -0.0194438108189546 0.0263792965024247 -0.423573257615131
-0.0724614814849917 -0.054510606324975 -0.0433113721673691 -0.61260886930537
-0.0478326961947722 -0.0856684953122212 -0.162047726124034 -0.671057738050942
0.0460006906371668 -0.0506937923077637 -0.296038210839946 -0.589254542100141
0.0601780696134409 0.00117665200119906 -0.367381961692582 -0.4992212919615
-0.0484236133610048 0.0298511785216578 -0.287713982166128 -0.42353615987494
-0.0881375469145213 -0.0545071814980124 -0.116453299201932 -0.175844840366588
-0.103803634455525 -0.0669760780955787 -0.0133194083169237 0.296424197700042
-0.120445156976658 0.0449087851727468 0.110262482756561 0.588180294681484
-0.00444958780929421 0.0634811070058444 0.028815103992292 0.656842633470782
0.0475056346753057 -0.0544313794206418 -0.121598178955276 0.776928767649837
-0.0559096641347318 -0.104451668804851 -0.133129310564142 0.805540160143955
-0.108943740635396 -0.0591646347286421 -0.0379978222629712 0.588347489288994
-0.0945569064955061 0.0046471542505436 0.0548805037826926 0.234268543361954
-0.0809321424049605 0.0105363863037867 0.0807777663666783 -0.0962302325428023
-0.0736204554947409 0.0238266019364911 -0.00200162101257168 -0.431459774770664
-0.0860604113157907 -0.0273541167259301 -0.0826795578751632 -0.617359765709304
-0.0441975225230283 -0.0776030788669216 -0.201198405799962 -0.672337247403582
0.0809794390612317 -0.0424274053950788 -0.313435205117301 -0.582592703295787
0.0852021742078314 0.0373915613826656 -0.3682194063472 -0.477421534561279
-0.0630701827708857 0.0620574925289309 -0.286762699219015 -0.40035859623265
-0.109220345538748 -0.0566613188276705 -0.0981931143464714 -0.151303011501123
0.119555951738112 0.0648770542414809 0.0127137237425061 0.169239467092359
0.0455674060767102 -0.0858384148099432 0.232946516562523 0.431214348725851
-0.100558931586679 -0.0576544303948995 0.367800715487302 0.490276616881453
-0.130883049378656 0.0610523766167438 0.333927977243527 0.581547064971774
-0.0135776620797574 0.106426342923531 0.243104728939337 0.676971557941349
0.0352477016059652 0.0254505935532261 0.162569308770552 0.637344311597867
0.0580771624542704 -0.0151262970713526 0.0816567117887234 0.423660950562685
0.0601855173398854 -0.0207969127445139 0.0510203485821569 0.150625919058005
0.0852932157168717 -0.00549970423981985 0.024449928056443 -0.21062525846441
0.0638932599840129 0.0291566231366924 0.114619730112643 -0.497411003097104
0.00149583460886477 0.0857873918354262 0.162215526919667 -0.74252662499875
-0.088106986136672 0.0689368663286976 0.101259602341413 -0.756671051846708
-0.0350172129101508 -0.0725402295241719 -0.0394159955873215 -0.660908110944024
0.0618504963127106 -0.0413659421319937 -0.110893632425705 -0.578829239340504
0.097654489226278 0.0726534557752115 -0.0326589085925419 -0.273959642981342
0.102153742577453 0.051823677089434 -0.00978570187415596 0.161934610504184
0.0490273072790601 -0.0922496857716344 0.220506852861653 0.43606467276966
-0.0977341505666158 -0.0875872718483 0.332564573576286 0.499120028221433
-0.147693465400477 0.0220790112082388 0.291367994123216 0.622808005994122
-0.0369190058881929 0.0763491783278675 0.227040887614019 0.721583222760896
0.0199900019584266 -0.00569488673113486 0.169822664973357 0.655067027105777
0.0474340517436263 -0.0521509133042263 0.101898634312114 0.411478421601847
0.0553681410247068 -0.0616008594622599 0.0758683359931128 0.124030117342435
0.0810872053476169 -0.0510181762481193 0.0510908160800731 -0.232030672681497
0.0670937864334387 -0.0212929704747181 0.124268352682364 -0.506680925534286
0.0184251343722786 0.0370585535406421 0.141102041066372 -0.724742553829211
-0.0676994863079343 0.0496312319468568 0.0516593350225037 -0.740784991062227
-0.0409680277662101 -0.077246285512824 -0.0881449772471148 -0.661544101936418
0.0421019683395266 -0.0658903925604638 -0.136570083707012 -0.579439675405644
0.089441001497662 0.0396903700436908 -0.0588153044662435 -0.286339072925658
0.0715816358708094 0.0319932960873556 -0.0255400435662048 0.161174714687539
0.0387424330933378 -0.0851233678552308 0.204384119558762 0.449989534790753
-0.0832773413945483 -0.0991537200061114 0.290044101169938 0.518462754750992
-0.140456412068557 -0.0205378347606566 0.222133144868601 0.667953193079233
-0.0559332226477064 0.0302007999079231 0.180623647527564 0.774339052032933
-0.00179846397187923 -0.0383031315508085 0.157375479983302 0.672748332503286
0.0279784117075889 -0.080474664460746 0.111271865671416 0.390050208182413
0.0397887297516758 -0.0905737241589742 0.0960953751909844 0.0822591532515674
0.0616807983717046 -0.0817386878801212 0.0691390138779721 -0.270415231247518
0.0517548958590172 -0.0616227007385541 0.116750116217958 -0.528337686802522
0.0187149265743758 -0.0139844393454744 0.0971530025730661 -0.718606493047821
-0.044045014346176 0.0206945787752329 -0.0186589777100015 -0.718600700384994
-0.0344040595462608 -0.0738890566920062 -0.153866978985907 -0.646601331025548
0.0181742186877992 -0.0721169280281008 -0.174664361033271 -0.562501932027935
0.0637530273873391 0.00642413504579415 -0.0875678293440623 -0.281111513723523
0.0325967833118102 0.00203696502794971 -0.0330964226042034 0.171645617749819
0.011668450072446 -0.0709970313791885 0.189168597552472 0.475513622951685
-0.0669391045855393 -0.0897410489433982 0.23563874321129 0.543942456223148
-0.109639745499425 -0.0544257660127716 0.132401709427053 0.709325934218701
-0.061578258637849 -0.0237448129409532 0.104115441383085 0.819792860892002
-0.024370710435749 -0.0706578052957012 0.124602414899259 0.681992966176222
0.00437879851605276 -0.0954003448871283 0.114797579121227 0.35991578981694
0.0171665923695507 -0.10137204043488 0.110276906360104 0.0336095364072215
0.0316762879577639 -0.0926350064460551 0.0754142947501216 -0.316163917662011
0.022257650000933 -0.0844611040158432 0.0919862778981543 -0.557371589978135
0.00411791700799982 -0.052626625469041 0.0364487409525405 -0.709185608354896
-0.0228303829873317 -0.00866414135683779 -0.101205915116686 -0.691146468607983
-0.0180689053535852 -0.0637743799006731 -0.224115374522731 -0.61556249448321
-0.00282637668951645 -0.0610484458523318 -0.215031353529405 -0.532768610285393
0.0274067131249033 -0.0202940134998385 -0.109819977486764 -0.262221023088053
-0.00689092735304348 -0.031542079882455 -0.0368915440493374 0.192926794356919
-0.0290468937133508 -0.0559083885387945 0.164880354349878 0.507930431665899
-0.0541039457117862 -0.061355943935058 0.173422985469782 0.573917428719677
-0.0634791260867413 -0.0706239840724084 0.0384851119175914 0.740133219600029
-0.0521839640312018 -0.0717704268376551 0.0192290483067525 0.844541475198523
-0.0431441668016478 -0.0943023649349331 0.0799643189755528 0.674380952415385
-0.0213021949689788 -0.0949742223730586 0.107271473177295 0.323710639643648
-0.00936634760370713 -0.095528576176354 0.115969727188203 -0.0157851431329053
-0.00120709521203708 -0.0837823963614046 0.0689736597296552 -0.359887557773586
-0.0130092301043127 -0.0886835393154725 0.052496042454075 -0.583531747409293
-0.0179514958955758 -0.075088954511614 -0.0344399896287303 -0.699019320819731
-0.00519490689593988 -0.0310643995799198 -0.179708812127433 -0.652655504781056
0.00465107728835924 -0.0491473347445177 -0.28934547614211 -0.575536509959949
-0.0205108259802302 -0.037156165994213 -0.250341881635016 -0.494696637497951
-0.0137881436540419 -0.038127352451095 -0.12329790285363 -0.234674407413573
-0.0455702732571855 -0.0610585526774533 -0.035601538578166 0.225116455451518
-0.0718608109800719 -0.0337508876829579 0.139163051529088 0.540982052750804
-0.042190050127252 -0.0208755501878125 0.107899063731017 0.604718848105168
-0.0134071726591475 -0.071372222442607 -0.0452129329161915 0.763184860789729
-0.0419271661838407 -0.103848275343519 -0.0585198779125512 0.850748448207777
-0.06242537675669 -0.104376749957604 0.0333932935028794 0.652427672595907
-0.0485494831095452 -0.0769282559803424 0.0953918796964399 0.285775075993527
-0.0384032671554297 -0.0723834407629369 0.112836959426623 -0.0578050481685516
-0.0329468275214113 -0.0586512041951216 0.0517102492284849 -0.397620217900659
-0.0472208435069718 -0.076492379399327 0.00469167908785215 -0.599980443938016
-0.0372631575943509 -0.0854280646833156 -0.10425622641249 -0.683955877391019
0.0163763381074299 -0.0454310952385633 -0.248170736029411 -0.616913533879122
0.0299036109030408 -0.0278179882137252 -0.337856318678403 -0.532286900350936
-0.0346397848227733 -0.00567758181214471 -0.274480752973852 -0.455169582237882
-0.0535483092010527 -0.0486003031231083 -0.124810886602843 -0.205167673525712
-0.0789860937433421 -0.0745101127664165 -0.0283012780504159 0.261948781788402
-0.10680724024903 -0.000169662331369889 0.119698658270268 0.567990883079087
-0.0263527586238059 0.0245834842053078 0.0555873240362742 0.634053538441183
0.0260357490643061 -0.0625123974412431 -0.100120957323893 0.7752878064057
-0.0411800059321872 -0.11620251640085 -0.108697913278158 0.833431578819764
-0.0848581806837915 -0.0927895472946755 -0.00661669815957079 0.620210719376005
-0.0737824973091066 -0.0420840486243141 0.0779892946736774 0.253303695565857
-0.0631078403480445 -0.0353834975961822 0.100300971853052 -0.0852325480378258
-0.0584868332720844 -0.0194998655774935 0.0273553164158553 -0.421912303513183
-0.0722834685655023 -0.0538953797230086 -0.0429477237373096 -0.610106270003107
-0.0482260140232167 -0.0852090663999175 -0.161225297815726 -0.669852681911964
0.0454817989696071 -0.0498291303348664 -0.294594282443245 -0.588218115932797
0.0594264139193704 0.00162849427101766 -0.366483829247823 -0.499139695965833
-0.048437551747489 0.0301013627717947 -0.286181385308355 -0.423560778596519
-0.0867870594806414 -0.0543035911885762 -0.115428030693497 -0.174883126913161
-0.102207076266555 -0.0659867497600018 -0.0133400694063279 0.295713549678922
-0.119373517056333 0.045147175442054 0.109292949335666 0.586204896481108
-0.00446699879362033 0.061640928538856 0.0273737454005781 0.656277072605715
0.0466433019497577 -0.0534581388798619 -0.120890372396115 0.775146773408058
-0.0561756303008603 -0.103895928970297 -0.132605932271921 0.805100315248682
-0.108475093137203 -0.0586440845675743 -0.0384380474233611 0.586999493411079
-0.0932773190663926 0.00431844246968083 0.0535854737556628 0.23327590452265
-0.081233483978019 0.0107840930820218 0.0806924250751484 -0.0956379622857975
-0.073666839761863 0.0247031556412047 0.000208043005493295 -0.430570600208064
-0.0854343242658937 -0.0276163766712906 -0.0819061661063719 -0.616123693069166
-0.0441144508393488 -0.0769442350585486 -0.201328194335237 -0.67297817946127
0.0808342797029678 -0.0422450290029214 -0.313104935555132 -0.582902018862694
0.0844001511841289 0.0374387235653213 -0.367709646458365 -0.477562110518111
-0.0621963649173832 0.0620958422502726 -0.286418116867122 -0.399945899270411
-0.108435029218427 -0.0561329255974968 -0.0979012297989621 -0.149588392831389
0.120302396951521 0.0651252811368043 0.0123767461252633 0.168318815490607
0.0445665025956482 -0.0844503158771674 0.23295256225231 0.431847503317005
-0.10054075872797 -0.0577033262390718 0.366161787482613 0.491522142814415
-0.130484398891769 0.0613774385084868 0.333713810189269 0.583111111403754
-0.0133212314341041 0.106046913197489 0.242117081922583 0.676203260470717
0.035541356836388 0.0241296682308332 0.16104550553806 0.637424297008575
0.0579957013550323 -0.0153106112600317 0.0803831715347621 0.422415690310493
0.0591436772304924 -0.0202460047384291 0.0517509204993825 0.150694744701567
0.0845646749211253 -0.00594422741458476 0.0247761288444833 -0.210139121293529
0.064126945507346 0.029172213155622 0.114765230916243 -0.497349083383112
0.00163639800529153 0.0855420749746695 0.161599803874015 -0.742635525022577
-0.08757174004258 0.069738378358847 0.100699792404718 -0.757649227230024
-0.0350385453761081 -0.0720710656902813 -0.0385728671826055 -0.661643132598485
0.0621150113019458 -0.0402356345764536 -0.109504509781385 -0.578217184751945
0.0980860696994617 0.0735084013381476 -0.0326676642140175 -0.27327132641036
0.102259548011363 0.0528146578286348 -0.00915048881460577 0.161441085285105
0.0497041107938589 -0.0907747062691404 0.220301361514288 0.43446718123706
-0.0973941534483409 -0.0879664033326514 0.333632388024371 0.502628858667168
-0.147603372000913 0.0227406590670018 0.292662587188636 0.622961451370058
-0.0370428182997104 0.0754280127659515 0.225272238846597 0.720777477034019
0.0199146890414605 -0.00586891459555871 0.168633768947321 0.655622906627446
0.0474819696136023 -0.0528464241536375 0.100315859691848 0.410420997921048
0.0549926602408438 -0.0613305532298436 0.0763749395036713 0.123156694170009
0.0802292606985921 -0.0513225622736286 0.0519052533560923 -0.230356043175802
0.0670437179011247 -0.0212484437945886 0.12455645814745 -0.503901980790903
0.0178971985485638 0.0370594395571622 0.141898822055796 -0.724983791048151
-0.0675382418472643 0.049339762778215 0.0536661796071681 -0.739167974469324
-0.0419232119514741 -0.0768538619880343 -0.0868230582629817 -0.662521968464594
0.0429038670079697 -0.0636850795659724 -0.13484285797676 -0.579630642165583
0.0892860756612061 0.0398556536119809 -0.0593003627510589 -0.285858643696024
0.0719019849621495 0.0328353244075254 -0.0242866181854849 0.161272225304973
0.040122608313467 -0.0841959919799914 0.204273502555753 0.450358351395712
-0.0829333959265235 -0.09935078507672 0.289036592068119 0.519940371281343
-0.140403713937998 -0.0199899637864208 0.223038003004043 0.6682985557646
-0.055227760203696 0.0299016502106026 0.178876254864107 0.773072516718015
-0.00227744788983759 -0.0388521833789089 0.157045991595285 0.671360533820815
0.0291955632648476 -0.0806376066976037 0.10988131020527 0.38873637301303
0.0399502699886469 -0.0904346979411683 0.0959024219556706 0.0825618500086474
0.0611587768466686 -0.0816290766133424 0.0690480995755566 -0.268763209273864
0.051791246623705 -0.0620811541743525 0.116443829835703 -0.528581442398606
0.0189445057444257 -0.0134932215697004 0.0957824267874313 -0.716499537293604
-0.0435472588479497 0.0210079189164092 -0.0183216817475026 -0.718576824113542
-0.0345705073895714 -0.0729842918568112 -0.153401607280896 -0.646221385424331
0.0185861316674115 -0.0697685085654679 -0.173688635697264 -0.56395608305088
0.0639179087326582 0.0068171530678802 -0.0873399311100394 -0.280517521178932
0.0332201002920602 0.00334817915688338 -0.0323254109449724 0.171277403725208
0.0119435648850368 -0.0700439606690902 0.188792315587776 0.475731530064997
-0.0662683883759656 -0.0892698641741379 0.234672128896522 0.544069272578542
-0.10962333135372 -0.0547110768372072 0.13299451400316 0.709423403590578
-0.0603381986300155 -0.0234173294437744 0.102363868376592 0.817581104296103
-0.0238906054103581 -0.070138408798964 0.123618265766639 0.681032105491436
0.00514693574934465 -0.0950469689537542 0.113129214029394 0.359356837127666
0.0170841054284897 -0.101881598691428 0.11040114233897 0.0343286376567626
0.0327073386654897 -0.0924014110299049 0.0751326381164578 -0.314637827545227
0.0224294158826515 -0.0850724838126457 0.0912547775814648 -0.556776015419402
0.00415350708212412 -0.0516004996669518 0.0370405320972523 -0.710820599645346
-0.0235207329160746 -0.00805949081516343 -0.100402206691452 -0.689865220771555
-0.0181527086436424 -0.0634246614470851 -0.223654776929071 -0.615523711353099
-0.00314882214776671 -0.059537082651868 -0.214990813286055 -0.53380391804241
0.0268870031324763 -0.0193398165984037 -0.110775581317573 -0.261796012132894
-0.00658015928974126 -0.0311777898584811 -0.0355966009863085 0.19275113460532
-0.0285257922403394 -0.0559410812251537 0.164822252595891 0.506905369181266
-0.0536892436288578 -0.0612786235918388 0.173484699605928 0.574202444914276
-0.0635073714387155 -0.0711032560541482 0.038379348561605 0.741954003940067
-0.0523825338675833 -0.070947940284382 0.0182644923067008 0.84610130581111
-0.0425548026274605 -0.0953150514409051 0.0778651260634188 0.674373234566871
-0.0204075114477731 -0.0950802317285013 0.105637964186514 0.322985354909027
-0.00928044994402657 -0.0953462853036844 0.116212087459327 -0.0149047458809848
-0.00171405203029634 -0.0837460096513517 0.0696178182100756 -0.358194166166825
-0.0126587065473869 -0.088417912739998 0.0519414718181765 -0.582619591593645
-0.0175027966788558 -0.0757178741735721 -0.0345639969978278 -0.697573008351311
-0.00495328855109335 -0.0307571218146089 -0.179859262471832 -0.654355995812252
0.00336445127287316 -0.0491658387842042 -0.288108349181693 -0.575383220469954
-0.0199168050969468 -0.0365982473945511 -0.250037503163981 -0.496270460887731
-0.0136361881624026 -0.0366430789720733 -0.12264753612462 -0.234560856686797
-0.0438126258279808 -0.0603226386760883 -0.0351028426862876 0.224649876443346
-0.0717805859092389 -0.0341782196322316 0.139497601115352 0.539977985966662
-0.0422873306002804 -0.0213833187300566 0.107731170066105 0.604311361749008
-0.0140459707532115 -0.0710088846665045 -0.0458675067306452 0.762858055932403
-0.0417904388427406 -0.104044601965685 -0.0595682650205057 0.849650640529913
-0.06127805123628 -0.104745068515874 0.0314185513458479 0.651750587999919
-0.0475288948321728 -0.0764353833271467 0.0951596729163211 0.285365657641316
-0.0373135301639087 -0.0729342835442375 0.113033170760502 -0.0567126071649664
-0.03307952195338 -0.0576650028629458 0.0514498847143611 -0.396215688570249
-0.0466353926818107 -0.0763444164017857 0.00445484667533039 -0.599262640863743
-0.0376600255474796 -0.0846270589868342 -0.104549336181563 -0.683757506124467
0.0165139350647245 -0.0454165365556395 -0.246543203942919 -0.615024361831886
0.0302125803454029 -0.0275490527339534 -0.336985135402983 -0.533707093947226
-0.0350365281449364 -0.00496934822205025 -0.274328599726471 -0.456398884547775
-0.052782140240567 -0.0480309546041068 -0.124658634260166 -0.204362970623146
-0.0775612322986053 -0.0745089247432154 -0.0276113504000933 0.261865266240608
-0.10612322721805 1.29277247182327E-05 0.118952848928283 0.568116830297475
-0.0261581443789235 0.023541237759811 0.0535340868031685 0.634297359324472
0.0265806607200878 -0.0628354702363342 -0.101173257136443 0.775387791874603
-0.041580175778588 -0.115574367411415 -0.109837527425327 0.833897698400715
-0.0846475075108258 -0.0923973065134558 -0.00614224610872017 0.619892090125521
-0.0729472745637397 -0.0419504560945364 0.0771758304133443 0.252384735004883
-0.0626327475760304 -0.0356738717507633 0.101051585913762 -0.0852146620819076
-0.0582974781817948 -0.0197697698451748 0.0274522563384158 -0.420005198670803
-0.072798851827008 -0.0545389843535777 -0.0425920184261767 -0.610147537653295
-0.0483247485333317 -0.0839553338593962 -0.159820776796715 -0.670573477187363
0.044764799308015 -0.0500544697518086 -0.294165295982764 -0.587451814931467
0.0589817019142036 0.00147800700261837 -0.36485587836871 -0.499801198325897
-0.0486930352659326 0.0299860043695769 -0.286537945469761 -0.423410634716829
-0.0866363439388888 -0.0537507642404167 -0.115025721240894 -0.174998903865337
-0.100931846600966 -0.0658735349094669 -0.0125481023964332 0.295367799646234
-0.118928109216138 0.0442927629588029 0.1098093161343 0.587105007589127
-0.00466908386276742 0.0623271446547306 0.0272629450163647 0.656110847689883
0.0472534995507403 -0.0535941526355105 -0.121758862082035 0.775582887318952
-0.0561444622853243 -0.10348811287039 -0.13351290012684 0.805394900477349
-0.107582874947398 -0.0588121164794854 -0.0394671116101826 0.586686296188286
-0.0921065496367278 0.00390770665862941 0.052130188150908 0.231978900717611
-0.0807915127735123 0.0109407799506154 0.0814226541457441 -0.0948236157770138
-0.0730091771348179 0.0242209502284942 -0.000331888338973365 -0.428667958641704
-0.0851361313660722 -0.0264654550643724 -0.0809285334929469 -0.615467200673898
-0.0435229481002796 -0.0766365715189989 -0.201694554839519 -0.672822467403101
0.0798341004798654 -0.0423475683891239 -0.312407600442521 -0.581799676560998
0.0837969337985606 0.0376926130056079 -0.367438429298702 -0.478292270526347
-0.0625782581877531 0.0620360025178814 -0.285976667013321 -0.401118407137892
-0.107740135763997 -0.055526414452906 -0.0972957967776401 -0.149684065747367
0.120701419079976 0.0655990918020356 0.0127189184767617 0.168210553944839
0.0455635758980367 -0.0841324802095865 0.232214873727084 0.432232898796008
-0.099789994717082 -0.0577376135006603 0.365499181352516 0.493242490016422
-0.131105174078779 0.0608535280354765 0.333018674944336 0.585904341134369
-0.0141333953834286 0.105990442668371 0.240080672282168 0.67902117759755
0.0351105652926849 0.0237797004310497 0.159960766559136 0.637940074760683
0.0581428482660776 -0.0159341451579292 0.0799542114540253 0.421963883516809
0.0590094035945171 -0.0206077857221455 0.0514533636811493 0.150408215620707
0.0847802860318621 -0.00604775972095233 0.0253876445573489 -0.208534794109029
0.0635638604427459 0.028661812496591 0.115974590810305 -0.497275994307901
0.00199265266288745 0.0854703493320442 0.16182466986451 -0.742206409192506
-0.0865440945393866 0.0699142877273232 0.102712497792016 -0.755705452170728
-0.0359209923980437 -0.0710673869278086 -0.0369693397172586 -0.662175941802197
0.0618789286704461 -0.0384488640369005 -0.109540762958433 -0.580276595339617
0.0981473510263415 0.0737540881427328 -0.0324572908752411 -0.273787776827725
0.10308176375278 0.0524200301499411 -0.00945854231775603 0.161213450391618
0.0505969917310041 -0.090132580553619 0.219707238130457 0.43549871409596
-0.0970182956390187 -0.0881775087002121 0.333663102672429 0.504294350502284
-0.147474517034738 0.0226347309747489 0.293241175845497 0.623953915441996
-0.037375305850941 0.0750157690385176 0.226259593311094 0.722987463236485
0.0196693803659645 -0.00689542324591062 0.167095723203261 0.655467834457113
0.0479779279818023 -0.0529406875549944 0.100035469444673 0.409531485454612
0.0545547412767804 -0.0623889409859409 0.0756824574311917 0.12369483173883
0.0803231279260165 -0.0513953875470056 0.0514190102492767 -0.23013194369219
0.0672091522384528 -0.0214337310948669 0.12576731795991 -0.503914920653113
0.0175859064697748 0.0368042274097649 0.140508597742303 -0.725741183079214
-0.0668699638384815 0.0493169556905352 0.0538976446636642 -0.7401221727637
-0.0415571273529767 -0.0760458153077386 -0.0848707012232708 -0.664301302831769
0.0427147398930938 -0.0629344345611264 -0.135731648222014 -0.582860470967004
0.0890300085858655 0.0406418467244528 -0.0589560739518017 -0.285120483244364
0.0728962114322341 0.0331803886076915 -0.0244782055697118 0.160897808345839
0.0400582497384908 -0.0837512783603612 0.204276927213598 0.451065591683192
-0.082821891209024 -0.0991492462131711 0.289370553421623 0.521315645240943
-0.139992977962735 -0.0206401749558632 0.222197988639022 0.670117961274906
-0.0553078057727796 0.0288733557788498 0.180273015981324 0.774734097212512
-0.00228273717611288 -0.0388742357470277 0.155419525509071 0.670789023745446
0.0293163131430486 -0.0806816512336906 0.109325385271194 0.387778333245126
0.0391688782581658 -0.0901770363149967 0.0963744404448544 0.0826793333504425
0.0602190528069489 -0.0819353487707847 0.068857305334135 -0.268459992961885
0.0518625276063605 -0.0617774086860713 0.117141450347155 -0.526698889012922
0.0184949568038354 -0.0128470132374829 0.0978559467747975 -0.717459278711801
-0.0427486687582104 0.0209902308839674 -0.0178751722208232 -0.72002523147402
-0.0353867924926372 -0.072078712267231 -0.150703245482852 -0.646871000709536
0.0185766108988156 -0.0686625737399892 -0.173467195188448 -0.564448764985081
0.0636720664635204 0.00708692897049625 -0.0882544708459179 -0.281130154883321
0.0342467057443119 0.00379486943326339 -0.0315566831220922 0.170875523631331
0.0128146667048816 -0.0700592693904043 0.189141457711563 0.475794378575347
-0.066255226445588 -0.0896003704070158 0.233861712795984 0.545780002756858
-0.109814064716809 -0.0545246490858355 0.13194718897599 0.712106376534435
-0.0605579102926868 -0.0235466346835789 0.102181277020894 0.819621107595815
-0.0232421971370169 -0.0714162952942784 0.122686727986501 0.680727622221177
0.00539513810237021 -0.0957468061358844 0.111951476470649 0.357880545268076
0.0168749408008353 -0.102037163355053 0.109904219219523 0.0338930472499503
0.031353899395389 -0.0928420357236295 0.0759075015163447 -0.31417135581377
0.0221713250632199 -0.0847877297050942 0.0922169223897178 -0.555361349710072
0.00432228748472554 -0.0514922686106206 0.0348794356792453 -0.711740067437786
-0.0234207762282107 -0.00851651512800605 -0.0996155992392197 -0.691728252799453
-0.0184039982514262 -0.0631443646688523 -0.222032440662493 -0.617517420245478
-0.00223092821577496 -0.0585369293383521 -0.214376978999917 -0.535182587332179
0.0275129799944136 -0.0185786231797182 -0.110221571780489 -0.262025072435877
-0.00594364428976599 -0.030175806693395 -0.0359485505047785 0.193204629799168
-0.027593170616992 -0.0549646273973648 0.165399907600237 0.508713211641669
-0.0534233756695791 -0.0622779520084625 0.172968581761699 0.575480043387816
-0.0635522903330831 -0.0709795369991607 0.0387192418618803 0.742720556963024
-0.0521495017377928 -0.0711060203480855 0.0181047000382518 0.845524619532553
-0.0432695317987389 -0.0950748411243102 0.0777213322229586 0.674187852398308
-0.0199043237578365 -0.0953513005217125 0.105649566779693 0.32165255894638
-0.0101104975853363 -0.0956271757044452 0.115915548717271 -0.0147995381286041
-0.00116390120054224 -0.08352724795565 0.0699679507110445 -0.358120956037153
-0.0130489290754466 -0.0882955788232335 0.0537298252982 -0.582538729372242
-0.0181367101146517 -0.0742081254225707 -0.0340146469349682 -0.699464582722277
-0.00452649463787756 -0.0309210742525431 -0.178686006563373 -0.654734885482887
0.00358649910650461 -0.0490143608466997 -0.288272353447272 -0.576795668419114
-0.0197012550735792 -0.0359354815827615 -0.249519792365996 -0.496815061703552
-0.0132422640323169 -0.0364118559476538 -0.123307167348566 -0.234414187325429
-0.0431321353253228 -0.0603274996504302 -0.0343227803753558 0.224656752702469
-0.0713935132242804 -0.0342330139571004 0.139103168174143 0.542559057774689
-0.042304554801005 -0.0215958064656075 0.107791357898017 0.607400021137202
-0.014507314753426 -0.0708586229523335 -0.0473797270181166 0.764847591819159
-0.0415601482229696 -0.104596877389201 -0.0587127890907551 0.851808967272675
-0.061443048538937 -0.104785594413467 0.0323028647096972 0.652303558415429
-0.0468069810797256 -0.0773333560319558 0.0936035000789057 0.284508323503104
-0.0372216451561861 -0.0728138018073477 0.113679782865315 -0.0568240013029928
-0.0323436914482099 -0.0581640815196392 0.0516277137262285 -0.39523820558572
-0.0470244074163704 -0.0761927792199803 0.00500527970028871 -0.599847947875303
-0.0381569226233046 -0.0840893595808499 -0.104422855233961 -0.684974337151348
0.016492201271187 -0.0456775967046559 -0.24752908935626 -0.61831848970508
0.0298158289050712 -0.0274437751990906 -0.337301611977156 -0.535306736139979
-0.0349976552705378 -0.00445366115943294 -0.273876865579055 -0.458773682602244
-0.0526668082887253 -0.0475628063375657 -0.124003044814644 -0.203566870322428
-0.0762016014308316 -0.0742908124475321 -0.0277167521103302 0.26171961170232
-0.105150051811623 -0.000298326665648819 0.117849353298462 0.568902420672562
-0.0264489492415766 0.023358705704931 0.0535635029863392 0.636146745888989
0.0254586677112146 -0.0634245935943302 -0.102299803270977 0.776083319857798
-0.0419274422787516 -0.115486857526746 -0.11003951595448 0.835183784463821
-0.083590236845544 -0.092492873914831 -0.0070489020774238 0.619717078103832
-0.0724795444469076 -0.0421194922903588 0.076652954738689 0.251207039563593
-0.0621157305179351 -0.0353265266426893 0.100766747403624 -0.0853104848091475
-0.0579972626385277 -0.0199677542394217 0.0265712698915924 -0.420728760956198
-0.0719259053519507 -0.0537172968394208 -0.0415320130627948 -0.610208092744785
-0.0478724903764533 -0.0842071744452966 -0.161731349232193 -0.671952194455835
0.04492679608464 -0.0496869711277214 -0.293520629977572 -0.589907123687042
0.0583901995532511 0.0015486257924513 -0.365059961731072 -0.501220699737218
-0.0489539825971786 0.0306355037024473 -0.285289603309229 -0.427483884081493
-0.0859674178813076 -0.0530079605955102 -0.114895490359304 -0.175497831701607
-0.0995809684025702 -0.0661005226924399 -0.0123338488368326 0.294712705816256
-0.119032164227185 0.0437688867126703 0.108996126040028 0.586597450573293
-0.00554699774558567 0.0614283052053929 0.0261746438681178 0.658235773524067
0.0468819678189306 -0.0527817948443019 -0.120825594951488 0.776437189857508
-0.0562210897004851 -0.103002989539817 -0.132694129422274 0.804958772512507
-0.10721443971284 -0.0599476855161932 -0.0402797828918405 0.586258303791103
-0.09106329198265 0.0037619589144062 0.052404120533774 0.23075899076756
-0.0802334091758464 0.0109738763527344 0.0818976902133133 -0.0959916326561649
-0.0726468202667058 0.0241068978245515 0.000896997924585476 -0.428729260222409
-0.0847087258048892 -0.0254873784389605 -0.0804496292624713 -0.615082001663178
-0.0446364273583677 -0.0756649408476593 -0.199941274000582 -0.672717189280336
0.0807370244972855 -0.0422139793240168 -0.312380532209912 -0.583671552150103
0.0828238666775731 0.0369255022747877 -0.366851173112438 -0.479939107710492
-0.0625783083873912 0.0626308437730937 -0.285775589290771 -0.402204380317458
-0.106796301974132 -0.0548732390587008 -0.0971647881500975 -0.149253000940271
0.12143386014514 0.0650010019934715 0.0127610942837579 0.168768644604019
0.0464122480854322 -0.0836209322787494 0.233503844281744 0.434087663043291
-0.0997369807106637 -0.0583582987892515 0.366902008482926 0.497666438504665
-0.130450181446425 0.0615387151040079 0.335011766049175 0.588389364384113
-0.013976962851026 0.105960603920063 0.241705324732952 0.680698770916119
0.0357900332306739 0.0227312765186843 0.159314385525104 0.639706495480003
0.0591400827260986 -0.0162217185031729 0.0785405204114763 0.422278269569272
0.0591917599444034 -0.0208307909412816 0.0520491975356939 0.150602697886327
0.0844567712104739 -0.00667284585146342 0.0257727408451248 -0.208190500029571
0.0638693960236466 0.0299435361696387 0.116703043737395 -0.4985306290757
0.00201982712721187 0.0863172303578713 0.16229038842049 -0.742923102135809
-0.0865563319940654 0.0693404260006236 0.104172101836542 -0.758481103747238
-0.0362341801909409 -0.0714698872224731 -0.0355396319176225 -0.663181574387325
0.062072946277009 -0.0370324822477831 -0.107463530119761 -0.581513988701436
0.0986184871037891 0.0740934060093985 -0.0332896467450763 -0.274388902485411
0.10390060039977 0.0540598972460271 -0.00840778165165454 0.160665657387328
0.0511182880971583 -0.0904182125877494 0.220318003220944 0.437697053342518
-0.0973343263086051 -0.0879781331880508 0.333815788415139 0.506093128280044
-0.147438947610768 0.0224550145640362 0.292319208464392 0.626689096241975
-0.0374812096668468 0.0751787269794553 0.226375153188159 0.723698772295104
0.0193801574807832 -0.00765454838679631 0.168265148264905 0.657431981258534
0.0485149437170541 -0.0531902782108741 0.0997990161728479 0.411544420708791
0.0545217562716594 -0.0620450510998198 0.076253510580568 0.124572118294958
0.0791971986578435 -0.0521676524931684 0.0512297811962708 -0.229754479377327
0.067400436719664 -0.0217847805740859 0.126909492894446 -0.505287971724002
0.017661068593404 0.0369903735908847 0.141951813557567 -0.727161210527463
-0.0663913873106339 0.049457810973356 0.0549809199927182 -0.742505146400591
-0.0420405272133138 -0.0765088217376544 -0.0839193345673919 -0.666547507586927
0.0426484105886361 -0.0616838085378795 -0.133867306769366 -0.585006650036911
0.0895997979950622 0.0407212031196488 -0.0595719698635426 -0.286228219551177
0.073702381401068 0.0331635962530645 -0.0236608351349235 0.160635232096029
0.0409421782167551 -0.0827442061977052 0.20636752406418 0.452297800362697
-0.0831628787748123 -0.099601648174085 0.289123228742962 0.5256640474265
-0.14041861300529 -0.0209860854310363 0.222624093827039 0.672023441007657
-0.0554014674552181 0.0289396260329254 0.179121213371051 0.77751160961949
-0.00234148555023573 -0.0394981751005568 0.156603538830759 0.673220335539942
0.0300825551115249 -0.0811180492216047 0.10933414574195 0.386872413117283
0.0397557076965872 -0.0905687127568295 0.0967504699029275 0.0828128291395267
0.0611572453557052 -0.0817793302294359 0.0700955944865793 -0.268412890304121
0.0519584584902465 -0.0623157056132704 0.118705807146999 -0.527895554233482
0.0188125518492212 -0.0127564367930552 0.0975836687822123 -0.720003698755009
-0.0426409523185006 0.0214588780712121 -0.0186006951163516 -0.723406821431778
-0.0353221853938421 -0.0724680296886239 -0.151268242561814 -0.651168267908161
0.0192248388558183 -0.0675156707740176 -0.173524982158786 -0.5680344142738
0.0641430297365766 0.00731820270786717 -0.0881702038012181 -0.281135211967532
0.0347014407969987 0.00426165838693515 -0.0316002202414087 0.171404630465577
0.0130524920230421 -0.0696089963398051 0.188771953435702 0.477294561265017
-0.0666722311199857 -0.0901845439955392 0.23417056049599 0.549831066199902
-0.109188939007842 -0.0555881960814686 0.133879835445414 0.713786685712654
-0.0608041030680821 -0.0239302957525328 0.101627095340492 0.82338083227527
-0.0231317479406194 -0.0720361254331158 0.12211882125286 0.682158010724157
0.00707769497400749 -0.0962195149866055 0.111281775857511 0.357672179908419
0.0169794105718355 -0.102392773578801 0.110861620967281 0.0336451454947874
0.0322015695616031 -0.093506458160887 0.0757938192390536 -0.313871451548304
0.0221081006107305 -0.0849668361259315 0.0931920529782958 -0.55754079330788
0.00358624617257784 -0.0518142645139139 0.0351802042413162 -0.713903457750574
-0.0229384054972066 -0.0083116495386089 -0.0997542622138103 -0.692580071036453
-0.0187993118666904 -0.0635057425326662 -0.22168759530945 -0.620043558068142
-0.00217566036570258 -0.0584193734143525 -0.215195728046973 -0.536618589224546
0.0280254946919107 -0.0182140081005557 -0.109777436358806 -0.262181924420192
-0.00462759462391487 -0.0304960381478279 -0.0354079934072805 0.193409077988403
-0.0270908143246462 -0.0555438266870401 0.166771870484371 0.510796329073854
-0.0537200088012595 -0.0622958697146185 0.172465960310996 0.578793974171795
-0.063727056103944 -0.0701129821815294 0.0377651121010735 0.744714309047732
-0.0520977925138091 -0.0719365773657592 0.0168273384609705 0.849757213189853
-0.0420176948161558 -0.095907080599243 0.0775488220662359 0.67618843482704
-0.0185351467390938 -0.0951698953304113 0.105644879974246 0.32134900559267
-0.0104126775188625 -0.095898079915765 0.117368543643632 -0.0145045685986397
-0.00135674239329672 -0.0842029624074808 0.069786698880987 -0.358904029801398
-0.0129706027792394 -0.0891993801119501 0.0532879416158559 -0.583617195241054
-0.0179428754412716 -0.0746750163083694 -0.0353810988606972 -0.701805048164359
-0.00568745255558884 -0.0305822936964331 -0.17836178471808 -0.656236111543128
0.00301790462321123 -0.0493599456200536 -0.288047550057535 -0.579172633143108
-0.0200600686298342 -0.0358033220368735 -0.250234648593525 -0.498962286701162
-0.0130525790102909 -0.0365203345979515 -0.123495791123992 -0.235281717829627
-0.0417132797586625 -0.0602560051941756 -0.0338812279201697 0.224848918227087
-0.0708582698105041 -0.0342058014581594 0.13998993305836 0.543676738556447
-0.0423021875193692 -0.0230306037534539 0.106269659405566 0.610626126153108
-0.0141864882384832 -0.0713693438132584 -0.0467524083529109 0.767443958103701
-0.0417997976355988 -0.104253018098763 -0.0618897257873858 0.853621470725045
-0.0616657629095117 -0.104654632109002 0.0314447479018974 0.653846205899422
-0.0449698920155216 -0.0778733579333563 0.093422563342595 0.283811594863683
-0.0375504266758821 -0.0733296689060834 0.113693127838848 -0.0570377907421379
-0.032704974246286 -0.058401577524695 0.052905317791715 -0.396969247297803
-0.0467240287147453 -0.0759214458646405 0.00512335155837448 -0.601060549117277
-0.0374223470550667 -0.084355154058224 -0.10608806268341 -0.687704905684559
0.0170898944281232 -0.0446041410577642 -0.247041026285467 -0.620426192409057
0.0296316650260151 -0.0269592789578447 -0.335513069804729 -0.538169916446417
-0.0348040795318448 -0.00373934967215027 -0.274234887340468 -0.460227022912004
-0.051742240991731 -0.0471478956539253 -0.12413571841451 -0.204111627974278
-0.0751151879651385 -0.0742065257237516 -0.0273741684348027 0.262269378247855
-0.104786578988556 -0.000391060086124844 0.117210411817085 0.571238787794481
-0.0270443690510496 0.0227037510410538 0.0533588894769895 0.638554908298595
0.0255243579738051 -0.0641185815276771 -0.103716294957661 0.779203960749071
-0.0416886720541562 -0.115972617244951 -0.111413499508311 0.839373161599184
-0.0838576199391558 -0.09312373060195 -0.00881029910317815 0.621900958201753
-0.0708880864022011 -0.0434175889065406 0.0748970148940926 0.251237263196066
-0.0618950462497931 -0.0355939617433569 0.101264623473264 -0.0847485069540586
-0.0578654499264274 -0.0200334301001694 0.0282748716022504 -0.419901601795581
-0.0724239665982785 -0.0540864641914313 -0.0407045609586459 -0.61185964179834
-0.0480754928465047 -0.0839627776145552 -0.162137180713657 -0.673963049018919
0.0465246025222961 -0.0494628938358037 -0.295676040846251 -0.59183740434378
0.0578446732335986 0.00172541592724026 -0.365019927370063 -0.502261437383571
-0.0480673030169535 0.0313786244588237 -0.28705764848556 -0.429554715589233
-0.0856277254187 -0.0530395161820196 -0.115491891502934 -0.174892514745555
-0.0987439740449418 -0.0660660523255383 -0.0119622832726396 0.295442748649126
-0.11870705021384 0.0438726276252584 0.108786143197944 0.587635586175756
-0.00542813033632103 0.0613013598773516 0.025195421863178 0.661077266278312
0.0465977304213692 -0.053043402114909 -0.122534206213401 0.778787069933539
-0.0565225504537616 -0.102626308384657 -0.13291044292508 0.80962437991505
-0.107220207069685 -0.0592894449759801 -0.0412351290219248 0.587542850888597
-0.0908070204488751 0.00406680913868008 0.0515863013117801 0.23031540261894
-0.0809687367763551 0.0107867780941747 0.0828403070131153 -0.0950679026456653
-0.0729968749124774 0.023478618713988 0.000993838883957824 -0.428568709094572
-0.0845764024021693 -0.0256614086338281 -0.0806271392344591 -0.618413892042897
-0.0445887890442561 -0.0748090650823057 -0.201627589035427 -0.677200850260093
0.0807291445719591 -0.0415308782480778 -0.313729689117405 -0.585625538518508
0.0821656665768138 0.0374242348271105 -0.366882376026532 -0.481725087783313
-0.0627862181849683 0.0624319915553729 -0.287268436295228 -0.404132850196105
-0.106304306248505 -0.0548751270479589 -0.0975297249297112 -0.149801310808282
0.122468135317016 0.0659361427400839 0.0131711487686613 0.168117499207082
0.0469827085394182 -0.0830638632182864 0.23514439205859 0.435412067572376
-0.0998033348988248 -0.0591477520649669 0.367221350375443 0.4993505278929
-0.13123063005283 0.0612841805304204 0.33652755368573 0.592538779024238
-0.0145470476359543 0.105960503558623 0.243793420765942 0.685642483189046
0.0353978650044662 0.0223853677452047 0.159202927584049 0.643302223713813
0.0597714065791059 -0.0168170990067857 0.079383219922555 0.422684727546292
0.0590246110789972 -0.021143383514393 0.0520667498331571 0.15202837813441
0.084365437885159 -0.00655846419609608 0.0261921585721465 -0.207878244958928
0.063500161816034 0.0301108267157201 0.117588816472084 -0.499719393834365
0.00143270195025358 0.0865537983492275 0.162243164741531 -0.746206299537335
-0.0870873283459326 0.0704453439005002 0.104465510493381 -0.761240936330335
-0.0360775158352383 -0.0708730338321861 -0.0357219552469886 -0.667931997068043
0.0619931653864668 -0.0356210346230353 -0.107800343884866 -0.584804387180102
0.0986704126366428 0.0743603358871108 -0.0330576411778989 -0.275163449763092
0.105039200957291 0.0536006429386403 -0.00880947346066946 0.161697450338193
0.0518877556273978 -0.090158294212628 0.222349420143752 0.439957392250293
-0.0969891010222306 -0.0890098660890949 0.335309981020418 0.509804545405169
-0.147695974254859 0.0222497296052026 0.295348102606403 0.631915458661394
-0.0373207762137111 0.0747388056547919 0.227224024323345 0.730004226625673
0.0197490879962039 -0.00782497903708052 0.167861648662479 0.659326502457479
0.0496102227030308 -0.0535583055631454 0.0987764930947908 0.411225901857327
0.0543023963473738 -0.0624042996885835 0.0762173596398325 0.124926905073145
0.0798112402559522 -0.0530826612217954 0.052387451108033 -0.230131594787202
0.0666293214008956 -0.0214959625052543 0.127514806414765 -0.50673771506937
0.0175696834147378 0.0374602087591915 0.14142683636488 -0.731371400588983
-0.0667547353957396 0.0492643242775663 0.0539709675804072 -0.746894647947502
-0.0420506136126729 -0.076668667879024 -0.0836174141578428 -0.668804673997051
0.0430112378002017 -0.0606878247781659 -0.134164329768371 -0.588768234703231
0.0900920652621678 0.0420071321026199 -0.0592896371275836 -0.287803847839318
0.0739036019246328 0.0332261034956365 -0.0230652680763637 0.161264678976216
0.0414171419899517 -0.0824671399665646 0.206726043562772 0.456127245436292
-0.0834740003675225 -0.10052430325313 0.290871806882862 0.528172325089178
-0.14105483389523 -0.0206884679563925 0.224018108931157 0.675983808246158
-0.0560568646264853 0.0283998987981656 0.177916127079651 0.783272496794788
-0.00230468604697499 -0.0401223379590772 0.155277639000254 0.676586856514746
0.031106422573193 -0.0816197202236066 0.108068717614742 0.388965984183573
0.0393068700821473 -0.0913684014852708 0.0971513564563646 0.0836770082772133
0.0607914734253295 -0.0827091574105652 0.0690271007872213 -0.268729886124009
0.052048359593009 -0.0622410620479139 0.11901261447967 -0.530017583777736
0.0187256796303149 -0.0122096416940173 0.0989655617821967 -0.723440486838333
-0.042623975302414 0.0211096002194532 -0.0183008223575097 -0.726232368971471
-0.0357797222039227 -0.0724753880234252 -0.150178932660203 -0.653746191286471
0.0195224965673504 -0.0665621683395763 -0.173246236950741 -0.570336903776985
0.064777350141828 0.00820961665587143 -0.0880186138568204 -0.282577447403721
0.0354546197088411 0.00411608796800611 -0.0303892495454014 0.17196298546781
0.0130662790701593 -0.0695731570675449 0.191758608656104 0.480457707155532
-0.0670340350587866 -0.0910670315171457 0.236027727033499 0.553035926122819
-0.110380034192394 -0.0549174145780524 0.13396516001303 0.716392038478688
-0.0612783802036362 -0.0243683827390532 0.102246695589831 0.828005663713792
-0.0232705400388162 -0.0726290918805535 0.121696422793279 0.685211059313486
0.00750342306274425 -0.0961908296708674 0.110781150156093 0.358528586102171
0.0166153246377849 -0.103054980324729 0.110857245889735 0.0352870380392765
0.0324892197814499 -0.0933236574244347 0.0750928188968237 -0.314785291926196
0.0227019127422638 -0.0849950295227639 0.093556855766628 -0.560621961780688
0.00424840958256629 -0.051022331933487 0.0352180189154691 -0.715890414804729
-0.0224082309607926 -0.00812478902822384 -0.100350970580501 -0.699464663066855
-0.0193314510069412 -0.0635779495435424 -0.222630734603128 -0.62371441832587
-0.00127953454206102 -0.0570535678382183 -0.215668427422125 -0.538687004866822
0.0289306533186665 -0.0180203161759692 -0.111057422186927 -0.263367731068728
-0.00431858869658005 -0.029905592588363 -0.0349097182558576 0.193761522110564
-0.0272014578172932 -0.0549019418096612 0.16661256516251 0.512870142048747
-0.053614308010953 -0.0634111464472341 0.173171878579846 0.581882517120598
-0.0644511786376644 -0.070933585168099 0.0398833611960739 0.749414352600472
-0.0528733391157444 -0.0717159853819855 0.0180455009127398 0.854799600401895
-0.0417347538385372 -0.0967321633078714 0.0765057403228087 0.679412753808803
-0.0180182032566041 -0.096092799427153 0.104580045311929 0.321915708537292
-0.0101326450751688 -0.0965096991330652 0.117189946333535 -0.0141427952569412
-0.000921906219960585 -0.0849228343957359 0.0686110458282674 -0.359392893460578
-0.0130013249296486 -0.088214058954154 0.0526848883762256 -0.585457969076561
-0.0181741856459592 -0.0744991616479445 -0.0354209469110695 -0.705022435426335
-0.00444552462255179 -0.0310633008669812 -0.180978792739747 -0.659888732479439
0.00294892989076033 -0.0490032341227435 -0.289917831955244 -0.581896111718514
-0.0193621844990286 -0.0346155467927894 -0.249767326196294 -0.501677119245153
-0.0123354192068399 -0.0364864530692228 -0.124006914078121 -0.235439298935543
-0.0412671937786606 -0.0602474538292071 -0.0340218838315593 0.226116252353171
-0.070657852515394 -0.0348030212435311 0.139977546301899 0.545788911431745
-0.0433306794422512 -0.0224519117198899 0.106767389334582 0.613410354625411
-0.0143698093402003 -0.0715948403562347 -0.0470712996903744 0.772620100350579
-0.042600594500393 -0.105101718517702 -0.0610262692702263 0.858981112784966
-0.0616085488555555 -0.106131765230063 0.0311109255479543 0.656510987679248
-0.0448076390915 -0.0782250821755957 0.0931513572110377 0.284848678606975
-0.037395650300345 -0.0734866594245062 0.114760291136644 -0.0570186296855484
-0.0323977517377939 -0.0588352848219061 0.0523122493310115 -0.396671235738699
-0.046856434737472 -0.0765578458184925 0.00666587347175311 -0.603442499725865
-0.0378099745138749 -0.0845281867940956 -0.106076639840154 -0.688886299725741
0.0171904834980275 -0.045555840114194 -0.249237937392268 -0.62259372422747
0.0293645383341642 -0.0274581056279647 -0.337396343437599 -0.538634570591438
-0.0354861487559218 -0.00314189563862878 -0.275362268325915 -0.462446480263896
-0.0519208449919946 -0.0471042721038202 -0.125106232552466 -0.205271349275662
-0.073830784046288 -0.0740224252988095 -0.0268771381849941 0.263575713462569
-0.104837446511844 -0.000681904944959864 0.118063748623029 0.573294098968475
-0.0269960125988544 0.0227424971774246 0.0526291939175842 0.643702515037648
0.0250574368253921 -0.0630546972277262 -0.10319480590448 0.784451221891202
-0.0418097104297643 -0.116173374618791 -0.111902741412068 0.841315763800754
-0.0838088934662735 -0.0933050363262005 -0.00810839547666716 0.624932098775985
-0.0702791390460672 -0.0438109053329098 0.0756955033064375 0.251411777796168
-0.0625805697338849 -0.0357397124542808 0.10251415719429 -0.0867486637305555
-0.0573717127492977 -0.0203461017860667 0.028049388289442 -0.420999617194867
-0.0726199600608643 -0.0531243487098586 -0.0416543754579253 -0.614606424453924
-0.0481682023529848 -0.0829739202436262 -0.161544554120929 -0.676750123982162
0.0459103639552095 -0.0502279079050902 -0.296953753560024 -0.594560060900316
0.0578712431712268 0.00239972855334198 -0.36693522420146 -0.505805681281221
-0.0489980281804231 0.0314809436857191 -0.287387104962735 -0.429762762708609
-0.0850164552509252 -0.0533061824160375 -0.115119813159115 -0.17596416497178
-0.0980394930626776 -0.0658563019919944 -0.0116864742077759 0.29637135411297
-0.118224954023163 0.0438311139747134 0.109031027406089 0.591725204787931
-0.0058423547483426 0.0607602051838718 0.0246995020487615 0.665454002798794
0.0459529622682113 -0.0533011951883243 -0.122491771626387 0.785239526695026
-0.0565777830535053 -0.102656855570241 -0.134468531290919 0.812924800959505
-0.107098369223376 -0.0597402316088752 -0.0414052531191548 0.589098245569954
-0.090274247874228 0.00387285035457493 0.0513157003471287 0.231561789701464
-0.0803557138272291 0.0111855911742254 0.0837077190160803 -0.0953501928905326
-0.0719620382337306 0.0239939638379221 0.00104705822407728 -0.429394844192833
-0.0853885477815119 -0.0259015462150614 -0.0824216787595324 -0.619093036105336
-0.0446540528559486 -0.0749723723872516 -0.203069250884513 -0.678960915636506
0.0817931375914908 -0.0423432927385726 -0.316258211088937 -0.589746634030465
0.083011315554865 0.0368839014223484 -0.369533002814601 -0.485797856815344
-0.0636427722470389 0.0630214631832255 -0.286850790154082 -0.407535834303991
-0.105620806942714 -0.0548757748663022 -0.0975807032993639 -0.150788809282877
0.123802719000839 0.0660717452358484 0.0135748135641676 0.169384848261539
0.0483185623490657 -0.0833697594512194 0.237154442532212 0.439129125166581
-0.100034033740164 -0.0594905809285356 0.371866019577886 0.504052754023093
-0.131517137742971 0.0620092837625228 0.339876337588641 0.596146950617241
-0.0140434714921575 0.105968228321733 0.245437536077624 0.689227623137888
0.0355591616162976 0.0225687505188152 0.160083618494354 0.646190216352741
0.0598818366475005 -0.0166958977907943 0.0790679629310278 0.425257214296749
0.0594564872289472 -0.0220963283216965 0.053048851685141 0.152782974345757
0.084780131963358 -0.00721743642828549 0.0264241032403118 -0.20937369071642
0.064063454750969 0.0293546982983439 0.118395032352524 -0.501794790548232
0.00197037978692564 0.0871755166026091 0.160438570689622 -0.749636178189837
-0.0857600855235936 0.0704282992447688 0.10340114145285 -0.764800557966266
-0.0374428408259584 -0.0708615921036667 -0.0330431348104727 -0.672019470482935
0.0628118686667728 -0.034379652430236 -0.108150050463678 -0.590463200600899
0.0997554619746117 0.0749990581732815 -0.0343467230861677 -0.277213598586974
0.106140369635531 0.0532239390297288 -0.00771806574057096 0.162043239727317
0.0519342097125994 -0.0901673722072893 0.222983532073193 0.442931018162344
-0.0972330861221554 -0.0894156650690312 0.33866781457498 0.51314575554062
-0.148608129916134 0.0225803825716159 0.297306754805684 0.634814361913102
-0.0380989118065036 0.0741011968518055 0.230008418586496 0.734767200383718
0.019159203544101 -0.00879343218433623 0.169195214656479 0.662418478200338
0.0504941558991185 -0.0544915675894636 0.0997088608967752 0.412338065738736
0.0545465088639904 -0.0632822097563231 0.0775342781752777 0.12612325326083
0.0802909078232067 -0.0529373742025111 0.052045981494201 -0.230315939397195
0.0665151744600769 -0.0218658703950302 0.127771858912665 -0.509087467802136
0.0179197760073149 0.0371595279667151 0.13982735689206 -0.734628798692249
-0.0668487172701837 0.0499913015136176 0.0541962596708768 -0.7503656909073
-0.0427443864284722 -0.0764399121840232 -0.083675349450481 -0.67362040025356
0.0436711861292514 -0.0590612094142704 -0.136134334710011 -0.592104486436863
0.0906429659339709 0.0418277966550052 -0.0608488312523772 -0.288170814633219
0.074817036602606 0.0335882905857881 -0.0225885951061789 0.16243508556828
0.0421256729084434 -0.0836506701349733 0.208332926754433 0.45786259835569
-0.0834593294724816 -0.101280684653201 0.292391166125557 0.531860138648624
-0.141970285992689 -0.0209662945484242 0.22654911287767 0.680503962763985
-0.0560157212279322 0.0280406264356671 0.181485157557381 0.786504227751863
-0.00184832352910249 -0.0412931669870369 0.157052450770335 0.680839864286831
0.0313727518544119 -0.0819897335395998 0.109628038285054 0.389220498001026
0.0394407902986179 -0.0921124409012454 0.0984160256289308 0.0846719191918521
0.0616768180356261 -0.0835396764933914 0.0696771618257321 -0.26891569415978
0.0517445206593138 -0.0626280789721631 0.119508154784785 -0.532873302549877
0.0183657141872567 -0.0127650200884487 0.096758509803654 -0.726299917895042
-0.042180883143272 0.0217464432707979 -0.016939365551368 -0.729593828199281
-0.0355574839743526 -0.072723680948397 -0.150749337880856 -0.659259025891055
0.020251936618814 -0.0655832264633725 -0.174376413104099 -0.575031564853433
0.0653629377012679 0.00809014290189796 -0.0890605300323551 -0.283429858879913
0.0363634602702096 0.00401076322432351 -0.0308319749480331 0.172959283502672
0.0136195803341465 -0.070007949304919 0.193193677450327 0.484151947840526
-0.0671459047922711 -0.0921663504738148 0.2368206141559 0.559041409347772
-0.111394487180306 -0.0552033618835494 0.136276425408153 0.721695038852408
-0.0608163814637483 -0.0245283866706662 0.103204899864254 0.830432535851852
-0.0230913525059264 -0.0731038562951685 0.123518861854096 0.687316807906457
0.00775535768064711 -0.0971384277532851 0.110344455354111 0.359441362491806
0.0168331826509334 -0.103006262728569 0.111949277096444 0.0350677386624239
0.031576051319176 -0.0946026198398648 0.0756645585887768 -0.315170646526564
0.0222059722673909 -0.0847270135714144 0.0934013792027682 -0.564127916106038
0.00405573348487393 -0.0514578928709147 0.0336271051438424 -0.720155664466628
-0.0225489428896188 -0.00849616638868935 -0.103666264930838 -0.699869521591844
-0.019281297662493 -0.0641910322863384 -0.2240572328926 -0.62680498224129
-0.0016719534942612 -0.0561952037911853 -0.216583458142077 -0.544015382772427
0.0289026626602552 -0.0176386277923219 -0.111051629754759 -0.26394385144013
-0.00336444765853137 -0.0298092234610963 -0.033966453965278 0.194493067513477
-0.0270279037595043 -0.0553400133665529 0.168193174824084 0.51624591201509
-0.0544712562746031 -0.0640066582792067 0.175193754199652 0.585915492152028
-0.0642617718544273 -0.072088704849898 0.0400143458451867 0.753758259799154
-0.0530708017159016 -0.0723879605083163 0.0181255659108175 0.856686505552137
-0.0425982510081348 -0.0974903186574637 0.0767403022810017 0.682235684349977
-0.0173097483281904 -0.096493965056933 0.104339219232418 0.322611009408988
-0.0102297277287836 -0.0973504740659867 0.118699832107168 -0.0146729330454307
-0.000718933938811931 -0.0851234520558552 0.0689439937362969 -0.360566659454065
-0.0130110085125034 -0.0881492550893899 0.0533562067728041 -0.58965730850153
-0.0188361247373758 -0.0749027736045032 -0.0385817902703024 -0.708478264110146
-0.00482781065572601 -0.0313776542871977 -0.183642397516856 -0.664326406288864
0.0023709238187126 -0.0494824471421487 -0.290685876047778 -0.585857617067585
-0.0196181839315919 -0.0336631358868376 -0.252349980293539 -0.504820833269746
-0.0118681814441446 -0.0363512183627989 -0.124529945485595 -0.237153058531124
-0.0406387534169588 -0.0594707034303189 -0.0329603169601025 0.227088806037076
-0.0707374739770187 -0.0351810886751653 0.142115061073855 0.549936770768938
-0.0432861698332751 -0.0231942904979298 0.108530190619326 0.617499884488555
-0.0143762904452923 -0.0712881200317362 -0.0452884981440366 0.776173266233719
-0.0422232951608182 -0.1052047711755 -0.0606995390219254 0.86303443404699
-0.0612600923528188 -0.106581420924784 0.0316226924376862 0.659744433205227
-0.0440131347808225 -0.0788359211895161 0.0926139377298539 0.285560176200524
-0.0374567444304572 -0.0737404342131933 0.115493443586852 -0.0575320108811568
-0.0325809113100692 -0.0595290692516028 0.052959388686949 -0.398479127861557
-0.0468115852416772 -0.0764323075437564 0.00473652947830993 -0.607029607646125
-0.0387116679642606 -0.084501701863975 -0.109251364999802 -0.693316283397331
0.0165936028871212 -0.0453400004031581 -0.252555928028467 -0.626020250636914
0.0291086249851245 -0.0279098258793649 -0.340892880601325 -0.543145992864084
-0.0355864610831023 -0.00213862782669954 -0.276817654691308 -0.466363982309072
-0.0516083266423376 -0.0468808115572617 -0.125409858604107 -0.205863374003352
-0.0739465901849354 -0.0739853676791498 -0.0264791471857426 0.264277445189139
-0.105038198562391 -0.000809464667470951 0.118917772394319 0.57611608171466
-0.0275250412911011 0.0218569596977272 0.0549174028048224 0.6475040022339
0.0252237052784488 -0.0642672557793268 -0.102718725730201 0.787856785244362
-0.0421511092337788 -0.116167333425454 -0.110766663735509 0.847334050295468
-0.0839364933044807 -0.0946165620943908 -0.00765695431496334 0.627904986013154
-0.0697574173136539 -0.0440444026935737 0.0754676671080762 0.251529993808619
-0.0631423933332361 -0.0356162960916188 0.103286715032104 -0.0864224554884865
-0.0576443319197914 -0.0205879090990914 0.0275115313259649 -0.422458719804833
-0.0719957618781043 -0.0535280508515691 -0.0414689634341122 -0.620008342592335
-0.0490230132049979 -0.0829012203854827 -0.164991680677065 -0.68218752013644
0.0472248439898404 -0.0500254119963883 -0.299679485067391 -0.599508002687606
0.057650960601994 0.00161651896688984 -0.36935755116807 -0.509421738354956
-0.049371614252459 0.0324610581991427 -0.290366976770844 -0.43334710877771
-0.0844617091800116 -0.0531582286535054 -0.116544561328682 -0.17650048063133
-0.096698209460385 -0.066443284040688 -0.0111758987223209 0.298605918981178
-0.11859499688457 0.043739144852077 0.110014767051642 0.594825840448706
-0.00657673099672332 0.0609369808269172 0.0271885773925283 0.670476921807117
0.0466196392168219 -0.0536191464755703 -0.122170775017051 0.788081119744201
-0.0570628546896458 -0.102309400259288 -0.134697452916425 0.817331526414012
-0.106969303722311 -0.0591766240100509 -0.0411334352968159 0.594894873212363
-0.090404948396985 0.00361500190003764 0.0512310299667558 0.231698187602457
-0.0806785642225063 0.0114317650445172 0.0844935856000533 -0.0967105164825712
-0.0724022010378959 0.0237296647238122 0.00068421680899299 -0.43087791632388
-0.085618136514114 -0.0257075895962171 -0.0825384688891742 -0.622387906688772
-0.0452143671633394 -0.0747151226765177 -0.205547248388109 -0.6823330861448
0.0815602074567041 -0.0429611877442328 -0.318584296467551 -0.593326991537185
0.0831118294023585 0.037296554884349 -0.372644251527911 -0.488860315510292
-0.0629124119578134 0.0635769479024335 -0.289213064120199 -0.409114085332301
-0.105800091285679 -0.0545641832592859 -0.0981642076631107 -0.151741849095658
0.124936187994149 0.0663991648690659 0.0145706648488394 0.169367893091719
0.0485859642241718 -0.0831641992413572 0.240047857075973 0.442250077269149
-0.100352723334041 -0.059063195452087 0.374490456273698 0.507384961219764
-0.132500855260736 0.0625080997893873 0.344260897749387 0.601171549587242
-0.0136700423030727 0.106432189677703 0.249130528514006 0.695458290350592
0.0351561835580191 0.0213094926940309 0.162644761240838 0.652407723869562
0.0603078113994257 -0.0172034328253952 0.0805817136142544 0.42575651904163
0.0590023373077843 -0.021988538811157 0.0550714142981997 0.153350340509943
0.0853003079936074 -0.00755636058510639 0.0260799047400062 -0.209807186303018
0.0642500385495057 0.02983409829011 0.118259672315699 -0.505193005623888
0.00293553686705855 0.0875101392236031 0.1603605942043 -0.756034125433941
-0.0865090623145308 0.0711552733078168 0.10350157394956 -0.770677903910631
-0.0373606861465072 -0.0702944283352487 -0.0363551571941424 -0.678370964933926
0.0639041006288689 -0.0334558000481091 -0.110864940963051 -0.594430318601651
0.10041944994224 0.0757133903672312 -0.0344898567111706 -0.27797624424539
0.107363595588742 0.0539435088443835 -0.00711813124935935 0.162490772910349
0.0528649379921806 -0.0899769452467761 0.226576350246032 0.446049847621713
-0.0973568701363458 -0.0904066679153816 0.341418110034646 0.517155056310943
-0.149393833073099 0.0234744169541714 0.301230246529603 0.64109842740525
-0.0376060085261579 0.0744745631742108 0.233313235431263 0.739572900431141
0.0193747224369566 -0.00900183240106691 0.171634255205179 0.668267372445235
0.0509503007838099 -0.0547258609364809 0.100032205731226 0.412992573265504
0.0540522620140159 -0.0635419705113596 0.0780608563109436 0.126521240018708
0.079987598849932 -0.0533434581333431 0.051902215606815 -0.231784469672974
0.0667585684068717 -0.0214403744591384 0.126932457113973 -0.514308248325176
0.0177707077647951 0.037589271294344 0.138206230244293 -0.740225726466975
-0.0664813184676897 0.0507253951167525 0.0526449703650459 -0.758463367438469
-0.0434504229635061 -0.075949143020274 -0.0843407674132614 -0.678470770012045
0.044268296321655 -0.0582142466669087 -0.138330261146876 -0.596720131534222
0.0914109122925136 0.0425289859740179 -0.0620074574253964 -0.290270882123352
0.0765358304115383 0.034232048633981 -0.0210143799894263 0.162818655245801
0.0426997835436714 -0.0838352362205483 0.212726773384362 0.461766686646014
-0.0835500894017926 -0.102487189049487 0.295286378424487 0.534973783639489
-0.143396761367752 -0.0206949745532777 0.231632390185826 0.686582754814425
-0.0563108493929786 0.0282097474768025 0.184892680712591 0.793270282681047
-0.00203827124579957 -0.0420106891532925 0.15928465898232 0.685324942079963
0.0316954620743592 -0.0830600065647154 0.109568450483945 0.390257520506467
0.0385382210051379 -0.0921456719428542 0.0991183190012246 0.0855881828343718
0.0610150539098545 -0.0850258983016327 0.0694440487515956 -0.27005098788522
0.0528343802389646 -0.062950323027046 0.119200945656756 -0.53725443597735
0.0186482689289734 -0.0124590993768075 0.095347949207585 -0.731563395410215
-0.0425330960932953 0.0214718824448807 -0.0199337198797886 -0.734133255828981
-0.0362292048936399 -0.0728303676471094 -0.152723272733232 -0.66270418806241
0.0204904229185638 -0.0653361498555263 -0.177078612644323 -0.578480667936668
0.0664177883933757 0.00837760234634673 -0.0911112627652542 -0.285191367735469
0.0368190765953429 0.00421910882724597 -0.0295776144551061 0.173616546335646
0.0144800594191667 -0.0701723038529302 0.196669641991534 0.487455072370648
-0.0674268247066608 -0.0934011680545998 0.240528138298428 0.562241244672085
-0.11183506262616 -0.0545759145630209 0.139885754299697 0.728035822887458
-0.0612941889875495 -0.0252962248357448 0.106179182211527 0.838120890360857
-0.0240023635892033 -0.0745780569273181 0.124405894673773 0.693658248327912
0.00807866050040643 -0.0985425164135983 0.110974338779026 0.360239057938087
0.017066906897788 -0.104535883132712 0.112824557926158 0.0355932562622963
0.0325364499169691 -0.0951882389270032 0.0751087857086372 -0.317215540109141
0.022017083666887 -0.0852248348364225 0.0921809797312314 -0.566701051212629
0.00375400604244594 -0.0516984430871475 0.0314473337259678 -0.725593554992271
-0.0223011088285959 -0.00842268272244248 -0.105007094581668 -0.705059055765558
-0.0198067447749402 -0.064195817283485 -0.226839503968058 -0.632336768572451
-0.00154153514351047 -0.0556598543158581 -0.219447214232116 -0.549241167873861
0.0299107621030786 -0.01775998942563 -0.112886130085135 -0.266263567424729
-0.00259723771500052 -0.0304186372463386 -0.0331733072847122 0.195712549537361
-0.0261534799107041 -0.0555424708810116 0.171205606366777 0.521914003424685
-0.0549154012498294 -0.0645455332091316 0.177966980956556 0.592538766855907
-0.0654031405048948 -0.0715261226824559 0.0424283353018822 0.759813579462459
-0.0535537873794829 -0.0728559326887937 0.0202648777944453 0.866338143521292
-0.0424108559524035 -0.0989916703521337 0.0798983975688132 0.687575905860817
-0.0172774366014957 -0.0970490693660014 0.105788569714422 0.323833816139196
-0.0105855737384174 -0.0984335689358737 0.118742560120975 -0.0139137361851523
-0.00101662033186464 -0.0854524017567278 0.0695509600517009 -0.362976970809195
-0.0129432090441151 -0.0887501191925101 0.0525590649972508 -0.593386025927858
-0.0186877910317914 -0.0746863073441401 -0.0395585181199312 -0.712951492948717
-0.0048742638442946 -0.0315153442726776 -0.186728354523322 -0.668629403011479
0.00211979361641539 -0.0499529472865953 -0.294618021905099 -0.590683558782182
-0.0196720349223707 -0.033563794132201 -0.255167442278301 -0.508774851615649
-0.011645754410487 -0.0355434756952419 -0.125610764279566 -0.237698184140349
-0.0398400045796568 -0.0599719628981304 -0.032746297231555 0.228807016717241
-0.070321891399601 -0.0353553568622522 0.144317509554146 0.553368744528975
-0.0439316315043591 -0.0243352945166564 0.111403382799655 0.624289586144743
-0.0151064369027264 -0.0726821167315236 -0.04401678211436 0.782708127175287
-0.0430132610464533 -0.105778209987317 -0.0572792629989531 0.869832702565135
-0.0618783845336559 -0.107474313023994 0.0326366340126264 0.66471329635142
-0.0442810499964467 -0.0792097337336453 0.0936949057846817 0.285391151789233
-0.0384880541973312 -0.0746889046318789 0.116743296622306 -0.0571085527178351
-0.032359784071907 -0.0594198455339954 0.052075686664187 -0.399892732357715
-0.0475710353530448 -0.0760904218736672 0.00229618187921232 -0.610624226782762
-0.0393326836958118 -0.0844257589265339 -0.110315541973715 -0.697857726286107
0.0174567492571072 -0.0459196585596346 -0.256591682415179 -0.631286804045472
0.0282486247488462 -0.0282493326746873 -0.342702787559112 -0.547927745509913
-0.0351370190913501 -0.00173457997160236 -0.279395632483477 -0.469722951695071
-0.0509054184900792 -0.0465606755962849 -0.126898954439183 -0.206682528917649
-0.0731928913680662 -0.0744425841471285 -0.0255004090317525 0.26684290214228
-0.104794399394747 -0.00165490010136409 0.121912456419679 0.581299774107304
-0.0280577187414057 0.022041630923801 0.0556383449877992 0.65406862547012
0.0255538188713108 -0.0635418964115146 -0.100546257910148 0.794490187334702
-0.0426215339092479 -0.116223834892095 -0.110374473686193 0.854664732761029
-0.0844923700024209 -0.0946711829953732 -0.00714718065569534 0.633143359691524
-0.069284993767589 -0.0447587582439547 0.0754561593990818 0.252834720378049
-0.0630526231181469 -0.0360028121691818 0.104375310499721 -0.0869349420679835
-0.057768551239495 -0.0207162878800347 0.0263487691354644 -0.425149069202371
-0.0734723781541797 -0.0533331325836176 -0.0443384740918755 -0.621199949656368
-0.0489691783201567 -0.0828221792363834 -0.16767660642915 -0.686946309730354
0.0467014726907647 -0.0497846374336013 -0.302829314306957 -0.603131573894221
0.0574024133987435 0.00118454899460055 -0.373498336602703 -0.512640591219408
-0.0493355847370198 0.0330576199971113 -0.293157642139961 -0.436639062084399
-0.0845456792190503 -0.052596166379117 -0.117787777290542 -0.176966472483432
-0.0973038841962116 -0.0660402049141233 -0.00997952829028923 0.300383988748362
-0.119004070594779 0.0445754919702543 0.112726969606226 0.599022538761789
-0.00635734206433899 0.0602116304235833 0.0263621473630956 0.67671925564009
0.0465593806141956 -0.0539126971354525 -0.121553294670376 0.796619969067752
-0.0579861617183118 -0.103634457943434 -0.133226608707491 0.823973366207252
-0.107780863707477 -0.0597572469056538 -0.0402250402559007 0.598324686085833
-0.0893481533304072 0.00247942206327796 0.0509569501033391 0.232389239921255
-0.0809114209055033 0.0118868814879946 0.0850835074433181 -0.0975751691888322
-0.0718616550320586 0.0244508366829775 -0.000559897229595926 -0.433937992119462
-0.0846548058988687 -0.025738184870676 -0.0837744944741765 -0.627733030436504
-0.0454280706045023 -0.0750282281643932 -0.208228407923794 -0.687840458289297
0.0823689658023064 -0.0427857774082734 -0.323695497922456 -0.595833110157839
0.0823825830935933 0.0378373100912346 -0.374966827396986 -0.49091313015076
-0.0629714699002085 0.0650942885303214 -0.293333789335583 -0.411572992802067
-0.106172292928009 -0.0546394517223362 -0.0985926542799822 -0.151854388715785
0.127109618462714 0.0656486352719467 0.0151290064283037 0.171212810962143
0.0493382830666055 -0.0835859048150775 0.245200449945679 0.443969193670717
-0.101002755380797 -0.0588804142549435 0.37835475339213 0.5110447836611
-0.132337048859127 0.0641975614501497 0.349282268950035 0.604350739174575
-0.0140585063586183 0.106906362641764 0.255429725516423 0.700391954045131
0.0358645286247875 0.0212697552298866 0.167664214728954 0.657206113552092
0.061043695689067 -0.0179841179847931 0.0823149206285202 0.430080001333428
0.0588704946492951 -0.0228867306495896 0.0554862917056613 0.155437160809242
0.0850934748157147 -0.00910480847917497 0.0257366493705488 -0.209554270793706
0.0649588396586617 0.0299479139828497 0.117211400882526 -0.509939765854638
0.00318840467788174 0.08842019438 0.156822336521873 -0.762870097194013
-0.0854938716983794 0.0716023992237949 0.1001816873328 -0.77913742182885
-0.0379971617532587 -0.0699873066529755 -0.0368971886425698 -0.684290155354662
0.0644577610072496 -0.032327433964948 -0.114918515618526 -0.599311269520833
0.101014609619988 0.0757215475840663 -0.0371955056382691 -0.279785685943506
0.108676953392074 0.0540389434248572 -0.00617465078015675 0.163497381882801
0.0538611824013241 -0.0907465256773508 0.232311198295642 0.448712207321226
-0.0986630741834915 -0.0899155140814395 0.347385116460896 0.520894136874885
-0.149790584030946 0.024678975717078 0.307332552190998 0.644525651668041
-0.0376840549752036 0.0753832289218336 0.238164810269496 0.746601844806062
0.0192530791080767 -0.0101338078102723 0.175131573047352 0.67292581417487
0.0513257240980346 -0.0559984188344083 0.101919492728504 0.415301203661448
0.0548687868738648 -0.0645295938651071 0.0801326070567765 0.127395606277066
0.0804381932108152 -0.0542336214952801 0.0504172232267362 -0.232155295678073
0.0674974397976289 -0.0223556094854326 0.126520856883894 -0.516594953821304
0.0182054299236191 0.0386099920980886 0.137965938696705 -0.7466547360127
-0.0662663679289671 0.0507523131024137 0.0509005158145676 -0.762700175265525
-0.0436652835907317 -0.0763768181921432 -0.0883191493306983 -0.683891200046448
0.0448464552054904 -0.0573838567829189 -0.141147505326009 -0.601861300526465
0.0920499289248143 0.0429942451996385 -0.0636493517358059 -0.291717110152252
0.0774978769940089 0.0338057344955649 -0.0208359446311528 0.16412563335424
0.0432816901359551 -0.0843812853996999 0.216217184019829 0.463751151326442
-0.0851981444864658 -0.103141224923416 0.301652167263986 0.540557528207559
-0.143942079067793 -0.0204636919397434 0.234382441750505 0.690807036482015
-0.0570204738842589 0.0288424008651899 0.18998878124109 0.798868925751346
-0.00188738066735537 -0.043417903917016 0.160956776590326 0.689761550312936
0.031079984247311 -0.0841192079342952 0.112005531102482 0.39316403323157
0.0384646628052485 -0.0936894593296567 0.100570691995372 0.086108523101034
0.0609288098085941 -0.0854022563808705 0.068912785353668 -0.271804650410416
0.0522128034413742 -0.0636593638260178 0.116814136845853 -0.542253417290219
0.0186050921703091 -0.0125562419114761 0.0904413873074073 -0.737018986297715
-0.0427678710974801 0.0221644795844537 -0.0251825510968761 -0.741015121292594
-0.0364866305396272 -0.0731445130739167 -0.157076928789657 -0.670062229810996
0.0204652850814204 -0.0648692743414207 -0.180486438832642 -0.58417538897045
0.0670571682581977 0.0087663750642683 -0.0921242343098095 -0.286216863155638
0.0384299288344907 0.00423480470352232 -0.0283980797616626 0.17457879667983
0.0149287831248386 -0.0704089268989605 0.199804985808385 0.490619599956762
-0.068434584606119 -0.0931341548418165 0.245155087295569 0.567069847556202
-0.112476062437288 -0.0554958290376625 0.14381091670395 0.733424482964753
-0.0627108086362073 -0.0258016724096201 0.109453783150227 0.845666072414807
-0.0247607214176377 -0.0761362873803147 0.127670158409665 0.700232365643985
0.00900671505124665 -0.0991822536096805 0.112774531972266 0.361503446510912
0.0152635745241654 -0.105224379301669 0.113781503740773 0.0352993281241794
0.0313916286990193 -0.0963005919640574 0.0743423585967184 -0.319127642810741
0.0222398167961431 -0.0860723526291211 0.0906982161921135 -0.571518069023363
0.00325534967967315 -0.0515754373592748 0.028141387423844 -0.731196644969759
-0.0223462020811548 -0.00849922108903274 -0.109745939396306 -0.710966546301517
-0.020607026570006 -0.064241005917681 -0.229653409139488 -0.637526693906419
-0.00112653256087742 -0.0546072574366943 -0.222628965535795 -0.551244427770002
0.0299673747976027 -0.0176364853723007 -0.114422553615546 -0.267263572659266
-0.00153298306675417 -0.030433156113639 -0.0321881909373909 0.197012031013898
-0.0261555533750428 -0.0559555432997261 0.175724768294603 0.524449661329346
-0.056165519504155 -0.0650241016520897 0.181566137819512 0.59690402040262
-0.0659488909202077 -0.0720494507967448 0.047789879602358 0.766675808143116
-0.0547735469867508 -0.0732347423947797 0.0262650366833743 0.872212237213258
-0.0430327109460245 -0.0995585119999932 0.0830257759232058 0.69238572880294
-0.0168961709130741 -0.0981270272204566 0.10554257793018 0.325069357509676
-0.0109266018892761 -0.0983360455167161 0.120633374480287 -0.0147710217566967
-0.00144460949779838 -0.0866511678229054 0.0679351251328105 -0.364665401447218
-0.0134516602993021 -0.0889134000059345 0.0510218775786328 -0.598508473573862
-0.0190013868892718 -0.0751259851555872 -0.04387107754244 -0.720558065632634
-0.00448552352430816 -0.0316704652589443 -0.191794694916178 -0.675205083143199
0.0013195389758724 -0.0490885012468055 -0.29783966496961 -0.593867263641074
-0.0193742956689681 -0.0333032073352341 -0.259425462781237 -0.512772913771489
-0.0111630693984868 -0.0362256975225565 -0.127147587249678 -0.237941160650282
-0.0393218507522098 -0.0606287759732964 -0.0306750317706832 0.230197436978119
-0.0706200296822491 -0.0347653326619957 0.148196127590811 0.557242809446376
-0.0451425495919009 -0.0246737669563357 0.114284996549345 0.629976286334042
-0.0159778563037664 -0.072413902430589 -0.04030900152946 0.7890828813875
-0.0438449040732339 -0.106161661711406 -0.0532495535754575 0.877640558976226
-0.0622150319467987 -0.107572875368706 0.0360889792342816 0.669889688823932
-0.0441255874011626 -0.0798611056320422 0.0941868153110645 0.286864628726565
-0.0386872719885479 -0.0736866897949798 0.117208117532037 -0.0579900457528657
-0.0331645686470735 -0.0596763296269655 0.0509114763687839 -0.403783606348699
-0.0471911117882762 -0.0765063135508961 -0.000312361388121365 -0.617096176772476
-0.0394531407482389 -0.084703618938839 -0.116614159100522 -0.704941668625181
0.0169680896114199 -0.0460045980173367 -0.261578616380834 -0.636273564016189
0.0280654044324179 -0.0285742714122724 -0.348300769085269 -0.550756703444845
-0.0346426043427729 -0.00183484306037904 -0.284240036673245 -0.471837863889341
-0.0505824962375114 -0.0466726087596969 -0.128133744062106 -0.208197304393885
-0.0727045546062984 -0.0748118104611403 -0.0238208519765485 0.268090383015797
-0.105254947477184 -0.000474998178150655 0.125898741962114 0.585694132448659
-0.0282237629265824 0.0207788188894883 0.0581069077838301 0.659208069619692
0.0253265909671614 -0.0650647389126965 -0.0969738303209471 0.80096642738824
-0.0432044910275709 -0.116968245206643 -0.105094415362116 0.862939623348931
-0.0849439298136589 -0.0953557174172578 -0.00321849628757838 0.63817600996539
-0.0684557337302172 -0.045285881194895 0.0762803555982371 0.252455199113772
-0.0629032176982995 -0.0355710834424438 0.105230764110781 -0.0878721425995313
-0.0574126838466959 -0.0205188773887304 0.0251991188109756 -0.429209425311148
-0.073207530825226 -0.053243538193006 -0.0475012122612232 -0.62581267223599
-0.0500883261540335 -0.0834941216736938 -0.174973144295244 -0.691759373556991
0.0471701035149768 -0.0508888988667632 -0.31015753748959 -0.607543052052942
0.0579299258768435 0.000216284238237344 -0.378968896617423 -0.515363720026822
-0.0491527440957232 0.0338671146712536 -0.295466253301508 -0.439451132513645
-0.0840216006883848 -0.0519720861611108 -0.118814589990062 -0.178131222665756
-0.0969786767490898 -0.0668149606895085 -0.00825612351062186 0.302683603559073
-0.119297952703068 0.0438834170426076 0.116697345806692 0.604663658965269
-0.00729646565326855 0.0596647230611501 0.0292985860741664 0.682350220822408
0.0459248573333562 -0.0542851428920674 -0.118871934443836 0.80153145723378
-0.0586010848938602 -0.103851444852536 -0.130313205378028 0.831472882308239
-0.109113491641772 -0.0604226897318816 -0.0380179179882613 0.603784637208341
-0.089276588588022 0.00204364096161474 0.0510966602804492 0.232736541423332
-0.0821427088419417 0.0128132850219882 0.085995339428727 -0.0982559327738682
-0.0722831093278732 0.0243380257041795 -0.00245005523283249 -0.436220255849031
-0.0848654318519673 -0.0249359754429742 -0.0866953020563231 -0.633160498776638
-0.0463739021146161 -0.0744308044602812 -0.215040426766929 -0.693932311473675
0.0821789479419383 -0.0430273365072754 -0.328442084817102 -0.600518070662285
0.0827285045364121 0.0374051989871445 -0.381434842594488 -0.49397383187274
-0.0633624862655907 0.0657215417599994 -0.295453957891779 -0.414101350289388
-0.105887074980831 -0.0538924723424255 -0.100327777364048 -0.152771820206107
0.134640838848608 0.0533957450630812 0.0165397101085222 0.179174938439337
0.0513552503939147 -0.0869849109226652 0.270867798030408 0.436635667441208
-0.0972703522486787 -0.0506704219652652 0.415616944139998 0.482184820141006
-0.113244837541846 0.0814454121574104 0.381345776514316 0.574738740674508
0.00718105881330012 0.113070233425432 0.290986627453237 0.689105000115007
0.0468693741971439 0.0219268974335879 0.201450406039017 0.648770037292645
0.0621074019207447 -0.0224074767071122 0.107814976526461 0.428204828154128
0.0580789226328006 -0.025646545563042 0.0680251751613794 0.153114761643783
0.0842184628895951 -0.0158957089970903 0.0144929916613826 -0.21583833558585
0.0699443721906945 0.0276204997619486 0.090711329143314 -0.532069799814354
0.018893346077982 0.0918961172486974 0.113941498576827 -0.79594519062933
-0.0672030380330052 0.0867186147989291 0.0598141440575142 -0.813580880784546
-0.0313302761251896 -0.0639752186721079 -0.074775539705214 -0.701611155870118
0.075436083470159 -0.0330347618950857 -0.155817543121547 -0.615331829784981
0.112739588875389 0.0721625491148516 -0.0518891165552792 -0.293017022326828
0.115525372428256 0.0426998618224748 -0.00435066989666365 0.171708577023807
0.0547017756252644 -0.0944919636171875 0.259381458992311 0.441885913294839
-0.0987147158085138 -0.0812454995336458 0.385675047612214 0.495647322428805
-0.135499714316258 0.0442979950539082 0.344234589291675 0.616763809597776
-0.017965186534602 0.0847266852629152 0.27593021465912 0.732961610599181
0.0292988538147484 -0.00783613826361813 0.214186242932843 0.664251205107742
0.0486985460565912 -0.0596375459626945 0.127898357554575 0.415074964781266
0.0505544709813901 -0.0672034640985595 0.0904184295482784 0.123553509091239
0.0750536484615844 -0.0604874015843617 0.0386287162894123 -0.240627660311811
0.0692542725082834 -0.0243262125193416 0.0995302978410479 -0.541163948042626
0.0295218051908979 0.0403652047714607 0.0951663775038603 -0.77535967885819
-0.0486384027905447 0.0623954387037962 0.00655462084025539 -0.792609690871699
-0.0373335060637648 -0.0702072541001673 -0.12458196481996 -0.699290100737461
0.0540771766887333 -0.0576929895450284 -0.184805438106731 -0.613343792937128
0.101283295342797 0.0380073963610328 -0.0803566700075113 -0.301508084833154
0.082596427538122 0.0269190063879253 -0.0166820676119801 0.170570435147555
0.0450730507505556 -0.0859342831552349 0.243304960839929 0.457331666719906
-0.0843764656465132 -0.0939449200290238 0.3402208605622 0.518432222910157
-0.13405692791231 0.000853072064906001 0.279250820606442 0.668580294876675
-0.0416316975587996 0.0409103437664158 0.23584997291992 0.788287025483854
0.0054020829171835 -0.0381937633353312 0.202684832496545 0.681391494837244
0.0273772145749961 -0.0857732569168064 0.139257808581649 0.391646490116758
0.0334608525629736 -0.0951740005450937 0.108681881476785 0.0794111414571123
0.0542420022718068 -0.0898924467978036 0.0535719545890316 -0.281118115544263
0.0507523831127108 -0.0642689295541569 0.0903324794942982 -0.563994038268092
0.0268174919313337 -0.0104677129633435 0.0488344891597961 -0.765386284762173
-0.027578050695611 0.0301804968922521 -0.0677219160825065 -0.766450498897774
-0.0303422257789046 -0.0691043410381995 -0.196421164300849 -0.677810582239694
0.02899099379662 -0.0643936051299129 -0.223628956714661 -0.591512487953494
0.0734242958229062 0.00425859347985657 -0.10965978364977 -0.292525709169342
0.0412662677342486 0.00197751841283133 -0.0220836195471663 0.179058301564001
0.0189412931745628 -0.0708742395585406 0.228067378506081 0.483411081105026
-0.068685643863801 -0.0860125840349987 0.284293965070031 0.550859305591795
-0.107757968356359 -0.0351494749769384 0.191270398634762 0.718058118410989
-0.0517639520778456 -0.00975322583110664 0.162439110399423 0.839051344132505
-0.0183936377003959 -0.0683568763136827 0.169540251681851 0.689431880944137
0.00231068272540193 -0.098632347890607 0.141034792687465 0.359033332951113
0.011075355564922 -0.105689932992864 0.119561717285724 0.0271986341050393
0.0233741479715865 -0.0982859333600945 0.0571049600391169 -0.330217771344384
0.0192421401683839 -0.084471105652126 0.0613701936154037 -0.594104750472054
0.00747798145871106 -0.0488166703388664 -0.014766511588342 -0.751859175673349
-0.0099195033761252 -0.00279775570635068 -0.155006543181713 -0.729490969316717
-0.0138143529721223 -0.0631593434101895 -0.272035678020999 -0.640547860183442
0.00754710357669768 -0.0545798849628329 -0.263146660105545 -0.556468280743631
0.0346111443869541 -0.0211120694290249 -0.129816129225111 -0.268224409623261
-0.000876196843521724 -0.028210577217133 -0.0211199592920132 0.199312082874362
-0.0207621521579751 -0.0524033432200844 0.202449893556274 0.515403397785495
-0.0533659044800908 -0.0580819848066134 0.220927676270248 0.584932408189122
-0.0637800124902718 -0.054498356968518 0.0951314406989024 0.7603377098539
-0.0486375320002266 -0.0560222336733094 0.082066448479839 0.870197929280493
-0.0395624142795127 -0.0906499675774576 0.124530111515892 0.687490393929179
-0.0233351502165312 -0.0968604845562179 0.132623004858121 0.322967114997715
-0.0160752736145037 -0.0979771771774327 0.121596964774571 -0.023218663761978
-0.00806996075663705 -0.085766613862133 0.0479564955612311 -0.3756413395678
-0.0156807536940589 -0.0850610275710793 0.0179506247797972 -0.618601449834665
-0.0161572011455573 -0.0699242704057178 -0.0877119258492056 -0.737487120803077
0.00556875469041622 -0.0296885626481841 -0.237437207001127 -0.68364752404357
0.00881529067280273 -0.0521389249588584 -0.340488566307886 -0.59445136742377
-0.0103899135592184 -0.0324112617741045 -0.298547879835753 -0.513716348984958
-0.00856624748245708 -0.0373353954287175 -0.141157600614833 -0.237473912960435
-0.0400767021350218 -0.0541111408146389 -0.0173408461986321 0.229761149672584
-0.0621613413572749 -0.026577842081356 0.179028869380483 0.547541100818658
-0.0378316288068165 -0.0185493075730229 0.151127711047171 0.621556823065874
-0.0154825933886588 -0.0594675664762698 0.00909603857030828 0.792297668093419
-0.0412534971210095 -0.0880755322418356 0.00394200231987084 0.882014477428033
-0.0592790471081312 -0.0974073046289726 0.0774340222828387 0.665953542182707
-0.0488162498139525 -0.0749653589239419 0.117908658080926 0.281354405802149
-0.042277367069162 -0.0727017378168632 0.115114913282363 -0.0675383505780858
-0.0370167804754543 -0.0569560860677447 0.0271708692537057 -0.415314882457776
-0.0482062058123432 -0.0695379772322277 -0.0331177845277056 -0.635514535509633
-0.0366703332715771 -0.0788278562008032 -0.160073235301969 -0.716605184679143
0.0267314484081991 -0.047091116094409 -0.308527810746623 -0.640266682146098
0.0381640057994883 -0.0337632250037893 -0.390065949629931 -0.547344679530941
-0.0257333606162619 1.91918389889478E-05 -0.318375025624978 -0.471786258606313
-0.0519211531157008 -0.0466793040754527 -0.13907853001216 -0.202243742663576
-0.0742849493827558 -0.0648762137998556 -0.00734928252764811 0.265108426384083
-0.0929034953301626 0.0103880556912761 0.155548743005418 0.574001034055777
-0.0182303266951019 0.0268999547324815 0.0938392873495692 0.654813249623468
0.0253378379002745 -0.0552735670966867 -0.0503384021599512 0.810206305963968
-0.0439908702214449 -0.0991761353085038 -0.0483673811435153 0.869115604980626
-0.081994146394249 -0.0827759670330504 0.0351744081867011 0.634641831376151
-0.0708719710686407 -0.037835771538323 0.0969684464647956 0.246421178623495
-0.0644495814836199 -0.0332785702734241 0.100108009768073 -0.0971461943616903
-0.0590677577861117 -0.0164679736191099 -0.000113402324504264 -0.438998211833154
-0.0720887736088361 -0.0443426191122216 -0.0833009315271343 -0.644607558516628
-0.0462177108996731 -0.0780443966676643 -0.21763893307419 -0.701492836339825
0.0553121215899673 -0.055909790833595 -0.356493394329105 -0.607710965402706
0.0683701599907927 -0.00693426001066696 -0.424149966258448 -0.511176457141033
-0.0378828164735351 0.0367011366560006 -0.329156368829875 -0.439253134775624
-0.0865657860955276 -0.0503883156552004 -0.126347213966888 -0.171144916608293
-0.0956391427483505 -0.0549491190514484 0.00884881691432471 0.29737833306632
-0.102069433885256 0.0567661848656978 0.143345303566 0.592653083612961
0.00650247713817136 0.0640216039828739 0.0637886238547896 0.680850421029905
0.0459254689187522 -0.0462277952275294 -0.0722066804909408 0.81344741260118
-0.0576441960106676 -0.084224983206905 -0.0739006703301876 0.839516903667433
-0.103517663597066 -0.0459325217959568 -0.00230216899725288 0.602384821080456
-0.0874621939912549 0.0114990843172827 0.070182042474871 0.224797398149601
-0.0793878597075692 0.0156331584579241 0.0799108903343572 -0.105694877198455
-0.0693319444649041 0.0293459250332506 -0.0281409507428814 -0.446027224906931
-0.0820563400826044 -0.0151795816512569 -0.124960013063622 -0.647752441646588
-0.0422905426625538 -0.0699540324362315 -0.259303397477564 -0.700441318891776
0.0915471246511717 -0.0513463479910105 -0.376807180333685 -0.600024186490185
0.0961949278216845 0.0276982870979035 -0.423734865921495 -0.489194683802551
-0.0507720093068595 0.0697899672817392 -0.325164371337858 -0.415032783183719
-0.108609507216116 -0.0504945060875357 -0.105039373007002 -0.144878555954493
0.13608198566764 0.0513329875204454 0.017995636041378 0.181158914240444
0.0509464038937103 -0.0888245886647406 0.276640294737797 0.439414949011653
-0.0980492864494253 -0.0500135400740304 0.422578590655625 0.484838466449294
-0.113968660318081 0.0819536867848929 0.387685312244599 0.578481969572093
0.00727072664844966 0.114291446687931 0.29760651352097 0.692182976406947
0.0472197379983681 0.0216207734809184 0.207945438244649 0.653525944658692
0.0634189219683026 -0.0231599532859143 0.111754535569864 0.432073759650169
0.0588802574017875 -0.0263202252461237 0.0700675600842998 0.153654512138849
0.0845986496437533 -0.0168551703585841 0.0129456078075256 -0.216987296651244
0.0707567491968453 0.0268915170371723 0.0868657063296372 -0.536121027118768
0.0191484090833837 0.0927562190487451 0.10907158987861 -0.80213659452461
-0.0667034500111181 0.0882697461578083 0.0534822835425689 -0.822034731495039
-0.0322128642009622 -0.0635473868678452 -0.0788019162612556 -0.708379829755859
0.0759821726133702 -0.032422149127566 -0.162602291193599 -0.620016751476614
0.11428450041112 0.0719121085260205 -0.0552487030432747 -0.295106138610349
0.116653534937676 0.0422950278054186 -0.00223184739707358 0.172582505389256
0.054183622369229 -0.0951684225041898 0.265420315392476 0.444281203337135
-0.0990281984723936 -0.0805062285174751 0.392254099346525 0.496501955617718
-0.136811276121149 0.0461870672460996 0.352688585046139 0.620852086772574
-0.0185091262775466 0.0846364576894088 0.285081157300543 0.738044113402211
0.0291956394273718 -0.00873310385769382 0.220249447929507 0.668264098021811
0.0490542082205009 -0.0610982062097087 0.131987281385561 0.416795857942709
0.0507880552146056 -0.0680095612102028 0.0926864195945663 0.12300205421098
0.0748959244435849 -0.0627974514563897 0.0379781115466398 -0.241652453034645
0.0689170978357963 -0.0249779170275845 0.0956286326643962 -0.545203155034079
0.0300215442253734 0.0400987810728538 0.0887625603626787 -0.782228510024816
-0.0488942431471682 0.0630687632223491 0.00108400087054831 -0.800200567196129
-0.0392324061142432 -0.070832663680444 -0.132720256198879 -0.704792063198379
0.0547526535896738 -0.0572213933859312 -0.190934379385187 -0.61818405261949
0.103222136008631 0.0371183329292485 -0.0835712862294353 -0.303519885265875
0.0836550170053115 0.026047891774279 -0.0151166733253615 0.171544833295786
0.0450684697175606 -0.0870009391302672 0.249368303399959 0.460662003884953
-0.0860845471598823 -0.094572658336219 0.348001105861929 0.521347224041459
-0.134464758218077 0.00170684575091719 0.285531824679413 0.672977780060078
-0.0414915698791254 0.0412869197327734 0.243269709814482 0.793287930989093
0.00408901905799174 -0.0392979259052008 0.207664561868075 0.685015104392785
0.0269280278002599 -0.086643834495561 0.142474869637102 0.39323745490651
0.0332668319633016 -0.0965369823658278 0.110278400236549 0.0790229296523011
0.053338131522967 -0.0916203062638071 0.0519473880360914 -0.283934329318272
0.0499254722486799 -0.0645504811091271 0.0854149767059236 -0.569500831532333
0.0259414174686736 -0.0105373433539188 0.0435563491173619 -0.770541430030411
-0.0277925593861775 0.030884480691616 -0.074845606891139 -0.772641682984824
-0.0312793074302957 -0.0691435834153728 -0.204670599435022 -0.682542451001291
0.0292289097316559 -0.0636054900904903 -0.230645734060056 -0.595885413544354
0.0749952940519912 0.0035855520370252 -0.112107896754493 -0.294246667705608
0.0420748105094717 0.00175098600272788 -0.0203287730059344 0.179524307172574
0.0183565642371268 -0.0714318152360096 0.235266252056637 0.485216947342471
-0.0701317856150412 -0.0860254440175617 0.292096031099212 0.552285476945855
-0.108051151372505 -0.0344635808989773 0.198196042225466 0.722799503754354
-0.0528758380509443 -0.00915774440940036 0.172999475248517 0.844485761897498
-0.0193593541061201 -0.0689408307170871 0.176126440814395 0.695651832139956
0.00227696758519498 -0.100292632136473 0.14370722745078 0.362234896349046
0.0101882756246042 -0.106745531789374 0.120267646373933 0.0270145615862243
0.0234585590499426 -0.0995847141657087 0.0549081850886247 -0.332847469077334
0.0183665091615451 -0.0846584839910121 0.0574535022438637 -0.597871375826726
0.00745908787802636 -0.0492954913534279 -0.0218697313256963 -0.759507158472396
-0.00986225582929163 -0.0030794783252083 -0.161402655860729 -0.735773734423162
-0.0137742179824069 -0.0640140302894855 -0.280217931333615 -0.646117939945177
0.00717495901359465 -0.0545848460439321 -0.270231849534136 -0.560489061612597
0.0352770147748051 -0.0214578626289733 -0.133050852258377 -0.270235806870644
-0.000789787315875578 -0.0288067994378796 -0.0206624498130366 0.201183871489595
-0.0205586498434604 -0.0517567734471836 0.209268478746094 0.519535603992943
-0.0540734963294839 -0.0587236329373098 0.227867007306254 0.588514548134549
-0.0654018811530515 -0.0553282703896105 0.102730382772798 0.765899348644347
-0.0491693664409837 -0.0569364752519344 0.0900127016512367 0.877151210850571
-0.0406844649050329 -0.0903313411439805 0.13024487044462 0.691131552467467
-0.0246324017348994 -0.0970583959956313 0.134961664468577 0.323097921446555
-0.0163209655975415 -0.0979572416456727 0.122621207225295 -0.0248535610502967
-0.00841352474207701 -0.0871580606388716 0.0452451895852597 -0.37903652512984
-0.0172736713708988 -0.0847908879061377 0.0140211032222198 -0.623794540348366
-0.0167125137508565 -0.0707456422719557 -0.0963921081049303 -0.741537210822218
0.00544689066678708 -0.030100414631161 -0.245290320127074 -0.688278053575803
0.00842812299320962 -0.0524639963606894 -0.347570866415924 -0.596094358645294
-0.0104654048867551 -0.0310870589292931 -0.304119960240457 -0.517290771910269
-0.00880003120617389 -0.0373575568641123 -0.143432470958729 -0.236728503816621
-0.0397991123053603 -0.054963119504409 -0.0145835634645674 0.232263144251443
-0.0617286589489368 -0.0272549067902324 0.183826414875344 0.552625522615044
-0.0392295405650122 -0.0186066627432835 0.157516802071748 0.627659906647424
-0.01588134199107 -0.0596003387879749 0.0145871313380912 0.799051917387296
-0.0429385583712526 -0.0884074879188073 0.0109211990580978 0.890384597876388
-0.0612289355286785 -0.0979282840707821 0.0844846907855468 0.672474099581879
-0.0488172075178085 -0.0764547613701455 0.120093706796739 0.28259389169893
-0.0433132669104989 -0.0731002920500078 0.116349131905434 -0.0689855259018414
-0.037756510833683 -0.0572107746734431 0.0250647750215753 -0.418258523641421
-0.0493758018407411 -0.069634185172128 -0.039694761777257 -0.638365240038385
-0.0369018511651396 -0.0785524744678686 -0.166832974806162 -0.721174032803508
0.0264748170431525 -0.0484322236508614 -0.314988728759223 -0.642727068977483
0.0374859277681312 -0.0341086835672234 -0.398761015574913 -0.549000317348511
-0.0244489016590161 0.00178577082762051 -0.324413924511559 -0.474714294271567
-0.0510959706498884 -0.0465391697990806 -0.141400688015926 -0.203123570333737
-0.0738514489121223 -0.0645440971148811 -0.00464097734298345 0.267827532338066
-0.0922612217014456 0.0112069396660067 0.161046011619591 0.578793261837519
-0.0182104217706671 0.0261316056550205 0.100767445483294 0.658247031873701
0.0242330807075783 -0.0553952536026885 -0.0442671126890881 0.819195014041623
-0.0445963506799102 -0.0991077321917709 -0.0404452338164445 0.876310676346997
-0.083316631005445 -0.0823304370140029 0.0397286927962667 0.639471826049986
-0.071881828375953 -0.0380408158304432 0.0982270804737226 0.248289688569981
-0.0657251499836134 -0.0324539633869915 0.100533362215318 -0.0986974172877884
-0.0584915355487914 -0.0158025712508865 -0.00336964761458913 -0.442203263878058
-0.072613013792267 -0.0435898707984147 -0.0890429524376135 -0.648053339701783
-0.0481267683819407 -0.0778409262187168 -0.22622744614479 -0.706174873133033
0.0554888301224065 -0.0565878465145798 -0.365843399956637 -0.610319088641141
0.0685691772464622 -0.00723027446333226 -0.428442406635719 -0.512351979241995
-0.0369088919257023 0.0379342571603724 -0.334972147342105 -0.439990079164681
-0.0864552553359918 -0.0497576794795714 -0.128868531603842 -0.171856868679498
-0.0959923086239065 -0.0543989410120225 0.0125316548253969 0.299594068445135
-0.101415950251985 0.0570736773307405 0.148563398367842 0.595418245669838
0.00594376098340645 0.0637566553265156 0.0685053983763738 0.687319618634052
0.046538672725565 -0.0470177686556359 -0.0654274215553126 0.823098648506526
-0.0587420792351974 -0.0842079088680771 -0.0671139724682812 0.846749063775533
-0.105335626533115 -0.0452720869097621 0.00359818679685348 0.606458052418397
-0.0869376831769343 0.0120217373436285 0.0716479653734123 0.226020732168944
-0.0795382968111767 0.0173652583240307 0.0799784466822213 -0.107761153510927
-0.0689092384056233 0.032015146335229 -0.0294675624089745 -0.449537440648161
-0.0821700517950347 -0.014906096005465 -0.130493204105189 -0.652028198780408
-0.0426902103447258 -0.0698102928328537 -0.267963955322198 -0.70430394514409
0.0911614450298755 -0.0524933178293617 -0.38528133962697 -0.602599132088873
0.0966324940794753 0.0264368453387298 -0.431734360471056 -0.491199231332464
-0.049975995980367 0.0719111561418695 -0.331323804902025 -0.414369284332373
-0.109378165217685 -0.0504613957388535 -0.107069007237817 -0.144991170365127
0.138123599509856 0.0503122412685352 0.0198766526237039 0.182325012411245
0.0505494173552311 -0.0886330713967596 0.283519460857721 0.441369610837546
-0.0987201943948644 -0.0507156810857174 0.429628582295879 0.485671133729331
-0.113371383302082 0.0848507712923082 0.398921952400494 0.581289471933835
0.00899950475076763 0.114757061666909 0.305758370103873 0.697292931639719
0.0474594525739416 0.0203564332165553 0.215639817100407 0.656885642579148
0.0638792741938294 -0.0244168638893927 0.115043820886202 0.432721819697214
0.0572442575972307 -0.0267745275296329 0.0737906420073486 0.153882220012484
0.0843525068295111 -0.0178394198578613 0.0111620381754471 -0.218280431387643
0.071294868433885 0.0270761151053978 0.0831252989806551 -0.543028492022358
0.02139748650194 0.0931549583449395 0.101799330046455 -0.810014408023082
-0.0651707936520792 0.089133927337308 0.0458221047885442 -0.827887294617658
-0.0330276484779229 -0.0640402476054179 -0.0875899631929432 -0.713759892215646
0.0774196795097866 -0.0325183316599361 -0.169766920150811 -0.624323781013656
0.115773562542954 0.071211116219246 -0.0581233821277569 -0.296867719098587
0.117984262292543 0.0412749966991761 -0.000312414998420912 0.174402696083586
0.0548645382356619 -0.0956484201611339 0.271025900310313 0.446920264230711
-0.100205504749889 -0.0809139540460647 0.398365856398903 0.499498544813113
-0.136483933656908 0.0471877922800477 0.36139648789398 0.622776478441057
-0.018366228186769 0.0858147190457567 0.295779589779732 0.741586379535447
0.0292157017727218 -0.00890696740956642 0.227380637333084 0.671149228972651
0.0487247603443021 -0.0622097172314085 0.136689165397553 0.419130461650999
0.0502453261948914 -0.0682191767470359 0.0951571081868497 0.123188954324602
0.0750826600420012 -0.0636729264963275 0.0356814897437601 -0.242938403672981
0.0692554798909245 -0.0260829456203056 0.0911834525332692 -0.550278703581229
0.0306287929460995 0.0409022498310694 0.0816337644021038 -0.789031523973984
-0.0474464357934297 0.0639867840916165 -0.0066441927162968 -0.808758068399778
-0.0396415806197411 -0.0700584278803111 -0.139760050443944 -0.709526954578975
0.0556333090838462 -0.0563416111312718 -0.197084440517637 -0.621786263977398
0.103984871579999 0.0369009937886369 -0.0870070127237492 -0.304082119670473
0.0849677631573169 0.0248731582111892 -0.0131122710002844 0.17374924740016
0.0448345109135065 -0.0874490989045419 0.255680511121521 0.462395570838125
-0.0876750174950406 -0.0939750167872984 0.355435208052208 0.523731653189799
-0.135969988416166 0.00310538243635991 0.296528900305448 0.67532725902181
-0.0414910247554791 0.0420755252990518 0.254420100812127 0.798198721255142
0.00432151929273264 -0.0399210076100653 0.216887709813254 0.688678065377078
0.0272717688711695 -0.0886930309013258 0.146338543258677 0.394127306722831
0.0319773901179215 -0.0973302169004333 0.111611795459492 0.0785076404321854
0.0526242932321035 -0.0916738170623129 0.0504457078541239 -0.285485078679714
0.0502823462127438 -0.0661058592637834 0.0815734019964578 -0.575824437836263
0.0257677372714711 -0.0103587065081104 0.0357897596301691 -0.776972530297792
-0.0268144595066246 0.031028206895223 -0.0826675573706476 -0.776371481389831
-0.0320637927807695 -0.0691603949569692 -0.210830490360856 -0.68701223150812
0.0298265899603079 -0.0633290041736305 -0.237379515931931 -0.599662383510354
0.0761822373492145 0.00313794955638696 -0.116942839533639 -0.294110540522267
0.0427863223873458 0.000752200540032902 -0.0178672984335098 0.182365743912449
0.0187612110483443 -0.0720647981272507 0.241067357912603 0.488836701266731
-0.071027103554903 -0.0869698712114846 0.29947947358516 0.556602489562106
-0.109580802021285 -0.0341686861958763 0.208877509825585 0.728736979606408
-0.0524428818491888 -0.00937011094549677 0.181118484314118 0.849760867993394
-0.0207077306537543 -0.0699645990111617 0.184311216592574 0.700174483714115
0.00167684283029469 -0.101879525325723 0.146770089407982 0.36309062675582
0.00818201805670065 -0.107512546396519 0.122483416907319 0.0265258171642274
0.0233521361957216 -0.100218287032815 0.0526019644482064 -0.335642680305585
0.0188665097807406 -0.0856437877489472 0.0508846384682877 -0.603751413989995
0.00716353713781798 -0.0492521031881548 -0.0296620226556569 -0.765439879998479
-0.00957416163439294 -0.00279937495916385 -0.170633465620907 -0.739064937771809
-0.014886306858111 -0.0636444837156234 -0.288086372159244 -0.648842475146092
0.00832495535409399 -0.0543752140513864 -0.277558286786107 -0.562626305822703
0.0358067867403068 -0.0215232838286847 -0.136984812685832 -0.270336145921865
-0.000119288054308456 -0.0289849460974915 -0.0176350669210136 0.202574999987773
-0.021169351036834 -0.052719039478841 0.217058419085483 0.522841183426578
-0.0556075783552134 -0.0600120476709908 0.233542315948885 0.59211729732873
-0.0661998059232569 -0.0550266822793459 0.11188967528316 0.772735750835334
-0.0496794339998727 -0.0563124236429917 0.098865657408322 0.884375909142353
-0.0413016125066346 -0.0919327201695382 0.138018511311341 0.69636154147907
-0.0242004018831709 -0.0986344152931614 0.138332163410801 0.324069701405308
-0.0175905271358614 -0.0987911455252961 0.123525879805197 -0.0257560172486394
-0.00958913490070694 -0.0872200020813167 0.0419672366608539 -0.381868583980687
-0.0177342163063675 -0.0850898406235171 0.00778204031182441 -0.629008168915562
-0.0180195523775523 -0.0707339578532938 -0.103707069204008 -0.74863943399728
0.00509395741748019 -0.0298170955216946 -0.254589864623537 -0.691327779731945
0.00820397549591166 -0.0530119883669658 -0.35682820161981 -0.598916549860127
-0.0095193330535393 -0.0313401922028998 -0.311343906793998 -0.518607524374017
-0.00877031882971717 -0.0372704236206787 -0.147526578239618 -0.237885756035446
-0.0396161597378836 -0.0545976902572676 -0.0121052070137424 0.233730319288848
-0.0624484088304275 -0.0276902267894955 0.191139433347857 0.55385642851662
-0.0404214146902262 -0.0190185126188678 0.166381413303829 0.629981139618788
-0.0175093684306883 -0.0599696677263499 0.02305206266495 0.807719749892659
-0.0444429250368969 -0.0885309850488012 0.0209559236826685 0.899044964874401
-0.061473779222282 -0.0983178274248367 0.0906684945378758 0.676462970345207
-0.0498825337571055 -0.0766071073351143 0.12329474283148 0.283618444661133
-0.0429854698661109 -0.073726316201158 0.116651273972336 -0.0710011287805628
-0.0389585668795691 -0.0573377615881674 0.0205835047354878 -0.421935234134864
-0.0501345016334898 -0.0688867418622329 -0.0448431504433941 -0.644868085326064
-0.0386285053414794 -0.0790167389183584 -0.17576228013324 -0.726085501927698
0.025727352067436 -0.0487265321729593 -0.324683319192457 -0.646862860952059
0.0366815320473646 -0.0343309495010554 -0.407662112201161 -0.550293736939891
-0.0242377580874985 0.00220939129175843 -0.333156413966402 -0.476060640432047
-0.0506336713960451 -0.046233214214461 -0.145778600317491 -0.204086003472514
-0.0741413728101249 -0.0648773126491756 -0.00135256585595517 0.270153916545954
-0.0923969756701892 0.0115518235493511 0.168055370352516 0.580628265185386
-0.0186848449778338 0.0262625107453406 0.107155984544425 0.666408364113824
0.024042901009478 -0.0568698892586976 -0.0356987680739669 0.825476206105044
-0.0455201497950988 -0.0990056961369215 -0.0322258408524797 0.885637664661674
-0.0846477821219674 -0.0827588314226111 0.0465872669437837 0.644278369496254
-0.0721390807770035 -0.0389861621057439 0.101294856510215 0.247428328268059
-0.0667448666215553 -0.0321212232947775 0.100472315274412 -0.0998344584746267
-0.0601493587265761 -0.0150160544734959 -0.00743116207187421 -0.444094254798609
-0.0734423574201442 -0.0435364323683476 -0.0952167063578813 -0.652852807655983
-0.0494511729321426 -0.0778712110186978 -0.236901175930973 -0.707889696520572
0.0553993305229261 -0.0576636395647476 -0.374259023006735 -0.613131663179863
0.0683624334170609 -0.00865454368350377 -0.437092408284417 -0.513326430965867
-0.0371752451032681 0.0390395262603577 -0.341785140827757 -0.440590407680676
-0.0868410046018264 -0.049323191822208 -0.131028198423428 -0.172402968781149
-0.0957226950842466 -0.0542756256826233 0.0157601101827445 0.301682049163347
-0.101050189239201 0.0590855739125005 0.157433480955671 0.599746829764816
0.00596315218013054 0.0632449049898597 0.076563608879438 0.693933099444582
0.0464302890999771 -0.0478252576018112 -0.0571387886763177 0.830076145964953
-0.0593814681153609 -0.0829243376317456 -0.0583734819060766 0.853719018553356
-0.105487263792751 -0.0447061701002612 0.00866818212469935 0.611457979331263
-0.0875971400860525 0.0120183447793252 0.0733558472416887 0.226310781056575
-0.0798824876600608 0.0179941895760064 0.0800812992873047 -0.1098782398985
-0.0686134263194211 0.0323190822976153 -0.0359698758020454 -0.453600975925481
-0.0833032108855368 -0.0133256270346702 -0.139081410825361 -0.655667330120308
-0.0443937638110699 -0.0695481105950218 -0.278068677534564 -0.708352581508508
0.0913868086717514 -0.0534358920030968 -0.394863963458027 -0.602952072222386
0.0964303030185194 0.0263839131819482 -0.440791386810267 -0.491944295626965
-0.0491042092453165 0.073149942040002 -0.337280667040876 -0.415353550502147
-0.109731949105144 -0.0495070827115083 -0.109624697464447 -0.145020104792919
0.139541645321087 0.0491565827876962 0.0231437138346192 0.183317571103449
0.0502382487516556 -0.0897534734319962 0.291461667328319 0.441327032210849
-0.100164733835361 -0.0499223766104753 0.438543720309812 0.48412292595951
-0.113571830163382 0.084910587610879 0.408222459911267 0.580951005580625
0.0107179653699439 0.114531514735716 0.318460742240025 0.700125966186711
0.0475991378338945 0.0196651095358301 0.224348162153256 0.660365625314365
0.0633476652511774 -0.0266162918064735 0.121373548783837 0.434370996881438
0.0582488788793378 -0.0280998111337021 0.076070125736404 0.155099011649885
0.0841038008200146 -0.0192621128392841 0.00897850301358915 -0.218878465993111
0.0718512885334011 0.0267377021412756 0.0797410311715164 -0.548238254008441
0.0215613258693672 0.0931253813911073 0.0913224929568559 -0.81478377661233
-0.0647463754394985 0.0901757510814958 0.0358914937239711 -0.836216726610868
-0.0340253505042305 -0.063176987062511 -0.0962728709635832 -0.716818101817627
0.0783111728480779 -0.0325637269490245 -0.177432149090908 -0.627993836287084
0.11668420816231 0.06990361093527 -0.0625458402386435 -0.29705244594978
0.119900310046634 0.0393025376920437 0.00118361015729914 0.175216033889488
0.0538104789685213 -0.0974225515104936 0.279807505773313 0.446795741333074
-0.101862301495346 -0.0803025450519825 0.409155291249587 0.500452883775524
-0.135791104012657 0.0486820105838113 0.371847498501851 0.622214385954821
-0.0171424519621472 0.0860070202833274 0.307070435195627 0.745698604169493
0.0279041135245611 -0.0103744885668414 0.236798946169485 0.674917284623119
0.0483457891362537 -0.0634676810986074 0.141890059869223 0.419881712020519
0.0486010063745165 -0.0702781581654205 0.0976458296245528 0.123812219680176
0.0747819074075255 -0.064322222403077 0.0332596724239115 -0.245149313762484
0.0685548212085301 -0.0266042123754875 0.0878042832447757 -0.555034502304733
0.031668200146194 0.0402149878203624 0.0722097508571443 -0.79553311799045
-0.0470561106864021 0.0649787501478001 -0.015446014869618 -0.812427022540115
-0.0408080575097212 -0.0703780822705605 -0.147187092563095 -0.71438192520995
0.0564442525659096 -0.0568857326089772 -0.205679620970393 -0.624900138182327
0.105881229617911 0.0359825369776795 -0.0915136665025136 -0.305861042916757
0.0865959985212145 0.0247845501475283 -0.0112491227191549 0.175068595735979
0.0452607813889153 -0.0890029734777957 0.263476887865289 0.463203448893243
-0.0900915883015083 -0.0947863205054067 0.363620493668804 0.525101051325402
-0.136261217038993 0.0033815841024755 0.307226011706082 0.678052973729355
-0.0415369395463566 0.0426646555374878 0.26544067370467 0.801626359556994
0.00310079504327438 -0.0402882206765443 0.226028694205622 0.691464487265771
0.0268586494235466 -0.0903772212628475 0.150774620771683 0.395039396319734
0.0316006212110731 -0.0984267829186924 0.114634069442064 0.0783489911675572
0.0516619632151511 -0.0938583941689167 0.0471727754483133 -0.287822089548372
0.0501646523072718 -0.0663428979406861 0.0749149454717294 -0.579655997985835
0.0260368284372215 -0.0112295269591173 0.0256511634044953 -0.783475425075972
-0.0263852024473918 0.0319552350235142 -0.0934703959983655 -0.782296082246926
-0.0330332641050897 -0.0691982027781039 -0.220913263943785 -0.691815796767614
0.0308251012811511 -0.0636115420039992 -0.245531068695213 -0.601463047986802
0.0760123612286682 0.00227234181473784 -0.121521825772432 -0.294553196833101
0.0441410192822666 0.000144580693799227 -0.0156996681260639 0.183710962930604
0.0183888865864111 -0.0721549781524051 0.248657581238085 0.488827531713108
-0.0725335758067588 -0.0866226215449081 0.308836522489182 0.556742686164261
-0.111137734083067 -0.0336830678361827 0.218341536364085 0.733014921857581
-0.0535840200117395 -0.0095447363838234 0.193331163173643 0.854858601295545
-0.0217778864544059 -0.0708260538706578 0.191627242539727 0.701954348090033
0.0015440205650328 -0.103300787656121 0.150675110551086 0.362172380143347
0.00662099465021031 -0.109027220091187 0.123571558219792 0.0256300607770411
0.0217333752026892 -0.101362156865744 0.0487305791183349 -0.336583043016054
0.0179741031890167 -0.0862172502618515 0.043679393895772 -0.608467162817305
0.00636079609322136 -0.0493595315712416 -0.0394236325558566 -0.77057117317547
-0.0103867649200525 -0.00301323881665016 -0.180702142035381 -0.74302362216967
-0.0159574150147567 -0.0640916244964423 -0.298383305815523 -0.652730481979722
0.0076040044212574 -0.054323861435562 -0.287139783215563 -0.56376409542671
0.0355976484266869 -0.0224804630936499 -0.141703415770847 -0.269798700341693
0.000620943359563421 -0.0290238520552031 -0.0151970680006993 0.204647389305641
-0.0207333171528141 -0.0533295484859627 0.224769081484323 0.523586937644332
-0.057496954594815 -0.0597232153962877 0.243732967045642 0.595140197902147
-0.0675305746303766 -0.0547146486578974 0.121852995239904 0.777256812028247
-0.0513839304631006 -0.0562326636011906 0.10905149163355 0.890657043584629
-0.0427362179797548 -0.0923674628354385 0.147135596246235 0.699880097991333
-0.0251862180225389 -0.0990661719230374 0.141729328468901 0.323947230527384
-0.019023462631544 -0.100180943346025 0.124805536582954 -0.0276534536738183
-0.0104865039018572 -0.0885165658728053 0.0374415016488541 -0.38513305384116
-0.0183944272183101 -0.0853943775951732 -2.80147952815117E-05 -0.633312467886432
-0.0193016013409107 -0.0708867951990504 -0.114699540409302 -0.750636658438125
0.0065810054763721 -0.0299048695965398 -0.264990404220477 -0.695436229191571
0.00743422787124301 -0.0535281084083234 -0.367412514556681 -0.601118454005953
-0.0101843957878035 -0.0302668104253274 -0.320222993214948 -0.520487548877291
-0.00870896866157926 -0.0380860428660389 -0.151294553699523 -0.237118513885239
-0.0396340669588991 -0.0548531224161874 -0.00922355045639902 0.235920669479479
-0.0623839390663513 -0.0268694234453639 0.198753104323051 0.556858708735904
-0.0406889929910425 -0.0191491602405034 0.173833983642096 0.633899090319597
-0.0179529007509059 -0.0604617966764968 0.0336870126797464 0.81197487215076
-0.0453940578865427 -0.0890709858939323 0.0318721535244846 0.905359528262889
-0.0636357855663995 -0.0988501919832002 0.0983049102433802 0.680836481750389
-0.0503646176480918 -0.0777601983635805 0.125640677747421 0.283782790133517
-0.0444864658543586 -0.0734854764800939 0.117275024726739 -0.0715953432350311
-0.0389931439008075 -0.0572652945321702 0.0152907799564417 -0.424453371718546
-0.0508054508568008 -0.0692016847740471 -0.0553705909045672 -0.648923574413713
-0.0395557639122578 -0.0794493440932089 -0.186594726744049 -0.730755787125388
0.0250109564459944 -0.0487825175609291 -0.335326610944416 -0.648523574081657
0.0364525393275132 -0.0350494594162634 -0.418414387392448 -0.550292552147766
-0.0242278174656056 0.00251860394095613 -0.340788631202703 -0.476146428449632
-0.0517208478922235 -0.0457859990988442 -0.147884411216773 -0.202953172299935
-0.0737416265498232 -0.0649546249835386 0.00168936757528634 0.272210861961431
-0.0936776070841453 0.012460194344525 0.176780833413495 0.583875649319288
-0.0197350416220048 0.026158888554309 0.116428723837854 0.670195226083279
0.0240340380456447 -0.0570953004596243 -0.0274668304727127 0.832956696271521
-0.0469914745291432 -0.0992949356528773 -0.021917423891498 0.89152517452759
-0.0854996114904998 -0.0815199725098127 0.0544792027965545 0.647436889992272
-0.0725072718306698 -0.0386569721487278 0.102383715474943 0.247991963443978
-0.0660644903027673 -0.0317702636331571 0.100498487881838 -0.102080537092742
-0.0593915830845692 -0.0148471355107845 -0.0130464187093042 -0.446814442184929
-0.0745996091229933 -0.0423475945378685 -0.103801784781831 -0.657305736963669
-0.0494516760920478 -0.0771961875980641 -0.247634466095035 -0.712549899759432
0.0553665286018455 -0.0586005568435931 -0.384126585772278 -0.612873177759926
0.0682114752623095 -0.0087605845044393 -0.447600371479234 -0.51131588813788
-0.0360330866643636 0.0395082654250094 -0.348015666599435 -0.442825215239689
-0.0871106630097386 -0.0492816713948417 -0.134182722239025 -0.170389993541236
-0.0957170883299985 -0.0540088419376901 0.0194407297890142 0.30412016882121
-0.101265540065013 0.0593283545325698 0.164248320853891 0.601845617139186
0.00693823850661936 0.0633177960974171 0.0840875270070365 0.698247391050253
0.0451647036417509 -0.0491283077718823 -0.0482925158066853 0.835530666849284
-0.0605105847886782 -0.0823868156912286 -0.0499470979828211 0.862718043774739
-0.106558925263014 -0.044079075609623 0.0138137439477272 0.616526016966931
-0.0875663766638696 0.0123744689493522 0.074992489995948 0.22638077558954
-0.0803309050163676 0.019474229360228 0.0795072152772386 -0.111165056220211
-0.0676328425380761 0.0331103185535476 -0.0413294204617817 -0.455293991384182
-0.0833736638226691 -0.0130663054242817 -0.146870088807955 -0.660286301146957
-0.0452482533952978 -0.068351245955267 -0.287583452683343 -0.709351300344358
0.0911872838200213 -0.0547348949830577 -0.404722463836553 -0.604004787474743
0.0976956664826967 0.0252679491362593 -0.449382145815501 -0.4907973677366
-0.0484529486829622 0.074092072809414 -0.34521565962313 -0.415859258599942
-0.10971401808376 -0.048669821596982 -0.112123657196269 -0.144780102132641
0.142029530838685 0.0475247266018488 0.0243961961775472 0.18362784888785
0.0500522798037131 -0.0900416972407687 0.300783794287807 0.441076201940952
-0.101326800863364 -0.0482894415448631 0.448682980039831 0.483299428053198
-0.112296147964328 0.0875885503928425 0.420529695082792 0.578742895531716
0.0121639687356366 0.114870651228039 0.331380738942873 0.700099869960013
0.0477355668262163 0.0191559119990589 0.234758949573666 0.661712268854838
0.0639503992134559 -0.0270337154010072 0.126696992990621 0.434939123810333
0.0585115732135125 -0.0283207474332947 0.078784982662653 0.154316677671916
0.0838878537120681 -0.0198293227159219 0.00778120920881429 -0.220273929032666
0.072483221586556 0.0251873253104957 0.0706610829265569 -0.550617334235478
0.0234961565706214 0.0941319249180728 0.0822676096501497 -0.821551045938068
-0.063948622825638 0.0914391867465243 0.026067200836992 -0.839821970241227
-0.0348072850897333 -0.0622510535109969 -0.105041273373846 -0.723622061501429
0.079181938948844 -0.0321613076320542 -0.185588414938531 -0.630209253146866
0.119150056572781 0.0686651882406525 -0.0670476006921966 -0.298521143501586
0.121791308604842 0.038513088778717 0.00466800828802505 0.176954231125283
0.0540699667515531 -0.0987720520981647 0.287233543369079 0.445665684843486
-0.102211073871638 -0.0803473743087604 0.418394042595449 0.498648938833038
-0.136275846625923 0.0511634782417088 0.384198354626787 0.624055099129663
-0.016548337720585 0.0862097924783496 0.318714110218111 0.746450364422167
0.0279881105613653 -0.0111094128773527 0.244689327532867 0.676232502037194
0.0482455486369215 -0.0647593991469753 0.146743752338172 0.420271405870169
0.0486636775593369 -0.0715432736553943 0.101229293927841 0.122880214809189
0.074013533598561 -0.0665479044224963 0.0302428661451649 -0.246397990750526
0.0692415643563867 -0.027226746061404 0.0802941882606071 -0.559291275862684
0.0324347183962547 0.0405633356463778 0.0600642149227941 -0.802971803359357
-0.0463376503055455 0.0655744682481771 -0.0262530427000951 -0.818600229058526
-0.0415454677415413 -0.0694516185750902 -0.155891816851443 -0.717521410346147
0.0566223579669507 -0.0566397281349346 -0.21430751221057 -0.626276641417034
0.107291841261633 0.0345034876056921 -0.0959481145257898 -0.305953882740336
0.0882696642518424 0.0227700261324848 -0.00865195755740549 0.176161159243796
0.0444214270653933 -0.0901289765143332 0.271889836887739 0.46232115177553
-0.0908230863944933 -0.095048763305709 0.374643118175365 0.523550458360672
-0.137015486737744 0.00662568450434834 0.318086572381259 0.67894014475949
-0.0409239827165541 0.0435451381822376 0.278601786580594 0.804517197356618
0.00226407786479925 -0.0415193448709259 0.235630111762851 0.693865213750386
0.02619105191844 -0.0921699493682709 0.155797763779086 0.395152228070798
0.0295140767534109 -0.0990341663226491 0.117580365044838 0.0772832939526464
0.0513016505403683 -0.0951283273590278 0.0443671296605565 -0.289317780745146
0.0488512823646965 -0.0674829517639383 0.068202455953713 -0.584160142257185
0.0260857169528187 -0.0119260770390428 0.0152399145850824 -0.787757677896811
-0.0261987485487454 0.031044046492554 -0.103879970042993 -0.787258357036289
-0.034501199301222 -0.0691460099509969 -0.230081898454156 -0.693496154772507
0.0299715908254591 -0.06340499980582 -0.253563220949054 -0.602776451359647
0.0774569230783411 0.00160482552690204 -0.125206461166397 -0.294644455644585
0.0450923254927095 -0.00114917743294564 -0.012625233990338 0.185059929485211
0.018028899764841 -0.0733021142407242 0.256798517652119 0.489509173731944
-0.0736831962115674 -0.0868543369323782 0.318654077165084 0.558536258885431
-0.11184375791358 -0.032413602521519 0.230498385736445 0.734167884819844
-0.0543365774231087 -0.00837734695111268 0.206733078851669 0.85977886423638
-0.0228107650945178 -0.0718714722824953 0.203407382944976 0.705612358988917
-6.08528863890248E-05 -0.103726312718447 0.155236282698951 0.362652567026429
0.00617376376341083 -0.109459104369684 0.125069820063816 0.0234970375271442
0.0204637978866055 -0.102370532451843 0.0437277771135465 -0.339576186417105
0.0165365621494838 -0.0871778177885594 0.0350852933851737 -0.612000395443303
0.00569252571959125 -0.0500695358389085 -0.0506369237856558 -0.774791045286121
-0.010439635636018 -0.00229128066480351 -0.19217088960391 -0.746482221409008
-0.017320813570224 -0.0642203852040478 -0.30719080752548 -0.651904274550323
0.00882727223755684 -0.0536034495326721 -0.296140674631408 -0.565852295656426
0.0365444564227124 -0.0233088106274324 -0.146145498253648 -0.269569326132073
0.000553902781675601 -0.0298430637688387 -0.0123508311322955 0.205541173422432
-0.0201340892768702 -0.0540627260154254 0.232826607682595 0.52310164838542
-0.0584249304113881 -0.0601496152585863 0.253587812267904 0.597106478148122
-0.067679920352636 -0.0543684592341518 0.133934704123904 0.780437787377698
-0.0519959297847657 -0.0561926846481466 0.121736945704456 0.895165172631923
-0.0446138238897156 -0.0922225819638145 0.157283217138027 0.702149785633313
-0.0257754584856481 -0.100363945426103 0.145337366977446 0.323663973842266
-0.0210162013528093 -0.100517435593345 0.125459830101766 -0.029900190628262
-0.011275499873564 -0.0884409445075475 0.0327841732303367 -0.387007830499276
-0.0189431010949439 -0.0861471399326724 -0.00928609666211274 -0.638174836976894
-0.0199185044896426 -0.0714343778763347 -0.126708742332868 -0.757158613935138
0.00571991131927865 -0.0310295810912353 -0.276607656145859 -0.697587808968212
0.00637583456414754 -0.054025468661053 -0.376107557105325 -0.600253222732631
-0.00978597628146026 -0.029543902175281 -0.329594846301287 -0.520534850269681
-0.00827748992942097 -0.0379599635616363 -0.15541652034721 -0.23625785615385
-0.0399353435549128 -0.0554130001954544 -0.00612647838696816 0.237180048494761
-0.0632803716173182 -0.026398962004361 0.208363390414835 0.557546349589956
-0.0416043076266676 -0.0187597219465412 0.183194085775837 0.638595820183475
-0.0185931233720999 -0.0608031356412553 0.0442970009532651 0.818466185924307
-0.0452465553424631 -0.0885228940894869 0.0444925778233475 0.90928655338285
-0.0651586524568527 -0.0975311228945929 0.106885791245379 0.682265587684891
-0.0507675111850942 -0.0788116993685267 0.128469657307066 0.2827958159838
-0.0457289158576302 -0.0735405515625448 0.117698696213105 -0.0737681550967316
-0.0392966897004197 -0.057627413128373 0.0105980136382418 -0.425841163769076
-0.0524185945790563 -0.0691018416720424 -0.0630339032513413 -0.651404443776552
-0.0413669651958487 -0.079189860456776 -0.198995393089401 -0.732643453215879
0.0251497003379644 -0.0500707947136925 -0.346119045586993 -0.645910233636582
0.0357510446801925 -0.0354932793811973 -0.427465748927053 -0.549189116078514
-0.0240690979638924 0.00299492205738028 -0.349820577263255 -0.475573356650009
-0.0517730737971981 -0.0469611130565298 -0.151437145889819 -0.201821438516577
-0.0742158383006356 -0.0648740610562509 0.00594025335846073 0.274535467988951
-0.0924814012537637 0.0134357071130947 0.185128413069853 0.586323071722475
-0.019556012261331 0.0259993175718805 0.124572125238025 0.673678053245243
0.0232178102888895 -0.0580013596924684 -0.015676983812845 0.838703825486134
-0.0476640619429562 -0.0987736853027122 -0.0085483532236587 0.898400663331475
-0.0874491000584421 -0.0817639949899436 0.0628432295424128 0.652253204525677
-0.0734260729092961 -0.0388999528305667 0.106230384541626 0.247252258288438
-0.0676259497004542 -0.0309764947486959 0.1007694406133 -0.103505948914633
-0.0594739565690939 -0.0144349191800921 -0.0179666766858523 -0.44915318258877
-0.0745971645898394 -0.04111835956563 -0.114546666857455 -0.658586268439281
-0.0510644971030702 -0.076493245035888 -0.258678144266817 -0.71277213611411
0.0543462180904105 -0.060583731534226 -0.396474931653283 -0.611968560662526
0.068581509962181 -0.0106067187310874 -0.456458033372006 -0.510949586904791
-0.0357532697135082 0.0398314757731685 -0.356866483760145 -0.440626793125824
-0.0873469498862658 -0.0482007830119323 -0.137424696102808 -0.169946701692681
-0.0963012944560158 -0.0532033627967476 0.0246304401783641 0.30524848022332
-0.100732127019886 0.0607291936157334 0.173514451193558 0.6041777760918
0.00696313243372996 0.0630343123016463 0.093994735709546 0.701493339952726
0.0449306085490885 -0.0495676627292927 -0.0373666436642944 0.842695423894657
-0.0612936410070272 -0.0820247036978807 -0.0377558026901136 0.867926375136729
-0.107601942529085 -0.0425363208242172 0.0251744171011646 0.621205910846658
-0.0872361539890829 0.0134388921195059 0.0777229578065711 0.2272197915821
-0.0800138890878845 0.0199571491680455 0.0795037403953145 -0.113201552786065
-0.0679200172951946 0.0343947906274348 -0.0471282574185546 -0.457308837600159
-0.0839645747609526 -0.0116653358780375 -0.155968144253156 -0.661871331552519
-0.0461860145332993 -0.0682129356775656 -0.299782546681092 -0.709734845858
0.0915031486855314 -0.0566263462056285 -0.417248657915301 -0.604610456187297
0.0978655074278822 0.0239145860230464 -0.458197707864433 -0.489165012810561
-0.0476297038641487 0.0752872675278243 -0.352960508792174 -0.415125642843542
-0.110330168586695 -0.0478826743052037 -0.113454651577468 -0.143855588246536
0.143576267086547 0.0449390794741066 0.0272956166280256 0.183533011971356
0.0500489240101421 -0.0912561136912601 0.308666654930087 0.437949755311185
-0.102410509066181 -0.0481992407817505 0.45714484479136 0.482884004651678
-0.111267300850142 0.089327443024248 0.431513628423495 0.57753896954095
0.01371846859113 0.115632979272983 0.343680982497231 0.700546429930589
0.04766446729737 0.018297850012685 0.245036709277041 0.662914070278128
0.0638385347326306 -0.0294853282538678 0.133081014930813 0.434698308070192
0.0573426122117993 -0.0295550022678893 0.0828862830977229 0.153469546235082
0.0844164823218705 -0.0213900675642339 0.00450331225216208 -0.220870813973945
0.0735477208812282 0.025703742336698 0.0638977407919377 -0.555176877000787
0.0247039706514762 0.0929744541442948 0.0703330988054108 -0.827240227213364
-0.0631454125291072 0.0927054743914701 0.0155366463635989 -0.84648863632015
-0.036308904970953 -0.0620147476818852 -0.114209658589869 -0.726382118149019
0.0803841676258606 -0.0328090271565223 -0.195571635160451 -0.631481327781468
0.119939271697697 0.0672202260856768 -0.0723323220548174 -0.297895039943738
0.12248773434542 0.0370721560276166 0.00788340329546536 0.17735609916094
0.0532476250756121 -0.0994672859614418 0.294736351259894 0.44495686435015
-0.104510835289367 -0.0784600170367478 0.428361377843856 0.496664178308535
-0.137163891156769 0.0527858643012557 0.394764193196342 0.623676613343231
-0.0147883687179889 0.0869551935845812 0.333022666289376 0.744060932465883
0.0275720539475613 -0.0117846930351179 0.257305067335323 0.676922266930701
0.0474348675483331 -0.0665983627438688 0.153204784251692 0.419934662503721
0.0476729973475918 -0.0720343023471249 0.103605825102551 0.122775593917423
0.0732115494516913 -0.0669244178918313 0.0284218071903415 -0.247228728017526
0.0694203561968659 -0.0287302271858299 0.0726595115942419 -0.563732817780882
0.0327049399789934 0.0406317491841505 0.0487624496391328 -0.805814686805214
-0.0450889663260664 0.0670587374916714 -0.0392385495511207 -0.822571650817583
-0.0425094669008044 -0.0698534952389454 -0.166431882169211 -0.721003966557161
0.0567453320471449 -0.057155056301806 -0.224971808337998 -0.627750033405524
0.108057686790671 0.033048683705243 -0.100902025633522 -0.305727869458598
0.0889177164760794 0.0212542828803109 -0.00550190467684982 0.177232730699687
0.0432498465322417 -0.0908780889358113 0.280398674831072 0.461126617513176
-0.0926778475396988 -0.0938134204487815 0.382762151996509 0.523057695225065
-0.138043391045566 0.00788377843362208 0.329607640510375 0.678597893615951
-0.0406963518614879 0.0441367348800813 0.291189161616121 0.804023308220617
0.0015611981149876 -0.042327875428436 0.246402987101323 0.693151138839465
0.0246716764262717 -0.0939751392561188 0.160650547063005 0.395959937884863
0.0282003656371714 -0.100456337209163 0.119473058706254 0.0757422776105166
0.0498706566789273 -0.0965815813298175 0.0405650565371061 -0.290887618144047
0.0487847570541352 -0.0686922474391557 0.0590190940469883 -0.587868900319613
0.0263418285690177 -0.0118090187276928 0.00269909401488071 -0.792502780233664
-0.025781359243062 0.0321331677102949 -0.115767950350315 -0.790388035419853
-0.0351472017139704 -0.069079506719478 -0.239390322364029 -0.696059251485882
0.0303995410016925 -0.0635358756779518 -0.264112937795277 -0.602609183572206
0.078311819467205 -2.96602490783369E-06 -0.129567976350507 -0.294289564459831
0.0456043319915902 -0.00226313767004876 -0.0103318630106557 0.185920258060791
0.0169826953797723 -0.0741875820574749 0.266477441244568 0.488742962944774
-0.0763233034969395 -0.0869861267269141 0.32784055060541 0.558361473691379
-0.113290081538932 -0.0311402593447322 0.243011139706024 0.735310077167643
-0.0539220167288041 -0.0078809920356457 0.21844564346414 0.859735558654366
-0.0242985517327696 -0.0711274078809225 0.213585393607599 0.706409168556047
-0.000163389835082378 -0.105640248958474 0.159817097501239 0.362215633873512
0.00372509381957058 -0.109976363403967 0.126513047049288 0.0215171434626237
0.0197238040634986 -0.10331503473561 0.0403574230999561 -0.341158688243928
0.016169696715549 -0.0883590733808516 0.028035913994503 -0.616891890207888
0.00461817989852305 -0.0502997821837213 -0.063907017910034 -0.777605368754913
-0.00985714759544287 -0.00331465748157077 -0.204594153533735 -0.746290700536316
-0.0183439674905881 -0.0645930649813551 -0.3172541878665 -0.651159092278413
0.00866374692823228 -0.0530869041184978 -0.304301537060897 -0.565416314580357
0.0365842150716584 -0.024049767516798 -0.150009274663724 -0.268950349264164
0.00157306268313145 -0.0313288782671027 -0.00861772998975208 0.20762331138734
-0.0220171662636319 -0.053538325140043 0.242220265039463 0.52452050824937
-0.0593269176884424 -0.0598605563736966 0.262948774612159 0.598189449197918
-0.0701952346426278 -0.0537872470903564 0.146017686484911 0.784985070629793
-0.0528242793285826 -0.0554174437163075 0.13633197576597 0.898199821794722
-0.0461159102432792 -0.0929284412766414 0.167654164640177 0.703765321547668
-0.0268031671852081 -0.100650059612489 0.149012049808949 0.323521286129895
-0.0217585919081204 -0.100712097358307 0.126078110033647 -0.0308876707095737
-0.0122689998007154 -0.0886568659189565 0.0274120075135262 -0.389110424786158
-0.0212036556778168 -0.0860684331444155 -0.0176493408732242 -0.640614107873393
-0.0209229614080012 -0.071064625273638 -0.137578356623568 -0.758297648155838
0.00445479732805022 -0.0315924539026359 -0.287690423083119 -0.696819259134133
0.00580489110018956 -0.0546315616130929 -0.386832746915317 -0.600081593152789
-0.0100480331162866 -0.0294000624707938 -0.336847735432455 -0.519316568620138
-0.00818559912548885 -0.0386567073506274 -0.159298126473129 -0.236323523431912
-0.0392523679785383 -0.0550376501862554 -0.00169833937221621 0.23927915363915
-0.0629248572962823 -0.0265784317742195 0.215545044844093 0.558766184073965
-0.0429010295665246 -0.0189001587466733 0.192500194719226 0.639070162709568
-0.0203857980470002 -0.0612294273807165 0.0573068736706228 0.822482643170646
-0.047666851921021 -0.0883476818121377 0.0590964911455425 0.913495727401847
-0.0669063518824245 -0.0983903709590489 0.118434910971999 0.686420116843109
-0.0520938809903785 -0.0783942087926549 0.132726056902215 0.282279359596305
-0.046920985008786 -0.0728769286227365 0.117326143406548 -0.0758658374820499
-0.0403709135482412 -0.0569633337536733 0.004692309616425 -0.428239177232556
-0.0528860388349702 -0.0683598570761596 -0.0735026457516246 -0.65410419180269
-0.0424718457198047 -0.0781596612110116 -0.210374927906794 -0.733222284120672
0.0247642495511702 -0.050683062893108 -0.357007657200944 -0.648512919327421
0.0352172456113707 -0.0365403328319987 -0.436939962280227 -0.547331193239054
-0.0235200549286834 0.00359290724164908 -0.358199083802767 -0.472874362423087
-0.0517934858157195 -0.0452215862242784 -0.154792743949246 -0.201261489751799
-0.0747986606278543 -0.0643534417131457 0.00991828937914343 0.275221014113291
-0.0929075396115465 0.0137614981326144 0.194315430336655 0.586383761676032
-0.0203146869872892 0.0254911637416315 0.136153374853504 0.677457071523102
0.0226299438173469 -0.0588725626502729 -0.00374422530529776 0.843871631553001
-0.0491218792541433 -0.0991354898717054 0.00315292048047715 0.903529939618129
-0.0887413277705771 -0.0812326293982095 0.0716465357839789 0.65399073186146
-0.0734284901010484 -0.0392002272482812 0.108739455279642 0.247317747226554
-0.0675423383632779 -0.030005527616995 0.100318264386214 -0.106503473952824
-0.0598659047551668 -0.0134405568014912 -0.0246897904863869 -0.451638626223872
-0.0752479360441162 -0.0412135226058557 -0.125006438805871 -0.660446751426692
-0.0522146042214365 -0.0761684149700797 -0.269228888601959 -0.714943561170492
0.0541002957796946 -0.0606167882812316 -0.407264509047284 -0.610650720630223
0.0678996484821702 -0.0110502715174274 -0.467599836967853 -0.508095191143474
-0.0348036342485825 0.0415915119135938 -0.366250237129242 -0.438978897546642
-0.0882805173399792 -0.0476310671579409 -0.14072210673436 -0.16857300601736
-0.0964190646989726 -0.0527669505633396 0.0288871813455166 0.306984308078664
-0.100791273080653 0.0622240645549197 0.182115362835285 0.605034491331639
0.00745912765413995 0.062476421743079 0.10220241510634 0.706728491373518
0.0448068246418529 -0.0502894181871875 -0.0268629381097399 0.846317088718202
-0.0630605988843453 -0.0815178097614005 -0.0258285944057214 0.873224084155731
-0.10808139775468 -0.0417080613888254 0.032657782027006 0.622722890468873
-0.0861386798184159 0.0142333031921022 0.0803014345449271 0.226425024602232
-0.080055218936543 0.0210837925574516 0.0785985053047976 -0.115238461191095
-0.0675643889880899 0.0349614255573103 -0.0541534094886171 -0.458227266028042
-0.0830386982170501 -0.0100954946503846 -0.167121790716519 -0.664072528977639
-0.0466533638238378 -0.0672424609779204 -0.312550822429987 -0.711551792019907
0.0905868844390979 -0.058573998661822 -0.426596235633091 -0.60174905183211
0.0982011601140644 0.023090092162955 -0.467809113807129 -0.484962912885104
-0.0468153647270429 0.0761587589129239 -0.359601906755089 -0.413367044371315
-0.110619803211589 -0.0466237068399484 -0.11647524408984 -0.143186866494656
0.144987506373044 0.0421768294283083 0.0315119840691027 0.183595257649166
0.0493741845892819 -0.0932619988964569 0.316371792309831 0.43367764105057
-0.102984730012688 -0.0468034448110553 0.465012854154474 0.476789977640159
-0.110812767068597 0.09124429021518 0.442640756637355 0.574898715874776
0.0158808302127774 0.116092635973894 0.355217495112238 0.698840347745924
0.0480132737730592 0.0171680592704285 0.255481089513429 0.661597501369871
0.0629319700731824 -0.0306624293190466 0.139514158612588 0.433960073773691
0.0575165488187353 -0.0308493345698251 0.0857479801255094 0.152945985259542
0.0840931516652355 -0.0235029504091478 0.00129359788615934 -0.220219556649657
0.0732778581697636 0.0231495188029361 0.056847558312357 -0.556546178755783
0.0265832061127685 0.0939317130697477 0.0569903590203537 -0.829690981389831
-0.060943632834501 0.0934701759725566 0.00259536123155907 -0.848204658751029
-0.0372766600124233 -0.0604999687256361 -0.123413544947944 -0.729239426025126
0.0804224219792467 -0.0328208378371 -0.206334077102105 -0.631274369761994
0.122002869666027 0.0647797145663448 -0.0768931142216324 -0.297696390771658
0.124295170275916 0.0343122212683711 0.0100132021560184 0.177538427781798
0.0516031038880035 -0.100839890928091 0.302214887379551 0.442278171804094
-0.106247146390572 -0.0778081895119596 0.438131284203768 0.492978866947906
-0.135786897244267 0.0544769669317466 0.405666724885112 0.619600744147161
-0.0129568442909495 0.08764352961879 0.346205334295987 0.741932058668245
0.0270129306415655 -0.0128771618744832 0.267832579865423 0.675382047847917
0.0474508201971067 -0.0683266780423585 0.158493549696854 0.418166686520605
0.046596245711953 -0.0730175364093527 0.105427434322241 0.120911936529083
0.0719599249021299 -0.0695736978933816 0.0252200821949723 -0.247906360647079
0.0680198473120407 -0.0296596446747835 0.0621570147641602 -0.567607074114076
0.0346402014508913 0.0400587349627231 0.0351295882254804 -0.808765636151519
-0.0447766053519687 0.0672016092655798 -0.0519144249970416 -0.825612484778657
-0.0435142769112671 -0.0680845176818039 -0.178025461128239 -0.722162674727502
0.0571991150329019 -0.0578387404887661 -0.23544477069668 -0.627157111495507
0.108307473587154 0.0313043552999165 -0.105443061562486 -0.303954937667202
0.0896350594297727 0.0196305823643251 -0.00235074805487516 0.178378877893351
0.0426160981484812 -0.0915481423600953 0.289626737730698 0.459571140484144
-0.0955602204146382 -0.0931838672958627 0.393828698643084 0.520457873502322
-0.137791354080136 0.010285564431074 0.34347151849522 0.675722856609086
-0.0397872202774199 0.0440906561221818 0.304880522786022 0.80326500100545
0.000471964831534569 -0.0425021645323155 0.259652966843001 0.691817212825844
0.0238566524026173 -0.0940589984697943 0.16715818642404 0.393265129265336
0.0267227618644299 -0.101151974608646 0.120917958518923 0.07468502469738
0.0481512870709699 -0.0982707502092147 0.0366455306699366 -0.290893924260978
0.0470513905024549 -0.0702470836454915 0.0500240957462382 -0.59167897815364
0.0256725136066636 -0.0124026912107535 -0.00976448727357247 -0.79439853131168
-0.0255938122424373 0.032084736662313 -0.129128497107567 -0.789067058425419
-0.0367027286359088 -0.0691661371315415 -0.251725687567172 -0.694774722843337
0.0304750187669018 -0.0631629029569057 -0.275139408892605 -0.601979386110735
0.0784134114737362 -0.000616877502385673 -0.13475402410147 -0.292260288790973
0.04724288908727 -0.00341444265060033 -0.00655453522584026 0.186661924799896
0.0162847941815837 -0.0750963898970534 0.27357863255782 0.488315798315863
-0.078002796682879 -0.0859026086307191 0.338544378819628 0.555975507839468
-0.113599954537795 -0.0292673492508437 0.255414582723875 0.734208232477783
-0.0548126229637638 -0.00704425277775494 0.233088077150521 0.860195042174165
-0.0255652139669205 -0.0719041135552838 0.224950745393091 0.705903536069108
-0.00164993178257629 -0.106208021503606 0.164316028188657 0.360825194552593
0.00321286948721771 -0.111874201209637 0.128608900011595 0.0206896010486275
0.0175657625850085 -0.10379718839324 0.0360865978585668 -0.342293153899138
0.0143696308032836 -0.0877251271500848 0.0180682527372667 -0.618633369385625
0.00472340730908026 -0.0506773389780927 -0.0765151868792654 -0.779951831907373
-0.00914257096814656 -0.00343740935876762 -0.215957346660095 -0.746329004844602
-0.01951449634316 -0.0642260326319063 -0.328783699637898 -0.649598741007207
0.00768141874122535 -0.0530723249071023 -0.314271197554015 -0.56255452248891
0.0375316475148395 -0.0251650527534742 -0.15437773021543 -0.267492556438493
0.00147436477416023 -0.0306516261351407 -0.00444437102235368 0.207970479231799
-0.0217868821065245 -0.053720351219716 0.249891570434148 0.521341249052753
-0.0619413588776539 -0.0597819179274012 0.272709612847007 0.598546184138258
-0.0712722726725613 -0.052781160809031 0.15908845463596 0.784256559351564
-0.0536412270779475 -0.0552623362781613 0.150721059199193 0.902195412309629
-0.0480375617154304 -0.0925867866928436 0.17926878395665 0.704765118047763
-0.0283159396677849 -0.101966484188091 0.153736067629658 0.321060197007987
-0.0236518672476024 -0.100869623823566 0.126475531806703 -0.0332329773442043
-0.0134424110602175 -0.0893946425151895 0.0222729449894666 -0.391258627497622
-0.0215093686728214 -0.0858410582872312 -0.0285114657993125 -0.643486547041209
-0.0226460218765983 -0.0709371016205298 -0.151367195290377 -0.757982718225913
0.00387125681719294 -0.0314043637261508 -0.300604959348003 -0.694622368306808
0.00460641728548129 -0.054403408834388 -0.397496584944597 -0.597857554406899
-0.00933419526314824 -0.0287111849323911 -0.34639105689442 -0.516234638225445
-0.00869643510454815 -0.0382082394815995 -0.161958198296442 -0.232745247117879
-0.0400351475542655 -0.0556908920629097 0.0024204489944858 0.240417392734825
-0.0628326887613072 -0.0254494410177015 0.225594678568561 0.556449304029639
-0.0439492225435247 -0.0189550626223367 0.203479497122931 0.639545802757188
-0.0217066172157085 -0.0599806378657261 0.070344273578732 0.824725893634217
-0.0493800843845166 -0.0882184755824549 0.0726849729732914 0.914491575720707
-0.0683326168409977 -0.097574633769788 0.12891976810735 0.685266713974672
-0.0530780067016805 -0.0785595392786311 0.135982528708628 0.279602893426103
-0.0483304734802618 -0.0723608839769388 0.116616044838015 -0.0790931654658713
-0.0413657710651861 -0.0577700785486281 -0.0025586041776961 -0.43082064749401
-0.0543923022316009 -0.0667636863737811 -0.0838323275302727 -0.655238248102542
-0.0430927843074379 -0.0774369312842956 -0.223328739688654 -0.733180577252147
0.024100879504232 -0.0511581475302671 -0.370257504420185 -0.643641278732453
0.0339670304100038 -0.0374830589055923 -0.446654031218646 -0.54269083983715
-0.0235850253595264 0.00482004894558186 -0.36598177407722 -0.469954498751599
-0.0522532645771144 -0.0455130020763726 -0.15857723497186 -0.199053639660554
-0.0740781638934571 -0.0638039590406599 0.0145495443570927 0.275660162116656
-0.0932606381569633 0.0147557348429064 0.203219132567998 0.586674023741619
-0.0196575770865069 0.0257799807351781 0.148672639602641 0.677831581095305
0.0212324238817256 -0.0590108186708655 0.00972971400832626 0.846802330418979
-0.050823058782445 -0.0980139453401281 0.0171720751209443 0.904774355859474
-0.0887137668894568 -0.0798474829674518 0.0809930463087925 0.656389301171619
-0.0743509595550831 -0.0382643340549236 0.111710209679686 0.244517879775441
-0.068479064725157 -0.0296720714899488 0.0992415810915055 -0.10842586452633
-0.0596725886637249 -0.0134444149849588 -0.0315766355563327 -0.452643330118933
-0.0761179487166509 -0.0395534314232589 -0.134522621856638 -0.661614023015851
-0.0539149063135913 -0.0749370223289146 -0.283870600410668 -0.712255573648227
0.0529255728389974 -0.061408053670056 -0.418947631431201 -0.605377884132133
0.0679009490172978 -0.0131988611978746 -0.475691788839579 -0.502072309070591
-0.0340299008034739 0.0427724446186743 -0.373994780656604 -0.435857834982878
-0.0882834787684625 -0.0455835607220668 -0.142082542837644 -0.166880509667825
-0.0969389980708699 -0.0520578728167663 0.0344584926274886 0.308433836921427
-0.0992983717362283 0.0639027338692337 0.19311449678743 0.605127561953631
0.00780389835715597 0.0625413080893241 0.113823695766291 0.706350799371514
0.043998938946161 -0.0518836390999863 -0.0120219117324805 0.85061839474073
-0.0637956910876156 -0.0804748174342094 -0.0101417472452361 0.875414619686958
-0.108360583900444 -0.0396403377355879 0.0435790089571032 0.625700668032642
-0.0862216029868389 0.0146422827186429 0.083039178715591 0.225927164666929
-0.0795446645205879 0.0221795003347739 0.078096109572558 -0.116923858535904
-0.0665425208127865 0.0363625004251183 -0.0603663949818847 -0.458214014188165
-0.0843821124169466 -0.00785261409453702 -0.178091902974413 -0.661857925637301
-0.048353512428957 -0.0658756575541897 -0.32588602271572 -0.708648501497038
0.0899248471010196 -0.059856758415186 -0.43912399534683 -0.597029441586816
0.0984078034169534 0.0210161970841281 -0.477198641794181 -0.481992299065916
-0.0448632309301363 0.0786050712370842 -0.367608651762053 -0.410141067883938
-0.110994702962231 -0.0455214504099338 -0.119788185783396 -0.141767658335889
0.146377456307567 0.0396860659347491 0.0336777857032484 0.18326929289138
0.0480659717264413 -0.0930611186888998 0.324236179698027 0.430567679840244
-0.104943688996744 -0.044347795252417 0.476789963774461 0.4721512155491
-0.109327496213197 0.09339081870494 0.453710756039973 0.568990578020941
0.0170502119168269 0.115188401066346 0.367626694659835 0.694664416879895
0.0476701731990297 0.0161482287353765 0.267204853628916 0.657018737036854
0.0628276179407523 -0.0325283532129256 0.145702965599533 0.432295161768375
0.0562786049961465 -0.0317721276578339 0.0883789535524581 0.150903598660398
0.0836619249754395 -0.024294240549983 -0.00214298529201613 -0.220453269893165
0.0749031041450082 0.0213199662793035 0.0470594905709816 -0.558353666982338
0.0288588173676392 0.0932257852573904 0.0443817853250513 -0.831250848508589
-0.059067585659119 0.0952041446411606 -0.0119489694943322 -0.850913498270162
-0.037975723201607 -0.0602418062326138 -0.136197988326761 -0.728445007975764
0.0811945154321207 -0.0329020831377727 -0.21726535865866 -0.6297174626118
0.122904607909134 0.0628670029463349 -0.0822245656062517 -0.296657712188056
0.125485014483962 0.0313968387847637 0.0134563040110009 0.177990432050843
0.0518646748113426 -0.100969554001796 0.31157804806942 0.437615960666101
-0.108313651135036 -0.0767365208521472 0.44671287494808 0.487186915721325
-0.134309469837776 0.0557969670746775 0.41890526790085 0.613233073389339
-0.0126995583294027 0.0872830116300159 0.357962795796622 0.741070801436852
0.0257779983351806 -0.0141882495143011 0.278426699350568 0.673052981473504
0.0461841728726033 -0.0697406751446741 0.164221075675656 0.417170477270576
0.0450386292209561 -0.0741373279308092 0.109289514119899 0.118948085851909
0.0713018868690542 -0.070308696063683 0.0212557041757011 -0.247646431568529
0.0684755790223832 -0.0310294743914473 0.0545287512971162 -0.567048931621337
0.0345046309545423 0.0391405097238383 0.0220874616133399 -0.809158511825286
-0.0434584538249745 0.0683243712956989 -0.0650842839918364 -0.824336960239524
-0.0450618155087151 -0.0673315351587622 -0.189213682741222 -0.720704769413901
0.0572494042317478 -0.0579827086254503 -0.246282540236013 -0.625973980260358
0.109561302100558 0.0290874232450046 -0.110485079319547 -0.30318839446073
0.0906193348597304 0.0179284586063379 0.000126517022590626 0.17768476512982
0.0414308149091494 -0.0928181301907725 0.2953602926303 0.455901411959581
-0.0962660055571203 -0.0921726822803071 0.403928015304189 0.515837903057835
-0.138020362404031 0.0116244104038038 0.35581527371399 0.673183392568636
-0.0390738274847592 0.0447754183722515 0.318578551093837 0.798545702311011
-0.000447620711344188 -0.0435857372695219 0.270484430091382 0.688835133682154
0.0230835819614515 -0.095758413303378 0.172433208588877 0.39157918260277
0.0252210801853543 -0.102166306906769 0.122670443068937 0.0718024207440776
0.0476111905491501 -0.0986011909674347 0.0317163443463414 -0.291579425300902
0.0467966683728336 -0.0703124297241177 0.0408333847738173 -0.592037564318273
0.0257025924850181 -0.0130025815800817 -0.0232736021373175 -0.795227006135731
-0.0250316644732184 0.0316599055955992 -0.141833827055062 -0.789474910697665
-0.0379323324219183 -0.0679415251776602 -0.262948374123224 -0.692790173807149
0.0311615297414143 -0.0634699058041202 -0.283270650979069 -0.600043741039668
0.0785914632232148 -0.00226295369919859 -0.139970553467869 -0.290748244579439
0.0463511465171028 -0.00352795620870632 -0.00262541759740653 0.187572654123771
0.0158355206957014 -0.0761639114245291 0.281544143162581 0.484058392541175
-0.0792559095952801 -0.0856681118811 0.348040195981207 0.553102703140705
-0.115220298459293 -0.0282771360984638 0.268852203548051 0.731649244526426
-0.0537360533519155 -0.00621828984038217 0.249129151929737 0.857346006111945
-0.0266839582644188 -0.0713849159915304 0.237449953193745 0.701975354650575
-0.00376350076819181 -0.107785760974074 0.169199818858787 0.35822843989353
0.000616213040836077 -0.110254627841551 0.129553990483469 0.0181031547911479
0.0162719916660643 -0.104382596366056 0.0303916740979311 -0.342962057971424
0.0135285534260504 -0.0884360428592355 0.00761861623098305 -0.619724995554893
0.00284668444703194 -0.04989431201349 -0.0886376621875707 -0.778626174515235
-0.00966982491793195 -0.00321681065375066 -0.229095181171572 -0.744574753082516
-0.0203984593888769 -0.0641297579100935 -0.339017532476534 -0.647241038259858
0.00852917869938685 -0.0531835578070572 -0.323437336411024 -0.560076161882589
0.037257861419119 -0.0247953610323362 -0.158689769380628 -0.26418320869857
0.00203683291714354 -0.0315115564254401 -0.000617608769297479 0.20907597613817
-0.0225269324636904 -0.0544953297390123 0.259358439032635 0.519508206324424
-0.0629640761084383 -0.0591752386503608 0.284287903592069 0.59519314087475
-0.0713407236886916 -0.0513565054287814 0.17295635233025 0.781774500509104
-0.0547527275383136 -0.0543660011715954 0.16612662907866 0.899299249663496
-0.0495635825879945 -0.0926240100949775 0.189368361871078 0.702438424815705
-0.0297307962790034 -0.102359114123429 0.157351598775879 0.318605854619137
-0.0250203129772365 -0.1004162830883 0.126207787156089 -0.0361750273526824
-0.0149647310566095 -0.0887776179537467 0.0151346580245253 -0.391255939346401
-0.0225510898625366 -0.0849458128338306 -0.0392427958385189 -0.642508281632829
-0.0233788102885065 -0.0698541755835165 -0.162733043552679 -0.757932534968028
0.00408898656950594 -0.0316978097017678 -0.313341366483238 -0.69067461782328
0.00379441497982533 -0.0542418970644366 -0.406124670064709 -0.593306489189022
-0.00887639174360229 -0.0293062054084315 -0.355246839791351 -0.512661407973086
-0.00825937243094641 -0.0387773319691009 -0.166582667088886 -0.230995219018778
-0.040127469458261 -0.0554919212423712 0.00682410050094934 0.240588767730151
-0.0631091043115365 -0.0254311506464563 0.235137018808213 0.553345272797258
-0.0448844660539713 -0.018603333777238 0.213028392059578 0.638375104809504
-0.0220772389977062 -0.0604200124334837 0.082992224065257 0.823718763856252
-0.0499771056941961 -0.088004481595834 0.0874855037655921 0.916585666297167
-0.0706123765548806 -0.097002016620631 0.138808481817213 0.684747855676539
-0.0539244285927405 -0.0792520506602887 0.138823787613264 0.278421853564421
-0.0496255983326086 -0.0720619456073305 0.116164890915622 -0.0811063812021258
-0.0414824365728995 -0.0566873758888711 -0.00938932799612795 -0.429648651193614
-0.0544907407914988 -0.0668857319070533 -0.094245817364886 -0.653710413344277
-0.0453591477363559 -0.0760707733610324 -0.237363651302506 -0.728593974037363
0.022826047241341 -0.0515609938741797 -0.380073063619468 -0.638969278897112
0.0335624129848205 -0.0377660365676831 -0.457114776659009 -0.537046291729449
-0.0224349129891465 0.00428025632492166 -0.374758606851363 -0.465517731634742
-0.052217658449117 -0.0446637418890072 -0.161155352875783 -0.196011106091274
-0.0748743255570581 -0.0636041868361896 0.0202801247513033 0.275865751908798
-0.0924067318323462 0.0158605584962989 0.214979519213384 0.582750705041721
-0.0206340793642466 0.0255942399449827 0.15886892279206 0.678127521919588
0.0197389391782158 -0.0592649205641007 0.0239779710941651 0.847417618388447
-0.0515342857863229 -0.0969002108364311 0.0333538580991979 0.904863137129871
-0.0908409548480303 -0.0788483683635808 0.0936407861045968 0.655617558258348
-0.0735911514782567 -0.0374999526423407 0.114907804571921 0.244319706525512
-0.0682876711796969 -0.0286059655775681 0.0982980593670805 -0.110416694674464
-0.0601418251308131 -0.0116792687217829 -0.0390680443201558 -0.451838725718972
-0.0768748201323655 -0.0380746696720114 -0.146301946350088 -0.660553037609379
-0.0549598098920005 -0.0735121139633618 -0.29621082822667 -0.709588024006592
0.0519493456590042 -0.0629100695890093 -0.43016993409241 -0.602490780674439
0.0678055066422662 -0.0134877241504911 -0.48452509294488 -0.496112429722057
-0.0333602972133905 0.0433695200234951 -0.379809339509457 -0.431051731410275
-0.0877850134616635 -0.0454653271754519 -0.14464203623935 -0.16453230900168
-0.0965333093871932 -0.0515697005047583 0.039006445288431 0.307943935045334
-0.0980751505950163 0.064360097610945 0.202028645592672 0.601634613452347
0.00763941697676265 0.0620486404017519 0.128125014951924 0.708058185581551
0.04264525505562 -0.0524335796918069 0.00214603291553929 0.853259090549518
-0.0654375585657329 -0.0789663936539919 0.00487974752974059 0.878327719644596
-0.109559684238749 -0.0382492846100873 0.0520258827091846 0.625257638441197
-0.0863286573912648 0.0155046435028717 0.0855631772195839 0.224795879791097
-0.0790600008550788 0.0231964335586842 0.0755242530893211 -0.118490009716147
-0.0650554138028024 0.0364205571464179 -0.0681978595048535 -0.457165770412139
-0.0835549741127949 -0.00683026818877952 -0.188381365349071 -0.659040890667517
-0.049034903048009 -0.0655108988243987 -0.338223082266406 -0.70543929031456
0.0895129143007345 -0.0610960228818439 -0.450114508339164 -0.591321991726171
0.0979231661819681 0.0193701706376652 -0.486005363257136 -0.473581879967025
-0.0432898754466869 0.0785069026904018 -0.374945181360378 -0.404788618887869
-0.111150539102858 -0.0427979510151554 -0.120161279304782 -0.138948619073508
0.147126495862158 0.0369641998404881 0.0365996819682549 0.183165677344185
0.047356178632253 -0.0942491723426962 0.33128730696414 0.425642386400821
-0.105166984832993 -0.0435426344793027 0.4847355425741 0.46494040156183
-0.107419143335296 0.0941187292604248 0.462204920418833 0.562082308598466
0.0197218690756441 0.114505047896672 0.380691241341822 0.688082365427954
0.0473078342024592 0.0140105028361868 0.276472632371687 0.654556209826721
0.061978311067685 -0.0339936549847934 0.15263011385485 0.430216598472744
0.0550124984286194 -0.0326451165760842 0.0922022180295447 0.150291312966187
0.0829125709629757 -0.0255016939193695 -0.004054960921311 -0.218746373787361
0.0741513501307053 0.0209503033922574 0.038529962098604 -0.557177803947954
0.029754543035732 0.0930279573160936 0.0286333342316127 -0.830739741325996
-0.0579570594287623 0.0954569218404485 -0.0258639827880892 -0.847207062145985
-0.0387859651564698 -0.0589593611550289 -0.146661873645284 -0.727167187560199
0.0809041795373502 -0.0332842283487375 -0.225876655100756 -0.626290534637224
0.123787586440728 0.060896895327498 -0.0862939325693982 -0.295375694059696
0.126653628811186 0.0285870980979926 0.0164305378127248 0.177180660955419
0.0505356700699703 -0.101334043026574 0.318726442598711 0.431819575837582
-0.108559323177161 -0.0749813436060864 0.454792261520741 0.481193528659074
-0.133878057164365 0.058174047001194 0.429539522803942 0.60763913968387
-0.0111613580068406 0.0877870299485391 0.371143417013316 0.733668276662339
0.0254026463368951 -0.0140473973416906 0.289043270417801 0.667791046167791
0.0446852110865465 -0.071376479693816 0.170353724105998 0.41300041139752
0.0434231297325171 -0.0742904339540115 0.111153528510438 0.117020733992748
0.0697671059046594 -0.071760503542048 0.017215217902441 -0.247364960066368
0.0682012730535746 -0.0325075704858999 0.0442402894278652 -0.568253389615372
0.0350578711414949 0.0384253110513525 0.00984769945442104 -0.810047912650519
-0.0416283078897717 0.0686933584671231 -0.0787164676536786 -0.822999170134274
-0.0457532727370786 -0.0663136596608943 -0.200746963521891 -0.719184159565313
0.0569726419228802 -0.0577469647330061 -0.254435631787634 -0.620826980034709
0.109266308664546 0.0276540268457397 -0.115659855420562 -0.300238992068439
0.0920683259073966 0.0154351214025583 0.00365027377936563 0.177726206215391
0.0403425796845513 -0.0933682092713164 0.304664971527605 0.450077621360656
-0.0978517585228176 -0.0911369738861081 0.412048587202092 0.509445041692836
-0.136752612748398 0.0129972354240379 0.366396467516288 0.666327903991799
-0.0393668984377041 0.0452176959818026 0.333245136369161 0.794812907976192
-0.00158053452491953 -0.0435345632823006 0.278896891687604 0.684863499708642
0.021056260796936 -0.0968825464965262 0.178830486282132 0.387860701150076
0.023407830410842 -0.103074202569782 0.124580089999269 0.0700441747307702
0.0453851191739167 -0.0992477764942455 0.0272722245060964 -0.291501208254559
0.0450961253620596 -0.0717181395581498 0.0314595257236145 -0.59151574511549
0.0248093992086111 -0.0128899041371693 -0.0369965937555694 -0.792917378042338
-0.0242213007241236 0.0330628380721695 -0.153098207446386 -0.786194053190076
-0.0386924372325081 -0.0669812240673387 -0.273735448565814 -0.688627359570005
0.0300013967317128 -0.0633181107288014 -0.293720648903092 -0.593649575494898
0.0784147247037453 -0.00439977410075721 -0.143503651486657 -0.288419197817765
0.0478361041055163 -0.00548470315156279 0.00113784835447695 0.186863071024896
0.0155418249610528 -0.0753457313052858 0.291395852509988 0.478574201413867
-0.0804662437128927 -0.0849205416541762 0.355908806409174 0.548645334036029
-0.113957360862938 -0.0267170867451971 0.281205496807594 0.726615472114769
-0.0543969894357954 -0.00574646762833488 0.263776497536665 0.85575812692774
-0.0284680397502877 -0.071496403798242 0.247332063552496 0.698561913896833
-0.00536119303970948 -0.107880396213045 0.174417333172303 0.354894003827679
-0.00162301673857601 -0.111564518588524 0.129511706931567 0.0163239495216783
0.0152846983238223 -0.105006042361656 0.0254559622616144 -0.343309737184118
0.0114656490279373 -0.0879582818368101 -0.00124934727833674 -0.61825312371063
0.00244361951025092 -0.0498866075715779 -0.101973608737026 -0.775984613330805
-0.0102739624204968 -0.00310566834465995 -0.241405249665897 -0.738392175527347
-0.0215901398854479 -0.0637459880216471 -0.349484643843351 -0.640418271518435
0.00790539912484559 -0.0525157042427954 -0.332388244205997 -0.555130246715949
0.0367673297655535 -0.0264027510711667 -0.162505046916637 -0.26164525253846
0.0017625739662894 -0.0322860727958127 0.00269584166017758 0.208524192509027
-0.0226054635063084 -0.0540475139154598 0.269147502238576 0.515486004964243
-0.063785878627373 -0.0586770317395864 0.292890452440321 0.59239604733805
-0.0727422299520169 -0.0514238153107207 0.186897654897838 0.780500844816679
-0.0557076169985269 -0.0533881472528716 0.182503590413234 0.895978166722074
-0.0511126918168582 -0.0923182240001801 0.20134197787053 0.698695680464177
-0.0309204861454298 -0.10207882149132 0.16076641886283 0.315673660601483
-0.0265570437075552 -0.100288428430601 0.126889633944911 -0.0378538453618044
-0.0155969569921839 -0.0887583937631221 0.00907217043048216 -0.389798507318213
-0.0251836658668238 -0.0846138485272586 -0.04886320005081 -0.640910156995719
-0.0240886491316325 -0.0698036995442311 -0.178111415230478 -0.752795429530678
0.00356768270395469 -0.0316904737942275 -0.322857179542116 -0.686311885423761
0.00213038671643406 -0.0550019779223102 -0.417054695477673 -0.586123016316541
-0.00859120727441185 -0.0281504324432952 -0.363651588809217 -0.507308969721635
-0.00868472929057537 -0.0390172412078832 -0.169623954927764 -0.227262636191981
-0.04003334705294 -0.0549140384920532 0.0111547483746199 0.239637816914733
-0.0632737238159824 -0.0245434596616186 0.243374667730134 0.549870368954415
-0.0456530941914648 -0.0186567222486527 0.22501738986937 0.635976075910934
-0.0236756249459619 -0.0608268906879472 0.0991812270470581 0.82190539888122
-0.0519060963239842 -0.086215714188779 0.10342153601596 0.91487605598638
-0.0714228482260751 -0.0964472152525308 0.151119793421982 0.68325119998579
-0.0544500881804081 -0.0791271058188529 0.142066847897661 0.275591269926414
-0.0511954931877646 -0.0715313245701693 0.115470677406373 -0.0825997202805399
-0.0422673305261628 -0.0558607643655915 -0.0158021387595494 -0.428682585848995
-0.0562058470539268 -0.0649108362263726 -0.106067907506027 -0.652593961970199
-0.0458853190793831 -0.0756844270876262 -0.248560676822392 -0.726522963505976
0.0218394902036476 -0.0528972130419672 -0.394140451741187 -0.632504093447868
0.0324397699840291 -0.0390773648977793 -0.466197250504074 -0.530563328784359
-0.0222033600666754 0.00578713885677764 -0.381906894867008 -0.461199306799304
-0.0523951448092058 -0.0448839674145105 -0.16443586361578 -0.192675078610896
-0.075031784400792 -0.0619093440851236 0.0249057444351864 0.27608441584559
-0.0914343353272172 0.0174374043706058 0.222214357545216 0.579227747760104
-0.0210938534540163 0.025056100226458 0.170398036570005 0.676048707290101
0.0182978437482233 -0.0601065415328343 0.0385000586296704 0.846166280200075
-0.0528603399910388 -0.0964647094918513 0.0474299068856015 0.905488660072588
-0.092476573748595 -0.077937006351078 0.103340375886441 0.654296848190583
-0.0746218441717542 -0.0374553370710353 0.11728828975563 0.242423109168396
-0.0688832368081546 -0.0280087792586535 0.0967231629473666 -0.111801993482087
-0.0591034922382323 -0.0114927175686203 -0.0455579452651082 -0.449662701737501
-0.0767722368230113 -0.0363434905521847 -0.158523330094791 -0.656524735541025
-0.055924952434127 -0.0718984489334737 -0.307059282612578 -0.705018221890855
0.0507402822664654 -0.063941505052047 -0.439807530608779 -0.593087366020276
0.066185085599938 -0.0144871445630376 -0.491745244495149 -0.488208415886359
-0.0320582340039735 0.0434676124032164 -0.387433190651123 -0.424154687303058
-0.0892114883777055 -0.0439211930946154 -0.14696614210682 -0.161744647262336
-0.0958194588422067 -0.0501932150330579 0.0453173724824448 0.307264320220773
-0.096965468523777 0.0651845768872023 0.213352131422124 0.597656014690622
0.00737948528428789 0.0619636832456676 0.13851413172511 0.705848067566542
0.0413356290911773 -0.052200654489377 0.0166473161463431 0.852410535612349
-0.0649663234148335 -0.0775764297185765 0.0194033109653473 0.876340048746431
-0.110072747493946 -0.0367713015189309 0.0628437659370864 0.624787037908281
-0.0858123894712861 0.0158121483189964 0.088609066150057 0.22411389506847
-0.0776137810887069 0.0247510755590987 0.0744793739938487 -0.120243750386563
-0.0648209452188127 0.0373754270251864 -0.0753936556243489 -0.45478430878386
-0.0830247640958156 -0.00529290997662875 -0.198702983445049 -0.656835117949175
-0.0498764389030645 -0.0637280155178774 -0.350031905104066 -0.697757338674101
0.0880927561526018 -0.0621066201377547 -0.458826290481596 -0.584698596785933
0.097988344496763 0.0173549335380974 -0.493308735791702 -0.465547818195492
-0.0419456123042151 0.0790766626320364 -0.38108991092083 -0.400779127797607
-0.111015130194939 -0.0426645951678538 -0.123416787578057 -0.137098592086634
0.147329318064722 0.033273060234829 0.039319288331225 0.18219455281359
0.0459886343763249 -0.0942877949988676 0.338294833462968 0.418554201393112
-0.105853881698116 -0.0423154206887251 0.491579285878945 0.457492982275882
-0.105186927596205 0.0951249830580668 0.470204223678277 0.554979946230144
0.0202499618838977 0.112933860461843 0.39143808166336 0.681522425897046
0.0470713235877156 0.0140230072725917 0.288492935290373 0.649694289124684
0.0616808691034911 -0.0356844257776121 0.156719389560978 0.425252107433016
0.0542254223731511 -0.0332217069715546 0.0946657303820792 0.147328092298548
0.0822050160409648 -0.0266620816474357 -0.00767944431138939 -0.218245114358055
0.0740298099949067 0.0193134324181624 0.0281611924150637 -0.557175842543559
0.0316772205398616 0.092133610189114 0.0152372636291809 -0.82610174406276
-0.0563470017470332 0.0956148168087164 -0.0382141427035085 -0.844630747173018
-0.0397698017575531 -0.0582590784531539 -0.156971089356021 -0.722377365188465
0.081045178488922 -0.0344134554811087 -0.234868816496516 -0.620412035010406
0.123407153535842 0.0580851554061873 -0.0907792636118052 -0.292093493846546
0.127028996701132 0.0271079419083686 0.019732876814472 0.176544355870162
0.0490581767481285 -0.101773477591548 0.324056702356061 0.425558277002447
-0.109702735319057 -0.07304426873362 0.461772873398996 0.47339976692763
-0.132680269131401 0.0593804523073647 0.438744262045679 0.600402809063778
-0.00916505757204807 0.0872957099270287 0.383528332947096 0.726915384179534
0.0249805380371683 -0.0156673433674727 0.299164169095509 0.65981698255436
0.0436493403009248 -0.0720922210855648 0.175411806096549 0.410142223142239
0.0416990142694651 -0.0762316636859054 0.113147458545968 0.115039361981627
0.0692972884625564 -0.0723476552296907 0.0138665868498933 -0.246276336739894
0.0665386014681037 -0.0328134679849739 0.0363915895691767 -0.566118091634992
0.0357490505053657 0.0386933293747741 -0.00296170395184408 -0.80722431062289
-0.0400819697544022 0.0685378980947009 -0.0913672112723979 -0.81886601351678
-0.0455695725160391 -0.0657940484368342 -0.21042001818094 -0.714800380358996
0.0571095046217697 -0.0573912951068441 -0.263560540311062 -0.616560890625945
0.109857251068017 0.0251148731811537 -0.120643939252914 -0.297740976962529
0.0916807840473764 0.0137073587060367 0.00750332895625939 0.176812944757654
0.0393711966114148 -0.094338839463365 0.3109015395393 0.443743795261209
-0.0991589311611458 -0.0893327917047681 0.41976948059584 0.502762986487532
-0.137267236448856 0.0149948175279939 0.378072425541991 0.65940415710207
-0.037284803568776 0.0456523730781561 0.345002305513906 0.787674014550685
-0.0025795628354067 -0.0432863237351804 0.289720483993316 0.679636547318372
0.0189151251210202 -0.0972323793330763 0.18249852646722 0.384752743979757
0.0222523988044717 -0.102735731923417 0.125997848223762 0.067572628190714
0.0436920788343945 -0.099927525539199 0.0232932951545524 -0.289896223655501
0.0437644818014131 -0.0715752038080683 0.0213877170153566 -0.58990983299383
0.0250857763887415 -0.0135310933485755 -0.0503808517332054 -0.790350045139827
-0.0235475000607001 0.03284195396938 -0.166933938819698 -0.782622683249498
-0.0397730378873775 -0.0658389086858561 -0.283467640498994 -0.683200543749447
0.0303676108750846 -0.0630172593961597 -0.302807911436353 -0.588839926212686
0.0780278851819105 -0.00529413168476989 -0.148018676332828 -0.284302160234645
0.0483647792774148 -0.00719041523455127 0.00405888250675739 0.186615091711167
0.0145149610274027 -0.0760228025302107 0.298181207704428 0.473229363251562
-0.081753817334075 -0.0843027504549338 0.364416302082421 0.542978000663734
-0.114782686846097 -0.0251539641852053 0.290409283422507 0.720771941614652
-0.0541262191128579 -0.00541084860469668 0.277087818562436 0.8488850089649
-0.0297203657462436 -0.071122376373106 0.256864159396028 0.694226500546957
-0.00705762531530959 -0.108669352604997 0.177338689490908 0.350679497404459
-0.00260170777727293 -0.111005972819966 0.129530425968209 0.0134758244961827
0.0136959289300969 -0.105263553425676 0.0195800622658259 -0.340604247476625
0.0102924757766686 -0.0888547389199922 -0.0121601618418731 -0.617857375318768
0.00170941597391162 -0.0496860077539432 -0.115567240494697 -0.771676572323902
-0.0099899993326213 -0.00248683364006028 -0.25189450459829 -0.734190937794162
-0.0222428294330635 -0.0631211672350128 -0.358045473467917 -0.635623037400445
0.00766080669531207 -0.0520345549833665 -0.340791316441726 -0.54839432662007
0.0364442349725334 -0.0270192971418243 -0.166128463418542 -0.257617742858387
0.0022113219512974 -0.0318109663365813 0.0071692429547155 0.20786349479247
-0.0231332095511444 -0.0536698440260587 0.275954300637036 0.508825046561761
-0.064956117589236 -0.0580043603459967 0.303326708708163 0.586318773574334
-0.0737798978495054 -0.0497166982316665 0.198882278557534 0.77623629664511
-0.0564895197520745 -0.0519979752111573 0.196243237356258 0.88954699662752
-0.0525945343288547 -0.0911295730545795 0.210409302441026 0.696043517895694
-0.0324843459184593 -0.101732098186364 0.164866538610832 0.313167422478569
-0.0285121927443997 -0.10019927088036 0.125756356160641 -0.0395202081351405
-0.0175002090302275 -0.0886749029739197 0.00246277766565244 -0.388078772939517
-0.0261446413399265 -0.0844520567365037 -0.0591248718127177 -0.636972035593095
-0.0257092205298582 -0.0693208232561176 -0.188634482803863 -0.746685500463365
0.00287699037581402 -0.0323401335652104 -0.334760171774189 -0.678063437867853
0.00105561433280872 -0.0548335702866434 -0.424420232293526 -0.576666053095643
-0.00912496256660041 -0.0277338466994783 -0.370493615233504 -0.50032232008592
-0.00906903090849177 -0.0385914174239047 -0.171777460487916 -0.224238792146578
-0.0406963383437238 -0.0554897433323267 0.0161021926642958 0.239778233953205
-0.0630631547900808 -0.024558802499098 0.251763216847577 0.544416511975307
-0.0460276577117079 -0.0189498437979379 0.23506618565626 0.631537800606461
-0.0246594619733659 -0.0603739820103134 0.110443205729543 0.819506079977379
-0.0517502338418114 -0.0848381308459371 0.119117182640321 0.910678446978085
-0.0731924515324766 -0.0948454412732163 0.162235919250962 0.677785632006689
-0.054458856953676 -0.0789758208569977 0.144401380819213 0.273654786437872
-0.0516268077255309 -0.0704905693306545 0.11500004281311 -0.084598769383542
-0.0433344752841261 -0.0551305986487855 -0.0216986178173343 -0.427334065301166
-0.0569293895001989 -0.0640917027152033 -0.115067250781827 -0.648195049225515
-0.0481789149149869 -0.0739521597140009 -0.260405545120307 -0.71883700587418
0.0216023411324405 -0.0516570400088291 -0.402483577565762 -0.626704753568754
0.0307211700687256 -0.0388735963752766 -0.471936443265119 -0.522537988934204
-0.021946799255597 0.00619471072039996 -0.386607197980976 -0.453637680351914
-0.0520368215350874 -0.0434765561642312 -0.166690845750376 -0.189424340760123
-0.0748401124112458 -0.0626982333293224 0.0299188392408978 0.275010007478574
-0.0905519612137584 0.0168542622059407 0.230590562726953 0.574268724395404
-0.0215910304166826 0.0250240607371327 0.179573000578177 0.674972460081334
0.0175186239755992 -0.0606840524803722 0.051599037076073 0.844509150366766
-0.0538690846030342 -0.0942457408212167 0.0637499779208083 0.902984180197288
-0.0934301177511341 -0.0763040115931218 0.112714108164264 0.650802647541618
-0.0747435586757508 -0.0368362383425671 0.120036516768683 0.239509134498788
-0.0694638607525344 -0.0262373034918233 0.0955458598213349 -0.113635117532635
-0.0592775986597109 -0.0102998898107524 -0.0520284874024334 -0.448041740316389
-0.0762483677005253 -0.0357692080521342 -0.168335779513972 -0.651322773225956
-0.0573113694190787 -0.0703184373776896 -0.319628705665017 -0.696816760071293
0.0492735193344569 -0.0636518127205776 -0.447916455490859 -0.586557977044257
0.0649304999250174 -0.0156808875908765 -0.499534990303448 -0.481325232885504
-0.0315208240141657 0.0444470753854984 -0.392201514261332 -0.416641060265677
-0.0882712336596292 -0.0431674650028269 -0.148934323860721 -0.158716627990516
-0.095505913372027 -0.0500517380406473 0.0507177494809266 0.304994684187532
-0.0956148990270274 0.066518180808161 0.221401324829192 0.593335334662502
0.00847374977928995 0.0612150922929468 0.149632891166893 0.703424958460768
0.0400270021819371 -0.0529686348483437 0.0301924000903452 0.849952010020762
-0.066570707825186 -0.0759687232407033 0.0345784065086236 0.873534634425853
-0.10962818226802 -0.0351100083375765 0.073255316089991 0.621154985078037
-0.0851189283684688 0.0161954316175604 0.0901731126340683 0.221921087825785
-0.0775453031561109 0.0253214369241158 0.0733192736758303 -0.121421610109978
-0.0631058708300462 0.0383113798946923 -0.0829078348908027 -0.453441024891732
-0.0831517393619055 -0.00394333411217986 -0.209912409427967 -0.651197527342712
-0.0508080921871444 -0.0626176968727574 -0.361116981880309 -0.691019176050188
0.0864404146742774 -0.0642746477004038 -0.467785375407051 -0.575216069435564
0.0961220811886659 0.0155894992154619 -0.499465816754987 -0.457744644083163
-0.0401020596174782 0.0796337566615897 -0.385959367626826 -0.39287528852267
-0.110323008201088 -0.04055397658922 -0.124269829857473 -0.134890116200574
0.147251975121852 0.0304009178875815 0.043243674801423 0.180286058347468
0.0454291362504081 -0.0941631465773106 0.341955672822815 0.410849588709561
-0.10569453814411 -0.0401153332728844 0.496542212865538 0.449626159439642
-0.103681429995116 0.0961757915995929 0.47846451841974 0.545940047726338
0.021925031777073 0.112763408191539 0.400218695243909 0.673625134896185
0.0459057341441105 0.0123931735497654 0.295152380189035 0.642216356356912
0.0606057311013894 -0.036702355103317 0.161331161859142 0.421572253812839
0.0536178616879533 -0.0342010481318565 0.097610769735071 0.144274719845064
0.0817273006940945 -0.0280978578490476 -0.0095720878532843 -0.216682728838206
0.0732933848772412 0.0178437665478486 0.021778481719425 -0.554700192587503
0.032227688255412 0.0905953903449733 0.00336932207857521 -0.824282629082503
-0.0540453696842206 0.0966200221091847 -0.0506613705784269 -0.841120554040969
-0.0400968062297213 -0.0569696454706644 -0.167079202265189 -0.718548500669378
0.0802294073367484 -0.0341892703299327 -0.242516684639491 -0.614078113971534
0.122982161025005 0.0559559637306291 -0.0943462500316599 -0.289217487054216
0.127173195827059 0.0237765972058192 0.0219888061360383 0.175105703947744
0.0467222913552586 -0.102256850258174 0.329872469583916 0.419878405670102
-0.110672267020463 -0.0718902925450554 0.466494823961021 0.464627739999948
-0.131180369508445 0.061631356400564 0.44713246485411 0.591605251562661
-0.00861248870704322 0.0866449729763088 0.394177117925174 0.718757045064291
0.0240708492248679 -0.0157000961100999 0.310253969225607 0.65417089353045
0.0418763303075024 -0.0736378723557614 0.179661990559762 0.406724360542941
0.0403105991604337 -0.0760258818222195 0.115630060043743 0.112100542777253
0.0676696794542108 -0.073348470745735 0.0112680123278848 -0.244651914997582
0.0659662881571436 -0.0338618035729877 0.0280525028325534 -0.563901996881409
0.0361909095163323 0.0369882783506135 -0.0174169998853268 -0.801984494900739
-0.0398229016988465 0.0685765434532233 -0.101503547220542 -0.812932801477488
-0.0475931233499496 -0.0642976855343939 -0.219258795712272 -0.709791252922224
0.0565597402600901 -0.0574944384179927 -0.271970792293262 -0.609828320355563
0.108992449392966 0.0235967344060827 -0.123732016663784 -0.294277829637667
0.0924484640696298 0.0121328406062452 0.0108514395454708 0.176675261194539
0.0390105646582459 -0.09417191197061 0.315880145254783 0.437481084927626
-0.0999933208637692 -0.0884470520937209 0.424934245016287 0.497159624087792
-0.135454530993773 0.0166585630144022 0.385795117085449 0.650818154390975
-0.0369790389788709 0.0455258441611924 0.357292028973995 0.779610041754455
-0.00365338853225698 -0.0441623311443153 0.29726227837822 0.674273812036481
0.01859314910472 -0.0972679362196766 0.18581026900214 0.379765155348757
0.019838947989268 -0.102862267439226 0.12716405615305 0.065733534614556
0.041839150993684 -0.0994850044064755 0.0195622694905826 -0.288627226106027
0.0422560486967884 -0.0717647400639448 0.0137094085905002 -0.588053046922006
0.0244957681219491 -0.0137345895608243 -0.0622205232267111 -0.786458411041909
-0.0227967928020816 0.0334200749816721 -0.177189636767038 -0.774704057557932
-0.0405342468340388 -0.0647987983664133 -0.292539850900947 -0.678655558878355
0.0297947216967392 -0.0630092356921149 -0.309770753004495 -0.582489698747266
0.077922191837049 -0.00693493905256396 -0.151211360312352 -0.280163752909203
0.047814927310646 -0.00788392607006323 0.00776377898442111 0.186237938181528
0.0132018839536942 -0.0760671620415943 0.302066300764453 0.466162481064112
-0.0840060472417969 -0.0820678434254655 0.372290649965499 0.535903017896991
-0.115296709954436 -0.0237648299821742 0.301491032686756 0.714791336532904
-0.0542003708703738 -0.00518638586171374 0.288468746572489 0.841131334278024
-0.0312885370305076 -0.0704370151245534 0.267645980511394 0.686675408947633
-0.00911242108228379 -0.108899239129448 0.180772918339987 0.347570579312755
-0.00515616186545654 -0.110470793181863 0.130468378542541 0.0116993646404333
0.0123579474545854 -0.10490726608568 0.0156422117370308 -0.338818891397845
0.00875623880652179 -0.0885476047758099 -0.0216865689338462 -0.613227426039118
0.00135587836922339 -0.0491201509321085 -0.126184512224301 -0.767095771104525
-0.00960001229157423 -0.00270371508017876 -0.262736486804053 -0.727557039210063
-0.023496959806356 -0.0629065489734887 -0.365904511412352 -0.627135179053623
0.00778519009786758 -0.0517986287460746 -0.345672490342707 -0.540606333721104
0.0364897943897217 -0.0275855381318832 -0.168612660069967 -0.253741637494742
0.00278089971049948 -0.0325881476623177 0.0104860277159797 0.2066743925749
-0.0240553523142448 -0.0534896062650695 0.282368020876621 0.502643963288263
-0.0654471953804756 -0.0573080784468718 0.310354248744475 0.58013776663568
-0.0743337157420968 -0.0486605118946088 0.209810292107275 0.768763842806697
-0.0570683559769772 -0.051589674308904 0.208437732856405 0.884556548456261
-0.053570390111724 -0.0901151709128961 0.219806124945877 0.688578366761561
-0.0332801658689842 -0.101955079353034 0.166767657431018 0.307896066351903
-0.0299986050359593 -0.0989256337121863 0.125793883490333 -0.0415838871612557
-0.018127592409645 -0.088842780228057 -0.00223740143886542 -0.385556380416084
-0.0266177432996675 -0.0838891958821359 -0.0702684977237964 -0.633268448517421
-0.0266592640856561 -0.0683927292924278 -0.200322181644764 -0.741139103180807
0.00239762557766243 -0.032497386194358 -0.343684788984857 -0.671531474510036
-0.00024461185937024 -0.0551527618045984 -0.432251774123802 -0.568937638739295
-0.0094767613353674 -0.0275744583784704 -0.3756895505558 -0.494158903196115
-0.00923489632518465 -0.0387141970896942 -0.174396776770765 -0.219970418553395
-0.0395477623919103 -0.0551262969648218 0.0204166091579221 0.238328211033722
-0.0628402807471329 -0.0237221839657912 0.258536638879192 0.537583253356209
-0.0464072325188553 -0.0180398077418641 0.244862786578373 0.627185380706957
-0.0254370356568167 -0.0589839034243295 0.125364024147959 0.812704958927301
-0.052827550538996 -0.0840645532369194 0.131630653842334 0.904236810139765
-0.0733174998709405 -0.0931122545380907 0.170107672945928 0.673652265564284
-0.0562695582737498 -0.0779618707716841 0.146800824073441 0.270256134191625
-0.0518237552539943 -0.0692014513909082 0.112700882360355 -0.0863496394487961
-0.0435367940537163 -0.0544767372309823 -0.0282181239522761 -0.422407826849231
-0.0563106618123007 -0.0627307631107134 -0.124243569564787 -0.644296631888375
-0.0486249740228367 -0.073001817172186 -0.272532983140192 -0.710908709687685
0.0207183419134596 -0.0523982298671157 -0.409223713501273 -0.616655622711512
0.0297519880772537 -0.0398782624093171 -0.478338571155494 -0.513278630946191
-0.0209790691136555 0.00633527234718202 -0.393359239110062 -0.445862741575775
-0.0522939379859975 -0.0424167440538855 -0.167408454818716 -0.18621041168425
-0.0744014101783543 -0.0606399089671499 0.0348813191147423 0.273387911089814
-0.0892679417489974 0.0182742782191413 0.238976347819852 0.56750509627806
-0.0216947530182166 0.0248080059925263 0.190549763556498 0.667818465945164
0.0161418331564436 -0.0595391984680827 0.0651028733178724 0.839821611413303
-0.0556285385311179 -0.0933222574495405 0.0772369106159862 0.897515689966617
-0.0934432336460054 -0.0749227462975364 0.123144908688142 0.646782081216104
-0.074810993091038 -0.0359793603033256 0.121538495898944 0.237600999313585
-0.0693862892671513 -0.0251541412566523 0.0937319873538483 -0.115542940268303
-0.0581490932246258 -0.0100038244050707 -0.0588770642985347 -0.444700467714277
-0.0768070946187197 -0.0342200896432586 -0.175916846722452 -0.645579758092832
-0.0567765102088119 -0.0691482254196016 -0.327281661818559 -0.689636896527216
0.0475884195526653 -0.0647588576991854 -0.455465208026437 -0.576871272426406
0.0641674542392286 -0.0167938598758887 -0.503906087005084 -0.471244070181513
-0.0296433099393809 0.0448640292106427 -0.397455185450338 -0.409948604610014
-0.0874226590308295 -0.0414527503352611 -0.150113250320264 -0.155269409397368
-0.0953465036402833 -0.0487350199574409 0.0558045610582368 0.302699500584251
-0.093475703294884 0.0666301828073961 0.229007422739006 0.588111080113724
0.00698502394132614 0.060446588654605 0.159448495278102 0.697993905814803
0.0385126254690197 -0.0529940836795427 0.0428104584976337 0.846588406830139
-0.0667004491265623 -0.0744732709225454 0.0469118658255345 0.869803986980712
-0.110326577279881 -0.0338291802293222 0.0810150758218021 0.617489428730428
-0.0845595249979773 0.0168747292442718 0.0923159434349941 0.219372061855749
-0.0765237240438152 0.0264360338958759 0.0719405622577554 -0.122602510575581
-0.0620019329316563 0.0388396635863128 -0.0868676670435197 -0.449235938076634
-0.0824506400996502 -0.00215468043341315 -0.219022060451701 -0.645715204390795
-0.050971819850694 -0.0610024060903623 -0.370593347185565 -0.68181077002459
0.0849676802329564 -0.0650773085537148 -0.475292646474491 -0.565904199002756
0.0962211994427223 0.0138708843394633 -0.503525759990576 -0.448876143363677
-0.0383780750111504 0.0797276815607926 -0.390116810075457 -0.387241295332478
-0.109351169425652 -0.0387290842879652 -0.124739717980204 -0.132260249695213
0.147691232941642 0.0278843818652113 0.045087159554358 0.178708554866832
0.043781192069007 -0.0943386791547774 0.34526819804573 0.406201535143
-0.105801496945682 -0.0394477580357619 0.497336450851351 0.442762168668374
-0.10232203415764 0.0966417674964507 0.483876386788926 0.53720893308403
0.0233331702844649 0.111517294597904 0.40720239681769 0.664443225661735
0.0456360986697043 0.0120213164038138 0.30174238534721 0.635689631647118
0.0594330323295692 -0.0389953252693493 0.165471825895903 0.417618544411155
0.0525443845122093 -0.0345639158558182 0.100286220276571 0.141541686876197
0.0808736564723263 -0.029337802699095 -0.0111664370253357 -0.214166380137065
0.0726906963835227 0.0167945930921363 0.0148349696407374 -0.550150096647565
0.0330336892146023 0.0901057981625633 -0.00693675838447416 -0.817052526894346
-0.0522144599415663 0.0971603573100262 -0.060879104236752 -0.835728033007364
-0.0405930822995368 -0.0555796800261805 -0.173857102556151 -0.71348979732379
0.0809922031887014 -0.0358128291422119 -0.249192798494445 -0.6080754039211
0.123316650870801 0.0547146467942943 -0.0971018234630082 -0.286256402615251
0.12646275602352 0.0209603865736642 0.0250614803492386 0.173671951023676
0.0460840011288881 -0.102188364519035 0.33362118797999 0.41213094866017
-0.110707258589012 -0.0695958108643711 0.471055947226285 0.45800890732824
-0.129646386417703 0.0623657756178145 0.452262871035751 0.582449228362296
-0.00736602920440534 0.0857582264843657 0.399494972683535 0.710485659799982
0.0232688717744358 -0.0156011348235239 0.315619655133974 0.646406707805449
0.0402027821967667 -0.0740506524871657 0.18217563889495 0.400049331549998
0.0389817892786778 -0.0760739583322689 0.117558317575231 0.109724282794758
0.0661951372790757 -0.0741253423974955 0.00844439643608239 -0.241800046250908
0.0654968566115381 -0.0349298644063828 0.0217191478889874 -0.561396796141352
0.0354179315951257 0.0366265382229524 -0.0272210596404843 -0.795885853198788
-0.037981927018047 0.069582017871487 -0.112056291068719 -0.806588265707429
-0.0474102204733128 -0.0633010271292772 -0.226998508256752 -0.703425946265838
0.0562386242304209 -0.0576840057641771 -0.277394383426169 -0.60386116169188
0.10863998952955 0.0220343266386908 -0.125824217491301 -0.290071636867077
0.0922857760217965 0.00942510122327674 0.0131766376722682 0.175064862705374
0.03773032381687 -0.0939286768218155 0.319872838682204 0.430774306039353
-0.101602118607453 -0.0859219144959865 0.430581921268768 0.489316479158408
-0.134808222024973 0.0185132745260543 0.393974084733069 0.64222087701531
-0.036188332349784 0.0448409828116592 0.363433819602622 0.770653965060805
-0.00431119867332706 -0.0436019651958612 0.305659651407865 0.66662118215917
0.0163942161587456 -0.0985374242176774 0.187947472752589 0.374809679095046
0.0178284089054498 -0.10220247332387 0.128048400949054 0.0633306482841483
0.0415101168904413 -0.0997962298671266 0.0158318971704412 -0.285997543481172
0.0414671362344329 -0.0719561160215107 0.00594950591846399 -0.583348940224876
0.0246160121958824 -0.0141753648470931 -0.0721488378216581 -0.779819871491755
-0.0216036850241238 0.0323370065948001 -0.186430360836567 -0.768790433872743
-0.0414250265419083 -0.0642784265152494 -0.297109184405942 -0.670708111008815
0.0294447273128282 -0.0625273710305176 -0.31566371766178 -0.574739101808523
0.0765942151781195 -0.00774331492796529 -0.152554523981426 -0.276105248670097
0.0491344869651876 -0.00902679011729209 0.0102932277963677 0.184015493563359
0.0121540880049741 -0.0756774848572032 0.307754222132456 0.458686543794686
-0.0838583679510801 -0.0811612490188694 0.37722027412626 0.528789548420824
-0.114760848468202 -0.0215826035641807 0.310161543245557 0.706778446699267
-0.0537850628594924 -0.00442440207339594 0.297249265631042 0.831960272326186
-0.0319729107246108 -0.0703076376180758 0.274043015485206 0.68080016011752
-0.00943696863132503 -0.108690889855628 0.183000535250571 0.342524167335001
-0.00571713203511125 -0.109838679710496 0.129573123815274 0.00861775036863255
0.0117617395328226 -0.104692535711539 0.0111850789133575 -0.336921038718963
0.00786273396788328 -0.0875608928702807 -0.0287696589837331 -0.608881127578372
0.000433403215083283 -0.049363096259887 -0.134980294157347 -0.758762762966651
-0.00933134336764711 -0.00229759918992029 -0.268929208051363 -0.720356271347697
-0.0242454987907591 -0.062308359455721 -0.372582178549466 -0.619429202903723
0.0069751123816086 -0.0513336117756963 -0.350302805095766 -0.535305690331764
0.0352825382715528 -0.0280128774337341 -0.169806234096363 -0.249810913336835
0.00245743146590852 -0.033459562722879 0.0142902890543524 0.205805053751282
-0.0244982318566247 -0.053905128648851 0.286931804139126 0.495865813387309
-0.0674780491916415 -0.0557240801927748 0.318052480153937 0.574017228805257
-0.0747381491727198 -0.0480024586108957 0.218831361099101 0.761047588612956
-0.0567045223868202 -0.0511347725497131 0.219886815794464 0.876472956114533
-0.0551369211896797 -0.0895421282099214 0.228220461071538 0.681256671481842
-0.0347472887628628 -0.101410967699074 0.168954401265475 0.305382801895061
-0.0313066554192467 -0.0982409946071535 0.124486125306138 -0.0439662960057848
-0.0182961120457092 -0.0873460609199263 -0.00673188519717501 -0.383038261605223
-0.0273811460855338 -0.081924183370505 -0.0771058930009162 -0.628277291536648
-0.027261982204272 -0.0677656663530633 -0.208744895993094 -0.73294445697535
0.00141365542072559 -0.031055612129152 -0.349068298245135 -0.661791852512363
-0.000859955153467831 -0.0546442898237707 -0.436262953439894 -0.561805221989068
-0.00868305635447138 -0.0264318189831772 -0.379830253577692 -0.486470452733832
-0.00909165534701997 -0.0389041469394845 -0.175571330507087 -0.215658197022809
-0.0395822877720983 -0.0540912466134847 0.0236910651600694 0.236359987958054
-0.0628893295073392 -0.02324543543942 0.264971034890413 0.532306478173659
-0.0475733945683404 -0.0178261711207977 0.252137917495692 0.621592565972036
-0.0261057925930659 -0.0584316809925269 0.133467884100095 0.806309277743229
-0.0533755177967971 -0.0829641553666755 0.145038338704388 0.897717311407369
-0.0748400584864806 -0.0924673618276163 0.177958017545292 0.668664264260735
-0.0566522589416105 -0.0778976575190932 0.14801277966902 0.266234544255536
-0.0521001943791585 -0.0690248066620057 0.110573565613738 -0.088144367703699
-0.0428002217369042 -0.0537113338450895 -0.0336133129663256 -0.419228292408181
-0.0579065413250817 -0.0624006940918907 -0.13233437789143 -0.636461680737738
-0.0490868954599797 -0.0724482078243416 -0.27892468549393 -0.703037947936153
0.0198329824592859 -0.0522310739586116 -0.41477970683603 -0.608460937840289
0.0289581565250076 -0.0401931708208669 -0.482004786881862 -0.504173501367393
-0.0203887867097073 0.00692741639791939 -0.396029307776633 -0.439557532180026
-0.051278250027132 -0.0425398749033355 -0.169154487803743 -0.18180579204394
-0.074373104868084 -0.0606829402165351 0.0381830178877346 0.270625088987769
-0.0889878479784616 0.0189524613871022 0.246115024814874 0.56147065118328
-0.0210258834242532 0.0246320694371189 0.196977832234461 0.662302321368685
0.014957017192451 -0.0600939662246751 0.075560128165244 0.834761798241954
-0.0559872185150707 -0.0923564301352165 0.0888590773958314 0.892317629210241
-0.0935630261706789 -0.0729297840636116 0.130426117477704 0.642892020664422
-0.0740923585566436 -0.0360941575624068 0.123118874980614 0.23470603967676
-0.0684446869073817 -0.0250385180413024 0.0923724350063727 -0.116124951658712
-0.0565436878861421 -0.00952637661489115 -0.0634906938589011 -0.440540779343009
-0.076523851064662 -0.0327889795444511 -0.184135708939008 -0.640747308824704
-0.0578616772609334 -0.0677103506838141 -0.335643547270739 -0.68115157073368
0.0472657291020935 -0.0648844569941279 -0.460314877555742 -0.567089146250124
0.0626615066793289 -0.0171097243797603 -0.507053194925563 -0.463194890138234
-0.0294111330188776 0.0445093470958848 -0.399541731447209 -0.404131069198445
-0.0876267633489306 -0.0403951636730475 -0.151017886719947 -0.151706322853058
-0.0934821528492537 -0.0479175952498675 0.0597354997984807 0.299924064334389
-0.0918946554833601 0.0667486615098873 0.235036297245159 0.581186297918173
0.00760805653917315 0.0595299147516714 0.167405461749983 0.692659128802487
0.0377571532185395 -0.0525919800820055 0.0541886911866813 0.839767270621316
-0.0670440345334436 -0.073725531661758 0.0581944345280948 0.864558788842223
-0.110092732828599 -0.0319314916821188 0.0900090260212144 0.614936317810649
-0.0832556123430394 0.0175193546213622 0.0946497341453598 0.216135382668103
-0.075757185683747 0.0271099522430816 0.069890459129326 -0.12320349013437
-0.0606476597648865 0.0386571727167256 -0.0943966581326612 -0.443029123133114
-0.0820005755112571 -0.00112016605172694 -0.22594523754846 -0.638891498919827
-0.0518256517515778 -0.0591776510415682 -0.376697516013867 -0.67329691709489
0.0835660715162543 -0.0647144694965949 -0.479287679205266 -0.557250875820828
0.0948665124204729 0.0132326773426875 -0.50587149498221 -0.441131344091492
-0.0369124418630153 0.079747708865976 -0.392932368023619 -0.380321502120005
-0.108669641767624 -0.0375794603510815 -0.125569712212134 -0.129295463656968
0.14619746718643 0.0256901704390074 0.0470036170067122 0.176682700494969
0.0434135172501638 -0.0933376407274147 0.348585327378766 0.39796234797398
-0.106018145402619 -0.0380685316007743 0.501177533633163 0.434707103253912
-0.100747858532401 0.0971195162294917 0.488902955167909 0.528198493935463
0.0249481125012051 0.110003814265315 0.413974952143844 0.654543233725052
0.0448405102233033 0.0109151697537604 0.30780456321646 0.627905902043734
0.0579183676131506 -0.0387931655339962 0.169130904743486 0.412999488563682
0.0521160992643134 -0.0344230534849773 0.101596856605046 0.139246519486426
0.0796582084148507 -0.030621878448808 -0.0146568358678369 -0.212771473899211
0.0731760843753488 0.0156237321462177 0.00852544431154608 -0.546476782376114
0.0341034899627263 0.0880463033748819 -0.0170662659175086 -0.812161126326043
-0.0507552372847864 0.0958537370013632 -0.0697758487612984 -0.827606370082572
-0.0404061905214896 -0.0551668149125833 -0.181497722497692 -0.707179907877874
0.0799892036851598 -0.0353918164223276 -0.253800313179151 -0.601858445316911
0.122874230653549 0.0527604569704823 -0.0988213381021556 -0.283803168360886
0.126171864352515 0.0192504304064358 0.0276886014955044 0.172456723648603
0.0450729309117959 -0.102433669077001 0.33610805936371 0.405602083976725
-0.111525410622352 -0.0685907498375411 0.474307515117994 0.451216016950779
-0.12789635790715 0.0631730022284191 0.457550278677398 0.575558985145429
-0.00657015222997031 0.084475313739605 0.406130531955146 0.700218681759525
0.0221412075627402 -0.0167237408969877 0.320273311593625 0.640720106352982
0.0395122200338698 -0.0746222222223864 0.186655447746816 0.396438404954411
0.0380369283161014 -0.0762962995683426 0.117779364411247 0.106498752023069
0.0652481394034435 -0.0740848542736301 0.00564374060097533 -0.24041350951406
0.0639841006338955 -0.0358967940328483 0.0145197001476169 -0.556100008248429
0.0362412606238045 0.0358621581245547 -0.0361158998767702 -0.789929628571515
-0.0359476407165502 0.0674830679602507 -0.120863430574887 -0.802410709176402
-0.0479829147911827 -0.0621073290740688 -0.234586189079182 -0.697298336999272
0.055614779722133 -0.0571849178979364 -0.281081925000316 -0.595770896699956
0.107720230359045 0.0203862746138299 -0.127229053086719 -0.286818310014236
0.0920570844311704 0.00809048464833736 0.0151464874640854 0.173332122342963
0.0355028884835443 -0.0942349564875039 0.321414139382007 0.42457583070068
-0.101834168318759 -0.0850039539046308 0.433915717895506 0.482342075658958
-0.133493338616841 0.0197888190228114 0.399376426934046 0.634574632403036
-0.0359004682599803 0.0448080119718502 0.372862940436641 0.761940595210691
-0.00544226341518091 -0.0435891859709476 0.310853644191527 0.657351043005875
0.0156925780019359 -0.097934844859643 0.189830695645714 0.370288653418115
0.0168825332636421 -0.102020480438813 0.127296791606209 0.0602535830572302
0.0401563157937791 -0.099663303321605 0.0131081929195694 -0.283467004672374
0.040402884498865 -0.0723891813238664 -0.00145552372340381 -0.578682269004269
0.0244163876588244 -0.0136563614876373 -0.0818037321718591 -0.771447022611546
-0.0210110465435692 0.0329717107711974 -0.193879543488108 -0.761124582868685
-0.0410975867498058 -0.0632886752285644 -0.303794368777866 -0.663663680242405
0.0293191206233868 -0.0628267567585827 -0.318949567477736 -0.568077117967947
0.0763883824962584 -0.00872698978828906 -0.154206133543105 -0.271538813781343
0.0477888803224222 -0.0101122374301937 0.0133735883405328 0.183425123660627
0.0114845628087379 -0.0757549175628966 0.31033575503198 0.452370511871337
-0.0848478843078506 -0.0801308831248918 0.381791121484667 0.52262399903293
-0.114587744410901 -0.0214821228170256 0.318098255077459 0.69942906237579
-0.0529124239007332 -0.00373656142819542 0.306805567866393 0.822045254297242
-0.0327279943616686 -0.0698559579697158 0.280069856020108 0.67170605347876
-0.0107672146118612 -0.108457333144638 0.185104498719647 0.338162028119575
-0.00872866100785277 -0.110078556414099 0.130570211932582 0.00667719355701854
0.010337799311143 -0.104116169257078 0.00719303388548422 -0.333605558275452
0.00779085441209297 -0.0870069032311387 -0.0350473322034248 -0.604363092475307
-0.000702858459208699 -0.0487655170266672 -0.143501052785342 -0.752277372920554
-0.00943284648606917 -0.00225786433138321 -0.276904038334827 -0.712038382449432
-0.0253018610864255 -0.0616217568700876 -0.376166193211145 -0.61070774872796
0.00722423249866989 -0.0507106667538193 -0.354087160415536 -0.526453307717567
0.0349673366588964 -0.0288324769176578 -0.171094005282377 -0.245409943968517
0.00311588994205214 -0.0340247693379123 0.017486216374483 0.203409438568126
-0.0243232690314784 -0.053628743372967 0.291229802634081 0.488369388790586
-0.0678083947001402 -0.055683141216565 0.322286468229109 0.566712098356693
-0.0751445912932459 -0.0472593698171616 0.227193510251859 0.755427844431469
-0.0566589352378302 -0.0503252148126633 0.228011625952648 0.866490853554313
-0.0560065349083306 -0.0871998959086426 0.234933573532435 0.67409220416111
-0.0350687644482865 -0.101256515627643 0.169570457474625 0.301394330271407
-0.0321043664641947 -0.0975530217992566 0.123442182056351 -0.045315643551831
-0.0190391240446794 -0.0870951293205224 -0.0119051789868825 -0.379287437070112
-0.0283278016564815 -0.08164513380704 -0.0825461635088223 -0.623619895596648
-0.0279700297672944 -0.06621309016023 -0.216341701393938 -0.723642953556589
0.00224103929068662 -0.0317585115595771 -0.355503210864069 -0.653535767208579
-0.00156583096875718 -0.0545939988699691 -0.440209483168022 -0.554691903003404
-0.00853549323302325 -0.0263294853959581 -0.383465940120759 -0.478717293843351
-0.00989524317450816 -0.038953429644503 -0.17626346222508 -0.212264778004398
-0.0399024165767587 -0.055140479038348 0.0273396137716491 0.234693244324191
-0.0620908280379223 -0.0227661182077052 0.26843636302689 0.526337256288625
-0.0475715247337077 -0.0171744625390283 0.258058958409801 0.61390623531368
-0.0275795892260187 -0.0580365298790541 0.14396763062429 0.799475953056509
-0.0538705243385233 -0.0816551044302952 0.154791129743641 0.887793118140347
-0.0754581935154486 -0.0910003050816149 0.184392331248557 0.661495216883
-0.0565568141058882 -0.0761418722108271 0.148941663179665 0.262527705339169
-0.0530109584501913 -0.0685288553871186 0.109429399897498 -0.0889432893595567
-0.0431082262137714 -0.0537060208727861 -0.0381052667587994 -0.41618127333545
-0.0576392988350825 -0.0610098722066995 -0.139442828819006 -0.63192293100524
-0.0488463878920738 -0.0713249077394053 -0.286487428408198 -0.69592006457077
0.0186225855088025 -0.0525259750782014 -0.420338539336926 -0.599322935335195
0.0273792829236439 -0.0405627963537047 -0.484572320267534 -0.49522320256107
-0.0202456689870065 0.0076992043045735 -0.399660984922032 -0.432465106093025
-0.0516541678879682 -0.042376823212935 -0.169229800104065 -0.178474786906292
-0.0733418246051238 -0.0603600037161603 0.0424998713585471 0.268400012376391
-0.0877514795670195 0.0186859948052705 0.249618596722108 0.555780966452015
-0.0221171424267673 0.0246468991214109 0.204678506022021 0.655967062605504
0.0134397486689551 -0.0595924508859558 0.0860398169621904 0.828574818702162
-0.0560179189614574 -0.0907393703617143 0.100299983891822 0.883801383623637
-0.093882825525307 -0.0717604884019812 0.136704798185866 0.635698348906878
-0.0740357656728857 -0.0357544577286684 0.122795416099482 0.231391670108113
-0.0686317054910688 -0.0244089722478467 0.0899777440010523 -0.11637083083539
-0.0576685491791362 -0.00899408289705458 -0.0681566111798708 -0.436558481463876
-0.0759272420873391 -0.0319312808969804 -0.190854502260211 -0.633556835420687
-0.0581492173207544 -0.0664365085010005 -0.342672431086103 -0.671137354951631
0.0464183773069815 -0.0646839803358839 -0.463984622457822 -0.5581792901135
0.0619065384501685 -0.0181749827456983 -0.509302213634128 -0.453693743334976
-0.0276283362827644 0.0445786077668178 -0.401759400491692 -0.396582361457411
-0.0864569145726667 -0.0398310843268524 -0.150909115126489 -0.149603431042156
-0.0938067385588463 -0.0471880165748567 0.0628115383747783 0.297963706534266
-0.0901162682728257 0.065884133949465 0.239307637734129 0.572953035359046
0.00696773049086279 0.0589271803120466 0.174069119976693 0.686701176075655
0.0372090360987389 -0.0532711538086006 0.0637364501978321 0.833557952710351
-0.0665641544705538 -0.0713516246786113 0.0685583299462704 0.855570345005691
-0.108820048137121 -0.0299749770339013 0.0949933549872079 0.608578626017519
-0.0826089724242003 0.0167104148927208 0.094471304600656 0.214792992109403
-0.0745006147350994 0.0275407801606164 0.0682752029552482 -0.124039252160727
-0.0590752826425068 0.0390858883328846 -0.0975835664797113 -0.439779437100881
-0.0815213799622851 -0.000244991118739598 -0.230887506438428 -0.630548291950959
-0.051897024231293 -0.0578040628626644 -0.383533984403898 -0.664465133205197
0.0821916408327884 -0.0661093986745996 -0.484034385060264 -0.547457443018193
0.093587345821417 0.0114171229646558 -0.508166299501522 -0.432291713234159
-0.0359718492805711 0.0789815340133675 -0.394947701579465 -0.371462762697467
-0.108103967847018 -0.0369567491997074 -0.125293953597645 -0.127495044693436
0.145437846480654 0.0233868235766394 0.0490099143939288 0.174500945416908
0.041937658322418 -0.0937418154640606 0.347898685429326 0.392035782293711
-0.105318058501269 -0.03655486809981 0.503315271466042 0.427911122992891
-0.0989539167749297 0.0969652347075007 0.491249369822186 0.520274076913368
0.0256693709732017 0.109687355170009 0.418382767622057 0.645437568539985
0.0436647043734216 0.00999629534774651 0.311380901738634 0.619886127631865
0.0566825520640517 -0.0397695122840421 0.17081724921374 0.407606861330144
0.0507554849192696 -0.0354906921546964 0.102036864133811 0.136948152606996
0.079202778702071 -0.0314907099725733 -0.0155660525430497 -0.210310894857752
0.0716317155809332 0.0147834900380108 0.00511685434939902 -0.541124141257722
0.0351383424801181 0.0872588146787575 -0.0241738617711213 -0.804206268453681
-0.0486740027467828 0.096222700886153 -0.0772690124790706 -0.823594692968071
-0.0410100391106943 -0.053594489581127 -0.18594516153371 -0.700366504939374
0.0802041108365738 -0.0349650613927559 -0.258450507830216 -0.595461782285481
0.121393308977116 0.0505220897084204 -0.10158597458464 -0.279471103438725
0.125449970994881 0.0172211975646185 0.0289462710643916 0.170298025637467
0.0441443818014639 -0.10238551345239 0.336989545270787 0.398437833944229
-0.112203841827817 -0.0672383732783382 0.47686707350906 0.444955494872422
-0.125692733670234 0.0627127682181058 0.459718017094457 0.565914564131094
-0.00562553811032007 0.0832955246616553 0.411569683551527 0.691644217939464
0.0216644900242944 -0.0171051916894846 0.323404443928624 0.633366617545385
0.0380473401052107 -0.0746549940343562 0.186672187337277 0.390368614601669
0.0362614397980166 -0.0758394035557767 0.118061252267287 0.103606049169433
0.0629816918077802 -0.0751702361888258 0.00308951745805891 -0.23784613719721
0.0625656339331994 -0.0363107868764661 0.0100236859445392 -0.551611915347857
0.0366956706318556 0.0344759072834224 -0.0432488166660347 -0.783006559361573
-0.0357291014960682 0.0694370611255132 -0.126618634419357 -0.793671409514723
-0.0472884908055389 -0.0611717553751569 -0.237544089923087 -0.689287932375327
0.0554722803272566 -0.0570227336853828 -0.285977978127962 -0.589336310707369
0.10699783728935 0.0187403260645538 -0.129905981370592 -0.282437589219358
0.0909453900969233 0.0062361448765095 0.0180770494937424 0.172056973471196
0.0352754594541293 -0.0930062159909995 0.325980451948368 0.416808151025161
-0.101965004263445 -0.0833345740697186 0.436986968362063 0.475166433630908
-0.13306762021587 0.0198012486843542 0.402929350159304 0.627043039980942
-0.0349688968642139 0.0442953230377515 0.375822117206709 0.751962479034108
-0.00616086130765307 -0.0437190199227719 0.316837100874574 0.649291080381887
0.0130315246900911 -0.0986669506786095 0.191614013034225 0.36753447624582
0.0151747379769178 -0.10099076284255 0.127377968042565 0.0579933426897579
0.0386167954256679 -0.0999256767843238 0.0106366205937264 -0.281631775119261
0.0388749076100681 -0.0723794991626741 -0.0066497114526196 -0.573581567353419
0.0230974625968176 -0.0136428862998742 -0.0872531006666456 -0.76524623496008
-0.0204100741035922 0.0330217294863042 -0.198907996336629 -0.753747001310195
-0.0425899500281234 -0.0628311440523849 -0.307257474823164 -0.655153712276032
0.0291527260686055 -0.0617786192223019 -0.32107673900976 -0.560678823755358
0.075841520203486 -0.00966982698770015 -0.155230535815022 -0.267916742270415
0.0484050126602326 -0.0108072198044225 0.0159574590340867 0.181765604034818
0.0107225331720342 -0.0764349581623718 0.312676987024426 0.44608265172174
-0.0852641711138591 -0.0786709070998972 0.385845205268173 0.515953177847249
-0.114015729076634 -0.0188833454094571 0.323234650740877 0.690035194490967
-0.0529536408707541 -0.00378779297895161 0.312794887911367 0.812343807347185
-0.0338777627370702 -0.0691049895724553 0.285283016137884 0.665741006618109
-0.0123874351767688 -0.107618821022907 0.185935452350977 0.332999302418433
-0.00855191740702972 -0.10920418572804 0.129092447119393 0.00506555858677784
0.00912796030847059 -0.104034699458838 0.0045861931308203 -0.331225190816494
0.00666666507755113 -0.0867243133700447 -0.0422630720241851 -0.598542256917893
-0.0010728163125401 -0.0477059009542113 -0.151108079289763 -0.743425726854312
-0.00869609590073564 -0.00140293908451579 -0.282242341729178 -0.703436139730972
-0.0259439487593361 -0.0604653027816112 -0.379005872862519 -0.604729301900104
0.00715517435741819 -0.0503059800728918 -0.356479154165457 -0.520096035384127
0.0343532104322872 -0.0291081063483973 -0.171800731272636 -0.241407372718175
0.00285623429983801 -0.0344056414737116 0.0201946807466577 0.202062132431014
-0.0245428237053848 -0.052424874839216 0.294035295325525 0.481503211246143
-0.0687112040293121 -0.0546951257872791 0.325693814442041 0.560978756865876
-0.0745641219100907 -0.0464535970416355 0.233206353722981 0.74685660083563
-0.0562688196509546 -0.0485895438582654 0.23803810469337 0.85742145517972
-0.056061464100037 -0.0867567571676198 0.239759309097057 0.66702499806215
-0.0359975478706224 -0.100664256514003 0.170544872639064 0.296871472047965
-0.0324401255805721 -0.0957659893750541 0.123044581644877 -0.0469401965801888
-0.019815071140579 -0.085695992680962 -0.0139148454084863 -0.375349965241271
-0.0288081582706601 -0.0812382405524136 -0.0907680044845254 -0.61688248703135
-0.0279787194834456 -0.0652430468492726 -0.222611822281182 -0.718301173467504
0.00169038026721141 -0.0313896483040568 -0.359650409335213 -0.644001673686762
-0.00242215427578024 -0.0541217708442237 -0.441062353563595 -0.544455285670569
-0.00862566247020562 -0.0262529262981697 -0.385014764762843 -0.471804977489398
-0.00872378980630648 -0.0393467332024013 -0.176862965055968 -0.20857237956082
-0.0394757766774565 -0.0542238120682862 0.0289933328926746 0.232845897112187
-0.0617596303613699 -0.0232928753063108 0.273147926437789 0.519061426936594
-0.0477518620004338 -0.0176561337368092 0.26251328578479 0.60745294007657
-0.0279408825761365 -0.0576626506941113 0.150387593280763 0.79134167614899
-0.0545494081385682 -0.0814363640519139 0.16266390263831 0.881252857254407
-0.0763082752409443 -0.0894716099779561 0.190008376205472 0.655382005822088
-0.0572577945212145 -0.0765520386850305 0.149287682288959 0.260189848219281
-0.0530551886924072 -0.0675168552035494 0.108129707254963 -0.0904057317734399
-0.0420982055800197 -0.0529170433539657 -0.0405468157066253 -0.412539614132339
-0.0577306392013322 -0.0599157749959404 -0.144451976693219 -0.625522751983627
-0.0495595884353391 -0.0697294319949117 -0.290951441928008 -0.686143429401233
0.0186382356861682 -0.051502027315528 -0.423850983853402 -0.590435835126061
0.0272444195004834 -0.040150040571824 -0.485817351855119 -0.48935040699314
-0.019434381530211 0.00693792287634778 -0.399049806602434 -0.425926245590152
-0.0517688348077936 -0.0410710365485055 -0.168287965075436 -0.175717995193035
-0.0721623453202681 -0.0593573334181643 0.0454937492531609 0.267059620063839
-0.0870426214519444 0.0187194554562659 0.252371995224265 0.548756828417318
-0.0216113812183084 0.0237825492427002 0.211500887593092 0.650213815995339
0.0129801580572337 -0.0591301866786306 0.0939493214540135 0.820531799913202
-0.0558509288850523 -0.0894858485190844 0.108367575489284 0.876092861612446
-0.0933411052994879 -0.0698048521081416 0.143455755863393 0.629013575227093
-0.07382427044656 -0.0351160819453858 0.123951962259396 0.228496558648872
-0.067594888101788 -0.0235550326689467 0.0880598065070166 -0.117465610984485
-0.0555259626144502 -0.00868496860506291 -0.071605823779132 -0.431644080322432
-0.0756402156433424 -0.0317727933557931 -0.195672056859864 -0.625369178004504
-0.0579576269214765 -0.0648288416622121 -0.347945089581867 -0.662652102298505
0.0446727305641827 -0.0649949761393255 -0.466169751685129 -0.550601336370757
0.0607154620232476 -0.0189775616946831 -0.509470318859797 -0.445236235613577
-0.02774840454328 0.044080244429742 -0.403010362063073 -0.388865771328402
-0.0858861962647173 -0.038988572680314 -0.150899723635892 -0.146202408208889
-0.0921918183896531 -0.0468767985923734 0.0666190107636929 0.295006150779937
-0.0891886003712598 0.0662382737741652 0.243997039259965 0.567292255341898
0.00692222515576266 0.0586873002215843 0.18049349996302 0.680616972441927
0.0358377817993792 -0.053492716788956 0.0715339595512141 0.82593705723317
-0.0661296958233036 -0.0705796526715126 0.0767270339961811 0.848650327629958
-0.107792629505453 -0.0290413453261174 0.102600213428448 0.602044246829883
-0.0818840515398595 0.0181488410156291 0.0945997676562409 0.212046135697953
-0.0729923299305121 0.028872285186152 0.0673336055610747 -0.124273583060059
-0.0571588927158323 0.0390693920215452 -0.101524404090924 -0.433871402915616
-0.0799513289391319 0.00125631591629677 -0.236358762823521 -0.624655117747513
-0.051727985242974 -0.0561461257660787 -0.386735564756922 -0.655297900198631
0.0804702063025356 -0.0655064635332787 -0.485742604884876 -0.539673959074827
0.0925401921910982 0.0102375214843952 -0.509124663153018 -0.424371243918473
-0.0350565479085482 0.0786679227348953 -0.396980383877176 -0.365965337985938
-0.10664368802872 -0.0357281443809507 -0.124753454221462 -0.125158070359135
0.144617960154091 0.0206288174119043 0.0506425588642211 0.172915003092213
0.0412335866083265 -0.0927346689595126 0.349331582531452 0.38467103140302
-0.105521998351712 -0.0357089898782965 0.503801151518365 0.4206123062316
-0.0965921170779353 0.0973604021802627 0.492216162324461 0.511588174071758
0.0261763243801783 0.107907006903467 0.419847267234639 0.638242207696051
0.0435663676470969 0.0101754592447121 0.315895576235062 0.615021539690468
0.05528481462791 -0.0412979844945851 0.172760613554309 0.403265200058646
0.0494536928448285 -0.0361656861588211 0.103829746046714 0.133606414991135
0.0774700604253246 -0.0317321573258307 -0.0156175144745234 -0.207899212110448
0.0719545932130219 0.0144042061955259 -0.0012586155976673 -0.537532626217298
0.0346475005638042 0.0868438194274171 -0.0311994537043352 -0.79776139635279
-0.0468227524173621 0.0950697701241401 -0.0832850139738166 -0.814736097090804
-0.0408517809599654 -0.0519262761710477 -0.189226072124293 -0.69507795745083
0.0793330552620332 -0.0349411011893187 -0.259497569143533 -0.588678457435955
0.120978652697329 0.0489213849891962 -0.102186672022604 -0.276125775772094
0.124363885070054 0.0148773483765271 0.0312138711226794 0.168870856586645
0.0429703578452771 -0.101757202732849 0.337906304585203 0.393655985119184
-0.111808825745338 -0.0654491693534772 0.474710027241436 0.437929331073362
-0.12497437290176 0.0636399367837333 0.462630276960408 0.556295389818895
-0.00500190966457768 0.0830834915223807 0.415453297415674 0.682389365601465
0.0205734091638333 -0.0163363736958291 0.327623833775469 0.624489782832681
0.0362249540085961 -0.0752228689411115 0.188385271365174 0.385430778952901
0.0354332954166283 -0.0752716122546374 0.118830660145781 0.101759641121196
0.06238914180929 -0.0750797573322944 0.00291116212804812 -0.236080313481443
0.0615614912468681 -0.0360718462007705 0.00550923777008312 -0.547200162686018
0.0365935412958905 0.0343165112098451 -0.0514972582437577 -0.775040729954843
-0.0345401505917481 0.0676110388832805 -0.131891063812144 -0.785417794299395
-0.0480812355802776 -0.0595517534959865 -0.240922601862557 -0.683945126609803
0.0546547219149239 -0.0573708266499746 -0.287784878482657 -0.583080657028118
0.10531175057536 0.0190119380248651 -0.129767646701556 -0.278836510028939
0.0907618549768381 0.00497183592694093 0.0197013462128805 0.170063468161458
0.0341248424575302 -0.0936217918782896 0.325362628353754 0.412101322727805
-0.10229041320293 -0.082029991949841 0.438897664301678 0.468712262750569
-0.131190315523835 0.0207471380853867 0.408009932330858 0.617815732462096
-0.0344965454336191 0.0443190411332894 0.37984481609724 0.741814183372147
-0.00708989193271814 -0.0431522063301014 0.318865519780206 0.642470368631391
0.0122048263367728 -0.0985457943986842 0.192079059524015 0.361964296927327
0.0140670137879736 -0.101011538138418 0.127320586339932 0.0558329053763297
0.0374273259368527 -0.0996592113595952 0.00939917109133863 -0.278141583478276
0.0377425002128174 -0.071024477655954 -0.0117568182815724 -0.568653676927869
0.0230817897161536 -0.0137499328021929 -0.0932507607517348 -0.758666943100568
-0.0198122811002815 0.0324346492677907 -0.20320097994763 -0.74712313413556
-0.0421513413605902 -0.0612708990545167 -0.311080257365036 -0.648010851583633
0.0283583857629829 -0.0610482597818398 -0.323498134402586 -0.55505323564209
0.0748109973964695 -0.0102580543736689 -0.155526479196431 -0.265256358063719
0.0475200077193868 -0.0127671763475494 0.0182868925827432 0.180387368472329
0.0104219746353541 -0.0759635874930724 0.313899190949347 0.44170100485133
-0.086101548408644 -0.0782919980777497 0.387271004712392 0.510659263168194
-0.113632295953979 -0.0180979380194222 0.327576665367623 0.681199843624036
-0.0517376799911654 -0.00373311582006882 0.318233665151598 0.803873880172089
-0.0343557294670149 -0.0675756595491938 0.289551032598877 0.658417740534995
-0.0125463045269763 -0.107515141941849 0.184415525716031 0.329355009998377
-0.0100517589520433 -0.108528297160711 0.128348750402306 0.00354965428729434
0.00827984587465123 -0.102798333441815 0.00171135634182658 -0.326374698575406
0.00520893057509891 -0.086695213679121 -0.0471028533447087 -0.593322125058591
-0.000806544000308128 -0.0475642028571124 -0.155794405905981 -0.737236530409461
-0.0091470643505961 -0.00304908499865923 -0.28440678678595 -0.695425654367359
-0.0260917386184365 -0.0600222352735283 -0.379682834995292 -0.598054157077952
0.00694049250684414 -0.0503056059103034 -0.358427425826549 -0.512754368366421
0.034954910361529 -0.0285175702790702 -0.171120398052596 -0.238905320884661
0.00287689660053111 -0.0345188613350497 0.0221115888003681 0.200155407207226
-0.0258913077286785 -0.0525547125579601 0.295922350261661 0.477170106943209
-0.0687770272941805 -0.0544215396134292 0.327244775527348 0.555279313723532
-0.0745411346753232 -0.0440695550745876 0.239808624190659 0.738279352361045
-0.0568223009857766 -0.0483539609710129 0.242818419570787 0.85009689489622
-0.05692905096191 -0.0857729512760745 0.244264273885353 0.661683640898516
-0.0364967043603752 -0.100618767256634 0.169585833908771 0.293690164630629
-0.0335272867447592 -0.0965936902375513 0.120990339681328 -0.047153238931538
-0.0201598863867428 -0.0860599152395262 -0.0163511403611684 -0.372848139347594
-0.0291129140283235 -0.0805242052788294 -0.0951524826970992 -0.611511927434508
-0.0286503815800433 -0.0641548707125399 -0.227216127292594 -0.70881013045757
0.00118408840313232 -0.0304786590678276 -0.360752203224232 -0.636621683372032
-0.00362863666676803 -0.0536726953462938 -0.442209383904936 -0.539674438305018
-0.00849620050610495 -0.0253324872281326 -0.385247493541061 -0.465549433164852
-0.0101661565516113 -0.0390385124864807 -0.175573147282935 -0.205783788524827
-0.0381781187117522 -0.054611183270663 0.0319270649210968 0.230305688979999
-0.061701530110829 -0.0231469740593751 0.272794533141362 0.514213755094777
-0.049075236764911 -0.0174094155024581 0.266416910086517 0.602297298338644
-0.0278812505890013 -0.0570044969455802 0.157952539868518 0.783559177888354
-0.0540708837022418 -0.0803645402575291 0.167868444402694 0.870369836710206
-0.0757798321548086 -0.0891069672025704 0.194146730781363 0.6476605696664
-0.0578948231329721 -0.0756692448586765 0.149765756383285 0.256552791855177
-0.0530903881543009 -0.0665902101889243 0.106690419761738 -0.0910638123107706
-0.0428602108436151 -0.052127793474369 -0.0440942445762013 -0.408471540029617
-0.0573730233769533 -0.059435355390182 -0.148801828809381 -0.619004800388585
-0.0494571456007918 -0.0680220671942021 -0.293370827874799 -0.679451919261657
0.0174995337646844 -0.0509952401552006 -0.425739389174359 -0.582083351452714
0.0255308020441621 -0.0404893644288361 -0.485966083987651 -0.480844748814286
-0.0188409059565099 0.00724795184645996 -0.399753975934483 -0.419305367825403
-0.0507893458097057 -0.0402746859272543 -0.168534226338619 -0.172406818856055
-0.0719709764610209 -0.0595989140245639 0.0480258572168692 0.264211200150521
-0.0857749576826278 0.0183408123609518 0.255693453142843 0.542378706864819
-0.0224917513958406 0.0236501232021283 0.214591962154649 0.64483095876388
0.0117778683775463 -0.058630478930269 0.101432255676064 0.811880524810731
-0.0556892614969179 -0.0882628541660457 0.115019199826733 0.865997308426968
-0.0932825529306849 -0.0694132164173248 0.146511315192395 0.623522427390654
-0.0732093084082226 -0.034674215697335 0.123031487224061 0.226045500727281
-0.0682045448088196 -0.0233027198592051 0.0869318707381345 -0.117974671556898
-0.0556547104623826 -0.00896434689356261 -0.0744325883671672 -0.428349899604499
-0.0751788107956367 -0.0299562201362271 -0.199459850361618 -0.619038177005899
-0.0590875073483928 -0.0636666141426015 -0.349326626358993 -0.653319624612411
0.0440727661504383 -0.0643738535696 -0.46935299088687 -0.543710182123017
0.0595369080393502 -0.0188413892332055 -0.509067532787747 -0.439319792343628
-0.0261316667257818 0.0441988604143443 -0.403130077234718 -0.384551342511836
-0.0846369628110905 -0.0382425949296866 -0.150328262145096 -0.145119264978069
-0.0909210053405028 -0.0459527594098807 0.0690459078333874 0.290983222995359
-0.0875414749594842 0.0653864494978403 0.246251426266641 0.562444023433272
0.00642577500044472 0.057251323866679 0.184929209296048 0.675492300026366
0.0352357024295175 -0.0528856055068431 0.080120049992795 0.820201479890209
-0.0654173225769469 -0.0696284901355583 0.0848487516076256 0.842175382047212
-0.106622705614065 -0.0277653980392182 0.106494772443387 0.595659069421957
-0.0808916046268045 0.017563222323477 0.0958759979853259 0.210387328835226
-0.0724489008299817 0.028104628317045 0.0650653622995714 -0.123922328451104
-0.05707468361964 0.0383202334951731 -0.103062323912274 -0.430993523117334
-0.0786803368689818 0.00127727913551107 -0.240931828260302 -0.617412593682764
-0.0514742233715883 -0.0551798898726474 -0.389303595590833 -0.64740213084851
0.0790245582865574 -0.0655135718874213 -0.488116946952404 -0.532915367438114
0.0907679444742981 0.00920475232006817 -0.508071677075263 -0.416772807052709
-0.0340364675757859 0.0785082786468276 -0.39516453889694 -0.359890189479449
-0.105538885074987 -0.0346545671044816 -0.124854177380771 -0.122523179237354
0.143148763105624 0.0189725401508382 0.05131474654193 0.17133397500016
0.0404738903114157 -0.0928709024749062 0.347933021486825 0.381926328199748
-0.104933362081962 -0.0355064035290141 0.503258886432228 0.415950155168284
-0.0953965509357971 0.0963556190504091 0.494521210747524 0.504510113740323
0.0263043563088962 0.106294412478513 0.423240146291722 0.629092466581278
0.042570077904524 0.00909571048317289 0.316484761687666 0.606751917197172
0.0538719968598702 -0.0412313360168217 0.174077435274666 0.399481714872102
0.0490521368424668 -0.0358890892133563 0.103841854951358 0.131532305343229
0.0763057138893307 -0.0324858504559967 -0.0162936896401798 -0.206024369549854
0.0708720780366786 0.0134343751831142 -0.00359877471148601 -0.531850341587722
0.0351068080962171 0.0856733381691264 -0.0350816722846608 -0.79156045503593
-0.0456759727357337 0.0946354671177921 -0.0870812918590214 -0.807530063492511
-0.0401236410897502 -0.0510556786196926 -0.19238733671054 -0.689658146561898
0.0792590960751345 -0.034156960534473 -0.261253738710189 -0.58326205148758
0.119450095574837 0.0471583864887056 -0.103490070816202 -0.274055272023152
0.123234372126354 0.0128606283666939 0.0317604057938698 0.167297465465405
0.0420632782563308 -0.10019663920495 0.338004877916606 0.387754386569376
-0.111503423721941 -0.0652572354211345 0.475719669838267 0.433509087056926
-0.123129266159326 0.0635262048824447 0.466612639783129 0.5515933764112
-0.00416472666129866 0.0813702923943437 0.417480482961532 0.676472112528534
0.0197126271512702 -0.0174982781606338 0.329781172515996 0.618104734427349
0.0359287295704348 -0.0753413788189658 0.187532662037284 0.382440635671209
0.0345592327711984 -0.0753969669703974 0.11907737699756 0.0997273276114873
0.0609707587551788 -0.0754575561088884 0.0023041348502567 -0.233346148860258
0.0600580179147148 -0.0367807180996875 0.00277713340533618 -0.542402982381202
0.0364235570534586 0.0336899731567434 -0.0533765021314741 -0.768118778448816
-0.0330193057911195 0.0671406872209636 -0.135933247627836 -0.780419933586992
-0.0480410470202827 -0.0581923094479125 -0.243818709447336 -0.67736513619521
0.0546344890207355 -0.0562092376795424 -0.288831964415136 -0.576689158767936
0.104988814545617 0.0165467067098939 -0.130290189095144 -0.276910897879368
0.0896248140720065 0.0028092055580585 0.0213982530278458 0.168622011214585
0.0338213007713469 -0.093331580265147 0.325279936522676 0.407238432549817
-0.102780743262996 -0.0810813546015978 0.439729000312332 0.463830791487215
-0.130186475731945 0.0213428935170853 0.409606909397211 0.609157838169927
-0.0340656763263834 0.0442836465148812 0.383613913441171 0.734559318929262
-0.00740683156065059 -0.0432155829934641 0.320754292820718 0.635668793728842
0.0117901352123236 -0.0981992785732545 0.19171951089786 0.358914303380721
0.0128514826000181 -0.100348554426061 0.127443401620051 0.0546683382960816
0.0361844906436025 -0.0999525764773858 0.00747347691786259 -0.275865763563219
0.0368226658097591 -0.0714793774102106 -0.0150606200907873 -0.564709184462291
0.022603264497655 -0.0143597055932661 -0.0989588023065493 -0.750683923822466
-0.0190953151270641 0.0329119133262072 -0.208399829401121 -0.740229224385117
-0.0421889424123766 -0.0607277900896963 -0.311841581601013 -0.643664492835595
0.0290268236557673 -0.0605006371751746 -0.324059630222549 -0.548378168973793
0.074337346218222 -0.00999622725188288 -0.156155456092196 -0.261718269194564
0.0476219665917993 -0.0133448524414012 0.0189858897810252 0.178154902949824
0.00997001510269512 -0.0753603940453169 0.315234523099818 0.434972271373014
-0.0863032663226728 -0.0770114195048065 0.387806565687081 0.503453034860475
-0.113119625940035 -0.017434029025987 0.330994436583444 0.674785315324553
-0.0514466194193683 -0.00335498392399192 0.323602929424629 0.797339456728741
-0.0336357843804958 -0.0681851117713791 0.289284001841936 0.651616814080669
-0.0135366856676163 -0.10714521000039 0.184902401505348 0.326009116368403
-0.0109474976270711 -0.107523010384969 0.127261608051712 0.00242171219827895
0.00829182521928421 -0.103146037202842 -0.000261028856431991 -0.324696754347641
0.0051471886846298 -0.0854425092327488 -0.049069497603419 -0.587662298706331
-0.00140481182312741 -0.0466435952256186 -0.159160577656008 -0.730934568357283
-0.00848259659914936 -0.00231899561836569 -0.288300908220412 -0.689075951735483
-0.0262300622010097 -0.0589844820901546 -0.382249128796567 -0.592859084355515
0.00771409063967068 -0.0484941143103461 -0.35837756477333 -0.507722370118169
0.033500114450681 -0.029126033726123 -0.171084983388352 -0.235523407591224
0.00366672885120563 -0.036111879160352 0.0241892520719896 0.198974923397447
-0.0259143444884269 -0.0529859480051943 0.295894675141516 0.472191758628443
-0.0696404065902277 -0.0543911260846355 0.331276434494536 0.550152612886043
-0.074733992686925 -0.0436906735504731 0.243588012841473 0.731551861386224
-0.0557036341438642 -0.0474940395608312 0.247053789576833 0.843041133214704
-0.0559022140590763 -0.0859947406834644 0.246538954018069 0.654546380974348
-0.0369744690402541 -0.100258545898702 0.169788067013327 0.290422553378932
-0.0333660743655923 -0.0951458195731086 0.119699326690657 -0.0481612961011267
-0.0200425646777695 -0.0858472421721072 -0.0189388220144109 -0.369643825712448
-0.0291287911000866 -0.0794604690154533 -0.0979574061337334 -0.605500842394962
-0.0289206019420746 -0.0638583765283333 -0.230405693314316 -0.702338201820048
0.00202956675692365 -0.0301313114144267 -0.364558175255585 -0.630962909263954
-0.00404227717612818 -0.0533089290301972 -0.444344399144345 -0.531597407797045
-0.00769407798965415 -0.025519629218022 -0.386198157384258 -0.460390683793081
-0.00965604593633322 -0.0382177776975685 -0.175383806702057 -0.203222047770337
-0.0376367430767772 -0.0543770220974385 0.0344158148397007 0.228316582147851
-0.0614865739383041 -0.0235177390146349 0.273988131646853 0.50754193899085
-0.0493008519405104 -0.0173226562722725 0.266775142655984 0.597059369750108
-0.0293009721247233 -0.0563700307506319 0.162190601870568 0.778877698941082
-0.0541233520496563 -0.078235138705041 0.173518050189758 0.864709703393412
-0.0764161811759235 -0.0876431135962006 0.198547541377488 0.642180393305878
-0.0571902005241639 -0.0763977774397308 0.149013823028823 0.254028078139788
-0.0541867953657494 -0.0655017899839829 0.104987368087546 -0.0919435461138948
-0.0417490445821736 -0.0526402541661238 -0.0461580533005934 -0.403534367543485
-0.0565719676891646 -0.058011050294801 -0.15164411035256 -0.614070638103333
-0.0501339965433419 -0.0671633265129799 -0.297637565684747 -0.67202274696137
0.016902177139314 -0.0522087499297932 -0.425904366222406 -0.57481844453677
0.0249581444041808 -0.0398069063234095 -0.48473175904083 -0.473072705937929
-0.0183608330606292 0.00730053308989529 -0.399824399916282 -0.413844855584863
-0.0499924326315589 -0.0399483760063512 -0.167897863851919 -0.170830912120854
-0.0713605351516639 -0.0591766386843381 0.0498060529644988 0.261175557067075
-0.0851101590924838 0.0185715932504322 0.258125590418879 0.536273482681851
-0.0237491192844518 0.0238393025136679 0.217608319822225 0.638333523091818
0.0110487321340804 -0.0578245587393739 0.105893389612022 0.806442663003301
-0.0568772112456998 -0.0873192136788107 0.121131367360803 0.858804189752199
-0.0934801271031034 -0.0682616407190937 0.150615750669843 0.617651388699805
-0.0724636168792663 -0.034518638725247 0.122555849999625 0.223132567619339
-0.0673507119104265 -0.0227351479368058 0.0851914761897868 -0.118758459160667
-0.0542284169342935 -0.00817488976502396 -0.0774539594720307 -0.422622358546547
-0.0741333985209962 -0.0290679039147182 -0.201656375124145 -0.614257205415953
-0.0581600758589014 -0.0626683997444768 -0.352505703126443 -0.647930257052033
0.0430498951842891 -0.0637067717274841 -0.468687733987095 -0.534456019991804
0.0583284569398065 -0.0196566501951881 -0.508042186191215 -0.432907443773572
-0.0251501790606644 0.0438356003781241 -0.401317530092314 -0.378864082005138
-0.0841576055600042 -0.0388672398179692 -0.149346485100233 -0.142450688175815
-0.0906509527441784 -0.0465326899652918 0.0714429450344502 0.288876944061779
-0.0877943627390163 0.0658107828076473 0.248274145250939 0.556332202574413
0.00532777601530853 0.0570982545458877 0.190626212024037 0.670458773594619
0.0337582961791884 -0.0522791787084445 0.0848372754869314 0.813269565021221
-0.0657939376661244 -0.068622566359356 0.0891568326691384 0.831851046149956
-0.106309841091327 -0.0268957265109337 0.110028043535365 0.591933245013889
-0.0806050554868399 0.0171163773994748 0.0953696499787918 0.20831318794963
-0.0715266968259927 0.028684731312404 0.0640759114976439 -0.124478836288019
-0.0555654567437342 0.0382015086862625 -0.105076114340424 -0.426678104534666
-0.0784052227056195 0.0021327179248708 -0.242686497300618 -0.610256538061876
-0.0513170161803045 -0.0545553346736836 -0.393158543859285 -0.639341454784656
0.0779819744686842 -0.0653192211499222 -0.487041448744868 -0.524301092722565
0.0905996545289218 0.00910556350234823 -0.507385783401694 -0.411798171583645
-0.0320498992747431 0.0783342637754501 -0.394459573686523 -0.35538289129604
-0.104974429687611 -0.034258091700292 -0.124792305174909 -0.122093910090289
0.142099743048406 0.0162675492409516 0.0526524516750465 0.16985991897822
0.0402519724132325 -0.0921736425139215 0.350160008631184 0.37701769922145
-0.104659162290631 -0.0337548151847351 0.502906604168426 0.410717281504404
-0.0942088555377544 0.0961223324142346 0.493868184309134 0.498849168636986
0.026442130750409 0.105085329016146 0.424595625634898 0.624774549662978
0.0425007525739654 0.00894588986302185 0.317766083392942 0.602360843362887
0.0538010559937929 -0.0413214859590488 0.173265558244168 0.395480476930539
0.0482102396231717 -0.0352913457957268 0.103783254648521 0.12800731889826
0.0763483812290643 -0.0328807463336521 -0.0161881394193525 -0.204725607955202
0.0700545211953756 0.0131400378162205 -0.00507001921202163 -0.527858203996925
0.0360869143312651 0.0840882324543692 -0.0387255375750193 -0.784572735205076
-0.0442745553205829 0.0941540027840481 -0.0899592613696285 -0.803215965802617
-0.0397520482074994 -0.0512330084027475 -0.195742920613766 -0.685250212076855
0.0789325914472237 -0.0344753658284249 -0.261821814561124 -0.577508554947516
0.118411401207214 0.0468888500496211 -0.103548114814715 -0.270998448996972
0.122078035842768 0.0109312272385252 0.0340182739973557 0.165880228036145
0.040697244162924 -0.100316774201939 0.337790423482991 0.384046837555885
-0.110747937395913 -0.064250234100652 0.476167566651466 0.428527728081356
-0.121679462673211 0.0634263017101782 0.465439362732779 0.546214769953299
-0.00285902012594631 0.081710262242906 0.418337699211539 0.668432302529789
0.0201235483244024 -0.0176017613353981 0.331275726301895 0.612323077060663
0.0347802482198149 -0.0754386863156057 0.187104265489862 0.378401969620443
0.032880947104519 -0.0751797364321328 0.118868620427098 0.0974666446653246
0.0605286186200271 -0.075581185915263 0.00184238066114299 -0.231721937830694
0.060722898260204 -0.0362306292699561 -0.000410974079659292 -0.53874319377259
0.0362412336858075 0.0335526189996491 -0.0586313552310217 -0.762231125930171
-0.0324475477687107 0.0675987372503597 -0.137688081600572 -0.773157499878275
-0.0477376258192956 -0.0589442623743099 -0.245424196851538 -0.671857044423878
0.0546852828526758 -0.0551278869344288 -0.288882122348909 -0.572489146407444
0.103250939494822 0.0170318032936042 -0.130027229151964 -0.273908623306795
0.089469332308263 0.00260424916220969 0.0228720096345723 0.167648114689403
0.0324917217065958 -0.0932110272733138 0.325953284928475 0.403109302722874
-0.102560245292101 -0.0807346803252403 0.4399178866427 0.458053547583018
-0.129957425349683 0.0215175188772348 0.411844185065423 0.604657339724723
-0.0334656567944033 0.0437614056304743 0.386129584686374 0.729507482994258
-0.00821727566516813 -0.0431617105599862 0.322258322584598 0.632058940437699
0.0106223923954081 -0.0978748936708674 0.191857162577349 0.355194100347768
0.0126139382516522 -0.0994433185941391 0.126913066734604 0.0529909248189611
0.0367021456200796 -0.0989060510109473 0.00639471178546059 -0.273825088923917
0.0366935046546693 -0.0711099382245411 -0.0183376823692068 -0.559796945956134
0.022611934495325 -0.0142209653964619 -0.101438250710596 -0.743841455951021
-0.0182405025920148 0.0322830535644079 -0.20823862235575 -0.733259735510094
-0.0414244295535392 -0.0600681847832757 -0.313155054211485 -0.637222172903645
0.02982012648332 -0.0599090283247463 -0.324370992141897 -0.544578626576662
0.0730061738958953 -0.0106320891562629 -0.15556601491297 -0.258776106834652
0.0474134623467887 -0.0154666207692336 0.0212981364267834 0.177340695278813
0.00902726317416303 -0.0746734233050735 0.313592635658636 0.43169580420051
-0.0869688580232881 -0.0759745193517594 0.3884505734976 0.500493979993935
-0.112417278052135 -0.0179731349434043 0.331393540475483 0.669965312780289
-0.0514517215008223 -0.00339249511925873 0.325436334745884 0.789098202241939
-0.0343429925543106 -0.0670990960914509 0.291951881775368 0.646456688773764
-0.0138473577665187 -0.10701205698521 0.184588068813342 0.322806006366432
-0.0104416288472065 -0.106789697442941 0.127432392513122 0.00117190990229091
0.00658912831412101 -0.102788522826862 -0.00152329246689562 -0.321768367557854
0.00404102979182948 -0.0851304408896465 -0.0540548778431664 -0.583206454615953
-0.00259327904106783 -0.0460280197452068 -0.160683178573296 -0.722936667996164
-0.0085347716547513 -0.00224611310832473 -0.287081792525709 -0.682298303311579
-0.0266413392216034 -0.0590076309592994 -0.381933557639951 -0.585581882710764
0.0076383141538105 -0.0492084836291159 -0.358704638779267 -0.50339303484641
0.0342401608645275 -0.0283298539558209 -0.169523268072279 -0.233240266701189
0.0038110192227091 -0.0361743673293977 0.0253177273183658 0.196750866819747
-0.0253340644591035 -0.0529241727227501 0.295285555154361 0.467001475642685
-0.0700207063308197 -0.0528403344614767 0.332341606438992 0.544677993985223
-0.0751096704901871 -0.043545244952748 0.246534362153671 0.725708595467337
-0.0561971366060001 -0.0479719238589808 0.250095345385575 0.834459461790933
-0.0567293066798038 -0.0844446201841544 0.246439754518626 0.649806947967778
-0.0373321573525808 -0.0997037116283603 0.168441070941442 0.288762267619957
-0.0342193348101734 -0.0947278616167164 0.118922267832663 -0.0492631665118915
-0.020559751176779 -0.0851924718756166 -0.019426248202765 -0.366657353027995
-0.0298436589476659 -0.0789163807519437 -0.099035520445451 -0.600531852236297
-0.0287424207318982 -0.0629477190460598 -0.232317298036443 -0.695451579239546
0.000425993449816732 -0.0305695375731679 -0.364255459932834 -0.624547613113566
-0.00473509307819631 -0.052967465636637 -0.441548643112248 -0.526002285053775
-0.00713748784117434 -0.0253863115543743 -0.384605865745586 -0.454457944436203
-0.00907806385233563 -0.0377095433284145 -0.174605040490968 -0.201726954501457
-0.03785240163019 -0.0543457672729497 0.0361123967184535 0.226484412770175
-0.0612907840609072 -0.0234567284788897 0.276050339460145 0.502613056727588
-0.0498309464427304 -0.0170745392006709 0.269628066380775 0.593462563720837
-0.0288395945980319 -0.0548816395236221 0.164436997585593 0.771208761688122
-0.0537748192509194 -0.0784581492279701 0.176721458300787 0.856609066595019
-0.0757133323358913 -0.0870125973968351 0.198154939857769 0.63849519575027
-0.0576889140953154 -0.0751067655449182 0.148317016330581 0.251426873292095
-0.0535041337705495 -0.0652791644580358 0.104369452161804 -0.0919773986735248
-0.0408864941446422 -0.0520924441716176 -0.0472953874627047 -0.400167740628642
-0.0571502851345776 -0.057901565652335 -0.152752056842404 -0.607315081080029
-0.0490589549727416 -0.0659906117491546 -0.299783118108945 -0.666001299202522
0.0168273317572241 -0.0511979399346064 -0.424559790157782 -0.571514150860838
0.0239614769092427 -0.040105540383506 -0.484399202298986 -0.468811622958585
-0.0177562011507796 0.00723068159686009 -0.399779188345133 -0.40899663941643
-0.0503899491077545 -0.0404116909313288 -0.166751226616024 -0.169121969195519
-0.0703825308498049 -0.058485288063487 0.051600719136488 0.258924029768434
-0.0847191196559388 0.0179860043475034 0.257233595037292 0.532048901317269
-0.0243784467378326 0.0238353028672023 0.220367916115075 0.634441599207953
0.0114468620129565 -0.0578446787816358 0.108870947676565 0.799177202998814
-0.0556938367846558 -0.0869706925090971 0.124336589791568 0.852054307304939
-0.0929509906218058 -0.0675130329385504 0.15400177520931 0.612857043920121
-0.0723032835978684 -0.0338603629412817 0.122455819328669 0.222480725193958
-0.0665226235678954 -0.022506831981062 0.0841697304393927 -0.118338941705808
-0.0538237871129146 -0.00861136054449684 -0.0778419513068821 -0.420643433516714
-0.0742827037152539 -0.0284765548767302 -0.20362493120887 -0.606733241014724
-0.0583967892072816 -0.0616072710882445 -0.353273764218476 -0.641257815599567
0.0426234973578207 -0.063685538224999 -0.468942931355653 -0.530421296308871
0.0567705215832894 -0.0197377149563804 -0.505399076269766 -0.427129247963457
-0.0251743552975858 0.0435489066544015 -0.401424293780071 -0.375696977356435
-0.0828051378412963 -0.0375375533067614 -0.148022539469674 -0.141450945363702
-0.0891545557171227 -0.0464405237476383 0.0730082207493885 0.285472981591425
-0.085985021815486 0.0638994199486679 0.248293034448881 0.55149802946902
0.00564282034884318 0.056460886934487 0.191603208430353 0.664509572513109
0.0331678734469988 -0.0521928046398181 0.088645091361388 0.807076494326033
-0.0643715715486354 -0.0679842707865802 0.0933243589281513 0.826694988328172
-0.105344017243183 -0.02687848529691 0.112390709313345 0.587357926632198
-0.0792441655561223 0.0165908442311394 0.093869973653086 0.206736273260757
-0.0711479735643602 0.0275891583220789 0.0625821412232674 -0.124378844266811
-0.0544426679908081 0.0380343264103073 -0.106922522796367 -0.42263563212786
-0.0774653749320592 0.003144678188957 -0.243388275518931 -0.603189344972469
-0.0511344810298283 -0.0533033900396337 -0.393266744040126 -0.634156859109624
0.0764526477851552 -0.0653104369398103 -0.487748798667613 -0.51773837188724
0.0884072349817718 0.00864388634929081 -0.505158798257147 -0.405598819344007
-0.0313824937711217 0.0781278766238255 -0.393850013357115 -0.350554667408505
-0.103457713192819 -0.0336904468603209 -0.123191735790988 -0.120947474672797
0.140835053254626 0.0158538212349946 0.0528496432367507 0.167778436970231
0.0398737939764676 -0.0915756491209443 0.347384956418797 0.374192835715472
-0.104415281323315 -0.0339837840059349 0.503763222245603 0.407227663537992
-0.0942853879682575 0.0957075149602361 0.493498092098511 0.493984019181029
0.0278679783531197 0.104963162875115 0.42572506736676 0.619352185414846
0.041171513381828 0.00787201487360067 0.318780703224577 0.59916871160133
0.0537092353340147 -0.0420466879047135 0.17334807441218 0.39279360462387
0.0477583536567893 -0.0353033187306429 0.104118507852987 0.127664026762735
0.0759364921531357 -0.0333119852593015 -0.0164967894311188 -0.202199861029483
0.0693048222151641 0.0130355336639617 -0.00669618932670644 -0.525055496330465
0.0358628681092958 0.0838611265995965 -0.0421180470237365 -0.778108120263365
-0.0450415201219044 0.0942989418875123 -0.0900220559205155 -0.796706847607371
-0.0396442484661449 -0.0502000762329161 -0.194638221264994 -0.680575406186484
0.078845303050882 -0.0335952715323482 -0.260471703646738 -0.57458598401828
0.117241899455785 0.0464136149328647 -0.103371234453223 -0.269489795209655
0.121031757088673 0.0101449211077198 0.0340812285038153 0.163958406375017
0.0419175063701524 -0.100279993080273 0.336537108894632 0.381415348734688
-0.111115989560271 -0.0633631381521586 0.476074111252683 0.425526805758363
-0.121414583056262 0.0633554068654267 0.465821199525554 0.538770550069837
-0.00373434510267675 0.0802401663866881 0.419260959570516 0.664058629575119
0.0183380026474269 -0.017198206412765 0.331296917689203 0.609674057015817
0.0330476243554832 -0.0760516875558209 0.186618787729633 0.377189350051134
0.0331433832413357 -0.0750466041669887 0.11862705763151 0.0966095673438387
0.0594060722712228 -0.0753755400981342 0.000770723856020306 -0.229066414465751
0.0593092004418141 -0.0365980685639846 -0.00303923572329685 -0.536024198413898
0.0357730580981611 0.0327483422363537 -0.0607604170654037 -0.756278523266137
-0.0311178018367001 0.0676460625747695 -0.139256697285977 -0.768859536615208
-0.0477356999358504 -0.0572686868934841 -0.24583556667668 -0.66914273766371
0.054373648695042 -0.0550312924873503 -0.28922200205361 -0.567649375989048
0.102657351644369 0.0165006783959915 -0.130532890431871 -0.272104659909016
0.0890427470921226 0.00122570361647224 0.0241274239990939 0.165606694281357
0.0319326896399632 -0.0925805319357626 0.32456349276434 0.400248092938081
-0.102862274030315 -0.0798510271203851 0.439489413784646 0.455921930951231
-0.129101019802246 0.0221475581932706 0.411451211382217 0.600636302293528
-0.0330746616152398 0.0430500134355393 0.386911704057707 0.722477622954002
-0.00904539925118345 -0.0430155994333654 0.322879470037415 0.62644137480804
0.0103281798850151 -0.0988631837477301 0.19090999532729 0.353543183949896
0.0122871478104031 -0.0991503831614004 0.126956023518566 0.0510618364791864
0.0357939838758069 -0.0989877313037879 0.00647640809192012 -0.272132428944759
0.0353723016697981 -0.071190706120029 -0.0193539902645362 -0.556880283670506
0.0220048656315177 -0.0145745679491411 -0.103379782326948 -0.738815375993561
-0.0177259347910464 0.0329900206291629 -0.210578344047237 -0.7305740596788
-0.0425897211149088 -0.0591965361294917 -0.311418526685693 -0.634039557812634
0.0291358586809709 -0.0595083830859 -0.325392059991483 -0.539861828685279
0.0728559243588134 -0.0106251249149528 -0.155133989498517 -0.257961104441692
0.0462064682546276 -0.015243354883856 0.0232393897737465 0.175369347702941
0.00884566371006027 -0.0753733681254125 0.313478581034226 0.428742142697387
-0.0871612667563619 -0.0754444871785944 0.390759991247308 0.497927956608583
-0.111147969832622 -0.0167395487240076 0.333727265744449 0.663248919822576
-0.0504613977101433 -0.00347911204862331 0.325533233680227 0.782285417417882
-0.0349444896452059 -0.0668366533620392 0.29191215720223 0.642269490583191
-0.0139811974262462 -0.106800209621451 0.18357606365513 0.321014273811648
-0.0114093987670374 -0.106564949349433 0.126023550019693 0.000249986041312688
0.00652839150600608 -0.10181946696747 -0.0017368852678916 -0.319066491393536
0.00330785930677421 -0.0845654734527196 -0.0549993113068097 -0.579889309289956
-0.00239345971180477 -0.0463749498928804 -0.165417424286086 -0.718545892656815
-0.00859015131429634 -0.00244301931177337 -0.290187783515015 -0.678527304344162
-0.0273346685029987 -0.0588425161763036 -0.381739155227761 -0.582019917709377
0.00889121320091119 -0.0480980887887974 -0.357548271826929 -0.499261123706975
0.0332793546368361 -0.0288473406792107 -0.16942887841919 -0.231595144892802
0.00369492661511108 -0.0369463808588435 0.0271289768389697 0.195478521826587
-0.0249819563047777 -0.0527546546177942 0.296945564631909 0.464271833570595
-0.0699268006148043 -0.0531418984806807 0.332936212340828 0.541711804710965
-0.0745058648969726 -0.0425013936053713 0.247397616807174 0.719355042863604
-0.0556947625177896 -0.0477664569550515 0.250739574864908 0.829978436786588
-0.0571812947051027 -0.083832033392744 0.249281515019704 0.645174079828032
-0.0374031874041927 -0.10012609014461 0.167943325493832 0.286616741661627
-0.0339667699508793 -0.093873453192406 0.119165601931787 -0.0502012212317012
-0.020358872105791 -0.0849521906317874 -0.0200512639521006 -0.362414893578782
-0.0299271609087222 -0.0776584853985608 -0.101838822727369 -0.595688451499858
-0.0291724830110829 -0.0622753583150981 -0.232608992289454 -0.690283353678202
0.00151708245256119 -0.0309682886789038 -0.365212324348453 -0.620877168572022
-0.0049211712080153 -0.0523995255893814 -0.44183317200797 -0.520901804220476
-0.00712077768113093 -0.0249832997228288 -0.384237118350143 -0.452924749520903
-0.00872491604176671 -0.0386292105183581 -0.173982750111595 -0.199085493262451
-0.0369545804705252 -0.0550141768882242 0.0375580761407136 0.224760557677941
-0.0608251269914332 -0.023358273774255 0.274854738569244 0.500368953477339
-0.0507702150829135 -0.0161802977658546 0.271698109380718 0.588390915780922
-0.0295043053271602 -0.0548226840482503 0.168194200856451 0.7661336034929
-0.052921787107454 -0.078228173938488 0.180403581158222 0.852211886329055
-0.0754768750492193 -0.0867359394740115 0.200028818682951 0.632007513472448
-0.0567392551269724 -0.0756415697099668 0.14729364140763 0.250742166429828
-0.0536522761572873 -0.0653064671041561 0.103544254492448 -0.0914976065465605
-0.0421465776795471 -0.0520377344583037 -0.048450005759937 -0.399201396417025
-0.0568851385809566 -0.0569666913563644 -0.154752332306737 -0.602962114560279
-0.0490414016446924 -0.0655842729403054 -0.298748928625295 -0.661065478991805
0.0169179983291874 -0.0511071083282477 -0.425825809541742 -0.565968926292071
0.0230334585653159 -0.0402423508133623 -0.48259726143428 -0.46579849240336
-0.0173408464936091 0.00710080264323344 -0.398475768380575 -0.406563979673891
-0.0497427061621981 -0.0404350118156658 -0.165477152198444 -0.16747483132346
-0.0694054543196444 -0.0597179639481963 0.0534046964279898 0.256294307856425
-0.083818104868066 0.017322837327626 0.2572540560403 0.528446195343203
-0.0246961107267225 0.0231561682884404 0.220034183827707 0.629897233612717
0.0099505258053337 -0.0578936994653934 0.113065585011721 0.794637569201734
-0.0552846107980091 -0.0859916487450751 0.127603989451874 0.845263537352641
-0.0922954896407026 -0.0665269842851189 0.154104131718411 0.609287955537719
-0.0718962899258442 -0.033847842705065 0.121890517537506 0.219988913644395
-0.0654644120822281 -0.0219773890884427 0.0835138257950032 -0.119023972506181
-0.05332463893929 -0.00927039303330784 -0.0781056388773639 -0.416131399779547
-0.0733726668840986 -0.0276388706272189 -0.204631747687515 -0.603621405841719
-0.0581767970631227 -0.0606868260154625 -0.354267680436787 -0.635923298091393
0.0416729038966007 -0.0638484523383555 -0.466491424889748 -0.524742834290774
0.0559315728245598 -0.0202859518973809 -0.505262570943541 -0.422749153413943
-0.0242780315251384 0.0434311596363309 -0.400840954888456 -0.372892599346194
-0.0824046263456038 -0.0377574770428341 -0.147208221726518 -0.140000704609845
-0.0884169413815696 -0.046635621220235 0.0747094027685917 0.284487397053793
-0.0850615652637043 0.0635933134743144 0.248179525836033 0.546886191357202
0.00480096729099974 0.0553596937923279 0.19336013717349 0.661546106819875
0.0319096048975007 -0.0521831760308247 0.0914341940934425 0.801863844351
-0.0648489903365258 -0.0670252323909433 0.0967222447327847 0.820454136974056
-0.104986788680799 -0.026516984099703 0.11389384421106 0.583324455033158
-0.0784683680397329 0.0170812801253563 0.0943161878030279 0.205370237052995
-0.0700750087301956 0.0282824382302339 0.0616617920516701 -0.125258521674482
-0.0531515414265084 0.0375767245940399 -0.106859636197074 -0.418793400705583
-0.0766290628360344 0.00319613417284182 -0.244121397672392 -0.600115025639779
-0.0505484378212498 -0.0521970255500831 -0.392506029061081 -0.630240589392833
0.0766131207970399 -0.0650618561190267 -0.486830855753938 -0.514649463066686
0.0873939265914225 0.00752747967760613 -0.502688639260722 -0.402703689069789
-0.0313891830603328 0.0771885570987045 -0.391668922191647 -0.348085000732706
-0.101932978746239 -0.0330675009179383 -0.122308370026935 -0.120215041264387
0.139718890056445 0.0144855667894685 0.052844955232535 0.166742825789945
0.0396360119352039 -0.091452118090159 0.347390290333755 0.372202932473583
-0.104302040756223 -0.0326571490075729 0.501574200373221 0.405798710943454
-0.0930528283559618 0.09547378153989 0.49471340220838 0.490730945013462
0.0278406001943416 0.104051107159311 0.426069596302092 0.615460759620901
0.0397225708484014 0.00791194706258095 0.318917614474961 0.595403438710772
0.0519852412744308 -0.0428132518399598 0.17153108187613 0.390875831842376
0.0472400190625914 -0.0355774326312848 0.104367759978891 0.125585680827141
0.075400279380571 -0.0334061656451254 -0.0159251257362102 -0.200231409087117
0.0682777771439117 0.0128449028585795 -0.00779694747903224 -0.522101880373064
0.0357746824814173 0.0840525681485074 -0.0421459114472144 -0.774845210281243
-0.0429836223603582 0.0932462215728881 -0.092386241942093 -0.794138152237848
-0.0398028725383852 -0.0493428858459571 -0.194511575120769 -0.678629301393328
0.079556585098096 -0.0330988274319057 -0.260285718020657 -0.571891445773819
0.117208023935533 0.0460548105763084 -0.102686206830492 -0.268446201722135
0.120294015322768 0.00899123229714451 0.0352270341570833 0.163600378913954
0.0403302759507669 -0.0993315580496572 0.334839893702421 0.379048780677778
-0.110276313493254 -0.0625729643668657 0.47833602619692 0.423039540069747
-0.121747932562585 0.0629147160748025 0.467929823122866 0.536529286066496
-0.003016445395869 0.0797529697610635 0.419901109261302 0.658507920036819
0.0182514253455633 -0.0179762640708239 0.330820289416137 0.606302631518909
0.0332505771837094 -0.0762518689976758 0.18589888488994 0.375370929733698
0.0326711932619543 -0.0748361021908882 0.119248834364848 0.094597338785187
0.058758083954968 -0.0749304055548678 0.000552110029126633 -0.228386118492499
0.0588758789301369 -0.0355892048518096 -0.00261796896865501 -0.53255736966697
0.0361525519088291 0.0327333072262767 -0.0612007690030209 -0.751391700560469
-0.0313824582248803 0.0662986062085726 -0.139098888622405 -0.76389054510111
-0.0475385092729792 -0.0576732656897099 -0.2454992856894 -0.665316661336226
0.054930060752282 -0.0543294770675619 -0.289217259101482 -0.566155183648573
0.102249347135868 0.0158735013521099 -0.129283674624945 -0.270581673669951
0.0876996005094602 -0.000437826523168489 0.0253236383770828 0.164673869702986
0.0324813484420082 -0.0925583562764352 0.324269334440314 0.397002527243779
-0.103071468353977 -0.0785875421352893 0.440644381015904 0.453602748164641
-0.128442863897443 0.0211499344229067 0.411032672482797 0.596241625856932
-0.0329226186467218 0.0426382298208149 0.387503672099766 0.718003623681997
-0.00888462344524973 -0.0430758795573222 0.322072606318536 0.623848740583316
0.0105458258098703 -0.0983193345818455 0.190487588922756 0.352041691789125
0.0109263950369234 -0.0988886695404008 0.126040676273925 0.0508753296493753
0.0355040834761213 -0.0987706668504419 0.00648601427451105 -0.2710113560623
0.0355947517776334 -0.0702029965277934 -0.0193032863519951 -0.553459999672083
0.0215825093802721 -0.0139443059842 -0.104730983596909 -0.734821273333952
-0.0175035728718778 0.0322496466494504 -0.211789240607881 -0.726313546977837
-0.0424727865462928 -0.0592333022737088 -0.311101947971729 -0.631006981322221
0.0298996575876901 -0.0592012754330418 -0.32228016427557 -0.53773527157631
0.0733735975841415 -0.0105789835731012 -0.154489971085679 -0.256921750505657
0.0467022853239933 -0.0159395550075412 0.0236933647637468 0.174468907251697
0.0076696140594755 -0.0750229757743547 0.312704310035473 0.426607465773006
-0.0875593517174559 -0.0757801064980641 0.391216734580404 0.495258432550931
-0.111736631467444 -0.0170985985419642 0.33454256988695 0.660151158003228
-0.0515666781157492 -0.00344115012371463 0.327028469606617 0.777694299213244
-0.0352689497390112 -0.0664715936679121 0.292227752687797 0.638521618234734
-0.0146487347113461 -0.107141440376696 0.182589377421207 0.319912233832584
-0.0115635117722325 -0.105502035132447 0.125757271232275 -0.000703170311205517
0.00686375003086759 -0.101750039057665 -0.00204717663518978 -0.318355244452008
0.00349771106209667 -0.0839592002174705 -0.0566665608554486 -0.577276632680645
-0.00274757418454994 -0.0464313053950757 -0.164094777493903 -0.713485720420181
-0.00854679415700071 -0.00176228647157372 -0.28767511733267 -0.675196679876004
-0.0278232768162586 -0.0576729012644266 -0.379391896383927 -0.580353689826642
0.00858913673385303 -0.0481725326092318 -0.35700530560247 -0.497686267471395
0.0335009308611783 -0.0289623216671305 -0.168205775773105 -0.229891424518539
0.00330584445264981 -0.0366418802495594 0.0281302739131745 0.194478105916653
-0.0254094920095584 -0.0528534226896253 0.29487954270191 0.461640087614888
-0.0701190736563639 -0.0529632801535534 0.331424327649297 0.538844473486882
-0.0745165309771551 -0.0428971926937057 0.247260011614741 0.715894298605293
-0.0556728177219808 -0.0479166609298688 0.252027632121649 0.824365044425099
-0.0573437852194481 -0.083940143047698 0.248881426199533 0.641761520294239
-0.0367729493733245 -0.099920438716766 0.167327286080627 0.285568890425724
-0.0341116929134631 -0.0937698284020251 0.118026901062193 -0.0509709835926372
-0.0196117865415762 -0.0848099131691421 -0.0219506313078381 -0.361396559060848
-0.0293269760012051 -0.0769140100352287 -0.102716229166225 -0.592354454338724
-0.0287952807869706 -0.0614002191993864 -0.233697070605976 -0.687806028558446
0.00202747132840773 -0.0304216975906659 -0.363528795978112 -0.618073021109393
-0.00650733935898799 -0.0521885167028537 -0.439166342582508 -0.520666931548389
-0.00744982670507803 -0.024685270933852 -0.382069125179381 -0.449927697811814
-0.0089636563606564 -0.0386285366825621 -0.172633731999925 -0.198097079359259
-0.0362164013914636 -0.0552341321946427 0.0380854841036188 0.22339079888282
-0.0615110061517143 -0.024386696027268 0.274328888086886 0.496573277132757
-0.0510489326774101 -0.0168082791631009 0.272256370306367 0.585203024363897
-0.0296696486351434 -0.0546921138406174 0.168563442463841 0.761906512670124
-0.0527096899356194 -0.0782795875841907 0.181298887594269 0.845863427498806
-0.0752839754200529 -0.0855614087480976 0.200415141360764 0.629893184376758
-0.055989487700303 -0.0756846963895922 0.145354572180568 0.24912897716287
-0.0530420963872511 -0.0649159992405504 0.102931935620602 -0.092184730484652
-0.0411840968308643 -0.0519481454875518 -0.0483837797479472 -0.395227569233433
-0.0563313451806424 -0.0565494413040292 -0.154453497186474 -0.600128380039454
-0.0496356721508263 -0.0642352525638229 -0.299564755802082 -0.656979434315253
0.0167679466287619 -0.0501708911032598 -0.425673869442426 -0.561806217403525
0.022515604297088 -0.0397938370602094 -0.481755042846655 -0.463904976257365
-0.0168072534063256 0.00755507504798681 -0.395966821323111 -0.404731075427265
-0.0489079214480453 -0.0398756785289237 -0.164592308396694 -0.166491012553012
-0.0692635464396207 -0.0601538871209148 0.0543095815945605 0.256018906704113
-0.0833558343619979 0.0173092032549845 0.256766094098347 0.524448568904858
-0.0252155736464633 0.0230972428124572 0.222108099406853 0.62734614280961
0.0105832741775831 -0.0573366852629934 0.113198190088698 0.789132865206236
-0.0551471242601066 -0.0853222182537606 0.12839603510383 0.841022108307515
-0.0923712279806342 -0.0666136976651548 0.155027786583182 0.605808340189368
-0.0713451610406243 -0.0338844526713423 0.121433674168058 0.219172950729509
-0.0657015974049886 -0.0214501109496274 0.0830796827192744 -0.118754975108375
-0.052425655056848 -0.00909814935042025 -0.0797427876165643 -0.414866268744907
-0.0731345739267531 -0.0271028059200507 -0.204349948254814 -0.59968266998254
-0.0572949631050018 -0.0600147238833161 -0.355134180157502 -0.631804689118489
0.0420111021924369 -0.0631506042127775 -0.466288002457598 -0.52259447077629
0.0551370754849641 -0.0194144537327515 -0.503060599027142 -0.42248229925504
-0.0244055162003495 0.043824215643594 -0.399173526555093 -0.368814086141061
-0.0815673072231806 -0.0370553457974597 -0.145928162775842 -0.139096284106105
-0.0877852335337828 -0.0471488326297972 0.0745231872104281 0.282490210133958
-0.0851791215856229 0.063633321342422 0.248350451915776 0.544359158100472
0.00405322936283189 0.0558471367765239 0.193901599432747 0.65752598801937
0.0319826403948472 -0.0508287463170624 0.0932120141003788 0.798236314354203
-0.064012473868242 -0.0663011005019257 0.0972563706793309 0.815079346693047
-0.104170411108273 -0.0266773602404405 0.114190264623077 0.581221710863806
-0.0780650892534613 0.0170329719912438 0.0932578253060532 0.205104737340566
-0.0692201979211164 0.0276645183109159 0.0619054215215764 -0.124744258907028
-0.0520607319571146 0.0368831520009315 -0.105861724425793 -0.418340674907511
-0.0753297794832092 0.00391856598967633 -0.243804686795748 -0.595969849424118
-0.0504685958726699 -0.0505615988797296 -0.392366788919799 -0.624497873039847
0.0759409892887598 -0.0652708195533217 -0.486321344357789 -0.51281255907317
0.0856993317523374 0.00818701017620493 -0.502771772889979 -0.399400780580659
-0.0306540109458678 0.0769592321634517 -0.390433122346706 -0.346522061050671
-0.102263462204542 -0.0336169686084131 -0.122018378427155 -0.11874585096243
0.139282369237925 0.0128644115312449 0.05336919574132 0.166975632813101
0.0397060041018832 -0.0912004315862328 0.346428632124761 0.369590831007227
-0.10359999067342 -0.0331059272574596 0.50113366359054 0.40493478008802
-0.0934133542559373 0.0953536148139992 0.494888634775084 0.488180064580171
0.0273290789453994 0.103055828450514 0.425101481198105 0.611410698488066
0.0396160911612543 0.0077855067884371 0.319739829077504 0.593281114373883
0.0514211620161612 -0.0436780560614252 0.172467476343822 0.390337988225019
0.0469207935106552 -0.0360496859037538 0.104355137198065 0.124275825731494
0.0741610431166096 -0.0340934103807156 -0.0158577456908567 -0.199789877979648
0.0682414534606757 0.0129097750414417 -0.00727890637640801 -0.521009360063706
0.035569578878663 0.0837774642847301 -0.0433301825921294 -0.769863149462683
-0.0423911926103389 0.0929136297453297 -0.0938710981725762 -0.790751931506905
-0.039129644475342 -0.0490277125207005 -0.194571975572503 -0.677395678231067
0.0790741787371865 -0.0323363656068322 -0.260941558985737 -0.568980215734163
0.116025214002717 0.0451163145622805 -0.103284902521516 -0.267101734617923
0.119955287366504 0.00826123731645369 0.0354009138180862 0.162891529636692
0.040252935135921 -0.0992976578895131 0.33466587668585 0.377456501567632
-0.111146534474035 -0.0627105793139529 0.477294422395957 0.421516909915545
-0.120565219936954 0.0632326953573198 0.466497656207863 0.53359778674971
-0.00300217316141856 0.0796122470433736 0.419989900560787 0.656231143098234
0.0173326935844091 -0.0168874143618558 0.33075865349644 0.603920493043427
0.032493859951439 -0.0760062602514001 0.185547683745322 0.374528143292446
0.0321155780355012 -0.0744241338993007 0.11871350303686 0.0933608264803893
0.0587602828164511 -0.0756764846768799 0.00121488708629916 -0.227202926921541
0.057974981811389 -0.0359975497276795 -0.00296009467477579 -0.529743053693331
0.0359274904794769 0.033153652144925 -0.061420422373764 -0.750430368742286
-0.0308797224624776 0.0667127634822509 -0.141895614914837 -0.762181811085281
-0.0472139673896159 -0.0574251044592651 -0.24533285729506 -0.664404250895457
0.0557281388137733 -0.0530085167161623 -0.28687408358472 -0.56371613209072
0.101779970544573 0.0152199600823045 -0.130011053952485 -0.270019763823236
0.0869354839099767 -0.0010321251693647 0.0254963805531656 0.163623196872437
0.0309385712587526 -0.0920014613720201 0.32309460405549 0.396562718158732
-0.103042521283055 -0.0794645632320572 0.439470017369092 0.452714747464912
-0.128457379210942 0.0220867766567539 0.411085202378243 0.591497388161613
-0.0327221629658526 0.0427401672216887 0.387915144790939 0.71507291111906
-0.0100262054234414 -0.0433165271455871 0.322326134677774 0.621597285363715
0.00925354025119591 -0.0981983461501759 0.188695276086852 0.349397936903395
0.0117512725645196 -0.0985095301216782 0.126028086688232 0.049033700064352
0.0345880604089314 -0.0990761884433528 0.00564220693140135 -0.268879860259357
0.0352040565808981 -0.0705368400703327 -0.0208988018966425 -0.549638339950632
0.0216328051723226 -0.0139750278566127 -0.105969500891979 -0.731571316423456
-0.0177410777201164 0.0321336037982882 -0.210074731273164 -0.723125460874263
-0.0425016534734143 -0.0587098307624779 -0.311480006727192 -0.628583374368556
0.0297345683631889 -0.0589410455716718 -0.323026423812801 -0.535755926790054
0.0713907160530256 -0.0116316982508488 -0.153874792263731 -0.254843875367773
0.0468828859986802 -0.016564835722876 0.0243109062298036 0.17328664695737
0.00811568002839729 -0.0750366648303444 0.312275747955369 0.425431630505677
-0.0880198013165562 -0.0750262897419533 0.389422406093975 0.492736319551219
-0.111344570202262 -0.0165736745849362 0.335204697288324 0.655307092955019
-0.0509680340356329 -0.00397632856330202 0.326861743325556 0.775510615860639
-0.035665088946605 -0.066454129141814 0.293034438094011 0.636271666796877
-0.0143310786188982 -0.106934939739314 0.181313989955387 0.320275176224737
-0.0115615569719135 -0.105161171373428 0.125430116647653 -0.00138207250698409
0.00700765382420177 -0.102160783109247 -0.00194929381238694 -0.316753855051189
0.00348222213182317 -0.0833862019619051 -0.0554146989977714 -0.573160099878747
-0.00278294281208026 -0.0466722130136006 -0.165764119441773 -0.710667603023314
-0.0083092161239442 -0.002191201790572 -0.289609750917931 -0.670934413535778
-0.0273489468559061 -0.0579967725990694 -0.380379477189185 -0.578225600208288
0.00912021757650282 -0.0478698117864331 -0.356609810973232 -0.496127478568987
0.0334101924226469 -0.0295050459490055 -0.168517719614648 -0.229883037018336
0.00317136617633661 -0.0383046168130655 0.0289317328761685 0.193199775268189
-0.0259150493133837 -0.0532610993441228 0.294476037788333 0.459570943026405
-0.0715336209873522 -0.0525927965042658 0.333984618544569 0.537375325762952
-0.0743882541183715 -0.0428198823684584 0.249889630638946 0.711631168631864
-0.0542630623210644 -0.0479857273439672 0.25284119291155 0.819738086186437
-0.0570126200028242 -0.0832055654548726 0.248181226767629 0.638847478262152
-0.0375087288975875 -0.0998608683542212 0.16611166032239 0.284187349656489
-0.0346476050510792 -0.0935806300057644 0.117088564309876 -0.0506614796817048
-0.0192975468642778 -0.0842980318260377 -0.0213543072374428 -0.35950268797146
-0.0288806151389884 -0.0765521219484918 -0.102217945238688 -0.590718532087851
-0.0278074754170349 -0.0606292427142612 -0.233856349577692 -0.685590308414471
0.00213202347860098 -0.0300972993192559 -0.364343718107771 -0.61617233384763
-0.00601068866080218 -0.0523287383339734 -0.439017625877471 -0.518263869203498
-0.00610079827912357 -0.0247484003321459 -0.381327079911192 -0.448181429579448
-0.00827263047334361 -0.0382552586328669 -0.172565938629236 -0.197295612123067
-0.0365839817333872 -0.0555408515071162 0.0395564909768955 0.222463659291533
-0.0610566333053576 -0.0237219084406698 0.274610499002077 0.494843156138346
-0.0515271356400071 -0.0170661645916447 0.272121968373073 0.584329866259713
-0.0288399444636097 -0.0542879154002586 0.169719649647073 0.756263000252825
-0.053126852746211 -0.0777851778676261 0.182296562089762 0.840313735782031
-0.0753805776537935 -0.08573177051705 0.201158382555849 0.626883698766454
-0.056547648784656 -0.0757494025332264 0.144704807944703 0.248141857316629
-0.0527667238509696 -0.0647212300075861 0.102623760699115 -0.092804936227878
-0.0402057926692424 -0.0522653237653793 -0.0490662324997277 -0.393999803372332
-0.0562896237711539 -0.0558009157749112 -0.156710581906837 -0.59730507575029
-0.0493395343384964 -0.0633753603151378 -0.29927148216837 -0.653871498820973
0.0176540387819325 -0.0508799522010148 -0.424374371860124 -0.561160010562832
0.0217625087061195 -0.0399012035707471 -0.480141223245567 -0.460090412165761
-0.0168596925497582 0.00802876456534342 -0.395687716052388 -0.403150387114556
-0.0491359067234556 -0.0407064272247189 -0.163780598676032 -0.166444128884762
-0.0693152326497525 -0.0605003699761924 0.05549622675256 0.253773774366226
-0.0836599547573999 0.0173488820470306 0.256517712565802 0.523758571417338
-0.0262225255949459 0.0228276850414468 0.221824533289988 0.623983736507296
0.00924306240318751 -0.0564335739335979 0.115444347576865 0.785771425438745
-0.0541526766945164 -0.0855593309956342 0.129008793191848 0.835763506252498
-0.091661981470601 -0.0665219842137017 0.154739389665999 0.603116627802879
-0.0714436092238577 -0.0349495666152529 0.11906960196708 0.218569727489931
-0.0658410346914255 -0.0222445126058768 0.0820239394877337 -0.119465916360226
-0.0521158604178995 -0.00971232430595351 -0.0776012890575622 -0.4122993854301
-0.0729604046612497 -0.0272280068890124 -0.206122602196607 -0.597307960562769
-0.0573159429800415 -0.0591647522775808 -0.354927126905615 -0.630864510469739
0.0414495161690651 -0.0628015241194031 -0.466969263509134 -0.520288191869453
0.053807858304724 -0.0201752635151849 -0.502564089756707 -0.418663684954228
-0.0236866807002471 0.0433212122039592 -0.396541774337848 -0.369124728791554
-0.0812830491534884 -0.0372816578005073 -0.145015047197694 -0.138695851160698
-0.0870061391296794 -0.0477823199703886 0.0754167130635834 0.280032913175234
-0.0851202817829975 0.0624563923114713 0.247775446716407 0.542046990650312
0.00234966237208399 0.0556824916572735 0.195347766242304 0.655577780114459
0.0310983653941326 -0.0511006949576943 0.0951821990215889 0.794312341144986
-0.0631277565106617 -0.0666735833146199 0.0977905035452631 0.811344308713948
-0.103887575234575 -0.0260096036060541 0.115954479252311 0.577839405136525
-0.0774206628795309 0.0160644126043688 0.0931876489957806 0.203590934785548
-0.0694897363077847 0.0275695115263692 0.0605643833934133 -0.124422247902008
-0.0516906475371319 0.0356297830137842 -0.108342259136504 -0.41511329801913
-0.0749801680936465 0.00431984013228236 -0.244760073389444 -0.593538697074609
-0.0498948159012626 -0.0496935365436267 -0.39319674975656 -0.622479449812012
0.0749004380724969 -0.0642095486686991 -0.485936763465503 -0.509405156781751
0.0846876006735004 0.00831733213334673 -0.50013328529825 -0.399723144244926
-0.0299581790560264 0.0770720479993006 -0.39017539824046 -0.34572662832549
-0.10073379221685 -0.0336222038449678 -0.121491341781802 -0.118968654497517
0.133855982279885 -0.0127821327738435 0.092871937401517 0.165205289166696
0.0235115648156037 -0.0974494997538179 0.424608895989663 0.310456619350505
-0.0996826747781381 -0.0120403020463233 0.574591160461491 0.303742378689396
-0.0586517030300075 0.108751927974954 0.577797378148602 0.394049798831952
0.0571158447199872 0.0927401399999004 0.537754519941997 0.535101149874516
0.0478967566805705 -0.00211979731048577 0.427988383659117 0.53395370138768
0.0432311755503454 -0.0505198279784869 0.242071883528485 0.357652760201466
0.039895788396432 -0.0421116084972156 0.12583076999024 0.103297674429299
0.064836843757902 -0.0470596412989075 -0.0543916908776773 -0.197255132105814
0.0692035916469933 -0.00528998145533928 -0.11265009188664 -0.523066078936775
0.0513399238112601 0.0634812348999462 -0.198949832356719 -0.763944272469878
-0.0150336491968927 0.0858985504997139 -0.253588108557276 -0.778285316303106
-0.0431431206026579 -0.0467462042824007 -0.329650911698653 -0.643425112306576
0.0762473687418464 -0.0560157726813059 -0.384416261298454 -0.516767529596716
0.122686861061079 0.0182696049056815 -0.161565341902868 -0.247782934470605
0.113938862061498 -0.0136306501702155 0.073258278416794 0.163474970900569
0.0239671571464579 -0.105344045911507 0.417408995178355 0.318383725222353
-0.112193992090886 -0.038469507507618 0.556425912110105 0.322595465902427
-0.091751479887035 0.0841022608407592 0.559464836569747 0.441524902762155
0.02306500535095 0.0753536733979585 0.541678069026292 0.577598440292374
0.0221963387132464 -0.023471056474009 0.442364978047279 0.542056003764622
0.019373606439588 -0.07881022346761 0.256098401842953 0.338333643379358
0.0191163561001721 -0.0773303927885537 0.134582218187798 0.0701129664921031
0.0429071913208145 -0.0853529464685667 -0.0419726898950385 -0.226604797576605
0.0511807633693837 -0.0496806844429455 -0.108584507691054 -0.530868615023052
0.0416605736892205 0.0156254435837236 -0.212608014457083 -0.740224830363788
-0.0101149757949917 0.0573971252578125 -0.29598058657236 -0.736175122887976
-0.0517046029586488 -0.0530067098325312 -0.377197336517331 -0.621638544238968
0.0476388936087937 -0.0724062528424918 -0.408370791538928 -0.503827869340957
0.102409862264322 -0.00875024163103673 -0.186447716564014 -0.243112344061742
0.0819046940579343 -0.0167940709703952 0.0625839549904311 0.164612294615608
0.0156880823066503 -0.0965600607653636 0.406350931682363 0.339694673185287
-0.108533044208051 -0.0552664467496879 0.526934389618142 0.360371810261515
-0.107349009644828 0.0484596924042339 0.516923852524719 0.510598919026461
-0.011308142752057 0.0469501596933504 0.519659342274695 0.64078719493075
-0.00913055805997613 -0.0424708016293917 0.437082283160209 0.558365320047529
-0.00780025189239991 -0.0953881842499239 0.255816325983807 0.31218565242081
-0.00541000243698492 -0.0973299967760537 0.133528472597652 0.0248937053818768
0.0160307343563017 -0.102951490690304 -0.044043537450728 -0.26906467660433
0.0225719224118828 -0.0783543743941673 -0.128936834407397 -0.550055725893953
0.0197711407626957 -0.0255600902653291 -0.25253568139611 -0.713750570188672
-0.00443164058407162 0.0219166223454645 -0.359482493898528 -0.683522428758031
-0.0486763040261466 -0.0576371791602986 -0.438035430166061 -0.57145705377672
0.0220335530491412 -0.071707247076899 -0.436582857304832 -0.469378994669441
0.0685642240652846 -0.0284304462392605 -0.205125627646015 -0.22485636006709
0.0412886345704837 -0.0245375359190275 0.0616221251734202 0.17251280934763
-0.00207001324652308 -0.0755412352572311 0.398391049743264 0.369976751060718
-0.0935854954122103 -0.0537716162433684 0.485588851536321 0.410014581428587
-0.0989439661169198 0.0101065681603596 0.454955670404692 0.585267092174087
-0.0366740637463354 0.00704739301320488 0.472334093412689 0.707910055415991
-0.0375370873527219 -0.0610963202478186 0.409693778948685 0.577250464874084
-0.033016954165585 -0.0989727791004221 0.242061122538731 0.282202764284242
-0.0284239551044121 -0.100426400723812 0.123911314110652 -0.0251278318462033
-0.0106930149044542 -0.102510058059092 -0.0612567623454989 -0.315108975390299
-0.010976245424812 -0.0871809428798376 -0.167952170066427 -0.56565471210518
-0.00976052097869434 -0.0514819733637672 -0.306750073288951 -0.680184441174677
-0.00375311209931674 -0.0130369924599969 -0.428553556866948 -0.617306391976945
-0.0354290657962428 -0.0591396012613957 -0.496831678062528 -0.505090484327621
0.00331332833371308 -0.0573933538062771 -0.461438899845477 -0.420629005656872
0.0270832132637564 -0.039669409443627 -0.212796971256397 -0.195871050258714
-0.00345271626551759 -0.0365656037335306 0.0697770562573485 0.188597346339637
-0.0303324887731942 -0.0481002069689393 0.385178210376648 0.409106052955053
-0.0732516993544454 -0.0351072461417381 0.435861094117575 0.467175841498387
-0.0697776313763707 -0.0207128777594514 0.383561074146284 0.661154127463442
-0.0489720134144392 -0.0327785626270651 0.410133699449734 0.764614967909875
-0.0618563193720195 -0.0724071475767063 0.366960505443324 0.585955716464444
-0.0539978625491818 -0.0877408123050567 0.220603589255965 0.24736381309279
-0.0481639780199828 -0.0856170653460204 0.105841479391456 -0.0732498815112711
-0.0339772986883133 -0.0812197368000095 -0.0886316041427567 -0.355542267452128
-0.0413161994159506 -0.0749050923462 -0.218289294273562 -0.574938815908444
-0.0375560466594349 -0.0626093186125896 -0.371703251761464 -0.641202600033263
-0.000581844542099252 -0.0411110447512776 -0.489756367042348 -0.543563731960314
-0.0151761406236862 -0.0568545333557201 -0.544325508852019 -0.4327355318279
-0.00841055394314779 -0.0315515004655345 -0.47679929727597 -0.370848547158267
-0.0166814904448741 -0.0401531322740641 -0.207899440213829 -0.164954967653864
-0.0442068058064052 -0.0462582080382448 0.0847892743161506 0.213898631388749
-0.0578834793454666 -0.013850349506252 0.36940249233819 0.446640584963825
-0.0481397808890186 -0.00441063582736612 0.382399410823388 0.529608896943735
-0.0297233875998642 -0.0397936091226445 0.313715604871642 0.724805622574567
-0.0524768793642576 -0.060101374737362 0.343201668987232 0.799135941259208
-0.0796002638382218 -0.0706478521797503 0.317729586738625 0.58221375404469
-0.0669320377449691 -0.0607035210525559 0.190273251270905 0.214371576896613
-0.0620212707208129 -0.0549684285414053 0.0831023797897523 -0.111296174806273
-0.0488637008467402 -0.0470303372303569 -0.122805711617358 -0.384953023311293
-0.0632004794629008 -0.0503336943331159 -0.273337848968613 -0.570272013619336
-0.0588916222819117 -0.0612141712411913 -0.432778043158502 -0.597559421775609
0.00902889538570315 -0.0636894913039857 -0.539203376580455 -0.476382774869621
0.0124083127504915 -0.0504240040845483 -0.574947176180384 -0.364940334543308
-0.0138496602144951 0.00198944110836745 -0.4817348392602 -0.324131402105177
-0.0562392518702218 -0.0341911472102859 -0.191372962164075 -0.134245716684137
-0.0748518380363132 -0.0454301734005394 0.10620213898792 0.241365483900437
-0.071311658395319 0.0297393701245057 0.355987146220147 0.479251094453117
-0.0156133420736709 0.0284920864820506 0.338174467350141 0.583285995025217
0.00647607941810502 -0.0499607914752592 0.26360315910884 0.766601915213678
-0.0568653568242939 -0.0674762135260859 0.290995018643108 0.804815715948149
-0.0919193386124104 -0.0479106955882119 0.264792020260581 0.566154933438944
-0.073018555043082 -0.0182986446909405 0.157097990148733 0.188811333343786
-0.0683608365703775 -0.010993287906603 0.0578497049907684 -0.133160718949627
-0.052352782745849 -0.00362118908643265 -0.157886385700341 -0.397113281554009
-0.0748491780744134 -0.0192692314934323 -0.323360649945031 -0.561688824147287
-0.0661869012583239 -0.0546574593289667 -0.481175843946924 -0.562314096706609
0.0282140257701366 -0.0795148869130052 -0.571921437394309 -0.426392855791321
0.0464011689878737 -0.0370366225299614 -0.590852542957153 -0.32003626127815
-0.0134547300774698 0.0384828264954645 -0.476556854902639 -0.291235977595476
-0.0876015949005508 -0.0248394360808613 -0.167660741698742 -0.112032249350449
-0.0900172167137256 -0.0291140153486705 0.129806583162729 0.264189272845018
-0.0630664699131065 0.0736975305793112 0.348022092215727 0.501261028267657
0.0180796821415746 0.0537224516570666 0.316427684545235 0.621998904779494
0.0278539218452294 -0.0486667832716383 0.246329880289118 0.778959921359745
-0.062009596170318 -0.0472578749534793 0.253973609880728 0.785440553603602
-0.0964726667218259 -0.00667235703200629 0.218215532925102 0.549023987199237
-0.0690630069640179 0.0310090470988825 0.12434078826854 0.180551778778287
-0.0622459900238589 0.0381426024917608 0.0364549132230409 -0.135615953431296
-0.0436220326694271 0.0401038739714635 -0.184650869587564 -0.395890744294883
-0.0718013173998962 0.0104659919991498 -0.362840249560108 -0.551291878453249
-0.0582990188222102 -0.0479889434859654 -0.51739489903356 -0.548244420488844
0.061111431163663 -0.086570264065066 -0.58953033503267 -0.412055439935436
0.0805445881772035 -0.0153032263021135 -0.585924196318684 -0.297719115413259
-0.0135609606859409 0.0726352236993498 -0.465699921082063 -0.271033810561716
-0.105322904552156 -0.0166353644497311 -0.137945568197704 -0.0988685318057546
0.132801950278831 -0.0128734975049933 0.0926336162739372 0.164471216818683
0.023699185129201 -0.0966818437610942 0.42537926189053 0.309494205315851
-0.100781442935573 -0.0120291123579988 0.578518051116371 0.302400631649411
-0.0597318266726465 0.108350498752136 0.577968117763328 0.39405472171786
0.0567728175046471 0.0916071078763356 0.539775079277157 0.535452124692705
0.0469121989902488 -0.00229990954375743 0.429572752001017 0.533463672614552
0.0429147732211923 -0.0507769818247045 0.243523516485422 0.359455007588168
0.0395466590421199 -0.0419021828311046 0.126161262491764 0.101246961646384
0.064084556875296 -0.047643552493553 -0.0535861718039784 -0.197099212878827
0.0693845342630452 -0.00415068135098049 -0.111559879380703 -0.521491718223362
0.0503993817363371 0.0636888158198194 -0.198614729353953 -0.763355973720001
-0.0153419680702636 0.0860298893920932 -0.253861473906713 -0.776760675203185
-0.0425801691696021 -0.0470309635063497 -0.330610412959603 -0.644877102765339
0.0768603741705664 -0.0549860512966363 -0.385430870924419 -0.51720557881381
0.12282694947311 0.0181804459594366 -0.161898173108525 -0.24711489191653
0.113828743446725 -0.0136796790544256 0.0727393622089786 0.16285149853194
0.0241365173764269 -0.105159980754233 0.417282012895283 0.3177465714668
-0.112615899178193 -0.0384787627013402 0.557513596289644 0.323942568897223
-0.0916203142700477 0.0842917060608832 0.557301774701565 0.438729790246367
0.0240344047829515 0.075290707262887 0.543093798152705 0.578338365690219
0.0215503755686764 -0.0229343640052086 0.442972824541245 0.540458261452504
0.0181590416604264 -0.0792479954467416 0.255428134832906 0.338461522714157
0.0188140537685007 -0.0776925824244794 0.135317956333248 0.0683756580163687
0.042954765733126 -0.0847142534211498 -0.0423200342336673 -0.226897379560616
0.0510025164762075 -0.0500058138568399 -0.108742942256483 -0.531168756263617
0.0410920530088272 0.0159120262632587 -0.211892005357487 -0.737631270276171
-0.0096042121025333 0.0579269284802376 -0.295702504892825 -0.738160490514368
-0.0521076993593822 -0.0535257091633391 -0.377444046353139 -0.622785246452375
0.0487705161871329 -0.0723118567780113 -0.407873167940284 -0.503692982153167
0.102113061894565 -0.00810174329909616 -0.186480091506339 -0.243555715261576
0.0816552886695579 -0.0166618961388009 0.0624269103069265 0.164782354146204
0.016520497441578 -0.096524009179271 0.407616893422269 0.340338489573332
-0.109282640021002 -0.0548936463951482 0.526584846153369 0.360069639345611
-0.107208912779562 0.0474675527333547 0.518600492475827 0.507349432588604
-0.0110023154367997 0.0466233672687972 0.520138599364641 0.638750275630736
-0.00871563826936834 -0.0429842939595341 0.437453466257291 0.557553161860138
-0.00888233937391945 -0.0961271816552019 0.254723939980646 0.314134473172865
-0.00572569481481465 -0.0976249270212696 0.134094752346133 0.0245664124678545
0.0154995377592825 -0.10354317860997 -0.0452330488373022 -0.268577180094811
0.022634297099215 -0.0784402664062063 -0.128714511914166 -0.548578940756624
0.0196856101729892 -0.0261799334676667 -0.253095523496728 -0.710648415545595
-0.00485021141598593 0.0222890332333347 -0.359265432786708 -0.681804201569711
-0.048267045506774 -0.0567636217966389 -0.438456940522708 -0.57244960673857
0.0224460566353898 -0.0714267715482654 -0.43664684265652 -0.469163557564588
0.0681472292423092 -0.0293678814044261 -0.20518553759663 -0.224547245709843
0.0408798129595627 -0.0252019327929109 0.0616426722630783 0.172081946044769
-0.00136469985992793 -0.0763843959119501 0.4005228937864 0.36980613966272
-0.0939086822155142 -0.0535191744483175 0.486940183398666 0.410949193835863
-0.0991493882340931 0.00893362513123521 0.456049161689653 0.58489952036527
-0.0362915842951887 0.00697014985236497 0.474102798260915 0.70794461486018
-0.0380690498308085 -0.0608038397845041 0.411954689015402 0.575623260387239
-0.0335360034956542 -0.0998206190137521 0.24297546592024 0.28207857508911
-0.028919280615719 -0.0997811536079239 0.124233714823896 -0.0258751056286911
-0.0112294413416338 -0.10202755361028 -0.061315823009851 -0.314763411579396
-0.0109685649983629 -0.0871448486800369 -0.168613437309958 -0.564580955071387
-0.00968089846860955 -0.0519458342489737 -0.307288203090219 -0.678612098158241
-0.00335591411394722 -0.0126458647571343 -0.427469771629867 -0.617045083100655
-0.0364259958444309 -0.0585313171905214 -0.495141845778804 -0.507003882642969
0.0031683875452681 -0.0572849281199459 -0.46158487278832 -0.421262630697341
0.0261872063946424 -0.0396178131051468 -0.211494346162228 -0.195960306384292
-0.00317910496541942 -0.0379074410521603 0.070193232786445 0.188207226608859
-0.0304320417138155 -0.0482754774820749 0.387879979280793 0.408487001398745
-0.0741233074363637 -0.0355398630563029 0.437309331948902 0.467707099416995
-0.0705485175997529 -0.0208310193502085 0.383141446482197 0.659638130451902
-0.0488592635205781 -0.0329602392380836 0.410340306784901 0.7640110231774
-0.0618102080039828 -0.0728158888446622 0.367915430545371 0.585491025110255
-0.0537334714593403 -0.0884703709719264 0.219666046038404 0.248219371419725
-0.0487201575956467 -0.0853213543875802 0.105882475657349 -0.0737357369278991
-0.0353876868270902 -0.0824338581518862 -0.0887918516482532 -0.354268600719498
-0.0416335978141015 -0.0755423267523061 -0.219871131644113 -0.573251166172567
-0.0381804486055485 -0.0617667444566765 -0.370970184971029 -0.639252350116955
-0.000692114843202349 -0.0412215937679189 -0.490233526896498 -0.543347136633812
-0.0161101232877653 -0.0566365866959548 -0.543696825010485 -0.431589499078369
-0.00898702148526084 -0.0317333113775642 -0.475651542494799 -0.370883030598853
-0.0167517169923671 -0.0407210029851301 -0.207891071800917 -0.163641789129447
-0.0438633242594176 -0.047147330621243 0.0849775938350884 0.213419316638831
-0.0582088156353701 -0.0137622855857565 0.370358688020423 0.447057416178268
-0.0483444715190527 -0.00498572454999974 0.384832531951658 0.529471711086454
-0.0301260097010203 -0.039664571079915 0.315030500877363 0.721886297624974
-0.0524229993452055 -0.0610617451327982 0.346205338778964 0.798944144110595
-0.0800215842008494 -0.0692654735861898 0.318176256584375 0.580200544653307
-0.0678793646320488 -0.0606842504036101 0.190713773586749 0.215080944891759
-0.0626428043125796 -0.0548862642807675 0.0826456559366835 -0.111708867744791
-0.0484826600500829 -0.0469902904964315 -0.123665025107678 -0.382504406031368
-0.0628453189847062 -0.0498126505451284 -0.27513396842255 -0.570302263481108
-0.0579300543487362 -0.0604514394417212 -0.43231100362773 -0.596739540817949
0.009635227363276 -0.0634466174457224 -0.539066995889297 -0.475136944015946
0.0111377842738207 -0.0494176088316808 -0.574371205561622 -0.367279227681986
-0.0130676798162251 0.00174995937966085 -0.481973650762702 -0.323330189684398
-0.0558898843826732 -0.0344911319173258 -0.191305565209177 -0.136047765774364
-0.0749189955859204 -0.046358321158248 0.106060395152316 0.240303338388752
-0.0706597431047568 0.0295733637577933 0.355776457359355 0.477988853818317
-0.0167757872208508 0.0287942261001781 0.340068287032979 0.582075166924084
0.00581728145505929 -0.0491197278152055 0.265468380707741 0.764395615851297
-0.0557235692462407 -0.0673200788956919 0.289938082696824 0.802239641226227
-0.0927519282723087 -0.0477142419761068 0.266758883428896 0.565951492892593
-0.0731889328633421 -0.0192487341797322 0.157165108843011 0.189765087691448
-0.0675149157098166 -0.0111348741394592 0.0580898387913971 -0.13361186817063
-0.0518118184463418 -0.00417569874148954 -0.155630208358743 -0.397552982044251
-0.074584101284344 -0.0189665328716979 -0.323824952961538 -0.560953049378798
-0.065349295585009 -0.0544457204968141 -0.481492752642122 -0.562714775568941
0.0291053368133142 -0.0801460217983624 -0.573458786152731 -0.426809006005065
0.0452760577400601 -0.0363652300800092 -0.590053300037369 -0.319685588822353
-0.0131790347263661 0.0386034749444565 -0.477543271744494 -0.291881737001041
-0.0870662325393795 -0.0248007421720498 -0.167435327145718 -0.112942599654566
-0.0901313797092489 -0.0303223673025348 0.130833939730829 0.263597825862412
-0.0637376948806804 0.0733746229268607 0.347798730559554 0.500575452637914
0.0170890774716306 0.0547967792051204 0.315340511565022 0.621965418760785
0.027982269805229 -0.048121490635727 0.244904699648179 0.77822262162182
-0.0616330871431453 -0.0473549004087919 0.252121622549905 0.782731732130216
-0.0968209143663022 -0.00676390245636064 0.219021825811163 0.549170443179421
-0.0689318357672718 0.0309854086129194 0.124060795377897 0.179552319925427
-0.0628462203003407 0.0375014855058239 0.0359773090484494 -0.135972347494768
-0.0438320176493474 0.0397194055487025 -0.186129346430248 -0.394552074462166
-0.0717940322279446 0.0110813741076024 -0.363495158660925 -0.552205370589543
-0.0579819526526522 -0.0474072949204098 -0.517105441784641 -0.546122694824798
0.0610981603607379 -0.0867482979506696 -0.589778661604129 -0.412305676350767
0.0795826281357019 -0.0149153192767665 -0.585932923282341 -0.298132533277629
-0.0136052210747958 0.0720939529705777 -0.465343591483919 -0.271256723341445
-0.104739385813543 -0.0160235367944313 -0.13768928204587 -0.0986291366548113
0.132062618751084 -0.0132234517879949 0.0929943325406604 0.164146924963894
0.0243574865332141 -0.0976143772948897 0.427244956050451 0.309560373624606
-0.100705615826626 -0.0114703917114559 0.579602648570665 0.302258064929334
-0.059297902707603 0.10822308733151 0.579910138962826 0.391426308089943
0.0565358374476049 0.0916872162136946 0.54100353474701 0.534805369025557
0.0468115027570827 -0.00285891865371086 0.430996534668112 0.534816084367009
0.0420472206254812 -0.0513280994097229 0.243041161822897 0.35868816491707
0.0392639361226107 -0.0420853629151517 0.125862491956965 0.1015787740019
0.0642017669730774 -0.0482702543757864 -0.0533213023813745 -0.197554049148001
0.0690648920762825 -0.00477482793666764 -0.111768886895022 -0.522771759820029
0.0510857724454739 0.0634720014118917 -0.199132641761548 -0.762768123989779
-0.0141822323360963 0.0857266350826721 -0.255272512529434 -0.778002631121486
-0.0419066993383792 -0.0463412505772369 -0.332020526251682 -0.646793797472737
0.0774777016941748 -0.0549842577868754 -0.385428658740454 -0.517787444536909
0.122570846888895 0.0175667763659485 -0.162245147064055 -0.247593514190088
0.113398310617476 -0.0149386576735007 0.0743899648074909 0.162144847463778
0.024470266513663 -0.105228415071181 0.416947725524564 0.317546141720881
-0.11309511261328 -0.0393267125601645 0.558654180134338 0.322047496385997
-0.0925255130474581 0.0845876743899945 0.560966835592718 0.438317691085809
0.0242911219881099 0.0748682664412712 0.544054513042143 0.5780275154319
0.0210126325933711 -0.023485012414964 0.443806889321691 0.542343227246969
0.0169954382574122 -0.0800627901363153 0.254459575543893 0.339110404975886
0.0187804288646019 -0.077727723273124 0.134584883380295 0.0681198455671538
0.0427589960296052 -0.0857048538050426 -0.0419668758937238 -0.226903583529047
0.050650380135871 -0.0499969810601427 -0.108893368575408 -0.531184310277873
0.0412726734711003 0.0157178549066034 -0.212657851850444 -0.739607507020549
-0.00965184831147946 0.0578906665779824 -0.296393693321361 -0.738521811143739
-0.0521930597584887 -0.0532431326693511 -0.378149318326511 -0.622971745513813
0.0496947827653906 -0.0715648522489489 -0.410033957963294 -0.504579401769228
0.102485168850329 -0.00812319506847243 -0.186864688400785 -0.244574038026613
0.0810762154836471 -0.0172578451906953 0.0623784887054197 0.163949429185582
0.0161291768549211 -0.0963271646956905 0.408219510799198 0.340039061228997
-0.109379756963667 -0.0547564641855228 0.530256788684711 0.359046755891184
-0.107446549703695 0.0475953939995264 0.518956528179822 0.507131080931707
-0.0112685842821412 0.0460474534663069 0.522987995061612 0.638858568676504
-0.00885115922673629 -0.042592296257936 0.439065058649635 0.558311285799097
-0.00913875062967589 -0.0964586635721109 0.255769184878019 0.313922967183569
-0.00561720897888377 -0.0977907296749712 0.134463301922228 0.0232953480076287
0.015621784748535 -0.103600937646564 -0.0447282955603746 -0.268788069072301
0.022225888762508 -0.0786418209543413 -0.129518180700298 -0.548692237115489
0.0205145576118752 -0.0256974119272152 -0.252761536995845 -0.712949345310039
-0.00481427283165257 0.0222105399887643 -0.35868499779902 -0.685118411527807
-0.0491047671173122 -0.0572156522737271 -0.439044621650049 -0.573585968122991
0.0231056814785669 -0.0717383033813237 -0.43723689242921 -0.468997872751661
0.0680934852806858 -0.0292091453194385 -0.20523658852021 -0.224625772532378
0.0399555336441057 -0.0260168248192332 0.0634510434409388 0.17113812474546
-0.0025567089624799 -0.0759453253733782 0.400898093646395 0.371485282195134
-0.0944018635352137 -0.0537460060631963 0.489005675937095 0.410623367658369
-0.0999471732379709 0.00953376561109909 0.457023519729573 0.584429876613696
-0.0369431522749719 0.00672979446850208 0.474534513412627 0.70778672591163
-0.0382953311356118 -0.0607241642498651 0.412547871885495 0.577821417293809
-0.0334380843132974 -0.100236059389412 0.242727223198902 0.282898379352018
-0.0296415469945379 -0.0999377465446939 0.123911257173436 -0.027048712788565
-0.0110936863021158 -0.103485651781953 -0.0613889641901384 -0.314059796573452
-0.0099889161203463 -0.0873528474326216 -0.16870849713822 -0.564960670583279
-0.00888955220547977 -0.052066549656391 -0.308469515427183 -0.680418130152801
-0.00257717839420349 -0.0127763007550564 -0.427928026372985 -0.616736051377018
-0.0368290161054789 -0.0586980891824089 -0.4973542300538 -0.506234324628071
0.00357458888796695 -0.0570664191354055 -0.462176474411924 -0.424187923460715
0.0268910381937214 -0.0397121757088808 -0.212939871329609 -0.1970604022682
-0.00323694856744723 -0.0377090140051648 0.0709511021000333 0.187029223432144
-0.0299999644425199 -0.04883420479445 0.386510030565478 0.408567603912475
-0.0753037010469875 -0.0354086490990826 0.439649266718698 0.466663214056727
-0.0708928394348117 -0.0205374152136408 0.384476175960261 0.658038177908991
-0.0486511889044145 -0.033326093918292 0.412000279816708 0.764069816583768
-0.0616521377350053 -0.0725383346822918 0.368805449301397 0.585415389747896
-0.0539959947939688 -0.0886477380092488 0.218970769189629 0.248787772399325
-0.0494348665157262 -0.0855388165153112 0.106125521210078 -0.0744708700077749
-0.0340387721620541 -0.0821540102903805 -0.0893422858131695 -0.354309105070018
-0.0418157356818891 -0.0752658432769546 -0.219609442090996 -0.572860532623382
-0.037554969114639 -0.0619493413471824 -0.373536050758104 -0.639445469543482
-0.000286281943837778 -0.04192869136727 -0.491404621330412 -0.543886617641045
-0.0157951632371574 -0.0568651668502162 -0.546112207312292 -0.433758144278304
-0.00773273785992544 -0.0314784268601999 -0.47902913705759 -0.371124774529182
-0.0161917573531809 -0.0409068198433751 -0.207869724827355 -0.16534784834633
-0.0444696039253542 -0.0473344363786367 0.087215093239186 0.212520664009647
-0.0575505739194322 -0.0142453962495859 0.370166771810584 0.446466265633516
-0.0494434323011894 -0.00505189828655638 0.38457218002341 0.527983433157098
-0.0304035903246377 -0.0398152448490703 0.314378196067074 0.723889050674465
-0.0524011875420118 -0.0615775755877042 0.346259527383855 0.798790648437388
-0.0798687208660882 -0.0712099637357076 0.318593754792788 0.580163145472939
-0.0675618991787083 -0.0615044666192053 0.190136288680696 0.214989182458835
-0.0629696251325083 -0.055014122400303 0.0827418067966726 -0.112188264075534
-0.0486016618479515 -0.0472670157794536 -0.123113678231585 -0.38256677974911
-0.0637667927548643 -0.0495794767959697 -0.274401309562483 -0.571092090583883
-0.0581003513536655 -0.0604971603773593 -0.43374837596998 -0.597476771938178
0.00916499122172994 -0.0638402309896703 -0.54210639476726 -0.476294129531045
0.0112895968448469 -0.0498597305211889 -0.574988514463733 -0.366528895806841
-0.0125808397747133 0.00149490060934478 -0.482851053238132 -0.325690250041607
-0.055335525464012 -0.0341469342514298 -0.191428599818271 -0.136516166890942
-0.0755983318320018 -0.0458656904658389 0.106991401905801 0.240427621937098
-0.0717691526935469 0.0291014291754237 0.356231835552102 0.480436701514348
-0.0173804265022573 0.0290169202938057 0.339337401854066 0.583761899797933
0.00687395126576838 -0.0492242990397054 0.265633564020626 0.764584906099616
-0.0563578780849266 -0.0673350646749251 0.291144427108784 0.802552399717332
-0.0926285325325161 -0.0482099598872547 0.26729769834978 0.564935826471677
-0.073434568674569 -0.0204959366117409 0.156933831341628 0.189957028888088
-0.0678137614124837 -0.0116105739283055 0.0579901438808364 -0.133196767047952
-0.0514747631286408 -0.00495146045511786 -0.156750695812277 -0.398193572012155
-0.0742130272875815 -0.0181275991693594 -0.324829936328744 -0.561589333350559
-0.066042357110137 -0.0543273297663073 -0.48211567837547 -0.562195156466012
0.0289664261148301 -0.0800377326781909 -0.576048106027062 -0.427316956447103
0.0445925365424359 -0.0359663861313759 -0.590675441717292 -0.318342932207132
-0.012468986182301 0.0384250829190135 -0.479166428148766 -0.291966014826874
-0.0866864239957901 -0.0257534032522432 -0.166761437892302 -0.113285594129145
-0.0896712396978841 -0.0309325735328534 0.132212796358029 0.262877530588882
-0.0632273102986861 0.0733581673875272 0.348721206308014 0.500889923039537
0.0161629792784825 0.0549047537552443 0.317610699995487 0.622724489975022
0.0280211562978974 -0.0476478256710262 0.245648154055076 0.775725529236419
-0.061154847672617 -0.04764712507724 0.255398957027368 0.78331138963579
-0.0961652077808759 -0.00711461971037358 0.221177867274366 0.548136233155155
-0.0687888854577223 0.0303328412343375 0.123904650089826 0.180328264240289
-0.0625190807035928 0.0377206500376757 0.0344652419648325 -0.136744165048035
-0.0436409178619282 0.039200586197936 -0.186886603661971 -0.395653986817358
-0.0710289407722818 0.0107657407128314 -0.365741481936511 -0.550547055870977
-0.0571069048249925 -0.0469553055432537 -0.522461301732116 -0.548686821775697
0.0604794347443047 -0.0867932107756186 -0.592636552928967 -0.412597187633274
0.0796705883422248 -0.0148546436416039 -0.586060889723432 -0.299342108042551
-0.0132702969850623 0.0723312627953949 -0.465913809826831 -0.27172821727624
-0.104790342107468 -0.0167851177934957 -0.138236762890378 -0.0991169782257667
0.131872582498889 -0.014738204323891 0.0946216062796002 0.164182666047107
0.0254311739230523 -0.0978340529867094 0.427754179145683 0.310757670841891
-0.101668831243447 -0.0108858651047837 0.584332585057289 0.301943890878336
-0.0591753147673641 0.108682981824455 0.581890917478491 0.390295451910218
0.057694862963975 0.0914590938243514 0.543119321681699 0.534949782426383
0.046851109558473 -0.00249518507095928 0.43339573586991 0.537236273894189
0.0415970650043099 -0.0520922776563486 0.243306674231638 0.361081823893413
0.039693191857937 -0.0427114139743676 0.126964711110954 0.10030174439172
0.0641471722942206 -0.0489861319838735 -0.0521425466482364 -0.196705201378945
0.0691078799912305 -0.00494023116739826 -0.112393426057337 -0.523077425618116
0.0518542269623918 0.0630408822254029 -0.201035094682875 -0.764361423964856
-0.0142357231249627 0.0858151381482542 -0.255906942162434 -0.780729365225781
-0.0422363477267981 -0.0458793166470153 -0.332324694526959 -0.648447671946015
0.0783626940143874 -0.0550351991350134 -0.386437687011916 -0.518431660092304
0.122382594100356 0.0183782843754817 -0.162313185330836 -0.249442800443683
0.112589053846607 -0.0156836818804322 0.0747847965435029 0.162206401838904
0.0239703497013731 -0.105100481588442 0.418590743717081 0.318650865706343
-0.113665141668357 -0.0383839920021529 0.563520428217569 0.323659170188539
-0.0928336922957907 0.0845112106300412 0.563107187003477 0.438391329885332
0.0241642723538873 0.0751327418071789 0.547570453812652 0.577520891016292
0.0207215687038793 -0.0236982183776731 0.447804119182246 0.543818523034965
0.0174468397250745 -0.0800011741986578 0.257872448436764 0.339961155387207
0.0188229974398003 -0.0776349878263997 0.134670717806241 0.0671601178772814
0.0421115989418385 -0.0859031328850848 -0.0413088470998342 -0.227479370827934
0.0508751652939778 -0.0496893937645377 -0.11007474745204 -0.531860925492526
0.0422381054931888 0.0157917913947121 -0.213924904593732 -0.738879304306899
-0.0082940730244442 0.058177029837688 -0.30005158646817 -0.742052148660981
-0.0520152340839831 -0.0526211802522342 -0.380616757754797 -0.626019118631017
0.0506466855497894 -0.0713708513608049 -0.412172778141833 -0.50568316628868
0.102588511347108 -0.00842903547745405 -0.187519588436463 -0.245401627070258
0.0813017539007952 -0.0177441189482934 0.0644328385187568 0.16335348114785
0.0161765945765222 -0.0960100686952117 0.409534077424883 0.342692936681938
-0.110418420114802 -0.0549791999667404 0.532906420045483 0.360101917607435
-0.108064964986961 0.0480506871972936 0.522315731679361 0.505925368002257
-0.0106793117614123 0.0457777538480277 0.525921938180999 0.640523977341411
-0.00947004434132966 -0.0428713170176759 0.441533472924139 0.559283469306311
-0.00985336594862343 -0.0966929085151002 0.255512624700591 0.3147671263152
-0.00604268394830356 -0.0983887917649123 0.134322384284399 0.0222045268824211
0.01534605920176 -0.105035097770536 -0.0455315781663775 -0.269795396982422
0.0220222559007706 -0.0784853125779136 -0.129988730259131 -0.550643601720475
0.020192703630977 -0.02568536057945 -0.254939939647063 -0.714476994929688
-0.00384891380956098 0.0222841304213684 -0.361848408874187 -0.688093272486903
-0.0490765219388899 -0.0570949866890136 -0.440093690401305 -0.576990160753935
0.0237105442672587 -0.0712265967547478 -0.438592035334375 -0.472514012758876
0.0685720438177244 -0.0295941951558399 -0.20678427981548 -0.225949574924672
0.0403525921454597 -0.0262332317631369 0.0643646923959245 0.170779398021559
-0.00216554244082076 -0.0761524429491796 0.402239121764895 0.371596937995281
-0.0954608446716655 -0.0534629238575936 0.492034585112691 0.410257903094287
-0.0996988193456605 0.00985975497583172 0.459936709055974 0.584926825595588
-0.0367046495751999 0.00644629494038263 0.477383559047955 0.707572950413508
-0.0383973124553478 -0.0610030205518741 0.414376092129897 0.578009815080797
-0.0343266506549998 -0.101205277254752 0.242866264480306 0.284297478208644
-0.0297465580801953 -0.10101307561418 0.123877229201174 -0.0273683348607134
-0.0118257848537368 -0.103052717011852 -0.0615349822514421 -0.315667626876161
-0.0112817073218563 -0.0863592127677341 -0.170287163603742 -0.566959525791732
-0.00942717211022127 -0.0509936065856578 -0.31092914199148 -0.681984484428784
-0.00272310633545002 -0.0129110506129919 -0.430779178182344 -0.617342393678114
-0.036473255016052 -0.0592590936854772 -0.499550073095262 -0.508671916576082
0.00358535711654762 -0.0576207196605586 -0.46413497272988 -0.425119084027977
0.0270509410861473 -0.0399174895599314 -0.213783532844148 -0.197333758994264
-0.00376691739891319 -0.038714440324034 0.0720369894739097 0.187264837240588
-0.0307711002525434 -0.0492748198539824 0.390672223027189 0.409585961035383
-0.0760479630890999 -0.0348502404086411 0.441178222147704 0.468892493745198
-0.0707699341586079 -0.0210008193715989 0.387178877481057 0.660684511749752
-0.0491934823275542 -0.0335066918347426 0.414079607057812 0.765869687088916
-0.0625851496734658 -0.0737644713221961 0.37102285413033 0.58665090445852
-0.0555207181445443 -0.0896184926483734 0.220024440800873 0.24984780571444
-0.0489612844327117 -0.086411497965866 0.105843654963962 -0.0758679121791751
-0.0338759863878764 -0.0832146016550145 -0.0895242230570271 -0.355025921973224
-0.0412705609348234 -0.0751244748838744 -0.22243599010947 -0.575091608096522
-0.038391870583831 -0.061193346851988 -0.373824185812475 -0.640142363636529
-0.000471694222672028 -0.0418738449689139 -0.494444284151231 -0.545068963490979
-0.0172491511359908 -0.0565272308365759 -0.54696302827367 -0.435083628164246
-0.00757911665613833 -0.0319293107404782 -0.481893939835597 -0.372534864172889
-0.0158711567349904 -0.0416928650900051 -0.207914454158284 -0.165504341555656
-0.043672306714845 -0.0485631537901941 0.0880445824134334 0.212824347688947
-0.0581669638415288 -0.0148310860872216 0.373309270291365 0.449176445671191
-0.0502510165780953 -0.00432860959268729 0.387868832905419 0.529904569986062
-0.03040095468266 -0.0394679721907501 0.316437179100883 0.724216583493078
-0.0526861252681722 -0.0617937618574353 0.347506006154463 0.800977913536544
-0.0802331155467116 -0.0705732797402952 0.321696592542003 0.582503177312773
-0.0690499493791362 -0.0617802320258144 0.191117492769264 0.217008065752172
-0.0628636108390325 -0.0550685039949482 0.083139799883033 -0.113615947718097
-0.0484709663035291 -0.0478986112322131 -0.124863414144366 -0.383337974527433
-0.0636360673308454 -0.0492601061778682 -0.276046724678841 -0.573184746800777
-0.0583624729798879 -0.0608032509581289 -0.43499142078283 -0.597337069149217
0.0093034408116736 -0.0637365290494771 -0.544847963235181 -0.476607907445796
0.01072337413543 -0.0491597706685311 -0.578406816915826 -0.367104195745519
-0.0126024298053523 0.00212680084669006 -0.484772796870658 -0.32648211397843
-0.0561824890988589 -0.0347272472459265 -0.192728928167048 -0.136363793539537
-0.0754721030311095 -0.0469709114378667 0.108551738869901 0.240655399866651
-0.0723693479538813 0.0285266985561184 0.35970299494602 0.480848757457496
-0.0182089336295476 0.0297796299098848 0.340883422984642 0.585487989128888
0.00620896713313327 -0.0490634171483047 0.266986269781828 0.765843120754736
-0.0565393702660773 -0.0685051069839137 0.294384049178202 0.80454162170724
-0.0926067238560789 -0.0486295558854005 0.267239583768387 0.56660573496468
-0.0733980681637571 -0.0200510074447603 0.15702919767213 0.191288011624578
-0.0684297045501262 -0.0114243917283376 0.0571281382698241 -0.135145452094568
-0.0518011417460258 -0.00538683540049797 -0.157543230802996 -0.398835874428013
-0.0742876309453996 -0.0191902601262681 -0.327396032322231 -0.562145929986162
-0.0649001067382735 -0.054430934386221 -0.487538331296363 -0.563789247029224
0.0291282478807403 -0.0797651264414783 -0.579092896370089 -0.427601767511273
0.0444701498980943 -0.0364456618782476 -0.593680666484756 -0.32109351071079
-0.0128744990453755 0.0386287569749108 -0.480395150953132 -0.293811531127461
-0.0866200775161852 -0.0260877478798481 -0.167621384620625 -0.11374110253028
-0.0900681401949651 -0.0318806481768141 0.132930502906048 0.262608300316692
-0.0635447191173951 0.0735137056755638 0.350767282697239 0.50279828051998
0.0160350342161764 0.0556353721771343 0.319942085606885 0.625298700239476
0.0284013189074814 -0.0472127955000799 0.248496649271545 0.778466316366854
-0.0610834840832986 -0.0478160551716407 0.256137913630227 0.782647326158721
-0.0962182344161941 -0.00707650015237415 0.221287298726786 0.550768329789178
-0.0700145420193538 0.030381012593711 0.124347725223672 0.180797788138663
-0.0620923627167174 0.0378241008301476 0.034954694689235 -0.137496353902922
-0.0435213895688067 0.0386916022590363 -0.187018126618017 -0.394756366211256
-0.0712059434250615 0.0116580555813731 -0.364898622516192 -0.552509727321046
-0.0572786579902802 -0.0469075509240808 -0.523774047829417 -0.546422714744951
0.0612930871313329 -0.0874219882710165 -0.594931679562237 -0.412820966009813
0.0789001522053266 -0.0152026623587821 -0.589026471890421 -0.299099543941277
-0.0119653635545067 0.0729536501618401 -0.469099471968979 -0.274523718385543
-0.104666487539817 -0.0180817838139535 -0.139101422530071 -0.0997332794361604
0.13107452894294 -0.0156943713586156 0.095496588553553 0.164241782085176
0.0248816449072199 -0.0977189012783411 0.430554750797949 0.309266508625716
-0.101909112532099 -0.0104303913417096 0.587347959088066 0.302276162000085
-0.0596320347070114 0.109287980903719 0.586461000893825 0.391085654336103
0.058554030131902 0.0911681533218004 0.549390010456092 0.536528823396534
0.0466213722959766 -0.00325472677336525 0.437353298813925 0.538470091084126
0.0409098069313119 -0.0523274345102688 0.246411278816024 0.362578950702212
0.0387529624839746 -0.0423623665497228 0.127026456089715 0.0996815490733744
0.0635860967408752 -0.0491126732050569 -0.0530782768079376 -0.198393809090994
0.0699998169569074 -0.00438452278171186 -0.11316394063656 -0.526616469081497
0.0520438901721889 0.0635869230712796 -0.204678164397986 -0.766649866627495
-0.0134061254253475 0.0860432846841763 -0.261152601264306 -0.783354251371455
-0.0424887457936474 -0.046671509735781 -0.33525084186176 -0.652056228678462
0.0794857019252741 -0.0552699797728834 -0.389642216451933 -0.521594719526015
0.123287081638716 0.0177086409298234 -0.16480569158277 -0.249529494005208
0.113165856055773 -0.0164053221560982 0.0763661978073174 0.162138919817306
0.0240630932585281 -0.105327869289991 0.421813104025404 0.320566058708931
-0.115173329707554 -0.0374013116028694 0.567688962844787 0.322957781201878
-0.0930306887864496 0.0849127995249307 0.566302550787605 0.439048399487606
0.0237736129697763 0.0750439525863799 0.549987379410728 0.578831718437892
0.0201245271157691 -0.0237353676395505 0.450815864971728 0.545132448524177
0.0168151023053377 -0.0809547863958388 0.257613868266201 0.343520935952767
0.0177989747103384 -0.0782059799724391 0.135767399422305 0.0669786933625764
0.0426024290449421 -0.0873364145347454 -0.0415311126968568 -0.228151037106355
0.0512607412099585 -0.0499148819508444 -0.112117533123752 -0.53427931305868
0.0417164284337083 0.0150140468030177 -0.217709376191371 -0.740920018453775
-0.00828136919949303 0.057590151571505 -0.302205996031037 -0.745039328360202
-0.0522622647504228 -0.0533520074474589 -0.382519427894717 -0.628820430682008
0.0510525911623047 -0.0721640045506833 -0.413292946927748 -0.508835407888859
0.102817815961758 -0.00898256599225419 -0.189247221576286 -0.245744012770239
0.0812167910830957 -0.0190557048177369 0.0652617737494237 0.164159730864027
0.0165914774151827 -0.0968361471577805 0.41295364469202 0.34161061771739
-0.111247593678809 -0.054229047489102 0.537572123013767 0.359237529491685
-0.108110429637019 0.0489004231766444 0.525853451496094 0.505200846152767
-0.0102981935005066 0.0453333185545978 0.529708023362377 0.640822035799201
-0.00990265330596427 -0.0433088002599884 0.44681916811547 0.561191592112931
-0.0111346442561379 -0.0983676753369457 0.258221239172737 0.317726003497236
-0.00604455538160275 -0.0984926248744165 0.134738496083578 0.0208096451496169
0.0152960717901074 -0.105832398345628 -0.0450048919080821 -0.271573683888017
0.0219079136362311 -0.0789656676606437 -0.131968460238663 -0.552222869473345
0.0198569400359802 -0.0254124875982705 -0.257145322255344 -0.715422974429965
-0.0035647704392048 0.0215094683328616 -0.365473854734562 -0.688594076542543
-0.0499479572291601 -0.0568246079861514 -0.44452560039365 -0.578837594991446
0.0246123734649315 -0.0718588990801932 -0.441831229868983 -0.473758825235626
0.0694223862560723 -0.0297535862432572 -0.207618876214066 -0.227191868412438
0.039820872167745 -0.027277274308694 0.0654998596753073 0.170572121690214
-0.00248056483970192 -0.0766150556714382 0.40539949719893 0.371837627416387
-0.0967221923342526 -0.0534298551694998 0.495369889517754 0.411866522297069
-0.101088839069838 0.00986790027163514 0.46295849325029 0.586039294634367
-0.0369938553873308 0.00604598346761617 0.482570358596074 0.711504054863455
-0.0391584408610355 -0.0615466697418106 0.417441101037721 0.580199232061181
-0.0350772860508075 -0.101649221007633 0.244462021427835 0.284808950659699
-0.0307682717280119 -0.101768804326032 0.124255712126325 -0.0285654790968316
-0.0116745444108204 -0.105131731003727 -0.0629967869917592 -0.31691883673722
-0.0107476142045295 -0.0876451279603013 -0.17207255106793 -0.568413939256639
-0.00957739591401156 -0.0513226354757318 -0.314686047297462 -0.683539386530449
-0.00233018657406101 -0.0128632092167258 -0.433182109329059 -0.622382939344889
-0.0368952306378849 -0.0593772826017004 -0.502924290068574 -0.508848067456816
0.00434267274496806 -0.0576150010786388 -0.467107257733608 -0.426674571887044
0.0273754508145315 -0.0410144446458098 -0.215803520795915 -0.19817708126736
-0.00372136879832078 -0.0394890174850859 0.0735087093021641 0.187818895008347
-0.0314234847048926 -0.049817310711201 0.391090622714707 0.412361910953165
-0.0769074985327029 -0.0351429570554686 0.446382049843769 0.468415157936124
-0.0703527188640081 -0.0202883372169609 0.390008782541343 0.661218983357362
-0.048865410456128 -0.0344441622761563 0.418664522153958 0.769574339266419
-0.0631734704889687 -0.0734439199743483 0.373536922190087 0.588209259396519
-0.0561146172898836 -0.0909453763181172 0.220839535605976 0.252435482740386
-0.0502156177681252 -0.0870404882053663 0.105386054152644 -0.076316598760981
-0.0343572190262042 -0.0841650010622127 -0.0911442998223688 -0.356953301836638
-0.0413094384094665 -0.0750227755001679 -0.224291259336443 -0.578638053237884
-0.0378934044497872 -0.0618713200542819 -0.378782550525203 -0.643954841311915
3.4482799920986E-05 -0.04210113964411 -0.499929953860879 -0.547348230604726
-0.0178121443719876 -0.0568353082739715 -0.552094705213914 -0.438221942040662
-0.00781026104799429 -0.032026207087728 -0.483987126649981 -0.37442190357364
-0.0164356619132909 -0.0420190943195556 -0.210149277883538 -0.165749520755205
-0.044447630988034 -0.0490220331206407 0.0895285368749649 0.213259018496626
-0.0584374718001716 -0.0142196367299424 0.375291502933532 0.449158801985105
-0.0512681865233986 -0.00346903333959019 0.39115910607134 0.531201403794753
-0.0305422852504679 -0.0394297267580493 0.319561093199512 0.724772693916351
-0.0533442733940529 -0.0621878067453818 0.352916774289846 0.801504340105275
-0.0807645707720943 -0.0710129538009374 0.324020831323347 0.584945387235999
-0.0695075481266076 -0.0632393297172168 0.191339652822149 0.217982672422677
-0.0638741242818226 -0.0551452791332245 0.0824114270617162 -0.114471896755734
-0.0488632425800323 -0.0493058112487637 -0.126960276200933 -0.387925148233541
-0.0636376677094302 -0.0498763555542588 -0.280357027797961 -0.574474646508154
-0.0584718842217754 -0.0597246266800164 -0.439582907141586 -0.600902815744682
0.00905817565578466 -0.0642345470620607 -0.548048528801773 -0.478519308504895
0.0100830470940892 -0.04954688219006 -0.581986298328196 -0.369399188219201
-0.0123431166155509 0.00217927657489974 -0.487964126297038 -0.327763082408166
-0.0558682569428027 -0.0361608871311622 -0.193629020161448 -0.137288232583977
-0.0747433296387456 -0.0478522418363336 0.109449022614018 0.239643501908847
-0.0725633979249196 0.0291920150733035 0.360946455484057 0.482279972598725
-0.0188083478687119 0.0293563440478697 0.347372941293752 0.588383375817821
0.00599737529159739 -0.049259526431178 0.26988198219356 0.768049020582346
-0.0566631177215074 -0.0688010120517678 0.297638946887498 0.805761971316857
-0.0926295003847944 -0.0486507736759803 0.270798199925688 0.56832226993532
-0.0745563335847421 -0.0203749241692168 0.15712492775755 0.192428707367738
-0.0681583444604295 -0.011486602686815 0.057085383703241 -0.136570617559003
-0.0520992293942499 -0.00543892679093735 -0.159354542088462 -0.399711975171247
-0.0744066425339589 -0.0185447207147194 -0.330208327058573 -0.563412379412378
-0.0659616708710804 -0.0535947294334352 -0.4889239258572 -0.563877162359169
0.0292677829106012 -0.0803737977641433 -0.584003319840134 -0.429923218282472
0.0444674087763593 -0.0365485919447581 -0.596784705071885 -0.321589045116359
-0.0128393994656863 0.0391068779382645 -0.483055526236298 -0.295545103232987
-0.087156459206232 -0.0266667810731221 -0.168125454981263 -0.114448935971305
-0.0898209054737958 -0.0332606918682147 0.134446804768601 0.264276823186227
-0.0636323292176066 0.0737099900761725 0.3536694745385 0.5033889230377
0.0153880434038773 0.0549400253929697 0.321283905472432 0.62754277153468
0.0285412705554392 -0.0484518648943595 0.25014510130304 0.781794241012653
-0.0619269442298237 -0.0486908311616219 0.259865045958948 0.787491248927983
-0.0966961182380283 -0.00661170942010422 0.224538344205906 0.552685812050987
-0.0700799615842796 0.0307441292899385 0.125060355620925 0.182276188539582
-0.0630864251278527 0.0382135765811532 0.0340068398212249 -0.138841037520728
-0.0432091459643208 0.0387168113147995 -0.189687090161589 -0.398242059056127
-0.0704924616575141 0.0117565123937726 -0.369156730630314 -0.554244037748767
-0.0568897776463713 -0.0457625719184237 -0.528181032502046 -0.550304370760548
0.0614283315972397 -0.0879856656976769 -0.600689171975121 -0.413972022771585
0.0776725835658951 -0.0139905250403796 -0.593715165675065 -0.299890369654659
-0.012094060988722 0.0732898975603576 -0.470946206842398 -0.273342240508756
-0.105101727791858 -0.0178975311021371 -0.139152219067601 -0.0996811931855902
0.131968827774806 -0.0161738389115273 0.0959558557149632 0.163905022368649
0.0246937525030451 -0.0977625833804456 0.434042200522161 0.311149682787549
-0.10220286806068 -0.0097787815822025 0.593906538621026 0.301374206460794
-0.05936580095914 0.109771817361431 0.591202273994012 0.390988724678487
0.058618947319172 0.0912697474330817 0.554596887136957 0.536943252227902
0.046392373090276 -0.00337986297292316 0.442917824093203 0.539158289532028
0.0400546948131337 -0.0530637167860292 0.248708733076887 0.363785232805522
0.0396688944979758 -0.0431137478822095 0.128743943158837 0.0989146491302993
0.0644211150170879 -0.0503719672058969 -0.053717763727698 -0.198824122358247
0.0703895911119463 -0.00487051578978983 -0.117087385585982 -0.5288668280478
0.0525426283308547 0.06391075934739 -0.207782147165722 -0.771818971060224
-0.0127317624707244 0.0862887105363076 -0.264831455124112 -0.786909563575667
-0.0424140661874969 -0.0464279919991527 -0.339249714084219 -0.655491821973572
0.0802947357950249 -0.0558427857279351 -0.395504402472927 -0.524147894945203
0.123773140255002 0.0172459631740827 -0.166461840085176 -0.250807511449533
0.112840740355665 -0.0180149613162403 0.0769958085539533 0.162561574629384
0.024790135426907 -0.106324708511328 0.426346838972077 0.320945355233185
-0.115783096796246 -0.0372100363748516 0.572930974987599 0.321686166078551
-0.09321721751399 0.0861365597657106 0.572967825244894 0.437690583225706
0.0244996817699205 0.0742170536242432 0.55625173709626 0.579277023101232
0.0204393065768683 -0.0239446572239954 0.456438779311238 0.545762462122884
0.0150970996816774 -0.0823546337746721 0.261239623817453 0.342855094030293
0.0173507409156486 -0.0787226479649587 0.136692051617093 0.0655905048526471
0.0420562962062278 -0.0879602300992659 -0.0423659121842744 -0.230085720792741
0.0506556817730331 -0.0499145634379413 -0.113122117155092 -0.53652301927769
0.042602868027023 0.0153622213070521 -0.222276119568212 -0.744862912764119
-0.00712383613660643 0.0572881304384831 -0.307556712364846 -0.74958498739196
-0.0521982704198247 -0.0535433617604378 -0.387137624754419 -0.632609793921786
0.0523145991922169 -0.0724704618017304 -0.418809056667212 -0.510800471599241
0.103379274795705 -0.00937598602989991 -0.190959483018622 -0.246873454396989
0.081263605548655 -0.0202598903527965 0.0668059946459923 0.163697734876499
0.0163234029847481 -0.0973251840659236 0.416625966821075 0.342199579085962
-0.111769100589774 -0.0535874679772499 0.542345988037113 0.360786333014525
-0.108809791598211 0.0497710996584747 0.530331939339686 0.505943989481393
-0.0110646108428312 0.0454943377838614 0.537781705922689 0.642538815398761
-0.0110490019907829 -0.0442800074285877 0.449003113395164 0.563118699074373
-0.0118172011033858 -0.0993820001434801 0.259557973190509 0.317463130029874
-0.00682299685761983 -0.0996414414124672 0.136079759714742 0.0213539337456814
0.0152066008376551 -0.106587509148294 -0.0464318928318874 -0.272540050412091
0.0219058705149106 -0.0796332210261406 -0.13555174527233 -0.555384160552336
0.0194775856158259 -0.0252949546938857 -0.261139693690932 -0.718023753281044
-0.00301771283698326 0.0215595866011547 -0.371304458849783 -0.69200002957748
-0.0502430391230744 -0.0570667020842386 -0.448825006813151 -0.580789026838922
0.0254170299710664 -0.0723427921169215 -0.446949190466318 -0.475999640253169
0.0689120527610913 -0.0313369645613874 -0.210739564044191 -0.226888811594069
0.0399289801878124 -0.027725073394756 0.0676012053962832 0.170315339618906
-0.00338345836902664 -0.0771649556110618 0.409942041962089 0.374468108869273
-0.0977187379001675 -0.0529307894756243 0.500687702104678 0.411410266826903
-0.101753814712846 0.0104606645155169 0.468636907851541 0.585679779948806
-0.0373643278232279 0.00570353234883252 0.488459664882544 0.711045538491517
-0.0405118905241191 -0.0622572226589981 0.423178209923798 0.580950722114036
-0.0363036605717847 -0.102837330631268 0.246559527832165 0.286551196115704
-0.0307611683847835 -0.102064787352788 0.124431720622196 -0.0300260024052839
-0.0122159465372774 -0.106105520143573 -0.0642262553552084 -0.31913558489142
-0.0108926260005436 -0.0870578371750189 -0.175507793573213 -0.571487576430783
-0.00953533940110693 -0.0521526197033485 -0.320097619104234 -0.685143815164728
-0.00253218778148159 -0.0135416352987648 -0.440626445301104 -0.624171349536751
-0.0380681840405772 -0.0589830478674813 -0.507052365915961 -0.512325588983772
0.00533712716551435 -0.0577142141272377 -0.471661098344091 -0.429156960132445
0.0262821958123084 -0.040859620896013 -0.217119185259342 -0.198290063536942
-0.00434091636630707 -0.039813036702948 0.0749000061898654 0.18747458961822
-0.0315897298832467 -0.0496740437853555 0.396123399600022 0.411871048126857
-0.0776414117851297 -0.0343004196367959 0.451596545140339 0.470735441108774
-0.0715806792037972 -0.0196932739289434 0.395202678521266 0.6614856711431
-0.0497590518805185 -0.0341730458394413 0.422601562936123 0.769378777591688
-0.0637880238405217 -0.073334651831356 0.379642718227663 0.590567591018066
-0.0562229335272197 -0.0909773683984696 0.223269204964306 0.252604673371387
-0.0510247745450347 -0.0871395476884005 0.105562311149177 -0.0776483231627296
-0.0347781440622615 -0.0849094080287667 -0.0933494954905503 -0.358733267969328
-0.0417176053693972 -0.0760460276860234 -0.22799795578049 -0.579175928580348
-0.0381796836580023 -0.0615513070501266 -0.383080732649126 -0.645199264130489
-0.000135566195455815 -0.0421695961015393 -0.50526902859187 -0.549523093512885
-0.0185778028128978 -0.0574753318394697 -0.554565875094524 -0.438410818630419
-0.00690129040729726 -0.031808911575523 -0.488996569003489 -0.375119399575392
-0.0161653117785616 -0.0422893694947136 -0.211757278510755 -0.166764996016775
-0.0449478629036976 -0.0499060188114777 0.0912694598486556 0.211837358956842
-0.0586279872237083 -0.0146225107013784 0.379146223320956 0.451127264477384
-0.0515717225924876 -0.00291899730750839 0.395080204524652 0.53357169796213
-0.0312359870366262 -0.0398496911203555 0.32596553146747 0.727644624196638
-0.0540345425490635 -0.0631408127561825 0.355732332883133 0.805466651636684
-0.082161653452453 -0.07168838304183 0.329319972997102 0.586133409496182
-0.0708937078337037 -0.0636853835436821 0.193017014095276 0.219039941441411
-0.0645409009541065 -0.0553212249267007 0.0816863259669256 -0.115457694298922
-0.0495012621299809 -0.0498202308911162 -0.127996512566526 -0.388908398630798
-0.0645689850831609 -0.0494688086360632 -0.284305441800319 -0.575780477702813
-0.0594394047627598 -0.0598926632697198 -0.445225282117809 -0.600902952568064
0.00969062680259848 -0.064334826280633 -0.55490094936563 -0.478966793516318
0.00969221767738562 -0.0496882722018785 -0.586766283215354 -0.370611523470007
-0.0119763931554294 0.00283997347564909 -0.491199138890166 -0.328159745181907
-0.0564543504626554 -0.0361194414843922 -0.194347233584584 -0.13710534602472
-0.075147495254981 -0.048312204538647 0.111568325542765 0.241500696767539
-0.0724708196395766 0.0295899211883898 0.365182522283146 0.483373422763471
-0.0198137153115703 0.030057982880119 0.350910828241528 0.587982004492869
0.00639441128036702 -0.048729500658208 0.27595096857211 0.769320442627701
-0.0574445794128482 -0.0693734530313495 0.301175937308484 0.810292072169213
-0.0939523725683132 -0.0487630427002696 0.275847049117727 0.571334960040245
-0.0749060311839785 -0.0205204442525875 0.159126031043424 0.19357466017952
-0.0683117949826365 -0.0104086003423463 0.056621620310688 -0.137607182476745
-0.0514261211065004 -0.00669993584044135 -0.162670785138068 -0.402219207567765
-0.0735677009983524 -0.0180075544726301 -0.333773554910943 -0.566107620499093
-0.0660934156930408 -0.0531496168435668 -0.496436251994093 -0.566173620816302
0.0299195962359262 -0.080551485649388 -0.589446063466495 -0.429972818188254
0.0436679458775631 -0.0357922493695514 -0.601020526341583 -0.321547329725782
-0.0123115741911526 0.0389613386963971 -0.487788668059498 -0.294897554283682
-0.0870801350169172 -0.0265588791402782 -0.169971565072991 -0.114926991450119
-0.0899660926480045 -0.0329289139364201 0.136901451221013 0.263448691204415
-0.0639171475106302 0.073482333110213 0.357982482620643 0.506316979999056
0.0153077163156031 0.0557413149086521 0.325964299087923 0.629028799494792
0.0279038963701536 -0.0481004539681182 0.254380638919886 0.783648162020425
-0.0610058736272808 -0.0487875212874049 0.263197445173148 0.789790798569287
-0.0975202195824847 -0.00725712217714363 0.227630858084381 0.553400590079885
-0.0709731018089925 0.0302660075200874 0.1254701516766 0.18502286309327
-0.0627977794407418 0.0378964722215699 0.0337107505083157 -0.139672203462619
-0.0431393699949279 0.0376780904260507 -0.192163063068825 -0.39807288784764
-0.0705306187317713 0.0121339777640392 -0.374841035894284 -0.555794447295017
-0.0571908512428795 -0.0460022510276824 -0.534192901290266 -0.550465129315705
0.0609704053498271 -0.0883579121591883 -0.605120216525201 -0.413506404864485
0.0777109653713377 -0.0144973118298851 -0.596932492542561 -0.300172688276247
-0.0116476726413432 0.0732005788001414 -0.474341356359864 -0.273948292038273
-0.104682460055528 -0.0182100916819829 -0.140914775040172 -0.100850896747907
0.131579468697522 -0.0180597910135472 0.0980366359278395 0.164590648328552
0.0243002482071088 -0.0983509743738487 0.439914155212445 0.310955983014173
-0.10362306130518 -0.00916160697147166 0.599361001667884 0.30135572141137
-0.0597157931431903 0.111301499621626 0.597479942202726 0.389434637488625
0.0602050177304231 0.0912442833979898 0.561812109802625 0.536841478784379
0.0462573551951247 -0.00368162522494478 0.449030194949449 0.540978804692955
0.0387954285769915 -0.053560572285148 0.2525577928191 0.365422968680846
0.0394539643337944 -0.043422444930767 0.128968738860522 0.0974469300638193
0.064453004462106 -0.0519499593879298 -0.0547457612327428 -0.2000839424631
0.0704176119741349 -0.00511906518549518 -0.119317048263013 -0.530967606782076
0.0537796029393764 0.0637527507043393 -0.213549395522167 -0.77138423951786
-0.0117945079441072 0.0866931402886078 -0.269979038112138 -0.792489129664763
-0.0433710905663471 -0.0462833756213324 -0.345320150678993 -0.659188637825128
0.0812871170070018 -0.0560249263775797 -0.400019241401919 -0.525572969667372
0.124078192465312 0.0171146844025808 -0.169282246663056 -0.251788193477838
0.113847876672702 -0.0186346703607686 0.0786329841353316 0.161915684979968
0.0241265697414909 -0.106986482949194 0.430707205027792 0.320250107137736
-0.117285432330581 -0.0356260148759911 0.579446110165366 0.320636672549355
-0.0927669047033216 0.0871561184908288 0.57880653190839 0.436363662424681
0.025045392866845 0.0743674427043146 0.563015057883014 0.579995726298406
0.0191334903113727 -0.0240911174435838 0.462750626213245 0.547254071296037
0.0143011650095633 -0.0829635572624312 0.265560529340194 0.344344930115386
0.0169591784543221 -0.0792519726327351 0.137457384856494 0.0651158401207877
0.0419635084098351 -0.0894829516886397 -0.0436165310600516 -0.231676114498918
0.0514240138697738 -0.0511405900655493 -0.117441688843166 -0.540366337868725
0.0422347494852894 0.0156060976196195 -0.227356664780022 -0.748676653117651
-0.00692905216586227 0.0584647965154139 -0.314552362241323 -0.751927041725799
-0.0533339334133689 -0.0529318240940714 -0.393974245251163 -0.635866494127536
0.0528130899000676 -0.0729724018874214 -0.42394802953519 -0.512969350045922
0.103548338409839 -0.0102746777981782 -0.194270950486622 -0.247392428692642
0.0809321732478555 -0.0212289584631341 0.0685753527882366 0.163706564121145
0.0161156675379749 -0.0979861865276974 0.421073406746571 0.340968325413101
-0.113024214402272 -0.052710833228535 0.549565848288914 0.360140732173608
-0.109787410783209 0.0501988791540206 0.537643949241323 0.506125518651826
-0.0105969260521286 0.0453750547589614 0.542979834899504 0.642147224215573
-0.0111075943258245 -0.0441059256612458 0.457527818610782 0.56416823348241
-0.012814988936411 -0.100001471571252 0.262926145555017 0.319874231211348
-0.00817965219065558 -0.0998448018250595 0.135610093429184 0.020022690263033
0.014896607226355 -0.108281818933723 -0.0477623471296275 -0.273657865714065
0.0217414392813796 -0.0800717306720218 -0.139012460419898 -0.55683330141666
0.0200242334926145 -0.026209020946087 -0.26709423219881 -0.722297882983352
-0.00257413028740015 0.0208798558370299 -0.376976970815098 -0.694668216292382
-0.0512602138758539 -0.0571678754542531 -0.454054958892386 -0.582155566244161
0.0250199281524452 -0.0725480289943825 -0.45193942275143 -0.477276815267871
0.0685513063136712 -0.0305103045561133 -0.211959501626489 -0.227357391546293
0.0394701588912871 -0.029538002989609 0.0682813556563333 0.171006804765889
-0.00364063349334334 -0.077155015972646 0.414197270589853 0.372472131787968
-0.0993189187234713 -0.0517211584853631 0.507034448295375 0.4111263106516
-0.101485578529298 0.0119529349893975 0.475192205939674 0.585729357822204
-0.037144405328957 0.00536664592386129 0.494987529508765 0.712810172117268
-0.0408958233825669 -0.0621014126812259 0.431539521333215 0.583112599626338
-0.0376935340625606 -0.104061721726737 0.249509781710315 0.288862519166408
-0.0319707186008629 -0.10291183375413 0.124489884128853 -0.0311558152207723
-0.0127356483694032 -0.107399116465423 -0.0656543031122346 -0.320453673501488
-0.011347473829106 -0.0877569529031444 -0.180280084227551 -0.573316017338323
-0.0101034122058326 -0.0520210320085897 -0.325084857303019 -0.689175070046858
-0.00119912223180196 -0.0139112841368943 -0.446951349388304 -0.624344084560443
-0.0392217545661887 -0.0594553309936733 -0.51410488449654 -0.512009070393153
0.00510606802233998 -0.0575262772894459 -0.476750544922231 -0.42930162538433
0.0265347099437246 -0.0424380753470996 -0.21958402724541 -0.199076722440401
-0.00481152467261339 -0.0416691450858209 0.0772812957603671 0.186867477185863
-0.0324444670661019 -0.0499358629747149 0.401109081760369 0.41378383236391
-0.0792065503170118 -0.0334931763381774 0.457395922516392 0.471668010729477
-0.072236439177533 -0.0194267778983444 0.401691891876935 0.66180656974494
-0.0500146147264549 -0.0347581612005316 0.43165987941899 0.770775695275333
-0.064967635090197 -0.0739220283782162 0.387125201061121 0.591312002850013
-0.0581531987219269 -0.0922065400317356 0.225732242095506 0.254408801673739
-0.0518203212694419 -0.0875452851595237 0.105359351226301 -0.0793181695890108
-0.0358838569846723 -0.0858092590684339 -0.0950591857708197 -0.360129036804573
-0.0422608583546835 -0.0750224253431158 -0.231834349812658 -0.581236059457116
-0.0388710446994234 -0.0617218447764858 -0.390443882798895 -0.647596929241776
0.00035828779778823 -0.0427071262935795 -0.50974620657271 -0.548608852746702
-0.0190917051256391 -0.0566770702490978 -0.56277264423806 -0.43763479396819
-0.00697244750336243 -0.0320621354191287 -0.494099078641127 -0.375712875645363
-0.0169035312317787 -0.0430503878676028 -0.213701039089622 -0.167136340235333
-0.0448681449495444 -0.0512172345812428 0.0930609068543521 0.212906282020962
-0.0592869552841583 -0.0155420531148883 0.384575159811717 0.452463482911913
-0.0529880207373471 -0.00299856355380055 0.403046977168955 0.534036534336191
-0.0314510058250773 -0.0392628696997872 0.329645118366842 0.728154119663372
-0.0542551939599697 -0.0629131200027823 0.363928506388218 0.806143249317373
-0.0828539626425164 -0.0721855141487905 0.334566858796606 0.588414575016578
-0.0716072371849182 -0.0644619592755147 0.195603231870991 0.22071182381312
-0.0651312749996875 -0.055783813378567 0.081091332757245 -0.117947791958451
-0.0502338526307472 -0.0499569197242842 -0.131387988651816 -0.389158323425033
-0.0640652710080618 -0.0492522143341607 -0.288873443549702 -0.576911223550123
-0.0591898557537409 -0.059576060931492 -0.451302090595317 -0.602531293022377
0.00962410060844215 -0.065748750553474 -0.563242490672575 -0.478820802536387
0.00824194470035167 -0.0502384175230756 -0.592092510953468 -0.369302771763927
-0.0120025657490989 0.00248275282260005 -0.49765922164546 -0.328766995812379
-0.0566348877159406 -0.0363610408702181 -0.196796099364171 -0.137624067555229
-0.0765415544132436 -0.0490695604374567 0.114955524828526 0.240755916392589
-0.0732168696311268 0.0293388257302045 0.370555171381966 0.485159769501617
-0.0201305639921261 0.0308461733440126 0.357735758995503 0.590508299373645
0.00544740371799787 -0.0499281110625647 0.280732470030335 0.772005561449629
-0.0575424411163253 -0.070175221219742 0.307016504116095 0.812975529472768
-0.093862074687698 -0.0490190395436511 0.280727944085913 0.571620513109361
-0.0768668793324293 -0.0208630215687492 0.160476998806252 0.194835456585848
-0.0699201984324683 -0.0100299477011566 0.055353186723422 -0.139212945850711
-0.0515231796667165 -0.00578854649706769 -0.166534483377292 -0.404016724538674
-0.0750197152965327 -0.0178277870230963 -0.339432741857925 -0.568159641086029
-0.0662408716439665 -0.0527669400345616 -0.502067530821346 -0.567988821382092
0.0293223234892916 -0.0819625547772981 -0.596334383741493 -0.429598929856496
0.0429008996253104 -0.0363617474961098 -0.608669410587812 -0.321073466210434
-0.0121316120144736 0.0395072880727596 -0.492072854969164 -0.294558008647792
-0.087795978680463 -0.0265345887152667 -0.1713618765582 -0.114601908584013
-0.0907489607772388 -0.0337475602664776 0.140150626794213 0.262827664352824
-0.0643058348280026 0.0744739461520449 0.360168533623582 0.506622409669709
0.014902129078553 0.0568872346954441 0.333248057260737 0.62971979954874
0.0276435902275839 -0.048580516697864 0.259900008604376 0.786090051989453
-0.0624837251693287 -0.0499057822870539 0.268933648376372 0.792361318583415
-0.0975707043337793 -0.00616038639935011 0.23246356212429 0.555128985138668
-0.070395746032141 0.0304976972220931 0.12688825052552 0.18476884743011
-0.063416124932358 0.0387024804347473 0.0326329271424111 -0.140733215778654
-0.0431863982123513 0.0381287857869566 -0.194808934446544 -0.400218960634787
-0.0701784811945361 0.0130585896041964 -0.380181689947823 -0.557621899687315
-0.0574097349788678 -0.0460853660558998 -0.541834403274677 -0.551728006964009
0.0611369428405066 -0.08989366414754 -0.614354754069963 -0.412204638920326
0.0773038197205685 -0.0148829058111066 -0.60382711508487 -0.299171394062829
-0.0108756991883996 0.0733303260267535 -0.479739983575659 -0.27469478965646
-0.105912763179094 -0.0185062261645592 -0.142371309654234 -0.100927288116019
0.131671540670441 -0.0198774727446787 0.100511412710539 0.164241137542254
0.0237883790485857 -0.0991558859966361 0.446046139039802 0.310441515295536
-0.104134097272815 -0.00765906268071209 0.607772677426141 0.296626305713635
-0.0582809022155808 0.112521544877645 0.604542014645701 0.386508605707101
0.0610294977144596 0.0909360835713703 0.570316330764081 0.536299964898101
0.0456791298693448 -0.003992838608517 0.456858188799358 0.541453484731244
0.0379116993587298 -0.054739232546186 0.25765105229425 0.366273544912158
0.0392800915796582 -0.0438845078133093 0.130647424051671 0.0967202552824021
0.0638671129522059 -0.0529012585427141 -0.0561249621518376 -0.202019936973071
0.0710075556498873 -0.00533238004292779 -0.125134317281687 -0.532591815699131
0.0548829875407943 0.0639066238553962 -0.221592567162234 -0.777551368136441
-0.0117058656091744 0.0867550079703477 -0.278228207363519 -0.795527574210235
-0.0438056626364522 -0.0459617503399438 -0.354758093921687 -0.662714360830922
0.0818792204129724 -0.0567394325793876 -0.407054267942082 -0.526770336627699
0.124945241379048 0.0165565068861217 -0.171878886572779 -0.251260343656094
0.113587313978134 -0.0196492055025308 0.0803384345019457 0.162441530959334
0.0228687400275018 -0.107386924165425 0.437710654374933 0.318295827181983
-0.117734334394709 -0.0352986770959618 0.587290332532515 0.318073347666377
-0.0928660407667739 0.0883055740928075 0.588296238320347 0.43228692410656
0.0258844231492332 0.0745271254494718 0.573268878325772 0.578461961567686
0.0191256199541566 -0.0246311974209338 0.471159701356792 0.547220085141496
0.0129289725462855 -0.0838410984555195 0.270598383898872 0.346616205137145
0.0162025687995068 -0.0796077095763942 0.138943306782118 0.0634695633438444
0.0415233016487828 -0.0906182477891527 -0.0457745161680858 -0.231907626656679
0.0512655254044756 -0.051705948707636 -0.122386453702442 -0.543855722708678
0.0431865413491234 0.0153316083981785 -0.235079667822323 -0.75148167647642
-0.00634802960684049 0.0579562552446705 -0.322284334564276 -0.754925200663597
-0.0544876876958 -0.0535482438109716 -0.401489064916878 -0.636927026164399
0.0527931027635144 -0.0727587813316295 -0.429671813871038 -0.512892242845584
0.103664968249634 -0.0111398319456744 -0.197263486043544 -0.247107545387495
0.0806155267273765 -0.0224364155385799 0.0697996563909668 0.163115306817025
0.0152093719285843 -0.0985611986712064 0.4274569893216 0.340887181284019
-0.114630316514096 -0.0532692341363248 0.556495290974481 0.356589835818222
-0.109672903988602 0.0514508053230407 0.54605428241501 0.504673319434746
-0.0110730994236965 0.0456009586571173 0.553697336736721 0.641883882353197
-0.0126442544904055 -0.0439784200327588 0.466723686285949 0.563712960766844
-0.0143669657825492 -0.101199857223972 0.266923948669422 0.32082718393599
-0.00915316886979624 -0.100354131918056 0.136620612535909 0.0175880013785402
0.0137023794169454 -0.109350970120055 -0.0494885217000725 -0.274795018596337
0.0219875627756493 -0.0807893760936257 -0.144132659956013 -0.559384692425485
0.0201185513966588 -0.026144270374072 -0.275357540323168 -0.72481230269432
-0.00260429562577019 0.0220770568470011 -0.385356311572884 -0.697813654983687
-0.0513507965431121 -0.0571563326613334 -0.462665246612295 -0.58414231297825
0.0255651731781451 -0.0732654373240292 -0.459445047096569 -0.477636664451361
0.0696645084513288 -0.0316698037139478 -0.214877583970867 -0.228602560134417
0.039286866007141 -0.0302440480284828 0.0711833395897714 0.170601569661775
-0.00380073961073138 -0.0781994878174282 0.419191835693939 0.372789457820668
-0.100445853811437 -0.0518899070003934 0.514164251525661 0.409029335864379
-0.101908740079259 0.012385318885438 0.48256798733174 0.584861436172992
-0.0378023143918418 0.00504235847362552 0.503835663516837 0.713040261096239
-0.0423711982433892 -0.0626523129860304 0.437638305842089 0.582814577678266
-0.0391540014772054 -0.104786524589324 0.253250537121453 0.289207194013364
-0.0335999753349217 -0.103494539250406 0.124797086988621 -0.0327061929222989
-0.0138483504650369 -0.107981495968564 -0.0687488826913912 -0.321648650276771
-0.012398869414014 -0.0882779814044691 -0.185162457754267 -0.575211736588069
-0.0101851242912734 -0.0517089511870827 -0.334089322829257 -0.689222464460046
-0.00221793287264443 -0.0141444731662514 -0.456751824205061 -0.625703571544421
-0.0397979180086638 -0.0591429980100391 -0.521078942325541 -0.514499074076696
0.00523308828682598 -0.0585146751957474 -0.484182318345522 -0.429166701926545
0.0269494584599099 -0.0425249368338894 -0.222366880768372 -0.199101822457887
-0.00529463659332944 -0.0422676966332774 0.0799631264435662 0.187954510267417
-0.0334169303945718 -0.050283427862405 0.406666396602813 0.412760500759374
-0.0802955714791627 -0.0328460968028982 0.464189944781602 0.469788144842867
-0.0725480401070773 -0.0188302808748044 0.408881362110254 0.664340618619523
-0.050880382135128 -0.0352679735373833 0.439933037998135 0.774201379821314
-0.0663806381955396 -0.0738862039057617 0.394495678788944 0.593351404757813
-0.060016063545378 -0.0925406704061315 0.228710771874249 0.25382417800979
-0.0534945329291881 -0.0873824595643952 0.105871695328513 -0.0813913247197222
-0.0363931038865017 -0.086198834716221 -0.0985093508748456 -0.362121826179701
-0.0426671540527337 -0.0758966286605404 -0.238722685690743 -0.583242959159446
-0.0396776844679108 -0.0615331912475487 -0.3981761040737 -0.648234095138149
-8.22435236762231E-06 -0.0432216823155272 -0.519148207976214 -0.549163327637269
-0.019699496884111 -0.0570281271586865 -0.570032916559784 -0.437987148106971
-0.00692695710313075 -0.0327279279540022 -0.500943863277268 -0.374629152618627
-0.017696813952517 -0.0436272562710471 -0.217014989051288 -0.166973708360352
-0.0459512583864252 -0.0512035539783888 0.0955347791776003 0.212870288466248
-0.0601125603320865 -0.0142388845583217 0.390490239049285 0.453188252506041
-0.0544518336764876 -0.00178887509458785 0.407536412709388 0.533962286089056
-0.0322003327969207 -0.038890634523146 0.338125255782145 0.731551794183313
-0.0545293499813392 -0.0639563097224807 0.371311982805486 0.808852392435358
-0.0834986278932536 -0.0717518566815313 0.342099754549851 0.588593128850937
-0.0730370817182069 -0.0637879180990455 0.198018329457295 0.220877233837463
-0.0669449256561839 -0.0545483250626972 0.0805956268382139 -0.119268241169389
-0.0503752941002509 -0.0501701707907053 -0.134411473391745 -0.39041315268125
-0.065068240824815 -0.0493138356494032 -0.29457968207298 -0.579165035611243
-0.0599663808748945 -0.0590631544366068 -0.460658329920195 -0.604947088376123
0.00859092456244886 -0.065811163985283 -0.570041914056919 -0.478967546663254
0.00836912380625994 -0.0497104257707881 -0.601318992974618 -0.369605324454165
-0.0119262637080311 0.00256310813632931 -0.504507838046233 -0.327321641741921
-0.0565162679300986 -0.0362019846493258 -0.199124936400992 -0.137494527160304
-0.0763948241237436 -0.0498858949935732 0.117331068081188 0.241056210721646
-0.0729754678935807 0.0302842286174367 0.375107592585284 0.48525798033122
-0.0204872441083182 0.0316618292260466 0.363738153940002 0.591512350414415
0.00576351814508126 -0.0498389173009891 0.287205721502939 0.774261856447937
-0.0591925141209415 -0.070711048639111 0.31634920868807 0.814614667403625
-0.095439348127148 -0.0486565026309288 0.287427025869491 0.574887301771074
-0.0773597424445057 -0.0207593406323663 0.163535142528996 0.195345081108676
-0.0703476854353851 -0.0106270418593866 0.0544325802413525 -0.141439324335968
-0.0522371434114154 -0.00672748179269623 -0.16991184348258 -0.404579595466873
-0.0750405564418111 -0.0172746655363016 -0.346516049783226 -0.568867010342327
-0.0663779086393455 -0.0527002336663176 -0.512352166412693 -0.567864795691202
0.0288268087511833 -0.0830467757998527 -0.605628272709423 -0.42790941008079
0.0424006477909927 -0.0364586378542936 -0.615169374280703 -0.319142545775004
-0.0112427519968221 0.0397212366920054 -0.498699547801106 -0.293885045404472
-0.0888496024111991 -0.0267491926795621 -0.173737534564354 -0.113992467245916
-0.0913805850747149 -0.0343351568466594 0.143220448476308 0.263190004659571
-0.0636652836562187 0.0747004920051539 0.369203093549897 0.506557458015162
0.01480864432054 0.0576483007754735 0.338600322710979 0.631098597319245
0.0282651526191941 -0.0489621331760158 0.267745680833926 0.789218948970162
-0.0629771230180893 -0.0502679861082857 0.275133488203677 0.795485739131526
-0.0987232978598492 -0.00641767021162419 0.239381694659689 0.556934269902639
-0.0711702840765907 0.0307236739634695 0.128767901546803 0.186405881397348
-0.0634349603106555 0.039696708871289 0.0307514966059019 -0.142972934004652
-0.0429757091845574 0.0371536653072852 -0.198968619471834 -0.401791290697504
-0.0702296443610568 0.0133408944111226 -0.386437431289648 -0.556885863971926
-0.0571612602086606 -0.0444012321256253 -0.549944143339034 -0.550978997826038
0.0609998190834624 -0.0908348490032337 -0.621885468653444 -0.41043701106535
0.0773880144353938 -0.0145196717791484 -0.610506406013086 -0.297949514183488
-0.00934853126627052 0.0741389091496604 -0.485738785098198 -0.273908381523455
-0.106241942893234 -0.0181316822290076 -0.144510107936932 -0.101318144042061
0.131652084680617 -0.0216544449884643 0.102318204742701 0.1635546674179
0.0245574195288622 -0.100217805754884 0.45172393931466 0.307745570716649
-0.104628747933965 -0.00645067897064497 0.614140538890553 0.29335430823143
-0.0573664935229044 0.11409100046347 0.613028245291305 0.380172676856035
0.0620701541673249 0.0903996743148135 0.578021364217443 0.533502712892833
0.045859276466146 -0.00465760446033685 0.466843860003045 0.539238911145553
0.0371996572444351 -0.0558829783940106 0.261814824616307 0.366504158576994
0.0386644223389708 -0.0443942978920014 0.132140323937478 0.0947260776891493
0.0632859160851071 -0.0541276349074057 -0.0582175565861272 -0.202626880939406
0.0710759365055684 -0.00717994577727764 -0.131085277262485 -0.535681230818859
0.0551218533789928 0.0630802641629903 -0.22945257863543 -0.779167751567512
-0.0094384320385051 0.0871205074851447 -0.288507005962678 -0.798617125560044
-0.0439213279105197 -0.04556628685306 -0.361475613796547 -0.663992957353259
0.0825039698693311 -0.0571501977157744 -0.414339788788631 -0.528463512762528
0.125308794801651 0.015600112098377 -0.176899133865894 -0.252674871274248
0.112783708526572 -0.0218090884213458 0.082646042717777 0.162218391233423
0.0223980366826853 -0.108124358506006 0.442426844122639 0.31584562623614
-0.11912760219529 -0.0343432646215298 0.594143386586776 0.313539080892821
-0.0925538547974086 0.0898385132938554 0.594335690254724 0.42940092088124
0.0265776944150083 0.0742219316874658 0.581699335356031 0.577944545045937
0.0187288985371602 -0.0250596848798851 0.481005547090308 0.545954843979636
0.011664193500876 -0.0849489810849738 0.275939233843575 0.345659238479442
0.0154058782534037 -0.080747786026094 0.140044902799432 0.0613041254000962
0.0396351774476082 -0.0926799158137929 -0.0471400422896798 -0.23375038751017
0.0512891823130607 -0.0520736049269936 -0.127707908290377 -0.544771247727512
0.0441137811841658 0.0157487684036095 -0.243960124641757 -0.753944882486822
-0.00557885104052817 0.0580345858281782 -0.332458050176409 -0.75653010115081
-0.0547462814652895 -0.0525534020192901 -0.410080116058716 -0.63877173182207
0.0537104454306557 -0.0738349596067211 -0.438300721677194 -0.513791065821333
0.104896466643535 -0.0118399189609717 -0.201378622200759 -0.247810971107687
0.0807331394367859 -0.0247553106301222 0.0725601132568126 0.163483392058216
0.0144015316004556 -0.100053496039848 0.433815175693271 0.339749502852513
-0.115921997225806 -0.0510888296251157 0.563623625835049 0.353155580167344
-0.110858602454626 0.0534836524327003 0.553564712205092 0.500754068918277
-0.0101927811763545 0.0448158861621264 0.560493012208442 0.640920077551583
-0.0129408259803804 -0.0445804542372703 0.475615852018528 0.562837972041182
-0.0157270329564076 -0.101952475497276 0.273394827920923 0.321116575283887
-0.0101144245673029 -0.101464652348258 0.1378746459705 0.0162090994981739
0.0120751806475921 -0.111478836135765 -0.053069561767982 -0.276580504498621
0.0209936151120027 -0.0809441642704617 -0.150340062967077 -0.562894191348835
0.0198442502799163 -0.0266907303501746 -0.283853358468278 -0.726464183159531
-0.00146461605840025 0.0208532926358744 -0.395672347476854 -0.698632621576052
-0.0521975117012658 -0.0567317610345227 -0.473057946531442 -0.58538700824835
0.0258644628681513 -0.0732099909204457 -0.46558463281965 -0.476862676180658
0.0691128778492986 -0.0335012863785742 -0.219811132250866 -0.227063726584282
0.0386131332796342 -0.031119567655494 0.0726818490554589 0.170383359813072
-0.0046828721501953 -0.0785868972459164 0.426461275685363 0.370464843055447
-0.10199530515767 -0.0503326573388979 0.522363336600938 0.407049842980696
-0.102932719299143 0.013710435770121 0.490405847320662 0.583015971428249
-0.0383535258633305 0.00497733916358244 0.513973139360263 0.713038292592942
-0.0428007785100846 -0.0629544951006624 0.447572695945309 0.583009727291549
-0.0413519763609416 -0.105327399412134 0.25758991535723 0.288927821597154
-0.034571836873627 -0.103571829708498 0.124959270827715 -0.035259850991278
-0.0152931716966463 -0.10924480093776 -0.0723760714808116 -0.323276944877996
-0.0126040485775624 -0.0882385531083079 -0.191415165429875 -0.577413757483909
-0.0106373159373555 -0.052743406618906 -0.341839128192912 -0.690778965300785
-0.00165055944740847 -0.0144490627802827 -0.465750604359508 -0.626447429895156
-0.0407704150336939 -0.0587354344669953 -0.530428164916975 -0.511274701111825
0.00598673432642988 -0.0584909987779046 -0.492032762859389 -0.427801738007546
0.0263969002895771 -0.0430415629540184 -0.225566113101597 -0.198179915757911
-0.00534493958201492 -0.0426025023294209 0.0820936024387401 0.187315699537697
-0.0334551167037907 -0.0502211871744565 0.413432261654598 0.411759065213891
-0.0809422222656064 -0.0317810945465689 0.473528020942147 0.467944636652485
-0.0738803951099207 -0.0180864442122015 0.417361149935627 0.662270717721311
-0.0515504106448941 -0.0355943382312717 0.449547747563667 0.773181432260287
-0.0680150164530374 -0.074381583844745 0.40335245718591 0.593371020592728
-0.0613542326707799 -0.0929602678480444 0.231821968169583 0.253850885833579
-0.0551416784036058 -0.0881037687547831 0.10394609775434 -0.0830905799683956
-0.0375858923207591 -0.0869403060585755 -0.101778913793852 -0.362953823424542
-0.0433671160915793 -0.0756475764092591 -0.245618520752217 -0.585177590355086
-0.0394895708872198 -0.0610347320872106 -0.408690860955275 -0.648527805508168
0.000347445409149959 -0.0438686103575509 -0.530352491363805 -0.548270522941361
-0.0209648050142881 -0.0570078609704938 -0.577797334977436 -0.435465549635664
-0.00648134413531205 -0.0324716838519008 -0.506436675969719 -0.374160383939948
-0.0173233512068604 -0.0437075357331472 -0.219462491958876 -0.166581395070125
-0.0467402259172197 -0.05208093949021 0.0997895443962652 0.212702448540632
-0.0605422986505754 -0.0143855195385401 0.397977090738406 0.45258368388412
-0.0543151368516238 -0.00100791645967595 0.416206363056871 0.534670252210325
-0.0326881920713191 -0.0393761664584978 0.346346819145861 0.732124371526386
-0.0560815884479488 -0.0642911066084718 0.383057623322529 0.810179663385803
-0.0850237435733688 -0.0715998287086519 0.350637270146816 0.589478810415273
-0.0742682667819916 -0.0643320716152193 0.201133632594267 0.221536843825259
-0.0677139428753497 -0.0551798392290656 0.07892942207813 -0.120784050591585
-0.0508934507230549 -0.0513178455148019 -0.140436943760097 -0.391577662495499
-0.066192904972423 -0.0496367165123522 -0.304352298935711 -0.578419611405276
-0.0614102288934196 -0.0587252737426587 -0.468954035144735 -0.602241547493593
0.00904224791784172 -0.0667886911468212 -0.580788726613764 -0.476518079178285
0.00714580395798148 -0.0498561163536851 -0.608645101947846 -0.365201931138031
-0.0113247406967993 0.00217372967369176 -0.511021552244001 -0.325143905789278
-0.057761510019159 -0.0368145955800893 -0.202452450598993 -0.136794562975382
-0.0774891573890227 -0.0496522737053802 0.121030358486002 0.240485459677529
-0.0737599344050285 0.0302313606536234 0.38212491497633 0.485679501543152
-0.0212019357860358 0.0321465146772487 0.370894691997701 0.592182666163267
0.00537626748291044 -0.0489502323385682 0.295060316106629 0.776150231305033
-0.0596117866718992 -0.0709794371218555 0.32512590985972 0.815774292384668
-0.0970993009032865 -0.048411066722013 0.296066166490233 0.574146617539787
-0.0783111850199416 -0.0207022745603015 0.165812801060502 0.196040036607265
-0.0703603382566976 -0.00989762534461881 0.0524705914714418 -0.142585323212593
-0.0529732773649746 -0.00719767556965222 -0.17618115040477 -0.404984302307079
-0.0747024746721844 -0.0168787922177637 -0.354889788008377 -0.5693512873949
-0.0670097549411564 -0.0521114191918034 -0.521493244018057 -0.565103685574922
0.0284447043203074 -0.0837059983858548 -0.613114182243639 -0.425553187452662
0.0414981385500545 -0.0363340639742978 -0.622058649426615 -0.316571868007124
-0.0100956786317587 0.0403275434530736 -0.505389068398508 -0.29196898373731
-0.089522494406511 -0.0265380332968072 -0.17621096944768 -0.113542822531298
-0.0921408831737818 -0.0339785201463309 0.146684814733295 0.263177262679261
-0.0630907747514285 0.0752363877739684 0.376417733578509 0.507007496858163
0.0151310364224446 0.0584369462253339 0.34976323544717 0.633558153432283
0.0273446113643307 -0.0489210992712666 0.275296545117846 0.791921713325907
-0.0630873337250981 -0.049170935238835 0.284497742603498 0.796699302071888
-0.099008863328153 -0.00530245792269672 0.246940719336827 0.558112247418895
-0.0717119826190955 0.0313783754859076 0.131447239536981 0.186405420043401
-0.0633692671204377 0.0405033990612168 0.0290967020869053 -0.144988454053432
-0.0426864321597219 0.0373477489635735 -0.204581640221564 -0.402804837890071
-0.0703935318181337 0.0137336116734537 -0.394681492817658 -0.55788550453695
-0.0572589843061062 -0.0446116850629721 -0.560769785456888 -0.548751110757501
0.0601161226811276 -0.0916395830560024 -0.631514129234601 -0.407683199674824
0.0784436797009717 -0.0153918635580957 -0.617506855365186 -0.294775297519088
-0.00924527947943658 0.0757441149191909 -0.491850227109725 -0.270636405024838
-0.106907409191931 -0.0172138271399893 -0.145881002280046 -0.101054605104457
0.131710680656284 -0.0238329515223893 0.104759951403818 0.162730950555782
0.0232338131079967 -0.100469603000359 0.457540980424214 0.304556401445786
-0.105457917165496 -0.00510408680381739 0.621982553234569 0.287840023558675
-0.0571664772750572 0.115424195950589 0.621366353795601 0.37698694279706
0.0642103763522083 0.0893501436725058 0.589577668672026 0.52780572803583
0.045520148853975 -0.00459545119981847 0.476399255729218 0.538186133484552
0.0358827026099409 -0.0565716527167901 0.268806129267318 0.36823363032452
0.0381599531555694 -0.0453253664087937 0.134977655936666 0.0942156817799826
0.0625947184519881 -0.0559867756806101 -0.0611745084383722 -0.202975036964134
0.0721404255219179 -0.00692682345417879 -0.137471060148449 -0.538400372815237
0.0565302568754877 0.0632773832482824 -0.241273326053826 -0.781784701543219
-0.00857295477156657 0.0867091176955755 -0.300592077128091 -0.799390999601966
-0.0442996046159357 -0.0448615470555654 -0.371902078126576 -0.665788238614765
0.0837468010053293 -0.0583807863646388 -0.424374460069536 -0.526994751558576
0.125317602126267 0.0135660208741409 -0.180477097234899 -0.251099029146553
0.112790773959715 -0.0237568638457767 0.0845435104968689 0.161043860095822
0.0217280479152772 -0.108720852395024 0.448450386609743 0.313957715588408
-0.119705002500208 -0.0325640756748262 0.601850260771717 0.308132053698778
-0.0914968018245635 0.0918425267878406 0.601900936956252 0.425768395932412
0.0272315532004146 0.0737340609460911 0.593490567046823 0.572785941210674
0.0177092122846124 -0.0261148627927479 0.490770832032592 0.543637226765252
0.00945362959946404 -0.0852042541945287 0.280432981158269 0.347193492370641
0.0142198925210289 -0.0810147697834549 0.141608319412456 0.0604392041742975
0.0389863814482391 -0.0931233505222205 -0.0496519244379848 -0.234300375385295
0.050818447661732 -0.0531658681185216 -0.134028596722893 -0.547419144950205
0.0442453541430681 0.0146329312857192 -0.254477571138124 -0.755146575656627
-0.00375606805140671 0.0578797745549945 -0.343167441995004 -0.758613615143984
-0.0554578927636864 -0.052347294211786 -0.42145516520208 -0.637156153001191
0.0544125856778381 -0.07458925247225 -0.446191527236397 -0.513860181190449
0.104326686420844 -0.012803037923497 -0.205162637125302 -0.24667720041235
0.0806281062493442 -0.0254526341036825 0.0750890993095272 0.162131136536802
0.0134164638162377 -0.100422993675599 0.439268847864233 0.336276129883867
-0.117310315932964 -0.048964503624273 0.571314219925289 0.347531838541346
-0.110392210211279 0.0547156877325633 0.562751796785685 0.497048828991355
-0.0104703646137221 0.0447566734284371 0.57301849358635 0.637242209274596
-0.0149190618597032 -0.0447264411262037 0.484719290578669 0.560899017257021
-0.0179516988554271 -0.102140742657455 0.277736631572441 0.319610435902381
-0.0113674531098601 -0.101434415862317 0.13794878103928 0.0139024657045067
0.0111038479470988 -0.112236301763712 -0.0559635069994659 -0.278295204232456
0.0205066184020767 -0.0826064540343417 -0.158864493668323 -0.564664032257291
0.0195524769325378 -0.0270955681845832 -0.295705584118081 -0.727243011012877
-0.00140974980255736 0.0208929098303598 -0.407248298304777 -0.698924325641102
-0.0539314613887411 -0.056708168865655 -0.482529615130737 -0.584471872388532
0.0261435774547972 -0.0744470913114398 -0.475018709817557 -0.475351150626571
0.0691413815769919 -0.0341856080234103 -0.222942980161735 -0.226731137053017
0.0388252671641817 -0.0327921716247398 0.0759182842221386 0.169968343532611
-0.00552928882793545 -0.0794637756872017 0.431998955483417 0.367867390254747
-0.103297638205868 -0.0485590909233028 0.529500817881962 0.403684783038994
-0.103258302352053 0.0151735507755518 0.499858534008596 0.580459275899919
-0.038143827564425 0.00480401277412707 0.525479526568277 0.711139870206033
-0.0449838803833675 -0.062530301654729 0.456830977115835 0.580615201702544
-0.0438588523689085 -0.105714481635889 0.262766734635323 0.288984970654125
-0.0358180986383638 -0.103888663403701 0.124867204399394 -0.0363118137003256
-0.016674892855329 -0.110097979992402 -0.0761577480254856 -0.323598249927831
-0.0139526178112323 -0.0890503816066247 -0.200739265028926 -0.578014823764061
-0.0110440690887362 -0.0523019821281277 -0.351929349764774 -0.690209800554767
-0.00142484139792949 -0.0149806484041568 -0.476810386426834 -0.624521804509203
-0.042100369573082 -0.0584238503528174 -0.540052057138683 -0.511426897812869
0.00547903635949641 -0.0592446065346132 -0.501265732698385 -0.426867947915562
0.0257940378522795 -0.0436760828464308 -0.229455224364394 -0.196885070097359
-0.0059952424913187 -0.0433702660742701 0.0853528085007172 0.187271038480681
-0.0346307075414884 -0.0502766903605499 0.420196083587643 0.40890480125392
-0.0824458998065318 -0.0305672964348977 0.480090946684224 0.46596577091186
-0.074169512745469 -0.016671543410514 0.426497965396041 0.662453349148062
-0.0524236549970125 -0.0350337723264056 0.462504020861532 0.772390299488824
-0.0680821794048203 -0.0741326764111075 0.413004672631956 0.590812140425409
-0.0634152164959441 -0.0932119572699466 0.237250739602963 0.2543400404533
-0.0562353064806395 -0.0875982802522565 0.103309660159527 -0.0849231508275698
-0.0391303831595495 -0.088036606643961 -0.107563373374511 -0.364372548845322
-0.0445951119483158 -0.0754942803206706 -0.254589898989403 -0.585600684229969
-0.0405362748456739 -0.060126993549582 -0.419127522952592 -0.64792894722093
-4.45325342119662E-05 -0.0444161142101468 -0.540119341564248 -0.544411860184217
-0.0219236380224307 -0.0569356005092726 -0.586238862055035 -0.433038724988118
-0.00696593978603168 -0.0320489457758638 -0.515079128653661 -0.369893396729643
-0.0184618242795519 -0.0445564163549977 -0.223245697530464 -0.165142998224254
-0.0474662449966087 -0.0527491955454674 0.102614850606051 0.211590991499113
-0.061456238953694 -0.0139386507872061 0.404930704999029 0.449928077278147
-0.0554471758055928 -5.03107148758231E-05 0.4250843020187 0.532539612020932
-0.0329556877070952 -0.0378164898533036 0.357282397110997 0.731068112038614
-0.0579066784145501 -0.0649407998181458 0.393490064141875 0.809046307009676
-0.0875893554839442 -0.0713078244185204 0.360622158114641 0.588207278175499
-0.0759468839843526 -0.0637440886690227 0.204652106733548 0.221162058754243
-0.0688551652947926 -0.0547343267154905 0.0772963464131746 -0.12262836152367
-0.0521331091118101 -0.0517053903174829 -0.145937900509613 -0.392812676532942
-0.0655120646805398 -0.0488918685434081 -0.312426577829859 -0.580248817365236
-0.0614076780217731 -0.0581966082817323 -0.480394036295135 -0.600727507549094
0.00761038201094506 -0.0674038323628934 -0.588578304391531 -0.47284026272869
0.00615895889677018 -0.0497711270574299 -0.616805861066909 -0.362123735518053
-0.011208951557435 0.00222824384582982 -0.517543289458876 -0.321634038052783
-0.0589751326720079 -0.0362442110100428 -0.204557224475512 -0.134939531355171
-0.0786172509516666 -0.0495502545143832 0.125075641923164 0.240338849386695
-0.0734304064894247 0.0312586547596791 0.391811252072682 0.482327141523829
-0.0206605367122394 0.0332861602659858 0.380470083434015 0.591390185121073
0.00459440851035631 -0.050678585428902 0.307291100329453 0.777325292407161
-0.0610654612510005 -0.070826035393696 0.335328854943049 0.81784227983118
-0.0979896656460977 -0.0473688716730318 0.304477833588561 0.573473135744926
-0.0788469179077428 -0.0203983384809007 0.168484687015906 0.195102959207113
-0.071770736347055 -0.00881088950372737 0.0509099076497374 -0.144168600618219
-0.0536529666978268 -0.00753407445094184 -0.181622578054113 -0.404556225585133
-0.0749624459034243 -0.0156618447498227 -0.364409074773431 -0.566677035134048
-0.067924902431207 -0.0513137848606476 -0.532148751424047 -0.561890196719751
0.0279163803426322 -0.0849395650416689 -0.623753912703433 -0.420402224722914
0.04149033320863 -0.0369163870573366 -0.630473732084238 -0.312136489377189
-0.00926163165592642 0.0407031087800679 -0.510766698961564 -0.287918337630284
-0.0893024900100553 -0.0255615207710986 -0.178275367079391 -0.113252891884744
-0.0922898688824435 -0.0339817602602175 0.151132397503213 0.262590025912637
-0.0632888745993899 0.0757510009575306 0.381851058892893 0.506171742890098
0.0155197161213775 0.0592733604485942 0.35663312705739 0.633096112425699
0.0268771500296277 -0.0491472194081838 0.286219872263332 0.792387493450036
-0.0646733043572209 -0.0497002142746886 0.295143276778496 0.7999313452867
-0.0998195558775322 -0.00447635467802316 0.253893221863448 0.558271425907652
-0.0719567561647526 0.032300298335664 0.133732774844311 0.187085684713248
-0.0635980876572432 0.0416348894466642 0.027260443825512 -0.144748038280353
-0.0427448969587515 0.0376921646917753 -0.20944058317713 -0.40135833992406
-0.06991547424585 0.0148172834948511 -0.403130011624805 -0.554418754051723
-0.0578589316147964 -0.0443144694858552 -0.57172608254116 -0.544405986981492
0.0601394651060244 -0.0928913343704079 -0.639622749702368 -0.404107178203012
0.0775550166427654 -0.0158454291442984 -0.626242639239425 -0.290710818835927
-0.00831715196759087 0.0749004987778424 -0.498558859559625 -0.267216785188443
-0.107317862365251 -0.0165747192084367 -0.148410347033411 -0.0997223214080136
0.130906656099473 -0.0265413815566698 0.10749618759223 0.161428809570729
0.0223866196973009 -0.101922133806568 0.464263508832296 0.298553638643765
-0.105111106392662 -0.00307348593255457 0.628693279928867 0.279766980632746
-0.055139829396373 0.116212001159034 0.629012911172483 0.369630803267094
0.0649272782761491 0.0894078563876108 0.599965736398625 0.523224731821504
0.0449322259900234 -0.00573286220914981 0.487380423616077 0.534186041150872
0.0351570086570235 -0.0570023053228758 0.275589775154217 0.365539276859218
0.0374440766042362 -0.0460668980402871 0.135705640545565 0.091240455463263
0.0617867798524719 -0.0577046527771256 -0.0626751226848365 -0.203166174050284
0.0722025473910525 -0.00796672962563016 -0.144812666344666 -0.538888148266573
0.0581389848665776 0.063193933234996 -0.253192195685578 -0.780934506456856
-0.00727474732858918 0.0868293843663253 -0.312909705870986 -0.798411010394083
-0.0451922878666306 -0.0448213801858441 -0.382962509956576 -0.663406099473906
0.0836795743146403 -0.0590366431859577 -0.43302023418904 -0.525360482858483
0.126215653723611 0.0124955945698206 -0.185288865626475 -0.251045118567165
0.111732058779611 -0.0261055085238165 0.0882188480177045 0.159976793183657
0.0208368591189112 -0.110180811765988 0.454346402872824 0.308550420593798
-0.120526354361079 -0.0306635159615958 0.608662838559399 0.301024499444407
-0.0911154028590718 0.0925316335505211 0.610335368157491 0.418197970312719
0.0281286979429245 0.0728872503187218 0.603552919626435 0.567353875938432
0.0164524290128277 -0.025639139918783 0.501732234598105 0.540322190276441
0.00838109930462755 -0.0866151907652896 0.287312664686715 0.344149076184787
0.0138775912372363 -0.0821697736849298 0.142396425733821 0.0578694972388696
0.0374179173081646 -0.0944302962516506 -0.0528068585379717 -0.234965791986697
0.0512747518630267 -0.05396549933374 -0.141753755757986 -0.548971524844675
0.044720047700535 0.0139024075325351 -0.26624112794572 -0.75442220027007
-0.00374356508386207 0.0579747966929852 -0.35515968709861 -0.757279691085193
-0.0567230511799029 -0.0511520442826655 -0.431102957786127 -0.638325879281264
0.0543024555503327 -0.0752364257033966 -0.456307685930672 -0.512089240012363
0.104604761434606 -0.0148597009048194 -0.209767973382531 -0.245561891125665
0.0801510670936942 -0.0277602942949204 0.0775564837312672 0.161159988235517
0.0128729615012688 -0.100745525022693 0.446523847548511 0.331398076986564
-0.118557443800005 -0.0479741838734405 0.578878369078383 0.341756170774072
-0.110290106581493 0.0574541911254628 0.571040875042095 0.492078897619297
-0.00942427098063286 0.0446211235167617 0.584720446071789 0.63278615962803
-0.0150399028068235 -0.0446209704987836 0.495594648503229 0.557107466199671
-0.0198439177092316 -0.102835453311411 0.283176519416134 0.318724766838206
-0.013496518152493 -0.102096686249126 0.138180544613404 0.0120884454522137
0.00935242873140321 -0.113829609965307 -0.0596635829879716 -0.27845142630281
0.0194537155880119 -0.0831306804557066 -0.166888056543309 -0.563194251848647
0.0200177228650844 -0.0271610678947256 -0.306655624375173 -0.725728558384932
-0.000720025272574552 0.0206797262876363 -0.418200720123154 -0.695918714477031
-0.054875074411322 -0.0556116958747988 -0.492396618822333 -0.580885328757996
0.0254854253880527 -0.0750439150625576 -0.484042868086244 -0.47199035284282
0.0690839648006302 -0.035736189039525 -0.228520535422057 -0.224344896974067
0.038353871376637 -0.0341217431788267 0.0779587029786562 0.169180139137521
-0.00688904010196865 -0.079496617153041 0.439656311232964 0.364336764251101
-0.104588415014718 -0.0464310928716781 0.538640377199168 0.396811276117342
-0.103552560659373 0.0166897200034332 0.508742320365349 0.576484937330652
-0.0389569934085469 0.00514385264059469 0.537878102099998 0.706090215112657
-0.0461533065316225 -0.0624015172654475 0.468390638049312 0.576097466053852
-0.0456076416159159 -0.105833910640194 0.268352527525159 0.286761398357021
-0.03864456197814 -0.103837987894858 0.124428685165077 -0.0389005138263628
-0.0181611829343068 -0.111335321599994 -0.081656241108956 -0.323950877418597
-0.0158858470530919 -0.0904156717314475 -0.208743355542421 -0.578948817700192
-0.0124386224179445 -0.0522541077955596 -0.364224484300635 -0.68905854155864
-0.00147480374869033 -0.0152852432500553 -0.487309192780531 -0.619788841729685
-0.0428612836650638 -0.0580618415191692 -0.550579022391345 -0.507200716379846
0.00488442255189519 -0.0591074415904816 -0.508235251284161 -0.421440370114971
0.0255863162470574 -0.0447309043255052 -0.233626781751665 -0.195135734059118
-0.00694752467676672 -0.0445798701333181 0.0886210960244588 0.185919870303355
-0.0355356257675848 -0.0503226601954264 0.42837764603264 0.405476603134084
-0.083551093846665 -0.0295211675261488 0.489264423183388 0.460241916146879
-0.0748345400920486 -0.0168731934467897 0.436780865670776 0.657653278248684
-0.0534241074692797 -0.0355543821567474 0.474247878323958 0.769253877024775
-0.0709087522722246 -0.0733224743562164 0.423447785861009 0.58728015557609
-0.0649787660721904 -0.092198178855537 0.241470207830176 0.25263857614388
-0.0583727951591667 -0.0873878677924659 0.101346004374184 -0.0867488053935326
-0.0411806781068907 -0.0882911646982608 -0.113252594402436 -0.36526175314173
-0.0451469516089704 -0.0751652725921673 -0.263192367894368 -0.585217922229271
-0.0417286166897196 -0.0605272350537423 -0.429489192403677 -0.644396512831106
-0.000542299453021908 -0.0448965014359535 -0.551121008090224 -0.541665017417958
-0.0235942334983424 -0.0565403029073767 -0.596213620685296 -0.428344821415657
-0.0067180793500246 -0.032269632028457 -0.52325133934263 -0.366311403278675
-0.0192833089363186 -0.0445179041823013 -0.22683238999187 -0.163120601365969
-0.0478606622617137 -0.052517682264461 0.106182811572738 0.211180846898947
-0.0618447055493721 -0.0143788806600748 0.411943019474854 0.446596738115219
-0.0562112773478527 0.00135995788430864 0.434203356279388 0.529005687783819
-0.0334743315329772 -0.037656881507054 0.368612981360731 0.728562076619662
-0.0591393761187926 -0.0644850435289794 0.40478268258697 0.808354372347509
-0.0879498145438048 -0.0708494391449221 0.369533328593753 0.586160121080648
-0.077870065931114 -0.0638841765476664 0.208472793958415 0.219865417235239
-0.0700352007985443 -0.0535269710837197 0.0755964393329672 -0.125185318070425
-0.0528382963985142 -0.0514968897921126 -0.151492409514645 -0.392663484706854
-0.0668725655306588 -0.0480619116947694 -0.321844829232743 -0.578869691762387
-0.0615583382909782 -0.0569353910420544 -0.492342748711205 -0.597126473845625
0.00687334134881184 -0.0678783057209348 -0.598758638719716 -0.466294758794545
0.00476467937955934 -0.0498960685327459 -0.62507633714032 -0.356815927075038
-0.0100488847109962 0.00296928208182147 -0.524089108855718 -0.316494852248957
-0.0591697457344954 -0.0361341821722198 -0.208136573649614 -0.133975391891393
-0.0795782836311211 -0.0497285419826624 0.12920137754297 0.238972496986874
-0.0735822049459645 0.0319820651013567 0.39830123447395 0.482545143408915
-0.0209014186462603 0.0343596282041885 0.388789765835471 0.588664964611771
0.00466946499946028 -0.0504413174429961 0.318314269476319 0.776458074502905
-0.0624481642690584 -0.0705316472508524 0.350210762177046 0.81511766190702
-0.0992537342786606 -0.0462580585970339 0.313960931245522 0.572122951978693
-0.080469564590595 -0.0190813563756594 0.171772377597 0.194881261641628
-0.0722097486826001 -0.00807727714491971 0.0481686545375488 -0.145593752968958
-0.0536394472801075 -0.00714790074527169 -0.188805465239438 -0.405130769973382
-0.075012468081777 -0.0151794377989901 -0.373718198827246 -0.566447473223557
-0.0682226635492859 -0.0503622341680617 -0.54173338883263 -0.55803045124784
0.02711516433908 -0.0863303792682202 -0.633671472838902 -0.412662714904158
0.0402712670897191 -0.0373568573829057 -0.637516642935594 -0.307306742852433
-0.00850740396922707 0.0404403966986884 -0.518575467471609 -0.283094896335469
-0.0907025589538988 -0.0251427777484376 -0.180702407761943 -0.111460122763903
-0.0938831283197333 -0.0344834965536361 0.154598469520307 0.26095867936005
-0.0618286387631889 0.0769514018829932 0.39215636716713 0.502668940766739
0.0157000259207157 0.0601227811506713 0.368496842501816 0.630119838625715
0.027385534829712 -0.0499580312751995 0.297035957872381 0.792782499778133
-0.0657850901792863 -0.0495159451325157 0.307635748145271 0.797709801763554
-0.0998930801820087 -0.00309983035190235 0.26344090026364 0.556135538840488
-0.072229871114833 0.033345966640454 0.137292958576141 0.185730062055624
-0.0633855613874831 0.0423836864147486 0.0243182436791621 -0.146803698299071
-0.0419612521900685 0.0382455598004525 -0.21835173007266 -0.40119270640459
-0.0693845046969926 0.0159357961372299 -0.414391039816489 -0.552494966552106
-0.0580690267750789 -0.0433106518797833 -0.581799060038685 -0.539489377088575
0.0585369359131486 -0.0942314154278712 -0.649892426041483 -0.397244980945727
0.0768890441726342 -0.0156316713939074 -0.632800005847365 -0.284194546083642
-0.00702030890063633 0.0754314728030246 -0.506319999346033 -0.262229174985985
-0.107912499450295 -0.0157079831653724 -0.150755192050791 -0.0980683717443697
0.13052418957715 -0.0281859050230794 0.110008966739439 0.160284763646464
0.022060532287538 -0.102805293628527 0.470428553719231 0.291945933097373
-0.10544686977762 -0.0011806761258449 0.63489104824127 0.270607797971964
-0.0532067590277478 0.117959697172479 0.635675293814767 0.361025352077476
0.0668918639404397 0.0878619543788685 0.608670639821929 0.51499198656514
0.0444519305838992 -0.00563513521382284 0.497499164178919 0.528331694839041
0.0339656239766607 -0.0575522650458478 0.282133396463166 0.36234397414288
0.0371154394467262 -0.0472879683946147 0.136450587087819 0.0888526169837343
0.0602116157495466 -0.0597034205234682 -0.0661795600686887 -0.203393301049952
0.0717382725655196 -0.00981667968566656 -0.154534161126567 -0.537194188745902
0.0595792321590841 0.0618243885915958 -0.2657364013894 -0.780577178882101
-0.00530477783549313 0.0870276572966531 -0.327400896850981 -0.797180150042845
-0.045638441316804 -0.0434394339150022 -0.393613325937332 -0.66269445412068
0.0843624074057767 -0.0611500262049389 -0.441705420606522 -0.520851519129713
0.126666634102986 0.010758666909485 -0.189947042260573 -0.247252950069073
0.111518377151868 -0.0278372048350549 0.0909441286739201 0.159074965595165
0.0197665517348357 -0.110906648164978 0.462018137520248 0.302377690891063
-0.121905482129581 -0.0288935793881682 0.617053946966193 0.293553100735229
-0.0901799389853819 0.0949649514151131 0.618940304956686 0.410065904738108
0.0292941221988919 0.0728401531158938 0.614544342731463 0.560863609818712
0.0161826688301798 -0.0259219158034728 0.510404834077974 0.535025522606626
0.0061147909043835 -0.0864504644024927 0.293461565290218 0.343250931796865
0.0120849728645341 -0.0821281246316017 0.14314870994422 0.0548914098920291
0.0354681786827669 -0.0954694425642028 -0.0570091101924451 -0.235611703246806
0.0503274482538547 -0.0551908266998999 -0.152195314837519 -0.54686598819066
0.0452341357237386 0.0136490457599385 -0.278740495431299 -0.752450245704867
-0.00268927554382687 0.0574818777111691 -0.367850853087243 -0.754372181771296
-0.0571501032737638 -0.0509089493918007 -0.442721467701302 -0.633866724087667
0.0540605319187365 -0.0761654198892936 -0.465186862861911 -0.507672469898518
0.105035469351919 -0.0162889982749651 -0.21480794867791 -0.243165252586195
0.0790745373531823 -0.0294240703797211 0.0805751156639441 0.160266504162031
0.0115209551756201 -0.101334123239527 0.453483671609036 0.32704190017353
-0.119902611462364 -0.0459373653800071 0.587269130130974 0.33482308133781
-0.109473625318751 0.058008691505269 0.579813640202716 0.484387485079015
-0.00966430623508807 0.0445050941151376 0.594698928334048 0.627204751329617
-0.0164161336061742 -0.0444172361096668 0.505887242655576 0.550934278698744
-0.0228108255636822 -0.103537776946663 0.28909788731923 0.316779719373098
-0.0147568226337149 -0.102050407693843 0.138432470215347 0.00956602893109249
0.00745607434488484 -0.114355390381351 -0.0647137242659261 -0.279502291307065
0.018342970251507 -0.0840544999370517 -0.175594254163367 -0.562262426855703
0.019658603981409 -0.028071593870937 -0.318392676222211 -0.723065653443923
0.000167554388440856 0.0203402823919755 -0.431377492482348 -0.693136901514227
-0.0561736364763534 -0.0548532946223733 -0.503499233031541 -0.576988133223941
0.0255940378087236 -0.0751761336788866 -0.493204790587721 -0.467896309784774
0.0681479272459931 -0.0369998636651904 -0.232512474967232 -0.222333717203727
0.0370909749591911 -0.0351810033161099 0.0825545640714128 0.167145433079272
-0.00855024603907928 -0.0796046469351549 0.447475717222948 0.359308631222734
-0.105233590462579 -0.0453615541262201 0.546732230490521 0.390467609686355
-0.104100096063074 0.0178032427472237 0.518315269248799 0.570309372321304
-0.0399376403493266 0.00504905876019045 0.550689418573195 0.700079797215522
-0.0472687894847947 -0.0625402793335001 0.478315080540558 0.571742868719167
-0.0481518109060434 -0.105348352352969 0.273287137150142 0.285746305280829
-0.0401379044245408 -0.103588835590015 0.123509346027333 -0.0413102295417647
-0.0209289329680346 -0.111933113795539 -0.0863425998299847 -0.324152620828197
-0.0163613166374993 -0.089594035613204 -0.219240378990965 -0.578203727696664
-0.0123460165521988 -0.0521311039375353 -0.374998287040585 -0.685384007161511
-0.000955491859634713 -0.0153358194574662 -0.499759049609524 -0.616266229379474
-0.0439401991837183 -0.057371096173838 -0.559649408820508 -0.502755287718778
0.0051114304582963 -0.0598886963541554 -0.517049678955315 -0.418002261967476
0.0248153930674466 -0.0458141528820703 -0.238077859041311 -0.192651774413195
-0.00786580157260937 -0.0453533848868289 0.0923108258233722 0.184211620846834
-0.0358666561298147 -0.0496380683229043 0.435411522903346 0.399823986910105
-0.0842699816635266 -0.0275690816680516 0.498284101664004 0.455276028338114
-0.0747882729371843 -0.0147121047911307 0.448253639423505 0.651637462786799
-0.0545999108053718 -0.0354097598619706 0.487447205356567 0.76560848729929
-0.0725417186893681 -0.0730393198698476 0.433344158014266 0.584262904830256
-0.0676655440080494 -0.0924888875473992 0.246099602585814 0.251313161076211
-0.0601374578559229 -0.0867919542690027 0.100399937498765 -0.0893518217641595
-0.042270566626555 -0.0891832299604045 -0.119121406446987 -0.363791336705662
-0.046160625526642 -0.0753304172032493 -0.273361046105676 -0.581515270167434
-0.0424598570285498 -0.0594961145808923 -0.441557300315873 -0.63850406119466
-0.00131095301557491 -0.0458163619789463 -0.561550277251686 -0.533467336866034
-0.0250754811580627 -0.0564794239014382 -0.604895513180954 -0.419455443406964
-0.00614261312621883 -0.0328119230884598 -0.532163159135288 -0.360256842107502
-0.019707322121039 -0.0446695713026363 -0.229698111231157 -0.160335541442396
-0.0494717150740926 -0.0534341841054941 0.109763097963819 0.208887423446165
-0.0621637331898143 -0.0129125991401189 0.42035587248683 0.442143149463084
-0.0559072320628668 0.00269656970331589 0.443607048442909 0.523774370439057
-0.0335207988945296 -0.0377966204261522 0.379344025960795 0.726275777708448
-0.0602818719069066 -0.0642786970876919 0.419074335924511 0.806629942439712
-0.0897317967686879 -0.0694045497071054 0.381146891802179 0.581717854806519
-0.0787177479470093 -0.0629552430283772 0.212505803949773 0.218279869493634
-0.0713170929285904 -0.0532106100195685 0.0736106423357106 -0.126478312009315
-0.0540954524003587 -0.0523346948191986 -0.157678466175724 -0.391364539603759
-0.0676859680110524 -0.0470101795547137 -0.331378131814988 -0.574779456207981
-0.0630616345299307 -0.0563225493957662 -0.502337272730387 -0.59099542715619
0.0060710206666534 -0.0684590819942665 -0.609331557351294 -0.459565696309427
0.00362134947326954 -0.050252422706469 -0.633139758027397 -0.347634028524397
-0.0101952423028624 0.00260904985337766 -0.531599187332976 -0.309968343126951
-0.0606460049186992 -0.0360315222170691 -0.2103430677463 -0.131039013078532
-0.0802520119576484 -0.0498100885115982 0.133162504193523 0.236936786390764
-0.0732772306363811 0.0326625282963206 0.405497062500291 0.476178579437402
-0.0207161059827518 0.034676748362973 0.39994601519272 0.586521401475247
0.00365313798322703 -0.0498010163855696 0.329097629257162 0.774318211020792
-0.0641645575800718 -0.0708080034499118 0.360867867816974 0.81270004696275
-0.10021720581816 -0.0453910719807386 0.325224104461102 0.569093728251214
-0.080941757917641 -0.0186727124445523 0.175652386167153 0.193591753813104
-0.07326903298342 -0.00714894765293778 0.0453473281723091 -0.147559652871426
-0.0536043253302889 -0.00739835241739942 -0.195452070961323 -0.404442856716733
-0.0758548677781133 -0.0141670977313742 -0.383530007802163 -0.561487327099473
-0.0682067651041447 -0.0491451780446328 -0.555956068622416 -0.552389339576257
0.0250836844647919 -0.0868694077031742 -0.641927528894156 -0.405564960587721
0.0391029415522526 -0.037291599363108 -0.64499229225497 -0.298015595784899
-0.00742246426927898 0.0413873036123821 -0.523867810025825 -0.276381279225644
-0.0908292407151781 -0.0244397125583263 -0.183603000618905 -0.109718902080188
-0.0939209838672194 -0.0334455234087785 0.160364014578286 0.258261707510781
-0.0617432830641461 0.0775624859600918 0.400038506380019 0.498328685138885
0.0163739921772731 0.060196334595477 0.379123970908719 0.628967966607762
0.0266480210546546 -0.0504517833833554 0.310285334614966 0.789585367290056
-0.0662120701205512 -0.0483235115151053 0.318654260507672 0.795101921435324
-0.100326002529273 -0.00131823132614426 0.272463559902097 0.555794550926959
-0.0721026287311066 0.033803331559095 0.140282553454121 0.185590932176968
-0.063067709750387 0.04368423516734 0.02148422109801 -0.147778643380754
-0.0420202162662491 0.0379079616447431 -0.224550562956923 -0.399424229520531
-0.0684105212574738 0.0164373296076777 -0.422988086326633 -0.548301677003043
-0.0590587561523814 -0.0419703070149438 -0.592980773245737 -0.53167602050543
0.0576955111278963 -0.0951661670913378 -0.658607478087886 -0.389454173969541
0.0764958071157166 -0.0164488386813995 -0.638907620831371 -0.277023924791212
-0.00508532006272539 0.0762804750207923 -0.511256595208194 -0.256789239149973
-0.108148724501967 -0.0142826365917239 -0.152808514115625 -0.0966275981575195
0.129292838997539 -0.0310002107559946 0.112047952653861 0.157574931160887
0.0201834881776421 -0.103609896423817 0.474745809170408 0.284472137316634
-0.106273627089928 0.00104941247314456 0.640897882324102 0.261036930209879
-0.0519567185180528 0.119196068283433 0.64240288156313 0.350244916921956
0.0682568516687227 0.086364965805104 0.617546774579184 0.506616732665214
0.0444852801946145 -0.0068416796890008 0.507328505831239 0.519958193458858
0.0308667170486783 -0.058121873813413 0.288467646431532 0.359586340121384
0.0355316003344218 -0.0472670510433992 0.138181782847201 0.0861174028476117
0.058618413740385 -0.0603814261232393 -0.0697611712756795 -0.202808310470856
0.0722217458222074 -0.0103552935402867 -0.161888198474292 -0.536890504589751
0.0608153689092902 0.0607327788304197 -0.279241239355834 -0.775291136013729
-0.00346046116571513 0.0861078405054164 -0.340758194097291 -0.793208895342317
-0.0465007019683683 -0.0426770262529832 -0.405903667785544 -0.657010730551708
0.0836470992469645 -0.0616658956010314 -0.452383345919901 -0.514628688807596
0.125775511052453 0.0085904169568127 -0.1940952884297 -0.245434254075573
0.110460628212172 -0.0308506728210869 0.0930712021002841 0.157296585147312
0.0183560409394024 -0.111464421860521 0.467497079545545 0.295463391034573
-0.122294943088539 -0.026518479842573 0.621313161148402 0.281865352148351
-0.0881936979581371 0.0966283524420868 0.626294878009827 0.400490132347196
0.030162104744922 0.0713473324553124 0.624600432664184 0.550209623798934
0.015146394378509 -0.0263430208411054 0.52235068041999 0.525816537663613
0.00459320068835118 -0.0870096227112315 0.300738813271286 0.338554323976201
0.0108570723846011 -0.0824635696288258 0.143735464540683 0.0523401094670793
0.033972610096468 -0.0968570574868349 -0.0608727693963932 -0.23432924464728
0.0490177162137819 -0.0566546747508894 -0.16032877230286 -0.54526636696254
0.0461344480509712 0.0127335829559144 -0.290634318330057 -0.749077215157685
-0.00103646748206003 0.0572474874839167 -0.381641321843922 -0.748880794924308
-0.0583224294858176 -0.0498810160428607 -0.454950226233301 -0.629190480818171
0.053724112410087 -0.0775840853053123 -0.474964305113164 -0.499924035210089
0.104470575354305 -0.0176660283710838 -0.219163799465865 -0.239786622453963
0.0786297274925963 -0.0313184615308366 0.0833404471517163 0.158830033281657
0.00960306395537773 -0.101337766703022 0.459395020118523 0.319255106897834
-0.120684247367836 -0.0437979824518923 0.59284781090713 0.324488333286528
-0.108156947265019 0.0599192011820017 0.589465304164073 0.474800595411319
-0.00914953533758377 0.0445473385829576 0.606111018387816 0.617213274237183
-0.0180772264424399 -0.0445276428278783 0.515315997670737 0.54355488471654
-0.0252222614472712 -0.103297555761094 0.295219397882589 0.311598390831778
-0.0170029273783096 -0.102603932168997 0.138176291093768 0.0070978782747381
0.00476690340955903 -0.115742563400083 -0.069116227209481 -0.278307005314897
0.0171933225260246 -0.0841736490467151 -0.185489293656719 -0.562509895650212
0.019460607502904 -0.0281590802877447 -0.330752691272675 -0.718999095930898
0.000737549922446089 0.0198535592925958 -0.444870630314716 -0.687060908387351
-0.0569891263480709 -0.0534355575244101 -0.513115274039465 -0.569853466143006
0.0251595496100202 -0.076230954223077 -0.502991328267683 -0.459988068138303
0.0672220181670171 -0.0368286001082476 -0.235588891017384 -0.218634289594494
0.0363058285429207 -0.0364371936010163 0.0846980396377993 0.166228497768938
-0.00976353324060772 -0.0789106380596004 0.453792073142015 0.353517860310691
-0.106900102423148 -0.0435299847670948 0.554050771061343 0.380637468469291
-0.10316439559484 0.0198581616085097 0.529223714031985 0.56227583692519
-0.0396434621545306 0.00526367970107818 0.562647059377282 0.693100900142795
-0.0490377587926084 -0.0612004565305209 0.487892390819231 0.56403920923761
-0.0501160665144098 -0.105509900238536 0.27864766326648 0.281791312538109
-0.041438032455966 -0.103619067456788 0.122790001091354 -0.043739145082267
-0.0222821225551239 -0.112096508309718 -0.0923961884858658 -0.322987908115749
-0.0177946328730519 -0.0893922373740334 -0.230031135276534 -0.573868934998933
-0.0123695047553356 -0.0522498275294264 -0.388404254667689 -0.679371055443659
-0.00102692888260175 -0.0157998383144035 -0.511597611429128 -0.608364581192343
-0.045623640482916 -0.0565778610342499 -0.567239821857045 -0.494734189505168
0.00481409793393547 -0.0591284040959103 -0.525184448035541 -0.410535586224117
0.0239151840014166 -0.0464068034827786 -0.241373240800156 -0.188757247409989
-0.00917589763081855 -0.0458532552360757 0.0952904283688061 0.182296048937448
-0.0371650978110374 -0.0499200584484626 0.443807532787189 0.394056456421854
-0.084062965759094 -0.024875361218162 0.505925001542416 0.446225303191707
-0.075471963088556 -0.0142490975448085 0.459224093133077 0.646908849952379
-0.0556581231242289 -0.0352476641948974 0.499782957061332 0.75734389546843
-0.0739555747740359 -0.0720615940035897 0.444359774338447 0.575898122538448
-0.0697058823294408 -0.0924744213532413 0.25048830049172 0.247988738934037
-0.0613892192384132 -0.0859297818529383 0.0991227667097271 -0.0911409821672188
-0.0437976384724449 -0.08888179864204 -0.125570748908997 -0.363153796019758
-0.0480457992977238 -0.0753555657427218 -0.28491558052555 -0.578029790525939
-0.0433944937655789 -0.0590042799827966 -0.452249134894203 -0.633576872004795
-0.00107175189061273 -0.0455348904016909 -0.573453789469414 -0.525159059876753
-0.0260179256503768 -0.0551573194362901 -0.61237109862879 -0.41325492154436
-0.00640781802712782 -0.0323123671750098 -0.538485195595731 -0.35384593137891
-0.0209752608426212 -0.0444044846197384 -0.233119474557338 -0.156414933162633
-0.0502207573215524 -0.0535344788401058 0.114130920540936 0.20691432053928
-0.0627204869275054 -0.0130143811443512 0.428401885677187 0.437438331105642
-0.0570018770974648 0.00412160374098179 0.451935405289915 0.516863166742372
-0.034754144474205 -0.0369591402202383 0.390478633006496 0.720103979567944
-0.0616917773883727 -0.0638620241111222 0.433778138368386 0.798049463727158
-0.0916803525852905 -0.0678829694749797 0.390934460543048 0.576271869606876
-0.0804917756419571 -0.0620330215826754 0.215860472338447 0.216290741990864
-0.0725932734014096 -0.0519994024945461 0.071049155042483 -0.128037971212593
-0.0556422032013716 -0.0521868224344644 -0.165610254700586 -0.388518789661783
-0.0682984954427049 -0.046817685090678 -0.341277749970477 -0.570776851547063
-0.0636148167261584 -0.0557281583554159 -0.515191579933645 -0.583708281616826
0.00586567966291408 -0.0694771750221865 -0.619729079728802 -0.451897708242908
0.00285497983568427 -0.0497709501363705 -0.639199099165817 -0.340277648608481
-0.00923682759236295 0.0031112757989833 -0.538351400552824 -0.302953533575369
-0.0601728729874264 -0.035432223624126 -0.213893901791012 -0.127663689921844
-0.0811412689910454 -0.049933194600226 0.137806379422477 0.234493547633541
-0.0728263374084299 0.033668700674284 0.415364090967561 0.470160078076485
-0.0202124100370966 0.0356618577713897 0.409685186867503 0.5804429832996
0.00317192989790761 -0.0494588654908045 0.342758487335168 0.768792265066054
-0.0655279503531004 -0.0700461139582206 0.376493010567195 0.807172192433692
-0.101478836737295 -0.0435108534012887 0.333849135168554 0.564260803905186
-0.0821345231706364 -0.0172135107740643 0.178497360109129 0.19236327303937
-0.072586817262455 -0.00616793195015157 0.0428938715453506 -0.1479769521762
-0.0542589555967241 -0.00725845478648704 -0.203278977318022 -0.401568214750271
-0.0749322787134233 -0.0134583410859501 -0.392476601404356 -0.556042212495469
-0.0690027783415357 -0.0476343483294476 -0.563960394228367 -0.544193756006607
0.024746131338223 -0.0873922358527307 -0.651163738840106 -0.395937682257965
0.0384179649260339 -0.0371699153954562 -0.650311175892134 -0.288898628050715
-0.00608909867813429 0.0413482499182329 -0.530440297308455 -0.269735270981985
-0.0916417950470581 -0.0233791187968621 -0.184912892691188 -0.107535136523394
-0.0954843065913658 -0.0330477633964478 0.163927841085153 0.254721882387585
-0.060033908541119 0.0790518490310958 0.408737484693956 0.491736576707
0.0174850382080393 0.0598227026468811 0.389193371775926 0.624846048572234
0.0256351874261406 -0.0502196690845049 0.321203596088607 0.787381725739333
-0.0680245113089578 -0.0482377600244314 0.332788287525737 0.792481585388522
-0.10044605232691 3.10944525152568E-05 0.281891534321267 0.55036793783324
-0.0719434054266289 0.0353191280176625 0.142837533826048 0.184115204911814
-0.0619918775939669 0.045593705784003 0.019188511467378 -0.148382430007934
-0.0412516694418133 0.0376487676980686 -0.232723631688731 -0.394751206689492
-0.068070210797344 0.0176499513689508 -0.434069970494799 -0.542253869745732
-0.0586978772763997 -0.040896346434534 -0.602747243174577 -0.524659386735798
0.0561162757057765 -0.0973188546069492 -0.666378262742121 -0.377698103177885
0.0752176149138802 -0.0174436267766585 -0.646545214755368 -0.266761978278724
-0.0035294695175067 0.0756820180998388 -0.515957388853898 -0.249805148262877
-0.108031465535211 -0.0133197851565414 -0.155057649815262 -0.0952086888828011
0.127300260668443 -0.0342017934566349 0.114780914005001 0.155885019867329
0.018134122784625 -0.102996526738846 0.481662521167453 0.276742907715656
-0.105173221541363 0.00299568966482491 0.645192075107326 0.248860818814682
-0.0492225937918537 0.119659449845483 0.647601834613983 0.339395351936477
0.06921985111416 0.0843744762032221 0.626580117232968 0.49512711740561
0.0437091140016289 -0.00707553917257839 0.516181470311481 0.511255635375764
0.0301740109842489 -0.0589837273836558 0.294308842375005 0.354572715121647
0.0355787345968561 -0.0474480931669381 0.139316878462113 0.0838469170084191
0.0578645689186789 -0.0608176435099603 -0.0727987311469222 -0.202167718424361
0.0724548229563281 -0.0119134311412443 -0.171242114149168 -0.53270783464151
0.0619906246249078 0.0598094268170262 -0.292385581353719 -0.770163031962066
-0.00147886225927436 0.0863733849867573 -0.354417520679807 -0.787164836287955
-0.0467089321989356 -0.0410542253574473 -0.418296546562218 -0.651865365869361
0.0837597695270217 -0.0631418317046521 -0.460606955069615 -0.508650446167232
0.125920409850718 0.00695924453844912 -0.198736176017012 -0.241714891734289
0.108999659414474 -0.0327484257659321 0.0950718186508489 0.154589509271665
0.0164970047339048 -0.111800204126231 0.471980712789541 0.286331014689487
-0.122086571840667 -0.023594908745278 0.625424766410065 0.271378928889969
-0.0872266685714875 0.0978816943647625 0.632034890548126 0.390386124484475
0.0312877452514395 0.0707418885689586 0.632366762182846 0.53743603688155
0.0136923655195742 -0.0263476997684176 0.53143084544153 0.516896772035107
0.00158285835164612 -0.0870636792250051 0.306556518928912 0.33317785376678
0.00935989217691045 -0.0823709988535365 0.143720199867621 0.0489507393297331
0.0319811672166147 -0.0987067724446575 -0.0648453371602056 -0.233562178984347
0.0483660156055499 -0.0568883300572857 -0.169498734475392 -0.542522717970215
0.0467038083369321 0.0130576282254566 -0.303857799583387 -0.743065111907754
-0.000288030533439836 0.0563893216940585 -0.394913533708196 -0.742636361788557
-0.0587038817685628 -0.0488672160664016 -0.464293100294052 -0.62177486657152
0.0536362872677801 -0.0779561927441344 -0.48338722573882 -0.493141840289068
0.103183212568922 -0.0188005436798045 -0.221696620567654 -0.235573282546558
0.0766592436790194 -0.0332591037689116 0.0865723905223924 0.156160252406001
0.00827818330875299 -0.10220733947245 0.464459337073773 0.309980416864055
-0.120725186366696 -0.0403066837015394 0.59922222005876 0.313015455333666
-0.107059946710416 0.0621593222094802 0.595840067684072 0.46335417199201
-0.00923400775666916 0.0439110556495178 0.617019100983357 0.606185255862608
-0.0192021795790454 -0.0435735835617871 0.525516781673631 0.533007794049643
-0.0275345641748202 -0.102689068704148 0.301176757429292 0.306766487463505
-0.0188717943337889 -0.101628836668348 0.13764409269175 0.0027164396415794
0.00269939860509178 -0.115241124774028 -0.0733781612685438 -0.277045792023436
0.0161834399788607 -0.0848575554834926 -0.19452312743061 -0.557936069999306
0.0190549046126509 -0.0280034266932369 -0.342784614825351 -0.710427393913631
0.00119021648268527 0.0195436658449292 -0.45464985542492 -0.6777494631666
-0.0579523612705609 -0.0521892315319919 -0.523510798996271 -0.561922992359571
0.0244894666089783 -0.0756956207105896 -0.508544265570649 -0.45166807803533
0.0661233732659339 -0.038509385282745 -0.23977049162019 -0.214665119545738
0.0354482385040481 -0.0383240801528831 0.0871509101348127 0.163541647198324
-0.0111376478100171 -0.0792324005540443 0.459331191973878 0.342221723051295
-0.107809881423283 -0.0411756794751013 0.560775536650158 0.371381545052153
-0.102323223968032 0.0219591542689244 0.537334425009438 0.551702607735512
-0.0395732667417995 0.00553973637358837 0.572301975690401 0.682196758812891
-0.050397099271505 -0.0603276892553917 0.499310315714498 0.554682272405275
-0.0527761984370453 -0.104232996757121 0.282741124493165 0.277955532654467
-0.0443549944196295 -0.10311029824383 0.121324381707316 -0.0463335917363232
-0.0243440386397883 -0.111738513787357 -0.0967537750607405 -0.323057698173272
-0.0187670020502545 -0.0894257090183191 -0.238640869177114 -0.568681960569579
-0.0131284973842605 -0.0523232726243519 -0.401590788972282 -0.672899717638587
-0.00128084807662794 -0.0165118754315703 -0.522298658136605 -0.599795084541542
-0.0474675884229169 -0.0555264743670175 -0.576662442179469 -0.483912926252329
0.00458822594629374 -0.0589957707852597 -0.532021248241689 -0.40057573649792
0.023029119527419 -0.0468069276199948 -0.244160033066124 -0.184062587645108
-0.00965276374408387 -0.0464509262688818 0.0984344213605475 0.180425787951413
-0.0379867271511586 -0.0495903103919108 0.449628793691168 0.385578756994529
-0.0859501551173699 -0.0236730451019942 0.514172524876873 0.438437411389418
-0.074678168291364 -0.011800211612741 0.46777121418444 0.638100065086858
-0.0559212302928194 -0.0342612924650804 0.511905725807241 0.749381010161407
-0.0752243908217796 -0.0699484535277371 0.45495055949689 0.567895511629252
-0.0712476243752377 -0.0899606341576143 0.254750670235507 0.243957187794101
-0.062979144269731 -0.0843590046033676 0.0967885952595448 -0.0928876848762815
-0.046078660165446 -0.087872792596192 -0.131372688051302 -0.359647775076764
-0.0482175712118448 -0.0737789828199107 -0.29440890575349 -0.572170121325284
-0.0435252630167395 -0.0581733654994255 -0.46356985340864 -0.624364575683513
-0.00193076311928495 -0.0462305728474147 -0.581349488351562 -0.515260786865346
-0.0268278979592149 -0.0544080296678681 -0.619467140808094 -0.401438850616984
-0.00608057376666728 -0.0319473600605654 -0.544152939558631 -0.343365136134471
-0.0217410204525238 -0.0446286948012335 -0.234950223603567 -0.151882287021395
-0.0508592614761569 -0.0532848226195655 0.117301176054735 0.203896338867334
-0.063364252551155 -0.0113397074563936 0.43624944636481 0.428674245776351
-0.0565294359565684 0.00535107207818012 0.461803306717356 0.508056644083604
-0.0349060166368497 -0.036249453740592 0.402560944619334 0.712619162185047
-0.0628035630165065 -0.063240452912388 0.446755311814738 0.789523546951938
-0.0927848156999258 -0.0663829759796344 0.40086099465757 0.568926081682785
-0.082145473281832 -0.0602223440675999 0.219486365573314 0.212155348399492
-0.0734405310224062 -0.0506828462566005 0.0680947209188911 -0.129328110243282
-0.0563092236572696 -0.0511421544304435 -0.172129445096408 -0.386718905762148
-0.0683681230881232 -0.0452915757900871 -0.352731850292399 -0.564654661532499
-0.0633937313885645 -0.0543104335748922 -0.524646089215413 -0.573980275270731
0.0048518092259767 -0.0687206946504536 -0.626710179254072 -0.439296040277067
0.00137030607481651 -0.0490068746212475 -0.643935669217812 -0.328890742206807
-0.00819201259703099 0.00359088802562405 -0.54376591920921 -0.294660802136221
-0.0612728437458408 -0.0331306676485736 -0.214135721174151 -0.124250667910276
-0.0817178821364404 -0.0489117184110291 0.14137427916799 0.230417302721205
-0.0714313267976678 0.0345594966938741 0.422912481931469 0.463386766194485
-0.019979573807077 0.0369775125988958 0.419930086430799 0.572574110304165
0.00274300142219811 -0.0502561550772255 0.353804981514986 0.762609387934031
-0.0668262109127168 -0.0690786352163578 0.387260261297193 0.801809249934045
-0.102094358646966 -0.0423333981161479 0.34312702455135 0.557578375817081
-0.0827537311968939 -0.0155708201187293 0.181301963254492 0.189084092692813
-0.0732430602093912 -0.00458362265560908 0.0389786047664535 -0.149325245477752
-0.0544429635168847 -0.00724149250906244 -0.210001141659691 -0.395604884669989
-0.0749995457066082 -0.0121669031758446 -0.403114701814371 -0.547657010063304
-0.068977449961825 -0.0471575765798327 -0.574729119966945 -0.532892009379824
0.0236278025355813 -0.087552326391814 -0.658154183070618 -0.383695112421776
0.0372572753354317 -0.0371466558580629 -0.656751087198018 -0.278511003272304
-0.00563624929044526 0.0413886673629558 -0.534407057106061 -0.261002742328065
-0.0914598761613678 -0.021988785312543 -0.186946040870017 -0.103902087937433
-0.0949519948536282 -0.0325807958072779 0.167162202448901 0.251207975604978
-0.0592458340756059 0.0795273925525475 0.416962978605786 0.48660922949298
0.0177337597784909 0.0605909561813619 0.398890344472266 0.617022241599064
0.0263932394303392 -0.0510055337073823 0.334728383559992 0.780983490956608
-0.0687217592244794 -0.0464932094280474 0.346409143495252 0.786225875820596
-0.100267641871024 0.000831880171661895 0.290453195699836 0.545187591569417
-0.0711802285714051 0.0364952283329404 0.146318245184056 0.181396846761756
-0.0612623856294839 0.045212323602157 0.0163506266205815 -0.14862059195865
-0.040777253293121 0.03717886761854 -0.239603113422979 -0.39105012645678
-0.0670101108332525 0.0193497232456049 -0.442670692614565 -0.534417007312329
-0.0586826493809564 -0.0399612883203646 -0.612365369725575 -0.511555083163909
0.0544371683547583 -0.0972409893481106 -0.673559304004662 -0.364886904832745
0.0751625416396119 -0.0175741887567276 -0.648793432680077 -0.256672821091313
-0.00165633528214262 0.0754690358231577 -0.519514088274516 -0.239726843459775
-0.108311651237748 -0.0112612227465762 -0.156217241178269 -0.091935050592989
0.125290344792459 -0.036479969502597 0.117161004975844 0.152604884759475
0.0178084618767884 -0.103426162935268 0.483103045263906 0.266222477243429
-0.10425484085809 0.00534006988734275 0.646363855090194 0.236843859985805
-0.046614952216139 0.119687034009244 0.650539025545061 0.328546278062256
0.0695088536393201 0.0826777252828473 0.633793029554239 0.482233541390681
0.0428336569296853 -0.00775439457195577 0.524516462454075 0.500064267666519
0.029209917890814 -0.0587673826544299 0.300982810959668 0.34828452685519
0.0340872282894415 -0.0478490878049108 0.139404069159042 0.0797356076886671
0.0549776576954624 -0.0625041249532496 -0.0749709876347446 -0.199231524143492
0.0717231359057922 -0.0132260890246359 -0.181054735973589 -0.528613836766144
0.063122523286901 0.0586281884149119 -0.303830420434024 -0.762265883430236
-7.89593713011738E-06 0.0858647946964204 -0.36738043848566 -0.777531010146909
-0.0468953491319136 -0.0403526846798947 -0.42732321535195 -0.643007782513458
0.0835372111907638 -0.0640432174517306 -0.469010657597904 -0.499984444942028
0.126034977430808 0.00446701641791044 -0.201751839349436 -0.236948694550667
0.10712649414732 -0.0344322198416377 0.0975614582162606 0.151579296994471
0.0147204214528446 -0.11074357347019 0.475010954753508 0.276466127829626
-0.121698760720605 -0.0207587433311544 0.626757516592106 0.26046310123878
-0.0843810479520086 0.0982015221368678 0.636394157976448 0.378521102877817
0.0316665240759775 0.0693528608204042 0.640377566831706 0.525746734765835
0.0130629151104794 -0.0255612444683081 0.538354065694008 0.505445932110101
-0.000429033786470979 -0.0860883133902698 0.310796281161713 0.327041443618981
0.00839099034270652 -0.0824826438305719 0.143386641387417 0.0458397740919671
0.0295712808912855 -0.0988264150679544 -0.0690067564188304 -0.231766714375698
0.0471451902624038 -0.0578797732325106 -0.178034089180493 -0.537698417348931
0.0468475391757603 0.0116731524160223 -0.315874470879807 -0.735003210383747
0.00133244292945711 0.0562687724455716 -0.405395349680626 -0.732638705339343
-0.0585964217213991 -0.0472290310483282 -0.474875212368859 -0.612215784600818
0.0527033308218962 -0.0786538523116228 -0.489109815278984 -0.484163523703315
0.102044398677673 -0.021415923105205 -0.226809995072107 -0.230578646596642
0.0759235475683715 -0.0344788088502333 0.0876633390735409 0.153290765975189
0.00621621231680828 -0.101392199584697 0.46774104847402 0.302076632131136
-0.121140709295597 -0.0382735821071591 0.601553136788126 0.302265574931799
-0.104818923720143 0.0636162114282725 0.599876814648717 0.450071784762654
-0.00928616982609008 0.0431529578028373 0.624749279636632 0.591755216783985
-0.0197143339498952 -0.043164110296506 0.533297412215951 0.522264161953409
-0.0302043733454727 -0.10198829558915 0.304984156600316 0.301073296502449
-0.0207454789049389 -0.100772484626952 0.136442556250413 0.000792874655271512
0.000236604190958556 -0.115370927093913 -0.0783176827404924 -0.27414514300922
0.0140505004659492 -0.0845694802493031 -0.203921192633425 -0.551406387121286
0.0192953778175885 -0.0279679673818178 -0.353728898850571 -0.702127497541652
0.0018125402283042 0.0188997962020811 -0.466082013810336 -0.666016299128006
-0.0583754778981004 -0.0506506949533002 -0.531101378736993 -0.55192325407027
0.0237640964370575 -0.0763556809766165 -0.516341783004364 -0.441969906160629
0.0654510622098956 -0.0401544791041838 -0.242771837953958 -0.208542911102073
0.0334669685922664 -0.038046747929459 0.0899659429868113 0.160161565519916
-0.0119543781604859 -0.0792537331900831 0.462893954171182 0.333840997595115
-0.107191405541879 -0.0383309593714055 0.56367770009586 0.359069150734708
-0.101161553405059 0.0228580097581018 0.54373652243575 0.540677525210246
-0.0396537793710209 0.00559604629391317 0.583076423722149 0.668827418691979
-0.0512534159642254 -0.0592526677321633 0.507156397725623 0.543280863572557
-0.0545893998239072 -0.103468715692372 0.286930898155629 0.271648613059163
-0.0457623580386495 -0.10112574690725 0.119273112305454 -0.0486374297578063
-0.0270250014759037 -0.111322441610307 -0.103151978859962 -0.318424925473284
-0.0205431897120587 -0.0887381024665696 -0.247924449825395 -0.563671168280779
-0.0139990802677016 -0.0515648141708955 -0.410320515583936 -0.659905600512964
-0.00194911544324502 -0.0169267724733006 -0.529178139619373 -0.588078146352099
-0.0472753559297722 -0.05397149872717 -0.582603635779066 -0.473215870027632
0.00394612757910849 -0.0590787455608595 -0.536601175857203 -0.391399067810813
0.0215646747061945 -0.0473370198984136 -0.246225097371802 -0.180128835552411
-0.0107901870366126 -0.0466817791134511 0.101498209692598 0.17591743809464
-0.0386351558264115 -0.048857229299518 0.452789225277454 0.377829238884039
-0.0855401721374479 -0.0218648862309772 0.520426197745745 0.428019440029491
-0.0743489231159237 -0.0107935609451783 0.476021240116064 0.627908784689849
-0.0572112654169684 -0.033011236759509 0.524203196056298 0.735374131368489
-0.076389683202986 -0.0686613765362153 0.463622259555687 0.558257154298446
-0.0732068322388671 -0.0887877275046208 0.258201126980284 0.239017772382216
-0.0648517360399744 -0.0833800554145375 0.0942417564682114 -0.0944054920914222
-0.047445401442066 -0.0872678475376544 -0.137298905691854 -0.355802951536142
-0.0496165846145014 -0.0728750933617167 -0.302379255852239 -0.563411937470604
-0.0439132719355156 -0.0567355420195372 -0.473525190873249 -0.612278902763516
-0.00309213500212954 -0.0459526803330122 -0.588624253820871 -0.504207546045731
-0.0280849186685582 -0.0531453287445816 -0.623422901451668 -0.391505206283884
-0.00588127916531597 -0.0317511876316809 -0.548109513037626 -0.332922900450815
-0.0220900822387124 -0.0441263327333658 -0.237251105237752 -0.147630681340264
-0.0512614548980822 -0.0530138918382769 0.120804396031283 0.20096074860576
-0.0627009291352662 -0.0107961086228832 0.440845158291772 0.420252476492212
-0.0564886227213433 0.00618270600373929 0.46732417044691 0.499650565435904
-0.0351961876425807 -0.035950875235881 0.41291799338483 0.703215883212466
-0.0644074153618356 -0.0616282496410074 0.458584603828452 0.778996478536039
-0.0938666922681761 -0.0639290244944495 0.408264209679772 0.558576508041382
-0.0829836237374435 -0.0587757467383178 0.221462392754105 0.208519208993409
-0.0737856536872642 -0.0497279629234396 0.0650321859679076 -0.131013769350969
-0.0571310067762554 -0.050614297401885 -0.177556795149079 -0.381032966134917
-0.0684627443533537 -0.0434558357786815 -0.35952351383287 -0.556493424225709
-0.0640699067708867 -0.0526917296362517 -0.532537907770463 -0.562505634160311
0.00362034640294345 -0.0700233998958315 -0.632847370611272 -0.425870720824292
0.00101981369696773 -0.0477414071881136 -0.649891213819831 -0.31866703245983
-0.00749205000345767 0.00294887200300396 -0.546625423042812 -0.285732951378749
-0.0616742818376287 -0.0328211413360095 -0.215493571722242 -0.120127815290782
-0.0822989718263554 -0.048063738497378 0.146373474763826 0.226437343145159
-0.0714799371077987 0.0346212337259482 0.428146738181156 0.455452495291171
-0.0202738914909553 0.0368021113482805 0.426523808217505 0.563003570850648
0.00181926658462982 -0.0493910018702795 0.364795595400703 0.75336018343504
-0.0686406290702863 -0.0679078756278929 0.400002361494005 0.790176222650848
-0.102570044239495 -0.0399180222047001 0.351859752266071 0.548196460499313
-0.0822388807915774 -0.0149046367365775 0.184072686306627 0.185569550425333
-0.0724709990147225 -0.0030353685175438 0.0363513607270385 -0.148485065948089
-0.0546072468486225 -0.00628048916587216 -0.216006403450001 -0.390905733740856
-0.0739950893693997 -0.0104307171324542 -0.410952227423134 -0.540464991095353
-0.0695145827455393 -0.0456739958797154 -0.582670727573047 -0.520111278933329
0.0216377681617017 -0.0880154842382044 -0.662050593558127 -0.371451591386506
0.0365748266027961 -0.0368712939709394 -0.659304485402938 -0.266214880011548
-0.00367510503865873 0.0407343417691972 -0.537846022980825 -0.25161708327751
-0.0910348595532476 -0.0209379337758551 -0.188445302090473 -0.100673500930292
-0.0951484690060394 -0.0322630417328802 0.171589962884254 0.247168588103021
-0.058257556346651 0.079526700122577 0.423093301891733 0.476703087199483
0.0188281976917572 0.0600715471408569 0.407136039867028 0.606773053270155
0.0252716870946502 -0.0516916528253171 0.345765662297307 0.77338088540768
-0.0691159579664524 -0.0461840119537215 0.358967578862767 0.776324639857589
-0.0994921277708701 0.0030774990167811 0.300191183689666 0.538421136396857
-0.0705068988595231 0.0371239343649811 0.148923970042663 0.178610350451446
-0.0601614572411261 0.0468623415021825 0.012871615997361 -0.148965557175075
-0.0406979746329763 0.0366458801539492 -0.244978997230096 -0.3855122203745
-0.0661124029757121 0.0202240066306277 -0.449194976470731 -0.52412045407267
-0.0575947906640539 -0.038739960930957 -0.620892507913018 -0.499611427282246
0.0522922645263909 -0.0980577651077275 -0.678123790679412 -0.351816187040955
0.074368753931741 -0.0183539432179374 -0.653276437805959 -0.245532864216016
8.59792037637835E-06 0.0754683234399911 -0.521961042608327 -0.231939564755703
-0.107823255377266 -0.00993780766884493 -0.157590973986465 -0.0896947307574089
0.122749001422726 -0.0386399445636902 0.118777826893329 0.148931410484107
0.0158318438777809 -0.10270683940726 0.484688514773884 0.255515272876755
-0.102882071486075 0.00745815573455259 0.648539111778471 0.224738071999507
-0.0435938744766589 0.119857605515615 0.652103502915027 0.314343932851969
0.0704817752313024 0.0804350753207569 0.636458451918052 0.470703579052513
0.0424388926544197 -0.00813255708156772 0.529138002299375 0.487081426387849
0.0265614749373725 -0.0588180903268152 0.304989576597718 0.341163424352323
0.0334253246173002 -0.0483512047001098 0.138720924364658 0.0766139406338455
0.0540159451833994 -0.0633652165855426 -0.0785442967399075 -0.197722501436166
0.0709750312263593 -0.0144082669057847 -0.188315912223152 -0.521124858532176
0.0641025703783839 0.0565306937248281 -0.314525796843389 -0.750980159982273
0.00132866576499863 0.084066360536327 -0.376199630613255 -0.766775469888095
-0.0475250631412776 -0.0399478294159145 -0.437102910394665 -0.631492109089262
0.0829019238828434 -0.0643330092294252 -0.473749341047596 -0.488802973114776
0.124295303030501 0.00288125516148575 -0.204571539152943 -0.232299158483081
0.104025724000632 -0.0369089979705406 0.0997732863752124 0.148450099524755
0.0129846652180467 -0.111570990983948 0.475849869512206 0.267452225519747
-0.121049285182768 -0.0182379612659408 0.629583452445348 0.247157752314376
-0.0829836150376762 0.0995036431157423 0.637631808869879 0.36373165883214
0.0323496539679546 0.0680456658924545 0.645849880028033 0.511890784296027
0.0121538275429609 -0.0256932974281156 0.544790036907172 0.49141503081922
-0.00211085546886688 -0.0855390837032974 0.315088600950739 0.320516685194451
0.00677231205905362 -0.0818413753992494 0.142389066656812 0.0427965842732677
0.0275122207147821 -0.0992261492466855 -0.0720984046128041 -0.228648565000578
0.046081433670151 -0.0584292117118881 -0.18705794535875 -0.531640516957771
0.0469402463628806 0.0103619305378284 -0.326037320015072 -0.724277854515648
0.00282719944361289 0.0549438477235725 -0.416634031421954 -0.721643633496779
-0.0600538600852291 -0.0459391746726839 -0.482822908237412 -0.600653292470054
0.052227770556673 -0.0782513231259823 -0.495704407962113 -0.473954606078775
0.10077339051602 -0.0224415861528043 -0.229188343534393 -0.225249022401402
0.0739908173913336 -0.0357353066177555 0.0907906992969586 0.150389206532321
0.00469911886383618 -0.101510457701276 0.468689611595011 0.291462556054451
-0.120505279636676 -0.0354738083473511 0.602573088945734 0.289206620505568
-0.102406276937929 0.0650760574963143 0.602953042207644 0.438504258150613
-0.00834973536595227 0.0430789458662655 0.631457761653531 0.578817581906282
-0.0214451010007217 -0.042745475113139 0.539488610135923 0.510507215893946
-0.0317731000514828 -0.100944501816127 0.309419184831194 0.294426659764381
-0.0224645265107644 -0.0993813096876245 0.13545771083509 -0.000952720069609025
-0.00227615015594559 -0.114919190676851 -0.0821039178047448 -0.27133172409135
0.0132913784743884 -0.084292947041482 -0.211469115012591 -0.544998335982499
0.0190231747212315 -0.0279268253639311 -0.363699188449737 -0.691216102217153
0.00173890807935596 0.0181894462887789 -0.474242281577956 -0.65394412639806
-0.0592975776178375 -0.0496341956803159 -0.536907166193572 -0.540226136730058
0.0233542631886628 -0.0758159438276461 -0.521271465030876 -0.43197223825023
0.0637723807375648 -0.04039820964589 -0.245344559346542 -0.203766348604832
0.0324676976164066 -0.0393394234736252 0.0924011376394467 0.157148362026976
-0.0133007761703607 -0.0788330454270254 0.465264322354956 0.325436437643854
-0.107028486262477 -0.0363472932942865 0.566489000619246 0.349698938210769
-0.100282269166167 0.0249939531730371 0.54989647432255 0.526523088031892
-0.0401568602598225 0.00653620952349371 0.590564543446401 0.656208657985615
-0.0522966034226196 -0.057542184908229 0.51242310885183 0.530691191864998
-0.057594737639625 -0.101686361830593 0.291064008892433 0.265286402430442
-0.0473636825901225 -0.0999575355383976 0.116962076352172 -0.0501761596006045
-0.0302168744339196 -0.110434352755451 -0.108280593791841 -0.314744351548832
-0.0211218117641938 -0.0881975593035646 -0.255512556040016 -0.555391279651285
-0.0142909778614341 -0.0509148092804114 -0.419243885866755 -0.649915863752355
-0.00261390534306931 -0.0167921501140096 -0.536124198050894 -0.57367127485553
-0.049009083468021 -0.0526792426302753 -0.587332668143213 -0.461688091492254
0.00356469659881473 -0.0593125494345626 -0.541214301322172 -0.380837880688437
0.0200436350770059 -0.0474714546400709 -0.247267928338281 -0.174329570269304
-0.0118134753094396 -0.0470839607956413 0.103833553365771 0.173508184713247
-0.0386801980633694 -0.0474574192910785 0.455439110648735 0.365949932809994
-0.0851865503274638 -0.0206478770939082 0.522602188919292 0.415235547455091
-0.0741496270824794 -0.00945475699978177 0.483173456218621 0.616530941227545
-0.0577424137099694 -0.0322007732456046 0.531840831189027 0.721962055350582
-0.0772305274968238 -0.0669213819214065 0.468739446556154 0.54553081910422
-0.0743589263862145 -0.0873024203796334 0.26053996324238 0.233770647146201
-0.0654230257790913 -0.0817136895413088 0.0912224776262713 -0.0956250044325212
-0.0489533589307238 -0.0866214818772068 -0.142795052377092 -0.35171976433165
-0.0503305544000299 -0.0717999531374528 -0.310658840724134 -0.555416424965931
-0.0445549301064323 -0.0557835078399171 -0.481799755621624 -0.599896141446627
-0.00382139706544866 -0.0463813887472961 -0.594447850700415 -0.490431954517621
-0.0287840968112381 -0.0521669185793084 -0.627704850174175 -0.378998041182679
-0.00623348815085609 -0.0311756973288973 -0.550714582748239 -0.323503345374926
-0.0225911907992968 -0.0428369272379531 -0.237454707283227 -0.142414216493597
-0.0523556913176153 -0.0517558338811739 0.122811328764835 0.19572821324852
-0.063129177681792 -0.0100289025474732 0.444924656719184 0.409743798422249
-0.0560378106316242 0.00773533193712124 0.473723850446501 0.48942015222947
-0.0354154942309237 -0.034644098934816 0.422513142181916 0.691200795978139
-0.0649534953915019 -0.0601919224136876 0.468862277034759 0.764824676467338
-0.0943067213495749 -0.0631409409996307 0.414495686488342 0.549006474512706
-0.08415956361809 -0.0575438194667175 0.223914518054501 0.203350488713996
-0.0741375636723151 -0.0472015589194784 0.0617170355951958 -0.130947278120279
-0.0587444502738784 -0.0505716663329396 -0.18379872395708 -0.375398949658638
-0.0687456014547389 -0.0424664140606455 -0.367083663722269 -0.545473465058081
-0.0639032605535571 -0.0502694727711266 -0.538695150605198 -0.548804610473001
0.00198526495934749 -0.0693228514329647 -0.638124449595916 -0.411553362992877
-0.000858106579599491 -0.0470982090193161 -0.650742213534209 -0.304934817442664
-0.00703578152583183 0.00420141688255554 -0.549292829092424 -0.274526119278477
-0.0615116525990164 -0.0319992062270117 -0.216981583238611 -0.116229813015236
-0.0833159125579547 -0.0475392087677916 0.148516447530493 0.222742757193466
-0.0703518994234393 0.035877751915214 0.433134090839543 0.442965082124818
-0.0187103224163156 0.037164453592812 0.43301862003362 0.553049919836429
0.00165967834780725 -0.0496930183717052 0.374416832556265 0.744350505231696
-0.0688072302485567 -0.0663115046226903 0.410603157960156 0.778774128303063
-0.102074579531926 -0.0381318831079183 0.359413191410412 0.539795694844752
-0.0821615494173002 -0.0128618653424226 0.185758016615685 0.182066383194862
-0.0718655746199666 -0.00174783246136324 0.0322627018079847 -0.14915267309064
-0.0548800973552048 -0.00556843405507978 -0.220282545747235 -0.383970992504572
-0.0731669070859657 -0.00910253377990423 -0.418128213741621 -0.530426327287573
-0.0688623077111178 -0.0432083335926409 -0.588718513136817 -0.507424979764905
0.0192976788006045 -0.0880056267504781 -0.665931539736328 -0.357398102071595
0.0352135049044648 -0.0368441228256634 -0.65861821245213 -0.254560299520442
-0.00323290463758588 0.040733263927573 -0.539447470917459 -0.241513272979515
-0.0916077717078226 -0.0194977330513645 -0.188730719641768 -0.0966481405798909
-0.0955731117895629 -0.0315650217333993 0.174808132631911 0.241155446722409
-0.055390458749058 0.0792173415721255 0.42872911195991 0.466454449882527
0.0190834288077505 0.0598771264790598 0.41501000814006 0.597366528741191
0.0242658163593149 -0.0512184545762293 0.35586488232535 0.761645508325895
-0.0699050178502553 -0.044730615815056 0.368789229525807 0.764373296143576
-0.0990171469792514 0.00444298350762834 0.306540033330729 0.528284951558262
-0.0698981552495127 0.0384071157565617 0.150951568899536 0.175930513026586
-0.058752073596481 0.0476887856481016 0.0100875141901558 -0.147956961960418
-0.0396425598378984 0.0374778591850263 -0.249742652804607 -0.380051106525932
-0.065070910519014 0.0205475323272995 -0.455621010494462 -0.51280509167316
-0.057824138343948 -0.0376027151930602 -0.624965822254542 -0.48617892108659
0.0503647438941785 -0.0985449494336243 -0.681771626524958 -0.338400872513602
0.0728356897844135 -0.0185529710737409 -0.652546753083013 -0.233953264133241
0.00187425308445446 0.0745481649145032 -0.524081149569919 -0.221535707375405
-0.106533221703493 -0.008214726409816 -0.158523053788446 -0.086281777136924
0.11995733336371 -0.0392096794704699 0.119685583315415 0.145717863782706
0.0141502071437965 -0.102127783000322 0.484873517608193 0.245378382447767
-0.102275697066174 0.00882466677671368 0.645893602496959 0.212396397925965
-0.0415263501050211 0.119863978772407 0.651088423474468 0.302606729907655
0.0705566273409938 0.0778540625078347 0.637926588510466 0.455899626287929
0.0409831447106403 -0.00854175102798005 0.534732512955202 0.474482526497864
0.0247893056248805 -0.0584637159810016 0.308646338629561 0.333175578359231
0.0326678249950857 -0.0486254857329015 0.137556838436849 0.0735298545451186
0.0515060759072619 -0.0641413277810346 -0.0813259862094645 -0.194293476101334
0.0701633263372514 -0.0160110049290783 -0.194850108653548 -0.515415843432618
0.0648660442256428 0.0548889435046237 -0.324353131733435 -0.739130043928696
0.0038503966007651 0.0827288016849815 -0.387319434006131 -0.753568218948758
-0.0471866357219994 -0.038226464712857 -0.443330681026213 -0.621952464049824
0.0825464050536765 -0.0654018398155366 -0.478604755831498 -0.478433743113782
0.123288842492892 0.00112848506768388 -0.207618798766019 -0.22673293504407
0.102797680849195 -0.038534771427388 0.100721676740202 0.145112515875949
0.0109449051594114 -0.110344439787196 0.47598538782928 0.256623131383597
-0.119547476384572 -0.0158794346238004 0.627762405646931 0.23484971429303
-0.0791541751776202 0.100049288032165 0.636797141099241 0.351138379073617
0.0330417916097778 0.0669856666756419 0.647058316938935 0.497009804434294
0.0114928119046624 -0.0257067804834454 0.546366160757867 0.478911314858148
-0.0048054396442944 -0.0848227566272877 0.318348310266445 0.311780509446186
0.00446870509205277 -0.0810887452046543 0.142103940855084 0.0402807530634852
0.0247797288143965 -0.0985904996588165 -0.0743859272901178 -0.226319277030845
0.0446469700009952 -0.0583144190282267 -0.194389428773626 -0.523825751249272
0.0471752252939593 0.00911726626102097 -0.334618826364958 -0.712519056496232
0.00273961704566705 0.054014357723575 -0.425134563509315 -0.707860109369468
-0.0598219684682784 -0.0447285098845415 -0.488268150082776 -0.589909993139682
0.051787299855903 -0.0783605977446777 -0.500427444209759 -0.462965215214185
0.0991282947279113 -0.0231948628983442 -0.230234446538126 -0.218726599510466
0.0715082106737219 -0.0372041109577883 0.0914372731419686 0.147137835350672
0.0030485956176491 -0.100692909919706 0.470114829340244 0.282104247301036
-0.120267587900757 -0.0326458325743345 0.601920976199277 0.276749663988005
-0.10105053788146 0.0660941894861134 0.605575156141516 0.425513615233573
-0.00809745240537116 0.0434166823889804 0.634627658078177 0.563927747338317
-0.0223185787117947 -0.0409793098211053 0.543416272892508 0.495708630435374
-0.0341946809602987 -0.0988896232372501 0.311851198350683 0.286840406987017
-0.0237901430338479 -0.0986300346646915 0.133232007313391 -0.00439155825671262
-0.00417596122651228 -0.114764273022896 -0.0861284763912924 -0.267659297796445
0.0109179462118898 -0.0834888120883036 -0.219151546727748 -0.53648149946566
0.0179976920297971 -0.0281647453627411 -0.372422797407093 -0.67889785826495
0.00134037616851968 0.0183201659276727 -0.48104381471952 -0.640444612894375
-0.0594374596378924 -0.0475822811345234 -0.542546238229288 -0.528923893271207
0.0228563511337488 -0.0758998726754189 -0.524742821152616 -0.421641065591202
0.0633366369203832 -0.0410848752610609 -0.245943530474075 -0.197948698477844
0.0309245465008616 -0.0400703231761943 0.09381282776001 0.154101551091375
-0.01449217484187 -0.0772966672124485 0.466268865577101 0.313758063516174
-0.106949208455189 -0.0337168420363463 0.567576158220024 0.336571873018264
-0.0982504161448306 0.026343729270525 0.552818042416872 0.5150093798434
-0.0397099264842504 0.00676897454065691 0.596006697143355 0.639752807319861
-0.0537186095199257 -0.0565135381799872 0.518014271736011 0.518783625198452
-0.0586671168910964 -0.0988233244647927 0.29276817627919 0.257898436489084
-0.0482917172586388 -0.0980452255782843 0.114996444650307 -0.0520806783048478
-0.0319052503879333 -0.109185543311059 -0.111196458864479 -0.310259298568106
-0.0226877909416723 -0.0868482519934088 -0.261825557335829 -0.546165697577944
-0.0150109194453147 -0.0502015919675807 -0.426437095335339 -0.638624988467154
-0.00198396758465198 -0.0168513361545464 -0.54155964265085 -0.562380336615929
-0.0490193553424627 -0.0505607980591195 -0.588786338169451 -0.448782557716203
0.00350869194263331 -0.0586844935731979 -0.542665579955862 -0.368507135819319
0.0201603637681063 -0.0467261348753544 -0.247973284746569 -0.169027578713048
-0.013728257597806 -0.0471064557326201 0.105873018105039 0.169034838845482
-0.0400265663815102 -0.0468316878578301 0.458627241283712 0.356480687240767
-0.0849188250253703 -0.0181140134704 0.52499937545102 0.403709123273177
-0.073479811928002 -0.00838158601289384 0.488683676582743 0.601820090326372
-0.058062665589255 -0.0316162344134927 0.53675295668058 0.708546162133805
-0.0779276600861336 -0.0651943631905886 0.475666973638562 0.534335811783463
-0.0759494003016417 -0.084925654234655 0.261637235231901 0.228214264835825
-0.0664860087737344 -0.0793197582961158 0.0887401153110594 -0.0960354253370486
-0.050280409357621 -0.0857501606323352 -0.147836703730007 -0.345080528537701
-0.0500305900571466 -0.0711356445372876 -0.317089842526878 -0.546172981791633
-0.0442472882842874 -0.0545272996346626 -0.487655345268842 -0.588927200187206
-0.00454096695115499 -0.0459262520342077 -0.596921453317199 -0.475306202383423
-0.0299166185811934 -0.0505792321838858 -0.629101874878227 -0.36539419372336
-0.00601097874307256 -0.031350894113866 -0.552736044541664 -0.311494992939063
-0.0227255390319662 -0.0416331750324142 -0.23748577434523 -0.137962747293996
-0.053466843358679 -0.0521528709520934 0.125029312566688 0.192263284845665
-0.0617349354509795 -0.0093697830657042 0.445808731398355 0.397588760347835
-0.0551283465914903 0.00934571170288345 0.475421939892627 0.476760811908735
-0.0355028847462928 -0.0343232858258241 0.425794059592326 0.680386549350897
-0.065563634801832 -0.0591920888245637 0.475278818528205 0.75070932175976
-0.0944004959848 -0.060782728883049 0.421532755263321 0.535414883522557
-0.0846467819623279 -0.0550866635373723 0.226396967593188 0.199001750934325
-0.0749510771129889 -0.0454674435127467 0.0578316624863756 -0.129897558127502
-0.0592227022543277 -0.0488138526814638 -0.187175765764665 -0.369308782493132
-0.0686051508671641 -0.0416945886045643 -0.372971214782137 -0.534212600379033
-0.0641550864429551 -0.0497686094672177 -0.543098308666086 -0.533846261808459
0.00151507782736161 -0.069619541824334 -0.638196440660657 -0.398738967019319
-0.00165964167700471 -0.0466280513382143 -0.649517787872395 -0.293090347757843
-0.00634131268010817 0.00304393300703423 -0.55028430704567 -0.2653780463275
-0.0612768430031169 -0.0308438298183117 -0.216723385788654 -0.11155697008465
-0.0830427307326304 -0.0471509998679702 0.150329155339267 0.216529809287971
-0.0693548524264487 0.0352779826218327 0.434130621985847 0.434206376701701
-0.0183539993553082 0.0378212222133069 0.437629259924074 0.542244199992629
0.000996653438752465 -0.0492860980400644 0.381353144950409 0.730795038774208
-0.0700792708569546 -0.0646688926869737 0.419742921388174 0.766597464170172
-0.102130695218784 -0.0365887878335795 0.364060332978042 0.528722049495247
-0.0822352801418251 -0.0117153350416908 0.18735132384525 0.178030710369818
-0.0717593015186526 -0.000251557730910354 0.029213470309417 -0.148459945387264
-0.0548344546662428 -0.00597710120042849 -0.226504619920859 -0.377293875436716
-0.0728286464541492 -0.00829193922167256 -0.421963221001011 -0.517285320556756
-0.068203686118286 -0.0421741411257234 -0.591090585530182 -0.492119773341922
0.018377744822734 -0.0871889968494336 -0.665717268004042 -0.343843602405116
0.0336623493722432 -0.0362898750989271 -0.658544554895106 -0.243085125142447
-0.00242155981652201 0.0400741273822292 -0.538428508400252 -0.230005145302039
-0.0904246475558134 -0.0170457910861198 -0.188528463925524 -0.0932534350286341
-0.0953988085248283 -0.0306463128390589 0.17750948471674 0.235897517633439
-0.0544594534809294 0.0792956130122192 0.431114521684132 0.456106702347525
0.0199593355745256 0.0588982631525953 0.420827654922141 0.585864271287728
0.0235373435920002 -0.0508762325532597 0.362672580792496 0.749369889546256
-0.0699029426828705 -0.0434119354777415 0.375822254665587 0.753100514907598
-0.0978744539061848 0.00726883853706132 0.311775447811694 0.519031387480381
-0.0685370847183934 0.039485270506924 0.152270796113923 0.172268694584566
-0.0571613564297732 0.0485718580030934 0.00745939693202501 -0.146410519485013
-0.0395295918176379 0.0370005871459438 -0.253153589933625 -0.371803516956743
-0.063616623390572 0.0215364120269058 -0.462016195155741 -0.502086869927588
-0.0567015865858055 -0.036747809833912 -0.628082649503152 -0.47113003519247
0.0484559027821007 -0.0978270594658336 -0.680056700266662 -0.32305536847454
0.0710169623725375 -0.0187387307138338 -0.650092621614448 -0.222203950775605
0.00300755761397289 0.07287961781308 -0.522992772334326 -0.21174023600071
-0.105392072223644 -0.00710505078839535 -0.157996907140555 -0.0831927895710954
0.117681227336259 -0.0417967121066632 0.120058983643381 0.141979424998421
0.0121308917220354 -0.10164715518017 0.483003708059026 0.236408803428599
-0.0999913119551966 0.0106935308652027 0.63974779248772 0.201864146881247
-0.0390037547073479 0.117686463765587 0.646722181467405 0.290010973211778
0.0710774767460109 0.076184240693995 0.639177277992702 0.441276373276587
0.0404917373420363 -0.0079750222277172 0.535795274216136 0.462071277784602
0.0238209744919795 -0.0580834376760736 0.309488886227115 0.32542642230353
0.0313180469774061 -0.0484262189375676 0.136908286967806 0.0703588630458753
0.0499457685761651 -0.0640063484569289 -0.0830385477151286 -0.19175917082085
0.0693003351425565 -0.0165186413374005 -0.200434742807793 -0.50633983937376
0.0648940921213375 0.0530261665582476 -0.330956870665026 -0.725284742779567
0.00431459098001792 0.0818047317980336 -0.393665570539345 -0.740378570171918
-0.047039219235784 -0.036559726245766 -0.446293422312734 -0.609260882075735
0.0814355486837577 -0.0655567141098962 -0.480967061409092 -0.465980239039643
0.121254842344695 -0.000567265735729742 -0.207983183912291 -0.220283672930701
0.0994626660679667 -0.0400843037374127 0.101362489168243 0.141998419607211
0.00900865742458377 -0.109591154962944 0.475131780962977 0.248495294518901
-0.11860216299088 -0.0140051524109216 0.624377193232986 0.222322692203866
-0.076809130240975 0.0997360354127973 0.634401999845035 0.338163771393114
0.0331103789170859 0.0654623820511662 0.648378513910574 0.482425920601629
0.010713296255489 -0.024628281415015 0.549034379496423 0.465264598705506
-0.0060618349708475 -0.0829878118981343 0.319174868490031 0.305673569571634
0.00334917671124526 -0.0801871744688282 0.140366097473665 0.0375738221601349
0.0226940779747497 -0.0977529534065297 -0.077132764744554 -0.222656366574099
0.0428504404175943 -0.0580398553450909 -0.199979027088794 -0.515165745564981
0.0470850656446228 0.00896251448806657 -0.339750332985188 -0.698686690634587
0.00481307093659772 0.0532697241884414 -0.42954192524993 -0.694899024975811
-0.05974131642173 -0.0435597897604563 -0.490715829054901 -0.576867069572491
0.0505378993483003 -0.0791467313727162 -0.50178247653135 -0.450106686362683
0.097897240102282 -0.0245779614602929 -0.230902130019415 -0.213808911459887
0.0691451000204106 -0.0383152276541458 0.0929463811407036 0.143028062041407
0.00165025455362596 -0.0993712381830408 0.469196519360602 0.271530282144694
-0.118869048938505 -0.0298723488252629 0.600355715731635 0.266727425626644
-0.0989140977461048 0.0658513101336038 0.604993848863208 0.412780861422615
-0.00704329602021615 0.0425667516925598 0.636885059297368 0.548021705178337
-0.0226227133906744 -0.0405025255149012 0.545373314827515 0.483257837886335
-0.0354409449347288 -0.0969425872593285 0.31350856071509 0.27981176423719
-0.0247848215688538 -0.0967285167763608 0.131594443863522 -0.00620337260268279
-0.00689457260276222 -0.113294932504231 -0.0888934181166925 -0.263410120821232
0.0108755967813901 -0.0831053128343181 -0.222885579689608 -0.527502570616289
0.0184813753497653 -0.0288014405175175 -0.378593907152134 -0.665669349918602
0.00243235551825066 0.0163483771088814 -0.486807638880532 -0.627034181796294
-0.0599611297651534 -0.0464673284125313 -0.544112112326493 -0.51535108775338
0.0228423629759322 -0.0752380024790105 -0.525455146131088 -0.409527473673823
0.0610507220153439 -0.0410629137776804 -0.24619662712984 -0.192261445335853
0.0287798988346352 -0.0409644062071692 0.0954100274653452 0.15039512921514
-0.0156628781508495 -0.076944276160589 0.466212565627132 0.304817842595792
-0.10559649173944 -0.0318397431616063 0.565029555312363 0.32593178007493
-0.0965902464014885 0.0272488709990878 0.5527634579319 0.502347117513343
-0.0402508977021079 0.00734949388955976 0.598324840170232 0.62538780543549
-0.0540895909227974 -0.0550843660884216 0.520212101204158 0.504135165616044
-0.0595119798297936 -0.0978259234128369 0.293073559294979 0.252112099046267
-0.0494574780501772 -0.0958943281060959 0.111528424528226 -0.0528804684167631
-0.0332452349089566 -0.10858198201966 -0.114719549442774 -0.304114347332195
-0.0234798915065941 -0.0865779033752684 -0.266301274827362 -0.535446080430545
-0.0152362267020966 -0.0487249454948753 -0.432543094730009 -0.62534386235251
-0.00171527421864922 -0.0173377417572658 -0.545483817833609 -0.54735579721214
-0.0493064829250477 -0.0496448095663114 -0.591436480152585 -0.436640036390573
0.00382416431380272 -0.0581109364913331 -0.542914367645592 -0.356906362943324
0.018816012885028 -0.0469922573215677 -0.248028967516543 -0.163522512862914
-0.0143556901014066 -0.0470830917451295 0.106758099119749 0.164758125261711
-0.040144516744619 -0.0463753682334162 0.456814995185656 0.346250315477731
-0.084850723160826 -0.0163161589190267 0.524724741409563 0.391944056598185
-0.0721230040952175 -0.00742446134668213 0.492290068090383 0.588840496768165
-0.0583332346892679 -0.0302131480665562 0.542578518329534 0.693317569562453
-0.078484296356118 -0.0628572355999231 0.477860348521368 0.52061182461419
-0.0771441886160647 -0.0825699128019058 0.263546385988323 0.222610223887179
-0.0668608022196316 -0.0779893634547003 0.0854132137874806 -0.0964492119383552
-0.0516574932416181 -0.0844188446783821 -0.150917143882576 -0.339241477969607
-0.0513978713050883 -0.0687560544270762 -0.321218073274521 -0.534963086438079
-0.0441595036229617 -0.0534290845282988 -0.491184639139448 -0.574785327160468
-0.00423191461310735 -0.0452242664994918 -0.597876434594522 -0.46067504791212
-0.0303352841065759 -0.0491867052411801 -0.629056395566895 -0.354651392768771
-0.00520149314179393 -0.0308088475284332 -0.551709298286351 -0.301245653311089
-0.0234369907460923 -0.0423108613843604 -0.236878774673693 -0.133143983686551
-0.0541537565122014 -0.0513082884386476 0.12747896290534 0.187617143106586
-0.0623129316168499 -0.00854313911414564 0.447849890168216 0.388242508345163
-0.0549052816777071 0.00905130641261485 0.47890082750332 0.464181139763161
-0.0344174918887073 -0.0332446688093367 0.432408767644098 0.666963799045108
-0.0666771852945275 -0.0578237031770427 0.481892292208177 0.737604634812442
-0.0942039864514252 -0.0587543322777401 0.42287579462141 0.524571657002941
-0.0849600779953413 -0.0538845517299307 0.226431189923989 0.193582587414821
-0.0737859146421634 -0.0431310625812998 0.0550527335524226 -0.129984523647941
-0.0595524791573922 -0.0486356611489802 -0.191545520817657 -0.362405033497733
-0.0677044341935964 -0.0398774233173508 -0.376359317308545 -0.52338724603168
-0.062603946441887 -0.0486004378227851 -0.545995873525212 -0.522214016327173
0.00126007346203207 -0.0688993479860298 -0.637932757782253 -0.38467388985136
-0.00212902162749847 -0.045515674927399 -0.649576849220819 -0.281605482803174
-0.00552436210374185 0.0036842712176325 -0.548294229939622 -0.254324612098139
-0.0610113200703171 -0.0303601129932443 -0.215802012640998 -0.106899890701901
-0.082889597385004 -0.0459729077898014 0.151326822640561 0.211376185940557
-0.0682003462318099 0.0364316279594512 0.436366809213415 0.421897859186244
-0.0179856259242687 0.037834885200448 0.439806532093488 0.530307857180838
-0.000155627165652258 -0.0489190486982293 0.387762951466109 0.719195869126959
-0.0698482872967242 -0.0627091182818666 0.425090841990351 0.751899166331896
-0.101083063630928 -0.0342902312247906 0.36766455316129 0.51628460028232
-0.0813639616878796 -0.0102362990376975 0.188042329015011 0.173559204111436
-0.0710173568405938 0.000916379070040472 0.0268929879592516 -0.146810923526624
-0.0546246586132592 -0.00482061633516871 -0.228565310098626 -0.370110943225575
-0.0721609283434806 -0.00732700704420289 -0.425048859595144 -0.506581020979156
-0.0679800364158126 -0.0413602517766861 -0.593692161390651 -0.476729422178015
0.0171255178403192 -0.0872131950404761 -0.66474676922715 -0.328673581778494
0.0326296696144564 -0.0362551453637191 -0.655478571828359 -0.232442037946069
-0.000890734901442924 0.0391880389225841 -0.536888495024383 -0.220320613895521
-0.0892197294743761 -0.016374380913708 -0.187304280606559 -0.088874864624662
-0.0950800289228122 -0.0298762159768874 0.178330215630396 0.22963361282723
-0.0530693409066576 0.078552340539019 0.432100544130728 0.444783102014154
0.0196307905753839 0.0585378958335697 0.423212370669923 0.573656858669797
0.0230833536834417 -0.0504109612180487 0.371259601152996 0.736785241540707
-0.0704768055360377 -0.041773145190069 0.382865417846234 0.738859338627944
-0.097362467218197 0.00705588989872179 0.315913663529257 0.50835052953111
-0.0676980555723648 0.039749200414353 0.153171595894883 0.16842212791457
-0.056262197985703 0.0488191593568448 0.00411272870533323 -0.144920796555175
-0.0391209560192475 0.0366639923171597 -0.256638355504106 -0.362635437477315
-0.0623391532502534 0.0219869885445338 -0.463000056702591 -0.488461648063845
-0.0558586861568249 -0.0353578927794237 -0.628812875974845 -0.456418354845336
0.0477305508074144 -0.0989670971733247 -0.680503551083654 -0.311242480666826
0.0701044384055124 -0.0190056929056976 -0.648195830974588 -0.210580626817858
0.00471806433484102 0.0725513612741857 -0.52218885276377 -0.20341683370406
-0.104042049024256 -0.00517902161981964 -0.157800138408543 -0.0800754719773223
0.114314169981376 -0.042598890533486 0.120480236909854 0.138177033335667
0.0116085282559537 -0.101010434593167 0.47813631620599 0.228334463192709
-0.0983658042776117 0.0119777814945596 0.635515425613085 0.190396483898509
-0.0368722250077697 0.116419132590013 0.642442385909523 0.279781735715337
0.0705515176688151 0.0746516581626138 0.636715571662378 0.427196076945612
0.0395058619288765 -0.00839088968624629 0.534731936016868 0.448901846153919
0.0214706946923104 -0.0573436465755028 0.310440405895564 0.317862759221037
0.0302509628812277 -0.0478072237723573 0.135511926791159 0.0679536698195135
0.0478466386755441 -0.0642839555569564 -0.0838318329004396 -0.187459040459155
0.0685005963324571 -0.016509816233918 -0.202081386948896 -0.497825753525986
0.0651733621731682 0.0517001739684585 -0.335703085466452 -0.711872680772652
0.00534634750950978 0.0796507058790108 -0.3962762289755 -0.726351701458799
-0.0467158317703865 -0.0357462557234007 -0.448579140652142 -0.596921367328751
0.0811561323824691 -0.0659793010863766 -0.48121036058735 -0.457088941435384
0.119422441027636 -0.00164793836678354 -0.208269516389859 -0.215438894981495
0.096598928192918 -0.0408316484170214 0.102168870093888 0.138415681252134
0.00797640804696392 -0.108489419018391 0.47081273616785 0.238844794586695
-0.116918737365393 -0.0128525463948407 0.618589869077575 0.214114403236431
-0.0748738150560581 0.0991284655863934 0.630589718854466 0.327671464061883
0.033123956046611 0.0640128839851563 0.646148583555146 0.469513751079541
0.00997582068821393 -0.0249188050030768 0.548748604958195 0.453743794996098
-0.00709551994181178 -0.0821754334582588 0.31908022545889 0.297769992959063
0.00296841831132198 -0.0790317995358679 0.138132503199055 0.0344779034988963
0.0202028542372866 -0.0972162127572313 -0.0788089424216634 -0.219450959457332
0.042193731926884 -0.0587128126509341 -0.202425523813102 -0.505595955636232
0.0470806001038437 0.00788407547768978 -0.34631215452328 -0.687048030355653
0.00477527317906035 0.0514498732513962 -0.433757777790014 -0.679704162193153
-0.0592179967696351 -0.0409911396523105 -0.492344310358339 -0.564664619780282
0.0504587087953408 -0.0783641203562418 -0.50157845549864 -0.439818205910959
0.0960799841383364 -0.0250079707662877 -0.230927385713833 -0.208046567022699
0.0675916180155077 -0.038582910621069 0.092832366997014 0.139495666104455
0.000749632224344099 -0.0981217284707906 0.46695148881212 0.262668412314704
-0.117595037088294 -0.028463867761005 0.592520645923739 0.256084175271269
-0.0961560129938114 0.0663420861756906 0.601208790519382 0.401873693838579
-0.00687963637511713 0.0413442874732772 0.634253645531342 0.534790537480479
-0.0225906713069735 -0.0392370926226552 0.545325115916475 0.469205820904285
-0.0367255405419143 -0.095229323273614 0.313239502680668 0.274046386449923
-0.0258127253343386 -0.0953840619988197 0.129045934427405 -0.00815025440974581
-0.00849274229512636 -0.112004279094316 -0.0905975609741239 -0.258665816042782
0.00889030858103706 -0.0825183057093386 -0.22679656092892 -0.518031226762991
0.0177201937172345 -0.0287329948553474 -0.381863722161203 -0.652531124799006
0.00345305783022248 0.0162563789732143 -0.488242962452414 -0.615029663843398
-0.0597599230056893 -0.0447681989200543 -0.542633601346068 -0.503838912816222
0.0222259968398162 -0.0744490930396253 -0.523201753160669 -0.400214058422774
0.0597242293176236 -0.0411288602291277 -0.245191940756054 -0.186819405757079
0.0273906927051952 -0.0411006163738832 0.0960367751696243 0.147149093211979
-0.0166738741208302 -0.0760089482335242 0.463424049910675 0.296179690375444
-0.104752627455292 -0.0297403869137993 0.562138516442929 0.314172841959331
-0.0948154373895798 0.0286462344502755 0.55196127090381 0.489084109754109
-0.0394098430345817 0.00761006541169754 0.598604563142426 0.611752832586445
-0.0539784893345164 -0.0534427086522553 0.518155979613926 0.492232090036997
-0.0609566258764689 -0.0955073361941015 0.292484209507672 0.245988420817651
-0.0499734220706968 -0.0940918945079521 0.109480117007159 -0.0542801865801708
-0.0348592658985142 -0.106725089825497 -0.117021313589978 -0.299917316050365
-0.0241197413322174 -0.084637844131962 -0.271272877524427 -0.526549570867337
-0.0156612407102235 -0.0482426049566709 -0.431168351082789 -0.609987164304773
-0.00178339311029679 -0.0180824160590188 -0.546305199048962 -0.533339967652232
-0.0503083934643229 -0.0479169318482119 -0.588392853845783 -0.423225841711006
0.00368380362108808 -0.057481923415069 -0.540362772550175 -0.347983183734846
0.0178949061982702 -0.0468900933840504 -0.246777204791006 -0.158380166514165
-0.015046301632141 -0.0469227874680203 0.107764399840127 0.160921795638732
-0.0406392876414956 -0.0448210045145865 0.456621495220943 0.33634597756484
-0.0835525839424416 -0.0149024733681055 0.523001591192931 0.382417962907497
-0.0711196033595503 -0.00640019876171617 0.492530592381935 0.577655846229075
-0.0584967078134179 -0.0299584446739307 0.54326975488422 0.678088628357525
-0.0780471511851881 -0.0614394446598985 0.476982413157586 0.50952283410625
-0.07772712402162 -0.0813155837140804 0.262363905176567 0.217481544146186
-0.0666745507035425 -0.0756449737907994 0.0825148891395563 -0.0967615260785748
-0.0520663219706769 -0.0829314710367352 -0.153535701628546 -0.33339929507397
-0.0508688067890815 -0.0680786050284504 -0.323713188890339 -0.52393447125359
-0.0443243583485821 -0.0526210053463871 -0.49298783008955 -0.56012516088028
-0.00550369210715057 -0.0453807166877603 -0.596464609118525 -0.449103044498497
-0.0302240515312965 -0.047615354859304 -0.625527555799481 -0.343366404843452
-0.00508632274507488 -0.0302716557771727 -0.547244257417081 -0.293177953921611
-0.0242327538026132 -0.0408908875317137 -0.235908741578408 -0.128130513269249
-0.0541244546966489 -0.0513396148135088 0.127578562202335 0.18304709338129
-0.0614342475304539 -0.00824327495499414 0.445936903020905 0.378214705359624
-0.0542526928667749 0.0103527462786136 0.477558339013013 0.453345199359207
-0.03435559645537 -0.0322948755909627 0.433472535316159 0.653524587272707
-0.0666405382144257 -0.0562777339935759 0.483993016841552 0.724368863161998
-0.094087898366666 -0.0572392441473053 0.423489258602617 0.512015369899639
-0.0844654847158826 -0.0513464478964195 0.225927418140225 0.189871427664934
-0.0742108036534205 -0.0419300999794327 0.0525238010227006 -0.129378147126486
-0.059089233879728 -0.046596394535232 -0.193408888237799 -0.355704274606197
-0.0674751225535715 -0.038536377914652 -0.378351529599896 -0.512338019983078
-0.0618124567712082 -0.0472736923069572 -0.547751215024903 -0.508913669333714
-0.000227111006830941 -0.0679845776770237 -0.635121370974456 -0.372442846063273
-0.00317488956316973 -0.0439512766074748 -0.643708777579807 -0.270527204929275
-0.00537856351300931 0.00291463018432474 -0.543838448557512 -0.245761873580065
-0.0606441324337765 -0.0286914752095976 -0.213915360444907 -0.103405275638959
-0.0833391056252731 -0.0450617173839494 0.15242092104641 0.207402582069698
-0.0669798331815133 0.0362674541955109 0.435688538017008 0.413316817865796
-0.0173931768275372 0.0379694280249677 0.441505998315314 0.518362624484501
3.89278383555389E-06 -0.0480837365973614 0.390636653520403 0.705916949816182
-0.0693244334453655 -0.0617718526754653 0.427800760864933 0.736868807171084
-0.100654687947421 -0.0327369015639014 0.37017477213764 0.507079242544512
-0.0810159628521207 -0.00879770777695318 0.187863129432138 0.169774677845906
-0.0700653595423377 0.00136111255870049 0.0238785952320304 -0.14485464947944
-0.0546021673012001 -0.00482264690527927 -0.231208304760098 -0.361280544939679
-0.0708597209595909 -0.00628507849735913 -0.427747986521129 -0.493308176420638
-0.0663733686742046 -0.0395175167592745 -0.59300705467286 -0.465805082486059
0.0159437593318006 -0.0857966955794714 -0.661103881098575 -0.317738666596063
0.0316688415717495 -0.0351101470584872 -0.650455900971795 -0.222859467592372
0.000211623335273227 0.0394014118463198 -0.532885468468021 -0.213411480851286
-0.0882457205869521 -0.0152184572574051 -0.185941413188224 -0.0855104974912015
-0.0948937900061237 -0.0290198474026281 0.178924415379454 0.224430813563067
-0.0519883384445137 0.0779279943677306 0.433354332882184 0.434615576795775
0.0204136191077375 0.0583720051579488 0.426066648826005 0.564283288347902
0.0225759801748424 -0.0507942363933619 0.37449712290391 0.723378738973498
-0.0695029910989528 -0.0401083036322662 0.386586233970875 0.724706959780113
-0.0951636826646021 0.00823395726532284 0.319308692719689 0.498593201229861
-0.06631460769877 0.0398837195919768 0.152954269015143 0.165359853962043
-0.0548016035692616 0.0490049997083913 0.00207586369953143 -0.143286354846232
-0.0378782848506565 0.0363692721669262 -0.257381582622683 -0.355374242737445
-0.0607206075246526 0.0223043470989296 -0.463080541957229 -0.477084384970628
-0.054996165007096 -0.0341620798634019 -0.627272313644251 -0.44255455303878
0.0457918833448182 -0.0973464030073121 -0.674440777938679 -0.299428841672583
0.0692014219460055 -0.018712707645746 -0.644351290715487 -0.200880115163893
0.0062829518801662 0.0712048668502694 -0.517564702622181 -0.194630233568261
-0.102072215675854 -0.00477264893513505 -0.156314212206769 -0.077425382882481
0.110143051940854 -0.0432023415763333 0.120078936422774 0.134916187632785
0.011039403557469 -0.0990978621626337 0.473550755550622 0.219275572220987
-0.0966382813394078 0.0126796336884513 0.629063643056603 0.182598426024374
-0.0363087736485963 0.115302039336845 0.637672991139946 0.27083906600575
0.0697535610849294 0.0725876084831829 0.632306329110975 0.415436868963768
0.0389876744234536 -0.00914400414217303 0.532487342620165 0.437262427792716
0.0206230294887999 -0.0566824186535498 0.309476104723781 0.311385436304271
0.0298961087193875 -0.0473974505570188 0.133320811992257 0.0657739217490548
0.045785613603569 -0.0638437168458868 -0.0854133128003627 -0.184555458125198
0.0676000899556549 -0.0178454606560609 -0.207100626555405 -0.48969109874876
0.0648908809525246 0.0500963822489966 -0.339175651178873 -0.697569501420591
0.00582085059588833 0.0789353397097492 -0.397610062235311 -0.713623447664378
-0.0460692281785081 -0.0350190232938455 -0.449141827939421 -0.585978694723473
0.0796229085515226 -0.0658928309303953 -0.47873486502729 -0.445651790990121
0.117424335061875 -0.0023516225084436 -0.20742750855495 -0.210421279772648
0.0941540597517189 -0.0408701382977272 0.101293536049266 0.134796754298642
0.00706210687863905 -0.106347034310874 0.465606605000592 0.230533240301004
-0.115563470284405 -0.0107702531090117 0.611347901406386 0.205388695717067
-0.0718920042986197 0.0984929527598367 0.624074107496131 0.317116164323707
0.0327022619830483 0.062851763897311 0.640748870201114 0.457083495236723
0.00907212284476073 -0.0239844958819321 0.545468704278493 0.441847948309446
-0.00897852676330432 -0.0809146750322215 0.3186008284208 0.290434199902228
0.00173929411678609 -0.078300320934347 0.136073114496685 0.0327223409474343
0.0192010969545012 -0.0964583922384169 -0.0798300137893861 -0.215202925092898
0.0411767998989919 -0.0574406999504815 -0.205379631144398 -0.497712270293459
0.0468592845010993 0.00701105389162636 -0.347528219750211 -0.67106235764945
0.00563263659142771 0.0504349007668378 -0.433514178666896 -0.667591491114729
-0.0588031088675283 -0.0399786926980486 -0.491405071451748 -0.553819215734591
0.0499971557157057 -0.0775070148404584 -0.498388324919607 -0.430577049744582
0.0944410493119098 -0.0253246163900341 -0.229275601064842 -0.202723242651905
0.0645417997362968 -0.0388674796368362 0.0926502981365157 0.136655611711957
-0.000227405239760262 -0.096769566758449 0.462647307831376 0.254364511659702
-0.115940958241307 -0.0267740007055544 0.588255712462287 0.246706768789674
-0.0951773578164724 0.0661569450606771 0.597779721031781 0.391763928483138
-0.00692044650233447 0.0413884033823216 0.63068683940927 0.521251378505906
-0.023021288714574 -0.0387046773188449 0.542175993638012 0.458806968602933
-0.0367413711508407 -0.0932795691373281 0.311179356878622 0.267630486747017
-0.0267029827691884 -0.093472457652537 0.126623054447231 -0.00957074746031985
-0.0099065273352324 -0.110532043367101 -0.091285157606266 -0.25427397820708
0.00884691349512328 -0.0812058963126695 -0.228964294062595 -0.508644042907896
0.0173654590610924 -0.0282913547098951 -0.382506901357076 -0.638824302315847
0.00319355719962209 0.0153901294462362 -0.48554009776578 -0.600346651681021
-0.0593381149512297 -0.0438175852848702 -0.540182338672617 -0.492913884325696
0.0221085197249931 -0.0744670652481753 -0.522046464694035 -0.388474153418141
0.0588289855460008 -0.0408843918711889 -0.243580369635053 -0.182159985423516
0.0251873725963165 -0.0404984842555563 0.0959532405827405 0.142607069283205
-0.0174510778165446 -0.0739815688541716 0.460267620082431 0.286828108166364
-0.104400628963938 -0.0274641404794122 0.557437917336553 0.304362477912942
-0.0931589088592421 0.0292370752176586 0.548414128705481 0.479241551821009
-0.0390629323011341 0.00800866173826335 0.597227869226004 0.59602518732707
-0.0540421666027805 -0.0511517930512417 0.517783670346944 0.480422122744381
-0.0618080844588871 -0.0929821843345967 0.291615668591405 0.240120337896879
-0.0501618424010556 -0.0931932828439545 0.106496994842884 -0.0538003314439518
-0.0352389010015012 -0.105438516125154 -0.118461007584305 -0.294232998174619
-0.0242522756095289 -0.083537851396346 -0.271857056286083 -0.515745341242176
-0.0153665316274808 -0.047962510070258 -0.433047796697036 -0.598726180544098
-0.00157349871257364 -0.0176015927866768 -0.542773596587875 -0.520706183916788
-0.0493550099683931 -0.0463970979912202 -0.585542666551975 -0.415078860714399
0.00384476739097196 -0.0569814993534378 -0.538280306577995 -0.338673995547435
0.0176088274005778 -0.0458885647744604 -0.244870117143846 -0.153661292537708
-0.0158429297976183 -0.046402875746101 0.107749477901761 0.157184540630325
-0.0407088074480193 -0.0447185206370557 0.453536703509467 0.326919657649728
-0.0829573813257917 -0.0137207425552214 0.518847067506497 0.371913578391035
-0.0701875576665769 -0.00607034938501087 0.490298309923719 0.565788026226649
-0.058448714552511 -0.0288959067422338 0.543555288545203 0.6633699478504
-0.0772090499874245 -0.0597339035648029 0.475641671895933 0.495539930065241
-0.0771935365462152 -0.0791158735520027 0.261006484145393 0.211825711716397
-0.0682284903310201 -0.0740906505118681 0.0799815932159865 -0.0954671228351547
-0.0531456355201666 -0.0817540622345734 -0.154723996556784 -0.327319259053814
-0.0508762722796458 -0.0663209981907846 -0.32513485206217 -0.514918399545872
-0.0439577430246842 -0.0514640086871238 -0.490102411778209 -0.547871390336851
-0.00509379146719367 -0.04495111246295 -0.594408410782221 -0.436971763651862
-0.0312167046107966 -0.046176721640139 -0.618836890493176 -0.334364517315688
-0.00410223936509731 -0.0301004396583823 -0.544115388960055 -0.283209717421098
-0.0247229418573255 -0.0405585149755251 -0.233662965074976 -0.124070348785342
-0.0545913095297208 -0.0504527875941658 0.127285518309158 0.178452443477471
-0.0605072706435493 -0.0072294847451079 0.443712548891224 0.368462735299923
-0.0536372694479388 0.0110390514289462 0.47668099544149 0.444851703724807
-0.0343363518298678 -0.0320031974863788 0.43324201518409 0.641956079299908
-0.0664750494595567 -0.0553319375772632 0.484634675050222 0.709179985788139
-0.0932734332296394 -0.0551445761392247 0.423898058433816 0.500027528807816
-0.0842238154738189 -0.0498462509308501 0.224681438046277 0.184401739266194
-0.0739821802073254 -0.0412348184812682 0.0503760192837718 -0.127712411166876
-0.0599886263569976 -0.0465721055171478 -0.194644726579994 -0.348121953910758
-0.0669269729954645 -0.0378619581136085 -0.378799075604401 -0.50111266391958
-0.0613576603494027 -0.0463987213088306 -0.545295986484033 -0.495900634828941
-0.00117682215389966 -0.0664899814852799 -0.629348486168792 -0.361805494129186
-0.00364669246596658 -0.0429900101124282 -0.638266130444484 -0.26218802717582
-0.00411274257480013 0.00300001251686961 -0.540882133437858 -0.237739464639136
-0.0599253552400031 -0.028341208959368 -0.212021173551629 -0.0996710911100104
-0.083132573680679 -0.0450149969155031 0.152249747686049 0.20286083440225
-0.0664798150995077 0.0356536839956196 0.434319211018198 0.402229569214661
-0.0175021497557379 0.0376574497540794 0.440186913302722 0.508373915950551
-4.65948155171994E-05 -0.0481161508234711 0.391737179169543 0.69204531477053
-0.0695014721596798 -0.0601146912151273 0.428390422210845 0.72264795139811
-0.0995886052479968 -0.0320966691269782 0.368626793917221 0.497234510171294
-0.0797126468652118 -0.00834238970308735 0.187218076203272 0.166222343786068
-0.0688101919020909 0.00276204995648206 0.0221333439844858 -0.14325335983731
-0.05454052501634 -0.00494172719279678 -0.230871788501099 -0.354497010756223
-0.0695415312206137 -0.00581666017824577 -0.425950363864539 -0.483032679758415
-0.0658060289037628 -0.0384744393495729 -0.589019379778737 -0.453046829286191
0.0146517501008147 -0.0851437962498567 -0.654996152715452 -0.307047117227443
0.0303897394061312 -0.0343601792465601 -0.645771423369443 -0.213877199069881
0.00138375183484578 0.0381716286117191 -0.529341838844294 -0.205643867234906
-0.0865441081785237 -0.0149800780727913 -0.184431020782195 -0.0836439901467956
-0.0939714107066974 -0.0283228901297965 0.177850735774488 0.219180068627798
-0.0506458332983792 0.0761077248543286 0.430783583390852 0.424623247907722
0.020331960479728 0.0572025519540193 0.423136509938879 0.55178621050528
0.0215943759308317 -0.0506592225922182 0.374621787079871 0.710247754728535
-0.0685544812378584 -0.0391492716829181 0.389955053939951 0.71138364783142
-0.093986838083607 0.00911827608874509 0.317908936946909 0.489052939262015
-0.0655195454128105 0.0394442446415894 0.152560053102941 0.161611021768951
-0.0533158679493585 0.0495757687332123 0.000164440010568754 -0.141318164016431
-0.0378920705975695 0.0362517475104237 -0.257843008922912 -0.348075527573242
-0.0592279522085599 0.0221490743608444 -0.460850060354564 -0.466719436127399
-0.0539308158154636 -0.0339654932634718 -0.623711522292002 -0.430618175851523
0.0441636883226357 -0.0968884279953969 -0.670061542311666 -0.289309126390152
0.0676224370164663 -0.0184174464356112 -0.63827178355038 -0.193138137134811
0.00760736023230827 0.0701934617519114 -0.513664679421744 -0.189325623893508
-0.100598413175921 -0.00405260057887554 -0.155296821902422 -0.0750478839783327
0.105084539629528 -0.0532928768435868 0.142025978597263 0.110152553796472
0.00337332457815008 -0.102647571514506 0.501493775173873 0.138810216333218
-0.0824462818885073 0.0158939201474082 0.636421757048077 0.0846050945783034
-0.0077791057578766 0.102915764781636 0.661769223435015 0.180123528874502
0.0877624125864505 0.0501747669517385 0.690398322668956 0.32086730309937
0.0426520042268729 -0.019579544143279 0.592050068275598 0.358485272916762
0.0151398431756954 -0.0584697735321192 0.35419507322642 0.268429470740096
0.0245936904620509 -0.0499355389331602 0.141037135740843 0.0454282148291947
0.0350891947816158 -0.0673747550184895 -0.110328376868955 -0.169929392597716
0.0605738371664188 -0.027947264653281 -0.27923323492682 -0.449238486494454
0.0620429297447235 0.0381211547959269 -0.441165383835087 -0.635090838009097
0.0111069105375494 0.066094089803172 -0.495959591694421 -0.639340118835948
-0.0508521616848087 -0.0350377402804277 -0.530754922919754 -0.5081224494963
0.0653305569837096 -0.0822817616994956 -0.5350228743956 -0.357683922534162
0.111468610720691 -0.0169016000598329 -0.230629338025997 -0.176521345931027
0.088393139040872 -0.049279776629879 0.12484712862031 0.112556357757072
0.000102184203859313 -0.109246950808353 0.498126643633542 0.150315114115288
-0.102543785196388 -0.00499668878236632 0.622891771756009 0.1060543754582
-0.0439665258348902 0.0923653982441082 0.655786831949925 0.226008008538329
0.05177921308038 0.0454585048033071 0.70171398578562 0.359834102299456
0.0121258867763951 -0.031882023645396 0.60403064841906 0.359402310360232
-0.0159399064025796 -0.079144240566595 0.359535012264004 0.244258606158566
-0.00605939373258602 -0.076871507804943 0.139762452295738 0.0130954689418404
0.00433097362664294 -0.0960902449552246 -0.110051641871562 -0.199757255421371
0.0300654376912372 -0.0639995953151006 -0.280012829828611 -0.459953959943648
0.040535550764751 -0.00166942437921443 -0.445155003065755 -0.608163667940308
0.00668225939673014 0.0393094069064362 -0.525253425754608 -0.590118364913479
-0.0643419444433674 -0.0382435350219291 -0.566274756978141 -0.468381561124775
0.034390708794001 -0.090096140037691 -0.551930641363113 -0.338156130025876
0.0861189786521445 -0.0371353744684855 -0.250413030422145 -0.166722868434537
0.0600801378814024 -0.0439160030234396 0.115313183427583 0.115908771368287
-0.00594735164530463 -0.0994178130518072 0.496147515870652 0.174110379663774
-0.105335508781726 -0.0191325755083617 0.608488126668192 0.150184171360343
-0.0677870002177742 0.0661371355230008 0.638353563758009 0.299370050910613
0.012216373149659 0.0303081900260926 0.699710864354643 0.422436585793553
-0.0213118652404846 -0.0411375273971825 0.600697957192997 0.375304027306223
-0.0454369830364736 -0.087563025973191 0.348366522967901 0.220565578157732
-0.0355354216902481 -0.0889781626836163 0.123935890239914 -0.0274665435736692
-0.0259404972200073 -0.107342049025836 -0.126763349935533 -0.237203038599147
-0.00487291267105812 -0.0830572042755993 -0.303613618899521 -0.46819712202306
0.00851588326402496 -0.0325384239971306 -0.474375032585543 -0.570522671049208
0.000171826583429735 0.00611857212202947 -0.567815535586176 -0.517656375406707
-0.0652653523019462 -0.0409392835892127 -0.607183182604023 -0.402128733483184
0.00751596672118657 -0.0828958032828086 -0.566786043892349 -0.297094110425704
0.0487399283931086 -0.0480748384738008 -0.260159810349268 -0.143846534408283
0.0235963179595933 -0.0417764280267423 0.117723046159794 0.121603172440091
-0.0178092760453541 -0.0755357421759858 0.496096774739702 0.207996086333706
-0.0929768820777863 -0.0205984524866241 0.587234228421085 0.211270715497236
-0.0709492820964821 0.0317915971752771 0.60453108419249 0.391355338485414
-0.0213975287512155 0.00357208729175052 0.674571163169779 0.498763690878201
-0.0519840233462885 -0.0506749397997966 0.578775307017139 0.400387734155021
-0.0685825645120623 -0.0851290232774293 0.32399828379794 0.196592763749292
-0.0589036966944152 -0.0860285758177724 0.0982561633664067 -0.0693467491621938
-0.0494575992084256 -0.0990845191757974 -0.158922935986996 -0.274021401509622
-0.0379234811044681 -0.0815739230702654 -0.346863625285661 -0.469521675288972
-0.0257498411976969 -0.0477230090560327 -0.517894238816022 -0.520588534245822
-0.0100594727777946 -0.0252160886232367 -0.610306881370376 -0.429643742215166
-0.0568952490618392 -0.0440840394505852 -0.636537866083026 -0.318581304997411
-0.00874649940198986 -0.0630836150657442 -0.574612996618135 -0.24440190868311
0.00793708880314148 -0.0482458639456586 -0.258762393314237 -0.118124255619408
-0.0178900271674159 -0.0430962427792682 0.129168255006639 0.132845764222183
-0.0361530697521341 -0.0442140612751776 0.496915029330876 0.250881755602462
-0.0706346368093307 -0.00832338257591345 0.559813797689117 0.285409277400242
-0.0511669525884787 -0.00273090617914615 0.562015427482015 0.484357846274916
-0.0429903562404307 -0.0274971308301247 0.631616718903926 0.571015032228612
-0.0765399063834092 -0.0547006942697223 0.539831197270445 0.420188429131299
-0.0828071056218658 -0.0681152801604793 0.288107435328972 0.171964056829481
-0.0739066854150282 -0.0657016702280739 0.0652501023978079 -0.106325242628745
-0.0654537142143705 -0.0736933742975678 -0.198968738027749 -0.300509795905929
-0.0622438712351465 -0.0610862242624707 -0.398305324268887 -0.459861509290753
-0.0533736844582099 -0.0481905575352696 -0.568291910395642 -0.464460552347977
-0.0180154277668593 -0.0503150305776503 -0.645913456700921 -0.338541133517225
-0.0397418674580299 -0.0454409784065134 -0.660196240802574 -0.235386126872184
-0.0138610118507513 -0.0355828920202452 -0.572568040928876 -0.192329286330396
-0.0323258280439686 -0.0372048059696895 -0.243245431652215 -0.0902000550349091
-0.0542412821210667 -0.0419498603590841 0.150498928958214 0.150268806411189
-0.0513376262642373 -0.0055147807350931 0.491106725567561 0.294767265529004
-0.0392678549135339 0.0127510141718988 0.5290565563102 0.366407218441848
-0.0196239692930431 -0.0298071264227466 0.52006033909928 0.566679873566728
-0.0534679743203146 -0.0500528120064311 0.578742704802239 0.622418448910264
-0.0909261507198852 -0.0477824652425722 0.487214347970293 0.432563847192693
-0.0865222985892207 -0.0393684990445885 0.247587494000233 0.151185086313048
-0.0771539255248844 -0.0326860828049341 0.0317862564442948 -0.133309784460245
-0.0677385293762119 -0.0372506632047685 -0.242029254064554 -0.315238871795612
-0.0743448939037244 -0.0306905308170191 -0.450327371352199 -0.440346366880734
-0.0706343939263324 -0.040173527623037 -0.612594653284083 -0.402015951103298
-0.0174206274982924 -0.0718383370944396 -0.671600572792023 -0.259036223807022
-0.0137048930875981 -0.0442423431161509 -0.665282091917993 -0.160738500957844
-0.010552644393648 -0.00184554808775852 -0.561953300037236 -0.147448273215484
-0.0658964972868822 -0.0215330751823217 -0.218730456002843 -0.0700564245956321
-0.0801264969669342 -0.0333654215129481 0.176342402237761 0.169337181828604
-0.0500042765181596 0.0374453387868267 0.488112424991655 0.329563992831397
-0.000484241557152913 0.0346782385734456 0.506800246166797 0.436824694126376
0.0114431110027499 -0.0480464232575543 0.490256468242122 0.624249330719047
-0.0574764212748332 -0.0533543540474694 0.528606252230856 0.64294220339643
-0.093740908612399 -0.0236728407457505 0.432274382071585 0.437303015553219
-0.0761858795010911 -1.89633014097187E-05 0.206026059598267 0.139114669484929
-0.0676278895025125 0.00976070767135646 0.0020810784363515 -0.144385301485093
-0.058374485766535 0.00275160788345246 -0.28032313052076 -0.31839848891203
-0.073532892824834 0.000984137351654094 -0.494194902510771 -0.415406617635725
-0.07341533514121 -0.0328282414211499 -0.6506106279139 -0.354367444310884
-0.00334600261780258 -0.0907402064193327 -0.688594713890171 -0.199296347673255
0.0209267412681902 -0.0390254235354793 -0.665086932509799 -0.11153284763618
0.000272787835156028 0.0311492690573602 -0.546590394671646 -0.11904060752265
-0.0901372792855143 -0.00535338692996508 -0.190365667741151 -0.0572032687748776
-0.0885220580531053 -0.0167575702948263 0.203514782741178 0.182144320964967
-0.029325101965117 0.0744452524341574 0.488260390967714 0.35465287356273
0.0387801099987623 0.0499706979571856 0.500591499582707 0.48386836459946
0.0318263146000618 -0.0539192262697162 0.476197877894045 0.645294120123362
-0.0544371270369725 -0.0331037741342891 0.484001969462838 0.640362949414329
-0.0840744959413386 0.015885682448037 0.381029111345668 0.439830146470446
-0.0562881987956552 0.0453549670976519 0.170850706503472 0.142208912534649
-0.0474996885580857 0.0528688407673249 -0.0199160243091126 -0.13992436367826
-0.0367356659079635 0.0404771667030604 -0.306413919503148 -0.30802113709189
-0.060307061707828 0.0285915755179496 -0.529647363397175 -0.392003303756568
-0.0619086549148419 -0.0283532195976562 -0.680696164363383 -0.327042690596535
0.0232009650176252 -0.104818031932526 -0.698598445531448 -0.179577061410038
0.058333024796647 -0.0272669033573694 -0.65491595324173 -0.0916235521180791
0.00965307505544292 0.0621567109372201 -0.529205575492551 -0.103461284411757
-0.101893625762336 0.0066467467151748 -0.160536319041125 -0.0538252641694652
0.101916936205317 -0.052198467793288 0.140275589857269 0.106974930342713
0.0037947644863335 -0.102151330952239 0.495891592884136 0.134412294234591
-0.0809421578677573 0.0158181724870267 0.628505450030154 0.0799631919288248
-0.00668800606047426 0.100765701253711 0.653504866821186 0.174983525881045
0.0868352573270394 0.0496454822857719 0.681000545865539 0.314040102824007
0.0421398671957033 -0.0190872130942691 0.584983326632797 0.350535087292472
0.0148875008639204 -0.0581310330219524 0.350759990054395 0.262058508528531
0.0245565692166337 -0.0490719691436021 0.138126190915286 0.0445921536688088
0.0335980212778803 -0.0665991663773638 -0.110686817811838 -0.166448046074118
0.0601896854767456 -0.0273760764454315 -0.277811250993023 -0.44206596870842
0.0618734107135064 0.0371605762275083 -0.436023032873342 -0.6241491846654
0.0107790820706732 0.0648603367088194 -0.491512495624679 -0.627669052180389
-0.0495081361203981 -0.0336593453532245 -0.526518934140064 -0.50003028381477
0.0650765318892768 -0.0818584054295991 -0.52953215840072 -0.350941240133597
0.109469590203839 -0.0174859024493405 -0.227807225755764 -0.172343266909147
0.0854731652232147 -0.0487743551581576 0.122748335851042 0.110578405851765
-0.000690369136822412 -0.107598383804965 0.491116341352953 0.14724235136787
-0.100593689457781 -0.00377780637911378 0.614525639201543 0.103052280399469
-0.0429867633489986 0.0908097466161781 0.64717061803754 0.221205638561865
0.0505838379367056 0.0445006909701573 0.695889506963158 0.351752489807798
0.0112946957797136 -0.0306682929742631 0.59803225480535 0.351483066012241
-0.0163849077284363 -0.0770657450397865 0.355696253269738 0.239375680866022
-0.00644503588228744 -0.0759467562978896 0.136773260415179 0.0125837098877648
0.00282413110376466 -0.095222506698515 -0.108720474951241 -0.196363010254343
0.0292782204685788 -0.0633732630781327 -0.27691534381714 -0.451620391229757
0.0392431779457957 -0.00208426863018877 -0.440760989065021 -0.59619907819882
0.006433428389624 0.0378946080635062 -0.520793667655108 -0.578557890201734
-0.0638114797638072 -0.0368349936485399 -0.561643991823997 -0.461772734804156
0.0339179004545246 -0.0895531498837034 -0.545954293031249 -0.33238046397026
0.0839494466154653 -0.0368698948035766 -0.24738779031957 -0.162635563946296
0.0582709291234611 -0.0435615666678401 0.113138967350069 0.113047491982089
-0.00600908841681103 -0.097418058550946 0.489548092328238 0.172037716982317
-0.103638280877954 -0.0179821854126591 0.600090030593199 0.146262602466892
-0.0662242184326899 0.0651170343269311 0.629370480392133 0.292882839400475
0.0117962124977565 0.0296902132072066 0.693294826097304 0.411574713644669
-0.021224992367673 -0.0402553764483986 0.593630881199358 0.366718564324187
-0.0462351720637305 -0.0854921697522361 0.345537753061249 0.215615884590386
-0.0354214056504668 -0.0879212161731189 0.121392091338048 -0.0273528274643055
-0.0259942802630851 -0.1059337088514 -0.126646703494283 -0.233894094362597
-0.00560362093603745 -0.0820686272162794 -0.301474065577109 -0.459249033865313
0.0084531529638812 -0.03264117224371 -0.46958167416887 -0.560227593747127
-0.00092895938347913 0.00540215885581079 -0.559434705694675 -0.506115800031551
-0.0646218337183762 -0.0401422229514758 -0.600715066107081 -0.3931307723607
0.00733671617223578 -0.0825087729535683 -0.559974036381319 -0.289741870992995
0.0476757657771263 -0.0477487179644953 -0.257273888131 -0.141241164540738
0.0215966834650617 -0.0412635828274933 0.115906620778104 0.118632674748237
-0.0190277598012175 -0.0745676218846421 0.4906251548285 0.201998017864922
-0.0909672042597567 -0.0198710746682548 0.578158679485376 0.206001660315761
-0.0690480036560688 0.0305433182431607 0.598758352647842 0.382628776425582
-0.0217065701633073 0.0035612347473382 0.667589860803634 0.487960319153268
-0.0518123238840951 -0.0495163211792437 0.573542606817444 0.391705557745537
-0.0683105456352897 -0.0824010643874769 0.321570916840394 0.19235668689273
-0.0577397046889717 -0.0840956283702329 0.0952096007724589 -0.0682950182259167
-0.0506573608398818 -0.0972199705859947 -0.157883509377564 -0.268539873924723
-0.0378697194405813 -0.0805294641164189 -0.343490522698375 -0.461830174043702
-0.0253722517566745 -0.047031200175041 -0.512438055294031 -0.51095476802931
-0.00989155862730073 -0.025689859226773 -0.603195086104601 -0.419198976440545
-0.0564604810981221 -0.0427765464535416 -0.631150373591811 -0.312937599299496
-0.00784266997386375 -0.0625170561471749 -0.568679087759058 -0.238094104549375
0.00718887420987708 -0.0473658365384198 -0.254316163777973 -0.114027452895009
-0.0181011221251459 -0.0423117909476883 0.127860923762482 0.12912963482771
-0.0367147530441022 -0.0425475193082327 0.490810907991137 0.244868326614635
-0.0689944961649935 -0.00760136066846507 0.55315397383312 0.278101969600569
-0.0500497086990666 -0.00171785170630581 0.554986323686692 0.475671597718715
-0.0429882714764214 -0.0272586925906963 0.62564672935188 0.560451467342889
-0.0757918710221755 -0.0538469830255294 0.532949448230246 0.413456725799972
-0.0828098127679559 -0.0669117768028768 0.285347678386902 0.168328871963721
-0.0723478467885098 -0.0641006077850938 0.0636332861272594 -0.105039169881014
-0.0643956902927354 -0.0728499425015549 -0.197796593393683 -0.295811470999975
-0.0613967515854975 -0.059673018613073 -0.395799238994962 -0.451606100884712
-0.0526750032753585 -0.0472502924075081 -0.562618955073134 -0.453894629002451
-0.017115078910982 -0.0498636873503404 -0.637829592055244 -0.330899323295337
-0.0396983544471043 -0.0432910735762053 -0.651872990366199 -0.229183169283297
-0.0132951378988281 -0.0351927980489489 -0.565712731743933 -0.186325385097369
-0.0314682726711511 -0.036515347484247 -0.239931858120097 -0.08821913778256
-0.0542457831956058 -0.041708604229598 0.14893857816898 0.146334181754389
-0.0508629513123418 -0.00582341336784926 0.486552433386936 0.288367784817592
-0.0388587249244024 0.0129391464676986 0.522227483585596 0.358818735693392
-0.0189993711255518 -0.0294418637810145 0.515811436252789 0.558483740381848
-0.0536790796115227 -0.0488558006009185 0.571633929309508 0.609851425949817
-0.0894946963656181 -0.0467022006751205 0.482307765331269 0.424263945426586
-0.084721058705884 -0.0380553963141166 0.245779688316491 0.148426746064589
-0.0756779963542444 -0.0318275299794216 0.0302788624297628 -0.131198948846167
-0.0672860733091671 -0.0370220785323551 -0.240907857501569 -0.311405981487762
-0.0731505181304794 -0.0301027599798974 -0.445662821792645 -0.432192906286191
-0.0695926725436543 -0.0396130149512153 -0.606605926283573 -0.396149523374676
-0.0160749765756251 -0.0713168654718637 -0.663698268976381 -0.251858090299204
-0.0133982784084779 -0.0431458962504724 -0.658518873079306 -0.156219084880376
-0.00969242431066434 -0.00244756163900943 -0.556069852911449 -0.143464001014678
-0.0644153411711204 -0.0214281799948381 -0.215848437465353 -0.0687067092712239
-0.0796308660187188 -0.0332532233434554 0.174253707808955 0.165517643008588
-0.0500393802235636 0.0364934872261273 0.480638876968623 0.322393881260745
-0.00044975817731083 0.034412805056428 0.500753292176455 0.427491353778355
0.0113444276426554 -0.0479461807161286 0.485913152691201 0.613032034351095
-0.0574223210410938 -0.0525504206675661 0.5226073404187 0.633270215900274
-0.0928887024214717 -0.0224517494665296 0.427497433719924 0.42879042898365
-0.075391968311031 0.00023101433243479 0.203607817813212 0.136261233246236
-0.0668848068980771 0.00959902585605922 0.000749520254012432 -0.142644013350822
-0.0574750327127753 0.0025971902638491 -0.277317063910142 -0.313892740969078
-0.0720022338432603 0.00148353868503428 -0.490765969108612 -0.407557802597717
-0.0720996863202818 -0.0321729538243463 -0.644099306925892 -0.346461779196246
-0.00412630316699042 -0.0898957459315073 -0.68047762067437 -0.192978852892816
0.0199766983869251 -0.0374996647242377 -0.65717748190126 -0.10646450655641
0.000289203932190986 0.0306451493464986 -0.54056647870517 -0.115580346215526
-0.0886344631765495 -0.00557081586533962 -0.187633658611162 -0.0556171540772827
-0.087746334559914 -0.0162750430255175 0.201132662849793 0.179220399183209
-0.0294405324398302 0.0732322824032055 0.480109641918694 0.345826578273963
0.0376305964133055 0.048792404374143 0.495675412162807 0.475483625712667
0.0310756588043349 -0.0534311371931999 0.471526207001158 0.635208080529332
-0.0539793619292814 -0.0331232781058423 0.4807214451463 0.62865353726257
-0.0829592212490869 0.0156084520042239 0.377007041957961 0.430769178680739
-0.0553165321821982 0.0445251940983313 0.168587258965745 0.140301788833202
-0.0468796297835427 0.0526573555608398 -0.0206657853020823 -0.136600081985706
-0.0363646050800802 0.0398621791764569 -0.303610178817381 -0.301892163043264
-0.0585536212178968 0.0275927671582691 -0.523321949931592 -0.385035937572723
-0.0610361609180503 -0.0277792511235142 -0.673358393893105 -0.318175117101543
0.0221034655906795 -0.102868041497743 -0.688959407630055 -0.17377847514404
0.0570264376948627 -0.0265893997547086 -0.64655083980889 -0.0868393869644577
0.0103921347678919 0.0598889695752404 -0.523911396685087 -0.100254645375337
-0.100212542537164 0.00633363791880715 -0.159309620044738 -0.0528480004318916
0.0995537043557805 -0.0517248172452826 0.137978493860087 0.105253629778477
0.00351523933630627 -0.100840758645706 0.488619880662949 0.132706520785224
-0.0793474509514201 0.0151426317556526 0.620199008153949 0.0791836669263697
-0.00671924664070208 0.099751876474062 0.645977334630946 0.172203450166412
0.0849899416980005 0.0479867880342923 0.672881199690854 0.308306848961588
0.0410358457376078 -0.0184006492982856 0.578545369539104 0.344404409650508
0.0147393967671387 -0.0564704569990532 0.346822146110409 0.257010288367101
0.0240735825473087 -0.0481736710925428 0.136441735485762 0.0439073730149842
0.0327064499328324 -0.065712021350354 -0.107901288641386 -0.163812229123959
0.0584912458746993 -0.0276910586013668 -0.274832680103079 -0.436114701185396
0.0612437602830038 0.0362359257601215 -0.431747904892226 -0.615472447515993
0.0110803565822612 0.0634508340866263 -0.48663803635409 -0.619223338953634
-0.0485174799954697 -0.0329792576292209 -0.51922157593195 -0.492260492569761
0.0654006456833759 -0.0811847274468169 -0.523774429773222 -0.345226652933909
0.107656528915932 -0.0168639682012882 -0.224290258391909 -0.170223391415982
0.0835272191376463 -0.0478952357261185 0.120315049787171 0.108415252335567
-0.000491016969665683 -0.106678709809195 0.48288982953635 0.14417880310111
-0.0996633288111745 -0.00443076871288424 0.607096401746613 0.100730155948611
-0.0429165379515586 0.0892812695631452 0.640416220002003 0.217409839756022
0.0502340824144716 0.0442005882316836 0.686568464903431 0.344037484946345
0.0114347563000271 -0.0297121728228801 0.589787298225292 0.344983291570447
-0.0162591950762832 -0.0761670320284944 0.351481333917656 0.234211050471073
-0.00602938790149283 -0.0744345499514022 0.134594640323857 0.0122719259484851
0.00263268687681233 -0.0933709737685598 -0.106739485533205 -0.193923617482416
0.0296771155103124 -0.0630838581502315 -0.274105808244779 -0.444581217359393
0.0394829396253127 -0.00225790560771215 -0.435888676887077 -0.589144215706266
0.00667545875483523 0.0380836629204474 -0.514533936082957 -0.569314929044015
-0.0621787701479073 -0.0357505519402249 -0.554777224080739 -0.455679481714666
0.0348859994632445 -0.0888492453804688 -0.539636573692202 -0.326845897585198
0.0830349009780246 -0.0354753831349034 -0.243370648183679 -0.160022591567925
0.0567782635630582 -0.0427512594640344 0.112081421997012 0.110761932346911
-0.00625847210130981 -0.0962066051590138 0.48237584129658 0.167431481400104
-0.102493507263177 -0.0179832241349427 0.591373503586013 0.144191206782175
-0.0652368036811934 0.0643694220373188 0.62033714758664 0.288716552648794
0.0115403961872124 0.0297143689358642 0.684265342099093 0.407196839985544
-0.0211249424252876 -0.039566927886459 0.5863329772666 0.361880206073973
-0.045089402726079 -0.0840933870746972 0.340823663841551 0.212013085491487
-0.0345588001597405 -0.0865976948962926 0.119521747241908 -0.0274389262596637
-0.0264312550186612 -0.104010137347591 -0.123965037687086 -0.22970272259707
-0.00542424031299304 -0.0813487219474913 -0.297728107043475 -0.452456874469663
0.00890921998823031 -0.0323006444370531 -0.463927871985217 -0.549861766655938
0.000196451684642052 0.00536432176326095 -0.553109844217689 -0.498280464318376
-0.0635086247624187 -0.0389920512254931 -0.593096128321086 -0.389878725660907
0.00835266301203774 -0.0815880289650992 -0.554414673186629 -0.28574764798158
0.0473491252292882 -0.0466260622748228 -0.253926837706782 -0.139269186397896
0.0201935306901505 -0.0406785571461023 0.113471222081038 0.115791565421454
-0.0186274641755811 -0.0734823151302454 0.483693904159617 0.19839636696589
-0.0903189864535644 -0.0193770961656462 0.572741047619811 0.203277355389971
-0.068181585676917 0.0303663915998945 0.590202881521122 0.378539641236221
-0.0213026060775233 0.00333952938272618 0.656307962262062 0.481790171277825
-0.0512400096794425 -0.0485210846986639 0.564272333054221 0.384257033279494
-0.0682325364588096 -0.0813499834732045 0.3158407498833 0.18888291010858
-0.0578947208603648 -0.0822640918111491 0.0938297049628603 -0.0674048967554977
-0.0505736540039484 -0.0958188742755476 -0.154799981476742 -0.264908342843049
-0.0369374593461065 -0.0790768886859775 -0.340179612640132 -0.453241219582692
-0.0239247923974894 -0.0469674652766263 -0.508182872498886 -0.503571540863399
-0.00980560480905186 -0.0246303187290565 -0.594455310653089 -0.414369875982001
-0.055786488974297 -0.0414328622575493 -0.622976437723965 -0.309034582171323
-0.00776894791730784 -0.0620819888710434 -0.560825479069413 -0.234377568564263
0.0070695503123601 -0.0460459067008939 -0.25044063464962 -0.11314308867328
-0.019038784550266 -0.0422797617614084 0.126050369805827 0.12647026401558
-0.0359707043525894 -0.0422773279400243 0.483712239090706 0.241294177376047
-0.0682735996036738 -0.00739248365090103 0.546209418789491 0.274698489849947
-0.0494097055246598 -0.00262327517960773 0.548990247620436 0.466987405016405
-0.0419334599514645 -0.0259910673968275 0.617136785365418 0.550398077757557
-0.074456014818672 -0.0525428688169628 0.525284833762 0.405922528975173
-0.0815625429586082 -0.0653200389468244 0.282386266346916 0.165767533374085
-0.072366804157354 -0.0631014342379596 0.0623574488897836 -0.10346903958478
-0.0649863103154096 -0.0712889346494169 -0.19498297383559 -0.290309394394047
-0.0602616881737904 -0.0594454499012772 -0.389720759021786 -0.444042445717549
-0.0518088617386181 -0.0470702368772274 -0.555799087709413 -0.446632036980317
-0.0175075318370342 -0.0495482664008207 -0.630232682847205 -0.32422136667646
-0.0388816805782557 -0.0432293960166907 -0.642667088670579 -0.224815982613614
-0.0129157546683901 -0.0343852099389251 -0.559712112198253 -0.183686441031364
-0.0313287202914282 -0.0369069916088773 -0.236212842678044 -0.0865947061667728
-0.0542620502237784 -0.0410958183929007 0.145871457429776 0.143362595743954
-0.0496563238971515 -0.00464767544191417 0.479995882452402 0.283248659227938
-0.0380093634197727 0.0129557479422043 0.51521970156481 0.353291843739046
-0.0188442328687315 -0.0294503804265231 0.509562980244453 0.549898238849333
-0.0531157051130472 -0.0485640837640919 0.565478380827185 0.600678610680478
-0.0884597602005834 -0.0455807314696216 0.475182449713688 0.418286491307586
-0.0842164968912817 -0.0377425043586804 0.242416763151255 0.145981202331386
-0.0747693115662921 -0.0306953518181016 0.0288342299062423 -0.129078118948223
-0.0673635652656722 -0.0366231714561854 -0.237097609850935 -0.3060748307752
-0.0720294424950885 -0.0298309777530341 -0.441619764802166 -0.423712212465539
-0.0678906004972766 -0.0391833919763961 -0.597929171917574 -0.388610496411968
-0.0163807590084578 -0.070156552611638 -0.65462221783119 -0.246402177436407
-0.0134189275851289 -0.0418671234613285 -0.649987033413607 -0.15399704621922
-0.00911117223265932 -0.00312623756407193 -0.548886821590982 -0.14055218230611
-0.0638730451011752 -0.0217900458500848 -0.213031004355145 -0.0667090656532611
-0.0792194142332835 -0.0329945654384622 0.171600444936947 0.161681709536391
-0.049495680511856 0.0357111231342948 0.475355818472194 0.318780670053824
-0.000703669118371621 0.0342638451163944 0.494540929589012 0.422542792265727
0.0108773976630815 -0.0478696284337434 0.477971361562235 0.605097481177564
-0.0559052562273224 -0.0519237492563317 0.516436114532491 0.622739060025376
-0.0910186630101928 -0.0225027747790144 0.42254304408051 0.423134873945384
-0.074656386025005 0.00107552436744397 0.20088556868531 0.134687563862764
-0.0654559468675039 0.0100021586242912 -0.000391077868141337 -0.140453473967778
-0.0566431094247509 0.00245228356728284 -0.273323504588982 -0.307778005657633
-0.0701458543966873 0.000632979549325587 -0.485147002028187 -0.398937146190694
-0.070780885160168 -0.0318444433836684 -0.634466457983631 -0.340156113311656
-0.00391902674724719 -0.0885198792307641 -0.670613873753528 -0.190254271248397
0.02029680922446 -0.0368523477060101 -0.648991149580944 -0.106078052811687
0.000895278109797368 0.0302089038994258 -0.53260464505775 -0.114425471497511
-0.0869240790354506 -0.00537275409154065 -0.185043286714405 -0.0551681324204847
-0.0872523335883249 -0.0165194740222728 0.197725486406227 0.17484480402246
-0.0292193988029013 0.0724448930474887 0.475626909408436 0.341581090400774
0.0364624477336662 0.0490398077225368 0.489472593199295 0.468429296676146
0.031149325690115 -0.0528932524359828 0.4665998029446 0.627390156516298
-0.0533465243574359 -0.03218423833768 0.474980115596884 0.619734752454341
-0.0815938602447096 0.0159578440136242 0.372170516774948 0.425407941577799
-0.0540462255834906 0.0440885650280701 0.16690559969993 0.137862387228136
-0.0459305548908834 0.0528297923422195 -0.0208396723077841 -0.134819366142364
-0.035774755362799 0.0389364892890563 -0.298927187490119 -0.298263687510206
-0.0575837257373696 0.0259949477642186 -0.517787001645772 -0.378678982630779
-0.0594886801133229 -0.0279733264535718 -0.663910451492701 -0.314131122390126
0.0218808187573707 -0.102527168146343 -0.682530932146762 -0.171258227060716
0.0568411404909775 -0.0253505054340644 -0.638942510638442 -0.0871561418671848
0.0104719219313881 0.0586314798318364 -0.517351451441541 -0.0987458474651381
-0.0985078190158775 0.0062425759354286 -0.156317856160259 -0.0519066543008184
0.0967836794427628 -0.0501383271135792 0.136298816494487 0.104172530343162
0.00337249441653272 -0.0988810976645072 0.482028854777797 0.13182943110848
-0.0783029309847191 0.0151363376223288 0.611357507493654 0.0788884306805432
-0.0063417503912315 0.0976279528931731 0.636867041491524 0.171896709088861
0.0839481677629633 0.0476123345378554 0.664455746741623 0.306435455981316
0.0405246439803483 -0.0172178630384655 0.57029898533652 0.340196391271474
0.0139493742089313 -0.0556322065842494 0.341903759186727 0.253990221697725
0.0237732672617036 -0.0479549780733691 0.133118878792405 0.0425335279356252
0.0315275851693584 -0.0641095824671902 -0.107268847824509 -0.162581972481344
0.0582481223432549 -0.0275699303571126 -0.268497881939586 -0.430348118390286
0.0605829576150981 0.0354132562659015 -0.424742499381621 -0.606270003405512
0.0111836216289182 0.0617621539508567 -0.4793926796232 -0.612438871209985
-0.0484058900793078 -0.0317262105072242 -0.512205981908665 -0.487042013732183
0.0650189575372795 -0.0800926433964556 -0.517643682836424 -0.341027522783605
0.106082988163841 -0.0166037507395211 -0.221662137625345 -0.168558267963201
0.0810280711238193 -0.046556260003465 0.118606175217459 0.106440196132915
-0.000600704392113413 -0.105043907794752 0.477322805762749 0.142873274965667
-0.0979026371105114 -0.00311609071791955 0.59942092329903 0.10087366417467
-0.0415822589557933 0.0876974653977548 0.632523731322998 0.216581926032976
0.0495512258273947 0.0439300282080526 0.677922827590013 0.341658588562012
0.0110875746686707 -0.028555395564074 0.582222213667937 0.340327090336304
-0.0167064756780473 -0.0745580827421936 0.347595427808611 0.23189334708435
-0.00570961800029934 -0.0729224792681561 0.131130870186885 0.0116690406419577
0.00208110210176586 -0.0916752182552821 -0.105212517275797 -0.191272644472517
0.0281517996601368 -0.0623024781442557 -0.269793670263834 -0.439180725816431
0.0389886705433565 -0.00245840828127157 -0.429070822866329 -0.579320962015404
0.00640824131740204 0.036544696898294 -0.506296416756238 -0.562164190503207
-0.0614484105716406 -0.034898995567498 -0.54776811362242 -0.452452317770026
0.0356896454098411 -0.0880898085180185 -0.532965583398284 -0.323181316580752
0.0822813706334481 -0.0353958365995882 -0.240548521723616 -0.158299104909378
0.0543290269490644 -0.042180697929302 0.10966927844488 0.109892266479857
-0.00592807921165951 -0.0946094605600523 0.476092938008688 0.167701115468125
-0.100201886376713 -0.0180406198111156 0.583999620930367 0.142464657794614
-0.0644817399696795 0.0630294297729832 0.61515666588936 0.28554692319568
0.0113237815345485 0.029061409317082 0.673711903809288 0.401579990226928
-0.0205021745078112 -0.0386422800139305 0.579838795450468 0.356711123075515
-0.0447084640262676 -0.0823697039115385 0.337046664622116 0.209782432679951
-0.0342545374034897 -0.0850660487033155 0.117694645477373 -0.0262227380173976
-0.0273724250410446 -0.102522102760732 -0.122110838270194 -0.226413942648164
-0.00486973795231501 -0.0798299777958212 -0.29353563120379 -0.446464212471818
0.00897494468307813 -0.0320604799406175 -0.458222414618547 -0.544542160200411
-0.000218153138649542 0.00496335765274275 -0.547110912722933 -0.4917820115696
-0.0626445083129406 -0.0386371780260033 -0.586148070479637 -0.385770616896975
0.00890778275832127 -0.080291835752452 -0.545150474566239 -0.283645374972277
0.0465802315504553 -0.0460330265253531 -0.250353004991588 -0.137034763045411
0.0191926839349777 -0.0398242250321612 0.112288450538989 0.114096156803449
-0.0186376625753659 -0.0720196124766072 0.47705496784136 0.196132675238886
-0.0888123494094184 -0.0185461033437955 0.564362507466279 0.20133467959657
-0.0671381698605906 0.0293792313819844 0.582624179783032 0.373478498991449
-0.0216329025348638 0.00360472083327781 0.649740900884692 0.475659644697941
-0.0508236126208921 -0.0473453034523637 0.556552582371121 0.379579586771775
-0.0670021067332406 -0.0792960937165858 0.312798712399412 0.185606226814461
-0.0572757245020734 -0.0814079415294861 0.0928911552969592 -0.0661903597752223
-0.0505980943897113 -0.0944110739097261 -0.152636104101814 -0.261008074314125
-0.0360999816757228 -0.077491299770251 -0.335058748175352 -0.447916238047977
-0.0233449250909839 -0.0460353610358685 -0.497987921176981 -0.496100892085865
-0.0100496432741208 -0.0249635804042097 -0.588024933961416 -0.408158951972429
-0.0547122622731435 -0.0411837025948409 -0.615632690374756 -0.305088170565891
-0.0066249512604773 -0.0616795160642613 -0.554702264361838 -0.233733262731553
0.00745757647226133 -0.0463743519062071 -0.246918280479205 -0.112274513830415
-0.0194928821731895 -0.0410829278622277 0.123968176984398 0.12481434294807
-0.036085930923584 -0.0413779854473216 0.476318859632284 0.238206011377525
-0.0675124491809698 -0.00733372710040588 0.53761547413808 0.271766853937862
-0.0486895328426422 -0.0032726825514073 0.540555391648348 0.463118909195061
-0.0419458149302886 -0.0256543749898292 0.608512425047667 0.543665525307298
-0.0736427957999148 -0.0518587444297124 0.517523198699343 0.400686068790375
-0.0805301945314303 -0.0644675921076111 0.278584972446991 0.16361372695748
-0.0707159314342235 -0.0620205457349681 0.0616087446656795 -0.101639265937952
-0.0648261761185333 -0.0704701171599248 -0.192511264214286 -0.28743882693501
-0.0596383501835307 -0.0588789838514105 -0.384080620574755 -0.438031476982895
-0.050742818224613 -0.0465780747663291 -0.545987045281581 -0.441521547414845
-0.0173573566047838 -0.0497145293809204 -0.622127241238191 -0.321590410786087
-0.0386501970161277 -0.0421229986039288 -0.636278676399024 -0.224073278525175
-0.0118699140742604 -0.034994395283436 -0.552982666493625 -0.18291658436595
-0.0302824011716297 -0.0364067840389195 -0.232852591260534 -0.0865491520593514
-0.0540902892852157 -0.0411062909413584 0.143505974670372 0.140725624039204
-0.0495255442307243 -0.0051743017403659 0.472921941425144 0.281024775528919
-0.0379051805843637 0.0132209787712078 0.508285044358073 0.348905000284415
-0.0186397124122442 -0.0298802709182859 0.50229893691863 0.544462843016689
-0.0521929261618632 -0.0482311700838556 0.558844916774201 0.593970328530291
-0.0874204860952642 -0.0446028844510336 0.467968617771614 0.412735858788671
-0.0831688271953562 -0.0370009394547398 0.239439998052244 0.144411036917315
-0.0739415280391062 -0.0307600196002022 0.0285800809998064 -0.12685232680943
-0.0663648794082387 -0.0359459156554068 -0.232782158068443 -0.302498115974536
-0.0710200743624091 -0.0300476391094995 -0.434227962747692 -0.418647495866913
-0.0671647852688579 -0.0390763560349465 -0.590758135330527 -0.383723990248984
-0.016470696296624 -0.0689036677135765 -0.646006648254306 -0.243599285964266
-0.0132783072414345 -0.0407922153731722 -0.641718032010115 -0.151886446856547
-0.00731873821897519 -0.00408569217609125 -0.542294470144108 -0.141764745342269
-0.0621932184221565 -0.0214615217152145 -0.210160499184371 -0.06732275989979
-0.0784591712630238 -0.0328675620413404 0.168844005410467 0.158442109777993
-0.0490474564917206 0.0359420330592611 0.468401285202692 0.314242587815309
-0.000962194496267394 0.0344331428097435 0.488201079472388 0.417697779495313
0.0109755013156209 -0.047235696968833 0.472190991397585 0.59839875499607
-0.055626066784311 -0.0511564714974777 0.508603900945763 0.615214387701668
-0.0898102061293773 -0.0220553102266029 0.416327485700393 0.415752969465971
-0.0739260483747335 0.00104758284590436 0.198797366861479 0.13333055686602
-0.0648895287394768 0.0101084167418572 -0.000716628559522129 -0.137442754172109
-0.0574775613900555 0.00187104759854612 -0.270068150266492 -0.304898557671661
-0.0695048517988737 0.000585644591642953 -0.478121261607977 -0.394758410726041
-0.0700099160596892 -0.0313536038945847 -0.62633362430152 -0.335749497963034
-0.00409014887245144 -0.087986770935791 -0.663520041917654 -0.188578482632398
0.0202682032482586 -0.0356133150514137 -0.64093262950157 -0.105388602904177
0.000711453393175555 0.0284643635044224 -0.527241046238223 -0.112251892546733
-0.0858505192270245 -0.00564955966846644 -0.182685621339402 -0.0553809543811954
-0.0870648113065405 -0.0174466243298625 0.194699127830738 0.172868391039312
-0.0299592541687478 0.0714143643411668 0.467859915913048 0.337987344452916
0.0363223784349482 0.0488625214939459 0.481724604624379 0.464086096345863
0.0303140643012772 -0.0528776297232985 0.460587746370348 0.6184575474321
-0.0519855106760011 -0.0313715719139911 0.467532332026472 0.612395282229898
-0.0802199976960702 0.0153099149002825 0.366965469517298 0.418913341170025
-0.0541887311086404 0.0441659050298134 0.164942531127948 0.136284916532536
-0.0447220494496584 0.0517592734260764 -0.0206506465439371 -0.13311763827966
-0.0366116309700351 0.039123689825228 -0.294461509451834 -0.294329698795955
-0.0562735689241308 0.0262195370650778 -0.510915125084602 -0.374631171771143
-0.0583829977394057 -0.0274628900034699 -0.655726620526367 -0.310574150683797
0.021888663871379 -0.10083568478514 -0.672786618781831 -0.169386399258915
0.0559939654626708 -0.0239070103606514 -0.631067543488598 -0.0876575722383405
0.0105124148163462 0.0573224926766008 -0.510412747380431 -0.0982351058648709
-0.0971473819130948 0.00518487638905102 -0.154145112172927 -0.0513048256947861
0.0947814898032139 -0.0494993740466171 0.133358689379169 0.103147949697644
0.00391963269412515 -0.09759956582726 0.474672728635463 0.132130044127655
-0.0772284376275514 0.0145139691847981 0.604939331378026 0.0806016496230753
-0.00604375172401675 0.0964147721167193 0.629409137784684 0.174507388369966
0.0826715353940787 0.0471344328454024 0.656934015877075 0.303336667123527
0.0398865826335328 -0.0167871395411152 0.563408864422159 0.33853260043698
0.0139667648899645 -0.0544297012717339 0.338161615789019 0.25313387192226
0.0239789593380914 -0.0469203194213869 0.131571301332 0.0430666066902002
0.0308230396745446 -0.0635055052697415 -0.104302358694831 -0.160801364260133
0.0574230113302747 -0.0275156528445967 -0.265618663104007 -0.426854721107098
0.0607756022170583 0.0346917193182168 -0.418119304619352 -0.602629366712833
0.00998966037936982 0.0605229982513506 -0.471958038588995 -0.607381750110651
-0.0475321119866343 -0.032044064333872 -0.506951731474201 -0.485459896224144
0.0653397572984694 -0.0795168647453161 -0.510441821905759 -0.340062234314749
0.105067425586943 -0.0156814026909073 -0.218142494828764 -0.167488959832007
0.0799542198190496 -0.0466258553658395 0.116101804498971 0.104945130234122
-0.00058700602105429 -0.102969007915836 0.470532663043052 0.143040842598102
-0.096388076012478 -0.00405759645654455 0.591839977583841 0.100850679465491
-0.0413632652567962 0.0853680985371292 0.623201236065921 0.216014664232294
0.0481820046034495 0.0436179356304133 0.668160877636269 0.341113005449343
0.011588032984902 -0.0290427744607494 0.574978738475313 0.339597714860859
-0.0165454465179443 -0.073369530400974 0.34328261430013 0.230898178138122
-0.00585455647692453 -0.0723046892167799 0.129908629617027 0.012309935767204
0.00214546911680383 -0.0903735609013643 -0.103872847472292 -0.190241829908862
0.0284825531635963 -0.0611394741595771 -0.265855696971026 -0.434741263332157
0.0386155765947447 -0.00238734171152638 -0.42145668608964 -0.574155348779605
0.00577944984964496 0.0354006680422933 -0.498839946343287 -0.558560820079102
-0.0602339665978895 -0.0347819729760383 -0.540268124736062 -0.44871829786362
0.0363445175082003 -0.0876901731297488 -0.525367433200269 -0.321809802777882
0.080904079568698 -0.0342837747265196 -0.236903550807448 -0.157668970869957
0.0532683994555904 -0.0419795403534428 0.108474167533076 0.107720685212275
-0.00549758342129375 -0.0930658602274444 0.469335143171607 0.166303150386909
-0.0992983347833314 -0.0171977138048591 0.577568427268699 0.14375179024327
-0.0633896840394564 0.0609572825391654 0.606208006696559 0.285282396248523
0.0104263660049251 0.0290094661395833 0.665660202841173 0.399478190151589
-0.0203006981049403 -0.0375272609285147 0.572600172566965 0.354410495382524
-0.0452526921219879 -0.0819187724093303 0.332920334748612 0.208223026329738
-0.0337438004187193 -0.0848132329714662 0.115385211285855 -0.0252903333185591
-0.0268528599233981 -0.101311923152696 -0.119989913623715 -0.224686683738147
-0.0038963245967538 -0.0800518615040789 -0.288571551734136 -0.442996691048436
0.00866954687520004 -0.0323308301388285 -0.4498309026713 -0.538896722593471
7.50038721017005E-05 0.00511835354387492 -0.538713707686264 -0.489180785831963
-0.0616062466031542 -0.0378211996471174 -0.579059154833061 -0.385189866123625
0.0105596006405161 -0.0802136675918848 -0.539158290416031 -0.283391981974188
0.046242817441898 -0.0456600438976454 -0.247252061035766 -0.137150415197851
0.0177531932105857 -0.0394059558794599 0.110640147992431 0.112295986606012
-0.017800344223241 -0.070637485152872 0.469876785242952 0.196875498343972
-0.0876172624369261 -0.0195302117776204 0.55714147489936 0.201811795135721
-0.0655240790997468 0.0285652992737391 0.57336977082175 0.373001356996703
-0.0214182738483935 0.00375564904482414 0.643209037742313 0.471187727078043
-0.0499494525673773 -0.0465780415151545 0.550212020647114 0.377274867998964
-0.0666391657138196 -0.0786459824062067 0.309047003142641 0.185794635169175
-0.0564036827810457 -0.0804581509871735 0.0915826476632002 -0.0653279099543126
-0.049910554188167 -0.0942791975970122 -0.149799242971787 -0.258484055417295
-0.0355446768337458 -0.0778589890079114 -0.330149896006344 -0.444355890177757
-0.0231673640836024 -0.0464547223070738 -0.491148684550036 -0.493606637196353
-0.00949715882917924 -0.0257634716244974 -0.58084642216588 -0.405999977489731
-0.0538483908318328 -0.0399860157931682 -0.608725508423483 -0.304653806306333
-0.00543963466455657 -0.0618769856234365 -0.54764117574951 -0.233173555827796
0.00688474143854638 -0.0454506674822968 -0.243914687628263 -0.112074548576303
-0.020035715226486 -0.0408343712913247 0.122756136026202 0.12317915488131
-0.0352989640920931 -0.0414467949515814 0.471425084820676 0.237242209090147
-0.0671070339459511 -0.00773801607806599 0.531958412627319 0.271814867068346
-0.04786311625456 -0.00320710350069309 0.533530206716268 0.459437056155194
-0.0421657887444056 -0.0257289279368773 0.599190590346881 0.540387321681043
-0.0728627540389749 -0.0511168974654526 0.511998223499854 0.398294991081211
-0.0795759038176784 -0.0638261381191173 0.275095115801693 0.162608691500236
-0.0700790563073118 -0.0616742674170057 0.0608248816594606 -0.100040174808844
-0.0639120279955247 -0.0703247407676324 -0.189406620185175 -0.28414203464208
-0.0585640522852968 -0.0586344434257671 -0.378129673142157 -0.434586942090183
-0.0492875747122728 -0.0459356367120157 -0.540271146164524 -0.437190640177016
-0.0171306682276229 -0.0493388592037687 -0.61559290340864 -0.319563069362349
-0.0375766688121481 -0.0406162018588441 -0.627775080281773 -0.22466287935253
-0.0112377793524441 -0.0354400819639884 -0.54710561945027 -0.182018877582788
-0.0301187816258936 -0.0365242098538891 -0.230159259619379 -0.086479583027703
-0.05429119080065 -0.0418077007533835 0.141892775619969 0.139620972849117
-0.0500614956618188 -0.00536581996138949 0.466473232576779 0.279731289136627
-0.0378437689445291 0.0128316925518193 0.50138614268666 0.347163997235948
-0.0181497354879399 -0.030003281347642 0.493489858869117 0.539846378749256
-0.0511182010815215 -0.047656703586008 0.550024636812214 0.58757339989832
-0.0864670903965375 -0.0453707855341351 0.462372329785145 0.410195418136584
-0.0820566028113562 -0.0367803500386699 0.235877371559224 0.14401263106681
-0.0730319684821317 -0.0298393993426171 0.0284554571556133 -0.12590626010395
-0.0669145150219895 -0.0356847017541592 -0.229425647645329 -0.298591870218454
-0.0698576711132213 -0.0305042805930376 -0.429445921554002 -0.415822204959139
-0.0663010460906718 -0.0391774506386082 -0.583625898018567 -0.379817494701037
-0.0166487032158943 -0.069505275435264 -0.638978192245999 -0.242942903053941
-0.0128377091780487 -0.0404087579879441 -0.635000921658371 -0.155193325662163
-0.00788468415888361 -0.00391464498560125 -0.535196995680766 -0.141051696058279
-0.0616485255887589 -0.0212185298134999 -0.207402411307656 -0.0676004804335953
-0.077878987080582 -0.0331682643664215 0.166779225262792 0.157912472597506
-0.0487787761259279 0.034954944583418 0.460966511154804 0.313637154756789
-0.00149819126952407 0.0344168752579551 0.481848736626264 0.416040371084112
0.0109631167755868 -0.0473434123569664 0.465348720272797 0.594120732068914
-0.0548034997826732 -0.0512114592486455 0.501345784694783 0.610677906896318
-0.0887673303130251 -0.0220196447125079 0.408727773133055 0.413857340513832
-0.0726853086578878 0.00145767658453723 0.196241221283756 0.133756612925221
-0.0640738883075904 0.00997720981823988 -4.02435298355046E-05 -0.13624256100455
-0.0560264704802265 0.00240590480083376 -0.26565563485701 -0.301754236449359
-0.0688489656143786 0.000169583324140046 -0.472223066539097 -0.392381802225589
-0.0690869349041396 -0.0321254522121974 -0.618444800884113 -0.334375211296874
-0.00355779604082271 -0.0866289606649379 -0.655553396905216 -0.18944223597596
0.0197877443020452 -0.0344232958742291 -0.633824994748728 -0.106710327617086
0.00145119798730478 0.0283475470356127 -0.522894358902108 -0.113593815462156
-0.0843098042032481 -0.00673393121035942 -0.180353343491878 -0.0558993249634647
-0.0859034836392076 -0.0175186431026493 0.191403487643427 0.169755685467534
-0.0293478501786644 0.0709226820707308 0.461992057088122 0.336638904894905
0.0354911573991692 0.0485075352116804 0.47464597947996 0.462175889558385
0.0307074712686623 -0.0528239878838905 0.45224838912493 0.61322674103892
-0.0517635093295469 -0.0316405042257207 0.459877906810442 0.607515242744259
-0.0790264461380586 0.0151410647327666 0.361729339008152 0.416948615774649
-0.0532562137315429 0.0441315124946379 0.162491196826054 0.135574596778177
-0.0440538337484412 0.0507546208907681 -0.0198863636047205 -0.131307101810732
-0.0372198202955432 0.0377594059097365 -0.290585163327301 -0.291597940492359
-0.05532405623298 0.0252343396005552 -0.502989296385015 -0.371237164281217
-0.0569636804283561 -0.0285061706117203 -0.647984462276362 -0.308000056329792
0.0216733005759878 -0.099760231876983 -0.665062094931169 -0.168340133772951
0.0549823333156632 -0.0220777434565645 -0.624607381936935 -0.0896390373752277
0.0105884029013824 0.0557743788318784 -0.5048761664138 -0.10025922571318
-0.09551015518247 0.00471388979770135 -0.152778152137756 -0.0519079657997716
0.0929757850698856 -0.0471324714826658 0.131314689237734 0.101685745391813
0.00457502590037624 -0.0968606798979137 0.469588436841457 0.132730950178722
-0.0766477951388247 0.0134897986424663 0.598152054002155 0.0843274910145172
-0.0070108049741665 0.0951766659462929 0.624909221490368 0.173755452640172
0.0814990459727372 0.0476195210601041 0.649306132844659 0.304774960700596
0.0401401065167055 -0.0162199830500322 0.55614769718817 0.337221519393198
0.013883674613208 -0.0537622228436332 0.334168969978608 0.251261159724314
0.0244067057244943 -0.0469372687603944 0.129346000666488 0.0430990492114682
0.0300980988036096 -0.0622516000137769 -0.102158510385245 -0.15988114712023
0.0565325030614444 -0.0268095375405057 -0.259833646286768 -0.423662631465346
0.0594157166442445 0.0346625434326749 -0.408870064453826 -0.59764368951797
0.00949578338190607 0.0600455074915092 -0.463092788876117 -0.603528272594687
-0.0461004466061483 -0.0315317732608957 -0.499579148706144 -0.483370338876017
0.0662443965792126 -0.0794835132654393 -0.504570221335816 -0.339608033913148
0.103949402441225 -0.0146279442830551 -0.215577953888248 -0.166985159744414
0.077711121221403 -0.0441400078560526 0.114194755908396 0.104593842097677
0.000275388170917022 -0.101708747905926 0.465105260653684 0.143981433806111
-0.0955339919892823 -0.00432216584271162 0.583961416365437 0.104367082074981
-0.0416204652862546 0.0846565585841297 0.618341907828251 0.217561323272241
0.0475157409389498 0.042974962856446 0.661610573937676 0.340560005666383
0.0107478652899737 -0.0275606356017369 0.56791175220203 0.338980386732717
-0.0159575261320129 -0.0724556681321634 0.339425429346396 0.230461531799564
-0.00444235985753089 -0.0717117269327967 0.128122952493741 0.0123680056255115
0.000990039964371428 -0.0899600819519338 -0.10112868995934 -0.187959604019802
0.0287142186002351 -0.0609108769291161 -0.260050792239602 -0.432682328009191
0.0385152922144649 -0.00309158028255854 -0.414897300582346 -0.572334779123502
0.00534365672550223 0.0344735609530912 -0.490160219323017 -0.555473116391157
-0.0594257355888738 -0.0345319556159534 -0.533505420928451 -0.44813392944924
0.03687778460789 -0.0866389404085678 -0.520459087767414 -0.322229913285758
0.0805970957942771 -0.0337002135593538 -0.234151017730253 -0.157865234222846
0.0521545516309329 -0.0401023003618676 0.105789648424327 0.106849370371172
-0.00506985428697984 -0.0925765395278206 0.464769999978446 0.167064349414881
-0.0977867541575587 -0.0174347937310808 0.570708980872681 0.144987742100157
-0.0639004353424102 0.0598329949794203 0.597765131558733 0.285264622706865
0.0100178971447629 0.0295465199038634 0.657217976237546 0.400565413010141
-0.0201713783634091 -0.0376604271171592 0.5652730696972 0.355107670137698
-0.0437972782393347 -0.0805537805712196 0.32835963321311 0.208406924898712
-0.0330204025413147 -0.0840325557186802 0.114025577324045 -0.0243131272699696
-0.0262553622926178 -0.100322945336535 -0.118330360049726 -0.223128227631447
-0.00446052257798681 -0.079268789370161 -0.284024830447516 -0.439202239569243
0.00891236760917871 -0.0311169788651331 -0.442667126327593 -0.535289035211425
-0.000360625137894394 0.00336186970042975 -0.531035582578747 -0.486597224659637
-0.0612620822589536 -0.0367694285973924 -0.569788921034679 -0.384658285144397
0.0110257046958763 -0.0800555844793321 -0.532609323269047 -0.28228760005216
0.0464356110276164 -0.0443665439120985 -0.243518803673463 -0.137447763431531
0.0170862612359061 -0.0388127395279634 0.10871628651976 0.111905713446545
-0.0175966892372451 -0.0698772098079198 0.464054587641782 0.195955536174491
-0.0868111450070467 -0.0193312928555031 0.54979039892322 0.203278063864484
-0.065186300523455 0.0274656235203108 0.568058619481084 0.37274912742967
-0.0207298384449269 0.00351614079899956 0.633599419201984 0.472007356881614
-0.0493840032198847 -0.0462580273442783 0.543274754164243 0.377861543946474
-0.0653986892006945 -0.0783578229424067 0.305151290753522 0.185367772316167
-0.0557557751402889 -0.0798987787685508 0.0907261010010485 -0.0636922622828787
-0.0500185492723059 -0.0926993044578494 -0.14713271224011 -0.257252027295325
-0.034871064598055 -0.0771735959761106 -0.325491833297791 -0.441353752352701
-0.0229636867550679 -0.0461367333559527 -0.483875854515911 -0.489996754350946
-0.00965856455822839 -0.0257214816091165 -0.572139401840094 -0.40463133318542
-0.0531440268576276 -0.0396929371127682 -0.601211711598336 -0.307124416589414
-0.00408557517377772 -0.0616573661421863 -0.542039886074937 -0.234753247834776
0.00720340578671171 -0.0447509397254141 -0.241031738680833 -0.111761874711702
-0.0205670295884562 -0.0411436339256732 0.120769717079967 0.122233314652481
-0.0356672906777758 -0.0398797902290898 0.46470205936008 0.238092858326336
-0.0663202233472211 -0.00726910606649928 0.525864105934657 0.272369779817839
-0.0472375157196294 -0.00411748726735968 0.526211960358131 0.457981649613393
-0.0415405328322527 -0.0259348820256412 0.592879429560515 0.537751200964818
-0.0714362017909938 -0.0507966541178542 0.504646849640609 0.396434723800184
-0.0787332532376602 -0.0638844610844774 0.27246026373525 0.163944386898179
-0.0683365216322007 -0.0611062678885914 0.0599700268260806 -0.0988894519960455
-0.0634327961452631 -0.0696327950939715 -0.184862704611264 -0.282494826087554
-0.0583275025096196 -0.0584642970441675 -0.37331561786792 -0.432166866292498
-0.0494075034128009 -0.0464757551922298 -0.531428415703571 -0.436757069425969
-0.0165537465462965 -0.048890777417924 -0.606985852432441 -0.320670366232303
-0.0369394351322047 -0.0402888435490757 -0.621830923780191 -0.226217831051849
-0.00985575870807541 -0.0359153486584988 -0.542052568593867 -0.183534816643222
-0.0304150591442572 -0.0358396880942103 -0.22680313622963 -0.0867984496234806
-0.0541531393219892 -0.0413413441417271 0.139119207942418 0.137654014091735
-0.0491291992482824 -0.00508955907842075 0.460450792766386 0.279263933535065
-0.0386316792072884 0.012850677217303 0.495176055862886 0.348792894667232
-0.0177730518182644 -0.0298393772439189 0.485252454207899 0.537526765286825
-0.0502346838849173 -0.0471420286713802 0.543132149201635 0.585005951775936
-0.0852642916376582 -0.0448622517082447 0.456007794243375 0.407779087111733
-0.08112887141217 -0.0364504262034465 0.233534232080165 0.14450262584099
-0.0717716966826279 -0.0300455786732306 0.0278227142403421 -0.123719418288736
-0.0662342589071339 -0.0363129216993192 -0.225278046937398 -0.296830561903602
-0.0687710481332026 -0.0305605321997621 -0.423563846667117 -0.413391918546404
-0.065064408553684 -0.0400724069298714 -0.575845778576896 -0.37926102738774
-0.0160591941758506 -0.0687731794748562 -0.63096118081618 -0.244105599210645
-0.0127205575910893 -0.0379089664536807 -0.628418314418987 -0.156770527242813
-0.00710832282681088 -0.00479377974144898 -0.530420941083033 -0.142512522746013
-0.061521622213276 -0.0221686273358204 -0.204302994174036 -0.0674163455593612
-0.0777240788172549 -0.0339815604468598 0.163673275960154 0.15618461716246
-0.0484271513215724 0.0340817587628335 0.455359159581035 0.312996997840436
-0.00185848536838638 0.0342296070254027 0.475716085052054 0.414893813012839
0.0115362559594501 -0.0463844815225444 0.45783900758503 0.591960978965567
-0.0536528137356672 -0.0495514935655924 0.491921754120569 0.606810266324616
-0.0877589636536626 -0.0225123101098885 0.404044177673801 0.410743082441032
-0.072694119969772 0.000351791906160416 0.193657105711324 0.133857221822579
-0.063311863005129 0.00955351053323622 0.000357519034473676 -0.134986733464792
-0.0565099260525676 0.00168604168356109 -0.262393961415173 -0.30018856745187
-0.0679233303296624 -0.000540190507891419 -0.465344288925314 -0.39127155267062
-0.0674033960386678 -0.0320492239781994 -0.612080744918666 -0.333898274686152
-0.00399300525088265 -0.0857353407249508 -0.649040086992823 -0.190191470568325
0.0198337714508105 -0.0331395754468904 -0.62800636838893 -0.110453340905795
0.00133140844938116 0.0272897470416323 -0.516136647822407 -0.114652677306583
-0.0832310903167652 -0.00737981780379037 -0.178307392470009 -0.0567871425474053
-0.0854779538119034 -0.0184856797798278 0.188096139319742 0.168920704477519
-0.0301064178283337 0.0697901117538018 0.454758574136302 0.336038529860644
0.0335603328350397 0.0489273008673435 0.468612641826661 0.460217337543934
0.0309600983704571 -0.0523853343159899 0.445349897185927 0.61150859149248
-0.0509250942615429 -0.0310135849866826 0.453786159388641 0.604885744535651
-0.0787836651425475 0.0148384334823098 0.355358245599523 0.413382040003452
-0.0532667769866245 0.0421878926362936 0.160944437792969 0.135708523613509
-0.0437241911200252 0.0507921130710486 -0.0199331890055841 -0.130043355175126
-0.0377876339725942 0.0372761696493718 -0.286252431140573 -0.289681642095876
-0.0548691731212961 0.0247565117805311 -0.496808587569001 -0.370001724683323
-0.0560338730401067 -0.0292040406880748 -0.641372485589095 -0.307360760063777
0.0222064182962325 -0.0980673191009616 -0.657632730699175 -0.172259990938574
0.0549423390996909 -0.0213090989555975 -0.618688938903676 -0.0922541997717238
0.0105048000153655 0.0556003518999502 -0.500910733286545 -0.10170277537722
-0.0940783750640311 0.00385858795674032 -0.150769017877704 -0.0526652720835929
0.0918764813024194 -0.045513984190358 0.128776187989772 0.102387421412456
0.00523469258282316 -0.0954610004101728 0.463895100233769 0.134970176670927
-0.075353686479278 0.0134836266704103 0.593011073576471 0.0883576372923919
-0.00822327829947105 0.0943201831990241 0.618191399417901 0.177243166348939
0.0806874586713677 0.0469314741638242 0.643372517862825 0.307280661341498
0.0392494799390117 -0.0154368564174283 0.549998321183326 0.33840180202718
0.0144508434962255 -0.0527248509480948 0.330019776126768 0.251603649000785
0.0241152171593774 -0.0462133884841945 0.127943853619902 0.0436247504751435
0.0296440477767878 -0.0616443390531696 -0.100232888878592 -0.15971235112846
0.0565181377469457 -0.0262865500655519 -0.255560337805899 -0.422783044873908
0.0592006429981847 0.0335326489783905 -0.403050346813745 -0.59546529421126
0.00889193700278406 0.0596294457660554 -0.456153120602339 -0.601431711605355
-0.0450025012787257 -0.0313919723392602 -0.49220255408806 -0.484969912346397
0.0668813959880948 -0.0783286075197027 -0.498811785250988 -0.339990492539594
0.102871436225692 -0.0131508145216674 -0.212335577684297 -0.167608656901452
0.0763232209681887 -0.0429804378878108 0.112611454557305 0.104149620374082
0.0014998665842902 -0.101024198825308 0.458474478870121 0.146709765974261
-0.0939688615562809 -0.00455955739120563 0.580751820871106 0.10724791801086
-0.0415360979428526 0.0835102014480856 0.61161721388808 0.220052239033089
0.0462428161820375 0.0438598669715981 0.654494067785197 0.343507799125733
0.011104001135952 -0.0265629944257359 0.561448368298289 0.340484183713379
-0.0157923580594708 -0.0720213094734621 0.336071185863347 0.230130545049339
-0.00476373280749159 -0.0713909275144304 0.12665051364792 0.0136894840125239
0.00190916264674917 -0.0887892341847444 -0.0983505639568563 -0.188012621966623
0.028620698050924 -0.0604558140330463 -0.255585942681117 -0.431093163074416
0.0386889784341872 -0.00325239696827742 -0.40831711495394 -0.568840819585361
0.00513086234980328 0.0343270343042553 -0.483801481826432 -0.554786822359334
-0.05845742473143 -0.03347063087055 -0.526787271785657 -0.449416605727929
0.0382413907123909 -0.0866941065200313 -0.51494127438775 -0.324193751425935
0.0802299293990428 -0.0325152907857765 -0.23089786491779 -0.157508515790058
0.0502816332016645 -0.0390474904829829 0.104240014563088 0.105634902230772
-0.00464557185749279 -0.0909866168526698 0.460074216526839 0.169393822549916
-0.0970723599763592 -0.0181010656630289 0.564855636140225 0.147329616100735
-0.0638378020934416 0.0591994852540698 0.592680016806013 0.289781495875021
0.00962865759508606 0.0290323031568175 0.651092250884188 0.401678568659258
-0.0199424630749776 -0.0366048663337214 0.559603828297153 0.355020833431245
-0.0433648660708377 -0.079936296810205 0.325475336545565 0.209212813776765
-0.0321190856854319 -0.0836104390213133 0.113481568916982 -0.0235052983484401
-0.0261664795539386 -0.0999455192126742 -0.115494102592261 -0.222161019076244
-0.00353305334884197 -0.0789025828880729 -0.278818900367845 -0.438804804717502
0.00936607507171318 -0.03151074269315 -0.434670722228363 -0.534687702237911
-0.0011409802269312 0.00324078999007774 -0.524442500463085 -0.487045907848271
-0.0600312219576424 -0.0373046846262366 -0.565645465532518 -0.3870251147537
0.0126066093485927 -0.0800269178449751 -0.52881321678301 -0.284766641670002
0.0456546091271316 -0.0435559440212113 -0.240929154435213 -0.137702132091358
0.0166067833970126 -0.0378705419496244 0.106310328844263 0.110312283551065
-0.0175192921534507 -0.0692283994143986 0.459476007661518 0.1985218065575
-0.0858057871018979 -0.0187185003716215 0.543108436273341 0.206752890872776
-0.0654039056372699 0.0263555675687052 0.56054538473267 0.374274670697972
-0.0211054501739459 0.00353603216610388 0.626078424607211 0.47245701055907
-0.0485701461162512 -0.0460037092272599 0.535857717744299 0.377634793958691
-0.0653592989111924 -0.0779907974052596 0.302476913321667 0.185309435153481
-0.0545831537804115 -0.0795691810335817 0.0902113426517546 -0.0629217628317414
-0.0496296733063065 -0.0924462802638019 -0.145350945850277 -0.256390847210281
-0.0339553389214397 -0.0766648469670914 -0.318554181257332 -0.440276405809367
-0.0221030478649931 -0.0465119420914588 -0.476552077167664 -0.489699162238298
-0.0095203022624865 -0.0251060967507189 -0.564164426344672 -0.405683866258858
-0.052353001348851 -0.0388840655013784 -0.596292462729898 -0.309770651177912
-0.00325628271481725 -0.0616103341324546 -0.535469654198251 -0.236165771129149
0.00717859250879562 -0.0448970615298402 -0.23764910157635 -0.112404742971958
-0.0205360754935297 -0.0401311048692023 0.118411155484657 0.121004532529495
-0.0351124811184496 -0.0401556214321497 0.459680351397571 0.239547209869342
-0.065497005702209 -0.00731105991509414 0.518364469969949 0.273710321605776
-0.0465459979509687 -0.00498169119091928 0.518279987561397 0.459147663684886
-0.0407131420945483 -0.0258342660975361 0.583957015989456 0.538702498697989
-0.0712428780084856 -0.0509583676529835 0.498311861224534 0.396730752749771
-0.0781944132608428 -0.0636990538556345 0.269679593450029 0.163668875127912
-0.0680958032097961 -0.0611405202983188 0.0601641344835749 -0.0976090536661987
-0.0631248183279155 -0.069317611836465 -0.182282790470739 -0.281968315033909
-0.0568655835958729 -0.0583819067875865 -0.367559355358032 -0.432075816259121
-0.0485923070190969 -0.0469041090679812 -0.524299235034056 -0.434699474220139
-0.016486282667044 -0.0493552106219111 -0.600845400460783 -0.321502397010151
-0.0363370185361064 -0.0397939243217032 -0.616376311004562 -0.228103738282088
-0.00960445046537597 -0.0356759523756801 -0.535781771356786 -0.186489833571645
-0.0287476174011363 -0.0359907378105581 -0.225012773832756 -0.0884726400341901
-0.0539390520803966 -0.0413069991839751 0.137559079341345 0.13656500595649
-0.0492172933610838 -0.00498474149819199 0.455075610338064 0.280534422606367
-0.0376866637733685 0.0132745892628239 0.489784948618172 0.349375685048517
-0.0168452552666895 -0.0300076595237709 0.478508634413 0.536666989652571
-0.0501947398992138 -0.0470038379526719 0.534839476344383 0.586945738887537
-0.0840058775240711 -0.0448904354694179 0.448614573146396 0.407562620059792
-0.0811213980752477 -0.0369564304695017 0.230934563840815 0.144221547475197
-0.0714380986249878 -0.0301382971844082 0.0288253430808174 -0.122777131939351
-0.0651515510917065 -0.0364351033883778 -0.222534292635362 -0.296061189871263
-0.068124430830534 -0.0301604652753716 -0.415458635421552 -0.412642770633689
-0.063905953061376 -0.0398386730616533 -0.568590740897017 -0.380128298671557
-0.0146097575053732 -0.067882194882729 -0.626418980376922 -0.247054296598261
-0.012057179353432 -0.0379809775379556 -0.623681649571781 -0.159862859051341
-0.0061714374934985 -0.00514668320196012 -0.526104655605458 -0.145648517658313
-0.0606604233328725 -0.0217635771021837 -0.20281490574961 -0.0693676876472384
-0.0777566262018627 -0.0336381168293356 0.161144832431681 0.155144884504065
-0.0493793688327411 0.0345608520663084 0.448536204361571 0.313946719305585
-0.00304409042791063 0.034749589516367 0.468376741221813 0.415923606753648
0.0117011409141213 -0.0468589305939932 0.449030981078389 0.589378302460515
-0.0533126853607855 -0.0497682150005153 0.484255518139374 0.605845667953879
-0.0872152114572588 -0.0224421858437317 0.397044324917586 0.411445340669309
-0.0717725688965381 0.000459266615397335 0.191477327672135 0.133355427627654
-0.0625020318769273 0.00906554202145213 0.00112720994967422 -0.133883630503788
-0.0571638107917314 0.00144992493523344 -0.25762449826018 -0.298240352999781
-0.0669370310147228 -0.00157545012319125 -0.459292164714563 -0.390442742876959
-0.0665023971167874 -0.0326376234891601 -0.60446811176843 -0.335087507309573
-0.0030830558032155 -0.085682111370117 -0.642094641918304 -0.193125752006429
0.0197027126314173 -0.0318032007038158 -0.621859209028232 -0.11411428050473
0.00152354326156792 0.0265283594833336 -0.512652917726146 -0.118121366832169
-0.0821750213439435 -0.00766299092609131 -0.176513645968566 -0.057543500898445
-0.0859388874548017 -0.0188214352171011 0.185108818376994 0.167797626032246
-0.0301960008160713 0.0690020577295209 0.447541446022693 0.336475940165118
0.034405104278657 0.0494114322536196 0.461237959115773 0.460553349453368
0.0304412075124061 -0.0510620037623343 0.437430042088924 0.608466754733798
-0.0501918757132989 -0.0307390625908241 0.444080699460551 0.603466734376926
-0.0780104488217461 0.0139044135048938 0.350716849528864 0.4129161879189
-0.0525547992628834 0.0422933084861528 0.158763315987937 0.13604791430915
-0.0430370668914277 0.0503585568372679 -0.018526345318762 -0.128794453559156
-0.0377459970809802 0.0370672859457161 -0.280499700586113 -0.289079012703273
-0.0549254425744973 0.0238464526498311 -0.490924106854028 -0.372029110506652
-0.0547974141066265 -0.029300194668865 -0.632506899019518 -0.309732196841742
0.0229420351524806 -0.0975018953871802 -0.65245644042268 -0.17514500780434
0.0550423367544596 -0.0203259174968765 -0.615782722988657 -0.0958231666011989
0.0103134420836459 0.0546777850220387 -0.495863067737019 -0.105270130311383
-0.0941589510432587 0.00229480824261805 -0.149226141638357 -0.0530104103078658
0.0904271493118106 -0.0445205004894708 0.127063799969279 0.102328672229395
0.0057898674681342 -0.0940594619350881 0.459965558902462 0.139399561999703
-0.0750975033858988 0.0131347999018668 0.590789677031966 0.0925759389837315
-0.00844721621659309 0.0923177936572612 0.61443370500704 0.18187535765342
0.0795885661123394 0.0481847802236613 0.637774917062671 0.310592364366049
0.0398664365038894 -0.0152566095006803 0.543985537864785 0.339992259243653
0.0137259646065576 -0.0519652075133469 0.326003618290672 0.252181709177533
0.0247949164644963 -0.0453910822108269 0.125817207868664 0.0444897699232713
0.0295238385507106 -0.0604537290120105 -0.0981019333964795 -0.159716909998365
0.0561857363304596 -0.0257200093153352 -0.250944944277517 -0.422002171550758
0.0589748778858908 0.0335524034607703 -0.396468566449124 -0.594408161850972
0.00833858213854508 0.0591585092664632 -0.448230953683881 -0.602823119879977
-0.0450510707730825 -0.03134728104855 -0.485931024535831 -0.487863142705851
0.0682742050378246 -0.0774094779981316 -0.494220350308229 -0.344325677366114
0.102471672473819 -0.0130222268806034 -0.210680309838941 -0.167875741753184
0.0754377387393104 -0.0416019357251309 0.110469076147964 0.104959470174595
0.00204343591005419 -0.0996107262113081 0.455416824280691 0.150146819463786
-0.0931148188137356 -0.00591987092317912 0.576782624882552 0.111551741226725
-0.0433784518294476 0.0821126945252759 0.606059452080933 0.224475796381333
0.0461519832118039 0.0435511526332097 0.649559470195855 0.344978396681723
0.0111853295101005 -0.0267445025482173 0.556625376393578 0.342121132564831
-0.0150046973654612 -0.0714667030738538 0.332079126527861 0.23113538318902
-0.00412476094152 -0.0710901671834103 0.125510643882712 0.0153159113432249
0.00200095439416532 -0.0881413509540532 -0.0972546203986971 -0.18797377595158
0.0290611614199741 -0.0597070720802211 -0.250454395766436 -0.429942286516015
0.0382107347206407 -0.0028797297380065 -0.399622810336382 -0.56776481629579
0.00497152491213151 0.034040345439435 -0.476367127882099 -0.556139027460159
-0.0573985887570005 -0.0344653955206651 -0.521288837807629 -0.451779392716606
0.0387883462101743 -0.0856396229073806 -0.509901541360715 -0.326203425502259
0.0795615411282318 -0.0314147116688357 -0.227903692022293 -0.159119692838351
0.049875701024822 -0.0380489411735145 0.101934107596037 0.106068121294495
-0.00423531002883483 -0.0908585675163641 0.45385764870328 0.173592846249291
-0.0964909965763233 -0.0183088119966225 0.560849367715245 0.153076631311243
-0.0636781193805633 0.0572365213019998 0.588219371263386 0.292325254035953
0.00944083053058233 0.029157716578849 0.644904255229626 0.405279609805119
-0.0193657586478554 -0.0368515967215573 0.553407327782323 0.355261649241148
-0.0432926079061765 -0.080335609033346 0.3219343551986 0.21005181027713
-0.0312493994209368 -0.0830746352152927 0.112859534112219 -0.0223363489701317
-0.0258275548470602 -0.0988926720070363 -0.111783844074343 -0.221762566921465
-0.0026889619204999 -0.0778358361510054 -0.27420040802069 -0.4375989942097
0.00994235974759952 -0.0316830825513186 -0.428833905650998 -0.534001467664191
-0.000836152050279121 0.00360987270527505 -0.517152253495614 -0.48923032181758
-0.0593189053394011 -0.0369071303365214 -0.558554732481913 -0.389869870063556
0.0133930917981358 -0.08010822534116 -0.523110511018237 -0.288320311026201
0.0459022152299466 -0.0432459332489568 -0.237716779795417 -0.139244595541232
0.0156285624673982 -0.0376426476133668 0.104637917311852 0.110257590000587
-0.0162393920741096 -0.0686080483359337 0.45458002267712 0.201789097630337
-0.0856086514305484 -0.0195143551071916 0.539191994364653 0.209693313756059
-0.0650808036166495 0.0251419990193324 0.554677135581834 0.375330210517673
-0.020788359367263 0.00412772375036134 0.620046551198824 0.475044099635445
-0.0479807013450668 -0.0457098472381177 0.531107092478242 0.380341277845663
-0.0635628631115568 -0.0776968307946623 0.299157551161568 0.187289949949512
-0.053036474005218 -0.0793530672815105 0.0901845031917714 -0.0614838685349385
-0.0489294590907085 -0.0921900314221219 -0.141224993311436 -0.255992287676461
-0.0327713957907628 -0.0773303253832691 -0.314350118178487 -0.441106021193705
-0.0214252773403894 -0.0463721591254639 -0.470876209313935 -0.489916566399686
-0.00955747543794733 -0.0254366207660129 -0.559168010881865 -0.406949083865368
-0.0515064594127905 -0.0388070705343768 -0.589194508785829 -0.312516478372996
-0.00219740566743293 -0.0618378101572851 -0.53180076914929 -0.240105186049677
0.00815129437405934 -0.0439627782782941 -0.235579422693169 -0.114436332860346
-0.0213840843259942 -0.040609698661694 0.11644495067148 0.121459836085053
-0.0344440136339031 -0.0397827415107533 0.454034733898116 0.243266127274726
-0.0653125814482628 -0.00786298444820056 0.513013062893463 0.277114138851241
-0.0471353326522367 -0.0057114213816006 0.512762618120382 0.462399881272378
-0.040390004794218 -0.0254568098003937 0.57548518516477 0.540690052428487
-0.0706321130492906 -0.0512759159562008 0.493109527967157 0.39864606053491
-0.0771400885479523 -0.0633238690381214 0.266161462848088 0.164457399831223
-0.0674776518760487 -0.0621662894921336 0.060456377911742 -0.0961259126511858
-0.0629962991953877 -0.0695539497976685 -0.178604286336664 -0.281691592864224
-0.0556052311450187 -0.058564022859787 -0.362380777099893 -0.433264675033572
-0.0470461809961403 -0.047233670113865 -0.51902150857509 -0.437763306208451
-0.0161042759170525 -0.0486927956352277 -0.594963117202954 -0.325939384215637
-0.0360697233673274 -0.0391577179529824 -0.612749916931469 -0.233212753924236
-0.00902609440387777 -0.0366032325133428 -0.53179798131824 -0.189162639714897
-0.0285623065711463 -0.0359522320451623 -0.222645461642479 -0.0899719545459707
-0.0537986004455942 -0.0416242174698409 0.135468120476783 0.136572773387764
-0.049014588571887 -0.0058533127301745 0.449172006629964 0.282276202585258
-0.0377850969624622 0.0131853724859899 0.483337382549969 0.352719750407425
-0.0172599356136947 -0.0304363780788718 0.47117672587259 0.538554416495727
-0.049486850048629 -0.0475776195248669 0.528049501651405 0.588200160722104
-0.0836907234255639 -0.0451368320868617 0.443518805019036 0.407749968768794
-0.0802626009935128 -0.0372919394441988 0.228125877306358 0.145063945228432
-0.0707424972804984 -0.0307685433255948 0.029715260442296 -0.121420569044347
-0.0658005140557646 -0.0365306760749599 -0.21828372600989 -0.29665587855805
-0.0669951429857437 -0.0312255932661075 -0.411623035462978 -0.414573224617444
-0.0634601798828318 -0.0402696000772751 -0.56211172999985 -0.383095131276105
-0.0146078062920436 -0.068539720794414 -0.621420217014198 -0.249946791187042
-0.0116501087299626 -0.0368409225664477 -0.618275519266902 -0.165065903221418
-0.00639701324661008 -0.00544347514446212 -0.521844779634332 -0.148225005961596
-0.059951071274808 -0.0226987914878692 -0.201163583513213 -0.0706341865410088
-0.0775245886208327 -0.0341588714566407 0.158545146981739 0.154399732866176
-0.0489672079126595 0.0336253597847095 0.44380858267769 0.316698661059991
-0.00279745034412872 0.0341288382768491 0.462065575390158 0.418871331844358
0.0109227549161588 -0.0469610105057357 0.444077211708337 0.590839634254138
-0.0524668646011353 -0.0501450162022613 0.47813762791971 0.607090427632914
-0.0865793397988326 -0.0232689820867496 0.392754484160381 0.412720962005224
-0.0716706804272795 -0.000393405602403247 0.189985470655591 0.13403771953716
-0.0621114172743458 0.00835676804486588 0.00184064384779934 -0.132135002539905
-0.0573213326780496 0.00135725851394546 -0.253386031538722 -0.299405494970546
-0.0662797447630014 -0.00197145398846497 -0.454415486494452 -0.392498221563293
-0.065833305076217 -0.0332198036725271 -0.60031172299927 -0.337117967898598
-0.00164208201015718 -0.0844141014287552 -0.63788739061502 -0.198712774880004
0.0202832092250706 -0.0308804310285816 -0.61928081197647 -0.119268978676177
0.00161107996096717 0.025837791785786 -0.509156408623053 -0.121549831742209
-0.0823598789743918 -0.00835952023191687 -0.17436554607334 -0.0591505464563859
-0.0854692419665174 -0.0190071822138096 0.182784492420425 0.16842212259886
-0.030690054469708 0.0681407272468927 0.441931662545578 0.340207879403149
0.0328064956003633 0.0491886462142373 0.454669808775798 0.46353766725743
0.0301955552147064 -0.0514128062100988 0.429628250998671 0.611077643172672
-0.0496676024401729 -0.0314986282026338 0.438841065362723 0.602052861716757
-0.0780388541106279 0.0131313802919974 0.345544506044654 0.413501360856289
-0.0531489024063319 0.041447722703445 0.157092952250049 0.136707107846217
-0.0431492948653416 0.0493154167599369 -0.0176736650785682 -0.12884118653286
-0.0382518683684145 0.0361395148043295 -0.277681488216317 -0.290830015296014
-0.0540940976337563 0.0236908514170576 -0.485406366694686 -0.372214504025218
-0.0538524579279107 -0.0299348488644961 -0.628925799457079 -0.312818554564937
0.0236284544270312 -0.0966138577465922 -0.648430247705778 -0.178432131591215
0.0544848209372686 -0.0187233214326213 -0.610555459869923 -0.100492565607956
0.0102151083125845 0.0530934683943222 -0.493002197249504 -0.107805881576532
-0.0928380939463575 0.000944267682110967 -0.148356910565776 -0.0547365329302116
0.0891314805568803 -0.0424208583561177 0.126021731198671 0.103596946930557
0.00653896141677896 -0.0937505426247604 0.457342584677821 0.142670930996729
-0.0743788513427482 0.0126870281758014 0.588616227226397 0.096307234952039
-0.00913348103405708 0.091842433122383 0.61200865407972 0.185710834144166
0.0790562493868631 0.0478533389917308 0.634832799760676 0.315399439428939
0.0397671994699373 -0.0141050926224817 0.540815502088983 0.344324330978463
0.0142256410498983 -0.0514857499330205 0.324082151655508 0.254533956390058
0.025184157220297 -0.0455141927689733 0.125893417385517 0.0450060389530065
0.0301701445242536 -0.0594587137233698 -0.0967124005235612 -0.160419877923569
0.0560172550799235 -0.0251470258645577 -0.246189194510428 -0.423703433453003
0.0580790303874712 0.0342733556992412 -0.390597262873765 -0.596249310318153
0.00748707880801951 0.0585215321928779 -0.442318804412929 -0.605318037707548
-0.0432787990548972 -0.0311105588789368 -0.481533116339354 -0.491393215720932
0.0687566677722781 -0.0777945925301355 -0.489701135076491 -0.346734759331614
0.101745999889663 -0.0112535147745779 -0.207855767479205 -0.168634644357353
0.074721982540334 -0.0399261694514052 0.108653586107331 0.104098577833226
0.00280642599328936 -0.0995435885700595 0.452776408990786 0.154372267855174
-0.092737663373429 -0.00667213303642751 0.573638882370679 0.11694273687144
-0.0425953813549687 0.0808919292693116 0.604008592200657 0.229665295860332
0.046078735380463 0.0442373288495341 0.644983193139985 0.349790671749759
0.0114052377497625 -0.0269960983818014 0.553536846891747 0.345521127578234
-0.0148115084904986 -0.0714124417158933 0.329384447396916 0.233056275963269
-0.00345935336751045 -0.071145913152898 0.125065091013721 0.0148558563168266
0.00206393360389999 -0.0877679035825722 -0.0947077502395351 -0.188652032226176
0.0292728250033298 -0.0599476516065173 -0.246080298451182 -0.431598245199879
0.0382348463952596 -0.0028474939603243 -0.393968657044607 -0.570934576219906
0.00468037913649471 0.0342045774716947 -0.470024999915055 -0.559709017460612
-0.0567553197655984 -0.0349178637187808 -0.517936855686372 -0.456451663763935
0.0408696347744041 -0.0856259971936775 -0.504679335005646 -0.332420019787347
0.0797922958761746 -0.0303912652044504 -0.225952492036587 -0.161480581547598
0.0489121138817802 -0.0370494667102735 0.100429480074059 0.105211323536306
-0.0026401662449771 -0.0892006510983024 0.45032221898196 0.176607380567011
-0.0946782285027613 -0.0200117737700263 0.557607848831751 0.157958313539103
-0.0640870612649911 0.0558460986853699 0.58436116456224 0.29696634248801
0.00902669178184033 0.0291208010253329 0.640890136207191 0.406828591436141
-0.0188708254356415 -0.0368067707323632 0.547190695753873 0.360016760944633
-0.0421412844231101 -0.0788195821067554 0.320085866599469 0.211324975190155
-0.0301571863792245 -0.0827346229406606 0.112711708651679 -0.0217501434036099
-0.0253793199028042 -0.0988638613595103 -0.110521946255198 -0.223196353601131
-0.00222925584945873 -0.0784800856621978 -0.269277422751065 -0.43985954828096
0.0100296855828078 -0.0323260410280123 -0.422300268449952 -0.538156506190533
-0.00185210102145295 0.00337358270219769 -0.511494932768467 -0.492014414743422
-0.0587650385673184 -0.0367633476706455 -0.554590197370443 -0.3955637860036
0.0149800366723668 -0.0803225557547914 -0.521269376632871 -0.290711485686138
0.046189114767585 -0.0428644834423775 -0.236324871018702 -0.142001250465992
0.0152548553852474 -0.0368346861087227 0.103310331098441 0.110345151875401
-0.0154405396742803 -0.0684815659255264 0.451984954756162 0.205676735355913
-0.0850311074528333 -0.0202675297263297 0.536851075848552 0.214764196310173
-0.0657332004149321 0.0245590518549121 0.55095987257105 0.37922375405124
-0.0208258550577951 0.00321691010100343 0.614669577973372 0.479861017125797
-0.046984964374745 -0.0464343805762729 0.526798474515719 0.382304004658061
-0.0632576689134085 -0.0783085449775735 0.297717656123517 0.189254980549697
-0.0526761887261008 -0.079818707626503 0.0897371726611208 -0.0604637023449073
-0.0485674055564308 -0.091678067009443 -0.138831777018231 -0.25598067970224
-0.0327553137987636 -0.0776645679847879 -0.309997964535352 -0.441684356578804
-0.020750199376809 -0.0471148718093974 -0.464732449129865 -0.493367932194472
-0.0102444574854477 -0.0260415262284375 -0.555855883471688 -0.41370571498929
-0.0513393692317643 -0.0387353759914728 -0.585915863663463 -0.316792766703802
-0.00206549472576151 -0.0619755488656008 -0.528851041011462 -0.24422780469682
0.00858080783784665 -0.0445952853835197 -0.233871950682991 -0.117197492842036
-0.0213301249261338 -0.0397706147876505 0.114770068999824 0.121323287581293
-0.03469401574463 -0.0397710074575163 0.449998258169642 0.247354444789523
-0.065156540699731 -0.00838027754664971 0.51066606640583 0.281816270861609
-0.0463419954585078 -0.00588784392722123 0.507959914289271 0.465470166103894
-0.0402085076988095 -0.0255662877656041 0.570735559444232 0.543414076820197
-0.0692781162867501 -0.0511104624778638 0.487420769948861 0.39929298247762
-0.0762490962802265 -0.0638182360347735 0.264980025888678 0.166745610203492
-0.0663266885122333 -0.0613182071498532 0.0612319687006466 -0.0955364179592189
-0.0628787856200869 -0.0700573234159054 -0.175636587373661 -0.281524367504597
-0.0553127920680707 -0.0594765754756164 -0.358684022168161 -0.434843096308505
-0.0466395884237779 -0.048072625746825 -0.513385657656877 -0.439996680064529
-0.0155826689422271 -0.0488992173802513 -0.591564896772099 -0.328624876302424
-0.035232254777364 -0.0387707089534183 -0.607747981926958 -0.239543320764639
-0.00740412459870294 -0.0363733986173691 -0.530652297895897 -0.194569866129197
-0.0282009109351563 -0.0368555792298735 -0.220910474134511 -0.0925979342785193
-0.0542765517518726 -0.0415644993191375 0.133947855639687 0.136732563310455
-0.0491199235910317 -0.00565782591937071 0.445190758240735 0.287283559152257
-0.0378803297518797 0.0128963908238761 0.47884508433535 0.356581308622574
-0.0174699680661367 -0.0309416473123437 0.466989387513174 0.540639025623622
-0.0490483846065217 -0.0476315811690771 0.521429508503388 0.589399248330659
-0.08291797951223 -0.046363725860803 0.44016306638813 0.411668869998619
-0.0792724963194119 -0.0384918728138839 0.225884431892331 0.14774919100781
-0.0697808776306417 -0.0310396847230233 0.0313212854005384 -0.119844052615718
-0.0653620983523185 -0.0363746349712628 -0.21414834661562 -0.297300851071429
-0.0665940403256533 -0.0314501381091657 -0.406609885526253 -0.417282541132662
-0.0622531325615009 -0.0414189582144749 -0.558236344395645 -0.385621287595463
-0.0141606675050201 -0.0685828985277598 -0.617249696406201 -0.256014611051069
-0.0107759131962078 -0.0357538172254155 -0.616974565033358 -0.171211530889529
-0.00498453958767467 -0.00614497842104497 -0.520608197860789 -0.152835066724318
-0.0602245020737624 -0.0236075542085101 -0.199192909904484 -0.0722804752300277
-0.0773629213249348 -0.034645759156013 0.1565262153896 0.154611147953922
-0.0500051457668782 0.0335778899769277 0.439874395661109 0.321033312832666
-0.00382443716283022 0.0348114608444246 0.457525490377216 0.420212098519256
0.011784307374132 -0.0475723151616675 0.436173479448085 0.593410993748299
-0.0522659145827251 -0.0502273990335507 0.47157205789369 0.608487040341254
-0.0858996679996781 -0.0235882963995551 0.387694677390273 0.41329939627618
-0.0713166261478105 -0.000631249046742142 0.188594231511614 0.13654844431338
-0.0615939336284573 0.00856139989983192 0.00325833124014772 -0.131829943550806
-0.0580982594613375 0.000966487962918465 -0.249513314692903 -0.300833161448772
-0.0661190183367874 -0.00252756901309635 -0.450269151825388 -0.395648181212876
-0.0646048872506435 -0.0346408190861215 -0.595059165608106 -0.343050562265041
-0.00180278434054067 -0.0848709374282702 -0.635730426605907 -0.202526198193323
0.0211007318988852 -0.0297202758501109 -0.617823048105872 -0.126288955945114
0.00232366563991969 0.0250167622938638 -0.507962575962035 -0.12626181575505
-0.0815564491886895 -0.0104202348755487 -0.173609872602401 -0.0610923932591571
-0.0853087699248021 -0.0202139716613673 0.18036819167894 0.169233934987281
-0.0317551335750466 0.0681964668344088 0.436831463005301 0.342869049016662
0.0321187949968888 0.0500143337683035 0.449752421582681 0.465294174791049
0.0310063106589835 -0.0509209966334793 0.423823296967895 0.611110015668285
-0.0498003681828656 -0.0314788171460747 0.432666171916523 0.604765360937028
-0.077473306530723 0.0126127645781761 0.341522879203862 0.414634372818263
-0.0534337285988481 0.0407259189933492 0.155723001638474 0.137869273536691
-0.0430217580863108 0.0490758704409477 -0.0164517612788312 -0.127616445432809
-0.0389102289393567 0.0365335526158852 -0.275635716410297 -0.291152528279087
-0.053746909838423 0.0218345925530808 -0.482285673173303 -0.376163630789948
-0.053540782616329 -0.0311447807093828 -0.623639592323889 -0.316104207581852
0.0248364972531666 -0.096143176374025 -0.646432928715944 -0.184742268188137
0.0555210203081645 -0.0179936091530008 -0.60913518964909 -0.107026970074953
0.0100650714398706 0.0529571363563411 -0.492435807826987 -0.113303733866022
-0.0923483577850583 -0.000492533473475857 -0.14733262962397 -0.0570433918907397
0.0889652918362585 -0.0410677331052426 0.123814794693425 0.104678985321788
0.00801464284582508 -0.0929352619690392 0.455589099893722 0.147232918126371
-0.0737346435478563 0.0119320796827841 0.586680633864286 0.10395065749308
-0.0105587705612565 0.0910474411166526 0.611215966586283 0.192283644295409
0.0781319801340266 0.0485259892598528 0.631952462267104 0.320864897154165
0.0392313646474134 -0.0138443647763694 0.537602455124742 0.348591299825783
0.0142314951488361 -0.0512082379087704 0.320833878252398 0.257431382575672
0.026022670000158 -0.0452299819797454 0.12447092221367 0.046190904229949
0.0297841658899358 -0.0591730015840934 -0.0947217556773944 -0.160544693953955
0.0563160452617573 -0.025106347504327 -0.242896707398464 -0.426237776759526
0.0571635021175169 0.0343084947106195 -0.382571952844688 -0.600196291678954
0.00696925991086686 0.0589692438335165 -0.436922490944811 -0.609965311752963
-0.0431986623894009 -0.0314312305274194 -0.479126749599911 -0.496926800621076
0.0704447267086583 -0.0772896365029463 -0.487780144119961 -0.351351470457819
0.101981701188038 -0.010672086197155 -0.206484563068868 -0.171046194935659
0.0738468952456034 -0.0391669825411022 0.107199635481951 0.104891775905566
0.00413506237002838 -0.0996531157930827 0.449168818708163 0.157257953334812
-0.0926645327561945 -0.00725696748990272 0.57217632867039 0.122501003740238
-0.0437938915449582 0.0803092127625655 0.60190263165577 0.234988099239334
0.0449386528756569 0.0439575146415301 0.642036397083312 0.35612205273637
0.0121019473988183 -0.0259771870508677 0.548837008529714 0.349193988126015
-0.0143108494756062 -0.0703880873543695 0.327320533734285 0.236394926560926
-0.00211245270561666 -0.0710162237388854 0.12440635966796 0.017527886338396
0.00274203229876013 -0.0873555535575655 -0.0932822944168759 -0.188941330489401
0.0297524065603869 -0.0598304202687105 -0.242115056252792 -0.433060034886478
0.0383668505581918 -0.00334379450610797 -0.38878541861774 -0.572609086880221
0.00352982057530761 0.0334593798155566 -0.465110385708929 -0.562806898002032
-0.0566586623401976 -0.034304516096484 -0.513868411773891 -0.461701160498797
0.0419147660512313 -0.0864481565002849 -0.503356279812701 -0.33421068159199
0.0798239429412945 -0.0299311853102535 -0.224043061664985 -0.163159307191994
0.0485128075866232 -0.0365640325479685 0.0992171369910208 0.107293258235559
-0.00160419372043024 -0.0887732389928833 0.449019629364081 0.180157952273278
-0.0948870596368041 -0.0202541267909226 0.555616007674147 0.163436046683233
-0.0648963633334863 0.0554002476323251 0.581065692213727 0.302650928766525
0.00916583209742167 0.028890517400107 0.63629636577961 0.413809833021537
-0.0186509590315508 -0.0366970660176064 0.545674997071095 0.365223848359336
-0.0419336717116078 -0.0798744797578395 0.318110538735862 0.21483603073836
-0.0294145508828056 -0.0832847930162149 0.112159205354876 -0.0206802197586494
-0.0249184175873319 -0.099170660780576 -0.107878296302682 -0.22298985250532
-0.00141940337071783 -0.0784521192199062 -0.266421774724565 -0.441316820677355
0.0102804201981091 -0.0323213096672166 -0.416606440088822 -0.539718175247395
-0.00133335018841799 0.00299180382638546 -0.50635676101184 -0.495854516155993
-0.0578629586907919 -0.0370322072066052 -0.552809679677472 -0.400521668911433
0.0166071569209312 -0.0804552184950969 -0.518223024275576 -0.296929918874469
0.047356858808709 -0.0417725983651997 -0.234667794780965 -0.1433279140634
0.0147065173915323 -0.0367287818884935 0.102336591991014 0.111162210478508
-0.0151250028851197 -0.0686529686841226 0.450144080110229 0.21110414072025
-0.0833697949964526 -0.0211813101634194 0.53419265041813 0.22070425690586
-0.0660909544919984 0.0230573100040858 0.54706029122395 0.38521476524736
-0.0218164093018587 0.0032386591025489 0.611677494537216 0.483219976081552
-0.0472129826575575 -0.0462140599802719 0.523435520447956 0.386077743093194
-0.0629955281998098 -0.0781330702641149 0.296128511708713 0.19102717670779
-0.0521389942380187 -0.0797626276855315 0.0900961868304288 -0.0595889802401802
-0.0476291791724239 -0.0920687675265302 -0.135959920621541 -0.257569387389611
-0.0309807417001117 -0.0775713511600375 -0.305822529250509 -0.44375161047493
-0.0204244208344794 -0.0471503758876172 -0.460446325380421 -0.495737729194496
-0.00894016496809102 -0.0250423504031718 -0.551381439408902 -0.41752696843531
-0.0511072397299229 -0.0387029266224915 -0.58433352939956 -0.323741614732825
-4.21294504253725E-05 -0.0623499053230239 -0.526552696435555 -0.250264208651039
0.00862854159183216 -0.0444308644293575 -0.23220764327933 -0.119165181851148
-0.0216565246788984 -0.0405968306604748 0.11324523813712 0.121829222677485
-0.0338332520273616 -0.0405341760303406 0.447228456885024 0.251340513804899
-0.0654902950303821 -0.00814467136966471 0.506637316065968 0.287334877224048
-0.046608273945953 -0.00766527308000617 0.503915982397019 0.469908351950757
-0.0400695131831933 -0.0258841888936153 0.566065119508238 0.549199513719681
-0.068927968041175 -0.0518600986755717 0.48525551066197 0.404946992906998
-0.0763266747982217 -0.0638775273465423 0.264302120404106 0.168599379033216
-0.0658510220614079 -0.0622636794268508 0.0618702837835549 -0.0943788840854329
-0.0625568130893482 -0.0697476970549983 -0.172686478054275 -0.283500415225199
-0.0543663313619058 -0.059690510398554 -0.353702088451642 -0.436506253919375
-0.0461330947774283 -0.0480141360351641 -0.508671328820266 -0.444829278011312
-0.0155139312112147 -0.0501472747325139 -0.587819248358927 -0.333420644857733
-0.0346643900831535 -0.038595993703771 -0.606802733861472 -0.245063051398882
-0.00718691662222327 -0.0375495059970056 -0.528216342027027 -0.198805503258201
-0.0276519873525657 -0.0374653732056916 -0.220370770313095 -0.0940254472312316
-0.0542264434054641 -0.0416318045325202 0.132082961084327 0.137924241044901
-0.0488867128894185 -0.00588182347579118 0.441995760662795 0.291086197469014
-0.0382235481979076 0.013099442634884 0.476769512229862 0.361018562853769
-0.0169977303234746 -0.0322644903424177 0.462179280199835 0.545570480927524
-0.0489556519828962 -0.0480739756390198 0.514354123337759 0.594173615039937
-0.0823580481882956 -0.046822573392796 0.436185167771775 0.415441139195667
-0.0795127906009138 -0.0379675987220662 0.225980121489821 0.149662674830655
-0.0693819964986455 -0.0314473309300038 0.0312651286823503 -0.120126020106383
-0.0659928565501419 -0.0367276668316852 -0.21231935581763 -0.299087582014964
-0.0668408815414665 -0.0326563785939953 -0.402743257809748 -0.420652695202913
-0.0622352872133572 -0.0421620849429427 -0.553815063461918 -0.39203683170526
-0.0136869832256388 -0.069019158655218 -0.616794599459315 -0.259873387154787
-0.0105132734818405 -0.0355988928401277 -0.615755615125793 -0.175028548916264
-0.00513773376111812 -0.00669689902763199 -0.521248780199479 -0.158049213583749
-0.0591325239049234 -0.0239535407734553 -0.198681779145568 -0.075227282803364
-0.0777351318084328 -0.0365716362856126 0.15499874560078 0.156351499031406
-0.0503151248259708 0.0325746288850458 0.43732303206759 0.323494947445152
-0.0045474018962215 0.0354937605263246 0.453458984384013 0.425954970644676
0.0123065769331442 -0.0474721678319285 0.430408663120364 0.597381823115763
-0.0515326976018101 -0.0507476690437934 0.466525083697772 0.613438327766658
-0.0855856196284888 -0.0247527408396168 0.38435782490349 0.417297414582444
-0.0716977277837139 -0.00154101518961838 0.187409390813057 0.137278364131234
-0.0614082046575888 0.00784204635856349 0.00349414578368183 -0.131912448574893
-0.0574142464911903 0.000373037377112932 -0.246176843659968 -0.301768392948301
-0.0662706923673084 -0.00374853257083612 -0.445077828614309 -0.398764388567107
-0.0642636318531281 -0.0349936189964706 -0.591452856804499 -0.346952378691011
-0.000685986985256327 -0.0843899830037113 -0.633115906368554 -0.207414344096932
0.0214228324358365 -0.0291741500423361 -0.618261583935385 -0.132304300689126
0.00204667122213638 0.0244083992881937 -0.506367960285382 -0.131148587425594
-0.081473070664256 -0.0110844545249686 -0.172959815078902 -0.0632413236408047
-0.0859367762216891 -0.0209404913935189 0.178444581382798 0.169520134332348
-0.0326521479598041 0.0678703602206979 0.433635870522052 0.347373657994262
0.0309275606793661 0.0508774163362954 0.445556860519034 0.471766312857409
0.0307446252465602 -0.0515581362870059 0.416421406044089 0.615838703747033
-0.0487663406078925 -0.0323519134460251 0.426577167321802 0.608980846760827
-0.0776535315028243 0.0120337485591837 0.338272985948588 0.419069930244288
-0.0537243958136149 0.0400400646276277 0.154875501608145 0.138855202730685
-0.04355800555376 0.0493232864607247 -0.0160974951186132 -0.128404240558813
-0.0395812195196062 0.0359250962711095 -0.272489137933177 -0.293628692627484
-0.0543098246907952 0.0210613783741315 -0.478176970612873 -0.380710515043067
-0.0532152818975506 -0.0310701849693301 -0.621418562470774 -0.322145902189165
0.0248475478007657 -0.0963379652329718 -0.645529560555753 -0.191664517405478
0.0551310518809585 -0.0167119949168483 -0.609500397629685 -0.112818716381955
0.00927103528187863 0.0525780597740772 -0.491084339288516 -0.117701782804811
-0.0925605972613746 -0.00162627848032105 -0.146853509186791 -0.0573253581059142
0.0888050423469696 -0.0397133892400633 0.121575269946587 0.104914072268401
0.00965406409903844 -0.0928275794994992 0.45218702677803 0.15087855635069
-0.0737992351767111 0.0106797156125401 0.587638787867625 0.108686757758992
-0.0117720765838591 0.0909843506256455 0.610322005309429 0.197472136426528
0.0776474418809225 0.0495509842743285 0.633178620485023 0.327088545211347
0.0397550979559639 -0.0127858857803847 0.537676455568606 0.354240694461958
0.0145148160654057 -0.0505836016545377 0.320480203403014 0.258910078323959
0.0263514288607342 -0.045425423327218 0.124655286365738 0.0474777079901066
0.0304082400298231 -0.0581197241894553 -0.0928807043660714 -0.163100329926701
0.0569770726853523 -0.024659913577514 -0.240011896701557 -0.429086910471656
0.0574825088394617 0.0342699905316892 -0.378422955194567 -0.603172706231066
0.0066295634795851 0.0589546522200855 -0.430834816600386 -0.615345103515033
-0.0425805912219574 -0.0306032628056736 -0.476787455754849 -0.501935217628694
0.0727134352502407 -0.0778393238449328 -0.485845249354742 -0.357906275631433
0.102307704083807 -0.00913595370222707 -0.205468138334415 -0.173549584361235
0.0739402302802303 -0.037845647472643 0.106236977702278 0.10585705186244
0.00578833767100591 -0.0985165091356668 0.447382346500586 0.16308515387888
-0.0926601977990726 -0.00818316930543999 0.574124305402186 0.128825361889661
-0.0454794637384067 0.0797249998218715 0.601742833836464 0.241520389883416
0.0438515090663961 0.0448397926765974 0.640861156050142 0.361346064778302
0.0119680738410861 -0.0250413157233507 0.550036243750935 0.355044083178656
-0.0137523306640876 -0.069953542258657 0.326574864796244 0.238824348403641
-0.00152281699173952 -0.0717303459091306 0.124471638444776 0.0174130440141173
0.00344165548005133 -0.0868633899351034 -0.0916085508594594 -0.190773019784525
0.0299101842503949 -0.0600284637054432 -0.238787641614381 -0.436073432190679
0.038168449984191 -0.00319532007799345 -0.383847602333807 -0.577633797529377
0.00281658362050246 0.0341236296738717 -0.461066911597413 -0.567830680220194
-0.0559995336394621 -0.0352529673331655 -0.511072268339154 -0.467676613613521
0.0438667137327625 -0.08703696800231 -0.502378636006502 -0.341283745905828
0.0800576162004627 -0.0293353968103307 -0.222412312932319 -0.16556947289195
0.0483918878510929 -0.0350854382495122 0.098429246393345 0.108007700722853
-0.000894409405197867 -0.088996248810354 0.446840220798365 0.184981754955105
-0.0942063613098867 -0.0212045873473959 0.557107056480422 0.168372796334877
-0.0655668699800418 0.0546492592041572 0.580185491322095 0.307775060909149
0.00839529342749762 0.0296581277099507 0.634691918765642 0.420125701990791
-0.0180896220283801 -0.0363888108987592 0.543183755678733 0.369684199683801
-0.0412081131688057 -0.0804162599740252 0.316878246189662 0.216502991372464
-0.028765198136957 -0.0836643704770434 0.112509337651089 -0.0197892343760866
-0.0246155875470277 -0.0992614401140892 -0.105098314479108 -0.22464280156353
-0.000175279443981331 -0.0788715755566991 -0.262909490353076 -0.445303737507481
0.0108188338607361 -0.0324616296049461 -0.413022937659444 -0.544471530176345
-0.00192537416570839 0.00255113289626968 -0.502385093669532 -0.502125385265519
-0.0572346298737198 -0.0371058512249955 -0.550543077474408 -0.407313671770756
0.0181466527573382 -0.081445664166085 -0.51701062515017 -0.301752724418234
0.0469556788334357 -0.0421636427333968 -0.233801309790035 -0.146127967675027
0.0146045431963389 -0.0361318786272268 0.100469679949537 0.111709686131145
-0.0139572195828517 -0.0684617904708625 0.448830756066456 0.216171489204517
-0.0839856218231508 -0.0214906053792567 0.534733903355307 0.227139938654249
-0.0662138060864019 0.0225857751142555 0.546417542565864 0.391776044866381
-0.0223100151088003 0.00285437334479004 0.60794822574182 0.491410572660164
-0.046504800749155 -0.0471031300270486 0.521262364336576 0.392076430501532
-0.0633527446180875 -0.0785382788219432 0.295574066178559 0.194181906921998
-0.0504864635900542 -0.0805530403059846 0.0904193682326194 -0.0595444291747989
-0.047905851168628 -0.0930442135377663 -0.13413314947861 -0.259260507183218
-0.0313409146107855 -0.0779843411098273 -0.302135026560915 -0.447275997074949
-0.0199184952375013 -0.0482873151503036 -0.457253284039672 -0.50278593536953
-0.00962833219479677 -0.0264065726351389 -0.54714350651646 -0.422763787065962
-0.0501945297930191 -0.0384330583976291 -0.5837920054821 -0.32854734456384
0.000805444034374332 -0.0637510157336254 -0.526855454286217 -0.254012017679111
0.00890996400602356 -0.0442102518404526 -0.231563951976297 -0.121677403866766
-0.0216487018098542 -0.040464987308389 0.111591133152778 0.122034721902835
-0.0330821165744199 -0.0397755847864797 0.445279881347426 0.256990649408771
-0.0654727457203479 -0.00815437719575703 0.506740408993173 0.29280290242933
-0.0472604050011678 -0.00826404762520569 0.50096951952902 0.476548774649316
-0.0404813905674602 -0.0262422450754636 0.561936858651819 0.555560176625072
-0.0685531009557073 -0.0521775247564282 0.482216554915402 0.410969206433949
-0.0758259069356561 -0.0643555801355107 0.263243703147444 0.171135919710784
-0.0649857891815626 -0.0628641213549588 0.0624108758451579 -0.0946828396987685
-0.0623537862384606 -0.0701895194216347 -0.170115173490797 -0.285429996947628
-0.0537721302672608 -0.0610530430514876 -0.352169031912973 -0.4407500553477
-0.0461990024342673 -0.0496009746950113 -0.507095180117677 -0.450669065470794
-0.0155768909426223 -0.0502287126715776 -0.587917022184897 -0.339461792190914
-0.0341366407033363 -0.0382274771825866 -0.606627479776394 -0.251890377790032
-0.006045006740163 -0.0383125854447761 -0.52865378484607 -0.204859253171375
-0.0274001949992102 -0.0377012398049458 -0.220083779263126 -0.0968762682539237
-0.0549637112978448 -0.0429697768047507 0.130658780141767 0.138093940924962
-0.0487023010623666 -0.00687484155721951 0.440426707981055 0.296167600826572
-0.0393322125487901 0.01286103564171 0.474885238196204 0.366967989544509
-0.0164230970682117 -0.0325271109850249 0.457937731267409 0.550904096933942
-0.0485273661551971 -0.0482226566194316 0.51211928453576 0.599828425277947
-0.0818343781894258 -0.0470670280666017 0.434103312721322 0.418715089664854
-0.079501925582308 -0.0390953042462077 0.225303522544078 0.150778475544765
-0.0687916547136859 -0.0320753693520382 0.0322940906489986 -0.120323441614961
-0.065943927329461 -0.0372365670226631 -0.209468867944335 -0.301934264716712
-0.0661400296027917 -0.0340793898997825 -0.40157739329213 -0.424459083638032
-0.061885937765543 -0.043215778352513 -0.551759470807022 -0.396262522273638
-0.0132937580766478 -0.069088642944927 -0.61572785603436 -0.266437169300647
-0.00998485894063768 -0.035586098354554 -0.616789820093311 -0.182556371346908
-0.00477875476324904 -0.00735283599276032 -0.520581005841027 -0.163702364009551
-0.0593666078030402 -0.0253822530344649 -0.198544409719057 -0.0774384274218448
-0.0780907688435098 -0.0372061131095796 0.152625290322025 0.156895093624223
-0.0505209334728254 0.0324595960089174 0.43555627485807 0.329503014624544
-0.00481842276525044 0.0355567261546326 0.450498690725404 0.430379238452145
0.012303140522923 -0.0475378251054844 0.425834629864669 0.602261088089171
-0.0509020845923657 -0.0518052173749073 0.461374219286451 0.618977084151854
-0.085715623367052 -0.0256498210443599 0.380737999472685 0.422063723975419
-0.072696332738248 -0.00191769391024911 0.18728446436983 0.139672378259979
-0.0618066078532024 0.00707740703426735 0.00538317469523732 -0.131783489911093
-0.0588711607985828 0.000416871397267348 -0.245327814565773 -0.30457702062729
-0.0659403449905425 -0.0043506377927163 -0.445100004448399 -0.404120584134863
-0.064128040951382 -0.0358597734122646 -0.590118460622291 -0.350805251777755
-4.14038450589072E-05 -0.0848391112180367 -0.634863342952884 -0.215102042033915
0.0220394113352269 -0.0276217427120041 -0.618581877316917 -0.137395654451429
0.00163657271302471 0.0234047096460327 -0.507158567429243 -0.134678111129608
-0.0822739604764297 -0.0130417465615872 -0.172868320874166 -0.0643904459946678
-0.0868752386063911 -0.0217316768699431 0.1765444639904 0.171881732647385
-0.0334017406503012 0.0679508178937955 0.43182500616968 0.351391525261518
0.0303866558781106 0.0512594565633251 0.441057017400218 0.476489798809096
0.03112304291842 -0.0511435769848686 0.415128056758303 0.62252094086621
-0.0483161360927413 -0.0332235035617211 0.422577408608069 0.614919278207861
-0.0775253056064087 0.0111861069264417 0.33515358716577 0.422381588439487
-0.0540842202918716 0.0401053360453253 0.154342639573571 0.141537356098971
-0.0442850563885615 0.048371588946694 -0.0142664347348486 -0.128039303586519
-0.0400160826989962 0.0361098722790304 -0.2706216252692 -0.296813898205099
-0.055352648482892 0.0204992992675085 -0.476270708757523 -0.386344236431795
-0.0530626260915308 -0.0321518143165841 -0.621074768024637 -0.32842040584658
0.0257907772569004 -0.0953417428551776 -0.643892708803632 -0.195794209670911
0.0559087123179126 -0.01502388077254 -0.610723914653859 -0.119318024954252
0.00868453526057059 0.0518602728701077 -0.491238744142494 -0.121251623086074
-0.0924075569777952 -0.00257953308547884 -0.14717091857472 -0.0594925983235706
0.0888614618531093 -0.0379970102422748 0.121621893547584 0.106479081524373
0.0104498078134617 -0.0931435892293737 0.453856648572277 0.156700237498743
-0.0746352255739691 0.0111384566772597 0.58990281215463 0.11518667223118
-0.0130727113801688 0.0911111733497804 0.61466164119595 0.20329118471093
0.0777918912971153 0.0505540135150946 0.634270682590683 0.334794047091712
0.0404461163483401 -0.0123149124231619 0.538348393846623 0.360082638001958
0.0150850205082878 -0.0503932994176333 0.319686871815146 0.263394815068455
0.0270769796889381 -0.0452505318523972 0.12424869405103 0.0491573425318379
0.0305018015432214 -0.0581181108378918 -0.0925895871476656 -0.165582711247396
0.057109658493503 -0.0240458544589433 -0.237332536942779 -0.432557074375415
0.0573370723757986 0.03474432416472 -0.375160100954609 -0.609453246692437
0.00586186179154623 0.0587084289698046 -0.428332790433891 -0.622453258718745
-0.0419840277049682 -0.0310693633958748 -0.474192428228224 -0.509892358223831
0.0738184824579631 -0.0781338461221301 -0.486168764032891 -0.363260068833509
0.102678459654871 -0.00795782418997724 -0.204340572840383 -0.176358768524547
0.0737318074118168 -0.0363409617258253 0.104994845323415 0.107506930785011
0.00655138365087312 -0.0987640465799562 0.448147198967176 0.167991820905257
-0.0927928399895932 -0.00860426922387682 0.574953431205678 0.135332368239567
-0.0464231951243247 0.0789876016817834 0.605118668779871 0.246283498681997
0.0442403587866985 0.0454115346386235 0.642429642759879 0.369488733972715
0.0122168665218849 -0.0251923916319107 0.548135126537716 0.362517563204888
-0.0138534588729531 -0.0705631742074102 0.32682688716988 0.242697837870632
-0.000336420820165244 -0.0718592144411213 0.124758341440919 0.0182675567492027
0.00299675258227257 -0.0875835643964042 -0.0901203801084267 -0.192295533352461
0.0311649129196484 -0.0601038764491442 -0.237608462171354 -0.44034603504006
0.038176715610411 -0.00272500173425565 -0.380816546191773 -0.583901916894923
0.00334668119118558 0.0329351237983149 -0.458895776055989 -0.575420329731467
-0.0556506276768316 -0.0346106597127042 -0.509326102834741 -0.475767873814398
0.0455218725211619 -0.087899582646037 -0.504445513668283 -0.347203350798123
0.0805617995990957 -0.0288517765037248 -0.222176274090808 -0.168966730587104
0.0475022642006821 -0.0335275831667523 0.0972599419546544 0.108693850024801
0.000165190815834895 -0.0892022003977265 0.447908288150186 0.191778531912936
-0.0944069039703555 -0.0220600738443334 0.557540848427202 0.175410483496592
-0.0671676254051561 0.0534163936065586 0.581353270022847 0.314701799211493
0.00807661884073531 0.0297708898399697 0.637377122175037 0.427674913424692
-0.0177194164190969 -0.0364920344238895 0.543683605432004 0.375404998935062
-0.0410895040296644 -0.0807628680150953 0.317245298466312 0.22076716010456
-0.0277285616306989 -0.0850224955356556 0.112670594509378 -0.0181286815758483
-0.0245608396631863 -0.0991305386647052 -0.103981222995087 -0.227660980963604
-0.000673953437080727 -0.0800415519532302 -0.261055558699515 -0.449754400841699
0.0112118097726805 -0.0327989219608654 -0.410735209853135 -0.55191754182622
-0.0016195288144385 0.00226503400572801 -0.501611807735084 -0.510573745916705
-0.0577125868037139 -0.0377076624793104 -0.550161877869668 -0.414694546484396
0.0194760814681824 -0.0822659106517567 -0.518338563435009 -0.308367728545073
0.047637299105388 -0.0414583181238331 -0.23441659102165 -0.149962091458606
0.0143120989502139 -0.0362658708155376 0.0997336740864757 0.112817216937033
-0.0135066019817992 -0.0690035767112539 0.448328346171392 0.220652983936459
-0.0842296910767001 -0.0219381209260254 0.535801695473148 0.231684215221575
-0.0674251673016892 0.0208700943457764 0.544925024683828 0.396971545255502
-0.0217643853011695 0.00284288333328032 0.606480347425323 0.496734432006519
-0.0464966678345052 -0.0471172283021358 0.519824937627675 0.398669103281505
-0.0623943237845905 -0.079267043545613 0.295077971229604 0.197817134356704
-0.0506970649315507 -0.0828201465771801 0.0913299903534983 -0.0584248356847302
-0.0474156772997975 -0.0928701528483023 -0.132250741776784 -0.262273960274594
-0.0302807751493099 -0.0789589990642377 -0.301143368887625 -0.452448726073603
-0.0198078354077085 -0.0490832628197007 -0.453988973095493 -0.507334023062363
-0.00911836961978969 -0.0268573786298577 -0.548169084634946 -0.431787765345587
-0.0497703089589874 -0.0391092346730812 -0.58416563256957 -0.337572840621414
0.00171911798047834 -0.0651247597526551 -0.528402233683308 -0.260489386239111
0.00916888559670724 -0.0445002901217756 -0.231988588659427 -0.124378633669211
-0.0218372525203878 -0.0402985717209055 0.111327081586552 0.123076549417457
-0.0334563291088673 -0.0405178704143696 0.44584085479277 0.261781909560552
-0.0660374459320268 -0.00859355090116996 0.506335979196385 0.298757001511198
-0.0469503175992769 -0.00983851443103753 0.500855488769986 0.481442553622247
-0.0400031739750869 -0.0269895917464216 0.563174273748855 0.563148516461068
-0.0683101012301379 -0.05308313495706 0.481525145781572 0.416010861710478
-0.0762953561360447 -0.0654864077338397 0.263367873658569 0.174909294443508
-0.0652174374670338 -0.0635500946826761 0.0635282309889035 -0.0944563415370617
-0.0619221500410833 -0.0708665144837519 -0.16928359067287 -0.289378217336473
-0.0538065751120288 -0.0618165370793838 -0.349649119959651 -0.446742711262763
-0.0456380069911004 -0.0499292189966546 -0.504992829653368 -0.455536088229246
-0.0148479615205034 -0.0507685118261354 -0.587570526648152 -0.345464068530744
-0.034454443924862 -0.0381230712233895 -0.608397304256178 -0.26020887460818
-0.00528176731907812 -0.0394973788806886 -0.529735934379599 -0.209804099763113
-0.0275171798317018 -0.0384661381726404 -0.219929726470065 -0.0996989399466988
-0.0551101254898614 -0.0431453018202827 0.129010118596939 0.139929548258495
-0.0492077512445941 -0.00670898911727797 0.440069537698263 0.300793121960968
-0.0390372470225442 0.0131099144830544 0.473487584610828 0.373693644539419
-0.0175544794847265 -0.0334164151390728 0.455754436951832 0.556312479363516
-0.0486674352605884 -0.0487430247186906 0.509399874053402 0.609165087602105
-0.0818933019344488 -0.0477663454971251 0.431414570639439 0.42502551442164
-0.0794665939308755 -0.0397150644176577 0.224742261228623 0.154512136832244
-0.0689974146260623 -0.0324234985252117 0.0327646086308902 -0.120306247825226
-0.0662494978433083 -0.0376990972389207 -0.208637816819533 -0.305624471575392
-0.0661405359294329 -0.0343799499008037 -0.40085725182863 -0.430636134296023
-0.0621891769854504 -0.0439464240256262 -0.551643312256094 -0.402061257574747
-0.0131594922136917 -0.0697770342387982 -0.616780581951165 -0.272388614116077
-0.00885352599906346 -0.0353310540574694 -0.620144014601202 -0.190381544278361
-0.00465039508055342 -0.00797100827179623 -0.522209716447919 -0.168156840060569
-0.059507970160469 -0.0262464226736844 -0.198809527357588 -0.0787731377645107
-0.0784949902102975 -0.0376427797014228 0.15228946973748 0.159220214102447
-0.0512350090047074 0.0323356206395579 0.434354619198355 0.334481177803316
-0.0055325448522482 0.0364621526330866 0.449802002511784 0.437622332381791
0.012249513379091 -0.0480372327254765 0.421852826843922 0.609135588426105
-0.0508594090583006 -0.0522905258767771 0.45915458169623 0.626603354036877
-0.086167725822128 -0.0256461165657674 0.380813532097055 0.426316034418369
-0.0716997106970711 -0.00236883928412632 0.186989048604877 0.141937640771749
-0.0619524920684418 0.0078511321434943 0.00664483929332187 -0.132396845024827
-0.0588158000998101 0.000292107052952423 -0.243290267780592 -0.309029461547429
-0.06617982823034 -0.00605259296207653 -0.444155673227734 -0.410260396482748
-0.0644389722593855 -0.0373459626853871 -0.591099962540227 -0.35823090775653
0.000497950108916782 -0.0857143228384197 -0.635607712392518 -0.221360758818161
0.0223053481089076 -0.0275685575576244 -0.621570203959797 -0.144996905921139
0.0017708487155643 0.0238369591240571 -0.509257994025333 -0.141535753803797
-0.0821150403474072 -0.0141327809453358 -0.173275681856922 -0.0672027469542772
-0.0871199762376662 -0.0227418768784904 0.175133631265397 0.174404947624108
-0.0341225547871891 0.0679564272390834 0.429345939398572 0.357422045022414
0.0301685439282966 0.0534563764566959 0.441362438349741 0.485446248590687
0.0315963515860246 -0.0520079738638622 0.410623625362561 0.628943218532713
-0.049365465709217 -0.0336867504944278 0.419063409561103 0.619861214755627
-0.07792036062049 0.0106186661164644 0.332529012473816 0.427332573717981
-0.0547204042829554 0.0400262247058573 0.154035397764973 0.143323707101229
-0.044544919354029 0.0490185800299067 -0.0131486816142219 -0.12920555215534
-0.0410676473682376 0.0361903659638172 -0.269450978304356 -0.300677883075613
-0.0534556099648594 0.0203684395643209 -0.476616427178654 -0.392205510376592
-0.0527907075408725 -0.0327984203557403 -0.621262291182274 -0.335918101513911
0.0265938216436999 -0.0964772926515779 -0.646627293160419 -0.20387764253802
0.0563903429092408 -0.0143480988806665 -0.612955485573937 -0.125466233130506
0.00845066377627336 0.0520573765508477 -0.494721531005831 -0.125101839304535
-0.0928276899969554 -0.00421096707897865 -0.147428337667689 -0.0623593905538179
0.0893360768438265 -0.0370575012070506 0.120453654381724 0.108449206073141
0.0113105261061206 -0.0934527103368238 0.456311893046405 0.162165399065885
-0.0746967526053373 0.0100147507952795 0.592898237855377 0.119748024215469
-0.01413220909662 0.0917577789802407 0.617998181772515 0.20947338274475
0.0782757376161388 0.051293012873752 0.636650794646096 0.339918809213408
0.0411447069976538 -0.0126862861197438 0.540316076998636 0.366381932411193
0.0151101711728716 -0.0503466467166811 0.320649309804707 0.266729814373794
0.0280659664345541 -0.0463906876857948 0.124421853958218 0.0501432521668428
0.0302355409720843 -0.0580256945129245 -0.0919837975617618 -0.166743820777549
0.0580781725048467 -0.0240996251739477 -0.237785296695008 -0.438139304939738
0.0566478792625945 0.0349347216290247 -0.372059935317534 -0.615856406642054
0.00506131785115525 0.0592847171227701 -0.426729237073684 -0.63016875408356
-0.0420208463341318 -0.0317329599461147 -0.47576666482573 -0.516918783196352
0.0756522629938324 -0.0787347829774612 -0.488338956514989 -0.367979682114989
0.103357946831112 -0.00758712245575915 -0.205318258769966 -0.179579241961469
0.0740739880364911 -0.0350638252676733 0.103994732676076 0.108082343790491
0.00821680936635896 -0.0992245168639977 0.451085440901496 0.172937369181869
-0.0925264039071235 -0.0091693049003864 0.580201560586914 0.140702871888571
-0.0480186286940521 0.0784211234109705 0.608015887318296 0.254307542555164
0.0447938761384538 0.045927413613971 0.646053231300941 0.376209409794506
0.0126804401103396 -0.0251718484287464 0.551248135225959 0.366949758152455
-0.0135185224392764 -0.0711480301603693 0.32796816150601 0.245542629273276
0.000359231157700681 -0.0723250103259073 0.125763967072021 0.0192671595492484
0.00357135328991219 -0.0875520195274509 -0.0891378022573645 -0.194957966808966
0.0317405963534752 -0.0604193990860195 -0.235197837480794 -0.444815243805534
0.0387249021482825 -0.00355912235608511 -0.37903932226235 -0.590748047086759
0.00239228548212146 0.0332111270554874 -0.458267075322248 -0.582377970346537
-0.0552674655690318 -0.0352157301592649 -0.511738016024844 -0.485161559375833
0.0464955935277897 -0.0883277170523616 -0.505114570139441 -0.352295349610755
0.0810316115934304 -0.0278882769481999 -0.222968945825808 -0.171462114890098
0.0475546927726004 -0.0337212966082453 0.0965479092497899 0.109714203927522
0.00117568168646671 -0.0891623753598204 0.448159449733 0.197610060359097
-0.09541378513469 -0.0220619155673576 0.561017459133304 0.180384997930652
-0.0681241066279026 0.053055460584295 0.585685832166372 0.320743700682628
0.00786042767852413 0.0301442748597109 0.639604536521402 0.436282259583576
-0.0179948673734837 -0.0361348444559395 0.545162745475451 0.382155451663891
-0.041202542578604 -0.0808916207139071 0.319444553391702 0.224665431725619
-0.0274984740681874 -0.0849364641535569 0.113683063009418 -0.0180572487452657
-0.0243029267558326 -0.100056202961333 -0.103427854874697 -0.229909380041353
-0.000159394703379015 -0.0811899220750893 -0.260503478176666 -0.454159630086037
0.0112076980823301 -0.0335915612805909 -0.409381778934465 -0.557964419641123
-0.00178444802565401 0.0021325086548575 -0.501679069912848 -0.517427555375247
-0.0579890398973515 -0.0371943303316408 -0.552934960862996 -0.422271913586919
0.019994969898537 -0.0831336131038833 -0.520411690880592 -0.314138220592381
0.0482880229773732 -0.0419557108622048 -0.234873129183868 -0.151946051344898
0.0142773562508871 -0.0350226983244595 0.0990454378533646 0.113586770129298
-0.0135077598884353 -0.0686035464588455 0.450334992515791 0.227245905201084
-0.0848075289155779 -0.022726993476042 0.535919667900577 0.237829705370827
-0.0677953768355021 0.0199256253898839 0.547728742994292 0.404714691558508
-0.0227879015496172 0.00250636385076791 0.607198737978817 0.506852566584191
-0.0466245198070004 -0.0482532087099911 0.521027688985915 0.405126407329638
-0.0627032849654823 -0.0800413982788913 0.295854897228249 0.200637852024866
-0.050443983501608 -0.0821964596514936 0.0932847117599057 -0.0588628995246814
-0.0473381233622781 -0.0939451483286096 -0.131531314859574 -0.265231596851566
-0.029976680500011 -0.079504427330209 -0.300638656952354 -0.458158837226226
-0.0193056612973424 -0.0489074844090734 -0.454430909334902 -0.514996179969517
-0.00929014734399615 -0.027544295442733 -0.549713359259463 -0.436634295285696
-0.0497930621499368 -0.039285952771676 -0.587884758396116 -0.346341912384564
0.00314734076937964 -0.0657308664627442 -0.531782084000392 -0.26719572586044
0.0100824844714435 -0.0446283409097623 -0.232953437664065 -0.127288738676785
-0.0223326199760311 -0.040238674111896 0.111274870062476 0.123988847037519
-0.0327978626380991 -0.0407161869727393 0.44638653939851 0.267133995146731
-0.065880594398562 -0.00942286624069207 0.508363667759325 0.30631392120227
-0.0483194967977289 -0.00990941870343973 0.500591029349224 0.488441921574534
-0.0407209313929374 -0.0272125984296123 0.562191828319338 0.571101569281854
-0.0685918182360149 -0.0546461661232155 0.482009525762391 0.423246096231059
-0.0756985577909201 -0.066138164556524 0.263899618710351 0.177189731646796
-0.0654007306953983 -0.0644397159576574 0.0642938054745222 -0.0948124604615032
-0.0628114216494282 -0.0715051475302777 -0.168202663102777 -0.292560733726579
-0.0540597715939591 -0.0628377124635612 -0.350603774115645 -0.452528836489582
-0.046276705954876 -0.0507644130342464 -0.506694809750267 -0.463051707487727
-0.0151101248231075 -0.0505481739914987 -0.59027292218539 -0.352844235163634
-0.0337680585900184 -0.0386279028993943 -0.612620148178331 -0.266248731154031
-0.00425898903667783 -0.0400860181215793 -0.532896048397199 -0.216157920829623
-0.0273895838598107 -0.0390136816673652 -0.220103413300155 -0.102961059971668
-0.0555845838332989 -0.0433393110821214 0.128788021550756 0.14058815684653
-0.0498852652822855 -0.00736112800885947 0.440253346769167 0.307722225137543
-0.0405174093739968 0.0131674417699209 0.474908745262467 0.379880643552949
-0.0172731311719125 -0.0337518472614245 0.455982516903508 0.56614101458326
-0.0488849871002219 -0.049009672294688 0.510257186784021 0.61470427849471
-0.0817054745030722 -0.0487458735592374 0.432020800978264 0.430943703558446
-0.080088921802237 -0.039912142617938 0.226510870235443 0.157025028128192
-0.0697385563911507 -0.0331019016248502 0.0340550394078638 -0.121488322861064
-0.0677849998540206 -0.0384033327119028 -0.207343771098568 -0.309135877404786
-0.0667621271457308 -0.0354325921634328 -0.400635015305582 -0.436054419669064
-0.0619910831254417 -0.0449489738248854 -0.554408034757197 -0.40964468420102
-0.0128454265568438 -0.0699799149744992 -0.618797752714352 -0.280471477363289
-0.00842235164898585 -0.034838870963293 -0.624099771745336 -0.197178629917896
-0.00420750751339346 -0.00912389460534663 -0.52489088772821 -0.17429695060219
-0.0597491606433001 -0.027095564732966 -0.199762078325272 -0.0818394077917519
-0.0791170426273646 -0.0391348646677537 0.151266779330857 0.160289506891405
-0.0515409905831103 0.0318799323033498 0.434714178986282 0.342546517443111
-0.00588248949551431 0.0366074552357246 0.450249113234542 0.446280552581443
0.0126021327956668 -0.0482961618664553 0.421238259244037 0.617201081408406
-0.0513634062797616 -0.0534360571131197 0.459362223028355 0.634222827371211
-0.0857408376283629 -0.0263215665597751 0.379732302693418 0.432345270493697
-0.0732255153372397 -0.00292857063904061 0.188122772656412 0.143859197715272
-0.0626135245849072 0.00618365667781529 0.00744746872312824 -0.133770728385688
-0.0599058233000637 0.000450112918142933 -0.24182743482354 -0.313051811968636
-0.0664048551718476 -0.00586480691330039 -0.444209285341068 -0.41555803878082
-0.0651648573529012 -0.0385243583507197 -0.591973660548214 -0.364362411161811
0.000708416608895431 -0.0858199986729499 -0.639799364233425 -0.225343947526078
0.0233926092124804 -0.0276830288351841 -0.626436664567493 -0.150096409920266
0.00140173572665285 0.0225947951937296 -0.511948286625538 -0.146228277925448
-0.0828687824352631 -0.0144984259085335 -0.173295552827273 -0.0686263667957662
-0.087656827966355 -0.0234689420326458 0.174670563654517 0.175996217248864
-0.0354779091232454 0.068052038303643 0.431351593337395 0.363152549539567
0.0290704562913486 0.0538659578681029 0.441624809432018 0.491724241167489
0.0312744597901449 -0.0522506842339855 0.410182145433605 0.636837249933529
-0.0494318123886936 -0.0342418025424314 0.416556190159418 0.627432018758901
-0.0782349320254123 0.0102157366345756 0.333809821414168 0.431348084876866
-0.0558535471288102 0.0397529162637445 0.154419278708992 0.145137990107278
-0.0441045412325476 0.0489688340921221 -0.0131553674721736 -0.130417560897347
-0.042335676672113 0.0365603805569896 -0.268076513689557 -0.304503081366594
-0.0550487525993377 0.0192514773067792 -0.477493614581266 -0.397169455967956
-0.0526743192527722 -0.0340455895111651 -0.623902334019287 -0.341885304092255
0.0268913166152373 -0.0968395582442814 -0.650468598005809 -0.207765530075512
0.057659469743575 -0.0134974204378498 -0.618712279223626 -0.13077975124782
0.00904465358122047 0.0511817193857587 -0.498689592853523 -0.1309104885656
-0.0936427971212714 -0.00553260180071995 -0.147561853760207 -0.0628390682633673
0.0891904226991884 -0.0355222788416935 0.121040406766982 0.110229919178338
0.0131393208445811 -0.0935687197458812 0.45983876510714 0.16659557114271
-0.0755824196658898 0.00999182369144835 0.599042167833125 0.126863409092314
-0.0151451420501254 0.0924617368048335 0.623020306538166 0.214396055606763
0.0786798782451176 0.0517861209622039 0.640760682592233 0.346895934765796
0.041134186196563 -0.0126680274399476 0.542743328953653 0.372348662774999
0.0147826410895843 -0.0502094205889613 0.32281305502947 0.271267724700251
0.0284227703860672 -0.0462250338918423 0.125394489412918 0.0511692087928425
0.0312908047801791 -0.0583099168357276 -0.0913352120901396 -0.168785867642296
0.0577160544868616 -0.0242413206138995 -0.237095480164547 -0.442433929893414
0.0579561902957281 0.0350123191790328 -0.372515327463566 -0.626162590820079
0.00454737302369033 0.059876566983357 -0.428497727357708 -0.638372164633626
-0.0417133567315491 -0.0322004224482817 -0.477736097460098 -0.52673662893355
0.0773358384484741 -0.0801130598556382 -0.491326424997521 -0.376705058021473
0.10381114871129 -0.00707951038111381 -0.205557785771854 -0.181859992899227
0.074188694220764 -0.035030991635473 0.104057674489377 0.110498808157613
0.00855082637246321 -0.10007605854087 0.453477250479174 0.178481392162933
-0.0936898815499525 -0.0100396905988979 0.58358819038896 0.146368148550522
-0.0490593984399034 0.0789813763702291 0.613047559161551 0.259047038189538
0.0451636606615481 0.0463529843670865 0.651983560171964 0.383131071385429
0.0132451213426663 -0.0258429449390751 0.554857628466996 0.375492169546897
-0.0133246639642605 -0.0713753531200146 0.329517203165157 0.252203248710899
0.000487259590199774 -0.0733222216697638 0.126558671067456 0.0204371510071934
0.0038376368794294 -0.0878866946967865 -0.0889140241205239 -0.197207001515224
0.0321456051901144 -0.0609333585948852 -0.236447906109281 -0.451042054225499
0.0389982806037049 -0.00283042843406056 -0.378854918027308 -0.599005177660948
0.00209647434790872 0.0343517605399933 -0.458028098758783 -0.590308782777987
-0.0555557416992313 -0.0358531355804613 -0.514760075206351 -0.491685216633202
0.047852689059802 -0.0901061666607954 -0.507963680613421 -0.361471027213025
0.0824046728765979 -0.0277317477766278 -0.224869389949261 -0.174920723479416
0.0471178551521762 -0.0330294400098251 0.0971493608267462 0.111329055446974
0.00215338978253245 -0.0900779836421583 0.451114755270947 0.201326035580334
-0.0953692031483218 -0.0228677161851596 0.565661492167435 0.185950474764228
-0.069618506401753 0.0532282238854966 0.589302738870411 0.325963797517752
0.00767851678261371 0.0301226919080833 0.644211911534828 0.442923786635095
-0.0176514366575922 -0.0367395234403266 0.550154262493711 0.38737803874079
-0.041222430180212 -0.0822250570152707 0.321121438274162 0.22860330247553
-0.0273573860442522 -0.0864349511715053 0.114713689527794 -0.017613068455152
-0.0238511451181922 -0.101038552191888 -0.102300766006599 -0.233464160866502
0.00101133912111557 -0.0814294947261414 -0.259595403694197 -0.460720435418133
0.0109522441612851 -0.0345146976928081 -0.409907761137446 -0.563584963977413
-0.00259225808334977 0.00183080017952841 -0.504630898789713 -0.524556304436063
-0.0569829255464729 -0.0379045328572899 -0.555726199236011 -0.431777180589833
0.0208594656823096 -0.084805105836209 -0.524416914344419 -0.319872344018307
0.048635679265951 -0.0420668174379781 -0.235725731924428 -0.154630815466526
0.0136968175578126 -0.0344683299137374 0.0989605282582996 0.114988769520122
-0.0127113387821469 -0.0687371658990363 0.452028341313219 0.232294440629743
-0.0856919933156713 -0.0226820173757967 0.541782722472081 0.242823422401352
-0.0695014744662644 0.0195495696088552 0.55109504301456 0.410305012476203
-0.0226822962667441 0.00300757361279669 0.614056752316662 0.512894509947214
-0.0467201323362415 -0.0482174798252979 0.524212355779613 0.409946300333783
-0.062603488493113 -0.0807350555262951 0.29799187036128 0.204330321494458
-0.0500783876502839 -0.083574535477367 0.093607602454288 -0.0592075823342784
-0.0480894289979603 -0.0948969586670923 -0.130248632008696 -0.267999255862169
-0.0296179208833779 -0.0820184704728347 -0.301315302111109 -0.465159496429966
-0.0198735186937626 -0.0501939753834206 -0.456103960738963 -0.521617019747809
-0.00939582417490037 -0.0276723712570106 -0.552596489121775 -0.444243188593855
-0.0496929910856729 -0.0394049305876802 -0.591345265662259 -0.352473455132598
0.00359004263741278 -0.0671587940728413 -0.534851231471153 -0.271155448457751
0.00957964904494823 -0.0458002301227878 -0.234093868755335 -0.129967235959994
-0.0227819762399864 -0.0404002487659944 0.11097021392974 0.126370974004953
-0.0321740555354933 -0.041041330827897 0.449702730441514 0.273284578008759
-0.0665199838484641 -0.00950753988013304 0.510362062501447 0.313657684875993
-0.0489650446527265 -0.0104362965151594 0.50359798484062 0.496782029569074
-0.040638801551995 -0.0279309016956011 0.565866950057085 0.578626861514707
-0.069178472342736 -0.0548839362177262 0.485661681310678 0.427774971750435
-0.077345520536063 -0.0672840441131576 0.266119941909524 0.18091244944898
-0.0654948593705624 -0.0648656762795637 0.0659745560327704 -0.0952433387274103
-0.0632306119563844 -0.0724766974647205 -0.168303162217136 -0.296195076604684
-0.0532600686317562 -0.0645161568581059 -0.351552174002106 -0.457304360854707
-0.0460981067086925 -0.051961446355303 -0.508135511927658 -0.471058127275457
-0.0151572331151859 -0.0513842004427756 -0.59229316242736 -0.358969839711238
-0.0338716149351328 -0.0388037642040119 -0.618293263610269 -0.272507087453284
-0.00461245166318541 -0.0417550105243708 -0.538329468828608 -0.220451168092515
-0.0273169415547595 -0.0394200124664971 -0.222308391723059 -0.104936408618619
-0.0562772905008247 -0.0441014737831328 0.129931492606573 0.142588315047874
-0.0497973914671623 -0.00702485066414037 0.443016501989036 0.315143380143503
-0.0408417363057995 0.0134925140903261 0.478088894923138 0.388094288315587
-0.0174360293866313 -0.0347715733006751 0.455994781564625 0.573724487213699
-0.0484242892464244 -0.0498619296972294 0.511585607934707 0.623008137891239
-0.0826836859421633 -0.0501026647758666 0.433495696786243 0.436368436961353
-0.0809689676806357 -0.0402268862503049 0.227367826625783 0.159443093612223
-0.0699896226390025 -0.0348310438101228 0.0349310064686464 -0.121824600280752
-0.0683487606804394 -0.0392414341009588 -0.207411395239851 -0.313024994131108
-0.0666791256189087 -0.0373460388416783 -0.402103843035299 -0.440833836245458
-0.0624069620742646 -0.0463429945921113 -0.555755004505477 -0.416570859329128
-0.0120686792080087 -0.0708888582788405 -0.62644474398596 -0.2867457888427
-0.00816643424205536 -0.0341319356050827 -0.629369730172681 -0.202950340808832
-0.00395495243362603 -0.00926002492292956 -0.530108810027235 -0.179668520512293
-0.060378148478909 -0.0281084604558351 -0.200724657215427 -0.0841704185050178
-0.0802223608844411 -0.0393833997665766 0.151705307230385 0.162577606212472
-0.0517553908776149 0.0318203913870181 0.436463220463947 0.34771113923707
-0.00637228043828812 0.0377523419235797 0.452328576073015 0.45375740052611
0.0122665420730506 -0.050582948602568 0.42239929482566 0.627393966130711
-0.0507856206474141 -0.0538576633940372 0.459497763351731 0.641792395290064
-0.0871900521193787 -0.0268969512196227 0.381727777947842 0.437714954674609
-0.0743612870323766 -0.00351319265632705 0.188948893313082 0.147076384945171
-0.0631665103054272 0.00675823886653138 0.00740184639832464 -0.134891631637188
-0.0605948598965542 0.000154397781756599 -0.243283358081021 -0.318069116708704
-0.06755648668389 -0.00640791513555135 -0.446629549179681 -0.423210534978474
-0.0658465252945378 -0.0392351487625608 -0.597357931128503 -0.371707150148691
0.00178800240313307 -0.0871808384381826 -0.645128389009196 -0.232257802508613
0.0238822235170481 -0.0265881015502229 -0.632057376963013 -0.15659552757923
0.00196112132375928 0.0229014315649531 -0.517143714370873 -0.151634762093854
-0.0832293295346789 -0.01561861767107 -0.17494679949582 -0.0699234701164901
-0.0891194857572786 -0.0247281494895564 0.174890803227141 0.177518488013014
-0.0357990276595055 0.0684221803630176 0.432810060683091 0.370570368460758
0.0299234266828285 0.0554178464514824 0.443281330363453 0.498839362335196
0.0320908214226686 -0.0530455489955427 0.410211743434211 0.644752875345806
-0.049398242241809 -0.0347371156359427 0.418913073213136 0.6351408139292
-0.0785359631824177 0.0102146290750841 0.333400518550421 0.438343381438817
-0.0562054545037017 0.0394772208948376 0.155513393073286 0.147699438604823
-0.0448373184147466 0.0486277918837476 -0.0119993909910932 -0.131602768578245
-0.0438856763808924 0.0381749212387019 -0.269281502789895 -0.308534175242879
-0.0554080661159732 0.0185485936973601 -0.480587013078343 -0.403958842180445
-0.0529485016500329 -0.0357880625638141 -0.629038506830235 -0.348499131672189
0.028380592211598 -0.0968412370710109 -0.655602879657969 -0.213963043773174
0.0584788945056774 -0.0122679432904822 -0.624027452895023 -0.136268625268676
0.00871660874961165 0.0510835301673041 -0.502114640156706 -0.136612458740754
-0.0942779977962585 -0.00644109623480257 -0.14835065481108 -0.064576879615902
0.0903188868532508 -0.0354571417570494 0.120780555355912 0.111900612243754
0.0136827182834564 -0.0947335830338404 0.463896295919164 0.172250017193404
-0.0763543250531245 0.00970625497989363 0.604717733311231 0.130738309696085
-0.0170245700821597 0.0930273117424672 0.629299497485013 0.220350613983693
0.079193302482373 0.0530818374863569 0.648334769766356 0.353032888070447
0.0420071093096369 -0.0125631880699335 0.547607212018719 0.379140398205088
0.0155098298400951 -0.0503384815207883 0.326387857481381 0.274336392998984
0.0294372637338833 -0.0474041945615786 0.126376521200807 0.0517819131892705
0.0309369997501437 -0.057751587822351 -0.0919454526209453 -0.172078928690275
0.0582895580317281 -0.0250597104181992 -0.239132146420375 -0.448805450062294
0.0581047117730559 0.035093283559057 -0.373955360463783 -0.632177156411868
0.00514089632718019 0.0603932182874921 -0.432219026497832 -0.646943578311457
-0.0415879019175798 -0.0325119161178932 -0.482575746563862 -0.53499020915241
0.0795838023570549 -0.0810161649525573 -0.49491437497081 -0.38327371501752
0.104911863315793 -0.00672963813555752 -0.208149979603858 -0.184741815197085
0.0736340427934302 -0.0335798788747645 0.104198726947955 0.112180844756469
0.00972729116508556 -0.100491607469304 0.458058463389861 0.182314461146285
-0.0947666481177241 -0.0101279938971011 0.590539424744398 0.151830253209537
-0.0506459041268759 0.0797072571456181 0.618814443291974 0.264164353680086
0.0454413471152482 0.0467647253972681 0.657593904234706 0.388710498895605
0.0139141574636159 -0.0253186980370715 0.559898995357859 0.378497905787344
-0.0136422255437567 -0.0720469337486285 0.332103310717477 0.254739745675148
0.000400267295545846 -0.0738870680723058 0.127674406433119 0.0213011892322568
0.0031612841826568 -0.0891067156581483 -0.0893318133628788 -0.201413749643932
0.0328500676349824 -0.0615604277600163 -0.236853040168325 -0.457446593052262
0.0397398720444843 -0.00314833998004841 -0.380579856331521 -0.605784836534975
0.00201384473745592 0.03432997299221 -0.460485271367838 -0.600794104623843
-0.054956229863275 -0.0362985960435879 -0.518965009544483 -0.502577667982821
0.04955534197631 -0.0913227970920707 -0.512130731330963 -0.365741546858288
0.0829293655070775 -0.0281182145259998 -0.22604540483079 -0.177816688658635
0.0485056364045998 -0.0321399397630635 0.0968883476999789 0.112272183129662
0.00245125041971886 -0.0909591733517905 0.45604757571045 0.206217029936305
-0.0961679503981573 -0.0238412116451792 0.572112753903463 0.191190312285326
-0.0714582293357809 0.0527524260530782 0.594633040962026 0.334628769457659
0.00775815905566418 0.0307073781580716 0.648102595968887 0.44966722359704
-0.0179023705195316 -0.0371515805969781 0.554822351852712 0.395748180261667
-0.0414982337452507 -0.0831774790849392 0.323523482656484 0.230904148382397
-0.0276041270021535 -0.0878221810160849 0.115866135794305 -0.0178014008212355
-0.0250572599134068 -0.102153118746743 -0.103363702213642 -0.236112932940751
0.000754322450313528 -0.0824927955753867 -0.261592521724947 -0.46666190650619
0.0115111879593447 -0.0346898831271276 -0.412365030336705 -0.572580954207241
-0.00235063658204501 0.00243343514793927 -0.50728451331071 -0.533564946247057
-0.0572631633974533 -0.0380312115441229 -0.563246058083176 -0.438865428117295
0.0235314113533501 -0.0864839709866086 -0.530000900835465 -0.328134290018724
0.0486613647165491 -0.0422360125224888 -0.237315810414275 -0.157793169158286
0.0127440342115321 -0.0347128331021748 0.0994962473667335 0.115822372664432
-0.0119320496697257 -0.0689633617670202 0.456580054419057 0.236279268562175
-0.0868279355565494 -0.0236718475827523 0.546593489369105 0.248803004163947
-0.0700646747199825 0.0198062619297912 0.552969785436944 0.419995019975208
-0.0231884581962393 0.00226121579029256 0.617396744556148 0.521164512436436
-0.0475998651219621 -0.0486400184264836 0.530086964870563 0.416210483052509
-0.0641101384174731 -0.0818092623912142 0.301048026683144 0.207185789914432
-0.0504241885637564 -0.0848055739336741 0.0945210404686678 -0.0587250288715349
-0.0488439750230169 -0.0964122516256939 -0.131529610382225 -0.272357779533504
-0.0304696299029551 -0.0829596730994513 -0.302894437849308 -0.470535568142904
-0.0198154919181407 -0.0509318256582083 -0.45887096912235 -0.529290150797485
-0.00961623780603484 -0.0282392807079505 -0.556350250757236 -0.45257649944007
-0.0499513443494956 -0.0391615791145915 -0.597425564514395 -0.360362088056515
0.00475033769563189 -0.0689280344704683 -0.541378306507326 -0.277405690045756
0.00967528965898207 -0.0458549689621008 -0.235882911008042 -0.13277521302345
-0.0231266049080586 -0.0409701502378048 0.110660655744388 0.127484654304729
-0.0331275577149104 -0.0417369461213146 0.452747070624991 0.280092164365887
-0.0678533575395437 -0.0100316075604631 0.51739739649081 0.31926627693554
-0.0502046938335624 -0.0114279719722328 0.507794913815104 0.503908981951996
-0.0414546468313051 -0.028851050678402 0.569178310424236 0.58582056097789
-0.0696542826663071 -0.0552843383766428 0.489694782235696 0.4364786263501
-0.0774824842371123 -0.0680687565499705 0.269172715539091 0.184087804667424
-0.0665414819426821 -0.0665559713257704 0.0660342506747958 -0.0963590612522796
-0.0638216828348405 -0.0726901902123562 -0.167849191285805 -0.300236989679925
-0.0550298801203039 -0.0650527306011401 -0.353658389983716 -0.464775860533659
-0.0465666522088364 -0.0533124376256722 -0.510953578693636 -0.476750750839971
-0.0147285443700624 -0.051756248516063 -0.597663981231883 -0.36601761050339
-0.033891845924042 -0.038190633423787 -0.624583836735321 -0.278757253421728
-0.00378404954129387 -0.0416418626252896 -0.544411036587148 -0.225576576507915
-0.0280586732591134 -0.0407284810694444 -0.224187056825364 -0.106489354705696
-0.0567191712089644 -0.0449578507509279 0.130006281472808 0.144302364096075
-0.0503959633216463 -0.00719676760346764 0.445878381310055 0.319896023722435
-0.0405094706287161 0.0136695642301076 0.482065881036571 0.393011810361051
-0.0179712536493812 -0.0353759196864989 0.461268914485867 0.580280601195441
-0.049025047861633 -0.0513957670535388 0.51531626371675 0.633180084536006
-0.083338851692135 -0.0510308648030003 0.437291610173344 0.443375602866287
-0.0814430932986536 -0.0406777570907047 0.229476281791754 0.161899786487408
-0.0706530058551529 -0.0342487013256983 0.0360329859678005 -0.123368529234943
-0.069088066560374 -0.0393669091837109 -0.20984035304585 -0.317007044382753
-0.0674735759139814 -0.0377232542836985 -0.406035254474903 -0.448720544439911
-0.0625250177280991 -0.0475829925883246 -0.560782336687554 -0.423635007056366
-0.0125141443575792 -0.0710598135225559 -0.628988586227856 -0.29034377706226
-0.00875451265187491 -0.0339704569758679 -0.6361101200232 -0.207410558709721
-0.003851216129828 -0.0100314044058539 -0.536435649896386 -0.18307746089712
-0.0607761581267269 -0.0291752309168265 -0.202105956954626 -0.0857204183751522
-0.080965718718369 -0.040271581639188 0.151421789234665 0.164370150891269
-0.0536628997529144 0.0323146783007216 0.439939469711527 0.353332791417377
-0.00647434629594206 0.0377163267617045 0.456500154762876 0.460574114008185
0.0116702931438829 -0.0498205580321567 0.425747558998701 0.633336934246161
-0.0518755493073764 -0.0542967262654735 0.464464579790847 0.650583799766549
-0.087703507843174 -0.028162965964898 0.383913476925203 0.444981555391992
-0.07458477769975 -0.00288859751362973 0.189819518379201 0.149753248798081
-0.0632990192607004 0.00639005204210029 0.00808712271447896 -0.136901487683448
-0.0619216085514032 -0.000170572192477438 -0.245559369068407 -0.321884026221748
-0.0674752613248534 -0.00710058473901731 -0.450313550818912 -0.428543309166363
-0.0655937752262571 -0.0401922094778986 -0.602576585120431 -0.377080278922642
0.0020396236007951 -0.087237413468111 -0.651519362880249 -0.237897629649997
0.024253811742693 -0.0258428547762109 -0.639800842834899 -0.159673162267678
0.00274208277752318 0.0221452786934951 -0.522910483203897 -0.155458434505924
-0.0846450034429123 -0.0166397540874054 -0.176890791543438 -0.0726867332290991
-0.0895530331797614 -0.0255787812094644 0.17513204781578 0.180224783588066
-0.0363415063752246 0.0695688624259964 0.436130849830352 0.376593610614486
0.0294723026490406 0.057157689695133 0.446997221369392 0.507079445400609
0.0311117601750269 -0.053292136344187 0.412668140245084 0.653384357655627
-0.0497238120910344 -0.0357255640401652 0.420849313126552 0.644705321785771
-0.0800969628846264 0.00987903509247433 0.337159930570269 0.444262478308608
-0.0569682629662156 0.0409375552594428 0.157129962745747 0.149053567045003
-0.0453934192678719 0.049416648935506 -0.0118459549391535 -0.13257834797656
-0.0442617597757158 0.0381418957440807 -0.271494810823386 -0.314187106641556
-0.0568378214819558 0.0186167165852623 -0.484342357749563 -0.410407286365585
-0.0533648666274487 -0.0364344629897058 -0.635588545006851 -0.354180923011575
0.0284983122766684 -0.0979755741296722 -0.665929733719455 -0.218395053448058
0.0595654694160795 -0.0117227616781437 -0.633601546048873 -0.139412303389034
0.0082264691938536 0.0510384944211744 -0.50764124708685 -0.1400690081355
-0.0954430640177936 -0.00809453587355906 -0.150801435519142 -0.0666597469170368
0.0903842574776142 -0.0341726957892999 0.121892100684097 0.113320089586094
0.0145642569547493 -0.09619473144296 0.468134849983965 0.175220680353283
-0.0769105643957137 0.0103953922588851 0.61273802560857 0.133924693285602
-0.0174281070812891 0.0942862154379873 0.637058057562152 0.222533637991951
0.0805474646204175 0.0541057096810953 0.657756977881059 0.357556835420393
0.0423066277003202 -0.0118967396951874 0.556705489533484 0.383450543165957
0.0149321992589375 -0.0499908767784688 0.329705967032015 0.277853892665997
0.0299055648672764 -0.0475772183550014 0.127785341254174 0.05253256216443
0.0319984655485275 -0.0583545597786503 -0.093193382534602 -0.174594807241258
0.0594350509191926 -0.0250940050770891 -0.241641160512522 -0.454348955841504
0.0584447892852243 0.0353089144625731 -0.377215126384929 -0.640921197393551
0.00414416751400219 0.0608306391420289 -0.435142714073585 -0.658307054238605
-0.0411478818305811 -0.0322726463028482 -0.489286698855833 -0.543844149524083
0.0810354879413354 -0.0828964559155516 -0.503733050350166 -0.389400246116844
0.106159524880482 -0.0061975110772065 -0.209817083964471 -0.18777103978071
0.0747087928126532 -0.0330016098144515 0.105076571528493 0.11328099405191
0.0105870248095357 -0.102049315915988 0.463466451084162 0.186153856634879
-0.0957695537302529 -0.0104261005196155 0.598333484668971 0.154034923922267
-0.0517435584555187 0.0808065046225572 0.628392650388918 0.267449223459121
0.0453326346009742 0.0477270475170649 0.665821163031391 0.396139623554695
0.0143007285933347 -0.0252395387649926 0.567751883549149 0.384638493346952
-0.0140466048713977 -0.0723686112409219 0.336422499626131 0.257133105100222
0.000924555354959904 -0.0752103705620234 0.129231040643928 0.0221742283399611
0.00381033327119355 -0.0890321465911788 -0.0904853242983103 -0.202740977620034
0.0336826429770639 -0.0625859724258526 -0.23966629865017 -0.462949992317843
0.0394258166284181 -0.00337902759036293 -0.383666232317407 -0.613912646348839
0.00228158950619053 0.0348559959738119 -0.467598566428466 -0.609321209468026
-0.0563627316773224 -0.0361365311992977 -0.526276457666639 -0.508814710507933
0.0517052547035931 -0.0927071787660565 -0.52148186678745 -0.37210375576351
0.0837630649009009 -0.0283615385933 -0.229144531344079 -0.180708294131226
0.048228402863316 -0.0319281021676609 0.096853966469514 0.113983676852154
0.00343276981096316 -0.0916098768826481 0.460963339209347 0.209830140014543
-0.0972391397519215 -0.0242353122824074 0.579517186798615 0.195822765557015
-0.0731275898844806 0.0531480950753179 0.603027704764762 0.338432804349706
0.00720033985448067 0.0309407485421374 0.658193036890397 0.457152726823416
-0.0183533357169087 -0.0377561623911109 0.562079955124959 0.39951331676397
-0.0424122170276274 -0.0834921139645303 0.327377610752286 0.23453245468885
-0.0278638422008717 -0.0883524297420338 0.11797039454126 -0.0183699954113216
-0.0250657632996779 -0.102725684716451 -0.103415085579454 -0.23997525746567
0.000862409654875246 -0.0832628916292444 -0.264448833948181 -0.472496541545966
0.0111990220403364 -0.0354461079446489 -0.416219750014828 -0.58042869833901
-0.00292629083161552 0.00146932573692035 -0.514002406827731 -0.540224341058963
-0.0587331408373178 -0.0376250267082909 -0.570112391666022 -0.446057591376476
0.0235731092245133 -0.0886484886643545 -0.536467676822685 -0.330700739665528
0.0497104711207435 -0.0424518433846912 -0.2402755733208 -0.160835130073863
0.0129535698799952 -0.0344320391950809 0.100694591729273 0.117501838297035
-0.0123385545196379 -0.070127076130891 0.461983153060922 0.241453752813807
-0.0880781670576741 -0.023413307320098 0.554483094209347 0.252513313446979
-0.0727314232497783 0.0196290174378845 0.564030192055725 0.424803283185016
-0.023905708597149 0.00231686253583438 0.6259236562737 0.529380049152858
-0.0474165641721362 -0.0495590096062918 0.535337060628727 0.423221036184686
-0.0650488454749742 -0.0825026652410658 0.305534746431884 0.209325049420516
-0.0511659029995452 -0.0859272043101285 0.0962332710006107 -0.0596097942713629
-0.0498941800339145 -0.0975915710268389 -0.132608584800714 -0.276289269246239
-0.0302211007283541 -0.083498971902631 -0.307800181470474 -0.477546577529248
-0.0200122971233208 -0.0514897359169908 -0.463581841564374 -0.537783213144848
-0.0101027026975045 -0.0285522734359905 -0.564702459620001 -0.458691515708295
-0.0501832751578354 -0.0400930031726535 -0.608259406164148 -0.366792632198912
0.0054546474043162 -0.0707269426740489 -0.548674810046732 -0.282370134804406
0.0103091038947736 -0.0462993985188464 -0.238496052744959 -0.135575647604958
-0.0239463813465969 -0.0407946980252445 0.111582434769125 0.1292934514593
-0.0329953477983907 -0.0416465764009503 0.458014034104182 0.284444719436834
-0.067764649649939 -0.0102945354165987 0.52306417213718 0.324585701953733
-0.0510706562632327 -0.0114321253514822 0.514220758424105 0.51060955550511
-0.0425888221229077 -0.0283721129149866 0.578120987261925 0.595139902877553
-0.0705652851800791 -0.0556927799107057 0.494946179046777 0.440950780303184
-0.0786272235551232 -0.0683680577652868 0.270910943651527 0.186985813839705
-0.0658978197537012 -0.0675465400037364 0.0671917029911977 -0.0979791177171403
-0.0651095914607309 -0.0744171285356579 -0.170826457224487 -0.304971409005248
-0.0545123410970303 -0.0658714129240458 -0.357412204158446 -0.470377331751
-0.046771288501425 -0.0537495064828878 -0.518424268798272 -0.484822724240336
-0.0157570735151836 -0.0526714049376115 -0.60577720080449 -0.371128699820903
-0.0332448551435441 -0.0386596103835528 -0.634202654040306 -0.28305739696999
-0.00411645677720677 -0.0436610095411974 -0.551805493368218 -0.229603252765204
-0.0287121967896838 -0.0419106894082959 -0.227087720784829 -0.109226036618133
-0.057868993882379 -0.0454674127615769 0.131239965878383 0.145078629081349
-0.0507053956564953 -0.00698437647041238 0.451763654360106 0.326065758093378
-0.0419937308534127 0.0145693784982852 0.487001856487403 0.401064988538418
-0.0194997829764112 -0.0357539523932565 0.466329756577668 0.588601958768866
-0.0508258172125604 -0.0515973961686049 0.521368325976258 0.641224772519612
-0.0844048807454313 -0.0509038009652607 0.442605503603213 0.450563979384218
-0.0829033735455976 -0.0421630454400111 0.233156271028044 0.163860619840046
-0.0715045129345699 -0.0351624163645147 0.0365170329802662 -0.124925784448107
-0.0708053327264202 -0.0392127645792654 -0.210367504613369 -0.322117491041995
-0.0685337867278893 -0.0381028515465666 -0.410395254525469 -0.454980817145872
-0.0636610446876324 -0.0479345220386957 -0.566651386679669 -0.428566571631111
-0.0133116963695989 -0.0726997457213394 -0.638765928718499 -0.29595720749321
-0.0079264028372411 -0.0342322219156767 -0.644847966954998 -0.211922067539942
-0.00372744704353496 -0.0113616223276394 -0.543725388952339 -0.185675203851415
-0.0614045575293272 -0.029611613757867 -0.204904406036069 -0.0874671464216115
-0.0826834495885172 -0.0403929769582992 0.152434834247414 0.167049035878893
-0.0533904312744354 0.0327454371694397 0.445896129744185 0.359796497084743
-0.00729769356556193 0.0391959110421618 0.461887028424071 0.46591586061866
0.012788130221189 -0.0507262452896019 0.429941517284014 0.643415537115391
-0.0528013305267999 -0.0551242022536579 0.469323193175836 0.65915869547614
-0.0883880660497182 -0.0287210802689163 0.389252780240218 0.450509018049479
-0.0754314356899222 -0.00296212499061095 0.192989849209852 0.151415251392255
-0.0643908711812797 0.00606835010739378 0.00879876332868973 -0.138619618032278
-0.0628548999511985 0.000100232159106121 -0.249409945842044 -0.326528868147563
-0.0690820850161293 -0.00767585565848 -0.456311404701861 -0.433352983507461
-0.0659538183662248 -0.0411625867256782 -0.61007117395779 -0.382150870536864
0.00217900869244236 -0.0885340833714486 -0.65988747160975 -0.241026683838328
0.0247456339994492 -0.0255415397489388 -0.64888220183873 -0.161924358536582
0.00195707900790737 0.0217443628783692 -0.530967915730429 -0.159116826966466
-0.085851201133604 -0.0168332945907613 -0.178214217192398 -0.0745042424899675
-0.0913986285300259 -0.0252740575127575 0.177308091757883 0.183445233182397
-0.0370655451254879 0.0704458963537355 0.441184058870259 0.383306622578937
0.0290366214836813 0.0584657902530967 0.452402134868593 0.513747885563064
0.0313757010982913 -0.0540016105647491 0.417618043146607 0.663480677805301
-0.0502690973842113 -0.0351612792356044 0.426784621558951 0.652463829233353
-0.0809719504434654 0.0100450780030756 0.340420761186499 0.450071969059387
-0.0578485041805923 0.0419663403548592 0.159859808229027 0.1524154825058
-0.0461999031161519 0.0497441149929094 -0.0117340489308393 -0.135142007593153
-0.0453192347225862 0.038234192631011 -0.274740114627708 -0.317015065579342
-0.0571971471265916 0.018228503084036 -0.492355330893808 -0.415752082089537
-0.0543481492318153 -0.0374569870593798 -0.642938184471997 -0.359076713254048
0.0292819199910367 -0.0984517183584335 -0.671540487910917 -0.224209633728788
0.0613249379044006 -0.011433066976486 -0.641486294730085 -0.143253572913563
0.00846518323970024 0.0517273188514666 -0.513973376170276 -0.141428087638843
-0.0969545969764373 -0.00800624867318072 -0.15287374878803 -0.0681615101469441
0.0907919822805026 -0.0345225150152254 0.123081875194181 0.115028571896394
0.0156743439074225 -0.0974271649352557 0.476109610692481 0.177275067901487
-0.0782462584690072 0.0104645634971417 0.623551854615339 0.136035058329179
-0.0187995294008098 0.0955023407297271 0.648889909622779 0.225788607768845
0.0814533825440449 0.0545982518424669 0.667716911826839 0.360595520043983
0.0431832121119021 -0.0118519882875803 0.564988186879897 0.389259435126167
0.0159557102383194 -0.0511280071563543 0.335921007702148 0.281186469425936
0.0301361399522893 -0.0490554846997612 0.129301739432072 0.0529548786984135
0.0314578281689159 -0.0584663181185603 -0.0947009344055958 -0.177281578092376
0.0600165578102788 -0.0253699033934291 -0.2453466700621 -0.462028107440494
0.0590074923163617 0.0363372829122802 -0.384174392548633 -0.649878280328421
0.00491858070706899 0.0617199687628581 -0.442905895449843 -0.665983171632353
-0.0411601088546308 -0.0326022283463717 -0.498044517151777 -0.551349277602328
0.0820065543533205 -0.0848501386983048 -0.510422959971903 -0.393421588977391
0.107035462423791 -0.00616194298836627 -0.213498810493112 -0.189747990526571
0.0751707099331515 -0.0331942646843092 0.106587822456567 0.114714467951673
0.0109778633381811 -0.103118873406701 0.469129981982729 0.189035443061543
-0.0970933931895283 -0.00968139334585923 0.606901868812917 0.155875033768668
-0.0530460721177938 0.0817032780130055 0.637299249547175 0.26924031349345
0.0461789167178528 0.0482593881237442 0.677241783942126 0.398882006512531
0.0137600445315149 -0.0257274653468896 0.575273202823693 0.389595434480743
-0.0145614380370865 -0.0728889383068174 0.342660097414906 0.25887016736163
3.92688174203442E-05 -0.0765463620843471 0.130153764340813 0.020781247972201
0.00373368525540357 -0.0896890324449244 -0.09093024447652 -0.207223533871619
0.0333404509579967 -0.0635434126258894 -0.24484009979284 -0.469432071755156
0.0404673019829507 -0.00390193896919476 -0.391135496455523 -0.623609795862608
0.00213245089742235 0.0353337958222949 -0.475304333853651 -0.618724476220274
-0.0557519251331054 -0.0368974365292781 -0.536814484573915 -0.516599145815782
0.0520474215388907 -0.0954032445923043 -0.529762128422691 -0.377523745613822
0.0842610819930846 -0.0284109758619626 -0.232785490888138 -0.182553452991373
0.0479931030684348 -0.0322071024404564 0.0979409102974549 0.115454461989025
0.00351698046246863 -0.0927550985950391 0.466846853710094 0.213842309483002
-0.0993215496442917 -0.0244452665449843 0.588967878359056 0.198747024330499
-0.0744030984444074 0.0538674778217743 0.612244405876334 0.343580151719952
0.00750033583884828 0.030836018727186 0.667924570039346 0.461521641675722
-0.0186523281407036 -0.03815591813654 0.569649485848674 0.405339357868737
-0.0430784878963185 -0.0842514157082092 0.333559693708745 0.237058598140182
-0.0286176785617008 -0.0900199186617154 0.11897883215247 -0.0185274729279812
-0.0263068131084583 -0.104159905208262 -0.105659037055615 -0.243465175244507
0.000467132932075752 -0.0840634167004705 -0.268645551907743 -0.478591405718731
0.0113594406140052 -0.0363697606690835 -0.424219176883508 -0.588414186480599
-0.0022317269393266 0.0014723436727185 -0.522524787011096 -0.550191239412477
-0.0579126738444095 -0.0382753707990578 -0.579015639258922 -0.452113858653422
0.0238898364680577 -0.0903115799175256 -0.546824186999565 -0.335198795551262
0.0493180560902489 -0.0436350254401873 -0.243660486922669 -0.162255595634375
0.0131312051842044 -0.0343612718225297 0.101378032900838 0.119123215315774
-0.0116306508502412 -0.0707203985410819 0.468982648110427 0.245263636188206
-0.0882892037681215 -0.0236504994917454 0.562836222485234 0.257566212232691
-0.0742812415038411 0.0202084946863833 0.571715771093507 0.429839263787512
-0.0238091715980608 0.00286062346900746 0.636480559848626 0.534778654788036
-0.0478679953454003 -0.0497050589099144 0.543845064529661 0.428603284523094
-0.0666609381379112 -0.0834256925520039 0.311021266525859 0.212129102018596
-0.0518624606412963 -0.087974401890977 0.0965684386337417 -0.0604911116056282
-0.0500004772370846 -0.0977746842060357 -0.134476819541155 -0.280943399798447
-0.0310440170357075 -0.0853103827605313 -0.311372448053287 -0.482508528077317
-0.0208060594475675 -0.0529159839722113 -0.470944939400918 -0.544191664750221
-0.0100432111908186 -0.02917103666107 -0.573241433878275 -0.464234779594737
-0.0505190259052142 -0.0397179056930791 -0.615767147888119 -0.372448395669074
0.00525695614902997 -0.0721578108875265 -0.55632450526122 -0.285189018709357
0.00998757588421352 -0.0484197713862993 -0.242149749450194 -0.137140972590563
-0.024930098018717 -0.0407237260771657 0.113657254360386 0.129840018315522
-0.0326880909970267 -0.0429318412670131 0.464790224404796 0.286361454237372
-0.069997891904308 -0.00972845658846943 0.531626891664203 0.328769834582986
-0.052412243729609 -0.012231184943198 0.521088471979863 0.517581613666057
-0.0424456908792262 -0.0288406933510248 0.588109785101578 0.601986152233839
-0.0714779181715247 -0.0564566408691142 0.502296341187431 0.446096041569621
-0.0799335095650781 -0.0689443487076703 0.276216789660234 0.188043734910375
-0.0674022514596945 -0.0677712504408026 0.0676181786664266 -0.0984234599105275
-0.0664655992446213 -0.0744404686319942 -0.173544080428084 -0.308254663122816
-0.0561426696631765 -0.0679076638629654 -0.364105875574826 -0.476799654359019
-0.0481344747841023 -0.0546235963859921 -0.526826534585782 -0.490353531902557
-0.0159725876091245 -0.0542769026384714 -0.617663989615386 -0.376794716384221
-0.033858607357937 -0.0381714880776834 -0.643828196554993 -0.289157783764337
-0.0036830739667222 -0.0445888441640364 -0.560442989059913 -0.232759625654007
-0.0295405968293311 -0.0417936721561409 -0.230262259817969 -0.109775307865711
-0.0588589752004869 -0.0456092709779667 0.132526586831132 0.147149974522053
-0.0507820526271987 -0.00722557788122023 0.458507257680696 0.330742436575412
-0.0431231854585394 0.0149733015226577 0.49661994400493 0.406233564258306
-0.0198168403244549 -0.0361810623408026 0.473990098554969 0.596149287342065
-0.0511423619475601 -0.0519670404237725 0.529014242326971 0.647515394672379
-0.0856745119338626 -0.0515905543993583 0.448168381153804 0.454628441414545
-0.0844038878847269 -0.0415243487730812 0.236709939459067 0.166651998263604
-0.0720147646054487 -0.0356423382753869 0.0374398014465382 -0.127139414566976
-0.0706578354138588 -0.0390550612608418 -0.214559787378864 -0.326201536555083
-0.0701156884959254 -0.0394208974512997 -0.416800921108752 -0.461927592716981
-0.0649526762378927 -0.0486620463071282 -0.576115539482682 -0.433651331084676
-0.0131726214775753 -0.0736716602490018 -0.649397593258643 -0.299339408055492
-0.00811186203281881 -0.0341359936664242 -0.656423201118966 -0.215877625944057
-0.00373417147619291 -0.0115204166599432 -0.552803475519651 -0.18826504554419
-0.0625721820164791 -0.0301724220449786 -0.20811963841674 -0.0892731819271881
-0.0842551365237268 -0.0410593847506632 0.155127703306829 0.167981467564748
-0.0547976466540345 0.0334379712893474 0.450634933970357 0.365323006610742
-0.00737686406988405 0.0407587552877157 0.470151279122897 0.475742509543237
0.0116472988909723 -0.0520344776519439 0.437954974760931 0.652059755124381
-0.0527033320856183 -0.0556193783345762 0.476969801682858 0.666739021148488
-0.0891737895199892 -0.0286732773136035 0.394707642660694 0.455660470384116
-0.0766182391737876 -0.00279663081906718 0.19644614356792 0.152691255353011
-0.0650361653344238 0.00697637082656996 0.00832522320512633 -0.140429057057248
-0.0637708091329229 0.000534024513260283 -0.253029594085735 -0.330242380584381
-0.0696806907004265 -0.00842119282616716 -0.465192973648551 -0.438274102835101
-0.0674430377864709 -0.0423801412664368 -0.618998222276439 -0.387816666069607
0.0013523636845336 -0.0907751427522658 -0.671480657456181 -0.242365280835724
0.0259685732565597 -0.0260328812586753 -0.660580916306869 -0.164876528077707
0.00169989876471104 0.0215105925937055 -0.539595491433599 -0.158496429117159
-0.0868694343991087 -0.0180461761590072 -0.181805308159277 -0.0758244222093978
-0.0933905754808755 -0.0258904448444984 0.179176848112967 0.185061833512524
-0.0379834785990949 0.0709361810737562 0.448629698932335 0.389020762770707
0.0292948421794718 0.0593945842755188 0.45976009238615 0.523690975676698
0.0322146101220412 -0.0544828089499139 0.424374031007219 0.671104167606529
-0.050787362362098 -0.0364903072839968 0.432998900053884 0.662323321500788
-0.0815196856458624 0.0100289461058736 0.346095181738089 0.4567789379454
-0.0592705056206381 0.0418530723752317 0.162235327350869 0.15366850464863
-0.0467201975680907 0.0512135821041839 -0.0128144048255858 -0.13636753786945
-0.0456787925331685 0.0392796128051866 -0.279648275992694 -0.322080329001932
-0.0579445578933446 0.0178515562634803 -0.500041481061041 -0.420363585965907
-0.0553628879676444 -0.0384106712085137 -0.654126258281887 -0.363571067962135
0.0296180763816498 -0.100794609874453 -0.681703154257611 -0.22523900156173
0.0617566046730537 -0.0112074007016877 -0.654126971262328 -0.144149103252899
0.00851037331465926 0.0510973611258087 -0.523803318498229 -0.144387843816364
-0.0981388265847544 -0.00831931311200258 -0.155018041064456 -0.0689267041486778
0.0923040801529273 -0.0341528739513242 0.12465538396202 0.116996066841483
0.0155298813903583 -0.0988040911690274 0.484268483355472 0.17922254625208
-0.0786382772918582 0.0110217855200278 0.631238892656195 0.136049482936755
-0.018171555799257 0.0968704949975512 0.6584565436111 0.225150434740223
0.0833823373182027 0.0545257812807161 0.678892553702392 0.364427366145934
0.0445433596438881 -0.011953710893228 0.574430206891897 0.391254740507527
0.0157638361625011 -0.0511701594940186 0.341902834113738 0.28262379123087
0.0306781296118058 -0.0497465846907727 0.130926189540472 0.053093693864608
0.0311484219749483 -0.0592953682079816 -0.0969639397490055 -0.180188816164053
0.0606371888745198 -0.0259919367416845 -0.250898919947933 -0.467221039630921
0.0597952119264594 0.0359996219204269 -0.391450449501453 -0.65870474207178
0.00498747703641758 0.061798094895562 -0.45181771445314 -0.675916145622517
-0.0413475309117998 -0.0323955463650047 -0.508579299085684 -0.559598318758915
0.0836868211311707 -0.0875837677982648 -0.521046518393419 -0.39818587885173
0.108206056244477 -0.00658081708300677 -0.217248118678327 -0.192205035707545
0.0751145322609848 -0.0324229010740045 0.107205352784536 0.116340552199751
0.0114162069669777 -0.104117398963855 0.478427014617673 0.191429031706808
-0.0977893660478954 -0.00985447306197014 0.616293137942063 0.156454429100347
-0.0544964729181739 0.0833814239592483 0.647911466475749 0.272227680371485
0.0469321042587597 0.0491564837939321 0.689098243044496 0.401662160993495
0.0149531915186265 -0.0265812563187613 0.586443825987774 0.391938886998131
-0.0154441674139931 -0.0732462576907266 0.347779135898263 0.261435328265698
0.000379287388949748 -0.0779175970249456 0.132748787168543 0.0207896302634823
0.00308013226723099 -0.0907050685712881 -0.0932302492056436 -0.210190466887909
0.0330994350252542 -0.0647510186081872 -0.249529846370768 -0.475191884673898
0.0408509015495737 -0.00439051732578323 -0.399282702491209 -0.631748230256894
0.00222305925573352 0.0348011215343409 -0.484344518708147 -0.626149480605557
-0.0566426178431224 -0.0369402545532846 -0.54780518762905 -0.52372470435869
0.052639436104865 -0.0980768991747607 -0.539027520651146 -0.380763452936418
0.0857654244904674 -0.029099013939805 -0.236516298210241 -0.185630676196515
0.0480973644457738 -0.0308588578700613 0.0997155354847925 0.115933236041694
0.00395297202603491 -0.0945185884887189 0.47438016633087 0.21517721018796
-0.100683456329295 -0.0235022296668536 0.599289473896721 0.199317707205563
-0.0758349952816829 0.0548997057860532 0.623120805765173 0.344719201729235
0.00802803946563784 0.0319116793477627 0.681316143485588 0.46393809389445
-0.0182285241201609 -0.038909415543341 0.580473564334655 0.409714826069757
-0.0445844068900444 -0.0843581114692612 0.338565138925895 0.238289547302828
-0.02905128014583 -0.0915297826345764 0.120920773399635 -0.0188122836914133
-0.0264944642282534 -0.104907611043239 -0.108522516786719 -0.24754042411018
-9.19464464063727E-05 -0.086462401127744 -0.275402818077613 -0.485192442261117
0.010746384488754 -0.0374321758065827 -0.431208026843279 -0.595970809901176
-0.00251900205415936 0.00183013722062107 -0.532075066697748 -0.55470369250574
-0.0587809204797923 -0.0381075125440142 -0.590423971385282 -0.458008083705537
0.0244411871342077 -0.0924790885698106 -0.555779267838934 -0.338346881979298
0.0500397902243343 -0.0440466400574758 -0.247634953403066 -0.165024295303365
0.0123197672454813 -0.034446042645598 0.102020347560496 0.120329014618904
-0.0121893218783335 -0.0721610742019652 0.476488353581945 0.247650949943845
-0.0903161910894828 -0.023867376772511 0.572230610213816 0.26054727454493
-0.0754613731640656 0.0201112948768487 0.581617399943208 0.433507757440363
-0.0243032517067588 0.00236321818248336 0.646616724762506 0.539109103922551
-0.049411572103127 -0.0509168576343245 0.553679132987237 0.431751423446509
-0.0671875354924177 -0.0837819675670996 0.315007534447634 0.213690668806742
-0.053392792501898 -0.088296815038865 0.0982690270075378 -0.0618841052397019
-0.0519289044638122 -0.0986139853342103 -0.138140059580048 -0.283439422701556
-0.032577955459382 -0.0867538974522335 -0.318145148143266 -0.489105271783858
-0.0214272009104583 -0.0536620228837631 -0.479924045807091 -0.551884532924918
-0.0105930917897633 -0.0293588888885453 -0.583827210440746 -0.46859134046089
-0.0507153715931652 -0.0397720307139909 -0.628426061737807 -0.375157234912466
0.00545029964727196 -0.0734306483847637 -0.567767146840768 -0.288542502558145
0.009830682853529 -0.0486701486173148 -0.245971758104397 -0.138327416163438
-0.0253889877474506 -0.0411727431950053 0.115251358378889 0.131056982387029
-0.0337054714508008 -0.0427894725385188 0.472858725083952 0.290912923230975
-0.0709271568447905 -0.00972568348891339 0.54140215401853 0.333145994931887
-0.0542410737556498 -0.0125193452118728 0.531250106978223 0.522178186724829
-0.0434683170110706 -0.0295782681478389 0.5971463444966 0.609417496996034
-0.0725797049116263 -0.0571402703645864 0.511366186456967 0.451161098762612
-0.0819304923394907 -0.0693654644051096 0.281702847707002 0.189905488567792
-0.0690145124442008 -0.0691046297595039 0.0692242645992569 -0.100672094324708
-0.0684886105305201 -0.0752805564037588 -0.177300952452728 -0.313929396321035
-0.0571730493436728 -0.0690171849264398 -0.370836005953223 -0.481335216296717
-0.0491828180672767 -0.0557968370895685 -0.535445593186945 -0.494831741121534
-0.0163099752484587 -0.0553111024624272 -0.627054549569505 -0.381636280694254
-0.0335634968443154 -0.0388537708340867 -0.656483868582286 -0.29039049579798
-0.00347273239014512 -0.0460366930814346 -0.570340328828237 -0.234340896451306
-0.0302286507233378 -0.0428876996520724 -0.233477016736353 -0.110970988689691
-0.0602444384429728 -0.0461355429206404 0.135005995373591 0.148777000300934
-0.0519581663330304 -0.00730778587670561 0.466589693476462 0.334681530910991
-0.0435192010070093 0.0158312323685499 0.506148322580784 0.410570835254982
-0.0202890171975051 -0.0372543975807521 0.482647990989516 0.60436386523777
-0.0513144514801936 -0.052901011630177 0.540537093413611 0.657520023430632
-0.0872533479276818 -0.0518121432368513 0.458507186180239 0.459932516274778
-0.0856196913237827 -0.0411468214604261 0.241797436370915 0.167298306369908
-0.0732228645525008 -0.0351907123640284 0.0369325711371123 -0.128813243258559
-0.0726019565443681 -0.0393495999894506 -0.219550169933221 -0.331537441912304
-0.0707555212602446 -0.0397717097216118 -0.42569255515438 -0.466633968258189
-0.0653520253916774 -0.0495914649786452 -0.587018148420884 -0.439355307236196
-0.014189362208273 -0.0744799728809196 -0.660277604282471 -0.303380179422631
-0.00772104605750437 -0.0340323434740586 -0.667425583388913 -0.215519830536323
-0.00382772503361275 -0.0129163449180922 -0.561486705188561 -0.189732329743872
-0.0639513230153976 -0.0300759317726816 -0.211094441069004 -0.0905441115300768
-0.0846509933663364 -0.0416724499621129 0.157899152211804 0.169699593573338
-0.0550950617200606 0.0338546458899632 0.459474381536128 0.369744203390427
-0.00791143314768579 0.0421131565318992 0.479179966104909 0.48048820792485
0.0109328859738176 -0.0525018567824122 0.4452875524054 0.658930488512684
-0.0544992651620491 -0.0571435664462862 0.487261311843275 0.673956500441055
-0.0911496279447537 -0.0287311747412598 0.402618867621519 0.461323344332402
-0.0780323335967411 -0.00245760282624154 0.200626448034596 0.154527911366127
-0.0651110986229505 0.00739218545659275 0.0080819202503283 -0.142393626704438
-0.0650526225790423 0.00133715723853368 -0.257036113522118 -0.335555877057959
-0.0710615430037962 -0.00859788412859465 -0.473768941454827 -0.44503276945104
-0.0690419511140402 -0.0421192422408059 -0.63101193013273 -0.391292327415953
0.00145203643579701 -0.0910779971103488 -0.682610040310761 -0.244990536709655
0.0263993081122365 -0.025899002644227 -0.670798762993104 -0.165371159348881
0.00224127414460632 0.0210377736449626 -0.54917125236904 -0.160535608716723
-0.0882473104639845 -0.0181072032412488 -0.184451814454034 -0.0760442925518362
-0.0943740290347663 -0.0266705335487456 0.181555528954203 0.186680674167875
-0.0375852314593098 0.0725225460082723 0.457370035366646 0.391483167341887
0.030236838618084 0.0609849534447756 0.468693596645467 0.529475301648572
0.0317722504920801 -0.0558016171435042 0.431827560500621 0.68016273501654
-0.0520704177424319 -0.0360886321449188 0.441929435908908 0.669584487347347
-0.0830015845039425 0.0104202460177317 0.351694273188188 0.461319937161392
-0.0592374111561005 0.0433573932521202 0.165096601331424 0.15549520864625
-0.0465963536391708 0.0515971138060209 -0.0129446511255556 -0.139144948708
-0.0464270143620806 0.0408537473209796 -0.285209143285832 -0.326053974632048
-0.0587062850864901 0.0183284026734944 -0.507917103904909 -0.42541213020168
-0.056053712145722 -0.038512077245218 -0.663142761858656 -0.365189240180214
0.0296979588233575 -0.101300636263308 -0.695499841795482 -0.226351595887339
0.0637904961135676 -0.0105564850741337 -0.663990182130075 -0.147361252856918
0.00809728001984724 0.050315960856111 -0.533492142922237 -0.143929333529119
-0.100237331073775 -0.00817046350991662 -0.157292281255317 -0.0697507460407251
0.0927354667391253 -0.0344610300967802 0.126789572479921 0.117911856400388
0.015944114421089 -0.100318100326 0.491943234230317 0.179751149579626
-0.0794863915992909 0.011952685463945 0.644344094550289 0.134358709364907
-0.0195206558819417 0.0990570902816961 0.670685249242872 0.224516870086253
0.0842932844258347 0.0550512977564707 0.693418197218384 0.36367465797274
0.0456498639556676 -0.0131696232688493 0.587377524993816 0.394276140197074
0.0152556304348098 -0.0517738112553101 0.348499394539882 0.285176879194573
0.0307090001215871 -0.0509102644246424 0.133546607084452 0.0519692439398796
0.0315801081344439 -0.0596656897225036 -0.100231313225682 -0.182180451775738
0.0611757320047073 -0.0268956710915736 -0.258868149711823 -0.472444962138915
0.0610946962215304 0.0356736322841335 -0.402148360863482 -0.663907345172872
0.0049267398084404 0.063214726499351 -0.461941334490426 -0.682378980439202
-0.0417672417468663 -0.0323906112111056 -0.521301681474269 -0.564065357685388
0.0843209056167391 -0.08926417008875 -0.532599659174043 -0.399243476507263
0.109661640399175 -0.00774804617168181 -0.222031117629502 -0.193890562868264
0.0761287568168919 -0.0330470850850348 0.108968555065756 0.117276444660731
0.0107361404919814 -0.105576032161607 0.486896479268251 0.191877015701658
-0.0991764208380503 -0.00900202842382592 0.628657503556173 0.155115467404175
-0.0554275971590139 0.0847885348966545 0.660376603337466 0.271335155915199
0.0487281722812306 0.0487506242527689 0.703005752572894 0.40298448145636
0.0150853659088498 -0.0263334915187495 0.597453893490676 0.393475261371009
-0.0159161032101496 -0.0741160461955689 0.356781813544416 0.262478359197586
-7.87365201350124E-05 -0.079592929209213 0.134095299150022 0.0201759574762087
0.00134823619034911 -0.0915457813724412 -0.096245095464957 -0.211970122538986
0.0332327106976719 -0.06590418549413 -0.256877246071903 -0.479811951474768
0.0409704114692855 -0.00484257671249144 -0.408538213097791 -0.638823910630992
0.00196798797030262 0.0354747376188914 -0.495954186133546 -0.631682031057553
-0.0566890772491169 -0.0362098450328793 -0.560430171177882 -0.529701727655361
0.0531268746561863 -0.10068416298945 -0.548982008583866 -0.381091661700506
0.0863049611606757 -0.0299610322692879 -0.241233070158532 -0.185779849021432
0.0479954179345897 -0.031389507431526 0.10070692300365 0.117900024598651
0.00344919079296385 -0.0958608950325318 0.483063301694049 0.216988865168747
-0.102235387354903 -0.0232806376443471 0.608055034352577 0.200283324274247
-0.0774836043314981 0.0564982286322636 0.633700406210041 0.345266741043072
0.00874121732894256 0.0320203192450802 0.695139718587481 0.466155551926463
-0.0192856300228006 -0.038632338494297 0.592057576984033 0.410369569942698
-0.0456516639321128 -0.0848412403285362 0.346362003702759 0.239803317924825
-0.0301489437211786 -0.0931351755549869 0.121829688564565 -0.020768848779374
-0.0279996428090632 -0.105704508244062 -0.112192643492879 -0.250674749603746
-0.00103144886915971 -0.0882657935817417 -0.283981325301795 -0.491643509069024
0.0108247175879674 -0.0381144691374853 -0.440899605312545 -0.601036536383444
-0.00310129583861244 0.00118076254757143 -0.54447003934775 -0.560901062313577
-0.0587378243773701 -0.0379730430011852 -0.604312144065967 -0.460531343652807
0.0244059775338661 -0.0945812002301308 -0.567273035050634 -0.339232700283011
0.0501484595219946 -0.0455651583363099 -0.252594402388491 -0.164740965137551
0.011759452912129 -0.0344216969341533 0.104502840252471 0.120447323843977
-0.0124402744000227 -0.073314670663124 0.485225112460698 0.250066060847849
-0.0917787353500592 -0.0226839611205168 0.5830385432939 0.260618416587603
-0.0771027736337065 0.0215194211633062 0.594102581862257 0.435048795645044
-0.0244963160078889 0.00329398521009563 0.66161100878595 0.543066869232402
-0.050079522710216 -0.050726192591516 0.565436276091686 0.43398505943742
-0.0691878701084157 -0.0847503594732474 0.32159726420481 0.213970706299528
-0.054404848116246 -0.0893473751474 0.0993373517102163 -0.063923550942558
-0.0528034333959649 -0.0993577825089743 -0.141965647894035 -0.287205779058225
-0.0331477262493035 -0.0881715790640312 -0.326936556067062 -0.492984483524663
-0.022422186692927 -0.0545878051918005 -0.492752468579039 -0.555488184370515
-0.0107685934068707 -0.029729485980836 -0.595528751440518 -0.472793611537119
-0.0516632912220394 -0.0393973259636333 -0.641636634566923 -0.37697636161209
0.00520024469792258 -0.075793466441702 -0.577849668334836 -0.287787297570488
0.00916483679978611 -0.0490084147256923 -0.250147828427314 -0.138080428195819
-0.0272794404899332 -0.0412658263734301 0.117387370911208 0.131354103217756
-0.0344728810130865 -0.043117325408273 0.481639132800658 0.293886344041596
-0.0723437400088319 -0.00773563460599855 0.552446984647399 0.335559840751256
-0.0550424032303209 -0.0118117782541158 0.542966297196672 0.527929318753747
-0.0450183714778992 -0.0296292580009796 0.612515508412141 0.613688985346416
-0.0736156997267752 -0.0578281960945519 0.522124517875387 0.453103324937577
-0.0831853772593239 -0.0691067444545607 0.286475266117628 0.190333756118144
-0.07057046392648 -0.0693974697881305 0.0686873893177973 -0.103322610101469
-0.0703281596140867 -0.0749191520913539 -0.181931044599494 -0.316305901080433
-0.0589116090213397 -0.0698619136210047 -0.382284468780283 -0.487353718186581
-0.0505783549216417 -0.0563234064291886 -0.547725595343175 -0.499586519761602
-0.0171960718980592 -0.0559259090661687 -0.639365698487557 -0.382741448611299
-0.0339683974155633 -0.0382009916680715 -0.668771267138171 -0.290885517640581
-0.00409062884489771 -0.0473581259342041 -0.579949839376038 -0.233415315666216
-0.031191130253362 -0.0431104720501732 -0.237810816086727 -0.11224901905391
-0.0620797233796025 -0.0452710716658481 0.137307225326187 0.150064773088285
-0.0527788669034893 -0.00670440893018116 0.477196333026186 0.335328637107104
-0.0442251499593833 0.0171545580256954 0.516499641409079 0.414542823799833
-0.0212585264380103 -0.0368414418659404 0.493005865183042 0.609484104030843
-0.0534377545488266 -0.0533489815423019 0.553949320186961 0.660781126731535
-0.0881844824145073 -0.0517349117667966 0.467909066161219 0.461922021299375
-0.0872541415007338 -0.041841881901861 0.245593323399413 0.168531080536587
-0.0743656122342751 -0.0358005344684999 0.0356459913575297 -0.131644718430421
-0.0742621067740143 -0.0390002743500562 -0.22476144965816 -0.334519623795015
-0.0719439903658101 -0.0400937499989993 -0.436113315716815 -0.469681453367985
-0.0673773734041431 -0.0500233770549519 -0.598634700758947 -0.44118216494697
-0.0144270799418829 -0.0762777364195179 -0.672120035806777 -0.301920150427024
-0.00752633861753264 -0.0341932384429965 -0.680900127271195 -0.215067221624798
-0.00310749739094753 -0.0140769753730501 -0.572049588363299 -0.189108043781431
-0.0654699777149467 -0.0308408977590178 -0.214733062414152 -0.0900188348925025
-0.0870181325855734 -0.0413851669570035 0.16065922720634 0.171048210102005
-0.0558076713376784 0.0348329128567605 0.469771348254227 0.373867535331318
-0.00761696698357484 0.0432792957737885 0.489405874318535 0.486068948999762
0.0101605733532699 -0.0527503941177038 0.457000269974789 0.666147309413003
-0.0562984889630091 -0.0574321905442533 0.498187840601131 0.681406869286715
-0.0921649525678526 -0.028474758400875 0.4121152633002 0.464860176563677
-0.0790721877603066 -0.00157432026589878 0.203586449502036 0.155923588602158
-0.0657145307095404 0.00801799974940574 0.00719625787855233 -0.144224070428424
-0.0660769628233922 0.00204647893604433 -0.264232421848788 -0.338305518503939
-0.0721343462096972 -0.00781397029899673 -0.48424219892448 -0.448145615436231
-0.0704396868688315 -0.0433870024367526 -0.642834840817767 -0.392516323572487
0.000223681974686519 -0.0925349760487274 -0.694800529477417 -0.244338993011955
0.0268706707054056 -0.0257947233203372 -0.685255759560165 -0.164684961486364
0.00227330088012882 0.0209213708580331 -0.558276990274359 -0.157529187434521
-0.0902478702054613 -0.0182253889835944 -0.187437917289265 -0.0756331321569022
-0.0963714577712638 -0.0260954150668643 0.18529700820995 0.188655865539198
-0.0375615808384294 0.0739573091253569 0.464972424667514 0.395167281557827
0.0311838825359133 0.0626261064304812 0.481335411355961 0.535710049161051
0.0310409668143198 -0.0560906880854349 0.443091165703729 0.686499078668472
-0.0527388006202447 -0.0368426855631523 0.454943967809604 0.675243597731376
-0.0836739572997685 0.0115145824895605 0.361836627802976 0.465664482180934
-0.0598420656433812 0.0444600137687831 0.168936459472998 0.156759883918541
-0.0465361372542036 0.0523712436285809 -0.0149922801565262 -0.140797706375938
-0.0475248058060494 0.041666978236948 -0.291063123588712 -0.32884821380421
-0.0594338114626329 0.0192852010883274 -0.520834643084428 -0.427490332226052
-0.0572824878706135 -0.0386168590883913 -0.677518696608265 -0.36730994056672
0.0295269988600496 -0.103125456872748 -0.706972766077975 -0.224406772548016
0.0647285925650967 -0.0107867981663611 -0.674825248315873 -0.142679340129173
0.00947297531049322 0.0508733551623626 -0.541187689776197 -0.141658855672271
-0.101054578917381 -0.0090965275016574 -0.159970433891119 -0.0700118573670799
0.0936079400718679 -0.0345234011869302 0.129043976817995 0.117914687301844
0.0161962205920659 -0.102522426366081 0.500614262853998 0.178462501658283
-0.0804926502093268 0.0129501425927023 0.654230180801526 0.130418593224509
-0.0184310131710489 0.100470630528567 0.68262553361999 0.220800028899148
0.0861749127164512 0.0541135637147333 0.705913246998212 0.361787150591754
0.045944642755965 -0.0139385438005712 0.599220045258168 0.39215624173142
0.0151606013444416 -0.052314078547899 0.356909165450567 0.285142111346548
0.0316085103761988 -0.0522973426893968 0.134931312927861 0.0515277834906138
0.031467445819957 -0.060127320729698 -0.103714527960341 -0.184042814595474
0.0615360610490962 -0.0278338911060026 -0.267632583674272 -0.476170640398348
0.062106714205375 0.0349491247606289 -0.415590279841426 -0.671960413292014
0.00618444647981906 0.0640774824383748 -0.475809718191926 -0.687768137895801
-0.0414990134909021 -0.0326317019274786 -0.536597598678822 -0.567928894431847
0.0851418613576717 -0.0922623367036463 -0.544954190826066 -0.40157165772941
0.110235539695718 -0.00851921078985173 -0.226161918312066 -0.19360803157564
0.0764426481398072 -0.0331152550208241 0.111344314827538 0.118370004358113
0.0102381464477481 -0.108465761437531 0.494969130070315 0.191539001219285
-0.101202671246724 -0.00774202022303237 0.639382449892292 0.151804310048861
-0.0553038349254579 0.086625430269928 0.671422101157294 0.266309863718163
0.0490989849378359 0.0487884238474632 0.71664918381245 0.399861830434169
0.0143091406921251 -0.0267236260887623 0.61209023001453 0.393826671403992
-0.0160894268821115 -0.0738120069315867 0.363891692373114 0.262255857139659
-0.00134044787824104 -0.081252434804478 0.136047383061054 0.0182288075220721
0.000715920643772504 -0.0929697948275614 -0.100831680108068 -0.215346118537855
0.032673680517932 -0.0674919457821589 -0.266989594645272 -0.483165113280248
0.0415555229287515 -0.00555633957645135 -0.419117142335012 -0.642521968195094
0.00261591247064157 0.0363531602611388 -0.510133888651342 -0.635738832037216
-0.056823655707231 -0.0358612243864668 -0.573647571089519 -0.531109554310904
0.0532405939826158 -0.103466294342372 -0.563428884844723 -0.381822303439477
0.0863797133025332 -0.0310883893720912 -0.246115061399012 -0.186635171674128
0.0485106428988834 -0.0320560281182365 0.103409671870698 0.118318298811102
0.00325457421159179 -0.0967150518593688 0.494324795741371 0.216869816772522
-0.103782751740968 -0.0223877564454928 0.620445097413638 0.195770879951298
-0.0779765312550448 0.0576908555203679 0.645870177332965 0.343130165473936
0.00851925446791147 0.0321563164171001 0.708712324456313 0.465784793029409
-0.0194585157971179 -0.0395331477015222 0.605639994204944 0.410246805680317
-0.0471073723271254 -0.0855965770344728 0.353149803447742 0.238380124479164
-0.0316640930992565 -0.094516469007381 0.12399511745129 -0.0230077541146146
-0.0299826416547009 -0.10656943211692 -0.116057913570679 -0.253342305927632
-0.00200221177683441 -0.0892591560184291 -0.291148052146771 -0.4918404191143
0.00997571999852736 -0.0386840436968749 -0.452745894404973 -0.605817107800291
-0.00280233405226777 0.00158956861384402 -0.55725666282251 -0.563149468479674
-0.0596859551530126 -0.0378035525588879 -0.617821869130574 -0.463303281593414
0.0238684048687882 -0.097952498523873 -0.580162761013883 -0.338500825280722
0.0505245550870049 -0.046180044482865 -0.257538588381802 -0.165115225374633
0.0114502078312103 -0.0346259411284917 0.106423297771267 0.121738263696187
-0.0124979014117282 -0.0739311404046271 0.495944556735474 0.248763666387511
-0.0930821525103316 -0.0221077784618616 0.594659465317494 0.259288875769084
-0.0792701379558278 0.0217328356895871 0.606769144765616 0.435743887319339
-0.024756451656471 0.00342590999750771 0.676867872061423 0.5433628250189
-0.0505000531650652 -0.0511609949187469 0.579047025687306 0.432544569296378
-0.0716129763761702 -0.0840442858347583 0.328744164601491 0.213675593414086
-0.0560537717739428 -0.0906598614648218 0.100032529623908 -0.0665519055752138
-0.0551709902672637 -0.100691917132395 -0.147162928058378 -0.290510747398453
-0.0345525499480018 -0.0889119431845991 -0.337666542638067 -0.497729245326408
-0.0238812621550778 -0.0558107819275368 -0.502740874019881 -0.558729008193487
-0.0112555077362847 -0.0309578949174783 -0.609551987718625 -0.47375046211936
-0.0526018805920166 -0.0389034564877592 -0.656196295643195 -0.376935145076672
0.00478607966173755 -0.0778655781342776 -0.591083263749648 -0.28737871580622
0.00843507177242443 -0.0501396005292397 -0.255454641949537 -0.138593785646628
-0.0273496036328834 -0.0404568429513295 0.120121514872466 0.132763752746337
-0.0345970531943567 -0.0433050785818146 0.493016501215884 0.292611960577662
-0.0733811340369594 -0.00679895382800739 0.563928864588145 0.33383374696276
-0.0576692332889551 -0.0114016609675394 0.555809828438316 0.529022289303637
-0.0452899787812926 -0.0297777854476865 0.62723410084071 0.613284915297394
-0.07498371456914 -0.0573175241651603 0.534457213846359 0.452976739791474
-0.0852281026260257 -0.0695623525992304 0.292876871403755 0.189420127832586
-0.0718676281716458 -0.0697275225023708 0.0686332747267358 -0.104284178258464
-0.0715160483741552 -0.0751735092342485 -0.1880052580612 -0.319903966764423
-0.0609407633214541 -0.0700785845826805 -0.390473615039585 -0.489722088264033
-0.0527160206494329 -0.0566131322032188 -0.560147240164664 -0.500443154763175
-0.0173513825492851 -0.0565674794892032 -0.652626445790143 -0.381024425455215
-0.0345203320474087 -0.0382735578697296 -0.682462131619603 -0.289938372974216
-0.0040134740257863 -0.0487559159053941 -0.593231778086035 -0.230265626970981
-0.0320164194135367 -0.0435957654159555 -0.240700890364837 -0.111696884643161
-0.0634488997554907 -0.0464656608379482 0.140133762110819 0.150643953120276
-0.0530350162485451 -0.00669016326116647 0.48692335583072 0.336197230891519
-0.0452424694366686 0.0184200814044575 0.528898688457098 0.415547502356738
-0.0215121640198389 -0.0374505275481778 0.506171970814791 0.613237575737537
-0.0545633422952177 -0.0533390170077128 0.567864257383159 0.665526705445861
-0.0902213826116494 -0.0518463632460505 0.478453920268632 0.466368639904892
-0.0890298623512556 -0.0413957215842877 0.251198156004252 0.168843959157436
-0.0762392808773568 -0.0354421235216928 0.0358135197833451 -0.133273525075181
-0.0760436169929312 -0.038137545000649 -0.23095233336349 -0.336855572953513
-0.0738789717203724 -0.0397551935192538 -0.447192061551958 -0.471001727819945
-0.069735608456095 -0.049658517798657 -0.61266273983531 -0.440628652848575
-0.0153619190505834 -0.0766319056695374 -0.68456101387005 -0.300101562917225
-0.008107120950332 -0.0342413637837466 -0.692473649359838 -0.21160507783575
-0.00335511074234579 -0.0148234532642963 -0.584136701403208 -0.185308066893743
-0.066439928571283 -0.0315397930061662 -0.218841234046249 -0.0896908918941518
-0.0889437223118798 -0.0409100134037321 0.164854559869977 0.172074357635798
-0.0558090928685717 0.0354287574708818 0.480675307111741 0.375427258161332
-0.00760731748952643 0.0444473985280327 0.501106065271 0.487505234989751
0.00956394413599311 -0.0537811721793514 0.469809282690046 0.671822811131921
-0.0567002331646083 -0.0564676486278627 0.512795535072308 0.687517692457861
-0.0945773469668601 -0.0277717172302927 0.422656676082398 0.467696895962807
-0.0801768801665205 -0.000475720722730368 0.209074782896305 0.155293883171959
-0.0669351292690355 0.00814578077746925 0.00444636229625072 -0.146425741011935
-0.0668137161334704 0.00341658422964225 -0.271260763184974 -0.34004940185802
-0.073832100761451 -0.0079783054787079 -0.495567507398407 -0.448740820768924
-0.0722038580602826 -0.0425170150483866 -0.655848687666653 -0.39094185773607
-4.53324408738534E-05 -0.0938302049756502 -0.707201355203273 -0.239314249759406
0.0276636560375079 -0.0252923383399011 -0.69647357381642 -0.159789740921388
0.00257325292999649 0.0198609299288789 -0.569776090348429 -0.154732260338237
-0.0915004649351406 -0.017505876894295 -0.190796831668862 -0.0758974879743031
-0.0987256162645472 -0.0252791170620347 0.189330171042615 0.189493035613852
-0.0378213908918838 0.0757609044248339 0.477985087977234 0.397037700489377
0.0320276134710064 0.0639177279474121 0.49295957955982 0.537114316928951
0.030869436189373 -0.0571418819520217 0.45428876885818 0.693024356078167
-0.0546185194450174 -0.03741790857285 0.467064535512226 0.679974006913797
-0.0848217427641307 0.0117018407963289 0.371609115933346 0.46745368108677
-0.0611659099894134 0.0457968870581775 0.17269343143041 0.156719776091006
-0.04686436755515 0.0537417197107292 -0.0169243505122283 -0.142772411739236
-0.0475939548572746 0.0438256143883156 -0.300801260471212 -0.332321335218198
-0.060306326100974 0.020233932438499 -0.53220990381212 -0.428031433146942
-0.0587200915280686 -0.0390537610853884 -0.691029510025396 -0.364108654384783
0.0295138594631542 -0.104976537215858 -0.720634212794047 -0.221729158180269
0.0663516731063329 -0.0109219860874445 -0.688130849924527 -0.137475840125863
0.00909125796272988 0.050226054458186 -0.552682477142181 -0.138368448939725
-0.103092556773804 -0.00731930146363346 -0.162936426412414 -0.0698326219124209
0.101679625391304 -0.0124931476342288 0.104541841935718 0.142388128032243
0.0432447676919442 -0.102085604266543 0.461097955421904 0.275259133263292
-0.0735756403199213 -0.0119947142107414 0.616248826663535 0.260646560569453
-0.0310479840788082 0.0828779240905634 0.633453564800332 0.36583778852123
0.0828975939555859 0.0607611041108448 0.637799200766793 0.503767977145319
0.0565128973400115 -0.0056257918473631 0.521475863623394 0.512724100820766
0.0273274806994052 -0.0465484855008094 0.302580979399257 0.35851997502406
0.043660973502912 -0.0444425704939187 0.123816545452144 0.0791114052149647
0.0449362833365581 -0.0521872697200401 -0.0662022781048773 -0.205009536455101
0.0655989381322594 -0.0171041106791071 -0.174113850420153 -0.526249219461368
0.0515546757791103 0.0439063082213467 -0.28186471973855 -0.748364379418729
-0.00746464980023083 0.0538065351903953 -0.333975493028005 -0.783532820002038
-0.0332000161251922 -0.0522971375895648 -0.421152972781488 -0.668701576453793
0.102735302457591 -0.082951048180731 -0.460355463524392 -0.501210225347739
0.111706647855074 0.0161176586929744 -0.188019720351103 -0.245110499014928
0.0849742753249435 -0.0144033246489692 0.0872801315743564 0.138786242071234
0.0399677833446348 -0.10832044688386 0.453550280968491 0.286615612348079
-0.0888068743473341 -0.0363127097333484 0.596130103033649 0.278643479416513
-0.0642797777932285 0.0621228342949137 0.611104458415164 0.410362173923291
0.0491662426910369 0.0471775107805409 0.63867736202625 0.545459278986197
0.0285756996121983 -0.0268072904618771 0.532327681324278 0.515088828697945
0.000422402086448469 -0.0757089316568852 0.313606808995091 0.335387596569167
0.0195296477679932 -0.0802472378561388 0.131606533587255 0.0463840163808149
0.0218570346819406 -0.0908354711024931 -0.0572380414834071 -0.235624645660129
0.0457749288028409 -0.0626769619726218 -0.171705023340731 -0.534239399268648
0.0400237795826627 -0.00211750094751084 -0.293654189075072 -0.720547545689269
-0.00627656057904188 0.0240119427495927 -0.375712080269011 -0.735080956486153
-0.0473969254264826 -0.0597245192559665 -0.465263483222977 -0.641853355729225
0.0732104054388946 -0.100338364968749 -0.479853435791489 -0.48588874375322
0.0921070897808009 -0.0126251193285224 -0.208503251253269 -0.240293062945766
0.0568804057646465 -0.0192839156646079 0.0780920545457185 0.135799331906975
0.0302867027228784 -0.0989838971218063 0.447715334930727 0.310079589164891
-0.0885178029989111 -0.049797950547206 0.568063942209306 0.317557558544414
-0.0786370749984259 0.0306345339865359 0.569780824229115 0.478089326850447
0.0140668189123493 0.0224310374117658 0.614698991447673 0.607099374672085
-0.00231349878439487 -0.0458166571977407 0.521157684365508 0.528969885090223
-0.0267750345606199 -0.0922224206186494 0.308367592444072 0.308544254293994
-0.00726773809443429 -0.101551990938609 0.128279502986783 0.00231187467107966
-0.00542071202865244 -0.111608616044901 -0.06413498335662 -0.276710861424232
0.016439097009511 -0.0925875095865064 -0.194181107039345 -0.547937905876955
0.0178785006056037 -0.0423229111878176 -0.33217640636261 -0.689714116074451
-0.00526868927846347 -0.0107446689224306 -0.437004618595748 -0.671077594091909
-0.0511125377694807 -0.0624208998469701 -0.523396607986531 -0.58224644432195
0.0422789620425307 -0.101829008096217 -0.504276327459143 -0.449006717063073
0.0596128164693263 -0.0368415389968686 -0.22244836481225 -0.220482751243513
0.0215328633159607 -0.0298338085151186 0.0792659482991297 0.139457468294018
0.00992464428326096 -0.0802611071183412 0.439153147142586 0.345123341852171
-0.0775589820973351 -0.0467315219599173 0.53257075234547 0.374564321519275
-0.0697587265465445 -0.002993463691421 0.511462052174273 0.558318983214482
-0.0105506897252238 -0.0121339617934082 0.565398651828892 0.675152114330833
-0.0305956267633561 -0.0636424183279189 0.488937499389513 0.54708449042934
-0.0504428011138596 -0.0962133273092628 0.288015323065577 0.277753585947834
-0.0332114171729862 -0.103586360619792 0.113230058537393 -0.0463066005572462
-0.0323140021445962 -0.110765699855099 -0.0879360038847918 -0.320569720236005
-0.0173057206101801 -0.0987832365304525 -0.237309117456805 -0.561664434962906
-0.0130132296551194 -0.0672681306824294 -0.390738993157093 -0.652235575485806
-0.00833651877792722 -0.043807081227275 -0.505484861680432 -0.591913884233172
-0.0440603771326615 -0.0608624692607738 -0.576718494695779 -0.501715773536837
0.0178205761541336 -0.0855339710289808 -0.525080637848996 -0.398997037539081
0.0177358374370699 -0.0498690700095928 -0.224026948671466 -0.192736277320293
-0.014519981208373 -0.0458677191472462 0.0884287394070244 0.152027850385593
-0.0172032721331114 -0.0549712432646289 0.429005373229015 0.389874239752562
-0.0615028281286361 -0.0263817065513979 0.486971672070091 0.443600187184719
-0.0410576463189473 -0.0297094473166056 0.443167089356047 0.640650435608526
-0.0226203750561619 -0.0470766507138743 0.499644707514085 0.735983163477041
-0.0534591276604782 -0.0755066039299116 0.441824540847542 0.559419457620065
-0.0676875260933697 -0.0858485711970615 0.256040551594995 0.246613910021685
-0.0537248539072276 -0.0872050570314552 0.0897409270875353 -0.0911382923963105
-0.0538513809833202 -0.0898403364678406 -0.122850178189301 -0.358239283268515
-0.0471461520237462 -0.0865567414911166 -0.292907557707745 -0.565996522052571
-0.0411361255174677 -0.0750260606315486 -0.458030356886846 -0.605215608880793
-0.0105593290797476 -0.0697787410180499 -0.567264511349146 -0.508726463821003
-0.027907506462477 -0.0543129382074436 -0.621685474788372 -0.421301472238265
0.00108711299408765 -0.057535176990449 -0.536168180763106 -0.34599830264744
-0.0258362833550141 -0.0533584217178593 -0.214715753602402 -0.161118359830959
-0.0474748725451849 -0.0585057072006876 0.10319158245374 0.173790562623594
-0.042953339046858 -0.0230538672825254 0.412971923827686 0.432403108937974
-0.0381021981490226 0.00475402930971119 0.435146034157979 0.517323296373214
-0.00081768815690051 -0.0459979846334631 0.379410773693885 0.713930636534105
-0.0254750034247115 -0.071205671691526 0.430927191523838 0.773864065315521
-0.0691149131211144 -0.0719691332403979 0.38301419734743 0.558319490267718
-0.0773380494733657 -0.0580698869786734 0.216833164968395 0.21599561280982
-0.0662351290387204 -0.0543356390140604 0.0633538225523841 -0.126357097350244
-0.0661784627489169 -0.0551882323662249 -0.164346915172482 -0.384459347328175
-0.0675178893682895 -0.0592643979460676 -0.354440477851753 -0.559789069198
-0.0608046074573462 -0.0719824980805173 -0.518833744939623 -0.556025598619469
-0.00453555318034236 -0.0895745046761086 -0.617984806026697 -0.433134592831687
-0.00340425048328319 -0.0432719094702135 -0.648345964948124 -0.347800208127689
-0.00618466064753942 -0.0233088577093653 -0.537389563081899 -0.300194545291065
-0.0631153308286685 -0.0490346039927264 -0.194943401361881 -0.13500125054275
-0.0719710945223912 -0.0603178458354212 0.121769556407053 0.19873803459386
-0.0542208203776324 0.0177281030010847 0.399226520888266 0.468452497103387
-0.00764274430998991 0.0402170210914309 0.397627001762165 0.586370376300481
0.0345454418082693 -0.0545655933783424 0.335549086122693 0.764101122854735
-0.0271817055500977 -0.0743442768861418 0.37120042652167 0.782555631580949
-0.0788806399060917 -0.0488875197380766 0.327108715194335 0.550432422093048
-0.0777378456871208 -0.0171291179907289 0.17695407484344 0.195979044289513
-0.0678099173904299 -0.0088840941105718 0.0356807586197098 -0.145622078131838
-0.0668924958011156 -0.0124044306539511 -0.202535649850547 -0.398006053238464
-0.0738693751350946 -0.0273706398618819 -0.406508276815956 -0.547596685123565
-0.0658654708421707 -0.0656263040368375 -0.573046248248085 -0.516075926677384
0.0142643584426578 -0.101736520055192 -0.650939352643626 -0.378218578901224
0.0295569023013401 -0.0259137239025473 -0.662010949766276 -0.29692246531249
-0.00834059219441888 0.0143456188212582 -0.528796892797548 -0.269257127819822
-0.0913420990828246 -0.0409933289061831 -0.169236894707775 -0.115789587045899
-0.0844477528914013 -0.0468655332183665 0.141735313299799 0.222520856794557
-0.0437661503098334 0.0598640588204119 0.393435223565975 0.492697835341819
0.0276061047101961 0.0671171675765894 0.381276204809998 0.636175358118619
0.0552543008933254 -0.0521415147404071 0.314932025105767 0.782368029575479
-0.0290932663171977 -0.0527768375753538 0.326866972623559 0.769054126082537
-0.0791486704420992 -0.00729181685694482 0.275738166473256 0.542458334827507
-0.0688174251587874 0.0327854518672491 0.140043795220009 0.192596617510575
-0.0589896743683805 0.0412641986099675 0.0124329576648965 -0.146369613286708
-0.0561685809511059 0.0321856079395918 -0.234784263197517 -0.394478983584219
-0.0673115182184512 0.00367441390879611 -0.448040100567492 -0.534755648573191
-0.0538286566625866 -0.0585019432899569 -0.612611646878565 -0.497183330447682
0.0447873464906284 -0.107037299724595 -0.670326097745764 -0.359619090829452
0.0641369161095612 -0.00109845249928137 -0.658378481572995 -0.27434790565935
-0.00860941431706502 0.0459809731555719 -0.516149236855904 -0.251665769483552
-0.105489126989207 -0.0339632323020176 -0.141845217629835 -0.103538236355562
0.102186160168704 -0.013534727649767 0.107346338024868 0.142783151438636
0.0418125766760612 -0.103450696455083 0.470885048263749 0.273388118648917
-0.0745876652882115 -0.0101996422342883 0.627217406451499 0.255355414240689
-0.0310490985324496 0.0845017402445314 0.646588284831171 0.360399341817018
0.0848833943203951 0.0599305760410718 0.65371486749855 0.499710579813848
0.057257837020991 -0.00653658237649489 0.536065167746201 0.509801095208338
0.0267206287755632 -0.0468084681280108 0.31111747635228 0.357029943154065
0.0439545982890735 -0.0461045598452611 0.126611083265846 0.0775447805314214
0.044134749732321 -0.052889495127084 -0.0711368571158716 -0.207569309484414
0.0658138980432135 -0.0181437027375535 -0.185310418014948 -0.528798079790835
0.0526787502777655 0.0434543621239777 -0.296186373182591 -0.752592639366024
-0.00681014578992321 0.0534324365245317 -0.350772575260549 -0.786815956302891
-0.0334918419042301 -0.0524741362863435 -0.43684507958378 -0.67054676083453
0.103190362361717 -0.0866708115427586 -0.474097555493642 -0.49949537234437
0.112206353945299 0.0149138743572167 -0.193673763719672 -0.245200457386891
0.0853828210577326 -0.0151336120305572 0.0893096646839689 0.13881519410604
0.0397857588645511 -0.110619916308726 0.463319416691399 0.283296573170109
-0.0897678159943956 -0.0347114515655721 0.605877853784354 0.272074324379347
-0.064072465071119 0.0639300752963026 0.625240858294351 0.405455468258788
0.0505903946068917 0.0471735709825113 0.654652225984616 0.54023848290606
0.0286302255023458 -0.0271356161986964 0.54549263200181 0.511866215901374
-0.000362415913129842 -0.0759477415578377 0.323118350996699 0.333049152994033
0.0184561649524033 -0.0816935072541171 0.134034288997935 0.0438167611925358
0.0206904076603923 -0.0914866800642637 -0.0612549764380979 -0.238180456376098
0.0454637172090609 -0.0640086459226659 -0.181790584095968 -0.536548776922076
0.0410034751882043 -0.00269669533940583 -0.307620762249786 -0.724689538667319
-0.00582621587820147 0.0248482127050603 -0.392210696074942 -0.740260303295914
-0.0488110814346089 -0.0591802443433924 -0.48255772097028 -0.641994291266209
0.0730341280404881 -0.103682510394959 -0.493347899568064 -0.48480449074153
0.0930009514855391 -0.0138819760580473 -0.213541900936322 -0.240414693821565
0.057083971572071 -0.0195640104631672 0.0803089897554895 0.137247563995768
0.0293617175867807 -0.100814628733888 0.456129055310506 0.30928449462735
-0.0898804284395005 -0.049059669239459 0.578809852047488 0.311613702217006
-0.080164670412253 0.0327889328849413 0.585277887466883 0.473347196592275
0.0147422953562603 0.0225884688547362 0.633906770608951 0.605396934807736
-0.002601425284911 -0.045779646168126 0.537078578663332 0.526623869374811
-0.0287999891584956 -0.0927645090628407 0.316918538189438 0.306314762091156
-0.0092065302048239 -0.10186761079239 0.128992969145424 0.000728222271857054
-0.00728775064298457 -0.112014860637673 -0.068966538215318 -0.279191249777578
0.0147991349977145 -0.0936912447122906 -0.204915107180629 -0.551208322096656
0.0170914958190192 -0.0432737120882365 -0.346245438648853 -0.692185959441605
-0.00560780948241387 -0.0104080485180218 -0.45415519826733 -0.671258973320241
-0.0523765696111868 -0.0613776882600258 -0.5390489717045 -0.581194805624393
0.0415554894566163 -0.103563954420502 -0.517175079864522 -0.445514581759085
0.0586367567921338 -0.0375832799425008 -0.227555135572861 -0.219383690479923
0.0208907626016539 -0.0304687270349786 0.0821961179370388 0.140076494127062
0.00854536132703169 -0.0806556631807016 0.45196521999632 0.342544202671298
-0.0791543037059187 -0.0462258264084609 0.542909018418959 0.370856791813205
-0.0712593481766618 -0.00181378631929793 0.524776387239711 0.557557107727525
-0.0112315150390386 -0.0123870581809139 0.582732581000214 0.675213805992877
-0.0318730885335192 -0.0637072479244178 0.504606976798194 0.546848063255172
-0.0523807240280501 -0.0960472877403076 0.295820410244246 0.275415271389459
-0.0351241913794476 -0.104780899991737 0.113549773632287 -0.04861300411646
-0.0338589784596478 -0.110877857856601 -0.0937698402249992 -0.323305264247005
-0.0188574622203262 -0.100863182999819 -0.249511003936171 -0.563569536126817
-0.0138980266899157 -0.0675781899678155 -0.403955110914374 -0.651980850951448
-0.00905922835240522 -0.0443684142930597 -0.520942366441311 -0.590418516655184
-0.0446221218461471 -0.0600394267312992 -0.59158748234955 -0.501235161054306
0.0167776993281263 -0.0877658978138663 -0.537534443902868 -0.394817170013046
0.0168175763189514 -0.0504729472153784 -0.228904722995527 -0.190321299377075
-0.0158589056908586 -0.0459104659204754 0.0916609718519888 0.152531216497477
-0.01781964763778 -0.055516831232063 0.440467702792095 0.388063231547993
-0.0624087988965164 -0.0259035976690702 0.49768177090199 0.441879886715778
-0.0422832118178818 -0.0291022759018829 0.458004183697745 0.640170727039363
-0.0235076235659245 -0.0469131897630169 0.517372396308003 0.737088274973107
-0.0550367618324776 -0.0752688708640031 0.455424429790501 0.557984421503048
-0.0697399188488988 -0.0848304700848772 0.2620771141959 0.244732823870487
-0.0559970753872553 -0.0879616120223611 0.0893151391813473 -0.094123184080733
-0.0560361931557001 -0.0896662121305385 -0.129773323173223 -0.360421298743017
-0.0490619628620296 -0.0863814132835014 -0.306983918121226 -0.568379313291508
-0.043062461726948 -0.0755996367935615 -0.471614363227301 -0.60572873226383
-0.0123280965725657 -0.0710815613842739 -0.582569026969602 -0.505103624142636
-0.0283253225255637 -0.0546387445998812 -0.636139470120877 -0.418264906768933
0.00107983529353541 -0.0599833254472079 -0.548978790538087 -0.340514681155421
-0.0269565637137508 -0.0532025226583952 -0.219319396027348 -0.160474253354145
-0.0486057011914377 -0.0591055562632983 0.107286742275215 0.173432154465149
-0.0433444732629446 -0.0232847175833273 0.424989908152269 0.430492780115184
-0.0386129553715197 0.00650340756814988 0.448927094564906 0.517703651215425
-0.00259275145234466 -0.046941808251907 0.394308275562759 0.716559060825703
-0.0270595701502138 -0.0712429052353544 0.447577236137104 0.775250053555501
-0.0711032562349022 -0.0719698062468287 0.396665028639683 0.558637777677405
-0.0794877159385405 -0.0569368873601004 0.22374579657448 0.21533103065349
-0.0676561321446365 -0.0543160784949812 0.0613026408686858 -0.128745790763807
-0.0684200650076301 -0.0541529276054621 -0.172189411537112 -0.386222921487904
-0.0683268598832932 -0.0589898270806716 -0.365942837239134 -0.559516430510423
-0.062633923742167 -0.0719171196102105 -0.534820323275115 -0.55524888126521
-0.00634827044556976 -0.0902661013318471 -0.630025060038862 -0.428509974395912
-0.00276326272871716 -0.0435936851453325 -0.661841735623049 -0.341309614096732
-0.00638093739607662 -0.024095789953877 -0.5491082704485 -0.29708096537965
-0.064476806766588 -0.0483878584853567 -0.198840432478957 -0.133951668786809
-0.074162823257681 -0.0596583115965973 0.125666629156849 0.20013233848995
-0.054066679301286 0.0185731620367008 0.41223531822903 0.467297774584787
-0.00691243989654559 0.0403181978607452 0.412413554668026 0.588871109989232
0.0334213163777974 -0.0550573080923119 0.348147286915387 0.767208006379952
-0.0284890730347072 -0.0748993633894246 0.386262605042765 0.785362910282844
-0.080127324747721 -0.0481658286339236 0.340013133935972 0.551171815485104
-0.0784686562005333 -0.015184055946599 0.182507108715585 0.196011254576668
-0.0693030673394875 -0.00846546327617286 0.0331794919330131 -0.148183704609199
-0.0678917784550513 -0.00982179286691872 -0.21304537207304 -0.398899231162291
-0.0751264683913864 -0.0259040129750885 -0.418551154102271 -0.545549496900596
-0.0671449770047088 -0.066187399544844 -0.589065178091316 -0.51236942573546
0.0119752462655621 -0.103578791592746 -0.665045945270892 -0.371369943142276
0.0298945643680094 -0.0258895586510253 -0.67572074372775 -0.290310523804309
-0.00858797291663351 0.0130765688475804 -0.540514964628328 -0.263912924890824
-0.0932406786033049 -0.0404392441922583 -0.171717488375984 -0.114325292594434
-0.0865069670057091 -0.0465907306645864 0.14574688152141 0.222769847602691
-0.0434555135407877 0.0603948532359839 0.40443840540466 0.491647527927694
0.028767481735112 0.0680926574483745 0.394149518110172 0.63753880584826
0.0544164008283581 -0.0540871591361422 0.331721882436974 0.787077377808521
-0.0302624517338469 -0.0524330067063804 0.341585820763053 0.772124364450871
-0.079773113475442 -0.00613224548020849 0.287506928101033 0.544814989695392
-0.0692985268561899 0.0341635259354716 0.145030519088971 0.192570448841671
-0.0587447788200413 0.0417356363494931 0.0107258439305948 -0.148671881821432
-0.0554861533962631 0.0340766085927576 -0.243666544991329 -0.395139576176729
-0.0686057733166113 0.00483632729466527 -0.461139989853952 -0.532044957067633
-0.0550792558002291 -0.0588106625878669 -0.627481762967358 -0.492438565724725
0.0441214718786337 -0.109114080091175 -0.683609254719781 -0.353797975452976
0.0654387679104743 -0.00135592693995637 -0.671877755414682 -0.268224797524199
-0.00791180739181916 0.0458292568048125 -0.526901840769254 -0.246164056704808
-0.107534468477272 -0.0323828521601936 -0.145060871767919 -0.10258775549951
0.102330175244894 -0.0140463446363334 0.11048884932149 0.143173298524026
0.0417967330342642 -0.104910181389964 0.478555283044375 0.266394977853524
-0.0749261713184526 -0.00866914252477111 0.637860486493875 0.247310024995041
-0.0299539682523255 0.0852504336053103 0.658499393863352 0.351548818790948
0.0868514896471353 0.0584379814383136 0.66913092947266 0.490910200768882
0.0574040732471139 -0.00782771916181716 0.550478779520317 0.504928325156363
0.0257555939126591 -0.0476396011997946 0.320039380683179 0.353992925991009
0.0440088324454045 -0.047990336731839 0.129054268383421 0.0760868725430961
0.0439303459614199 -0.0538909408788729 -0.0747649666985254 -0.20850614634283
0.0652233223650363 -0.0200185677850752 -0.197077247986073 -0.530447853570011
0.0535779734556371 0.0425823543085333 -0.312405200285121 -0.756193777806086
-0.00615137441144781 0.0538683393901765 -0.366122940900452 -0.789210562147598
-0.0333681244844101 -0.0520577733137328 -0.453959790014702 -0.670872882472737
0.101882726562152 -0.0893447891501026 -0.48722643472531 -0.494344850503649
0.113330184032347 0.0130499258823043 -0.199569281685306 -0.244215207477914
0.0849851910930949 -0.0157686529597749 0.0930578869479112 0.138803938499198
0.0373441365784042 -0.111456814712205 0.47205571315465 0.278327421089942
-0.0904005184269866 -0.03361229955517 0.616477338399312 0.264442761797379
-0.0642143482988378 0.0665065278181307 0.636501754898506 0.39608915367807
0.0519767959854094 0.046230371775488 0.671122218227509 0.533031659848666
0.0285334030589172 -0.0278080969187056 0.559704648407677 0.507716301863029
-0.00171534381832152 -0.0763115453685234 0.331418132441179 0.330461878669073
0.018090283030309 -0.083165646711992 0.13478718017027 0.0424335208508082
0.019125862855342 -0.0929655518123962 -0.0661160531852268 -0.239386740919181
0.043637008352978 -0.0659881605998669 -0.19273826303671 -0.537898143759465
0.0408580586765394 -0.00361055912177697 -0.322278754738722 -0.724838962316839
-0.0040993518543873 0.0243034077646312 -0.407457404920264 -0.739758420897449
-0.0491648969946357 -0.0585016833714868 -0.499635918274717 -0.639897699536926
0.0721737970188336 -0.10742557715902 -0.507786107730291 -0.478076904027351
0.0935261654477852 -0.0161201609704916 -0.220013335822903 -0.238439607113675
0.0568839038438488 -0.0200063054088632 0.0833545361320137 0.136841692651934
0.0275888792994595 -0.101721478168914 0.467125765877259 0.30329592087655
-0.0918585724502204 -0.047521948969693 0.590322374669472 0.305961553059412
-0.081258283113747 0.0344586915401539 0.596880038644967 0.467036909362485
0.0152982233210891 0.0226438337043423 0.648655546489476 0.596920668658251
-0.00277496016222536 -0.0461906565767188 0.551683639008078 0.522067738165183
-0.0307998259765429 -0.0928082665156631 0.324601088955735 0.30234799060174
-0.00996496047215142 -0.103577399058337 0.130422253843701 -0.00302115470908479
-0.00980640488355942 -0.112316288273918 -0.0758295242654646 -0.280990655256639
0.0123101853437279 -0.0951705204152645 -0.21625480366312 -0.55227509979932
0.0161891027776599 -0.0447689434545986 -0.36207136359079 -0.692769089836386
-0.00625674859556324 -0.0106706959803435 -0.471351246826967 -0.668912242445322
-0.0524509728538916 -0.059715451210894 -0.552866388089954 -0.578258349166396
0.0398686252459448 -0.106687717013718 -0.530182490976578 -0.44059910050288
0.0581279800700276 -0.0395120822497825 -0.233020262207098 -0.217481833707789
0.0205868654252618 -0.0304472857580644 0.0850745089868465 0.139878340272916
0.00779908488109773 -0.0814121826635756 0.462513801001177 0.33855843506767
-0.0805684699698629 -0.0445758329159334 0.553839940490664 0.365668049989446
-0.0720421059460772 0.000110705282583563 0.538704395423804 0.554063449548796
-0.0116248774429467 -0.0115390611028695 0.600120861829352 0.670272865407708
-0.0338434212158882 -0.0640759380243 0.517631862773117 0.542857235898882
-0.0552779793611119 -0.0962560064400405 0.302612333219415 0.272686298281573
-0.0376642285630368 -0.105235406757067 0.112756253000286 -0.0516641319135407
-0.0364687447682414 -0.111046821533887 -0.100767491277756 -0.324896843786172
-0.0216930468331171 -0.101090507761892 -0.262619540207749 -0.563167683027998
-0.0156472971103204 -0.0681919132308258 -0.418615572155434 -0.652680712274061
-0.00984439393376299 -0.0438354862077455 -0.536112015235751 -0.587671575683001
-0.0453702188051583 -0.0597614233482821 -0.607473395015088 -0.49639983576105
0.0160047668726987 -0.09000674741996 -0.551700981402081 -0.389676708223053
0.015739547650219 -0.0512947261532193 -0.234400506739275 -0.188828751897324
-0.016944805625022 -0.0456184104784954 0.0939906161233604 0.151399037590848
-0.0196276521884722 -0.0556064279130609 0.452101552491451 0.383128663518243
-0.0635321738162165 -0.0249466432620082 0.511130213092613 0.436565781317712
-0.0438690191784748 -0.0280689796954675 0.472655255525376 0.637434574706265
-0.0248989742542837 -0.0476352968335727 0.534713666393244 0.732481968067842
-0.0564983930211913 -0.0744971561870745 0.470006336020374 0.554861350948564
-0.0721052476822037 -0.0838749038120947 0.269735909409323 0.241871057602983
-0.0578237797990462 -0.0877659449588383 0.0888994027342887 -0.0972927335010817
-0.0581051512633957 -0.0889590826387067 -0.139048207348981 -0.362256359218742
-0.050882806436651 -0.086107200718028 -0.317331908366733 -0.566337475313284
-0.0449801071350108 -0.0755893094113848 -0.486259120353879 -0.602428472834287
-0.013698579026108 -0.0713006236057099 -0.598416868182956 -0.499342635602289
-0.0288193334769995 -0.0534264130209479 -0.650054993058662 -0.410476549221006
0.000214265658083516 -0.0616445918835965 -0.561203224782632 -0.334089731421376
-0.0288293026952013 -0.0537231865780171 -0.223307523711524 -0.15833871529318
-0.0506552879928212 -0.0582424635827066 0.110329319466309 0.173139853797598
-0.0435583329932483 -0.0222830793074405 0.437828830925429 0.427990411142396
-0.0392907790149154 0.00734245341258 0.461737076340279 0.514994435166197
-0.00398011840491219 -0.0460869362094415 0.409641389045206 0.716345717362149
-0.0285030428601244 -0.0717664950903179 0.464527380009229 0.773535337052472
-0.0729848419468665 -0.0706168643963332 0.410979226305408 0.556911325209732
-0.0816640509861915 -0.0563216445604718 0.229532118187847 0.213059006483583
-0.0695115884219129 -0.0537541921793478 0.0586022047645541 -0.131759377306213
-0.069226834321441 -0.053084950304633 -0.181625942888506 -0.388017413008621
-0.0707062471517223 -0.0585604846331464 -0.38047224822627 -0.55709638203105
-0.0651618346429237 -0.0726331550429971 -0.549678848590513 -0.549544037798988
-0.00787785517335064 -0.0905457383570312 -0.643934627020589 -0.420953203433922
-0.00417651245342271 -0.0431369778159431 -0.677036336441548 -0.334769338096695
-0.00626279539865768 -0.0260579201595736 -0.55943556824936 -0.287442362841208
-0.0668675255680388 -0.0479196269962884 -0.202115985356455 -0.132127033870113
-0.0753183551893125 -0.0586926739761652 0.130249709978261 0.198345338348115
-0.054390508891159 0.019297857136207 0.421727301938003 0.464196739948869
-0.00609416794333214 0.0420518213324213 0.424234516588811 0.585472141924167
0.0324626657598963 -0.0558220739870602 0.364511382968677 0.769286982881919
-0.0299308049545371 -0.0744686163125962 0.404951174028716 0.785965343133746
-0.0813568424933494 -0.047227094043448 0.352355906376978 0.551188026940398
-0.0805615469012941 -0.0148441865445461 0.186721835373504 0.193830728701331
-0.0693973895373709 -0.00764468693061192 0.0309260583754561 -0.15109790634959
-0.0697695616210033 -0.00929780978232958 -0.221948584317357 -0.39862845892749
-0.0778014945424179 -0.0253781032285489 -0.435278977448674 -0.543430374654921
-0.068974515969575 -0.0654503525944112 -0.603569940664198 -0.506871388404057
0.0101090897033089 -0.105070323930666 -0.676748608960619 -0.362826633228682
0.0304474837537154 -0.0264401306196399 -0.686812581141611 -0.281089616400228
-0.00727751377453935 0.0131125103518246 -0.551367150787904 -0.257899223400764
-0.0947483831830828 -0.039577274401562 -0.175889399830015 -0.113094175981542
-0.0879264650536381 -0.0450267511486433 0.151237970726525 0.221813639757683
-0.0426228614569072 0.0621548699691106 0.416526983375785 0.489740256448317
0.0299950418559909 0.0693172941925586 0.41073217630457 0.636405497679096
0.055037378919824 -0.0553670978828662 0.346840593090563 0.788080503948196
-0.0317095445262235 -0.0530960693260293 0.360382287347067 0.771511001018616
-0.0801937924274693 -0.00457229251076688 0.299572950948769 0.543565146111513
-0.0682637472720267 0.0356676261619602 0.150139939490578 0.19159185468862
-0.058501777856321 0.0431894945462241 0.00742850750951339 -0.149931396244799
-0.0561896964218876 0.0359409585236738 -0.254335708863221 -0.394400014586879
-0.0691834039635053 0.00516914518195669 -0.475657318644963 -0.528887248428431
-0.0570132850588048 -0.0583560584696393 -0.642720269136701 -0.485712457865675
0.0428960277548367 -0.110211064734464 -0.695723926297476 -0.343880317244748
0.0658287101028292 -0.00232069258276554 -0.684553905598965 -0.258855654875697
-0.00720008377915304 0.0459938971638468 -0.536000333815762 -0.240655672866446
-0.108368983797187 -0.0319886886742761 -0.14762181940216 -0.101475236879546
0.102208206365095 -0.0157715095443529 0.113128417839265 0.141680353753269
0.0396466934516321 -0.106656674053805 0.488077984591328 0.259037004060125
-0.0751499381266051 -0.00738641418449485 0.647895855109218 0.238637179367709
-0.0293185521129376 0.0882254861748579 0.66916994755112 0.342044909229355
0.088435733521271 0.0567915661093364 0.682501675445679 0.481386197503573
0.0587655605946232 -0.00913822893128037 0.564956617252321 0.497113674891495
0.0256184679847877 -0.0478523418940141 0.328979535899911 0.35015585878111
0.042558110066793 -0.0489258881710058 0.130251014834643 0.0732808906882785
0.0428376666914577 -0.0538147136182967 -0.0800575840781356 -0.208991987860546
0.0650572307884542 -0.0209765096928585 -0.207786823014383 -0.528192394999251
0.0542425515080924 0.0415962451255269 -0.328129781807276 -0.75251996644403
-0.00525350783667031 0.0544620600061168 -0.384976363992128 -0.787313783411875
-0.0336832033438416 -0.0513625731613274 -0.470240789428921 -0.666231075456775
0.101408876080398 -0.0924328958664276 -0.501305020644209 -0.488318737681689
0.113948714498275 0.0117103936127881 -0.204845589320707 -0.242349217035776
0.0849245631064361 -0.0171460467129943 0.0952083066428066 0.138557536995212
0.0358567599286757 -0.113358170553873 0.479760799910409 0.270988004575356
-0.0922436861208591 -0.0309290898957551 0.62550377681279 0.256778019054283
-0.0636564619203976 0.0685918273989485 0.648588965145557 0.387379566122712
0.0525648007161639 0.0455273847549194 0.68621502635002 0.521829422834524
0.0284249598912047 -0.0285011150925179 0.574764799699792 0.498965737634121
-0.00345107608751 -0.0757171415872657 0.338858573838876 0.323697437673857
0.0161931067322297 -0.0846356963589439 0.136726860785255 0.0397220340646499
0.0171256089737143 -0.0923931024353167 -0.0715868511234454 -0.23970796049887
0.0431223941784808 -0.0668130321719513 -0.205178710475839 -0.538057379608356
0.0404373831711257 -0.00494725198650411 -0.33798782112669 -0.722302436770287
-0.00478780349479975 0.024793099807566 -0.423777906085319 -0.737812414916818
-0.0506209445223796 -0.0583730928318929 -0.513808567024507 -0.633440033720696
0.0697049079533406 -0.108983112116659 -0.520802893048048 -0.472388883231571
0.0931035591141034 -0.0166883366168414 -0.225091503738729 -0.23575215025117
0.0570776715541883 -0.0217201104035007 0.0863949046515081 0.135534257360379
0.0264322191929493 -0.10396674545932 0.475056136564094 0.297151687938917
-0.0930675364399222 -0.0457015371433887 0.599421492121972 0.297052953853249
-0.0803640368499147 0.0360389628405625 0.610106735210218 0.458610021069633
0.016046813982673 0.0217772822358795 0.664822611886985 0.588762492928767
-0.00390282145124307 -0.0470061651523409 0.562829413923666 0.515831322809414
-0.0326380136679882 -0.0912902282231752 0.333203749800031 0.298317682243337
-0.0128940146672898 -0.104044373629044 0.130460025204238 -0.0058418570976739
-0.0125544818178301 -0.112692178825739 -0.0815975275311415 -0.281009870698489
0.0105051835756526 -0.0953644804798246 -0.229153985397199 -0.549852891385412
0.0149407441137916 -0.0447677583112803 -0.377169089168105 -0.688910162615636
-0.00577555042577798 -0.0113455073601752 -0.485691338175959 -0.666184484573955
-0.0533603229352522 -0.0600925480588086 -0.571371875478595 -0.571705808426538
0.0384769439087168 -0.108481863123923 -0.543722536128715 -0.431952760957097
0.057388715434714 -0.0409166323184819 -0.238034524288308 -0.21502992633969
0.0201420114611504 -0.031190206806515 0.0875169136773951 0.13953489406639
0.00721746840666597 -0.08305941148193 0.471847988249301 0.332743353710201
-0.0821528385100232 -0.0422095035366535 0.565649277712257 0.357490626983836
-0.0734916538887684 0.00171954554180798 0.552220176437613 0.545566188961888
-0.0121227619183386 -0.0117504308368794 0.618180874747549 0.662145780948908
-0.0346767807709423 -0.0634851667986028 0.530998246407842 0.534061281065594
-0.0571854268487475 -0.0947747114430211 0.30970816640309 0.268125838349019
-0.0399116910561542 -0.104763228824347 0.112823751063067 -0.0543336048512229
-0.0393337015193026 -0.110533063637137 -0.108105566239126 -0.325114444473918
-0.0237190886716578 -0.101009504454085 -0.274387168953046 -0.561650881508709
-0.0170051601904028 -0.0683589499430016 -0.435755380561765 -0.648869065710247
-0.0109998588711844 -0.0446614467695053 -0.551146888098786 -0.581165572804775
-0.046625373083226 -0.0588382701978605 -0.623023344335555 -0.488293468330752
0.0145035381939638 -0.0916574185889812 -0.561654783179436 -0.381751777842559
0.0148960559152623 -0.052027232706585 -0.238611212920679 -0.187187105167552
-0.0177285193314591 -0.0456566090388557 0.09885228842401 0.150831304132782
-0.0202465406063918 -0.0557670181196033 0.461305795685382 0.377215881786291
-0.0644955378164688 -0.0231601029592171 0.521619162865087 0.431459494596469
-0.0450496063573699 -0.0273797603962236 0.486601963830962 0.633142954931036
-0.0257589774198615 -0.0473092669989768 0.550838853296054 0.72636737556574
-0.0583125840329678 -0.0743527060957924 0.482179766653911 0.548879156224408
-0.074633430095074 -0.082510520084586 0.27547940674311 0.237590598275004
-0.059981563885619 -0.0866512533050359 0.0869055145407787 -0.0994003803310561
-0.0603369097138475 -0.087653298600139 -0.146173174385296 -0.362005484785697
-0.0530624152219642 -0.0856452982552166 -0.332053417124548 -0.562973970812399
-0.0471156490710867 -0.0747477065337507 -0.501224402882519 -0.597991318118225
-0.0144439107165703 -0.0717145049017891 -0.611568545945655 -0.492036017642007
-0.0294778005892142 -0.0529542668464511 -0.664447444106157 -0.402232980376763
-0.00118454442680297 -0.0618604523801349 -0.571966356416337 -0.326904824476033
-0.0292170204912 -0.0527326342921139 -0.227612494141428 -0.156017401387018
-0.052518572511269 -0.0578030253605739 0.114247704364231 0.172474063655849
-0.045113897130975 -0.0215245088350232 0.447845901909622 0.423662216851763
-0.0390876851080705 0.0091174111785866 0.475293512574419 0.510796908862066
-0.00484205615351291 -0.0468426307711384 0.425464273386783 0.712139457326066
-0.0301094390014538 -0.0710459471874163 0.482960688492866 0.769644828880913
-0.0752137337372761 -0.0708936029834881 0.422964509168066 0.55318267670841
-0.0829111999234134 -0.0545353700860612 0.234953029590163 0.209694853440674
-0.0708609671570423 -0.0524370218560252 0.0574736833664597 -0.135036544617238
-0.0714257255505435 -0.0514420113623487 -0.189909004983118 -0.386279512997216
-0.0723122549054715 -0.0575142985231216 -0.392130287248405 -0.553279188654497
-0.0667295667719074 -0.0709951302119081 -0.56367721206474 -0.543513888305949
-0.00946852084550285 -0.0915135553562581 -0.658521518651564 -0.411558404058765
-0.00323520587845656 -0.0428736884277489 -0.687342082845447 -0.324542218485159
-0.0068687812971422 -0.0264528663082662 -0.569870748589931 -0.279278489077965
-0.0681337185498455 -0.0472220740826712 -0.205581885319826 -0.129211937055507
-0.0781925759872667 -0.0575916897619964 0.134309355361412 0.197496317443813
-0.0540573833973937 0.0202954616935581 0.435508988756286 0.458591502428658
-0.00541543546840665 0.0436935536535162 0.439093577704562 0.581894364300738
0.0311866559420196 -0.0570229574364713 0.381635106053801 0.766648985762346
-0.0310758949458572 -0.0745503003410335 0.420765419688286 0.780471756958723
-0.0829075370060452 -0.0462194711151402 0.36545165366459 0.547540912609215
-0.0806341124512183 -0.011891893302977 0.192018511914323 0.191065862016333
-0.0701588816468119 -0.00569592961487808 0.0280663180220733 -0.152373367659914
-0.0694102608806523 -0.00682319589391001 -0.230431002224321 -0.397703475532667
-0.0779517819801974 -0.0236015850790887 -0.446791356154608 -0.538625928245886
-0.0705900113430909 -0.0634630751782603 -0.616974733319068 -0.498223374359509
0.00919665849448916 -0.106017045187288 -0.690938742096717 -0.35332653857434
0.0305933636309436 -0.0269425486993751 -0.698237533702537 -0.271614064048016
-0.0076048016343234 0.0117159299655149 -0.560861359374894 -0.248318651658498
-0.0961169634352024 -0.0382308495008 -0.178147808574314 -0.109896016553672
-0.0897928358139213 -0.0437690601851519 0.156508697566142 0.220313665795733
-0.0419697028658958 0.0624433507765445 0.430244883809592 0.484471208233634
0.0312546667893168 0.0700006460782048 0.425440428028674 0.633333284772264
0.0525099778076161 -0.0561974567902644 0.363786350478524 0.787283941604758
-0.0324345665937626 -0.052590349683397 0.375225746028903 0.770171066662717
-0.0808448923712543 -0.00341461171649927 0.311877557893094 0.540902802579201
-0.0677474414528786 0.0382432792994304 0.15392091428413 0.190003053816712
-0.0581543171346719 0.0447677032504218 0.00427460807189266 -0.150883693077758
-0.055873449476827 0.0373984448871428 -0.263372974485726 -0.390909199370527
-0.0690317176486554 0.0067549702091181 -0.48953057025211 -0.522311326440384
-0.0583471128306924 -0.0580084406143001 -0.656747561437341 -0.475933702368132
0.0405830820088649 -0.11145182766826 -0.708593597248575 -0.333963191918162
0.0668350185029629 -0.00325363184153886 -0.694521642616471 -0.246031072814244
-0.00644759831143222 0.0456278165870711 -0.544182244712681 -0.232527579091633
-0.110262408215584 -0.0309283599488023 -0.150868131210213 -0.0995207940720119
0.102479124993878 -0.0173714187153556 0.116077078446382 0.139582326280581
0.0381821589465733 -0.107974042823523 0.494484517193999 0.250844234950401
-0.0749953254754372 -0.00566705393658527 0.654382104334717 0.227388814417177
-0.0278019096998558 0.0885639290996735 0.676586003523177 0.329474168889947
0.0893815099161349 0.0553646902935415 0.696377838476728 0.470059926173987
0.0588241695692662 -0.0107760733497151 0.576358189271697 0.488715773222458
0.0242676852196033 -0.0475735259269801 0.336410715730634 0.343960656378785
0.0425069548828062 -0.0496934303786935 0.131945358240242 0.0709304120544081
0.0414321813494697 -0.0546409678550188 -0.0851673744866131 -0.208562172189189
0.0652135486837719 -0.0226360140318308 -0.219974785683649 -0.5265710849602
0.054987610454223 0.0410553930065769 -0.34371344589765 -0.750228888064859
-0.0028752947065963 0.0541989953787454 -0.401482479151266 -0.784233412157582
-0.0341052774191632 -0.0511370143579381 -0.486755504328029 -0.65903727344752
0.0999450279176987 -0.0961775376241112 -0.512215324976784 -0.480893705803856
0.113625820218553 0.00913044271011157 -0.210157661148192 -0.239060638356743
0.0845027289111891 -0.0178343585721315 0.0981523689505312 0.137220293664606
0.0341610353691477 -0.114130269050283 0.486905250370764 0.26407634918106
-0.0927723362728218 -0.0290612515365076 0.633759787147787 0.245193292641532
-0.0629508528137587 0.0700674666568481 0.65770888454635 0.376208065976654
0.0539858947689084 0.0441610804402128 0.698976498625328 0.511391967412269
0.0286106126956454 -0.0285723448638432 0.585924570511882 0.488449344271752
-0.00576635324234448 -0.0749469930648228 0.347495389371005 0.319737938332514
0.0144604003307611 -0.0849126441934592 0.136813584098391 0.0360076396901894
0.0156277716707933 -0.0937504030434876 -0.0767305445876418 -0.238982198315968
0.041591650093844 -0.067776468749076 -0.218085572808175 -0.535339581903086
0.0409747264234494 -0.0054402238938321 -0.351921008700665 -0.720635639468304
-0.00356401094487789 0.0249638737110856 -0.442436519135315 -0.732169966660375
-0.0504628540289203 -0.0571336884759381 -0.530304059818714 -0.626761131452293
0.068734152505663 -0.11166826648323 -0.530780779249987 -0.464635073691818
0.0922234130368199 -0.0195907074813777 -0.231116524037715 -0.232806984697801
0.0568291610466978 -0.0216503421261019 0.0887868659354884 0.135445235392663
0.0254794862624591 -0.103752803306824 0.481530977781363 0.290024584479799
-0.0936232784385559 -0.0435250489477315 0.60816786617693 0.286560399947271
-0.0809212348350943 0.0388089958001327 0.619801614291352 0.449236601227278
0.0162704848859561 0.0218969291020548 0.678101151011886 0.576114594325729
-0.00467736359555073 -0.0471912116886094 0.577955725112702 0.504912653665502
-0.0353244627338816 -0.0912215169361666 0.340100489269676 0.292803839971227
-0.0156631788576159 -0.104020053964209 0.130236551914904 -0.00885472867254735
-0.0141502948410081 -0.113134419890429 -0.0878073463356039 -0.281067537447237
0.00909915262756317 -0.0963226507414191 -0.241225588430712 -0.548069829087851
0.0141111970132506 -0.0449262033049122 -0.391389701953366 -0.684967080609304
-0.00581863907981899 -0.010878376079898 -0.500763197656873 -0.658971073024975
-0.0541477066502438 -0.0592350413107377 -0.586559547114327 -0.563208984527062
0.0365303260817394 -0.110977323890199 -0.554590679135041 -0.422869708964495
0.056962204595498 -0.0414806628426349 -0.243750482667754 -0.212069595825728
0.018998393069726 -0.0308831422821079 0.0907894896830946 0.138129586223272
0.00513548706397621 -0.0835184132555006 0.47958674680786 0.325834486830919
-0.0827429448252053 -0.0410482576861357 0.573362167779916 0.348840254940201
-0.0740386754389898 0.0028789922192764 0.565131267123333 0.537345617131908
-0.0121021802379232 -0.0116019072675098 0.631544085123063 0.653217758390438
-0.03582657225554 -0.0639295258741374 0.543918826868814 0.528305772594878
-0.0587831224673647 -0.0938895281964174 0.315948670060965 0.263462936276073
-0.0422064271695014 -0.105038649954378 0.111135298957534 -0.0575625890990337
-0.0416445688717313 -0.110023880327849 -0.115844223335048 -0.324669147100394
-0.0265032386323516 -0.101433350089167 -0.285796612281455 -0.558583021479639
-0.0191104705181723 -0.0683306731336084 -0.449478035526521 -0.641301654444201
-0.0110143430563573 -0.0446979451256037 -0.563697311440449 -0.573003365435278
-0.0471368198784206 -0.0579838107109532 -0.635039524845917 -0.478205674580322
0.012267773037091 -0.0928770636313451 -0.571433328853235 -0.371007499223346
0.0126844054724539 -0.0527610585271555 -0.243364125341662 -0.182718384236339
-0.019228591056765 -0.0451622119021612 0.101425992515773 0.149213817464662
-0.021536585052937 -0.0563382917504845 0.469962258661834 0.370211761647057
-0.0645671749498484 -0.0209667817673038 0.531978939765477 0.422884504412392
-0.0459296135993173 -0.0259172787127957 0.499985053655995 0.626872231144368
-0.0267718511579151 -0.0469737738795123 0.567317949869307 0.718393779566823
-0.0594577105613313 -0.0734189478988681 0.494211133339436 0.543049153897861
-0.0762622751554688 -0.0809433375765499 0.281453756807283 0.233439415897194
-0.0625453596492293 -0.086212583982293 0.0849843678298165 -0.101173389414235
-0.0623050836618997 -0.0871488254243931 -0.154571915158218 -0.360637186807877
-0.0544280906763049 -0.0856570334994492 -0.343715839733988 -0.558740568515889
-0.0483232463374112 -0.0748551259600483 -0.514953439920032 -0.589270288920847
-0.0155994274525764 -0.0716647997770384 -0.623478694396906 -0.481398493833289
-0.0303712862435834 -0.0528820024849 -0.674324070366294 -0.389935574108651
-0.00204832958120405 -0.0629806703078717 -0.580063066898817 -0.31596136543533
-0.030843090314593 -0.0536222365357738 -0.230659210600082 -0.152603677842731
-0.0540294939095105 -0.0563484675037497 0.118419665509503 0.16943638671914
-0.0450745616425761 -0.0204956799884734 0.456740636143651 0.415617079074879
-0.039395708879151 0.00980037402092315 0.487486712560378 0.503042920159972
-0.00619960080904526 -0.0458858981867232 0.440301154038718 0.705806007263355
-0.0314973625081799 -0.0712665217901026 0.498553583836869 0.761526027939033
-0.0758650123988387 -0.0694905498138211 0.436203483116397 0.545538490554546
-0.0840163691979467 -0.0529236810239119 0.239425658922992 0.205508104451921
-0.0722181152671627 -0.0511174419073908 0.0540675597729434 -0.135778304979537
-0.07290565661169 -0.0501461539765944 -0.198141479014742 -0.383989298601519
-0.074421386479962 -0.0565583197828914 -0.405372542709063 -0.548407749032089
-0.0683483295592243 -0.07000696821124 -0.578381515815679 -0.533783723614129
-0.0111621269249722 -0.0920636777185644 -0.668446067856867 -0.399287070986054
-0.00379693209307109 -0.0428026301761494 -0.69701299274178 -0.312497988116879
-0.00833426178706878 -0.0267536617866048 -0.577650138960518 -0.268667506751411
-0.0690197709707087 -0.0455838031465105 -0.207044687261244 -0.126330302600722
-0.0788347512773014 -0.0564340414847977 0.138312802167177 0.195329611652407
-0.0539184825007999 0.0215189054697192 0.445037313428899 0.452357368188938
-0.00520954987515365 0.0437711908442089 0.450967204090173 0.576640157611842
0.0301676721187651 -0.0574636385063265 0.397975875894292 0.761524745420451
-0.0333416355396354 -0.0736927950773672 0.439450021045113 0.776145930566251
-0.0837275410758096 -0.0453298603578976 0.37573439853732 0.54183835357673
-0.0809071128408331 -0.00987063202282851 0.196782291117132 0.188171537409903
-0.0706068190264845 -0.00417099960451618 0.0246360153615994 -0.153273376459015
-0.0697551082561822 -0.00536748713237906 -0.238251399429429 -0.392706216398136
-0.0789679222707641 -0.0223087846002103 -0.459737178467923 -0.530112491431784
-0.0719514742610881 -0.0631642727097594 -0.630221398793788 -0.488580354508505
0.00709971120253429 -0.106458366256462 -0.698297722494264 -0.341012571709296
0.0310948222785288 -0.0270485781150054 -0.707874090423243 -0.258415259372705
-0.00786016482549713 0.0116521981340172 -0.566560745496577 -0.23773674500597
-0.0973888967944204 -0.0366388339726644 -0.18089701304727 -0.107972944164672
-0.090603236848074 -0.0431592328886926 0.160733385783158 0.217676838361198
-0.0407339808085745 0.0639821629119003 0.438971618259862 0.477579241788703
0.0328888964750816 0.0704169144102611 0.43829555374545 0.629704610805729
0.0514807320724156 -0.0566269248192204 0.381033368664547 0.784412267259321
-0.0331653396565138 -0.0522812467373453 0.391966549602306 0.765062191728137
-0.0812015568623006 -0.00164353476816661 0.324236183785372 0.536183176601567
-0.0675055902482775 0.0395776798748108 0.158792614911854 0.186834415598672
-0.0572621876954352 0.0464050492283505 0.00175741547029964 -0.152028310662222
-0.055253797986133 0.0386483559447723 -0.271419641919156 -0.387683705622119
-0.0693654365947295 0.00865098338406247 -0.501477971310809 -0.514770417008681
-0.0603482764161963 -0.0568627555252269 -0.670347647054164 -0.464470140585472
0.0388331529687408 -0.113664095671699 -0.7201490739393 -0.320779037683131
0.0678790725913488 -0.00414358856921049 -0.702883277322206 -0.234817814233664
-0.00617967843311753 0.0446083910348383 -0.551303142935715 -0.221704188502794
-0.110599960416943 -0.0282196815220089 -0.153114058131892 -0.097091157536814
0.101889079769833 -0.018246385245884 0.119067083357174 0.139258595374624
0.0357602298259158 -0.10855744691119 0.49916498179377 0.24230738389814
-0.0747229910531426 -0.00388887457001186 0.660124973935321 0.215580238626176
-0.0266087916415065 0.0901733590621995 0.68421633601714 0.316344901206648
0.0907449119881911 0.0523430121749812 0.704249106005472 0.454189947926433
0.0583143847407262 -0.0115531266984288 0.586489910070728 0.476136234341373
0.0239352387601178 -0.0477651384306125 0.345106527601974 0.335218095390112
0.0409560138857001 -0.0507465582303741 0.13263993912951 0.0677708001534081
0.0411726227439046 -0.055156323417242 -0.0904142062930091 -0.206773777646769
0.0646707132340686 -0.0237172434116282 -0.230516826054801 -0.521802877147666
0.0560959344113457 0.0393490015357146 -0.36021028226641 -0.744672481243312
-0.00207972691893245 0.0538691876224863 -0.416920293600669 -0.775877280438272
-0.0342850273851648 -0.0505756848125898 -0.502558387945628 -0.650931286889868
0.0982130375902525 -0.0993811174860243 -0.52236371316009 -0.470076505338399
0.112783468508453 0.0071438375483634 -0.214644732154183 -0.234981429192494
0.0839834916373203 -0.0188485615248938 0.0999504125168803 0.13617754895104
0.0326343462098271 -0.114756185118096 0.493065261095345 0.252803661930692
-0.0930082198248851 -0.0276007409909706 0.638748130573207 0.234657001242433
-0.0624514844928039 0.0719667012047148 0.66350593759264 0.36176059747118
0.0547514015900641 0.0433756970406688 0.708617251832805 0.49796603777219
0.0278151571909907 -0.0297964818317567 0.596514485826391 0.478471615928923
-0.0061407403847839 -0.0743658664983534 0.353483634928404 0.311717863296274
0.0131632590180654 -0.0856779178399089 0.136574004241358 0.0327439350942557
0.0137656021837268 -0.0935577985227966 -0.0820027392026373 -0.23834191570671
0.0397443704398598 -0.0689248862671154 -0.228257885536161 -0.531280625352567
0.0404362288325636 -0.00615488211201942 -0.36733784882494 -0.713932465504358
-0.00345512174503717 0.0247704835205416 -0.455794161258298 -0.725108606392756
-0.0512351077737144 -0.0567946257938175 -0.544305238232171 -0.617258558260325
0.0663303023565429 -0.114465247571943 -0.541319532276592 -0.453073054327655
0.0914634047080231 -0.0211698994193498 -0.234808107948731 -0.228410116673974
0.0550722065000696 -0.0223245478192138 0.09138211205019 0.133279360675666
0.0227289018407204 -0.103967105488676 0.489357658454791 0.280412877785391
-0.0939714643065821 -0.0413224434113773 0.612934656327569 0.276325003899996
-0.0804982644579283 0.0406199298287321 0.629054140204685 0.43578510409628
0.0169110598342285 0.0210797607142376 0.690574977907929 0.563021003309035
-0.00534752114067077 -0.0465033615749605 0.587686427763989 0.493866639028003
-0.0361688737422633 -0.0901448623438287 0.345267883235367 0.286035326138623
-0.0173812812282356 -0.103855285148061 0.129840541169864 -0.0119307908885521
-0.0159735244563529 -0.112073587785686 -0.0945395039472575 -0.279921585979625
0.00622436493642342 -0.0962658893804172 -0.251106678669479 -0.543166706993523
0.0129740685689692 -0.0456072204767614 -0.404657664120063 -0.676797306104904
-0.00659546275509586 -0.0110559374297885 -0.513067025085401 -0.649929803812263
-0.0549050373482483 -0.0581897824802527 -0.598363786812222 -0.551582266846992
0.0351397577142307 -0.111889732553285 -0.562721638758561 -0.411375863911141
0.0556582216663946 -0.0425239245699802 -0.246998856828045 -0.207895881751346
0.0182677883187213 -0.0311669323535715 0.0942509545036367 0.135783110239375
0.00380429212414126 -0.0834854429774421 0.485649417935898 0.315599239199633
-0.0837682829538404 -0.0383780995372815 0.58068638326664 0.339229587990069
-0.0751777243359157 0.00518562920282197 0.576268700514723 0.526919463809879
-0.0122938756767154 -0.0121748253346176 0.644645946808573 0.639652970293292
-0.0367264663206318 -0.0626858513127651 0.556605327785325 0.515660188313815
-0.0607800569592501 -0.0918300244075418 0.320930963060921 0.256552164406141
-0.0444512588495754 -0.104006177890493 0.110282829701512 -0.0595629213952808
-0.0438309766574058 -0.109153064969266 -0.121762010171599 -0.322914701631922
-0.0285275759855205 -0.101004983609846 -0.296217863436223 -0.553298911714096
-0.0207553026992996 -0.0680192026830205 -0.462556605332242 -0.634022414207146
-0.0125224637106775 -0.0450103691353588 -0.577485448279197 -0.563564378291862
-0.0475129926099974 -0.0567611577548072 -0.646804515891744 -0.465335747177632
0.0100303324809011 -0.093661846556425 -0.579245467751601 -0.359957027917298
0.011344296912037 -0.0521747619155195 -0.24565870243448 -0.178375669927021
-0.0198312496886639 -0.0438059202033637 0.104968866666084 0.146772276307321
-0.0224288557612718 -0.0552518515048368 0.478692201261031 0.36198807133186
-0.0650896509728156 -0.0191870339733249 0.541912595464005 0.413670716803266
-0.0467088623453996 -0.0249738898817909 0.511831742980749 0.616214761349993
-0.0281941323213808 -0.0462785480403432 0.582318006741686 0.707084609883831
-0.0611127995582704 -0.0722846957822207 0.507433600193519 0.531507862516529
-0.0776651120798438 -0.078922753988548 0.285923401006993 0.226774963943544
-0.064063486921478 -0.0850741189160053 0.0824510899547162 -0.103934006542989
-0.0637932379700461 -0.0851236391668735 -0.161672567421576 -0.357548080803208
-0.0572171625894343 -0.0845055471765394 -0.355927645912961 -0.551730447397439
-0.0506216732687314 -0.0737813550755976 -0.527486485279279 -0.579997161118638
-0.0171552562784908 -0.0715389606927617 -0.633038089889585 -0.471238272460045
-0.0309636116683259 -0.0517455653284555 -0.684910808416852 -0.376972491081438
-0.0036507482414001 -0.0645926127734483 -0.588500594791789 -0.305194259119385
-0.0323066801957897 -0.0525812586791305 -0.233067357856423 -0.148030010705729
-0.0548229697172339 -0.0552853120973026 0.121448096725786 0.167473846154804
-0.045981726556529 -0.0201434586091059 0.46572213332516 0.405330102372198
-0.0392048407694987 0.0113931475054337 0.496008237266685 0.495270275943012
-0.00703640238727262 -0.0460199403454947 0.455004484632139 0.699344525883015
-0.0336271806799303 -0.0702508371593922 0.51365218399027 0.752796385528638
-0.0765792949979642 -0.0683350159621237 0.448099577136524 0.537974707159508
-0.0848307719876569 -0.0505229970202643 0.244182654336247 0.201165419981874
-0.0731028085791865 -0.049820047836902 0.0511171110280661 -0.137327990543975
-0.0733518566869797 -0.0484243491306664 -0.206161220636944 -0.380462706520635
-0.0756714873939182 -0.0548050589680404 -0.417468025921524 -0.538791726031861
-0.0703827195083961 -0.0686184157261007 -0.587402028535956 -0.522211622000308
-0.013081281348314 -0.0916954872721646 -0.677908606534764 -0.385848807903815
-0.00424466446118255 -0.0426969686980514 -0.706353998767201 -0.298416030785127
-0.0085880287696751 -0.0276382182187814 -0.582573735496543 -0.25839111822386
-0.0711184091909636 -0.0449231506077001 -0.210536642515421 -0.122170319419985
-0.0810814618660205 -0.0548060492155603 0.141833427383689 0.191559403036468
-0.0528464730620502 0.0220948287302827 0.453943805116418 0.443909273461958
-0.00450609162800213 0.0447792128252346 0.464392660803159 0.567544036853986
0.0283927991610998 -0.0572632609267219 0.410360942928549 0.754700557777374
-0.0347906770837213 -0.0736110928670818 0.453276445651312 0.764714223420937
-0.0848897927227914 -0.0437584286934315 0.38956464204527 0.533604711836232
-0.0813615017344056 -0.00826922857549768 0.200613960320486 0.184333090042609
-0.0712331127557579 -0.0031925354885424 0.0213065963439898 -0.15300320101335
-0.0703029365085041 -0.00386128034780108 -0.247551578252344 -0.389069270297502
-0.0795463474241626 -0.0205789294894459 -0.471605594996295 -0.522275236037009
-0.0733001436101009 -0.0613970428874294 -0.640931388939998 -0.475798204854806
0.0044071158025258 -0.10641278016777 -0.706824741190023 -0.328009066995539
0.0303746370203023 -0.0273622871734888 -0.714036926046646 -0.244899985734113
-0.00755484469726884 0.0108509990743002 -0.574578668204243 -0.226611609832313
-0.0987676322245429 -0.0351938620276936 -0.182661080426716 -0.104773586162975
-0.0919173040189699 -0.0405826534451546 0.165184470390577 0.213927278091677
-0.0399164684603767 0.0647489616049712 0.449369591637407 0.468098705580524
0.0343598021076087 0.0703266505762251 0.452070303841792 0.621036579891383
0.0506768494889969 -0.0581293876518221 0.394918494838789 0.776035183697235
-0.0342769254256111 -0.0515297697868165 0.407980909345101 0.757768805182576
-0.0809559189734144 -0.00101533479919984 0.336426836654946 0.52965671862866
-0.0667290592305249 0.0416593769634852 0.162686690569483 0.184234986949495
-0.0564843141734759 0.0472900553504844 -0.0014370553459116 -0.151671800188116
-0.0548431502336725 0.0406735230144673 -0.280114174980076 -0.381891166356191
-0.069322950863342 0.00886532996804627 -0.511128821917186 -0.502361097605958
-0.0609334127314722 -0.055620121993546 -0.679362418599925 -0.450900644280268
0.0373420022177101 -0.114075606173248 -0.725268105501597 -0.306326993157243
0.0677953189409954 -0.00560463630246057 -0.709476974676799 -0.221811823413518
-0.0060869324486451 0.0443671513991408 -0.555902497360452 -0.210541107855234
-0.111660972396612 -0.0271503031919322 -0.155299741652086 -0.0946983487015176
0.100379282024566 -0.0191569088503467 0.121382301983349 0.136475246492033
0.0349897203017036 -0.109060286599503 0.50244951543283 0.231132524472221
-0.0737228126316496 -0.00201089846182675 0.661402010487005 0.202591601916375
-0.0249675733647778 0.0914809612335454 0.687070983787397 0.303733452866702
0.0917246593029392 0.0505037657721206 0.712178056957156 0.439448752918675
0.0583011348815712 -0.0126054403342713 0.59500288958787 0.463270659717985
0.0231026780419475 -0.0472729222311818 0.349681631958779 0.328492617453007
0.0404982437776484 -0.0518760214902104 0.132566639580692 0.0637353929703322
0.0403568334403448 -0.0550437205764409 -0.0940015623948664 -0.205527998466657
0.0636487632977423 -0.024691159597519 -0.240224707871877 -0.514928689709795
0.0566075806478007 0.0380821896832695 -0.372191575249834 -0.733891148028861
-0.00127912963118191 0.0540760266518432 -0.431248583909864 -0.767564347327671
-0.0346240675570791 -0.0505048455197703 -0.516959412776285 -0.638715517926719
0.096371830388721 -0.100922146944383 -0.529940788849476 -0.456407395059844
0.112721768595761 0.00528152107346786 -0.218988693042058 -0.231133573332261
0.0839093974925043 -0.0200050334611706 0.102326433922885 0.133198134632092
0.0300309082705645 -0.114620221911753 0.496165514045714 0.243507736176616
-0.0930344418100317 -0.0250189469925421 0.643222579763995 0.221269996755527
-0.0618999603847837 0.0735935032394267 0.669968898043342 0.34989012156563
0.0549771789610201 0.0417595810226077 0.716665069507924 0.481138314802536
0.0274910226967885 -0.0301341162962263 0.604860248629006 0.465477399540226
-0.00781942529792592 -0.0727282194187959 0.358041897285255 0.303748678407197
0.0114186817819004 -0.0860149499593946 0.137038937550045 0.0306643129276632
0.0122019757949034 -0.0936659890811386 -0.0866692460328169 -0.236358770500625
0.03784752889866 -0.0700314620470829 -0.238307034914869 -0.523184278337618
0.039232570187729 -0.00732885166965268 -0.380951184941969 -0.703028888516066
-0.00328014616790388 0.0242543320603488 -0.469953891284101 -0.713014209349233
-0.050132273194994 -0.0557966285678273 -0.558889443445343 -0.605438311100385
0.0645159031753537 -0.11659403137127 -0.549968436273434 -0.440907412200599
0.090571245259598 -0.0219320090371703 -0.23826850072391 -0.224575889306848
0.0546625601224519 -0.0227316024992344 0.0930049363358924 0.131287650075987
0.0218243331460122 -0.104700554045565 0.493391721182236 0.268968909096957
-0.0945081972552549 -0.039138472774675 0.616688204487547 0.266032471873061
-0.0801935406315956 0.0428014549134923 0.634122845798218 0.425056430097207
0.0166298692250847 0.0205465234159348 0.69861063538228 0.548324716798993
-0.00605759679952527 -0.0472700491553528 0.595299457752326 0.482054022214425
-0.0382810528277417 -0.0883734269203179 0.349700967334283 0.277435462199449
-0.0196076093500763 -0.104008336783514 0.128740406293089 -0.014120688087528
-0.0180666041801682 -0.110609271699863 -0.0994257026328417 -0.277948217145921
0.00478285712913248 -0.0966206260361658 -0.261445811925476 -0.536652302795156
0.0117277152555399 -0.0457958739962208 -0.416315727722705 -0.66842826763576
-0.0067328857730443 -0.0111710182473243 -0.525784300319017 -0.638889808130029
-0.0545619238877475 -0.056781263948328 -0.608207965875451 -0.538595733352845
0.0324027471721579 -0.114192972459953 -0.570276409993003 -0.398983169575166
0.0540604506249162 -0.0429136051581464 -0.249826922475128 -0.202540854055848
0.017334463429864 -0.0311378818842648 0.0959274206131196 0.134216595492514
0.00193581148165712 -0.0835570872473615 0.489922777133134 0.3045870955913
-0.0840475996119127 -0.0365286070898196 0.586221487756365 0.327937381028607
-0.073992279552354 0.00713552629980933 0.583655498629838 0.51490013121096
-0.0129976658330715 -0.0118198207466367 0.654905225584976 0.624706141361728
-0.0383789620991856 -0.062341383669602 0.564770463275548 0.502913834087565
-0.0626797894458926 -0.0900582487285147 0.325927458669601 0.249596902118128
-0.0457299405961333 -0.103176919918637 0.108190697337431 -0.0624136817584155
-0.045494237944064 -0.107087073465197 -0.12807777879528 -0.320203680405096
-0.030154852636854 -0.100630706346554 -0.307659360117987 -0.546601037546881
-0.0219202854453996 -0.0671980164306545 -0.472694617556382 -0.621895431652708
-0.0130350538685028 -0.0449808919597789 -0.586704344589434 -0.549550715526325
-0.0481370105862902 -0.055836927442516 -0.654323342441551 -0.451771696859813
0.00890811655161751 -0.0947308344922606 -0.586292388547301 -0.346433309155509
0.0102946139298714 -0.0532248856869868 -0.248742173683066 -0.173842709722242
-0.0209113148823158 -0.0439170293561928 0.106942002627063 0.144964553999833
-0.0228729749745478 -0.0550448520406799 0.483505051082677 0.350827364309979
-0.0654485523200599 -0.0171906887593256 0.550207439988064 0.401592017562084
-0.0476359291668657 -0.0238318187824462 0.523451530417373 0.606295416567552
-0.0287533410829204 -0.0452060359870405 0.594977215759712 0.691783313678914
-0.061776257759915 -0.0715863060258697 0.51540062521761 0.520273771061691
-0.0783324545924041 -0.0766943830440453 0.288720061330235 0.221158651097379
-0.0652121812248934 -0.0839140887893292 0.0801974396925883 -0.105494462040998
-0.0658808646071062 -0.0840532522760656 -0.167958840514232 -0.353553088260193
-0.0585703308856197 -0.0831886149281274 -0.365829031232045 -0.542935153255878
-0.052015486013205 -0.0719703285966237 -0.537037257492186 -0.568603888025617
-0.0192039177715667 -0.0707695379955311 -0.641341241040584 -0.456766521455604
-0.0312560725387669 -0.0505016657945441 -0.691069536569811 -0.365186799666111
-0.00465276704584863 -0.0649401690517895 -0.591966129600967 -0.291526429872644
-0.0338265044252352 -0.0519606436635798 -0.235881308913714 -0.143441695588639
-0.0561855371461149 -0.054096919990158 0.124812404914324 0.164563602449612
-0.0458278775090545 -0.0193924045819493 0.473233423234726 0.395483857757326
-0.0384902770205674 0.0127022653752597 0.507236348768837 0.485234419064317
-0.00833427505769836 -0.0458329018252094 0.466618249417802 0.687483082393922
-0.0338136209837339 -0.0695856078952483 0.527586959566862 0.73876210253265
-0.0779123552466688 -0.0666905069444752 0.457493112700907 0.526599332370645
-0.0857560048187901 -0.0480697325843519 0.247253418678828 0.195856282409292
-0.0740581888742995 -0.0479441584890664 0.0474081130286018 -0.137514901095406
-0.0752298405247624 -0.0456930985284264 -0.215204934347088 -0.376096617675198
-0.0763544459089142 -0.0528002486076296 -0.426806122102669 -0.529625696224408
-0.0712843895918322 -0.0678977065508246 -0.597471361481318 -0.508874615477657
-0.0142973252566262 -0.0908124888077962 -0.683719860374701 -0.373389486527481
-0.00411451514719514 -0.0420152045433485 -0.709530756844171 -0.28426961584502
-0.00947297665842218 -0.0279869515872937 -0.587171807474735 -0.245458861322851
-0.0714958989898171 -0.0429050060671595 -0.21204428922594 -0.118539908027376
-0.0816998881574341 -0.0532906098919074 0.145653362638654 0.189029353996102
-0.0527854816872666 0.0228457705117603 0.462637941639831 0.433081629667336
-0.00293033652014637 0.0458019028461976 0.472887256737023 0.559571699961784
0.0270566395371775 -0.0577703269969668 0.424528343890607 0.744451438964299
-0.0362874186688889 -0.072634135559488 0.465189601417042 0.754372091897504
-0.0848492451229005 -0.0418648408613556 0.39737911265642 0.524542761323892
-0.0812622676824146 -0.0060335350630153 0.20387826203317 0.178632482098405
-0.0710685044860339 -0.00147885624953375 0.0177934138491777 -0.153256299297105
-0.070403888001842 -0.00228634051088232 -0.256362267132442 -0.383807572836511
-0.0795609048633393 -0.0185743068049473 -0.478767050869367 -0.509679470929811
-0.0745821663915442 -0.0601323439789076 -0.647670997158955 -0.461453192795082
0.00270458771154452 -0.106780302634475 -0.712830103019799 -0.31429374656156
0.0309552607780834 -0.0278227144777057 -0.720094995636687 -0.229295363834585
-0.0080114795568666 0.0101844436355664 -0.575229000548064 -0.214921588238915
-0.0988452294719674 -0.0331518133671349 -0.183584525452485 -0.101745769838685
-0.0925426549797986 -0.0391055590122451 0.168874656877075 0.209695945881415
-0.0383675278529401 0.065116337331793 0.456171716497101 0.458374123332832
0.0356415304027316 0.0701469061632384 0.461850369616578 0.61161447525887
0.0497578914892135 -0.0581054160712791 0.409661097356682 0.767341325560542
-0.0349553543648566 -0.050502629571082 0.420241900978867 0.746991796183286
-0.080703836722863 0.000704630106404813 0.344922755817205 0.520898417775422
-0.0651357122476224 0.0431916683767055 0.166133391777851 0.179981291598699
-0.0556306590985643 0.0482622315690968 -0.00545569036956542 -0.152247987170859
-0.0537921060929933 0.0418680027754133 -0.287692562703195 -0.376514029603768
-0.0685208710895505 0.011104124611499 -0.52073011312768 -0.492523297589785
-0.0615003209632582 -0.0543322765776952 -0.687486445277863 -0.435873051488979
0.0345646117138659 -0.11447751274534 -0.730012385208267 -0.291740925793209
0.0683961912489475 -0.00672142703632991 -0.713359914174049 -0.206100739770422
-0.00506779711472038 0.043853445708496 -0.559369656493058 -0.200107251910694
-0.112414416165301 -0.0252341340655637 -0.156274133721328 -0.0920185263696611
0.0998538783605782 -0.020618129305463 0.12289676242605 0.134119839015971
0.0327396576272938 -0.108695501268365 0.504467562153041 0.221050904209669
-0.0732475833264433 -0.000325921841806607 0.66148011586519 0.189645710693827
-0.0242034186284138 0.0919940956208037 0.689672851485984 0.288975017626613
0.0923457803915693 0.0486801882548028 0.715137513766113 0.424809989870412
0.0584597033115636 -0.0144079032975524 0.601246834397045 0.45027017370312
0.0224513823222337 -0.0471079623585961 0.354102617607274 0.3189679979936
0.0390510931885587 -0.0525369091337393 0.132791704604177 0.0618189117746255
0.03857870377189 -0.0556553989437097 -0.097451408395446 -0.202421097464681
0.0626850893792924 -0.0257888049286797 -0.248337649198697 -0.508770228370422
0.057082581918758 0.0368003695868869 -0.384894163930153 -0.72331161922193
-0.000325354694110748 0.0538304592722801 -0.442755933019459 -0.754293738418513
-0.0346741314753692 -0.0497051797907338 -0.525839815796151 -0.623973226421702
0.0933427289027668 -0.102995095936725 -0.536538391995704 -0.444515525881373
0.111177397517579 0.00378275937825266 -0.221932239436157 -0.226056556113682
0.082189770008827 -0.0206433782564954 0.104508346947105 0.130237043700534
0.0280147151774047 -0.11540338810106 0.497266359878624 0.233452280967655
-0.0926286461380371 -0.0226930939674856 0.641662883921096 0.208886068955875
-0.0601037185604694 0.0746127034523854 0.67214412231873 0.337203517504468
0.0555219292995014 0.0404690781320264 0.718903435582769 0.463893571617568
0.0273446193912613 -0.0312780826208882 0.61040400396743 0.452732005675635
-0.00903878554204213 -0.0728212377024184 0.362205179347835 0.294913255863234
0.00906468083486342 -0.0856114856394153 0.136149383526 0.0271708669047344
0.00988249139500949 -0.0918696367630956 -0.0914894177136503 -0.233754598340993
0.0366752614508245 -0.069777549030683 -0.246298971169038 -0.516168355086663
0.039418252248956 -0.00756345097595242 -0.392032528110988 -0.693723080845639
-0.00224226234225117 0.0247560867974721 -0.479819785231918 -0.703713288828729
-0.0513722690038657 -0.053985112373414 -0.56738857144777 -0.591929413934043
0.0620219958768034 -0.11777906406188 -0.55548122958938 -0.426593639340751
0.0889505833761863 -0.0231056165298541 -0.240663248837031 -0.219174883369557
0.0533216674802631 -0.0227617768986072 0.0958568810604321 0.128890240252033
0.019240887074407 -0.103949619359972 0.493691586546478 0.260456978234305
-0.0936451405527004 -0.0364352936851868 0.619098907338653 0.252525652356044
-0.0788299459039898 0.0440292890615767 0.639584751785688 0.410976170639273
0.017361277122228 0.0198753679721189 0.706557706485868 0.531764689137475
-0.00699501712273818 -0.0468277175232867 0.602870787600759 0.467729766693246
-0.0394456003946632 -0.0867735068607618 0.353175696258664 0.268720152426463
-0.0211558747183081 -0.102953830649809 0.126427298127489 -0.0169476176945148
-0.0202558882555569 -0.109824057736113 -0.104690039602068 -0.275403902444724
0.00210783658312991 -0.0957418818711368 -0.269111772460665 -0.528124808451835
0.0111955157997029 -0.045571910928663 -0.427598855993793 -0.656910013986476
-0.00674702174082784 -0.0117609257400114 -0.535851877280696 -0.624324613061327
-0.0543824849003986 -0.0556486616462084 -0.617092150250047 -0.525519686899181
0.0299882273854282 -0.11444048570674 -0.574186525939076 -0.386227735403701
0.0518088724859485 -0.0434071014972187 -0.252065496497551 -0.197129767103282
0.0164265981831054 -0.0304265510647335 0.0968741218000219 0.131365353646885
0.00107608933437491 -0.0823436929227748 0.494548498358089 0.29439673593764
-0.0831726742669509 -0.034371366126022 0.588539920117737 0.31506757457133
-0.0747844892703087 0.00905877881367739 0.589551373545925 0.502394077498994
-0.0128062516272133 -0.0112622037092325 0.6636265700874 0.610768134268192
-0.0389407925541465 -0.0615956750536737 0.57316096464277 0.491013854029943
-0.0638536494570593 -0.0878896865597061 0.327403272372374 0.242149115688988
-0.0480930302629652 -0.10161138255215 0.106220465955868 -0.0630752336035344
-0.047050124028441 -0.105728332258079 -0.134233416142521 -0.316511257661701
-0.0323077706051315 -0.0986417406346331 -0.31675652714875 -0.535985630833694
-0.0228695838602722 -0.0664566779962329 -0.482488164050368 -0.610401296180345
-0.0139679886853526 -0.0449826529859162 -0.594320317204492 -0.53654500900229
-0.0477808115000156 -0.0542176517797295 -0.661989886123485 -0.439102082574081
0.00741718456334406 -0.0948686195295547 -0.590106019514051 -0.334585753992178
0.00866842636831117 -0.0524416438691146 -0.249995832265469 -0.168910802095967
-0.0223169578793072 -0.0429608527083283 0.108657194328449 0.141467522906069
-0.0243837366699394 -0.0542586870416226 0.487048680157028 0.340420253114952
-0.0645072323712382 -0.0158839107560155 0.554072902171573 0.392092452384535
-0.0476877480250478 -0.0221547751591152 0.530358774882166 0.593205009689326
-0.029374215888958 -0.0447251936061804 0.603568638891707 0.677865289988812
-0.0629938909010729 -0.0702034629632836 0.523198814951085 0.507449404538621
-0.0794736556140183 -0.073820541335009 0.292192077489748 0.214067657097497
-0.0668814073773762 -0.08211257685307 0.0766643706969858 -0.106297107051921
-0.0663688388501664 -0.0815155160452012 -0.17490369643386 -0.348474366211046
-0.0607382698569618 -0.0812520583890584 -0.374415158158289 -0.532923863871093
-0.0531092104077772 -0.0710382040254011 -0.545135971295666 -0.556034413939106
-0.0198026420536052 -0.0712827285641878 -0.647168410427819 -0.442022372330012
-0.0315116892869874 -0.0501235851701382 -0.6956435776112 -0.348583535738431
-0.00653936146906089 -0.0650168085831864 -0.593985289436843 -0.279211334127699
-0.0350875638822058 -0.0508218048430791 -0.236335779533912 -0.138775092696422
-0.0572354076623905 -0.0528479607682763 0.12700815391993 0.161009629852038
-0.0463392309550399 -0.018432153167774 0.478114678101589 0.385613346580195
-0.0377674656063092 0.0143126683391682 0.512057503569475 0.475873147378161
-0.00941522770074983 -0.0447727041026467 0.475314340144718 0.677986481055268
-0.0349554531825663 -0.0688122271623074 0.538937356688986 0.725806844913962
-0.0791340770029933 -0.0650602757224477 0.465179096842993 0.517323042508526
-0.0848397996658453 -0.0454428346802675 0.249569964659702 0.190328536520277
-0.0746639249969642 -0.0468819323245636 0.045558245170881 -0.137814430270132
-0.0751441000814932 -0.0442511117628515 -0.220271511705046 -0.370315257665573
-0.0774415617322 -0.0515564163675879 -0.435152592733663 -0.519816036875911
-0.0722078950369989 -0.0660726680282589 -0.604029075287255 -0.497072873892992
-0.0160922239771997 -0.0906813781339446 -0.686761758659081 -0.35805768937919
-0.00431596990879796 -0.041411346770658 -0.714224880271753 -0.268740275343429
-0.0101507085312718 -0.0282481679542175 -0.588232766702483 -0.232920644145343
-0.0728009167666743 -0.0420180472675611 -0.213200407635315 -0.114976858791023
-0.0825067548647589 -0.0519839777415204 0.14820898604401 0.184525941688749
-0.0527710888966013 0.0240498229957468 0.466505336633615 0.423317800661645
-0.00233913163880995 0.0459638257263118 0.480695486743394 0.55003418386877
0.025685901115765 -0.0575089799499436 0.434107157107192 0.73488465552274
-0.037086290686225 -0.0720951034284725 0.477345449330952 0.741243496872245
-0.0851107560108622 -0.0405866866153976 0.406213895389747 0.515183375981732
-0.0807420729792979 -0.00468013081743858 0.205433800733836 0.17451340026239
-0.0705184561902198 1.10837436529836E-05 0.0151019760215411 -0.153136865724634
-0.0698712841152983 -9.21591088811954E-05 -0.26133666486517 -0.375498674324223
-0.0797897876363035 -0.0176907417410785 -0.487093883609015 -0.498047271655155
-0.075747331310465 -0.0584320600983691 -0.653779963504018 -0.447652992855962
0.000975770737399084 -0.105847078659167 -0.716737827879906 -0.299000373366082
0.0308441413634941 -0.0276781684683315 -0.720707901349768 -0.216340449902982
-0.00790849776509703 0.00930508936876216 -0.57821455158041 -0.202092746037203
-0.0995811032384647 -0.0317303590163485 -0.184638080445903 -0.0978449147466032
-0.0931291753271605 -0.0376913966888701 0.171908254799392 0.206213056078006
-0.0368257972167485 0.0660809037913183 0.463504078976276 0.44740173960485
0.0366409294417463 0.0704560979170979 0.470163371848945 0.602612635145697
0.0476864257922251 -0.0579999771448982 0.417741824792483 0.756598574843176
-0.0358292569839151 -0.0500478283794902 0.43085558329175 0.735384791558985
-0.0800735141154263 0.00165900360933926 0.354982707644502 0.512805317117643
-0.0639732670067742 0.0440950517191206 0.169239403740957 0.17642354603388
-0.0546336325271043 0.0489712674603103 -0.00845407678958996 -0.150178857488469
-0.0528047089651173 0.04247575863454 -0.293090762555686 -0.368377180815796
-0.0686042020485598 0.0121708817396283 -0.525317533610093 -0.479193317119275
-0.0622734876786032 -0.0528796580024587 -0.694452439730647 -0.422946378599085
0.0330922182824667 -0.114350847741676 -0.732384422382466 -0.276598930055483
0.0681791375061996 -0.00816450710127454 -0.714682455770031 -0.192241814258539
-0.00472304540209945 0.0422933563299851 -0.561577998229715 -0.186029436683807
-0.111962775344795 -0.0232229691843724 -0.156950333423864 -0.088512943424099
0.0983709861145482 -0.0208718323984144 0.124724479047374 0.130790881133179
0.031123878780194 -0.108655952113459 0.503178398283108 0.212098545482138
-0.0722926091652679 0.00113777628030137 0.658676119541057 0.178499958451761
-0.0223143320093352 0.0924613768653654 0.689757294439516 0.276502962678083
0.0922933528300547 0.0465069380245322 0.718833406113386 0.409881938208705
0.0574789161689227 -0.0152197940453921 0.60395843377819 0.436390669480817
0.0223467748122547 -0.0461826676485833 0.356468069921683 0.312076301035184
0.0378644379840061 -0.0528063616708304 0.132018887766501 0.0591095202660107
0.0382902496443111 -0.0549861971009526 -0.101424130612568 -0.199372033663288
0.061413584726595 -0.0268711768676293 -0.25485260298881 -0.499189983760433
0.0573256228897325 0.0363904108613398 -0.393674121590716 -0.711965336084937
0.000757848111622897 0.0527115371620923 -0.451742682554526 -0.74389087558049
-0.0339327117645462 -0.0493630815518206 -0.532702957133431 -0.611824940641488
0.0909824515303009 -0.104763637991474 -0.540516861822348 -0.430206423037936
0.109417300907351 0.00270363364168826 -0.223195076581943 -0.22064729301022
0.0810210406022636 -0.0208391873969528 0.10556843391564 0.127908538295829
0.0270041176743794 -0.11506487146979 0.497924512103044 0.224823707175976
-0.0914149149817667 -0.0208957253323786 0.64066388193306 0.198615551397121
-0.0576865769823527 0.0756528151680438 0.672796370351849 0.325022351572593
0.0555473459822022 0.0384288079825601 0.724131331643363 0.45165748034871
0.026888915342732 -0.031357653261672 0.614003580967904 0.437629650262214
-0.00946626647929976 -0.0719088982187731 0.364914507105428 0.286816122241953
0.0073592754656749 -0.0853514701344709 0.135365873021429 0.0244990939508438
0.00916513656856279 -0.0908117880502005 -0.0953316137368698 -0.230897582388548
0.0340687251210736 -0.0700405496523184 -0.252794771737063 -0.50760808187314
0.0388079695621177 -0.00799294635839796 -0.399595172208457 -0.682617008780572
-0.00222870065498493 0.0243601133253418 -0.489699684458745 -0.687745742461669
-0.0509474295153164 -0.053381296130205 -0.574134291623784 -0.578019435083184
0.0590745363289637 -0.11862802079239 -0.557363309311349 -0.415183394563851
0.0868713691472452 -0.0241139138851713 -0.24233359974565 -0.21465448617321
0.0524580966952692 -0.0224841815736987 0.0968068788951987 0.126566904858666
0.0185525836732067 -0.103774428844183 0.494276473654585 0.249389597426117
-0.0933963405725877 -0.0347154266855349 0.618892593174946 0.242630410387405
-0.0779073690051258 0.0456173220295672 0.641599543156827 0.396885646469504
0.0174094908165534 0.0191602718319199 0.710103329152584 0.517080948080529
-0.00771692692163415 -0.0470446073187978 0.604982784278985 0.454850021040881
-0.0399005756746481 -0.0851040989681988 0.355419294519452 0.26137430595765
-0.0234851335476181 -0.101610155092714 0.125884761431494 -0.0196067459094413
-0.0213716125787213 -0.107960977013439 -0.109968714870159 -0.270714043156924
0.000380450118389886 -0.0953636041771457 -0.276384281596924 -0.519036767563245
0.0100439858828766 -0.0454660667145512 -0.435009800947766 -0.644476231599424
-0.00663321020749526 -0.0111630245592615 -0.541675596893175 -0.613186002025507
-0.0546068927240869 -0.0542809173925531 -0.621755154222527 -0.510033283147378
0.0282776883643398 -0.115081585769924 -0.576521424545708 -0.372371270929032
0.0514706376027465 -0.0435287566075803 -0.253146124826864 -0.192695287785447
0.0153768809847344 -0.0307692674002006 0.0990250397407312 0.129076670826323
-0.000178113803013811 -0.0818279493510845 0.493017595012701 0.28423287373832
-0.0831845365447697 -0.0320955678152901 0.589207597832264 0.304355083196574
-0.073816205369057 0.0101236243499707 0.594219929872408 0.489080238811027
-0.0132438442918702 -0.0109316553870924 0.66901407066263 0.594511359157458
-0.0392424886852036 -0.0612103981726774 0.575068445980233 0.476931682009086
-0.0641082560068782 -0.0855104418036967 0.328951549644851 0.234623370800715
-0.0495807853071882 -0.100465446742804 0.104252114571577 -0.065434572124476
-0.0484887377869589 -0.103212176778776 -0.139515215419084 -0.311869153861307
-0.0338906353839929 -0.0979289368600475 -0.32286192119694 -0.525075069042065
-0.0246770297863702 -0.0651822687013244 -0.489470869060095 -0.59920275677483
-0.0152002508568907 -0.0443795269428472 -0.598961717991748 -0.521866769856513
-0.0479557859194507 -0.0533816281389326 -0.665739703333448 -0.423507658605581
0.00562198936254543 -0.0956042832851927 -0.590543594031729 -0.320332696324808
0.00719157590423624 -0.0521028999184507 -0.250207963968259 -0.164339456929315
-0.0226636652576075 -0.0420615447705832 0.109732324943014 0.139430232652706
-0.0244225840122113 -0.0527055162057591 0.487825650443317 0.328874004208571
-0.064208481217863 -0.0140743847672965 0.556026959973649 0.381009951023429
-0.0475510381704008 -0.0211025073757508 0.536308575776438 0.580564916535498
-0.0297026820588288 -0.0447345564794132 0.611660075121908 0.662549182695093
-0.0634544984142825 -0.0688356299028851 0.528147674300489 0.495444577326723
-0.0794985368728846 -0.0718590993425097 0.29353622256955 0.207876994777266
-0.0677798370987245 -0.079737183418069 0.0747952239639926 -0.107201472855246
-0.0676764739549038 -0.0795305312766469 -0.179572519596294 -0.343333604596548
-0.0618562358182617 -0.0797323535198416 -0.379050374596524 -0.523283492869326
-0.0541117267994133 -0.0690062802887314 -0.549706641939909 -0.541363179060308
-0.0207533345667903 -0.0700104457943007 -0.650060293985876 -0.427395172893399
-0.0318238662195442 -0.048991857813623 -0.697300637197451 -0.334966377175361
-0.00722600147277895 -0.0651016120192446 -0.594429032671182 -0.267085808576516
-0.0357969010087923 -0.0497076577835473 -0.237219647590641 -0.135245543437009
-0.057769047768239 -0.0526908532602942 0.127980026927547 0.156756136525541
-0.0465979180743727 -0.0168082603682519 0.479609541787524 0.375315529575599
-0.0367669759540423 0.0154698008272615 0.516628267056832 0.464600444221534
-0.0104991685135577 -0.0432734385977978 0.483125937491895 0.664735835115117
-0.036536487540424 -0.067710690069663 0.546051593326604 0.710186785682489
-0.0794663785422642 -0.0640656112846127 0.470185647949841 0.504350482450374
-0.0851145601621596 -0.0440552013777815 0.250313714041015 0.183706711604305
-0.0751560426296734 -0.0445694863093409 0.0416004655987236 -0.137732495682909
-0.0749691734381346 -0.0429440666946795 -0.22567077278949 -0.363267078697937
-0.0776355569265119 -0.0499387386162397 -0.439632089332744 -0.507975809326449
-0.0722129730346068 -0.0641566570167316 -0.608557751907705 -0.484159096519781
-0.0174540906490394 -0.090201729821942 -0.689260677693631 -0.34362485073038
-0.00413319508156691 -0.0413663012809342 -0.713423830549437 -0.256070222769898
-0.0101179078881392 -0.0290656690662236 -0.590128126569241 -0.2228231159055
-0.0720278668269803 -0.0402769027354837 -0.212348276571766 -0.112001415435632
-0.0826402243555089 -0.0503872190213921 0.149683516133086 0.180059927580083
-0.0514065465253699 0.024868913179984 0.470300066194962 0.412825404621663
-0.00119816338245009 0.0460016015637688 0.486396105560233 0.539431718929448
0.024814929436208 -0.0572955279474112 0.443870561954393 0.723464085967294
-0.0380451927235391 -0.0710702223028105 0.485924307765972 0.72868302507581
-0.0859399519071924 -0.0389767227720327 0.410830219811588 0.504249326364422
-0.0796548463183526 -0.00296172667329177 0.207624756309613 0.170730989252429
-0.0691707852401397 0.000965377516518611 0.0114634585192558 -0.15253175642679
-0.0690782916996478 0.00132205720095651 -0.267194747624727 -0.369379507722628
-0.0789215426929375 -0.0163598766504211 -0.492446559449348 -0.485889129610229
-0.0763418899814782 -0.0568935872188303 -0.656538849482741 -0.433432342778444
-0.000613028056041239 -0.10553830713615 -0.717035350895292 -0.28523463573557
0.0306165590199696 -0.0276465945258217 -0.719769660990367 -0.201922159748768
-0.00798203380820844 0.00905420166291838 -0.576059165149731 -0.191454804758435
-0.0997163334373499 -0.0295060250720992 -0.184441025985549 -0.0945074573889965
-0.0928833186880897 -0.0360149216648148 0.172688950113997 0.200977211867189
-0.0359088219881637 0.0665085022792523 0.466113366595723 0.436976186378801
0.0384144702686409 0.0698855293292293 0.476500276265397 0.592803566334033
0.0466198481042547 -0.058366462019801 0.428523963628057 0.745337918111458
-0.0367279983559765 -0.0489292465703991 0.439558163027765 0.722145891277266
-0.0789311882954305 0.00338954251022965 0.358387354207444 0.503726066333767
-0.0626516489315417 0.045711832390297 0.170072738224697 0.172462925438296
-0.0530691394583988 0.0494692701545285 -0.0109278007700242 -0.149305251028294
-0.0518366707229798 0.0431731172703235 -0.297199728446781 -0.360564985808523
-0.0674188049928452 0.0128182274467937 -0.532000419521675 -0.466627593378742
-0.0637671257087228 -0.0517745128827274 -0.693898696813656 -0.406311882400139
0.0303861495431818 -0.113995412841817 -0.732390451055663 -0.261898637583999
0.068415397601932 -0.00856258993580759 -0.713580013796495 -0.17935327825971
-0.00487953382156616 0.0413346139192839 -0.559393440263167 -0.176878276474829
-0.111499120631448 -0.0210964087528562 -0.157320402246271 -0.0869227645282122
0.0971764866874335 -0.0220437942002373 0.125157543102295 0.128288544524072
0.029886325115462 -0.108264835002342 0.501679429583927 0.204165238983504
-0.0706767630824012 0.00228895029527984 0.656344698968913 0.170002887086202
-0.0207624791168979 0.0915864019769096 0.686310811991989 0.266594141644887
0.0917585670667755 0.0451329821097913 0.717047819351756 0.394904627618328
0.0563415931894139 -0.0171801179579612 0.606238620098382 0.42361359690848
0.0212181817176367 -0.045756840306901 0.357270983484458 0.302331214090397
0.0369470445696511 -0.0530823024710274 0.131530832878479 0.0564402458192227
0.0370304311572424 -0.0552463170302309 -0.104270607979373 -0.196353657390694
0.0603242366443838 -0.0271947396565028 -0.260529632962064 -0.490733953929231
0.0568559661043228 0.0351683923550989 -0.399580354055566 -0.698951983869563
0.00120420371999361 0.0527195004689101 -0.460428637317097 -0.728497804566587
-0.0338866886986072 -0.0482475356215712 -0.538328039115225 -0.598507042043857
0.0875832881919602 -0.106168563351909 -0.541739686867661 -0.418180151700431
0.107840542589795 0.0015918889260597 -0.224802686181562 -0.216725311024383
0.0790142175223036 -0.0215718373946047 0.106118329029723 0.124943909992954
0.02525851880097 -0.114195954175182 0.496444235204609 0.215877906009779
-0.0896703893146185 -0.0191607332185776 0.637016004105448 0.19117718854992
-0.0563363127961798 0.0765021615019913 0.672831455505577 0.313868294736769
0.0555645127029487 0.0374650146997259 0.723085758598578 0.435699251929687
0.0261320925935066 -0.0315878614555208 0.615932486971016 0.423906521736604
-0.010796145580239 -0.0698825917040447 0.364530866207689 0.278188925627454
0.00612662647188883 -0.0847744075653089 0.133203074579156 0.022436747689612
0.00778417652350096 -0.0901737569896789 -0.0985185473809832 -0.227910247910131
0.033472154980322 -0.0697244733711521 -0.260314583294347 -0.498524002114873
0.0385482526745475 -0.0082873499683555 -0.405806664265397 -0.670647531572629
-0.00243142744304135 0.0235236918751391 -0.493371612466813 -0.675290340655739
-0.0504998000560384 -0.0526102035540083 -0.578781854739729 -0.563828648215473
0.0567799729410322 -0.119663484247814 -0.558840141983854 -0.40186368971899
0.0857416898302279 -0.025061118891155 -0.242541409114975 -0.208530251716622
0.0511055157160309 -0.0234178656560918 0.0980995058825648 0.123781056072741
0.0170801892413507 -0.103522620864262 0.493502394979654 0.242059076654827
-0.0923704240592327 -0.0321978272174001 0.616193759349658 0.233026576001452
-0.076453232425526 0.0465349484693003 0.640364159552648 0.387227617354155
0.0173950730962685 0.0185080891997047 0.710157449244569 0.499829110411125
-0.00860247904178785 -0.0466334017054163 0.606938999924386 0.440697786771498
-0.0405896457873505 -0.0825598118576137 0.354361412412825 0.253684125959608
-0.0240879275367594 -0.0999098221102416 0.124034523455049 -0.0209424565327606
-0.0226925938432277 -0.106161015812061 -0.112034737524096 -0.268047826726263
-0.000956835707130409 -0.0938721184532157 -0.282560282981736 -0.510570847533944
0.00919162900674799 -0.0452756153702098 -0.440736670867368 -0.631971203804938
-0.00692773007498554 -0.0103951519427237 -0.546492137232729 -0.59895285595882
-0.0547453924963498 -0.0534537971505178 -0.625693915005588 -0.497113061483722
0.026007978341584 -0.115238749411364 -0.57775001052071 -0.360646780832591
0.0492018749438135 -0.0435229739785553 -0.253063374176477 -0.187093448172912
0.0148075055469357 -0.0291859591236494 0.0999271538866225 0.12563655258091
-0.000829582377372795 -0.0807715687344211 0.494668743180343 0.275097999063965
-0.082372220702384 -0.0307351063197985 0.587803881118731 0.295413790172176
-0.0730413254207401 0.0114871693354515 0.593749635322658 0.477471194276562
-0.0132333807604017 -0.0113297544547357 0.671231523309741 0.579003473260663
-0.0398916507053103 -0.0592777603802325 0.578908303950226 0.464129601219534
-0.0648740888349023 -0.0836888644199184 0.329069603930119 0.227713694250752
-0.050554096323902 -0.0987620064891977 0.101327009107677 -0.0664449987664771
-0.0497966835949396 -0.101471403679743 -0.142794183626684 -0.308121560169643
-0.0349202300200631 -0.0956374608560896 -0.32722129444731 -0.517742310230124
-0.0246586289718919 -0.0645432456928075 -0.492280334900053 -0.585493336500513
-0.0155953065047667 -0.043869062169249 -0.601361242442753 -0.510639587683609
-0.0476152744999212 -0.0529962146978367 -0.666839914969608 -0.412018571894448
0.00369641293442207 -0.0958617199788368 -0.591375537282159 -0.30881606263189
0.00587321609298711 -0.0515566779416151 -0.250458820296201 -0.159712029682627
-0.0236802980708547 -0.0411532756573229 0.110902562345128 0.135856783318353
-0.0244666354398073 -0.052727549629051 0.489027724562861 0.31884761724884
-0.0642938111941705 -0.0126259743731539 0.555240720775676 0.372196656438199
-0.0471979017606389 -0.0198662360008929 0.539434400353894 0.568358422834129
-0.0306342074327612 -0.0436537626553428 0.614585593952253 0.648260329183167
-0.0639245659577342 -0.0674645016545028 0.530252505076713 0.483355597227303
-0.0801698339248632 -0.0699395507422247 0.2932094524492 0.20170316344023
-0.0681343836683816 -0.0780395590419734 0.0714434331724124 -0.107072923045454
-0.0688400974617965 -0.0765758018272544 -0.183782399664126 -0.337599145188527
-0.0621842974644283 -0.0775295685647982 -0.384627897276445 -0.513734732671786
-0.0544170139527671 -0.0681042144937978 -0.552684109040906 -0.529567852975814
-0.0214628979907712 -0.0701712420700341 -0.649956856324556 -0.416525825137119
-0.0314690982073245 -0.0486948267452621 -0.697190135051382 -0.32120468103702
-0.00906722376823848 -0.0656644043871968 -0.593624076486509 -0.253682013494533
-0.0360588176355578 -0.0478196359152232 -0.236322886673376 -0.131504115185099
-0.0572395551171466 -0.0497187370597711 0.129262928886054 0.153748818435228
-0.0456468533608026 -0.0163180890740103 0.481549631619509 0.364208340417348
-0.0367263317038283 0.0167997157056436 0.516799828299265 0.454760628438398
-0.0106476476900543 -0.0427393208377548 0.487391240194498 0.653033346033606
-0.0369534178403767 -0.0670619425467361 0.549150365069607 0.697278217523064
-0.0798491654047709 -0.0621151338866437 0.47415848705497 0.49280566146133
-0.0853816361437079 -0.0421387679452797 0.252102547712732 0.178341574802616
-0.0745765613994933 -0.0424988818285438 0.0388897630736126 -0.137201375256979
-0.0746899607352108 -0.0408162897860936 -0.228916286848058 -0.357232614562826
-0.0771270145714581 -0.0477287660067381 -0.443948293982855 -0.495475662879116
-0.0738756467239551 -0.0627069769094229 -0.611300028886078 -0.468649189316658
-0.0184433120365144 -0.0886681281090789 -0.688153809172988 -0.331583701154141
-0.00413052424144894 -0.0410204629486309 -0.713101760457579 -0.24277087538664
-0.0114861612569901 -0.0291525111609167 -0.585466733865266 -0.210175616984282
-0.0725823636782315 -0.0398341069878101 -0.212535051693955 -0.108564633634359
-0.0826669982892702 -0.0479255624829277 0.151165435192492 0.176656764219347
-0.0499948284910671 0.0246567487181876 0.471477559253541 0.402556589991404
-0.000416185273916622 0.0472977085355312 0.488875164574995 0.529066882705584
0.0233831908385829 -0.0566962957743233 0.449778257073427 0.710583123596093
-0.0390377711451881 -0.0695966069240414 0.491729769888072 0.713426446726736
-0.0855210554650512 -0.0373672415077913 0.415237002282555 0.492155481270882
-0.0779287989298633 -0.00136181659198064 0.208022835818095 0.165727181641013
-0.0689421555696801 0.00214896468515427 0.00900632749221389 -0.15143710224662
-0.0674054940424305 0.00212431247991369 -0.270657555248959 -0.362259102798743
-0.0793203904412395 -0.0145137727208032 -0.49461574233087 -0.474166903335209
-0.0770818599276338 -0.0548421700097522 -0.657712700246732 -0.419725015569767
-0.00236332614595207 -0.104392114115523 -0.713857490213797 -0.272106480000043
0.0300306922672095 -0.0283899778064558 -0.717926666444801 -0.190149815705275
-0.00856225995880472 0.00797455217677995 -0.575490913982486 -0.180484602936654
-0.0996517564661067 -0.027479271292422 -0.184158596136834 -0.0920401367475472
-0.0929935641808294 -0.0342824173546837 0.173679807754316 0.196465342416238
-0.0343349243189468 0.0664242781948249 0.468154258190916 0.42769333990675
0.0392126284294254 0.0689959349778346 0.481096937112379 0.579624794386273
0.0453710463267126 -0.0576304349788047 0.435656938754182 0.732747057341093
-0.0368686571686021 -0.0492504202024294 0.446623833523124 0.707420231683301
-0.0790690619288143 0.00401043837501629 0.363288178035605 0.492075049766985
-0.0608228724216636 0.0456167326981549 0.171258716082538 0.167857137830533
-0.0518223782456332 0.0497085028983373 -0.0136971877207242 -0.147780715278999
-0.0496239838968757 0.044178393965319 -0.300003988184761 -0.353008567427094
-0.0666836237331019 0.0147835390001081 -0.534144102926302 -0.455729545985098
-0.062269848214623 -0.0506862633079916 -0.696158422543167 -0.394161625376478
0.0293194313598829 -0.11386857221551 -0.730765101219917 -0.249741829305193
0.0680299617260084 -0.00940821215126364 -0.709995285621669 -0.167497551859422
-0.00383129147746021 0.0400763526350006 -0.558738192104064 -0.166364716253111
-0.111671055935462 -0.0190928596260907 -0.15688486040106 -0.0840819039267558
0.0956224717656483 -0.0221614882674485 0.124443904945605 0.126193220115568
0.0288780421703286 -0.108213508901194 0.499371885478625 0.195828785371479
-0.0694416709357051 0.00304763459231522 0.653234113605076 0.162024723801219
-0.0190383287540984 0.0924122013572955 0.684415361478739 0.257921249503823
0.0915043732863147 0.0430278074526987 0.714585955133373 0.383390429378249
0.0555652992667279 -0.0172164571714948 0.604911535801975 0.412582948196393
0.0221205286968299 -0.0447382659086071 0.357958231853732 0.29703884789121
0.0363227135899998 -0.0534231930558232 0.130031369726722 0.0538178144623518
0.0373100899691285 -0.0547486407492711 -0.106251406967225 -0.19341806914648
0.0591804699867417 -0.0274499422889807 -0.262897900435709 -0.482325317697535
0.0563695902128505 0.0342664352442339 -0.40373611835503 -0.687789408280289
0.00180383302217962 0.0515300625453597 -0.46312767444754 -0.71711856004399
-0.0341284239541923 -0.0479936901376696 -0.541999264578804 -0.586409260687092
0.086596232736269 -0.106162629668959 -0.541170172513956 -0.409185777272082
0.10720120003303 0.000909844284217467 -0.224893757387309 -0.211942825730721
0.078562378583853 -0.0221907109744967 0.106180259935578 0.123537592380352
0.0244602160504692 -0.11314901945602 0.492774841707968 0.208684807699007
-0.0895297488601362 -0.0174992362938916 0.634606873861579 0.180938953338587
-0.0543288561069554 0.0762384608522308 0.669687597435912 0.30356154314966
0.0555855268715014 0.0358455955701812 0.72280344780238 0.424012348970532
0.0251681627348974 -0.0322850871555037 0.614733798048053 0.412954734422122
-0.0113631324497797 -0.0682700502749374 0.364963462450573 0.271197703130888
0.00606116705734238 -0.0843245879596894 0.132043340313652 0.0209796939960949
0.00692941321755331 -0.0892520700571205 -0.101390175940787 -0.224868671363973
0.0322900895994923 -0.0681780509537156 -0.261021762777684 -0.490023285464397
0.0375639122164942 -0.00933895438759965 -0.409885788579242 -0.656928652711947
-0.00158438460682896 0.0229504338126665 -0.498250745500907 -0.662319936570011
-0.0501484117348356 -0.0520879846436478 -0.581431570145405 -0.551150724056522
0.0543079628442359 -0.119599507910457 -0.557775420233758 -0.39008995815148
0.0833664848528462 -0.0249899278419464 -0.243164271117721 -0.204489924719509
0.0504444586795224 -0.0232134713330393 0.0979781861111315 0.120838741194715
0.0156274101725604 -0.102125041219097 0.491712116968612 0.233096860215442
-0.0916570286421935 -0.0313704097459456 0.613419742804162 0.225797695250186
-0.0752604176029762 0.0481204020448412 0.639387281704918 0.37766704835948
0.0169412090868141 0.0180389051698099 0.707887772681635 0.488274859264671
-0.0085716023788832 -0.0463076091828505 0.606960499587543 0.430350328681828
-0.040609376982444 -0.0808245628032222 0.355031225475755 0.247651252127302
-0.0256703590776861 -0.0991206640492609 0.121268747078208 -0.0219838832957891
-0.0233098712936553 -0.105227181902988 -0.114913929355015 -0.263850430266596
-0.00217778015870849 -0.0931549896710348 -0.28503466716573 -0.501089490006023
0.00871682006097388 -0.0449995953915256 -0.446002034920984 -0.621605064800702
-0.00702910718037455 -0.0116848554054324 -0.546476889564042 -0.587157985024131
-0.0537607331605268 -0.0528672656672028 -0.626508725174439 -0.484548243502738
0.0240541515599893 -0.114668387314399 -0.575115112332977 -0.349722962212731
0.0475192810242035 -0.0432242168109859 -0.252689625169481 -0.183791858410216
0.0140819192974855 -0.0294284749076702 0.100114077527159 0.122987211006484
-0.00189158167257424 -0.0800233878233516 0.491561611365441 0.265666457369483
-0.0816119434869488 -0.0294941959440325 0.588028164672381 0.288136318611683
-0.0718239684912986 0.0125594283732701 0.592757227571825 0.468150101259931
-0.0140089940620174 -0.0114868319181421 0.671120145487076 0.56495357128236
-0.0397239941728263 -0.0587727371859 0.578177431727959 0.452001133682558
-0.0641808295324967 -0.0810540465345016 0.329298095486781 0.220727113864179
-0.0510331436745563 -0.0964003514424578 0.098657978737371 -0.0668005419299267
-0.0497540451248245 -0.100183612148226 -0.145464766250031 -0.301945368422657
-0.035364674150759 -0.0945866628203611 -0.330857815781444 -0.508172733951342
-0.0253987800463768 -0.0639102416682575 -0.495241253379794 -0.574634295946931
-0.015776866552185 -0.0431747889387892 -0.600360090509357 -0.498217406296641
-0.0469216737464304 -0.0517545736469097 -0.66685572213878 -0.398967674237529
0.00158461624410445 -0.0951699234676682 -0.587794199404334 -0.298820069895348
0.00556414011027774 -0.0505146660860048 -0.249460898370566 -0.156645745397986
-0.0242363401458732 -0.040894578331144 0.110810848387021 0.133201256928733
-0.0253613632509211 -0.0512800253788432 0.487004784372815 0.311056634978142
-0.0624840184728413 -0.0113781149613786 0.554451710785428 0.361199907893235
-0.0479329398607825 -0.0185092487573565 0.540078152792775 0.557627749479091
-0.0307525911172095 -0.0432841233071836 0.616077022938974 0.634897106937125
-0.0642946921001553 -0.0663682977340823 0.531442474985428 0.470905042063765
-0.0797824006862605 -0.0680693798590192 0.29324476475619 0.195711612085696
-0.0683996039777829 -0.0760931745017052 0.0689905710721481 -0.107209231658038
-0.0684828828128639 -0.075882918791643 -0.186684066833914 -0.332601778017338
-0.0626896360834168 -0.0764322332633313 -0.38685328646643 -0.501046740239318
-0.0549738806597977 -0.0665821026572123 -0.554265019385994 -0.519342123772253
-0.0224277745511217 -0.0689942241627712 -0.648751965821394 -0.404024810253225
-0.031354986186142 -0.0476866260564409 -0.69463646137561 -0.309669931895397
-0.00943185758434488 -0.0652218835262621 -0.590892602181722 -0.245477526639433
-0.0372827161285739 -0.0479717672373041 -0.235049878038011 -0.128666319413629
-0.0579965415221811 -0.0489021686440523 0.12880440038763 0.150836981650813
-0.0455862191046185 -0.0158210050426205 0.478877504412399 0.357101366309672
-0.0350309588247232 0.016497568903275 0.517887068023173 0.445444647841579
-0.0114229125488003 -0.0417449668871717 0.489643434532599 0.641922078544459
-0.037249419557887 -0.0659681642308871 0.552426041643493 0.684271709323156
-0.0803243507437677 -0.0611000886490843 0.474494304650516 0.481469624530191
-0.0839371727153304 -0.0401493423174725 0.25016024609968 0.173913097494362
-0.0747691248996228 -0.0421327859739111 0.0367163788479842 -0.136626020295903
-0.0746616792845166 -0.0395096461645257 -0.231805866875757 -0.351500197850037
-0.077542152835372 -0.0470895963933486 -0.4450951557151 -0.486701875328774
-0.0730364911229463 -0.0612821612354037 -0.610826480035399 -0.458898249215715
-0.0198092374663304 -0.0887702820631232 -0.685557078784543 -0.319851713040324
-0.0046073962342603 -0.0404797654648347 -0.708134824037238 -0.232718137289179
-0.0122362380882816 -0.0296952915484911 -0.583085875503453 -0.202206920269772
-0.0729839414601817 -0.0370221401454488 -0.211391645494701 -0.105098626462198
-0.0831242721040816 -0.047376684617081 0.151202406961526 0.172691194009577
-0.048857077950415 0.0258115284679164 0.471809997924927 0.393694219688222
0.000918463563856017 0.0465282275349744 0.490614793854759 0.519200221435135
0.0229890384208316 -0.0561460204347629 0.453600987880031 0.699264885056521
-0.0389277100533078 -0.0689070948581488 0.495058187184399 0.70158093699993
-0.0846954314591501 -0.0363699292482884 0.417257609905607 0.482470055562293
-0.0770181530675118 -0.000680669754706337 0.207465176032831 0.161312396564553
-0.0683697007000462 0.00318794621442973 0.00695512644167657 -0.149515190835558
-0.0670652587676119 0.00317752842887576 -0.272575352692487 -0.355106185564244
-0.0782815326493843 -0.0139546476817147 -0.496370450297273 -0.463408764794326
-0.076439588431787 -0.053479586589784 -0.657876355001027 -0.408104882166506
-0.0032561184710005 -0.104131539469048 -0.710954819774045 -0.261896055031171
0.0304000240524881 -0.028217772983922 -0.714708642638312 -0.180393609804885
-0.00917041394882529 0.00763017778471967 -0.570278599577032 -0.172027991306139
-0.0985577328760504 -0.0273495026799909 -0.184952682552962 -0.0900700738770731
-0.0924916718111008 -0.0333114361359608 0.173852490739932 0.191871999149025
-0.0333543499017495 0.0658244366136123 0.46639409690059 0.416809392259039
0.0401733448509413 0.068110190081392 0.484015737544906 0.570094942432638
0.0444315890955498 -0.0566330742907861 0.439317783349101 0.721033782768259
-0.036794003705381 -0.0476070693499574 0.449864759199475 0.69806936810758
-0.0775620689114596 0.00484151348067915 0.367684444970887 0.482642696548548
-0.0595169620461379 0.0464439616096662 0.171592460548223 0.164023785289146
-0.0502896550228762 0.05053375795632 -0.0147854654305675 -0.145604786880379
-0.0487659951994149 0.0446463856952721 -0.302301742092719 -0.34678643262366
-0.0659632501092484 0.0142492412620171 -0.534098545491435 -0.443865723925305
-0.0635316180329316 -0.0495587203178075 -0.693486361962711 -0.380578038860434
0.0271547639796357 -0.112900868461698 -0.727313992694082 -0.239451213137823
0.0679422851858124 -0.00974960248179417 -0.706002096339143 -0.158187215035526
-0.00454023069400234 0.0393900555848258 -0.555824503794524 -0.157146042270309
-0.110170012545697 -0.0188336219117321 -0.157418019371895 -0.0823954686178886
0.0940013942459796 -0.0220122955990824 0.124113522988289 0.123008063200991
0.0282453726528955 -0.106946157881388 0.496194559542006 0.189468988497257
-0.0680700927481674 0.00386874959146588 0.647832786670772 0.155171013599144
-0.0181096830093386 0.0917382269650948 0.679427302243618 0.24949175542831
0.0906208568767272 0.0413695328696598 0.709373543867442 0.372687231931093
0.0550489340096656 -0.0188415437907412 0.602764798984102 0.401705754864743
0.0212237445034433 -0.0445297056719372 0.355496925090576 0.288942524720312
0.0349713510634237 -0.0531645716825149 0.128227416265933 0.0529976865403177
0.0351593088862393 -0.0544921741918899 -0.107499477399557 -0.190740524108366
0.0580103580695774 -0.028465213596674 -0.266083971228357 -0.475134194444424
0.0562747824748253 0.0332148917427162 -0.405136403693429 -0.67517398044765
0.00190761213260619 0.0504427037083085 -0.464506133884405 -0.706648145306625
-0.0334080307359378 -0.0476049462084923 -0.541398921468319 -0.57466624545013
0.0838394147664961 -0.106201829636589 -0.537117561069342 -0.398190765598765
0.105302719579322 0.000411557821091275 -0.224674922957126 -0.208740398455867
0.0775745871607076 -0.021885247693132 0.105912380090604 0.120706535884591
0.0233890754081076 -0.112799556524894 0.490020007251027 0.202038202729539
-0.0875338533129253 -0.0168977071736644 0.62922914026652 0.175651197590867
-0.0534881682134026 0.0762237589922081 0.664791699576527 0.295373219297403
0.0552672586464146 0.0352940844543267 0.71880981147845 0.410588158013682
0.0250438194568353 -0.0324617758979482 0.613221441002812 0.402780358455009
-0.0108350304263225 -0.0676431341353743 0.361728548243597 0.264718177424057
0.00473439842544514 -0.083530277930706 0.129593029871964 0.0185415247418177
0.00614974295503632 -0.0882572263577858 -0.102376325987266 -0.220911973934213
0.030811592055838 -0.0686094399455547 -0.262956246904466 -0.482315906610069
0.0369552202978715 -0.00953479017413693 -0.410359795656043 -0.648208677340607
-0.00108419893214669 0.0224277292591471 -0.49797927276639 -0.652640185925241
-0.0492346135720703 -0.051193930795114 -0.581356183937127 -0.539536552126546
0.0521891993384552 -0.118896227177071 -0.554754477519692 -0.380128785919747
0.0820123180472355 -0.0245886071489549 -0.241535343039348 -0.20016773040971
0.0491783457793142 -0.0229476279667586 0.0974543783620389 0.118989209700472
0.015061848795599 -0.101633120879893 0.488952871442634 0.227060527161369
-0.0904863337487265 -0.0302910297537254 0.610774943850005 0.217618680637675
-0.073826061881431 0.0481487225040891 0.63608456625258 0.367493644502117
0.0172847307402475 0.017043261208662 0.70484866847225 0.476195168816195
-0.00896991022339632 -0.0459407044821508 0.60611336650113 0.420004451233612
-0.0398055103481096 -0.0800761380593725 0.351925639403455 0.239472560157945
-0.0259501741164445 -0.0979491471151148 0.119352368953244 -0.0230492625887484
-0.024199835020478 -0.103394023400625 -0.117466563367276 -0.259074479765528
-0.00304327483363173 -0.0921768316649617 -0.287657871746952 -0.492366586625586
0.00848961515873549 -0.0442188547834395 -0.445135309425987 -0.610319197843684
-0.00748565762654106 -0.0115637630078933 -0.548589125344157 -0.575734521174417
-0.0532755780183351 -0.0518346959439992 -0.625537414099391 -0.473920398996426
0.0222038695646007 -0.114763068566449 -0.57165008898082 -0.340355707893803
0.0464334110727027 -0.0427552175950542 -0.251603879636776 -0.180321082358124
0.013315179579234 -0.0292593169778497 0.100104694658858 0.121525065615935
-0.00158627931913796 -0.0793228074714733 0.48919796988491 0.260132869998267
-0.0810783335820365 -0.0277580578661694 0.584100098651977 0.27977503333107
-0.0712404347777453 0.0135489398379774 0.592253987804738 0.457936972048751
-0.0135801079247049 -0.0110349390829425 0.667395587848177 0.55298884805094
-0.0401183530145271 -0.0586145125823158 0.576762682624217 0.442670051694774
-0.0649662250489331 -0.0796584208957699 0.327284389582343 0.214953886804972
-0.0512135399226898 -0.0951975578484829 0.0965151883423783 -0.0678574226280332
-0.0508224838808625 -0.0976282432980407 -0.147839481713392 -0.296716155206757
-0.0361404429431188 -0.0932156848640854 -0.332563062525711 -0.498115957784498
-0.0256578875062644 -0.0627160172308406 -0.495719786431871 -0.564542076359927
-0.0159876583458983 -0.0436048321879011 -0.601668921909667 -0.486536284809962
-0.0465116172294779 -0.0510513593581453 -0.663289063508739 -0.388923770497447
0.00102910416444515 -0.0948798425958626 -0.583316598902593 -0.289921158171162
0.00431933045357022 -0.0502465557985593 -0.248325978839838 -0.152794085839733
-0.0242158193974888 -0.0395276838490661 0.110429447850537 0.129521368766217
-0.0254135221616928 -0.0505680820047994 0.485987705739279 0.304099631103155
-0.0624095827981792 -0.0102327014004999 0.55182223608062 0.353697298466622
-0.0467320168211049 -0.0177087141831399 0.539399350678846 0.548203604672771
-0.0313258546739168 -0.0429683217561765 0.614968907010271 0.623158009046838
-0.0642009432207741 -0.0656113922412962 0.530695986425131 0.461948400935026
-0.0789841192896908 -0.0656470654079359 0.290982970892305 0.191228836776992
-0.0689064314167732 -0.0756815597512749 0.0658097100407781 -0.105967068289573
-0.0682257669936904 -0.0742420652884748 -0.188432668523689 -0.327585142170033
-0.062676350275823 -0.074934213380181 -0.387613990030695 -0.493502510679778
-0.0547510675825306 -0.0656443607892451 -0.554389133103884 -0.507305431865221
-0.0229849150188434 -0.0682846421359027 -0.645898762277057 -0.392774073290835
-0.030738283012329 -0.0473259937071945 -0.693206611881268 -0.299618615886398
-0.0110982405267736 -0.0650244900709246 -0.586993269703656 -0.236523466445406
-0.0370023895114984 -0.0463863624418505 -0.233621112081889 -0.125747551326611
-0.0581842682549737 -0.0483197273966645 0.128360580166369 0.147182968690847
-0.0445347740006827 -0.0153065061408818 0.478165511355934 0.348749172609488
-0.0345342567787941 0.0172495647129052 0.516976783014913 0.436920909977152
-0.0114299075932221 -0.041072907009011 0.488900162095322 0.6306985236
-0.0380890992599001 -0.0648389914836372 0.554394408045214 0.67182861048472
-0.0799639779422646 -0.059631639023701 0.475174836026728 0.473506668990578
-0.0834093449390192 -0.0384607816671098 0.249267978056915 0.169784827710466
-0.074089317190009 -0.0405122283563351 0.0341887825246698 -0.135206385797043
-0.0731107512245794 -0.037919252204586 -0.232976843992925 -0.345040832113815
-0.0770370157934769 -0.0452495824109061 -0.445633862308137 -0.475481020694728
-0.0723141339763568 -0.0595202474171261 -0.609398531322737 -0.447233549570736
-0.020757490827401 -0.0876013432031579 -0.681408495288873 -0.309764612893013
-0.00487608600483156 -0.0395839420839282 -0.704972783484854 -0.222755172192028
-0.012519788144097 -0.0300593373510118 -0.580549945643688 -0.192910993282497
-0.0727673495663067 -0.0368570523175072 -0.210106022755671 -0.102681456388624
-0.0822478887259862 -0.0461168422473757 0.150783183131738 0.168963984082761
-0.0478520230655104 0.0257535608024566 0.470695233652635 0.384924902181449
0.0013749052122275 0.0467016164549386 0.491326768281533 0.509871032319986
0.0217410135948811 -0.0558039723250173 0.45459819853624 0.689033312057236
-0.0396778266496507 -0.0681697172066307 0.496505744074881 0.690204610124716
-0.0848063108370888 -0.036026923304499 0.417080172623547 0.474016536134319
-0.0755342828824093 0.000410044970620691 0.206910947723796 0.158239552801084
-0.0674127505220946 0.00400242840030124 0.00493522788220544 -0.14734977954472
-0.0663121103100569 0.00476676349912437 -0.273496342938896 -0.348444744620678
-0.077247744010991 -0.0131841304948312 -0.495211201433941 -0.453949874700968
-0.0756690130943284 -0.0519819060874719 -0.653632837657133 -0.397161552590165
-0.00465985399972977 -0.103584192341412 -0.706284502434453 -0.251337539585053
0.02966148117984 -0.0278895997292601 -0.709583835195274 -0.170436750873346
-0.00925214201906709 0.00679851450207315 -0.566091046360729 -0.16503271002285
-0.0980622491084345 -0.0253524820026872 -0.183215451892521 -0.0881460137136617
-0.092370935052582 -0.03273687563487 0.172906790919425 0.188365806098418
-0.0318550231550161 0.0651001542493715 0.465673641019963 0.41027946154323
0.0402766102420397 0.0676856472294215 0.48632316128406 0.559622168539429
0.0431802517487334 -0.0570894968397119 0.440964647498377 0.710474050472703
-0.0368481796496302 -0.0465993566959033 0.451578266713011 0.686370862991192
-0.0772950875099607 0.00527782821229325 0.368449255902642 0.473723947504449
-0.0583268187710417 0.0462932121323076 0.170702932910515 0.160465046040852
-0.048838109837846 0.0504957133769764 -0.0162661516791964 -0.144308084362634
-0.0477412649188853 0.044626079264195 -0.302125526980541 -0.338860630585434
-0.0648401279989013 0.0148903346004629 -0.532850733578683 -0.433967070677869
-0.0632310462086192 -0.0483504996752188 -0.690050941975727 -0.370602876326871
0.0263024240488713 -0.112748671754406 -0.723496704866266 -0.231051661949467
0.0669700959366711 -0.0107473497528419 -0.702279668652063 -0.148889268633639
-0.00518359576580942 0.0393555557703688 -0.54840380894032 -0.150251936148154
-0.109528929569134 -0.0178803462911827 -0.156283307477329 -0.0804380907392952
0.0926689239670498 -0.0216209719010465 0.123659890771 0.120897212249606
0.0271447829078753 -0.106254275958176 0.490463300855942 0.185483631728919
-0.0667149466304145 0.00387095717246565 0.643502591216663 0.150662721528744
-0.016696898241965 0.0914666700083735 0.6751723668466 0.242872770139818
0.0898000712728006 0.0403504101739517 0.706511716955839 0.363174106294633
0.0538453272191601 -0.0182857840879226 0.60099486176331 0.392683508432949
0.0210847364688335 -0.0442484801789308 0.353654310577428 0.283831046766895
0.0341691694320228 -0.0532518487308566 0.126263271375222 0.051357328030995
0.0344583939560144 -0.0532059545721773 -0.108409843203153 -0.187115281069886
0.0578381775547172 -0.0280210365452491 -0.265753224873643 -0.466255339096263
0.0560060172623664 0.0326244455300714 -0.405790718015633 -0.665887205113253
0.00241880031287083 0.0500416077035112 -0.465360380503444 -0.694357159419411
-0.0317881192089257 -0.0476418961473609 -0.540632581229182 -0.566063251160384
0.0815391436738748 -0.106328330091314 -0.535013835976497 -0.389062274569473
0.103304737507266 -0.00016926864175444 -0.223227767127354 -0.205183116643598
0.0759548452126335 -0.0213554368736684 0.105259286250353 0.118846741296243
0.0231064468708657 -0.110882088129447 0.486500902571766 0.19621844131999
-0.0856288434900749 -0.0163068728146218 0.625040747428609 0.171325151371114
-0.0522481334928653 0.0768555234743121 0.661130689743708 0.287480907332949
0.0547211560403039 0.034337471585061 0.714198839036156 0.402146762035536
0.0237896885974397 -0.0336190808650954 0.609567470375726 0.394229665830954
-0.0103794126420309 -0.0668001541191687 0.358621561382774 0.259819234197548
0.00394193657488366 -0.0821867642293477 0.127680535103663 0.0173743589342594
0.00563022732050911 -0.0867154888276393 -0.104126163932713 -0.218321435435905
0.0300640778219276 -0.0686335954847146 -0.26509641629746 -0.475244094562383
0.0370071257813003 -0.00959455272216536 -0.411879319366032 -0.637305882664066
-0.00132712105678805 0.0217097240601259 -0.49819562628166 -0.642771493289336
-0.049220042209616 -0.0509737289025345 -0.578241871886831 -0.530603504752059
0.0506573016355325 -0.119457138564379 -0.551885383429401 -0.372184157146712
0.0811069023224197 -0.0242825395885477 -0.24053184880171 -0.197224779500089
0.0484723237435288 -0.0226496958616961 0.0971798782439253 0.117159189263732
0.0144840054138926 -0.100767562630151 0.484397064738885 0.222004099188695
-0.0893963458160088 -0.0282966261767399 0.604771243301271 0.213832462498543
-0.0727471355154053 0.0489727970393998 0.632132566693229 0.360449791579251
0.0170533756898752 0.0173140685884613 0.703691791712127 0.466334513998603
-0.00952693638883766 -0.0457252534627581 0.602336476006593 0.409948208027615
-0.0403073902672412 -0.0776408471706603 0.350233950166524 0.235378296001328
-0.0264861269660573 -0.0967449457455639 0.117313799213619 -0.0237901426169705
-0.0238532643334051 -0.101376953795585 -0.11842254307156 -0.256843508163159
-0.00428762602454139 -0.0909024596632303 -0.287876787737603 -0.485772206459979
0.00830811507158997 -0.0434445099158813 -0.444219903293034 -0.601166114435219
-0.00737979598977114 -0.0121153646582854 -0.547521954175412 -0.567031506139037
-0.0528678316985048 -0.051947023018321 -0.623541958116911 -0.463237015344215
0.0208233373100198 -0.113921361932993 -0.567095741907035 -0.330684091494238
0.0452955471020007 -0.0421418655109559 -0.249682783643886 -0.176546333400574
0.0131416984491973 -0.0283536251543765 0.0992949628256159 0.118305337739127
-0.00177215157514219 -0.0788525836900559 0.484669072666359 0.254371958330864
-0.0792126134140699 -0.0264585451394837 0.579138547264249 0.274995858355991
-0.0704087178627779 0.014519529434077 0.587133186788591 0.450841693331818
-0.0136042453100862 -0.010952311153483 0.665885594164984 0.542119947119809
-0.0401301507340874 -0.0576891083756833 0.573766181095652 0.432917030428505
-0.0633513094234058 -0.0778138760573106 0.325341913206509 0.21062902652048
-0.0513969967975048 -0.0933798662319372 0.0940854114048562 -0.0677650963068256
-0.0501958333641591 -0.0960313293904175 -0.149168019463996 -0.292989429338847
-0.0364569857752398 -0.0926357082145603 -0.331114400408729 -0.490203435783923
-0.0258284562239646 -0.0613313576133481 -0.495070791547101 -0.554033264733066
-0.0168163268034853 -0.0427044589622753 -0.598121439291403 -0.47676718961668
-0.0463890583822179 -0.0495997991246731 -0.659920608618811 -0.379517007078147
-0.000538857781416588 -0.094827216415801 -0.579871731308185 -0.283388685741205
0.00376358284301533 -0.0491460443380777 -0.246076279501347 -0.150505894840918
-0.0235345393652824 -0.0388717875946791 0.110168288456298 0.127463138868072
-0.0253829932478232 -0.0499581776358427 0.482215723451011 0.298988235974065
-0.0610216080897942 -0.00935346593881456 0.550466222060905 0.349790984569474
-0.0465647936200131 -0.0174319083045854 0.537800409425168 0.539869006037488
-0.0313941869906231 -0.0419374256185148 0.612131344744024 0.611955168283686
-0.0644130634649311 -0.064110486171478 0.528334206677457 0.453311706040855
-0.078179049076358 -0.0647395894148707 0.289782359437477 0.187244535134686
-0.0678234076653917 -0.0736160656488974 0.0644126149221623 -0.105150532959056
-0.0668825585940937 -0.0728519370299403 -0.190176595136767 -0.32191145457401
-0.0624496972406585 -0.0738533765202247 -0.386429718052382 -0.485832185372968
-0.0553971118769126 -0.063992004011479 -0.550684471081881 -0.496213828800306
-0.0232985543247405 -0.067705186751786 -0.643168157624209 -0.386799404460702
-0.0300216291497731 -0.0461570005044605 -0.687123618113685 -0.29214932609186
-0.0116066798883923 -0.0651897626286358 -0.581958246215476 -0.229165707269035
-0.0372894334391201 -0.0458616531182363 -0.232148699550445 -0.12303787626412
-0.0581050150987467 -0.0468910057198839 0.128873461058437 0.144099346313474
-0.043074371551283 -0.0147911823111516 0.474455777951201 0.341160962456833
-0.0341392920842408 0.0176953061592046 0.516041327109124 0.431159962571127
-0.011740738379807 -0.0403464375418521 0.489447777654796 0.621848591221349
-0.0377502032567658 -0.0639569376599237 0.551218324569408 0.658738534343547
-0.0802139079949376 -0.0591788353631326 0.472466922387365 0.4635687992877
-0.0822693543203375 -0.0373091385242612 0.24803126149303 0.165745287585437
-0.0738345248539453 -0.0389884670337825 0.0327893450075497 -0.133000875253283
-0.0731918340135448 -0.0367150557790436 -0.23345460498687 -0.338948161434788
-0.0761783901146233 -0.045184856256476 -0.444131243554921 -0.466807420404598
-0.0725025700489797 -0.0578750811408645 -0.603776651054294 -0.438543475742677
-0.0214679129462598 -0.0863493623720384 -0.677338201336194 -0.303804198079995
-0.00463855792614266 -0.0396272366107165 -0.700655454497161 -0.216555274412233
-0.0137534978761738 -0.0295615610258803 -0.573046168101107 -0.18692808297595
-0.0724566342517588 -0.0352817951070196 -0.208845864671674 -0.10149827988021
-0.0818041206152415 -0.0458494604511128 0.149821783862982 0.16524031470126
-0.0475279369211675 0.026053329810439 0.466528177187682 0.376951847847673
0.00147039074548172 0.046114552711238 0.489715496095442 0.50305600154319
0.0213910538349551 -0.0552488785982673 0.453140744839271 0.678178347056911
-0.0394477093626373 -0.0672382591922088 0.49518470946206 0.678450279763266
-0.0836450795797396 -0.0349953880714626 0.416871760397104 0.4661066184886
-0.0745509033400115 0.0019607612256744 0.205473642300512 0.154669207482544
-0.0659056061360711 0.00446721761071859 0.00356128933515963 -0.146534732005451
-0.0656581992141916 0.00501140093548426 -0.273181048394109 -0.342180003019724
-0.0767760789725201 -0.0131075409621718 -0.493330002913139 -0.444458804325677
-0.0749825864970849 -0.0520751384212223 -0.651056356254442 -0.386954389269369
-0.00584353255631742 -0.102092108758109 -0.700418850906128 -0.243984154688342
0.0295967898748997 -0.0278884323547337 -0.704871055413848 -0.165099590970957
-0.00988016381229775 0.00619011245064173 -0.562353580646042 -0.157766254840805
-0.0972015047263561 -0.0242506869284464 -0.181238407144931 -0.0864259327550298
-0.0917366674688911 -0.030914784272186 0.172497315555852 0.184668262043836
-0.031611693900738 0.0645124622200622 0.462967877834248 0.402070887740173
0.0407470601265066 0.0676839900411806 0.486171065983693 0.553190827245066
0.0427514534323541 -0.0569945797950138 0.442345233286556 0.700713411464628
-0.0372476641867623 -0.0470895756430345 0.450173853672292 0.673161115945488
-0.0769723364587944 0.00508270501835666 0.36664001996553 0.46559104149579
-0.0573231106639619 0.046726774750757 0.170594153095258 0.157445086589816
-0.0482046847974577 0.0505773261270548 -0.0175898416668405 -0.142606181546591
-0.0461606979106792 0.0446797385739922 -0.303045883858158 -0.33191809263881
-0.0640117483263992 0.0146318095621753 -0.530764012256476 -0.425039732796308
-0.0622933800398718 -0.0482477765467975 -0.686361488243369 -0.360765422695217
0.0242137502398497 -0.111040740526345 -0.716490287202969 -0.221241884666714
0.0666029078583986 -0.0112771695673771 -0.696786536790429 -0.142317396473
-0.00529903265245309 0.0378495388947173 -0.544736893590224 -0.145509877772771
-0.108846178496767 -0.016373325453738 -0.154855328907152 -0.078894122649578
0.091626270031866 -0.0208809972032703 0.12244338714069 0.120030244456323
0.0276855747899043 -0.104907654994611 0.487191642075886 0.181615893194802
-0.065207277089343 0.00431703189751155 0.63855400871876 0.148661079034525
-0.0160782739928318 0.0903693174270849 0.670538948899633 0.23785090381515
0.0890182886365346 0.038914942917774 0.700819414458729 0.357286167506
0.0534630609573945 -0.0188034424551391 0.597611524688063 0.386589215637449
0.0220052997752472 -0.0434281994321608 0.351114396152868 0.279753232854308
0.03422785822847 -0.0528858428299162 0.124351280006688 0.0501522137773766
0.0354592913068604 -0.0522712477744746 -0.108853462894146 -0.184896637263559
0.056430437286126 -0.0269673842331972 -0.264733556975115 -0.461013960688275
0.0553478139704919 0.0322317413185652 -0.404297935747989 -0.659261145760953
0.00166953347201245 0.0496585898808802 -0.463913630977415 -0.685936845619133
-0.0319072108585234 -0.0468303457700486 -0.539154210793833 -0.555848177477472
0.0803324994209724 -0.106430776140156 -0.530947723587668 -0.382887529008277
0.101897966794278 -0.000229664806810533 -0.22201165085443 -0.201591265809067
0.075243150675449 -0.0210698956348891 0.104172424935833 0.117057851769134
0.0228454656312628 -0.109550539770683 0.482467429827476 0.194094254800861
-0.0852957410570649 -0.0153165197892902 0.620311648017414 0.167170252502619
-0.0514846344100743 0.0768277205596804 0.654795348159476 0.282615204020747
0.054330795716796 0.0329882865480347 0.709032884607392 0.395135480081925
0.0230581378845243 -0.0324101180095809 0.608048715063937 0.38690717257815
-0.0105096574581409 -0.0669189488151157 0.357609088289593 0.256128327068534
0.00347041069506007 -0.0818287966723983 0.126499050563224 0.0177210803264895
0.00477409302712554 -0.0862255018277417 -0.105236601706819 -0.21627524094517
0.029686354322154 -0.0669682201777907 -0.262542540191537 -0.470548804573032
0.0370586364236272 -0.0100129640224793 -0.410825043521243 -0.629647327951842
-0.00109293855851113 0.0227342467103859 -0.49551032471875 -0.633639878710628
-0.0479055487432202 -0.050272191284411 -0.577710559894207 -0.523282223915191
0.0489257760873338 -0.118345511265551 -0.547221691895545 -0.364164778061471
0.0793922954838819 -0.023529581644807 -0.239048935387835 -0.195207494287975
0.0477035590343077 -0.0219891826632868 0.0962941220214914 0.11541568497444
0.0143970424341057 -0.099315547951644 0.481101314005804 0.21707359601146
-0.0881501768700705 -0.0283228449781997 0.602058898576143 0.208723925747064
-0.071545753962423 0.0490019332411077 0.628067420650356 0.354356604792189
0.0169959880825262 0.0169241039421798 0.697325361585988 0.45893255110083
-0.00957708450788332 -0.0449545356468168 0.598734006598631 0.402849138410571
-0.0399315469537205 -0.0764653659780464 0.348107010408603 0.231040593494302
-0.0267575364935368 -0.0961269274185522 0.114226259126188 -0.0239468281699869
-0.0249946379746754 -0.0995497909047829 -0.118574851703601 -0.253600479537555
-0.00478516933254516 -0.0900170974294018 -0.286493535877553 -0.479598279237594
0.00716355876563878 -0.0432814224402432 -0.442045736188532 -0.593591363210527
-0.00822997580366201 -0.0123966270951468 -0.544918134594831 -0.557820212972237
-0.05227599113466 -0.0512698842465925 -0.62141756123461 -0.457235977585005
0.0196795796054487 -0.114003558783924 -0.563533142094175 -0.32517396071233
0.0437468353076666 -0.0424887757023379 -0.24866542517198 -0.174033754437843
0.0116919746301157 -0.0274014588273316 0.0985870296237173 0.116341960544155
-0.00233683708378248 -0.0778021020464763 0.480862432404292 0.251894287370036
-0.0785511867795013 -0.0254648453165889 0.57653294778085 0.271457276695437
-0.0703527841086745 0.0141561955912923 0.585845634248011 0.442856960596518
-0.0139941497266187 -0.0108220070172822 0.661829109587932 0.534797349114508
-0.040569730089663 -0.05661973197044 0.569928759829717 0.426732410391389
-0.0632161003637988 -0.0769359160855738 0.32177500032271 0.207675759953189
-0.0515248442593067 -0.0924289269969496 0.0925727751757044 -0.0651963326126331
-0.0495267919562474 -0.0950766508594258 -0.150051309770819 -0.290460134166108
-0.036945411399977 -0.091189230322795 -0.329392006545021 -0.484464636084227
-0.0262540631166201 -0.0608415542513578 -0.492558386005785 -0.547332414403008
-0.0173919352291626 -0.042297507862069 -0.593732961710594 -0.468760769245958
-0.044810282929387 -0.0498816302825769 -0.657839818169315 -0.374223163093883
-0.00142929232159447 -0.0941365586531536 -0.575221034459196 -0.275991270192302
0.00322229825919748 -0.0482038964085886 -0.245444084448917 -0.149780701463251
-0.0237091719435893 -0.0389307303537776 0.109461235870022 0.124971194709075
-0.0251221916888171 -0.0489228416424547 0.477638745099495 0.294104452355167
-0.0604688184671968 -0.00904096433478751 0.545090452313305 0.344328629721099
-0.0458332256014142 -0.0171028263070988 0.534622243057515 0.533268955318113
-0.0307462681855654 -0.0417734691936063 0.61000895336801 0.602477384488223
-0.0631754362026135 -0.0632092110650574 0.526838664566504 0.446175741715263
-0.07708814252892 -0.0637309801566979 0.286485209305964 0.183773410923423
-0.0675849946360655 -0.0722659767877462 0.0649845675653146 -0.105043809741749
-0.0668933031694333 -0.0706951467574325 -0.189984900821847 -0.317607375386595
-0.0623318252838137 -0.0733064428100015 -0.385176836749647 -0.477154567206821
-0.0548728716269059 -0.063434071188841 -0.550242948885947 -0.48980078326057
-0.0242384442214546 -0.0674634324878657 -0.638641165152967 -0.377891414545259
-0.0297364333090105 -0.0466476015244667 -0.682066030583857 -0.286497415147257
-0.0117412495000138 -0.0649095930615948 -0.576890648463024 -0.224105756876543
-0.0369266601507324 -0.0447755320630337 -0.230253174961602 -0.12155498919667
-0.0575577140267388 -0.046226951247236 0.127151948191692 0.141819066697709
-0.0439436812304305 -0.0142247967233898 0.469684369223468 0.335714077836062
-0.0333725498176824 0.0182216598212867 0.512791824111166 0.426152094200439
-0.0113248410417376 -0.0403418696913352 0.487079923270299 0.614589642532343
-0.0385258840425456 -0.0629863095193767 0.549498855942389 0.6499442893132
-0.0795496041611542 -0.0582366462422511 0.469950287387322 0.457126575071918
-0.0808763675535746 -0.0366664616171851 0.245459236603087 0.162419923840208
-0.0726233638664126 -0.0384631422940722 0.0315085844051039 -0.131890374869633
-0.0724770125210213 -0.0356704535408134 -0.233565551639451 -0.334520900566588
-0.0761495831679897 -0.0439920972393914 -0.442019657379748 -0.460139925864887
-0.0719688485108777 -0.0571446579842363 -0.602388408241908 -0.430119376597621
-0.0210294158743181 -0.0862294258526817 -0.671226673828192 -0.296172075423475
-0.00407133826994416 -0.038771490604825 -0.694890276245235 -0.212887164803665
-0.0136001192484046 -0.0295740570166492 -0.567620316160062 -0.181757552613792
-0.0711298441756536 -0.0341777435903566 -0.206848719359135 -0.100648676284858
-0.0823750110554101 -0.0448184522048585 0.148621359716136 0.162732802646423
-0.046878590229303 0.0263672845336786 0.462336675868647 0.372678663796246
0.0025561097433907 0.0467111588457777 0.488168525705973 0.496999510647692
0.0206873947914938 -0.0548469272247674 0.453919793389916 0.670409965555773
-0.0397755324312189 -0.0667295034719487 0.49474862674953 0.668896618478163
-0.0839726775625894 -0.034441400760739 0.415195612746741 0.458056782868893
-0.0734618262951713 0.00199412557158623 0.204332816800478 0.151535780380413
-0.065296049271716 0.00499958979366743 0.0027175241852393 -0.144858311145326
-0.0647881798123012 0.00547500236764414 -0.272519800664129 -0.336869725055783
-0.0753505049058144 -0.0119405143088958 -0.490486469937703 -0.437657673039217
-0.0746238443024199 -0.0507336101985784 -0.646271876080322 -0.381128249161088
-0.00576679890413009 -0.100913697736299 -0.695838193266794 -0.238133825381832
0.0291235110378347 -0.027859127448401 -0.699007460362049 -0.159979347380463
-0.0094748981420057 0.0054747552997155 -0.556293605074261 -0.15488631004074
-0.0972457885432865 -0.0244538306709598 -0.180814268774234 -0.0850322051734901
-0.0920124211275256 -0.0309023897518361 0.17064363189261 0.182609542431632
-0.0302727132712757 0.0637293555456261 0.460346533531929 0.396319287992457
0.0408772803649444 0.0671055121857747 0.483376402820291 0.544737682290084
0.0425448700715153 -0.0557330760444155 0.440687414512253 0.690694932890665
-0.0377511374844455 -0.0470516359817238 0.448057205630928 0.666305948263099
-0.076227089763685 0.00533387249450411 0.365107695021105 0.460151789565027
-0.0558681244670525 0.0470495409994068 0.169313996282145 0.154678752512886
-0.0470225050286836 0.0497084752038182 -0.0183649449714887 -0.141293612820453
-0.0459626868791438 0.0451803703451032 -0.302487086258717 -0.32816223401299
-0.0627033701564021 0.0146118451979914 -0.527793036626081 -0.418197220504844
-0.0614029490083818 -0.0469682316285172 -0.681651281329631 -0.353057409854068
0.0238219226266554 -0.110944477936831 -0.713093152019351 -0.215900399938467
0.0661082356831015 -0.0112776846104991 -0.691851019998483 -0.137148666352537
-0.00517394949241817 0.0373431459325123 -0.53835699820362 -0.140398095667717
-0.10889725368004 -0.0164654299798795 -0.153740708816035 -0.0777513674435516
0.0908064981943286 -0.0209161689322975 0.121321739901863 0.119010899535924
0.0274271496842209 -0.104567220086326 0.482452421428135 0.179757345530519
-0.0643944717180358 0.00444283587752171 0.634708937004857 0.145433143022789
-0.0149012609395587 0.0902945799829226 0.665573871705629 0.234811597510729
0.0885277248737071 0.038315738942374 0.696695413701731 0.35221020978234
0.0522886073056498 -0.0193731088271624 0.593179286079904 0.381016036565095
0.0218074031303989 -0.0423694028266314 0.349538248201214 0.276140772775575
0.0332880067601933 -0.0527509009672327 0.122362259880865 0.0491675913326403
0.0348681202686295 -0.0522254141932396 -0.109348522371609 -0.182184531842713
0.055200035534718 -0.0274100542477728 -0.26308514221653 -0.454319918411527
0.0551451567026667 0.0317158097246279 -0.401649234112779 -0.649068766942219
0.00231879606037292 0.0479693195271927 -0.461949275101226 -0.67966177490352
-0.0319249420477088 -0.0472772448469692 -0.536757753356743 -0.550221476954674
0.0791007743705079 -0.105782203090183 -0.526843602484051 -0.377813221503254
0.0999800838664377 0.00166109538292617 -0.220802716751131 -0.20071742701453
0.0744055570229032 -0.0201502662402824 0.103829708051836 0.115974417121674
0.0227054884986256 -0.109108127271224 0.478955111966112 0.192438105668951
-0.0835778436565903 -0.0155214467216351 0.617381519380618 0.167533602954858
-0.0505388644920212 0.0769348355220201 0.651789108572716 0.279658400408703
0.0539387423716964 0.0321216248583191 0.704614779418989 0.389370398595037
0.0228340187560505 -0.0330820056105743 0.602887998253264 0.380769781817072
-0.00981002516153924 -0.0644698116632444 0.355025207333936 0.251497469046649
0.00377257297790934 -0.0815027823274227 0.124504419427145 0.0166329042306202
0.00463961541116432 -0.0849768975403223 -0.1051923537751 -0.213577259839483
0.0296814579374718 -0.0666880764275094 -0.261459536548788 -0.464686901057003
0.0365487359399019 -0.0101429580171639 -0.408726593781494 -0.622394247142963
-0.00234968637043898 0.0213741951263556 -0.492819128405432 -0.62756221486554
-0.0473247030364222 -0.0500055990489304 -0.574456691118986 -0.515272835044071
0.0481860373147108 -0.118051970147635 -0.542017209469583 -0.358841534145376
0.0782428354216544 -0.0232879840778049 -0.237383477389698 -0.193087042931344
0.0469236170064123 -0.020905393474702 0.0960301544507825 0.11385708472115
0.0146563435216567 -0.0991991614177348 0.476232987471485 0.215647215114947
-0.0867889300628352 -0.0273698078236416 0.598013885496223 0.207057273638385
-0.0706641701657692 0.0491661039538865 0.623237923789081 0.350311460282427
0.0161984509146222 0.0164313717461181 0.694772724944994 0.453679130245553
-0.00974363455755076 -0.0445507102609053 0.594120955464248 0.398939700940179
-0.0390221710306895 -0.0761686772794339 0.343966944276393 0.228452973675153
-0.0267186387498451 -0.0952688376972018 0.113229342559359 -0.0232415715038544
-0.0240114443459012 -0.100033251302214 -0.120242520557723 -0.251019293733466
-0.00434674505117394 -0.0896574544790078 -0.287734240244164 -0.473897321488208
0.00756941815148664 -0.0434072621953182 -0.440534855900889 -0.58702830944023
-0.00782262007282075 -0.0116827362453311 -0.540533629034036 -0.552994255356127
-0.0514668158172263 -0.0503442328723368 -0.617228722762202 -0.450077506030143
0.0188847906617887 -0.113340990491014 -0.558854128796939 -0.322278065188225
0.0437472740679601 -0.0405625820030266 -0.246633809495505 -0.172410479123199
0.0120665416240234 -0.0272716760458381 0.0971057095316243 0.114712286275497
-0.00200558155063315 -0.0769041786074604 0.477291768610145 0.247513413459196
-0.0774007974433891 -0.0247968959296603 0.572157393126204 0.268019314330559
-0.0685167556986934 0.0154962959426393 0.582065352701742 0.438658607210596
-0.0136066073290049 -0.0112379755532883 0.658637851550996 0.527570416076575
-0.0408256981261801 -0.0565288591269722 0.567704362427706 0.421381601112089
-0.0621165327145286 -0.0757114678690483 0.320214741969083 0.205187652502383
-0.0512691855407847 -0.0911853976812746 0.091415610246501 -0.0664928331171677
-0.0497472262198636 -0.0936966118678734 -0.149774217412863 -0.286924272087571
-0.0366484571486383 -0.0900587206302513 -0.328920022847871 -0.477707723077342
-0.0254090762756362 -0.0606035443259995 -0.489694893496377 -0.540178144586136
-0.0169038592743728 -0.0414815297527788 -0.591238226995318 -0.466023393950016
-0.044575671229977 -0.0494372032526305 -0.653466561404959 -0.366820673059618
-0.00234346595578006 -0.0941809845538559 -0.571140239481768 -0.270206121603998
0.0026307822368805 -0.047015163815595 -0.243031117830612 -0.147389518496543
-0.0246743671814464 -0.0380823485405722 0.10849757592786 0.124387249341356
-0.0241924280105313 -0.0486477709174632 0.475124706198631 0.290236241138523
-0.0589494680617749 -0.00779427972003535 0.541988590896726 0.340269060985995
-0.0452460458652991 -0.0162020599903808 0.531656171231738 0.526979060321376
-0.0312416780950501 -0.0412695155425135 0.605939087833648 0.595840661875173
-0.0637557695675083 -0.0631097419545726 0.522579844673858 0.441968542959348
-0.0765852634658612 -0.0628682819318246 0.284815586904913 0.181652764315259
-0.0671735091663498 -0.0718443849484696 0.062654048287275 -0.103869363907017
-0.0671273775612729 -0.0701689913714907 -0.189163195973468 -0.314459364861765
-0.0620808490880529 -0.0725664038133619 -0.383778680128714 -0.472059950495927
-0.0547686118367422 -0.0624138311357752 -0.545662310597195 -0.484345379812962
-0.0239639860060083 -0.0665887788706556 -0.633259533018215 -0.372625522396328
-0.029377784701673 -0.0458564608659889 -0.678871374902547 -0.281187018388992
-0.0125321152982245 -0.0648817331893684 -0.571743145105224 -0.220206800009603
-0.037687995554145 -0.0434636756385867 -0.228761425223824 -0.121439833437479
-0.0578637984823257 -0.0462392586543106 0.125941651831232 0.139539807689467
-0.0432413111609437 -0.0146447670521618 0.465090032804828 0.334126345706849
-0.0328295275251926 0.0183966200670636 0.509310191511474 0.422281361597859
-0.0112065374002809 -0.0398062947796905 0.485504599376809 0.610210887293487
-0.0377403280057333 -0.0628564903293486 0.546593021014221 0.643153569615458
-0.0789332615168849 -0.0572606193070736 0.468677066373358 0.451116219199205
-0.0795198054251751 -0.0361127127735076 0.243381848831645 0.161153058328542
-0.0724178580446084 -0.0374903062286279 0.0307746661863635 -0.130693145486227
-0.0721461846227809 -0.0349806379484417 -0.231882103365475 -0.330501910151241
-0.0749034935183887 -0.0436570253152848 -0.439230990297077 -0.453461154228854
-0.0716588863159142 -0.0570306843097576 -0.597802660467417 -0.424897764990872
-0.0221012797038994 -0.0845371146224837 -0.667723678177732 -0.292872152859787
-0.00402137926236739 -0.0400105810860241 -0.690821001423768 -0.205836073436035
-0.0143595215566587 -0.0303186290504533 -0.564415474927505 -0.179203105993446
-0.0724431393503485 -0.0342577360789953 -0.205236496665093 -0.099174275646342
-0.0816932023315966 -0.043958863858189 0.14687038127802 0.16060021356082
-0.0466020801806097 0.0255836109072952 0.459059350923965 0.368386701897481
0.00320365675863297 0.0462334077951674 0.487239754156351 0.492407965351018
0.0212015332681863 -0.0542765982130802 0.452155398725128 0.663792654253185
-0.0390520697218791 -0.0659116292443941 0.491214604127949 0.664226044487994
-0.082581308500285 -0.03381419584077 0.412375772223235 0.452328026391437
-0.0722039000745936 0.00227043750761251 0.202991177723913 0.149919024045965
-0.0646719773396641 0.00525667554690767 0.00250760469439515 -0.142716047225698
-0.0643688288180112 0.00558422981093752 -0.271837348489439 -0.332287924817818
-0.0752950560302323 -0.011825536678677 -0.487422534989913 -0.431869326213975
-0.0744610012763336 -0.0501345301902356 -0.640748810161217 -0.376498709835487
-0.00622103732772499 -0.100153362831761 -0.690944618695025 -0.235744256259299
0.0297938434408156 -0.0275733085522981 -0.693383207934289 -0.158100594302466
-0.0100171562727294 0.00541304961141991 -0.551758522145906 -0.151993321929843
-0.0960301764836367 -0.0245042113474498 -0.179229719036278 -0.0854857090555267
-0.090413688924967 -0.0306031823457408 0.169645011551122 0.18019773808106
-0.0296631586002414 0.0635106387702158 0.45669276782721 0.3917366729745
0.0412299153133975 0.066730403987844 0.480541891004918 0.539126717012436
0.0421843202961807 -0.0562187936909443 0.440115791126317 0.685336976393596
-0.0370676569155016 -0.0464153169740061 0.447291315374623 0.659371388053475
-0.075693386998181 0.00566286793585539 0.364272095657663 0.453735219742212
-0.055224447193734 0.0459930696842072 0.167884799368315 0.153380539332602
-0.0460788782689307 0.0502268726664841 -0.0183323171998848 -0.139069928422484
-0.04562787081673 0.044601519126294 -0.300305246201588 -0.324041887413796
-0.0627715564930387 0.0148105352042454 -0.525941486294031 -0.411456822454956
-0.0615350028210968 -0.0468602367078227 -0.677990009711642 -0.347842539143996
0.0238008204333077 -0.110187390110496 -0.705981636848733 -0.212007199642656
0.0656002345885483 -0.0107552032003898 -0.686005483847634 -0.135751858880516
-0.00623704923784128 0.0370543452280473 -0.534915612145591 -0.138011931229967
-0.10694048266199 -0.0163078397523661 -0.153933143040553 -0.0774491408538223
0.0896065125712915 -0.0204830175214769 0.120389343059461 0.118085087073127
0.0267505843160272 -0.103474774871013 0.478703458955174 0.179984230944575
-0.0632468245328663 0.00371027871982543 0.631998658901232 0.145364046545134
-0.0147025687286806 0.08983279680718 0.662525253899938 0.233719310956899
0.0871217749233449 0.0374374344488754 0.693383315722275 0.348978961119297
0.0522964692345156 -0.0193210345674196 0.590070481200332 0.376705621266703
0.0224620222766702 -0.0422765686220776 0.346819624942517 0.273434819265972
0.032882669830541 -0.0526277507974098 0.122599694740382 0.0488417829786855
0.0344079638170827 -0.0521601291040666 -0.109476456831259 -0.180723303089477
0.0551381182979607 -0.0269313521522948 -0.261505589433647 -0.450800018684575
0.0554111786878229 0.030928427193289 -0.3994771527296 -0.643841725783548
0.00191247644482571 0.0470502701276972 -0.458740156884149 -0.674356645780624
-0.0311822777802739 -0.0471989468949331 -0.534505931742391 -0.544549253779458
0.0774095786676783 -0.105929741791818 -0.521226467203827 -0.374632627595105
0.0992991887634323 0.00218872232062498 -0.219266796384022 -0.198434903673637
0.0736192456768084 -0.0196258229469985 0.102506509995756 0.115506057187966
0.0223442408359678 -0.108376317123334 0.475165838450722 0.190679669510305
-0.0827128106201619 -0.014653933291292 0.613964398691287 0.166785217414553
-0.0498170703002881 0.0761759498295055 0.648346025075006 0.277353514513539
0.053500281576389 0.0325024398062687 0.701395948149853 0.386334267129496
0.0223572596394871 -0.0336408942027525 0.599993791500382 0.378099854877697
-0.00867065558454401 -0.0638152318632619 0.351808827054735 0.250218853123488
0.00301997387250416 -0.0807719521191941 0.122764342210862 0.0165915194806156
0.00563848529078792 -0.0832912026997498 -0.105460595050978 -0.21182282404545
0.0284116934441935 -0.066280945129376 -0.259455472478642 -0.45868288663737
0.0361834097573286 -0.00991541196760619 -0.406884606566018 -0.617291930690167
-0.00170248300762321 0.0206409091930988 -0.490307674079918 -0.623272916107615
-0.0471069795341781 -0.0500685980180176 -0.56985178220231 -0.510538032371933
0.0474699023536026 -0.118251155048548 -0.53861428046206 -0.356267481726351
0.076880065769292 -0.0220288276349538 -0.23560407160444 -0.191553903190592
0.0465641724291309 -0.0210905220943945 0.0952875781050357 0.112837946768664
0.014642590480824 -0.0984834634355529 0.471873124639897 0.213850391147193
-0.0847118981621852 -0.0271456809005947 0.595007039979067 0.207619727440735
-0.0699986122945418 0.0484750297210707 0.62124107297555 0.348331246459471
0.0162169067383317 0.0159701206594005 0.689298685178026 0.45080713912746
-0.0103114079042299 -0.0457435914863989 0.590351807269234 0.394406179017771
-0.0381086257887673 -0.0748017560228413 0.341994607955034 0.225972790357853
-0.0267267647932125 -0.0945922795780687 0.11196233685924 -0.0242690827727983
-0.0239049873064582 -0.0982548366609217 -0.119632484410423 -0.248213928936327
-0.00494817850536755 -0.0883177259263859 -0.283239778305765 -0.467911861087002
0.00745780629228336 -0.0428814197064889 -0.437416246303284 -0.581287454874886
-0.00795782836494296 -0.0121380922519774 -0.53726288079535 -0.548144765711782
-0.0503409443369062 -0.0502120885495531 -0.612405317627859 -0.446256345838656
0.017756935943966 -0.113196200112787 -0.555103752262881 -0.316568139901422
0.0424245252157635 -0.0395863800459746 -0.244032216637556 -0.172036745879499
0.0122052720888727 -0.0270035027610055 0.0972801410107307 0.113469559868791
-0.0016877449431987 -0.0758008046845919 0.473414898248278 0.246808583517933
-0.0759067443507974 -0.0246264387641121 0.568948529055859 0.266699640835702
-0.0684846422546264 0.0153902844797713 0.578454015745661 0.436827405468117
-0.0135358198101191 -0.0110843645372118 0.654117116127683 0.523654458069162
-0.0404957176448512 -0.0565723329744594 0.562944839277132 0.417841240632704
-0.0606669567182779 -0.0748090113912318 0.317905528548385 0.201780671639571
-0.0507172664462856 -0.0911514671531452 0.0903379454146252 -0.065814124868051
-0.0492169610123449 -0.0924201110578611 -0.149978763961167 -0.284569081023125
-0.0368217378316034 -0.0897141880238545 -0.326024406517007 -0.47212694782159
-0.025855848330487 -0.0599176272523183 -0.485568245875216 -0.535234888406405
-0.0176565182811441 -0.0429938599155944 -0.586149616622365 -0.460946549050501
-0.04416762618849 -0.0496105080184217 -0.648858344730446 -0.363324859394681
-0.00238793887046219 -0.0938150711007663 -0.56617208636409 -0.268654945714608
0.00217245038853839 -0.045824752116899 -0.241129848815903 -0.147305162494237
-0.024623715731076 -0.0374843335219589 0.10792763254729 0.122819821229496
-0.0234347576084216 -0.0487480615950644 0.471417970331466 0.290300068570076
-0.0582584453733402 -0.00856273691320858 0.539604826089993 0.339374338011189
-0.0452440856049605 -0.0158451466828062 0.529546964642127 0.522280037789144
-0.0308459194236743 -0.0408738337687148 0.601494400609201 0.590045140620278
-0.064226724986096 -0.0620306040151332 0.518927510782502 0.436625367381761
-0.0752552157525872 -0.0618185461699911 0.282567978230893 0.179166357936567
-0.0670217735317126 -0.0711704517729841 0.0611604567083407 -0.102808830511736
-0.0653519096286166 -0.0700358812808006 -0.189585048372165 -0.312008195503136
-0.0618578075094993 -0.0716169120354093 -0.381031790718327 -0.467732447488425
-0.0536086266447644 -0.0628958889620047 -0.542234161880491 -0.479900503982969
-0.0234538456843456 -0.0663181194885054 -0.629718051242827 -0.370418104367273
-0.0288392798648845 -0.0454070903843887 -0.674916541468282 -0.278110394174259
-0.0133571766403009 -0.0649374761877493 -0.567879836911735 -0.217611418265544
-0.0375291724288872 -0.0429433997883886 -0.226736844117734 -0.121123331826063
-0.0572399447403154 -0.0446589850790624 0.125497493220772 0.138926134600687
-0.04237217021256 -0.0147473695552325 0.46254871003093 0.330178713427682
-0.0319308970789976 0.0188715279676894 0.506460063222275 0.418034224497048
-0.0108548067019474 -0.0382428674732969 0.483463396930567 0.605162588273589
-0.0378664817717952 -0.0626835356432329 0.542595347385805 0.63791563841594
-0.0785111644450833 -0.0569244414779913 0.465613545783737 0.44670774300889
-0.079189507967528 -0.0357113734428285 0.242220156890828 0.159190836320827
-0.0718359029059934 -0.0371792300953249 0.0298486137029387 -0.130635563598509
-0.0713719438179919 -0.0346588780377831 -0.231862881051265 -0.327288453197745
-0.0755331322923332 -0.04314849293659 -0.436570493151225 -0.448776932594
-0.0705290321128613 -0.0556444915919285 -0.594436513135171 -0.422044080662017
-0.021120839891326 -0.0844622630676136 -0.663966167013599 -0.29031512835869
-0.00361881677517762 -0.038219161029114 -0.686961634010465 -0.20554366255844
-0.0147333763642103 -0.0293868602262363 -0.560261528123469 -0.17717678924082
-0.0719421285484911 -0.0335392026343124 -0.204533362504633 -0.09952448609381
-0.0814377025631535 -0.0441124864584352 0.146624825466674 0.159957215134859
-0.0453925851808576 0.0251285483233558 0.456370515041332 0.366181297764651
0.00256993050516408 0.0469927042007123 0.484723300380355 0.489729400858371
0.0206710406448867 -0.0531932609768673 0.449182150410756 0.660213899792442
-0.0395070435698643 -0.0658698256943037 0.488045745624545 0.655924373574792
-0.0828889754958596 -0.0339813201429649 0.410312369917778 0.44787701848285
-0.071841899690831 0.00257563399991067 0.201119105435029 0.148545303756627
-0.0643143847761287 0.00510885596324568 0.00176527968367183 -0.141567978576245
-0.0637577438459159 0.00582106446708142 -0.27045766891035 -0.330084534144095
-0.0754876593081806 -0.0119128685793979 -0.484693556695028 -0.428526515953397
-0.0742001204645603 -0.0500261177258024 -0.638252977469428 -0.371382738975825
-0.00630968184601463 -0.0987160804287173 -0.685514274051659 -0.232149572118941
0.0300543155711256 -0.0280019098032381 -0.690116042109124 -0.153947341878165
-0.0110492664494305 0.00461362605175814 -0.549079685603785 -0.149747862480598
-0.0955219364221618 -0.0237587654689798 -0.177355394928895 -0.0851932486539034
-0.0907264935907968 -0.0307586480930189 0.168391853887798 0.178758394470857
-0.0298789346179367 0.0630802639237694 0.453098513299152 0.389328819622326
0.0413992148487466 0.0666237665487212 0.480341563988698 0.537753012735126
0.041084383393069 -0.0559678482402497 0.437227101449126 0.680665573975971
-0.0371055723720689 -0.0460744271614746 0.443310061949765 0.654233898214753
-0.0753294736124995 0.00496056263904978 0.359945243782597 0.449682619806344
-0.0536520624613858 0.0466253665502126 0.167324861015708 0.151712105660102
-0.0455712788856433 0.0498378727020329 -0.0184072339972663 -0.138551713046262
-0.0450847352921051 0.0443461301128892 -0.298621179405447 -0.319488711428141
-0.0622676419508153 0.0153766277194102 -0.520784210824275 -0.407428452455394
-0.0610060680722784 -0.0468552426818597 -0.672982537090616 -0.343510959685726
0.0235575454434108 -0.108831593305507 -0.70145336270572 -0.209753375999833
0.0658336083420461 -0.010408268434489 -0.682362660698709 -0.133084673685194
-0.00662294330575389 0.0355147317017106 -0.532741580582932 -0.136693614533191
-0.106736527145387 -0.0156348388761154 -0.152324954399335 -0.0773470725976867
0.089523802236777 -0.0195477340633058 0.119159362092413 0.117585050763383
0.027236083692487 -0.103819220629011 0.476537118787312 0.179062224971832
-0.0616660235015007 0.00458771151006663 0.628754913919458 0.147618590834605
-0.0143973567713673 0.0903483147148943 0.66023206723512 0.233192378947189
0.0872453283403513 0.0372740367970411 0.689300047832805 0.347457838027207
0.0513633611320557 -0.0193769148759055 0.58723711624201 0.37469993168168
0.0222066525517213 -0.0415948289961026 0.342581464853533 0.269757271204944
0.033116338900153 -0.0526400226423646 0.11989232661852 0.0495711768251318
0.0350941269578527 -0.0514941691751123 -0.110375010404359 -0.179433847752609
0.054626317415969 -0.0266694312021951 -0.259758352116771 -0.447508561356109
0.0546322068691118 0.0295417343216208 -0.397437748456641 -0.640804225099572
0.00183514757556861 0.0469850819274656 -0.456041379905708 -0.671213339857173
-0.030701797046413 -0.0473220343598746 -0.53095526895549 -0.539893814497059
0.0768137858517796 -0.10491903737602 -0.517316001833921 -0.371329500062587
0.0979812131425205 0.00283821859868006 -0.217338804301343 -0.199090638067636
0.0727443171447908 -0.0193503165277203 0.101740933526327 0.11455619892603
0.0231178892044229 -0.107465328810535 0.472385302112259 0.192082400821075
-0.0810977225146984 -0.0153025705578707 0.611227348942815 0.16673390111108
-0.0492033617545238 0.0763789501821858 0.645281625006093 0.277908739008182
0.0534554648836669 0.0315107977493391 0.698382350064167 0.385456806333446
0.0216574502638192 -0.0325220671724398 0.59563470688703 0.374538098118641
-0.00852037641719521 -0.0636419239388787 0.348886536865089 0.247341765533768
0.00358997837957169 -0.0812456160605417 0.121056188362842 0.0159900824485808
0.00528800704653078 -0.0836903212128982 -0.105199433761305 -0.209631668749801
0.0281487192803638 -0.0657739003697029 -0.259046589262323 -0.455609909713359
0.0355131004155879 -0.00944664320845194 -0.403984086648106 -0.613202936922514
-0.00279287924486744 0.0206198365253228 -0.487927687247371 -0.618644855270069
-0.0466436700541802 -0.0498463420990297 -0.568158288830412 -0.507530680600597
0.0461331898374412 -0.11801738111823 -0.532698530893789 -0.355214416152727
0.0764781479280232 -0.0212466035583379 -0.234409403303573 -0.191689256441884
0.0456537879758767 -0.0206982551063225 0.0939732574755041 0.112574433718935
0.0148896853756831 -0.0976618895392249 0.469424649675585 0.214995545227633
-0.0846522386696238 -0.0270333593414494 0.593140588749687 0.206648482780145
-0.0693287529302715 0.0484135710594041 0.616773457646304 0.346504694797334
0.0162029480107061 0.0158932373764217 0.686530350332005 0.44672784566008
-0.0104233974419714 -0.0450773049717071 0.586419234128529 0.391222939169781
-0.0375806221172792 -0.0747180044432765 0.339989595197927 0.224599798405324
-0.0258133516291679 -0.0935831263313478 0.11031498392023 -0.0240720484033805
-0.0240548376521344 -0.0973357024832814 -0.120590743168706 -0.247083985554887
-0.00458558695720455 -0.0886547745518126 -0.281607329111337 -0.466259775338407
0.00739597352665446 -0.0426388406400613 -0.433512574831218 -0.578653258811088
-0.00820244352577439 -0.0122609723289148 -0.533199577783196 -0.546462930513279
-0.0498270315922659 -0.0500525288013174 -0.610709295777321 -0.444145837656646
0.0172325705985782 -0.112668587232332 -0.550023280813221 -0.315248621246889
0.0418372238370023 -0.0387921118157139 -0.242925189757599 -0.171600884815305
0.0115590011401261 -0.0266733071872938 0.0967871791995078 0.112293742649656
-0.00134289177854649 -0.0763009811472669 0.470193617906676 0.247687836037379
-0.075415817483564 -0.0251720524148315 0.567456947809349 0.267937608115645
-0.0672411943161381 0.0143331091634842 0.57589874221266 0.433919524226773
-0.0144016874511567 -0.0110386702910915 0.651102409476302 0.520221507464309
-0.0406659089705526 -0.056425010902644 0.560109428655341 0.413551555456231
-0.0607155242900959 -0.0744704886961194 0.317063500951386 0.202291750427809
-0.0511047136968577 -0.0902258546601847 0.0892193183278769 -0.065748779503134
-0.0485502100298565 -0.0919322047891639 -0.148258690862594 -0.282115391920283
-0.0368847291216333 -0.0887916819243006 -0.323341114491826 -0.471358706604975
-0.0247448913990403 -0.0590207372126612 -0.483544053138052 -0.533496306950505
-0.0169872849814605 -0.0425211744805178 -0.582372073947324 -0.457461469462587
-0.0437593521716277 -0.0489546146658464 -0.646848741151889 -0.362403362272661
-0.00298749722974588 -0.0943252394841001 -0.560840505239931 -0.267232181449017
0.00218656299019187 -0.0451745509392616 -0.239521726284936 -0.146613053726756
-0.0251150454537388 -0.0371654327729656 0.106807852932368 0.120990874926966
-0.0230987412588381 -0.0486582155107917 0.468714166174095 0.28779511958998
-0.0577259894096738 -0.00781054790190259 0.538722708611144 0.338150796795455
-0.0452524188200924 -0.0151907952636584 0.52779373606553 0.520839740214112
-0.0311306571728003 -0.040164893297625 0.597787278700367 0.58806612259901
-0.0635850941618795 -0.0624978167592468 0.516304304629654 0.434980018600635
-0.0744866717442779 -0.0610327693655846 0.280379746075106 0.178029865061314
-0.0665005789578108 -0.0705748379411902 0.0606379434893243 -0.102590884918412
-0.0650629078605628 -0.0683862474660078 -0.18853359666006 -0.310238572396961
-0.0615592456069195 -0.0707976215989132 -0.378573729391272 -0.464661395462592
-0.0532851818141715 -0.0623406589131894 -0.539929187371331 -0.477526357176571
-0.0239628953360484 -0.0661813671998135 -0.625574349508103 -0.368282821955073
-0.0286167743372468 -0.0454684339903282 -0.672005484322199 -0.277123246673539
-0.013375417436917 -0.0653331458154174 -0.564471947690377 -0.215983452124168
-0.0372613025655836 -0.0434012945246439 -0.225765718906284 -0.121329615932399
-0.0570663010480269 -0.0449611408682767 0.123617220403209 0.137236523583874
-0.0418939871044913 -0.013942670145704 0.460693647340009 0.331415158105489
-0.0314328922112243 0.0184124224988531 0.50709430408011 0.416410890860579
-0.0106741578286499 -0.0387789853180565 0.480190311912838 0.602445183158084
-0.0375973359068863 -0.0622684266888659 0.540237878271078 0.634025087925805
-0.0784071956497753 -0.0562454221583812 0.462975363085345 0.443422581462982
-0.0775431939066188 -0.0353464834200818 0.24130037290034 0.158669653011004
-0.0704702442367601 -0.0369516767579917 0.028534675811857 -0.129562288275237
-0.0700523288156351 -0.0344385901815007 -0.231259509990805 -0.325100664811703
-0.074769833950227 -0.042428742113334 -0.434035919113102 -0.446568484329203
-0.0704810721903151 -0.0564576551974733 -0.589930010504069 -0.417168534846203
-0.0219249696614895 -0.0848624705577023 -0.660951588355323 -0.287998489275851
-0.00265034862491111 -0.0375009597374807 -0.682955555739881 -0.204028013905659
-0.0152529075496484 -0.0308304102508729 -0.556825149598207 -0.176526436742083
-0.0716694654489653 -0.0331898258399362 -0.202253683705356 -0.100404031672845
-0.0809122380937985 -0.0432789394269882 0.143987799551477 0.15822748140876
-0.0450901675930606 0.0241836043671232 0.453040982192283 0.363876421772137
0.0030442297973998 0.0469869321179176 0.482235443141807 0.487992211406746
0.021219532502124 -0.0527565643605693 0.446531846482571 0.657636908592801
-0.0385538831013419 -0.0657024789218562 0.485233202212493 0.652734608306083
-0.0822320573651679 -0.0335365507814912 0.407241815978253 0.445503105156229
-0.0698355489774646 0.00214914852889042 0.199971384715623 0.148038299279751
-0.0632789905955727 0.0051865178918701 0.00222213057281339 -0.141203231043444
-0.0633692764042767 0.00625438829073484 -0.268843955404386 -0.326766119163662
-0.0744193799640841 -0.0118347676980394 -0.481841186040432 -0.425590194805184
-0.0733158215169279 -0.0496330801278778 -0.634193723547217 -0.368628012362058
-0.00641387562889502 -0.0989175882977925 -0.682693070690583 -0.231630156842917
0.0303018056785488 -0.0271431810359919 -0.687850089238567 -0.153354442077682
-0.012017530640804 0.00452904990943903 -0.544104377118863 -0.14864246172843
-0.0952631865812835 -0.0234481641013902 -0.176965448497905 -0.0850818880882238
-0.0901705524895614 -0.0305933686030039 0.166402225147014 0.176862515318819
-0.0298812605501534 0.0618391365365929 0.450037860077671 0.388632050140653
0.041448976085527 0.0668506888192892 0.477799459722428 0.53609871806029
0.0412804096990376 -0.0543470679056989 0.434827484467783 0.678747263405547
-0.036867196716861 -0.0460267317451044 0.440685657137217 0.650179889264496
-0.0754138687627961 0.00458631556417394 0.360208974908141 0.447604900380388
-0.0534051241832714 0.0461067243883621 0.165429606497474 0.150964296742839
-0.0451787253278961 0.0501651512009221 -0.0188788754656726 -0.137593834760274
-0.044073614774618 0.0440966921625908 -0.297277379192866 -0.318219054216999
-0.0629916028613104 0.0143962503602806 -0.517579011116045 -0.404390776188532
-0.0604578177969383 -0.0456738428994456 -0.668599957255291 -0.342307557191851
0.0227007007106815 -0.10852543457864 -0.699171476078814 -0.210572244607142
0.0656738178785194 -0.0111925761626836 -0.679737066993936 -0.132110197446272
-0.0073746485619981 0.0354278930306222 -0.528610265050967 -0.135981320431617
-0.105913777390162 -0.0157734846324221 -0.151886799553152 -0.0780292098247599
0.0888143189532937 -0.0187571584089001 0.118458508050653 0.117210718294607
0.0278981544378744 -0.103119208055088 0.474229967321691 0.179949186960994
-0.0614090586932459 0.00392799003228759 0.628220529865224 0.147577663688617
-0.0143470199868009 0.0895647653639314 0.656015633296765 0.232751680231565
0.0868984296759116 0.0367152289731165 0.68614131530268 0.347488399352452
0.0509464075873089 -0.0189834596453895 0.586368760747211 0.372525800362046
0.0227778988449942 -0.0420278334745916 0.343113104539404 0.271310574160912
0.032462192111054 -0.0531090746962159 0.119599931519129 0.0495474683754645
0.0354373903521801 -0.0512092653565163 -0.110122550328257 -0.180005394448063
0.0547173498338 -0.0269588733029879 -0.25902235055955 -0.445700125825222
0.0544127435927277 0.0303070209303345 -0.395895387085214 -0.639685669824657
0.000835737834223756 0.0478367890425227 -0.452234070285155 -0.669002869433713
-0.0301727713578005 -0.0478337001023629 -0.528955500785355 -0.538433273495016
0.0760366321209819 -0.104842794712785 -0.516017878800147 -0.370980623354691
0.0976396455089762 0.0035185522724642 -0.217159062621871 -0.198815219647531
0.072329229428156 -0.0185147299691668 0.101548028810146 0.114901537533624
0.0237030704874009 -0.107625860300505 0.468829421396964 0.192163452452185
-0.0803671414907606 -0.0157871428775989 0.609795438353683 0.167045895537713
-0.0489892926446322 0.0757088004915064 0.644525667677186 0.27878161782331
0.0527651441783933 0.0314213365049813 0.694133043084268 0.383569618772151
0.0213742445959382 -0.0329018816143374 0.594354521777046 0.372837869026071
-0.00786645466615875 -0.0631275877830504 0.347111205045691 0.247837925967947
0.00354271486179794 -0.0805536593508898 0.120563655446001 0.017040164003825
0.00626662719328353 -0.0831613127372532 -0.105351052453761 -0.209238028474751
0.0277593204727902 -0.0659693770863477 -0.25669412227417 -0.454348427330414
0.0359854365922397 -0.0102426458067038 -0.400548030942488 -0.612542294646674
-0.00258543011806463 0.0202046164697168 -0.48447569457061 -0.617509806754847
-0.0455080207795978 -0.0508434358497235 -0.564998096896173 -0.505506724000132
0.0459950525293083 -0.117458482447356 -0.529735108980311 -0.352529738255352
0.0759913976166969 -0.020686777395339 -0.234223574759105 -0.191621721758755
0.0451677937175657 -0.0194945772315642 0.0931943555726205 0.11228584079114
0.0157216211821838 -0.0970913822537224 0.468745541998084 0.215486868074506
-0.0835794273784244 -0.0273605278776261 0.590302486979325 0.208895108608075
-0.0689172052721338 0.0483028930002477 0.614921923469634 0.347098566636132
0.0155732997511242 0.015548880508416 0.682070986313105 0.446301090218309
-0.0106914377184307 -0.0439047912182805 0.585260887164722 0.39045729741619
-0.0367785643585819 -0.0742915484867228 0.337842535586637 0.22465243338503
-0.0259879974084226 -0.093561324173429 0.110344381786977 -0.0230858745151379
-0.0230378031780085 -0.09751418336839 -0.120105479904473 -0.244937230967667
-0.00484297076687705 -0.0886421152891284 -0.280074977036127 -0.46464171207944
0.00783023498786038 -0.0423805915062313 -0.432010311713659 -0.578184877704558
-0.00844037340739146 -0.0116864075082509 -0.531702662360495 -0.544944572395057
-0.0497818180427085 -0.051104453452896 -0.609186361449017 -0.44226074111456
0.0169634831296934 -0.112839788818737 -0.547258017299283 -0.316286887762976
0.0412726437493434 -0.0380773986586918 -0.242107543995904 -0.171665853211938
0.0109770874505203 -0.0263942591501355 0.0954952886585787 0.112349369069036
-0.00111621818730117 -0.075657975490118 0.468897909325452 0.248149641003038
-0.0745452541613086 -0.0245052573689799 0.566038539788692 0.267265681010967
-0.0675075453351848 0.0147440535851313 0.572813186542751 0.436304721796288
-0.013674647837607 -0.0108740709412144 0.647039226557229 0.518397871720576
-0.04091323722007 -0.0560384627985901 0.558458592090223 0.413275148777241
-0.060110262464091 -0.074414397671861 0.313375355371639 0.20114814191791
-0.0503413387037279 -0.0903676095463724 0.088251289157074 -0.0652471208736648
-0.0483677669348521 -0.0918088312439418 -0.149470167357344 -0.282393795510596
-0.036473871194363 -0.0891018623689799 -0.322533485430006 -0.469323817150228
-0.0251763926316958 -0.0600731133333963 -0.480837959179333 -0.531897285032009
-0.0175717537083044 -0.0420425679876527 -0.580475167080142 -0.458639816453317
-0.043333549712004 -0.0494600814999239 -0.644644010575778 -0.36133351948898
-0.00410056452305147 -0.0945091313604799 -0.558894840004883 -0.266133044581638
0.00138132907505942 -0.0448205277689533 -0.23901727774738 -0.147607853952754
-0.0250764154529438 -0.0367752138699764 0.106269564795969 0.121454101227553
-0.0228002088566108 -0.0486053478062199 0.465462268082005 0.288982858592946
-0.0570782681826237 -0.00759025372303452 0.536963258391076 0.339758161932111
-0.0443473000540085 -0.015695886729721 0.524603981103534 0.521455824349681
-0.0310239675440152 -0.0405462934641209 0.595809947068423 0.586721609281464
-0.0635037663794268 -0.0628403394543825 0.514745327197505 0.433480920537381
-0.0737923993404625 -0.0608415504634358 0.279835693315406 0.177882102165789
-0.066421398190501 -0.0705136273709538 0.0600063209914165 -0.101496044056384
-0.0644250511344592 -0.0684779229523888 -0.188193325057184 -0.309228128598729
-0.0614894561488155 -0.0710439408083449 -0.376458922742063 -0.462510420125071
-0.0527473479290199 -0.0624696313666067 -0.535295370116501 -0.476410093151984
-0.024049602166247 -0.0659619158949716 -0.625142122660623 -0.36673255558143
-0.0281116342334999 -0.0457193722575204 -0.670158446107224 -0.27605892874642
-0.0133214202683075 -0.0653037672553949 -0.561987781977898 -0.217399422030128
-0.0374741465607552 -0.0417521599450141 -0.224974581573507 -0.121812231975592
-0.0568779151409042 -0.045304331880883 0.122952179945563 0.136728865322356
-0.0414592438112604 -0.0147318485407682 0.459196149499851 0.33111189065941
-0.0309589752658645 0.0191349291850283 0.504767130035132 0.417900381879022
-0.00971917745180899 -0.0389712400224628 0.478192349866302 0.601368643867445
-0.0376530116269707 -0.0625254266730238 0.537640603098169 0.633257679442633
-0.0783432797794092 -0.0566342240255238 0.45952749331552 0.442161615451914
-0.077462316910099 -0.0351221695558331 0.239096800289757 0.158991177312571
-0.0708888689965276 -0.037316776420113 0.0288188548844606 -0.12866809886787
-0.0701968493869903 -0.0336757888141095 -0.229821299476492 -0.325249426482956
-0.0747217933911008 -0.0431874589623712 -0.431017549243798 -0.445376370164641
-0.0698958302330038 -0.0560293351001794 -0.587803972866727 -0.417127493742573
-0.0218215791464021 -0.0838635212778473 -0.657825451324819 -0.289048400694901
-0.00303546461238116 -0.0384617155406711 -0.683587539016686 -0.201722309296661
-0.0158806841630833 -0.0300737908615846 -0.553856953899568 -0.176147347580256
-0.0709791899235656 -0.0329263428403949 -0.203596552945623 -0.10056425971724
-0.0808003246073818 -0.0432735994327516 0.144446655348439 0.158733369502114
-0.0450205629412228 0.0250495684710987 0.451245577777496 0.365612090667484
0.00358202204486641 0.0474037333834685 0.480773867004831 0.487577252933803
0.0211406170516985 -0.0531629525110035 0.445825332366868 0.656257262368772
-0.0392092708682303 -0.0652834843013343 0.482412692498379 0.650494491183405
-0.0829313426286909 -0.0333016639552851 0.406058777567049 0.444853606803572
-0.0700542247041816 0.00225718761264142 0.19920394586861 0.147941152421749
-0.0631959391709138 0.00479114877537502 0.00177007312907816 -0.140775178518829
-0.0628122670917234 0.0059267924796452 -0.268565214350852 -0.327659122611544
-0.0739720820824447 -0.0115098422830353 -0.47966994923803 -0.423681922317651
-0.0730562730068732 -0.0498942721380303 -0.631287126826588 -0.369686492824468
-0.00686754436521657 -0.0991286399656331 -0.681093094364754 -0.231270252254573
0.0305213578211087 -0.0273430996306736 -0.684574093182098 -0.151819533950689
-0.0122258385849016 0.00388188662434592 -0.540995394834572 -0.14871823194825
-0.0944348527185711 -0.0233500096943595 -0.175825559435498 -0.0859188478898485
-0.0904624863925029 -0.0302736352455496 0.165999439606372 0.176807523204529
-0.0296751022613987 0.0614530114608275 0.447999390671312 0.388215910426017
0.0408411225850881 0.0665694898911749 0.477086360052613 0.535959728118584
0.0416343479630647 -0.0544615140895322 0.433134446571624 0.67554586757814
-0.0360361787177337 -0.046442604091396 0.437022360492256 0.646955124583934
-0.0752542414599194 0.00539690017942755 0.358548960991583 0.445382782758256
-0.0529361173303471 0.0458687780243235 0.165925400040124 0.151720616786869
-0.0444239949341545 0.0490756389683205 -0.0191667104598908 -0.13621819919868
-0.044400914211523 0.0439113918142449 -0.298057183164743 -0.31697740318463
-0.0618464866172306 0.0154765780638858 -0.514615945888937 -0.404705337268463
-0.0607959192751529 -0.0466817170862943 -0.666524836473232 -0.340328711293141
0.0227650804556479 -0.108158322457746 -0.697382414192742 -0.209984017506474
0.0664305444446796 -0.0105254749005806 -0.677774825224887 -0.133102447429328
-0.00772189000126558 0.0343856273634472 -0.52490533880629 -0.136447898640554
-0.106045649169712 -0.0157813430976646 -0.151089965331119 -0.0780729022627337
0.0879653597338199 -0.0183172132321362 0.117691619505869 0.117813078867652
0.0286015445128515 -0.103930742586781 0.473604587841834 0.180991171316633
-0.0608422405804712 0.00362635988939146 0.628978615492566 0.149853972797148
-0.0144227747649443 0.090113196430898 0.657275439226677 0.235706435031667
0.085848208267797 0.0369246876043823 0.686673329497091 0.347325906559555
0.0505106520359197 -0.0193280077996657 0.583663754382138 0.374179157658209
0.0236809306551879 -0.0414838440213672 0.341343875273819 0.271426706339676
0.0335811553591024 -0.0530175371721898 0.118306828767802 0.0498169451664216
0.0350996112248372 -0.0505645854865187 -0.110477393152885 -0.178513405531511
0.0546284445014577 -0.0263563350814507 -0.25611757718135 -0.44548422407505
0.0547980017832718 0.0304488843502804 -0.394961489885572 -0.637378313926781
0.000826719134538779 0.0467881829008798 -0.452174842978389 -0.668326592630897
-0.0300226642192037 -0.0478211707694844 -0.526819699607864 -0.53755073898536
0.0756010980121436 -0.104656101792359 -0.513402202182086 -0.370137875427768
0.0967765584047047 0.00462690983925119 -0.216526165444236 -0.199138412008697
0.072398485905185 -0.0178119109273765 0.100769942558701 0.114681033935655
0.0238646696003837 -0.107974130827388 0.46893539768971 0.193247608499223
-0.0797316168804954 -0.0151716020335314 0.610617447665512 0.168817011415804
-0.049044544717962 0.0761276880088588 0.643618987887197 0.277847783065192
0.0524988801234687 0.0310215516549914 0.693945026774589 0.383955234084599
0.0213828291937455 -0.033022198781106 0.592655651099973 0.374141493316642
-0.0079427768183679 -0.062552152202716 0.34607372053401 0.246962302976935
0.00388556173372566 -0.0807171148210501 0.120252146372612 0.0175342659496253
0.00682536945766773 -0.081823109891997 -0.105966347118876 -0.208400470750296
0.0270911862838596 -0.0646494634055319 -0.255287277231871 -0.453187788362782
0.0362991806108617 -0.0102636324926053 -0.399066999215155 -0.610105401944781
-0.00323503437348163 0.0206510962419366 -0.482224723560352 -0.616893538017081
-0.0452239728850241 -0.0514851858448102 -0.564226002847433 -0.506497903296683
0.0450515295233912 -0.117439176866487 -0.529732578711142 -0.354289803973897
0.0751954388018064 -0.0196330844820902 -0.233673628138351 -0.19120088711952
0.0444102162142676 -0.0191480683086263 0.0932466360669483 0.111630476568655
0.0159602154080233 -0.0978489508967619 0.467356073408157 0.21749363671381
-0.0828929963766286 -0.0275819641013773 0.589992487361164 0.211854826117802
-0.0687368475927763 0.0486560280484685 0.613050252797197 0.349429147099066
0.0158887443012973 0.0155590381084886 0.682348662929883 0.446092292620069
-0.0108359037338127 -0.0447087016712955 0.583865145224286 0.391229173616264
-0.0365668478525548 -0.0745013060301434 0.337401319470686 0.223801455216214
-0.0257397931276993 -0.0938421525113127 0.108992425131183 -0.0234074449624384
-0.0226339092382767 -0.0963827123236003 -0.119530729774973 -0.244853525967014
-0.00467054852219645 -0.0879651042633229 -0.279236344725986 -0.463804712406354
0.00769115633506557 -0.0430588968835396 -0.431062648854272 -0.575406294695182
-0.00896304921882052 -0.0120567746412921 -0.529206959745135 -0.5443668493669
-0.0490880369076117 -0.051675555046878 -0.606919644236331 -0.441851025469679
0.0167896898960599 -0.112619048336952 -0.54581372236158 -0.316293270492046
0.0413128397935693 -0.0373569316622862 -0.241989824228662 -0.172418283363883
0.0109085819798538 -0.0258339581897966 0.0955669666029949 0.112676102304996
-0.000684579801059524 -0.0761298301718542 0.468663351477362 0.248759407171028
-0.0743717677053391 -0.0252093382207195 0.564863086449926 0.269712164532612
-0.0666114273609149 0.0152475185608218 0.573771123945776 0.434029443679847
-0.0139390025187312 -0.0112631084069748 0.645508623381393 0.51861344750692
-0.0408394697746461 -0.0562377694441666 0.557215545562696 0.412628888726014
-0.059236582828108 -0.0738538371770434 0.313285842932652 0.201036851062881
-0.0505181104565412 -0.090397119861369 0.0870489851498532 -0.0650772347785762
-0.0473977225615394 -0.0919711820699805 -0.149641302564903 -0.28044327124131
-0.0371264448322186 -0.0883160273392317 -0.321536830429198 -0.468289683301768
-0.0250881531246415 -0.0592876293626882 -0.479232408495529 -0.529439377850639
-0.0175062160278374 -0.043045700556857 -0.579147407318171 -0.45802197082617
-0.0426856732796271 -0.0497704613372164 -0.643387865325155 -0.360544247753326
-0.00366386424041996 -0.0942805247796448 -0.555617122249761 -0.267163284862216
0.00204162026131148 -0.0440499296960351 -0.237852391973225 -0.148098272252127
-0.0250850102104666 -0.0368601286240208 0.105200136766076 0.120584737719007
-0.022803495839367 -0.0483056435137754 0.464324489264533 0.291102895009827
-0.0566380264899492 -0.00818148706629404 0.538513406677425 0.339999148746491
-0.0441246976480035 -0.0156266475136375 0.523810933437256 0.521379603689263
-0.0309605786166589 -0.0409839972295028 0.593907752971327 0.586538777681938
-0.0638838617480629 -0.0623307019776656 0.512733472677144 0.43195134206409
-0.0728612863497536 -0.06130474975812 0.279072018299311 0.177858123074372
-0.0656436245228314 -0.0701987524726125 0.0586867323331999 -0.100787223926142
-0.0642800850960467 -0.0686359840208823 -0.187317150306237 -0.307362588696733
-0.0610686975679086 -0.0718739141480701 -0.375303297069967 -0.461987265455644
-0.053320050559191 -0.0622907654636684 -0.536772569097967 -0.474694841357425
-0.0242113393587119 -0.0658526349291719 -0.624043679634499 -0.369496862644411
-0.0278615151202762 -0.0452970063318888 -0.669738364541505 -0.277886060158367
-0.0140236306325295 -0.0653673449943073 -0.561106991944557 -0.216754020862982
-0.0376010382730356 -0.0419086621843877 -0.224245411214771 -0.1222112600791
-0.0575602021412584 -0.0452104148114247 0.121896508651296 0.137075822562672
-0.0417921308769444 -0.0154000710166883 0.456931081969201 0.331227327603042
-0.0314277847247338 0.0195505819709335 0.503940375654356 0.418668054569345
-0.0106789749431115 -0.038498548423543 0.476373530502245 0.600770646648687
-0.0375058733556204 -0.0617066545263557 0.533707667979894 0.632328239406821
-0.0780245773958574 -0.056831403976359 0.459444207384965 0.44241538161179
-0.0770385260326532 -0.0354877718047671 0.238359882491887 0.158960220676085
-0.0706270382428159 -0.0372696924938241 0.0283286653623949 -0.127043134712786
-0.0701289925139048 -0.0338574441177867 -0.229612033298492 -0.323782846630107
-0.0743634760112054 -0.0429123003259774 -0.430905903717343 -0.445282522561538
-0.0705205390046585 -0.0560539779575294 -0.586939941481964 -0.417741416738227
-0.0213275259262914 -0.0839615998335966 -0.656433309288676 -0.288595265182316
-0.00229509179243133 -0.0387503064673593 -0.682139424050099 -0.204128498506221
-0.0163057404474188 -0.0314486655087827 -0.553369748387889 -0.177042973567924
-0.0710988719016458 -0.0331095582412432 -0.20226328863571 -0.100882980840527
-0.0807869915081833 -0.0439910676280709 0.142780194956858 0.157174013350591
-0.0453043975659169 0.0243408656862422 0.450105707169073 0.365021927711059
0.00344743070100154 0.0468217267019105 0.480804581447234 0.488273273847378
0.0216225617141078 -0.0527953984191167 0.442034810886397 0.656884809450559
-0.0392302814310363 -0.0654297406898963 0.480101429151626 0.651917551055671
-0.0816932841199468 -0.0336355058708123 0.405210559556056 0.443359436479556
-0.0693386898322177 0.00230817191609095 0.198187042122943 0.147766141718844
-0.0633474677373353 0.00514550271560701 0.00153366016824314 -0.140032050191585
-0.062089384377232 0.00610947132576534 -0.268134249839474 -0.326059972208873
-0.0740053570123927 -0.0122593004587377 -0.479215187079007 -0.422483951485617
-0.0728174105571582 -0.0505526567602202 -0.629697495686724 -0.367690754502305
-0.00681741184211925 -0.0990506932385665 -0.681144115332989 -0.231945173358022
0.0305886562569768 -0.027513964903816 -0.685685158054617 -0.153023609422051
-0.0124685091601279 0.00405257512062947 -0.54021023339601 -0.150145892643061
-0.0951585784686554 -0.0238535272010395 -0.176540054711342 -0.0864265776256812
-0.0903114341226551 -0.0311021560634053 0.164977525610888 0.175949275745107
-0.0293115288574772 0.0612377683207764 0.446248070157793 0.387890674641861
0.0415041634488031 0.06700397811204 0.476366771591119 0.535820235802401
0.0421445166481733 -0.054235907037626 0.429663536198759 0.677043740800728
-0.0364759093573373 -0.0458822701916263 0.436299997032458 0.647636344334456
-0.0751582458453859 0.0048485553595022 0.355600228638995 0.444372173925138
-0.0520613729161372 0.0458860604592553 0.164383776717779 0.150632907930419
-0.0446305057486653 0.0497581300247513 -0.018565502913258 -0.136203579390497
-0.0435313645274965 0.0444249613485388 -0.294697664568458 -0.315597941599766
-0.0622182432550999 0.015143996156834 -0.513562774259915 -0.404532691210077
-0.0603856979151661 -0.0468161193007046 -0.666214547513554 -0.341982001690884
0.0234751625444857 -0.108385018221781 -0.696926868367653 -0.210953569710258
0.0660998003236445 -0.0103926160536261 -0.678023412994407 -0.132612496587176
-0.00879102869496098 0.0340988241262606 -0.525397141830015 -0.135826251975404
-0.105905659209488 -0.0162625688895278 -0.151679851004376 -0.0781771233899333
0.0878923538579995 -0.0174452407222081 0.117835007323615 0.118244713701419
0.0289676566496988 -0.103713290125525 0.474281539481267 0.182904702487201
-0.0602507446486653 0.00327788252823834 0.628635378094361 0.151289455873746
-0.0139147576731206 0.0897266368279091 0.657940176737819 0.235496552976617
0.0857362038362258 0.0365225044291593 0.68494273780888 0.347221840889018
0.0506266416880882 -0.0191977954368928 0.584429324815147 0.373877346538043
0.0243203028336146 -0.0425416316503748 0.338861522353494 0.271160196860279
0.0338002623998065 -0.0528201397570063 0.118565374057989 0.050611072573174
0.0364293418192988 -0.0505106243940989 -0.110605974330694 -0.178930413763982
0.0543635171973836 -0.0259211457133682 -0.254990246907936 -0.445019878158549
0.0542187540476471 0.0297517573200141 -0.390163122606696 -0.636498855400705
0.00125471253566933 0.0469751613926953 -0.450918779843145 -0.669356923421403
-0.029136438979513 -0.0488610766461042 -0.526742275696306 -0.538185379009176
0.0757863777542102 -0.105319358997308 -0.511859415742644 -0.371069730744258
0.0968939303687462 0.00559133336866323 -0.216370579153217 -0.200010910003608
0.071777462119673 -0.0172906574592112 0.100168942407573 0.115255094377819
0.0244802651243965 -0.108515107485966 0.468719083073722 0.19514818274951
-0.0791753241606774 -0.0162997187741163 0.610584528529554 0.171943147727178
-0.04851056208392 0.0762532357802574 0.642744438683762 0.279769164490622
0.052181805644878 0.0316928799379605 0.692516773169377 0.385414378725106
0.0207378280998829 -0.0324644992498421 0.592244985459262 0.37565302434369
-0.00601803229685571 -0.063110125877171 0.345149538109947 0.247828998866354
0.00354055407937489 -0.0801556107858671 0.119820810370811 0.017980287802357
0.0076536514149915 -0.082276005061266 -0.106409635058787 -0.208718865335768
0.0275175872782071 -0.0646204347169003 -0.254093520539478 -0.452407592206204
0.0362097170191856 -0.0103179216047429 -0.397261508139418 -0.610003726446448
-0.0024845070685927 0.0205820000800959 -0.482198049859286 -0.619657532667366
-0.0452192648912231 -0.0514160100338409 -0.563717471944601 -0.506684455007216
0.0452705307249642 -0.117614729145164 -0.527432340014626 -0.35358911186824
0.075749591973738 -0.0187528131367262 -0.23204214848103 -0.193061878844804
0.0447853465432004 -0.0185269721775829 0.0926013603834797 0.112221704927504
0.0166104137888234 -0.0973005319895077 0.467132874979438 0.218264232922912
-0.0820425884607005 -0.0279580232128328 0.591840873430268 0.212589180691542
-0.0686649147236854 0.0482287219060286 0.614848897735388 0.350370307315788
0.0155232446758707 0.0154460561553979 0.681628068152341 0.446437390773267
-0.0108790176877307 -0.0443661932965882 0.582458666847537 0.390685059313343
-0.0354490645631369 -0.0740959120209003 0.335665153865696 0.224779267775589
-0.0259460718495231 -0.093683272734581 0.108450117155988 -0.0226626950187904
-0.0223934708918887 -0.0964520577960443 -0.119834430887299 -0.244929354258709
-0.00423364419372008 -0.0876141225005723 -0.277294923266347 -0.463839151569855
0.00788730991658345 -0.0420954802113993 -0.42874068417864 -0.575173063054245
-0.00889246136856481 -0.0122027015600946 -0.528170167625083 -0.546012127115164
-0.0486522022277632 -0.0519183191292143 -0.606692962612669 -0.442334004790981
0.0161566629504279 -0.112867394449919 -0.544201680039315 -0.316206413844129
0.0413829842629349 -0.0366753830875109 -0.241239958888039 -0.173775253233847
0.0103884917685161 -0.0254145796830989 0.0940602773237967 0.112224873785945
-0.000631581126939333 -0.0761490190858854 0.468325005320564 0.249056851867017
-0.0736900999557521 -0.0250646601386705 0.567208969012346 0.270701627483761
-0.0668686878827497 0.0149125174053332 0.570520816590641 0.436947627626734
-0.0138341485659321 -0.011634083774345 0.645128727047505 0.520132227826181
-0.0408045504188483 -0.0557072336401039 0.556474214416662 0.413744759227297
-0.0586926248007326 -0.0740019134760259 0.312199849682925 0.201106444135462
-0.0493914587804359 -0.0900634465512386 0.0872013127086198 -0.0650227757672621
-0.046908735825971 -0.0909251604948858 -0.148940585258573 -0.280580327805919
-0.0363789856244736 -0.0888937481097656 -0.32084090090457 -0.467754108312854
-0.0251822607616683 -0.0601715015485454 -0.478339029294463 -0.530289113429361
-0.0181506683987919 -0.0425238538133002 -0.579089549596948 -0.458745835505875
-0.0427525415368297 -0.0499920506445068 -0.643346951697321 -0.362792126451241
-0.00387313030565176 -0.0947920055794836 -0.557147884950022 -0.267767986128488
0.00209504206366938 -0.043491310217224 -0.237746469462545 -0.149125762266021
-0.0248430320554319 -0.0374054453237188 0.104581403992231 0.119791412928411
-0.0226110719209653 -0.0482345204660798 0.463349258416815 0.292943474818262
-0.0567879584598101 -0.00767316484348456 0.536918612296608 0.341708320859925
-0.0444588290330059 -0.0156326625947186 0.521110956034295 0.524452147047407
-0.0303038110851433 -0.0407835382370908 0.593301327923539 0.585003305818237
-0.0636685201877371 -0.062012133270199 0.510994269317255 0.433959882148693
-0.0726118465751637 -0.0608145198278952 0.278787430452948 0.178794331369532
-0.0655228630632446 -0.0704111182097641 0.0595670713111928 -0.101292400743885
-0.0635759062005326 -0.0688618717827809 -0.1879789875512 -0.306821295065695
-0.0610382502615492 -0.0711891791954178 -0.37336748735485 -0.461594621933352
-0.0525826222197113 -0.0624463736406764 -0.533695955331362 -0.47552666150558
-0.024747900499258 -0.0655258735994394 -0.621836555679765 -0.370440254228392
-0.027083537635032 -0.0458353235000234 -0.670307450141526 -0.278145822185736
-0.0144962092709858 -0.0656280167535462 -0.559286194140259 -0.219615095716767
-0.0373976570016455 -0.0416810022247506 -0.224464497721502 -0.123704476440734
-0.0571590625010519 -0.0450807190529395 0.121443583575482 0.137286943217227
-0.041300852078782 -0.0152045960211133 0.457277256778446 0.333675146910677
-0.030656749218132 0.0192810391178311 0.504426650409362 0.42088122253168
-0.0102353500810769 -0.0378249984786314 0.475124749024513 0.603109737465376
-0.0377576046332627 -0.0632134932100406 0.533283139140959 0.632599422421809
-0.0783279837882071 -0.0574145404658543 0.457814333057708 0.442520381045103
-0.0761295443302857 -0.0350477366262651 0.238517737600818 0.159179505194514
-0.0712285586438704 -0.0365158247133622 0.0288239702166536 -0.127182779338491
-0.0696781835958744 -0.0340469428908631 -0.230566379424004 -0.323009645565805
-0.0748137088571877 -0.043039686407812 -0.428682367033045 -0.444953611144607
-0.0702183961136059 -0.0565713369697937 -0.584094735632851 -0.416555132061335
-0.0220790107960256 -0.084297763528585 -0.656390662766342 -0.289596574834159
-0.00207290919125026 -0.0381707931545939 -0.680500965061767 -0.204698066482235
-0.0172450727169773 -0.0317640997643409 -0.552860942490628 -0.177010767725055
-0.0712481463455608 -0.0325295607859596 -0.201953709383287 -0.101639924625249
-0.081146498774663 -0.0442443117570812 0.141366983607634 0.156773937652734
-0.0449807043593799 0.0234567906137649 0.447809437249727 0.367176985993492
0.00415355385978946 0.0476287930264518 0.480608834391243 0.490224424176514
0.0218039990421399 -0.0531887967795801 0.440240929358961 0.655933127626513
-0.0384364872091732 -0.0659277818876667 0.479277363282428 0.650913521550419
-0.082142013681569 -0.033516384233421 0.403905775496088 0.444601284487438
-0.0691222382195892 0.00228734672733711 0.198110297094541 0.148249609106154
-0.063020416020647 0.00528398298176255 0.00166309319827983 -0.139063309186012
-0.0619259696949048 0.00622136178903372 -0.267562885495678 -0.326430676518152
-0.0749382272043494 -0.0113107274408532 -0.477862605219738 -0.424235697012031
-0.0728510840892408 -0.0504601976097648 -0.629842386353358 -0.367947860982551
-0.00648493503398058 -0.098468323068653 -0.678772601802955 -0.233842641648239
0.0300138191157174 -0.0272017430390129 -0.684284857525717 -0.154424241354933
-0.0131571405012929 0.00382752731241166 -0.540165469356219 -0.150347661912965
-0.0951676324619419 -0.0234727570707341 -0.176123014537618 -0.0875530951677422
-0.0905445244266478 -0.0309484722016514 0.163988206586584 0.177142978272739
-0.0291600451981147 0.0614719937406144 0.447708088449753 0.389739710444729
0.0418212823966092 0.0672802266348718 0.47686292541028 0.536491535169848
0.0419709198250738 -0.0546960468862053 0.428732481934592 0.676942700837683
-0.036769630221085 -0.0461776214354361 0.435759020735628 0.647090146889165
-0.074480455565804 0.00481596310640642 0.356262068781974 0.444576206527772
-0.0520154060112557 0.0452176618011064 0.164057512459584 0.151079985218297
-0.0436348879456158 0.0492657976025577 -0.0181187620756728 -0.135901487358318
-0.0435820419564198 0.0445252216958323 -0.295030301005071 -0.316901076981453
-0.0628539558986495 0.0144735085162415 -0.512960766196721 -0.40464877854044
-0.0606027366451797 -0.0471474923807486 -0.664580163752036 -0.341701628079458
0.0232422236443492 -0.107351097012704 -0.695382410544539 -0.212950212491711
0.0662692058459356 -0.0100472030229372 -0.676599198943245 -0.133594557708795
-0.00986294231506863 0.0341453040720733 -0.524341635500583 -0.137776540081135
-0.105690990380745 -0.0163963511112867 -0.151472052247724 -0.0791819569740894
0.0741154189342945 -0.0521458650688515 0.15698997824822 0.0569072252789265
-0.0198337595450122 -0.111205916280296 0.505352206990881 -0.0339507540373106
-0.0575026126930145 0.0178601097797876 0.631819482878709 -0.125677834138611
0.0187905628813447 0.0760001717898867 0.702692761583669 -0.063713080201655
0.0883252544758185 -0.0133265463571515 0.773398048982811 0.0148835554709714
0.0372072201207232 -0.0436043036069917 0.689105949654061 0.0850262495280488
0.00424410994288753 -0.0468487042026888 0.425402677597585 0.0993223026291881
0.00926136240199506 -0.0641128743743966 0.128385407720279 -0.0050778057841048
0.0125470961290987 -0.0620528725081522 -0.176888334914976 -0.112914142769763
0.0374971102277772 -0.0460895118061023 -0.421427496969335 -0.290506507889924
0.0591421417878577 0.00440874512222619 -0.623382122238031 -0.405552801408371
0.0127263087834581 0.0346890468986639 -0.693676778686163 -0.415233563906342
-0.0522421455011752 -0.041100971328379 -0.700533810294194 -0.261481872382303
0.0193185847296372 -0.133365025832826 -0.611143896762165 -0.120738039338279
0.090281802426643 -0.0397660589203 -0.282194810291512 -0.0880428270824288
0.0589507199507442 -0.0453332214561821 0.140205127617089 0.0619134212280519
-0.0253252608726906 -0.11413581584621 0.505877558979374 -0.0236689692612632
-0.0820078517985775 0.0085852182934251 0.623719489528121 -0.10046972035998
-0.015994481488025 0.0774714656656874 0.708009224136648 -0.0172998333454772
0.0552345079768867 -0.00535213859068016 0.796244056692642 0.0465441887228259
0.00473096975135291 -0.0435517179241358 0.696084953439084 0.0814895236340317
-0.0306865273033307 -0.0543845835510427 0.41971760024945 0.0746156365269887
-0.0310672365458932 -0.0774276649590637 0.115516545068083 -0.0357359972936489
-0.0270375134253886 -0.0797281789822902 -0.185208731128384 -0.142010732392837
-0.00258575879282641 -0.0711699362717952 -0.423311220507637 -0.300863086634183
0.025597110085061 -0.0246792017440798 -0.616634729473741 -0.378884773219863
-0.00170053643740034 0.0129054158652989 -0.698634393450961 -0.35658886954881
-0.0682136176998462 -0.0375877754056285 -0.71908121252846 -0.216036189306265
-0.0138880424633813 -0.133442122015816 -0.61825149168022 -0.100321966229297
0.0602324623610783 -0.052262262503572 -0.293336158448781 -0.0750681306283828
0.033562279961928 -0.0362862026601745 0.131020515776181 0.062287206457899
-0.0277705767393179 -0.102240326700211 0.515147115861241 0.000121474042652655
-0.0895009847013257 -0.00110968243085856 0.621186096434843 -0.0553771708745033
-0.0444140796039006 0.0610238980330191 0.710434482256905 0.0590737531126334
0.0173247550828668 -0.00562453666250943 0.809610838560805 0.107374844622096
-0.0290275095835649 -0.0421275316122171 0.694078435583004 0.101427364146455
-0.0612536330563704 -0.0523578571675322 0.400093457368099 0.0581223387606123
-0.0617083969160369 -0.0773880011199776 0.0882788868247647 -0.0671946101490351
-0.060277709949387 -0.0811805215113913 -0.214521193491991 -0.170908122814813
-0.0424270860903665 -0.0782626666272259 -0.448028535853173 -0.300493946107132
-0.0149631923053065 -0.0427662374338969 -0.628752783457607 -0.335394693978028
-0.0220407296670832 -0.0132411127435418 -0.709398691588686 -0.27087281454813
-0.0722458618677864 -0.0348917985547631 -0.730669761559977 -0.142195667620279
-0.0397400713753471 -0.116234552703024 -0.618036683490816 -0.060202405224193
0.0198234340701651 -0.0538169419750793 -0.291416685320927 -0.0563017708209275
5.00913952000905E-05 -0.0296899258913284 0.13175022708509 0.0633763607695844
-0.0350662599112874 -0.0769272669300238 0.530134740701973 0.0298575348643875
-0.0790192113698922 -0.0026654626599455 0.624862239065528 0.00895225510087398
-0.0547798575306669 0.0290943966645928 0.706677515326754 0.154270189923449
-0.0187183904302037 -0.0180151683383483 0.808324563756387 0.191196563028027
-0.0604690673723007 -0.0403537262273776 0.678729251372559 0.133675770406435
-0.0818369797520703 -0.0425662149961708 0.36708289775744 0.0479669440684668
-0.0835145459003233 -0.0642385671801605 0.0518705828923033 -0.097251489286405
-0.0814009009734618 -0.0665443122331681 -0.256476059815729 -0.190068418867551
-0.0724570813571688 -0.0656470920605886 -0.488938155999226 -0.28781866760863
-0.0516711006146795 -0.0444820580436345 -0.65334936355346 -0.275461302718216
-0.0434787901757817 -0.0349245841061317 -0.716087715829844 -0.17497701044266
-0.066456386706501 -0.034819894746033 -0.729581568798444 -0.0527920116938422
-0.0506744170128094 -0.0898708458273081 -0.609973177024897 -0.0128684205588652
-0.0196698862623148 -0.0421258469767433 -0.277099610330011 -0.037754448731059
-0.0371757148000881 -0.026209834205435 0.143063301439754 0.0665723755320179
-0.04356083079125 -0.0435819483442174 0.545633367948147 0.069253463442667
-0.056220057244452 0.00560029389855854 0.630230551862328 0.0845220664685485
-0.0450172747736036 -0.00811072906735048 0.698202997066575 0.251266269685604
-0.0447929827966996 -0.038129364533921 0.788459901297381 0.271695577673557
-0.0837785666811642 -0.0357840169211161 0.646553450178612 0.17133310230301
-0.0895544382186654 -0.0255237649105906 0.326926999310038 0.0427671560450188
-0.090035422980674 -0.0383506317806408 0.00986855418455042 -0.117560401525889
-0.0872583854277254 -0.0380048798134742 -0.302484974424444 -0.197740618214767
-0.0880436175963341 -0.0402838518588795 -0.535397097928493 -0.257948502980595
-0.0792337015410715 -0.0350782538551978 -0.681508136435023 -0.203646734125454
-0.0594221886048264 -0.0531722992772416 -0.71642943253076 -0.0767051549876731
-0.050486406707631 -0.0362761970380664 -0.719383413437549 0.0331074206770011
-0.0483040340118173 -0.0583509697458922 -0.593310810925508 0.0342545000884236
-0.0553082348846621 -0.0228930252524293 -0.253591423212917 -0.0218417558672031
-0.0702065654933002 -0.0209257862684271 0.163872167016517 0.0753525503523593
-0.0460923127703732 -0.00678279223208892 0.55742678266935 0.1099211122012
-0.0206269824278689 0.0205268883249239 0.633917454000479 0.167024190608755
-0.0233028169137687 -0.0420873338366526 0.690220475742274 0.341281079780429
-0.0582917466336115 -0.0550492681522679 0.753724878187346 0.341044111562446
-0.0942788601499603 -0.0247357521365233 0.602657914191817 0.203946610673781
-0.082285877305242 -0.000852671075988421 0.282369926527757 0.0424088397365487
-0.0803032807068606 -0.00571553343227264 -0.0293265369096933 -0.128649706775279
-0.0768015553116233 -0.00469874767041642 -0.348625546397316 -0.193421781566787
-0.0884531162975139 -0.00841320888162392 -0.580361443106689 -0.219239974790363
-0.0923393923871465 -0.0229353274773268 -0.703290189220257 -0.130488776544864
-0.0649430548368504 -0.0689249695191799 -0.713835667280793 0.00965467884167116
-0.023826494685336 -0.0395756459261965 -0.698396297925299 0.105731900753356
-0.0356803747001908 -0.0256602933335618 -0.572530176124416 0.0682861315822438
-0.0824266288555634 0.00125539708589393 -0.224874987074087 -0.014216548833902
-0.0911516289752545 -0.0125845691779598 0.19092739783867 0.0869509913071658
-0.0334656421545264 0.0294666502339975 0.563833028505601 0.144559647749337
0.023366577024669 0.0309185516209668 0.644478421514354 0.238577366674175
0.000256420064593258 -0.0680106523587929 0.684838475999537 0.405820017319255
-0.0601851067578978 -0.0576671815104317 0.71009762539723 0.38116454157376
-0.0878390063429207 -0.00180239728957085 0.554671585913977 0.22910595513627
-0.0616299406190254 0.0303127980711605 0.241164455350074 0.0512017119256497
-0.0569072021573871 0.0305848661661859 -0.0596237921358934 -0.128087312132527
-0.0549426201281503 0.0287641779052344 -0.385236330398176 -0.180165295487729
-0.0756961934650399 0.0203108420887383 -0.61424392745129 -0.178260887496669
-0.0918107955166655 -0.0145067732679642 -0.7235275064987 -0.0675959941165098
-0.0578544032977451 -0.0879592009408804 -0.707705558076632 0.0717898567536272
0.00945352546254496 -0.0420735223371422 -0.680321684693168 0.153096054696368
-0.0181805884975633 0.00578730491449339 -0.552567875739757 0.0862214108085554
-0.101539600543347 0.02100709649411 -0.194949830553396 -0.0122562049835222
-0.0949050685622952 0.00184747588852808 0.219475998262007 0.0968263460771179
-0.0052852329419477 0.0565161993465072 0.572884305781011 0.16664795497173
0.0656053345836595 0.033329003902616 0.660257256661437 0.282334005640575
0.0181187354537993 -0.0773641243233863 0.681146548551203 0.427862552153463
-0.0500379565703813 -0.0398830613995767 0.669504397233707 0.39614453125679
-0.0649165836381069 0.03045423700568 0.511242676759978 0.249239941153467
-0.0281367727791427 0.0621627287018309 0.213551821352829 0.0704829529355107
-0.0217552172515594 0.0644343671168828 -0.0762157391386119 -0.114794854358416
-0.0229203911300751 0.0572399897387401 -0.404549660401341 -0.158869413677692
-0.0535390081872778 0.0398116271999152 -0.640826792341709 -0.144367555269449
-0.0802407674865305 -0.0175214480571756 -0.742586613522459 -0.0277389048456517
-0.034591993833186 -0.107866115255284 -0.71308143231048 0.100245637791664
0.0504798845028131 -0.0410678400967292 -0.666138045767295 0.169529410309996
-0.000699450999366834 0.032970724488396 -0.533012273303532 0.0924480397261421
-0.107772812940746 0.0326142403455396 -0.169271265335172 -0.0160060376241514
0.0738243838877154 -0.0512393893004557 0.157287618682188 0.056696594822193
-0.0197653141489895 -0.113046195514937 0.508507086916402 -0.0357435220398674
-0.057966517567054 0.0174294408270608 0.636732230669735 -0.127539480358655
0.0200658422139683 0.0762946515396287 0.707676026502141 -0.0635315967031563
0.0878336902118109 -0.0134622351056435 0.77711844949709 0.0128366803473412
0.0372335468946832 -0.0436675994324804 0.692840633724978 0.0851265011794588
0.00602379375660328 -0.0473581299956298 0.426449873247534 0.101013712128123
0.00913295921803232 -0.0645042998417277 0.128649421091983 -0.00472545661035823
0.0126444612959626 -0.0626281740309465 -0.17809535879161 -0.111723339449581
0.0376585299706558 -0.0460860390660214 -0.421547806161871 -0.292109619951081
0.059944704259737 0.00477540147176338 -0.625663912957096 -0.407386196163109
0.0125825577963743 0.0350308352746404 -0.695098008948883 -0.41734196202154
-0.0520245796242774 -0.0415701896281453 -0.701517058967703 -0.261241554921441
0.0185159988153849 -0.134682698572858 -0.613227476089632 -0.121203014939171
0.0919539868754053 -0.0383249021291239 -0.283321888898135 -0.088089279116639
0.0593076319028014 -0.0449408285422354 0.140139050659928 0.0620712599929354
-0.0250990037080532 -0.115216801110764 0.507779360902897 -0.0225856334504466
-0.0823180871047585 0.00764021282225555 0.628484666869058 -0.100244114710646
-0.0164854211176743 0.0772417255079204 0.71017381383392 -0.0159496838327688
0.0553294336672765 -0.00532844396185605 0.798690914391462 0.0453624291004354
0.00532736291689182 -0.0445515991037732 0.699653533107774 0.0815803347246723
-0.0301874119435231 -0.0546965046172916 0.420811975294334 0.0757184471886841
-0.0301725641052661 -0.0782577858116009 0.115532344912483 -0.0351873588195291
-0.0266785877610125 -0.0802232049353644 -0.186588331190077 -0.142519270408182
-0.003489651929816 -0.0715733346864488 -0.423769726157388 -0.300829486673704
0.0254596179628131 -0.0250260058613387 -0.61718030591855 -0.380610817376297
-0.00238168559211531 0.0134538478541836 -0.701245819648054 -0.359025716397959
-0.0683608626832665 -0.0376013160711686 -0.722870664117479 -0.216433125397041
-0.0148201669068139 -0.133004319281083 -0.620070754004305 -0.102318437801359
0.0607354951659658 -0.0510788186143329 -0.293981949333328 -0.0766070460657388
0.0333136062777733 -0.0353239506496023 0.130702676170128 0.063175122769533
-0.0279059261587582 -0.103099649996457 0.517221604252334 0.000367606564483575
-0.088701489531481 -0.00111017235206106 0.625748001331831 -0.0554265058939672
-0.0447013670703144 0.060329580944838 0.714129371612446 0.0594216613356611
0.0170286924741028 -0.00551915748407935 0.813640806438877 0.108032466564491
-0.0289979047311213 -0.0425309152929424 0.69753215475617 0.101369915199572
-0.0611703389058445 -0.0528540890076802 0.40181487105063 0.058458105419958
-0.0624146351367932 -0.0778992245174149 0.0886156599425202 -0.0679107428927374
-0.059490979026664 -0.0818507544457686 -0.215708531171053 -0.169939764900613
-0.0428156615150071 -0.0782843437055861 -0.44989340154221 -0.301128591928603
-0.0144981911150079 -0.0439249294467587 -0.631424281373907 -0.336794891556822
-0.0222276881965143 -0.013006979453773 -0.711549712204061 -0.272926665209353
-0.0721598257071205 -0.0352178271508755 -0.73394422403232 -0.141801240484932
-0.0399373794813851 -0.116544135560504 -0.619152093493555 -0.0590366332313379
0.020986352120356 -0.0524571334831662 -0.29249534197374 -0.057245153818687
-3.63210132609273E-05 -0.029136136405132 0.132133983196013 0.0631803613197651
-0.0337435905950053 -0.077594777434642 0.53155531964714 0.0286066453404044
-0.0795705251646975 -0.00284036629337102 0.6297376917954 0.00936793872322567
-0.0538931651277318 0.0291436908067765 0.709844440648145 0.154727778079197
-0.0190660077799739 -0.0176536519767129 0.811414613108893 0.189497336645356
-0.0607176270730494 -0.0395143549583361 0.681835988490663 0.134244142074981
-0.0815471546305699 -0.0433881832957745 0.368463757041918 0.0489210536784934
-0.0838333416757618 -0.0640507330877587 0.0516935834557806 -0.0970079861857154
-0.0806455634336884 -0.0664105781065781 -0.257794543376137 -0.189948362490114
-0.0731619163055849 -0.0661115228046887 -0.490889850907776 -0.287672447110376
-0.0517068809707877 -0.0450801973646672 -0.657011655313684 -0.276685677913334
-0.043067544989196 -0.0354519375146374 -0.717935881376696 -0.175594144935879
-0.0670301149908698 -0.0350832590114452 -0.731508024688356 -0.0528154209970153
-0.0508741590790279 -0.0903687510523087 -0.611334789714264 -0.0119458025507026
-0.019747307084544 -0.0421362841638911 -0.278709442761669 -0.0387421208927819
-0.0375993980773684 -0.0259185504271339 0.142671318237 0.0673188393698506
-0.0435975834449291 -0.0442075721878132 0.547655453251255 0.068519876199077
-0.055713643902588 0.00577737279445924 0.633036787272357 0.0844039787265614
-0.0453022801966445 -0.00801826807745327 0.703462633107365 0.253936885729866
-0.0446417172224128 -0.0379796744848957 0.790474810729696 0.273380681759613
-0.0834871858460914 -0.0358968650946005 0.648361377693594 0.170152794092253
-0.0891642651246466 -0.025858113270352 0.327129755995541 0.0431320198213349
-0.0904951160599332 -0.0387838928578452 0.00975469194012811 -0.117547204675597
-0.086866350792784 -0.0385235736486694 -0.3037677491593 -0.198347093595803
-0.0886846317831579 -0.0392382915551245 -0.53807751470951 -0.257974107764445
-0.0794558711599366 -0.035606021247311 -0.683319866810588 -0.203955242097097
-0.0603316099636554 -0.051757030487004 -0.717416765556854 -0.0770868839230262
-0.0503697273243036 -0.0373824584022025 -0.720993764034011 0.0331232933679442
-0.0484813847636473 -0.0587006642668635 -0.596162902806852 0.0336809926647168
-0.0553042636214789 -0.0220481052988623 -0.255216925350965 -0.0226524697868318
-0.0709536276893166 -0.021798583350003 0.164975900633519 0.0757159770311325
-0.045971734193121 -0.0069175970443118 0.559655796328392 0.110494952382241
-0.0199374026836623 0.0204615264696193 0.638800419998229 0.167976901267605
-0.0227526199951962 -0.0428698196772416 0.69251718284237 0.344645024412576
-0.0587338469400145 -0.0552990743905269 0.755429367394353 0.341664817739282
-0.0937213030988389 -0.0247599665694364 0.604938814084057 0.204857047772591
-0.0820261052802548 -0.000273214948479171 0.283024674128174 0.042685927865772
-0.0809678167960266 -0.00554220817279687 -0.0295702290474533 -0.128913941378836
-0.0778961288795235 -0.00428581702272948 -0.349075689179115 -0.194618776825223
-0.0895920106508998 -0.008170454464667 -0.582184435367187 -0.218001264920638
-0.0932474218305687 -0.0232947676859248 -0.706335045067939 -0.129464571247966
-0.0657867641007612 -0.0687073522152113 -0.715346446301384 0.0101441868875311
-0.0244907738155934 -0.0399377689195472 -0.700760078666162 0.107034339086947
-0.0364500391384605 -0.0252840738974291 -0.572671414053084 0.0668874481309555
-0.0831556792264489 0.000942068000544203 -0.225969293567812 -0.0137548518446603
-0.0920410364632059 -0.0127614750995192 0.191106155919327 0.0877305373604951
-0.0338040247354782 0.0293589119510807 0.5668615440427 0.144604945196365
0.0229610504090977 0.0309002668303728 0.648249501980333 0.239760924058264
0.000523673563730977 -0.0672382155433538 0.686591390444138 0.405323836045064
-0.0602318790094495 -0.0561945666220522 0.712115569147115 0.38237745130193
-0.0883313326011934 -0.00147804605469244 0.556088313418033 0.228537191285571
-0.0606077566937971 0.0308280072276672 0.242234369286923 0.0516862894310531
-0.0568299606989108 0.0306211085861417 -0.0600764345472862 -0.127734096225567
-0.0548830797525485 0.0298468610591698 -0.384322612355763 -0.179438670017345
-0.0761421200758764 0.0204877138254248 -0.61691384742632 -0.178959093898786
-0.0934369221810093 -0.0158353808736854 -0.724948611546544 -0.066385430124656
-0.0580460340744102 -0.0879224414164089 -0.710376710008832 0.0721580738092509
0.010070312061026 -0.0428539080014604 -0.682373958635913 0.153861166276568
-0.018237462271749 0.00590792371391714 -0.554052495434878 0.0877699105774546
-0.100755381956163 0.0208145491879347 -0.196799597545797 -0.0131591962090346
-0.0966221479135596 0.00239005205410891 0.219747574755831 0.0972689112828441
-0.00504023898328555 0.0562906722893646 0.575318775426205 0.166507961046889
0.0664369489225289 0.0345478038964094 0.665221200356531 0.282819603617949
0.017681435471041 -0.0781427647309824 0.685845109081257 0.430046532416019
-0.0491428084232464 -0.0403143909071624 0.671829411103327 0.396644755130949
-0.0651914676755532 0.0311533279897425 0.51258695686246 0.25066169899754
-0.0274172753788891 0.0624921822000502 0.213998003369187 0.0697727780214815
-0.0219515906110058 0.0645506292687382 -0.0756491069246646 -0.114810354891268
-0.0222893735662541 0.0580641171086329 -0.407021911551178 -0.158906235208178
-0.053726114367199 0.0395913993555951 -0.642901602181617 -0.145102789549724
-0.0808040525660484 -0.0179133683784346 -0.745151993248809 -0.0266742930863403
-0.0347244175323038 -0.108409244179205 -0.715883645519123 0.10103038020352
0.0503657888786111 -0.0406141736823342 -0.667627661464671 0.172020316504101
-0.00169492251370957 0.033162085549342 -0.53507375602365 0.0922142219845506
-0.107471989773167 0.0326566193333589 -0.170820182779407 -0.0168169651309088
0.0744226285170272 -0.0514228112153605 0.158184625717363 0.057706493508062
-0.0194681375155902 -0.113639342735244 0.511688871376383 -0.0349315252225672
-0.0574605933086005 0.0174529983639214 0.641308902100395 -0.128636250874221
0.0197710988334686 0.076781229097929 0.712272903752308 -0.0657879775231516
0.0879093470549056 -0.0137594971797826 0.779781580959865 0.0116435529392125
0.0367944540012379 -0.0436982661690052 0.695617241532102 0.0825800971012822
0.00673888287887005 -0.0486583339728733 0.429200088706338 0.0995287870042918
0.00912375225330892 -0.0648049677619063 0.129593992972379 -0.00483845933270872
0.0133310704607402 -0.0636268839807251 -0.178692893832336 -0.111556963966347
0.0374091786391621 -0.0457363379738789 -0.42303804173345 -0.29202514762768
0.060352447235533 0.00373021134689967 -0.630440907202316 -0.407494017686779
0.0128564664496431 0.0349588607808298 -0.700396606986336 -0.418299117925564
-0.0528946421591675 -0.0421646138628341 -0.705410557260604 -0.26134944227186
0.0179706427705185 -0.134738563301994 -0.615937422814304 -0.121654329112937
0.0926696425171765 -0.0376520644766466 -0.28544575339906 -0.0882024481758823
0.0590523425397395 -0.0445535389467901 0.140776398541965 0.062172033808158
-0.0247969919955197 -0.116005981002801 0.511775125206815 -0.0222814227104823
-0.0822045943315854 0.00737774378640074 0.631177939436116 -0.101348472083599
-0.0162179272127438 0.0780965930202325 0.71491801411642 -0.0173375749602244
0.0556824912717355 -0.00536959756264509 0.802084299665332 0.0443552924245524
0.00477430198375065 -0.0446226971483813 0.703654573099467 0.0820102635346209
-0.0301363179216733 -0.0551892079627325 0.424045289886273 0.0759942328362117
-0.0307918244530703 -0.0787707451242023 0.116194578703593 -0.0354423228039467
-0.0267034966671234 -0.0811300434497323 -0.188614847375578 -0.141242115106916
-0.00340320024592261 -0.0712152558524093 -0.425248451728556 -0.300915593586558
0.0256618136489767 -0.0255217864655467 -0.621509638358544 -0.381396805162137
-0.002785673716563 0.0137166042485583 -0.704875959256691 -0.359157141371863
-0.0686780817392063 -0.0380919347454927 -0.724962121224279 -0.216807947577936
-0.0154497865787424 -0.133632484469981 -0.621885549152693 -0.100619280079073
0.0615017757392534 -0.050772166296776 -0.295820400673897 -0.0765246638732909
0.0337350871287921 -0.036012989647942 0.131451140968881 0.0626182876241854
-0.0273379629719774 -0.103316929559372 0.520347929893724 0.000556935915936832
-0.0892811716604455 -0.00156018549727731 0.629904609833273 -0.0558430251898819
-0.0440385850158583 0.0605971654763899 0.718201873624315 0.0577463684196738
0.0172243459344702 -0.00579901216485246 0.81814838824207 0.107775455814716
-0.0292905058980219 -0.0418396293404468 0.701874036757934 0.100925611062059
-0.061111766311891 -0.0535681858923117 0.403764764728183 0.0588226915303699
-0.0631536505518916 -0.0788271193504727 0.0893152446073427 -0.0673948713887611
-0.0598208145622379 -0.0826802606158411 -0.216905180120962 -0.170363249384705
-0.0428921202761504 -0.0786597320117077 -0.451335383948228 -0.30271103733853
-0.0150065137130472 -0.0434341951519584 -0.634382377327968 -0.338730222312334
-0.0226164740077875 -0.0123513505574487 -0.715430678031035 -0.272695680079249
-0.0725088624394226 -0.0354816265347473 -0.737775064577241 -0.142157495149929
-0.0405951648509452 -0.117219733071128 -0.621894691211869 -0.0601943585623538
0.0206868660434151 -0.0525047284753744 -0.29479007627895 -0.0576101816172796
-0.000721858198072513 -0.0284988248078359 0.132239639326033 0.0630536123749582
-0.0345432441095792 -0.0777271806612876 0.534733043703026 0.0294860973655292
-0.0788581301819949 -0.00299012029074844 0.633353515546655 0.00801041375252553
-0.0547783954830147 0.0292348478458326 0.714029820836141 0.154490750770127
-0.0197417083891738 -0.018688672260015 0.815619003079256 0.190078844128471
-0.0616712490198739 -0.0401404151252517 0.686415966558174 0.132590257912514
-0.0816241040678592 -0.0440197312170443 0.370460877051536 0.0481513819601738
-0.083939572635258 -0.0647416711686207 0.0511370090221512 -0.097122954197155
-0.080685425948079 -0.0666908946757764 -0.258956909164088 -0.189834805874432
-0.0735729509830957 -0.066621774400176 -0.493345858856953 -0.287579355241752
-0.0520648371127259 -0.0457563662820173 -0.658926059290675 -0.279097090147183
-0.0442480959150555 -0.0348695672398405 -0.721885909462633 -0.175294632286382
-0.066750771560766 -0.0356629162176072 -0.737249127371803 -0.0531589194031456
-0.0521447021275624 -0.0912257880515651 -0.613558058918112 -0.011640462358747
-0.0197907264100266 -0.04121667392031 -0.279892942768969 -0.0391362553501707
-0.0380872965499065 -0.0259802924756951 0.142918861361772 0.0670701263991258
-0.0434217623671669 -0.0453362782088605 0.549824209834851 0.0702014746454246
-0.0550933888981581 0.00590298977467345 0.637048564607911 0.0838536103912792
-0.0459970250699585 -0.00771559517270661 0.704983569952026 0.254362587990649
-0.0453276192821031 -0.0386830649226702 0.79462062280838 0.273176516385842
-0.0843441762356767 -0.0352003426662185 0.652425006248875 0.170461454628785
-0.0889370900030459 -0.0259640343349626 0.329737844486383 0.0429573821220544
-0.0902926709286481 -0.0391616172061083 0.0099510731361051 -0.118305453554057
-0.0866493545637208 -0.0384533826504014 -0.30536290427807 -0.198626621290994
-0.0889492220101682 -0.0402202354471978 -0.540551086501791 -0.260405236449677
-0.079811915637616 -0.0355800831807394 -0.687429851464734 -0.204698383627483
-0.0606231401254406 -0.0525587366732311 -0.722632328382448 -0.0759140823705183
-0.0509438328673675 -0.0370317874851625 -0.724107740643081 0.0354421852948297
-0.0500467565920276 -0.0590297797224564 -0.598475569600737 0.0339760141000865
-0.0551701187868326 -0.0208790312396772 -0.256782090683771 -0.0234479322383897
-0.0717825329024016 -0.0215261409933457 0.16469444867862 0.0766610059960398
-0.0461789480957039 -0.00761753911393939 0.560771985019631 0.110736605157271
-0.0200405560630167 0.0204683735629988 0.643600949544275 0.169304187271287
-0.0237991636431348 -0.0422539900540418 0.69783955416796 0.3466270143711
-0.0584910058331599 -0.0549088935191458 0.75970345990993 0.341439094481585
-0.0946149058071413 -0.0248791431525188 0.606901613631244 0.203919764441895
-0.082676756149214 -0.000885068582975252 0.28429947679517 0.0419512808711766
-0.0813035806889284 -0.00555749511995589 -0.029520899307657 -0.128969593845946
-0.0783078410471317 -0.00470049077355636 -0.351382696159656 -0.193553855543254
-0.0894010770360625 -0.00776109547720707 -0.584149215610377 -0.220774495417767
-0.0932524991790804 -0.0227795741997937 -0.709393107945037 -0.129117414343637
-0.0657357960077984 -0.0691148489861611 -0.719373365531517 0.0114065070670758
-0.0253551030364006 -0.0401670807448272 -0.704402941207616 0.108126724610246
-0.0368771241791243 -0.0256948770170677 -0.577970579504632 0.0688622244231731
-0.0829043324423244 0.00180425683797372 -0.227373113875124 -0.0143170827444536
-0.0929807566614215 -0.0121817684163356 0.19138498352368 0.0878910759856842
-0.0339477461411375 0.0291205785531557 0.57091329120594 0.146189130545079
0.0240426995637328 0.031028054159594 0.652295735736874 0.239545291110445
0.000293732241835234 -0.0677364422557854 0.690595834304777 0.407121115291186
-0.0605907175592932 -0.0573530376643467 0.717184006687373 0.383798455734547
-0.088625943159764 -0.00113891339508227 0.558985196201614 0.228894580999881
-0.0606693638143893 0.0299542264113788 0.243626174148449 0.0508931109454705
-0.0568687851684265 0.0308021431554185 -0.0593277932928332 -0.127682195329212
-0.0546363427369432 0.0300298590561621 -0.388166888392814 -0.179048795381727
-0.0764984058884356 0.0202894815558819 -0.6208130030498 -0.178974307646282
-0.0943151451707346 -0.0152146744289617 -0.728979474955762 -0.0663833271922952
-0.0586575175749513 -0.088153589234954 -0.714681018346791 0.0738823756016333
0.0107615009648076 -0.0429192907538343 -0.68580422695378 0.156325779544448
-0.0191696789914058 0.005827323373447 -0.556977515331406 0.0872743626163183
-0.101524546878443 0.0207470979317012 -0.198307312410842 -0.0130163927855324
-0.0967750644844198 0.00325903755286441 0.219791389226979 0.0973462430518572
-0.00574666824600655 0.0565903075968662 0.577451229011617 0.167029223768397
0.0670663731510941 0.0343102808630905 0.66971273114812 0.283810722152721
0.0183968572371478 -0.0789931938285685 0.689170504369249 0.429954346017499
-0.0501799663843356 -0.0398754983464084 0.674319542967302 0.397698787578073
-0.065811419016476 0.0316210020932577 0.5157512328215 0.249848928175774
-0.0278949026740298 0.0621495568108783 0.215243311376403 0.070182624545804
-0.0215343057635076 0.0647382076046482 -0.0769134927413626 -0.11535488829217
-0.0224701106917684 0.0582556266169127 -0.409701460931895 -0.157215609557414
-0.054045314620009 0.0400179951686322 -0.64512946251092 -0.145156970560024
-0.0814487437835117 -0.0166931571275518 -0.748355537122613 -0.0270698247755553
-0.0345849877200648 -0.109433551345854 -0.71836053240867 0.101013937239965
0.0507192022155884 -0.0417762912176417 -0.670717891323529 0.173026548653033
-0.00186040289638201 0.0333299020809147 -0.537565664188041 0.0923104201642021
-0.107965595988547 0.0322809261632922 -0.172465638885538 -0.0165911136162321
0.0745096090046205 -0.0509137822058365 0.159420002165465 0.0571667249577087
-0.0197720834324384 -0.114051698794308 0.516445465954169 -0.0367928945697414
-0.0573309494388085 0.017038672053131 0.646230350842455 -0.129837165178923
0.0205424976900914 0.0771883262883867 0.716652284475632 -0.0680815657114506
0.0876592013098228 -0.0144808973363103 0.785315569142538 0.00856868805296986
0.0376591437097919 -0.0436767942868202 0.700663455414038 0.0810179420444632
0.00718746539599999 -0.0492401246260742 0.431116235408982 0.0998281805811387
0.00852034123323005 -0.0657213704637828 0.130542172748266 -0.00471437133022507
0.0132956332511009 -0.0641544441016464 -0.18100689767817 -0.110501944232227
0.0379757833222158 -0.0469292158110945 -0.426188367275092 -0.292687929460096
0.0599976440824664 0.00334767148096837 -0.63421080128915 -0.40848048719683
0.0125161692971415 0.0362962102341543 -0.704715755319633 -0.419839540670573
-0.0536937620681175 -0.0423363353029866 -0.710498907237431 -0.260215181363269
0.0175093395573891 -0.13549636435643 -0.617561131051621 -0.121066767526677
0.0927851609433023 -0.0369903694670543 -0.287952881453157 -0.0887570185420745
0.0603834704970869 -0.0443798691665038 0.141790531818366 0.0626761381261995
-0.025590559120916 -0.11664152081577 0.516697948153648 -0.0220029288938507
-0.0819526673160178 0.0075188269222582 0.635976688239307 -0.103674214141055
-0.0158240524400313 0.0783063179254872 0.721773827806336 -0.0196075938033467
0.0555909584478125 -0.00547500201525158 0.808251241003519 0.0396069829388999
0.00404637172336447 -0.0445880243756038 0.708615249426513 0.0791795235751619
-0.029842447308821 -0.0559962729980086 0.426488847799703 0.0765857649472386
-0.0306671892909567 -0.0789198087473044 0.116386280837637 -0.0359152306471022
-0.0266977416523304 -0.0815252257492053 -0.190223259317115 -0.140570422773865
-0.00353453752622432 -0.0716943856018461 -0.429208167226312 -0.302341094737204
0.025415488484161 -0.0254615435820049 -0.626799748545316 -0.381079291234738
-0.00274248733791563 0.0131866902873125 -0.708822148824447 -0.359987207888844
-0.0692937416713156 -0.0379164593049098 -0.731057883253613 -0.216860346509889
-0.0165171177500355 -0.135023233983548 -0.624016955603937 -0.100167731473718
0.0620317085407167 -0.0503437061043676 -0.298890649284332 -0.0764323746170705
0.0340267040032683 -0.0353649057986499 0.132122362064167 0.0635778909733854
-0.0285896592166135 -0.104257958897986 0.525068526677674 -9.65252615120884E-05
-0.0894877909214573 -0.00175046811920812 0.635866389816474 -0.0596519699786913
-0.0444001000263245 0.0605196995168123 0.722979371081753 0.056620057834225
0.01648752453491 -0.00545456596025453 0.823106290187346 0.105515811009905
-0.0302964725031212 -0.042119056000683 0.70666732038053 0.098498856494789
-0.060554052056834 -0.0536268132500664 0.40541224562388 0.0582629625734332
-0.0635959987780168 -0.078626395416163 0.0890944881534472 -0.0679984041644582
-0.0607700857255314 -0.0822849209953392 -0.21959847382783 -0.169220359326254
-0.044216110341575 -0.0790844873661941 -0.45447117393852 -0.302055543018092
-0.0151335652983504 -0.0443665112460805 -0.638668138405394 -0.339046332884988
-0.0231330143893214 -0.0128880088863022 -0.720633250012843 -0.274821469030289
-0.0732658434932691 -0.0358535031084262 -0.743136732259151 -0.139435592937299
-0.041597695960971 -0.117706200901422 -0.624444307609146 -0.0592507522500739
0.0209205710200852 -0.0521571750518174 -0.297607452250943 -0.0577294584952089
-0.00114381941081983 -0.0284586352441858 0.132155248136338 0.0639987333826204
-0.0347201794959071 -0.0779736725617239 0.539216292754603 0.0274205840961411
-0.07966573429055 -0.00283733951399108 0.638263287839678 0.00704994585331776
-0.0545824117846629 0.0294112766959077 0.720103606285724 0.153759318257629
-0.0192116454000866 -0.0185676980642844 0.822007398272453 0.187385641478944
-0.0615514396092633 -0.0398868749305931 0.688565191608314 0.132063352731725
-0.081758690601598 -0.0439552624057383 0.373178055594315 0.047010034206382
-0.0852668840527795 -0.0649337954657259 0.0514549762382477 -0.096811780454213
-0.0814237099784276 -0.0674413474484985 -0.261431425964637 -0.189316948756723
-0.0737561054359802 -0.0668388430182583 -0.496490415159296 -0.289081653427883
-0.053089182012343 -0.0461641667335033 -0.662910825958903 -0.277166773891977
-0.0445548729820893 -0.0348944551370156 -0.725756160171071 -0.174743330404162
-0.0666409047330306 -0.0362516790851445 -0.741677167848421 -0.0503614465307904
-0.0532637559041246 -0.0910533766670286 -0.617202047038234 -0.0109680577043193
-0.0198984777017373 -0.0407330397969051 -0.283505217056229 -0.0386801689546982
-0.0386553606792792 -0.0249416096692999 0.14435058129929 0.0675441465120806
-0.0440629809040032 -0.0450677386748147 0.55484586244345 0.0680372412532719
-0.0551208295391671 0.00609708476324814 0.643115137535425 0.0829867180711894
-0.0463568663958312 -0.00807486376647874 0.710598829846803 0.254810188467239
-0.0458573055701028 -0.0386241015859039 0.800358939813721 0.272340061987096
-0.0848869913877358 -0.0359853687651026 0.65603887166465 0.169676814967616
-0.0888775592460543 -0.0268524103836735 0.33186016881788 0.0433041456113727
-0.0909771894263465 -0.0387640559105272 0.00943499319767144 -0.119003583016299
-0.0880381444371072 -0.0382291533466352 -0.30867155672446 -0.197391936960353
-0.0899355189514609 -0.0404596988149586 -0.545612849471321 -0.258472955729167
-0.080376215790006 -0.0363389046395273 -0.690618018609082 -0.202856939359351
-0.0606657277660817 -0.0527116023953728 -0.727677060599885 -0.0743672956493567
-0.0517317139391293 -0.0375642866871492 -0.730214686123535 0.0374945667834859
-0.0511361381984123 -0.0584903873856885 -0.599408484721332 0.0343345471211174
-0.0551343153075651 -0.0213250209962528 -0.258858129506923 -0.0228436418371761
-0.0718318508287591 -0.0205621224242519 0.165006683856429 0.0760989919984258
-0.0474162142771565 -0.00780061423041101 0.566935617694586 0.110560117985404
-0.0194489814726038 0.0201520403729212 0.649593408817849 0.169426040303344
-0.0230062303075521 -0.043377167068713 0.70266299093396 0.345130481994498
-0.0594782273751152 -0.0550273965813031 0.764977823616341 0.340019747482611
-0.0955322562279735 -0.023776740458404 0.612704184239022 0.203523786284287
-0.0819854352090417 -0.000487814442607981 0.286153370759606 0.0426180479739194
-0.0817726552948286 -0.00504497797562776 -0.0305841637433664 -0.130190553363713
-0.0776451362166594 -0.00358469289502606 -0.355050207007406 -0.193176173894693
-0.0899967792335527 -0.00778769187845968 -0.58886664348839 -0.219164285717128
-0.0944729517249367 -0.0223750226727647 -0.713102817238713 -0.127388001682247
-0.0669539908612239 -0.0690379735561911 -0.724505701983861 0.0131645572324304
-0.0250202222453818 -0.0400436298624373 -0.708036738166706 0.111823324090617
-0.0381452488215164 -0.0250369547690118 -0.579828993504002 0.0690967419277865
-0.0834646064876873 0.00155515902505929 -0.229630050006848 -0.0151428042641663
-0.0937445498043046 -0.0115456838238853 0.191937585878562 0.0878002969581247
-0.0346479669238666 0.0292246021186518 0.574364268042977 0.14432518005036
0.0246568360463934 0.0318416222423294 0.658131910815735 0.2389222730697
0.000326294571070938 -0.0683596582066597 0.694701549956292 0.40920131624847
-0.0609116812248691 -0.0568445171182176 0.72180901053563 0.383962216991565
-0.090009953331771 -0.000476915351062916 0.562537782508169 0.227409884177741
-0.0601610971261609 0.0297161302188649 0.246232494532968 0.0509752394800644
-0.0570504966142848 0.0309636956062444 -0.0597359782877092 -0.128549267904047
-0.0550355222203546 0.0295640671599753 -0.390605629044715 -0.177471847297265
-0.0776406627398111 0.0209878052806567 -0.62382681141686 -0.177706834980761
-0.0947848916589331 -0.0159989142720553 -0.733645559318764 -0.065091016242791
-0.0591962893956306 -0.0885870968144464 -0.719462378091284 0.0781018967478258
0.0107555107596868 -0.0430344098420359 -0.68970856396008 0.15993862936082
-0.0200288343117184 0.00682331741639076 -0.558237924185088 0.0874383431426961
-0.101738578323503 0.0215886098153919 -0.200378234912419 -0.0131689152725085
-0.0981218039202845 0.00410516173624881 0.221458704391646 0.0978434153578707
-0.00506924096269981 0.0564814449154546 0.581591043454833 0.167722763995189
0.0683236665792379 0.0348752621299106 0.676238916787747 0.282596808238197
0.0183943960333462 -0.0792458838332272 0.695199903955085 0.432070412226924
-0.0511125300146765 -0.0400841959320743 0.680223071057555 0.399703646717323
-0.0661097333252443 0.0318694579081166 0.520048488336531 0.248846589011573
-0.027134803699388 0.0624897583901022 0.217672455475338 0.0705527574341978
-0.0212933638848493 0.0656785803579735 -0.0769277254512456 -0.115070249890796
-0.0218938273291994 0.0583612609338916 -0.412176579906212 -0.15614999188505
-0.0539579200818663 0.0408378755703612 -0.648517638608137 -0.143982606752359
-0.0824180757896241 -0.0175855890607751 -0.75262850862182 -0.0245137036749848
-0.0350458261896086 -0.109187862132144 -0.723698343072285 0.103314032389964
0.0509000818183957 -0.0417304053957786 -0.673709559210843 0.177055689268313
-0.00388503638841449 0.033695418233453 -0.540863453950176 0.0941698160456614
-0.108936565948077 0.033521484130588 -0.174161377818381 -0.0163595516537577
0.0751274252833932 -0.0512893992708503 0.16079260186136 0.057940114618862
-0.0199379002161832 -0.114976021173527 0.519516161376156 -0.038368229854504
-0.0573917741863072 0.0172402920228419 0.652877298996159 -0.134187320851423
0.0211275097377411 0.0769092884136415 0.722490301466985 -0.0717826656332515
0.0888793435385707 -0.015121622202567 0.79099174633656 0.00551229728447889
0.03736596828428 -0.0440477963917164 0.706975645338139 0.077750936752705
0.00716296377487456 -0.0498534173810328 0.436597606813651 0.10038660503595
0.00865472348649236 -0.0658008741973111 0.13033179379946 -0.00461413251553028
0.0134642968640614 -0.0643987230118242 -0.182684887490093 -0.109766309190786
0.0374847355431581 -0.0469787879251418 -0.430718892939463 -0.292520143911321
0.0600298666012633 0.00356135725086602 -0.638636246094625 -0.408501184903295
0.0132854013179722 0.0363044957855985 -0.711976444185525 -0.418680609844027
-0.0539645769343885 -0.0429025312914602 -0.71661531865549 -0.258422699811916
0.0167914447918402 -0.136604464471549 -0.621019358576793 -0.120316922712613
0.0937385873545005 -0.0375089364001336 -0.29054844179397 -0.0883711708969283
0.0597080697360462 -0.0439556399158203 0.142744128920994 0.0628044449553572
-0.0263459986402004 -0.117343578963617 0.520772110712701 -0.0255821088968211
-0.0825566752261566 0.00691254026967854 0.642129796486456 -0.107272660323542
-0.0159870953004429 0.0791882259263181 0.725465930261807 -0.0235063254516741
0.0557239151401283 -0.00595244119994799 0.814426390620596 0.0375880568405772
0.00448601285427735 -0.0446805476560139 0.714209188125433 0.077186928584898
-0.0301661841548578 -0.0558505510084783 0.42999043486131 0.0750390887538005
-0.0314521503709651 -0.079434648351381 0.117388697309097 -0.0355229880950041
-0.0271148855808639 -0.0823183376086935 -0.192860738221376 -0.141059625490073
-0.00405678736625173 -0.0726708317442117 -0.432201412286409 -0.302656004786548
0.0254874270134662 -0.0257125451084224 -0.630442454767434 -0.383144026320401
-0.00290441140218665 0.0136699610241451 -0.717229848050383 -0.35946446992335
-0.069678815186373 -0.0386752935507995 -0.73610131087101 -0.215029553038786
-0.0177345551864134 -0.135165552135598 -0.630113809373214 -0.0997282496292093
0.0622181187476652 -0.0503286141654799 -0.3015382560199 -0.0769954563543511
0.0339636789929923 -0.0352210120920299 0.132567138201949 0.0638724876977328
-0.0289152860868152 -0.105451388906999 0.528981704587162 -0.00213559671802855
-0.0898929935933321 -0.00178877010932994 0.640707512292971 -0.0606096586126714
-0.0448779477312784 0.0615579856826633 0.729864824816097 0.0546159291910293
0.0169640805821596 -0.00609342337769453 0.829660885621817 0.100914171870688
-0.0306148662114135 -0.0422382316047461 0.711705490478116 0.0945801710235351
-0.061804394795346 -0.0544381812636304 0.410072402737223 0.057290056481842
-0.0646966943990674 -0.0790873648406028 0.0890211564298111 -0.0685005608627414
-0.0607717598401967 -0.0831782093464977 -0.221352323790495 -0.168527187941312
-0.0443591390269475 -0.0788312713471131 -0.457729866924858 -0.303557807287078
-0.0150990271527376 -0.0439342852754554 -0.644182013471033 -0.339339384062565
-0.0230931389070067 -0.0121889319474518 -0.726426349272728 -0.272262233447234
-0.0738374415799663 -0.0362208263770858 -0.747277586110365 -0.136273014180697
-0.0425072656856867 -0.118085120471575 -0.628264564956468 -0.057633968307747
0.0214260050197296 -0.0518335467399896 -0.299701967240381 -0.0570378349907099
-0.000443567611589856 -0.0283439574472935 0.133953581862948 0.0641059937018673
-0.035385186729503 -0.0791503609697861 0.544212085207262 0.0265119111346079
-0.0795223412586558 -0.00310148409602144 0.643742587098034 0.00353773942439789
-0.055216943579586 0.0298889730254651 0.727125975640539 0.152683138341578
-0.0204135594661312 -0.0184865481096725 0.827539759725944 0.185573929594389
-0.0627708578049995 -0.0399734686920126 0.696666013227129 0.129678630135123
-0.0821132143155251 -0.0450915296672996 0.375712397986646 0.0464099744628799
-0.0857128001954993 -0.0648471500370863 0.051255303178079 -0.0980505674641575
-0.0822306907763746 -0.0674578851296937 -0.264190909181835 -0.189085160381321
-0.0746449151357232 -0.0670402033209194 -0.499882839168902 -0.287126849671933
-0.0532539361934923 -0.0464254756648693 -0.670477632689855 -0.27744199915444
-0.0455361917953862 -0.0351662168737102 -0.732967580927183 -0.172137799224472
-0.0681976148536923 -0.0365596753755378 -0.745813149061 -0.0457418481177392
-0.054861727592449 -0.0916065959070844 -0.621399212032361 -0.00961023209361589
-0.019640912952378 -0.0406270175478462 -0.285482290560035 -0.0376858134703275
-0.039033118203624 -0.0243568826693269 0.145432140314955 0.0671490991052135
-0.0439799618449956 -0.0449476059932104 0.558882628181197 0.0674059663192111
-0.0555552066777878 0.00621093256315077 0.65106226578284 0.0823832459937642
-0.0455468960456693 -0.00749678201147111 0.71724696230219 0.251686882784433
-0.0465404135837123 -0.0387575404818826 0.805623736868658 0.271736637587091
-0.0860157735325264 -0.0354321178681033 0.662797264189157 0.168107542520784
-0.0897843567427987 -0.0267188989398132 0.334197520861677 0.0411337615623275
-0.0926794505073204 -0.0385275341877825 0.0091661749992646 -0.119940823798758
-0.0884253569752264 -0.0385878606076423 -0.311990518896592 -0.196786735165986
-0.090234358432377 -0.0401732098112138 -0.549922773288507 -0.259057331872326
-0.0813826602206041 -0.0355010884048019 -0.696752006968751 -0.202101972086874
-0.0618188286678859 -0.0522545884032389 -0.733304043788585 -0.0724761135348759
-0.0510624633654233 -0.0382505160886072 -0.735747903452168 0.0434696004956317
-0.0526016056823442 -0.0595367678873907 -0.603694452613583 0.037905317784422
-0.0559729037380885 -0.0207957629288687 -0.261828384134667 -0.0228940282138477
-0.0726469403571211 -0.0206231521634302 0.166434847864049 0.0760681640165182
-0.0474332697685149 -0.00799980310822222 0.570705752854258 0.108609754170203
-0.0196496459141608 0.0207367580468535 0.654139924876323 0.166090837853546
-0.0240234769180052 -0.043391327694388 0.708098068145661 0.346171032748012
-0.0605328714492077 -0.0547815359500004 0.770145464434995 0.34115071494273
-0.0963525099384401 -0.0235336550119576 0.615945177884658 0.202133685493444
-0.0824685734807113 -0.00131291015105285 0.288127864291802 0.0418201495231553
-0.0827512043934998 -0.00568195354805129 -0.0313142995694294 -0.129933351781353
-0.0789478414319155 -0.00422482379103185 -0.358753468015934 -0.193332381442493
-0.0908172793398268 -0.00794368646048464 -0.59273899161782 -0.218911028460721
-0.0954263913746814 -0.0234344208327946 -0.719294016935336 -0.126198833899043
-0.0676972244811822 -0.0689406033796154 -0.728875775768693 0.0155524782290637
-0.0255338498890921 -0.040205045737334 -0.712690821557178 0.116451542413591
-0.0394643547390199 -0.0258360717104418 -0.583124434972787 0.0725160037861192
-0.0837095434954149 0.00256086477179586 -0.231999821190357 -0.0144671729192275
-0.0955439668271137 -0.011015155854238 0.193558243875441 0.0866868527532942
-0.0346126372632994 0.0289825099175084 0.579364107369672 0.143906907054158
0.0251984020390449 0.0318275838037122 0.665838223367606 0.23877240375075
0.000359767459878455 -0.0690437108754005 0.701229215167986 0.408205495379357
-0.0618613551858877 -0.0573133337696039 0.727390734470138 0.381934874167066
-0.090080508287362 0.000357562120957725 0.568206861014646 0.226153384987421
-0.0615362388228959 0.0301635700417402 0.247682493584834 0.050485574383843
-0.0569501599941745 0.0321017940158478 -0.0613110191314303 -0.129171558987866
-0.0554351557313497 0.0304697255076628 -0.394244658507225 -0.177113433110168
-0.0773932238958766 0.0214408515754977 -0.629264064559579 -0.177325354720841
-0.0957657479897832 -0.0152018607532141 -0.738392618140258 -0.0611466331601528
-0.059514426559113 -0.089076196112231 -0.725388585461166 0.0796563614185007
0.0111789866827113 -0.0438586006984761 -0.696003872572574 0.163246732641818
-0.0209671090575602 0.00635937540928441 -0.563272544174838 0.0918311304085808
-0.10248435824279 0.0224377652077402 -0.201576185616029 -0.0131192471054139
-0.0989553525355606 0.00471458653865286 0.223187816099452 0.0977722058140296
-0.00545341041505256 0.0568868178956176 0.587414040491632 0.164634102386869
0.0695645188300568 0.0341725801445209 0.682068054480209 0.283112070857142
0.0175169121999967 -0.0797299657884072 0.701519817328637 0.432111400276978
-0.0517920085639826 -0.0400479770101757 0.686152605273367 0.398931279103391
-0.0660002386025583 0.0327972404593132 0.525042566821621 0.247815800599817
-0.0262965171807646 0.0631839245653752 0.219139760153805 0.070064056693587
-0.0209733514917245 0.0653548230033985 -0.0774376934901472 -0.115508510760335
-0.0214311064877548 0.0588673008674225 -0.416185027907357 -0.155433677271708
-0.0550109657888708 0.0404639321067302 -0.653545672828465 -0.140698225381873
-0.0837206810017044 -0.0173960110723638 -0.757450429838325 -0.0209498003316901
-0.035861001426001 -0.109767126656169 -0.729282788288265 0.108447713620468
0.0514022153576658 -0.0423612809520401 -0.67858338565986 0.181782400047503
-0.00328668297250595 0.0341747640795427 -0.543607992608833 0.0964873614575916
-0.109747165230838 0.0340252465242648 -0.175153241816924 -0.0159150285246569
0.0755600746517649 -0.0506570450235021 0.16195783303683 0.0573126070113663
-0.0210758075622697 -0.115956072711013 0.523888789202227 -0.0413622318157357
-0.0574843403781644 0.0169188523152349 0.657509672314028 -0.139460614389534
0.0217829806615843 0.0781666680128602 0.72743773943599 -0.0763829586320658
0.0889338178460489 -0.0158644363783521 0.79820105656189 0.000771183618507254
0.0369938243579221 -0.0448378088747563 0.711913203044736 0.0727752027378696
0.00776162169833822 -0.0511114392217034 0.440444226810172 0.0966556100119002
0.0076482107076854 -0.0665257606353922 0.131263416266235 -0.00522468627868089
0.013470567852659 -0.0653441047834512 -0.184751575179536 -0.108028894751473
0.0379063198343387 -0.0470336267690035 -0.434666781887276 -0.290839692109321
0.0601389241085278 0.00341456083101355 -0.6453030870902 -0.408179820814965
0.013655687382878 0.0364311248432736 -0.720022791386181 -0.418577268179937
-0.0544828980207654 -0.0433570266056672 -0.722503797073394 -0.256949842894833
0.0155405569261472 -0.137623829542916 -0.628449915729414 -0.118585533829169
0.0949385450489274 -0.0367297008691156 -0.293972795856638 -0.0870815774779431
0.0598824275645125 -0.0441315251095927 0.143655328636234 0.0621035855117039
-0.0270466716533134 -0.118333721558234 0.524682012414667 -0.0283767837209043
-0.0828869233589732 0.0078769046764048 0.647480413705196 -0.113624295710279
-0.0147754491466503 0.079614649369153 0.732488169456893 -0.0279330209710237
0.0558383488620955 -0.00633416889145236 0.820796431868588 0.0315065440104741
0.00386579214680608 -0.0444061717818296 0.719105745908719 0.0714022070091276
-0.0293771029183339 -0.0564345218636559 0.433172846488809 0.0724660059085016
-0.03222860394763 -0.0798799310710615 0.117694718756722 -0.0364851789595002
-0.0278087225257267 -0.0820360417258363 -0.194364397710753 -0.139050731021652
-0.00458835659618629 -0.0726051520571544 -0.43679707900764 -0.302378577779103
0.0254481817878369 -0.0261680016533494 -0.637464491491508 -0.381226506450099
-0.00309335945003584 0.0137343522881008 -0.723901105674411 -0.355981469118214
-0.0704539920500417 -0.0388939876813721 -0.74352862351663 -0.210968894313586
-0.0192429956395344 -0.135268154207941 -0.633046346211576 -0.0961256347435802
0.0629900559663703 -0.0502655421960263 -0.304695873750714 -0.0760171723531523
0.0338862371045799 -0.0346489495396437 0.133767991016365 0.0628188668664574
-0.0294976695932767 -0.105602043894207 0.533274562277878 -0.00510736614994218
-0.0896638153332104 -0.00143463164530686 0.646819479804018 -0.0648666452083878
-0.0439269838192954 0.0621354084255616 0.736579457872183 0.0507280639502374
0.0163570591011728 -0.00609708735564522 0.836778096095127 0.0967102758404684
-0.0309637713453146 -0.0417479079479289 0.716725251331481 0.0902282234646239
-0.0627068353552011 -0.0548094054471617 0.412783009129846 0.0562021620160196
-0.0659772734500377 -0.0794616355653297 0.0894613925490832 -0.069130820005594
-0.0617044125387552 -0.0835567519975302 -0.224334478988262 -0.167846222522384
-0.0453435005178733 -0.0798590713762322 -0.46275275494366 -0.300997037097002
-0.0156995374569167 -0.0447150730579212 -0.650555552679078 -0.337358273122454
-0.0231062642716407 -0.0119016665288835 -0.73366708669147 -0.269225758077798
-0.0738353352433908 -0.0363050212376333 -0.755310918543184 -0.132195192645789
-0.0445333892567602 -0.119604535657914 -0.635576550264519 -0.0542180346328173
0.0214544347201333 -0.051486357793235 -0.303378567328522 -0.0559547776032474
-0.00145483807149072 -0.0278752929235841 0.134150132347214 0.0629355543132082
-0.0360818425714291 -0.0791603848363171 0.549626682088331 0.0230980775299742
-0.0801520541282341 -0.00194846536074493 0.649947465196299 0.00161546909369082
-0.0557318217956552 0.0299526965446399 0.734212614186599 0.147551994874356
-0.0207060044169934 -0.0190850974526438 0.833907195610942 0.181262356068204
-0.0635054278011545 -0.0395381960855667 0.701747917395981 0.126801219139057
-0.0827441887610422 -0.0444217844882671 0.379001558264073 0.0442322690022845
-0.0871977081477016 -0.0652820304767423 0.0508571995417226 -0.0981699892244475
-0.0827287595359888 -0.0672254414906543 -0.267198655432369 -0.188141077721085
-0.0754967750321138 -0.0667123507584704 -0.506183202128873 -0.287470666557804
-0.0544219763713494 -0.0464442540694498 -0.675361512364249 -0.275450221130321
-0.0461679300964806 -0.0341757085616326 -0.739378255099062 -0.171041102246926
-0.0686422996360782 -0.0368920894658755 -0.753044479988979 -0.0411104712368264
-0.0557280623118302 -0.0913607613273056 -0.624963076230378 -0.00485994653163005
-0.0194731814952131 -0.0406943524857036 -0.288764831942253 -0.0368956976677603
-0.0401689276586553 -0.0242348159829576 0.14638941864832 0.0665287603498302
-0.0446212745035149 -0.0451192993838603 0.564163772594125 0.0648444447809487
-0.0557928668038823 0.00694963922587661 0.655749369976772 0.0770973376041823
-0.0467485505070962 -0.00767257979588659 0.725359659148524 0.249087420220926
-0.0471613053573448 -0.038588189906689 0.814291526180386 0.266791336137864
-0.087280521500402 -0.0345590937534683 0.667661668477475 0.163964412232652
-0.0901565874389531 -0.0258655940973075 0.337285959772633 0.0386496367975529
-0.0925142699930794 -0.0383760984915624 0.00797953539622901 -0.119752870131607
-0.0886561650369688 -0.0386222452202468 -0.315531497572068 -0.195330724740912
-0.0920682987446635 -0.0388301097891533 -0.553591881560762 -0.257864868470556
-0.0825317142985749 -0.035537817920213 -0.70289799604644 -0.19944467192814
-0.0627663732689766 -0.0517303921898058 -0.73921261655318 -0.0692395065432833
-0.0522848342030752 -0.038290748212197 -0.741237059994028 0.0482195351874999
-0.053744386125484 -0.0594291716479922 -0.608092412170369 0.0411724755475997
-0.0559362377528506 -0.0209452516495168 -0.264084297953955 -0.0215682285675571
-0.0741881762961168 -0.0201882647363132 0.167809581940417 0.0750886231900827
-0.0478362281913777 -0.00785333792013306 0.575679368224053 0.106499781352932
-0.0189729914256686 0.0210370473946738 0.662519539777815 0.164681783338249
-0.0237669913168604 -0.0428080718075404 0.718598462842147 0.342149282534795
-0.0611499641072246 -0.0559677550135433 0.777772559031065 0.33749959478271
-0.0975267100839208 -0.0231197287738323 0.62225391941044 0.197313922720253
-0.0828504768732347 -0.00109265837042421 0.290753001006816 0.0408714695162414
-0.0823080148436873 -0.00440704558385348 -0.0320692929232439 -0.130578844254206
-0.0794927140819609 -0.00318212706388625 -0.361927222049052 -0.190698760184414
-0.0913557369029649 -0.00731531641151775 -0.59841875787438 -0.216323134763479
-0.0962587519885556 -0.0222176387802365 -0.723677250070154 -0.122607288077768
-0.0687937809248305 -0.0693222887123423 -0.734954738193519 0.0227761328994533
-0.0258192073455603 -0.0409914695930942 -0.718217051515458 0.122405148316176
-0.0401795087714421 -0.0253873764947426 -0.586430741981749 0.0761363820717988
-0.0850364193752188 0.00381080190636671 -0.234623731677062 -0.0132892026214603
-0.0961011358656782 -0.00993686605110009 0.19509891178913 0.0871341642312347
-0.0350044131264267 0.0295619329852486 0.584106517176131 0.141930466784039
0.0259878356763482 0.0322726605101323 0.671276086119441 0.235581915320639
-0.000704904052633237 -0.0698598349272557 0.709692967075999 0.407668774235522
-0.0627122692584 -0.0573687394602336 0.735850160255527 0.37922887437074
-0.0901433194118025 0.00100139916252096 0.575172333142933 0.223401595397869
-0.0607453825164073 0.0307444242199319 0.249758090289864 0.04931596649943
-0.0573876365244152 0.0323184400402892 -0.0623430887446833 -0.128969795420838
-0.0553720615435415 0.0315112753392235 -0.397479589536789 -0.176085518468278
-0.0779949516960093 0.0222937985567213 -0.633449845486207 -0.173604298081524
-0.0968677732127841 -0.0144456991562495 -0.743264443100412 -0.0571390923958417
-0.0606921933504805 -0.0891192787403436 -0.729515853071242 0.0852873225000882
0.0103700725244468 -0.0440372110682667 -0.697891270041272 0.171218848892739
-0.0216142224492742 0.00655239750587739 -0.567585904481855 0.096373058903562
-0.103293181947288 0.0238668964765877 -0.203963795025444 -0.0115224608351677
-0.0998163318508326 0.00613238931404896 0.223855695813953 0.0970316640165581
-0.00521023441339163 0.0572933147688211 0.593270534044862 0.163890281491423
0.0703539287992147 0.0347071266295322 0.690548545369349 0.279358540876953
0.0173988865940719 -0.0807663596455367 0.710010274640153 0.430393826805096
-0.0529413249959565 -0.0404677935349835 0.694398071602534 0.396717084068242
-0.0667704697624091 0.0340038143865537 0.530314224329014 0.246004866196466
-0.0254914029044649 0.0631364289980608 0.221514754319844 0.0691501771695991
-0.0206426672675146 0.0664557132015127 -0.079039901985168 -0.115160379217321
-0.0216491856795523 0.0592068329913503 -0.419405169048624 -0.153456204198982
-0.0549170652670861 0.0415251706327774 -0.658148079537496 -0.137317990003802
-0.0838179701669728 -0.0162894841418271 -0.763237639701589 -0.0155981840406607
-0.0364503085182525 -0.110746795477071 -0.734031555250015 0.114493666006482
0.0515054691770502 -0.0427447668248734 -0.68189654743377 0.18687199439166
-0.00338051358211498 0.0346832400489023 -0.546751673879521 0.100972395147477
-0.110076546899762 0.0348286275192645 -0.177847986337021 -0.0154982467738985
0.0752840386537382 -0.0509994387077821 0.163528857396673 0.0571339782538343
-0.0216980349940514 -0.116879517867353 0.527377666726596 -0.0451731792990111
-0.0575789350864941 0.0177258515202944 0.661273130621854 -0.146444845114318
0.0233183335055105 0.0781674357979053 0.735007102432773 -0.0838402438217652
0.0894825507515788 -0.0165918437925668 0.804304776147069 -0.00812003419716664
0.0362662387657891 -0.0451373744204242 0.718195996750659 0.067285562064931
0.00755590971581466 -0.052023945269683 0.444873983914959 0.0938091418188552
0.00689106866180139 -0.067689477565882 0.132376092520152 -0.00544509175524157
0.0134883175397155 -0.0656774074265205 -0.186631921573636 -0.107314269004213
0.03786735877131 -0.0476438674368154 -0.438858846374586 -0.290627160674681
0.060452695831146 0.00280701410341234 -0.652695649583513 -0.404442260192176
0.013750623654542 0.0370017096165727 -0.728745922882663 -0.414526034074105
-0.0556154298391826 -0.0435054179574291 -0.728152681052414 -0.249625678583063
0.0137705781334972 -0.138139237310079 -0.631001838579984 -0.113587882530895
0.0958941391390214 -0.0376675248440728 -0.296624718764349 -0.0852087061256782
0.0601356284013614 -0.0439868534449295 0.145675551182795 0.0615218970872782
-0.0279005548731986 -0.119101496050525 0.528445846240816 -0.0327844677731605
-0.0833684856646084 0.00787588185471514 0.653556261135698 -0.118083842492642
-0.0141593982206 0.0798995538470393 0.739865338933305 -0.0352609456912991
0.0560892568648772 -0.00682390481062512 0.828559739057707 0.0240699157387717
0.00313360389388474 -0.04502928284746 0.725440443443903 0.0640769140810172
-0.0310045950551533 -0.0576810288496734 0.438175012648311 0.0692353778956963
-0.0332572312310987 -0.0800891396526737 0.117787580794058 -0.0371373264995859
-0.028280602589713 -0.0832275764929539 -0.197708709223163 -0.137417823807647
-0.00439733823954218 -0.0728740719289779 -0.44056318846035 -0.299412615495464
0.0251514358028123 -0.0276009387629341 -0.644452234967081 -0.379037876335118
-0.0023272009486456 0.0151043007184219 -0.732006772383357 -0.354974958306218
-0.0714497092407224 -0.0386614395717165 -0.749554660113163 -0.204517661988428
-0.0206186665213102 -0.13604265875645 -0.637613250092911 -0.0928264853547715
0.0635636312820886 -0.0509505822714735 -0.307647471608795 -0.0742130951736067
0.0338362984713445 -0.0345865075914359 0.135450132035349 0.0627476260204054
-0.0307399829745475 -0.106331260674839 0.538618749794691 -0.00896187706201249
-0.0909377578824169 -0.000423387175596359 0.652941558854922 -0.0726761510622331
-0.043622660656787 0.062851343679122 0.743091523952991 0.0435538862424433
0.0162780868494439 -0.00618363112097065 0.843990800855633 0.0885926312071051
-0.0315301907881841 -0.0415469451654828 0.72300583422855 0.0851707669372888
-0.0622292158454808 -0.0553669671229963 0.416000138695917 0.0519024908733517
-0.0664185403890269 -0.0792714216615299 0.0891175178030828 -0.0698070736426978
-0.0628868117063078 -0.0836562501166288 -0.228432182733204 -0.165689298205026
-0.0459063424211389 -0.0795052769766705 -0.467126948038074 -0.299555691103018
-0.0173445601731851 -0.0452095775671421 -0.657474047514425 -0.335099666598009
-0.0239249277452834 -0.0119887597539269 -0.741276191548854 -0.264846207317734
-0.0755683711479155 -0.0363224553354766 -0.759742227358407 -0.1254261392888
-0.0463430491683998 -0.118982868889549 -0.637694059817639 -0.0493098605865386
0.0220034828457098 -0.0521312746483863 -0.306081200431726 -0.0535769228195857
-0.00215146640846835 -0.0271878388457379 0.135914360441586 0.0625279245071613
-0.0367185866713386 -0.0794753656480306 0.553441808421968 0.0183466606785019
-0.0803262132363834 -0.00197682773898354 0.655194166825763 -0.00675153723451835
-0.0555138584295807 0.0307093368726615 0.741364988092703 0.142567925703806
-0.0210547567051405 -0.0185195760935913 0.843174407304086 0.174168966798413
-0.0640101575802402 -0.0388650768508966 0.707846601367136 0.119695138000659
-0.0836136169130359 -0.0446320541020497 0.382204554326895 0.041209156647321
-0.0882185546902229 -0.0644011758352537 0.0499373719821385 -0.0988914402535534
-0.0835694722868172 -0.0668144230955854 -0.27028067493218 -0.185846680587883
-0.075958259770206 -0.066159980405703 -0.51033397722011 -0.28574819813288
-0.0554975839608689 -0.0455707871616363 -0.681818620666244 -0.270166617484273
-0.046032676967773 -0.0342418417539386 -0.747103624549385 -0.165550128423619
-0.0690418272344603 -0.0364267281733863 -0.757654121591104 -0.0338233594481553
-0.0565206889024294 -0.092118705095086 -0.629257019824122 -0.00215911840695187
-0.0203267389633672 -0.0400667968010448 -0.290630978491611 -0.0354641430899572
-0.0403385975110389 -0.0239217295797763 0.147537461510585 0.0657462906768481
-0.0451276523211258 -0.0459264286172551 0.569855789165627 0.0601011427467733
-0.0559724101635407 0.00662511243979411 0.662013341128703 0.0736389963077782
-0.0467850176923338 -0.00695363406979456 0.731949058780129 0.244688971260162
-0.0484384520403462 -0.0388930292284159 0.821526640977816 0.260403389792273
-0.0880284443667358 -0.0345049405895258 0.674021631573126 0.157316956175859
-0.0908972718189457 -0.0258033327198935 0.340690819255359 0.0371668209069257
-0.094223306807463 -0.0380728123444062 0.0073871026667536 -0.120800285047533
-0.0896750630396134 -0.0382494180691282 -0.320499508172385 -0.193006144487654
-0.0928398229533056 -0.0382412950037059 -0.558610823302009 -0.254631234059793
-0.0832498856747707 -0.0355501658664308 -0.710297838846852 -0.195414482771817
-0.0633811831111917 -0.0519455784256215 -0.744953885850521 -0.062198424446891
-0.0525788854986122 -0.038170008265116 -0.745556351106172 0.0551794055572168
-0.0552295492339075 -0.0590549484961644 -0.612429696802406 0.0460093500606056
-0.0556108678200829 -0.0194413662904681 -0.267054790073969 -0.0198068329765227
-0.0748929911012496 -0.0188068056919132 0.169127945847921 0.0749744764569492
-0.0482768797894903 -0.00742080544909204 0.581323338690402 0.102627034414355
-0.0187987000061701 0.0214496076800943 0.670252756721137 0.158778833849285
-0.0252761000830171 -0.043156837420531 0.72435403490343 0.338612448093235
-0.0626190526086317 -0.0558135410901029 0.784993436896575 0.332528554358188
-0.0988113528787041 -0.0224053846350329 0.628420931577912 0.194070785469033
-0.0826173003533071 -0.000743499156297324 0.294529296999941 0.0381493759506588
-0.0834438531752432 -0.00378194967417878 -0.0331219351586683 -0.130806972853338
-0.0788056268961392 -0.00297610602109207 -0.365838378438389 -0.188550431819796
-0.0918240958002499 -0.0057520538652226 -0.605072945986568 -0.212535943540558
-0.097733223252948 -0.0213203413564694 -0.731161160979942 -0.118409339789902
-0.0699762796549961 -0.0690413147140495 -0.739556765899061 0.0294821052548578
-0.026212936727472 -0.0418805756893547 -0.72255918066654 0.130510181686718
-0.0409833556450102 -0.0246009165749285 -0.589494327485743 0.0800134681543421
-0.084340167459436 0.00372547347693545 -0.236850315576561 -0.0119694452547252
-0.0970052259391186 -0.00852332139106591 0.196791959400389 0.0863007957156697
-0.0354131570515804 0.0301555440198822 0.588794523656549 0.138016131038752
0.0266603312502728 0.0323967456332671 0.679672295050894 0.230390366506406
-0.00117657266720582 -0.070304263876399 0.719311418439091 0.404081642048055
-0.0645482968935714 -0.057445941993624 0.743182712145092 0.376700568517901
-0.091522553777787 0.00131329444331614 0.578777625355854 0.21909896079817
-0.0603267649381973 0.0302347395810204 0.252097024002519 0.0471112320733837
-0.0574622603873459 0.0330255014620367 -0.0640362681637086 -0.129532882333671
-0.0548491677408631 0.0315804656014163 -0.401184182008199 -0.171948485155401
-0.0784869330537908 0.0232225951651597 -0.639724077567198 -0.170028547751667
-0.0974318025554302 -0.0137604385283517 -0.749072312473161 -0.0524453722729601
-0.0616838224241268 -0.0895668480467525 -0.735118452994372 0.0927852996096684
0.0104182950692528 -0.0445852615659494 -0.703407474875689 0.178817125793409
-0.0221588937842398 0.00722178242604914 -0.568456577614632 0.101182045011425
-0.103769787524969 0.0251710456058463 -0.206252145586849 -0.0111590476665728
-0.100317506084035 0.00715332880462969 0.226607782455192 0.0954703836441538
-0.00543970985906582 0.0575655223499477 0.597697911748741 0.159779504642002
0.0719078231200075 0.0344682640216942 0.697728086859594 0.275530775676149
0.0171809350035328 -0.0818089800355219 0.717792273225106 0.428671619927956
-0.0539760322358247 -0.0400152231620449 0.701252764278352 0.392974683795413
-0.0666002851165866 0.0345020231834147 0.533706828635283 0.24287105024528
-0.0250608224901718 0.0639081856250835 0.224309399261963 0.0666395924801821
-0.0198625140609668 0.0662767945939815 -0.0799705387765077 -0.116505900200678
-0.0213180033158235 0.0602690108994358 -0.423471147509164 -0.149504920058577
-0.0546773705640676 0.0423006955175001 -0.665348960823037 -0.132887975993675
-0.0860739138175424 -0.0158321064748818 -0.768407532087013 -0.00929034801818129
-0.0374555944461025 -0.110749698376649 -0.73952698798474 0.121197418443478
0.052128869055175 -0.0435094437989121 -0.685004663998342 0.19512744359757
-0.00390427920919712 0.0352760417248554 -0.54960275675764 0.106899325564655
-0.110936649523769 0.0363526957220295 -0.179541889878565 -0.0143534275673967
0.0758829524470327 -0.0516135566798837 0.165220562365137 0.0562230212091642
-0.0227527133218287 -0.117838223908025 0.531272201924744 -0.0511214631177119
-0.0569356009453071 0.0179976437455159 0.667539729341438 -0.155579980455153
0.0243486941125494 0.0782888511848908 0.739433796639984 -0.0936184837471175
0.0895114419128973 -0.017737268500145 0.808962401996875 -0.0179100092236752
0.036617896559052 -0.0450203099018539 0.724250300273427 0.0571811494954072
0.0071734044978348 -0.0529591107102723 0.448934065269293 0.0899578839962184
0.00641188998925873 -0.0689138210703933 0.133000050966072 -0.0069566544266689
0.0128591567562694 -0.0671371260631998 -0.18938322138628 -0.104024648613305
0.0372760354138543 -0.0481482360199904 -0.444404873402393 -0.287140395066262
0.0610141058505436 0.00165391871815107 -0.66010409313413 -0.401703927579375
0.0140186576917417 0.0367383797311857 -0.738164423309711 -0.409955695473944
-0.0560346997852117 -0.0434751078569947 -0.735442265344933 -0.244671588177549
0.0120835956781297 -0.13861100933138 -0.635875926607224 -0.108194592054391
0.0971256005209374 -0.0376507321575041 -0.300181120646916 -0.0829834696769963
0.0596323953837938 -0.044187588769035 0.146313539841904 0.0612360054615279
-0.0289128101145004 -0.120481178581744 0.5326025686903 -0.0379323145992294
-0.0833557337688224 0.00927480194088349 0.657646620734292 -0.126095585773902
-0.0140492335125974 0.0812211677829524 0.743698689447755 -0.0423837209514644
0.0560136178162537 -0.00729426374692747 0.831425374368878 0.0127163791916938
0.00262378743299347 -0.0451876689704263 0.730700942907034 0.0549626017873645
-0.0310506698273252 -0.0587244988369739 0.44028748290591 0.0649292802206936
-0.0342970162779474 -0.0809068778883445 0.1184280124014 -0.0381177324523615
-0.0289533060028096 -0.0837522870123526 -0.200619587029821 -0.135409451694809
-0.00567095391413939 -0.0733470714930623 -0.446841215401884 -0.298129707117726
0.0250132242069398 -0.0274986609671296 -0.652490308238286 -0.373985593033813
-0.00194943038560716 0.0151910606181674 -0.739910008338364 -0.349467632356886
-0.0722961682862409 -0.0389048431358334 -0.755812350407538 -0.196755115700373
-0.0224043766597426 -0.13684385379918 -0.642205101683052 -0.0872138086768142
0.0640949804412906 -0.0510979832264227 -0.310932648837297 -0.0715171532292271
0.0335312421199528 -0.0348358663213916 0.136531268152285 0.0615630408619869
-0.0315244161370767 -0.107021170520189 0.541141343246293 -0.0151081264483454
-0.0908785529660364 -0.000324174179020522 0.657137154764151 -0.0792254452217762
-0.0434816400054723 0.063769000565935 0.747990407767199 0.0362831312517931
0.0163476449118954 -0.00642318051649249 0.850065124569 0.0790344847936973
-0.032281372198843 -0.0411748879762134 0.728173531447338 0.0781892898848285
-0.0625123630373628 -0.054903554335144 0.419032546036909 0.0476636360815142
-0.068384761424163 -0.0795026482321595 0.0886399156230598 -0.0705863397754869
-0.0630275371143774 -0.0836296355649246 -0.230640676344317 -0.163465481647254
-0.0473035306256772 -0.0797884296980297 -0.472761225317329 -0.296135465421075
-0.0176002585729656 -0.0449501516135144 -0.665390596977061 -0.330381329981431
-0.023527827341634 -0.011320580381688 -0.748009393202665 -0.25968372370288
-0.0758920010242096 -0.035968810555584 -0.76698025610432 -0.119582406815953
-0.0483417253493251 -0.11907902741915 -0.642987025966339 -0.0445619247072218
0.0223866146538791 -0.0513648649497743 -0.308656049349903 -0.0520073169637866
-0.00222829578747291 -0.0273382803465438 0.136638209444157 0.0622054843942324
-0.0375673186671528 -0.0797492981208836 0.558189249564112 0.0148704908577369
-0.0806593208099002 -0.000910360758935061 0.662727733183848 -0.012619300211974
-0.055537048646403 0.0313408626957546 0.74773378995064 0.134980661052284
-0.0216631239629046 -0.0180974262451576 0.848606477788441 0.165725780354613
-0.0649924345874716 -0.0383591006002225 0.713330218653504 0.112134740620399
-0.0848901606615596 -0.0443938754770724 0.385450630895803 0.0371929273809136
-0.0894034807958152 -0.0642608699554564 0.0492892517317928 -0.0999260287468892
-0.0848867503594544 -0.0674466916497541 -0.274671888664963 -0.183170235321769
-0.0777989612499894 -0.0659220139607304 -0.516615227628793 -0.281478129307848
-0.0567339848834429 -0.0457046775603086 -0.687200929187548 -0.264570887948922
-0.0474412051996498 -0.0336425318961682 -0.752907801207736 -0.157998110559385
-0.0701591955989981 -0.0366922497152349 -0.762745592058977 -0.0265414900014022
-0.0591831612042807 -0.0909717652074719 -0.63101794070921 0.00504314585836576
-0.0192947840255096 -0.0393835277076121 -0.29374805378386 -0.0334432679233835
-0.0408349334088327 -0.0227281354225691 0.148616616041021 0.0650662783512683
-0.0458737313347583 -0.045298169934716 0.573675472427111 0.0562711844756278
-0.0555266033859836 0.00741358356294091 0.667732477390164 0.0656945715016512
-0.0470011581309975 -0.00762817909051679 0.743119086794578 0.237637590354639
-0.0494673187769301 -0.0386655839724728 0.829604030765946 0.252348985541678
-0.0887918432716067 -0.0335052841276288 0.679819926578008 0.151580598110581
-0.0913915605327245 -0.0263624265539299 0.342918801590588 0.0330537645311048
-0.0951275473206319 -0.0374019565072293 0.00583968218221188 -0.120798136067999
-0.090085349897019 -0.0375715765136675 -0.323817122826772 -0.189406511833681
-0.0934702192929966 -0.0378107809622 -0.566190104934706 -0.251372687208116
-0.0849222547005712 -0.0344321351322824 -0.714151970431785 -0.188879898350818
-0.0642994701724135 -0.0510984714956586 -0.751246713183497 -0.0556170973073568
-0.0533783758518478 -0.0383730435381419 -0.747389746213799 0.0640301624690711
-0.0564427339712512 -0.0585073512298336 -0.614545226447021 0.0523925071039809
-0.0565128487990126 -0.0187677499584023 -0.268876683349206 -0.0181068764926537
-0.0760776727052665 -0.0179848700749341 0.169912691981001 0.0730590951220375
-0.0486039552715857 -0.00671936664164559 0.587601506822898 0.0966821562205833
-0.018204979424801 0.0213257909498471 0.67515953999312 0.154053720061079
-0.0260011895944846 -0.0435350982498337 0.732674213137386 0.332304036910636
-0.0638485225067932 -0.0552744625883824 0.793381469306621 0.324357461273548
-0.0989702725494001 -0.020572711848565 0.63445935277322 0.18776096586121
-0.0838802135429789 0.00026300410291592 0.296464887746031 0.035419563364208
-0.0839090017477363 -0.00307625828000454 -0.0343289107330542 -0.131461803621881
-0.0801748509180663 -0.00184965188773451 -0.370058715201986 -0.184479318709705
-0.0933515353026674 -0.00492183644712502 -0.608643026377494 -0.206881626925462
-0.0987787112545305 -0.0210012817277718 -0.73650806108563 -0.109369837630716
-0.0712084649384885 -0.0681019442215693 -0.743509986392096 0.0363577974970808
-0.0264043489680912 -0.0418318350545471 -0.724779683144108 0.138805400150051
-0.0427144578084394 -0.0245057280261599 -0.592279678705156 0.0866480019901757
-0.0850004602040284 0.00546280832883751 -0.238813865736821 -0.00964082285798308
-0.0985563160539863 -0.00770678906073351 0.198570882557346 0.0845968009233334
-0.035293657548989 0.0296334698497387 0.594492355398925 0.132611331452352
0.0278858459676551 0.0321142054703996 0.688936318232881 0.225796917888922
-0.00246533002605376 -0.0710394399340165 0.72870656562369 0.399088195423643
-0.0656863415218011 -0.057339091979852 0.750218430955129 0.369868277636617
-0.0920184457964646 0.00274764370526638 0.584438148201817 0.214885231102359
-0.0596564188595392 0.0309380263105224 0.254974012917494 0.0452484125050999
-0.0565964709757009 0.0345938629057546 -0.0653600851084283 -0.1294192579852
-0.0546434668271668 0.0324645292975858 -0.407026240837562 -0.168268519684282
-0.0791691539330148 0.0236578997767433 -0.645947112738116 -0.163596779718728
-0.0992277987292029 -0.0132148613457975 -0.75528171941234 -0.04428891057537
-0.0627905286001315 -0.0890787183723797 -0.738132617257987 0.100927718227259
0.0100185720745458 -0.0450852040129823 -0.703429895465143 0.187586860856786
-0.0229425486671807 0.00872062471391524 -0.570106049695426 0.107436870507077
-0.103804803753144 0.0255874821814749 -0.208533804934729 -0.00900230006713219
-0.100877105904055 0.00798848480048623 0.228614175663037 0.0950130854265092
-0.00456750044749496 0.057541888295723 0.603577950366251 0.154290263654393
0.0728651449658442 0.0339625355872518 0.705696529634668 0.269994081006634
0.0159295695771915 -0.0824533614324637 0.727154820566087 0.422573868767944
-0.0546795619893275 -0.0405813496426211 0.708263133234435 0.386661553261095
-0.0672111197233636 0.0362482111623315 0.5408892429371 0.237249009962115
-0.024244789819092 0.0631175891412906 0.226188494593963 0.0646386467418547
-0.01881931383084 0.067820090829489 -0.081850882368864 -0.115653607115438
-0.0202209391029847 0.0608819198152305 -0.42753128407073 -0.144850561243344
-0.0552223954444054 0.0442225754450208 -0.669604383378719 -0.126057360977865
-0.0862623627990878 -0.0153360438078871 -0.772855882855847 -0.000345954119258194
-0.0388431160312037 -0.111406758580259 -0.741607515764941 0.130195801383089
0.0519837760114902 -0.0446706622541076 -0.688841090458584 0.205142723422865
-0.00478377624407052 0.0356602710328888 -0.552467093208297 0.111756480011833
-0.110453296446721 0.0377899667204204 -0.18096547076965 -0.0126015972123499
0.0757169501669468 -0.052030526207034 0.166112220110264 0.0545664659010493
-0.0243876870183173 -0.118362017807751 0.532747803992581 -0.059084256539584
-0.0568842324882088 0.0184783230582636 0.670907032633869 -0.163369988808749
0.0255352006974104 0.0782923489812005 0.742623891572013 -0.104018511308325
0.0894706890644811 -0.0187659933288321 0.811288070211686 -0.0301780945841869
0.035522050066587 -0.0466749708443871 0.727007730012483 0.0486645693149877
0.00657242800282467 -0.0537588283691053 0.45215561161276 0.0843317925353371
0.00551107532889376 -0.0691456738781122 0.133664532097862 -0.00813973805477358
0.0121761488040968 -0.0678625105346224 -0.191444416339258 -0.101806136363156
0.0378160102403726 -0.0482075183999462 -0.448282108456927 -0.284664335183333
0.0609958212038417 0.00146425320173002 -0.667633455988112 -0.394780546485738
0.0155902582268576 0.036739934628976 -0.746366789668342 -0.403275754896464
-0.0568936960494228 -0.042765577002926 -0.742301823328036 -0.236172493085947
0.00998830595258584 -0.138422253223752 -0.638982426640584 -0.103405711790186
0.0973582155946281 -0.0384284368722412 -0.303068630184649 -0.0797863888749552
0.0606256497996105 -0.0443235306176072 0.148355357318387 0.0600407363224163
-0.0299980792997081 -0.121034208864182 0.535257158540023 -0.04488778875817
-0.0830758542653422 0.00957336498457581 0.658839286795354 -0.135409319496791
-0.0126549963332684 0.0819208574821229 0.748074031103644 -0.0526853684567051
0.0562796351684023 -0.00859008185733532 0.836205494298286 0.00186612408476533
0.00198360109970354 -0.0449443462122735 0.73435875933398 0.0487766011383563
-0.0319746962324583 -0.0587450743444023 0.443228738725732 0.0602736372299715
-0.035574770673611 -0.0814668238533421 0.118341461513642 -0.0397621114597398
-0.0302358902042356 -0.0838995132743464 -0.202609954188013 -0.132919813956403
-0.00620769108400619 -0.0738579517278245 -0.451759345218738 -0.292619055232424
0.0247177907361152 -0.0276585941439309 -0.65822965844219 -0.369318740799754
-0.00209412688259711 0.0152440245491389 -0.748884461367386 -0.342703595239213
-0.0729439440770309 -0.0382327966095124 -0.763074530537742 -0.188697185540579
-0.0245698213563149 -0.13688619290473 -0.645828413522631 -0.0817327264724376
0.0640943027666125 -0.05109977394858 -0.314007634144634 -0.0681198186308848
0.0338006641795373 -0.0341559305431269 0.137955768639525 0.0607018067723519
-0.0331836108076859 -0.107379332007175 0.545620836256312 -0.0206130187885441
-0.0919335472805737 0.000918709531005577 0.659666527867597 -0.0861872572225586
-0.0427822821435731 0.064350469463917 0.753664366098101 0.0262044121466969
0.0161266022783643 -0.00718306079912866 0.853541766745657 0.0696142676031432
-0.0328554693711842 -0.0412664109417823 0.733070941349793 0.0670630444709769
-0.0636443899265056 -0.0551660054957669 0.423581101308487 0.0419323887079872
-0.0694140523101355 -0.0795156939567377 0.0888779792008724 -0.0723121101012946
-0.0645815078607776 -0.0834437734380007 -0.233642887932034 -0.161114352737287
-0.0476646453748726 -0.0785768504669663 -0.477642308138419 -0.292242201707756
-0.0176095368484117 -0.0447538205239573 -0.672251930217781 -0.324034458054828
-0.0241734938094471 -0.0111960845859851 -0.754881337603233 -0.250595361527729
-0.0762769211961819 -0.0358737809108877 -0.771431875271197 -0.109992140195339
-0.0501125315249708 -0.118985288888952 -0.644314282499298 -0.0379111492617367
0.0229698952213459 -0.0518442312191833 -0.311528828415329 -0.0488918988632831
-0.00285505545207284 -0.0265205040567532 0.138327715765658 0.060442725112881
-0.0384332397630543 -0.0801789473723033 0.563005328955399 0.00857320221881232
-0.0807865849412697 -0.00034154563731194 0.665075368627513 -0.0198342736537756
-0.0559428276772776 0.032203569695781 0.754263584097138 0.127061813413281
-0.0225826236629563 -0.0178269376585166 0.853847092904615 0.154714433044532
-0.0657712105178505 -0.0374424561550796 0.717876414607288 0.103661923862341
-0.0852150383955902 -0.0448050998938528 0.387976971620266 0.0323389175863398
-0.0908008375901825 -0.0638078604694605 0.0481171740261554 -0.100421635020548
-0.0859434602819838 -0.0672368817235979 -0.278190818236794 -0.179895081320258
-0.0791768661504665 -0.0649732516112191 -0.521237566561339 -0.276226545782584
-0.0574929651792976 -0.0455762261105616 -0.695232168594505 -0.257513469036052
-0.0478733358472215 -0.0336584184494443 -0.757393193100355 -0.150160697687694
-0.07077560163983 -0.0357639296118475 -0.767646733072199 -0.0161905050183454
-0.0611195183331789 -0.0909565910376997 -0.634657674229213 0.0109972347939193
-0.0193291830980191 -0.0395655565591204 -0.29602927114412 -0.0301571249825447
-0.0416829487079011 -0.0221109380706337 0.149277134560732 0.0634582186335035
-0.0470014725385221 -0.0454930226011882 0.577185438392154 0.0489380514826855
-0.0558463737284449 0.00798475776871627 0.673058192419723 0.0570620117067538
-0.0475495248514289 -0.00643476473944806 0.749037312376039 0.231329826469064
-0.0504303626649303 -0.0380576950315811 0.836699213866462 0.243217924492626
-0.0898043938807549 -0.0325055747769067 0.685430902627987 0.14342107850312
-0.0923449648819044 -0.0251867723848931 0.345689643436733 0.0293581552306854
-0.0960343005234613 -0.0365962617120603 0.00506290404446366 -0.121069485798018
-0.0911186218962065 -0.036939091521329 -0.327166955214459 -0.186940174733881
-0.0947432249444989 -0.0371342969847312 -0.569580090526987 -0.244615756065159
-0.0860578605189447 -0.0338446220253377 -0.721550257424149 -0.179619388635392
-0.0652097067213259 -0.0505279891122647 -0.754023154453698 -0.0465276230233134
-0.0539449576651375 -0.0375315784874075 -0.750863379416429 0.0744650359381061
-0.0574142277129045 -0.0580712694800253 -0.61723679900296 0.0589709813103385
-0.0563893228398216 -0.0179421807648491 -0.270931262843753 -0.0146185971003798
-0.0766850100517967 -0.0169793471656195 0.1717712644956 0.0717626537878034
-0.0486574946329991 -0.00716565249550528 0.591929510364379 0.09136662265406
-0.0179624172148089 0.0217204559795436 0.683350259838245 0.145443539028262
-0.0265895824724089 -0.044187945985042 0.741735565752618 0.326465847050193
-0.0648724862978835 -0.0550361156187371 0.800055581654772 0.316324365994849
-0.0999641338887827 -0.0200652719261024 0.639535083255167 0.179535105221109
-0.0834132322548036 0.00036304908969572 0.2991579849196 0.0315900202626998
-0.0843932375816769 -0.00214268031063723 -0.0360734407605772 -0.131031945174701
-0.0796204080730596 -0.00212980867447846 -0.374804176393046 -0.180402861130441
-0.0928865724890117 -0.00371610757692635 -0.614349125192245 -0.200907282056659
-0.0994787448129366 -0.019416019431399 -0.741668952833837 -0.100817635698142
-0.0724274807896719 -0.0676993283630327 -0.747202321661119 0.0447567870754402
-0.0267980448527532 -0.0420143707639282 -0.72854835605577 0.148127586583812
-0.0429829273916078 -0.0237624880115646 -0.594254651532715 0.0939986881406794
-0.084490312568192 0.00665760097464129 -0.240865763774916 -0.00751372241257458
-0.0987279663767996 -0.0063388265446003 0.200354848589896 0.0832957910993012
-0.0353028857239019 0.0300554206096708 0.599447783498238 0.12581505586834
0.0291928468987021 0.0320929637184692 0.695234055431512 0.21974461758671
-0.00306851463954259 -0.0714923403883119 0.736057194575107 0.392762452245152
-0.0670804745998381 -0.0564746640441464 0.75844474711295 0.361767840691441
-0.0929697021713445 0.00413493976521409 0.588930660789446 0.207261844826639
-0.0598147289870053 0.0316861214867701 0.257484719731469 0.0418382988156261
-0.0568435894593708 0.0344688180729294 -0.0667420372451346 -0.128708718930864
-0.0552894177066021 0.0335880067641372 -0.409358094105196 -0.161657410022543
-0.0787612944505108 0.0261102869193897 -0.648839840746932 -0.15596924657571
-0.0999240687563095 -0.0115237345013372 -0.75744231181838 -0.0346482469428897
-0.0641844110142692 -0.0885390080490088 -0.742739591159694 0.110442116673778
0.00974500103450445 -0.0456318545485982 -0.705991324909539 0.199028583038055
-0.0229648884833626 0.00910209696293583 -0.572244851769899 0.113391210935126
-0.103566866564138 0.0267305010481555 -0.210037763756838 -0.00672282534597808
-0.102455718096935 0.00988199830323892 0.22962187250027 0.0921577895718311
-0.00423351817614234 0.0573241136686272 0.607399474712605 0.147834453399467
0.0735793502829236 0.0332662436091082 0.715825550931682 0.262655930420373
0.015183608724858 -0.0829426978520237 0.735703049650785 0.415253126292712
-0.0561205018968365 -0.0391065164573277 0.715414135357047 0.379758449955933
-0.0670818498087498 0.0371596220020437 0.54600578432036 0.232549270122407
-0.0240368963201548 0.0634518905842382 0.228071212267507 0.0623549049509448
-0.0179546465240653 0.0681432469948742 -0.0838333103376245 -0.115325855795596
-0.0198460845357986 0.0608297848439256 -0.431307159159751 -0.138845011674741
-0.0550831894851235 0.0446857999865013 -0.674482287453643 -0.118009778754483
-0.0876409583888495 -0.0143789221976677 -0.775398895421426 0.00844952626991951
-0.0400743764358794 -0.111582726596003 -0.746322897797886 0.139821824321121
0.0520266818923247 -0.045340161379144 -0.687440007987113 0.215184502616458
-0.0052036072444814 0.0361280304513814 -0.554486941930371 0.117932713009543
-0.11091200792629 0.039124756166675 -0.183675467148957 -0.0105237162937502
0.0755100185715964 -0.0523275599781299 0.167690894459482 0.0531654240986608
-0.0255784985669676 -0.118742008001007 0.534920386996017 -0.0661244767639397
-0.0568952506422824 0.0180916702623242 0.671932612429783 -0.173799771454369
0.0266959622494061 0.0779719920483775 0.744186758084515 -0.113460112474304
0.088980233694241 -0.0198259347555086 0.815159509608396 -0.0414185316389536
0.0351252842446481 -0.0462142054903699 0.73036766645147 0.0379625402822317
0.00657425123019601 -0.05478012054169 0.456154164115627 0.0783985595843223
0.00482351203447941 -0.0696398866366841 0.133794914675552 -0.00965069572556078
0.0113794037969414 -0.0680131785009057 -0.193532252854109 -0.0975136199812703
0.0373421587568911 -0.0486879477497309 -0.452455406112293 -0.27769391955161
0.0618056656947267 0.00085370820127708 -0.676493026509897 -0.387045276443184
0.0156620634635 0.0374248455057917 -0.754894886207278 -0.394172749106305
-0.05768229860626 -0.0427253973238864 -0.746994547104014 -0.228752552112195
0.00892789217767752 -0.139266122159136 -0.641819198020244 -0.0950313730210099
0.097853005366552 -0.040332761081603 -0.305121828250996 -0.0762645701318484
0.0597553812165206 -0.0447302802570322 0.149089364950901 0.0585394974066998
-0.0312427817863655 -0.120546157385655 0.536190795026373 -0.0509430900450751
-0.0832278421869636 0.0100155534539142 0.66210159801131 -0.14529790709073
-0.011124713838726 0.0816543389760161 0.751346642221107 -0.063961698694595
0.0555493788520497 -0.00891683056770881 0.839669495524294 -0.00869243551446051
0.00184604675962178 -0.0453169387146284 0.737710499251535 0.0377720019660033
-0.0322221904729804 -0.058633800485606 0.446594630152241 0.0548263927821433
-0.0368685670264231 -0.0813332942882592 0.11787488907313 -0.0413420849692452
-0.0307377688234556 -0.0841994403692284 -0.20556464013559 -0.129170829766693
-0.0067570627110733 -0.0736191786667155 -0.457495491815544 -0.289232594597925
0.0245278946385143 -0.0281802808772413 -0.666036653402812 -0.36217633297564
-0.00203719934019954 0.0150383458489139 -0.755445804675682 -0.334377666643874
-0.0737392561181097 -0.0381780988435426 -0.768155652350355 -0.179281828093026
-0.0267091041470577 -0.136666568139898 -0.648339723637288 -0.0724668056265664
0.0646565161354513 -0.0516645051778351 -0.31517454056605 -0.0640766048312658
0.0338545822543626 -0.0343984208206125 0.139066563510488 0.0595236111347251
-0.0342139919327882 -0.107712907811257 0.546379183612601 -0.028747313354998
-0.0910208230465236 0.0021464549723972 0.665279395590955 -0.0964243106822006
-0.042484287849159 0.0647200441108177 0.757589412313259 0.017765751064233
0.0154483555920506 -0.00689960820467151 0.858744673431387 0.0560774254547442
-0.0336023108439626 -0.0400453980767379 0.736977260602468 0.0567908344394912
-0.064866734243361 -0.0552718960895821 0.425414440317866 0.0362550524593798
-0.0707655394709858 -0.0784843295010512 0.0878313219435432 -0.0733843448234457
-0.0651320741331553 -0.0835048053247086 -0.236284333429276 -0.157078547125144
-0.0496233519758743 -0.0784734031460947 -0.483598956127658 -0.28560775763722
-0.0193944812909349 -0.0447751793029065 -0.677627054997005 -0.31585210482586
-0.024042898031004 -0.0108209778426737 -0.762052529583367 -0.243780316202988
-0.0781898735627204 -0.0349870518677533 -0.77553952047618 -0.0978427841044288
-0.052295794082269 -0.11899249176201 -0.646592227673874 -0.0299061583887427
0.0227778471956628 -0.0519263779277866 -0.313713413267342 -0.0450332878799831
-0.00304405262772413 -0.0256494196162259 0.138772948503499 0.0585557563511438
-0.0401184147150488 -0.0802582303899196 0.564751416282574 0.000434334931367285
-0.0806408443124049 0.000610741337945158 0.670466674125844 -0.0304197693048749
-0.0555608665997714 0.0326956662530797 0.759542467936663 0.117194621645947
-0.0225937886285503 -0.0181248736871013 0.860139544963036 0.142551891242261
-0.0663832882452334 -0.0362215300122539 0.723565836109851 0.0938613948107995
-0.0857837639639758 -0.0438757652923981 0.390044625585414 0.0273555132723437
-0.0918081063815681 -0.062934374291559 0.0466682907660689 -0.10127537225929
-0.0866283530499422 -0.0659570267349806 -0.281343540616156 -0.175976177399056
-0.0807528539214714 -0.0638481900292701 -0.526941185481104 -0.270644734285548
-0.0585093332911893 -0.0447713353722744 -0.700173307607996 -0.250347730388065
-0.0482149344208211 -0.0334243186870606 -0.764736732378844 -0.139427471410185
-0.0708407449407166 -0.0351078992995933 -0.770763053700848 -0.00517842191348303
-0.0632452232231495 -0.0904654028259657 -0.637184159880766 0.0193289363110962
-0.0196649531827032 -0.0387682951167046 -0.298536540141337 -0.0264271821807777
-0.0422307176778663 -0.0206124941756559 0.150878940086094 0.0617453777904585
-0.0474273620059607 -0.0456707656774142 0.578816960642655 0.0410061564209153
-0.0555542628387628 0.00833362596558064 0.679522623330659 0.0488496272231278
-0.0482322261601674 -0.00642797799506464 0.755261969226096 0.221582979080343
-0.0506356688466167 -0.0376931738874545 0.8418302801452 0.232512183905726
-0.090746711180837 -0.0309538943032263 0.690457313686472 0.134943479790938
-0.0921926611464758 -0.0245803466797577 0.346780976160599 0.024726023081236
-0.0966456149334417 -0.0354735618570564 0.00282539917675011 -0.121246917527531
-0.0917838063412777 -0.0358027445404859 -0.330497053151089 -0.181212165134733
-0.0945354911494359 -0.0355065543887959 -0.574032027699086 -0.237354993300666
-0.0865927358215211 -0.0325951642078015 -0.726185693763843 -0.173291269586145
-0.0665289958851959 -0.0502405240446425 -0.758451974291629 -0.0349532436583589
-0.0550222106389082 -0.0378289452490304 -0.75260897720857 0.0848376785989749
-0.0590952375608781 -0.0575229784852251 -0.618846227474705 0.0675291694050379
-0.0567104653942558 -0.0177972917712062 -0.273078620200578 -0.0112535517280868
-0.077201556962783 -0.0148716762533294 0.172217768583455 0.0695452076657955
-0.0491668955962186 -0.00697128387109736 0.594391128671728 0.0826891774343328
-0.0171517218398491 0.0221560006528201 0.688486230259032 0.13563843324909
-0.0271923227666725 -0.0436467550885696 0.748390823706355 0.317394227031133
-0.0662861559674829 -0.053973290434604 0.808372171095917 0.307168317419394
-0.100971629852939 -0.0187996672180707 0.643894601018292 0.1700517595755
-0.0839440141415825 0.000802841479838085 0.300993696524439 0.0270884716057611
-0.0841982636351951 -0.00112381340810895 -0.0378539425261182 -0.13079133749067
-0.0803258467011178 -0.000382692018684775 -0.376982114827078 -0.174418898956638
-0.0941112830284248 -0.00262690747084645 -0.619788518515955 -0.192487180338327
-0.100627020936708 -0.0185961068982521 -0.743839279425413 -0.0927686493165134
-0.073277143619775 -0.0670081922068434 -0.750686028668181 0.0565860627566488
-0.0277165273739338 -0.0415525680798665 -0.728490375834448 0.159589560726383
-0.0444103605346843 -0.0227068562090592 -0.592909367334275 0.102726828714325
-0.0850768571099691 0.00761916906762006 -0.24245748600942 -0.0046897637096362
-0.0990358112470647 -0.00465346006173922 0.201650222508621 0.0805264547696497
-0.0347788824920344 0.0306758328844097 0.603534571746963 0.119333148141609
0.030076598506499 0.0317486598329431 0.702870392090134 0.208893072604371
-0.00363610308620923 -0.0712020421863699 0.745921059011671 0.381988628620686
-0.0679660444296062 -0.0566621238310062 0.764463667255332 0.3522280100625
-0.0927371680658861 0.0057964988611297 0.595024208301064 0.200045187992805
-0.0590682721495597 0.032354465109358 0.259177226769128 0.0385388690999546
-0.056500117827999 0.0352363974352974 -0.0689466684540641 -0.128526162250259
-0.0540474360075728 0.0336762987717064 -0.414426581557026 -0.156447997383289
-0.0781430597718198 0.0258961136384241 -0.653541693195117 -0.147912181258294
-0.101539195180639 -0.00923032577953138 -0.759831726442164 -0.025272067660217
-0.065731542283924 -0.0880201607760951 -0.744014486902056 0.122062930488102
0.00878694886125504 -0.0460370902210584 -0.705504057891312 0.209054536902695
-0.0239104743997843 0.00919596686771099 -0.574878638382077 0.120316552230304
-0.10400775549319 0.028979551634946 -0.211641839630862 -0.0042535609815953
-0.102431982616132 0.0112431975764737 0.231473716046321 0.0897921477240329
-0.00327861182712375 0.0571635633959327 0.611353031449288 0.140701681501556
0.0748562990005299 0.032024366886164 0.720612936453343 0.252463053869129
0.0131882073011426 -0.0834653254824745 0.744192793418277 0.408263179166438
-0.0565521076449408 -0.0388074105687305 0.722949712028315 0.370786156987192
-0.0665776006412768 0.037919922359308 0.549976536243515 0.22378266469231
-0.0225552303083132 0.0637652173495326 0.2303253807869 0.0593719422054496
-0.017260517187716 0.06849103545409 -0.0849851786461153 -0.114307130575188
-0.0184166606052653 0.061316809949662 -0.433701388415442 -0.133156237490757
-0.0544537329249769 0.0452596265947616 -0.676954564045508 -0.109765712798526
-0.0883393187439313 -0.0134239944588908 -0.781020065495523 0.0180274285545322
-0.0414273120275293 -0.111562348873055 -0.74706754793494 0.152198661082016
0.051631146821792 -0.0463602819309195 -0.688242524586139 0.225959378112175
-0.00503590500874428 0.0370106064761203 -0.554841539800666 0.126510810067188
-0.1099279145897 0.0403258488865825 -0.183965316600052 -0.00873905591938987
0.0748017592979682 -0.0530570930020706 0.169541930816914 0.0513853097268359
-0.0272709532168698 -0.119262666445342 0.534258541866588 -0.0734185923463545
-0.0560341066235764 0.0188391589310769 0.671364251363676 -0.184219745174213
0.0274823779150546 0.078141025746052 0.745727099247507 -0.124875278235043
0.0885035559249012 -0.0214380159624459 0.813257467689941 -0.0548821783468328
0.0346997324818777 -0.046697610529186 0.733314251093446 0.0267790636661175
0.0057031647517492 -0.055304504089667 0.457921514973684 0.0717866356052801
0.00316036120499471 -0.0705563535434852 0.134105986891544 -0.0111068126863061
0.0114527345411309 -0.0689498444038149 -0.19483885809302 -0.0943430640024318
0.0367896437186403 -0.04964335539738 -0.457690083016745 -0.272005531894228
0.0613561899073288 -0.000650487475663996 -0.681866099311489 -0.378524452130568
0.0167432992357033 0.0374238091844323 -0.76005906146867 -0.386226083127216
-0.0584823963821303 -0.042485712785095 -0.75065651555508 -0.216039945823982
0.0067792518208807 -0.139135573055206 -0.643906317216728 -0.0869721351837729
0.0979208690457363 -0.0404780728264299 -0.308046804204363 -0.0715374152816292
0.0588719338942526 -0.0450017996556422 0.151032688690997 0.0564582026979471
-0.0332468187321989 -0.121351837844783 0.536597767550956 -0.0595363538576823
-0.0829078132560004 0.0112272450915105 0.663861454698783 -0.153603376631781
-0.0101835166313237 0.0818105921256882 0.752134292218173 -0.074274239110153
0.0554780228267549 -0.00998104324725336 0.839840499525573 -0.0224374327926149
0.00101437536070956 -0.0450255495333168 0.739775391867843 0.0256714503758142
-0.0332089276730014 -0.059232791801565 0.44997168119835 0.0473646293493944
-0.0378758213992004 -0.0814522518780662 0.117494801328972 -0.0421742340142563
-0.0315150977262267 -0.0846454731548512 -0.207452535587503 -0.12506334336351
-0.0081948144453279 -0.0728814888344924 -0.461467810196198 -0.281801775997313
0.0236255265638897 -0.0287335167669745 -0.671526057945109 -0.352251168324008
-0.00117487676053681 0.0160051822419267 -0.760489762054032 -0.323066575390511
-0.074862366180843 -0.0369235133753002 -0.771168900435222 -0.168198606965115
-0.0285317212613343 -0.135734047056382 -0.650690088820969 -0.0647910468042247
0.0640711222335189 -0.0525816248796308 -0.318033760995962 -0.0598753038693784
0.0328217360492619 -0.0341762465609182 0.139924036511206 0.0573922865561908
-0.0351387684314427 -0.107957199528856 0.548545406952443 -0.0363339194962524
-0.0907946973291587 0.00215309850711291 0.664993498725515 -0.106886762257501
-0.0420095777121244 0.0659689334728891 0.760498862322403 0.00513849041087112
0.0146189765016216 -0.00726444095727423 0.858498107351368 0.0425178591245248
-0.0344242346929413 -0.0404755656183157 0.739319149951785 0.0465067193734741
-0.0647884491672052 -0.0552301794725102 0.427248567082105 0.0297032478634922
-0.0717259837252975 -0.0782599452832773 0.0874740092298249 -0.0745211827724083
-0.066510412139557 -0.0828676251074161 -0.239340510116163 -0.152960865169849
-0.0509652356578687 -0.0775522556612822 -0.487905328334822 -0.279722239196772
-0.0198163915436343 -0.0441194749323668 -0.683453397498361 -0.306664199064727
-0.0241746611537308 -0.00987048600596221 -0.766533538118216 -0.232393423113908
-0.0781272531201111 -0.0341015727565475 -0.777844934046586 -0.0881732753855348
-0.0546903345169046 -0.117193269975667 -0.648780696975656 -0.0220610306556409
0.0224207431695518 -0.0520365103523484 -0.315233030189624 -0.0409428188587965
-0.00306749182206325 -0.024780830788518 0.140238516807493 0.0573539633738142
-0.0402649878921429 -0.0799661544927782 0.564823748401878 -0.00835275376613323
-0.0809117225126356 0.00079076601654747 0.673046637023745 -0.0398336817163706
-0.0552993160751716 0.0330267966654585 0.762103155847862 0.105328795898267
-0.0236734874696812 -0.0176467605358655 0.861673685275598 0.129952188755437
-0.0672989951450013 -0.0358318395070977 0.725704472775909 0.0826282026867841
-0.0864938808396066 -0.0428706131539955 0.392065877986892 0.0218985315898173
-0.0932784212765903 -0.0619755045560136 0.0449935394100695 -0.102429775208744
-0.08732064353969 -0.0649122410334652 -0.284393322948059 -0.171416618213123
-0.0812635556913179 -0.0625970434547645 -0.529726761216471 -0.262208779880505
-0.0594516587432114 -0.0445262195113615 -0.706292108310341 -0.240389874379605
-0.0484014781475901 -0.0320553650831631 -0.765664602551464 -0.131226886934795
-0.0720477409973518 -0.0345543630921442 -0.771528930093789 0.00521008360794128
-0.0651785407750895 -0.0891705358224176 -0.636941002803314 0.0275143694751313
-0.0203700262216507 -0.0383379105559984 -0.299172051455845 -0.0223366812637135
-0.0424952699703877 -0.0196427338411248 0.152351805596961 0.0601158578892853
-0.0482231023726582 -0.0448502236590199 0.58399051094065 0.0333910546825057
-0.0546697495202501 0.0101258740784722 0.682827042572628 0.0397418316489175
-0.0483226714404395 -0.00561851569907624 0.758378996272181 0.211293341918606
-0.0522592982740852 -0.0372543669655798 0.844222558829872 0.219376285553469
-0.0916178105175778 -0.0296896731698649 0.691581841110834 0.124811490133262
-0.0932074392866637 -0.0239523272891773 0.347939068727736 0.0191614727427869
-0.0972478016561383 -0.0341820270470799 0.00157279821760758 -0.121565504894556
-0.0920107457037793 -0.0352388807470533 -0.332706971251983 -0.1761758669506
-0.0953696230454793 -0.0343069745671994 -0.57993470981549 -0.231161030419832
-0.0877780979818896 -0.0316299813768958 -0.728900164055173 -0.163066646986037
-0.0666194093925242 -0.048696450615724 -0.761562737254597 -0.0259448768879867
-0.0554661509666138 -0.0370088740585436 -0.753552266493626 0.0972284274873629
-0.0607505575520435 -0.055761998574696 -0.618283094625501 0.07494398025179
-0.0566799750949559 -0.0166411718648695 -0.274117076025191 -0.00742884933390975
-0.0779247510364476 -0.0145555221260536 0.173049697002369 0.0676287041861122
-0.0492028753366035 -0.00602325459248317 0.596750678428011 0.0748356132163207
-0.0167240518475119 0.0221591227602095 0.692616340160728 0.126348735041
-0.02787713482486 -0.0438816772605515 0.755045676521146 0.307305415098252
-0.0668037102051426 -0.0531019402164381 0.812107303356158 0.294958926002866
-0.101233995536234 -0.0166091248696452 0.646193388106028 0.163148097070623
-0.0841703187746779 0.00176933720786444 0.30137382657636 0.022846953020061
-0.0845326750485503 -0.000104934689442934 -0.0397375945229773 -0.130624399287613
-0.080450773773288 0.000301961400662217 -0.37974442578917 -0.167672514548592
-0.0941382537422797 -0.00139182810393883 -0.623444171466136 -0.185480767311849
-0.101112112156499 -0.0166924438048994 -0.747324154954135 -0.0832994496449045
-0.074133313402516 -0.0664307148681279 -0.750831220787686 0.0672858829013036
-0.0278624866244469 -0.0415197656144823 -0.726675936326354 0.170728225959912
-0.0450396807855068 -0.0225842819509474 -0.594825747592739 0.109528822113883
-0.0850889550894441 0.00945356830782285 -0.243501627158831 -0.000290930933780581
-0.0994787603638374 -0.00255487120201369 0.202341154455535 0.0784725417708933
-0.0348355595391351 0.0312421102010703 0.606750620619631 0.110214313134561
0.0303791344111917 0.0318176396390117 0.707693467060674 0.199063822774384
-0.0056473349308917 -0.0717290688357504 0.751754048881491 0.372229030955774
-0.0696095249742845 -0.0549920893926987 0.769711335871261 0.341656389972489
-0.0926736847959041 0.00706284087630415 0.597846107360535 0.190573241211157
-0.0584802179847116 0.0321621629661423 0.259955242183187 0.0343753910710428
-0.0556549040807255 0.0364708197800553 -0.0710317713878045 -0.127037341202678
-0.0535049939409398 0.0352326554389115 -0.416356398716818 -0.150530926990311
-0.0788598924276498 0.0276031040412215 -0.655951091294667 -0.138341372077673
-0.101328583076665 -0.00827440719785815 -0.761815850619852 -0.0148917808509273
-0.0672639594824161 -0.0872022732936634 -0.741667222097729 0.13338268229158
0.00861849829143737 -0.0462459499557332 -0.704637944003804 0.221158493059301
-0.0242280865213887 0.0101691606030572 -0.572780209203106 0.129314238590915
-0.102598998805392 0.0300247526770022 -0.21253821586197 -0.00106294462870777
-0.102054274416408 0.0134388103541793 0.233276936465242 0.0868103383623682
-0.00292998315524795 0.0572904042382918 0.614869598501964 0.13227377816115
0.0764575360963388 0.0311990963314863 0.729096613334457 0.24247235539282
0.0122155182962479 -0.0837661614945344 0.751589075334548 0.397973419932624
-0.0577621406859473 -0.0380359264232285 0.728724932873328 0.362542513034901
-0.0662317331696229 0.0395984056536447 0.554232846498615 0.216522021036045
-0.0219959961496707 0.0638450505716448 0.230747593130791 0.0554383177480174
-0.0162760964041721 0.0686536255564262 -0.0860498280298347 -0.113790720750235
-0.0174093674095979 0.0617967897365542 -0.434951601989008 -0.12660164719459
-0.0536363262119981 0.0464678026630388 -0.679955622324991 -0.101266740658958
-0.0890073902514115 -0.0115502079036726 -0.77982716227304 0.0291789344538256
-0.042558354229655 -0.111710312513601 -0.746158811619266 0.161837680794673
0.0511467092204136 -0.0476079192188848 -0.686720630266628 0.235973449628439
-0.00540413362762455 0.0376895221012282 -0.553089699776549 0.133983622116376
-0.109793989302824 0.0419819205665047 -0.185359085108005 -0.00601264219631236
0.0746672752057093 -0.0530351575474355 0.169796756321611 0.0490820983276523
-0.029118396757915 -0.118929396011426 0.533556915696602 -0.0803258571928656
-0.0554194438103742 0.0195874990250819 0.669862085335821 -0.194319190979585
0.0293936749668093 0.0777308060645597 0.743498304639128 -0.137609202097874
0.0880290891513991 -0.0220733273230383 0.812632893422209 -0.0681167163621801
0.0345251945388049 -0.0467073465434597 0.73256346535772 0.0146450704802829
0.00456136413815171 -0.0565468303368968 0.459156625934786 0.0653542291260626
0.00233256865541493 -0.0709083453274098 0.134304045294659 -0.0130859434397912
0.00996490844099151 -0.0699482567462056 -0.195722812107582 -0.0896940150034897
0.0362122257682112 -0.0499461787385236 -0.460195066688421 -0.265052284922797
0.0612623314634251 -0.000760428298831977 -0.68528816684574 -0.367680589516992
0.017773773610085 0.0371183938431328 -0.767294416698728 -0.375115425769236
-0.0588076513824825 -0.0416557195711774 -0.754855675861112 -0.205115571407969
0.00383572051200829 -0.13912770379815 -0.643896965688561 -0.0783673292652467
0.0976613952590259 -0.041409199022897 -0.308615257185651 -0.067113886279214
0.0588500811694997 -0.0449463976531381 0.151531099971816 0.0548468853281026
-0.0352121167107908 -0.120870502391539 0.53604532941918 -0.0686575532606342
-0.0827383738847522 0.0117220759374232 0.663131616244253 -0.165215386590749
-0.00900898282644967 0.0813064013382145 0.752010136442469 -0.0871017717025776
0.055262910155772 -0.0103128892536719 0.839090969963298 -0.0359799831296069
1.23236209322074E-05 -0.0448773212474254 0.73904756660732 0.0118667042301637
-0.0342366941955319 -0.0596445361368998 0.448435674380462 0.040696857175782
-0.0396592025292926 -0.0807589488580266 0.116931122824479 -0.0436506660135723
-0.0329762602017833 -0.0842269509188479 -0.208453291095675 -0.121288728596901
-0.00918041862616141 -0.0731312347446059 -0.463569330436891 -0.274262436460458
0.0232365099424483 -0.0289280816065981 -0.676264760619126 -0.3437033240899
-0.000779884098186611 0.0156449230412606 -0.76632446896814 -0.311163681597016
-0.0753569691970363 -0.0363819393877264 -0.772304382052052 -0.155268528014084
-0.0315687942778758 -0.135544431262096 -0.650157208821968 -0.0560331884658571
0.0636357779345774 -0.052473978182933 -0.318409574828659 -0.0553084570057696
0.0320898902245818 -0.0340659967940954 0.141330084207632 0.0560476810717627
-0.0374910633500507 -0.107343780546493 0.547957144783897 -0.0447133309062092
-0.0903980351539843 0.00303630937834752 0.665417343314386 -0.11652423601602
-0.0405593887877805 0.0663754042237028 0.759727727637702 -0.00679180838950236
0.0152863441279405 -0.00743004304214347 0.860156722812938 0.0300444178353852
-0.0346598625178399 -0.0391810698673167 0.738847285130404 0.0339141792579474
-0.0662089290205316 -0.0539395117792713 0.42713733602682 0.0245143073153584
-0.0732018131911076 -0.0775096554425418 0.0859157970731457 -0.0753691735544544
-0.0680348324201659 -0.0825518703298873 -0.240477643481108 -0.148084202349527
-0.0510350963131071 -0.0765335028620573 -0.490124291696454 -0.273189774520588
-0.0205364397688708 -0.044234270495044 -0.686801580102207 -0.297045087855349
-0.0239004866232132 -0.00960193003922141 -0.768367982319791 -0.221463440434192
-0.0788462385495261 -0.0328901133809347 -0.779795956250412 -0.0764624709455178
-0.0565217324834885 -0.11674195551314 -0.647591567988743 -0.0135219328996505
0.0214561476928112 -0.0518039593009725 -0.315854798846294 -0.0367941051106678
-0.00355954180731758 -0.0248824672685817 0.140973361689398 0.0549108069555488
-0.0420649104102703 -0.0804953263321041 0.565608569742905 -0.0169840891284669
-0.0799256894677036 0.00215056890762738 0.673189553227195 -0.0511879644452098
-0.0546958847246042 0.0339944196669943 0.764895423988425 0.0940633795660002
-0.0234539842037696 -0.0177284188864173 0.863165702003701 0.115584927638839
-0.0675726433212297 -0.034449882872492 0.723931303473582 0.0696261062361032
-0.0866987963044027 -0.042218673614811 0.392356099390239 0.0163124557564969
-0.0942798036362158 -0.0608132577299212 0.0437637640433322 -0.102181495430818
-0.0886393847323399 -0.0645716581886309 -0.286470424294444 -0.165512856853633
-0.0820167257862628 -0.0616577889239543 -0.534963547788974 -0.255197416105888
-0.0602163883960629 -0.0426658210436095 -0.707761011960543 -0.230895663099097
-0.0486604028123167 -0.0308218734006986 -0.768790704112889 -0.118381859774291
-0.0720729715608361 -0.033923836684049 -0.770665389657817 0.018129145872599
-0.0666240448197589 -0.087731658325834 -0.637409165320712 0.0364472034347449
-0.0197855409056988 -0.0377640404607183 -0.300475997020299 -0.0191243927930982
-0.0433138987902356 -0.0186570316484303 0.151709157043443 0.0573895528119917
-0.04916479330474 -0.0439701316816708 0.584425196310262 0.0243643433835366
-0.054681673077951 0.0105597222856919 0.685166644560769 0.0281560182635391
-0.048604425740023 -0.00521667049010711 0.762943797590597 0.199587112042847
-0.0528382376149802 -0.035406203488365 0.846269817152346 0.206092889296072
-0.0916020007532058 -0.0277296468403741 0.694202989142089 0.11340915987795
-0.0929482308565401 -0.0231690191644502 0.349024119772237 0.0138422371465217
-0.0977938165330702 -0.0326573370168194 -0.000486054932626479 -0.121123166985491
-0.0923652866983832 -0.0341214945570904 -0.336665624966063 -0.169913151199611
-0.096274951772493 -0.0320935971675803 -0.581794393148878 -0.220952558943478
-0.0882953567983071 -0.0304880292068911 -0.730953424150141 -0.151036219556839
-0.0678061302212731 -0.047523391074347 -0.761667833735258 -0.0126228361400766
-0.0562187619982002 -0.0369018330847241 -0.750777504687402 0.108693319394724
-0.0623753362291094 -0.0550518803718942 -0.616560676390166 0.0837227737259657
-0.056663832042156 -0.0152809361754622 -0.275358940228849 -0.00382063776061955
-0.0782428006338155 -0.0127721266178492 0.17451219753724 0.0644167384350648
-0.0497189656886187 -0.00583820014348021 0.597981764689802 0.0655246666265179
-0.0164644320695552 0.0226489298129089 0.69565830798073 0.116709787334044
-0.0286344398317812 -0.0433465184227676 0.76015571565108 0.296790499773806
-0.0687190973216512 -0.0518200092814421 0.815575185892016 0.281822631895485
-0.100564864466506 -0.0153429693783209 0.648998940912337 0.15184302396945
-0.0844640420611402 0.00208376539279709 0.302047385122514 0.0177517984597327
-0.0843015473380673 0.00101357598989552 -0.042028545667647 -0.130073796185908
-0.0805087922579109 0.00144130572385447 -0.381240878952406 -0.161205035473548
-0.0942679137310296 0.000451233604831517 -0.62436286822949 -0.174854513184197
-0.101642126718364 -0.0147045077703796 -0.7466881304315 -0.071365245537337
-0.0747230811170885 -0.0648992766088432 -0.751454264693877 0.0792157537252729
-0.0281316207214749 -0.0408139868421661 -0.724329556416518 0.182466903173041
-0.0466617141340999 -0.021888644809937 -0.591775855915981 0.117614990639569
-0.0844994594176232 0.0108100985563961 -0.243996948489452 0.00208476909042319
-0.0998326866696058 -0.000910332527360942 0.203254967576924 0.075503881338706
-0.0348645501279661 0.0310710415697965 0.609497327233627 0.100855951566939
0.0311864356756668 0.0313183130684326 0.712230118793999 0.187791940327469
-0.00704986761933462 -0.0715660287606074 0.757337705582494 0.361158328475732
-0.0711094611078858 -0.0537695720042525 0.773611146599671 0.328352304166553
-0.0931175425162039 0.00858771485207491 0.599266516422804 0.181468655612238
-0.058622348153177 0.0331899979501013 0.260398567909165 0.0299870819362318
-0.0547711892208375 0.0373126435990093 -0.0722975310417603 -0.126597552793117
-0.0531870579227344 0.0349904229673021 -0.417489741327758 -0.142652275248742
-0.0785747749238176 0.0291351337875656 -0.656182069573158 -0.13023192828171
-0.101853456517234 -0.00716974493111853 -0.762953753419601 -0.00276215773070007
-0.0680914466911788 -0.0865519393364554 -0.740015151891636 0.144507993726678
0.0083731692428192 -0.0465771236412199 -0.702314596384149 0.231605004051776
-0.0245093441552385 0.01108157319035 -0.56950488547396 0.137104622597252
-0.10250352060954 0.0317408765957473 -0.212914692982807 0.00212300699664451
-0.10232660399465 0.01526009547458 0.233696317265496 0.0832572987637504
-0.00227687570959212 0.0571353331400055 0.617586715885342 0.123085408555785
0.0770049812706208 0.0301999472163658 0.733136382176096 0.23188599935761
0.011143310748841 -0.0838696903050552 0.757813017093015 0.383488148944272
-0.0586533263447186 -0.037547179450526 0.73218521249431 0.350550927287221
-0.0660914609482031 0.0407536954916517 0.556550100334508 0.207172567098418
-0.0211916026809615 0.0639238120381581 0.232452304892513 0.0514146482267062
-0.0148227664156862 0.068715829060789 -0.0882970329282154 -0.111952813507503
-0.0165947455123887 0.062330783845733 -0.437513101852039 -0.118954370405575
-0.0528780590168555 0.0471520176109732 -0.67943121270189 -0.0906010815310297
-0.0898498840685255 -0.0101366520242874 -0.778547361501993 0.0414633708609628
-0.0447434153188982 -0.110543135696182 -0.742912990783002 0.172749550272852
0.0508430147682927 -0.0480895702703225 -0.682703161819076 0.246080308246587
-0.00484687531855672 0.0378574303209332 -0.551004230016917 0.139755870645021
-0.108510015714807 0.0442121329321945 -0.185110006415262 -0.00346463496986673
0.0743018499075699 -0.0532275623060434 0.170243804209436 0.0470409330038196
-0.0305114915353729 -0.118324376678381 0.532310820114789 -0.0877145310484908
-0.0552026939869442 0.0194336535041279 0.667193315595169 -0.204300250281546
0.0307684710614088 0.0768592609219718 0.740289829338963 -0.15057262325978
0.0875440758151295 -0.0234527437472614 0.8084038409817 -0.0802426286111511
0.0334333577222947 -0.0468166811108833 0.730290485901067 0.00291739117771789
0.00325342649090855 -0.0571133510090155 0.458377890238484 0.0585722214468023
0.00118918379133216 -0.070751251708674 0.133321086295107 -0.0144941556545356
0.00925440896946581 -0.0695096299486107 -0.196078233799599 -0.0856580315185823
0.0359658839446078 -0.0502256722790097 -0.462023975286859 -0.259255014305678
0.0605279211931525 -0.00269478178965524 -0.689614788443507 -0.356274289625418
0.018378054775651 0.0368662237013378 -0.769204923959729 -0.362045215913393
-0.0597358708095389 -0.0409193275960322 -0.754854033597386 -0.19325494230804
0.00193580458380472 -0.138304323493547 -0.643205664302583 -0.070755217128306
0.0975613602682619 -0.0420208534582306 -0.308646343837092 -0.063116515275901
0.0584576234593169 -0.0453215748796748 0.151848750376704 0.0520538598838082
-0.0369120335396117 -0.120040847946258 0.534756562869361 -0.0746102197838924
-0.0817933279046484 0.0121509023643905 0.660134824840868 -0.175415007792632
-0.00750862727915514 0.0813719898217161 0.749786578802672 -0.0992836011069345
0.0543830374522614 -0.0104723262426755 0.835349006756595 -0.0492456747468899
-0.000309467513115147 -0.0441060881609646 0.737594684751152 0.00129941638242408
-0.0347914812544616 -0.059437383247253 0.450837515940384 0.0326622485958662
-0.0414591452783922 -0.0801046245815976 0.116360271722687 -0.0447377471174711
-0.0336527168242847 -0.0834244507006909 -0.209469930476839 -0.116829765255103
-0.0100527041302161 -0.0723566954830054 -0.466059600999808 -0.267382662077221
0.0223273422325597 -0.0289522654890252 -0.677828318490106 -0.332516198490661
-0.000156317610639219 0.0159422306355183 -0.768806187428864 -0.301320071815378
-0.0761727561197389 -0.0352429733196305 -0.772927675536052 -0.144035006899858
-0.0337546964113593 -0.134156443023528 -0.649430434954924 -0.046405303751012
0.0632654639677217 -0.0525312633932246 -0.318949737965723 -0.0509999680451067
0.0319214951578281 -0.0331342458634598 0.141252797175922 0.0537506365177341
-0.0383325508238649 -0.106972837878073 0.545989963451295 -0.0532974330170968
-0.0902811867979242 0.00444827911885717 0.662820388107418 -0.12684951708301
-0.0397250825464979 0.0665004050116757 0.759221319394576 -0.0191690090164273
0.0145101101411803 -0.00703140158266013 0.856654301815965 0.0148859651576284
-0.0355056691510669 -0.0382403604862625 0.736826581181292 0.0219761822635292
-0.0664487825294512 -0.0533877836458649 0.426745086473506 0.016781542484458
-0.0748646482588126 -0.0764182600738327 0.0844802089777271 -0.0759701925628348
-0.0686103327541477 -0.0815547930855615 -0.242353563182649 -0.143292533444951
-0.05205254925703 -0.0756233345653279 -0.494156235407908 -0.265544915617383
-0.0206242084859183 -0.044512658954194 -0.689174098022592 -0.28554276791327
-0.0238997037845561 -0.0093615765722557 -0.770399362330898 -0.210688021248822
-0.0794364947920575 -0.0317502435784737 -0.777221692828156 -0.0623991318105625
-0.0584052000341767 -0.114984652157772 -0.645277420429116 -0.00617186473608658
0.021372041196244 -0.0518990150994472 -0.316163299823465 -0.0314294499105905
-0.00369089404353957 -0.0236151696794472 0.141701210883333 0.0530021429956778
-0.0430338787363895 -0.0793567371614064 0.564292820633725 -0.0251388816045163
-0.0797765261919269 0.00326960397011551 0.672622650322836 -0.0615567813241004
-0.0546606500040366 0.0352441400123683 0.765052334238219 0.0819404586384878
-0.0238757614317595 -0.0157328311699462 0.862165521945582 0.103619410750593
-0.0676473081895255 -0.0332674433064915 0.723656998876541 0.0584124703339197
-0.0873791697919286 -0.0414104108744069 0.391451489363258 0.00924734313232465
-0.0945129819942623 -0.0593591013836539 0.0428690824488637 -0.102599501804292
-0.0888979352478551 -0.0626911289712411 -0.287930242434187 -0.159831241794383
-0.0827679622544193 -0.0601782090023208 -0.536996402048343 -0.246643352734498
-0.0610917566081257 -0.041566649196713 -0.70868472109593 -0.219126881781498
-0.0489434045806641 -0.0301812462070627 -0.767845840943376 -0.106152745914876
-0.0726870219298529 -0.0323903925655431 -0.767674979689819 0.0285779546736003
-0.06832080761608 -0.0864517927110292 -0.63468424925156 0.0459869283018837
-0.0199903751887235 -0.0377161221778372 -0.300317915224058 -0.0134779024240619
-0.0434865683103905 -0.0176461840272715 0.152358965503168 0.0558450613166147
-0.0495144618823696 -0.0441121780044321 0.581662395085677 0.013650902795582
-0.0535521297424279 0.0105220845872203 0.684487779664049 0.0175465065452853
-0.0494292469035788 -0.00447952146878944 0.76342968315817 0.186501563275056
-0.0532800863581392 -0.0349425224918756 0.846170836158134 0.193471537192035
-0.0918822924997561 -0.0264715808995309 0.692530280891585 0.100603870871448
-0.0930683881939167 -0.0228325167914225 0.348513550638523 0.00836909642000646
-0.0978737787166409 -0.031216205432412 -0.00208710862145588 -0.120978590622118
-0.0926419724396116 -0.0322551800428427 -0.336115376335317 -0.163225896241221
-0.0962817225819707 -0.0312485722055908 -0.583258698726596 -0.211795589491628
-0.088605523432226 -0.0284171439078153 -0.731492675693256 -0.141424538952889
-0.0670393910009309 -0.0470074985626853 -0.759394325901554 -0.00278240705889283
-0.0557092019263148 -0.0352809947175177 -0.747376139641955 0.118538641059788
-0.0633417661159862 -0.0539753715575354 -0.613896422283891 0.0930362959368191
-0.0570838466851937 -0.0145310471561332 -0.274532266505129 -0.000602901073990152
-0.0783325679162746 -0.0108909703537528 0.174279874718529 0.0619632800404896
-0.049699089420597 -0.0058661985217965 0.596649706315515 0.0569499740130282
-0.0149813244687344 0.0227611117847526 0.697667841643245 0.105841488080718
-0.0295993869594996 -0.0425476037753831 0.761532954090873 0.281772918382231
-0.0685566325960994 -0.0511343862354518 0.815409045674813 0.267840194193666
-0.10056019669376 -0.0129437779636872 0.648059896952753 0.140362286116523
-0.0836343682406653 0.00316702562691617 0.301413893701247 0.0121570802024202
-0.0836088158980259 0.00238597388891134 -0.0430804195659145 -0.128716797712252
-0.0798100066485251 0.00241426568349879 -0.383526805743757 -0.155405451618048
-0.0936109288182688 0.00165319130960659 -0.626200316008872 -0.165732186199872
-0.101727961589649 -0.0130249469696243 -0.747337229377905 -0.0604663989968316
-0.0756396832599782 -0.0630530724787734 -0.747526434628718 0.0893048029556417
-0.029707126212166 -0.0401897926838055 -0.719858030938207 0.193457016058929
-0.0466034692275232 -0.0199193771671693 -0.587777498151079 0.12516497257936
-0.0843233379651838 0.0116971038888328 -0.243382347167118 0.00510287353787881
-0.0998628670159922 0.00139486402065348 0.203165156593123 0.0722886516223074
-0.0344303216376256 0.031609634478944 0.607961263761476 0.0930661975007734
0.0322202176044113 0.030074278650784 0.713057968206778 0.175545209232093
-0.00780081210955394 -0.0711631559342252 0.760232772838686 0.348048481548097
-0.0706871073353665 -0.0523310589597944 0.775293345437776 0.316288328311443
-0.0918726958764737 0.0106155320363435 0.601141560612188 0.171101003349577
-0.0581463307487643 0.0333221779731096 0.26001926380033 0.0262790356751453
-0.0542541856603755 0.0377392761735163 -0.0732999733574019 -0.12550463063102
-0.0517432492367651 0.0359462184023197 -0.416463797044869 -0.135911748715791
-0.0776868685219896 0.0302109746436338 -0.657496178388422 -0.118898669841351
-0.10185195305837 -0.00489815051446137 -0.760331349077124 0.00859214790570627
-0.068885199545171 -0.0845805536330046 -0.736566468421745 0.15603862858963
0.0078594296823164 -0.0463987917684094 -0.694113510780688 0.240342963348819
-0.0248874501579621 0.0118352999684957 -0.566816491101198 0.143454237095747
-0.101548862698134 0.0331316401522622 -0.212594135598015 0.00507199210457424
-0.101575688309172 0.0173481100193487 0.233503158162123 0.080449418918558
-0.00188731180808594 0.0573971044385988 0.617691106342912 0.11421494219572
0.077713088347537 0.0284787808877806 0.734205962675886 0.220051032477061
0.00920143341756754 -0.0839631748786263 0.760984316086899 0.372891438285564
-0.0590326235736715 -0.0360708638611389 0.733936666355297 0.339050752472469
-0.0650514285939958 0.0418988781368559 0.555826513964773 0.197581481989826
-0.0195659033829662 0.0629246700065625 0.232645147140285 0.047754968990612
-0.0133969442566215 0.0682350512561203 -0.0886685970161832 -0.110816183969762
-0.0155105453334693 0.0616544439572712 -0.436833165528193 -0.110971274413648
-0.0526129361981777 0.0480899691675064 -0.679029956132627 -0.0806543639264989
-0.0893280158983121 -0.00889655924475274 -0.775326830972437 0.0549762027495636
-0.0461997099545013 -0.109962923830555 -0.739013627144796 0.184782406310564
0.0499267818448299 -0.049123466309973 -0.676689087946696 0.257797165876206
-0.00504461980084382 0.0386835889107283 -0.548377758488816 0.147491932826752
-0.10770867265983 0.0448226050398546 -0.18584366496348 -0.000954086101880662
0.0728689973864649 -0.053651622422209 0.171063434776635 0.0439526341172213
-0.031843977528065 -0.117156543698327 0.529677910606056 -0.0953330243542179
-0.0540496460713478 0.0200540838255593 0.663367255549095 -0.215735269022651
0.0309529501775117 0.0765889708779791 0.736128452292709 -0.160131570377558
0.0860360540356319 -0.0241914601611306 0.802473966890984 -0.0941120920026593
0.0327905941382691 -0.0474862467966941 0.7259854374995 -0.00819644861829252
0.00255258053341699 -0.0572541980136718 0.457509136905609 0.0495941059974163
-7.19841896004271E-05 -0.0709078511041016 0.132527999910959 -0.0160093658006935
0.00801706894513573 -0.0702439351778796 -0.195657955588463 -0.0815546221411724
0.0349703614940896 -0.0501743108262619 -0.464211873553349 -0.251343974441881
0.0602759421807969 -0.00297266306700236 -0.690760173617551 -0.345565628587476
0.0184721749905158 0.0361341285311935 -0.77152967607822 -0.351668955779336
-0.0598151933345943 -0.0401170044824171 -0.753153810932358 -0.181915026459815
0.000425114656263853 -0.137047744513751 -0.642126364168889 -0.0608795459740756
0.0963333512401716 -0.0425037936854266 -0.309905925098906 -0.058268404257302
0.0577127130950765 -0.044778436380566 0.151371741628234 0.0507360637869914
-0.0387082004467192 -0.119622556083554 0.53056759591244 -0.0819011554006392
-0.0811136064496065 0.012941618406414 0.656524969518946 -0.185276012089399
-0.00597091352981564 0.0817359949376575 0.746242767391774 -0.111335042365184
0.0539731808739153 -0.0122493286952422 0.829750403128292 -0.0636381616092341
-0.000456271283803339 -0.0434045016018953 0.733693931847603 -0.0098170681029665
-0.0359539300240264 -0.058964051745939 0.448393796048004 0.0273693877740898
-0.0417340061212374 -0.0800789807226459 0.115194133780553 -0.0464432525244136
-0.0348544869760829 -0.0837134973053894 -0.20938586041155 -0.112600419271885
-0.0101734670848299 -0.0718092420718137 -0.467196276375777 -0.259331645858639
0.0225773687210498 -0.0293598357904305 -0.678813972790961 -0.321462771168594
0.000292817474122393 0.0163215844864093 -0.76874155880852 -0.289426281345732
-0.0760990183158004 -0.0337845087054952 -0.770676100620414 -0.131600307065883
-0.0354191952106921 -0.133013943849044 -0.646522769235403 -0.0376484394586494
0.0632929987452847 -0.0534319982276808 -0.319269517340345 -0.0463627266289339
0.0313728841152325 -0.033204515156121 0.141312790071795 0.0515264833510934
-0.0398051082933828 -0.105608985538041 0.543222487710606 -0.0598957072415179
-0.0896523115524341 0.00493857771984763 0.659655131911143 -0.136478782784981
-0.0386692302402324 0.0674367585830129 0.755681188249699 -0.0306742417922448
0.0140067288919427 -0.00728547724483234 0.85056526676354 0.00269232416760164
-0.0355980445165485 -0.0371872815227789 0.734733270017722 0.0105957063504821
-0.0671555315392729 -0.0529898918647648 0.425679240881141 0.01030829468201
-0.0752706902467159 -0.0751713670840905 0.0831521704714519 -0.0766941676852834
-0.0692694361995978 -0.0804192412215415 -0.243066303297249 -0.138594218152579
-0.0525417849555168 -0.0744135613431688 -0.494118106121969 -0.256490754688502
-0.0215416923377412 -0.0430227533688111 -0.690201912366785 -0.274494700604053
-0.0235874744829966 -0.00818740781598556 -0.769563848959469 -0.199429139793049
-0.079072482246007 -0.0311973008058713 -0.775396775071493 -0.051973172413319
-0.0603399597641515 -0.113540748095662 -0.643360632689493 0.00315772722546815
0.0210577257368057 -0.0516700854796918 -0.315279893481793 -0.0271621229464429
-0.00411486013991749 -0.0229029420729952 0.141247464735859 0.0512977451943601
-0.0438516661155796 -0.0785888403914685 0.562505992586424 -0.0318786036529684
-0.0789738819498224 0.00379594599394532 0.671071759156768 -0.0700876313464767
-0.0539523185365619 0.0358858527547148 0.762652299723896 0.0681390232427168
-0.0245362886574623 -0.0156719186023277 0.860586436245142 0.0895804091486326
-0.0678122738273649 -0.0314712281069463 0.721157296448871 0.0472247268586657
-0.0871552090590574 -0.0404232832666065 0.390678655808312 0.00324521242782079
-0.0954314202874456 -0.0580046596787117 0.0414221066300396 -0.10274450488176
-0.0896498428075199 -0.0619422380475935 -0.288026967910796 -0.154927157653501
-0.0827325775459777 -0.0584846275112707 -0.537370926792834 -0.237668020944442
-0.0614145708522267 -0.0407797116440218 -0.708978433356737 -0.209787569967053
-0.0491779317155182 -0.0292054586662007 -0.766315782712852 -0.0958964058878037
-0.0719929909664597 -0.0310666201313186 -0.76269155036155 0.0395967410598841
-0.069090312566853 -0.0847083355871835 -0.63136747749884 0.052702042318284
-0.0200138904284559 -0.0370145299430784 -0.299364632532865 -0.00987407279009879
-0.0427570321829418 -0.0165762511680241 0.151912583222527 0.0531804607022176
-0.0499517551293608 -0.0433284857858309 0.579391213982944 0.00641024958731571
-0.052974001389073 0.0112109049392747 0.682083762907584 0.006402595882053
-0.0485564242297417 -0.00468266067610695 0.76315450399135 0.175968879465813
-0.0535462082670141 -0.0345923762870447 0.844541387772517 0.179133204014669
-0.0918389461323775 -0.0243389168734158 0.690242562300339 0.0906131131818984
-0.0927043057638398 -0.0210525240112464 0.347517165983907 0.00222660605570712
-0.0982706588340871 -0.0300235193303401 -0.00421073237768561 -0.120635701284108
-0.0928880923397805 -0.0314568630435512 -0.337375004754829 -0.157137654230515
-0.0964294654495981 -0.029522718218038 -0.583081956936073 -0.203399477121318
-0.0886458156726233 -0.0268231775104084 -0.729216217296056 -0.131406177896633
-0.0682015489443984 -0.0451529744360051 -0.756928570820343 0.0076413847697473
-0.0561074456792728 -0.0347311960952178 -0.743387875192706 0.129877545045579
-0.0645107104660245 -0.0523610687698989 -0.608691653123568 0.100431895641257
-0.0560991240356324 -0.0135150872773479 -0.27428543126822 0.00358465794160658
-0.0782788083095775 -0.00892759982560906 0.1746813187788 0.0591147023383553
-0.0496182589236673 -0.00453212312000398 0.596047342175479 0.047962733141099
-0.0143199913786212 0.0226915329301458 0.696665908128573 0.0925918379382548
-0.0307474039326685 -0.0419426828574507 0.762470055788044 0.27027234897969
-0.0699053938557092 -0.0498467360923653 0.816561594528503 0.256994272536598
-0.100745009295718 -0.0111417562071191 0.647335743907841 0.13068639014652
-0.0832742680621472 0.00383116513838353 0.300945985616274 0.00747947748783266
-0.0833910060039974 0.00335393920474709 -0.0446942379826216 -0.128502320830542
-0.0793916078355639 0.00336153213717254 -0.383165555627868 -0.148135244420403
-0.0934141616128398 0.00358290250498107 -0.624907429798187 -0.15536310265623
-0.102285388580898 -0.0112042207263685 -0.743658881750042 -0.0472708744278083
-0.0759972060677554 -0.0628838805630655 -0.743969322376609 0.100968127937937
-0.0291970167875653 -0.040322356905857 -0.713803347506805 0.201256582025204
-0.04735263174606 -0.0186899005186208 -0.583132517928024 0.131999163515705
-0.0836335677126683 0.0126720370382275 -0.24295439347876 0.0100662928938203
-0.099202173273653 0.00261229480861604 0.202740297536162 0.0688204361873332
-0.0340133711214183 0.0314800812856964 0.606752899586488 0.0832586319354037
0.0326821902650984 0.0296220545913379 0.713120982101373 0.165705046630514
-0.0095100278909322 -0.0705754006594814 0.76091487482209 0.335983245812653
-0.0715821123126912 -0.0509617006960961 0.776038179663091 0.304254958505793
-0.0911240447540606 0.0114477138475697 0.598587657550765 0.162442128276849
-0.0572661656028115 0.0333442371022496 0.259938055101497 0.0212927502206092
-0.0535318118665454 0.0382611509245583 -0.0752769695991457 -0.123699185126998
-0.0514057011161023 0.0365545712011406 -0.417414320131865 -0.128614342586709
-0.077003118912029 0.0312318866140914 -0.655048449229598 -0.108910492887099
-0.101790282952025 -0.0033355982996031 -0.755293211872219 0.0186300685392984
-0.069441398608519 -0.0835375809528771 -0.732522119526985 0.166284987528164
0.00725722832690468 -0.0470439888644142 -0.688186050721818 0.250807919878893
-0.0261131598269466 0.0128494904638588 -0.562700543728484 0.151866364153171
-0.100340169390994 0.0341302649425682 -0.211713111493673 0.00831503676937175
-0.10156384991815 0.0191425802223715 0.233442714367022 0.0765596679444574
-0.0012102534265921 0.0571980818890851 0.61553565453713 0.105694540515624
0.0780963593297367 0.0275139460917694 0.73579698352004 0.207260209854189
0.00788835806549814 -0.083444287472512 0.764511748443383 0.359359620692411
-0.0595636571776027 -0.0356072534697843 0.734251465974972 0.327907485785816
-0.063944352546065 0.0426797233454073 0.556741981213145 0.187706126412881
-0.0193082942761818 0.0628048028783038 0.232889715236031 0.0436128935162222
-0.0124093270727671 0.0682649840173905 -0.0897269287831142 -0.109573746269933
-0.0141375559390235 0.0623454281527258 -0.437059977375951 -0.10396750587147
-0.0511257874196384 0.0488087363965205 -0.677670437595974 -0.0702574773220395
-0.0892334959272364 -0.00647110787165532 -0.77027114106916 0.0657637081249929
-0.0472479230513907 -0.108937564628829 -0.733367034048222 0.194115306889253
0.0490669167410702 -0.0493915056352968 -0.670569021510334 0.265467403811151
-0.00522658954796735 0.0390809528376638 -0.54387374849515 0.154974353821863
-0.10648337445947 0.0460773737629079 -0.1854598907856 0.00201792028410765
0.0723359190990813 -0.0530288482103446 0.170500342990901 0.0415052737514584
-0.0335533317640231 -0.117026422486549 0.524765878265916 -0.0994694905726747
-0.0525213942222259 0.0198726651719572 0.656779670615769 -0.223242933913067
0.0325299193726044 0.0746152748074615 0.730554423945736 -0.169454475871428
0.0855945880138402 -0.0255722462634323 0.795582048118555 -0.104387232817172
0.0317590252368263 -0.0470642193898288 0.722093052329512 -0.0208019821536914
0.00229864257717992 -0.0578015527522127 0.456488805557803 0.0435348466319752
-0.00167900212289979 -0.0710584372196846 0.132236602744726 -0.0181518484389332
0.00732900828255617 -0.0705254963058254 -0.194569229064897 -0.0778985629586097
0.0339297145377093 -0.0502393888196834 -0.46320238911402 -0.242356738222627
0.0593096943500596 -0.00385208775516267 -0.690478383002421 -0.335201176991594
0.0189549461523923 0.0356878731676256 -0.772431484563685 -0.338032357441598
-0.0600373258305677 -0.0390593834212451 -0.749358869797527 -0.171216685562913
-0.00165796732852048 -0.135194703727124 -0.637298255286742 -0.0549312001520865
0.0962617161456292 -0.0433199810589838 -0.308563321993166 -0.053673979094048
0.0563706564120419 -0.0447928141909535 0.152012989568201 0.0477597242803042
-0.038718640814937 -0.118450295658376 0.527994638975754 -0.0896643248614563
-0.0807418171703185 0.0131498831450752 0.651932274804147 -0.194029390929911
-0.00518407644195506 0.0811016204830952 0.739798950419358 -0.119320860627359
0.053830042117457 -0.0122098367069802 0.822795989658287 -0.0737556633199996
-0.000928893814855151 -0.0432559479031402 0.728716135264055 -0.0215654617276667
-0.0362230764058687 -0.0593857867395134 0.446024000410334 0.0198744614790918
-0.0429222286385067 -0.0792965488215734 0.113665031492487 -0.0480352157347859
-0.0358305713296191 -0.0827919572626988 -0.208994960015124 -0.108010314915454
-0.0116859572277738 -0.0712780388661416 -0.467567031630796 -0.252424702299386
0.0214918831789271 -0.0293764895684788 -0.679725990662944 -0.310599792303486
0.000693354306625668 0.0161420860558565 -0.768349586914372 -0.276926111914996
-0.0757018408009781 -0.0332013114025678 -0.765978539075836 -0.121345861951521
-0.0370219568924247 -0.130964084305067 -0.642241115094756 -0.0306296616549218
0.0634144440882989 -0.0536094906029137 -0.318298393795051 -0.0418412898124747
0.0309025397927185 -0.0327994468128785 0.14080069135566 0.0493255789556543
-0.0406427718388969 -0.105332032252642 0.540479334288732 -0.0668971112037132
-0.0885653387918109 0.00522463716682623 0.655275395017314 -0.146514194335985
-0.0377807616213324 0.0671979792367826 0.751299406701994 -0.0415836921066505
0.013579861984663 -0.00719093802944283 0.844619227277907 -0.0102081436418783
-0.0354222300114693 -0.0364287179458945 0.728865570634985 -0.00100704572707324
-0.067165709902199 -0.0522656241394293 0.423799407778659 0.00410584014709185
-0.0760054718320183 -0.0739927724562239 0.0815579702653255 -0.0770071079455747
-0.0694401472267432 -0.0793974387971725 -0.243483562451871 -0.132542011737082
-0.0531711748730477 -0.0730824514038888 -0.494125980981684 -0.249098015400963
-0.0226540827702979 -0.0422200413493393 -0.688519654100318 -0.264725893270488
-0.023308156730217 -0.00859322790276883 -0.769529767343167 -0.187069840059262
-0.0790145482616954 -0.0303617289579892 -0.770465782466235 -0.0404929601999726
-0.0611515866460575 -0.111075652686669 -0.639286467278974 0.0106445200046019
0.0209483613738787 -0.0511279662148295 -0.31494485606318 -0.0231675246336959
-0.00538038282390606 -0.0220472580776561 0.14051310201394 0.0490710217797381
-0.0448840370420419 -0.0778077899848957 0.557379515438381 -0.0403403612030621
-0.0782450685913372 0.00446162196524051 0.666527713227684 -0.0814503975292664
-0.0532166138458903 0.0360521656808927 0.759857948400805 0.0574226447509301
-0.0250502534459986 -0.0151109958740116 0.852893292621771 0.0801822878235863
-0.0676815428228111 -0.0295449034503092 0.717293664633317 0.0366083306911424
-0.0883834248070868 -0.0396863830019032 0.387939969571007 -0.00206429599438963
-0.0949422717280609 -0.0567134876519009 0.0402682706464911 -0.102599342395588
-0.0891685851050399 -0.0605337379691836 -0.288224021520688 -0.149038276733038
-0.0833618864617038 -0.0564684532365418 -0.535443387490888 -0.227662595150652
-0.0625114255184529 -0.0401552194899649 -0.706330885941619 -0.19791294176326
-0.0485431012625331 -0.0285080066157014 -0.763240813642742 -0.0839233085283427
-0.0727734548944028 -0.0307706865756362 -0.758589291063589 0.050295515843889
-0.0702505256132379 -0.0826115118321362 -0.624625359598909 0.0596539252912919
-0.0199218139224668 -0.036228321484357 -0.298586632631318 -0.00523239374478207
-0.0436015673990577 -0.0151760095359896 0.152218336712344 0.0506460296126632
-0.0506734932170484 -0.0423755773277968 0.577696740254675 -0.00112589286732426
-0.0522728104102579 0.0122379336741332 0.681810808380431 -0.00361012837006895
-0.0489130025404076 -0.00349774750039942 0.760654581297693 0.163327399845749
-0.0538452388840064 -0.0324378834010868 0.840811641351999 0.16889555198782
-0.0910894592630827 -0.0233652425575797 0.685796795981153 0.0813485046333472
-0.0923530930286317 -0.0204486977343018 0.344986188860273 -0.00346664245184998
-0.0976347385103927 -0.0287798848528219 -0.00531132329505492 -0.119731531084478
-0.0919806154519991 -0.0304023768844664 -0.336441783959361 -0.151027866750734
-0.0963364917266829 -0.0281175452674969 -0.580519263643233 -0.193801391141261
-0.0889638266462296 -0.025580555947714 -0.725646752777382 -0.118950381887583
-0.0679943849221241 -0.0442242368964099 -0.752779483788918 0.0175912665224761
-0.0563951786606021 -0.034104922797504 -0.735898584773241 0.139290749401715
-0.0642777959643962 -0.0503830800841477 -0.604858323605246 0.105422079122045
-0.0552731009971686 -0.0121807858921518 -0.272830561305668 0.00672813747201406
-0.0782645007102619 -0.00748871577187627 0.174106027290805 0.0574963730960157
-0.0502292467662546 -0.00473578687126558 0.593091544070526 0.0390385325388051
-0.0136762763130057 0.0222048936150901 0.69507020992239 0.083090637611102
-0.031028126342047 -0.0403211983902261 0.761593702974311 0.259454222345791
-0.0700386962961217 -0.0482229977152994 0.812363353615372 0.243849461183684
-0.100234572156042 -0.00941399233638205 0.64404126093337 0.120455626883233
-0.0820950206984379 0.00440356189313935 0.29865939942709 0.00390557422177211
-0.0827205388602222 0.00435769045189939 -0.046618207925378 -0.126401396542223
-0.0781735420249112 0.00479018082801693 -0.381721525675518 -0.139987807672187
-0.0931183259795042 0.00477086745131336 -0.622066879716872 -0.147688683905404
-0.101422708400424 -0.0104633571158927 -0.739836322718793 -0.0389363226186215
-0.075233571038748 -0.060296954268938 -0.736798553311438 0.108905095791284
-0.0296126435546316 -0.0397464655765508 -0.705177570612875 0.211376432667655
-0.0469456395613427 -0.0178193059727271 -0.579360290882991 0.138581447432617
-0.0817222626239174 0.013514843446881 -0.241902204791902 0.0112100900255151
-0.0985748177904551 0.00479787926585171 0.202917921300437 0.0659310768062318
-0.0338108553378908 0.0320662641752895 0.604182335247109 0.0733985466739975
0.0334346854868912 0.0288254926837987 0.712732951220077 0.153098870766053
-0.0100322627966939 -0.070555920035461 0.761680376070283 0.324315830111009
-0.0725309007467895 -0.0505347974917061 0.77333503063909 0.290851641890375
-0.0904963855573712 0.0134215841931918 0.597291129120867 0.1524023916567
-0.0562417130745966 0.0335051460234518 0.257591153685936 0.017436337333139
-0.0527660300290934 0.0382223959592891 -0.0762730372103644 -0.121419325059876
-0.0505897260875172 0.0364251321132816 -0.416416444527109 -0.120079177813523
-0.0751310903449015 0.0324766756387324 -0.653486042369034 -0.100912373700937
-0.101953766187044 -0.00166676887298985 -0.752212382478065 0.0287261895823182
-0.0702815316256223 -0.0827984214925146 -0.727157579400219 0.172975289369133
0.00704010376966843 -0.0462015679330918 -0.680433781641538 0.257940425782319
-0.0251831022997393 0.0126767920576208 -0.555987505415884 0.156461865373143
-0.0995195867183764 0.0347593798030213 -0.211432314165262 0.0107491647239199
-0.101257201177195 0.0206274316874775 0.232434254590836 0.0725770168724714
-0.000744663971049426 0.0560115667596752 0.612364958439511 0.0945564522505876
0.0782462597888207 0.0257087493813731 0.734210044230685 0.194377280684681
0.00670253488411611 -0.0824526174214465 0.762426850797274 0.345367378951969
-0.0600078678452851 -0.0340551481491244 0.73121773488128 0.317518876077723
-0.0620841485572492 0.0433633350701796 0.553446453893093 0.179589194334933
-0.0185582161233549 0.062468756180776 0.231704402478641 0.0403040243751334
-0.0112257045491975 0.0680911231228092 -0.0909851291577641 -0.10736519568216
-0.0129469061972951 0.0617661802479045 -0.433690954935579 -0.0961674420953946
-0.0508170079626179 0.0489032472826191 -0.672772315671645 -0.0606219445579837
-0.0884800539669253 -0.00590614020252507 -0.767021455107498 0.0745952256525219
-0.0487761014816401 -0.108526007505193 -0.72663288855884 0.202903019437137
0.0481703228386667 -0.0497072031661067 -0.662198827052695 0.273662041444544
-0.00500857931739973 0.0392521868844166 -0.538007606698082 0.161136499321761
-0.105066884117727 0.0468356262799389 -0.18531132448771 0.00443587838816377
0.0715716577277452 -0.0532007047089884 0.169951774982007 0.0403266035915346
-0.0341981933734679 -0.115612456418467 0.520032797414551 -0.10801414190369
-0.0526460039898555 0.019511949869391 0.650944516262772 -0.229082401743696
0.0333405005338981 0.0741996439232697 0.722287293626756 -0.178131291073221
0.084356735432851 -0.0261423171232352 0.787636289974857 -0.111622527509712
0.0320958847051062 -0.0471844049536431 0.71379844737249 -0.0290819700758235
0.000979593061086702 -0.0579838943378412 0.452502143072404 0.0366506380618351
-0.00197127317873407 -0.0701591141532761 0.131214891096959 -0.0185641946526031
0.0064393134510018 -0.0705452801879563 -0.193820184110578 -0.0733057398599093
0.0341460326702098 -0.0504691195262306 -0.461854894076468 -0.235109533610003
0.0590338739145382 -0.00472035429718552 -0.688260727542935 -0.323937712035856
0.0203761917212872 0.0346820568157204 -0.768850181525415 -0.326886251023705
-0.0599565173336404 -0.0385561317003367 -0.74567791073299 -0.161449589293274
-0.00312633482513661 -0.1343656291479 -0.633547011595464 -0.0483946413565399
0.0951753696967304 -0.0436011488041496 -0.30688071894917 -0.0493583178592029
0.0561275332627742 -0.0443701565261532 0.150892257376432 0.0465666130291271
-0.0403493856487803 -0.117289288707739 0.523568314833381 -0.0942349568002508
-0.0788825147269982 0.0137548901607368 0.646072022306735 -0.200968611485946
-0.00444123469676427 0.0804362833564602 0.734059583901086 -0.128601979637796
0.0519110539802586 -0.0130148936120306 0.815784253650668 -0.0837460081842949
-0.00111739885491989 -0.0427341040961288 0.722512808608949 -0.0304533537552711
-0.0371031850399147 -0.0584689419706048 0.443480399015512 0.0151701129963569
-0.0438128632956496 -0.0783119258950699 0.112658857384919 -0.0485101204649901
-0.0366730523310375 -0.0821346584674584 -0.208388358877124 -0.1035613531157
-0.0123896365797664 -0.0708173942856052 -0.465985397499186 -0.245324054096632
0.0201501561262981 -0.029156906277463 -0.677054627922292 -0.301373265010082
0.000949218223125922 0.0153888771342475 -0.765474547409377 -0.264924689792322
-0.0753645000145566 -0.0317456471368331 -0.760617442250165 -0.111832951927046
-0.0386267968782343 -0.129219595900095 -0.637481897048837 -0.0242702192179561
0.0621556211233198 -0.0532702380042497 -0.316306135542943 -0.0364230324794887
0.030300566881028 -0.0319852664130334 0.140976788094677 0.0476477863183669
-0.0420853325247592 -0.103857647456922 0.535730845338346 -0.073014777543261
-0.0878377693181854 0.00678659414425464 0.64956601603761 -0.154579862425909
-0.0364870156563539 0.0674474196190676 0.746351560653583 -0.0502117811463095
0.0140639239272788 -0.00746554379794605 0.836967799112527 -0.0199326464810565
-0.0358466348603035 -0.0359304456313765 0.72336637875583 -0.0101180930271718
-0.067524939719834 -0.0515300371099959 0.41933130204094 -0.00129983939718772
-0.0761752155691154 -0.0732343413088573 0.0794236221797243 -0.0778915808293622
-0.0701070626779611 -0.0782249249661634 -0.241443666941148 -0.127338156322962
-0.053687402211562 -0.0723784664702094 -0.493422095703086 -0.241891266623245
-0.0229585719763865 -0.0418940087185007 -0.685548072960535 -0.254529344177505
-0.0235144539228758 -0.00815510720588787 -0.763996732786947 -0.174991465073563
-0.0790709868505644 -0.0296044656810421 -0.765196008352027 -0.0306835990687585
-0.0624306926248184 -0.109306719094042 -0.632747551854029 0.0176448306179331
0.0209813229437667 -0.0508436707250968 -0.313149952548844 -0.0189930705885938
-0.00509788735531595 -0.0210263530047734 0.139696943599194 0.0468368614991173
-0.0453000698774742 -0.0768696705439375 0.554338513389312 -0.0459692554887454
-0.0772812221586544 0.00525042286808432 0.661756555111849 -0.0897603758346118
-0.0523326353561296 0.0368517603202405 0.754604168542273 0.0484744994524957
-0.0249945356711395 -0.0150875111684067 0.845895423430035 0.0656656226907749
-0.067414497958481 -0.0293257098770219 0.71123068548246 0.0271326433637164
-0.0876285270724557 -0.0390125104780856 0.384759372207546 -0.00728538785608626
-0.0951417918798232 -0.0556552553985258 0.0383186011965477 -0.102617513653964
-0.0899230894682252 -0.0592879027641285 -0.287237776141988 -0.143915269613777
-0.0829592411107244 -0.0556924058949136 -0.533601941686149 -0.221785322391344
-0.062199302102168 -0.0384895793084545 -0.702580298879035 -0.188493135804786
-0.0485590277764824 -0.0273360203229192 -0.757991662894294 -0.0754637387657188
-0.0722598988685543 -0.0305092704390697 -0.751475828521615 0.0600473644882233
-0.070741174466031 -0.0813177900006609 -0.619735604117492 0.0668242130173896
-0.0199907292135778 -0.035556802627915 -0.296938355109913 -0.00241978792538324
-0.0433302778903948 -0.0141755790270423 0.150882981874423 0.0479146555563431
-0.0504667843543301 -0.042029283281352 0.572524526886989 -0.00860034783563933
-0.0519391324100152 0.0119723156147743 0.676620882709882 -0.0121397710503352
-0.0485849408579414 -0.00224125094762526 0.756219693171256 0.152476430414803
-0.0537763734796223 -0.0317973660967499 0.835391753136348 0.156201459366787
-0.0901823731500297 -0.0212031486505984 0.683256774664331 0.0704209883239579
-0.0930135065617098 -0.0195181977633606 0.342515883356862 -0.00756125299870974
-0.0978366994413657 -0.0277282146896796 -0.00685459303227943 -0.118187423826045
-0.0913648347340449 -0.0296378563191825 -0.336280278197152 -0.14535022761591
-0.0954298898871772 -0.0269861055841045 -0.579053505097229 -0.186399187455801
-0.0886870449692873 -0.0241129859200947 -0.722257187804214 -0.111194475437051
-0.0683222785780454 -0.0432580730115309 -0.744662235203851 0.0268662299022796
-0.0563690766124033 -0.0330230019131652 -0.726430929627699 0.147395349984051
-0.0656172310219554 -0.0495635420423221 -0.598252555780548 0.111588495026515
-0.0553993341249845 -0.0115352374106774 -0.270986022375263 0.00991709010881933
-0.0779866977512561 -0.00634363383628404 0.172634903932626 0.0540815604178257
-0.0495536888088383 -0.0035640341235598 0.587215539782419 0.0318215471087111
-0.0129585480606695 0.0223943274266492 0.690405478027386 0.0725741802447427
-0.0313620382831556 -0.0403557014992084 0.758410785835358 0.247756099760498
-0.0699085378076882 -0.0467949004267931 0.807762860416674 0.231495649060089
-0.0988717254653859 -0.0082376614962858 0.639333237907581 0.110309622162656
-0.0819810691954764 0.00501308852356044 0.296516182783343 -0.000124129180240063
-0.0818984322485438 0.0048042583268101 -0.0475557609208485 -0.124965957895764
-0.0780896656095265 0.00470395221008955 -0.379851832091628 -0.134516883841377
-0.0921845098523987 0.00537598242139417 -0.618228198545237 -0.138104261818279
-0.101469223087412 -0.0084157559825297 -0.734110705027784 -0.0294811914397292
-0.0763863293731208 -0.0598502124186601 -0.730198623780881 0.116208838039413
-0.0289061956467263 -0.0392464500114966 -0.696805225963058 0.217160701342677
-0.0479059168314027 -0.0161411421102838 -0.572050179542229 0.143778508737349
-0.0810045612692045 0.0144627047416549 -0.241017785952808 0.0151692348263367
-0.0974722405806768 0.00590037709982613 0.20027698303887 0.0632663531982496
-0.0330653615861155 0.0310798349830513 0.600168662911234 0.0663522101212527
0.0334079705637733 0.0283818687116343 0.709755939321774 0.142965749116749
-0.0109301221136393 -0.069641696104846 0.759412801019102 0.311550955646733
-0.0729546703712402 -0.0485249731790998 0.769000176858542 0.282783243987448
-0.0893307951417295 0.014326875746897 0.592988798945785 0.143470617642196
-0.0553796401453123 0.0335193209612888 0.256698905924826 0.0148082707800886
-0.0514573096848482 0.038558848236812 -0.0764131346247112 -0.11990752985162
-0.0495725073874996 0.0366687628368857 -0.413311977708182 -0.115025506548057
-0.0746144978376584 0.0328982797741334 -0.648059852386473 -0.0922850655376594
-0.100899376720579 -0.000536511276959448 -0.74586811279445 0.0375273185599451
-0.0701697205345126 -0.0812266119803994 -0.718986617316999 0.180757584262267
0.00652268151317267 -0.0462860311078455 -0.672351939685402 0.264964555401331
-0.0254694117288653 0.0135619269243657 -0.550606898060056 0.162025763273986
-0.0983245274906004 0.0362611075412629 -0.210648137448098 0.0134688560819373
-0.100134128242021 0.0224513216703657 0.231895237460702 0.0692784636881103
-0.000599579684394029 0.0559106104486021 0.609333187258333 0.0886914050552119
0.0784301717574189 0.0252994625016953 0.732404307586112 0.183352477110912
0.00519163419457116 -0.0826180105444298 0.760230740918897 0.334620016294851
-0.0601762367177672 -0.033152303951803 0.730616341575799 0.305720364162909
-0.0610940231705351 0.0437079081046155 0.552132293695896 0.171888978024386
-0.0177477260200445 0.0620819229861754 0.230385519053712 0.0372105539639307
-0.0103412291580748 0.0667219787190403 -0.0909782162677902 -0.105996553426547
-0.0126824618938414 0.0611200145724351 -0.430037971986544 -0.0883602737678787
-0.0494213907623944 0.0490793169640978 -0.669704381409876 -0.0529827666402892
-0.0886538220079561 -0.00426070991243507 -0.758524660456994 0.0841271972971809
-0.0494219738193259 -0.107238495079351 -0.719532777695428 0.211255283572417
0.047451260142347 -0.0500635399309451 -0.655596550451161 0.280719283065762
-0.00531041304182713 0.0401568003812181 -0.532768565713838 0.165579505871658
-0.103565543636403 0.0473457783905013 -0.183527285076676 0.00729969839565409
0.070320699623756 -0.0523486843120832 0.16853400363823 0.0384042720434238
-0.0356035293990023 -0.11480794196426 0.514860228491876 -0.111402723310942
-0.0519516980109774 0.0191365321739849 0.645169615548628 -0.236799912598394
0.0338303180242635 0.0731420647436844 0.713562498682126 -0.18425677693409
0.0829674249840809 -0.0266965979527536 0.778739052230434 -0.1186291087739
0.0312444542730681 -0.0466165972552719 0.705691210080923 -0.0365013843221606
0.000131207956876583 -0.058430407392486 0.449851852381516 0.0313479862773343
-0.0030568724457342 -0.0705337487335808 0.129842162115567 -0.0197627449220131
0.00532214752273153 -0.0702268012117988 -0.191614133422361 -0.0710750611177433
0.0330104279523133 -0.0503905380872574 -0.46050279261538 -0.228924537159406
0.0581034322340793 -0.0048733821197066 -0.685583019021651 -0.316067251610562
0.0204981329020895 0.0351535469918093 -0.764909372925329 -0.317747037690814
-0.0603636570810878 -0.0383601891759701 -0.739876051183328 -0.151422231085629
-0.00502687786566036 -0.13243763725062 -0.628380022909011 -0.0416224500450295
0.0948713620730702 -0.0438773044082202 -0.305209550322364 -0.0453380450033955
0.0551807940633817 -0.0436043366004029 0.150368839162306 0.0445200176699052
-0.0414180014585771 -0.115936184473728 0.517833310601485 -0.0987401102587264
-0.0780035977236355 0.0147593941281657 0.638861463857661 -0.207175569399395
-0.00384496479458708 0.0804080419329268 0.726461250380459 -0.13762556870398
0.0521279404632338 -0.0131929383182021 0.805275283868369 -0.0904349654511278
-0.00134343921519553 -0.0420954186389022 0.714356856593757 -0.0374988330669852
-0.037672346618862 -0.0589229520252432 0.438486679161097 0.00888927749410639
-0.0449962293557581 -0.0776063909400846 0.111296084274589 -0.0488718068513185
-0.0376645752028602 -0.0813922855497591 -0.207075277658683 -0.0994146379150685
-0.011729419397441 -0.0701859248192877 -0.465091289888054 -0.238831881632313
0.0199784272085222 -0.0289652725729011 -0.673033926077318 -0.290659760827647
0.00102599163262314 0.016062195976964 -0.762082494842228 -0.255097279559357
-0.0751141110516948 -0.0317596853823429 -0.755093527900724 -0.102921626775315
-0.0397454217172995 -0.127265054647064 -0.6315041876771 -0.0194546693368275
0.0615931084926324 -0.0533470735821651 -0.314039020843916 -0.0336850531832545
0.030031590437904 -0.0320563794919382 0.139633404261043 0.0468566436405033
-0.0428591007979617 -0.102246408914192 0.529367825127837 -0.0784371598879774
-0.0873777803381172 0.00667059353899277 0.644696852755966 -0.159496356837126
-0.0359208000059817 0.0664275332860109 0.738512162675057 -0.0582599652074304
0.0135701998075802 -0.00701314735096254 0.829375312128422 -0.0281303655924115
-0.0351934842565607 -0.0345944077605556 0.714960724391634 -0.0172405133185181
-0.0676181262119479 -0.0508231907591388 0.415752245319213 -0.00570129377514541
-0.0767457133112529 -0.0720397138150533 0.0788706962985271 -0.077886273612089
-0.0703118452785847 -0.0772992036979875 -0.239895679641028 -0.123921424455979
-0.053153440706868 -0.071004395216853 -0.491519031301702 -0.234904754032892
-0.0230952596018058 -0.0413533089225618 -0.682540398207065 -0.246744135780256
-0.0225958420847659 -0.00830955521816747 -0.758990060978952 -0.168918672662258
-0.0783180080769588 -0.0279004888071664 -0.757001927256388 -0.0224466057703694
-0.0632266754896164 -0.107629174952917 -0.62749305623691 0.0219050845982971
0.0206337881435943 -0.0500475587260742 -0.310030933844861 -0.0159208983938414
-0.00459326878450781 -0.0208680503266367 0.139261122343263 0.0448807221885715
-0.0459616031042727 -0.0760165441923328 0.548465642287121 -0.0518959531024006
-0.0761796797582293 0.00583551383849538 0.656093067394099 -0.0965640757672125
-0.0522174351815611 0.0370601371186116 0.749859395419975 0.0394278430800469
-0.0251280071052904 -0.0144093419440303 0.839286183732963 0.0582658567644238
-0.0665907259726633 -0.0277696123274713 0.703856087266203 0.019589763491639
-0.087310068219004 -0.0376547957796671 0.381809481894894 -0.01173877824696
-0.0951166379017945 -0.053477274546017 0.0367247969840061 -0.101661619659242
-0.0889508580359889 -0.0592247241562275 -0.285081250977774 -0.138617999727558
-0.0827669643501548 -0.054297954108071 -0.531201799897755 -0.213949077153361
-0.0617564739981658 -0.0370603348485722 -0.69869507067464 -0.17870336698355
-0.0482224351072604 -0.0272162277789621 -0.752399755204206 -0.0680345370893406
-0.0717791695805524 -0.02953045647113 -0.74393364338393 0.0658893325648962
-0.0713573300420223 -0.0793257130862438 -0.613016481242268 0.0702684875449713
-0.0195210755119091 -0.0355186028690308 -0.295338469401388 0.000156820898304884
-0.043238945382287 -0.012704717091205 0.149507351012731 0.0471411867758775
-0.0505238662462932 -0.0414026017440625 0.567411339085338 -0.0140306241156639
-0.0508911665052424 0.0123126719318975 0.671708397902707 -0.0193430088354855
-0.0486593138051902 -0.00217055912723472 0.752501465187508 0.143649657283205
-0.0536099333674707 -0.0311735151732803 0.829472021083944 0.146700218833576
-0.089968421858614 -0.0208576446794845 0.67632176956104 0.0629842911739995
-0.0915419531347673 -0.0193076008038756 0.339649135627036 -0.0108796893482755
-0.0965697140080222 -0.0269443500106586 -0.00758580733103158 -0.118028011536982
-0.0915460339315061 -0.028660892789656 -0.333240234362769 -0.140017739114391
-0.0947484696129888 -0.0256358922895578 -0.575989057488693 -0.176769282385914
-0.0879810801646964 -0.022769079554638 -0.717597570510693 -0.103506790722513
-0.0673634460020961 -0.0423331260149806 -0.739191172514869 0.034869469017357
-0.0561375647700552 -0.0323051200262108 -0.717927900391942 0.153850777838782
-0.0648833071286039 -0.0475805476560541 -0.590908688191937 0.11528713932452
-0.0534163834555923 -0.0115524743675593 -0.269729851547815 0.0124090124290896
-0.0768238026936435 -0.00469844346587293 0.17095083469927 0.0528216778179935
-0.0496168695871261 -0.00313536312135712 0.582931367697832 0.0260521656296624
-0.0129578015037735 0.0224874712413142 0.685707390589088 0.0644627865771083
-0.0315377060077467 -0.0401009528813768 0.753844097753095 0.237547132553019
-0.0700482192819504 -0.0459273493541446 0.801651899144197 0.222853610803622
-0.0977474049313917 -0.00779671627854817 0.635703870348951 0.103426994115519
-0.0810226068485677 0.00505594753998378 0.293775568290995 -0.00441517843587943
-0.0812659080372021 0.00612867674474116 -0.0469838617041766 -0.123500817379222
-0.0769841463638097 0.00543825063049428 -0.377241899452586 -0.128675260613309
-0.0910620805781257 0.00702308204359853 -0.614564621792249 -0.131193473488239
-0.100559438962779 -0.00644029611796357 -0.728371990233459 -0.0213745359947189
-0.0760292277291634 -0.0586796377016905 -0.723326744525209 0.123955704260548
-0.0296356541635908 -0.0392311242666113 -0.688622106651713 0.223364917206472
-0.0477038147482143 -0.0152872425557013 -0.565617245750952 0.14731908461015
-0.0804573048782723 0.0147164886794957 -0.23915752804903 0.0172119678424589
-0.0967137957521331 0.00713643953005167 0.199193663379658 0.0605854700238041
-0.0334654896650124 0.0312832548395811 0.59448364670639 0.0593475369617817
0.0341651121689314 0.0269566235330813 0.705672404082073 0.134603465981699
-0.0112651523116939 -0.0688702012171831 0.7540605946429 0.301248223546122
-0.0724989706306267 -0.0479765211130283 0.764274861260105 0.270060315004737
-0.0882168429944486 0.0159519525439176 0.587917322187566 0.135669092997032
-0.055134227192652 0.0336830186329795 0.254626452437224 0.0108631160423489
-0.0506081072739877 0.0386944843276357 -0.0772555648145042 -0.118477022116549
-0.0484151004284621 0.0373782828215254 -0.409639525447319 -0.108488985176919
-0.0738137397486206 0.0334137125245854 -0.64363683515685 -0.0854216466649571
-0.100531508690545 0.00104313959918248 -0.737919078069996 0.0446097680822496
-0.0707223277752085 -0.0799474558767463 -0.709972590349553 0.186577509762587
0.00600489332001165 -0.0462110618576038 -0.663371001089577 0.269347654522898
-0.0256985799329073 0.0139885020745552 -0.54403406356969 0.165471939210299
-0.096724245045632 0.036832362723856 -0.208356911455372 0.0148636914761518
-0.0988138430920715 0.0231602539875662 0.229687675881095 0.0659565914312094
-0.000446565560778676 0.0549132833922681 0.602486519155968 0.0789938112902378
0.0781111695268453 0.0237580180288044 0.727724288356625 0.172649976152021
0.00458236293207918 -0.0814410813584603 0.756452083770936 0.324698078771904
-0.0597481320754799 -0.0318028226942416 0.723564048112394 0.295433578164891
-0.0599554855489131 0.0443782897482124 0.547380605134336 0.163637501845072
-0.0176730726557717 0.0606222976616998 0.229072878454217 0.0337237069736967
-0.00944669867282425 0.0662481893470166 -0.0912340693730347 -0.103717584921379
-0.010922861733137 0.060019121242893 -0.427858010442026 -0.0833863992565986
-0.0482715910465524 0.0491861991414914 -0.66348096881819 -0.0435715468294666
-0.0884652991606598 -0.00225421394186137 -0.751390713949366 0.0892258307122762
-0.0492410923316104 -0.105872298530694 -0.711752802013966 0.216897215176818
0.0469346964060423 -0.0496815401878392 -0.644528598591883 0.282949288875688
-0.00436123280720394 0.0398518300520278 -0.526927029971597 0.167555021009135
-0.102332083975323 0.0475338166733211 -0.182183886651928 0.00853852309952756
0.0696200035721184 -0.0516929481411855 0.167281245127666 0.0365845911437461
-0.0355917307125803 -0.113574050897161 0.508650542337684 -0.115433036251493
-0.0510673420064805 0.0191418988990458 0.63720780936802 -0.241480931985488
0.0337985095776019 0.0721031777865527 0.706199627340886 -0.188855507091389
0.0815669240570396 -0.0268633646152178 0.769620369646172 -0.125622439979415
0.0307704561857999 -0.0465050277979748 0.698338683170152 -0.0420378578663375
-0.000629887016086166 -0.0585811858935037 0.445800969624972 0.0266771497781266
-0.00404563432404413 -0.0705194675935257 0.12826662761038 -0.0208679375197872
0.00448570815965484 -0.0698109663532154 -0.189463904419339 -0.067581621089405
0.0324898233682944 -0.0502967721549425 -0.456128696700089 -0.223208565811183
0.0581773176120916 -0.00491807929172417 -0.680546908615076 -0.306617285792748
0.0210062368352212 0.0343215266921735 -0.760940939957889 -0.308308008276032
-0.0596806442314355 -0.0371844653040135 -0.733606626315438 -0.14562313157883
-0.00581721623073692 -0.130328174459884 -0.621014682863019 -0.0372369303918899
0.0938234334640628 -0.0437576930868452 -0.302090526764994 -0.0429226679814007
0.0548888826001732 -0.0432972410036643 0.149444944604912 0.043004638320355
-0.0421677093209697 -0.115227207383234 0.511502728853641 -0.102645186384523
-0.0780100815145772 0.0140676311341175 0.632595013148038 -0.211538945134432
-0.00318521316128733 0.0798183570229161 0.718224204041258 -0.142288157987586
0.0512074926502701 -0.0127696198903819 0.797256326640063 -0.0944636182163035
-0.00148744359035397 -0.0419245646121016 0.707690208313035 -0.0436187622259991
-0.0375551461257641 -0.0579162713511904 0.434327978095776 0.00480055729104501
-0.0453681280049912 -0.0767543095181227 0.10996954328705 -0.0489311386155189
-0.0368579896043554 -0.081479934165619 -0.205086397879696 -0.0970351548857331
-0.0124451860522775 -0.0687596023477561 -0.460983257197531 -0.23258126664938
0.0197164400625497 -0.0289580834368607 -0.669060917874181 -0.283297307491842
0.00186462178637125 0.0149110722823141 -0.756734591590005 -0.247476284016946
-0.0750903583269471 -0.0305683697581149 -0.749730347261939 -0.0971753482087697
-0.0403966980978754 -0.125418805157858 -0.625864875546139 -0.0146948994273304
0.0615746013462477 -0.05338283604839 -0.311567248896998 -0.0312115102435451
0.0287741187128351 -0.0304087252845578 0.137805912433617 0.0447658339729921
-0.0433698446230243 -0.101677348316996 0.523929576102748 -0.0817520480999223
-0.085955142975088 0.00708072080248297 0.638919705972241 -0.166562923638592
-0.0342959348824257 0.0663678258844882 0.731854147448729 -0.0651458196919873
0.0129668257728584 -0.00684793962382697 0.82031240841716 -0.0339940573125348
-0.0354071977974975 -0.0346847650978232 0.707037290286367 -0.0245630657639965
-0.0676775246908781 -0.0513341364253111 0.41256821048707 -0.00996679547965056
-0.0769345553456527 -0.070725910552615 0.0772981189333164 -0.0772101766728835
-0.0703454458025952 -0.0763655000113614 -0.238471622340728 -0.12037094599048
-0.0534742166800539 -0.069654957686721 -0.487342689111926 -0.229192775356972
-0.0235565597727207 -0.0406652239893467 -0.677431234534397 -0.238352623586873
-0.0222069940597052 -0.00720206127311733 -0.753160159737516 -0.161365648995487
-0.0782246507819908 -0.0275376865146173 -0.748729666874545 -0.0173139980046975
-0.0638710408669873 -0.105034319513755 -0.620594866192855 0.0260854061586815
0.0210214067199907 -0.0501503222892597 -0.307553989432049 -0.0137198550382861
-0.00504287249731184 -0.0193991937405168 0.137814867761485 0.0435622126598138
-0.0463542443996629 -0.0747341216258972 0.542656312693319 -0.0567673414191582
-0.0759025316814677 0.00557360074305838 0.650066742363689 -0.103458169627989
-0.0513532609454533 0.0362961628342812 0.741244436049526 0.033967342533095
-0.0250601262862518 -0.0139744406433915 0.829670367071935 0.051632095220918
-0.0668002540436123 -0.0275264200459236 0.697218295670732 0.0142091098334306
-0.0871453168936971 -0.0370779202455035 0.378285533137579 -0.0151711143942684
-0.0951682279178606 -0.0530382417132714 0.0357702204320191 -0.101366677850007
-0.0885517454842246 -0.0575243098055779 -0.28254418455331 -0.134442607551296
-0.082233100126682 -0.0527046515745153 -0.529919887840636 -0.208027907751427
-0.0623699140422329 -0.0358491742398893 -0.691772892306663 -0.172766402321718
-0.0478594051065858 -0.0265557041471309 -0.744913580070616 -0.0609130809148363
-0.071570344573683 -0.028673946543976 -0.736549310628675 0.0724425966259713
-0.0713395471995296 -0.077420025689948 -0.606463886002242 0.0742229293178159
-0.019361770617107 -0.0345977312771711 -0.292964284399428 0.00258460952151629
-0.0428783534494875 -0.0114272320906298 0.148757374137079 0.0449460431464466
-0.0505396620743154 -0.0407928815419508 0.562588559027437 -0.0181645042707098
-0.0499787276990362 0.012192315551494 0.66562502235502 -0.0264962565409938
-0.0480269835576121 -0.00120965550130173 0.746029035722778 0.13528592870597
-0.0539649893711218 -0.0301992032699661 0.821469703594162 0.138190750260161
-0.0888323753053524 -0.0190274358419448 0.669454171937129 0.0582126510733115
-0.0914986077499985 -0.0179570101476041 0.33567280029287 -0.0137343353776834
-0.0962710811902832 -0.0259122887819259 -0.0087886057163506 -0.117105604051849
-0.0904689682584354 -0.0277961472600621 -0.330389479688132 -0.134708054706752
-0.0939918821450017 -0.0245382640082607 -0.571250658186199 -0.172982224182914
-0.0878101365041385 -0.0211865207913991 -0.710296967083962 -0.0969469198280971
-0.0668794263577888 -0.0418241896474893 -0.731773442846856 0.0393529198057876
-0.0558794433338943 -0.032148322645881 -0.709874212237035 0.159256208635634
-0.0658264267466742 -0.0460659958742775 -0.58372769653979 0.11933017348656
-0.0532884182149467 -0.0109818851741353 -0.267214102232681 0.0145859541893044
-0.0761342330075984 -0.00347590831966727 0.169747540161986 0.0509728028304305
-0.0494878023696139 -0.00324557987239453 0.578083198461634 0.0209560412655122
-0.0118297649112758 0.02156793332156 0.682031416636309 0.0584125744082966
-0.0322481888298297 -0.0397497253631882 0.748642064143661 0.228030857172836
-0.0701993485667555 -0.0445909546224599 0.794728669893991 0.215812347956634
-0.0967180229593201 -0.0064808700414446 0.628521448297609 0.0973246919806166
-0.080599936177011 0.00566616832403785 0.290673448107173 -0.00619355921245538
-0.0802104874829323 0.00629129033895094 -0.0486380877547892 -0.121870370912394
-0.0765624705597427 0.0058765009876857 -0.37383145481882 -0.123652723174983
-0.0895529937022591 0.0073468090749356 -0.61003521559211 -0.126354408399409
-0.099472326948819 -0.00590780136430224 -0.722732325741938 -0.0162742905484579
-0.0752777066037567 -0.0580644349882979 -0.715517878449516 0.129136977314553
-0.0295791252757177 -0.0380299914039596 -0.679443773600477 0.22819947820779
-0.0483065223530019 -0.0141512321566443 -0.559101761982368 0.149407056594854
-0.0791912576157875 0.015095070285053 -0.236689886837914 0.0189329795204269
-0.0957288177986741 0.0085877575296562 0.197605564403723 0.0587177910381956
-0.032847438144326 0.0314088193901462 0.589793793191867 0.0549453603575209
0.0338678468142452 0.0265140786138618 0.700375956035625 0.124102175826797
-0.0122333271237221 -0.0682755250208372 0.749289545916001 0.291236033068165
-0.0724480079169419 -0.0464725320004948 0.756739137562959 0.261415844454911
-0.0864954590418532 0.0161817169413684 0.584085470978099 0.129939179572734
-0.0548439394066431 0.0334315577075533 0.251790169950654 0.00865217559414891
-0.0503526447701776 0.0382414993203505 -0.0775309889320454 -0.116954706229081
-0.0474707102779989 0.0367923809107954 -0.405104438946032 -0.103453086486589
-0.0726300627483375 0.0339436491246529 -0.638364940409463 -0.0792549135948034
-0.0993111789142569 0.00152387925046572 -0.731127071373272 0.049896239004533
-0.0698172474402107 -0.079085926188594 -0.702267684140717 0.191834771381056
0.00577888086131642 -0.0452310602447469 -0.654710770320669 0.272717438058354
-0.0254942681452565 0.0153464897430201 -0.537178446276315 0.167038304128766
-0.0944470450221267 0.0361099828198097 -0.207267166738576 0.0170621997847849
-0.0975922056439953 0.0247126798944209 0.22809131158544 0.0649465828219789
0.000166770230192499 0.0543071895240342 0.598662423004014 0.0758648246519579
0.0775206081788192 0.0227780708057508 0.722021420277108 0.165190891004597
0.00349190925356687 -0.0805883001756876 0.752411154564452 0.313705081456838
-0.0603872963041858 -0.0312989480809147 0.718791907674849 0.288459395098965
-0.0594716874809653 0.0446953840871359 0.543260167747491 0.157510556923783
-0.0164374592450559 0.0595613292412774 0.227601702833112 0.0313609943279303
-0.00863804853162444 0.0654877930707028 -0.0910770749876498 -0.102477028625754
-0.0105027451899403 0.0591696549077799 -0.423916065409978 -0.0785406131928676
-0.0475909220109766 0.0503246872427135 -0.656815012332476 -0.0406195842837497
-0.0877653848164099 -0.00195461910472434 -0.743541791066667 0.0944655356846371
-0.0498905775986785 -0.104959913397886 -0.704835096067446 0.221639429183366
0.0461329510075901 -0.0496750261830211 -0.636375914828823 0.28615634651736
-0.00439810165347836 0.0400625228493254 -0.520523552400326 0.169236434341133
-0.100439250679022 0.0481549942894176 -0.180473817441258 0.0101047747635929
0.0689824836344398 -0.0506997011447293 0.165139488149991 0.0358140209939776
-0.0359380371926366 -0.112455011109939 0.504619947153415 -0.11804383862737
-0.0506644112223533 0.0192977340233659 0.630219375966597 -0.245120132905061
0.034311275257186 0.0716200468787812 0.698546588509401 -0.193538261402541
0.0809370674664541 -0.0273243167014823 0.758694619469849 -0.126708560618801
0.0303452738515498 -0.0468491287921345 0.689769570034747 -0.0466201495726391
-0.000977180085098837 -0.057575992589583 0.44013718028684 0.0239030809750326
-0.00466193034541406 -0.0695189622813093 0.12636059251077 -0.0209972108747442
0.00478030311427547 -0.0696584291388155 -0.18731228480066 -0.0651188043873973
0.0326095305604728 -0.0504705667824347 -0.453591579292576 -0.219371946920371
0.056893576021892 -0.00442990818339369 -0.674943377927082 -0.299507085594589
0.0207729828027423 0.0333826649214493 -0.756067891841973 -0.298200186081848
-0.0600064287257777 -0.0368205075022175 -0.726421534241804 -0.137611699229261
-0.00616546136694947 -0.128913141896927 -0.616403995008992 -0.0339172943758178
0.0930247598582703 -0.0437244164833727 -0.299493278400926 -0.0405165905315391
0.0541407507907153 -0.0422128323274137 0.148455317708921 0.0419599672442913
-0.0421062673551103 -0.113984756919656 0.507275567488673 -0.104695616432965
-0.0763174918751605 0.0136250178851631 0.627526109166401 -0.216580314383884
-0.00224065404727507 0.0788968118252841 0.711735886193318 -0.146897561801629
0.0504259545130555 -0.0132075149890732 0.786602240957927 -0.100021302612809
-0.00174170183149204 -0.0416211348383662 0.698337238539927 -0.046454334728859
-0.0377865401236033 -0.0571761086796262 0.431485154307946 0.000733606175947751
-0.0456094013188135 -0.0762819353397483 0.108318921151357 -0.0500444661957274
-0.0377401123726787 -0.0801424415610379 -0.202145728162416 -0.0938478542325265
-0.0129165050261724 -0.068333059615771 -0.457653648049383 -0.227826064819693
0.0188770193925573 -0.0283531777683993 -0.663452401911685 -0.276747564526798
0.00214731009782705 0.0149024139227671 -0.749296171457418 -0.239380655181839
-0.0743414047870346 -0.0301868656300573 -0.740812783565123 -0.0903089599325097
-0.0400227194135264 -0.123645525544864 -0.620067435474695 -0.0122113175540302
0.0607884179222053 -0.0523429295628598 -0.308724265023151 -0.0285565497760174
0.0287530520444812 -0.0295738043655598 0.137352583656291 0.0434804927453634
-0.0432434781154796 -0.100500373664563 0.519098507334275 -0.0841029342662611
-0.0851397077586826 0.00722118359654701 0.632081082103785 -0.168749648436526
-0.0343845487210189 0.0661410196747882 0.724208397534967 -0.0684367581077876
0.01202408657059 -0.00714114645691516 0.808852646172481 -0.0399126653473414
-0.0345777023866448 -0.0335078684196433 0.701028306262717 -0.0272670638699671
-0.0680263451313392 -0.0500351618741045 0.407476485533552 -0.0132634054141193
-0.0769257702718869 -0.0694971013675719 0.0762712754294913 -0.0770904503990692
-0.0702696840543317 -0.0749838871174727 -0.235768423656418 -0.117015322572896
-0.0532863052627289 -0.068956406635688 -0.484075674263072 -0.223418836214704
-0.0233705271815752 -0.0399842846521056 -0.672732494007011 -0.231283629883967
-0.0218193245802096 -0.00710522910753235 -0.745712272145906 -0.155478095956659
-0.0769330815829254 -0.0275821279341607 -0.74120565114853 -0.0114756699884663
-0.0636360635910486 -0.104223668249642 -0.614900827131842 0.0289916997796466
0.0204298678790917 -0.0485114366453014 -0.305148095680161 -0.0111055272226081
-0.00486119517061445 -0.0186003078973756 0.135993990133648 0.0430271807246617
-0.0462798919047854 -0.0736701500026171 0.537708854710952 -0.0586938505847699
-0.0745944801082511 0.00659745848856221 0.644770215796875 -0.106452528757378
-0.0500708402304313 0.0369582044057819 0.734176040880018 0.0284973920510597
-0.0242421407708716 -0.0139293179616581 0.81938788807442 0.0447935961801066
-0.0651014484257894 -0.0270316973749666 0.688929773051215 0.00920951003298673
-0.0868299223218445 -0.0368884226098479 0.373687673550897 -0.0180313276882422
-0.0948507774192722 -0.0521961646597237 0.0347749203280147 -0.100804638454081
-0.0890822242571584 -0.0559636111041976 -0.280762764108123 -0.130411790836173
-0.081531202345002 -0.0520457961287786 -0.523306665472151 -0.202365738055038
-0.061669159072526 -0.0347711275078778 -0.686667269515763 -0.16757806529635
-0.0468487344617679 -0.0261265702477573 -0.737905778776921 -0.0555395848974934
-0.0705704200145718 -0.0280750581373041 -0.728690512785633 0.0748256210087538
-0.0711956377032776 -0.076200399861669 -0.600216741819172 0.0758556778821833
-0.0188091603761604 -0.0334277218987784 -0.289449720358491 0.00415280969748398
-0.0424639375440643 -0.010228092753001 0.147238345631345 0.0436253271640959
-0.0509657827784884 -0.0395922797617946 0.557397242999592 -0.0216997722628095
-0.0495845093255262 0.0123895601593373 0.658211325012299 -0.0314726606523933
-0.0481638232824114 -0.0010690736495184 0.737884022695816 0.128829752730114
-0.0535012383833114 -0.0296195694726444 0.813379173888943 0.132303480877825
-0.0884902700634909 -0.0192317943568373 0.662815232638853 0.0529038975595056
-0.0907406341389548 -0.0179436614606656 0.331621199814696 -0.01579261320495
-0.0956776727765595 -0.0249030904502091 -0.00928994804538012 -0.11538679827467
-0.0900317982161559 -0.027242030871217 -0.326993143971163 -0.130664512064709
-0.0929877402613186 -0.0232846393333964 -0.565535385189003 -0.167670521688421
-0.0870661136905352 -0.0204033142692431 -0.703613859585668 -0.0918247260991249
-0.066011106997722 -0.0407008068546088 -0.724148263528401 0.0437567741162315
-0.0553906104035747 -0.032025229100882 -0.704024011344734 0.162268463628136
-0.0649718345108071 -0.0448091462234791 -0.578198066689139 0.12060262172223
-0.0535734105847978 -0.0105110974650396 -0.265055853831391 0.0159283903021131
-0.0753395093676859 -0.00272996920092973 0.167249443987748 0.0496808112251717
-0.0493062531489321 -0.00317955439845899 0.571959801495388 0.0169152354136807
-0.0113304473442866 0.0222414704193254 0.676660419896503 0.0503810052065035
-0.0323937116274513 -0.0387982592684172 0.743464837499313 0.221307090019418
-0.069389652183467 -0.0440702671052062 0.787177107046305 0.208421743174312
-0.0956377550049751 -0.00547030689520315 0.62164655932065 0.0917534336916922
-0.0793428719610584 0.00599686979052298 0.286938878467272 -0.00893461401835391
-0.0801532695673548 0.00729107657190985 -0.04754520464196 -0.120853448318252
-0.0751271872270166 0.00625038976277202 -0.370735794165375 -0.119632550674652
-0.0887238441283198 0.00794134746719124 -0.603923776786538 -0.11991258008291
-0.0991749594760482 -0.00476765997672598 -0.713963661574912 -0.0120909915549956
-0.0747941814681916 -0.0576482862597771 -0.707828833149875 0.131083440709714
-0.0293505603891267 -0.038315815613544 -0.672799933875292 0.228719923848251
-0.0475473335938459 -0.0135719751697275 -0.553464628293445 0.150405531457451
-0.0782152627765594 0.015249204371628 -0.234996666966591 0.0201023813719047
-0.0950173153695893 0.0103652223278958 0.195907793263076 0.0570657332086017
-0.0324068218398937 0.0305263733215878 0.584416184473706 0.0494928128855316
0.0348987309889135 0.0258432155069996 0.695779997835273 0.11811083776201
-0.0128333122798545 -0.0673630349984523 0.746142474178518 0.283710263580924
-0.0723919929073884 -0.045625477081238 0.751467765168473 0.256015739301331
-0.0855472933612161 0.0166292745941708 0.57662403841714 0.12472228355559
-0.053656831940049 0.0331157786891968 0.249044516427736 0.00608682619177359
-0.0490683330452022 0.0384694816421877 -0.0763952141723909 -0.115871015801392
-0.046865511172931 0.036815601362533 -0.401478265125392 -0.0999897601046888
-0.0714576329586115 0.0342128855094994 -0.631675065851159 -0.0747652282686459
-0.0991825722177217 0.00294125947083494 -0.723009895811676 0.0536526290735286
-0.0696447586579171 -0.0783533411275177 -0.695226857022864 0.194568336702349
0.00539999394394288 -0.044815703256448 -0.645274269208136 0.27330170401804
-0.025359964885708 0.0159067601827983 -0.531941821005577 0.168721935427151
-0.0940426304660206 0.0370652308959288 -0.205213844225173 0.0173899461433738
-0.0969195369314445 0.0254536110730344 0.22529430439186 0.0627288625385565
-0.000690233983052299 0.0541007106929819 0.592637025298619 0.0703803193589141
0.0780028463393226 0.021537969528719 0.71651723780729 0.155739932186744
0.00292836641470993 -0.0798216325445391 0.746124753176121 0.305183706636726
-0.0601078045471785 -0.0307679846597732 0.712214547538751 0.28100726635825
-0.0577985506034148 0.0446550284163033 0.538438869022973 0.153590393689121
-0.0158436383639755 0.0596234959942436 0.224481761782562 0.0290973609958017
-0.00809435222376516 0.0647932015376014 -0.0903496034520842 -0.101520579478043
-0.010178570432944 0.0587629410523235 -0.417082960058043 -0.0742291441918897
-0.0463733150422901 0.0489754870912625 -0.652151857415266 -0.0348141788412742
-0.0869999426900288 -0.000452483683307241 -0.736116626836035 0.0990417441327932
-0.0494947017794172 -0.103877310507486 -0.694859828357863 0.222975999920961
0.0457663776513452 -0.0497922461769736 -0.628647461148591 0.287240317976647
-0.00523071649139543 0.0404955206030777 -0.514545986947962 0.171416241533966
-0.0995290401055264 0.0478073792587577 -0.179299830272031 0.0112267615638082
0.0685281680157587 -0.0498046443440797 0.164917263186509 0.0337865351630196
-0.0360402987893443 -0.11164128315902 0.498010742119393 -0.118541200384817
-0.0498447093561886 0.0185869928097327 0.624385728244692 -0.245720398948127
0.0345984017528543 0.0701758125208457 0.691477390877671 -0.19491339614791
0.0798872511729163 -0.0267661218616087 0.750981916081668 -0.130325798498541
0.0301091266874759 -0.0462883647545096 0.683011518440421 -0.0486390105131238
-0.00168967431323983 -0.0578428138085685 0.43522933273655 0.0211783798274785
-0.0056444978673862 -0.0688443281895432 0.125472068473755 -0.0218033004292236
0.0039951412714544 -0.0686154709643027 -0.184748214751405 -0.0627260160307917
0.0313167749361285 -0.0496668759971128 -0.449912069172282 -0.214880448636855
0.0560059246679084 -0.00566900519039173 -0.668285630987113 -0.294132073538241
0.0210613101075719 0.0322883673808173 -0.750446247728313 -0.293408791850244
-0.0590299651383341 -0.0368379369147186 -0.718403308267326 -0.133327268580927
-0.00715313995729139 -0.12763666245646 -0.611849764040662 -0.0336161912230506
0.0930794606440901 -0.043140534584637 -0.29696534258305 -0.0380205696433567
0.0536956314798416 -0.0414981600964676 0.147438101669603 0.0401680174789764
-0.0421698673814999 -0.113461063054613 0.501867656615746 -0.105624918757012
-0.0759123264216319 0.0137816532526912 0.619938752185344 -0.216477004060562
-0.00208494637939496 0.0780388357763157 0.703538885880953 -0.148204606112844
0.0498445397664868 -0.0137489134963446 0.778012879108555 -0.102901893163529
-0.00106153249012539 -0.0408465471931522 0.690681548530015 -0.0511481367568241
-0.0373260051663094 -0.057402274381949 0.426449177715832 -0.00175849217747754
-0.0457358698634994 -0.0756481235703152 0.106900884873174 -0.049693457536974
-0.037343234945345 -0.0796855752187618 -0.200286492247649 -0.091390535532102
-0.0124979154693486 -0.0673064722048617 -0.453134664616586 -0.224039642054212
0.0182766472973146 -0.0283669463269052 -0.657180984409507 -0.271382108390543
0.00240775878712118 0.0147758311443347 -0.744384346466142 -0.234720940459373
-0.0736693666414815 -0.0304201799278683 -0.733563579933483 -0.0869287422995982
-0.0405645458904936 -0.12142241675219 -0.613929241656499 -0.00987989438266024
0.0604749109137537 -0.052235715432785 -0.305862458574312 -0.0267972984776033
0.0293165669700256 -0.0282800271534638 0.13619324162973 0.0428492185356871
-0.0433192781074725 -0.0997907531830225 0.513737081695704 -0.0856962152327464
-0.0840504787495864 0.00770843529548397 0.625652344778449 -0.171299538714803
-0.034187588963578 0.066216080047042 0.717947636736429 -0.071531732484964
0.0121442684510887 -0.00759405116179403 0.801898637836405 -0.0427648892618651
-0.0343883456449326 -0.0334721860559728 0.692525635841384 -0.0309701520175123
-0.0675824180755547 -0.0498684086477801 0.40379611773008 -0.015084550784986
-0.0763982396986608 -0.0689715340478374 0.0749960317536483 -0.0766480790470048
-0.0696073175889026 -0.0744131198623197 -0.232779747378706 -0.114207713904642
-0.0532920050683346 -0.0681239886596748 -0.479850422328807 -0.219464948507992
-0.0242312542325844 -0.0394600916507575 -0.666243968440928 -0.226219644650737
-0.0217586984880654 -0.00743451146317386 -0.740235071476388 -0.150309598596425
-0.0764309805578191 -0.026738237045874 -0.733396426571036 -0.00886353103257892
-0.0633835519779542 -0.102334130065475 -0.607869807099009 0.0314571280560267
0.0213025660819185 -0.0487283831562318 -0.302311621559076 -0.010114287010054
-0.00494772561511246 -0.0173946626551982 0.134786252876556 0.0411120591681952
-0.0462196448526097 -0.073183701962533 0.530994597509152 -0.0602028627256222
-0.0741521131006602 0.0059984770198259 0.63815595067566 -0.109727091620728
-0.0506210149237994 0.0365999470255534 0.726885582241078 0.0229579193925772
-0.025022331958894 -0.0137078760202141 0.811876731558562 0.0421134577343831
-0.0645672523946664 -0.0263134504194244 0.682272913705223 0.00537518953308255
-0.0855236716011195 -0.0365123730665069 0.369803617085949 -0.0213125683949621
-0.0942039004121766 -0.0517611602379513 0.0341380740600266 -0.0999812459351077
-0.0881372330086838 -0.0562427058134304 -0.277455964217981 -0.127461547011506
-0.0808337399906979 -0.0510215951049237 -0.51757736834408 -0.198285047448801
-0.0611664036056809 -0.0348421893856907 -0.679990899867588 -0.162403846750086
-0.0470201398658785 -0.0258306754327834 -0.731057656738581 -0.0508965720044258
-0.0702371064719143 -0.0275215737102823 -0.718434453808491 0.0783140966642278
-0.0711167404777067 -0.0747727660267983 -0.595242614284592 0.0765790455151931
-0.018326334794346 -0.0336083388057173 -0.286690612580487 0.00556467494978179
-0.0419958688420244 -0.00979110390964891 0.145386631940153 0.0429318276049686
-0.0504821827814318 -0.0392798031846779 0.551096796069845 -0.0240766349670252
-0.0490125099847574 0.0121316594768723 0.653299609735481 -0.0358013551521444
-0.0475251410744044 -5.82342778397051E-05 0.732257103418694 0.123908496216595
-0.0534159269832598 -0.02918833969801 0.804910080245478 0.127377646436225
-0.0869177100887051 -0.0184610537883318 0.65416688883402 0.0477952016421086
-0.090501318205101 -0.0175848873479933 0.329040508704372 -0.0177195414902199
-0.0946986394846954 -0.0248769033711903 -0.00985896786797969 -0.114487120060629
-0.089413258993155 -0.0266196023122094 -0.323872018412787 -0.12718663917043
-0.0923747510215409 -0.0224461270768037 -0.560650460791277 -0.16402652354204
-0.0867158023552856 -0.0199136391342888 -0.696945375769669 -0.0881065460675822
-0.0660061305523802 -0.0405320906070258 -0.716990389154431 0.0463390593672302
-0.0544688951089933 -0.0315102083200875 -0.694831210119076 0.162925243034555
-0.0648060961444722 -0.0442098697345248 -0.57150929499153 0.121277750910092
-0.0517117090372763 -0.0102693216936532 -0.262605506652438 0.0170975308640703
-0.074767430082788 -0.00126662394265279 0.166525705577512 0.0481751174932016
-0.0492180045021387 -0.00280017543998769 0.56562943503602 0.0158153132942742
-0.0114671913107624 0.021160093368387 0.668846755978539 0.0458434639540588
-0.0325751489587389 -0.0375121405863084 0.736072142447848 0.217410247277626
-0.0689233961225292 -0.043234177317494 0.778774691056638 0.201469897714931
-0.0946619649399184 -0.00503613366082521 0.616444394027781 0.0886012139971633
-0.0791097487625136 0.00539236267458582 0.284655897141496 -0.010416999608702
-0.0791897571709256 0.00651800521115736 -0.0479979305653089 -0.119360177895058
-0.073922171101402 0.00625599007660157 -0.366724179992066 -0.116592935509917
-0.0879615061744923 0.00818136052021299 -0.598510375500189 -0.116222557851985
-0.0978355966495233 -0.00446173226318896 -0.706832417591294 -0.00774383369501241
-0.074854713977706 -0.0565719161204616 -0.700910496051569 0.132544768097039
-0.0288904000989281 -0.0377182633301555 -0.664365142004958 0.231122592871968
-0.0470877197594791 -0.0128528060474159 -0.548391136606325 0.151037407845135
-0.0772042238202508 0.0151156540840425 -0.232710321501264 0.0208470389977703
-0.0944142682251106 0.0107710229810296 0.193783038379138 0.055280139258855
-0.032227934161841 0.0308143882493387 0.578566976983744 0.0463777612861007
0.0343698817851097 0.0254718924111331 0.68836416744115 0.112542951696448
-0.0127736436191328 -0.0662460778530348 0.739102765366577 0.276689456523777
-0.0721705683107888 -0.0447994351567921 0.74458117357888 0.25130427171561
-0.0845057379456457 0.0163301629161348 0.571525973777339 0.120848010014055
-0.0536497666099659 0.0323592955170005 0.246680164819231 0.00445253511075583
-0.0489269517014707 0.0373905766723437 -0.0770518691682661 -0.114667893179856
-0.0467318094335982 0.0364381222746089 -0.396938749001705 -0.0953967300698435
-0.0705731542875835 0.033568711565264 -0.627152425323674 -0.0701792887287359
-0.0976102547668207 0.00354082680949666 -0.716407537198125 0.0571712997675138
-0.0696296470147097 -0.0780682444754699 -0.688021037035285 0.195277536338137
0.00545632641875967 -0.0455552441746792 -0.638434688260835 0.274267475661154
-0.0249790418126839 0.0158187513277286 -0.526690973307425 0.168191543049429
-0.0936338122162726 0.0359468889763136 -0.202539196218424 0.0189587775841701
-0.0952167806710484 0.026392634473929 0.223354158411849 0.0613938412975854
-0.000582595522244017 0.0541395682310624 0.586257980381117 0.0683806118099636
0.0775582483459038 0.0206480636575951 0.711122608466588 0.151176108750476
0.00268010079734226 -0.0792170223408908 0.738163390930436 0.298661880623176
-0.0600501559665265 -0.0300963361738039 0.704529349859708 0.276185760959888
-0.0569642342510992 0.0443073532307707 0.531880242392796 0.148638745216714
-0.0155116421405041 0.0580810958380031 0.222672211525768 0.027177133475468
-0.00773264236470808 0.0642265369889402 -0.0899562391770412 -0.100578012346478
-0.0102083061673441 0.0582647812873149 -0.413354348781296 -0.0714952040973445
-0.0460393511109551 0.0496893551460421 -0.644844324739522 -0.0323772637925496
-0.0861703710039189 -0.000744848587443399 -0.728026087875412 0.102194710389092
-0.0491445807599211 -0.103126460784671 -0.688658555685513 0.224798305984152
0.0453623161879544 -0.049486030945333 -0.620771744173166 0.287641656614131
-0.00416972559275366 0.0402592762227339 -0.509432512942596 0.171942282365963
-0.0986828377205591 0.0470811425656754 -0.177537168603167 0.0117992638195652
0.0724840428372896 -0.0467636289949701 0.159520773518213 0.0402783539751347
-0.0331727600840569 -0.116964924377382 0.494376235673281 -0.090079693706569
-0.0557692986785516 0.00758700985893745 0.624736085120065 -0.207911035652953
0.0261677361078393 0.064952861413135 0.692727671511944 -0.159891983152877
0.0732081838368064 -0.0295872968740845 0.742029378838184 -0.0996146513869245
0.0305134889658596 -0.0488373079552513 0.667226345549594 -0.0199068004346456
0.00539704890760631 -0.0572033733660799 0.428124397751508 0.03512970889761
-0.00136857502589063 -0.0704612769880346 0.124065180230541 -0.0185032100118343
0.00502439069194708 -0.0698950439781807 -0.178758320129333 -0.0677004684967824
0.0308891460459692 -0.0492366317073181 -0.436241124129276 -0.226478652773775
0.0520938462791786 -0.00238041156998866 -0.644347114188809 -0.314920985940392
0.00538483212868169 0.0322372504565232 -0.723414945692448 -0.320613676016187
-0.0680132898769126 -0.0426582447694007 -0.695672942460992 -0.169001753404772
-0.0116268892707894 -0.12908932433242 -0.594725053930097 -0.0647256064488387
0.0917974674088349 -0.0394150619556272 -0.286656519667109 -0.0527937134525426
0.0572488317933201 -0.0385720528795822 0.142456786009846 0.0459119609947591
-0.0390981131380459 -0.119306729386778 0.497350451038019 -0.0763347997091911
-0.0816512177930406 0.00130290038675868 0.620657609319913 -0.177530493581134
-0.00979349190247637 0.0706194744720234 0.701386850220396 -0.109183240576864
0.0433918708606992 -0.0184405056740494 0.765598957175085 -0.070362211854172
-0.000468383349308286 -0.0458030566359429 0.674026651732076 -0.0200673565075293
-0.0311072334654664 -0.0588754424829813 0.418385786316092 0.0146936904906253
-0.0421729038435779 -0.0788185163584327 0.106058392727263 -0.0462838970024747
-0.0355013098751642 -0.0824157235962033 -0.193407492929245 -0.096185128096829
-0.0136532865689225 -0.0682805643885532 -0.439316088313113 -0.236430402343655
0.0149020332615251 -0.0277346778209334 -0.634751270428511 -0.292252353378502
-0.0121919895747139 0.0144063939194317 -0.722902679606999 -0.263136480710742
-0.0833243594433153 -0.0363742619723926 -0.713774571438958 -0.122467967355889
-0.0449671886331624 -0.125006870321685 -0.599228953021189 -0.0443098196716161
0.0585167125850587 -0.0483188709974314 -0.296326820313072 -0.0432749914433765
0.0312131099017618 -0.0284317236362082 0.130978319773607 0.0483264917022204
-0.0412907114506749 -0.106496331495904 0.507912989622846 -0.0559468366148172
-0.0880163062635582 -0.00606208732014263 0.621533413498998 -0.131443256258682
-0.0396921532847972 0.0559567144591166 0.71005321849563 -0.0344351933936145
0.00688631923189656 -0.0152894385612106 0.786950872367413 -0.00747729953858123
-0.0330203963841565 -0.0395404440869651 0.675468254022343 0.000240521700319054
-0.0612162178570009 -0.0531818043245633 0.396054189385513 0.000800772217448052
-0.0738372392725739 -0.0742019492928021 0.0754797274638334 -0.074760471948329
-0.0690210759201744 -0.0795001730752441 -0.225579367257938 -0.121366629353058
-0.0548848574546276 -0.0707882298932331 -0.465049859178388 -0.233217899599169
-0.0275544990637997 -0.039978071135254 -0.643411060606393 -0.250620924973327
-0.0348526891273145 -0.00765216215807451 -0.723234159650159 -0.179779037672275
-0.0863242377034414 -0.0320433940721572 -0.718336840150861 -0.0463366720612503
-0.0690669992446568 -0.105210981018493 -0.596114021351079 -0.00517287279327824
0.0195425997850655 -0.0462372707275502 -0.294238939888992 -0.0280011217099802
-0.00399088724527791 -0.0188321436283468 0.130798738857613 0.048741096481389
-0.0454501556062097 -0.0804814370765912 0.525865240319212 -0.0311154878332523
-0.0771317670975774 -0.00645117902665071 0.630235215638146 -0.0702670405617232
-0.0533629368588336 0.0264014976443684 0.715878734200863 0.0606001595412993
-0.0288521199403277 -0.0239240131258548 0.793121795046296 0.0770776587347958
-0.0636653473918288 -0.0340596298173289 0.664138006055382 0.0355740613559347
-0.0800314021389137 -0.0412732129124706 0.363550022941583 -0.00566732950619725
-0.0918399685934162 -0.0566363187086118 0.0353953161970025 -0.0973073429133524
-0.0880584406376729 -0.0610596474464812 -0.269139197740171 -0.135740173365462
-0.0836485513743997 -0.0541811592259076 -0.504768893598438 -0.215175573054451
-0.0653647757027516 -0.035704151966635 -0.662300971132464 -0.18893467510746
-0.0577873772679473 -0.0245737970128538 -0.719855802263888 -0.0848537264362694
-0.079685386951409 -0.0313791124582842 -0.707459531804546 0.039216232472917
-0.0774722731436823 -0.0769834217245954 -0.587069605082887 0.0427819646436481
-0.0197257664825338 -0.0318591344831782 -0.280271622150968 -0.0125952654438628
-0.0417125431583251 -0.0137056104121727 0.140034021122041 0.05239642435311
-0.0517720539199611 -0.0478835872784872 0.542517479293978 0.00522992837320005
-0.0515819590879672 0.00104148712635483 0.64349430716565 0.00102651949812996
-0.0480978124909196 -0.0103697194220575 0.714143501442686 0.158704960647256
-0.0550923197585849 -0.0417412788944509 0.779686886068711 0.159799480990318
-0.08513639128242 -0.0275327666657158 0.635838348171284 0.0775984625377218
-0.0851704484304524 -0.022245921942686 0.322223844694264 -0.00468305948505414
-0.0950760498292753 -0.0301533557571572 -0.00708415032369995 -0.113893465187577
-0.0916570732248528 -0.0324174113437189 -0.315025790935527 -0.136844050218872
-0.0965940508730446 -0.0253815101654447 -0.54868793303564 -0.180987208774308
-0.0908805101221451 -0.0217262767897867 -0.682639596103025 -0.114393854807345
-0.0754319702392245 -0.0385403674066399 -0.709022638886696 0.010467293890925
-0.0642738124159076 -0.0327912570497407 -0.687409168422841 0.124254125337535
-0.0726821119411024 -0.0449887571211089 -0.568369100945177 0.0865067151593047
-0.0529501305364548 -0.00971779781944376 -0.258362943160816 -0.000314950306366182
-0.0753298756415405 -0.00838635658644791 0.159877834892242 0.0595574048112075
-0.0527490444570211 -0.0114842836986274 0.55804163272597 0.0459691162249116
-0.0135944229547953 0.012377899776112 0.653394653931775 0.0807739225091901
-0.0300959910112174 -0.0462548095931583 0.71190367052088 0.247145656950874
-0.0691312989187664 -0.0569798100796379 0.750131610250765 0.232102043376283
-0.0935872402816214 -0.0147457148168431 0.5955298992467 0.115421577104675
-0.0768194162852298 0.000868212909290672 0.279162165117444 0.00266899975051893
-0.0802553349770849 0.00151013790242348 -0.0445041924801276 -0.119911698131451
-0.0783557581080227 0.00263060598502242 -0.357253959673319 -0.128166064089982
-0.0931174726741821 0.0066826412503971 -0.586565139230572 -0.135838881973973
-0.103056867024871 -0.00616888064726128 -0.697515855490026 -0.0378142078585944
-0.0826213692510004 -0.0537388707371474 -0.695122212013861 0.0971975686986167
-0.0375629076995209 -0.0370702388371073 -0.661540605462469 0.191315529444256
-0.0567527995590353 -0.0132250970264339 -0.544846169460531 0.119243383593722
-0.0793066267922387 0.0149194940341631 -0.230613726497351 0.00465420122765445
-0.0956143126532097 0.00209867686464613 0.187155384035474 0.0702908661519227
-0.038306850499209 0.0227630836530863 0.568355911494691 0.0766520468367573
0.0320414292774465 0.0186370600412848 0.66830083790278 0.1446729974948
-0.00920718635057297 -0.0731252484137167 0.710141689555599 0.306861910303887
-0.0711155888429026 -0.0583595687069442 0.713024563702751 0.280310113976009
-0.0848532538709861 0.00771873928730531 0.550271971324086 0.145689394634132
-0.0523785009777952 0.0293366637889019 0.241312480411595 0.0154376471667672
-0.0505959988517648 0.0351572478501663 -0.0725392674852947 -0.115195249813031
-0.0519428221326445 0.0335554978408491 -0.38883579345691 -0.106460529082183
-0.0770467453072425 0.0327156959263825 -0.616316769504448 -0.0916318250882563
-0.103145898925262 0.00221460989565252 -0.7075534238521 0.0248134973928539
-0.0765700229439227 -0.0729182783465506 -0.685118656578353 0.158089901449024
-0.00326541452388724 -0.0418786364494245 -0.636970095760887 0.237875262165965
-0.0346364123596624 0.0165090479485875 -0.527638211200266 0.138038634828988
-0.0946710053413131 0.0347315119485289 -0.202091778091339 0.00340001479735137
-0.0989232400801164 0.0170502654081926 0.216456491719836 0.0779529967850417
-0.00762651871410569 0.0470681814309381 0.577122258867354 0.0960866180976917
0.0760296496499588 0.0170446709070022 0.687862780750686 0.181138234438943
0.00745225731993199 -0.084260194626695 0.710012287978902 0.327972413096544
-0.0590304251673527 -0.0425289169757238 0.677280446528819 0.303349035814691
-0.0582733572334771 0.0374211836818648 0.512595269170498 0.171330811589372
-0.0168797580080115 0.0569660333685962 0.218739260596551 0.0368483005884515
-0.0117607908197771 0.0636234359082572 -0.085520838988927 -0.101487311256688
-0.0156392365945773 0.0575668920687749 -0.406618903987836 -0.0830901020587719
-0.0520295250362661 0.0490626430231006 -0.636845911001405 -0.0524547587801965
-0.0909927125812791 -0.000599485613097295 -0.72070993089112 0.0693452032865256
-0.0553545816799003 -0.0964711146670348 -0.68607452976828 0.186262123317512
0.037825182111984 -0.0443719000874403 -0.619284142030665 0.252708950840593
-0.0145635217473699 0.0420011644344505 -0.511244478595378 0.141227304562049
-0.0999938010893203 0.046125388079412 -0.176565736306395 -0.00119573971954546
0.0721028295117557 -0.0458164454655557 0.158703622984982 0.0400215327786758
-0.0327621831158647 -0.116970040397925 0.490449579678178 -0.0890734071038028
-0.0554082898299696 0.00731990093956702 0.61937160969986 -0.20621307310271
0.0257809878699966 0.0650234243887374 0.687578650108276 -0.159204336797291
0.0723773564645304 -0.0293270397484954 0.735133787416011 -0.0979538653659577
0.0304779431181336 -0.0483280477977638 0.661946432125073 -0.0203875754533235
0.00490412311868517 -0.0580841227117234 0.423747727543001 0.035366524288992
-0.00163050653186413 -0.0703880003285516 0.123325836942334 -0.0181024216210563
0.00591711349588336 -0.0697689576721221 -0.176978926417596 -0.0667788589794683
0.0302674619552369 -0.0487076696012832 -0.432427827206673 -0.224221743130147
0.0513620744314078 -0.00290195688043975 -0.63880358368671 -0.311090330958253
0.00499213927756442 0.0315298913877825 -0.719333263744974 -0.317334408147548
-0.0666943081803678 -0.0425770241968047 -0.690174993929042 -0.168117964483918
-0.010800649461319 -0.127191879853535 -0.588754155398559 -0.0650692201918416
0.0913497603017118 -0.0388369794676847 -0.284721147041622 -0.0524470580726809
0.0574593911874914 -0.0371178627682549 0.141034601261468 0.0454410354323782
-0.0383519125150708 -0.118040114617473 0.492733764195459 -0.0774112322513277
-0.0799818161685562 0.00055858226746206 0.615067569204361 -0.177646066327705
-0.00994570614917328 0.069648772463805 0.696648687090867 -0.111345255962514
0.0421942651690066 -0.0179423465551 0.759405137032259 -0.0704192310797307
0.000139355004854897 -0.0452792992066753 0.669717946242727 -0.0197757961260991
-0.0316613399159052 -0.0590875606955638 0.414683677037913 0.0146190058873831
-0.04204330477036 -0.079112661371178 0.105012245917856 -0.0463512612516153
-0.0355718600119125 -0.082490191761538 -0.191811120335812 -0.0958882877394975
-0.0137727301219139 -0.0681443014562153 -0.4352946437734 -0.233990531277815
0.0146849940885859 -0.0265989315308098 -0.628305944724631 -0.290919741553324
-0.0116921074362775 0.0135054455348469 -0.715898897039195 -0.261540386256255
-0.082497188660204 -0.036309241550033 -0.705915582265428 -0.121693505105322
-0.0446828268664534 -0.122924671011634 -0.594055535990623 -0.0454089375223432
0.0590880424897114 -0.0483230680153031 -0.293545283027036 -0.0426243663259607
0.0316714390981638 -0.0266802305056668 0.129219675367746 0.0475219934879682
-0.0404204993761212 -0.105245579028688 0.504627698512666 -0.0574166823414935
-0.0869671317826892 -0.00590538658453514 0.616598903861603 -0.133548795792739
-0.03931524738208 0.0558320793541296 0.704755505309429 -0.0336343666719427
0.00629842264148851 -0.0141714295456996 0.778781350034884 -0.00796912004935793
-0.0327036279569779 -0.0397371424350143 0.669846052516581 0.000665729441020123
-0.060921530109321 -0.052949361399841 0.392442941917075 -0.000461667494330637
-0.0730259112383923 -0.0738426239144716 0.074078780675354 -0.0741403784643959
-0.068768308165972 -0.0794004017423685 -0.222846100493955 -0.119805899292856
-0.053998684334324 -0.0698395331524301 -0.460556225877273 -0.230398743854354
-0.0269263877678072 -0.0390112970767399 -0.639058948611457 -0.24778787743497
-0.0337729854694376 -0.00758152876507447 -0.715833660822498 -0.179885818598343
-0.0854640550090956 -0.0317348993874531 -0.710706391706328 -0.0470317049265089
-0.0681824667383928 -0.10374990270963 -0.591249864735429 -0.00637450561109589
0.0196080479747967 -0.046469371900389 -0.291891016125782 -0.0275056868381696
-0.00326819579398554 -0.0175346914741292 0.128656101827448 0.0481548477773319
-0.0447983015750789 -0.079558320489988 0.520605521132749 -0.0310410716871711
-0.0762645384522853 -0.0067504434242389 0.625860339992523 -0.0717661754700186
-0.0526309933155518 0.0267410172758488 0.708717671768014 0.0585433141758283
-0.028635038871614 -0.024379990956187 0.784913860390167 0.0754666851158854
-0.0623995645680174 -0.0337550068239147 0.656182220754532 0.0354703988293301
-0.079585669987549 -0.0410739856268212 0.35949482589577 -0.00538373881491137
-0.0916663548672659 -0.0568445923650069 0.0343984273493274 -0.0976349210742161
-0.087484708148169 -0.0612622226902531 -0.266397677176498 -0.134245364402999
-0.0824135070148458 -0.0538915022212238 -0.500521180627654 -0.21375978049445
-0.0646665111826603 -0.0354526934679188 -0.656051516786012 -0.187866408712684
-0.0567363210230346 -0.0252446566492343 -0.712910050188906 -0.0830135307168648
-0.0788692303171063 -0.0315249885325098 -0.702218195217193 0.0402326782911772
-0.0769087255050822 -0.0762412089170107 -0.581560956347699 0.04118313835886
-0.0186491933464507 -0.0319506222709928 -0.27863671740296 -0.0127210469505792
-0.0413428240354583 -0.0129678032200995 0.13874293639362 0.0518516721868402
-0.0514782179851617 -0.0475948009294434 0.539806239447518 0.00549572687081257
-0.0512897575118976 0.000301906829540623 0.636987573595284 -7.46642372915877E-05
-0.0479849987586938 -0.0102598005400923 0.706569807698784 0.156392954272483
-0.0547965170397766 -0.0416258005174373 0.772697885087244 0.159590481053548
-0.0844419384254793 -0.0271018188198326 0.629088305431077 0.076490026082422
-0.084841702117278 -0.0223723806765673 0.318812090394899 -0.00480049856864806
-0.0940195746084657 -0.0309212724522722 -0.00707313953158094 -0.113135763952954
-0.0911459794970566 -0.031862779561508 -0.312258686746428 -0.136297961702283
-0.095371827304327 -0.0254279618090949 -0.543319428010106 -0.179427746275837
-0.0909038484490965 -0.0217661959197531 -0.676549544582334 -0.113513514480313
-0.0743973936883811 -0.0387262081953531 -0.703627759190536 0.0119636858167661
-0.0630096860849087 -0.0329638812311561 -0.680314453446629 0.123463266215859
-0.0715688586465053 -0.0448057145958818 -0.563065738486035 0.0839902968447874
-0.0520600167896064 -0.00975079029308931 -0.255929386366748 -0.000419913712736818
-0.0741223504069527 -0.00711866112362756 0.158895294882831 0.0599662362476982
-0.0522638054688838 -0.0117749547717776 0.553001595247565 0.0454585877628235
-0.0133725171775378 0.0114109362506397 0.649817495365522 0.0785672326138147
-0.0294128899442061 -0.0458782033683937 0.705558894433357 0.244816257169823
-0.068806930424767 -0.0561020175604364 0.743907888579483 0.231417625793788
-0.0925750343110374 -0.0150021999602476 0.589587448108203 0.114564681418991
-0.0762780193402491 0.00120551399130815 0.276071879567396 0.00191576690428303
-0.0794217321988048 0.00163443071942991 -0.0444733400430076 -0.119274792640507
-0.0776027609885611 0.00119407108445131 -0.354054641217519 -0.126212669230358
-0.0926088304143406 0.00615619038288657 -0.581916413949292 -0.134885607684554
-0.103245464651942 -0.00582220812252644 -0.690280863676585 -0.037868697244476
-0.0816667456047006 -0.053673157411898 -0.690921888983073 0.0949794676288047
-0.0370806835760055 -0.0367265639414869 -0.654053635050902 0.189612538464084
-0.055799252197772 -0.0130077207985593 -0.541225275875811 0.117361115132002
-0.0780874097728251 0.013814254507459 -0.228797238756015 0.00441214866614729
-0.094669174810122 0.00285353088063558 0.185101594772033 0.0697388448826086
-0.0383822848689975 0.0226206627999473 0.56443611154778 0.0766251197882785
0.0321330689542583 0.018517750961691 0.663248838593956 0.141548323958829
-0.00930300125028366 -0.0726832266131913 0.703229692552454 0.30308698156841
-0.0704092057127145 -0.0578915970232402 0.706722762382575 0.277665879366622
-0.0837121903291468 0.00696245497756134 0.544991502392144 0.144513611093078
-0.0519378524285085 0.0284869325417694 0.239464762194705 0.0148470560240977
-0.0504894427199095 0.0346695412409282 -0.0722153913289475 -0.114182970285798
-0.051602612472426 0.0327996530644284 -0.385284075767871 -0.106419295340326
-0.0760328544895788 0.0326942969147218 -0.611673833425582 -0.088957135888527
-0.102199906732287 0.00246808599870097 -0.702376806833018 0.0267183263579026
-0.0755527836998168 -0.0722642670439526 -0.679890904247288 0.157779283421189
-0.00259447800604578 -0.0420751715762928 -0.631935046947325 0.235347854421807
-0.0347245037292408 0.0171072113435239 -0.523097701385156 0.134516350537996
-0.0946192686661943 0.0346664367583319 -0.19976586394064 0.00355963616337775
-0.0970914943588246 0.0173417687559836 0.213622677812447 0.0775264931848637
-0.00808073555726501 0.0467353988866125 0.572462304576659 0.0958699868246489
0.0751971231991181 0.0169388690852092 0.682236235147142 0.177577628501163
0.0067334565656466 -0.0835210206825576 0.7044267035815 0.324446948196335
-0.0594678022430626 -0.0422335453726846 0.669673012126819 0.300980077027518
-0.0575093355491279 0.0366836224364655 0.506332223151438 0.170171587539596
-0.0170103457249534 0.0568532957404739 0.215972324428207 0.0367964427792181
-0.0117963019998555 0.0633690939187882 -0.0843552151607697 -0.100933809244072
-0.015672605475114 0.0572035502735587 -0.40161899992869 -0.0830175697645008
-0.0524226216565047 0.0490542310476178 -0.630788639615057 -0.0508482581520375
-0.0910958871465327 -0.000479910120208919 -0.71554197530315 0.0688857542573321
-0.0543824610348855 -0.0963883398780619 -0.677946228206543 0.185148740531204
0.0373056305666366 -0.0440346913913366 -0.613509945070316 0.249471378479579
-0.0151892264771962 0.0420962537848032 -0.506613521986018 0.139605884825212
-0.0997286184953107 0.0441494073135718 -0.175697597468373 -0.000977789250532455
0.0721355376535951 -0.044299309872887 0.156985594443482 0.0400289221787466
-0.0322925868906412 -0.116122528399645 0.487234817180771 -0.0877805731164408
-0.054825116160178 0.00703176764941396 0.615709177486273 -0.207156529193118
0.025110890771143 0.0650541059585334 0.683737406193458 -0.157683446815788
0.0716646646229692 -0.0285673473819909 0.728616463317058 -0.0959575597958863
0.0314627179695933 -0.0483090941618043 0.656537515686251 -0.0193802298072132
0.00435175096205588 -0.0574846539966691 0.420151794360927 0.0354712301507817
-0.00211391258096622 -0.0701536508083136 0.121639116982464 -0.0180652316651377
0.00582447026068013 -0.0697776805447292 -0.17499942757803 -0.0660000257279992
0.030396933713628 -0.0485596736018714 -0.427784572024071 -0.223105082781598
0.0507144200878622 -0.00239759528762674 -0.634506966433162 -0.310129242512976
0.00532232389154735 0.0312602750697669 -0.711997992838381 -0.31683367678457
-0.0664585246220705 -0.042781312398074 -0.684692498964374 -0.168945467108267
-0.0106914397664255 -0.125808373477327 -0.585000075021732 -0.0668903238851583
0.0914140228570034 -0.0379755903631644 -0.281676286539313 -0.0525302932110097
0.0571906644164712 -0.0364086482401409 0.140196194305306 0.0460609841233293
-0.0383569871803488 -0.117746493761566 0.489246398807374 -0.075611561954175
-0.0791077544251105 0.000433728938588939 0.6107821182099 -0.177546601347191
-0.00978483428042396 0.0693975170512112 0.692776545849837 -0.11053566302638
0.0426693845741081 -0.0174322278844963 0.752835310746821 -0.0673800444291324
0.000422943742115947 -0.0456064704116303 0.663592213396033 -0.019621768580194
-0.0309963914896953 -0.0583978084483781 0.411540326204516 0.0132881797838491
-0.0421756292079858 -0.0780939881002419 0.104567297832442 -0.0458588134415395
-0.0353846068875211 -0.0818257139061737 -0.189594397966579 -0.0948262698941742
-0.0130389607497952 -0.0677782322387844 -0.431520650696236 -0.233206077222394
0.0144551584287611 -0.0269595729424304 -0.625901980865753 -0.28907978307192
-0.0112903579234846 0.0126969097306682 -0.711264886254808 -0.26078585768666
-0.0815057960031899 -0.0363892741314995 -0.699351517569039 -0.123459419072756
-0.0441437278886493 -0.121793664180089 -0.590157864360083 -0.0462396620079911
0.0593787325077479 -0.0476474248521656 -0.291699697799285 -0.0431286707976635
0.0315347214098205 -0.0260036509300249 0.128650455582703 0.0482086516212846
-0.0402698290728092 -0.104839855046971 0.501213275853381 -0.0548156016756987
-0.0864444802771809 -0.00683160438595426 0.613766509608003 -0.132033283461917
-0.0392781331089495 0.055869866838495 0.699068961406594 -0.0346405481661549
0.00641816919952373 -0.0150469738652309 0.773360966822104 -0.00548211304496929
-0.0319874314860608 -0.0394170606143631 0.664250386434501 0.00134141716407737
-0.0605757686849175 -0.0532301148590377 0.390096011919358 0.000514246262832
-0.073308708391525 -0.0735217216092039 0.073601631263983 -0.0734507750256109
-0.0681032591502775 -0.0794176840310335 -0.220458463077643 -0.118007687761021
-0.0535953531142883 -0.0695821004456011 -0.455887187978255 -0.22967481168138
-0.0273531808952216 -0.0386695664274185 -0.634232392759838 -0.247923282223028
-0.0336162392606624 -0.00775198458574194 -0.710579283961672 -0.178446324145785
-0.0842877157993819 -0.0323230659521568 -0.70569570531806 -0.0490761678378653
-0.06733516685367 -0.103499832854145 -0.586582522410322 -0.00626101472846202
0.0202442821021957 -0.046065371873115 -0.290079098909814 -0.0275283788755449
-0.00272794874743705 -0.0167457494374946 0.127460267117961 0.0484256067067851
-0.0448023917242913 -0.0794743941941356 0.517536510659324 -0.0296354655026877
-0.0755389000438333 -0.00652483808685291 0.62111964707642 -0.0713060175721699
-0.0526812552634692 0.026861472338615 0.702940696349882 0.058624539396757
-0.028857741975969 -0.0236918694994923 0.778337075202075 0.076195251173568
-0.0620776293023345 -0.0337551753517449 0.65185975660875 0.0368544142214017
-0.079259362934062 -0.0409941689501845 0.356986996495335 -0.00603319265993416
-0.0916592962203903 -0.0569360783943349 0.0341779136685059 -0.0964276860320185
-0.0871871059868558 -0.0609866596548979 -0.263060855806718 -0.133204741640469
-0.0824525569721673 -0.05381972526252 -0.497115274692919 -0.212537038830794
-0.0643397407109085 -0.0352458633069304 -0.651835453058595 -0.187547694355448
-0.05649132871997 -0.0249826763312779 -0.708217724272655 -0.0852596092899112
-0.0786782253090723 -0.0314123005856037 -0.694685016746749 0.0373171350243516
-0.0764478383758268 -0.0759728478085771 -0.576064221924827 0.0396042860509079
-0.018346696035411 -0.0319087570154845 -0.276235823612508 -0.0122761818468332
-0.0408682701847086 -0.0117838303262189 0.137138090284431 0.0516689691931718
-0.051207374870184 -0.0477690374847541 0.534346527952426 0.00723759735042216
-0.049728277973814 0.000407596239855221 0.631558594633662 -0.000961053397415933
-0.0472033117046706 -0.00977800338473795 0.701847435943763 0.155396315018188
-0.0542955886589552 -0.0409729220426789 0.765589058315827 0.1610736254155
-0.0832277914366331 -0.0275737427169108 0.623629739283329 0.0774205127884866
-0.0844854506787188 -0.0229985715967609 0.316971999125666 -0.00478749475540562
-0.0932664562206731 -0.0304245054100775 -0.00632822162019773 -0.112480299438083
-0.0901231976318332 -0.0318508228721344 -0.308812196477955 -0.135335395579262
-0.0947466006593242 -0.0260020832058207 -0.539579687846083 -0.179159582456011
-0.0898958146864592 -0.0213764291420049 -0.671393130294336 -0.114270926154588
-0.0739523297452706 -0.038878152769714 -0.699594563284462 0.00812858751938091
-0.0627964720822577 -0.033239095625874 -0.676389150858787 0.121745021756569
-0.0711226502856434 -0.0441415514624328 -0.560698311426001 0.0825356569439679
-0.052083982374876 -0.0101367393953368 -0.254854176003648 -0.00126725424055413
-0.0733077776086173 -0.00678980780156792 0.157047385329673 0.0598928024176574
-0.0525239759942163 -0.011885159741638 0.548825347449197 0.0449995542103038
-0.0129012593715972 0.0116222116454199 0.643031068857302 0.0768218634572224
-0.0293649518416703 -0.0453564309751375 0.699462131756059 0.243489949514492
-0.0685042591310604 -0.0552416943384112 0.737088093842056 0.234066328660363
-0.0916136370796836 -0.0148106942068462 0.58398006259411 0.114258909949697
-0.0757434096156938 0.000567617860400329 0.274180654454441 0.000719872272420749
-0.0790987057536956 0.00187008587146351 -0.0440917327465472 -0.117812753861559
-0.0774047514131381 0.00121568394413308 -0.350521153854041 -0.124398140853566
-0.0923952397943703 0.00573751466408138 -0.577635157756604 -0.134302363590829
-0.102036186565451 -0.00542764117213462 -0.68559872981874 -0.0391580479639154
-0.0810777450752689 -0.0533139683578156 -0.686260987666391 0.0948578843757507
-0.0369483846114517 -0.0371004266603519 -0.649940581372277 0.188040775173189
-0.0551893964479484 -0.0125694788250715 -0.537605578223014 0.115112256756851
-0.0769162539733212 0.0134981942274209 -0.226895901044617 0.00374728286311317
-0.0943330007393991 0.00300371871781211 0.183350504028768 0.0699478010914419
-0.0379181793064294 0.0218785060219584 0.558232141422286 0.0769111116810753
0.0325225337865194 0.0182867913497623 0.658011804584356 0.140275093802687
-0.00873244734163269 -0.0717443624329433 0.69709177463255 0.300654077213664
-0.0704518825457182 -0.0572640074231501 0.699786277834931 0.27809693142604
-0.0825303251642413 0.00679214099537462 0.540025393616279 0.144373951351469
-0.0522449800536779 0.0284730784738154 0.237709292334445 0.0150480644052591
-0.0503787325831138 0.0350754978692808 -0.07137665864394 -0.113445132208917
-0.0510310799731308 0.0324455599726163 -0.382399818071836 -0.106571013629588
-0.0757653386558727 0.032178136679422 -0.607372257685674 -0.0900779251820706
-0.101436219052694 0.00230671815602636 -0.696563882063476 0.0243310006728912
-0.0755418505572614 -0.0730993641758309 -0.674576027110164 0.155782560927872
-0.00240994041826634 -0.0415618436065126 -0.626499423573728 0.232197888231863
-0.0350043106139872 0.0167622026436331 -0.520497993931594 0.133844467227947
-0.0937128375754901 0.0337569165669298 -0.199271807541981 0.00254528301038507
-0.0963523478949285 0.0179608440722973 0.212056760377849 0.0773327418200446
-0.00808285705364192 0.0461521678579361 0.567023690440422 0.0949011322473511
0.0752935994702431 0.0165427710766945 0.676207116765769 0.176408291656566
0.00742327364471224 -0.0832788700125363 0.697429469920499 0.321701253205204
-0.0589135795699082 -0.0419763733627701 0.662857057332062 0.299670133141102
-0.0570091544231558 0.0361665612665426 0.502358381460078 0.170053530891639
-0.0169257013747031 0.0556228702318157 0.215002209287175 0.0367226884450371
-0.0115264023050099 0.0630344526019616 -0.0838223640997442 -0.100275390162015
-0.0154818749749792 0.0568348404585999 -0.398584703122209 -0.0818813483463462
-0.0516694462734906 0.0485150223681225 -0.626726477402078 -0.052449953232297
-0.0897208382178115 0.000107904711635961 -0.708366758099105 0.0680657829620551
-0.0544636956540593 -0.0956838333832972 -0.675490617054385 0.182164216599733
0.0369182714214941 -0.043426946833839 -0.609646072013002 0.245716699591836
-0.0147542002130599 0.0419711065954265 -0.502636793293377 0.137705320184422
-0.098887896997276 0.0444061512830882 -0.173988974518331 -0.000829393840983703
0.0724592151475998 -0.0430452758735672 0.156029232922509 0.0404022256972858
-0.0319292248269499 -0.115921765311482 0.483402300001859 -0.0860256185995693
-0.0546503387572391 0.00582530845745611 0.613952965491952 -0.203699717546408
0.0254228402548033 0.0639460838276057 0.68086557603044 -0.156596283640766
0.0715005359830582 -0.0285614599648127 0.725202987257539 -0.0940390387991301
0.030885723549675 -0.0485095836742644 0.653398894115484 -0.0164436666993476
0.00458964603033921 -0.0577398140970437 0.417984086487982 0.0352519426686566
-0.00270859202505369 -0.0694961461257102 0.121575156654677 -0.0179473243247909
0.00523753943178809 -0.0702325469078029 -0.173024095150016 -0.0648457199057144
0.030305629328311 -0.0480717863715192 -0.424722553266699 -0.223076751628123
0.0508104217655744 -0.00204818205655286 -0.629746132100306 -0.309284447341073
0.00538386000238662 0.0304864591305248 -0.7062826075417 -0.317032961357676
-0.0667110795510702 -0.0432746234369258 -0.678712309476171 -0.168781432733807
-0.00991101508818274 -0.125071565965123 -0.582065145438984 -0.0697142454920428
0.0907633336851148 -0.0379226075108559 -0.280598607367331 -0.0523085861282415
0.0571217668210836 -0.0357561846815716 0.138835402113186 0.0460419061505452
-0.0382744483338569 -0.11746263347897 0.486734981032948 -0.0736583842783643
-0.0790203718602407 -0.00118837879270617 0.608759245252952 -0.175120130044479
-0.00968912935701953 0.0694226583063072 0.688695129042931 -0.108721299920788
0.0420101422358546 -0.0173974020059906 0.74896812084146 -0.0635746218807188
-0.000323644508172955 -0.0449334365029813 0.659295976089904 -0.0173625993054183
-0.0312562736043957 -0.0588546378498136 0.408357171732556 0.0149411604075173
-0.0418129014554371 -0.0786528329074787 0.103691705136025 -0.0455186027512362
-0.0351018147476106 -0.0826616367900722 -0.186377600996367 -0.0940962274435733
-0.0125340686526169 -0.0676670101502801 -0.427476050314554 -0.233407108257347
0.0147895825983085 -0.0263029768592102 -0.618984756272913 -0.290074305123484
-0.0111061591785169 0.0129905903886459 -0.706186523530227 -0.261436761160107
-0.0811786766713891 -0.0369896959577744 -0.696967922784503 -0.124485059663468
-0.0433040918331993 -0.121700373132173 -0.58673739165586 -0.0475553363619389
0.0598916382729907 -0.047304212138538 -0.289867674284549 -0.0434867542384989
0.0321730593234757 -0.025206166114521 0.1277964160351 0.0476666121069867
-0.0398866035546229 -0.105132102828105 0.497943911544093 -0.0559009828613753
-0.0863047056010518 -0.00723371743971633 0.610710940782938 -0.131616030859575
-0.0396850177718579 0.0553974567171826 0.695872230350678 -0.0326350529441109
0.00581779820344607 -0.0147211079874979 0.768185739170019 -0.00354661513870655
-0.0317987116013117 -0.0391494268522378 0.66069230485518 0.00219080864331064
-0.0601202181898288 -0.0536329163479547 0.387504702555409 -0.000182011479807587
-0.0728328969676004 -0.0736346761261339 0.0736125044127193 -0.0730771260526758
-0.0671145784992329 -0.0793201420912296 -0.218594225667852 -0.117888960023962
-0.0523080645732667 -0.0692631139920957 -0.452691912374798 -0.230747337257054
-0.0270284284022313 -0.0383540212972063 -0.629144270987787 -0.247689307746903
-0.0333770946756469 -0.00818834713854839 -0.707464100774359 -0.181416778886371
-0.0845820391732678 -0.0328809765364633 -0.700757995306854 -0.049028632668924
-0.0670872150301567 -0.102513364615178 -0.584631023989085 -0.00943678553911333
0.0206510973338434 -0.0453967395934896 -0.288779314934356 -0.0280716284333211
-0.00218566926054624 -0.0161661249433522 0.126638543460883 0.0484599603314699
-0.0440528021573258 -0.0794085320150738 0.515206926668169 -0.0281929680542724
-0.0751688651995409 -0.00742420453120474 0.618852998573095 -0.0721146449010718
-0.0526964813320945 0.0259809942664027 0.699126681133792 0.059963016407011
-0.0285642436561876 -0.0246120095381846 0.773518780215869 0.0787933775363067
-0.0614721075940515 -0.0336883240902633 0.646963669422142 0.0373444707719354
-0.0791659674075343 -0.0417184676062147 0.353603030471589 -0.00472478765666312
-0.0910759789134977 -0.0570073503622673 0.0342355601155414 -0.096214348712842
-0.0862701560101619 -0.0610565403140467 -0.260149727006716 -0.133271312576907
-0.0815437681835647 -0.0538291018475057 -0.493214255340703 -0.21217976353861
-0.0641259655266191 -0.0357886264279442 -0.64708280764634 -0.188127607203232
-0.0553659984141242 -0.0247255470348956 -0.703918220910633 -0.087079810048643
-0.0775391340644969 -0.0320774057869378 -0.691092571473391 0.0362522202458498
-0.0760920954622844 -0.0759425820059805 -0.574527574121673 0.0370265444880552
-0.0176143135418971 -0.0319735326557898 -0.275776997252223 -0.0131024081010876
-0.0404712373904261 -0.0115533628301999 0.135940801799227 0.0519132290677289
-0.0507598957361563 -0.0473899299552237 0.531827974591791 0.00879383685132462
-0.0498475496496071 -0.000439417021981516 0.629939713162151 -0.000178169534844749
-0.0472502281158718 -0.0103979784677555 0.697696892576612 0.155907927351202
-0.0545648220688484 -0.0409133811160805 0.760196649380415 0.161911514602002
-0.0823930711898241 -0.0273744220410482 0.619351198867148 0.0792975919075189
-0.0841544763698222 -0.0234585476946927 0.314997943829644 -0.00396408222274056
-0.0930928756996741 -0.0303350216278378 -0.00670309228913672 -0.111422253530864
-0.0893543883900554 -0.0326530453433888 -0.305843076520612 -0.134663977276909
-0.0942582428520043 -0.0264299192170951 -0.535414311569878 -0.179865139310429
-0.090019838924499 -0.0207784384666546 -0.667415920702696 -0.116540340331005
-0.0735445672495917 -0.0388629260448654 -0.695089355869431 0.00721913248434253
-0.0623969520671719 -0.0333483007224113 -0.672321957618994 0.119334093229246
-0.0708746756009354 -0.0438112862620387 -0.557390007068523 0.0804042055928728
-0.0516627367941789 -0.00992567776572127 -0.253368799672202 -0.00181614756997323
-0.0724728516715965 -0.00666007561180165 0.155190669659102 0.0603736660233985
-0.0524366371131126 -0.0114669097253472 0.545645211937046 0.0472074891728215
-0.0132800764397893 0.0114596380253521 0.639523346302354 0.0773540857252767
-0.0289957285156989 -0.0448896988596447 0.69450649246352 0.243235317647394
-0.0680272607287073 -0.0562147017460846 0.732007185563702 0.233457734985979
-0.0908180912316267 -0.0151621343638136 0.581080803731972 0.114478358893538
-0.0747115561430104 -0.000117533947134305 0.272566221280544 0.00242556306541526
-0.0789820971810914 0.00163663201469057 -0.0435574722198111 -0.117991124195846
-0.0767850212480477 0.000441463826971737 -0.347343780203105 -0.125051451403619
-0.0912834476371074 0.00506262669753749 -0.575087192431127 -0.135772694682102
-0.101572711930966 -0.00523707229502773 -0.680923283132393 -0.0412178071083792
-0.0807194526911308 -0.0534471606236746 -0.683316937247138 0.0919537340730489
-0.036930177549312 -0.0370003754976381 -0.646806047083474 0.185360858173101
-0.0549313607785187 -0.0121856591470163 -0.535249043156554 0.111750185905963
-0.0766833676887618 0.0133322805072012 -0.226373643843722 0.00317331782038811
-0.0929529201807487 0.00403813327208462 0.181663187115282 0.0702034828775327
-0.038400951992397 0.021565781687109 0.554830765271963 0.0772022628752505
0.0321415576345108 0.0177960918656739 0.654676048217203 0.139407781504145
-0.00901664940436047 -0.0717350249527255 0.692704279012723 0.302358136839286
-0.0698835887311878 -0.057585923874987 0.694994972540668 0.279751723601198
-0.0821631147379559 0.00676936675635634 0.536405947196887 0.145573988099713
-0.05176805021083 0.0275341094200157 0.236274501962648 0.0151342940783554
-0.0498761290077693 0.0338525130608815 -0.0706344101069523 -0.113628860799631
-0.0506954902265724 0.0323843864224552 -0.379147872999375 -0.106726257201935
-0.0756146736949097 0.0316806456382801 -0.603661842042025 -0.090956489751049
-0.101241475469133 0.00260460479904122 -0.692895132497603 0.0230408595568278
-0.0745056217347794 -0.0731096934263283 -0.673046810607617 0.150965249437645
-0.00175552087240318 -0.0419701760240168 -0.623921576378935 0.230356391878417
-0.0344595342545924 0.0172297356319993 -0.517649477925584 0.130083980135208
-0.0933646769065317 0.0325532433179091 -0.198415348154 0.00236640136121915
-0.0955926452441016 0.0180028988329398 0.210691680331186 0.0773284067082721
-0.008805012890862 0.0461296671078909 0.563337655534622 0.0966929967811907
0.0748834976953916 0.0160744339021084 0.673067135413031 0.176540688851189
0.00705932847147594 -0.0828225650840329 0.691997577645889 0.322540954324119
-0.0588294038931718 -0.0415990027154879 0.658673413951822 0.301492508538556
-0.0565438073069886 0.0352751176486894 0.498256346068935 0.171007475249304
-0.0173217031720299 0.0558640204808116 0.21335154002625 0.0362110750068896
-0.0111567090978284 0.0624515922486281 -0.0839139457302979 -0.100906703166683
-0.0161759145791152 0.055342431232974 -0.395579563598282 -0.0832986112370031
-0.0520541319643426 0.0486027143763044 -0.622723075280766 -0.0536558846229696
-0.0895950966232612 0.000187037213829361 -0.705026324130085 0.0654302358353353
-0.0544277079490084 -0.0962840269046197 -0.671858825400558 0.179834411410729
0.0368680352231262 -0.0434587223075376 -0.607449801794548 0.244361406363898
-0.0154313877630277 0.041868970902161 -0.50317066413674 0.135050589385975
-0.0990011383750085 0.0430843496506533 -0.173335832391243 -0.0017492909744314
0.0730818050002015 -0.0419135806409348 0.155488508366415 0.0412224925443978
-0.0320038325411709 -0.115719455332115 0.482606292797868 -0.0851522864750199
-0.0548121081997417 0.00497584341240934 0.612344232190362 -0.203238740889461
0.0254452474178009 0.0644958428659898 0.677625847058729 -0.153887540781728
0.0709904645946733 -0.0280741832672223 0.722166255329633 -0.0888714226606514
0.0315416682413357 -0.0477805039056073 0.648920260305147 -0.0155088426407635
0.00391973410812386 -0.0577640660561381 0.416629241033371 0.0349912957950963
-0.00307027374188131 -0.0698300973793626 0.120614131862476 -0.0176562040508496
0.00518231097976795 -0.0705137797551409 -0.170948674294717 -0.0657645015245551
0.0310062519455606 -0.0475652154089645 -0.421238736294366 -0.223707927376983
0.0503431147219896 -0.00194468226638358 -0.625389677132569 -0.311180242969505
0.00526562120985027 0.0305571191869506 -0.704164224369684 -0.317997288697359
-0.0661058291594731 -0.0438025988646801 -0.674821759772831 -0.172764750075848
-0.00920399891492655 -0.124568931917846 -0.580066390747392 -0.070547205775325
0.0907334824780902 -0.036684943915451 -0.279483133466722 -0.0533179835545697
0.0577194622242851 -0.0344297421385711 0.137542315705289 0.04713448408035
-0.036761148976788 -0.117611092322385 0.484908543319821 -0.0720447218873319
-0.0788413307274053 -0.00131977061736224 0.606105116729666 -0.173488476954999
-0.00972402169648253 0.0688904026458598 0.685442076328966 -0.106786438097509
0.0414602441096226 -0.0174589619122868 0.745606454098457 -0.0618582763801913
0.000960421822879231 -0.0445570735552104 0.657656871291377 -0.0162508576201721
-0.0305728940664542 -0.0594480339177433 0.406740108595864 0.0144955921434637
-0.0417466756155676 -0.0783778542754276 0.103477300451932 -0.0453167513045379
-0.035230707895693 -0.0823191289409704 -0.185597023053175 -0.0934299967795547
-0.0122089952633647 -0.0672865182164647 -0.4257584998422 -0.234118666985417
0.0149682136699856 -0.0263380432896983 -0.617209492556792 -0.289683317691089
-0.0110805214040575 0.0124194956325772 -0.703286541582041 -0.263769224586563
-0.0803223234135347 -0.0378106993763452 -0.693781401675134 -0.126488036061822
-0.0426064989015914 -0.120028411813805 -0.584402356536737 -0.0510025597330381
0.0604884077044243 -0.0462633445055953 -0.289586227164821 -0.0447133593065795
0.0320312821403725 -0.0238937048883175 0.127367483816577 0.0486323558576722
-0.0389738525225267 -0.104633747465702 0.496363749476022 -0.0515150491770235
-0.0858967930160082 -0.00796769465257538 0.610241510351524 -0.12998795770533
-0.0391012074441304 0.0552759366901701 0.693384588976695 -0.0320149991993646
0.00642313169373366 -0.0148009547842825 0.765201674205824 -0.000403638832829688
-0.0304832106833913 -0.0393269338133561 0.65619022048125 0.00395990641307413
-0.0600534783911432 -0.0539903383220152 0.38508538163913 0.00106731176143584
-0.0728289320909157 -0.0737369307650577 0.0727999028463275 -0.0727580061426373
-0.0669897964841718 -0.0797253941177143 -0.216332012093666 -0.118309072780575
-0.051814837099296 -0.0694260441770953 -0.449439101875621 -0.232484095913834
-0.0267704544755163 -0.0381520356918877 -0.626167998229549 -0.249729822318832
-0.0327231237524189 -0.00815238283774598 -0.704019269832193 -0.182911113986042
-0.083743151622045 -0.0335412475973468 -0.697830170561507 -0.052927683200273
-0.0662586304140731 -0.102271333802887 -0.582213440110529 -0.0120056397902136
0.0206612132646285 -0.0450034397308511 -0.287391698844353 -0.0290992128544838
-0.00259642212795043 -0.015290449420006 0.126131784006509 0.0492977135927819
-0.0438338068599836 -0.0794036600495344 0.512689134527005 -0.0263418098319913
-0.0746781865092974 -0.00750307904257056 0.616981029910393 -0.0717875951036485
-0.0524635016998777 0.0261952200495856 0.696458317789571 0.0609424142113143
-0.0287656010074032 -0.0239363980338279 0.768350296679156 0.0810245720183722
-0.0606716731843371 -0.034323183488956 0.645775364207335 0.0385887653588357
-0.078737558849291 -0.0415614575355847 0.353027702590995 -0.00423325682321082
-0.0902196896729677 -0.0570990458970832 0.0342176595902746 -0.0953952455766424
-0.0863911475842555 -0.0617848921967356 -0.258296698791435 -0.132403992250723
-0.0806470216603228 -0.0538006577196998 -0.490674063500386 -0.213587707088061
-0.0633984747324886 -0.0350524360833007 -0.644722986120692 -0.188068331377432
-0.0552491559751339 -0.0256214974438797 -0.699684083578885 -0.0890595398522185
-0.0777403679921153 -0.032518931947451 -0.687146132083874 0.0329391226850239
-0.0755276717583484 -0.0747193859709942 -0.573070976474861 0.0337185025078809
-0.0171712517700048 -0.031527375581627 -0.275191819916065 -0.0143487342005528
-0.0400810936942982 -0.0109572076631775 0.135165572248715 0.0525096782171229
-0.0502628956281442 -0.0477436992036786 0.529658052810968 0.0101584488903181
-0.0491581776947892 -0.000314755578362409 0.627011194579203 -0.000193319977783209
-0.0472459334741492 -0.010362566453511 0.693126193470334 0.157068943200377
-0.0543339210755083 -0.0411000640237307 0.756291204264079 0.165435536676649
-0.0825211052056775 -0.0277725074268843 0.617966652952632 0.0788110012363206
-0.0838801529948982 -0.0240858369117977 0.313484065912046 -0.00336708274269703
-0.0931780628377199 -0.0305296397747646 -0.00634572908211076 -0.111579266562368
-0.0891913033442439 -0.0334009230844903 -0.303940884748193 -0.134816017580671
-0.0936964141249323 -0.025850171838943 -0.532726857562122 -0.181110913504378
-0.0890901017667766 -0.0210822597894254 -0.664132724451572 -0.117094771533435
-0.0731200958870958 -0.0394003280346443 -0.6914187358956 0.00363555821867105
-0.0620032141964696 -0.033600890682451 -0.669610724625386 0.11679769456788
-0.07050110587261 -0.0436414070359021 -0.556020640891499 0.0781249715161311
-0.0509766269062479 -0.0104951367997316 -0.253369659305969 -0.0018638665957082
-0.0721698268252533 -0.00626955137832031 0.154027885482833 0.060004672220821
-0.0516965229996225 -0.0123907223750537 0.543538453999057 0.0468763026279677
-0.0125611024818168 0.0110721227930413 0.636741576772118 0.0780809026925235
-0.0294270636003036 -0.0449365771747599 0.689956869853259 0.245174884974338
-0.0681474867155867 -0.0561061370698678 0.727989205233064 0.237193579778158
-0.0899825514005244 -0.0155468898046579 0.576536366523109 0.117157098024585
-0.0754591315518513 -0.000350921230486755 0.271670025021438 0.00280692926432099
-0.0788286014178675 0.00121011636903448 -0.0431113518179514 -0.117796399509901
-0.0766182427243294 0.000172751837949802 -0.344660790110303 -0.125777310160422
-0.0909432760057762 0.00512587202296332 -0.572345249825569 -0.137593803212403
-0.100649155264643 -0.00587023214224469 -0.680437796958787 -0.0439236668484463
-0.0804682106936995 -0.0535976560122046 -0.680298980087351 0.0894612070430185
-0.0363078012176254 -0.0375468058904985 -0.645027660888595 0.182433367148614
-0.055218608137335 -0.012622411510948 -0.535279175309631 0.109396561395013
-0.0773327484972371 0.013220758986234 -0.225667362085595 0.00288765632936826
-0.0922559693428615 0.00415654811953576 0.180006066124089 0.0699893363298502
-0.037958473460279 0.0212739232975786 0.551670225514137 0.0795453890016384
0.0317549287944446 0.0178455173748291 0.650898238607306 0.141069610437117
-0.00882677364760504 -0.0713811612151867 0.688258209961791 0.304443085680499
-0.0698751161068135 -0.0570521983057982 0.691578755695524 0.281845642473317
-0.0816572974315025 0.00646172151972808 0.533428466258794 0.146758832425881
-0.0517588503223354 0.0271379595816374 0.234587672879022 0.0160032626870579
-0.0500870330544952 0.0338111784449126 -0.0699575727452414 -0.113268352758461
-0.050853719263271 0.0312797239339644 -0.37558596385397 -0.106432318284323
-0.0756586418866445 0.0322554576998867 -0.601197400943381 -0.093236766806952
-0.100957257033406 0.00245629446331376 -0.688187457080434 0.0204280786167557
-0.0745409890712823 -0.0736460748107592 -0.670589265653929 0.149279206648481
-0.00198521737953751 -0.0418298853687262 -0.621582112282674 0.225885518328305
-0.0348221721926853 0.0172801841325769 -0.517026896728824 0.129113461143871
-0.0925882276759662 0.0324706089976281 -0.197544250642547 0.00189619508620529
-0.0947896148188385 0.0180199806336252 0.208920943000404 0.0785317794914546
-0.00904711398779465 0.045882046549048 0.560763910273418 0.099076062977438
0.0752076862860506 0.0159212081984987 0.668381130297849 0.17754688722265
0.00751934521658752 -0.0824689045708728 0.688375126709595 0.323837989349995
-0.0588736741997644 -0.0415320669333702 0.65339928218234 0.302739299402075
-0.0566700019724502 0.034980318619371 0.496101050850016 0.171455978548346
-0.0169461686058349 0.0552909119107111 0.2121775245212 0.0369868443394278
-0.0110872808415828 0.0621108464128193 -0.0835813326429545 -0.100443733875096
-0.0161714412949091 0.0552555221753962 -0.392700258992678 -0.0840585977941779
-0.0510006906846013 0.0482755263391625 -0.621418030361443 -0.0552536726151251
-0.0892230372512434 0.00034135947129733 -0.702748423206018 0.0640214144495326
-0.0532515060020189 -0.0966575146544072 -0.670117627391895 0.177505886057234
0.037200736076508 -0.043458706915658 -0.604680340080344 0.241984059374976
-0.0153335714583514 0.0424136032985937 -0.501303005950414 0.132641045684023
-0.0986020864497548 0.0429849623900033 -0.172928163999512 -0.00238769326828706
0.0739244889171626 -0.0412557681835171 0.154548815704541 0.0415513846982917
-0.0307924973466576 -0.115871898757983 0.481587314947339 -0.0810430709768801
-0.0544000171595939 0.00467438977612569 0.610619199490736 -0.2015875800474
0.0252497016897361 0.0640498788652589 0.676704101733148 -0.151038123200339
0.0713491656350082 -0.0273829700378142 0.721238207143754 -0.0885561042903909
0.0317136091397237 -0.0482461855212183 0.646334142282388 -0.0129131640913552
0.00382062480883232 -0.0576880368218416 0.413822599628728 0.0369071841423609
-0.00278768861310212 -0.0703480631174262 0.119683193821253 -0.0167970526065518
0.00536736872443903 -0.0707806082503892 -0.170010682415375 -0.0656558019516036
0.0309522922229647 -0.0483316149463461 -0.419645401087338 -0.225050178267971
0.0504837146570861 -0.00133978131263105 -0.622235492332669 -0.314362668059652
0.00524309870854679 0.0302944338508467 -0.701811707931911 -0.320270884056388
-0.0653573222393011 -0.0442897598335506 -0.673778891228344 -0.175059628195686
-0.00876369152381824 -0.123739766799 -0.577356086608083 -0.0741935834762476
0.0921709748647165 -0.0361838271854015 -0.278287966825408 -0.0545957165840858
0.0588577518496032 -0.0333082025504799 0.1370718157129 0.0473309411971658
-0.0364124568683277 -0.117851349060385 0.484309215248223 -0.0689445604993818
-0.0784542381955873 -0.0018947826903979 0.605806506274416 -0.17138612472147
-0.0100888991532208 0.0690386340693356 0.68493599561681 -0.103687287949454
0.0412833924572083 -0.0173285285319376 0.745882636553142 -0.0579811955937999
0.00116123790700959 -0.0452791195231433 0.655342677646619 -0.0131231873742105
-0.0312488833810044 -0.059865223053925 0.40623478097285 0.0156313907079424
-0.0417971498882418 -0.0781324122908328 0.102651477951707 -0.0443189859797557
-0.0342353857755133 -0.083165399384116 -0.183425331139446 -0.0951511753798204
-0.0111866024102508 -0.0673689529947437 -0.423699823205122 -0.233356329940447
0.0150609842209394 -0.025959438851298 -0.6136482550741 -0.291526365755333
-0.0111233301151595 0.0124262950855999 -0.700240922691825 -0.265488221307467
-0.081096444636631 -0.0382725833576092 -0.690335236055708 -0.127536417548232
-0.0426756552430854 -0.120618540142389 -0.582739479675531 -0.0537503418345043
0.0608157847855977 -0.0463232215091847 -0.287890722200951 -0.0454902645917267
0.0326890689988708 -0.0227752703975811 0.126951192198664 0.0488627216764087
-0.0389954576404635 -0.105415117692885 0.494592418111935 -0.0500038272162598
-0.0849184689421351 -0.00893991964525442 0.607875299056438 -0.129139108498135
-0.0396306752560001 0.0546207253287382 0.691087185181649 -0.02949212461132
0.00580214103560774 -0.0141977475676507 0.763623541790559 0.00296481847855615
-0.0308375487877404 -0.0398698234820365 0.655018601892344 0.00680419250861845
-0.059206895589296 -0.0543479154436414 0.383573226242237 0.00310605433443118
-0.0728859654938126 -0.0739203856627901 0.0731149132893524 -0.0718898385752172
-0.0666018816668015 -0.0802715479196975 -0.215428486479201 -0.118776259441434
-0.0516086459404346 -0.0700793335662376 -0.447882475264553 -0.233719017534678
-0.0258052959692428 -0.0383092544925304 -0.623042168455221 -0.251512897382963
-0.0325741903925971 -0.00895694573519631 -0.701974773519371 -0.183497442928522
-0.0834740515697639 -0.0345415971837274 -0.696199593757902 -0.0546952488210014
-0.0661304554799925 -0.102101993223725 -0.581917016537662 -0.0152891080228711
0.0216918738208911 -0.0438233173393051 -0.287221851897821 -0.0300354616439724
-0.00193886746469552 -0.0141101731635019 0.125101785982296 0.0491855374508305
-0.0432006229097677 -0.0795821131574747 0.512708238815818 -0.023161893762034
-0.0743944875512237 -0.00859640940251422 0.615537564552363 -0.0689772413372312
-0.0524287569838455 0.0260354131898056 0.694518367079407 0.0640995698107911
-0.028500905839747 -0.023241243233816 0.766749133040026 0.0847345822848055
-0.0605815994938527 -0.0349920665860507 0.642711883696859 0.0396976185234818
-0.078345328176152 -0.0424250420609765 0.351828157793196 -0.0032463899216439
-0.0912888209385971 -0.0575511184338802 0.0346454456999 -0.0954557250032705
-0.0856427852383678 -0.0620723590956375 -0.256787088458683 -0.133593769103011
-0.0800243878214406 -0.0546386278480747 -0.488825710627887 -0.215949637381711
-0.0626645379428965 -0.035142075569849 -0.642337059781239 -0.192344600258772
-0.0554347463690674 -0.0264079454289416 -0.699511263816481 -0.0923275492457814
-0.0779614558591098 -0.0326768509762928 -0.685454110156518 0.0331190090182923
-0.0749143608787806 -0.0746490023364835 -0.571557988888189 0.0306096374799126
-0.0166046215993313 -0.031520440545546 -0.274968495454937 -0.0154650258065639
-0.03921287937452 -0.0106077506767845 0.133916046919017 0.0527313321484512
-0.0504944803773462 -0.0473183320686467 0.528582720054309 0.0112242503844164
-0.0489126519011041 -0.000950268851465994 0.625447338198925 0.00265880042676302
-0.0463117405872471 -0.0100357730470597 0.691958852875017 0.159755421294504
-0.0540685697194436 -0.0410884269143713 0.753988547209477 0.168836752521704
-0.0816527202616965 -0.0289145025279943 0.615742910455285 0.0824927988110391
-0.0836429182342635 -0.0247302853726002 0.312520471790164 -0.00320269804692141
-0.0925960275004911 -0.0310276862263945 -0.00668409565803709 -0.11149556522806
-0.0892412426368766 -0.0339288021451945 -0.301552588429508 -0.135676614240712
-0.0928477505553527 -0.0262255024563218 -0.531462173427677 -0.182991777066695
-0.0887243263458334 -0.020964971301969 -0.663028631361432 -0.119990547086133
-0.0727295682567383 -0.04001819998879 -0.691190378612091 0.00330534946595507
-0.0617152610998762 -0.0343754136454734 -0.669127108860091 0.113384030324222
-0.0698850886151012 -0.0440448562054165 -0.554964576660417 0.0749310392438145
-0.0504799879607522 -0.010489694444849 -0.252734202475543 -0.0040696832609913
-0.0716325772326476 -0.00526667644526938 0.153459007343572 0.0605564605601552
-0.051383131734523 -0.0126482594380645 0.542671674949058 0.0497683839820299
-0.0120188563855833 0.0104191454887862 0.635524699517914 0.0792165454125552
-0.0291054022495005 -0.0448125150226824 0.688576214543761 0.247116346115023
-0.0678320894446005 -0.056183734792792 0.725637675875687 0.239589473801192
-0.0903206535746859 -0.0160342960716303 0.575819603111233 0.118433744883134
-0.0748693581339556 -0.000497072296594455 0.270025659683737 0.00342592918323636
-0.0785614814480751 0.000745117497704834 -0.0430864404691149 -0.118247409723865
-0.0769260316159018 -0.00119628775767099 -0.343449788150179 -0.12574168696937
-0.0907333235328139 0.00440758710239393 -0.569536091241203 -0.138948468959641
-0.100805142675805 -0.0057056371558488 -0.677076957170613 -0.0446478263266984
-0.0800649471410443 -0.0542290349336471 -0.678580699207807 0.0871366516031704
-0.0360760454566883 -0.0377982196143351 -0.643130247960864 0.180343829674073
-0.0546765876578861 -0.0119514755946638 -0.535215301867551 0.106952456329998
-0.0765267713794131 0.0126949113719281 -0.225388709122928 0.00167031482767901
-0.0918934690442088 0.00371088796879863 0.178695461946054 0.0716865983787342
-0.038454675602422 0.0209512443356889 0.55007694569186 0.081270771191107
0.0322490645277692 0.0173408286730522 0.649639707053199 0.142068678623342
-0.00866987685950512 -0.0707555815697914 0.685570430890437 0.305546744324234
-0.0702399723968842 -0.0571950023679655 0.688624647030444 0.285312562986277
-0.0813389249871656 0.00591183280257715 0.532256768696037 0.149292047623
-0.051482488239741 0.0264742335048456 0.233874501781968 0.0168951095596033
-0.050265244662926 0.0335686009942185 -0.0700342056650858 -0.11435180531827
-0.0508759730182596 0.0309798790929137 -0.374064021598878 -0.10713846059128
-0.0744533350827381 0.0307000622390987 -0.59880496140628 -0.0956607399706378
-0.100441723388644 0.00270497587414084 -0.688707354130892 0.0176807293915838
-0.0744462275479322 -0.0734865499115833 -0.669710747225933 0.146888282396238
-0.00187030308926348 -0.0419908657448317 -0.621951630281526 0.22458055467735
-0.0344428573691053 0.0171432891643915 -0.517441359460017 0.1244930217136
-0.0930678953808796 0.0322542696339218 -0.198102268964469 0.000301150653194956
-0.0937326494678918 0.0181985728121453 0.207636570592489 0.0793091770942861
-0.00901417607646864 0.0453262876710044 0.558119457540177 0.0998651591037384
0.075180489775434 0.0164802944258314 0.665424950739017 0.178450912884625
0.00792584491171579 -0.0819398303708455 0.684915463575347 0.324897982227786
-0.0589130967742392 -0.0417639749262027 0.653353869391351 0.304971436225194
-0.0565862488651482 0.035056417156032 0.494061357855347 0.173207374744533
-0.0173332452455371 0.0545146423076337 0.210834362497934 0.0368601196320803
-0.0114349641374932 0.0617362780418842 -0.0824380452939996 -0.101373352416239
-0.0167018611786341 0.0546211449427923 -0.390371919132885 -0.0847717137617457
-0.0520852944382481 0.0481002272864657 -0.619050474494137 -0.0575848446413734
-0.0887011115293566 0.000436313568582064 -0.701577061118512 0.0600796688178861
-0.0535573362352387 -0.096585478396679 -0.669836211529034 0.174672575072232
0.0376862802336135 -0.0433099343964326 -0.603416615399468 0.239562624211005
-0.0160016292322192 0.0425703456118692 -0.502078007882588 0.130824035603276
-0.0986104118365381 0.0415073097367285 -0.172691526684947 -0.00366617628950815
0.0742301017524585 -0.0400020350329698 0.154788780730692 0.0424704916955065
-0.030424848157841 -0.116506104077947 0.482557748131567 -0.0807560631594516
-0.0544283226874298 0.0034715868630083 0.612097415396336 -0.200008354030086
0.0249113726987608 0.0645287614985842 0.677048725970201 -0.150280579452592
0.0707426212061246 -0.0271113623378137 0.720920526432496 -0.0843189399788597
0.0317963397165089 -0.0487232539069527 0.647282822469007 -0.0117179950931047
0.00371461242870451 -0.0584649171537974 0.414436836909033 0.0376528778287769
-0.00295980794190366 -0.0702249592605338 0.120135342945758 -0.0165291661341172
0.00535803498740546 -0.0711140604192352 -0.16874518198591 -0.0660477467483343
0.0316338887149752 -0.048152645911285 -0.418390440153603 -0.226410807683291
0.0505150898049615 -0.000851153627634271 -0.620730403974554 -0.315191136949536
0.0049244692503195 0.0298467164568749 -0.699799690118682 -0.32299086991034
-0.0661803403044105 -0.044458036377829 -0.671074898909082 -0.178172943872333
-0.00741999042931784 -0.124065865089975 -0.578537306681471 -0.0774003132135409
0.0925206287877351 -0.0355818582937743 -0.278430982205804 -0.0549298698277395
0.0589112228338959 -0.0315329998569073 0.136807960712285 0.0474537231642279
-0.0353891306272004 -0.117539628525691 0.485641256424408 -0.0677346453709371
-0.0784626570989208 -0.00219864443200859 0.606512621746194 -0.171645296148673
-0.0106379385574888 0.0687863666882413 0.684849687550103 -0.102146447765265
0.0410064446377038 -0.0169292870272889 0.74526690816949 -0.0546839729166394
0.00113567330242708 -0.0458078149128337 0.655436890839581 -0.00981873148286907
-0.0311845058257394 -0.0611185695381346 0.404445227502887 0.0168802340400845
-0.0425674687554673 -0.0785894221125986 0.102746617636306 -0.0438242532842282
-0.0341075430136932 -0.0833226509813428 -0.182595788910249 -0.0944378547785774
-0.0109304950094618 -0.0672282738935146 -0.421116147719748 -0.236601134668327
0.0152063298286378 -0.0250049908147626 -0.611968826940069 -0.295025118240995
-0.0111490988109107 0.0118168739753107 -0.698805994452637 -0.268147551509362
-0.0803718917367705 -0.0391439239648848 -0.689016124861907 -0.131258342354356
-0.0413844703207061 -0.11957527128601 -0.583070989018855 -0.0580363502963898
0.0608221606746823 -0.04572975177232 -0.287957661594218 -0.0460846576562335
0.0334187654037612 -0.021433732251151 0.126048758797475 0.0493876951751815
-0.0379320555372747 -0.105546019617152 0.495988559637074 -0.0477346315062173
-0.0851882306491052 -0.00929616335758669 0.608888156172919 -0.127239482080582
-0.0399112986654823 0.0551059555910216 0.691068926946163 -0.0261951041873521
0.00615162313091755 -0.0139803784842898 0.761817660563353 0.00602422286694557
-0.0305313571170745 -0.0407490930371979 0.654702037917587 0.00966492987733072
-0.0605193435593505 -0.0544274961598499 0.38291882505033 0.00330348106811581
-0.0732554239716107 -0.0744377995161954 0.0724023358611421 -0.0715596305515338
-0.0667240204353265 -0.0812489739688492 -0.213783795466958 -0.118518926691245
-0.0514785303037679 -0.0703733693617635 -0.446150590555729 -0.234234134929989
-0.0263881346497999 -0.0379266824350079 -0.621406569120108 -0.254623501303291
-0.0324701302670399 -0.00929335912577334 -0.700458077174488 -0.188238645111281
-0.0836658098277766 -0.0349905920211568 -0.693672695332725 -0.0581537108369812
-0.0656613460529542 -0.10235766116028 -0.580638323140306 -0.0172310415221007
0.0216102044423226 -0.0450047604032296 -0.287202277275193 -0.0303957627577288
-0.00126107091003982 -0.014138751577839 0.124752321602592 0.0500454747595118
-0.0434047075982775 -0.0799705642783566 0.511842637153867 -0.0216702908578178
-0.0742244140805886 -0.00912554899448007 0.615906928516661 -0.0669769014721433
-0.0533004274348905 0.025818486058703 0.695005115018757 0.0657204155077082
-0.0289268106369277 -0.0235157076559328 0.766021787908726 0.0884989329264174
-0.0601313547903565 -0.0355447591864978 0.643978945547786 0.0443593104759085
-0.0781036928747212 -0.0432548854645997 0.35141020849732 -0.0031521443747769
-0.0909964557968062 -0.057267005066885 0.0341308259867607 -0.0957012457437462
-0.0859554591670667 -0.0635098968981408 -0.256026387445361 -0.133802552861987
-0.0801050846767482 -0.0549944454163267 -0.486478358009058 -0.217901332133975
-0.063076951401417 -0.0353083337410143 -0.642136369602652 -0.194808846812409
-0.0557333970352183 -0.0271231882444504 -0.697619240191541 -0.0932346467732631
-0.0774761820487104 -0.0339629773316513 -0.685949395611169 0.0270415487425102
-0.0749272651793822 -0.0750298496288782 -0.572179651713199 0.0276984184926632
-0.0167413409486772 -0.0320127772605936 -0.274033183400225 -0.016319199438974
-0.0387356480264542 -0.00987301202011779 0.133562630657978 0.0536401319467364
-0.0499010932582466 -0.0478124955145436 0.529213059739854 0.0136123593770507
-0.0491838484852452 -0.00144211806789265 0.625732543686951 0.00388211822810728
-0.0472224116147179 -0.0106037446593734 0.690397801224608 0.161668517993958
-0.0545296855107921 -0.0413455852961748 0.752711935399552 0.171962222590499
-0.0813795309347132 -0.0291009228063227 0.614811081977797 0.0833030248381614
-0.083186018115214 -0.0249151723749378 0.311646956185713 -0.00200351388591607
-0.0930231163833644 -0.0308802683127213 -0.00587022495580781 -0.1116141329004
-0.0894281159819119 -0.0344698305968799 -0.300683267552168 -0.136432952765089
-0.0925271006112379 -0.027274581153661 -0.529173064105288 -0.185621724179399
-0.0885103294727138 -0.0207743281661838 -0.661399145397977 -0.121826787533327
-0.0731936298050519 -0.0400772788100626 -0.69136915350606 -0.000531235540421168
-0.0615400965536926 -0.0346714557443721 -0.668546509544381 0.110600801022998
-0.0700227139020394 -0.0434797651758935 -0.555580034109377 0.0732938795910768
-0.0504145988139078 -0.0110874730208212 -0.252374521576292 -0.00447007360288663
-0.0715185246666299 -0.00571650727794363 0.152627348146929 0.0617121087641623
-0.0517066287488167 -0.0125975389933452 0.540232903186917 0.0516675226966182
-0.0123486160535114 0.0101595256878719 0.634952182402259 0.0796115991880984
-0.0288318804950753 -0.0450033462479996 0.685655555153816 0.249875750137269
-0.0682268000915724 -0.0561320107610527 0.72354959094099 0.243803140430236
-0.0899037398594249 -0.0168015081979677 0.573944932807401 0.1211471055088
-0.074898336914383 -0.00149555260285853 0.270149932467186 0.00393805927896495
-0.0792189212755415 0.00111963231715223 -0.0425632199953288 -0.11803138705828
-0.0770353212229118 -0.00124520567017646 -0.341818999513657 -0.127012931060014
-0.0904472676798871 0.00400272732272535 -0.569294346896396 -0.141106813086587
-0.101219784736877 -0.0059777746489021 -0.676682692365076 -0.0479982090784315
-0.0795749407452773 -0.0546912000907994 -0.680438475044832 0.0827504456316508
-0.036155396760065 -0.0381045359130119 -0.644432329901236 0.177386340975385
-0.0553829865708108 -0.01235708823734 -0.535253707175593 0.104710428445331
-0.0767234211221749 0.0125818709865819 -0.224837070609736 0.000473420665838171
-0.0916235206676193 0.00416692581207183 0.177738400642435 0.0718064698151569
-0.0393140922616393 0.0209439348736607 0.549355550450838 0.0831864532015388
0.0324056462871962 0.017640689015586 0.647197028645926 0.143428239333614
-0.00810289358753025 -0.0707059992129087 0.68356291327641 0.307335556654532
-0.0706044417248622 -0.0576106031820673 0.685847026146073 0.288241181990904
-0.0815019137276733 0.00558046029876579 0.531263045380771 0.151130788427604
-0.0521876698875481 0.0265575194958766 0.234117112449813 0.0176945248017605
-0.0501719721936636 0.0334343272786631 -0.0698833321920845 -0.11470307725334
-0.0516297816222895 0.0306333680414607 -0.372195893969525 -0.10790495658837
-0.0757310654133528 0.0313137297233193 -0.597807247387292 -0.0969686261418408
-0.100823587786468 0.00215498435076055 -0.688970010407905 0.0151915904579452
-0.0738206509103709 -0.0742365690197677 -0.668865015101647 0.144829572058756
-0.00202889218883391 -0.0423742968910335 -0.620753336473763 0.222524750184394
-0.0348320742957897 0.0180289573196014 -0.517986895868887 0.123206543689253
-0.0935814445582485 0.0313350575781299 -0.197806127160669 0.000175745541041684
-0.0944321928692937 0.0185036905650517 0.206840040952433 0.0802459473251782
-0.0101630273326876 0.045840623253828 0.556944230331301 0.102781484263188
0.0748780017226161 0.0163749394375405 0.663381039240534 0.180208804947193
0.00812350722750374 -0.0816806012484814 0.683571331577594 0.327944518019203
-0.0594580657341237 -0.041586073290041 0.65154040401607 0.309746522933772
-0.0563710849174065 0.0341401445266654 0.491875184380853 0.175409626078128
-0.0173830142778967 0.0543391366103181 0.211130212569951 0.0381269322175932
-0.0118945795572953 0.0615901988955182 -0.0830954958998894 -0.1014446223394
-0.0172149113427697 0.054276015370808 -0.389799928614097 -0.0855332470053972
-0.0516588816392287 0.0475575449065589 -0.617495639277772 -0.06019982813759
-0.0890628090626572 -0.000473432662700259 -0.70239425517954 0.0577482569149439
-0.0534553408748812 -0.0976499699696771 -0.67221148434019 0.173190628671293
0.0381510902981568 -0.0434276813510826 -0.606081374320943 0.235450509419084
-0.0165207512275313 0.0428015840575552 -0.501784468977086 0.126837132972785
-0.0991067938164765 0.0419010377137767 -0.173087384221255 -0.00347484438304961
0.0756371356006567 -0.0386812148520622 0.154188485169155 0.042691823482503
-0.0296277768139133 -0.116632704324676 0.482605650489221 -0.0787893021200663
-0.0546826916113295 0.00344194193492633 0.613134024382828 -0.199962448346767
0.0248926440631502 0.0644692621217537 0.679280212141184 -0.147759411970782
0.0712318736632033 -0.0264654592924033 0.721973508304115 -0.0804023763230455
0.0323657783941116 -0.0489249033925067 0.647745140967384 -0.00731484357599273
0.00395533562673714 -0.0585768876133351 0.414488988969732 0.0387201761791043
-0.00343433288037803 -0.0708638878536562 0.119396808457289 -0.0156603949098271
0.00621887355821461 -0.0713069522202319 -0.167469943559064 -0.0663639973074753
0.0326230696589356 -0.0482647670245721 -0.417796839489918 -0.229325835803665
0.0502824393397604 -0.000980241773730024 -0.619798039964661 -0.318281784156981
0.00524010642416843 0.0296167388358091 -0.700878825538177 -0.32680734158996
-0.0655862297686475 -0.0442923105926371 -0.671194239948205 -0.182601261342209
-0.00724314843008554 -0.124165707857448 -0.578094961944284 -0.0813790956364485
0.0929691160672111 -0.0356014437363729 -0.279427499117741 -0.0558724686002906
0.0603475030632526 -0.0312759418731973 0.136904095828744 0.0486054638698769
-0.0355908862852505 -0.119569297127372 0.485488688061737 -0.065339614367343
-0.0784283247521188 -0.0034718975907123 0.608237000963874 -0.171235623339797
-0.0104941981132386 0.0697484492383244 0.685878885379683 -0.0994127581860849
0.0413465413515247 -0.0166388491523155 0.747525937344243 -0.0518949286071848
0.00147186612667097 -0.0461402210479802 0.656336091640992 -0.00796194402174026
-0.0308866185769351 -0.0614888333624507 0.40574315014487 0.017030579867031
-0.0421648677275732 -0.0789829872072359 0.102383759179871 -0.0433339025164872
-0.0342330655095537 -0.0843075229559087 -0.181958872835029 -0.0949229156880099
-0.0112263639373011 -0.0681629279989107 -0.420201393811315 -0.239185184452825
0.0151152160606696 -0.0256483809811834 -0.611773425959284 -0.297703264822664
-0.0107606226052787 0.0114606083806251 -0.69822268714186 -0.271978769585051
-0.081200511339542 -0.0395986414228001 -0.689923410853614 -0.134117562467366
-0.0413888098784517 -0.120193077168076 -0.583684776339249 -0.0600521915814593
0.0616141372168298 -0.0458244127014734 -0.288413487719541 -0.0473092075764226
0.0342825764993675 -0.0216702296390063 0.125926210080644 0.0504835226013378
-0.0378704606600087 -0.105575133459659 0.497435118824691 -0.0463637967072351
-0.0848667085315968 -0.00973011233029506 0.610184862124544 -0.126877760143603
-0.0398025269043842 0.0550798368041345 0.693435479764167 -0.0246258202446527
0.00529779530908607 -0.0134873056886101 0.764216110353006 0.0100278910658109
-0.0302855368957268 -0.0407944212681845 0.655469979922505 0.0105270052600738
-0.0601452026618207 -0.0554437572539357 0.383425223950209 0.00520605137056023
-0.0736877492504642 -0.0749991379574056 0.0723810442294857 -0.0714048353950976
-0.0664042018845245 -0.0813729382983252 -0.213044072223249 -0.119359943202571
-0.0515886122864686 -0.0706730616876554 -0.446749117021391 -0.237710288371936
-0.0260460090126595 -0.0386946212575669 -0.621353069023638 -0.256185582132734
-0.0326317663956773 -0.0104882058205842 -0.700198169157191 -0.192302006032634
-0.0840218148431446 -0.0363120229919065 -0.695066513924367 -0.0599425161838566
-0.0648598093809887 -0.102827644016731 -0.582350200487739 -0.0211926280269081
0.0225824440967544 -0.0451287288497813 -0.287716655151648 -0.0324070980051108
-0.000308119968921127 -0.0133873797854586 0.123724685153198 0.0507163333678484
-0.0428881879280151 -0.0806682031353795 0.513028335688907 -0.0198832097622273
-0.0743507715080063 -0.00990319618944491 0.618039709593683 -0.0670703139008301
-0.0532859932471981 0.0256173564084074 0.693863367638023 0.0673722481746626
-0.0296475643327443 -0.0234424135457069 0.765711257383272 0.0933833213040395
-0.0596246697620629 -0.0356522579480687 0.643545906346488 0.0465354050671294
-0.0782468147855289 -0.0439038645392487 0.351795573279313 -0.00172083326327302
-0.0907725392394734 -0.0578615787542624 0.0341195437284362 -0.0960782394256063
-0.0851972321039013 -0.0642040707859289 -0.255385230726852 -0.134093225118592
-0.0797057017777201 -0.0552421226769041 -0.486372301771586 -0.219808008937932
-0.0629588207096528 -0.0351218937090523 -0.641791685192432 -0.197291975381834
-0.0557792428521365 -0.027114779103052 -0.698329589712457 -0.0970285028658444
-0.077637772595056 -0.034327520607374 -0.687773035677451 0.02467997936703
-0.0750794944763773 -0.0751880202525269 -0.572637147383093 0.024149187177878
-0.0160950957243352 -0.0325163553601366 -0.275405172070179 -0.0163326518051608
-0.0386662749122795 -0.0100108085042823 0.132730030418969 0.0541196136921024
-0.0507866732001464 -0.0485018219624386 0.52831222720299 0.0151199333085314
-0.0486975622423071 -0.00146249225637574 0.626316388519786 0.0053066921229001
-0.047833763031585 -0.0103043930635066 0.689756607394735 0.166171417965258
-0.054373402383301 -0.0415357781597155 0.755046907378684 0.175314726439895
-0.081472728360608 -0.0305720361175627 0.61520207430603 0.0869543610578269
-0.0840564495274835 -0.0253769750239456 0.312162439482274 -0.000642475935181419
-0.0929264818228817 -0.0310998903284335 -0.0061148387148245 -0.112438911916768
-0.0894913246248712 -0.0350955291713815 -0.300104933403848 -0.137150125103232
-0.0925477551921029 -0.0272484208551145 -0.529403056919339 -0.18778120295451
-0.0889857202395166 -0.0210629365663968 -0.662349971583537 -0.124972056794408
-0.0727814912613925 -0.0412728399153545 -0.692543515104014 -0.00296823190115393
-0.0619640876685828 -0.035713872074962 -0.669248280532434 0.108757287151594
-0.0701644749650137 -0.0435332137258127 -0.557993259338934 0.0703477943278221
-0.0504282449437725 -0.0110166377092552 -0.252859140180902 -0.00591066042963911
-0.0709092597690446 -0.00556859554919004 0.152319658239353 0.0629174607148503
-0.0520123251716511 -0.0133598366167824 0.541156780821032 0.0545740484450498
-0.0115103748878719 0.0106475932553437 0.635712052776593 0.0832457603870389
-0.0284938398846589 -0.0452488135661244 0.686598036169994 0.252798633704932
-0.0678325478344161 -0.0561514584816717 0.722903203515817 0.248195153598896
-0.0897775412398163 -0.0170927642122998 0.57579968547954 0.123110535437069
-0.0756030458243691 -0.00158751712320097 0.269460419737178 0.00508065099533221
-0.0790193356039487 0.000942649761381666 -0.0423125217982419 -0.118671531033344
-0.0768259360509281 -0.00172456678486364 -0.340523622816937 -0.1283309581063
-0.0908493214504499 0.00398428813942598 -0.568667395611702 -0.142733518866912
-0.10103660209098 -0.00614802079110245 -0.676351173006215 -0.0504445026673034
-0.0797018919914378 -0.0559930019133613 -0.680375510811942 0.081997329356382
-0.0356742239566881 -0.0390072852816199 -0.645522376547937 0.176067486197862
-0.055732349332858 -0.0119434828271891 -0.537385750262879 0.10427325012235
-0.0767255226543521 0.0115910590993455 -0.226264284562259 -0.000969228762680519
-0.0914709117343879 0.00351134800961125 0.177614750901257 0.0736901210547211
-0.0387704215843255 0.0204064368531497 0.549775749824592 0.0866497705082187
0.0321236418123236 0.0178024680302814 0.648094992613737 0.144589395173306
-0.00755538804738667 -0.0711678966060678 0.683054154807984 0.310895514117639
-0.0700405691787743 -0.0576036856404796 0.687126401869698 0.291926067071262
-0.0814425856751883 0.00470122455650201 0.530079758055715 0.153874284686897
-0.0519500680656729 0.0255276185952251 0.233453106131145 0.0180825303655255
-0.0505924577216613 0.0334427169539158 -0.0698991422397747 -0.11532175545944
-0.0511959092007255 0.0298679896833391 -0.371735211889889 -0.108921333463791
-0.074886824927956 0.0307951647147139 -0.598227683184851 -0.0998449496794005
-0.100789294269695 0.00239793722865168 -0.688236556763245 0.0132872727052766
-0.0739048980430246 -0.0754220277206093 -0.670785743461193 0.143572361680203
-0.000978473899541121 -0.0428921904136426 -0.624249042056806 0.219779951086052
-0.0351328624742552 0.0177125236801802 -0.520096290850406 0.121467678152407
-0.093664886697546 0.0307794671323114 -0.198467413434593 -0.000287963348140587
-0.0939723347839248 0.0176390796870596 0.207045866324351 0.0821298873692391
-0.010204849172722 0.0451426620123375 0.557043011416932 0.106002437813543
0.0755041536452235 0.0162664950372254 0.664256814548419 0.181344112592013
0.00786634372774426 -0.0816726669855209 0.682439462475785 0.330890821745045
-0.0590615333474844 -0.0417349857689409 0.651745264730131 0.312603997428562
-0.0565351123257362 0.033533613796013 0.492312799449791 0.177950515714569
-0.0186113171203138 0.0541290502065504 0.210513578734476 0.0388787994639458
-0.0117073721324864 0.0624014332734856 -0.0832812089820171 -0.102598752409243
-0.0173158465848009 0.0546760702355155 -0.389047155233088 -0.0876101622401509
-0.0514998255281861 0.047744216022618 -0.619031586601037 -0.0621949635573401
-0.0893334544002184 -0.00011484788231924 -0.702309940908507 0.0546147890750886
-0.053354968969666 -0.0987912132058214 -0.672096834299748 0.170101970876798
0.0379406035426674 -0.0438364980083331 -0.607558728204736 0.235720447542586
-0.0164027378055121 0.0425995581186162 -0.504234469351521 0.125669238000319
-0.0994943497965154 0.0410686337792296 -0.173918482437336 -0.0042213588503534
0.0766881490678748 -0.0383508774958517 0.154669464308448 0.0438056738050916
-0.0293921252021244 -0.11825896846123 0.484475393003513 -0.0770104317088972
-0.0550697623670598 0.00227462833363149 0.616924858572863 -0.198883414920698
0.024554664389066 0.0654337261536466 0.679994659848393 -0.146433383945111
0.0710461143517463 -0.0268870399538872 0.724195562289303 -0.0784714217005721
0.0323370240253797 -0.049221075867871 0.649644747294958 -0.00491537631329146
0.00365219123686944 -0.0592689203512656 0.416340208495975 0.0400781076332154
-0.00315184897163873 -0.0708286454123269 0.119771849243746 -0.0156451993154232
0.00613260485732247 -0.0726142724402898 -0.167413802180971 -0.0667156492954531
0.0326459089413135 -0.0481546267294972 -0.416724607932693 -0.231010134867852
0.0515963669317525 8.53705808154352E-05 -0.619130089475034 -0.321147377394239
0.00527784479815076 0.029335410272809 -0.699788410707023 -0.328770666661671
-0.0661557297714613 -0.0462682197702266 -0.672963259998099 -0.183839260169945
-0.00603211463757479 -0.123655826803348 -0.581180255202041 -0.0838995900621696
0.0944267360324107 -0.0353712435524025 -0.279903836283516 -0.0571217965707645
0.0610524300383514 -0.0310053971099376 0.13661706388199 0.0496496567966239
-0.0346312117163424 -0.119799956572906 0.487768107503903 -0.063786782247184
-0.0795430032688884 -0.00406725412912406 0.609857750540124 -0.170200026479198
-0.010745212438949 0.0691576895633261 0.688195559568318 -0.0970073911170245
0.0407239358194795 -0.0159366303105194 0.747052881086149 -0.0490944825371282
0.00172346096171079 -0.0463142933687352 0.657029243583873 -0.00632133693093608
-0.0316777672954886 -0.0611682422839165 0.405597505772605 0.0190738749725812
-0.0423094799641412 -0.0800674835261839 0.102316638247445 -0.0437633426251879
-0.0345318562853377 -0.0856695153491346 -0.18134251816282 -0.0954559140764956
-0.0098143166139941 -0.0690296494238386 -0.420453027127916 -0.242111211434259
0.0153582152239124 -0.0256433864943468 -0.611269975967086 -0.299549078895823
-0.011269411558087 0.0110525459796356 -0.702593398549489 -0.274260261761507
-0.0813543969427299 -0.0405480006169193 -0.688706475780383 -0.138524537989347
-0.0407141726990562 -0.121080899050724 -0.586443958372138 -0.0621326024444809
0.06238240469903 -0.0452108278144018 -0.290378921848009 -0.0482944732427877
0.0349131259238895 -0.0203943636996379 0.12561984547647 0.0510015232720306
-0.0365197649256124 -0.10713226770104 0.497973314242141 -0.0431718173746663
-0.0860262225429284 -0.010240288738092 0.613181564244211 -0.125663387538477
-0.0403439982782968 0.055462771650609 0.695214656791818 -0.0225628092484381
0.00537674269651253 -0.0139924792402341 0.765714344176858 0.0121616549428682
-0.0304858218612787 -0.0416284263048988 0.656695427142101 0.0139644950014268
-0.060084793530755 -0.0556547199507838 0.384307529249544 0.00578995218459158
-0.0737528847743808 -0.074855063423655 0.0728180752961794 -0.0717855922076765
-0.066338360939656 -0.083277358643194 -0.213148846576942 -0.120653489271235
-0.0503938127568994 -0.0712214483294312 -0.445904753126441 -0.239316323022128
-0.0252835269389888 -0.0378697802893064 -0.622248959570449 -0.260174184849529
-0.0328382871065795 -0.0105401811774488 -0.702553367277393 -0.193858165742093
-0.0844981247068134 -0.0364761755841625 -0.697211899396416 -0.0635901162198008
-0.0649262279703521 -0.102565463299293 -0.586216648545271 -0.0230865752293771
0.0231166616518257 -0.0446310716786439 -0.288553342118545 -0.0332032015800457
0.000339815810593051 -0.0125926048250588 0.12407736521432 0.0515538347233107
-0.0426228859095882 -0.0805439463193113 0.513989389441803 -0.0179739021330124
-0.0741922574512941 -0.00998585195337425 0.618878563121639 -0.0665750149811382
-0.0538088320411561 0.0269163422066552 0.696953655462902 0.0706541897292847
-0.0291703887246047 -0.0244400316779264 0.770345299497381 0.0948651558367232
-0.0607994114971548 -0.0366691899827381 0.64475281559552 0.0493055582631666
-0.0787356340308837 -0.0442137482273813 0.351753819980654 -0.000616964844220092
-0.0914086667673602 -0.0587445789188742 0.0336707813758848 -0.0961100201328989
-0.0862299169776841 -0.065132099894616 -0.254475130771659 -0.135880970572373
-0.0800403140477532 -0.0561456301629944 -0.486894030279386 -0.221307434382914
-0.0628683579813503 -0.03489950253283 -0.641840471577241 -0.200694967598861
-0.0556781448461057 -0.0281259322676952 -0.700422619068792 -0.0978672940514737
-0.0772584539943191 -0.0353216291287464 -0.691327255822239 0.0222323152426099
-0.0749364004167466 -0.0753146071001055 -0.575666520498504 0.0226259777508109
-0.016554913463602 -0.0324657033318058 -0.276216181605003 -0.0180241559107198
-0.0375219738185839 -0.00936847006213781 0.132954780572823 0.0548340128644561
-0.0506673208976239 -0.0498436589735801 0.530976710582759 0.0187347696736966
-0.0493008935952471 -0.00193704698181309 0.627583800747862 0.00601855452476751
-0.0480769361424501 -0.0106181544576071 0.691899630257418 0.167060754693765
-0.0549366498573851 -0.0411504704602598 0.754720963116227 0.179693146013261
-0.0812168023821055 -0.0301312345285686 0.616778803975906 0.0902181377837711
-0.0836391172266788 -0.0266718911663653 0.312668427719342 -0.000569441696839038
-0.0939277761381623 -0.0320267431759561 -0.00642527315256045 -0.112063309943556
-0.0891450814048611 -0.0362181392656635 -0.300454557472717 -0.13800938906849
-0.0932680992384974 -0.0278461825024946 -0.530767097127846 -0.189569925958096
-0.0882769501996202 -0.0208965913257743 -0.663346145639082 -0.126853836745473
-0.0728935886586777 -0.0417101996005675 -0.693812218202318 -0.00500738189611952
-0.0617008868686874 -0.0361694373223799 -0.671930670573603 0.107475245551303
-0.0703098461903293 -0.044286793712759 -0.560546433458364 0.0676563760413275
-0.0504558733794672 -0.0119627645553934 -0.254851291783931 -0.00580527063287012
-0.0712250180653138 -0.00551825201525832 0.151430768541149 0.0638750507102724
-0.0523935199686111 -0.0138507357333884 0.543070721679249 0.0566677906805207
-0.0115346391963989 0.00974784434874177 0.637304217983906 0.084769029429703
-0.0293509809769803 -0.0456180519901164 0.687040146952299 0.256098137815652
-0.0685945500592546 -0.0558679005833754 0.72512564411776 0.251174085416597
-0.0901174261356222 -0.0176856549179687 0.575115380104005 0.127014335648829
-0.0762451006540061 -0.00270096872788825 0.270384102003343 0.00501557507657552
-0.0796005637877051 0.000810889348003263 -0.0426790673954841 -0.119389339320905
-0.0778085152634804 -0.00278837611642163 -0.340456525788197 -0.128854645850044
-0.0909860290904857 0.00365439105929767 -0.571304951211984 -0.145895063501384
-0.10116992848413 -0.00579535365686549 -0.678929993463129 -0.0517129718512934
-0.0802056462120323 -0.0571233158481034 -0.682964507179879 0.0791996958452207
-0.0357166424464316 -0.039117820150443 -0.64705462906576 0.173755732531504
-0.0557119673170926 -0.0116069083079516 -0.539441727100975 0.101022107757598
-0.0773715691215927 0.0114797800148306 -0.227439934419545 -0.000723304513027563
-0.090921649919586 0.00415585043691037 0.177833693770231 0.0742103734441279
-0.0402534926855889 0.0201120846870254 0.551716511155582 0.0894855339250105
0.0332813458030321 0.0172743939051673 0.647967227193733 0.147273516626403
-0.00775444324525655 -0.071609866346912 0.683211684059828 0.314805836274043
-0.0714208251292103 -0.0579496181046001 0.688450512023906 0.294780767321298
-0.081737248337943 0.00424413194057908 0.531684131945871 0.156192848041475
-0.0528767095758988 0.0254586835989099 0.233665677837836 0.0190054524500925
-0.0505602434211942 0.0325731979055744 -0.0697552331955376 -0.115297646003942
-0.0517644754861513 0.0296948344458633 -0.371664303856072 -0.11144959839689
-0.0753608518141142 0.0302614058151686 -0.599829363924883 -0.100943642905825
-0.100646181041798 0.00220887706574112 -0.692481494091525 0.0105154230940789
-0.0742667111012872 -0.0767344158124383 -0.674745574869924 0.141289642928396
-0.000633927418546032 -0.0430898987379244 -0.626726154018702 0.217983479326949
-0.0354339508738689 0.0180953533799104 -0.522005242978172 0.119705337993114
-0.0941563837419575 0.0309749251201903 -0.198750414113087 -0.00152370694068143
-0.0942333561747678 0.0184174994433129 0.206098339376797 0.083286875793459
-0.0114519857319825 0.0461556633731647 0.559082679311524 0.108931869831636
0.0759840254863536 0.0164613597554156 0.664550946243802 0.183051707115389
0.00782243432984645 -0.0818415317060717 0.681869455724878 0.334890966510116
-0.0603795980758335 -0.0418048165720826 0.651115234196907 0.317581343040591
-0.0570903772300461 0.0338128521571706 0.493144202027884 0.180176015679193
-0.0188985151423665 0.0541165404354234 0.21055146866348 0.0387073780324712
-0.0125490028468513 0.0619592468822218 -0.0828811947621855 -0.103054463688665
-0.0168831983757096 0.055153687781029 -0.388176233806299 -0.0892177867261279
-0.0519858514025894 0.0474108575775957 -0.621408502386995 -0.0631575143740518
-0.089502444629186 -0.00081655111813176 -0.704681596886324 0.0537555306399047
-0.0532883801684142 -0.0996474560710631 -0.675142885438823 0.169003429590311
0.0394959662059769 -0.0432048854024398 -0.610252152106452 0.232951461131662
-0.0163180351646863 0.0439775252516493 -0.507255414185823 0.123866572541114
-0.100955652096114 0.0402055322582586 -0.174738889981197 -0.00493889899853311
0.0780588881566918 -0.0381678147463015 0.155573232962978 0.0446023837513632
-0.0294207412847915 -0.119570291946282 0.485910606732507 -0.0752608855403059
-0.0551648997245075 0.00205357176464635 0.621643496051853 -0.200761749612338
0.0254859748581409 0.0651913475090724 0.685213794561371 -0.147172163159064
0.0713436040439172 -0.0261577729624694 0.727535144348903 -0.0776841584226404
0.0319518652955342 -0.0495597257442465 0.652415413196116 -0.00510709919638355
0.00339190574057844 -0.0600920835449742 0.417944171297012 0.0408111575526292
-0.00342468705990832 -0.0712591698016328 0.120056048238976 -0.0148033513709873
0.00594715977382143 -0.0730430934724103 -0.167863699612461 -0.0671721326670606
0.0328421529223166 -0.0490536385506369 -0.419173357597488 -0.232987023299745
0.0513888723675 0.000124147402002606 -0.621962930420993 -0.325194578657405
0.0049510973146504 0.0289067207564303 -0.703898495444113 -0.335592286854376
-0.0670475634938386 -0.0469183906295513 -0.675972645296137 -0.186676266510883
-0.00647287611129888 -0.124650303060191 -0.583914448516899 -0.0870367884659249
0.0950373603809225 -0.0349189410598994 -0.280453679970252 -0.0578263535432152
0.062102063833 -0.0300212701857922 0.13726934919405 0.0498537781988022
-0.0348758506963311 -0.120202682390076 0.490153836522375 -0.0629336962908694
-0.0796274571004329 -0.00441169085475952 0.613931459019396 -0.170894363869962
-0.0112829100723524 0.0702585636212044 0.691957431632281 -0.0984220153648842
0.0414202887542983 -0.0163505633016517 0.753332789496341 -0.0489601906970684
0.00153855257410146 -0.0467233590304656 0.659553654726451 -0.00472845386885794
-0.031549683953752 -0.0625909278687209 0.407546192205198 0.0200831494425285
-0.0431616538731216 -0.0805255506962269 0.102402353488612 -0.0428314768065044
-0.034325083440234 -0.0862378151359847 -0.181121268686127 -0.0962504703939273
-0.00994304566281007 -0.0689835093947849 -0.421562835677552 -0.244510241178572
0.0158929889881171 -0.0251203904286235 -0.612895741282092 -0.304270356514704
-0.0113680642138269 0.0113622676195089 -0.702401664619137 -0.28086418686864
-0.0817511158425403 -0.0420861812150011 -0.693306438549601 -0.141594928286121
-0.0402517283046221 -0.121113192613684 -0.589739879829742 -0.0663894339946266
0.0632535413006724 -0.0451180940163435 -0.290509091951159 -0.0494854460602259
0.0353037870479465 -0.0198779168905385 0.126114706840414 0.051742743964911
-0.0371093174718118 -0.107967419176378 0.501346232380397 -0.0421211866255768
-0.0853020644008401 -0.0108786173907941 0.614553107430326 -0.125235590874847
-0.0403943343046767 0.055511617946943 0.698298241382965 -0.0210218989155104
0.00514371092019791 -0.0137367620028148 0.770359664045286 0.0135418742913384
-0.0301121522824972 -0.0416188306019586 0.659551668861928 0.016163165191265
-0.0601685625519491 -0.0569857286818208 0.38542455734671 0.00547717499707789
-0.0738826165111777 -0.0757936697658475 0.0721972908128835 -0.0717483794057506
-0.0672230252752923 -0.0839691073500992 -0.213028903826197 -0.121169185591147
-0.0501965953491294 -0.072356839915957 -0.447158609693436 -0.243468331921478
-0.0248529426948239 -0.0383717341166184 -0.624827354905864 -0.26280508004848
-0.0329102247076728 -0.0107844360655459 -0.705496515951004 -0.197022086187037
-0.0847425040073154 -0.0374033554636784 -0.700058696154065 -0.0662560612243829
-0.0654207337743787 -0.102674846833064 -0.587057283933379 -0.0253851034299972
0.0237672143672988 -0.045268905853531 -0.289860116229899 -0.0333688375313344
0.000509533881678834 -0.012485677156846 0.124395378557607 0.0519081081548562
-0.0426292072982318 -0.0821012370373639 0.51717951899149 -0.0172377925233674
-0.0743304679332927 -0.0107929469273911 0.622387453234524 -0.0657743873614229
-0.0546019195867613 0.0258347159909059 0.699901248410334 0.0727607965439458
-0.0298064411110975 -0.0234622851260378 0.773215061894723 0.0998077703939689
-0.0603495231655577 -0.0370080130826819 0.64768152198306 0.050719482619381
-0.0787735318863038 -0.0457505239612051 0.353982814661732 -0.000116647341203403
-0.0920922872342119 -0.0584671690249793 0.0339550207343776 -0.0963580656878658
-0.0870068879196396 -0.0660400353796737 -0.25498723670102 -0.137023862924964
-0.0801493201305984 -0.0570093887169218 -0.48838744722558 -0.22481227042834
-0.0632091646545742 -0.035351127720724 -0.644642842688408 -0.201643054196431
-0.0559268745519354 -0.0284435890320676 -0.7047259360426 -0.101472005692123
-0.0785629645733325 -0.0363341904849048 -0.692411251966145 0.0202326643883322
-0.0751628492226075 -0.075872783903211 -0.578872923814967 0.0208519721227018
-0.0158916238070915 -0.0321263684879335 -0.277445102657638 -0.0195629039336005
-0.0377533440907336 -0.00815230493524785 0.132563533126344 0.0564420065891844
-0.0503719099894067 -0.0490757368319968 0.531972957232177 0.0194561210856541
-0.0493241557304539 -0.00221249104318621 0.631014001932157 0.00653565384418286
-0.0478564329034791 -0.0104845762239056 0.694546101829365 0.169835696712956
-0.0555181185171171 -0.0415396919070524 0.757088324493231 0.181901360892812
-0.0817036943390405 -0.0313309345081594 0.618697482608671 0.0924324174857083
-0.0840791098078936 -0.0267339541642294 0.313538177884668 -2.8540876078872E-05
-0.0945167109504008 -0.0320456723912522 -0.00621604896964733 -0.112808335187564
-0.0905610152463087 -0.0372364545909031 -0.300414780957868 -0.139432510010069
-0.0931190618330356 -0.0284732616350747 -0.532890650275329 -0.193277303106992
-0.0893447887304999 -0.0218256145678364 -0.666492053453535 -0.131764244492484
-0.0732973062438559 -0.0427975165488293 -0.698042055776723 -0.00617096165913144
-0.0627939487960748 -0.0369503293015999 -0.67575293107984 0.105162686383397
-0.0703443759302781 -0.0444076611986765 -0.56282060316671 0.0655283972852396
-0.0509425239653596 -0.0119407338542345 -0.255519934163624 -0.00703040737419194
-0.0709592488110129 -0.00507584311931536 0.151436993036617 0.064020128227481
-0.0529374463318446 -0.0140258097666271 0.545835299744125 0.0586335562294911
-0.0120162988614339 0.0096165296036522 0.639097513878479 0.0859934674437031
-0.0293764142336596 -0.0453788952023672 0.690140953345637 0.257964522454929
-0.0691886175783458 -0.0566776133222648 0.72785056404061 0.253907334392877
-0.0906360655397757 -0.0184886715707348 0.578438210627857 0.127829270214331
-0.0761449388274752 -0.00340388937808693 0.271572154022328 0.00677728238984939
-0.0797494594444448 0.000262461340857067 -0.043446305493429 -0.119903151939194
-0.0785109973583593 -0.00270758420048884 -0.341628038130196 -0.130671968008314
-0.0907200486944368 0.00381685505834817 -0.572561488267447 -0.148171545707616
-0.101562297244829 -0.00585037927329233 -0.682523785293676 -0.0540079531596207
-0.0809403850242302 -0.0576053382130581 -0.686778902036001 0.078818866563232
-0.0358687608721841 -0.0403900844322103 -0.651961459199372 0.173242987039147
-0.0558641377188126 -0.0115245423836168 -0.542491650729981 0.100870203188845
-0.078275893446226 0.0115763786245413 -0.228231518331898 -0.00133279707284783
-0.0912187460291447 0.00425353467391671 0.178077287846756 0.0760977288700901
-0.040228122060625 0.0202822237217109 0.553392617177396 0.0901535400045125
0.0326787168607029 0.0178589079444683 0.650516020358376 0.149365436053056
-0.00789214661495124 -0.0715773249483786 0.685488908887092 0.318368867570319
-0.0715996413439997 -0.05822806438754 0.690508700762212 0.299627748237838
-0.0821307426699968 0.00418052054425803 0.53398182865398 0.157691060424091
-0.0528423315436876 0.0256020133966147 0.235266036271033 0.0199351815011699
-0.0509953208340815 0.0337556571686281 -0.0702042917785971 -0.116131420424977
-0.0521643587803069 0.0290019016019034 -0.372726895423545 -0.112345628631767
-0.0763064724277896 0.0303794819899027 -0.603160634404853 -0.104477497164879
-0.101693129558927 0.00275355598956048 -0.695014260878981 0.00824301547445427
-0.0748343440496574 -0.0774225428923268 -0.679461789692797 0.139913576286688
-0.000840342517465643 -0.0434461906225534 -0.629683634150556 0.217042456503222
-0.0358513193062422 0.0189982490110583 -0.524926584734553 0.11888002745537
-0.0949279314290586 0.0307690686321201 -0.200440549040845 -0.00162320631793648
-0.0943777115659267 0.0184083817699058 0.206534914629933 0.0840939740696853
-0.0109588039348985 0.0452786108906426 0.561705610849624 0.11045820979597
0.0761736076839155 0.0163476057920544 0.667262415193238 0.185607941032773
0.00827791253446902 -0.0825930199619516 0.684744946212341 0.336991850082718
-0.0605150237645725 -0.0421255127547552 0.654328753853872 0.322118458355924
-0.0571982908530643 0.0332633342243766 0.494016774138268 0.182853251235221
-0.018724365974742 0.0543071733423838 0.211525891374109 0.0396388201006943
-0.012197656247712 0.0625720586349244 -0.0839216829862746 -0.103877417906181
-0.0179975760634717 0.0547920502817723 -0.388771046249897 -0.090517133421329
-0.0523083220298911 0.0477765499082879 -0.624367217742066 -0.0670586777645946
-0.089736414801452 0.000248010090876619 -0.708003834211045 0.0508483838504461
-0.0540871515147976 -0.10043545591309 -0.679907065365191 0.16882309196411
0.0384712255495144 -0.0443532436634478 -0.613662094042235 0.233003433074008
-0.0171697490561769 0.0445451924536951 -0.510081726273738 0.125067308932031
-0.101642977286662 0.0400019781025511 -0.174554892407827 -0.00520753572388592
0.0792042167261916 -0.0373978818967902 0.155819433404179 0.0457194274110635
-0.0299331649358979 -0.119719304392411 0.491348019272329 -0.0751053448166888
-0.0555251100298737 0.000752675599198931 0.625243492892922 -0.19999797289288
0.0255970344070537 0.0667274403352147 0.689677562130094 -0.147190061440883
0.0718634002241357 -0.0267076600904785 0.73297551349284 -0.0771636844455154
0.0329600443755479 -0.0496755881174486 0.657643579956452 -0.00354194916353164
0.00295514452716445 -0.0610084307204989 0.418673333390042 0.0424414846695945
-0.00388942482479096 -0.0720944192319117 0.119873380898112 -0.0146800111959301
0.00574863037007444 -0.073884388242859 -0.168068444097241 -0.0680388557864963
0.0327703818537804 -0.0497174527390824 -0.421247137073579 -0.234934130176365
0.0519458247835305 0.000180544840573865 -0.624424789802475 -0.327803726422185
0.00543435977250511 0.0287082781499504 -0.708463633418477 -0.338302723301296
-0.0669874572662565 -0.0474696245625572 -0.679582281253231 -0.190733354845151
-0.00573807926665885 -0.124707534492585 -0.587719197427868 -0.0878353659180937
0.0960787452471923 -0.0351095213661993 -0.2832515796825 -0.0583537286506474
0.0635627093212935 -0.0296630319142774 0.137895640270974 0.0507831439682531
-0.0351235871002268 -0.122026598671748 0.493836746315365 -0.0632309995778478
-0.0801905380573753 -0.00561138254703645 0.618311853277867 -0.170836176014685
-0.0106721443393983 0.0705878227094621 0.696767979227869 -0.098575951507465
0.0413233342954942 -0.0160370532904723 0.757891295880086 -0.0446640224800662
0.00148791792341873 -0.0479179223727112 0.665027198781272 -0.00293987399466618
-0.0319336263697151 -0.0634903683740528 0.410204272990951 0.0206916702645263
-0.043771537813468 -0.0809977114370855 0.103058591224377 -0.0428337271594225
-0.0351834023833763 -0.0872565598868413 -0.181650541726109 -0.0969989020575461
-0.00953776323173779 -0.070743470436671 -0.425451831700999 -0.247163935143125
0.0160906834405798 -0.0255540110399525 -0.614587522045527 -0.306912885063743
-0.0114856104519025 0.0109411210718431 -0.707926662010571 -0.282938806668571
-0.0822629074429655 -0.0413449075164918 -0.69792087675209 -0.144442584740161
-0.0410445977961063 -0.1219881206673 -0.593154912986931 -0.0683641207224708
0.064276162888541 -0.0449843277113872 -0.292928474583273 -0.0494366897164653
0.0365399982062061 -0.0190980286801819 0.126514071701929 0.0530039064456848
-0.0375336747171172 -0.109108002607243 0.503822389862466 -0.041887973138438
-0.086538183885695 -0.011700233746323 0.620143273129871 -0.126304720854746
-0.0408768920036232 0.056619269013868 0.70267661915849 -0.0204049949087459
0.00509987814241438 -0.0133715732020354 0.774965030048174 0.0164536927413355
-0.0306559191193683 -0.0428764488551995 0.663770831827988 0.0184703758964752
-0.0610410277205858 -0.0576242566849208 0.38780568620177 0.00662054992591057
-0.075071945063883 -0.0762555280781757 0.0729159101823588 -0.071380460017485
-0.0675769230915327 -0.0846634342334571 -0.213174503203136 -0.121611750494847
-0.0511450098791455 -0.0730052136281806 -0.451216640823609 -0.244639743689014
-0.0253263928106117 -0.0386119841246692 -0.628489839505062 -0.265023470910141
-0.033084395903505 -0.0117827245283474 -0.711732393643351 -0.200548866335108
-0.0856437348408308 -0.0379654383305124 -0.704228130683111 -0.0673110876430574
-0.0651061152874342 -0.103675513456335 -0.591286978785552 -0.0270167790140723
0.0240937895869085 -0.0454009848471145 -0.291904962690444 -0.0341360622774275
0.0009366751248109 -0.0118245548880281 0.124802731358943 0.0536647779825917
-0.0430548465755609 -0.0834539076493177 0.5201707011987 -0.0161439669933588
-0.0750638465133373 -0.0118339411462661 0.626094107594785 -0.0659638823395613
-0.0546268349702263 0.0267651743388032 0.704513562262698 0.0739973030426072
-0.0298789093226721 -0.0235408970506934 0.777077347193149 0.1003709897145
-0.0605632917199974 -0.0376780526683219 0.652358424540796 0.0521943062672566
-0.0791651711294353 -0.0457193679632791 0.355396616986505 -0.000109770307452041
-0.0924973131099393 -0.0593820293919661 0.0340525461947326 -0.0968644165151341
-0.0875434129977036 -0.0669190660809718 -0.255995676917907 -0.137534295932402
-0.0803611839307483 -0.0569265552154556 -0.491384262540806 -0.227041548925794
-0.0629821440042823 -0.0354621148873997 -0.647460234973519 -0.205209899612833
-0.0567615635509649 -0.0296210947501477 -0.710612106196097 -0.104201720050144
-0.078938343301317 -0.0367751685101273 -0.697301464874113 0.018751569568005
-0.0750866509021638 -0.0764201509337816 -0.584541996729637 0.0199520944089122
-0.0151589589303889 -0.0328569698762897 -0.279346629122489 -0.0193434790061428
-0.0362457885590724 -0.00913966512487209 0.133351639313295 0.0569907619037572
-0.0513204930424616 -0.0509288217385187 0.535623176591213 0.020507215767141
-0.0492136155565889 -0.00282250692972939 0.63455633132971 0.00758887921188874
-0.0487521054042604 -0.00991157864340932 0.69978169505161 0.171741640238613
-0.0556519469213349 -0.0420259837767977 0.762414207914466 0.185729893262219
-0.0829380593152655 -0.031706817463943 0.622622970325791 0.093972486932823
-0.0854135779392876 -0.0281401072970038 0.315211449108902 0.000431562828565353
-0.0944924503448818 -0.0327535277590986 -0.00638248003922453 -0.113666714412548
-0.0911665910128558 -0.0378925478564487 -0.301019296364049 -0.140792417583578
-0.0943463583546887 -0.0291071793129925 -0.535322839479674 -0.195031947442167
-0.0889223043762909 -0.0216841133930259 -0.670799979636619 -0.132466308894146
-0.0746376392257122 -0.0435926134125662 -0.702608536031817 -0.00853107044934088
-0.0634215374574725 -0.0376505218246581 -0.680392698278363 0.106269676522436
-0.0713607851765611 -0.0441633245330963 -0.567570324626029 0.0665320275989589
-0.0507099524046378 -0.0122322897378888 -0.257121608093615 -0.00751151991670232
-0.070880683314356 -0.0043788299989276 0.152237837163145 0.0652156839586556
-0.0531056369746755 -0.0145944533785274 0.548533958213489 0.0595376491530498
-0.0119468097508752 0.00941791354659436 0.64306088500119 0.083913986321692
-0.0296295127691433 -0.0452495119610938 0.693515795835347 0.262007050942298
-0.0700020387690722 -0.0573026012649712 0.732869523058814 0.258426511340728
-0.0910879261038427 -0.0190658060125276 0.581764627761649 0.130049440751422
-0.0767568537924361 -0.00407495520276194 0.272528772112487 0.00658274095466974
-0.0799082453149632 0.000302062048000848 -0.0433175729706945 -0.120865649139879
-0.0789763896948508 -0.00311574963365737 -0.343539548709591 -0.131746563318645
-0.0919843204799584 0.00310158469961902 -0.577333654177648 -0.151232980928391
-0.101742858418203 -0.00607142383166114 -0.686373716659188 -0.0569832318599479
-0.081647348447094 -0.0584034839357904 -0.691368217026846 0.0783413932182909
-0.0362252959237127 -0.0404937017227597 -0.655352058649739 0.172555347887597
-0.0562864083390864 -0.0119709520725208 -0.547745709723207 0.0992839366714915
-0.0779191374662711 0.0107926140853846 -0.231029363603724 -0.00181362819686683
-0.0904982704884411 0.00414680233280123 0.178758176067674 0.077352133937189
-0.0410255420598378 0.0205557255197609 0.55608068192065 0.0924113076213354
0.0332764275662708 0.0178183943664898 0.656012530105364 0.149932948119189
-0.00810335608606121 -0.0716910377719443 0.68771275596063 0.321859891999261
-0.0720648578201963 -0.0581103856913198 0.695203338525904 0.303519315055843
-0.0827828886975607 0.00319625359241831 0.536970490390613 0.159362324720495
-0.0535436975898112 0.0250797464565903 0.236252117170407 0.0198111710094366
-0.051244115670124 0.033544233353329 -0.0708929697133828 -0.117652853244529
-0.0532432143753381 0.0297927313250538 -0.374203415267339 -0.113578106989914
-0.0762993933615108 0.0305428842303221 -0.607263140248633 -0.106160497769878
-0.101783451744168 0.00164863585351948 -0.698920299484557 0.00879344283213443
-0.0746909063765577 -0.0783039410566581 -0.682480394092052 0.140091426985075
-0.00115283570679993 -0.0439150128216343 -0.633058219889937 0.217082161642752
-0.036747042667653 0.0192207966229052 -0.53139323039544 0.118955024137501
-0.0956594204879541 0.0306737154904762 -0.201852570855714 -0.00206591405851708
-0.0938833393294574 0.018413841799546 0.207502902804269 0.0855864159574735
-0.0117252834208047 0.0459474879148128 0.562986754325281 0.112673157470121
0.0772038448534662 0.0167150675869929 0.670113331215764 0.188082294961982
0.00818617289181109 -0.083561859125961 0.687633745628563 0.340841950636906
-0.0612292413256348 -0.0417581410244968 0.657101981768802 0.324882537867684
-0.0576541704629732 0.0334599753635416 0.49660374317172 0.185685663755513
-0.0196253178481366 0.0544841255444315 0.212477380239869 0.0404899653040783
-0.012283920790622 0.0628769970169237 -0.0841243603800813 -0.104631818726966
-0.018448732110769 0.0552554075646363 -0.392067069532786 -0.0911076949056298
-0.0534944700506809 0.047627235730277 -0.628951341258048 -0.0671024085693069
-0.0906628795003216 0.000402441542940654 -0.711993574563877 0.0517141168981661
-0.0545672680552232 -0.101230391494888 -0.683780960772014 0.169014416738626
0.0385955295372171 -0.0439165521467229 -0.617437286955544 0.232541880244788
-0.0176125750626888 0.0452201755395256 -0.5153183621701 0.123170126964807
-0.101835754251235 0.0405897111649393 -0.175936666086975 -0.00599103666782556
0.081360689718931 -0.0372831880721317 0.157547726396304 0.0463960325488508
-0.0295348493419712 -0.121869189168426 0.493733444223905 -0.0759153888240963
-0.0556773883301277 0.00074398652934758 0.628954797500252 -0.20405451275015
0.0260982289166918 0.0667239821953287 0.696866077464828 -0.148104515028254
0.0725842339914259 -0.0263240522250604 0.73826155981202 -0.0779059971012243
0.0327281036032256 -0.0508073649520971 0.661850081101464 -0.00325110944868745
0.00280496504262122 -0.0617310869936836 0.42256408218961 0.0419261982384202
-0.00429529845917051 -0.0729300825604155 0.121211745841687 -0.0140641347206439
0.00539181744300639 -0.0751228233634251 -0.168852885192936 -0.06780319274824
0.0341695554777247 -0.0495715135352342 -0.424285879202147 -0.236788065719003
0.0528132068669534 1.40408008053663E-05 -0.627533138427223 -0.331672201674141
0.00511649804695538 0.0285502904619239 -0.713285620201913 -0.341224938902679
-0.0684506076450291 -0.048625204883837 -0.682723930448403 -0.193273464276036
-0.00558945481165159 -0.125168923219283 -0.59238747365562 -0.0882850481832076
0.0970002926481594 -0.0352554870390659 -0.28497122802994 -0.0588028084322252
0.0649087430349421 -0.0295011022830795 0.139613604836378 0.0520359340746303
-0.0356664385973517 -0.123239111346897 0.497284592387651 -0.0623939581687527
-0.0807980323666777 -0.00599090832975279 0.623541698228208 -0.17386259773882
-0.0107921015623875 0.0716881659439074 0.701915050726899 -0.0988190760439731
0.0419902838653053 -0.0152479520715497 0.761748109607268 -0.0475424842803406
0.00140413796951577 -0.0484161572690029 0.669917472435585 -0.0019763973751608
-0.0324435843886348 -0.0642276458026479 0.413253500565387 0.0192454622572818
-0.0447598030927819 -0.0817051441007735 0.103669901695325 -0.0434005652470828
-0.0363172221439531 -0.0888113155684296 -0.18298472893366 -0.0969629977988768
-0.00997686374404344 -0.0712731922887715 -0.426561941330394 -0.247660878514244
0.0167785995340833 -0.0251217809975844 -0.620869674740818 -0.309253339781624
-0.011860547706555 0.0106371621197327 -0.713400180148413 -0.284761922464079
-0.0831804963999241 -0.0433266579264795 -0.702864638182142 -0.143761033188911
-0.0409596990701953 -0.122688742310759 -0.598792691093845 -0.0682841167864676
0.0653640152227922 -0.0458428779251924 -0.294913671167087 -0.0500658457905927
0.0373343880599982 -0.0188606447363598 0.127628170483729 0.0534789952406846
-0.0378330898052934 -0.10995147173816 0.507339356749099 -0.0413687818650545
-0.0870383469160591 -0.0120602283738365 0.623820631990262 -0.129634175553586
-0.0415435566290183 0.0572376607122077 0.708953389861335 -0.0208109647577292
0.00509289389601877 -0.013672529621969 0.78019618196391 0.0157150288109916
-0.0308392173733511 -0.0433126702320434 0.668847022921373 0.0180037668023964
-0.0615434814359146 -0.0584814465609861 0.390357610275203 0.00657452489317735
-0.0754743846102524 -0.077358341049906 0.072898021690534 -0.0721045778801829
-0.0689165081625647 -0.0861034031611983 -0.214255842216539 -0.122611725232296
-0.0511487110289002 -0.0735971172728899 -0.453675626147708 -0.247342742931454
-0.0250892603375678 -0.0391426759685417 -0.631658567325506 -0.268000155354523
-0.032985829270416 -0.0117170183427663 -0.715041810236831 -0.200750050378205
-0.0865025004199841 -0.0395046306491785 -0.708904536237772 -0.0692100333831906
-0.0659073890235181 -0.104194397665573 -0.596250660069268 -0.0278293273666359
0.0250258912726543 -0.0459105816518179 -0.293838149679148 -0.0350627641902824
0.00182917359233879 -0.0118965634447894 0.125487546342619 0.0539963090117547
-0.0432025743046982 -0.0836997393577855 0.523220295713752 -0.0160309900407255
-0.0755446019157722 -0.0119619902529017 0.632077434478327 -0.0675052338719171
-0.0548993241664228 0.0268510864946863 0.708650116635383 0.0740678395091086
-0.0304900774245685 -0.023997051902615 0.783200905043239 0.102007992300318
-0.0608239200454238 -0.0385953209595143 0.65575073194604 0.0533226931265696
-0.0808887913114706 -0.0469413788621136 0.357924859724727 -0.000558715657699104
-0.0934947219737634 -0.0599660949978134 0.034419004618117 -0.0977481372989659
-0.0883886634794481 -0.0676594650247751 -0.257309505116445 -0.138935050699033
-0.0809649447114273 -0.058552734822193 -0.495297114133954 -0.229980519745863
-0.0631092539388685 -0.0350989777571602 -0.652129441743341 -0.20803625088864
-0.0568684583569746 -0.0294016167737401 -0.715419322701011 -0.10410021332983
-0.0796510839372723 -0.037435027516656 -0.701144484072523 0.0181011124802767
-0.0758035791864734 -0.0773597491752816 -0.587143329098508 0.0191841900365382
-0.0154019554874076 -0.0338732407010019 -0.281008402136065 -0.0194565462981606
-0.0366926912953783 -0.00826548920198306 0.134462956451064 0.0577587867881901
-0.0512070639826282 -0.0510615058949333 0.541634803455587 0.0217515533355504
-0.0493272813580187 -0.00273995846757191 0.638634377871632 0.0057194080501024
-0.0488737564091738 -0.0101659886238071 0.702812671120304 0.174571768549369
-0.0564235305715829 -0.04200889443131 0.76877629214716 0.185831302120959
-0.0834666336212508 -0.0318268654843647 0.627242978794323 0.0950801888261159
-0.0865668030211052 -0.028439994632809 0.31770505207991 0.000386384628227209
-0.095915164962693 -0.0329124984618297 -0.00724252623114205 -0.114604066251186
-0.0922043555405846 -0.0384581198558445 -0.303266559017317 -0.142409516116411
-0.0939006862533691 -0.0295991713701396 -0.542070494747286 -0.196806730765088
-0.0894724305511767 -0.0218157580047427 -0.674989183182481 -0.134639909208084
-0.0748945734213028 -0.0444877595184756 -0.708457218287896 -0.00787498983419842
-0.0636090828360834 -0.038498568887928 -0.686630209049585 0.106247550070292
-0.0719376366722404 -0.0441244958355774 -0.573153789152541 0.0666277203366085
-0.0511123289731196 -0.0125159223106278 -0.259656920490589 -0.0078558366843577
-0.0703314219804192 -0.00439056501905488 0.153778860356837 0.0662441467816736
-0.0540259633456946 -0.0146275723378846 0.553353344132238 0.0601184775160999
-0.0115410420976068 0.00901925506000801 0.647996733051381 0.0862389678162737
-0.029934529131569 -0.0457816078053824 0.698652882442049 0.264166744024969
-0.0706588936529788 -0.0568984166882563 0.737894218471062 0.260443109369661
-0.0923468267344503 -0.0195240416946695 0.586459106410321 0.131721893320264
-0.0777808129690947 -0.00366219008827751 0.274570241999871 0.00642927530767926
-0.0806873655194069 0.000467626780168916 -0.0443986030421485 -0.121749859806465
-0.0804052545036147 -0.00268449358649504 -0.344911781447601 -0.133212337473862
-0.0928379190461179 0.0030078411430568 -0.580933504934864 -0.150272430882311
-0.103118254936908 -0.00595895712020456 -0.691528372917896 -0.0564117151233305
-0.0821754567661526 -0.0596430507833664 -0.6975049633564 0.0793817421913398
-0.0371209129787522 -0.0409221203072077 -0.660978344306128 0.174065956838652
-0.0568973240996048 -0.0114303961477336 -0.553250671547696 0.0994992766089467
-0.0785480203011951 0.0110502187664186 -0.231900297010831 -0.00167549678551973
-0.0917454469783546 0.00434739327963382 0.179214844357535 0.0773405322872103
-0.0410679281667775 0.0204388759369341 0.560665448950373 0.0929978158328783
0.0337203848092996 0.0181069276327795 0.65969053030138 0.15110633524178
-0.00858519594655216 -0.0725061015911159 0.693559338543243 0.323149821127002
-0.0726906979667865 -0.0583739228438917 0.698913225765186 0.306307371959684
-0.0835223277055236 0.00336417728044627 0.541182434016407 0.162478100617917
-0.0543256947071907 0.0250739300120265 0.237112902285933 0.0194283806599442
-0.0514222448930586 0.0340675941083151 -0.0717581406609754 -0.11918275357882
-0.0540601913568011 0.0300605243855445 -0.376885007979434 -0.115006603443355
-0.0773544492776384 0.0306174558685873 -0.611773230961225 -0.106853487005162
-0.102601074231758 0.00273186318379445 -0.704041945488304 0.00780831006573696
-0.0760998047817274 -0.0791185593536991 -0.688184290008464 0.14225604198458
-0.00138592045964299 -0.0449945166722389 -0.638916905761039 0.219157408751758
-0.0371011876841889 0.0192850588988647 -0.535644482941833 0.118381555067778
-0.0959999218440414 0.0306985690864937 -0.203409789938511 -0.00214195041455032
-0.0943309721446822 0.0188990332881553 0.209036238640046 0.0867332009293156
-0.0120056533968358 0.0460818996020613 0.567823573242691 0.113710732440622
0.0779915618114138 0.0167792320181964 0.675868941605741 0.189649420931947
0.0085462188636917 -0.0832833731444631 0.692936051594475 0.344967640492002
-0.0618833156551163 -0.0425502074645281 0.662908716960512 0.327992579133271
-0.0580949055868889 0.0334798130828224 0.501179544050314 0.185475097216788
-0.0194530088109368 0.0539551890720879 0.214312569576762 0.0408939177265104
-0.0118736338744072 0.0633487898955917 -0.0851655987296708 -0.106548672317015
-0.0183185173810216 0.0556018385874305 -0.394038770582305 -0.0927879426632068
-0.0527147700930905 0.0479592846632516 -0.633019080083466 -0.0686190561753697
-0.0910826394156319 -2.27198121939345E-05 -0.717896420338876 0.050780134422323
-0.05515083663187 -0.103454010216374 -0.689748599324328 0.170080377594846
0.039245648038426 -0.0447211506504454 -0.62408500175286 0.234605333459939
-0.0177524493749084 0.0461521987730528 -0.51865383759177 0.124984844167541
-0.102927058989091 0.0409191119563226 -0.17798696287897 -0.0054099924377282
0.0825730770183921 -0.0370515793410995 0.159006010483022 0.046719213698735
-0.0298941022556736 -0.123019666428063 0.498786402352677 -0.0761031238934782
-0.0565503873691374 -2.96676725042213E-05 0.635246571270142 -0.208063169743049
0.0262708532171635 0.067421285559199 0.701577556793254 -0.151645045252947
0.0729878844042867 -0.0262446631943366 0.744961821014062 -0.079225720502027
0.0329347945132841 -0.0513386953402602 0.669250026999135 -0.00338119209858796
0.00294682904874125 -0.0625723790147766 0.425250847588554 0.0413664605141935
-0.00475907012762849 -0.0737802394656487 0.121682785282381 -0.0150245068081462
0.00446332760973864 -0.0762389819460937 -0.16905003758879 -0.0681482067937327
0.0342801544217813 -0.0508082318469999 -0.427288707768324 -0.239627847865646
0.0537056143502265 1.41811924510953E-05 -0.634020736402988 -0.333665020816896
0.00477526739616443 0.0286131038927706 -0.720156879658891 -0.343147140575693
-0.0690490664601549 -0.049283702966449 -0.691174314857556 -0.193886610943221
-0.00627766756306216 -0.126105111402555 -0.597229203615756 -0.0885087117484487
0.0985516857935727 -0.0355926328136933 -0.2867539575989 -0.0593400744850293
0.0657079266543726 -0.0294935554001033 0.140554143868945 0.0523799095880452
-0.0364289343186857 -0.124448579175292 0.500337040997958 -0.0640171086368656
-0.0812732090676947 -0.00597649222390327 0.628135607283509 -0.177664935503665
-0.0110190017135427 0.072828863507529 0.707407007867089 -0.101021755932474
0.0418380496561871 -0.0155549531207715 0.769712884341933 -0.0494591960163966
0.00139097753409748 -0.0492594180602496 0.675273992463479 -0.00477904046856454
-0.0331589261976245 -0.0655342970688618 0.416593987839549 0.0200208752708499
-0.0452915981697608 -0.0823947550307095 0.103814466863752 -0.0438987907521515
-0.0366871917119244 -0.0900657054268055 -0.183277688054807 -0.0975041647671462
-0.0104151523184649 -0.0714775114555015 -0.431097219984853 -0.249896730551287
0.0169084491934535 -0.0249572855237973 -0.625088825257247 -0.311729437377696
-0.0119099206849142 0.00964049857373822 -0.720584176906747 -0.284592094573875
-0.084014191709506 -0.0434648981332385 -0.708023275943345 -0.146103820040821
-0.0413011352397255 -0.122727399335734 -0.602942375875943 -0.0689522603375307
0.0661760657300999 -0.0468700728487038 -0.29711604691095 -0.0501113174083584
0.0390336090141069 -0.0190340818930713 0.128774170906628 0.0533987477695498
-0.0383314700425473 -0.110851008752956 0.51234463961741 -0.0423661693986129
-0.0879362339246356 -0.0130778160982078 0.628637510988587 -0.130843110524573
-0.0416218730626872 0.0578250015819686 0.714818520105243 -0.024252260704614
0.00486168470274869 -0.0135912262657232 0.787930183757449 0.0149379157435159
-0.0314200821887703 -0.044017636241312 0.675792193688269 0.0162144253461171
-0.0622877026161133 -0.0592382283119252 0.393718710690631 0.00600223591550533
-0.0767632736134985 -0.0775901233714495 0.0735631996997509 -0.0725465475945934
-0.0697045013793629 -0.0874478970903046 -0.216221732335667 -0.122931813040635
-0.0517957975755378 -0.0751719715584319 -0.457956106531567 -0.249602370051677
-0.0249842635504966 -0.0385598276559992 -0.635915215698433 -0.269271117861546
-0.0338681244143063 -0.0117830126796295 -0.722350294057292 -0.203151743403108
-0.0876143902459922 -0.0396476136345507 -0.717053993475941 -0.0686913128955641
-0.0664456740152142 -0.104893936783391 -0.602110204642285 -0.0276855315545689
0.0261124057244301 -0.0462042423079597 -0.296776421824872 -0.0341872489318705
0.00272181874336585 -0.0110736886029162 0.126369873439442 0.055000613238418
-0.0443387768422865 -0.0843865545324128 0.529250138199275 -0.0161219617852744
-0.0763836983917325 -0.0125529671053436 0.636787584569184 -0.0702959708344705
-0.0552576968285224 0.0276070522816249 0.715631925923886 0.0741520166787244
-0.0306581406400511 -0.0233052296872907 0.792002929017607 0.101165241725528
-0.0625506584130019 -0.0389737385839856 0.662294039632955 0.0523924391946167
-0.0810618568269856 -0.0474679194807254 0.360054227898425 -0.000990939627503138
-0.0949101038561825 -0.0600624769541313 0.0336274553658339 -0.098288681975862
-0.0899648585526002 -0.0686997082042209 -0.259399220747412 -0.13923193021476
-0.081416754544117 -0.059204525188231 -0.499249295500463 -0.230860308961192
-0.0637945572847021 -0.0355297666418789 -0.657098236402035 -0.207909173836462
-0.0574461926327617 -0.0298785194992951 -0.721074287037425 -0.105473666245596
-0.0808134888393443 -0.037796102065714 -0.707153358825279 0.0192689817035652
-0.0769647123407202 -0.076496399601322 -0.593263146690433 0.0193773337721671
-0.0160514770183184 -0.0334641869958024 -0.284224081911455 -0.0187537230426649
-0.0366416361233107 -0.00807638302250829 0.135458095301232 0.0586243490890988
-0.0523847777393298 -0.0516517007034796 0.544758177822517 0.0224922060415683
-0.0500892806642444 -0.00373970404552708 0.64613881406302 0.00329754611443903
-0.0493706516579011 -0.0101587074070428 0.709689554110103 0.174061174561571
-0.0570707044466197 -0.0420750716186288 0.775463209457652 0.188670891647384
-0.0838131850606563 -0.0328126266275436 0.633706220181014 0.0946661861830246
-0.0868588506581862 -0.0291797031934885 0.319464904091239 -0.000803708126113463
-0.0964805021598308 -0.03278387688828 -0.00711480964843792 -0.115302164723621
-0.0938254467280297 -0.0383720099894687 -0.305425922536527 -0.142872748245369
-0.0952611521443793 -0.0300338724671848 -0.545482932513718 -0.19797292752803
-0.090402452438519 -0.0212669049345697 -0.681645355001165 -0.134531210393997
-0.0760521158768287 -0.0449927689990907 -0.713371996636319 -0.00626697835508982
-0.064333356595526 -0.0389701701656123 -0.690701290702893 0.106305579750637
-0.0727894829858722 -0.0446016242867824 -0.578117988945466 0.0671407516615418
-0.0519591033847596 -0.0131076387721971 -0.262870337009519 -0.00722035091286684
-0.070676369614777 -0.00421622079784044 0.154114554582805 0.0671304464528203
-0.0543188601598617 -0.0152068020369149 0.558169535311922 0.0618117169131158
-0.0119135810055217 0.00877220839418211 0.652481397673388 0.0846963102165221
-0.0304962617992394 -0.0459140225791807 0.703898571728598 0.266014696397003
-0.0714743188243749 -0.0577362675889575 0.745492082414602 0.26170075130627
-0.0931908464075061 -0.0200713341485939 0.591590433786499 0.13053765714898
-0.078146687452986 -0.00437833317742438 0.277119092420331 0.00546346790829211
-0.0814665200063392 0.000328574208426435 -0.0451206023251625 -0.123084674979652
-0.081278369579576 -0.0032574112271213 -0.348069967418207 -0.13426632231781
-0.0932725378128885 0.00288359295097116 -0.587423703595909 -0.152860921854344
-0.103504335587378 -0.00570536310585032 -0.697322665127537 -0.0558175177806032
-0.0836083558421102 -0.0605213048090515 -0.703732787342561 0.0815263113089933
-0.0372448282435342 -0.0419952279361299 -0.665987541297823 0.175198830634097
-0.0573086582432874 -0.0111059204127461 -0.558176463649929 0.1003977476529
-0.0798830645734543 0.0118703391014488 -0.234178335981387 -0.00106561364002234
-0.0912229201765066 0.00460891602683468 0.180710009999448 0.0786065349880591
-0.0417963179272912 0.0204052646602647 0.565363001883541 0.0924410998889156
0.0343858897457702 0.0171749982493085 0.663060562961901 0.149334628115022
-0.00826693202779911 -0.0729414034175589 0.699499585210333 0.326009793798571
-0.0736934528600739 -0.058937194741928 0.705790984463899 0.308921617356249
-0.0840904829188137 0.0037200733147319 0.545003439528342 0.162233154949564
-0.0549831261685116 0.0255357624099633 0.239850668267613 0.0199672057880208
-0.0517340909098295 0.0348328553060786 -0.0725185273456566 -0.119522660499754
-0.0547276365557721 0.0306939989584247 -0.379257200228556 -0.114361012662797
-0.0778797535173546 0.0310020844974276 -0.618409827787715 -0.107665686336175
-0.103845376546781 0.00323196530196299 -0.709593272968082 0.00920576555515424
-0.0778428830934437 -0.080472032436579 -0.694578953521271 0.143423943441699
-0.00124340273757592 -0.0454980039067176 -0.643507580272493 0.222048274187912
-0.0372776494893295 0.0202307260445838 -0.540141031996295 0.120589644562908
-0.0976156483100929 0.0307811728055927 -0.20578081746954 -0.00165505019490725
-0.0944840497754888 0.0199058749650714 0.210903275218904 0.0875419955331995
-0.0125238206563442 0.0469550190232965 0.571357336735328 0.114261184510488
0.0785089599490172 0.0167412430899743 0.680541530314299 0.187580396766138
0.0084436287942071 -0.0840928162233181 0.697937024774565 0.346268276398103
-0.0631548348098948 -0.0425632339397897 0.668768741653058 0.328911432486719
-0.0585875840451554 0.033497782881883 0.506316901685073 0.187832293530533
-0.0200247427786477 0.0542607083424717 0.215852463801445 0.0410942138415068
-0.0118220930970793 0.0642750828145704 -0.0861486673203102 -0.106611921285307
-0.0188770088793295 0.0562009512844307 -0.395608905690988 -0.0917304188028523
-0.0534589441943967 0.0487063254485684 -0.639985820112965 -0.0691233403758094
-0.0917214001812412 0.000537555653543149 -0.724187238080631 0.0527244368252081
-0.0563238917637235 -0.104518131542381 -0.69524553504686 0.173189098086759
0.039776991709363 -0.0457029263998412 -0.628442526795472 0.23806605341598
-0.0180887142391414 0.0471619658610573 -0.525065611026709 0.126868508183377
-0.103831436535796 0.0412063319188724 -0.179701024166604 -0.00531873318669547
0.0840577468397185 -0.0376582929485412 0.160622347820091 0.0464971660396552
-0.0311905867640339 -0.124340884563989 0.502728950600586 -0.0786130598809073
-0.0574825690667835 4.89988449223558E-06 0.63912592322001 -0.212788646852581
0.0269959014561959 0.0683174518518079 0.705849528509404 -0.157125068276051
0.0740757645802156 -0.0266960206829394 0.752181498415542 -0.0822010228685981
0.0329168182241176 -0.052662864378385 0.674680625719819 -0.0059321265389652
0.00215390129707857 -0.0639884105653772 0.429289493553207 0.0400490732883572
-0.00549495892275691 -0.0742997567269782 0.121940349614087 -0.0150880164194562
0.00427522885962697 -0.0768611320142937 -0.170453648897267 -0.0679612327318256
0.0340333200211144 -0.05185332176659 -0.431573294174785 -0.239848895805046
0.0538189496254003 -0.000231824786817228 -0.640773500181073 -0.334146956247833
0.00471686914898321 0.0280426608719931 -0.728463774200091 -0.343102863806571
-0.070093535720078 -0.0497094897154862 -0.697807677867329 -0.193926215682001
-0.00642990912252913 -0.127495297871589 -0.604602633878944 -0.0882469301450839
0.0995420055673348 -0.036091935339703 -0.289773381784545 -0.0580226291435878
0.067685452299347 -0.0294366130994227 0.141365462323382 0.0529608612247213
-0.0368024886793714 -0.126096795162683 0.505611806445181 -0.0653575190704018
-0.0825025778690629 -0.00600067431474832 0.633821439067224 -0.182274935554979
-0.0102842583631978 0.073005108751528 0.714565860900993 -0.105826741396374
0.0425931933307329 -0.015744481113468 0.776927661201798 -0.0518852263125001
0.00102793590847877 -0.0498314621105853 0.682740882839646 -0.00568576516028513
-0.0342551526591782 -0.0659442413146455 0.419653413812319 0.0181082995395823
-0.0465455377515538 -0.0830862833875251 0.105175599391761 -0.0445412395891121
-0.0376084815763422 -0.0912349949342166 -0.185289325488215 -0.097309469748504
-0.0100308859765229 -0.0726215549089696 -0.435190542312666 -0.250856402885715
0.0173200067438499 -0.0254472786223488 -0.630404789231644 -0.31369760336585
-0.0121044771898068 0.00985451344577481 -0.727281654297015 -0.285765424173316
-0.0859333515510325 -0.0441795401350569 -0.715989186175415 -0.145945620334199
-0.0417072666128665 -0.124450936673496 -0.611766091475775 -0.0673209583112872
0.0670250610163868 -0.0463792157250859 -0.299594166712664 -0.0498683899479109
0.0401788184397902 -0.0185002370456583 0.130187431008059 0.0546314664457278
-0.0392951120856545 -0.112422972184893 0.516738717277434 -0.045553654031898
-0.0889552388038527 -0.0127445558916214 0.634800663275773 -0.136572802799872
-0.0418664633564473 0.0588435285081081 0.72228813195258 -0.0257833995371017
0.00479578114474461 -0.0130897594443118 0.794763848576802 0.0147872266676796
-0.0317232862867485 -0.0447796175156165 0.683277734908423 0.0137835770755075
-0.0632971534432135 -0.060257291891572 0.396791035688801 0.00439999189636514
-0.0780220767611622 -0.0781307067369398 0.0737098030670976 -0.0738450822804623
-0.0715803437574943 -0.0883531302071943 -0.217239333153292 -0.123159671314016
-0.0523402225383494 -0.0755636439192853 -0.462367279335477 -0.249770097177106
-0.0250781844974372 -0.0389023055720476 -0.643247386645255 -0.271544250518343
-0.0342487103066831 -0.0123545250340796 -0.729346822223007 -0.202749199097435
-0.0892089248300851 -0.0399259413642909 -0.723888461565845 -0.0663442239515164
-0.0676224241150152 -0.105665445030383 -0.609950783613239 -0.0271620393646003
0.0263612720146059 -0.0470508749319779 -0.300473457811125 -0.0338173886275229
0.00368585106750018 -0.0109091855853934 0.127407179288074 0.0542933780326856
-0.0446906578213891 -0.0858180160498553 0.533285617998884 -0.0188108325288484
-0.0769752690044925 -0.0124399809842256 0.6421332712956 -0.0733495994513946
-0.0559268442556766 0.0279716753002149 0.722226984809946 0.0715256444041071
-0.0313963824540854 -0.0239367401931214 0.79729965473996 0.0988766028685906
-0.0627810460651126 -0.0398348016378781 0.66898614898808 0.0520793104129013
-0.0823878235025183 -0.0480385560481655 0.363689650186041 -0.00283622207946789
-0.0966854048550004 -0.0598594343993108 0.0339667276077531 -0.0990767909358964
-0.091593425075526 -0.0695516450805268 -0.261652164477054 -0.139345747382016
-0.0831009494986362 -0.0592976670086069 -0.50526148696401 -0.231528331749435
-0.0642064265735008 -0.0353996436912246 -0.663853717366135 -0.207968583120699
-0.0584334824321934 -0.0305135913428352 -0.727814480397682 -0.102705784406286
-0.0822682573736593 -0.0387030106580368 -0.714742535875841 0.0205303488434437
-0.0779643247833752 -0.0770155632885218 -0.600934204307165 0.0228508844732466
-0.0162370816411575 -0.0340666665491316 -0.286853893272451 -0.0182066243752491
-0.0356557424712996 -0.00756316626349511 0.137150291790684 0.0586242737919603
-0.0528028762388795 -0.0524892365504014 0.550609174697452 0.0202192853907139
-0.0502470321892549 -0.00356575054992111 0.65133635724382 0.00183301663462789
-0.0501953104012759 -0.00966660170892562 0.71554140336898 0.17210456055715
-0.0576831964038057 -0.0424252440875587 0.781838473225679 0.187949158847535
-0.0849450014352457 -0.0329475063021746 0.639598847014297 0.0933156661868622
-0.0878957003756078 -0.0293132658806276 0.322730384801728 -0.00184288639905105
-0.0976412195680146 -0.032371723028217 -0.00820895473302848 -0.116459104931404
-0.094908187924426 -0.0388355068084212 -0.308061323463655 -0.142104265749618
-0.0968587884865308 -0.0299964339876303 -0.550613109549435 -0.198383384108778
-0.0912946049997378 -0.0213985934000254 -0.687403151008349 -0.132434282448587
-0.0765574582839366 -0.0452743712133789 -0.719782826262419 -0.0042696716386151
-0.0655127314699861 -0.0389768231390538 -0.696421974070109 0.109930042831865
-0.0736873211340551 -0.0440355548951573 -0.582783573791563 0.0698698452897459
-0.0521248849511798 -0.0122340587444295 -0.265073362186666 -0.00644784340681671
-0.070139975247653 -0.00391998777385455 0.156084647096949 0.0674741815617071
-0.0549077309225486 -0.0151941173686178 0.561882164745342 0.0590749228883394
-0.0119562396530921 0.00861592062202574 0.658976374870715 0.0831435931029602
-0.0305203387971541 -0.0459822304663451 0.711117672039934 0.265814833846744
-0.0728065648695705 -0.0574187648849325 0.752687500743063 0.262419468816757
-0.0937156172520159 -0.0198161728911963 0.596407738887809 0.130524608175529
-0.0793630501696724 -0.00432757533032046 0.279392252883806 0.00503720097707802
-0.0819616375889276 0.00100480134395287 -0.0462849471946976 -0.123748903004851
-0.0823605245297203 -0.0032329115490545 -0.350970359485749 -0.133131921683203
-0.0942890440283091 0.00335375576787625 -0.591810601471381 -0.153004888670871
-0.10449320129913 -0.00508223624261984 -0.704185094199035 -0.0546887121191306
-0.0850347300714702 -0.0605705554374608 -0.710748772596898 0.0838191891935653
-0.0382592523873978 -0.0425092156329755 -0.670405188959454 0.180637555761083
-0.0585414267913005 -0.0111009168632301 -0.56338598729123 0.104581640187468
-0.0806743961653249 0.0121845600332011 -0.236722501560338 -0.00056041642074668
-0.0920345690109673 0.00533070492131077 0.182817689965815 0.0797442204845108
-0.042371055906724 0.0203789770406632 0.569674909183689 0.092580941008846
0.0348965672391635 0.0171259054537038 0.670184113258621 0.148883227297914
-0.00898239094045143 -0.0734360929470781 0.705400592059192 0.327369429342565
-0.0746920524677237 -0.0584009643370037 0.713627646352834 0.310240515783219
-0.0855881996734787 0.00326945536073048 0.551665145414556 0.161686515779346
-0.0555709799749843 0.0252855890347682 0.241424514905162 0.0189748822855253
-0.0519429675509692 0.0351795967012056 -0.0738984823209206 -0.120987865249984
-0.0542402932039257 0.0307741439996883 -0.382303446985126 -0.113956560287743
-0.0777814044440041 0.0310458163453609 -0.623766250489511 -0.106576919991062
-0.104935495310506 0.00351620795253755 -0.717877971928981 0.0124809594036541
-0.0790279861463903 -0.080776466454398 -0.701847860338642 0.148843756760736
-0.00140488391851032 -0.0460993426293154 -0.650085191499627 0.226630237381337
-0.0371167281905163 0.021329904772539 -0.547009363978842 0.124546404238933
-0.0989665433618011 0.0318077714659291 -0.206616602042023 -0.00119409452611155
-0.0952197087835829 0.0191590649144434 0.212068261993794 0.0886773875107916
-0.0127038530788939 0.0472285320659625 0.578792445596651 0.113568682187307
0.0790492910230896 0.0166557207584874 0.686428731840378 0.188136444067753
0.00824160816951057 -0.0848141851180199 0.705921846480899 0.347993946702928
-0.0638170947521169 -0.0422893303756091 0.676688740624241 0.331212277186407
-0.059400732624956 0.0339247661512067 0.510420223231451 0.187883107400291
-0.0203720905539887 0.0550601313264421 0.218009926686033 0.0403660152721031
-0.0112791743794324 0.0651696138320351 -0.0882975221931846 -0.107816411811076
-0.0195266818597024 0.0565033946868892 -0.400295520235648 -0.0911339117970735
-0.0538764121893876 0.0498125449801925 -0.644209349610929 -0.0654421365024156
-0.0922881433537878 0.000905590085815481 -0.731230372840116 0.0557051727881179
-0.0580434188543441 -0.105255196625717 -0.70175215001889 0.178918544103259
0.0401984962340544 -0.0468283827241708 -0.634758221171761 0.24130285709445
-0.0179670217317439 0.0483411065013236 -0.530380346048706 0.130258331001712
-0.105531660744727 0.0419231160902966 -0.180811165991099 -0.0056330598710404
0.0855001033382738 -0.0384023626464456 0.162194510943322 0.0468763319694461
-0.0322980730685098 -0.125755451313972 0.506696314486644 -0.0819657347108384
-0.0583201381878162 -0.000228718591837363 0.645414691527988 -0.219146048304057
0.0284625177151067 0.0688611329518333 0.711823632292697 -0.162291746454103
0.0742136160415023 -0.0271291024900202 0.758510922405665 -0.0857803631210226
0.0326633664268323 -0.0530153347799323 0.680583162404952 -0.00905987342838685
0.00144000467693621 -0.0647146509086324 0.432857272757051 0.036914300136953
-0.00606995273867937 -0.075392379386458 0.122354225830125 -0.0155265592486756
0.0037632162627072 -0.0788245208654298 -0.17150017746899 -0.0665229961541231
0.034307458448334 -0.0529401191721183 -0.436600463662575 -0.239375244067579
0.0549888209724144 -0.000488003148780627 -0.646933130738667 -0.337255232052499
0.00482669723267205 0.0289070650682303 -0.736872819910076 -0.343993919328299
-0.0715702564177256 -0.0503029813853245 -0.704790463989424 -0.192418208281763
-0.00714483078116339 -0.127829165261315 -0.610299271966085 -0.087180076538325
0.100776122793156 -0.0372525655464826 -0.293180789539773 -0.0571786729243054
0.069399371580422 -0.0295055996635111 0.14339266662563 0.0525659301239145
-0.0385391459853104 -0.127787812037593 0.51098025651421 -0.0682634787402504
-0.0829335955713163 -0.00614809375220635 0.637351170936234 -0.188421213670769
-0.00999958490733325 0.0741572817368943 0.720263134994324 -0.110847722736074
0.0434440815322237 -0.0167451780287483 0.784082870589596 -0.0542475906472595
0.000878529881976212 -0.0510664632716581 0.688572359325437 -0.0109098476115266
-0.03503746748897 -0.066577483836396 0.423057859963312 0.0153178340136297
-0.0471900362826374 -0.0835554809468912 0.105083237150156 -0.044862253211449
-0.0385438359205795 -0.0917000471106816 -0.18687568129633 -0.0967989220337794
-0.0114192361801278 -0.0742765591296356 -0.441693203566007 -0.250839293218098
0.0174808010869135 -0.0262058124025929 -0.638320985784101 -0.312109540384631
-0.0124546710959369 0.0104231968089196 -0.735358945562529 -0.284774752464802
-0.0871787243588174 -0.0446313128821186 -0.724113001007129 -0.143465936836655
-0.0435704015112395 -0.124898172361473 -0.616473905777052 -0.0636152740275117
0.0681392135537208 -0.0479199712342924 -0.303648539019791 -0.0486488159051824
0.041013142447672 -0.0187108098847337 0.130673394121779 0.0539222243847618
-0.0405278100253383 -0.113594409285391 0.521500549925481 -0.0479054811325482
-0.0897638368118549 -0.01269077607641 0.640329793705987 -0.14251602553282
-0.0420104597183174 0.0598105211108303 0.726827870058739 -0.0308412825999838
0.00457242768392016 -0.013372418975569 0.8021155608996 0.00964102197748232
-0.0326229805805806 -0.0451530102431701 0.690701933126449 0.0109856423215683
-0.0646045866148377 -0.0609557964457389 0.400339598661196 0.000795845175337438
-0.0792694505424366 -0.0786947751631617 0.0731969584663733 -0.0744394657946669
-0.0730046378179253 -0.089040621289338 -0.220182541259159 -0.122561092761923
-0.0526606529130918 -0.0764918939087992 -0.468448421956705 -0.249531806707108
-0.0254761025370038 -0.0393829336366775 -0.650432038457641 -0.270937774116338
-0.0349265698111785 -0.0125344797391552 -0.739162543360558 -0.199119150172337
-0.0898150449904853 -0.0400413482980644 -0.730265387569097 -0.0653479594071875
-0.0682386421880779 -0.105223229122595 -0.616498782910638 -0.0249035010504922
0.0264937488898667 -0.0468205039312936 -0.302700608339909 -0.03244751955049
0.00434717422247715 -0.010816221015096 0.12865489604852 0.0550999737677026
-0.0463985615689832 -0.0872140884511874 0.538785616971191 -0.0209698975569872
-0.0781134689453501 -0.012473221068832 0.648141856977653 -0.0789589395058476
-0.0567936181698018 0.0293469292671391 0.730115761692227 0.0688834024746379
-0.0316684828536109 -0.0232678975313179 0.806653758819885 0.096815208356018
-0.0634855863629692 -0.0394830367512414 0.676410689320089 0.047213684910887
-0.0833494901570331 -0.0482123490780464 0.366702659168492 -0.00483081815551512
-0.097143755475666 -0.0604952348731951 0.0327579094754317 -0.099548134333621
-0.093367699014125 -0.069634705477291 -0.264193314467948 -0.139336875128931
-0.0844591203419449 -0.0596437261557974 -0.511530892166349 -0.2302094444878
-0.0649151420694955 -0.0348001048424332 -0.67122771272912 -0.206713071047243
-0.0599428673479276 -0.0321263233059335 -0.737045774256201 -0.101073572061033
-0.0837878193409133 -0.0391264025109822 -0.72257389881035 0.0269932337616308
-0.0787283865561181 -0.0769467190631685 -0.607861583902642 0.0242993104854552
-0.0155086814859236 -0.0342027487934235 -0.289481017798045 -0.0169056758897199
-0.0351969923078733 -0.00717060936464122 0.137698795384134 0.0591859994131354
-0.0540524048462421 -0.052829106861692 0.555083998474473 0.0183316998134978
-0.0507549153723377 -0.00372972766553732 0.657847808455889 -0.00327349357575622
-0.0508047863125329 -0.00908203002508664 0.722915179709631 0.170365829040962
-0.059152128215463 -0.0423035081856835 0.790573615472638 0.184993523881313
-0.0863633073827655 -0.0329332464254624 0.646315710505972 0.0893062766311309
-0.0896887358949211 -0.029360757563142 0.325088039872277 -0.00367304925907379
-0.0985961629078074 -0.0321492132257158 -0.00972392703690629 -0.117116497124225
-0.0965791389924244 -0.0387534489075385 -0.310805875167114 -0.142326767607825
-0.0976997497260388 -0.0299307966752504 -0.556813483296707 -0.196944586898741
-0.0924812559927556 -0.021237139456617 -0.695733407684735 -0.131069201240487
-0.078317106323911 -0.0453394976598395 -0.728814526359874 -0.000150569236138613
-0.0664697842943515 -0.0396670503549557 -0.702984893262841 0.114828492559563
-0.0744195927487714 -0.0439311837173708 -0.589486586941145 0.0727378342411107
-0.0527245439011751 -0.0122567660874936 -0.266819178067798 -0.00399936605509195
-0.0705400871772325 -0.00303483551390055 0.156797947828257 0.068010143925897
-0.0569288994644275 -0.0160048895507415 0.568405399669168 0.0579225846087423
-0.0114039440409154 0.00896663465117627 0.666119240318782 0.078141618608246
-0.0309109244836016 -0.0462477516086386 0.718638846003952 0.263973109557861
-0.0738727247937094 -0.0574394282576283 0.76270825747876 0.262075570043519
-0.0942900864494489 -0.019722190813548 0.603005440741435 0.128317646734631
-0.0797104749021832 -0.00398500356050647 0.282119773469363 0.00330055855940218
-0.0832596193999432 0.0014007941666188 -0.0476810225327546 -0.124845231618339
-0.0827138351896254 -0.00270442358052645 -0.354330826518601 -0.132405945788198
-0.0959382124084652 0.00406345001478501 -0.597606170283497 -0.15156276491996
-0.105642091598605 -0.00469409532901547 -0.710600289340787 -0.052874645253093
-0.0868345663847624 -0.060394351103434 -0.716483165804798 0.0873659411417977
-0.0394043990497416 -0.0429357959075246 -0.676803521387031 0.185202839382769
-0.0590477475685303 -0.0100597616194308 -0.56836067761222 0.108460784311947
-0.0811394480493308 0.0133194239564072 -0.238864536624316 0.00102044624652611
-0.0926711740922355 0.00605074738117308 0.184733952417801 0.0796129613500571
-0.0434674268939875 0.0208429481647673 0.57774813578952 0.091512603098704
0.0350554769585001 0.0167205880064871 0.677541466940949 0.145104151078534
-0.00931547670801445 -0.07403771891627 0.713603020147305 0.325756550676958
-0.0761199415984872 -0.0589146664582015 0.723018439099645 0.309142678431533
-0.0865705675227938 0.00383476929916311 0.557801254529133 0.160384232153092
-0.0560018181393995 0.0252231629350434 0.244187171320684 0.0178775151497013
-0.0515048101418325 0.0358962816772921 -0.0760216413700574 -0.12110624346155
-0.0562377171423279 0.0311855867567916 -0.386292394438397 -0.112463363456157
-0.0790296345712652 0.0325860557800268 -0.629947869506851 -0.103300764163138
-0.104979706375682 0.00414786960438697 -0.72376858126919 0.0148704002316758
-0.0809616947025241 -0.0811661241176368 -0.705276183052331 0.153475291091069
-0.0023867954443119 -0.0463776110549567 -0.655328733515092 0.232302253286798
-0.0376804992330926 0.0221187210725906 -0.551911855222336 0.129590217271849
-0.0996398802808762 0.0324533041575224 -0.209635166834592 -7.08157160927232E-05
-0.0953657115276318 0.0203406762480853 0.214629937749804 0.0885878372988888
-0.012224421268801 0.0474582671543519 0.582605243107511 0.112979138242342
0.0802070584615781 0.0154454771350759 0.692546116949447 0.184569920417307
0.00785476702128513 -0.086041134724795 0.713093341466791 0.34591298345006
-0.0648226585084398 -0.0415722693448155 0.685107339031274 0.334381750907124
-0.0589670219996529 0.0351829935417416 0.517006655841206 0.186744912329135
-0.020071359346588 0.0556234767144199 0.220475990990287 0.0397844831553932
-0.0114126140041238 0.0652900362857599 -0.0893160035528741 -0.107711497721066
-0.0185580626417216 0.0574170762264276 -0.403516218311392 -0.0889511410927206
-0.0546014296872728 0.0496206357148609 -0.651933029342677 -0.0621425016192792
-0.0931732401975721 0.00183841423261004 -0.737963552669011 0.0609173304575173
-0.0593230281811596 -0.106424957098994 -0.707535607478137 0.183717889031756
0.0404524342943946 -0.0471147707495129 -0.640055489660945 0.248531960710991
-0.0179630011472929 0.0490786635431759 -0.533893248577189 0.134888859683303
-0.106355267967286 0.043068369790538 -0.182970982919769 -0.0041020616568897
0.0871220025638426 -0.0392537222360186 0.163697523018362 0.0470075926266206
-0.0342066859177606 -0.127348655662884 0.511942751688398 -0.0869252037649461
-0.058556030493091 1.9101218169594E-05 0.647263650742247 -0.227277275091505
0.029420217990769 0.0693218600932231 0.71904315501345 -0.170715862103291
0.0750251030324745 -0.0276697170182417 0.764825114473092 -0.0926813979242843
0.0323271140429685 -0.0543740862623879 0.688137939924399 -0.0154492603515093
0.000686873659485058 -0.066131589421436 0.436600658810397 0.0341040462375053
-0.00700355340145939 -0.0768926772927672 0.123887217529654 -0.015872771633891
0.00249422553724971 -0.0798166537646777 -0.172401720571777 -0.0661021802512909
0.034707172620544 -0.0540713060222861 -0.443128478213696 -0.239186339938572
0.0561495487504566 -0.000795341828748256 -0.655495310078075 -0.334224823695195
0.00517094699777123 0.0292360121069619 -0.745523367904042 -0.340653400387868
-0.0728604505069087 -0.0504850928550846 -0.713887053653404 -0.190214891266632
-0.00836750309495046 -0.129429536439259 -0.617598412728407 -0.0842163971608926
0.101274577320036 -0.0388183929704143 -0.296260148808161 -0.0549108738177795
0.0708328370432918 -0.0304008912607643 0.145279732411599 0.0525181588704199
-0.0395678061996383 -0.129088260896215 0.514859800471644 -0.0737149532103081
-0.0838297277593725 -0.0061084066147212 0.643111055594653 -0.195629794707245
-0.009712407320167 0.0751037986178602 0.726886094564453 -0.117808288518417
0.0438072710480156 -0.0166704468385064 0.79096172220234 -0.0603941910928362
0.000103645481599566 -0.0515507350201283 0.693341412251569 -0.0156332364630961
-0.0360748744029306 -0.0679755217978235 0.426897385020287 0.0120737422783887
-0.049360667844309 -0.0841572880888419 0.10523231793731 -0.0450343655525316
-0.0403212860012044 -0.0936940588573511 -0.189335376896449 -0.0961795892483368
-0.0113043807316501 -0.0750182614922641 -0.446233271545434 -0.251032527116708
0.0180237424787197 -0.026863793680536 -0.646173633416643 -0.311251323819295
-0.0123400520909341 0.009312790989931 -0.744679761141705 -0.280972387326434
-0.0886206457907059 -0.0443255410471 -0.730904119678738 -0.140130172580956
-0.0440686708310714 -0.12499891654022 -0.623608024677123 -0.0619944584167426
0.0682983918553902 -0.0487210136185549 -0.30585633798375 -0.046868428868343
0.0427135323229788 -0.0194056642271026 0.132655221737474 0.0548547835431037
-0.0421833596798451 -0.114933874517005 0.526832622140681 -0.0523067546079468
-0.0910964639060356 -0.0127663902405429 0.64452438256972 -0.149133551757119
-0.0416364041957958 0.0610759196943004 0.731390541372192 -0.0360891602422958
0.00506513816686096 -0.013125203189746 0.810455937518262 0.00441980088546797
-0.0335367605098252 -0.0452580049938033 0.696165370885596 0.00437493855627357
-0.0657042671835502 -0.0613222051723541 0.404156241857393 -0.00158938998961202
-0.0806883145777092 -0.0785637022850001 0.0726351785268224 -0.075315408569826
-0.0747752103911816 -0.0894601897879843 -0.223187057047292 -0.12195461106746
-0.0548677418922392 -0.0772720433318261 -0.47372572519566 -0.248189792411186
-0.0254372028076137 -0.0392558981713785 -0.657645897902661 -0.267692216615025
-0.0356626292998523 -0.0125723150823301 -0.746104661440882 -0.195525696955808
-0.0927472178711778 -0.0401423248416555 -0.737585298342647 -0.0605157067286569
-0.0695889364010322 -0.105885813599561 -0.622076695367405 -0.0198655382436004
0.0264589808131461 -0.0477584883704815 -0.30603102289454 -0.0310837169560803
0.00506677662094992 -0.0105354203946584 0.13030814927395 0.055463829378039
-0.0464906033450194 -0.0879900796777672 0.543780290548572 -0.0252140918124402
-0.0784766563878892 -0.0122090902334203 0.655336830013468 -0.0842487784413432
-0.0562969351498242 0.029961830075722 0.73652130876809 0.0625423303646285
-0.0328538320900721 -0.0230857446040848 0.813279257092307 0.0923069991436636
-0.0647796721967213 -0.0402470928430845 0.682727350576339 0.0433696304741394
-0.0857694067916489 -0.0479248481480878 0.369728808430867 -0.0087418978584329
-0.0988688086935034 -0.0595698231203894 0.0317388376618832 -0.100798935073996
-0.0943677593572001 -0.0701545858612964 -0.266886135721787 -0.13857897358639
-0.0852545759054128 -0.0608731327339883 -0.518052192262612 -0.230435541302821
-0.0649817748065836 -0.0354282834704626 -0.679552608490051 -0.204866958008396
-0.0608889412006648 -0.0317284566652494 -0.744570227832538 -0.0956514394126685
-0.0849702669555604 -0.0390764875926297 -0.727433951822972 0.0338884785453545
-0.0798490226857407 -0.0766595072216899 -0.611672794914941 0.0290536585796434
-0.015820380530795 -0.0347505429453955 -0.293068475563752 -0.0155441707006682
-0.0354580955273795 -0.00671045556748175 0.139665781069263 0.0583563473793733
-0.0554233011632628 -0.0531349553676887 0.55919630571815 0.0139817079224643
-0.051663250800705 -0.00356914382332893 0.662502696766651 -0.00744677903329133
-0.0509588962042395 -0.00842235762253842 0.731310692877341 0.167803234018578
-0.0602858327746007 -0.0416965354276242 0.799418085194733 0.180959725762277
-0.0871911168487239 -0.0333709569944207 0.653907727776275 0.0865970391004013
-0.0906821704576397 -0.0292449859102088 0.328382198434122 -0.00585500080806983
-0.0998780826337778 -0.0319939057549538 -0.0106434296769895 -0.118316680539585
-0.0980084893639113 -0.0387119358378881 -0.314327101244215 -0.140213743503341
-0.0989113805660036 -0.0292333961920443 -0.564387743042507 -0.194338085955506
-0.0934938178492829 -0.0197273617273739 -0.702569371098995 -0.129173748590179
-0.0802851278167635 -0.0456832456473031 -0.735202503365884 0.00613924561805421
-0.0682252417707658 -0.0405287703239863 -0.709275632988229 0.121992021305507
-0.076027278028649 -0.0439405417251226 -0.59498078248397 0.0785797323501085
-0.0528128258878763 -0.0118689182500169 -0.270395532243898 -0.00343616920798111
-0.0712668369289154 -0.00261945467461653 0.158750233073724 0.0678766208505987
-0.0573148851833893 -0.0155860647056584 0.573187638522649 0.0526556793454868
-0.0115354388847386 0.00935424891254311 0.673051716670303 0.0743661502337875
-0.032308899091631 -0.0459086157078547 0.726825277828782 0.261570395088648
-0.074801236240721 -0.0571796192081904 0.771142935486683 0.260104599779234
-0.0958675240673819 -0.019214767480142 0.611169067800243 0.125480104197537
-0.0812940880279604 -0.00411938502365409 0.283967112978628 -8.09790370969565E-05
-0.0836656532460712 0.00151270975264909 -0.0495096786789868 -0.125900816440462
-0.084784136024559 -0.00195117641203275 -0.357128600510332 -0.130609581675288
-0.0949867712406828 0.0040211660525178 -0.60568591410583 -0.147206738557199
-0.106321884343324 -0.00340885871083786 -0.716609640418848 -0.0468700354236427
-0.0884455378897902 -0.0613516248993146 -0.723435536162505 0.09664477403977
-0.0397260817321233 -0.0429408853021164 -0.682712093725232 0.192358298787796
-0.0595373421137898 -0.00902182066908067 -0.574047660310224 0.113466273410326
-0.081081048027047 0.0124522087416923 -0.240691362584973 0.00238598889318151
-0.0922419020183964 0.00654022496324682 0.186603471255268 0.0792077262514619
-0.0437895463788846 0.0211202097574107 0.580928647990148 0.086553790555655
0.0355424184751086 0.0165988073673639 0.684562319477762 0.142434303229692
-0.0101901370564598 -0.0741434675593846 0.722930964018201 0.323521749065986
-0.0775551272727674 -0.0585806956042465 0.731830320639839 0.30859724467309
-0.0868511171499583 0.00432536063719591 0.563470164418797 0.157591230731511
-0.0564948949518638 0.0262049284373306 0.24569106216975 0.0155984873184436
-0.0519605274169132 0.0362419785369328 -0.0778623052992765 -0.121652037830404
-0.0568155833447316 0.0318473288730049 -0.390681707768909 -0.111366899309398
-0.0800492943368822 0.0335107157820566 -0.637294095777599 -0.099610105443719
-0.106359101211036 0.00579479817773372 -0.730844773359688 0.0210142183246492
-0.0830191420086023 -0.0825583109924955 -0.712052462436028 0.159964232465487
-0.00292690656642572 -0.0478214148856839 -0.660386171310494 0.239306215587932
-0.0386046482316965 0.0229071175250703 -0.554837405204136 0.134732486726586
-0.100662108119453 0.032948431344475 -0.211358821174625 0.00106629833089922
-0.0957583488209482 0.0210140169152701 0.217376786839949 0.088119058839562
-0.0133583573455654 0.0477093785546826 0.589289142952134 0.108646919469082
0.0812129651564071 0.0153353461288103 0.700919532300845 0.181410590589713
0.00675498483064301 -0.086589165059817 0.719939719255638 0.344750126187554
-0.066262592622911 -0.0414088570844704 0.692345938297192 0.330250644161971
-0.0607189286215334 0.035117936350358 0.524141660387473 0.184700750542469
-0.0199165504154423 0.0560295517300167 0.22273732327907 0.0382124058448072
-0.0099234286319696 0.0657533757439804 -0.091030180950116 -0.108639254679469
-0.0196296587196019 0.0582769330508359 -0.407373409138567 -0.086698192215214
-0.0543531178566085 0.0507828452916399 -0.659091248182884 -0.0588522301143457
-0.0941478786806939 0.00291644642366859 -0.743240231821932 0.0652656105043188
-0.0611214097931167 -0.107547537689631 -0.711745255677455 0.190508459274635
0.0403716893865613 -0.047954333640082 -0.643144838879635 0.254839100218092
-0.0174498417029059 0.0501103215304731 -0.539290761292065 0.137920984236092
-0.106802562708227 0.0439374614385878 -0.184563981923747 -0.00326912542130593
0.088823057739662 -0.0402663296729171 0.165909800506761 0.0461685889187878
-0.0358158385168661 -0.129053890647027 0.51543039312409 -0.0922885219620933
-0.059502683647577 -2.2417341129617E-05 0.651896955081603 -0.236317173709548
0.0306202869319321 0.0705079866081657 0.723383497899548 -0.178517162280983
0.0761844121957537 -0.0286216303435126 0.771655141867962 -0.100700016952179
0.0319059540045647 -0.0555456051009811 0.695398145486601 -0.0204840473329065
-0.000663451829751119 -0.0671925953711354 0.441315122161107 0.0309046048452501
-0.00808119631897329 -0.0776659707238767 0.124756406937202 -0.016791188417221
0.00164653696587748 -0.0803789048094324 -0.174493279982279 -0.0653295795645787
0.0338563741763568 -0.054973333541631 -0.448473370207922 -0.23710109667875
0.0567295522074924 -0.00139450976526297 -0.663721738857521 -0.33263355448315
0.00521831276002921 0.028579055981118 -0.755293818546558 -0.338459584903731
-0.0749902087098855 -0.0507879335187789 -0.720516803491682 -0.186056869784426
-0.00834172031479469 -0.129430856007849 -0.624621285426862 -0.0805344181821977
0.102869499657622 -0.0390570019162256 -0.299239470026391 -0.0529310748821206
0.0714011581605376 -0.0309891609558078 0.146111684062707 0.0514093909583732
-0.0409420958912315 -0.13067712765136 0.519693454393717 -0.0789117307867813
-0.085454703842084 -0.00634058803101151 0.646676324573794 -0.205887653484199
-0.0086659642709296 0.0763534121198076 0.732260651589441 -0.128313170043711
0.0439263277063974 -0.0168409221190937 0.79717699607695 -0.070128192127354
-0.000306576791200815 -0.0523504009526858 0.701450387388356 -0.0216761654492861
-0.0375715507526033 -0.0683289536647173 0.430219270110016 0.00823327609712774
-0.0500165706918217 -0.085017156987372 0.105005295926312 -0.0466917187487402
-0.0420316672583278 -0.0944732266424263 -0.190518920370644 -0.0957077502585837
-0.0127266409576255 -0.0762930765643074 -0.452648515665359 -0.247895726028047
0.0177632781923382 -0.0270986313922473 -0.65382376680182 -0.308887840358668
-0.0132013075430445 0.00956561953331517 -0.753255656752124 -0.277515768453604
-0.0912115465064724 -0.0444765602956243 -0.738458739954799 -0.133069933547341
-0.044954023302667 -0.125673284903039 -0.62981798351014 -0.057899352725858
0.0692068772799689 -0.0498225580298614 -0.309638970968251 -0.0443305225506836
0.0429085131957434 -0.0196085781991784 0.134270167050051 0.0536276865130504
-0.0436575736376243 -0.116176457216887 0.53054734200928 -0.0572547270848731
-0.0916206841984161 -0.0126489508194652 0.649864622089175 -0.157643130597
-0.0417372341963882 0.0624131714182273 0.739220136849888 -0.044241729897305
0.0044006715275927 -0.0133972337477014 0.816959131107373 -0.00470681491489914
-0.0344602374421282 -0.0462289086196867 0.699959053018051 -3.31087425960998E-05
-0.067926244317712 -0.061501977218699 0.407119040673186 -0.00665526689064834
-0.0828949524233352 -0.0788483594375417 0.0726170065087726 -0.0768319864177361
-0.0767172786490723 -0.0904153608713428 -0.225606888435679 -0.120979262002405
-0.05589913988757 -0.0776420960991916 -0.480984662699269 -0.246333321231424
-0.0261014676875286 -0.0394845080128449 -0.667279838862039 -0.265018886447322
-0.0363753976075026 -0.0129551533840953 -0.754711127723622 -0.191519176471186
-0.0935289196828034 -0.0403343390467162 -0.743493000725043 -0.0545198118404186
-0.070463995614761 -0.105666094924551 -0.6287490625277 -0.0149145705491015
0.0263057924174894 -0.0484888950960468 -0.308133381701625 -0.0282105781973418
0.00543218131604788 -0.0102028101696 0.132317351975767 0.0545703365378417
-0.0494128314115461 -0.088252932435459 0.548026142249407 -0.0302761683686202
-0.0794053951486209 -0.0121386891475014 0.658050125954484 -0.0934762132347324
-0.0566266269597835 0.0307133933836135 0.74290408092204 0.0586546129306088
-0.0324421882306001 -0.0230255900599956 0.824192191295797 0.0863450529291417
-0.0663030577636569 -0.039842882968784 0.689649333040443 0.0367781737125226
-0.0871586277732705 -0.0484861034864724 0.373161848348636 -0.0115958178032782
-0.100876778068724 -0.0603973410780489 0.0314737618992525 -0.101683071300944
-0.0973673876383048 -0.0700244812426629 -0.270298265852369 -0.137130980890023
-0.0863306510632731 -0.0597367342006667 -0.523050744541371 -0.228147673182196
-0.0665252486442342 -0.0354599683703563 -0.687156197665629 -0.201392273276635
-0.0623052776684685 -0.0314859494402684 -0.750809415687551 -0.0895936922513979
-0.0866157642134405 -0.0389930978352775 -0.735092769580791 0.0386870687771635
-0.0818996364109869 -0.076702939024473 -0.618496872647199 0.0366235508629776
-0.0160370851934899 -0.0343010213771656 -0.295083992194515 -0.0125542127216598
-0.0352421573147445 -0.00647937877198384 0.141075624881799 0.0589211790148621
-0.0566006904858545 -0.0539129515107576 0.565344822325608 0.00758831670311327
-0.0517552741813108 -0.00315442438632577 0.668318131016175 -0.0161082827080658
-0.051623002276373 -0.00819452012525573 0.738695065769265 0.162828809338949
-0.0605150912374372 -0.0409416770682246 0.809670980574559 0.176788185005607
-0.0886211010752588 -0.032668821755786 0.660754399813168 0.0815196803637326
-0.0922859050289978 -0.0288635822869312 0.33055319490024 -0.00935025040753903
-0.101542326144242 -0.031462904850758 -0.0125426333686205 -0.119116071061755
-0.0994169098595445 -0.0378473178856078 -0.318132728435823 -0.139110495932509
-0.100385991685835 -0.0286769063971676 -0.571831383474694 -0.192078304103254
-0.0936880146393729 -0.019676403795204 -0.708456379296049 -0.124406375972288
-0.0817195464055793 -0.0457666462304489 -0.742198759663917 0.0120367036196506
-0.0688565719164487 -0.039865676909623 -0.713869957483939 0.128461203699586
-0.0765303096856574 -0.0429146199959286 -0.600027206905483 0.0843818425375366
-0.0538773748881166 -0.0115304700542314 -0.272519845481655 -0.000614520130923691
-0.0709179522139611 -0.00220321279265136 0.160721042501167 0.0669978906492459
-0.0582978487535803 -0.015643100994199 0.578195426350705 0.0498239337444141
-0.0114388224350483 0.00885446416345939 0.678554603102879 0.0673633270122145
-0.032587146285943 -0.0462979458830226 0.733402874919107 0.256356385252578
-0.0762745245782238 -0.0570514085844791 0.779449240471274 0.255855808746885
-0.097003671750187 -0.018604176838852 0.618559551548406 0.120798181148642
-0.0825996557875302 -0.00373906587524638 0.2865199529032 -0.00258017706766484
-0.0844530604514887 0.00323342371321137 -0.0511334404159549 -0.125942305288252
-0.0853787895299734 -0.00112040157517109 -0.361564404920086 -0.129873248385095
-0.0970864752491496 0.00603865565170371 -0.61191161528537 -0.142888099360854
-0.107814558635557 -0.00238952759471407 -0.724693104601746 -0.0410007800720544
-0.090112448745008 -0.0615776909005154 -0.728956628492012 0.102685489618178
-0.0408399587101582 -0.0434078149824554 -0.687585398986397 0.201486544471268
-0.0600791231336598 -0.00890672043604553 -0.579064145540937 0.11961777490287
-0.0821769636478708 0.0142158008377428 -0.243292847164881 0.00412874291790739
-0.0926740801797079 0.00725016814788279 0.188537968434997 0.0792746947901127
-0.0444723867377005 0.0209654183561241 0.58850882211823 0.0820151091324596
0.0367547313954034 0.0162943544723175 0.690405059671128 0.135697169063515
-0.0110364247398753 -0.0745256129288068 0.731570669791236 0.321125492569577
-0.0791994421795359 -0.0582796225881783 0.740145491780294 0.304892532849468
-0.0879976840826707 0.00453044638616739 0.570619830606977 0.154632183361524
-0.0567105072351032 0.0264857587924983 0.248522222310806 0.013549569853855
-0.0521662363957103 0.0372490967500481 -0.0802155367701323 -0.122424452124116
-0.0567311206030267 0.032638545703996 -0.393860386235727 -0.109031680887456
-0.0800448415894128 0.0345113380189962 -0.644080788071688 -0.0940932942118387
-0.106950132323174 0.00700105021263961 -0.734643744105698 0.0267501855116705
-0.085022881499046 -0.0823255531128673 -0.717292547991139 0.16904734369804
-0.0034788381838569 -0.0478467732588681 -0.664824889734356 0.249341967918471
-0.038600665505568 0.024197088292967 -0.559083992138858 0.141058803615937
-0.101472209948164 0.0345366294826445 -0.213917275802134 0.0034089075161222
-0.0963206069359278 0.0221727268074582 0.219758932082689 0.0869646442664994
-0.0129942310355127 0.0485620276613799 0.594438296533776 0.104246332182954
0.0820621737128485 0.0139678622495286 0.707487842389473 0.175383462061745
0.00647006060275936 -0.0877362706983049 0.730021264829405 0.341789204456775
-0.0664747378435432 -0.0412612453437151 0.701530239115039 0.327073657744317
-0.0603934407238887 0.0364760952124974 0.530271876736234 0.182143841935474
-0.0201770336937762 0.056639537785299 0.224246479074223 0.0364840963058331
-0.00985119965034245 0.0660918862939728 -0.0938052729189709 -0.108745368555168
-0.0191297309345037 0.0593070185701636 -0.410710661940451 -0.0854398523908187
-0.0540070198091513 0.0519692555108229 -0.666295114319514 -0.0532849395731579
-0.0949864961054483 0.00351027730607861 -0.749764685924815 0.0731228687540255
-0.0632776273187143 -0.107887492472205 -0.717920713203421 0.199826985244801
0.0398369431022182 -0.0491902700251346 -0.648760413790708 0.263894766790103
-0.0180247624761024 0.0511725866409469 -0.542447525204033 0.147427570178343
-0.106971125590737 0.0459496351287186 -0.186934018052487 -0.00126601751681033
0.0896161353820843 -0.0413088114870642 0.167166680562853 0.0445971672551697
-0.0378524126856241 -0.13006555030036 0.518375146108573 -0.0968291415504764
-0.0605443913458763 -3.31190052515222E-05 0.654303566927898 -0.246683076080224
0.0317568212942419 0.0705538133621323 0.725488814961574 -0.188769544693796
0.0762130971041246 -0.0302239958407586 0.775814209688717 -0.10958371720212
0.0317902236017071 -0.0565866937891534 0.699256414753329 -0.0290973303491665
-0.00257989449788843 -0.067652120196564 0.445168436602222 0.0244295027186068
-0.00964669269786812 -0.0782348888396526 0.125418866059815 -0.0181926745305935
-0.000256441697985894 -0.0818487259158725 -0.17605825239544 -0.063097098425094
0.0344289052689032 -0.0560712427611254 -0.45508627717601 -0.234134104416882
0.0573562103613309 -0.00264306644148387 -0.671700077955987 -0.32683719794095
0.00437428577382475 0.0288450954372826 -0.766378966757541 -0.330326870936199
-0.075644464056683 -0.0506025654481705 -0.729734832279628 -0.179991453733493
-0.00950330106685114 -0.13085384641658 -0.631093816725287 -0.0734253794009743
0.104118180216033 -0.0408683577571979 -0.30124777966484 -0.050479072676038
0.0726923211722996 -0.0316722689573933 0.147698192102127 0.0504089320430219
-0.0436792455296705 -0.13180296955106 0.522407355881009 -0.0842092856630519
-0.0861949641448753 -0.00568124075517638 0.650096990745471 -0.215948889322429
-0.00757401345957031 0.0773482614242058 0.736384750401258 -0.136403996316577
0.0443010456240051 -0.0175528094592806 0.802614066424294 -0.0781088957525526
-0.000779537232223839 -0.0529099009561313 0.705830482807607 -0.0301298542389274
-0.0389022588337361 -0.0691572316089075 0.433751044214203 0.00308656762260432
-0.0520025866575222 -0.0853335671216841 0.105244502752552 -0.0478618794213362
-0.0437973234818557 -0.0944736929748101 -0.193348854927617 -0.0937101960554624
-0.0129319437257069 -0.076121460332849 -0.459070609710963 -0.245679915360897
0.0181876414588733 -0.0274650619542061 -0.662762850852347 -0.304978075596659
-0.0126642905830402 0.00899887607729577 -0.763538890089412 -0.272478947880099
-0.092420490881238 -0.0439754822379429 -0.747406587828364 -0.127340038283916
-0.0468072138507292 -0.126209029403616 -0.636897260485712 -0.0502965307807944
0.0696227260159148 -0.0515340751368086 -0.312353376757137 -0.0410768920219801
0.0446748003452523 -0.0201994919053215 0.135813619187372 0.053009766083296
-0.0454552504177644 -0.116691630259339 0.535091292289193 -0.0636417384732248
-0.0924767221626148 -0.0121700136399717 0.652928659052094 -0.167484095527837
-0.0403343207640537 0.0636858537141631 0.745064215067366 -0.0535119433666798
0.004689457896942 -0.0134277064964734 0.823217585136761 -0.0123035621692492
-0.0355799526098962 -0.0462017113214338 0.707008404719521 -0.00770800778640474
-0.0691983730899173 -0.0622099767236175 0.409775242693047 -0.0117260706152973
-0.0845002836914838 -0.0784750371909587 0.072206062213234 -0.0773031625889582
-0.0786954755931246 -0.0903819829630048 -0.227783264355416 -0.119719957876025
-0.0572869471130508 -0.0775121466025454 -0.487276650092738 -0.243760109982329
-0.0265992312966116 -0.0398209191468847 -0.674566218693145 -0.260409910913012
-0.0367722443127879 -0.0132472698371282 -0.764107802074571 -0.185591380214832
-0.0952247243522207 -0.0393783123369354 -0.750895522092452 -0.0477629153042481
-0.0725412851121801 -0.105856979566845 -0.634205496311505 -0.00761743539295583
0.0266278419578808 -0.0492534591310368 -0.311558905112635 -0.0244494283014761
0.00643059051349578 -0.0104950461332035 0.133371449128096 0.0538048187967455
-0.0511683238395532 -0.0891234834966542 0.552174861867841 -0.036652489976312
-0.080326839533162 -0.0112571839997452 0.661747497545933 -0.10259121052663
-0.0565984423787674 0.0326144506204952 0.749669372021061 0.0488579788562994
-0.0331602980887734 -0.0227569835739044 0.831534829040093 0.0782558138220427
-0.0663088796462492 -0.0400042625010761 0.696173088582384 0.0297322628105497
-0.088059428051541 -0.0487650697858736 0.375225754725259 -0.0165785118676359
-0.102462766479179 -0.0595875491832896 0.0298504131199479 -0.102557085136988
-0.0992619250218898 -0.0698751903203635 -0.273920695962282 -0.134732098241304
-0.0879291899126354 -0.0596809923283272 -0.531586922232892 -0.223023875401582
-0.0668044253645444 -0.0354629887677446 -0.694433835361577 -0.195166131891935
-0.0634870401672652 -0.031247737652462 -0.758534248879873 -0.083594956778593
-0.0886189518786415 -0.0385403415561258 -0.740045561266884 0.0487497990995223
-0.0828528559735649 -0.0764306742606902 -0.623302101633432 0.0435633635919946
-0.0168751642320542 -0.0348757847114618 -0.29760073066399 -0.00898477010217895
-0.03493756361187 -0.00565414567021272 0.142791467007265 0.0578754764395266
-0.0578934817701726 -0.0538780843296149 0.568680617027088 0.00155593278317621
-0.052399703506472 -0.00338187491481536 0.673251780775419 -0.0250500142210145
-0.0518715387268603 -0.00776877089485 0.74613943784458 0.155143436948549
-0.0616950351199595 -0.0405802393503683 0.818699833557263 0.168704394092629
-0.089514342379568 -0.0322953956177122 0.666748617815007 0.0743348025423209
-0.0932422604357175 -0.0292353389011361 0.332190091038703 -0.0134051515607185
-0.102341737892104 -0.0302552240667865 -0.0138939695453186 -0.119745994112914
-0.102044019655054 -0.0377508481235845 -0.322347617677897 -0.1368458368893
-0.101491914477485 -0.0282818666318417 -0.577321494579958 -0.186510622844395
-0.0953814856828042 -0.0190247084914408 -0.71723867909264 -0.117208851173824
-0.0832829629822303 -0.0451556892085059 -0.747590590453873 0.0204578206129873
-0.0705241730474112 -0.0397650812933431 -0.718512875383548 0.136849237054693
-0.0776379586709754 -0.0422338125411382 -0.60501671046063 0.092436893765211
-0.053875430375555 -0.0116532268358297 -0.274667982606631 0.00236433552484225
-0.0707390242576527 -0.00154597066077864 0.163114402386977 0.0668076715129431
-0.0596650262640266 -0.0157157095349705 0.583846532443614 0.0443447272563711
-0.0117964969240658 0.00906144957590123 0.683842909602497 0.0597489929520471
-0.0333976316422078 -0.0455631527732008 0.743388715664495 0.251749992996467
-0.0779137421742752 -0.0565633980141884 0.789364828575955 0.249507393234783
-0.0985034014870382 -0.0182519445052145 0.62430506304891 0.114307382043134
-0.0830023396863997 -0.00299132004365183 0.288161123815528 -0.00533927233256001
-0.0844805789476212 0.00360863530970662 -0.0527157469207705 -0.12696372702021
-0.0864208574643722 -0.000693504236900573 -0.365411202896858 -0.125033281311981
-0.0976738369417394 0.00624649127999854 -0.61930842585182 -0.13672869051546
-0.107700467231577 -0.0010175270433804 -0.73097088728528 -0.0346493136296963
-0.0925645508476843 -0.0608714566145317 -0.732907451162951 0.112988498253801
-0.0423200117633941 -0.0430201854557306 -0.689650609075439 0.210987338746351
-0.0607582026907871 -0.00708531827703891 -0.581805756450912 0.12719768324487
-0.0831144103764623 0.0152263345088783 -0.245622580496403 0.00670559630857977
-0.0933966435315397 0.00839598713097144 0.190483766832789 0.0785832906327974
-0.0450885493967631 0.0216914839018796 0.59193053347639 0.0778715094629387
0.0368432000535906 0.0155228560511056 0.696903931273217 0.1289591491342
-0.0116363618999478 -0.0757906864647669 0.739377972118171 0.314600130023262
-0.0807345823865051 -0.057388948874725 0.75001276616158 0.299236036329589
-0.0891485615816115 0.00571011646821195 0.577058569939621 0.149486832121613
-0.0571161770157355 0.0268523848090453 0.249939249029326 0.0100944677932567
-0.0515104321192339 0.038461429502069 -0.0822995457061584 -0.122657160483192
-0.0573512040884858 0.0343626068438582 -0.398005208674295 -0.105831424280186
-0.08034101501475 0.0353927761905925 -0.651389734745375 -0.0887539574024414
-0.107956064881553 0.00820373992947864 -0.742649373124229 0.0358489178379736
-0.0868287609372667 -0.0819426094071405 -0.721470267303527 0.177975352772479
-0.003739744622107 -0.0482314587892388 -0.666504607752512 0.258345356109719
-0.0385235023121121 0.0246275471540061 -0.56315296996283 0.148533758869387
-0.101744138868096 0.0367343556240559 -0.214829133816949 0.0056153040624932
-0.0958561697741666 0.0232840998160569 0.222375914559313 0.0860820674878338
-0.0128398134638021 0.0491482834256292 0.598987889309315 0.100372974319729
0.0830566313155871 0.0127011061887216 0.713804080333686 0.167304698107961
0.00498747148511997 -0.0882156222149212 0.739136262085982 0.335182911685933
-0.0688326330825974 -0.0400434628286991 0.710546852944894 0.322101365513937
-0.0600765761624829 0.0372048171084248 0.535615693940269 0.17740103815333
-0.0197543271001096 0.056292902593609 0.226712137332851 0.0336264286273317
-0.00898852093439811 0.0669965362980963 -0.09530643575701 -0.108510366066689
-0.018830369774808 0.0603338953919555 -0.414223504189593 -0.080895971749327
-0.0539787045226158 0.0535506684897383 -0.671743315153502 -0.0462555805681119
-0.0953360074508262 0.00475700906971633 -0.755229161462592 0.0815231281629641
-0.0656770829536481 -0.108905483759275 -0.722903551880546 0.208375942799278
0.0397403365612655 -0.0495099561449771 -0.64843034121626 0.273196930890916
-0.0172247012544861 0.0524557014331022 -0.546136111332394 0.154619179966328
-0.108146833907692 0.0465267275208741 -0.18818308397164 0.000516873136679151
0.0905193327363776 -0.0422584178213103 0.169280300972138 0.0437732087258007
-0.0394587685126059 -0.130127351364147 0.521737142982166 -0.104440101724389
-0.0618010286791784 7.14341086550593E-05 0.655870621458644 -0.257023901483954
0.0330244326447109 0.0707140088153844 0.727937530162171 -0.198713732887769
0.0760494476078887 -0.0306322402167656 0.779734662374587 -0.119916971201945
0.0309374972551396 -0.0582582809921785 0.704429424334587 -0.0383371496375896
-0.0038479983922799 -0.06836344756263 0.447608129394515 0.0189693198727933
-0.0113123100378477 -0.0787798112051803 0.125098129970922 -0.0189017486472781
-0.00147694891587652 -0.0826389451506429 -0.177325348982146 -0.0620738999944439
0.0334198464539091 -0.0570728216377923 -0.46041819010085 -0.229557819198739
0.0580445026000819 -0.00308479340362915 -0.681372601170047 -0.32216588185716
0.00537047801439045 0.0282039980012138 -0.775028845349321 -0.32543710093633
-0.0776015854455988 -0.050010078725026 -0.736703487742382 -0.171615950660443
-0.010702178154179 -0.131357457812009 -0.637310254842113 -0.0655429813275689
0.104614899741819 -0.0426470581036898 -0.304378822377398 -0.0470907751141634
0.072902908359057 -0.0326971527687778 0.149603019214596 0.0499417509429869
-0.0460350545420544 -0.131913410447998 0.524930485916293 -0.092507651144641
-0.0870100838157446 -0.00496486299924757 0.650603829483555 -0.225544032265194
-0.00646580282677454 0.0784375933179107 0.737968924886982 -0.146671564633723
0.0446205612093672 -0.0181877606983212 0.805942230504321 -0.0888360376414912
-0.00165493019418171 -0.0540588387357382 0.711770943720055 -0.0399020446156708
-0.0406875962463793 -0.0698103554216651 0.435507827750912 -0.00316351638454226
-0.0536280056112967 -0.0858263604139296 0.105777063171667 -0.0493611148453664
-0.0462111397327521 -0.0947168871555857 -0.194473141633755 -0.0925284080491038
-0.0141272778009146 -0.0768301552872505 -0.464757494248465 -0.242126712349031
0.0184331232900565 -0.0284312842780174 -0.670759556404594 -0.300139818685685
-0.0141668266333886 0.00967542035804679 -0.772417029194641 -0.264358703562945
-0.0942167535375602 -0.0427564511818776 -0.753986435061063 -0.119635641069111
-0.0484263492163549 -0.126120195608309 -0.642080229896184 -0.0435366262327415
0.0695015337806352 -0.052426742856402 -0.313924967163969 -0.0372653031582204
0.044888075781783 -0.0204703405681154 0.137142719600224 0.0525100292310095
-0.0476572938473981 -0.117839175910479 0.538014394228451 -0.0709492239209298
-0.0939165753852975 -0.0111341342400274 0.654861665189347 -0.17889288210954
-0.0400890326423073 0.0649893965546152 0.748529791149018 -0.062868610424886
0.00443999201220231 -0.0132718859810339 0.827575771874643 -0.0224250976453617
-0.0357128898849259 -0.0464262895925588 0.712663437376418 -0.0167944904734879
-0.0711433130170515 -0.0628594242719995 0.411604451797233 -0.0168427946037825
-0.0863120399693921 -0.0785319902589021 0.0714175070960682 -0.0783781795547129
-0.0813920675040933 -0.0899148881966521 -0.229464697622527 -0.117610612153001
-0.0583522952612701 -0.0773510238938355 -0.491518280780557 -0.239821657667798
-0.0269931229340136 -0.0400328023690192 -0.682159141375611 -0.254206106018852
-0.0381020553538052 -0.0127910735232634 -0.769332133711963 -0.17824408660913
-0.0970046672963018 -0.0391155789794185 -0.756915703504133 -0.0368707426911567
-0.0753050126137902 -0.10519944363131 -0.637273131058416 0.00044457963522504
0.0261495260110979 -0.0497781288312293 -0.313086541021452 -0.0213975455280738
0.00705781326874896 -0.0108401670389683 0.1343145399344 0.0526798066930267
-0.0525835594511911 -0.0894354808427635 0.555111392007776 -0.0448735784508012
-0.0810225530503865 -0.0108231628015652 0.665010126406054 -0.112994704382134
-0.0560317932055139 0.0330670018501257 0.753907632111778 0.0409131736554619
-0.0332952825412393 -0.0226977726904199 0.836610741643732 0.0692446663828947
-0.0679539461303366 -0.0400026872886897 0.699510227961321 0.0205656778753139
-0.089557381724244 -0.048283387401088 0.377009109273805 -0.0215943286783183
-0.104247890444481 -0.0589640620061772 0.0285352777490714 -0.103306169684169
-0.100998223977451 -0.0693407990703907 -0.276575448782186 -0.132091849235659
-0.0896298768641223 -0.0589373945843562 -0.536207339326215 -0.219052051104278
-0.0670440106369803 -0.0341690735615775 -0.702267045224344 -0.18876466883693
-0.0642065588877528 -0.031101381417862 -0.764377924249052 -0.0735666283507939
-0.0897289062835413 -0.0384238727920352 -0.744339981034721 0.0564157247045367
-0.0851816632206061 -0.0757166380309314 -0.627721911987857 0.0521465625139075
-0.0163916120077696 -0.0352462682110579 -0.298864534308614 -0.00647336616073522
-0.0350479814267208 -0.00516076407291014 0.143766235658664 0.0567027572666754
-0.0604665704924174 -0.0540967607989772 0.574276839453112 -0.0046499958000875
-0.052650134993304 -0.00307870926489727 0.677142456712244 -0.0338899888305278
-0.0520444373349741 -0.00615773485838251 0.75160146912027 0.148140915676535
-0.0632061408652401 -0.0401010360589267 0.825580461246652 0.161453479968121
-0.090941166359665 -0.0318435242913347 0.671109659040208 0.0666900137681278
-0.0950781237605864 -0.0281228376186419 0.334999672589639 -0.0178799527058213
-0.103491607268452 -0.029939805828596 -0.0160951941346009 -0.120705921990453
-0.103250315798301 -0.0362392155197587 -0.324726060769398 -0.132945035381094
-0.102552191882379 -0.027444095059783 -0.583198311023904 -0.18236927446258
-0.0951987887541734 -0.0175973920048184 -0.721221277163367 -0.108021313700513
-0.0853508100452967 -0.0447786859327097 -0.752152372688011 0.0309738618042616
-0.0722731854960607 -0.0393244656596983 -0.720779173851874 0.147136617623414
-0.0786873532833293 -0.0409796267312214 -0.609388745284977 0.100739659140739
-0.0546151206306919 -0.0110177195473547 -0.276667241713633 0.00519269844246874
-0.0712086313602805 -0.000822369655744476 0.164233609298128 0.0655552104891165
-0.0605709984192868 -0.0151504041697424 0.588627572748167 0.037601578671914
-0.0116979030207056 0.00846277008008045 0.686957731585954 0.0506196179702953
-0.0341736582077503 -0.0450256714178926 0.74969296077053 0.243445184466497
-0.0789599998173861 -0.0555526941179325 0.797300781366323 0.239400694701854
-0.0991231387954355 -0.0171572693048889 0.629724536615656 0.108736064407842
-0.0839105121842296 -0.0023563035616809 0.289980867206353 -0.00834419038180506
-0.0855884408206405 0.00509115551703372 -0.0556955051184214 -0.127599817362681
-0.087379398542168 0.000524905696978923 -0.368967236133081 -0.121711315077024
-0.0985229273769964 0.00735948915348189 -0.626195755937382 -0.130268788381612
-0.108318609811193 0.000262097531696519 -0.736361376399176 -0.0247209117808754
-0.0941396635075774 -0.0607066496068275 -0.737853424040373 0.121615110520411
-0.0434880532230511 -0.0428279208871626 -0.692611984494554 0.221391008434897
-0.0619858252148419 -0.00635517988041938 -0.585310115882616 0.137091427051888
-0.0832031826995368 0.016600746539439 -0.246441376046277 0.010474975981085
-0.0930282923605721 0.010140453261153 0.192725164867197 0.0765173199619711
-0.045975229429331 0.0220315197657593 0.596671201877058 0.0704578945887506
0.0375693263175498 0.0149840646145633 0.702415015079126 0.119796388289399
-0.0122960973596375 -0.075250963583838 0.747250695328327 0.309369949644698
-0.0821504779627947 -0.0567560398534492 0.757977833481828 0.292613859740078
-0.0891440944520377 0.00657250798106841 0.582449603168049 0.14304864841015
-0.0570671606889326 0.0274270806644237 0.251347326271862 0.0076686969833871
-0.0510801514681281 0.0384019845701501 -0.0847340620492663 -0.122167206297181
-0.0573182102561129 0.0348340097409726 -0.401334865290281 -0.100282292311153
-0.0801848006682399 0.0368007607223964 -0.654909015737177 -0.0815273046209692
-0.108530058589463 0.00925987160041318 -0.746437243445542 0.0447099118532675
-0.0901066766148357 -0.0819780310548873 -0.722514665795838 0.190270402284419
-0.00494469835595545 -0.0487198662639045 -0.667628496200546 0.268256575487251
-0.0386590580988156 0.0261176729319958 -0.565535073746168 0.158030366618348
-0.102045685721008 0.0378339810138307 -0.216610045962974 0.00785087347788085
-0.0958209930851636 0.0245439316812602 0.224621972934173 0.0845739655072205
-0.0133618612846173 0.0489482899841472 0.605568108387601 0.0928831692905735
0.0835385136738315 0.0115456106496033 0.720814485459277 0.159979157417611
0.00415140700450681 -0.0878189390990705 0.745677531703683 0.33021592971744
-0.0697125812676012 -0.0391833146180697 0.720185324975137 0.317488620534127
-0.0609303949816183 0.0380259084451724 0.541077228832822 0.172263124421687
-0.0199066774336608 0.0575219366914632 0.228466337319054 0.0304996462866512
-0.00767896584103173 0.0669785601250529 -0.0985284517146256 -0.108165255163371
-0.0177640434069877 0.0613122641557115 -0.417182107665798 -0.0758498176685154
-0.0536994542035422 0.0536193674490662 -0.677384606726423 -0.0380941907492893
-0.0964394515849665 0.00622938740284869 -0.758344284874234 0.0920893946648582
-0.068528097665205 -0.108504710436899 -0.723095849476808 0.219981665084403
0.0396820595837978 -0.0510972275342705 -0.651354220552734 0.284070680697311
-0.0168106448901201 0.0533459916237515 -0.548377643631247 0.162782580520918
-0.108356050109549 0.0483726459575941 -0.189959780703627 0.0019157767728216
0.091031360290137 -0.0440964556025742 0.170716916524684 0.0416128509091857
-0.0424063106385641 -0.131598273384158 0.522356073114019 -0.111159115658487
-0.0618177194377213 0.00070867284184439 0.654863779520661 -0.268591925839009
0.0349933532133542 0.0708587222851731 0.728232728776064 -0.211293683508846
0.0773112883635202 -0.0321758103259557 0.78131627235608 -0.130186530705805
0.0310039845729083 -0.0592384465448258 0.70722534112052 -0.0489039692461952
-0.00490128879894788 -0.0693383959725834 0.450200053747044 0.0125106206734964
-0.012783016679386 -0.0798560647032881 0.126015380968543 -0.020961800245888
-0.0031030836628529 -0.084132957974348 -0.178615297690184 -0.0583304753295325
0.0333253959451972 -0.0585914072632669 -0.46461395041279 -0.223436234855911
0.0591136175232617 -0.00409454372010779 -0.688090058748295 -0.315355747694721
0.00520748418381496 0.0287962409745937 -0.781405732656443 -0.317010338834511
-0.0793886755323742 -0.0497225461205606 -0.743046064086201 -0.161552538857181
-0.0121169010506314 -0.131743927977669 -0.641502381883477 -0.059450764402261
0.104747079262241 -0.0437811562297124 -0.305871901007128 -0.0436712275567102
0.0743151960196005 -0.0342062742586462 0.15165831400465 0.0480238132379937
-0.0480969091534948 -0.133158384334758 0.527302752732975 -0.0977352786380703
-0.0880956860721932 -0.00418311380900062 0.649764793325728 -0.23621598562828
-0.00494562595711548 0.0790309642173752 0.739643470286926 -0.157115909578282
0.0443180414738925 -0.0184768593203458 0.810243903184322 -0.100788086576446
-0.00262643886121475 -0.0544364539417939 0.714942535505423 -0.0502051880920957
-0.0425798558302427 -0.0696550767032905 0.438476308203048 -0.0097712151417387
-0.0557399152097464 -0.085228210095974 0.105315432487416 -0.0506626132321236
-0.0482926309232991 -0.0948968504489809 -0.196001529034284 -0.089728382176612
-0.0154851616624762 -0.0775415351544053 -0.470940889198236 -0.237300084342392
0.018029125664353 -0.0291466072045572 -0.678723524967766 -0.291356258235403
-0.0141988271741108 0.00987578556727689 -0.779606513365135 -0.256621321494962
-0.0946051056300361 -0.0416935489267699 -0.75895033249216 -0.108518916223721
-0.0502603520686919 -0.125501169578785 -0.645609076710713 -0.0351460955171974
0.069516408307523 -0.0541327172653991 -0.316437468467837 -0.0342554498588579
0.0454434446183528 -0.0216856334112426 0.138918004706172 0.0509411846911883
-0.0496351724244887 -0.118173092671106 0.540426882240669 -0.0779115442650266
-0.0950884272647475 -0.010429348098144 0.654563183862958 -0.187737614713807
-0.0389044479272692 0.0660342476027381 0.749506081802565 -0.0734166755196436
0.00513538888080742 -0.0133057919121508 0.832119813933782 -0.033934755942466
-0.0368361978002465 -0.0465823406424502 0.716039668051791 -0.02827834784298
-0.0725195480844963 -0.0614077475429455 0.413408981566407 -0.0224262550962586
-0.0884799497059862 -0.0777863085917273 0.0704073938999999 -0.0799964649868563
-0.0830512592351639 -0.0901811413242073 -0.232533420084929 -0.114020717659877
-0.0593433971701011 -0.0769242063779558 -0.499190385654545 -0.232917747541387
-0.0276452466437659 -0.0399708208452111 -0.687444441959775 -0.246840261989237
-0.038702233144107 -0.0127229041903415 -0.775985816228262 -0.166748558408122
-0.0984536681322397 -0.0384005033332817 -0.760465256853455 -0.026504181828785
-0.0767212100785479 -0.105347850768085 -0.641743166942804 0.008037944644331
0.0260700572800317 -0.0504011514132617 -0.315445498367021 -0.0178327075784955
0.00734463493546275 -0.0104531654218171 0.136476042015136 0.0515623171671121
-0.0548994951157077 -0.0898176607476668 0.55659267701701 -0.0518295437098866
-0.0815377904828678 -0.0103599398474554 0.66597032819134 -0.123184521459283
-0.0561805820100706 0.0350371414898298 0.757644739918201 0.0314602764654804
-0.0341900140858873 -0.021480540122562 0.841509476354998 0.0591145815093416
-0.0688953139695455 -0.0389984190004617 0.703661972249226 0.00995860736428054
-0.0923194451537198 -0.0475319613701532 0.378378462258126 -0.0274968160341344
-0.104865476939638 -0.0577090665486806 0.0270820556811088 -0.104319546587313
-0.103586885734039 -0.0681281325567013 -0.279218972175397 -0.128140066771312
-0.0908750541664541 -0.0589019072333116 -0.54123995165205 -0.21253182365727
-0.0685725100670374 -0.0341247020318093 -0.705795322650778 -0.179621780184661
-0.0648715952394283 -0.0298714193255383 -0.769520650413209 -0.0650857541234794
-0.090930766013196 -0.0376460956638818 -0.748108716447203 0.0678802679474722
-0.0855717514214138 -0.074249332303454 -0.630453756057208 0.059423113934195
-0.0166182152324589 -0.0349496148295191 -0.300752787750964 -0.00205443745640985
-0.0353575997967829 -0.0050636183866259 0.145364316415742 0.0560337941329375
-0.0616078944014233 -0.0543282936059941 0.57499969537302 -0.0122485533013902
-0.052717426150418 -0.00198890682731203 0.679263124940662 -0.0434352106621045
-0.051782357985485 -0.00549062505771214 0.756339219921562 0.138515830969528
-0.0634952382977827 -0.0396395597869074 0.83202683896167 0.150857773714017
-0.0922585942067705 -0.0310562707858775 0.676033296357357 0.0565225020416678
-0.0960081490142341 -0.0274197381914227 0.335953645219592 -0.0240495660063815
-0.104197075094491 -0.0285317812016069 -0.0175544679386847 -0.12062670596688
-0.105244768286258 -0.0354509844832433 -0.328059953532181 -0.129363777275026
-0.103382313993312 -0.0257233511449703 -0.589481352088972 -0.174111955571517
-0.0966308243712115 -0.0164678244270248 -0.727008189443799 -0.0988589975908803
-0.0861396093656005 -0.0442039398284718 -0.755260553970637 0.0398367626983312
-0.0737063801745022 -0.0387235572321184 -0.723127685594315 0.159201437402377
-0.0800306023735811 -0.0398811973839876 -0.610531161244014 0.110145067605685
-0.0547050315567768 -0.010176390137508 -0.277651733911131 0.00888470127029385
-0.0707798870735702 0.00062017732544283 0.165194699822836 0.0641263918724592
-0.062105404360987 -0.0147564360498278 0.591331892502773 0.0288601005940227
-0.0116337448922614 0.00910075005927804 0.691079014141572 0.0400408032591651
-0.0344811738763616 -0.045418084036239 0.757531069669995 0.235755199427726
-0.0806067943373505 -0.0541342741269416 0.805210906370338 0.231509566382888
-0.100281460600272 -0.0161972192947654 0.63408303706918 0.0993860707776599
-0.0845311622553874 -0.00195965848930946 0.291133217595969 -0.0140723504708847
-0.0851497745704269 0.00552212995586287 -0.0580068297072418 -0.126977210519028
-0.0886590135316501 0.00189071176599923 -0.37140797075318 -0.117976035312301
-0.100344673062192 0.00866923203638435 -0.630936327872078 -0.122457871273721
-0.109145381947587 0.00199787090709385 -0.740646786866097 -0.016335536588428
-0.0962823719681854 -0.0598524713211096 -0.738616100844386 0.132082947878946
-0.0442223399085202 -0.0433021082099929 -0.693421612944583 0.232377085765727
-0.0618095057713823 -0.00496040839945813 -0.587152119783183 0.144737373984175
-0.0844456039771579 0.0170751129652934 -0.24785701093493 0.0133700858838948
-0.0936177055790141 0.0108446963747108 0.19482245016863 0.0752633386914544
-0.0459834043119575 0.0231855535019703 0.601788559231539 0.0643939467427474
0.0376162584049853 0.0145213372956072 0.7066452035382 0.110616385481517
-0.0136406577365484 -0.0756851296584594 0.754088300920345 0.30101391838225
-0.0834330921794374 -0.0558457888359817 0.76693502465566 0.282777413380313
-0.0898590608478349 0.00754375789803429 0.589255151167711 0.135094024348506
-0.0576344572929228 0.0283819539573973 0.253873556024243 0.00250331364507621
-0.0506616343604295 0.0396042158261865 -0.0869665054880067 -0.121165520273908
-0.0572795177849635 0.0363764079108584 -0.403483505608858 -0.0958079646763336
-0.0805779245478375 0.0382300465747357 -0.660132663713354 -0.0724787568694257
-0.108754256615472 0.0111415098079373 -0.749037703516186 0.0556342291126391
-0.0913922336734086 -0.0814842296164454 -0.725654800754668 0.19932135090814
-0.00558797710851292 -0.0486048788151652 -0.668787194239459 0.279648595547156
-0.0385576380078638 0.0275752170951841 -0.56661182941349 0.165121172775905
-0.10220070888146 0.0393536574164032 -0.217933986376995 0.0104822228028714
-0.0958699592306606 0.0258274025671561 0.226539121149435 0.0818702376980287
-0.0132148930650444 0.0498128418798611 0.608318621245982 0.0861975434057682
0.0845537859804286 0.0105309179371647 0.724479343771696 0.150381533659576
0.0037572310084685 -0.0891922637512655 0.752985225463217 0.322649202814057
-0.0710293386261278 -0.0386762191451437 0.727975685459453 0.308986540662634
-0.0609996324759642 0.0384724257493054 0.547549718065791 0.164483480004262
-0.0186218704260494 0.0572921226412688 0.229470078111416 0.0282285243842686
-0.00659724372229675 0.0676695610012783 -0.100320326928454 -0.106756234981345
-0.0172418014712761 0.061864519308349 -0.418775834975844 -0.071213097553369
-0.0530114117298933 0.0554269934206528 -0.680546689299656 -0.0295347801309249
-0.0963763855038517 0.00757699804797641 -0.760271329290437 0.102242618541085
-0.069885713822778 -0.108655125684958 -0.724312955073746 0.229994325512526
0.0387248817465764 -0.0513079364089697 -0.649197535019247 0.293586713058478
-0.0159806728747405 0.0549477324289543 -0.549820487196042 0.171115035536636
-0.108607148996588 0.0501150622446675 -0.190406901682806 0.00479865330358331
0.102517302386407 0.00273758985458587 0.13047978360492 0.11796301606349
0.0176193186123024 -0.140856794335143 0.516264423656434 0.155313953379423
-0.0648627932604745 -0.0345635868186201 0.706369496382263 0.0780888856904018
-0.010759625206711 0.0727808260910686 0.74947621140183 0.159436124110027
0.0767023986244954 -0.000714218944631282 0.752180246177443 0.254632259236126
0.0549786296044364 -0.04358892890913 0.642422884664414 0.299785994749279
0.032616015927515 -0.065714259707705 0.386878179989286 0.227068812076357
0.0277225639568464 -0.0777260641547619 0.118687171835499 0.040306429765633
0.0356613292179809 -0.075140218795843 -0.127914010439396 -0.134422644742737
0.0527127006881083 -0.0358880033846105 -0.300457152446972 -0.412010829966194
0.0501639128724819 0.0243086412015493 -0.452024950604547 -0.598765474041732
-0.0222429471625296 0.0267044979351257 -0.533002174519692 -0.654630678817462
-0.0533090829509563 -0.0856902427184038 -0.575218961912075 -0.509310537639923
0.0422358518379639 -0.123038625432873 -0.536688270120737 -0.369354545382581
0.113060885598067 0.0117103343989992 -0.247208128941945 -0.193266197245675
0.0825050973759262 0.00386118589241305 0.109864906851655 0.114448314349419
0.0122443397584015 -0.145239546607084 0.513898371033978 0.169743932807525
-0.085189149043282 -0.0518343204109643 0.688634194565907 0.10491572764272
-0.0488756043008116 0.0603905315608561 0.732277272755007 0.210915537642824
0.0413517668860801 -0.00468533066961565 0.761922549299267 0.295635792213228
0.0229199566032202 -0.0551355478005393 0.649672820245885 0.30104326619918
-0.000791099773927139 -0.0833710557887637 0.387809073716669 0.202024982525974
-0.00869919391558503 -0.104436737306879 0.114007077880266 0.00456729892960157
9.59197789764717E-06 -0.106625873307755 -0.128828326711325 -0.169498917727169
0.0189326743040369 -0.075629925620586 -0.298430234490079 -0.424723857506704
0.0266229837307142 -0.0162460861498059 -0.454399734940034 -0.57643853467557
-0.0298990777704327 0.00212155695052981 -0.55879123432354 -0.599457211050559
-0.0709098426357015 -0.0866485211491479 -0.614318905128897 -0.471510154863455
0.00640421533346931 -0.136031116986463 -0.550363920161463 -0.353113814899419
0.0871846106675813 -0.013906406552183 -0.260223927941694 -0.191820256742296
0.0505615264047855 0.00157040742175742 0.0987057655551985 0.111162386435398
0.004668519278659 -0.133299101893973 0.515401452116638 0.192193368678287
-0.088289766026461 -0.0606800777441959 0.667785489808465 0.149907517977213
-0.0721630064883017 0.0326036697790485 0.701758195131202 0.293636871367634
0.00518414722609 -0.0196394250605271 0.750130588606068 0.366709792782865
-0.0105069934997167 -0.0646676099701545 0.64169336974035 0.323979316807379
-0.0314613174266916 -0.090717731291369 0.372442823433023 0.179517876000024
-0.0409142225267407 -0.11298973067499 0.0972908372364414 -0.0377452888650168
-0.0331823763372915 -0.117929589992861 -0.149978099079372 -0.20864270814461
-0.0214683892185576 -0.0959579556557389 -0.326465290570238 -0.435361283057729
-0.00972916255520761 -0.0474333283672833 -0.484620560763928 -0.542212571622127
-0.0407689742911487 -0.0273930528703355 -0.598489190844572 -0.521451124650006
-0.0765055556431392 -0.0836466651224346 -0.658204642390839 -0.399122935663901
-0.027076798716719 -0.129445835954234 -0.569963093101151 -0.31380993493381
0.0473302380356711 -0.0320357740433467 -0.26776644221523 -0.177055672025994
0.0119577444698643 -0.00799047730210099 0.0955580090146984 0.112437159520304
-0.0130815487262881 -0.111195738374998 0.519516053423236 0.22490843224152
-0.0759354931806637 -0.0553374087078628 0.644797837723986 0.212723103756042
-0.0715336690711641 -0.00437929765714291 0.65820247803723 0.391354202062008
-0.0239540447329053 -0.0467377843031469 0.715421438294613 0.453919608763737
-0.0418043126472646 -0.0735895042826547 0.612680259125141 0.353938043736904
-0.0554758661712664 -0.0879410806691011 0.34403690926868 0.158259161902026
-0.0665298846342518 -0.103869565237916 0.0707080798470869 -0.0786873944909359
-0.0619604721282999 -0.108346814251481 -0.183489948205513 -0.243536754359076
-0.058020633182009 -0.0930248359590119 -0.37368509013208 -0.439710357791171
-0.0485225645434423 -0.0607528832878845 -0.53478902298875 -0.494676826156607
-0.0550528970369158 -0.0542435372009669 -0.642526685783585 -0.428902491167492
-0.0706479275127514 -0.0776536013540756 -0.692855487192281 -0.308464593824156
-0.0497253792171624 -0.106163925146379 -0.585310411072574 -0.261339161286927
0.0013383879210645 -0.0386456141782904 -0.262910138685552 -0.156331479383464
-0.0286001128178645 -0.0231172176949534 0.101490723577561 0.121120456192592
-0.0358569368196103 -0.0825907678762113 0.517646338797015 0.268451609524817
-0.0536512756260849 -0.0346297671801066 0.617032162322009 0.287525586220882
-0.0482122987099259 -0.0377286329271686 0.604716226920392 0.484661472097802
-0.040312181491959 -0.0774442366832087 0.660842461724036 0.532117719642899
-0.0664044832460105 -0.0769399878651598 0.564806170233488 0.380447884124624
-0.0691649275933433 -0.0718326475290579 0.304530029435888 0.141652996367133
-0.079813456270753 -0.0768807571831858 0.0390315691233701 -0.114544430927678
-0.0781112026253183 -0.0791352974213116 -0.226794573360182 -0.267133962439314
-0.0843815227153975 -0.0693830955641922 -0.433760081453621 -0.427533605217213
-0.0813020787597842 -0.058240966886744 -0.590914549137326 -0.43398444529649
-0.0663740939428527 -0.0746941982053367 -0.68111389122092 -0.333443103105386
-0.0535310259760054 -0.0694975255802809 -0.715583453539988 -0.215215324561003
-0.060767459535146 -0.0723040905008426 -0.595016809012321 -0.207149507700143
-0.0437843494820295 -0.0344588774032214 -0.248340244199358 -0.136030686619204
-0.0631139939839915 -0.036151301708984 0.115499908414414 0.138851682044578
-0.0557822822033715 -0.0486389785446833 0.51289663074342 0.312374852011698
-0.0210076075851823 -0.00583566343645694 0.588073829602197 0.368252733521252
-0.0125529033313461 -0.0654675700037685 0.555472692341343 0.569970473956893
-0.0465775608545705 -0.0990821830368275 0.597174660916587 0.591869775686939
-0.0794602363756706 -0.0678979078221975 0.508299293891561 0.398143410671357
-0.0721722186602921 -0.0427709560279128 0.261208248531607 0.128460630655981
-0.0796449983631519 -0.0369100723174794 0.00709976795046459 -0.137856332843115
-0.0816418235239597 -0.0386455923654904 -0.27104441418961 -0.277488761938203
-0.0965834968089971 -0.0357823963276652 -0.493947678603541 -0.401759362328984
-0.101279900197045 -0.0474039195785383 -0.642469813596912 -0.365926975371296
-0.0668422420748555 -0.0913665607476091 -0.710138418717724 -0.24329937016522
-0.0262680133472136 -0.0580868434301231 -0.724246398511532 -0.135588495032078
-0.0608462429628466 -0.0322896803815599 -0.591517994918593 -0.164938410801777
-0.0823976521132917 -0.0238181734672339 -0.223832125448462 -0.117666105495134
-0.0891160566705526 -0.0380336560731728 0.136623205562133 0.163560372188242
-0.0592655633672299 -0.00843957906465369 0.50301363824719 0.344436557130947
0.0207493160132397 0.0225194858188905 0.568086780105716 0.435499074742985
0.0204774375527146 -0.0830052190969305 0.521988482130757 0.62732822649847
-0.0476472478452741 -0.100849019133264 0.539506866447292 0.620746366713475
-0.0824597904994987 -0.0413184599604626 0.449513099456488 0.406623795009743
-0.0623436907277645 -0.00319104276067209 0.22039827620077 0.125071145950784
-0.0651301239438115 0.0102488313853351 -0.0199721136018299 -0.146602925078626
-0.0709914235419563 0.00645922095824062 -0.309293073206993 -0.272291828811106
-0.0930037677317307 -0.000912988145598734 -0.544871671193428 -0.370678674597034
-0.104975513912633 -0.0384468389672643 -0.683119848524037 -0.307465467465711
-0.0517335455881513 -0.107652798203812 -0.731442059173488 -0.176246261924345
0.0115929047146636 -0.0443960844103972 -0.724742807982457 -0.0816628400320531
-0.0547055579830556 0.00813571090079993 -0.585176574694912 -0.136198376165589
-0.109259060323131 -0.0133040236106949 -0.195468516112764 -0.10426771093761
-0.0984936267285801 -0.0267941251348115 0.161733929295491 0.185807392797584
-0.0425586753003771 0.0308014904001004 0.501290503293751 0.36739610012053
0.0646624251572989 0.0409441893332247 0.563371925703787 0.479670686729135
0.0421601913603909 -0.086836130030314 0.512094071640299 0.645271699874338
-0.0442301171535741 -0.0793153163946558 0.493773876895858 0.62537090007155
-0.0702108428192134 0.000664263300207476 0.401835878458431 0.412816091802019
-0.0428051565159227 0.0412398484359259 0.188971614270927 0.135073041572242
-0.0392274961830271 0.0569386806766553 -0.0372642474837909 -0.140568381854071
-0.0463827639288105 0.0481159264255188 -0.336107780564529 -0.257208480319502
-0.0767409139786291 0.0278427293459877 -0.581266541417318 -0.34110160245454
-0.0931539378461105 -0.0360870810692072 -0.71616713407092 -0.272435833973127
-0.0204263652309726 -0.121092066734975 -0.744343937982146 -0.151056690958915
0.0515436637816004 -0.0247285753916125 -0.717044035481597 -0.0576620061558892
-0.0484655659770288 0.04302615643245 -0.574425710994899 -0.122800939734152
-0.119864176514698 -0.00605197627325871 -0.169007325246989 -0.0959349754801078
0.103088193465919 0.00206066867160947 0.13237048266584 0.116193499714511
0.0153083478701811 -0.14242462159712 0.519574914223782 0.149462148707378
-0.0657721676618141 -0.0338480336473752 0.708652118704513 0.0665798566615921
-0.0095433421120741 0.0725472257877604 0.751788871074529 0.146969530614416
0.0771117216225816 -0.00150456443372418 0.757509343589402 0.243237486050372
0.0539650341132657 -0.0451260188408252 0.647981188235223 0.290114152289564
0.0308877081324052 -0.066329968198051 0.391254077730034 0.220850963975527
0.0261892507658915 -0.0793380348808769 0.119996233595008 0.0390389653785157
0.0339292192730513 -0.0757840786602953 -0.129563946370135 -0.132121436761847
0.0525718100571139 -0.0369418769748842 -0.306473543256298 -0.407164472058146
0.0504756500211948 0.0239024299964161 -0.462486263561633 -0.594764351430642
-0.0220575954031631 0.0273905252537007 -0.54400802223289 -0.64752268900629
-0.0557531137722445 -0.0853566275297684 -0.583623868536711 -0.501868558966262
0.0404863987094205 -0.123676695743119 -0.542317620042236 -0.363268860937718
0.114104793820986 0.0102671078433749 -0.250372881351265 -0.191283917825434
0.0835202776808661 0.00293248276588347 0.111390433095645 0.113813164979086
0.0108915183893887 -0.146406775756923 0.517893491330489 0.161899366755579
-0.0861371340269176 -0.0501974078681166 0.690218092291147 0.0952210066240699
-0.0475467488251691 0.0618829967256673 0.736030590489578 0.202632573143425
0.0418198479862375 -0.00512726647238771 0.767469227036892 0.286226587639906
0.0224909971166769 -0.056294938916806 0.656555391291518 0.293060898677725
-0.00233431149644139 -0.0839450019102142 0.390166956152149 0.197474307690195
-0.00980789410504937 -0.104949903358396 0.113751865956461 0.00268760246250593
-0.00144581762063847 -0.107515262148393 -0.132250772562506 -0.167446287652572
0.0164966630033712 -0.0756660229255686 -0.304577223074738 -0.419934436860731
0.026227861821356 -0.0169432530067405 -0.463838383822459 -0.569072155856883
-0.0299729450866394 0.00245434931486255 -0.567641226158345 -0.593439368276027
-0.0735607804248139 -0.0859848773440563 -0.622900426855917 -0.462220283651906
0.00452166517382504 -0.136188677673375 -0.557724696288748 -0.345590489965456
0.0872688807006071 -0.0148019660735493 -0.26355001314541 -0.187525584509956
0.0514182836357518 0.00135779681747545 0.0998893875631767 0.110842496172106
0.00218828306760786 -0.134423138568221 0.519133859269535 0.185531916879914
-0.0887173317760506 -0.0600879282384894 0.670478591009413 0.138225840617089
-0.0712745932823472 0.0336459103738659 0.706245580536169 0.282699576439521
0.00475457739028838 -0.0199905784329407 0.757862944194535 0.357560754576793
-0.011131762243255 -0.0654506517859125 0.647836773101957 0.314835479361197
-0.03381887743534 -0.0908963512318909 0.375701542006083 0.173485717798784
-0.0436024116210997 -0.112806331914252 0.0971202046859472 -0.0386541675542443
-0.0354821613243049 -0.118311087290126 -0.152342563624818 -0.205825799768743
-0.021976554194497 -0.0958638223793894 -0.331750328614121 -0.432640622057776
-0.00946859719053638 -0.0476191465117914 -0.492718345540652 -0.535864575562996
-0.0409694841429213 -0.0263347772016752 -0.605916923084067 -0.514160919583978
-0.0788010646415905 -0.0825476323982667 -0.664955353406335 -0.388867075816083
-0.0287532635411414 -0.128737133255662 -0.574496872214625 -0.306786623663645
0.046857103100853 -0.0328463524805904 -0.270613164483798 -0.173738318315151
0.0117990301138232 -0.00754894470197778 0.0970382733645911 0.111145275607433
-0.0152873564076989 -0.11181912477628 0.523974694065889 0.217529526443075
-0.0772005021256383 -0.0542634484812677 0.649479842337995 0.202990005750702
-0.0714959321162908 -0.00235852089101798 0.66436223922721 0.380287409425689
-0.0250691370321213 -0.0461465399735881 0.722554577169491 0.448125307945355
-0.0430291977756144 -0.0733400846756644 0.618549826410744 0.344708934945184
-0.0571341747579678 -0.0877862345266381 0.345818455576755 0.152111394379177
-0.0679604774496679 -0.103021432805005 0.0693866452029613 -0.0804862838556669
-0.0636633010787662 -0.108058747273169 -0.186857525829471 -0.241689170996243
-0.059511695092333 -0.0921729474650352 -0.379357059373833 -0.433849770627424
-0.0491348395776632 -0.0603221491396672 -0.540631703380844 -0.4869641956203
-0.0562395888152017 -0.0541351814125945 -0.650397576803565 -0.420133413697181
-0.0717489323022902 -0.0769338260555129 -0.698096794351728 -0.298129091800358
-0.0511605946566725 -0.105340979587049 -0.591923418791321 -0.252812710993931
0.000984190996731023 -0.039001926262448 -0.265249953118526 -0.153127073037854
-0.0279901407396615 -0.0224601999291314 0.103460800468991 0.120238873191063
-0.0379564430141651 -0.0828889173876727 0.522787938723723 0.261066448419798
-0.0539105414486022 -0.0343502629381307 0.622789866999301 0.278805948544482
-0.0488078249068067 -0.0375651283846973 0.610104186325031 0.476957395605289
-0.0412852643597837 -0.0765481229585228 0.669722827347546 0.525181802573533
-0.0671695980667053 -0.0767845984204437 0.573782816683993 0.373851974780791
-0.0710246228123469 -0.0710805654145508 0.307224701271197 0.136279874921883
-0.0811954658273585 -0.0753966498167419 0.0369379255341134 -0.114826397307721
-0.0804234792319591 -0.0786523955392388 -0.230675513209449 -0.263788691781347
-0.0854380152636764 -0.0687033455428955 -0.439630886557755 -0.422552207677493
-0.0823854997483867 -0.0568039752179817 -0.597583998988477 -0.425218545303349
-0.0678323686759819 -0.0741973900894776 -0.686770583749356 -0.322558820655174
-0.0552815424358164 -0.0688751379770873 -0.722122816780952 -0.204956060246133
-0.0620825861743716 -0.0709019806267562 -0.598001425756223 -0.199160883802154
-0.0448869993934927 -0.0339105310330005 -0.25005514406503 -0.131898300351492
-0.0636629190695077 -0.0353620775979913 0.117223421256097 0.139030786614309
-0.057372336199675 -0.0478483924225128 0.518350044557395 0.304040689113986
-0.0210009415991636 -0.00580032441400684 0.593987967254181 0.358540369628178
-0.0134530986354316 -0.0657347638103664 0.565037191259583 0.564648017519539
-0.048163416681586 -0.0984234750998184 0.605988382454484 0.584849055905213
-0.0811873772190577 -0.0675593476208469 0.514722567455078 0.391095628794914
-0.0726575563166189 -0.042156511671764 0.263604027823803 0.124464147297498
-0.0801057651475162 -0.0357985404547577 0.00543420523757909 -0.137956277594103
-0.0830100347156668 -0.0371196445788134 -0.275926724558644 -0.273746054939029
-0.0969039349486499 -0.0343612632941735 -0.500064966365578 -0.394998867675649
-0.102318619701844 -0.0462104422662828 -0.648276255252758 -0.358601988977164
-0.0679440526659989 -0.0910208309228966 -0.716140590040111 -0.233244257935197
-0.0271748966222278 -0.0581151598113107 -0.728122281637247 -0.124200208535972
-0.0613727338538043 -0.0312860511937391 -0.594741305413587 -0.155497852987841
-0.0830721398472501 -0.0223249780734439 -0.225665032379412 -0.114027423935156
-0.0888119214990242 -0.0367644159340593 0.138790063251287 0.162233058284848
-0.0603901595367714 -0.00755129859444945 0.508608467999168 0.337628154213136
0.0211366736456389 0.0215750984009681 0.574052814823467 0.426941785293837
0.0196506836921023 -0.0832499018833572 0.531112980140791 0.62013510969262
-0.0495630393328638 -0.0995112581931477 0.547221918559606 0.614240226039448
-0.0827258499354312 -0.0401034557812829 0.458286431559887 0.401139370504896
-0.0619495471678286 -0.00256028265374732 0.221904605701683 0.121547243878131
-0.0650192653510142 0.0112615914581469 -0.0219006353860161 -0.147004973246603
-0.0709322566833052 0.00757841295198333 -0.313479568304441 -0.268247492206145
-0.0934345364148418 0.000397651166750182 -0.5507016745082 -0.362396253969468
-0.10608437084947 -0.0363223866350745 -0.689217656390826 -0.298648424535072
-0.0540583427488278 -0.107887523315575 -0.735725751745529 -0.168152443131519
0.010317775275837 -0.0448396158060352 -0.727602446487008 -0.0696762272708494
-0.0549989481494575 0.00923443703639237 -0.588196793990486 -0.127331601181342
-0.109569057987775 -0.0111964196691121 -0.198213563085199 -0.101610623912941
-0.0989408331292304 -0.0254711166950154 0.165214119308493 0.184115347488424
-0.0429056900583299 0.0317459981487021 0.505028810736332 0.360098983102962
0.065217672360435 0.0400066404278632 0.570385297558435 0.470127302387628
0.0411911620499323 -0.087552926758667 0.519649143781938 0.638762811926419
-0.0463457237197431 -0.078296440202014 0.502677110135068 0.617511370072605
-0.0704697027155018 0.00191192481014387 0.408008347762471 0.406897371883895
-0.0414640943336521 0.0422660037331127 0.191077893616626 0.132093228723898
-0.0380817637536757 0.0572891383759864 -0.0407779500601718 -0.141038650055571
-0.0468138167993917 0.0491634364722099 -0.339522667786049 -0.254171209449893
-0.0773204049881596 0.0292413934320446 -0.587264365052942 -0.333417311454375
-0.0937432497514817 -0.0340979020718286 -0.721121455232829 -0.26237905500174
-0.0226148730178905 -0.121382986677051 -0.747484334425112 -0.140465104845152
0.0519403420353376 -0.0254024142451164 -0.719386657626273 -0.04666656930142
-0.0473077315841453 0.0444764864691983 -0.57658201321405 -0.113985791131869
-0.120773972235859 -0.00486705207256577 -0.170807121917096 -0.0944361058616928
0.103791170121512 0.000638306261000945 0.134065322520839 0.114749827797074
0.01341584654663 -0.142407265929409 0.522636599491273 0.140089461081691
-0.065811664873488 -0.0332540045273689 0.709554696419044 0.0572457905410216
-0.00780398507433878 0.0726722477914831 0.752800259838218 0.136728947364963
0.077519478950524 -0.00259682911741844 0.761706142246587 0.233622467797105
0.0526636853761024 -0.0462417360086328 0.653577958575013 0.280702742267816
0.0289533974206072 -0.0673180231176289 0.393684357402783 0.216202205122949
0.0244058237862741 -0.0788558350834452 0.11940477244708 0.0377060648202988
0.0329565200176797 -0.0769635881337878 -0.129662847757752 -0.130104073140174
0.0520032792996277 -0.0386775347628032 -0.311138298552314 -0.402706771840327
0.0515548243715455 0.0216742510708066 -0.469627970349839 -0.58755291066988
-0.0226593316234518 0.0266198078051925 -0.553622171130664 -0.639465527188826
-0.0566518115667127 -0.0841140261174102 -0.5919865897331 -0.493682899214224
0.0398238393974669 -0.124281453820043 -0.547237371645494 -0.354588316560832
0.114418617176641 0.00879091644998888 -0.252742171746701 -0.187644966064825
0.0830151009471773 0.00247238555111728 0.114277659996423 0.113267948001867
0.00740892320992165 -0.147070941216102 0.519157743634143 0.155088643271326
-0.0868165886290081 -0.0507807722446124 0.690408087823926 0.0821624852029394
-0.0466913721011131 0.0641889693748599 0.738366747671798 0.190502654423702
0.0425304774563447 -0.00644504185824378 0.770999548553382 0.273188018542637
0.0223243277113354 -0.0563832361159079 0.660111495860342 0.282527497462633
-0.00325061605407096 -0.0846377455843892 0.392315042246791 0.189986815950589
-0.011625904311273 -0.104063874899031 0.114666175780012 0.000781526937635691
-0.00377621111861696 -0.107828659460673 -0.132389742527869 -0.165294165592709
0.0171292624179088 -0.0764884231751477 -0.311517586975533 -0.416251486866323
0.026099004603294 -0.0182583813467021 -0.470442864283542 -0.565516704176459
-0.0314084718158106 0.00319967006899909 -0.576417776287222 -0.585167980640735
-0.0751869419151337 -0.085204123730182 -0.630393058626834 -0.454749095301318
0.00380591774167105 -0.135661883501806 -0.563504215487964 -0.337344599795798
0.0872479995230441 -0.0163235684956232 -0.265227967034836 -0.183768573820063
0.0512736906540482 0.00152160504358134 0.100873436382313 0.108213083709521
0.000224514073927487 -0.135107652920326 0.521418299978694 0.178079895151568
-0.0893213900059706 -0.0594367327703975 0.671832132737751 0.127386476992984
-0.0709310070718292 0.0352959870187773 0.711099700697753 0.274610106757664
0.00427298190671067 -0.0204956468369911 0.762429523205859 0.344306666452001
-0.0125882382339711 -0.066003636380859 0.651366584920932 0.303705222218412
-0.0346124009119681 -0.0914243700369414 0.378207522635675 0.168018219731625
-0.0453799077353264 -0.112917922969674 0.0963411653346416 -0.0393664097379291
-0.0382254782344006 -0.117766025313204 -0.155938001536353 -0.204468439458064
-0.0245330980119685 -0.0965614487650886 -0.338168559378662 -0.428952512860992
-0.0104591702006405 -0.0478419730813731 -0.499845366182069 -0.52926269325927
-0.0424367949089069 -0.025822187553928 -0.615069611782669 -0.505505428094357
-0.0805345938751293 -0.08269284830232 -0.671755153013372 -0.38004792473694
-0.030052697148804 -0.12800515652557 -0.581409057696313 -0.295782312776173
0.046616195423327 -0.0330680433885356 -0.272942192326481 -0.169006352254349
0.0123653914228067 -0.00806445143076829 0.0990234926583645 0.109695565419346
-0.0177476649130361 -0.112527627291502 0.527270732751667 0.210899842311148
-0.0784891709770119 -0.0534977238422441 0.651601518657822 0.192809047810182
-0.0699948806438833 -0.00150433074060436 0.668653140712381 0.371706172192839
-0.0257354619128486 -0.0453863661677635 0.729634157399933 0.436136431360608
-0.0440968480094637 -0.0743446124587441 0.624449603649224 0.337096015617258
-0.0585706160470138 -0.0866325912974136 0.348512911961867 0.14856958191274
-0.0698909762797205 -0.102609555641152 0.0690645905567498 -0.0810411005490284
-0.0657685761886218 -0.106912397986027 -0.190738900798737 -0.238289341876168
-0.0600386170933057 -0.0926207268080508 -0.386902781122222 -0.428156665396785
-0.0493340942638 -0.0597688150680296 -0.548037765378985 -0.479608764878652
-0.0565108560558187 -0.0535475267725292 -0.657881660625762 -0.411072547666797
-0.0738818237235554 -0.0755283520992895 -0.70218652184742 -0.287335801311953
-0.0527232437420431 -0.10396483041025 -0.595056811885764 -0.246096747436187
0.000504040767487163 -0.0398176378520514 -0.267944096999991 -0.149466129293141
-0.0279795588395085 -0.0222242548877225 0.104227629530159 0.118896328381262
-0.0404476268447767 -0.084196945386886 0.526338362738487 0.253772628999705
-0.0535769638491985 -0.0342908303424373 0.626453097601248 0.267238305868858
-0.0485485086909764 -0.0372895225601242 0.617114834260457 0.469100052601573
-0.0424316013120984 -0.0762112747069712 0.676423646101309 0.516543739033186
-0.0685561879359112 -0.0758458941507243 0.579552804305754 0.363355904101257
-0.0726733524199779 -0.0705402003453995 0.308481323194433 0.13200695848266
-0.0826597131893404 -0.075389771880147 0.0356519864580444 -0.116822572552035
-0.0816042273209733 -0.0780973628250087 -0.233971983506572 -0.261165780074518
-0.0863818208032366 -0.0672476592439669 -0.447728160530188 -0.415422146624904
-0.0830716210897941 -0.0555906313006569 -0.603892971898241 -0.416950374200085
-0.0689021452488109 -0.0724308602192429 -0.693103972107045 -0.312395009661348
-0.0569035597280387 -0.067490651926319 -0.720767818130254 -0.193902779200901
-0.0626655579390921 -0.0689398269815992 -0.600755340751996 -0.189256484965293
-0.0450711681639803 -0.0330830577333414 -0.252486048535648 -0.129481927036182
-0.0640571152947565 -0.0341310846528235 0.118619411739951 0.136816575136618
-0.0584898497658997 -0.0482749416217921 0.52155758597288 0.29815230645696
-0.0202727134146632 -0.0052469255028395 0.598559196341921 0.349375321258574
-0.0146785382667593 -0.0658317859195063 0.569522138733773 0.556030918231173
-0.05055707634112 -0.0983190621814504 0.61526344902456 0.575232766336511
-0.0832881664034908 -0.0668096677770749 0.521207963864366 0.382772495234972
-0.0740118244538645 -0.042303324837713 0.264043964464278 0.119496347954963
-0.0815425838323875 -0.0343194813120009 0.00296614081841595 -0.139392780928125
-0.0837636826513113 -0.0369949054451598 -0.279828070376646 -0.269695569788232
-0.0967890405507119 -0.0330265252309777 -0.504297651909749 -0.388450022405023
-0.103310216827935 -0.0453259158605097 -0.653612168014503 -0.346406935820951
-0.0694348134236647 -0.089318942104578 -0.720256215358624 -0.224162730362779
-0.0287929456373233 -0.0577248535701953 -0.729038533030047 -0.113874230865698
-0.0615872025351455 -0.030580245217408 -0.599403757289957 -0.144318445039833
-0.0837208413695408 -0.0216396315898577 -0.227895266592071 -0.110816607964239
-0.0898111836466645 -0.035238574315239 0.141602865310478 0.159217523341226
-0.0617545941804905 -0.00646557025142218 0.514602267460614 0.330572178961234
0.0221869793899991 0.0216659155935917 0.578972850520148 0.415658955296064
0.019036698692787 -0.0832258463226878 0.539125675526791 0.614186889944909
-0.0511550665838002 -0.0993454040640646 0.556091688453888 0.605167710457254
-0.0840016810417453 -0.040253984262839 0.463629279730974 0.393669854684213
-0.0639435562545171 -0.00241587050557187 0.223073919271718 0.119972762772281
-0.0656533086001385 0.0121130533288855 -0.0257397228921622 -0.147093341408907
-0.0706875588121342 0.00849457231521341 -0.317095842503312 -0.263890031272438
-0.0940003929353199 0.0027181097674029 -0.554298141432319 -0.354582234351132
-0.107119396099409 -0.0343448685321511 -0.694438841618716 -0.289800379681673
-0.0554824260855041 -0.107400726883658 -0.737441489593715 -0.157723046126486
0.00984275606669689 -0.044752176233042 -0.730088559066619 -0.0602564367539321
-0.0545026815202268 0.0107816240306252 -0.591691819189233 -0.116436814060106
-0.110460828681816 -0.00959761201770995 -0.198572586114054 -0.0999178051928298
-0.0980439593755454 -0.0235138676469589 0.16688122721522 0.181901892967982
-0.0434304289418455 0.0329684924720236 0.510915882673844 0.353549296697889
0.0658553602815852 0.038214109184725 0.574524448646618 0.461067446850174
0.0395819955439507 -0.0878941078939198 0.529191240575541 0.632543970756683
-0.0467947008450227 -0.0774849139849955 0.511221192289818 0.610146611909245
-0.0710900431757329 0.00322260902450336 0.414706586349818 0.402432929673567
-0.041107957138297 0.042227317209133 0.191936261986768 0.129655474241093
-0.0369166426794919 0.05776438557651 -0.0426068497147633 -0.140297585460263
-0.0468821901100763 0.0504580402708734 -0.341940627571184 -0.248295434350356
-0.0762137007232443 0.0305538060790634 -0.59238335518087 -0.32578113089825
-0.0941336271167212 -0.0327721149884513 -0.725154977553275 -0.252533907230089
-0.0254093547494169 -0.120787825328585 -0.752746763979861 -0.127368953917556
0.0512968097227096 -0.026777859409736 -0.720593632296761 -0.0378541580319029
-0.0469238956681393 0.0449325764293611 -0.580107256447756 -0.105265775132984
-0.120144880848063 -0.00334099499982186 -0.17140883579259 -0.0925677992039322
0.104770946214067 -0.000689537594753621 0.134932825857904 0.113403775140837
0.0105438421017015 -0.143856207516275 0.524337541801343 0.133731229986075
-0.0670710050052453 -0.0331509889679501 0.707848385348827 0.0440066098326613
-0.00605178196240452 0.0735729632035038 0.753895777415321 0.123939738604641
0.0774287917325509 -0.00393814942837557 0.764118258253936 0.221253913241191
0.0524102637365384 -0.0472620757974699 0.656650929138295 0.269878630119753
0.0284472371851839 -0.0684600714130521 0.396146104925862 0.209456747876728
0.0228745942031191 -0.0811166768546414 0.119848447646595 0.035843950427694
0.0312642237245454 -0.0781006950779644 -0.132049971421065 -0.127570918238855
0.0522185170235867 -0.0387243874051069 -0.316286715972861 -0.397153078175024
0.0524599609846114 0.0215955338211474 -0.477468869757702 -0.580977220020058
-0.0225646166223538 0.0278649630163577 -0.561828172051513 -0.63170381196596
-0.058160025408468 -0.0844677966590011 -0.597251632370749 -0.484937794011312
0.0381994532263621 -0.12444486494258 -0.552981758902298 -0.346807665034239
0.114743761689529 0.00707520444449245 -0.25434661595288 -0.183674564486305
0.0844655151984282 0.000992742463916295 0.114758112714109 0.110772311514971
0.00550109634639596 -0.147969265343815 0.52161984629007 0.147502171180666
-0.0875665081338635 -0.0491427472993545 0.691623531771812 0.0726703310991393
-0.0451836627100658 0.0634537256733672 0.740638965656676 0.179878278602799
0.0421106310872829 -0.0068030874268992 0.774287566504951 0.264733860109244
0.020527954086771 -0.0582942860832324 0.664416415917975 0.274579274034678
-0.00518479143455358 -0.0846831137357714 0.395850304062328 0.184417117094344
-0.0139255981938529 -0.10508075016957 0.114012361860131 0.00074389461713298
-0.00503473204335575 -0.108024949626483 -0.135063560417527 -0.16300754474048
0.0156662608921854 -0.0772880955096038 -0.316046451507901 -0.411128670139678
0.0261744377197897 -0.0182986573280495 -0.478465903603457 -0.558401699531198
-0.0307993236208943 0.00344015541135927 -0.583446624206501 -0.576705880332186
-0.0764243892275768 -0.0847023517817267 -0.636429049739475 -0.444404479986915
0.00111165087580016 -0.136211550216344 -0.56736481922985 -0.329677233637033
0.0868776972130651 -0.0176498102185197 -0.268023688122323 -0.180384648446034
0.0527521633774367 0.000570739002264017 0.102720858928895 0.108342585517022
-0.00267937714545721 -0.135812851415728 0.524195587752599 0.171096678590222
-0.0903492692034493 -0.0581190540492202 0.673969462377105 0.116847616462142
-0.0698278280390461 0.0365164435851056 0.71310774791346 0.262993647074864
0.00491313645997752 -0.0202026430046456 0.767004244241721 0.334662750345019
-0.0132874265349681 -0.0663720506434589 0.655980822533372 0.295391889422224
-0.0361830311213754 -0.0917803532750188 0.378719715882712 0.161535912092787
-0.0468717362364137 -0.112659717635277 0.0945724391603993 -0.0411381236273598
-0.039743892820415 -0.117941777393077 -0.157747537091807 -0.201215135468285
-0.0249680127766541 -0.0956179992984091 -0.343071446147655 -0.421918485124096
-0.0101971806117094 -0.0478594134544791 -0.507807344519822 -0.521928169125405
-0.0422374258918895 -0.0257329508366746 -0.621291704383844 -0.497336977775619
-0.081037992903361 -0.0809760152001859 -0.675336140071349 -0.370750599234221
-0.0317056501274716 -0.127134806768391 -0.584546578253504 -0.289299348953111
0.0465789108993366 -0.0339628796107372 -0.274309501489949 -0.166452335335841
0.0134965862060939 -0.0076111970377144 0.0995285883967151 0.109252666960441
-0.019217079323594 -0.111952313613317 0.529251783692575 0.203391360914156
-0.0782921991723446 -0.0529501103807338 0.654149948613403 0.181253150991221
-0.0709479315079962 0.000542481631695142 0.672620543829481 0.362295526876974
-0.0260850755564738 -0.0454977835125552 0.735600005926232 0.425015665127017
-0.0456521192579444 -0.0738521663649845 0.628552951884984 0.324930502438059
-0.0601254671751352 -0.0863673543165051 0.350008334783988 0.141993882568162
-0.0715337014436999 -0.101010786887635 0.0657442709553512 -0.0822802536468615
-0.0670157267886036 -0.106651272544711 -0.193666707439538 -0.235136567409474
-0.0619723101774402 -0.0913360883197453 -0.393190349321208 -0.422420571594318
-0.0502855725874006 -0.0590826585326849 -0.554660593266318 -0.473428558301158
-0.0580790387438612 -0.0520229776895646 -0.66086690209018 -0.402911206797808
-0.0747187381596389 -0.0758745480117284 -0.705996103815649 -0.278178000577848
-0.0540634663489298 -0.103784450024142 -0.598715439675491 -0.236446624295751
0.0003784812948944 -0.0388478807689066 -0.269139125030507 -0.146469297401226
-0.0277985108691542 -0.0210330279760897 0.105887614205283 0.117609771819121
-0.0405804983428026 -0.0827978920998528 0.529551819634569 0.24557842708513
-0.0549970478555998 -0.0336059898514694 0.628473482283768 0.256668616773716
-0.0490612277362822 -0.0360116695480249 0.623588980892251 0.458060780405949
-0.0438703354287225 -0.0752403607220267 0.683827110412736 0.506910917329548
-0.0698478777617219 -0.0755709303072347 0.584362294711401 0.354187520868695
-0.0730943024850341 -0.0699905102692383 0.31060940740483 0.126709437327533
-0.0836005364954003 -0.073249356868878 0.0331732363382276 -0.116381383924971
-0.082899665740113 -0.0774067007310253 -0.237930031602719 -0.256941979395541
-0.0873434979332891 -0.0663394840689803 -0.450533580435415 -0.409296432693684
-0.0838187290771023 -0.0547963960098545 -0.607627471496369 -0.40848800949148
-0.0703346807735759 -0.0724629251942581 -0.69578106060966 -0.303906761728712
-0.0579203737803633 -0.0675139028061317 -0.725040571123936 -0.183826604325523
-0.0639445929824944 -0.0686119247490258 -0.604699731027827 -0.181410496223411
-0.0454645540816228 -0.0326895042346495 -0.253710770298749 -0.12587262120506
-0.0642464541798202 -0.0331186333666721 0.121077451625964 0.135552593697903
-0.0590250217194123 -0.047513230298383 0.524698153855201 0.287992369796263
-0.0209898157025213 -0.00523933028994904 0.6017768040703 0.339584477894163
-0.0141876949102704 -0.0652858175240003 0.578913988077971 0.548435151590972
-0.0516808723557033 -0.0961828050098893 0.622931277173631 0.56691276834468
-0.0832852655434814 -0.06519714074697 0.526394576704536 0.374464303949274
-0.0744082814853636 -0.0408690499456162 0.265798327328055 0.115764295186499
-0.0812041194657394 -0.0333419711005225 -2.15289278693786E-05 -0.138038394694187
-0.0849564902800098 -0.0345382900956377 -0.281972669003886 -0.265726736792793
-0.0979176511260071 -0.0315915437762398 -0.510983554882567 -0.378912184044047
-0.103205062773604 -0.042867922766738 -0.656552322838736 -0.339541119766685
-0.0721511521381994 -0.0901984337420865 -0.72323002174344 -0.2144547834639
-0.0294357519694747 -0.0577431063188134 -0.730659514613211 -0.102328217601023
-0.0618031618837802 -0.0285227996450268 -0.600779315312568 -0.137703321064678
-0.0834377243085441 -0.0196753121636867 -0.229219585349321 -0.108614578809252
-0.0889303004424104 -0.0340502883939572 0.142060431903113 0.159440591638812
-0.06149572538177 -0.0067577114554484 0.517797100081435 0.323126963325345
0.0220725128115823 0.0208683973792234 0.583964565511402 0.407171562906763
0.0179910203348129 -0.0839985515698422 0.546122924511427 0.606287576604923
-0.0534061820247767 -0.0988932810517977 0.56380811035212 0.597937036094413
-0.084571957197775 -0.0382382708530456 0.467470411172258 0.387214150391183
-0.0630974159812334 -0.00106248464479843 0.224957521895514 0.114889049321293
-0.0644570730334945 0.0129107671176177 -0.0272376197333259 -0.146529195446569
-0.0710700907515183 0.0104067304422869 -0.319860826654481 -0.259262090273073
-0.0932840019377209 0.00337492386338917 -0.559419898958538 -0.346748948511164
-0.107036873724093 -0.0336758852727111 -0.696621626322083 -0.278953610815123
-0.0582704606238268 -0.106342329341221 -0.739085911980847 -0.144547258651503
0.00909400332755189 -0.0443948187473583 -0.728337972369741 -0.0490019859625319
-0.0550059919640888 0.0114971179801016 -0.592503629333437 -0.109320291214004
-0.110584200203672 -0.00802915726732316 -0.200144720019652 -0.0970821708241002
-0.0983279102388217 -0.0222833787935767 0.168586627505287 0.180369842703009
-0.0432666484814743 0.0324437959888521 0.514918775375036 0.34524793657731
0.0670971376188151 0.037651127233034 0.580304842238387 0.45096044035615
0.0384166365729647 -0.0895928361099533 0.533356540063082 0.625920799721522
-0.0493569928935119 -0.0770840870528204 0.519172554467582 0.603254690133286
-0.0708656424380179 0.00388325242606683 0.418010717988817 0.394385099626032
-0.0409637362542517 0.0425611369184798 0.193820074280178 0.126454569206178
-0.0362973948494833 0.0587405109131047 -0.0458443096168934 -0.139322624795439
-0.0451825527741177 0.0508133441023913 -0.345515185863805 -0.242940584275712
-0.075183153227449 0.0310520520874482 -0.596803561886058 -0.315255846947655
-0.0947699522237892 -0.0315076931488013 -0.727205208631007 -0.24119127312575
-0.0268523840053381 -0.121656261635935 -0.752355433331616 -0.118377946864209
0.0506389668906929 -0.0271107639929444 -0.720608746056778 -0.0250799749475235
-0.0468503676978978 0.0461443990961144 -0.581674577385189 -0.0965341536647881
-0.12126546027301 -0.0010499309476808 -0.172522763375932 -0.0900677260486274
0.105210722185991 -0.00214102536816202 0.135869352569871 0.11223547551764
0.00791533475582952 -0.143910398433077 0.524365228234295 0.126733121352144
-0.0671631659528884 -0.0326624922078987 0.705713054839675 0.0340117813788071
-0.00429914911718459 0.0741572537097827 0.753190232308666 0.114156612331052
0.0770749805000469 -0.00430220004078237 0.764031937167747 0.21117914933475
0.0514197657479839 -0.0479187985054478 0.658156645852194 0.261274727074454
0.026926916810587 -0.0696250726131228 0.396795123163771 0.201704394413294
0.0220227470035314 -0.0815246569851946 0.11967144357205 0.0354052489608623
0.0298833286226344 -0.0789019114968184 -0.13231063921973 -0.125102155457536
0.0516232895202483 -0.0398363009365187 -0.321776573137399 -0.392281741221266
0.0524558806004405 0.0206627578348313 -0.482359465586363 -0.573287998525515
-0.0223301048095982 0.0276234172753815 -0.567730157492871 -0.623575082234215
-0.0599281468824637 -0.0834309902212712 -0.602588676749576 -0.47497244228016
0.036726514637454 -0.124536374276184 -0.554856049236932 -0.338205808996338
0.11434728499459 0.00564296373002928 -0.255894829070782 -0.179993002741112
0.085176080575725 -0.000288259888132969 0.115220881525738 0.109277736194336
0.00291630759018894 -0.147654305273151 0.521887480599402 0.140906774338343
-0.0887115239629554 -0.0476916282321638 0.689624973976042 0.061232431810534
-0.0438139058576865 0.0636806310677709 0.739515475784771 0.168743589451335
0.0421643719647886 -0.00728241057417751 0.776869238690306 0.252103657440263
0.0193282338740528 -0.0582966901512305 0.666203419753309 0.262454571764023
-0.00702682525680445 -0.0855779272833822 0.396767834254789 0.177463818766289
-0.015708551241441 -0.105761398648224 0.1132372911811 -0.000808666479195883
-0.00644822125322896 -0.108052400086544 -0.136672560940379 -0.160024998755284
0.0147094758765754 -0.0773455803241574 -0.320955211066416 -0.405909245443785
0.0263655953567619 -0.0187273690294086 -0.48264562250058 -0.550852636445649
-0.0299779706760353 0.00402371660932715 -0.591199048396122 -0.568768470251915
-0.0777871211216946 -0.0833344368604819 -0.638391710975769 -0.43445901011698
-0.000320041607023796 -0.135535854051436 -0.569260404194114 -0.321734474011576
0.0866191180048234 -0.0179952820389364 -0.269748044940318 -0.177123649497374
0.0527552224562274 -0.000411700257193523 0.102596377810754 0.107605872656314
-0.00442114905300858 -0.136220539561026 0.526089594060144 0.163424148965493
-0.0911308878601317 -0.056922765210209 0.673132584956651 0.106174163980895
-0.069004647758086 0.0373807806945924 0.71260249311926 0.251503498859479
0.00410010351893032 -0.0203311129466853 0.767485529356308 0.32254503761978
-0.0145009713954111 -0.0658719778878731 0.656883762843618 0.285015413500379
-0.0381684447262805 -0.0911846105990364 0.379067485762582 0.155479393864108
-0.04891520508586 -0.11185538594168 0.0936761944564269 -0.0419881994941978
-0.0412536613449533 -0.117421667968013 -0.159262770620494 -0.198044864362502
-0.0262576781138397 -0.0951556835384821 -0.346638277324896 -0.417050388380641
-0.0113425418917138 -0.0471685955562862 -0.511797960957745 -0.514900485866666
-0.04290599156494 -0.0252426063718971 -0.626616563643909 -0.487958583003422
-0.0828531865864242 -0.0798400019864458 -0.678201252065602 -0.358880925510556
-0.0328195281478964 -0.12643789851226 -0.58607642274776 -0.280066909891343
0.0462871788927817 -0.0347765748205901 -0.276067716172376 -0.161996629801564
0.0132239795880334 -0.00772001213734844 0.100387383859985 0.107862939804788
-0.0215295461140683 -0.111961452210391 0.530301455181201 0.195704227886227
-0.0790087833816046 -0.0520139845369685 0.653169183376658 0.171294997294828
-0.0703209781719354 0.00108421001456194 0.674898456321125 0.351720126583728
-0.0262486428532377 -0.0453679023472538 0.737454375569136 0.414250609976931
-0.046502580878733 -0.0728249740421951 0.632036664350724 0.317282031387852
-0.0611455370308374 -0.085922229159605 0.350503165279726 0.136866543311109
-0.07312682310316 -0.100504907839012 0.0643184673336426 -0.0820629862102245
-0.0688038249490753 -0.105493635588661 -0.1957308512489 -0.231343601321163
-0.062455665566009 -0.0902753668814337 -0.397158025317761 -0.416983939218981
-0.0506657323246185 -0.0584870680496459 -0.558094594499323 -0.463882885330014
-0.0587804237811271 -0.0519557018528519 -0.665758825126822 -0.390931342909843
-0.0761163367547791 -0.0740988217509973 -0.70767971548968 -0.265408702383237
-0.0553888813803055 -0.101711078632383 -0.599438943325561 -0.227268252567044
-0.000773005588632083 -0.0385292049962505 -0.270236235562597 -0.14317524532106
-0.0273565465570769 -0.0207538873670628 0.106699849986703 0.116195189249119
-0.0430744531533225 -0.0818361378283497 0.530680604112731 0.238447892742635
-0.0552894458177513 -0.0325242638422983 0.629398181124476 0.248521894469659
-0.0489073505023334 -0.0349421522264964 0.625513937497989 0.451808583521977
-0.0451133580007654 -0.0746027199056308 0.688091059895911 0.496347935290146
-0.0710312326277318 -0.0747636872821721 0.585087625146617 0.34497865716645
-0.0741725707076698 -0.0691005298476639 0.310599186527994 0.121501740406309
-0.0846522087309585 -0.0727228144923053 0.0307767293021019 -0.115888565084649
-0.0838570887417681 -0.0755966413487614 -0.23977330755949 -0.252497156872127
-0.0878511066814597 -0.0650534077128538 -0.455200193838296 -0.402701626266386
-0.0840402998243146 -0.0535467017279781 -0.611959399294968 -0.40072805406161
-0.0712412298832533 -0.0714100461307619 -0.698388118262496 -0.291921908787513
-0.0585968383614264 -0.066463710702077 -0.724059841554839 -0.173654500052771
-0.0641471709162162 -0.0673403942032444 -0.604561052798109 -0.173418898017268
-0.0458646541946084 -0.0319876780858458 -0.254538414796823 -0.122885782928063
-0.0638126358821346 -0.0322439284731044 0.121671825457645 0.133484150650903
-0.0606238901170161 -0.0465949564721442 0.525605107042988 0.280107984872283
-0.0208932016176996 -0.00493952118900618 0.604163103579289 0.3279284210313
-0.0151024861289702 -0.064346439436393 0.581966208151235 0.539256494012481
-0.0524891619982342 -0.0958677121955755 0.630130550115946 0.558499926571984
-0.0845161075943257 -0.0646896316169672 0.530609275386183 0.366587971567445
-0.0749589862354289 -0.0396818738988183 0.266087517203101 0.11206992040454
-0.0815590354064128 -0.0323526793908103 -0.00211010877640389 -0.138350637096564
-0.0848205011103519 -0.0343119814081393 -0.284482737533558 -0.260533865753451
-0.0972061715900145 -0.0304476968183154 -0.513373675890738 -0.372742762975495
-0.103451379769584 -0.0418100335610939 -0.659218695535297 -0.330092967971213
-0.0730467140357057 -0.0889332735975294 -0.721782590362582 -0.204211176606137
-0.0300492195223515 -0.0568416910020109 -0.730250459199403 -0.0918417028819865
-0.0623612786825914 -0.0271123602017632 -0.600989102672314 -0.129555220930031
-0.0836491336284116 -0.0182927387690742 -0.229329107485926 -0.106506891576075
-0.0888837091677344 -0.0328796274369459 0.143856617100976 0.156657012318428
-0.062157229705472 -0.00600050312084333 0.519906854494425 0.315460106604392
0.0226827860921741 0.0206416036029267 0.585673560275352 0.39753215185106
0.0166693299973482 -0.0840021167102696 0.550472221467062 0.597322748550635
-0.0549255559727556 -0.0970236664428702 0.57033940573053 0.588162848999377
-0.0846619443273704 -0.0366431528323575 0.472886389281459 0.378630891948972
-0.0633012350128247 -0.000861790813654475 0.225252747352105 0.111213020981031
-0.0638694174590584 0.0136438803495779 -0.0293262448855668 -0.145565048692495
-0.0709220918930287 0.0116063435776133 -0.322033848951106 -0.253888775575701
-0.0927447149621611 0.00438026286079714 -0.563007624545495 -0.338066630895808
-0.107217481898254 -0.0317327080368918 -0.698515295359461 -0.269637800502968
-0.060193997977578 -0.105766634065965 -0.740743690627959 -0.13557451755282
0.0080137191073419 -0.0448939219671746 -0.727021135097399 -0.0373858715933779
-0.0546768662742167 0.01210068903167 -0.591407557724749 -0.0996537703628204
-0.109851896060672 -0.00653423672942305 -0.201525570481137 -0.094861154120016
-0.098779349240597 -0.0211182350665102 0.170071448929659 0.177745323107851
-0.0429717910677474 0.0327641310300414 0.516465661752662 0.337445083911138
0.0676134029790774 0.0369872243814981 0.582035017974544 0.44097144202106
0.0377556902650567 -0.0893852633185465 0.539755671825383 0.615186467833035
-0.0498953232970052 -0.0762789574161753 0.525910209200631 0.597159090887421
-0.0710473731095995 0.00428150757510623 0.423222306872556 0.387618733441697
-0.0404623609910251 0.0432376074320994 0.194479483309406 0.123032063893505
-0.0353755155969545 0.0582907092684586 -0.0478615358885053 -0.13857125712623
-0.0447040128744415 0.0522350831347261 -0.347063570687773 -0.237296981360214
-0.0747798390822967 0.0314525772033753 -0.600298573926931 -0.307069327809187
-0.0950591459527817 -0.0297952429881099 -0.72771749526122 -0.231302375604953
-0.0292105308602153 -0.121315977577681 -0.75246404917697 -0.107718840900314
0.0504762615279478 -0.0275995607405275 -0.717696341036907 -0.0161413292769377
-0.0459545687374754 0.0469356628622307 -0.581129143398965 -0.0891837497408665
-0.120820502313581 0.000555303394551772 -0.173616705078155 -0.088199700500502
0.105399526143559 -0.0029258019952973 0.136247049626406 0.110478028740954
0.00635591521593785 -0.143006708193538 0.522199320649234 0.12009931184326
-0.0677008366138657 -0.0318178508593756 0.703388884615782 0.0229304137757494
-0.00363012582809062 0.073500222104366 0.75089530609102 0.103947273145876
0.0768707797668694 -0.00565944688654301 0.763938146352279 0.199455259628853
0.0503477625356802 -0.0484325113753155 0.659391328385228 0.252912348607859
0.0256722272864794 -0.0703103937107631 0.397538473886284 0.195606191838986
0.0201878914812638 -0.0819041287343781 0.119860631870004 0.0333832111234024
0.0285511595729459 -0.0793476594974394 -0.132985084224775 -0.121980919605606
0.0508138397380673 -0.0398018338159209 -0.324022160839709 -0.386734489758085
0.0523001617993045 0.0199533744941157 -0.488228017996316 -0.565065755014843
-0.0222748764041473 0.0288809098269987 -0.573504738119377 -0.613119021843693
-0.0603636744730044 -0.0820010184997663 -0.603791183611685 -0.466096028902586
0.0356118582607292 -0.124209578570601 -0.556820594922323 -0.330633296229783
0.11421839036204 0.00469108467828201 -0.256564131484402 -0.175916168130401
0.0855259952402459 -0.000734510542636227 0.115727528118794 0.108355383251936
0.00149592037760197 -0.147133533616265 0.521154459500407 0.133284654507657
-0.0888482590869307 -0.0476012617911274 0.688230663164283 0.050620114468823
-0.0422837995399549 0.0644060161931134 0.738751558507921 0.159155711457032
0.0420487590843304 -0.00779314291692871 0.775451849761324 0.242946659270703
0.0180165470859917 -0.0587667349609124 0.666680939850337 0.252849090538734
-0.00877536462951375 -0.0858813168636069 0.395827413404104 0.172412425629747
-0.0174010983049353 -0.10494343244436 0.112466359949052 -0.00215497618601394
-0.00835498665424426 -0.108218301855493 -0.137597236734378 -0.157751548697262
0.0138796135618006 -0.0771091052795253 -0.323944576213459 -0.39877310311881
0.0263345704131235 -0.018881153407866 -0.487539276289855 -0.542578455806699
-0.0304307321840956 0.00419656424702347 -0.595652055699606 -0.557255406916558
-0.0793996658859479 -0.081809857473564 -0.641765412806565 -0.424504717516896
-0.00131527932700364 -0.134530006050537 -0.572210533639863 -0.312718840741387
0.0867549156861506 -0.0196188202259249 -0.270797223879996 -0.173389628162806
0.0532847447905724 -0.000724584956136767 0.103478021766694 0.106395355340922
-0.00630110447614353 -0.135715563763412 0.524074022291467 0.157642433010797
-0.0916101255358747 -0.0567568895400824 0.669808983979039 0.0975304926547226
-0.0674480953131082 0.0379093504814572 0.71210792903229 0.241238066635969
0.00426906806988953 -0.0202374624423951 0.77018577957199 0.313271838014438
-0.0154216983227746 -0.0665116222669522 0.659208903825912 0.275605530826048
-0.0385266826518876 -0.0908202811122005 0.380089373449288 0.149375556711151
-0.0506659195579595 -0.110593700727252 0.0918647796516041 -0.0430644116525368
-0.0436718324227562 -0.117534211082454 -0.160675821976488 -0.194901616669564
-0.0267244348896478 -0.0953817315770148 -0.351974925694252 -0.410877323965316
-0.0107688492207859 -0.0471711039816148 -0.517923697361355 -0.506477103195902
-0.0432354992475914 -0.0250796348294953 -0.629027548446763 -0.477280657569965
-0.083977546402852 -0.0786851911886554 -0.679607889998407 -0.350244908810134
-0.0345695833793733 -0.125123509029731 -0.588800966244831 -0.271066488164912
0.0457503060046516 -0.034800700351197 -0.277079096597592 -0.158521238522703
0.0141166860455174 -0.00741185690433265 0.101243633877254 0.106003128193127
-0.0231493482160801 -0.111803064133532 0.53123337222685 0.18855888784783
-0.0788564179797781 -0.0507845175930511 0.650532235221002 0.161102264868696
-0.0697613021613584 0.00169746272577617 0.675710124710493 0.341483677121935
-0.0273377066980062 -0.0451314179755793 0.738774909998976 0.404242279373816
-0.0474306203239466 -0.0726275411652175 0.633440846896674 0.307788165747255
-0.0624165760599337 -0.0855217416579364 0.350918220823497 0.13129735640184
-0.0746483715854295 -0.0993808141096513 0.0631525757211254 -0.0828515998917298
-0.0708982436386137 -0.104799127037899 -0.197358506414733 -0.228240585955128
-0.0636101430595445 -0.0893025396589045 -0.400819414705784 -0.410190845085076
-0.0509509703626543 -0.0571930249607454 -0.562547822579855 -0.4546737465561
-0.0598493194719054 -0.0503737313818765 -0.666113471567579 -0.38129910770944
-0.0767131081923217 -0.0733329414414881 -0.708903395429738 -0.256052585713977
-0.0560072559788134 -0.101023538662476 -0.601374601492039 -0.218162477322096
-0.00100829198257029 -0.0380468539640517 -0.270323543758992 -0.139274518518629
-0.0268824056299349 -0.019963560448856 0.107273452954077 0.11500617016234
-0.04389636128683 -0.0814629944428533 0.531505378607539 0.229894523405946
-0.0559114476085046 -0.0318438572259977 0.628979606910472 0.238762834365681
-0.0492629455086129 -0.0341986466963632 0.627403745948713 0.440940788497155
-0.0462898291680729 -0.0739111539137803 0.690781772983106 0.48600561220321
-0.0716745022736023 -0.074154461217165 0.587742074914666 0.337275880858381
-0.0746418995734895 -0.0675864477313939 0.31066453864013 0.116897954628978
-0.0852143556477869 -0.0710681080905651 0.0283406058329796 -0.115563239700071
-0.0861286945323522 -0.0736822183166101 -0.241313984144125 -0.24817230353502
-0.0887062459538014 -0.0641788431105342 -0.458276574450407 -0.395690207037476
-0.0842431402120441 -0.0519474322809177 -0.613206168226454 -0.390730751819996
-0.0720969759578947 -0.071008216720959 -0.700355131259654 -0.281547518498246
-0.0602985012099625 -0.0649261542484149 -0.723258118461272 -0.163356469920123
-0.0650781420290509 -0.0658373966029978 -0.604766350716685 -0.16270303689377
-0.0460803635467743 -0.0306667879668672 -0.254376693327202 -0.119334805478853
-0.0633211361168188 -0.0311367295986196 0.123159452603067 0.132461109954819
-0.0604716300730811 -0.045945658366092 0.527706878448782 0.273349948413118
-0.0208177205169491 -0.00448777915676941 0.603562149999837 0.318762432683408
-0.0153810805204571 -0.0642346317645746 0.585320484260242 0.530491596163726
-0.0542252806945691 -0.0946795546768173 0.633722138162898 0.546833252524041
-0.0848169175992026 -0.0638593813250421 0.533147474247772 0.357605156661402
-0.0753257292485173 -0.0395500923152775 0.266948830387301 0.107535683103568
-0.0808549167134309 -0.0307658553037287 -0.00367921230031041 -0.137667315046591
-0.0854838230694783 -0.0329834864079057 -0.286149870382199 -0.255482475601962
-0.097913463628547 -0.0290037272416267 -0.517407639398405 -0.364787194928942
-0.103651493573136 -0.0397601150667049 -0.661075923903822 -0.320188641519321
-0.0749898730631308 -0.0882757209974183 -0.723905241739093 -0.19325768916054
-0.0310806757239951 -0.0564395839174617 -0.728231325774392 -0.0828962683787507
-0.0628105228764601 -0.0262748690466683 -0.600065243022494 -0.119802240939087
-0.0839836098301234 -0.0170843775420949 -0.228604200762176 -0.103314309169402
-0.0887129144481881 -0.0316976354357496 0.145377034201551 0.155351343138432
-0.0628450261403666 -0.00486020569871445 0.521346855055851 0.307857035226402
0.0233076172841055 0.0199839947436815 0.587425151774842 0.387717611145881
0.0157078450035764 -0.0838026453828021 0.555663589440406 0.587128654276083
-0.0558227566397565 -0.0959232828797799 0.575430747137941 0.580849829605921
-0.0856199408656127 -0.0364511910385176 0.474645718849829 0.371066909655716
-0.0629457981692577 -0.000814030391351153 0.225160474156967 0.107154302210258
-0.0638868857662855 0.0143165787735693 -0.0311741761462246 -0.144503280844754
-0.0703215461715584 0.0125432437049767 -0.323567488760261 -0.248905414998864
-0.0919879262381317 0.00611958987547023 -0.565970028777488 -0.329679521271485
-0.106935153160904 -0.0300435187223285 -0.698592874042447 -0.259950767081244
-0.0617118458379954 -0.1043169993664 -0.739067949420276 -0.126583011325719
0.00706734113681446 -0.0441369548172026 -0.724378663398197 -0.0286529176493842
-0.0542448482267528 0.0137460852465083 -0.591752399453152 -0.092775388630018
-0.110538755149631 -0.00490605230423308 -0.200665751756085 -0.0922561785180856
-0.097601668189061 -0.0201389213785804 0.171493545156047 0.175932681147211
-0.0425793470832832 0.0338023816381457 0.5172542700042 0.331205250576146
0.0678469938587559 0.0355043802130642 0.583737275138676 0.430709899570977
0.0366613853284062 -0.0895177688910046 0.545221514052799 0.607718194925369
-0.0512600347989059 -0.074857824268642 0.53001148296865 0.586210395801705
-0.0709971930140521 0.00493743864909106 0.426499181510736 0.380176306671004
-0.0404424844737868 0.0425245471755046 0.195184029452331 0.119355356044178
-0.0342179596324965 0.0584997199539253 -0.0497472592221638 -0.136774704390946
-0.0442209852654657 0.0523343790187246 -0.349001149849057 -0.231276833913015
-0.0737639602974276 0.0330517294991936 -0.60081702493717 -0.297949921583624
-0.0948359836750548 -0.0286491215224573 -0.728618237671964 -0.22187486130108
-0.0312766318450924 -0.120410121801826 -0.750274726183271 -0.0973766342500731
0.0499249070354612 -0.0282673334026315 -0.715659595306244 -0.00533489790969371
-0.0447066349772596 0.0474742864412457 -0.580264900329277 -0.0799119768285377
-0.120751728653836 0.00284119328252471 -0.173805326700352 -0.0861550976367696
0.105925524600404 -0.00454441152135235 0.137291405579652 0.108029483058513
0.00393696748333255 -0.143327408466735 0.521410667643636 0.112433175247948
-0.0680419346581283 -0.0310646439232643 0.699773058684049 0.0146213746560542
-0.00180046324848553 0.0729495610715992 0.748718088348561 0.0947012593923243
0.0772403579883899 -0.00667730777391517 0.761193442118201 0.189273701669803
0.0495475207342655 -0.0496459598601714 0.656730840743138 0.243763298732214
0.0241164053286414 -0.0711219124151496 0.397281404219405 0.190192742670936
0.0185653577053399 -0.0825740079971631 0.11916399537476 0.0320868237422278
0.0267161682027359 -0.0799067703830159 -0.133068938110111 -0.119805289286584
0.0512936718522171 -0.0414532048532852 -0.326908412027121 -0.38132670884461
0.0532894384744097 0.018949397595835 -0.491643881891799 -0.557164424931209
-0.0218685831629258 0.0284821565556162 -0.577672664315914 -0.603092011007222
-0.0627374619937734 -0.0816435249766766 -0.607900337173788 -0.456357559916652
0.034271959327574 -0.124154079122749 -0.559224058239469 -0.321824850017136
0.114402764245745 0.00340606049414433 -0.257483608303011 -0.172863646926007
0.0855687637837857 -0.00141231249346317 0.116727346408627 0.106785805228324
-0.00168176529607355 -0.147074471896206 0.521903923427368 0.124280990882627
-0.0888925669701175 -0.0462496477818751 0.68397509039154 0.0408951250270188
-0.0407472446913589 0.0647404903090796 0.736205938244637 0.149036319071864
0.0419330438860793 -0.00824269386873634 0.773211591030643 0.231093535858888
0.0175005122523234 -0.059062941249457 0.666222258988625 0.245015129773203
-0.00938405421570711 -0.0853804009097382 0.395131192343676 0.165448004318515
-0.0186672600930594 -0.104597815236606 0.110971350876834 -0.00315200436629479
-0.00976277528806926 -0.107729531462245 -0.13819581705381 -0.154827492461981
0.0127630824990137 -0.0776058266252701 -0.326215572403221 -0.394436777315739
0.0266139431561941 -0.0189768984413745 -0.490462097038697 -0.533931956402474
-0.0308311930349934 0.00459883862602705 -0.597710684259131 -0.54784180958063
-0.0806520586724789 -0.0811464043650993 -0.643948594710331 -0.414035022026921
-0.00256302891967677 -0.133886265760762 -0.572598954998802 -0.304361738226839
0.0861392402249228 -0.0198880656227809 -0.270586523916456 -0.169910953760726
0.0540438987934396 -0.00105060251560994 0.104459685377541 0.10423070480146
-0.00908699353442596 -0.134688525809134 0.524245746703203 0.14780696670539
-0.0921715151765036 -0.0551791863593503 0.666724856994144 0.0883929671302225
-0.0667153210755704 0.0384160855004799 0.712314263366882 0.232321418296447
0.00417883179559131 -0.0204160677226493 0.769462243409202 0.302997097588104
-0.0165897070644883 -0.0657571162583082 0.66113420928261 0.265129385697108
-0.040169896052843 -0.0909799975951472 0.378464105662231 0.143802997710033
-0.051382464344528 -0.110337695644559 0.0904504357231186 -0.0433873501797053
-0.0444238188167102 -0.116473440642178 -0.16192365910116 -0.192127110689794
-0.0277681947628632 -0.0946422659296569 -0.355070146190566 -0.403913255911417
-0.0112352831843594 -0.0466685635262779 -0.518634637164975 -0.49738610101318
-0.0440109737555819 -0.0246657602682542 -0.631881581494633 -0.467381248058858
-0.0858774938843896 -0.0767171430091274 -0.679714809794899 -0.33858691242981
-0.0358144176857671 -0.124254982990095 -0.58861982017842 -0.263438726351514
0.0456559993958886 -0.0351456163506968 -0.276801129338907 -0.154966987448552
0.0143106295951145 -0.00738885616375578 0.101542343984512 0.104930309777763
-0.0250526141509218 -0.110965680409623 0.530365140170007 0.181829248647261
-0.0790771247449895 -0.0499235063386395 0.649938197289041 0.151753138659121
-0.0691417409414743 0.00317253709659496 0.674141317953181 0.332155817651711
-0.027375287353792 -0.0440965735531474 0.741369013675296 0.392245957495521
-0.0487030204494719 -0.0724366156631577 0.633811069044955 0.297294357702717
-0.0637286556860231 -0.0849913248182744 0.349645675441771 0.1258879717541
-0.0752211582072256 -0.0982768942013509 0.0613471687470367 -0.0832763612451702
-0.0715381035663276 -0.103784735255774 -0.197859700867578 -0.224414199201028
-0.0642168213251629 -0.0889693957525628 -0.403220164254723 -0.403316398761946
-0.0511004116650257 -0.0568386990284756 -0.564611041470849 -0.447149560801775
-0.0606460226351929 -0.050239748129654 -0.668928674202785 -0.373041935723783
-0.0781083784351202 -0.0716889026364443 -0.706799623029627 -0.247343274083615
-0.0571238514212467 -0.0994810954712357 -0.600383738547618 -0.209197126627641
-0.00113665910421122 -0.0381847096944948 -0.271318617449889 -0.136020664861494
-0.0264778505643598 -0.020051615958829 0.108019654046873 0.112964014651554
-0.0459698318004645 -0.0807068234691873 0.531012714677048 0.22313855121662
-0.0550601791800454 -0.0311536489544426 0.627906577440502 0.228327227395717
-0.0493005689020907 -0.0332875401901104 0.628628370639375 0.431255613141133
-0.046583694386059 -0.0728892354278912 0.692659956714059 0.47601927802733
-0.0727378565079029 -0.0733366564286643 0.589266524202784 0.327944193696831
-0.0756791524755398 -0.0674301538314411 0.309664807070457 0.112229777277588
-0.0859700880972869 -0.0699597520978839 0.0275939333826528 -0.115220761980812
-0.0864315036058332 -0.0732359350145861 -0.242570394099691 -0.243812516862103
-0.0884307276198615 -0.0632834357215542 -0.461091253000736 -0.3872895872967
-0.084141951091491 -0.0507442616339049 -0.616258553130472 -0.38221804783705
-0.073673845223955 -0.0688073458723134 -0.698696675220996 -0.2732389756927
-0.0602154486834255 -0.0648365531671518 -0.722924236851328 -0.152862395257668
-0.0652520476382108 -0.0644616021796175 -0.604386288254269 -0.15563732940899
-0.0459463764324669 -0.0303022369471334 -0.255945724770633 -0.116049344635436
-0.0630120045951148 -0.0299962672053322 0.123150945497381 0.129828916503964
-0.0625966942738078 -0.0448364946263185 0.528244254814666 0.265424677194124
-0.0202444688640546 -0.00503678532221283 0.60411217217533 0.307878742477527
-0.0165857291736145 -0.0633445850496042 0.588233337615535 0.521615546915603
-0.0547082320461621 -0.0936901550405622 0.636908283830361 0.538688893972431
-0.0863822168744741 -0.0630114677129048 0.533380946718307 0.349479176836138
-0.0755759823592221 -0.0388960474583127 0.266052534746257 0.103528391294833
-0.0815059139278951 -0.0307871374666989 -0.0060727770034575 -0.137267052399651
-0.0862724083272795 -0.0309926239063689 -0.286860529257008 -0.25088072745474
-0.0983684361374261 -0.0279975567457372 -0.519353243756597 -0.356331147435188
-0.102922371195721 -0.0384259518578067 -0.660773771159224 -0.312519956517087
-0.0760988273275069 -0.08672814060042 -0.722699989344139 -0.183348818854673
-0.0316268733934148 -0.055925631789258 -0.725787032985856 -0.0727485886061433
-0.0625250410384582 -0.0246662782922168 -0.599497446084975 -0.11198980640302
-0.0840779331923911 -0.0167112203034833 -0.229365367544513 -0.100583274917585
-0.0880260711384382 -0.0312205625074761 0.145727920291007 0.153125151457498
-0.0627898957302091 -0.00412488040913798 0.522263918614709 0.300365619301702
0.0235337012700994 0.0199539289711985 0.587951505179725 0.378307446341797
0.0144643547660062 -0.0835911332098628 0.557779524624251 0.579933639050472
-0.0570372181090718 -0.0947824365246046 0.578943379067679 0.570758745955755
-0.0856471441344332 -0.0351968925092868 0.477322706998714 0.362957676227691
-0.0634194346666009 0.000156720732509266 0.225389246634826 0.103607759893767
-0.0633842726717703 0.014887542751684 -0.0327836558592337 -0.143555843166184
-0.0706865921559393 0.0137112419975005 -0.324098392771385 -0.243219100115613
-0.0914615050115778 0.00699030337119113 -0.566316507177032 -0.319848499129548
-0.106573957962024 -0.0289602559550678 -0.698450706103628 -0.250939250686684
-0.0626786953238068 -0.103470445380664 -0.738065209040696 -0.116763597873496
0.00720299402531274 -0.0445663726645953 -0.721581916714384 -0.0194728022328864
-0.0537351849327562 0.0143998463803019 -0.592222712477729 -0.0846090509885684
-0.110729444804408 -0.00309611436298187 -0.20158412524019 -0.090041575566102
-0.0975269438003206 -0.0189571028990735 0.172637384019744 0.17290771571892
-0.04349873403982 0.0340632367675028 0.516884129804027 0.32299147210831
0.0679543970541335 0.0349642948193839 0.587188840212193 0.422008161825371
0.0351811665286888 -0.0896482425000336 0.547711724032042 0.59758991066407
-0.0518079634740809 -0.0736820844815139 0.534853144297151 0.577989459217708
-0.0705445991253965 0.00583366589959535 0.429237960341911 0.373284523374911
-0.0395942145083531 0.0434104620498672 0.195235705659023 0.116186320098959
-0.0329538594936035 0.0582527646127534 -0.0511016267624024 -0.135923238092178
-0.0431570428768553 0.0530122872561202 -0.349486660269976 -0.227101325876267
-0.0735323647293006 0.0333219796391938 -0.600350406628942 -0.28863382131062
-0.0947207637532051 -0.0265590395172392 -0.728354354038303 -0.210829929136828
-0.0326732502506217 -0.119460709055805 -0.747990693938984 -0.0872270423164628
0.049942654393775 -0.0286804210265726 -0.712346385707401 0.002161655828575
-0.0442094050297506 0.0489099718131884 -0.577436376100316 -0.0725169193175322
-0.119929044710853 0.00342782048729701 -0.174155401512049 -0.0841514311092378
0.105923124805216 -0.00555208508909004 0.137484715723374 0.107188523732546
0.00226668387194041 -0.142737173175878 0.520849851982129 0.106983001944659
-0.0683265410156767 -0.0307166917937589 0.694759028332646 0.00617946506406261
-0.000343197710760497 0.0727577273442614 0.744139521893947 0.0849153938519322
0.0762216064112596 -0.00760865626722085 0.759131737521607 0.182528048018126
0.0483317608286095 -0.0503784042593822 0.657975029463674 0.233783330130809
0.02278012649444 -0.0710493022158187 0.396354603654355 0.185462985021471
0.0172338419071122 -0.0827282772422328 0.118783180212632 0.0313617980289021
0.0259707857209979 -0.080365116939674 -0.133827897675866 -0.117477695415188
0.0503768442985272 -0.0419531979062587 -0.327530588502666 -0.375432240396035
0.0533415770421957 0.0187356303332262 -0.493925839825582 -0.548361600377172
-0.0209002261779498 0.0282445033729169 -0.579934104235012 -0.595339059118672
-0.0630976389582932 -0.0804728530751408 -0.608755805576843 -0.446851735934799
0.0332897420914299 -0.123809493996844 -0.559771913669482 -0.312701463829374
0.113649767479814 0.00195010727637683 -0.257788002548722 -0.169436359065376
0.0861303177947899 -0.0020443875837229 0.11732648828657 0.10570763121645
-0.00387397321701417 -0.146531464020002 0.519175708869527 0.119763395784669
-0.0893961537612227 -0.0455023938151673 0.67865574892044 0.0329998122596806
-0.0399647483418084 0.0648532572773668 0.732279948226898 0.140872904965312
0.0418292412293114 -0.00845914563353814 0.773623037332712 0.223645640407521
0.0166045211929659 -0.0596071272560283 0.667755207399002 0.236661521669611
-0.0110926501528762 -0.085923572565234 0.394860210964713 0.159741194962647
-0.020372097240141 -0.104408722281631 0.11068171518565 -0.00390561955857801
-0.0113334933453417 -0.107730192197182 -0.138136772572096 -0.152716596092662
0.0128737443062272 -0.0783669228393315 -0.327577737330427 -0.3890148194843
0.0257972559994408 -0.0198152546415622 -0.492675687569602 -0.526467777783129
-0.0307077959342842 0.00517437350870734 -0.600356632821602 -0.539639485073722
-0.0815178292712182 -0.0799649024975162 -0.644345182149469 -0.405388516709316
-0.00374849517491583 -0.133487118206286 -0.573417355271397 -0.29637751114422
0.0859136218596252 -0.020430044676588 -0.271151071751089 -0.166890132219926
0.0543271103652822 -0.00121805156279047 0.104654668698366 0.103759944254646
-0.011526426232617 -0.134522645360635 0.522786206171479 0.142989117414801
-0.0926131407513691 -0.0543131107966365 0.663060654853849 0.0788752146561242
-0.0654134833751996 0.0392013514722815 0.709291444377367 0.222634080384306
0.00405956470791267 -0.0202571285307712 0.769557476305655 0.292249798007046
-0.0171048786365828 -0.0661150848064375 0.65876456511883 0.25696621295126
-0.0413737592918878 -0.0901229439810301 0.378277796019642 0.138684334396869
-0.0530574556249541 -0.10954912200234 0.0896484463301701 -0.0437003851154363
-0.0460022333996174 -0.1157358710963 -0.162751034562356 -0.188876320486132
-0.0286702327516212 -0.0944905932855017 -0.356878007746948 -0.397907694621342
-0.0116827409253296 -0.0467771672651982 -0.522055213821555 -0.490793961685436
-0.0442773583174779 -0.0235045775586849 -0.634038269365739 -0.459801062756705
-0.0857364042614909 -0.0757964866263979 -0.680541456680723 -0.328253320043623
-0.0364754739770922 -0.123215461420558 -0.58805434913851 -0.255741204056273
0.0447021287503408 -0.0352713415518776 -0.276836831940776 -0.151673415277324
0.0149856083264357 -0.00720682486011751 0.101971865744175 0.103601358504158
-0.0268924908134113 -0.110163228262942 0.528926881114039 0.175327234432176
-0.0795927162822372 -0.0492590863152562 0.646325792000086 0.144420885695953
-0.0685336854230867 0.00314946079804191 0.673646931375693 0.322565132401203
-0.0277522228701542 -0.0440282802289513 0.739955050683801 0.384807204169426
-0.0492836556809843 -0.0719659171723624 0.632683283238203 0.289354229970138
-0.0642153692313339 -0.0847480004200109 0.348172317377137 0.120786787560119
-0.0763393001431849 -0.0974532286965229 0.0599205488909101 -0.0827357761079186
-0.0731335397059378 -0.102568616702218 -0.199640788763702 -0.220332361761147
-0.064851811700871 -0.0876488144033652 -0.404442477257159 -0.397635571169339
-0.0514062092337716 -0.0562408895330851 -0.564884333800592 -0.439516931960682
-0.0610620516178614 -0.048982906757359 -0.669589200947901 -0.363479214161717
-0.0789215486202923 -0.0708117844583052 -0.706472325274888 -0.236701274303865
-0.0570914564620292 -0.0983562460362576 -0.600378192499397 -0.202000122486285
-0.00189649222146052 -0.0380772747949387 -0.270662462262738 -0.132013755267367
-0.0255607907322546 -0.0196445846492704 0.108252869199007 0.111671973196922
-0.047082324036723 -0.0801341745659835 0.530231660142807 0.216605933522654
-0.0548160250083895 -0.0306080859030051 0.625567039519242 0.219535240867934
-0.0489650257162235 -0.0325200060393437 0.62906492281816 0.422589271552386
-0.0471832377382352 -0.0714350625470001 0.694883413963567 0.465429474437825
-0.0737226355053376 -0.0722923263961231 0.589856141999075 0.321259375432813
-0.0756674864298806 -0.0666533614528879 0.309513610990727 0.107613551725321
-0.0864012269435822 -0.0684555370269359 0.0250212944906272 -0.115056113636202
-0.0874795952120258 -0.0720166744283838 -0.243477628137414 -0.240505228958641
-0.0884714112649847 -0.0619520859675183 -0.462651301709497 -0.380486566579447
-0.083612204762695 -0.0499723503005519 -0.61704731922849 -0.373796906077881
-0.0747818559534847 -0.0684576834405476 -0.699367141013483 -0.264186138882931
-0.0611332082219265 -0.064158130520264 -0.721481824260385 -0.14490610179603
-0.0654835417856222 -0.063223463335331 -0.601706418508669 -0.148820359457836
-0.0465078968850955 -0.0296688797876175 -0.254178950815073 -0.11321183854944
-0.0626298763571178 -0.0294092476375201 0.123960376176009 0.128087536319948
-0.0631537435093478 -0.0436733047250938 0.527104039825246 0.259455462196435
-0.0201629277175324 -0.00480595046421545 0.60370676467975 0.301769578471268
-0.0168291575958935 -0.0635338941321789 0.589184072943612 0.511116387184879
-0.0554534228458845 -0.091942059647545 0.638746573379812 0.529776105173681
-0.0866397903063736 -0.0623033567768968 0.535329827848473 0.341959798829024
-0.0752307101296809 -0.0377994082319235 0.265469502168867 0.099498164350341
-0.0811947358754526 -0.0293071132533001 -0.00849248318085523 -0.136179585177338
-0.0858941320771299 -0.0297563351662037 -0.28763376628572 -0.246003477617534
-0.0975155067578692 -0.0275789505106341 -0.520344848837896 -0.349527606318569
-0.103152303233302 -0.0372923885745754 -0.659832996198696 -0.30310593710382
-0.076582629437096 -0.0855944175788403 -0.719390925706381 -0.175066714400492
-0.0321238043734534 -0.0553552382900972 -0.722833153542937 -0.0650978920917143
-0.0628147201682444 -0.023878740851475 -0.59775403800403 -0.104206992642338
-0.0836998688281256 -0.0155997615164112 -0.229690451719427 -0.0974287125625275
-0.0876042927525101 -0.029330999845937 0.146303288988673 0.150704663888528
-0.0632685163214414 -0.00325435016734561 0.521460313375188 0.294268647892261
0.0239773457365434 0.019780242428765 0.586867050528182 0.369304768885321
0.0137838654454405 -0.0834661025045608 0.559568822419884 0.569418141910815
-0.0583945516874322 -0.0938831967673684 0.583190582656314 0.561318768544917
-0.085906377780032 -0.0345939267755564 0.477918958586106 0.354714472730686
-0.0628844412079751 0.000312320673884203 0.224752269455624 0.100495311881165
-0.0625415938846164 0.0151747212415136 -0.0355163512550663 -0.142530125184336
-0.0707127522607003 0.0141186372349443 -0.324889095859307 -0.239475313132057
-0.0915636028630534 0.00769119713200699 -0.56730257745298 -0.313261256991352
-0.106496764292722 -0.0275761085102627 -0.697433737698069 -0.243180218089449
-0.0648497270518134 -0.101966916858488 -0.735528147066703 -0.108744248272655
0.00646993379670049 -0.0447335088946957 -0.71697479978592 -0.010468476964673
-0.0531806324076228 0.0154902353651135 -0.589114622404501 -0.0774453353657049
-0.109557229328758 -0.00179304121870026 -0.201270640000144 -0.0876828602373317
-0.0963671142406013 -0.0170429735621893 0.173402229942618 0.170971816651418
-0.0434381534538084 0.0344479063313764 0.519564619741922 0.316893911033893
0.0687425024958642 0.0336562611604858 0.585764120923412 0.412754526663476
0.0343962823405042 -0.0898741538787265 0.550706542483597 0.588891815055606
-0.0535193306906393 -0.0723090565452018 0.537569611445898 0.570281917698418
-0.0708749175091604 0.00613089125440026 0.429798013106451 0.367437194703054
-0.0393689998968134 0.0431937227074583 0.194972765590326 0.113843230882954
-0.0323912004758957 0.0585697822267434 -0.052219835046397 -0.134506414146954
-0.0427319925629037 0.0540251935573857 -0.349174727025348 -0.222969403976609
-0.07203318553531 0.0343335715193582 -0.601528133789417 -0.280534834333615
-0.0944806260208249 -0.02553143721899 -0.726779929916114 -0.202933786611488
-0.0342437297098665 -0.119356060139783 -0.746636332164201 -0.0794049554226342
0.0492490154090579 -0.0286668323505546 -0.708369721194032 0.0109632855573716
-0.0440261795998473 0.0494744976697881 -0.57526976495517 -0.064193973994232
-0.120100632781041 0.00528384444697906 -0.174847340863707 -0.0823369196106029
0.106089662696652 -0.00610365327757885 0.137448309409044 0.105943446707074
-0.000321452020999575 -0.142672740657833 0.518192271867037 0.101019704179471
-0.0687037558290214 -0.0302111475814438 0.689609199734772 -0.000727941678652497
0.000932913640881159 0.0718377600123551 0.740113869903872 0.0772731524870626
0.0760245803125146 -0.00882093330989608 0.7563418521697 0.175219582554776
0.0476534562584685 -0.0503786216687099 0.656213445086388 0.226505141506718
0.0217077015658866 -0.0716202615309142 0.394762731079755 0.179361575901696
0.0158582332952852 -0.0822277069675959 0.118568561059726 0.0303858707550472
0.0251030948679009 -0.0802101983073954 -0.132658489331583 -0.11474038439899
0.0495525541092505 -0.0425124254851058 -0.330524581276555 -0.369876479945923
0.0532923131099327 0.0179421574402233 -0.49549110292391 -0.542478978934236
-0.0218551593987033 0.0290652668691562 -0.584524124385025 -0.585835160113965
-0.064183647828826 -0.0794033629891279 -0.609899084330528 -0.439521648104973
0.0319796709912906 -0.123129583679754 -0.559212022343233 -0.30612166869831
0.113357071738191 0.0014397849224084 -0.257649701026718 -0.166186056931399
0.086579649143641 -0.00256185205090938 0.117355861139337 0.104280511866187
-0.00549073934436569 -0.146571389484262 0.51739693854912 0.114049987327451
-0.0894168394023337 -0.0448082777704382 0.6743804898524 0.0253208234655706
-0.0376777902318163 0.0651933095815142 0.72904824195857 0.133537624544057
0.0417800273535879 -0.00863332227547451 0.769320166491384 0.215277895778719
0.0155835105084104 -0.059270902284199 0.665395137322232 0.228810428654201
-0.0120242202443204 -0.0862175944759671 0.392805247396984 0.155627474172757
-0.021920153963747 -0.103911498300171 0.108610518473826 -0.0050137201676252
-0.0122833977452737 -0.107714647102189 -0.137901289171351 -0.149662787541188
0.0116736248543554 -0.0778185718536096 -0.329480192487748 -0.384127221737012
0.0256637235884373 -0.0197914040369698 -0.494791464919692 -0.518955716207482
-0.030157718859911 0.00499091714720511 -0.602525012537231 -0.532368453018836
-0.0815001558852567 -0.0791276636000156 -0.643704505332449 -0.39692615882313
-0.0043753620492861 -0.132160412031646 -0.573137483331083 -0.289372881849585
0.0852767843089912 -0.021445061587807 -0.270600277053811 -0.163193649254252
0.05477857995585 -0.0018591392259967 0.105118994910792 0.102519728019804
-0.013300913521998 -0.133703772860432 0.520250663105798 0.137435186913089
-0.0926066537884399 -0.0529032754084769 0.660478302020771 0.0721667661256912
-0.064491426080121 0.0396670464269244 0.707488170897395 0.215503450797381
0.0039820696706448 -0.0206213311672535 0.765520038778022 0.286442050873506
-0.0182878759873317 -0.0653827598423529 0.657032091661717 0.250638207447764
-0.0425939549747688 -0.0898254818302103 0.376842692830236 0.133610881782607
-0.0547670597382408 -0.108282848538044 0.0890452703243996 -0.0444760673544181
-0.0472197940275331 -0.115220902760612 -0.162993579731007 -0.186285850386942
-0.0294216620261079 -0.0940860098457944 -0.357399277746021 -0.393593275449502
-0.0114971475011202 -0.0469498664372829 -0.522049336646075 -0.484159684489145
-0.0446038793523765 -0.0229893638576578 -0.634150340523517 -0.44979055779051
-0.0863644603815111 -0.0749772873927118 -0.678546830315093 -0.320743148878314
-0.0371812794398777 -0.121910593412886 -0.586513784540023 -0.248051270337088
0.0443146784836617 -0.0356867512012808 -0.27604388229583 -0.148469315949874
0.0153732928312077 -0.00767800967246126 0.10188778774526 0.102870314361383
-0.0280110534407284 -0.109348125808494 0.527451145922261 0.169361778701216
-0.0799258382401079 -0.0487557436590034 0.641777932713118 0.135955260057791
-0.0674127501554289 0.0041738375418595 0.671687661370538 0.317233664578256
-0.0283850087816561 -0.0433012476096994 0.74053233446769 0.376833717724769
-0.0497931525424553 -0.0711607747128475 0.633583242005983 0.281985433651018
-0.0653826278536271 -0.0845958148012579 0.346927978316555 0.116450769782943
-0.0773993513331268 -0.0957346137655102 0.0575763568413248 -0.0828761304237574
-0.0741452948918877 -0.101629919882921 -0.200166467057978 -0.217605068627749
-0.064843904259324 -0.0871281326115259 -0.406156553935546 -0.392634053447702
-0.0513383476066513 -0.055758496769403 -0.565840883846773 -0.4332675479848
-0.0611025215813373 -0.0483425033721312 -0.669026225267227 -0.355349720413775
-0.0790380478000594 -0.0697453337661346 -0.703971200583081 -0.228020122481387
-0.058199898842465 -0.0974216687103164 -0.598464252097699 -0.19616417276794
-0.00281626948627375 -0.0378012217795045 -0.270860216743745 -0.129411785978088
-0.0259485494168721 -0.0187713866694102 0.108193796599743 0.110765480407532
-0.0485930428143177 -0.0790461792311847 0.529291890242273 0.210244450289533
-0.054768690765382 -0.0299887607780497 0.62269982386028 0.212112944982127
-0.048463774163516 -0.0326492394790404 0.630143092951678 0.416782824283323
-0.0482249362887392 -0.0709886796460305 0.693293932786592 0.456827304363932
-0.0746415941384088 -0.0717514390494922 0.589332203294126 0.313357152377609
-0.0766013575008765 -0.066654883142518 0.30779444050315 0.103496612472185
-0.0867930451687074 -0.0682097695385909 0.0235374100844807 -0.114734902655896
-0.0872981276146748 -0.070466119031667 -0.244216627451256 -0.23628669509262
-0.0888528490145958 -0.0616947619369011 -0.463366220964191 -0.374209222619675
-0.0836550382219561 -0.0486194152451715 -0.61643156622493 -0.366674203015611
-0.0748620037672256 -0.0676165769730111 -0.69778546547593 -0.257099843323481
-0.0614967098868069 -0.0632090674392468 -0.718281762418037 -0.136447147910048
-0.0664599375188098 -0.0624527682502835 -0.600173305125557 -0.141209764596465
-0.0461555790750212 -0.0288540352089474 -0.253819228342902 -0.111282584852543
-0.0623792480999637 -0.0289488162337154 0.123541993619656 0.127015403696235
-0.0641445521366945 -0.0427395772282844 0.527488681247397 0.252574477990793
-0.0195137389542457 -0.00483095136835615 0.599277298313818 0.292815702111125
-0.016734762507862 -0.0626892421817658 0.589541091651275 0.503843509730126
-0.0568217382175543 -0.0917212382367859 0.640305298000973 0.520346413233181
-0.0870818850440008 -0.0603929635801191 0.534811400712541 0.335021165817737
-0.0755754246491302 -0.0373589206914521 0.263750973160518 0.0967659866222824
-0.080949580573353 -0.0280337083585636 -0.00968062242779044 -0.135337358018159
-0.0860686761313754 -0.0286673655929178 -0.288458233207963 -0.241726408993898
-0.0970768105373438 -0.0262422898890987 -0.519603671231443 -0.342254653925382
-0.102076332515397 -0.0360770707069122 -0.65979487829395 -0.295117115592436
-0.0775833143257356 -0.0841049784977787 -0.718583494364709 -0.167338871468614
-0.0325807530804142 -0.0547279515660945 -0.719012804974175 -0.0565090772286773
-0.0623677298555367 -0.0231750480458783 -0.595340819763266 -0.097081891449755
-0.0837583967809679 -0.0143931367102979 -0.22971988142389 -0.096050836742769
-0.086773879673683 -0.0284260948528861 0.146209782549318 0.148937717965718
-0.0639215081120569 -0.00219913540575277 0.520648714234741 0.288320905866567
0.0243935783664558 0.0190098839227568 0.585073293934998 0.361023636216897
0.0135108442603437 -0.0837191092674083 0.56003820083478 0.56178762058012
-0.0593947132182234 -0.0924030747560994 0.583422597056293 0.55357254908852
-0.0865265228051273 -0.0340846375419561 0.478511122280162 0.349128648298488
-0.0628983672682988 0.000701171247244659 0.22432254402948 0.0980952685743651
-0.06202805808662 0.0156182732376547 -0.0371330236175205 -0.1418485842158
-0.0699282694326318 0.0151123376456907 -0.325439169060167 -0.233329050096588
-0.0900816081974703 0.00829575647945713 -0.566869271119797 -0.30586976773323
-0.106354594281275 -0.0266437659966134 -0.695715020731344 -0.234276019391874
-0.0653658230732513 -0.101556775343769 -0.732838816065318 -0.101763882324636
0.0063406598882967 -0.0442689311718249 -0.712247185507758 -0.00340298584689719
-0.0531176965733021 0.0165807682185489 -0.586297223771546 -0.0698969271038385
-0.108782730630938 -0.000143859473485863 -0.20129385656869 -0.0872004223452494
-0.0959932477359366 -0.0167387247886036 0.173142754872452 0.169071015130834
-0.0430151755734256 0.03494041846607 0.518596161673788 0.308726064341307
0.06867379897161 0.0329545540487848 0.584496744316061 0.407040149859695
0.0335609183861576 -0.0902218046429417 0.551347747867482 0.581804395878985
-0.0543492022398581 -0.0717890363210407 0.539779842140807 0.561494988240074
-0.0710208058806955 0.00713235268823274 0.431133131093745 0.360100523276509
-0.038420465737895 0.0437480621037337 0.195072341231334 0.11095857816782
-0.0316417803683738 0.0582707061358202 -0.0538962273677681 -0.133342137232305
-0.0420551059840769 0.054506983479548 -0.347332753927651 -0.217554767519568
-0.0721123044934537 0.034740105722463 -0.601645927685704 -0.273438735245653
-0.0947330547064526 -0.0250169073140701 -0.724506834758145 -0.196289731217996
-0.0358567007686129 -0.117704132904852 -0.743443813599594 -0.0721522595146144
0.0489461288175781 -0.0284831085282391 -0.704257692313903 0.0182322926338239
-0.0422256728111821 0.0502606517386747 -0.573013107867171 -0.0581367222410325
-0.119224268873714 0.00637768638019334 -0.174505746763998 -0.080278634102059
0.1062028644961 -0.00789716014012039 0.137949607392955 0.104443943577686
-0.00280169984534952 -0.1422748891798 0.515603138381883 0.0979097587118165
-0.0687064275250772 -0.0298822620669723 0.685225464173868 -0.0078970195756415
0.00182094152907537 0.0716956719276048 0.736710375086983 0.0729884442174878
0.0761515234069301 -0.0094406688947453 0.754054582563631 0.166174788278854
0.0462133882523856 -0.0511650095022777 0.65456912063487 0.220691608735057
0.0200432328988995 -0.0722224744370343 0.394061568724654 0.174384732496034
0.0144518933532623 -0.0830019296044229 0.11799591186357 0.0290488255579378
0.0238014547168323 -0.0806551129019765 -0.132443617366028 -0.113102804299628
0.0492319467288996 -0.0434119006590039 -0.331047664679122 -0.36496132366332
0.0540114558795843 0.0165920691617405 -0.497054750426104 -0.536419478371677
-0.0213477641482625 0.0291718438196374 -0.584553060456686 -0.578005293119673
-0.0653490629383197 -0.0790861550637789 -0.608461544174288 -0.431705309525533
0.031179369152575 -0.122834336748884 -0.558426780061442 -0.299410603120564
0.11323034935491 0.00106331591518689 -0.257502167196073 -0.163780261497549
0.086728336339399 -0.00366450841376183 0.116893691346532 0.103494781502896
-0.00695510438922182 -0.145942745753124 0.51386026710444 0.109279953855794
-0.0896130825609073 -0.0446312582554865 0.669965969385038 0.0198715985372128
-0.0370658576467936 0.0641613774080929 0.725365710448689 0.126004595607164
0.0415476137652669 -0.00958991832430428 0.767528727451253 0.208648902788092
0.0144113188998807 -0.0598315806367746 0.661911300584326 0.221542584382393
-0.0133728166238614 -0.0862089678336281 0.39220215603236 0.151901727240975
-0.0228443602405031 -0.103749368671583 0.1081340899969 -0.00502840950479927
-0.0138601538294201 -0.107204321392846 -0.138817511769826 -0.147951475977828
0.0106882417140199 -0.078738909159809 -0.3312038106712 -0.378270008898577
0.0262541430430748 -0.020728762526626 -0.495108997960432 -0.513376348617461
-0.0305483406753506 0.00605284965710559 -0.603419248474731 -0.523319075874706
-0.0827319459556534 -0.0777456478495513 -0.644178751682482 -0.389272652616996
-0.00560110745237039 -0.131452559656435 -0.572134970729892 -0.281540711639816
0.0848470564004312 -0.0212874325121362 -0.270845137945654 -0.159767541127194
0.0555140235681295 -0.00220991640290614 0.10514803831776 0.100824695958421
-0.014747746427408 -0.133544651818237 0.518462361488974 0.132788286989518
-0.0918133740401418 -0.0525984086396342 0.654188025893434 0.0644010033464146
-0.0628152816240428 0.0401760626565173 0.704314576251129 0.209504896777655
0.00386965198908657 -0.02018335692328 0.763660149711842 0.277107337512997
-0.0195239640698852 -0.0656976162867555 0.656215256273856 0.24128190156038
-0.0433269636507639 -0.0893139057174021 0.375811859787779 0.129531860304321
-0.0553507162439036 -0.10751894788393 0.0870613326961014 -0.0454955815377734
-0.048381587227518 -0.114414988843749 -0.163077377214538 -0.18371883381342
-0.0297242224055723 -0.0940824242954099 -0.358899363933411 -0.388130852986415
-0.0113434140769495 -0.046820726219643 -0.523394551048469 -0.478987012183292
-0.0451809073832254 -0.0222798080052284 -0.635429428170437 -0.442152602278435
-0.0873717592955239 -0.0734460604167805 -0.677788623056376 -0.313543126239952
-0.0379006511348789 -0.121210100487538 -0.587058569045972 -0.241262112783416
0.0437459179452686 -0.0355922660843506 -0.277323852860078 -0.146654052383527
0.015537050180817 -0.00784402406963092 0.101388748707934 0.101681740815612
-0.0292207856118697 -0.108503586390214 0.526180280488575 0.162456985207713
-0.0790354105834028 -0.0477317430688006 0.63814214259346 0.128995468836664
-0.0665359804278519 0.00475288233149699 0.670511512435383 0.306940113831636
-0.0281406670837157 -0.0426809534575379 0.739914954828157 0.366157705263204
-0.0507346953238138 -0.0707660205485416 0.630191346614517 0.273590376660864
-0.0663168785157477 -0.0832681460242325 0.344946918658383 0.113080188432555
-0.0779448383746489 -0.0947502123577433 0.0567841049151519 -0.0827369672851198
-0.0748621248052561 -0.0998192241187615 -0.200455547050481 -0.214422269718161
-0.0655461121380757 -0.0867224103183712 -0.407234531107872 -0.385458031900736
-0.0511871478458007 -0.0546056981229487 -0.565598677729534 -0.425014281207334
-0.0618095756740999 -0.0473345485757866 -0.668434548347406 -0.348659581466361
-0.0802669878648781 -0.0689676893391718 -0.702834922667121 -0.221043844218604
-0.0581727314147513 -0.0959811452664324 -0.595937015374645 -0.189696763574703
-0.00253238448672024 -0.0373305800527503 -0.270453018272099 -0.12756823463624
-0.0256364419750335 -0.0191926070442671 0.108760596431348 0.11022915586357
-0.0495345049860276 -0.07847387152859 0.527194431873535 0.204653762292844
-0.0549359605590363 -0.0295898457539509 0.619419651734812 0.205045040291144
-0.04878934401327 -0.0315326506768183 0.627550127557885 0.407991409023331
-0.0485553588224843 -0.0702297896523528 0.695030249379937 0.449524903207601
-0.0754349689064054 -0.0711185804751575 0.588845008902923 0.306258130757511
-0.0769130866036658 -0.0657335263416635 0.306177646403368 0.0997329310793221
-0.0872806207881576 -0.0664997351420041 0.0221874941814293 -0.114217324472509
-0.087619833665112 -0.0701821975669354 -0.244887891895465 -0.23342200982044
-0.0887230304941622 -0.0605919349753098 -0.463329896074454 -0.369286079989485
-0.0833597020328974 -0.0477126421158562 -0.616206237741126 -0.361502776648363
-0.0754225454600309 -0.0664929707511663 -0.696616288334817 -0.248990781630615
-0.0619525604800089 -0.0625121190571439 -0.713726067428158 -0.128648787763843
-0.0656898879160467 -0.0609652585705425 -0.59816791057317 -0.134385856816913
-0.0462873859922435 -0.0279730076643909 -0.253866068444143 -0.108650758833334
-0.0617695151071833 -0.0281502011616267 0.124159829078277 0.12537239321752
-0.0648781724389659 -0.0423947598219983 0.523178390181485 0.24647562494255
-0.0194079755820668 -0.00486613118275177 0.598742265193848 0.287192605567151
-0.0176446736826486 -0.0625812749814096 0.588602443214054 0.498207318426358
-0.0574760583224919 -0.0903065720815811 0.639768248507549 0.511260638108203
-0.0875403664392078 -0.059939265044342 0.535448913041147 0.328145958211743
-0.0761945677242207 -0.0369345896054336 0.263059253838569 0.0929019865934253
-0.081656604122816 -0.0277441306051756 -0.0107778700675418 -0.13452144522439
-0.0864526214486893 -0.0282642474450658 -0.288070946323322 -0.238292849047267
-0.0969678883101995 -0.025773015122043 -0.520861652627487 -0.335835230959703
-0.10202015640807 -0.0350373011700105 -0.659207309221853 -0.28879941990731
-0.078169420591526 -0.083258685757768 -0.717006682312508 -0.160396486654797
-0.0326699552693239 -0.0540568887010771 -0.715261099856876 -0.0495769937234359
-0.0625384167929262 -0.0218361032748506 -0.5918458700896 -0.0902380290947557
-0.0827094500951842 -0.0131341607039004 -0.229267888003251 -0.0940126140084418
-0.086829386810085 -0.0275820125795895 0.146043386969534 0.147042605410632
-0.0644332431298845 -0.002067068471665 0.518583008890744 0.282237223259446
0.0245516451316932 0.0179899456771191 0.58321463427904 0.354566157301448
0.013118235451316 -0.0837846044927999 0.561004428356263 0.556064044716121
-0.059506063827763 -0.0917053921798557 0.583830439394686 0.54576166015043
-0.0870499602358661 -0.0320661499177704 0.477972820756632 0.34373041417212
-0.06262219745232 0.0010464500888699 0.223199701583893 0.0954651899148555
-0.0613549967682782 0.0165526467342131 -0.0384589155281784 -0.140686209636516
-0.0695075021148458 0.0159132350724036 -0.32476366613174 -0.229801941425927
-0.0905287834690558 0.00832922533589334 -0.565811583231004 -0.29989387996989
-0.106048472558867 -0.0246693254425046 -0.693613344747096 -0.228660579758041
-0.0659396693278798 -0.100189821242985 -0.729055830434899 -0.0929489962051385
0.00630190853305242 -0.0445266163221593 -0.709701682916922 0.00275274565838576
-0.0522479418673685 0.0164448556656291 -0.583935579102471 -0.0643663331972381
-0.108888964639678 0.000658542669666943 -0.200943389702403 -0.0846250814853359
-0.0951462943452492 -0.0160715071274598 0.172802271362436 0.166756060011226
-0.0432948411749374 0.0354954972957608 0.516530911037577 0.302842638621465
0.0687681109762976 0.032054366369631 0.584163645828146 0.398985652258001
0.0327404058448046 -0.0902870639174062 0.551136357986377 0.574140327992589
-0.0548381148541809 -0.0700880894644579 0.539556484236753 0.555084786043878
-0.0708580004355022 0.00778212795101947 0.43016159457566 0.355535919416241
-0.0384695125380192 0.0431703273137091 0.194466115193224 0.108811312275285
-0.0311127854208312 0.0583621954421697 -0.0548480937784797 -0.13203001689701
-0.0413499698882061 0.0549076299776468 -0.347901417490215 -0.213081805169271
-0.0705745578482183 0.0353220972267583 -0.6001076251915 -0.266619395635966
-0.0941641514635543 -0.0235052489748827 -0.72102764371864 -0.18818645660896
-0.0375466352048811 -0.117612579268474 -0.741217241877807 -0.0655692139680845
0.0489409411217024 -0.0297062102148395 -0.700418695373718 0.0226447391381799
-0.0420695183903012 0.051140008601683 -0.571281548045034 -0.0521854804228532
-0.118634475509805 0.00825674179137141 -0.174220208197771 -0.0794198790277506
0.106239596746802 -0.0083128440759458 0.137888221073211 0.10372059295134
-0.00426932296006051 -0.141487341162327 0.514080017610454 0.0930663205219883
-0.0686615016680558 -0.0293522283082629 0.680856163532545 -0.0142283299029429
0.00223677443905542 0.0716150274801342 0.731317337430739 0.0651754635299613
0.0755316633497646 -0.00950523326758924 0.751718012398822 0.163070050740976
0.0452701704210451 -0.0515076542285633 0.65156070414452 0.215205707582172
0.0190838249178524 -0.0728063862245037 0.393336464170132 0.170378531198264
0.0133705596220744 -0.082530237755465 0.117727768518179 0.028750940896462
0.022282439233203 -0.0808214747731987 -0.131787916982523 -0.110986466719794
0.0490535316099259 -0.0437295742082316 -0.331153268245888 -0.360827730269545
0.0540568269642137 0.01639975139832 -0.496518593730461 -0.529715415841726
-0.0212845369200701 0.0289524506595664 -0.58575943353575 -0.571936193469784
-0.0659033536168107 -0.0779172842013104 -0.608454798151602 -0.424852714127388
0.0303025105751724 -0.121739529264522 -0.556357572121784 -0.295667582876373
0.113465931400735 0.000532084612163447 -0.256296054937689 -0.162108621991821
0.0870700927135046 -0.00403421784728287 0.117829490421848 0.102924164290823
-0.00895984423351946 -0.144536611330974 0.512668485621453 0.104227096851212
-0.0895780796822855 -0.0436524128300763 0.665606375784642 0.0143959572663012
-0.0359342843225191 0.064433709358131 0.721852598946626 0.121539080088666
0.0414881827397889 -0.0102354558954254 0.764805095510133 0.20155574885524
0.0138713618921241 -0.0599146134245446 0.660862046745057 0.215941710004451
-0.01370814259363 -0.0865041801062854 0.389942803745982 0.146870299148087
-0.0246500876439254 -0.103028781362016 0.107419910826454 -0.00539268745128195
-0.0152364438637729 -0.106974761201141 -0.138676960083865 -0.145252912074043
0.0101705579203462 -0.0780980356790178 -0.330773671679286 -0.374618370861224
0.0264278208662893 -0.0203369691276991 -0.495276093332463 -0.508061620577248
-0.0307190382654879 0.00736664105215069 -0.604646387063091 -0.517091872350741
-0.0833570337237596 -0.0770614023185322 -0.643369919224683 -0.38334596344089
-0.00632571383352178 -0.130743577810869 -0.570083173553351 -0.277070646973678
0.0844320051579005 -0.0220657144307574 -0.270734236360737 -0.158558664368707
0.0556240287390914 -0.00253057316992107 0.104696043934739 0.100883243154577
-0.0157102983988732 -0.132221629438704 0.517168740151945 0.128304750280451
-0.0919780295624306 -0.0520632711533243 0.650972631589188 0.0586966424995144
-0.0620449132743585 0.0404232973407781 0.701409014116499 0.203404477992956
0.00347074346318303 -0.0199692662907156 0.761477830754261 0.271551686705894
-0.0198356190856515 -0.0655196742199058 0.654791138114344 0.23792827699036
-0.0445259081307964 -0.0892681996118852 0.373514620791324 0.126143911449636
-0.0564300529615622 -0.106633460922482 0.0864248923045107 -0.0453642148000165
-0.0494306165232167 -0.113983174272612 -0.16281046887318 -0.181336256080567
-0.0303683598197289 -0.0934470245603916 -0.358642005194578 -0.38422589000947
-0.0116378734173962 -0.0466767672025814 -0.522245970087325 -0.472436894438918
-0.0446197629365782 -0.0216362017604624 -0.636264109272085 -0.43741186647913
-0.0876115675575994 -0.0732599145588313 -0.676487744425364 -0.30699364368005
-0.0384322419715417 -0.12003417675785 -0.58579444983985 -0.237016885285906
0.0435104338693915 -0.0354013826457817 -0.27618298409774 -0.144203259054137
0.0158326285512397 -0.0075903267620148 0.102368424925405 0.101048622788034
-0.0307040368020153 -0.107901172793457 0.524341853201432 0.15848609139934
-0.0797007986159372 -0.0470589904728518 0.634980943246451 0.124293379079929
-0.0658889713942062 0.00514462883107215 0.669107837913091 0.302380305168207
-0.0284820985711028 -0.042693208137867 0.738443735118147 0.361779398272792
-0.0514209565993651 -0.0703637615449377 0.62970982075861 0.269304300744282
-0.0664450850134443 -0.0830349771563562 0.344494412595381 0.109651404559263
-0.0793281991229418 -0.0939483046156403 0.0552793289544672 -0.0828519671940819
-0.0752199213717422 -0.0999895287927251 -0.200745410801738 -0.211730294024352
-0.0655072210068108 -0.0862870836469775 -0.406870376970435 -0.381197071988724
-0.051262376044999 -0.0541301955386273 -0.564703642463258 -0.420219004513253
-0.0624576060026203 -0.0464434626453636 -0.667829957647619 -0.341771999883326
-0.0803527097947408 -0.0674840692601978 -0.700225366847939 -0.214858795734337
-0.0587263546653405 -0.0945047590356718 -0.593314169529277 -0.184422886638491
-0.00245588606003872 -0.0370626801949647 -0.269637350952321 -0.125413597957996
-0.0252257093422843 -0.0184367580103304 0.108358580100093 0.109515554740938
-0.0505693923865256 -0.077250075937722 0.525597200156639 0.199222475093704
-0.054242964202914 -0.0294393985135729 0.614933590437332 0.199810760827762
-0.048311539740478 -0.0315506597157855 0.62628530473417 0.402825819285343
-0.0490857258787663 -0.0692425148502487 0.693510877923241 0.443179603954962
-0.0754644836710426 -0.0701452051039135 0.588001942857185 0.29891287743463
-0.0775202490941306 -0.0653049581002474 0.30506007084624 0.0974752406423742
-0.0873436883998997 -0.0656273659574793 0.0207481478871052 -0.11372723822542
-0.0881303608841711 -0.0683273774352135 -0.244249175845862 -0.229899919253482
-0.0889116307490445 -0.0599059643515561 -0.464120682282132 -0.363480676830167
-0.0831884646312225 -0.0475341076675031 -0.61327552446448 -0.353489083658397
-0.0758520882166068 -0.065247904924455 -0.694714426577677 -0.243325355024338
-0.0620752854483054 -0.061085059782741 -0.71167788665128 -0.124095392257976
-0.0658557602610415 -0.0599674046671741 -0.596305334830671 -0.130658380130489
-0.0465239140912675 -0.0268881242755946 -0.253000709712782 -0.107188412119654
-0.0612719799077134 -0.0270671086536742 0.124004361231314 0.125655704483528
-0.0651603255206357 -0.0414566356351783 0.522401832139861 0.242885999612153
-0.0193360732168108 -0.0043900789765562 0.59420829707561 0.280380109477725
-0.0171777595086073 -0.0624898932395745 0.587536797119153 0.49246214378577
-0.0584187821418797 -0.0889149561973212 0.639117030800234 0.507932162609338
-0.0879585029789236 -0.0591375147037235 0.53356629954621 0.322918037394551
-0.0762754709856594 -0.0370837268998571 0.261983936982051 0.0903083100063119
-0.0812967478489801 -0.02705938759966 -0.0120517161053684 -0.133993795073707
-0.0860107412324021 -0.0267511962557819 -0.288900848942175 -0.234791294492685
-0.096165175543619 -0.0244436300190652 -0.520323200556555 -0.331384007120384
-0.102167140255254 -0.0344526696800833 -0.657260972506529 -0.283136594471498
-0.0789196367009185 -0.0819820295449001 -0.713174014166328 -0.154776547025627
-0.0325653216763912 -0.0540775933267826 -0.711356120258223 -0.0461147146988534
-0.061496404054151 -0.0206322639995262 -0.588323845724795 -0.0871742017409784
-0.0833490478295877 -0.0124313674802743 -0.228918373102207 -0.0922562672415261
-0.0859757258790483 -0.0271099996988963 0.146380075106295 0.146548131036773
-0.0645033604338775 -0.000714735128089606 0.519018885558593 0.276038921566568
0.0247370846487206 0.01859766204069 0.582180096949353 0.348114436826499
0.0120878493972549 -0.0833744414069281 0.560549442383935 0.548523579848592
-0.0606976630518897 -0.0900618967811703 0.582605116735657 0.538179212106375
-0.0867812923119466 -0.0321147265296315 0.479220298465116 0.338055540950497
-0.0627350661888019 0.00105226677753337 0.222429842193913 0.0924825238100267
-0.060826130942716 0.016628585278082 -0.0391666880973193 -0.139633234402197
-0.0689873827938042 0.0169042168470573 -0.324217072686191 -0.226883123188021
-0.0894326579309699 0.00957707449984554 -0.565525063054836 -0.293762227248744
-0.10554366587175 -0.0251954082218913 -0.692246533939227 -0.221676157435056
-0.0670099737249952 -0.100267923372389 -0.727347284861819 -0.0892607038461175
0.00602746554514166 -0.0441573536252415 -0.706080850075122 0.00767489744763734
-0.0521960751387581 0.0180348152422121 -0.581170472877338 -0.0605490662492022
-0.108194281252614 0.00151327033765832 -0.200976108245056 -0.084165153608446
-0.09410580984044 -0.0151973595192252 0.173711882836145 0.164962567990137
-0.0435308409268874 0.0365400997253342 0.515827316727809 0.299212861668565
0.0690398784333199 0.0312422611680498 0.582040033625684 0.391909383529066
0.0320909620176539 -0.0900000091886923 0.551803839741842 0.568826375016089
-0.0557840426548437 -0.0687565969117778 0.540336996010475 0.548410784772863
-0.070709549910991 0.00777803208828098 0.429988381946237 0.349936537065071
-0.0377870560398148 0.042856033114695 0.193125357846996 0.106567573816386
-0.0302875086011484 0.0580446399504349 -0.0567759616952422 -0.131020626777238
-0.0405543970238651 0.0551836144126063 -0.347370579180228 -0.209870144284936
-0.0705510144413833 0.0351428002319683 -0.599356205898149 -0.260904146116415
-0.0933033458039143 -0.0229590363353524 -0.72017675022503 -0.182474047710764
-0.0380638714258728 -0.116861661849913 -0.736295503614853 -0.0594807042372476
0.0485567161305471 -0.0301741780517677 -0.696081102726689 0.0288105904681726
-0.0415843079293891 0.051137220855927 -0.56862054789349 -0.0482616187114711
-0.118033987294759 0.00923825295167176 -0.174009975985745 -0.0788381131960867
0.10642756336911 -0.00971612367699484 0.138099190108462 0.103533708704894
-0.00511238238583154 -0.140788567857057 0.512164983946558 0.0890014349085335
-0.0691723145669152 -0.0289578107619883 0.67558534731701 -0.0179609839430226
0.00328819574333922 0.0708503914396493 0.727568495792877 0.0598407392925728
0.0754255687801749 -0.010292567945992 0.746892532254688 0.156005123520902
0.0445944647284085 -0.0517015068835802 0.651185298354983 0.209544790507933
0.0178254661087906 -0.0727263568107433 0.391361562619849 0.168348265190087
0.0122065059143454 -0.0825749125185338 0.116280200477522 0.0277798945471626
0.0216623315356186 -0.0812485720048526 -0.131969537703204 -0.109555164833143
0.0489239367661764 -0.0447122064079102 -0.332446858886488 -0.355613872986452
0.0542584369185651 0.0155311694997723 -0.498174306801811 -0.525020929599822
-0.0209149064258656 0.0298280041815259 -0.586308127023448 -0.565301852214527
-0.06645813260812 -0.0774758909628292 -0.607994047623107 -0.418828355996519
0.0295521751458596 -0.122293073243915 -0.55558649755905 -0.290096538997726
0.113256315254883 0.000345970085561299 -0.25698444668351 -0.160758036410255
0.087389238974878 -0.00521467580879177 0.117636504258679 0.101819428399594
-0.0103436758727439 -0.144184555925029 0.51060376987568 0.101371860798984
-0.0893250035860005 -0.0433834668433016 0.660450600155484 0.00930041431172153
-0.0356927532115165 0.0645643590304072 0.7181707596908 0.115100646918759
0.0416767466284444 -0.0103828728995494 0.762298085609826 0.197075341455558
0.0129499545901323 -0.0593648652855196 0.660176557895049 0.211255398599976
-0.0147062064646359 -0.0865827095286077 0.388282832110867 0.143644616320894
-0.0251250497503057 -0.102828718696126 0.106702666911008 -0.00620164462022932
-0.0161909042164525 -0.10723741073095 -0.13839113041932 -0.14332997603344
0.0104121376196946 -0.0790573687530222 -0.331802805308005 -0.370658208582711
0.026490243622911 -0.0206541160981522 -0.495398210411009 -0.502091504203257
-0.0306406402476746 0.00665165959251355 -0.60526786027267 -0.510744768415953
-0.0838062821768382 -0.0757522544741431 -0.641737553261755 -0.376847324675846
-0.00717759678597632 -0.130386053755564 -0.569353069775183 -0.271805963743613
0.084383663124609 -0.0217836366814917 -0.270472086531946 -0.156682171908092
0.0554841432558767 -0.00323008326712312 0.10463190070079 0.0997829963617672
-0.0173416234861242 -0.131641759051063 0.514787714320581 0.123487586011615
-0.0925132976572331 -0.0511707244829313 0.64525756258292 0.0540694866233905
-0.061210989384295 0.04042076775132 0.698099810068474 0.199106229735874
0.00339235706466695 -0.0204531141360657 0.760539440460376 0.266215258058927
-0.0207476076537887 -0.0653663909900764 0.652466130139798 0.232289760055166
-0.0448170441826946 -0.0891170794120712 0.372110040425508 0.122687378274275
-0.0575438774239025 -0.106259033876698 0.0851963327797101 -0.0450358683254395
-0.0508379061081672 -0.113508843293088 -0.163112635270236 -0.17914253148658
-0.0310824078402689 -0.0936764579977995 -0.360152515225315 -0.37941957372958
-0.0106225883745522 -0.0465755451220932 -0.523395547511788 -0.466324550133186
-0.0447655329258137 -0.0213147120306677 -0.634900212009368 -0.430806056861683
-0.0881899031184897 -0.071546713488565 -0.674830993481818 -0.300451856411912
-0.0389949154400524 -0.119311499205103 -0.582539593976786 -0.23083854449073
0.0439049740727981 -0.0357292254339425 -0.275390366332395 -0.142282785972723
0.0162139626452587 -0.00806230034040779 0.102385477144523 0.100530370594047
-0.0324332226224086 -0.107476939700787 0.520767148378342 0.153844729162318
-0.0792756393441159 -0.0468666605285237 0.630379624045844 0.118330987492989
-0.0655676278256429 0.00509280803633872 0.666528514183921 0.300016383624303
-0.0286223310817501 -0.0418961738573416 0.735418572561065 0.354947650661707
-0.0522321133215458 -0.0699015297887454 0.628839510273371 0.263608299796774
-0.0670687061068505 -0.082898851733798 0.342723130745852 0.105772674296346
-0.0789725227202648 -0.0928734511011782 0.0545299037876734 -0.0832041775818187
-0.0761641086986425 -0.0989672882574351 -0.20056710145672 -0.209471940531401
-0.0658692244586525 -0.0856840621063974 -0.407408100443403 -0.378395580002694
-0.0509489137342689 -0.0545656191423978 -0.565218057565689 -0.414929269908774
-0.0620052291525137 -0.0457351735593154 -0.666313692994865 -0.336792629898402
-0.0804152829915171 -0.0664625040257978 -0.696512790353821 -0.209620171815382
-0.0588048530628938 -0.094142193858859 -0.59234940648559 -0.178428125494423
-0.00206612393291403 -0.0369339170498906 -0.269211067592198 -0.12371249426461
-0.0252490393613786 -0.0181864345069264 0.108397781331568 0.107959728577126
-0.051386997837226 -0.0764228904044078 0.523137960238174 0.195685865657928
-0.0543078302476829 -0.0292135225636563 0.612129647596619 0.194236850887245
-0.0475139429713381 -0.0315436323341123 0.62381607073591 0.395933775504141
-0.049485041212344 -0.0689629801010128 0.693058057193942 0.435994555392767
-0.075670207264698 -0.0698214277294631 0.586001532799622 0.294842722528032
-0.0779696385864359 -0.0650120269270986 0.303668303191674 0.0943392123293108
-0.0874020537147442 -0.0645114558897793 0.0198600120883114 -0.113483799601219
-0.0890491013289112 -0.0676493987502718 -0.244487756510502 -0.226326616028307
-0.0883939500383152 -0.0594512285463183 -0.463387359388407 -0.358893555505987
-0.0831778719060062 -0.0469425509606726 -0.613300842089415 -0.349968346778025
-0.0757328025523824 -0.0646287808364139 -0.692784761488387 -0.238284869217339
-0.0620627250828225 -0.0608020062490878 -0.708025379260571 -0.118227268602166
-0.0658706930396958 -0.0595361286051219 -0.593782446186713 -0.125052341921526
-0.0464772985075983 -0.0263673814855545 -0.252931503017811 -0.105655290585161
-0.0606802313390283 -0.0272768156639207 0.123581213831652 0.124246296745509
-0.0663125531194167 -0.0400458254315416 0.52045030651842 0.237284708416109
-0.0185752299185034 -0.00418351703307375 0.592756992826163 0.275486485597594
-0.0169451953223232 -0.0620939257180616 0.587250846812174 0.487300671721679
-0.0589267876361193 -0.0877968196047881 0.639018994988184 0.49959340876923
-0.0884063830969942 -0.0581783223773088 0.53296086454455 0.316715146327679
-0.076347255621025 -0.0357839776505451 0.260278746877004 0.0874998223059844
-0.0812764843856301 -0.0264516441414693 -0.0140674190759378 -0.132680777815648
-0.0864120036820594 -0.0260245040078177 -0.288163061669339 -0.232253745454909
-0.0962869262260779 -0.0243654430124099 -0.520079815645318 -0.325916288371137
-0.102115438387836 -0.0338646529884379 -0.655592998119699 -0.279059086861791
-0.0791590180625723 -0.0809591212059421 -0.710703348099723 -0.149276813782907
-0.0329187543237255 -0.0532538093806556 -0.70848755745506 -0.040318185521305
-0.0619829466529776 -0.0200665874246657 -0.587902875594507 -0.0816856028905093
-0.0831579437849276 -0.0113091537021681 -0.228448359630861 -0.091322200696289
-0.085663604974069 -0.0265599266736569 0.146191698395691 0.14559101487071
-0.0647152956028054 0.00043746142943539 0.516397799727501 0.272317031801825
0.0250066168933969 0.0184730851155824 0.579717987756013 0.343863673808845
0.0116961027808681 -0.0835732281213386 0.561322679774203 0.544435509279294
-0.0610302876835125 -0.0889147019291925 0.583655554622279 0.535052198919983
-0.08753025321687 -0.0314413488812256 0.47807075621969 0.333834770710152
-0.0626905985153216 0.000709017998113102 0.220844581955746 0.0905203398771727
-0.0609622465406809 0.0167862250643144 -0.0405026475025398 -0.138770679756628
-0.0693286796325715 0.0180499160498994 -0.323475646295978 -0.223139715385901
-0.0887244923057904 0.00957596731239395 -0.565242381977651 -0.287608771624573
-0.105454817183645 -0.0235560585743562 -0.689095029181946 -0.216961161126229
-0.0676134392815178 -0.0986090336884868 -0.723410375414039 -0.0822997700836741
0.00595211266263149 -0.043762793657316 -0.702489666374431 0.0114748258117229
-0.0520225561933055 0.0181529839213638 -0.57782096589052 -0.055180884306045
-0.107806236986851 0.00261028891326635 -0.200336125050141 -0.0827160309255514
-0.0939102685204103 -0.0154206208848415 0.172638834207963 0.163454097007391
-0.0439856627669294 0.0369494435659355 0.513739977503147 0.292359360896779
0.0691838314975878 0.0309137906711333 0.580421691968346 0.386220146748855
0.0312461934379995 -0.0904552569151771 0.553156292364544 0.562929244812594
-0.0555831497026818 -0.0681060926199588 0.539807857155608 0.541539949544709
-0.070263893494363 0.00841437447268927 0.430376290392013 0.345318555196283
-0.0377060688456373 0.0427246090887477 0.192701624484158 0.104011399439299
-0.0290729102417517 0.0585109257607188 -0.0574430427514587 -0.130024961537419
-0.0409191736446691 0.0555815718714847 -0.347002312984452 -0.205287328562166
-0.0707028685332256 0.0352922068039675 -0.597968106406628 -0.25553093266073
-0.0931702662576356 -0.0218686804094806 -0.716619248489328 -0.176750685536852
-0.0393287419956139 -0.116733252778192 -0.735236395179261 -0.0539951999395209
0.04830149571667 -0.0294915696926618 -0.693318948839672 0.035228552451582
-0.0408160437924712 0.0512333607130983 -0.566162856019742 -0.0440123817154587
-0.117873956741447 0.00952789896709465 -0.174556978785978 -0.0782942121262182
0.106757522930669 -0.00990051052846218 0.138426297847648 0.102066021410592
-0.00661877818021191 -0.140393473333418 0.510258453398725 0.0858051350343217
-0.0687492604505673 -0.028993289582354 0.671307680850984 -0.0226983666562258
0.00453322588969794 0.0700185200465311 0.723452181831115 0.0548737950267021
0.0753880502209641 -0.010238494297913 0.744709075226159 0.151050319012089
0.0434707981997267 -0.0521489982543992 0.648217203307803 0.204956917409833
0.0166693134690038 -0.0732797416581146 0.389591570436759 0.164933276427535
0.0111176736205243 -0.0829914789898108 0.115931754833447 0.0268682850455654
0.0208607005345797 -0.080972843408109 -0.131026836028439 -0.107677077516856
0.0478931473606223 -0.0453651637930149 -0.332307183618997 -0.352265958301914
0.0543755061071932 0.0151944916121219 -0.498348233100797 -0.519737389250851
-0.021411133504083 0.0298402420538242 -0.586339909778547 -0.559695929993683
-0.0667289803304954 -0.0765522043319443 -0.608348027905549 -0.412911040873198
0.0294797434937464 -0.121668084902101 -0.554974166930792 -0.284600693792705
0.112717521403541 5.1329950293855E-05 -0.25665141953175 -0.158195929255054
0.08741862453352 -0.00545877772614366 0.117484750249122 0.101298182960758
-0.0119180613654289 -0.144350238293873 0.50815902072076 0.0989989328542407
-0.0897657245644158 -0.0426431541888165 0.655682150920996 0.00495139490256678
-0.033930655746136 0.0644931717464197 0.715241324043894 0.111003547287026
0.0411419456174539 -0.00994122595658352 0.759712371869462 0.189280265377361
0.0123712509034457 -0.0594669320013126 0.657470053650218 0.206625021975154
-0.0166940684020742 -0.0863030012377193 0.388046776423262 0.140410576406728
-0.0258987064898681 -0.102935604764939 0.105636979223579 -0.00718721266822163
-0.0170826861328805 -0.106995296731713 -0.137870833576145 -0.140957832512627
0.0104486005577925 -0.0790212152441497 -0.332318005969551 -0.367116932366717
0.0270472790836141 -0.0214506255415311 -0.496245884259541 -0.498396384189736
-0.0303890440139385 0.00735183241345121 -0.60556655027414 -0.504069239519445
-0.0840074810377354 -0.0750155194681723 -0.640936615075398 -0.370746472972467
-0.00768510044709057 -0.129123059795409 -0.566829241367924 -0.266402057772537
0.0846042988805639 -0.0224511425605583 -0.270615365025729 -0.154322887630635
0.0560610089210323 -0.00334239386764648 0.104937928960991 0.0990937073283816
-0.0185378654936135 -0.130858624732647 0.512328897427141 0.121283258830478
-0.0921740609902361 -0.0508275628434161 0.642822036637819 0.0509654572530153
-0.0602054453387112 0.040871634151784 0.695744185487537 0.193656459401531
0.00345004611681641 -0.0196630786011399 0.757103232115427 0.261799818050792
-0.0209146669113731 -0.0657556579813636 0.651196183553031 0.226272344075138
-0.0458278835540169 -0.0894307324511872 0.370204965790137 0.119353573888987
-0.0583140448529494 -0.105564084206795 0.0843505023022794 -0.0451403120417422
-0.0510914518261463 -0.113143267594163 -0.16320211231923 -0.177565761246978
-0.0301400090456702 -0.0935376144668703 -0.360091993922726 -0.375737110442393
-0.0113315192626354 -0.0468141586989136 -0.522464281767381 -0.460913385378853
-0.0448135765737092 -0.0207300382514349 -0.633913052748028 -0.425630096137322
-0.0883094017994429 -0.0712440715808599 -0.673537121437652 -0.295173491762733
-0.0394132193044402 -0.118780158979708 -0.580806673257475 -0.225018372653695
0.0436299231250091 -0.0356940792788371 -0.275688565511132 -0.140790934575954
0.0168764979001954 -0.00800180229618442 0.102127857006954 0.100092561677873
-0.0328879787514119 -0.106287914790052 0.519132525923368 0.150570585752374
-0.0792341677340644 -0.0462943753450786 0.627247120333795 0.112280602700408
-0.064810007418626 0.0054465495516963 0.662920549209514 0.293459767435623
-0.0290387201403954 -0.0412036878327302 0.734152398379758 0.34962605381597
-0.0525736209671656 -0.0695083069435756 0.626676414436339 0.258704322742123
-0.0673993338516711 -0.0824114501518007 0.340828451913567 0.102882262839698
-0.079945049028818 -0.0923621670852858 0.0534567423737728 -0.0832013590467717
-0.0769527544584551 -0.0981456065473151 -0.200147960578891 -0.207233792749115
-0.0658774748302658 -0.0849839146309754 -0.4080757130422 -0.372993547876602
-0.0506275028510504 -0.0543291988378782 -0.56487994735405 -0.411246605961262
-0.0624714501412954 -0.0450942042509243 -0.665458421878222 -0.331521802173905
-0.0809124089296543 -0.066140225986753 -0.69410107176519 -0.203270270779143
-0.0591577730973202 -0.0938029401456522 -0.591624043233386 -0.173332823513573
-0.00261407240368834 -0.0355505749990961 -0.269133482047043 -0.12178771800742
-0.0243184381569786 -0.0181838913449657 0.108752448572003 0.107423208217563
-0.0518480889301363 -0.0755943070746267 0.521597663062054 0.191636115638916
-0.0539474269658974 -0.0288365608292669 0.609674876201329 0.188584167539333
-0.0474090389523962 -0.0313544733809187 0.623848200103287 0.393122864884642
-0.0494396406446579 -0.0677267692131361 0.691750151143656 0.4299933421209
-0.0757122573528141 -0.0692714578039957 0.586054571475858 0.289418549026247
-0.0779346730115867 -0.0650096826563398 0.301676523442643 0.092243762893197
-0.0879569546596248 -0.063784998339595 0.0181751885080086 -0.113303213307407
-0.0891745945312512 -0.0667654267505093 -0.244909602153977 -0.224475027414293
-0.0889206923847833 -0.0588232520817089 -0.463421191261321 -0.353235914877105
-0.0828903615411558 -0.0464850257066011 -0.612173531566702 -0.343585863562023
-0.0763803992404737 -0.0635263217620881 -0.68906925860264 -0.233329612791185
-0.062466950745185 -0.060218595915881 -0.705584333151353 -0.112991117970656
-0.0657659107847657 -0.0583817947352392 -0.591656884208477 -0.120719083718129
-0.0463786122429582 -0.0256022873869065 -0.25295858292002 -0.103941616477564
-0.0601652231201415 -0.026632559238667 0.124295247498188 0.123420272041322
-0.0664711023137702 -0.0399441562158255 0.520444666532305 0.233630351099684
-0.0188407721700232 -0.00428090536327709 0.590396040216252 0.270193308923009
-0.0175313963802579 -0.0622823508573195 0.586287424447275 0.481572127276225
-0.0595607358749201 -0.0873991768464064 0.639362441801856 0.494316587870537
-0.0885064594943779 -0.0576339828353387 0.532346246124352 0.313234198171102
-0.0769695517024252 -0.0362959389564381 0.259652033605822 0.0865775871844333
-0.0812534376967778 -0.0254704780195208 -0.0148511753594147 -0.131907778448053
-0.0858620156673431 -0.0248100445328197 -0.287749757922792 -0.228701296880432
-0.0957471524691865 -0.0243421239290446 -0.519922355215144 -0.320939479607629
-0.101470725368093 -0.0325697321358136 -0.653985373931756 -0.273416491454961
-0.080115197455466 -0.080668402214591 -0.709381751599194 -0.145591714261403
-0.032952957900284 -0.0529437270502261 -0.704642110678287 -0.0346278666546561
-0.0618745331719031 -0.0197693305140622 -0.585318727480082 -0.0781549970296498
-0.0820793397485478 -0.0101402253653809 -0.227764326835343 -0.0900106035690293
-0.0850740142588048 -0.0263407894333411 0.146373024499786 0.143562807086407
-0.0653088072913004 0.000935360148001882 0.51503483731263 0.267940121658881
0.0260238882025525 0.0181305026370917 0.577290188200462 0.339161395475466
0.0114726175011225 -0.0842012435913571 0.560078167147093 0.537778256124814
-0.0615509613474572 -0.0876897948630473 0.586351344214075 0.528264869236008
-0.0871254267849493 -0.0297095580391668 0.477458955538214 0.328671486231588
-0.0626768232063975 0.00180404437333773 0.220037838400505 0.0886566781023513
-0.0603953158748867 0.0178477562810857 -0.0415301233622861 -0.137760461919339
-0.0680091750637008 0.0184201474699826 -0.32358718317182 -0.220449005713734
-0.0887036846529185 0.0101371117735518 -0.563553308866675 -0.283430681306454
-0.104886678093685 -0.0226738895834732 -0.687531704592602 -0.213361880957499
-0.0682851466156347 -0.0985046894149813 -0.721070392556668 -0.078314930373096
0.00529822426938393 -0.0436211677331092 -0.698697183130021 0.0174666555012048
-0.0513063930018869 0.0188957349674094 -0.575849881712957 -0.0507235599907247
-0.107179141235546 0.00352865301993508 -0.20098696697273 -0.0818017234995593
-0.0945704348081481 -0.0145592243834576 0.173205330235295 0.162252441553908
-0.043480517097828 0.037524116395621 0.512452167263874 0.288969306454489
0.0698198550508836 0.0299392710855174 0.577066318013374 0.38128093674446
0.0309936972996472 -0.0907197639824069 0.551050260776474 0.557625158413787
-0.0560667083189026 -0.0677172759644116 0.542015140368104 0.537176236239517
-0.0706788837501659 0.00913337380118521 0.431559914644411 0.342507120120104
-0.0372681717723035 0.0425883212606074 0.191823141458662 0.102969636590714
-0.0291928262715595 0.0583312814073832 -0.0575795669632058 -0.129292841208275
-0.0396548885515943 0.056671724287303 -0.345528492961887 -0.203232842069141
-0.0694982236112363 0.035422303248451 -0.595474122745261 -0.249214883343077
-0.0929895920623894 -0.0212853120715468 -0.714200953222509 -0.17388768756939
-0.0403048410081489 -0.116657726628627 -0.731692440697685 -0.0493794793950372
0.0485706012645542 -0.0300493293172556 -0.689279867538653 0.0381335066030643
-0.0405554478246297 0.0516267875673935 -0.563208896155532 -0.0410905332418163
-0.117386860022648 0.0108007569179152 -0.174494216171022 -0.0773008439617072
0.106782713032705 -0.0106080580775467 0.137975299290521 0.101993768962143
-0.00796338007223278 -0.139239818955797 0.507100815991447 0.0829692199395087
-0.0691838761145504 -0.0289797901659601 0.666863685612813 -0.0265857956299733
0.00559968371765879 0.0695616780066316 0.7206170699349 0.052807405839165
0.0755049152544073 -0.0114838914181212 0.742009799706583 0.147676786735
0.0430047201511951 -0.0525569102289681 0.647351828830951 0.201385054584951
0.0157693259578295 -0.0734906732422491 0.388298328218986 0.160113663908398
0.00940103622869869 -0.0830477276380293 0.115064055303299 0.0268017541812036
0.019365704202481 -0.0816508204419568 -0.130558881443937 -0.106246697309276
0.0478791434141838 -0.0457380391328515 -0.332462237026823 -0.348924849290738
0.054326849059918 0.0147967449966182 -0.497022194430296 -0.515438609435608
-0.0209510777566827 0.0303612528357173 -0.589626549234088 -0.554531227497906
-0.0673532817263404 -0.0759496700472749 -0.607493057758079 -0.407840278334109
0.0284979120213952 -0.12144331031843 -0.552242702769566 -0.280971749041014
0.112608767697317 -0.000722867339445824 -0.256622538425925 -0.157007554984574
0.0873437646526812 -0.00595570701999559 0.117889619636893 0.101303645454187
-0.0130440206853427 -0.14275860357387 0.506946594540927 0.0947681790648876
-0.0903551368223742 -0.0428834457771806 0.650930254317518 0.0012175195653979
-0.0332869412149796 0.0635455078364448 0.711342506484461 0.107584996433604
0.0412133093810099 -0.0103142731089934 0.757647646459617 0.186846667275998
0.0117116586216535 -0.0601834410043673 0.654652593146973 0.201923584343905
-0.0177447475811475 -0.0862958713678225 0.385116386540028 0.137860456422697
-0.0270442706021672 -0.10222546741017 0.105598130173638 -0.00698930617024599
-0.0178471207599875 -0.106738328938576 -0.13801329146031 -0.139813906346639
0.00958427918817736 -0.0792403942396551 -0.331400464104022 -0.363196653684484
0.0263653399861119 -0.0217990760479725 -0.497974434546705 -0.493448123660979
-0.0306148862469636 0.00768012520075118 -0.605159337963918 -0.500389731498447
-0.0843092821731297 -0.0746376794454629 -0.639490775485466 -0.365911758838153
-0.00830443208318959 -0.129187279134704 -0.567030019099755 -0.26284305274117
0.0846732844496023 -0.0220748469132909 -0.269645421860711 -0.152862162175406
0.0561838995123075 -0.00370084208316442 0.105101933438862 0.0990143031734978
-0.0203017593065562 -0.130319687543315 0.511541191460587 0.117145306401438
-0.0925021665085642 -0.0510359325047121 0.63714116051031 0.0476935127992114
-0.059580591800417 0.0406859116128735 0.693816072674922 0.190738543666546
0.00355324240075061 -0.0200773410198048 0.75529766022991 0.256350629647455
-0.0218483199191451 -0.0654363981295662 0.649666126604929 0.221752968182358
-0.0469820886748416 -0.0892093152526401 0.369014374316689 0.116460250693993
-0.0588871248426618 -0.104784945938738 0.0834852412383486 -0.0456122179842257
-0.0519801986190814 -0.112565909880216 -0.163267616641354 -0.175812565267496
-0.0312452200212007 -0.0929800462822295 -0.360054622981967 -0.371466796062447
-0.0113749072435313 -0.046685379694956 -0.522902177119272 -0.45702000963867
-0.0444604308887563 -0.020368979808172 -0.633709623727817 -0.42146637187148
-0.0890518789156925 -0.0703344385332141 -0.670684453672924 -0.289650815006429
-0.0398928544244647 -0.117884550010472 -0.578086606044788 -0.221255413002961
0.0435314762401211 -0.0348769908524842 -0.274855241165025 -0.139561759307271
0.0169620057298805 -0.00782778671643993 0.102259053641754 0.0992514395398117
-0.0340424205241104 -0.105669858819644 0.517864004865171 0.147546699483138
-0.0787244089117972 -0.045886265117799 0.622660506282103 0.111332873812843
-0.0647800317122339 0.00592253240583033 0.661605515863898 0.289131798038163
-0.028800104377008 -0.0411099435559127 0.731951736224721 0.344241308123152
-0.0534422184287639 -0.0694176795964299 0.626814324710708 0.253853165624478
-0.0684614308565015 -0.0822321522784873 0.339780613188795 0.101123194562907
-0.0806561234282305 -0.0913387399659503 0.0523659582837712 -0.0827755419719864
-0.0775665418245963 -0.0979918316469765 -0.201046176807338 -0.205443654728912
-0.0659173433477882 -0.0850045133250298 -0.408159567252994 -0.369135237745994
-0.051069017991845 -0.0539524706707889 -0.563508067042446 -0.407245451155208
-0.0625924561335733 -0.0446172272512238 -0.664837612023755 -0.326393767579289
-0.0807500735727853 -0.0655659610441493 -0.69252231214857 -0.19929586414481
-0.0588619026312785 -0.0926734474334712 -0.588753819017759 -0.169972985270787
-0.00231583874203266 -0.0355972853034431 -0.268747214052098 -0.120498656472571
-0.0236425140705276 -0.0179479437613514 0.108566318745415 0.1068691679677
-0.0525767227157629 -0.074625616669643 0.52018892300356 0.188532447630972
-0.0538276655691626 -0.0282296372612243 0.605609244648787 0.185647153181886
-0.0467477671756032 -0.0311308286966706 0.620170392277489 0.38942717061937
-0.0499507131240025 -0.067230590773178 0.689808215437981 0.42732512612654
-0.0767878699328569 -0.0685590738464036 0.584831307457047 0.285300184149564
-0.0787475249754401 -0.0639762684652576 0.300657963874706 0.0899312785135779
-0.0882288842129708 -0.063411984092522 0.0176644287439111 -0.112399864248306
-0.0897506021094329 -0.0657522052760169 -0.244082966677701 -0.222415030122924
-0.0887742037611914 -0.0587807267249744 -0.463525131889988 -0.34985149375611
-0.0830745447693877 -0.0457869408207701 -0.611376889124292 -0.340276435156884
-0.0766552025439587 -0.0635086266807787 -0.689770281264245 -0.229190184442827
-0.0629901549487468 -0.0592465552241026 -0.702913054827137 -0.107798139449858
-0.0659922287675646 -0.0578530478095802 -0.5908429469416 -0.117457381668936
-0.0459182950282804 -0.0254318432419169 -0.252933560474445 -0.103382917760077
-0.0604314442459575 -0.0267549750781292 0.124117622151644 0.12264990829084
-0.0668217090001497 -0.0384004397029692 0.518610651883871 0.229647214549544
-0.0182551340557641 -0.00444771101783439 0.586555227187877 0.266032181968571
-0.0176888542940686 -0.0625406845490427 0.585180049786729 0.476863704337647
-0.0599061439091223 -0.0862109827773594 0.637292461365335 0.489189349401822
-0.0891582639939934 -0.0566378431263133 0.532442257272564 0.308549312817581
-0.0772788240366449 -0.0357120754854229 0.258306913450701 0.0843563137195022
-0.0809299396128049 -0.0248556577867135 -0.0155802891559584 -0.132190661987904
-0.0863046547077093 -0.0242081845889047 -0.287683609691705 -0.227257321561524
-0.0958288691191743 -0.0236841621627242 -0.518917066243078 -0.316659193171967
-0.101190213272983 -0.0323552700026432 -0.653383429790054 -0.269860142298044
-0.080246613573182 -0.0797213535885119 -0.707572429085552 -0.139604543713007
-0.0332632566233004 -0.0531375124653143 -0.702727866269621 -0.0307756696405523
-0.0615184685885262 -0.0190293895384878 -0.582993084587903 -0.073844898779178
-0.0824348384288703 -0.00901120360587849 -0.228073906684018 -0.0899103037924978
-0.0847311671028166 -0.0259568264686418 0.146012152352229 0.14286851678024
-0.0655298270701326 0.00200206383870388 0.5127352754798 0.264398053120866
0.0254353103779237 0.0179508823931144 0.573974626927032 0.333887775794409
0.0107853903900867 -0.0837791888351733 0.55864155835521 0.534174597429839
-0.0618546159707139 -0.087620206431341 0.584426267233971 0.524220823467635
-0.0870794993632651 -0.0296517742106591 0.476790594388781 0.325234771833276
-0.0627868027245466 0.00159403100546365 0.219351623772214 0.0872453881828023
-0.0600746247977384 0.0180303455704009 -0.0424562156819744 -0.136874122067628
-0.0684128050693315 0.0191043376609124 -0.322766248489419 -0.217660853622133
-0.0881160178859091 0.0105702770526808 -0.563225616569788 -0.279980034368494
-0.104398322875577 -0.0222697173084728 -0.68639766469219 -0.208506238721584
-0.0690641085810527 -0.0976021341565062 -0.719210893381756 -0.0745586662089116
0.00548907230077572 -0.0437180558226582 -0.695208395481365 0.0216756571970203
-0.0512503544597628 0.019769210170431 -0.572830758375661 -0.0482278185647653
-0.106912547998396 0.00483971171668064 -0.20110610729912 -0.081203737162316
-0.0934821544147352 -0.0145546490441492 0.173489425647157 0.161676697742256
-0.0444547846617009 0.0380915840370255 0.511917312626183 0.285848212959767
0.0701571497238635 0.0294495220049679 0.575779591310176 0.377698045796219
0.030328532973997 -0.0911160038153476 0.550555059322603 0.552664134286863
-0.0564585395471316 -0.0663166295495125 0.541088460560052 0.532267019906988
-0.0705208807463595 0.00969722571732316 0.430710054873795 0.33901932865079
-0.0377015206380496 0.0425965398454156 0.190667974760242 0.101585457075531
-0.0286020988203922 0.058423205376859 -0.0587053429248421 -0.128403921954591
-0.0388648596254151 0.0563215224413248 -0.34522139299369 -0.201912255169157
-0.068904384412267 0.0362743534275406 -0.595470464738411 -0.244503042874747
-0.0932548310479145 -0.0210808185501117 -0.711932331138944 -0.168282574899565
-0.0410764751946914 -0.115553766936848 -0.729001757038262 -0.0456289397343272
0.0478185342718176 -0.0303595287042478 -0.686738503157319 0.0432640469759135
-0.0400477635178625 0.0518330674902187 -0.562288067978097 -0.0364446684174558
-0.116901082364239 0.0125718107739317 -0.17444188714197 -0.0768460442806328
0.107018820862418 -0.0112699406849733 0.138606748599212 0.100901130519085
-0.00888301348623025 -0.138827135745304 0.506640493115837 0.0800069108823589
-0.0694038858599616 -0.0287781995471437 0.662169385996789 -0.0287106641137848
0.00593106825731403 0.0695138106061219 0.716545868675161 0.0502798383531687
0.0760177133829607 -0.0118066821697999 0.741206084462294 0.144937073747307
0.0420607592800143 -0.0524278396730164 0.645057102126373 0.197408884355446
0.0149618147765337 -0.074330575583213 0.387332220852095 0.159996647498626
0.00896067488250697 -0.0836591648843745 0.114558438086936 0.0264038791351231
0.0187068245632324 -0.0823625693474816 -0.130263013643629 -0.104708228387295
0.0477355045671022 -0.0469726154354333 -0.332732885420078 -0.345938158468349
0.0548597219236056 0.0137067162478974 -0.498373887705647 -0.511696820283989
-0.0205215959987128 0.0308146142961564 -0.588888578866211 -0.549499004244658
-0.0679653584778766 -0.0758349231132308 -0.605759933649765 -0.403936291853255
0.0284109419426002 -0.121287463039214 -0.552258561708254 -0.276375314158312
0.11301819208929 -0.00106018615349403 -0.256768449701656 -0.155389310266527
0.0880281417640019 -0.00674741955441876 0.117692343479809 0.100148387232126
-0.0142903387000886 -0.142807061197512 0.506516620594707 0.0935021496148402
-0.0899263861241607 -0.0424631511003966 0.647369182436624 -0.002858340849285
-0.0334150936966405 0.0639798750076359 0.707933003374027 0.103042930630823
0.0414078561034493 -0.0104928687246108 0.756645056839192 0.183925806843494
0.0108811812509707 -0.0602232717862021 0.654371587522838 0.197196907983858
-0.0183566088137526 -0.0867408385856845 0.384355304701861 0.134669785316021
-0.0279359484709778 -0.101619080299574 0.10442172290436 -0.00755376945976255
-0.0187871565578542 -0.106536330158104 -0.137892725530941 -0.138846111057525
0.00967039738870785 -0.0798368334992545 -0.332329856604508 -0.35974233780626
0.0270286502546206 -0.0219757888282541 -0.496515033908848 -0.488775947606738
-0.0302209364453499 0.00854817682087275 -0.60509379165639 -0.495108958354073
-0.0850817658632746 -0.0736781105176193 -0.639575334885138 -0.360681944295324
-0.00841323052613218 -0.129004940919662 -0.56577707817817 -0.259924830922959
0.0848440119567995 -0.0218335726935198 -0.269834019789394 -0.152222467036784
0.0563962829181008 -0.00405976000445134 0.105215971512773 0.0985904033881878
-0.0209992389279455 -0.129841884069668 0.509616861602029 0.114024267002571
-0.0920893291758274 -0.0501195716593247 0.634537140912703 0.0430503550389186
-0.0592079333975087 0.0407306790496074 0.689522409491273 0.186907332245197
0.00313797615135498 -0.0198161451467467 0.753206659915897 0.253167776274025
-0.0224367792364116 -0.0650148708807781 0.648769950934658 0.217588836293651
-0.0477861001045879 -0.088796466158659 0.366970283547417 0.113951782071044
-0.0597368147607033 -0.104544363766499 0.0823816054754852 -0.046009187740445
-0.0532246607514003 -0.112101034210298 -0.1629696824441 -0.173734449018191
-0.0316195100868184 -0.0934723966451587 -0.360682741017252 -0.370319224250877
-0.0111508319761962 -0.0468248555095277 -0.523127603361534 -0.455127577635165
-0.0445720075957957 -0.0196262393142127 -0.633502307153433 -0.414752824313047
-0.0887083954573058 -0.0697771064507083 -0.66931061363715 -0.285272818143203
-0.0398505805817097 -0.118204896109982 -0.579120858173633 -0.217615800324866
0.0435270099127942 -0.0351616626993919 -0.275133830537715 -0.137272094955935
0.017269357083852 -0.00852298556082634 0.102672932579492 0.0988715337606677
-0.034276477876802 -0.105191389709015 0.516935016614995 0.144816919124005
-0.0790860562862711 -0.0456624116176957 0.620904921771318 0.107715030064811
-0.0641743721330113 0.00545418097213749 0.658126325716508 0.286338721041009
-0.0289936971540366 -0.0409243922997059 0.731488939062608 0.340054538756004
-0.0538811144415097 -0.0691299482824687 0.624620536531617 0.249552740797177
-0.0694485069148075 -0.0826756302386387 0.337888161829124 0.0986583876634689
-0.0806535745497703 -0.0904801425489776 0.0506145846093387 -0.0826110850334413
-0.0781218684149165 -0.0969598032360151 -0.200995704965425 -0.202945240432677
-0.0664762487871403 -0.0849326864040833 -0.408397794220492 -0.36668808485769
-0.0509368217454791 -0.0537514397057357 -0.563621456470518 -0.403589177428117
-0.0622078763636659 -0.0440299806966364 -0.662768033656276 -0.321035769467558
-0.0810028155660822 -0.0647627132177019 -0.689451696295541 -0.195069525769873
-0.059468739023148 -0.0917184509812508 -0.586468461017712 -0.165438659192863
-0.00245051205874694 -0.034788437188813 -0.269141550317436 -0.119869507329272
-0.0233005672321901 -0.0179854896782255 0.108833319806411 0.106442314512937
-0.0540011344017659 -0.0739269792009852 0.518914746624099 0.185716769066685
-0.0538057545467292 -0.0285466927806001 0.602023650917493 0.183185220394242
-0.0469367096100237 -0.0310565993686398 0.619124332062166 0.384430843921607
-0.0505287259646647 -0.0661146981883361 0.691871314952471 0.42170790043848
-0.0771850896021671 -0.0680467535844435 0.582347796831077 0.280129639264752
-0.0791243136587491 -0.0643367087248589 0.299334057356863 0.0870869995164823
-0.0880805569402163 -0.0623714045783337 0.0162871629128032 -0.112709659726097
-0.0902082713725782 -0.0648857330639169 -0.244087670481157 -0.219813846605691
-0.0887982754373597 -0.0583829121388551 -0.46420502088622 -0.347466091605065
-0.0823326460298515 -0.0452535479565601 -0.609240318284596 -0.337098692765998
-0.0766452813236137 -0.0628750590000393 -0.687686424738684 -0.223610251404027
-0.0629559342282396 -0.058902358697328 -0.701331860506301 -0.103439588113122
-0.0662267336009522 -0.0572279553979325 -0.586700159004742 -0.112357725098303
-0.0459973318151568 -0.0246376726442494 -0.253063088438302 -0.101982426048937
-0.0598918211445898 -0.0261975319399276 0.124271981218577 0.122047863525312
-0.0676036680105921 -0.0377070235352256 0.516623216758656 0.226413255994349
-0.0181467430874109 -0.00468350319810764 0.584789117162842 0.262153930790382
-0.0175128237974214 -0.062886786720159 0.583885299334736 0.474194251536974
-0.0604825578778554 -0.0854205749518571 0.637965302879162 0.485735779718143
-0.0898179739853216 -0.0563574923242219 0.531981160310072 0.30451672849971
-0.0772691650931192 -0.0354309435106964 0.257239575898775 0.0822968475957727
-0.0804327756223677 -0.0240235175241362 -0.0169934392487839 -0.131625259635952
-0.086080914590731 -0.0236646360096776 -0.287708344939809 -0.224275571264937
-0.0956152553622475 -0.0230045147263411 -0.519293033376319 -0.313684285386104
-0.100471352180389 -0.0316447356625954 -0.651584198903616 -0.266465590880049
-0.0809477027415998 -0.079487073183949 -0.705164641649652 -0.13540853676279
-0.0334451502844243 -0.0524751352865815 -0.698837446694478 -0.0271106740451044
-0.061013324310561 -0.0186773594365251 -0.581224376782986 -0.0694038755284389
-0.0819089939221184 -0.00827160103647672 -0.227849280603627 -0.088461982842633
-0.0843121988790118 -0.0257140046858516 0.146206319406954 0.142211035515607
-0.0655839559949518 0.00196791463235796 0.512701814897614 0.261453146917379
0.0260610522962038 0.0168587177710909 0.571707431128044 0.330496954292612
0.0107707299280764 -0.0846950841572448 0.55756291417567 0.532498859809592
-0.0625113622890505 -0.086012859823037 0.584922601037984 0.519096622804759
-0.0876942411501354 -0.0291734801409212 0.476570636432042 0.320537278312935
-0.0623134687216643 0.00151141021868252 0.218684971960473 0.0860819316160523
-0.0593031534657625 0.0187515993404581 -0.0431061487719038 -0.136514556016517
-0.0676448347932554 0.0199209392209693 -0.322991027426869 -0.214875610015532
-0.0878147421122588 0.0109443103999137 -0.56355342851567 -0.27516998641513
-0.104362099531623 -0.0220837236644869 -0.68564699358552 -0.206725237836132
-0.0700720365907867 -0.0968954872460763 -0.717107499326643 -0.0719646949402266
0.00504562054797104 -0.0437239247594808 -0.692608178362852 0.0257257653065499
-0.0506430340165097 0.0198282841153978 -0.570258621112742 -0.0449908496879016
-0.106014068272113 0.00591591321223891 -0.200218205071938 -0.0810200338038714
-0.0936580050780266 -0.0139500159015 0.173230652998062 0.160090925381043
-0.0439597964000837 0.0390867508035885 0.510129239554846 0.280490445272832
0.0699629910614828 0.0286969694916815 0.574065670257775 0.374306801640552
0.0298190553145104 -0.0918060337189793 0.549286420093812 0.548497993432217
-0.0567073950611725 -0.0656542638149318 0.539977640722015 0.529582008323669
-0.0708731246777363 0.00998304233934024 0.430524129344052 0.336529789420734
-0.0375841796180917 0.042811566057936 0.190411803962652 0.100377985633885
-0.0283613847173013 0.0586302594459156 -0.0597202846776072 -0.127137468863851
-0.0386260751234757 0.0569758390236847 -0.345410880955376 -0.198354558068849
-0.0689889998020714 0.0358378817889433 -0.594181832761105 -0.240758212129697
-0.0929162663210382 -0.020429120192692 -0.711329222848714 -0.165735507240043
-0.0422145606342722 -0.114834352620866 -0.727384053909552 -0.0414166901795295
0.0479283015388194 -0.0306831925157925 -0.683982565072786 0.0461876309845248
-0.0399518692140169 0.0530035955992722 -0.559059335511056 -0.031555479282508
-0.116063838067065 0.0134358322943928 -0.174479656490529 -0.0758998194035898
0.107616143068877 -0.0125050812862001 0.138907474758175 0.100976737233604
-0.0103796600129383 -0.138556448003418 0.504175304114128 0.078203093892027
-0.0692052661082795 -0.0285823655180211 0.660099199190199 -0.0318080384631311
0.00711360965774216 0.0687256184272314 0.713352080256787 0.0463356882593684
0.0745328651599489 -0.012330907812501 0.736904973334112 0.142163843295552
0.0416781110384018 -0.0529830366737938 0.646321685108256 0.194740494712896
0.0137470121187103 -0.0744904453103423 0.385768285487731 0.156420072473419
0.00735106058871489 -0.0836218753170143 0.114515464932797 0.0257487460801629
0.0181967731148116 -0.0827684068040207 -0.130215138347327 -0.102816698427148
0.0476181412686441 -0.046824972156802 -0.332330467154463 -0.342166637932058
0.0549240060579734 0.0132201762576988 -0.499286950365269 -0.507781844985513
-0.0200892393320531 0.0314055566245672 -0.589475146248929 -0.545240207700273
-0.0686506648225707 -0.0742272373050241 -0.605263839991 -0.397186071292614
0.028372006260555 -0.12137298457769 -0.550962033163493 -0.273607459385918
0.113780397591106 -0.000644227934644324 -0.256590709226896 -0.154154020927204
0.0881661008846596 -0.0073119157911825 0.118118830394139 0.0998901942794342
-0.0154482583287143 -0.142136290709643 0.504520730835477 0.08803132610835
-0.0899609815290888 -0.0420792950876947 0.644263971085768 -0.00497479588933805
-0.0318789680750489 0.0633747160972227 0.707200663973433 0.100311888040225
0.0412600581158842 -0.0108114828023302 0.754312252410489 0.179024315368084
0.0106673239063867 -0.0600554424837704 0.65282387876163 0.193894775299482
-0.0193087511293402 -0.0868475611159377 0.38336407401732 0.131050611563979
-0.0292228090234851 -0.101537467773499 0.104318468435463 -0.00802160715178876
-0.0197582687998201 -0.106584202131709 -0.137346244871849 -0.13734580751433
0.00880674637271685 -0.0801222898419351 -0.33344514110431 -0.357876117395665
0.0267448488384379 -0.022503543218516 -0.497678190645698 -0.48588527689501
-0.0299767500322188 0.00870861518852793 -0.605835219638625 -0.490281087834211
-0.0860718513510892 -0.0737842406798359 -0.63873984829048 -0.355441168831694
-0.00886003825243189 -0.12824564545371 -0.564044676590233 -0.255131591315217
0.0851142321963615 -0.0217308127287823 -0.270082859182211 -0.15039518695202
0.0571054860932055 -0.0047529226305586 0.105590257512439 0.0982728218550441
-0.0220317585132927 -0.129383809790733 0.509393403904248 0.110994563648469
-0.0918956842194365 -0.0499783076831873 0.632522615281717 0.0408428533810362
-0.0585166345709747 0.0403624882373868 0.688893889897331 0.183123831144271
0.0033227535946807 -0.0196281291968477 0.752860269583523 0.24894901941774
-0.0230464796420142 -0.0652189071959221 0.64600089937322 0.215013851096036
-0.0481243392470357 -0.0888909450154316 0.366072746086449 0.110794359163831
-0.0606779540955975 -0.103881928954267 0.0814323793665208 -0.0459576701285218
-0.0535660832083297 -0.112149613661603 -0.163196522794436 -0.172274059439701
-0.0322945728423079 -0.0940528497427428 -0.361524035144372 -0.367256677878195
-0.0113346637005093 -0.0465748626576453 -0.523661743843547 -0.450673930363217
-0.0441583465865628 -0.0194854096989331 -0.634355392100322 -0.411440658687359
-0.089797156480996 -0.0689440386433891 -0.669485016548728 -0.280414503156926
-0.0405559827172201 -0.117320361660016 -0.578502365997343 -0.212700620802843
0.0436494095640549 -0.0348440380825919 -0.276554738313526 -0.135897361542852
0.0177283210235211 -0.00814105476703695 0.103019884431605 0.0985430177279925
-0.0363134696120067 -0.104388316019511 0.514756222207365 0.142269034925226
-0.0780270178432626 -0.0460212133610381 0.617767451943882 0.103686725690924
-0.0631761201121212 0.00548636781921225 0.657022290221081 0.283065940146482
-0.0292593924502006 -0.0400106722211423 0.731213318872905 0.336027791974363
-0.0541175500010767 -0.0681073240868715 0.623668152270868 0.244613870899488
-0.0690417663962445 -0.0816307135154454 0.336607299791306 0.0954442186955262
-0.0815723141472366 -0.0896037234897726 0.0504237606126426 -0.0828884612276886
-0.0788035629651641 -0.0965467850937812 -0.200254051233172 -0.201128029899549
-0.0670107458376516 -0.0841199648854196 -0.408096876956045 -0.36234077604349
-0.0506753990728219 -0.0532946987464427 -0.562784701724658 -0.400038216163231
-0.0625382756598751 -0.0437405291965462 -0.663928664588169 -0.317393807123359
-0.081381242397507 -0.064721149221588 -0.689047212758744 -0.190297152151451
-0.0601278664876455 -0.0917504364542881 -0.585315470772879 -0.16218767028253
-0.00198884533245799 -0.0349024272240977 -0.269399657044151 -0.119057673690427
-0.0232112084807575 -0.0175586393944356 0.109055332476706 0.106487676489384
-0.0544773555523576 -0.0728193638737077 0.517119901212095 0.182537111786132
-0.0538036551645969 -0.028895802656545 0.600442776763368 0.178371797284812
-0.0470893515095854 -0.0312122189093871 0.61943860233472 0.383383710261689
-0.0501507986999826 -0.0656637216719634 0.689931114798292 0.417057537312462
-0.0782674379901328 -0.0675410653620924 0.583750963823055 0.27810765208065
-0.0797845934665161 -0.0635030755341877 0.297985043986194 0.0851409887213926
-0.0884314841633904 -0.0619562560307377 0.0146543891620192 -0.112031446650441
-0.0900935933158462 -0.0645832325910011 -0.24456673218991 -0.218455940099268
-0.0882988403674574 -0.0582143366839964 -0.463763995008307 -0.342143964473798
-0.0823345227801402 -0.0451842745526563 -0.609882276603258 -0.332293123171356
-0.0776066403181845 -0.0618987270218521 -0.687513122434415 -0.219244573101948
-0.0631702598567151 -0.058351783194531 -0.69895982020412 -0.0980065176309573
-0.066276144894742 -0.0568535497225537 -0.587570743971015 -0.109060117977386
-0.0453962458738744 -0.0237099762486013 -0.252507090159411 -0.100843027687568
-0.059594975118735 -0.0257723910644536 0.124742832867999 0.121090365052187
-0.0677810514583077 -0.0367860247621747 0.516497903467821 0.223804285817525
-0.0175597715546777 -0.00477713704845026 0.583498472089434 0.259737789440642
-0.0176353203951261 -0.0628198975701697 0.584000295676007 0.470644782500721
-0.0606373272327283 -0.0848170950487915 0.638640629134839 0.481446630200394
-0.0899368670667079 -0.0552487186763372 0.531478657425693 0.301579296762568
-0.0782283975191861 -0.035384817770054 0.255950131754712 0.0798711792431204
-0.0811084026480486 -0.0239927956530304 -0.0176626200277424 -0.131055790003053
-0.0863914424921797 -0.0225255858570752 -0.288116321502632 -0.222273523283494
-0.0956704105078504 -0.0226650722590204 -0.519124681445923 -0.310137528098649
-0.100452785284501 -0.030826467797658 -0.651337626406773 -0.26300058854496
-0.0814694894312711 -0.0788660073290609 -0.704655859687486 -0.131448401970769
-0.0337141706312915 -0.0521071749026706 -0.697908595657022 -0.0217174051813642
-0.0617264910843957 -0.0177332064282736 -0.580253512559695 -0.0673162326019446
-0.0812006216226947 -0.00669401475260993 -0.228348182151593 -0.0879543596875052
-0.0845062405761289 -0.0248137798362169 0.14685989205155 0.140792601653279
-0.0663720341470821 0.00349257106067687 0.511866982322092 0.258406999024801
0.0266860277935374 0.0167137999280567 0.572045414624406 0.326653310828153
0.0102939807436328 -0.0841815156860885 0.558349280419162 0.527023265475397
-0.0631250154128683 -0.0853601981279976 0.586764122808465 0.514111773114274
-0.0878138765100658 -0.0283337053330991 0.477622666339471 0.317878431105816
-0.0627909419059365 0.00198035198412689 0.217650757644409 0.0841561992698422
-0.0591312134803145 0.0187274338704826 -0.0454456365751776 -0.135659388304984
-0.0673779707257443 0.0210432329282314 -0.322603335596258 -0.212678261733246
-0.087864207493733 0.011159833367189 -0.56218052852803 -0.270424592906436
-0.10438582613452 -0.0214534081818385 -0.683303474452385 -0.201816137080435
-0.0706471497305095 -0.0968602083468786 -0.715709316688971 -0.0655204755327853
0.0051541436701018 -0.0435640835143757 -0.69007292597398 0.0300619544741604
-0.0500707437467413 0.0207679955659896 -0.569234000740067 -0.0418734341840271
-0.105977377243828 0.00773013778581711 -0.201100822571318 -0.0796972892645442
-0.0932398829587897 -0.0129297889217533 0.173352153643329 0.159580643002048
-0.0439759988596575 0.0400670365472543 0.510143091451559 0.27848815188447
0.0708529356031957 0.0282439642651192 0.573039587416168 0.369460778465895
0.0290283703855555 -0.0922096827479886 0.548999001881899 0.545716006752188
-0.0568995545831203 -0.0648184687937101 0.543836029736293 0.52567812943959
-0.0713256063419172 0.010397146518416 0.431418485530762 0.333022334917858
-0.0372607834756079 0.0431882932602229 0.189772994153194 0.0981732876447094
-0.027062177564696 0.0589564759767829 -0.0603188772140261 -0.127137095633238
-0.0377087740267722 0.0577234002951076 -0.344424707850654 -0.195443732873909
-0.0685058257635343 0.0365822239217124 -0.592664068287111 -0.236626213282116
-0.0928914929045009 -0.0193426815015774 -0.709804405968786 -0.1614013891723
-0.042834706219738 -0.11440413484369 -0.725231533158218 -0.0376116220409329
0.0482184174317893 -0.031247275507569 -0.681628962514558 0.0502992672218436
-0.0393810421167026 0.054123455671661 -0.55644194964664 -0.0305380711593422
-0.115295117183064 0.0137987490111613 -0.175035682900957 -0.0759687722616632
0.107688107776601 -0.0136155018817822 0.139392456954752 0.100752428946317
-0.0117697903912604 -0.138608642703536 0.505978001579008 0.0771872552391725
-0.0698001736514738 -0.0285045928370069 0.658115287694293 -0.0344565654055906
0.00687646814489318 0.0687438586377455 0.713914899680835 0.0433714552559232
0.0750416945015983 -0.0132444902920339 0.738063139637267 0.138799343466488
0.0411057313982564 -0.0531945392152726 0.646418047390156 0.193127817522876
0.0131949105390559 -0.0748231078176968 0.385255140222661 0.155227851773811
0.0068158891409333 -0.0830322886569927 0.115365251176227 0.0260045318209497
0.0174223500427236 -0.0824703522456913 -0.129045266671525 -0.102380736504838
0.046479039807895 -0.0480271102477192 -0.332062504078544 -0.340791174621696
0.055492527137426 0.0124942434727797 -0.498946385918499 -0.507264668538829
-0.0200026856077302 0.0316927557423243 -0.592428838581337 -0.542958394883916
-0.0694322401028481 -0.0749027873849884 -0.607597131499636 -0.39559056992356
0.0275425875084839 -0.121760451627683 -0.550838818278246 -0.270878520133847
0.114379271925226 -0.000597960118276838 -0.257148086138619 -0.15382615077033
0.0887383746077482 -0.00789861740288953 0.118942264351465 0.099402904062815
-0.0164845377171522 -0.14163084432915 0.503617754809358 0.08767847401013
-0.0905483300253845 -0.0419652520812003 0.643149290653846 -0.00846135183127305
-0.0315089965763985 0.0640547664961441 0.706688810715813 0.0991688241770485
0.04251166101966 -0.0109771622250805 0.754424528030445 0.177719043633199
0.00972343509439048 -0.0599739650132675 0.654433346482606 0.192831050356101
-0.0202440552858026 -0.0872895548820657 0.382409516427244 0.130348694392113
-0.0301311790854325 -0.101598344490455 0.103717219120501 -0.00811276810077703
-0.0207718311872097 -0.107290157159302 -0.137570330174863 -0.13644478702196
0.00854591252150369 -0.0805530404110994 -0.332696512571525 -0.356685165532836
0.0272352883125904 -0.0232981684739795 -0.497463510070625 -0.484974039338056
-0.0293729121955874 0.00971049968192306 -0.608014804236743 -0.488977674447402
-0.0871658049669039 -0.0725796034727244 -0.639223453530388 -0.349702467834667
-0.00858442192709027 -0.12846149656213 -0.564134149026224 -0.252939439483425
0.086147831899247 -0.0220981526132864 -0.270993235002979 -0.150248827133037
0.0577779629514834 -0.00542179643300634 0.105967158447836 0.0978161112452239
-0.0234580357161802 -0.128778195266676 0.508141149903492 0.108842132629659
-0.0929887667377958 -0.0497407689647544 0.629365108902325 0.0367075502227598
-0.0581270119761644 0.0404771495275672 0.688054768801855 0.180701481374145
0.00365499273197435 -0.019368427229106 0.752634897737972 0.24742924590413
-0.0230722015185581 -0.0650691557795082 0.649141354509412 0.211214904794809
-0.0497958118340985 -0.0896031701241158 0.366209934611183 0.108781880601754
-0.0615019364455231 -0.103622381598025 0.0803950321033004 -0.0459959683782698
-0.0552034016146617 -0.112159238365483 -0.163917630220635 -0.170395570398283
-0.0322668809001396 -0.0935379700923231 -0.36150348202649 -0.364791478173033
-0.0113234603035475 -0.0476470069280503 -0.523378302640706 -0.450207573576901
-0.0443842236883998 -0.0180933350923157 -0.635449952302556 -0.409360280696233
-0.0900704190207109 -0.068610048692069 -0.668334204425198 -0.275468849171102
-0.0406534390765434 -0.117070331020271 -0.578286594026753 -0.211443505562206
0.0445713155204728 -0.0342089906526925 -0.275986380378398 -0.136398567869553
0.0173084871653809 -0.00870496919406639 0.103450793088056 0.0986647631997469
-0.0371928173832696 -0.103755500270016 0.515221995493773 0.140227466396423
-0.0793874260360162 -0.0455807012656294 0.6155128297621 0.101863790220154
-0.0637993511705851 0.00539397734298533 0.657745000881398 0.279907497166692
-0.0289966238325281 -0.0400602782854135 0.731468434535364 0.333627626011434
-0.0549923237145263 -0.0684705220066697 0.625402750786179 0.243664910522992
-0.0702383005492852 -0.0821987209008536 0.337084415434412 0.0941384345918818
-0.0819275774591679 -0.0895664961344228 0.0491001001273126 -0.0824723250551006
-0.0792312306719386 -0.0961603963806845 -0.201514082439799 -0.200283345421839
-0.0672655857705917 -0.0851615171727836 -0.409577054668528 -0.361220503336541
-0.0505716533495966 -0.0535964938056648 -0.565273577999661 -0.397823214840711
-0.0626136485649037 -0.0427574157532889 -0.66367794688808 -0.315669954692625
-0.0819047480595682 -0.0639065027573028 -0.688991184650032 -0.186207425398287
-0.0603095306275381 -0.0911583543789478 -0.585704530539251 -0.159779541231456
-0.00155980503500319 -0.034075331943035 -0.270078293196364 -0.117660832219251
-0.0231607663378439 -0.0178008155491281 0.109035756366034 0.105884714076528
-0.0549922384320943 -0.072848942272766 0.517978155538264 0.180187973107936
-0.0526976700950038 -0.0287913509072742 0.599075409492122 0.176596967186919
-0.0472702543620067 -0.0312223832273676 0.620090725798772 0.382426751264403
-0.0510515094666201 -0.0657951495184367 0.691705320482004 0.415521817044565
-0.078609304796808 -0.0664957987608927 0.584411015783428 0.273956568333287
-0.0800289861920843 -0.0638445843208144 0.297616181594832 0.0832257163945247
-0.0885995156497907 -0.0611953520207232 0.0141851034947095 -0.111555393158473
-0.0904754900250334 -0.0637449008207387 -0.244495963043598 -0.217768215969865
-0.0889228635662216 -0.0577108271559013 -0.465365725973769 -0.342003586711315
-0.0821968509613882 -0.0449166740922808 -0.610297522223011 -0.330175935272682
-0.0781580334657281 -0.0617932294030647 -0.689567311210329 -0.216522121443261
-0.0639180447542188 -0.0584659750691102 -0.699620545639706 -0.0974484703980939
-0.0661664097516883 -0.0567528260485458 -0.584815481986291 -0.107553240748951
-0.0455398796670124 -0.0229103800740241 -0.253176437039674 -0.101081641259464
-0.0593583463608325 -0.0252824469221789 0.124006109788355 0.121037122199421
-0.0683165740041657 -0.0357763172607834 0.517573117876648 0.220963688242206
-0.0173143518349384 -0.00497948684434522 0.581471398633284 0.257587515461984
-0.0182964543179396 -0.0628262212295796 0.584062198425221 0.468678517166078
-0.0612346833227588 -0.0846073523162619 0.640282524064997 0.478140396303029
-0.0902445292729116 -0.0550541534532242 0.531779499484954 0.300194146815521
-0.0778669942997452 -0.0356081870735234 0.255806083199878 0.0787720420705882
-0.0807637891591689 -0.0228807526303911 -0.0202799810513584 -0.130135656088564
-0.0865722151953511 -0.0214191493558318 -0.288660080198663 -0.220772366618042
-0.0959218324823767 -0.0222225722142271 -0.52011464013483 -0.30730058789525
-0.101284334020575 -0.0307712279567887 -0.650552658238594 -0.261482740787144
-0.0816978718487109 -0.0788746798573276 -0.706625593051291 -0.128950126240448
-0.0340503392714687 -0.0524032374499738 -0.697526221103224 -0.0176701163882505
-0.0612862864744875 -0.0175859480642154 -0.579975683435812 -0.065299034258625
-0.0814679309283887 -0.0060392942331576 -0.229556631142427 -0.088240656579771
-0.0848083716898471 -0.0247332618683544 0.146867876454006 0.141348451422827
-0.0665593295666446 0.00481436134405296 0.511625152821943 0.256552218487367
0.0270443421924332 0.0163964972299418 0.570663920096381 0.32523527193393
0.0105159732097504 -0.0852650979423092 0.559824759574451 0.527290691133902
-0.0636724195787107 -0.0849004957791146 0.586819725878986 0.512618884099729
-0.0888377427473883 -0.027650464545667 0.477162311626237 0.315947178849368
-0.0633226523227967 0.0023385788947102 0.218134395213776 0.0826581493272044
-0.0588708708914471 0.0189730153101704 -0.0461452707447291 -0.13601388378116
-0.0674841344822091 0.0212173352071171 -0.322703476540598 -0.210588749465168
-0.0881722677460776 0.0122421596591317 -0.563048872539884 -0.268099490103841
-0.104785513955295 -0.0212124697535927 -0.684978956177953 -0.198732599620543
-0.0714308913157484 -0.0962485138842483 -0.715767770994838 -0.0629928048389462
0.00531073959799608 -0.0443349578910159 -0.690315728480142 0.0336346198794476
-0.0502306685171782 0.0211537349636762 -0.568743178758115 -0.0376555128441889
-0.105946604733462 0.00902567294488973 -0.202463954750318 -0.0793562724374981
-0.0929927952002673 -0.0132504498974226 0.173607195779522 0.158318109450829
-0.0440926623356113 0.0409370858262589 0.510959354913341 0.276925780987587
0.0713764631952204 0.0275333317979467 0.571477022717563 0.366328431916071
0.0285237113578908 -0.0919133976231795 0.551215315191506 0.54569689736647
-0.0583707363726576 -0.0639270695190703 0.543628271125771 0.522189923754874
-0.0709466454833258 0.0113189089763929 0.431939273620948 0.331038824682315
-0.0375111435633673 0.0436058486071664 0.18988801187809 0.0975122254273482
-0.0273187928985566 0.059651140375405 -0.0611953367793992 -0.12703853758103
-0.0373166352521834 0.0579726134168242 -0.34501402686749 -0.193652624298423
-0.0681486709498663 0.0362427490819259 -0.59387271295799 -0.236155142141873
-0.0932427192469067 -0.0191945013304905 -0.709414699185575 -0.159101175691361
-0.0443795858242935 -0.114289518858863 -0.724440326165544 -0.0330991596223026
0.0491490439566778 -0.0317330135456001 -0.681402454090195 0.0538081659277318
-0.0385771113978757 0.054564226691329 -0.555151424683433 -0.0263968762842481
-0.115664637190799 0.0155172621369446 -0.175953153596644 -0.0755271309624306
0.107482680078588 -0.0140908798960803 0.140903878169419 0.099984842004987
-0.0122460792785656 -0.137422313317134 0.503206627058297 0.0734790061263266
-0.0693995050047501 -0.0279006115756565 0.655317049385692 -0.0371310329119803
0.00789394904561404 0.0682172628503197 0.712115439206952 0.0401554237629553
0.0753276013534287 -0.0130196915889195 0.737925565184798 0.136783190628742
0.040569498014046 -0.0529612890723975 0.646671217391731 0.187657694602648
0.0112046574474653 -0.0755546032259562 0.385227426605511 0.152550660255179
0.00633012828501916 -0.0830729580597713 0.114404500948442 0.0251807223444155
0.0157892351684392 -0.0828732722009501 -0.129464225320078 -0.101721716267022
0.0470982956904069 -0.048763316297781 -0.332859296204525 -0.338895194767462
0.0561655230780716 0.0122065664370499 -0.501478277320801 -0.503661256861507
-0.0203658387929293 0.0326686484038823 -0.595369853289405 -0.538485176794261
-0.0700634252195759 -0.0743972243859845 -0.607832293884801 -0.391002327609193
0.0269431083073163 -0.121179559271874 -0.551187698075993 -0.26577449947206
0.114578934858618 -0.00166521969521839 -0.258648621459457 -0.152089150876642
0.0889865715499037 -0.00829323995839215 0.119226496770789 0.098866020109766
-0.0172557398331737 -0.141269465043412 0.503973456460451 0.0853211210465836
-0.0907299653078271 -0.0424449158544271 0.63951335771283 -0.00981973326985712
-0.0303603231143047 0.0632872182439365 0.705338092627985 0.0949272547517315
0.0420687654724883 -0.0112364218232321 0.753726411930886 0.175367385978792
0.00879563871577083 -0.0600703732154506 0.65441728829477 0.189106276515741
-0.0218126483500935 -0.0869225558555787 0.381985906977683 0.127285131063782
-0.0316467306440255 -0.101395107155664 0.103086761536743 -0.00860040523894665
-0.0221537708109416 -0.107197351914281 -0.137450291455776 -0.134136400112857
0.00840013467922087 -0.0816716150436021 -0.333024610498446 -0.353520891933887
0.0278251861233562 -0.0244105716382623 -0.500098379785078 -0.484159307350087
-0.0295965820379954 0.00957284992937184 -0.60917657119676 -0.483758620145619
-0.0876326952881446 -0.0725484989727241 -0.639296887200031 -0.34748360046412
-0.00974132289646429 -0.128029739190514 -0.563487750441422 -0.249327089026495
0.0859132618090998 -0.0227132890335169 -0.271936593443201 -0.14810624106346
0.0577849916188174 -0.00531133150966929 0.106963341316312 0.0971667050824157
-0.0249062176260484 -0.128001171376286 0.506780889499776 0.107264188591693
-0.092635775622264 -0.0496514816247742 0.626473422247386 0.0353306070034022
-0.0571559409600427 0.0402807426788642 0.686251334451783 0.177390567360216
0.00398103681485294 -0.0200432946659678 0.752431700499439 0.242543526231569
-0.0243974313281339 -0.0644620852320326 0.648468353962988 0.208417326856361
-0.0502763466645565 -0.0897746028490578 0.364425588970165 0.108129237139153
-0.0626306065104573 -0.103063362785111 0.0800619109661395 -0.0459595760357623
-0.0556697436050122 -0.11214585776589 -0.164060819080478 -0.169432660864483
-0.0330868926898953 -0.0941054894395873 -0.36372566987906 -0.362398469475385
-0.0104127528063625 -0.0475258886298641 -0.524365934879089 -0.445692495024688
-0.044591507861741 -0.0179809579696425 -0.636369285244572 -0.405488468402655
-0.0907946354552227 -0.0678107273215234 -0.667749051716845 -0.270452010958867
-0.0412644439972605 -0.115923162109632 -0.577188832791796 -0.207983719605554
0.0445889054866004 -0.0343804824644125 -0.276689818473013 -0.134644178558298
0.0181262983257446 -0.0088533477808336 0.102557471436976 0.0977451909517989
-0.0379205232534772 -0.103138973574535 0.514285503663808 0.136138154836685
-0.0787273159685999 -0.0451971790895251 0.614068306305596 0.0978869409478737
-0.0625484899714746 0.00625372220162005 0.657024539565483 0.277298688443668
-0.0290407553670327 -0.0397984259245571 0.732450815188405 0.328963544923264
-0.0557032472162617 -0.0677852626518964 0.625441773401003 0.240268055763273
-0.0710184216664298 -0.0817097606925923 0.335064930650222 0.0913840053496878
-0.0827494791651257 -0.0883739395314366 0.0480684838806922 -0.0829008680097865
-0.0806843713609042 -0.0960151986425984 -0.202427052525754 -0.198264223041826
-0.0678449594734196 -0.0846807939698998 -0.410318045534473 -0.35852655905469
-0.0510887036085937 -0.0533990890617489 -0.566110677848102 -0.394432202725673
-0.0626966362332891 -0.0422625675080853 -0.663027607816421 -0.310175384822126
-0.082771205645208 -0.0641300832172017 -0.688811353830831 -0.181673147429965
-0.0603266260588895 -0.0901890830137617 -0.584741438128253 -0.1555762332119
-0.000910083015726104 -0.0335071271680458 -0.270626267403957 -0.115845782856464
-0.0227474149882855 -0.0179398274384331 0.109337268902671 0.104926690278496
-0.0553130747771437 -0.0714202550372868 0.516959597774311 0.177625672095074
-0.0536336872832296 -0.0285700595809339 0.596122825018296 0.173457677665252
-0.0464567952487702 -0.0314832257639226 0.619595432514124 0.37793159476721
-0.0510880748114306 -0.0651368469057883 0.692463813477103 0.411121740388741
-0.07958156484782 -0.0658991425554085 0.585058972895961 0.271149794627885
-0.0808821677371099 -0.0641042836697012 0.296539184674075 0.0813185625769836
-0.0891946427425953 -0.0592079107071565 0.0134286373557519 -0.112391485896803
-0.0918603319295903 -0.0621012287122459 -0.24609682653248 -0.215257157853845
-0.089264433356936 -0.0577854835273008 -0.464789774994103 -0.337901713066257
-0.0824222993152524 -0.0450723269558126 -0.611019285020688 -0.328117533329465
-0.0783884154314322 -0.0608047214128935 -0.688043707457066 -0.212739049827549
-0.0631304192517027 -0.05844259670296 -0.69667652604396 -0.0909141305357172
-0.0661782400758525 -0.0555346955795949 -0.584240390096625 -0.103752430238864
-0.04504923274963 -0.0229457011398629 -0.254873421378548 -0.099014287292492
-0.0596007643345766 -0.0253432997591216 0.123957800136203 0.12058179083004
-0.0691725892148956 -0.0347322911290696 0.516072431282406 0.219012366063189
-0.0170933191455367 -0.00488065208843642 0.579768231702346 0.253727969821634
-0.0189469752793354 -0.0629174978785793 0.584986532583378 0.466319740190927
-0.0612420320440396 -0.0837960669536508 0.640074599992114 0.474850579654743
-0.0915557726558583 -0.0539151111459674 0.532237493381175 0.295665417024189
-0.0784435006342809 -0.0354038949246316 0.255027996070175 0.0767552650166715
-0.0803348615132017 -0.0220422746866233 -0.0209846894916668 -0.13066652271776
-0.0869228016651361 -0.02053898262745 -0.288503080558135 -0.219107167193522
-0.0962518100809619 -0.0214959371621525 -0.519738139180936 -0.304341529087962
-0.100302916007502 -0.0299834237031371 -0.651885368293979 -0.258828774075405
-0.0821398780195324 -0.077768241348268 -0.704213989499939 -0.126329900417937
-0.0338114911356399 -0.0524582531372474 -0.695188559634838 -0.0162628858691744
-0.0611952979169731 -0.016736048506885 -0.578506240659096 -0.0605758610665326
-0.081068448251294 -0.00496037829814766 -0.23026450049817 -0.0862383396192026
-0.0846130094065176 -0.0245772797321823 0.147507813454597 0.140593942252119
-0.0665066962106734 0.00539896137381097 0.511947413788277 0.251995885922986
0.0284630338948312 0.0164323743476465 0.568353580997986 0.322271737244708
0.00971251257302296 -0.0848570242584087 0.560394081127907 0.524242405642767
-0.0640148796273096 -0.0844614969725244 0.588651369677604 0.51014468306227
-0.0889707348614841 -0.02688170486741 0.478141652209683 0.312997127345313
-0.0634497960816325 0.00229038158062862 0.217424922557421 0.081554277146352
-0.0588122085019733 0.0200388627502182 -0.0464322000376379 -0.13579904515235
-0.0670347018232964 0.0219916875068674 -0.323700459621666 -0.208353956388625
-0.0873126396242413 0.0125270634229814 -0.563270315973241 -0.264870643199013
-0.104505526870167 -0.0196269748023262 -0.682580830884822 -0.194329365059934
-0.071313785996473 -0.0957789642206206 -0.714422878285831 -0.0600376933456823
0.00555717966237377 -0.0449810291866577 -0.687710163152792 0.0382874567703015
-0.04950739425107 0.0223268431404124 -0.566459167053689 -0.0341342999745642
-0.104132346819803 0.00949252489832363 -0.203185346284303 -0.0789135605870915
-0.09372528977141 -0.01261432339501 0.174455206367936 0.157546648153415
-0.0432086017758362 0.0416072903931291 0.509440192257422 0.274260709259598
0.0716309411639549 0.0280388923288717 0.572955863678526 0.36305332672967
0.0273895613210912 -0.0918106535182835 0.551387776650429 0.54211866556277
-0.0585178511834721 -0.0636209979624862 0.54319120534937 0.518101088878828
-0.0709991551709284 0.012169063437833 0.431797375691459 0.328833446554459
-0.037108606951265 0.0435005300730744 0.189240012656593 0.0968831399542206
-0.0260017903476527 0.0592344297658225 -0.0625910007419197 -0.125862271028464
-0.0368005049974107 0.0592954709813317 -0.344579297520433 -0.190957895052962
-0.0686768629793953 0.036865839811486 -0.592752960116957 -0.23249836012815
-0.0930705813517207 -0.0181432106228621 -0.707877189889703 -0.154582107505511
-0.0445513208790886 -0.114149922556408 -0.72547285939079 -0.0294049403952368
0.0487204421674446 -0.0319727186957631 -0.678725339659158 0.0574842474519398
-0.0380607662011207 0.0552866995044864 -0.554328259876239 -0.0236048327238609
-0.114322109927064 0.0164392864077074 -0.176494971562258 -0.0758727789884991
0.108481022289305 -0.0156457111286029 0.140129965177023 0.0997583384035446
-0.0136795251260391 -0.137188063061048 0.502676688760173 0.06965166746819
-0.070499320122005 -0.0279994504862484 0.651957125758437 -0.0406278348057405
0.00890941207235092 0.0681762796504165 0.710466186681965 0.0362690199175603
0.0758351471663198 -0.0136769754155733 0.736871836427 0.131395690044091
0.0399674802431779 -0.0536268239031315 0.646928943315381 0.18564731915127
0.0104320010813851 -0.0754813973339858 0.384828123627817 0.149531207535464
0.0051503703683203 -0.0835123321825487 0.113479304509547 0.0240949707305353
0.0159549863532855 -0.0836583444764041 -0.128644420497676 -0.100128254672913
0.0469467675760307 -0.0499579204122647 -0.33388860476518 -0.337081212418553
0.0555890805333454 0.0113272577029008 -0.503784674003272 -0.500814735262049
-0.0198580804896683 0.0333114149167209 -0.59508857928608 -0.534774904215766
-0.0706561483565419 -0.0737943103387897 -0.607451301687327 -0.386462882754697
0.0261493720531549 -0.121455054631505 -0.550765582800684 -0.263233393927629
0.115686112681029 -0.00148882408346953 -0.258428500944742 -0.15148372256859
0.0891539861707195 -0.00899600431974694 0.119744408976499 0.0987663186922614
-0.0191300445956655 -0.141015174433684 0.50316376415114 0.0821753680548199
-0.0909222882264639 -0.0415225560987773 0.638845683069932 -0.012800987563687
-0.0299723558845068 0.0633617115460743 0.703494052710539 0.0925511162420059
0.041825365536606 -0.0121125613805007 0.753222537082171 0.169203764430098
0.00780302161286864 -0.0611614468205685 0.653686638745677 0.185368402644324
-0.0225642031548848 -0.0872851661024179 0.379994571612262 0.125437587638018
-0.0321505364971727 -0.101080640539883 0.102168101409661 -0.00842451168395811
-0.0229591247321688 -0.107051526795145 -0.13727093170845 -0.133301568194522
0.00780208213602476 -0.0823314023332146 -0.335338935566915 -0.351446110704684
0.0273776324429063 -0.0240254912121948 -0.501092642770589 -0.479512600866205
-0.0293779247864537 0.0103970876444697 -0.610236357637978 -0.478324565064431
-0.0882286018521176 -0.0714817314641856 -0.637649270075717 -0.341411991484659
-0.010909821304566 -0.128138608182968 -0.562701394079571 -0.245737989896411
0.0865893174394538 -0.0222937254263835 -0.27251609419444 -0.148318856296013
0.0585254774533793 -0.00579965893026733 0.107022566352891 0.0971031445730552
-0.0248189652318803 -0.127729602792681 0.504819841778261 0.102201669884084
-0.0925869648147666 -0.0495584590863399 0.624443652641938 0.0338009413803338
-0.0569724579117726 0.0399769642538283 0.686315512200636 0.173570142912942
0.00458890320690832 -0.0195368694883573 0.752363068581105 0.238330028123356
-0.0248562955887331 -0.0642057371832015 0.648540935544941 0.203730138848629
-0.0511868015305085 -0.08847216168964 0.363571045487255 0.105369042787309
-0.0630902640248606 -0.102656526076991 0.0779634151601345 -0.0467740077200901
-0.0573278165493273 -0.112225191851827 -0.163616278520988 -0.16796810784048
-0.0343381295606927 -0.0951823358252639 -0.363917371497106 -0.360491320153496
-0.0111634114780529 -0.0478089978244342 -0.526143767601373 -0.444215671571259
-0.0443531672815021 -0.0175067414217744 -0.636496696952351 -0.400009614933045
-0.0910666545136326 -0.0670568568368337 -0.667564813444191 -0.266698744556904
-0.041515551548102 -0.116789386907825 -0.577950540037468 -0.203953220597041
0.0449110918946278 -0.034153656143328 -0.277454113109527 -0.134176143403168
0.018102164130329 -0.00857467550010885 0.102850982717811 0.0977728957317626
-0.0385942117567363 -0.10196254795706 0.512650029001427 0.132787733706458
-0.0792625707564065 -0.0456979185883266 0.61114685816922 0.0947011937758969
-0.0623504456694069 0.00594327822899588 0.657166919031012 0.275395954286594
-0.0290909892514531 -0.0394592065392018 0.732224162325159 0.323018532417844
-0.0560469305206916 -0.0675034789153657 0.625498397124565 0.235408101043043
-0.072544018092059 -0.0815821014908908 0.334343648077627 0.0889666717300998
-0.0831934972126029 -0.0884327669329772 0.0461963615399562 -0.0829304340911133
-0.081511858943214 -0.0948483796215199 -0.202803300515635 -0.196744850511747
-0.0684248064294292 -0.0847737453666599 -0.412884853235172 -0.356035544956818
-0.050870371280459 -0.0533734245715764 -0.566276114455727 -0.391774150975121
-0.0620847041543371 -0.041931119868336 -0.665886845700379 -0.307253195663456
-0.0834164096703688 -0.0623948733692601 -0.686627120143611 -0.174793349795219
-0.0615032430908591 -0.0901918969008542 -0.584344622353165 -0.152118241825824
-0.00114261777903777 -0.0330686738650545 -0.270648402095662 -0.115915085920831
-0.0230473510478951 -0.0173256160726351 0.109762522527506 0.105228016991792
-0.0562367498090199 -0.0704742133236111 0.517219466764296 0.174794989120433
-0.0533454285562929 -0.0283087019377815 0.594605301333183 0.171651772224586
-0.0469802169135457 -0.0308721131210145 0.619791534968144 0.374832516791043
-0.0512382228400989 -0.0651006620799152 0.69394451408361 0.408063320712538
-0.0799087593213713 -0.0657475185338808 0.584395263984527 0.267723975948199
-0.0817805684279104 -0.0632385531576768 0.295939934085517 0.0793474610208787
-0.0900092138364731 -0.0593337324848559 0.0120462578994258 -0.112250382889096
-0.0919091479560753 -0.062828133719307 -0.246884836834531 -0.212714070529418
-0.0901608232323011 -0.0569941741363205 -0.466769851954923 -0.335540085855347
-0.0824386476175294 -0.0445009811644202 -0.61106064716888 -0.325750498708238
-0.0776097952598192 -0.0602026534478222 -0.688448930019589 -0.207614204806157
-0.0641144913054519 -0.0580352506687465 -0.696099930112244 -0.0867080986091823
-0.0666038554086483 -0.0551560589770592 -0.583256150126116 -0.0997258635048824
-0.0451934324449402 -0.021043779531533 -0.254503129545489 -0.0978822597229307
-0.0593031688393662 -0.0244635053408242 0.125719661038203 0.120334131484503
-0.0691043839385322 -0.0336227470538942 0.516770727993727 0.215713449538021
-0.0168888308870545 -0.00577106682105862 0.579535186698514 0.250888594283854
-0.0183843835339487 -0.0633272157462415 0.584701836934987 0.463365552225391
-0.0616548045779527 -0.0828878479137858 0.64195654246755 0.470444253650531
-0.0919001059504192 -0.0529114857246594 0.531743166907584 0.293289101022362
-0.0786594640990221 -0.0345049658284863 0.254170278635109 0.0759635510340478
-0.0803114123084709 -0.0212586266130077 -0.0219799789573284 -0.130172528326703
-0.0857989360856824 -0.0194828849324039 -0.288841136700818 -0.216787440005543
-0.095580379552187 -0.0219276091442252 -0.520727856516932 -0.301152787204746
-0.100671219577028 -0.0295387802185168 -0.65168513172633 -0.25523024811561
-0.0832437159887564 -0.0771199779171786 -0.704301428250808 -0.120468950285599
-0.0337101828768809 -0.052419473904581 -0.693623474731615 -0.0115093273839698
-0.0613785483212917 -0.0158269053015166 -0.577096915709218 -0.0572363368598418
-0.0800559333127195 -0.00442926482827161 -0.230738533081599 -0.0855954327914568
-0.0845541821723761 -0.0242719458641267 0.146988514531896 0.140018716323404
-0.0669143852653937 0.00699644774186803 0.512252936678778 0.249493435468859
0.0282698933555904 0.0158612823659738 0.568294733742743 0.31978522707831
0.00901564590402774 -0.0853530074405827 0.561334642449884 0.522072090739723
-0.0646018915775843 -0.0835481383328424 0.589769580839608 0.505083539105688
-0.089353008024437 -0.0258561468144707 0.478473305229893 0.309433472716233
-0.0633421196248298 0.00274850704182364 0.21668227143002 0.0803594024066095
-0.0578850965203887 0.0205425826713107 -0.0478615385569507 -0.134008749577304
-0.0665943240989735 0.0223098995874578 -0.324800645906888 -0.207708966476759
-0.0879004212249327 0.0122548177903879 -0.562832182612141 -0.261168467873081
-0.104307550424622 -0.0191031316672038 -0.682027897527403 -0.192226676868146
-0.0729662357774176 -0.0959223932747031 -0.71430198801046 -0.0533968176971501
0.00517963452890166 -0.0445558334524597 -0.685196540270546 0.0418376942326985
-0.0493162940122307 0.0232380503047777 -0.565760008575916 -0.0301575208758168
-0.103918077095934 0.00986166841701756 -0.204094346690653 -0.0790190753220478
-0.0930980865762276 -0.0116700627442169 0.175421711407675 0.156958905425726
-0.0436021012877093 0.0431609725353888 0.510878423510645 0.271982603431638
0.0719171219813477 0.0261399151357691 0.570728203325453 0.359842280468616
0.0264224567749281 -0.0928175721008438 0.550995668208267 0.540007024747985
-0.0588006043145412 -0.0627104387305054 0.54565003185334 0.515582056187463
-0.0714349180391351 0.0139314357483589 0.433696385342036 0.325802888963027
-0.0368150967830405 0.043378157894024 0.189084262895029 0.0961043833007749
-0.0256625815902795 0.0597862940810975 -0.0638717275174702 -0.125036149135523
-0.0356509601907259 0.0592580454878413 -0.345791831780311 -0.188110507459326
-0.0670528839265008 0.0374814580484732 -0.593844009512804 -0.228827583381521
-0.0932894247868484 -0.0178463087353937 -0.708810997864456 -0.152069029183529
-0.0462610026414094 -0.114210923334557 -0.722862187247939 -0.0237217326868244
0.0481525924014452 -0.0330919176214854 -0.678472032169207 0.062433162379537
-0.038136184344395 0.0559255510488728 -0.554232770050584 -0.0197499152667936
-0.114449988288804 0.0179045583901621 -0.177760656853951 -0.0745896190101285
0.108033440337663 -0.0159719429873517 0.141097519915939 0.0989145642365808
-0.015085376802748 -0.136904579894298 0.501561726829135 0.0678967524180455
-0.0705388571537197 -0.0282165681780785 0.650050812858515 -0.0429629213405629
0.00968578708704125 0.06745418236835 0.709380597217389 0.0330790627051135
0.0761188984377458 -0.0151182140475979 0.736839296422415 0.12771086014038
0.039236570700745 -0.0539322228114247 0.646381980562126 0.181796952462
0.00839156385482315 -0.0758614935136162 0.384135430039925 0.147151753608896
0.00402008643994086 -0.0831033202216236 0.113118151087342 0.024926835347778
0.0139481365719684 -0.0838969500209692 -0.127962463379811 -0.098465304063508
0.0462964889218024 -0.0508264040417232 -0.334340418583134 -0.335012574971253
0.0561919357068133 0.011086222458612 -0.504392470851763 -0.498773054036293
-0.0191166463110282 0.0338354963480546 -0.596930030529101 -0.532707952244672
-0.0723181162990096 -0.0733319204350665 -0.607954926367077 -0.381089524595179
0.0256694661525181 -0.121577225306784 -0.54996880645993 -0.259830149751054
0.116367324828535 -0.00120952616585746 -0.25951172742157 -0.149757743324111
0.0891382422630975 -0.00985687859382573 0.120225729466188 0.0980458979630474
-0.0198378006564651 -0.140094281078614 0.502544384016418 0.0791935152585834
-0.0917735945499821 -0.0411775930781033 0.636396614082137 -0.0174222657641114
-0.0292132859095457 0.0636685362168021 0.703428388267317 0.0873934342386529
0.04236403615949 -0.0125419553829444 0.753078236001391 0.165464815957251
0.00805402674279622 -0.0605360153368234 0.65457668815517 0.181092475841406
-0.0241909021188057 -0.0873974367299493 0.380061082087619 0.121900681516104
-0.0333713090175871 -0.100954564957153 0.102503359111282 -0.00880201728552276
-0.0240475931170979 -0.107417524667598 -0.138305131860435 -0.131967475002822
0.0070759492486914 -0.0828518741326915 -0.333887474681235 -0.349099928936688
0.0278922862725201 -0.0244588936584404 -0.501935126285721 -0.476171833993517
-0.0285511990901574 0.0110087203810408 -0.612312794071276 -0.475178456406483
-0.0890109935537467 -0.0715642253532062 -0.638664269007273 -0.335879007931205
-0.0111994455005615 -0.12810140680949 -0.562788243930168 -0.242818971059492
0.087154443210674 -0.0223269672858413 -0.273834809258547 -0.14678930331641
0.0586341377243816 -0.00678862246031208 0.106722591009804 0.0967152803586385
-0.0265393693805885 -0.127021559434989 0.506091275223499 0.101668119694487
-0.0940091896757451 -0.0494473400551283 0.62225216633645 0.0298025986082962
-0.0563359672913234 0.0406002206053522 0.684822166824115 0.172004353637233
0.00426361204015004 -0.0196363078411073 0.753313936308709 0.233891592131557
-0.0251624200098302 -0.0647879469020758 0.648729175784891 0.20141840987166
-0.0527406341743568 -0.0893522171271557 0.363827270194929 0.102049724570089
-0.0639706372745267 -0.102265329864753 0.0777432598406063 -0.0467529216534409
-0.0579740031910479 -0.111441606255624 -0.164724250932988 -0.166588790357814
-0.0344839396898055 -0.0951992351290957 -0.364995930873237 -0.356941274568437
-0.0105395462213252 -0.0485415761003915 -0.527143920637288 -0.439903662633366
-0.0436771611616023 -0.0171104096833965 -0.639144184952556 -0.395212835721569
-0.0921266838333118 -0.0658988291162668 -0.667695389331336 -0.261838763201367
-0.0425356779602679 -0.116067941027006 -0.577964687091278 -0.200186958064839
0.0456391491873006 -0.034391964256761 -0.277531070117018 -0.131502289581676
0.0182024732845721 -0.00873648502276316 0.10334646021638 0.0969393421431094
-0.039283654714104 -0.102007069757758 0.512887824107058 0.130335868031571
-0.0798840378018202 -0.0451953327722452 0.61031028468178 0.0929998824344461
-0.0626805497680923 0.00608386830133359 0.656787147092793 0.271550964164319
-0.0296766322529265 -0.0388979194231249 0.733511968574783 0.320524137328491
-0.0570845430779758 -0.0670164445059807 0.625258678141192 0.230938896827632
-0.0728721562348377 -0.0812699842882007 0.333187481727508 0.0877305030892518
-0.0837486108436215 -0.0870010096019821 0.0459594726745115 -0.0830037661075307
-0.0827510759987183 -0.0951636984201155 -0.202940740048682 -0.195258146384126
-0.069270169521368 -0.0850055572839769 -0.412800269581653 -0.353028736497101
-0.0509190210697609 -0.0532348295844926 -0.565882743015212 -0.387902026015025
-0.0628167784630623 -0.0406910709181506 -0.666654514987657 -0.303244328636756
-0.083246780051996 -0.0622151822095966 -0.686670435312081 -0.1712494682218
-0.0616724782095649 -0.0900555403577654 -0.584478966825619 -0.146844225994063
-2.54413047489081E-05 -0.0331819066648867 -0.27312341214307 -0.114981724952806
-0.0231674872952237 -0.0178138571685865 0.110140605664391 0.104665538958418
-0.0568481706331941 -0.0696603275681685 0.516371727567953 0.16994523291102
-0.0534256243358147 -0.0282621852022034 0.593806503947798 0.168760527760735
-0.0470899129619189 -0.0314391341178843 0.620715548489727 0.371273056919483
-0.0507591310063137 -0.0641333399799635 0.695481518404523 0.405189066157852
-0.0802904693348195 -0.0655023359881351 0.586651991304717 0.263124243662724
-0.0827897634144002 -0.0632794331469279 0.295191600061485 0.0772955606304408
-0.0887286625974999 -0.0580920969638232 0.0100000051613073 -0.11154286724941
-0.0919695216547752 -0.0615855588054696 -0.246916419944389 -0.211078794085393
-0.0907085747975367 -0.0572493037746938 -0.467086663275768 -0.332388958605511
-0.0827285479016584 -0.0441036763052437 -0.612309475509542 -0.321859039642761
-0.0782806635161279 -0.0597917613773807 -0.68843007012093 -0.203633850074026
-0.0638711425963689 -0.0571155310132998 -0.693731895961798 -0.0817199353339381
-0.0672899562087158 -0.0548453882598223 -0.582637351283836 -0.0954263402298841
-0.0437114807985956 -0.0208188437181477 -0.255675727742314 -0.0974234646606151
-0.0593593380149562 -0.024908424766853 0.125013173670443 0.119192043426427
-0.0693428584353965 -0.0330019439738974 0.515959143957907 0.211239178579419
-0.0156235917379534 -0.00450810479584243 0.578448595412727 0.247622375337909
-0.0193481527784935 -0.0636192425035431 0.585425956968976 0.460218387160431
-0.0616839886509525 -0.0817123319037278 0.642991127280477 0.4668855670517
-0.0923466354434727 -0.0520364076679658 0.534117911185972 0.288380175293816
-0.0788488751154282 -0.0345656683803336 0.253192635942103 0.0739584276019981
-0.0802184114851787 -0.0205400756371066 -0.0236691786876021 -0.129870161463265
-0.0864962242831538 -0.0194264367903046 -0.288934700522109 -0.214475071855363
-0.0962454443335526 -0.0209059774371201 -0.520831244250619 -0.297510027486037
-0.100650317850028 -0.0292185953958489 -0.652019318947978 -0.25020955847072
-0.0840889874315787 -0.0774732985980365 -0.703779838102793 -0.115341289949079
-0.0347689489787278 -0.052109424202067 -0.692687180188759 -0.00453313321222413
-0.0609359118568687 -0.0151525618557348 -0.575520743337532 -0.0542425217738642
-0.0796184769842921 -0.00353217152837799 -0.232234578830115 -0.0854215068543477
-0.0844367461365891 -0.0234530622464199 0.148268040210257 0.138727637688552
-0.0665305799288418 0.00730408143380883 0.510932371904461 0.246576985482317
0.0285263873918609 0.0151887263282221 0.567465502404801 0.316239717263295
0.00816538164839384 -0.0856844251448698 0.562116736285271 0.51735340653708
-0.0649923101073947 -0.082947631692471 0.592651083092243 0.502126198355247
-0.08943525473769 -0.0246739462378358 0.480534239370801 0.306505638962114
-0.0637681542511761 0.00348534780928413 0.216583789905553 0.0782583103355254
-0.0573755716577435 0.0214818688552004 -0.0498998697600931 -0.134256274500389
-0.0658838201252405 0.0235706150817645 -0.324274630820417 -0.204749942763415
-0.0868478934648813 0.0130478807854585 -0.564750391759655 -0.257143177046275
-0.104698791905739 -0.0186127333519688 -0.681999653318169 -0.187867280076165
-0.0737123267212202 -0.0948326153275649 -0.712263191769722 -0.050905479641109
0.0046408268421855 -0.0447077579653833 -0.683832933862616 0.0463862194771913
-0.0492010585710984 0.0238291801570712 -0.564129268080929 -0.0260250867387295
-0.1037266596319 0.0114326615665697 -0.20336867691914 -0.0775442067123145
-0.0937313436913182 -0.0109030623324898 0.175099626426034 0.155545433764409
-0.0435239223909504 0.0432586601209684 0.509019824996631 0.268334286983378
0.0730215014584022 0.0258479697548338 0.571643373743675 0.357961746710004
0.0257976161706713 -0.0932256623295299 0.55187069481588 0.536005772530981
-0.0597070744547826 -0.0619321998441346 0.546484624769943 0.512341868237964
-0.0713748341134599 0.0141573037906025 0.436150755984376 0.323730973258108
-0.0371682951935411 0.0434232484229617 0.189171898579886 0.094685667135964
-0.0249508737467765 0.0603533218595965 -0.0646584400993422 -0.124458427445947
-0.0348188299728703 0.0603680879981368 -0.346342337889594 -0.185903706502148
-0.0677254220545684 0.0378284946787784 -0.593236718512226 -0.223065793468712
-0.0938315432331576 -0.0173223051067174 -0.70854492656859 -0.148437951256928
-0.0470521606121975 -0.113333895120149 -0.723047726808601 -0.0192874204785103
0.0480728025832189 -0.0328701673899732 -0.674378006150746 0.0671362881789537
-0.0376738917921183 0.0563502263359572 -0.551463050588852 -0.0166015567808457
-0.113645859040206 0.0188827308770023 -0.177450780665312 -0.0747556039704714
0.105735618708473 0.0081093873924411 0.120343560326334 0.126709080115117
0.00651620725495486 -0.129182324931433 0.484999585365803 0.166634808189492
-0.0682990658252974 -0.0338981972103574 0.641214967034782 0.0912000770837234
-0.0123519732194231 0.0708508750550158 0.683048208656592 0.177281323697942
0.0658598214303051 0.00376893713136396 0.692015235766012 0.275520959206045
0.0438967489477867 -0.0451604260037563 0.597354995340365 0.316538045260258
0.0237341786117961 -0.0748889271289129 0.34561421620155 0.230711188328072
0.0215228775198762 -0.0824131333680959 0.103815780716958 0.0490840585629809
0.0324096625377317 -0.0794416182101721 -0.103319747997892 -0.122990959094767
0.0549069016876204 -0.0380704262613129 -0.248123629867559 -0.396811689755181
0.0531862597010289 0.023195964905949 -0.381676283194454 -0.592212046883132
-0.0315259079708729 0.0321083366379851 -0.468512949098804 -0.651744258930911
-0.0581316526860648 -0.0882331312827674 -0.523031940542167 -0.510622360186097
0.0486408484536153 -0.110507928641605 -0.492835466001432 -0.380240766136407
0.115507074488152 0.0248323928962128 -0.226111756058794 -0.211891994448483
0.0861027580766222 0.00900453105323175 0.09934988477078 0.12216754657498
0.00174140583454511 -0.132669579560915 0.481650188882719 0.177921526872784
-0.0856325153033618 -0.0517710426481577 0.621935831935325 0.113281355864871
-0.0489796656199162 0.0596049524787991 0.665813717194474 0.229694634865541
0.0324638949822807 -0.00151614695118887 0.702857009557324 0.313763810250254
0.0145703745141503 -0.0583392669612001 0.606501328507689 0.318490810700575
-0.00652313417786369 -0.0920772783070149 0.348818892859047 0.204976537553471
-0.0117034382945257 -0.106864974006164 0.099670886026484 0.0129608423945855
0.000307017254125663 -0.109157984753731 -0.104470947242012 -0.158577049951129
0.0240130770096791 -0.0781181706458989 -0.246864978585873 -0.412463195829836
0.0327873795498923 -0.0173035448959884 -0.384855996293597 -0.573301319625094
-0.0354497859277809 0.00830858490307992 -0.494756601446358 -0.601451212761866
-0.0760561498580305 -0.0899694696848384 -0.562059017153172 -0.470892399986755
0.0145585563990531 -0.124862690054541 -0.508890366102245 -0.365193810602272
0.0915112244048502 -0.00222518682803626 -0.241395497992806 -0.211876456279796
0.0556063232637945 0.00605383458742557 0.0868775507911904 0.117333772847512
-0.00744817905241131 -0.120877753532628 0.481635504298695 0.198815609196457
-0.0867466575525521 -0.0594622191292802 0.598160074170842 0.154851927954694
-0.0701118928066511 0.0310163346694606 0.631840417715458 0.30578324981039
-0.00274762679690195 -0.0169797865456606 0.688615175253478 0.381879197446182
-0.0165154250197991 -0.0692550526951097 0.598048704463731 0.336137557389503
-0.0336287237716138 -0.100384170446218 0.335465692700526 0.178373585485232
-0.0415385140694672 -0.114472262829903 0.0850502051077594 -0.0285724176449145
-0.0313518358713977 -0.121286617035995 -0.123627876543825 -0.198355852359854
-0.0139201977615127 -0.0983624167379094 -0.275094379495725 -0.427218702107913
5.56829975245417E-05 -0.0487874562298045 -0.419640300002214 -0.544828745069971
-0.0427948491580573 -0.0218194565658852 -0.53952977157688 -0.529040482327414
-0.0793095922808834 -0.0865141551793157 -0.606776870723406 -0.401859719220991
-0.019164327532133 -0.119939034190769 -0.53155130053527 -0.326621634336945
0.0535063521728053 -0.0234753910868745 -0.250606453034301 -0.198721017443299
0.0180859560990937 -0.00440912005443042 0.0825876845143747 0.116196908106645
-0.0252858043868946 -0.0996735256786656 0.481003577410859 0.229296851267635
-0.0741395090200394 -0.0537307386945635 0.573588412725499 0.214340628015921
-0.0696927086815223 -0.0045013290610171 0.58457864327629 0.398451994459518
-0.0306061513377795 -0.0444105784659935 0.651866027078694 0.462026016787775
-0.0454143843306005 -0.078959264548583 0.567668932793286 0.359498490140251
-0.0543157515874664 -0.0959972566095312 0.309404714633972 0.157633154512196
-0.0646598545952207 -0.103640363536157 0.0612062378888324 -0.0703651833435594
-0.0587320217697631 -0.109866837636549 -0.155003502819915 -0.235451018857924
-0.0498155259568552 -0.0953890543441837 -0.321990880559421 -0.434969395858111
-0.0377350041268245 -0.0626618417372943 -0.469838910472402 -0.502070077249479
-0.0554285269287601 -0.0490901832615932 -0.586442768033946 -0.445344625003125
-0.0713423105548812 -0.0788921564270148 -0.645705800643066 -0.317859010705584
-0.0431768123366384 -0.0981555646551265 -0.549584644937331 -0.275370281050298
0.00739132826686801 -0.0320800544288195 -0.248038654522426 -0.178858033542098
-0.020305188141172 -0.0208933816744206 0.0866573471346887 0.124071520328919
-0.0481100629045123 -0.0725125615014666 0.4755130474668 0.268642030066571
-0.0523807132706328 -0.0331496369143413 0.541277183913359 0.285755591976233
-0.0481651786601924 -0.0380533932458732 0.529431708678193 0.489132687131723
-0.0471292139314843 -0.0736689121665742 0.597711233990382 0.536661332251227
-0.0691874353616847 -0.081352537673135 0.522993922109082 0.382179031857588
-0.0676798809562594 -0.0800998894666629 0.272995175407775 0.139918707798937
-0.0754572306593302 -0.0761375212954005 0.0338018820332219 -0.106228807168491
-0.0755141984991311 -0.0799099399246622 -0.195773370239664 -0.260018812328617
-0.0752142275699924 -0.0738718649829647 -0.379318587440069 -0.424184741286757
-0.0701524926452374 -0.0605984027116505 -0.529321561736296 -0.446327357898287
-0.0646848449487693 -0.070252440568909 -0.631194749658623 -0.353917395781944
-0.0531717225852483 -0.070072199858154 -0.67183837920757 -0.230614910553141
-0.0555931169708001 -0.0643443720657667 -0.561310082353173 -0.222782743251668
-0.037369033971273 -0.0298981084135118 -0.235598175097077 -0.158669973853448
-0.0540794105616021 -0.0360010282643299 0.098332385546462 0.141098798467676
-0.0676604654595427 -0.0404361679392101 0.464824063472924 0.308571619914439
-0.0225765590723021 -0.00466322330721302 0.508585947194004 0.360133538039592
-0.0156735654194098 -0.0645673321074829 0.478230072970272 0.569630045121672
-0.0538681792608185 -0.0950828448482154 0.536168003533084 0.588896706443207
-0.0826580342298655 -0.0718832538143946 0.465529583144987 0.396008727676715
-0.0707478808705655 -0.0513073610618944 0.233831693982473 0.126867284861824
-0.074367108815056 -0.0373008595389306 0.00462245829874191 -0.130944177111321
-0.0787721446790525 -0.0370612793079837 -0.236531372093715 -0.27293041086656
-0.0889885799711507 -0.0398279233238723 -0.440237460460612 -0.403665932375208
-0.0919495176352567 -0.0507191377340978 -0.584538903428204 -0.386034279663526
-0.0650556543250455 -0.0877983981296544 -0.666291209980148 -0.272789764281379
-0.025440499562275 -0.0563719400965421 -0.683529333112182 -0.153016655908267
-0.058470706933158 -0.0245428578768931 -0.563651019967777 -0.177994904418051
-0.0762078784518248 -0.0208124855139504 -0.214374997721959 -0.140615444369652
-0.0795483531828202 -0.0399355373473363 0.116723515397601 0.165784537629221
-0.0727515036050995 -0.000754525976079839 0.451010842102255 0.340608858672603
0.0160904962855788 0.0242811969040917 0.482757984586584 0.426703549468445
0.0146415018877057 -0.0814514175092778 0.443331124591725 0.62238916783787
-0.0564855613927295 -0.0967177958978497 0.476957276566245 0.610049543278496
-0.0852499091510304 -0.044736594691049 0.409317000676643 0.402383461265146
-0.0626096920813549 -0.0110477718943268 0.194555587466316 0.124711413824234
-0.0605004984500165 0.00869540487772864 -0.0196003111614125 -0.140238596699508
-0.0681054929197149 0.00945824066128659 -0.273221150636533 -0.270064195065911
-0.0873679321392841 -0.00410940163785155 -0.492080039608874 -0.372018589717186
-0.0974359809510461 -0.0406819761125076 -0.628479097535162 -0.330863233462984
-0.0518988089955986 -0.102481640347885 -0.690960645885039 -0.209389159213696
0.0124972160568933 -0.0399748777185615 -0.685581700477247 -0.100040092512778
-0.0560344652999477 0.016218739723436 -0.557834550834925 -0.148414816674539
-0.103542816925139 -0.0114371603099162 -0.188770045289503 -0.126308379868181
-0.0908862837336959 -0.0296609745252429 0.139512533580631 0.187856567143505
-0.0582324633876166 0.037416315264587 0.444103034880347 0.363929259959204
0.056044128379119 0.0424633056238246 0.477715779818367 0.468581313970696
0.0324318072968535 -0.0854518248252247 0.430791169549074 0.637161805342427
-0.0545116105331073 -0.0753800394327518 0.432390142344811 0.611952647281956
-0.0752871626776349 -0.003471802715045 0.360497825980667 0.407815865561283
-0.0448316698746525 0.0333811962084015 0.164873991993271 0.134640536133995
-0.036881166396439 0.0542925259802395 -0.0370295922651238 -0.134480594830495
-0.0461866844525357 0.0517974761579373 -0.297403830964953 -0.25589777683477
-0.0737254297572409 0.0248642874192127 -0.525690833383066 -0.347624056802298
-0.0872033092687757 -0.0369739682782596 -0.661511198041478 -0.298786375117244
-0.0215380009100215 -0.114443958061111 -0.706684778335403 -0.183172838288299
0.0523416270775959 -0.0179363839719455 -0.681074801392749 -0.0789362946158223
-0.0517281609407485 0.0509095593241744 -0.54877032330346 -0.136515062788999
-0.114130127715923 -0.00710505167855636 -0.163513915206912 -0.117024383999577
0.1057473285477 0.00673799134066216 0.120798608042244 0.125995786741619
0.00490773229356184 -0.128004246725059 0.483533707796538 0.162896932082215
-0.0689391704201253 -0.0336436072813258 0.637737442396118 0.0859993801996219
-0.0123000847545568 0.0714116297652239 0.682733752846174 0.171523229491767
0.0661789232307158 0.00260742198526344 0.692756909117915 0.269707105965462
0.0440830893410924 -0.0463346258369413 0.598988926201254 0.311890020249219
0.0224474848118425 -0.0757827656941946 0.346847947278265 0.227105063451804
0.0205788775058763 -0.0827435648648978 0.103797659546775 0.0473975848226708
0.0314281051542299 -0.0791486163022745 -0.102962844555399 -0.122430826412886
0.0545200974163083 -0.0398594197019471 -0.250733352088051 -0.393667518038734
0.0531829479847984 0.0230636197762186 -0.385756912278203 -0.589204890422709
-0.03114714627578 0.0325479992169998 -0.471405773866757 -0.648367773961831
-0.0595462054972493 -0.0880634254690667 -0.523754608808216 -0.502531249539955
0.0478047144614629 -0.110966447602123 -0.492998065041335 -0.374740965005223
0.116409300466494 0.0243692277508826 -0.227376035157987 -0.210811867569238
0.0867416758077726 0.00848968604186256 0.100531862575329 0.121055681951625
0.000205245086499948 -0.133162148952202 0.481420267362909 0.175001159054758
-0.0862579468723351 -0.0506479890747701 0.620220715451959 0.107720567244356
-0.0484444406828265 0.0585955714870426 0.666685185205089 0.225305087792512
0.033041881389734 -0.00206753210125745 0.702021831336619 0.309635856851605
0.0146509229543361 -0.0594753711744737 0.608119447858057 0.312936308578975
-0.00698504500377168 -0.0927101687670064 0.347805207679982 0.20161874106689
-0.0128258886814103 -0.106620331407007 0.09999470840805 0.0129168569649133
2.47843154609515E-05 -0.109486854447516 -0.104766539019806 -0.157440908815353
0.0237122808250976 -0.078714528085676 -0.24829578103733 -0.408610905526371
0.0328221556922546 -0.0180756808054125 -0.385977559544022 -0.569957436403727
-0.0351077882937 0.00888984365517023 -0.497571853291284 -0.596246856208529
-0.0766708867625613 -0.0889990852391206 -0.561515347093258 -0.465646083933532
0.013095899478649 -0.125077198392945 -0.507872912451659 -0.361485914398839
0.0925165711546183 -0.00218760386845806 -0.242963161245814 -0.210399765882833
0.0564792561102013 0.00547950342573032 0.0874155486697529 0.116763279119806
-0.00840290827852187 -0.120971062245861 0.480134878856986 0.195122811042571
-0.0870221375592576 -0.0590228696257227 0.597870743793515 0.152911866514584
-0.0697775710151947 0.031296744928161 0.633501483763627 0.303076282851334
-0.00260666031502178 -0.0168203029901329 0.688255977053705 0.377524384581945
-0.0171194529950453 -0.0694511701007455 0.597725445018345 0.330419679589992
-0.034240528206784 -0.099942574170025 0.3351793535223 0.176121267953886
-0.0427165517757493 -0.114259243297551 0.0837580697116479 -0.0290196646454203
-0.0329416785804264 -0.120737812212372 -0.124645532179419 -0.197635284934329
-0.0137554799026368 -0.09836346772296 -0.276374957995343 -0.425433616879147
0.000335410824543317 -0.0487049785694823 -0.419243073152355 -0.54111804958703
-0.0430109280016377 -0.0210672858426001 -0.542209807436364 -0.525906081096971
-0.0804749861600454 -0.0856166818233831 -0.607927271640227 -0.397217836816494
-0.0197128719904813 -0.119603252000738 -0.531727386295305 -0.321415220561551
0.0541256528279179 -0.0232949090156534 -0.251743471597611 -0.197367787397346
0.0185263438115934 -0.00494481048325497 0.0827326997197536 0.116676309654462
-0.0257330073151547 -0.0995051240376636 0.481369548226044 0.225650347408711
-0.0743885275824906 -0.0539977901752384 0.572847144547124 0.21069781589995
-0.0694634093229674 -0.00410363158649479 0.583798772350681 0.394873316192372
-0.0309308093479933 -0.0442445452901135 0.653586557701043 0.458133271523946
-0.0467122699151433 -0.0781227742288452 0.57118095741325 0.355702806776959
-0.0555310369078934 -0.0968653142701126 0.309350702878797 0.155488222547815
-0.0652549632187692 -0.102954902691171 0.0599764788741474 -0.0711378802441591
-0.0593249476147848 -0.109423094772049 -0.157009454605172 -0.232980598008718
-0.0497198920708475 -0.0956722162409172 -0.324997199511334 -0.431717665402509
-0.0371606700261711 -0.0622957411190973 -0.471576097791101 -0.49989385794253
-0.0550545739695014 -0.0484261856386617 -0.58818942125403 -0.441124979618862
-0.0720402500827592 -0.0785309308810142 -0.644452520789336 -0.311220956321212
-0.0437447173042759 -0.097220713777898 -0.549492978634279 -0.270527217766678
0.00860405442736424 -0.0316857475936187 -0.249487549239058 -0.178140390004458
-0.0200165173982912 -0.0210744907413529 0.086866796757447 0.123722560033214
-0.0492770646141393 -0.0720387325101291 0.475446389130396 0.26484451259224
-0.0529889040503942 -0.0331638559249969 0.540620602728348 0.281547199083981
-0.0478234600047171 -0.0383480989185425 0.530406264415176 0.485241952144967
-0.0477849103133711 -0.0732245698848772 0.600189973409905 0.53149141876121
-0.070039656117445 -0.0809384714339431 0.524413426087706 0.377786001657783
-0.0688622843939473 -0.0798850892732009 0.272608429950273 0.137643174627087
-0.0763637636142701 -0.0753562312729887 0.0321334355442617 -0.106723113835187
-0.075462535415943 -0.078962264237174 -0.196359899454445 -0.258239151473063
-0.0754911691903781 -0.072303173152612 -0.381317850831835 -0.421545244407047
-0.0698084147751213 -0.0598410793834959 -0.531079773045902 -0.444310583614014
-0.0653589684154122 -0.0698438538431214 -0.631463141020758 -0.349591903365658
-0.0537856998542366 -0.068894054968767 -0.6690281798557 -0.224683485580983
-0.0565421209050783 -0.0640115067591304 -0.56043428263404 -0.217519214950416
-0.0370587734165163 -0.0295142047364918 -0.237434438408946 -0.157976992604134
-0.0546580763611771 -0.0348430293599664 0.0991520935963311 0.140979928621067
-0.0684828489031754 -0.0393498029539285 0.465094773474392 0.304972795916675
-0.0225912662080935 -0.00433160248980415 0.509230661505433 0.357040008017739
-0.0163543755097607 -0.0650048931114539 0.479338804084367 0.565981515508471
-0.0543999810221326 -0.0936160135049346 0.536431539109944 0.584680384040225
-0.0833174516677768 -0.0707514579419616 0.465744074180589 0.391625510419165
-0.0716962046979479 -0.0509787100575438 0.232621957295281 0.124775763753495
-0.0741614373966964 -0.0365477431675977 0.00300821099561361 -0.130905758844523
-0.0788126889881995 -0.035861233462739 -0.237363650415304 -0.270975317615645
-0.089307439996593 -0.0387895920378327 -0.442352983323552 -0.400080934453325
-0.091365871630262 -0.0499154550194838 -0.585505989334114 -0.382156448823438
-0.0661805810120414 -0.0868535314603025 -0.668305853869369 -0.266503449029126
-0.0249863467004693 -0.0563827489129113 -0.682335233239105 -0.147768468388324
-0.0595220908137502 -0.0236781529416484 -0.563096093712219 -0.17481576795771
-0.075903872661977 -0.020279320558841 -0.215986941814008 -0.139193708161057
-0.0793488629309309 -0.0387848171547913 0.117931939405252 0.16484600782071
-0.073398628787002 -0.000333389641006611 0.451655881704801 0.337476921611607
0.0165512167537732 0.0237823889422527 0.48532151028833 0.42355545909284
0.0138784779919536 -0.0821847227740302 0.444830767048779 0.618410180055515
-0.0566342568899218 -0.09634680499099 0.478357621488303 0.606858389597581
-0.0858039857404782 -0.044112791444669 0.409953238799058 0.397672620590608
-0.0624131687777007 -0.01048714708366 0.194987910040053 0.122737110841348
-0.0603957379544186 0.010367951947393 -0.0211218798098258 -0.140718768885063
-0.0680871203047074 0.0101271320977098 -0.274237680158281 -0.267076299077755
-0.0879064844917304 -0.00337131250128788 -0.492720771173803 -0.368696307901799
-0.0978238783418306 -0.0402829940763445 -0.628449666353282 -0.325729185525914
-0.0528706740591664 -0.10185594700107 -0.690255000609416 -0.205023599739327
0.0127463753418895 -0.0400094132506285 -0.684205256763201 -0.0939415744807218
-0.0555322871112313 0.0167423940888179 -0.557802109799727 -0.143150247144175
-0.103194675712537 -0.00979379312275344 -0.189672167153376 -0.126120826150315
-0.0912483014566612 -0.0295599255696124 0.140451399543424 0.186537106002667
-0.0586718153774722 0.0385927566708036 0.445116054518548 0.36002682644771
0.0564427116373703 0.0416949977556888 0.478012394038503 0.463599922157295
0.0312264329772756 -0.0856578395618536 0.432964157269322 0.635826880274663
-0.054762054609662 -0.0752569942330198 0.433132479776267 0.60781002750608
-0.0754498835815206 -0.00250407954710848 0.361012874851386 0.404760815728616
-0.0449476611720057 0.0340102186743154 0.164352884195279 0.133962167423803
-0.0363283436156213 0.0548955978058576 -0.0377800567497655 -0.134538631410755
-0.0455300840249929 0.052048086053157 -0.297622735046326 -0.253208263745929
-0.0733098396521416 0.0249112163040118 -0.525727976335395 -0.342164716478911
-0.0874126200186386 -0.0357626539892578 -0.660874487151693 -0.293869229617693
-0.0224613990527422 -0.11399774312056 -0.705521623933372 -0.1788939041457
0.0525001350157099 -0.0188276912489666 -0.680123719803954 -0.0731855390070755
-0.0514493557602147 0.0520054406660323 -0.549548389190341 -0.130169186791986
-0.114512385993039 -0.00525222029722306 -0.16452525726137 -0.115776448286274
0.106045169425057 0.00537093461683517 0.12212443711987 0.124207181452046
0.00363601004095544 -0.127223948939176 0.48347876197043 0.159914034281553
-0.0690013977286482 -0.0333542515821453 0.636075257853088 0.0831668874589497
-0.0109986770630766 0.0712150600696013 0.680809392200439 0.16866335332247
0.0668601221634575 0.00246301616893886 0.693241707127004 0.266451875483818
0.0432161432222026 -0.0461644570443411 0.600080172792969 0.308753771247465
0.0212040951214481 -0.0758998344928172 0.346638390318065 0.224969214822729
0.0192889773798521 -0.0825926609763457 0.103406877837569 0.0468869173763092
0.0306528497790626 -0.0805052850816167 -0.103058598845002 -0.120807301504347
0.0549737001130624 -0.0397707482160431 -0.250360739158387 -0.391703201655458
0.0538236861174895 0.0226343250932806 -0.38582764214467 -0.58560142737973
-0.0302974886647267 0.0341336983036347 -0.474683281210157 -0.643996352854783
-0.0606056673285092 -0.0874362633458812 -0.525069388696775 -0.499300427830593
0.04695581068265 -0.111013981338649 -0.491004269482611 -0.36997155079214
0.117983691663724 0.0232073628815676 -0.22954548521242 -0.209004569868082
0.0868158002230782 0.00749837488898984 0.100512590070746 0.120474223936525
-0.000975403591881547 -0.131766280054461 0.480405441833491 0.170806222989661
-0.0866494325860802 -0.0504870180589753 0.617402218789294 0.106580302354605
-0.0469073853371062 0.0596721244209001 0.665488708011237 0.220952051748757
0.0331893325364684 -0.00207677750233305 0.701894720089708 0.304948023293392
0.0142058514869183 -0.0587178951275097 0.608756826150871 0.308911572341776
-0.00795118571489921 -0.0933941694392609 0.347400246506751 0.199422855568722
-0.0134365572800154 -0.106812887213244 0.0987287122083183 0.0118802164464707
-0.00187886028161267 -0.109806646180465 -0.104905396913779 -0.156548639920175
0.0224982249464868 -0.0787403193060007 -0.249593174195327 -0.406264797362276
0.0332229067887967 -0.018806014000997 -0.38942792529525 -0.565439185359488
-0.0341019218431453 0.00967262333096883 -0.499082293815859 -0.592412430266733
-0.0776394586217867 -0.0884132110154338 -0.564435158465241 -0.459707580831972
0.0123417452729633 -0.124560450325199 -0.508597023487074 -0.35708035886437
0.0938745476872006 -0.00230318555314637 -0.243512400445219 -0.208934467969814
0.056208501015055 0.00553638017199393 0.0882262414933649 0.115954041257941
-0.0091781481203155 -0.120180941696922 0.480055369780595 0.191600955376092
-0.0869297747035113 -0.0594128082328517 0.595632623994701 0.147842910935192
-0.0698737862659754 0.0318962670212795 0.630910950567181 0.296984950443859
-0.00258473230973009 -0.0172153009802661 0.689184179977392 0.372975723869542
-0.0173009387003905 -0.0693211143078194 0.599866169856497 0.325296109882374
-0.0354403496842665 -0.100375015889116 0.334302044037306 0.174362569420619
-0.0438125880448471 -0.113645856492045 0.0829350790425052 -0.0303669997480154
-0.0336941436892866 -0.120023820360004 -0.125235118584459 -0.196349012564645
-0.0146285497132302 -0.0991000311460772 -0.277600892333282 -0.422973278993937
-0.000297041321705325 -0.0496359900766455 -0.421520817178527 -0.538374119997872
-0.0417776984862308 -0.0206742898196378 -0.542108942189482 -0.520549901832396
-0.0808133609069326 -0.0840571820795565 -0.607344032145196 -0.390222838329175
-0.021445728750381 -0.118896918482542 -0.532024188338799 -0.317799782763882
0.0547587343251874 -0.0230895212562823 -0.252369557003249 -0.19627545632223
0.0196772224821399 -0.00490892887469389 0.0832169723006427 0.114966987923986
-0.0262754538179532 -0.0984476868900826 0.480967866217255 0.22276161986955
-0.0741067322539907 -0.0531385352122849 0.570661252737892 0.207818370589888
-0.0699095185023637 -0.00387030424009815 0.58450741448527 0.390453554722947
-0.0314110099793136 -0.0435163653474985 0.654298670278084 0.453511643018155
-0.0475117494448162 -0.0780849338209937 0.571264255722219 0.351281552302311
-0.0569320546536778 -0.096385064417515 0.308329845520983 0.152778313307644
-0.0659090256117958 -0.102404330813597 0.0585037685410266 -0.0709400393506036
-0.0610292445894798 -0.108775033370926 -0.157094784349244 -0.231407948453225
-0.0507917725203842 -0.0954241692071179 -0.325460814112134 -0.428607299348576
-0.0377769290647577 -0.062731863928035 -0.473985440564044 -0.494610136676733
-0.0540301582195542 -0.0474683766348414 -0.588798425951398 -0.435351166980466
-0.0730152879826744 -0.0780445963975056 -0.643629836998544 -0.304422127633031
-0.0445293439489019 -0.0971575442155532 -0.550176139265664 -0.265930879915564
0.00912790335678958 -0.0313261166133897 -0.250947947154092 -0.176155670846323
-0.0193475396618983 -0.0205940410200237 0.0879652284155138 0.122961898255265
-0.0497213465108295 -0.0710092594262555 0.475755605128433 0.260838240887074
-0.0529038035361769 -0.0324815143659471 0.540845326518443 0.277113611560412
-0.0482305167685688 -0.0377952896640511 0.530055694508537 0.482150753782042
-0.0477465523090247 -0.0725637987562643 0.601098226532587 0.527973666336273
-0.0705456159307453 -0.0805841744239564 0.525975381376426 0.373580962531237
-0.0695855739502439 -0.0798014797553244 0.272228592772413 0.135118954776322
-0.0762785440334465 -0.0749135587911069 0.0308409079016262 -0.10627228323435
-0.0770413138205348 -0.0782062753964984 -0.197129713123051 -0.256567223528864
-0.0768224391782518 -0.0718676871185828 -0.383766903569233 -0.418547819530309
-0.0708591435204859 -0.0597745867028877 -0.531310354858019 -0.439505459056047
-0.065613420997877 -0.0688357224527875 -0.632037610008575 -0.343704022865217
-0.0545361728181794 -0.0688834236100575 -0.669554884760123 -0.217955226767557
-0.056816469072499 -0.0626582324342909 -0.560476867552654 -0.21408438928897
-0.0365651866460056 -0.0288118440065506 -0.238477524690579 -0.155467782704758
-0.0542589985519429 -0.034541521814118 0.0989955777212188 0.140208399222464
-0.0685573900395691 -0.0382754379351664 0.465527836897144 0.300443489289894
-0.0222641215313606 -0.00443952877854287 0.50835898049067 0.35271406945604
-0.0167720005290151 -0.0646529994649174 0.480593088967722 0.563380559292435
-0.0551545091620454 -0.0928857532611001 0.53877698564802 0.579385285293975
-0.083659060549509 -0.0699556617449989 0.469537351467534 0.38820171248896
-0.0722055049620326 -0.0503400717337413 0.233245082762584 0.123883585630499
-0.0740771654289463 -0.0352862449686115 0.00204855102968479 -0.131307736401211
-0.0788634729617142 -0.0347527852427731 -0.239146489206705 -0.268165952382372
-0.089590332392147 -0.0378537855814443 -0.442438392530337 -0.396776835789447
-0.0916391788329184 -0.049084063490521 -0.584899852067205 -0.379477056481668
-0.0667255062145048 -0.0859831045609571 -0.666758842414321 -0.261539808333535
-0.0257932210871935 -0.0562671221373081 -0.680234633890016 -0.143604539642383
-0.0594244142174259 -0.0228948368480109 -0.562709485738539 -0.17109435538092
-0.0751889282393757 -0.018966951724194 -0.217100677162243 -0.138226609221076
-0.0797366708444192 -0.0384935385755298 0.11740368196632 0.16411338079157
-0.0737058964293684 0.000916047652932155 0.452697844854802 0.334490214761059
0.0168329424258037 0.0229014657009685 0.483278514802768 0.418995494238078
0.0131429954874325 -0.0815940980941897 0.447485370324534 0.614863308797144
-0.0569879809370956 -0.0950158142310059 0.480579566288694 0.603587936645666
-0.0860578718860404 -0.0431333700120373 0.41198954443913 0.393469161528432
-0.0629039741287264 -0.0103818291808709 0.193619832177701 0.121862227350411
-0.0601502672083144 0.0104921502750929 -0.0226209792187673 -0.139989404162744
-0.0671010173254584 0.0112336146507867 -0.274169200513378 -0.265184479697647
-0.0871494142957699 -0.00311751840024513 -0.493021987544466 -0.364673643833396
-0.0982214631705159 -0.038936937626511 -0.628733855695532 -0.321221483025172
-0.0528706072946467 -0.101465893091842 -0.690924981398274 -0.199682089585771
0.0112900038400286 -0.0402378517189118 -0.682324592153566 -0.0879101221632273
-0.0545859150966195 0.0172173493127977 -0.557267229870679 -0.140987955769902
-0.101888909876171 -0.00910975922649277 -0.190941941042685 -0.124805624205656
-0.0914054789705599 -0.0280707763034401 0.141045577775956 0.185343740993127
-0.0574560168675469 0.0402811108240736 0.443653555581197 0.354750491753507
0.0573479183594003 0.0410566533291082 0.477582276944536 0.461405858033424
0.0307626734424386 -0.0860400029640152 0.43457898411332 0.632078784363616
-0.0558226382598929 -0.0743569972306512 0.436607010886009 0.605401877225158
-0.0754808103650869 -0.00116953219682397 0.364062739025004 0.401944256653974
-0.044844770874341 0.0341131203114806 0.164661036906309 0.131941520182096
-0.0358633551962976 0.0546048570301773 -0.0399385610367359 -0.134678642391839
-0.0448528072135499 0.0538614940325694 -0.300518473523137 -0.250211790645676
-0.0733375994729756 0.0256449237097126 -0.527149568760608 -0.33820495372387
-0.0877457840480815 -0.0351394143343015 -0.660198261707211 -0.288275657820557
-0.0231991664519574 -0.115178342595915 -0.705932846241285 -0.173412260780497
0.0525935374077072 -0.0189505089117231 -0.677291341739134 -0.0681801560115808
-0.0502350720032189 0.0533473438574476 -0.54763308620773 -0.125955820875124
-0.113066082834446 -0.00434426410372711 -0.165445575704317 -0.114787497785346
0.106478468993069 0.00531070854384485 0.122974750175219 0.123602294364305
0.0025343217817274 -0.127516502817303 0.482283669831045 0.157281101925499
-0.0693568018041793 -0.0324891340160895 0.635449009069312 0.0788954328668374
-0.0108955679909706 0.0711808994419646 0.679830596175136 0.164118469674636
0.0667954390456888 0.00159362121877303 0.691725112630497 0.261013911616861
0.0429124286199911 -0.0468685376824384 0.601548739486637 0.304856472801033
0.0204245509854468 -0.0765979691928877 0.345411575349227 0.222716464140945
0.0184782246756303 -0.0830132762266525 0.102803560063711 0.046719499999881
0.0288015176520866 -0.0810458039622456 -0.103371846672388 -0.11932309883778
0.0546800954333659 -0.0412343880644245 -0.253053924682111 -0.38924382799254
0.0537085051675318 0.0217472533566685 -0.38840919454377 -0.581781827540343
-0.0302263651251616 0.0345901975658596 -0.47734797399402 -0.639377246106344
-0.0610585966669297 -0.0876284515255209 -0.524983921294887 -0.492992790462162
0.0459631445970027 -0.111117071338579 -0.49272904173485 -0.366408682712896
0.11927256942235 0.0227870808109351 -0.230827912761277 -0.207389114294504
0.0876261206415432 0.00742336363152461 0.102003993141529 0.119642994744838
-0.00194730966006735 -0.132066642154919 0.480695342789282 0.167361155401757
-0.0871285940963654 -0.050133232327188 0.617418580763321 0.100341687781656
-0.0468007403518803 0.0591107808018445 0.662781835966966 0.216922579657039
0.0336025266416071 -0.0023339086221182 0.700978301063992 0.299996133742441
0.0141135416059121 -0.0589140030529314 0.609753441270091 0.304299109410951
-0.00968297085191475 -0.0933927135423911 0.346822686627364 0.195760785026109
-0.014206475475577 -0.106198962522105 0.0978967151273982 0.0113745246544724
-0.00294289401057974 -0.110568348646713 -0.105124733694418 -0.154775223109552
0.0222936598665525 -0.07952371878412 -0.251127309413691 -0.40378708850865
0.0339813502957001 -0.0189237088687055 -0.389947309350126 -0.563086225989889
-0.0341761668203007 0.0103833377869263 -0.501873896239365 -0.588536769503821
-0.078309990026202 -0.0884166813164654 -0.564594825964083 -0.454133910153745
0.0112574716957435 -0.124882419845186 -0.509368238858795 -0.351568725783332
0.0944091096972063 -0.00367610068075348 -0.245271428279939 -0.207483148370246
0.0567061172962038 0.00483757796457733 0.088669485527907 0.115830104299047
-0.0103362162725194 -0.120327589029534 0.480202514332351 0.188589336662005
-0.0880357454241075 -0.0588378308718274 0.593201558505082 0.144753238443217
-0.0692185832520768 0.0319164797017164 0.631443735995481 0.295244930352335
-0.00208110085014268 -0.0175196562525668 0.689155767887973 0.368356212045402
-0.0176069762592532 -0.0694109624688382 0.599707513549969 0.321360361187245
-0.0364128982392172 -0.100593374197482 0.333824027015217 0.17198019584108
-0.0439298901139377 -0.113072989092018 0.081678012693822 -0.0299987807897803
-0.0350117818247698 -0.120892698526069 -0.125793859481896 -0.193940838319698
-0.0161599326396318 -0.0995876412400133 -0.278200324638545 -0.418901218275502
0.000744711683595085 -0.0491814879420382 -0.423414875061485 -0.534145692197841
-0.041405169413592 -0.0197470540486514 -0.546609416183133 -0.517149891369723
-0.0811490283043083 -0.0835794054980913 -0.606994617049284 -0.38485134752139
-0.0214687177657908 -0.119145407125082 -0.531915254535572 -0.314805024096042
0.0554086347377118 -0.023592212183518 -0.254099916010035 -0.194403242436616
0.0190746463246945 -0.00435223762461301 0.0832985545289293 0.114885966184588
-0.0273550321556439 -0.0979136455738797 0.480299415570584 0.218028310023897
-0.0737976198030656 -0.0528594362750651 0.570927929025908 0.203515348652569
-0.0691112760444274 -0.00416697341402618 0.585706627741748 0.388312766452877
-0.0312833659187089 -0.0433181266596493 0.655397996740865 0.448567300283429
-0.0473307074256567 -0.077027880031909 0.572160448343529 0.345425307405081
-0.0578650442407853 -0.0956298678318723 0.307964024646188 0.150292567624232
-0.065858797899304 -0.101121281798458 0.0579649105523009 -0.0716936472847803
-0.0617355184412653 -0.107769234723759 -0.158086359070803 -0.230047818109306
-0.0513364603883136 -0.0952999742037021 -0.326917668758951 -0.425567557131081
-0.0373489537508136 -0.0625320568240407 -0.47309071478354 -0.491413523120002
-0.0549397609642793 -0.0467426066617296 -0.590403745860531 -0.430769324788823
-0.0732548258073396 -0.0767677466481688 -0.642924723747966 -0.300173687943563
-0.0448241007786714 -0.0958675538607972 -0.551496190829634 -0.262672189842686
0.00959895383165184 -0.0311788866771175 -0.251764568428892 -0.173873044584595
-0.0191685440120775 -0.0209888395565029 0.0881463303701991 0.122778101880927
-0.0498778462971775 -0.0700439870677884 0.474423996636133 0.257265539343025
-0.0521646893566055 -0.0329802124848168 0.539653329213851 0.274020734119203
-0.0479279528952184 -0.0377779573951863 0.531640092264969 0.479852695784247
-0.047652174751589 -0.0720625760183053 0.601612765697256 0.521774049900896
-0.0708808224197207 -0.0802394976206646 0.526826821747822 0.368468954108584
-0.0701951288557746 -0.0790587284619399 0.272796957925163 0.132430574269801
-0.076287317699227 -0.0749561391212986 0.0291175309755003 -0.106538411758047
-0.0773665186813064 -0.0767819632006405 -0.198533365594006 -0.254341723254516
-0.076815287981722 -0.0714342438192605 -0.38624284437164 -0.415784333053565
-0.0705342261411925 -0.0590496241168966 -0.531649870153877 -0.435293078605121
-0.0656331525078276 -0.0679775115959 -0.633611163553131 -0.339530918736078
-0.054464468950002 -0.068255146319705 -0.667230550164393 -0.212250857097005
-0.05701286056151 -0.0611303494333435 -0.560154466486409 -0.208969365356417
-0.0355690230773779 -0.0284806946520569 -0.239872385040907 -0.154267827893214
-0.0547661243644408 -0.034343121627407 0.0986999083811789 0.139684653441982
-0.0686248824232485 -0.0369408428362282 0.464857238373572 0.296955696573828
-0.021561222187901 -0.00501672511760185 0.508533315691382 0.349840489196275
-0.0175405984938517 -0.0635666943378887 0.482837921658819 0.559840433810115
-0.0556011386785657 -0.0927410967604798 0.541865958033335 0.573966968288659
-0.0847275936612515 -0.0694793079450928 0.469407966226362 0.384179446645078
-0.07165960475682 -0.0501991834605464 0.232319987017478 0.120898417486107
-0.0736284450628067 -0.0348079578700964 -1.76069592341999E-05 -0.130401470582344
-0.079091450431504 -0.0341312769090576 -0.239625123499691 -0.264942314038715
-0.0893414094099652 -0.0379869651424243 -0.443589237817792 -0.392699072784088
-0.091990875709365 -0.0484626573911042 -0.585084318302458 -0.373498777299738
-0.0670410896896204 -0.0852042115858585 -0.666735848569074 -0.255835149678353
-0.0254909447899427 -0.0557856215513419 -0.679061903907429 -0.138058464301456
-0.0595700245093736 -0.022284999964998 -0.561288644195686 -0.16530225578044
-0.0741746340126451 -0.0185182930877493 -0.218161290998754 -0.136570317818775
-0.0801814136591541 -0.0378715862753862 0.117849774317025 0.16284721435658
-0.0732325889810844 0.00226390188089659 0.451830373048453 0.3302569327571
0.0172698799287694 0.0225395391384799 0.484692627380091 0.414894854293748
0.0123895692302733 -0.0824190479727103 0.447856072765291 0.613126451662549
-0.0580091337249513 -0.0944665768055699 0.483225755351114 0.59899958181062
-0.0859475350943297 -0.0419442260230563 0.413028811603571 0.391032152277518
-0.0632556860640534 -0.0100838919150077 0.19391507228715 0.119775619445127
-0.0594283158323588 0.0107411372795314 -0.0244992681799949 -0.139942144184663
-0.0667188899078889 0.0128102655715707 -0.27479586257442 -0.261752563595642
-0.0874671866318121 -0.00216972577351086 -0.492382941973183 -0.361666398074151
-0.0974007272459316 -0.0391476015800395 -0.630949550414823 -0.31896632728468
-0.0543924979463565 -0.101246469673655 -0.690084304431936 -0.194903512406555
0.0117092572709739 -0.0411295436502993 -0.681367076481938 -0.085751949475727
-0.0552584325752296 0.018791288043198 -0.554717944891766 -0.134997012488747
-0.101425102941426 -0.00798427115112641 -0.192397421715036 -0.123838703108109
-0.0916102711719187 -0.0270935590776379 0.141336742732017 0.184096181189696
-0.0572149793316589 0.04131310969472 0.443816628635918 0.350897027054873
0.0579024843467583 0.0400914483301651 0.47893811918645 0.457280160048298
0.0301442769239445 -0.0866309596116642 0.435196773078741 0.627072209180488
-0.0561076108133055 -0.0731265448356557 0.438445417831931 0.598796654220428
-0.0752133048543271 -0.000532196468430458 0.364366454026586 0.397013168686328
-0.0445892392865201 0.0347063454130934 0.164705499771758 0.131100077556967
-0.0344672421707456 0.0555401334512701 -0.0407852210877645 -0.133574611854495
-0.0434069361846041 0.0538992310956446 -0.298737888188978 -0.246953067656333
-0.0733412296619519 0.026372826682147 -0.528382571729303 -0.333268492550224
-0.0873998823826448 -0.0348968011399957 -0.66099058647251 -0.284676945734428
-0.0248242231763152 -0.114697379725148 -0.703060635149215 -0.168213463805053
0.05276810653403 -0.0198674635010287 -0.675483740821048 -0.063086133299431
-0.0508381736757757 0.0543608309529984 -0.546003312491304 -0.122809797279574
-0.11307327889679 -0.00294560727132431 -0.166484026446555 -0.114243799888005
0.106133686910219 0.00457557865100243 0.122981262981012 0.12330554158991
0.00127547644914613 -0.127246206771747 0.481221776110463 0.153240747230822
-0.0693836545887635 -0.0317941017324069 0.631997599638972 0.0745966596730631
-0.00983517164760508 0.0707851027280126 0.677513521339533 0.159270551379893
0.0667384079524415 0.00106154675212186 0.69176039820329 0.256030275213273
0.0423350434008739 -0.0467245665203347 0.601797564020291 0.299762406045413
0.0186780961434943 -0.0765410568581883 0.344489160090975 0.220011817968701
0.0179191869892291 -0.082455931514951 0.102418335603989 0.0458711503624768
0.0281057571940345 -0.0808179750139689 -0.102513581895024 -0.11754819460451
0.0541778086334394 -0.0417169214376156 -0.253836617533019 -0.385086513470204
0.0549826895900031 0.0203902490521305 -0.390807937836174 -0.579255456643388
-0.0295516573173622 0.0346157376566663 -0.480349133992702 -0.63325756441084
-0.0625293413722224 -0.0863374502580231 -0.524516180554425 -0.48782523738115
0.0457606440746863 -0.111047030440485 -0.492002242634578 -0.361952880389074
0.120452743838446 0.0221824631035052 -0.230151799564437 -0.206178547549711
0.0877366259806322 0.00628915634705181 0.102137581099454 0.119449436967153
-0.00323794406028257 -0.130940561823582 0.479334759116938 0.163554470591762
-0.0872163360791752 -0.0496570416470998 0.614589853426586 0.0977089468078298
-0.0461003569332405 0.0594569807944963 0.662998838968801 0.212735498543856
0.0335595529494404 -0.00323208260948146 0.70171133638463 0.294300959081965
0.0135247739061278 -0.0592390464188233 0.609753302019049 0.299096995073548
-0.0107717575008183 -0.0936840231110819 0.345648315482944 0.193397348271148
-0.0155157468842627 -0.106961078197068 0.0980045043668994 0.0109847940400806
-0.0038268508185452 -0.11021112049351 -0.105080296609263 -0.153239648544785
0.021172586669525 -0.0803260054802972 -0.251696688121319 -0.400527543000763
0.0336777302828922 -0.0189016965718919 -0.39241898471032 -0.559900198284898
-0.0328895694462631 0.0106160254696694 -0.503255434995702 -0.582291689966819
-0.0792887229076323 -0.0878260971236817 -0.563710139981457 -0.448726454194076
0.0104783990831278 -0.124609347133076 -0.509145280613233 -0.349061306876555
0.095197413546098 -0.00354505102025529 -0.246035700497237 -0.205304996131885
0.0575082852010053 0.00481722005969757 0.0883132686745008 0.11466254465318
-0.0109377051069078 -0.119378792013498 0.479952976932149 0.185840669143155
-0.0878179981229281 -0.059195704587544 0.591468652959568 0.141350211342427
-0.0685905423305616 0.032145788463908 0.62997294805735 0.291068217597668
-0.0019101564319334 -0.0174983803085927 0.690918913103601 0.362286374016447
-0.0183459870759317 -0.0687302912960263 0.600844806199767 0.316108337591605
-0.0379866075156926 -0.099799667392383 0.333239009298846 0.168420710903653
-0.0447908868100474 -0.112471181511582 0.0809305658428025 -0.0302676180665668
-0.0364314921578782 -0.119521087435867 -0.1253808782811 -0.19208732216535
-0.0167204937018948 -0.0989859544929447 -0.27991994561334 -0.416962247155942
0.000586815901055688 -0.0491381676315162 -0.424666883488548 -0.531313790317253
-0.0416960551099506 -0.0193120205564329 -0.545514004091154 -0.510333465942852
-0.0820414087101463 -0.0834332617469483 -0.606300393041114 -0.378609710416298
-0.0220595012492665 -0.117787441747071 -0.531744684233851 -0.309275754250064
0.0562604924946727 -0.024177320219653 -0.25446886240591 -0.192836500551212
0.0195018676990651 -0.00437052424472999 0.0837447314725265 0.11422311038914
-0.0280798466656304 -0.0966332719324773 0.479235198991412 0.214056397491376
-0.0746505397430556 -0.0528164834464496 0.567733898038779 0.198847063730155
-0.0695181178792598 -0.00299793044515826 0.583919661308133 0.38432709141394
-0.0308106301003607 -0.0426913051763465 0.656385484529452 0.443863130509379
-0.0481442029266703 -0.0769307331620765 0.57331690698332 0.341393212701842
-0.0584746258313726 -0.0958949099221904 0.306475631787661 0.147277503255682
-0.0668311608657186 -0.100822388716009 0.0557528689546439 -0.0717561534833115
-0.0620837439311976 -0.106841021691459 -0.159274640412449 -0.228374633490267
-0.0518623476252792 -0.0957293041192844 -0.327701339045799 -0.422551191497202
-0.0374697392595001 -0.0618906208242708 -0.475579035443277 -0.488673430920218
-0.0545689970886374 -0.0465503332837482 -0.591518355543534 -0.424926304951204
-0.0737034617512334 -0.0764279710663286 -0.641326984241902 -0.293883924787713
-0.0459202771211859 -0.0952868129048994 -0.548719443595521 -0.257141559951338
0.0104349957526265 -0.0315269016889756 -0.252350375622488 -0.172140692536169
-0.0197623108303873 -0.0199483840755114 0.0874398511216124 0.121817644508664
-0.0501509774112812 -0.0693454221605803 0.475462220671344 0.252819163580879
-0.0525112965209871 -0.0331817315798996 0.538009959051766 0.269176201971792
-0.0484460751444159 -0.0375336789247545 0.531358915154537 0.47526631772988
-0.0486125622188381 -0.0709246991000517 0.602815186633494 0.518645202027475
-0.0707476791914092 -0.0785797239933436 0.527469830700414 0.364725173872697
-0.0706429425329853 -0.0788565930935875 0.271602740109946 0.130196634449561
-0.0763677681619033 -0.0732439526404556 0.0271797879448582 -0.106120831105398
-0.0773904752541948 -0.0761051111080372 -0.198069181388812 -0.252463653931496
-0.0778145509686668 -0.0715008922364942 -0.386847976604302 -0.413233295561748
-0.0710389510789708 -0.0589624903057223 -0.533220755770687 -0.431249693743365
-0.0657223998237002 -0.0677336655525355 -0.632193962111226 -0.333776869326853
-0.054528009818098 -0.0679760905333973 -0.666677967137374 -0.2066359409172
-0.0571673357438674 -0.0616573937598494 -0.558046223059522 -0.204642789018685
-0.0351527046423113 -0.0277629915322443 -0.239785906822134 -0.152785124200784
-0.0544615063842928 -0.0337104676895037 0.0989439680103396 0.138535433975158
-0.0688196153420293 -0.0359917594026273 0.465231344283284 0.29309334425416
-0.0208028820427501 -0.00489134493476011 0.507351790359179 0.346426074818494
-0.0179216956119914 -0.0646838472841788 0.481344891156635 0.556733971030333
-0.0562009420933099 -0.091732446576893 0.542330740047579 0.570904381153576
-0.0845789384674178 -0.0681174233831048 0.471296902836151 0.379387488745913
-0.0726912356893393 -0.0491730121763662 0.231156802749571 0.118749257948929
-0.0736934676209235 -0.0342715843813532 -0.00176749200396812 -0.130049136367734
-0.0790073085262916 -0.0329687221580991 -0.240762071580847 -0.262455902932747
-0.0901114928751862 -0.0372561159672952 -0.4445761284326 -0.389224617297946
-0.0911335781053624 -0.0476213230047242 -0.587730829802357 -0.371609396960914
-0.0677517701524984 -0.0850558632409363 -0.665864856940338 -0.250865396596774
-0.0255834191523736 -0.0559991399261199 -0.675879745764249 -0.131391515605899
-0.0585914918500012 -0.0211180890118876 -0.560198139915744 -0.162583316760384
-0.073173599872292 -0.0174313126761598 -0.218624549131303 -0.135097216463347
-0.0798956154826435 -0.0371064105187672 0.117347719742035 0.161395645288296
-0.0733135966076678 0.0036080359987655 0.452592379647126 0.326617491200592
0.0179716546865505 0.0220088790796066 0.4820505409359 0.410902606854457
0.0119772036536822 -0.0822541826054482 0.447859968083729 0.609566477225728
-0.0581709607565154 -0.0934907410641609 0.485880820196697 0.594353393591471
-0.0867742131255422 -0.0409392936467227 0.414946974868085 0.386473877918405
-0.0631342227007913 -0.00930686774296303 0.193032405096303 0.118512246492967
-0.058891595344108 0.0113269481442685 -0.0252305964585195 -0.13940249571307
-0.0665237131201369 0.0132398852609255 -0.275381921365106 -0.2602837997401
-0.0866232797839628 -0.00160652636713185 -0.493647364192456 -0.357079905078364
-0.0984425935805558 -0.0379762723015388 -0.628547065048103 -0.314307454999571
-0.0542712211632479 -0.10116466008792 -0.689450383285336 -0.191396996495207
0.0119012358233746 -0.0410145132429667 -0.678641641582074 -0.0784632727399663
-0.0542909008974532 0.0196670308871287 -0.553871642521295 -0.131587621274382
-0.100405928500873 -0.00733438792240221 -0.192320065117504 -0.122943444898849
-0.090854719833725 -0.026617387443337 0.142025821154345 0.182328881549903
-0.0563000670724161 0.0422505459410771 0.44526604297734 0.3472631356553
0.0585937262800059 0.0395339134928719 0.477891662321379 0.453770921385277
0.0287227827371589 -0.0872603794966907 0.437078079102621 0.624809654396681
-0.0560572745673284 -0.0728748211373361 0.439184908217481 0.596521416986648
-0.075148260427893 -2.66639726493548E-05 0.366548935416631 0.393996837361287
-0.0445348399637479 0.0345773981309236 0.164644268465449 0.129422221840247
-0.0331438102434274 0.0562004439126446 -0.0425876976662874 -0.132213984272247
-0.0423488274765351 0.0548148586161815 -0.298896275991051 -0.243853776870788
-0.0729515729969718 0.0272646106083917 -0.529454910231393 -0.329647451131278
-0.0877546953366267 -0.0333253033574984 -0.660605116331007 -0.280489732414784
-0.0257499374899077 -0.113879605867606 -0.701041888674182 -0.163048641635071
0.0534165862653089 -0.0208178482972837 -0.673212124096797 -0.0567495378323569
-0.0489955397568971 0.0547764872193199 -0.544567790459076 -0.11850092070402
-0.111984903653252 -0.00261822137548994 -0.16743082356197 -0.113467146748684
0.107293685348448 0.00336868609163931 0.123384712259593 0.121393468485345
0.000138630836960548 -0.127092115670891 0.480411246020379 0.150974252810365
-0.0701631092866128 -0.0321761408977806 0.629245718345779 0.0711572674962724
-0.00916016307096238 0.070623425259448 0.675191183710013 0.156973924250713
0.0672940294821598 0.000383019566078767 0.691441447998314 0.251294669539716
0.0415961370422181 -0.0477088421277654 0.601370229224669 0.295210498761967
0.017183264819198 -0.0766085757833844 0.343975862907214 0.217130572750315
0.0169107888736348 -0.0832483474098702 0.102234124447496 0.0453463545965926
0.0271563963857849 -0.0810274927278641 -0.102038868159559 -0.116593495626415
0.0540532563524951 -0.0427367536755383 -0.253670973409446 -0.382030705794599
0.0550529317758059 0.0202705816779521 -0.39189661979273 -0.57368715101972
-0.0281158007720059 0.0356726833250995 -0.481811080571208 -0.628349710361725
-0.0630059557384715 -0.0855350225470881 -0.52295976357218 -0.482060621064926
0.0447339049819 -0.111038156013643 -0.491681831959395 -0.358784792785623
0.121633992743483 0.0217227189834499 -0.231609403757534 -0.204776352270223
0.0890277150969293 0.00627467886475257 0.102283612391003 0.118220691084053
-0.00415004653979644 -0.130289396726062 0.47918800365482 0.160794612241943
-0.0876324808583233 -0.0494325084336622 0.611139242616984 0.0950461042012192
-0.0451113233558369 0.0597457288823963 0.662047693755314 0.210649716276655
0.0343303004286791 -0.00361553789841732 0.700920212177354 0.29171896931366
0.012978063830889 -0.0594318269156883 0.609341398227779 0.294444761612439
-0.0127966708473645 -0.0941079596826716 0.344805793291355 0.190579051445546
-0.0158957401617827 -0.10645873437881 0.0970936473968257 0.0096949013994113
-0.00553570968114976 -0.110459233864854 -0.10541442069609 -0.151426200900657
0.0208470303355027 -0.0806001032460472 -0.2532283891913 -0.397906895530478
0.0340315478469873 -0.0197528189826516 -0.393165678133253 -0.556289288339448
-0.0323289713389468 0.0118470387025671 -0.504791438367108 -0.576722731730349
-0.0799895405658081 -0.0869583944384649 -0.563480645241809 -0.442807975637069
0.00987078640348404 -0.123755893611081 -0.507988436786816 -0.344806553646902
0.0962199991642082 -0.00523017904327121 -0.247463918318237 -0.20304180460816
0.0580210330545832 0.00424914539887173 0.0887468819096963 0.114273972571366
-0.0126646201811488 -0.118721650116729 0.478163432248602 0.181396715851966
-0.0885510838900407 -0.0580528103536841 0.589964348705635 0.137890880111704
-0.0674488308466788 0.0328582953098808 0.629213436321861 0.285842363590263
-0.00158720264206258 -0.0170903380539627 0.689077229669389 0.358106780940789
-0.0185846387396953 -0.068767684815943 0.599857503859971 0.31189709846054
-0.0393632620296264 -0.0998284720010736 0.331009527684927 0.166516470096707
-0.0455089287488468 -0.112196699038511 0.0794894499514026 -0.0302441754294829
-0.0378207490941563 -0.119785523149492 -0.125903422496243 -0.191147332984552
-0.017439928093429 -0.0998727931556298 -0.280898436923027 -0.412681315836732
0.00054003660786636 -0.0500782492816966 -0.425594406942168 -0.528036677376078
-0.0413053635840032 -0.0174544008524825 -0.54589391206932 -0.506017779600089
-0.0825461222419736 -0.0830078060088771 -0.604664943210079 -0.371566851932601
-0.0230298947555373 -0.117886124082331 -0.531363631993143 -0.304440153905626
0.0568917923399836 -0.0236358425057925 -0.254728210610948 -0.190983803641
0.0199666680817675 -0.004564686350213 0.0841820489581554 0.11412184856831
-0.0293142609119228 -0.0965486647773654 0.479151781654283 0.211367753438146
-0.075082342888392 -0.0526341408736099 0.565144225539619 0.195276119288908
-0.0679300794691457 -0.00287952990725484 0.583745192296313 0.3797017564489
-0.0308574803931172 -0.0425724644306338 0.656037511870204 0.43764104481301
-0.0486591305168825 -0.0764225173926619 0.571797846610266 0.336678284963642
-0.0597425921993769 -0.095490225351642 0.305193064462546 0.144784274327359
-0.0670248952300262 -0.100000746091827 0.0551899565419233 -0.071444265269094
-0.0632972904253967 -0.107061276316066 -0.158515249905 -0.22660016349592
-0.0520604538465258 -0.0953998155139571 -0.328843962584056 -0.419898915278778
-0.0379601800767274 -0.06211539985742 -0.476158812375684 -0.485447764256001
-0.0537723703427214 -0.045976636505283 -0.591318455834859 -0.419392227244208
-0.0747814482840262 -0.0763268923955888 -0.640043732002327 -0.287231537266081
-0.0454705889362838 -0.0943707846587623 -0.547916514746085 -0.253659450232045
0.0108038838604917 -0.0314380705613713 -0.253232038053781 -0.171500222339421
-0.0194660291741845 -0.0197389281211685 0.0874376010177232 0.120806147746707
-0.0508620153557776 -0.0682688035450757 0.473222235875296 0.248962336356156
-0.052954085111465 -0.0326635727859943 0.536073677608313 0.266341955668811
-0.0488582551384572 -0.0369007556485382 0.530980548861045 0.471943660247937
-0.0483518122603834 -0.0705808544774718 0.603899947775755 0.511877186552916
-0.0715721260120324 -0.0784262172496245 0.528640296017196 0.359530637405997
-0.0716960753529184 -0.0780799098774778 0.270283249489037 0.127643654335883
-0.0760333711106057 -0.0722537898043052 0.0257641045690528 -0.106399131991965
-0.0774185142074933 -0.0753084387516979 -0.200747349926892 -0.250074692632653
-0.077711931244247 -0.0706485753865018 -0.387115775672914 -0.408409639833707
-0.0698834515727549 -0.0583004274028051 -0.533346890211748 -0.427842629846504
-0.0659917846321859 -0.0666940497961358 -0.633051299029859 -0.329243541963665
-0.0555693542258052 -0.0677136207704519 -0.663060277989852 -0.201214573587205
-0.0575129109155205 -0.0600321015352477 -0.556649970242161 -0.200209106992499
-0.0344282126341004 -0.0273335152481316 -0.24139956686822 -0.151578832530029
-0.054738602325282 -0.0330995315314043 0.099844158519001 0.137617495369444
-0.0691452295724145 -0.0341125484432313 0.463430901517787 0.290165251261517
-0.0209947969651429 -0.00476981028062263 0.506446688588251 0.341687957742306
-0.0172899462776692 -0.0644588886399888 0.482170003922501 0.552960131997013
-0.0568662928183931 -0.0910420963075257 0.542478774788055 0.565625903684898
-0.0849253862613478 -0.0670728730555478 0.472437343537501 0.374427497739236
-0.0727687369591633 -0.0489328712073695 0.229885756600566 0.11758519102699
-0.0726395429456283 -0.0325915945169749 -0.00270135095719315 -0.130340250511747
-0.0783015456345787 -0.0318307053260587 -0.240703873867881 -0.26137297584856
-0.09059442780021 -0.0358921582256626 -0.446136249186108 -0.384086866402139
-0.0917162547553755 -0.0470409885867375 -0.585397970498677 -0.367984800191935
-0.0683560973713949 -0.0842778830577536 -0.663543504772342 -0.247055992552795
-0.025401920580915 -0.0560130285486902 -0.673908705233247 -0.126002147795524
-0.0587238750209687 -0.0207107228868724 -0.558971944408702 -0.157199138018069
-0.0724458487114089 -0.0165607139728767 -0.218950973581077 -0.134747855959117
-0.079897487579765 -0.0356776456239572 0.118586203522485 0.159929137234901
-0.0732453772750507 0.00430741744452993 0.450499046068269 0.322107652557459
0.0192943611024094 0.0220606665125475 0.48352509310496 0.406774137400236
0.0107471675104252 -0.0822504293942921 0.450156231404704 0.604223129604011
-0.0592316527545662 -0.0924007729377748 0.487089722097842 0.59010264757073
-0.0865071373370949 -0.0399291361789702 0.416129684441176 0.382656239763511
-0.0641406508620923 -0.00876407729486588 0.19297517710918 0.117016907047282
-0.0579138678754904 0.0122208656433839 -0.027562302610577 -0.138571872217355
-0.0658744557423676 0.0139455465837607 -0.275643357750288 -0.256662042653837
-0.0874439358798552 -0.000707400301726106 -0.49387907335891 -0.353691368591993
-0.0983303987640521 -0.036574474649639 -0.627639096136494 -0.310571598003287
-0.0557642645423759 -0.100442803288348 -0.68697544287225 -0.185635205541833
0.0122476311997144 -0.0410070021474652 -0.675332765586993 -0.0738151946207861
-0.0535340085870662 0.0201534652150514 -0.553173537724234 -0.1278972207725
-0.0992330518437064 -0.00584759520853008 -0.193708651133297 -0.121733479034739
-0.0913370718319946 -0.0255430537059871 0.14108798053793 0.181459350975424
-0.0557534012276525 0.043295946532129 0.44480477616885 0.343341350874251
0.0586583684700282 0.0389938380949599 0.477651170756802 0.448336856394678
0.0278339148758294 -0.0869484172688494 0.436635669575164 0.620621132666293
-0.0571162611392357 -0.0720533311812007 0.441042816254695 0.591984788883174
-0.0752594091789674 0.00163071600238087 0.367128385544011 0.39080742236845
-0.0444432757513172 0.0354946451565151 0.163220240250629 0.128003874927123
-0.0322317400506355 0.0555708649204014 -0.0428858391648084 -0.131251510714563
-0.0423545142952494 0.055420710460993 -0.299377277856683 -0.242330258243207
-0.0727368465910166 0.0278043878724727 -0.526596602303603 -0.325229301317776
-0.0881460190994065 -0.0326087042491477 -0.65930773788413 -0.276180382325128
-0.0264324241719423 -0.113934622714138 -0.700762733731953 -0.156994850541419
0.0527007790142239 -0.0209125926477391 -0.668364626981828 -0.052868390014389
-0.0483372206723914 0.0561672269529952 -0.542864265451173 -0.115160840625432
-0.110470531985989 -0.00113315085287966 -0.16732324511425 -0.113264652781807
0.106951727398651 0.00232798630128484 0.12344530465291 0.121523461079083
0.000165443068634221 -0.125585695197801 0.477024672950955 0.147223764273956
-0.0698276550983288 -0.03180873326112 0.62732594998199 0.0670040469871628
-0.00825659049541226 0.0708480598637632 0.673007675062328 0.152514500275427
0.0676583232933019 -0.000160207185820216 0.688567577915098 0.248602442736702
0.0411558931327753 -0.0477645545071515 0.601400395661757 0.291513823865126
0.0157499012962117 -0.0776490844460103 0.343277134098206 0.215908506319365
0.0166665154604371 -0.0831176740397143 0.102024893619388 0.0454339990819816
0.0268401456066802 -0.0813685398162627 -0.101082646708542 -0.115139696074122
0.0526264910738793 -0.0440297995573751 -0.256202975965403 -0.378946778892352
0.0552319655994737 0.0192697170826912 -0.391961286930544 -0.571987159921828
-0.0275660728696847 0.0363446140443073 -0.482210246711642 -0.622769882041389
-0.0647658286159067 -0.0857449746066506 -0.523220490124899 -0.476308009629191
0.04468522998995 -0.110704153475031 -0.492223439475831 -0.354327242774705
0.12220369651896 0.020510371433579 -0.231976096355593 -0.202438142029446
0.0884577271122028 0.00545041344756357 0.102735679895421 0.117473357347687
-0.0050322549109321 -0.13007935508907 0.476818094225982 0.156601047320379
-0.0885566312004007 -0.049069913002548 0.608750196929769 0.0912408125575171
-0.0440717101909062 0.0599961734004158 0.657157243224222 0.204865985742993
0.0347967003932768 -0.00372407318463107 0.701132596879953 0.286972177828721
0.0127073519739174 -0.0591815633013932 0.610853806691684 0.291655289419221
-0.0126526500298108 -0.0940395550088424 0.34335019531664 0.187662765340032
-0.0168238074359586 -0.105605994249197 0.0954076921995841 0.00986870605382028
-0.00700054534834103 -0.109782563713656 -0.105000270899597 -0.15128029790369
0.0204570733369292 -0.0808942809106236 -0.254109104954966 -0.39486419031252
0.0342703799444258 -0.0201423236030469 -0.394387320135742 -0.552972919021646
-0.0316314524255135 0.0120988880182742 -0.505228502854774 -0.57190989438258
-0.0809947787413037 -0.0859726936793904 -0.561793374273146 -0.437507712815631
0.00910478258154325 -0.124089080345601 -0.506934420793705 -0.339264065428294
0.0968887893356404 -0.0052394325980874 -0.247385418065507 -0.202158246530637
0.0582694988926129 0.00432363172488558 0.0880532897310753 0.113149672892325
-0.0131708407092803 -0.117859394824468 0.476144961780718 0.17980981352484
-0.0885485693974883 -0.0574005134442179 0.587175520505247 0.133189725141065
-0.0676981799503341 0.0329521040090443 0.626704165802039 0.284099272605622
-0.00113012645715871 -0.0169060471609969 0.688629334281737 0.354676886304208
-0.0191448751142765 -0.0683911313102085 0.601332542890689 0.30630281239035
-0.04021531549238 -0.0997809981239858 0.330019723669737 0.16336046176184
-0.0455284100269215 -0.111759150655127 0.0772985215236214 -0.0313184143564797
-0.0384754847401569 -0.118519214223125 -0.126246734359325 -0.188591626614161
-0.0171845847492674 -0.0993988835984117 -0.281845031449367 -0.41040044084081
0.000687823601081815 -0.0506109862977253 -0.42677208597446 -0.525169421273618
-0.0400414424507023 -0.0175040045281568 -0.546682302544705 -0.500279879055099
-0.0835675958530134 -0.0814507052603526 -0.603060404147381 -0.36720189408884
-0.0234387088622187 -0.116926625201857 -0.528822163261454 -0.300379843617065
0.057552870178397 -0.0248106468383518 -0.255780082171081 -0.189586386791296
0.0199033984197318 -0.00461960625430924 0.083558606890371 0.11314355694496
-0.0287400768719111 -0.095323574817003 0.477629923844206 0.208235308861986
-0.0748300512740392 -0.051972012794908 0.56307891153203 0.190148633329996
-0.068770321528633 -0.00221634147700035 0.583011623418007 0.377538413708333
-0.0303269324674445 -0.0414385914472492 0.656249479005158 0.432996165158232
-0.0489130847903982 -0.0760003987794942 0.574657603192151 0.330991952003256
-0.0596510234116027 -0.0950091180216537 0.303949047322623 0.143057101233595
-0.0670481307742247 -0.0994287548558368 0.0532845032847757 -0.0718706056818448
-0.0634565109631915 -0.106163507754872 -0.159731786381869 -0.224121769683661
-0.0528362466548219 -0.0947823579526116 -0.329828176629826 -0.417357475358437
-0.0370002827247542 -0.0620631866997726 -0.476628225168064 -0.482730674727124
-0.054672163132971 -0.0457890798856496 -0.591428050079274 -0.416064549708698
-0.0745549450281496 -0.0758931794846048 -0.637930995358474 -0.283077657186341
-0.046379520734323 -0.0941704620807306 -0.546087804911838 -0.249987685309369
0.011726333535181 -0.031492424359904 -0.254617307188629 -0.170470082077354
-0.0189862275228324 -0.0195826942749473 0.0870514156831736 0.120132596297874
-0.0512586684671861 -0.0669868662463869 0.472131023606028 0.246370981852575
-0.0526061940703915 -0.0330411488154477 0.533921139626838 0.262407840054724
-0.0483363832344575 -0.0367617979856074 0.530531177972054 0.469351720983827
-0.0484654216913889 -0.0702639938980063 0.603475331309454 0.508614586367439
-0.0714144365698958 -0.0766790484390993 0.52908120031259 0.355329443744068
-0.0716978446522744 -0.0777431975967354 0.268801081014688 0.125953759548773
-0.0759958956994697 -0.072080306888097 0.0244626764664876 -0.106401936659815
-0.0778140210744473 -0.073988673043721 -0.200242243029301 -0.248300597502715
-0.0779623767341697 -0.0702309577459716 -0.386342170292426 -0.40439567182412
-0.0701560561485033 -0.0583471795061903 -0.533584720548654 -0.426021534672389
-0.0654573702240807 -0.0667796296333326 -0.631289612260622 -0.324247710250955
-0.0553954408116121 -0.0668795440888728 -0.661094562314772 -0.19615369950632
-0.0569384586425828 -0.0592886174709282 -0.554221259189861 -0.198241175130438
-0.0340719588082272 -0.0271027385735267 -0.241854121460229 -0.149493786928273
-0.0541620570979333 -0.0325463588116629 0.0991820685979788 0.136778046834368
-0.0689868218782607 -0.0333210002178869 0.462771346951757 0.286228329033129
-0.020291263212896 -0.00431567245543461 0.505152703834559 0.338364897563274
-0.0177236188561937 -0.0645637639222784 0.483911834611509 0.550540300606173
-0.0569952516053308 -0.0904553594924618 0.544932270677395 0.56114547561119
-0.0847201688883582 -0.0663984859133379 0.473343080492749 0.372327367255929
-0.073279446823203 -0.0480729017854096 0.229381212324027 0.115795205216315
-0.0732708956669637 -0.0323012083903772 -0.0049657881374558 -0.129339633983441
-0.078864181156437 -0.0303997835724779 -0.240720311289399 -0.258409363231151
-0.0893945807826828 -0.0350863097276506 -0.446240429044107 -0.381271662783293
-0.0914922004403167 -0.0460554116444065 -0.585579329180338 -0.362897653994267
-0.0684295254835927 -0.0833809560073317 -0.662534764971818 -0.238945713519632
-0.0258584421350796 -0.0560192175801686 -0.672375307139401 -0.121252120111622
-0.0586980832456295 -0.0194450764728377 -0.556983510242984 -0.151797781868578
-0.0717593577948211 -0.0161008032098812 -0.219993529264498 -0.132802258531684
-0.0800408468759588 -0.0350957745616477 0.11841631459318 0.159570645869416
-0.072071339319983 0.00623984875157036 0.450118492282022 0.319305197605693
0.0190107546461165 0.0221690174285392 0.483672413281681 0.404382770913679
0.00982768242170936 -0.0824278071737433 0.450021045493519 0.601388665018496
-0.0599189944620399 -0.0912463323486158 0.487434988150678 0.585316727722747
-0.086921054588586 -0.0389126115889936 0.415173771158101 0.380219003853748
-0.0637726841142967 -0.00859400198349418 0.192369661522417 0.115702986322241
-0.0569838511989551 0.0126847948824179 -0.0281703993919022 -0.138223545153547
-0.065742811683134 0.0150288280772774 -0.276131337916756 -0.254206431894302
-0.0866133958611542 -0.000252018354932586 -0.493311747353262 -0.349618391519228
-0.09780796956809 -0.0358952002635433 -0.627865235894555 -0.306714806471644
-0.056460301340258 -0.0999984149990717 -0.68525755781221 -0.180055965401484
0.011847504991259 -0.0415576423029466 -0.671711231177472 -0.0680155490915801
-0.0530618630740364 0.0213688110177656 -0.550955777844419 -0.124167441466943
-0.0988552650348656 -0.0051289734318819 -0.194036046876783 -0.120565360981657
-0.0910799600963793 -0.0250661123689173 0.141445204575507 0.179863824357578
-0.0556095372077309 0.044095641026764 0.4439872203021 0.340618478767234
0.0599034543953949 0.0382931090951479 0.477999224927569 0.444611847830633
0.0267545567967543 -0.087174884819304 0.437841362309266 0.616384270001195
-0.0576975023667579 -0.0713259408812668 0.442047056974063 0.58596589452002
-0.0753349757593432 0.0025131341148158 0.368368790863646 0.389371591810323
-0.0444343333135561 0.0359458208979101 0.163173085587751 0.126887086837934
-0.031326143967314 0.0566820020431683 -0.0444048187872667 -0.131476335110608
-0.0411164591439543 0.0561586040579297 -0.298421946411394 -0.238765603601453
-0.0726810839941132 0.0287333302450079 -0.527474398562089 -0.322161788860681
-0.088109604826457 -0.0320604491896995 -0.658370298687487 -0.273779630820376
-0.0277076667981466 -0.114017692694088 -0.699405584786562 -0.152140434698543
0.052787760726631 -0.0216566404090843 -0.665407394310709 -0.0465665254761703
-0.0480284732336798 0.0566046767882518 -0.540807975432717 -0.110768660313668
-0.109705826903069 -0.000809767159768028 -0.16873745213967 -0.112422397278396
0.10783466160765 0.0014932110988328 0.123709667926778 0.120212840481192
-0.00207182925242447 -0.124877979921937 0.477340039205438 0.144617950938507
-0.0708912270439891 -0.0320428530631437 0.624161803809302 0.0662513403374417
-0.00749544086894849 0.0702871028135548 0.670710504794146 0.149860927105992
0.0674317543513652 -0.00132347061741812 0.687292431939326 0.245031735603972
0.0408772048421412 -0.0475970132059113 0.601610343809783 0.287747607900697
0.0148405645140321 -0.0773900091476016 0.342807601728143 0.213960698928071
0.0154631599324943 -0.0832807180850356 0.100506498013728 0.045063238483914
0.0252237649671104 -0.0822578111871169 -0.100842198650225 -0.114103142810007
0.0524386077867861 -0.0449128120970069 -0.25504734751156 -0.377073055064652
0.0556590232245463 0.0191188928280705 -0.393413950896607 -0.568242681713168
-0.0260958264280449 0.0362271288582733 -0.48451090639099 -0.619105353464816
-0.0650910026348307 -0.0846789001164618 -0.520543032773689 -0.471930293609282
0.0437413966404393 -0.11118953180648 -0.491692419670106 -0.350992989920963
0.123026746993939 0.0192852403564046 -0.232679995748665 -0.201153560577257
0.0890659124106772 0.00469616297474758 0.102192113396555 0.117118882850368
-0.00546124451491562 -0.129643545541787 0.475159026954843 0.154760982920465
-0.0882616935254156 -0.0485790742523327 0.605550969049309 0.0897067421920794
-0.0439526733221993 0.0600060130897382 0.657377066901501 0.202852273567197
0.0351398380317386 -0.00447757788082793 0.69783177870287 0.284032075600678
0.0121446838973416 -0.0596203152627981 0.608505191503133 0.287674856263414
-0.0142780816896634 -0.0932710384290561 0.342411191244934 0.186262362850702
-0.0174740373006845 -0.105955183963502 0.0945832860790655 0.0101160695953779
-0.00702202095580787 -0.110332830014696 -0.105392086604399 -0.14912763093238
0.0201658431432473 -0.0817259406206599 -0.253297391950476 -0.392974514547484
0.0345983083880858 -0.0210638923607887 -0.396190246589602 -0.550416921427901
-0.0303331782950349 0.0128556764830663 -0.505967073277092 -0.567023524846834
-0.08195985687103 -0.0848490060879032 -0.558435729223753 -0.430497375604404
0.00864125846596682 -0.124288765536428 -0.505791121638544 -0.336406406537205
0.0972821912033545 -0.00661395459934682 -0.248190798396083 -0.200576964678199
0.0590531298399991 0.00346859077829844 0.0883933404242055 0.113457031608292
-0.0135230222787203 -0.117631421028182 0.475405341794322 0.175818812487135
-0.0891144760407605 -0.0573120265571443 0.584881712522045 0.131482723114192
-0.0670260410278926 0.033836940628593 0.625792627946453 0.27977232161162
-0.000802762312829312 -0.0169839818185705 0.686922319331123 0.34949327984334
-0.0190197324499294 -0.0685178017737384 0.599606973966013 0.302430423729931
-0.0414182647775225 -0.0999246079522279 0.327910327938657 0.161718808517834
-0.0467536100130739 -0.111449221638011 0.0771433537574059 -0.0306566872220395
-0.0391439770324665 -0.11880937386006 -0.126350305772064 -0.188241334149601
-0.0183306106506562 -0.0994091559350893 -0.281887091141975 -0.40881632219293
0.000833911272341248 -0.0498938361215844 -0.4268209457272 -0.521023386514664
-0.0393170509879245 -0.0177107542838494 -0.545074812161471 -0.494588371982516
-0.0835581886038776 -0.08022180150651 -0.600262266080639 -0.363768193085879
-0.0235305445484144 -0.116100560069164 -0.527504649865945 -0.296627326566745
0.0588330470106851 -0.0254170085792852 -0.256132263766389 -0.187717024993888
0.0203534551152003 -0.00469293925901443 0.0834634032213496 0.113134838999031
-0.0297285356000602 -0.0949072008106319 0.476048227409205 0.204342773335491
-0.0755746070467624 -0.0519142131537209 0.562286224612705 0.18998554337261
-0.0685106698896927 -0.001321498809797 0.580628395840575 0.374651067759424
-0.0302214443987734 -0.0420393620300425 0.655330342633667 0.430052092277437
-0.0487086777747084 -0.0755484832363993 0.573926975827349 0.326411812865478
-0.0613920269606893 -0.0950396302651432 0.302627660830403 0.141102574083852
-0.0670681568151068 -0.0989823552640832 0.0522974670370854 -0.0722443537412989
-0.0639285150547047 -0.105377418753403 -0.160524167891638 -0.222637647268107
-0.0533549413839676 -0.0946180580577839 -0.329929859669717 -0.414023423351319
-0.0372608151241668 -0.0616736790570896 -0.476560554973843 -0.479156570423337
-0.0524557989340243 -0.0453208217432313 -0.589184692541677 -0.410821488243486
-0.0754708912142003 -0.0748128149118697 -0.634678006734874 -0.27852180325171
-0.0467146592509804 -0.0936579043907703 -0.544198647112974 -0.246535076016316
0.0117231559411773 -0.0313233890128159 -0.253996397785077 -0.168867222166353
-0.0184424051010893 -0.0184055756294485 0.0870248448726133 0.120042860013074
-0.0513350192805657 -0.0662042737312155 0.470442843449216 0.243221731600857
-0.0524740003000217 -0.0320223326132527 0.531032252045694 0.260264478381452
-0.048440715796678 -0.0363867368170374 0.528319242335953 0.466075543401952
-0.048031817809759 -0.0700438675753375 0.60351060588457 0.503882133264978
-0.0721845904101456 -0.0770997474206477 0.528487696709207 0.351824190478872
-0.0717673916605877 -0.0776254530759414 0.268151777748533 0.12422335657177
-0.0753165692629901 -0.0710009631249383 0.0222693927758993 -0.105889299384879
-0.0778768652979613 -0.0734088691560505 -0.200581033315914 -0.245752428716286
-0.0778698351773082 -0.0698622573324348 -0.387772998499776 -0.402535897734676
-0.0701022224554972 -0.0577285096369688 -0.532984012830801 -0.422411816428898
-0.0662514829992691 -0.0657347070817106 -0.629967085239422 -0.320271473746355
-0.0553680296634122 -0.0666788813662434 -0.656506936468085 -0.192087047210682
-0.057754853714078 -0.0589414210762936 -0.553741394541856 -0.193142766707155
-0.0332307707696686 -0.0261978373648561 -0.241373835586204 -0.14800779560296
-0.0537489620305863 -0.0322333493758296 0.0985410898055582 0.13625163315103
-0.0691959607328724 -0.0324904428654234 0.462622921966411 0.281592420096885
-0.0202456171472512 -0.00507094877922295 0.502751481611768 0.335430761411875
-0.017990815692284 -0.0647462516110801 0.481581547498873 0.546442932987882
-0.0562023888324919 -0.0897656632911709 0.543524914385836 0.558605232715489
-0.0850938884485119 -0.0655564951241096 0.473090836642301 0.366769655419721
-0.0734715122680553 -0.047822756763963 0.228329119046701 0.114254953257185
-0.071823159228854 -0.0314046144456331 -0.00607506128862117 -0.129663335717385
-0.077810047399065 -0.0300390673541155 -0.240742770443441 -0.256985282282628
-0.089523225465713 -0.0352639018844979 -0.445691441329723 -0.37854905843161
-0.0918282923722182 -0.0458030080386395 -0.584632510812107 -0.360389802026334
-0.0685116081211303 -0.0829787468837744 -0.662097336178362 -0.237535006596159
-0.0264397686097033 -0.0560248629573375 -0.668081960321707 -0.116802299256215
-0.0580732340397942 -0.0178911749121638 -0.555987086459576 -0.14953295575778
-0.0713726713849857 -0.0148048568991993 -0.220839099990081 -0.131967867647852
-0.0792284041304132 -0.0341459360096889 0.117975567372186 0.158960817434283
-0.0714845925073435 0.00708331089621853 0.449576026539211 0.314629662253387
0.019941254019472 0.0202256151203132 0.479660192474254 0.399485521358811
0.0100716569475947 -0.0823950456727051 0.449081641897046 0.600495109364532
-0.0595527864786548 -0.0908154777696273 0.487833983267916 0.581911177442146
-0.0867844832169071 -0.0378638898738431 0.416935487850408 0.376795892323521
-0.0639505390786746 -0.00821609393978578 0.191860438835363 0.113920715502517
-0.056509448556089 0.0130153043150789 -0.0298225596592105 -0.137321686817873
-0.0639807265453516 0.0160107817538952 -0.275848449390108 -0.252176078443614
-0.0863030442981869 0.000895957162995949 -0.494381630758805 -0.345925703331625
-0.0978911159497148 -0.035217180962697 -0.626239068518022 -0.303708363215536
-0.0570968694700463 -0.0995563752874552 -0.683332663068194 -0.176533720856493
0.0119667701099558 -0.0415763829061257 -0.667686552405177 -0.0655923403092589
-0.0527942378418628 0.0225249776443746 -0.549230756688984 -0.121381118691341
-0.0975198021619405 -0.00459923252304389 -0.193943940151594 -0.119697473813833
-0.0913840855432702 -0.0234461772657951 0.140855112722641 0.179769711298907
-0.0553222348919957 0.0457936368601121 0.442906715884002 0.337651926003926
0.0604723498663075 0.037353477935285 0.475377819921599 0.44154769840244
0.0264932733291889 -0.0871981181819482 0.437319310006955 0.613106306616139
-0.0578676891435432 -0.0697267235392594 0.443169184155731 0.582220600270976
-0.074327963408935 0.00257393309300516 0.369411119608091 0.383889188923726
-0.044300404974778 0.0361357076491566 0.163216411076726 0.126259102455857
-0.0307618574554085 0.0561371479486993 -0.0456731140101434 -0.130620410039572
-0.040183246911319 0.0563295128762306 -0.298715426699314 -0.236925141220496
-0.0716701310080089 0.0295037658827268 -0.527034974735102 -0.318252036368988
-0.0889941555741105 -0.0311013816018023 -0.658873702082333 -0.269640401125548
-0.0290568819123114 -0.113389514905269 -0.698204104587147 -0.148957946389395
0.0525757095289579 -0.021911294339938 -0.66250210278153 -0.0436315683431403
-0.0467256360265448 0.0573112159621728 -0.538862466742624 -0.110073323250106
-0.109294610933499 0.000300372315366376 -0.169376270149317 -0.110870747473659
0.108062621454772 0.00115905160959454 0.122878547249096 0.120083334627903
-0.00213173929889162 -0.124713856438957 0.475760231385927 0.141086840137968
-0.0708285955096813 -0.0316670080298709 0.619104776966097 0.061482748760101
-0.00704535696311792 0.0704878127891931 0.66666906669312 0.147428184179448
0.0680339376299354 -0.00200481455960366 0.685403829499172 0.242663506933598
0.040399110231096 -0.0481409543332567 0.600891653099936 0.285562353554213
0.0127343102785271 -0.0776668010786772 0.341677255139052 0.212250565273757
0.0148845987870247 -0.083628512854632 0.100386846366884 0.0446863123299205
0.0247779784416895 -0.0823503967779751 -0.100120200411881 -0.113619921018451
0.0524525033868287 -0.0447654824985476 -0.254033014583077 -0.375104474999363
0.0567097082218367 0.0180777808116361 -0.394021002449512 -0.564517445265125
-0.0260110287131148 0.0372028458182746 -0.482115147651979 -0.613175849266273
-0.0665358653068328 -0.0838794134576395 -0.519076211587607 -0.467697019030927
0.0433231308646943 -0.110817664106175 -0.489079399091894 -0.347506739679215
0.124263929424227 0.0176054409480049 -0.232666874946235 -0.200907785669203
0.0896156033925744 0.00389023334202119 0.103013014742168 0.116440056512341
-0.00629094495191545 -0.129318008134708 0.473561111400339 0.151173849512058
-0.0890539161059563 -0.0482552252384926 0.603148848229974 0.0859907127872003
-0.0433639128755827 0.0602085101345469 0.652958048296098 0.202055676803786
0.0352093624237373 -0.00463778125776301 0.696612325820302 0.279936051418963
0.0113521242252945 -0.059615316833452 0.611040947262477 0.284330436091641
-0.0158379767767271 -0.0936667290210733 0.341377283596811 0.184117011491013
-0.0181611019239356 -0.105793946684388 0.0937419106110177 0.00952653508893612
-0.00813260900048672 -0.110096101957971 -0.105175596104986 -0.148651455434725
0.0190880162803003 -0.0823787070864031 -0.253212979497162 -0.38910802231594
0.0347863511644796 -0.0208376971492095 -0.395631110445385 -0.546929251029004
-0.0293385068833369 0.0133137084219346 -0.504581400862153 -0.563048939387515
-0.0820636087942482 -0.0841048292284482 -0.556611400559077 -0.426686028272784
0.00775761441609971 -0.123180118798062 -0.504573039373838 -0.332895190088666
0.0983969213535797 -0.00794562033380789 -0.247899693208919 -0.19819611355276
0.0590332022976441 0.0032374627434852 0.0876323236694641 0.113064970723524
-0.0147297523818846 -0.117317298408943 0.473097061244288 0.172982612239682
-0.0886112253296708 -0.0569895169566867 0.580797211096018 0.12859493416295
-0.0667293323227517 0.0343316726335511 0.623542278140262 0.279319142758601
-0.000193510831857682 -0.0176659682618408 0.687014635897089 0.345836846572586
-0.0197277524163163 -0.0682265261658856 0.600096576631827 0.29891526077219
-0.0422518238851122 -0.100089005122566 0.326579707769138 0.159409742492259
-0.0465338948962856 -0.111014073296776 0.0754311891587538 -0.0306802160573153
-0.0400863663688457 -0.118132272413071 -0.125775403990548 -0.186598576625601
-0.0189367551570733 -0.099700597302328 -0.281284737556654 -0.405815012285743
0.00123340139953516 -0.0508038547802951 -0.4256933683574 -0.51940731195785
-0.0384905396945472 -0.0175522665851367 -0.545615433230176 -0.492499687826244
-0.0852037641305125 -0.0798182287996155 -0.598256112423842 -0.358340678791825
-0.02429014754571 -0.115327922938273 -0.525849505128704 -0.295245504847951
0.0597174699008461 -0.0256872939380343 -0.256450837301642 -0.186456670500223
0.020986937660423 -0.00424552111540604 0.0832736481106449 0.112239008075776
-0.0301781146055609 -0.0941882563584036 0.473600353573426 0.202202546786163
-0.0753387793617593 -0.0517921279838029 0.558894076692002 0.187955660340291
-0.0672207634532701 -0.00160940280695812 0.578414798064504 0.372295258144846
-0.0292867319698595 -0.0417468992403359 0.652955767620406 0.425464652303832
-0.0491681261984024 -0.0753547273549682 0.573001080001488 0.323153549152655
-0.0615367479626397 -0.0943461201192649 0.300297820419771 0.13875266857915
-0.0674465263212762 -0.0987613297406334 0.0504132688533889 -0.0723227971425269
-0.065158841095512 -0.10484514482 -0.159791104034868 -0.221576922095532
-0.0535755839647288 -0.0944332265983109 -0.330428501944754 -0.41179505078155
-0.0368629932918144 -0.0619269217422298 -0.473385192847033 -0.47624389069871
-0.0530031792626942 -0.0448544508567113 -0.58850006321888 -0.408055329981337
-0.0753210638903644 -0.0742500152203445 -0.63155461869317 -0.272801313920878
-0.0472986069796211 -0.0927372670666145 -0.542274848487772 -0.242949015470036
0.0129184743489484 -0.0315652331383071 -0.255033240551534 -0.166804664147075
-0.0181140486458431 -0.0184787745008882 0.0866547979033889 0.118488170091701
-0.051504317132819 -0.0654360688519847 0.470467576629599 0.239737946677672
-0.0523722576994555 -0.032981618631074 0.529559818269666 0.256954481458954
-0.0484599770686485 -0.0366399478971764 0.526809733283361 0.463729279085507
-0.0479358610741695 -0.069384404564943 0.602490363161901 0.501416741143072
-0.0722399403992589 -0.0762807907477403 0.528307468469451 0.347737863720995
-0.072851666067772 -0.0767702622173908 0.266093293228826 0.123018777111784
-0.0761258994587998 -0.0703794176512439 0.0221091899554255 -0.105539348626059
-0.077981733722356 -0.0724074584719811 -0.200356553615267 -0.244748759430989
-0.0788803133680873 -0.069053970811282 -0.386790744957462 -0.400909212958637
-0.0702248970963743 -0.0578377209261624 -0.532586978501616 -0.419519982991608
-0.0660750465186095 -0.0650847107695709 -0.628999380506612 -0.315214108866203
-0.0561683544372582 -0.0657306648595198 -0.653848963591997 -0.186947546549299
-0.0573263892546734 -0.0574827003480291 -0.551833189359156 -0.190062595332155
-0.0319838582010385 -0.026573049355768 -0.242136264306124 -0.147190482212963
-0.0534697567084981 -0.0308540891135694 0.0985750146288822 0.136974085788461
-0.069100260317731 -0.0319436511181553 0.459918549652972 0.279798062276678
-0.0198429401487373 -0.00554180474069794 0.500816829792615 0.33307978192777
-0.0186376864689743 -0.064038797422289 0.481451539117241 0.54350335222797
-0.0564167011582081 -0.0890152717016716 0.543896149663712 0.552192537013547
-0.0850773789573873 -0.0648880492685945 0.472995884717458 0.364074567570297
-0.073752560718308 -0.0476811747205539 0.226830476114469 0.112655312850609
-0.0714818039898446 -0.0315086268133766 -0.00824765267436705 -0.128075983109417
-0.0773551449341348 -0.0291220428373168 -0.240887688567807 -0.253959977083408
-0.0893007495040948 -0.0345227492668837 -0.443958929091121 -0.375452671258444
-0.0910157719892841 -0.0453647051320951 -0.582872066979996 -0.358370759566367
-0.0691305036359813 -0.0829463727417879 -0.658647584229606 -0.233279600482187
-0.0259029033135421 -0.0560427247393462 -0.663363386524108 -0.11335995104532
-0.0576322448733517 -0.0179267175455413 -0.55269636663219 -0.146976528333651
-0.0702579479127858 -0.0147351754789991 -0.219790183499841 -0.131988486049414
-0.0791457575896558 -0.0334817939814921 0.116894456639152 0.157948466507001
-0.0714622811705142 0.00817075581476145 0.447433733395878 0.311843860664719
0.0204731790987941 0.0206665047516655 0.478252155538801 0.396270585620163
0.00913332762320768 -0.0824643509298178 0.448122738360013 0.596501422536679
-0.0596723485931841 -0.0902772399841733 0.487282405027447 0.578142695698088
-0.0864956474335585 -0.0367125526255726 0.416719455930226 0.373148588827063
-0.0641345444559402 -0.00801655878146883 0.190707202166141 0.112368623155638
-0.0548944318882838 0.0128873290086594 -0.0308832919585861 -0.136818314577187
-0.0634258341062674 0.017389373049402 -0.275129878684461 -0.250166998352658
-0.0861697040364012 0.00125528083743595 -0.492474918375225 -0.342790448394242
-0.0977750548854043 -0.0348415561913094 -0.624244257277168 -0.301344422342137
-0.0576873693892535 -0.0993494466668117 -0.680770718244017 -0.172858255036449
0.0113759629546498 -0.0426656280209787 -0.664141525073224 -0.0609413999073455
-0.0518167164964434 0.0229078772896116 -0.547563282312058 -0.118409135853835
-0.097156051777246 -0.00417409628173225 -0.194404958806398 -0.119579163799661
-0.0909583965335082 -0.0230768461208923 0.140878287549702 0.178155253551334
-0.0543366122904665 0.0454932619039656 0.442447926488553 0.33449860931145
0.0608278994648366 0.0364771113335863 0.474849434715914 0.43669146915966
0.0257896138164209 -0.0878735348126408 0.435889173755602 0.611047512978903
-0.0582790944119033 -0.0696717893325509 0.440103811069328 0.578645532073321
-0.0741769084427495 0.00382305870379244 0.369902350666834 0.381878970310011
-0.0449266355045768 0.0369048706145123 0.162888801819757 0.125333450410814
-0.0296552139586347 0.0564844505421813 -0.0466670730085553 -0.129436034852797
-0.0391746351335192 0.0570967350049787 -0.298595209675129 -0.233536045667849
-0.0718431795530421 0.0295323486062727 -0.524658850269416 -0.315319785209417
-0.0884172626608442 -0.0301979339534469 -0.65674921722082 -0.266922828687423
-0.0291571189222774 -0.113484294151214 -0.693885555251331 -0.14446879570664
0.0529182378331617 -0.0229811500768109 -0.658940653969857 -0.0401989631598178
-0.0462321035467104 0.0582333705015341 -0.536923016300345 -0.104753312858084
-0.108601240075359 0.00109389732270973 -0.169201480957154 -0.110478844581679
0.108538146607719 0.000313284206053959 0.123712894576656 0.119607866863686
-0.00276210799914729 -0.124187066708415 0.473795910683864 0.138865910655196
-0.0713222187973205 -0.0308662522765891 0.617144461052208 0.0614904827867842
-0.00671468918860573 0.0701271769522859 0.665506124407878 0.144949732158307
0.0684966821409294 -0.00230494185273138 0.683283384537202 0.240736505909038
0.0403656911396338 -0.0483577546242387 0.601018944112527 0.281704792811182
0.0118483818802211 -0.078178537612402 0.340212188011899 0.210029995059042
0.0147524716985837 -0.0838048383181858 0.0994059838316951 0.0441659961441228
0.024390000696131 -0.0826059401553444 -0.0995234772938497 -0.112263093911628
0.0517655281907353 -0.0457510754041744 -0.253514673207531 -0.37276304318024
0.0569496946035409 0.0178753338734838 -0.393190768946296 -0.563100604309355
-0.0244978571288048 0.0371766945430835 -0.482319115918918 -0.60979284059364
-0.0672870387611959 -0.0833182400481917 -0.517652668326463 -0.463707037483299
0.0422890722919742 -0.110544084967426 -0.486487396878033 -0.34489503763098
0.124908998706039 0.0164213503197034 -0.232628587913377 -0.199496015739703
0.089915075853297 0.00317705808564371 0.102181440321407 0.117109897190173
-0.0077959856660255 -0.129042923202509 0.471426085598492 0.150468335493419
-0.0887244444069093 -0.0483809478806654 0.59863932671876 0.0842494187118273
-0.0424142396005148 0.0602085509686178 0.650083945713609 0.199463177967725
0.03595171975141 -0.0055076845441075 0.695189453636514 0.277746633191674
0.0118517507088857 -0.0595813458100865 0.607121633713749 0.2810876288809
-0.016918236133236 -0.0937893617617889 0.340578613195275 0.18278934017575
-0.0180996215878781 -0.105510841139098 0.0931775135229832 0.00960047424090182
-0.00880225589436931 -0.110644407667773 -0.104305004265123 -0.147393877824523
0.019140830900734 -0.082899992529298 -0.25265438305683 -0.389973671542927
0.0357894468295633 -0.0221178636670557 -0.394124264730699 -0.544203113074495
-0.0286946202365912 0.0140562353467053 -0.504081230381832 -0.559647117810248
-0.0829226793211773 -0.083382768733859 -0.553971986437111 -0.423005456652398
0.00780509886407673 -0.122605323616709 -0.502270770262821 -0.330135897967193
0.0985055002280685 -0.00790655722727268 -0.248081357529802 -0.197831994783929
0.0597111219165903 0.00313839152806405 0.0872327237190096 0.112000162790667
-0.0148725728997111 -0.116494589563662 0.471652713918608 0.169548665652965
-0.0893271120500649 -0.0567342293431199 0.577074690383096 0.125507334453635
-0.06616176560443 0.0342239094603175 0.62043170909628 0.275114253072201
0.000531579028724414 -0.0175551367258055 0.685911792087089 0.343228963761466
-0.0199298555311525 -0.0682056009510394 0.598652362242344 0.296671477478799
-0.0436490530182676 -0.0998772220521657 0.32514104423588 0.15854688405533
-0.0470719946462095 -0.110686555791234 0.0751651898469283 -0.0314057096897669
-0.0398742113797771 -0.118254571981321 -0.126747106666252 -0.185728223719442
-0.0191874640277859 -0.100123825167812 -0.280007942689347 -0.405165151520723
0.00119894109116678 -0.05094332253354 -0.426424870865451 -0.515232765324141
-0.037521566876219 -0.0166578978519275 -0.544080539874681 -0.487272532092701
-0.0847510104279164 -0.0789461762221151 -0.593582259646255 -0.353556171450542
-0.0250890409495082 -0.115457084673859 -0.524397286081057 -0.291335664059122
0.0596919567046001 -0.0260410870525904 -0.256965990564147 -0.184651083158678
0.0217111245768834 -0.00447240187018713 0.0825712291120194 0.111529253071792
-0.0303352636848634 -0.0938150641056791 0.472258774418098 0.199039495002423
-0.0760888043925602 -0.0514159597473524 0.555341485539879 0.184762670270236
-0.0670197333459083 -0.001646235868778 0.576610132257313 0.370789575090305
-0.02953854728141 -0.0412871158036222 0.653500256839266 0.423301256198382
-0.0498367797196413 -0.0749762514888141 0.571024777263488 0.319721745637539
-0.0626564854351215 -0.0940658037386118 0.299117063396383 0.138194649567003
-0.0675700368772916 -0.0975611590815524 0.0490120803232877 -0.0713680469881458
-0.0652090471226048 -0.103671034311854 -0.159643921809306 -0.2196490036776
-0.0543512389917047 -0.0940427797099104 -0.328525570322944 -0.410753294372264
-0.0369279061003307 -0.0622080175554106 -0.474888174313852 -0.474797688477613
-0.0528797000966212 -0.0441231954422102 -0.588269337156469 -0.40376285337589
-0.0748993439561582 -0.0738388054572272 -0.628410113769983 -0.270014628308584
-0.0469436488681062 -0.0918157977951816 -0.540679709843581 -0.24000422821853
0.0137945948618358 -0.0322620877575978 -0.25522696483669 -0.165778580485808
-0.0175279764209333 -0.0180471780947288 0.0861930425414295 0.119367355404326
-0.0511993736248101 -0.0643324752934273 0.467335097507604 0.237535901633078
-0.0521114000450344 -0.0318599255255734 0.526241603548645 0.255044445142657
-0.0483863204876674 -0.0354936283096007 0.525763673099485 0.461898081749358
-0.0481626027323867 -0.0684561095799878 0.601872184125195 0.496077944509969
-0.0721629502222411 -0.0752880424922929 0.527671139058923 0.343849806565113
-0.073972860250639 -0.0762040681183491 0.264692477902934 0.120668949650982
-0.0748863183311242 -0.0695852763543715 0.0207057643862646 -0.10550777692297
-0.078177011423126 -0.0716362982416846 -0.200731809768885 -0.242891226064242
-0.0780835637665045 -0.0691300297050858 -0.386999531706622 -0.39821481753373
-0.0702016468246211 -0.0571167416951725 -0.530500256229318 -0.418683092934102
-0.0653307309855298 -0.0643406271288511 -0.62622756200315 -0.313046499186102
-0.0566897714082468 -0.0657813270345095 -0.648575358106906 -0.184289975492573
-0.0569393248424053 -0.0566147361926827 -0.548643231736508 -0.187978838598797
-0.0315309807307628 -0.0262263256180094 -0.242621348112393 -0.146585747220099
-0.0537393737143529 -0.0302725251186883 0.097121879905126 0.135487207011014
-0.0685167214136986 -0.0301366666043605 0.458440046534637 0.276141183307464
-0.0194308985019473 -0.00524288405541125 0.497072782394151 0.329018825068936
-0.0180093807880969 -0.064546568324329 0.479785396415735 0.541878014674017
-0.0559889200266112 -0.0880918349032869 0.543181511160773 0.549730930297578
-0.085264211721614 -0.0639548914968197 0.472440702604596 0.35920886821028
-0.0744447358886645 -0.0474583106373096 0.225744844774289 0.111625589107559
-0.0709786268222391 -0.0312792962631056 -0.00839434353868077 -0.12822383768538
-0.0763690815515493 -0.0284539295448238 -0.240558930060478 -0.252757849564847
-0.0896888035848471 -0.0335293345806175 -0.443039177098538 -0.374395896608449
-0.0908925378893279 -0.0445840364093398 -0.582404294849122 -0.356436514555173
-0.0690625810051659 -0.0816674329913532 -0.656961402925864 -0.231621153214827
-0.0271188299623171 -0.0558275960323623 -0.660387938509879 -0.109062488991773
-0.0566471477721851 -0.0169789714262243 -0.549470647666085 -0.145612828818671
-0.0697552721549352 -0.0150033560933044 -0.221417970035239 -0.129445403389907
-0.0793730908433193 -0.0323727277574398 0.115947782685154 0.157391492644297
-0.0711584959585538 0.00899242772252529 0.446992249993106 0.309054637890358
0.0209656163906932 0.0199164726333436 0.474943390702054 0.395822117033137
0.00867482919388545 -0.0827779281289878 0.447701018238599 0.593737772528295
-0.0607475647426043 -0.0893736821465536 0.486874617841414 0.575456784798667
-0.0865754315656357 -0.0359543493067064 0.416366230771932 0.368891568037451
-0.0637234139394968 -0.00718710904980078 0.189366548275225 0.112129561019356
-0.0542703716020743 0.0137313472204805 -0.0322104054421354 -0.135241061853837
-0.0628111824306982 0.0173982546292187 -0.274849975124779 -0.247423928716635
-0.0862865801409543 0.00188276270884944 -0.490783417729244 -0.340036289195645
-0.0975097415134778 -0.0340289850550945 -0.623535166913799 -0.299620477993266
-0.0580084852416253 -0.0988172237338197 -0.677418353725679 -0.169163995835065
0.0120545302633064 -0.0421310236642786 -0.66085303042981 -0.0587168675579163
-0.0517494446472117 0.0240273127115509 -0.545001446528228 -0.116006811419901
-0.0955655361639428 -0.00346709770816894 -0.195240900488055 -0.118255658186309
-0.0910702715469917 -0.021581926839253 0.140408876721627 0.177191970897057
-0.0536071351664984 0.0470798075049111 0.439729816580434 0.331821668096068
0.0610635366004539 0.0356592267014 0.471922966497518 0.435508120141064
0.0246186784392525 -0.0883354690213101 0.433327989493364 0.607166511086001
-0.0586330447896832 -0.0686776210977832 0.441174561618864 0.576750549757482
-0.0740544844181721 0.00495563571681197 0.369351600728781 0.37799847766745
-0.0446673431512486 0.0371059662131871 0.161390466699563 0.124325292954491
-0.0286110022591887 0.0566865864236634 -0.0475047923619408 -0.128612426528688
-0.0382921180104438 0.0577813981977021 -0.297784416080637 -0.231953653095888
-0.0711721365129569 0.0308206270776871 -0.523340485887509 -0.311681899102501
-0.0886087800062776 -0.0296443304937431 -0.654549786734558 -0.265148061847457
-0.030226910085567 -0.113037020714035 -0.691792496054871 -0.141589748701592
0.0525843342823242 -0.0230971229969405 -0.65437897397438 -0.0387052539636336
-0.0456139811431417 0.0595631514091556 -0.536079041002924 -0.103258827149545
-0.10781951227312 0.00162567716307856 -0.16973450699239 -0.110590846369538
0.108393440259252 -0.000420517848573843 0.122951104996821 0.119998127948686
-0.00404636753365114 -0.123515960510048 0.471723650064639 0.138515161747702
-0.0717830126914693 -0.0308619235317528 0.615443968604477 0.0596484777987153
-0.00522711388868295 0.0700846725836797 0.660248986184564 0.14388643389374
0.0689674318458435 -0.00305384113677994 0.681534699785459 0.237669374488311
0.0397612038477148 -0.0482314129331459 0.601444183840074 0.279390182910458
0.0112238290954217 -0.0777128195979454 0.338526699693662 0.210241154774419
0.0133676236142249 -0.084703226426649 0.0992787708901062 0.0445907323148696
0.0237718526802631 -0.0831206688514965 -0.0987050557661277 -0.110843828924322
0.0504411351866294 -0.046401477543999 -0.252498944739532 -0.370619251635574
0.0574921218916265 0.017041888635301 -0.392694755407528 -0.562233408564426
-0.0235819193921523 0.0377134242336732 -0.480476685906582 -0.605013081064511
-0.0674313347269632 -0.0821347621759765 -0.513386316599229 -0.458957225135288
0.0427774606561967 -0.110729094187764 -0.484738970296894 -0.343598768657633
0.125526679310689 0.0162851676229408 -0.232017293670418 -0.19856935269301
0.0900845666358682 0.00255495526232258 0.102357889089912 0.115692057396186
-0.00839046839972646 -0.12772098168689 0.469234368547357 0.148157971815136
-0.0893792782994315 -0.0476779137047963 0.59617877059874 0.0831389325434543
-0.0416037150622492 0.0605363073619822 0.647771974293657 0.197912202271581
0.0367286346329065 -0.00556379646255516 0.693055654341647 0.274930154323036
0.0110327134264814 -0.0598781327811385 0.607514850982061 0.279037104604789
-0.017857298982726 -0.0938591158541622 0.338730644137586 0.180423913899385
-0.0192191106628 -0.106450520095637 0.0914082232032014 0.00937282381268107
-0.00983026716636938 -0.11000991937698 -0.103550233231731 -0.146552429508025
0.0182257221576253 -0.0832567215042607 -0.251322244485087 -0.386517191623224
0.0357626120240671 -0.0217942470720223 -0.393545037938919 -0.542926567352106
-0.0280569430539891 0.0142386499753489 -0.503924533159338 -0.555358509200234
-0.0834394181788135 -0.0827028416419379 -0.550662479002248 -0.421140364933857
0.00731500006280813 -0.122610481699321 -0.501145495410511 -0.327239775618191
0.0999738612941187 -0.00832268045761573 -0.248883048486707 -0.196644250809524
0.06036803887697 0.00260726840318211 0.0873351223508856 0.112451895939
-0.0150130469743283 -0.115246736858708 0.468717527277647 0.168600128979139
-0.0899569391935341 -0.0565182000764705 0.576462467853952 0.124714399787414
-0.0649391049226208 0.0342947388767518 0.617998764378205 0.275062878614056
0.00136347880189439 -0.0180676313595644 0.682941503953237 0.342766988145507
-0.0204307796204784 -0.0686875624924779 0.598918939445484 0.293485992622259
-0.0431383331955243 -0.0995477428297248 0.323511419423406 0.156812591313477
-0.0473237372307739 -0.110895473381466 0.0738904577141676 -0.0312547497618308
-0.0407128428700921 -0.117096828078598 -0.125765971431819 -0.185071773217444
-0.0196168958864494 -0.100010900796814 -0.280719818616051 -0.403427060343172
0.00239850909077366 -0.0515089789913196 -0.425800024644899 -0.513584960732242
-0.0374330536191016 -0.0156914572115811 -0.541297666347741 -0.484853198019436
-0.0857911006734846 -0.0786519162209276 -0.59091461585032 -0.350651007901154
-0.0250432675045532 -0.11462169555533 -0.522268212745758 -0.289678451957635
0.0607028727552701 -0.0270209768450549 -0.257209525142978 -0.184833182294365
0.0226419469969905 -0.00476646053470092 0.082021076138356 0.111614629030172
-0.0308326556336023 -0.0925258502715514 0.469881729126673 0.196876042039242
-0.075312172709118 -0.0512938206225285 0.552891714465747 0.181933313934998
-0.0672106314445466 -0.000896114536508386 0.575538941408405 0.368734986358372
-0.0290986548542293 -0.041466677049775 0.651385151269755 0.421193481454455
-0.0490018122359842 -0.0749736462698503 0.571486773863967 0.316884851795157
-0.063344841180033 -0.0939216753409096 0.297759608886491 0.136175848689119
-0.0666282683104339 -0.0978190405260037 0.0484125168710659 -0.071308056702096
-0.0649555757187572 -0.103705276137088 -0.159008623544401 -0.219470769257672
-0.0541077361751114 -0.0942333856755597 -0.327259469120454 -0.408593018184429
-0.0365470307734448 -0.0623295882583537 -0.475153850041229 -0.474078589905436
-0.0512412004573204 -0.0433833305995942 -0.584778588126172 -0.401524082436697
-0.0756583999373963 -0.0728984566426954 -0.624585577006772 -0.265484070602446
-0.0466070902406396 -0.0909355042752001 -0.53746131609645 -0.237894687574912
0.0146337396704856 -0.0319898182088327 -0.254830183290215 -0.164805487183089
-0.0174244697447104 -0.0185543068311997 0.0858333055064831 0.118602045760247
-0.051690522945021 -0.0634843488397142 0.465141151281612 0.235531468773888
-0.0519444861176256 -0.0320547381738606 0.52394755380951 0.252544985336495
-0.0482733531970034 -0.0364020043975686 0.524307465515667 0.461208218801777
-0.0480159560054471 -0.068381397026398 0.602004176454496 0.493550087526817
-0.0726923581813328 -0.0750431831976063 0.527186225004941 0.340171380321417
-0.0743907295211892 -0.0756534698364536 0.264303331246748 0.11989475161104
-0.075789458803411 -0.0697466296779768 0.0190054728960545 -0.104427850888188
-0.0770096366255028 -0.0709317734657994 -0.200366992228747 -0.241853824413403
-0.07914702690523 -0.0692629995447773 -0.38543781836435 -0.39622034499329
-0.0698751329567992 -0.056926052641903 -0.529719226952549 -0.416232027383769
-0.06511831111527 -0.064532277993185 -0.623871341957931 -0.309796879136461
-0.0570480321325187 -0.0651920858255405 -0.647305293602919 -0.180969320084864
-0.0578525618384764 -0.0556791515892645 -0.54674108893924 -0.184365292903477
-0.0307600708757837 -0.0264143524188412 -0.242368676520066 -0.145633731636925
-0.0532895816775259 -0.0303092686541726 0.0958467889679804 0.135190148001484
-0.0684496600979379 -0.0293403595680958 0.456228059418768 0.274237654855313
-0.019706052189253 -0.00576237843045106 0.493766068572385 0.328436693746052
-0.018964168321629 -0.0646923663378541 0.478563726245287 0.540739618158214
-0.0567766878365077 -0.087653923025449 0.542201557587394 0.547661931268192
-0.0853719623555989 -0.063070923806546 0.472954738316845 0.356499420566893
-0.0747836488919388 -0.0463860275875487 0.225114931079377 0.111214132389358
-0.0705623865853603 -0.0308890596912403 -0.0102417159661171 -0.126891064962726
-0.076836860616737 -0.0276322655890503 -0.240873447931164 -0.251281719797645
-0.0894107941290239 -0.033432216794027 -0.443108759114791 -0.371916189139529
-0.0904496824213693 -0.0441843308102133 -0.580927021823969 -0.355176661032862
-0.0690564288629257 -0.0821672656655871 -0.65446655898478 -0.228192636340223
-0.027177171631048 -0.0558372948294684 -0.655093724048269 -0.107116694276098
-0.0564117479379997 -0.0163540371393332 -0.549071836245907 -0.142657723355175
-0.0694910533440374 -0.0151428536121691 -0.221259128114785 -0.129099080860664
-0.0791098199524355 -0.0316151181757035 0.116273068866226 0.156785518587762
-0.0702412379233839 0.010457081181858 0.444073379951652 0.305580038893192
0.0210982068019466 0.0191680179069995 0.473380175605943 0.39102258319459
0.00841041084658299 -0.0828418764324475 0.446251529724442 0.591256656453185
-0.0605068805599207 -0.0887149458310412 0.48581268910156 0.573126107623094
-0.0864894139484548 -0.0352717906860701 0.41724645419413 0.36631525220791
-0.063913506834924 -0.00646758794876543 0.189083713066342 0.110893552549687
-0.0541915759547725 0.0139317682541131 -0.0326233778052299 -0.135160494524266
-0.0614156666948253 0.0179949159079487 -0.273702925118515 -0.246329189439997
-0.0860679765649127 0.00301487181955683 -0.490150676052447 -0.339759729948863
-0.0978207458385801 -0.0334471000548508 -0.621826179509069 -0.297430191039959
-0.0585558785393333 -0.0987256866032459 -0.675976418641578 -0.167930067217755
0.011614223160344 -0.0425773949719709 -0.656302455351328 -0.0555036705369286
-0.0509065767267743 0.0248846646566336 -0.542232650751674 -0.115162280319637
-0.0955590701140741 -0.00355440302532763 -0.195890493464539 -0.118221732071943
-0.0908486298135837 -0.0206492901902519 0.138945222784254 0.176563155919312
-0.0528948587515023 0.0474587101796039 0.438955916985054 0.329674215914863
0.0613593710621099 0.0351466222498143 0.468670154564348 0.432654406081144
0.0239581388436897 -0.088052454109509 0.433080137616592 0.606368760508223
-0.0583753214523567 -0.0678078165459025 0.439804530889215 0.573442551043371
-0.0739985494596475 0.00527101935022162 0.370028891944653 0.375124188117308
-0.0439969299438464 0.0373951387980869 0.161921180376354 0.123074749283356
-0.0282353902582769 0.0561862238783038 -0.0476499688335075 -0.127759400407018
-0.0368440825803999 0.0578519207403164 -0.297109025057783 -0.230057901702419
-0.0709663361062428 0.0308590588876354 -0.522763318823827 -0.31138122285999
-0.0884287063493081 -0.0290159314168312 -0.653606576398758 -0.263946546350691
-0.0311540928360483 -0.113111104383434 -0.689772071721366 -0.140060977255783
0.0529234958742145 -0.0231979013579984 -0.651421239437211 -0.0360866086991994
-0.0442372256296356 0.0597982468621184 -0.533004333442114 -0.102299884508098
-0.106953823762563 0.00257330680217088 -0.170494114913684 -0.110339993255387
