TRXV5
3
4
4
9
string Extension=J
integer IsArchMeasurement=1
integer IsSpherical=1
string Generator=SPM
string GeneratorVersion=1.3.1 Dev
double ArchRadius=0.449999988079071
integer FrequencyAxisIndex=0
integer AzimuthAxisIndex=1
integer ElevationAxisIndex=2
Frequency
5 201 900000000 1000000000 LIN
Azimuth
7 8 0 2.74889357189107 LIN
Elevation
7 15 -2.74889357189107 2.74889357189107 LIN
Polar H Real Part
13
Polar H Imaginary Part
14
Polar V Real Part
13
Polar V Imaginary Part
14
Polar H Magnitude (dB)
12 0xC0000002 0 1
Polar H Phase
7 0xC0000003 0 1
Polar V Magnitude (dB)
12 0xC0000002 2 3
Polar V Phase
7 0xC0000003 2 3
0.0322462036072688 0.0501249134246781 0.017694178972693 0.213359560018988
0.0473674204338413 -0.112400583558509 0.222183943951276 0.483001604760312
-0.0549753745238588 -0.125123755293618 0.402441598790981 0.5282559441706
-0.0963783693294386 -0.028182142829035 0.433812129694549 0.572381887194993
-0.0225933844846218 -0.0193505574059324 0.416835749634043 0.557892878516372
-0.00466224500750489 -0.073903509919842 0.354332005865618 0.45382959447836
-0.00116155314076858 -0.111554437284873 0.210261925826706 0.242910880331717
-0.00287644942003413 -0.120196554918068 0.0468360082022041 -0.0159819436015933
0.00506025865024831 -0.117135927705265 -0.130112788261974 -0.217882716981626
0.00828156923152317 -0.0772137072237798 -0.226352342618068 -0.459152764230583
-0.0316525612669137 -0.0372133924302525 -0.276289083771164 -0.62294869031018
-0.0914910345077966 -0.0771518929102935 -0.291420957196298 -0.702447754709816
0.000805681911304833 -0.17005743909797 -0.300235595760353 -0.627973757219962
0.0831505707172596 -0.0993497014397303 -0.213327187025425 -0.540628108168106
0.0279645807037465 0.0519475435111244 -0.045766927024893 -0.236412643558631
0.0265080249906695 0.057981600138732 0.00432287376908344 0.211062854088446
0.0631739688476107 -0.0936537193298059 0.176743285088096 0.513200907258804
-0.0321092982135048 -0.127900712938004 0.314128592884587 0.575855162654743
-0.0881855847103861 -0.0436164672613655 0.312770767730839 0.642458423192681
-0.020027273452473 -0.0232434748036367 0.328826888792781 0.6266834619278
-0.000800024543847023 -0.0746358447404655 0.316294068176925 0.474951295701443
-0.000292778239229585 -0.107761118352922 0.199145511713222 0.216314188467302
-0.00665646791015388 -0.115099725754484 0.043738906758278 -0.0659147387255429
-0.00424929852449509 -0.11111756649141 -0.143735181206229 -0.258210295518104
7.91599168116844E-06 -0.0758887107501439 -0.274271559643367 -0.456841372096265
-0.0321241321023145 -0.0299216928999902 -0.361514151139926 -0.567662298017236
-0.0900437750681684 -0.0546528092347477 -0.414422202351438 -0.625707533530973
-0.0200233919734186 -0.149887250433731 -0.40250432938372 -0.572891752330568
0.0621875417566695 -0.102735061452359 -0.266489900868168 -0.506582395915572
0.0303656473128289 0.044056362515301 -0.0592551637662494 -0.232869148193698
0.0183619770445692 0.0580854296563325 -0.00815428120987276 0.207207299106917
0.0619450736417802 -0.0640074773185071 0.127527575638154 0.53791239501608
-0.00807362936381443 -0.104997227063972 0.221542323237221 0.609615639769846
-0.0615445550955848 -0.0465314333068106 0.184145192030607 0.69357541090478
-0.0102043735628651 -0.0239735858594346 0.231783582550607 0.681588860699645
0.00233479511968854 -0.0649156705070983 0.27412388750612 0.491245596626655
-0.00116065104863264 -0.0888757706761686 0.189154875706836 0.192178955252868
-0.0105699536839333 -0.0912937309575099 0.039276582821088 -0.110914141704743
-0.0115750532735974 -0.0870428524343145 -0.16265983333773 -0.290198200447741
-0.00675123410946442 -0.0606140468212846 -0.320360731931013 -0.448872334994433
-0.0281752261976792 -0.0223150950990325 -0.434745989987793 -0.508439589601288
-0.0714976142998937 -0.0350916973152867 -0.510818636638713 -0.537319357642796
-0.0248071948839995 -0.113422762758131 -0.488050923710816 -0.505244538442681
0.0374796308846877 -0.0871794282530149 -0.316104647130514 -0.468946206285469
0.0248237424525777 0.0341227994799364 -0.0734412922304917 -0.226621928933701
0.0103528850757275 0.0476633746774042 -0.0169303636771771 0.201764534674896
0.0436373309258975 -0.0325893328094312 0.0852990946516775 0.555298815176939
0.00475925930970174 -0.0595110333277398 0.139796937420377 0.627667966823834
-0.0263169750972077 -0.0306540794145781 0.0716985336754355 0.719863423717166
0.00370993165952132 -0.0182127786844601 0.146158059215167 0.716370318051532
0.00167582490543694 -0.0455025983150876 0.238970443910455 0.500909920724509
-0.00549073616063321 -0.056454878357721 0.17988024966657 0.172307911281027
-0.0123615906947671 -0.0531688608032671 0.0340539255970766 -0.143434252059314
-0.0148451894051063 -0.0502555556261962 -0.183181003049758 -0.309938990317753
-0.00931777652184143 -0.0367082433871337 -0.361284536862155 -0.437585637366073
-0.019584235898551 -0.0154089773472034 -0.48308968817858 -0.452932773517548
-0.0392462191707164 -0.0260326085747092 -0.569755154399576 -0.465160249025635
-0.00965273401694421 -0.0720333942227013 -0.544408224591305 -0.442817891411832
0.0174685226211539 -0.058471523595997 -0.350965682581789 -0.438722530175685
0.0138303618471856 0.0264852089878718 -0.084448968777289 -0.220747046507049
0.00534582322766954 0.0308593609171492 -0.0208329024979184 0.196765470434668
0.0139582788683491 -0.00831521985101259 0.0547538587179078 0.561132669627691
0.00382225428544939 -0.00275152653367268 0.0854669015235824 0.637180250522669
0.00909908370957085 -0.00025118048448715 0.000916321717057722 0.73096071579166
0.0169215108106657 -0.00736077033008723 0.089679787587314 0.728623275121609
-0.00381894852256334 -0.0194488362586366 0.213100062142746 0.50280033820922
-0.0121198556248143 -0.0140294877730917 0.170974914796578 0.162540534225613
-0.012882474843971 -0.00585838140069678 0.0288103128987009 -0.158413142319016
-0.0138980516240953 -0.00445753559513588 -0.196818668188658 -0.317763079529047
-0.00714645232342037 -0.00883148648926316 -0.386241433881299 -0.425490738242207
-0.0077002976003132 -0.00951410163097912 -0.508878085242959 -0.421018565596903
-0.00197412681835426 -0.0250695798969654 -0.600587007355489 -0.4155260213859
0.0179318616391515 -0.0329200541254622 -0.570567355892417 -0.401525250605683
0.00291141481127 -0.0217359250183896 -0.36917705070898 -0.420525139212987
-0.000540889551234376 0.019577048418366 -0.0892506408971605 -0.216709324923533
-0.000911560427764769 0.0105654945325437 -0.0234991279163668 0.194723660482804
-0.0199969221961662 0.0122311316606926 0.0464869253995328 0.563835657504252
-0.00155622246250315 0.0543197193140265 0.0686117628912777 0.641274924596303
0.0427440670407664 0.0334864304004555 -0.0101013429820972 0.737067714435873
0.028201469147897 0.00444645433427903 0.0846144079990181 0.730297520988779
-0.0109443068453076 0.0095881920516048 0.204246467582746 0.505143160064611
-0.0166990977599794 0.0314768929956653 0.162875848176048 0.166078608521942
-0.0110068365447908 0.0433479307338228 0.0261898596703791 -0.1529716592422
-0.00916111445381072 0.0396685485714597 -0.201982248019999 -0.312344715642259
-0.00217727290264566 0.0192297235285963 -0.392967921190727 -0.419787170218298
0.006340260278334 -0.00734894869918699 -0.515617189448763 -0.415584073778493
0.0379789491516266 -0.0287380523899535 -0.606284614054192 -0.407381958504699
0.0506692009824023 0.00419041060362235 -0.573585983310089 -0.396575124113309
-0.00884024344999898 0.014579083720723 -0.372816068625215 -0.420655442124704
-0.0140832442355181 0.0122389835364003 -0.0893454968302525 -0.2163673046427
-0.0075587509346674 -0.00625857677966962 -0.0224773757288239 0.19695457384022
-0.0472743601443346 0.0349349283219537 0.0584285067876199 0.554263319513292
0.00353419366137634 0.102605678906249 0.096272281017884 0.643289827893945
0.0748139619527656 0.053020545077559 0.0434161433575778 0.735627786936756
0.0363661707499874 0.0129860768225027 0.121824329003375 0.718584896170375
-0.0155318158102337 0.0386267512474151 0.21495715658796 0.503380490850429
-0.018455369416938 0.0728879001500826 0.155548259760513 0.180643675627901
-0.00883800353125611 0.0882231035626181 0.0247448052512568 -0.130865837945785
-0.00406664607489534 0.0805932132265628 -0.19814616162097 -0.298443503782253
0.00382718219246884 0.0440230328986451 -0.38360758546581 -0.424108369488516
0.0202750307106648 -0.00510394454481162 -0.501399223549497 -0.43932115022103
0.0782117448249562 -0.0282935867604147 -0.584275706446882 -0.44001968219327
0.0773185258252559 0.0430396042623963 -0.552661484597176 -0.42143454416698
-0.0228471724123669 0.0449163647554938 -0.360423667783976 -0.443341662507151
-0.0238038267402434 0.00244815854375764 -0.0847933329769854 -0.220062209137407
-0.0162441697678332 -0.0159987516982777 -0.0155486311860888 0.199894176186716
-0.0585359514795008 0.0579879823751435 0.0898893196936986 0.539325898485991
0.0232752877217732 0.130515083195441 0.160343901404583 0.638167419871009
0.0994757264819968 0.0520923747590537 0.143492216375378 0.716644012168425
0.041177146037844 0.0161621128392149 0.194511721482201 0.688942912422901
-0.0140044189995343 0.06223677081069 0.238054945414249 0.497519679349254
-0.0137338827748419 0.103825657532587 0.151570636652954 0.205694190993687
-0.00482340663324906 0.120673174680635 0.0236359116098977 -0.0932391121692503
-0.00128058367613078 0.109541668670876 -0.18807525561065 -0.272174740986578
0.0066703450434421 0.0621878559041469 -0.356896522458024 -0.43304461120648
0.0325891628093753 -0.0025654339490607 -0.466189500067327 -0.487041235341419
0.110691652006837 -0.0203403282400741 -0.53309629377323 -0.503730132191609
0.0897574469836045 0.0793575730191649 -0.508378717393492 -0.47550306123038
-0.040222601389029 0.0635529890534811 -0.331919826931928 -0.473317592151644
-0.0277168663324787 -0.00982398353472063 -0.0762378039607899 -0.224482421054494
0.0324635087828746 0.0509573262781886 0.0173948176548675 0.212353099059962
0.0470676900102262 -0.110886368618811 0.219600532377431 0.480989275963924
-0.0552540970427346 -0.125339859866866 0.401337960578765 0.527371715047394
-0.0965904745907264 -0.0285165453115863 0.430151354667336 0.572565083735916
-0.0225438452647803 -0.0189587037818753 0.415122973438531 0.557655579528585
-0.00491794424592247 -0.0745563996123068 0.353723298038682 0.45316583656001
-0.00160313400523832 -0.110504996486994 0.208911373758124 0.242569677053856
-0.0025301661589935 -0.119298086245245 0.0460358973539042 -0.0156194940603739
0.0052071902557941 -0.116231891534445 -0.128670925315567 -0.217740490988643
0.00879725365915484 -0.0765444401780015 -0.225120974800906 -0.456944875694292
-0.0320263334771103 -0.0369758650326868 -0.276385151381955 -0.622693261585554
-0.0909382704818937 -0.0772260046079118 -0.292247931143806 -0.699448445811414
0.00103008476317502 -0.170398306609575 -0.298077662257574 -0.626533665059045
0.0831045265948893 -0.0990186815450668 -0.212621608153198 -0.539093455032649
0.0281580401996239 0.0526506760813847 -0.0452600647545011 -0.23594725798699
0.0269845851909882 0.0589866585151128 0.00356000506870688 0.21005012122087
0.0628613001596537 -0.0929901274791237 0.173809401950827 0.510849058706109
-0.0318039730028577 -0.128020804857757 0.313014086770663 0.574186065365072
-0.0878300847502194 -0.0436996043192414 0.312700492222641 0.640309653618128
-0.0200113152208123 -0.0229070873744281 0.327985121073691 0.623646374234913
-0.000463938129958339 -0.0748948091444015 0.31522058489267 0.473098241474372
-0.000594807368535098 -0.106984447397181 0.19851774381735 0.215607197424707
-0.00714337951683253 -0.115106704993038 0.0430400575709968 -0.0660160179858978
-0.00357593937338574 -0.110423131600132 -0.143633087456862 -0.257536834405154
0.000307508528579404 -0.0751631649609194 -0.272604832211895 -0.456177967532235
-0.0321370200147146 -0.0300949813257557 -0.359825747336471 -0.566448023877565
-0.0896031182024784 -0.0540569378355558 -0.4144228337723 -0.62330534577835
-0.0207215138235353 -0.149494162844412 -0.40088288816434 -0.570494642574503
0.0622623980387895 -0.101686782263047 -0.264582697952408 -0.506907030814988
0.0301953137581962 0.045472333841512 -0.0585839760939526 -0.231789284065602
0.0190703602246172 0.0593678429688832 -0.00833281579641434 0.204956294708841
0.062511827191388 -0.0624604520711864 0.1257220155192 0.536697367885905
-0.00782386742582783 -0.105059028080779 0.221229143843073 0.608185963311778
-0.0613902107813483 -0.0467480829414958 0.18084788664504 0.692506468835417
-0.0104469865628997 -0.0239833536167737 0.232673451920561 0.680530745980415
0.00153925584908946 -0.0646986132515853 0.275400169411204 0.490457035591017
-0.0021010468084393 -0.0891337234364314 0.189163575155017 0.190226093546933
-0.0102806625215983 -0.0916803678719574 0.0386088720762963 -0.110099673934483
-0.0126251450982711 -0.0864305894641714 -0.162531716832586 -0.28905963717348
-0.00689100874150812 -0.0603703396314511 -0.319739514032229 -0.445581269086137
-0.0279589560139226 -0.0225208372264342 -0.432274199402599 -0.505269048212479
-0.0712744232630339 -0.0351344938010861 -0.509819204574882 -0.536517798804429
-0.0248220255157642 -0.112827468698008 -0.48547789080493 -0.504359804408209
0.0374469404128127 -0.0873068998340784 -0.314788650636847 -0.46994060202615
0.0247310096862961 0.0348802948594717 -0.0736275283761954 -0.225937865309374
0.0106626402963898 0.04859895834346 -0.0168699371157671 0.200006602619962
0.0447398955594207 -0.0316635210513286 0.0826817415585096 0.552607891486153
0.00517212886822231 -0.0600279566688189 0.138978365196116 0.627351039142122
-0.026343418295301 -0.0305747343256284 0.0706995957525494 0.717710497602727
0.00377014217333827 -0.0177622797037022 0.144440140718062 0.712718405498412
0.00148873303636002 -0.0449362279164938 0.238381351830341 0.499105603419077
-0.00540724253836732 -0.0558175524634663 0.179452245728027 0.172242448477273
-0.0128225231445373 -0.0529972386202478 0.0336228072329407 -0.142771523281664
-0.0149513577361695 -0.0490629331651031 -0.182228948486297 -0.308950557131802
-0.00973654014365481 -0.0365679903656121 -0.36055422855964 -0.435830207891573
-0.0195607966929934 -0.0149820491540059 -0.482599298013204 -0.452772992309821
-0.0393069986786217 -0.0259109996419094 -0.570124522893787 -0.461423020100939
-0.00970575484305624 -0.0723094351979643 -0.54161892054976 -0.440394719016965
0.0170100248454933 -0.0578532847170216 -0.348671316520915 -0.438344707985765
0.0140089085016196 0.0265316801847276 -0.0839953758902556 -0.220875173852523
0.00478369476968661 0.0313792038698376 -0.0207318149455953 0.19606263754965
0.014103347493609 -0.00773173407443627 0.0541201405693688 0.561722629127525
0.00306823668959501 -0.00305852077886757 0.0850033118672725 0.636785951863292
0.00916557348580644 0.000305430735313892 0.000301099270053346 0.728852190263133
0.0173819146514159 -0.0071023092400739 0.0897796767814648 0.726653960247102
-0.00346912732162554 -0.0194537749167092 0.212085041323254 0.5022421741785
-0.0114205038286288 -0.0137728458081447 0.170599696423754 0.16212621417157
-0.0126960337159504 -0.00555477986123134 0.0290316926361137 -0.157953276367846
-0.0139517049521192 -0.00458124742423099 -0.195858311509657 -0.316646688249576
-0.00700749817088937 -0.00918246756015457 -0.38545927875536 -0.423223443057662
-0.0076927606616112 -0.00979772563426958 -0.507266365866444 -0.41998950261053
-0.0021080649645859 -0.0248157757561606 -0.600105811888759 -0.413184593675152
0.0178000259440977 -0.0327032363018944 -0.567438800572826 -0.401143707866962
0.00279166668104286 -0.0217258734765003 -0.368001602797845 -0.419235480309948
-0.000359286536269364 0.0194485763204839 -0.0895515797769905 -0.2158325471335
-0.00092607376273309 0.0113779427266864 -0.0238819693613904 0.194562246812917
-0.0196980272322423 0.0134348364416154 0.0450829322008583 0.562401794280401
-0.001698510671658 0.054009219427218 0.06742786819399 0.641972987385455
0.0422250487534154 0.033243716179807 -0.0107304871265314 0.735245292444543
0.0282752574045427 0.00396679907441963 0.0822677168698636 0.72760128637256
-0.0108339875883431 0.0092870203815847 0.20613843525537 0.503204136572977
-0.0178415773688579 0.0315630543845047 0.162620336065754 0.166057158622934
-0.0115370190844283 0.0429647772105339 0.0258144754249911 -0.15299702975953
-0.00937843645751743 0.0401395374921519 -0.201824986031614 -0.311538526025543
-0.00197597205584186 0.0191220492217971 -0.392395771287611 -0.418252096494294
0.00672022221024627 -0.0072160920519389 -0.513426223131363 -0.412454724648789
0.0389832897109538 -0.0288336600597494 -0.604753089968031 -0.40404811473843
0.0498641395438949 0.00456331215306217 -0.570749086025014 -0.394295862813977
-0.00880258351999665 0.0149017549543504 -0.371515425588937 -0.421073374774194
-0.0131612276404851 0.0124005110561833 -0.0884832654236414 -0.216163163809112
-0.00770353873809862 -0.00511682547033198 -0.0229179431927973 0.195435792690761
-0.0468967032238209 0.0355946720076801 0.0574675703613466 0.553677215930504
0.00346685243015391 0.102419515621368 0.0948628895860999 0.641222339745932
0.0742441050220098 0.0526211032022304 0.0410115020835674 0.733764026595777
0.0361358526432672 0.0133997374934975 0.122260131688421 0.717681131874807
-0.0154675204098872 0.0385142651546209 0.215473467844376 0.500558817443925
-0.018435986115251 0.0732703497459965 0.155275486311937 0.179890323692945
-0.008629742440509 0.0871436747828003 0.0229685464970474 -0.130618967175942
-0.00426959106122635 0.0802620940353691 -0.197239586349587 -0.296223834315679
0.00311825970852403 0.043317515849628 -0.382488182328879 -0.421850017388947
0.0201254930323753 -0.00526177927385929 -0.500595898504919 -0.436851340853155
0.078202802277334 -0.0285587294302757 -0.58330189078922 -0.435786236821793
0.0770485795411007 0.0422770869947218 -0.551950980181078 -0.418962080783148
-0.023269470805957 0.045670838124768 -0.3583901972728 -0.44081204641291
-0.0232022686160099 0.00262018197540865 -0.0842537268774442 -0.220451684646554
-0.0152798014511661 -0.0152871923679371 -0.0167413230439776 0.198716907339792
-0.0579440017733785 0.0585792808517946 0.0873549900284503 0.53925311183316
0.0229357819638472 0.129312858334589 0.16000160431292 0.634800855433573
0.0996584072511909 0.0517258532516587 0.141553803033463 0.71449465212931
0.0415393231042553 0.0156803430159495 0.194348998730313 0.686752685592314
-0.0137193028826891 0.0614645659910331 0.237908334385282 0.49475612940645
-0.0139389658933035 0.103896277204943 0.151745309658515 0.205121027894112
-0.00474264924873096 0.119815473171683 0.0232232286185005 -0.0932068414936748
-0.000987105024260386 0.109685788815512 -0.187060857323555 -0.270941466007047
0.00634560790225892 0.0617491164117817 -0.356668334323645 -0.430873574472903
0.032679503972044 -0.00261061801388476 -0.463528893100082 -0.486484060453053
0.11077771985573 -0.0191710855618514 -0.531546296200489 -0.500557455449218
0.0902446936345971 0.0797031690083433 -0.505353906330937 -0.474097225978516
-0.0405251630766567 0.0639152775651561 -0.330877866892185 -0.474062052156951
-0.0268655534269148 -0.0105080465029729 -0.0765925154737829 -0.224859987451661
0.0322363942028464 0.051684317849034 0.0168906762794069 0.211671731616145
0.048414795807984 -0.109929609549089 0.215997675535926 0.48065495966271
-0.0546449466589539 -0.125579458869973 0.398600450269488 0.525989800492181
-0.0963016605801652 -0.0284450039853085 0.429021087624705 0.569375321835145
-0.0223142800796694 -0.0192249726534781 0.415106908882585 0.555060489126545
-0.00459120383989637 -0.0737544992296688 0.35369772635617 0.45232676407117
-0.00225548611261433 -0.11089105301252 0.208421954845862 0.242247210047497
-0.00250252878089113 -0.119408167018494 0.0452729055818902 -0.0157399721880748
0.00542496867824039 -0.115828412326531 -0.129434552330748 -0.216484326145194
0.00855956940153042 -0.0767429293122362 -0.22427365101878 -0.456385453837561
-0.0318018069344315 -0.0364130169171489 -0.2734022182273 -0.621171937436459
-0.0909212931276057 -0.0757612148809063 -0.291703284373505 -0.697844540642869
0.000973445822106553 -0.171052950265028 -0.296364002385974 -0.62347240814457
0.0830092116497549 -0.0969786950478464 -0.208867135778082 -0.537809857166314
0.0288032717126424 0.0537215283740025 -0.0451854218102448 -0.235920664567383
0.026937210353473 0.0588477880971731 0.00254631123609152 0.209154285674042
0.063338547651102 -0.0913049531831315 0.171108619201417 0.511248040315554
-0.031637025496229 -0.128067552430125 0.311881304827282 0.573466387384673
-0.0877770177358188 -0.0437272976644531 0.310494828564701 0.640507115933753
-0.0200645907577809 -0.0226496192166299 0.327252571349315 0.622809284212732
-0.000854448393848151 -0.0738333315311818 0.3150281187478 0.47163681906139
-0.00130193445211473 -0.10802081094842 0.197396951336895 0.216392262006068
-0.00638115672536995 -0.114320166070983 0.0425421240487191 -0.0652240371000436
-0.00397801958771463 -0.109654227921421 -0.142508174774511 -0.255666240490198
-0.000771922035760384 -0.0747858699686962 -0.271478639112569 -0.455014801582209
-0.0319773842942688 -0.0300936538910587 -0.359050213330393 -0.565414121064824
-0.0897431710902775 -0.0536248464969333 -0.413816932028865 -0.621898540013706
-0.0204255903068057 -0.150357533147205 -0.397872765537035 -0.569228643039837
0.0625175791482838 -0.100755700835259 -0.262543607102031 -0.506601422065018
0.0303788618441823 0.0447655059551759 -0.0587723213042443 -0.232668679783727
0.0187564577320932 0.059086472106854 -0.00892433724502881 0.204457557901203
0.0630467558779022 -0.0615176887467783 0.123985000238498 0.535310260732578
-0.00715965375108267 -0.104675006184949 0.219015207861196 0.607177437421839
-0.061907139862555 -0.0468331957587671 0.181713468348212 0.692027066758597
-0.0103705314487465 -0.0230646381971886 0.23025423971722 0.678342868049904
0.00138867969582839 -0.0640751751047223 0.272915293108351 0.488828121979959
-0.00258010961135455 -0.0885313080347524 0.188320905840502 0.190383150719097
-0.0105115333762961 -0.0909296567130241 0.0372317759476462 -0.110439713509121
-0.0122682494167255 -0.0866042982213033 -0.162149461978493 -0.287880415801806
-0.00715014058757015 -0.059961388795537 -0.319738473689935 -0.445014799292866
-0.0282260475308834 -0.0222684356778335 -0.429531076756248 -0.505455700711285
-0.0702556723533533 -0.0348838861813214 -0.509971644241511 -0.5349884934752
-0.0248466362682914 -0.113671111306186 -0.482643779664437 -0.501582643177946
0.0372792165112339 -0.0864688558992418 -0.311446337007402 -0.467843626533948
0.0256904502274753 0.0348494971004304 -0.0722125948295818 -0.226599867180049
0.0112905418681208 0.0490572737161962 -0.0172572295165582 0.199223952916214
0.0439436046995251 -0.0308233629337728 0.0818598472678742 0.552559558657972
0.00554533440166888 -0.059740652322191 0.137174534019902 0.625248936020272
-0.0266635709928338 -0.0311557484835896 0.0688274962500171 0.71538787284843
0.00314681020216989 -0.0183788941731155 0.141856058339491 0.71116150435277
0.00160875075044239 -0.0451981991954697 0.237333918070268 0.497774597869062
-0.00644534093112939 -0.0553424458090446 0.179325687967421 0.171668184144753
-0.0125864369370216 -0.0526608006758046 0.0327937027750408 -0.142787333676721
-0.0149919022487935 -0.0481413584768151 -0.181820681748263 -0.308563063332248
-0.00983836640692364 -0.0365551059160712 -0.35975999877867 -0.433167864220392
-0.0198488852343293 -0.0153230618590458 -0.481910118104451 -0.451546146519536
-0.0387985757065439 -0.0257131346638256 -0.569357467978403 -0.46014979838109
-0.0101593701475254 -0.0723808802021079 -0.540084967716181 -0.439034826584427
0.0163513793720754 -0.0570589187493787 -0.347630817797088 -0.436989980406042
0.0140608604040037 0.0263313053578703 -0.0837856250658791 -0.220344792454869
0.00559260039767542 0.0318523056887821 -0.0215353824489439 0.194737990681051
0.0137614974074053 -0.0066765796024839 0.0517564697229679 0.559237366330121
0.00362881206602089 -0.00326546851194596 0.0826997037819587 0.634483969394243
0.00945687530333518 0.000108334344249483 -0.00103579207163756 0.725673708705922
0.0173722714888297 -0.00760781251927209 0.0885337243939094 0.725516736839396
-0.00415304769296693 -0.0189981034763245 0.213397753774763 0.502034403417801
-0.0120559697480748 -0.0139974860458174 0.169865847288657 0.161951046494205
-0.0127299262949484 -0.00545977216145171 0.0282512267456749 -0.157057830449447
-0.01335065470951 -0.00434466977277378 -0.195124637733055 -0.315683087784707
-0.00762122426894764 -0.008754252490165 -0.382919955124981 -0.422051164540404
-0.00758725402825477 -0.0105950982039379 -0.506442866862609 -0.419463841855962
-0.00152934285280686 -0.0247312195043317 -0.599866414631807 -0.411504520822718
0.0180454192562585 -0.033031625847755 -0.566035267663917 -0.400205541509015
0.00222979584633323 -0.0203262565602874 -0.364906311768696 -0.420115503173542
0.00120127064098185 0.0199565820640579 -0.0897622907490876 -0.216539883677784
-3.24726011611061E-05 0.0120706019829309 -0.0250918527175618 0.193030255185668
-0.0194955103543238 0.0140685905383622 0.0424987255529848 0.561578883769092
-0.0020945040528304 0.054050569701768 0.0668857726748063 0.638243198153129
0.0417214799925141 0.032363489979685 -0.0101826044466845 0.733225845376335
0.028562648281611 0.00502291068854312 0.0808019906178056 0.727225149842769
-0.0112643118752302 0.0098549884934225 0.20521914222191 0.501318244587707
-0.0177138870097058 0.0310568594313316 0.162531557392763 0.164980159280487
-0.0112251635352969 0.0434364977983975 0.0248642079054249 -0.152442521437386
-0.00893752396892158 0.040906896160242 -0.200323498726554 -0.311140338094705
-0.00255859252092189 0.0184873196093856 -0.391260182703452 -0.417201700623607
0.00629092867355537 -0.00758836487709135 -0.512641102773474 -0.414345848883467
0.0394180283484213 -0.0288640256407031 -0.602954403973011 -0.403039653486017
0.0503562035518484 0.00473634883871264 -0.569687787597551 -0.392903552806501
-0.00943310241131583 0.0155287415822871 -0.368618098298336 -0.419397478926508
-0.0119730125124284 0.0122574272945715 -0.088962582277578 -0.216358600604665
-0.0067529361753061 -0.0058093135655728 -0.0238824204152273 0.194086862355756
-0.0468996186483632 0.0358699638432458 0.055033002360709 0.553532466543865
0.00299527293560334 0.102574685485907 0.0929558591479359 0.640060981878584
0.0735991057850321 0.0528675733457666 0.0389726859843813 0.731918133306134
0.0365042931114886 0.0127443099607229 0.119695098762319 0.716297689563014
-0.0155282144398698 0.038480276235644 0.214826096112706 0.498994201082612
-0.0195912120842571 0.0736132657139547 0.154175977528304 0.179766991470542
-0.0082785720143076 0.086764584424331 0.0233633602053946 -0.130091951919741
-0.00369965034397115 0.0801428013312065 -0.196556477233629 -0.294844399184966
0.00258746174638699 0.0429553333626469 -0.381305947844368 -0.419961379599723
0.0204914028963975 -0.0055070667591573 -0.500052689076759 -0.43748122717464
0.0784674210239756 -0.0286802146455066 -0.583136624030389 -0.433356943721936
0.0765346259563647 0.0425047907069365 -0.548654855075143 -0.41907505321129
-0.0237313756436521 0.0471340849641535 -0.356623984888236 -0.440899786238524
-0.0226934347996053 0.00219097263323483 -0.0839426245954401 -0.219021166569259
-0.0153000714509934 -0.0156356056704048 -0.0165474808502441 0.197807750647033
-0.057121607415861 0.0584885157617483 0.0852898483372677 0.539347910718463
0.0226142566328776 0.12907453858927 0.158712346043883 0.63551341441155
0.0987481636487337 0.0517348698703741 0.142111660247989 0.713945381548387
0.0415540924033187 0.015533592534443 0.194456304455459 0.685155177394074
-0.013525999052331 0.0616946271399356 0.238156736632876 0.493596015292621
-0.0152321388841122 0.103320005135756 0.151692987211398 0.204949386805226
-0.00471154123002601 0.119730813391834 0.023171782226206 -0.0923404427691629
-0.00131517317235414 0.109660905434894 -0.187006367532314 -0.269667957385769
0.00649143681960739 0.0614144594592091 -0.354722820944673 -0.430140224265764
0.0327476863427832 -0.00275455484507928 -0.462968476886771 -0.483989985672046
0.110868382865088 -0.0192229533898444 -0.530312555047671 -0.499679047284099
0.0887669988251678 0.0803942640259526 -0.503899385249592 -0.472045562661259
-0.0408749535505084 0.063818140458967 -0.330033464589223 -0.472206433953649
-0.0261738086954046 -0.0107899337837316 -0.0755122052750467 -0.22410170313027
0.0329683827254922 0.0528299431249682 0.0160310759138044 0.211608763623693
0.0482695822520742 -0.108953199323943 0.215325592648381 0.481205749446798
-0.0538524827627811 -0.126465049706305 0.398673584329732 0.525568241559213
-0.0972260199766289 -0.0287525371568128 0.427812302081252 0.568057903436112
-0.022928157794237 -0.0184828523884105 0.41315069207102 0.554064689141271
-0.00458138527238499 -0.0736886538339967 0.355104099359729 0.452454899284083
-0.00288143989057088 -0.110955013052448 0.207245963911546 0.242079472133884
-0.00228114042050934 -0.11886658561661 0.0444214730394592 -0.0157707543719393
0.00521789570055793 -0.115234873882292 -0.128528636428954 -0.216207226782874
0.0080272481610018 -0.0767535093590081 -0.223671174437762 -0.454300288519287
-0.0316903961655552 -0.0364782456634314 -0.272731804050489 -0.619959998967602
-0.0905215528016515 -0.0768909537684106 -0.293467781810851 -0.697334507960723
0.0012853495127839 -0.170987486635184 -0.292725940454888 -0.623336068274625
0.0835504521675978 -0.0967434710939124 -0.207157164132678 -0.538670044902975
0.0293135909950781 0.0541453920347434 -0.044776677582394 -0.236440463864735
0.0266818211286985 0.0600965076095979 0.00152527202508519 0.208679345955515
0.063489026621685 -0.0904410229351294 0.169756480901345 0.512039763903731
-0.0310176080669418 -0.128502891379203 0.309406007233681 0.573381527054699
-0.0885331671523849 -0.0438842879813475 0.309172934413176 0.640045245583006
-0.0193533717426613 -0.0227438018896404 0.32559543599072 0.622947673184434
-0.000687527944353279 -0.0741448614234825 0.314971558945733 0.472754308542233
-0.00173050634704565 -0.107650156298858 0.196986837543949 0.215129980803932
-0.00639065064994878 -0.114129824522234 0.0410406884738968 -0.0650410492699728
-0.00380115675312659 -0.109649960085758 -0.141937262545405 -0.25547598848941
0.000468798335643641 -0.0750091108669043 -0.270155809802849 -0.45362380205566
-0.0319571445531297 -0.0301354865424943 -0.357946130840315 -0.564901423374356
-0.0896893729553346 -0.0537124497538149 -0.414713165057105 -0.619481148591231
-0.020746595935741 -0.15048735875558 -0.396645541127416 -0.568983760389598
0.0631195315291793 -0.099622113924393 -0.261925714237234 -0.505819828173813
0.0318297166187746 0.0464633864778643 -0.058716198848528 -0.23160503736521
0.0192023339570317 0.0602124530585545 -0.0101358678963594 0.204231808122843
0.0629576581493029 -0.0606721521521752 0.120992538978094 0.535321908936654
-0.00740009874757936 -0.105867824524373 0.217479513240134 0.605170166211334
-0.0619232962691718 -0.0473590291836615 0.178730514929718 0.689253592198206
-0.00995653323429272 -0.0229138481458237 0.22828733160383 0.676487016877425
0.00179593785230673 -0.0636804475615859 0.275124795556068 0.48904543448301
-0.00336069507050142 -0.0884646658019735 0.187734773458395 0.190319216552005
-0.00997365026193711 -0.0911034158381676 0.0371820055378342 -0.109894947052427
-0.0115502584501872 -0.0862331248786204 -0.162337712547292 -0.287867197704882
-0.00730382994679704 -0.0606810809283396 -0.319070296959642 -0.445135299641696
-0.0275201586516286 -0.0224929948968807 -0.429979710195675 -0.504931174068004
-0.0705395548108446 -0.0334812614880914 -0.50842286632167 -0.534374166430799
-0.0251907844826805 -0.113648103863589 -0.482048909755024 -0.500821214069367
0.0374109448424859 -0.0856812008354231 -0.310914772333907 -0.469509273009153
0.0259572538938688 0.036155050397277 -0.0720588646037519 -0.225997423600664
0.0113245880731941 0.0501568367200913 -0.0183225792572616 0.197859590044518
0.0446402100378665 -0.0303362771969066 0.0791229275166781 0.553817087700211
0.00551170820535425 -0.0604124819037598 0.134653160072395 0.625204132285058
-0.0267073481211235 -0.0306590618270443 0.0672494418927719 0.715761917831422
0.00354217619774383 -0.0176167709525117 0.140480713452355 0.710581714836052
0.00126017571998189 -0.0452198171847033 0.237720008524732 0.49713595267554
-0.00704925526543147 -0.0562541708638418 0.178938930885014 0.171551959826235
-0.0117413591506051 -0.0529343676533693 0.0321100984945358 -0.141875536269175
-0.0147781499759559 -0.0482617799331751 -0.180713821401832 -0.30689706124913
-0.0101199160285068 -0.0367800562641175 -0.357671634039308 -0.432492529883135
-0.0198675009284238 -0.0151575485291259 -0.479964615060209 -0.453269950647405
-0.0387224654041947 -0.0253146884863259 -0.56990881086919 -0.458284706197474
-0.0100130929955718 -0.0728355681841662 -0.537502375704689 -0.438788038446111
0.0167891904444704 -0.0567954195567997 -0.345119480148402 -0.437184298691587
0.0155326857027675 0.0271213563558023 -0.0834179710882431 -0.220883560678297
0.00586819315733345 0.0320651790139579 -0.0230277203481358 0.193972025925459
0.0144089465969295 -0.00614627012293951 0.050463583401776 0.560509008717607
0.00435692212145782 -0.00354572427802993 0.0821581822883406 0.634874791461334
0.00867455356433181 -0.00016420943688324 -0.00157617554341164 0.725136297130537
0.0177831487454141 -0.00732048775301368 0.0877710679313832 0.723142808883537
-0.00359577025179329 -0.0188074177683793 0.213576301260254 0.501035718976977
-0.0124787458131673 -0.0135465186362842 0.17033479059732 0.162667477880947
-0.0126111742986579 -0.00576186559830363 0.0274344031009203 -0.157504870674673
-0.0133613320786682 -0.00360107557828542 -0.194768945875631 -0.315012037565492
-0.00787020182414028 -0.00888103700327364 -0.383070071436102 -0.421001363153892
-0.00669012260109361 -0.0101706629551694 -0.506972385732005 -0.41865638308027
-0.00136859570027861 -0.0249634765505077 -0.60056949415771 -0.410876160834338
0.0178612306142271 -0.032359299335397 -0.565606503979124 -0.398463187601462
0.00188967439873066 -0.0202143514259583 -0.363573163116691 -0.419930899475086
0.00200932836275868 0.0198979108937754 -0.0885890089276461 -0.217233066276104
-0.000123509221947198 0.011855173882463 -0.0248303782977923 0.192263986635492
-0.0189124961416728 0.0143916053992392 0.0388804578539951 0.562153713752775
-0.00198827482910432 0.0537495144518953 0.0663884397608182 0.639010766557182
0.0422007039649508 0.0323471625832472 -0.0152390024230095 0.732429963477703
0.0280750819316511 0.00479893353874905 0.0794419726924415 0.724782795712198
-0.0108328295553983 0.0106117080563939 0.204974510035098 0.499612144025703
-0.0182181205307834 0.0309572193391009 0.161461251412576 0.164653773048897
-0.011229461127015 0.0429954983849814 0.0250249014195789 -0.152982272360212
-0.00866459535735725 0.0408639514250091 -0.199953517572527 -0.310110446214693
-0.00303348714977069 0.0189936782362917 -0.389671504247951 -0.415712512654467
0.00646652261805959 -0.00788034406913385 -0.511442817758982 -0.412892422587224
0.0390218264455359 -0.0293154374797926 -0.602252115448514 -0.4013697646657
0.0496722511635936 0.00446599414363619 -0.566688417830946 -0.392853040651532
-0.0094089744046053 0.0159442983781043 -0.366667152793766 -0.421264818343993
-0.011167306337282 0.0125874799503699 -0.0883562936017793 -0.216272746588204
-0.00569272514925541 -0.00489155553814414 -0.0241107227533491 0.193726024282777
-0.0457440418414059 0.0367864256892591 0.0531594859931501 0.553247825109421
0.00329236274602353 0.101742836072821 0.0932367479485442 0.642017305917431
0.0737958056293589 0.0527786378525737 0.0392331855104274 0.730251084177735
0.0364750516270334 0.012865790853239 0.118408926721676 0.712381286681814
-0.0153452602503859 0.0389265564491387 0.21543069445267 0.498283200121436
-0.0206610504643371 0.0732140005768718 0.154368157025731 0.18039239649675
-0.00797345038935334 0.0867857883109545 0.0227240481421482 -0.129255043568231
-0.0039315317647498 0.0807676868484376 -0.194949606050186 -0.294213536192814
0.00312123742856054 0.0433758115112827 -0.379114861604063 -0.418650762620791
0.0208492001081293 -0.00584627812208473 -0.4980310064907 -0.437655088082836
0.0782465381523295 -0.0286233309598097 -0.582309126615596 -0.431752031952242
0.0763023793125818 0.0428219583300928 -0.546417001663891 -0.418445573510549
-0.0235939480343662 0.0465770424407193 -0.356138054994064 -0.439953480509067
-0.0212280175495299 0.00208319345314572 -0.0835964405878992 -0.219466919726256
-0.0145978142638375 -0.0147000188157295 -0.0175728134539075 0.197211403559499
-0.0575722462552755 0.0585270325208097 0.0839942206994954 0.539075944883638
0.0223713342645151 0.129918330252822 0.157297865136218 0.632927225229601
0.0989480227205379 0.0519844115341802 0.141039461611672 0.711213602217479
0.0423020229611766 0.0156101956220105 0.192540037538607 0.684080204571034
-0.0137459942586493 0.0622654402285355 0.239164266746371 0.493883352203438
-0.0159181060044105 0.104270010130497 0.151160393864912 0.20526696814063
-0.00504238658155067 0.119444642288611 0.0226297427194623 -0.0924075529732593
-0.00141261514503748 0.10928449542864 -0.185941156030159 -0.26981359250251
0.00561438357387951 0.0614864919618973 -0.354212939621172 -0.428851492421922
0.032121087135889 -0.00317448161776792 -0.462639448918539 -0.483711024519454
0.11066563501582 -0.0199633615830902 -0.531631256160615 -0.497697015787644
0.0889925909952331 0.0802694825039199 -0.500792523342111 -0.47163571037668
-0.0414477343180055 0.0642131863284187 -0.326289290180991 -0.473741891653894
-0.0256463552224465 -0.011200404038604 -0.0757238631338198 -0.223389080359243
0.0332426068104487 0.0530287328273025 0.0156558214239551 0.21123645804797
0.0492031086457665 -0.107994219748749 0.212143299743222 0.481939620613365
-0.0539158721548194 -0.126776809382523 0.397532062559466 0.528081194228118
-0.0973433918916595 -0.0289161462779279 0.429459839310058 0.567410482660302
-0.0219506018860515 -0.0184695392499289 0.41408005072496 0.554555724673978
-0.00466455943114453 -0.0730881728364975 0.354870360580088 0.451252745607125
-0.00315912589468011 -0.110574706213395 0.207034839025169 0.24239198750414
-0.00155818471294421 -0.118993953568952 0.0435531613348391 -0.0160843932184288
0.00582910317665667 -0.115574808013113 -0.128573875303925 -0.215415071198205
0.00848353704001461 -0.0769613873144759 -0.222572301154437 -0.454209830628616
-0.031838965237601 -0.0364201323121299 -0.27157113250083 -0.619999429670037
-0.0900134652496054 -0.0755649728734146 -0.291483319213197 -0.694855572587901
0.000275002907582637 -0.171130243169606 -0.292409076987452 -0.621457797789583
0.0838666915889835 -0.0954106188121192 -0.205915129903171 -0.539326442848103
0.0297548480099438 0.0545345174984597 -0.044687848080647 -0.236883545893497
0.0274824864125611 0.0605644259085397 0.000687606795688406 0.208324819456513
0.0637735564502162 -0.089093697743339 0.168267405606603 0.512102735004632
-0.0304379220261183 -0.129941151713336 0.307073282320033 0.573623929334101
-0.0883577044417249 -0.0448830000926918 0.307151486441407 0.640773521546021
-0.0198103669950625 -0.0223628334847314 0.324832370256285 0.623534628738909
-0.000947687850635068 -0.0737497841244403 0.316232594822766 0.473076283194736
-0.00196542692697161 -0.10763855781061 0.196433676531537 0.215377976191798
-0.0057976124269382 -0.114598128317372 0.0415582322388124 -0.0654240579406075
-0.00356060204478563 -0.109405311453348 -0.141699211897848 -0.25428020414629
0.000539615658970021 -0.0750647094188181 -0.2715512529291 -0.452870930741588
-0.0315387435369633 -0.0296573562146256 -0.357023654407566 -0.566223856380656
-0.0894404593363459 -0.0531381066474978 -0.414089294351376 -0.620841232165409
-0.02065744539547 -0.150863697776652 -0.39504581450985 -0.568488163812117
0.0628542848081966 -0.099669434254318 -0.259632863920481 -0.505229466143998
0.0314060110384574 0.0467944374901055 -0.0582406497296144 -0.231868964852875
0.0197836460017105 0.0606881550449051 -0.0108827693867562 0.203532809681674
0.0634374755682817 -0.0595080078397957 0.118485589633474 0.535223874223816
-0.00636076709825777 -0.106132071689011 0.215651615176718 0.606524410438487
-0.0619606610640948 -0.0472581093884843 0.177462339863363 0.690341693097766
-0.00970344550069359 -0.0231197380398266 0.22758395264767 0.676975244433852
0.00195950495950767 -0.0634242245826412 0.275685290879252 0.48833265471342
-0.00349971502454049 -0.0887821495175619 0.187380706981467 0.190412120157045
-0.00991860025991165 -0.090181852048522 0.0370650519291949 -0.110095119046695
-0.0112527413941413 -0.0856100989737445 -0.161025042118895 -0.287112161703051
-0.00784070791836667 -0.0606806585989401 -0.318168501962514 -0.445019484019655
-0.0276156467320177 -0.0221551856937213 -0.428828717845511 -0.504893263904486
-0.0695064185078393 -0.0346498960784626 -0.509483627556042 -0.533188365749647
-0.0251386219916507 -0.114117296657102 -0.479934838461196 -0.501786749570406
0.0377855605914519 -0.0849596104125702 -0.308288426811275 -0.470339054254493
0.0270323247051799 0.0372055299730862 -0.0717194392690111 -0.227349851764813
0.0113371593942871 0.0501717924398345 -0.0191576407604245 0.197349229763923
0.0451151384968566 -0.0293936047723723 0.0753813152677613 0.553452281337976
0.00601943058643348 -0.0605603131391634 0.134811063715078 0.62609809187791
-0.0265986297185 -0.0314858031482732 0.0662793840219478 0.716179852223902
0.00373525792633219 -0.0173018850056786 0.141118356103399 0.709800919102931
0.00137740948655913 -0.0446771191174899 0.238761761843971 0.497619044941871
-0.00709147150972046 -0.0557042520747344 0.179095943161886 0.171951103216306
-0.0118461283982696 -0.0525547181908143 0.0317177050569083 -0.142064241070933
-0.0146306612845728 -0.0482399613803217 -0.180924616197466 -0.306518646689614
-0.0101414629167159 -0.0376525218206646 -0.358559032017804 -0.432128763553518
-0.0196043103425497 -0.0150575549703013 -0.480025191298642 -0.452727983452701
-0.0388627904622149 -0.025324932380121 -0.570578118398019 -0.457769016902438
-0.0103258121422922 -0.0730913920593041 -0.536709192246683 -0.439433182866587
0.016855250467166 -0.0558757941739962 -0.343867996930686 -0.4374681164258
0.0161155064339632 0.0267399729722099 -0.0833735608685761 -0.221012037938639
0.00574619824984461 0.0326221191273888 -0.0231181995455652 0.193535499096919
0.015100988043294 -0.00541797793266643 0.047497098793931 0.562039437146933
0.00363279401013443 -0.00421847940999409 0.0798370015138799 0.635286585775766
0.00831653703210519 -7.21248592815311E-05 -0.00445946745448153 0.724733549715502
0.0172751666763332 -0.00676900469091071 0.0855361008471004 0.723839650526585
-0.00344937197033165 -0.0189044826966041 0.213426670408654 0.499768522480277
-0.0129741164276017 -0.0136771159133125 0.169786635870302 0.162189016962787
-0.0127108769270916 -0.00576513005427197 0.0272479109045426 -0.156486631710205
-0.0133968549481251 -0.00281413075003362 -0.194417623893331 -0.313856904421433
-0.00752887421289609 -0.00870784948624062 -0.382839719882594 -0.420255260492281
-0.00717944067637693 -0.0107881918262225 -0.505741232818871 -0.419300462600672
-0.000986951915764481 -0.0256916068673288 -0.600105431080487 -0.408544433459136
0.0168733013458823 -0.033683445552898 -0.5625308950804 -0.398206356534404
0.0022578626797892 -0.0198069356995443 -0.362414279937069 -0.420131370113809
0.00228654279530252 0.0202030521727051 -0.0892377992064735 -0.217077204341867
0.000811028989622056 0.0123792160778965 -0.0260506269042311 0.192342411338471
-0.0191861839609112 0.0146187558594758 0.0371293983423481 0.563453820860073
-0.00222144655747763 0.0530556116706454 0.0625962809648651 0.640620242371752
0.0423527683221645 0.0322266676129272 -0.0155621499170269 0.733045689476128
0.0283189696995337 0.00437137209903408 0.0766367295774171 0.726196597913328
-0.0112593345408617 0.00997163734878282 0.204742802841855 0.500115965977492
-0.019254460482837 0.0319836062346815 0.16188638905763 0.16500122132123
-0.010997556863494 0.0430563219120353 0.0242779983623163 -0.151898912343977
-0.00876057662547058 0.0410768765769271 -0.199468842034117 -0.309861699231068
-0.00282072661551351 0.0183951445348784 -0.388835051354204 -0.416050934299857
0.00631601345069748 -0.0073521540693574 -0.512330614385177 -0.4131804350251
0.0392765006336166 -0.0296458621845937 -0.603561086955846 -0.402174826388131
0.0492379206573521 0.00422263083841898 -0.566647704112304 -0.39337643645104
-0.00962942180992977 0.0173066664266239 -0.365611488298969 -0.420308828281227
-0.011719518255686 0.0116080726572332 -0.0876682071315963 -0.217364867499868
-0.0061000243436905 -0.00507576745463424 -0.0249922195728515 0.193774663024025
-0.0461658828604375 0.0365925552458974 0.0510040559073549 0.554515077562818
0.00235843258349093 0.101538745144864 0.0903300294117992 0.64078185989343
0.0740023531579296 0.052366333741562 0.0356944216121694 0.72994228142475
0.0364273201942864 0.0129528321025992 0.116222045252068 0.713368343937341
-0.015183313601853 0.0386109569422273 0.213455022377297 0.497485202014243
-0.0213281851943628 0.0734822906473146 0.154453983640882 0.180602420682278
-0.00923648276226616 0.0864458887008276 0.022362183074208 -0.129597214197402
-0.00446475138057652 0.0799543704995229 -0.195452607461911 -0.294283718528345
0.00225051893551752 0.0438437649225781 -0.378227305386204 -0.418278995212257
0.0203794874386863 -0.00625238423678435 -0.497339892946564 -0.438448883794911
0.0788089903797213 -0.0287329545601241 -0.581397240664183 -0.432544473371097
0.0760940015493361 0.0426454245235452 -0.545452314201514 -0.419182183090675
-0.0237606019049356 0.0477379645949198 -0.354714714433998 -0.440573667882323
-0.0209414837214623 0.00122685677786063 -0.0831764835165351 -0.219654359034664
-0.0138761248698436 -0.0146121074026369 -0.0184947712306053 0.196735207631579
-0.0570266395286553 0.0587682136480012 0.0808535109876201 0.538306533569616
0.0215383510043335 0.129106519747498 0.15525917237852 0.634750311306877
0.0983092710399871 0.0517524620563682 0.138697949772918 0.712134964425607
0.0418127644644933 0.0157150922359468 0.190089456731349 0.683887348317278
-0.0137708784570363 0.0614190764194971 0.237643477260949 0.493583223261332
-0.0163467299521015 0.103694361526138 0.150976141170085 0.204963620369268
-0.0051947414758596 0.11932946717919 0.0217605120136434 -0.092043180267365
-0.000675161163858289 0.109489908294007 -0.185674165690086 -0.268763237403153
0.00539362048392142 0.061209071403011 -0.352959300814522 -0.428191346171942
0.0327244286595784 -0.00276662415580928 -0.461159171303746 -0.484153028784167
0.111040650417506 -0.019543753935693 -0.53063982387298 -0.49767909294736
0.0888285487653692 0.0802124959990126 -0.498803354718704 -0.472500805465107
-0.041373034134047 0.0653219948185571 -0.32510803296606 -0.474619016043765
-0.0241582151114542 -0.0117724632814014 -0.0757841793188114 -0.223679726130563
0.0332763787045349 0.0538880192133452 0.0145448198216536 0.210878890172851
0.0498623119514073 -0.107539409797805 0.208883355968944 0.482986600461862
-0.0537029335612265 -0.127871017461416 0.396548124859697 0.529366796222048
-0.0976393746217273 -0.0290931926786847 0.427937021364902 0.568894550631155
-0.0218328822035763 -0.0184553160356503 0.413515868384753 0.555294607735426
-0.00465600732865567 -0.0737980099335985 0.354685785212266 0.452707787413481
-0.00360325752579558 -0.110787991850955 0.20629501270847 0.243002536064393
-0.00142418248637154 -0.118748786620297 0.0431648451939226 -0.0151089868047282
0.00584670483800297 -0.115143997641529 -0.128283491070672 -0.214985682764021
0.00825797776202398 -0.076236166730322 -0.222447195425549 -0.455602364228844
-0.0313425501109621 -0.0360542208738937 -0.270728183493437 -0.621507171718445
-0.0903035915877315 -0.0754037211783069 -0.290731510044585 -0.695755955982273
0.000973415869201889 -0.171609621361275 -0.289317874110024 -0.622089293438674
0.0841113121187371 -0.0952271406070764 -0.204055724310941 -0.539667418102013
0.0302245988046086 0.0558945109123257 -0.0429814429635023 -0.236850915455824
0.0281090117634744 0.0613510265876622 -0.00043092791645291 0.208461591202112
0.0644622259393043 -0.0885444317344514 0.165192306912791 0.513467721212159
-0.0301097833185281 -0.129933941992414 0.307102534030195 0.574255073406958
-0.0889095008802922 -0.0454393948651359 0.306488427985504 0.640595796097245
-0.0190401774745825 -0.021990626991426 0.323152492523618 0.623270933716719
-0.00112264674508432 -0.0735297800379721 0.315679298153536 0.472359633852608
-0.00241914325036114 -0.108218835987226 0.196004568563126 0.215374498945079
-0.00510075081818792 -0.114529885701855 0.0405891585639572 -0.0651796338525281
-0.00296488706925555 -0.109469914638737 -0.142061060390184 -0.255231618314318
-0.000347506393125249 -0.0754610800333887 -0.267989499393427 -0.452966218974619
-0.031662543916862 -0.0307390306609383 -0.356877308541653 -0.567813457000723
-0.0885156184499037 -0.0538173971589237 -0.413704745423637 -0.620294476994046
-0.0208712388940582 -0.15178710419188 -0.393655265014755 -0.566932667153579
0.0627332676462284 -0.0986938732349522 -0.258109483919094 -0.507295140381745
0.0323286335838251 0.0472872448892063 -0.0576344280350479 -0.233015275786655
0.0196444517162402 0.0615684228034237 -0.0117723111893596 0.20257542448077
0.0633559316978211 -0.0584284725734092 0.115951320719485 0.53675307918445
-0.00632544497508599 -0.106748698382841 0.214726087274168 0.60784156102287
-0.0622224886917143 -0.04741918758553 0.175965678672265 0.690276364294915
-0.00955406586204441 -0.0230728518725891 0.227022401007895 0.677714530671941
0.00158423352021926 -0.0635548405561388 0.274955334068444 0.488184025212144
-0.00342339682885849 -0.0889615809844911 0.187189319478746 0.19101703641122
-0.00923927376882322 -0.0899811875121951 0.0362879753265622 -0.109738160824825
-0.010871824521969 -0.0857904312612797 -0.160638162146937 -0.287139588267816
-0.00687319190842811 -0.0607095869971954 -0.318033187739554 -0.444754662479579
-0.0277099107913774 -0.0230864164027921 -0.429445642846161 -0.506189120766978
-0.0695839474333991 -0.0346534494098845 -0.509784573201903 -0.534028209432466
-0.0245275826111823 -0.11467784916052 -0.479790011229598 -0.502005635994891
0.0377173562522126 -0.0839232087021795 -0.307408548662786 -0.470399674908169
0.0273778179500292 0.0374015207119861 -0.0722065898559352 -0.227552552294141
0.0112978886090707 0.0504901736241152 -0.0200166922441597 0.197452667791331
0.0455425751888446 -0.0284407699932061 0.0727297659331066 0.555905910078107
0.00602786483244193 -0.0607312199178762 0.132642612581563 0.626872772490141
-0.0270655576397042 -0.0315282294713554 0.0634602531323636 0.715852696372481
0.00437629307713957 -0.0172659606055137 0.138549672389807 0.709960813661624
0.00139452945916711 -0.0447095359770926 0.238024151485286 0.498886113583625
-0.00670388924266239 -0.0560491175603331 0.178524924872021 0.17243439134049
-0.011766325428092 -0.0523865307360268 0.0314839991257209 -0.141506685242668
-0.0151576783782166 -0.0477548076930367 -0.180407964962679 -0.307226320024079
-0.0100278647203183 -0.0365569375535131 -0.357724253852306 -0.432424490798116
-0.0194697649692146 -0.0153196833301264 -0.479573324140933 -0.454285195323305
-0.0386503081304962 -0.0261819975089547 -0.57104580864942 -0.457762763751323
-0.0104164715411905 -0.0731944807394168 -0.535297689775298 -0.440882416879236
0.0170351440448157 -0.055177109090991 -0.342723299276793 -0.440375583494783
0.0165788871191152 0.0280331571742838 -0.0825438697017413 -0.221818345719485
0.00575101000836863 0.0328960844961693 -0.0247705056054957 0.192691092783433
0.0150236927102842 -0.00470814705134075 0.0449545168147523 0.562241343652411
0.00390502661667466 -0.0044576368102564 0.0786449320967471 0.634954498310871
0.00876060885340283 -0.000385546298222841 -0.00716918448543049 0.726972197189056
0.0174318739747202 -0.00676001542230335 0.0844985853888923 0.725179962860859
-0.00414807488263492 -0.0192133890294284 0.213037680737094 0.499861549325779
-0.0136617421147146 -0.0136400277583718 0.170620827096855 0.162708799026004
-0.0123384649468604 -0.00600044176151299 0.0275416044481653 -0.156347234142361
-0.013419472318243 -0.00316657119028676 -0.193888510998535 -0.314022394743864
-0.00742659032728716 -0.0089934101245766 -0.381127705804429 -0.421642199819802
-0.00701895790016613 -0.0103401144972988 -0.505113694516614 -0.420785469067522
-0.000925804164789031 -0.0255834509171893 -0.599339457985214 -0.41144772909291
0.0169549028887761 -0.0333834022896308 -0.563990908540601 -0.399988025469866
0.00204817494014669 -0.0188367075995506 -0.363260238162474 -0.422453531456632
0.00282796158600261 0.0199340455073384 -0.0881798462039925 -0.217610891415213
0.00126274291120273 0.0123637359633119 -0.0278656797888358 0.191799129553676
-0.0189080234805721 0.0154952572069925 0.0363636348958016 0.563963879668488
-0.00174419660613156 0.0538154633960258 0.0625004196731012 0.639053749323325
0.0417360016897647 0.0325779666816577 -0.0186643071040711 0.732280506601778
0.0284970626149067 0.00469962916206989 0.0754650996032888 0.726028147352473
-0.0110229930931476 0.010250595723943 0.204948905737427 0.501405103734921
-0.0201103613046112 0.0320057394453727 0.162003736445053 0.165869311571541
-0.0119252319574734 0.0429259826332008 0.0239116881938706 -0.152215821058978
-0.00865391739429511 0.0413194381227691 -0.199459833831406 -0.309928999959758
-0.00308797574338732 0.0187028914033389 -0.389156645424853 -0.417929987237916
0.00681407108950619 -0.00812679508173461 -0.512446114131069 -0.414761547623996
0.0399760459889251 -0.0288405703570231 -0.60322537223232 -0.40137837597968
0.0490379239047419 0.00447871494743192 -0.56510957931865 -0.394002161937441
-0.00981509588922608 0.0172149529311545 -0.365912589038629 -0.423034981561379
-0.0101813864353117 0.0125357637040337 -0.0876605908061724 -0.218251144487281
-0.00539323494191268 -0.00476135594145936 -0.0261739097968838 0.193869224682863
-0.0456615222925883 0.0372744711746817 0.048271124964148 0.55617026030233
0.00248945332357797 0.101825169771845 0.088558006537449 0.64203997247923
0.0733116142437464 0.0530453887978279 0.0339037576489376 0.730549259784261
0.0371025096070359 0.0128653490543439 0.115592542230653 0.713566899294039
-0.0155088121915823 0.0383727971557706 0.215123158726517 0.498493907429392
-0.0220882028039302 0.073842308932376 0.154470286667589 0.18081711745955
-0.00895838302656004 0.0865260539932588 0.0230329485687141 -0.129525707146892
-0.00415970873490504 0.0810556785823401 -0.194714771143903 -0.293774765522143
0.00235592084737486 0.0432607098258321 -0.379024412971346 -0.418913298294645
0.0210088750302992 -0.00603687360630599 -0.499082496295214 -0.439393396722939
0.0790539655896201 -0.0293941557540995 -0.582080813263922 -0.432722819118502
0.076187851196577 0.0429245242358692 -0.545414494318665 -0.41942375445019
-0.0244481197283776 0.048351662535923 -0.352511972807627 -0.442424406185727
-0.0200171630522075 0.00102630999167972 -0.083655304785508 -0.220394139520044
-0.0135453197725257 -0.014829197670145 -0.019426781668776 0.195553431464521
-0.0572107719570037 0.0592294893890557 0.0801741778408923 0.541083487903613
0.0212171186786916 0.129865622221785 0.153990363405154 0.634491456716685
0.0985509118833801 0.0520149101464577 0.135472106128171 0.713116734715225
0.041973675751319 0.0153697534051388 0.189247693283159 0.683387918291785
-0.0137801001090291 0.0617954703714301 0.238340880016226 0.494071255365236
-0.0174612815122304 0.104284305646437 0.150449883863976 0.205771950637087
-0.00545970689710834 0.119091112148714 0.021536971243311 -0.0922180121679538
-0.000958578804698747 0.109646937781312 -0.18517589014365 -0.269825957852562
0.00571642745736948 0.0615335689012452 -0.351583752617868 -0.429579834227337
0.032924827683266 -0.00372633913374366 -0.460794461645542 -0.485269268760393
0.111766654864765 -0.019714967994936 -0.531337314957939 -0.497417661126328
0.0884041722863465 0.0802245455543947 -0.498551697898743 -0.472369442396552
-0.0415483039418231 0.0666142778144867 -0.324124857901651 -0.474774181044559
-0.023966061849817 -0.0122939785623456 -0.0753961812365738 -0.224362343686073
0.0338495713274614 0.0546531082856703 0.0139491029209599 0.211933314732368
0.0500515024967269 -0.106907803546646 0.207834272186032 0.484999038851632
-0.0533445210218749 -0.128418133210416 0.39528595140889 0.531375777262821
-0.0974786202565885 -0.0294586563451501 0.426148784999034 0.570771203369287
-0.0221709757542302 -0.0178094310059525 0.412894727363922 0.557061326514951
-0.00430780186142214 -0.0738039511408995 0.355801358718953 0.453746539806143
-0.00327642754820832 -0.111563915344352 0.207117721990285 0.243328374831044
-0.000558218134273179 -0.119428256641619 0.042029484924624 -0.014649803348325
0.0068796518972513 -0.115059513101348 -0.128035001217375 -0.215225392853936
0.00844137921886379 -0.0772773267960485 -0.222275368176993 -0.456157501957893
-0.0312373233719214 -0.036704764727385 -0.270884953547572 -0.623972375463736
-0.0898438910961106 -0.0760584950752677 -0.291566143439741 -0.69871767443122
0.000624384320127479 -0.172772230887476 -0.288640745510435 -0.623073916118131
0.0842019328203982 -0.0943216834474975 -0.202627718457339 -0.541599470800766
0.0315337290214978 0.0567736764450124 -0.0439236364692598 -0.238073839913546
0.0279909591592414 0.0629602971250178 -0.000445453490429468 0.208795769619212
0.0652113152531554 -0.0880590628267997 0.163039855040035 0.515273597281838
-0.0300060039463743 -0.13110104935566 0.306084168691383 0.577265342092553
-0.0893827945165013 -0.0449079085924886 0.305982482273536 0.642557042063379
-0.0194754061863614 -0.022244795341553 0.322536981674521 0.625420870618418
-0.00077987087986437 -0.0741069049372879 0.315918060944515 0.475240013212504
-0.00251665426463655 -0.108220353984277 0.196102655868211 0.217386784528443
-0.0046818071640727 -0.114783684441327 0.0397600781039876 -0.0645949338471746
-0.00281288332046563 -0.109625776243747 -0.141620365874598 -0.254677223008539
0.000297730727182737 -0.0751650330054157 -0.26804539941122 -0.453630663907197
-0.0313846207985525 -0.0296237175350873 -0.354736708642666 -0.569842929693836
-0.0886684979826377 -0.0538829982784718 -0.413938466096252 -0.624310815498237
-0.0208763205097234 -0.151853363005423 -0.392368373252632 -0.569591187976346
0.0635642531243166 -0.0977527272145243 -0.257829175654329 -0.509935002395307
0.0327957296101332 0.0489069054399982 -0.0575422290366889 -0.23455994136437
0.0195210927016458 0.0623273747148965 -0.0129649785480709 0.202923077030151
0.0646624137543488 -0.0579957230480315 0.1144229446845 0.539640498299552
-0.00647659461637796 -0.107333661037954 0.212812117016011 0.609766392475105
-0.0628225355804815 -0.0479466306299908 0.173797269769031 0.691306693879238
-0.00921275281528437 -0.0226146905049667 0.224874916795349 0.680039213391362
0.00208572107714925 -0.0638476004082659 0.275101898576124 0.490055682858083
-0.00394020304307501 -0.0893641528314159 0.186920676877118 0.1916966421028
-0.00931862468675184 -0.0911671111386308 0.0354416783284425 -0.109838273354797
-0.0113281261874387 -0.0857298169862018 -0.16092188698675 -0.287014416588639
-0.00738485261706209 -0.0608823931326419 -0.318304950434442 -0.446267864320621
-0.0278335401125819 -0.0224665963994577 -0.428364751275611 -0.507965218298699
-0.0690188383473665 -0.0346223080870787 -0.510692281875899 -0.535596574147407
-0.0252230090999397 -0.115459576175065 -0.478296748283988 -0.502385406286064
0.0373893297007235 -0.0835624427043902 -0.308154295617468 -0.47108417155262
0.0277924043630959 0.0380387799770106 -0.0713292180400427 -0.227948692651074
0.0114274654712878 0.0521409601097293 -0.0216474371307901 0.197170188228697
0.0464999301878264 -0.028001417424751 0.0708210217824366 0.55723373703858
0.00594181070073754 -0.0617771357441423 0.130225281876671 0.629028522746617
-0.0272759456065173 -0.0321923014940558 0.0615152074233175 0.716262843912775
0.00434037720485514 -0.0178980257761299 0.137714514270471 0.711280731050917
0.00132743159663639 -0.0449682818267255 0.238844633054124 0.498862788346607
-0.00766917785779903 -0.0555860742039374 0.179401165397669 0.172401372836952
-0.0117820772716242 -0.0528417556784658 0.0306274911510221 -0.141829494203353
-0.0143142849895893 -0.0474953293517784 -0.180532347120955 -0.30798686789497
-0.0104675095033931 -0.0367499395754925 -0.357037107555537 -0.432772243349361
-0.0194992483146504 -0.0156896276350438 -0.481705327043605 -0.456707335366342
-0.0386582066938369 -0.0257256629399497 -0.572646011124822 -0.458814437497709
-0.0103217667015266 -0.073681241141677 -0.53320410101482 -0.440506400859922
0.0175207259203641 -0.0547171637238212 -0.34274745013124 -0.442200622043945
0.0169693278486812 0.0284419681910325 -0.0832601388941104 -0.222595536422836
0.0067769052685077 0.0338328426625927 -0.0253899951312576 0.19331639645015
0.0150090344738436 -0.00427391542468499 0.0430851232864283 0.565258982059237
0.00408013398749934 -0.00481512192065031 0.0767187697875126 0.637203135372104
0.00863218126646836 -0.000246393454348238 -0.00768276135762686 0.727455780513088
0.0178416991381861 -0.00661960525050653 0.0824505824882459 0.726271669772445
-0.00367834543267418 -0.0191916510850193 0.213952061980843 0.501821912018353
-0.0140203134328698 -0.012973011660948 0.170499473777464 0.163708872744723
-0.0125512754315491 -0.00576814485448784 0.0265184476486722 -0.156959049479748
-0.0127032166588274 -0.00297779276463514 -0.193324522798587 -0.314826481663793
-0.00822806739721786 -0.00856351212881329 -0.381100285831246 -0.423016833169672
-0.00721916165177766 -0.0107497699124412 -0.506114521169242 -0.422370859442166
-9.92170281219193E-05 -0.0253205912184563 -0.602286067700999 -0.411666322831351
0.0173122222390053 -0.0339514545109834 -0.560323186403224 -0.401771105592851
0.00216537493851051 -0.0175685093708053 -0.361830436896299 -0.424349009120236
0.00321704282518143 0.0209665510276263 -0.0878677383519195 -0.219263945645615
0.00183016872732663 0.0130378290293025 -0.0289544669821935 0.191790796677548
-0.0182149609626441 0.015909828315643 0.0335384675928195 0.565642655568136
-0.00169346229607105 0.0530146363058156 0.0604802293173585 0.642540561286349
0.0417682229756159 0.0325125306489211 -0.0210154514935671 0.733493973365778
0.0289411068659585 0.00484864086216154 0.0750666504658385 0.726295377243656
-0.0109062130502146 0.00958251133093826 0.20573816082605 0.50140541849355
-0.0202656407713687 0.0322565688951938 0.162343013577463 0.166292965620942
-0.0112705350520386 0.0432308153147967 0.0234243423280527 -0.152593045436564
-0.00834288032030896 0.042367958053012 -0.198400343020236 -0.309411138520993
-0.00305925608925099 0.0190798939013074 -0.388778101384612 -0.415629915106481
0.00660866560040939 -0.0078249670775808 -0.512941615480342 -0.417395891372152
0.0399896181155567 -0.0293627329364077 -0.605168583201143 -0.401838760314356
0.0489787735309455 0.0053675308338963 -0.564887788298138 -0.394375858984894
-0.00970460570874737 0.0187797885680295 -0.36404713420446 -0.425438008817799
-0.0100547241985122 0.0121659145658172 -0.0885322097760611 -0.218902370556611
-0.00484694752050817 -0.00488578348663166 -0.0272035540088258 0.193525989750214
-0.0452314610318062 0.0371676141048588 0.0466876506221351 0.558189728103668
0.00153640354045716 0.101381873041786 0.0878432878685438 0.644491475771304
0.0732198974184646 0.0531190289566588 0.0312137369828062 0.732647368528521
0.0370849037831781 0.0131184152944575 0.114871890096596 0.71591131053978
-0.015958507340809 0.0384693277130369 0.214977640755117 0.498348818465941
-0.0221523578236317 0.073939819067558 0.155296058733573 0.181186482134957
-0.00976943395078683 0.0868895250958235 0.0218765881171799 -0.128713736934225
-0.00374170714224276 0.0813689389829671 -0.195146394213578 -0.294716021721322
0.00233599484326552 0.0438890378205133 -0.378418417877942 -0.420200284172922
0.020334568621127 -0.00623204953991153 -0.500257828258125 -0.440821175400223
0.0794569937748425 -0.0297147190298787 -0.583387001756034 -0.433290593488085
0.0753253020578314 0.0432672603768992 -0.54463164605699 -0.42025222746216
-0.0241784156305852 0.0489272533309445 -0.351802392091949 -0.444690868038981
-0.0197920690284137 0.000897636193654038 -0.0831930392728293 -0.2211275894411
-0.0131625451310362 -0.014950448418047 -0.0201569264953712 0.196519091151329
-0.0572151736303756 0.0592494250015017 0.0786008892849765 0.543040380204489
0.0209701391227699 0.128784324300681 0.153032275271473 0.638437195060378
0.0992271703174876 0.0527464647211083 0.132283269212577 0.714731964931106
0.0421644708276609 0.0152021196574155 0.187909191300069 0.68607279317936
-0.0145770624337275 0.0621113493569291 0.239766989302462 0.492243763044048
-0.0183997892498336 0.104829976448083 0.151364504632991 0.206348385173054
-0.00579763180873088 0.119517723020461 0.0211227447745777 -0.0913763895986754
-0.000625101714906266 0.110574724126966 -0.185338181812119 -0.269540403013617
0.00576900693216153 0.0616635885108231 -0.353151812230098 -0.429704965775177
0.0329306827583704 -0.0036975420604202 -0.461498142930364 -0.487218143453683
0.112517293032208 -0.0202881933598447 -0.532444125158898 -0.497884359304155
0.0881656164081207 0.0811446862848612 -0.497650492458678 -0.472515232923187
-0.0424611176714566 0.0669875342745509 -0.324914883745285 -0.478463150151405
-0.0233483386225488 -0.0126312690412241 -0.0753051573687597 -0.225397859256939
0.0342667037957466 0.0549703438292818 0.0131280210261767 0.21197170115582
0.0515290628508073 -0.106356265725652 0.208077449919629 0.48834459542645
-0.0531590857673959 -0.129961128264164 0.395571407097819 0.533184167678074
-0.0991603078273419 -0.0304724952347594 0.427765264361503 0.573832473650676
-0.021707467749609 -0.0178150340992553 0.414216911012972 0.557902077850125
-0.00383636064317662 -0.0737364690803136 0.357447350174494 0.455364967103811
-0.00372824780747073 -0.11172782718439 0.206941306976517 0.245160136865735
-0.000177225598048686 -0.119588816365345 0.0421228904445529 -0.014525143434082
0.00693867521737241 -0.11496589914285 -0.128472607129351 -0.216279376252191
0.00853961627277889 -0.0769611168243986 -0.22060980880405 -0.457127955902838
-0.0315334186751802 -0.0363798505476177 -0.271249256574384 -0.625952517119839
-0.0892885831716127 -0.0763847669975167 -0.291935117787901 -0.701076001634914
0.000842563550615384 -0.173930811502253 -0.28759096973555 -0.624895806245947
0.0848844440449246 -0.0942303166870768 -0.202648491362103 -0.544879799043408
0.0314453041267481 0.0575738707365425 -0.042915174834254 -0.239366630940671
0.0291362197287919 0.0631472596383408 -0.00233416928907246 0.208436758639656
0.066132634715962 -0.0875913265490421 0.160894522242437 0.517406185587685
-0.0299906513476601 -0.131771747959711 0.306070667680329 0.580330211014692
-0.0899187876047743 -0.0455321909545163 0.306012141169066 0.645261509533828
-0.0186027639250577 -0.0217158440584527 0.323187098758164 0.626966049861815
-0.00062595947580836 -0.0738675844963839 0.318482584913737 0.476453641918207
-0.00258733538588522 -0.108675279865451 0.197097881530069 0.21773566124245
-0.00435441318160612 -0.115330644601131 0.0384911406178199 -0.0642660076331132
-0.00240393763013716 -0.109624964735733 -0.142080440955836 -0.255563044413393
-0.000273300212186174 -0.0752705456868651 -0.268590422537513 -0.456414924868623
-0.0318957079244764 -0.0300232077443485 -0.357083607657537 -0.571638942814967
-0.088935719938858 -0.0532371684875415 -0.414962425095841 -0.624318852415229
-0.0207537616994523 -0.153358698371573 -0.393138449937708 -0.57145819566111
0.0638628119140904 -0.0978327071504882 -0.256423504203128 -0.511353145720512
0.0332488392948579 0.0499147668908008 -0.0568636738537118 -0.23624311672998
0.0202927657051675 0.0629465377554889 -0.0140392753011153 0.203417090064555
0.065817369701005 -0.0574744270989063 0.112655397891203 0.541655474664163
-0.00628465029267075 -0.108589590376653 0.21223902679808 0.612812380174394
-0.0630538691174659 -0.0486701269433477 0.174603385780109 0.693934442388434
-0.00949340319323272 -0.0225820627460669 0.225688262310363 0.681557910441877
0.00211925953728006 -0.0640070176242784 0.277653085987478 0.491017466825635
-0.0039061186453142 -0.0897172993897783 0.188213148940709 0.193017699958963
-0.00936308439831242 -0.0914035587912438 0.0352745686704939 -0.109634470395902
-0.0113401550639783 -0.0855609532354266 -0.161059898357989 -0.288442519967756
-0.00751084427020265 -0.0606357274101943 -0.31861957973181 -0.446896791550668
-0.0274220445422299 -0.0227670028174819 -0.42909749418416 -0.509807925829215
-0.0705880290452227 -0.0352945304730115 -0.51289656924083 -0.537006237986228
-0.0254492188079874 -0.11637199571174 -0.47999641132842 -0.503551657194736
0.0386991979828056 -0.0826371514820149 -0.305668296993582 -0.475486498302531
0.0278009759868735 0.0388401016593886 -0.0713110160445595 -0.230032392092771
0.0122259510379632 0.0524988164871888 -0.022379619919224 0.19781893681324
0.0464302527784048 -0.0272946468077867 0.0696376685172262 0.560372283297649
0.00601969709071724 -0.0627434224853475 0.12901677569446 0.631608286326844
-0.027437023905705 -0.0320579175957349 0.0604957563586028 0.720403284443128
0.00456079193804422 -0.0171378074321017 0.136784067615942 0.714058894518585
0.000946718166935026 -0.0449008265981114 0.239954903463922 0.501111964526385
-0.00869077259625948 -0.0563390268163311 0.18030503950824 0.173584367112686
-0.0116870160339104 -0.0529713098576374 0.0308822780780843 -0.142590023061599
-0.0144681277060428 -0.0475054786762007 -0.180623143646208 -0.308507001803844
-0.0096841374253227 -0.0368740130130137 -0.357960000969727 -0.435202933415673
-0.0196962705256371 -0.0157970315745757 -0.482961511480917 -0.458008071912039
-0.0382199008193337 -0.026026930795012 -0.575052919945135 -0.460612344618336
-0.0108796915923265 -0.0742709812470784 -0.536166509616108 -0.442654263911539
0.0172137103228786 -0.0542017874057877 -0.34216880379705 -0.444595584669263
0.0177789425026664 0.0290979314731819 -0.0824780059127834 -0.22389275643291
0.00698621687465796 0.0340509832523431 -0.0266865373486887 0.193171865722115
0.0160806731730988 -0.0039183203518042 0.0398291918285473 0.56700696810859
0.00346951831046423 -0.00516947735647926 0.076028878298064 0.639443152017111
0.00834914068261441 -0.000182636715219317 -0.0110817729826047 0.729317922310102
0.01843771240476 -0.00707739200041757 0.0808979526534741 0.727943204636683
-0.00385685131610221 -0.0190695708934997 0.214674296892003 0.502642166913565
-0.0152524179784732 -0.0134163175577662 0.171637641293165 0.164017063727757
-0.0124346877252923 -0.00633859965935044 0.0267688525084531 -0.15749323710885
-0.0126501712672431 -0.00303872307345891 -0.194237699587696 -0.315688456908223
-0.00805804454992074 -0.00911426538699461 -0.382648950519543 -0.424190829534757
-0.00700780934506961 -0.0112135533282451 -0.508449276459976 -0.42471386138422
-0.000369550523249907 -0.0258531494066073 -0.603665330157313 -0.411632681460913
0.0171434390544281 -0.0337207499267087 -0.561894449614532 -0.403864996939238
0.00221640175175306 -0.0177851224685836 -0.360954968066683 -0.426539394327275
0.00336636180028626 0.020798296188334 -0.0885485592827006 -0.219507757455545
0.00195973383966451 0.013207046899322 -0.0301105344734844 0.192120316056078
-0.0176543752098659 0.0163568540694101 0.0312567897380681 0.5684372603654
-0.00237554573945271 0.0534458507285565 0.0590327812174609 0.643602926629977
0.0412971976883467 0.0327287052510019 -0.0215085083451141 0.735278643417381
0.0294478869936082 0.00479677665037204 0.0716442713086456 0.730705667016335
-0.0107032784026635 0.010672462782037 0.206537114986069 0.502838918728521
-0.0210716952198803 0.0324577831047379 0.163193945497489 0.166408937777806
-0.0111910833940816 0.0433235875681667 0.0242608875705767 -0.152449471817504
-0.00835576781820458 0.0421121436968872 -0.198864859613734 -0.310903888244955
-0.00334203129584501 0.019279767377348 -0.388048697566123 -0.418408407432328
0.00696415310740192 -0.00807842814096033 -0.513113990194417 -0.418777964753757
0.0401709941958482 -0.0298014354052956 -0.608416552207819 -0.402808994555161
0.0488424757271768 0.0044404978022209 -0.566368629354728 -0.395671114118994
-0.00945588357891776 0.0195925945316585 -0.365219361421551 -0.429059279309311
-0.00931911593994459 0.0126932494427909 -0.088671385709929 -0.219685862911134
-0.00418194438375423 -0.00465791734084612 -0.0280518888987053 0.193448999686276
-0.0453620160479539 0.0377049239207408 0.0451446867341766 0.5600779005625
0.00178299057813478 0.101469571292106 0.0869465055633778 0.647272129601359
0.073631516792715 0.0529406296917722 0.0304661083695716 0.735489468770499
0.0374643261136499 0.0129538971714487 0.111533083418935 0.718285834524438
-0.0163015040138689 0.0384763315424009 0.217222822988926 0.499940963339208
-0.023260955548997 0.0748820420606506 0.155777310423471 0.182658574853248
-0.00990261589784555 0.0875135108034527 0.0221424379669571 -0.128848893946135
-0.00338701652605012 0.0817746845199271 -0.194961459837223 -0.294380515343
0.00161913596063795 0.0437886314466515 -0.379484912539888 -0.421424991844786
0.0212961139881944 -0.00687012019115775 -0.500496690445029 -0.442833358476692
0.0802586553192514 -0.0295517255698351 -0.585888530355361 -0.434332072471071
0.0755154539848258 0.0440940659375262 -0.544044948619495 -0.422489796240827
-0.0242940259402958 0.0498239409057829 -0.351633763335034 -0.447959460714166
-0.0190573100270357 0.00115280979315188 -0.0833899766053132 -0.222626887546933
-0.0124914985108703 -0.0146747995489135 -0.0215162955700316 0.196933563671563
-0.0564739208210213 0.0602226519911736 0.0769037446162658 0.546751757463282
0.0211084214240823 0.130188165812554 0.152899260870677 0.640742878072576
0.0986169270484458 0.053341123283013 0.13288296931316 0.717780224257005
0.0422734008326307 0.0152372446118673 0.186683706333767 0.687367070863362
-0.0144739007546459 0.0621184267745919 0.241323478846351 0.495169411973689
-0.0191484605632611 0.105829977096443 0.151624132302942 0.207224637344563
-0.00624911741522936 0.11974078609395 0.0203700981747116 -0.0918123220143078
-0.000750703055230824 0.110726019580645 -0.184671276756511 -0.270139069618135
0.00488845094530347 0.0619988419991923 -0.352737117266446 -0.431525227557646
0.0331188971741345 -0.00378739549963167 -0.463989137103713 -0.4898693510405
0.11284071106585 -0.0207568731020046 -0.532717737548196 -0.500786412742539
0.0881793708203268 0.082053117214609 -0.500152511845642 -0.476766826287478
-0.0428364921405897 0.0679915272686839 -0.323565550842851 -0.48005851709255
-0.0230737504065294 -0.0127018349172621 -0.0751508929134014 -0.226593061348032
0.0352229211211755 0.056121793481389 0.0118813380158183 0.213038715964318
0.0516942951527758 -0.106875137130692 0.204335490240269 0.491236190808751
-0.0529434278669738 -0.131032457584279 0.39810209735714 0.53717846043619
-0.10027895493539 -0.0303128996545081 0.429844216705639 0.577320265323582
-0.0219470768960097 -0.0173417491113891 0.414520629722938 0.5605103860857
-0.00460994627453006 -0.0739761081569922 0.358706409576059 0.458546018575253
-0.003655849895189 -0.111579971627271 0.20776161783262 0.246557370130366
1.1125182890292E-05 -0.120102717051158 0.0410565288047489 -0.0142767508861053
0.00710445765042585 -0.115447866281409 -0.129527892813306 -0.216889846933868
0.0084766705806902 -0.0773830682751973 -0.222065862612894 -0.459920157700097
-0.0318799106520491 -0.0365197460886067 -0.271986288756246 -0.630472119512231
-0.0905119789442621 -0.0764688545889716 -0.293927471610247 -0.703291539082702
0.00132924030296476 -0.175733878559469 -0.287969403045334 -0.6276701433762
0.085382514208263 -0.0938144891060014 -0.200784863697271 -0.547882386639374
0.0316476843392169 0.058937563258151 -0.0434136440576313 -0.240661689206502
0.0293969429551149 0.0643621469098861 -0.00257176314447447 0.209929687994759
0.0662100976290092 -0.0873755204035242 0.159113260217006 0.521385955318861
-0.0298850988144421 -0.133441115342917 0.305949427225608 0.58274960712967
-0.0913393270773182 -0.0459814494205803 0.30616044498916 0.64779122831137
-0.0192253949324752 -0.0213328354804606 0.324586557047349 0.630158148711377
-0.000737201976036152 -0.0745442250644614 0.320136679383284 0.478393101428139
-0.0038585206618708 -0.109532163544694 0.19841955092115 0.219655180373033
-0.00521138123635849 -0.115456253956512 0.0385171196342713 -0.0643042014494474
-0.00297800170512026 -0.110061852164669 -0.142153993440532 -0.256638314261108
-0.00022930352943241 -0.075776355376193 -0.270171398926582 -0.457921170892668
-0.0316310411886886 -0.0305401124479736 -0.358463680703877 -0.575459588425742
-0.0890051106075666 -0.0542778986692508 -0.416489882069399 -0.627685523628324
-0.0213084717863124 -0.154211821490439 -0.392058688531317 -0.575052786428221
0.0645115631198135 -0.0971863249002217 -0.255134185874198 -0.515825871771999
0.0330077656981362 0.0505494057738207 -0.0578799924541495 -0.237024146658512
0.0209204038870725 0.0636643298812377 -0.0149824488058417 0.204035489976498
0.0653636184927369 -0.0567795494397496 0.111717939688021 0.547736031012196
-0.0053754145704964 -0.109504510690908 0.212523262550076 0.616167834104544
-0.0638416160461604 -0.0488518640138123 0.172427953340841 0.698699985712567
-0.0093690484591933 -0.0231861682033193 0.225587882841719 0.684847651399314
0.00169238190326641 -0.0641889807010355 0.279031811241475 0.493175262223747
-0.0049610293273224 -0.0890830231550986 0.188952948698635 0.193943632005264
-0.00881198764240155 -0.0913236944622481 0.034516016881071 -0.109606127197339
-0.0107902270261974 -0.0852578988194477 -0.161815930934207 -0.289600901462904
-0.00773102539151822 -0.0612659312639482 -0.318023287625963 -0.44952183458901
-0.0280545352773214 -0.0223462769101062 -0.43255910213525 -0.515100023558175
-0.0698188008008177 -0.0351413906614847 -0.514357553151585 -0.5380926538652
-0.0257632625052994 -0.117404114193551 -0.479416622416267 -0.507628562597218
0.0385130298700846 -0.0829547788545165 -0.306066069446788 -0.478443591624355
0.0294433946169359 0.0400351432034041 -0.0722330105493438 -0.231576679702596
0.0129502574673854 0.0532003361152714 -0.0231207947780412 0.198001863905943
0.0478225989813467 -0.0270583208994635 0.067475399661711 0.563351035870998
0.00612051334413178 -0.0628595714835449 0.130248081336545 0.634762987484443
-0.0277880088806105 -0.0328324761027318 0.0590532045965514 0.722929338331083
0.00444117071604696 -0.0178423821990038 0.135108175476492 0.716702834738518
0.0014802225717167 -0.0445646517379503 0.241027058673551 0.502676124654997
-0.00862166215756362 -0.0560757933665486 0.180733077779309 0.175313857926905
-0.0111331646736975 -0.0535944854041778 0.0304483903083878 -0.142131864761762
-0.0140791103265988 -0.0478026982234368 -0.181224477525236 -0.30949552293185
-0.0102424911837558 -0.0372636433822445 -0.359120765131057 -0.436220297245361
-0.0196914025538834 -0.0155524681802537 -0.485224418482044 -0.460012115867121
-0.0380481842170637 -0.0264456008388727 -0.576618020101341 -0.461541303636357
-0.0111316233473772 -0.0752263611142198 -0.536915984981784 -0.444564622082937
0.0176630465204019 -0.0538634549526473 -0.342897588506452 -0.448008224851659
0.0180152997348142 0.0294874714026937 -0.0829591340491997 -0.225589534099027
0.00718297506408501 0.0343258559547693 -0.0277137074874989 0.19353799623397
0.0161750960256871 -0.00288332670461416 0.0390394207272736 0.572048428625891
0.00395708119874559 -0.00564796357686131 0.0750847700689945 0.642898474358005
0.00785442018142278 -0.000754029753362215 -0.0133335484463963 0.732919957102003
0.0187028902191073 -0.00692341704912825 0.0807561893041602 0.731660305282983
-0.00418201393881769 -0.0189012915514066 0.216001490435804 0.505755750364259
-0.0158887657210256 -0.0127228080776534 0.172618699196288 0.165163681780834
-0.0125003519572591 -0.0063483492604574 0.0262257604443464 -0.157306902760512
-0.0126107691425486 -0.00245898831095847 -0.194585710136037 -0.316627038818511
-0.00886690224551155 -0.00877335672548115 -0.383378241805665 -0.425396781316459
-0.00777178559055713 -0.0109031096176132 -0.511799883912287 -0.425943202579092
-1.98804252784174E-05 -0.0261268747853249 -0.605527729638524 -0.413594468669706
0.0170129404052471 -0.0340287409828981 -0.563369622873942 -0.4061868544693
0.00195859819606285 -0.0168803499931841 -0.360727859801296 -0.428871671910824
0.00438079188883793 0.0207210929152038 -0.0895931581330615 -0.2214305274351
0.00224606130287594 0.0134219380378554 -0.0310161972506612 0.192539004138713
-0.0173062190222453 0.016017325533371 0.0307982209114793 0.573599989708885
-0.0030768070383167 0.0523772700106159 0.0583754404131232 0.649254781357856
0.0411459037451741 0.0328879974711076 -0.024474714040515 0.739521446722642
0.0293046619057466 0.00505175435701209 0.0704599996569966 0.732160045503457
-0.0114637184947844 0.0100269783223123 0.207609131977443 0.505056512703753
-0.0222580249561651 0.0324500256761069 0.164592084699082 0.167987321192382
-0.0119885707154205 0.0435727569799361 0.0235375786428559 -0.152767556726838
-0.00832582486077379 0.041822788923379 -0.199971099604968 -0.311893891380544
-0.00341691024230403 0.0194123127820059 -0.390183985690222 -0.420805899810515
0.00623283174566719 -0.00809186935517565 -0.516689818884193 -0.419550970866788
0.0407405008898548 -0.0301478837290974 -0.610378032604051 -0.40313273353461
0.0488650307293154 0.00461078885239707 -0.567888792009343 -0.399231801899495
-0.00986664597754898 0.0201417027663157 -0.365131874573995 -0.430838156436783
-0.00849549634810652 0.0121224280258012 -0.088212999357866 -0.221547206178229
-0.00380636220349894 -0.00440066297515685 -0.0288137614671683 0.193645027574367
-0.0453900438860693 0.0377871257544548 0.043998209103361 0.564363217520291
0.00131992531947505 0.102381285637855 0.0854216012965883 0.649346545438513
0.0734827559879905 0.0544165870503909 0.0282351961856908 0.738490285001867
0.0379453373691759 0.0127292561075546 0.110614447928422 0.722085821115796
-0.0159936099948857 0.0389830173087403 0.218728028075805 0.501707807217271
-0.0235451534365883 0.0760199760998441 0.156926926272085 0.183505026077214
-0.00941010314288684 0.0873615450463517 0.0212798490173021 -0.129954153264078
-0.0037308830596866 0.0826916752366799 -0.195140632183102 -0.29598160931977
0.00212784310336273 0.0436685465506906 -0.38117808801354 -0.423253911224251
0.0209808680134258 -0.00693405386564678 -0.504044045594033 -0.446268762165054
0.0807494270382657 -0.0303340358612765 -0.587815804243378 -0.435135210844024
0.075920758826204 0.0447732728777876 -0.545297757151227 -0.42514052313914
-0.0243213349081833 0.0506817557399733 -0.353338194710424 -0.451615271413284
-0.0185441856580794 0.000630524536575156 -0.0837032602325369 -0.223900519263718
-0.0116029357299145 -0.0147567017074469 -0.0225261508971665 0.197245601400875
-0.0566198356782312 0.0603411853408201 0.0753127986298563 0.551328799585728
0.0206010023062888 0.130852001915192 0.151000150570062 0.64416066609673
0.0993539020941368 0.0527423435875716 0.131986417454443 0.721004802550854
0.0421791769910847 0.0153249416422346 0.186528844469798 0.692615072514192
-0.0137371485479379 0.0619726437127452 0.241614153735646 0.496192445447154
-0.0197591899275205 0.10652308293369 0.152655649600617 0.208545371384125
-0.00656533415333975 0.120537709411936 0.0210868284110531 -0.0911974126845101
-0.000846943734532596 0.11098180439923 -0.186353076606647 -0.270564298126992
0.00529696166057338 0.062099796233835 -0.354886290941306 -0.432395073605943
0.0335197625548015 -0.00371523168589135 -0.465988549252035 -0.491427424114117
0.113294096281403 -0.0207578553981252 -0.534495370540207 -0.502098758540656
0.0887219149463878 0.0825310450388294 -0.49990145922721 -0.478845756793926
-0.042465598183546 0.0687082886224243 -0.324670023854378 -0.484704140587366
-0.0222607659141893 -0.0133363503546888 -0.0757768205875738 -0.227244601916764
0.0353636755054339 0.0572624421962774 0.0118671872944521 0.213725609604391
0.0529791731600581 -0.106385509996598 0.203827318290079 0.495136588288103
-0.0533226005111577 -0.132358676085071 0.39829595842378 0.54120037212421
-0.101306215067184 -0.0312288842450391 0.430641352647824 0.58022535274664
-0.0216407197791014 -0.0172651938275043 0.416786398950651 0.564413798696458
-0.0045230413899456 -0.0742702344408773 0.363077545740872 0.460810101326472
-0.00481280441375921 -0.112898266152281 0.208954062806191 0.24824530057041
9.83084433485894E-05 -0.121157784793772 0.040403347979076 -0.0140877898981023
0.00766827581297939 -0.116169734584123 -0.12974974586292 -0.217289739658961
0.00837546464974123 -0.0776786662305747 -0.222913093270481 -0.460837529617773
-0.0317998447465311 -0.0368825195013191 -0.272474080829142 -0.633348553087272
-0.0902602666042882 -0.0770339469885675 -0.295761353054776 -0.706729798603361
0.000907534413228356 -0.176405073477101 -0.288025307238998 -0.630710340487237
0.0865681152822711 -0.0932444789528917 -0.201950560503346 -0.552511227141211
0.032272244511992 0.0591297739687536 -0.0441940560084011 -0.242379218635334
0.0302194465102286 0.0653516152783247 -0.00299253473893403 0.210961211752583
0.0678813339256801 -0.0872718904949188 0.159631053817085 0.525578317227311
-0.030024762895833 -0.134846059400609 0.307869913992447 0.585948202761125
-0.0918724337202369 -0.0466424476192562 0.308639256749063 0.650682638332914
-0.0188898370266139 -0.0217292481101884 0.325542614615062 0.632619474897741
-0.000373442211710164 -0.0742681385459776 0.32242413216792 0.480431962717757
-0.00353593892764952 -0.10944820865299 0.199652030606906 0.220910316662869
-0.00417861690487389 -0.116107655661184 0.0383423109794438 -0.0645375431585428
-0.00286562809541526 -0.11017905687148 -0.142941521566753 -0.257454205664149
-0.0001435009971235 -0.0769472368744277 -0.271743967049777 -0.460258602133144
-0.0319237333507146 -0.0304070150225936 -0.359217933894346 -0.577188372631164
-0.0893809575208367 -0.0543559759710678 -0.420857101146315 -0.629130146611048
-0.0210007818483649 -0.156321239971286 -0.393305953853633 -0.57844428555632
0.0651782655479591 -0.0966812840368214 -0.256165044268447 -0.520763561674012
0.035101664137625 0.0511395813853533 -0.0582555970016384 -0.238527024299947
0.0203773282584387 0.0643650066719865 -0.015371195948719 0.205122393292632
0.0668883872338909 -0.0567226679504909 0.10918111370199 0.549764348219059
-0.00584581072328505 -0.110612236365941 0.213299691059098 0.619771849236802
-0.0645844970157151 -0.0493749144202808 0.172383201848953 0.700028943290771
-0.00958907842040746 -0.023016451780726 0.22613688257214 0.689690751892003
0.00238847642802501 -0.0642813613539362 0.281162411500376 0.49571581157297
-0.00551050687085284 -0.0900486271626477 0.19064164178329 0.195204219131434
-0.00875949236996801 -0.0923460582473253 0.0341958520689578 -0.109998344432891
-0.0101401963149496 -0.0864859135717006 -0.162800114677987 -0.29037466226355
-0.00810532669850038 -0.0619623250646458 -0.319946676247175 -0.450489813244562
-0.0275654386817002 -0.0227237747584833 -0.434722965672716 -0.516926102050885
-0.0699561266365061 -0.0353669674057463 -0.518946090067455 -0.540770423170389
-0.0263090208088894 -0.118201267845184 -0.480499488600681 -0.509915447308233
0.0392822320626205 -0.0831615504907912 -0.308690431299506 -0.483333686178275
0.0298395042499794 0.0405695352586435 -0.0726042616680781 -0.233603277775353
0.0127266985911511 0.0541000998554595 -0.0242225091728815 0.198907379750434
0.0474680353448359 -0.0264105548318416 0.0655603538945014 0.568939223034456
0.0059562409123216 -0.0638120356124855 0.129720834456816 0.638076706973804
-0.0281764709061027 -0.0323259704852415 0.0578987759679209 0.727099682219181
0.0046713520395374 -0.0169523152445664 0.135130781456269 0.722539980827029
0.00133909494034785 -0.0451002004994239 0.245593933662501 0.505293650140949
-0.00935370158931726 -0.0556651398867474 0.183020407218698 0.17570142123307
-0.0117649095466596 -0.0535253873873398 0.0305065994098787 -0.14263581573379
-0.0139187516386362 -0.0479451900925171 -0.182271416402432 -0.311187897251182
-0.0105902633505362 -0.0375863052691582 -0.359278061842137 -0.438854425934662
-0.0196895712229244 -0.0162713505865007 -0.488185356991221 -0.461385567127994
-0.0381240507978973 -0.0261851316480571 -0.581987178142868 -0.463424121981205
-0.0121215977338164 -0.0749276654223455 -0.537894710975859 -0.446576078035495
0.0173026827628952 -0.0538205428421512 -0.343940675686325 -0.450877962192472
0.018822335856117 0.0304658270726726 -0.083568103848353 -0.22693082615268
0.00760713655593319 0.0355840957654064 -0.0284814411745945 0.194621889539908
0.0170240712436386 -0.00329552084057761 0.0378162162814565 0.576466668331439
0.00345857592266767 -0.00608369146731321 0.0749866141403438 0.648968930405873
0.00701950613073098 -1.61135204271457E-05 -0.0129203077354757 0.737868196724567
0.019122369751811 -0.00646891606468077 0.080524613528256 0.734565612389008
-0.00393195670243774 -0.0188257003294889 0.218275362046789 0.507732933886634
-0.0161949540289573 -0.0126886515713646 0.17377826996111 0.165797838680135
-0.0129215504525295 -0.00590342067613165 0.0259481427369002 -0.157376734153306
-0.0132609670947817 -0.002443433478468 -0.195838035958466 -0.317181322273464
-0.00846434765813225 -0.00912897869884955 -0.386354182183087 -0.427566645087594
-0.00741003853963494 -0.0110756336194545 -0.513702293433398 -0.428584621308558
0.000350071480830245 -0.0260088714718118 -0.610565202540555 -0.413676212978396
0.0166744910752831 -0.0344306432272414 -0.566292195585077 -0.405932808684047
0.00210679157850021 -0.0165096098819709 -0.363493399990769 -0.433153432363767
0.00527924122999896 0.0217574630334593 -0.0891348746385816 -0.22252426245093
0.00300034774962821 0.0136343265233327 -0.0312632327937888 0.193084935134575
-0.0172103077424906 0.0165286231402927 0.0293098249820163 0.576290442863111
-0.00294575744477367 0.0523292149439457 0.0575394950086514 0.653384824859079
0.0410724197230522 0.0336254557625477 -0.0262826482628212 0.743227359078498
0.0297404872709373 0.00497607395749152 0.0700416603147549 0.737518879026002
-0.0111785657094166 0.0103098438865362 0.208978253007249 0.50616470485828
-0.0222202685157677 0.0331523382887561 0.165833267222478 0.168632464747954
-0.0119829912890884 0.0437787287932607 0.0235521083165719 -0.15309375330894
-0.00827759222862716 0.0423444737414023 -0.201318918060048 -0.312546450430929
-0.0027158156919266 0.019293807204161 -0.393834841115615 -0.421775389170022
0.00643522423282917 -0.00883899990114527 -0.520187921584235 -0.422257744183655
0.041065373364371 -0.0299702236218429 -0.614571457711411 -0.403198156733249
0.0493054636104114 0.00513309470120919 -0.568755121750553 -0.400749138795724
-0.0107108415246162 0.021035234105732 -0.367485642997017 -0.433551555146162
-0.00786123293589041 0.0124082027599841 -0.0889736470547061 -0.222428959774306
-0.00280962094062116 -0.00479637538182714 -0.0303271877015508 0.194499632777786
-0.0452163373264909 0.0378925639531418 0.0448511497763354 0.570171455839967
0.000778039082013209 0.102090029780047 0.0848847309558957 0.654064233918006
0.0731976820517699 0.0544446100975712 0.0279228548214554 0.743553179399004
0.0381243952214192 0.0131763208529754 0.111038496851059 0.726013256297521
-0.0153903387232472 0.0389861775321715 0.218962440063151 0.50427330428813
-0.0244722497999726 0.0760611869336793 0.158558541637647 0.184283910236249
-0.00994819603655396 0.0879063684397924 0.0210397456518524 -0.130330115921063
-0.00334561385337301 0.0829382993528481 -0.197162586659747 -0.29684526428704
0.00198622795163142 0.0445169212568198 -0.382304851844545 -0.424638647052458
0.0209730645976767 -0.00706456835459061 -0.507827100154809 -0.446133447109097
0.0810899304072053 -0.0308095984581055 -0.592938517323818 -0.435511980903727
0.0759560901643679 0.0446408478385133 -0.549091419836015 -0.42884347012693
-0.0250068722966479 0.0517893015756467 -0.355273507494706 -0.454296758308537
-0.0177787719970638 3.23042214612594E-05 -0.0839021411624505 -0.225192828019412
-0.0116476399847655 -0.0149751252337874 -0.0231655153023952 0.19882159229652
-0.0570072437316862 0.0606001479869887 0.0743881491316005 0.55502240617451
0.020422445024897 0.131210103546524 0.15221743856341 0.648680324405161
0.0996193593568668 0.0536214134636836 0.131995585307646 0.725644578352402
0.0428448992691427 0.0151462398015843 0.186704350637143 0.695767778210244
-0.0139452146976962 0.0627626008878566 0.243697848748672 0.498783340375236
-0.0202220154846854 0.107487412703568 0.153830978219093 0.2094923108258
-0.00664197873596399 0.12108696784719 0.0206536645044842 -0.0922490209209991
-0.000712211864638008 0.112086137587499 -0.186611177988817 -0.271440136324823
0.005186481205063 0.0623511828834711 -0.35736887781266 -0.434781972359816
0.0330715543704113 -0.00422114412918722 -0.469173632552783 -0.494717360436114
0.114349907435826 -0.0216012639805556 -0.539513056127744 -0.502558217935727
0.0883680466547597 0.0832052141216139 -0.500564165883985 -0.481497477471395
-0.0425104372823995 0.0698303522314767 -0.326204764455574 -0.486434124352521
-0.0214401183431729 -0.0140792230432318 -0.0759822854184142 -0.228873517996343
0.0625493845926944 0.0285616579628261 0.139224250233526 0.160675180013976
-0.0137780719414153 -0.114400524724398 0.457913496512162 0.27226367810113
-0.114608160016776 -0.0764785366963818 0.635871946460012 0.203398609466922
-0.0939544725767531 0.0306857476184304 0.6940278528516 0.214446659138877
-0.0267252053798468 -0.00434012997786861 0.667092111461525 0.202467743486293
-0.0462510441500586 -0.0597855197920874 0.56661278956289 0.146845808477179
-0.0702565324408096 -0.0886238248553044 0.319502350181739 0.0736854346664359
-0.0726152307832653 -0.0978692124560006 0.0246108265308437 -0.0350120353889217
-0.0661601232676753 -0.0997153170141557 -0.234013544293993 -0.0959718894892076
-0.0429002148409077 -0.0679393818521403 -0.457248730704886 -0.239162144713667
-0.0542311365267075 -0.0120365807709305 -0.601476543223747 -0.340497832542989
-0.128380186232621 -0.00951699932299148 -0.665537354218222 -0.391078560803411
-0.119908906501407 -0.152022318918014 -0.615958512617962 -0.328060199520688
0.00643328305324867 -0.133166333420514 -0.504050689738782 -0.317304232620569
0.0649088253294035 0.0264219752565424 -0.19048796807804 -0.170808304322497
0.0615130635738875 0.0385658581559481 0.126089379957422 0.168326885710123
0.00883920232498418 -0.107247382965048 0.439134116817366 0.322829527584621
-0.0966453501125166 -0.0911782986296441 0.588874004138475 0.293257365221746
-0.0957519722094468 0.013871159652977 0.634564598198561 0.347776873881223
-0.025975361647001 -0.00966256334823006 0.635867090335862 0.312861552307968
-0.0431513753858352 -0.0618853449585711 0.546725782090942 0.188766610197169
-0.0670170389668136 -0.0866622882585954 0.294233567192831 0.0565317318837814
-0.0732642812579654 -0.0919531722542717 -0.00750942685534674 -0.0741180770962891
-0.0703149955222352 -0.0898712929486312 -0.269654095003454 -0.120943590643976
-0.0494527792359889 -0.0616486228177699 -0.495443207366824 -0.211266336578797
-0.0506238520363203 -0.0058470442189955 -0.637932817721326 -0.245790242217416
-0.113860766358591 0.0109428492144524 -0.721036969037178 -0.2530008154643
-0.126751977179115 -0.118624556180472 -0.666837293531166 -0.218229903752548
-0.014328239517801 -0.123158635373309 -0.528193129252375 -0.2567623405479
0.0611599466775961 0.0181758392583959 -0.200119384035848 -0.15892027802517
0.0545369079001723 0.043377431575006 0.113301850438734 0.171842626131539
0.0249196376317837 -0.0818201562643442 0.414589140979618 0.374770789539834
-0.0635322595840445 -0.0845018236037277 0.53216203959821 0.375734849960129
-0.0749900527351594 -0.00303719203891865 0.555797885666857 0.467405363392024
-0.0183192590548157 -0.0154785362793471 0.588385926417504 0.416190317588472
-0.0350072846208948 -0.0556979149741168 0.522505918677165 0.226385290042999
-0.0567878745359923 -0.0700408752961195 0.272306707978464 0.0415241447530388
-0.0629561530989164 -0.0697258792351838 -0.0381174952878323 -0.10849258054308
-0.0626847104499952 -0.0648889318565939 -0.305665693261829 -0.134684110065045
-0.0468358499030577 -0.0448086623806143 -0.530088713709158 -0.17394532694333
-0.0425265434349016 -0.000815058053470631 -0.66115913715132 -0.151159507741664
-0.0854145571826335 0.0160826347202124 -0.747233451392168 -0.119801225448773
-0.106888624694262 -0.0821619620760459 -0.695683928244178 -0.111415796713488
-0.0261821152266168 -0.0937133512983274 -0.546940191047086 -0.195146540174846
0.050132558511106 0.0116437873648539 -0.208452265294521 -0.144195946078328
0.0412869380240535 0.0381398705114589 0.101984054827897 0.17277707647993
0.0266737344574977 -0.0471599378284184 0.39137915111305 0.416040183977553
-0.0276178061357175 -0.0527896068973013 0.479932559029342 0.440674494511995
-0.0371600768176134 -0.00906284455463422 0.479508081663086 0.556949650714441
-0.00415281296222135 -0.0187434912468024 0.534942162835145 0.496270985245598
-0.0244944661098146 -0.0391800917654637 0.497897125416188 0.257170948652315
-0.0401716755938398 -0.0404229029061805 0.255029362846561 0.031680978255584
-0.041892241717101 -0.0369312220495731 -0.0603834963066506 -0.132008119966419
-0.0426531438796846 -0.0312285618988272 -0.333149343123698 -0.139200792503684
-0.0341082645764074 -0.0225883994628904 -0.555397997599486 -0.140112184124674
-0.0312071476118954 -0.000885263604620459 -0.671526178060667 -0.0748380556881531
-0.0540131244876494 0.00516193607870313 -0.750670641136345 -0.0201128099575636
-0.0677281265550696 -0.0544485928568121 -0.7045627042821 -0.0279418861417193
-0.0262320572414208 -0.055603234748534 -0.556668401231945 -0.148470254613877
0.0338735829226108 0.00995878410613452 -0.213633556203313 -0.132532721807493
0.0269181679060148 0.0257363208567702 0.0949626587357124 0.1725080370683
0.0159311775661662 -0.0105414349987691 0.374225696309083 0.440407347294022
0.00266112722197827 -0.00404825983359282 0.441249665394702 0.480158038149568
0.00955282498811965 -0.00336645230583221 0.430325642073721 0.607452243840204
0.0130355555552926 -0.018194780810828 0.500023690424071 0.539856588975551
-0.0134249137615755 -0.0154658521056042 0.478053993546596 0.274538164624365
-0.0199568526181541 -0.00221865992476549 0.241551848165118 0.02825558857922
-0.0145964323597046 0.00244540812892059 -0.0738998390164349 -0.142203425080058
-0.0143651934901335 0.00478845433620405 -0.349526953440513 -0.137444656700428
-0.0144130409374019 -0.000637076766932292 -0.56932538104076 -0.114076015384639
-0.017999962784015 -0.0037722825757566 -0.671520436809047 -0.0321030979681146
-0.0217673812590369 -0.0179397701303304 -0.745543866237032 0.0373069649113878
-0.0178201918966311 -0.037054256441728 -0.702913072933239 0.0226493183746611
-0.0162306612955239 -0.0154971606085334 -0.563449003326461 -0.120042720177419
0.0170085201808587 0.0120047568079537 -0.213854919348551 -0.125919630972596
0.0113360109533882 0.01049218539797 0.0902492014545575 0.173438053735994
-0.00102483162735153 0.0237037867725849 0.367551160046178 0.448130269797764
0.030955128064377 0.0471778268943924 0.432252699898487 0.496359380784698
0.0558076001521689 0.00520981264577327 0.425701400284452 0.619664847350505
0.0290424106901372 -0.0152229905766598 0.493542892668158 0.548821516585469
-0.00186476128322532 0.0120840632467659 0.471641634808316 0.279634499231394
0.00163214120201742 0.038484126223488 0.237210460042938 0.0362988338444057
0.0156600412724405 0.0422782378828392 -0.0727586302123005 -0.136206859989092
0.0168066917101494 0.0393320463698875 -0.350727118854196 -0.13086590626686
0.00612660125139283 0.0192091649268344 -0.57294048465615 -0.106374572855064
-0.00517094774213256 -0.00979844485351614 -0.673053116093988 -0.0239598252273897
0.0101055719671946 -0.0455777518957629 -0.74295661417538 0.0475818383797513
0.0346663976672502 -0.0229655882060014 -0.701279777693733 0.0290417821549745
-0.0029899992638641 0.02277396018249 -0.569088317029909 -0.11943783095771
6.11994999273396E-05 0.0119689772298942 -0.212599239455866 -0.126747000392674
-0.00397946975315997 -0.000748713351143558 0.0910780247403685 0.174682751256236
-0.0116436497441983 0.0557073298222364 0.37310998704151 0.435008891950842
0.0623499711220796 0.0854001919932532 0.458036332531716 0.483822492195827
0.0926637539705996 0.00366086705055507 0.469877485387942 0.586125116639003
0.0394626610094454 -0.013493003141653 0.518289167371303 0.512310768326337
0.0115333312803806 0.0380566889303762 0.477609306422251 0.272826980515633
0.0261479175265503 0.0737737661939999 0.241001841915312 0.0544796456417878
0.0445446946809266 0.0771220057312151 -0.0605719193393121 -0.116309463983194
0.0447791716917219 0.0695704721678503 -0.338281207233182 -0.119920138396796
0.0253764078683747 0.0352931887405183 -0.567199321316271 -0.114316421469522
0.00702884549557556 -0.0181074454765749 -0.677284412408062 -0.0510530421717325
0.0428325224594891 -0.070486954348724 -0.743831325752771 0.00746899198283369
0.0818091646688821 -0.0069654515784748 -0.702444189432128 -0.00506777618099712
0.00424673893536465 0.0578405767250647 -0.572360124186786 -0.144553774563704
-0.016328698660509 0.00791560298238832 -0.209306432564988 -0.13113970194402
-0.0167158606231305 -0.00520825863055791 0.0984701124498368 0.173779284235028
-0.00852737323855109 0.0805028559009513 0.392596106497329 0.405729842647184
0.0948038046245868 0.0968498297999356 0.511331549572105 0.439725907349534
0.113348120980295 -0.0113932374165694 0.546316425033873 0.507376798247647
0.0447607284981338 -0.0152761251686288 0.561752112990602 0.445333211238355
0.0257808962103397 0.0561401064688128 0.494928620412335 0.254523809816641
0.0474426576748347 0.0964597601522267 0.253976522962806 0.0779253640441301
0.0668880865535908 0.101908599194221 -0.0389811278417084 -0.0859480331074711
0.0657909570823115 0.0915529426959835 -0.315723632633199 -0.106308954199895
0.039826351282913 0.0483380720203898 -0.551129884000599 -0.138411547122013
0.0184630693313518 -0.02378754895481 -0.675970738082927 -0.113662249197029
0.0758595662509113 -0.0834510322000354 -0.741840623708108 -0.0779162815186295
0.115792198828468 0.0163994943570184 -0.696918251908663 -0.0760180941790139
0.000501731288237267 0.0836231294554889 -0.568745961601632 -0.190200332229683
-0.0274101588999085 -0.00146312245259778 -0.20462353093367 -0.139864855216051
0.0636591286454441 0.0286583076926416 0.140381085765993 0.162503432281352
-0.0131858828254648 -0.115086703625947 0.460801917798289 0.274722996553137
-0.116227366801876 -0.0776075402299859 0.641490319038795 0.204676667021053
-0.0953970424553394 0.0316655166804845 0.698592079595011 0.214106409258189
-0.0265891373221213 -0.00386936897929108 0.673684894955754 0.202083002642224
-0.0467076966879123 -0.0597273874453102 0.571154815028963 0.146842907992296
-0.0709638862311756 -0.0891109972156448 0.321001947746686 0.0731122311608733
-0.0731273456689665 -0.0998709869506705 0.0238051480809691 -0.0337082947617172
-0.0661666153616135 -0.100783695403342 -0.235418246801097 -0.0957844659691632
-0.0430789668189259 -0.068592536645633 -0.460219131575535 -0.241119952480401
-0.0551756372366806 -0.0118927224694295 -0.607525876998692 -0.342497590431271
-0.129258562254127 -0.00906690790354452 -0.671983397158952 -0.392086198422844
-0.121625473838526 -0.153023972823115 -0.620580250644555 -0.330860277645678
0.00675704879193349 -0.134370786111681 -0.509150620945658 -0.318822392640628
0.0664959155355969 0.0264078907457398 -0.192872467243622 -0.172054237804091
0.0630436706163115 0.0390933159618724 0.126890303823048 0.16985564005848
0.00977561424352756 -0.107807291903002 0.444258627523099 0.328226310366973
-0.0982722033518984 -0.0919048310811093 0.59370161522975 0.295453561276566
-0.0970321721621704 0.0146293530397045 0.639158227317507 0.349020277227406
-0.0262001480695582 -0.00883790203195439 0.641172505759229 0.312644079702664
-0.0436897638228207 -0.0621286996391419 0.552072417253737 0.187174893714912
-0.0681519601900173 -0.0868300511529791 0.297541106817767 0.0574376550552123
-0.0744119973552106 -0.0926585904533601 -0.00816296056776487 -0.073503820163121
-0.0717542833243209 -0.0901784723912847 -0.271726777039398 -0.120633537138689
-0.049599694473186 -0.0617625872659642 -0.499822299247585 -0.210661646784538
-0.050945718046699 -0.00584631386351645 -0.64550259162037 -0.245948473701452
-0.114457250108668 0.0109093839852812 -0.727284060160199 -0.251843283534693
-0.128344461250127 -0.119630763343121 -0.672526541796273 -0.219902195811823
-0.0136004874901349 -0.1232907400827 -0.532602619188769 -0.258996986494309
0.0624261517337528 0.0177341396427824 -0.202942572471584 -0.159349735055154
0.0559039204495325 0.0434327162116011 0.114533142606578 0.173080236556256
0.0263779819318768 -0.0816882031390565 0.419064533162221 0.378306639841409
-0.0645711722774993 -0.085811857702739 0.53866141758817 0.377921118947595
-0.0765117869788028 -0.00257392538492652 0.560885897347901 0.46988573579756
-0.01882860699872 -0.0156587025568312 0.592276591337236 0.41855401164452
-0.0354560779769889 -0.0554528984859886 0.528212878378102 0.226453025744522
-0.0580606144145842 -0.0705563572442366 0.275308047953664 0.0404648012365969
-0.063590011555459 -0.0705009208680822 -0.0383444158241781 -0.107922629773673
-0.0631905143199619 -0.0652182694053978 -0.307556254654097 -0.134796225133621
-0.0469223681866668 -0.0449136944656066 -0.535621243963003 -0.174014581734693
-0.042669853467255 -0.00113535027576575 -0.667073173522714 -0.149923900022433
-0.0864595154137122 0.0165641314343827 -0.752202874226314 -0.118475566223159
-0.108970672866526 -0.0826307982898626 -0.700482981817196 -0.111540664611959
-0.0274069367122837 -0.0941487498823099 -0.551305543782053 -0.196754885146559
0.0518381091739226 0.0122204193312687 -0.210157077241137 -0.145314167458113
0.0427845920663448 0.0392029926663477 0.103026680892833 0.173627592859745
0.0277779076344238 -0.0472521937270868 0.39513245580058 0.420303730937866
-0.0289158527295326 -0.0531167159795533 0.48197631641164 0.443498905068611
-0.038092378313535 -0.00914113282686702 0.48527351432697 0.561078272272654
-0.00373476745708671 -0.0189056879012114 0.540464744788603 0.498313249403909
-0.0242926186607237 -0.039248818725925 0.502572501661845 0.256358858544493
-0.040947191004403 -0.0405622404866256 0.256790346501223 0.0305405131182712
-0.0421487611925313 -0.0367204725025321 -0.0614559851096142 -0.132417702285336
-0.0424925213844116 -0.0317257200501428 -0.335865920540939 -0.139693429416273
-0.0345334819042038 -0.0227715623251211 -0.56193547033717 -0.13745202861391
-0.0321084524192296 -0.000152926505905922 -0.677628075124296 -0.0740311354224566
-0.054088834078265 0.00490345942997322 -0.755743751162188 -0.0164585584314855
-0.0687037907355786 -0.0547464515719986 -0.709140469142022 -0.0257866148120253
-0.0260615741968043 -0.0554593775817809 -0.560772681491131 -0.149059882292535
0.0355262294998081 0.00975158956693868 -0.215477360524358 -0.133321020564338
0.0273329190363078 0.0263848551837817 0.0948031536157719 0.17418614225059
0.0164475487079379 -0.0108885504313618 0.377097187682941 0.445234812361383
0.00254590650450179 -0.00375226245552464 0.446108734031133 0.484644250355126
0.00946320514428286 -0.00316281373370036 0.432873942706054 0.611319296311405
0.0137058044187608 -0.0188483136215266 0.504227278685233 0.544263034944557
-0.013696783213144 -0.0150242284666838 0.482051044051414 0.274949825804423
-0.0208668884676611 -0.00173220359008951 0.244564660120025 0.0277003782345043
-0.0141291077553773 0.00224761488933857 -0.0748564916875071 -0.143145913263252
-0.0145104873778047 0.00501288238772216 -0.352023431317527 -0.137559123025792
-0.015344064146871 -0.00122193440618195 -0.573840475569319 -0.11429540651804
-0.0186003407976332 -0.00323902444599135 -0.676585232919526 -0.0309804688753005
-0.0214272486048481 -0.0179175101054491 -0.751588732309744 0.041085859274067
-0.0190402834464786 -0.0363115838255666 -0.70728281703274 0.0233423128800616
-0.0154821138718965 -0.0148196307448776 -0.568084050926164 -0.121852570846456
0.0177970649333563 0.0111018623855647 -0.216463342276927 -0.126440858109946
0.0111337345423945 0.0108967229142957 0.0907491929582477 0.174927642593166
-0.000893848584653607 0.0242740119878413 0.370587631312472 0.451227710732885
0.0308885381008492 0.0473801937676048 0.436197447274383 0.499451925844758
0.0558508297979616 0.00575046830096654 0.429749429683861 0.624246046231551
0.0290925661524039 -0.0148470164862732 0.498236169359301 0.551546434068066
-0.00176638689038878 0.0125928017926715 0.476132706718975 0.281331519003748
0.00216224228552667 0.0396503181363175 0.240037391325512 0.0361811948635704
0.0159682377500863 0.0423376909371899 -0.0738985818990783 -0.136386582085623
0.0168802857494738 0.0398158930474796 -0.352792925854559 -0.129581388868216
0.00624482160434693 0.0189612099627995 -0.577623011138071 -0.103669501195833
-0.00528111340668054 -0.0103863226187903 -0.678818301922889 -0.0219463344082496
0.0101510775923232 -0.0465131265197421 -0.74874426296789 0.0499277897078165
0.0338545375509373 -0.0237275510638749 -0.706500703147686 0.0307598367499847
-0.00294858256341908 0.0240583407762652 -0.57411170511138 -0.1197580144516
-7.50265672107061E-05 0.0116590969059369 -0.214612427867681 -0.126497380509692
-0.00370854025930752 -0.00108976985099019 0.0918920791629361 0.176059406846894
-0.011166640568962 0.0566527583137304 0.37764622580971 0.439092880613775
0.0630662479306447 0.0855536875213795 0.461589954952107 0.487413954145207
0.0939702084978147 0.00349585989120144 0.47264190288507 0.591021397262322
0.0399113484039334 -0.0141626234178504 0.523568446054277 0.517364840192217
0.0115560741231687 0.0388135596086257 0.48178684714837 0.273507373490052
0.0256047889854591 0.0750856338751221 0.243776412326856 0.0533641256361725
0.0446876659422699 0.077805487342672 -0.06075512585362 -0.116683975511297
0.0454179146563818 0.0699768133352148 -0.341624772305864 -0.120046547285772
0.0261401036935669 0.0360739563791671 -0.570592402759848 -0.11304335614217
0.00680355541963681 -0.0178051851701898 -0.682114722951339 -0.050461772807895
0.0429802409080003 -0.0707930275150842 -0.748932292288472 0.0114009356383086
0.0825314915891291 -0.0072381975862314 -0.706249663067222 -0.00430188041723718
0.00458732369256958 0.0592464566117707 -0.576525064287739 -0.144988295791987
-0.0159123947979848 0.00772146445472766 -0.21230034826011 -0.132122864192223
-0.0171263946700959 -0.0058173769445241 0.0985253489574201 0.175255860966598
-0.00770471158004071 0.0811710342416664 0.394526734686687 0.409136533882988
0.0953056639466072 0.0976243768395534 0.514324083063627 0.44400119156143
0.114215477082236 -0.0124751208227441 0.549260458870064 0.511775146147012
0.0451018443767721 -0.0154366770535287 0.567267305226027 0.448638284678221
0.026272420827661 0.0565932616943595 0.498554717643687 0.254269699773291
0.0475656287597388 0.0976975657728091 0.256474223275387 0.0772480568927446
0.0673758429523093 0.102861981814608 -0.0391785710830959 -0.0860816958406686
0.0655262628527 0.0918270047089393 -0.317833848796223 -0.105662386424662
0.0397157955384619 0.0482164105657991 -0.555721181869362 -0.137441531429963
0.0183239945503552 -0.0239095325646385 -0.680637587819517 -0.11294442456428
0.0761570127404475 -0.084396060393919 -0.747460261677037 -0.0759940304368594
0.116408841292184 0.0166441472511521 -0.70320536701531 -0.0775709512987966
0.000201625089731412 0.0842996729829223 -0.575317190760245 -0.191000819073826
-0.0272189877876418 -0.00330064209866853 -0.2070852477529 -0.140628362748904
0.0649107813418281 0.0292437806169829 0.141782210739542 0.164392162616768
-0.0133160374635286 -0.115525444498545 0.465464029783119 0.277402525920441
-0.11793248061526 -0.0780386760485231 0.648341428592282 0.203629211263589
-0.0967378054402863 0.0324906621066438 0.704382452704863 0.214174856725134
-0.0266639194966768 -0.00407941471714958 0.679440683752591 0.200807086067801
-0.0476364147176668 -0.0603334184218749 0.577207594954977 0.144695161716651
-0.0716208831634478 -0.089050730921954 0.324963327496825 0.071553802326086
-0.0733129620995743 -0.0993826519873774 0.0245651994852917 -0.0332446359004253
-0.0667195739590507 -0.101169435323141 -0.237579346449737 -0.0949565335312962
-0.0430837105010153 -0.068818123692569 -0.466242846538928 -0.241989570500131
-0.0551572009412951 -0.0116365393423633 -0.614193269027545 -0.344053121085073
-0.130906330493232 -0.00836599079595254 -0.679612374061903 -0.390662804145422
-0.123984587034125 -0.154736240218355 -0.625220150703117 -0.33087198775053
0.00745635040025284 -0.134811093265357 -0.51320175319298 -0.321940832328661
0.0681141726337924 0.0272206345374341 -0.195638403957942 -0.172589240203577
0.0641444642739 0.0393125212780112 0.128314532633789 0.170942685567504
0.0104745265960624 -0.108345686830841 0.447298150230125 0.330918040746161
-0.100383894889235 -0.0926769553398751 0.599776503132376 0.296266252537917
-0.0974927799435816 0.0151097273555943 0.647906940435599 0.348351881221494
-0.0264731620224946 -0.00920125798530908 0.646461141605188 0.313748470695738
-0.0441508274458506 -0.0620504682358807 0.55692540459698 0.186260787253808
-0.0693444220510511 -0.087069077676717 0.300119162343194 0.0553658430119548
-0.0754895352660481 -0.0931298167584438 -0.00820996879853371 -0.0734241433728063
-0.0727847490162505 -0.0907802763534822 -0.274178951323766 -0.119771730728345
-0.0505445499262583 -0.0621840533777708 -0.504290782691486 -0.209961933079457
-0.051993421020553 -0.00606264109163428 -0.651310714000545 -0.246679482608724
-0.11476127597418 0.0112539950071674 -0.736323344770351 -0.249924616222678
-0.13087350616955 -0.120745586193164 -0.677227312240343 -0.222146553396645
-0.0134816722399882 -0.124137380772782 -0.538455804987553 -0.259671124878649
0.064143227557811 0.0187234676103164 -0.205440260993741 -0.160248049043985
0.0567240338938087 0.0438936076845797 0.114585767168829 0.174595568481536
0.0269996023917949 -0.0830937868164621 0.424358749959114 0.380654410885163
-0.0663362382856289 -0.0865358464837023 0.544881642553637 0.379212005140821
-0.0774005916483099 -0.00233051839611354 0.565934658152791 0.47372341423352
-0.0185572857228567 -0.0159160764293492 0.598661596727722 0.421333446791604
-0.0359748178670114 -0.055960267763447 0.534159674292498 0.22471094409389
-0.0586676676111041 -0.0700745867093666 0.278779179377897 0.0397113060532376
-0.0635921443919185 -0.0712747601957046 -0.0395256430470487 -0.108321599107517
-0.0642409997571175 -0.065293872995772 -0.310677321950548 -0.133951635978579
-0.0470527788143757 -0.0448741964161666 -0.540086476334029 -0.172615217635766
-0.0434392247555384 -0.00139568588004132 -0.673700575431383 -0.148323872950735
-0.0866506938415366 0.0168146587072641 -0.759590933882454 -0.115389484448609
-0.110039693570944 -0.0839483838076885 -0.706733477352297 -0.110445295816128
-0.0260520794153017 -0.0948292262224752 -0.556141436648647 -0.198578180995574
0.052377721080398 0.0119621177957096 -0.212771603686933 -0.145741593885264
0.0434394923252075 0.0390490598997506 0.103381098508346 0.175506076490551
0.0288624612885434 -0.0477147665641448 0.400879432791311 0.424960537388574
-0.0291826103166187 -0.0540325067840337 0.487231582331137 0.446270510232984
-0.0383348372587298 -0.00883981952791178 0.48882585662983 0.564026506405966
-0.00391241094463584 -0.0190618538930876 0.545074304528379 0.501702353819145
-0.0245840740167948 -0.0395543981173093 0.508332458187386 0.255998726132254
-0.0414498889789111 -0.0397383139083726 0.259488038727952 0.0289627499762252
-0.0429162563129707 -0.0373736727329765 -0.0626129428180013 -0.132648729295394
-0.0425233825950216 -0.0312593300080223 -0.339797150607568 -0.138713492807675
-0.035045142057614 -0.0225723771501858 -0.566789737881032 -0.136597802298939
-0.0315078533751722 -0.000681726750150328 -0.682832191534386 -0.0728880222420266
-0.0546510178850563 0.00549016014610532 -0.763751894038801 -0.0111190318042917
-0.0702792317902653 -0.0546914380377276 -0.713513709774204 -0.0234498736936179
-0.0263051384595996 -0.0558828374073796 -0.567544136102406 -0.148807874412764
0.0367841758140142 0.0096059324953822 -0.218181536942367 -0.134071654962351
0.0286994991228569 0.0262703768651196 0.0955765540632877 0.174641180066657
0.0169965102295368 -0.0111214797706509 0.38183230021434 0.449119961501207
0.00201255935968449 -0.00422338965320414 0.451275936600326 0.487595521898522
0.00930207186579943 -0.00245770927863097 0.438225204827236 0.615549393155111
0.0134935697670871 -0.0186598325186474 0.509367819445267 0.548587975829897
-0.0130793126251486 -0.0158251275638452 0.488301683636604 0.274184211010476
-0.020733908705061 -0.00112416575578821 0.246817996061001 0.026373568160094
-0.0144537520037429 0.002894953008607 -0.075032229030713 -0.14259382176829
-0.0141066641090683 0.0058340894404006 -0.355954433737183 -0.136919257299659
-0.0154237204327285 -0.000969440486312232 -0.578315176083506 -0.113294452400905
-0.0184842888291567 -0.00343601096221828 -0.684708917485496 -0.0282745766903307
-0.0222205094343988 -0.0185645451352683 -0.756396329113757 0.0455120363439782
-0.0192160251376901 -0.0366176264326843 -0.711780685912699 0.0258463306847698
-0.0153556374875549 -0.0146546518128726 -0.573581996759966 -0.121555489288337
0.018780666985959 0.0109413117661473 -0.218914565405518 -0.126941500003556
0.0127303874215925 0.0106219324039433 0.0914363673394656 0.176110876585542
-8.6988213827494E-05 0.0241525868812788 0.375422272373192 0.456651189245063
0.030710046908821 0.0477565221748298 0.441589245484647 0.503086170277032
0.0563537806765324 0.00513882033140431 0.433858124246387 0.628768580654847
0.029070039522733 -0.0159623976302645 0.503806731557691 0.554029158363356
-0.00216315457388999 0.0121686023412583 0.48054785666077 0.27973209032741
0.00216112462024906 0.0406943716629822 0.242637293669349 0.0351140113388377
0.0161862841410433 0.0424998719442157 -0.075013973812933 -0.137034210627456
0.0171913379220223 0.0400036201171259 -0.357377993700113 -0.129663656754367
0.00676123598430332 0.0191924707403486 -0.582047725280817 -0.103923579703573
-0.0052310030050489 -0.010325015756249 -0.683522094501009 -0.018529577207891
0.00997379770879366 -0.0473869352794 -0.752440891311687 0.0565614730046733
0.0339782740298833 -0.0239384487305827 -0.712123444193638 0.0329086133245743
-0.00150055449514739 0.0250572346736519 -0.579744576839147 -0.120177232297085
0.00162130719263009 0.0114742374259017 -0.21760762032269 -0.126931071609518
-0.00256978483023462 -0.00162276980112293 0.0924279362475348 0.177467244234472
-0.0101522295129257 0.0565637838370405 0.383542577857937 0.442931540721501
0.0630030745928388 0.0861179819035433 0.468318443905532 0.48943192687768
0.0945186863569416 0.00319048561839836 0.478768484268125 0.594429180663535
0.0398290313284329 -0.0147868634849328 0.529266626977735 0.520861627643944
0.0112699816091654 0.0382929487520557 0.488681800749979 0.272178236593827
0.0260204144649712 0.076071244241413 0.246584664053434 0.0532909952082174
0.0455287823789702 0.0778221503152563 -0.0631591294573552 -0.117346135252166
0.0461650045749632 0.0699656900168096 -0.34310579835166 -0.119320666071855
0.0262173793397665 0.0360305859741743 -0.575112830735137 -0.112729032938868
0.00681231014923727 -0.0181405126570341 -0.688085750401828 -0.0475817687552549
0.0435603566833254 -0.0727545326663037 -0.75562063051122 0.0137321943429989
0.0827128140346799 -0.00705408013206026 -0.712642148889615 -0.00178193957823759
0.00569693875018252 0.0600585006784642 -0.583683350051372 -0.143743304731187
-0.0150850938422535 0.0070454972109917 -0.214180656345626 -0.132628525146737
-0.0161710394233708 -0.00593705873420985 0.0992312801637284 0.176842521219181
-0.00730299721600498 0.0818210002907705 0.401235868313065 0.41345439664304
0.0961847166976495 0.0984306055807452 0.519351803887379 0.444368458285944
0.115370392503617 -0.0128826093116011 0.555397575433912 0.516191681831609
0.0448076716897718 -0.0157751096262254 0.574497515355938 0.450453364405831
0.0266067858560837 0.0567078672145204 0.503023838296115 0.253993990849751
0.0485865965206857 0.099262809815204 0.258879441965039 0.0774608836061281
0.0685353523146839 0.103861064187492 -0.0398499807806085 -0.0862965046376144
0.0672427389022114 0.0929117370299277 -0.320036698031172 -0.105061253738228
0.0403642773783011 0.0485918711179699 -0.560762247593338 -0.137400714263585
0.0182376393577308 -0.0235999629938456 -0.688094109345745 -0.111635458681928
0.076741578192989 -0.085760003526119 -0.753392554118406 -0.0744590390850987
0.118388133353323 0.0169223138304967 -0.706909675757548 -0.0764867845601759
0.00138597175193595 0.0857918525125157 -0.582210678532582 -0.192555387463119
-0.0273608587764114 -0.00372885227875049 -0.208878209713893 -0.141036369735396
0.0662872947950235 0.02916511446574 0.14274530527255 0.165529907603108
-0.012972072739324 -0.116160968700316 0.471930090422267 0.279147081343462
-0.120163715377768 -0.078710057455257 0.655478655485634 0.201365864571005
-0.0982062587285223 0.0336751692142614 0.712879469419636 0.211706810371129
-0.0267755256790011 -0.00370998643046192 0.685210617874586 0.199636106259491
-0.0478000784269624 -0.0602320347232483 0.582659454702406 0.141825935626404
-0.0728629659756513 -0.0892077306576727 0.328949366197977 0.0714893032227071
-0.0747908439704311 -0.100066577230026 0.0243209845080913 -0.0330810080850131
-0.0679158847585999 -0.102577405523192 -0.240516392558719 -0.0933733130805793
-0.0445251895239207 -0.0692848918919419 -0.471049246963855 -0.241459685055993
-0.0561088578194803 -0.0114271245997514 -0.62224624907837 -0.344265731957131
-0.131382512379427 -0.00846984714996559 -0.687012668506356 -0.390303785905659
-0.126105113979595 -0.155734265917735 -0.631517007791071 -0.329382527075566
0.00749637867762165 -0.135914225154672 -0.52094621215945 -0.322583295644406
0.0693773717151954 0.0269589251138578 -0.198229220688597 -0.173013784351401
0.0657077549330577 0.0394749860296748 0.129736065312572 0.172954710463844
0.0105099458336898 -0.109104619717407 0.453590794740278 0.334775930137801
-0.102608108652165 -0.0933828002915126 0.60671838812926 0.294544598036614
-0.099241802160199 0.0163515681119897 0.654229619231785 0.347836642194443
-0.0262957389756787 -0.00872129569908748 0.652772568458027 0.312654056423768
-0.0450736349790678 -0.0626521155152608 0.564369294836394 0.18312273603644
-0.0708899668852643 -0.0878992322198194 0.303468724979423 0.0539459695157785
-0.0763473063427877 -0.0940891178647466 -0.00905011884793071 -0.072672590705812
-0.072943166773082 -0.091791027363966 -0.277229082241108 -0.118995381183188
-0.0514201695957417 -0.0626510500402219 -0.51074802218242 -0.209613194531219
-0.0521086800357761 -0.00566956257447573 -0.658876577771956 -0.243742865467783
-0.116132504293856 0.0119837201534829 -0.741635974307659 -0.247081257807848
-0.132515026526977 -0.121596294959361 -0.684236830957575 -0.219098663774123
-0.0132574044142469 -0.12462151075856 -0.544623626455073 -0.261700730062153
0.0655205168619534 0.0185432027490233 -0.208295894046139 -0.159646850561627
0.0584252555090481 0.044343535331092 0.11583295524806 0.176097453153542
0.0269935083629502 -0.0833251818224186 0.429548502841826 0.384538755820884
-0.067283944342955 -0.0871862501555425 0.551002483720528 0.38116629466424
-0.079048584928494 -0.00110943076768837 0.573568086348535 0.472978615723227
-0.0184838396534269 -0.0152252544142753 0.604970573983472 0.419461580978226
-0.0364354295899659 -0.0558464812511808 0.538391170595073 0.222880407396441
-0.0591878446792348 -0.070276204925509 0.281242921005681 0.0374532387834044
-0.0649477141294886 -0.0712204726267431 -0.0401260740388789 -0.108789066091864
-0.0650843834325383 -0.0658854117523184 -0.313751091029711 -0.133658017482625
-0.0482304268486299 -0.0449283601702806 -0.545579960125587 -0.169698894665021
-0.0439049367796748 -0.000836072556738884 -0.681284120056114 -0.147520386635342
-0.0879468398639272 0.0167319842206872 -0.76713439659424 -0.112354385961633
-0.112226608009033 -0.0832707598305462 -0.712362706313234 -0.10803108617036
-0.0262589074232474 -0.0952697462702572 -0.563168712779153 -0.197703879659406
0.0542625357213455 0.0120530743906233 -0.215889910613091 -0.146392936996495
0.0446164375923765 0.0391791850159986 0.104616127990799 0.177007983169442
0.0294597681533008 -0.0480161322227844 0.406597419132279 0.42660584412274
-0.0304524312050764 -0.0544793295549474 0.495754686709504 0.447923003768838
-0.039023965337368 -0.00884045257506277 0.496429413402109 0.56824418873541
-0.00400222098107187 -0.0189838935804514 0.552839247162802 0.504543902029896
-0.025364090308008 -0.0395470050550535 0.513608582367477 0.254889800289501
-0.041830340151508 -0.0400544004594309 0.261525035182381 0.0273440984881116
-0.0434064715436788 -0.0372106062030511 -0.0641947422464129 -0.133033642545972
-0.043355818839678 -0.0313979794430308 -0.343280685984848 -0.138078678811063
-0.0353125116890553 -0.0228429177639908 -0.570408840597817 -0.134540534467172
-0.0317528922164869 -0.00040453920459637 -0.689319184418949 -0.0685682746724247
-0.0547964112464919 0.0054504305911055 -0.769918846671589 -0.00868873753670834
-0.0712768290953356 -0.0553337452188741 -0.719117726226997 -0.0198819078450569
-0.0265360251645491 -0.0554733240115015 -0.574473733480615 -0.147269613034133
0.0381498813128608 0.0095580078413868 -0.220701107324658 -0.13403414710985
0.0294689130453688 0.0271198370355601 0.0968161622751782 0.177268611270902
0.0168611940602183 -0.0106250671263434 0.387084714074642 0.452193311112856
0.00109391464462269 -0.00444403192405001 0.456346057903569 0.489914569092819
0.00901702997953018 -0.00268102048127142 0.444766513039826 0.618514660498182
0.0141155844508976 -0.0186080384186813 0.515720580894027 0.550565048740686
-0.0137567168937355 -0.0151446397968076 0.494199790560599 0.272753099552271
-0.0212767684697164 -0.000279498790736311 0.249607008100436 0.0257799883450438
-0.0150071370769476 0.00280718861420177 -0.0765284123113357 -0.143416628519394
-0.0140900058047177 0.00557339577214392 -0.358397528426577 -0.136057504339343
-0.0156142429432076 -0.00069269280029359 -0.584958773784591 -0.110246717906201
-0.0197442873377294 -0.00383584141021223 -0.690279009894044 -0.0239679895994843
-0.0219151243608407 -0.0188073455566327 -0.762796288133019 0.0515443331213983
-0.0198157953411173 -0.0369903966764069 -0.717479939753529 0.0284928818897816
-0.0152006430876287 -0.0139377119964215 -0.579694925188112 -0.120747773062436
0.0198484325043211 0.0108523235409127 -0.221675294955764 -0.126342925211201
0.0132650526025451 0.0105365755445729 0.0924622982567169 0.177883074583244
0.000534970710266681 0.0241377287481523 0.381018572428105 0.459821027045961
0.0311713903266327 0.0483087925267308 0.448244938742249 0.504969327933435
0.0566269408040276 0.00504784116193976 0.441704631807062 0.633742197059407
0.030076115584917 -0.0165402754422927 0.510454668467544 0.55718742408522
-0.00171860636064621 0.0124851797544352 0.48680485301528 0.278731423623719
0.00218469669814667 0.041373599147378 0.244464763386764 0.0335151595525549
0.016204505733612 0.0439781466913471 -0.0757558774110391 -0.137425186632469
0.0174360650776116 0.0401863316234668 -0.360435778967113 -0.129067852173018
0.00689198000554259 0.0195462044541148 -0.587918271682982 -0.0996264577662224
-0.00580522448825016 -0.0103710167771015 -0.692441467132426 -0.0159470051581437
0.010137498742379 -0.0482787886115307 -0.760248477111855 0.0616265425118957
0.034660655452489 -0.0242355524274446 -0.718103776801979 0.035919437791225
-0.0011060985560915 0.0251312740825089 -0.585578241575864 -0.117934144056903
0.0011527333466047 0.0111060168695884 -0.220651442709105 -0.126744710633204
-0.00292392878745344 -0.00171988713708163 0.0932770304902444 0.17912493861171
-0.0102265678667184 0.0575720442199607 0.388230933758936 0.445479368007052
0.06335957214398 0.0872226885293838 0.474675624895549 0.492939871685664
0.0951449534870062 0.00354713544948035 0.48589989098595 0.598578373483666
0.0406313961973697 -0.0153627207966132 0.534506035195156 0.523011086355041
0.0118371956452651 0.0388526006587607 0.49230907959316 0.271240161331183
0.0276184989618252 0.0773682642462453 0.248486457609866 0.0513881401400453
0.0467150837230086 0.0788211894220493 -0.0633367353312361 -0.11708497387326
0.0473827997614277 0.0713583876588826 -0.346870157045373 -0.117802720392321
0.0269860653551548 0.0364717771118156 -0.580862386863486 -0.111138802882712
0.00692844542835652 -0.0186183114095093 -0.696345420883598 -0.0425720064214818
0.0430311323590748 -0.0741396358749333 -0.762083795709412 0.0208463832745444
0.0843562871749182 -0.00730655725132482 -0.717417901069571 0.00078010887689637
0.00612989343896473 0.060909720883375 -0.589134864165911 -0.14235195765078
-0.015363444239582 0.00596033972267901 -0.217234849577178 -0.132019465585673
-0.0164086710515318 -0.00651427420543839 0.0999743628672789 0.178813276541439
-0.00698621417449318 0.0823904506991691 0.407231719929552 0.415397027694229
0.0966278540920922 0.0982592867030412 0.526799993926994 0.446514612299649
0.116545482106094 -0.0125386905349065 0.563731832340229 0.518620748530825
0.0460986845604978 -0.0161138368675502 0.578629974903795 0.452743500106264
0.0275467258476513 0.057433514750199 0.507082376975971 0.252861848515937
0.0495253585688219 0.100586312929769 0.262171664275563 0.0758724466882597
0.0696046249630583 0.103890208114473 -0.0410850107243518 -0.0863105705531023
0.0682616497980618 0.0933577084372452 -0.322400104618124 -0.103531441502755
0.0406294411663141 0.0492499622186483 -0.565877734096911 -0.135366995972479
0.0179601111295913 -0.0248738950902009 -0.694404053430279 -0.108384650042838
0.0769871661395004 -0.087861344022841 -0.759158638963131 -0.068982305161315
0.119317730777713 0.0169184199655937 -0.71390419627962 -0.0745989661502891
0.00219782595312768 0.0869459871581275 -0.586720474120913 -0.191558419892765
-0.0277972633466578 -0.0046186372089144 -0.211260530677386 -0.140772173692122
0.0673713417336427 0.0291335125482906 0.144918071681903 0.167069172850317
-0.0131901569285399 -0.117954316018012 0.477832243471244 0.281518989480008
-0.122674124011018 -0.0789626815601523 0.661711388386215 0.199415715334421
-0.0988081317668957 0.034791307444014 0.720173577344104 0.208804869442924
-0.0270426321164331 -0.00354927987757036 0.693400799697607 0.196462000566466
-0.0484403471034588 -0.0605082269875868 0.589970327973762 0.138279702983006
-0.0740833860064192 -0.0896739189322454 0.333227471745031 0.0694726624786369
-0.0763904502456402 -0.101563125246754 0.0236640675244143 -0.032304524399479
-0.0694917728435849 -0.102974243586626 -0.242612094840714 -0.0923485187479008
-0.0459381609686952 -0.0696110249629807 -0.475563881140524 -0.23998521348692
-0.0566496689151597 -0.0115403642258214 -0.629463406886054 -0.34360630399793
-0.1329340025773 -0.00740312207745723 -0.695430142443772 -0.387142833890626
-0.12920032115281 -0.155417105523944 -0.637844259220138 -0.330897098004838
0.0077725358867422 -0.137275784013351 -0.527363788765692 -0.323371187222194
0.0710685690725042 0.0267511229000331 -0.201562450735912 -0.173735531423744
0.0667669338667815 0.0395769203465586 0.13168329629451 0.174416433436388
0.010118120560708 -0.110527023511426 0.460425044537567 0.335913753109978
-0.104325914159932 -0.094277159145558 0.614697362100709 0.293901735007201
-0.100181522809516 0.0179947172536278 0.663378494896973 0.348953436115516
-0.0270174442112843 -0.00842529756693089 0.661215954608118 0.31233853632366
-0.0461849037122625 -0.0632891370849057 0.569924845174386 0.180279615637656
-0.0718972118785717 -0.0864647035171087 0.307764925130092 0.0515593857257076
-0.0774525490564431 -0.0937664627094713 -0.00952749377595785 -0.0731481889698346
-0.0742768347628046 -0.0921109084663907 -0.280126052667346 -0.116495813696409
-0.0522210531476278 -0.0628957404571218 -0.515952549854795 -0.207251351680269
-0.052531518857099 -0.00516814208893097 -0.665858634209896 -0.241537767613923
-0.116660254577465 0.0129809091589542 -0.750041336463413 -0.243055010666932
-0.135411081795106 -0.121422118673195 -0.690199332815187 -0.216580732896958
-0.0138090502560998 -0.125233088157437 -0.550769550452417 -0.259848861640595
0.0679100043041995 0.0183092938446408 -0.211857518834379 -0.160860789146924
0.0594846082151545 0.0449432163559025 0.117542272016602 0.177443859573084
0.0272494350830929 -0.0844508392853351 0.437192267502435 0.387502267705551
-0.0697623856347342 -0.0877193024681903 0.558164349456308 0.380484198855638
-0.0793694825912445 -0.000422984659020894 0.581919470915292 0.474929988916951
-0.018731852111571 -0.0153485935309326 0.61448121520701 0.420789406896795
-0.0370436062262151 -0.0561415529447878 0.544948871959152 0.219813241481741
-0.0610733004967847 -0.0696996531391363 0.284148721705008 0.0353437561207428
-0.0659043465375195 -0.0716839757321039 -0.0400605020040918 -0.108195247621061
-0.0666942873052714 -0.0658356108869452 -0.31755221171498 -0.131878074995744
-0.0493217575896218 -0.0448967578900594 -0.550320254571894 -0.167475268172496
-0.0445271212363699 -0.000637125801453552 -0.689075244729104 -0.142634836357501
-0.0886167141203272 0.018175780909098 -0.773198077570274 -0.106195024437775
-0.114263556954901 -0.0837171807465406 -0.718478444828694 -0.103934557244443
-0.0263470744906365 -0.0951175220074496 -0.56899065350632 -0.195754049006477
0.0555164981380949 0.011459088356975 -0.219250383599132 -0.146286052030415
0.0458740469355479 0.0398093527520468 0.105614315867292 0.178781633144069
0.0296371798245993 -0.0484102922282873 0.412623907846115 0.43021439122228
-0.0316546669308731 -0.0548641029521019 0.50210364546478 0.448696615034777
-0.0399448774718611 -0.00778632235776531 0.502617679032235 0.569522697024149
-0.00387554958146397 -0.0194238334539484 0.560969062094625 0.505412070497704
-0.0259190294953454 -0.0400874947113433 0.520066042262177 0.252415175986436
-0.0430695681388435 -0.0394349224173958 0.265990465042569 0.0250418103807437
-0.0441631019699158 -0.037415690344825 -0.0653629145007281 -0.132873389101904
-0.0449258109165917 -0.0318670587296965 -0.34697062048358 -0.135911980221466
-0.0360784197230491 -0.0229182833712497 -0.577701978813702 -0.133202840812381
-0.0326352289816817 0.000190670801750031 -0.696461956433905 -0.0635531429179664
-0.0553504916292097 0.00530374473845695 -0.775824252942491 0.000193399366453052
-0.0728457842011274 -0.0546534889911834 -0.725801072281321 -0.0153689465004879
-0.0253440019350265 -0.0554373024767656 -0.580781205821963 -0.14501245448014
0.0385895045453785 0.00852036547749418 -0.224213820520737 -0.133302720210352
0.0305148457053129 0.0264131454784715 0.0985173818698045 0.177927530199515
0.0179781055144077 -0.0111913961026281 0.395052514003093 0.455796176313357
0.00125224044309624 -0.00404069490412229 0.464147516423414 0.490678509659721
0.00951570548364383 -0.00257792315192971 0.451635817467691 0.621609121222816
0.0144106007939367 -0.0191289811254484 0.522946881135694 0.55359455718133
-0.0135127305186216 -0.0154166252054753 0.499757670847744 0.271214362925392
-0.0212377898020111 6.24609693269653E-05 0.252887064973522 0.0226902312129163
-0.0149533236349965 0.00289823331252922 -0.0772742287975586 -0.143444928770586
-0.0143227413982444 0.0057028814514626 -0.362885338936619 -0.133996237813325
-0.0157817108296636 6.83723283661612E-05 -0.590386232310749 -0.106133907144708
-0.0193395841925076 -0.00401297159789395 -0.697909861567912 -0.0182996625161956
-0.0227365018620186 -0.019345935445621 -0.768885883603818 0.0590265828819033
-0.020455381512963 -0.0367360443388329 -0.722611961958397 0.0328985668441201
-0.0142103267792163 -0.0130615001975313 -0.586465578481522 -0.118914170824722
0.0201359871821616 0.0101501799026907 -0.224734655573543 -0.126393954291522
0.014188234986559 0.0105703950844883 0.0937437988771261 0.179355900250445
0.000354192308179782 0.0238519791020569 0.389310054069663 0.461991081178093
0.031242547251831 0.0486335518215455 0.454716500586599 0.506924155220245
0.0574992690222546 0.0060089965273026 0.447208421745656 0.635871503007411
0.030071471454316 -0.016789932063173 0.517231637895967 0.560940620430072
-0.0020006142192044 0.012433807999985 0.492628871016722 0.277799750468622
0.00245289330011506 0.0427658040689743 0.247642378738634 0.0306092492534468
0.016840439683344 0.0439848482684693 -0.0778257814235174 -0.138230955086867
0.0184856290986575 0.0405005528130959 -0.364156290505389 -0.125909949661538
0.00633483980848057 0.0192346047760774 -0.594117358024922 -0.0956111477548849
-0.0061420557931279 -0.010989002319862 -0.699078620385024 -0.009823693600942
0.00945186653898515 -0.049303763958003 -0.766508405241126 0.0702038888963228
0.0353101358540397 -0.0239350266485582 -0.724045382163551 0.0408073693883037
-0.000185419237693345 0.0260352011650925 -0.592011084373648 -0.116332081905155
0.0026171268621687 0.0102156984433463 -0.223562921885114 -0.125583577562565
-0.0020441778976993 -0.00250014816271689 0.0946477877916421 0.180236010672253
-0.00996210953977744 0.0581450835727507 0.395473971564203 0.448441057146087
0.0639870533880316 0.0877234872444965 0.481111601554265 0.493393415283933
0.0959414035517761 0.00319784901577354 0.493423076465024 0.60239997714293
0.0406041163597311 -0.0159363728308012 0.544367612638295 0.5262118493801
0.0114361176092286 0.0388078006817979 0.498964317074175 0.269882211974967
0.0277809663945165 0.0782924449644311 0.251824524106334 0.0492866748955696
0.0470871426107751 0.078918574795936 -0.0647928168115911 -0.117884310024249
0.0484333149681758 0.0707924524283028 -0.349984688794937 -0.115192157262792
0.0274188645168825 0.0364032797309097 -0.586147637353963 -0.10699507179787
0.00697240811001507 -0.0196621947118895 -0.701990720708379 -0.0382529208795851
0.0428561654679248 -0.075535988834783 -0.767571335997666 0.0280444369517929
0.084832545127623 -0.00818279064323636 -0.722973429864918 0.00370079441966409
0.00802445672472249 0.0615109613316419 -0.596286655915328 -0.141799722682842
-0.0141314365001393 0.00557550878863891 -0.219239777949932 -0.131953740526326
-0.0159837014355632 -0.00667338032393562 0.101906435281688 0.179655805354804
-0.00653510930103765 0.0828356612746392 0.413010154998194 0.415687822084105
0.0981560593064511 0.0993292660354993 0.535725402467857 0.447257310990021
0.117199812161365 -0.0141921844124352 0.57204120660702 0.519158902728427
0.0452934450249849 -0.0169312096114055 0.587099016913233 0.453497899816543
0.0271459955317633 0.0569289902172068 0.515791256564015 0.250814234616116
0.0510401291924765 0.10156109085786 0.265231247978463 0.0737404238369386
0.07086692990612 0.105550299990185 -0.0418663260601231 -0.0861403434386525
0.0690830579101412 0.0936240899029695 -0.325643871962867 -0.102393018542327
0.0414139543751808 0.0493962876368009 -0.57211595318208 -0.131897746681836
0.0183565330558076 -0.0247133355928449 -0.702488750727248 -0.103900046186463
0.0769266853752782 -0.0898267122066919 -0.764620025193412 -0.0652242283747534
0.120102448368202 0.0155463796533687 -0.720330300697379 -0.0710557552322719
0.00302631687841806 0.0884106618274807 -0.593894273045379 -0.188120907836878
-0.0275494637268739 -0.00464101107769203 -0.213858301175396 -0.140532285786442
0.0695020737213218 0.0291345549715002 0.146610974930196 0.167324522515719
-0.0139151362806247 -0.118791516014918 0.4849414999699 0.281943757176334
-0.125323258921697 -0.07931164610752 0.670424346201998 0.194990654245328
-0.100105221763971 0.0369268962487982 0.72744826654752 0.204024086152792
-0.0270263175071381 -0.00345737120657187 0.698834857846883 0.192363176050502
-0.0491487076809496 -0.0606461100810654 0.596216885519462 0.132016411786571
-0.0753638361325412 -0.0891790176326373 0.336641821953522 0.0653914108168152
-0.0773031522170705 -0.100927925886287 0.0247605250069136 -0.0317358763107438
-0.0706759221103297 -0.103318894639941 -0.245188442942089 -0.0908176370399936
-0.0469202137530868 -0.069986235525264 -0.483896134626468 -0.237909046223766
-0.0572211370507604 -0.0105260184561227 -0.638749097052328 -0.341430540375874
-0.133961955916806 -0.00619307321705675 -0.706559251724719 -0.3837880737443
-0.131720783885017 -0.156113830365423 -0.645796148782349 -0.328846934838503
0.00700501574563311 -0.137803065093706 -0.536074991137945 -0.32187751572974
0.0737050244093393 0.0267241637051532 -0.205348092015284 -0.172687252240389
0.0685786354375101 0.0405657772372156 0.133224692912983 0.17524784648857
0.00957049365607681 -0.111359066360496 0.466626291968779 0.336007593469374
-0.107174481860877 -0.0944565703021371 0.622794455794509 0.291556900186854
-0.101470155735205 0.0189067903125642 0.668944907409166 0.345996423774371
-0.0267717479828153 -0.00862220048345233 0.668389446049405 0.308951517429398
-0.0473373892212953 -0.0628948302732386 0.577089852769964 0.175208812249642
-0.0736445821249632 -0.086683653401793 0.31137581081152 0.0493147734293778
-0.0792540105970282 -0.0945008023517676 -0.0102104277975103 -0.0727672103999065
-0.0758541119418786 -0.0923669120527959 -0.283042187296292 -0.114957232814225
-0.053658390893837 -0.0627748601248926 -0.522121227244848 -0.204215570356348
-0.0529689495053668 -0.00466830283268965 -0.673421263020921 -0.238538683298269
-0.117639870934998 0.0147070918375876 -0.758691500525009 -0.237390720193064
-0.138322869890207 -0.12065249691229 -0.696711413737971 -0.214763952989473
-0.0139439981058942 -0.126276318758896 -0.558054873291359 -0.257881604761187
0.0689588126155462 0.0177933827037724 -0.215014193155836 -0.159525335018108
0.0604933779188151 0.0451988432481049 0.119808303431113 0.178433073610791
0.0279614907453767 -0.0849206437632242 0.443862192341702 0.387986190525679
-0.0713492168117772 -0.0873628874023659 0.565999066752482 0.379264367525546
-0.0807266504852927 0.000623301091132718 0.590310839306742 0.473488966576558
-0.0185138903912966 -0.0154809618126904 0.622227596632645 0.419222865093608
-0.0387041160923748 -0.0558195451232233 0.552966879602523 0.215475428732267
-0.0627835195982112 -0.0699813544316934 0.287658394537761 0.0330931141764024
-0.0674238102027403 -0.0717580473950265 -0.0418448430541423 -0.108013312798455
-0.0672478636426447 -0.0657810477514 -0.320732485572607 -0.129233046358663
-0.050116348478696 -0.0451462507073216 -0.55594623048291 -0.164795717322039
-0.0452396187038418 -0.000476848662016676 -0.697085413976488 -0.137068317417126
-0.0890757750553137 0.0191978250345593 -0.783119262165314 -0.0985514764031823
-0.116573390376624 -0.0831062675625709 -0.725467708348803 -0.100882807716693
-0.0270380524918305 -0.0955529785767404 -0.577830754129576 -0.194066588281561
0.0569400325909879 0.0108391300768825 -0.222444921090479 -0.145308349517706
0.0477543293063845 0.039920222334283 0.107740038203135 0.179398872788039
0.0301320961882221 -0.0488204357801367 0.419912349512372 0.43153619486507
-0.0329690307421246 -0.0553416962285812 0.511511110116002 0.448960702592565
-0.0406807926365349 -0.007090209031398 0.511116691423305 0.570792055764699
-0.00357404359851514 -0.0196075014293639 0.567064316385007 0.505893998285669
-0.0268790639594196 -0.0402976038725561 0.526873317080322 0.24705276421566
-0.0432546476224805 -0.0393648763308765 0.268342200081345 0.0223762879448396
-0.0443301379123531 -0.0369608748667989 -0.066603893517151 -0.13398985359733
-0.0448224034391931 -0.0314729134895017 -0.35086016425464 -0.133792935424098
-0.0367817118632154 -0.0229876669615304 -0.581978764965364 -0.127818667141994
-0.033100014816674 0.000206225172156162 -0.704031706308439 -0.0579441986731202
-0.0556150610110501 0.00616022346265841 -0.782715829941851 0.00727797688362522
-0.0739879937502219 -0.0551123665472003 -0.731995430843112 -0.011647623344968
-0.0257873632135112 -0.0556452719992829 -0.586459371644475 -0.14267149754343
0.0394608387281111 0.00905031596465374 -0.227210345318997 -0.132580327360163
0.0313634642100823 0.0267384226994259 0.100687695362289 0.179303018977318
0.0180565073971104 -0.0116151831576488 0.402876243143163 0.457606479404878
0.000154432737187922 -0.0043923208815112 0.47089822326205 0.492098466878054
0.00893558881326441 -0.00184271725188139 0.462500857332152 0.624247429527117
0.0139736783546641 -0.0193025151330009 0.532295336043392 0.555434599575482
-0.0140064896482984 -0.0151792596140876 0.506375964073807 0.268168483537039
-0.0213529537688109 0.000320538503244172 0.255462454355101 0.0199412670842657
-0.0149135738830178 0.0031611616642052 -0.0793386915630698 -0.142856026582402
-0.014805383377945 0.0056403414107995 -0.367223171851059 -0.131801772285282
-0.015816218038714 -0.000276714463529486 -0.595720026078271 -0.102744203711088
-0.0196447328451589 -0.00339859582448554 -0.70367288662967 -0.0125045453625451
-0.0230640915627278 -0.019321704159158 -0.775003787732207 0.0668803091432211
-0.0212673744998654 -0.0365902430482336 -0.729398748909942 0.040459253472066
-0.0140974496237567 -0.013281020609404 -0.591927687323949 -0.114298238287774
0.0209208259866185 0.0102988342302855 -0.227913244676301 -0.125770113487377
0.0149959058498392 0.0102958674461031 0.0954011152047266 0.180053538976836
0.0012070722005902 0.024210766810412 0.396164121985188 0.462969717137051
0.0306273348856591 0.0490920743142379 0.463411745000669 0.507961371982026
0.0583338144310098 0.00495020421523919 0.457262978472617 0.638672636503746
0.0302470898652638 -0.0174985375818725 0.526087906281653 0.562370213783597
-0.00173808980184945 0.0132874309037616 0.498780074493243 0.275593589334823
0.00261794695796954 0.0433276867211829 0.250411120840441 0.0284187847217105
0.0173207388760356 0.0442253899730197 -0.0790664941504517 -0.137999879792889
0.0192926006101623 0.0410986012890395 -0.367055134882141 -0.12357409658243
0.00718821699522879 0.0194359635494266 -0.598457999000857 -0.0924149137135414
-0.00630010963781229 -0.0110062713215235 -0.704674942070161 -0.00336001557075806
0.00962134187256251 -0.0490599781593427 -0.769968807690514 0.078673385423001
0.0345783938278356 -0.0248188167377717 -0.728337031867235 0.0462515970476017
-0.000190392144267467 0.0270655113529962 -0.598599125791452 -0.112023403624925
0.00240905440181757 0.0100715322051011 -0.226247205195356 -0.125312355129873
-0.00205979768706501 -0.00226361717292701 0.0968451191639125 0.181462198133564
-0.00931256161284129 0.0583224128309465 0.404219734434596 0.450980182941432
0.0651349789114119 0.0877253134251854 0.48928772189723 0.494116076306033
0.0972914774529318 0.00222265836620525 0.501992400084561 0.603392861178717
0.0408882831822946 -0.0160907957683167 0.552161676205123 0.526437656651449
0.0126294166931825 0.0390942616614053 0.505680139404513 0.266200209564751
0.0286570603422119 0.0796174402841568 0.254094634598245 0.0467581387257404
0.0479585713019 0.0801754348246965 -0.0661263606984303 -0.1182782002787
0.0492220490507159 0.0712129709764556 -0.35377184646054 -0.112945799006611
0.0279950744956651 0.0361467223745512 -0.593540353493868 -0.101155337165916
0.00658311084289172 -0.019909288329556 -0.707922296258248 -0.0325828130511611
0.0422330703625415 -0.0773057414461146 -0.774368401758122 0.0349561498751788
0.0852645173140474 -0.00881366639093942 -0.729786532571296 0.0104486367267036
0.00825696635636485 0.0628950863262944 -0.602483528661041 -0.138334079476772
-0.0151984260695097 0.00500302873295328 -0.222989693671848 -0.13142466281822
-0.0157706213706041 -0.00745575465269288 0.103651622805494 0.181386050938169
-0.0057219832699183 0.0833130161470403 0.421499225040414 0.41876144710907
0.0997147076874474 0.100064832555241 0.542561709737237 0.447114871038512
0.118246592775511 -0.0154653861079712 0.580547675888276 0.518353319627454
0.0461266334192324 -0.017824821433976 0.597506506221634 0.453071911035966
0.0287388351336988 0.0572715621992249 0.522132256160609 0.24681036051087
0.0522088754509453 0.102652951178505 0.268975279831924 0.0721406332426662
0.0728888165820002 0.105347565010531 -0.0427169770801265 -0.0861132321033546
0.0713374702606986 0.0944178227029542 -0.330300477079052 -0.0994058294864555
0.0418593162790401 0.0491014077224444 -0.578235347179636 -0.126592956551257
0.0175739092148939 -0.0258861526707468 -0.709237824937777 -0.0977712261347385
0.0767546283492225 -0.0918537312645347 -0.773085851133056 -0.0578589332895774
0.122034655956583 0.0152217565107988 -0.726874895251885 -0.0674584641950505
0.00525374209008258 0.08913867110928 -0.600707636847548 -0.185666365481165
-0.0280067847173658 -0.00559124961894699 -0.217533425248638 -0.138870822866583
0.0704210082654796 0.0287788730161298 0.149615893847126 0.167806911117351
-0.0154396103558327 -0.120171129930229 0.492339060198909 0.279770013118112
-0.127844056807957 -0.0785505420030103 0.6765505327111 0.191174175692419
-0.100765385977906 0.0385713368005898 0.734987426132543 0.199540352822851
-0.0269942767517779 -0.00261146284973156 0.70587166527494 0.187636134570875
-0.0508357042181967 -0.0609568371008083 0.60385906122963 0.126075368566058
-0.0778244876413775 -0.0886276292389684 0.341191853451146 0.0626973953508945
-0.0796547879285211 -0.101431928963187 0.0245036819669014 -0.0315800069551503
-0.0727872913576021 -0.103726327650014 -0.24792095560924 -0.0879661416423795
-0.0481260841158373 -0.0693680981976741 -0.489440481498307 -0.234767620711532
-0.05804786210376 -0.0104411771978941 -0.647184972271071 -0.3371512637706
-0.135200509742218 -0.00514366211317083 -0.712592138440066 -0.38041776757254
-0.134939774003752 -0.156566487206211 -0.6534094113024 -0.326589623466157
0.00671282748419004 -0.138590316975009 -0.54361427349422 -0.320900089731667
0.075424011128218 0.0258718612157054 -0.208524908674698 -0.171978440053599
0.0701651535342007 0.0399150896801311 0.135738031984006 0.175776537044647
0.00932389774689137 -0.1122079585724 0.474657580479951 0.335108285116099
-0.108974039077927 -0.0944404836759285 0.631077425567927 0.287581332239229
-0.102494618190889 0.0209486402271197 0.678200138918506 0.342390285358405
-0.0270947167540442 -0.00783934353878188 0.677017996410828 0.303235885407756
-0.0478662984890465 -0.0624404492974643 0.583750799465545 0.169499458717238
-0.0756341043663076 -0.0863363630421156 0.314319473356306 0.0459798662199997
-0.0804432003243661 -0.094395062731846 -0.0110583974703491 -0.0727068207600085
-0.0776858367683598 -0.0919231658414018 -0.286928204968843 -0.111845963822651
-0.0537266124432738 -0.0627835797805175 -0.528571424695268 -0.201356868439483
-0.0532609866621662 -0.00444997788946259 -0.684123719660451 -0.23346674854387
-0.118788438198726 0.0143972094410755 -0.766196797953296 -0.230889922990677
-0.140315402941968 -0.120962667745572 -0.705078629330321 -0.210618323352937
-0.0143738899999395 -0.127026963354254 -0.566944797836808 -0.25713323783058
0.0704094037057726 0.0164881778608671 -0.218250708240076 -0.158199264218986
0.0622285422213458 0.0444328432338461 0.121294904240913 0.178986380654648
0.0275683387182681 -0.0858105682155041 0.453025888726139 0.389135763647646
-0.0733058510286638 -0.0875970535553991 0.574415207907832 0.37689716192767
-0.0813301918666226 0.00142434375208001 0.598829939541709 0.472118009775148
-0.0192628508784952 -0.0153160246790209 0.631534051582704 0.417182963795851
-0.0385364831427632 -0.0562075154317637 0.559417006843979 0.211003749987012
-0.0632211938483383 -0.0693765736793739 0.290841072614932 0.0292090654859027
-0.0688423335219892 -0.0710453101535544 -0.0433068855832939 -0.108362508266629
-0.06874723434721 -0.0660397605817527 -0.32478348077797 -0.126247075368479
-0.0514431093029793 -0.0445239553981901 -0.56290773079994 -0.160261368378539
-0.0449233210479476 0.000685667864484336 -0.702779636721507 -0.130559733206194
-0.0891550606503501 0.0193981583089421 -0.789070143834757 -0.0911376446854981
-0.118643065918039 -0.0830555793928726 -0.73202744665614 -0.0946513568331198
-0.0271664571169393 -0.096036467652083 -0.583801371763455 -0.189975609400914
0.0588963105243144 0.0102587984552526 -0.226285255706056 -0.144572296514384
0.0484721668631846 0.0396022620738972 0.110129534519315 0.180214330356627
0.0301457817366497 -0.0495066317768348 0.429508888300204 0.432021609190932
-0.0341714004619016 -0.0550553815502864 0.519244563965873 0.447311295099039
-0.0406938443074553 -0.00648669225943845 0.521956495682153 0.570861752055965
-0.00399250206033957 -0.0198373312074391 0.57664363844415 0.505446418131265
-0.0270207009828304 -0.039554139171397 0.533317681997984 0.243526713994761
-0.0447578981048848 -0.0384211626058275 0.272054247775078 0.0194144130437033
-0.0456174452629046 -0.0374594163800585 -0.0679805536850561 -0.132640365180168
-0.0456283632760445 -0.0313249446644632 -0.355285870119752 -0.130997833849175
-0.0375186769856584 -0.0231528834852432 -0.589383440244353 -0.122627065823793
-0.0334283209715918 0.000757391914052129 -0.712035935861911 -0.0521997942248569
-0.0564901350821493 0.0064304917380557 -0.788033069797604 0.0170365275308891
-0.0761706519530008 -0.0536789420543085 -0.737015062545 -0.00293705012491248
-0.0258690016057494 -0.0553042691127329 -0.594005263303008 -0.139498393009406
0.0413144812068891 0.00767626471504794 -0.230405474914234 -0.131144440844797
0.0332733052538038 0.0260324499116064 0.102404724967357 0.179797838178754
0.0186647166490149 -0.0116622620710704 0.41187829901542 0.459196426351977
0.000304549479019181 -0.00475291402253662 0.479629707878348 0.491851676714618
0.00887721308406684 -0.0017420098677966 0.469144084359227 0.625255064769631
0.0141206646734101 -0.0198746402181479 0.540448369195335 0.554043656435828
-0.0140728598815137 -0.0156153825575078 0.51334508545339 0.263154290281005
-0.0219438929167609 0.00117955098767421 0.258102614791285 0.0166008132734395
-0.0150641339155991 0.00341533039112431 -0.080917907035722 -0.14245529410928
-0.0141208661043086 0.00586425130702892 -0.370851593497931 -0.127959983784901
-0.0164701971738383 -0.000217531898862103 -0.601840522748887 -0.0951198670839335
-0.0201851727410236 -0.00309045702897666 -0.709826737629178 -0.00439598163170855
-0.0238553455569254 -0.0187967735390174 -0.780680779068854 0.0790563555274285
-0.0221176975679944 -0.0367653323426727 -0.734800012918067 0.0473486684714596
-0.0136726581791527 -0.0128000014003022 -0.600556254160547 -0.109797283649596
0.0227725323942474 0.00925851541159676 -0.231505360529368 -0.123792433227081
0.0154523759957491 0.0098048705183718 0.0979445667140959 0.181363405639225
0.00230768509992306 0.0245571312887268 0.405744126063365 0.465416703163685
0.0309288769900003 0.0493471210468138 0.472162075875601 0.507999857935286
0.0579140716509554 0.00503500277982995 0.466599126674623 0.640145266837138
0.0302626742387424 -0.0182531203002257 0.537282710706949 0.56298672104569
-0.00155708837255896 0.0130132832608138 0.50712222787106 0.269895744028803
0.00374377304963866 0.0439278110758347 0.253210988315541 0.0255471945837106
0.0183182585606154 0.0440830044693117 -0.0804002906733448 -0.137865576615627
0.0197598522558716 0.0407705450230664 -0.371726755716805 -0.121023131917393
0.0069274942340433 0.0203715853979084 -0.604703417251657 -0.0863416296883757
-0.00636974202646727 -0.0108200541423457 -0.711382067494692 0.00502322205680226
0.0083783728415812 -0.0513214084194309 -0.776742865641272 0.0871919377136532
0.0339200725199092 -0.024756725305308 -0.735018848989568 0.0539010831916612
0.00113435101392859 0.027713025860043 -0.603623696149511 -0.108029427354958
0.00347934906298016 0.00927472547896153 -0.229850819836445 -0.124405277378585
-0.0014867465699308 -0.00255811568639051 0.0991062950756531 0.181988669316686
-0.0091505555830335 0.0590856886815966 0.411334371742921 0.450888626600539
0.0657649026587378 0.088613092408864 0.498529686089026 0.494643251567643
0.0981395645578985 0.00188320020091308 0.511254948972603 0.603979075921186
0.0409818106279226 -0.0169535111385073 0.562182500254837 0.525264762966003
0.0130521900141243 0.0392784492540178 0.512366429117586 0.261112395429497
0.030160575410447 0.0803291670325508 0.257471121779752 0.0444760321937047
0.0497287925056819 0.0798619919074139 -0.06752080282805 -0.118302505434871
0.0509208335127651 0.0710392782677916 -0.35703768063627 -0.109810189409076
0.0281141758242335 0.0365911745701241 -0.598033491253751 -0.0964898976210483
0.00632501583962568 -0.0197378718641287 -0.715244368057511 -0.0249369314547972
0.0415872251401632 -0.0784844156887011 -0.77832905461607 0.0426922534449807
0.0859089650011595 -0.00938786871546166 -0.735722496913714 0.0176429155716225
0.00992058737140057 0.0633208330695285 -0.609945666657867 -0.132735594664007
-0.014956032618219 0.00440185417681726 -0.22578281364487 -0.129475293610142
-0.0156333337444779 -0.00785221171590088 0.105797612139075 0.182226306106555
-0.00477949584532784 0.0845439068101783 0.429712890286285 0.418349206737119
0.10118466175463 0.100411220674899 0.551485077594327 0.446104284518141
0.119411139760139 -0.0161046029534494 0.590325050127592 0.517853059814377
0.0459317076944414 -0.0189942510313125 0.605523718521627 0.45177602968316
0.0296158825447655 0.0572702045943841 0.528022157769689 0.241687634755378
0.0534756046294345 0.102919772962173 0.271577746113907 0.0690688283924872
0.0747162034689903 0.105758928972544 -0.0428377773604604 -0.085837731069521
0.0723995951513284 0.0933978986294901 -0.332613771970091 -0.0959965603060997
0.0429030695025626 0.049066398245725 -0.583314054700967 -0.120752554804159
0.0172202149214654 -0.0265042051550507 -0.716189150993451 -0.0908586938180951
0.0762428028579982 -0.0940302245938717 -0.77895330719068 -0.0486548009131188
0.122532707736567 0.0147045170744935 -0.735119548166226 -0.0592620594865172
0.00655882232880969 0.0902074983750646 -0.607750112050084 -0.180218333561319
-0.0278739129899031 -0.00676271140255865 -0.220763926918806 -0.138135711525972
0.0727313963547244 0.0283768406631221 0.151901557574021 0.168252076932195
-0.0158226642945924 -0.120002716475982 0.498843547543182 0.278922448642896
-0.13052303637018 -0.0774136284385457 0.684953182183466 0.183065614297125
-0.101093816741278 0.0402725151525771 0.742498214564204 0.191208970120453
-0.0271917610183485 -0.00250220751904179 0.713274479988753 0.179026029481669
-0.0517992404231029 -0.0603273858477622 0.609325230595485 0.118798863111039
-0.0793823328796026 -0.0877227439653276 0.343781516777088 0.059220692171843
-0.0811834886379887 -0.101144744900545 0.0248269017536451 -0.0314945754518419
-0.073987087264172 -0.102941857661304 -0.250647332925647 -0.0853785481521783
-0.0491141699617924 -0.0696198236739501 -0.493615916182855 -0.229316354032455
-0.0586587570903489 -0.00956874013033719 -0.656937226579135 -0.331230656294057
-0.136236839551268 -0.00379125393617096 -0.722255757827519 -0.371855387092443
-0.138325001266266 -0.156194588481881 -0.660017981068427 -0.322463998765407
0.00610545991222881 -0.139136724212888 -0.549396680444811 -0.317546630936418
0.0771083066662486 0.0247124526740645 -0.212527507655067 -0.170820898069312
0.0717349424524561 0.0389062513261051 0.13725533279777 0.176963339870571
0.00858665406009587 -0.113270466733637 0.482257367896317 0.332364677022052
-0.111909040900186 -0.0940375020373382 0.637809556846443 0.283928646671851
-0.102458181559248 0.022438600304217 0.687117469529124 0.337145030127461
-0.0270839539048751 -0.00745737510589178 0.684541271394752 0.299024375688028
-0.0492752705658902 -0.0625191990198271 0.590174369227094 0.162790836994951
-0.0772941408603874 -0.0855228569603143 0.31754380311005 0.0420320550187359
-0.0825999865523781 -0.09423116729779 -0.0110834678782622 -0.0721923422868422
-0.07884209764828 -0.0911151930586861 -0.289102956213954 -0.108750195527302
-0.0562707541690644 -0.0619792098398434 -0.532665727163623 -0.19479442764017
-0.0541944008618476 -0.00350567789753908 -0.69113390327194 -0.225854105637774
-0.118813506437005 0.0164240521532663 -0.77532768248146 -0.222407082330153
-0.143522567266271 -0.119571815779163 -0.710477686562044 -0.205369923209342
-0.0154907713646515 -0.126960014000465 -0.573448936106274 -0.252739712297228
0.0727614479960742 0.0161031704272031 -0.221805380935211 -0.157589686360386
0.0640196991511601 0.044803942733054 0.124163766099496 0.180243058036135
0.0271499180732563 -0.0871850525683151 0.460701823528003 0.38878088932751
-0.0760484208111408 -0.0878548572378764 0.582638043520234 0.373729935490586
-0.0821656499144622 0.00295580983444801 0.608133684000882 0.467977095290321
-0.0188509991175096 -0.0148536076802627 0.638963819601853 0.413733838625273
-0.0397710903892717 -0.0558830792087571 0.566012168432968 0.203909184557384
-0.0657720522656604 -0.0687907049886039 0.292495103951735 0.0252611065582246
-0.0699721634369118 -0.0709580901665518 -0.0450614698335891 -0.107474267681839
-0.0695797043897463 -0.0661652610177913 -0.327729640134767 -0.12252697810595
-0.051996844298866 -0.0444329003585518 -0.567943467126073 -0.153536455963826
-0.0451795004576019 0.000490111932058029 -0.710571875780996 -0.123466923166791
-0.0901380221606322 0.0201667174199234 -0.794707070830134 -0.0807610466928013
-0.120937391484399 -0.0814916920703329 -0.736991099626124 -0.0885029470781153
-0.0278844010189881 -0.0958611458299584 -0.590447901604335 -0.18555655742159
0.0601787655403012 0.00923914413917528 -0.229523828324903 -0.141912081161523
0.0498636109471826 0.0397118668729102 0.11303026337269 0.18091102220056
0.0301984775096752 -0.0501910686510366 0.437804819975841 0.43184891894541
-0.0358254925937342 -0.0553685923516 0.527516101900383 0.446075206504959
-0.0408562292983971 -0.00603168897612262 0.531456436271638 0.567251558088749
-0.00409710919613116 -0.0197228085595544 0.585667145480083 0.50166428369369
-0.0276946927901538 -0.0399318305337863 0.539168663979456 0.238709557301543
-0.0455511135208445 -0.0379398439394236 0.273113577283561 0.014670621737963
-0.0461035348626295 -0.0367617958712195 -0.0695199242537575 -0.132937934410542
-0.0467775740122976 -0.0316169374092718 -0.358096960869211 -0.126200437403552
-0.0380384960632581 -0.0224287902840439 -0.593712366241434 -0.114836090591895
-0.0339404742386481 0.0017254725994023 -0.717238015499137 -0.0421830747960846
-0.0561312148254998 0.00760932369627707 -0.792196764790468 0.0251638688936497
-0.0779500623984058 -0.0532695249627131 -0.741750330980748 0.00462323611855133
-0.026293860188296 -0.055020335845008 -0.599843270778075 -0.133266862540607
0.0424660275034567 0.00699575741934889 -0.234305969822995 -0.129387960331437
0.0336348959427999 0.0264481875100361 0.104958684368887 0.179984554491059
0.0190935123770736 -0.0113712643860072 0.420449524111935 0.458032888310076
-0.000655690559387852 -0.00422832570186067 0.489191104141974 0.490232425923757
0.00893783998897079 -0.00227972500815444 0.480021620796421 0.624180462627432
0.0142455277426918 -0.0200849039988518 0.550931066873378 0.554373461828441
-0.0148911722993093 -0.0159258313600656 0.51942632863201 0.259771335591933
-0.0217844740854533 0.0021350445031392 0.260040170798866 0.0130812512091009
-0.0146685785159553 0.00374292863238467 -0.0836645224121927 -0.142947223387289
-0.0143325722803888 0.00644857840313951 -0.373549266408535 -0.123347847207826
-0.016700915897103 1.40562319128519E-05 -0.606334077682899 -0.0880911695109067
-0.0204547167247765 -0.00305899689577683 -0.714333156088053 0.00397481501265178
-0.0242811360977646 -0.0198389021700497 -0.783246339430289 0.0875963484636158
-0.0231381325841096 -0.0366659256244619 -0.739582902207654 0.0548780681476144
-0.0130846822016355 -0.0121354846653424 -0.605957823077746 -0.104995814396281
0.0230448805707468 0.00761777176710587 -0.234591229302042 -0.121715011338003
0.0162841632110918 0.00949428141947686 0.10056654259708 0.182522254862836
0.00237647395244601 0.025028138981479 0.4141554789687 0.464836982668581
0.031682665991182 0.0498079534527642 0.480475589828725 0.507686499412973
0.058744145979501 0.0043635536073945 0.47466211473636 0.638728650493129
0.0307661259723159 -0.0183997763839728 0.545362965231323 0.561920409888134
-0.000942242804492198 0.0129030397458602 0.512529563158976 0.264703976932016
0.0041182080973003 0.0442405441895159 0.255107507447458 0.0216475324187591
0.0187399534797222 0.0448685565092791 -0.0827762336247274 -0.137225564434796
0.0203347203847499 0.0412609812799399 -0.374467439029952 -0.116284505709404
0.007006616711341 0.0195564572584796 -0.610030866063847 -0.0793608228114284
-0.00707355462004655 -0.0113767481477336 -0.716998511518381 0.0128390186387686
0.00784145786758526 -0.0508043706091401 -0.77995097852772 0.0976087683691084
0.0345870179313246 -0.0249653321504843 -0.738142626944777 0.0623687591634581
0.00264507545972489 0.0277831596730418 -0.61048468335315 -0.101960854055016
0.0038457552227141 0.00932432941657799 -0.232572740515297 -0.122029173129129
-0.00124608935198363 -0.00307215466640553 0.10085964603614 0.182935150121283
-0.00788134921772742 0.0597803427466792 0.420178629840379 0.449711405088218
0.0673308725226494 0.089108904801988 0.507504823503039 0.492333038418093
0.099242137884894 0.000657079221324352 0.522245325014191 0.603019068337646
0.0410034216210416 -0.0180542246547205 0.571222900081839 0.523063458070745
0.0134923978761917 0.0389714090399147 0.517154737843808 0.257494198887547
0.0311981628063958 0.0805905538698756 0.259217327474146 0.0403929431003567
0.05031054250844 0.0801614772101089 -0.0694556071086647 -0.117433137091849
0.051540908465186 0.0711994369622402 -0.361112585074895 -0.106372312276137
0.0288966271031437 0.0361073964905896 -0.602914846613852 -0.0897476660095002
0.00530181270040726 -0.020766345426516 -0.719468298961141 -0.0150490602643355
0.041234245567497 -0.0799148818456324 -0.783993776273697 0.0553950990726835
0.086302632796968 -0.0104879656749457 -0.740012069868397 0.0238312598259258
0.0118156028726532 0.0642714937256263 -0.614038013562815 -0.128658117828167
-0.0148218081406734 0.00427643517899779 -0.229082297408598 -0.128060836502575
-0.0152478132752568 -0.0079211017301047 0.108280455049829 0.183519898194925
-0.00424075769470752 0.0850526742532404 0.439797838536291 0.417272840565487
0.102588450165355 0.100098698960028 0.559914201330333 0.443223038369804
0.119584401117911 -0.0176984595276642 0.59957285692696 0.517431842155286
0.0457868061936588 -0.0196285412906917 0.614507403252825 0.449205029591235
0.0296574131760718 0.0572059098900075 0.533281243773594 0.235649605606866
0.0561516999344408 0.104833821609577 0.274121513746518 0.0660387654369135
0.0761231571988229 0.105441334215925 -0.0443427474301473 -0.0845507708853235
0.0747047356330571 0.0939039703580854 -0.336121192431685 -0.0923557184108249
0.0430471760202399 0.0489449429919812 -0.588601948720938 -0.114257537324356
0.0167268796139501 -0.0262437093774038 -0.722346467421466 -0.0818867398066021
0.0753106712920809 -0.0948543838452224 -0.785482085558779 -0.0390809712861428
0.124828930131091 0.0134586120328719 -0.73907425786821 -0.0528461407856559
0.0086727442890355 0.0910637831877074 -0.615305808256983 -0.177148976003969
-0.0279547070703039 -0.00736490242487578 -0.224274484297401 -0.136674652035163
0.0739498550126726 0.0274172360311673 0.15453235014428 0.167785643456461
-0.0168021866078109 -0.120868156816254 0.506460779138954 0.275747682161341
-0.133456585862511 -0.0767647248795269 0.690559950015983 0.177313539442256
-0.101725735992328 0.0421033264705665 0.747593871847845 0.182728061871705
-0.0271281996462462 -0.00222200145840673 0.720527020462938 0.171514036782546
-0.0531493770049132 -0.0593102487360305 0.612275297116974 0.109783364071977
-0.0814579986434981 -0.087648642491297 0.346203611341826 0.0545067880131146
-0.0825106738528037 -0.100871661546696 0.0247898279756545 -0.0310975984408312
-0.0756209347460105 -0.103138262587678 -0.252402897259223 -0.0811595024709799
-0.0504568232182756 -0.0694932728030589 -0.500590553211416 -0.224431483497213
-0.0592018789387322 -0.00827370455170313 -0.666187760425159 -0.325482136012321
-0.137709247428995 -0.00251994830194281 -0.731773654000668 -0.364630852695484
-0.14173797188849 -0.155307249813 -0.666549959938481 -0.317600362977785
0.00603794622018424 -0.139857479618614 -0.557270133086888 -0.313188779609068
0.0784737621629793 0.0241297113378158 -0.215937408970198 -0.169232314325255
0.0732369081322079 0.0390015733023785 0.139755327889085 0.176119156050019
0.00794642409593881 -0.113380778291101 0.489436535174894 0.330952208124833
-0.11478326830305 -0.0930313297258557 0.645001222233537 0.276782600525214
-0.103680656567444 0.0239221586041334 0.696278621101606 0.329278517842801
-0.0270893587609784 -0.00710140722483942 0.692485769480417 0.292161696322772
-0.0497911280261309 -0.0615777896398141 0.595045815259346 0.153609225328065
-0.0784519078018021 -0.0849856472072746 0.319820912500852 0.037084784736624
-0.0836479895469752 -0.093988216959428 -0.0118644765616911 -0.0718747030260398
-0.0803718970405185 -0.0922000593129652 -0.2916214454392 -0.103923988160185
-0.0572126835968967 -0.0621008573634007 -0.538610722458914 -0.189816142248214
-0.0546534446854433 -0.00254231685069809 -0.69746990899173 -0.219546736070975
-0.119582355967736 0.0174708735727707 -0.781993292775217 -0.213575032889494
-0.146997599467588 -0.118866176934296 -0.71690299053441 -0.19542647946085
-0.0167429856160595 -0.127477265069298 -0.580509765711251 -0.246143069101567
0.0747601196595759 0.0150965929796417 -0.225180992582534 -0.155472968189988
0.0656646856132597 0.0439013584717671 0.126670766597781 0.180087385615567
0.0272630182030216 -0.0868859214054265 0.468759413554343 0.386690951598839
-0.078299828265969 -0.0875919611357711 0.589976388957175 0.367192301294391
-0.0829678109113985 0.00405075355349242 0.616903755744413 0.4649576413332
-0.019396949831615 -0.0143618481363248 0.64723813920763 0.407559374678202
-0.040567533071057 -0.0556927085967356 0.572369240697249 0.197928934802692
-0.0663024784123061 -0.0680514529355529 0.29555512056871 0.0209498593836594
-0.0714951801735463 -0.0705364286430534 -0.0454948338753539 -0.107152537530188
-0.0710028469468995 -0.0652775601051258 -0.330543248576919 -0.118276905162067
-0.053077092553416 -0.044335752627691 -0.573039402527835 -0.147779432658671
-0.0456060277315024 0.00141079971212174 -0.715768766617495 -0.114640033419992
-0.0905054329247425 0.0220277363773969 -0.800612040480114 -0.0690244677187737
-0.123340146450416 -0.0808828663278226 -0.742648630685777 -0.0791220096463213
-0.0287230337015089 -0.0957920822691993 -0.596605145041857 -0.179103515494261
0.0611430387729036 0.00835625536772478 -0.232438442702892 -0.13985980835599
0.0514230700204538 0.0387946683870437 0.114652817713351 0.181169337105974
0.0300484310715186 -0.050915975904408 0.446375376663858 0.430700334759322
-0.0366271601100748 -0.0550950080068336 0.535573201190145 0.441940093633265
-0.0418561578908551 -0.00531593149330391 0.540990866092606 0.565726493956734
-0.003764357986809 -0.0197800131457731 0.596855523614221 0.499783911475999
-0.0283075679092401 -0.0399475655127866 0.545659066913983 0.231330419998553
-0.046858654015972 -0.0374004745496923 0.275811660348521 0.0107011790304875
-0.046819529680656 -0.0363289703396888 -0.0720298960929368 -0.132054473098445
-0.0468512829897121 -0.0300877176041712 -0.361651435795375 -0.121804413174415
-0.0387852170971391 -0.0217488571534921 -0.598110953371647 -0.109470705579888
-0.0344730659755225 0.00155483740993277 -0.721386598257926 -0.0318615488534684
-0.0568396830150464 0.00729175987480679 -0.796749303222644 0.038763275306533
-0.0786718515664124 -0.0525901003352672 -0.745553009442443 0.013534531879714
-0.0263468885676945 -0.054864107537766 -0.605087855630624 -0.127203959390132
0.0434160749037789 0.0056598212596272 -0.237519384864621 -0.127352650230332
0.035331349054647 0.0255971007899858 0.106790705965507 0.180581986972732
0.019021861951119 -0.0120764388560419 0.428938273049299 0.455264587200297
-0.00179044523408616 -0.00431899810501489 0.497845982882069 0.488215949441588
0.00926801843925324 -0.0022917497758601 0.488595123408177 0.625157864201386
0.0147728092818282 -0.0206477401715556 0.560055797374323 0.551194236038295
-0.014644458839546 -0.0154749127330784 0.525347667637139 0.2529217960556
-0.0220569877117203 0.00286904667942865 0.261195693086218 0.00909740618582341
-0.0148879899869752 0.00406511684528142 -0.0854505869725732 -0.141617639075429
-0.0144103470910407 0.0062297727003043 -0.377458309464166 -0.118496165193495
-0.0171588080478239 0.000545682655024547 -0.611162983672037 -0.0795102774879591
-0.0206073155561951 -0.00264866386145517 -0.718506526278585 0.0143243470949875
-0.0250191722635999 -0.0196479622952102 -0.786724120873916 0.0985753670829958
-0.0237252561551588 -0.0367230160074929 -0.742566295317811 0.064351009005059
-0.0124507648520635 -0.0121538631608421 -0.610333081115136 -0.0970499803701733
0.0237494298322642 0.00731230268343753 -0.237650376456785 -0.119670338584357
0.0166597969795595 0.00914745093988687 0.102534274992787 0.181894411730553
0.00301173492941456 0.025029550211145 0.421418713217553 0.464371218531328
0.0314551781249244 0.04991854915754 0.488535941729413 0.505133053084251
0.0593486891857559 0.00335251585152725 0.485488151351849 0.639599670433164
0.030759527188646 -0.0193806620014353 0.55598404956715 0.558986061703718
-0.00142040289431175 0.0127999913804499 0.517825051711576 0.258740657803848
0.00456427292195321 0.0451305467552463 0.256798619445159 0.0180113966894592
0.0196605864510856 0.04460341525948 -0.0843344558056262 -0.137340282755052
0.0209008901493861 0.0414286202426133 -0.378043109960575 -0.112250838175104
0.0073661716641736 0.0194376452920737 -0.613781436491377 -0.0713115231128061
-0.00752793959782471 -0.0108097592775346 -0.719929628024954 0.0233358885765906
0.00754891602331304 -0.0520594270159938 -0.783301908417006 0.109858867004206
0.0340739172167391 -0.0252363851261204 -0.741593412347754 0.0706413007696362
0.00335092733022365 0.0282066925142593 -0.615431415416779 -0.094562132101716
0.00520931944941107 0.00784417823818334 -0.236116289795054 -0.120186794875538
-0.000155630383844371 -0.00321290361448653 0.104043273640319 0.183119107249686
-0.00745714153348793 0.0592357367944682 0.430212848772895 0.446852665340692
0.068738484812777 0.09009952389394 0.515642942580956 0.490607888397687
0.0997983768731702 -0.00102326922214508 0.531984978639757 0.600782353893732
0.0414703520187333 -0.0184897491946528 0.581107514605373 0.522204194512449
0.0138610763876325 0.0392973902153447 0.523993804990932 0.250706316310545
0.0323930540554288 0.0816201356085888 0.261657914063334 0.0369998289923554
0.0521321660815045 0.079945824104235 -0.0710824199755881 -0.11700057164569
0.0542455082743117 0.0712563473312472 -0.363044674986827 -0.101695402864314
0.0290583664409456 0.0364872148040115 -0.606648822315102 -0.0825568254386885
0.0048281361412583 -0.0202080441831817 -0.724354447666774 -0.00440708670878308
0.04001752245447 -0.0814380887180865 -0.785741686914744 0.0656929978874224
0.0866664568456156 -0.0103737056635791 -0.743144233046052 0.0338010947497791
0.0128147256183426 0.0646033648258074 -0.621911932600272 -0.122002593744892
-0.0139527941244367 0.00289649186016397 -0.231995800827141 -0.125584816445346
-0.0153822605815317 -0.00830261805074201 0.111127147245717 0.18270496713899
-0.00266143435089682 0.086116111437598 0.44777864639615 0.413961613438846
0.104077711356007 0.100309806465908 0.569728918944925 0.439812040083177
0.120883823566213 -0.0191592634493206 0.609019161258723 0.513130360620892
0.0458942991993472 -0.0205521552492294 0.625143433075519 0.443750943487691
0.0309275965383174 0.0568102367346555 0.540038533128272 0.229636544456242
0.0575443292952944 0.10422453913429 0.276974550882391 0.0618068231623807
0.0775710894713292 0.104954913832791 -0.0455004617020975 -0.084730856217148
0.0763593520044648 0.0939606503257051 -0.337587289589877 -0.0885468881487825
0.0444268744483966 0.0478678939369273 -0.592680786683594 -0.109002865396095
0.0168398947088962 -0.0276392742709399 -0.725339840458086 -0.0732897229761915
0.0743949297687035 -0.0980849805826307 -0.789655904855009 -0.0288379902391294
0.125409785501287 0.0132547276829655 -0.74392715724347 -0.0447581214537986
0.0103377425125865 0.0923645671279037 -0.620473842758246 -0.169857210843045
-0.0284757025317083 -0.00774733488139896 -0.226198196187753 -0.134864277461521
0.0753027473690287 0.0268392545578286 0.15704438455075 0.167758350987991
-0.0181932619311316 -0.120564239416357 0.512179410023982 0.270301550194438
-0.135697944681229 -0.0754344075786122 0.695758483703906 0.167576082069947
-0.101881347391103 0.0442980951075009 0.753897578082041 0.171679843768882
-0.0272257115752311 -0.00154958131394408 0.725102901964031 0.161750605384644
-0.053924024387024 -0.059480796985407 0.616735345858315 0.100479683668968
-0.0826837385086271 -0.0859687239566061 0.349243655048813 0.0486931248951554
-0.0853343517340691 -0.100339965890529 0.0247297832423244 -0.0304460022008683
-0.077605616573523 -0.102665104645188 -0.25311266385822 -0.0776254412185679
-0.0520728673698807 -0.0692938898157674 -0.50462279299439 -0.218855621411891
-0.0594796755861383 -0.00738800670547634 -0.67316445341454 -0.316733986054593
-0.138019810159327 -0.000544712213156641 -0.737644079251832 -0.357146584141602
-0.14564859319554 -0.15446277963367 -0.673189667061012 -0.309945855104259
0.00448258075176082 -0.141249296343502 -0.566257854935763 -0.308476931907634
0.0797609270290664 0.023486878038561 -0.218526047470475 -0.166798450116825
0.0750425428842122 0.0378023056277741 0.14258561182788 0.17612988830119
0.00657328721993071 -0.113828883822306 0.498546670820404 0.327197833810969
-0.117380104650783 -0.0920086981074859 0.652848097804664 0.267691136278353
-0.104281905895768 0.0256902091755884 0.701219520354727 0.321751112840407
-0.0270633214830901 -0.00715084608321949 0.698611623389408 0.286175821430725
-0.0507761161907388 -0.0618012074041927 0.598866123171845 0.142761740800959
-0.0806135632493161 -0.083553558603319 0.32115271264355 0.0321812257728509
-0.0854410188016239 -0.0932537382552576 -0.012458975860543 -0.0709053057797715
-0.0818353375061699 -0.0908073800999839 -0.293503113223627 -0.0997020407743186
-0.058072333281322 -0.0614005064965733 -0.544199644841395 -0.183642538801402
-0.0550608828308436 -0.00167739869105317 -0.705056276427937 -0.208418863462617
-0.120134996395378 0.0191404954775975 -0.786177833311823 -0.202985517659299
-0.150394631758745 -0.117792157563892 -0.720701903321539 -0.188711680132856
-0.017117250653782 -0.128349406228785 -0.587833802720752 -0.241296800243946
0.0751931527583219 0.0137304682339725 -0.227808300198314 -0.152821545425187
0.0670523774836435 0.0433395628191871 0.129565627924691 0.180438924720073
0.0259962045148236 -0.0886711819766861 0.475740822129618 0.381527832263347
-0.0803228223676178 -0.0868879883824645 0.597890548749279 0.361038777401808
-0.0832516767361187 0.00563363274347168 0.624568122966142 0.458244101760791
-0.0190664393870168 -0.0144311792648895 0.654937335952321 0.40220409611164
-0.0420727251860218 -0.0553534844882651 0.575337037544908 0.187915991766055
-0.0676699507151435 -0.0664644574926804 0.296674728129011 0.0156312370256002
-0.0722353089245855 -0.0703591582737037 -0.0467150653716981 -0.107096154159729
-0.0722928969970775 -0.0646295906381406 -0.332723331045951 -0.11326624809328
-0.0542729437199162 -0.0431755017972323 -0.577636835955489 -0.140273434484437
-0.0462324559006596 0.00223797067724235 -0.721078559094963 -0.104706537750159
-0.0899168680036276 0.0233228901422876 -0.803498984482652 -0.0599190225241027
-0.125647008992889 -0.0792817927255675 -0.745323700693708 -0.0706640867751815
-0.0288574597798709 -0.0952357324869534 -0.60031484392093 -0.172335192334968
0.0629241415813093 0.00664920498302736 -0.236212280878253 -0.137209659923541
0.0528889752687386 0.0381136004038046 0.117442578180021 0.181235028756719
0.0304207541344265 -0.0508169939894399 0.455116636384656 0.427276214883145
-0.0392972873896576 -0.0545486615566383 0.544231562055569 0.436512102463015
-0.0422673523022406 -0.00410883919701809 0.550730007069901 0.561138390143025
-0.00457569743695908 -0.0202576600161658 0.60517073812115 0.494568126690111
-0.0289455194482617 -0.0396345617399564 0.549636808317225 0.224950386295578
-0.0471709469536329 -0.0359302378489493 0.276895551126493 0.00551849461707364
-0.0480230652196154 -0.0361398926937964 -0.0732298360459133 -0.131152936470885
-0.0476492393610818 -0.0298705186820369 -0.362110677515975 -0.116801224378835
-0.0392945975032147 -0.0214052070020347 -0.60143880707576 -0.0996480623392513
-0.034648442555294 0.00274509917253725 -0.725440015464784 -0.022586748919968
-0.0571883624508488 0.00845559793983575 -0.800953937098098 0.052072619557602
-0.0809956656226528 -0.0517900713493928 -0.747926447920909 0.0240158579922279
-0.0260194650340605 -0.0539017244858937 -0.610078739131132 -0.119981486919058
0.044731590259668 0.00524384513100703 -0.239237334280187 -0.123924002835662
0.0359734160571523 0.0248527586230093 0.110341172814132 0.180873248730197
0.019938305993047 -0.0127257910605745 0.4379277892107 0.453422562897659
-0.00186042163778917 -0.00380815379920226 0.504760466111312 0.482015372870696
0.00910205599942973 -0.00156692337052908 0.499717376997505 0.620275968969914
0.0136772746324953 -0.0208920030154639 0.57093549163851 0.546086853211419
-0.0148423227923429 -0.0151390293074442 0.531669716634519 0.244813022659887
-0.0221769110199761 0.00405580469909246 0.262939619026411 0.00407237078408945
-0.0153729855311901 0.00406242979078522 -0.0875115605227904 -0.14158827768205
-0.0143124204098655 0.00693699595817308 -0.379527744321639 -0.113260751603936
-0.0171531385670476 0.000937454425001868 -0.61347737554211 -0.0718093089043209
-0.0211794762911495 -0.00258067070856252 -0.721865639056628 0.0255449730945239
-0.0255538160485457 -0.0198258503565427 -0.787540364080519 0.111515724754
-0.0245587730905199 -0.0364269948542956 -0.744755591044553 0.0741618936215291
-0.0123259982660915 -0.0123010282606921 -0.614750491933621 -0.0899883140240433
0.0250326160930203 0.00604583020177392 -0.240275984591165 -0.116604622253533
0.0178468500813776 0.00892414570236356 0.104879529513939 0.182031639968546
0.00361044216552363 0.0254744907768944 0.431371725268816 0.460613071044403
0.032235223284932 0.0503293090484572 0.49693119793608 0.499514734924657
0.0594865788713384 0.00354254815770186 0.497810865900575 0.636362077973573
0.0303099463866641 -0.0196260170387334 0.565497645333093 0.553954865275041
-0.00137375342699004 0.0128810610317419 0.522694716532154 0.252535549435923
0.00504892534257653 0.0457596083087318 0.258587585970145 0.0146031165171199
0.0200485974925244 0.0444861051291442 -0.0864743580594596 -0.136172340268733
0.0218632894100542 0.0409972094611458 -0.380465348590098 -0.107026717741641
0.00771032080352471 0.0202450516012541 -0.616231331637352 -0.0628451803300817
-0.00795915732663371 -0.0111891939617258 -0.723709658447713 0.035477086793834
0.00630128902602844 -0.0528063746984963 -0.783238434848185 0.12094806447394
0.0334105231465378 -0.0258519200772991 -0.743647117088834 0.0826559339494433
0.00465674307304849 0.0291887037899734 -0.618978325544278 -0.0875196175041191
0.00486582138220123 0.00703356898662815 -0.238719882041341 -0.116881730369226
-0.000336391819023995 -0.00450378834680365 0.106896329007083 0.18347870397026
-0.00641081768546009 0.0602753765779228 0.438559742966406 0.445012719437268
0.0695842928710963 0.0893620288072158 0.524555995852553 0.484274788647675
0.100475258233012 -0.00188595045812927 0.542979800123379 0.597794055443467
0.041224752820368 -0.0198058636153107 0.591192350874877 0.516194942892061
0.0145954701218746 0.0386011703950395 0.529706638305119 0.244159148353278
0.0334199088562378 0.0823287319472133 0.263850668312025 0.0324918855369834
0.053451022963806 0.07950698439812 -0.0725418388089247 -0.116113086681008
0.0545845172174226 0.0707619228558308 -0.365631164328721 -0.0972938518475065
0.0298461736631936 0.0354501023201541 -0.61071276564774 -0.0718438853682496
0.00477735509044703 -0.0202900518472761 -0.728210838709914 0.00511371025707413
0.0388446771708247 -0.0823794994328226 -0.788692618211312 0.0772474336913699
0.0867275109248818 -0.0118085210798874 -0.745913984365809 0.0429773070532448
0.0152695934813524 0.0655107308584863 -0.625734289495389 -0.11430684533918
-0.0139978290533045 0.00237106995431582 -0.234881480936121 -0.123077778366882
-0.0153256305629991 -0.00886593543519283 0.112939310226733 0.182761786864143
-0.00188585517082252 0.0863467576624409 0.45498226457045 0.411398561093549
0.105720842795624 0.099498858593859 0.577662806566003 0.434523882004095
0.121092596361304 -0.0201762514404704 0.618293347730902 0.508365507814088
0.0452271524087381 -0.0218072218390305 0.632654115637799 0.439611861902486
0.031969306697289 0.0562723662084604 0.54444330633043 0.222421015890506
0.0590871628750625 0.104211149844067 0.279588519737766 0.0572733277160737
0.0798600482312539 0.104786370799442 -0.0464906007270295 -0.0846035206664654
0.0777281456253058 0.0931708391851656 -0.339039951374847 -0.0833994636799581
0.0446990857639535 0.0481743371335915 -0.596874126730494 -0.0998152680678361
0.0159820091777623 -0.0278309341104602 -0.7314333929443 -0.0622223714836091
0.0729035222094639 -0.099335978224718 -0.791433706300083 -0.0164533590230437
0.125923634471482 0.0114909134972759 -0.746766130829012 -0.0348535541188745
0.0118345340022572 0.0924643129656312 -0.626511607891183 -0.162102744150292
-0.0282541920227993 -0.00861561484876765 -0.229703175592613 -0.132267779049668
0.0766172483295143 0.0259497100246995 0.159497469354662 0.16682489316104
-0.0193969461965008 -0.120674600388502 0.518584513290758 0.266823721551116
-0.137633842214141 -0.0734771104015296 0.700367888502213 0.158202240966247
-0.101591257303281 0.0461783439292208 0.756220199013285 0.160421200953256
-0.0271513173050396 -0.00141375468804464 0.729142862123453 0.15106449456545
-0.055663577424757 -0.0587311653546623 0.620102214139577 0.0894602779766352
-0.0846203783102663 -0.0844597910045949 0.351561882801764 0.0430435146218521
-0.0863417975261933 -0.0996992617091171 0.0248977886564355 -0.0305991702642888
-0.07994456848161 -0.101691518003259 -0.255069613951543 -0.0723653801134397
-0.0529954931400077 -0.0683582306448024 -0.509099882899409 -0.211686126608802
-0.0597523302155775 -0.00649729940014296 -0.679894719008981 -0.307332508726752
-0.138174065831373 0.00131545711321682 -0.745716634557151 -0.345813838264151
-0.148262123268669 -0.152429587557325 -0.679138938719709 -0.30129697387538
0.00339695777867242 -0.141233503544604 -0.572180075234702 -0.301693097946971
0.0817859923584961 0.0219197695713728 -0.221712169686408 -0.164741705016248
0.0764394828439973 0.0370285982974703 0.145854710955787 0.174696015894392
0.0060160603486184 -0.113843520766982 0.503500341692583 0.32238516880955
-0.119379900876447 -0.0906364811085364 0.657102950969554 0.25889585497881
-0.10423348021506 0.0276046815238267 0.707678126622354 0.311453698618914
-0.0270320309093558 -0.00614098897405845 0.702945539196025 0.27685035761892
-0.0518344314422555 -0.0609783589571636 0.602445488137191 0.136467322603824
-0.0818755753129568 -0.0826380087526981 0.323103062823265 0.0269328271240641
-0.0871403520561019 -0.0918794185589842 -0.0131696433795347 -0.0703570567657354
-0.084226970597696 -0.0900499828676951 -0.295003383125381 -0.0950274695932487
-0.0595828018767171 -0.0603428884078853 -0.545924766675133 -0.173575971717761
-0.0550083232973248 -0.000803101317784407 -0.710863156626843 -0.200792934924142
-0.120737069932032 0.0212145978262788 -0.792742398118618 -0.190089796313905
-0.152225837748184 -0.115873266883672 -0.725745498251836 -0.179650977838218
-0.0174593303237873 -0.127384817543031 -0.591641734967314 -0.234012499995766
0.0770041557062404 0.0126966327515184 -0.231775347004428 -0.149923628887172
0.0686488982289492 0.042287264829556 0.131683246429124 0.179566486931666
0.0257434281031996 -0.0882227672126411 0.485401737732497 0.378075301234168
-0.0821225344827252 -0.0852239953462038 0.604132469913937 0.353814846053906
-0.0840460570593899 0.00745032908847928 0.633207345982494 0.451576045217256
-0.0193256256258077 -0.0142988877614004 0.662122855735561 0.395353968387369
-0.0426376212305574 -0.0545898142675961 0.579264261764184 0.179907373245855
-0.068770613553811 -0.0653396803098579 0.298348665686523 0.0112547045317114
-0.0729643442461771 -0.069772069725478 -0.048554155097242 -0.105230987530977
-0.073981214208116 -0.0633592063643786 -0.334077665315865 -0.108053613447099
-0.0561598010513929 -0.0426859006084223 -0.57901725592349 -0.131040912159139
-0.0464571298163433 0.00338932076204236 -0.724709630389538 -0.0938070832104892
-0.0903030303895901 0.0241338489257832 -0.805763800561931 -0.043970615554389
-0.1276842927676 -0.0772234387702139 -0.747999242346844 -0.0610848477491367
-0.0293522130401488 -0.094854571768935 -0.605160336341445 -0.164525822015529
0.0636022746139979 0.00602708068747313 -0.238160711895611 -0.134170267380365
0.0538398018027257 0.0382082921814022 0.120394572095602 0.180676473117215
0.0297649029339239 -0.0518739563994092 0.462878422136519 0.422327326932699
-0.0399396391904455 -0.0542009867548877 0.55107971753821 0.430319239622279
-0.0420589408026912 -0.00425434147746038 0.559330710002473 0.555379781614995
-0.00383931902088821 -0.0200106389455805 0.612743409646577 0.488193825210395
-0.029881308811593 -0.0392245229375972 0.556330717508916 0.214083639389922
-0.0481510592351432 -0.0342239781821849 0.276796689688963 0.00114415112555098
-0.0482271734135002 -0.035568848439689 -0.0749621137067096 -0.130514456123689
-0.0485029034608098 -0.0290446347296907 -0.364211313475925 -0.110528295851953
-0.0403264794351474 -0.0200193213637838 -0.603720976423002 -0.0903647820365084
-0.0343970556732729 0.00312842935069298 -0.728056520139186 -0.0107502494072119
-0.0578137667459011 0.0086525359468448 -0.800198796556945 0.0630922023096481
-0.0822688502086143 -0.0510647193365826 -0.749027549279455 0.0326624893943585
-0.0264219119145818 -0.0541316766816894 -0.612887290238365 -0.112739180626729
0.0451253173475428 0.00438713984713011 -0.242638946434768 -0.121146800118483
0.0370796650197029 0.024044086132563 0.112536883289999 0.18052674243227
0.0198957689506779 -0.0124373571554041 0.446016726637064 0.449683521119486
-0.00191096190844248 -0.00315814412429296 0.512638763438902 0.478654260641106
0.00991550226919176 -0.00166385849690242 0.509972947281453 0.616008240106994
0.0141046760519288 -0.0215097922104747 0.579026808213151 0.54102141210939
-0.0152059917057777 -0.0153315025220636 0.53493809986466 0.236240222758495
-0.022119146714245 0.00402042622387212 0.263551900670161 -0.000112819281108499
-0.0149797790318113 0.0045191452011575 -0.0894817940151721 -0.140376782066867
-0.0138156907889188 0.00730925236356615 -0.381455814850594 -0.107070724978961
-0.0177271680773381 0.00115249201478104 -0.616227231454647 -0.0631164541073597
-0.021487102106603 -0.00217107921306681 -0.723349341387318 0.0360529903614196
-0.0255536840318897 -0.0194576279969788 -0.787481577572163 0.125018604162517
-0.025906528036716 -0.0360155724475267 -0.745401556899972 0.0837281826565536
-0.0119861715435263 -0.011461782235423 -0.617231190138827 -0.0816036741960891
0.0250812953082716 0.00601378701290016 -0.242459884694162 -0.113440298005806
0.018454956166123 0.0083316652710981 0.108250279468167 0.181335314630462
0.00445757210969123 0.0257422813222713 0.438337455994406 0.456935460752272
0.0331309722416564 0.0502004815827966 0.506109346688581 0.494084546031421
0.0603489326686203 0.00244578431333092 0.507077937313027 0.63111395277014
0.0296522916020668 -0.0201805749097594 0.574977693580318 0.5481164237741
-0.000817106087244665 0.0128458098096438 0.528065099850891 0.244283672153501
0.0060995810146183 0.0464430724795411 0.259063617507188 0.00825827210734544
0.0213073682938869 0.044467230796816 -0.0884697534378081 -0.134801381771046
0.0231074294492827 0.0414491363568147 -0.381510454980449 -0.100506488532399
0.00719067158090877 0.0200215284464149 -0.618121408165573 -0.0548780346330301
-0.00811527325820063 -0.0107535555071378 -0.723864529047908 0.0462241364233533
0.0052011438265097 -0.053565905498635 -0.781887873054573 0.134947922139963
0.0331703368389706 -0.0261688812532139 -0.743959123739445 0.0907513791929194
0.00589900759766766 0.0290836100420461 -0.622751907092536 -0.0785184588320178
0.00490489442167021 0.00571298168105656 -0.240447689180138 -0.112970665580593
-4.58078159678464E-05 -0.00461293974114915 0.109041751053084 0.182885170582354
-0.00547635411431579 0.0610789679332515 0.446491731153569 0.439686598215905
0.0704790267982103 0.0887830363246036 0.531588974140126 0.480104460690629
0.100412306917046 -0.00337514394581905 0.552787358610438 0.592354784349559
0.0413190330549709 -0.0202404136900229 0.600141292193386 0.511097549670163
0.0153011909744179 0.0392020504620043 0.533541985783214 0.234933631635874
0.0348175515935734 0.0816771759321348 0.264900245804888 0.0275947593246073
0.0548192482705767 0.0797481749520248 -0.0742663140393429 -0.115685605021861
0.0554296543917027 0.0702887924294792 -0.367341176138955 -0.0912672837571201
0.0298055464272419 0.0356577208860057 -0.612182874096231 -0.0633673641611165
0.00458618213735421 -0.0202954036329377 -0.729363325540764 0.0164493905371702
0.0374411558464568 -0.0839214874428639 -0.788716045886071 0.0907075375486719
0.0871980949425515 -0.0131565542000481 -0.747314826624124 0.0543992923579846
0.0163607869561495 0.0654863223628849 -0.629191520915468 -0.103684218940582
-0.0141226102175042 0.00184757593345144 -0.236588963201207 -0.119847438375256
-0.0156420114725192 -0.00907168197937853 0.116673370314862 0.182681936408132
-2.55458086260204E-05 0.0865008478949717 0.462860507212353 0.406645155694954
0.106863985897155 0.0989630182610464 0.584297764299105 0.427897483789855
0.121839184204421 -0.0219230195107871 0.627090534778015 0.50134389482199
0.0451623666559524 -0.0228141885585125 0.641676509401697 0.431717267572968
0.0325523381327812 0.0557496669680791 0.55020785224263 0.214084800450587
0.0619932783818475 0.104364477358731 0.280171253920745 0.0532188998698976
0.0812365780381935 0.104131459441457 -0.0468904860345199 -0.0836952888596861
0.0796230427863306 0.0922897348540578 -0.341131787281432 -0.0782072854771824
0.0447661744807921 0.0473866776804583 -0.598212789332472 -0.0905378599857402
0.0154858291459773 -0.0287902529429737 -0.734646765574274 -0.0522390192786825
0.0710003434349297 -0.101474974667568 -0.794250313189079 -0.00574271277836186
0.126279203212353 0.00976642585689935 -0.749951451515377 -0.0246856247704658
0.0147702388932603 0.0928838530459414 -0.632038821724511 -0.154381547953259
-0.0291370288849829 -0.00903109786483692 -0.231259294339663 -0.128642861269139
0.0783532853950748 0.0250879053069241 0.161956505742038 0.164860020131018
-0.0202053636923325 -0.120721658358031 0.523867595191754 0.260676933968909
-0.13931048369926 -0.0714079005840224 0.70236581054577 0.148001174301496
-0.100549543848309 0.0493416954114029 0.75949202016898 0.149855442841509
-0.0268991429269984 -0.000816131988747569 0.73069286374334 0.141257149491978
-0.055591820386268 -0.0573821439516088 0.621972925235182 0.0785267349288637
-0.0868296815262584 -0.0834871620778928 0.352444081959364 0.0372715572574403
-0.0878206954600071 -0.0990621485433534 0.0247378394657748 -0.030358249966619
-0.0815371897386277 -0.100698847594039 -0.255532649613965 -0.0678703763794596
-0.0545462883231114 -0.0682536469286774 -0.512391919202326 -0.205332682382385
-0.06008574563029 -0.00543961096941263 -0.686744876490005 -0.298829303298579
-0.138577202194418 0.00268698536367455 -0.751263249382882 -0.335513020334969
-0.151698796329983 -0.15022080468928 -0.682876690955871 -0.292935287288226
0.00240820219156426 -0.140725129566468 -0.576668212225107 -0.295054385585138
0.0829383837366795 0.0202369734819846 -0.224779440643945 -0.160997887845292
0.077747711245709 0.0359854932481247 0.148696428180552 0.174536765696426
0.00519073645184415 -0.11427059465964 0.511893965737774 0.317481034993061
-0.12133998350517 -0.0881591229381067 0.661450216038606 0.250434228575927
-0.104648540896462 0.0306501651337908 0.711302193125499 0.302921208546829
-0.026748026266397 -0.00597510017901048 0.707210423901957 0.266919182263762
-0.0534487804732039 -0.0599587423823009 0.604223364137958 0.124891853212493
-0.0836026391965716 -0.0807089884176276 0.323389708718219 0.0213714393449927
-0.0885307906347314 -0.0909902599573306 -0.0135653519211003 -0.069481189105397
-0.085332480187383 -0.0888727954819931 -0.296336198743824 -0.0898370005918136
-0.0608027621470906 -0.059891285906597 -0.548347483128914 -0.165844050465773
-0.0555620691908318 0.000222127594283944 -0.713400411399199 -0.189102261527328
-0.120250173692872 0.0228836887187414 -0.794893470528408 -0.177310632273135
-0.154480198272211 -0.113700913416623 -0.729209058600209 -0.17115804251102
-0.0188825719711985 -0.127630771886142 -0.596003831154496 -0.225530645004137
0.0783234693913412 0.0112100591709782 -0.233115707983409 -0.147177447010393
0.0697159855745436 0.0412846965491624 0.13429648971628 0.178019313647717
0.0244786646317421 -0.0884596098577391 0.490747991991211 0.372375782582192
-0.0842663333159937 -0.0846101624763296 0.608929973566897 0.34509772300339
-0.0840308843219126 0.00898765051360526 0.63981712561275 0.443156137658133
-0.0192405842140028 -0.0142346543550687 0.668384217769671 0.387338130834437
-0.0436601818256985 -0.0545639643081482 0.581925350628716 0.172171042861481
-0.0700597491198025 -0.064127384139204 0.298203009702082 0.00569073304242606
-0.0741188838479131 -0.0688316106338557 -0.0496277806249117 -0.103982676616463
-0.0740248206225997 -0.0622485871654137 -0.336243746746109 -0.102238769350963
-0.0566258951506888 -0.0418064046639745 -0.583048098766474 -0.122622340473307
-0.0463880866515136 0.00384397781261577 -0.72769271403463 -0.0837821284939969
-0.0897564973312512 0.025051386424331 -0.806041145976372 -0.0336118234255591
-0.129154078843076 -0.0759110673204099 -0.749799673700388 -0.0511178905888761
-0.0307028069425231 -0.0955780532352912 -0.609574976484327 -0.156111911501794
0.0651732358050951 0.00437607476323886 -0.240870897653145 -0.131433737089809
0.0551057814862141 0.03743222013127 0.123240487912781 0.179645946583281
0.0303743851489276 -0.0517688011556886 0.470171834237341 0.416740380901831
-0.0410324021333183 -0.0532286758752467 0.556445870350534 0.424437006793639
-0.0424760513896617 -0.00255941558957769 0.566626529201715 0.548256876696168
-0.0044363890339439 -0.0196935179471406 0.620186565092891 0.481746547047926
-0.0301624445152878 -0.0382864368728003 0.55782199004748 0.207029499685725
-0.0485439177734664 -0.0343225779698457 0.277352913157011 -0.00350937379625321
-0.0483243050620878 -0.0349629345196475 -0.0771290323663768 -0.128600862663212
-0.0485885860460305 -0.0281555477014691 -0.36616182513134 -0.104524477639456
-0.0406066416542448 -0.0200305597183423 -0.605062107397604 -0.0820978002172223
-0.0341602897481453 0.00371649163249428 -0.728475395052142 -0.000670473830428418
-0.0573964715882064 0.00955072071882309 -0.799254629518259 0.0771581828086703
-0.0834573911892947 -0.049987242703148 -0.749854607850593 0.0428579574830349
-0.0261569962420865 -0.0539549165342354 -0.614909595082761 -0.103594180826699
0.0459240561015467 0.00256487076836984 -0.243976409987594 -0.117148619053205
0.0380474877106742 0.0234303691846761 0.114478225833033 0.17954304728634
0.0196310337774315 -0.0123004123109292 0.453492631283443 0.444552082042667
-0.00240966461298383 -0.00331873958078687 0.520414674770566 0.471767947945875
0.00902662440680796 -0.00123676113621426 0.518041831313896 0.610499750393835
0.0132440260268393 -0.0219788180543653 0.587600038278343 0.534590685581719
-0.0154903514818909 -0.0148202782739399 0.540332341793431 0.228565495518029
-0.0224277022858197 0.00464454928288155 0.263109263628925 -0.0045423253559313
-0.0147656013680976 0.00465054666437057 -0.090690555989835 -0.13935289134836
-0.0136538278204881 0.00705012373413867 -0.382137515720953 -0.1014198410135
-0.0180570889932184 0.00105405447668489 -0.617630033500461 -0.0556824998030502
-0.0212154401185262 -0.00260529474632411 -0.723529443239442 0.0473697062406159
-0.0254094392273919 -0.0193314516284956 -0.785357960692808 0.138241935856187
-0.0263206440720895 -0.0353949830132348 -0.742141764431752 0.094501215663586
-0.0108778676832204 -0.0109345614045843 -0.618680037013372 -0.0726319121399197
0.0261153014149347 0.00426332632710535 -0.244202717133408 -0.110243366004781
0.0189638995142361 0.00691546551206933 0.110407861575066 0.180362966057462
0.0043822541724638 0.0253862565972741 0.44808316706147 0.451579145510846
0.0333204840083732 0.0497183071766662 0.51312340311136 0.487844614571495
0.0607797054398249 0.00196975694557749 0.515881232432165 0.624462955232953
0.0301509027231239 -0.0212852794122962 0.583524256402796 0.542958278969515
-0.000482182232432858 0.013569536117021 0.532365589598915 0.235624259848235
0.0068352865107795 0.0470635882565612 0.258930145630185 0.00379185143448535
0.0215151156043299 0.0439861268670132 -0.0904417822735139 -0.135523226357075
0.0232595040435953 0.0408800332386064 -0.381993688826468 -0.0947320191805324
0.00704285582774695 0.0198491525926983 -0.619400425945784 -0.044680362448635
-0.00794734716314203 -0.0111953677120981 -0.724227947391872 0.056637441214237
0.00439226456506908 -0.0536369762941474 -0.780976894749817 0.147675589924036
0.0326469978421332 -0.0260950102473994 -0.743326013755435 0.1016967497263
0.00746145342776706 0.0291167788510593 -0.62558275975765 -0.0711428279306268
0.00511426656371383 0.00521941460610971 -0.242524109283589 -0.110641582189739
0.00107460931943545 -0.00545261909698136 0.111956275716927 0.182023858075242
-0.00384116394485791 0.0605991263717822 0.454016758433558 0.433921070929579
0.0720182335285348 0.0888883392558875 0.538023071064649 0.472754458409721
0.100887917059951 -0.00463844077209325 0.560982739567905 0.58481639113936
0.0408462619262188 -0.0208767366835426 0.608003235033914 0.503394187503969
0.0154978223447265 0.037960373374346 0.538336038278265 0.228755924744482
0.0360961673116256 0.0820145138124501 0.264877826701605 0.0233246688267797
0.0561546179263255 0.0790736602777552 -0.0755891561407498 -0.114373714528511
0.0571544763163835 0.0695286612953207 -0.368031283431465 -0.0856165278868208
0.0305399362702562 0.0357221912951382 -0.612896590439762 -0.0548340093927639
0.00386223283850622 -0.0204557508893421 -0.730728976741953 0.0285415269677259
0.0355940040105979 -0.0845065058492396 -0.787058787542403 0.103109247688399
0.0868978416880995 -0.0142298440694146 -0.745299022195961 0.0642307361863679
0.0183656357865639 0.0657315437481216 -0.630127595955919 -0.0971730011662839
-0.0133773516505625 0.000633886673454691 -0.238543742868269 -0.116698236335663
-0.0145606643950795 -0.00932876521423865 0.11926016829234 0.182189735795308
0.00072245768836361 0.0869679831777128 0.471033368173702 0.399729922477309
0.10823507232311 0.0979751723322117 0.591373060254649 0.419608813174981
0.121244960811161 -0.0240331341447488 0.634847926581718 0.493778099791542
0.0451184996062487 -0.0237552389770638 0.646587455333891 0.424693014591253
0.0329302402521003 0.0554760588278666 0.55157683191818 0.205424649550423
0.0632855757119431 0.104025194856172 0.28104971520745 0.0472381176650655
0.0830788628451713 0.102731001998427 -0.0483622289591237 -0.0830581248227075
0.081224112457071 0.0912456041841307 -0.341198023410428 -0.0726762206425209
0.0456528769791051 0.0463337817971568 -0.601427690518218 -0.0824882354080856
0.0143664535195695 -0.0287532636241294 -0.736027751435493 -0.0414191598713856
0.0696825855604305 -0.102481706904877 -0.793307663491379 0.0061653473697956
0.126719439451578 0.0080745520852057 -0.751362041683133 -0.0149017133995881
0.0162202839274458 0.0923829776808511 -0.633833794032405 -0.145518472427082
-0.0294110576505423 -0.00953815871488533 -0.233693591751094 -0.125112929260902
0.0793001525788121 0.0237671896063993 0.164068673638625 0.163768004732391
-0.02174710752195 -0.12014412444039 0.528431671956756 0.253761352904243
-0.141683774349871 -0.0689292596221633 0.703100720168521 0.137717322915726
-0.0996088006089029 0.0501431671383105 0.759847471051075 0.140479803377387
-0.0261703841186324 -0.000506331500998327 0.730632265694012 0.130816732839055
-0.0568699372814781 -0.0566588027261561 0.620945597351684 0.0660564390891442
-0.0877083959280417 -0.0813519870558673 0.351829990206247 0.0317277250687285
-0.0885264478715307 -0.0979158211882522 0.0249022199076006 -0.0296575518883764
-0.0832986020600605 -0.100500040362536 -0.255492274438288 -0.0634860280046098
-0.0551275458997215 -0.0670430466796639 -0.513642750456958 -0.197103470562064
-0.0594568609758252 -0.00447069821258923 -0.689336839895454 -0.28861094392293
-0.138419609279804 0.0048514348141465 -0.753599916726422 -0.324691887474863
-0.153392176613773 -0.148061244999502 -0.687199210767261 -0.284105910952967
0.00202123502161514 -0.141324139168684 -0.5805904184609 -0.28624926669469
0.0850809089176939 0.01808040083304 -0.226280109357606 -0.157907377740271
0.0792789348192997 0.0344425652349717 0.150109619387129 0.17269169218126
0.00415695576166243 -0.114047098296472 0.513412545934972 0.310828304654844
-0.122928653790246 -0.0865446827388681 0.663631473829509 0.241585423923056
-0.103046852712339 0.0318760114223104 0.715768879945178 0.29303273955845
-0.0263445571272709 -0.00570728562097064 0.710433120712259 0.256953249008033
-0.054175624203023 -0.0592679702520499 0.605156194468272 0.115755028759798
-0.0853060573792435 -0.0795190929901521 0.323876901646145 0.0161642132279014
-0.0891174156513773 -0.0902171373868228 -0.0141984054328014 -0.0690634419436943
-0.0864516095545251 -0.0885789559362492 -0.296374027095502 -0.0846743075192472
-0.0621976920122834 -0.058383682514487 -0.551589949109134 -0.158374972284836
-0.054997683708153 0.000807217697986577 -0.716542803710877 -0.177067857436608
-0.119806235621451 0.0238560408541576 -0.793565365110879 -0.165816955709507
-0.157035154513526 -0.111148383733396 -0.730785771278528 -0.160126411692995
-0.0194770931222692 -0.127490103918479 -0.598561524681033 -0.217818547854222
0.0789779624446124 0.00863390219060789 -0.235054165820439 -0.142816413022185
0.0712198623509129 0.0400151105995565 0.137327740128595 0.17719368202632
0.0242950784145376 -0.0884793052907589 0.495344366518282 0.367459840084324
-0.0850747258144503 -0.0833070168480706 0.613097428798831 0.33852418755623
-0.0831931908513736 0.00987125210642921 0.644076944512832 0.435479042787987
-0.0188006206589694 -0.0136901791201296 0.673095900771943 0.377292978737378
-0.0437042154855458 -0.0534685202615142 0.583751999909302 0.161161288070383
-0.0708705689618257 -0.0627857141713566 0.297645764875193 8.18264108305502E-05
-0.0752984823853019 -0.067050131516818 -0.0499517689258773 -0.10326525854101
-0.0752046903026928 -0.06145364410366 -0.336162768172971 -0.0963372888962542
-0.0571200773700561 -0.0412037194973352 -0.582634347616067 -0.114194345562814
-0.0462087878414736 0.00460505758436596 -0.727743438288155 -0.0726982108964998
-0.0901466527764852 0.0265372332920981 -0.805892757940267 -0.0201909113442188
-0.131431026622104 -0.0734644225278883 -0.748408565877974 -0.0395159490878514
-0.0305711698502741 -0.0945625825152354 -0.610877233283798 -0.147412573567798
0.0655320222466288 0.00248041541206988 -0.24267384828141 -0.127325318283039
0.0567495602757104 0.035864336155059 0.125478863638196 0.178830751826894
0.0296699383645304 -0.0521672530847873 0.47684720824567 0.412192722477207
-0.0425911689690314 -0.0520679744679828 0.561730129985714 0.414826998457024
-0.0425292487538913 -0.00152684053905864 0.574663251644353 0.540750722372827
-0.0045243715427758 -0.0196720032247064 0.627297726885982 0.472481785361767
-0.0304894768692364 -0.0385269684271955 0.560179290027137 0.197460204037306
-0.0491558284536559 -0.0328988640040912 0.276360221261967 -0.00875797812245329
-0.0497997604211682 -0.0342538060193172 -0.0774522782595325 -0.127272426708717
-0.0488061168508436 -0.0275650560808695 -0.366563357596871 -0.0985558677499391
-0.0416066946547033 -0.0187476310116611 -0.605247651338611 -0.0722693204028513
-0.0347121759170027 0.00379301887181224 -0.728940332672681 0.0103570425143821
-0.0569647326704755 0.00997568219376753 -0.79658965775765 0.0881176391292651
-0.0843582481614188 -0.0474318310861277 -0.747354813758372 0.0540010724928471
-0.0264179463749257 -0.0535164164157601 -0.616892234013099 -0.0931361523104021
0.046788431192695 0.00129335813097121 -0.24536068194309 -0.113285059020117
0.0388185091976111 0.0226350080132697 0.117358230591093 0.177435095820963
0.0204867146574566 -0.0130725561863073 0.460310203958444 0.437670497417624
-0.00269032576878041 -0.0026631957960952 0.526165811468175 0.464448029997606
0.00920849669925736 -0.00140466137216863 0.525212191490028 0.602626620448488
0.0134129958635026 -0.0223138247244501 0.593820110881169 0.527136441265293
-0.0159672606502323 -0.0151517996182253 0.541639000614008 0.221698287723832
-0.0220125914018202 0.00630182032006454 0.26323745212793 -0.0101767751569265
-0.0146716149280852 0.00500871654915174 -0.092201920924661 -0.137364337664122
-0.0139756808213351 0.00755543087838197 -0.383188964695092 -0.0954067725006363
-0.0180243556049286 0.00187518652457556 -0.616245792323171 -0.0447004896764147
-0.020870709219379 -0.00138290392860004 -0.723509081148437 0.0589750418350199
-0.0260914486482529 -0.0193577623388622 -0.781858472657915 0.149304502235138
-0.0273086857452086 -0.0337559318804863 -0.740556769386507 0.105517268319785
-0.010027872405193 -0.0111433104513291 -0.619623497693467 -0.0641039747886841
0.0266959946388959 0.00339105792916505 -0.245148052073934 -0.106376089634632
0.0198839284418385 0.00649876087978345 0.113215132042897 0.179635671608407
0.00536231181313212 0.0251807583272993 0.453112644124007 0.443903785794333
0.0336194576356583 0.0502312818925067 0.51807042139412 0.482208143290476
0.0605791101409908 0.00161102380978582 0.525378456446659 0.617330281857509
0.030034707847983 -0.0216425255575156 0.590913468847061 0.534711494536879
-0.000875801145053584 0.0122868909861247 0.533855271625889 0.226928864323168
0.00748968910783852 0.0474431595868971 0.257782069101751 -0.000509220871010435
0.0222903950928498 0.0438386818231412 -0.0914349187889378 -0.131936614528518
0.023580607453639 0.0406523767381479 -0.383731779538726 -0.0890049973840747
0.00795717566704002 0.0203264983090115 -0.617600624809714 -0.0349733244669229
-0.00843428711552841 -0.0112450030409507 -0.722883355610032 0.0692831833554187
0.00279350527296857 -0.0536889445292549 -0.77769506826647 0.160021623673611
0.0318757518255458 -0.0260029934665753 -0.740721393993486 0.11196088874102
0.00810212527313378 0.0283171025879891 -0.625800116953139 -0.061465946935478
0.0053790843242707 0.00469511625538878 -0.24336473512081 -0.106579159534671
0.000225156680718147 -0.00627253375159765 0.1138091074134 0.180885302421201
-0.00363943678587594 0.0604843799505886 0.458169301661495 0.428542810281311
0.0730412398113913 0.0878736711676699 0.544585921304058 0.464161509965531
0.101210078052949 -0.00610199934504484 0.566857474222051 0.578129957229821
0.0398907655448497 -0.022293283253124 0.614791202814558 0.496561239168514
0.0155516098008354 0.0376542757827808 0.540101953120692 0.219084743700076
0.0381365162029743 0.0822659091283435 0.264680466203596 0.0184128733748361
0.0573255171107592 0.0785468022388118 -0.0760794955034451 -0.112334377804409
0.0578312341668139 0.0690730686283837 -0.367858117696262 -0.0794820399281988
0.02997503247898 0.034384304889164 -0.613083663782783 -0.0453849579508447
0.00348781264779863 -0.0209826011930126 -0.729710786653581 0.0385515996888529
0.0344134232012809 -0.0852865261607433 -0.783963716882037 0.114379504685278
0.0864293520605187 -0.0150949228356548 -0.745503197374449 0.0757683695450858
0.01964800479387 0.0651397972767974 -0.631226337715138 -0.0871137021078894
-0.013926939544472 6.83260174516344E-05 -0.240989849241152 -0.112973231319336
-0.0151202705783731 -0.0102248862340516 0.121296747608478 0.180267691039965
0.00188718495852136 0.0861067614470519 0.475406618414449 0.393497835692139
0.110217364089944 0.0971653969674834 0.595925756646876 0.413962240587362
0.120755123143439 -0.0263424784893337 0.641233242064008 0.48469847924903
0.044437618480509 -0.0247133232533064 0.653347393990338 0.415812055624672
0.0333081634323327 0.0548302830284192 0.553060740667534 0.196792087982291
0.064381537854976 0.103249311791339 0.282153889290997 0.0434149210306111
0.0844737689640762 0.10177428094537 -0.0494774122997067 -0.0815792073975862
0.0816127395050955 0.0897436485058519 -0.341588175933112 -0.0669596015353027
0.0459364103131342 0.0458252987732172 -0.600658321449112 -0.0724998881677808
0.0142841597798022 -0.0284698120544677 -0.736010059403036 -0.0294310375965265
0.0673001386317338 -0.103935139520936 -0.791353100173944 0.0185026118075176
0.126903557478391 0.0069629779688526 -0.750431403064872 -0.0048940164677079
0.018205292779901 0.0930948578023743 -0.634943633036657 -0.136883570135786
-0.0301244404214455 -0.0103622301189656 -0.234404752098964 -0.121456833984021
0.0799185940729888 0.0223258255094507 0.166035957109749 0.162431977647871
-0.0234413453639364 -0.11963489059236 0.530414915141206 0.247685479575851
-0.142680916307606 -0.0672637098252163 0.70279621713876 0.12721019002358
-0.0996141370370147 0.0529660649457142 0.76159100427417 0.128655171894879
-0.0264619161337202 -0.000220149294892426 0.733023541554446 0.120825003083761
-0.0575375537449387 -0.0562999073183012 0.621314237729262 0.0587545437757192
-0.0883643008371607 -0.0797519486116982 0.351732096982033 0.0261804699971477
-0.0907048692053371 -0.0967545897031692 0.0255329367223364 -0.0293614793165067
-0.0838312004286091 -0.0988358819750499 -0.255368881166671 -0.0588250590534012
-0.0559896792695324 -0.0654663677658218 -0.515410972851371 -0.188606131949928
-0.0599161015794559 -0.00349515450947199 -0.692343707725837 -0.278352383337854
-0.137858159401499 0.00666205725348003 -0.757002431974954 -0.313582055706727
-0.155950163115152 -0.145327329976524 -0.688792273576182 -0.275200909400486
0.000353002012509228 -0.14073872543778 -0.584058471468825 -0.277153710872027
0.0851463094371598 0.0173685273727283 -0.228217716939236 -0.154228784200752
0.0799107562724043 0.0331419561906678 0.152602048104762 0.170608859317557
0.00265241952947339 -0.113794480892878 0.518986709415596 0.304164717468705
-0.124392812397546 -0.0845889475462445 0.665712513003268 0.231005548457004
-0.103156016375153 0.0340910225904581 0.716425913859406 0.28154049255973
-0.0262150921237432 -0.00476971784015898 0.713555069617299 0.247755673095872
-0.0546083164247053 -0.0580343480128419 0.604502743474821 0.104694813340865
-0.0860151916284891 -0.0776012269415041 0.322862719257059 0.00997781480672508
-0.0905483506705651 -0.0889412633013 -0.0140412236296067 -0.0684680747440174
-0.0872547964395564 -0.0865601359177895 -0.296308444130926 -0.079467651205303
-0.0625635862736877 -0.0572781781298246 -0.551135627584279 -0.150735858540865
-0.0550188999422527 0.0015679750846515 -0.717638696637145 -0.166291170335571
-0.119387449985792 0.0264658453926958 -0.794974542454578 -0.153800956842602
-0.158900775707203 -0.108703908784042 -0.729751752052071 -0.152915465848068
-0.0202267419317908 -0.126757327832089 -0.600644417708795 -0.209483077388853
0.0795285926768739 0.00782211077961528 -0.236536101007761 -0.138990422830574
0.0717004616074214 0.0393149287392011 0.139166735881127 0.175422784087891
0.0236924722010135 -0.0888564706526928 0.500853645905719 0.359329528978227
-0.0871135623898371 -0.0813786490560316 0.614884676737727 0.327831120663017
-0.0830331065176523 0.0120188219129199 0.649408525354711 0.42208200147715
-0.0198343961366817 -0.0135446449775437 0.676251179078618 0.369247221330885
-0.0450981419660687 -0.0526859299702897 0.584609531403977 0.150451883518863
-0.072047342187606 -0.0613272036772001 0.296960031657088 -0.00416342073611105
-0.0759852004652378 -0.066506209658127 -0.0505963261542343 -0.101525727138223
-0.0756417669861698 -0.0605781344280638 -0.335972782324518 -0.0903456239642639
-0.0582002902045327 -0.039479230912878 -0.581774011969458 -0.104479188817183
-0.0460268193309523 0.00531243323555527 -0.727776215575737 -0.060546589031967
-0.0892469166526896 0.0279232049626439 -0.802222326675093 -0.00818892631977228
-0.13226743206018 -0.0708952240538874 -0.747521930771465 -0.0305237513218873
-0.0309834137005068 -0.0936266061401892 -0.609753155749858 -0.140241557106544
0.0658048208461826 0.00139039185720704 -0.243043765511623 -0.123531079876798
0.0572089254387764 0.0346128656700289 0.127869970128656 0.177149729375583
0.029807161070712 -0.0521599463617995 0.481377697596006 0.404733363096208
-0.0428220512205487 -0.0512316028666281 0.566215710507473 0.406810527793538
-0.0422374980112298 -0.000743505337602186 0.579610282147111 0.531459250656913
-0.00447983508106252 -0.0205296362416306 0.631264189146976 0.464378435575998
-0.0305557569359444 -0.0376391203009723 0.560977730260433 0.186790595303791
-0.0491791746126355 -0.0317745350979154 0.276153978693435 -0.0136454282278645
-0.0503169387465805 -0.0333974960532052 -0.0789088731124876 -0.125307863715137
-0.0492507330915195 -0.0271632328263069 -0.365451621849753 -0.091929952172797
-0.0410793111275477 -0.018501654382023 -0.604615864044156 -0.0634455474504896
-0.0339393730049392 0.00462017607243513 -0.725849433866511 0.022625769766855
-0.0569608094934735 0.0111075552587954 -0.791586194894907 0.102001484032842
-0.0853616470560822 -0.0458282143117037 -0.743553863325058 0.0625257989803317
-0.025872824406488 -0.0528721458550256 -0.618352479918396 -0.084879190124318
0.0468767347414637 -0.0004475299141539 -0.246414311878135 -0.109964575442411
0.0393352562780465 0.0218732337549702 0.119730548610476 0.17687400725189
0.0205894477962716 -0.0122580109552043 0.46514594334438 0.432033826329047
-0.00327040063394592 -0.00158902966534591 0.530370153465768 0.456570964931083
0.00960021529245154 -0.00130687873007251 0.533069654578929 0.595838313828474
0.0133556560083468 -0.0224840851106859 0.602036570900547 0.520023896708846
-0.016152972705505 -0.0140879824186016 0.542468233152055 0.210914994903348
-0.0217117684828569 0.00708759387679428 0.262083439890316 -0.0146330656674692
-0.0150752869788884 0.00479875905595079 -0.0937159073806041 -0.13521390027562
-0.0131065551268497 0.0078285165138981 -0.382388501070941 -0.0895861857077897
-0.0180170875316579 0.00231695497077303 -0.615242174964696 -0.0351101402632033
-0.0217232951690502 -0.001465206227904 -0.721719940059488 0.0700693318766217
-0.0274670389160007 -0.0195244547498696 -0.776965097885331 0.160273112685546
-0.0276114474267606 -0.0331006937313413 -0.73768899766735 0.114954478450998
-0.0102652703701712 -0.0109717639325888 -0.618386043455643 -0.0560282334413799
0.0267526808547192 0.00179289935610569 -0.246706182192057 -0.102811684645301
0.0200464214635526 0.0056335266314791 0.115347300280701 0.177533751078569
0.0059621558526383 0.024827456982536 0.460003405815537 0.438773171679294
0.0344798846105969 0.0503156105382291 0.523215689304466 0.473989882475799
0.0608075316012829 0.000152717192528577 0.530323692470621 0.610365890651015
0.0295849028890266 -0.0228787132724464 0.597769155597979 0.526876817371036
-0.00102456188991778 0.0117381137014234 0.534606418116495 0.220279654952435
0.00817668594236406 0.047401772109791 0.258471670672015 -0.00414961540511598
0.0229794501961296 0.0437436023797143 -0.0923758974890259 -0.130527470173242
0.0245971629978219 0.0404112531011239 -0.382263709459283 -0.0827619798400387
0.00735499125708251 0.0199105458619463 -0.617704981186284 -0.0258902736985214
-0.00925498041506558 -0.0111983666058319 -0.720585329500728 0.0798914740303759
0.00212652484838544 -0.0534090412067574 -0.7730214112025 0.170294730897813
0.0317086833982487 -0.0273594534841113 -0.736591929071841 0.121738426943487
0.00939305399061125 0.0290753183990701 -0.62587238009773 -0.0532873888655857
0.00586576566582855 0.00310585057381877 -0.245503537331327 -0.102564253610665
0.000463405919089274 -0.00663311893565901 0.116234498692782 0.178924185527572
-0.00201466998243793 0.0599628044922852 0.464790892207999 0.42187954973094
0.0734282526225922 0.0872376159560015 0.549491000394405 0.457415207073344
0.100818107684293 -0.00759202921528989 0.573778085420942 0.569124827912908
0.0393896998542911 -0.0227635094165395 0.621122984123874 0.487696743332459
0.0157963481220826 0.0370385203886631 0.541099761477086 0.210631933267193
0.039378051008002 0.0813504614961199 0.264028377910568 0.0137184727610921
0.058497046368603 0.0771772267835001 -0.0768875116772798 -0.112116544121428
0.05922712678647 0.0681738683714147 -0.367101067848087 -0.0733681428902657
0.0304551783641854 0.0345514138899729 -0.611987970965475 -0.0360697738496895
0.00212523680209494 -0.0208568251672406 -0.727829969206689 0.0496577506895325
0.0326096118355735 -0.0862378837983914 -0.780088675660933 0.125042974161906
0.0860574470664521 -0.0157810976899549 -0.742695717224361 0.0840840471884486
0.02085337718705 0.0641586799023507 -0.632547968416552 -0.0788798613003302
-0.014098048460325 -0.000692616271664882 -0.239954723595436 -0.109757334952699
-0.0144800069298801 -0.0103513724125276 0.123464884859614 0.177843663607607
0.00371392908523879 0.0853576091100966 0.480783160171628 0.386867324718371
0.111515607215588 0.0958135260841954 0.599810447264371 0.405576289964983
0.120985560242929 -0.0278714141605089 0.645071509887829 0.476221068666694
0.0437340344607701 -0.0253063379168288 0.658057006224255 0.407024080738921
0.0341144754040304 0.0536863341458022 0.553773649552666 0.186883168287186
0.066514792532406 0.102663155416488 0.281134228105923 0.0389155143311702
0.0857264581911858 0.099945121429839 -0.0505914326018474 -0.0808918183141932
0.0834780091556499 0.0886651761822629 -0.340764930642359 -0.0619659969591186
0.0466894372301265 0.0448637619219055 -0.600897571195711 -0.0635304906955046
0.0140543062687459 -0.0292715397380513 -0.73424381808959 -0.0181067813763404
0.0658815001105062 -0.105035450808534 -0.789801174991798 0.0316865868923777
0.126766508840327 0.00556496650572021 -0.749257681339949 0.00497228436011931
0.0201827143904031 0.0918732969182219 -0.634917594559157 -0.127115686276344
-0.0301650569164792 -0.0101071351897702 -0.235568714218266 -0.118638754072618
0.0808452624231947 0.0207384852368125 0.167331633328446 0.15979702444965
-0.0234152720350808 -0.11889445313727 0.534537972895601 0.238416867662424
-0.143536590237437 -0.0642157579904396 0.702038688391704 0.118271823977194
-0.0987511499514296 0.0537141342856684 0.75894038837847 0.119115620098727
-0.0252375703145176 0.000659559753180775 0.729346002910967 0.111005214482775
-0.0578506645538131 -0.0544548919811201 0.619414806604144 0.0495392475013679
-0.089287322124265 -0.0773363791507556 0.350197407545465 0.0207882857892779
-0.0912164534113229 -0.0952016661448677 0.0255301357852158 -0.0286484158232356
-0.0849726023835347 -0.0972628546178663 -0.253858266596293 -0.0545201448130474
-0.0569088793123512 -0.0647897414287427 -0.515296277401683 -0.181807772849803
-0.0599343969197552 -0.00301707108919141 -0.691371767109961 -0.268209356636267
-0.137804114113504 0.00817251056659753 -0.755433960501126 -0.300705834172842
-0.157237652912071 -0.142851842799515 -0.688879894416741 -0.266735279315126
-0.000369774314973533 -0.140876382175342 -0.586942691053325 -0.268525114552643
0.0854228489393188 0.0155251491761222 -0.228934748100135 -0.150161749696088
0.0805066989719703 0.0325060569654662 0.154221450061759 0.16945536652756
0.00220152276503956 -0.11304068221746 0.522769296639863 0.298433006750374
-0.125524464477415 -0.0822895689000564 0.665072552390688 0.223943656041514
-0.102206113474556 0.035162902703215 0.717419343044589 0.272582676403188
-0.0262921083442746 -0.00443468150049204 0.711505487005704 0.237442657727357
-0.0552614481732989 -0.057510579282651 0.602996772312403 0.0937696308815707
-0.0868744908375888 -0.0758894605463975 0.321434944488205 0.00552274738059102
-0.0916726553891624 -0.0874265407138895 -0.0147119201332188 -0.0672041825563571
-0.0884014589329164 -0.0849955403388016 -0.294771357244429 -0.074644458503921
-0.0634036066140625 -0.0558552814391124 -0.549849522563226 -0.141853978332472
-0.0550549241052808 0.00289011042281509 -0.718182964373001 -0.155881062023833
-0.119126321384555 0.0270724932837305 -0.793827141397183 -0.142058920765092
-0.159650442633194 -0.106195914729986 -0.72936472589142 -0.143157539052427
-0.0214308014928938 -0.125582156052488 -0.601471473698133 -0.200728253150481
0.0807434126886911 0.00700805870716307 -0.237744729969302 -0.13581725439472
0.0727338807829658 0.0379918694599608 0.14046675295853 0.174277132816412
0.023126123543523 -0.088494806528883 0.505326518620978 0.352795468899396
-0.0879024031215 -0.0794602058147476 0.61646603288314 0.319590043060735
-0.0827977230447916 0.01356010392612 0.651168179391349 0.415512120397042
-0.0191536815728818 -0.0133854523129754 0.678791598537503 0.35822194625347
-0.0457611463085453 -0.0515271351079683 0.581434754387376 0.141319480204618
-0.0727728359009931 -0.0593196764294415 0.295451618493256 -0.00940883127632513
-0.0766197149295534 -0.0648824273474122 -0.0510551760558528 -0.0999835737878974
-0.0761787500307923 -0.0591325518414033 -0.333836073663512 -0.0852273674092286
-0.0588390439125095 -0.0385478102118723 -0.583038507371454 -0.0978517274682641
-0.0464318892207806 0.00625325744703093 -0.72768793141007 -0.0504987582611887
-0.089008779541628 0.0282563519634753 -0.800419277959148 0.00273287683477072
-0.13325463241142 -0.0689629679724016 -0.74340385739778 -0.0215946154854227
-0.0307670306379464 -0.093310368442337 -0.61084068328531 -0.131577596820823
0.0664144054977142 -8.74708306669268E-05 -0.243471826686163 -0.119262188492406
0.0580127205493335 0.0338551766700761 0.129342527169819 0.175798657557114
0.0295433017697132 -0.0519929639811144 0.485562520306182 0.397645063023008
-0.0441456636427354 -0.0500754563165646 0.567666744853638 0.399025109472894
-0.042470678105955 0.000177928529414188 0.582879605372287 0.523384144144982
-0.00461450838729966 -0.0197805330919579 0.63493887861042 0.454875386894987
-0.0318401888186216 -0.0374130382282768 0.560765181580649 0.178398205511081
-0.0496693771884692 -0.0311882884923164 0.274709152387852 -0.0178521975862085
-0.0497760748904561 -0.033153224077687 -0.0794959963629348 -0.124209754592775
-0.0494534956371297 -0.0262881304495239 -0.364352596524528 -0.086200968596482
-0.0417812057385448 -0.0174512636854882 -0.603488051858476 -0.0555876426956521
-0.0341737353429869 0.00492758249498244 -0.723567035271406 0.032882877337052
-0.0569738892488182 0.0111822962771224 -0.788210833376191 0.111600462812709
-0.0854922466842144 -0.0441495139428371 -0.740073481638666 0.0714644636220197
-0.0260652213019458 -0.0521074772390099 -0.616265143581492 -0.0770375741930424
0.0471365372879176 -0.001250806222226 -0.247112896508005 -0.106319694280185
0.0402336167295521 0.0207850515655478 0.12166860873655 0.175466381328974
0.0207601152685972 -0.01327171986702 0.47067951540787 0.423754604612915
-0.0039174263536775 -0.00150997795877349 0.534074393337383 0.448720390214636
0.00925828311472185 -0.00147501543139803 0.537058105984557 0.587376990738964
0.013352476052661 -0.0225060853618764 0.606139318359542 0.510933858762659
-0.0168047632988134 -0.0141922582919838 0.542598881284567 0.202422565995965
-0.021725648668676 0.00802309442049071 0.260379043175474 -0.0190480019491425
-0.015113131354001 0.00452668630738067 -0.0949001831714356 -0.133254673007084
-0.0133937876103289 0.00800584569489047 -0.380990048443283 -0.0834970454332681
-0.0186964989750861 0.00273654758460748 -0.613307933501781 -0.0263255250832429
-0.0206584536868785 -0.00103757397853018 -0.716817860790085 0.0778716107030139
-0.02766426628913 -0.0185790731965248 -0.770649248966926 0.171795044733243
-0.0279835334461809 -0.0326324562186395 -0.733702560498284 0.123351178249134
-0.00890274771412264 -0.0107142886890407 -0.617825044404359 -0.0482261445404171
0.0272114211302015 0.0010275438982835 -0.246824579602357 -0.0994317486852386
0.0206712037410809 0.00484754366450149 0.117023178971252 0.175857015209989
0.00661878660261494 0.0248356870471949 0.463441596513927 0.430311918576047
0.034636899448745 0.0497393187946423 0.527028462078075 0.467188066433352
0.0605683392317882 1.72320669576953E-05 0.535884788153359 0.603124771142994
0.0293365392140254 -0.0228054320297403 0.601630093783317 0.51882840816957
-0.00130103154149913 0.0122883990846053 0.535549142925519 0.210207578170001
0.00878688572322498 0.0470475249853451 0.255871725870891 -0.00901142401021357
0.0233441541284741 0.0429880276636518 -0.0937889768958222 -0.128735010636607
0.025064200861393 0.0392994822716249 -0.380182017844744 -0.076382622217063
0.00760318477966471 0.0197081821847102 -0.614888823427973 -0.017365995210867
-0.00917351956573724 -0.0109436646232136 -0.716324780290614 0.0895470057751831
0.00055942912860249 -0.0549549890746627 -0.766778461901426 0.181072249237986
0.0310470797583166 -0.0265364960798888 -0.73234465684054 0.130203228579883
0.0102555184647123 0.0287725250012046 -0.623227335717122 -0.0432772733482631
0.00662576556420193 0.00192683018871621 -0.245587291665351 -0.0998218940171177
0.00085729112232387 -0.0066145226398054 0.118911622219655 0.177557812100559
-0.000815566916616146 0.0605823299555625 0.46914699697135 0.413332208600147
0.0740262338081211 0.0866982530658896 0.553088146212361 0.44930400942553
0.100341773339898 -0.00835093262768405 0.579378206931673 0.561619527641048
0.039185158643939 -0.0232113289271407 0.625459077260412 0.479823511201943
0.016366687317546 0.0365920712137456 0.539567344312018 0.202111311631455
0.0403712718553145 0.0808451281514712 0.262829628274743 0.0102731355329288
0.0594149433565468 0.075855823083713 -0.0784335208727069 -0.109366103088904
0.0599775867333767 0.0670226725455624 -0.365562917209126 -0.0682757667203667
0.0307188109191897 0.0339720490452023 -0.610545880013897 -0.0262416138520471
0.0026075118850545 -0.0211030710181094 -0.724507612233291 0.0601161835831302
0.0312382969003247 -0.0869075687403407 -0.775645248896329 0.136200984488485
0.0849954984603854 -0.0160381815409918 -0.738622164902484 0.0932381972271546
0.0226595479920699 0.0646035953288699 -0.629863272521484 -0.0700487757854552
-0.0137979507761865 -0.00152468941124267 -0.24187866326754 -0.10592855816855
-0.0146286548245577 -0.0109095287120328 0.125311086924812 0.176630813817082
0.00482392039886384 0.0852608583074304 0.482344935844691 0.378101383790494
0.1112355145291 0.0948913862319527 0.603766663971337 0.397587968771132
0.120302142883899 -0.0290026289881944 0.64877553466574 0.466556210342143
0.0430784686692393 -0.0261403121393316 0.660503929621884 0.397393497210201
0.0346878714312328 0.0529753756859082 0.553757945399026 0.178275551809912
0.0677644888670947 0.10194418556241 0.280762113519052 0.0341258869377233
0.0867359075905709 0.0986295444016382 -0.05044202088788 -0.0795969842604865
0.0843158083408095 0.0871497468446515 -0.339095464485722 -0.0565627883140644
0.0465216696983107 0.0449608590248945 -0.599057891697573 -0.0544882922104475
0.0131168799478432 -0.0289514161452813 -0.733285989677752 -0.00855186722103816
0.0635477785144924 -0.106000634290991 -0.785881621566771 0.040906102286194
0.126157409656035 0.00405534097654413 -0.746909191580006 0.0149428825426203
0.021939212996297 0.09139166897856 -0.635787895584224 -0.118639933705046
-0.0295998852631819 -0.0117833864335657 -0.2366114166807 -0.114852315158082
0.0811388292862506 0.019943842681843 0.168363173639766 0.158652388067442
-0.0239018668117732 -0.11780837967919 0.534040547104381 0.234149121623286
-0.143964070430203 -0.0618103549577437 0.699526904525789 0.109169902211361
-0.0973869876100845 0.0552799209705552 0.754746095249769 0.108962129546902
-0.0255321179896665 0.000822130550510709 0.72607176721044 0.101161609797291
-0.0579134449380712 -0.0539339159744511 0.615069828845208 0.0415098921082762
-0.0895122055015248 -0.0758846691556446 0.348686259856041 0.0158488298917487
-0.0919054325163787 -0.0934891812291301 0.0257860478314346 -0.0288533314245571
-0.0856611864316532 -0.0955276545536917 -0.251853823293288 -0.0501302972498601
-0.057302995862684 -0.0631484347013663 -0.513865725499922 -0.174272701647887
-0.0595222049176568 -0.00199492636221898 -0.692644736322817 -0.258483593728895
-0.137753135517415 0.00911115023388991 -0.756827891891107 -0.289652930089883
-0.158713114935407 -0.139566480413502 -0.687672939497321 -0.257509834626802
-0.000777739234837867 -0.139609139094378 -0.585557119511307 -0.261346358449983
0.0862232608494185 0.0136881328807516 -0.22971882617018 -0.14677785437121
0.0807829733059587 0.0309091799105426 0.155219874410104 0.167751067675206
0.00126175894005917 -0.113194322601171 0.524241995697644 0.289940205733228
-0.127132789221239 -0.0804989552366735 0.664313277863328 0.214852423351869
-0.100864046830361 0.0364830113010928 0.715068653497325 0.262716961443896
-0.0264079586300895 -0.00446117262408401 0.712438547419456 0.228647736861675
-0.0557051973739223 -0.056318709710947 0.599566158040645 0.0858118836550819
-0.086882564456872 -0.0735438305934584 0.320426868767054 0.00054239604965232
-0.0919734904689246 -0.0862008089095571 -0.0148888213430876 -0.0665241884223359
-0.0888209560745812 -0.083154428525348 -0.293589072780024 -0.070198089886424
-0.0638563909252155 -0.0548907439725912 -0.550014303678761 -0.134535304555866
-0.0549831341187863 0.0037877188875729 -0.714168974886008 -0.145720388993794
-0.118537826043635 0.0276495646329117 -0.791577534180582 -0.132597893252339
-0.161183184386253 -0.103490480789685 -0.727002672567642 -0.133402059016358
-0.0219443570922244 -0.125291236326969 -0.600349806487657 -0.194269239563862
0.0812797497670545 0.00482881763722456 -0.237440008859029 -0.132181861011769
0.0733892236983485 0.0367610368144102 0.142418052162251 0.172260743974085
0.0226080256577436 -0.0880708396654284 0.507051289051627 0.345282859522305
-0.0887765012022019 -0.0778631051304651 0.616427572955136 0.310971404267945
-0.0825247585470934 0.0145415553326217 0.65214050360176 0.405705581451281
-0.0194703726985369 -0.0129775935713642 0.680499147565394 0.348394748434027
-0.0454861173531828 -0.0506679795956392 0.580661249898886 0.13277173391968
-0.0729267285767515 -0.0579322144403106 0.294058151173009 -0.0135610235369992
-0.0772391604050259 -0.0640109846254482 -0.0521503667126592 -0.099785821170208
-0.0768860218605752 -0.0578036297002058 -0.33275406959344 -0.0804924994181938
-0.0588657961356613 -0.0365318763539037 -0.579325497537883 -0.0884618137186804
-0.0453271433785675 0.0066048091390657 -0.722533330712988 -0.0406453709483333
-0.0881538626239305 0.0286940081136351 -0.794009744525128 0.0146325416787024
-0.133815153252322 -0.0670863441904358 -0.741225125594731 -0.0127402878458043
-0.0316412363695121 -0.0928290497127388 -0.610010263653989 -0.123664863646264
0.0674537836697491 -0.000824837352062183 -0.244242236805711 -0.116955271890144
0.0590227196459087 0.0322550016847514 0.13101811794575 0.17355090088446
0.0291099935661984 -0.0522914234582949 0.487984418970591 0.3907568317933
-0.0444928649225665 -0.0492471238304544 0.569437707455591 0.390891050639973
-0.0415359528856693 0.000843604050986283 0.587480705420023 0.51564582373296
-0.00431034377791381 -0.0202199680500745 0.636514115236194 0.445803222453543
-0.0320987903019163 -0.0364176601034936 0.559533138268474 0.169916507511657
-0.049520756950138 -0.029297812283824 0.272397590811641 -0.021508363693229
-0.0505647798677585 -0.031816726096448 -0.0802399438860557 -0.121825145463577
-0.0488150632404271 -0.0259131309724054 -0.363010521516096 -0.0815105347604169
-0.0421674658353215 -0.0162482778459644 -0.599656819517629 -0.0468746403738569
-0.0333669007466902 0.00496186605550407 -0.719830754413834 0.0434870884041556
-0.0569613298900742 0.0112140945410871 -0.782336557446179 0.12013064713939
-0.0867112070148749 -0.0424889534478438 -0.736714004484055 0.0809396532004773
-0.0256232016405574 -0.0523067824534344 -0.613553448694313 -0.0701644685180999
0.0481297166322289 -0.00244774847308619 -0.247663368900133 -0.103040225922055
0.0402209449406695 0.0196877003218884 0.123156403594917 0.173218612172091
0.0211062839201873 -0.0133485792051829 0.473591868913932 0.417048390009885
-0.00338006495454528 -0.00153723279842109 0.536090537906285 0.442124226679226
0.00978216337197249 -0.00112255456370398 0.541704036180822 0.577933580120255
0.0125451434975314 -0.0227495867486863 0.608453637195763 0.501458265389136
-0.0162395422562967 -0.0142758091679508 0.54066682601561 0.194917422195799
-0.0214523715038161 0.00861272258249537 0.258548951259307 -0.0223258176917206
-0.0147767234022896 0.00551771747091704 -0.0948389342629434 -0.132425907861956
-0.0127473007874271 0.00841568349476751 -0.37797710308851 -0.078393615882265
-0.018482134242007 0.00284092513519055 -0.609210798688457 -0.01924808165884
-0.0212436747956517 -0.00115935293840074 -0.712195669606932 0.0878322505859234
-0.0273010510330527 -0.0186920796792926 -0.765120742549433 0.181210973409643
-0.0285928684272067 -0.0315429722510188 -0.727804261516471 0.130500124158298
-0.00778067804386914 -0.0105456301826077 -0.616029164436711 -0.0408684113654358
0.0276462477692515 -0.000358206009935084 -0.247361479170516 -0.0955112465855793
0.0207588855000936 0.0039438205553832 0.119066664648978 0.173858366308604
0.00740347056680205 0.0246382341816589 0.467010829021695 0.421542226023635
0.0350832110157291 0.0495265554177417 0.529272746258544 0.459606549815979
0.0607517454110373 -0.00067334316166558 0.539226251004729 0.594025285091007
0.0289684900144273 -0.0231066715215047 0.605721552096337 0.510403777117505
-0.00135328831373715 0.012503357552408 0.53447517228147 0.203192108944424
0.00920491822450023 0.0477305903958264 0.25407824595784 -0.0135502530887319
0.0241318587446581 0.0424101993393372 -0.0940809197446788 -0.126993590535291
0.0258080135548378 0.039002026113681 -0.378925843705935 -0.0718962470337509
0.00793110743705204 0.0193057456974305 -0.611115999947068 -0.0100072026235342
-0.00889827672888838 -0.0108975934139285 -0.712328078799432 0.0974284248886645
-0.00035812292404197 -0.0544655133524179 -0.758923723992709 0.1886563062162
0.0307635628848552 -0.0263553321599923 -0.727125715560198 0.137586904907948
0.011705350439633 0.0280788638670481 -0.621497125284888 -0.0372122934416233
0.00642644477947704 0.00147731818589926 -0.244960573616527 -0.0970882394773777
0.00109113092912077 -0.00798909415356512 0.119739153791039 0.17514088852707
-0.000342908035653399 0.0593876835811731 0.471163599186898 0.406326498338279
0.075126423424035 0.0861295720700818 0.555098829217746 0.441516150431224
0.100051644291796 -0.00958767615676041 0.582903163334612 0.552759897999285
0.0389918436686076 -0.0237319627726756 0.627719088342838 0.472475328931221
0.0162673623571121 0.0362916058056174 0.539065904388614 0.194126285712806
0.0414954327122159 0.0808345856409621 0.261236890422619 0.00656798750713706
0.0595070052892795 0.0752804003590705 -0.0789490893891948 -0.108680520408679
0.060753709126291 0.0662740886630605 -0.363685499558719 -0.0631826760931428
0.0307719427272769 0.0338767867371308 -0.60648463584548 -0.0197930588273732
0.00188317297254311 -0.0206632109648286 -0.72071234767769 0.0702537160255448
0.0294460003587043 -0.0871415021287252 -0.766202662737753 0.145299645201162
0.0849053121890682 -0.0166944942995137 -0.733419976569902 0.1011997656888
0.0247266076913182 0.0634895028352507 -0.628505587414043 -0.0619500236708177
-0.0142922493352891 -0.00151498940631412 -0.240998139709249 -0.102741608927638
-0.0149663083712265 -0.0113899437102879 0.127428430972824 0.174300695224053
0.00574964956203724 0.0847537107985985 0.486995237781366 0.370818459958486
0.112127354809376 0.0932323677771262 0.604966331446321 0.387276876870671
0.119305244759731 -0.029906475188033 0.651229676406025 0.458864052782784
0.0420037573386348 -0.0265124492173386 0.663821019292922 0.388549834775496
0.0348329126002193 0.0522645336698042 0.553985139773763 0.170359280701926
0.0692550314092543 0.101001466358997 0.278531841157123 0.0294578262265557
0.0882266689142521 0.0974277275020084 -0.0504174574553001 -0.0786009376387233
0.0856880266844985 0.0855402986082344 -0.337412623537714 -0.0522364284184873
0.0455389377292262 0.0442437374323751 -0.596216228995876 -0.0476384856484885
0.0124352454872627 -0.0286740193312104 -0.729355307763062 0.00242105690480742
0.0611346300269885 -0.106776296451877 -0.780269300363194 0.050931535027939
0.126119837193837 0.00330075397065204 -0.741557779071795 0.022742852108759
0.0233512103498016 0.0904976747260793 -0.633748499957737 -0.110974130619216
-0.0299444535857929 -0.0122127606832807 -0.235976029198477 -0.112377124601789
0.0813738496186568 0.0183038864432471 0.17036527307547 0.156694074765722
-0.0245037866300698 -0.116462875244673 0.535193792997098 0.228041396027363
-0.144272050133668 -0.0603285800667367 0.69573497881387 0.101730467223692
-0.0963224547706239 0.0563302240108558 0.751363805160648 0.101503211303404
-0.0249813272576838 0.00127111315885454 0.723922328866175 0.0929910770330065
-0.0582546897274338 -0.052713404315988 0.611240028266863 0.0331938723276077
-0.0905504507374161 -0.07416548095528 0.346269819640291 0.0109327127677216
-0.0928388227037996 -0.0925236027714891 0.0255000387240945 -0.0284008294603528
-0.0857660548787997 -0.0945698186257107 -0.250216286286378 -0.0473150357145709
-0.0580586247782914 -0.061985612508294 -0.513961550675436 -0.168286945130504
-0.0589759811966932 -0.000657804014800478 -0.692123835873351 -0.248227837619704
-0.136697405205806 0.0104227738224907 -0.753790119644388 -0.280289809963376
-0.160691194243949 -0.137551666403499 -0.688325578743352 -0.250895208421004
-2.58554390625112E-05 -0.139396286956364 -0.586012832128757 -0.254269110326919
0.0867988711868325 0.0124199857988723 -0.229583861385036 -0.143586455767338
0.081658528227196 0.0299672937166647 0.157399245370281 0.165489425660543
0.000763815684093814 -0.112016406230779 0.526474762485687 0.285215311689374
-0.127319102962833 -0.0783202654766656 0.662299176719056 0.206907592366399
-0.100979651264294 0.0379381699060067 0.713258539496174 0.254669648089929
-0.0257447093698898 -0.00448197892030881 0.711060762274567 0.220500010164355
-0.0556859007247985 -0.0550629132669886 0.596509399802962 0.0790127553909046
-0.0874094302659314 -0.072502913827169 0.317633968371626 -0.00347562991588766
-0.0918512053329109 -0.0850730875339284 -0.014797534659956 -0.0656247003485367
-0.0893907555675623 -0.0824127800399723 -0.290944399940989 -0.0672690507548453
-0.0640826779263453 -0.0533882181744375 -0.54809908502043 -0.12821317260095
-0.0548038204197021 0.00442369074517523 -0.716141751933627 -0.138653992304744
-0.117974327555779 0.0290648818445661 -0.787589716273115 -0.122096997466251
-0.162108316814898 -0.100913589411011 -0.723259287899939 -0.126877514874848
-0.0217507515390974 -0.12467411825036 -0.599576405570697 -0.186299464760036
0.0812559166918802 0.00370027650578272 -0.238284044385704 -0.129169701465465
0.0732958974397211 0.0360152439910009 0.143596153855853 0.171221085604995
0.0225877207864217 -0.0879339578964932 0.509557626560032 0.339201867997616
-0.0889546915196707 -0.075953934314859 0.616047290375364 0.30518130981391
-0.0814918239098118 0.0153347835736548 0.652083270036883 0.396694847169027
-0.0185623030176772 -0.0126975102394769 0.678738468129468 0.342841232343193
-0.0456597631981906 -0.050245414096275 0.577821427581056 0.126522576601235
-0.0734267665063664 -0.0565546331101219 0.291595148860642 -0.0168444727461393
-0.0774223074561689 -0.0627775661500257 -0.052836519291735 -0.0981915162240979
-0.0767222975773729 -0.0571463511152686 -0.330737962518455 -0.0757517272618059
-0.0590837687491066 -0.0364629948279972 -0.575915419240828 -0.0818558650674967
-0.0451405218636017 0.00753428756885179 -0.720285843593075 -0.0326188990787772
-0.0875863129628306 0.0296633356576233 -0.790549039398783 0.0217279711712458
-0.134578134556376 -0.0647230159774812 -0.73585342185353 -0.0069199786913094
-0.0312090280087694 -0.0923148351005605 -0.607984432761853 -0.11768466426874
0.0673095067224756 -0.0031285998686819 -0.243781964715597 -0.113712735424519
0.0586616548397632 0.0315758466704175 0.132594218822758 0.171646541330141
0.0296186317186956 -0.0518184890257694 0.490601622907479 0.38423041385519
-0.0449022255720157 -0.0485788359820182 0.569342213061937 0.383167259381241
-0.0419830439996489 0.00174495075195762 0.58797244886894 0.507265555741589
-0.00487357232350217 -0.0199385950259768 0.638279980760214 0.438378360002834
-0.0320009905004285 -0.0366653512816265 0.557484812544214 0.163501403472442
-0.0502749962155132 -0.028270359630329 0.269948903994972 -0.0255264193146168
-0.0501504741247075 -0.0317338425390124 -0.0804211246953918 -0.120979277868117
-0.0492683796538045 -0.0250776468566943 -0.360408102645648 -0.0763968773189146
-0.0422179953056034 -0.01571069754285 -0.595389004343124 -0.0413145648625338
-0.0337802958401518 0.00540043299709047 -0.714849242229598 0.0507158278585784
-0.0567505849807598 0.0119385742293849 -0.775694118392333 0.12992457665637
-0.0863497223883376 -0.0417015770557567 -0.730268482165813 0.0860372297565168
-0.0252530004382459 -0.0517217056613015 -0.611556430489105 -0.0634567700671163
0.0478450793504344 -0.00383311347062147 -0.246396295166662 -0.10029795371742
0.0401071255330347 0.0187224133275518 0.124477546491517 0.171086821891169
0.0215138819684069 -0.0137281351762687 0.476392363409322 0.410183484533788
-0.00369031384851659 -0.000624167512016906 0.53693167204303 0.434616167203194
0.0100985936603542 -0.00107342523386205 0.545141191579068 0.572241576722516
0.0130573465609693 -0.02296508228039 0.611090333844493 0.494612066404871
-0.0163758707669653 -0.0143573188782695 0.53968074370649 0.187798865272141
-0.020835614554968 0.0089041908229131 0.256491259905498 -0.0263336249963919
-0.0144188769933312 0.00500936421574901 -0.0953637028347719 -0.13024511493054
-0.0127835372862731 0.00796292450548277 -0.37615833847657 -0.0733068983970903
-0.0184500213218605 0.00315454268601141 -0.605530400315546 -0.0133598895611128
-0.0213899736799308 -0.000972734779609793 -0.708529629699916 0.096957031381612
-0.0279364044925619 -0.018838739826417 -0.758227859956626 0.189750999791775
-0.0288713516966336 -0.0305873228988568 -0.721714326175671 0.136606966391587
-0.00690574139907266 -0.0104861290527346 -0.613332962728815 -0.0338276606514447
0.0276876101064463 -0.00135485506113339 -0.246404977067348 -0.0935943643028395
0.0206784235153932 0.00294510016575677 0.120178871263989 0.172193044127424
0.00761886949464768 0.0243674678634436 0.470507866671836 0.416177117007298
0.0352730653685842 0.0491560613785328 0.531098991632122 0.451022750154783
0.0609812302803625 -0.00137860180362534 0.543148198683368 0.586710670361903
0.0285930031671964 -0.0239684763323056 0.608524998457616 0.503198945494477
-0.0010327112866399 0.0122836573433967 0.533356746605654 0.195659884598637
0.0104762297121163 0.0478342523367698 0.253282760314418 -0.0160947293995056
0.0240077257842233 0.0421367555951443 -0.0948487294866872 -0.124902851855723
0.0258697409637123 0.038903882621434 -0.376308361989174 -0.0665605774245767
0.00774798788776424 0.0204680382454458 -0.608019991077811 -0.00259958897305577
-0.00971078162227616 -0.0105373237669032 -0.706747208682347 0.105596903338071
-0.000855497697543145 -0.0546706768880479 -0.753320231702099 0.197593732633854
0.0305790149477737 -0.0256947945167067 -0.722894335621037 0.144601263228576
0.0124117198580989 0.0273813471883332 -0.617495740078206 -0.0308949652015442
0.0062425760209336 0.000148201157298286 -0.244757317174955 -0.092968470936278
0.000608688600387531 -0.00837893690768163 0.121024585996746 0.173720800603883
0.000491501980106667 0.0596859407051753 0.475565383311745 0.400496221027404
0.074993442324126 0.0851250084780691 0.555919401883506 0.434607776215975
0.0995969935756193 -0.0104804450322358 0.585971680185173 0.546187126514784
0.0380958142372116 -0.0245410748672517 0.630014209688437 0.463299716699712
0.0162879995149081 0.0351767221437557 0.537630918512915 0.187496576307238
0.0423430027341582 0.0805096533445051 0.259299871539596 0.00264062120075547
0.060255838361639 0.0732445394147532 -0.0788225781280927 -0.106473697278416
0.0612575251062892 0.0652517536108751 -0.361372865821325 -0.0589808393930666
0.0306904303340931 0.0335365859280622 -0.603942774319475 -0.0130358091026537
0.001788194591744 -0.0214068274813108 -0.714138096930505 0.0773827268194126
0.0275906091422645 -0.0870216220377651 -0.762270026267855 0.15348517282193
0.0854480757892323 -0.0170064617264969 -0.7278666328703 0.108111694360794
0.0249888586582005 0.0628584157436944 -0.62617856923481 -0.0555772248788895
-0.0144754897449554 -0.00286402160363596 -0.241390751645918 -0.100356943252692
-0.0151152558810207 -0.0120605252796661 0.128813807249953 0.172735232969103
0.00648891807598847 0.0850770898024019 0.487753471538321 0.365462474373352
0.112151321933152 0.0919683454272831 0.606215557667693 0.380990158838667
0.118366502694673 -0.0317132300262999 0.651572626117495 0.450198994768775
0.0408565062299504 -0.0265396055984732 0.664889614133118 0.379769146139158
0.0349356028683865 0.0517247148729365 0.550223837066943 0.163598332163104
0.0693711597890162 0.100041991134561 0.277238041440996 0.0265465827206091
0.088709989323988 0.095888511646141 -0.0510058853025674 -0.0777908771215614
0.0861973024068676 0.084340996920678 -0.335454303613966 -0.0489772632650859
0.046104778907115 0.0435313870015237 -0.592228210333984 -0.0404616690538394
0.0119921289765294 -0.0292038375705143 -0.725868565938371 0.0100854704728514
0.0596573156315186 -0.106963157459857 -0.775714552989058 0.0592634971654967
0.125611340454204 0.00216035715856329 -0.737373185473434 0.0300745432516054
0.024861620472019 0.0894092098901536 -0.630802904132342 -0.105164694183394
-0.0305087987509868 -0.0136249865262898 -0.236037325510642 -0.108831908283692
0.0820028635486138 0.0176405322355667 0.170017723935333 0.155533490011825
-0.0249273772103802 -0.115473055647453 0.535578736504093 0.222358214786247
-0.144855995868774 -0.0579830109572901 0.692387444232845 0.096421505463746
-0.0951366009291621 0.0573864911394357 0.747724346661936 0.0934531484824614
-0.0247790718373142 0.001047559118913 0.721545491623806 0.0862889772427661
-0.0587285120454454 -0.0519887297867235 0.606785655264584 0.0260107730057385
-0.0902554393851838 -0.0724758958851186 0.344003587318352 0.00772435734904092
-0.0928451624826099 -0.0919566641761229 0.0261150046678431 -0.0278143136811003
-0.0864581951896705 -0.0931038223973275 -0.247469285689844 -0.0437909965191768
-0.0578783129822385 -0.0607192134324993 -0.511733039926166 -0.161653350144825
-0.0586951249322094 -0.000485818523056673 -0.690599723263171 -0.239400210093452
-0.135957426628374 0.0116854767167028 -0.751213741013409 -0.270652100153608
-0.16110775365941 -0.135825464619494 -0.685277133262586 -0.243691164845211
-0.000822415736385148 -0.138842073300061 -0.58421683391636 -0.247903417758546
0.0867125980885798 0.0108964332311031 -0.229919656028147 -0.140310373488832
0.08174829012974 0.0287897300782618 0.157464231207657 0.164395032934958
0.000533045743846158 -0.110834633718633 0.525656541672611 0.27793583727645
-0.127924663703266 -0.076595819235056 0.658951117677674 0.20095361200293
-0.0992310884361556 0.0389683271435985 0.712029130904711 0.246829774556758
-0.02482306644771 -0.00430136514786101 0.708758276902024 0.2133285944972
-0.0559636281911497 -0.0543896138654303 0.593479516429002 0.0720921838850701
-0.0877426572253761 -0.0700882626430992 0.315558011173197 -0.00698348942111939
-0.0927853859090288 -0.0842789688417693 -0.0142722438502834 -0.064616448936825
-0.0898904436875096 -0.0809788242930616 -0.288085942243386 -0.0622996487150323
-0.0648093565221663 -0.0526700302612407 -0.54582643375074 -0.122738558057923
-0.0537187170419344 0.00453328813436408 -0.711754804107828 -0.128633587986189
-0.116685005246508 0.0295187517037429 -0.783824245993374 -0.113818857119493
-0.162463114776444 -0.098362202088199 -0.718773300682938 -0.120039957845741
-0.0215329615489676 -0.124368177050146 -0.597595672866584 -0.179960907275108
0.0815612340522612 0.00233568038320754 -0.23706136769138 -0.126506970924491
0.0738322981047278 0.034004062693728 0.143312608512323 0.168901518719483
0.0217840207547688 -0.086854809380127 0.510174420611773 0.332061738609319
-0.0902086367805136 -0.0753280532657563 0.614771645433174 0.296686876886455
-0.0806438919931331 0.0169813557937115 0.651830036946836 0.390903109768785
-0.0185624400132362 -0.0127879225103544 0.677778736866565 0.335125526248347
-0.0459996275442297 -0.0495373743618683 0.57618199626324 0.118612208036759
-0.0732996387595674 -0.0546968275511463 0.288741806203353 -0.0193547172806611
-0.0773230268842711 -0.0619839295481051 -0.0516077969300052 -0.0966258300339709
-0.0764073092416013 -0.0550267240492629 -0.327687618503625 -0.0722833836421398
-0.0592813622401631 -0.0350165530349097 -0.57355253970957 -0.0765392911621124
-0.0449681240199524 0.00753894756419575 -0.71535014117721 -0.0250481009788162
-0.0870438416087799 0.0303701861082552 -0.784833396730769 0.0310644831928122
-0.134715079680834 -0.0631250127011838 -0.732189619231943 -0.000122883822112372
-0.0310923792596342 -0.0914342083157318 -0.606193221955559 -0.110537055559012
0.0680124655869764 -0.00414497193604355 -0.242930992795643 -0.110727607129283
0.0589080287060758 0.0299541778489161 0.132786843409657 0.169807567260234
0.0291877341931641 -0.0519958860556592 0.492322749103346 0.378289078509675
-0.0453978013305699 -0.0480650824912132 0.569828592672401 0.378199764735458
-0.0416884639926097 0.00183966043540733 0.588590422043235 0.500329962082473
-0.00488056200965222 -0.0203035693654072 0.638842711890394 0.430160911063794
-0.0323639554516001 -0.0355153063695366 0.554481665231037 0.156033023361401
-0.0496090089436081 -0.0272395549601814 0.267989592444937 -0.0279090183546679
-0.0499096415574108 -0.0309929250042414 -0.0807181973216634 -0.118700977788124
-0.0488963918787595 -0.0242523818621945 -0.357733062382306 -0.0719774658857879
-0.0420475827034421 -0.0151279840592906 -0.591951260148417 -0.033278513886617
-0.034080353787856 0.00638590283405362 -0.710131368472183 0.0579201307931355
-0.0564630913033181 0.012012378536964 -0.768648954387351 0.137146165916299
-0.0872343815261685 -0.0397155375955495 -0.725511249580297 0.0926906516048972
-0.0246966106565999 -0.0513131717512406 -0.60767505040735 -0.057354009996225
0.0484031468285384 -0.00496353621074677 -0.246319784185052 -0.0973092980943305
0.0410691923737919 0.0177709322385719 0.125333163541615 0.168604835325782
0.0214267544246149 -0.0134478817942185 0.476970245299021 0.402851367845363
-0.00374721505151413 -0.000497001614063509 0.538184121269247 0.427989723966025
0.0099715384686278 -0.00150843060800661 0.546045735448558 0.564246651292087
0.0119990156709881 -0.0235388052541374 0.613375256173934 0.485524309169072
-0.0167367872948876 -0.0137808223106259 0.537898342838515 0.181093623996836
-0.0211392348325734 0.00982606072020498 0.253853481821876 -0.0288782888047941
-0.0143256080138799 0.0056785776064427 -0.0957067495020857 -0.128188370771167
-0.0128064991441405 0.00791607956922507 -0.374015297604778 -0.0684959574774165
-0.0183916819057724 0.00432057531368735 -0.601872474193614 -0.00626914047168696
-0.0212493152559712 -9.75582566600762E-05 -0.701516280107838 0.10330431403666
-0.0283850228627826 -0.0183074153462583 -0.750959332709071 0.196356265734887
-0.0294326971697115 -0.0298549984345999 -0.715597372348323 0.140938523450793
-0.00699135099604979 -0.0109445763699724 -0.610333197223181 -0.0277729713043731
0.0280791490387274 -0.00291901472400859 -0.245552496132111 -0.090837697210236
0.0209905977749941 0.00273587503809805 0.121217042024636 0.170215001646145
0.0083554110870577 0.0239213405076627 0.471805478874208 0.40805044951673
0.0349230557397322 0.0490725294538585 0.532138688750368 0.445273895557914
0.0601171189619501 -0.00157788135709525 0.544673509069124 0.577693979544642
0.0279654305848737 -0.0237775282362383 0.608317231474741 0.494794121181137
-0.000883416901266561 0.0115238037335276 0.531349855981907 0.188627935363666
0.0109913980316929 0.0479407396796008 0.250449431935678 -0.0194974241878258
0.0243723192711122 0.0413882058209373 -0.0948926327805154 -0.12355688573625
0.0264345149929988 0.037582956509378 -0.37347178918171 -0.0630863284102872
0.00734139639988275 0.0199691849250729 -0.603603979824665 0.00243361475521365
-0.00960929845099023 -0.0105082583176131 -0.701120472853541 0.113923067851405
-0.00215143016168524 -0.0538952068953783 -0.746097885496949 0.203863703498047
0.0302908975673092 -0.0260068090529643 -0.715724479320476 0.149618822962891
0.0128299520655797 0.0270074609438866 -0.614298931986935 -0.0244556848060808
0.00583449234606362 -0.00035781493999479 -0.243902771197276 -0.0910272368101144
0.000763637813837014 -0.00929362207658132 0.121733198226414 0.171375307334008
0.00130321634162441 0.0589808758749312 0.475885103867204 0.391590827587397
0.0761971315607683 0.0849493711592423 0.555811465068986 0.428921143197857
0.0993515677403635 -0.0113090340469713 0.586363108128818 0.538067472129784
0.0373842105464132 -0.0254813894812951 0.631710445299872 0.453744948219915
0.0167188837526341 0.0355040344005191 0.535735408625997 0.179632710132559
0.0426507247434525 0.0797916445943125 0.257661577176514 -0.000700956765629514
0.0601861550131755 0.07344608185276 -0.0792388876754362 -0.105330877188988
0.061210045565493 0.0639872805363677 -0.358968829514537 -0.055574416041717
0.0309831013673126 0.0335973259818145 -0.599194609548008 -0.0074583032959189
0.00140701704140644 -0.0211394331818256 -0.710094894330376 0.0840721102373723
0.0265450903833695 -0.0868025619897237 -0.755274636816733 0.159334169168894
0.0841937036130525 -0.0167991874980124 -0.722039452075351 0.112683150136106
0.0260286974776444 0.0612156922685626 -0.622929480862505 -0.0500907979176833
-0.0144368747163038 -0.00372442170183569 -0.240977658705963 -0.0969669273144615
-0.0153609150412531 -0.01193593331384 0.12948379525581 0.171250604212947
0.00737066128182792 0.0838124120309963 0.488801125514655 0.358340285590373
0.112617044132099 0.0914042306117728 0.606907397584207 0.3749379435837
0.117638086505149 -0.0322889799045052 0.652365723381468 0.444041452769438
0.0408519972768059 -0.0271599158730536 0.665169099012251 0.37115973808994
0.0342559231469221 0.0505675853260422 0.549028689102317 0.157660222795789
0.0709313158621306 0.0992348140072623 0.275719591388884 0.0234708443266926
0.0885438764979513 0.0948786911962447 -0.0510584341743619 -0.0767597546169247
0.0861666005744212 0.0832477575732448 -0.331937502554138 -0.0445623798712402
0.0461058579887335 0.0425687335800567 -0.588986284621512 -0.0359763667831328
0.0113744794605954 -0.0294433231186704 -0.720775804491575 0.0174433618564457
0.0578336127831023 -0.10719870640343 -0.76864709435985 0.0661075540552567
0.125531008902065 0.00140450954381984 -0.732543387710103 0.0357521649391771
0.0260594063076261 0.0887407500393849 -0.627518912085873 -0.0986037715052744
-0.03125480517791 -0.0137237840608269 -0.235249334758047 -0.106568009325287
0.081474658421291 0.0169655801309708 0.171224320031739 0.153713227501793
-0.0251788617228158 -0.11479064804122 0.535206360800222 0.219851772220614
-0.14452907646869 -0.0562505272229284 0.687488600145425 0.0911746838376093
-0.0938244603159335 0.0580739125819369 0.741831822433976 0.0879779223725119
-0.0238694414760284 0.000940089851937309 0.716307720776781 0.08161516160942
-0.0583390040506147 -0.0513247925580184 0.60385248073988 0.0196731761649074
-0.0900453356252518 -0.0701470724401191 0.341347045846862 0.00463791788571247
-0.0928324193476771 -0.0902243797180677 0.0262271301667599 -0.0276978778495331
-0.0868085567424122 -0.0921818437585701 -0.245723648844077 -0.0403773717801626
-0.0585405352582977 -0.0602806428165655 -0.509192452925938 -0.157240282523084
-0.0583992081063062 0.000689318049278232 -0.687839980240879 -0.233323938576375
-0.135192278033196 0.0128852680076756 -0.748053147109036 -0.263792584527862
-0.161625961192287 -0.132769199213532 -0.68162269954324 -0.238167086150144
-0.00100949245944171 -0.139535153566372 -0.583168660429807 -0.241835559542309
0.087425045178253 0.00945762895814303 -0.229484438742667 -0.137686184885613
0.0823582082221709 0.0275476537847355 0.158222687104275 0.162846441816296
0.000243286855067456 -0.109728620334902 0.524227318336034 0.273296215757806
-0.128011960256621 -0.0746500315135169 0.655466189242868 0.195859539182499
-0.0986703650865409 0.039577244430148 0.708088013579723 0.23911226823937
-0.0244175146473829 -0.00417827687338695 0.70577768852781 0.206870359402858
-0.056190210898525 -0.0535709643058544 0.589486316478269 0.0659685027399177
-0.0876532437362427 -0.0688912530217661 0.312957772111682 -0.00961797054209718
-0.0928343478467273 -0.0831308583684764 -0.0141218441341459 -0.0640022122493435
-0.0900229359384082 -0.0800708873386203 -0.286096436366189 -0.0598459146719549
-0.0646037652399018 -0.051036171395152 -0.540743956948764 -0.117930399346625
-0.0538628282443415 0.00550719458470609 -0.707639626786795 -0.123159608547938
-0.116371170563836 0.0295481125437599 -0.778051820752444 -0.107915290449277
-0.162340602991151 -0.0971052931507132 -0.716017719922814 -0.115899966824417
-0.0216267589486688 -0.124103619950924 -0.595182464844274 -0.173791644782987
0.0819928329334163 0.000711309494985516 -0.235931671506974 -0.12447183143225
0.074268219204981 0.0334279032457456 0.145432966641253 0.167696375489925
0.0219994075746223 -0.0866861518563452 0.5105569322812 0.328270643401035
-0.0902501809774302 -0.0739755328555391 0.61282450842929 0.291898154962653
-0.079862101136017 0.01697410628527 0.648868134061555 0.384051964946813
-0.0191195705260839 -0.0127293478291267 0.676711527122316 0.328759057689176
-0.0461186273354468 -0.0490874492857417 0.572341743227419 0.112837261718974
-0.0733152188936951 -0.0533902230164314 0.287180954771836 -0.0226092785013917
-0.0771285500284322 -0.0611884059307005 -0.0516904984692658 -0.0960631003625233
-0.0774325072924657 -0.0542920039649648 -0.324992106808744 -0.0681809997362993
-0.0592277999376794 -0.0338868128401518 -0.569767575379628 -0.0711312400132477
-0.0448199782897424 0.00858856232664525 -0.711331435687116 -0.0180768149273566
-0.0868740290112702 0.0308712802565701 -0.779476919650743 0.0376970608595708
-0.134836606865722 -0.0607162325112012 -0.727037327368735 0.00465263436062402
-0.0306926032693203 -0.0909857278685454 -0.602723692361914 -0.106309501212852
0.0675371880060645 -0.00544963411042659 -0.242229012038173 -0.108049213737916
0.0592207795887694 0.0298226889929649 0.134505402096742 0.167520386349338
0.0287009921404466 -0.0519329393421922 0.492683634388727 0.371707652340568
-0.0457252729069433 -0.0467288143000036 0.566617875789429 0.372142027725619
-0.0406586198584873 0.00208530614140892 0.587938540598288 0.494407920794485
-0.00514613549611462 -0.0201643305129641 0.638781238071343 0.4242747310983
-0.0320364485448402 -0.03508419557507 0.551020331870209 0.149798374453319
-0.0501928550529414 -0.0256220460034712 0.265496054249614 -0.0304629503764881
-0.0501115237598185 -0.0301920792131641 -0.0803514321481262 -0.118052489889673
-0.0489512800802274 -0.0241841428105886 -0.355876181251945 -0.0698458200240619
-0.0421360449264192 -0.0143328386866028 -0.589260805855989 -0.0299985210105559
-0.0332448840854111 0.00579520839407955 -0.705590791287344 0.0641695829193623
-0.0563009147888312 0.0124905148210522 -0.760981819631247 0.142173329585405
-0.0870434863358282 -0.0383811364387137 -0.718785729229613 0.0954168263543289
-0.0242135633135901 -0.0515277471867747 -0.603855327107063 -0.052591926490695
0.0485860008896368 -0.0063017569724298 -0.245503691412487 -0.0949572451421066
0.0404458326111145 0.0169145889758378 0.126185970898846 0.167314980997776
0.022063514818264 -0.0140388541321777 0.477440841596119 0.397824664686702
-0.00381193479376594 -0.000577494906435449 0.53655554729638 0.422184404516879
0.00953889357005235 -0.00131003204359093 0.545583002069654 0.558206879942543
0.0117534055533639 -0.0238084659720359 0.611473234026331 0.478987224936585
-0.016999866872789 -0.0137497549978439 0.535752040032979 0.174345287280218
-0.0200879718499639 0.0100929239844847 0.252015166667636 -0.0310089355875494
-0.0145295592884803 0.00518412036941614 -0.0955091760265734 -0.12667714775668
-0.0126411736142243 0.00810369208670108 -0.370070369320747 -0.0649480782568721
-0.0183014359658767 0.00466549512138102 -0.597089206267578 5.6792240235403E-05
-0.021009977331906 -9.00399767959359E-05 -0.697667083715818 0.108104366530915
-0.0287683888258488 -0.0187256411413449 -0.744191198968628 0.200706301246153
-0.0301902179453017 -0.028951344614995 -0.709890967939839 0.147751271872611
-0.00649087332882496 -0.0112134249875776 -0.605337983193956 -0.0243864301085248
0.0278944271116453 -0.00347199771052818 -0.244767266210312 -0.0874277239343766
0.0202934441187167 0.00154125361737913 0.121759236041308 0.168724527145746
0.00860412839976344 0.0245878484011419 0.470631598788863 0.403765298336994
0.0351058141787588 0.0488455111301475 0.531387263141219 0.439865343163652
0.0596818113426957 -0.00265233309213817 0.544002426685739 0.570980776260632
0.0276816630420047 -0.0239324671267682 0.610911406253883 0.487526140776714
-0.00181239934176531 0.011701312840059 0.529133302792409 0.183484590145007
0.0115991287403201 0.0473970623751335 0.248732443118711 -0.0214240092084058
0.0243672958230576 0.0415282829812379 -0.0947041067135616 -0.121978089843441
0.0264824736922513 0.037535810503155 -0.370372396234211 -0.0588619979984962
0.00729262236077276 0.0200315146993 -0.599420686679723 0.00921539847805942
-0.00954603914361853 -0.0101558655297574 -0.695853134280505 0.118370232478469
-0.00243438170353674 -0.0543523971752084 -0.738956762972769 0.208806650171118
0.0289337339988593 -0.0250066244935858 -0.709475222655761 0.153420460031901
0.0141732007853482 0.026919145750469 -0.610458357174015 -0.0206746185241756
0.00632578425237868 -0.00224391447487376 -0.243497971764516 -0.0882861490022471
0.000845525275309931 -0.00915220835692458 0.122721898736794 0.170065013066855
0.00199680053864907 0.0589794445990981 0.476669395143902 0.386352639312466
0.0762682037525876 0.083519452793597 0.556969188767557 0.423266193837801
0.0983895487938188 -0.0119932331945523 0.586307446496288 0.532114215423013
0.0369744675779151 -0.0250200716597323 0.631755288772581 0.448499651868198
0.0168304005519729 0.0340781769041303 0.532440635006253 0.174110849457135
0.0437590537710153 0.0793646807450859 0.255443551600586 -0.00279430032562405
0.0608998041158346 0.0715646798483073 -0.07976481938802 -0.10415477543668
0.0615787933164639 0.063518991838027 -0.355730221812425 -0.0521194439000067
0.0304779960060256 0.032366359893997 -0.596188091718878 -0.00148459718452552
0.000375641500809976 -0.021089588337421 -0.704637584011478 0.0902406927890799
0.0251357377534299 -0.0872137878998999 -0.74791053984724 0.162859879074755
0.084123900968704 -0.0171857369900773 -0.716900219210586 0.117929522038258
0.0270664777868639 0.0606522153308172 -0.618611816769823 -0.046770450961938
-0.0140190464205338 -0.00492232779933832 -0.239517982379118 -0.0951621677206196
-0.0153779501271625 -0.0126418885122892 0.130201727222835 0.169141958283169
0.0084562964566595 0.0838479635921941 0.489473945706882 0.351019596422613
0.112881291288602 0.0903389046982523 0.603726659857711 0.368894292118827
0.116884807212491 -0.0331545064742371 0.650946086722406 0.435979047697967
0.0399187667410828 -0.0274951104592648 0.664216469858358 0.365870392801649
0.0345510980312097 0.0500599576474282 0.546244163750177 0.151663184261333
0.0717938172121858 0.0991307532289761 0.273916313451282 0.0205101172060704
0.0892901178921678 0.0934244679780822 -0.0509957107216238 -0.0754611302975816
0.0861191889829211 0.0816994959415236 -0.329192153632318 -0.0420430152919186
0.0461736136868208 0.042515265239717 -0.585620828220572 -0.0303864735768794
0.0106682971217076 -0.0288636134289205 -0.716126302114056 0.0253180234760084
0.0562817581494362 -0.106716515296791 -0.763919882037754 0.0730569700360018
0.124561130386104 0.000867202008073414 -0.726820451219109 0.0401162864564225
0.0263015604275823 0.088160205025977 -0.624419250083634 -0.0923275613976689
-0.0309958803500053 -0.0151602577422148 -0.235162113999472 -0.103624126704382
0.0814007332045271 0.0158432211605388 0.171303973589421 0.152532185443847
-0.0250138589900284 -0.114327133771433 0.534069599421872 0.213852351844065
-0.144443715511982 -0.0554049989900344 0.684343660773906 0.0858416101589115
-0.0934276544107907 0.0585063222903343 0.738061523600364 0.0840675840469944
-0.0236423685726608 0.00087617690501404 0.713022338604639 0.0761016903483044
-0.057997281255985 -0.0503562281163246 0.597594830568577 0.0154829454795784
-0.0898254113531813 -0.0689989036547642 0.338532404002856 0.00176248436372009
-0.0928145806885556 -0.08919121531803 0.02659438476338 -0.0274998034383911
-0.0872832150151356 -0.0905706046620486 -0.242661835570977 -0.0385865287348147
-0.0589614919004207 -0.0594625660402674 -0.505931552995767 -0.152024679344119
-0.0576048002541416 0.000970653611127217 -0.686280633029734 -0.227346459835007
-0.135460828562402 0.0130951081260808 -0.744941210224097 -0.257307271450261
-0.161126349896083 -0.130872652118903 -0.679254962358375 -0.23207827489372
-0.000458031593093281 -0.138466705665056 -0.582265209632611 -0.237842265378435
0.0867418021111664 0.00858842940157956 -0.228030752684687 -0.136437003163156
0.0821967044848483 0.0265517470221586 0.158182448572561 0.16169234895258
0.000380947185401302 -0.109252078055628 0.524152971934807 0.269491920442798
-0.127097031985868 -0.073693128892561 0.653179404984168 0.189913865677599
-0.0973275096183959 0.0404590620692634 0.704242426699637 0.235963921434781
-0.0243877441978681 -0.00419830169397498 0.702753072581534 0.203401107076646
-0.056328454587442 -0.0527280968455399 0.585014457817768 0.0618310676145681
-0.0868563620516078 -0.0673063259480363 0.310146636618144 -0.0123216441431276
-0.092854029822095 -0.081802043619235 -0.0133104372778768 -0.0632532202149774
-0.0897387846038463 -0.078726885539865 -0.283662002136384 -0.0570244393274713
-0.0646365917873816 -0.0508088621808088 -0.539152402405601 -0.112889373375749
-0.0535628571823536 0.00602479684187781 -0.704624194244496 -0.116193418086776
-0.115972309207621 0.030600789792265 -0.773406422670292 -0.0998777973400878
-0.162263206239155 -0.0951881041801878 -0.71261922118763 -0.112742241435984
-0.0212383985689619 -0.123585792813286 -0.592083474341187 -0.171430896915206
0.0825944046838547 -0.000197698117267201 -0.235906155866913 -0.122369710411611
0.0745381724205212 0.0328845282687924 0.1455349603041 0.165756406920849
0.0223684616206727 -0.0865571196417669 0.50884569489169 0.322877178986057
-0.0905234433090598 -0.0728418786752999 0.610299288467658 0.288420660715202
-0.0794755100282177 0.0181832454580522 0.648670488298435 0.378208466536362
-0.0183843933428383 -0.0125416917847289 0.674865077194638 0.322400767227506
-0.0458873324681468 -0.0485032554003821 0.56779944720434 0.10873819130311
-0.0729921444800424 -0.0522969724439402 0.283728482922778 -0.024877245046681
-0.0777159066075995 -0.0608584093473451 -0.0516233459229921 -0.0941272014464519
-0.0760849595116737 -0.0542629306354123 -0.322085616982693 -0.0653548937814077
-0.0586657326821032 -0.0336449054297009 -0.565937610234664 -0.0669164671169709
-0.0437457485124919 0.00864342498484336 -0.70695195332555 -0.0137563191106021
-0.086609918679715 0.0307591781543312 -0.771942612957184 0.0417792482353792
-0.13451703919603 -0.0593485131760425 -0.72140391302455 0.00645396440481807
-0.0307563967752001 -0.091212454747867 -0.599520226815917 -0.101433222202608
0.0675839163070782 -0.00648555011581925 -0.241699586695714 -0.106194482615613
0.0595993717862824 0.0290000185025779 0.134909691326339 0.166987003595861
0.0296879159503067 -0.0516876784720595 0.492680364006221 0.367209768025776
-0.045819023966568 -0.0464014548905947 0.566807585811046 0.367548540092858
-0.0404517957195944 0.0024340219309085 0.586951424226959 0.488432442250984
-0.00457242270002154 -0.0197376086962734 0.638683053963296 0.418616920310192
-0.0318198598796463 -0.0347238784206151 0.547515226026043 0.145544247544923
-0.0496142590708123 -0.0252241098844839 0.263563358126319 -0.0331801505512699
-0.0497179932894887 -0.0304519275166962 -0.0805318582086055 -0.1165389847325
-0.0489408234014238 -0.0234032219695007 -0.352513451371871 -0.066225678669421
-0.0423595701063325 -0.0141768605555627 -0.584186985974655 -0.0242923773765498
-0.0330487262437584 0.00640899712760778 -0.701477747908405 0.0672746466287575
-0.0557338284071562 0.0129618908978305 -0.755318360198213 0.146163712603621
-0.0867721514220808 -0.0372384324448182 -0.712897728856597 0.0986141178283833
-0.0234357905018703 -0.0515261786060843 -0.601396636745045 -0.0487603946866179
0.0480741548140925 -0.00739400355727884 -0.243758997541347 -0.0931117944462074
0.0406638434697011 0.0159443043654576 0.126487887832123 0.165936939115028
0.0220592098557703 -0.0137307638939164 0.476418429223987 0.391762276157219
-0.00419118353232046 0.0001544033258703 0.535708074663012 0.418460939993225
0.00959013750490581 -0.00145860479059751 0.545972072818969 0.551351181121429
0.0124159673809938 -0.0237056448993635 0.611164331611921 0.47373552961959
-0.0166853137121361 -0.0134268669891508 0.531362871466123 0.169226337649601
-0.0195737812335237 0.0105117429666145 0.249099505604997 -0.0331171278064963
-0.01340400490082 0.00579053698267768 -0.0962302837393047 -0.124933470361861
-0.0122335226049236 0.00836005234571785 -0.367146148234732 -0.0627767734590847
-0.0180837872274849 0.00489301231210515 -0.59302106268678 0.00445240819088459
-0.0209892501032464 -0.000793284292612658 -0.692694843825318 0.113534507540746
-0.0291913870630699 -0.0180363708536406 -0.736320851173829 0.205411627763482
-0.0291653733571037 -0.0280537765584534 -0.704646808699057 0.148396566291694
-0.00557514493465844 -0.0108489633956872 -0.602384779689088 -0.0200520235757069
0.0274222866357185 -0.00479871586113265 -0.244413474795164 -0.0858873031354697
0.0206572164314363 0.000578509082859462 0.122067099216637 0.166886374770542
0.00905350655877515 0.0236727545417293 0.471060112423807 0.397895238635928
0.0356695020516174 0.0488522340294028 0.530709356086222 0.436090239838576
0.0597434705175013 -0.00275109000561642 0.545165419636456 0.567080756573598
0.0266242538808529 -0.0244063801483317 0.610432845954077 0.48290804268219
-0.00160174786185763 0.0111092288558507 0.525994622975281 0.177639605967294
0.012011369059624 0.0480692520246844 0.24577537782032 -0.0236856548959634
0.024669897692001 0.0408036788947797 -0.0952266208432069 -0.121340280020984
0.0267370814177484 0.0373791802417406 -0.367316217547883 -0.0571887272081914
0.00758792248584774 0.0203292400504544 -0.595035063551454 0.0119003853073526
-0.0101365028714899 -0.010625914253319 -0.691112949563861 0.123802685403267
-0.00342073946050827 -0.054089664752181 -0.731425150623956 0.212747833459242
0.0288201558524448 -0.025405698746786 -0.704328516039479 0.155982248957019
0.0148355554026182 0.0263588005715028 -0.608067623948956 -0.0158518904029677
0.00598824120785588 -0.00265179221304765 -0.242064449541655 -0.086699619037148
0.000385333696793467 -0.00993854465297433 0.122858353535874 0.168414495911557
0.00258212518683401 0.0584604363453431 0.473816171488772 0.381467637309723
0.0757373789865855 0.083986861475832 0.555328244793535 0.418448651132878
0.0979816861298924 -0.0121145706409258 0.586220540977745 0.525557922920156
0.0363895914705213 -0.0251952053688269 0.629886714848374 0.441661433230527
0.0161796142869454 0.034238707563173 0.530311497069743 0.167744278334204
0.0435759466443323 0.0786438626471044 0.253480274939558 -0.00453978618123182
0.0606149631870538 0.0714812103626635 -0.078766241102063 -0.102737730340692
0.061721815974753 0.0626693566044266 -0.352562181089991 -0.0493635546282066
0.0303951383781646 0.0326490702507926 -0.590806241947211 0.00225091663209489
0.000258561193215037 -0.0208152278164806 -0.699212149938162 0.0943314960695469
0.0237641039053805 -0.0865446845836867 -0.741479309991539 0.168568388434919
0.0838924808459893 -0.0170888101079879 -0.712967662729913 0.121362341841209
0.0278190410484572 0.0607263638052465 -0.615180474360973 -0.0410209191200248
-0.0144750401695466 -0.00608142873397342 -0.238856899192453 -0.0926522428951418
-0.0157192048951069 -0.0134587106392599 0.130775084902298 0.167074670214466
0.00841747760547392 0.0827067601946034 0.487532369137505 0.345685457944031
0.112636932867864 0.0895595967764399 0.602905966929588 0.364537231866869
0.115948270101286 -0.0340142351368615 0.649888413016874 0.430054168270473
0.0393914682267457 -0.027347183572046 0.66193759144571 0.359247589408085
0.0345598144861903 0.0499580413747824 0.542414280460738 0.146756511186744
0.0723156731379042 0.097595207892826 0.271641743821955 0.0181540307789653
0.089089100672633 0.0922436461611335 -0.0509686859823189 -0.0748772902367113
0.0866572928266132 0.080561808972021 -0.326121892429296 -0.0405158979814721
0.0459896492200029 0.0420034499018335 -0.580142095019306 -0.0254922413024399
0.0100705093921434 -0.0293584267164768 -0.710470931046582 0.0302342340422183
0.0542632985143382 -0.10744787231869 -0.757653056920552 0.0755922816593366
0.123975063214158 0.00103330373112639 -0.721870086060044 0.0455376219310455
0.0279116267816561 0.0868794610746849 -0.620815602486929 -0.0890455297416559
-0.0321982508992523 -0.015266275471319 -0.23404301111907 -0.102244665738959
0.0681840036110046 0.0526177265742612 0.0897900597341102 0.20209317167996
0.0295229149023922 -0.112910832632931 0.386512813138732 0.422559409481202
-0.103904881508101 -0.114320935340552 0.578548547281973 0.383533124178335
-0.110069354907876 0.00866860759993049 0.641173822760402 0.395669986038576
-0.0276658459562627 -0.0118706899720905 0.607029114117578 0.375605188774827
-0.0314920704907125 -0.0693918218280518 0.526285537391834 0.267941653114268
-0.050618837496337 -0.0991298731354706 0.302350601255845 0.145825021843595
-0.0465625621628808 -0.119443450158055 0.0359714324517776 -0.0125185011189952
-0.042618646868969 -0.117269496069856 -0.199130192100289 -0.137774252927567
-0.031369130174658 -0.0729888002138331 -0.392577221884602 -0.353466405887949
-0.0594185395561844 -0.0159922083523929 -0.517071230585887 -0.491715255627506
-0.134708257420252 -0.0357326761185982 -0.558847938778951 -0.549702636022061
-0.107764822792533 -0.177711083756571 -0.503833000521692 -0.499347242827464
0.0429183012940959 -0.123021897530464 -0.421196175991356 -0.454444413624884
0.0742195805665645 0.0394943769700746 -0.15143670146732 -0.215827456162108
0.0627123045805582 0.063163741333706 0.0755779128435509 0.204586540120337
0.0504682223362553 -0.0976972572032327 0.354080696800019 0.467255467212556
-0.0805156857168995 -0.123012915796216 0.504198746569616 0.461643648633719
-0.105226449187101 -0.00965656188984213 0.545643676165884 0.522104939487514
-0.0253350291856756 -0.0179744275921931 0.544810625677312 0.484397321593145
-0.0284386239072501 -0.0706336971538276 0.494486503934837 0.303522609462772
-0.0491023794907343 -0.0957316627946193 0.282017047920128 0.120205146415928
-0.0496555308377928 -0.112787077582312 0.0144192596877153 -0.0616101031538601
-0.0506263414227501 -0.107352841534421 -0.228188090940704 -0.170872380819585
-0.0401758617092221 -0.067568928842712 -0.438546773716467 -0.330400706929794
-0.0563788126358872 -0.00940518299148683 -0.579553291132207 -0.401647828094867
-0.12243364880576 -0.0110273578932861 -0.651759202878878 -0.421266817683749
-0.122218720658933 -0.143831076518509 -0.587372012912386 -0.405399362540299
0.0194052327479613 -0.116589029376471 -0.459707069601594 -0.399637426269175
0.0730982399922952 0.0295752274667505 -0.162842800058892 -0.206089101003733
0.0532708613829028 0.0648409230712032 0.0634361094695626 0.203617008462002
0.0584842702013566 -0.067455236924054 0.319354771626513 0.508129278934851
-0.0470220490146516 -0.105026876705156 0.424055832897765 0.529663102079857
-0.0787105782505115 -0.0229298751614375 0.430860652205537 0.628197293434518
-0.015132636348087 -0.0233643237403242 0.468075369653252 0.581028881079016
-0.0218080262314542 -0.0630550751392971 0.459580819168199 0.339133786440196
-0.0423143280258892 -0.0764252051600673 0.265270929534446 0.0978591904033012
-0.044661772851898 -0.0874799346256969 -0.00561508808162527 -0.106185406586085
-0.0490537156372294 -0.0793107459821694 -0.258991026710752 -0.194420198260076
-0.040970827013664 -0.0498243438921232 -0.482813798162809 -0.301032889581692
-0.0482273678737162 -0.00290146083942158 -0.626901137898304 -0.309717453369403
-0.0955063706352627 0.00188675633920053 -0.712538975431539 -0.292022148041838
-0.109272801861921 -0.097981963273758 -0.645792792008849 -0.302730334013697
-0.000630999075583005 -0.0898949150430972 -0.495356587031518 -0.343415043333977
0.0621738044020212 0.0185319236224079 -0.175036111041013 -0.194566713646176
0.0411948707648327 0.0542704373334192 0.0529802122869715 0.201050602814351
0.0495055598877456 -0.0336910246402718 0.285485427171104 0.54020575158154
-0.0189529077581685 -0.0611589820761362 0.350346407128584 0.580903712223289
-0.0377838525380699 -0.0186989801247539 0.327456123740439 0.698844560935526
0.00079846899934625 -0.0254218105344884 0.394447785759236 0.65209703805134
-0.0158251210392536 -0.0451718023897097 0.427855993770494 0.364353882914258
-0.032619545821281 -0.0426137335649675 0.249855134190323 0.0818321474265666
-0.0323679376948858 -0.0482254754268307 -0.0225219463340014 -0.13748296482788
-0.036602844723619 -0.0400999822171604 -0.286126353271615 -0.207113421039393
-0.0337956715958863 -0.0248523497374365 -0.518532034340443 -0.270305172140883
-0.036333360174518 -0.000143938054887327 -0.653204640981461 -0.235549500556312
-0.0586206271180935 -0.00184713680165614 -0.740296083744293 -0.189893538146017
-0.0720389349968078 -0.0583413983006222 -0.678209584814991 -0.215373735176193
-0.00925162178276434 -0.0508199007811057 -0.521099684807453 -0.295303591832688
0.0442618525322814 0.0109130529647494 -0.182480757415204 -0.184769081635685
0.0297357412475636 0.0342463078311963 0.0451271290311367 0.199327819885483
0.0256173089962661 -0.00357407393307291 0.264452351100636 0.557136492459401
-0.001687810973165 -0.00163845001479531 0.306204432244711 0.609781977635203
0.00965716346129012 0.000173930300243434 0.264589144776443 0.736999650787926
0.0167981917923842 -0.0210276057343091 0.346076104509296 0.689028242196514
-0.0108121041766398 -0.0202817718674243 0.403004899262132 0.378177583414953
-0.0221435158983836 0.00197022581158821 0.238496603399247 0.0764092712132126
-0.0150347411948553 -0.00129207073161558 -0.032484864204096 -0.152518202231907
-0.015686932678586 0.00363541667687605 -0.301352438971709 -0.20953324895264
-0.0195724673553483 0.00121855311817935 -0.537545658062101 -0.249021698234283
-0.022515469671458 -0.000447986009350273 -0.665641241191407 -0.189547170139545
-0.0212563837525296 -0.0188184250416221 -0.747207534084003 -0.12926551499513
-0.0218373262287468 -0.0271554251901001 -0.691791618567249 -0.165935406835333
-0.00794031139085973 -0.00653068804226462 -0.535743544250559 -0.266085092639798
0.0228986758159783 0.00474754136370737 -0.185307031231104 -0.179766013067858
0.0185905386123779 0.0106751520819232 0.0388536632293792 0.200592873828031
-0.00247308514441304 0.0235937653312728 0.25843566990946 0.559694188426539
0.0125333509896974 0.0600124817346995 0.296838435831199 0.622499780348547
0.0534873753560064 0.0209730477284058 0.259940277819692 0.74841928658366
0.0307763832772775 -0.0156751446788427 0.342200366282688 0.694364953989206
-0.0078838844191452 0.00938681898352713 0.394074805669899 0.382899866802194
-0.009104643566391 0.048283134301159 0.231961100836209 0.0833106882203486
0.00462490833244074 0.0469727796776466 -0.034040571479575 -0.148046665135287
0.00711364137806116 0.0463972055036173 -0.304841942240033 -0.203529223785163
-0.0033116832421034 0.0258899537980371 -0.542910990570586 -0.240455543734442
-0.00798255428103824 -0.00567316162133473 -0.668602602904368 -0.183019048520143
0.0169121756896959 -0.0410208294660967 -0.746006238537311 -0.120792304333045
0.0311285271328908 -0.000753088748267849 -0.692375687752506 -0.156938420790282
-0.00433873876307786 0.0358632693955483 -0.541817704110295 -0.263934908247609
0.00407782300456908 -0.00231881775029005 -0.182757586011053 -0.181489253335211
0.00611570210042177 -0.00958547394995482 0.0391320693488381 0.204232873470216
-0.0240418911861693 0.0510328430898423 0.271615766799698 0.547895800033752
0.0330014402806773 0.108562507851568 0.328424804734555 0.615851270687603
0.0924940236506947 0.0294150383300272 0.314332962472425 0.724893413517729
0.0391048122314986 -0.0123394689646346 0.378579824725849 0.668274884694422
-0.00244667398786123 0.036718793018504 0.40405614001785 0.378047977629312
0.00614018275940148 0.0895490982909477 0.232078557255455 0.103428267220919
0.0260084359262041 0.090454746477821 -0.027613059471332 -0.125778885842428
0.0283046182484612 0.0836160283213005 -0.295033931778961 -0.190555839237437
0.0126189669512163 0.046440504412326 -0.53467897851576 -0.247318442246378
0.00451597347021216 -0.0114012677866308 -0.664476599165959 -0.210941511503157
0.0542201084069648 -0.0599382923900921 -0.734434153200245 -0.165406872905256
0.0781407374495612 0.0273751431576092 -0.684905561197369 -0.191709537394929
-0.0061657326726639 0.0712839349348043 -0.540631881734848 -0.288986559047933
-0.0152751440279201 -0.0118688909164478 -0.176093130064608 -0.185306740685797
-0.00756060804912721 -0.020038588028231 0.045878893771211 0.20894354422045
-0.0295078113131785 0.0758368124100743 0.299477214556114 0.521788171744501
0.0633842433762281 0.129703427151257 0.395858597393366 0.584856566547568
0.116774717939195 0.0192652043477126 0.412601243300879 0.662452542211216
0.0425622783836312 -0.0127890204918375 0.442632547115933 0.605933736006246
0.00726884031049867 0.0578429561933847 0.424679076868519 0.362219321593726
0.0224847523792544 0.117598565280366 0.239259161665135 0.132018377776905
0.0426224167791322 0.120657488978323 -0.0141165490991269 -0.0886548825175753
0.043170486746025 0.110147647278746 -0.276722987659758 -0.170205039715753
0.0223035102201288 0.0605176028977182 -0.51433648931099 -0.26707952124156
0.0164194879878677 -0.0146920141763186 -0.645973256469893 -0.273768667468415
0.088863370493071 -0.06597525252286 -0.710156141202111 -0.254362495617118
0.107968757106668 0.0596596354108495 -0.661767698880459 -0.262883838675715
-0.0170972335986139 0.094592852643226 -0.528343372029162 -0.333067112299437
-0.0265932924722326 -0.0275147285506605 -0.167261992856679 -0.192252111041477
0.0686797550018368 0.0519861040746671 0.0904312834653405 0.2017000127813
0.0292076204502567 -0.112618740800127 0.387177824960165 0.41992440517927
-0.104058676356537 -0.112433776082736 0.576614990067977 0.377972014707236
-0.109092095889706 0.00915757590715398 0.641125787253506 0.39160721179086
-0.0271251987208125 -0.0115038609175341 0.606511080658211 0.372845097516945
-0.0320331006034187 -0.0687274045540172 0.524047431404402 0.264269287040965
-0.0505604480117151 -0.0976122801007804 0.301317549152159 0.142280492117532
-0.0465679175831304 -0.119294582198397 0.0362700568211949 -0.01189160100621
-0.0420680869282889 -0.116720483854218 -0.19795534155459 -0.134961198173816
-0.0312439219873331 -0.0722315879964375 -0.391656345583067 -0.351123440151686
-0.0598446099266313 -0.0161768097220099 -0.515465844061706 -0.486819113247397
-0.13492749234353 -0.0359877874194139 -0.559304366555418 -0.545265574454944
-0.109215950962563 -0.17711261960034 -0.502889742601626 -0.495740719281087
0.0432255575735113 -0.12320510219705 -0.419324452390923 -0.451496958984586
0.0752751258558796 0.0386157764613888 -0.150829670716455 -0.214239257328273
0.0634931441673057 0.0628649628355675 0.0772621972260019 0.203806037189477
0.0507120672128175 -0.0975862255642341 0.35518604045907 0.463460486344569
-0.0809069589128454 -0.121478884828512 0.502209772350464 0.459814863671794
-0.104867172973365 -0.00937660795521491 0.546115931868633 0.518023754524857
-0.0246955930529393 -0.0175728767945569 0.544244776342001 0.480790006906927
-0.0286280434871582 -0.0704933179992605 0.492418230255015 0.299428064302019
-0.049493008803311 -0.0948254846473877 0.282123805547224 0.118127070844646
-0.0491892214292543 -0.112460629882527 0.0152854697929909 -0.0610843449212895
-0.0506082782976941 -0.1071522765418 -0.227006580096827 -0.168641215896204
-0.0399779636035248 -0.0670260799937054 -0.436677905630123 -0.32895555122881
-0.0559260879582914 -0.00903810966475861 -0.578815716604488 -0.39778862719974
-0.122996096805482 -0.0104761331885119 -0.651673082674919 -0.415104655759449
-0.122189851245129 -0.142828526587462 -0.584491653806965 -0.401783936830404
0.0199123672266721 -0.116767018327221 -0.459145601013649 -0.397187855408149
0.073372897448414 0.028660998074397 -0.163440675770084 -0.204052936029167
0.0533905566444836 0.0637839694347566 0.0645496670527124 0.20303774393853
0.0590064425964508 -0.0674382458699088 0.319715604678864 0.505515014208587
-0.0473403431789731 -0.1040317008613 0.422831436520677 0.525199129213391
-0.0786475113202771 -0.0217669307601714 0.431775771338317 0.623788141022582
-0.0150976707276553 -0.0237003537683362 0.468934762708969 0.579146959473187
-0.0222404207603311 -0.0622643090564523 0.45771476112349 0.334584183018602
-0.0429442405464944 -0.0757716446859539 0.263722102477165 0.0954909277055804
-0.0443974110126837 -0.0873561751251403 -0.00593085853837832 -0.105560756127752
-0.0491571621475856 -0.0794666436613397 -0.258245217821575 -0.192542682570986
-0.0417809140214472 -0.0494002200308187 -0.480496223020112 -0.297813122797703
-0.0482062870704055 -0.00281116979307561 -0.624199438144305 -0.306330293048523
-0.0952627391755676 0.00250370552591644 -0.710645474291485 -0.288162619495816
-0.108932229426797 -0.0976739324499753 -0.643125809439762 -0.298978600822448
7.94726335994669E-05 -0.0896124259122572 -0.494235419584593 -0.339801688265034
0.0627937146109472 0.0175944358929415 -0.174961635731547 -0.193400442060791
0.0414972943603397 0.0534325565837622 0.0532050343538008 0.200142916979016
0.0496783811427725 -0.0332690275215451 0.287477599071315 0.537146316215318
-0.0191656064782668 -0.0601700684675609 0.351984759709533 0.578093658886509
-0.0365827463095574 -0.0186763974719963 0.329191019949722 0.695930344687232
0.000256222692382361 -0.0254495156698712 0.395860634562944 0.648917187651343
-0.0151864991676131 -0.0446308579063858 0.425357482178515 0.359031895566759
-0.0332681576899944 -0.0418273222903119 0.24900115640565 0.0794817770899043
-0.0320985156798998 -0.048606871206456 -0.022106434080483 -0.137011095421096
-0.0365721181458459 -0.0398241468238024 -0.284635029661676 -0.204318453684404
-0.0338976538233709 -0.0235169279446584 -0.515642052012058 -0.265709550874887
-0.0364416486998429 0.000731206388445498 -0.653046149853794 -0.230631922955585
-0.0591888093579851 -0.00161246306160842 -0.737496747426195 -0.185276020902813
-0.0723827294089733 -0.0573539078502635 -0.67499084828428 -0.213366742524799
-0.00935997436768731 -0.0501837606937852 -0.520033689557021 -0.290911682461276
0.0447978213753708 0.00973166674678723 -0.182585378964039 -0.184219058531894
0.0296619786018263 0.033594708560367 0.0454604718128323 0.198232233810383
0.0264124751531119 -0.00369762569225248 0.265858178394385 0.553871845084742
-0.00215939739459955 -0.00118882354064606 0.306415913213986 0.607793877807091
0.00905536171986695 -8.28256272752811E-05 0.265214833877075 0.735569261140616
0.0173320438462378 -0.0222362644933036 0.348491484889522 0.686330348445918
-0.0113520730725152 -0.0205522304590316 0.401960822548796 0.376353759000714
-0.0221573789681723 0.00311732233249546 0.237477567548834 0.0737369477257044
-0.0152707329214965 -0.00077921695584396 -0.0322413073717893 -0.15173724325139
-0.0163068996296612 0.00381193454049151 -0.300480561210751 -0.207857442884639
-0.0199143540441429 0.00190156561154833 -0.535002856397934 -0.244631421443431
-0.0224980683576518 -0.00135237055076067 -0.663115153902371 -0.185918929053005
-0.0214103037016613 -0.0185826075020944 -0.744803630040564 -0.126020940849572
-0.0223143085047097 -0.0268148652369285 -0.688080377792531 -0.164256494049913
-0.00823273420194059 -0.00631571825665173 -0.533777412695511 -0.263393323676818
0.0239835743000738 0.0035626552711073 -0.18476224290464 -0.177144297330978
0.0188126437703826 0.0093268393169662 0.039426856850511 0.199753069588768
-0.00196031195229633 0.023323750677118 0.259743049960308 0.558099035745937
0.0125401100474092 0.0598479211391526 0.296577428116343 0.620155273574357
0.0542645155695886 0.0203155937407435 0.25931811115517 0.745058909839528
0.0302227422765778 -0.0157980149101792 0.34420820887583 0.691921164460021
-0.00789222418841175 0.00879032676261436 0.394335400463347 0.38059359617356
-0.00863533239374886 0.0489845969735069 0.230578039098261 0.0814377858381258
0.00500620458650261 0.0468658506229298 -0.0340842867757626 -0.147431114701544
0.00706108555725773 0.0463911142261345 -0.303834055102292 -0.201377456409438
-0.0023511303218695 0.0262881078906484 -0.539978195630634 -0.236392687564294
-0.00851911815615326 -0.00586919333168871 -0.666172522211707 -0.177710560169224
0.0160801199308493 -0.0407713269278057 -0.743413888996463 -0.116820482745073
0.0312854897822948 -0.00078057790319451 -0.690731911624597 -0.155904419398394
-0.00360886764335406 0.0357305561387754 -0.541321473650938 -0.261388401469342
0.00303667013341277 -0.00313022699281498 -0.182735935639747 -0.179185417998516
0.00575633749258397 -0.0102129423924181 0.0399447152704483 0.203506245318554
-0.0237067189742914 0.0504262564878769 0.272471867179727 0.543330751037781
0.0331291025258249 0.108721950776611 0.329874440346187 0.612535710986587
0.0921826037166601 0.0284806477775299 0.315640446956765 0.72217240763518
0.0388436981095425 -0.0120881617237641 0.379780686859829 0.66418451637332
-0.00228615841392283 0.0365256522070193 0.402464730706301 0.374470938506732
0.00641185418602523 0.0893515286210229 0.230868965400962 0.101804980378121
0.0258250769948096 0.0890972840282238 -0.0272037661170108 -0.125508026695825
0.0286554575296307 0.0821844351379329 -0.293946050741044 -0.187879788016414
0.0123363337066929 0.0467152840657633 -0.532875968411818 -0.244430257811824
0.00487115934382672 -0.0117133237625871 -0.661654885231977 -0.205462276172299
0.0535610965292613 -0.0601543794852879 -0.732589969553239 -0.160558062904027
0.0781378269769788 0.0276423443355459 -0.681642166060449 -0.187805331458608
-0.00537725071932271 0.0708956447501189 -0.540087822828231 -0.284648081490582
-0.0151317846592677 -0.0135196887152371 -0.175815648550428 -0.183771791365691
-0.0078195469760742 -0.0201966373834414 0.0461285329856846 0.207865503700785
-0.029099306383327 0.0755172580144489 0.298414904476202 0.5168621886375
0.0635305344843857 0.130395878933808 0.396473443895024 0.580887958769345
0.116461239600021 0.0178428911991315 0.412894391254027 0.659373759683858
0.0420469562356683 -0.0130680919997231 0.443053331614 0.602864345586304
0.00746142432874246 0.0576574748284161 0.424200337193692 0.35782008406763
0.0227853645705066 0.118059064597623 0.238569574415533 0.130241298877357
0.0423464470647162 0.119867469524099 -0.0138740793621038 -0.0878876299416091
0.0437457236207668 0.110143606701621 -0.274514066382631 -0.168847059880117
0.0229487643655866 0.0602960426540903 -0.512140551081991 -0.264481572741633
0.0164219124840216 -0.0149737251799113 -0.644186972097661 -0.269125397392119
0.0879767234832551 -0.066479876229989 -0.708444492136786 -0.249720332395149
0.107570048666508 0.0595858969987803 -0.65847045027442 -0.261004055924359
-0.0160342985050478 0.0945248958246611 -0.52786397436446 -0.330290648914387
-0.026964214374541 -0.0289190065834844 -0.167183932783693 -0.190531759033691
0.0688152989776056 0.0519301421551543 0.0907375345038996 0.200648996204392
0.0295399775191153 -0.111975104522624 0.389122323048271 0.417131340247551
-0.10467109852848 -0.111654635469503 0.575070062164298 0.377180524383021
-0.108792180421345 0.00978958161999405 0.638232342564968 0.389111724691581
-0.0266716853066413 -0.0118583243715762 0.604834338738384 0.37034251103085
-0.0317914174388755 -0.0680788399921986 0.522319755684084 0.259720602286204
-0.0504858521305601 -0.0970068175622875 0.30068757138479 0.141307536293807
-0.046559852939511 -0.119001154590005 0.0369745705144593 -0.0115948873656021
-0.0431481035856657 -0.116298312672418 -0.196471569807857 -0.133205540482853
-0.0317664255781705 -0.0719681358694952 -0.391173515412114 -0.347742600375186
-0.0589708965729282 -0.0158725271773119 -0.517167555757969 -0.484244388390096
-0.134844632588269 -0.0353276096431031 -0.558872368929944 -0.541041179951908
-0.110247290625779 -0.175682799765873 -0.503554733622462 -0.494354389610559
0.0440821359141725 -0.123303584095972 -0.419199228611765 -0.448768049942204
0.075285425465689 0.0379498669185804 -0.151313891128982 -0.212904187038941
0.0636595682405016 0.061930436829461 0.0779876807200001 0.203118358039927
0.0503364279893132 -0.0962204710464842 0.35719240414937 0.461544097034608
-0.081105532507489 -0.121060198470209 0.501924309786714 0.455751257271776
-0.104684737024341 -0.00885486306744442 0.544685197948021 0.513868399229628
-0.0247072166094228 -0.0170816842396891 0.545074942892684 0.478082710865148
-0.0290426921121927 -0.0699761348426903 0.491832930079951 0.295121858873349
-0.0487570869209147 -0.0940037669130265 0.280794373294713 0.116774798255257
-0.049315908356958 -0.112329711216479 0.0149464779821793 -0.060948828445706
-0.0502191392362311 -0.106009965355637 -0.225614597762709 -0.165556637710667
-0.0401199538614737 -0.0663494116117102 -0.437161142104823 -0.324800595841948
-0.0564644891929257 -0.0082391602311635 -0.577590309968142 -0.392430989820658
-0.122863795493122 -0.00985733008782142 -0.650387144283145 -0.412143915331042
-0.122910818233552 -0.141220294672207 -0.583631836301712 -0.398763777010741
0.0203276980879523 -0.116497494009625 -0.459603102830486 -0.395849625977192
0.0741744648983008 0.0279998131414738 -0.163288282318932 -0.203347394228812
0.0535394833582578 0.0635335042005581 0.0647750328810745 0.202782951751471
0.0588916818490976 -0.0670099602596418 0.320655616418582 0.502474522166941
-0.0481866457038912 -0.103291834097467 0.422814185747274 0.52418209730878
-0.0779506922876854 -0.0212252761243643 0.431638699001561 0.620179716087113
-0.0150113613603755 -0.0238620579763553 0.468923282336818 0.576250636474216
-0.0224140575943633 -0.0620683842924246 0.459006933870611 0.331106770545704
-0.0427918236022677 -0.0746211101880982 0.264103291430686 0.0933812238301819
-0.0447134226051307 -0.0867501072205091 -0.00578166743838631 -0.10463608118628
-0.0486704596049986 -0.0785991137624728 -0.256561240973894 -0.189555513735787
-0.0410827501993149 -0.0485713703898389 -0.481569990010583 -0.293934567978569
-0.0478162839104533 -0.0016737432650637 -0.625237777653015 -0.30180148424925
-0.0949089308040097 0.00280613299542794 -0.709761958864515 -0.281646317092231
-0.10993536195942 -0.0963265054097437 -0.641406487290458 -0.296748372394508
0.000464697943284833 -0.0899783489542702 -0.492917834120163 -0.335539078088143
0.0629812164905392 0.0170639923303297 -0.174809978952118 -0.192155778589424
0.0416983735881239 0.0532962931966897 0.0545738572619081 0.198994576236262
0.0500142722309082 -0.0335186647309588 0.288320671530923 0.533942263955584
-0.0195743885967108 -0.0599722842377289 0.351797953855073 0.574729288396653
-0.0369364278681457 -0.0184397384857375 0.331398157825337 0.694862306509814
0.000190631282373501 -0.025112253722929 0.395518348381035 0.645565365401396
-0.0155231060421701 -0.0448675371779058 0.426424539829543 0.355693696464959
-0.032536279157941 -0.0412172114035186 0.248194243527124 0.0777270489322926
-0.0321932935543617 -0.0483487594690772 -0.0222904919146427 -0.136609446981072
-0.0360324704308574 -0.0396838632249695 -0.283482989095284 -0.202148949614313
-0.0336355211596295 -0.0246415453676442 -0.514803550076114 -0.264971327706058
-0.0362485441548651 0.000782402615505709 -0.650992367106907 -0.226445543798088
-0.0592833112627646 -0.00164696715546453 -0.735013118279048 -0.182996811376126
-0.0729694659778929 -0.0566709945221024 -0.673039096195222 -0.211225667441541
-0.00885617721389515 -0.0499979396031661 -0.518909337211571 -0.287310180632904
0.044930466520733 0.00851069014863396 -0.182887796674075 -0.182271323070277
0.0311240228094093 0.0326730074580036 0.0461682107185807 0.197189260140636
0.0258516985129553 -0.00378884868077738 0.268130019585289 0.550682754954718
-0.0021733391772576 -0.000764311262928342 0.305510998666449 0.60569253360334
0.00949270819923531 0.000451343894242044 0.266921265466599 0.731107687146696
0.0165800540806022 -0.0220127922753698 0.348839170018261 0.685315156141234
-0.0108385575379488 -0.0201539949184518 0.400290141810324 0.371762159990355
-0.0216613141421471 0.00271748523388743 0.236590509993311 0.0728348000779312
-0.0145702384452358 -0.00110970078902219 -0.0321929776334688 -0.151040181215896
-0.0159638435421331 0.00356511492244681 -0.299260460696412 -0.20476863765059
-0.0193827952411492 0.0019197402931941 -0.533933823368045 -0.242464575417442
-0.022762787522391 -0.000565729221919975 -0.660640781798229 -0.182345828588748
-0.021522305372367 -0.0189755693411412 -0.743802553016147 -0.121334576496002
-0.022105616161055 -0.0263055188392447 -0.68513080603923 -0.160711205811982
-0.00680751604485303 -0.00631730247801563 -0.532159514370988 -0.260904436163964
0.0250827488961303 0.00265477218200803 -0.184415584662065 -0.176488965321492
0.0191647880501762 0.00924517981182277 0.0401899460970425 0.198410226910698
-0.00118857063408464 0.0233358001181105 0.259904197979022 0.554276768239328
0.0121378207843211 0.0599898276292939 0.296142898037023 0.618414265330452
0.054168356804868 0.02080365999761 0.261565150000283 0.742157169782145
0.0301073731754114 -0.0161015510714814 0.344472211278586 0.687567481876904
-0.00801814645863715 0.00836374604662079 0.393099341129623 0.376870617162652
-0.00901379732702985 0.0480592467942113 0.229576041578848 0.0794294796341785
0.00598129787471631 0.0471642294714424 -0.0334643025185194 -0.147237799739877
0.00730182561528386 0.0462919247137989 -0.302081219927731 -0.199438836387437
-0.0026528433654771 0.0259008961769151 -0.540469892034613 -0.234715937161547
-0.00878306238672062 -0.005524763270107 -0.664985630389248 -0.173338931032452
0.0151013853428432 -0.0412280114719364 -0.741732426134695 -0.11353627670513
0.0312601032146931 -0.00062331431694812 -0.686628486985273 -0.15256756114213
-0.00344861500042594 0.034879316983754 -0.538946737675858 -0.258742669239039
0.00303764103073544 -0.00354257166752649 -0.182469427475172 -0.177749429538533
0.00513529350613596 -0.0105651223958334 0.0398716893135855 0.202528899823927
-0.023060689887085 0.0511386215561642 0.27281594510031 0.540100622818536
0.0335203792384029 0.108127089094712 0.329137239157466 0.610481174792902
0.0923908140165836 0.0277320063343565 0.316144417338451 0.719092438517351
0.0381573397112003 -0.0129426497619585 0.382358379547597 0.661925956883996
-0.00295787134371378 0.0361745845462228 0.401217720752497 0.371963546987106
0.00650903977858546 0.0893145789969334 0.230413025487759 0.100694003521157
0.025583698888802 0.0892360260419034 -0.0274627539103038 -0.12484158401719
0.028649362079795 0.0820913743561538 -0.292531790237143 -0.186265190376823
0.0124103202759046 0.0460432217892501 -0.531820281153422 -0.241819238107012
0.00459175778302604 -0.0118721393096449 -0.658674623133113 -0.201269823551152
0.0524980857193077 -0.0600004103545775 -0.730442684473535 -0.155760109057707
0.0775691120908577 0.026872516182133 -0.680077764576569 -0.186079652174357
-0.00422458101083157 0.0709713883859359 -0.538636255773826 -0.284007760906647
-0.0153276640956583 -0.0143708174790527 -0.175584197669373 -0.18266912581233
-0.00741079288998389 -0.02059344966334 0.0467039944294937 0.206965139921435
-0.0286348482887204 0.074932934656044 0.299462763970244 0.514880941624975
0.0639275344670381 0.129840785175543 0.396926331374318 0.578388942149005
0.116298585020289 0.0177654600836174 0.412530028615843 0.65644962503965
0.041367384502126 -0.0131268580787394 0.444563187325432 0.599771659537955
0.00776630512066174 0.0571953125103676 0.423233355053108 0.3556955200928
0.0244384835433839 0.117464917933599 0.23749081859688 0.128407543186799
0.0427805969622087 0.119553872709079 -0.0136608416150905 -0.0876530052326905
0.0440833750251805 0.109215396251347 -0.274133693838166 -0.166953394656401
0.0227979455695664 0.0604303196048554 -0.512208409400265 -0.260521152363523
0.01548528073997 -0.0155658398568012 -0.642637040567995 -0.264424500153351
0.0870053117448094 -0.0666416242709379 -0.705804929291783 -0.246750406592991
0.106956554199056 0.0593246345938502 -0.657786534292292 -0.25755319370994
-0.0159125064576673 0.0942332462289164 -0.526388929134108 -0.325987891113525
-0.0271813657044473 -0.0305904886491104 -0.167209033064513 -0.189090955460297
0.0692647888688513 0.0511014453193396 0.0919915971453457 0.201552689548051
0.0303485820683035 -0.111497949911223 0.389062437915895 0.416925098123714
-0.105267856028348 -0.111529648056138 0.575192780104474 0.375082348795429
-0.108857724043058 0.00992751952873132 0.637913478980368 0.38562211353725
-0.0266545908500493 -0.0114798818418275 0.604704682374168 0.366806280716206
-0.0322331947988246 -0.0681609732743819 0.521489196518634 0.255927603924238
-0.0506027879863232 -0.0959575333335141 0.299866447172752 0.138428035672879
-0.0466730480116601 -0.118959821569531 0.0368519714218754 -0.0113578598961536
-0.0427226977683199 -0.116196448088138 -0.195385507287103 -0.130879845086784
-0.0318231731111627 -0.0710528741756983 -0.391190660754731 -0.345206611289414
-0.0596784378569915 -0.0151482127672225 -0.516906793511775 -0.480641649642403
-0.134989249257011 -0.0342404457388262 -0.558947415176331 -0.53766132510323
-0.110176416761548 -0.175288966782172 -0.50203780659357 -0.492147037081578
0.0440710754731136 -0.12352810209615 -0.420716329288961 -0.44850545336624
0.0766013817221322 0.037284007232639 -0.151239573002542 -0.211712726612013
0.0641055030516885 0.0616866699582249 0.0785155843854467 0.203000480217025
0.0510342263701628 -0.0964449740877139 0.358405903568193 0.460409859613179
-0.082072693742744 -0.120127764774206 0.501415792157911 0.455068863232903
-0.10484769556368 -0.00854571267763871 0.543193904016869 0.511371453523947
-0.0246271348977331 -0.0177659597730334 0.544125722640271 0.477582064253416
-0.0287301216365349 -0.0694892423948318 0.49152727175694 0.292762202393658
-0.0495495729997795 -0.093208819031383 0.280603273826888 0.114862478492715
-0.0498078062138847 -0.11180522454175 0.0155160722727494 -0.0607192930601811
-0.0505518536867887 -0.106206374062292 -0.224590526069716 -0.164220290740475
-0.0401286995441411 -0.065546222351218 -0.436603852075029 -0.321685823797222
-0.0566291813494576 -0.0081967748049295 -0.578002959446262 -0.390469370351928
-0.122829956727022 -0.0102834101788376 -0.649236775459796 -0.409425193459172
-0.124193371187735 -0.140856441437985 -0.582099866013708 -0.397158123884038
0.0208362768974309 -0.11596056333315 -0.457928635240284 -0.393114793183489
0.0751186858302842 0.0268946721138441 -0.163871969015618 -0.202638831440793
0.0538722250222919 0.0636383320157039 0.0654025866782735 0.202204722818574
0.0593701590679728 -0.0666102405390459 0.322013305459159 0.501146081249057
-0.0486864828402845 -0.103661324127393 0.422832049272263 0.522457129971824
-0.0775800270681347 -0.0214050143676816 0.433050073138965 0.618018311845915
-0.015137535634896 -0.0238609851172145 0.469541340924902 0.572139939319807
-0.0222670228712886 -0.0617407302439728 0.456591860388035 0.328514237900929
-0.0427493280239671 -0.0741753469643235 0.261823670057483 0.0915016644716753
-0.0448224001721616 -0.0870592877972173 -0.00508885259575443 -0.104035395776451
-0.048936119300149 -0.0787494880333957 -0.255370224696719 -0.18714581141043
-0.0421606523992917 -0.047835826766352 -0.480769531331407 -0.292451346414871
-0.0475312648846368 -0.00232988705424596 -0.623509104815181 -0.29873787229685
-0.0944151924834523 0.0022883694290026 -0.707948486349574 -0.279002798503719
-0.10975757534113 -0.095799706393518 -0.639672423077353 -0.294773020664759
0.000787426016977046 -0.0901229361516383 -0.494198879788563 -0.334515229233496
0.063335306725478 0.0164336945909228 -0.175123017515096 -0.190917995093212
0.0421311179786841 0.0525576433100211 0.0548266653103692 0.198182515178912
0.0506232004696012 -0.0330299806003732 0.289842979312217 0.533241770981809
-0.0200809503234504 -0.0596456088492688 0.352232060708934 0.573681882120064
-0.0368745743563658 -0.0181538542535806 0.331097546319207 0.690619762498818
8.02553954504263E-05 -0.0254555975148978 0.395615068930057 0.645013403533271
-0.015814239582966 -0.0454567543141333 0.424573645582335 0.352760062909584
-0.0329491414591003 -0.0403109239987028 0.2473476989947 0.0764869009896484
-0.0323502039748626 -0.0480389194777236 -0.0221609618775517 -0.135806803090675
-0.0359949630206066 -0.0392650022351155 -0.282172712107547 -0.200453050638596
-0.033998013412807 -0.0236616087695185 -0.514743221942807 -0.261760469587759
-0.0364232367808037 0.000686939271195213 -0.649436025462829 -0.224378117563654
-0.05876617810591 -0.00228692846921824 -0.733609687347432 -0.177888826805932
-0.0736372548955818 -0.0566804314455901 -0.672096011915186 -0.207843442814455
-0.00800575778466714 -0.0508034611866153 -0.518377139956096 -0.285899855199386
0.0455510809364488 0.00745156520627284 -0.182340496102822 -0.180785452260698
0.0307439983343357 0.0328489573544376 0.0467293220207651 0.196957361435962
0.0273135437032346 -0.003113928396819 0.267804357097312 0.549889071394799
-0.00189403582678573 -0.000752465110348356 0.307067812840583 0.604451823424547
0.00961449219887931 -0.000195988092679956 0.268759542962483 0.731321443633094
0.016730525863216 -0.0221047006534748 0.349713429379444 0.683343779783135
-0.0107532529027263 -0.0199435381542214 0.40108265326278 0.36986008717859
-0.0215837851588581 0.00283669737379432 0.235741318850141 0.0711086699835396
-0.0146624727318824 -0.00163162383794658 -0.0324259279286495 -0.15057156238034
-0.0161768428297804 0.00398889648668336 -0.298030267130855 -0.203772949519705
-0.0193908334526074 0.00259962059625137 -0.533517969096356 -0.238308109040077
-0.0225565055144989 -0.00099400890017174 -0.660425802821082 -0.177799733408548
-0.0221918216349866 -0.0191437680045711 -0.740683361912915 -0.117034901740488
-0.0223060614625723 -0.0254803596136658 -0.68559067965171 -0.158956194024816
-0.0064170593810842 -0.00672610244014961 -0.531574617485035 -0.258591868376721
0.0241741895667421 0.00120694929722 -0.184979600414094 -0.175823384302939
0.0191132130525564 0.00910109375956546 0.040760989410938 0.198363383271919
-0.000654869952716512 0.0233310915648394 0.260223631231879 0.550817161613808
0.0119211473609178 0.0606957653602702 0.298173366092763 0.615704847346027
0.0538622101411359 0.0203985074717523 0.262999894091321 0.741670890263029
0.0301666690636473 -0.0166787456365429 0.345219969026976 0.686487668134171
-0.00803357333245498 0.0083541436798801 0.392978318448999 0.374223331127973
-0.00819495601472056 0.0495689830177375 0.22962051337942 0.0784900466608257
0.00588080046406205 0.0469385424435839 -0.0343232841937228 -0.147004082794471
0.00778264356613668 0.045455028704055 -0.300550402288781 -0.197146062313429
-0.00282274972290487 0.0258909307015093 -0.538070247677499 -0.230467765228628
-0.00891785990727854 -0.00567542300011349 -0.663371683228643 -0.168268717646128
0.0145277899871445 -0.0417226456047741 -0.739626029631414 -0.110457508098084
0.0311684596703611 -0.000256204008186753 -0.686649928882284 -0.150868574212741
-0.0026079139373601 0.0350631646485021 -0.539156504944812 -0.256645511231862
0.00331182268030838 -0.00461546453531175 -0.183124125594942 -0.17666777178946
0.00591829494347165 -0.0110602189897945 0.0406543075974587 0.201910802884254
-0.0227106851561182 0.0512333371464822 0.273206897633661 0.539055668149257
0.0335448860138354 0.108793226178515 0.330292221280557 0.608203681056367
0.0919565201628163 0.0277257477815481 0.318002652061383 0.718019173247335
0.0385979374427019 -0.0132274423071496 0.382435106545791 0.660482066831982
-0.00259044205034269 0.0359727520855755 0.400340637375012 0.368200432207962
0.00688233076956582 0.0899106055762099 0.229837047213832 0.0990124347345441
0.0261781054050545 0.0885438954774745 -0.0271711711299342 -0.124327152658835
0.0291741045634887 0.0821139761103932 -0.291221236290261 -0.184641886305079
0.0123809480516971 0.045550469729802 -0.532153832970547 -0.238498455560162
0.00448197056998053 -0.0121764730552545 -0.659215036225969 -0.198734582173997
0.051926971764685 -0.0599144131891608 -0.729341641785437 -0.154485458419997
0.0771112168593766 0.0273347062091081 -0.678894574715074 -0.184584611373134
-0.00404001866655077 0.0704869789253305 -0.539672209483563 -0.280758939647924
-0.0158195666820589 -0.0152375302228831 -0.175932892691208 -0.181712837584453
-0.00740195424185031 -0.0209694259535772 0.0474507032550226 0.206757767194421
-0.0286586574945305 0.0744338141109766 0.300475085124432 0.512126906305455
0.0644117898521253 0.129137304889182 0.397440944691889 0.577519742605677
0.115911527813286 0.0178435147851463 0.41308245551936 0.65567234936128
0.0407709358464635 -0.0132304963583073 0.443269477762376 0.59943842259194
0.00745298239805562 0.0568847694453031 0.422980721581027 0.352361216193657
0.0241274965066461 0.117361227476989 0.238011374089481 0.126853971779388
0.0432312941681131 0.119092125484641 -0.013415758196826 -0.0869119551157722
0.0437806641834488 0.108983041022016 -0.271473701615873 -0.164941619180501
0.0222917583703413 0.0596094088321613 -0.510570600380372 -0.259050456149336
0.015084079117611 -0.0161114474447744 -0.641688657558747 -0.260444226214868
0.0863126254287821 -0.067390058154869 -0.704346914081149 -0.243006864680371
0.107302366225479 0.0587674620268788 -0.65784933264956 -0.256414673810796
-0.0146849825526903 0.0935180676131664 -0.526533453534954 -0.325657269497968
-0.0278496338996993 -0.0309895261852321 -0.167069799549046 -0.188895754100158
0.0695884319873745 0.0514593436671596 0.0931905713342436 0.201706394629048
0.0306142449659907 -0.11111881605389 0.389940830184807 0.416422522063366
-0.106085891469641 -0.111924852451034 0.574462497278712 0.37360533784088
-0.108740321383844 0.0109238615422617 0.63825563257179 0.383506918897836
-0.0268271497385435 -0.0115244027033146 0.604264983468347 0.365246497627049
-0.0322362912444236 -0.0681050530860668 0.52174402686174 0.253446551957017
-0.0504502402637656 -0.0951783241436187 0.300304661295845 0.137565605287408
-0.0476549443926836 -0.119432299592185 0.0383620919871224 -0.0110059621878467
-0.0443322092806502 -0.116218504104804 -0.193822933725808 -0.130113497918808
-0.0319458355874068 -0.0710650439473035 -0.391661392580319 -0.343290581414143
-0.059500836467014 -0.0149148725623252 -0.517890694550446 -0.47758285335327
-0.13542456835747 -0.0339173770329195 -0.558452934145309 -0.534636601223444
-0.111184220956798 -0.174968796062073 -0.503010996439925 -0.49098812209773
0.0458293958059498 -0.123525898844125 -0.420531181769997 -0.446216562215145
0.0768186556722161 0.037010344463898 -0.151866834501249 -0.211504159883697
0.0645182855465702 0.0620791062870965 0.079226862783793 0.203672789311817
0.0514541966206268 -0.0959269162780933 0.360611918424643 0.45847981653585
-0.0828651946777886 -0.120245397694058 0.50166568103225 0.453528855439011
-0.104734180341736 -0.00729378998089937 0.543529185433304 0.510568588881957
-0.0245787394850172 -0.0176710393101791 0.545519727404716 0.475823395666716
-0.0284887878206086 -0.0695827090761635 0.490860440125043 0.289863697987895
-0.0492118331238786 -0.0926360505958812 0.280398702871766 0.113536724795886
-0.0507399302395146 -0.1120730260934 0.0164027861678612 -0.0601954942308314
-0.0509883473319606 -0.106437444530337 -0.223765370437469 -0.163156607958115
-0.0405740401227229 -0.0659023513016743 -0.4363037574692 -0.321409751387078
-0.0554324987754133 -0.00760869027264421 -0.579183310945386 -0.388881815543903
-0.12275423117985 -0.00955258148544411 -0.648995512672532 -0.406783274522067
-0.123991089893176 -0.139683701383134 -0.582155692786991 -0.396407837752494
0.0210259982471446 -0.116818890405231 -0.458569970976868 -0.389722997365313
0.0754827845109849 0.0263223115983279 -0.164173132951715 -0.202116404070797
0.0547344683366639 0.0632440332338646 0.0662336350985382 0.201609949141175
0.0605347222647969 -0.0659000364251007 0.323520191797593 0.499724386322555
-0.0489699128041353 -0.103082307489899 0.423363214930005 0.520368846445678
-0.0781937250117388 -0.0211089686338989 0.432595064169399 0.616131136115043
-0.0152456177167102 -0.0234795977288938 0.472049478864518 0.572292355785819
-0.0226608183192754 -0.0616007362440521 0.456824655277225 0.323970895575906
-0.0429977115700377 -0.0726412809141637 0.262078403737973 0.0903772068176731
-0.0447923394369919 -0.086821045098231 -0.00483848317568627 -0.10354136163624
-0.0494300666039751 -0.0785054355105958 -0.254397585356655 -0.186692080208478
-0.0419198618011576 -0.0478175268704972 -0.479479149681518 -0.290242476084972
-0.048186126127632 -0.00181775019973371 -0.624484332236996 -0.29512719275032
-0.095170892104803 0.00256161548658801 -0.707203607965806 -0.277628962726452
-0.110629250046439 -0.0958321178059097 -0.640944229950179 -0.291900998592573
0.00103568704180888 -0.0901166208460509 -0.493338475742041 -0.332974454625849
0.0647185433527032 0.0142175045301969 -0.175481978799608 -0.190748053028966
0.0421939937520108 0.0529155695735833 0.0559487105439126 0.198773432269162
0.0511226706400732 -0.0330375703306856 0.291022629262828 0.532669137654296
-0.0203445652603845 -0.0596304429349628 0.353117896369995 0.572932062237685
-0.037084812727214 -0.0177540039010274 0.331222845737157 0.691053078774969
0.000566078720720878 -0.0254560332662341 0.398248098586343 0.643975082193443
-0.0162874976195833 -0.0445170999167938 0.424100874291499 0.352283843655712
-0.0329456177739836 -0.039199489077129 0.247010386087174 0.0746697935276844
-0.0321534785976944 -0.0482250482275429 -0.0227307342050471 -0.136069000680262
-0.0363409140454892 -0.0396298827619634 -0.28078142593696 -0.199291228495485
-0.0340530852328029 -0.0232627988228755 -0.513674027363036 -0.259722304373099
-0.0363742268399635 0.000795516766359044 -0.651506993588302 -0.220461795063682
-0.0595659466476418 -0.00195933326128505 -0.733964443981832 -0.174676426009254
-0.0733855015880033 -0.0557743970058741 -0.672688194159916 -0.207737813187381
-0.0072313464283249 -0.0510103604286318 -0.518744460244108 -0.284601211811171
0.0457362072954018 0.00645241217532725 -0.18218379034855 -0.180937990693561
0.0313948211835927 0.0322488549989527 0.0476925822069086 0.197064791103783
0.0281828429533194 -0.00327269736392163 0.26850051940012 0.545958794543042
-0.00219240195220752 -0.00045857158857652 0.307098279713923 0.603973113156578
0.00937445726764575 0.000261896965398494 0.269643715730274 0.729526119444677
0.0171784524808383 -0.0225336088637114 0.352583927239352 0.681762320165972
-0.011314176554438 -0.0198459565405134 0.400391395600581 0.368616777335376
-0.021375360790178 0.00463301517950137 0.235893794834097 0.069689925690999
-0.0146520474918105 -0.00112297933310527 -0.0319049601389499 -0.150718897009962
-0.0153542075284435 0.00412870905827822 -0.297247306256426 -0.201753232541478
-0.0197646149924037 0.00239176719874205 -0.533424387207012 -0.237883899508851
-0.0224289010450481 -0.000706648798042444 -0.660596459612814 -0.17401211783397
-0.022469447848443 -0.0191827441965478 -0.739018467361368 -0.114613842007424
-0.0223075649419817 -0.0255498141462214 -0.68336018905988 -0.159350008691211
-0.0061148995021688 -0.00709002026243066 -0.532706133413145 -0.257721555857544
0.0246661453002383 0.00029814604016043 -0.185351173482965 -0.17519671707875
0.0197429113750786 0.00804339183542593 0.0415845634657374 0.197214339995374
-0.000446499253009469 0.0233148255375979 0.262060167474025 0.551316287975049
0.0120570266723853 0.0609796906049651 0.298423241094836 0.616527907138807
0.0540300755994638 0.0197158539255523 0.266094635447337 0.74112295384204
0.030203180042277 -0.0164898644538896 0.349760471050151 0.686434837964324
-0.00838131359969841 0.00863614330796913 0.392280355909237 0.372083650599816
-0.00790164631381595 0.0494729720500825 0.229229357078562 0.0772063583926381
0.00638433613295742 0.0462388294725535 -0.0339439918218192 -0.146614228737499
0.00785611504204867 0.0455278806699045 -0.30031376019775 -0.196317508281924
-0.00292884754009712 0.0266215490966828 -0.537800234567574 -0.228131836962779
-0.00860194130642648 -0.00548794589858371 -0.662841428831994 -0.165470366367731
0.0143130321121087 -0.0415892953321591 -0.738327611013239 -0.10704478376007
0.0311836102312052 0.00016701770967624 -0.685668723373311 -0.149779041926781
-0.00166586805318549 0.0349074463612147 -0.538257110032588 -0.253838642153744
0.00411537089183922 -0.00583221742047427 -0.183160847355672 -0.176006495668643
0.00595558986398512 -0.0108950646219102 0.0412560983995862 0.201284304781096
-0.0224345276183103 0.0508994148958157 0.273888854665309 0.536889952953275
0.0337792759090169 0.108471696525684 0.331503180670945 0.608788430758883
0.0923520466281419 0.0272857771240653 0.319610093792625 0.717267112714073
0.0384427007439628 -0.0137026742656046 0.385446861813183 0.658124813923536
-0.00293300915899858 0.0357224690219254 0.401675181838493 0.365969744827873
0.00786341267530772 0.0900781817028186 0.229730148406379 0.0969221861569354
0.0270219921651199 0.0881431619201075 -0.0277730727536911 -0.124017844373143
0.0295402875205941 0.0818545041398599 -0.290257667104306 -0.183803109234929
0.012691492695779 0.0460283441581086 -0.531019126834272 -0.235369755888591
0.00364978611735554 -0.0120630761315271 -0.659208894042841 -0.195304797882064
0.0515304014943995 -0.0612974711923252 -0.728594573277456 -0.152189668239077
0.0783300780801775 0.027266020070548 -0.678116555479343 -0.183230242547037
-0.00319642354836578 0.0704125482333534 -0.537355317046425 -0.279923540305739
-0.0156258083252763 -0.0165451300323508 -0.176744526343481 -0.181047275188116
-0.00801815012490293 -0.0211480532910922 0.0480381122705784 0.205161682515404
-0.0280615982313199 0.0751069709150105 0.302265073963038 0.510854045267508
0.0640087673236201 0.129679402892331 0.397392751094908 0.576463077073571
0.115950977906838 0.0172939525372628 0.414819688646825 0.654232303003955
0.0410543752830007 -0.0136245123718802 0.447168184565825 0.598113968502968
0.0069755181300903 0.0565719656048906 0.422621678319902 0.350613585598134
0.0250201565919043 0.117509816074712 0.237599423780747 0.126423427212754
0.0434495297917689 0.118699207123515 -0.013210159315958 -0.0873594136603355
0.0449623054161863 0.108920362649227 -0.272277753875516 -0.164652061027465
0.0226462338561328 0.0603262319075913 -0.511153020528723 -0.256216863413156
0.0149258189328463 -0.0160536962917099 -0.641601151388214 -0.258903517465458
0.0859192425321134 -0.0678946544013837 -0.702726826126322 -0.240783325779282
0.108352743519738 0.0591254187911378 -0.655939118087119 -0.254410013909084
-0.0143114352522189 0.0939640420380675 -0.525442938084451 -0.323427192428724
-0.0276870552318466 -0.0318632854946809 -0.166967908712831 -0.18830172141855
0.0700130425275961 0.050671445594124 0.0940195729818521 0.201674647126367
0.0312087487822119 -0.111485873503493 0.393800923401499 0.414773363943836
-0.106236347856989 -0.111134053331962 0.575336058190026 0.372423115263342
-0.108848259013861 0.0118962010451088 0.63773376271206 0.383561972222964
-0.0261980484692262 -0.01129854315648 0.606753759219766 0.364804155295015
-0.0322392623705746 -0.0679890733123185 0.521657256910562 0.25090573819953
-0.0505934376060379 -0.0950522533580024 0.299400437143174 0.136307810065239
-0.0476821343132128 -0.11897040833731 0.038368024247096 -0.0109659285143576
-0.0438220789128595 -0.116155959365579 -0.193538033382245 -0.128209729706899
-0.0327382119713085 -0.0712613616493259 -0.392830302071308 -0.341429555673529
-0.0593369510559232 -0.0142734043736313 -0.520218136340389 -0.47562100870449
-0.135855538968065 -0.0342198276307557 -0.559953565476572 -0.533779391380045
-0.110745279850867 -0.174282540976343 -0.503298301591228 -0.48929770328942
0.0461525567697196 -0.123807898087786 -0.421725116719486 -0.446407480600804
0.0778770509556885 0.0352303591649856 -0.152629757325986 -0.211245912635507
0.0647895218584893 0.0615217665705871 0.0796678665454024 0.203631215740161
0.051767366070621 -0.0960442101699934 0.360329849266947 0.45913877484362
-0.0831466512479102 -0.119961260471093 0.503229148637885 0.451565439833919
-0.104375733007268 -0.0076220825325167 0.545101849081677 0.51061851896852
-0.0251289192448463 -0.0171252423788278 0.546104936212517 0.473260901570281
-0.0292336561456125 -0.0693429831120181 0.49004496992791 0.286812919016842
-0.0496481892554019 -0.0918341040331678 0.281041883844121 0.111615630080214
-0.0504144765319502 -0.112237529551765 0.0173492249392169 -0.0598143248371347
-0.0511494428455084 -0.106378731758672 -0.222831071618591 -0.161609548283269
-0.0404043352512692 -0.064954854748057 -0.437045997161635 -0.319277018681822
-0.0562339896185285 -0.00810926611374345 -0.579618285787885 -0.385197142999265
-0.123876763650835 -0.0094941578845908 -0.648966864161648 -0.403858418458361
-0.124664224526216 -0.139212578225569 -0.582246456643747 -0.396155432950627
0.0223266001530807 -0.117313877376889 -0.460032808829839 -0.389895155399344
0.0761538869794039 0.0251550222826432 -0.164599530365569 -0.201504842998519
0.0549544510967037 0.0635323207039636 0.0669358211522727 0.202635444099262
0.0609989280931285 -0.0663850465501951 0.325167197623129 0.49958987687171
-0.049471205617939 -0.10311885396882 0.424007053505535 0.519943316046381
-0.0785771445834614 -0.0200119231267874 0.43386673576159 0.617532224478417
-0.0147815139442686 -0.0239480691092134 0.472789072829019 0.57146811950076
-0.0230378732762689 -0.0615596072680324 0.45633826355567 0.32380912977935
-0.0426806449615573 -0.0725460799686672 0.262029338086538 0.0894609895194619
-0.0452149918955208 -0.0868819302904861 -0.00502054574917101 -0.10375426148207
-0.0495832051615384 -0.0776410104620994 -0.253819006252618 -0.185541587465022
-0.0419129848326437 -0.0474437806448157 -0.480599202419046 -0.290196683175908
-0.0477257231092188 -0.00176114314907171 -0.623852083699891 -0.293386145613316
-0.0951457526104399 0.00286326909646317 -0.707333467180506 -0.272035629420495
-0.110818607043221 -0.0949835727739818 -0.639122979174389 -0.291642033481921
0.00172819348242358 -0.0911116146813947 -0.495495647187953 -0.330857899142403
0.0651006760696066 0.0135544523337662 -0.176092338581041 -0.189779318691946
0.0431436007173664 0.053131217940998 0.0571770990275259 0.198850891972321
0.0515654190570929 -0.033474192798027 0.292303203902721 0.530733956622805
-0.0209510614501029 -0.0593808490141953 0.353504204397785 0.573681065817627
-0.0369552412265754 -0.0170276320541088 0.332678421948679 0.691400943417869
0.000519250546215385 -0.0258633631531188 0.400270370591055 0.642593515848559
-0.0165824885064303 -0.0445729248883762 0.423712964467296 0.34989947387567
-0.0324702495803941 -0.0385414745504761 0.246365657207059 0.0733590820673252
-0.032628281142136 -0.0480539020861327 -0.0213201103882546 -0.135589002948381
-0.03654415568695 -0.0396260966250039 -0.280071440648333 -0.197421640585085
-0.0346071070901524 -0.0230380393765527 -0.513893986325623 -0.258156748591457
-0.0364350039923211 0.00111665683568783 -0.651359299776784 -0.21839326244467
-0.0596987827390733 -0.00140832615305148 -0.732593326177261 -0.172186221402046
-0.0739157372973301 -0.0546127024491126 -0.6712199019622 -0.205938924769965
-0.0070744762086602 -0.0509728383019015 -0.520011761360084 -0.283063460309464
0.0467988718470914 0.00574857439802744 -0.183507661577039 -0.180537607515592
0.0312314413827856 0.0320966562323006 0.0487860193258652 0.196216527295076
0.0283323322554903 -0.00305915985784962 0.271253337742028 0.54756824487825
-0.00267601064135701 -0.000251788654935997 0.308255250795759 0.603853974936275
0.00941487929045079 0.000256383342986614 0.270881266865589 0.729745611730106
0.0165544981962304 -0.0226762064356218 0.354584264097467 0.680362982944607
-0.0114410458069007 -0.0203310279456796 0.401207258583095 0.365408490126519
-0.0200917994255755 0.00467458560224558 0.235474773559509 0.0680567170487198
-0.0144201871674216 -0.00109606432011625 -0.032307200981443 -0.150574823621373
-0.0156250789047046 0.00359083957246532 -0.296697307427618 -0.200293867343189
-0.0196428871193718 0.00266564208592577 -0.532618682563341 -0.23591866103215
-0.0228478899139977 -0.00116436074950095 -0.661866841278129 -0.171155537758506
-0.0228498778496177 -0.0191390445773099 -0.739804386968328 -0.113405096220831
-0.0225759117585619 -0.0250099615802562 -0.684350227436156 -0.15688303219306
-0.00572700637412837 -0.00727015117597104 -0.532157885692547 -0.257433573488801
0.0253239749686783 -0.000363399198565716 -0.185390988056363 -0.174599436124915
0.0199193820602066 0.00795907830848553 0.0426868335075313 0.197336119301759
-0.000424107332562942 0.0235440547396658 0.262432424629289 0.549879901226744
0.0118810653897975 0.060628329799789 0.300021451046211 0.61729768450482
0.0545967806761294 0.0205688416754745 0.265502817828793 0.740894608826405
0.0296734974892116 -0.0170868822284683 0.352596409129792 0.684889539456279
-0.0083924513853621 0.00771606477569823 0.394199224395543 0.371821561824698
-0.00765976723453548 0.0496852617928861 0.229266611191115 0.0758648450338671
0.00625652198197077 0.0465276911275309 -0.0332532418752846 -0.147355346340323
0.00836509221338285 0.04577020904497 -0.299836600363481 -0.19508558744611
-0.00286624138059908 0.0265968239987169 -0.539333778784277 -0.226686165464
-0.0091317030235787 -0.00601462394930601 -0.663968298935608 -0.162989347990331
0.0135763707092523 -0.041987898851066 -0.737052505217297 -0.103223170225123
0.0314545320756996 0.000150660058707466 -0.687373295300979 -0.150296335838272
-0.000882955719759611 0.0346843744294839 -0.541016911006353 -0.254408195538405
0.00315562812847772 -0.00674005105578124 -0.182715638778409 -0.175746621698271
0.00576764313749599 -0.0114239018943118 0.0419072936646246 0.200531327225198
-0.0217247032562302 0.050616078007508 0.275703928121461 0.535010735775518
0.0340526421823907 0.108645277128288 0.333905854009646 0.609374918215512
0.0922335177848089 0.0275649638075957 0.319088695212711 0.718186216554183
0.0384767986094585 -0.0141451393380286 0.386274246224507 0.659260801052268
-0.00297707632104158 0.0353335731320651 0.40251510260173 0.36515981630032
0.00861273790545649 0.0906981885449953 0.229975576865202 0.0964467395057634
0.0269564885473158 0.0884342696725838 -0.0272866893410421 -0.123777825619068
0.029699764095859 0.0824699615332548 -0.290068511266603 -0.182578859879982
0.0126251701097699 0.0466172784525824 -0.53182082868066 -0.232720219132933
0.00329218255358181 -0.0120968958491185 -0.659964857407609 -0.190745993386165
0.0505985790497 -0.0616383395722232 -0.729021812611032 -0.146634743298015
0.078667991047636 0.0280420778479422 -0.679496090779587 -0.181827246071758
-0.0025798956778795 0.0698335672565659 -0.537897537782721 -0.278319207496093
-0.0160791528015667 -0.0180491123043716 -0.177206534510653 -0.181198660579118
-0.00775039958965716 -0.0220495723240535 0.0482738179008404 0.205892653855358
-0.0276004684144712 0.0744854289457488 0.303546297002337 0.509581144951026
0.0643507206500652 0.129938268143981 0.399790021061823 0.577361306878914
0.115953400552519 0.0167259121162811 0.416108551672083 0.655269405262893
0.0405992562320681 -0.0141701248185486 0.448630512534835 0.596482984287801
0.00680221424037785 0.0560825899278643 0.423071941357291 0.349196211920397
0.026414146123092 0.118327650445161 0.237972750411392 0.123862969046118
0.0442377761510611 0.118460108686412 -0.0128936326736434 -0.0872063512796282
0.0443770573545334 0.108554787466246 -0.270489104735382 -0.163136833732159
0.0231872171521918 0.0604926548017335 -0.512407889914292 -0.254067627905989
0.0146428190452155 -0.015826929955393 -0.643466512434339 -0.254916795463676
0.085016693946091 -0.0678577596044073 -0.705372455895407 -0.23853154752561
0.108771598761896 0.0597007319895338 -0.656900843194438 -0.253619229850479
-0.0139374579418458 0.0930821761455128 -0.525843351465385 -0.322670545626519
-0.0283832278837208 -0.0336478793210621 -0.167908037268818 -0.186888510096428
0.0706367184872077 0.05068616185904 0.0950595858749237 0.201980090926985
0.0315340286006715 -0.11202687440187 0.395404003228507 0.414234565851047
-0.107112702820397 -0.1104145785255 0.576914811050466 0.370969571607453
-0.109241911264051 0.0123771327515003 0.639908509994696 0.381298328003043
-0.0261744955119527 -0.0112880354334294 0.608238190696197 0.362553298892556
-0.0326004728521609 -0.0679379341289004 0.522630040484979 0.247879793591263
-0.0514081659829161 -0.0945865266487983 0.300450594046641 0.135008469483548
-0.0477106507608388 -0.118882586616071 0.0395396916164324 -0.0108096875517469
-0.0443720764225478 -0.116131250719923 -0.192797510692399 -0.127295542016247
-0.0326437050036676 -0.0704400050201618 -0.394335601305247 -0.340524291844648
-0.0591498830865728 -0.013840492461035 -0.521139300712573 -0.47408115571318
-0.136298776887225 -0.0340564952192348 -0.560485845407523 -0.530773377368015
-0.112528824565615 -0.174309212781033 -0.505119172705991 -0.490398264732236
0.0462460539014151 -0.125042768917233 -0.42354656536627 -0.444325977796366
0.0784316409073332 0.0344755352765439 -0.152691767918571 -0.210864192013099
0.0658837201111163 0.0614305985844477 0.0803806223696609 0.203863641066542
0.0527906309629405 -0.0959951757775187 0.362834010993029 0.457503254054566
-0.0844201747209469 -0.119877628233828 0.505088481379428 0.452506227634852
-0.104748183635568 -0.00694105932221989 0.547348520298382 0.507652333575621
-0.0241364834423949 -0.0174948153324857 0.547762260779859 0.474117634505682
-0.0295693466376225 -0.0690634679473728 0.491232241309459 0.286114065290305
-0.0492016577416053 -0.09131884954737 0.281150037582959 0.109560675425286
-0.0503674679045764 -0.111896343522478 0.0169167589061655 -0.0594612818241666
-0.0522422331023343 -0.106254153544984 -0.222115903962479 -0.159548839105882
-0.0404081953996236 -0.0642666257758195 -0.439735184409959 -0.317402720303377
-0.0560030702708133 -0.00691285133186088 -0.582129797209973 -0.383329219401931
-0.124058521866929 -0.00931625563518536 -0.652498137228081 -0.400666655097205
-0.12648846598387 -0.138753020650015 -0.584078342057512 -0.394344538621275
0.0227709677165527 -0.117822802053946 -0.461057380934911 -0.390499003084629
0.0771178509730721 0.0245543608777386 -0.165360794915646 -0.201441318063886
0.055749541134023 0.0632733178430769 0.0685357660801019 0.202036783805823
0.0609434085147043 -0.0660541923701609 0.328509125903975 0.496630967709604
-0.0504874060111588 -0.102829304710942 0.427304671703105 0.5222567389907
-0.078329561536299 -0.0204258072814064 0.434621405409743 0.616290940104568
-0.0151904399508187 -0.0238294690501505 0.475139619790969 0.572836634151568
-0.0235890514713615 -0.0620552808773783 0.457882784313573 0.321460275732235
-0.0428516010386237 -0.0718620692748343 0.262832696470089 0.0878231660025437
-0.0458725747295634 -0.0868735088938303 -0.00443460058143698 -0.103928111376704
-0.0495337363945964 -0.0780511335198912 -0.253510272745378 -0.183904622475889
-0.0426811397937451 -0.0467927015435012 -0.481865137743347 -0.284946205563535
-0.0483934505793647 -0.00160567409885319 -0.628083622328663 -0.288670061093799
-0.0959782274557283 0.00337746268686935 -0.708298840163454 -0.269641236067652
-0.111922032239708 -0.0936347407913893 -0.64059932755384 -0.290949524306645
0.00201685520808874 -0.0908323321495136 -0.496566265748371 -0.330057838714703
0.0657538586379193 0.0126117800262673 -0.177247338050717 -0.18899861168297
0.0430763921599785 0.0525905052916704 0.0577678255071872 0.198918622458161
0.0520577871565597 -0.0329983348799584 0.294237411438334 0.530593391027479
-0.0213235429941844 -0.0589387324539311 0.35452885792054 0.572511072924614
-0.0374503565423022 -0.0178493502735898 0.335587369523825 0.692275593769517
0.000634347835334284 -0.0265283470861236 0.403806699659973 0.644963060750959
-0.016490937749577 -0.0445748384976394 0.425218510931821 0.34707108142216
-0.0326716445954366 -0.0386598806945565 0.246884060044812 0.072177859012684
-0.0322566121567518 -0.0486584222777753 -0.0222984671868811 -0.136329288578834
-0.0368742353046007 -0.0393906775099208 -0.280446122905654 -0.196137124658986
-0.0343580327266042 -0.0226138934089583 -0.516048866214223 -0.25666459379261
-0.0367228285815069 0.00104759081567241 -0.652869011176854 -0.214844471386959
-0.0601053106785422 -0.00170691954697817 -0.73432364124195 -0.168184040610816
-0.0741627873400276 -0.055273619274325 -0.673072860074752 -0.203990356505778
-0.00678486528167472 -0.0516764779230127 -0.51990645151754 -0.28248697203613
0.0469125193902666 0.00353165471690323 -0.184144436253813 -0.179484966460265
0.031291767018433 0.0320025389309201 0.049539594170945 0.196500436971931
0.0286166218418211 -0.00333668648554458 0.274286693922591 0.545514771955214
-0.00315962836456557 0.000322744431629102 0.311430166421683 0.6043410944017
0.00964387660124637 0.00017549705126995 0.273904032261134 0.730104165173118
0.0164986786763852 -0.0228107750372667 0.360496579606857 0.681840326750007
-0.012016013257954 -0.0202075381421667 0.402339280092288 0.364400936110639
-0.0201096890316656 0.00510172326082649 0.235010528302625 0.0670785906876619
-0.014373768833524 -0.00210015670246183 -0.0329763991646205 -0.150873130101106
-0.0155127063136931 0.00409684537583863 -0.297259222619571 -0.199577477223869
-0.0202843824988354 0.00319846263291261 -0.533968880353264 -0.232775341925083
-0.0225162857995828 -0.00102321946752393 -0.662658455592297 -0.167935323985991
-0.0227577045933704 -0.0196366616125076 -0.740274119833896 -0.108852065419672
-0.0226013018938987 -0.0242221878461831 -0.684751303395281 -0.154321035789725
-0.00474282037112879 -0.00738638212179694 -0.533401608692468 -0.254416766593091
0.0256877207804294 -0.00153658841736988 -0.186192950006572 -0.173034376523426
0.0195548862243109 0.00777407846745738 0.0434220962164694 0.196893496730619
0.000321277692630505 0.0235140820784824 0.264033440100036 0.549121429016933
0.0119139692845893 0.0613562808685535 0.301974304960127 0.616487219657058
0.054973026400452 0.0198987862740395 0.268530962076854 0.742432667965899
0.0299658374437551 -0.0171725409071727 0.354014039501705 0.686393899886258
-0.00865721946076768 0.00842627475687001 0.395707243141853 0.369642002707375
-0.00655739307081778 0.0502388883356591 0.229811120891042 0.0742113789667168
0.00685074568565174 0.04603732650518 -0.0336775689955069 -0.147217156892673
0.00884489804442466 0.0461258525404609 -0.300016962014691 -0.194381669530375
-0.00282172575751174 0.027582704070039 -0.538995814242134 -0.224463156553785
-0.0094641053714566 -0.00540538311538122 -0.665585530260329 -0.160138024505527
0.0136180534786801 -0.0429471602583233 -0.737724038853926 -0.100586581787398
0.0317586117013375 0.00101345243035818 -0.686804855589454 -0.146842951497486
-0.00116794984689155 0.0346399208634587 -0.54131481423874 -0.25312101494161
0.0035876857764626 -0.0090541251013229 -0.183723225677024 -0.17424182464634
0.00596594030797224 -0.0117858471962983 0.0439893517970366 0.199593151722368
-0.0215023305935765 0.0505025699057329 0.276620793358375 0.534684585009767
0.0340965233361832 0.109618886516552 0.335659196996324 0.609036934269523
0.0924270147762418 0.0269319654906021 0.322093265481055 0.718393358978356
0.0382433869056154 -0.0139450980070718 0.390216385964244 0.658350491683137
-0.00316896882972643 0.0349612682184713 0.403972458974728 0.363187433109515
0.00883886055544345 0.090956950850381 0.229583406719957 0.0950666041001691
0.0278799501308332 0.0882563417755071 -0.027947312472481 -0.123943717175792
0.0302226339924597 0.0820299979386976 -0.289879013693017 -0.181332208602293
0.0124810854699796 0.0462977000706115 -0.531231627723585 -0.231731304823597
0.00364868199964109 -0.0112854347501006 -0.660756956131341 -0.188874267751195
0.0502642135922487 -0.0617134112481867 -0.728935029784497 -0.144114928406042
0.0793421411147256 0.0276701871345086 -0.681080578474377 -0.180485796537515
-0.00123429860233183 0.0700841193291958 -0.540374509602824 -0.27747969460191
-0.015970217515605 -0.018880157689833 -0.177617360267714 -0.18010946625078
-0.0083594069457848 -0.0225334173712982 0.0497054868758979 0.20489747444214
-0.027009759276372 0.0751080979458758 0.306160080664367 0.508344085978605
0.0641245470597745 0.131032616227006 0.402773790625398 0.577286535542085
0.116378598615458 0.0161745861075152 0.420052596006571 0.654275956412488
0.0403060425768484 -0.0141641480512376 0.451370294002701 0.595308583030796
0.00686128734348891 0.0565752976812925 0.4242706447652 0.34716781386521
0.0270080726692251 0.117806924440119 0.237970931472875 0.123821257623315
0.0446637461870727 0.11898327196927 -0.0133646727756268 -0.0867475176480506
0.0453698439787617 0.108875615565015 -0.272211270354824 -0.161279053304789
0.0231297377118787 0.0606539649641929 -0.51344752433378 -0.253000969485209
0.0144521184214055 -0.0161232890853811 -0.645964219035433 -0.252390545286774
0.0848595194128184 -0.06909081453001 -0.705428293418331 -0.236054770487348
0.109847434416497 0.0598156039334382 -0.657737123144931 -0.252228724728299
-0.0133841357277961 0.0932404214362113 -0.529161380287746 -0.32265974069102
-0.0293960459659436 -0.0343163268744686 -0.167983413078744 -0.186892290676575
0.0714667892474127 0.0506504002540333 0.0970637427004945 0.20208776573974
0.0313533671962081 -0.111548491435341 0.398491178744087 0.412301661579569
-0.108626482734482 -0.110028128579304 0.579485261146899 0.370076749325632
-0.109001812852296 0.0124960514565612 0.641305302464081 0.378460313694144
-0.0256561392881704 -0.010946472070762 0.609514415414461 0.360083338196029
-0.0334048435016512 -0.0680400889948961 0.523665124780378 0.244779378906394
-0.0508947381003463 -0.0941918159253541 0.30258187906379 0.133177500067744
-0.0484147615069703 -0.119573810696146 0.0396802310688689 -0.0112860320157089
-0.0445053222791564 -0.11586649103347 -0.192050377226899 -0.125630179528224
-0.0326187475475302 -0.0703475773824935 -0.396118049605259 -0.33841400398519
-0.0601313706763614 -0.0132968107164905 -0.526042112271448 -0.471076722753614
-0.13727030971599 -0.0336418681501377 -0.564685011342246 -0.529483409539352
-0.113528629280514 -0.174437935633148 -0.507456394770649 -0.491336994646068
0.0464635366881803 -0.125351439414655 -0.426959115773636 -0.445088865972119
0.0790649842991297 0.0332831722683146 -0.154126543199627 -0.210383892732553
0.0662167493861654 0.0619087468526943 0.0826325299003166 0.204163005564002
0.0529400080254409 -0.0960768539563098 0.36718094361431 0.456080308453263
-0.085403774458817 -0.119664370720906 0.50647885883133 0.451045036983552
-0.105071433007245 -0.0058540118374791 0.548509789604712 0.508130522846829
-0.0240417536221322 -0.0173524305637879 0.552542691388109 0.47094556938741
-0.0298727546618909 -0.06964230666445 0.492753249929724 0.282776878626143
-0.0499733773440976 -0.0912025825084713 0.280859566785778 0.108089977114652
-0.0509293404825026 -0.112750744144217 0.0175904175537414 -0.0598328002712817
-0.0522434349869225 -0.105778158057769 -0.222212926302702 -0.158276661553028
-0.0411583841095806 -0.064846615979192 -0.441970835490969 -0.31572305780473
-0.0564794833845142 -0.0070680766556845 -0.586904367800962 -0.380093920895301
-0.124649452027671 -0.0086093181998308 -0.65457512527063 -0.398542815151448
-0.127766365716243 -0.138387104330195 -0.585086851121635 -0.394360748661362
0.0223352844745312 -0.118758670714381 -0.464799133231655 -0.38700258014217
0.0778023552778785 0.0229750238976594 -0.166126124809083 -0.20001925846155
0.056602043981562 0.0629851370145265 0.0699373580704781 0.202272318161514
0.0624194800050142 -0.0667608869634989 0.332156621446013 0.497135724128635
-0.051693767203519 -0.101994212129691 0.429323748762412 0.520926665867345
-0.0790139277709509 -0.0202845673071498 0.438421943232686 0.615846126016736
-0.0155311246418201 -0.0234283199519927 0.477764162826317 0.571103373413327
-0.0233917723508987 -0.062286303006408 0.458717499472397 0.319475787702035
-0.0432406448836755 -0.0719405168861739 0.263336016074856 0.0858277953388941
-0.0457386490349231 -0.0877103032488201 -0.00486093110885484 -0.104189781286408
-0.0497835185244255 -0.0782979172412099 -0.253468259484747 -0.182673406356924
-0.0427019535502823 -0.0463630833048375 -0.483400445677934 -0.283769925822913
-0.0483656826731456 -0.00177983629079244 -0.629608009729953 -0.285942242071269
-0.0961849884886875 0.00313887265946004 -0.710390679625472 -0.26594616605251
-0.113364011097002 -0.0939702571073124 -0.643900386992152 -0.288926306306322
0.00233856233607903 -0.0911700084455686 -0.498348480406557 -0.329487556629852
0.0665723586062342 0.0118463278351008 -0.178127819638703 -0.189648056958354
0.0437041725675109 0.052308227544876 0.0591024793449269 0.198725586883243
0.0530959549081491 -0.0332629642685667 0.298302038542339 0.52932308075341
-0.0220771500301461 -0.058600101101442 0.359378054972132 0.573494231647023
-0.0372059555401017 -0.017098592167669 0.338606435540687 0.691262287661499
-2.27494214058137E-05 -0.0257848184156642 0.406902396070369 0.642397204802986
-0.0168807754311432 -0.0447309066012008 0.427712753730896 0.344976629955705
-0.0324714589990437 -0.0379808071295677 0.2470523413371 0.0703369471048588
-0.0322912909809439 -0.0481257497042268 -0.0224173610812217 -0.136013438211392
-0.0362177045116606 -0.0392400039614297 -0.280662450873603 -0.195351996579574
-0.0351393125109074 -0.0224562785391696 -0.517841047277984 -0.252272681582021
-0.0359939239351055 0.00142953852188383 -0.65562386579409 -0.209919723498282
-0.0606008667932101 -0.00155156434997816 -0.735507467324805 -0.164437158067705
-0.0754899638814824 -0.0544009674632776 -0.674785477301766 -0.204126648082577
-0.00545176244126467 -0.0518595963752455 -0.522005963620948 -0.279166914893949
0.0469076700339218 0.00338447930151807 -0.185358511235261 -0.179733089523696
0.0322651944318531 0.0316694440875595 0.0506394127665854 0.196526361372574
0.0290910528558907 -0.00321960344943026 0.275817584244292 0.545943717626017
-0.00307200183640431 0.000165092592766819 0.314595254551948 0.60510041727973
0.00959372193597077 0.000667439979011943 0.277366744924227 0.731474135191366
0.0166141988572491 -0.0228984108052053 0.361904077986937 0.68336258057067
-0.0123931721393709 -0.0205572277846128 0.40411925632708 0.361925781515164
-0.02030099992706 0.00500993817199613 0.236119627194897 0.0650458330543719
-0.0146270592463415 -0.00214030970555269 -0.0332105377655837 -0.151398212392548
-0.0149002146234534 0.0043597029858039 -0.29682708771144 -0.198164394063727
-0.0197801154448069 0.0031435257798798 -0.536587536082593 -0.229276845736594
-0.0225742585449381 -0.000599473403302599 -0.664379906629766 -0.163840222543274
-0.0234174910241057 -0.0196585892006193 -0.741657611826009 -0.103259164907702
-0.0226489616891133 -0.0235630529015307 -0.68714867384971 -0.153390257878946
-0.00418303347946999 -0.00740608528683967 -0.535525015977807 -0.251941999506569
0.0254129868792974 -0.00282978362149447 -0.18808569182328 -0.173614483704845
0.0207167591487647 0.00739423628594622 0.043694980819343 0.196730897625918
0.00129226419368031 0.0234495029328804 0.267489836433986 0.547679840660595
0.0126582470183265 0.0618390828885608 0.306100632622325 0.618484408032811
0.0547440519621672 0.0196249604861829 0.27210392787327 0.742197953682855
0.0293683983735139 -0.0176414888205237 0.358138731579153 0.687510451693894
-0.00909643171747194 0.00795537484195262 0.395977678520378 0.367250099727476
-0.00667952792715976 0.0506032891993308 0.229594896010128 0.0735056533429379
0.00722914776269622 0.0463048404392017 -0.0350599815283892 -0.147441107472817
0.00875927816024875 0.0460854623147526 -0.300095219749425 -0.192569383435543
-0.00190784383608929 0.0269477755024341 -0.541124504365372 -0.221987484218602
-0.00910502657116478 -0.00609458638444785 -0.667751881086312 -0.156003687286525
0.0128854242418911 -0.042626690418486 -0.740591882013994 -0.0971253872001122
0.0321995767256346 0.000495834018014236 -0.688389410350939 -0.145358243027708
-0.000406789859879667 0.0342501026234219 -0.542876886866948 -0.248924587282332
0.00315744950206262 -0.009098670354076 -0.185101316875799 -0.175219085562848
0.00586780144316893 -0.0125869133040427 0.044520000680248 0.200528439033284
-0.0209554852381945 0.0504925399976447 0.280783004831802 0.533544111458662
0.0347220993761462 0.10982405970175 0.340173731648454 0.609321265374878
0.0930843270691025 0.0267354798778907 0.326645623525927 0.718668155761067
0.0373566333025993 -0.0142267466838876 0.394375446733483 0.657849777611103
-0.00271472661945082 0.0349837154256072 0.405177818049673 0.36170390078034
0.0103671367560639 0.0912473982904945 0.230733901412924 0.0938904648495429
0.0281595494799564 0.0889071838481801 -0.028231630652126 -0.12385179813731
0.0312385192423874 0.0827521422819598 -0.290140162021662 -0.180181681255153
0.0132001681386726 0.0470129818815804 -0.534788843233844 -0.22825601824652
0.00344000528264982 -0.0118902023009294 -0.66355886334542 -0.18493449449946
0.0497269513592782 -0.0622981211511224 -0.731173733429842 -0.140996363437588
0.0798906875728065 0.0283117650435501 -0.682540935475803 -0.178060296518162
-0.000821213244263432 0.0694384814092884 -0.541983471256736 -0.275595818099295
-0.0169062017270898 -0.0198669629795322 -0.178162734158216 -0.180317071259057
-0.00846780835599911 -0.0225978889057745 0.0506160472279663 0.206011586485304
-0.0270969253704566 0.0750917353629273 0.308193368641099 0.506543168543546
0.0659215194965226 0.131507114289952 0.405174448871235 0.576890189606709
0.117178554971591 0.015486973278771 0.423891563427328 0.655494568642468
0.0398925400031321 -0.0142994103839123 0.456700644144592 0.594752972137421
0.00676319569288787 0.0559553032953561 0.424947097799617 0.345388309307621
0.0275527571850403 0.118951055853094 0.238891921857956 0.121974348029442
0.0454842587544731 0.118707543023175 -0.0137774802361282 -0.0873924177208563
0.0458399585709106 0.109082937006948 -0.271528844929311 -0.160646405413756
0.0229494294407275 0.0608764638686467 -0.514598474559515 -0.25108316694151
0.0149462454751667 -0.0165439081792047 -0.647491641266146 -0.248249408806517
0.0835612063903125 -0.0696603648654591 -0.708591596519318 -0.230646457206101
0.110232078543284 0.0593753927882642 -0.660956850519642 -0.250333889490179
-0.0122985499439649 0.0930302165146124 -0.530887163446757 -0.317901690273804
-0.0295513905638123 -0.0354652507646927 -0.169152700073765 -0.187174156242075
0.0725562087356811 0.0511136266002045 0.0995571420158686 0.202916552612875
0.0325064997997917 -0.111718464331662 0.402093774099425 0.411748151062576
-0.110767823553667 -0.110219587942327 0.582090519483903 0.368249292161355
-0.109622636088079 0.0135721807790984 0.645773202142352 0.377492800318036
-0.0258507704637095 -0.0111369696994603 0.614337651505974 0.35586716240546
-0.0335893366588152 -0.06786789950375 0.525024769976188 0.241679622127716
-0.0512483203511781 -0.0934910647853343 0.30213933145459 0.130813280016683
-0.0491503326440657 -0.119833583854016 0.0403274688537416 -0.0113942686103773
-0.0457723898124433 -0.116779486128315 -0.192729146686601 -0.123673373751323
-0.033240936671949 -0.0698352631522592 -0.400357977598655 -0.335564367565005
-0.059815111347158 -0.0126805357885089 -0.529866789632954 -0.468996153859159
-0.137699194860163 -0.0327783326131438 -0.569602030556039 -0.526961657985705
-0.115787626043152 -0.17310722936838 -0.509035498248084 -0.490407112902904
0.0468983221934307 -0.126458796261438 -0.429284703403383 -0.443290448116846
0.0791083497238546 0.0324561365988906 -0.155834095967219 -0.209113630962873
0.0679745612748277 0.0613935953500945 0.0841221398268228 0.203938993979878
0.0535782506215472 -0.0958849144323297 0.371614027318428 0.454403189819929
-0.0868177443864724 -0.119640726310706 0.509436550812174 0.449422265230374
-0.105497213980816 -0.00495152744733453 0.552902792062096 0.504683624144946
-0.0235621295366295 -0.0169157245669285 0.556142937644544 0.469294150173485
-0.0300377773152901 -0.069223350312572 0.494535276728657 0.279483113067823
-0.0503499796627265 -0.090312443017325 0.282360170413389 0.1072588559654
-0.0512213363491983 -0.112748094226783 0.0172906181570629 -0.0602700065905856
-0.0533128167008726 -0.106152096969417 -0.222606099198243 -0.156773800571942
-0.0411495479756476 -0.0635696766398074 -0.443954035305908 -0.312973167018524
-0.0565641748329771 -0.00612600079140958 -0.589706962030826 -0.376399842324784
-0.124429480401177 -0.00796119897183991 -0.658211863736138 -0.394206752861333
-0.129054384563509 -0.138355083217484 -0.589746408576244 -0.391818607541878
0.0231608294083197 -0.120455555234572 -0.468405208782294 -0.386424437611798
0.0779292758816078 0.0221494110076115 -0.167868351769197 -0.199645911553639
0.0566486059871834 0.062904178666071 0.0712236190944564 0.202297894712431
0.0628148399697778 -0.0666690695117697 0.334515626824562 0.4959801008642
-0.0522410881469947 -0.102272928948036 0.432769162847074 0.520902517415086
-0.0796413254510824 -0.0191657706462094 0.44124957903658 0.615916362649016
-0.014628059056591 -0.0239355497503672 0.4833133879883 0.570359857717142
-0.024387630488675 -0.0619956374894276 0.460863377277558 0.315678583031457
-0.0436170014405682 -0.0713181951915026 0.263818658489809 0.084158214716391
-0.0464609137080455 -0.0872317597036251 -0.00568873920671694 -0.104307933120791
-0.0504556850344588 -0.0782543218622241 -0.254211493807432 -0.180325241581196
-0.0431266569701145 -0.0465101280959587 -0.487005333267614 -0.280649230902226
-0.0487376939595398 -0.000701736320528525 -0.632556631628221 -0.280408515772883
-0.0963594132238916 0.00368261912659069 -0.712516565478876 -0.263381763512602
-0.113582246879231 -0.0939361783475501 -0.645769021423326 -0.287925287906372
0.0025560854209292 -0.0924264293238324 -0.501541977769725 -0.327916638860926
0.0669150259151544 0.0106473208164786 -0.179064244391595 -0.188800563458106
0.0444246929670549 0.0518896005888148 0.059980821729245 0.19805998054398
0.0538345665864526 -0.0331446616572836 0.30297769851635 0.528272661723952
-0.0226697034154548 -0.0583801104313647 0.362410945509788 0.573829934482072
-0.03764938422847 -0.0170504131647712 0.343043185289497 0.6914627979703
0.000434001745270885 -0.0262740645681633 0.412384868644852 0.643029235435392
-0.0174541625300189 -0.0446476130959406 0.42944577625426 0.344691197286393
-0.0324077567862241 -0.0371795208487359 0.248414170241396 0.0690810956403561
-0.0331178327060029 -0.0488374959736512 -0.0232283082842183 -0.136132346333468
-0.0366256272357412 -0.0389890894248824 -0.281696106858774 -0.193582502509643
-0.0349510456316399 -0.0217185686878165 -0.519554325257137 -0.250652574448919
-0.0365433778088499 0.00136359210860984 -0.657452849107307 -0.205236486132142
-0.0606722398329641 -0.00157391888812767 -0.73830807488795 -0.15837671382401
-0.0758723753790754 -0.0536333042929309 -0.677394950714362 -0.199362336497898
-0.00646406394018696 -0.0523369527069286 -0.524205357646637 -0.278861952040771
0.0471339340963187 0.00106022116023647 -0.187009235091327 -0.179008300155104
0.0324915129239936 0.0317399897222029 0.0519332464114126 0.195616307198922
0.0296928750725278 -0.00317836562965947 0.277532673716078 0.543654367778656
-0.00341873893488456 0.000357539584347697 0.318288962588253 0.605707541714579
0.00907489863120113 -0.000213443060736735 0.279884975873356 0.732628840082074
0.0161502852439266 -0.0231925797340136 0.368387190668399 0.682497557671639
-0.0123606114902475 -0.0204089482740929 0.40619588566254 0.361741290726973
-0.0198735074864915 0.00544267714069521 0.236503012953726 0.0634554505034482
-0.0140521521192756 -0.00170362606011649 -0.0334037996548384 -0.151547479336023
-0.0155343255950253 0.00401691432989218 -0.297685928119603 -0.196150053081867
-0.0201430111445254 0.00374393819387088 -0.539307825038144 -0.226174372252076
-0.0230263515529002 -0.000761461478841822 -0.66772499352503 -0.159214544156751
-0.0238358164906938 -0.0194591930763424 -0.74220176760777 -0.0996473360504313
-0.0230899644441534 -0.0237263711849855 -0.688723475421165 -0.14985708035807
-0.00423524860676158 -0.0088441766739287 -0.539218546078748 -0.251109636562253
0.0252046835687807 -0.00400167306021194 -0.188630917524314 -0.17366461556862
0.0202288368160941 0.00685223605257858 0.0455729354124158 0.196670540907855
0.0015619409876553 0.0231992373536976 0.271035338521745 0.548310287164218
0.0122497199932925 0.0620544134558667 0.309872567070846 0.618496096888764
0.0551539172933502 0.0198757842716443 0.276421775642429 0.743372954579011
0.0294973727999168 -0.0178727746947058 0.363714548773393 0.686570564246516
-0.00930436783880443 0.00819402815933738 0.397671445171052 0.366785876394872
-0.00618668505390196 0.0514469487356871 0.230806022925954 0.071906004250675
0.00704980957435441 0.045565516773594 -0.0353105750482338 -0.147431018709501
0.009361261899973 0.0456771584311801 -0.300770844819346 -0.191678386151085
-0.0025392045781203 0.0275082172999746 -0.542553779199789 -0.21894698373783
-0.00915844295632503 -0.00621958411462053 -0.670032410576227 -0.152326222001217
0.0121293418472285 -0.0430469226731727 -0.742309536831271 -0.0903151729495581
0.0321706418070427 0.000969342875598606 -0.691553392655345 -0.141230395045819
0.000278156388099974 0.0336378427747235 -0.544988235267668 -0.248158070967187
0.00288345212048471 -0.011118284631284 -0.186403759263456 -0.173472305733485
0.0058843938818427 -0.0128800041907998 0.0450898595604229 0.200701638109005
-0.0209425918343017 0.0512678690126741 0.284985767201618 0.533970381408901
0.0353514804499562 0.110172740046651 0.342625582261337 0.609817739972168
0.0935728638304305 0.0260340719205825 0.332132740351098 0.720131903576688
0.0375697423628849 -0.0145883487376271 0.40101703546907 0.657880011991396
-0.00313894083410613 0.0348674928450207 0.408640816319641 0.359778304007052
0.0106142231112121 0.0921755997272699 0.230852496411218 0.0920156608061874
0.028675056833882 0.0881760803638732 -0.028959650007052 -0.124790709676507
0.032360444963506 0.0825463413513837 -0.291029133964939 -0.178689458627283
0.0138330729441005 0.0468378939630516 -0.536679079758225 -0.225435948401178
0.00319503491884305 -0.0118149891195422 -0.664047612094077 -0.179591663224644
0.049178484355449 -0.0633150209854729 -0.732450581601249 -0.135241048853878
0.0802191186610341 0.0277525013245528 -0.685199046478356 -0.174731107822239
-0.000648363775755665 0.0703417574850488 -0.545652394599372 -0.273269146840098
-0.017859199705552 -0.0210812413672428 -0.17980425634347 -0.179193971947472
-0.00793972638561196 -0.0232033509389726 0.052624505263387 0.204688038969968
-0.0265481007859225 0.0750643831323745 0.310950482891986 0.506441891004715
0.0660269530933069 0.132113724563204 0.410800665206704 0.576422063610555
0.117534844384625 0.0152053162765121 0.428011289912502 0.654633464451846
0.039624573121901 -0.0149355896767818 0.461044124636323 0.59493803472409
0.00667923089967154 0.0562805759469433 0.427637342679762 0.34296062044675
0.0288360627783896 0.119226064524547 0.239589547972874 0.120671796916026
0.0463495818299485 0.118286990346202 -0.0132589492179188 -0.0879000860470173
0.0469881494415117 0.109107108135966 -0.272312023090601 -0.158330389730587
0.0235423064014581 0.0604577605463394 -0.516067917146349 -0.245865862926656
0.0144522441357451 -0.0166072760421946 -0.648162495621134 -0.245838058713443
0.0835074338735568 -0.0699684851848812 -0.709217180917312 -0.228015620477899
0.110827941951333 0.0598748145543637 -0.66435015569794 -0.247378365571882
-0.0119069004504919 0.0934614389159782 -0.533680917673142 -0.317616152418159
-0.0308543332468641 -0.0372452730359191 -0.170743670772947 -0.185695910835483
0.0733180884858663 0.0499274036903272 0.101475450075824 0.202879440541903
0.032279310805335 -0.112195392397037 0.406095837954371 0.410502399944808
-0.111792536972603 -0.109277689840549 0.587534346914592 0.365538494202436
-0.109687072801106 0.0149404265111822 0.648792269288119 0.373823923458494
-0.025839810340176 -0.0105170231685885 0.619846760651761 0.353126062154693
-0.0341679170783214 -0.0679935124585957 0.526569503768386 0.237896219508119
-0.0518089994107599 -0.0933299287764081 0.305203933831178 0.128470325898675
-0.0497536597982129 -0.119958665507287 0.0409147685881237 -0.0114344797241002
-0.0463109921429278 -0.115818052869783 -0.192451412925463 -0.122498240182539
-0.0327739255675324 -0.0697894830347847 -0.401901538803855 -0.334191134356321
-0.0600046521348351 -0.0127507137139198 -0.534131620446932 -0.465598838259566
-0.139082294538389 -0.0326633382432851 -0.573252932106059 -0.524145633384282
-0.117316616052272 -0.172753433026815 -0.51441658428468 -0.489509872644359
0.0468454360121331 -0.12764860603579 -0.432866287535889 -0.440765297977635
0.0801648489756264 0.0312608691026327 -0.157299292089145 -0.208977626949386
0.0681548717336896 0.0605036567313907 0.0860071621393592 0.204424615364873
0.0537682190160795 -0.0965074392727567 0.375079089544504 0.454374477204566
-0.0883603493250369 -0.118813291665885 0.51465211304692 0.448068247182651
-0.105994818536666 -0.00438882058864674 0.556893093872708 0.503934141893388
-0.0247328953118464 -0.0169888432391822 0.561744391550609 0.46607405730539
-0.031288512656253 -0.0693373478660806 0.497627213805071 0.277405710463336
-0.0507465383321772 -0.0900703084808311 0.283520007263445 0.104623064994494
-0.0527217992391939 -0.113043614097172 0.0174978172182749 -0.0602807013954652
-0.0539059480134566 -0.106407893314191 -0.223555991542233 -0.155265118036858
-0.0420197451526126 -0.0637738715114756 -0.447262089755083 -0.311097750641596
-0.0567554068959846 -0.00527273820205101 -0.594607351698888 -0.371920059800653
-0.126249975262153 -0.00699721288928023 -0.660867494990115 -0.39077243339302
-0.130179311567024 -0.137247352479931 -0.592835466579734 -0.391061185256338
0.0223136079582083 -0.121230572198201 -0.470643568221981 -0.384922046862647
0.0792631139274299 0.0204152882600297 -0.168804451576474 -0.19952463794452
0.0579065787540186 0.0626031500937189 0.0734573082871849 0.202545409458957
0.0629657572731672 -0.0668992050101803 0.338663392213668 0.495995245647176
-0.0537260985984415 -0.102351957875264 0.436126504378038 0.519703391447573
-0.0794980391585728 -0.0183254202929138 0.446652830014758 0.614952109547224
-0.0144093160862236 -0.0240333870600837 0.488199135584997 0.568366404180312
-0.0246545317276796 -0.061964846311907 0.464179970916001 0.313335221007848
-0.0432705332291181 -0.0709903801341031 0.264497310279913 0.0824888853346942
-0.0468896646645673 -0.0879830069852521 -0.00462760220875853 -0.10472621483611
-0.0513763447515764 -0.0779479587766203 -0.255325482364146 -0.179185948144006
-0.0436146886686042 -0.0462778659645606 -0.489341598690117 -0.278255682016016
-0.0489561922848301 -0.000340553426482995 -0.638264023391831 -0.277368581164107
-0.096986258416108 0.00485806448948467 -0.715208178072095 -0.257517223256782
-0.115145143934214 -0.0921329741405748 -0.649004936526183 -0.285061423020573
0.00206031074618472 -0.0931888480051523 -0.504794762662462 -0.324903213409866
0.0670185826836947 0.00935475784018735 -0.180996161935495 -0.187940327454961
0.0451169607596568 0.052297290256573 0.0625341811257846 0.199091256840679
0.0543919507115393 -0.0334673525940143 0.306634672108276 0.527354425293018
-0.0232633278446615 -0.0586588049402443 0.366558295123774 0.57396573416498
-0.0379663315330756 -0.0164445246068514 0.348550994604687 0.692797473942039
0.000206519887749858 -0.0266788145471443 0.418373969097475 0.64330866038767
-0.0181902927574456 -0.0448354227869678 0.431446629305363 0.340838686942824
-0.0327654378071783 -0.0374851896142461 0.248857893701173 0.067045813228563
-0.0332925276833825 -0.0487943288958688 -0.0235485624003829 -0.137022905418377
-0.037351246448151 -0.0392634060710894 -0.282317324638571 -0.191535589499944
-0.0349919769504165 -0.0221517648715223 -0.522831596236609 -0.246252205932917
-0.0369086267077502 0.00168214052930745 -0.661284118638951 -0.200942061072309
-0.0616840900613058 -0.000717587698949702 -0.739736865218893 -0.153785210291912
-0.0758235683229083 -0.0528576049127296 -0.679350022404475 -0.196625554560337
-0.00614549284136936 -0.0529147026799437 -0.528179357290635 -0.27604010138769
0.0479309691922107 0.000736690963724087 -0.188536460212162 -0.177729255036563
0.0332324203680314 0.0308165004124786 0.0528454117843292 0.195526799742246
0.0308050986266084 -0.00337565173881649 0.283586587689921 0.542879754156127
-0.00318117717619549 0.00127362469976233 0.323205418797201 0.606025414804574
0.0100991499456814 -3.37050252485847E-06 0.287005026124879 0.733367243706031
0.0167124480253102 -0.023252813525308 0.374743451346373 0.681956245061108
-0.0128272399612432 -0.0207931636167003 0.408463176701471 0.35929892542421
-0.0193903616640236 0.0064873491100034 0.237557763415932 0.0621818586709186
-0.014020474204552 -0.00237320926747374 -0.0343546146848735 -0.151507899207895
-0.0145617327278113 0.00405414691663014 -0.297797212630858 -0.194453737239679
-0.0194589099407712 0.00440048989992817 -0.54165587062007 -0.224432872914772
-0.0225999110240808 -0.000477970255910279 -0.668398156218288 -0.154100964566407
-0.0248656629325163 -0.0200111955539978 -0.746491014805836 -0.0939812925849067
-0.0229900407149301 -0.0229200967608744 -0.691656224059536 -0.148149319202141
-0.00356818005188912 -0.00883782057400798 -0.542356501549346 -0.248161168944391
0.0250545666522376 -0.00574651472679536 -0.19010945571878 -0.171893287107145
0.0209657094231529 0.00675384809488572 0.0473631892072419 0.195366320005656
0.00207186225726065 0.0231139679021109 0.275750416722349 0.546647444407662
0.0119089271020834 0.0628478156366552 0.312720625237062 0.619592661119915
0.0554982430182056 0.019333765236794 0.282275412392339 0.744716081160221
0.0294956194780697 -0.0188295155129956 0.370839360322772 0.687055285348959
-0.00897974453445057 0.00780145895684315 0.401904150584907 0.364215856342553
-0.00482247952256244 0.0516156902962534 0.231563194723518 0.0693417176752602
0.00796768208020292 0.0456619520272463 -0.0362757972953513 -0.147782066617815
0.00966507352671186 0.0459978487937548 -0.301805789525387 -0.189310858927332
-0.00203275605919668 0.0279660580225667 -0.545877015910582 -0.214531799153922
-0.0097543433574013 -0.00571109135700087 -0.67049979305022 -0.144534741517556
0.0113003762595 -0.043395932507651 -0.743979420549743 -0.0858505338937703
0.0320982504679732 0.00127734794239276 -0.694273649221149 -0.139216838468049
0.000740899521176831 0.0337581086162061 -0.549065216634056 -0.24426458158855
0.00196257352006401 -0.0112070250561091 -0.18860248398189 -0.17265978552992
0.00610317359263027 -0.0130504467915928 0.0469451051179704 0.199859471731085
-0.019752322831417 0.0512847549110162 0.287671934660781 0.531875274112034
0.0353050399163801 0.110702388001526 0.346709792097889 0.609937605230376
0.094469098111943 0.0260190968596752 0.336533718614194 0.721667706297564
0.037383581608592 -0.0152446201981597 0.40662173623582 0.657970266919201
-0.00331020833020945 0.0354333012216299 0.410552815553721 0.357350636391307
0.0124629902382476 0.0918613934050831 0.232113216433059 0.0901252117421142
0.0297448738869931 0.0877757894576134 -0.0296249973704682 -0.12524676950983
0.0331712357995091 0.0826193437503235 -0.291780788255687 -0.1767600209454
0.0134273534541794 0.0467239121631883 -0.538764027206914 -0.222543934933086
0.00307167222023926 -0.0125307679632614 -0.668795520509285 -0.175478540768396
0.0482067409275837 -0.0639510587492393 -0.734576593425953 -0.130822163393883
0.0815920182385284 0.0280592118825325 -0.686250638928852 -0.172040525342588
0.000162259597240864 0.069628562605966 -0.547811569785532 -0.270836955690232
-0.0181265906287575 -0.0227508132509777 -0.181096795403525 -0.178404391164178
-0.00829931359942973 -0.0231163920608248 0.053752389253921 0.204442122234628
-0.0257728660187799 0.0758682032192153 0.314733900488031 0.504968319647249
0.0670050937971701 0.132606299581597 0.413936614221787 0.575942119951559
0.117810103482026 0.01394026160361 0.433794374591112 0.655130801954549
0.039711480388115 -0.0152401443496711 0.467244029909977 0.592279665390186
0.00681794288267912 0.0555791741254179 0.431300383608044 0.341620257379944
0.0301577432978781 0.119234808382576 0.241077833566498 0.119066603879875
0.0473474463589524 0.118245247827921 -0.0145309984801148 -0.0875277710836021
0.0481408255090836 0.108484515322092 -0.273179767355483 -0.157175447289955
0.0237137893153731 0.0612633003051232 -0.519800144261683 -0.24228225918731
0.0139721290635757 -0.0169468371641471 -0.65177929634629 -0.239944138304346
0.0826037101726043 -0.0721928747340524 -0.712363954301246 -0.223695312354769
0.11191744506752 0.0596235097200299 -0.666730570459875 -0.244434556148102
-0.0110502424738139 0.0939279587831459 -0.536871585998601 -0.315450932376318
-0.0323113921563137 -0.0380284431475775 -0.172178293496217 -0.185077336233134
0.0746922770020097 0.0491693673199352 0.103479679659149 0.202896237878347
0.032559076048874 -0.112294127141681 0.410224182113445 0.406282667173412
-0.11397167309777 -0.108582919724307 0.591241798158099 0.363769982170564
-0.109592993057118 0.0164689426296092 0.653501969502857 0.370129005665398
-0.0258533834308521 -0.0109219373027847 0.622496044399705 0.350496093322055
-0.0347503671447729 -0.0676785400860382 0.528939910113435 0.234109088955713
-0.0520399112099755 -0.0925156413196754 0.305333872803413 0.126672691965541
-0.0507945564665861 -0.120792172670995 0.0419500719367521 -0.0108076255421881
-0.0477446057499419 -0.11647041610616 -0.193393215392509 -0.121493600772067
-0.0339140063367589 -0.069352671536861 -0.406797983870464 -0.332271703608199
-0.0603716041827053 -0.0115324816264403 -0.540479585545497 -0.461561420288903
-0.139745367503098 -0.0315317350808292 -0.578603512051044 -0.520545228796903
-0.119729350875989 -0.172581417138415 -0.519008119207501 -0.48858472761535
0.0464025993046519 -0.129291240887667 -0.439264897323746 -0.440187724439402
0.0820922503918303 0.0298427975114062 -0.158984066448419 -0.208387242680433
0.0691787942934696 0.0610664663992096 0.0890454942392562 0.203866262595262
0.0543790471243123 -0.0973884168412137 0.380905947309777 0.454043717343954
-0.0893307379005242 -0.118620348867002 0.518453039371249 0.445670558840713
-0.105985291031977 -0.00295456756557858 0.563414920071789 0.501839921331724
-0.0242335486287988 -0.0170745484168691 0.56683290052413 0.464821408218467
-0.0313330861924583 -0.0692106074079317 0.500593786733708 0.27172237668802
-0.0505907630612594 -0.0896152375992422 0.284632591088375 0.102033352124369
-0.0534501332671601 -0.113698170478097 0.0174204058321546 -0.0606237899126091
-0.0552449473435347 -0.106121360277323 -0.223085454242186 -0.152995301579319
-0.0425116715661321 -0.0637140731876678 -0.449905290044426 -0.306644401599588
-0.0564889245459988 -0.0048422703613215 -0.598712918344883 -0.366609816524239
-0.126576111616098 -0.00641194803712717 -0.666140816390679 -0.384842354120346
-0.132551942864816 -0.136546126372424 -0.597932895482241 -0.385815809385268
0.0222897152370234 -0.122002148611116 -0.474558199354483 -0.381612772917275
0.0796838634586005 0.0192311275610565 -0.171253496549431 -0.197878596614298
0.0593921951651655 0.0620196733502287 0.0758489623316376 0.201653849527167
0.0639747403907881 -0.068033168803233 0.343630602236738 0.493122519484488
-0.0551263941343277 -0.101419702024682 0.442466645823942 0.517668472769787
-0.0802640802562591 -0.0176510031239073 0.452632615521858 0.613708625773803
-0.0152067383007761 -0.023679733716891 0.495394800633642 0.567074282200352
-0.0247714795864553 -0.0616356179621865 0.466647584758867 0.310159534479357
-0.0435821741895848 -0.0706305610950617 0.26575876797766 0.0799590171821763
-0.0474761050534327 -0.0882926907494122 -0.00569560005986613 -0.105369162878127
-0.0520198072781545 -0.0781234150385027 -0.255914991670203 -0.177377409470966
-0.0437695985040283 -0.0457796831609553 -0.492881920742759 -0.274873424507338
-0.048411890086353 0.000156561694662081 -0.640649337659097 -0.272895841772064
-0.0977128607568635 0.00525127328370173 -0.718871776044361 -0.25176958074874
-0.116789543189771 -0.0916095763730617 -0.651932099982942 -0.280048314498193
0.00216884970734554 -0.0944318406561746 -0.508599812801036 -0.322107784204782
0.0673999479339749 0.00720075467237673 -0.18276818317504 -0.186102461503781
0.0463638901536523 0.0515929911931239 0.0641323516853206 0.197434401804864
0.0549759625777299 -0.0341243115436662 0.310019325179395 0.525265952514878
-0.0240064416014132 -0.0579222995362081 0.373027832712542 0.572582670614969
-0.0378518601446919 -0.0162528474192117 0.355176285964718 0.691994065078913
0.000159412756780283 -0.0267416178329847 0.42510037697559 0.641670986998856
-0.0180578424725939 -0.045096016844996 0.435583399517432 0.338711704802566
-0.0321707920500225 -0.0364288098588907 0.250311991565463 0.0648995301673283
-0.0334184316551733 -0.0491075993355429 -0.0247158363913269 -0.137277701868516
-0.0379069810287841 -0.0386399691527459 -0.283439641072697 -0.189580448602663
-0.0353353013249807 -0.0212758684466577 -0.526337877460064 -0.241966040944433
-0.0371232893604915 0.00206493129230373 -0.663419825228524 -0.193651565846325
-0.0619441510549341 -0.000746114566303004 -0.743078392175474 -0.14839428756288
-0.0768679688354629 -0.052783633487538 -0.682111905028836 -0.192651130875931
-0.00600666067311251 -0.0534663363645375 -0.531823630294446 -0.272063836403943
0.0475891497539989 -0.00139507733294538 -0.190234317101962 -0.17693806169036
0.0338850012935051 0.0310608507206889 0.0557007656879025 0.195303285200993
0.031670594901807 -0.00395057689799423 0.287535280187302 0.540749987814254
-0.00412269947428901 0.00179296622520146 0.326292250077778 0.605656898128467
0.00974830495911825 0.000569613792219485 0.293051979322926 0.733800730963591
0.016566324418634 -0.0239553854641477 0.379428687411844 0.681402953207095
-0.0130915099889952 -0.0206581382645528 0.412657439521879 0.354538434118607
-0.0192152986470729 0.00676695181214109 0.237820512477533 0.0597380528755702
-0.0141803278589274 -0.00231473727952195 -0.0360090565743957 -0.152239491782641
-0.0151193722027291 0.00473370476764026 -0.29985042954349 -0.19239482920811
-0.0196117764132618 0.00376409439231584 -0.543634138597059 -0.21809635415484
-0.023429354761832 -0.000241166020784899 -0.67222155125956 -0.147835093895324
-0.0255810952798076 -0.0195279301432876 -0.747401435622179 -0.0859790253064057
-0.0234250402607006 -0.0230933660691241 -0.694819104505383 -0.141222121696733
-0.00356250589717363 -0.00914370224976358 -0.544883092122408 -0.244025978259576
0.0251092446751939 -0.00644655913841598 -0.192007333882334 -0.170226375749792
0.0208189760394574 0.00685850660291125 0.0486232107208031 0.195574417532415
0.00308302548692156 0.0236636763819885 0.279585651115343 0.544371562213469
0.0126363262268605 0.0630419887359556 0.31843940953198 0.619193655720191
0.0560037505717445 0.0190334015782049 0.287995392198252 0.746674618728982
0.0292674309676477 -0.0191531059245478 0.378511955438655 0.686423889624011
-0.00957649448261311 0.00722801391540597 0.40515658877646 0.362045770868013
-0.00366475358096249 0.0529321092992828 0.231722721034409 0.0674997896025397
0.00795277916039235 0.0460356774232438 -0.0371285278791562 -0.148281633360599
0.0110276006519117 0.0459575403921829 -0.30259054817637 -0.187725253209501
-0.00162455077955949 0.027905392359514 -0.548999367923258 -0.209379318364968
-0.0101642611147817 -0.00576848937912419 -0.675065401384038 -0.139003646959714
0.0113839283630525 -0.0440821031183159 -0.744817775629032 -0.0789711876944325
0.032841069567451 0.00154288035679723 -0.696037629155533 -0.133264895675116
0.00178932955619097 0.0332556856652824 -0.551668280311245 -0.242886802457241
0.00106248727734221 -0.013058790196901 -0.189141049837998 -0.172099620158431
0.00648660726183618 -0.0131407269148059 0.0482565794986796 0.199475298492171
-0.0193668573102482 0.0514035282989447 0.291056042729759 0.530568581224838
0.0364041527140073 0.111595925478752 0.352926005089511 0.610168636772601
0.0947217041457997 0.0250667807035157 0.344774358391902 0.719179938005363
0.0367071851367068 -0.0158022445215117 0.41342719888581 0.657282919857799
-0.00377185620047396 0.0354045944217037 0.413853479087826 0.355801313649951
0.0135494843731445 0.0923442157750208 0.233206289266804 0.0877655761859442
0.0303394305032812 0.0878059009621206 -0.0299604218965526 -0.125697104430669
0.0334484086560921 0.0826177843767414 -0.292908846392776 -0.175415816192759
0.0147786490955382 0.0475286935134166 -0.541988981700173 -0.217835837694998
0.00203983560628134 -0.012414745589756 -0.670191552323915 -0.168744404096396
0.0473583909133212 -0.0644625027208005 -0.736325936192468 -0.124658491792931
0.0823060679317853 0.0278542034539459 -0.68934128638494 -0.168011541703599
0.000725560072404 0.0704919805043832 -0.551656757516558 -0.265871990493429
-0.0194771742917929 -0.0234062761116679 -0.183318671371733 -0.177508553123723
-0.00842672177347337 -0.0239344110012056 0.0549181647200111 0.204314351081667
-0.0240925116806332 0.0762828643294472 0.318172940502235 0.503019898571814
0.067873796511853 0.133078925026284 0.420535940401614 0.574976476141174
0.118813893105181 0.0133186997028336 0.440529454789696 0.652866265608704
0.039877048960807 -0.0158487690672701 0.473421760491565 0.592237912833984
0.00659117687060998 0.0558413893794205 0.433670402525761 0.337731849168906
0.0315342892227996 0.119657547645009 0.242765820246199 0.116371262360023
0.0482413487461788 0.117877209079333 -0.0153128137803776 -0.087793534754614
0.0500691502206473 0.108617026542692 -0.274262537612728 -0.155280761301241
0.0240417413434688 0.0605791741723011 -0.522865685115128 -0.238868422892091
0.0135969517935412 -0.0172637954588623 -0.654579745774486 -0.234052831886773
0.0821111729007969 -0.0728815908132624 -0.714514772901855 -0.217583150380084
0.113339454775071 0.0586878688614937 -0.67120722080228 -0.240346836181803
-0.00984932984998316 0.0938248209402645 -0.539969214798389 -0.31293704298307
-0.0331614103626751 -0.0388141961581833 -0.173266049654607 -0.184501563629183
0.0751031574829251 0.0490867981454237 0.106259485903992 0.20225259929993
0.0327107018058143 -0.113645174402841 0.416157144799575 0.403900596591601
-0.115457771654562 -0.107161549103748 0.594405239421484 0.358781173515001
-0.109606505687555 0.0179422381079338 0.659062211098298 0.364290409905716
-0.0257975493428994 -0.0104853886209163 0.626601598492188 0.345017439523907
-0.0354943508638697 -0.0679456791948009 0.531712452403992 0.229181354557941
-0.053058311244038 -0.0918355520526066 0.307145738864709 0.122797123607051
-0.0525366524276318 -0.120783192308108 0.0422974089605738 -0.0118563994632126
-0.0492476465532895 -0.116071510115107 -0.192828771681917 -0.119221143999688
-0.0342291917709487 -0.0688860907100804 -0.409472398326084 -0.327464091354913
-0.0606519676018829 -0.0111470144162121 -0.544343246394979 -0.455490408564503
-0.141602761399245 -0.0299137482804697 -0.584132341787406 -0.51511482076911
-0.121380796143599 -0.171208949043771 -0.524040972558207 -0.484792803915643
0.0461760353511481 -0.130654111480987 -0.441834214105481 -0.436118186834502
0.0820244119581971 0.028367236091009 -0.160886043172494 -0.206935576705012
0.0707851899761674 0.0603484108455697 0.0916464965662839 0.204061605752824
0.0541162307353021 -0.0983337250637948 0.386164719104317 0.450326131267719
-0.0913011436610918 -0.117396810111483 0.523901796813922 0.442596289337797
-0.107017415783758 -0.00141880607005928 0.568868793450428 0.497263519216095
-0.0243402334861945 -0.0171921188794761 0.572249882173361 0.460684312161433
-0.0324427928724674 -0.0695919132307248 0.504025939874746 0.267313838656352
-0.0519818790038963 -0.0892790264859075 0.286482792713158 0.0986172024991294
-0.0547505628266707 -0.113264929309973 0.0172325256777617 -0.0607481943453778
-0.0563666958186198 -0.105646910194151 -0.223546218529445 -0.150863734802214
-0.0426177431647461 -0.0633735438625937 -0.454155053062394 -0.303057471474589
-0.0566515483248026 -0.00423241098757464 -0.604238548447048 -0.361550229396523
-0.127231199477643 -0.00513378868551154 -0.670108961092642 -0.379234672478394
-0.133962136692779 -0.134963547678604 -0.602217369798858 -0.383632590571068
0.0221423297120388 -0.122548540319321 -0.479444417595272 -0.378685645789512
0.0805272386893228 0.0177958992316418 -0.173764438412712 -0.197065024448175
0.0598619419608424 0.0618507360775606 0.0778582568830253 0.202122274857762
0.0643561082038595 -0.0687300649534729 0.348951503423869 0.490363718720744
-0.055985582892217 -0.100976999718739 0.446956757413273 0.515959893149708
-0.0810209295826917 -0.0165065657305565 0.461444687311013 0.610926549133344
-0.0153907855788162 -0.0238654178316719 0.502402256838229 0.563973721683661
-0.0263561508321228 -0.0614874240076356 0.469559131777065 0.30667036421619
-0.0438345992826365 -0.0697366153448283 0.266988054185546 0.0771038683626576
-0.048193674988514 -0.0880070696010738 -0.00609708916374985 -0.105537653440587
-0.0533056617552777 -0.0774618435018857 -0.256390903734571 -0.174341699986725
-0.0443217703779802 -0.0449543373539343 -0.497220133276836 -0.268956727350218
-0.0478810170960833 0.0009459599428806 -0.644119793565602 -0.265123619884813
-0.0978407790696652 0.00637535242407507 -0.723573508636019 -0.244557253593184
-0.118595509197069 -0.0906042382662314 -0.656200516749479 -0.274756413191265
0.00156725166254417 -0.0943706794639849 -0.511730629895196 -0.317221798368917
0.0678009170454631 0.00607123465727214 -0.184184037931879 -0.185828779526922
0.0473782889116087 0.0514174391383062 0.0659676462167052 0.19800511519512
0.0555482328759542 -0.0351168169130841 0.316409987287006 0.523398789611681
-0.0247689048087123 -0.058216370781189 0.375741579555244 0.571652951082396
-0.0383648820503507 -0.0161773338280243 0.361234683513545 0.689817557200337
-0.000369385828656012 -0.0272663476320763 0.431307785772938 0.637588509326566
-0.0192417672294372 -0.0450322316288961 0.439595589786715 0.33567951464319
-0.0316312609989343 -0.0360669068685201 0.250986883934564 0.0613746378798126
-0.0343090415916113 -0.0488681389434113 -0.0256364554839596 -0.137594894436525
-0.0378550440062591 -0.0389112405860637 -0.284309417749959 -0.187241390330616
-0.0352791984001539 -0.0208200084091558 -0.529320412174301 -0.237145797607482
-0.0364735991199978 0.0027949401690284 -0.667696462471745 -0.187339308619857
-0.0619279446287047 -0.000376819915123405 -0.744143242895261 -0.137468327290779
-0.0775228381486026 -0.0506886806985172 -0.685848744174045 -0.186530615266126
-0.00599815289202295 -0.0538260843978357 -0.536503560616104 -0.268810105369321
0.047718293268322 -0.00275812178099979 -0.191783138888648 -0.174917909183827
0.0348302649112437 0.0301609872486698 0.056614895600524 0.194519368441509
0.0325783259927088 -0.00435216183634437 0.29322195027898 0.539543321063159
-0.00375489940571678 0.00223910208648088 0.333950358041314 0.603857233742166
0.0104145156326885 0.000433091545986509 0.300625768378824 0.73245503888868
0.0157026979455654 -0.0238850560137852 0.39030935255855 0.680044898093278
-0.0142337872664817 -0.0205572261421776 0.41681668012902 0.351750181514992
-0.018740564030485 0.0066840039024789 0.238755784378446 0.0571393689084012
-0.0144091071967556 -0.00228021486396891 -0.0371748053032894 -0.152317262274553
-0.0147257120996393 0.00434942715576306 -0.301040140248983 -0.189972340630393
-0.019167121615104 0.00469401282675384 -0.547393037974538 -0.212948661310657
-0.0233840484921346 0.000245378836111879 -0.673736067755383 -0.140212865178405
-0.0257793940958617 -0.0190835252714065 -0.747064818459978 -0.079119082154953
-0.0234890248243747 -0.0226509353677776 -0.695805946344366 -0.135262739601753
-0.00330499324104609 -0.00949662396222319 -0.54847574404924 -0.23968246925271
0.0240788240968074 -0.00775688747471435 -0.194766988291332 -0.169435582993191
0.0216210576258059 0.00567140554634745 0.050500055536746 0.195423715869366
0.00387817885384463 0.0234264361348912 0.285052678431272 0.542205039867734
0.0134219099063611 0.0638208615683264 0.327345148231316 0.618585511401918
0.0564569630825832 0.0185020268356345 0.296099333432275 0.743873892715652
0.0289541777097918 -0.0196451832219965 0.384387067178918 0.684318667187894
-0.00971416415976629 0.00773108293663117 0.408864872946028 0.358279099390512
-0.00323623802319132 0.0524645310137876 0.23256436663486 0.0650412868323071
0.00855063269633809 0.0459080891861127 -0.0390550879017778 -0.148247383921363
0.0112216840921338 0.0460761836294773 -0.305231120413583 -0.185068034636434
-0.00128167792472581 0.0279071794904751 -0.551749753589516 -0.204296780800673
-0.010173556090553 -0.0060998224186577 -0.678201233967195 -0.132307207300891
0.00984595053127814 -0.044579116421415 -0.746423271311398 -0.069390759168416
0.0327049524665712 0.00140074249664638 -0.699306187872949 -0.12676856987904
0.00195040240198236 0.0328425744856067 -0.555138360823118 -0.23803340767594
0.000733049345923858 -0.0137692441102089 -0.191222522552972 -0.170415939041581
0.00681549362431526 -0.0138932342405196 0.0503330750803078 0.198739951076478
-0.0186344116344347 0.051194177121774 0.295823315563985 0.527276677021491
0.0382472951467915 0.112177995933741 0.360361570761233 0.608055430998998
0.0954369280457365 0.0239872671949889 0.351065360844182 0.717863159546405
0.0362155379611756 -0.0164733410963715 0.420258522738573 0.655149893046682
-0.00375751936801617 0.0347150170507802 0.41711089185937 0.35141359371552
0.0145723631142031 0.0927040000428893 0.234545322726383 0.085131340023562
0.0307676009335992 0.0879515135047153 -0.031539254911333 -0.125485635331811
0.0345530544532332 0.0821980198714845 -0.294888976541995 -0.172103301913954
0.0150573520948252 0.0474002285557736 -0.544824621186691 -0.211828024742668
0.00298327915920897 -0.0127968685835919 -0.674117694857459 -0.162250969305929
0.0465482425069136 -0.0658512171261471 -0.73814356419258 -0.115153681921403
0.0825051902107552 0.0268650620047308 -0.693745254507562 -0.160325381972564
0.00209876416183303 0.0692768064870087 -0.553705047290152 -0.261549728484532
-0.020816731546921 -0.0236366723638909 -0.185075357227015 -0.176362168174573
-0.00823174615585935 -0.0238199856795264 0.0569040207742453 0.203968335710951
-0.023632047201664 0.076346688201626 0.324527013914614 0.500154622380984
0.0700210943925726 0.132959354469239 0.425408940404452 0.573975877496213
0.119137537367122 0.0117762555842843 0.446153135703245 0.651834279092126
0.0390621206151261 -0.0162431085465825 0.481887533773173 0.587123632023129
0.00677530266086251 0.0558835257732875 0.438418861477721 0.33442029322254
0.033589414751735 0.120216060182422 0.243953650689702 0.114552726144152
0.0500954514726036 0.117487757752805 -0.0155117920786799 -0.0884739422818598
0.0502198522017126 0.108456094858065 -0.274776639615452 -0.153057810879633
0.0256984266712496 0.061037997252597 -0.525576981781127 -0.233208470584752
0.0140328946371356 -0.0173666535393739 -0.659480970764495 -0.227542836831094
0.0810659266034283 -0.0740803537293032 -0.719799415730839 -0.209237905897361
0.114852783982916 0.0576730009531215 -0.674835638263059 -0.235380870401919
-0.00868991983970352 0.094097806952907 -0.545272209632437 -0.309263679553395
-0.0351616528375867 -0.0401430162880402 -0.175829794224989 -0.183209252913728
0.0767323935105098 0.0484496810220029 0.108784724073057 0.201263059308637
0.031985361165597 -0.113815943338656 0.421278410972811 0.399332088137041
-0.117551188775438 -0.10565396687203 0.598592381151456 0.354249295013044
-0.110007307355622 0.0191306328762245 0.66100783398102 0.35849238349471
-0.0255546587699752 -0.01079337021121 0.63152138330681 0.340168734921495
-0.0365678700312402 -0.0673973557302295 0.533645639103234 0.22158383917206
-0.0531268710430457 -0.0915609117330572 0.309276526816043 0.119568053479885
-0.0531382622379296 -0.121198633880997 0.0428421031433973 -0.0123241891555775
-0.0503798558701109 -0.115986170815181 -0.193803588033868 -0.116389053462994
-0.0353704975232152 -0.0681999266490607 -0.41483268420582 -0.323712254533091
-0.060650374367894 -0.0101350879754681 -0.551880056027336 -0.450499918649068
-0.141850175635822 -0.0283288110312467 -0.590071662422657 -0.508329694860572
-0.123723718040182 -0.170383207997771 -0.530273587539514 -0.480460993578041
0.0450552448174511 -0.131456938154937 -0.449034158420498 -0.431655514908039
0.082406092628487 0.0269031678826215 -0.163298714760342 -0.20623227956301
0.0716656865566439 0.0594065651559638 0.0941774914480141 0.203359244700548
0.0544663229074179 -0.0989119412065952 0.390430382510078 0.445411837906793
-0.0931088768752441 -0.11611646947417 0.529514025113487 0.43930484548417
-0.107078356721216 -0.000271128604831176 0.573485410400057 0.49502395149132
-0.0245749257091823 -0.0167187471301916 0.576916784454426 0.454756345483098
-0.0334134332245742 -0.0689898073491091 0.505759446386536 0.262277069131719
-0.0520663328620243 -0.0886620836627435 0.287291184935083 0.0956818002809515
-0.0563004866625091 -0.112900099971143 0.0175082846313085 -0.0612018645960538
-0.0577672066261418 -0.105860127394129 -0.224445544183839 -0.148453785328827
-0.0437487404682729 -0.0625279418403036 -0.457693109405657 -0.297764349526216
-0.057029156648454 -0.00374663058373614 -0.607606372367958 -0.353531080794536
-0.128085077544287 -0.00433347518151154 -0.67491545205366 -0.371626355093555
-0.136015067172934 -0.133300031206301 -0.606448559163188 -0.379570390700026
0.0212976263759847 -0.12399722450434 -0.484480317201879 -0.375857412190469
0.0808545208813507 0.0156567452266031 -0.176433793670231 -0.195217886084206
0.0615667495963186 0.0614053726336106 0.0806294401049835 0.200955543754615
0.0649082939986404 -0.0692777138589049 0.355635467312978 0.487445153431061
-0.0569374694972511 -0.100315930616647 0.452086567852198 0.51227421503428
-0.0813060641793562 -0.0158487581967942 0.467412163291296 0.606386098959051
-0.0151056977065274 -0.0240846903619643 0.508562118071536 0.559659196577676
-0.0272142565089319 -0.0614331211516009 0.472750797561987 0.300281410329481
-0.0446575392435997 -0.0695446495479049 0.267759236833506 0.0734954755990346
-0.0490139785394819 -0.0877512082077813 -0.00670688337153544 -0.105421877103424
-0.0537302200012196 -0.0771428954128592 -0.257647855231111 -0.171425260945844
-0.044229070903642 -0.044991400242718 -0.500594111511545 -0.263662448980433
-0.0484852525503606 0.00140735267175439 -0.649129348037417 -0.258420340083559
-0.0987557268526323 0.00719783259612691 -0.726544001675135 -0.236035767480813
-0.119340601315419 -0.0889256192795341 -0.661523081472626 -0.27005889820443
0.00141363038555605 -0.0958005424132145 -0.517267824547379 -0.313696940107603
0.0678942855627674 0.00410571907109413 -0.186838714065736 -0.183968000753027
0.0484100996237725 0.0509566429870361 0.0689098971751951 0.196761569783893
0.0564263674538457 -0.0356901532537421 0.322145454392296 0.520755690632008
-0.0247366988784136 -0.0572854409498279 0.384067274431276 0.570039622002651
-0.0382013838483141 -0.0150748544697383 0.36897272542018 0.688345037090988
-0.000433114366980681 -0.0271216422140092 0.440913405657193 0.6350712646492
-0.0202003891126175 -0.044867416165966 0.443257555413665 0.331134770218544
-0.0324231157058434 -0.0355997979347545 0.251030597313683 0.0585130915140049
-0.0347549529184179 -0.0494527125947851 -0.0273029360964848 -0.137659330850753
-0.0382940831571923 -0.0387734096696473 -0.285697407506356 -0.184123530393565
-0.0362074287086036 -0.0201750697118032 -0.53206826307243 -0.231052415377538
-0.0363821264692314 0.00296183039342397 -0.669858133438211 -0.178494168685031
-0.0632612591977203 0.000717789497181664 -0.747336322799899 -0.129986398130532
-0.0793123879387209 -0.0502557110401923 -0.688731593062398 -0.180209244909731
-0.00634106704432368 -0.0543625428272363 -0.539286532304094 -0.26350919658417
0.0479163246293877 -0.00451138928332595 -0.194522422945465 -0.172827060118835
0.0349871503939881 0.0304651140169547 0.0601384014086512 0.193332710564935
0.0332165567362173 -0.00492428925551318 0.29888783239634 0.53801681917238
-0.00413235798297596 0.00246746600899795 0.340335150747949 0.603091615907699
0.0102146260845972 0.000200129457434235 0.307385130105806 0.731974141670645
0.0160625682005096 -0.0245603255660815 0.397809877013415 0.678656581710825
-0.0142202385901758 -0.0209137999267875 0.420210028215491 0.349422496056816
-0.0187403695287879 0.00719192081403762 0.239329512979007 0.0537826602313089
-0.0141979615861426 -0.00246420739905485 -0.0387686966965922 -0.153095455701663
-0.0143830413280961 0.00444422730922381 -0.302499173409842 -0.186657976360207
-0.0198044372389764 0.00472857650334437 -0.549767785656373 -0.206512184407704
-0.0237652876637303 0.000184922035835351 -0.676912313808391 -0.13283143483311
-0.0264180044835543 -0.0191242289467024 -0.74894335457931 -0.0693819706834343
-0.0238967203935026 -0.0212263571391636 -0.698063277567248 -0.129616342850919
-0.00324482684305484 -0.0101709576462343 -0.550888323402825 -0.233607219230493
0.0238686491249246 -0.00961835494381278 -0.19682616555873 -0.167418164123569
0.0213008938488962 0.00600629917739924 0.0527930129850598 0.194974007620046
0.00496843048106323 0.0234716169163158 0.289880162153662 0.541174979535644
0.0139028314335036 0.0641707943700126 0.332935407049355 0.61676251939616
0.0562881499747211 0.0179011632460873 0.304502860761361 0.744530612663182
0.0293461580408926 -0.0202473185969591 0.39360352052484 0.683236946637816
-0.0101042429609902 0.00742413518736616 0.413969326964548 0.354087093029387
-0.00263906492628982 0.0532713765193576 0.234380602884592 0.0625083798200839
0.0089036679448605 0.0453905950338298 -0.0398898917236361 -0.148459723153487
0.0118194163182259 0.0464148234279092 -0.306452736830679 -0.181763118402032
-0.0012169658798614 0.0288427823390961 -0.553480140059082 -0.198836912980479
-0.00970976628892081 -0.00602245153086182 -0.679519355622318 -0.12474477995808
0.00903498261273422 -0.0443077195096694 -0.747033557037768 -0.0627473588747255
0.0333694129387368 0.00103831111600757 -0.701538243980623 -0.121859533222667
0.00305389689494147 0.0332309804174925 -0.559329209703189 -0.231667000250631
8.47266484810968E-05 -0.0148630912060982 -0.193131841883421 -0.168127664306671
0.00607232488688034 -0.0141055263933883 0.0520518618006541 0.198393300427132
-0.0176346847861258 0.051268826701884 0.301898982395835 0.525255903415036
0.0393939545642702 0.112436206687318 0.366116788226496 0.60756282480608
0.0961038710656146 0.0232615197451469 0.359956283648178 0.718574722210343
0.0366709149045717 -0.0166003927013435 0.428861729421754 0.651707387882485
-0.00340713462322823 0.0346316912304658 0.421955002522648 0.347660274395164
0.0163949538083405 0.092698209738658 0.235493957194755 0.0838238380659217
0.0319538481613738 0.0869117960865603 -0.0321725397622747 -0.125493785644392
0.0352534193410249 0.0819954478988565 -0.296454180136847 -0.170026487158868
0.0151292382712123 0.0474113420183991 -0.548043849764988 -0.206179005910375
0.00151589270624796 -0.0128739174482691 -0.674828543522153 -0.153981447291533
0.0456941930725412 -0.0661588574780453 -0.740287132287995 -0.107766137973877
0.0830898907504766 0.0261022770208667 -0.697616937358825 -0.156195990666827
0.00283393355680314 0.069283199428797 -0.560075613926732 -0.257853012691415
-0.0209261215743237 -0.0250827215596704 -0.187367929060211 -0.174518104551409
-0.00863807105568705 -0.0242856382892878 0.0582949527615103 0.203211040059893
-0.0228213924266602 0.0762965183601063 0.328007626602338 0.49681703005529
0.0714585214894933 0.133881558563908 0.433592474150184 0.571639199211485
0.119891430547794 0.0113358822375842 0.454633969391875 0.648547180612844
0.0387188905998969 -0.0167653672803896 0.489609912606559 0.585346509580482
0.00663775369340324 0.055584521548948 0.441089730043922 0.331194425056291
0.034605482846693 0.12026602264479 0.245618349737498 0.111847981587117
0.0509792012027232 0.116984824432354 -0.0161975525080933 -0.0880775530849168
0.0527936462405149 0.107892948021742 -0.276583893378358 -0.150684440320605
0.0261395537670124 0.0608905983464297 -0.528474513350673 -0.22984749269634
0.0129760271922255 -0.0183732035382896 -0.66146387339561 -0.219331534381595
0.0798663639876599 -0.0747286830669514 -0.721904415004775 -0.200943456629506
0.115406273152207 0.0578954279690226 -0.677720361878723 -0.227847205920236
-0.00804907493170206 0.0939684679870908 -0.548454976233933 -0.303446884235395
-0.0357519989097894 -0.0404217834875187 -0.177264746273302 -0.181284187100313
0.0774902064563871 0.0477502868057828 0.111923929648312 0.200034290263193
0.0321357653577269 -0.114128805290391 0.426406140234386 0.393307505284533
-0.118788065955165 -0.10380806448461 0.603952301621097 0.347174442032894
-0.109959659153198 0.020528532993611 0.665230011659971 0.352016667905532
-0.0254078472064923 -0.0101056417216091 0.635281720840223 0.330515830327455
-0.0373074786189613 -0.0670245145849696 0.534728528054221 0.21457943409556
-0.0539552735036272 -0.091726418928081 0.309759152799327 0.11501242404714
-0.0546495247421546 -0.120439532848168 0.0430713409223524 -0.0123779232767798
-0.0511878894748715 -0.115574001762229 -0.19330399792531 -0.113945524241523
-0.0356569347862461 -0.0681561209144625 -0.418770236109811 -0.317224245171021
-0.0600931872449559 -0.00936953211369361 -0.55645242051345 -0.44360743217631
-0.143282897638084 -0.0269599839102239 -0.593923220450901 -0.502511283874273
-0.126271282910355 -0.168907565635697 -0.535481659962717 -0.474884187131531
0.0449246792556216 -0.132667337460232 -0.453379078719295 -0.425461013363337
0.083401858083732 0.0249262034820828 -0.165821342600026 -0.203448516276974
0.0729037247854297 0.0593505372645803 0.0966778197813951 0.201416357600666
0.054481792147394 -0.0995893668621995 0.394982737617522 0.43986866646126
-0.0949578989283121 -0.11508020890167 0.53386431005971 0.432455546773868
-0.106966602700127 0.000958678599557255 0.580423643883376 0.485696286361763
-0.0243384372325254 -0.0162281662731446 0.584836534155117 0.447822537265263
-0.0343842747689584 -0.0686726564133999 0.506680357912738 0.255504767014709
-0.0528701487444489 -0.0882630147330621 0.288214507105072 0.0917861729039774
-0.0573028118531465 -0.113049023320232 0.016639053887245 -0.0619573684075823
-0.0582999237332972 -0.105220062780155 -0.225064501689497 -0.145904756495706
-0.0440957665649466 -0.0621772612103733 -0.462083880150168 -0.291969593499971
-0.056208958017929 -0.00236290952749731 -0.61265996390674 -0.346067947044603
-0.129032045095547 -0.00147617428374012 -0.678689761839885 -0.363675020513238
-0.137605647978164 -0.132067055853808 -0.612478660597714 -0.37190458790429
0.0197724390508232 -0.124685026315715 -0.488672457808976 -0.368770423045175
0.0814529039999133 0.014078654005124 -0.178288024638966 -0.193511699465982
0.0621921508981381 0.061010871682259 0.0830454773815294 0.198735068234317
0.065223940939769 -0.0704112743435512 0.361385488419858 0.48307929007368
-0.0586944723046773 -0.0995159895517849 0.45860213244731 0.508936151161355
-0.0816390070737607 -0.0144053652715445 0.475237728206844 0.60360432193171
-0.0155783584736126 -0.0240958607377436 0.515583243776413 0.554047525171263
-0.0276943060453338 -0.0612102572642924 0.475977542444106 0.294770740741998
-0.0444165375953254 -0.0688437563310974 0.267529832891784 0.0702296776605864
-0.0505035294521842 -0.08807170118106 -0.00788077740237279 -0.105310117591367
-0.0547818483482148 -0.0765895756793129 -0.258363898017153 -0.168764565842516
-0.0447526979720551 -0.0445632176770354 -0.504039434989018 -0.256900581978858
-0.0482419870694051 0.00244743560624465 -0.651783614475606 -0.247962891164022
-0.0983539487322756 0.00801985803813957 -0.727775767194561 -0.227278442855584
-0.120595044254717 -0.0872624554814316 -0.662673097257975 -0.262755412193607
0.000292424786936491 -0.0957924970126089 -0.520275227953851 -0.30625858643511
0.0683021239636501 0.00244613066722933 -0.190094358853503 -0.180732226471756
0.0493111071560259 0.0503551040095344 0.0710508501334845 0.195172001004937
0.0571091415191418 -0.0362496661117251 0.327254728557435 0.51607423817903
-0.0258609138216149 -0.056829136398953 0.390447156090078 0.564510246583787
-0.0388863747320204 -0.0146232162785475 0.377706294285847 0.686522877177647
-0.000906413387219011 -0.0273156984973844 0.448796819774984 0.631980249889828
-0.0206386083491248 -0.0451300490093169 0.446197597226655 0.325141424783638
-0.0323628424047458 -0.0355072440777468 0.251791317973157 0.0556912113866715
-0.0351477724414931 -0.0492618325957194 -0.0283249067036135 -0.137763263571244
-0.0386076760234311 -0.0378644512310255 -0.285978505704525 -0.180355839824355
-0.0358799069397362 -0.0197424545748667 -0.534836783167878 -0.223206294980971
-0.0368768480928002 0.00336820703179705 -0.671761832021573 -0.170449941472717
-0.0635489876185232 0.00114073606146438 -0.748147945714688 -0.120625565828844
-0.0787304766009618 -0.0483939869743989 -0.690850984704926 -0.173976470441024
-0.00666874731318305 -0.0548502700233058 -0.542306855537494 -0.256093299188735
0.0472475327608302 -0.00599127277616949 -0.196744538019765 -0.170267608007128
0.0357876431160235 0.0294696058402788 0.0619314010629124 0.192152528751325
0.0334277985454763 -0.00510401583986117 0.304252540264096 0.532807711222829
-0.00383284916782429 0.00303155001666012 0.348410583644276 0.599473851912382
0.00978807319442359 -0.000230540390398931 0.317256369190906 0.729314733965147
0.0159721468066645 -0.025371371274881 0.40676994114525 0.672270392909329
-0.0150143910251887 -0.0201756131140176 0.424878615895652 0.343667729446632
-0.01777745663202 0.00727716724854827 0.239594988189699 0.0511269388424278
-0.014096935270887 -0.00199431100421321 -0.0404167382869652 -0.152154867313843
-0.0146908170858377 0.0044801113241679 -0.303441040811994 -0.182983154108515
-0.0191709442259932 0.00570809860225788 -0.552794835399183 -0.200151729346371
-0.0237657750500504 -6.02322928125419E-05 -0.67905668059691 -0.123377657736645
-0.0271901129002941 -0.0181377949989485 -0.749181011519314 -0.0580011102668047
-0.0239907495291809 -0.0208319200941742 -0.701330029872479 -0.121707140998776
-0.00369608091759912 -0.00993239203086544 -0.554821836387086 -0.227423656367395
0.0228861207907977 -0.0107119554281251 -0.197389678281873 -0.164561352938734
0.02219921716545 0.00518832332871861 0.055205986639961 0.19285925431989
0.0051278204408624 0.0233754499729328 0.295613797917362 0.53694575721406
0.0150009559724779 0.0650868075507009 0.339303977028838 0.612732828704893
0.0569837575241067 0.0172549263420627 0.313199186328647 0.740098823261272
0.0288767919436723 -0.0206532182983984 0.401666419147194 0.679153680681055
-0.0111341022569547 0.00807179021675215 0.417585664028389 0.350453022248283
-0.00106324997843238 0.0526840039643885 0.234221671813459 0.0592127079629562
0.00995387317413544 0.0446770315045615 -0.0419303130786914 -0.147787775557243
0.0129868085645263 0.0454637850661268 -0.307658579025437 -0.178697860085375
-0.000355717942343735 0.0285084077933363 -0.556052254765503 -0.191437434036573
-0.0104026759488576 -0.00659668522396083 -0.679299532904575 -0.115526696916184
0.00878753709825025 -0.0446614629717397 -0.747759575871636 -0.0524688826632566
0.0331692429509123 0.00121716506738673 -0.701712281565485 -0.113918627899427
0.00289208502759652 0.0329840728426968 -0.561607672764628 -0.227030062263701
-0.00148363183883986 -0.015382435415733 -0.195304548836034 -0.165547709119806
0.00671431136104414 -0.0147245260370856 0.0547356286745765 0.196411191501142
-0.0168271141445672 0.0514597852897281 0.307312271468447 0.520042523808732
0.0408637409485501 0.112035924232749 0.374415020469088 0.604134641833459
0.0959460924885319 0.0223842541844155 0.367727345352626 0.714178070204402
0.0364617622775336 -0.0174027922289131 0.437162657793643 0.646159369101642
-0.00396319139359078 0.0353007071521492 0.426031637739761 0.342211120017072
0.0170194644406194 0.092829890419306 0.236186605269504 0.0797496689687772
0.0330716162293831 0.0865483688099236 -0.0343074632318799 -0.125417009396651
0.0371432498036847 0.0813584884451005 -0.296609256046152 -0.166425096448398
0.0162971294451361 0.0471637085443449 -0.550581790933353 -0.198901714582298
0.00173444665842358 -0.0130748128323208 -0.676551056876166 -0.144352896254723
0.0441303936828987 -0.0663618758519136 -0.740732563090918 -0.0986762362250122
0.0837148277944531 0.0251439208234632 -0.698374328083538 -0.148463900671309
0.00358336272239782 0.0697955922816501 -0.562322328827763 -0.249814679413644
-0.0224787310015793 -0.0256216881878994 -0.188905997690044 -0.172017741722051
-0.00881839679786811 -0.024626884893346 0.0614562632549465 0.20156399033849
-0.0216617879609421 0.076764922682709 0.33351603768066 0.493720565721508
0.0731582995269666 0.133383076404035 0.44120459275364 0.566571375829842
0.119790940826994 0.00931163943596284 0.46357159382103 0.643783722384647
0.0386172221145372 -0.0176264682833959 0.496853062988281 0.578889645941029
0.00739381525560914 0.0559798880274315 0.445724412994266 0.32460315734183
0.03647820258107 0.119487616555934 0.246551512356257 0.107927545025312
0.052210175880189 0.115656168120464 -0.017150662017705 -0.0878308078308255
0.0538113307510537 0.107537497057677 -0.278030384871439 -0.147351611568505
0.0267729214735902 0.060478282424066 -0.530677364981081 -0.220583809125922
0.012493734662805 -0.0181836473563622 -0.665342211746973 -0.209737926871885
0.078884844820631 -0.076356880834507 -0.723240174123406 -0.193742068050826
0.116510174956636 0.0564302832890779 -0.680567572285894 -0.22070259562814
-0.00692501393383538 0.0938018911510186 -0.552294523733948 -0.296320093585662
-0.0372285846897515 -0.0410157908095058 -0.179610142006756 -0.179777619186531
0.0785624785748621 0.046764222189976 0.114135160057671 0.196923695828547
0.031303934329067 -0.114555242636991 0.431308075752179 0.38821209688956
-0.120144725964898 -0.101914931631432 0.607341859396975 0.339083951344504
-0.108757271214104 0.0225673897059655 0.669935658373312 0.343033278610559
-0.0260546255775725 -0.0100504374256959 0.640450898368666 0.32252207187306
-0.0383076916950558 -0.0667886314675675 0.537062648677 0.207410643837089
-0.0543832676188869 -0.0900435997150143 0.311026152278865 0.11155880074616
-0.0564429482362973 -0.120161028575388 0.0429510135901204 -0.0132237739323214
-0.0528970391783448 -0.114425446203704 -0.192879308860293 -0.110802907561326
-0.0366011060624881 -0.0669248950158112 -0.42194069552583 -0.310827284926104
-0.0603304521409917 -0.00847825172788043 -0.562440546482798 -0.433356245879644
-0.14338464233875 -0.0253434799655946 -0.601355869352743 -0.494747432467738
-0.127937151199891 -0.166998906190011 -0.540284807739209 -0.467869685781683
0.0427120675218547 -0.13380239050962 -0.45819344235238 -0.421156306765237
0.0836107123837344 0.023521378874562 -0.168705280378534 -0.200946659442265
0.0740271622481812 0.0573792248660439 0.0999467710997859 0.199285063619535
0.0538891702023207 -0.100445252853952 0.401044788341108 0.433225004440087
-0.0968913849699723 -0.113077459155163 0.538600709847197 0.426154121294262
-0.107004603882789 0.00273945341360364 0.58369722419981 0.480377912422502
-0.0246117665450645 -0.0165430631420174 0.588944545260904 0.441043568812817
-0.0356561928420703 -0.0684329801924554 0.509771114891663 0.247699971930205
-0.0538007527659765 -0.0873745471043841 0.288308717854326 0.0881054329173809
-0.0588025760128425 -0.112443375459409 0.0166407915340965 -0.0620608756767233
-0.0599423737099147 -0.10355630186309 -0.22481849072202 -0.143603444373052
-0.0449311679619601 -0.0606064721744685 -0.463910537513437 -0.284847987431659
-0.0559854012389331 -0.00183524859237303 -0.615591640572143 -0.336379388913658
-0.128960456663347 -0.000434673071909406 -0.681380911922778 -0.353166172298829
-0.139123206262528 -0.129454766001543 -0.61411908765925 -0.36574517867525
0.0190489779387935 -0.125287737305981 -0.492739199719995 -0.362082789785127
0.0807466038992992 0.0124042364556744 -0.180366189316852 -0.189946231942764
0.0635469585135414 0.0598964037114016 0.0854737558054054 0.197704263875675
0.0646902175308405 -0.0708776414103234 0.366421954069748 0.475935905988756
-0.0603474128628717 -0.0983856350961133 0.464396125655893 0.502736597884607
-0.0814881828281286 -0.0130587215864548 0.477871615835859 0.59670517587819
-0.0154912664785321 -0.0238856482708518 0.522062038026581 0.547177547488352
-0.0294549772262531 -0.0611828731660489 0.478477434986572 0.288552231953735
-0.0453484429187709 -0.067839941048308 0.268019561142263 0.0657933568136834
-0.051292053090088 -0.08729460469504 -0.00797523306173557 -0.105636934668563
-0.0552856031195915 -0.0764292297833902 -0.258981959892124 -0.165382543027717
-0.0458065464777593 -0.043372529633961 -0.505495742343873 -0.249909772176237
-0.048129989426113 0.00277825322196929 -0.653603392008612 -0.238524604139331
-0.0992511099716973 0.00942003396444629 -0.728379567210546 -0.216608393525817
-0.121602897178646 -0.0845381307549392 -0.66692645211808 -0.254314029495952
-0.000444167217550339 -0.0967468537278456 -0.522929833360118 -0.300354827940722
0.0676566924026222 0.000792237948959199 -0.191009268999843 -0.178052020444193
0.0502704292748409 0.0495496280605344 0.0735235485840752 0.193835738905061
0.0573514465234157 -0.0373464574347343 0.332553852825842 0.510700043124326
-0.027674254187831 -0.0557092414170772 0.396644470053126 0.561297753446501
-0.0387093309929384 -0.0140807877931433 0.385677085725527 0.681187018404263
-0.000878174360436604 -0.027141487724981 0.456836031036701 0.624123866257778
-0.0215675795133118 -0.0438991127342664 0.44981794459906 0.318117558959044
-0.0324340313934402 -0.0343346286346669 0.252164736884836 0.0516888987648807
-0.0354693800902124 -0.048248183597142 -0.0299521661710247 -0.137161769905163
-0.0384105263352843 -0.0370822205337517 -0.287502021878889 -0.176422482316094
-0.0355996593930863 -0.018796353029366 -0.535280543395142 -0.215027740328214
-0.0363249612138733 0.00391016949132284 -0.671995754162989 -0.160567167981202
-0.0632393040317704 0.0023956388577764 -0.745974636449168 -0.110474740395942
-0.0796675651826735 -0.0471129568787348 -0.690917537570016 -0.164778600209139
-0.00694934631229355 -0.0549230280049221 -0.543445081536201 -0.250138514479157
0.046605830819163 -0.0070592468942469 -0.198155570215401 -0.167176869342556
0.0363928660627628 0.0286565073242395 0.0644108845020722 0.190716050892443
0.0340124135554676 -0.00632524142041657 0.308329712712202 0.528138121044943
-0.00385607139273465 0.00363229746839615 0.354902537783292 0.594593073930082
0.0101817302530017 0.000146714833334213 0.325101370714215 0.725693514880357
0.0153834570338318 -0.0254517031204692 0.414654085451253 0.666555810972518
-0.0159217837406662 -0.0199122838702334 0.428412595567775 0.337814749087504
-0.0175457088869476 0.00800007529322911 0.239663665057351 0.0469303329291295
-0.0140029860367986 -0.00299438274803114 -0.0422342067307811 -0.15156967507241
-0.0146350750840603 0.00494407430658783 -0.303822670139295 -0.179689205955073
-0.0194996893953352 0.00583593535362212 -0.552030760846649 -0.19045026443381
-0.0233761225567627 0.00049638711889816 -0.677542999332663 -0.112592637050055
-0.0275732634466242 -0.0181741929593152 -0.747588819682835 -0.0504133643762509
-0.0246228942212133 -0.0203662409917131 -0.700579450960741 -0.112660538941746
-0.00341408720426678 -0.00981358265715516 -0.5562196902607 -0.220660961564745
0.0222785808256509 -0.011823938913797 -0.199819348692839 -0.161475893727267
0.022100141707338 0.00436493373399708 0.0572217989631244 0.190999832208564
0.0053858939444144 0.0228335223879625 0.30187850889287 0.53285062095408
0.0163972296522506 0.0650387757465201 0.3477412473928 0.607649569057711
0.0570930902189391 0.0167036919086538 0.322967452581582 0.736147297605786
0.0283214773506554 -0.0204521280368481 0.410231482674143 0.671824259477507
-0.0110273863407298 0.00813496014110913 0.421183586251474 0.343442916397371
-0.000253777464559006 0.0523528986054944 0.234832429687678 0.0555914748517685
0.0104488710781471 0.0444036544208527 -0.0436932588269385 -0.147279064490354
0.0129308921470165 0.0452290710340837 -0.308842086679292 -0.174244710620678
-0.000585738410925603 0.0281020924795342 -0.557603806358458 -0.18178113699485
-0.010722152042382 -0.00530663374531547 -0.679295634059011 -0.103540148634457
0.00736028836152115 -0.044388602652334 -0.7464743568718 -0.0408086271312068
0.0329405747822722 0.00141654984555248 -0.703279544452695 -0.104344531768343
0.00428385342528922 0.0326963847402074 -0.563334576077806 -0.217910688360731
-0.00170886257616679 -0.0166725491752471 -0.196770932277996 -0.163760197152085
0.00661702726295624 -0.0150626794365227 0.0568059684213268 0.194440420094063
-0.0153603024167768 0.0511852487791663 0.312439259575705 0.515413058564279
0.041950386155647 0.112519001707956 0.38192867002939 0.59793940455701
0.0966972773179528 0.0212782396119308 0.375635916016608 0.70814700299671
0.0354605433244273 -0.0178446229465647 0.448203991490301 0.638942756535244
-0.00421947327879015 0.0351294173281601 0.427894070791579 0.335267330506158
0.0182405484773602 0.0916141896273175 0.236534375993619 0.0761212024597826
0.034545161739901 0.0853124692443616 -0.0349053367748376 -0.125123040264694
0.0377787901442649 0.0808417654363549 -0.298401245111858 -0.16264770348302
0.0167355180057605 0.0474599113357533 -0.551829028941473 -0.188820014383438
0.000869552912943803 -0.0137051329857178 -0.677085287990696 -0.13376924398753
0.0426537512316357 -0.0667806122233683 -0.740660122997116 -0.0871710260502846
0.0844272640974066 0.0248054754143375 -0.698804017146106 -0.139026778427306
0.00478467540086045 0.0689393972000677 -0.564453750626495 -0.242310220338411
-0.0238462907955185 -0.0260653832065152 -0.191135692660956 -0.168658548632193
-0.00856091322004967 -0.0247399406542641 0.0634227539005201 0.199534703235846
-0.0207867641631985 0.0759765299643366 0.337597233818385 0.487784823873979
0.0753244251626465 0.132883173813916 0.448786142151099 0.561276090841825
0.119574587311165 0.00748307905584459 0.470969772146442 0.637732061675088
0.0374277298140671 -0.0187374370522653 0.503221543936978 0.571822226224913
0.00740382084786259 0.0556616807212731 0.448511495134906 0.318727655156774
0.0384618153125706 0.118113572142338 0.24772114935982 0.104358785762781
0.0534565414968178 0.114668817365506 -0.0182356855472003 -0.088142793661401
0.0549546039629895 0.106151611700262 -0.277287311827662 -0.143137838166895
0.0275601589285369 0.0603256287366172 -0.533002543862659 -0.212649100975752
0.0124965027952317 -0.0190015572890522 -0.665575035200747 -0.200610822002041
0.0770411296950872 -0.0773068399775659 -0.72380120529257 -0.184732811623169
0.117694507814072 0.0549795097473519 -0.683490039803668 -0.213226434200169
-0.00565028658184467 0.0936282477490207 -0.554970558465719 -0.28893428684266
-0.0393718417100018 -0.0409769909681619 -0.181091250787174 -0.176060394055151
0.0797817353408723 0.0453480056584277 0.117005617449909 0.194967964575895
0.0309329439883455 -0.115380309636203 0.433875349324091 0.380839443340034
-0.121540962859721 -0.0995611960614531 0.609286852489862 0.330684757815454
-0.10880655052301 0.0241075461983315 0.670167454837837 0.332350198693207
-0.0257099992332125 -0.00956662119248019 0.640908079041542 0.312629135873948
-0.0394487897410896 -0.0655027895225625 0.535636313209471 0.199664129192538
-0.0555241348083042 -0.0890945837660236 0.311206723794527 0.105637154729852
-0.0574476493851638 -0.118832566156455 0.0428229025802864 -0.0137883827745715
-0.0539747805750817 -0.113875031972607 -0.1924375167534 -0.107539282607229
-0.03655500021165 -0.0666389981288189 -0.424774571486237 -0.302918225851411
-0.0603448104895634 -0.00737335755475411 -0.56515327202915 -0.424758104938789
-0.14421956369399 -0.0223995965616182 -0.604375720931832 -0.483482948865103
-0.129961799264342 -0.164059096227884 -0.543765741440725 -0.459967463197574
0.0413078660290171 -0.134573106737698 -0.461262620324585 -0.412831373733056
0.083052626358308 0.0211086816164941 -0.1700556511666 -0.197764662991815
0.0746651038313625 0.0570178860833792 0.101924912258089 0.196710156528085
0.0530881119500552 -0.101119924908705 0.404349508098397 0.426596757246989
-0.0980958465811668 -0.110717252027817 0.543244980498307 0.418275749203223
-0.106300515069714 0.00453034712170837 0.589270321569334 0.470392196082422
-0.0237691167708308 -0.0159216692384831 0.591860631149856 0.431426926651726
-0.036913121775718 -0.067467357843897 0.510661171288224 0.240193094810653
-0.0543500808109142 -0.0861681023627052 0.288007569688336 0.0829169631801816
-0.0598739641547045 -0.111256427927317 0.0169353565325405 -0.0619158632379206
-0.061797616633478 -0.102754979651207 -0.224754011405772 -0.138796386315765
-0.0452788597668351 -0.0601827989693732 -0.465513847997345 -0.278131237728425
-0.0561424707921458 -0.000923491758535091 -0.617791239371759 -0.32440977598782
-0.128660067877382 0.00140701739882722 -0.681466172057881 -0.34240676086266
-0.141113756382336 -0.127209717987506 -0.617310666042073 -0.355953636316732
0.018296413130796 -0.12625256822953 -0.495815490408604 -0.353492959657451
0.080903527090939 0.0103669154403643 -0.182350292394001 -0.186936402052393
0.0645405306948834 0.0591012503777514 0.087985746486578 0.195080366291078
0.0644823567035077 -0.0721636852775405 0.369948778727038 0.470156400112267
-0.0608803196870884 -0.0962065842281463 0.468946965494158 0.49598798505178
-0.080900465735041 -0.012002602069978 0.484754249987435 0.588456964931164
-0.0154736339571219 -0.0232446748375663 0.528164331741781 0.538290483542688
-0.0299632160250632 -0.0604931003835899 0.47831272022099 0.280442751283637
-0.0458542056704693 -0.0672508565923136 0.267804832205368 0.062144708005736
-0.0523911655711804 -0.0870514759867554 -0.00991890509005939 -0.105103845833208
-0.056190760181023 -0.0746700862647182 -0.25825359183947 -0.161272454092965
-0.0451889329679507 -0.0423441436580067 -0.505900206241123 -0.241057750448621
-0.047868862830248 0.00351257505710446 -0.652951948087888 -0.227784855219877
-0.099089106882618 0.0109182821073987 -0.728243823380228 -0.20476373282261
-0.122402096509336 -0.0820696618214354 -0.667042531937173 -0.246857794383251
-0.00142384034594033 -0.0962098663367738 -0.523931300264455 -0.292103569376516
0.0669862564789407 -0.00062211321194855 -0.192598825039524 -0.175142777848927
0.0507030679690489 0.0484959256795024 0.0762923596683883 0.191633603776093
0.0567496332748917 -0.0376448189506234 0.337078111629636 0.502739777170679
-0.0277960181534141 -0.0548570792202267 0.403931230652675 0.552826414964706
-0.0386565068247319 -0.0135901069481549 0.392071431775422 0.672884788500424
-0.00108069468906377 -0.02718003235924 0.463751235414922 0.61704167102329
-0.022279007050729 -0.0438332161779689 0.452016415436741 0.310219320459994
-0.0321144893420203 -0.0340465211549039 0.250925875793868 0.0470248472512689
-0.0364506213543486 -0.0485869112082335 -0.0311223792142585 -0.136989761637306
-0.0394239129982635 -0.0372987104326364 -0.286809635578917 -0.172442247214756
-0.0356196825722898 -0.0186247157637162 -0.535509788740323 -0.207003621983015
-0.036237372994072 0.00499555361684918 -0.671461631225529 -0.148548630617991
-0.064071210766414 0.00314167661330366 -0.745191226898646 -0.0993261448910841
-0.0799444858161015 -0.0453629330037529 -0.690824840621038 -0.156587675450152
-0.00752403536528383 -0.0547859763587668 -0.544929924128142 -0.241373039355465
0.0461666302942764 -0.00897881003893026 -0.199563548584482 -0.164224464628424
0.0375531310800244 0.0274587996536433 0.0656335476036811 0.187923390198582
0.0343117798497708 -0.00683972758510897 0.313958078345659 0.522405202274101
-0.0034127922721858 0.00419492130943644 0.360469444492122 0.58925892799595
0.0100319059105322 0.000270206030976695 0.333288607862652 0.717506104509147
0.0149581657208628 -0.0258202796812362 0.423000567982424 0.66034391738863
-0.0168205752592779 -0.0197534445326554 0.430179919412265 0.331061631738329
-0.0171371469383835 0.00860513705081778 0.239224785911638 0.0435039456595914
-0.0146697769999068 -0.00265553655950998 -0.043344069577824 -0.150711007924553
-0.0143555960137529 0.00458998680936613 -0.303673296636269 -0.174422208739036
-0.0186540670474759 0.00622425756867289 -0.553541055917325 -0.181628429335821
-0.0233430592121809 0.000480099252176746 -0.677024083807568 -0.102168520709342
-0.0281530623572333 -0.0187193282925199 -0.744482035629354 -0.0386537371874709
-0.0243243269087919 -0.019899067863402 -0.699747015839522 -0.103576568653875
-0.00272753711369677 -0.0100007111013191 -0.55608304685388 -0.212068207896054
0.0215154612923926 -0.013270477081886 -0.200840434083893 -0.158075635060514
0.0226086199737041 0.00387493496654198 0.0586861147963234 0.188683200000835
0.00651923603230819 0.0217214843101202 0.304499905342803 0.525699750183692
0.0169269714342795 0.0646236321866187 0.353684534172931 0.60296613029294
0.0574782033394542 0.015691968895804 0.330549854718259 0.73014203007258
0.0280350868719313 -0.021874869174275 0.41850405626323 0.662278470546363
-0.0112238573856479 0.0085462096256228 0.423127966610208 0.336080468769886
0.000423095877442247 0.0528517615171521 0.23361536960403 0.0520481654182747
0.0112396541209691 0.0437878711249271 -0.0449072335992307 -0.14638690149581
0.0137376327912114 0.0452214966576324 -0.308135972735906 -0.169127389061565
0.000583861873439484 0.0285135548844742 -0.555881874636439 -0.174434686799357
-0.0105243598721633 -0.00590101790570052 -0.677757256467987 -0.0938251517677772
0.00589232186972841 -0.0447441503582042 -0.742406602932132 -0.0311884414572663
0.033756275860889 0.000894680887869745 -0.701727374293378 -0.0944739444314146
0.00410357031841231 0.0322211949125598 -0.562515338789287 -0.20969576646389
-0.00317488860828202 -0.0176888432523239 -0.198534860214949 -0.16001151323924
0.0071176778368342 -0.0159298568886198 0.0584442670112981 0.192650343380393
-0.0147689640741966 0.0513718017695889 0.317237489398124 0.50851644039847
0.0433838479193784 0.112236802501688 0.387721054735756 0.590483694117311
0.0969492880180723 0.0199302624658482 0.384198808612008 0.700115520490995
0.0350561887548817 -0.0187814915108472 0.452870717076595 0.630660296757138
-0.00372967649945583 0.035021829015085 0.432027151352631 0.327668402729333
0.0200964685880572 0.0918754003828262 0.235832354710235 0.0721501034867321
0.0353526956126931 0.0849710096845704 -0.0368218577799281 -0.12399930148657
0.0391707486069686 0.0799418716094114 -0.29844801548846 -0.157195225581944
0.0177237569199437 0.0464823297451955 -0.551714107716317 -0.180489230858797
0.00121543873979429 -0.0132195275887417 -0.674470530581242 -0.123740935115945
0.0414961784585051 -0.0677670501822014 -0.738380749740453 -0.0767363684696749
0.0846360084027201 0.0241740403003404 -0.698901510988158 -0.128554857967234
0.00594096251535002 0.0680754950776763 -0.564753026274859 -0.231408355421932
-0.0253646162678601 -0.0266852520169458 -0.192574654444647 -0.166304724647714
-0.00946327951360862 -0.0251516317855345 0.06533499922641 0.197884726044509
-0.0194609118488819 0.0761463286850023 0.342497050846242 0.479976682395632
0.0763865488944951 0.131648795892258 0.455232507940588 0.552663394989731
0.119627626412137 0.00623746815756244 0.477631636389492 0.6289720449783
0.0374766933265325 -0.0189212919340343 0.510328035053472 0.561321355358032
0.00773937394295325 0.0551191887024016 0.450893150120254 0.31101235957614
0.0403053364621515 0.117650731740031 0.248014867793414 0.100099770493947
0.0555055852710986 0.114148372049197 -0.0192125854190253 -0.0873133645372782
0.0556411592642298 0.105062201504841 -0.278065430442056 -0.138529655773027
0.0278431979695315 0.0593347065058882 -0.533049820285352 -0.204911952502741
0.0113176874690266 -0.0188709009937361 -0.664393639865112 -0.18878310245281
0.0748451694943751 -0.0774460874070178 -0.722238030114249 -0.172600469766559
0.118351970077348 0.0540335392915026 -0.683190923415752 -0.202446524036186
-0.00475021487705275 0.0926732357250065 -0.555243187387558 -0.281175002072666
-0.0399593978534303 -0.041520192374746 -0.182922099165424 -0.173910469155087
0.0801556978117773 0.0435878194065704 0.119472144254128 0.192554115469453
0.030463623583613 -0.115018315200068 0.435559336825841 0.373517328872798
-0.122234050615889 -0.0969308482372353 0.609350665314481 0.320259622999268
-0.107034580878175 0.0257249004975291 0.670017285518028 0.321845194264235
-0.024736512353602 -0.00931685020131644 0.639846821638493 0.303595457916182
-0.0401406616548735 -0.065047682982288 0.535349223626737 0.191225056665751
-0.0550845990872321 -0.0889383255538095 0.310938590956363 0.101972616196081
-0.0588408357808576 -0.118016106681747 0.0431181239943157 -0.0143751160632132
-0.0550119326798283 -0.113059070774749 -0.191624694650705 -0.10419676364023
-0.0371034896505593 -0.0654713455507587 -0.425278840398011 -0.296221082955171
-0.0595671647220666 -0.00649538756785 -0.56722185553011 -0.414142381430143
-0.143840489968273 -0.0204789990519664 -0.606071785189509 -0.472209216957355
-0.131600007431047 -0.161137080083226 -0.54617285777873 -0.452455146268143
0.0395697263847054 -0.134388018493965 -0.463098283823323 -0.404363749296236
0.0826945177872115 0.0201701787866689 -0.171185510964354 -0.194626330883114
0.07550787835315 0.0548121624843641 0.103942033501676 0.193842238939091
0.0532502291060583 -0.101220946190865 0.40771646589377 0.418812096642288
-0.0981923321293261 -0.109100100455638 0.545403473116441 0.408453003354676
-0.105282008332314 0.00589125973077306 0.591532208573864 0.460953444033302
-0.0238383342221537 -0.0152696724308725 0.594473982380362 0.419968890043214
-0.0368900188021246 -0.0660378789014256 0.510085141712714 0.231640784401944
-0.0542781329396946 -0.0854617954319153 0.28805085414987 0.0784384742113337
-0.061071641107464 -0.110422741458656 0.0155041547355311 -0.0614754921825456
-0.0621620941814684 -0.102099999051867 -0.224338488278027 -0.134456515991492
-0.0454645622911073 -0.0588975789456994 -0.467286909879601 -0.267642206027527
-0.0557697694408478 -0.000573626732019973 -0.618530991302857 -0.313775966433153
-0.128639155800418 0.00315931987089191 -0.683596768362237 -0.330303590313318
-0.14234797778661 -0.124449953278443 -0.619427019197201 -0.347308101984122
0.0156658448160449 -0.126234232217201 -0.496897686326083 -0.345616299065173
0.0802261260648594 0.00851873861010603 -0.183092520752913 -0.183696401633185
0.0649783031487781 0.0574242606179854 0.0906094408581472 0.193079635559185
0.0643139435852856 -0.0723202374741456 0.373636589674542 0.46411945324632
-0.0621397913427197 -0.0950177203993403 0.472988602729939 0.487419054913204
-0.0808327559798961 -0.0104960784038991 0.491253073887624 0.579939210050212
-0.0153675620719905 -0.023690205868318 0.532135141834523 0.528566108658483
-0.0304957650577696 -0.0590358892713852 0.480798203621439 0.272402999727826
-0.0458302135574746 -0.0661679542800086 0.267246562937255 0.0569667333150185
-0.0540410235256074 -0.0858734424538909 -0.0109855842016405 -0.105188494497819
-0.0564025141809571 -0.0738040162503713 -0.2575891455845 -0.156013134562666
-0.0458343273469242 -0.0417541199264895 -0.506831723604943 -0.231664448224812
-0.0472750996435021 0.00414189068023453 -0.652125752683044 -0.216155703386807
-0.0977278094205521 0.0120899715399123 -0.726376482515473 -0.194529031278323
-0.123184345719471 -0.0803908509598092 -0.665788392546959 -0.235956114565106
-0.0028898329945966 -0.0964979335574091 -0.524527220892214 -0.282829487103201
0.0662095306998975 -0.00271891171393403 -0.1938559844964 -0.171481086915727
0.0512053499147208 0.0471408675095185 0.0778262454180479 0.188496793689174
0.0573882386029341 -0.0386690435640247 0.340427149438577 0.495823667187551
-0.0282863421591278 -0.0538934446229353 0.406440739603111 0.546531618478241
-0.0387461362631329 -0.0124192248811625 0.398032392659893 0.664807030391965
-0.00108159247230063 -0.0275346597489756 0.469007908872251 0.607904250532895
-0.0237659950917109 -0.0429313955213079 0.453744266635541 0.303576025198429
-0.0324542393419912 -0.0329274600155946 0.250136553476563 0.0438794598330045
-0.0367618398513576 -0.0482151644272018 -0.0321972748480024 -0.135572714022268
-0.0394757076857764 -0.0360248305738921 -0.28602546509434 -0.166968839244151
-0.0355551366611732 -0.0179702951656666 -0.535621670310231 -0.199465223227377
-0.0362412897128541 0.00469452073369319 -0.668784832805384 -0.137121900891017
-0.0633529188345343 0.00372349590921989 -0.740416708232028 -0.0882984876123475
-0.0803074846877311 -0.0441300560655052 -0.689656280451757 -0.145997815889428
-0.00795374725599906 -0.0554572069395838 -0.545814294088716 -0.23391205147713
0.0453078620352039 -0.010253628434365 -0.200010257129377 -0.160061583349222
0.037188661994413 0.0265455582603711 0.0678329176273961 0.185699383590926
0.0348150336091952 -0.00714104241885364 0.318360709214118 0.514649122086756
-0.00310404128034371 0.00476291720720365 0.364690629481996 0.581933452695802
0.00991160525469607 -3.56285637635322E-05 0.341767639136856 0.710478184095886
0.0145614197574415 -0.0261347321007775 0.429709167411446 0.648671858434299
-0.0171461107446666 -0.0195069960381484 0.431685705936205 0.322732297091749
-0.0161967360850238 0.00851622314239443 0.237944277851205 0.0393204539539511
-0.014639541582589 -0.00310381316360081 -0.0452315807140787 -0.149729461481761
-0.0135312556110017 0.0053180961433682 -0.303481104958342 -0.169884144334154
-0.0190235862933238 0.00672068024837346 -0.551921326243956 -0.173687878464292
-0.0235051518009526 0.0018378062323794 -0.672989083302049 -0.0911827528899692
-0.0287235272519264 -0.0180252646019887 -0.738938086610367 -0.028818060573063
-0.0242998282326856 -0.0187428369423197 -0.697432491687268 -0.0946090042701271
-0.00333535180287788 -0.0104933101310189 -0.556850647178064 -0.205186985250511
0.0206423694067915 -0.014286510927008 -0.201694602905757 -0.154841100386889
0.0225625353576253 0.00313681488028116 0.060672622438775 0.186549661135306
0.00723374929230487 0.0217746535572001 0.3102413476223 0.516881685022784
0.0171284420851422 0.0645127808171972 0.359241700145142 0.59597896367635
0.0577421595805125 0.014901943947387 0.33684489401123 0.723377942838611
0.0277982515682972 -0.0222604877869653 0.424766108136201 0.655951930449157
-0.0120051054643082 0.0085505578232309 0.425005589976654 0.327908451641204
0.00173733363255427 0.0525055569515236 0.232578577324659 0.047715497583399
0.0105924505763434 0.0433569406300469 -0.0462190381470015 -0.144977182774971
0.014520950298056 0.0450030175167557 -0.307484183021453 -0.164700392726088
0.000608706709494931 0.0286152693724094 -0.556122567647156 -0.165741858365514
-0.0113264461588658 -0.00557241395598913 -0.674417462209203 -0.0835972054115134
0.00522043506014512 -0.0444773074509895 -0.73837411420538 -0.0202948477912071
0.0337094676008859 0.000774667915945416 -0.699920412674631 -0.0858650554845015
0.00505123704582252 0.0311566773960698 -0.563510573395242 -0.201645139095588
-0.00398080432546108 -0.0180707543777615 -0.199080001588361 -0.156399179360235
0.00650027195739698 -0.016512366284277 0.0599342708316172 0.19034762517239
-0.014094554928561 0.0506670088845636 0.320367648494393 0.502837986916879
0.0454200403203391 0.111305319056379 0.394760295059548 0.583895247001806
0.0967305937608433 0.0181251270751686 0.391963662690499 0.695929002246734
0.0344899928437384 -0.0195484319612598 0.459306275732617 0.622747080779646
-0.00407585072774829 0.035458175732627 0.432684949125163 0.319871084284157
0.0219372692161764 0.0908155567410653 0.23578269697984 0.0679270418878166
0.0358721886647226 0.0838078798610765 -0.0381424891703718 -0.123404223893672
0.0402243782323632 0.0782956970701532 -0.297813268943578 -0.152602588572332
0.0180421816662475 0.0463432155761733 -0.549507654653502 -0.1717019407439
0.000639013931552719 -0.0139011342556084 -0.671185979478755 -0.113129839332881
0.0394349530452965 -0.0679934751315017 -0.735348790082297 -0.0664149876243048
0.0848892494144236 0.022751671145289 -0.696823509187239 -0.120363883183784
0.00657611868562264 0.0675350629996204 -0.565928827907424 -0.225734853047676
-0.026110348244333 -0.0268679716598799 -0.192412210767766 -0.162444386849563
-0.00909576609941161 -0.0252510121864535 0.0674357839324365 0.19458149959584
-0.0181572383734204 0.0752095090669896 0.345933554688713 0.472815622065465
0.0781794523288125 0.130460913944069 0.460198772402422 0.544356861707633
0.119189612719911 0.00409618312342838 0.482989513987772 0.620941020518526
0.0367742521064972 -0.0194367422205975 0.51484262811688 0.552889123034175
0.00776440247015804 0.0547452214108346 0.453521446119045 0.302574756030114
0.0420187933191133 0.116530449916799 0.247079275647456 0.095798488526888
0.0560085718290858 0.11312967367285 -0.0203339275871714 -0.0865463521191603
0.0577346582051871 0.104096890760099 -0.27747331401851 -0.134860352576395
0.0285089745441703 0.0584819240365836 -0.532814567520137 -0.195008049355146
0.0103765799345172 -0.0195374090435865 -0.662884528285643 -0.178286856986054
0.0735157147268608 -0.0786140753180926 -0.718472250919984 -0.161030390090481
0.118518388204887 0.0528340184328849 -0.682783478357225 -0.194481839509641
-0.00376758120169894 0.0925822984608475 -0.557957827788544 -0.272691869454342
-0.0417615218361413 -0.0418759181716196 -0.183497826760409 -0.170663128362687
0.0808198830065827 0.0423295317621692 0.121065385470534 0.189106487300733
0.0295215889730193 -0.115223413445068 0.4373199793801 0.364645584046195
-0.122653178531343 -0.0941538100869718 0.609270752493862 0.311416509517287
-0.106401675293681 0.027465012721967 0.667872805330754 0.312376566660783
-0.0253096149943823 -0.00878446081632422 0.638820432877665 0.293680253036819
-0.0404282589665588 -0.0638959202512729 0.532152882172715 0.182244801382764
-0.0561784407728635 -0.0865501551108996 0.308750276252706 0.0955321771018047
-0.0598099914704759 -0.116493105354088 0.042873416789502 -0.0147157044723095
-0.0565378974531163 -0.110946839658197 -0.190211851403776 -0.101316368886648
-0.0376273774347051 -0.0644469017911965 -0.425516090402178 -0.28764553700857
-0.0589545735268141 -0.00507222169713105 -0.566023787581413 -0.403406542422236
-0.143324810751665 -0.0186710274840601 -0.606181807303315 -0.460835790373742
-0.132888150813656 -0.158710751524328 -0.548732620338954 -0.442659037438181
0.0387647820954785 -0.134770600776099 -0.464380513816681 -0.395366302871832
0.0822697234433727 0.0176313270644518 -0.1722123666748 -0.189921305295504
0.0760896449976919 0.0536841851369304 0.105316109878866 0.191139805318184
0.0525308548122445 -0.101545260248966 0.410214240316654 0.409939115449807
-0.0988873018435158 -0.105997673536441 0.545787277832518 0.400635128239562
-0.104374320842258 0.00705527945928261 0.590496261752126 0.450193616177523
-0.0239068726700137 -0.0155669624183633 0.595743874308999 0.411749425327435
-0.0384797648017941 -0.0653050653437214 0.507149529967164 0.22377053549187
-0.0548889948901427 -0.0839722929643064 0.285599889885217 0.0737387097101314
-0.0617865296814214 -0.109658582203751 0.0154925178387178 -0.0619136769593271
-0.0625378351308134 -0.100469097673742 -0.222394783389883 -0.13144941674296
-0.0457846998771097 -0.0581049978062986 -0.465621128157578 -0.259127944047617
-0.0550980012502062 0.00106725287098301 -0.615971428868267 -0.303930403385756
-0.127611196342063 0.0042628885336906 -0.679387466738835 -0.320398127796213
-0.142358151289924 -0.120795398763711 -0.618923677081133 -0.337104351705585
0.0148532250630321 -0.126244046513294 -0.496962009331903 -0.337805245830156
0.0793918001202615 0.00598440877977526 -0.183715404757695 -0.179450238030541
0.065896715062741 0.0561946175548041 0.091897055348895 0.189037448637047
0.0637264848572022 -0.0728295466584944 0.37628311752818 0.454608634194194
-0.0632653076389608 -0.0926249624847292 0.474923456839035 0.477166775517219
-0.0804462206675465 -0.00928233507303499 0.492630564941088 0.570375380254534
-0.0157791870459403 -0.023186504816313 0.534110249193191 0.518234415405371
-0.031278914061713 -0.0582297351791416 0.478315470580351 0.263682899460785
-0.0456863590543123 -0.0648210908487961 0.264932715284048 0.0535726381407619
-0.0542293299322397 -0.0846919058742421 -0.0117958908476087 -0.104095654830098
-0.0570140454179757 -0.0727405811628561 -0.257281090362478 -0.152389692982093
-0.0458523858842075 -0.0407781273318342 -0.504322060532368 -0.223906036026499
-0.0463547433225457 0.00431780404665761 -0.648199053241429 -0.207184168705639
-0.0973698662600678 0.0139284137477866 -0.722312171366838 -0.185378198636517
-0.123271284085688 -0.0783060345106636 -0.664148289917255 -0.227188159108536
-0.00395785510871506 -0.0961075686730401 -0.523922904674594 -0.274238087638508
0.065119386860719 -0.00481212678975966 -0.19459055530258 -0.167171814279606
0.0512624121739816 0.0464938273893236 0.078943918022329 0.185525496146094
0.0570253612457776 -0.0392007000025071 0.342929493532371 0.487978777109784
-0.0287117965061253 -0.0522745956763105 0.410819041309056 0.537378999207356
-0.0383691644450905 -0.0116737169371325 0.402675092394209 0.657162910324586
-0.00231830607120991 -0.0274007383869301 0.473308485856075 0.597390178249938
-0.0242572959584158 -0.0425769588424807 0.452798769048898 0.296659164183995
-0.03217118921698 -0.0324086029627657 0.247989589821741 0.0398878753352801
-0.037581924259891 -0.0475995937771338 -0.0332462003312451 -0.135167859985825
-0.0393064974359193 -0.0353420954259609 -0.285046984361953 -0.162744919747489
-0.0361983791402196 -0.0171349474804664 -0.533123840704471 -0.190630595349827
-0.0353838048242628 0.00516162932843697 -0.664590851073839 -0.128281413159418
-0.0632926847622102 0.00468550506488031 -0.733757586782738 -0.0766045434853544
-0.0799259019862385 -0.0422740049252276 -0.686176607510768 -0.137847932565948
-0.00893439370661052 -0.0545420671515685 -0.542779875397305 -0.224559296918535
0.0436785229271542 -0.0117778136380101 -0.200139947778218 -0.156867821089256
0.037129591205444 0.0255908796459873 0.0697835015322517 0.183152396944889
0.0350588831254178 -0.00812102383446868 0.320610076479304 0.505833636678524
-0.00284535698651647 0.00502151107880353 0.371052149488187 0.573984156999774
0.00981295351413331 -0.000343222544782012 0.34894476362083 0.699602408055677
0.0141483019221914 -0.0264629593364508 0.435236067906419 0.639619863865225
-0.0181009842204411 -0.0190931832510456 0.431564305317266 0.313739294923044
-0.0157139322762492 0.00893486155712677 0.236621355608512 0.0357646906336316
-0.0143689399639747 -0.00308101776368817 -0.0466451752666021 -0.148153111361544
-0.0133595766539124 0.00523242055701593 -0.302731340082362 -0.164225467649
-0.0182288099850113 0.0069110745935608 -0.548694665180593 -0.164294172985379
-0.0235365000180994 0.000983178902863455 -0.667093720968506 -0.0814585671762392
-0.0286481268921049 -0.0169722573810359 -0.734629340451503 -0.0184586641239926
-0.0238958310611715 -0.0183289487375162 -0.691972972548724 -0.0868029194711464
-0.00300817172694751 -0.0108288815976307 -0.553620356070193 -0.195919759328916
0.0190420333279816 -0.0148443264549562 -0.202135468154257 -0.15111837376333
0.0229490851518406 0.0024643381218001 0.0622632099046943 0.183103478404943
0.00786199801621732 0.0209058084083538 0.312448168614368 0.509702257541978
0.0183846576330038 0.064879032281831 0.364988080406237 0.587852305656227
0.057409275307576 0.0144642450367648 0.343566457307965 0.713503416996142
0.0265504008757558 -0.0222411075557204 0.430907968531579 0.644720901272336
-0.0123812810006561 0.00836450796169989 0.427018084658908 0.321341398168419
0.00263915238812927 0.0519951092290647 0.231085676149734 0.0434965050740132
0.0118284580545863 0.0424743449701244 -0.0483439504402795 -0.144239448809053
0.0150056308934491 0.043353615333371 -0.305486867680629 -0.159628550564822
0.00106673478519912 0.0277905880833733 -0.553186922399047 -0.157400575380457
-0.0112356263218973 -0.00600960665208218 -0.669335819568357 -0.0730267738341989
0.00456134591514275 -0.0440206383804109 -0.731188520545321 -0.0108935830372399
0.0338528478684149 0.000306398763545317 -0.694791316043497 -0.0782542922402768
0.00611584076891863 0.0312695256041868 -0.560908475479933 -0.192075833502217
-0.00591928272184901 -0.0179125286837746 -0.19916273097941 -0.152401933251597
0.00642561904495918 -0.0168567015857049 0.0615906197970309 0.186966633245884
-0.0130359383491154 0.0502965246900423 0.320744933543709 0.49510539052205
0.0464931906576614 0.110791361476793 0.3972894716465 0.575085208931265
0.0966571466947566 0.0171113998115971 0.396985255385916 0.684638116920046
0.0338345089410885 -0.0195589024646605 0.46428264808216 0.611103372196705
-0.0035404856919657 0.0355506773020433 0.433862490910043 0.311800667135825
0.0227973574745406 0.0902823291235706 0.234436038791828 0.0640097418451385
0.0366156004780523 0.0825024938230988 -0.0391911888444619 -0.121962764307834
0.0410980253642917 0.0771741986340615 -0.296123550291409 -0.148453704435116
0.0181473375755859 0.0457976917271005 -0.54808588839723 -0.163635250035989
0.000165699010493349 -0.0135402682866169 -0.667809220515264 -0.103893791543035
0.038170103957712 -0.0676885660888524 -0.728814500308386 -0.0569695082521488
0.0850827934880408 0.0218475479564371 -0.692682740208168 -0.110671846406747
0.00748391969519169 0.0669774772684438 -0.562377099359208 -0.216286500734199
-0.0281076501737582 -0.0268341960477239 -0.192739834176535 -0.158645932215186
-0.00945108032308717 -0.0254284530258008 0.0685479815264538 0.192267693855087
-0.016864212829108 0.0749211542388418 0.346238341743304 0.464569104716638
0.0794612693104846 0.129201794653007 0.461318564504357 0.536367359777042
0.118514400139465 0.00271582121894509 0.487308153012703 0.611169718030067
0.035719201889596 -0.019742462963513 0.51758477120207 0.541993147286577
0.00736472493626817 0.0542843857575209 0.452054750769358 0.294734962555659
0.043194344769549 0.114656316389893 0.24663957944676 0.0907345359486702
0.0571048892385252 0.110687021239949 -0.0202070505253023 -0.0863006239662311
0.0589007005513425 0.10234467116675 -0.276438320730814 -0.130016521942849
0.0286464846812602 0.0580541169801132 -0.529109647379235 -0.185784829827824
0.010562002519 -0.0191880858871919 -0.658784811977955 -0.170101159507166
0.0713171641904594 -0.0786837300483079 -0.714633764939374 -0.15217361795378
0.118568813792615 0.0510060803296313 -0.68051232758352 -0.184267858873528
-0.00259639396527724 0.091784153195562 -0.554438150156621 -0.263417763509886
-0.0433748698857789 -0.0416437400589202 -0.184790908347942 -0.167386508578534
0.08083325371274 0.040869691846443 0.121608089845504 0.185705885792472
0.0293674422519375 -0.11478245956136 0.436260045333837 0.355139708332297
-0.122996020978075 -0.09218940225078 0.606831598018308 0.303963805778694
-0.104379084803873 0.0287281205052228 0.664899795741525 0.300644818614225
-0.0246246588668634 -0.00871944848941781 0.636525482035709 0.283513240271021
-0.0415467738412557 -0.0624785726524858 0.52919258536251 0.17435223615724
-0.0558598422183972 -0.0857865384216787 0.306733992698661 0.0915366654091111
-0.0608456677841289 -0.115599383847011 0.0429286191682565 -0.0152072504513956
-0.0572139175607338 -0.109627822879326 -0.188108128453257 -0.0981281096569882
-0.0376092636655 -0.0632839134813259 -0.424431822492114 -0.280147734771328
-0.0586860166238942 -0.00413700897854315 -0.564439115662565 -0.392505144426926
-0.142902663420071 -0.0165768145937416 -0.603925763921542 -0.450564404678807
-0.132951810250628 -0.155005023683446 -0.547755894163869 -0.433503689572824
0.0367712406324796 -0.13485247114534 -0.463580064727775 -0.386010839801505
0.0813752236121933 0.0158649906242784 -0.172686130466593 -0.18687425699331
0.0765329400937002 0.0526852393413539 0.10761712611257 0.187213523405308
0.0518525461051909 -0.101497730358458 0.40967042319119 0.401622703261503
-0.0994618568685148 -0.103768104095021 0.54481239524636 0.392046018806383
-0.103175885734395 0.00884778314983791 0.590188716939783 0.441110021957379
-0.0234074188434919 -0.0151088650308144 0.594512424638446 0.4018616750069
-0.038829422401718 -0.0641803320615381 0.505832541394807 0.217105230422027
-0.0543621887197221 -0.0821181889652013 0.284139992406493 0.0703991082480042
-0.0623299954044438 -0.108687955212301 0.0147153365889819 -0.0618978235533563
-0.0629753715004232 -0.0986787460823813 -0.220726875459947 -0.126762025875463
-0.0456191651761454 -0.0566603976712517 -0.46393843968362 -0.25156494127994
-0.0551675775558887 0.00172702473083881 -0.614527237473807 -0.292722212253233
-0.12735940938977 0.00654830757312594 -0.677011735484503 -0.309869932425358
-0.142602793220417 -0.119338889218839 -0.615709775366205 -0.329378814110699
0.0136050527871384 -0.125076892841598 -0.495133754010958 -0.328410512252887
0.0787732982412762 0.00537409785861361 -0.184468030180768 -0.175898170751721
0.0657371469363725 0.0544252752471366 0.0937456115262523 0.186001792492406
0.0636295014445453 -0.0734548783308907 0.376284557165278 0.445743082692744
-0.0630248364684011 -0.0911553855529613 0.475655061947895 0.468737835788474
-0.0793563057126611 -0.00807677280397529 0.494953494926959 0.559987663471722
-0.0152658057250939 -0.0227108160725 0.536057981208675 0.508953244325073
-0.0322820067102348 -0.0568283463403573 0.477463758813998 0.25582976926642
-0.0461367116567552 -0.0637896900393237 0.263337137152838 0.0494653178016438
-0.0541095204027697 -0.0841495610742637 -0.0131518926505157 -0.103797955839921
-0.0573131223301217 -0.0716515511333481 -0.253916834728527 -0.14754376337989
-0.0454723647073043 -0.0394685331669947 -0.501937022872474 -0.21608916256198
-0.0467389068157248 0.00572353188459249 -0.644079143002556 -0.196752084866804
-0.0971531271691996 0.0142354542469034 -0.716601264996331 -0.173458656416844
-0.123186562361249 -0.0751081575947463 -0.660505834667056 -0.218256652989237
-0.00417403735434618 -0.0953778571804428 -0.523335617721739 -0.268107913045963
0.0643382547669917 -0.00585763397714894 -0.194755974251941 -0.163718168617356
0.0521538270494011 0.0447210652003868 0.0800389792424385 0.182625850144328
0.0567814356875733 -0.0395731303833556 0.345151409369068 0.480948265410205
-0.0285595998664199 -0.0514631054827986 0.413136709817227 0.528164694414908
-0.0381028811203947 -0.011212353308656 0.40614041006658 0.646542572806513
-0.00236174559849751 -0.0272735373152707 0.476580095742556 0.585913562558431
-0.02441780374961 -0.0417346961161701 0.451906077943071 0.287335740624943
-0.0321582589012113 -0.0319096916811098 0.245770808324596 0.0361828926886566
-0.0378250870688388 -0.0475330100424791 -0.0350025063448747 -0.133229430235247
-0.0393086199242665 -0.0350065196391145 -0.283810085555353 -0.158481014974132
-0.0351729970510948 -0.0164981623582371 -0.530517643469671 -0.18134552750836
-0.0358140159549483 0.0053506965223513 -0.658527543591319 -0.118813975235264
-0.0631580461045919 0.00591786002099123 -0.728735010332422 -0.0670726274393812
-0.0801733414847749 -0.0406138274558989 -0.681523518304911 -0.128566569738341
-0.00931100219838146 -0.0544576019205188 -0.540333806123551 -0.216501679986234
0.0423982173401352 -0.0128284141081579 -0.200581171664501 -0.153280682147067
0.0379153849445853 0.0251022620069326 0.0704156353869547 0.179312241447352
0.0352872754821926 -0.00869487405389524 0.322328969223927 0.498338108668515
-0.00246215087581948 0.00507573144857686 0.373194742421934 0.565185985785434
0.00991003303079729 -0.000450934103452725 0.351783448169973 0.690776539177149
0.0133632866092627 -0.0263817879621036 0.437851374052857 0.630591129687399
-0.0177946799086628 -0.0184917229886978 0.431309728248222 0.307766905052071
-0.0151461048657909 0.00891292894167153 0.234146721800698 0.0326905131660382
-0.0146144684271642 -0.00313464340078865 -0.0474109615132645 -0.147097287254494
-0.0129408465986838 0.00476277071459405 -0.300577556083999 -0.160430662892598
-0.0178797921187918 0.00678421154182499 -0.544710780252714 -0.156716374340287
-0.0232645295404392 0.00140796300701088 -0.660945584667658 -0.0730723300268182
-0.029771464977537 -0.0160493054711277 -0.727639501351637 -0.0104407204471338
-0.0244240848177736 -0.0172849234354571 -0.687497207777024 -0.0785344041906735
-0.00242625272916069 -0.0110419436415894 -0.550603735742478 -0.187347018120145
0.018671577599779 -0.0156384286398891 -0.201811669278599 -0.147746071410862
0.0226079425189076 0.00122293613442286 0.0631976502570118 0.18059006360728
0.00824223374887764 0.0206264299679783 0.315266419969419 0.501388814400459
0.0195157207312017 0.0636099846769202 0.367801115437446 0.579017699454416
0.0567615845284441 0.0132504577682419 0.347543793961028 0.703869247436513
0.0258023371472391 -0.0224939553486234 0.434751558658363 0.634545895001243
-0.0123473976068049 0.00932117654866701 0.425622148576758 0.312281346959876
0.00344922572633595 0.0519582026778412 0.229291495154625 0.0411026432960774
0.0111503026457864 0.0418071736582698 -0.0494116004284862 -0.142469218918647
0.0155732724519374 0.0429517900897731 -0.304417915279168 -0.155338945669435
0.00209859320592273 0.0282154918841054 -0.548971205376492 -0.148694196021034
-0.0116049784720628 -0.00573741691819937 -0.662993595272886 -0.063503704460971
0.00348378302049459 -0.0435922177834985 -0.723240236171922 -0.00366801329378546
0.0338028685283844 0.000397894956544624 -0.689455180001174 -0.0689583529671081
0.00591998218880498 0.0306012803486197 -0.5573615077964 -0.1852266178629
-0.00655303871455654 -0.0188606267483403 -0.198648347839333 -0.149183420077836
0.00618067189256948 -0.0172082324161071 0.0624140714369462 0.184146877012264
-0.0125357169267347 0.0493706448077519 0.323235209416823 0.486803456750396
0.0474561090861132 0.109677100188552 0.40052106800778 0.56658728315296
0.0957559712103279 0.0156484005590224 0.400829528130087 0.674521190307006
0.0335774007604199 -0.0202650888731817 0.467758513087635 0.601010231093889
-0.00404121424935967 0.034781924291123 0.432611276894244 0.303921225834205
0.0237476137157587 0.0889932813897633 0.232448671951823 0.0607035905020655
0.037208055302745 0.0811571645009263 -0.0403276367836927 -0.12041678957204
0.0417606240755068 0.0767780151173998 -0.29438065991212 -0.143189703178858
0.0178870397789061 0.0453054569615396 -0.5438392987262 -0.155067316827936
0.000110834149224089 -0.0135309959883059 -0.662024271125008 -0.0934845133339583
0.036805243733548 -0.0675119318616853 -0.720743105884164 -0.0488948996827257
0.0848552205355218 0.0212980342445797 -0.68704174214907 -0.102889388875949
0.00869540314788545 0.0662292035267025 -0.560076905973238 -0.209056255501292
-0.0287912869153693 -0.026566983319176 -0.193159915180605 -0.155616525014512
-0.00953127040840134 -0.0255389020335159 0.0694523953583828 0.189226361552755
-0.0160068966781765 0.0739375858910301 0.347694011742156 0.456430975033564
0.0799642622764683 0.127919905901591 0.463643818404038 0.526279227585142
0.117708168292684 0.00154893759443447 0.489494505659217 0.600974905492031
0.0350615270152473 -0.0204430953182699 0.520461830840805 0.531620417139875
0.00803592955669288 0.0544791085068554 0.450916779419518 0.285951089060063
0.0444664185458609 0.113478071163379 0.245596014572798 0.087278221603585
0.0580479192944162 0.108747713064262 -0.0214338419009898 -0.0854963645124871
0.0595103054924191 0.100337041722717 -0.27383589285354 -0.125929252572949
0.0294977197634558 0.05717778095976 -0.527036336045194 -0.179087358484194
0.00978667084036659 -0.0194142713377753 -0.653524144563997 -0.159905883504035
0.0692799644218571 -0.0789696886691057 -0.710626912171696 -0.142701676173129
0.118179526639278 0.0493802421106688 -0.675989239263512 -0.174700134292915
-0.0018009768739011 0.0913104944300602 -0.553693709881048 -0.253590859733741
-0.0448357946595489 -0.0408822928867531 -0.183554530939261 -0.163398501314143
0.0808238126795246 0.0393787183453798 0.12226239055373 0.181816149639442
0.0285825234003903 -0.11422218539891 0.435753906678406 0.347573819135348
-0.122306453739163 -0.0891638628559358 0.602810297908215 0.296188735930403
-0.103214969414834 0.0298262097280045 0.660609237405472 0.292209873509097
-0.0243518397727849 -0.00884814525180411 0.631950446063206 0.275101880935178
-0.0420841335293093 -0.0612927330750174 0.523925266952847 0.16743968407118
-0.0559430616414358 -0.0841021318646977 0.304298053226734 0.0873060565793083
-0.060834883147468 -0.114349537367547 0.0434840840246694 -0.0158921669323627
-0.0576782539473063 -0.107756734770255 -0.185856049085501 -0.0956518875484333
-0.0369466612518166 -0.0621221478829911 -0.421795029086899 -0.27211116878353
-0.0582522026909925 -0.00355851471025542 -0.563327056692561 -0.381631674295827
-0.141712651622818 -0.0144959563135578 -0.600897484433587 -0.439722965456662
-0.133540322025651 -0.152145184404182 -0.545179766213915 -0.423800882622496
0.0355770927219251 -0.133773733466584 -0.462064029104304 -0.378728793779193
0.0801169145124238 0.0149739052491091 -0.172389471524956 -0.183317893338224
0.0765135971021415 0.0512946346073361 0.108589447315109 0.184265371450704
0.0510566087802115 -0.101504346686545 0.407871455850095 0.393282411190443
-0.0995951870996086 -0.101168505128934 0.5434526369195 0.383400445935086
-0.102021646523986 0.0098177482933503 0.588778291729411 0.430788146615062
-0.023685703578453 -0.0148866269110884 0.591779264351973 0.392723078508519
-0.03906433213369 -0.0626047474442241 0.500293963050823 0.209613538087003
-0.0546054892338152 -0.0811876709673309 0.280870246145829 0.0655390147754072
-0.0629488904181184 -0.107256033994246 0.0146175034976853 -0.0613316617479516
-0.0638245229825713 -0.0978662593817698 -0.217899910573543 -0.123816071408931
-0.0454985986503008 -0.055789253287305 -0.46004686030018 -0.243458446314263
-0.0537324234160877 0.00210575045330182 -0.610328434765878 -0.284437421231505
-0.125346011317773 0.00798779722480124 -0.671966380081646 -0.300309720022356
-0.141878037200207 -0.115254011427271 -0.610768719914427 -0.319581535214579
0.0121056843742637 -0.124534147012307 -0.49124982543233 -0.32038356559719
0.0770098774783061 0.0037056655904591 -0.183434699796424 -0.172599571698108
0.0665988766336627 0.0533673137391495 0.0932387540176271 0.182217819989183
0.0628858287639684 -0.0739777050413677 0.376023641029571 0.437299265335224
-0.0640564051300316 -0.0889872215262719 0.476359966424395 0.458744016724081
-0.0782379875670533 -0.00747699788662097 0.495115238555029 0.549840008561933
-0.0159976736908623 -0.0231347995722945 0.535857360931913 0.497888714513284
-0.0318500656405118 -0.0559040326722277 0.473502662252785 0.248566566119392
-0.0460429519374704 -0.0626436996549749 0.259903325098091 0.0461168003660045
-0.0543396735241545 -0.0825513338460721 -0.0135282688508033 -0.102266970272752
-0.0570046556669124 -0.0699856475034797 -0.251455668378425 -0.143854682763537
-0.0451106413370224 -0.0389551304382303 -0.497807019321905 -0.20843425915213
-0.0459723208041537 0.00534015056733609 -0.637473898440269 -0.187004900276589
-0.0966499489065917 0.0163579209650504 -0.708804992026957 -0.164182211433373
-0.122599133247804 -0.0723600594255021 -0.655455813003454 -0.210521267878922
-0.00526727183435693 -0.0953531741460487 -0.519371879439136 -0.258232653627899
0.0629589858833522 -0.00710258509799015 -0.192944883851296 -0.159550617486577
0.0522741086313247 0.0437217827969253 0.0815667063397699 0.178119451058496
0.0567575940258559 -0.0404553337754881 0.344522930577295 0.47103666659046
-0.0285454132485746 -0.0503782111844761 0.413770295916361 0.520459484773266
-0.0381655905972667 -0.0107482377947442 0.408233104231384 0.635044451302929
-0.00250202289673119 -0.0268857198304689 0.478291896018901 0.576162068281011
-0.024753642799004 -0.0408054164042209 0.448845681014684 0.281381106651538
-0.0320114329268548 -0.0308421647810047 0.243425958961085 0.0328521937277653
-0.0375582995500686 -0.0462292399900776 -0.0350577264439713 -0.132343656851849
-0.0394830121282724 -0.0343845985212863 -0.280674226777377 -0.154565382194394
-0.0345298274433979 -0.0168559312382177 -0.525342567136166 -0.173080833971599
-0.0347557437218167 0.00605470797132616 -0.653082584499981 -0.109351207038795
-0.0627898570728879 0.00661748825119874 -0.719027774593889 -0.0613602260728456
-0.0793817295824157 -0.0392941305541223 -0.675478781459056 -0.122426504365583
-0.00939449655855187 -0.0547425920442869 -0.536173235040241 -0.209496269717418
0.041353759113522 -0.0131307516342929 -0.19848194472058 -0.149557573006025
0.0377893801998566 0.023889516538232 0.0704102583115887 0.175803086470579
0.0356247409705761 -0.00863418551657374 0.322224187824403 0.490602148963215
-0.00270980506826773 0.00535609873187177 0.374185140534444 0.554652547636883
0.0101986930598066 -0.000254794777351545 0.352629056298292 0.681765894459511
0.0130763620808198 -0.0263052506890534 0.439545775326672 0.619653339389697
-0.01790343683722 -0.0175944219008768 0.430141013280622 0.299311810737397
-0.0144066811854645 0.00887906960353685 0.23144241438675 0.0303079797403847
-0.0142928515581098 -0.00269000933534463 -0.0485422787305879 -0.144793430976843
-0.0128521068313154 0.00515478141493457 -0.297962137799048 -0.156390473022601
-0.017687359348972 0.00723806487186205 -0.540274188302094 -0.150088719975562
-0.0228368240810574 0.00154498166271126 -0.655198553143611 -0.0647017049886352
-0.0294391198451771 -0.0163162445972514 -0.717322897477773 -0.00149300709994409
-0.0236661354220683 -0.0168769262154605 -0.681555729533621 -0.069553377167356
-0.00290543102038228 -0.0110362122610835 -0.546877340375973 -0.180470320771697
0.0169374152034531 -0.0162306293305638 -0.20025411374691 -0.143190248694935
0.0230981703680887 0.00100190429869566 0.0632535442233936 0.176801750015577
0.00902905932396538 0.0195937990270389 0.312939123701077 0.492488807186749
0.0199384425752825 0.0635298489607241 0.367916401833514 0.568420113482402
0.0571110233606828 0.013158680088362 0.351651450437929 0.694683727681125
0.0249802281341567 -0.0225741156787423 0.436708663502638 0.622748771376706
-0.0121367959238788 0.00970286884391556 0.423560364875832 0.304626950684476
0.00425833284180982 0.0511338203409303 0.226767474374795 0.0380682621145157
0.012070805314119 0.041173981916624 -0.0502249559466688 -0.140580435833035
0.0163102106182948 0.0424626857221969 -0.30153464814413 -0.151031440973115
0.00213748251621249 0.0271089796146991 -0.544824686656311 -0.140588830198105
-0.0114348339248388 -0.00558473232031727 -0.656075318060453 -0.056580248293941
0.00303988865951285 -0.0428621446167565 -0.715087837965654 0.0039037334475666
0.0335117670404007 0.000351272974024302 -0.682652807243328 -0.0628435609864599
0.00641193913552814 0.0298872265276784 -0.552286968502866 -0.178014263029858
-0.00741179496208884 -0.0191615156191528 -0.197796889246645 -0.145477174971175
0.00595901650139845 -0.0164531050088572 0.0633643075393942 0.181438890603439
-0.011453532721788 0.0485668155483239 0.323939304222888 0.476474558682006
0.0482575326452004 0.108397919418671 0.401142143729466 0.556828211835792
0.095403157620478 0.0148612577557464 0.403060389248709 0.663550565135406
0.0324850548311671 -0.0203536075681859 0.468055727551513 0.591376814069604
-0.00416832481554546 0.0353998574060557 0.430370089685937 0.297638105639322
0.0249348274635487 0.087655651031202 0.230249274826195 0.0573494987543243
0.0371723847488168 0.079659580618401 -0.040772570072598 -0.118709471961283
0.0418673042320959 0.0752896148699891 -0.291361605869983 -0.140060860374654
0.0194357771127513 0.0443831859217339 -0.538198427140039 -0.148888928271704
-0.0003973716020007 -0.0139149585553526 -0.654366275516524 -0.0866083090480905
0.0355504484793959 -0.0668710215118103 -0.713931880585567 -0.0401922816508731
0.0846737706749103 0.0199721473480634 -0.680726032040696 -0.0944654407417422
0.00853967756163698 0.0649748882654904 -0.556209906295179 -0.201297514346799
-0.0296527930738668 -0.0262897625209473 -0.191839577157366 -0.151912359657688
-0.0092043907096632 -0.0256429380151182 0.0702731674549623 0.185509911920323
-0.0157743339848231 0.0737096985780198 0.346303379980546 0.448843126228696
0.0811159957829137 0.125261409403849 0.464565348744026 0.515559920794959
0.117079647365028 0.000553342780100235 0.489566333180949 0.590839810878517
0.0343300818142098 -0.020262443800654 0.52002915164565 0.51974618121245
0.00802206728691412 0.0538342373014698 0.448468689330855 0.278944852957185
0.0454421884995603 0.112215846431452 0.242588789443775 0.0830571673174575
0.0574758251306642 0.106306534700293 -0.0214940841124051 -0.0840938890774682
0.0599657522818404 0.0986473370138906 -0.271221396794193 -0.121690830855979
0.0295713314873451 0.0557427708740248 -0.521351823745403 -0.171213633637639
0.00928178700301042 -0.0198582359464128 -0.646507412836906 -0.150996465111286
0.0682461259040194 -0.0783734525924623 -0.70267779139049 -0.13385262197131
0.118602242537852 0.0484612697969384 -0.668412721459161 -0.167227106991468
-0.000377718198679388 0.0901021724449102 -0.548286298420387 -0.246113689614385
-0.0452326142074968 -0.0406985289152405 -0.182657726133119 -0.159901886917441
0.087793916796854 0.0306148772058243 0.131893944318574 0.164152153219096
0.0213722486593176 -0.115188193563705 0.464905201363156 0.299896606261473
-0.125793600144555 -0.077765511041081 0.633202076481762 0.233328180827501
-0.096548345783198 0.0387750383693417 0.691524516925518 0.210066635819034
-0.0248223119791167 -0.00330706753905602 0.657050319398838 0.203401558887491
-0.0460012862323515 -0.0571720615997541 0.533777078258654 0.115741983872202
-0.0606137007064219 -0.0777274448941983 0.309165962008731 0.0563543328617595
-0.0713896027092644 -0.106349379575819 0.0397589012459831 -0.0201839402737833
-0.0671184905765641 -0.0995692507008164 -0.193462633637111 -0.0760462294049583
-0.041145374400109 -0.0537523727310701 -0.445505961923682 -0.222484128951984
-0.0548016901232233 0.00878766822903046 -0.591686374927119 -0.319831540444955
-0.139217958181257 0.00771456604585177 -0.643836792730002 -0.372724818726634
-0.1481893259828 -0.126792387150413 -0.591703034412331 -0.365507276564157
0.0183574182033194 -0.124711692056982 -0.497104123601892 -0.328754396541136
0.0759470199835334 0.00675125243409852 -0.187382193033413 -0.163174038883168
0.0851630677333563 0.0432968875693783 0.117611376345929 0.166204338773745
0.0449962003725538 -0.104460646304444 0.441886719664735 0.347473527272792
-0.104406690129968 -0.0919753625464543 0.58175644855952 0.32828063787965
-0.0977312142154087 0.0197717640055349 0.635971102497498 0.355755189262708
-0.0248801081216343 -0.00933340558429191 0.62968677999747 0.321125784263421
-0.0427697051663791 -0.0592554277003896 0.514911632414636 0.159098530874633
-0.0590097423426505 -0.0751467444338946 0.284083764601727 0.0379781584813382
-0.0734225555503409 -0.0997508103062064 0.00622187803848071 -0.0619310336171792
-0.0719441615846685 -0.0877470772988877 -0.228012014380072 -0.1014318112634
-0.0473469357344139 -0.0479168125157838 -0.480833031750612 -0.188648002722895
-0.0480736067519321 0.0129740379600883 -0.627560420417762 -0.219092673211145
-0.120225778399659 0.0278493484431464 -0.69869878181935 -0.224969897834708
-0.150990132766336 -0.0899060338165791 -0.643553387208172 -0.255854450680104
-0.00218353741639385 -0.113512670457465 -0.520680849843544 -0.266211958180488
0.0718081523176518 -0.00348997891540297 -0.198015029906005 -0.15140083639061
0.0749098900157267 0.0469633840855709 0.103998368071314 0.166138544861654
0.0595541265542755 -0.078013119079351 0.414802687638137 0.393487527420397
-0.0670287284879396 -0.0829251243656407 0.521310789455568 0.409933926568968
-0.0764351166466278 0.00112196537945214 0.558245711331841 0.486473670052897
-0.0194634030623625 -0.018055452868745 0.585121718408125 0.435335184425404
-0.0356111502300146 -0.0528559555555206 0.493223302871261 0.199456194827175
-0.04844526041606 -0.0577799654989881 0.262044055968544 0.0202107774800524
-0.0622382287152718 -0.076647431348807 -0.0241564524754929 -0.0996777105460579
-0.0635513651742512 -0.0620244884005227 -0.263509398628003 -0.117073198411799
-0.0453600029965437 -0.0306020107224691 -0.513279362788682 -0.150817146078535
-0.039881701242698 0.0147990053921547 -0.647839657886159 -0.120641429647225
-0.0894478713246984 0.0326241414173101 -0.720885615594726 -0.0882796947999892
-0.125811044666667 -0.0503072688222026 -0.676068674877158 -0.140944929515811
-0.0149134835412134 -0.0834231550167197 -0.539313463325447 -0.202802590409633
0.0574523780142186 -0.0115052848291379 -0.206018740648945 -0.138653840986106
0.0597680066803855 0.0386953075366776 0.0922419889828487 0.164449944972709
0.0555267102598149 -0.0444240909986478 0.38627097002385 0.429228092885177
-0.0287450203771456 -0.0473552634962994 0.464853044610294 0.472795089209335
-0.0367009943574573 -0.00578453892303728 0.480974007218073 0.579921881272493
-0.00672038404219819 -0.0233853361067579 0.536383479184405 0.517629695723184
-0.0268945807418805 -0.0380846272065983 0.473620035229311 0.234058594423346
-0.0329290302934432 -0.0279506710782988 0.245038852060331 0.00815464742866649
-0.0420461799904286 -0.0420290664793078 -0.0487155367692106 -0.125976808095698
-0.0416517297707143 -0.0279402746896048 -0.291093717301484 -0.123924386669356
-0.0329126904448996 -0.00987586082962702 -0.535777621060985 -0.114133699370133
-0.0287559725585697 0.0132867985893132 -0.65371212740197 -0.0439997430830351
-0.0559082279251908 0.0190711857598604 -0.719570376937827 0.0150813916192114
-0.0788340960096132 -0.0232798141577067 -0.683742520388603 -0.0512968750590038
-0.0140187701154331 -0.0440080817550081 -0.550911256505415 -0.150579122514144
0.0359434778417566 -0.0160370286624172 -0.212083735911771 -0.128085857794204
0.042344680121246 0.0203535114654668 0.083835314749483 0.164075832082643
0.0370534604878656 -0.0117583899130359 0.366915150451294 0.449227423453317
0.00235233316690281 0.0056614882517961 0.431211883553014 0.511355712346222
0.0113892313080854 0.000643791259270861 0.433303678335658 0.631548156873695
0.00762637364997193 -0.0242426368548203 0.503586538018084 0.563895612179298
-0.0183032836881508 -0.016208154744331 0.455101209850939 0.253188363949247
-0.0118677117929544 0.00968337462634487 0.234113361130937 0.00647688916592714
-0.014771858524082 -0.00212189960743414 -0.0628345187479666 -0.136635331102993
-0.011453760063772 0.00705527630348511 -0.307412519953073 -0.124587720650673
-0.0139211757958808 0.0101776060301009 -0.546737524523381 -0.087605574955942
-0.0175335837469951 0.00723635762277175 -0.651342409955577 0.00174868799303714
-0.025204650243616 -0.00614274659629513 -0.713785667823176 0.0701130555944817
-0.0220448053012674 -0.00734379695805026 -0.679699345482431 -0.00217662296263165
-0.00336272581507329 -0.00290296378803039 -0.556945547086227 -0.120235118084776
0.0112068164266073 -0.014880828239572 -0.212689787190777 -0.122229892530047
0.0244251332662572 -0.00139815397260158 0.0788001479224461 0.16780137346502
0.0131865778137628 0.0189337634655036 0.361109268956598 0.453183119770952
0.029930996504315 0.0609581747291513 0.425804004284026 0.52069010431589
0.0580640572442757 0.00919067595005041 0.430228808598058 0.642876797549021
0.0203866810574021 -0.0225684723911734 0.500501630276299 0.568748746366631
-0.00990371631571492 0.00984310649874389 0.451162541157126 0.257788809593401
0.0103177798120939 0.0493616432732726 0.232883411492335 0.0147209608275667
0.0156383029219522 0.0383927589149364 -0.0633601730826188 -0.132200028394172
0.020799849801987 0.0415230060837668 -0.310237757358828 -0.118766621963877
0.00736202617792983 0.0284410309339452 -0.547690175874618 -0.0793889528217982
-0.00638299845549864 -0.00110959248917714 -0.651406462325964 0.00915710594772865
0.00264702043897599 -0.0362782586618467 -0.709857861556854 0.0758141908162105
0.0367003054531988 0.00265083986902826 -0.681525858532155 0.00594605827330245
0.00933958593343523 0.0355750038279804 -0.561694596215648 -0.113236055558388
-0.0122398688591569 -0.0152558258552924 -0.211401428818959 -0.124522461735808
0.00556983314084907 -0.0180076176106495 0.0801200433760972 0.173932542718372
-0.00340257494334064 0.0494233064670023 0.369493467100295 0.435259216419769
0.062738561355389 0.10227697260099 0.455660639696425 0.503723524195312
0.0957945420579744 0.00768218796104017 0.476633454994756 0.603769221046248
0.0274616290774167 -0.0204326232823843 0.527929360070991 0.531130846896916
0.000167455914076985 0.0341546990296327 0.457177186620605 0.250176660467241
0.0334229001256457 0.0830738713892101 0.238781482762077 0.0336204386632742
0.044103036614939 0.0747121937018736 -0.0515292724525061 -0.112657847204517
0.0494291725727325 0.0703406738889921 -0.297915381138045 -0.107965417405575
0.0255496595217381 0.0433734267729985 -0.543850492848092 -0.0871230437147904
0.00298641420605633 -0.00961886695854642 -0.652526155147855 -0.0214184471457747
0.0320972144470457 -0.0619836077293742 -0.712707932891371 0.0306660291413449
0.0878387673363368 0.0165419196979791 -0.680872702990475 -0.0291927776272082
0.0158093574664179 0.0694006339059277 -0.564826808640789 -0.13641930150516
-0.0347364478843844 -0.0197591704549941 -0.206939927226648 -0.132324749002523
-0.0118232561069558 -0.0250227999554738 0.0881348626648151 0.178523150365461
-0.00569306044455389 0.0744051868585855 0.389213819600604 0.403848200866075
0.0968043435584143 0.115737450496278 0.510934307205119 0.455723657493254
0.116058717494624 -0.00867953160731069 0.552916905025543 0.52238358874109
0.0292724983112721 -0.0204798355835639 0.571544798147399 0.45637513840579
0.0142399693379012 0.0513270930317725 0.472991067090061 0.228716683359943
0.0555388286051903 0.105586075435312 0.255472709250127 0.0578471305976568
0.0673166381695517 0.0990211920213434 -0.0295162481555495 -0.0802993077316575
0.0694147698436775 0.0914151193046959 -0.276496408637141 -0.0931893069166483
0.0367782289163213 0.053712378322929 -0.529336737827635 -0.112280021377408
0.0112043237585361 -0.0160068369514132 -0.651102488894783 -0.0855648054531608
0.0618182075528219 -0.0756850918783682 -0.710760244426583 -0.0652918672186392
0.123346205221474 0.0397400654483491 -0.676970596240071 -0.100187430607409
0.0075182984106794 0.094924813062198 -0.564348220815208 -0.179369857492899
-0.0515690824373033 -0.0314321473262949 -0.199306380443585 -0.141241214648046
0.0876086672104507 0.0295800531419965 0.130469339222208 0.161017999643454
0.0211648823257631 -0.115090252248084 0.460006981615908 0.294311398696443
-0.124983322979021 -0.0759399901215611 0.62552486287548 0.227111279272749
-0.0951235563975645 0.0384814689256347 0.684446495381411 0.205766125261992
-0.0248841061752962 -0.00324628686828042 0.649690292828313 0.196506476444145
-0.0452101378338491 -0.055747261939657 0.52657468873821 0.110863422724924
-0.0601014921916177 -0.0768759357957301 0.305976031577194 0.0544658486120419
-0.0711965331303377 -0.105387531595425 0.03980986421037 -0.0201098957995413
-0.0666382321622363 -0.0981026629658846 -0.190630563137635 -0.0748593527267023
-0.0405163777463625 -0.0535694103763011 -0.441180223631097 -0.216001548664458
-0.0534740139095627 0.00818331442868056 -0.587623126142588 -0.311913672306383
-0.138152222090891 0.0077663536619925 -0.635524647719196 -0.364336782065082
-0.146587801429927 -0.123579430614726 -0.583753122496168 -0.359030100094253
0.0175233039695833 -0.12463835496921 -0.49251864636671 -0.322589053565005
0.0746574027089744 0.0057753630918512 -0.185496241390858 -0.159817501244763
0.0848984254906395 0.0415497785864756 0.11712990387877 0.16299996569265
0.0447507594502686 -0.104301688944187 0.437708269880566 0.341838492418814
-0.103492061220296 -0.089825139661809 0.57569947743199 0.321139308238973
-0.0964315985524018 0.0199014129886702 0.630537678025257 0.348351597851382
-0.0251523077273983 -0.00968623325432216 0.624434484584716 0.314835097581296
-0.042398676727729 -0.0573517977839621 0.510394482390728 0.153401459566811
-0.0585830138242246 -0.073648906111879 0.280882243393829 0.0359386200941776
-0.0721581591355601 -0.0981673548756879 0.00696376467740615 -0.0619293296374569
-0.0710696718160188 -0.0867228523332804 -0.224885787062046 -0.098847374813744
-0.0479246812157432 -0.0461360407249324 -0.474889112686583 -0.183660790293748
-0.0477836914269144 0.0132393824950482 -0.62097331907888 -0.212077163389537
-0.118994378516887 0.0287317589990472 -0.688206333798215 -0.217593844335334
-0.150279237234507 -0.0869707155318592 -0.638661158376537 -0.248157608116035
-0.00209246844721496 -0.112648425380242 -0.516760047273866 -0.261611612715253
0.0706630264390818 -0.00436684170077181 -0.195481794985401 -0.14805316569949
0.0743380546105004 0.045674289153676 0.103189568945986 0.162512954914748
0.0583303482438911 -0.0776563055175772 0.411434425755999 0.38678269065823
-0.0663216942223425 -0.080431499098343 0.518496999670861 0.402178720886875
-0.0750973642556069 0.00203585990868608 0.553261321804997 0.477580252467259
-0.018951413481742 -0.0176985559126487 0.580258477324259 0.426246205096736
-0.0358427063456003 -0.0514495258553503 0.48847365775582 0.195113141554313
-0.0477585028858745 -0.056481226507432 0.259433880179565 0.0180508276829302
-0.0622349372194286 -0.0760911772708155 -0.0243564302113524 -0.0981068135410083
-0.0626101987132471 -0.0613394659258373 -0.258867548137556 -0.114751555865466
-0.0449233028512782 -0.0303689471283472 -0.507306254559522 -0.146459770490779
-0.0390766431003396 0.0144219781787915 -0.639894705165526 -0.114471061485082
-0.0881472052465417 0.0325872877975373 -0.71028110537217 -0.084300955562893
-0.124595831393484 -0.048822726861788 -0.665628564307079 -0.136218712899182
-0.014856894429677 -0.0824958424908883 -0.534612915139005 -0.197644087031707
0.0557619630063266 -0.0124653167493533 -0.204789541105729 -0.135312212834955
0.0585869616778004 0.0381124077007763 0.0920824971563232 0.161601140373061
0.0552042339622391 -0.0446372207617113 0.382628637062331 0.423004487228463
-0.0279164844836036 -0.04607317957052 0.462797206448939 0.466093382497561
-0.0357449774319045 -0.00569848499593283 0.479080930069993 0.571561758477485
-0.00669732600215766 -0.0234736196887236 0.532872497673803 0.510128394044438
-0.0266085980122245 -0.0369658828805504 0.467990327473792 0.227763058469949
-0.0316786630792362 -0.0272268027215694 0.241556153543369 0.00680688413155142
-0.0422253191018539 -0.0421256055599481 -0.0483404995825621 -0.124511419936761
-0.0413532870871559 -0.0279596634783581 -0.287026249470379 -0.121728335228626
-0.0320648830668486 -0.00955779832365967 -0.528573259881989 -0.109954689004759
-0.0283058432066028 0.012887437323394 -0.644916059391254 -0.036989311586343
-0.055817070036344 0.0193442020443445 -0.711012183722597 0.0184572442049321
-0.0785103279166379 -0.0217225877595543 -0.675847047972895 -0.0491059089735735
-0.0144667750246351 -0.0438272237329555 -0.546163450322363 -0.145235385782467
0.0343267103386737 -0.0156121865174599 -0.209242027321336 -0.125510188786127
0.042065613569088 0.0190741986106268 0.0826816942175352 0.16104932312307
0.0371015396204947 -0.0118184419709026 0.364106560740554 0.441556396621204
0.00308642772694005 0.00617114589700288 0.427932740178705 0.502807417806535
0.0111674717896855 0.00048732873366528 0.430621417545143 0.622073362759734
0.00780846940408979 -0.023945618245018 0.501342246069611 0.554032073412213
-0.0180155127823649 -0.0155801139038889 0.451138642409536 0.247517171922392
-0.011230189263295 0.00942651660944607 0.231061935573463 0.0040936929123022
-0.0147765676836407 -0.00250771760099216 -0.0625485916325244 -0.135110323080765
-0.0114199675433433 0.00743823146127959 -0.303752455804487 -0.120871305341215
-0.0130582486940013 0.0101683281705313 -0.540472240508646 -0.0820545438996564
-0.0171686036094752 0.00776870486463855 -0.642680138813994 0.0051551987569552
-0.0256213827987216 -0.00536860863649723 -0.701916508917501 0.0750684504428665
-0.0212548890068793 -0.00688050753851166 -0.673213964265339 0.00195847492900782
-0.00348272594450597 -0.00329694738038742 -0.550488090185262 -0.114570911116682
0.01040564128958 -0.0156218217387437 -0.210837907404868 -0.120183803318061
0.0237095732325617 -0.00235311274454737 0.0783311308349077 0.165881717419294
0.0135545216648183 0.018436327894191 0.357151518634458 0.445153459816183
0.0305310979525232 0.0597760039998515 0.422438960993808 0.513191891612732
0.057525234590807 0.00868479337508729 0.429166877248317 0.631369305383134
0.0203632027178515 -0.022510213506398 0.497930396520282 0.559576373191772
-0.00951267294797523 0.0100422719669093 0.446219438800358 0.253434825754842
0.0107981917465318 0.0484030098403714 0.228750540661997 0.013611668404878
0.0147953811189054 0.0380787369417607 -0.0634855565962224 -0.13062470153273
0.0211594365172738 0.0404949077738838 -0.305437577004912 -0.115814146548098
0.00708500842209838 0.0280907946597301 -0.541811786585735 -0.0747002899999183
-0.00735198071417512 -0.00143204332054713 -0.642888437951426 0.0129348852972457
0.00235636765954879 -0.0355581492618 -0.69934603951218 0.079007080186751
0.0361606872824557 0.00280478212010921 -0.671768173793521 0.00904112689340793
0.0100231969914733 0.0348845934874013 -0.555825623533051 -0.108960381510646
-0.0137153655552271 -0.0149953773076556 -0.209266781651463 -0.121849591982095
0.00502679962889649 -0.0185801297178073 0.0790558789232608 0.171264377769402
-0.00348899076535725 0.0484134522257414 0.365685200994628 0.428501653570351
0.0629760450924144 0.101062708299422 0.453420782792067 0.494826050551511
0.0946771753427387 0.00672999870352533 0.473465766556753 0.596081772262189
0.0269015408209268 -0.0205324163663695 0.523622232392998 0.522522496606378
0.000848919211119222 0.0338662567810314 0.452927704034639 0.243688013012622
0.0340162000947536 0.0816266680028613 0.236017309807727 0.0310879499334037
0.0440921375778944 0.0730299520681673 -0.0512099184684291 -0.111991346820353
0.0496009064548973 0.0686260181178615 -0.2945813947638 -0.10558653341798
0.0256018546064931 0.041741974603429 -0.537538135977167 -0.0819082885526589
0.00204274926357705 -0.00957192253437019 -0.644041490164834 -0.0166475671284746
0.0308677585715036 -0.0616738955522426 -0.702434781979642 0.0346267612869065
0.0871864815238422 0.0161270008168497 -0.673407208380414 -0.0250168188198135
0.0159360644339941 0.0686325481203112 -0.559500722776732 -0.130754248202011
-0.0353011450919824 -0.0199187739931183 -0.204968724557752 -0.129548048283394
-0.0116640251876092 -0.0250762573100538 0.0870692538280236 0.175436561269875
-0.00513058657684421 0.0732902341124083 0.38433616235962 0.397238564919503
0.0970259871243029 0.113786248648115 0.508097896138173 0.447780912608241
0.114895232956516 -0.00908944931811812 0.548679560501774 0.512381953326719
0.028803487147033 -0.0201842099735949 0.568377034541374 0.447981529869543
0.0136680749340468 0.0511687525962604 0.467588127813738 0.223274616129642
0.0556583660930665 0.102820297297103 0.251425802700082 0.0555471921088481
0.0670407945137418 0.0976388502070939 -0.028820959592943 -0.079413479594018
0.0687040007607653 0.0899269259544022 -0.272234054315377 -0.0901570647834397
0.0366430877216688 0.0523253578657048 -0.522876005742262 -0.106764797574724
0.0108289293140458 -0.0161899633246589 -0.643307317101974 -0.0813244481759014
0.060215881421515 -0.0748901801445484 -0.701908607590099 -0.0587460627992327
0.122295848954068 0.0389745279822098 -0.668235357255732 -0.0955337706592279
0.00906199257290807 0.0938611468783823 -0.557236373172594 -0.174431685201717
-0.0523556750809952 -0.0313496404437044 -0.196968008614219 -0.138588754824692
0.0874194750551177 0.0290607131901066 0.129443406844406 0.157623415876697
0.021384402288127 -0.114702895855389 0.454373182285317 0.289053967086997
-0.123541153626081 -0.0740823335797358 0.619523604857629 0.22280102426516
-0.0940375862077871 0.0390351980626738 0.675857934715257 0.200969236667693
-0.0240963427927258 -0.00296695955258711 0.641878463866929 0.192472455134943
-0.0451738602267374 -0.0551821018238236 0.519760769303846 0.107480116446537
-0.0593849802524221 -0.0755813043843708 0.301179991339394 0.0527122594045169
-0.0704104712178438 -0.104425842984477 0.0394474510665046 -0.0203792535180845
-0.0660042053611058 -0.0961815411867149 -0.187006490940665 -0.0729234102007234
-0.0399679051896126 -0.0528797869901234 -0.436045384349756 -0.210798955891916
-0.0523475124806952 0.00885884065543518 -0.578539041412059 -0.305832072723498
-0.135649258378481 0.0094884644449044 -0.628630508912386 -0.357368822382167
-0.14471335067893 -0.122093210405397 -0.578329743899084 -0.351834050541333
0.0171152391056606 -0.122295458162641 -0.486593667996004 -0.315958759781474
0.0726844845547196 0.00560878689077146 -0.18335991741815 -0.156650403439271
0.0840430582104337 0.0413406318454563 0.115472927177015 0.160197734380416
0.0439718293249249 -0.103617779310828 0.431948206886285 0.336157853778421
-0.10223297194213 -0.0881258884732746 0.569647200045093 0.31528246844879
-0.0949344183557153 0.0203461131655411 0.62264820644657 0.344103920100578
-0.0245365967872001 -0.0100677014838141 0.616286317936263 0.30796211490995
-0.0424727496305788 -0.0561346191921135 0.501848325926312 0.14971808124926
-0.0570820624125475 -0.0721996481348626 0.27715910608549 0.0346681611391596
-0.0719993415431589 -0.0978479756555877 0.00660874362607481 -0.0606906948418106
-0.0707693006259983 -0.0854176102688261 -0.219672588282058 -0.0979736902447361
-0.0459911030001099 -0.0462198955773532 -0.47006775268544 -0.180738251915496
-0.0471098973563368 0.0127991243410328 -0.61297550601795 -0.206326554291812
-0.117073564129323 0.028901349765153 -0.680448515270457 -0.214856790471971
-0.148365136580722 -0.0858018082364808 -0.630172104328553 -0.24517847109416
-0.00307449099854519 -0.11155107851673 -0.510246103817164 -0.256480515720982
0.0695816668951202 -0.0049550639362368 -0.194089506406076 -0.144947915749617
0.0736465060738031 0.0446169231089811 0.101960729533173 0.159979530199785
0.0582369464702588 -0.0778449544286015 0.405822830800331 0.380838837066356
-0.0655518639719003 -0.07935021889378 0.512358760274221 0.396852112007032
-0.0740019802073018 0.0016247546233646 0.548191235514379 0.471158183801297
-0.0189269516130266 -0.018353315095867 0.574662412159831 0.41951444628474
-0.0353598633713655 -0.0504675305697344 0.482776781732309 0.190802016648345
-0.0475369639393575 -0.0558183858864924 0.25579715512496 0.0167748711035721
-0.0622140607182127 -0.075243944863356 -0.0249812278081033 -0.0965300640485587
-0.0615571447762011 -0.0604860273640617 -0.255730437280937 -0.113480388602367
-0.0445798368445412 -0.0302921235163683 -0.50042760527791 -0.141780097844827
-0.0379049156351484 0.0146814782282966 -0.62964753937843 -0.1105200048027
-0.0872979538888644 0.0324906193646059 -0.70040962334324 -0.0802908020948527
-0.123518931680241 -0.0477175295497844 -0.658254768642434 -0.134567522148817
-0.0155416260254782 -0.0818484981108199 -0.527296181663825 -0.192616758798976
0.0538563725736409 -0.0133830290602241 -0.202112239307585 -0.133032830061852
0.0589758131258684 0.0367594846039474 0.090524896664786 0.158035657141772
0.0548804550086046 -0.044566966787937 0.378515452312315 0.416431954907834
-0.0279676118212569 -0.0449818003943066 0.457869554794998 0.458518892912729
-0.0357540437537755 -0.00519713858111059 0.473398565849124 0.563414744827367
-0.00650840024133497 -0.0236164438581369 0.526728192331133 0.501764953891276
-0.026643803074896 -0.0356577942553689 0.462195073329098 0.223144760494043
-0.0304539127293838 -0.0275098654153373 0.238987695065166 0.00474775459079669
-0.0419636375537172 -0.0419126951357876 -0.0481807217583918 -0.122557735174571
-0.0408682116658527 -0.0279296848158428 -0.283574827608193 -0.119595118458596
-0.032207738903338 -0.00975800756625243 -0.521776331036925 -0.105684591144851
-0.0277441721987943 0.0130725150020219 -0.636153374266687 -0.0360376001575522
-0.0551490364600823 0.0194458612341407 -0.700195676771871 0.0206671832219635
-0.0763158103428968 -0.0206876108824978 -0.665569038048214 -0.0449377559755467
-0.0146100576911787 -0.0432752318827542 -0.538648734969242 -0.142460639723436
0.0327484006575504 -0.0161783338079086 -0.206782062725894 -0.122866669598419
0.0420006797825891 0.0188508165363545 0.0815923994082823 0.158813279980093
0.0368077541273422 -0.0128092989690854 0.359055076055407 0.436062807178132
0.00315280897261557 0.00579823231187761 0.424797370356263 0.496925916304194
0.0115580065999794 0.000393862477957619 0.427847216567276 0.6125518418881
0.00710414376285029 -0.0243277140874438 0.497092390489933 0.5467713628209
-0.0184717673439174 -0.0149248254915569 0.44626828922598 0.242292126592391
-0.0114410443051496 0.00957237403542874 0.227973337809141 0.00339782640951316
-0.0147694091694952 -0.00214879580197994 -0.0622254588294498 -0.133963317632562
-0.0111596504427859 0.00699574417887535 -0.299216813358231 -0.118693219477128
-0.0134572759450612 0.010154354036705 -0.53228077771068 -0.0791575916096422
-0.017249912904222 0.00736719350768346 -0.633609755325345 0.00824424423390334
-0.0254856155397606 -0.00602096396590062 -0.693075951905121 0.0747589445991129
-0.0212461121770497 -0.00632496993528434 -0.665140563260126 0.00227186015835723
-0.00260280678822416 -0.00331625191885423 -0.542455132980471 -0.111910976963785
0.00925319704608437 -0.0149502639020373 -0.207521133568831 -0.118573569195253
0.0241972582703748 -0.00173388784153738 0.0759264675619947 0.162215841374691
0.0135717075782287 0.017564403808351 0.351912272121826 0.4388631968299
0.0306346952838422 0.0593742676526449 0.419476857207355 0.507271189069358
0.0568440116819652 0.0086257283442416 0.425978462119349 0.62494046094093
0.0190995383283695 -0.0219113122941028 0.493222195329293 0.550434802067708
-0.0101168126876957 0.0102663073051366 0.440901880724698 0.248072984953445
0.0112457022755423 0.0481170360928612 0.225641804616194 0.0117841583311192
0.0146474079861454 0.037382353997479 -0.0630694085903829 -0.129570094121455
0.0202065916619953 0.0399033707158568 -0.301904510249977 -0.113468675214945
0.00759798643347178 0.0278574696918607 -0.53359296945717 -0.0715096302800405
-0.00689165266190045 -0.00117120491105153 -0.633896660838278 0.0157657565247768
0.00192770842379819 -0.0351065555664497 -0.687433385481355 0.080639226691672
0.0362687280788655 0.00238047000289129 -0.664555442971145 0.00997098477333508
0.0097908783372641 0.0349297087536882 -0.548698927029659 -0.106193512875036
-0.0147545494172145 -0.0148615295609447 -0.207052047226604 -0.11891966117909
0.00511014810987238 -0.0186003532384299 0.0778879039255732 0.167977471034498
-0.00308787432898313 0.0479283801066259 0.360569087901289 0.423613452280376
0.0627353466512596 0.0995036849248478 0.447590772617041 0.489224117061459
0.0941629928913243 0.00641579156853427 0.47130026659706 0.586657468425016
0.0264961073103648 -0.0203340789733379 0.520405805574465 0.511988054580199
0.000427503851961738 0.0346445410958915 0.448221568600769 0.237569428710486
0.0342992368681567 0.0806199592723113 0.23311264601322 0.0299554916669535
0.0435867708931134 0.0716824512882657 -0.0513069587702011 -0.109837141936224
0.0489561489645647 0.0681717973298697 -0.290698096234023 -0.103630579708673
0.0251826021008812 0.0411961083204074 -0.529641425085804 -0.0783618608234796
0.00233251845153167 -0.00946337703784129 -0.635763935833218 -0.0140057132951001
0.0302120949484787 -0.0603319674428004 -0.692737143365344 0.0353231167766294
0.0867475334514104 0.0152461793503207 -0.664325621148847 -0.0231765099223956
0.0154027281707973 0.0681034734798052 -0.551728812067426 -0.127432356266028
-0.0359505130415908 -0.019601799567039 -0.203328772195713 -0.126588180104799
-0.0112490733477246 -0.0255968603237395 0.0866771173998777 0.171922786714024
-0.00507713606412206 0.0715832026198443 0.379989005588271 0.391448383946608
0.0962730288070432 0.11249456875781 0.502631278475043 0.44094201425965
0.113573246372566 -0.00945527899616147 0.54321839255588 0.505037671277646
0.0278476259989902 -0.0200884916570232 0.562741912532501 0.439821218356012
0.0137291943891571 0.0507939327330214 0.463565549155832 0.21837366209273
0.0556063421405095 0.101581988255841 0.249223283328739 0.0532545578764857
0.065588407605531 0.0961716838832123 -0.0289555884090298 -0.0782215904976546
0.0687672933939816 0.0888219294794856 -0.26953005064362 -0.0888720030559031
0.036049690588481 0.0518374299858511 -0.516231565958135 -0.102911398412644
0.00929564122192307 -0.0163035565099234 -0.634447657311471 -0.0788210176726305
0.0591733810822166 -0.0741110187485435 -0.693115793146673 -0.0582738540394561
0.121491174288358 0.0381123437143688 -0.66100942306759 -0.0935519369012492
0.00897715056617601 0.0916602015240062 -0.551223860195165 -0.170519048734468
-0.0523450300696156 -0.0308017165663814 -0.195061708207225 -0.13569546604898
0.0858518546740375 0.0286923078963879 0.127663003445199 0.15618614067524
0.021585164704312 -0.113756872757546 0.448631807724838 0.285525708240705
-0.121420612596106 -0.0732064064243959 0.612221565878381 0.219514197858563
-0.0919764867360265 0.0390128175157282 0.666663338387782 0.198448553153313
-0.0235928796156071 -0.00374141344735347 0.633971572565735 0.190289838590352
-0.0446910441969454 -0.0534923091879273 0.513433125181534 0.105425557551399
-0.0579642146932074 -0.0751280323332389 0.298179552264328 0.0512643285498123
-0.0701114357880717 -0.103273907955994 0.0396713793856229 -0.0203767380444068
-0.0654911211191135 -0.0953044479667144 -0.183864006913603 -0.0723260935481029
-0.0391092725669961 -0.0524440479316194 -0.430479116026661 -0.20810295363545
-0.0513758039166574 0.00877373698705394 -0.571036858345959 -0.30074444012313
-0.135175002805883 0.00924955915202182 -0.619786375935158 -0.352134328598422
-0.143289961072556 -0.120042508854695 -0.571421982229648 -0.348170973669869
0.0174168782957521 -0.121573629160767 -0.481193423885915 -0.312433796949708
0.0716058895246434 0.00490934655680298 -0.181038545065401 -0.15499894782466
0.0840684280913209 0.0403543815746694 0.114546731240065 0.157272633909184
0.0445082344939156 -0.103366951914133 0.426607173578679 0.331891007141424
-0.100270221173672 -0.0868222487366369 0.563693232846648 0.308727176429408
-0.0931719887437109 0.0201419464871714 0.615097930432338 0.340166803832382
-0.0238288241921905 -0.00960358505194611 0.609315688583205 0.30341154069388
-0.0419739878395515 -0.055365260909132 0.495316589249854 0.148159104017856
-0.0564441052586213 -0.0718201980983231 0.272643531335917 0.033457031735437
-0.0713580027688792 -0.0965832858533281 0.00714381139050096 -0.0602856598858995
-0.0699764512478727 -0.084901828216425 -0.217168417007826 -0.0963690680957757
-0.0463875638963058 -0.0456105377401983 -0.463432910195925 -0.175620940434131
-0.046533605321019 0.01266219528601 -0.604404443944732 -0.203290191671839
-0.116309820085157 0.0292464732223174 -0.670201192719621 -0.211262519813174
-0.14636975959887 -0.0842753078226768 -0.622454480462817 -0.241049947941372
-0.00213018011364659 -0.110799460151835 -0.503383503809218 -0.253644071208159
0.0674127804879856 -0.00456221407725503 -0.190170097826233 -0.143571388123632
0.0733444008039188 0.0438985672820407 0.100807908689234 0.157186422490277
0.0578837100890863 -0.0769927873560048 0.39938034643966 0.375697098253934
-0.0643246299954388 -0.0780008384524273 0.505551015060745 0.390938773846632
-0.0731864812468681 0.00158452160353953 0.539398806492943 0.464615392564738
-0.0188644123898578 -0.0177384261859398 0.568461235174669 0.41366086001887
-0.0351521773075207 -0.0494875870694146 0.476973505993721 0.187957366373148
-0.0471543072870463 -0.0555679537569891 0.251846224718964 0.0162019350373248
-0.0614934966760742 -0.0745973807900922 -0.023212435726545 -0.0957336414821394
-0.061444358887603 -0.05935460976333 -0.251361779811671 -0.111817255344416
-0.0435208571011271 -0.0299447074603987 -0.492076865513897 -0.139082393550445
-0.0375689397044605 0.0144744203285007 -0.621277532196659 -0.107683569366951
-0.0862949373089225 0.0324868297816556 -0.691962087022528 -0.0775650033012094
-0.121701130058534 -0.0464366860804308 -0.649937016973193 -0.131399558824362
-0.0141871647713174 -0.0813173081782883 -0.520700289280071 -0.191385045425149
0.0531583908798913 -0.0125109039610815 -0.198811034489613 -0.131681542712231
0.0580097193145413 0.0357891900626612 0.0886280871772073 0.156285693503257
0.0544199620938919 -0.0447067453687399 0.372698215310211 0.41148453513791
-0.027235446689878 -0.0444816925286582 0.453665385072584 0.454086128407527
-0.0347498472457014 -0.00540746252547286 0.469387021064225 0.557325154793209
-0.0072541317040206 -0.0241139188269343 0.522927825348036 0.493933630541885
-0.0264465641955572 -0.0351427475079447 0.456208822186343 0.220194935766683
-0.0301682153672451 -0.0270542373293998 0.235047419756427 0.00464730393525723
-0.0416706157547736 -0.0417482977847759 -0.0479136917298426 -0.121621947447315
-0.0397521483733069 -0.0274884976115504 -0.278652154198325 -0.118032090537585
-0.0315817963373937 -0.00944598402153268 -0.514048978063262 -0.103419790335164
-0.0278325457672616 0.0122635089482528 -0.626799132709863 -0.0350818235284629
-0.0548289079922819 0.0194358629660065 -0.691659322544884 0.0217478426391613
-0.0756855875132959 -0.0198976512522936 -0.658675596085956 -0.0455481312130679
-0.0136282812667449 -0.0427019002767072 -0.532173832049486 -0.141484315117096
0.0323086198321236 -0.016700940255326 -0.204317410480894 -0.120605724369419
0.0410879425898294 0.018234188366441 0.0803397180984927 0.156568341581115
0.0368290230120378 -0.012818051981289 0.353058775560968 0.43039244530222
0.00310050997527824 0.00599003892505061 0.419289278306211 0.490262030899881
0.0115643493161632 0.000376717705479699 0.422361603004337 0.60626293125592
0.00670680650134744 -0.0241943021861384 0.491499520621462 0.538628464712772
-0.0181595128194463 -0.0146817768429248 0.439899971187271 0.239371532524466
-0.0106673451309123 0.00961604646815169 0.22444118362804 0.0030884347189613
-0.0150423504270249 -0.00325349954247047 -0.0614325311752825 -0.1323652179153
-0.0111095026227089 0.00659717785522162 -0.294880152007167 -0.118050062004291
-0.0134373453644769 0.0097967663155008 -0.525381410881046 -0.0791896314168346
-0.0172581610688778 0.00744848774690871 -0.625306305573633 0.00895043693900359
-0.0260605645849015 -0.00558865995059505 -0.682067164866404 0.0754413545125618
-0.0200781290008505 -0.00644390049159123 -0.657129154737308 0.00402966662933456
-0.00289633903213865 -0.00345873522756679 -0.537646016629856 -0.111203501769784
0.00925687607400492 -0.0153772225780966 -0.205902062926279 -0.115422762795555
0.0233428662432071 -0.0027165582305934 0.074829504139581 0.159654528925452
0.0142052159696142 0.0173636149937853 0.346480014430036 0.434432114298776
0.0305983505155247 0.0590865631227316 0.41466112707356 0.499737720084341
0.0566622471019985 0.00848850043511116 0.421018017115771 0.615530859818247
0.0182700486425921 -0.0217152205963808 0.489735050119213 0.543730978719051
-0.00988144829685121 0.0105321792054774 0.435318028745863 0.24401143251074
0.0111232756783375 0.0472865579688608 0.223001301570223 0.0112875411262255
0.014060527638816 0.0367097089371195 -0.0624132969941751 -0.127825998834193
0.0207755224485196 0.039037471866785 -0.296737497095155 -0.113003722025149
0.00733882381064238 0.0271938888371305 -0.526713775435845 -0.0690405755363317
-0.00686693815995717 -0.00105385568259207 -0.623697841792695 0.0162200389697446
0.00178107734926163 -0.0345014265554548 -0.679791296644756 0.0797383268619408
0.0362738693605143 0.0025786416819959 -0.654503646669046 0.0102172802445481
0.00973284944138173 0.0340741217818634 -0.540320747610329 -0.105747500671352
-0.0152363349027257 -0.0147040728971746 -0.203771120302264 -0.118104186974703
0.00488941372041287 -0.0189472437689549 0.0762298074842063 0.165555032034917
-0.00315263104649434 0.0469492875390405 0.35484104982372 0.416740970394965
0.0625611455132372 0.0986625850056029 0.443369505696285 0.481938792139525
0.0928682360259405 0.00641954181084888 0.465194832774369 0.58143141727409
0.0265124787902353 -0.0207178410553015 0.514484061991281 0.508531485827944
0.000397884582640035 0.0336373775878903 0.44245129623192 0.235206813696775
0.0342877350837576 0.0793290168507252 0.229611854554217 0.0289094230331791
0.0425753637221856 0.0703299139938243 -0.0511640270876378 -0.108984587751555
0.0482667012658896 0.0666577958699739 -0.285935440060727 -0.102891570103894
0.0251465363281788 0.0412677900847471 -0.521903527486642 -0.0769297492046406
0.00122640793054459 -0.00972657970622201 -0.627667174451727 -0.0123137132107452
0.0291070428184538 -0.0593080581894292 -0.68265361704419 0.0344123860449274
0.0862465676609563 0.0153465210873976 -0.655919576858865 -0.023031583458956
0.0156535301808925 0.0671913100373357 -0.544620455391121 -0.126240232891367
-0.0369802555080667 -0.0188426153448636 -0.1988285754952 -0.124889162543935
-0.0122424015428324 -0.0255804380890796 0.0840904120420137 0.169835914255604
-0.00535853242306087 0.0706054753133408 0.372962131843611 0.386045468828071
0.0959026780406718 0.11207637212758 0.496329275351008 0.435259471722582
0.112212743905107 -0.00928348160269875 0.536786617309663 0.499373441072023
0.0274068980048526 -0.0202030091665258 0.55499622660512 0.433757112159118
0.0125994176781969 0.0501889692500023 0.456371852161456 0.216726891444074
0.0554890239938851 0.100556691525472 0.244711177491406 0.0523339534321453
0.0643479448956024 0.0947842420907905 -0.028618218669833 -0.077441271898694
0.0680335564048896 0.0878212812736205 -0.264433714090273 -0.0881235053330761
0.0352636497750136 0.0510466420058236 -0.508650319107454 -0.0999964996274979
0.00909539459036175 -0.0159254399163378 -0.626185378538556 -0.0758102228583244
0.057581835520192 -0.0737126197933292 -0.682282022915116 -0.0561864109490683
0.120692265594343 0.0375207015523038 -0.650677092434073 -0.0914842343730731
0.00864980349542163 0.0905510138179238 -0.544254075479214 -0.168259296731063
-0.0525080617276808 -0.0300224890195101 -0.192777985723572 -0.133605571173198
0.08529637821742 0.0278469033772011 0.125680262605466 0.154180182048879
0.0222571407917072 -0.112818578213656 0.442805316703294 0.28251270703517
-0.119738868479045 -0.0716759993521874 0.603373305395657 0.218860529635443
-0.0916769764888231 0.0378488872927191 0.659256273174375 0.196832001151937
-0.0232442092425744 -0.00376833867254232 0.62780766879801 0.18912185549489
-0.0445970115371794 -0.0531023568787757 0.505832070169133 0.106752400065966
-0.0563799006480851 -0.0748135470395075 0.293738805613982 0.050599460793723
-0.069469435653001 -0.103301155453408 0.0388594998207457 -0.0203735758110823
-0.0645457323251825 -0.0947182530048702 -0.18092311185477 -0.072197314264377
-0.0388255102766829 -0.0516293025586082 -0.423698941574786 -0.206355201492516
-0.0507419743897753 0.00868828067302694 -0.563425409365932 -0.297422850422548
-0.133433024295948 0.00998607323305263 -0.611176687316673 -0.349559996096269
-0.142042770887522 -0.118626003777451 -0.563483724957585 -0.346655861285801
0.0172810932636482 -0.12077896896847 -0.474795346513417 -0.309950313473733
0.0703095946045945 0.00482380753888399 -0.177716830775018 -0.152890873524071
0.0829947375490149 0.0391593729340845 0.111742045248365 0.155412379062912
0.0445835922271713 -0.102598970001135 0.420540537350102 0.328139920607875
-0.0989642196597162 -0.0852543019785546 0.55537797710276 0.30805618229966
-0.0921731214844899 0.0194354836974288 0.605422194611251 0.336821334693718
-0.0240507077260304 -0.00974858862285329 0.603162331049516 0.302110242719074
-0.0411311319633774 -0.0542336925351322 0.489472981746852 0.145858836087468
-0.0553490056218118 -0.0713630437757001 0.269122664946911 0.0330141975463807
-0.0705795187004762 -0.0957150854221215 0.00764063751323208 -0.060030148187875
-0.0690583074998527 -0.0834285856908621 -0.21228077695683 -0.0958277563753539
-0.0452297121447632 -0.0453595084175922 -0.457688209436386 -0.175264129339628
-0.0458534600508432 0.0127153361731608 -0.596990005592937 -0.201184751358119
-0.115242062814225 0.0290657876318247 -0.662309195524928 -0.208845419905398
-0.144708479674544 -0.0827555223063637 -0.614047419225496 -0.239639083692047
-0.00210433834852179 -0.110601883860155 -0.496734265748606 -0.251097506340226
0.0661859418306275 -0.00514236516632225 -0.187990819965384 -0.142329553827693
0.0729820028731941 0.0429343198864193 0.0990815470177695 0.155143360819867
0.0581647852958904 -0.0769922277168079 0.393677433874472 0.372916020691242
-0.063521181528904 -0.0772990615355346 0.498543937477753 0.388654952391893
-0.0723456998338991 0.00151481451262617 0.533720751345715 0.462678929720588
-0.0183744308073572 -0.0180320826535962 0.5603049998247 0.409585161776761
-0.0347231824542393 -0.0485614162025136 0.469043640799183 0.185729786858968
-0.045371549914046 -0.0552118395869142 0.248263075243251 0.0154349469135117
-0.0609763030592374 -0.0743302746559698 -0.0228367240862053 -0.0950188816637696
-0.0605884335383596 -0.0594205957341044 -0.247586665975439 -0.11135110164659
-0.0430791146791114 -0.0292780347706637 -0.486013663984071 -0.137374609420445
-0.0383737850466627 0.0140286901776005 -0.614152265946606 -0.108166295334652
-0.0854916475229722 0.0325257097914181 -0.681781483590123 -0.0778262905408707
-0.120026435113419 -0.0460865334905312 -0.641214636966103 -0.133072323024828
-0.0143553157107758 -0.0809972779638426 -0.515345840487286 -0.189552958140752
0.0521033349123416 -0.0132202463129917 -0.196052409983532 -0.129820650671309
0.0573353967997919 0.0351880377212177 0.0872742929073167 0.153912243511727
0.0543561363443865 -0.0447018853230979 0.366814906037875 0.406689691688252
-0.0265479652104597 -0.0432820229810967 0.447101492630251 0.449319472805242
-0.0344229716597692 -0.0057460055049008 0.461316101723309 0.551761029859396
-0.00679445508600106 -0.0232755693983497 0.5143602402087 0.489804115706225
-0.0263239306467307 -0.0346128706414836 0.450612753262129 0.21790005040066
-0.0297158058668773 -0.0268888765651155 0.231462465880152 0.00468452018111728
-0.0418335078514398 -0.0411888523743878 -0.0465671360548466 -0.12040031796973
-0.039136927468169 -0.0273430492992451 -0.273419912173203 -0.117596105941012
-0.0316280604016593 -0.0095336949141907 -0.508465621358011 -0.10183428232445
-0.0275799419320119 0.0130404454881619 -0.618610244959744 -0.0331536537034853
-0.0533497331756245 0.0195259985552083 -0.680741013253488 0.0203552527474127
-0.0743039860890585 -0.0202929458130359 -0.649716217788817 -0.0464219725462696
-0.0133693551683436 -0.0428471534497645 -0.524754170059372 -0.140048240488642
0.0307179267062419 -0.0159417222022436 -0.200671439070474 -0.119672614475036
0.0407404141159351 0.0168907972452241 0.07829523080898 0.153584700210915
0.0365355509226958 -0.013162396862697 0.347368179392007 0.425865496820113
0.00348199082416122 0.00654271029912006 0.412429947606965 0.486654126686109
0.0111529669351587 0.000780702407697241 0.416385508773985 0.60014488521622
0.0066700494477475 -0.0245626008527417 0.484907937402663 0.533379329350945
-0.0180445549505196 -0.0140000122769891 0.434459722482258 0.236253063528942
-0.0100768190174141 0.00921918908423014 0.221318104619325 0.00209540659317205
-0.0155570741266355 -0.00245760986076914 -0.060354228095019 -0.130586838629014
-0.0108004550761383 0.00668925184337692 -0.290119381383133 -0.118376599359191
-0.0130313646185954 0.0100791742682445 -0.518989803287748 -0.0775859883598551
-0.0170409077955517 0.00710874171312023 -0.61617418655682 0.00772467978797206
-0.0249124952410434 -0.00493770315398214 -0.673307124014134 0.0736245369175428
-0.0199212004075435 -0.00557011590637242 -0.648549105439805 0.00198704186206733
-0.00214053156107681 -0.00346113383316015 -0.529143461513135 -0.109153664398439
0.00815291117535252 -0.015302540443253 -0.203193717778534 -0.114894203342793
0.0231051998542418 -0.00332182070327008 0.0731001082735626 0.156919882814234
0.0136089241097167 0.0170963071102249 0.339245195646918 0.429412720452477
0.0304079631201537 0.0585398332705871 0.409275340787118 0.495670536350332
0.0560724872435832 0.00820102295306049 0.414166502471598 0.609491288780175
0.0189922298320178 -0.0218672642066909 0.480735087031854 0.535987013752191
-0.0099438771218491 0.0106451629093034 0.429717932681263 0.241379325756745
0.0116803098603365 0.0468806205542372 0.219356947668529 0.0113650577933677
0.0140378237637756 0.0362234013100403 -0.0608293553256081 -0.127176807209666
0.0202050892252336 0.0388471490747026 -0.292547945534319 -0.112213155465085
0.00773342966402406 0.026332988382964 -0.520233097665762 -0.0697131507304249
-0.00766804419785982 -0.00043008405103795 -0.616012905767142 0.0150415318180898
0.0010316881033228 -0.0340059208088026 -0.670576774375489 0.0789401065322626
0.0359752912338277 0.00214358994228675 -0.649421633425927 0.0083429542132873
0.00966119678793358 0.0328645834829498 -0.534856861943499 -0.104718459833972
-0.0161632331362373 -0.0151653098821212 -0.201045548171552 -0.11642950169694
0.00488615650983073 -0.0190818735467408 0.0740574078428325 0.163113141145065
-0.00351848848820563 0.0460491921721723 0.348063275655044 0.41412952988659
0.061902015014232 0.0974989033663285 0.437697191509808 0.478113683094885
0.0915701766152946 0.00599658640869138 0.456798045097859 0.57483760181277
0.0247920207782925 -0.0204388938453048 0.506811139765607 0.500633536010843
-0.000502670527841483 0.0341273638166985 0.435753131373756 0.231723395438635
0.034051871502014 0.0787843645888542 0.225559297491606 0.0285957018258775
0.0413413354475864 0.0699597066529345 -0.049745065089753 -0.107966442704272
0.0480631537218501 0.0663806817403658 -0.281523273234628 -0.102163651443873
0.0243424069648504 0.0407658312690521 -0.514482488508615 -0.076962677392711
0.000783992153405378 -0.00951604365042745 -0.616793217249921 -0.0142931124154215
0.0284811587843934 -0.0590625743894868 -0.672684957679764 0.0334834628094938
0.0854397799190275 0.0150190711985991 -0.648637494030217 -0.0241615466846921
0.0155308690965903 0.0657125201561053 -0.538021605813027 -0.126310288035853
-0.0372327233900546 -0.0188981437248771 -0.196864698751306 -0.124414659492433
-0.0118419430429062 -0.0253863509335806 0.0823018467693485 0.167800050271932
-0.00501955338607975 0.0693217554639891 0.367231518575836 0.383057880888308
0.0946993351541805 0.110788449252633 0.489878462303844 0.432137879741349
0.110840731565147 -0.00935213802788403 0.530287236497558 0.494537074398127
0.0261791188057248 -0.0199407994247668 0.54808585538826 0.427715700462312
0.0129641436193404 0.049998684847556 0.449598559072005 0.21364713326498
0.0547758466525105 0.0990536392692156 0.241971780548173 0.0509534902180283
0.0631429112657413 0.0933066151892705 -0.0276377224403039 -0.0768087343060376
0.066505204146268 0.086459705453926 -0.260660968762039 -0.0877324899215649
0.0350935207297315 0.0500110316230042 -0.501816884998173 -0.100074265727159
0.00910448843989355 -0.0157391906111722 -0.616533211462882 -0.0749899109329835
0.0569639448507509 -0.0720788817060584 -0.673708786986067 -0.0569021274464832
0.119484021663278 0.0374574150996454 -0.643246134649137 -0.0928011271527721
0.00880391601814673 0.0896467327483215 -0.53540812422847 -0.168088952618675
-0.0537455792938409 -0.0296818887286695 -0.189026393975179 -0.133528993778625
0.0850021795380396 0.0274479166803526 0.123536684331657 0.152210866709507
0.0229219077952872 -0.112692815589212 0.43618295197881 0.281239420174247
-0.118427355525832 -0.0715539360292528 0.595663556460592 0.217946037167687
-0.0904075270387428 0.0377732758887131 0.649914459511285 0.197546021204768
-0.0226733671668403 -0.00350124930827354 0.618531879333478 0.188461214859866
-0.0431374540995378 -0.052457872403046 0.500165300440123 0.106077681935846
-0.0556292662368734 -0.0741352386834649 0.289516567061023 0.0516755829567727
-0.0681854535112358 -0.10246603995703 0.0393537796236569 -0.0197759372531428
-0.0634435896419738 -0.094221504869404 -0.177293819223716 -0.0718417184556723
-0.0372341826612356 -0.0517063459860172 -0.418816607480642 -0.203618055115844
-0.0504738630953295 0.00813753848446353 -0.555547302725928 -0.29611898897937
-0.132060407615555 0.00914992159902485 -0.603282847606322 -0.348159869102748
-0.140017203789084 -0.117794708152798 -0.555238899568921 -0.346017505106882
0.0182470314398824 -0.119773261159607 -0.466439284177032 -0.309588783911869
0.0690283447226486 0.00546887922238816 -0.174628595110676 -0.15199019227477
0.0825736843304095 0.0392420863391723 0.109601361991118 0.15490682122016
0.045394746021396 -0.102374573910079 0.414268682281495 0.326676858241825
-0.0972501385115099 -0.0844965828476174 0.54908764305836 0.30625252410888
-0.0917616014363536 0.0191646520728804 0.59942329843649 0.337448395038754
-0.02316239664293 -0.00995033873348766 0.594394052163621 0.30215940369592
-0.0406060765405591 -0.0532345852343294 0.483779309275835 0.145589564512886
-0.0541525997776374 -0.0711873424109287 0.266349658004036 0.0329341341854553
-0.0696564714759589 -0.096100407000351 0.0080959350848376 -0.0595990611437367
-0.0675936981053132 -0.0838071689779479 -0.209778018338834 -0.0963334221156472
-0.0443906527022392 -0.0441948371278801 -0.450604570183465 -0.174220056943326
-0.0452639472488909 0.0121956124943534 -0.589107063129111 -0.200732717226554
-0.114488370621163 0.0283025896385465 -0.653252818932323 -0.209669947547176
-0.142550274762053 -0.0830768462418268 -0.606368853086219 -0.241123810443421
-0.00210212278632952 -0.108995614500956 -0.491564709140467 -0.250537303171675
0.0659604583895468 -0.00496666189123233 -0.185046055021558 -0.141178619099505
0.071947835505374 0.0422669692848681 0.095791079960579 0.153511099525016
0.0578147779411095 -0.0761514855898314 0.387422785864007 0.3705721091644
-0.0623500596806456 -0.0759758305336548 0.491902159626174 0.386032040334823
-0.071729984960641 0.0013747458546427 0.526200220247598 0.458100389465156
-0.0175877219315398 -0.0183464786559227 0.553762714374661 0.408991415072467
-0.0338631683825764 -0.0479839464188046 0.46371802963156 0.185497536738181
-0.0448104824115632 -0.0540842443456605 0.245028299803106 0.0162595338262747
-0.0602404613982787 -0.0741742439563249 -0.02270310797404 -0.0948742724432464
-0.0589431880211871 -0.0590498004608861 -0.243067774697297 -0.111661718526301
-0.0421449665166746 -0.0304328023439539 -0.480392487665023 -0.137541413194567
-0.0370272762140987 0.0143233743310577 -0.605674347791152 -0.10854181374985
-0.0843934284990794 0.0319291690863368 -0.673533298363697 -0.0794441185562557
-0.117991695541637 -0.0456807420145936 -0.633758962256006 -0.133488144375282
-0.0138806914166063 -0.0801835287986173 -0.507264766610229 -0.190035025121975
0.0509890661430749 -0.0130216719989768 -0.192542373393032 -0.129177786183586
0.056513529742898 0.034597381435649 0.0848485498113104 0.151946277164371
0.0541675239967085 -0.0445697252411248 0.360510200972588 0.405715634466118
-0.0256517496271828 -0.0432582930202228 0.440713940265779 0.447535386149612
-0.0340146333098572 -0.00549696049252178 0.455491431405954 0.550678612447853
-0.00688698212097144 -0.0232350392917968 0.508715996971288 0.487472952569372
-0.0257630170771888 -0.0335765117111438 0.443831632371296 0.21588400655072
-0.0287815606799794 -0.0262372218073256 0.229671422205391 0.00553715018136226
-0.0409573191080352 -0.0413063178950614 -0.0463136972948135 -0.119605963524272
-0.0388075655856336 -0.0277085062834405 -0.270043840694671 -0.118388735436335
-0.0314959495036952 -0.00942593816963698 -0.501980213906774 -0.102739122054486
-0.0267781809204155 0.0121888620630233 -0.61039966321702 -0.0360844343484987
-0.0535797705221822 0.0191409220576654 -0.673290102349209 0.017564406128065
-0.0735861559065562 -0.0203454421808932 -0.642606919125462 -0.0496793313593152
-0.0128407853618554 -0.0427412854528218 -0.518504879596366 -0.141221000466644
0.0298135163344037 -0.0158561002357654 -0.198287169038683 -0.11949468241762
0.0401332298472871 0.0168499781891462 0.0766094401964773 0.152860760019558
0.0357598187587334 -0.0136152922721418 0.339683182135918 0.424693591506647
0.00435888368273054 0.00646896029214853 0.406851773211234 0.481159935435157
0.0106750369398959 0.000568576259751716 0.408446169896978 0.597895734512307
0.00623117624838292 -0.0241371666516297 0.477217803800278 0.529276926417533
-0.0180289245634942 -0.0134541778787711 0.428741216545619 0.235695946552673
-0.0100162786621101 0.00935665690594646 0.219678689833676 0.00346865557430879
-0.0151196886880433 -0.00312186849956226 -0.0592227684580064 -0.129985905740398
-0.0103461017977931 0.00669379046435496 -0.285037699284693 -0.11914006074713
-0.012726313133692 0.00934704845063892 -0.511398448802963 -0.0778577469461261
-0.0167649140847077 0.00657245592280975 -0.606540461233059 0.00561011342139214
-0.0253619384378735 -0.00527942433454514 -0.664276730387839 0.0691335055862615
-0.0188817852516344 -0.00604757794172648 -0.641759199195914 -0.00235383529121789
-0.00199227638540634 -0.0038425340965783 -0.523277228087505 -0.111049644471025
0.00697157966819016 -0.015007207932519 -0.19949190360169 -0.114512245098476
0.0224986914937801 -0.00335926029599804 0.0707812323838228 0.156271445568635
0.0131335958624272 0.0160549298692261 0.332659426127696 0.427910929036378
0.0296183185559534 0.0581520824808444 0.402057963277336 0.493125314249702
0.0555457424701729 0.00847316285435163 0.408003431293112 0.606443890782268
0.0175119035339625 -0.0223250740587496 0.474682096260201 0.533578810499065
-0.0100656193397913 0.0111271263209798 0.424499668549662 0.24048904977883
0.0115004373942741 0.0461210959171695 0.216898689433315 0.0109906068228934
0.0133576600486459 0.036213787304426 -0.0596477898210506 -0.125688542713458
0.0201823284482078 0.0379588235394061 -0.288732639375591 -0.112657210852886
0.0070611364626862 0.026562090808337 -0.512788490953942 -0.069803883808757
-0.00771282142282189 -0.00110160255923905 -0.607298839450768 0.0132968445822911
0.00136942848193792 -0.0336644275251562 -0.661622910124954 0.0755284912372692
0.0357226788819096 0.0030569092560027 -0.640676023683464 0.0050909087641695
0.00983362252823687 0.0328952225347297 -0.526721986083353 -0.104802274648706
-0.0162200790095835 -0.0142648951134886 -0.198044785387873 -0.116555358050705
0.00453248532590729 -0.0194828056436245 0.0710491077522037 0.160624356289937
-0.00322742306594339 0.0450923548991117 0.34241178639483 0.410275075197103
0.060854842255871 0.0977803571407424 0.430413111313147 0.475676505694364
0.0910623407589841 0.00649860485510231 0.451989467587085 0.570747532369166
0.0243796197104081 -0.0197265175027688 0.500300890504892 0.497611864580793
-5.19487991153117E-05 0.033644514146864 0.42931114050988 0.230373376089269
0.0330533161135054 0.0777693098000951 0.222756422566347 0.0278478902346945
0.0405898462075762 0.0693094060789144 -0.0490069361178324 -0.107058581199885
0.0475709108290734 0.0655346362935342 -0.278330235877851 -0.102460828855393
0.0237467763452979 0.0400093509644505 -0.509485225820326 -0.0789916308332524
0.0010304376223656 -0.00953119489206504 -0.609776723937496 -0.0139360450159381
0.0289975123937007 -0.0582123275327203 -0.665760219198132 0.0300499822449465
0.0845653679325666 0.015208139765236 -0.640623677008789 -0.0277881458852288
0.0151074969043048 0.0658648627521093 -0.530964466760844 -0.126215745733249
-0.037537418358011 -0.0191308436111877 -0.193197210768493 -0.123811313414947
-0.0120057876069662 -0.0258421768045444 0.080422217172408 0.165593627050917
-0.00527405912700846 0.0680185602505515 0.360868112004011 0.380847591769667
0.0937414330191939 0.110135262060137 0.482663134799064 0.429953395049265
0.109982602336103 -0.00917799692612691 0.523291202425702 0.491869996196266
0.0261949320015684 -0.0193105112995097 0.538738159789079 0.426095784155339
0.0119910315087299 0.0501271603070191 0.44354211149444 0.211463601153174
0.0543491365673463 0.0980112307271356 0.238363401281893 0.0517222483757018
0.0620166285808509 0.0924862097400293 -0.0274046996950987 -0.0767755194221417
0.0661256827810205 0.0860773618562755 -0.256588635345396 -0.0880870178176095
0.0337435005851535 0.0499495267828587 -0.495342849079818 -0.100549178614483
0.0088303586650306 -0.0158869327152986 -0.609792574481366 -0.0769100300777296
0.0566481122653169 -0.0711929398686909 -0.665087644162478 -0.0590894101162007
0.119089853061073 0.0376531971816326 -0.636087066976687 -0.0944787142513549
0.0080781223966145 0.0885176752483215 -0.53006076811215 -0.1689666329897
-0.0536537500142564 -0.0299175774135709 -0.186728285941385 -0.13209360394018
0.0844903781553052 0.0270412043299866 0.121420849330319 0.151068945408451
0.0235963552545366 -0.112005562181819 0.430089529243787 0.281873733971887
-0.116760683513892 -0.0714282600418618 0.588877028424253 0.219317386517484
-0.0897289059763255 0.0367912679838078 0.642604772699229 0.201798038801574
-0.0227067713333429 -0.00441085109101306 0.612210995450975 0.190547577985012
-0.0427933744492829 -0.0516201162464043 0.494345500362197 0.108783014383492
-0.0549651039366386 -0.0741089615680524 0.285907372319117 0.0523584796971688
-0.0673012446570616 -0.103142597358976 0.0388652552108278 -0.0197577248875575
-0.0623121813600783 -0.0932042089305865 -0.173406447497364 -0.0726681613775165
-0.036708142307185 -0.0513405763336376 -0.413085224447374 -0.20493582939148
-0.049833035475082 0.00858264963014323 -0.547198621406707 -0.296111776252274
-0.131510198866189 0.00868569832673161 -0.594872939315388 -0.34865760631982
-0.137118094292889 -0.117928769265947 -0.548386316669433 -0.347227188612844
0.0185479439147781 -0.119196856157024 -0.461346054748284 -0.30873512735341
0.0682147811102792 0.00530702907511234 -0.171713124264301 -0.150462691420855
0.0814969572894918 0.0388420460169008 0.107372696204116 0.153338075678564
0.0459890318166081 -0.101387101578585 0.407752849615783 0.327874159186871
-0.0962081501004066 -0.0839580621264998 0.541360351213521 0.308999420499089
-0.0905599691108507 0.0185558308729336 0.590468962930922 0.338835641320819
-0.0232214490783539 -0.0100591352753464 0.587629830171906 0.303889432104862
-0.0400145774613105 -0.0529514892741389 0.47809004025728 0.146321077247964
-0.053892460863628 -0.0703597493128007 0.26237988796367 0.03343630370461
-0.0692361212358099 -0.095702850720609 0.00862290707131595 -0.0591578075971933
-0.0668414850613731 -0.0827588094916641 -0.20636033756639 -0.0969560470161181
-0.0433193622468942 -0.0453633582360184 -0.444820298037228 -0.174539279102366
-0.0449509941605156 0.0124030847896873 -0.580085375529199 -0.201490075427244
-0.113393798819012 0.0278915790360754 -0.644075271264586 -0.212063708092415
-0.140597888078338 -0.0827111682604575 -0.600183981750004 -0.243300523426759
-0.00048804329685196 -0.108228507063035 -0.483607839881301 -0.253094920210494
0.0637022614240273 -0.00456266387668704 -0.181657753232957 -0.140058001829086
0.0709089611035195 0.0423425582189485 0.0941525747428013 0.153047055050454
0.0583267834249399 -0.0761065933054267 0.380630195920881 0.370004371263418
-0.0611978942186519 -0.075611512334954 0.484936900652193 0.386046646078404
-0.0709321430096726 0.000962823583243628 0.517408292532734 0.458300891493329
-0.0173604744504717 -0.0181613711605547 0.545949461624485 0.409110547409277
-0.0336449542262725 -0.0473832588871172 0.458894740871753 0.185858537180675
-0.0437898027390712 -0.0540933284217808 0.241806432959095 0.0166937325474533
-0.0598886738312101 -0.0740011809674553 -0.0212423234369431 -0.0942293432364503
-0.0581452574437749 -0.0587594968864601 -0.238434417717326 -0.112863543139545
-0.0418386939418298 -0.0292604602842503 -0.473835577616229 -0.138122537323842
-0.0374091474444206 0.013901559222094 -0.59873589600724 -0.110120019302021
-0.0839925239629632 0.031496736499788 -0.665646813761503 -0.0822643459706734
-0.116790793251459 -0.0458107924422116 -0.628553811656335 -0.136973140632207
-0.012696392695801 -0.0803226143199594 -0.501006692877301 -0.192040606364269
0.0496987846206735 -0.0123625176951469 -0.190508595320562 -0.129346200768479
0.0561712162670784 0.0344055774083838 0.0824358789710852 0.151059638266255
0.0543663039691917 -0.0445041020463281 0.352904561506673 0.404148745347834
-0.0251020945907791 -0.0423293059513766 0.432318742881421 0.445793680137361
-0.033396101956612 -0.00587062587978047 0.446179434425979 0.546719029471558
-0.00706393933035144 -0.0236378061347086 0.500621684575723 0.485792297414424
-0.0251977704330913 -0.0335315217212032 0.438457437939507 0.216410340554964
-0.0279400697393897 -0.0263934699625806 0.226472644621837 0.00598703022186631
-0.0407396563737348 -0.0411855633159036 -0.0442439219036176 -0.119094453209668
-0.037627147503842 -0.0276157715015042 -0.265592628424234 -0.118958175405028
-0.0302358574353958 -0.00978713636585089 -0.495117154989403 -0.104732357263981
-0.0278353869142405 0.0124008331685363 -0.60306411136735 -0.0375395500730439
-0.0533073927949765 0.0188897058987506 -0.666524790190973 0.0143649451210648
-0.0723691690924685 -0.0201125725699782 -0.636582907979987 -0.0540283696851703
-0.0126763465011902 -0.0422556627360403 -0.511778442515964 -0.143200099122508
0.028399151881209 -0.0152448429754034 -0.195928392427782 -0.119358105135529
0.0398210071383617 0.0164951508746842 0.073906126418877 0.151029974254747
0.0363953670944134 -0.0130160692908498 0.33439763861508 0.421925988625639
0.00396577446415523 0.00668871520384677 0.400171911617107 0.480479017803698
0.0108751054545602 1.80051658409653E-05 0.401212386977801 0.594725610343877
0.00613322521542579 -0.0240806318568892 0.470770087257418 0.526354280686997
-0.0175604798453118 -0.0130033768222582 0.42327945298684 0.234476088687447
-0.00924998056971867 0.00903194075845049 0.216301066972062 0.00359233219918187
-0.0155396228403617 -0.00321097656972377 -0.0577532963413862 -0.129374634929355
-0.010366622714961 0.00597903701531998 -0.281010021818943 -0.119092272204196
-0.0128172527429048 0.0099178541422329 -0.504765768073793 -0.0797981288465917
-0.0171593315166593 0.00671891441617195 -0.600208100826844 0.00229021687390511
-0.0246677816420866 -0.00473708952304448 -0.658898462513821 0.0650524706030326
-0.0186989701287546 -0.00565412564686393 -0.635241399497654 -0.00588354209506499
-0.00230157924134134 -0.00384332034472171 -0.517930086339729 -0.113328904525835
0.00589696704935946 -0.014485321604494 -0.196194548946966 -0.114209422005809
0.0225640970142545 -0.0038775595901354 0.0682560381191256 0.154480115175905
0.0131545586745055 0.0154007402516388 0.326610953946583 0.427160203775941
0.0296926074972531 0.0583087000292657 0.396914983687989 0.489407523860709
0.0550292590717383 0.00848278230610629 0.400105134977472 0.603665791246593
0.0177209288297916 -0.02134249464924 0.46809250402287 0.530712998859218
-0.0103179784873416 0.0108640539161557 0.418701079683323 0.240235492826553
0.010889425812098 0.0460610473992092 0.214489520622854 0.0114871907347421
0.0120815835315401 0.0351398006359535 -0.0581737089748216 -0.125410880922996
0.0195887496128094 0.0380817295434664 -0.284447222064657 -0.112852178864996
0.00703439621006264 0.0266472355557361 -0.506814801154785 -0.0725035478751528
-0.00792006351990714 -0.00143159566866193 -0.601410048427188 0.0103243775207962
0.00133047775507571 -0.0327164820400142 -0.656474611647554 0.0693777472879932
0.0352737637904212 0.00300569913290906 -0.635775492193246 0.00109259298496989
0.00935805545808506 0.0326690428330062 -0.520894608360988 -0.108055162841488
-0.0168029610149175 -0.0146265816446699 -0.195457015459791 -0.116899594964599
0.00424379286447263 -0.019863177120322 0.0693729987892839 0.160360558386169
-0.00367570355911214 0.0443383165777175 0.334647514852529 0.40943128371431
0.0599846987012767 0.0965221676847336 0.424063707193619 0.474685286533024
0.0903462344329291 0.00691632286645526 0.443656956968511 0.570159127779135
0.0236246248882185 -0.0197557263280214 0.492457013440863 0.495076097412378
-0.000612854247097485 0.0337779351171608 0.423798472033124 0.230512528408628
0.0325101136867865 0.0780147909501636 0.219976852138896 0.0290746404364581
0.0398147562912382 0.0686445504073328 -0.0477862244692131 -0.107109478743374
0.0464284662809416 0.065522834031765 -0.273501642207976 -0.103821698470716
0.0237642717649133 0.0395725115757977 -0.500711046992862 -0.0798935925184186
0.000436661725528096 -0.00930948317532239 -0.60290162661974 -0.0174747382950388
0.0277272185915166 -0.0572932292242686 -0.658854414677101 0.0260039475867914
0.084436739507031 0.0155188511034305 -0.63368191840006 -0.0318795271219349
0.0145349388472824 0.0645487962702944 -0.524975647237916 -0.129120465361241
-0.0380616708295933 -0.018622691167013 -0.190498406227857 -0.123489261010734
-0.0117019396229036 -0.026227861103934 0.0773094272317899 0.164445209083945
-0.00628490132132842 0.0678896977516704 0.354315410636213 0.380153204681936
0.0919509787703659 0.1095262612735 0.476074248966491 0.428771163963926
0.109112064630033 -0.00874435544178777 0.517282418825001 0.491793051207449
0.0256969574479696 -0.019684717767117 0.533519263518875 0.424981212441213
0.0115254223651018 0.0498973055730289 0.438944769771263 0.213233689895113
0.0529987443570651 0.0978392923914623 0.235553756372245 0.0519176149819352
0.0605152860283029 0.0917272163990589 -0.0267240127621343 -0.0761455195051493
0.0649108901425027 0.0852596767134483 -0.253290110894142 -0.0889040141598847
0.0335583692006918 0.0501023833323965 -0.489318382030202 -0.101456304032218
0.00744229997792224 -0.0154925352616057 -0.601408245037885 -0.0788688680047592
0.0558411033600897 -0.0699430223552524 -0.658335567272904 -0.0624709959256703
0.117686653712663 0.0380234580257508 -0.630835062348959 -0.0981382440423321
0.00726401029541713 0.0882100977807628 -0.522650902236614 -0.169527451839605
-0.0537047678721609 -0.0292349021905343 -0.183542198562651 -0.132275423364692
0.0834617229284988 0.0276054521598173 0.118552307174835 0.151184937590177
0.0249262165891994 -0.11171204158258 0.424228200733845 0.283074503867696
-0.115150626865163 -0.0709402968815742 0.583949997478891 0.223797257741547
-0.0885620060231184 0.0354674217744504 0.638366235523581 0.205825620097569
-0.0228484473022405 -0.00452183262212996 0.60534195434354 0.193437747714021
-0.0416503615964127 -0.0510059762661507 0.489801087177986 0.110606345966355
-0.0540780439244346 -0.0742420852362268 0.283441076311436 0.0538999408234143
-0.0668345681068876 -0.10319178176838 0.0391071027168817 -0.0196623172291955
-0.0610981441079124 -0.0938646265849467 -0.171375134601446 -0.0739379758118063
-0.0356956199748487 -0.0512385801895373 -0.407771433912845 -0.204698092302449
-0.0499401548849972 0.00794064605216931 -0.541087008741759 -0.297343875003768
-0.130708298429409 0.00761072892014661 -0.586055759781942 -0.351857413535018
-0.13525221877768 -0.117748635140395 -0.540155766071249 -0.347864331014288
0.019558917707756 -0.118702043104316 -0.454421138970492 -0.311090132383254
0.0669078742431183 0.00637353957305724 -0.16892933088941 -0.151267839777707
0.0801316670554407 0.0387086519122207 0.105172346175901 0.152877075010851
0.0467805921806954 -0.101038209321181 0.401033912158327 0.328374170230589
-0.0942884348663355 -0.0846354806485233 0.534285898606622 0.310436460518342
-0.0901430254357921 0.0180179869745271 0.583889773737023 0.341751272841678
-0.0230258039541898 -0.010034566498107 0.581768390034991 0.305770169141281
-0.0400121884170769 -0.0522903920287806 0.472115357880641 0.150287224862632
-0.0521346272874659 -0.0705880758198892 0.259700388241164 0.0351843619132465
-0.0675055662677179 -0.0954786549680825 0.00855309947853821 -0.0587086897928982
-0.0654335416391093 -0.0828654208418894 -0.202300178839695 -0.0979651901847354
-0.0425932877618117 -0.0451183218103418 -0.43990679013397 -0.175741195922238
-0.0441663416992195 0.0117505092406923 -0.574614917960998 -0.204164267628637
-0.112553304175399 0.0275414041647534 -0.636805360370402 -0.21487067431355
-0.139857828700716 -0.0831248488798737 -0.593706408757889 -0.246309909729887
0.00050190337771008 -0.107959456229039 -0.475967628415642 -0.254827850622657
0.0630322828515214 -0.00389767112851252 -0.179145925610715 -0.141831137152241
0.0697209673316412 0.042382733914312 0.0920617437404268 0.15182607225286
0.0591986314107899 -0.0754027610302594 0.373445889538732 0.370862525489424
-0.0595759729721309 -0.0753774925450115 0.479574299701487 0.388805590087335
-0.0699592784530916 0.000520505521338417 0.51076328909257 0.461266030385124
-0.017273855879357 -0.0182302185836857 0.540326084742497 0.409031984849555
-0.0329261931898854 -0.046280162847105 0.452478612220521 0.18794586331572
-0.0426237724095857 -0.0539697873832888 0.240435900341328 0.017589783883319
-0.059077467687208 -0.0740509373301653 -0.0198937225607234 -0.0938328177057093
-0.0577567139271891 -0.0598682955542328 -0.235612831681275 -0.114280825241584
-0.0410037770588942 -0.0294733282710121 -0.469952887328257 -0.140430205725292
-0.0371232436007118 0.0132220527706823 -0.592927432879438 -0.112212328333839
-0.0837893643952909 0.0310935286824379 -0.658760910756342 -0.0865211000018329
-0.115404009036024 -0.0465599497975984 -0.622374863134894 -0.141197328860889
-0.012271592369939 -0.0809140150769495 -0.494489502034496 -0.194313503017929
0.048456229774879 -0.0119009327442664 -0.18685703995501 -0.129987479849473
0.0554172163011901 0.0341986239090382 0.0795983440284543 0.150170813392821
0.0552656756109075 -0.0439605738431746 0.346178460414942 0.404292113661874
-0.0241080961914188 -0.0422946296636441 0.4263885939849 0.44623743991189
-0.0329929723876535 -0.00586631256411765 0.439783938903441 0.547158879023003
-0.00670045592759308 -0.0231749758219129 0.494436106545509 0.485338612098641
-0.0249659519530499 -0.0329920778469041 0.432867427861652 0.218562633247927
-0.0266275643728875 -0.0265334396504982 0.224077320902603 0.00777983883534942
-0.0406487579592416 -0.0421196085988161 -0.0436266963417486 -0.119100971263699
-0.0380950243190579 -0.0276903538671452 -0.262304781585961 -0.121188647812057
-0.0299324888388703 -0.010201494606025 -0.490157962936317 -0.107824701013786
-0.0276704274664333 0.0120568448538001 -0.597776923532393 -0.0427236992589157
-0.0529638872665582 0.0186297877875151 -0.658179064441584 0.00746214720917409
-0.0714378511773149 -0.0196361912177004 -0.631111616633793 -0.058402098763698
-0.0122199393547472 -0.0426996730102892 -0.506033527631218 -0.146123186202592
0.0283287132686428 -0.015031929854031 -0.191856162935871 -0.119161490893172
0.0392730620134588 0.0165965567146947 0.0714214276443976 0.150332777983369
0.0360164032177683 -0.0135147837614475 0.327621558972401 0.422253689562402
0.00407245173805337 0.00687028815099945 0.393743827929732 0.481832649869423
0.0112798792447112 0.000215957261441699 0.394001206204637 0.592875991457306
0.00661673102396591 -0.0236395821233641 0.462569169209188 0.528321375876095
-0.0169463399139764 -0.0125613695225742 0.417770491060519 0.235956937632574
-0.00932192845622083 0.00865679875985708 0.215280859495951 0.00585009393123002
-0.0154945538181501 -0.00397834236272633 -0.0566308504888529 -0.129529149771534
-0.0101504708722526 0.00605861027158143 -0.277941911342966 -0.121025859378437
-0.0122707061464405 0.00954362759989813 -0.499690877978188 -0.0834424367981139
-0.0171790501463773 0.00672756566315971 -0.595694826481368 0.000230976689134094
-0.0248018481422359 -0.00476974162658118 -0.652212363843387 0.0601215871711087
-0.0182248728833203 -0.0052273420249878 -0.629325899699135 -0.0103809227571349
-0.00220611659640088 -0.0042287092192961 -0.511708480573724 -0.117341469717633
0.00442543614894382 -0.0142692306866286 -0.193546520440639 -0.114728702072953
0.0220544086699454 -0.00447281987755794 0.0661308470121879 0.153725647001793
0.012989318829454 0.0153778125014571 0.318876880963687 0.426459685548327
0.0295140595412332 0.0583041396426541 0.389193267570906 0.492008176485396
0.054680419367008 0.0091550333284873 0.393146795698653 0.602086363764979
0.0174893842568322 -0.0215604776878763 0.461110778616635 0.529942214480389
-0.0108459928974718 0.0109969751390579 0.413423160052282 0.241133519465133
0.0110123530218357 0.0458850711699416 0.212301656609145 0.0126126880082402
0.0123710554325158 0.0350080208665307 -0.0570304688605348 -0.12562425717935
0.0198649751097819 0.0372666652314915 -0.280131955706108 -0.114843947095913
0.00663938648391619 0.0255675391287365 -0.50290578690434 -0.0743934612126545
-0.0085391009629515 -0.00133103620512726 -0.596501896572647 0.00591872057550481
0.00156745969097535 -0.0323505550031051 -0.650123850547006 0.0631607383995263
0.0359989397263406 0.00266580048866733 -0.630473333272563 -0.00545928280075148
0.00881363822833129 0.0324279444962265 -0.517199006436722 -0.112059830708683
-0.0173155164296521 -0.0138235117374207 -0.192119062303979 -0.118283276992918
0.0040174407052814 -0.0197960196169383 0.0663626334843083 0.15892943156568
-0.00419035905547328 0.0433899759339407 0.328433020526476 0.409560216534588
0.05909626182921 0.0973704743048031 0.417627706467282 0.473099620992498
0.0898776567423604 0.00660839742408606 0.437492041796322 0.57016023003258
0.0235043528869365 -0.0192182529963328 0.485899515638498 0.495915027266434
-0.00140240696466419 0.0336725469312434 0.418926478505427 0.231251525682648
0.0325196527760265 0.0768337818299644 0.218377081432813 0.0301239792426366
0.0377749032527634 0.0688012912872306 -0.047010283400123 -0.106450610310506
0.0459914180095248 0.0651774998896946 -0.269947991961748 -0.105545514394772
0.022834679531292 0.0393928611229382 -0.496160143499553 -0.0835240671318753
-0.000215442207311326 -0.00929500682497151 -0.597006084823986 -0.0214535883605958
0.0279351680220213 -0.0563167152201205 -0.654101824483763 0.0201477435568464
0.0838607839849902 0.0167754894419032 -0.630132122066997 -0.0347944184179755
0.0145581310813561 0.0644402026038098 -0.519237622558086 -0.132373688352351
-0.0387074179036344 -0.0185342555596472 -0.187794392971707 -0.124640975943017
-0.0115907152636972 -0.0266812823052997 0.0750646490190974 0.164029315902215
-0.00680693912220745 0.0667257716430009 0.347391228607006 0.381279732298482
0.0917504450961332 0.109984279332077 0.469975787107848 0.429895788882386
0.108276875126985 -0.00793704052519697 0.509174358798751 0.49255669171904
0.0245432430353992 -0.0191506525291599 0.52526812817221 0.424058152186068
0.0107584244834191 0.0500248183019328 0.433333042185426 0.213578047424778
0.0518589465176585 0.0968708094205336 0.233870322418783 0.0532797903362483
0.0594455061800211 0.0913843516325254 -0.0264557432330235 -0.0759940597775489
0.0630075845432871 0.0854638115060541 -0.249914318374398 -0.0902785883849165
0.0325415193924927 0.0497102573613238 -0.484121582197007 -0.105109639743176
0.00778692527267227 -0.0157614793665202 -0.595811774748069 -0.0840113349466525
0.055905204674629 -0.0700132810682776 -0.652698287481918 -0.0677859916485021
0.117553381602086 0.038591603545934 -0.624391927193266 -0.10250873877921
0.00639292210332422 0.0877393469837111 -0.518076579918566 -0.172940869253287
-0.0543090439149624 -0.0298542178891848 -0.181249904601211 -0.132425684070379
0.0830144277569963 0.0278939280037509 0.116311862080223 0.15065653823706
0.0261579411861923 -0.112007634255202 0.419534800850738 0.286886480019377
-0.11398393846977 -0.0713107828836547 0.579612624504948 0.227038498735994
-0.0887436846674537 0.0347218558519246 0.632121640332265 0.212649506719062
-0.0229381398023403 -0.00559533938583873 0.600530765691522 0.198780241293472
-0.0415735449258857 -0.0504070882169401 0.485828552237123 0.114406146862415
-0.0526218616293385 -0.0741952101442599 0.281279686935136 0.0554925453775123
-0.0655599068069414 -0.103100075571004 0.0393577151673202 -0.0189357013743954
-0.0603584837759495 -0.0934280507104283 -0.168832201671328 -0.0748110540210988
-0.0353754065901018 -0.0517692844385398 -0.402683510753886 -0.207702990118733
-0.0494506083834335 0.00788795548192793 -0.535392470401131 -0.301592109085381
-0.130184360897345 0.00749930192445106 -0.579421605245184 -0.354000443105702
-0.13373378818115 -0.118616114456532 -0.535170338735059 -0.353873388222445
0.0207706505797579 -0.117720763783291 -0.448017039228204 -0.314426215581081
0.0661144408569862 0.00642737137657067 -0.167216110326904 -0.15185653875282
0.0806024804322776 0.0394115556094197 0.103031178262949 0.152162135991263
0.0479781008164278 -0.100617665620163 0.395845800244242 0.330528172327382
-0.0929176263788254 -0.0845750804390994 0.529965649995689 0.313767583662319
-0.089832864743296 0.0173432460289061 0.576329398875 0.345630971242634
-0.0227042606194157 -0.0107970503746825 0.57412063549723 0.30918099200081
-0.0387272783124023 -0.0521239999576256 0.46935055121253 0.152208541735232
-0.0511396977538083 -0.0708548386934202 0.258214293581492 0.0369639392326352
-0.06692217826252 -0.0965991038345423 0.00932742740789115 -0.0590386429558987
-0.0640780999551602 -0.0837950497182704 -0.199699734323528 -0.100584133966892
-0.0419310750628131 -0.0452692018303684 -0.435413062384519 -0.178071645269496
-0.0448025270792291 0.0111882558079288 -0.569096917911715 -0.207242299620252
-0.112805150193641 0.0265577359498989 -0.631345882635084 -0.220720240866683
-0.137852908319804 -0.0837411194367179 -0.587595160446989 -0.252719514379281
0.00203654487178775 -0.107914158112105 -0.472591515648924 -0.25882820057429
0.0623469816109909 -0.00339971522856695 -0.17660773031739 -0.142198805780025
0.0695142265853547 0.0420715299737647 0.0891980194004394 0.151816192011053
0.0599305839667986 -0.0752539004770795 0.367822656635254 0.372235583956359
-0.0586604284950568 -0.075546092086747 0.472599426393651 0.391306784431877
-0.0698742725660214 -0.000100822649733581 0.50446342132524 0.464007633923661
-0.0173555129423155 -0.0185518362921132 0.532617682690749 0.412293158640763
-0.032491995469062 -0.0462522958955476 0.448873373784971 0.191454484911835
-0.0413935612362057 -0.0546065271347796 0.23828710031587 0.0197532940990807
-0.0585243282078566 -0.0750062904842831 -0.0196299490241045 -0.0941550038882682
-0.0568363778589897 -0.059638326951827 -0.232242137407326 -0.116635615260297
-0.0405649690498775 -0.0301055945845397 -0.463647503955789 -0.143100393297286
-0.0369358108075554 0.0133329592322483 -0.587874083836834 -0.118194262356094
-0.0833070251680401 0.0302890709724007 -0.654944303693925 -0.0927304800556248
-0.11410184434086 -0.0474778130652838 -0.617399232310952 -0.146638751833037
-0.0109812871849185 -0.0793693415365717 -0.490281939970224 -0.198991396763196
0.0484845712009712 -0.0118923643032416 -0.185313834324095 -0.130926855909947
0.0545590606436794 0.0342441648252791 0.0775240531993407 0.149314216537093
0.0551726720358614 -0.0437875227250842 0.33985854371322 0.406288487454367
-0.023033951755919 -0.0422552099353723 0.418718343042692 0.450253478395066
-0.0334125336416471 -0.00630028428643178 0.432252175106686 0.549491041653799
-0.0067041583260722 -0.0238039560405339 0.48711145594479 0.488362946937401
-0.024401912071056 -0.0324680814413387 0.429413273915708 0.220658735232655
-0.0266419038785148 -0.0266567712906549 0.222968945370744 0.00878576731791607
-0.0402913132063067 -0.0419192012375915 -0.0418071593438494 -0.118982949749552
-0.037651983392126 -0.0283152669890758 -0.258832017640504 -0.124094770503496
-0.0293396283473415 -0.0103285814778716 -0.486198462205764 -0.111340604836972
-0.0281471691496134 0.0118866588327006 -0.593801247145582 -0.0469622689939731
-0.0532156172993906 0.0185393845895516 -0.656198414961583 0.00211017894493622
-0.0704184039021094 -0.0204354330756749 -0.627643177233329 -0.0640908665465203
-0.0114783299195175 -0.0431248372252128 -0.502489920365286 -0.150175795593073
0.0271349652651639 -0.0149926935245319 -0.189873263975787 -0.120926589367516
0.0386426470634764 0.0163694704579572 0.0685192460972723 0.149140645447128
0.0364846791141872 -0.0132619209514753 0.321055146459941 0.423245532840938
0.00441909597404124 0.00710516837279665 0.387669997413464 0.482776223127515
0.0114363953055517 0.000195645500157617 0.386812904094372 0.595017459581284
0.00636604423120823 -0.0235533684154955 0.45586963556931 0.529727143814282
-0.0176026051376593 -0.0131358406881967 0.412388063059578 0.239165209184193
-0.00886761438075934 0.00868849059738767 0.213612120300097 0.00701661852384096
-0.0157944372136582 -0.00359087956708617 -0.0544189686377378 -0.12914394408201
-0.0102968495499895 0.00503748748022475 -0.274223565734764 -0.123439363393445
-0.012981874335349 0.00921524399812764 -0.495686686540585 -0.0867472335881216
-0.0178776400715423 0.00622143072578801 -0.593043113450015 -0.00566326400862558
-0.0248713154621697 -0.00496629856291489 -0.648398265457553 0.0543884547999226
-0.0175895683995719 -0.00564245233585057 -0.627780411687029 -0.0168759927403741
-0.00207172605589856 -0.00455982446592751 -0.50899652748442 -0.121605111660725
0.00455824790737559 -0.0138477066731534 -0.190696198369829 -0.117107344104426
0.0212968522389146 -0.00430526947963937 0.0636236653278028 0.153574866357181
0.0125418317862829 0.0152142785793842 0.313920328849414 0.428185454138326
0.0293188604063912 0.0583943942657686 0.383109977968561 0.493660394373845
0.0546672558625065 0.0099041696502568 0.384467946003169 0.604041327611824
0.0171712851789099 -0.0211099215997079 0.45375478892289 0.531958343546221
-0.0106780545922023 0.0115890108230102 0.408574046592724 0.242778881200303
0.0104864682409693 0.0454264613502439 0.210268776997849 0.0150509881985449
0.0108793002407406 0.0347558993421705 -0.0558368484637364 -0.125461737017724
0.0190968244753543 0.0372106994594026 -0.276938277019062 -0.116705579738251
0.00597074206522759 0.0254777198657036 -0.498291229340855 -0.0793099125224569
-0.00848519432708578 -0.00144714228425445 -0.593566943544312 0.00117054122944514
0.00161151767018015 -0.032039791857091 -0.64728576308031 0.0577175647887242
0.0360901933036651 0.0034567753585978 -0.627325859593658 -0.0103927446091986
0.00874934890019676 0.0315786214282101 -0.513871193291853 -0.117421684162594
-0.0182846731703756 -0.0139864180528725 -0.190139941796537 -0.11856273927927
0.00446649899726427 -0.0205265951431813 0.064062807812484 0.158503629218667
-0.00483804883900394 0.0436541057412915 0.321237230312439 0.411797254941671
0.05900895146783 0.0962805107290958 0.410487208255241 0.47739535695236
0.0897359437286093 0.00762429596397205 0.428838689571917 0.571505105524941
0.0237198294096541 -0.0192237480696831 0.480421473340596 0.496949716682494
-0.00180762976219394 0.0336852869886861 0.415677125591582 0.233856364539736
0.0316993881902965 0.0769411820111733 0.216988257048612 0.0323148812966852
0.0372426381376521 0.0680544554420851 -0.0454207027673997 -0.106471081490651
0.0449956176803199 0.064859054699157 -0.267638057411034 -0.107897290189699
0.0222858636813808 0.0395949351766264 -0.491986295021488 -0.086710305397542
-6.68801432106353E-05 -0.00881854138363652 -0.592824295062636 -0.0271476512455407
0.0286811072657602 -0.0564906624847588 -0.649427170817778 0.015478301142937
0.0839503353134562 0.0175046787997424 -0.625429719980232 -0.0406806728108007
0.0135646421679974 0.0645938920835865 -0.515505881608004 -0.135597398855012
-0.0388386112166737 -0.0187601008049148 -0.185320316234369 -0.125470245156928
-0.0115019292811289 -0.0274353128933862 0.0721183730269825 0.164242488761904
-0.00781387203199265 0.0660006663429163 0.340648057493452 0.384569166773174
0.0904310581067541 0.110296929087503 0.463851040980125 0.431175686740771
0.107932091878993 -0.00725714737856347 0.50139930812544 0.495335856104047
0.0244543837309255 -0.018621172258387 0.520210694404259 0.428202792487355
0.00996598804419392 0.0499198792240995 0.428372459297894 0.216516931514329
0.0516082886193267 0.0976578979867368 0.231314056439623 0.054123669080083
0.0576750121352832 0.0919407938808233 -0.0251505799612546 -0.0762044020023937
0.0629519040644993 0.0855809312608968 -0.246732636456408 -0.0929230194431569
0.0318750847394971 0.0499381091828236 -0.480668893876236 -0.108018703352701
0.00697813857641579 -0.0150605620150815 -0.590842354211297 -0.0879475207418832
0.0572521066994844 -0.068047090324382 -0.649285019281233 -0.072625539126956
0.116193183024942 0.0398828846734305 -0.620444145224082 -0.107768299022804
0.00601898010774408 0.0873285913358253 -0.512838594885902 -0.177864488216632
-0.0544495045541516 -0.0297069126473286 -0.178252072548015 -0.133955314267306
0.083659871329784 0.0285140685746796 0.114571698733654 0.151071836365018
0.0279101618021206 -0.11178584728031 0.413985975985155 0.289394913490154
-0.112432664302889 -0.0730605556585261 0.575020692210703 0.233151861130903
-0.0887062205812854 0.034305606970164 0.627943963220801 0.219146921437109
-0.0227221320528521 -0.00544414692034801 0.597876350338921 0.203088827896612
-0.040594989259577 -0.0512064128316058 0.482784219822727 0.120061269382554
-0.0513531224879313 -0.0752946320355127 0.279105502216435 0.0574002106895264
-0.0647517281629597 -0.104002496857857 0.0399598200057065 -0.0190107497510392
-0.058943361365456 -0.0938879837804578 -0.166163422495241 -0.0774546278189146
-0.0344023483977708 -0.0522851245281733 -0.399109698295351 -0.2109249329554
-0.0492008293589704 0.00719154676719909 -0.529342134529718 -0.305330236242672
-0.129995004041827 0.00553706452614178 -0.57376164682794 -0.358310079383915
-0.131641181609535 -0.119504754317098 -0.529591262858919 -0.357831645290407
0.0224226361461855 -0.117575040114966 -0.444137484888255 -0.316517682063498
0.0653758959276875 0.00721347360997758 -0.163466801003973 -0.152987609657001
0.0797676596433438 0.0393987250970216 0.100780558341696 0.152776768069372
0.0492425001381125 -0.10085119559942 0.392649967774605 0.333761879145777
-0.0918651263406784 -0.085183369537808 0.52412029871916 0.319775485896062
-0.0895260812396322 0.0159262551610367 0.572721073334014 0.351373885314856
-0.0224253062904586 -0.0114608022450194 0.570532773145816 0.315799272986082
-0.0382222473760087 -0.0522069203533599 0.465406989072352 0.156069281454602
-0.0498368706961712 -0.0707290938285574 0.257180302494348 0.0388753065725249
-0.0656906873819293 -0.0970969622842267 0.00998963785402897 -0.0588476362410936
-0.0634439188066667 -0.0832778729597883 -0.197517003930358 -0.103379139108727
-0.0412694356519419 -0.0456538812697054 -0.432290108520305 -0.182360304394763
-0.0443305883191507 0.0108912820591344 -0.565354525071816 -0.21180206009778
-0.1129414411942 0.025947732723613 -0.626648667847665 -0.22566292734666
-0.136692054102229 -0.084766910606598 -0.583701570185429 -0.257737631027283
0.00274752515362847 -0.107936444439855 -0.468586548409213 -0.262590683499769
0.061700748156006 -0.0026290655505392 -0.174077123785646 -0.143514322659415
0.0689316242438084 0.0426891889988241 0.0877994949597466 0.151498437347648
0.0610174773131966 -0.0756977403996544 0.362348268947392 0.376159483359099
-0.0569139481867121 -0.0756796226342124 0.467692980882301 0.394720441259976
-0.0695715742206414 -0.00122554683895829 0.498422150782959 0.467851973454569
-0.0175366171474483 -0.0187739051092767 0.52868989499316 0.415978921744664
-0.0310917040417582 -0.0461377824025144 0.445350354956332 0.193643720752449
-0.0401425671619034 -0.0550467119517982 0.237099669888392 0.0219611841466957
-0.0578997511030306 -0.0756228715591935 -0.0178292544380682 -0.0948277915138109
-0.0558898039087245 -0.0605109987804391 -0.229852319625349 -0.118694776527886
-0.0405763625639686 -0.030208954023679 -0.461889834144098 -0.14738982240584
-0.0365969654478647 0.0124516317399786 -0.584552513165314 -0.122531659421129
-0.0841634688002288 0.0297123111848815 -0.651178701650441 -0.0987066568325592
-0.113592754432824 -0.0481595508810498 -0.6133202656793 -0.154090709632641
-0.0100794695663448 -0.0799747656034721 -0.487126947987418 -0.203301351181251
0.0478036711067482 -0.0109336550401858 -0.182891794143884 -0.132057294234388
0.0545372480208483 0.0343782918193172 0.0755590429429017 0.149390181319945
0.0556558448775275 -0.0437805638093892 0.333938052742705 0.408815847163602
-0.0226888906172415 -0.0421274031768346 0.415316811311153 0.452891810942652
-0.0327510311940193 -0.00628760365371525 0.426291478645917 0.552715581208028
-0.00678115366862578 -0.0237936221111777 0.48108557229891 0.492076948518831
-0.0239435016550598 -0.0323710360278057 0.426304499419366 0.224257018264121
-0.0260750416622403 -0.0272065213774728 0.221769840526865 0.0107956681443976
-0.0401242206710588 -0.0428651837077973 -0.0410318363357321 -0.119572916311326
-0.0367914757072665 -0.0285090991714783 -0.255998353113626 -0.126743131353656
-0.0299216304376249 -0.0101684420790872 -0.482263130165027 -0.114786152467915
-0.0277310515763242 0.011181833350914 -0.591104647458184 -0.0528012092601482
-0.0535522002689383 0.0176655972124117 -0.652981274291261 -0.00410563151382352
-0.070491886235147 -0.021151489340251 -0.625207314378245 -0.0707136896320115
-0.0107854374003021 -0.0432027844942775 -0.499777554722314 -0.155599533301239
0.0264693738909114 -0.0145380647739632 -0.187283970626959 -0.123153064656932
0.0384394277599457 0.0162744483463398 0.0666745980594977 0.149128994463792
0.0363289166075777 -0.0132517086712481 0.31443039432238 0.425944220290541
0.005041806665235 0.00713769734553269 0.380969660034278 0.484944800648704
0.0111952285165746 0.000162489608634313 0.37967560891878 0.597000349365899
0.00631298120532089 -0.0240895971574943 0.450596992489891 0.532748736854403
-0.0170296955079041 -0.0120574579450459 0.409457119675818 0.241159883533409
-0.00802658720344663 0.00900180233189901 0.212035076099076 0.00855873742716127
-0.0161899254632772 -0.00479019282918078 -0.0531283529915485 -0.130501907919301
-0.0100925622465521 0.00523309890041986 -0.272460871083021 -0.126432100741414
-0.0129457261875913 0.00882130675507819 -0.493183209360356 -0.0912854293063745
-0.0176451651373414 0.00622416628419831 -0.589115570036133 -0.0112289028166935
-0.0246325565823137 -0.00482323056741219 -0.647289576138518 0.0475799762221209
-0.01753088295704 -0.00591969247759353 -0.625373902553389 -0.0249291864598466
-0.00169760708048294 -0.00421918023176048 -0.505160565851593 -0.126575140765901
0.00403925680542078 -0.013863195216053 -0.18934042979945 -0.118241974182967
0.0213875282969392 -0.0047445157943445 0.0609167582148257 0.153359467261672
0.0126381082602674 0.0149089017013066 0.307038315158084 0.429984399441225
0.0293806479893935 0.0586839583705108 0.378000101852285 0.495325859226457
0.0542420252252286 0.00931965411889917 0.378153989169816 0.607131897121835
0.0170784257196379 -0.0212182493988918 0.448238343675943 0.534302170331426
-0.0107171002991108 0.0119621526993369 0.404538376072767 0.24670299984088
0.0104298206093663 0.0452346302915925 0.208944369620488 0.016635630010226
0.0102030176002289 0.0342731795205416 -0.0546850221454247 -0.126086397288633
0.0184583874657979 0.0368484661702643 -0.27532046986652 -0.121255234258282
0.00553666188456647 0.0259546537257238 -0.495428228473185 -0.083227670033841
-0.00826342860462784 -0.0012911510796096 -0.589127774431635 -0.00498946377611602
0.00182840356274678 -0.0318522582975288 -0.645559058086042 0.0511907962384893
0.0368794343102935 0.00419029177055333 -0.625764456746519 -0.0169584893503204
0.00883596424639304 0.0326187949299288 -0.509116967024208 -0.122323306316188
-0.0190913822719212 -0.0138458258298233 -0.18727284736509 -0.120377441254186
0.00370629748343989 -0.0205810703040951 0.0627237715693078 0.158708369855987
-0.00505436241649851 0.0425490733512952 0.315917897315187 0.413517383952573
0.0580008864639434 0.0975601404503192 0.405509069421649 0.478725753098195
0.0894207488642094 0.00785647582836802 0.423664539525112 0.574367293456583
0.0228234943751618 -0.0188600918996456 0.474960001444987 0.499940709327548
-0.00279557397789299 0.0341553379977481 0.411801832688374 0.238000811018816
0.0314009443305934 0.0775159553985216 0.215312828365004 0.0338476680470219
0.03556163254104 0.0685501674953718 -0.044388880422749 -0.106503136294129
0.0438522195403736 0.0654353251588944 -0.26544764319729 -0.110573669594611
0.0224883785233094 0.0394367893148633 -0.489203513763079 -0.0910088575514317
-0.000148984207832756 -0.00875150631508168 -0.591529642357969 -0.0312559687946151
0.0289499067144761 -0.0558195434487134 -0.64704313010648 0.007795820209233
0.0840047907628179 0.0177871454674715 -0.624119769942088 -0.047446144871788
0.0129369220951293 0.063256191162878 -0.5112986340906 -0.143238962691873
-0.0397189518668918 -0.0188128324027618 -0.183598384014067 -0.127462887548697
-0.0111511362187116 -0.0277966309573385 0.0700374495319589 0.163632896836357
-0.00844640733121145 0.0654813143238406 0.334994594055536 0.386692303895562
0.0901026418928922 0.111360248688252 0.459142615466089 0.435456664250146
0.107487253145428 -0.0060833463893502 0.496819866173335 0.499038683805988
0.0247734106990219 -0.0180559313755042 0.514850263057891 0.432046207842369
0.00931831327690983 0.0503247455049489 0.425524648989179 0.219295446204739
0.0502695912486923 0.0979773311657638 0.229196885321783 0.0555196061946104
0.0559492082173404 0.0928830855897016 -0.0238935753108765 -0.0766926501613326
0.0612949550884892 0.0860770880466023 -0.245244766357149 -0.0950991410864065
0.0309572380404782 0.0498724523761543 -0.476326721006229 -0.111786844947378
0.0066165064685347 -0.0147050998597069 -0.588305897797733 -0.0937856326844699
0.0569482412669296 -0.0677118530610558 -0.64383733013543 -0.0803803069293637
0.116836351844136 0.0407917340177483 -0.617409422729507 -0.114266108512469
0.00462363500319686 0.086975730967917 -0.509915112993752 -0.181375937296119
-0.054752687797326 -0.0306756509460302 -0.176110053065517 -0.135392035793636
0.0828784128461261 0.0288616700994064 0.113011984010541 0.15219780126793
0.0288624688509561 -0.112699356336585 0.411377531815935 0.294522942922952
-0.111478597754385 -0.0734960924071098 0.572604365965237 0.240930551094292
-0.088861378148983 0.0328900890965242 0.624840269379986 0.226017150573941
-0.0223845824658307 -0.0059489138597893 0.595454213224045 0.209953149173527
-0.0402042942933548 -0.0508229278971849 0.479908260064844 0.12259170491932
-0.0502805059107425 -0.0756138925637461 0.278566965701404 0.0608803793244527
-0.0639447784045484 -0.105525715208551 0.0400644739158728 -0.0183720564084106
-0.0577667461287692 -0.0952162976739115 -0.164336083880158 -0.0794554517854498
-0.0335954810729024 -0.0528036181562457 -0.397705488255706 -0.21320323193038
-0.0493269190652801 0.00666546773237374 -0.525144163204305 -0.309600506188134
-0.130122723441695 0.00520869282518051 -0.569609618562356 -0.365231319149772
-0.130386511793125 -0.120651141967743 -0.526355746784225 -0.363628940056786
0.0234014061840835 -0.118737767654939 -0.441153792768642 -0.322010418574486
0.0652290832127868 0.00741359404024086 -0.162145320618312 -0.15468954569696
0.0800164339761412 0.0404066675316863 0.0982232718538155 0.153009336702091
0.0506428820840328 -0.100456733648855 0.387345552368603 0.33810434188775
-0.090829389522132 -0.0857589249765474 0.520680160290484 0.325193177223356
-0.0897667983233527 0.0156891032226282 0.568573868905416 0.357132379520482
-0.0230686207439522 -0.0112197631401665 0.566727237410774 0.320799453756378
-0.0368814077506197 -0.0517191876369185 0.463564196525536 0.160000903106861
-0.0489698193482406 -0.0715373173768828 0.25684483104144 0.0415557205451345
-0.0657536889622115 -0.0985000863845044 0.0109402309733018 -0.0589928620295029
-0.0620821733894377 -0.0843647890427735 -0.195636174473875 -0.105153129622084
-0.0406682133634388 -0.0464213980888415 -0.428879455450009 -0.186337822779847
-0.044471712893743 0.010899881457339 -0.561573224402738 -0.216994786010069
-0.112835155975079 0.0247069781321089 -0.624886103627358 -0.232446837518144
-0.135369836654177 -0.0862118778623868 -0.579691020533992 -0.264969598204161
0.00360379452957088 -0.108110429359576 -0.465080693507836 -0.266994487641936
0.0613107456790008 -0.00151793450316868 -0.172351433224445 -0.14502200094471
0.0687040397917368 0.0437219983244426 0.085724911266727 0.151827010231182
0.0624782816104324 -0.0751428216394385 0.356625301370487 0.379203293455477
-0.0559064885439275 -0.0765187252034796 0.463091427368598 0.399647189951917
-0.069697560688263 -0.00209380319196496 0.493767410464275 0.473185130609
-0.0176563697106516 -0.0193459418785912 0.52425583773199 0.420903674715822
-0.0308992425706384 -0.0458506888139794 0.442694351781621 0.197168131017893
-0.0399441121224828 -0.0558019284345607 0.236820780906877 0.0236224600836908
-0.0569302286814835 -0.0762192287418627 -0.0166212179293925 -0.0950730285457967
-0.0551761559599882 -0.061274953011838 -0.227827653915087 -0.122014905621705
-0.0402464704465736 -0.0306256646262493 -0.459514022101395 -0.150644362624739
-0.0374420058544662 0.0128674042281674 -0.582085133230598 -0.127985261668975
-0.0847675919925966 0.0284630433970038 -0.649262476046026 -0.106430725953698
-0.112841242692254 -0.0491599300952328 -0.611698736802257 -0.160986281383477
-0.00908651132456973 -0.0811521989823033 -0.484497887863927 -0.208974902372978
0.0468351410086128 -0.0104358475053932 -0.180967329839378 -0.13389814921747
0.0539113936650389 0.0347936372999726 0.0743031482674915 0.149972961980989
0.0566009985575275 -0.0436465190069087 0.329087885206303 0.412842168644859
-0.0220447575903825 -0.0427569785862273 0.410018812318565 0.457625265112401
-0.0324859795024127 -0.00737137848978336 0.41851710726718 0.557890626380629
-0.00716162796101913 -0.0242162206332312 0.475834232811723 0.49635656665351
-0.0239722991796038 -0.0321898799253031 0.422956077913696 0.227457658082848
-0.0254840538859291 -0.0273293578175032 0.221072094962114 0.0120368685472521
-0.0402311735288067 -0.0432297998027562 -0.0389639487545248 -0.120463241339609
-0.0364063115140085 -0.0293160612792927 -0.254611853664973 -0.129453793290356
-0.0303324431835558 -0.0108767978731857 -0.481276880806531 -0.119094838379517
-0.0286284222588769 0.01180087906241 -0.588747715264795 -0.0574929719865977
-0.0536534986264334 0.0173172508968639 -0.65152930013675 -0.0112204635804332
-0.0696905241023758 -0.0222629249338195 -0.623959919080925 -0.0783798286703023
-0.00995210875563843 -0.0436083533149579 -0.498075544028409 -0.160022066962011
0.0263499746444311 -0.0136380116476398 -0.185557010174312 -0.124261163311109
0.0379471259789367 0.0165804242912059 0.0647682951825655 0.149919301966022
0.0370992901384036 -0.0136387239556004 0.309000921509863 0.42974927954534
0.00504283556373167 0.0068972768482987 0.375416160770975 0.490425142484423
0.0115145075823052 7.60351957089112E-05 0.374312137058286 0.602176242157389
0.00632730589486702 -0.0237166756336763 0.444710068031453 0.536431884499893
-0.0174633443722214 -0.0120459882570399 0.405537004348991 0.24506820051881
-0.00808498404173707 0.00829340693494794 0.211161039555849 0.00998949224909499
-0.0167065443752178 -0.00448620154942498 -0.0522131310300011 -0.131250834597084
-0.00999872845592532 0.00480404419585895 -0.269320104351317 -0.12958962148155
-0.0134620592587383 0.00887731118912292 -0.490412809614181 -0.0945791470568472
-0.0183618172672639 0.00615316184681472 -0.589084859452069 -0.016456263967417
-0.0245106950222209 -0.00520510032744451 -0.645992522264005 0.0403207493398096
-0.016941376408714 -0.00613832113056221 -0.624743277891952 -0.0309932881765497
-0.00181383820172218 -0.00421896387342449 -0.503717027724816 -0.132103516192789
0.00369395147482778 -0.0132862426858413 -0.187663336482715 -0.120575350237209
0.0220742886613709 -0.00445749219760252 0.0586759513850222 0.15344426006697
0.0128766068550631 0.0146013674839547 0.301903599366746 0.434124351882666
0.0286317244949733 0.0589528204795136 0.371655764470674 0.498752377266155
0.055031820800894 0.0092536564079868 0.372730183976589 0.612221198941302
0.0172430045193064 -0.0212812263763017 0.443143947506033 0.539024174010831
-0.0109652241785493 0.0117788386073681 0.402116153061494 0.249415140358377
0.0106185193708711 0.0462402309399231 0.208847564957999 0.0182653050780404
0.00950587667107054 0.0352862210035408 -0.0535595382574095 -0.126614995244901
0.0186576509312458 0.036981154667384 -0.273389649150397 -0.123933371059537
0.00494967272722434 0.0261515923571278 -0.492474175225792 -0.0891344055795071
-0.00898944675525189 -0.00119956699862754 -0.589043018087325 -0.00976789648902298
0.00166064900088942 -0.0322402393265625 -0.645143523037228 0.0444330674081358
0.0369190572709751 0.00464801998032175 -0.624344481649428 -0.0226673874182007
0.00863452368978918 0.0317172219150753 -0.508661073929907 -0.126369239861849
-0.0197094707028182 -0.014574836486431 -0.18648988870821 -0.122984939528103
0.00474193529681718 -0.0214012032704939 0.0589776593328915 0.158964029446133
-0.00588009795679374 0.0421402041009866 0.310737750533761 0.418661666080951
0.056961778447944 0.0984212445859871 0.401622277975699 0.483778025924712
0.0892363048964509 0.00887739955649402 0.417798225100787 0.57834806701026
0.0231618276607866 -0.017963522758576 0.469635738029635 0.504763798875655
-0.00285672243795944 0.0346432459229543 0.408070188157636 0.240579725881196
0.0306078184045856 0.0774979043507262 0.213316812974938 0.0358240108223433
0.0349487871641394 0.0693336225650974 -0.0431622338797338 -0.108245797865175
0.0432856994830376 0.0656117574603443 -0.262803868758376 -0.113232085547785
0.0212616234682851 0.0402730837809746 -0.488091051231712 -0.0950656569986379
-0.00104397784799559 -0.00883605238767153 -0.588813683260764 -0.0382058106176206
0.0291043718552172 -0.0554674407161957 -0.646182199470014 0.000873201024815879
0.0841045316387683 0.0190282783596617 -0.623617746778609 -0.055868366571786
0.0123390171828523 0.0638754818961654 -0.510368853650012 -0.147806862952025
-0.0401455098311795 -0.0186897860975101 -0.181286827746974 -0.129875587673709
-0.0116117608557304 -0.0281520559670536 0.0667577011488288 0.16502812778462
-0.00912870203235982 0.0657469359561901 0.329373854822432 0.389451510710643
0.0890454022376542 0.112535439171791 0.453971878224103 0.441555762372649
0.108181016412238 -0.00540936774433397 0.491731016902706 0.504976856220492
0.024434129755534 -0.0190254095559374 0.50942727236843 0.436630953124204
0.00889975476875302 0.0512254303339406 0.422809197783269 0.223793744261125
0.050142316047421 0.098201989998328 0.228146068656181 0.0581564384332171
0.0551021072673166 0.0933899175599127 -0.0237732085064855 -0.0768873560069214
0.0610956683135618 0.0855919179399112 -0.243530524674635 -0.0980809370280803
0.0296680064863413 0.049937318443278 -0.474781933062756 -0.116046550585528
0.00643957094506456 -0.0150423135081308 -0.586837396444468 -0.0994443589320956
0.0566585612401917 -0.0672441142740899 -0.644303184103064 -0.0865210623960878
0.116598816326613 0.0415357420769479 -0.615635460093085 -0.120086353623346
0.00454707347881771 0.0869766586217915 -0.505815362996485 -0.187421329343266
-0.0554632211679479 -0.0303707194954113 -0.173829511129028 -0.137528865368497
0.0829879874682338 0.0291523797235494 0.111028783864198 0.153285826388122
0.0302226387558959 -0.112769077597975 0.409877781826179 0.298687890519257
-0.110617007970533 -0.0747104728235782 0.571161931116468 0.24552089059338
-0.089545599191308 0.0325136016956235 0.622884556531278 0.233019637150154
-0.0225423906614247 -0.00614294995640551 0.595584006267165 0.216688695627624
-0.0397194789100507 -0.0509362272554239 0.479803676885329 0.127048446775235
-0.0497087113759996 -0.0762918277907354 0.277843245644787 0.0630341691242284
-0.06336028207263 -0.106824210955019 0.0415418106389924 -0.0186945828108651
-0.0562396572734593 -0.0962172764011781 -0.163504710730603 -0.0820290750918835
-0.0332494660189171 -0.0528535871437415 -0.393939551452941 -0.216626917290044
-0.049541239084878 0.00707658336343348 -0.522599821148873 -0.315170933107217
-0.13049163373609 0.00387428473991476 -0.566210784824518 -0.372068653636279
-0.130092503932799 -0.121991810248368 -0.523645902234646 -0.370504590481523
0.0248793414087189 -0.118775005452285 -0.437730253153832 -0.327378675920584
0.0644192969752602 0.00838841022501587 -0.160192004772497 -0.156519026906353
0.0793664362057979 0.040686929429985 0.0973240017721094 0.1542527053896
0.0520440674194987 -0.101222507417395 0.38354180200461 0.341639374614204
-0.0899055044918456 -0.0871578422400567 0.518132552629002 0.332021415718408
-0.0898126649373978 0.0143412655181526 0.566725391624586 0.365602941128194
-0.0226010498437163 -0.0112734062201055 0.565564712769523 0.327257801518883
-0.0366389390496276 -0.0527092326585017 0.462861812538461 0.165579869894653
-0.0481769447690026 -0.0727218154462517 0.256759293761319 0.0434878325509156
-0.0651485871789514 -0.100139153331451 0.0115918580311481 -0.0594741747227424
-0.061066383698386 -0.0859406829729984 -0.193537363129942 -0.107437675480622
-0.0401650652985327 -0.046750501382691 -0.427051159963613 -0.189904751744242
-0.0442808465260234 0.010888950963151 -0.559997389781994 -0.223072230728575
-0.113131969280944 0.0235160981385933 -0.621857327771314 -0.238901758387085
-0.134789066219723 -0.0877242784811694 -0.579384322108027 -0.270332128860382
0.00511475834998434 -0.109036707731172 -0.462111907855911 -0.273306390734843
0.0614803255137117 -0.00151712178504541 -0.169506251420984 -0.147295625198781
0.0687961855821549 0.0437574344787384 0.0834166389394669 0.152730577445392
0.0634661664338177 -0.075156478427857 0.352943314127705 0.384097400349627
-0.0552463425083159 -0.0773988813486842 0.460763336416059 0.406252032403035
-0.0692038425723078 -0.00241566317875601 0.489770223770458 0.481358711053282
-0.0172548896503427 -0.0201963844785067 0.520186218491932 0.427928276215912
-0.0304096773976366 -0.0457606594729421 0.44101602901386 0.201824113488099
-0.038671885325718 -0.0560937096120227 0.235947794889325 0.0259317438318705
-0.0572711021220973 -0.077552721719254 -0.0159720976626492 -0.095652893522708
-0.0542249173665355 -0.0619570946769843 -0.225842852803581 -0.125388632781315
-0.0396761848466741 -0.0308504827829246 -0.457694032693011 -0.155949705916015
-0.0373432436421473 0.0128960867363468 -0.581750166462953 -0.133920548766449
-0.0846815974473775 0.0280498547764515 -0.649043337879788 -0.11192199378647
-0.112526491130996 -0.0500727433544226 -0.612297191907207 -0.168657926195661
-0.00828702321643309 -0.0812912244437227 -0.483503191376397 -0.212969746260138
0.0470280330043658 -0.00975250617841127 -0.179737912574554 -0.136307511039573
0.053601638345899 0.0351276568703975 0.0702943424439224 0.150646865217487
0.0577417796928724 -0.0435252026103612 0.32504885848246 0.417593057194012
-0.0206584853799369 -0.0428195632965698 0.405040832750474 0.462824541359308
-0.0327515114600043 -0.0071176265012443 0.416319498257751 0.564959567616138
-0.0071054979297722 -0.0248212125207691 0.472634600741786 0.502990244929685
-0.0230498725110449 -0.032389918406511 0.420867299353 0.230651988637202
-0.0248943416407432 -0.0274953151513052 0.220757091236237 0.0148287405742181
-0.0402829623296301 -0.0444844807647502 -0.0382981067785077 -0.121617298634862
-0.0360486761556764 -0.0303943123245898 -0.252172896210338 -0.13266322300559
-0.0295856827695316 -0.0110127131800395 -0.479020120838162 -0.123943104343739
-0.0284490879465988 0.011015994910973 -0.59033765749252 -0.0633432098253318
-0.0537209071069397 0.0163142025091444 -0.651564913270433 -0.0184699544706784
-0.0693795494235763 -0.0225984553496239 -0.624995263705156 -0.0864534578774415
-0.00904380345294937 -0.044020414422021 -0.496757586773008 -0.165770494980468
0.0260780490242888 -0.0140509689134423 -0.184084466226301 -0.127254231881257
0.0379345873568469 0.0163350178385602 0.0621254858515197 0.150440887536746
0.0372423880359202 -0.0136462017096889 0.304376874209986 0.434310693147194
0.0056449523511562 0.00693220133702301 0.372907671845492 0.495466124260223
0.0114205421154299 -0.000160595461180048 0.368750002040228 0.608210523796831
0.0062147187143037 -0.0242178268573421 0.441197449115118 0.54148053832731
-0.0171444720686351 -0.0114821374150389 0.406466688320073 0.24894263634067
-0.00788973778317355 0.00840114679176381 0.211350250238759 0.0115676439693701
-0.0173690173992317 -0.00484383427864219 -0.0515696390666453 -0.13197458786183
-0.0105940752270669 0.004512095624287 -0.269064983086245 -0.132988371337227
-0.0133887860010403 0.00885705810511284 -0.491654753239787 -0.100879155266904
-0.0179020011541623 0.00638445310978198 -0.588132927273958 -0.023119981478734
-0.0245497382966276 -0.00646469260830124 -0.647431705318592 0.033877747867445
-0.0162925490738956 -0.00641788597935891 -0.626012741553081 -0.0396569663093083
-0.00121368442097933 -0.00518308890948162 -0.503093426933015 -0.137397344654442
0.00249196220685869 -0.0136025620817692 -0.185742835605008 -0.122439700359545
0.0223973793963745 -0.00477039825741224 0.0563084264379318 0.15339226628184
0.0123162251016018 0.0138721703583876 0.297880058359324 0.438822634638828
0.0282277423828431 0.0594892011017095 0.367774959488683 0.504858873123777
0.0542407153561014 0.00962227917362704 0.367829578227267 0.615982525934507
0.016718426629708 -0.0210155137321447 0.438831908277941 0.544255975248209
-0.0109315554111799 0.0124419318756179 0.399158616590334 0.253829204947147
0.010064034838783 0.0453006452714664 0.209238482356404 0.0198202785685996
0.00896413143187139 0.0348610320766146 -0.052190456715524 -0.128314297252525
0.0180732397451494 0.037792829060165 -0.272120216629095 -0.127622244190909
0.00500802038581518 0.0265559436207024 -0.49280588407371 -0.0916442439693457
-0.00979210568163686 -0.00125456326010325 -0.588085830685205 -0.0155749960937757
0.0023298549292391 -0.0323944076888206 -0.646356911974219 0.0377372066062766
0.0371623959567162 0.00451550275034643 -0.627127625987742 -0.0307597059906147
0.00862799780917193 0.0317466038008159 -0.507174310930724 -0.132918580413647
-0.0206614526382916 -0.0140626651735773 -0.184581834627227 -0.125547703011809
0.00460839384143936 -0.0216757640873779 0.0571709381919572 0.15987372483432
-0.00668076590636867 0.0417728682896733 0.305898519986372 0.423106236359925
0.0567011940434776 0.0993139356779987 0.397936856283669 0.48906140024889
0.089336941602592 0.00966258016281241 0.412798531679572 0.584237991204732
0.0227956628640773 -0.0182131491966222 0.46462587261533 0.510295328733
-0.00304334470108846 0.0349301339873818 0.406146273803368 0.245547357266388
0.0299251190610098 0.0776540644234059 0.214804527052032 0.0367887364035718
0.0338199716308655 0.0694605922197677 -0.0423811128769865 -0.109091348906552
0.0431679859634555 0.0669239592443098 -0.262564433130278 -0.116153642745665
0.0204094501515159 0.040782949416973 -0.487536867923488 -0.0996028003969778
-0.000832535311813666 -0.00880768197062759 -0.589873519647711 -0.0427952751844056
0.0299381904194255 -0.0549831144425206 -0.646597656080834 -0.00470070910992916
0.0849006588909192 0.0195957519255132 -0.62390374995414 -0.061199447278051
0.0121677153376019 0.0640712354962243 -0.510012179061278 -0.153100875790133
-0.040254903768867 -0.0194757218095677 -0.180315795024084 -0.131202374221443
-0.0116400747507049 -0.0291118869725017 0.0651300030484607 0.165585098333545
-0.00992179460977513 0.0652246910532379 0.326091797555915 0.394664502041426
0.0876307832367903 0.11312518557566 0.450837976240827 0.447167220341755
0.108874754676769 -0.00464794262103026 0.488371640076706 0.509112670446985
0.0245701084118126 -0.0180293356808466 0.50689843112765 0.442860113930139
0.00823876717359879 0.0512154690092724 0.42199903405195 0.227569900376471
0.0494424724382906 0.0990932362708778 0.227618186590325 0.0600608452442811
0.0533241748408362 0.0933291529667993 -0.0231525654024 -0.0776021556563194
0.0600694667753082 0.0872176643721104 -0.241640172897729 -0.100659830498043
0.0303488383349829 0.0502792056486998 -0.474721675631722 -0.121609806073602
0.00664820310075471 -0.0142669831429825 -0.584734559635657 -0.106645151267066
0.0581252535712692 -0.0671873532942398 -0.643025523624114 -0.0942304036173428
0.116615006661467 0.0430926250953717 -0.614566454224385 -0.127965462993771
0.00337197514774127 0.0873348437910148 -0.505607788420582 -0.193344728018972
-0.0560525086537966 -0.0313365934309254 -0.172605553113335 -0.139849425081401
0.0837333363525017 0.0295464579508467 0.109345420083076 0.15431172200988
0.0315345691413081 -0.113764810549125 0.406742797118018 0.304774760294838
-0.110724790543351 -0.0764040860040551 0.570291714537521 0.253175717960954
-0.0902619069744489 0.0319867272411882 0.623582882293185 0.239194124367098
-0.0228704474192219 -0.00632222723638839 0.596043075415827 0.224080394787138
-0.0384861330616312 -0.0514082959131561 0.479142761501457 0.131773317447893
-0.0489725256735095 -0.0772477328242084 0.278495882357116 0.0651664501949493
-0.0631956191189404 -0.108835405635818 0.0421886822495911 -0.0188026929052838
-0.0557290706780453 -0.0970319645326289 -0.162739097986219 -0.0847620942190146
-0.0328747173342018 -0.0533874345838949 -0.394363436380137 -0.221388055812574
-0.049452437314415 0.00639500291818229 -0.522663067746329 -0.321633052546802
-0.131215329570511 0.00306810067233508 -0.56380419633139 -0.380249926150734
-0.129338681530198 -0.124150040204906 -0.522758026698547 -0.377606299988238
0.0260041683733604 -0.120041055098711 -0.438174229799302 -0.334686873387723
0.0645243227930104 0.00967699647649145 -0.158452481792041 -0.159258103811774
0.0791542043911952 0.0412380074918015 0.095591668442292 0.155236138650959
0.0538197033433168 -0.101783796475648 0.38153671379039 0.347347914269784
-0.0895322549088028 -0.088377887001243 0.517967280313352 0.340193702854303
-0.0903722393382223 0.013762200780709 0.565305531803547 0.374325736220418
-0.0226757971404316 -0.0126921936439072 0.56578457024792 0.333642174707262
-0.0359627008849635 -0.0521801042085572 0.463434973863204 0.169507391342318
-0.0472565216951965 -0.072853175200743 0.256451526514639 0.0462167887392387
-0.0651859350835831 -0.101475118461268 0.0127397752278907 -0.0602138643341348
-0.0606901893302911 -0.0866701893482242 -0.193297649074049 -0.110881612957386
-0.0397372257037399 -0.0475280472383939 -0.426119407520095 -0.193611977840534
-0.0450964546563781 0.0106662106120994 -0.560689757620549 -0.229880366633806
-0.113789012154791 0.0222408326693742 -0.621225060565815 -0.246778601975263
-0.134662223708579 -0.0894529523763611 -0.579086342663726 -0.278566881715813
0.00684346281311495 -0.109464988871081 -0.461401630962932 -0.279194304544067
0.06123589728512 -0.000904817331538134 -0.169063098185415 -0.150272283423392
0.0689491354663593 0.0437541606324874 0.0812679982126025 0.153833786952209
0.064603180237379 -0.0754968851634229 0.350762771942907 0.389618404805652
-0.054253570253432 -0.0778191610669302 0.458412477194103 0.413217460883232
-0.0694315319951559 -0.00269038356423079 0.488343873433798 0.487704797453797
-0.0175734960647093 -0.0199421692966764 0.520375108861406 0.435374101545113
-0.0301499292105918 -0.0467297447088499 0.440638206370882 0.207001973179131
-0.0379674721989917 -0.056331884487991 0.236913926228523 0.0269924774973629
-0.0571380898919968 -0.0796334134236487 -0.0151608002630036 -0.0969162944604558
-0.053924159968692 -0.0622824412689875 -0.225452658552199 -0.128629593409539
-0.0400280211656465 -0.0314707176273502 -0.456904935303083 -0.160534120699325
-0.0376574066381079 0.0120646879502474 -0.582644669007632 -0.138682806751095
-0.0859055238058795 0.0280252887582376 -0.649208493068987 -0.121877128814879
-0.111861942751077 -0.0515426567682162 -0.612363969627693 -0.176661611851012
-0.00775794240470876 -0.0815036579661683 -0.483488390609006 -0.218714927888297
0.0468485369424598 -0.00981889464353169 -0.178267166984036 -0.138410015959733
0.0544370127252175 0.0349122265668518 0.0693242539692766 0.151010502783236
0.0578352228142507 -0.0437593686872493 0.321136803313932 0.422697674715734
-0.0198662738623652 -0.043490285420331 0.403671309488672 0.471142686415803
-0.0329082122118123 -0.00792524964078812 0.412690965490589 0.57115060694111
-0.0064924186477929 -0.0241961925441491 0.468072599512013 0.50948770460222
-0.0226831298736641 -0.0324948936177169 0.420973159462413 0.236380871845918
-0.0244753682675874 -0.0274276462641814 0.220903395757083 0.0163965197978981
-0.0407522587258163 -0.0447839963679681 -0.0371776467760501 -0.123193606156192
-0.0361715820039167 -0.0308953457461116 -0.251704174190455 -0.136870151430528
-0.0297153604190579 -0.0106470288550588 -0.480247810545182 -0.127055940300396
-0.0285177922490259 0.0104994538979233 -0.591347539564346 -0.0692829510793495
-0.0537170895799682 0.0166967283468574 -0.654571279609794 -0.0232345785093149
-0.0693976415118084 -0.0229654991403431 -0.626694991956125 -0.0936690223801146
-0.00955212091023489 -0.0449694857247472 -0.497215579789919 -0.170984600168858
0.025438645924375 -0.0128132843577747 -0.183635175584309 -0.130508976142921
0.0375561067590922 0.0164655797413485 0.0606181686942248 0.151406255612635
0.0376464642620942 -0.013613924362093 0.302075487745191 0.440622533661577
0.00586173814687237 0.00747244411538779 0.368701864269109 0.502401129850189
0.0114264397410243 -0.00032993082788745 0.364166066619189 0.615290847389921
0.00628293507337987 -0.0241290911313017 0.438884948308943 0.54818637132412
-0.0171594398050819 -0.0116296066173345 0.40427873501684 0.252507099420015
-0.00735706539357087 0.00775195150254184 0.212062216480459 0.013322350284684
-0.0170152536254108 -0.00526992541352685 -0.0502875591227268 -0.133756493544883
-0.00953396666926424 0.00423560885260816 -0.26819916521991 -0.13693623706389
-0.0128282579943762 0.00849728443567849 -0.49118571056803 -0.10526676557124
-0.0185994331449204 0.0060282499933323 -0.590141333631771 -0.0275994684525445
-0.025469813325433 -0.00546890779254546 -0.649274033761735 0.0291499665011328
-0.0166472589054616 -0.00659989665485785 -0.629727048888204 -0.0457108597254135
-0.00147809281929859 -0.00497915634549462 -0.502658740420907 -0.142181061267406
0.0024519371844341 -0.0130661377184717 -0.186017952836488 -0.125297635252421
0.0211801922885399 -0.00470948981803773 0.0545300773816841 0.155073782704297
0.0123349814004182 0.0141153121726001 0.292677654661579 0.444611422393392
0.0284664611987797 0.0604078186530452 0.364535508508734 0.511946796463519
0.0544591922058589 0.0105105281947182 0.363290800341807 0.623137011256344
0.016578522952267 -0.0213273261765799 0.436487082184692 0.551898664414661
-0.0112815314156336 0.0122952453698844 0.398864638852907 0.257623629755886
0.0105374517108538 0.0458342243752699 0.2088345539889 0.0207916773669568
0.00791315546287617 0.0355938389811629 -0.0514825517621824 -0.129950132053404
0.0181106967979776 0.0377169217451119 -0.271376728969997 -0.131895144539813
0.00501983724042844 0.0261366124763111 -0.493514260172035 -0.0974400495665701
-0.00977117320108554 -0.0011645651399036 -0.590611299732448 -0.0213617799739864
0.00212234881668325 -0.0324018595768379 -0.648219446131117 0.0332468303262886
0.0380019305529128 0.00514740262264971 -0.628402312329613 -0.0370562603185366
0.00817277011856697 0.0321481553473954 -0.508829244540639 -0.137713327377103
-0.0201576245594234 -0.0136892526189116 -0.183809666854308 -0.127470770648751
0.00417120975722572 -0.0222397409104177 0.0549683353558994 0.161266758851528
-0.00682588302975588 0.0412233560461491 0.301931930485259 0.429947062615403
0.0561935863741793 0.100518654349375 0.393289377334574 0.495541200564043
0.0896535615115173 0.0105871243862734 0.408040283527095 0.592247930001033
0.0229108073733233 -0.0183375544922789 0.463076970065323 0.517198276366967
-0.00364729985603915 0.0356158990458581 0.406137058154986 0.248741576633272
0.0298391710580773 0.0790672754499288 0.214009731957459 0.0387244196618815
0.0332091463325573 0.0709672152004226 -0.040994853332859 -0.109796696040926
0.042561967735898 0.0672140580526652 -0.261772585662794 -0.120751536283674
0.0207902669162544 0.0408382902110213 -0.486206820777055 -0.104645381097405
-0.00153663136746239 -0.0089598481971124 -0.590267898253601 -0.048606079869874
0.0302400843737475 -0.0550448352592932 -0.648633249250616 -0.0113134900448096
0.0853312202804732 0.0206428259773149 -0.626546376083329 -0.0683992267133809
0.011023796100586 0.0643335500750571 -0.509765514763276 -0.158833869578268
-0.041117982632579 -0.0190260263166491 -0.179813218164697 -0.134159133415139
-0.0122221833996556 -0.02969147881022 0.0628281164005441 0.1666261352025
-0.0112833055362913 0.0651505408274621 0.322465651115782 0.400979751159168
0.0881123591640009 0.114909275551282 0.448119321538974 0.45290726402576
0.109344848636467 -0.0036380381237748 0.484971874560785 0.519937276296721
0.024162925402323 -0.0175498157220549 0.505119103631572 0.449151924977095
0.00807451854756307 0.0522079634408573 0.419107934322974 0.233550300259382
0.0491749795428422 0.0994247101659056 0.227739397834062 0.0625284256559885
0.0531509605806305 0.0949999450054295 -0.0224337898901938 -0.0791647370552675
0.0596965824034132 0.0880546496758001 -0.242028062604004 -0.104590436785355
0.0294780504597764 0.0515150485815929 -0.473460337599792 -0.125994188937567
0.00624529328973643 -0.0143763438480164 -0.587075358295314 -0.110173581476446
0.0581686260222743 -0.0659218718656654 -0.643479330603311 -0.100113963965121
0.116933374649006 0.0446341783473241 -0.616571637153128 -0.134555755590248
0.00202066317356212 0.0880835196608878 -0.505307504453155 -0.198864938681297
-0.0569472029241447 -0.0313373386262436 -0.172147370824479 -0.141997358658688
0.0843122774880921 0.0303729300966117 0.108197416381699 0.156410742472439
0.0335229034065064 -0.11559862793674 0.406870133086045 0.310055323866474
-0.110483284827681 -0.0776736663225781 0.573142177474919 0.26102384017198
-0.0907428472095453 0.0309292238497561 0.627329309071678 0.248333848444493
-0.0226559782187691 -0.00691587349981062 0.597148568283216 0.229585660831803
-0.0384044466435585 -0.0515543984819685 0.48119932383906 0.13717749357026
-0.0480349072185591 -0.0790390398151675 0.279406831289951 0.0676449648782637
-0.0636408352689906 -0.110220427028885 0.0426434135639438 -0.0190499958616408
-0.0555710716219683 -0.0986736493976622 -0.162423872224636 -0.0866621689121341
-0.0321018077476816 -0.0534941537914107 -0.393580337739251 -0.226176487105019
-0.0492923213183701 0.00677351703763383 -0.522397382974344 -0.3280981917932
-0.13264448884297 0.00232854378507122 -0.563280128289914 -0.387030483081176
-0.129063467320554 -0.126101756508951 -0.52238017096144 -0.387724138240998
0.0275527561717523 -0.120438869376081 -0.435778763059988 -0.340818145942249
0.0647959486658109 0.0107958317576096 -0.158041413318361 -0.161301287106122
0.0796723041095087 0.0420786782691511 0.0938249947797563 0.156370974012311
0.0550929993980172 -0.102904522006154 0.381609836435969 0.354373366351649
-0.0889400459398131 -0.0898894975798978 0.517847902087175 0.346334023405599
-0.0908839108740859 0.0129110217761807 0.567560278322769 0.382538552946427
-0.0228366011984928 -0.0133333966674211 0.565807185978494 0.340870041656184
-0.0360000721369255 -0.0527512793710889 0.463715011947811 0.175231605178971
-0.0469773297869313 -0.0746288075440548 0.257709927511333 0.0477397511953641
-0.0649275081109164 -0.103242178270997 0.0133810769017538 -0.0608036909105376
-0.0606075124986132 -0.088298096527834 -0.192271692282207 -0.113177334889405
-0.0402111648840302 -0.0484065427454613 -0.426714745373977 -0.197331327249947
-0.0453206538736688 0.0099914712153989 -0.560608476927327 -0.234317935066998
-0.115031096645322 0.0220811109539657 -0.623035814937535 -0.253560851057142
-0.134901370757337 -0.0903665343770779 -0.579950669110127 -0.287035294378951
0.00758368929768807 -0.110801674170671 -0.461546401012096 -0.284928114560645
0.0607710840225774 0.000441867192265329 -0.168554051903636 -0.152725455881755
0.0685386754929599 0.0444244842821983 0.0797043467270128 0.155387173396127
0.0664106813470581 -0.0758690505418272 0.349767550086446 0.396164934146139
-0.053315388493585 -0.0786176824984413 0.456629557869212 0.422472685358568
-0.0705368255345057 -0.00362509944683381 0.487583871170371 0.49737900398756
-0.0174399241374955 -0.02065597860426 0.520295099876232 0.442055529646969
-0.0296684015505805 -0.0462786833797066 0.441790551773865 0.211993539719644
-0.0372342148789024 -0.0574141546436961 0.237960052341751 0.0296782710557796
-0.0569920127584459 -0.0805550776097364 -0.014082771543724 -0.0978693087065903
-0.053644438742909 -0.0638636424407629 -0.224764019859545 -0.13197208057156
-0.0390654909191602 -0.0321807904671585 -0.458552240126197 -0.16701103840862
-0.0382511825301539 0.0118555947328123 -0.583750696813943 -0.145000637611647
-0.0860619347599849 0.0272930577000394 -0.652866230002011 -0.126021369519325
-0.112601948076405 -0.0515710995209744 -0.614942650143617 -0.18286800260751
-0.00684148298817898 -0.0834525728779234 -0.483337227246496 -0.225952032268516
0.0464036098668441 -0.00815339820781704 -0.178240997449916 -0.141551516786566
0.0534741730535684 0.0352436651553872 0.0682859233823453 0.153023301902104
0.0593249799493866 -0.0439514116529628 0.318276680017676 0.428766483622384
-0.0194383721490635 -0.0437189187562013 0.401865814338597 0.478011585736829
-0.0324623641704223 -0.00839689949564891 0.411387055779262 0.580450201086817
-0.00685081719717093 -0.0248584536210882 0.469198745712076 0.515541234811972
-0.0224873416986173 -0.0319826427491895 0.419975456521693 0.241968908176429
-0.0237478120475026 -0.0280834517715488 0.222828887699891 0.0169879487862001
-0.0409446155060122 -0.0458552379807103 -0.036310032208647 -0.124364568227264
-0.0353300444654305 -0.0316069462440322 -0.25245751133745 -0.14065629939647
-0.0299699947020964 -0.0117110648923844 -0.481167628065776 -0.133359586384391
-0.0287903298722072 0.0109536676299784 -0.593293130410075 -0.0745105037740185
-0.0547458057605656 0.0159435309283505 -0.658319309331522 -0.0311353269785498
-0.0696378689464273 -0.023725322476593 -0.629980560099622 -0.0996465997995201
-0.00879361197053076 -0.0447419978899142 -0.498396001584304 -0.177815512889508
0.025187654720935 -0.0128705335979424 -0.184274768881703 -0.131469197256633
0.0379576252300267 0.016458444176742 0.058329563371625 0.15282481242408
0.0384478699148172 -0.0140627567709148 0.297305802436118 0.446983445848253
0.00571701175808668 0.00734386467182557 0.367706780038981 0.510058246288621
0.0112665842059786 -6.22586209571845E-05 0.363528067804267 0.622068520280545
0.00621144635074696 -0.0246199660951426 0.436538609174227 0.556053887739456
-0.0168555963468487 -0.0112511333074019 0.404481345366879 0.257950335228137
-0.00723539151863358 0.00791345335448946 0.213734520421431 0.0149407000072135
-0.0176853616499013 -0.00504630847012451 -0.0492804347911617 -0.134716480371853
-0.010033606934346 0.00385311355012785 -0.268132252540673 -0.140469205241716
-0.0134204568657795 0.00847526452502047 -0.491855464759699 -0.110033782940294
-0.0191776305792384 0.00621275948680639 -0.592168648576867 -0.03274231351532
-0.0256496907328333 -0.0054252123383691 -0.653954916201409 0.0221939743623812
-0.0162264875161285 -0.0067828307110908 -0.632740840743639 -0.0511250574204533
-0.00102258869303402 -0.0051817636289385 -0.505394707815574 -0.148561451149661
0.00149210608680252 -0.012654881358892 -0.185281689573361 -0.12814239139337
0.0212032826313731 -0.00501758277667465 0.0528150185229338 0.156684906039272
0.0125230967146633 0.0142677874425513 0.289798832035464 0.450100138308567
0.0283704235817537 0.0611690119014922 0.363141698702792 0.519170441843001
0.0546282048224473 0.0111405801126825 0.36041886617886 0.632572239715892
0.0169267636162987 -0.0205061131098766 0.43378266675111 0.557558305987479
-0.0111941075064525 0.0129721424778256 0.398815784353572 0.26403803432661
0.0103078973187154 0.0466734379726431 0.210060796428048 0.0228754300977449
0.00717488250623262 0.0355173361622405 -0.0505103757982018 -0.131454158050893
0.0178147614096904 0.0383630710063342 -0.271032190483748 -0.135031924269443
0.00467015016621127 0.0271490895869502 -0.495425442541186 -0.102196593777342
-0.0105043446177819 -0.00152040815383006 -0.593310855045726 -0.0272963054400116
0.0022014692213334 -0.0326249579175342 -0.65132446584972 0.0255291293882775
0.038364681368424 0.00521254472367612 -0.632538736290461 -0.0439831868890757
0.0083633696678564 0.0321084575895241 -0.510177077105446 -0.14379938675524
-0.0209521250745372 -0.0148107812060667 -0.183941663103307 -0.130831357722197
0.00405844897864583 -0.0230554066337354 0.0530130144880788 0.162800059514381
-0.00796704618031614 0.0416415720789593 0.299233904251271 0.435398488210332
0.0556706073560262 0.101455285640365 0.393261822599002 0.502388312799124
0.0903033451598985 0.0113454283334518 0.407097243907817 0.601261866025115
0.02248892573622 -0.0181468470645654 0.460554878351421 0.52490843013977
-0.0035203508132056 0.0358730440033162 0.406186035429345 0.254762981723032
0.0296375500844005 0.0788559054532346 0.214699802626032 0.0406574250212251
0.0331137302137001 0.071821817231101 -0.0410783650569068 -0.112110245774278
0.0429514222138127 0.0670211291127606 -0.262027556336518 -0.124409427690971
0.0203292404869093 0.0417177661287528 -0.488298877148054 -0.108407246594824
-0.00109314765395311 -0.0088237128428501 -0.593527715568959 -0.0547743175029205
0.0303404116455882 -0.0555386259827227 -0.652654732275745 -0.0181575498771505
0.0856120705541523 0.0215180824391446 -0.631620376113969 -0.0753985979095071
0.01008896425765 0.0646504539305247 -0.512724685526635 -0.165825820070731
-0.0428013006261897 -0.0194320630721819 -0.179458487355139 -0.137152939953784
-0.0125976350598409 -0.0303828052169162 0.061264655251694 0.168473063883444
-0.0121047618370154 0.0657435020725637 0.319738827092279 0.406848161067477
0.0878229623976332 0.116435626815153 0.447506745981682 0.461358669714373
0.109381410022659 -0.0029724210540002 0.485279685430058 0.52647020691588
0.0237781231287975 -0.0175856499839623 0.504625841754354 0.456398715915644
0.00704443198013536 0.0527927765450895 0.420314567526268 0.23724416871399
0.0487497952547823 0.101079081816014 0.228709761475064 0.0641146474244007
0.0522661160923126 0.0964813158008714 -0.0210995948701535 -0.0799070123240349
0.0591897637658351 0.0891014552271582 -0.242376392271975 -0.106584381567418
0.0290994468978797 0.0521953464519709 -0.475748344934433 -0.130089805642449
0.00559771297617154 -0.0145158951601203 -0.588579891405555 -0.115180864952672
0.0596005533093626 -0.0666751551600268 -0.647322476004009 -0.107137906897678
0.117884295488488 0.0451956547518572 -0.620966236358559 -0.141525707256373
0.00181382688989763 0.0883889262729545 -0.508075273632528 -0.206202876370311
-0.0582861055362911 -0.0318540546742207 -0.171247566380375 -0.145075799739925
0.0844086555540839 0.0309281413985802 0.107776689108714 0.157788988485426
0.0346667208267585 -0.115878209090282 0.408116774911556 0.316432060123568
-0.110399134708855 -0.0786738547973245 0.576313970227588 0.267738403442242
-0.0917199538245511 0.0308840371962773 0.631866473461947 0.255534642671262
-0.0227697715681693 -0.00696008475376777 0.602128087239246 0.236857077475206
-0.0382996852272781 -0.0519438078363612 0.484360457366157 0.141267914544401
-0.0486930731320989 -0.0800701930886573 0.28174349001989 0.0700336168605404
-0.0639399081672483 -0.112311815056629 0.0431076018248248 -0.0189578961299329
-0.0546812244889379 -0.100414341833924 -0.16138573505302 -0.0888679747933307
-0.0317886087306926 -0.0540943617553099 -0.395111255520605 -0.230053459100269
-0.0503426856606382 0.0059469679525835 -0.524401624429998 -0.333499665805892
-0.133979422905296 0.00218964539911779 -0.565774520705314 -0.39546726242215
-0.129940327299185 -0.128291786936196 -0.524580430017755 -0.395364554946346
0.0287977528716293 -0.12178942861002 -0.436541396779684 -0.348000138940747
0.0641080638899429 0.0115063619383576 -0.157689875384495 -0.164423275944409
0.0810580914195096 0.0427626195598924 0.0928802177790879 0.159162144089951
0.0568012988619927 -0.104461778273663 0.381990495009565 0.360199027906168
-0.088493328648519 -0.090870992793173 0.519233399316401 0.35509900177919
-0.092225023256138 0.0125034069927899 0.569473527995944 0.390359376978609
-0.0225266459322322 -0.0130273033951129 0.569299061699183 0.348980653149857
-0.0358112669316905 -0.052245327295944 0.465229288136407 0.179537173622381
-0.046504257397518 -0.0760495397177511 0.259052574342705 0.0499513453517873
-0.0656726300928528 -0.105000953207408 0.0146259302198387 -0.0609875053433143
-0.059970546584202 -0.0899478347193085 -0.192711789660299 -0.116777211804607
-0.039832585074364 -0.0488888763129532 -0.429053004646883 -0.203195248645543
-0.0455253474184942 0.0101459503412465 -0.563528427630828 -0.24094069749321
-0.115977962505289 0.0219886266732234 -0.625517647765249 -0.262390143709699
-0.13561691425355 -0.093269522000665 -0.582720590411397 -0.295741506706437
0.00804938063333377 -0.112411505389235 -0.462720297047372 -0.291257377749832
0.0609860784214716 0.000221796324728404 -0.168198669946661 -0.154460190058799
0.068768521356103 0.0448176119798785 0.0788369539177094 0.157017814774968
0.0679147630928462 -0.0765397916300352 0.347766398985437 0.403183499841928
-0.0535734734565726 -0.080273712569941 0.457207686857988 0.429845407344402
-0.0711450722621156 -0.00440414863318595 0.487725058599679 0.508312951865337
-0.0175943116182756 -0.0207969648424523 0.520831634476299 0.451497918999452
-0.0292919358701553 -0.0462797333353415 0.443588494763691 0.217441860777316
-0.0374991467383127 -0.0583912903142225 0.239341972198144 0.0308510539851777
-0.0571371265105944 -0.0816808414239051 -0.0133647866951578 -0.0993777957559696
-0.0538642203993008 -0.0650342171218673 -0.225203777937273 -0.134850942163236
-0.0398951452888285 -0.0328266719437038 -0.459977798142145 -0.169799203308542
-0.0385632252819962 0.0127076490510434 -0.586493173529455 -0.151392638668956
-0.0875185691907263 0.0275279232538514 -0.656432930014118 -0.131973864506423
-0.11324235079805 -0.0534724798963904 -0.619323091131841 -0.189683219773033
-0.00577658454090073 -0.0843384011842701 -0.485662206941824 -0.232020623073066
0.0462559528282804 -0.00837392402833858 -0.178232325214649 -0.144054891484916
0.0537277794003204 0.0362267713008513 0.0664257260265087 0.154419564275767
0.0604284204041862 -0.0441045582843278 0.316638251978459 0.436815556013414
-0.0189660550396252 -0.0439463184968665 0.402238064481201 0.48638619700283
-0.0328329738475618 -0.00895212936163718 0.409835555091986 0.589996835338162
-0.00627395670490722 -0.0247052533944044 0.46943708621913 0.524022918190378
-0.0221996421147062 -0.0325588219386248 0.421308568443734 0.246454749447732
-0.0230651392440172 -0.0287678631537557 0.224481191752969 0.0189833867349905
-0.0411818992760568 -0.0461672101324545 -0.0356577494882607 -0.126189087725776
-0.0363098890212342 -0.0317108911419703 -0.252211959829335 -0.144487519241059
-0.0304752375497951 -0.0115285408287856 -0.482988718355791 -0.137246132607515
-0.0294468594094263 0.0106203633718742 -0.597326825144619 -0.0780215559353441
-0.0558915256668544 0.016062612905859 -0.662174694663438 -0.0354692954055469
-0.0694763879676183 -0.0245193089435552 -0.636510308058383 -0.105357538383419
-0.00836219644809675 -0.0452388505091109 -0.499999978852569 -0.183735603612747
0.0249409218902688 -0.0117253338263454 -0.183665848205303 -0.135383720811015
0.03804521849405 0.0170902032725015 0.0577903752966518 0.153984901195451
0.0384966136807916 -0.0139181794768956 0.296018743400407 0.453292074025684
0.00682948248912543 0.00751760645662454 0.366589003900825 0.518242990774237
0.0114803501947994 0.00030509953963631 0.361691411966644 0.633542860787405
0.00584861584407292 -0.0243474640147869 0.438343607584172 0.565371174292825
-0.0162693122740538 -0.0113546112868077 0.405517872843209 0.262361190537514
-0.0069278298386231 0.00855553620440542 0.214811804721115 0.0165483844809037
-0.0185856937384169 -0.00580880723516325 -0.0484374728403891 -0.137190523562663
-0.00993253132588201 0.00393589106217438 -0.268636806630577 -0.144949584975028
-0.0140230475843377 0.00877097387336799 -0.494856822170082 -0.115188092512508
-0.0198234090862123 0.00585113530101102 -0.597139877041505 -0.0365244413603823
-0.0258845282853724 -0.00601423510510322 -0.660410532431309 0.0179357009032406
-0.0156349906793051 -0.00730148270210181 -0.638886938993678 -0.0569210115540618
-0.000947912828182825 -0.00588719175660992 -0.50825178684714 -0.154214856149977
0.00196863170451028 -0.0121883401473773 -0.185511821095345 -0.130270223793627
0.0215942268859788 -0.00580561243249132 0.0511921997157378 0.157617188104628
0.0124455228647673 0.0142401691752102 0.289364090901771 0.4570017993415
0.0289104610318181 0.0612343542792029 0.361889680439019 0.525849780987538
0.0553354906850499 0.0117962588261511 0.35883848950418 0.639578587764474
0.0166676962776755 -0.0212393534269093 0.433555675307985 0.566325944276139
-0.0123338029142187 0.0127644071100638 0.399515469324318 0.26883006957155
0.010120805849265 0.0466858995682461 0.211412310146539 0.0233554201010925
0.0062734683700863 0.0362694488081372 -0.0493112231542411 -0.132934172230574
0.0177595399615154 0.0379783311586146 -0.273207972936364 -0.138859834854816
0.00454706611442221 0.0276230136708951 -0.496600611452678 -0.107488185906287
-0.010289530487341 -0.00088737296376622 -0.597349824409497 -0.0311968577477534
0.00216242843133502 -0.033200568707799 -0.656360438699192 0.0221864936959398
0.0383177557242992 0.00599289657457961 -0.638389209427026 -0.0492497322041441
0.00842082349987931 0.0322289290602643 -0.513126337314068 -0.14962359344228
-0.0221830936947902 -0.0137791389375344 -0.184384925726261 -0.133368096647237
0.00436754141923419 -0.0229743280918798 0.0512530084948253 0.163949862438425
-0.00792812170005026 0.0418248697194618 0.298526374950645 0.442164473131116
0.0561420476941958 0.103023982395229 0.392250874889536 0.50951506340526
0.0907509986708481 0.0114274393842174 0.406536896350525 0.611202853966667
0.0230828877044995 -0.0183714552477239 0.460721672587678 0.533970902154534
-0.0043597431987836 0.0368277485613184 0.407323000015978 0.258632161622671
0.0304782880627536 0.0805856321718504 0.216353427621991 0.0419923404859074
0.0317013653334481 0.0721341403285797 -0.0407167621522798 -0.113648241995536
0.0428783801360854 0.0682985894841676 -0.262756645461154 -0.128142571274331
0.0200165213234131 0.042369562411716 -0.491481679415927 -0.11336086752969
-0.00196837907391417 -0.00875157335147386 -0.597737150073078 -0.0592671296420681
0.0312593257074128 -0.0553028116019802 -0.658687613971362 -0.0222868786245802
0.086669081173018 0.0223197671457075 -0.636869183279986 -0.0813305365306886
0.0105719990249907 0.0658102982135662 -0.515007584888295 -0.170562482252938
-0.0438292901788301 -0.019650272994053 -0.179224468203372 -0.140054142127973
-0.0121032268427835 -0.0313927767554496 0.0599000207733854 0.170892158187048
-0.0129455743091993 0.0651715677046996 0.318484552310828 0.413527882640088
0.08790122498051 0.118497864503185 0.44753861120282 0.469744324184185
0.111056319556943 -0.00247408260636203 0.484410626717905 0.537451608237594
0.0238823702588554 -0.0170469566579801 0.506577873993682 0.464510854922139
0.00653181307893476 0.0535379626336509 0.422772010943623 0.242488350719149
0.0483766014008116 0.101570547288271 0.230018425704255 0.0662036301591329
0.0516010936317496 0.0974783583896329 -0.0210416773441405 -0.0808457852801642
0.0591593985686809 0.0902216256948134 -0.24323683638722 -0.110627063226854
0.0283056049188281 0.0527850004811877 -0.477804876422945 -0.135214852661485
0.00598194648396079 -0.0141797662224316 -0.59136675501881 -0.121470874351279
0.0595831674415999 -0.0661949364514855 -0.652432892177461 -0.112576809597643
0.119158873654566 0.0470621815250294 -0.624449735695158 -0.148912552739408
0.000518509063903033 0.0896264398583294 -0.511152721870083 -0.212162907668885
-0.0593733688557824 -0.0322176216146748 -0.171519073820971 -0.148381099650321
0.0857096612774803 0.0318164493072914 0.107677590939268 0.15952192602334
0.0358082758537548 -0.118249247675958 0.410704407070691 0.322341656349698
-0.111781290403436 -0.0800229679513 0.580508353980163 0.275659894620934
-0.0933631818645671 0.0305177888893602 0.63673463517985 0.264497758577697
-0.0234876463967616 -0.00716289003203464 0.607654128857878 0.244522095451575
-0.0381446545828663 -0.0524421767354112 0.487853571521686 0.145449189163001
-0.0477263326715021 -0.0809442119947786 0.284398329263367 0.0711567959841596
-0.0642730378022855 -0.114328057281165 0.0440752607324463 -0.0196330814587962
-0.0546238095377915 -0.101851655404671 -0.162833424983891 -0.0911891207685769
-0.0318533853275281 -0.055190387922457 -0.396915801793136 -0.234449329476215
-0.0507616386710159 0.00634506043722998 -0.528018772158486 -0.340669455421752
-0.135582030946363 0.00162980764887318 -0.567161281159244 -0.403573730548271
-0.129345568460706 -0.130945313214913 -0.527161440046148 -0.404390911469357
0.030258162491673 -0.124012419048556 -0.439650878599646 -0.3551202868378
0.0652980192634559 0.0121258682395403 -0.157563684689108 -0.166850250393166
0.0815828753343304 0.043357168641319 0.0924196517320978 0.160816379799115
0.0587280807345632 -0.105860172864169 0.383300280762636 0.366762556704113
-0.0888861458317554 -0.092485036284894 0.522122640004612 0.362522807944608
-0.0933065201842349 0.0118253633052021 0.573903336589956 0.399407892810584
-0.0238996870873818 -0.0138643378531039 0.574248727446703 0.35690740690006
-0.0351970350172804 -0.0534596241870469 0.469018861377119 0.183970029925132
-0.0464175157384876 -0.0772866173716258 0.261336696889103 0.0509919697646466
-0.0660986169845766 -0.107608757086907 0.0153239868370297 -0.0627563205898403
-0.0600933958015579 -0.0915781587911738 -0.193294354249559 -0.119362300604238
-0.0403424727746084 -0.0495271091473519 -0.431884413903317 -0.207973286100414
-0.0461466656712214 0.00999082093231132 -0.567033412336748 -0.246998453092202
-0.118060697482551 0.0219515921982549 -0.631042345397055 -0.267960513692236
-0.135867652287743 -0.0948495279433505 -0.587870372043467 -0.302763581508483
0.00920734962316687 -0.113707967253979 -0.466344426834466 -0.29914849800985
0.0613845612453692 0.00160735336509469 -0.168929458863052 -0.157736428504765
0.0700936305450844 0.0458995914548582 0.0782394708971081 0.158097496571504
0.0691821363596892 -0.0777677639343605 0.348969629399915 0.411208584543468
-0.0531295944265972 -0.0810584749684194 0.461697094967347 0.437912769151829
-0.0718957931964548 -0.00488910614433618 0.490151779508046 0.516085669500782
-0.0185709804301365 -0.0213141393706679 0.525051757996823 0.458876422549016
-0.0284360498145483 -0.0473266907765777 0.446528309419466 0.221610484200865
-0.036992989485103 -0.0594167884267175 0.241611314127756 0.0320613527686003
-0.0584683468742665 -0.0829617034080895 -0.0125854660815044 -0.101357329660966
-0.0535345998010131 -0.06678443761351 -0.225740630086461 -0.138824436037679
-0.0408479214010102 -0.0324382746836998 -0.46355696838318 -0.174885295827532
-0.039201593578301 0.0124853533736216 -0.593194886418832 -0.155287083366032
-0.0885083314864769 0.0270141793191479 -0.661803840689619 -0.138394638828135
-0.11403826447279 -0.0546694647428382 -0.626319882847935 -0.196576069858181
-0.00602217632951154 -0.0857655673207781 -0.490426710497115 -0.238002767030532
0.0469356309864284 -0.00741170047373254 -0.178906815398575 -0.146995581464957
0.0543468758386092 0.0362073552766971 0.0655688912411247 0.155698893644871
0.0617896832223679 -0.0452158038829588 0.317533838306378 0.443060636210122
-0.0182301667760373 -0.0450133284434588 0.403414123023102 0.49516165378351
-0.033537690002949 -0.00928430878300389 0.411557157523598 0.598940613161438
-0.00726182030391617 -0.0251594857896446 0.471295355736121 0.532289824996888
-0.0228350648333011 -0.0324737844591668 0.426083495487412 0.251248800066876
-0.0234014285291131 -0.0287795944102371 0.226012537448592 0.0209523462319381
-0.0424506557452351 -0.0474548260758966 -0.0356349518357596 -0.127603868545914
-0.0355905149921396 -0.0329486972974352 -0.253636398470831 -0.148114597131299
-0.0307064141952872 -0.0116688699258291 -0.487554911907488 -0.141636184132845
-0.029599290175475 0.0109045440917187 -0.602017018408778 -0.083360550563867
-0.0562462091600714 0.0161285849589433 -0.668615454552358 -0.0395977631423806
-0.0694898113448906 -0.025462345878622 -0.641931012884652 -0.111112747509752
-0.00845177263098663 -0.0470436467503757 -0.506083896997324 -0.189527615406046
0.0246078286553166 -0.0117833569943013 -0.184190025542389 -0.13825204923399
0.0383300050618441 0.0163566721334514 0.0559218105190706 0.155752403186149
0.0393268159472124 -0.0145507724113975 0.295595651857952 0.46138634902603
0.00721043554615407 0.00770569655431198 0.368546179124128 0.526211564152304
0.0112963551852203 -6.76477666347692E-05 0.361632295551455 0.643429329109173
0.00615949408771511 -0.0246777689869815 0.438661037193515 0.573883599649148
-0.0165480935723303 -0.011296083409737 0.407476873520094 0.26893696391077
-0.0069403326587653 0.00822205966067217 0.216336889670371 0.016850261906303
-0.0191977084572461 -0.00541494448349089 -0.0481154470234412 -0.139415418264741
-0.010381020513498 0.00351413549593672 -0.270206393432598 -0.148867764283808
-0.0138070650374262 0.0092060413894371 -0.498593347107895 -0.119189162165974
-0.020192465069309 0.00671993596908047 -0.603082152247604 -0.0405671224178432
-0.0261763183580847 -0.00617939319910924 -0.665677092675184 0.0125385483474554
-0.0160340333427982 -0.00750016842770902 -0.644447848226815 -0.0621410357573253
-0.000465789502578258 -0.00589712595455136 -0.513566016039918 -0.159108484046008
0.00102248806917732 -0.0125132794757088 -0.185693991367573 -0.133456147368287
0.0217576955841412 -0.00585360626968445 0.0498509569836758 0.159059839119246
0.0118089263042645 0.0139015218858356 0.287489832268589 0.465023831771792
0.0290900550309901 0.0622367018795341 0.363791633607146 0.535147689364542
0.0560950552070258 0.0114586753732494 0.36051529927381 0.65104584011268
0.0163833239751005 -0.0213399587042094 0.434799404073623 0.576700100162778
-0.0120463703509403 0.0134042194923474 0.402664705148131 0.272620236181241
0.0108830759615599 0.0468836542546508 0.21351845727602 0.0257966228180565
0.00643681894911081 0.0367909325809817 -0.0503660586733073 -0.135108444132382
0.0174420992610214 0.0382063134368227 -0.274214530433415 -0.143332438221721
0.00392453684463095 0.0272333171206295 -0.500786702759332 -0.11052534506223
-0.0108106401770601 -0.000719401256925001 -0.602783976030575 -0.0333969219776105
0.00218717893078622 -0.0331316314083134 -0.664664765501902 0.0172488703145312
0.0395812189289439 0.00584800296363645 -0.645417644112903 -0.0546658996078955
0.00843405720319861 0.0328413424459721 -0.517149328636676 -0.154763655822507
-0.0231108965317486 -0.013353931743165 -0.185086343061748 -0.136432874770777
0.00407877514698347 -0.0239210197382765 0.050032416886602 0.166541388531605
-0.00860269581803598 0.0422847968433844 0.297278055674049 0.451131526171302
0.0568724979760416 0.104590965472143 0.39359338238076 0.519952283238907
0.0912682506576041 0.0119844890614552 0.409014264258129 0.61902385902867
0.0225253849538369 -0.0180071781356031 0.464981369647198 0.541190715001425
-0.00479752260643196 0.0372670047055422 0.409549482121739 0.26535408887443
0.0298563709093425 0.0809295856919545 0.218023962423315 0.0437699720966679
0.0313211838513056 0.0733580707113626 -0.0398702920948371 -0.115153248642352
0.0429558593205693 0.0688768506250922 -0.264314514455249 -0.131373085160956
0.0198707532797884 0.042885781092298 -0.495295838650631 -0.118374425737563
-0.00221764008710825 -0.00823751934498689 -0.602383578479913 -0.0637816084631203
0.0319260504134104 -0.056315485223613 -0.663968198197823 -0.0261267789889624
0.0883240616607832 0.0220922819656185 -0.642188766769898 -0.0867492524899665
0.0103872001499948 0.0666519834363839 -0.518673249951443 -0.176327838638501
-0.0440772085895201 -0.0199864177515765 -0.179969363491212 -0.143283378278228
-0.0128217405186467 -0.0324425141175512 0.0577170042051148 0.172814928120608
-0.0134122423101521 0.065796021945595 0.318541619842145 0.422483606794501
0.0890481159495792 0.120909119922565 0.450933499352403 0.476580739507989
0.111921127759301 -0.00266293756226058 0.487582901549671 0.546109003465874
0.0237708411376443 -0.0172040631364382 0.509972834750168 0.471069404201648
0.00614732028225535 0.0543934661350622 0.424592671268932 0.247484032126413
0.0492550443292635 0.103747897868724 0.231682143752646 0.0674902135289266
0.0514347756960371 0.099645600008485 -0.0205489868196003 -0.0829024285312139
0.0595043460190392 0.091525126903763 -0.244516897600409 -0.114024273883146
0.0280767795685175 0.0537392495153811 -0.480987899184729 -0.139190284789869
0.00511722086769723 -0.0134435052720682 -0.597972377299459 -0.126739611035497
0.0604973139328717 -0.0668460051758822 -0.65832548685894 -0.118441065887651
0.120337153435992 0.0481566738165412 -0.631732838977077 -0.154946821327979
-0.000325766629112909 0.0895765662409261 -0.513130478290223 -0.217530032214472
-0.0602926430701528 -0.0329119444355476 -0.172205987792738 -0.151256772438833
0.0867749478637397 0.0315897533475552 0.107859603630696 0.162855957667733
0.0375397546596291 -0.120243006369428 0.414777736739929 0.329902873240785
-0.1123707456482 -0.08203797438966 0.587831691202378 0.282818318244063
-0.094826459141765 0.0301285344655947 0.643055382907694 0.271942455682531
-0.0236666858653466 -0.00742470763266881 0.613596499413895 0.249026164237417
-0.0385020343990579 -0.0527842780853407 0.493719228032631 0.149169280272893
-0.0482256742116614 -0.0828610192426475 0.287836866976881 0.0739507179986801
-0.0654520682496168 -0.116872335079243 0.044843842405444 -0.0197725911347776
-0.0551260905905968 -0.103357518455726 -0.162662725712665 -0.0940896680739728
-0.0319117705293074 -0.0564204832948633 -0.400161184749912 -0.239124256828063
-0.0510969982950345 0.00691612175223583 -0.5329092512556 -0.347076877877047
-0.137036309003705 0.000961841547403832 -0.575661315078151 -0.413224701097686
-0.131182793718567 -0.13247610825711 -0.532684030497641 -0.413001289873772
0.0318433574908546 -0.125498426245461 -0.443599863981786 -0.362785230671953
0.0656313599304196 0.0129876110717908 -0.158564807188684 -0.170702159157754
0.0817297544890477 0.0437214435656425 0.0921415014085435 0.162744269155402
0.0598478048353103 -0.107272967926089 0.38507326261172 0.374239937680507
-0.0893308649973529 -0.0946419001671329 0.528488239705869 0.369914299673364
-0.0947342749574281 0.0117309479638363 0.580001980010264 0.408771694499566
-0.0240331611641486 -0.0140976152170981 0.581715013131506 0.363445200270267
-0.0347861781903316 -0.0537603101691562 0.47433780136328 0.188090618035197
-0.0452802292116163 -0.0787108832823188 0.26417748558082 0.0527867710581286
-0.0672506022537614 -0.10921954296194 0.0155323631529348 -0.0638672984541775
-0.0603504206811085 -0.0934382325389734 -0.194155618902324 -0.122871898231798
-0.0402171431531517 -0.0498762506843043 -0.435823614382322 -0.212799045186044
-0.0472131776899918 0.0107576260725698 -0.574741923470462 -0.253722883370844
-0.119045172826735 0.0212613690280923 -0.638430571466818 -0.275221059440847
-0.137774041337922 -0.0965815282163498 -0.595290685305906 -0.311170504503466
0.0101741160253855 -0.115870084889482 -0.470625132901043 -0.304891767718406
0.0622875530180462 0.00259841618069267 -0.170012260440049 -0.161409705550679
0.070301817323887 0.0468261524143529 0.0783663725782509 0.160604265543498
0.0702213401427327 -0.0788015089143631 0.350070554616779 0.41751794019933
-0.0531412543795026 -0.0833911887242084 0.464508678316055 0.447300153627603
-0.0724199642405607 -0.00551718765085468 0.495601942403009 0.525543692188075
-0.018584218622147 -0.0217618944288205 0.532126000939541 0.466474410389595
-0.0291904627096954 -0.04747152528977 0.452183262699028 0.227129396497743
-0.0366897324763319 -0.0607326691067899 0.243929114869794 0.033052085324042
-0.0595771940049329 -0.0848106482475553 -0.0129419968886341 -0.103094481663453
-0.0544165462422055 -0.0678311182204786 -0.227521638502789 -0.14176576683005
-0.0402671350776407 -0.0339018680951701 -0.467373150736158 -0.178763770296696
-0.0395260436607011 0.0125808891465938 -0.599417240922033 -0.160275900456864
-0.0896511149937126 0.0278188868930878 -0.66991994913459 -0.143239656070684
-0.115498292221925 -0.0559790853616408 -0.633789451943538 -0.202939484338691
-0.0051646804835131 -0.0872437311765093 -0.495704864200852 -0.244125042172446
0.0469218865723506 -0.00700812253050973 -0.179337533794077 -0.149604754117442
0.0545027197806963 0.0367630684272051 0.0648891509058084 0.158502669895964
0.0632018128542814 -0.0457610927964954 0.31861066909628 0.452337162679747
-0.0183958173415194 -0.0456064012536426 0.406000745447799 0.504158229361098
-0.0340788702126075 -0.00957787652136726 0.41507506449719 0.610352786336111
-0.00702215815518066 -0.0255162788206385 0.476450133937714 0.542562598511776
-0.0223239074579011 -0.032213696749365 0.429112293630457 0.256031615456802
-0.0227289891129331 -0.0305685529513554 0.228907347633848 0.0204922330362756
-0.0427420750469751 -0.0483989760076912 -0.0357617990420846 -0.130579876435215
-0.0359709304020862 -0.0340170787405148 -0.256512642397645 -0.152282466322896
-0.0312598944480171 -0.0118680501698203 -0.491299412600772 -0.147124567934292
-0.0308687543258188 0.0120901083120325 -0.610085032723858 -0.0866517953318831
-0.0577118684683854 0.0162404747477483 -0.677535932244599 -0.0447480374846899
-0.0707069800568157 -0.0260109641143865 -0.649845441416494 -0.117886273108124
-0.00797855152104058 -0.0473124289665726 -0.511957575054983 -0.194125676379899
0.0246553776646664 -0.0119153557994458 -0.186289760121175 -0.141025745900907
0.0379236110456695 0.0170345372395872 0.0552453354493231 0.15753532716556
0.040223803869902 -0.0147911987942945 0.296244317806246 0.469691593654002
0.00734990870890203 0.00775094896628805 0.370699702054539 0.535274871107654
0.0118425971862046 0.000110650527510745 0.364018238628901 0.654230581076441
0.00569880273209987 -0.0250192131963316 0.443542245628037 0.583351177468294
-0.0171778301952758 -0.0110878884017161 0.412156375083766 0.272839604043224
-0.00645576842062796 0.00776295462614468 0.218520613685519 0.018081517856708
-0.02052820977262 -0.00600783358345451 -0.0486380924072729 -0.142018345519825
-0.0101405986109406 0.00320401690413101 -0.273141701351943 -0.152928489198615
-0.0143975764956793 0.0093844715291555 -0.504825384628585 -0.124467970365918
-0.0205338745685156 0.00639310073978999 -0.610651390615095 -0.0442267620863722
-0.0260154749747361 -0.00664082983043668 -0.675431354869619 0.0109053530720082
-0.0155683416224066 -0.00759231519468275 -0.653748068265019 -0.0671452429861425
-0.00113832384421213 -0.00596273508063169 -0.518407757149739 -0.163530606828863
0.00050038317554567 -0.0125694423708505 -0.188383165536184 -0.137144277224788
0.021673491709349 -0.00636562514660484 0.0488535768311401 0.161525538553912
0.0125236644722397 0.0139467715490986 0.288774752028788 0.474000037032817
0.02919819651063 0.0638970272815697 0.365827061591512 0.544442315795254
0.0568696412752029 0.011609946482618 0.362137102278978 0.662052409353561
0.0165841629494122 -0.0212232058414491 0.440078894676874 0.586871549053325
-0.0123585699342239 0.0142389509873092 0.407521390610031 0.27922541928082
0.0107300065206369 0.0477682050801586 0.215798572044215 0.0257042145822707
0.00606874729181907 0.0372847009519089 -0.050666708011558 -0.138007505376754
0.0182371016413915 0.0391624590935408 -0.276740374321881 -0.146890565542466
0.00443819295404589 0.0283023873838875 -0.507164373893726 -0.113173717906368
-0.0110556372637719 -0.000781218441868901 -0.611075524985592 -0.037243880154737
0.00293372335709773 -0.0338839350887695 -0.672245944816234 0.015589220196881
0.0406066573245852 0.00548831574957765 -0.655077724124687 -0.0597021979823717
0.00860903414231596 0.0325582224233796 -0.522895258113235 -0.159335649932835
-0.0238941193381929 -0.0138333548190389 -0.186595295113983 -0.139193248208012
0.00390394075088231 -0.0242277571468038 0.0494879433942689 0.168898129034742
-0.00894268056225027 0.0425224963694635 0.297918716165281 0.459081102657288
0.057166295429858 0.106977680885227 0.397064525590068 0.529685574406518
0.0934593076144372 0.0129061841929326 0.412478717175462 0.630488554978973
0.0231048678516862 -0.0183019550120638 0.467381269336671 0.551935885168602
-0.00506426985313456 0.0382262759080648 0.413683136927921 0.270541817061144
0.030445466692023 0.082340097014197 0.220264580699534 0.0448462169181295
0.0308298666372159 0.0751464473868069 -0.0402524858887302 -0.117340301165136
0.0425959400294048 0.0701857776925551 -0.267477532330108 -0.134565895902089
0.0195558889623685 0.0433714501299616 -0.501024950701418 -0.120810902427941
-0.00261730053810782 -0.00827291615868314 -0.609855677535515 -0.0669322002073761
0.0315454020140845 -0.0567784780280225 -0.67300450274058 -0.0318650010310419
0.0897018281962636 0.0228238953594735 -0.651295807098799 -0.0907365237796827
0.0103481144838314 0.0676880951725753 -0.525077864824071 -0.181362613552891
-0.0450826292870769 -0.0191738856876923 -0.181894797398774 -0.146497555043826
-0.0133976736831508 -0.0326756104360635 0.0577075759624301 0.175095749497342
-0.0147858272730744 0.0667617753393653 0.320685182165164 0.428674639807732
0.0901506999649908 0.122819179780049 0.454844654618954 0.485535376459612
0.113535437777188 -0.00181809121737 0.494547160230174 0.556078872671526
0.0240145331360173 -0.0171001853870669 0.515210419336645 0.480760281612334
0.00603115340985997 0.0553300258578086 0.427788100891888 0.252621199156036
0.0484625453884918 0.105463157793539 0.233278799280145 0.0688086991307829
0.0508149051927524 0.101439073056993 -0.0205244123375483 -0.0844371793353528
0.0604641986006074 0.0923992093148239 -0.247031480882618 -0.116329189637751
0.0288528533570358 0.0545919019570497 -0.486524004435123 -0.14353658047606
0.00482411874292911 -0.014256857895704 -0.604137872750182 -0.131789977538376
0.061415128102707 -0.0678554990584325 -0.668272987752414 -0.123694605689813
0.122080804747247 0.0488867328949245 -0.640018985067381 -0.159418971248493
-0.000104878039889837 0.091465491997247 -0.519983626862883 -0.224075111989041
-0.0612125690816028 -0.0327287409457014 -0.173511604569093 -0.154519673173582
0.0878192045555349 0.0319225544964004 0.108232449923273 0.164968896408777
0.0390473295137632 -0.122523791333159 0.418504578293258 0.333897202895313
-0.113633445451683 -0.082949628800613 0.595763413197329 0.288015708198693
-0.0961483833857711 0.0308025384487805 0.655184669711905 0.277365608516837
-0.0241672000660252 -0.00774152794773843 0.623924553618058 0.255305887585074
-0.0383438719323898 -0.0537193183533373 0.499541223509158 0.150252843530679
-0.0489542763044599 -0.0846517596298919 0.290509320409594 0.0745583751583142
-0.0660027726882283 -0.118288148969702 0.0463440644527124 -0.0204840686981898
-0.055509282710114 -0.105958042523072 -0.16401546289558 -0.0964161211169554
-0.0321203293866506 -0.0576508760176487 -0.404786719959579 -0.243349263846677
-0.0517567068278144 0.00704319482163096 -0.538077612436839 -0.353864049797149
-0.139800586924022 0.000825096617634427 -0.58269303484516 -0.420731613496518
-0.132912969465821 -0.135828524733272 -0.541518880660794 -0.420884534500738
0.0317902722304547 -0.127161496857742 -0.448360702968588 -0.368344320165393
0.0667767667245523 0.0136118368826237 -0.159409325009776 -0.173665244406127
0.0835794395798503 0.0444246740552177 0.0925758530906502 0.164927514612808
0.0615786610683313 -0.109490364865859 0.388499488469422 0.382641273406291
-0.0901226421769479 -0.0958903123214408 0.535646869710854 0.377562990531644
-0.0960538168003955 0.0117114021802766 0.58893102814423 0.41653432114566
-0.0247083335407275 -0.0144198063591255 0.588571948150279 0.370709879867262
-0.0355985030661357 -0.0547160874104847 0.479762819585982 0.191823510054053
-0.0458311885798336 -0.0798328081771473 0.267530352085236 0.0539095551125265
-0.0683850568535919 -0.111279459913979 0.0158679507793913 -0.0653437666229304
-0.0608198483790015 -0.0951575165033976 -0.195868122401815 -0.12539916194516
-0.0409168467207665 -0.0509935851464732 -0.441427369946266 -0.21485763741444
-0.0471549362928171 0.0111102358101881 -0.581011862148901 -0.257267687323369
-0.122000379234796 0.0217766860000502 -0.64590670708734 -0.280547460158606
-0.13954143590412 -0.0976373259085833 -0.603445063075994 -0.316913106033179
0.00989799915444147 -0.117673498019751 -0.478015319221042 -0.31081020094676
0.062221745918308 0.00284958707437534 -0.171474977916104 -0.163936644603033
0.0709765685432021 0.0471761079842816 0.0779186073775422 0.162732270412455
0.0718257085688087 -0.0806130420231211 0.35374315058981 0.424398780653196
-0.0530552399843184 -0.0846577659970762 0.470203329782201 0.454860100621414
-0.0744132284963312 -0.00609103410772558 0.503036354810833 0.535744850220403
-0.0187769716030987 -0.0215954745454936 0.537647093183101 0.476530147011284
-0.0292713499807207 -0.0475212398041805 0.45577731756709 0.230820732298163
-0.0373309913065307 -0.061491029218806 0.247243048120592 0.0340064142544988
-0.060804207342439 -0.0861797612784747 -0.0129401202730178 -0.105209198776734
-0.0537952377569612 -0.0691851446300871 -0.230138696556563 -0.146106414089823
-0.0410973289848604 -0.0338710959791508 -0.473769552156953 -0.181493247701555
-0.0399185908347975 0.0131356571556601 -0.608112689471087 -0.16400071400644
-0.0906504626548353 0.0275075441207972 -0.67719771702555 -0.147727895787261
-0.11672721633771 -0.057197792851008 -0.643670673627116 -0.209240427250026
-0.00495742172685394 -0.0891173331576063 -0.501975798254094 -0.250401228081881
0.0472539567343485 -0.00705820899331142 -0.181151377567873 -0.152781086197267
0.0548674105130219 0.0374078297800521 0.0653210984343606 0.160302488192352
0.0637769403481461 -0.0460040123837183 0.320846783720327 0.459874011455978
-0.0177350143341173 -0.04574848272768 0.413058768934507 0.512103041738664
-0.0347637136231264 -0.0101402414251418 0.420455707274955 0.6210906169151
-0.00753715744276571 -0.0262213349157438 0.48456633514907 0.55277597101903
-0.0219572836808162 -0.0324674351398531 0.434466751568464 0.259176861895497
-0.0226670069755922 -0.0306591871230586 0.230904857852405 0.021557331258802
-0.0443551644532581 -0.048881039307023 -0.0357873767479325 -0.132987094492655
-0.0361389260944616 -0.0351268919908445 -0.258747542888052 -0.155552978343835
-0.0311815522665814 -0.0118785651446509 -0.49736128628058 -0.149117730026063
-0.0315126486649234 0.0116484595075351 -0.618979091258474 -0.0890954406960569
-0.0586424492963625 0.0167551281357867 -0.686118592650517 -0.0457913018147315
-0.0722057472423918 -0.0268446200388265 -0.661401600898653 -0.120804727648639
-0.00823026626734676 -0.0487252502545774 -0.517617848782353 -0.198800650285521
0.0249350126764472 -0.0112388384119702 -0.188411719247621 -0.143734511712215
0.0386368410424644 0.0168840955633865 0.0548860609427866 0.159856811401852
0.0409840686103813 -0.0156093243786882 0.298442024003947 0.478466810821627
0.00756243956658959 0.00792914390889144 0.37611581033874 0.545142505188683
0.0118477725661944 0.000116884594565935 0.367122029166239 0.665540507650444
0.00547095378354683 -0.0248702783886006 0.448837915643309 0.593816693162717
-0.0164750383346909 -0.010864070455983 0.418083859088311 0.278012327199199
-0.00591801967514454 0.00801469060198249 0.220855969911867 0.0184188786503353
-0.0209029622663368 -0.00567783582151005 -0.0496830214236847 -0.145236543516959
-0.0100064815206667 0.00355163367080911 -0.275870230237612 -0.157209589179663
-0.0146990621783912 0.00980460956212961 -0.510891837545551 -0.125091664683299
-0.0212485661160133 0.00660258573664219 -0.619256904450503 -0.044864701246654
-0.0267504358748511 -0.00644074341026719 -0.683434837141418 0.00759373195676823
-0.0156692233967854 -0.00773367365307119 -0.663849581300328 -0.0711525971468262
-0.000901471468704066 -0.00682767182302213 -0.525954495746663 -0.168979369667033
8.81704464563808E-05 -0.0123436765178416 -0.189839773961508 -0.139592182818124
0.0212254882583301 -0.00628342957543767 0.0484105225876902 0.163605393677307
0.012367518909985 0.0138347716849404 0.290464447037341 0.481680822762221
0.0299758701456711 0.06437631786413 0.370874005810859 0.553599066682562
0.0571801037572239 0.0118265781795945 0.366375197390716 0.674779899801513
0.0170990881947063 -0.0215687244042997 0.445330545181449 0.594746236234361
-0.0121545281460882 0.0141712635190377 0.410865521365567 0.282568501651615
0.0113626348013051 0.0478999907253213 0.21844413777489 0.0267103367457698
0.00550548436656459 0.0380138026585928 -0.0503602008873731 -0.140509709200793
0.0183698928966516 0.0394518790507196 -0.280104934326325 -0.149582308080762
0.00417215076833923 0.0288267622753425 -0.512623211272673 -0.116507323847757
-0.0115479376675145 -0.000898957591801677 -0.618774735237411 -0.0393452204354157
0.00252987978349264 -0.03413309901338 -0.6824988758125 0.012984527481496
0.0415300709944645 0.0057994713957136 -0.664137247993769 -0.0620034441423048
0.00835322010112787 0.0332922849179392 -0.530723428311718 -0.162597957678818
-0.0249063887050612 -0.0128733164114922 -0.187858287438819 -0.142674665911448
0.00349176203344551 -0.0249272992633529 0.049131884341569 0.17090175695791
-0.00895520413966091 0.0422160730021904 0.299631808627336 0.468191284394625
0.0585837486833435 0.108173701813075 0.401200246856435 0.536625993807693
0.0947293248828903 0.0124973487408486 0.418063505788416 0.642296553660332
0.0229574782052258 -0.0182187232247145 0.47381021551675 0.55962365079192
-0.00445474399050799 0.038994650836065 0.419284636765384 0.273901514917242
0.030552809867386 0.083154736919786 0.223171792692035 0.0451667977201245
0.0307177688916144 0.0762409055805219 -0.0401424865966608 -0.119325415862958
0.0438186823981803 0.0711335398751833 -0.269964173166421 -0.137257032683019
0.0203619006350753 0.0442319451503443 -0.506977430293772 -0.124501237055477
-0.00277090960252483 -0.00840150938030701 -0.61773502480711 -0.0689670435004801
0.032435246660319 -0.0576039195423404 -0.682428825898722 -0.0347335283268753
0.091221227141335 0.023783851703232 -0.660607290409394 -0.0955585282258127
0.00992630577517464 0.0683324707067061 -0.533594649609078 -0.185173525419788
-0.0460406566473754 -0.020533256739284 -0.183977200726678 -0.149001759585541
-0.014214676899432 -0.0339121960597021 0.0573887467872701 0.177838618762585
-0.0147110935321575 0.0675706760751919 0.322066315764718 0.43800773793293
0.0916535484215733 0.125179087849892 0.460663990082014 0.49472340110045
0.115521494660257 -0.0019467057006734 0.499059502073016 0.566440217994409
0.0238457612554997 -0.0165186964164533 0.521145304939375 0.488380395613837
0.00621610123204428 0.0572592326713172 0.433221424958813 0.257204328724323
0.049845733127663 0.106566681613274 0.236018319463602 0.0704558159780167
0.0508787485261525 0.103384355075145 -0.0210385128366975 -0.0861061425191956
0.060992407095481 0.0940032817853147 -0.249668766678771 -0.119296609157877
0.0285520648431191 0.0556919713357525 -0.492383620427619 -0.145020119086294
0.00468230110354306 -0.0140399067756155 -0.610863578063955 -0.133930878663352
0.0625738072460517 -0.0686629967393691 -0.675635334888281 -0.126988749104217
0.124199365445796 0.0503202281285432 -0.650585603441868 -0.164497626571808
-0.000134038402111018 0.0927851586956246 -0.527281149487701 -0.22926469801217
-0.0630169227842001 -0.0327698668058444 -0.175521086770206 -0.158112295870242
0.0894257433488515 0.0319357623430116 0.109632141361333 0.167075286533846
0.0398949959459075 -0.125803569573664 0.425134542898388 0.339462520352157
-0.114898883121279 -0.0848859612341319 0.606066446861902 0.292211663563755
-0.0979156022020189 0.0321530314983095 0.664844797793763 0.28157597699374
-0.0250710073534377 -0.00836961546196052 0.634271441943004 0.25752425254088
-0.0387332190661454 -0.0538242362783475 0.507084572761207 0.153678209130819
-0.0492683722096415 -0.0866665623813119 0.295788970236534 0.0757019612630725
-0.0681319968794408 -0.121173571320577 0.0479162462406544 -0.0216557893944126
-0.0562297662601412 -0.107444028986613 -0.16585584668937 -0.0976030722423998
-0.0330197043946877 -0.0583803762850247 -0.412031048552227 -0.246466637501869
-0.0527440099075958 0.00759314359492955 -0.547406136063674 -0.358031477145834
-0.141717085416037 0.00139431405590773 -0.590085853724434 -0.427283386934112
-0.135275600555384 -0.137586415479966 -0.54917547726543 -0.428419809227082
0.0329251388379349 -0.129811607936463 -0.455917953076518 -0.374371379001861
0.0672319444871136 0.0141003215445724 -0.161510078236526 -0.177200491986971
0.0841395873877386 0.0440709302068757 0.0942939499660559 0.167374165599893
0.0620228296775967 -0.111747918145806 0.395433538654929 0.387255349785687
-0.0911323753085705 -0.0973928903627371 0.545149508685355 0.383552547454739
-0.0987632182853917 0.0124855667314242 0.597369160004882 0.423147900362939
-0.0249558013006662 -0.0141466881592123 0.598907615344871 0.375043304130575
-0.035444566510042 -0.0545242522931901 0.486649283440813 0.194758288855478
-0.0465323279553495 -0.0818721988074501 0.271993445871623 0.0536485208679184
-0.0701676840999783 -0.112984279851915 0.0163647511526727 -0.0669854848691121
-0.0622195600830948 -0.0963934497857799 -0.198462215905238 -0.128280244991813
-0.041722278168521 -0.0517768426591783 -0.446236268468927 -0.218343792904589
-0.0476509253762033 0.0112781567149399 -0.589657057656692 -0.26066426860668
-0.123304301459862 0.0222121713561445 -0.656051816832232 -0.286192862186682
-0.141868911837535 -0.0995410847191936 -0.61472267752841 -0.323452961252063
0.0112485291668483 -0.120431367621305 -0.484832765991772 -0.315613395526207
0.0632722959724643 0.00316168430407393 -0.17364088645089 -0.166579205790229
0.0717877509900671 0.0474736136725777 0.0787919097360767 0.164967829351983
0.0735319339753944 -0.0827215362044399 0.359142285917188 0.43133574834484
-0.0540204529695076 -0.0847375381097172 0.478639990197924 0.462958027872174
-0.0760505559455776 -0.00549180298836424 0.510580507254769 0.545032904823286
-0.0198155752097711 -0.0227373378008223 0.546890208662938 0.483388846591193
-0.0297757886566489 -0.0479726540534232 0.464644759213716 0.233921700854473
-0.0375789798150835 -0.0629202989926897 0.250149786834931 0.0330249934083057
-0.0623843317779072 -0.0876284630412952 -0.0130369068669249 -0.107278692870233
-0.0554834444694666 -0.0712143337921849 -0.233665590315984 -0.148461053590365
-0.041362167181514 -0.0349050691571982 -0.480054249589573 -0.184313884779438
-0.0408710313383388 0.0136579023697223 -0.616287061641245 -0.164560194088935
-0.0923545677745676 0.0279134021914677 -0.69037998378619 -0.149504154819076
-0.118772364271825 -0.0589743494856053 -0.655490161434416 -0.212271129259186
-0.00463945927589442 -0.0904226235520673 -0.508516170182068 -0.253385813545445
0.047478798550534 -0.00669172143164009 -0.183569091276733 -0.155251690564213
0.0558584094232219 0.0374899979737892 0.0647935927414097 0.16276177335412
0.0657631539096415 -0.0478576977923128 0.325767973794277 0.46756144012611
-0.0178586641984267 -0.0477858984491433 0.420299927626892 0.520341062058803
-0.035118134392475 -0.00937195436418451 0.428940942172711 0.632352967963825
-0.00876810888449516 -0.0267936133373544 0.492773552337253 0.561551260794793
-0.0223703622577006 -0.0329400453122845 0.441002849615044 0.263090768219575
-0.0225280273672777 -0.0314856823695498 0.234790429782917 0.0201602205059921
-0.0455928609510542 -0.0501070039681896 -0.036771773371975 -0.135628303428533
-0.0359902347233393 -0.0356944175523046 -0.262905429223777 -0.158413931541028
-0.0314541988780519 -0.0124527322334721 -0.506363938480788 -0.149855751636468
-0.0315546589447295 0.0124026240011261 -0.626956198566687 -0.0890978038527821
-0.0598344178168281 0.0169952807347701 -0.696457663823449 -0.0462522562753069
-0.0725390622603686 -0.0276822013793923 -0.671691981031271 -0.12309597876558
-0.00761706432474807 -0.049293409259155 -0.524687485051958 -0.20185416477146
0.0248407451720357 -0.0109726142898886 -0.190896601427623 -0.146812157453918
0.0391153047858558 0.017122979119311 0.0550375960154685 0.162174317781419
0.0417054729530541 -0.0160365787147621 0.303014242546333 0.488039497091393
0.00861762032623261 0.00782203852236154 0.383282401093955 0.554133843211439
0.0120015172130634 -0.000594566116373582 0.375770064921566 0.677356825640709
0.00542639541053027 -0.0258095925986304 0.455548082838035 0.603053578778368
-0.0176451547607366 -0.0106153759824976 0.424288595930356 0.281227376215592
-0.00595606189381149 0.00818976204156773 0.224222552657678 0.017664204885506
-0.0218725169067369 -0.00554490740209688 -0.0505169731977035 -0.147341164886627
-0.0101865079727178 0.00239633620712276 -0.280256037224167 -0.159350808081529
-0.0149084877300085 0.0097133880192603 -0.516730645157293 -0.126831834545886
-0.0214485922234125 0.00730128788923238 -0.628405646880346 -0.0447104044779327
-0.0275345117821428 -0.00700271559694642 -0.694445510484103 0.00794320432820735
-0.016100569506385 -0.00768504882206832 -0.675210220295844 -0.0714746421037381
-0.000554172695473113 -0.00640729259534708 -0.534952886828519 -0.170927222089399
-0.000747732271957704 -0.0118664893581975 -0.193053992304384 -0.141827764163791
0.0217770021404384 -0.00759916111924413 0.0481192014206567 0.166090148936701
0.0123532494007973 0.0133839874217947 0.292741670667748 0.492100231698848
0.031020929473435 0.0650717142385895 0.376968861415883 0.56300842561661
0.0582944739573986 0.0122146848095057 0.374855439220491 0.684531865715595
0.0168546628354525 -0.0219117714144461 0.452578176464743 0.604275391651453
-0.0119919763386743 0.0150798569963551 0.418606593677347 0.286149504231925
0.0127484602709881 0.0487376429640803 0.221283057321158 0.025974340893631
0.00485045403232583 0.0395247930278436 -0.0521040609122486 -0.144295949896155
0.0183472636034525 0.0397763155777441 -0.28420711447937 -0.152675728518379
0.00389435071421256 0.0293047096863194 -0.519978877485562 -0.119456762499154
-0.011849294074529 -0.00024253916179735 -0.627637589588723 -0.0392666038111198
0.00207691100357475 -0.0342102572174104 -0.691657624872587 0.0130571117031414
0.0419926326185578 0.00523914046827168 -0.675443633753087 -0.0634074693295715
0.0085266759383515 0.0333875347956627 -0.539188368324232 -0.165906048517292
-0.0260558429418442 -0.0128700962013661 -0.191434489837783 -0.14511043191479
0.00355539850712964 -0.026417649143832 0.048004738018942 0.173202729697194
-0.00950451043145073 0.0426195161911539 0.303891852970868 0.475247177372128
0.0595541733523013 0.10936484497742 0.4095265525039 0.545886667011598
0.0960827078100766 0.0128968709874974 0.424639809683401 0.651474666349043
0.0224812073045567 -0.0182883484150084 0.482315076272661 0.568052388098835
-0.0047202787140286 0.0400231601597199 0.424974718408385 0.278009337303195
0.0315415142806216 0.0843201685878561 0.226345185984551 0.0451473856860432
0.0306437291542667 0.0777811556883081 -0.042004889413398 -0.121739665369293
0.0442907237018003 0.0720194319183338 -0.274925648983143 -0.14010656593547
0.0201949854545132 0.0451002442457808 -0.513901389239293 -0.126461016221793
-0.00350637594664171 -0.00829370446266243 -0.627230511342634 -0.0706469936382257
0.0326140289879853 -0.0591709382217729 -0.694729003251456 -0.0344037007444428
0.092637249425815 0.0239943105882536 -0.671697207752459 -0.0949259728196809
0.0101337482313698 0.0691666310562119 -0.541894102180957 -0.188130292722585
-0.0479786097460013 -0.020368449259797 -0.187446922858289 -0.152315016675368
-0.0142806219790721 -0.0341242460033101 0.0568000041627675 0.180399784967941
-0.0154369112140494 0.0688042682019889 0.329082741594553 0.446620013746575
0.0936497371991384 0.127101309906125 0.468908683079252 0.50360140305279
0.117287691398286 -0.00308026223121616 0.508384068189336 0.57422094676257
0.0238626285421853 -0.0170872845568125 0.530607733868614 0.496536635323627
0.00643204215673497 0.0579969536155005 0.440490217873505 0.259970384988092
0.0513746097538408 0.107875294023512 0.239946258863779 0.0709376886943118
0.0518918646809031 0.105349811363095 -0.0223161279759495 -0.0880598351933075
0.0617864426613392 0.0955671236583487 -0.253480096352176 -0.120634294614644
0.028920057679017 0.0570468892251988 -0.49843194512837 -0.148763128603334
0.00486668872731562 -0.0137441725380885 -0.620486030309728 -0.13538053988193
0.0632004788317006 -0.0693785208038342 -0.685228232428224 -0.127402711570572
0.126190010988552 0.0506619758481827 -0.66057820145992 -0.166212070156451
-0.000529997991085482 0.0943916146355273 -0.536891237127742 -0.232908888469097
-0.0651330164359488 -0.0333364432561493 -0.1785362204541 -0.160816089929904
0.0908705071437035 0.032074510460058 0.111845522813782 0.169276288706695
0.0396391018887379 -0.128855516532242 0.433929322052636 0.344775116210292
-0.117321766295999 -0.0849550317437218 0.61871730484909 0.295046312645146
-0.0988339024505436 0.0320983283972728 0.678730371363375 0.284081390178818
-0.0256735584017097 -0.00803115141232529 0.646260738216199 0.261229006387466
-0.038869180824833 -0.0542346225232899 0.51526557445274 0.154291373878098
-0.0502484170667135 -0.0876926952493828 0.299808607801111 0.0745354045888257
-0.0703701524350861 -0.123187662204769 0.0474727239063011 -0.0225213991313177
-0.0573961517634334 -0.109463977335305 -0.168529097559242 -0.0995070722619377
-0.0328835844455898 -0.0585850560400073 -0.418597642422661 -0.248768610169368
-0.0528882682240557 0.00782451247794463 -0.556436035747341 -0.361924343747446
-0.144535311144716 0.00167099014153395 -0.605165540909765 -0.433021553434893
-0.137938051755924 -0.139183253978333 -0.560511581013765 -0.435366777456608
0.0330569517109122 -0.132611267991165 -0.464919953099323 -0.379552069086274
0.0687586409304839 0.0144172153554127 -0.164767888297359 -0.179786678998402
0.0861723730931734 0.044595334317164 0.0953158393244904 0.169758483630309
0.063241128361928 -0.114965721974606 0.404316052129459 0.392600641646924
-0.0932807152279059 -0.0985406922547461 0.555148708717569 0.389427701021772
-0.0998475584273873 0.013013947331226 0.610947035241764 0.429676952452891
-0.0259669016920943 -0.0145165559187555 0.613081686673153 0.380116318310493
-0.0360484529660637 -0.0547786290672532 0.495592856144942 0.194201022577381
-0.0481863907120946 -0.0834613490355706 0.276277710551229 0.0518399921485188
-0.0726380195648951 -0.114554186163571 0.0166070772792335 -0.0686289275152674
-0.0628356636843875 -0.0991684601377259 -0.201521775908645 -0.129984887490837
-0.042040871069529 -0.0526241241268686 -0.454887005957545 -0.220096203619024
-0.0484548441893993 0.0122763701244598 -0.60134277813699 -0.261727360035647
-0.125517238949603 0.0237670425484605 -0.667698005674171 -0.287599423127691
-0.144607231962107 -0.101334742764746 -0.626704419620449 -0.327728071376543
0.0104362882235126 -0.122705693221086 -0.494489833851753 -0.319783004533894
0.0644264309966714 0.00298742717100777 -0.177125130971768 -0.169528893241393
0.0737141350643778 0.0476048789522962 0.0797730757272614 0.16711502017284
0.0748121725425551 -0.0845187754337792 0.366452878369239 0.438998000655884
-0.0547917024722206 -0.0870477543752493 0.490547395505545 0.469159172336764
-0.076998857435402 -0.00553474817421714 0.522851074176318 0.552954052895949
-0.0202140705158524 -0.0228256507541878 0.560326497038194 0.48886013979439
-0.029863556134456 -0.0481146360611208 0.47245651009204 0.23569965460021
-0.0377559095344564 -0.063710021162941 0.25489961757461 0.0321186091146804
-0.0646507710229536 -0.0896530367834609 -0.0139883732567027 -0.109582076047555
-0.0568556721247321 -0.0724580717740876 -0.23745788164155 -0.151073825915796
-0.0418273411951168 -0.0350350817165051 -0.489187001934929 -0.185011250936582
-0.0407747955209498 0.0142148227095898 -0.626359055294189 -0.164320932501973
-0.0941177686925129 0.0294472391779184 -0.701431453976483 -0.149391370954634
-0.120972253703208 -0.0582005676520576 -0.666990752511011 -0.214085278101376
-0.00581409171593927 -0.0922385622378251 -0.520427066988223 -0.25462538952228
0.0483530540604013 -0.00701193327916345 -0.187147929777803 -0.158029068992775
0.0569204754136071 0.0372596793894634 0.0658765099841198 0.164446843830681
0.0665352552490196 -0.049552734851556 0.333186017978065 0.474872101946032
-0.0183178725487271 -0.0486041569037797 0.429251819072622 0.529470922154358
-0.0367069923157627 -0.0103630201774113 0.439125579032063 0.640836568063306
-0.00868498920019128 -0.027263569799716 0.505165698004592 0.570018754497306
-0.02252199692909 -0.032652481947001 0.450688763002563 0.266190610168936
-0.0231692146265794 -0.0323836276232379 0.238576292561803 0.0197206763638516
-0.0468950189478293 -0.0509587813110426 -0.0376402051903887 -0.138191564301354
-0.0377415741966827 -0.0357479665295545 -0.26735905209732 -0.160430538252758
-0.0321937582250122 -0.0123106690764015 -0.513420781894937 -0.149514031829605
-0.0323574626382772 0.0126572982780999 -0.63624663142351 -0.0868815832784346
-0.0601888594789681 0.0172455310021579 -0.7075357206553 -0.0443017222911347
-0.0734230686855462 -0.0272934430582182 -0.683577420545221 -0.123218600578756
-0.00821281610303432 -0.0507412313965339 -0.535637690357863 -0.203311803229715
0.0251524168485464 -0.0106273740249224 -0.194339755325709 -0.149111291028963
0.0388949799247879 0.0165142306803615 0.0561770571851148 0.164311523903035
0.0422089797724525 -0.0170793438357961 0.308871507153284 0.494806623208768
0.00890154595916656 0.00764611273258425 0.392263305908279 0.56182419442388
0.0123163485958479 -0.000455741621473788 0.385527689839791 0.687606990378195
0.00521392296029726 -0.025986954119232 0.4674829587838 0.611221661848769
-0.0172180763101288 -0.0104456611411776 0.432668660817713 0.283243670617335
-0.00606732415851671 0.00780988736636054 0.2276198443026 0.0169777405381087
-0.0228271713935059 -0.00621067405668525 -0.0522689617653625 -0.151295567595738
-0.00958203567344297 0.0026561868660795 -0.28500245105035 -0.161176152926441
-0.014312114823393 0.0103735854746794 -0.526654200893913 -0.126258170831965
-0.0223657839370227 0.00792609912976477 -0.637342595059464 -0.0434729799742819
-0.0284683518015345 -0.00647389577870705 -0.706200700226957 0.0117099026023904
-0.0159292930181243 -0.00805083855754775 -0.687597831952914 -0.0685948678194966
-0.00059457075311377 -0.00803380349868201 -0.5433209492647 -0.171658264335163
-0.00134832712031276 -0.0109384171982495 -0.196713473876259 -0.144521810184501
0.0227569106685037 -0.00714242333698492 0.049388701065398 0.168196023094438
0.0125723774491725 0.0130121643368008 0.299806015276349 0.499030959522053
0.0323865538920782 0.067040407959674 0.386138038408221 0.571213046344362
0.0593479983497481 0.0122655521142274 0.384779816476552 0.69527876320137
0.0167324866536333 -0.022230120894567 0.463862826699374 0.612759595372557
-0.0124230531981331 0.0154651974426398 0.426247030432447 0.289806836330204
0.0124276427473607 0.0487092479430378 0.225504395398451 0.0257490034782302
0.00455540381131342 0.0402816626478513 -0.0538416363522103 -0.146200953654534
0.0194513031691943 0.0394555958394022 -0.289297122659665 -0.155479159739143
0.00472436170858133 0.0299144388910558 -0.529154658314276 -0.118920538682912
-0.0126248992802341 0.000540647920800504 -0.638554343124089 -0.0374257670711805
0.00183685322405586 -0.03522244707156 -0.704395754579689 0.0175052442169504
0.0432023556572731 0.00486611430596009 -0.688214811481082 -0.0621545394274193
0.00909446425676369 0.0337598845877372 -0.548073900489414 -0.166131630340354
-0.0263074041606721 -0.0120834542672029 -0.195119293813149 -0.147005326223079
0.00272264831680357 -0.0271518918045322 0.0491795432027167 0.175294213274017
-0.00979704033012068 0.0433974398215305 0.309177697821785 0.483631628840674
0.0619112827832542 0.111254706443519 0.417361959596888 0.554244258823815
0.0974909621917861 0.0124202783979643 0.435600258968759 0.660394238662004
0.0233307339820737 -0.0185151909880923 0.493115330297003 0.575977699523949
-0.00518134194473417 0.0408169842409442 0.433667668105464 0.280915694016721
0.0328836391728615 0.0852292395718078 0.230703203507333 0.0446566849895886
0.0316999029449181 0.0789612689873926 -0.0433088041326091 -0.124676418643194
0.0457029811938433 0.0733230683059696 -0.279663194204683 -0.141671462737483
0.0205968145567344 0.0469618602479759 -0.52336702314415 -0.125623609596683
-0.00355203680693743 -0.0079539182973977 -0.635968324872798 -0.0677037015297981
0.0326682415334459 -0.0600793870247074 -0.704490167209606 -0.031983448856555
0.0951243106745733 0.0235770557411229 -0.684210787475487 -0.0953080967355816
0.0112707773723906 0.0703228281208568 -0.5509335666824 -0.189814768753546
-0.0491168050871911 -0.0191333632908019 -0.190757888080185 -0.153758131708791
-0.0157740718209131 -0.0353193776827441 0.0583807797055842 0.182867756295647
-0.0153965487662936 0.0697355034987942 0.333499241690398 0.454151158734123
0.0962042459447299 0.128220552119834 0.480490649123433 0.510495325466913
0.119243046866442 -0.00297474456009159 0.52177147266453 0.582980448198884
0.0243250051687948 -0.0173039375226809 0.542153160226875 0.501081506343499
0.00629699441319462 0.0589409835982923 0.448637270115037 0.263009594703223
0.052594609383664 0.109481127346643 0.244079364061529 0.0708080130395963
0.0526977944461605 0.10813441236948 -0.0229285326805078 -0.0891768457836203
0.0646933495265875 0.0967122447685228 -0.258271140246729 -0.12281468240752
0.0297258427668331 0.0581786397982586 -0.507424935996329 -0.1485793045829
0.00355942532229406 -0.0141673235074397 -0.632018124780675 -0.135629084287477
0.0643527933958097 -0.0724125693428178 -0.698863396855852 -0.128536460209976
0.129696289959896 0.0509921440478241 -0.672726981701363 -0.166699837728261
0.000159856305930045 0.0961445772178554 -0.545859532659963 -0.233886189253649
-0.0663035407914252 -0.0333823188579597 -0.182098510896302 -0.162699080672826
0.0962978877425038 0.0200183687943433 0.127173455165981 0.161142378110108
0.0210901296989277 -0.134549740381171 0.486385632509599 0.304157213538227
-0.136122319846021 -0.0720856094913054 0.676183163182362 0.225365313045063
-0.104156714420748 0.0489345805137522 0.72832222693935 0.189900880023353
-0.0309943383145262 0.00260374619763813 0.688560328794808 0.177566192593294
-0.0486324925973095 -0.0486385147732806 0.542270140986902 0.0947960089236286
-0.059723116507597 -0.0844302268211642 0.316923088897866 0.0394304017157696
-0.0854378679668993 -0.116281468882736 0.0466669287535272 -0.0278289326394473
-0.069991466845013 -0.105190830064512 -0.181598172714471 -0.0822882625646735
-0.0367187190991468 -0.0578650011564293 -0.451933563811319 -0.202271236722685
-0.0457158371893599 0.0106472008612295 -0.605212123492041 -0.304281117841499
-0.140669540290385 0.0204076699532282 -0.661377554031924 -0.369484485765058
-0.153184103246486 -0.122410071757871 -0.622336805810473 -0.372161515667617
0.0215271033420485 -0.133844625723282 -0.516264835948308 -0.330246803237147
0.0694943790296972 0.00765591030667678 -0.187638356496766 -0.16515179261042
0.0925828055771537 0.0338349715028755 0.110485662460148 0.162035781745497
0.047445994192254 -0.123823805566516 0.458241618399913 0.357266144746089
-0.112376510300211 -0.0899580250708392 0.624411572454072 0.328241661902039
-0.107446751608812 0.0269110190486811 0.680977183013529 0.346388244506403
-0.0334843421925645 -0.00525381141544218 0.669876178406424 0.30389169030071
-0.0457294619183392 -0.0508902123133604 0.528054780301852 0.139292967502092
-0.0560311450394644 -0.0796370341024951 0.28900637029845 0.0194407364381359
-0.0863381605796556 -0.107725385233909 0.00909594966663467 -0.0708159654712675
-0.0740701003280515 -0.0933416404927341 -0.219292557891829 -0.108444613349342
-0.0449763594909363 -0.0503983363723499 -0.484483424437983 -0.16810818149276
-0.0412684261324428 0.0140588087764451 -0.639231631812055 -0.197737854539941
-0.119039207793108 0.0390519188595429 -0.709397819580445 -0.215938597550132
-0.155607418666212 -0.0836015045265104 -0.674313985068453 -0.255778429681597
0.000617026248140803 -0.122288388050141 -0.53945614875729 -0.265671847834645
0.0646958025216642 -0.00307332702023112 -0.19759181840937 -0.152762310049459
0.0803771281949815 0.0384724749877475 0.0947185552246811 0.161277723856476
0.061555519559639 -0.0953615735609858 0.426851230890915 0.408489485508028
-0.0720662320278097 -0.0835194544275712 0.563008960491884 0.419029733550774
-0.0878330144276771 0.0050009213173742 0.608033558931749 0.486559164266627
-0.0297491685223214 -0.0143383293516331 0.632564248429754 0.421299357373558
-0.038747900627561 -0.0443402529252356 0.509022604357927 0.182580262633569
-0.0448139470271042 -0.0611912097600439 0.264176430275147 0.00098138523873785
-0.0748095343323423 -0.0822253860292866 -0.0261233354736103 -0.108781798408941
-0.0634200659394845 -0.0672443465208038 -0.257958167595531 -0.12628115133785
-0.0434640838173863 -0.0333500314527014 -0.515626486861123 -0.130421037722251
-0.0345131394646052 0.0148138596997885 -0.652801806842092 -0.0960337407825334
-0.086510804821911 0.0399578542433567 -0.727826494712098 -0.0705635537790091
-0.126603479468549 -0.0446765685733223 -0.701410249218863 -0.137144001004652
-0.0132057768728592 -0.0899690332881884 -0.556809518946552 -0.196356456451157
0.0474379874477174 -0.010395202371595 -0.207130977823064 -0.140558304499577
0.0612031525431323 0.0303133341615055 0.0818878680754408 0.159908007032304
0.0575313981881132 -0.0586632257202726 0.396545871373373 0.446544931226258
-0.0301082653450358 -0.0490147009995432 0.507116838586908 0.487072258825352
-0.0468470207485662 -0.00534943804401204 0.533554754139894 0.586967859625952
-0.0205185333636545 -0.0204181195863774 0.586485268680175 0.511655794992669
-0.0301292448428809 -0.0305172691483557 0.48926431071934 0.216371207810199
-0.0261621549932047 -0.0298847452450633 0.246730002865647 -0.0114787557624989
-0.0527706145650288 -0.0457727055110537 -0.0545520535287642 -0.135206337864591
-0.0409614379970782 -0.0340795441450107 -0.287639298712118 -0.132054868489371
-0.0312544679078526 -0.0120966871765892 -0.536340112847728 -0.0924955364845387
-0.026608110280732 0.0114866487282183 -0.656604882117512 -0.0165183420552626
-0.0544577668571695 0.0241078086802256 -0.725630419962654 0.0351183697071994
-0.0753525748895399 -0.0187061442703929 -0.708192531833716 -0.0435777330659445
-0.0103941194179864 -0.0483584467848994 -0.564186953338734 -0.143075458082487
0.023924602481753 -0.0107234672883144 -0.212992954639192 -0.130281402231953
0.0403443642821976 0.0115420717505907 0.0740344963782342 0.162196511598378
0.0361559163691223 -0.0226737556096202 0.373665656602316 0.467043066880143
0.00352568478239231 0.00404491570222815 0.468999706517742 0.524697241726706
0.0025495460014631 -0.00141843054042055 0.484418104491084 0.638956839370035
-0.00699746387976159 -0.0217306326189201 0.554836086095484 0.557213210974792
-0.0220359619633535 -0.00831850045254287 0.473673987323364 0.235562944541608
-0.00478615077619053 0.0082348177577018 0.23583948914566 -0.0140150438167279
-0.0228356655379979 -0.00228106916073526 -0.0702439804252326 -0.146040780403149
-0.00895398079702692 0.00131860088350237 -0.307881128488873 -0.131117847305021
-0.0111850858545249 0.00819400868596778 -0.546250304304272 -0.0646353690376976
-0.0168810861823081 0.00493442300613276 -0.649835434930028 0.0278468658538873
-0.0248970688173155 -0.00330236589456287 -0.71544109872015 0.0946758900017584
-0.0153600259868136 -0.00742607331842262 -0.706125909129317 0.00952088682581387
0.00202048731502028 -0.00599698337583624 -0.568020748580736 -0.111562286432724
-0.00194769071755204 -0.00956373639182259 -0.215372699671223 -0.125821877947383
0.0193695073402469 -0.0117108985046946 0.0690134102077307 0.167092840056186
0.0085384297723667 0.0107272082335331 0.36598623766319 0.470525014072499
0.0337052221463206 0.0608223717379139 0.463773063244117 0.530560305803582
0.0522176048827876 0.0058166008723173 0.47996219606935 0.647272885776076
0.00515124899880983 -0.018993082121542 0.551771008308328 0.55865362560578
-0.0148417136021294 0.0179326491857508 0.468745749026615 0.240113300062471
0.0178120764943144 0.0485026138025133 0.233588440340901 -0.00609520284169455
0.00990570482195732 0.0398594687528654 -0.0716272943740006 -0.141520323841351
0.0250112761936214 0.0354254556234228 -0.311259815628801 -0.123943923674529
0.0110690985480988 0.0259242239395848 -0.547906076203286 -0.0572654998556936
-0.00939249251430917 -0.00387224512397077 -0.65128505869397 0.0356685355105688
0.00298767569126104 -0.0355636008952332 -0.716206780275788 0.0988876161146053
0.0460949972230502 -0.000246512545562839 -0.705059679693632 0.0170415381830855
0.0157412728791479 0.0340973872303695 -0.572170054162233 -0.105557580085057
-0.0273082299726868 -0.00708213873471035 -0.214208201009632 -0.129086072912999
-0.00290691766445369 -0.0290033381640295 0.0726253411017011 0.174478087330414
-0.0120565616968628 0.0447804054216212 0.375592561187781 0.453576934985029
0.0689605685733857 0.104203607677714 0.491042984210119 0.508661501092426
0.0912169276057117 0.00303861787575793 0.526808667637454 0.606435337725695
0.0122640127770172 -0.0149876240499379 0.575176086359935 0.517659814466596
-0.00456734138640663 0.0431310119477075 0.472958918183071 0.229212813130629
0.041885973693684 0.0833267218916672 0.241841878781348 0.0124028646860584
0.0412884836305107 0.0769963006275131 -0.0589691165502438 -0.120791181332914
0.0549252560136366 0.0659686568194739 -0.299325855888134 -0.112371962015248
0.0285229804416058 0.0408620465666305 -0.54117097977516 -0.0659688920811795
-0.000849634447587169 -0.0122467093699236 -0.655423862327873 0.00270959188077273
0.0314613522205689 -0.0631030914812541 -0.721070770211854 0.0499274327652566
0.09929926318588 0.0108211091912695 -0.705991345977445 -0.017838268156507
0.0222305879172158 0.0704326685564429 -0.576519765050076 -0.128093070308107
-0.0514436016436967 -0.0115806400547774 -0.210260766713704 -0.135377423904063
-0.0228053233619897 -0.0348983288337454 0.0854821543002238 0.18015783836614
-0.0142173385668725 0.0724407888493761 0.394300745536445 0.418467186915854
0.105471221503432 0.118450631656972 0.544288109323432 0.45644576902903
0.111432469292717 -0.0130019794008897 0.600920802540415 0.514364603588109
0.0141151881902006 -0.0138924910609525 0.615960097143038 0.436901399587923
0.00884892590583122 0.0604186369333359 0.485702098582251 0.20829571876187
0.0637399296856078 0.105892364758825 0.25897412708948 0.0354969814434082
0.0661713092120133 0.103098477675241 -0.0340935866495086 -0.0881795126705916
0.0761281125635778 0.087775964122048 -0.275358757313679 -0.0959103406121509
0.0385549215040149 0.0511143021298777 -0.529679723841732 -0.0916908687106295
0.00751891827799195 -0.0191630797132478 -0.655662431649508 -0.0654570306519888
0.0618729102406265 -0.0774977101400811 -0.726817455876917 -0.0500494747480058
0.138410998260455 0.0347590064616837 -0.70128544412692 -0.0943094746324728
0.0140895935916529 0.0974253218523847 -0.576165407926957 -0.174026527949165
-0.0698095937252265 -0.022957929873093 -0.202846750732247 -0.145732546688288
0.097466882513345 0.0186551445590261 0.130602730064485 0.162381136737679
0.0195408275683305 -0.137277203077537 0.496199340272846 0.302597308206986
-0.138943478891452 -0.072007415170166 0.689105475959315 0.221123075080794
-0.105476272999215 0.0500972963583085 0.743430545441481 0.187568259236008
-0.0322977879594526 0.00283588584356245 0.701906955204001 0.173551537213283
-0.0494981051038762 -0.0496040344902425 0.551072755694349 0.0908744145706605
-0.0620982879566895 -0.0850881151462275 0.321579117900041 0.0360657818224896
-0.0894086761949781 -0.117295675525625 0.0468214432543002 -0.0301069948674353
-0.072306864815949 -0.106327410418798 -0.18480823253758 -0.0814578656238117
-0.0375740182179328 -0.0579420192910118 -0.459632618833142 -0.199986000199604
-0.045954748847811 0.0124170003255046 -0.618641322820191 -0.301953617475186
-0.141760451033254 0.0225222081580836 -0.675497189061206 -0.36988269642211
-0.157559451926184 -0.123107780937375 -0.636651843606964 -0.370894587781904
0.0197972745742777 -0.136286849814185 -0.527895813140537 -0.329230391140378
0.0708145280041054 0.00773236318226808 -0.190746857683266 -0.165456991922359
0.0941615026541135 0.0327863123156491 0.113214368166348 0.163537874325079
0.0466676533751885 -0.126865947880277 0.470586207520325 0.358176769603016
-0.114634638908028 -0.0900050685357121 0.63832012228136 0.328079565753928
-0.108658440013962 0.0288635565304358 0.698268917420158 0.346372819766954
-0.0346043149440433 -0.00391606719670948 0.686079810734436 0.301754301756197
-0.0470079229857876 -0.0505805059973879 0.537569904193364 0.135086633065512
-0.059152059771712 -0.0807016294834544 0.293615907156206 0.0160983791866583
-0.0895131118764669 -0.108647757220764 0.00796131740627912 -0.0733895210931552
-0.0762499459857983 -0.094455639248801 -0.223862206850561 -0.108984797848195
-0.0461370201093111 -0.0506753254705518 -0.493358599817671 -0.166008122329586
-0.0414559437903113 0.0144221877086594 -0.650156462856122 -0.194440071790899
-0.120391055867949 0.0419226841269958 -0.724416033384791 -0.211430730057873
-0.15875889117139 -0.0832549845880003 -0.687820397289115 -0.251780531273706
-0.00183005697387089 -0.123944030284746 -0.550060557502749 -0.264615576280194
0.0656368018772538 -0.00292145257239819 -0.202077936822017 -0.154205232330908
0.0810804571396251 0.0374333234483578 0.0968280324353305 0.16254232883189
0.0619692204484245 -0.0979020285836959 0.437819163942731 0.409041549888373
-0.073862662895121 -0.0849677727383528 0.578094799262359 0.421516066522652
-0.0885437282332258 0.00585971599551965 0.624156458156773 0.486895479333005
-0.031225448306867 -0.0141004800499472 0.648783561357567 0.421013596160866
-0.0393228357447319 -0.0445584117428242 0.517892461395969 0.179621076397129
-0.0460591710600706 -0.06132094977553 0.268855918146944 -0.00267841639419682
-0.0776495136892748 -0.0833095341452118 -0.0282567191368738 -0.110699759761033
-0.065876489576706 -0.0691022578221279 -0.262704434577173 -0.125829747216947
-0.0443003668514947 -0.0326196923322717 -0.522759624210703 -0.12540497741086
-0.034744123914173 0.0149756964863173 -0.666108136098034 -0.0887282239557715
-0.0878199005819568 0.0424463745459607 -0.740105763085719 -0.0643608077911311
-0.129208572748411 -0.0438288528880861 -0.713667449397934 -0.131913309973452
-0.0137394204308848 -0.0920509337238579 -0.566070296359662 -0.194973176296954
0.0486076276001251 -0.0106406817815471 -0.211866450726832 -0.140873779353379
0.0622022331903822 0.0304344177100644 0.0840706500057196 0.160454927888529
0.0570638101796903 -0.0606945561332683 0.406241627639044 0.450874313598231
-0.0319002482751903 -0.0500357065224347 0.520957263039084 0.489733991541646
-0.0479041065353839 -0.00482435562138207 0.550963016033554 0.590248920451425
-0.0213057814615179 -0.0211639008680321 0.602208710884183 0.511815073522577
-0.0304340165062603 -0.0301864679759618 0.499165496347224 0.213437684426865
-0.0263879302142743 -0.030153634230453 0.250027941940954 -0.0144693887008272
-0.054574721849803 -0.0459946278910866 -0.0570266185115214 -0.13745394977036
-0.0421248812674457 -0.0348619232315336 -0.294507737368348 -0.132055811746422
-0.031339851836071 -0.0113865584751396 -0.54395494796802 -0.088412897221655
-0.0261952227462008 0.0118594195573456 -0.665900106941319 -0.00890006711586551
-0.0551172262951152 0.0248511440117666 -0.735889448499459 0.043887948613389
-0.0769984157311536 -0.0187733889901481 -0.721587844454142 -0.0363708536253571
-0.0109620536365187 -0.0490087907667197 -0.573923062802052 -0.139098921838543
0.0229887572851923 -0.0115924935949034 -0.21804263709985 -0.130056694033125
0.0406976211996764 0.0107046297251722 0.075327496086629 0.162888169778239
0.0358983298808142 -0.0242135961262038 0.38650724433442 0.472920070185583
0.00422393397608668 0.00450769437501992 0.48385489113407 0.527030881762548
0.00281810558899155 -0.00140287432818375 0.501059890123915 0.644002043624715
-0.00740809231489273 -0.0217067132650191 0.570663082204175 0.55886981833277
-0.0223753238367255 -0.00746217909369256 0.483899503569325 0.233285720533505
-0.00459164453704965 0.00905562097610678 0.238505445804291 -0.0167447857577631
-0.0231201806947489 -0.00265170900861086 -0.0734062831771826 -0.148901662760827
-0.00915444127426254 0.00116307763863593 -0.313377033476987 -0.130449689751491
-0.0106742360160185 0.0087280961893839 -0.553088623039567 -0.0607885150923675
-0.0175208671529022 0.00568612778164607 -0.660456343788449 0.0378281075421004
-0.0253599913443979 -0.0038826201852485 -0.72612326305002 0.103663561407387
-0.0158255691830106 -0.00723015970180009 -0.718192274285981 0.0168390355553879
0.00162608912881601 -0.00679592321179228 -0.579731580333097 -0.105961370707541
-0.00222758489597589 -0.00895666676401375 -0.22052597440966 -0.125740852676956
0.0187483771251999 -0.0121445187936865 0.0715182712204178 0.16923132805063
0.00878759775381113 0.0103208299728077 0.375413388303421 0.477642264774456
0.0354504955541822 0.0620190600018289 0.476749381565384 0.534420858141093
0.0522215196910167 0.00549530005682148 0.497437055167247 0.652391225900876
0.00471744525375914 -0.0189285642101989 0.567814193317287 0.561392656342736
-0.0141521527121214 0.0186911681422087 0.47732280405138 0.238816721813735
0.0186067665110257 0.0489928215463689 0.236553167921776 -0.00892567194168606
0.00988398585388111 0.0409196792069982 -0.0747307007639658 -0.143775144954674
0.0261180606819696 0.0358537918427283 -0.318090966818651 -0.123933510830221
0.0103470332698343 0.0268062907254326 -0.556959332763198 -0.0523019593736719
-0.00892649600064711 -0.00289660033114134 -0.659386355214643 0.0433910482550769
0.00201772016111165 -0.0362881163962091 -0.724316546696235 0.10859062523905
0.0461084412493126 -0.00192613377356382 -0.717289364265813 0.0265152024875494
0.0166553435121667 0.0347343952349704 -0.582496513666686 -0.100869160733591
-0.0287387350561118 -0.00716045605549777 -0.21935265741154 -0.128495912486311
-0.00411214401652148 -0.029708781674 0.0759866568226162 0.176966258565915
-0.0109954031073958 0.0453323312293228 0.384198711706972 0.458265743708137
0.0712547041747672 0.104799671168 0.504390924694325 0.512140923664816
0.0919400987968221 0.00238066856855327 0.542558633143712 0.608889493637975
0.0115685700323591 -0.0155988422234597 0.59161470670146 0.518010569730033
-0.00428701811271628 0.0435214308325553 0.482067676875134 0.228300827854683
0.0428212815692359 0.0839040543750759 0.244967453128713 0.00902208307336516
0.0429333954808379 0.0784450809238645 -0.0618436988521076 -0.122660365630354
0.0571440610177388 0.0657938352998562 -0.305221617226187 -0.111669813773198
0.0294060763403516 0.0407109547085526 -0.550855952475664 -0.0606814626567606
-0.00103015776525439 -0.0129410255159904 -0.66384308656079 0.0115327487476889
0.0308382370474851 -0.0647759130385555 -0.731535589585301 0.0592058210628726
0.101864564270715 0.0100739661247879 -0.718659541873649 -0.0111410736781839
0.0240088152190476 0.07076278732496 -0.587003370274868 -0.123397536376401
-0.0527991101324255 -0.0104066365448258 -0.215223236501531 -0.136668474648636
-0.0247201398115701 -0.0353305397347376 0.0875563476618624 0.183250151680916
-0.0136762350109184 0.0740670211077853 0.404396559589933 0.421919263104271
0.10875103267288 0.118921465906032 0.559256823770428 0.456645591500829
0.112636714444624 -0.0148417354615497 0.617511725174092 0.515562282365236
0.0140672630976638 -0.0133533636758554 0.629814447006972 0.436616246406469
0.0102528178934142 0.0618801502845018 0.496215405120102 0.206589632351034
0.0659679413519593 0.10586684103946 0.263074808293931 0.033141042327725
0.067820013732796 0.103739284292524 -0.0363711307382651 -0.0895794560104025
0.0786030858803851 0.0879508457267612 -0.279973581990011 -0.094669793799902
0.0398767984846551 0.0524186357165805 -0.537097088294675 -0.0872387613609693
0.00642361883819572 -0.0186062308076939 -0.666561894806309 -0.0605362506785431
0.0611337282423128 -0.079847261332649 -0.739547097839533 -0.0422984474764774
0.141006193754205 0.0333611899808682 -0.714595763666712 -0.0857169161378437
0.0156913263431745 0.0980680532633974 -0.587361534855274 -0.171689218141234
-0.0717075067557143 -0.022347512563217 -0.20841528090808 -0.147073142878267
0.0984984191522757 0.017165113066026 0.134103212847515 0.16280553210548
0.0178325860113456 -0.140694355926231 0.507038363265452 0.300651978754631
-0.142240320024079 -0.0702629081500931 0.701721163598633 0.214843710518686
-0.106228326945209 0.0529803404232414 0.757807421774725 0.176748839467201
-0.0324692207289751 0.00293402151342449 0.716594329548458 0.165176836882023
-0.0506487019639378 -0.0483593925873105 0.559917570817068 0.0839499493749091
-0.0638315393153699 -0.0858025554641849 0.326059322560516 0.0312185456719647
-0.0926620585851895 -0.117877490963867 0.0469732233593977 -0.0312605261985684
-0.0747902855799284 -0.10669658771624 -0.188283599635189 -0.0807350057322942
-0.0380843749343602 -0.0580924981936691 -0.468017176109489 -0.19585281021158
-0.0461851135616257 0.0133846143374438 -0.631261338458057 -0.297038429043393
-0.144294337648339 0.0250766716666282 -0.689493562361411 -0.36455097019794
-0.161909713411745 -0.122723064087685 -0.650840667738955 -0.369087835393779
0.018255100443696 -0.139444407123897 -0.539371977515351 -0.327184895972927
0.0716042852138966 0.0074440625742893 -0.195617193886522 -0.165672235576973
0.0961960639558223 0.0320226846809646 0.115617039073404 0.163440363104645
0.0461517075617353 -0.13005175831641 0.481627788288772 0.356375114086741
-0.117587249896126 -0.0903025133021003 0.652220556635383 0.322207673665821
-0.110353720531243 0.0305975602035999 0.713491748973166 0.341250780029871
-0.0353081609392602 -0.00415751722841357 0.700852583925606 0.295499961140044
-0.0475449234682445 -0.0501793638166604 0.546739100259894 0.12883666172968
-0.0605531532753626 -0.0811072712840432 0.296924640928265 0.0116883253620789
-0.0932104502337393 -0.10969660159898 0.00775676551622284 -0.0740645807528863
-0.0794634696583781 -0.095569910992681 -0.227735299766453 -0.108067644948635
-0.0473158483966989 -0.0508635550174124 -0.501611285577675 -0.160521894506015
-0.0414932975460708 0.0158256690430163 -0.661228452522841 -0.186502361823613
-0.121596521888437 0.0438913591601487 -0.735458955907443 -0.205086182146583
-0.163181708713069 -0.0820354369257012 -0.703527810546048 -0.246737199600334
-0.00373106904515541 -0.126053298538226 -0.562104009530968 -0.260612018367973
0.0662763946557336 -0.00394610367872785 -0.206669346411438 -0.153641825521539
0.0830455767244285 0.0368276284370501 0.0996615852216625 0.163045402804364
0.0608239314219282 -0.100476260139585 0.448011976420836 0.409441720886932
-0.0759638539585467 -0.0845893537640632 0.590424229109291 0.418655843920557
-0.0905297641786438 0.00779053218523417 0.640168062756806 0.48687798240888
-0.03248803811382 -0.0137551173809698 0.664896378829928 0.417944755071707
-0.0400145016439005 -0.0440951742806876 0.52810880200299 0.174824094126058
-0.0469498647247569 -0.0625200766540877 0.270765541369647 -0.00688726297341686
-0.0807254250559548 -0.0836124213717171 -0.0299602409540126 -0.112333007909535
-0.0679538085866373 -0.0691101587488844 -0.268354406161405 -0.124913557362585
-0.0449188037212185 -0.0329525686052051 -0.532520044708272 -0.121072130372275
-0.0347457396335816 0.0163128616387351 -0.674179258172083 -0.081257892957375
-0.0883505455666901 0.0442071205111157 -0.751844119205833 -0.0543621905541902
-0.131363551223717 -0.0422398331469393 -0.727975536811006 -0.123387228651689
-0.0151731324876532 -0.0934948560725645 -0.576109135440342 -0.188955861226858
0.0487918107396838 -0.0109450720391759 -0.216900957238489 -0.139837990099702
0.0631533890581064 0.0290498664582528 0.0861586898033745 0.162895770567837
0.0573855823737473 -0.0638717179270627 0.417606668556856 0.453230995107346
-0.0321808597157465 -0.0499074904865931 0.535124148881165 0.489981363114472
-0.0485763117796928 -0.00455181856266612 0.568403623738092 0.591382165855808
-0.0218618537555381 -0.0201977909408127 0.620051980924731 0.509441334667988
-0.0309364655979432 -0.0295331338301755 0.508597589998366 0.209912425670531
-0.0276888294350352 -0.0315029301843132 0.25228554524534 -0.0194506632566835
-0.0565756698577812 -0.0457595225994766 -0.0604995443734971 -0.139240985478796
-0.0431524316064825 -0.0356784768458313 -0.300161970093118 -0.130261110854878
-0.0322427776388923 -0.0107408289758958 -0.552453856784095 -0.081742058399799
-0.0267281503850235 0.0129621143522696 -0.676389906357479 0.000902876417066058
-0.0557611282951178 0.0266127954096457 -0.746444685765668 0.0548007037989547
-0.0786253849991635 -0.0176155890143128 -0.733313623819412 -0.0267010672221093
-0.0121744466995078 -0.0503864916486638 -0.585712581009715 -0.132541297433395
0.0236730648463547 -0.0112859679167167 -0.222798858146294 -0.128749296712291
0.0410637511795678 0.0102263250497734 0.0773429080823207 0.16394953288863
0.0359751333856113 -0.0259305568010699 0.397036763964164 0.474712769605321
0.0044491627543466 0.00397026454805238 0.497542498464025 0.52874526365736
0.00297789601585132 -0.00124252734847215 0.517492683067824 0.64570769224491
-0.00784552125695558 -0.0220124546240132 0.586197064440435 0.556524389518405
-0.0227282324174797 -0.00722915403146176 0.494234180647508 0.230257688743708
-0.00438159115563774 0.00789163999390332 0.241584053902537 -0.0215746118015628
-0.0244668671922248 -0.0018161672063928 -0.0774637219635972 -0.149825732436915
-0.00912948370941965 0.000914307158617771 -0.319886592108439 -0.128757846363013
-0.0110774419047953 0.00871772891963359 -0.561627212296205 -0.0545211443238207
-0.0182685744705199 0.00606491047572125 -0.668730824006179 0.0463005237877045
-0.0258706739901085 -0.00313139476422399 -0.733776849905332 0.11653576995135
-0.0159079703298516 -0.00724842477934724 -0.729116332320467 0.0275084552410297
0.00222228575484813 -0.00652423286989953 -0.587502975200737 -0.0999663949477626
-0.00260272646513904 -0.00817669253843767 -0.224437280116614 -0.125163514815093
0.0189341603326634 -0.0129565692692626 0.0733454159678932 0.169816450183301
0.00916390009025243 0.0103973901907076 0.388298754663789 0.479177940581815
0.0365566209773264 0.0620019228757984 0.49282150302969 0.536635451406684
0.0529753264711731 0.00498426228549512 0.514662791084121 0.654622627311053
0.00377167588957256 -0.019073478118301 0.582957154190842 0.560006350237811
-0.0138886490563363 0.0199748438785346 0.487528534931329 0.23521007413378
0.0203142258790922 0.0491326034549221 0.239578934337934 -0.0128748766788115
0.0104552710603002 0.0415822016085104 -0.0779172651606149 -0.144545582357507
0.0262818348165388 0.0350386221529572 -0.323786673341486 -0.12053226703942
0.0122324255456525 0.0268277402812449 -0.56459141209009 -0.0465737285354045
-0.00942381316248143 -0.0028821553139038 -0.667270533088834 0.0534311099379096
0.00144368884428072 -0.0367395167015183 -0.732025115832857 0.118937309355681
0.047295251123577 -0.00268815859313556 -0.728072586199834 0.0366599959262583
0.0173367631106936 0.0344440954512198 -0.592401029980354 -0.0939464526365585
-0.0291502724845566 -0.00587142076325346 -0.223706510470535 -0.127555209909337
-0.0045367917185421 -0.0312792797813913 0.0773156314233792 0.179223671942272
-0.0108800984792485 0.045445857827745 0.396408986058368 0.460251314235166
0.0741089515537229 0.105296444509489 0.520994308017072 0.511271783624416
0.0928002060883554 0.00106320091479886 0.560534994858335 0.611035870859037
0.0115591166401461 -0.0158765809924678 0.608772106179651 0.515618045957911
-0.00314740175950931 0.0442888136862353 0.493640443101753 0.223546887929142
0.0454262959625656 0.0842703987037868 0.248015424664974 0.00491057730985463
0.0445198790813915 0.0794673332332626 -0.0651098959493468 -0.124310806229975
0.0590323888376289 0.065683611887245 -0.310152712622974 -0.108196778644673
0.0303398715604204 0.0416392346939893 -0.560184517199316 -0.0537166550360774
-0.00161728924874911 -0.0119827189679873 -0.672618356098813 0.0193703948945955
0.0302951309551937 -0.0664128331435147 -0.741951621677885 0.0700590085388942
0.103216502981267 0.00818444713395523 -0.728951308849917 -0.000392506684739191
0.024860834179644 0.0716525741065951 -0.5967644067416 -0.115567264268318
-0.0538236033570072 -0.00929687205468171 -0.221033586602627 -0.135623520470525
-0.0254294393350655 -0.0362869353043005 0.0896573712198668 0.184728030186373
-0.0128406071586403 0.0748995015666857 0.416680644642236 0.423509507890362
0.113102974879911 0.118782555815104 0.573600970648899 0.454343773827798
0.113205081992138 -0.0166324177508971 0.635599016488402 0.515677307505002
0.0134976162273834 -0.0140147012255408 0.645339804405307 0.431892343466901
0.0111416061300474 0.0627464057543783 0.506427835856877 0.203268772180511
0.0694622299246396 0.105766969485574 0.266508003080237 0.0291172249849731
0.069722292257175 0.105003852570139 -0.0381797211424926 -0.0910572194890876
0.0809908353787236 0.0873948769658822 -0.285630332811561 -0.091843828426755
0.0412411332827098 0.0525135977036962 -0.54557427017254 -0.0802291302478454
0.00576961472985142 -0.0189765953361961 -0.675452495002777 -0.0505157968962104
0.0604326970447639 -0.082239738298137 -0.750382267849269 -0.0336790842967156
0.14354426556092 0.0313661513162619 -0.726291449105699 -0.0773904396828827
0.016968151296238 0.100058660503891 -0.597898955440889 -0.165106659621843
-0.0733933901226062 -0.0209811440247391 -0.212962553012914 -0.145726190876888
0.100161442263577 0.0156389708671609 0.137796009613921 0.162635558669371
0.0159130219937385 -0.143526959143111 0.518417870151038 0.295063475218375
-0.144805572934009 -0.0693460394305468 0.714176054901121 0.204955963783745
-0.106367684301693 0.0563995686510015 0.770769037184153 0.169358630567424
-0.0327403269828488 0.00406552069111958 0.728530774579313 0.153136787334366
-0.0512552064787871 -0.0479772610788349 0.567638876858508 0.0751989365434941
-0.0657887355324065 -0.0862777702736332 0.330322511041094 0.025129693701384
-0.0972304347576776 -0.117363391943518 0.0475568511045408 -0.0333946854296699
-0.0771091670370519 -0.107346846632264 -0.191950653445961 -0.0797456131278098
-0.0396635788820892 -0.0581789898015379 -0.476650105757896 -0.189690378468168
-0.0456696963349838 0.0144756535142144 -0.643271760605153 -0.288928029520092
-0.145590290962399 0.0284998699361164 -0.703872906098549 -0.358634830781412
-0.165999483475348 -0.120873440543902 -0.666334002850217 -0.362761126944032
0.0162702344991555 -0.141782056380742 -0.552364710607136 -0.321349431418519
0.0723577168766797 0.00580504574092077 -0.200385236859487 -0.164279140701277
0.0976742806228809 0.0308290948281357 0.119173270365781 0.163583228662028
0.0440229930065603 -0.133860886361403 0.492919833280533 0.353341251139804
-0.120510049340793 -0.0888054215936822 0.667362023307583 0.315989990330682
-0.111016826609587 0.0332934270520989 0.728454477703356 0.333730058219875
-0.0359306933675994 -0.00329724878124062 0.716403162731809 0.285820269361498
-0.0484751433058095 -0.0503509631303601 0.554331265347009 0.121190042514538
-0.0621698479997031 -0.0811227524217658 0.300622640625428 0.00556089336306199
-0.0977565120062399 -0.108873823831929 0.0054727943496343 -0.0762340607653105
-0.0809422816653932 -0.0959835862811754 -0.232341217246465 -0.105257290897427
-0.0481877252144545 -0.0503490511329481 -0.509920394993116 -0.153889498379793
-0.0409416669313626 0.0169041792578587 -0.672345968843643 -0.176763910577182
-0.1219817369645 0.0471441220755425 -0.749225508156704 -0.194602244115275
-0.166536894743908 -0.08004310196167 -0.71623701338202 -0.238943049179261
-0.00580021737294012 -0.128192416759054 -0.574376386925776 -0.254741538917352
0.0677499796185594 -0.00424400109752338 -0.211982324891606 -0.152176407546708
0.0846505187048312 0.0359093251104554 0.102045490017873 0.163073516898989
0.0604301174348294 -0.103965582816802 0.462834364966744 0.408505998902777
-0.0780130368797727 -0.0849788176615012 0.607436163276689 0.413974717263837
-0.091340327951867 0.00944888560825649 0.659391084206016 0.480457759397964
-0.032983267201214 -0.0132614263764112 0.681919243066732 0.409793848176133
-0.0406409689025773 -0.0436470670273149 0.537321479773365 0.168078322704676
-0.0490141407028408 -0.0623952318411477 0.274079407838814 -0.0117798639453305
-0.0838165808099445 -0.0830484320741608 -0.0329452653543717 -0.113677669530292
-0.0702091740869977 -0.0690734541302537 -0.272949597287583 -0.122210678976945
-0.0462681238750461 -0.0326117934430746 -0.540574345342856 -0.11166847055881
-0.0348206459804698 0.0173010122438695 -0.683003099931756 -0.0692828723956517
-0.0886402049930715 0.0463270030365235 -0.761401449363474 -0.0424298329145585
-0.133555471289985 -0.040945870525197 -0.740015398027581 -0.111864935595699
-0.0175604246960114 -0.0940171611261717 -0.586916453030811 -0.182175502838016
0.0487837666110605 -0.0113470254363252 -0.221680155910055 -0.138629104222694
0.063976316218495 0.0278456257121289 0.0887770733206301 0.162656327764277
0.0569914050684484 -0.0657547547159727 0.431476811101714 0.451153855103217
-0.0322367975569549 -0.0508507795644627 0.552206672917108 0.486617834895486
-0.0502106263171073 -0.00325418955029554 0.585829068386498 0.588801380896515
-0.0226768137188252 -0.0199364968276682 0.638030167758886 0.505859397111746
-0.0318261977744928 -0.0290172161726249 0.519235574554256 0.202649213329757
-0.0279013076122616 -0.0316768606435454 0.254557634362764 -0.0234275509273071
-0.0584363972711905 -0.0450460021544336 -0.0636537007768438 -0.140081830999352
-0.044265842552779 -0.0357703338374332 -0.305831016611963 -0.126867490023706
-0.0323907067230305 -0.0106422101616195 -0.559853474984282 -0.0723221984165439
-0.0272019772025943 0.0145004006674924 -0.680322325149019 0.0127811899892838
-0.0556312650828646 0.0281781340607363 -0.753497759654641 0.0693208505327036
-0.0804354029863895 -0.016846068320377 -0.742753602905859 -0.0142273844270445
-0.0133163239998822 -0.0510018759061085 -0.594069784805927 -0.12479633607242
0.0238211804999065 -0.0124891928437123 -0.22734661249339 -0.127996436470574
0.0414953519148803 0.00957352954649384 0.0805773299214607 0.164538495323892
0.0358686539637759 -0.0273221027875322 0.409540831096123 0.475054921339449
0.00493344547465482 0.00382587657250471 0.515355824257296 0.526544631153255
0.00267013332798863 -0.00147634677748218 0.535197441042739 0.645259223773207
-0.00915976158832882 -0.0217787557012477 0.606742849418734 0.553030964969985
-0.0230671276350231 -0.00648683733324336 0.503185067618405 0.224088557146658
-0.00418790656884969 0.00787104918769185 0.242781535038777 -0.0258539063096595
-0.024986961455794 -0.00129366179899063 -0.0813294836167005 -0.150708262822893
-0.00973450820859672 0.000622197706355887 -0.325837572233326 -0.125024795813589
-0.0105715446050304 0.0101929668275786 -0.569159668969478 -0.0455900214225815
-0.0175661867189566 0.00683258046550965 -0.674422466285728 0.0594663527740046
-0.0262775344309995 -0.00285879158243988 -0.740355018455304 0.129491934669041
-0.0157546145360452 -0.00685616338524686 -0.739023810648619 0.0406913952672688
0.00210675007317854 -0.00740339323579524 -0.596863767748994 -0.0916371269252493
-0.00330174013015767 -0.00803808388651735 -0.2298041357902 -0.122685725284349
0.0179643052145927 -0.0137798611416189 0.0764067059034214 0.170839097735959
0.00888949065242893 0.00916443622196138 0.402133458665303 0.480813055078969
0.0388761040314454 0.061740652324907 0.507821607914842 0.534741478431768
0.0536756801013391 0.00390691601141246 0.534113677383026 0.652592582562938
0.00360247296966348 -0.018811800650522 0.601183348212489 0.555306930537369
-0.0138901353469444 0.0204193703672208 0.497312744920364 0.228958488955228
0.0207137447215981 0.048746768590599 0.241503557341757 -0.0181605698293196
0.0116476593062397 0.0424782424701613 -0.0834059540206429 -0.14587488545311
0.027581813469074 0.0348108235768919 -0.329304173514656 -0.116762715262088
0.0122155816419862 0.0271131024070484 -0.571431329986945 -0.0365425357707549
-0.00953378580244381 -0.00300112431256732 -0.674115553460434 0.0670642179234949
0.00035678432672883 -0.0373455626846469 -0.740032820588553 0.133291672401549
0.0473448453190363 -0.00283666636635431 -0.735277035793893 0.0492654334801957
0.0183618638731481 0.0343355661003297 -0.600426724186193 -0.084329092674444
-0.0299703151377064 -0.00478220961561304 -0.228816147051592 -0.126555188197514
-0.0054011941050483 -0.0307270748653822 0.0801842839126704 0.179536926845311
-0.0110841769456561 0.0451442296290707 0.410082273338954 0.460457226720772
0.0773231353653274 0.105206738476884 0.534146374933475 0.508977676392612
0.0945008335579923 -0.000724126350340977 0.578147800353993 0.609188949493506
0.0108615138678539 -0.0161971463189888 0.62551413737385 0.511365346794597
-0.00283196557044435 0.0459073143448095 0.502808465445436 0.217838086528074
0.0477257654079802 0.083714991189657 0.25108236709044 0.00110523385994291
0.0456149068879332 0.0799561228991646 -0.0684967225303361 -0.124671056845738
0.0606012584200643 0.0649819654909349 -0.316010758972172 -0.105086494788841
0.0314834926051474 0.0409921222171697 -0.566201964316805 -0.0453519801377178
-0.00216996345541991 -0.0124084023845802 -0.679898295010514 0.0334655691680136
0.0286885887073129 -0.0675738525524954 -0.749875106851427 0.083761771891409
0.105160430116327 0.0066802511263523 -0.738872887962247 0.0120574795376409
0.0269345163023507 0.0717765604053909 -0.605812895511187 -0.107841692898852
-0.0553377427245627 -0.00785412778285389 -0.225303322164287 -0.133992154723991
-0.026699964423278 -0.0365434178614076 0.0934155144345427 0.185643243530231
-0.0127465841565307 0.075127515288618 0.4278282809074 0.421294962791276
0.116780559393942 0.118123712454008 0.590438569246213 0.450192423499774
0.114709666005578 -0.0185437633769617 0.653467581179593 0.509585069445024
0.013067145673577 -0.0138465553479849 0.660416030307617 0.425833859889801
0.0127456933175044 0.0632020211973816 0.514070026274241 0.196434233537491
0.0724787117646123 0.106344850982295 0.26853024264132 0.0243492746389461
0.0732009588088076 0.10571079093442 -0.0406408199691886 -0.0917498302978869
0.0833344540546381 0.0867248008208256 -0.290185189918023 -0.0889873738757817
0.0425543817333653 0.0518247772301243 -0.553626230492092 -0.071270188992688
0.00519054481444009 -0.0184767857501392 -0.684410299501312 -0.0392151215861255
0.0595222828884606 -0.0839331490068035 -0.759893535496864 -0.020254908247451
0.146200358449481 0.0296743165844741 -0.737303210208822 -0.0657214036172345
0.019540106288493 0.10090380949613 -0.608392052350916 -0.15770487116848
-0.0753523311900333 -0.0202623089542399 -0.217689248000351 -0.144201283940056
0.100661020655907 0.0129669236451424 0.140387537861451 0.161941520548143
0.0132861385493466 -0.146272875973324 0.527340901294005 0.28786434733576
-0.147518904636421 -0.0671837660522525 0.724435477966273 0.192875282120144
-0.107043115184273 0.058971619042742 0.783232851314771 0.152602682508692
-0.0331124039869025 0.00494364004818638 0.738324641927271 0.141415598907021
-0.0525257893840233 -0.0474363457167393 0.573574875964817 0.065474510207844
-0.0686797250655559 -0.0861265710977606 0.333299119702094 0.0179736789559019
-0.101155182264657 -0.11686430407564 0.0468969356231601 -0.0353201088397561
-0.0802502098129944 -0.107040600157685 -0.193515012066107 -0.0769031089968512
-0.0410880938737908 -0.0582712873618675 -0.484227903627153 -0.182801359058177
-0.0458825858958443 0.0159887045297822 -0.654200362316181 -0.280119315540816
-0.146835470901876 0.0321903525297067 -0.718343827403769 -0.347762456054648
-0.170126021998494 -0.119001035061196 -0.681168016112296 -0.354523308961388
0.0135578768801137 -0.143371930974019 -0.56375509771278 -0.314165429361978
0.0738306492258483 0.005131539994942 -0.205126481201986 -0.162970090462794
0.0984781191536481 0.0282589454730381 0.121948524320716 0.163580194023796
0.0419057038026985 -0.136274656334762 0.504159836708619 0.34818769669684
-0.123740059434557 -0.0881729526606293 0.679817268274673 0.306170390607978
-0.112218927319539 0.0363425826296112 0.742473067246134 0.322408981873145
-0.0366955314334194 -0.0025003200556497 0.72746578699338 0.275441929980473
-0.0496086510688318 -0.049458441953881 0.56083823319491 0.112196298303861
-0.0647519587983276 -0.0818393292664384 0.302814303559535 -0.00043990760550887
-0.10138007319555 -0.107922019936549 0.00464167022929539 -0.0781145495078848
-0.0839256902564643 -0.0959296601012483 -0.236091063670491 -0.103107885330166
-0.0493068028914381 -0.0493910681073149 -0.517014653062637 -0.145468400491725
-0.0408809218066051 0.0186297238722183 -0.681389203211794 -0.165324211628592
-0.122805172693269 0.0494973628287566 -0.760054355165117 -0.180805420130753
-0.169472870811997 -0.0774461980348641 -0.727518204169141 -0.225809195506266
-0.00790272039713373 -0.129486263759968 -0.583536631791271 -0.244588994720845
0.0675745752782859 -0.00527865878736011 -0.216551623801861 -0.149350909254612
0.0847025050190161 0.0340569613894382 0.105241352656563 0.162878284348826
0.0593083843946839 -0.107198484467495 0.47430895726359 0.404543698210193
-0.0801366839086657 -0.084186072162573 0.621623951978125 0.407450557991549
-0.0918101682576637 0.0109242067350378 0.674934266262908 0.472168095192692
-0.0336680871289891 -0.0121137535554308 0.695348889232826 0.400889352993126
-0.0418485016999528 -0.043351443361759 0.545197820788211 0.157266444279929
-0.0504692622486207 -0.0628713779530625 0.274750241311876 -0.0185325261407793
-0.087299800945524 -0.0818086523408943 -0.0361467950880791 -0.115107563036811
-0.0717720018745523 -0.0693933463024228 -0.277266837904804 -0.118363360857273
-0.0469533265115513 -0.0315809954064184 -0.545050563977014 -0.102415934837838
-0.0348851901058507 0.017880350122131 -0.689328771596679 -0.0562671964586409
-0.0889463162747606 0.0489708175888786 -0.770165756508505 -0.0290766137357193
-0.135902361220701 -0.0387482669762292 -0.749389049635358 -0.0989602709014642
-0.0190719934248748 -0.0950379047259552 -0.595758755082147 -0.173716537337639
0.0487867408729706 -0.011790021369704 -0.225946364122702 -0.135550546099608
0.0648393732782401 0.0271020204954984 0.0918403458775822 0.161702050310278
0.0559742978351677 -0.0679949051759309 0.443820162521042 0.45018176619129
-0.0339079349215141 -0.0511249349444119 0.565533659033005 0.482170235897579
-0.04986806085496 -0.00256382744577989 0.602348500095548 0.582481678015616
-0.0241955967737245 -0.0197054545894284 0.654655680270563 0.495273340052512
-0.0314112301179143 -0.0282498709154175 0.527193333648966 0.193907885178419
-0.0290403111787409 -0.031246463938791 0.255877270183941 -0.0286627053605501
-0.0606183869425532 -0.0441194777211052 -0.0682840216947807 -0.140834338631061
-0.045773010388455 -0.0351095437964809 -0.311552055163189 -0.123717242186986
-0.0319859390203934 -0.00996523015948142 -0.565009940582676 -0.0632879332634001
-0.0264740338770252 0.0147240040125315 -0.687997420092375 0.02560659526762
-0.0560522955069958 0.0298519251026822 -0.757297502283672 0.0845800189123796
-0.0805268154194383 -0.0154845411987554 -0.749986826107081 -4.18013850967701E-06
-0.0146022950144689 -0.0518909078414668 -0.601956617538681 -0.115186798919039
0.0234918288429022 -0.0122210888205549 -0.231561746678285 -0.125020322345394
0.0419016778563317 0.00821023141950714 0.0832947372031067 0.164794462717033
0.0352895683914753 -0.0288444106183793 0.423279140285307 0.473613043344828
0.00534696163965888 0.00330338401808544 0.530550943388443 0.522729685067517
0.00203822102596651 -0.00193309932896574 0.554862628622142 0.640630185193729
-0.00944536768056639 -0.0213146145716026 0.622727389453367 0.548502633463095
-0.0227524518377196 -0.00549726319833295 0.511550191685444 0.215524839527527
-0.00355041174790714 0.00773497648869268 0.243929620862054 -0.0316720922935517
-0.0259824397782285 -0.000561870890536352 -0.0857403023913269 -0.151100041690159
-0.00915798643424402 0.000727190994264395 -0.33134979314065 -0.121924232084781
-0.0106413015583875 0.00996021142808089 -0.573349559468124 -0.03474681055777
-0.0178300669428275 0.00765507246406088 -0.679122367142723 0.0730989027885623
-0.0271375101390839 -0.00185553995300246 -0.744998873879438 0.142954670950239
-0.0164522939954384 -0.00681422900183068 -0.744414768078143 0.0568375731531568
0.00181930382017568 -0.00753665052350136 -0.604984096124683 -0.081025356798482
-0.00329305534637579 -0.00713026747864005 -0.234129970978118 -0.120722612154433
0.0172437356838704 -0.0140377993547876 0.0793964660406728 0.171107662088783
0.00906427382036015 0.00908808630131205 0.413590020832096 0.478836608257235
0.0403707043141102 0.0607530899923794 0.523393989338721 0.52934151759689
0.0540043189003138 0.00311587250371951 0.552750675432812 0.64882932175653
0.00294980557400625 -0.0196860996552193 0.617862343464011 0.550501324820532
-0.0131812520063469 0.0207415539413691 0.506225764794781 0.221467104868219
0.0230372502926071 0.0488353838638981 0.2421940250802 -0.0223257894711843
0.0117753575572231 0.0432164877759147 -0.0867311626433087 -0.146523324886206
0.0283078500052618 0.034659500498301 -0.335198510389963 -0.112169080051248
0.0133977471608799 0.0274859589964395 -0.575017691286383 -0.0259268528686023
-0.00975182610351406 -0.00181603570094835 -0.678371387060965 0.080973094244339
-0.000896386081442262 -0.0375132508022662 -0.742186981044692 0.149909091753702
0.047825718577742 -0.00460828180014225 -0.742130134197923 0.0639491650441248
0.019289636250447 0.0344006181795029 -0.607039741315518 -0.0735327319282515
-0.0301213573929431 -0.00400856458308352 -0.23409416111555 -0.122214142966316
-0.00695354542243951 -0.0309164309724272 0.0828577832503822 0.179471745854983
-0.0101773176526458 0.0460597566522728 0.422593016035723 0.458388983205953
0.0807176765114658 0.104237356624977 0.550966018853915 0.503345747135571
0.0952027034475232 -0.00283917443051285 0.596726658715281 0.602640661783133
0.0102815063570452 -0.0156917727372329 0.641940144338203 0.503840124474253
-0.00127370364147196 0.046663262268847 0.511609862306677 0.210826560269932
0.0502624354121778 0.0840080043239042 0.250641529918684 -0.0045653668040798
0.0478571175235997 0.0804031284824265 -0.0720790977668797 -0.125183219898215
0.0622167873640147 0.0637911817567451 -0.320740894374902 -0.100462119908134
0.0334163353987434 0.0406311949730557 -0.571562472549097 -0.03481228554962
-0.00314113528993491 -0.0116440963455954 -0.682644128385903 0.0475586830298759
0.0268332426332553 -0.0688761414961944 -0.754795982461892 0.0989372288852795
0.106262990784862 0.00466146032573696 -0.743999667061754 0.0274563610346231
0.028368129011531 0.0718505984670828 -0.61343796389855 -0.0978574167500395
-0.0557663645282514 -0.00617401247923065 -0.229917817599052 -0.131939063966708
-0.0283671468621604 -0.0359184434888917 0.0970553630906448 0.18526483101764
-0.0110333728268284 0.0760292944963219 0.440910433936805 0.418892204148692
0.120524263920351 0.115951538608457 0.602059442528601 0.44324027781011
0.115873237117624 -0.021345822905166 0.669153158932577 0.499767289804335
0.0128456026580584 -0.0144278320091598 0.676437202352424 0.414992814954615
0.015276035255244 0.064106200766705 0.522581108862673 0.187497105000196
0.075415119448742 0.105731593714408 0.271305565203928 0.0188795423289713
0.0760435665807694 0.10619702966167 -0.043821513312778 -0.0929315676930084
0.0864608667707851 0.0862208991775524 -0.293831287695896 -0.084949283495632
0.0443310337275665 0.0522472427596087 -0.557421341048671 -0.0614910717826454
0.00454736985797565 -0.0189962871041646 -0.690517188499694 -0.0254804798744755
0.0576875898732064 -0.0860888870779477 -0.767049693682949 -0.00606895440964494
0.149011988562736 0.0266327482550941 -0.747436708194059 -0.053894535327815
0.021232848205281 0.101746042322349 -0.615024062062854 -0.146980939708228
-0.0765869241142762 -0.0180318577481644 -0.223624631167188 -0.141753607363258
0.101421505104593 0.0108405690990272 0.144091487615049 0.159049482133663
0.0106827726532211 -0.147851443946991 0.536056873495938 0.278388924941501
-0.148821225577173 -0.064879052411009 0.733658033923178 0.178456502684047
-0.10575627658155 0.0617011142995438 0.790254848637694 0.137405823995968
-0.0336593030637274 0.00561631370767276 0.746704618035599 0.125893456287992
-0.0532574335146364 -0.0459662467579616 0.576863319017217 0.0527778435578076
-0.0710226258975902 -0.0852256104333638 0.334800427505681 0.0114291728439066
-0.104876848227249 -0.115733996497798 0.0459694740527219 -0.0370145238143546
-0.0833010728113106 -0.106528191413706 -0.195546068757509 -0.0746798268600436
-0.0424724634762364 -0.0569525575170689 -0.488300469179278 -0.172529683466001
-0.0448645355352427 0.0173632245386311 -0.662413940926943 -0.268611395890802
-0.147006123909039 0.0350375861515445 -0.729055001698493 -0.336555714231675
-0.174283035404401 -0.116150903493121 -0.693113794011848 -0.341942035383045
0.00995643566778956 -0.144384463708967 -0.573302855563215 -0.306088465889927
0.0744431003889376 0.00402929995921089 -0.209526616544494 -0.159753175798763
0.0998050107516912 0.0260482667115857 0.12577204882484 0.16156634270755
0.0387026657288206 -0.139110458084437 0.514677351128999 0.339120604523962
-0.126241861863093 -0.0863309283250137 0.689933340777485 0.293848329602535
-0.111443317217151 0.0390822375224791 0.756415834005441 0.30876591884679
-0.0378296021812759 -0.0019696043130208 0.737677054110897 0.260589520434889
-0.0501120327645235 -0.0487532631924008 0.56630331925914 0.10028146537295
-0.0663619465891758 -0.0808168545034517 0.303190612261209 -0.00744521131068632
-0.104512813106447 -0.106472846955522 0.00265052396263972 -0.0791608910083305
-0.0872219303607298 -0.0944970423871281 -0.238245303153696 -0.0996508766018819
-0.050376278682514 -0.0489723668438912 -0.522200947070074 -0.136288008497826
-0.0408893477943667 0.0202964038680307 -0.688667640443212 -0.152522612665679
-0.122573458962343 0.0533471034131291 -0.769001306908701 -0.167259675489146
-0.172870865618467 -0.0746789909464438 -0.737270576005623 -0.212331757872125
-0.011325650491979 -0.130539469023848 -0.590642443654192 -0.235539880411363
0.0680391082935984 -0.00617267917979959 -0.220259866211848 -0.14685510098407
0.0868830164819985 0.0326481365079927 0.107552850061891 0.161458866608821
0.056915765267771 -0.110230297086004 0.484590923332477 0.39746756477013
-0.0822055571842101 -0.0833868965146464 0.634036784967376 0.396306943111012
-0.0929841858300721 0.0137759590955608 0.69032251132338 0.461119994826473
-0.0343482116993559 -0.0114608791731627 0.708989934442955 0.3871973099788
-0.0424246620749824 -0.0421068506316866 0.550537257203447 0.148568855199457
-0.0519915246750107 -0.0626853494741468 0.2752359556859 -0.0247152304482591
-0.0894414996119561 -0.0809818742666433 -0.0391268378224561 -0.115825342343263
-0.0743706860904446 -0.0687821418802394 -0.281675029022811 -0.114988538824069
-0.0479533180117117 -0.0304158568884946 -0.550231607550809 -0.0928224263879888
-0.0343828994603267 0.0196533976637349 -0.693312589305938 -0.0416252673375135
-0.0882681496489955 0.0514276736691507 -0.773688508093456 -0.0123440531667641
-0.137412071066112 -0.0354642173063426 -0.756933332825041 -0.0835926433548575
-0.0216017289060268 -0.0957516441156956 -0.603045270855562 -0.161621910824444
0.0482529900902016 -0.0126087950973279 -0.229836053440426 -0.132791745677473
0.0654569606779327 0.0259449808652838 0.0945171645425982 0.161975137157783
0.0548795810346673 -0.0705604150559656 0.455484165871559 0.442980066194891
-0.0342961402789078 -0.0511933138838134 0.580155701745171 0.473264110175998
-0.0505852343368466 -0.00104271702637703 0.621002532121967 0.573583756868405
-0.0248550885747178 -0.0190780788507155 0.667129351611186 0.484676132663053
-0.0325716169126793 -0.0278568961276272 0.533340361321368 0.183336715452752
-0.0292922078245212 -0.0315269549405192 0.25562319833829 -0.0347412543756402
-0.06187418529129 -0.0422734660074113 -0.0721618039840368 -0.14085987626098
-0.0471422346746698 -0.0352716545007031 -0.315766216904041 -0.119251740398076
-0.0328683913754955 -0.0098624369036557 -0.56949007919303 -0.0521154911529796
-0.0266423237830791 0.0163661588034327 -0.690375920083466 0.0422759239238023
-0.0555753932012956 0.0311539333400754 -0.760020328323461 0.100203366203382
-0.08137674801573 -0.0130139843338179 -0.755975401027824 0.014807513476751
-0.0161910737985613 -0.0518062610262843 -0.607745056706586 -0.102024569023435
0.0230036872106836 -0.0120703858619189 -0.234918891745467 -0.121920517609163
0.0413844311091871 0.00707163190581492 0.0856553517242345 0.163675975731629
0.0351055403761732 -0.0304106798531236 0.434532764363588 0.467526279414823
0.00577084226332491 0.00324750794607563 0.543786365250786 0.513977549245839
0.00215912391854244 -0.0018094685612593 0.572710603933709 0.632900594791051
-0.0111689261800322 -0.0209734501724385 0.638293047199786 0.537793901832068
-0.0229894821528442 -0.00525608837411859 0.519302489334234 0.206957850805213
-0.00343031184791861 0.00714660634313004 0.244103462804905 -0.0367129848923237
-0.0268256224657072 0.000542524253858044 -0.0903359902627186 -0.150626774062709
-0.00972691832005677 0.000497396554698539 -0.336017315473361 -0.116058939427139
-0.00969850489536959 0.0106406784787336 -0.577578259787778 -0.0229372716101705
-0.0179769793613681 0.00837986925786771 -0.680697499573857 0.0888724158486068
-0.027818452749168 -0.00201168489824548 -0.745991489356236 0.160758742625804
-0.01642951844688 -0.00685137362704025 -0.746910810312494 0.0714965928351171
0.0015547183573402 -0.00801576173328102 -0.609134913155761 -0.0679402683445829
-0.0037715131064922 -0.00712737237049547 -0.238068178925269 -0.115770774933026
0.0170213678156799 -0.0144921723877246 0.0820924521774744 0.170605002981144
0.0083384883736262 0.00863499889658984 0.425821403444773 0.473127939907375
0.0428484736791248 0.0599127512624472 0.536611022097384 0.522630836724099
0.0542327244443565 0.00208066065041269 0.569294615636632 0.64135910981367
0.00229448876387953 -0.019584109363355 0.634859030353659 0.538760778280989
-0.0131791778034502 0.0218362950911645 0.513997699486394 0.213031197707708
0.0236955322772468 0.0483092898520219 0.242328962042414 -0.0283877776558021
0.0129722868335254 0.043578960327558 -0.0915658971398873 -0.145504531139403
0.0287431643530547 0.0341541427522446 -0.338243574764789 -0.10692652372512
0.0146347039410648 0.027287654008607 -0.579271504760896 -0.0148125273323898
-0.0105641881830412 -0.00156658511872832 -0.67875738838955 0.0950209459625612
-0.00197648347239524 -0.0380745968524796 -0.74385505577393 0.165876974978964
0.0487648717476081 -0.00554599761768959 -0.746433819317715 0.0807211521066907
0.0201106283087697 0.033702756737795 -0.612360230528661 -0.0635372261822034
-0.0310377942993144 -0.00268150162007603 -0.237568661717874 -0.119435828836896
-0.00823739806420501 -0.0312705065118351 0.0863781528438905 0.179669528694921
-0.00999616532407883 0.0463734353085786 0.43414210120251 0.453279999637997
0.0831761671998771 0.103103670190965 0.56404752972623 0.494281791375519
0.0958031919004923 -0.00415945787156557 0.615280677477864 0.593264363562018
0.00996622190927313 -0.0158578856914382 0.657096763221878 0.49191805633652
-0.000358354490720464 0.0472925056717888 0.519029209013419 0.200279609971652
0.0521649492522542 0.082004112460439 0.252156678706103 -0.00997900798106172
0.0492748617465959 0.0801006587847238 -0.0764742364962649 -0.125248210455151
0.0646496278542689 0.0626820036622502 -0.32467315402447 -0.0955109861873249
0.0346175562144932 0.040915613558624 -0.573953921392362 -0.0238812591227118
-0.00257261276971204 -0.0112917263928409 -0.686621832218924 0.0607795316846955
0.0255198257832732 -0.0697890269935259 -0.756829221401539 0.115917588093951
0.10727246364028 0.00215913689629135 -0.749037877197883 0.0426445363325272
0.0305513685157226 0.0722576306616919 -0.61897972497837 -0.0863689226758546
-0.0562536541701636 -0.00495275143037393 -0.234373906810575 -0.127936041662722
-0.0298516720890072 -0.0364109367133867 0.0996285598970096 0.185783236115727
-0.00982252773363913 0.0771791769193126 0.450586518340096 0.414029152427926
0.12382251732883 0.114602023370351 0.616448872131782 0.431854481457714
0.115348647649351 -0.0235794393865973 0.684009570532722 0.49008588641348
0.012563428606817 -0.0141311900133705 0.689320661616071 0.403545291974438
0.0150522149860931 0.0645567930983505 0.529569319567338 0.17813850932128
0.0784006019742796 0.104871040594752 0.272865996252532 0.0131775164343743
0.0779577467274262 0.105869779276587 -0.0470117258807959 -0.0915854139560906
0.087703494238097 0.0850352501564593 -0.297326561934299 -0.0786542135642855
0.0451630336953693 0.0518751422397183 -0.562721245032609 -0.0505334091863089
0.00419459518648419 -0.0187571523016865 -0.695175077089601 -0.0124350706392061
0.0561848566817227 -0.0873755126785243 -0.771935995755022 0.00959726816307607
0.150062084813665 0.0243966053263822 -0.752410796883768 -0.037188932689858
0.0241377125810128 0.102293460381838 -0.62274803567017 -0.134243730475831
-0.0779259720602675 -0.0160390251298603 -0.227256031298719 -0.138782008186998
0.101487571715111 0.00851479093285715 0.146921208190618 0.156764061155087
0.00678404052346369 -0.149192017416584 0.543485572792628 0.268001837234458
-0.14992421026421 -0.0618297343248064 0.738866330270427 0.164877424231618
-0.105005499977541 0.0646620637806961 0.797311675945114 0.121666954796618
-0.0338945416223843 0.00648702711959873 0.751316346403345 0.109455913698291
-0.0541099644848389 -0.0455634642736609 0.578725072055218 0.0411921687117751
-0.0725087177262964 -0.0850706377597377 0.33484871863288 0.0032588274262859
-0.107547583223998 -0.113613704829785 0.0451220318190905 -0.0389307112012365
-0.0861631943763808 -0.106101114829769 -0.19794196443207 -0.0710609544464013
-0.0424927487922172 -0.0565996773316432 -0.493222210711262 -0.162944390677267
-0.0444159408503514 0.0186722665636835 -0.668814158329134 -0.253812385733575
-0.146801204617224 0.0394666328496004 -0.737798509650729 -0.319768129179399
-0.176930689724574 -0.112512063382762 -0.702164482349981 -0.328092832473432
0.00670400909575336 -0.14594736587846 -0.579377701001432 -0.294800173063269
0.0748401713844932 0.00301815057040746 -0.212902731783749 -0.15652661165927
0.0997289584782075 0.0236974876976612 0.128572230146657 0.160408427439797
0.036258443595781 -0.14111714144268 0.522467763179737 0.329989323021092
-0.127697194228714 -0.0841203785982893 0.69799947894088 0.279598725532094
-0.11111867420238 0.0420782793451627 0.764652661655333 0.292434774718783
-0.0375894281590083 6.09025436839735E-05 0.745423677107649 0.244035519465305
-0.0508871991441153 -0.0469086647181971 0.568402523819542 0.0887656307956431
-0.0682824197136994 -0.079669195900108 0.3027064095838 -0.0140235608896942
-0.107363290627342 -0.103658186039986 0.000414091964076021 -0.0800441205434597
-0.0895461147080101 -0.0936086240542048 -0.240959135947298 -0.0957662067246933
-0.0513052568219896 -0.0479435684253183 -0.524805592812988 -0.125107922838367
-0.0396337770218565 0.0205315208735865 -0.692390453606129 -0.137871097306052
-0.121635466712765 0.0555870384177201 -0.773401431450705 -0.150778792806324
-0.174121757431202 -0.070575745263294 -0.745130291573595 -0.197892140050348
-0.0147810352824297 -0.131679079729124 -0.597544789001424 -0.224332663502984
0.0683976689682003 -0.0080233032355228 -0.22483085465558 -0.142693817723658
0.0870907744092835 0.0309186153977335 0.110772560447261 0.160076170232557
0.0546647238436645 -0.112261367549783 0.494155508372682 0.388780873599085
-0.0837956544415101 -0.082007505757776 0.645105753246238 0.382620678885447
-0.0925474199270824 0.0155886752738849 0.70376999159449 0.447532990357947
-0.0348761297117045 -0.0103963684299433 0.719732315494504 0.373364568166382
-0.0421156256275813 -0.0417610962259965 0.553826534939179 0.136161031298433
-0.0532115072440693 -0.0618717547830079 0.274975667909101 -0.0309473925820512
-0.0924776435827136 -0.0783175734596488 -0.0424033470006004 -0.115701569890445
-0.0764169055943462 -0.0676300885081092 -0.283798155845438 -0.109518198877136
-0.0480345573413637 -0.0303918633672088 -0.552275442472016 -0.0802089110721799
-0.0333983688784905 0.0202843009878343 -0.696910701623726 -0.0272936103180504
-0.0881427854461401 0.0538536250585061 -0.774319401058446 0.00388519284568791
-0.138881865181458 -0.0326776294785196 -0.761107258197368 -0.0674378638453534
-0.0236835323444467 -0.0959253551174236 -0.607345890469111 -0.149150044144458
0.0489314263770128 -0.0133584802690637 -0.233299103376074 -0.128055644153603
0.0654843319370697 0.0245664908172085 0.0965683364053972 0.159947009177755
0.0529412715299927 -0.072634448984526 0.466096614335777 0.436136088494719
-0.0350568542551678 -0.0511156416221767 0.591844598837728 0.459873809082887
-0.0517428239068269 0.000296730619603855 0.63458753972015 0.562259689769021
-0.0262827733953768 -0.0184279925527433 0.680253473079847 0.470653712598706
-0.0329649089804752 -0.0269100108845469 0.538711257402392 0.17352840475321
-0.0298060987993398 -0.0314997906957604 0.253877953330726 -0.0414745035262633
-0.0638072603251756 -0.0408844825213276 -0.0757743457843266 -0.140002613791267
-0.0483144830102294 -0.0347743023970873 -0.318491152737768 -0.113333047115014
-0.0322071065894193 -0.00842502175857008 -0.570162776674502 -0.0392530715368896
-0.0257470992120941 0.0170504408041492 -0.689511785671092 0.0556608968388395
-0.0554176329228391 0.0323288329301624 -0.759720291783061 0.116070153666084
-0.0819234725161901 -0.012281614194877 -0.756903547915308 0.0319159815561105
-0.0173942012772617 -0.0518493293940082 -0.610860440975359 -0.0915020073563441
0.0230305974755961 -0.0122212261195355 -0.237849093147277 -0.116983421455684
0.041212821477396 0.0062297629331282 0.0883661116777327 0.162822090436364
0.0342507662451823 -0.0316472277999838 0.444311182928938 0.461978265692091
0.00557785650320711 0.00193732600408131 0.557689238209938 0.503751828724777
0.0021956698178414 -0.00108437750182974 0.587812447172419 0.621146290585983
-0.0118100535843504 -0.0203909946999768 0.652120710338975 0.524676088518803
-0.0224007679028517 -0.00439444961567638 0.524494006036732 0.195375262236808
-0.00308272321208431 0.00635680871213891 0.242726074584773 -0.0433098760350849
-0.0266072029044188 0.00151478087879845 -0.0941541168348583 -0.148956109675711
-0.00974971084244192 0.000218340942600835 -0.338626800389113 -0.10909704231166
-0.00919431210462737 0.0104516364133264 -0.578289406173312 -0.0104917655727495
-0.0177767485286955 0.00947081733857649 -0.679338710677947 0.103449393018908
-0.0278506808320987 -0.000189586060039189 -0.743234557179025 0.177331089717615
-0.0162210281818779 -0.00631944224196162 -0.748635572534651 0.0876021792042015
0.00109638023275781 -0.00864771800940059 -0.611145863619975 -0.0557470294305282
-0.00381589247148705 -0.00626260323700908 -0.240597830132263 -0.112045709330143
0.0161895508188788 -0.0151805249002181 0.0847208402173001 0.168948680142691
0.00865215626821167 0.0074549346699735 0.437871087694337 0.465340225620411
0.0442121510383365 0.0593086127117509 0.54991094260451 0.513250075074905
0.0547462852510072 0.000844656525537224 0.585299102426347 0.630480122897083
0.0012291971593527 -0.0189048428578162 0.64613554494293 0.527160566198709
-0.0118616657711783 0.0220061753824103 0.518674862088859 0.202191942435924
0.0254522297947688 0.0468938826210955 0.241686871900044 -0.0340334032352916
0.0129265485810912 0.0433470016225005 -0.0955935406192276 -0.144236401169591
0.0297033183029276 0.032946968071663 -0.341633593790182 -0.100737573596301
0.0150155479720831 0.0265464500529914 -0.580070234869262 -0.00154835376840909
-0.0105875017312136 -0.000573714826377735 -0.677995479192998 0.110281363935257
-0.00321583512127931 -0.0372244065761197 -0.741921281396735 0.18287894368917
0.0485808734194277 -0.00672132496164182 -0.747138451177218 0.097544157621112
0.0209283478668856 0.033295756180885 -0.615065226903563 -0.0499575842447837
-0.0306800971224308 -0.00166084660101956 -0.240998451028717 -0.114414125521332
-0.00966321538044165 -0.030851516627263 0.0883888321929606 0.17782136414964
-0.00900109211465678 0.0456350792645472 0.442970581043321 0.446404882500666
0.0861028169821401 0.100870165872961 0.578258885790109 0.482313290130379
0.0957307576745464 -0.00660997673872982 0.627408965158405 0.580838400316389
0.00956251326855165 -0.0159621781267641 0.667632828699746 0.479298585602797
0.000801313695691695 0.0476238222772566 0.523584308252323 0.189886808659012
0.054434284092823 0.0806715046138067 0.251794074454717 -0.0166046679083537
0.051228875484871 0.079676283828677 -0.0792955864141132 -0.123809965315119
0.0656305613080609 0.0615154583155419 -0.327432300022422 -0.0883010457892504
0.0351591300218406 0.0396581999445803 -0.575110281257353 -0.0112518029684167
-0.00267719659816658 -0.0108860993070991 -0.685498852131776 0.0761642261973484
0.0237369278182342 -0.0697939893370184 -0.756382171599111 0.132389628371445
0.107593437108712 3.99881610143316E-05 -0.750118138975176 0.0596369444279991
0.0317230914314667 0.0713362652720591 -0.62184864105162 -0.072957441789815
-0.0570286984405881 -0.00253854824278769 -0.237512645150231 -0.122986720319303
-0.0316195389902642 -0.0348121588493422 0.103142282511469 0.183945673715192
-0.00858235724763344 0.0769700676114637 0.460622426714524 0.406210697457407
0.127076553974199 0.111946197995652 0.62795297432481 0.420341057836268
0.115430206361013 -0.026028206679833 0.697900366166468 0.475772485597204
0.011528070282372 -0.0138474445063647 0.700810069099476 0.388428427804266
0.0171038960794836 0.0642415231726561 0.535041788706574 0.166705800596004
0.0799163668025208 0.102100450826238 0.272361604400356 0.00706817293806625
0.0804511922654445 0.10461690067439 -0.0496424124000385 -0.0916233612161096
0.0895465075712016 0.0825795316799403 -0.299490255036302 -0.0730996579703988
0.0475741819926932 0.0503004996489026 -0.564002029500471 -0.039969186825678
0.00391689000486753 -0.0187935123855642 -0.695211261740617 0.00245532464811627
0.0536616091058882 -0.0889891463700607 -0.774411625144078 0.0267405421819392
0.151210225899584 0.0205248457159278 -0.754719333363712 -0.020675022568786
0.026911165465689 0.101427496074199 -0.626315390250138 -0.121989242530431
-0.0781880159079673 -0.0134159337524481 -0.230554589560351 -0.133522027184087
0.101391500741269 0.00597369365696569 0.148952445319619 0.153509793740309
0.00345226718773233 -0.150876902423602 0.549124137638299 0.258360643842241
-0.150985543643498 -0.0590490598309016 0.742797038257824 0.148437654575001
-0.103734698018324 0.0673022697661219 0.800963231324894 0.103534531391671
-0.0334984176170935 0.00701801654162061 0.751095598891361 0.0920425522794523
-0.0541264410336049 -0.0443083778040663 0.578029577660339 0.02903548194832
-0.0740496434221349 -0.0827334983554914 0.333431555061178 -0.00452689064562422
-0.110955386889145 -0.11077464019329 0.0438009507404803 -0.0402055632809522
-0.0885546988514308 -0.104605208652829 -0.197967258010378 -0.0674560268507464
-0.0434444183370497 -0.0561010561346794 -0.494633146801794 -0.152292293090483
-0.0436637614762619 0.0194591728761509 -0.672728356367739 -0.238414915168124
-0.145952987712205 0.042315608887667 -0.745359616553523 -0.303853211255706
-0.179247211381876 -0.108293531972702 -0.707711644614207 -0.312298835221696
0.00391553774964772 -0.145962095840834 -0.585386229797987 -0.282746237323113
0.0745143967154099 0.00193477199743762 -0.216648649221798 -0.152315157526159
0.100271168621132 0.0212898729834184 0.130465428364031 0.157039409733976
0.032451212127889 -0.142666793188035 0.530245890826689 0.319094239797744
-0.128978259973944 -0.0814001056811213 0.704541268164973 0.26646046493303
-0.110610942337996 0.0451944620283462 0.772031118186637 0.275906686439499
-0.0376994311223319 0.000320294069853386 0.751412312731067 0.22768567176484
-0.0506306506712569 -0.0458861450384858 0.569952854134348 0.0766858052985675
-0.0701510594405523 -0.0791189934646444 0.302021628778631 -0.0214234913286627
-0.110801266574877 -0.101538859959491 -0.00223843184099461 -0.080883043128636
-0.0914617814520091 -0.0922518416434125 -0.24163244351177 -0.0916503527675431
-0.0527245593362638 -0.0466199837663069 -0.525711034145079 -0.113451051240635
-0.0392164797907307 0.0213558669219201 -0.693538886325294 -0.12131662243408
-0.119922842667353 0.0593527572864956 -0.775333996617097 -0.132980475434349
-0.176490631845333 -0.0659371056173516 -0.748859494739538 -0.181173142811676
-0.0173561922983503 -0.130824562767107 -0.601879944914187 -0.210670508506312
0.0684517404116477 -0.00938044573213286 -0.226274421519686 -0.13838367190311
0.0865766257619015 0.028763301636477 0.112896656557959 0.157667970030743
0.0520462159546973 -0.114642583979126 0.500531212369728 0.378019306360854
-0.0852453146792521 -0.0806887375517691 0.651835280076988 0.368218767236858
-0.0927847422061193 0.017951516331603 0.712767399668509 0.430653260686534
-0.0356309153163579 -0.00958640836630176 0.728944341566197 0.354769105697347
-0.0431983330205587 -0.0402229991872771 0.556977825740953 0.122775647234333
-0.0547728569013311 -0.0612824051095387 0.272875910245584 -0.0371531602829525
-0.094240036635193 -0.0758040883660722 -0.0452924960447539 -0.114577304301974
-0.0782594854472677 -0.0670263089338607 -0.285761523843024 -0.104210341684467
-0.0483746742623761 -0.0285431437689149 -0.552676037229629 -0.0697585973134396
-0.0327511460586291 0.0210401241391482 -0.694573068968685 -0.0114676114830283
-0.0864695304497961 0.0561535973277149 -0.773673014400637 0.0194274291254902
-0.139633080211557 -0.0293309440711503 -0.761399038444241 -0.0504853244088609
-0.0259743563841801 -0.0949477475535563 -0.608945697942922 -0.136658951981569
0.0483351211559356 -0.014845991643843 -0.235491220870575 -0.123632835688222
0.0656936149788904 0.0227823126055017 0.0991640625925545 0.15744857234107
0.0511831776399685 -0.0742125213331696 0.473636505487769 0.427317735988915
-0.0365337476985072 -0.050498485066565 0.601252376716038 0.446795722262863
-0.0518595494109595 0.00150381081743333 0.645315143738619 0.545771706149127
-0.0261710011959673 -0.0175732553180569 0.690552016530706 0.45487665713182
-0.0328705400569055 -0.0259779086705355 0.540934610475142 0.160070000627037
-0.0315374435440572 -0.0316314507100566 0.252118094794899 -0.0466637383085299
-0.0654331128850318 -0.0392358459940713 -0.079530608349232 -0.138476917479498
-0.0496980402307177 -0.0343679616788634 -0.322136825898854 -0.106487747592817
-0.0325000591398813 -0.00850956948763656 -0.570219407521413 -0.0277687400580099
-0.0251371977049461 0.0169536798146196 -0.686366721484386 0.0715712323223485
-0.0545442119902112 0.0332709413929244 -0.755002866772833 0.133637822374481
-0.082132579533828 -0.00918776267654223 -0.755604415931082 0.0492552881246884
-0.0182610928764489 -0.0519130968610711 -0.611500175718196 -0.07731585644161
0.0233005577292546 -0.0128054110644683 -0.240242616454835 -0.111672296435147
0.0411681051212285 0.00570761421560303 0.0907903087372516 0.160538433098276
0.0332390074585025 -0.0328883502977973 0.454109205600203 0.452724922498949
0.00606878712497526 0.00116586818053453 0.568643398471439 0.490761902054991
0.00193449495096426 -0.00166117267184668 0.60130760245896 0.606543209302841
-0.0125810006401252 -0.0195341223649698 0.66419165318886 0.508215222020271
-0.0223589693966964 -0.00363159978395911 0.528026523991063 0.184606596937291
-0.00311088714230786 0.00645976056411998 0.240371392150897 -0.0476931216636233
-0.0275380714513321 0.00294852758525858 -0.0978862975068044 -0.147293997316588
-0.0109825063134415 -0.000212505652861718 -0.33988950394751 -0.102828598248987
-0.00839005290644229 0.0105724514099588 -0.577201358072983 0.0012267465012856
-0.0175571254676688 0.0104060982712913 -0.675683689480927 0.117235125819608
-0.0283670768738974 0.000226024356651748 -0.737828435767059 0.193259817131336
-0.0164553060042375 -0.00558303417190728 -0.744042907217942 0.104224902692036
0.000614658050602408 -0.00821436164226106 -0.612591820528451 -0.0430933070484774
-0.00386826111806528 -0.00580330351184123 -0.24342924017465 -0.106521856610176
0.0146418677964204 -0.015427926399131 0.0871571936641506 0.167853429935129
0.0085258506693711 0.00713788186663562 0.44643963146469 0.458378136331331
0.0455038460060518 0.0574801319416312 0.56067089065538 0.498133317222076
0.0545322028802329 -0.00104791613308113 0.599420756698966 0.614863800397922
0.000121783302894902 -0.0179577038508121 0.65756596678887 0.510619165292459
-0.0107106826373655 0.0225226533751587 0.522013298506175 0.188954475271915
0.0264171583435609 0.0462815975378194 0.240187933471342 -0.0394121837980132
0.0138516755961072 0.0438593536566079 -0.0992512788579355 -0.142335605716216
0.0303770634441929 0.0325785259986055 -0.343686957114687 -0.0938467364821245
0.015685333930186 0.0267118387918585 -0.578136390740071 0.0109313481911869
-0.0101564870299491 -0.000414285547419751 -0.675235912531025 0.124668828351814
-0.0040569488268232 -0.0365520059904936 -0.736923450974276 0.19734336833286
0.0492265602816129 -0.0074872216139046 -0.743629204510847 0.113665102237596
0.0213697445017583 0.0325074080066896 -0.615679973839726 -0.0373477484559048
-0.0309841462779707 0.000131378273915765 -0.242902351245073 -0.109581917575453
-0.0106415887735277 -0.0310789486479594 0.091380589119334 0.1760514566047
-0.0079464596420567 0.045406774954557 0.453107361984804 0.437105130254216
0.0879526942700005 0.0983834845248856 0.58826418350686 0.471516111998695
0.0951942144142605 -0.00861853521550509 0.641107516915545 0.566872027754759
0.00851393810884519 -0.0153561749210995 0.678021489472525 0.462933660017084
0.00192426952065465 0.0477965296466889 0.526716639396019 0.177989210472591
0.0559202597113493 0.0792799717953647 0.249951199882245 -0.0213499617451448
0.0531340613361519 0.0792744503793648 -0.0826972511664018 -0.121248527083054
0.0672508437248051 0.0596284240189708 -0.328692635655964 -0.0825874049929158
0.0359614974316348 0.0394302560035499 -0.572905767142149 0.00030684473271826
-0.00387521092989655 -0.0107511987432637 -0.681355545857491 0.0916101193564632
0.0215654526401461 -0.0703512783903662 -0.751885023740449 0.146753830766898
0.107891612222907 -0.00255525610962756 -0.748188475229762 0.075625554815423
0.0334673175503874 0.07064210490138 -0.62269819839324 -0.0595308017506337
-0.057212775312691 -0.000697702789967719 -0.239832918294656 -0.118624281202761
-0.0321194578479251 -0.0348118768488656 0.105361398197975 0.181696919909867
-0.00710294157280658 0.0769999109481266 0.469240034378095 0.395789179420712
0.12947206884992 0.108133691265057 0.637189102831072 0.407181696338918
0.114186414813341 -0.0290261234989527 0.706406240037222 0.458287263389181
0.0104918906568998 -0.0139535435484902 0.708867686737399 0.371264718663382
0.0182623927435981 0.0641094690443544 0.537904234949387 0.155134205367435
0.0826177159217335 0.101062291222323 0.271756207797156 0.000469296888049462
0.0828435943469171 0.10311052209329 -0.0518933697860704 -0.0906785517398257
0.0921874926980257 0.0805450033566456 -0.300742107121474 -0.067971058821059
0.0481280426543784 0.0499796715453006 -0.563142856119117 -0.0268481923710576
0.00318068893935326 -0.0184381813843658 -0.693263565757402 0.0166919334640021
0.051680244774995 -0.0894806118130139 -0.771211150760821 0.0419784022393958
0.151755342571077 0.0169198530195871 -0.754027018231529 -0.0043847174867915
0.0289583636248312 0.101112847575953 -0.627939996412801 -0.10908065147913
-0.0788568057337763 -0.0116408299958615 -0.233699239322593 -0.129487556995321
0.100991860065373 0.00384197767517903 0.150996000491423 0.150085631028315
-0.000255322101409218 -0.150962498679048 0.550992619954884 0.246352618704965
-0.15114740669659 -0.0549531625868111 0.740426945417397 0.134124478965643
-0.101440766336948 0.0698077275791867 0.799105610117063 0.0848832428654631
-0.0338983431913905 0.00819826803679513 0.752215972574339 0.0755593495389342
-0.0542036774525238 -0.042687663571525 0.57565036908587 0.0178901336678559
-0.0762742614871725 -0.0819255083987653 0.330109469460925 -0.0110848396627212
-0.114212674691611 -0.107855266469364 0.0427789157941516 -0.0417568955978594
-0.0902758367751814 -0.103027402840541 -0.19782709373229 -0.0637741361912861
-0.0442301174312046 -0.0549554425527018 -0.493690069268147 -0.142631131852342
-0.0427208875012241 0.0202123612038686 -0.67499397220095 -0.22397810917499
-0.144285692951234 0.0459098721088766 -0.746103259316877 -0.289300634374847
-0.180751894989666 -0.103841702047969 -0.711808856661108 -0.294629180742706
0.000671000592444942 -0.145638747102339 -0.587527289511534 -0.269371297671357
0.0745383962007402 -1.11950946518908E-05 -0.217757642530885 -0.147669387517767
0.0996779677929065 0.0188637583229306 0.13192329236626 0.154157383502852
0.0290529746771717 -0.143370098837958 0.533397703194675 0.309098681927766
-0.129763865412263 -0.0785905664481769 0.705580077240746 0.250159854169605
-0.10871017116789 0.0475463415233093 0.77448820102403 0.258300000040438
-0.0375334411389099 0.00168756575604888 0.754133611987424 0.209264935578855
-0.0511944951801915 -0.0446128111287345 0.568141062150667 0.0646285225224686
-0.0715760129078002 -0.0769852633693115 0.298314700718016 -0.026919173204857
-0.112747037270716 -0.099046045336238 -0.00484114255527888 -0.0802670556598967
-0.0939233195795545 -0.0900185993329187 -0.241581001970924 -0.0866003311192963
-0.0524574892183315 -0.045429521597087 -0.52456627254032 -0.102763341638101
-0.0375278858681196 0.0224564278112391 -0.692385182380153 -0.107251596413071
-0.11891156885066 0.0617949037227657 -0.773862290118148 -0.117838380929733
-0.176890264115806 -0.0622732913811777 -0.748922460085439 -0.164488663570725
-0.0203080242338839 -0.130344402943507 -0.601727740690459 -0.198464495073958
0.0674348815628913 -0.0103441499345524 -0.227322982060745 -0.132605185764328
0.0866989709368532 0.0261239702646256 0.114490414902871 0.154374898572525
0.0493021104575425 -0.115574951789087 0.50718505079091 0.369209679364185
-0.0863295801713711 -0.079634935289729 0.657295483856898 0.354747714818781
-0.0918316900730905 0.0203897867810526 0.720570358146372 0.413419665338176
-0.0362234291720329 -0.0084608427405771 0.732543997359871 0.337450449035189
-0.0433069241505406 -0.0392947387079698 0.555385701873465 0.111715044672939
-0.0557726294466713 -0.0604957256581117 0.270731918242728 -0.0426508338404236
-0.0971618875826721 -0.0733066335155698 -0.0487474487725605 -0.113466883859603
-0.0793191930035038 -0.0649616031799224 -0.286668818214967 -0.098944743040049
-0.0483175776045525 -0.0279909331731654 -0.551433787118922 -0.057774856817966
-0.0317765724227904 0.022301033208936 -0.691172387710391 0.00174127637359094
-0.085491512895539 0.0579494395233083 -0.769346139142298 0.0363519950558117
-0.139416094004421 -0.0255588668092592 -0.760018922998749 -0.035069075110096
-0.0280644672751067 -0.0944469535383998 -0.609282892922573 -0.125811920022642
0.0485400739176635 -0.0154280598374099 -0.237244724589296 -0.11845122410601
0.0652098607410297 0.0218921732547397 0.100315808797265 0.154499590001814
0.0497274971264335 -0.0753909914903469 0.480585487015107 0.416777005384045
-0.0372290101705723 -0.0502094577285644 0.609715415315132 0.432839592394658
-0.0515177986830904 0.00263918256071535 0.65599445824737 0.531031444533455
-0.0266731904751936 -0.0160300146562771 0.698268856791332 0.436803010165733
-0.032534230431316 -0.0247842255673196 0.541649048084262 0.148373018887571
-0.0316611503479825 -0.0311079152810613 0.249430437009501 -0.0520846035623807
-0.0664645452779714 -0.0376779576962521 -0.0830850702764339 -0.136852291440216
-0.0495813272084332 -0.0320901076253395 -0.321091502461119 -0.100661613389958
-0.0327926222736777 -0.00741784799847411 -0.567280010059845 -0.0157388998970285
-0.0244051156491682 0.0182995877796315 -0.681648745143054 0.0845222140779315
-0.0543494917527021 0.0352663564846634 -0.747756160955103 0.147226236218535
-0.0812322097028922 -0.00755105819531847 -0.751771496546975 0.0625689107361182
-0.0193616075544892 -0.0511733051075674 -0.610040563548545 -0.0660055389377514
0.0227478088638197 -0.0119383458854207 -0.241966311077199 -0.10741407689465
0.0408121636843036 0.00458362716301267 0.0911890793375623 0.157956197758936
0.0319246743112138 -0.0341983450504604 0.45997360358202 0.44071172069572
0.00603370230577737 0.000844934324309279 0.576000864333722 0.477870762961969
0.00155492230812518 -0.00105240223568326 0.611290957156903 0.593122837129727
-0.0126854706958398 -0.0188593336916151 0.671681901600272 0.489650702019885
-0.0220187793936536 -0.00346590632576161 0.529952734652847 0.171072581936109
-0.00263736412281852 0.00637573233273759 0.238011169625075 -0.0533420275224714
-0.0274734070868275 0.00347345699851522 -0.101683102009509 -0.145212132235762
-0.0111649378432364 0.000336548599683999 -0.341545092437449 -0.0963027852515362
-0.00777598243899678 0.0109703605980703 -0.573199901553652 0.0116967657296429
-0.0175141120049171 0.0101461323222627 -0.668709126820641 0.131934370046284
-0.02834956864265 0.00129409997809207 -0.730416021753459 0.208294479268735
-0.016370516806426 -0.00551584098154531 -0.738815502183415 0.118403514335669
0.000667648749121556 -0.00853234141067452 -0.610550381642614 -0.0303847182325133
-0.00424107538585917 -0.00509455693546352 -0.244180021627708 -0.101330540488402
0.0139541076457406 -0.0159024766224716 0.0885729253636037 0.16564548814796
0.00833560731519799 0.00616451490522137 0.453389074236726 0.447316886530217
0.0458182004438691 0.0563200417380928 0.57047176311584 0.486169216376364
0.05362662149174 -0.00149403945429365 0.609697086618372 0.600082974310003
0.000118156263041538 -0.0181433271724833 0.665469750836798 0.494132380878403
-0.010197472277411 0.0229449108331387 0.523931539511811 0.177986791644619
0.0269846505676276 0.0454449864374219 0.236897541577088 -0.0442206645365632
0.0146218824882865 0.0441711739598004 -0.102235043494395 -0.139156489334535
0.0307239179602154 0.0308832890101532 -0.343428468562537 -0.0873497204979693
0.0166732521960365 0.0251235479575981 -0.574380802275009 0.0216262097741493
-0.0100710823102688 0.00013787878794662 -0.666634324627319 0.13837480248599
-0.00493788255611333 -0.0367245899057577 -0.72821059392571 0.212982012110155
0.0481477890398893 -0.00876832652406951 -0.736247614321652 0.129077114026814
0.0220782243708535 0.0317712897701009 -0.612928212318632 -0.0236545661871612
-0.0304362366440507 0.00121359612486416 -0.242999228142033 -0.104213064826254
-0.0117004145232875 -0.0306151174113427 0.0939366127906113 0.173705708260859
-0.00794278270539433 0.0458768973285368 0.459124077255956 0.425983727429138
0.089682826570996 0.0960431358859266 0.595653775598146 0.456387334410579
0.0943188516388565 -0.0105960884600719 0.650369729271786 0.549722305114756
0.00843892154632124 -0.0152865533529231 0.685112749215744 0.445539998878076
0.00334087397493932 0.0480005353229889 0.527487223667119 0.167048972892767
0.0573577622582088 0.0775522052230539 0.248081851810767 -0.0270445522950866
0.0544969853510999 0.0780547494102153 -0.0853508674381483 -0.119890875662752
0.0675943017676833 0.0575326171623685 -0.328925100865468 -0.0759010879374864
0.0372636726774102 0.0384506722877124 -0.570994049684307 0.011411848659565
-0.00393350430853735 -0.0104611967987138 -0.675966481393579 0.10395588385908
0.0194351033442267 -0.0703401810478318 -0.744106573326071 0.163511761605586
0.107580560676872 -0.00547965533691323 -0.743892268286343 0.0926017548684097
0.0348538405338227 0.0692334460331072 -0.622434897056839 -0.0478442155062736
-0.057141900216057 0.000643230269962984 -0.240907762037644 -0.112822360011416
-0.0332774636122457 -0.0335466434675482 0.107835583999851 0.179523762303883
-0.00609630912966181 0.0768032934670064 0.4751128304257 0.38601975973806
0.131313469151446 0.10524464421863 0.641330447033164 0.393651262859703
0.112832411544944 -0.0308852506338203 0.715388803542882 0.442550064475151
0.0104408482504154 -0.0129332534431132 0.713640147342212 0.354429275552505
0.0202956622345646 0.0636725207629804 0.537831956111234 0.143680052703038
0.0840825103716648 0.0977846731227311 0.269891829567579 -0.00556821031488933
0.0843553353275688 0.101495988322052 -0.0547632824529679 -0.0897097008495527
0.0931901945189311 0.0788544076351442 -0.300507232860069 -0.0619593028612642
0.0488128987860652 0.0485117397831902 -0.561181540986195 -0.0142337396843764
0.00236768535308137 -0.0181069011170001 -0.690550381974073 0.0318400513004962
0.0491928791074416 -0.09069721128506 -0.765138369195616 0.0587726937021233
0.152336047547128 0.013434292277262 -0.751691616318932 0.011063775372207
0.0306722622618914 0.0999200269744263 -0.628147371879363 -0.0953666114077049
-0.078900326400935 -0.00948895215957065 -0.234399161978578 -0.123681203865279
0.0994666947544111 0.00185833036429056 0.15159400073253 0.14718640331976
-0.00312431797901717 -0.15000682938842 0.551210882300344 0.233700450351957
-0.151123120462093 -0.0524650422949281 0.73765412235422 0.119006835753996
-0.0994361594960025 0.0712175207305067 0.796197499672837 0.0716683559606183
-0.0330625033639816 0.0092828710046129 0.748248600805048 0.0601132126479829
-0.0541519201910384 -0.0408818535145871 0.569539027695468 0.00752408659750665
-0.0773289459051237 -0.0801179134505728 0.327015724666308 -0.0171134302608069
-0.115244130838487 -0.104685999112698 0.0406846197216349 -0.0427416179230812
-0.0920939366213812 -0.10093995575792 -0.197511282318001 -0.0604051007732109
-0.0447284238863353 -0.0533448197053117 -0.491689621216059 -0.130777786291972
-0.0414341429859118 0.0215522290035893 -0.672504395788026 -0.208641959627863
-0.14301384965568 0.0490415595693473 -0.746827161239732 -0.27323631279797
-0.181709970175329 -0.0996169500489182 -0.713362283263174 -0.279744790104556
-0.00228191822009622 -0.144724483355225 -0.588788414962395 -0.255476458064503
0.0743087794715708 -0.0013980829117088 -0.218971700659524 -0.14276027902035
0.0990781505356885 0.0166914433750537 0.132883116527754 0.151147269693048
0.026330896243141 -0.143729991139567 0.533126739963523 0.296621662513633
-0.129971741511414 -0.0758513626950698 0.705426584177642 0.235300229634404
-0.107721233653126 0.0498914556805608 0.775255825314607 0.240517853228424
-0.0376193639607793 0.00251615000972896 0.752090534678695 0.193578277671176
-0.0512082098196188 -0.0433809794281761 0.565069904491549 0.052747411552613
-0.0727390212349389 -0.0762734760379265 0.294313260222271 -0.0325654230889031
-0.114709693681654 -0.0957871212620333 -0.00661880961633266 -0.0800790339176249
-0.0945328009752385 -0.0884717125442852 -0.24250065818558 -0.0825297692445881
-0.052360255348385 -0.0445762153855855 -0.52052247502212 -0.0929521559650525
-0.0371088777289591 0.0234506249964897 -0.687913997997038 -0.0935227658636405
-0.116168094878999 0.0636414561884519 -0.771431537324913 -0.102440760859967
-0.176662883688058 -0.0586929268334202 -0.74897848308902 -0.148073930484362
-0.0225672678607828 -0.12888895673102 -0.601776820912809 -0.185268213630711
0.0671415264840097 -0.0115827391953799 -0.228456403202373 -0.128662692365023
0.0866250992883027 0.0247287057933774 0.115444973924 0.151428362926876
0.0465975093172599 -0.115913371984959 0.509375512084765 0.35632062631298
-0.0869523123037089 -0.0774989077982293 0.659329821723418 0.338987380336894
-0.0906358335658814 0.0225450715722834 0.724556105559807 0.396721644530244
-0.036040192005519 -0.00667397219671648 0.733602632989001 0.320821362208904
-0.0429474611990535 -0.0381734337903128 0.553337689639897 0.0994223062400578
-0.0560813181150567 -0.059013549329555 0.266218012508566 -0.0472584879826689
-0.0975656462295524 -0.0707606950408638 -0.0509538887738778 -0.11202783173537
-0.08073945420533 -0.0634722394378624 -0.285845631913003 -0.0934234040423189
-0.0480766580490052 -0.0269483906440255 -0.547212019258214 -0.0482681827441805
-0.0305195424996208 0.0230000803773299 -0.685264211615836 0.0159266885397095
-0.0836710021875048 0.059323741653836 -0.763990686046119 0.0500557373768307
-0.138966923547633 -0.0224515068136254 -0.755004329674076 -0.0197080702496436
-0.0299093918657897 -0.0937238320053504 -0.606392293602208 -0.113673140422742
0.047003962840801 -0.0150843596650601 -0.236636847834868 -0.113708524256761
0.0643757314656361 0.020161143300708 0.101688829675234 0.152964415936362
0.0469125020172659 -0.076817844447325 0.484491393132322 0.404625441027587
-0.0378290864292638 -0.0498680375589005 0.612307202419782 0.418912373030692
-0.0509065715879139 0.00393528417290364 0.662719615134984 0.513186271964757
-0.0266972001265802 -0.014962020070853 0.700210302765325 0.420825545859612
-0.0320606679316694 -0.0242838920745566 0.540917921510918 0.138562766156241
-0.0317838998345137 -0.0305371713759204 0.245774381899367 -0.0568685475789474
-0.0672521456777235 -0.0362057741006271 -0.0855662701832759 -0.134372826297605
-0.0503542009935245 -0.0325640224027477 -0.319900050641999 -0.0940044038333382
-0.0313353297038058 -0.00673928192339226 -0.561998105294343 -0.00528233367074552
-0.0238193954554132 0.0185714772711004 -0.673560549710212 0.0956416695402552
-0.0532383420036052 0.0359689391609024 -0.740218218990671 0.160027539223493
-0.0808767275740531 -0.00577987196737293 -0.743928453096429 0.0785423847950064
-0.0200480718456558 -0.0510836467635101 -0.606827673763275 -0.0540652454328051
0.0225065663483822 -0.0126373555576839 -0.242742888261265 -0.102571120454397
0.0393445736151759 0.00395372157552062 0.0927434667453979 0.155030168501996
0.0307926281408923 -0.0351271241089201 0.466977377640602 0.431390877212134
0.00604066790667266 -8.23951005647552E-06 0.581469837645687 0.463463920019028
0.00197889736781593 -0.000955898687440514 0.619505369494189 0.573864925608083
-0.0131952844815252 -0.0183211874652427 0.675189576050121 0.472905334538291
-0.0215709791862055 -0.00221485207389079 0.528032535195027 0.16091690462695
-0.00250784985582005 0.00644610795952637 0.234111101638494 -0.056891256209482
-0.0273176398345705 0.00450431460866267 -0.104625204454802 -0.142313921115957
-0.0104105433357878 -0.000192152838889388 -0.340412406456831 -0.0897468112912861
-0.00783469458768035 0.0109048741419366 -0.569428495415419 0.0229831068279527
-0.0161887364448718 0.011185431105704 -0.660148155307651 0.14347812328099
-0.028354463657084 0.00220868699730224 -0.720162265156515 0.2200323755539
-0.0166707746996439 -0.00504522240309771 -0.731956496369505 0.131996137516829
-3.53439522929946E-05 -0.0086051221640291 -0.604435140277283 -0.0195848848936231
-0.00438850249817537 -0.00470633380490335 -0.244210497518849 -0.0962348606349529
0.0135668883951339 -0.0163179737973833 0.0895431566681013 0.163112108282218
0.00808041256149336 0.00523593828083353 0.45914508917062 0.437225367727401
0.0471308042632442 0.0544474348466833 0.573668247675481 0.471417384409268
0.0534108950143291 -0.00237291080644679 0.616595329801565 0.58407091175622
-0.000237019345168423 -0.0176006263708735 0.670604194608524 0.475239529812419
-0.00940745223526715 0.0234008455636406 0.523816972199696 0.166702857483063
0.0282771643001998 0.0439112083181899 0.233624910464412 -0.0488908907234075
0.0154919202272122 0.0435421447728412 -0.106022858321524 -0.136065767977971
0.0308690363424526 0.02995059702027 -0.342879139163425 -0.0804351061969974
0.0170389283115021 0.0250638221825149 -0.569321266270522 0.0325733041376494
-0.0107450658518792 0.000616303162383614 -0.659026335418353 0.149627018246996
-0.0065777989548754 -0.0358504448815172 -0.719930218272952 0.224087449610437
0.0481959301168433 -0.0090578150382023 -0.730433917702892 0.140981983146756
0.0223214521011341 0.0311875202756507 -0.609410584275072 -0.0125076678788631
-0.0304684450469138 0.00148567233598028 -0.244930226629134 -0.0997233251892737
-0.0130953877071012 -0.0297141085735163 0.0958351641385918 0.171405584502638
-0.0075502094216689 0.0446847842237069 0.464103834980918 0.414317562243273
0.0909667073193241 0.0928530691756355 0.599228202353267 0.441982437515563
0.093692539975479 -0.0123697051700376 0.655908149328671 0.533309896418687
0.00757155715061767 -0.0152504913422738 0.688589396931199 0.428084414171631
0.00453849078467975 0.0474052749014319 0.527733227622699 0.154580296382175
0.0586377045240516 0.0761026119037244 0.244733477817387 -0.0321762429461002
0.0550498383380251 0.0767425139135932 -0.0882631414727491 -0.11711397771696
0.0676711719926567 0.055999590700239 -0.327922212585308 -0.0697254293575834
0.0378184065817508 0.0365891168824174 -0.565178379628648 0.0229641784893343
-0.00391316901358893 -0.00962865190994353 -0.668678983218236 0.115395827574236
0.0174329155866911 -0.0697383294640833 -0.736232289996225 0.17598351685234
0.106878186825667 -0.00773389399668381 -0.735533686172179 0.10572573446791
0.0359890882838801 0.0683019166705297 -0.617891920412794 -0.0349031369822398
-0.0562450871532743 0.0021912257335445 -0.241021403617694 -0.107608841763251
-0.0345887984027061 -0.0328953175441753 0.10894170781425 0.176473103760787
-0.00543283468133669 0.0760791877458122 0.479133334269842 0.376343929335792
0.13236485283797 0.101245278427027 0.642969023226943 0.377178499559787
0.111695795130376 -0.032643204529904 0.717491233496323 0.42413746479702
0.0101534070959834 -0.0130725663553558 0.714508103547084 0.337446187951825
0.0213015431203507 0.0631590668506877 0.536314078000509 0.131550740958367
0.0855486396670217 0.0956224375187747 0.26697968827822 -0.0103104669082563
0.0860843741892982 0.0993126802648796 -0.0562715656227182 -0.0876724942647076
0.0937649501130413 0.075356011463287 -0.298637425466634 -0.0560501956096254
0.049670103288425 0.0474232922016815 -0.555146975820936 -0.00448791353667436
0.00277228869278647 -0.0169096713300125 -0.682626266089079 0.0423026461980535
0.0465310814708206 -0.0902557013146106 -0.760592038870699 0.074154811730624
0.152011477784126 0.0107930675118753 -0.745060723972351 0.0235014443935297
0.032379250679503 0.0981750338803579 -0.62373336474294 -0.0836051892571854
-0.0789793017216625 -0.00726093202806231 -0.235172888249343 -0.119144215499043
0.0979338780503418 3.50730083507151E-05 0.151618942609983 0.142228173439902
-0.00577614432967204 -0.149495328339292 0.550309499413367 0.222723071851737
-0.150243894438979 -0.0492409427880587 0.732475066725168 0.104498657028134
-0.0971059147651414 0.0724993716475524 0.789678187258806 0.0559619883782863
-0.0324866922537858 0.00981568451329207 0.741271550430189 0.0471058249508253
-0.053631378122175 -0.0396683176823279 0.565313431748764 -0.00342967090373115
-0.0780449973199065 -0.0777562815234978 0.322795466052981 -0.0228891934229212
-0.117459791364699 -0.101129195647879 0.0392126645927263 -0.0435374437496072
-0.0938125243180783 -0.0984424506961197 -0.196204110284861 -0.0572832657225786
-0.0444378059340988 -0.0525825032389969 -0.488091298759653 -0.121632639251364
-0.0396685403845051 0.0212473692754679 -0.669891600808865 -0.194951574594497
-0.140093281951651 0.0508135753190657 -0.744319504174499 -0.259331916958221
-0.181973207687203 -0.0955589548294633 -0.710099697736759 -0.266858824309701
-0.004535253036421 -0.144025970646517 -0.587461124545955 -0.243881392049717
0.0734746988824566 -0.0022602649379567 -0.218477319813978 -0.137469034039792
0.0976904912618457 0.0154407059356959 0.13293371716747 0.147375895443759
0.0229492044434091 -0.14342006404309 0.53321938246285 0.285448582561806
-0.130282086012826 -0.0739926969848023 0.701235358742451 0.221486438296686
-0.105256006449586 0.0512537746541846 0.771642227284782 0.226018940065094
-0.0368313128119961 0.00377030720179955 0.747815417629539 0.178071889908172
-0.0506235471290907 -0.0418016576071288 0.558824202784491 0.0438257112894286
-0.0727816544874793 -0.0738793347455884 0.29054075407714 -0.0381594858464884
-0.115630664404826 -0.0918897163995398 -0.00779762159701811 -0.0794720751849637
-0.0960136381140989 -0.086637657826406 -0.240598304385476 -0.0782577253483539
-0.052457255344181 -0.0433262682754741 -0.517561170687219 -0.0834509951200184
-0.0357998478214178 0.0237068404225054 -0.681418504144422 -0.0814714297667396
-0.113889158505373 0.0654249223288757 -0.765390309798632 -0.0896025657919935
-0.176094514528905 -0.0537032154522656 -0.743400995141492 -0.135256468994693
-0.0249890216221133 -0.127051274018931 -0.597914121234404 -0.174831149967386
0.0663445255736743 -0.0116281033214352 -0.228162981738785 -0.123637706433474
0.0851433821877866 0.0231526319925228 0.115601211165967 0.148594320568224
0.0432697442579339 -0.11649337973165 0.511517823419391 0.344740927956966
-0.087707851588596 -0.0751474774815172 0.658157352639636 0.325450390126926
-0.0895134380868734 0.0236733980750418 0.723896392354512 0.379939823628626
-0.0360829741348468 -0.00607360415532299 0.733184514219604 0.303660543180384
-0.0426626445768898 -0.0367809180699927 0.548667491792382 0.0895707393513602
-0.0572520390898818 -0.0579626545632568 0.262420452774341 -0.0514224960589653
-0.0989441315111507 -0.0682406377229877 -0.0534205890927262 -0.11069233993681
-0.0813272168622755 -0.0623560911437649 -0.285113131975477 -0.0883596066951899
-0.0475794597099712 -0.0260125757963296 -0.539452892071944 -0.038090948747996
-0.0300699414910847 0.0226852412692303 -0.677392399454935 0.027379729317933
-0.0822092240772742 0.0602681683945388 -0.753971506136156 0.0619197264763986
-0.137606802539171 -0.0200073506507511 -0.746580375640071 -0.00846834141501479
-0.0312861973135129 -0.091909888874898 -0.602327613223317 -0.102053914533154
0.0461591644530509 -0.0156753799002313 -0.236649401384136 -0.108302652715026
0.063642162729067 0.0192542329016416 0.102294593777451 0.149183510420758
0.0453370472545236 -0.0770760096241569 0.485980816139276 0.394567307836947
-0.0378749037255209 -0.0492155290520495 0.613720344724725 0.40439580154582
-0.0500489421473211 0.00491447427016855 0.666707757926984 0.497155096797464
-0.0267692482913367 -0.0140077693661281 0.700477626197773 0.402771909124212
-0.0321187257908791 -0.0230885786507928 0.536240433825382 0.127389145423741
-0.0315779727176573 -0.0297794380324411 0.241538165200032 -0.060451098376216
-0.0669197142867519 -0.0338001896599931 -0.0880112516171472 -0.132081975943797
-0.0512861774470822 -0.0316748760115615 -0.319028873830286 -0.0891241612721413
-0.0311843436082131 -0.00574980867182954 -0.555477733577802 0.00230902123605284
-0.0232705662957107 0.0192057315892171 -0.662121579500709 0.106701135218955
-0.0515147081299648 0.0372320203409023 -0.730420946979499 0.170620144602283
-0.0803982184231248 -0.00429394153585627 -0.7370442779948 0.0903057572148826
-0.0209661607580439 -0.0501857016401825 -0.600827263819366 -0.0441545461421503
0.0217408259469588 -0.0119541517718501 -0.240580675809604 -0.097372729607377
0.038394055688965 0.00356066354420535 0.0936365586598427 0.152861259021687
0.029008693856525 -0.0361490928198898 0.469370431058072 0.421124106736653
0.00560826878882807 -0.000211292673897483 0.584372229892688 0.448395536496318
0.000866384514010755 -0.000903533839178101 0.624543328462116 0.558068697548511
-0.0136390361971517 -0.0169445540971347 0.676373877710134 0.456151239704668
-0.0213041043717678 -0.0019730007207727 0.527176944723123 0.150030012146797
-0.00243312027784322 0.00608289100353912 0.230194525153109 -0.0602836875009136
-0.0275362757376912 0.00499618291866867 -0.1065300705785 -0.13890985332725
-0.010838520816495 -0.000383528848209127 -0.338810482910256 -0.0829384996871025
-0.00672244240545634 0.0109985905177299 -0.5611241370856 0.0321874949404935
-0.0160295305373504 0.0113776081068162 -0.650170735357214 0.152910537174935
-0.0287907560308056 0.00294580796387333 -0.708362054716988 0.229768207299702
-0.0162526940895709 -0.00452720227614594 -0.722982766903203 0.145008312555331
0.000528400696122148 -0.00884468701474027 -0.598695232474347 -0.00834075679002511
-0.00430639631689321 -0.00421392324753376 -0.242910499864967 -0.0920061576438706
0.0124087823354252 -0.0159386049732206 0.0903237604438309 0.160338303957636
0.00723478478552032 0.00519152608063865 0.462077051880469 0.42611345567559
0.0472786887188298 0.052943298969276 0.577545536697228 0.455735034611164
0.0530848403271657 -0.00287567468572169 0.621342695030316 0.567494866822009
-0.00106203467774594 -0.0162408618074398 0.671220803576372 0.458021156233756
-0.0090581620363926 0.0233797391232003 0.52054334229167 0.155633942721979
0.0292534716465946 0.0430105332314485 0.230167197066858 -0.0522223366972559
0.015739480736369 0.0438219363401412 -0.106944756747404 -0.132778458793206
0.0308373786043943 0.0287822581348583 -0.34073507485117 -0.0745080373648747
0.0173356081871984 0.0246177712931878 -0.560739552836572 0.0408731477272098
-0.010129594341899 0.000952675813476234 -0.649256562125372 0.158564738861101
-0.00771503929480373 -0.0348356301165725 -0.709425478832315 0.234815233378114
0.0480500619034009 -0.0101456613267282 -0.720720347065117 0.150895882452817
0.0235357138390804 0.0304846322795791 -0.602276485944041 -0.0034228420059228
-0.0313272970389466 0.0023626439735319 -0.242987917348593 -0.0952909197245974
-0.0142898106509509 -0.0299092235975523 0.0958105215715235 0.168251301882484
-0.0065516509430577 0.0449077893547558 0.466024218561047 0.404513701522832
0.0916977645908661 0.090414593530689 0.601717470818388 0.427354573949473
0.0927629228204677 -0.0137003811788846 0.65893827021463 0.515102499636813
0.00746770896044146 -0.0139958068081408 0.688886667422649 0.41130264599766
0.00595879833731353 0.0474048613964055 0.523301217106705 0.144613370334728
0.0598342143273495 0.0739920254126491 0.241107606867944 -0.0346261553791044
0.0562468433176186 0.0758779658399114 -0.0904403462097138 -0.114316628914697
0.067935478049329 0.0539316100591155 -0.325764306451133 -0.0634154388583727
0.0381421787363621 0.0361372331928084 -0.559980528313236 0.0307426547116994
-0.00377121515885282 -0.00862816234263166 -0.660190183398407 0.12584723366107
0.0155424607412825 -0.0689621504516572 -0.725473058951457 0.188796703350944
0.105836311144247 -0.0087029213243075 -0.727108820948654 0.117576058123037
0.0361014231004694 0.0659851220988798 -0.612119733058951 -0.0248366931395548
-0.056513425744504 0.00322551703570401 -0.240078248143731 -0.10263021045898
-0.0356018308639084 -0.031714446176104 0.109957951582812 0.173521718024572
-0.00483028502724592 0.0752755372087159 0.480051554922654 0.36620234422293
0.132620275130565 0.0973993759991952 0.644224955117469 0.361750113411252
0.110148614836259 -0.0344760819973323 0.719127124699098 0.407501964502288
0.0101138097292208 -0.0124593859733953 0.712359904995773 0.320519914616468
0.0222846388146808 0.0625820233588478 0.532291316853945 0.120428068205279
0.0861688794713726 0.0929985502875562 0.263260085284414 -0.0145194492596999
0.0872083043618977 0.0976234818652929 -0.0578141183936146 -0.0857923922321568
0.0937614384708997 0.072715064090013 -0.297247752390773 -0.0501219582596085
0.0503158684633531 0.0456030927752599 -0.549669991969128 0.00450371847036469
0.00200720493730714 -0.0173671326041452 -0.676402659985139 0.0561748491519084
0.0438670874320153 -0.0902035847348568 -0.751169316730658 0.0860059748034834
0.150215301854928 0.00722790008915545 -0.737082917588841 0.0381904009816556
0.0341254416078898 0.0969283514848429 -0.621144956228627 -0.0724119718586105
-0.078246134148341 -0.00565601550961687 -0.234812237921713 -0.113322791979192
0.0964603478772103 -0.00172804842472649 0.150511927168768 0.139647384750507
-0.00858538251172762 -0.148372170039853 0.54606366698024 0.213760353294888
-0.149260817456133 -0.0471120509070023 0.727030535548922 0.0924541367256222
-0.09480021267587 0.073434547851793 0.780726277979044 0.0433831870002568
-0.032502622070077 0.0105787070000617 0.734588792941137 0.0331984831137722
-0.052985434493035 -0.038974107978963 0.558661112116835 -0.00934482061679677
-0.0784704208859854 -0.0771001551467942 0.317513220670089 -0.0271115720435237
-0.117766302549488 -0.0988429449526264 0.0377867873957778 -0.0434478148809289
-0.0943796983866211 -0.0969627228243427 -0.193204425471762 -0.0546640739438424
-0.0443971368163379 -0.0511991646145883 -0.483514299911966 -0.113596953386701
-0.0389991689858149 0.0222904266940384 -0.663334054412996 -0.184143293456969
-0.138288494476347 0.0524775911684151 -0.738578670181923 -0.244965356573314
-0.180955094366712 -0.0909969899475497 -0.705556401282147 -0.251909784903665
-0.00642919335510181 -0.142866673870781 -0.583267272704661 -0.234964551888681
0.0729399816884325 -0.00407331528905473 -0.218171873681691 -0.1334731061111
0.0962517708340668 0.0132635796596785 0.132634384281818 0.144188120770681
0.0203539188902495 -0.14264770294359 0.531089011369734 0.274521739518458
-0.129477059847826 -0.0716125197439971 0.699273244952163 0.211885001040622
-0.103874525954715 0.0526318197342362 0.767802916249052 0.210211818387711
-0.0371417704762988 0.00458705173010725 0.742143710141616 0.163672397415371
-0.049948813710337 -0.0406354245595383 0.553033744177297 0.0354669552025635
-0.07331076912723 -0.0729218798072348 0.285119360476285 -0.0415355400935366
-0.116199324068874 -0.0898882735687353 -0.010133285786807 -0.0785315847013944
-0.0969966352005339 -0.0845911890346187 -0.238691312195508 -0.0749060140324531
-0.0516065972604039 -0.0424182748258384 -0.51174167205581 -0.0763428642550903
-0.0346179135787762 0.0239931564751933 -0.674801274653639 -0.0693553565129181
-0.111928779844182 0.0666310447173578 -0.756207373260273 -0.0778463475459505
-0.17453152504939 -0.0511055973390819 -0.735692979455431 -0.121785699424042
-0.0265755522920296 -0.12593101344591 -0.594523283033951 -0.164169558947573
0.0654478854414395 -0.0124793187753692 -0.226810064277126 -0.119328375555551
0.0842420714885996 0.0211811687236611 0.114637561343328 0.145908500010392
0.0408588566261222 -0.116348901123124 0.509674149239289 0.333673972286342
-0.0874270136693316 -0.0742969885027176 0.654700342789288 0.312529810411973
-0.0881717392182022 0.0252087946850175 0.72124343492688 0.364576804948894
-0.0351940053630494 -0.00507183536804618 0.726748317795933 0.288655125898138
-0.0420178728862156 -0.0358480571179128 0.542554479958407 0.0807770496133342
-0.0566514714172936 -0.057011218282624 0.257091472549902 -0.0543493361067788
-0.0987653011810697 -0.0656037503024282 -0.0546829318502806 -0.108897836905263
-0.0817014524566153 -0.0602537018118851 -0.282177684640202 -0.0845028763259727
-0.0473044928441706 -0.0248776588022664 -0.534701286844746 -0.0307199529666499
-0.029079561894421 0.0233450122283973 -0.668022143306163 0.0360026335262121
-0.08007567438926 0.0606750094191401 -0.745128648691232 0.0714600647163576
-0.136677004032243 -0.0174705854098972 -0.740086688207001 0.00252804551927485
-0.0321196700533702 -0.0908719667262324 -0.596127243969801 -0.0923516509150721
0.0458881433859087 -0.0162886871981735 -0.235104859008401 -0.104900694989129
0.0631512554171991 0.0178700928128971 0.101417403315474 0.147359888787459
0.0426099281338223 -0.0769253687494376 0.486840496421374 0.3838245085983
-0.0383777196005111 -0.0485162521493559 0.613094653945515 0.390318732983624
-0.0494598071988779 0.006007343633042 0.663821496480535 0.481296807864689
-0.0271528650120759 -0.0129533040775056 0.698843207305223 0.387620416859038
-0.0310251631220405 -0.0221456186039184 0.53146887629774 0.117860614177729
-0.0316461588200635 -0.0295479154212254 0.237717470759446 -0.0628656505401818
-0.067163694418816 -0.0322764160730372 -0.0890466246713401 -0.128703265810704
-0.0512198250370255 -0.0310163776587623 -0.316797537855646 -0.0837418092472517
-0.030620833016365 -0.00607692724004944 -0.549110532784502 0.00909538213277184
-0.0223979971954401 0.0193626233656641 -0.654150418539231 0.115906822321197
-0.051386514465148 0.0384307418602747 -0.71799146861553 0.18104219544968
-0.0794753792674294 -0.00303627231675539 -0.726141004459772 0.0976963194212657
-0.0215781464293586 -0.0489875746413893 -0.594005182799507 -0.0354080282327763
0.0221973974492224 -0.0117443459457531 -0.240146538796586 -0.0929253213525675
0.0382590702434066 0.00220967586301557 0.0935045151124572 0.150316207008726
0.0274987683861543 -0.0367980020090234 0.468442256748589 0.409487210709316
0.00586686249122081 -0.00113519779963271 0.58204067193872 0.434743716187645
0.00128681143807848 -0.000454545351973002 0.624392372487087 0.541650092812167
-0.0140589166378807 -0.0159845120534205 0.67533056606499 0.441461408246516
-0.0203866495492718 -0.00134424497622319 0.521523937221564 0.139839569366644
-0.00226999032117503 0.00477064190699113 0.225781859203846 -0.0633316898082765
-0.0267581159364851 0.00556657184162759 -0.107671778071849 -0.136239381258759
-0.0113482314220431 -0.000159409680734666 -0.335956238710194 -0.0785105620720658
-0.00643590566607985 0.0103844628382607 -0.553883275186551 0.0379996781811398
-0.0158865780626621 0.0111945916732822 -0.639173511391121 0.159740740925193
-0.0281908418945126 0.00365444051782756 -0.697731978769032 0.235292134277008
-0.0158490752270678 -0.00415352290220058 -0.71149521913262 0.153373133119661
-5.68601839578201E-05 -0.00854533762885453 -0.592475584792278 -0.00104185774899713
-0.00374981808443942 -0.00406078686129065 -0.241419490851853 -0.0884745996600617
0.0120346217301773 -0.0157037877785011 0.090022769069062 0.156568458209755
0.00610194270348847 0.00488129172690216 0.461971141819049 0.415505772130787
0.0475370014413846 0.0510125329639222 0.576927577929436 0.443266233573894
0.052744723177021 -0.00322806788762585 0.620541770979837 0.552091420255968
-0.00072291962287812 -0.015939095606337 0.669843587649304 0.442380627171516
-0.00760861212452356 0.0236468106483959 0.516495271575852 0.146306639479994
0.0286090439138036 0.042082869255039 0.225980739138949 -0.0551752933618206
0.0166660056111385 0.043342587351277 -0.109369770901921 -0.12983572426233
0.0304268623769474 0.0281007324049766 -0.337957937114421 -0.0687683686617265
0.0179189941468702 0.0238850350280352 -0.556364544707171 0.0488839344840149
-0.00945518782458913 0.00148725309610056 -0.637513872010994 0.165461966917568
-0.00763844911006702 -0.0344599227558277 -0.694869612828091 0.239995533159451
0.0470152484868278 -0.0112140747120227 -0.710452398546628 0.159739148540739
0.0232211092073041 0.0296797054116381 -0.595328023409577 0.00379525644524661
-0.0307697615369237 0.00311173114660727 -0.24126910243172 -0.0901368665269952
-0.0142098384162149 -0.0284192470273813 0.0957936229507261 0.165083301384422
-0.00721330399234899 0.0442195628621061 0.466985217361874 0.394677434147388
0.0911965886810866 0.0875126474064686 0.599651152278759 0.413909159606206
0.091280900221027 -0.0141903124446412 0.657682081444148 0.499533916925918
0.00622176831893392 -0.0138430240933751 0.685845959839018 0.395485407375637
0.00649252162897796 0.0465464265914472 0.51933804653592 0.134613168094203
0.0589258581527727 0.0717685148541056 0.236894534120074 -0.038118618420543
0.0563832684671645 0.0740765419948933 -0.0920256412657329 -0.112206297414474
0.0677815743457978 0.05197236945092 -0.322160804147004 -0.0593841387425558
0.0382572220848164 0.0354771147890451 -0.551766719513665 0.0377648404860854
-0.00434454863788483 -0.00847826888250627 -0.649481191202993 0.13397620257215
0.014181988605332 -0.0685242293949211 -0.714235749924763 0.194767670637072
0.104658822666387 -0.0108285377208106 -0.717566983953504 0.125017681365153
0.0378343257490306 0.0650943474854745 -0.605330997256093 -0.0182354450261871
-0.0559200473917712 0.00466363148063507 -0.239386322753886 -0.099236709413197
-0.0357641887113506 -0.0304538441760589 0.110266541292004 0.170905139745359
-0.00420754737081008 0.0744279697589484 0.479852368703816 0.356403481710455
0.132718646862016 0.0940054170810608 0.641686863850728 0.348282280382958
0.108337063287422 -0.0357099846079811 0.715610585463357 0.390818434528822
0.0100062408137433 -0.0117827019926767 0.707548192390548 0.306735881116385
0.0234284315955324 0.0611709044743414 0.527219587504381 0.112083456201241
0.0875259727318442 0.0902034906006761 0.258743109416922 -0.0178921417006367
0.0870994757389327 0.0958905005045347 -0.0594935697372874 -0.0838680126674492
0.0935326764941508 0.0706579430990322 -0.293895731178839 -0.0461025615281663
0.0501724154460058 0.0444603508880796 -0.542914658385287 0.00993420992475347
0.00130008999247593 -0.0165446625788954 -0.664996324051182 0.0629501592935435
0.0425548846483896 -0.0896438863413075 -0.740541678429772 0.0923503180401628
0.14941571601718 0.00511050042839806 -0.727500708500098 0.0474943581917749
0.0354529106862167 0.0945978427586165 -0.615098750224395 -0.0637637536228988
-0.077353153142376 -0.0046452624033235 -0.234107521904791 -0.109331500336262
0.0947181643549554 -0.00372938861331014 0.149452968922677 0.136934002315482
-0.0100021942110875 -0.146648600931291 0.541141127858099 0.205749189691799
-0.147909644764149 -0.0457736270243125 0.717046056487766 0.0867966303158255
-0.0930087432319668 0.0741538084478953 0.771735903099175 0.033877171896018
-0.0322893122243818 0.0113248011643213 0.723788582153015 0.0254569116499859
-0.0518673750037234 -0.0382395590830839 0.550131463716821 -0.0143900148977953
-0.0784924241181103 -0.0746677723591466 0.311861904700938 -0.0300733173522963
-0.118331855631784 -0.0954589253807831 0.0366511664673248 -0.043320123089705
-0.0940229210282749 -0.0952094641786421 -0.191882771565414 -0.0537758629037719
-0.043588827458178 -0.0507476763798529 -0.478661345500359 -0.108187633902241
-0.0373618253365965 0.0228143927007489 -0.65630619512568 -0.173005992057534
-0.135913824539137 0.0541968782025427 -0.733571039292117 -0.233027289181538
-0.179257067278687 -0.0873907277763348 -0.698832392297677 -0.241566496200136
-0.00811287667120124 -0.140621534005893 -0.578284192673193 -0.224890031560072
0.0720267700699555 -0.0037773034463545 -0.216099819680025 -0.130884590948734
0.0948576492690089 0.0119843400164699 0.130452156819938 0.141732012971585
0.017863404989591 -0.141881149312506 0.528858765336432 0.266285628356941
-0.128717730132882 -0.0696832544851971 0.693167486923343 0.200059976445644
-0.101228565839223 0.0534178059178955 0.759134615221312 0.199619812390353
-0.036643960719158 0.00568608653523067 0.734631668592403 0.152192953121655
-0.0495146298573266 -0.0395193412330749 0.545581473685301 0.0295659106852255
-0.0733639711669335 -0.0711727107716029 0.280815137612213 -0.0439430569264776
-0.116143859395052 -0.0865174836085271 -0.0117185448484752 -0.0778169230387755
-0.096611439480351 -0.0830216240438787 -0.236282983483515 -0.0727797447771192
-0.0513111847589656 -0.0415061815021716 -0.504748585286781 -0.0697285966366879
-0.0331101309344544 0.0235835612925464 -0.665118847990678 -0.0608329562601191
-0.109687469625976 0.0676168190957144 -0.747830912678987 -0.0690087117439269
-0.171985299578278 -0.0482433403867606 -0.726672504737242 -0.114507346685378
-0.0272300331463886 -0.124189513710522 -0.587488075573002 -0.157535911493689
0.0649478988735603 -0.0136206799272626 -0.225616896720555 -0.116253160859005
0.0830423194562815 0.0208778994237015 0.114371384052701 0.142902075912963
0.0387169704368362 -0.115566759959526 0.506673318622858 0.325147762228115
-0.0864712019829699 -0.0726602780853098 0.651837135702435 0.301577910589853
-0.0865258712797705 0.0266076562706784 0.71644122182871 0.351985060619925
-0.0354047858047757 -0.00432296568753987 0.720637154638866 0.276566705857769
-0.0413374904384195 -0.0347944535518726 0.537000562004429 0.0745375559240892
-0.0566915006596064 -0.0555553135556955 0.252804421398393 -0.0560014364958898
-0.0991684809327995 -0.0630621002298368 -0.0554873044266003 -0.107372035887548
-0.0819430556292295 -0.0597013591485773 -0.280459894193177 -0.0810505585208877
-0.0462598866761916 -0.0241133582123519 -0.526566883210855 -0.0251693758198445
-0.0282216038639859 0.023395253688499 -0.65869579787395 0.0423251446538239
-0.0784216485814731 0.061757370654918 -0.734320840357698 0.0790522182444163
-0.134433601652048 -0.0154035870799907 -0.729695543719348 0.0100004796056637
-0.0330765189385353 -0.0898079924486282 -0.590735505250356 -0.08465835241488
0.0448342535138446 -0.0166271753069769 -0.233633370604745 -0.101709643578371
0.0616308546493465 0.0174332664299012 0.100398641232973 0.14505733337127
0.0407118260419304 -0.0774101806981079 0.484057348288594 0.373678521954652
-0.0388199410306613 -0.0478596812854773 0.609213033692376 0.378771867904455
-0.0486872976557309 0.00676611732813929 0.662156658628181 0.466943300993336
-0.0272679067853567 -0.0115844466255394 0.693314474908178 0.37548623472754
-0.0310026232391494 -0.0220831390422372 0.526231185134234 0.110878180254948
-0.0310229665820388 -0.0292118850225641 0.232518466512117 -0.0645370632241287
-0.0672311396191127 -0.0309344557212484 -0.0901297965595441 -0.125948816391803
-0.0518440730950209 -0.0300688884431744 -0.313760166944202 -0.0805473423850958
-0.0300804923692694 -0.00623057991448921 -0.541661737397674 0.0145334605261113
-0.0216492104917627 0.0195883436467157 -0.644224359373816 0.120824100193848
-0.049871694502188 0.0381150449076373 -0.706462567549006 0.184250754274536
-0.0777458013023236 -0.00169157364015099 -0.715867040201081 0.104341682110545
-0.0215541084000082 -0.0487254020115089 -0.588336641310211 -0.0301929967641364
0.0211342880943041 -0.0122477021675041 -0.237866608888145 -0.0891303075091731
0.0370975967025078 0.00264195124715728 0.0918854159115016 0.147869180479794
0.0268190080369374 -0.0361838766798355 0.466918581390906 0.400336903600083
0.00576732978186453 -0.00177531137356356 0.580448140186581 0.422665598848667
0.00142992354205082 -0.000481332535620597 0.621521799257836 0.529201952353657
-0.0139762584404429 -0.0152993233019255 0.671484016965422 0.427540279132132
-0.0196096196364834 -0.00102028385888583 0.514310484816789 0.133256318112816
-0.00249167111286584 0.00441257598571671 0.221355674892861 -0.0652770722285857
-0.026518509854593 0.00663719327019437 -0.109473385835123 -0.132867781438652
-0.0122929211628891 -0.000448112068357032 -0.332546423291392 -0.0746925511171139
-0.00633433759052998 0.0101536015748087 -0.546138390823563 0.0437980205711176
-0.014978664689196 0.0121751999548479 -0.629341859612575 0.163531801733684
-0.027716747856173 0.00442863609198055 -0.68639308400091 0.239940998507974
-0.0157035998182936 -0.00382088165508358 -0.700303079264853 0.158471982954941
-0.000179507024741111 -0.0086776710090705 -0.58457048233749 0.00481848179115404
-0.0046034865063184 -0.00373584599451983 -0.238762540566669 -0.0844969946840752
0.0113820867532385 -0.0158412069759905 0.0890770335661246 0.155648888020619
0.00563771704799428 0.00460820697082826 0.460619069911484 0.40612075648749
0.0470888938158063 0.0496372966285948 0.575283940211113 0.430788791029291
0.0515803317000181 -0.00417113570205735 0.620439355921258 0.537639916582367
-0.00166090188459669 -0.0147335701691715 0.666727279754016 0.430038413678184
-0.00785326902360173 0.0230421687053316 0.511581085199037 0.138536298033253
0.0286159445872269 0.0406016052123638 0.221065157174803 -0.0560030277607895
0.0162280215393123 0.042635525843016 -0.109363040260372 -0.1272003978821
0.0292031848883389 0.0272482756462362 -0.334253576511985 -0.0655240243954942
0.0179477287565791 0.0233043222098069 -0.547062766513269 0.0533533434381489
-0.00970373558879301 0.00159643135957145 -0.627577564605034 0.17049324481035
-0.00917427296691488 -0.0336842237202725 -0.685102522265452 0.244039094820988
0.0470444251836414 -0.0115879204431185 -0.698373828436929 0.166026473515077
0.0228503579927658 0.028730848232714 -0.587417416802441 0.0112369575776813
-0.0291779366889083 0.00428547373819894 -0.239287471918517 -0.0875891852459244
-0.0154124767774098 -0.0279698721498768 0.0948873766270019 0.163350808695179
-0.00693237450261787 0.0440546053690722 0.464689978212888 0.385377381507415
0.0912899257188077 0.0852730255662208 0.596951950409219 0.402569404419664
0.0903263518079848 -0.0157226206927901 0.65525322593828 0.484811095981858
0.0064519670077866 -0.0129696743080145 0.682303019247283 0.382434982970309
0.00654891304246592 0.0461400672352875 0.515179780272907 0.126328228931245
0.0598608409448679 0.0698437276479285 0.232340398640211 -0.0402158819979924
0.0565443785562091 0.0738777491159761 -0.0917481684642399 -0.109512210789341
0.0669294751651861 0.0508961440886358 -0.319223934249896 -0.0553541070059049
0.038565265291269 0.034165887358632 -0.54328197478707 0.0431516418790162
-0.0045547801279228 -0.0081776447055427 -0.638863790784654 0.138402541860166
0.0137010554082515 -0.0674164890905159 -0.702972926783506 0.198201630065835
0.103826947490967 -0.0117744731733773 -0.70626675956723 0.131810285229121
0.0376434327187504 0.0638606440435309 -0.597389307366076 -0.0099776403139244
-0.0551079166241288 0.00519518712105394 -0.237280368907563 -0.0950001484331
-0.0355987236734036 -0.029222226878832 0.109381877850352 0.168600277216493
-0.00372595228383361 0.0737588374459271 0.476988135860155 0.345834408402639
0.13154844639369 0.0915273441867764 0.637843431228194 0.337027819969219
0.106193655718899 -0.0362408839328121 0.711204393556802 0.377786706261594
0.00927538809812749 -0.0109798762410436 0.701080430435321 0.294776305251982
0.0243002064461679 0.0606754635517987 0.521876592843019 0.104978257260398
0.0864337920348494 0.0877398046414405 0.254634532982483 -0.0202124290775554
0.0873917802208948 0.0940823485341891 -0.0596774743094178 -0.0816005250660508
0.092323218167441 0.0685940980071663 -0.291084116280837 -0.042752994310124
0.0495204160342127 0.043218220575791 -0.534965967475081 0.0165146546577259
0.00110470994029636 -0.0157224119369762 -0.655492940895811 0.0700279718842187
0.0405745176726315 -0.0882856655768789 -0.731486742358102 0.100141332356537
0.148437901507084 0.00397460541529189 -0.717611445401661 0.0544065365373045
0.0357099970621692 0.0938637626258515 -0.606492470964991 -0.0556279732572803
-0.0770461427683688 -0.0030113857754263 -0.23147827984527 -0.105606921913667
0.0928912677437995 -0.00318558178497248 0.148061399273744 0.135018674071137
-0.0123402442642106 -0.145494415963801 0.535704974882397 0.200186534351283
-0.146130578839006 -0.0443663850627655 0.708882350863518 0.0802785739403994
-0.0905435910748227 0.0741918526023362 0.763557655809202 0.028210579943004
-0.031554614672992 0.0112624337378964 0.714352840791362 0.0194767309489908
-0.0508302018497396 -0.0374503334151473 0.542385590439833 -0.021012112521874
-0.0784276029160483 -0.0733716325459729 0.307103567024147 -0.0315680324517024
-0.118299922633149 -0.0931728496027284 0.035038181086452 -0.0432147964323421
-0.0946625025527531 -0.0933435604181216 -0.189301136918574 -0.0517423595563318
-0.0437859111149258 -0.0499985345262012 -0.470694149420453 -0.101741009280392
-0.0373600282952871 0.0220803023092971 -0.648586802002662 -0.166240792022436
-0.13356578092657 0.0551867104806504 -0.726108757608727 -0.225567871164227
-0.177081904465907 -0.0850773648061573 -0.691484784384577 -0.233501670310414
-0.00941496968839309 -0.138950197252913 -0.571769239159483 -0.220748390284779
0.070713886148565 -0.00437508082110825 -0.214070472441554 -0.126834156838877
0.0931713670705069 0.0108253518078378 0.129142652057038 0.139515493950183
0.0163322418987161 -0.141001606517713 0.522323692028205 0.260034269241772
-0.127814795161372 -0.0683196951791397 0.683306696754417 0.191990114854763
-0.0994039519432807 0.0540565965314361 0.752478265253827 0.191308209387633
-0.0358985952525762 0.00612669441306106 0.72447450452797 0.144955241834846
-0.0484920094829379 -0.0391802151200742 0.539328043876526 0.0249603872768395
-0.073528845667745 -0.0694892670028459 0.275477625792611 -0.0452184500620111
-0.116517039219509 -0.0842702264504068 -0.0121290142185167 -0.0771718174643003
-0.0962474578059474 -0.0818873283372242 -0.23395983034943 -0.0705382862971672
-0.0504968677586242 -0.040657070532747 -0.497638093389499 -0.0651702548588361
-0.0324915129260255 0.023924295858673 -0.656115858614729 -0.0551659811526647
-0.108218917666357 0.0674616827589045 -0.738549552786094 -0.0630519146810658
-0.171112952881222 -0.0461670040495786 -0.718842059683306 -0.105609382800219
-0.0284799271563677 -0.12236203968117 -0.580364310259255 -0.15051266083102
0.0631396926321398 -0.0132914591521263 -0.22315490799257 -0.113550997689313
0.0811384237741422 0.0200294492973706 0.112488427275344 0.141063752756981
0.0373784625220809 -0.115183529383651 0.501759785423247 0.317757632809289
-0.086444794438547 -0.0720675125178693 0.645987344089195 0.292617110272498
-0.085327703645803 0.0271579921155235 0.710569267201458 0.340775842632399
-0.0350474983189612 -0.00349317812142971 0.713931486835517 0.266943866867198
-0.0400212779658603 -0.0346278567262654 0.53048310319412 0.0685358642316513
-0.056599175061065 -0.0554449555064312 0.247121745736716 -0.0577178472205361
-0.0981280517336214 -0.0615290096053036 -0.0566498558688839 -0.105220904639506
-0.0817936873519774 -0.0587905860554776 -0.27681183676062 -0.0786549627496535
-0.0456777708051689 -0.0235458894337 -0.521001592067801 -0.0211818626854142
-0.0273082555970051 0.023014237947448 -0.647728684323686 0.0481880946074711
-0.0766912830469061 0.0616883309528445 -0.723987481006409 0.0839523346625578
-0.132412965132889 -0.0146729740172315 -0.72065740430734 0.0161048090226991
-0.0328871337787009 -0.0883595704403465 -0.58310619351468 -0.0806953827352176
0.0450837773536787 -0.0169613936374209 -0.230837782315871 -0.0987013021057083
0.0611059550703967 0.0161962788520379 0.0988980008628049 0.142784554928775
0.0390875330790867 -0.076691304709641 0.480542182806399 0.365562582527427
-0.0384200821915956 -0.04719874398043 0.603904640087043 0.37006112493673
-0.0486151479387357 0.00681235899665561 0.65829513903856 0.45577672672935
-0.0267903337511827 -0.0109208941852334 0.687416163844113 0.364120016654166
-0.0294476791987179 -0.0209760737655981 0.520621106216449 0.104418401885109
-0.031097322396498 -0.0290154173328217 0.228524594069554 -0.0658957921854416
-0.0671974977807938 -0.0291752969645297 -0.0907439749716083 -0.122987767256968
-0.0512045645479054 -0.0292537602282947 -0.30995431304596 -0.0785391656916041
-0.0290399530804881 -0.00578433630452422 -0.533025122761155 0.0194123426684354
-0.0212173061056187 0.018985845962652 -0.632794074705743 0.124668496629177
-0.0496260771388229 0.0383607075463637 -0.695279590481445 0.188151950627449
-0.077203945861152 -0.0013423161471971 -0.706360623912482 0.110665933412298
-0.0217753240263654 -0.0485919211596344 -0.579092411425121 -0.0257994278966187
0.0210353483285432 -0.0111992333031548 -0.234649373873006 -0.0874675797452862
0.0363755339734424 0.00229712956132328 0.0908429823314807 0.146155832545652
0.0252322600376482 -0.0359931867484322 0.462884601748795 0.39320334265171
0.00502842121317021 -0.00163956549205604 0.576292277820649 0.411882834884044
0.00181144444724443 -0.000708069026851637 0.618039141504026 0.514323902482074
-0.0137124544318874 -0.0142594517272493 0.665812663307465 0.414691277471952
-0.0186448685905898 -0.000507378717221778 0.509991896409195 0.126696646791276
-0.00181397218533381 0.00457598239418923 0.217598379312652 -0.0658749010960177
-0.0267631221786869 0.00675984492765122 -0.109418259593417 -0.129554950929196
-0.0118357102379154 -0.000253298853112744 -0.329007526481625 -0.0717756010516413
-0.00601698225740767 0.00995953967355743 -0.53702831731589 0.0467993057153187
-0.0150108094805824 0.0118900765248746 -0.618452581048045 0.167519942891807
-0.0278679507627427 0.00434190815112497 -0.674230377203686 0.242686770659644
-0.0152594410806279 -0.00397872417483494 -0.689970380284526 0.161773347851445
-0.000347768071608912 -0.00828830314096602 -0.575995956710131 0.00853297312621383
-0.00395577379813966 -0.00270369424901505 -0.236284356294422 -0.082046682700344
0.0102462025821594 -0.0157637883535598 0.0877031406367975 0.154006108973027
0.00547559812043678 0.00402906698499194 0.45713835900057 0.399792984644742
0.0466598416390064 0.0482339726729271 0.572111742550593 0.421051828622043
0.0513720404849264 -0.0044639309900682 0.614558311951223 0.523112927067812
-0.00149852499298148 -0.0145321736761176 0.661832295697968 0.416799256378206
-0.00737527400015753 0.0232918951056109 0.505294467789667 0.131762447867485
0.0288089946227224 0.0393895576758574 0.217329981217734 -0.0572887403473267
0.0161177223792485 0.042931094881178 -0.108929612026814 -0.124752712284948
0.0289297282370173 0.0264908109410119 -0.330859834735849 -0.0616385512950499
0.0185458969077687 0.0227651133380549 -0.538598233404619 0.0564348820375242
-0.00919835596752516 0.00212644074957591 -0.617004763257508 0.172824898687616
-0.0088918939145961 -0.0325129046278968 -0.671682824334663 0.24737805196652
0.045758599665378 -0.0112053420969616 -0.686518306243304 0.16986081269107
0.0226443430777513 0.028102460383573 -0.580794452528901 0.0150945978394534
-0.0294794227997406 0.00480650095751461 -0.236267806946219 -0.0840465745257481
-0.0150813609965312 -0.0278491783308593 0.0942153132700019 0.161010842213177
-0.00728511832143342 0.0428894992439535 0.46207172904746 0.377664857515437
0.0905146180592584 0.083203001096365 0.593357068342164 0.391723115554882
0.0887070463936619 -0.0157760494386035 0.650401372364568 0.473857113930213
0.00674737247872105 -0.0120672715227079 0.674942648932056 0.370202386725438
0.00734086263062013 0.0455591175596949 0.507488193878799 0.121015583582601
0.059155707045348 0.0683607648421132 0.228570136784716 -0.0415282033056063
0.0564473925017757 0.0725128088792391 -0.0925416657393226 -0.106926000975736
0.0662459157201114 0.0500279201159663 -0.315617087838854 -0.0527709000002551
0.0386312825607965 0.0337201897900451 -0.536280681410742 0.046377638001177
-0.00485398266090146 -0.00794961169054433 -0.628619602564101 0.141043244355893
0.0124394383566608 -0.0657294819265704 -0.691203086397734 0.201786152312189
0.102838897240125 -0.0124013102435173 -0.695455532626165 0.134963800271182
0.0375130538815992 0.0629813000161563 -0.589219985289378 -0.00516028988945642
-0.0540201315243878 0.00663133657743686 -0.234123058365878 -0.0928789911870229
-0.036055398096378 -0.029193879653265 0.107675070935094 0.166452900477452
-0.00388896077627147 0.0721543132894225 0.472943594396795 0.33877721357501
0.130849330709539 0.0894490870617114 0.6332177095839 0.325881402063677
0.104711789455488 -0.0364308851233034 0.705312238755079 0.367810894016318
0.00911643571315404 -0.0111671609977479 0.693261187189324 0.284359385565333
0.0241442045181744 0.0599349625981691 0.516248464476395 0.0988998829304928
0.0865757349457472 0.0854685790478814 0.250713034775022 -0.0219744657331133
0.0872234983193617 0.0927756482224163 -0.0609266540009552 -0.0808212001690646
0.0914806327841599 0.0677032263844556 -0.28695153358989 -0.0402675771552277
0.0497689872517233 0.0423774303933852 -0.528013617103981 0.0191819723658614
0.000416453785111885 -0.0152027899800256 -0.645204469564831 0.0728628567457409
0.0391831234230716 -0.0873089695968771 -0.719819314519137 0.103413413151089
0.145938870490776 0.00242417414615182 -0.708549440527127 0.0601901935086533
0.036008136191386 0.0916257622552622 -0.599883565601446 -0.0508013721806256
-0.0764884713533544 -0.00206892453034966 -0.229586048220031 -0.103465881713964
0.0909136465631331 -0.00361420215144338 0.145572332764009 0.133043179849466
-0.0127718538594081 -0.14444378313066 0.529469386585954 0.193688941619077
-0.143734355918269 -0.0430077886813605 0.701330927195304 0.0756661935443114
-0.0890424659430436 0.0738015215109405 0.753745651793348 0.0226616880979075
-0.0307022107393135 0.0123146452717448 0.705246576266399 0.0149429475529636
-0.0498329525439028 -0.0366827605248681 0.534687645273636 -0.0216698460595238
-0.0778330561502236 -0.073449352774906 0.302562964221797 -0.0325125481528126
-0.117571880387311 -0.0912771870788244 0.0334020001238859 -0.0431227209590166
-0.0939535011912462 -0.0920106760947549 -0.187618511680435 -0.0511506886711918
-0.0429592517077433 -0.049509205528482 -0.466102590622346 -0.100309330774067
-0.0353916216105438 0.0217377676443705 -0.638361947427824 -0.160215076302689
-0.131751116385065 0.0553173794394184 -0.715672123715477 -0.220197156958688
-0.175806502533028 -0.0829476078523767 -0.683982181878227 -0.227207039317572
-0.00939071001629227 -0.13674352582205 -0.566010377253928 -0.213302319242805
0.0699784689073047 -0.00419647731478428 -0.211211563049494 -0.124759523013186
0.0913618147594531 0.0107246088466107 0.127292781848745 0.138121881209792
0.0148428018158938 -0.139034624976198 0.516709854228622 0.255208585382421
-0.126299658211676 -0.0672062012638743 0.676958288905308 0.185567310794275
-0.0976410992590099 0.053947920417029 0.744659863437626 0.183862470193871
-0.0358557182999814 0.0064698694169588 0.718850219176946 0.140043899350575
-0.0469115923698317 -0.0380751479911774 0.530359494995635 0.0219735820197125
-0.0721447262287912 -0.0690890811351938 0.270707193486115 -0.0461624843927716
-0.116110024064202 -0.0820641501060044 -0.0118605478320219 -0.0751298439487369
-0.0964415883472558 -0.0805126951049724 -0.230101165409099 -0.0693589378140364
-0.0499480812139449 -0.0403753597665166 -0.491219163820711 -0.061579075291595
-0.0319991127646455 0.0234193835453998 -0.646896367359005 -0.0525914312334262
-0.10623141383774 0.0679275332229676 -0.728320023406593 -0.0573608393737037
-0.168728361874853 -0.0442756773425538 -0.710735961794797 -0.102620849162392
-0.0286077201415747 -0.120909841204847 -0.572697023814889 -0.14694051426022
0.0622306281077141 -0.01315803895808 -0.220224407281162 -0.111168592479064
0.0802980154429759 0.0193985640744971 0.110513983533714 0.14022401614552
0.0351813665862815 -0.113987057638679 0.497175948849974 0.313367140393053
-0.0862850595048042 -0.0718752126800844 0.637863958154817 0.284769241448299
-0.0834615664087905 0.0270025057043331 0.702555919551603 0.331800267625128
-0.0349503979110522 -0.00256868786334101 0.705995502491664 0.258704938016579
-0.0392989764979784 -0.0337029117312561 0.523403831239639 0.0655163114023174
-0.0561703123199241 -0.0546860487977448 0.243214950125525 -0.0585143049193161
-0.0976413297896754 -0.0600060444606028 -0.0565649231884175 -0.103329222094128
-0.0821763258857233 -0.0571700197155325 -0.273286184943583 -0.0767126755971448
-0.0454640492738953 -0.0235903094715141 -0.513042897508293 -0.0189971102495678
-0.0266693809160793 0.0228164265948171 -0.638592297190024 0.0502204636242073
-0.0754990906693005 0.0613177629593688 -0.712687212654965 0.0851300491879015
-0.131406239070041 -0.0133217257602793 -0.710323820552196 0.0190129317440934
-0.0333461625413859 -0.0876581939420387 -0.574583107573391 -0.0766760527673444
0.044547319163758 -0.0159129065600806 -0.22817307779795 -0.0962172277340947
0.0597876505520697 0.0161239638000471 0.0970090390128355 0.140815296178494
0.0374253297735442 -0.0763245015481644 0.475895011257495 0.359822862033272
-0.0390779796576854 -0.0472442172253288 0.599425857752189 0.361043713039995
-0.0477493951343876 0.00783756499709712 0.65114818125969 0.445338123456755
-0.0262239703636392 -0.0105216993412639 0.679209026163319 0.353981645642075
-0.0290785283902043 -0.0210087064977604 0.51349968201072 0.100194680743894
-0.0308480963711053 -0.0290649536475526 0.224509386514135 -0.0656800528072037
-0.0663075375346005 -0.0277496529147885 -0.0911903727791915 -0.121757499448917
-0.0514205404400937 -0.0288501129211286 -0.306461083977619 -0.0764633994693338
-0.0288778621757454 -0.00522906082082594 -0.525974962080482 0.0202867235883572
-0.0211506476645607 0.0192809122627652 -0.622695360474548 0.12656431972543
-0.0488305858512439 0.0388169495225445 -0.68520591411158 0.186994558112523
-0.0753605406509159 -0.000873126156324303 -0.695604984564543 0.110572809294611
-0.022011933902505 -0.0473603572929007 -0.57225847764979 -0.0219888188967326
0.0203517842350323 -0.0118140170681449 -0.23172544439768 -0.0850684554654808
0.0353041832289824 0.00207467343591314 0.0895710078404239 0.144454690441371
0.0244626978970546 -0.0359226759017815 0.459529962317857 0.386106524845393
0.0048559228495035 -0.00225107692299322 0.570762529850553 0.404320215246212
0.00174916530618871 -0.000208097812339276 0.613989218092997 0.506271170505288
-0.0133415767490674 -0.0136897511672691 0.65899992008976 0.406328110538527
-0.0180785994631958 -0.00142296529676812 0.503159421606812 0.121279053731113
-0.00205217800502737 0.00395349170773718 0.21338424189728 -0.0655711459032799
-0.0260806326618 0.00787895557765485 -0.109412852197425 -0.128095952135557
-0.0126453149414053 -0.00107469338884099 -0.325126289723836 -0.068690335562515
-0.00608190217750942 0.0100037382481651 -0.529999341871295 0.0471718328178074
-0.0140111573477525 0.0117706640335999 -0.60934574953784 0.167958674371888
-0.0278721454246405 0.00488641211199105 -0.663182138174376 0.241294453110074
-0.0148770976940898 -0.00390568011095586 -0.67945216917397 0.160859682839359
-2.16629566330111E-05 -0.00837977417875358 -0.567842092957285 0.011294659356167
-0.00413217371211689 -0.00286994765794401 -0.233605555041086 -0.0802547579413842
0.00997509153505178 -0.0156430472075632 0.0870519252496017 0.152615938599427
0.00526655858745977 0.00347357448228136 0.45389909110603 0.391518116933468
0.0459076573074215 0.046942256722696 0.566069204897567 0.413219656110366
0.0508874779385578 -0.00438763533661886 0.611318128207874 0.51392239123971
-0.00147407219973557 -0.0133390577747807 0.65506428117604 0.408584420707395
-0.0065616560240276 0.0229819453905635 0.498211102218297 0.127249065559859
0.02840736472617 0.0381670519022851 0.213705580044878 -0.0575017487064955
0.0166716523957794 0.0425516038344863 -0.109350949618583 -0.122079905000843
0.0291139468126401 0.0259288136585902 -0.327063482744694 -0.0603620938047001
0.0182717193710986 0.0221471052488437 -0.530408611089881 0.0569990197366241
-0.00881397526066485 0.0019533234370205 -0.606763398679952 0.172494820999708
-0.00926315636094194 -0.0315841307517471 -0.661448369131205 0.247564369806576
0.0455136445286926 -0.012181807169701 -0.678525994756598 0.170509334891158
0.0225215249648583 0.0277047712493464 -0.571603498746617 0.0168796072264281
-0.0286819377362659 0.00514237474427084 -0.233731473993563 -0.083139523455798
-0.0159694234660345 -0.0269971129617148 0.0926670856951809 0.159734728778136
-0.00781326792832239 0.0427740629901448 0.457275529574647 0.371475891548257
0.0893983262771433 0.0810318139497562 0.58768902195658 0.383804237052504
0.0879756754853789 -0.0156046756477194 0.645221222015406 0.464096332513631
0.00667416726602963 -0.0118046167937584 0.665707883357732 0.361308838234898
0.00790303749520894 0.0449980136798743 0.501615942391386 0.116587158576374
0.0585085566782395 0.0666229917804684 0.224673605221736 -0.0410970187539352
0.056371471874934 0.0718812174692851 -0.0927095475219242 -0.104317223659389
0.0649448497097869 0.0486048471852026 -0.31151126202503 -0.0499587232788386
0.038102593148136 0.0325553911970594 -0.52842783161615 0.0470837793826208
-0.00424709492130416 -0.00695038575051197 -0.619282324883285 0.14254864145228
0.0111107841373729 -0.0643609805995907 -0.682059192181495 0.203644281535996
0.101400715655142 -0.0133898162174218 -0.686388857324966 0.135236544071883
0.0375824132780743 0.0613136763677315 -0.582260520196525 -0.00223953018626914
-0.0534116991296196 0.00644219456843727 -0.232273802886327 -0.0904883733226152
-0.0361521581423895 -0.0280970089594568 0.106858700749706 0.164104046185005
-0.00353643111367663 0.072191348015827 0.468782251865517 0.332784267734548
0.129076230484289 0.0866967231325046 0.625502969310343 0.320484362485177
0.102442992392925 -0.036895243485032 0.696087784570964 0.356584988269158
0.00897889264054307 -0.00965034930680308 0.686159305132662 0.275148609935095
0.0243475863071285 0.0593912917107573 0.50848059552408 0.0935720786063453
0.085253177457574 0.0839218323585947 0.246914046959135 -0.021699618932471
0.0869227006989548 0.0914566905742209 -0.0606376678793265 -0.0786399492316776
0.0902865241600962 0.0661006341620909 -0.284146236282138 -0.038793475620304
0.0495835030179454 0.0410496814285943 -0.519916698879114 0.0217477282535135
0.000998720512705213 -0.0147524001506645 -0.636167257479163 0.0751974769705744
0.0373940444312946 -0.0858918046161599 -0.709981794968774 0.107013049305459
0.144316007831167 0.00139425950828851 -0.699407473940587 0.0624821394877107
0.0361897962946829 0.0905050440048208 -0.592227290012971 -0.0466425953488102
-0.0747329566314446 -0.00115111813717054 -0.227300074129955 -0.101040646751455
0.0896761489755307 -0.00392732320673026 0.143391919305402 0.13184751930308
-0.014027467027896 -0.143335256435296 0.523162479445815 0.190779298168611
-0.143211012783988 -0.0438239760259662 0.691655783653975 0.0730446377916753
-0.0869568609587612 0.0730701568673222 0.746268078579888 0.0190829344788708
-0.0304249124729502 0.0119635871899419 0.695853169610863 0.012619296183844
-0.0488133555060295 -0.0364624969650639 0.528839985723822 -0.0224646966060665
-0.0764913381759989 -0.0718986221814967 0.297954190015279 -0.0332182898211731
-0.116315838314744 -0.0891817736476555 0.0326867508165265 -0.043014617374421
-0.0941680579908384 -0.0913028090362436 -0.184721222141423 -0.0512561084808809
-0.041823187450905 -0.0491085418788661 -0.459574115977883 -0.0981295136992598
-0.0354474003763779 0.0216243297578775 -0.631616690335548 -0.158652630118944
-0.129991285109986 0.0557195215811832 -0.707975751007173 -0.216513112332447
-0.173161612999367 -0.0813067674807563 -0.675686428708886 -0.225224026821162
-0.0101387990317463 -0.135643209413036 -0.558538370560896 -0.211376565014252
0.0692275179418336 -0.00421932453743119 -0.209129863915879 -0.12327089978694
0.0899094977371988 0.010410777489094 0.125715628289098 0.137333706141251
0.0135404927753699 -0.13810582822705 0.508360077493568 0.250843257032669
-0.125861794545904 -0.0664753752743968 0.667582984519555 0.182464884819891
-0.0966884796893417 0.0537852011023411 0.735119825855818 0.179174561385335
-0.0345782757360689 0.00654209490836476 0.707892123053542 0.134591219724286
-0.0458331999971221 -0.0382114850382745 0.524120272022153 0.0201564811739766
-0.0720755903377257 -0.0684533080832347 0.266721857258319 -0.0458473724271412
-0.11508538507014 -0.0808485052621648 -0.0135849143720433 -0.0747548739216166
-0.096456397170655 -0.0792819689120409 -0.227562006238932 -0.0687747660604183
-0.0486984975283977 -0.0400549729798302 -0.485336780797833 -0.0615503978379486
-0.0303587615665503 0.023188808669701 -0.639226707347424 -0.0485141214533598
-0.104968581186305 0.0675637931317292 -0.721287172121402 -0.0561746659686464
-0.165675159720754 -0.0436442504955111 -0.701104196651759 -0.100792238462159
-0.0280415192178898 -0.119783797396094 -0.566884761714767 -0.14601772869208
0.0619517645613048 -0.0131887627510997 -0.217820112229518 -0.109071476795044
0.0781731311981605 0.0190366607755495 0.108602418550419 0.138158213534004
0.0344123759702139 -0.113141208642989 0.491934991955442 0.30685067348745
-0.0851930480673513 -0.070879737327003 0.631056877685786 0.280849789869616
-0.0821759440634143 0.0271828779688861 0.694955027463659 0.326617622869536
-0.0343889709561803 -0.00174405684811832 0.697469410634196 0.253245975480136
-0.0382694236903622 -0.0333973369951456 0.518066997585458 0.0634362668086837
-0.0556868116404229 -0.0540642338495168 0.240045835589623 -0.0575160531299143
-0.0977105108248264 -0.0584147252858939 -0.0570701865379728 -0.102160248349121
-0.0813777764132931 -0.056274742129903 -0.270340566768508 -0.07668640424752
-0.0446700762429336 -0.023516551687951 -0.504894219960202 -0.0187385628762088
-0.0261520068509752 0.0236434037691661 -0.630552688368727 0.0497565006086265
-0.0745419766295456 0.0611469603121239 -0.703939845313181 0.0859310803494369
-0.128965162539608 -0.0130712906023792 -0.701261209581353 0.0191272030990506
-0.0336343880616832 -0.0857180232290475 -0.568015698943383 -0.0748246784879337
0.0433503525158337 -0.0149071586193663 -0.22522086829954 -0.0955385433578789
0.0585504077220446 0.0169595670986027 0.0952826440874504 0.140002191330265
0.0364356389784141 -0.0760115479511824 0.470550041454352 0.354958191679335
-0.038302659038517 -0.0469176380301878 0.591666933989456 0.356040414336807
-0.0469167073068666 0.00802624286061044 0.645900027033061 0.436782487345354
-0.0260680629352541 -0.0102649644231584 0.671969589964387 0.346284013954738
-0.028135249759586 -0.0209814240836065 0.506629302091989 0.0974288469781318
-0.0311808267922655 -0.0288996433480187 0.220536565177608 -0.0651406448643955
-0.0663631448605917 -0.0275227233100803 -0.0904227931593987 -0.119407419833442
-0.0510439219082102 -0.0288635795604134 -0.302594017150715 -0.0743919487914857
-0.0286565595594251 -0.00556154215219136 -0.519022581570172 0.0207092127980077
-0.0201167911228618 0.0191606245922556 -0.613296772842336 0.124973872303022
-0.0477776944022682 0.039043838149935 -0.674927708041028 0.186792862138861
-0.0753248966089355 -0.000947001658300143 -0.687225000063515 0.111671038006194
-0.0215725184312224 -0.0471628440943895 -0.566211726619677 -0.0226204163353814
0.0202454201606038 -0.0110922435766747 -0.229126075168899 -0.0843987307623878
0.0344705761199413 0.00267760453927358 0.0875762136684376 0.143060064208517
0.0230370443146114 -0.0361948447493087 0.454994477185948 0.380927500439732
0.00433915940998757 -0.00283465834630638 0.565335110745956 0.397836085991572
0.00149610636934528 -0.000153981794387758 0.605651860307121 0.498598219532904
-0.0132557947956587 -0.013084907583835 0.650223269633097 0.397782671991562
-0.0176547059047359 -0.000494847203031259 0.496456376884497 0.118067786786897
-0.00214459483255982 0.00348430134961987 0.209964629877491 -0.0648925463948027
-0.0263264868974299 0.00825852906962963 -0.109086644282436 -0.125905100987911
-0.0128961678042518 -4.28008728818596E-05 -0.321655666821412 -0.0686456335180511
-0.00588426472655584 0.00932654837405769 -0.522607998902242 0.0478980740224307
-0.0145708587083044 0.0123035085847014 -0.601076003131115 0.166212231677854
-0.0270084112381651 0.00537192808962047 -0.654216097318416 0.239030921451072
-0.0140713752055077 -0.00378383331533257 -0.670065677716968 0.160985002217207
-0.000160500173430632 -0.00861845136464822 -0.561792543831886 0.0100377451922025
-0.00380019354861468 -0.00211685742097115 -0.231326808789923 -0.0798415731748896
0.00890212194946929 -0.0150411448376357 0.0847258335668898 0.150328518984348
0.00396390825517267 0.00377282219197115 0.448438421732828 0.386456151526981
0.045434007132171 0.0458688806004269 0.559804997994213 0.406179528355424
0.0502937386371309 -0.00462887978102183 0.60600740593659 0.505146320400176
-0.00132461130325606 -0.0132940781249318 0.645844110433945 0.40097051263682
-0.00595807430432751 0.0230202732591265 0.492120068123665 0.124135685497564
0.0281920577553607 0.0375139467198512 0.210664179424338 -0.0570263610060535
0.0161738005951185 0.0420926381970574 -0.109440267712425 -0.120169394625362
0.0278373152275452 0.0261470391617669 -0.322498329282367 -0.0596722941188025
0.0182076250154186 0.0214309352673271 -0.524698080106182 0.0565204851708821
-0.00916091178081621 0.00211256499970385 -0.597808646863749 0.172871033135995
-0.00958494138961445 -0.0309990883554903 -0.653104300081488 0.245874096682262
0.0454467437942999 -0.0112745862716883 -0.668919747912207 0.169385386686356
0.0227015803554884 0.0270803851099611 -0.56506041239354 0.0168955684416181
-0.0288133455329089 0.00505722335074774 -0.23112915943138 -0.0813973672236594
-0.0161734388041048 -0.026655380383813 0.0905787052023587 0.15836810680834
-0.00796254190545971 0.0421716226357501 0.452300054480917 0.366537203910638
0.0882570722677288 0.080221809055709 0.580451056938142 0.378364722110398
0.0866028581764925 -0.0158230330287285 0.63604443218408 0.456603706778357
0.00665687655275093 -0.0106753202377041 0.659833266156228 0.356380197070834
0.00820375244059106 0.0447541131461524 0.496014443755645 0.113613557561326
0.0581824768701579 0.0657828553477687 0.221453843639812 -0.0410728359503042
0.055594909011206 0.0714972558057702 -0.0924334866133251 -0.103172864731426
0.0644894888440651 0.0475221467424748 -0.308252299919821 -0.0496492129807208
0.0379420195146852 0.0313559097434852 -0.521508382124047 0.0478155142650736
-0.00403471903572043 -0.00675485229235377 -0.609137174688479 0.141819181317346
0.0112404518531979 -0.0635164111512193 -0.671596546621836 0.199956305396609
0.100899980558965 -0.0127036647263652 -0.675919516509301 0.135574716030499
0.0364295618636942 0.0610271662954563 -0.57436064956911 -0.00279617768904293
-0.0525985765406426 0.00662855702912018 -0.229782559182687 -0.0892711577485384
-0.0369143166918262 -0.0281118389278869 0.105307095649683 0.163263827602031
-0.00386350026195887 0.0709268241688768 0.464481868829036 0.329496678738671
0.127053908429678 0.0849132702987068 0.619254077987 0.313764586320289
0.102038334166301 -0.035886548781105 0.688431778093156 0.352431312940229
0.00926665951751016 -0.00925742233588284 0.67769675150927 0.270710166121203
0.0244212208622304 0.0584852153876564 0.502649232245392 0.0912349799628552
0.0849335024030384 0.0830212891976177 0.243094821161285 -0.0228815890773449
0.0864385624424184 0.0903480472030649 -0.0605369001904917 -0.0779801324929461
0.0892807790440169 0.0650148086213033 -0.279928350759045 -0.0378691524922025
0.0484499198839302 0.0410366447149507 -0.513324251281828 0.0212907997998177
0.000971539487817231 -0.0144655738316367 -0.627660639680575 0.0751403466107613
0.0380453712914962 -0.0852443616755145 -0.700597001653053 0.106792324343524
0.142778291948173 0.000528990138975109 -0.68779727343908 0.0635819193998216
0.0359985664568808 0.0887886156935045 -0.584488733577621 -0.0469338419335922
-0.0741306413969619 -0.000678397640867986 -0.223969650170425 -0.0997574135351192
0.0884045530043233 -0.0031315581139522 0.14138035803445 0.130942898222659
-0.0143134444930406 -0.141583485422873 0.515611098295971 0.189479740406843
-0.141747972511659 -0.0432578314426767 0.686853202406229 0.0729724970422307
-0.0860034142086089 0.0731911179554491 0.738530462376599 0.018623447536264
-0.0303433194566689 0.0126730141332818 0.689382980312612 0.0108241467375719
-0.0481306371264651 -0.0356712286193046 0.523286417832433 -0.0221225908481449
-0.0761528474487365 -0.0713181248900523 0.294357715734515 -0.0325871535101363
-0.116154742343903 -0.0880551704411377 0.0323373480601394 -0.042754498757924
-0.0934638963876767 -0.090180902721997 -0.182623901878613 -0.0512869261402451
-0.0411119159181396 -0.0489342835347726 -0.454016514593789 -0.0973140815876037
-0.0346339258276493 0.0216277214413035 -0.624149589284974 -0.155801698551489
-0.128076376048531 0.0542053784748535 -0.699904654066335 -0.214229092115356
-0.171743478676304 -0.0805321539373269 -0.669797709872712 -0.222390151699994
-0.00923611393994627 -0.1338268113061 -0.551809468375229 -0.207983652808341
0.0688781522030055 -0.0042558646218791 -0.206925754326213 -0.122496857293104
0.0880763983660198 0.010702083086866 0.122978192303762 0.136275378580927
0.0132952405713332 -0.137455095026408 0.504903714344833 0.247611525926402
-0.12387725308239 -0.0666371837215167 0.662533460062625 0.181066201971936
-0.0954928734840838 0.0531781506218131 0.727179712421153 0.178327424383656
-0.0344500723919138 0.00703535637653093 0.699891432606627 0.131201875481396
-0.0451828120380887 -0.0378683076950753 0.518637839009773 0.0190874673109147
-0.0715312131657554 -0.0685579382795459 0.263028927505504 -0.0452222590926202
-0.114529977682721 -0.0788257195051401 -0.0141107738578238 -0.0745123902011678
-0.0952504376698521 -0.0790181023544652 -0.225599423333019 -0.068893291937822
-0.0480529524400598 -0.0395683034456827 -0.478362848338027 -0.0605740407512623
-0.0301452521593316 0.022950424311829 -0.630978068406291 -0.0483468916388511
-0.103771475083716 0.0673738493799338 -0.71052996205852 -0.0554034924588949
-0.164261486888818 -0.0421721876831643 -0.694386617624182 -0.0996432586784192
-0.0283806957116082 -0.118608350351491 -0.560711458518249 -0.143842655375759
0.0610205187543504 -0.0130270305931326 -0.215438756867173 -0.109121100870106
0.07728858020247 0.0194879170056078 0.106223859455254 0.138395583330855
0.0331568695122216 -0.112385800374006 0.485707065813109 0.306214919349131
-0.0847102837933347 -0.070271532527138 0.625365644527822 0.27940140818262
-0.0814230118356553 0.0270672932021919 0.687197401150439 0.323313998044624
-0.0337678606103339 -0.00129115025912175 0.689752869431125 0.24849041019638
-0.0375616723186683 -0.0338075547681784 0.510912964778236 0.0622985252585269
-0.055051526560127 -0.0538926625484538 0.236666426420568 -0.0572598059669846
-0.0967122507126119 -0.0579439329176522 -0.0571202717443901 -0.100787217323523
-0.0808628177453347 -0.0562719505631731 -0.26785447164638 -0.0764520642025664
-0.0441331403287751 -0.0234788408188122 -0.500603198148705 -0.0186421353260324
-0.0256840320438504 0.0231007689694515 -0.621632346481224 0.0494895156612782
-0.0741970760823151 0.0614423638824996 -0.69598968808464 0.0841677367066326
-0.128026783399741 -0.0127469383179308 -0.69393384075781 0.0198374888428641
-0.0331142441233628 -0.0856464719819621 -0.561773274063043 -0.0754938214572964
0.0433105691390788 -0.0145982218140015 -0.222168505024358 -0.0950587132685361
0.0575311526712304 0.0171599002503452 0.093704020231841 0.138946818867097
0.0356226617410865 -0.0750703548481867 0.465089381895059 0.353203050740842
-0.0386950866329941 -0.0471581226133504 0.58648276610735 0.351952169546331
-0.0456788998387981 0.00818023776330145 0.636025171583675 0.431381280704057
-0.025626798070099 -0.00949718687829145 0.662841619979078 0.343951152294145
-0.027485627247165 -0.0206917689788172 0.501065477271517 0.0971868015048906
-0.030944467705225 -0.0288026817149348 0.217924091836399 -0.0635258241720662
-0.0655385619435456 -0.0268995379944999 -0.0904618706918883 -0.118375326569765
-0.0518968105145819 -0.0290091109783887 -0.29984722714487 -0.0745045344281834
-0.0279516920264651 -0.0060339454235504 -0.510961334653046 0.0198105550331854
-0.0199340783727463 0.0191896848998222 -0.605083257826004 0.123832247251504
-0.0477654160471025 0.0384328032265116 -0.668564535894709 0.183908743592489
-0.0734810517239811 -0.00105021689442414 -0.678382948763667 0.109047993913412
-0.0216749053434981 -0.0464254938614903 -0.558655901429066 -0.0217413673489399
0.0200166630683021 -0.0106036889774951 -0.227155160070155 -0.084675230222988
0.0336532811212053 0.00341403895705062 0.0864271765201911 0.142976749264887
0.0223751101458925 -0.0361965353266998 0.449940194263731 0.377375698823588
0.00436603288936054 -0.00278143058990487 0.559424815892707 0.393465901099394
0.00189541912171383 7.99002875820701E-05 0.599712157749536 0.491707247976911
-0.0130382497235189 -0.0125392496529323 0.644634150047628 0.394413872355226
-0.017082937823973 -0.000625885103836158 0.491155493711646 0.117388839708322
-0.00159487428776562 0.00322246655758416 0.207436541670953 -0.0641542032926551
-0.0256401999782393 0.00856976415248688 -0.107721650794715 -0.124491045370158
-0.013231642220402 -0.00119244877619692 -0.31755456567242 -0.068806108793656
-0.00523076927534422 0.00926226089127356 -0.516933196315814 0.0458730056761898
-0.014135171293801 0.0120248146705619 -0.593044638975265 0.163973716211956
-0.0269378408708156 0.00560546345553257 -0.648145074198276 0.237882100574999
-0.0140388188192165 -0.00384284583606807 -0.665314339393661 0.159402746337635
0.000133053745017403 -0.00902597681305062 -0.555364005151064 0.0107112778651665
-0.00392856323036388 -0.00159024467023511 -0.22814805686017 -0.0786813077850622
0.00862819784908713 -0.0141695159021078 0.0830634300502013 0.150333128945272
0.00341045803312563 0.00416720814414597 0.443140149925795 0.382040411763494
0.044421791777312 0.0453704156044252 0.553100947324912 0.402119128797999
0.049535093258873 -0.00417587521390315 0.597240414247625 0.500084553414239
-0.00100607370783021 -0.0120100474618812 0.638664561750895 0.395895680351737
-0.00564798463464464 0.022619765218832 0.487718294729703 0.122294459247565
0.0277575989588806 0.0357188825025705 0.208083633566349 -0.0565584804085066
0.016540952462076 0.0424606433548671 -0.108439524249892 -0.119252419645632
0.0273174486036909 0.0249285383659668 -0.319650746411921 -0.059487094646875
0.0180882891052644 0.0214513937300307 -0.517236980710955 0.0546119486652885
-0.00915889972591884 0.00308699076576946 -0.59208717646497 0.168985847642581
-0.00945791776706366 -0.0302438055031885 -0.64562264677313 0.242326154720191
0.0449336373102257 -0.0114074100153091 -0.661364247726612 0.166456478443694
0.0220238011611963 0.0267979690257375 -0.559776215491383 0.0168002463424232
-0.0275645848979611 0.00577152271380442 -0.229017223365426 -0.0819991487598535
-0.0165201338216483 -0.026080840110538 0.0891232127184089 0.157666706985306
-0.00848410364050928 0.0420107151900796 0.446359783832212 0.363421668360455
0.0864531367890565 0.0792395704575656 0.574420087471448 0.372777496426759
0.0862877787885654 -0.0154387457596145 0.629857909271628 0.450796033735168
0.00680471912646785 -0.0105742475980491 0.650944772254879 0.352952893360337
0.00771807596621884 0.0439817857612688 0.490411965185538 0.112774416960846
0.0583117357942843 0.0642227854092723 0.218389959697216 -0.0417855491871254
0.0559941887262971 0.0707655225236278 -0.091478464501729 -0.101980491323274
0.0633110287745835 0.0476018312859105 -0.304477241478715 -0.0492925576044566
0.0368917725906702 0.0311854977183768 -0.514475612448818 0.0477910789519603
-0.0040653932986359 -0.00673323987626204 -0.601938623073451 0.139028578799369
0.0107793809520915 -0.063275025545915 -0.664704365061739 0.199270285442789
0.0991624197946757 -0.0128492703217491 -0.669496074043229 0.134073266611168
0.0367159022542797 0.0602085986541668 -0.568505909582334 -0.0012245495429612
-0.052462144588632 0.00683717929031786 -0.227104042122749 -0.0882133754424415
-0.0361546350268484 -0.0272372978925317 0.103283576705587 0.16262940589559
-0.00511908726121708 0.0708316321332514 0.460015129141651 0.328003283391793
0.12607339524685 0.0839829855550187 0.611598256767509 0.311271199610204
0.100798152343103 -0.0357309610797531 0.681964818494238 0.346960899494305
0.0090606775886452 -0.00871951469711672 0.669440950737383 0.265902145492971
0.0241007108513882 0.0578226930037636 0.497998643257482 0.0906645418296508
0.0834712661496889 0.0810949261655096 0.239714749525943 -0.0219600103209513
0.0849990427204371 0.0903620094034498 -0.0602655013810814 -0.076399859964893
0.0885588473814003 0.0643271809769096 -0.277713001058999 -0.0377106415476868
0.0481610236888232 0.0402064966263255 -0.507533613476556 0.0215175030484153
0.000716787143323519 -0.0132380545069607 -0.619570383789215 0.0733139001520877
0.0368992508538664 -0.083264052758849 -0.693737188680159 0.105927599582691
0.142383720531542 0.000545793674293572 -0.681208246261681 0.0614132935994648
0.0354010102850228 0.0885736819097465 -0.577464154762708 -0.0452743560536301
-0.073978939051209 -0.00061173147063226 -0.222140848566399 -0.0988763026422824
0.0869635132155086 -0.00345233924648542 0.139459824711534 0.131291111605423
-0.0139984759674989 -0.14060424718286 0.511863778176539 0.189866927180115
-0.140452636072638 -0.0436507239576892 0.680174048239473 0.0734422429640385
-0.0850130254755965 0.0721064526652975 0.731692778402609 0.0197802574741311
-0.0298391328567918 0.0129566495750084 0.682637999009278 0.0125371379545521
-0.0466192419972687 -0.0361649181103858 0.517651715311024 -0.0218243201477198
-0.0750323754172636 -0.0708107958115159 0.290908590221927 -0.0320878745914426
-0.115448301791738 -0.0870618175061681 0.0305992146293694 -0.0420693484496589
-0.0935043998881133 -0.0903312231550334 -0.180767683651243 -0.0512524453918173
-0.0405215856434972 -0.049617319311637 -0.450650914560198 -0.0973232069603605
-0.0337677035012741 0.0214463882733193 -0.61752372241983 -0.156792943440407
-0.127699279648788 0.0546335875711271 -0.693930541692946 -0.213121779243772
-0.169735110358988 -0.0803820622896387 -0.662035187744666 -0.222388237805746
-0.00937664202058226 -0.133604087189941 -0.546851181265041 -0.210255541553354
0.067628225060444 -0.00407838301656585 -0.204657564459695 -0.122477619726904
0.0872226993078115 0.011518029205574 0.121386263336239 0.135427795029888
0.0126336955642232 -0.136637772765246 0.499270937311866 0.247925920511788
-0.12335942696366 -0.0668987202350286 0.656345946448688 0.181124881083059
-0.0939312729575272 0.0529803093525451 0.7219573014925 0.177179612413885
-0.0338484054837791 0.007589939971794 0.694319979840462 0.131638921581371
-0.0443743558325549 -0.0380852214413305 0.513846880521338 0.0214983886162956
-0.0703581757584983 -0.0683628106875611 0.260805261428311 -0.0447449633026488
-0.113313310040987 -0.0782351313271296 -0.0145102779138103 -0.0743454735215683
-0.0947862637502646 -0.0785529260816683 -0.223420655374845 -0.0697135465539667
-0.0471917858613375 -0.0404821358522743 -0.474287767702877 -0.0622680891843544
-0.030714615970608 0.0226858318845323 -0.624054354142546 -0.0495733760464913
-0.102954090482161 0.0672102001912857 -0.704917269080789 -0.0569228006803976
-0.163021858208472 -0.0422253977829359 -0.687681690778321 -0.0989627116277382
-0.0273751376402327 -0.117597728033218 -0.555611846341018 -0.143575555208039
0.0606805359563156 -0.0123993731074772 -0.213350459133975 -0.109782868492967
0.0756432949432579 0.0194736479978511 0.104373116680461 0.137957007942965
0.0330563997627947 -0.111079472435151 0.480322051885849 0.303819185596064
-0.0844570881729654 -0.0699492098176809 0.620001563425929 0.276640254671661
-0.0804896899356383 0.0267951509674908 0.680311863414622 0.31975560082248
-0.03296830307452 -0.00129081759777455 0.683807331275629 0.249300513324192
-0.0361757428439349 -0.0330840172773454 0.506023451657217 0.0620775413233324
-0.0542181551198496 -0.0544550858118276 0.233925882473565 -0.0562697116632375
-0.0959296857529768 -0.0562518596265945 -0.0565868115002791 -0.100537658388051
-0.0810336430958535 -0.0566100939408192 -0.265105203451196 -0.0772834685909784
-0.0428524232793637 -0.0234848007930892 -0.495452705568785 -0.0206546622985255
-0.0255235544066432 0.02257559253909 -0.616135206701778 0.047118858991431
-0.0732903897971355 0.0608080737728287 -0.691077509041372 0.0833290949261874
-0.126185784872789 -0.0129635177825703 -0.687741950688506 0.0171653351957755
-0.0326069887609521 -0.0849796908509431 -0.55656856120647 -0.0767625612224559
0.0433153013044394 -0.015099019519961 -0.220427553993323 -0.0946495869822392
0.0564717811883629 0.0167274114259787 0.0912675684509859 0.138695969424651
0.0353097244188175 -0.075162329336788 0.460774262265107 0.351644583987993
-0.0386412935763805 -0.0469514482450085 0.580811740472769 0.349573431951439
-0.045862179116793 0.00827704145138421 0.632004467873834 0.429011169786863
-0.0252249575975631 -0.008675469574034 0.657910701095801 0.341653746715296
-0.0263743616211503 -0.0205013555592375 0.495794939389753 0.0957742147185378
-0.0298898817590753 -0.0289070885071329 0.215273487506124 -0.06303926116506
-0.0651689492958233 -0.0262009645389667 -0.0896030285933767 -0.117050208930488
-0.0519933978333389 -0.028453617071446 -0.297008853611379 -0.0757495061057774
-0.0278084799195407 -0.00621391756290919 -0.507935833778955 0.0182929904701094
-0.0199038782753696 0.0197761259286689 -0.601652455524909 0.120343546357364
-0.0477555211327953 0.0379456471713326 -0.662412245562597 0.18131788285923
-0.0729979639770647 -0.000993002354124299 -0.674144682160199 0.105981054182878
-0.0213679454424353 -0.0464904713689776 -0.55383111990118 -0.023894461472807
0.0200208361601178 -0.010240922669029 -0.224299818680946 -0.0838302352587423
0.0328516790732167 0.00333120228037445 0.0830241984258398 0.142680764417421
0.0222202856684524 -0.0350070127000478 0.442849239202262 0.376504061817372
0.00417243207841523 -0.00373958800149281 0.553711291055806 0.389595733683387
0.00173428368421309 8.669339232991E-05 0.593128129934595 0.48812694198195
-0.0123940555626987 -0.0119939741213402 0.637974861485666 0.39113730676989
-0.0161947605177415 -0.00100956742319279 0.485929628327085 0.116688180564301
-0.0023824679675015 0.00276327342466365 0.205550744725819 -0.0637917178227247
-0.0261885146096726 0.00863789592271585 -0.107783050353281 -0.123165502114165
-0.0136245938145338 -0.000213693837345058 -0.314819478821625 -0.0696558061643677
-0.00519078824438949 0.00903504767708991 -0.512515447262449 0.0441425894185211
-0.0141769846523558 0.0125380447864141 -0.587254320224785 0.162448658388108
-0.0271473550529049 0.0061943064608147 -0.642337206594231 0.235074845974165
-0.0135864268200917 -0.00376422650920237 -0.659253859431063 0.155230575513715
7.61804607745456E-05 -0.00881306227388785 -0.550781783531634 0.00844266253226675
-0.0037643350314957 -0.00181102435023429 -0.225890185347926 -0.0788245240456695
0.00781847602726029 -0.0136856991953262 0.0813410116915739 0.149943470540819
0.00238011550022797 0.00394742486907881 0.43923069359397 0.382043918014349
0.0438129031137305 0.0447398829753205 0.547380527509014 0.399295407615237
0.0492170133769677 -0.00404383428873391 0.589987592087406 0.496131883573582
-0.00101213369028079 -0.0114627477791114 0.631426424044309 0.394032294552997
-0.00581763862914376 0.0225179880393498 0.481420858586821 0.120472097655809
0.0274998592441153 0.0361960136736077 0.20521059940851 -0.0557985455811596
0.0160317878748651 0.0430587469805298 -0.107762079162824 -0.117190453660426
0.0269981913822657 0.0249145767435008 -0.316346854012208 -0.0600287161484697
0.0187607350921212 0.0208982491656516 -0.512970120077424 0.0541725502836544
-0.00905143009328633 0.00307070910955931 -0.585602137584306 0.166985245297552
-0.0091921012097785 -0.0300008394731736 -0.638519741884418 0.238295267247089
0.0451333461091538 -0.0118488884753046 -0.655367788739221 0.163725530517605
0.0219948342029809 0.0265874564494786 -0.553182845297092 0.0149272054361554
-0.0278442707826411 0.00548931124337041 -0.226532768866326 -0.0804938033231693
-0.0162362154354125 -0.0250138142037981 0.0870957692004281 0.157409268462555
-0.00951289474959024 0.0414496831839933 0.443034444599923 0.363735400707691
0.0848888295891095 0.0780945249615995 0.567984856287104 0.370805614792517
0.0855422665325711 -0.0157913860677137 0.622845005067401 0.446969392644332
0.0069882289934077 -0.0100090285281949 0.645420794321312 0.349612449757533
0.00801652273737373 0.0438308052151207 0.484601464835335 0.111307247346825
0.0569859845522169 0.0640503483054901 0.216189924256156 -0.0402518674411509
0.0546525671448025 0.0709478501669077 -0.0918841033936164 -0.10031072369147
0.0632101850726184 0.0474937827145424 -0.302711709511615 -0.0498840185817056
0.0362957932566096 0.0304306116975649 -0.509705523839172 0.0449140899750278
-0.00491859553557588 -0.00586935857687718 -0.596457460491274 0.136067288627284
0.0104330584470977 -0.0621484528277974 -0.658694851129966 0.195177536033983
0.0991416671320185 -0.0128151283966116 -0.663908927342155 0.131458376370139
0.0358718710682918 0.0589539691868374 -0.563298379429049 -0.00320473377507351
-0.0522054117507359 0.00688740645250658 -0.224887055605919 -0.0892880107900531
-0.0365503808953397 -0.0263952382870887 0.101927480272154 0.162172558219946
-0.00487984378280299 0.070228157748672 0.454693126592378 0.326974185141177
0.124352592809662 0.0836466331940994 0.605283246294717 0.310610932436918
0.100717163651466 -0.0355475128464461 0.674044573020593 0.344771242236848
0.00934288310653979 -0.00845035565372354 0.66092938820563 0.264944682146769
0.0240325330414886 0.0579294598298579 0.492377156586062 0.0900622293445483
0.0823065494323525 0.0801430448261335 0.236889498704906 -0.0210874482463961
0.0844734132950858 0.0897127658850511 -0.0600007610867406 -0.0758386455010619
0.087426373703196 0.0643225293563089 -0.274549796733446 -0.0381327507193847
0.0471793266773304 0.0397369868392791 -0.502474452475766 0.0189431251684555
0.00066572937227243 -0.0137281193609618 -0.615605271796059 0.0718924384098463
0.0358198518540184 -0.0831711910783935 -0.686602576030418 0.103445915663939
0.140988849924729 0.000602065816924777 -0.675225966569387 0.0600268881416063
0.0343533552808144 0.0875835371940881 -0.572336804337117 -0.0461513750155669
-0.0728580363781979 -0.00032711666559582 -0.21940257814508 -0.0990590468149041
0.086223127635382 -0.00332378846761801 0.13742309365053 0.131614114211798
-0.0140251865294218 -0.140036762128186 0.506855097970527 0.191117496871787
-0.139170859621548 -0.0440643346578608 0.675737494968429 0.0754090674794057
-0.0850504733874827 0.0720400126975093 0.727213866771963 0.0217457171832291
-0.0291337881742348 0.0131408454105263 0.678918161341465 0.0130195017922308
-0.0459480406306985 -0.036501513398208 0.512416700748248 -0.0201633643245657
-0.0745394937152149 -0.0711308333782844 0.288441067255605 -0.0301052075251933
-0.114554132288102 -0.0865487932587026 0.0305508362301336 -0.0416891203004604
-0.0922303836324675 -0.0905265279406123 -0.179286264828159 -0.0530252619949928
-0.0397465650805389 -0.049349664877951 -0.444471188218718 -0.0992567411064402
-0.0331276514126795 0.0215224861723049 -0.610943344955145 -0.157093693099398
-0.126490375830628 0.0546985453737166 -0.689781113747269 -0.212712115007898
-0.168140176359456 -0.0805078627922761 -0.656805013553669 -0.223676912866641
-0.00860223167623371 -0.132855607064283 -0.542125033276708 -0.209085451255688
0.0672438947355666 -0.00361092898495199 -0.202086497907677 -0.12270505390836
0.086455184414751 0.0118025205299974 0.119234896213794 0.135980684689744
0.0125987813502076 -0.136313975399658 0.495785559790559 0.249496273496644
-0.122252400238642 -0.0671820342225705 0.652120247475818 0.182449775561416
-0.0933560576889651 0.0523676745932787 0.715564880805476 0.175925440355989
-0.0331328985195957 0.00756726014657193 0.68833760637299 0.13273116103705
-0.0432956114372241 -0.0380725836338238 0.51009640363117 0.0222680606273553
-0.0699419871579999 -0.0687109016662387 0.257091850900615 -0.0423098125820578
-0.113237152157388 -0.0779455547319442 -0.0144052967217012 -0.0734300814570425
-0.0951601383447027 -0.078812360324638 -0.221234604774841 -0.0705890533411289
-0.0462899999374864 -0.0398652368572613 -0.471151582025243 -0.0645056186428874
-0.0297433505050641 0.0223208772692333 -0.619330207643488 -0.0514723990270735
-0.103022926186055 0.0669875415843458 -0.700682806340004 -0.0608792149633713
-0.161584814229284 -0.0429017618116879 -0.681665353867322 -0.104006742352076
-0.0269884786841504 -0.117338691508921 -0.550593327893332 -0.144419997307227
0.0607726077303541 -0.0116803452697353 -0.211249950957863 -0.109122497532879
0.0751222717165455 0.0199317412241657 0.102158485288392 0.138063918378761
0.0325746805857113 -0.111390913404511 0.476392146099438 0.30636541437718
-0.0833027959551063 -0.0707225766336234 0.61316195799606 0.276150112323031
-0.080303320001172 0.0267626586658244 0.675240038551656 0.319778093095806
-0.0328483996837517 -0.000931119305577997 0.677917384935927 0.248616485802612
-0.0350679319566003 -0.0329579458497828 0.501935780257357 0.0629602353091079
-0.053908868037088 -0.0537210987612754 0.231221385797885 -0.0542311678356625
-0.0956104923700705 -0.0560863579754008 -0.0566130617884956 -0.0992125207466533
-0.0806231232138949 -0.0563497830660437 -0.263695547500643 -0.0785141580961755
-0.042521923849964 -0.0245052638463476 -0.491607358389222 -0.0220371734093688
-0.0249775044048784 0.0230359018402484 -0.61191758314353 0.0455977473053343
-0.0728351787016828 0.0603016352738737 -0.686259528855654 0.0787006534856642
-0.124789674322907 -0.013511519930737 -0.684041729358286 0.0141123316677134
-0.0323534351518049 -0.0845280482839797 -0.551875157466821 -0.0778230292393794
0.042864199508066 -0.0144707432483295 -0.217779661380313 -0.095411518255941
0.0554249195313877 0.0167269954594844 0.0890557431336534 0.139946835398923
0.0347807003903639 -0.0743441008279311 0.454586259690785 0.352124887609634
-0.0386550129610001 -0.0476378996278505 0.576577798449914 0.34997321550515
-0.0446917345616158 0.00797930118298018 0.625814334005795 0.4283379591312
-0.0247457390319688 -0.0081241829105039 0.652302564999078 0.339171430954014
-0.0251399846205523 -0.0204384027254577 0.49146777143694 0.095689791153801
-0.0298448805354614 -0.0293520954817751 0.213164289717982 -0.0613748499744077
-0.0646008968890033 -0.0248332390563089 -0.0892614424990161 -0.1169101798796
-0.0516818099396596 -0.0289196478241156 -0.294783954252856 -0.0766206495523872
-0.0271724498955494 -0.00636345338501063 -0.505606143795949 0.0153195558663435
-0.0194978191991658 0.0184446941331353 -0.596971798979886 0.118835085845905
-0.0469136925646588 0.0379984292502034 -0.659864256869241 0.176924437783456
-0.0723868704998009 -0.00123739394149054 -0.668629502604106 0.101945326747013
-0.0209773107645709 -0.0465954665457273 -0.549863138958607 -0.0255051961757477
0.019847019709861 -0.0102925901352836 -0.223035205856439 -0.0848902684314699
0.0323734197840294 0.00364528349684128 0.0815279053423538 0.143171694080986
0.0210781750507059 -0.0350852340737131 0.439891802980392 0.376970958854106
0.00325117280384269 -0.00352014310682582 0.549119561304359 0.39107072752328
0.0022289305902623 0.00052649965792346 0.587506927616404 0.486169019917643
-0.012326828346804 -0.011905566137701 0.631668002792264 0.388749883559129
-0.0161785662197695 -0.00123997318740962 0.481264090611208 0.11681702780692
-0.00189123553944833 0.00210314861712898 0.204153876925658 -0.0626224353029086
-0.0260413541005808 0.00875120638882134 -0.106711348780054 -0.123143741539022
-0.0131929272900955 -0.000303058561811482 -0.313219325891806 -0.0698546155085979
-0.00536256554233389 0.00819234164633465 -0.509138115851241 0.0417954332180966
-0.0135551982265432 0.0125130156225776 -0.582692149051001 0.159323516009078
-0.0265437530773024 0.00668131099393811 -0.638975166300551 0.229292292046745
-0.0134859841419093 -0.00346254329513079 -0.653794419429522 0.151658333501673
-0.000500316731690535 -0.00897074592371428 -0.548050868628087 0.00610916195622096
-0.00382328300531351 -0.00188301753790399 -0.22444000988575 -0.0792169436267745
0.00736439119722456 -0.0135595994641121 0.0796723181801041 0.15030725759261
0.00208111399691763 0.00357034454305047 0.435115701247946 0.383411120869309
0.0428506481328269 0.044265004948067 0.5417449957357 0.39803059336219
0.0485264156114287 -0.00424551069414593 0.582795588481979 0.494650333139692
-0.0005419723323119 -0.0113425536331263 0.626671637767038 0.392497726202266
-0.00496512221752847 0.0222365228164536 0.477024351312022 0.121787440512107
0.0265421078447259 0.0350948513925423 0.203582106802812 -0.0543801144979227
0.0153894982189791 0.0430180791293346 -0.107035664914705 -0.116605251664638
0.0259587216952571 0.0248654078583578 -0.314680240865816 -0.0602716698158159
0.0178657822386029 0.0204506295848185 -0.508997989484014 0.0495020343282491
-0.00888270614604521 0.00347898394149093 -0.58020981558722 0.16249290664238
-0.00919732892954629 -0.0293714207245562 -0.635308641749012 0.235263626493145
0.0449359605221111 -0.0116790873798909 -0.65212835366609 0.160179721943626
0.0213121632946447 0.026071178673277 -0.548954118365238 0.0133174142991625
-0.0280410460965982 0.00583388758972161 -0.224583956366953 -0.082175011179189
-0.0166770595703078 -0.025565363228129 0.0849842155652843 0.158213852369502
-0.00973347628523589 0.0412526659434144 0.438708144942354 0.363650312266695
0.0843894475226816 0.0781554500605952 0.562397514237087 0.369605026759012
0.0849404715806988 -0.0149436732546479 0.616764998130787 0.445426597767213
0.00722745956900118 -0.00958574992874649 0.637840636826485 0.349231897702741
0.00878384957406126 0.0435876896071779 0.480132331727672 0.112583192482346
0.0563552337085499 0.0635544615965074 0.214402204818118 -0.0384227293672096
0.0541262783571125 0.0713026938154829 -0.0910102665310301 -0.100080576121841
0.0619091739126789 0.047302863872372 -0.299867776287924 -0.0509767713154337
0.0364779525063057 0.0309595789141765 -0.506848956244782 0.0426170766167185
-0.00438289992921736 -0.00618934079003668 -0.592459174208065 0.133253650277811
0.0112880644499563 -0.0614321482421463 -0.653636130936842 0.189627818074278
0.0986889696751617 -0.0129354190857479 -0.660408412639155 0.126633062475298
0.0353754255439427 0.0587213609949895 -0.559670301882807 -0.00619302996834168
-0.0514880594656856 0.00717436637849196 -0.22255000715568 -0.0890611438959192
-0.0364305407435917 -0.0266749944487385 0.100029528949701 0.162379212305458
-0.00592964752193947 0.0699549447460295 0.450757024627367 0.325770336107573
0.123238818858656 0.0837412553888344 0.600945699842748 0.308881911257677
0.0995366619439185 -0.0347062654798059 0.668237604132389 0.344694822152412
0.00976362248290083 -0.00752808344141923 0.655767837865819 0.264680800493517
0.0237420229914614 0.0575579582841746 0.48724876742569 0.0909334543473648
0.0813313779202713 0.0805040432978928 0.235052020765048 -0.0199711372918526
0.0844132508976931 0.0899556269127396 -0.0599958164898663 -0.0750084883619966
0.0863590728364162 0.0639295095590731 -0.271909867130462 -0.0391048142949704
0.0473006933169004 0.0396050696909173 -0.500072670522103 0.0196114889175963
0.000728701626688079 -0.0128432158885473 -0.611085086066173 0.0678585359367721
0.0353103372408087 -0.0821043496785328 -0.682918117376706 0.0995184702150319
0.140303554315661 0.000940118713151798 -0.671711202672389 0.0545332191749574
0.0343999044421983 0.0868129192633164 -0.567380145243315 -0.0487977479447712
-0.0726622706361835 -0.000773406352341329 -0.216917194694487 -0.0990665842105486
0.0857168697106682 -0.0016489951654552 0.135568147465287 0.132289754098802
-0.0140562180751659 -0.139760223230608 0.505523219578879 0.193032946989965
-0.138591723353237 -0.0455525454268299 0.672922729736418 0.0786901200266851
-0.0839744084203529 0.0716084054631559 0.724070155715273 0.0237537678093712
-0.029428047976155 0.013024615414465 0.674689704343232 0.0154377506249325
-0.0451327288181476 -0.0365743730388401 0.51173845395792 -0.0175233003207435
-0.0739767287473304 -0.0716647689281215 0.286657742181073 -0.028752012384031
-0.114654706449575 -0.0862180500673338 0.0300548534146438 -0.0418960195697652
-0.0920295848674145 -0.0901556920014003 -0.177746314456841 -0.0544138394519022
-0.0395329397262119 -0.0499111557688925 -0.442281159556259 -0.101130945180416
-0.0332904502152519 0.0207885683351158 -0.607151522824305 -0.159783746109268
-0.126018774909942 0.0538164864580278 -0.683755562553204 -0.216339345558341
-0.167233238695507 -0.0810874641576294 -0.652075318858034 -0.226168309393427
-0.00818530153614096 -0.132792127754364 -0.538887589318842 -0.211543083307762
0.0676487429794504 -0.00308541845130092 -0.201158924601063 -0.122527762352014
0.0853522408466834 0.0120988768534106 0.116972340569398 0.137060733967557
0.0127342945558512 -0.134677620883941 0.491498275680571 0.250078708610272
-0.121984651040145 -0.0680997542515233 0.648699086235743 0.185043228571673
-0.0926489778487932 0.0521870842117623 0.711103006999847 0.178929230481399
-0.0332488991158709 0.00824732210950173 0.683692539481956 0.134965330062342
-0.0422763940760806 -0.0383330558651496 0.506535334734991 0.0244890636393508
-0.0696887248203086 -0.0688176032478547 0.256616751355056 -0.0411964833351455
-0.112589220424023 -0.0774520137657191 -0.014400669338129 -0.0727782062514929
-0.0950070437887999 -0.0790855751224306 -0.220287639109938 -0.071925541408296
-0.0460700935273942 -0.0407115430184715 -0.467059481658161 -0.0656713376358052
-0.0295211978502405 0.0228129942858312 -0.61522519547485 -0.0530092564199731
-0.102177636685752 0.0659111298300606 -0.696872227070906 -0.0631323021220611
-0.160617852866427 -0.0438994498265965 -0.678295291477566 -0.107373049113977
-0.0262799045302789 -0.117129587837238 -0.548226292269701 -0.147565357670347
0.0603190540736027 -0.0113335165578619 -0.209088173950115 -0.110998444487773
0.0741923766679923 0.0202839476460218 0.100221303585253 0.139273893040311
0.0322448220754838 -0.110054980764673 0.472190025982489 0.307051080180502
-0.0836848485364136 -0.0716204552912199 0.610645219232335 0.277606688364015
-0.0804934217836522 0.0263770129363658 0.671855716149888 0.32185039213124
-0.0324833595067282 -2.49020869894632E-05 0.673261601912099 0.250484912452675
-0.0348306037537144 -0.0334311194994999 0.499419871955292 0.063844692606724
-0.0535650253972021 -0.0545227507412388 0.231262502105218 -0.053152564686196
-0.094723584759143 -0.0553784571513727 -0.0563081065932105 -0.0993981693809661
-0.0806075926630149 -0.0559304080174372 -0.261805666472535 -0.0792986713492808
-0.0422680093510794 -0.0243395430583266 -0.488966688793957 -0.0257385239899226
-0.0247017474151019 0.0223402364522714 -0.607681171101003 0.0419253116703084
-0.0729361638477591 0.0603726374229169 -0.682036633814556 0.0752927899257869
-0.124339911510073 -0.0134705098008152 -0.680556779004385 0.0112180369008971
-0.031813628065255 -0.0846492255207601 -0.549907523111327 -0.0803997130195156
0.0424061946512063 -0.0137350977354335 -0.216973378445838 -0.0967723063484394
0.0551728215690167 0.018086057924945 0.0873947826000054 0.139728395379361
0.0348823930760952 -0.0735321490061799 0.451799321776984 0.351188547650688
-0.03843666525142 -0.0480665248909379 0.572192113881365 0.350318402530848
-0.0446380277587218 0.00763747054053171 0.620088382342665 0.428833773259181
-0.0243055964656482 -0.00793776626445106 0.647105788207952 0.340022146592828
-0.0254966521159865 -0.0206874409943791 0.489308389151223 0.0966102646568686
-0.0299210119137574 -0.0302568924671369 0.212152417811441 -0.0606523302042228
-0.0641513201465427 -0.0254988298689429 -0.088853544589487 -0.116278072590807
-0.0517007603047039 -0.029053850493071 -0.293721882441437 -0.0781262933012422
-0.0270867538565447 -0.00705061442552818 -0.501602406236347 0.0140680243975607
-0.0193312898032175 0.0192508224984221 -0.593150746389507 0.115566277018193
-0.0472022104609304 0.0381063145811596 -0.656701041509526 0.173902365595085
-0.0719392911738822 -0.0017165722814082 -0.665588262033655 0.0977003488820296
-0.0212915045489292 -0.0465157680341789 -0.547018372308544 -0.027985403263856
0.019936527025012 -0.009647339837192 -0.220614650500199 -0.0859080035647452
0.0314613924662265 0.00390050770367336 0.0797171366521056 0.143625082784936
0.0205768888933137 -0.0346447943085144 0.437629512072119 0.377089357279865
0.00273721405721044 -0.00394843012997859 0.544154189970516 0.392386030883869
0.00235572401608478 0.000390724842247347 0.58228061642993 0.486211082445043
-0.0116127413615121 -0.0105232865012298 0.625895482482475 0.389378784206762
-0.0154577221215596 -0.000847638829123719 0.479011595093296 0.116982910010013
-0.00227148848553718 0.00233809707510515 0.2024153377486 -0.0614733023117141
-0.0261839383048725 0.00906381795997417 -0.106294334300436 -0.12249289114268
-0.0142113273524659 -0.000453238180313726 -0.311619264409325 -0.0718705541110154
-0.00483514304752923 0.00778448628536009 -0.506472327790682 0.0395562298098946
-0.0136808467740695 0.0120617079843521 -0.579039639232142 0.155376353432859
-0.0266757711848012 0.00625233596646132 -0.636108591147471 0.225643737548637
-0.0129166584830949 -0.0040365020562154 -0.651986681991254 0.148488689058277
-0.000954621395170194 -0.00930489340064382 -0.542358930224991 0.00611105945744095
-0.00397474067020275 -0.00158702188257464 -0.223335449787255 -0.0804309205690107
0.00716183165952944 -0.0136498620165053 0.0778113846491297 0.150855028532308
0.00145522149943032 0.00389168334045688 0.429365019845485 0.383026724628386
0.0419048036254341 0.0446532115915339 0.538401658495738 0.397622166608355
0.0489699465287622 -0.00368329853657312 0.57939910548577 0.49274228852992
0.000257776309500871 -0.010673850202392 0.62088752059278 0.392745435353108
-0.00485936755290091 0.0221759172733332 0.474893175113144 0.123411572715723
0.0262534419009841 0.0349880357046773 0.203027330240157 -0.0533441381569987
0.015262843042854 0.0436929290211835 -0.106250968272813 -0.116208921845985
0.0258150745925501 0.0252664657425533 -0.313658612749175 -0.0624497693038194
0.0175538374080995 0.0208577527291794 -0.507430591723244 0.047411689089045
-0.00851126251521209 0.00290361190641418 -0.577863769519641 0.160767436625588
-0.00936437529827469 -0.0288476481227742 -0.633121290841078 0.230484073791545
0.0452974725656066 -0.011905770535437 -0.649148642883562 0.156854638792159
0.0212671509314282 0.025893487413231 -0.546502163022551 0.0100912275393571
-0.0275093746877156 0.00553529251898179 -0.223862652941432 -0.0831124501378978
-0.0172904689594028 -0.0245238979682567 0.0830261505694258 0.157897337894868
-0.0104532847766556 0.0408752150783242 0.434019560383988 0.362936111141833
0.0832529675870867 0.0781458486285175 0.558131115972989 0.371946659443616
0.0849406397938179 -0.0150171172374773 0.610930428671751 0.446711344434639
0.00739534320154161 -0.0088427435260449 0.633118252442755 0.349117317494602
0.00785524384476372 0.0436458464153219 0.477298775621642 0.113026783853379
0.0554145846047872 0.0630870511033189 0.212212866048108 -0.0378761675623341
0.0539255323117807 0.0717114482724538 -0.0906763406020162 -0.100282652732955
0.0602848166734887 0.047488478066306 -0.29936205060037 -0.0522626470759633
0.0360229628432297 0.0305927928381371 -0.503815079847422 0.0393841487101667
-0.00433812783330074 -0.00584330359313247 -0.589906043094682 0.12976082763759
0.0111268820495175 -0.0605367641313709 -0.651642329940573 0.188110617660942
0.0989155158292621 -0.012339005167397 -0.657075529476472 0.122723316420831
0.0353562502893072 0.0584308086329549 -0.5555456669718 -0.00841292576428469
-0.0520915180302889 0.00727036666651534 -0.221263796374815 -0.0900458457304629
-0.0368857620967373 -0.0261985141061072 0.0982138714402965 0.163354893178556
-0.00663278923582668 0.069882766342292 0.446498846295524 0.327932584028109
0.12202526063256 0.0838167912294274 0.596409415550473 0.309468694978966
0.0997884284848727 -0.0341718819160518 0.661785716671259 0.346764839358072
0.0102379109157019 -0.00741856015329296 0.651456956761015 0.265958389653649
0.0237777181462697 0.0578660021654547 0.484415763839002 0.0928665622633314
0.0810272994075067 0.0797607901913591 0.233289981866036 -0.0182865936611216
0.0836347956872574 0.0902311172014395 -0.059645558490914 -0.0747269313975681
0.0855589620430218 0.0647745998046736 -0.271283839603489 -0.0396667797270075
0.0469651373450693 0.0397270218486517 -0.497174117846912 0.015730842531511
0.000740290894189026 -0.0126005910439036 -0.606141182239786 0.0659833919367691
0.0357230950477825 -0.0813361442784563 -0.67964303315298 0.0957088334592538
0.140555332988758 0.00116646121168789 -0.668985471430354 0.0526889279624693
0.0335494406636924 0.0868987831734755 -0.564700023578362 -0.051734758643363
-0.0725198294278184 -0.000825611823467302 -0.216294744162015 -0.0998222777725062
0.0838504140832584 0.00836181697663517 0.113184137140786 0.155615756311992
0.00426081772926195 -0.139366946472437 0.484056167043752 0.264569034277638
-0.132372048130034 -0.0630918807118274 0.666778567898671 0.163109444262011
-0.0946201007875304 0.0593789377501826 0.709828090015694 0.110489883724134
-0.0289367386856191 0.0124775522358507 0.664342717691389 0.103717377368523
-0.04065005342321 -0.0449403294066083 0.512683842829562 0.0549742096667146
-0.0619572311829867 -0.0847374241591245 0.288944108117877 0.0104530809682747
-0.0997584061486795 -0.103386756919881 0.0359498897599305 -0.0368559431393692
-0.0787930429222311 -0.101391553766898 -0.169367382948472 -0.0810063678890002
-0.0338531499136244 -0.0526738462974389 -0.422397642867337 -0.166623877531723
-0.0409472255770354 0.0201306161006949 -0.576934123310088 -0.250500334596688
-0.137433519841895 0.0422814786059787 -0.644970233247643 -0.319824676027998
-0.162133088391168 -0.094633241814724 -0.611585424729071 -0.32109779995923
0.00798837088964699 -0.124427617448287 -0.504638829650357 -0.292149299607574
0.0646657339924305 0.0095442282078924 -0.182130363455583 -0.157389586466706
0.0820898623699533 0.0225124833407921 0.09387865607512 0.157106921822372
0.0296737738666121 -0.131222439776776 0.461987420958166 0.321522070498102
-0.112792412933289 -0.0839956549546873 0.628625705085433 0.263895948419144
-0.100054660592469 0.0392106901576653 0.67961947600629 0.259945287335046
-0.032200454682318 0.00635347717796965 0.659401949932885 0.221897469943789
-0.0370360949604824 -0.0465705555909975 0.504680942967253 0.0948329896027136
-0.0575360877216102 -0.0812340746827854 0.260597634503935 -0.00557466830224969
-0.0997778335143161 -0.0943398943721767 -0.00357187730847888 -0.0747982506087871
-0.0828338010771949 -0.0900134671773395 -0.207446565717674 -0.104334066669681
-0.0422276562706051 -0.0437430729614621 -0.452828667995999 -0.135689850201921
-0.0366489124500166 0.0232936123019112 -0.600061461795131 -0.149523233629966
-0.11433509613523 0.0588544641481938 -0.68313154403378 -0.170452182757222
-0.159435226864446 -0.0549723533241856 -0.653619506442293 -0.208260135436801
-0.0115716353355354 -0.112832162834733 -0.52275099849806 -0.227837589458681
0.0596675497462512 0.000694864850974519 -0.193119539810967 -0.146038293014558
0.0700076659350533 0.0295961922348989 0.0764257515929793 0.156081381495568
0.0455696535348072 -0.103955300771537 0.434465326910598 0.375056034573345
-0.074580475142961 -0.0820303359302157 0.5776610348581 0.356798977988211
-0.0839305489848874 0.0153830622110923 0.621862025689419 0.396985140515693
-0.0309560605631971 -0.00160302786536128 0.633588653468373 0.333777240535826
-0.0304589877261431 -0.0404573753303833 0.489309678912855 0.133242559911419
-0.0440551125926791 -0.0641878130292277 0.236509376388363 -0.0216308385055135
-0.0866813273295743 -0.0703210228783285 -0.0413918273006894 -0.106333577119986
-0.0737504110693159 -0.0654748398415131 -0.247859380949273 -0.118760557853188
-0.0401021615306691 -0.0270260343396513 -0.479345668780948 -0.0968828265155696
-0.0315570446818185 0.024334233704805 -0.607114562359705 -0.0520141392427583
-0.0820139327456787 0.0584354853168422 -0.689348587000285 -0.0312780037938116
-0.126992545650313 -0.0201820707535467 -0.674896062658625 -0.0936623677135182
-0.0207353875298095 -0.0817002890041771 -0.534570238192836 -0.162701354889897
0.0419391152486844 -0.00433924269772602 -0.201436135564612 -0.133281600246536
0.0515245619743589 0.0241756004830171 0.0651118937852394 0.154452364252281
0.0426127538212727 -0.067743953079186 0.405719386387041 0.416889112470912
-0.0339466687882895 -0.053854852162628 0.527068519880726 0.42520784147812
-0.0473795805352558 0.00174626396038879 0.556856845208539 0.496509177019232
-0.0219077039568601 -0.00714133162898794 0.594840251422237 0.42016220886506
-0.0223746740743522 -0.0267760041073433 0.473316254510168 0.165490324274971
-0.0241121971284725 -0.0362048919051486 0.218657619775981 -0.0322596326142514
-0.0612593194993868 -0.0350732730010239 -0.0710885360983116 -0.128167415416119
-0.0494887519314511 -0.034068725179375 -0.279267838629668 -0.121735325358478
-0.0276091430115137 -0.00754604355937556 -0.497871507238042 -0.0634653429375284
-0.0245141312599155 0.0225370646880976 -0.605966898964345 0.0226041313755716
-0.0518691836458808 0.0405569036712604 -0.679785081641437 0.073364834279344
-0.0752268593977727 0.000396807645453153 -0.675652445143316 -0.00500331530257128
-0.0157210371544106 -0.0418685972744819 -0.540007581873296 -0.111865606740079
0.0185992358607346 -0.00432884079163593 -0.20781825720711 -0.122913372955981
0.0304181415163971 0.00784512651342343 0.0580008539262351 0.156288347483315
0.0232152981896999 -0.0308940266357852 0.387531630770478 0.438389333287931
0.000520699158210268 -0.00343220179090927 0.489484211736881 0.461206966949381
-0.000769489556658914 0.00146528486370116 0.509461238436469 0.550608522754492
-0.00971093734267425 -0.00854865150597011 0.565613533771569 0.468788487199944
-0.0158528177184507 -0.00587839638201857 0.46009640795941 0.184958662754807
-0.00238113537842343 0.000262285033728442 0.208903788146008 -0.0349411029057143
-0.0280217758328967 0.00538335806011401 -0.0869077474660977 -0.13642446607956
-0.0173969326286681 -0.000912926359209618 -0.298089544897331 -0.118237392365484
-0.0082475270932108 0.00997494641638111 -0.506878606402345 -0.0381485195790224
-0.0178105461921542 0.0165684718079124 -0.59768198851268 0.0637233148962842
-0.0261379625917147 0.0125335066044193 -0.668115266780564 0.126730182559192
-0.0167014374756334 0.00712212088228828 -0.667165442122278 0.0451810778532195
-0.000569922694511636 -0.00254619568489239 -0.540234316637606 -0.0816382397717078
-0.00524676042050606 0.000315959989571222 -0.210691482367733 -0.117574899320243
0.00846756965030866 -0.0120090128350861 0.0573278789388488 0.161423028216205
-0.00210483349670681 0.00446121201011791 0.37768977871683 0.442853522519244
0.0324708094859496 0.0490812877186377 0.48088287155922 0.469022735704356
0.0460727821610086 0.00523568598780646 0.504809881000551 0.55862437903053
0.00124112603779733 -0.00632287793438817 0.559482127923249 0.46945925496775
-0.0094863441834257 0.0184899936367933 0.453924791416361 0.188152416396331
0.0211437018041742 0.0375336072746755 0.207856677891749 -0.0271869611785542
0.00789551641886603 0.0449241524664016 -0.0887471480789219 -0.129938718790152
0.0176536307023407 0.030058541981013 -0.30143481074609 -0.109492261309214
0.0116427101515041 0.0256273070188829 -0.508846178946893 -0.0312702657146808
-0.0116229534335367 0.00900732150537193 -0.597447096329286 0.0682865462608774
-0.00262078871742704 -0.0196667402405239 -0.66871278560454 0.13249648311992
0.0425416183886209 0.00841003066428395 -0.667293916306383 0.0511492103780663
0.0148558452504697 0.0356631074770158 -0.544113883499858 -0.075392868168594
-0.0294221083313245 0.00446984477394935 -0.210329935097233 -0.119612499711119
-0.0147907193003147 -0.0276200500977771 0.0639375816219388 0.16945603839282
-0.0190900526068229 0.0396601399123365 0.382949728424868 0.4212168661845
0.0679728583401363 0.0886644922865726 0.499455767154337 0.445430833492269
0.0825998090052113 0.00048698860394173 0.540757448076234 0.518620828003801
0.00847266132342713 -0.00337963962337584 0.578522587211064 0.428885677844369
0.000116393230116781 0.0423741909175401 0.455642922549488 0.17836426294275
0.0451527694265253 0.0695174615752278 0.215693928207486 -0.0111983192182615
0.0418187967958188 0.0793791844944412 -0.0744950482469364 -0.110895908880546
0.0490761644663229 0.0579925529418063 -0.287629813233918 -0.0969092629867999
0.0280449890629502 0.0388893519492142 -0.504122708711693 -0.0367924739900754
-0.00651136087731763 0.00131971027226228 -0.603066714939067 0.0377151976880892
0.0212255986201435 -0.0476541784411329 -0.678928289026854 0.0871176415867238
0.0937799916582449 0.0153170553417264 -0.670457389182364 0.0181851142985863
0.0227183508918738 0.0694035310399682 -0.549042829055079 -0.0972285599119756
-0.0540273892479907 0.00139957124359153 -0.206121078986439 -0.125803593573143
-0.0333119548517548 -0.0308813688826188 0.0785744323040422 0.174901015148327
-0.0192185398954589 0.0681702064797221 0.39856912065588 0.385289278292844
0.10527807180489 0.0993179555038381 0.543758507786802 0.392614848167225
0.100682443248349 -0.0162796680101991 0.603649800324025 0.426672098473192
0.0112545666279976 -0.00129102245188311 0.60575516197123 0.349363471493205
0.0132184268828817 0.058119024168887 0.466211756859781 0.157735806203757
0.0680872679398704 0.090255181468997 0.233246095157529 0.00963571480322606
0.068425405445773 0.102303357875428 -0.0483957829695568 -0.0824276442011691
0.070815740745589 0.0776672296814498 -0.261852861551013 -0.081303863339388
0.0365552573878949 0.0489719019195209 -0.493424491991945 -0.0595938733333004
-0.00103824849448435 -0.00583263435677962 -0.611625584808848 -0.0288670415666805
0.047686622247907 -0.0635856754758605 -0.692549970910872 -0.0077350752037038
0.131474043575474 0.0342937804635006 -0.670529172672942 -0.0556898256998951
0.0167913341988082 0.09709028144043 -0.551440505305737 -0.141609082484729
-0.0734687278379982 -0.00915116568235369 -0.199767408407178 -0.134664374809035
0.0828068010470443 0.00984810075818505 0.1123046106533 0.156944797187639
0.00444230310771453 -0.139764496467148 0.482311500214528 0.267059591807337
-0.133017699908368 -0.0645982053543086 0.665469321354914 0.165381072340956
-0.0950400663233058 0.0590227664822917 0.710565050624872 0.112139606237999
-0.0283819584825104 0.0116826626843616 0.663479516080697 0.10625433772449
-0.039841231155049 -0.0457073391535097 0.512094121795636 0.057490063198889
-0.0620795904998261 -0.0854218085262528 0.28771767358819 0.0122078667627844
-0.100344947391562 -0.103527559204725 0.035387725381817 -0.0370752733428667
-0.0781809044999064 -0.10123721465062 -0.16826657842496 -0.0823883505754702
-0.0330602442415374 -0.0537728357171108 -0.420681712272091 -0.167682853953367
-0.0408047397794329 0.0197046338121287 -0.574639309213776 -0.254569400659351
-0.138060730049547 0.0418310191660631 -0.645190098773445 -0.322919912889029
-0.161076007357574 -0.0955508798102576 -0.608209807575125 -0.324805159337068
0.00861995049184817 -0.125408343116714 -0.503607660518749 -0.294510027947664
0.0638099533567777 0.0098274019022929 -0.180468125165197 -0.157874111208286
0.0817529582631798 0.023664211044517 0.0931240435130622 0.159043819675964
0.0295114939564091 -0.131774272548961 0.459903205326381 0.32358356426132
-0.11203110368839 -0.0851264516964113 0.628058142922109 0.268758877072123
-0.100199828181749 0.0385897124099318 0.678041534153887 0.263583241586056
-0.032427703092501 0.00666191880200631 0.65787637941995 0.224870219362529
-0.0355705439467693 -0.0464548453841323 0.501733875392196 0.0971732276491779
-0.0570876622138499 -0.0820122502721614 0.260046918197361 -0.00433423433292409
-0.0997691737578299 -0.0947002568590295 -0.00334336025317501 -0.07471492740291
-0.0827578352307859 -0.0905115037267591 -0.208368788597845 -0.106523998989733
-0.0415266987717756 -0.0448261595953014 -0.452099127308508 -0.13811120068576
-0.0362497828600421 0.0229528486402778 -0.598091709318158 -0.151195418164062
-0.114309355589017 0.0583659063954749 -0.679922561624026 -0.174682593472111
-0.159002692196419 -0.0563583261924542 -0.653684402954162 -0.213083953909016
-0.0115022641890381 -0.112860702679074 -0.521965715985994 -0.232402282845538
0.0594322403069997 0.00118376331686213 -0.191355151001206 -0.146758703504844
0.0693759526503175 0.0308904626617551 0.0752754000099676 0.157244470850219
0.0451844272653462 -0.103554677092224 0.431005585087645 0.37773326788234
-0.0743836691363145 -0.083062579358914 0.575088340487704 0.359142455999931
-0.084160464997283 0.015288548960018 0.618819766796344 0.399049203279344
-0.0309346961096643 -0.000953729709367065 0.630255049657394 0.337944005612144
-0.0292065287161963 -0.0411345620428261 0.487749536053736 0.136782681273485
-0.0440791869954739 -0.0644017009399848 0.235994877183221 -0.0202732241087952
-0.0863087112348782 -0.0703926104660497 -0.0417106618988842 -0.106366006910943
-0.0733317664986615 -0.0659922716374509 -0.24808653275918 -0.119782291915817
-0.0397071695700124 -0.0279917041034624 -0.478278628142306 -0.101956188032185
-0.0314028114702268 0.0241197479695002 -0.606975696368294 -0.0548255987385387
-0.0821807532417634 0.0580742519763567 -0.688837337785801 -0.0335651998937994
-0.126057070251635 -0.0201522581628924 -0.673670304559639 -0.0974651052175361
-0.0203804260331303 -0.0817936459679542 -0.533646741498481 -0.166994561530086
0.0416539901690197 -0.00427449952717551 -0.201465998065972 -0.13502744752963
0.0508275074368343 0.0250096201824944 0.0623089683735365 0.155564216578603
0.0419060561319425 -0.0675015716361197 0.403782565173432 0.418441424750214
-0.0342486693810386 -0.0531735973474603 0.523121586188686 0.427545990910588
-0.0480309997041193 0.00199836712854644 0.553077181636646 0.499909523157821
-0.0217775403303802 -0.00643265219233984 0.59178718502249 0.423261802935002
-0.0219930887905565 -0.0271950406125231 0.472011173718442 0.166624247301786
-0.025277191797476 -0.036940962557426 0.218185661111722 -0.0306862927669058
-0.0614683877597454 -0.0348476298310931 -0.0709297632623448 -0.12824987373466
-0.0496820833615511 -0.0347618936454753 -0.279542501084537 -0.123397499383557
-0.0277386325754116 -0.00838841530405877 -0.498452105351995 -0.0654310012073183
-0.0246297775900697 0.0225549182148477 -0.602853445409583 0.0200556780803457
-0.0521317698800945 0.0402720234537187 -0.678993719512694 0.0675234764657592
-0.0750773630331233 -0.000461568199547503 -0.674875954627869 -0.00795754763609875
-0.01537074599763 -0.0424339080634557 -0.538429267867422 -0.115041907513414
0.0199722559529693 -0.00316860510091193 -0.207143449686239 -0.124266722416052
0.0297202429383623 0.00850461440770151 0.0562906950024887 0.156944260552039
0.022802523702952 -0.0308737230512985 0.382496696136207 0.440710216612066
-0.000323186523838558 -0.00379504510080398 0.486245476640727 0.462985304574977
-0.000943620648415969 0.00202800217649951 0.506224346426891 0.551234463263221
-0.00972041078840521 -0.00779784702997807 0.564089089000372 0.469723002718246
-0.0152356549986952 -0.00547101576223545 0.458711070869679 0.185944730740611
-0.00244144929769211 -0.000201718257802997 0.20937136530872 -0.0339093363251075
-0.0280479778386523 0.0059037754018518 -0.0865487052931243 -0.136326545709857
-0.01745706356604 -0.000670013672886622 -0.297685624326556 -0.119236536299065
-0.00862660230191617 0.0102147463901921 -0.505865461344624 -0.0408352808575388
-0.0179933375409752 0.017006410111699 -0.596802457477676 0.0606297312637164
-0.0264142665174253 0.0126489491549938 -0.667843566215088 0.125277276198754
-0.0160041553668137 0.00650217238805792 -0.667928608521449 0.0420646322506904
-0.00109491722799659 -0.00272719632471177 -0.538879905635874 -0.0823875986422413
-0.00481325453656602 0.000436434371901542 -0.209761564557862 -0.118390500840345
0.00792092585762853 -0.0120287479404698 0.0561750091836256 0.16251271447338
-0.00225411093503668 0.00443777864531282 0.375135786263495 0.443936233907004
0.0309856475147299 0.0494355330873073 0.477772394231437 0.470237575669955
0.0462728620672948 0.00512088021648872 0.499636309176967 0.562214367083951
0.00160058990792241 -0.00631151939494724 0.556404025273783 0.473004292334993
-0.00880238034801115 0.0187628308103326 0.452009960648295 0.190245233590497
0.0205391322319461 0.0373357251291602 0.207153242903067 -0.0265558185912781
0.00737443602282237 0.0460696338197284 -0.0876940149189796 -0.130542638777257
0.0172037729660821 0.030874761618775 -0.3004518235908 -0.110029119237022
0.0118348405756945 0.0248935004788876 -0.508302992212873 -0.0320947865266585
-0.0113991371113685 0.00882476952507037 -0.59698314803252 0.0656263079271629
-0.00358337099237079 -0.0196006325008523 -0.667830902881245 0.129556969887506
0.0419013103640951 0.00834886170293109 -0.66883878415595 0.0479779998402561
0.0146456845155732 0.0356305518063617 -0.542696482453574 -0.0781229995228754
-0.030156590248736 0.00363557860580841 -0.210298181030533 -0.121758392733165
-0.014602432454764 -0.026865795516007 0.0630639814867713 0.170740197468221
-0.0195264750981689 0.0396322597865587 0.380839222037639 0.424183765658779
0.0665424237322842 0.0892352115501455 0.497628091301765 0.44810953440608
0.0826033066260506 0.000762018175186739 0.536042930617475 0.520756027348207
0.00903720515666355 -0.00298585128457206 0.573902437497923 0.430448983494837
0.000543397853075136 0.0424415247526515 0.455766056545906 0.180324612046395
0.0446159713168494 0.0697939050157751 0.214682450262286 -0.00999322325508444
0.0414760533183298 0.0801027142054644 -0.0745631946815405 -0.11175840669278
0.0482595043213358 0.0579504880308685 -0.286976960324348 -0.0992246407070633
0.0277835227004561 0.0383732252940865 -0.504062829728393 -0.039665302282996
-0.00594313553895662 0.000579884060174731 -0.604303030892623 0.0345075122692697
0.0210619629370219 -0.047055067422064 -0.679087928790403 0.0837161595517843
0.0941793086540753 0.0148919675711409 -0.669562185876053 0.0151904471017258
0.0227351450783224 0.0699860833571639 -0.546834715386843 -0.0995365274435024
-0.0542419612032563 0.00136397935825478 -0.205670881827736 -0.128133006417378
-0.0338295981799911 -0.0303154169250083 0.0773866871620438 0.176507052904662
-0.0202305642832777 0.0689476561348229 0.3970638209554 0.388464622060185
0.10403452046405 0.100469642132476 0.54282039763204 0.393981410250505
0.101006888426433 -0.0159663780426695 0.60132934929214 0.429176908468719
0.0114307073811864 -0.00126840894776506 0.60370527345347 0.352057279564964
0.0130184474513293 0.0580132420850916 0.463855263124277 0.160708659379942
0.0674468118501612 0.0905609842372091 0.232031263773911 0.0105924338142557
0.068123770306199 0.103258222091969 -0.048494475213585 -0.0821006976854341
0.0697177206903819 0.0782138842461119 -0.261739507208054 -0.0822209875287599
0.036492260498168 0.0486029157071067 -0.491734132602978 -0.0633650472757891
-0.000819402605700587 -0.00509204236105249 -0.610083748056517 -0.0328057319311972
0.0478443044886428 -0.0625105352786466 -0.693663489438002 -0.0118031517950852
0.1315365228053 0.0342551888942313 -0.669092045280404 -0.0589832723146474
0.015900339457984 0.0966389736209035 -0.549353425025417 -0.143638197839538
-0.0736578516436528 -0.00964270892001898 -0.19872200315905 -0.135439887881811
0.0825567562482584 0.0095683648297822 0.111667729480119 0.159201150674439
0.00402085619965029 -0.140578580500688 0.480778131676747 0.270139273719796
-0.132933335500382 -0.0653472199295057 0.667119419173268 0.169327535043598
-0.0945394500145134 0.0587304373480517 0.711070630822218 0.115452459273025
-0.028066959389044 0.0124371913369687 0.662513388696149 0.106646786647898
-0.0387820914962246 -0.0463012495138424 0.51134575101239 0.0597191147884834
-0.0614580517883078 -0.086017721548715 0.288499540323409 0.0138597258991769
-0.100926658265614 -0.103311879668166 0.0360063006710436 -0.036293398457555
-0.0788815263987785 -0.102984438120551 -0.16829580412987 -0.0841773422638463
-0.0333805219932709 -0.0534333594163731 -0.420325604017567 -0.170300433291799
-0.0403080731817669 0.0197762144381387 -0.573319178373461 -0.257001482478318
-0.137931619544307 0.0413389157435802 -0.644052907000587 -0.32706189522405
-0.161097110278648 -0.097178996429818 -0.607992572797588 -0.328177277194563
0.00960681693199538 -0.12548839463832 -0.503075770832536 -0.296362994260378
0.0644638469956467 0.0104548846596522 -0.1799959498997 -0.160640751619569
0.0812686299614049 0.024285467014328 0.091549767475946 0.160517120620182
0.0294715566229514 -0.131093417488024 0.459956814658467 0.328092713833111
-0.112993077025143 -0.0856257183833038 0.627406261584817 0.272615778610167
-0.100556281895361 0.0384497916699038 0.678864482169629 0.266088639489017
-0.0322361033243914 0.00705084784849388 0.656795736595011 0.225862199515928
-0.0357471943521836 -0.0473283998335409 0.502407174157818 0.100441673158613
-0.0569592512281887 -0.0827531828190996 0.260566976771703 -0.00339658344887233
-0.100168323856946 -0.0944456392313412 -0.00399433086802588 -0.0745935949311136
-0.083605527627458 -0.0913851558208811 -0.207765905597279 -0.108022668679308
-0.0411275146309237 -0.0457175536239213 -0.45208134660066 -0.137924978242921
-0.0365185464087732 0.0230376443511407 -0.597805583385107 -0.155404573491486
-0.114635077719494 0.0589716737872054 -0.680638748544705 -0.178015183542179
-0.158932436926917 -0.0577441715562285 -0.653436445247124 -0.215271789330488
-0.0107070327095212 -0.113398573189202 -0.519823553282272 -0.235024347561784
0.0585350161681001 0.000994905921114695 -0.190527832978687 -0.148438019221982
0.0684933564777621 0.0318136831796807 0.0740913211769255 0.158502066028499
0.0455492822314396 -0.103737087121599 0.43039886228421 0.382160561043911
-0.075420244074064 -0.0835287804732294 0.576378922753095 0.362953012770224
-0.0840540795439764 0.0146717729334723 0.618533537624357 0.399730685036248
-0.0303396810786743 -0.000225144664145532 0.63010281014007 0.339377699642707
-0.0289998925710896 -0.0412595241141979 0.487515755741463 0.140019291488566
-0.0434153140465073 -0.065378085231954 0.235899130686649 -0.0189974524429034
-0.0864492383866653 -0.0698602139319424 -0.0411801325521323 -0.107083594041533
-0.0742258276051153 -0.0668472067613667 -0.24845538124277 -0.12214654198852
-0.0397435104003436 -0.0285309254584764 -0.478442200093531 -0.102331556183796
-0.0315887066772871 0.0241412959061301 -0.605685171028582 -0.0580579566143191
-0.0824258994767328 0.0583532311508495 -0.689735744392788 -0.0376956682210838
-0.12640835046412 -0.0212384808921286 -0.67333888231066 -0.101848187715834
-0.0200206033539694 -0.0823761523598428 -0.533464885652166 -0.171245578457181
0.0416490509032754 -0.00392378706261973 -0.200849147882075 -0.135945754195396
0.0497815347565213 0.0262752019750711 0.0614746010522317 0.157378048407414
0.041945328800281 -0.0671812521296564 0.401251790042555 0.422605859418964
-0.0345625999406888 -0.0537084278100902 0.524683784941691 0.430416103408741
-0.0480347825986084 0.0017437678294166 0.552572125826377 0.50124294224124
-0.0214295475197913 -0.00607468211782162 0.591715044312246 0.425789702302202
-0.0217638138780718 -0.0271648426579884 0.471909882148323 0.168303119995412
-0.0239702764706449 -0.0370836075160126 0.218031256350778 -0.0301613992840411
-0.0613022363527847 -0.0345620415536969 -0.0709460229337672 -0.129137937378779
-0.0504386198725727 -0.0352826799246076 -0.279606469953891 -0.125561592295286
-0.0274383480806576 -0.00828787147199294 -0.497142483818605 -0.0688987873821413
-0.0248943984098977 0.022522722740427 -0.603415840713321 0.016565428987049
-0.0522490159802051 0.0404172207077953 -0.679635982085563 0.0655639644969119
-0.0746793798350592 -0.000944503648306658 -0.674809249524409 -0.0113668255335543
-0.0156806685952261 -0.0432767066887513 -0.539601902002465 -0.11670189912475
0.019430396036787 -0.00249203493287893 -0.206667238068362 -0.126185019395812
0.0292846903031438 0.0090797055558038 0.0563809649437815 0.158253510195564
0.0222536261667092 -0.0308797925209784 0.382284294478158 0.444222513639913
-0.000215198020084863 -0.00422136544178965 0.48685449756739 0.465618487923787
-0.000491426808515529 0.0018431463985557 0.505573672554702 0.556727257522438
-0.00965734271780751 -0.00728480298617897 0.562385259491783 0.470661546728275
-0.0156560112290882 -0.00637483352096253 0.457533766105775 0.188970506087485
-0.00277014951416272 -0.000777236402990255 0.208256477028903 -0.0320756483614024
-0.0284462253305124 0.00645486550521721 -0.0873186747584126 -0.136880630855425
-0.0178783325310376 -0.00085132243963736 -0.297882529122324 -0.121665205527252
-0.00901145064279445 0.0100143127894023 -0.506698328222417 -0.0429429983308932
-0.0178186187517856 0.0167060610900245 -0.597892367779812 0.0581761949057558
-0.0264141712552934 0.0125204747712277 -0.667505005991467 0.119416454945865
-0.015853256992431 0.00593652506744904 -0.669939881296197 0.0381308247248317
-0.00109826956213695 -0.0026161738880508 -0.539355123778877 -0.0858659162890277
-0.00547774814348381 0.00160865579653858 -0.209454388890688 -0.121589364925459
0.00691194572524315 -0.0110056346693336 0.0551719345064286 0.164270136566773
-0.002552917993322 0.00446790864873979 0.373854605649274 0.44582763494337
0.030924989348994 0.0495987466097533 0.475583716967477 0.47371454954316
0.0458669131276057 0.00551553357223425 0.497658373855162 0.564088047901391
0.00165472203628115 -0.00510074381770036 0.55506650532269 0.474049661562434
-0.00895451145622731 0.0185028077872024 0.452194537269315 0.192164615650791
0.0199913552786293 0.0370443048718626 0.207417292926274 -0.0251129425117266
0.00707663106909691 0.0455639976829866 -0.0879382099594066 -0.131791977194394
0.0165552193789722 0.0307009381415815 -0.299951266795025 -0.113279326374752
0.0113911374637638 0.0256963538542627 -0.509235890674669 -0.0363920842253205
-0.0114633781563179 0.0091688448266402 -0.596613282085955 0.0632118217338446
-0.00291968710908413 -0.019121671286378 -0.669032931949517 0.126760702697953
0.0425845939556159 0.00788714599309787 -0.668819744256749 0.0446104186029471
0.0142261946008812 0.0350055126680035 -0.542100086369447 -0.0825858638963301
-0.0300012730945898 0.00366528015124762 -0.209818463085786 -0.12178905760129
-0.0142843351914065 -0.0260845817839112 0.0613576478004011 0.171682534636321
-0.0199715627694163 0.0400749718739605 0.379353959717161 0.427580732483104
0.0669100416644052 0.0895073754914205 0.4958682152606 0.451411674630012
0.0832106089988567 0.000771755122317512 0.534941186456767 0.523810864420505
0.00918197586969169 -0.00270674812103222 0.573792747167453 0.432678850036289
-0.000109775033625793 0.0422362784727595 0.454410191982578 0.18080911281334
0.0451155808476814 0.0699063153074899 0.215117867574947 -0.00802788341537102
0.0416194623219136 0.080478735916059 -0.0747965529362791 -0.1113707867985
0.0480051656123785 0.0584139133024928 -0.28767349441354 -0.0999700958862026
0.0277111345529861 0.0382379375751887 -0.503988667350961 -0.0418014209377439
-0.0062204374189062 0.00145692218556534 -0.604146869844326 0.0310043329226396
0.0212821486785553 -0.0468443612576655 -0.682075733978682 0.0815003239378893
0.0944087769162286 0.0156194261636159 -0.672175680685727 0.010718910886002
0.0221718153996589 0.0697662459204871 -0.548344986944059 -0.102847275072515
-0.0538225599967352 0.00157322298971746 -0.204922320509367 -0.128873711629101
-0.0339463661843084 -0.0307854248951089 0.0760814630582767 0.176933076306557
-0.020648837080302 0.0685453719161303 0.395007535970822 0.391858226042824
0.103072907486179 0.101743554093333 0.540792742683254 0.397460854123128
0.10083711677306 -0.0154923029653686 0.600856258755087 0.433543820392815
0.0124125332500744 -0.00129547881938947 0.602214869725641 0.354486535834598
0.0129657590317106 0.0582585585949303 0.464084948925001 0.163561147591716
0.0669182091233299 0.0901916195939163 0.232358476713538 0.0120086244050703
0.0676867980383591 0.10382366623777 -0.0488199042349053 -0.0819879300612929
0.0700648768723991 0.0790499549066831 -0.261165279472219 -0.0843765902396698
0.0363359006262678 0.048491822494889 -0.491683609924273 -0.064797811304167
-0.000996196651801256 -0.00473212395686499 -0.611104583181473 -0.0353886435306326
0.0479245703549943 -0.0627742695011484 -0.694090000173589 -0.0134944587987181
0.131058302703678 0.0353210347951965 -0.671186116974088 -0.062981568075065
0.0149723993035608 0.0966061304962196 -0.549262046854408 -0.14540374394295
-0.0744385038237357 -0.00969134490805202 -0.198500354079539 -0.137675745998024
0.0827564154711891 0.0108510493459148 0.110743182170929 0.160367853099053
0.00423971316495578 -0.141223171664054 0.480596893631688 0.273531741380372
-0.133555064104432 -0.0668013268336499 0.668230079509631 0.171403544505276
-0.0947781561839704 0.0592241021594038 0.713543168783969 0.117484848744671
-0.0283134636327168 0.0124636684383624 0.665794274428573 0.110447090209174
-0.0383998826532158 -0.0465123238362243 0.513592131836761 0.0642541251135897
-0.0613690800107178 -0.0872675282798643 0.288216593067108 0.0158105836304388
-0.101158136366451 -0.1037308208862 0.0357271998574076 -0.0368774832371544
-0.0789597163206549 -0.102477836107292 -0.169368924171576 -0.0857418574576005
-0.0324018001099529 -0.0544058897922084 -0.420432144729998 -0.172856047427523
-0.040111468440973 0.0194699042630522 -0.574817093458442 -0.261598966043889
-0.139018100642563 0.0425477730032628 -0.644254797931864 -0.331296420809925
-0.161107169641033 -0.0981914248824284 -0.608304958147123 -0.334138821654611
0.00939249157875401 -0.126407056375552 -0.502157581049525 -0.300680574881647
0.0641711882493992 0.0102332529461564 -0.17954332062471 -0.161558201839595
0.0808200136747997 0.0247667803715278 0.0905854725045476 0.16221041905866
0.0301296978509842 -0.132415768643042 0.459697715449344 0.331607532894142
-0.113470516568181 -0.0874198528167139 0.629652197074184 0.27711292319722
-0.101748831533989 0.0378310493326358 0.679489040121243 0.269247031516102
-0.0322003230061143 0.00712666189894805 0.658432841979531 0.229703318748325
-0.0343549041104221 -0.0478008182971811 0.503383640063418 0.101437222651482
-0.0572650390572065 -0.0829625995090355 0.260577915833445 -0.00206774805335174
-0.100617725767743 -0.09499317713069 -0.00466825513972863 -0.075337844940636
-0.0834527759416207 -0.0926875026337448 -0.208715440545513 -0.110666327145193
-0.0407640235589848 -0.0457842823529364 -0.452454257642595 -0.141821553318464
-0.0369373317160741 0.0227062449119835 -0.598643100183359 -0.157734791782843
-0.114554921532091 0.0597412906390049 -0.683963143339309 -0.179873632209911
-0.159487388413299 -0.058582338955852 -0.655425024983438 -0.220832496879073
-0.00961289622283065 -0.114203153233098 -0.521579268966928 -0.238583242014856
0.0595624056694892 0.00133660497833964 -0.19104906169389 -0.150539930619532
0.0691175610037171 0.0317498208066256 0.0734277657948417 0.160619860575244
0.0452530072390918 -0.104170834734366 0.429926022401636 0.385005799544085
-0.0757303815034477 -0.0844871375087601 0.578163745717813 0.365654197370373
-0.0841840149763048 0.0150383872730799 0.620255797836687 0.405745233629264
-0.0300002451999007 -0.000387056946948392 0.631087869260964 0.342793363070438
-0.0282502156097448 -0.0419066458570977 0.488925872421473 0.141959706644212
-0.0430570054592472 -0.0669112019027696 0.235870252039214 -0.0182453835490308
-0.0873164010494038 -0.0701644468409941 -0.0420815927428681 -0.107366986169225
-0.0747758731401048 -0.0669609381157586 -0.247822802612149 -0.124364020817133
-0.0395707325732163 -0.0286074579739625 -0.480726693021492 -0.105799330295377
-0.0312372803105848 0.0241404086354737 -0.60814139377095 -0.0601377991436671
-0.0832710384542683 0.0583722776661818 -0.692727467496535 -0.0408922371934584
-0.126220639266066 -0.0220541483439739 -0.676100003758531 -0.104095675492749
-0.0205264533870951 -0.0833100487014052 -0.535340363773393 -0.170603908458997
0.0423582241931928 -0.00395699379090578 -0.200965846417151 -0.138201476921871
0.049936644900302 0.0269851437377436 0.0606275483751845 0.158889772098072
0.0420271560688316 -0.0675397226532543 0.40139776798542 0.427272514030399
-0.0350989424343134 -0.0543983547139376 0.523689133771951 0.43363136916334
-0.0474898252633984 0.00191415868097871 0.553238711029316 0.506181088834565
-0.021594237742372 -0.00619485425945905 0.591091305790678 0.429244334029316
-0.0205312533899878 -0.0279721011989504 0.472317310357824 0.171157387528483
-0.0246619088393911 -0.0377940703350135 0.218850107696307 -0.0290933734068829
-0.0616029613340496 -0.0344180672514529 -0.0709526338348971 -0.129670175797058
-0.0508144423746537 -0.0356443672651789 -0.280619799288602 -0.127822163394836
-0.027707827136683 -0.00956538361216466 -0.499449658170511 -0.0708836330577659
-0.0247814053296798 0.0224583197562312 -0.605598030053341 0.0139758229176568
-0.0526204862561168 0.0410314355289342 -0.683207929756143 0.0627270792297248
-0.0746873934656743 -0.00120622430236707 -0.678583558521238 -0.016485058841718
-0.0153535119268604 -0.0431484843063478 -0.539106378265624 -0.12031396245705
0.0190794689326146 -0.0027898118812458 -0.207736651730352 -0.128177321920032
0.029129957594944 0.00953173647913728 0.0538824791616908 0.159877376464316
0.0221502597445658 -0.0310259104965333 0.379847495431452 0.448560514117596
-0.000385854188990358 -0.00393862065135098 0.48733904533417 0.470078322228794
6.77467004783221E-05 0.00191808881849021 0.502807343636071 0.559147493448222
-0.00890140149890727 -0.00766628999788475 0.560736585976572 0.476916713239553
-0.0148385607727909 -0.00698151156527291 0.457554377671608 0.190667340112873
-0.00239306642085259 -0.000894403144119612 0.20921194181652 -0.0315596568661929
-0.0287156831382023 0.00674366258082091 -0.0874215573312698 -0.1370698016269
-0.0181740084947243 -0.00126542157659121 -0.298674857082791 -0.123843756935391
-0.00853694466866415 0.00932120932473636 -0.507899692084896 -0.0468732880510199
-0.0176194713374425 0.017043661905113 -0.599520259784537 0.0559860590250089
-0.0258574984627697 0.0125858502414267 -0.671190005165827 0.118148065962221
-0.0159400109759672 0.00572983655083183 -0.673162409008768 0.0343383430813027
-0.0012428413526549 -0.00273194275191104 -0.542071765799193 -0.0871514128668612
-0.00524369131324764 0.00113120555991922 -0.210029902095357 -0.122144448472132
0.00744604648582364 -0.0105432424285198 0.0533567413592016 0.166491397900619
-0.00312255293146697 0.00476478934856105 0.372565881287032 0.450481156719096
0.0305165370030196 0.0497624898585213 0.47450223461346 0.477755497691882
0.0465487230167149 0.00578358134183181 0.497550339186751 0.568007451441801
0.00240845350124418 -0.00523639552046671 0.555407199046453 0.477301658753758
-0.00895827584489602 0.0189434634904951 0.451115380912028 0.192985632599731
0.0202548740218303 0.0366984458264567 0.207465537706108 -0.0246906651231873
0.00723389959099693 0.0469393785444131 -0.0886462319242366 -0.131911811508634
0.0162771285128161 0.0315721457999822 -0.30166518162427 -0.114816099678553
0.0117289893818889 0.0251041974954467 -0.509985782068319 -0.0375526493280612
-0.0115626560044259 0.00977764795301357 -0.600474416992549 0.0598968477382274
-0.00283916702058759 -0.0183561803956976 -0.670808812407162 0.124532976208632
0.0432040586211962 0.00862869043990949 -0.671571347775007 0.0411273454858613
0.0144268751040889 0.0354994165771255 -0.544293726076584 -0.0836691785140156
-0.0307560522620469 0.00402332445312801 -0.209780300876468 -0.123517642331564
-0.0147501036087265 -0.0265704256240682 0.0601984365733757 0.173908254354191
-0.0209461108683845 0.0396845327724976 0.377411105327495 0.431060743280885
0.0660691618501046 0.0900060624097715 0.495453603062354 0.454544710255742
0.0835799818913008 0.00123090758233416 0.534528229980244 0.526303081202465
0.00926822298825125 -0.0026224804444072 0.573119841444539 0.437947443162944
-4.02231404510872E-06 0.0420053866616667 0.455345801084661 0.184131102117244
0.0438265626842054 0.0694093382093933 0.214978532714602 -0.00776828933720453
0.0416570364433589 0.0817678121991716 -0.0748832962123568 -0.1124518303743
0.0478201580401347 0.0590036768537064 -0.287809112921977 -0.101995583757809
0.0271884345270705 0.0384958483142251 -0.506585818403941 -0.0445136101213334
-0.00570630266191687 0.00105702958602389 -0.60608734965198 0.0280124919038506
0.0220594070280537 -0.0463859106670588 -0.683548666759547 0.0783228201683243
0.0949403699845703 0.0157726037269276 -0.674866301106525 0.00850659834369362
0.0221575174960468 0.0700124016076332 -0.548722930969408 -0.106881200244483
-0.054930117925923 0.00113479762563828 -0.206055586295949 -0.130544361817228
-0.034330188312391 -0.0306822112978504 0.0755109897352251 0.179260057383189
-0.0215843532334497 0.0692114743225589 0.393924982845121 0.395425546151666
0.103039329088864 0.1015812065719 0.540114300662187 0.401542621938545
0.102344398486231 -0.0157004419014532 0.598757964435419 0.437004853351861
0.0126920219408676 -0.00147970538255999 0.602382593447332 0.357077342769476
0.0127684226072155 0.0588993571288908 0.463347265850841 0.164918171865932
0.067050365654186 0.090721469996949 0.232704764028623 0.0127144976888818
0.0679121364557667 0.105194676139449 -0.0483311664582885 -0.082544254708623
0.0696417733115518 0.0795558012904426 -0.262411707550433 -0.0862557032843527
0.0361477821921348 0.0484086621628018 -0.49336555557614 -0.0676165829459901
-0.000513697913078532 -0.00457804128114367 -0.613274453914043 -0.0395279979071424
0.0484398852467283 -0.0625517689581286 -0.696879777392827 -0.0169257812515637
0.132540484918416 0.0357150611247472 -0.673334765070524 -0.0650466217928709
0.015302309690101 0.0972316571969208 -0.551532615097149 -0.148284334839078
-0.0749444683113687 -0.0104487635627627 -0.199307094836611 -0.138451394122449
0.0832061653169977 0.0110757687830106 0.110574375716339 0.162029262165345
0.00423131644489943 -0.141937823112178 0.483900387651994 0.276797752865266
-0.135157339933805 -0.0678332034693499 0.67210009083215 0.175591510759468
-0.0952744388368744 0.0592941421090959 0.715750659513482 0.119883296417966
-0.0277902949258125 0.0126215037924788 0.667910043731949 0.111415681635244
-0.0378368839128673 -0.0479479023007409 0.515567499954452 0.0634982045665682
-0.0616159578936697 -0.0880796655757254 0.28945557264517 0.017108812080045
-0.101577758154265 -0.104006197820865 0.0357820995778962 -0.03688769604777
-0.0795211210238085 -0.104074865738468 -0.170026382369669 -0.0875542341700366
-0.0322986649923134 -0.054740159354718 -0.423660622767601 -0.175173155919855
-0.0403019040843061 0.0200786004294612 -0.574639590911192 -0.263776253260724
-0.139220975140968 0.0425535773441963 -0.647062885579472 -0.335355821434971
-0.161777293906856 -0.0992005526177118 -0.612176679700552 -0.337395804276083
0.0103714552736319 -0.127622075402348 -0.505076556538375 -0.304499898353432
0.0648750969271096 0.0109957416412129 -0.180657419234413 -0.163624431306931
0.0807343590787304 0.0259832253752183 0.090301916694774 0.164118928925501
0.0300208441320003 -0.133296417233024 0.461037863879553 0.334787282041568
-0.114261228951128 -0.0884926636900661 0.631970672112846 0.278577277920043
-0.101387347805505 0.0378853149916397 0.683247693540275 0.271885726159277
-0.0314730693591632 0.00740001941862808 0.661538318934719 0.230890626178088
-0.0346338520883365 -0.0488191842677482 0.504724200347219 0.104953094188776
-0.0575942051413138 -0.084962255011909 0.261124570926437 -0.00121079905034045
-0.101548717788604 -0.0954466240269878 -0.00404457398961812 -0.0755460126992732
-0.084504210825315 -0.0932910927931542 -0.209850450395742 -0.111828740360058
-0.0409186256848303 -0.0468159248674863 -0.453657894234636 -0.143709702630771
-0.0361943549041832 0.0229482503821292 -0.601107298045902 -0.159134089771789
-0.115624555958901 0.0592282632322439 -0.686747879185697 -0.182943791281214
-0.159705288800328 -0.0589996985453482 -0.659156617299003 -0.224502313870932
-0.00991000945344838 -0.115037288642959 -0.524299012762153 -0.240982191035715
0.0595694131602561 0.00177255346968322 -0.191639065335764 -0.152022650138838
0.0692204914134001 0.0328635294026539 0.0720727659671063 0.162682876636744
0.0462364787964592 -0.105414576727228 0.432893365200639 0.389411132420521
-0.0762616297958511 -0.0862960033330767 0.579869642978815 0.370498270089824
-0.0841726283557555 0.0148295232625604 0.621303174539951 0.40816221152052
-0.0292946808882946 -0.000272649919410631 0.632952549343534 0.346333082805584
-0.0276580313402703 -0.0427941661541193 0.491326434446755 0.142911798040882
-0.0441436908577886 -0.0673038676622131 0.237310009258727 -0.0174810714424712
-0.0876794431627749 -0.0703767982534841 -0.0422409814369757 -0.107992318915419
-0.0752368225623428 -0.067701137765863 -0.249844244112736 -0.125309585340184
-0.0400569675844306 -0.0296706757885064 -0.482446141418394 -0.108718104666676
-0.0311507537574253 0.0249939138239431 -0.610594932216886 -0.0612136693957581
-0.083333294853689 0.0590417796735385 -0.69631180264091 -0.0427795713671631
-0.127270748671083 -0.0224288384281026 -0.678844860161519 -0.108064123738373
-0.0203652751537274 -0.0838203905192819 -0.535970523431396 -0.174219322214368
0.0422039844230125 -0.00316804645541858 -0.201454580462255 -0.139179944813814
0.0497122623281384 0.027860739321916 0.0608060514952157 0.160705144467429
0.0414301946013816 -0.0680074388197164 0.402495949388012 0.431012807286959
-0.0356817270924018 -0.0555651657584137 0.526192337239925 0.437943924166637
-0.0473901957399411 0.00124454598483726 0.553654956069131 0.50973299125524
-0.0205070858130067 -0.006035503581696 0.592188367177937 0.432174055022028
-0.0206682805871597 -0.0281673995970272 0.474738168344937 0.173448604323729
-0.0244777879812134 -0.0385626108235235 0.219738008877483 -0.0289944317397249
-0.0623275157329197 -0.0347531400828057 -0.071497213295117 -0.130679451914228
-0.0513917830262963 -0.0359356804615354 -0.282618547867127 -0.129530497521046
-0.0275925850200132 -0.0094194880911721 -0.500946672897256 -0.0724594048530669
-0.0244173804222611 0.0230217748847892 -0.607500102454273 0.0135249796039412
-0.0523037421123589 0.0419745646954864 -0.685527780497128 0.0626105911824576
-0.075620239555154 -0.00123877243207235 -0.683051944601958 -0.0186911461143672
-0.0159641410118253 -0.043883154779911 -0.543316241673382 -0.122709308106085
0.0196653407913328 -0.00274320195119657 -0.208381212132277 -0.128786565577553
0.029012358516752 0.0105556870775348 0.0534052397696103 0.161829462698785
0.0217961372582401 -0.0312015350916463 0.38225584929265 0.453362632178632
-0.00154276951515093 -0.00416520154510531 0.489112383235929 0.473767002960848
-9.95042866899409E-05 0.00205481015688708 0.504563010729549 0.564227850303334
-0.00831210832335774 -0.00743950401251656 0.56363657258123 0.477552699054992
-0.0145218551730082 -0.00683983116274055 0.459288638546238 0.192070400922127
-0.00312279927157504 -0.0015585095826303 0.209327588356748 -0.0313764355258795
-0.0286605227675045 0.00654087264889908 -0.0881646022562639 -0.138600917478864
-0.0193084633828678 -0.000883924929611857 -0.300750927028859 -0.125556577577496
-0.00843414000782527 0.00873594273682064 -0.511637327300154 -0.04724863258367
-0.0175067270665059 0.0176065621298801 -0.602658844081241 0.0557255614833289
-0.0262508332441571 0.0125196254458062 -0.67572387924988 0.117432298999069
-0.0163174120134667 0.00543957062796113 -0.676936510580116 0.0333775274593333
-0.000800359533763565 -0.00315131467207829 -0.543012590503978 -0.0907842156103889
-0.00542488071066725 0.00157477613730483 -0.211014125132409 -0.124215262169145
0.00709137344820545 -0.0105992426273341 0.052783590055106 0.167941480587686
-0.00337370870601509 0.00453752949208024 0.373029907131931 0.455652582506412
0.0292010225982489 0.0503038584300224 0.476926874253768 0.481496328141193
0.0468415409320738 0.00553759597633434 0.498913180358127 0.573358367815422
0.00319250949151452 -0.00521690332742867 0.555665814983371 0.48206920533697
-0.00857812980072528 0.0191576941394295 0.453111105039547 0.19606519453667
0.0206989475627463 0.0371499866362956 0.208553007299831 -0.0240451037238807
0.00757192617806334 0.0474688716214679 -0.0893596351709039 -0.132382052053548
0.0161757229584445 0.0318613092909084 -0.303057933662805 -0.116961538114277
0.012171349838927 0.0252231940042824 -0.513292694430591 -0.0384086887940957
-0.0111422251420502 0.0104181632065153 -0.60284942086318 0.0598145408179925
-0.00266356223884525 -0.018360490549527 -0.675224679999468 0.122934029212969
0.0427056188847031 0.00776818109489133 -0.676422533339446 0.0400539539217946
0.0144681317920903 0.035270084991301 -0.547723378435226 -0.0865893871118659
-0.0305032891946181 0.0043503818132728 -0.21069636348316 -0.12625391380829
-0.0149137881097358 -0.0256502375250945 0.0596539043270366 0.176084341187285
-0.0213056379067839 0.0407923920626752 0.37942362345315 0.434359492027897
0.0661230021979599 0.0900531204485494 0.496540452649613 0.457490245084502
0.0839233285736833 0.00126758969829626 0.535340147232014 0.53104825465331
0.0103977092010243 -0.00227026818459146 0.575061761587128 0.440185207362855
9.72453053459804E-06 0.0425418560339843 0.456803690470141 0.186346959955589
0.0444534009431517 0.0703169817183592 0.216298986047751 -0.00827055766695247
0.0418761372704746 0.0827976557556028 -0.0754124865559953 -0.111962318845361
0.048054793395619 0.0595159855750255 -0.289699116811552 -0.104525909619
0.0276187531711205 0.0379392043494233 -0.507998837268092 -0.0465904405316921
-0.00598896122287526 0.00150094580780728 -0.610371557748087 0.0275030246220643
0.0213143322994257 -0.0469970970575284 -0.687304463312864 0.0775775985469862
0.0959434207409355 0.0156598655178602 -0.677753279724834 0.00612076480166857
0.0213469173643138 0.0702806404619359 -0.552208858535601 -0.108038913252108
-0.0554566257175978 0.00180132285490622 -0.207614777252101 -0.131678225572888
-0.0342734582486205 -0.0304040301913387 0.074582849935115 0.182301228108413
-0.0222177233930496 0.0702236792830409 0.39603910225221 0.399490537263619
0.103702283321527 0.103247525099684 0.543126805381337 0.404351259177376
0.102257245355499 -0.0150512228226138 0.602299932505271 0.439124143799973
0.0128867557954447 -0.00122921197224943 0.605416845324485 0.360830285514601
0.0128738668711787 0.0591665887596905 0.465250279319056 0.167040946460471
0.0667594197417635 0.0912316421034224 0.233506608667844 0.0131582185246849
0.0687064938231131 0.107246896022715 -0.0503202190181342 -0.0821659529557099
0.0703089004363855 0.0814322034958348 -0.263237463162547 -0.0866815784213116
0.036274468980814 0.0495510319026798 -0.495960704536261 -0.06922808574514
-0.000596797373472214 -0.00489345057814271 -0.61403255061408 -0.0405266738578817
0.0485719171662395 -0.0625360138034609 -0.698881253838411 -0.0191620456552529
0.133523012549937 0.0359010841891378 -0.677216665934248 -0.0684937763862653
0.0142522668993501 0.0986036321447594 -0.551584922752487 -0.149983044085032
-0.0749885932626481 -0.00992263522310991 -0.198960970362965 -0.140577522131264
0.0828488889648973 0.0113955432382315 0.111066463257198 0.165306098902766
0.00440272587714674 -0.143066548610286 0.485799103865912 0.280372375033444
-0.136209012673458 -0.0692092948426095 0.678943280344412 0.177374452099058
-0.0959383029260841 0.0591197021735816 0.721837561340335 0.121696442965118
-0.0285749474501611 0.0127673053912997 0.671445785432704 0.113415099969317
-0.0376658979719633 -0.0483087389445856 0.519421883163355 0.0645978239354166
-0.0627869066412205 -0.0896087258376974 0.290705585188433 0.0170030377432393
-0.102501745841342 -0.104885583684753 0.0351648620641553 -0.0372855631807267
-0.0813043664013689 -0.105190860842674 -0.171053830232466 -0.0877850683805057
-0.0322298673293049 -0.0559481460667337 -0.424774726402745 -0.176724509092804
-0.04023601959801 0.020422368123319 -0.579775872380248 -0.26675237464975
-0.140890173893119 0.0424946268819028 -0.653234571909311 -0.339550607290265
-0.163062033389358 -0.10021918034443 -0.616535192532218 -0.342864577626525
0.0106906475398022 -0.128866583080479 -0.506144636169418 -0.308068861217465
0.0646179295690259 0.0110162886485553 -0.181261383440585 -0.164861031261627
0.0814483451026182 0.0270057408354427 0.090224669262038 0.166412747242389
0.0302177318815946 -0.134526297891678 0.46233676830677 0.338462893087513
-0.115396726321097 -0.0897266389776073 0.635824100535056 0.281161168809909
-0.101911101988967 0.0384606040066257 0.686719220285293 0.273600189403166
-0.031519521014473 0.00793069166590486 0.667269212227926 0.232875377550915
-0.0335460753407511 -0.0495638125897714 0.508575271761907 0.104504355394013
-0.0580848262492119 -0.0858381880101704 0.262734713774443 -0.00052638962516947
-0.103611588326087 -0.0961791381384105 -0.00505165167938615 -0.0756036407697179
-0.085818023062322 -0.0950488486024786 -0.212354583246215 -0.112747299312586
-0.0407885054656833 -0.0480985159866642 -0.456028645875946 -0.146085251877086
-0.0363799717053948 0.0232246696166701 -0.604785484942185 -0.162921002625986
-0.115951307473586 0.0601949998720424 -0.689462660973013 -0.185741536176494
-0.1604077908029 -0.0608803206121864 -0.663968555205923 -0.227433155460117
-0.0103797359458255 -0.1165575516729 -0.527140862345697 -0.244259271570563
0.0601463563088227 0.00202234787534721 -0.193553106571051 -0.15365134894617
0.0695322314191928 0.0338438873032478 0.0723088179215495 0.164890648406068
0.0456410940371452 -0.1060425594551 0.432862873532551 0.393678811464507
-0.0775185046249858 -0.0867887211951448 0.584201745950019 0.373500303267398
-0.0852929895553857 0.0141083170152743 0.625115107158199 0.412957245594648
-0.029544509903492 2.75230541418959E-05 0.635861333706277 0.348529836906747
-0.027442803548655 -0.0430859386869437 0.491743184937108 0.144060576284961
-0.0439815115664511 -0.0684802041288008 0.238300221885072 -0.0173177056340555
-0.0881643831489883 -0.070696116725723 -0.0433960950729418 -0.108880260388682
-0.076791206898968 -0.0692093546985254 -0.25112024842294 -0.126951930386256
-0.0398522504086188 -0.0304428612673729 -0.485013269863626 -0.109486721643723
-0.0303954014344303 0.0248468714243803 -0.613775679766526 -0.062693101575261
-0.0842095589420569 0.0601940616551405 -0.702046071133395 -0.0437821280431834
-0.127679366443357 -0.0228933219802046 -0.686523882619469 -0.108815457310404
-0.0201742524377707 -0.0850378946628817 -0.539295792471293 -0.177169412827727
0.0426075054455855 -0.00363828228039205 -0.20348710997984 -0.1412466199827
0.0504301290361608 0.0282267140890036 0.0597438939504015 0.163539139998841
0.0423021405300209 -0.0683835186075052 0.403778571607675 0.435024292607652
-0.036003803959078 -0.0560341365443926 0.530885792823021 0.441331220617168
-0.0481688069980379 0.000820635415645248 0.557151341132797 0.514971548171935
-0.0203767052480316 -0.00614094051511494 0.596739004994166 0.434937780635461
-0.0200078940363341 -0.0293016989860006 0.476177062905153 0.175882631197732
-0.0245220776388123 -0.0393252730429441 0.220307501117487 -0.028518628278044
-0.0623854631148118 -0.0346927808403044 -0.0734846247934286 -0.131773719107841
-0.0523981781928241 -0.0360132865370109 -0.2839038161396 -0.130675070849399
-0.0276906098944791 -0.0101113733878421 -0.503332304107533 -0.0737864752266773
-0.0246913848160367 0.0234843306099334 -0.611295824174356 0.0116829577220009
-0.0530754111976126 0.0422945443004729 -0.692189418490243 0.0626970857063727
-0.075122583188306 -0.0010969982044812 -0.687554415121296 -0.0191639455396758
-0.015642945629592 -0.0448966832993769 -0.545501758125636 -0.124420886302937
0.0190958080555369 -0.00243681561313284 -0.210206181531017 -0.130987219786332
0.0286433169562316 0.0112899333757145 0.0534552173923901 0.164355381915378
0.0219021650185424 -0.0311137669827856 0.384230054859848 0.457768908505335
-0.00128159790995433 -0.00431665503770575 0.491772702316908 0.477983267956154
-1.09066446759586E-05 0.000986913306880976 0.508168368871865 0.567788371892504
-0.0079927731926583 -0.00715689374661119 0.566850546947565 0.481090817427103
-0.0137407453592292 -0.00674240234634974 0.462974740797442 0.192735495610793
-0.00250133801213731 -0.00248361872852852 0.211184883357689 -0.032256490901926
-0.0296149435339287 0.00756141335376976 -0.0900617690909477 -0.138967777678992
-0.0195066683665139 -0.000750281218823264 -0.303234635961167 -0.126518235027676
-0.00901799963180829 0.00831639049334464 -0.514337713640689 -0.0489951683173521
-0.017380567232468 0.017903977113651 -0.606295145815017 0.0546481428314637
-0.0266284869662889 0.013156081553479 -0.680790730165542 0.118379985162239
-0.0154110585954132 0.00565665493924775 -0.681381840747844 0.0330034671063045
-0.00104701369248165 -0.00302373452615436 -0.546956458899875 -0.0922626998912349
-0.00548689911491446 0.00129645428605967 -0.212647314731452 -0.125476782704756
0.00670239895370525 -0.0103713694094123 0.0521077339782273 0.170491963754954
-0.00384059019989672 0.00542760058693166 0.375168379691024 0.461155279733554
0.0296909990738874 0.0509263872721319 0.480799281778621 0.485298787333814
0.0473131502191171 0.0060033174318579 0.502127810775987 0.577888473531055
0.00357973561136856 -0.00491998103776307 0.560253278993963 0.485836450594163
-0.00825288806774834 0.0185260959653901 0.456606184745875 0.197728846676872
0.0205023085249181 0.0362996328910662 0.208749235343199 -0.0240925145623779
0.00737416049146055 0.048885023933763 -0.0900836349834063 -0.133632934606991
0.0164061160870536 0.0316032572354802 -0.305357989248434 -0.117267406141633
0.0113848568372133 0.0256317791216166 -0.515715810828157 -0.0389233066227502
-0.0108544076556332 0.0108915930003498 -0.605578857185213 0.0592944891476806
-0.00249636577947805 -0.0188111204119517 -0.680153087434034 0.125216311348713
0.0444181041255748 0.00771505269517186 -0.680753523307286 0.0400597195503657
0.0139327428647782 0.0357589317646868 -0.550932662805203 -0.0870986194485967
-0.0312333733275983 0.00493039520930176 -0.212215079980903 -0.127522761481102
-0.015415373232591 -0.0257587014100645 0.0588815752378319 0.17789669186448
-0.0219794701952862 0.0406378206534011 0.38130744422374 0.439766724922281
0.0660264056587783 0.0918726841855862 0.499919836815341 0.462523175327611
0.0847906957347665 0.000493921394415005 0.539397349805172 0.535814070812777
0.0112889144195867 -0.00362914989656597 0.577927182492375 0.4438712504584
0.000891041219621908 0.0431401759116036 0.458470862658281 0.187390814526453
0.0441533303118753 0.0699640648085129 0.216558768242583 -0.007176527595321
0.0415407564511331 0.084096351860562 -0.0763053103700969 -0.113360227059401
0.0482728791849301 0.0597144713277374 -0.29100860708793 -0.104628534990908
0.0275722298107994 0.0388292018338098 -0.511429633226726 -0.0464826220603792
-0.0058017665051285 0.0022465531357892 -0.61275021644147 0.0271325303109926
0.0218782450296998 -0.0467085332984483 -0.691391410018378 0.0763116760122607
0.0969989386024843 0.0156335989522995 -0.682851066052086 0.00563601536118048
0.0212710372239898 0.0710483750233429 -0.553693189520371 -0.108761275308093
-0.0558761578843236 0.0018081666522564 -0.20841987846215 -0.133072043547643
-0.034922063609785 -0.0307061075275518 0.0751334096068882 0.183945272873975
-0.0234702443115148 0.070504310261124 0.398230403361786 0.403407904955428
0.103689925737668 0.104435006281789 0.547080019477602 0.407991389265723
0.103475067900346 -0.0152598313697539 0.605276067966392 0.445352983007358
0.0133888419558823 -0.000763971374209025 0.609494903969975 0.364962139606216
0.0134857806470441 0.0591683256019016 0.467199612978008 0.168319909528792
0.0672244740827547 0.0914344928348239 0.234258878639591 0.014806457354796
0.0689091111898749 0.108221714038942 -0.0507524034918685 -0.0826111201822451
0.0710110593379006 0.0811977572032592 -0.265121671286083 -0.0882893312681437
0.0362917422883514 0.0497515907046571 -0.49900465184363 -0.0688789310983308
-0.00102232113332952 -0.00408566541825817 -0.62041593559025 -0.0426394041384787
0.0490774615493417 -0.0627278966206132 -0.705328611169331 -0.0200912404352816
0.13519025369765 0.0349828108723206 -0.681830968053412 -0.0696987367668212
0.0148747183799439 0.0984035181504996 -0.555720599580075 -0.152049411081974
-0.0764479266825402 -0.0101285354649286 -0.200712561187087 -0.141222917072609
0.0835294839403204 0.0121600700942428 0.110911888911443 0.167799924863917
0.00322184079366764 -0.144863022374553 0.491246009783294 0.283082237859408
-0.138133685145191 -0.0698623943767602 0.685053551848005 0.176411795630647
-0.0955688864451925 0.0603063733133522 0.727282466104768 0.118172823587966
-0.0276398926272818 0.0133725523587719 0.679032056370152 0.111826821599924
-0.0374241056321983 -0.0489617507519879 0.523342943076636 0.0643312433064232
-0.0630938011972635 -0.0905026010504673 0.293535848127249 0.0173628858639889
-0.10488485314009 -0.105587724433264 0.0345578613646744 -0.0378071095898414
-0.0822016668620896 -0.106503523791402 -0.172394557314779 -0.0898095276790396
-0.0326509630540127 -0.0570837607190539 -0.428389591214756 -0.177838027986208
-0.040240019578799 0.0209547026791793 -0.583923364940355 -0.267982202338549
-0.14182483015937 0.0434327532967044 -0.658135807195961 -0.341254551617966
-0.164479115664601 -0.101945197941727 -0.62256757026088 -0.345639162363314
0.0102059725531206 -0.129766200498926 -0.511804113908988 -0.310305213498231
0.0653999696041807 0.0108725660222734 -0.183493930203101 -0.16667266769905
0.081506318001117 0.0274034904946769 0.091154538882297 0.168463817450675
0.029693641116814 -0.135612114475807 0.467977300566034 0.340854993535818
-0.116975084002214 -0.0907399542576668 0.643244173073118 0.284655523768029
-0.102450441947167 0.0392162597055661 0.693920886638698 0.274571444852413
-0.0309486967029912 0.0078818041249165 0.672535285509257 0.234791852305725
-0.0340202849609903 -0.0505420097002703 0.512196387213504 0.104801040427763
-0.058576144622338 -0.0873698129689909 0.264447075939958 -0.00101589572146376
-0.104449054485678 -0.0966362578183613 -0.00546824816129295 -0.0761901326233542
-0.0874339132217401 -0.0956596253884375 -0.213368862583188 -0.113941375616504
-0.0409946052687276 -0.0494821886730331 -0.460354010841142 -0.146801830429333
-0.0363374859983418 0.0241654641135692 -0.60905902049133 -0.162921637556774
-0.11724554519759 0.0614385984187601 -0.697251419620553 -0.186502066590464
-0.16206143515693 -0.0605665733918643 -0.668944416428876 -0.227813357588037
-0.0104855453774358 -0.118224153877629 -0.531884168168654 -0.245592071607325
0.0602261883497517 0.00245099771338918 -0.194654804422797 -0.155090923818733
0.0692237046303356 0.0349050625983216 0.0725580594010569 0.166523423244531
0.0454628085726376 -0.106522467571866 0.436453545961075 0.395823421287309
-0.0782924718534299 -0.0876244677779549 0.590016618600022 0.375619957504047
-0.0858348680927649 0.0155541233094617 0.630070890876099 0.413379138248346
-0.0295517539776032 0.00062819350291917 0.64394249003144 0.348866061482053
-0.0269774314895357 -0.0439340700411427 0.495784929524123 0.14390934304872
-0.0443911327062852 -0.0696623908091681 0.23984211010061 -0.0170079989627186
-0.0896513434016195 -0.0713145518174376 -0.0443458441024693 -0.109654182599578
-0.0778474475783195 -0.069344515419999 -0.253897251231731 -0.128560021169115
-0.0405104667622619 -0.0308306260112103 -0.488710854873772 -0.108624601146242
-0.0306935423814306 0.0253483773826232 -0.619320007198794 -0.0626807376981009
-0.0844985763905711 0.0614228035783909 -0.705279162386266 -0.0425191016737296
-0.128625915681353 -0.0226935588353837 -0.691722296335153 -0.110288675032509
-0.0205322857667475 -0.0865906194402095 -0.544687854570602 -0.177802051715557
0.0429745605252146 -0.00377598214330412 -0.2047562509526 -0.141927987570057
0.0502062440484475 0.0290051513166856 0.0597797367176818 0.164759671422596
0.0414461170782524 -0.0688537539351634 0.407008363516871 0.440447804196213
-0.0374045814918741 -0.0564243927841894 0.534973389105484 0.443902015218159
-0.0485764757135634 0.00165995010841213 0.563177217732842 0.51773071254884
-0.0201212462128457 -0.00536821993087134 0.601716660859342 0.437958775077954
-0.0196127176189917 -0.0290228354643814 0.480798382585811 0.176116449867369
-0.0254634252613573 -0.0398465055897567 0.222666629858332 -0.0287205847755918
-0.064011877817167 -0.0340854351179604 -0.0736498169226695 -0.132048857859785
-0.053512541606186 -0.0365756335552443 -0.286869857549859 -0.132273051866772
-0.0276389550832137 -0.0100178016725647 -0.509292146903966 -0.0749861420674338
-0.0240405547002001 0.0245103659607566 -0.614552390604111 0.0120760631309458
-0.0528175303637763 0.0429306310504217 -0.695662988423426 0.061607793134297
-0.0759523632934603 -0.00175219207382097 -0.692935698650621 -0.0202332398462079
-0.0163122974327137 -0.0451058092424863 -0.549861491762485 -0.122729210106185
0.0194590234270954 -0.00251382938512505 -0.212519726376093 -0.132478173133482
0.0290207036908041 0.0119768959884177 0.0537011593937341 0.166188866049491
0.0219145985466713 -0.0310000837491508 0.386173901284993 0.460916827189505
-0.00212799895432325 -0.00437628571679003 0.495473406232475 0.480826965579371
0.000186069341443564 0.00110574747245268 0.512380296290995 0.571988874791697
-0.00794698867251588 -0.00711625203322158 0.571447360822168 0.488016562717687
-0.0141869993584931 -0.00706924344204636 0.465731105155424 0.194219930429224
-0.00257540103427768 -0.00263859332908043 0.211769708965682 -0.0321826461164593
-0.0291916210544298 0.00739039021908509 -0.0910672405059545 -0.140005999462797
-0.0197556554637941 -0.00200450474409887 -0.305520966572185 -0.127442326198189
-0.00859792659121084 0.00900248919154918 -0.517991045284754 -0.0476303233147214
-0.0170657077541077 0.0183903052489014 -0.611355165763547 0.0560014796774583
-0.0266463249595752 0.0145621222956454 -0.68614454689867 0.120848338141689
-0.0156530815397021 0.00529246478162888 -0.687944061322624 0.0329078093605286
-0.00165170187333601 -0.00324257370949222 -0.551748315460463 -0.0911859157505776
-0.00529170458317737 0.00245711429063919 -0.215213090256715 -0.12677915889667
0.00657198039429793 -0.00985160238504288 0.0525945209723359 0.17206563333477
-0.00417743916385148 0.00533901239755682 0.380069692860582 0.464569974581826
0.0295512069515778 0.0514482142100685 0.484847122980201 0.487847092997856
0.0479023225338172 0.00600052524028134 0.505745179127416 0.580827571461039
0.00373179027655763 -0.00508585519858745 0.565332984071639 0.489807146531815
-0.00824010389003968 0.0187682386946484 0.460760957664205 0.19742064744213
0.0203833895817779 0.0367742854257105 0.21063064124365 -0.0236928225007753
0.007267543484168 0.0498071696274225 -0.0916495631535961 -0.134513584223768
0.0162780521600336 0.0315713241494046 -0.308441435116618 -0.117609307978661
0.0117037588196336 0.0248853209884758 -0.520235319150719 -0.040170350993785
-0.0112831570478008 0.0104854461433495 -0.610123599124826 0.0600130481088436
-0.00302714474374844 -0.0181853441940501 -0.685358352541081 0.126740694725413
0.043805871447781 0.00746273353708217 -0.686845516544903 0.040720061656655
0.0142246340943359 0.0352928213131462 -0.554725089506844 -0.0861258559721221
-0.0314664176812547 0.00486191797649534 -0.214144571989013 -0.127404263885619
-0.0158912472216624 -0.025765872979204 0.0592481155451136 0.180471570944355
-0.022473228559574 0.0413135713688518 0.382889062048784 0.443163222563151
0.066606414209471 0.0923461527816893 0.505982509875934 0.465066030714496
0.0858919523204037 0.00120831766504726 0.543508871731311 0.539085742927965
0.0110552790428927 -0.00271903575887369 0.585488240031146 0.447814810612118
0.0012343470698643 0.0428996075452872 0.461364576008153 0.188370220517183
0.0448847505628339 0.0705999588682563 0.21782193425676 -0.00741785986417024
0.0428941323207123 0.084774554860013 -0.0780448177859232 -0.114027501195567
0.0483928390952517 0.0600271034179643 -0.294174419580723 -0.105004671231289
0.0281778742717289 0.0384880973225985 -0.514791872049648 -0.0461321388001141
-0.00600479757109519 0.0018026615450699 -0.617490970370235 0.0274249462992435
0.0218599150992933 -0.0474914098576519 -0.696575546594968 0.0807553313638177
0.0980081236672238 0.0144818659030839 -0.687413711202068 0.00530162062742711
0.0213520625347774 0.0710721556772308 -0.559997613253313 -0.109380971232279
-0.0563482446671633 0.00211368780682361 -0.210060392356611 -0.134093125178031
-0.0352389824724196 -0.0299495794211619 0.0759262901680381 0.186425125679527
-0.0231326734295132 0.0715674412826636 0.402298800036012 0.409297328826252
0.105156673682288 0.105079399000506 0.550753444992578 0.410300080242338
0.104396990681552 -0.0165135892518321 0.609950338257341 0.44629881013617
0.0137445317925461 -0.000825224794832414 0.61436033073458 0.366294636703126
0.0140101477006807 0.0595742775781702 0.472609865609702 0.168141036066884
0.0681988599995923 0.0921177069818886 0.235881840636168 0.0146925239821454
0.0695782263774812 0.109035288326075 -0.0517617305386545 -0.0828221994905267
0.0703352247004564 0.0813100131177903 -0.26738451506075 -0.0883116040353082
0.0364102139354745 0.0496067900096928 -0.504134935260249 -0.0697550556134912
-0.000632590078772664 -0.00410782034648856 -0.623556102522418 -0.040920531992382
0.0496579368153262 -0.0629615426259959 -0.710974256206386 -0.0192069301356519
0.135884414741965 0.0346973545167501 -0.688893363118692 -0.0691424848878484
0.0144033001174001 0.0986016945981082 -0.560813956147094 -0.152922787643619
-0.076844599508303 -0.00955907768081614 -0.201866354559872 -0.14290869691641
0.0839776282203263 0.0125308491511978 0.113686761995534 0.168702329166059
0.00251242801751642 -0.14680254287568 0.495003396757102 0.284322169039475
-0.139704403410169 -0.0698232130541797 0.691016874353348 0.176437802152898
-0.0961495686904563 0.0614305912729427 0.734043017531597 0.117374309523232
-0.0273996045409944 0.0139587311094328 0.686254386014446 0.109708308852824
-0.0375211777589541 -0.0503775455120793 0.526756600394878 0.0638398834570951
-0.0644471138384681 -0.0919945615682134 0.295688833880615 0.0155800722948541
-0.106357175946595 -0.105216304192061 0.0346978982673132 -0.0380077140726424
-0.0834633748351711 -0.107487157421543 -0.175207248836838 -0.089470483616721
-0.033121538568123 -0.0579192707808177 -0.432165060318657 -0.178212099316577
-0.0397189590755806 0.0210072354040191 -0.589578598766168 -0.268668839866483
-0.143264930360796 0.0455867823910655 -0.665702880415672 -0.340473721848253
-0.166288478039434 -0.101798883990988 -0.627768631243029 -0.345248999817028
0.0101286548722419 -0.13148198100541 -0.516854772904313 -0.31031262602177
0.0654642252516664 0.0110283626539562 -0.185154647427382 -0.168062800159869
0.0824919770206265 0.027983651147594 0.0921652953474805 0.171132183384543
0.0288827306431753 -0.137361657810295 0.472764778284631 0.344561308597805
-0.118707834463871 -0.0915231059713078 0.649749653988922 0.28494673009934
-0.10328138151658 0.0398786939970414 0.701039140561748 0.273987967967992
-0.0309723151398152 0.00842433198172377 0.678248097728519 0.233819879650058
-0.0335898663573934 -0.0515406433778062 0.517388201473506 0.104650336313509
-0.0598915749778623 -0.0880915910072049 0.266261364443478 -0.00108575934794208
-0.106078893349979 -0.0963077482429318 -0.0065265678700548 -0.0767756203941013
-0.0894434100520481 -0.0957493872792021 -0.216061846509926 -0.114416642400597
-0.0414338232479193 -0.0490989190951012 -0.464688756216339 -0.147880238574213
-0.0356959042792305 0.0241898010900199 -0.613769457291819 -0.162278133724064
-0.118074165309658 0.0628260126438646 -0.704064913055833 -0.184751803082085
-0.164040931490034 -0.0606695735466613 -0.67650892823672 -0.228290296986791
-0.0111919903439502 -0.119287260491079 -0.536666121033992 -0.245359889972666
0.0604501865911553 0.00136558194936127 -0.197322577253591 -0.155996633556238
0.0700875069435348 0.035570504073438 0.073972120318762 0.169176756704024
0.0451406130362308 -0.108292914535302 0.442176025995518 0.400687189303645
-0.0796027625400889 -0.0887958961657435 0.59466655596381 0.377767585701302
-0.0862778745099161 0.0149069177197341 0.6370501736816 0.414277070355105
-0.0291172847556775 0.000588224447150635 0.650604625943733 0.349529295821702
-0.0270663820877577 -0.0449623951377878 0.501901703257642 0.144943056269958
-0.0457367302596741 -0.0705265266208091 0.241883345719153 -0.0177583006961222
-0.0914565439027503 -0.070550543280309 -0.0456690108629549 -0.110823978902395
-0.07904353985652 -0.0699438263723501 -0.257134284417395 -0.128922049991948
-0.0409961963543193 -0.0315666192557872 -0.493226099255851 -0.108416853715139
-0.0308081657001811 0.0258640624499144 -0.624098553711404 -0.0620368727125236
-0.0849155257716654 0.061648028562369 -0.711168690624445 -0.0400188247357207
-0.130219805541295 -0.0231162452562014 -0.698541332619363 -0.1093351770366
-0.020885051950767 -0.0865633938363619 -0.550195679431675 -0.178088210957007
0.0432578579484394 -0.00347047165551546 -0.207444130455787 -0.142871658644524
0.0509257511148049 0.0299154662622808 0.0603649730794441 0.167850031781286
0.0418375686201342 -0.0697755244603522 0.412275516251491 0.443877367778171
-0.0375356848476169 -0.0563002048868653 0.541564075756256 0.448001152235776
-0.0483402852494816 0.00106677678210712 0.567314764190708 0.519252509646502
-0.0204116111353656 -0.00551946577549216 0.606827522229994 0.439408533387963
-0.0199739618925785 -0.0300918331014467 0.484992169997802 0.174870454415893
-0.0253957260224961 -0.0413294274822213 0.223269094027687 -0.0306290554952109
-0.064666867634979 -0.0334555592047386 -0.0765313771326405 -0.13217407121102
-0.0545376922499992 -0.0366210458341698 -0.289721146575819 -0.131924076413912
-0.0280207876343969 -0.0104325356704233 -0.513785081057087 -0.0722868251318275
-0.0240073979091455 0.024161657296695 -0.621105376779383 0.015046630308905
-0.0533484410493899 0.0432314881902419 -0.702579319662781 0.0651389486083167
-0.0770347540488656 -0.00231338501273025 -0.699508163310919 -0.0169016673507153
-0.0173104427788597 -0.0454771843189052 -0.55482720286988 -0.123369002008636
0.0194260269175668 -0.00240089586602758 -0.214388336785178 -0.133328047087491
0.0295963002042253 0.0122021556137347 0.0535681923223576 0.168088857454154
0.021513336162293 -0.0316238469559388 0.392054745335295 0.46475479746989
-0.00285344762188353 -0.00456988084321722 0.502309156352888 0.481939716349718
9.87722831435334E-05 0.00093153451823863 0.518748080756426 0.575333280811354
-0.00772741731324098 -0.00745634345150057 0.578766282099435 0.487516670479552
-0.0141533293847962 -0.00762011910783117 0.469886685564518 0.194381675892282
-0.00302083357432655 -0.00311993481071612 0.213647812376827 -0.0319261290287287
-0.0298188732711155 0.00854928807706132 -0.0923519224169253 -0.140538383610386
-0.0200734348759541 -0.00165385504760652 -0.308653190713761 -0.127861606558325
-0.00874483605700158 0.00832544723286225 -0.52276722470368 -0.0464749743076312
-0.0176018796363733 0.0181528592019267 -0.615034754832746 0.0588611631776707
-0.0268807115190175 0.0141870833121366 -0.690887264670096 0.123165848130139
-0.0160223328773637 0.00547411810787214 -0.694385317588865 0.035621550804155
-0.00133889100697866 -0.00402082806645602 -0.556801365344004 -0.0908320744600353
-0.00615907765896287 0.00199840988364077 -0.217135322606344 -0.12716741727806
0.00740304328202799 -0.00923238020354786 0.0526258264779702 0.174763201893131
-0.0049506788649381 0.00490949079523932 0.384318344219511 0.468473624646333
0.0301588064942645 0.0523596231821579 0.491029485161607 0.490393660162716
0.048367489495938 0.00514115733750952 0.513486832873924 0.58426041724878
0.00431601340216687 -0.00535430719779945 0.570324374277812 0.490694932794393
-0.00812005456345487 0.01822051365122 0.464415982781416 0.198848492865591
0.0199804045972232 0.0364315920348133 0.212460564648158 -0.0254983828948041
0.00793008908510133 0.0504947204017743 -0.093687658752013 -0.13407995081859
0.0161204346989977 0.0318524589754592 -0.311204266737485 -0.118391968327955
0.0113600829614273 0.0249693348732611 -0.525633031065805 -0.0364270746573301
-0.0109149237415005 0.010930469490631 -0.615206857540521 0.0624362638135677
-0.00331223042992971 -0.0189708389091623 -0.690658724242052 0.128700788585167
0.0453326001718259 0.00678414428314037 -0.693707373459845 0.043311225162919
0.0145137719857331 0.036060218405196 -0.559250966451125 -0.0881184362289012
-0.0316359866251295 0.00521435946133407 -0.216706456016007 -0.128974766355116
-0.0160181068139148 -0.0256584406383529 0.0603855571393775 0.18299856721324
-0.0226466855025614 0.0422877600316661 0.388934155963893 0.448624598262325
0.0670200761806576 0.0939396104150046 0.511859924064352 0.466636581454511
0.0867755546945689 -0.000301242504971715 0.54981189985115 0.542884203714301
0.0111511329865531 -0.00220586802083537 0.590354846753093 0.448330469999046
0.000938172119817124 0.0431709792403369 0.466869436334292 0.187883291914396
0.0447728480299245 0.0705989306679537 0.220581387114147 -0.00809424153236712
0.0434919924104821 0.0861093175395494 -0.0793635055313944 -0.114120436565321
0.048977342208835 0.0608477809800264 -0.297605761141416 -0.104988072314097
0.0279850190201392 0.0382085876457509 -0.52061544095319 -0.0448183626901955
-0.00540251873243613 0.00185821693849972 -0.621883665733526 0.030064198947379
0.021953227763586 -0.0471177425708066 -0.702773313775269 0.0823676398613013
0.0998640207550885 0.0145084749857847 -0.695628075194318 0.00851053884945567
0.0221451268116052 0.0716528932299848 -0.565367733214091 -0.107006687305459
-0.0573246016293785 0.00259960079504648 -0.212472508795733 -0.13540369962415
-0.0355521883218179 -0.0300656335634492 0.0770968309600479 0.189052940725086
-0.0237459562256023 0.0725477597834354 0.407254454889899 0.412313673676167
0.106131730011625 0.105991186265025 0.557422116657962 0.413200904130408
0.105821916938278 -0.01681022250087 0.617894533909642 0.449294762885617
0.014107446956774 -0.000655756683235281 0.619526013290109 0.368063307005739
0.0144396745814708 0.0607188053468551 0.476948996949428 0.169288951325033
0.0686073546639664 0.0924383823876418 0.237966160335831 0.0137313175498758
0.0709939297141846 0.110719782593908 -0.0527109525740572 -0.0834540777045928
0.0716556443702427 0.0821185543226784 -0.270712295116202 -0.0879908955803841
0.0367392388907586 0.0497051819397199 -0.506971145807621 -0.0689186383183548
-0.0010679242222832 -0.00323529998132402 -0.629624990633771 -0.0389966974658196
0.0501599107292633 -0.0639294417472293 -0.716494799644537 -0.0147280838660183
0.13725230151298 0.0346145665421012 -0.693862239322352 -0.0675837062205507
0.0151654162252913 0.0996613275826121 -0.566242877482705 -0.153350513641524
-0.0785407814214167 -0.00893723522907623 -0.204824717527363 -0.143582648531608
0.0850304467106036 0.013615251653958 0.115592470246157 0.170808806214085
0.0012582247272769 -0.148193858198847 0.500542201525369 0.285017942142401
-0.14222106810412 -0.0696024596163011 0.700458217247375 0.174593934270192
-0.0970763715367647 0.0631788917397844 0.741123092802018 0.113632122077913
-0.0268440626454893 0.0139288254948597 0.692456148080115 0.105200091810318
-0.037592198288426 -0.051199163632793 0.531902377158843 0.0609193112700733
-0.0659396483273159 -0.0925439738811814 0.297729003676146 0.0149645252730679
-0.108451820711547 -0.105168295514205 0.0340370962618653 -0.0380443461358108
-0.0855399173965661 -0.108209255161153 -0.177348211089062 -0.0899608293122879
-0.0330277763968162 -0.059096783334721 -0.437485346266183 -0.17592018886402
-0.0392181314490935 0.0212269285845105 -0.596453217832656 -0.268333533365178
-0.143690940705842 0.0468198596195085 -0.672414385607597 -0.340857775774864
-0.168028688787838 -0.102612821741093 -0.640214358723886 -0.348651824236069
0.00963234095619816 -0.133344434964933 -0.523098709913681 -0.311248168219645
0.0663778219258442 0.0115826926552823 -0.187957166579287 -0.168165855229516
0.0832075347760426 0.0282346352697153 0.093311873118258 0.173316850382719
0.0277206369438785 -0.139522333954568 0.478124260503805 0.344897262649822
-0.121187974188495 -0.0912112907484543 0.658784629562763 0.283685674712594
-0.103290521910941 0.0404704906761438 0.707924028086828 0.272194098661392
-0.0308027751155742 0.00841730349844833 0.685538747169696 0.230845924179146
-0.0336335920129287 -0.0524853584828697 0.521153056517219 0.102196668878499
-0.0609984802043992 -0.0890050851464897 0.269502406144447 -0.00271912836475516
-0.10839585728814 -0.0962657968408865 -0.00761126217794795 -0.0772742959403401
-0.0907433975341527 -0.0959143519589917 -0.218163894545998 -0.114560818938832
-0.0424913722516496 -0.0498718149180724 -0.469863878551039 -0.145500758788167
-0.0359205278704121 0.025022904152444 -0.620120111963977 -0.159999223347213
-0.118647014965709 0.0637991334066071 -0.710921527761049 -0.182633139648221
-0.165533776591168 -0.0603747682488783 -0.684965412361539 -0.227703424141077
-0.0115873512341447 -0.120426779435637 -0.54258960752423 -0.245811144622258
0.0610077777175281 0.00185676654634976 -0.200291743044683 -0.156951283035654
0.0707870538292592 0.0352585585637212 0.0746380659030879 0.171476206699818
0.0443429466792282 -0.109329614260954 0.450375764530532 0.401727574016356
-0.0817179428704553 -0.0889342491548094 0.604084125956288 0.376476065171952
-0.0871355875860813 0.0159586409211189 0.645844809929009 0.41396220677653
-0.0288473928503979 0.00079946629222841 0.657904804084012 0.347353558355526
-0.0270705138504389 -0.0453097397007788 0.507863452038177 0.143917593461258
-0.0464355456746813 -0.0713027957451396 0.243620628422521 -0.0194558896645417
-0.0934304213972082 -0.0703743952378778 -0.0471292406394143 -0.110653588641257
-0.0801206291139058 -0.070603476010816 -0.260733749993787 -0.128984826458166
-0.0406659701133401 -0.0321665580754875 -0.499332147337909 -0.106372338008175
-0.0307001444927187 0.0261275719255614 -0.627899397743525 -0.0585328782015831
-0.0853594778795693 0.0629622344357109 -0.719285376033999 -0.0375490946550125
-0.131348492508095 -0.0231772161512877 -0.706096488840503 -0.106332254636979
-0.0219487908532954 -0.0879998469855326 -0.555474753467925 -0.176223124347717
0.043720889973751 -0.00358603784864707 -0.211237495266805 -0.143773023378601
0.0516402992859959 0.0303537416798296 0.0614706207157202 0.169578607332173
0.0411675321610747 -0.0706611937284739 0.418215278801263 0.445367951864136
-0.0391135822319336 -0.0574542232351894 0.549876176838922 0.447372687391069
-0.0488256387320138 0.0013523931058771 0.57640232236284 0.521739676824548
-0.0202114700983778 -0.00559664539055188 0.616150177641543 0.43900665303351
-0.0194401801931599 -0.0301859808827952 0.489274326786182 0.173253198360269
-0.0263080957925862 -0.0415994301981244 0.224555332846251 -0.0318248437447108
-0.0650520251717776 -0.0329953222471671 -0.0787125202201903 -0.133383105201489
-0.0554790875231813 -0.036686343910039 -0.294494633808606 -0.132479771478692
-0.0284910276529881 -0.0110916418450309 -0.518730707480739 -0.0704108567164802
-0.0236314502186637 0.0245208742086959 -0.626806286869714 0.0183134115027412
-0.054101188703123 0.0449986991538824 -0.709511764425097 0.0719053035710374
-0.0779536453779939 -0.00128340979785736 -0.70699836787718 -0.0143946125069013
-0.0171558620884374 -0.0467244567817079 -0.561603314547212 -0.121801812128876
0.0198910426164299 -0.00210544796443015 -0.217094388276317 -0.133169273746269
0.0303400536348725 0.0131361845378606 0.0541438845005781 0.170735015271601
0.0209852052739108 -0.0321607025841422 0.397458579578055 0.467632829692248
-0.00340680100718934 -0.00465903967833696 0.510697729850486 0.484331263909558
0.000413989406198763 0.00140716773304329 0.524929659865968 0.577011482741723
-0.0073941291596556 -0.00714564025588929 0.586556646203604 0.49042572589427
-0.0130555766576743 -0.00817763015070009 0.47516740569545 0.193496035358611
-0.00341356414479866 -0.00371962290260076 0.214813417028957 -0.0345328701248987
-0.0296691898399751 0.00933016553832254 -0.0952355191530573 -0.141375614214235
-0.020588780802663 -0.000663535057465852 -0.312763009212567 -0.127796108486823
-0.00902656218621802 0.00787515477644507 -0.527850635587614 -0.0451293966480427
-0.0169000886055942 0.0195148733166346 -0.620056908184148 0.0605813733623334
-0.0269718860020117 0.0152046795248874 -0.69766766764584 0.130942925934954
-0.0162059902449166 0.00491906382932741 -0.700526659673842 0.0407219126838159
-0.0019479363197934 -0.00372091591141569 -0.562516910262711 -0.0890117038594658
-0.00613701771023816 0.00309497250260972 -0.219982692759132 -0.127273702326199
0.00770889406133747 -0.0093572632653818 0.054029449946807 0.176603545311354
-0.00436613149204216 0.00595165096253584 0.389629517624461 0.472359333602417
0.0300212316588417 0.051857237807372 0.498487078784202 0.49210277188335
0.0488269684609169 0.00461171775400976 0.519536529755778 0.586848476027977
0.00530014880719863 -0.00561639134227194 0.577546851511483 0.491135486370715
-0.00714486908150385 0.0189281884737527 0.468179360046094 0.196722463634371
0.020682064001075 0.0363705624419385 0.213137502631776 -0.0257515683883446
0.00798324622218625 0.0515501191193628 -0.0963513716866993 -0.134810337992026
0.0162918316626552 0.0323085173580445 -0.315201829048433 -0.116996267146886
0.0118631448186883 0.0243806676665705 -0.529344787036436 -0.0357291055706968
-0.0106790951091299 0.010604553731293 -0.6199527764788 0.0671968469378929
-0.00342503520031895 -0.0179625018090025 -0.696270610987913 0.134032073206752
0.0451912377162346 0.00640875294914569 -0.698673000642222 0.0472434205003169
0.0145204970679344 0.0356969231632995 -0.564507260453352 -0.0850724962416614
-0.031411323587347 0.00592514447435898 -0.219680895926801 -0.128658925752732
-0.0160099046520647 -0.0251795896932139 0.0617790524698002 0.184916529329368
-0.0235125399590903 0.0431463701005712 0.397471016341222 0.449457958299573
0.0676693025263425 0.0946799463718413 0.51930263914834 0.469434135584961
0.0877342194057217 -0.000376173722783033 0.556586314373242 0.544537409041197
0.0120413406082659 -0.00351870669670401 0.598620832430641 0.449504732779973
0.002079764192878 0.0438466119931225 0.471248011951431 0.18740676696677
0.0460906675407241 0.0701630967453126 0.221446638988336 -0.00939029775616821
0.045626417586221 0.0872268492027603 -0.0814392924678475 -0.114104742858424
0.049798162379148 0.0609893789098068 -0.299694824476965 -0.104159938871689
0.028628476057943 0.0383107629905449 -0.52470960244998 -0.0424666766935432
-0.00566195863024437 0.00285432604397732 -0.627832080896466 0.0318572326161039
0.021329448778441 -0.0479002442430993 -0.70948995707428 0.0870806542617639
0.100217189986465 0.0135968250147512 -0.701326522918714 0.0124161751955764
0.0225859975263595 0.0724844601971064 -0.569849437478992 -0.105514999004323
-0.0576420889161101 0.00283767594467357 -0.215712641234543 -0.134895202251212
-0.0364858001503643 -0.0304502830127633 0.0776395570366837 0.191539982085808
-0.0238726935961138 0.0736067724426801 0.412900165421535 0.413110392618201
0.107178267885513 0.105971807986598 0.56604717297813 0.413399035807873
0.10645959372055 -0.0181718016525469 0.626463518705461 0.448655283394259
0.0142082571854085 -0.00151114965029597 0.626516062062509 0.365951063417763
0.0147641885657174 0.0610294036674191 0.481161173552176 0.167533261771957
0.0691919897858136 0.0930917928309856 0.240610775822364 0.0124249473776275
0.0735272847405403 0.110511677142036 -0.0546971146765383 -0.0840262555194357
0.0736257633285999 0.0827407785033734 -0.273714156937355 -0.0871887151219594
0.0372207453928682 0.0497432188432871 -0.512202915256613 -0.0660555824833939
-0.000959472318149135 -0.00382516049356508 -0.636084197319891 -0.0357339678106597
0.0492702376357208 -0.0648675787492547 -0.723590161694688 -0.0122145944700463
0.13955752756159 0.0344840099676676 -0.702582093167541 -0.0639625145698521
0.0160779650149485 0.101260637386687 -0.572902218126854 -0.152560102227464
-0.07943087279759 -0.00874229139533819 -0.207275021153648 -0.143762487400139
0.0857111707767335 0.0124821231004222 0.116895011184379 0.17191422465443
-0.000388073030575513 -0.150295223464878 0.507368448224739 0.283491276333641
-0.14471535824077 -0.0690382936701347 0.707844859593197 0.170590601700859
-0.0964405233563072 0.0641435188358587 0.749569408864751 0.108220013984553
-0.0263166808487804 0.014698411022512 0.698108681566309 0.0997481738746612
-0.0380285019725061 -0.0516728733633568 0.537115669084079 0.056937354288237
-0.0674635448383298 -0.0936328431752505 0.300107696568891 0.0127488411761019
-0.110670316462465 -0.104001124538226 0.0333709661148461 -0.0398234274562887
-0.0880445361758539 -0.10850219566197 -0.179446272555773 -0.089383079063908
-0.0339439398918807 -0.0597784584908773 -0.441355113723568 -0.174127605438372
-0.0391009512913227 0.0212582207888913 -0.602701011439147 -0.265503909449972
-0.144420413721847 0.0490200562783261 -0.682172513678777 -0.337639154814098
-0.170830154443763 -0.102302882084084 -0.646891953279998 -0.344400985392886
0.00834864977817358 -0.134878101779416 -0.530512674060675 -0.309389544865091
0.0657259361804643 0.0107510300381522 -0.190832085842976 -0.168793113105649
0.0844920381024307 0.0280070806433976 0.0956153229095594 0.174995386526997
0.0267637721814487 -0.140078147689628 0.485638878468377 0.344237549881274
-0.123925596119988 -0.0921074311635488 0.666744717062589 0.279286282928887
-0.103532699315979 0.0421457544971724 0.716415662939577 0.267705354044207
-0.0298466418724901 0.00906017589106831 0.69102271944656 0.224081427284416
-0.0342428357705401 -0.0532315658866724 0.526832095882759 0.0984386118944762
-0.0626188264244305 -0.0892721874914156 0.270384457590032 -0.00611070500331316
-0.110361155335511 -0.0953914633292155 -0.00808103631177619 -0.0778459773427877
-0.0927877494890528 -0.0966682135034964 -0.221140398781503 -0.114680540416524
-0.0429683320510287 -0.0506776275319327 -0.473585603087519 -0.142049460021535
-0.0352677339558782 0.0253977297942028 -0.625811893917115 -0.156012483053027
-0.118640738006491 0.0660604945675527 -0.718930822253702 -0.178344669035134
-0.168003671193826 -0.0604677507115095 -0.692793784279642 -0.223811620795255
-0.0131364885613722 -0.121755376955558 -0.550165472416606 -0.242730623172342
0.0611576344723181 0.00182464342317235 -0.202563307344735 -0.156993931970795
0.0712758124323682 0.0362220166919839 0.0772838984973213 0.173181344993217
0.0436835161006728 -0.110840921083926 0.455528974069963 0.401352470529983
-0.0832244580025221 -0.0892553726771128 0.613126474124918 0.375245142716425
-0.0871353512037901 0.0168323070177962 0.655858316070838 0.41241664103393
-0.0285348792198608 0.00135716672790815 0.665432840141132 0.344121154426569
-0.0270486487808322 -0.0465399269261755 0.510858779941357 0.138974449695342
-0.0477383967151782 -0.0725262443175509 0.245141042098215 -0.0221979139679098
-0.0946020393259302 -0.0694904460917363 -0.0487531610501389 -0.110628063610208
-0.0818055388455088 -0.0702898179541246 -0.26396700137068 -0.128588592360513
-0.0419328357415565 -0.0315804501198255 -0.502921439734225 -0.102997043391814
-0.0295369797227889 0.0265886923956284 -0.632823921825392 -0.0542915239853104
-0.0853236876578316 0.0650224720534024 -0.726663940045485 -0.0301830381416144
-0.132872078899596 -0.0221634097214599 -0.711079062002143 -0.102103027321451
-0.0228971636966226 -0.0886744550975511 -0.561840825702454 -0.174641832698482
0.0437141487858786 -0.00396614856113546 -0.213731242549173 -0.144130463440535
0.0520412770063946 0.0302092808725516 0.0629885050507446 0.171022570760384
0.0403864035594808 -0.0721425662480026 0.426169492897499 0.445536816019182
-0.0405516653657842 -0.0576499270299401 0.557839210931756 0.445949847665783
-0.0483122608245748 0.00209399162615943 0.584610386566472 0.519266711699318
-0.0197564464022269 -0.0053027245122626 0.624289822074232 0.438405925321068
-0.0188261909018998 -0.0308406221180131 0.494923418015578 0.170320199417895
-0.0268394925675253 -0.0426731995665641 0.225885398502852 -0.0333307374854801
-0.0663822151014738 -0.0321265979463535 -0.0806650047739794 -0.132990453415481
-0.0566199820575689 -0.0363587722433492 -0.297951353051649 -0.130976385317993
-0.0289034799835682 -0.0112492932951768 -0.524099175351728 -0.0657186780921781
-0.0235877108734651 0.0250302375176893 -0.631020509944935 0.0242223896982659
-0.0542717913183614 0.0454076154355164 -0.714411226024196 0.0785583543128198
-0.0780043699254821 -0.00118201984639225 -0.713833566555289 -0.00876060153659415
-0.0179038487606558 -0.0472008780052365 -0.56662540854259 -0.119000480490963
0.0198856389754651 -0.00229244683377902 -0.220796136158756 -0.132220809807524
0.0303291258299773 0.0124932624975566 0.0568557470037387 0.172736015966482
0.0203138197959522 -0.0323936987511582 0.405991364983034 0.469594190136055
-0.00360402061967517 -0.00416946118614715 0.518963021966707 0.482760375136946
0.000342137163020031 0.00136576558365499 0.534880266393329 0.578083103052099
-0.00670418475824408 -0.00710826883768289 0.59565100586385 0.485847666594946
-0.0132372088066296 -0.00851674441844508 0.479207022213494 0.190225675914011
-0.00387986922091998 -0.00385201631344225 0.216066226744819 -0.0364032273078241
-0.0301330239754786 0.0102427866689966 -0.0980589795411527 -0.14139436982182
-0.0212674717927462 -0.00126305419143258 -0.316633712038141 -0.125319172588928
-0.00864554605988036 0.00775367782282837 -0.531944504653394 -0.0399519557852877
-0.0168818008453075 0.0187889919937344 -0.62183329784918 0.0685565260034117
-0.0276578162250528 0.0154302181792919 -0.699214220257647 0.136235313487072
-0.0162410316624741 0.0048733181286698 -0.707016134549452 0.045646786708433
-0.00230657846047054 -0.00424578662703424 -0.565647892671604 -0.0863466857881173
-0.00619499348690116 0.00277156601435248 -0.223557176922202 -0.126639802956719
0.00762359352687244 -0.00959369186814245 0.0550946531996646 0.179329512484293
-0.00483086770318725 0.0063204593371631 0.397055019354513 0.471759787900501
0.0304965338241108 0.0527362497481167 0.506970367656955 0.490339906551075
0.0495833255059951 0.00435989053168391 0.528109465854384 0.587715086399709
0.00471852755807922 -0.0056518919616428 0.586582854190209 0.490772061291137
-0.00696140857878647 0.018733658447575 0.475121562959284 0.194357807274046
0.0211740718958512 0.0356517263495513 0.214550688634411 -0.0282831014883892
0.0089660115392337 0.0519466003780804 -0.0985518823159579 -0.134792464186879
0.0166817487981685 0.0321691052405096 -0.318872315661414 -0.115400669867098
0.0124984743209073 0.0248076417648025 -0.534607407590086 -0.0296967649181724
-0.0107011806896404 0.011476801027816 -0.62473521487594 0.0731375920402669
-0.00352766535105067 -0.0179774750575348 -0.699438274770065 0.141895037190363
0.0459242690729043 0.00587369407920589 -0.704626518762247 0.0533361980204984
0.0153249558461441 0.0357741072139924 -0.56928334156258 -0.0792048293346512
-0.0325763512050744 0.00673357119115731 -0.222591061512924 -0.128432310591209
-0.0164748069797591 -0.0253191472013764 0.0635343065816596 0.186882418051318
-0.0234101695097144 0.0437181401812267 0.402031717292646 0.452433482443986
0.0690740750175266 0.0949808657878381 0.526994539836321 0.468891082422092
0.088010001972469 -0.00201416826700129 0.566254382118889 0.544306071761648
0.0119142924425521 -0.00344485993526866 0.605136676443325 0.446108500078886
0.00259774902586119 0.0438330046379602 0.476645421632631 0.184403662689785
0.0468335323320828 0.0708649360079529 0.222987738874825 -0.011233229849281
0.046005075510287 0.0875334926084714 -0.0841286022800916 -0.114793795846815
0.0506330649135395 0.0613386033069381 -0.304618187056063 -0.101969802999518
0.0290448716267031 0.0382393286757714 -0.529825677626185 -0.0399316319623738
-0.00558807504959341 0.00278800716851271 -0.632111369198609 0.0383803749931088
0.0213338262686654 -0.0478720457328549 -0.712714178811109 0.0947255451945173
0.101305886588536 0.0120634636565635 -0.707539979678703 0.0179497953435138
0.0236306109787975 0.0725294757321096 -0.574648868695792 -0.100658597006421
-0.0584199185574432 0.00426628764588933 -0.219006819087328 -0.134701212860685
-0.0364772371246225 -0.0298272658965105 0.0791947241174071 0.193470661787597
-0.023607571853988 0.0749700692675231 0.419646176911881 0.414217850202972
0.108679979598556 0.106487144705336 0.573835730069336 0.410435147117553
0.107443513385483 -0.0196732399646748 0.633358037152144 0.446409829028393
0.0148155157969377 -0.00198033217981853 0.635898538169924 0.364477667755807
0.0162047414672908 0.0610263768472214 0.486273522082528 0.164672590307645
0.069840408199961 0.0925132758485921 0.241924882141108 0.0108178314954701
0.0755827781883475 0.111590604307137 -0.0563599811815846 -0.0836187176751325
0.0743638264392095 0.0827624316757173 -0.275811133024779 -0.0852380377096371
0.0376647968618687 0.049687360218642 -0.515814683416712 -0.061802315481208
-0.000167936918109897 -0.00365002481060159 -0.641699063633149 -0.0321559514568138
0.0496579982589475 -0.0653654347600965 -0.728494945664145 -0.00574496485402463
0.141620003407062 0.0328036714552816 -0.709461756572365 -0.0599339537638644
0.0166256044289808 0.101587505330729 -0.577111237651499 -0.147712244891997
-0.080332336770057 -0.00700184689070849 -0.209648391664875 -0.143048974642102
0.0865406404496663 0.0125131893723634 0.119842032095924 0.173124361924493
-0.00343815232042307 -0.150330458504469 0.513005987281029 0.281479317423301
-0.146365637390201 -0.0687155909345163 0.714184489954627 0.16265921404101
-0.09659261754931 0.0660197186602227 0.754327159365334 0.0989280310377938
-0.0259131681225956 0.0156404129724588 0.703650641181673 0.091426488010225
-0.0378651153791512 -0.0524418976861922 0.539564958657785 0.0532527678783227
-0.0694574803206839 -0.0943431894378424 0.301895085421952 0.00976353935980107
-0.112789711545691 -0.103491337636113 0.0331424306030352 -0.039406877730637
-0.0898997590042396 -0.108974311545371 -0.181525954318623 -0.0888732423414779
-0.0341438386225724 -0.0598660915724772 -0.446715423945779 -0.170347952372303
-0.0388752421443109 0.0224393368081969 -0.606855321318651 -0.260228797403616
-0.144642435267775 0.0515649507549518 -0.691346635035815 -0.332414034517798
-0.173282370239603 -0.10116180499983 -0.655812115374738 -0.339034817147526
0.00658275306515873 -0.136299912924052 -0.538248645663268 -0.306732922612422
0.0684761764160517 0.0105477535442753 -0.194530939593873 -0.168703675752017
0.0849380071786489 0.027858135676583 0.0979276302388356 0.175459099313027
0.025105669740412 -0.141884005935881 0.494612600451272 0.342362961900922
-0.125867142608747 -0.0913150651698248 0.67491452039805 0.274067867517113
-0.10367730407986 0.0436873712790212 0.725987591331687 0.261527154153602
-0.0305563796255185 0.00932893600120018 0.70034896376925 0.218109582607343
-0.0341113335577629 -0.0531875878955937 0.531675236935526 0.0936347990094176
-0.0641101005640391 -0.0903732831237411 0.272426565475504 -0.00863084563200853
-0.112430736472266 -0.0941175296463814 -0.0097899588136927 -0.0781163447719135
-0.0951595466819515 -0.0962649832316448 -0.224951901678433 -0.113044157700844
-0.0435077279378698 -0.0503345180208622 -0.478569027017267 -0.13750608502235
-0.0347102291306431 0.0257568679617388 -0.630283191537894 -0.151373327194152
-0.118419788725465 0.0680269452708381 -0.725701345328588 -0.171818111470863
-0.169492913011726 -0.0586444525480184 -0.699598190017779 -0.21850871997069
-0.0146649896538592 -0.122989249394161 -0.555556071606126 -0.23832652364337
0.0619635899465684 0.000584316654751284 -0.207320750987741 -0.155819068389177
0.0729236821576621 0.0361155407733877 0.0788505952223901 0.174311992395553
0.0422253616443746 -0.112458543978192 0.463328453538274 0.399395556279841
-0.0863890978028961 -0.0895702375313853 0.622341834127754 0.370211674014941
-0.0881691112656077 0.0181933625237721 0.663100134161717 0.407919302530506
-0.0279879743110082 0.00149199971232912 0.672767773796595 0.340447256225746
-0.0271110755075859 -0.0468521553575915 0.515164032741029 0.133498850550465
-0.0498462958512546 -0.0726582696270688 0.245943988003878 -0.0247699013321577
-0.0965767862970714 -0.0682325585915079 -0.0511922401976867 -0.110770300582436
-0.084089970708454 -0.0701372225537305 -0.26748597650199 -0.1267506224199
-0.0418846910446646 -0.0320886939776421 -0.506732252094855 -0.0978179428091764
-0.0290295995605134 0.0273416573102976 -0.638035457865361 -0.0476217768227139
-0.0848797317349192 0.0663874390751911 -0.731879270799422 -0.024031867084758
-0.134508767061066 -0.0214833182505286 -0.719907809640842 -0.0957622440872231
-0.0247902101522162 -0.0898332758218212 -0.56776977091544 -0.16873531285678
0.0440105586270005 -0.00454581812197389 -0.217021283011047 -0.142461076823048
0.0525410211193173 0.0305477474439986 0.0649367522800189 0.173084463846929
0.0394082894331804 -0.0719938756619812 0.433782752588666 0.445523991692067
-0.041133432166578 -0.0580647299426033 0.567952905003684 0.444653741538637
-0.0494333766243711 0.0027349898099355 0.594465998326176 0.517756259020242
-0.0196055486079828 -0.00534162219661211 0.632796757811008 0.433246270554249
-0.0190211415741366 -0.031450872741163 0.498707898349738 0.166583249371672
-0.0280186767832562 -0.0429298678084468 0.227074411744929 -0.0356367815100156
-0.0671522284178354 -0.0310005477064923 -0.0832914452837192 -0.132936063039065
-0.0577287725664168 -0.0363656115984746 -0.301689769152254 -0.12933590655265
-0.0289769116489923 -0.0113266851795085 -0.527003096441091 -0.0605128604576301
-0.0227975773733539 0.0256377875608721 -0.635064503415503 0.0307863806064838
-0.0536803270197036 0.0470059540002408 -0.717713172819605 0.0865145999725838
-0.0790633034183313 -0.000883440924381338 -0.718846807628094 -0.000195546310314724
-0.019280235950027 -0.0472829088823665 -0.572343537577969 -0.11413123004591
0.0199055775245723 -0.00278835426113123 -0.22284237292512 -0.131477804190349
0.030826630405421 0.0128694476350215 0.0580873187551046 0.17337833308906
0.0202661129336651 -0.0326320444699858 0.41376977462738 0.467882410792665
-0.0042123139351955 -0.00449075440483215 0.526371274185664 0.48159906177443
0.00051392300227765 0.000894093838635888 0.543994887200154 0.57718778113083
-0.0066968676029329 -0.00711371835878138 0.601961303669675 0.483320263353207
-0.0129787799095355 -0.00897893597805034 0.483456803717556 0.185797956291083
-0.00417772068651028 -0.00396710599424204 0.216903217821831 -0.0387270971800683
-0.0298035706261449 0.0111124127674154 -0.100380854888144 -0.140924262720075
-0.022117341574299 -0.000667126431911173 -0.320814668107594 -0.123125745473591
-0.0088158319678051 0.00761745587277266 -0.53523220825034 -0.0339057595261886
-0.0163353434697621 0.0199277528020553 -0.625736455360956 0.0742108138729661
-0.0272653774093444 0.0162928035912379 -0.703062774029506 0.146035418940977
-0.0163875708303387 0.00447082852080996 -0.710965030249718 0.0534119232983154
-0.00240514793725135 -0.00482303946383889 -0.571150375759028 -0.0797419698447472
-0.00580702237522753 0.00260199895170997 -0.226733852855222 -0.125646302435747
0.0071422216782426 -0.00865974733883472 0.0574495809816884 0.180017969972249
-0.00533047006691908 0.00668635231762839 0.403891844101837 0.473296901428767
0.0309232078025687 0.0534062528721445 0.514374435911109 0.489624750331256
0.0497502734985827 0.00364191534927835 0.536637860416616 0.58589383246365
0.00549881501947225 -0.00572812454664296 0.595823245224406 0.487794485966012
-0.00629601867000043 0.0187000846509212 0.479011014598056 0.191716838053137
0.0214818585150039 0.035799719077684 0.215572105084229 -0.0313077302650417
0.0111436472984352 0.0532030930608013 -0.101578940473627 -0.134108807487287
0.01646949084408 0.0328379670252783 -0.322043616351161 -0.112250284162746
0.0125591112711819 0.024032286373796 -0.537801966561232 -0.0237697108329232
-0.0103051054138991 0.0118276891954305 -0.627203406012621 0.0807266195856744
-0.00383181544527104 -0.0184856408756389 -0.702088120111292 0.151556140347644
0.0465177246676932 0.00441494273878877 -0.710333303242286 0.0607636871366784
0.0151446926331444 0.0359933362169778 -0.574472789762136 -0.0748304307312616
-0.032666151302245 0.00681862476223881 -0.226913547149229 -0.12630239658604
-0.016889957817642 -0.0250943115904423 0.0655124714824292 0.187931692916521
-0.0233766105965959 0.0447513735491646 0.411268517446383 0.451347019212944
0.070565607075269 0.0950943111016595 0.536156347846014 0.465579797876629
0.0889588151086976 -0.00312088474236753 0.574388179259164 0.543054552759171
0.0128500029288633 -0.00395731472464362 0.614784121914448 0.44325689792734
0.0026772238598273 0.0440901673240985 0.48061751328063 0.181631102571929
0.0467635217037406 0.0708272576138483 0.224166365165718 -0.0136056881033782
0.0482170610026474 0.0882957698860971 -0.0865695353638298 -0.113988284708428
0.0516263799240098 0.0607942963982617 -0.307055754669344 -0.100012559553605
0.0287333851111089 0.0378993642356561 -0.53263201978751 -0.032209477535303
-0.00548199767105465 0.00314911189270137 -0.63572155664242 0.0448233951756155
0.0209215315194074 -0.0486232993962853 -0.71696433045011 0.102400599390212
0.101591568222761 0.0107991603963164 -0.712005157366347 0.0265113801513011
0.0243113663726905 0.0726718732693722 -0.580209817821976 -0.0955015137984248
-0.0583894024813402 0.0048740482348075 -0.221880483688563 -0.133089710079613
-0.0371750330117829 -0.0292135129810578 0.0821235669520295 0.193854175344943
-0.0234943326581707 0.075855647801376 0.427592922280626 0.413755781848183
0.111349764480402 0.10651659347893 0.581803487790132 0.40800050055237
0.107877429103727 -0.0209707038782068 0.642604686851322 0.444954810218868
0.0154135381426253 -0.00243090668981393 0.643472543233726 0.359883043587731
0.0166671572416264 0.0612260546979015 0.490560655130957 0.160507993790509
0.0719211161850002 0.0926061131045267 0.243488202223232 0.00835102787196567
0.0777091554332323 0.111913285694854 -0.0584979708551826 -0.0831660029110295
0.075500446540672 0.0824575757176067 -0.278669354974569 -0.0829937601786182
0.0385429762444066 0.0492309644988699 -0.520680328475032 -0.057215639897682
-0.000214607011557696 -0.00349961348856479 -0.645625059671379 -0.0260371280933182
0.0491875019211668 -0.066560179679496 -0.733792519273667 0.00235479760744325
0.142842774655465 0.0313963679015813 -0.714261336016066 -0.0523091240638468
0.0182173235233867 0.101308332969999 -0.580844078017676 -0.141986654691729
-0.0814875375183785 -0.00612849139307039 -0.213409427884218 -0.142108058947772
0.0870485465923908 0.0116662093905631 0.122540462569703 0.172593565761417
-0.00554393020734818 -0.152108273353976 0.519302630805306 0.276484453056943
-0.148601320327212 -0.0671231465165124 0.719043246223554 0.154011914975846
-0.0963628238365094 0.0662759942980167 0.758411761636809 0.0898519517742272
-0.026037659979669 0.01484219218366 0.707650925594335 0.0826771073114261
-0.0390683643428407 -0.052343502606965 0.543720007146209 0.0466103229963958
-0.0712750851260033 -0.093533442999239 0.303071176370176 0.00578117070108696
-0.115212716651521 -0.102545162697783 0.0318186065277381 -0.0401235279929673
-0.0927945047214352 -0.10799465048179 -0.183639034815366 -0.0872474787940929
-0.0352853681466013 -0.0595339615641973 -0.451229513523465 -0.165925724083581
-0.0378974920477948 0.0231077792478479 -0.614136367790233 -0.253103536230098
-0.144579698098387 0.0534704737419762 -0.698060014847763 -0.325063487593285
-0.175563867461013 -0.0994009679231852 -0.662244468717354 -0.336242036534226
0.00507517070221174 -0.136828489296732 -0.542577677434508 -0.301617908859045
0.0677426016101156 0.0090843210877362 -0.197836539574725 -0.166932247188827
0.085956341734172 0.0275743549091524 0.100552117709085 0.175956985755336
0.0228276116496816 -0.14294192630257 0.499343829350255 0.33850955155203
-0.128409612847224 -0.0899153429815556 0.682964107063483 0.265369997645427
-0.103622543181316 0.0450924386918213 0.73095065774962 0.253342143291787
-0.0297278815263537 0.00941244544545436 0.704436432584921 0.209749393787755
-0.034746094104386 -0.0538313045270079 0.533733821737537 0.0889068415938776
-0.0662671916867712 -0.0908864496116715 0.272156271390859 -0.0112779311858381
-0.114015893394418 -0.0925153970818699 -0.0114980396130275 -0.0779956552721778
-0.0978404984512326 -0.095743718817988 -0.227730212645153 -0.111014058444993
-0.0438867338063782 -0.050917504002045 -0.482705693082454 -0.133184021084593
-0.0342782447877987 0.0265897337871022 -0.635366957848547 -0.143211616943138
-0.118012122843959 0.0701589636398752 -0.730068098857767 -0.163996081578846
-0.171174475618681 -0.0569549391776521 -0.706989722588754 -0.210577442446417
-0.0154547180560095 -0.123100200066643 -0.562255816501812 -0.232904743595048
0.0621345598212846 -0.000344951939541772 -0.209809979124469 -0.154227979441273
0.0737713009555969 0.035682311198079 0.0809477003470112 0.175069705042558
0.0400238741042607 -0.113233580862758 0.471152731658509 0.39805587100165
-0.0880203905676974 -0.089065068124966 0.629453436565586 0.36474891065666
-0.0873061993832255 0.0192932659523228 0.67179916620962 0.399893195591297
-0.0277945648960467 0.00165657651524484 0.680513714362705 0.33287065704496
-0.0267383284390721 -0.0475133010210858 0.518211386130983 0.127964963840981
-0.0506791953646639 -0.0733513840933276 0.246177100815279 -0.0287715559458721
-0.0985810220677384 -0.0668252806581399 -0.0531288866004893 -0.110660833139901
-0.0859329853830679 -0.0699504066328427 -0.271040925167736 -0.123611717735104
-0.0424789683860187 -0.0323705811451924 -0.510536878324681 -0.0938924591890366
-0.0286427361238941 0.0280468523996112 -0.642851457018484 -0.0388890950306736
-0.0843234115684278 0.0687210731271378 -0.733092383335853 -0.013242078834537
-0.135460390920991 -0.0201138842492379 -0.724733708248149 -0.0885074057130827
-0.0261188183947003 -0.0893109491272846 -0.573122889070605 -0.163255746802484
0.044290428618648 -0.00407784675757422 -0.220379462433359 -0.140788367312747
0.0541578244969965 0.0304169940259457 0.0668540939822948 0.173460839637703
0.0383460177917577 -0.0730864001693304 0.440200978754183 0.443053552937148
-0.0434217569423998 -0.0571671395580117 0.574823517916723 0.438039914169602
-0.0499393944452843 0.00309342205204474 0.601830285920853 0.513020813205038
-0.0193437916488727 -0.00537374015865278 0.639163172306924 0.426887480852801
-0.0196107638995738 -0.0318307520282709 0.50413755290441 0.160042475381309
-0.0296443311907467 -0.0433737997126381 0.227677899605086 -0.0393529452534808
-0.068500975349285 -0.0303596051156112 -0.0858302300703735 -0.13161879161615
-0.0589480311693438 -0.0360318302004974 -0.304975648180831 -0.12587792851438
-0.0292984849968202 -0.0117493085895195 -0.530343253374283 -0.053721138051463
-0.0225033585567113 0.0262556499987433 -0.635685470728632 0.0406593872051941
-0.0528267418225766 0.0486185872141089 -0.719331048822675 0.0956899142957171
-0.0793127777226818 0.000204622113115675 -0.721653179667902 0.00879797058640427
-0.0196358706080767 -0.0471327538233451 -0.574521191355194 -0.107245887440806
0.0200816975818701 -0.00212048689345328 -0.226741279340374 -0.129225387088804
0.0306021921648842 0.0137625846555578 0.0604045047727907 0.175183893574502
0.0188369160401332 -0.0331364847553279 0.421069308538534 0.466264558546198
-0.00453665093714436 -0.00472906644988493 0.535721455198367 0.47724075205583
0.00035734003162483 0.00082223610676359 0.553343018905487 0.573102354492638
-0.00632176387457232 -0.00753840918869147 0.611022488921218 0.478960554762501
-0.0128792991429034 -0.00862716005294033 0.489432975449882 0.180855046511456
-0.00447865075919369 -0.00436243327048655 0.217611156575607 -0.0419962413625452
-0.0297744593146302 0.0121130729269912 -0.103207573344408 -0.139421204910675
-0.0221776164379935 -0.000390012990998023 -0.324395535265759 -0.120106006224203
-0.00869206548856992 0.00756058968366793 -0.53936346935355 -0.0265565521780741
-0.0157003704443683 0.0201650596827281 -0.626704169171713 0.082898020270247
-0.0269911279747383 0.0165789382191086 -0.704159523017026 0.156177491014285
-0.0161488084545416 0.0044837092278971 -0.714243733997013 0.0636155193384058
-0.00274299134137158 -0.0045574626406585 -0.574303240156706 -0.0726150634781591
-0.0061870973008474 0.00367377046841698 -0.229345014262403 -0.122946421063851
0.0074781908484972 -0.00821638065591943 0.059594273467317 0.182086920344035
-0.00617694793109761 0.00681338344465867 0.412537407513807 0.471376709056256
0.0310986816885398 0.052775768478904 0.523755014892384 0.486184988139713
0.0503797497935482 0.00264737345493042 0.547795090173373 0.582497158496387
0.00498680996464894 -0.00628810174765764 0.603831689539679 0.481192099304239
-0.00612558988950978 0.0185026378015758 0.48140976636167 0.18457463939553
0.0212738924721635 0.035780260179514 0.215227724385815 -0.0341717427261352
0.0107589965430694 0.0536112204974934 -0.105224663896648 -0.133194142798446
0.0175371349776239 0.0328824717506168 -0.325001279391787 -0.109445500525922
0.0123477362436965 0.0234692522308836 -0.541544709512992 -0.0173985025086278
-0.00978196548485678 0.0124621086531944 -0.628991266725375 0.0882561081667919
-0.00378323868789399 -0.0179621000568205 -0.705151683886318 0.160271669210378
0.0465175770558897 0.00363916489800648 -0.712575241034804 0.0716132403456553
0.0153730384690609 0.0361283343773819 -0.576348128643778 -0.0676814163379656
-0.0329421561439132 0.00759967417533385 -0.228981070788072 -0.124428036831644
-0.0165585048944519 -0.0245451895680348 0.0681714593272099 0.189486447522826
-0.0230750897938042 0.0453565815766154 0.417908968811059 0.448209042184608
0.0721014042405212 0.0948851000552722 0.545589286644421 0.459425216535113
0.0898286739044697 -0.00500512077370417 0.585431913612644 0.538122010054063
0.0129822362256157 -0.0045637334832605 0.621660704695952 0.436893565066332
0.004014131345974 0.0438567698032958 0.485292951210041 0.175300925582293
0.0477794289651116 0.0702862215574145 0.22391782833148 -0.0167591822003812
0.0497222460900183 0.0885666715224139 -0.0897434465863986 -0.112167507569744
0.0527571330478674 0.0615573643401299 -0.310810285621225 -0.0965369453035785
0.0300486935582913 0.0373277422765913 -0.536138316464439 -0.0264559195156596
-0.00493563274116099 0.00295856925430342 -0.637840398093893 0.0546463787169083
0.020884223313656 -0.0485430168115978 -0.720425753926236 0.112142578966572
0.10288413573248 0.00985832621792128 -0.71712447044115 0.0351680111158377
0.0255381949814577 0.0727219875973292 -0.582506627189668 -0.0891682666122098
-0.0599730433161667 0.00635034390030842 -0.22375677542695 -0.130785010065481
-0.0378882957667375 -0.0289789166702703 0.0849955598236036 0.194275864215514
-0.022288505514996 0.0772350973000546 0.435689917698936 0.41042552576435
0.112942185032846 0.105433853839789 0.588859774235863 0.403333035701092
0.108627269282658 -0.0231324380591268 0.651105066369336 0.4388339974247
0.0151938237133045 -0.00260152323721602 0.649322978800055 0.353741947862178
0.0179227380999332 0.0612826791936221 0.494748260827253 0.154122325357415
0.0728738144825882 0.0922687423745122 0.24450102311788 0.00524007165157889
0.0799803918377711 0.112090823251586 -0.0592005175913597 -0.0822626563678201
0.0771399219904676 0.0817122514782509 -0.281308824324702 -0.0794263845051501
0.0394645943803706 0.0491443123784103 -0.524954642641026 -0.0502403781342173
-0.000162767153592414 -0.00325386053760253 -0.647414682991143 -0.0166886925261584
0.0489922120251917 -0.0680358501514027 -0.737146413540599 0.0113071573388911
0.144018895328501 0.0286077120271442 -0.718709212011582 -0.0439182031263831
0.0194954275245027 0.101992355627614 -0.586837405383029 -0.136220548810257
-0.0810964159799248 -0.0048557980515879 -0.216288814867988 -0.139675299252868
0.0872060661169465 0.0107376094203856 0.126099451039612 0.172451494468615
-0.00853995723139557 -0.152463739337751 0.523271870975202 0.270198210749365
-0.150610381851303 -0.0653967009573904 0.723818019632492 0.145062381597725
-0.0944244057127029 0.0683162506452811 0.760843504341073 0.0790937987786364
-0.0252078269425961 0.0154400679628375 0.709444427674966 0.0740254904369381
-0.0394133700029673 -0.0530329059472922 0.544733066642989 0.0387052411613494
-0.0730339918775474 -0.0936236327158823 0.303104731558692 0.00235703252670318
-0.117543210390078 -0.100798079168233 0.0318791735920419 -0.0398845943876262
-0.0955290506916925 -0.107583557820381 -0.185415216745088 -0.0845302565912793
-0.0360495318120433 -0.0605784393720296 -0.454036444264988 -0.160532605053479
-0.0374102523939701 0.0235953250791391 -0.618166978694297 -0.246629260234513
-0.143651277480327 0.055724511957515 -0.70616097036491 -0.317085625141076
-0.177513194034813 -0.0977172393422151 -0.67014521785092 -0.328166512208817
0.0037066056866698 -0.138102064008214 -0.549358602959467 -0.295743517564452
0.0681297578679815 0.00853504867515723 -0.200675148497545 -0.164200966837185
0.0873465729887146 0.0275455512043151 0.10307721494879 0.175780886758837
0.0200898226292005 -0.143163175536207 0.504585063544402 0.332507784275262
-0.13017677119252 -0.0883457956857241 0.688002819822051 0.256802443432911
-0.103326416864295 0.0467394650598582 0.73724635117772 0.242646154173234
-0.0297822641809983 0.0103978928302042 0.710198734848077 0.200744915446768
-0.0353058483917817 -0.0546802439786493 0.536368327574708 0.0807053273882681
-0.0680351531789856 -0.0908047794090319 0.273485441465822 -0.0143808893733466
-0.116466725823325 -0.090650517133835 -0.0130103635227143 -0.0778804343448976
-0.0999685555541904 -0.0949332481625119 -0.2301776903093 -0.108374585244275
-0.0450954650444908 -0.0509821297009753 -0.485853073497776 -0.127447478629821
-0.032976874379287 0.0268870699197201 -0.639284997384308 -0.134811350540936
-0.116879242981903 0.0728206256747647 -0.735828663912222 -0.152808514854231
-0.173072388669452 -0.0556717117957534 -0.712460040492098 -0.201615689677845
-0.0178888164787783 -0.123862509870106 -0.565525486833405 -0.225324811672218
0.0622561241715129 -0.000685470052908135 -0.213133885746751 -0.152580358465152
0.0741324374430252 0.0361767314171307 0.0832940953765075 0.175267085948472
0.0389141145315115 -0.114730779219993 0.47753753224077 0.394234096666845
-0.0893449428870128 -0.0880010155394426 0.636367415323406 0.356857011240642
-0.087452791492152 0.0207642248692497 0.676941805450047 0.392724080541824
-0.0274854478582848 0.00227575053747031 0.687008550681595 0.322413484847956
-0.0279216622279321 -0.0479075116247662 0.522380608913329 0.122379602046094
-0.0530539672825091 -0.0725822668532014 0.245567651838322 -0.0312938637936434
-0.0992081744518255 -0.0657110303173855 -0.0561824832957205 -0.109282648745234
-0.0887303306752271 -0.0685181927335936 -0.273464885321284 -0.120932190072653
-0.0431939380189635 -0.0322790124909163 -0.513264691949902 -0.0849670741597282
-0.0280281783816029 0.0289999841852259 -0.642928739436166 -0.0313940434279845
-0.0835908114948068 0.0695845265400105 -0.737394036358312 -0.0016672699950448
-0.135589881335449 -0.0186562393182833 -0.728980939595834 -0.078475117549019
-0.0275185513311547 -0.0893804972636823 -0.576331511380935 -0.155704289451527
0.0442914229830568 -0.0049148170000151 -0.223497233183641 -0.138158897206376
0.0543412236182741 0.030365757562993 0.0697643725292787 0.174141771309597
0.0372188087244291 -0.0736009905295312 0.448101048320705 0.440060630560221
-0.0448534802006046 -0.0565982092705619 0.584372552601992 0.430899545431499
-0.0496094356532628 0.00365187955587313 0.611636775154176 0.505299050672995
-0.0187336049517628 -0.00476787753223346 0.646868636300119 0.417840006283103
-0.0198464810654085 -0.0323082960318963 0.505383853074292 0.153434751437384
-0.0302059373459173 -0.0430396577558219 0.227598530767371 -0.0425774490842997
-0.0687320904089903 -0.0290343478754321 -0.0885988023416039 -0.130365259725476
-0.0602733354797745 -0.0350417379773346 -0.307900214412828 -0.121213389107219
-0.029621250636603 -0.0121781883517147 -0.532703129252577 -0.047086718112364
-0.0209366135420361 0.0265499539587615 -0.636292264469358 0.0487746490609566
-0.0526062104397205 0.0488615297756346 -0.720722091723524 0.107028219575494
-0.0796373184838698 0.00139351150957792 -0.72463506586526 0.018346721713638
-0.0201116423091631 -0.047129252909805 -0.57745089337748 -0.0986461964499691
0.0209933280490694 -0.00278956769826378 -0.229532721629496 -0.126535963831893
0.0317162310222704 0.0133841631369356 0.0626680759560908 0.174817044446138
0.0180996633341726 -0.0335583853702737 0.427502943309731 0.464121817508679
-0.00511715727361022 -0.00425334580484084 0.543942580393108 0.471498437894094
0.00075409769110468 0.000532230545723037 0.562813888097104 0.566525436053019
-0.00654340249029795 -0.00755569138586133 0.61803172754855 0.470348342490756
-0.0125585726881376 -0.00943255964723973 0.491567809577929 0.17385150859801
-0.00558813037385369 -0.00497811041128443 0.216607603624886 -0.0449686703192178
-0.0299062901889636 0.013319381993554 -0.106080148585962 -0.138139240085281
-0.0224438918108393 -0.000346184600864537 -0.327097310502542 -0.115667224833174
-0.0088210997261294 0.00719853076900376 -0.541117589316327 -0.0191711292044303
-0.0151945737972711 0.0214295638193641 -0.628776639905879 0.0924431902766915
-0.0271563004834681 0.0173537555928748 -0.704706248506645 0.166640871831012
-0.0157304431812416 0.0047084702830251 -0.715962907564624 0.0733577337155134
-0.00290227770178622 -0.00466335300245827 -0.577247305118221 -0.0659330892911457
-0.00551217800979958 0.00375389387637755 -0.232637021805721 -0.120857396868369
0.00729660319929852 -0.00860890235574596 0.0621992174389426 0.181566781377529
-0.00582877646156453 0.00698931457541825 0.419285519145777 0.468343784882851
0.032397044106125 0.0527936767020498 0.532600697896331 0.479180383147346
0.0507223281501955 0.00139931076710267 0.555390507736312 0.577371819897561
0.00593809615868425 -0.00697231918791201 0.613044633336046 0.47434808377875
-0.00586999341501294 0.0183511143898912 0.485477267988677 0.178755355531455
0.0212026524915919 0.0351641967522636 0.215472915282183 -0.0363419959942132
0.0121238817262206 0.0538620739401229 -0.106693656070398 -0.131418503550516
0.0172611160046694 0.0329531819255493 -0.327596317160564 -0.104879202071533
0.0129096638298746 0.0237332188465442 -0.542072881551956 -0.00998274505276575
-0.0100603341424658 0.0123667365379096 -0.628633054551277 0.0965641818877815
-0.00384824908891307 -0.017380811072064 -0.703747158527884 0.171706236690676
0.0465071109972735 0.00237683026452062 -0.713931795670838 0.0802861658817043
0.0162052825279894 0.0356561899759963 -0.579548755542058 -0.0598133553367314
-0.033063982651225 0.0083309905242141 -0.231248386344691 -0.12208662025352
-0.0172197951973862 -0.0242599061333023 0.0708316583514971 0.18948079746003
-0.0227135769928206 0.0462153571618256 0.426058033641959 0.445527409049193
0.0734155406054408 0.0939312747923911 0.551733597069307 0.45394092173936
0.0896046887853651 -0.00661154192564677 0.595149256497133 0.532896521243138
0.0125716989190571 -0.00482418368394582 0.6307128620469 0.430596614613021
0.00480051541805552 0.0434027451187843 0.488542817575106 0.169482551454712
0.0489878451197214 0.0689880662480381 0.22514947406865 -0.0193480586737633
0.0517463072138126 0.0891258778717939 -0.0912637904339466 -0.111080140833024
0.0535074058994297 0.0604389674243217 -0.312356514941551 -0.0926549285359305
0.030594172119364 0.0371412220721994 -0.53704486797006 -0.0176753834268806
-0.00455927805856474 0.0030803576240309 -0.639103847491166 0.0621739156419072
0.0196811619934646 -0.0494519583443445 -0.719692120739051 0.123027112029347
0.103384398439301 0.00788076487953429 -0.719268650456755 0.0446486697295764
0.0260199438403556 0.0721020072839906 -0.586232034125086 -0.0818087667820673
-0.0599256734526337 0.00735917506042639 -0.227100055870579 -0.128100618023037
-0.0382729391246022 -0.0285391899716985 0.0882968625595919 0.194762992643602
-0.0217351127870198 0.0777533927782981 0.441866199779565 0.406712666137259
0.114702651665453 0.105017381661354 0.596862901928357 0.394683569106134
0.108667673567323 -0.0251851964054977 0.657925478090354 0.431768920721061
0.0154734778932376 -0.00286707143546938 0.657258353651144 0.345343877419078
0.0191214182285825 0.0610090023511104 0.498047493223097 0.149242707135099
0.0739604298034992 0.0909412478763261 0.244410575204756 0.00292987469519366
0.0824584110505152 0.111830099808222 -0.0614326205961494 -0.0808874259510111
0.0783585627810984 0.0807511678408308 -0.282776800286891 -0.0752581288174713
0.0401388440780352 0.0490657378554248 -0.525706879636611 -0.0419698738608827
0.000140123067937988 -0.00303726524293207 -0.65000540247987 -0.00688389271744532
0.0477631321083863 -0.0686654290033578 -0.738981519121246 0.0213291702861811
0.144868614225326 0.026220485642975 -0.722669025621564 -0.0339317368965628
0.0199867504529108 0.10182861372014 -0.590179070067262 -0.128499964271149
-0.0828797496288031 -0.00254378166593492 -0.218538198783705 -0.1370164563836
0.0881513646271842 0.0102252679187951 0.12749335351141 0.171349269281086
-0.0117516312814019 -0.151866319898226 0.528010780877912 0.264923636831291
-0.152321452980895 -0.0630782248505711 0.727067800222046 0.133889748132925
-0.0939112351767384 0.0694933608402685 0.761907668460717 0.066903302763285
-0.0250235969606951 0.0158672071692093 0.710586063885484 0.0615314725311863
-0.0398154650706437 -0.0526959239066056 0.545917614853345 0.0317299173375531
-0.0756465313441702 -0.0929526739383536 0.303903869466116 -0.00287822712499915
-0.11893639321469 -0.0989856938539876 0.0298596761964195 -0.0404574105923902
-0.0971921318176316 -0.10604218374066 -0.187264084015605 -0.0826013126174547
-0.0366282410075522 -0.0604146935744888 -0.456370927790888 -0.153124882553527
-0.036101212163477 0.0241737169972533 -0.62285843339589 -0.2382598914437
-0.14271032305833 0.058363699013886 -0.708301998573264 -0.307266505612047
-0.179438680286739 -0.0957325472806624 -0.675632323284542 -0.317046835165893
0.00119005245738507 -0.139170864904705 -0.553810723123958 -0.287525576201512
0.0675787099209124 0.00803911239625674 -0.203235115831632 -0.162943509886323
0.0872309181565146 0.0268749033632622 0.105311503501542 0.175818256215304
0.0167878012560957 -0.144079674908248 0.512048296754062 0.326259371392072
-0.132260913257264 -0.0867221914364192 0.693320081974673 0.246727976684925
-0.10253557542179 0.0478290537504492 0.73934756156665 0.233833596835889
-0.0286837470612854 0.0103435535504471 0.711297298528756 0.191025029499576
-0.0354897733605505 -0.0544840805651526 0.53817682145368 0.0735297689393871
-0.0700290071738677 -0.0899818367583944 0.273005275809845 -0.0182298221001894
-0.118217845244501 -0.0885912961127858 -0.0149783302671206 -0.0770393473267564
-0.101911218709098 -0.0939164668088919 -0.231965614200859 -0.104175274081341
-0.0454414993915375 -0.0510716934583259 -0.487962855405623 -0.119187201755514
-0.0320984234818487 0.0275238387082578 -0.640815060422805 -0.127907160583869
-0.116197439742443 0.0744836686280656 -0.737865252582419 -0.142378232423781
-0.174229907320443 -0.0534570735487844 -0.715846540063931 -0.192754489686795
-0.019768097877897 -0.123560536221588 -0.568527721849665 -0.219987609859735
0.0632738045589624 -0.00141857730392926 -0.214992936526958 -0.149092285006359
0.0758974720567786 0.0350866609303229 0.0858639402012436 0.174203268476324
0.0364979863673153 -0.115254748077846 0.483744841917389 0.386458880138474
-0.091612699947245 -0.0868786686418337 0.641264886007042 0.345864106560852
-0.0869244614839854 0.0214197416536632 0.684191146778248 0.383514452303731
-0.0274058311822574 0.00220475852619649 0.690625826853782 0.312354442953243
-0.028342008792751 -0.0485826912262078 0.523045908724965 0.11413494459699
-0.0534835759854906 -0.0725314216670396 0.245713469934188 -0.0356459032839239
-0.100729297260647 -0.0633571743112369 -0.0584178136273735 -0.108294550983127
-0.0895466374350522 -0.0673612743624498 -0.275579374489016 -0.117131247079126
-0.0429845875177279 -0.0320817081706158 -0.514349202507869 -0.0787964834882663
-0.0269487936893676 0.0291600867254029 -0.643724104934705 -0.0217425068260667
-0.0818935967255553 0.0713822823261521 -0.736202641881507 0.00798433227108445
-0.136182812236782 -0.0162274935082249 -0.73116272270434 -0.0684734811524391
-0.0286859701802046 -0.0897502111674724 -0.576004116235544 -0.14841853622346
0.044835756918968 -0.0053773144992826 -0.22597013183612 -0.134859612520246
0.0553437611472639 0.0304674148665524 0.0718678181978275 0.173692952003838
0.0359182237726107 -0.0742018186093624 0.4565252132503 0.432556479062044
-0.0458614045327679 -0.056546279459218 0.58966081212381 0.422036560240142
-0.0496906246117674 0.00409479039108575 0.618157362403046 0.497443632898057
-0.0187144338949494 -0.00481289431522247 0.654047262208248 0.410894578279023
-0.0207024297919052 -0.0329145147144454 0.508486033567424 0.146582308162232
-0.0311757566673165 -0.0432777724418821 0.226312548400633 -0.0458028295228713
-0.0691009502954844 -0.0265640589374225 -0.0906923872929006 -0.129011894818776
-0.0611506395396926 -0.0337264672146814 -0.310643292115117 -0.118156329251137
-0.0302584935760121 -0.0116727331907076 -0.532348279095665 -0.0400471247628188
-0.0213659847859054 0.0269825959565505 -0.634849392695939 0.0567378176831212
-0.0508071418781136 0.0510248578193877 -0.717757977051184 0.118443129757657
-0.0803799617865509 0.00228105412824168 -0.725429799862781 0.0286326771423481
-0.0213657633978947 -0.0478700220386048 -0.579117320041184 -0.0929990451672322
0.0196990282273643 -0.00260478031495243 -0.23199683318805 -0.123117506598451
0.0324123861339049 0.0135926882674238 0.0647154017897371 0.174647864924931
0.0179818105212186 -0.0332628351115148 0.434569767463576 0.457535041745246
-0.00561717854802076 -0.00389933210676059 0.550067356020062 0.463339933822349
0.000501471768880014 0.000273021229135989 0.568992700440104 0.559259470076838
-0.00607849557740545 -0.0077314748094625 0.62723027248795 0.463307134374823
-0.0128970847413337 -0.00917776623292542 0.492695518958008 0.168064257142671
-0.00575723266694636 -0.00561263437692486 0.21669131036297 -0.0479980521061647
-0.0289292156451847 0.0140527782095396 -0.108749699864908 -0.136543518071337
-0.0233776367943241 0.000634380097862693 -0.328512569774329 -0.110726460722608
-0.00901316473844475 0.00652763223348861 -0.54055787161235 -0.0115683493994659
-0.0138729858724393 0.0212450713624198 -0.626374650432441 0.100357970308871
-0.026223052854514 0.0179372767876208 -0.701643951132034 0.17645149262432
-0.0157994801265817 0.00442935860949819 -0.715837313400183 0.0824267962912651
-0.0031702169265265 -0.00420827331060598 -0.577228544769136 -0.0569394307917366
-0.00611654206966749 0.00411893745678813 -0.233725371905077 -0.116781144667792
0.00771939550299011 -0.00816852496887798 0.0641105383362309 0.181824684758959
-0.00644643018194945 0.00756653691705482 0.427361271792698 0.463681265646934
0.0325479678904009 0.0529979211442163 0.539412368607638 0.472192124122474
0.0507408464253301 0.000438425966513067 0.565102920487078 0.571354777288935
0.0055560500372639 -0.00656431676160566 0.619652110334129 0.46614302278699
-0.00504176913329777 0.0174888500175815 0.486477243808097 0.171716417750476
0.0216024407726633 0.0343884727409992 0.214638167196527 -0.039992406997475
0.0132546781014922 0.0541738966345938 -0.110074526013447 -0.12985022942246
0.018024204502856 0.0319868474356366 -0.330580632146082 -0.0998945990118257
0.0130905063531002 0.0230117306596761 -0.542768998749341 -0.00131493245149577
-0.00874883116676438 0.0129340210611747 -0.627614657398659 0.106243274857116
-0.00414699659821717 -0.0182978519702892 -0.700537629235315 0.182998876065746
0.0467125817878972 0.00270396925094153 -0.713801988083859 0.0909377176267242
0.0159282098838454 0.0350671520546871 -0.580428536272653 -0.0519350286335745
-0.0327164232664638 0.00882977788243745 -0.233441434520236 -0.118816017788708
-0.0172716031314865 -0.0241343302849571 0.0732300514922347 0.189241620707455
-0.0225512674867157 0.0467383069957567 0.431547959955801 0.441653200771852
0.0749898969132594 0.0938892552038805 0.557657821297768 0.446974551992776
0.0898100027927769 -0.0078219636914467 0.600468221399667 0.525020421377452
0.013002020214398 -0.0051119229111383 0.63477688462213 0.423283328137578
0.00496947946457436 0.0438870075511084 0.490537372681403 0.161390005998513
0.0493817646543064 0.0689145382908399 0.224267059652226 -0.0233774441037323
0.0534503100750813 0.0878854492774402 -0.0934708276269701 -0.109558858751873
0.0551675587077396 0.0599363545202787 -0.313318868866299 -0.0874123809594958
0.0310597017040604 0.036419590268576 -0.537664703648503 -0.0102480313949394
-0.00447414976360547 0.00360525032488591 -0.636360526811627 0.0723049307410884
0.0199913004445944 -0.0496954802723926 -0.716727409748468 0.135159799270325
0.103771563056795 0.00620751536862049 -0.71837511440203 0.0552105414889644
0.0270298242770292 0.0720431139397161 -0.587606749844794 -0.0741905316806044
-0.0591259083664716 0.0086760097953423 -0.22904076837108 -0.125611109409888
-0.0383346702791049 -0.0279796189472947 0.0907680057749302 0.194720807420104
-0.0208864703494728 0.0780911671431667 0.447288185520981 0.401344214912482
0.116032004646448 0.103209178988974 0.601850072897679 0.385486021161851
0.107647151001707 -0.026590773536009 0.663428612762765 0.422759591382616
0.0155834405983098 -0.00365990664559798 0.660235133357767 0.336612357965941
0.0202272673772517 0.060347214629797 0.499065002017829 0.142084515780093
0.0747591111753225 0.0895913705782552 0.244217455291001 -0.000783620271184942
0.0842788766068104 0.111014303221654 -0.0626269664301838 -0.0793820508167348
0.0797348363138673 0.0796070371849062 -0.282888363945704 -0.0717276168021448
0.0402442366193439 0.0472544234051788 -0.526706586752611 -0.0350211707540756
-2.65484526763291E-05 -0.0035910206473543 -0.650358692633998 0.000107646135496877
0.0459991722808475 -0.0695766109607213 -0.739576443330956 0.033036866710956
0.145070156656714 0.0246506660489474 -0.723060829617031 -0.0233636973816931
0.021844390668374 0.101671484571091 -0.592074941477487 -0.119877156267865
-0.0821484604128761 -0.00185023477659671 -0.220513928229926 -0.134668914219141
0.0882978253272246 0.00927285851608976 0.12994037750761 0.170257667776889
-0.0140732934860177 -0.151335654264978 0.53111063268409 0.257035946992965
-0.153187388237848 -0.0605042610000548 0.727958155314132 0.122089005281006
-0.0916633300517391 0.0711564639927703 0.762198457556482 0.0558176335486913
-0.0237669223318089 0.0160895219794644 0.709492892507963 0.0516751428768414
-0.0401259299686071 -0.0528241241792043 0.544296378187864 0.0233533980696177
-0.077344702842198 -0.092298688167659 0.302403116808209 -0.00641038304259039
-0.120507482965347 -0.0964198253710653 0.0293552590267845 -0.040099769541885
-0.0992842114556459 -0.104947147338055 -0.187735634464402 -0.0797540516573354
-0.0377596069485016 -0.0601473558609585 -0.455430595210519 -0.145732030937756
-0.0358022180826166 0.0249341452046747 -0.624864073110528 -0.227363019883677
-0.141592672932314 0.060649112782607 -0.712536194777515 -0.29569023511858
-0.181398276565984 -0.0932760002714208 -0.679527300339381 -0.306721971113874
-0.000634715972281839 -0.138260157320704 -0.55631893094283 -0.278714746714306
0.0684649851869011 0.00693936670176885 -0.205258147572767 -0.15892923206821
0.0872533951029398 0.0256317474160207 0.108535284432023 0.174221629196088
0.0148760549211525 -0.143532357654669 0.513744419618222 0.318950471327594
-0.134052511439749 -0.084137159940316 0.693632982584267 0.237319800028278
-0.100919968449292 0.0495138322752422 0.740987919340222 0.220676414149757
-0.0281175696387363 0.0115682721467958 0.713932452989809 0.178696196823766
-0.0355796905228153 -0.0542212614576174 0.535627387601955 0.0651807725063537
-0.0716746441386504 -0.089385002914958 0.271103405290127 -0.0230218649181905
-0.119841311840139 -0.0862932911902669 -0.0169376395691023 -0.0764880863280642
-0.103653771683017 -0.0926184820887974 -0.23326818720474 -0.101078119968777
-0.0461865992974825 -0.05062480366094 -0.487233044819465 -0.113285446425022
-0.0310396374279022 0.0282657260854621 -0.640397508687829 -0.116147675871181
-0.11421825507246 0.0760234169392226 -0.739053236665144 -0.130683683398559
-0.17480011775266 -0.0502816597355347 -0.718357136845075 -0.182193519981068
-0.0219829651421663 -0.123874502114422 -0.571510477077598 -0.210538032201887
0.0625443803622135 -0.00249883489280522 -0.217596204230941 -0.1453346886904
0.0757517600707732 0.0341364263932414 0.0880838746719087 0.174556103963923
0.0343989293456207 -0.115088736381518 0.488424010006783 0.379594977013469
-0.0932504924779934 -0.0846924386853095 0.645199082418978 0.336369961745721
-0.0868105460219305 0.0223780312638652 0.686955775550292 0.371630399765763
-0.0272570861457152 0.00304028863692743 0.692603026406221 0.300723364763464
-0.028666497654356 -0.0486791086536169 0.523594634107997 0.106121909988216
-0.0557674056512603 -0.0724026538040675 0.244085343558184 -0.0388073147265372
-0.100911420417969 -0.0618344089524984 -0.0598666783970745 -0.106654210550736
-0.0909243912831489 -0.066335728223523 -0.276297489394909 -0.112680004409737
-0.0437730003671396 -0.03228956416039 -0.515130741080072 -0.0704384514042303
-0.0258168644087187 0.029759148540469 -0.641770094536293 -0.0123839117702691
-0.0804353867573122 0.0725083418401508 -0.735302968323447 0.0180727675600776
-0.136949835847493 -0.0149050167298632 -0.731163786861701 -0.0586394167729008
-0.0301231434990095 -0.0895024002899541 -0.578260318753076 -0.139736406894671
0.0438266495613646 -0.00616095208706461 -0.226926633866372 -0.130981707924612
0.0556651420555744 0.0297552466477994 0.0739189376962835 0.172748881881054
0.0342444430348997 -0.0747354537994031 0.461940912262381 0.427150129586777
-0.04734709121687 -0.0548625026745992 0.595251980659196 0.411624475820375
-0.0488844177790703 0.00461444685458871 0.623619015253253 0.485950726065447
-0.0185314838221171 -0.00484919874399168 0.658821416829619 0.397919987430544
-0.0202597343340064 -0.0328192250869045 0.509258168824619 0.138917787132973
-0.0325833187335833 -0.0436751404343556 0.224689762441641 -0.0502393896279682
-0.0697615986903616 -0.0261318023385533 -0.0927571074868783 -0.127374107468325
-0.0625486699182713 -0.0331510165709004 -0.310954961914293 -0.112653416104115
-0.0301487982640142 -0.0116985067705203 -0.531168493447157 -0.0312733043287242
-0.0204245331957742 0.0274776473123544 -0.6313897183261 0.0672494686475876
-0.0504549092950689 0.0511636444325703 -0.714391437082245 0.126615045543937
-0.0802488355324832 0.00282369480442878 -0.722731511571265 0.040648887836166
-0.0220133645459249 -0.0475001743217362 -0.57918015768577 -0.0826912261990207
0.0197196553105085 -0.00248482573475799 -0.233672014462982 -0.120406690311345
0.0322501209192116 0.012753948450821 0.0670561025902079 0.174821353706517
0.0174525872108926 -0.0326506104598539 0.441146366662805 0.451441572310611
-0.00560261523421551 -0.00322927659064746 0.555514261754 0.453199352132268
0.00087336735173775 0.000564606820117193 0.576353794064711 0.549642589218908
-0.00574645648371313 -0.00742383412380741 0.630948426063189 0.450064340923052
-0.0128163101464031 -0.0100368794015665 0.494034123717459 0.15966537501151
-0.00671403776840861 -0.00553911010250165 0.214662275707873 -0.0518793060880935
-0.0283379746337101 0.0147710835285117 -0.111104773526856 -0.133582455567925
-0.0234864610394592 0.000980721936138795 -0.329530515204509 -0.10568775525344
-0.00880774706633087 0.00668824700275581 -0.539354293487421 -0.00404428644560034
-0.0139045770909388 0.0215871711366568 -0.623453058830995 0.109757962225146
-0.0257228454841077 0.0183753651760301 -0.697821238321642 0.186733822971749
-0.0166437659587825 0.00491006286082238 -0.714126919325854 0.09386766322167
-0.00350207134183215 -0.00515808341099657 -0.576628341351925 -0.0483205927860895
-0.00579770763803924 0.00415184473446652 -0.235592027088115 -0.113842646684054
0.00730290070828452 -0.00807410772012421 0.0662251826729886 0.180563365350218
-0.00606378015967269 0.00721959107821858 0.432298707447803 0.455039853334492
0.0330875073852709 0.0527876389781013 0.543874562787063 0.461820753381534
0.0507191027745935 -0.000558684633199578 0.569873404760943 0.559157183339073
0.00605150385820071 -0.00785054391533505 0.624517827125979 0.456165523505539
-0.00464724697787238 0.0175597968551136 0.489547770527988 0.164402865081062
0.0217955888411712 0.0343873543485155 0.21337779532189 -0.043278764673784
0.0145114542649322 0.0544314854902642 -0.111384593216195 -0.12729328027121
0.0180017182294669 0.0327194620454139 -0.331184254618344 -0.0950141707390035
0.0136028670523364 0.0222849898720143 -0.540507161117958 0.00654552076559549
-0.0081395052701592 0.01267207251915 -0.622874337075994 0.114684815691101
-0.00465913840675766 -0.0173342869784719 -0.696346236871624 0.191785012905959
0.0466658990889562 0.000982471732389101 -0.711541311607449 0.101876423280936
0.0166337646252364 0.0344835159634584 -0.5798131364428 -0.0438538538887256
-0.032302705066174 0.00983363476274726 -0.234645187131175 -0.114405252426169
-0.0174270801581862 -0.0240849933571081 0.0757160273353035 0.188770807864234
-0.02189510355926 0.0477674603073806 0.438300222906762 0.43329967246861
0.0763006296845392 0.0925955401872696 0.563824132244851 0.435628436274547
0.0895970262783083 -0.0100146646008929 0.607638404270249 0.514917017626871
0.013150666415296 -0.00535848742778387 0.63928000614204 0.411321784355492
0.00597538796422405 0.0427867154218022 0.49141566592334 0.154746589559566
0.049360667151904 0.067585435321437 0.223387968261847 -0.0258454652464911
0.0552968314492912 0.0876703703643968 -0.095089844993483 -0.107798370758667
0.0555441451855391 0.059022087489794 -0.313642445074762 -0.0816172608634766
0.0309238941629736 0.0352787600996509 -0.536978966355922 -0.00169033110384824
-0.0044538377535208 0.0037570357809192 -0.633891246780212 0.0815946461103895
0.0179760878902636 -0.0494401094595518 -0.713772149047879 0.145311211693574
0.103564590400615 0.00411541771073837 -0.717156097691554 0.065300572051097
0.0278455425703652 0.0712907986111843 -0.586837484561769 -0.0645299787510506
-0.0592560687228436 0.00971459351485047 -0.229919333670753 -0.120955977988892
-0.0383724028342879 -0.0270479505683739 0.0930454003688503 0.193020172957583
-0.0203827768685393 0.0794371189467693 0.452892345782838 0.395711639203133
0.11757943157794 0.101754092317978 0.606143491642038 0.375930457051486
0.107344646112296 -0.0290098998520282 0.667558351954588 0.413291932882672
0.0153874302869614 -0.003902137903978 0.665534402842265 0.324663511884556
0.0209104511599211 0.0597902464782348 0.500223439241394 0.134136653694866
0.0758060777585905 0.0885866305234533 0.243516720293332 -0.00466347239684443
0.0863132888422085 0.109776528499484 -0.0655007065746868 -0.078298461706736
0.0808486659268464 0.079123185901775 -0.28398905815148 -0.0672810743364399
0.0407814300600961 0.0466026994584522 -0.525657747712498 -0.0247435336145766
0.000604260533089662 -0.00310828337751955 -0.64902617236394 0.00867833289468971
0.044823215491161 -0.0698987120736586 -0.735517678232246 0.044165606184059
0.145740310036024 0.0222634638934796 -0.722443957181108 -0.0133191339485083
0.0233387962290165 0.101195317348754 -0.591402076434116 -0.111631511540631
-0.0822894249926536 -0.00014232799194554 -0.221837686673658 -0.131130185383451
0.087990486600525 0.00878660820399315 0.131949511536583 0.167415696942918
-0.0168990759783515 -0.1515205534964 0.53166571701847 0.249635323281045
-0.153738447954025 -0.0586659773918941 0.72553036597824 0.110975203496739
-0.0903740394167614 0.0718119021339014 0.758429097885717 0.0447332083617471
-0.023193823458525 0.0161095092793203 0.704876157352783 0.040159637837136
-0.0406119740691579 -0.0532817330152591 0.541936439557768 0.0164024698252426
-0.0790443523117589 -0.0911151818297928 0.300647342723709 -0.0108753301625352
-0.12189624362065 -0.0935258258051723 0.0282827809910365 -0.0406735966678643
-0.101068688750076 -0.102799990014255 -0.18845553995121 -0.0764462853896364
-0.0379643452804241 -0.0594487647279888 -0.455097279704796 -0.138538738474061
-0.0344991569194768 0.025628791620664 -0.624284409594475 -0.218618790700946
-0.139184480440267 0.0621120346724996 -0.714415565466113 -0.28252784613187
-0.181834472566023 -0.0896055126929354 -0.681568501187848 -0.296960456535263
-0.00354991091042201 -0.138398721367464 -0.558724904217146 -0.269796228662774
0.0675768392376033 0.00627118897895371 -0.206772121727624 -0.155588387147563
0.0880997867707751 0.0250020677078881 0.110460651229829 0.171509250977923
0.0124421982593901 -0.143735877260063 0.517090729888212 0.31048471618348
-0.135202289934908 -0.0820321544086551 0.693744942497248 0.223395622966837
-0.100215304860744 0.0494046683076049 0.73927737647974 0.209211576040619
-0.0275963931908945 0.011586045039244 0.711812053373866 0.166233457582368
-0.036918295467577 -0.0543658838753797 0.533816940877357 0.0568013779803527
-0.0725529585591804 -0.0883034711436243 0.269476693217872 -0.0267740723796159
-0.120709974223974 -0.0833877973443007 -0.018026313288165 -0.0750754777257175
-0.104985174969468 -0.0903178362399572 -0.232717201879493 -0.0984437563202751
-0.0467400654391826 -0.0504591649238155 -0.485707717911764 -0.103178213979856
-0.0297940944500759 0.0283933062399647 -0.639361632035617 -0.10749201485466
-0.112342122696004 0.0779898201569767 -0.738359484279564 -0.119188412859771
-0.17563952112682 -0.0473799957996633 -0.719648330662263 -0.170659595726124
-0.0237513399689966 -0.123566204167976 -0.569593301081203 -0.199898231604356
0.0617328830697481 -0.00336612043989405 -0.218171099298022 -0.143059960845353
0.0763279248297271 0.0340278186396259 0.0905997779313904 0.172140469155959
0.0322159053222901 -0.115102172384592 0.492327616076916 0.371859462291999
-0.0952191572695043 -0.0832045724008805 0.647108846650536 0.32616633452064
-0.0860544774267948 0.0241860535507109 0.687825949826453 0.361354709637381
-0.0261715012436868 0.00293646828232219 0.694370786440586 0.289119316158506
-0.0291267159548376 -0.0486674731754551 0.522540610541846 0.0977712647858301
-0.0566529363935256 -0.0718559153503301 0.242427397904016 -0.0421318034671189
-0.101494077414898 -0.0589503799469146 -0.0614713698327114 -0.105915551457444
-0.0918631510567266 -0.0645088401849024 -0.277743547538312 -0.107505469153147
-0.0437699581058234 -0.0316942608554884 -0.51217607458255 -0.0618496275914357
-0.024899706626038 0.0294529450561414 -0.637229789716556 -0.0024459720256215
-0.078510535852626 0.0735254481739625 -0.730748174459285 0.0305804237555442
-0.137258240667714 -0.0125705459264621 -0.728418828399424 -0.0459948676708
-0.0308171961228994 -0.0886902069973018 -0.578155763829199 -0.129738061858029
0.043523067008771 -0.00665274674705202 -0.228312149774191 -0.127143504300243
0.0558892446075933 0.0300013049395449 0.0764721240983323 0.172342381831204
0.0322818217761237 -0.0748739133635968 0.466204739214725 0.419323552603689
-0.0482760119576261 -0.0543264778381688 0.597600524002613 0.401883522944325
-0.0491978204492745 0.00465397462128324 0.626620880731361 0.474891287127614
-0.0180396287831963 -0.00430845136188611 0.660264669764632 0.386991089794906
-0.0197322623769434 -0.0327143394268529 0.507453513169268 0.130505146703637
-0.0330704189411172 -0.0432618205921484 0.222908842878013 -0.0530532561876913
-0.0689610654671365 -0.0235829705129818 -0.0949747000665789 -0.124114752003835
-0.0636724436078518 -0.032358386460287 -0.311289125445286 -0.107566629982054
-0.0304801104583496 -0.0114156956456771 -0.530154074052786 -0.0230846254268233
-0.0188141297694667 0.027270938570325 -0.627748033320275 0.0754593236342517
-0.0485296394336862 0.0513798821139368 -0.708864408187118 0.137127648449784
-0.0792343995731189 0.0030582855637495 -0.721349775809086 0.0498967411030327
-0.0232380147358505 -0.0467362825643368 -0.577673305777662 -0.0745138877339596
0.020248081481081 -0.00239108163674722 -0.233913636019264 -0.116038575366064
0.0327711049367948 0.0127191197665181 0.0682357468041381 0.173555695697303
0.0164033903853304 -0.0327336482134875 0.445912047753554 0.444037454566014
-0.0063445470215756 -0.00329326366298415 0.560601530500774 0.442815518658423
0.000160245037807934 0.000126075877605263 0.582977534582328 0.539862355542578
-0.0059612148122653 -0.00731759154962632 0.634287360626424 0.441279564180102
-0.0117885737044331 -0.0100291425355755 0.493438245002612 0.152214895962285
-0.00661236084942026 -0.00587211483833559 0.211842745295013 -0.053498520369252
-0.0280687047598897 0.0154668049264999 -0.113341828824668 -0.130652352269067
-0.0234837737765795 0.00115155781383959 -0.32919631072315 -0.100404921629051
-0.00911615404668925 0.00596487077873292 -0.536377379717821 0.00303288533359515
-0.0134529553770421 0.0215840564505243 -0.616930334772114 0.117989696504022
-0.0255210760951897 0.018209801021191 -0.6906004960938 0.196136266460099
-0.0166356530309256 0.00486283146821895 -0.709861969270635 0.102639412396
-0.00353104318066727 -0.00512359700087065 -0.573582456313215 -0.0406082729149957
-0.00580496722181127 0.00483059311943036 -0.235699565556553 -0.1109119783575
0.00771512401191744 -0.0078448940472987 0.0681922732756963 0.18007175277809
-0.0060240422207402 0.00772306534613372 0.438058441831759 0.447251133324789
0.0343023278059496 0.0517714693850618 0.548745384566286 0.452156116179934
0.0500099946333806 -0.0018201193591293 0.575469517321761 0.549415030443045
0.00622675038370974 -0.0070354646786566 0.628457246365139 0.444796824035997
-0.00433771618566791 0.0170795153532859 0.487850825865497 0.156246708390413
0.0215159905687654 0.0327953792068066 0.211328385555271 -0.0468324036587639
0.0156234027137177 0.053938216241222 -0.113044559505024 -0.124913823701031
0.0185833684663554 0.0319641769897932 -0.330360961659705 -0.0894063200418105
0.0132024484376659 0.0215932340623509 -0.537037752875682 0.0156671054977138
-0.00765624488382912 0.0120713664745294 -0.618714846953712 0.122220292256174
-0.00451342144259864 -0.0176878313153351 -0.691362123163152 0.201460896439647
0.0465397692149097 0.000708007115528018 -0.708098625446343 0.1103632399593
0.0168230396906995 0.0343605410504666 -0.577594638378154 -0.0364399592465675
-0.0325778568417854 0.0109296441984647 -0.235220243592477 -0.111484989189442
-0.0174070772537452 -0.0236285129638162 0.0775428836730697 0.187480322544944
-0.0209672780513624 0.0474579011943983 0.44217108869553 0.425429467483544
0.0773528964714639 0.0917800282763061 0.566781486168214 0.425653980081453
0.0886987029010221 -0.0112162387621839 0.610499774222007 0.504582066684024
0.0125318376203221 -0.00546302769208089 0.641973990136459 0.402008576134176
0.00633694996126827 0.0424173749312512 0.490171169458673 0.146383964915218
0.0503105227852635 0.0665969500321243 0.222231064383923 -0.0294582710589567
0.0565119936145885 0.0867844689979237 -0.0966949777546506 -0.105044490647933
0.0554212709891552 0.0578117796380667 -0.313028557628143 -0.0776445663930909
0.031296939620547 0.0350291310129123 -0.533592151666436 0.00626827383130176
-0.00383006100706218 0.00348460647628606 -0.62981531212248 0.0895127921368807
0.0180813827920569 -0.0496778804792204 -0.707783371535772 0.154430121880772
0.102998331722956 0.0026970928531919 -0.713025580381135 0.0774068657816955
0.0287511287704273 0.0714181880428849 -0.58378616179727 -0.0567234874829082
-0.058413325611801 0.0107346619052807 -0.23104755526969 -0.118104418209318
-0.0386225606956419 -0.0258347998335817 0.0964191672889345 0.191727042339217
-0.0191373167527031 0.0795358965221443 0.456540026216956 0.387639745652231
0.118972525411185 0.099578979363609 0.60938618863772 0.365468096296386
0.106506859477763 -0.0303443286706886 0.671125119574132 0.400889044626257
0.0153694388764952 -0.00441390892146823 0.665183392323811 0.314653988174749
0.0216368172665381 0.0591428142933293 0.499005947625842 0.126555219673898
0.0766393436539033 0.0868527151575619 0.242523390539566 -0.00746696242922482
0.0877803647624316 0.108265060908566 -0.0656061391778285 -0.0758437370287193
0.0816386068586382 0.0767261263866819 -0.283068877913135 -0.0626423177756438
0.040832813428641 0.045347064682179 -0.522372310575046 -0.018329149581531
0.000710829890245436 -0.00360398023419472 -0.644962198804613 0.0185525707046771
0.0442753672988524 -0.0703158183139651 -0.732907845820795 0.0553485089082114
0.145314794489265 0.0192234822326403 -0.719298726887081 -0.00215195879036275
0.0241545115552809 0.0995860491659383 -0.589890115740754 -0.103435560279698
-0.0819041849029203 0.00166550930896523 -0.222898478390495 -0.126723213021042
0.0882454936348354 0.00749227921322708 0.133329921294755 0.166072789585436
-0.0189177496152895 -0.149325554846873 0.532414881808579 0.239522982975065
-0.154765515617577 -0.0563269294702694 0.721866144284287 0.0997736638934997
-0.0887279660419312 0.0725526457289 0.753669118208971 0.0331832458912242
-0.0224878413246316 0.0162577476679842 0.699884278429786 0.0305218079710293
-0.0407666152758897 -0.0527525138248324 0.537749446680567 0.00881770004451391
-0.08002384065736 -0.0897335622250613 0.298402062396431 -0.0149612938537121
-0.122920718578492 -0.0902016641161758 0.0266763305909174 -0.0392998680694417
-0.102433548180432 -0.100594517393843 -0.188485669994977 -0.0733320514768007
-0.0392248737865958 -0.0595119140742463 -0.453963386374702 -0.132464084959192
-0.032587531436525 0.0252307181787191 -0.622238037929459 -0.209592135260265
-0.137135004903925 0.0637023387952114 -0.7121452036324 -0.27301868827735
-0.182047760484144 -0.0876451205967314 -0.682118905997317 -0.286768137369104
-0.00400884256458263 -0.137175031159726 -0.55798331522242 -0.261142070975462
0.0668059139218679 0.00558377700935256 -0.20736048722612 -0.152681374308651
0.0879058572034982 0.0238146320196014 0.112496257593418 0.170424520550098
0.00942475773309128 -0.142550707810069 0.516800992934617 0.303421186953572
-0.136014262127897 -0.0801633256844744 0.693249404299015 0.212769970425148
-0.0988553611548939 0.0510143616991848 0.73656417943854 0.197018509163361
-0.0266233804991275 0.0116524215352166 0.708699161532315 0.156804049928081
-0.0366436332169663 -0.054537544182573 0.531678474839129 0.0492333908908154
-0.0741880112377831 -0.0864858125350714 0.267778703778535 -0.0296519113239114
-0.120959417714601 -0.0813803896474331 -0.0195520713352395 -0.0743983110641351
-0.105974750299228 -0.0881282917888658 -0.233135804393154 -0.0943358782722065
-0.0477013454836078 -0.0497857846298391 -0.484235542142131 -0.0981046482355685
-0.0289061141087686 0.0281146772441001 -0.635784483878202 -0.0970532986009074
-0.11076161195249 0.0786521607379673 -0.733445544176607 -0.108534888504983
-0.175449233111249 -0.0457369569122228 -0.717515743605644 -0.160923072659914
-0.0254508456626793 -0.122672959738376 -0.569478176999786 -0.192945073695933
0.0613476600072141 -0.00310722307431811 -0.21858472902561 -0.139086949678339
0.076580417051586 0.0324826372194182 0.0915809178357765 0.171735492578492
0.0300640124523616 -0.114356269083447 0.493114194200445 0.363763230058096
-0.0950647674095877 -0.0811950700943723 0.647910516963887 0.31440104055193
-0.0849503632781285 0.0243605600481664 0.688701178797888 0.349803224963637
-0.0254550790815975 0.00286024826558055 0.69126284426403 0.278371400855584
-0.02890360216202 -0.0484757864607762 0.51942706631471 0.0908430871769245
-0.0584419642561362 -0.0706769241153325 0.239674377259649 -0.0453085788267636
-0.10227197717604 -0.0571948078548899 -0.0636962236067539 -0.102810355442201
-0.0935235518587115 -0.0629648635015183 -0.277397767751905 -0.103474216097693
-0.0448145353982237 -0.0314317409523937 -0.509242356571218 -0.0554329498394872
-0.0235496965433125 0.0294475800282803 -0.632872591529637 0.00526758423000503
-0.0775395073545516 0.0739158751932458 -0.726056579187703 0.0397621666412631
-0.136481094000554 -0.0108623163860945 -0.724232230815656 -0.0370469563451367
-0.0325290208462706 -0.0881632104468558 -0.574117964098827 -0.121978128814562
0.0435668727857703 -0.0073177418276262 -0.227681668650092 -0.123795672797336
0.0572933622585656 0.0289670944284524 0.0771974563891341 0.170648405377507
0.0312895001360862 -0.0736940676040727 0.46831441291339 0.411136389106181
-0.0485048782272914 -0.0527681704820094 0.5985704940372 0.390840128798033
-0.0486645602708562 0.00562721680881692 0.630875118937497 0.466107468157451
-0.0179328903166582 -0.00402152768921928 0.659794421669128 0.376040421483703
-0.0203583963595864 -0.0328403237975544 0.505545935500485 0.122862683547869
-0.0336801014602006 -0.0432431371221606 0.220392915612046 -0.0548889054632601
-0.0687599437161849 -0.0220889776735109 -0.0966368966027928 -0.121942381224196
-0.0635462379963816 -0.0317438938882529 -0.3106560439965 -0.103639687280453
-0.0302332273143158 -0.0113233121870119 -0.525899608671565 -0.0150438784753955
-0.0182254442666596 0.0271812139347156 -0.622623120858967 0.0844847480137301
-0.0482033127161805 0.0520016646814639 -0.701826165107263 0.145828356529299
-0.0797596215171338 0.00385634474649798 -0.716071012351018 0.0581705207100275
-0.0236421053075623 -0.0467360998056429 -0.573407902576576 -0.0663325599659124
0.0195069128802871 -0.00264405145440393 -0.234474647632015 -0.112638773397191
0.0327581839549122 0.0131149959133166 0.0702687441712375 0.172470804308246
0.0159660890237433 -0.0323965609432333 0.449062214039814 0.436480471602503
-0.00570091722910665 -0.00276154052264667 0.56283754045059 0.431765427450713
0.000642602109888627 -0.000314098692357146 0.586105243583983 0.528253687470771
-0.00532214072110458 -0.00793068064255244 0.636507554139157 0.429726643727076
-0.0125716669329946 -0.0102119805672286 0.491668907970439 0.145175812187441
-0.00712624589360378 -0.00603777984566315 0.209714633167108 -0.0573801832016846
-0.0283216869618084 0.0157375288892891 -0.113981922290049 -0.128393962493778
-0.0238849405423308 0.000973118700699495 -0.329022297896586 -0.096365001697002
-0.00904765738379774 0.00630238127795976 -0.532571761278822 0.00999045632177028
-0.0125867237917009 0.0208075706066943 -0.612120585712945 0.124240067325034
-0.0245998170130841 0.0192822843886609 -0.682542965709916 0.20372034437719
-0.0165576825081676 0.00464571234186164 -0.705188866411168 0.110963020773605
-0.00357478004266166 -0.00478462208068345 -0.571641376917688 -0.0338158309818758
-0.00592896222604963 0.00494182700695556 -0.236597410677335 -0.105898792924321
0.00749383496125961 -0.00806357526579896 0.0697012821443049 0.179228158802533
-0.00644981738443218 0.00841871833669517 0.44036590052623 0.441683145351686
0.034424480911137 0.0512519477487854 0.549782596461833 0.442428869539167
0.0495508069326095 -0.002561998295788 0.579705911687118 0.539604984153812
0.0058914944244209 -0.00736958597990643 0.629700467719463 0.435821654084916
-0.00415307926643433 0.0168239109290798 0.487937471887102 0.147454947516842
0.0211492850427705 0.0319554858997861 0.209038532404128 -0.0483959743560011
0.0165072259602964 0.0539299301324005 -0.114618565385776 -0.121753668826909
0.0178986205254385 0.031045859815563 -0.329634414929181 -0.0849719972651972
0.0129135389211423 0.0206951456202134 -0.534088112864976 0.0211841005298905
-0.00807432650725992 0.0129248368480552 -0.612671508182438 0.128511899415135
-0.00546762150115772 -0.0171926081400606 -0.682176483946157 0.208841156510648
0.0458145998706485 -0.000819950746610286 -0.701787330647761 0.119886029196512
0.0171885247898901 0.0334486432050845 -0.572444492459351 -0.0286744101915439
-0.0321357921378634 0.0114454428117329 -0.235451494963989 -0.107579664450419
-0.017486390141035 -0.0230634314616215 0.0794074596114928 0.185996594555615
-0.0212371095623654 0.0485602903853801 0.446175278052716 0.419525112927343
0.0776994495118999 0.0904091507228978 0.567642417360528 0.416452382301944
0.0878948368147082 -0.0130169957744601 0.613558852121477 0.494761609038375
0.01316334639646 -0.00633699469376256 0.643473798509417 0.390771172912428
0.0073649421099422 0.0418476371261078 0.488366355172815 0.140151204001636
0.0499815184672488 0.0659546750712878 0.219332684178689 -0.0323346338926372
0.0579316901811717 0.0866393128093067 -0.0979370784139042 -0.102269250125913
0.0551234309997158 0.0566075370421807 -0.312374309568759 -0.0728809268676293
0.030871880438174 0.0341208281842481 -0.530950668215189 0.0130159259321369
-0.0041091309071865 0.00372015306130539 -0.624044741532995 0.0975132194219672
0.0162034538988413 -0.0499542219944247 -0.702034069138385 0.161458673686843
0.102507334939746 0.000938338028417775 -0.7068671856478 0.0838525250764572
0.0294483970020716 0.0692864217536386 -0.581482194534829 -0.0487604723645736
-0.05796042274886 0.0115007740603376 -0.231274976015589 -0.113956013895598
-0.0386002303965374 -0.0257982613967713 0.0978466237696271 0.190103120476388
-0.0177397355026055 0.0798137428879554 0.457537276729745 0.379380461972052
0.119015667793428 0.0978180216893683 0.609108779384269 0.354438729661407
0.105236141127377 -0.0321808014652083 0.671627877696614 0.390374416524533
0.0150343268568405 -0.00413021577682422 0.666304257355887 0.303260168955983
0.0221736460274302 0.0582183301041862 0.496094134517664 0.119334025658141
0.0772433662384493 0.0857208666320376 0.240432067342332 -0.0112387564800437
0.089742235719271 0.106712694343344 -0.0667630256554157 -0.0742227371629978
0.0812421285728994 0.075731602269702 -0.281354192531991 -0.0587988827761563
0.0405420598248055 0.0452140742516193 -0.519442994337485 -0.0126556552109662
0.000366198218275083 -0.00335089019156679 -0.640143420324508 0.0263816125553852
0.0428357267297263 -0.0703395568023755 -0.725653668083519 0.0633487677993766
0.145038662322595 0.0174220186855546 -0.715665001268276 0.00483066700458157
0.0257784610496285 0.0992878573647976 -0.588843042158751 -0.0931851460797346
-0.0820879464686693 0.0025524302607893 -0.222655296619267 -0.12257389463611
0.0882207767041971 0.00696949434976536 0.133720652773225 0.163040193854291
-0.0211579490446856 -0.148369717958876 0.530068473464061 0.232244224874245
-0.154279476335644 -0.0542011755381207 0.718071485904517 0.0908470364201166
-0.0864618940505996 0.0723110352840574 0.747234919221971 0.0247224493204288
-0.0213062259655751 0.0165376372629227 0.693921343710446 0.0215763381627251
-0.0409051543948911 -0.0520769834723711 0.53359863137354 0.00250289529627589
-0.0811708169583066 -0.088436042504684 0.294976179740393 -0.018250605618497
-0.122587922788304 -0.0878506433016053 0.0260398912455929 -0.0390119944648849
-0.102844233299557 -0.0985697956004049 -0.186674143875751 -0.0707656515071046
-0.039202751722921 -0.0592983740335446 -0.449522724895479 -0.125930384033997
-0.0318935247472966 0.0251783290479301 -0.618855681361326 -0.200558122222297
-0.1354330649744 0.0652413548181995 -0.709348276567674 -0.259985198295113
-0.181804083601816 -0.0853666630209037 -0.67800797329802 -0.277239606989765
-0.00675885791928755 -0.137234483144346 -0.55469799759174 -0.252112513694308
0.0666893149810945 0.00454302218071431 -0.207104873396665 -0.147639029711615
0.0877022035375611 0.0231042256412849 0.112246420878727 0.167373552583851
0.00751987725034986 -0.141389079843241 0.516920913485983 0.297355165640246
-0.135969406161057 -0.0772973441895989 0.687615755952547 0.201329003425636
-0.0966882866826768 0.0517360089409986 0.733565656359846 0.186832305884699
-0.026115823796156 0.0116331382435595 0.703134659209748 0.14605429904052
-0.0370752901753876 -0.0546411399870286 0.525807737324253 0.0440001334932637
-0.0750491861652327 -0.0852453988787068 0.263369417120793 -0.0325333628388029
-0.120832838098781 -0.0779190537410663 -0.0202147056920693 -0.0734348827771542
-0.107347375749235 -0.086455841461541 -0.232352246158296 -0.0908188826873045
-0.0474649503413098 -0.0495928165672017 -0.47934452037525 -0.0911483561402642
-0.0278955025969904 0.0277003986470524 -0.631913708481869 -0.0890797931433915
-0.108932462767103 0.0793967763341972 -0.728593559698895 -0.097842191467265
-0.174213729131046 -0.043120946700911 -0.712791920368823 -0.151806320337907
-0.0265178860003109 -0.121592845291145 -0.566729737524157 -0.183393826138703
0.0603461320650539 -0.00407316346627781 -0.218360055878174 -0.134827060502558
0.0762383394977992 0.03192251945394 0.093129678092112 0.169327847825252
0.0279506905055779 -0.113714125069237 0.493585960599254 0.355226054494472
-0.0957605256718685 -0.0790837697623196 0.643953751585131 0.302512568147197
-0.0833880974640315 0.0250156761903915 0.686608906409997 0.33675736359322
-0.0249566086486889 0.00346721006422585 0.688535916824997 0.267754639170208
-0.0294419132378329 -0.0482824439287333 0.515096939635986 0.0838689815669421
-0.0581190483522925 -0.0692561595665672 0.236515440134899 -0.0475687382448156
-0.102224443511374 -0.0538519963988303 -0.0642925818859469 -0.101141352688113
-0.093369758790309 -0.0616027550142738 -0.276185902047147 -0.100364053962466
-0.0447610966965405 -0.0309581603650271 -0.504974631897519 -0.0499101488088537
-0.0230185262740206 0.0296289425532774 -0.626076819504124 0.0133956754714746
-0.0756829768218158 0.0744107563054313 -0.718984201010039 0.0478354100078889
-0.135111608661271 -0.00881449841669659 -0.719188980728596 -0.0276211041815531
-0.0338673659695671 -0.0869003928295787 -0.569705216760604 -0.114455930818642
0.042991992376369 -0.00714989016459647 -0.227111009460864 -0.12030835960851
0.0570474507242336 0.0281860629497707 0.078231678484519 0.168758550771653
0.0301658833269061 -0.0734069585866959 0.469198868975332 0.402745567998261
-0.0497421776046533 -0.051714781240764 0.597193935877963 0.378786767864555
-0.0477441186438157 0.00596079595220631 0.629591236518663 0.454524383908107
-0.0174578147893669 -0.00357068240243184 0.659307485882566 0.364504366387345
-0.0205607785531767 -0.0334934785323784 0.502105982303078 0.117417033812418
-0.034867972625073 -0.0418174619347731 0.216952485449715 -0.0570533137189942
-0.0690234582173927 -0.020702845122421 -0.0975016739638363 -0.119300122348828
-0.0641156839637344 -0.0300444221664386 -0.309436050120442 -0.098154459701065
-0.0299531825984808 -0.0112810386127878 -0.520569930541534 -0.00955598923591876
-0.0172077943233131 0.0275458389362324 -0.614954371338339 0.0896429201892104
-0.0476545340977114 0.0525113340427797 -0.693884655739732 0.154620217613135
-0.0785783948272684 0.00586354612936682 -0.708706642221313 0.0664627559001023
-0.0240085236486159 -0.0457436178792517 -0.568291222261062 -0.0595542441242462
0.0191307160630212 -0.00265797402725321 -0.233642697198201 -0.108586645225801
0.0331761595709861 0.0126104407984942 0.070693965422417 0.170637359990429
0.0154435821366688 -0.0327122749876535 0.449833636148865 0.428880590291899
-0.00610428710120622 -0.00252929602399502 0.561032582552112 0.422322269162831
0.000236783509193831 -0.000880999498023511 0.585935358038504 0.518037440911832
-0.00514740855406676 -0.00778805121426199 0.635394199332331 0.419490446706241
-0.0124745534411106 -0.0103243082498363 0.488118012178077 0.137074271866603
-0.00718738144629177 -0.00601110921934395 0.206948165901869 -0.0592693370884796
-0.0269585458658304 0.01686308290941 -0.116015594531159 -0.12509960388621
-0.0241472679248971 0.00138510152707765 -0.326565696407097 -0.0907102533453431
-0.00931033802258506 0.00619151040947806 -0.527446086177342 0.0168734835965617
-0.011852908733079 0.02094622108648 -0.604259866065618 0.131536809351062
-0.0243082221175979 0.0195029691828721 -0.67449707713811 0.210581943516058
-0.0163107845491666 0.00521770053991757 -0.695333854069608 0.118229983192394
-0.00380915009564493 -0.00497518746985388 -0.566284824182604 -0.0274308073552811
-0.00612414355334163 0.00560907370829552 -0.235010007104204 -0.1022000348018
0.00748654319847916 -0.00705004920762436 0.0717241531352293 0.176956355399128
-0.00696048136422949 0.00815559567508159 0.443120590612184 0.431944753867784
0.0344490998166291 0.0509326557516103 0.549340621221513 0.431027000557995
0.0491500290964749 -0.00334683055009339 0.578526806847718 0.528278756592608
0.00625365428472626 -0.00759236641403698 0.627738707034988 0.423491528196803
-0.00334135739007408 0.016683029488359 0.483354298143868 0.14271344743524
0.0211373431803796 0.0320637332666115 0.206245338550127 -0.0506796926481769
0.0169868427793095 0.0538413188497902 -0.115262077676786 -0.118497560228562
0.0185791346868601 0.0310082258956738 -0.326747587568407 -0.0793771320429929
0.0129022922321106 0.0202921191054029 -0.527912959590227 0.0269515617078221
-0.00671985163281123 0.0118509924825431 -0.604077286111206 0.134886682389674
-0.00517810684072556 -0.0166307646889517 -0.674095533073183 0.215476873402555
0.0458064512249665 -0.00104967139274217 -0.694182365396125 0.12647281462706
0.0175911738851075 0.0335776282362052 -0.567593046206788 -0.0236292802885176
-0.0313265170247212 0.0118221317329752 -0.234603299626615 -0.104116316226608
-0.017298992864307 -0.0224855645844901 0.080200693054451 0.18475430936213
-0.0202542064107611 0.0484394414634064 0.446403682234146 0.409638914409538
0.0784097138881261 0.0883519101180265 0.566937292108216 0.406027022005199
0.0874983769661608 -0.0137493329069612 0.612814032886864 0.481709288366709
0.0132516427222912 -0.00653462818236662 0.642842433525671 0.379648920880396
0.00751791918570864 0.0414054737038249 0.484802998085422 0.132268317176467
0.0495707898240588 0.0650179074171753 0.21705655982619 -0.0339643800605513
0.0589496987179647 0.0847636462059654 -0.0986835234093381 -0.0990512702977224
0.0560544332744406 0.0554396628881058 -0.30979059127986 -0.0680617022102178
0.0305551246282701 0.0321560713851078 -0.524632586207549 0.0193439819162677
-0.00319643092670879 0.00344608649092871 -0.617656468999197 0.102490887783285
0.0155400243526873 -0.0493967464769948 -0.692148007867831 0.170526717523031
0.101823984561097 -0.000412289553100686 -0.701165168129124 0.0925900222041846
0.0306385073520294 0.0688041939851898 -0.574139094910498 -0.0421462338755498
-0.0577166360315193 0.0131308711182182 -0.229363591397029 -0.110281521579692
-0.038397563048613 -0.0249416790227861 0.0987828205410935 0.188360370115424
-0.0163771538523544 0.0794649009324339 0.458736766717353 0.372506013727715
0.11987281734929 0.096146783880679 0.607254704018665 0.345870615888463
0.103460988585215 -0.0338286007017448 0.669206986617226 0.378528920253583
0.0151070687103486 -0.0048955648481966 0.662183400294256 0.292918818819392
0.0227537883455213 0.0579917944572026 0.493197220245078 0.112581593177043
0.0762669840497511 0.0837620998917514 0.237956694287089 -0.0140700047589258
0.0904124069323331 0.105010901473172 -0.0670533816594736 -0.0720326180645376
0.0817877729496326 0.0737666222548039 -0.279464680775599 -0.0547762602936155
0.0408625691118014 0.043975065356433 -0.51446791867007 -0.00432317748971171
0.000410357921735032 -0.00349689804063583 -0.634269234055401 0.0351709106839883
0.0413046311462543 -0.0701508380109275 -0.719872519655399 0.0711890487917706
0.143560661516347 0.0153774290161965 -0.708662217214597 0.0157769850053124
0.0260536241671173 0.0982329073287279 -0.581296661309589 -0.0868978887949725
-0.0808572167783436 0.0040379712978508 -0.221663028255688 -0.119740745956331
0.0873424939795483 0.00636102234035216 0.134411671491884 0.159941239951991
-0.0233443842287666 -0.146336396672746 0.526788654988313 0.224975686634344
-0.153846505077035 -0.0519579566665198 0.708836138150473 0.0805990289664551
-0.08471002711259 0.0727100677978037 0.739258531637129 0.0174487664509378
-0.0205756586840143 0.0163209562255034 0.685087012487701 0.0141146887532143
-0.0411127622486946 -0.051648076065783 0.527513517893165 -0.00325158616898902
-0.0810655978337949 -0.0871942370906193 0.291696198010329 -0.0213118992465868
-0.122086521204844 -0.0851702978783946 0.0250380393603981 -0.0383717738845184
-0.102912684433051 -0.0966350522045511 -0.185754629199406 -0.0689222766777575
-0.0393895224401893 -0.0583655049370931 -0.447204392006053 -0.119963204943099
-0.0309168803424444 0.0244162602686536 -0.614719747581273 -0.193397991853072
-0.133396444732232 0.0660944524640413 -0.703154562108783 -0.251776491450667
-0.181560134831078 -0.0821603548415439 -0.674525742619298 -0.26801205197812
-0.00762470311557355 -0.135687858570442 -0.55206421907684 -0.244388599764424
0.0658797929674474 0.00458564622798423 -0.206218533268332 -0.145018330265591
0.0875635453623242 0.0222782613496593 0.112740837525404 0.165834763482692
0.0057411227617114 -0.139317367409134 0.512352439404293 0.286645284967298
-0.135076750601032 -0.0755581779438367 0.683270604816968 0.192446263696231
-0.0950044927470523 0.0525629284714509 0.725779761586049 0.178390544669416
-0.0249827914341553 0.0120833159529028 0.695983270236763 0.137785728756187
-0.0366246113907062 -0.0538513175195238 0.520101767958832 0.0374317592302328
-0.0756551868174472 -0.0840512817447326 0.260951500043859 -0.0351567435308399
-0.120663431536278 -0.0768979019332794 -0.0211438181602489 -0.0712499259084649
-0.107695442864909 -0.0842105870145844 -0.231165899557287 -0.0872463256486772
-0.0474097440343335 -0.0487186030023522 -0.475458284314857 -0.0850088111140555
-0.025941641208612 0.0278673940263965 -0.624914209867118 -0.0830896486016305
-0.10580811022133 0.0798149324866312 -0.722333237895337 -0.09147559356991
-0.172784032324737 -0.0412215121735112 -0.707922385979251 -0.142472457625513
-0.0281005941064099 -0.119906181718644 -0.561877669890763 -0.175715537101794
0.0596754110860846 -0.00427376479004755 -0.216942907796454 -0.131317958627048
0.0764055182546385 0.0316950294168327 0.0933785244389309 0.167722220629976
0.027114456492877 -0.112332784626715 0.491621009042039 0.347557446866208
-0.0965643058700944 -0.0776445455563373 0.639270093725479 0.292622252741586
-0.0821379732575413 0.0251987082264728 0.681106689678387 0.329040349965584
-0.0242276755548099 0.00380942615445647 0.682891199627433 0.25795140927765
-0.0296206730311044 -0.0486523199199817 0.509762928298584 0.0791092615017291
-0.0594439989227257 -0.0685223662768078 0.233741314360694 -0.0498244270839134
-0.101014851688959 -0.0520625957410272 -0.0647423243167575 -0.0992014185710042
-0.0940732826622633 -0.0598670427974632 -0.274192254474194 -0.0961882406288389
-0.0441978937361028 -0.0306501079678104 -0.499216537667317 -0.0441887799900842
-0.021367901085433 0.0291562370870493 -0.619422402707619 0.0175637523551146
-0.073524246659123 0.074970788796162 -0.710362751612625 0.0534253340062425
-0.134941535705784 -0.00805201752893737 -0.712547764653483 -0.0213561356360495
-0.0337376887745405 -0.0864080081228318 -0.565831610654684 -0.108528551637988
0.0422404935965405 -0.0074062291141194 -0.226430072361019 -0.117187666170526
0.0569125273806206 0.0279788469741816 0.0784541994375078 0.167193378239167
0.0295490762305647 -0.0731505839742117 0.466597534564603 0.395085223869791
-0.0495705099739364 -0.0506973395997335 0.595377741409665 0.369710292774255
-0.0477752068461313 0.00578250683634935 0.625433107548996 0.444268878984675
-0.016485849853842 -0.00362240833397284 0.654945959468221 0.353642231269628
-0.0202891418515016 -0.0330020016514599 0.497749999867821 0.110250253267489
-0.0353171051677013 -0.0415736762185736 0.213868822664797 -0.0591611559139535
-0.0678254022147714 -0.0197350622944452 -0.0983122617056283 -0.116219784900096
-0.0643184170548612 -0.0292467958530427 -0.307222172223337 -0.0939590251123868
-0.0300382205275437 -0.0114738655625381 -0.515242983904066 -0.00518404473198089
-0.0155275927207484 0.0271064822082737 -0.605193789955176 0.0949451095892383
-0.0465208922994748 0.0519658215188569 -0.683949370884679 0.158215464366049
-0.0785217078399874 0.00625014327798554 -0.701209710425208 0.0716745524408997
-0.0249543425248756 -0.045050291338794 -0.563349850496718 -0.0526275724316642
0.0190514148048732 -0.002341345289673 -0.232562616937309 -0.104877371576347
0.0333054483448174 0.0123768089284453 0.0718633877239861 0.168989162161378
0.0144690034801168 -0.0319422604596679 0.448794450927481 0.420173977260204
-0.00597647235635317 -0.00242869015737363 0.558724832147572 0.412205520371875
0.000119442902497506 -0.000651869761445985 0.583005870072188 0.507168707214895
-0.00503698891372116 -0.00779733833321273 0.631437507397877 0.409207646639948
-0.0123650912504005 -0.0104415939588705 0.484084766653795 0.131549170276222
-0.00785594917604045 -0.00609604572609234 0.204057597306851 -0.0606650389114316
-0.0260470889016426 0.0180350320520554 -0.115900705263632 -0.121765406002529
-0.0244275000880469 0.00208624568765658 -0.323806536054823 -0.0868596595797886
-0.00908393897852106 0.0057692632387467 -0.521247490740225 0.020987136260852
-0.0103771914865176 0.020249175442204 -0.594840362115116 0.134736275182226
-0.0242873224771537 0.0198291662723867 -0.664615090958725 0.214077202133268
-0.0162481785611053 0.00474717784674285 -0.688783307256504 0.124022269972432
-0.00411084834112958 -0.0049742432928593 -0.558633413206016 -0.0207486380851636
-0.0052259799766048 0.00567951173256545 -0.233173239008059 -0.0986277459092798
0.0083239630778257 -0.00750128502911476 0.0717066702882443 0.174559810775065
-0.00619119612454398 0.00910368125530831 0.442460239296017 0.423150883446844
0.0344251668169849 0.049596038942178 0.548971709549979 0.421279606059176
0.0492069884341462 -0.00444002692012056 0.579275427430377 0.517167256438092
0.00591126534137176 -0.00822460621743071 0.624896002978335 0.411379970323791
-0.00377065523157313 0.015310779244032 0.479210870710927 0.137083684660166
0.0205193823011258 0.0317216213598138 0.203152012518191 -0.0516967031878484
0.0178428214712989 0.0539815899405298 -0.115724680674343 -0.115570515116754
0.017795795862207 0.0305987768304164 -0.324388449276967 -0.0753563527969381
0.0128428306102254 0.020038739403668 -0.521116930999249 0.0328715139427266
-0.00646675708029354 0.0116246087630307 -0.59618638394477 0.139165626595119
-0.00490226619442181 -0.0162865031886867 -0.663659321769041 0.220633480002142
0.0450137996836691 -0.00165028775334442 -0.685842306607405 0.132050919154704
0.0175155874848108 0.0326866155530621 -0.561080582680063 -0.01647257835836
-0.0313090862906361 0.0131159703255352 -0.232831779947033 -0.100237144216021
-0.0171954296993175 -0.0219111100907033 0.0810500964745311 0.182359096487907
-0.0195452148075727 0.0482791064921015 0.445158994574585 0.401444306826768
0.0788016290482138 0.0868873263372801 0.564624778595958 0.396129103935342
0.0863742919765072 -0.0151465834211772 0.611333636620197 0.471678007498627
0.0123395979082566 -0.00686770893500775 0.639301420786152 0.369107872727639
0.00734424350737693 0.0397670259723311 0.481159276854567 0.126702937978113
0.0499079785861738 0.063219863838174 0.214562674025412 -0.035456706003656
0.0596967139931605 0.0838597093904838 -0.0983705392166134 -0.0969318257641749
0.0553896902350863 0.0549214358750592 -0.307027860549724 -0.0644150892023184
0.0304767207533178 0.0317451382914245 -0.517448684388764 0.0249749036930208
-0.00269385882865471 0.0036677601633557 -0.608656910282782 0.107764473868375
0.0149133275994691 -0.0494406594554951 -0.682816129371426 0.174115932317709
0.10027221627868 -0.00224991002527289 -0.69131873694194 0.0972806486421879
0.0301375940646264 0.06728317732601 -0.569608364683864 -0.0371555225813075
-0.0567303744059173 0.0136237058734548 -0.228348279172579 -0.107414856014365
-0.0379351667842519 -0.0246345824252144 0.0997630313407749 0.186027659781161
-0.0160736947403684 0.0795190390548484 0.458170218663783 0.362914497418249
0.119473767960597 0.0930806048548044 0.60363037803096 0.335716001248307
0.101906561668998 -0.0340805867300955 0.666013681327663 0.369959827801222
0.0147411257129867 -0.00548145074866486 0.657302547545507 0.283668712458753
0.0229626380356572 0.0560048873063616 0.488323950695162 0.106520591055278
0.0766505331894928 0.082608275982822 0.235454686945099 -0.0155202701012862
0.0909889268015101 0.10328314642257 -0.0671453354804931 -0.0699998549370744
0.0807087198884273 0.0724703013854856 -0.27621129605706 -0.0516703260782353
0.0403076991593428 0.0431229601604951 -0.50790148341168 -6.35358667551121E-05
0.00075017213809705 -0.00344596476604018 -0.628512563977 0.0408347521387556
0.0393412326327803 -0.0697351206135231 -0.711476779508324 0.0789441862681061
0.142714304137472 0.0129204743016548 -0.701390836947327 0.0196454087552458
0.027333296518852 0.096998145789824 -0.576568952919001 -0.0800386729397205
-0.0800786099270621 0.00512245218468058 -0.220757323176486 -0.116712380208584
0.0867860215713677 0.00600482130618139 0.133890604020661 0.15914665248532
-0.0240472752718332 -0.14329881475875 0.521358619196149 0.219106981380535
-0.152312423890219 -0.0500859949915435 0.702887180735461 0.0743766825214639
-0.0833442634443797 0.072220646465655 0.729517050991807 0.0107741677407511
-0.0199845091610595 0.0161654679002271 0.67731053610103 0.00818576749491199
-0.040922762966358 -0.0524324379955961 0.521370118869835 -0.00692624105970218
-0.0822424983976511 -0.0850430880009556 0.288294152542245 -0.0224301657179086
-0.121386379540941 -0.0828770671363111 0.0245005120264841 -0.0385802074164261
-0.103487144142531 -0.0951637860906377 -0.183280064907674 -0.0667520957467771
-0.0391717412723152 -0.0581885626013801 -0.442381393138513 -0.115819354927485
-0.029466772144043 0.0245629173043919 -0.608234702493961 -0.18519701020771
-0.130743596664997 0.0660296873422901 -0.698425058537058 -0.243392988485478
-0.179735070392626 -0.0800645196926945 -0.669171982327463 -0.260040012994663
-0.00869539409256944 -0.134524899879889 -0.544834093970871 -0.238093628233653
0.0652436329743162 0.00400520605644718 -0.204640308102115 -0.142256223709996
0.0874117293343361 0.02164324874035 0.112882924125548 0.163936183689773
0.00469877457107735 -0.137872419015104 0.508415632138671 0.280233631164362
-0.134961964762077 -0.073773063264942 0.674117403449704 0.186668058034384
-0.094028219980436 0.0517089418599885 0.718756049230988 0.171593123370532
-0.0243812522594907 0.0115702999544298 0.688554301974351 0.13111824055289
-0.036915593214549 -0.0541868364033339 0.514259473139267 0.0336207528682138
-0.0762058091126146 -0.083045194497333 0.256849032524909 -0.0371028651299836
-0.119701262249402 -0.0738350501290439 -0.022101151070963 -0.0696609387537643
-0.106856248970369 -0.0824784624952672 -0.229402391061618 -0.0856308475904491
-0.0472185112693667 -0.0482145979151202 -0.469979014058341 -0.0803225489091721
-0.0260854318934666 0.027146828272908 -0.617496497649425 -0.0774064807187192
-0.10401620454741 0.0798796029974939 -0.712604895614412 -0.0847511535792772
-0.172462704306837 -0.0396049317214453 -0.70003161937077 -0.136571401079531
-0.0284516353059079 -0.118154014943344 -0.555985922869677 -0.170803353381571
0.0586790476910519 -0.00437491031795276 -0.21614299221091 -0.128037874821614
0.0761541598784033 0.0309205842596161 0.0932007509171418 0.165372466487224
0.0249709600869186 -0.110982942674841 0.488603000894094 0.340007950120415
-0.0963518565660964 -0.07593168881533 0.635315158828559 0.284988388848235
-0.0819242159397847 0.0252897654401285 0.676498162789353 0.318467190376711
-0.023540470899392 0.00388932614949947 0.67610567810532 0.248685180409727
-0.0289307734189327 -0.0481807578664459 0.504574731270238 0.0742645291029369
-0.0597950062324662 -0.0676841908323605 0.229336771113284 -0.0510926931401906
-0.100393686197023 -0.0505158546649038 -0.0647122070199992 -0.0966156202119729
-0.0937506896365723 -0.0580795564110342 -0.271284950612362 -0.0930075726393608
-0.0443492948410223 -0.0308282613150119 -0.493379406236048 -0.0401094086601943
-0.0207752266757701 0.0284891148554287 -0.610931841207766 0.0227175903301797
-0.0720301193832753 0.0747560236331766 -0.699935571589165 0.0593816106110538
-0.133656679394043 -0.00669285598656923 -0.705465634282481 -0.0158497022348253
-0.035108114932609 -0.085008147855838 -0.560089081795354 -0.102769762482599
0.041577908644677 -0.00702876582335181 -0.224558956757702 -0.114205949022059
0.0568394977846805 0.0275497216016686 0.0791991231286296 0.165097886481452
0.027540338900696 -0.0728586814090029 0.463641897599423 0.386652856776751
-0.049440598498134 -0.0500102268416871 0.589316626330406 0.360517655778469
-0.0471443943625567 0.0061710118161253 0.621641460916358 0.434136976875081
-0.016630368960065 -0.00363545936621779 0.649522024321433 0.344296884673629
-0.0209339874527419 -0.0336750947996223 0.491065721212851 0.105992866351229
-0.0357703876224998 -0.0415541812541124 0.211030827264667 -0.0600579864288758
-0.067240953611126 -0.0187058719017282 -0.0972919416480773 -0.113724780923547
-0.0632529719978937 -0.0277293998969552 -0.303786256314527 -0.0901424834610314
-0.0304559812209942 -0.0112293800801626 -0.508254790594655 -0.00136158096655767
-0.0153708821401315 0.026162278203572 -0.597692184012312 0.0958867451469105
-0.0450697572068088 0.0522324596084204 -0.674369427700255 0.161842657286202
-0.0780873082714658 0.00693989571073542 -0.692511045163468 0.0761287427687255
-0.0246607986823662 -0.0450866610317567 -0.555727692576962 -0.0494853655138737
0.0196816658425711 -0.00240634640106758 -0.230853901613127 -0.102840322043156
0.0331425356853312 0.0122066576606576 0.0719622643156932 0.166492876804181
0.0140172745516866 -0.031015606898357 0.446147609213973 0.41266850472964
-0.0065345198906808 -0.00217534806306453 0.555311620251207 0.401899768231722
0.00033512452589984 -0.00114784661111553 0.580395940610111 0.496674929912713
-0.00434120283920899 -0.00765533630708097 0.626458705093866 0.39927675720004
-0.0125100748212168 -0.0107574955776126 0.479202224479509 0.126740843333786
-0.00825932331344107 -0.00598759192496193 0.199992559387257 -0.0611501148339062
-0.0255473551170985 0.0176266104736656 -0.115619099553333 -0.118971254341061
-0.0243816119974471 0.00245431763956759 -0.320982604072858 -0.0834284520601047
-0.0100088402813301 0.00511443234257275 -0.51473942195225 0.026145089013615
-0.0101038334599993 0.0202785107227901 -0.587669584644753 0.137861169906951
-0.0230933420012771 0.0192328616431788 -0.654474401397132 0.21784396127849
-0.0165260398295085 0.0051740198292328 -0.679682104179866 0.127519914431071
-0.00452762013533461 -0.00541359316761711 -0.552998544755184 -0.0168380150491841
-0.00522176217508593 0.0057038952896923 -0.231953998591693 -0.0965270170679743
0.00841835418123593 -0.00753367093276614 0.071292303422095 0.172965875723221
-0.00648132879526003 0.00862290367235181 0.440378181131976 0.416391576572172
0.0347098326044189 0.0494605992241989 0.542460563384472 0.411626030117139
0.0482838058170936 -0.00462943889718346 0.574881873550811 0.5081571515312
0.00599827964991111 -0.00828957823364641 0.6204010283385 0.405184570242265
-0.00337371338267288 0.0153188102230827 0.473652595426609 0.131359967141585
0.0203625895755145 0.0302398262707717 0.199883716818383 -0.0530589167845107
0.0185610692796098 0.0537500603968338 -0.115469430008357 -0.112569337950746
0.0176461549364124 0.0306689896617499 -0.319917885682211 -0.0728230313809334
0.012693632521591 0.019544404711285 -0.514082477268107 0.0369662891885794
-0.0058082075215051 0.0119672404606605 -0.588192678138786 0.142605583713224
-0.00529186974843154 -0.0161052482982176 -0.654514131853342 0.221637010119265
0.0440618580169556 -0.00223835863428337 -0.676808928958348 0.13629990374966
0.0177111570060969 0.0320929822348163 -0.554210173836528 -0.0126044361494294
-0.0304057306996457 0.0131648494402553 -0.231173773967115 -0.0980715853016106
-0.0172999624500769 -0.0215823228801605 0.0818899812329744 0.179989027292401
-0.0194037169044043 0.0483993457102129 0.443773395822346 0.395616238023102
0.0780865824334824 0.0863924341950824 0.559052355451318 0.387736071951779
0.0842145346753318 -0.0156012605241317 0.607763356022382 0.462998378798974
0.0124432100339834 -0.00731227732272521 0.634194609268059 0.359756082164687
0.0078488213340084 0.0396898968001159 0.474862317072626 0.120780043455348
0.0496780544011255 0.0620786523886679 0.211346968858022 -0.0367996393827893
0.0600917492718806 0.0826571189399096 -0.0980178634194203 -0.0944651268450762
0.0551552948810338 0.0536606549826061 -0.304713611370112 -0.0615715244522245
0.0300017770773819 0.0318074004432965 -0.509994111768371 0.0279584357934834
-0.00279015653308667 0.00344002285794475 -0.599731317038079 0.109956511184214
0.0142354703526847 -0.0483156371740942 -0.671506431188482 0.176248546253655
0.0986962526570613 -0.00224288732928505 -0.684284329350126 0.101742020817194
0.0304589741665789 0.0667756744152751 -0.56183961084911 -0.0322785443120315
-0.0562603645548007 0.014124610684993 -0.225777473454301 -0.103648295712064
-0.0372961817968305 -0.0241689467666053 0.0996522072321058 0.182777932720704
-0.0154130422969875 0.0785266689731653 0.453729960972834 0.356363449421704
0.118933670983257 0.091652579412092 0.597872898887017 0.32706223219656
0.100667564294415 -0.0354081734162636 0.660475035233247 0.361884546968866
0.0140431208562186 -0.00564647728753268 0.652102717477226 0.275940646716447
0.0235405898080782 0.0549627667507351 0.483188627167279 0.10149951161468
0.0747017254871531 0.0813622845622462 0.231359899500137 -0.0177357525564818
0.091527875352217 0.102240851043214 -0.0673334354318293 -0.0679561782320902
0.0807129299880541 0.0712473972147473 -0.272925735036371 -0.0489570761268299
0.0402931178821608 0.0424441906448899 -0.501036199814752 0.00453270014089898
0.000984716272828331 -0.00369747380988171 -0.619084465683662 0.0432255032789509
0.0393145393591765 -0.0695310211843706 -0.699804405535819 0.0812348457664406
0.140846522185756 0.0124842239187571 -0.693517644629131 0.025719540569156
0.0275226048454179 0.095341991425829 -0.570060698506071 -0.0746633267439977
-0.0792311729970116 0.00652241740293281 -0.218201558365286 -0.114470740808678
0.0823683711695781 0.0173832102055585 0.1116697906647 0.174447043841112
-0.00295092893953137 -0.140318192347321 0.484978830502232 0.271748183873102
-0.141101581987465 -0.068951239394476 0.666344204603641 0.150954204373572
-0.091540657817878 0.0588826218508035 0.690297457553752 0.0992741843744818
-0.0223556545596457 0.0151799762804865 0.648065970388255 0.0935927567296255
-0.0367022215764099 -0.0550113730473242 0.508056965319505 0.0569453980723171
-0.0696148112794055 -0.0954959987614643 0.284208046347977 0.0151977007324634
-0.109182308737873 -0.0983227138885347 0.0271740780251946 -0.0331876208759013
-0.088060177711359 -0.106980655693421 -0.172803791279465 -0.0881804675018859
-0.0290436884495586 -0.061358247462057 -0.420525869188562 -0.169966785570546
-0.0289685363822541 0.0237501484443863 -0.575339260405476 -0.266500890513038
-0.130960709134993 0.0557893620411934 -0.660420723325017 -0.338808343454058
-0.163615295328724 -0.0913489453544757 -0.626567590669718 -0.347020239357965
0.0111739660831884 -0.129991822978162 -0.512354951757829 -0.302198728920948
0.0647020759537448 0.014510909102897 -0.190335073559445 -0.168427467959571
0.0807915963925078 0.0326037830381231 0.0896544419112983 0.178057114006249
0.0234755389960385 -0.13067571886524 0.466501668045422 0.329749344666186
-0.121184341905182 -0.0890986688151224 0.629876323944437 0.253849131632173
-0.0995360817684463 0.0386165420214085 0.661383372181663 0.248765660883592
-0.0261873330768709 0.00989920453741153 0.642317695927373 0.211399240551342
-0.0320306175574893 -0.0564532358433789 0.49479824516104 0.095447945809961
-0.0644725303390301 -0.092309532215034 0.255799092892419 -0.00210862445209432
-0.107763205177939 -0.0887473436856299 -0.0139668689368872 -0.0700668474458817
-0.0940268868484443 -0.094785193428967 -0.213990966189363 -0.112615583437697
-0.0374130001571406 -0.0529885227658792 -0.451515343007541 -0.140810355002487
-0.0247659861619828 0.0259930967200518 -0.598537383439481 -0.161081832559525
-0.104970772640764 0.0710614578103987 -0.697572571551291 -0.181126152148845
-0.159510629684326 -0.050505563153014 -0.673425714768586 -0.228027873852041
-0.0102359431681259 -0.117225784814349 -0.530522282655595 -0.237567423829977
0.0599359248091646 0.00441595894495442 -0.202761121782752 -0.156083344880469
0.0691558916684709 0.0400722909340522 0.0691716173934637 0.176677375748442
0.0398616698307544 -0.10165094421373 0.437327641292217 0.387890821670081
-0.0837457469341757 -0.0861869803754331 0.577457123858311 0.347462660616132
-0.084103186505693 0.0144733931078485 0.600771540004758 0.387650707056685
-0.0247965419121222 0.00199380095012652 0.617291810433647 0.323476928031432
-0.0259773064148026 -0.0505335391560765 0.480204163827918 0.133291756774886
-0.0503670212574397 -0.0753083373146262 0.230744051853867 -0.0203983648816826
-0.0919180977366693 -0.0634921673461325 -0.0518627948045431 -0.102393552727722
-0.0837543235464399 -0.0689197696389413 -0.256091503160576 -0.125787978870291
-0.0377087806776694 -0.0345413146441421 -0.478917054819664 -0.102681754557327
-0.0199509723100306 0.0277019536534103 -0.607584794566634 -0.0620800854245262
-0.0721746751541325 0.0676474075326125 -0.704407279979316 -0.0357381951558064
-0.124178129018313 -0.0147009745409804 -0.694210756672177 -0.110401999232186
-0.0203669180519343 -0.0849626466967124 -0.541639471519378 -0.171554078748454
0.043515829445957 0.000220607799227346 -0.213020302886013 -0.142769100617505
0.0505433812692386 0.0338028102516788 0.0553125185541565 0.172928183699631
0.0364049503685436 -0.0641986689108098 0.408664750795879 0.431858943738208
-0.0423692599185325 -0.0538505868354023 0.522635186872882 0.417203196707597
-0.0485001404776127 0.00149714443366354 0.53546866362101 0.490745603311332
-0.0171506928913011 -0.00475431112566926 0.579578881280491 0.412515997156862
-0.0195966361847933 -0.0350764436817324 0.464397313390138 0.161836529190883
-0.0302355486599405 -0.0453819709980142 0.213681088130856 -0.0313060072381209
-0.0641603351678756 -0.0270735196728608 -0.0816890258859166 -0.12362225547102
-0.0585022205279988 -0.034368818008103 -0.288276882374673 -0.129119830837163
-0.0256429406526029 -0.0144745407419383 -0.500000500004633 -0.0677365181057291
-0.0143951748139768 0.0257278618262789 -0.60453018905978 0.0153459336733679
-0.0415844200628828 0.0481574817547768 -0.693773819095594 0.0705853748698329
-0.0697382113290509 0.00420189556048025 -0.697065717478155 -0.0187052183040331
-0.0155058958425182 -0.043972002935527 -0.5453811944885 -0.117909072771284
0.0199326042000911 0.0020808578542739 -0.219617134860445 -0.133544090614475
0.0304433404100884 0.0164911472153285 0.0485629833000935 0.171804068786563
0.0174477512843015 -0.0276316045646362 0.384423993903244 0.455137143674571
-0.00851053209411027 -0.00279509737610317 0.484221063781094 0.45809035963075
-0.00203538468630753 0.00145396848080836 0.488495885064528 0.547447699759207
-0.00500339192137794 -0.00659505865898957 0.550257932085269 0.462770112508502
-0.0149727865348673 -0.0121376424082293 0.447616768401051 0.181453381330683
-0.00860407059364108 -0.00750405662768872 0.202130328058714 -0.0348933069773953
-0.0274468664764752 0.0147041189025157 -0.0973023482401254 -0.130921731940455
-0.0240326809339946 0.00178201882418026 -0.30566142722259 -0.12492394514769
-0.00848509546212875 0.00508099674744853 -0.510403566356665 -0.0425027598921137
-0.00812080369195 0.0203953689333954 -0.598621658466582 0.0556657397864066
-0.0160729172492286 0.0173947037013473 -0.682085133272689 0.130216813677824
-0.00794122543064556 0.00963618521725917 -0.69376185679158 0.0339738065366901
0.000257155943138651 -0.00313200213498959 -0.547464955737638 -0.0884748755597838
-0.00496450506983531 0.00715423754794624 -0.220921178517451 -0.128613607161956
0.00913262510476669 -0.00592469791802144 0.0495844854476272 0.175861855022135
-0.00815732699943501 0.00815986334112412 0.375411687237421 0.458476190037972
0.0240248394497441 0.0530024959872988 0.468459286752131 0.468440933989755
0.0445346161795885 0.00487890448007016 0.480840135363333 0.560272330741255
0.00573841131340913 -0.00593293239825555 0.543309268641897 0.465795032320185
-0.0103910056061572 0.0145007676044609 0.441825393729766 0.18680309142534
0.0148532724549692 0.0326599013237461 0.20109574404076 -0.0262619337008674
0.0111058594861026 0.055859923296451 -0.0976305754401906 -0.125251457317291
0.0131148990769711 0.0342115430409472 -0.307545395006563 -0.115554464450443
0.0109611899996799 0.0216297861158112 -0.511173699155772 -0.0330558799384362
-0.00293836677908656 0.0122123465975213 -0.602029142248207 0.0606207744914056
0.00702240880421529 -0.015693005121953 -0.68183387297693 0.136823699864028
0.0528533699760194 0.00972270600944833 -0.693609460054052 0.0426820786192149
0.0162508979923751 0.0366824784633698 -0.552447545236045 -0.0859483979816388
-0.0315385236519595 0.0105084646969413 -0.218819601591518 -0.130522625831691
-0.0134377984554218 -0.023028503815644 0.0572646989667346 0.181416594011633
-0.0260540021181073 0.0437486873565215 0.378069991382782 0.438237046623892
0.0601773969663832 0.0934532701772422 0.48644288870302 0.449488602931249
0.0818810125971023 0.00108338064901944 0.519774382406828 0.520924813932362
0.0118409746290806 -0.00257045836637036 0.561919365743021 0.426348893560998
-0.00308659223528904 0.0402589252720536 0.443698080556114 0.178524636419101
0.039176169501322 0.0676890503346496 0.207969023272847 -0.0100564516015337
0.0477452426544992 0.0899322788246378 -0.0819907465553113 -0.104680943123609
0.0467382123008264 0.0627081971839676 -0.291493798621027 -0.103315428123309
0.0269395457493604 0.0357540176192657 -0.506624814068635 -0.0413358120642528
0.00132045933361397 0.00499369847457038 -0.608985280318701 0.0274265691983483
0.0315547776469026 -0.0444939598185896 -0.694354175987226 0.089885597272733
0.106751543124514 0.0171009938375752 -0.698950464068005 0.00823880446633529
0.0241115051502982 0.0727063953575917 -0.557703360415327 -0.107450568516066
-0.0572501619479035 0.00882294544822139 -0.212546810774652 -0.13737134567065
-0.0321924293556263 -0.0284840060705743 0.0739736745837612 0.185477149158438
-0.0262947005619852 0.0731451670537247 0.395354340959683 0.404338453951104
0.0986354724882873 0.106265247658814 0.531715440518093 0.398639492686567
0.100588905578706 -0.0154413895708668 0.581935756282196 0.431897589937791
0.0133458978979922 -0.000300156766035399 0.590366804048699 0.347872937838306
0.00940961431784018 0.0579234179678563 0.452667035220595 0.160798734672854
0.0619305202465007 0.0893958272960522 0.226051383191422 0.0113808633301478
0.076455482874411 0.112972895312324 -0.0560903849451138 -0.0754481569159085
0.0699074374420484 0.0835607354733684 -0.263029368839767 -0.0873187400158777
0.0346108467191445 0.0482925256603268 -0.492984779406919 -0.0633081751202834
0.00561029800367814 -0.000431717783097923 -0.620068847583612 -0.0410848863471004
0.0579373086354003 -0.0597062966731827 -0.711890854312378 -0.00745521971928192
0.145448775955216 0.0368741059646857 -0.699186866855472 -0.0690376350579503
0.0171201084762677 0.100960978825292 -0.558827117137843 -0.154157053471427
-0.0793222676631092 -0.00207416047812979 -0.203141478151648 -0.146383238121836
0.0819806654613026 0.017524623377705 0.109970788018339 0.172903338552184
-0.00268629896570486 -0.137812933140896 0.48036251459382 0.267913512316649
-0.139881806214083 -0.0679136498879609 0.657132929639803 0.146950459252841
-0.089939738572471 0.0583551842801849 0.681833448697339 0.0972117456446858
-0.0215747412406513 0.014808949486229 0.639447330889097 0.0925560757751308
-0.0360780587624194 -0.0553258769471023 0.500807545553381 0.0558986059466511
-0.0698001959723749 -0.0948945502685256 0.280655911344102 0.0142355169885179
-0.108161271566965 -0.0963665505325737 0.0271027664532629 -0.0320171737533116
-0.0881692789024145 -0.10556101196587 -0.170212825403952 -0.0871279723165182
-0.0282366624692901 -0.0615204942517553 -0.413855602708092 -0.167963507200261
-0.0276512485878425 0.0230356922264788 -0.567909320777364 -0.261739059557471
-0.129390732491622 0.0556050517293241 -0.65398480808726 -0.33150628969517
-0.162635041658515 -0.0897064401645284 -0.621783048817497 -0.340882318200195
0.0106155211765048 -0.128789924642475 -0.507243938209229 -0.296789953778818
0.0636382823285903 0.0145476326326305 -0.189102519096491 -0.166587561030075
0.0799178015894126 0.0329116469515865 0.0881464496446336 0.176730518229728
0.0228324405027833 -0.128768535159777 0.459977646620961 0.327018034849571
-0.120519398410295 -0.0882103496204895 0.620884780619954 0.251194841179471
-0.0977313261798839 0.0375017290029793 0.653037990931335 0.245254169659456
-0.0258038968473677 0.00923829279010631 0.634462307572744 0.208024634480952
-0.0320487939109271 -0.0570797055061498 0.490896941468739 0.0940290749721029
-0.0642565385820153 -0.0914977109247338 0.252298636090367 -0.00332511988432993
-0.106982477008337 -0.0872013448199146 -0.0139550913902766 -0.06894417335351
-0.0939732866001513 -0.0932856607049436 -0.211345659744469 -0.11167926385789
-0.0376244796316173 -0.053082246041672 -0.445202151767745 -0.137020595503108
-0.0243846851669738 0.0260816471575561 -0.592144326639189 -0.159160136005536
-0.103114179031553 0.0699886893034033 -0.687821462954627 -0.178385016820357
-0.157873262877495 -0.0498683371486972 -0.666136178090103 -0.225709255577504
-0.0108008877078513 -0.116043562749564 -0.523555546388795 -0.234572824781622
0.0587592783992594 0.0051736790659834 -0.199990880539177 -0.154180015117891
0.0689155477496792 0.0398484896728183 0.0687539723858836 0.174826255563993
0.038955775375046 -0.100444926782488 0.432453203049867 0.38451824833408
-0.0831268853486904 -0.0848900886692994 0.570115349963908 0.340861503266538
-0.0830961211399644 0.014476865125707 0.595691027557045 0.381377807297539
-0.0242205964352676 0.00182575814739521 0.608506062853798 0.318609000669414
-0.0252513344218801 -0.0505831942831462 0.474407377838857 0.130569425956808
-0.0506600366143531 -0.0747328710912818 0.227386143688376 -0.0202292729327208
-0.0911037704774513 -0.0613246418844021 -0.0517866689822986 -0.100336705162378
-0.083810223232013 -0.0668153092762215 -0.251648247853967 -0.124945520098861
-0.0367661081416411 -0.0345552539351282 -0.473962524343294 -0.102267593565373
-0.0194383953475995 0.0269776979003192 -0.599055260854015 -0.0598279817704252
-0.0704427046027667 0.0668834996620673 -0.697195918264044 -0.034207556015577
-0.123026193435476 -0.0145536840557785 -0.687516196099908 -0.108592725289203
-0.020433642958077 -0.0847896738648856 -0.535076671896439 -0.167598922725461
0.0427057150945646 0.000549205533262632 -0.210422015664854 -0.141415507738643
0.0508216591279547 0.0348860256570212 0.0546005735872676 0.171271933638755
0.0358975292650537 -0.0639280084296126 0.404375084839725 0.426268583482926
-0.0419468488354528 -0.0534141914247208 0.517142966437199 0.411885220407204
-0.0479010785482699 0.00086481185159139 0.529967063637138 0.484192496176451
-0.0163094595245302 -0.0042528768066651 0.571972758645903 0.407309868961987
-0.0191827890848617 -0.0347395083789131 0.458255131886682 0.161058497791441
-0.0301474679973794 -0.0461168530164972 0.21037901955812 -0.0317471629033935
-0.0632718389006688 -0.0258466491544498 -0.0807966116746539 -0.121605111741412
-0.058578897394529 -0.0339542106451899 -0.284081929949955 -0.127529040952686
-0.0265008976777349 -0.0139715259787358 -0.493106110410594 -0.0662646140171094
-0.0135035549733803 0.0250465390670983 -0.597165507880389 0.0165151909938747
-0.0407318754222306 0.0473299553898208 -0.682658774714873 0.070074947904181
-0.0687166945014406 0.00449326594826341 -0.689766132113797 -0.0168063488088177
-0.0158013607411063 -0.0440685979707946 -0.539371224388004 -0.118009484712318
0.019588021835112 0.00195069318873735 -0.216670759218045 -0.131682482149439
0.029980011398263 0.0151049261855127 0.0483556176557157 0.171127998250193
0.017121257322909 -0.0268294389630165 0.381705519236595 0.447902329833308
-0.00827901670125554 -0.00241425895366118 0.477296540476346 0.451303445960589
-0.00199565114575105 0.00129937276073629 0.483255325618243 0.540933557721463
-0.00507767355536356 -0.0064022291216306 0.543068418522032 0.457185360234775
-0.0145964971171107 -0.0127759846439732 0.443159343443748 0.18040245388706
-0.0093077502948725 -0.00748877146103781 0.199188248168325 -0.0345457329098618
-0.0271953349994921 0.0148403305295917 -0.0963265406692144 -0.129494087238749
-0.0242440434465059 0.00112211459321179 -0.302039225857152 -0.122558712186475
-0.00802471290471848 0.00462127230716413 -0.502934995741675 -0.0422043919328338
-0.00777091377354475 0.0201353661289079 -0.590337810931492 0.0568234458954948
-0.0153458794596506 0.0174643808634542 -0.672858700197012 0.129341843108005
-0.00853820914993571 0.00908277590252922 -0.685246602002128 0.0354203355708526
-0.000457832650661238 -0.00290834537481203 -0.540433448778728 -0.0878926849276546
-0.00507037094481559 0.00645232264350914 -0.21806608219924 -0.126915693512463
0.00909356266486194 -0.00607561380684317 0.0480404570059498 0.17407275826569
-0.00800602359418735 0.00810658587716405 0.371528141627168 0.453297374908976
0.0229046960630498 0.0524047543209167 0.462912180176145 0.46246108711069
0.0435942512667591 0.00494369897980102 0.47588292182406 0.552847592263846
0.00582716388013727 -0.00513188583633532 0.537576528801865 0.460168621916438
-0.0105425156986027 0.0147615097626815 0.436414754215032 0.184978100680039
0.0137991050598418 0.0331626029533471 0.198103818732977 -0.027637870868887
0.0114129544714236 0.0551652266873056 -0.096399068898611 -0.122596587659623
0.0137223033600525 0.0340497491689046 -0.302999020314109 -0.114798023883871
0.0107512834694504 0.0212875255016906 -0.504543999221048 -0.030819287855476
-0.00212309079150618 0.0121630785737429 -0.592350595447074 0.0620009392113106
0.00734145429152335 -0.0151897098556475 -0.673002738723383 0.134236951898776
0.0525445437956212 0.0101452220200111 -0.684503465867155 0.0441933484442908
0.0164810872667031 0.0360049558809261 -0.543514180213248 -0.0843975784825978
-0.0308261907524957 0.0109006256750367 -0.216568711733145 -0.129306113950427
-0.0129378173901092 -0.0227067213664804 0.0565438598233399 0.180104055153548
-0.0250542151426033 0.0436412229417379 0.373419558525664 0.433629291185331
0.0590418169663123 0.0933606235743341 0.481906761969842 0.443659916967723
0.0811169711462413 0.000446440407263121 0.513988018169086 0.515947414010026
0.0117018960518218 -0.00290171892894259 0.555336625496446 0.420081573617829
-0.0033156337024285 0.0397231596303204 0.439248162873124 0.176336547297876
0.0381174139891483 0.0664332782423291 0.20561168679396 -0.0100193163677248
0.048342691510498 0.0900025317175481 -0.0822545089417754 -0.103950224193136
0.0459753629698676 0.0617174415067401 -0.287785530803354 -0.100977003134233
0.0263559279873831 0.0352712232486243 -0.500314839330282 -0.0412091457094798
0.00175032072190689 0.0050970893951551 -0.601735880984499 0.0293518736501988
0.0308947799204187 -0.0438915153541005 -0.686937382236203 0.0905916691046118
0.105271791927917 0.0163504374503483 -0.689321564808831 0.00875498590725765
0.0242512478886217 0.0719857206422563 -0.549267274936859 -0.10557589038207
-0.0557736702513303 0.00941649569944039 -0.210583175853836 -0.136002465210725
-0.0325795474512621 -0.0279965864990997 0.0743774624124469 0.183840281224623
-0.026049761927901 0.0730866058396362 0.388796980631082 0.398676925623944
0.0975409406273996 0.105439980356251 0.524949293818138 0.394544384562082
0.09953535769503 -0.0159308312412057 0.576767295921706 0.425591773127076
0.0128907420737016 -0.00139664326187228 0.582848846081781 0.341736479647553
0.00908546650234355 0.0568167688498151 0.448430116821664 0.158047673538183
0.0611735561564739 0.0890284826250864 0.222525254691091 0.0109589436598905
0.0764168584458343 0.11234753593519 -0.0550545272286258 -0.0738041665936619
0.0687778317066003 0.0826627049499501 -0.259692542047126 -0.084508678282065
0.0336425424558246 0.0478782846879045 -0.487626629583883 -0.0622755772027666
0.00581973636228428 -0.000998465309776739 -0.611880660964274 -0.0394216562643646
0.0568493724277835 -0.059100127011294 -0.704273608175243 -0.00688422143842773
0.144100632522825 0.0367878604266444 -0.690000525890946 -0.0667181928666108
0.0171314691918896 0.0997447158635306 -0.551240493810781 -0.150651968890912
-0.0780563207201633 -0.00117900306450926 -0.1998388525111 -0.143882273601974
0.0806279759497861 0.0174976139773076 0.108499324384627 0.171996956005724
-0.00330207579032878 -0.136413661572175 0.473230745281615 0.265816952400245
-0.13898860716419 -0.067269292741918 0.650254720598279 0.147275246392788
-0.0889857029171845 0.0575687382743468 0.672535908239046 0.0961461490170554
-0.0209017721019637 0.0140683143760708 0.63018952994796 0.0902430547300704
-0.035322281150197 -0.0543555323963996 0.495681692514565 0.0563510672246926
-0.0691343813193007 -0.094444005029615 0.277525560802077 0.0141792979702419
-0.106782104919103 -0.0948480458038355 0.025547143153105 -0.0320293933227018
-0.0875998132410608 -0.10462538971418 -0.16847396190123 -0.0858497754747212
-0.0282844407344788 -0.061439815218446 -0.407965488375331 -0.165689793427668
-0.0268821041575079 0.0225052862497768 -0.559837462350617 -0.25995868945806
-0.127169866375048 0.0553082270973392 -0.645373861753779 -0.329327490803118
-0.161252597200633 -0.0887482916464922 -0.612725998410143 -0.338771466576407
0.0105941745833325 -0.127651227210198 -0.499885966806907 -0.293428462093644
0.0628924860177969 0.014760139243354 -0.185883602476167 -0.165238524070567
0.0801569120839076 0.0320470975265662 0.0871887897037701 0.17473066619823
0.0223853935309681 -0.126975318742648 0.455165119600382 0.324268103254008
-0.119648065349606 -0.087178045184135 0.612695566705105 0.248661572332158
-0.0965287694572095 0.0369453532688543 0.645331375967096 0.244033998927647
-0.0247454636904933 0.00896257277970169 0.626772910873608 0.207310718806663
-0.0313798489056327 -0.0564997885163104 0.484111022027947 0.0946504183437384
-0.0640308608325451 -0.0905384301594747 0.24949738083744 -0.00360833622490703
-0.106667394122036 -0.085238310912475 -0.0130993718136743 -0.0682046527538489
-0.0931189765132596 -0.0933228243373253 -0.208525211530078 -0.110597215981089
-0.0372067313274803 -0.0526621359903992 -0.439351795224119 -0.136399086065153
-0.0228379388350348 0.0258066663248745 -0.58427792439611 -0.158250944832296
-0.102110523176045 0.0696708346552851 -0.680917021472495 -0.177462488849297
-0.155579347873787 -0.0491170342744708 -0.658769692919316 -0.223492488519982
-0.01064382284338 -0.115552707971291 -0.516668271414925 -0.231361621589576
0.0579505284655491 0.00503226928256488 -0.198066476309658 -0.153305286143917
0.0676205982866813 0.0396435512976187 0.0677599291157178 0.17349084116172
0.0384617925284026 -0.0994516398197915 0.42675980631208 0.380075410733248
-0.0827588590702274 -0.0837495789592834 0.562604777626867 0.338680564210301
-0.0827796391909333 0.0139702296735905 0.587131499415063 0.37672001719786
-0.0234279905754966 0.00145085674935814 0.600694012625445 0.316280040737256
-0.0249771821467695 -0.0501847190606544 0.469075057618659 0.130912479975278
-0.0498695639592926 -0.0743811397443064 0.224622862600696 -0.019870484591687
-0.0905028380543709 -0.0607273388042039 -0.0515589531380251 -0.099611933527195
-0.083613602727769 -0.0663929661492528 -0.248880231925526 -0.124510240594964
-0.0368309239463338 -0.0345605083427801 -0.467866205383597 -0.100774159585348
-0.0184731217964121 0.0263906295884212 -0.591234146953955 -0.060562667182572
-0.0699814319393648 0.0668534360937029 -0.6858357530709 -0.0353623529141221
-0.121179779668564 -0.0143866503313583 -0.679658931577877 -0.10865696603711
-0.0205999547236633 -0.0840504886128738 -0.528785340647585 -0.167270245093564
0.0430331882088019 0.000578881782917344 -0.207597427438168 -0.140234275424664
0.0499224703648708 0.0339676193218983 0.0540458473510936 0.170398158705003
0.035720057546377 -0.0626011758483105 0.397670727335993 0.422134916302774
-0.0429610815897591 -0.0526410344844109 0.512094617232146 0.407166100639689
-0.0472435104631269 0.000508277441463094 0.52139728085562 0.477974029594688
-0.0153739842621688 -0.00478215740882923 0.564460812088949 0.404017622272725
-0.0188306098886142 -0.0359631266458308 0.452404746366414 0.159524203675189
-0.0310720282359592 -0.0448526779855148 0.207525814835505 -0.0316923506275647
-0.0625543399681242 -0.0256183720684346 -0.0804597170779285 -0.119449567270359
-0.0582686531207991 -0.0335411375646592 -0.281434144248578 -0.127219777647699
-0.025698964414321 -0.0142659497909529 -0.485681962049995 -0.0666642924466627
-0.0130660387543944 0.0246609571388658 -0.588054419152544 0.0140626636229418
-0.0401324264631035 0.0465363757065722 -0.676671555802625 0.0689686695487202
-0.0689460112313636 0.00468092603330741 -0.682127600571658 -0.01714421733814
-0.0155821922736088 -0.0437108371134471 -0.532457478517333 -0.118057737189551
0.0202553026348684 0.00248888494011919 -0.214657992402407 -0.130332845453396
0.030604475793467 0.0160275930063571 0.0470805376169593 0.169150449197175
0.0165606487295909 -0.0262905915962101 0.374442793915343 0.445332955385602
-0.00818398129686746 -0.00162680517040169 0.471253797434891 0.446105011037195
-0.00247142953065673 0.00111077443083939 0.476404005884678 0.534477723673322
-0.00466866623163922 -0.00656241825537883 0.536819061330874 0.450906450783345
-0.0143992943176251 -0.0126550607717028 0.437368494902825 0.179208499191355
-0.00905217197584352 -0.00760336528034284 0.19641579793065 -0.0344397547590742
-0.0264078220688157 0.015584705858407 -0.0957448179096446 -0.12679005625018
-0.0248049094415599 0.00190607876190642 -0.298808630499267 -0.121933423393647
-0.00819696007595043 0.00401128890294342 -0.496358918327421 -0.0407495119011711
-0.00727721251861665 0.0197201899367807 -0.584964507921278 0.0549665425002628
-0.0149785830488819 0.0173756753284258 -0.661912092254878 0.12630871716998
-0.00818646143395939 0.00892712537594142 -0.677894164940941 0.0345807024722954
-0.00106914758802122 -0.00323648305181594 -0.534936501374269 -0.0870803118665466
-0.00511094002136236 0.00744619874094796 -0.216090248551413 -0.125540176040237
0.00956862628395522 -0.00557580257484021 0.0462802820421335 0.172468494847768
-0.00775823459885789 0.007937301663941 0.366296345678232 0.449183547271779
0.0226435430393511 0.0524937690472498 0.456226486619297 0.457064573803016
0.0436542329806778 0.00512329375112933 0.47034465771289 0.547681792993378
0.00594411840215353 -0.0054419970277916 0.530272538397321 0.455782559548118
-0.00988910447961571 0.0136740645114577 0.431522231849957 0.182827267949944
0.0134861656561 0.0326494731553889 0.196134215058259 -0.0266828762530763
0.0113231668808486 0.055383749157867 -0.095586424307602 -0.120979724806589
0.012399099991716 0.0336300551855518 -0.29910709364101 -0.113516898347234
0.01100267343101 0.0206334985299491 -0.498975246574904 -0.0318118064782394
-0.00238787400173852 0.0120399742494433 -0.586450941448229 0.0596802011892364
0.00676430657342191 -0.0144662729011919 -0.663723012856801 0.13299065473047
0.0512089655768983 0.00999281608178144 -0.677263916308862 0.0424720406096867
0.016082750495555 0.0357742557510526 -0.537750511277962 -0.0857033127543576
-0.0300791099441876 0.0106218112768798 -0.213479325923292 -0.127524121990538
-0.012889114153046 -0.0217562533743842 0.0553722054926274 0.178525920283853
-0.0251746972468666 0.0431731453027227 0.369089981747205 0.429684117945497
0.0587119348436553 0.0928065963994471 0.474689342439622 0.43906241329541
0.0795869374440373 0.000533008117601055 0.507797457262809 0.511242749294418
0.0112225403643327 -0.00354293002720452 0.549618614528575 0.417573582723327
-0.00233864187310096 0.0388567687786567 0.433765415739987 0.174923633961954
0.0372166672425205 0.0663771064028925 0.20316471194334 -0.00976921196155672
0.0479116223205769 0.0889909495536332 -0.081806577464262 -0.10196138211595
0.0455742578112808 0.0615861069864818 -0.284830581177221 -0.100917528298022
0.0254399479231807 0.0354088046444266 -0.494929704964035 -0.0397528198422807
0.00151130118825396 0.00439792636435375 -0.59427391817069 0.0274506896855489
0.0309625880855843 -0.0431700442901056 -0.677425643577127 0.0874121845898516
0.104349622085341 0.0165533184470163 -0.682174177102012 0.00738111088805893
0.023544107579014 0.071229330925979 -0.543145947435864 -0.106402211676475
-0.0558691525163549 0.00914169164764763 -0.207592746806392 -0.13472620978166
-0.0309902656571451 -0.0279316270160753 0.0719847717142901 0.182711456031092
-0.0260201000856595 0.0724769059762345 0.384419453078109 0.396600902524254
0.0962058078903978 0.104183601436473 0.518319112240257 0.390585340922588
0.0979779141734559 -0.0159971945620743 0.569226391503816 0.42266651578063
0.0130591632348587 -0.000821475621119893 0.575478294928031 0.339679465076942
0.00879226789822639 0.0558953431294852 0.442084318720579 0.156094351150409
0.0603293109506442 0.0880020490739821 0.219932541024375 0.0107648612228168
0.075992291900442 0.111087871443462 -0.0552444962122227 -0.0721348416644504
0.0673191059565084 0.0813710321430499 -0.256027788418091 -0.0843627886057253
0.0337416272164036 0.0471074268290378 -0.480902949328918 -0.0623671413219523
0.00518629107514312 -0.00139723695221605 -0.604551694626824 -0.0403646388889264
0.0567154415265013 -0.0584385004155379 -0.69453523500756 -0.0069991245600091
0.141405738300677 0.0363126188055219 -0.682480905453254 -0.0676280286050867
0.0169878961114111 0.0979846556698928 -0.545149756889833 -0.152310341603967
-0.0768532520023214 -0.000849644255880641 -0.197433241096473 -0.143188010562891
0.0805393080875689 0.0181074402693042 0.106379853053911 0.170683887678711
-0.00298075115300852 -0.134734214740629 0.467051199310453 0.267004059063513
-0.137684352665555 -0.0665625844719943 0.641525883081541 0.146994548483623
-0.0885670268225165 0.0565549014822343 0.665979824305926 0.0971837222532916
-0.0205228127825252 0.0144842126079504 0.622167893658148 0.0915990813910614
-0.0339773773107482 -0.0555034640392119 0.490242095409326 0.05764639727471
-0.0684565691608993 -0.093832721460357 0.273853118053438 0.015261440004785
-0.105331396404396 -0.0938213636194907 0.0257805641004774 -0.0309735880224138
-0.0870894059186128 -0.103636777508906 -0.165536793943562 -0.0863382620705572
-0.0277890155785456 -0.0607769392995994 -0.402886471602696 -0.165634503334649
-0.0263856384210868 0.0216240132897007 -0.553169264239385 -0.25998268955037
-0.126494358393129 0.0546259091492505 -0.636902069550237 -0.328298116659095
-0.159529770261392 -0.088882775850777 -0.607452281454827 -0.336307414590406
0.0113949772420781 -0.126943571555178 -0.492900298600411 -0.29305720225267
0.062474735788819 0.015205613955741 -0.183967340300003 -0.164230105167524
0.0791601662488895 0.0328462019650315 0.0855779691784033 0.173565165441529
0.0223894553651402 -0.125831272708695 0.448446064107298 0.32262314731207
-0.118297059703783 -0.0867633597419652 0.606548911643042 0.247560990237449
-0.0959757468528097 0.0356861327776872 0.636090018543385 0.243748232921113
-0.0242964875379338 0.00861712068427772 0.619860971964959 0.205246164877521
-0.0304373079033395 -0.0569433919565695 0.478528739331652 0.093659816006741
-0.0640527811244135 -0.0902287756651096 0.246637952388889 -0.00223787361774209
-0.104410599799144 -0.08471637651538 -0.013724789555963 -0.067106048726591
-0.0924934905036421 -0.0917071062473188 -0.205860765108716 -0.110754774199627
-0.0368311894528259 -0.0523548742607626 -0.433110303839086 -0.13791903685952
-0.0226750678938342 0.0248359820886443 -0.577454909760507 -0.157383468713837
-0.100996475701895 0.0686513073043937 -0.671862065858558 -0.176778428465529
-0.155059060367931 -0.0499582695695365 -0.653122894634924 -0.224486322792185
-0.00965662874876146 -0.114550464504518 -0.509488823227892 -0.231578764442535
0.0576371714859482 0.00611706071974265 -0.195256870581526 -0.152862401069244
0.0669894574418038 0.0392547527381851 0.066518182326619 0.172650314940113
0.038481073062087 -0.0981362333739177 0.421817690209061 0.379589708994258
-0.0814387232683709 -0.0829147164693919 0.555397409962627 0.336671230030689
-0.081311131170979 0.0133501726226275 0.579510503785471 0.377468462731006
-0.0226463035604055 0.00125880023326461 0.59534910577538 0.315291830683774
-0.0244793758261739 -0.0507263015407892 0.463383360098561 0.131190721901938
-0.049876966939663 -0.0736394372640094 0.222116751917275 -0.0191864423033356
-0.0888122065893064 -0.0594560512119195 -0.0515430354328682 -0.0983422924901998
-0.0825200832143872 -0.066413265486178 -0.245845781496635 -0.123676088784802
-0.0365206151552464 -0.0355152347543451 -0.461646048340847 -0.102111359789747
-0.0178372208082432 0.0253482585771628 -0.584004760316745 -0.0616144986105835
-0.0691670917582843 0.0652494680358899 -0.680918534481655 -0.036202952004411
-0.120665470275451 -0.0146269802516207 -0.673800509837272 -0.110554503747499
-0.0204016898946093 -0.0832922180857889 -0.522646842427836 -0.16881763565999
0.0412518413626777 0.00119820128593549 -0.205693799803739 -0.139427127761153
0.0503064127019607 0.0338862983582868 0.0518726902441375 0.169136942246248
0.0356665746938252 -0.0621662855810782 0.392327300776657 0.422002092149253
-0.041479008500189 -0.0521440243363627 0.503253286924907 0.40488456049619
-0.047276344784218 0.000747944002584044 0.51585780775764 0.47614065339841
-0.0151935169730505 -0.00514338858366123 0.556591455424342 0.401557578192206
-0.0189390645243558 -0.0355740511991799 0.447810803879732 0.160823356061329
-0.0305736678552198 -0.0447238521973234 0.205641795578178 -0.0295491317897664
-0.0614388402372136 -0.0245499360734223 -0.079133329828994 -0.118367694076852
-0.0590454756910066 -0.0333357579492752 -0.278144080105371 -0.126875164058004
-0.0258328889830406 -0.015229415905105 -0.481703562803442 -0.0680971871621008
-0.0129181946323385 0.0240207252203176 -0.582162331012526 0.0118267910236091
-0.0396114710893742 0.0458544699303957 -0.669571251261493 0.0653614727993152
-0.067652545122741 0.00345155929673677 -0.676456813733272 -0.0198324875471738
-0.0157983920703181 -0.0434871362111702 -0.526259244258952 -0.118721209324105
0.0196465695830303 0.00251546422589121 -0.21226090019164 -0.1301500291916
0.0304795227378397 0.0156902729556741 0.0455574409494721 0.168819815429514
0.0166805597085904 -0.0260293621963555 0.368622516570421 0.444676063690259
-0.00887348148624453 -0.00193734791142967 0.464341888093564 0.444474505937809
-0.00252322518038799 0.00148907950026129 0.470711251029193 0.532827445398872
-0.00458492828359898 -0.00660510431181835 0.529159503041363 0.449042495519131
-0.0144408043820001 -0.0137725854526584 0.432553724626827 0.178321091047407
-0.00962637657370546 -0.00784884880604285 0.195127034176419 -0.0332480578085759
-0.0267047752954932 0.0160630927082586 -0.0953172518188447 -0.125851173615684
-0.024026605961544 0.00167305138192038 -0.294984267657473 -0.12350253186019
-0.00845966232276135 0.00395983679600904 -0.490418560171023 -0.0430586095514727
-0.00711603583957004 0.0190109659744177 -0.578656109127995 0.0516370509359078
-0.015744290038215 0.0170500093779194 -0.65687868147052 0.124198907842672
-0.00814823333745095 0.00881644240247582 -0.67152418565245 0.0306163826059306
-0.00141356883779426 -0.00238038461654887 -0.527591255193695 -0.0886573733381055
-0.00525039456349218 0.00741820341548659 -0.213044279915608 -0.124899387651631
0.00901515822682685 -0.006257155165147 0.0459324573391693 0.171715675594313
-0.00823939637125282 0.00863460446020929 0.359498164104902 0.446973668708653
0.0222649879999556 0.0518597321315783 0.449738626634763 0.454677308855086
0.042552866739718 0.00504186666830504 0.462862632982268 0.543605829758201
0.00548333420674483 -0.00604157186982674 0.524284182588049 0.452662078802901
-0.010413295920589 0.0131145065845058 0.425634249623098 0.182470446391097
0.0135184877889954 0.0315449223183105 0.193460937945557 -0.02598113031723
0.0115661964880397 0.0553293618164215 -0.0955386891233407 -0.120025573923643
0.0115920403814457 0.0336016037564872 -0.295826292759842 -0.113712015647322
0.00946100138073045 0.0205122926271138 -0.493264217041591 -0.0342043436596269
-0.00224961809271975 0.0112957645528066 -0.578839491878124 0.0578903042049227
0.00692962411311546 -0.0146867768410161 -0.657651107657152 0.129654273627531
0.0503910061437764 0.00941543209592105 -0.673092120427178 0.0381941548870801
0.0152825343814689 0.0356227365338313 -0.531195007061685 -0.0854427234334837
-0.0302777586124227 0.0111467899180733 -0.212319939074474 -0.126886220097823
-0.012987023239264 -0.0226404012988655 0.0541764584132715 0.177432675352746
-0.0259538446749036 0.0425674181005816 0.363986164870299 0.427154161598726
0.0584311055972185 0.0917646628335436 0.466872807669872 0.43598163808194
0.0786649739443722 0.000587953698528441 0.500765523374781 0.507278688256401
0.01170535680531 -0.00314580026747786 0.541109132551115 0.414285998557497
-0.0032249138255122 0.0380490290669769 0.4277666097262 0.173986731030268
0.0360983301793395 0.0658913758133009 0.200543790507656 -0.00977161100153195
0.0479429355313721 0.0885067792097245 -0.0805208299905292 -0.100181955304219
0.0443374141887459 0.0613497358171092 -0.280768724611747 -0.100590052215272
0.0247453556015699 0.0351279933792056 -0.48824206603612 -0.0426299462831112
0.00195061665103651 0.00412289809794241 -0.588254638651562 0.0229955622200368
0.0303250422427696 -0.0421206730242553 -0.669772645542484 0.0852642337478245
0.10280538816995 0.016558940129196 -0.674528101418513 0.00471524489282455
0.0228300336160196 0.0706353213347126 -0.537770750457246 -0.108383870959185
-0.0550456900758838 0.00935563986219165 -0.205056293906731 -0.134116948793003
-0.0310076231014682 -0.0279204861786135 0.0708728047178 0.181089349291884
-0.0258278234890462 0.0720795581834666 0.377977828812692 0.392819883449698
0.0950156058086894 0.103985283226023 0.509232902378405 0.387457220608498
0.0969008850947546 -0.0155476771549362 0.562286560525643 0.421002930348449
0.0125453305066097 -0.00113080129326686 0.568233412010169 0.338240026139468
0.00836216490927904 0.0554960023069105 0.437290741462095 0.156891709585871
0.0593463135545602 0.0873251031939198 0.21754177155774 0.0108987448415958
0.0751407484518365 0.110312919376144 -0.0541536023729067 -0.0712654186789119
0.0671849161024273 0.0808501188797582 -0.252977975901976 -0.0844332907219311
0.0321855195312546 0.0465240661948992 -0.474556968326995 -0.0623302088144879
0.00555086344433949 -0.00139475671754475 -0.598161898144866 -0.041082083749879
0.0562874501148666 -0.0579716422590235 -0.688542673885841 -0.00957963752824895
0.140037835779494 0.0350313496025374 -0.674613205643702 -0.0701945758049069
0.0160067399552733 0.0976228176282789 -0.538178795413909 -0.152199690811964
-0.0758170833456086 -0.00109411364249675 -0.195265446793582 -0.142075605351081
0.0794962697609491 0.0182979691857092 0.105144222727715 0.170946417996263
-0.00229148611926426 -0.133996986454567 0.462453724339058 0.267126138250017
-0.136204422591755 -0.0670800812752305 0.634625161585346 0.150361176979153
-0.0877527245575436 0.0552382767542014 0.659963199824986 0.100228640651823
-0.0198797069999584 0.0142091464838878 0.615008062514996 0.09418674202335
-0.0338885861457906 -0.0565785231883087 0.486784104203509 0.0588581343451899
-0.0679850837783201 -0.0932534636796504 0.272168308109113 0.0167664846694555
-0.103653539920982 -0.0929274483353869 0.025483376745563 -0.0303386654492135
-0.0866225626231155 -0.1032398978636 -0.163044098132215 -0.0867980652521645
-0.0270463102799566 -0.0609504707293373 -0.398153515417172 -0.167321797444781
-0.0255838574836116 0.0212038520136163 -0.547683378020355 -0.261725915829865
-0.125511152202687 0.0536209844654269 -0.630054787998374 -0.328587093970283
-0.157828363771921 -0.088538013465579 -0.599399472101636 -0.338564843192874
0.0112483764057228 -0.126113672215262 -0.487670691980427 -0.294287981402036
0.0616345724606957 0.0157243970134188 -0.181319851682514 -0.163644522116507
0.0784180213906265 0.0331873093100909 0.0836654814861254 0.173797186491558
0.0232265843108639 -0.124043702600139 0.442535611343412 0.324042909593105
-0.117448578905187 -0.0864481534442025 0.598648275381379 0.24942810624681
-0.0957175714675698 0.0351216831744591 0.629337545534108 0.244722969863133
-0.0237021601053274 0.00895512928291457 0.612873503819167 0.20690653840113
-0.0295317357439683 -0.0576163335688727 0.474222584808915 0.0965173358112812
-0.0631203695536743 -0.0902151870966258 0.244448581870455 -0.00101374748040198
-0.104039160751643 -0.0840623097943968 -0.0132444848645038 -0.0661108113106464
-0.0923015226026634 -0.0907810251204716 -0.20363056631231 -0.111357980578054
-0.0359167265008733 -0.0528426511616981 -0.430660608294875 -0.139227749875937
-0.0221039270121998 0.0238450260658438 -0.569927938213575 -0.160670197497818
-0.100487003435054 0.0674373447107664 -0.665901892336395 -0.179906820943451
-0.153792471430607 -0.0501582491493964 -0.646056731750481 -0.226977844222087
-0.00978783809315676 -0.114472842220787 -0.505041616835234 -0.234689180638389
0.0575583883570194 0.00659105997486441 -0.193556172627588 -0.151606072892152
0.0669720888213327 0.0401632424034355 0.0641678786604592 0.171317940977231
0.0384971625187914 -0.0967096095201381 0.414353248437349 0.378196847579517
-0.0811708061956387 -0.0823942379023158 0.546878593456561 0.337281353469416
-0.081171829421581 0.0127218377527796 0.571672398550728 0.376585309752016
-0.0219932375589373 0.00082656523343503 0.587119357613444 0.316452758691914
-0.0242068604728394 -0.0518912766712042 0.45840055472146 0.132827657031375
-0.0491703680197945 -0.0735718241704635 0.219676424786024 -0.0179000203242191
-0.0883162694953306 -0.0591493112603574 -0.0502869190302116 -0.0966743521489671
-0.0828108087652172 -0.0657929967105071 -0.242827123404008 -0.124223607684987
-0.0362216989316568 -0.0356744268084157 -0.457146436484104 -0.104273307529248
-0.0170555426273217 0.0256563687968659 -0.579085754686088 -0.0646680775621375
-0.0686079440974096 0.0651964235719479 -0.674738925855743 -0.0409543694260034
-0.120267623992586 -0.0161461220260323 -0.666827811469963 -0.113471285171683
-0.0203302646700689 -0.0821895064512309 -0.515778051702324 -0.169421092126623
0.0416597929232502 0.00157945251010949 -0.203279048476169 -0.139861253470629
0.0490397785801579 0.0337787151500007 0.0506768404346318 0.169313783346332
0.0353860521502288 -0.0608236771211541 0.385921010448668 0.420318767371329
-0.0412720237582218 -0.0520059146762138 0.495530053235822 0.403986985098346
-0.0475433024109655 3.71915708914155E-05 0.507657189545438 0.476177154769642
-0.0149471940822727 -0.00488864924664822 0.549890982170664 0.400534164100042
-0.0182491082124237 -0.0362089736929877 0.44221310318129 0.161084868093654
-0.0307535874141104 -0.0444707967542369 0.203121278110614 -0.0285393552592439
-0.0606866529196407 -0.0242617252081721 -0.0785577827923194 -0.11683267317822
-0.0583994293395883 -0.033181047734165 -0.273947575711495 -0.12748618287455
-0.0258473923480589 -0.0148052445502128 -0.477897435199018 -0.0701612979325939
-0.0116401671020384 0.0237716576179508 -0.577178285685631 0.00829637590375789
-0.0399923225681089 0.0458935802579871 -0.664290324605886 0.061206321897375
-0.0680158292352011 0.00362698885698842 -0.670587784017532 -0.0237893767646919
-0.0152279698778947 -0.0430696485205669 -0.521818602786764 -0.121196861612505
0.0194039021790333 0.00295085594599285 -0.210390894723051 -0.130157322027619
0.0305410926109295 0.0161590665012914 0.0435933252258493 0.168160558358725
0.0167798674075626 -0.025433713836006 0.363072692347398 0.442116482689692
-0.00893813464120264 -0.00136648341745888 0.457113066022535 0.442116195427697
-0.00253241915003618 0.000808145186755132 0.46179647034462 0.52927455318543
-0.00380906080613872 -0.00633355571080877 0.521970372389383 0.448462391376824
-0.0140466787169295 -0.0136610581011266 0.42616782386154 0.178841560214128
-0.00994610741594047 -0.00730014536997343 0.193393988622294 -0.0323435601032581
-0.0253847926159345 0.0156876094887249 -0.093266046961884 -0.124712658240204
-0.0250616015430334 0.0014863782602713 -0.291303262990133 -0.123565028549101
-0.00863296319599015 0.00330926840523662 -0.486006364407932 -0.0457532177374073
-0.00680778197407894 0.0183808123691073 -0.573736179070027 0.0476848411435606
-0.0151807258502784 0.0177696737623542 -0.652121441329649 0.116958844466373
-0.00843615460976786 0.00990325088487962 -0.665159678312437 0.027189969630739
-0.0014834021257773 -0.00263321172870293 -0.522420609054918 -0.0916406731908199
-0.00528797569367088 0.00767530764768679 -0.21029768642293 -0.125049991769495
0.00965951404668131 -0.00560089864786191 0.0435498633034327 0.171073261978526
-0.00810776934194416 0.00851323460268781 0.355595102565856 0.443441441350078
0.0214574083755596 0.051883390214811 0.442840219418698 0.453092997962345
0.0423461284785753 0.0048860748726421 0.45757183086567 0.542424567097292
0.00559176567127848 -0.00589766241739277 0.515677193796864 0.45280726991621
-0.0105938038789737 0.011969987980524 0.420663105962204 0.184513052912547
0.0126653259169702 0.0318472877686526 0.192021222432904 -0.0248197895486582
0.0117608808429903 0.0546769664414756 -0.0935565261901806 -0.118450655771787
0.0115229063293075 0.034082049025101 -0.292713383061054 -0.114569468214937
0.00914713399548339 0.0203221081729271 -0.488438287102056 -0.036963024040204
-0.00245566644267749 0.0116443198515597 -0.574895042944999 0.0534636524648773
0.00671669890607567 -0.0138453821883136 -0.652850427081672 0.124853448880838
0.0502490131472994 0.00947738196629608 -0.667046561948362 0.0343991730196691
0.0144779783938827 0.0348562128543662 -0.524867458130244 -0.0884971005296267
-0.0301405146051087 0.0110287584593234 -0.208702961322513 -0.127620051662598
-0.0119414999753296 -0.0228414890380883 0.0521297499724003 0.176683994182876
-0.0249868181205941 0.0424410335516878 0.359378946562987 0.425228924806316
0.0574189835056735 0.091735852873516 0.459693465225093 0.436202507166155
0.0779920151292512 0.000340969288023468 0.491846509536572 0.506324587596449
0.0114092058507061 -0.0038891581467947 0.53384166487624 0.41531630092683
-0.00367171846570976 0.0375889898904681 0.425118549857022 0.175708177689087
0.0354798716829637 0.065628577881503 0.198360500848145 -0.00909066991960812
0.047165746537289 0.0883637696792687 -0.080278147603819 -0.0993290795849558
0.043829899501987 0.0610981630416087 -0.277031162754477 -0.101926784753144
0.0237989152264156 0.0348573791394836 -0.483970388885033 -0.0437181770767461
0.00155312436273582 0.0039049656148832 -0.58158780380289 0.0204255208534958
0.030078131296999 -0.0415454442026845 -0.666257759257875 0.080102768746366
0.101888891475256 0.0160794920439882 -0.669882457211294 0.000221163870151549
0.0227354179769925 0.0696677921311001 -0.530277065659907 -0.110284200156309
-0.0544323945877024 0.00993375619619201 -0.202837894891522 -0.135161049106434
-0.0305923570663682 -0.0288117594876036 0.0685497897642871 0.181649108648035
-0.0268163039984231 0.0712114028476262 0.374314194009114 0.392606980493664
0.0935037620080358 0.103146970854854 0.503158369280964 0.388078296446116
0.0961329862272449 -0.0152135328414208 0.556004796954084 0.422107743727848
0.0122416990585932 -0.00140839980225873 0.561021618648194 0.339084471221449
0.00788251931528829 0.0548438626189836 0.432693822519991 0.157895953212792
0.0577190455456115 0.08732321139108 0.215338104732022 0.0127262671952449
0.0751281167341916 0.110856154025835 -0.0539985374573985 -0.0701441722268192
0.0659893918132441 0.0803078692267919 -0.250911047913489 -0.085797307321583
0.0313077083026326 0.0464621892626122 -0.470689659275574 -0.0647094352198843
0.00571138914401373 -0.00166477335064903 -0.593253093747997 -0.0454272934660112
0.0556213330609096 -0.0565619666887766 -0.681452019901386 -0.0135139502964924
0.139784651672803 0.0362412222596832 -0.671087559254624 -0.0732978213340719
0.0150299032877228 0.097650578110014 -0.532471870627383 -0.154159341388541
-0.0751852795042238 -0.000778216918847246 -0.19275203594712 -0.142034525100908
0.0793003330314474 0.0191029370869339 0.103249410429465 0.170885119113016
-0.00112050668401157 -0.13274596438625 0.456613766452436 0.269546354301566
-0.136227144586936 -0.0675973185602423 0.630397271025551 0.154263646737003
-0.0875231041826432 0.0540974036497855 0.655296810557006 0.103703540819855
-0.0198789515015424 0.0131952590500648 0.61189400287588 0.0987787074409868
-0.0334584727048064 -0.056285753994895 0.482333620028076 0.0633007673135137
-0.0667824975015954 -0.093238958996709 0.269415033030374 0.0189882539337741
-0.102441732555554 -0.0930511530866044 0.0254770800999249 -0.0293511580745222
-0.0861536547583584 -0.103867352549193 -0.16175936764408 -0.0879052354848373
-0.0262394521152344 -0.0609816309480699 -0.393214167323077 -0.168965448511584
-0.0253731358326796 0.0211635216368373 -0.541624133074012 -0.263397467321713
-0.125478572479031 0.0525431162196901 -0.624718949985618 -0.332834282916463
-0.156811909645241 -0.0895959098668424 -0.59635558387684 -0.340110648294938
0.0122285159225884 -0.125830988405895 -0.481298953830556 -0.296052561308659
0.0609093308510289 0.0164446326477945 -0.179049781647106 -0.163975903526959
0.0782935941845133 0.0332166766092877 0.0816215406270263 0.173858038255928
0.0236271614744615 -0.123539945823509 0.438556687420976 0.325696791334717
-0.116433290571291 -0.0860457946399218 0.592129354095397 0.252236370053022
-0.0953852765130155 0.0345157480223833 0.623042400741913 0.248444654808284
-0.023371479158016 0.00908824314611874 0.605975550171443 0.20946857081273
-0.029506709134152 -0.0574283266634694 0.471075637795134 0.100528614952962
-0.0622669198799316 -0.0898692676244067 0.243136086041384 0.00117912638107473
-0.102773134069646 -0.0838044304149421 -0.013220023865828 -0.0655031123716367
-0.0910805860162506 -0.0912851163745487 -0.201921334350743 -0.112166028978744
-0.0352196164485507 -0.0531550137163883 -0.425295673027323 -0.141085864353043
-0.0208503424898038 0.0235274543334776 -0.566939576683343 -0.163879969382755
-0.10057672751276 0.0670608817546476 -0.661867454487293 -0.183629036290129
-0.152525252737295 -0.0507137616762582 -0.640736503695714 -0.229246472681972
-0.00892834288065841 -0.113633501307107 -0.499862903856442 -0.237232055927716
0.0572507058333385 0.00701645096917241 -0.191455411698666 -0.153016518970699
0.066557806670927 0.0399740629727109 0.0621510508708331 0.17268428763453
0.038894393168837 -0.0956828197320757 0.411116254986609 0.380322357502471
-0.0805441480224925 -0.0828020868270831 0.540889801623656 0.340295621805967
-0.0811837263180409 0.0118428485737889 0.566347668412766 0.379887613414715
-0.0220968003448626 0.00125181662427751 0.581340673802262 0.318032450494265
-0.0231049447784276 -0.0521444624457626 0.455796866642189 0.136239984934162
-0.0496208182834602 -0.0735859251672033 0.219768246050768 -0.0160371042824201
-0.0870318417890012 -0.0594717393927138 -0.0502864327413476 -0.095794842728703
-0.0829665566686986 -0.0663867183193728 -0.240257715173564 -0.125925403078458
-0.0353382983221289 -0.0359079219282817 -0.452815094205277 -0.105680630215396
-0.0168646448560673 0.0247674540050607 -0.575373832551979 -0.0694264627794703
-0.0691568228872597 0.0633564310232867 -0.668511996874531 -0.0466181543468174
-0.119240349045005 -0.0156716547787927 -0.662953092836437 -0.116622813807067
-0.0195877610390656 -0.0828913790583749 -0.511651178334739 -0.174997236717266
0.0409695682182638 0.00247666918679241 -0.201476196367865 -0.139989020734056
0.0500006521643376 0.0346100411333044 0.0490521321375582 0.16882415522513
0.0355128652808909 -0.0601079178231681 0.38056665161639 0.421510294839975
-0.0418690889100734 -0.0520370901969293 0.490237067368505 0.406896735127377
-0.0472917526668944 4.65411601913452E-05 0.502483104682309 0.477786118681034
-0.0148233412181367 -0.00480527975245987 0.543552356351858 0.402713417522253
-0.0182943802686827 -0.0366828850776317 0.438755692040823 0.163561197034721
-0.030638965815924 -0.0446143776741255 0.200993966321392 -0.0280527904348423
-0.0597948567362461 -0.0240389147844459 -0.077654830761477 -0.116706468926769
-0.058233757655861 -0.0333113085602496 -0.271363141433095 -0.128783912054326
-0.0249742288130177 -0.0158520965564186 -0.472976904328899 -0.0727152382459414
-0.0118758810109461 0.023542612378214 -0.573740178483853 0.0039337116490769
-0.0392123148800235 0.0457694652542246 -0.659889670514412 0.057373261935888
-0.0674286801863277 0.00219795276223312 -0.668065489476778 -0.0281227840644798
-0.015635141430572 -0.0433516769203978 -0.517589718015857 -0.124373120931757
0.0194344594768751 0.00364318122578987 -0.207492888366572 -0.130588435288336
0.0302662032223996 0.0164892601519029 0.0416879857097315 0.167182605114318
0.0165433377477577 -0.0250086076281515 0.359087635327097 0.443353219472344
-0.00908251902955152 -0.00135248570716157 0.449868486897575 0.443948474631293
-0.00248683018790979 0.000752093842901101 0.455651736343356 0.530910003525241
-0.00374394312838785 -0.00694091705379655 0.515051913489169 0.449173063165832
-0.0143559334806998 -0.0143614342576819 0.422729719384445 0.181632100219688
-0.00938271006226993 -0.00770246401500464 0.191726488706378 -0.0311416290035668
-0.0248913808711533 0.0163149779859641 -0.0922216237534245 -0.123800374479445
-0.025231139354919 0.00171107358811171 -0.288721283053832 -0.124629964769019
-0.00866296892378518 0.003706588251398 -0.482450389150321 -0.0494490979813865
-0.00635175671477385 0.0180646216514485 -0.569582787331032 0.0430777756261458
-0.0155436560514596 0.0166219893376115 -0.647542929333814 0.112637746411701
-0.00881149841190356 0.00935387690764216 -0.663447708320948 0.0220269850683611
-0.00174861024146125 -0.00251487825261941 -0.519089292642094 -0.0963648771780407
-0.00419275476773869 0.00844303226424102 -0.209012054034213 -0.126208946816887
0.00944423855701728 -0.00475789942368257 0.0422884936775886 0.170567906671864
-0.00806444253168362 0.00853054912499733 0.34929455154299 0.445782697113753
0.0209773770625547 0.0529410285891905 0.43604706725978 0.454302883123303
0.0416692914659625 0.00538121994761251 0.45017433807855 0.545382872123893
0.00626620857420481 -0.0060772198473277 0.509606012784013 0.45442156578049
-0.0109018493134607 0.0123766026092536 0.417597993500021 0.185733459245749
0.0118589802013663 0.0321500784466844 0.189509084993711 -0.0239721722977434
0.0122810336200305 0.0552615166368725 -0.0925629001253853 -0.11871037520601
0.0106562378695484 0.0342235504840678 -0.290005614350569 -0.116067404594244
0.00887888621973958 0.0197836564908381 -0.484223262070215 -0.0404070522181608
-0.00206619609085716 0.0113653152487535 -0.570418379630474 0.048202471522622
0.0063433195896017 -0.013394517305014 -0.64913132609134 0.117566817554724
0.0499406468720844 0.0106719287721947 -0.663829136768195 0.0303441473803466
0.0132515563329421 0.0355099754796919 -0.521539602458191 -0.0932798502283771
-0.0291732300080162 0.011319214078246 -0.207467021093977 -0.128216927562066
-0.0119241662989151 -0.0228992134439661 0.0503313908290993 0.176509455539021
-0.0251418724794087 0.0430384919249556 0.352835181118747 0.427097401683416
0.055225875712738 0.0921909451194119 0.453253867806626 0.437996462524615
0.0773230985206893 0.00123561917130499 0.485158417622851 0.508582706594297
0.0108558707954661 -0.00370166004258975 0.526927908102358 0.416881711912594
-0.00347529793020103 0.0368016149063381 0.420290782806031 0.177298168074538
0.0346932522193046 0.0654273167242453 0.197978862940917 -0.00738391222737444
0.0465977107511532 0.088193442497674 -0.0788062682894467 -0.0983246853841566
0.0428604939799029 0.0615619112911043 -0.275067173512404 -0.102626139780368
0.023515061478329 0.0341253647885052 -0.480686132150391 -0.0468398772005667
0.001701110279243 0.00335801901551995 -0.579246945523327 0.0165682193050416
0.0298298614243819 -0.0408792307077155 -0.662758736827237 0.0734665422546396
0.101970959473684 0.0171077471777575 -0.665049520700354 -0.00466458884576775
0.0222118309706444 0.0695336459548649 -0.527343906727744 -0.116252661639671
-0.0539910366341648 0.00959339286882237 -0.200914430431072 -0.135586771196487
-0.030447499460913 -0.0283942701295725 0.0661914624365011 0.181043630104521
-0.0262505800610024 0.0708391554752658 0.368013598121264 0.39467867107898
0.0924115984621912 0.104466984696224 0.495327410407533 0.389031582670002
0.0953433722915973 -0.0140325786966388 0.549260339208626 0.422726051702264
0.0125709163563995 -0.00182783628454278 0.556815440188811 0.342694721135152
0.0076135942385619 0.0544921570261518 0.42786138701005 0.160228144100992
0.0566199448265029 0.0878083275522048 0.213795021202686 0.0140576471633823
0.0737883204557462 0.110325992761116 -0.0527098086169817 -0.069570925165589
0.064408657204268 0.0815772205780217 -0.248034294386881 -0.0879346843024996
0.0297711622433625 0.0466058811911655 -0.466415075380528 -0.0677694553903521
0.00494457649583264 -0.00178067033383802 -0.589089187829643 -0.0487485472854473
0.0557253473535342 -0.0564258239322837 -0.678651889313796 -0.0195222974762311
0.139097836462032 0.038538622269724 -0.664679798929708 -0.0772709829528194
0.0143566356573329 0.0969046149507466 -0.528171085588246 -0.158119026160007
-0.0756461519191759 -0.00113752653143167 -0.189865677696275 -0.143081821028694
0.0792833647041971 0.0195213247445621 0.100536727947035 0.171944990229077
-0.000247673897103371 -0.13164727633125 0.453839448985187 0.271896948869012
-0.135248530069553 -0.0682800250501964 0.625045064490387 0.157532948807097
-0.0878965835909555 0.0529925343514979 0.650147906175015 0.110382633739576
-0.0193652498207203 0.0131503474115346 0.606679329998689 0.102509598618542
-0.0327993377202039 -0.0577639689747717 0.48023090004705 0.0673441240725063
-0.0664421067153495 -0.0935202674059186 0.268006468244232 0.0199725316133844
-0.101665653844172 -0.0929453807019509 0.0254595463555564 -0.0286806846711678
-0.0851674152213775 -0.103962731416369 -0.1604570146716 -0.0895071453284801
-0.0257588464359854 -0.0612377954569246 -0.390464975607419 -0.171566454552102
-0.0245519565381682 0.0201457231101714 -0.536736306325489 -0.267400367416811
-0.124847542446824 0.0508747327199135 -0.617905807747719 -0.336990112353842
-0.156207019670701 -0.0900938148124712 -0.590969850379566 -0.344840644674607
0.0125892881388678 -0.125983613828302 -0.476922172064943 -0.299817207217984
0.0605876534814927 0.0173199538921725 -0.176764387057104 -0.16595702209713
0.0778367667724556 0.0345323292669925 0.0791314428498369 0.173542628324722
0.0241277232971143 -0.12246053965041 0.433307880398107 0.329716249833328
-0.116148991809633 -0.0869285948175487 0.588482813585407 0.257300602653684
-0.0952616216330106 0.0330862708627445 0.619568309209272 0.25300035666003
-0.0229055752727305 0.007758944453161 0.60238399251982 0.214720298269387
-0.0285097570572519 -0.0583810161069952 0.468442294870566 0.102512731803608
-0.0613354661874504 -0.0904743600203376 0.24157196534863 0.00249284788999338
-0.101660280901661 -0.083484885491195 -0.0124510776497333 -0.065298638380779
-0.0913793064979988 -0.0920513809042998 -0.199733467348219 -0.113025969492355
-0.0347907334177259 -0.0531822396091514 -0.422174317814476 -0.144227586227227
-0.0208569677056917 0.0227019314432219 -0.562424074475044 -0.169199728252022
-0.101127858949097 0.066275668615693 -0.656993796045943 -0.189008447144221
-0.152124890518185 -0.0515888943497228 -0.636653256891746 -0.234894182649332
-0.00890587836275792 -0.112970829921887 -0.494703325814965 -0.23961348065911
0.0563211802997227 0.00856981054674988 -0.189032097004431 -0.153919086269414
0.066586206939673 0.040909807931899 0.060206604860656 0.171919180710333
0.0397987422923051 -0.0950750581623008 0.406739822769529 0.382961067296029
-0.0797412401471203 -0.0831639568525227 0.536498744271934 0.342848126415483
-0.0811591955802888 0.0114742035776049 0.561561182791698 0.382990854156905
-0.0213491201145791 0.000527041784530694 0.575046529307828 0.32359611675418
-0.0230274067866108 -0.0524359412727948 0.452116361513607 0.138492650896047
-0.048844290348813 -0.0735590981711754 0.218126157520267 -0.0143469599281972
-0.0852923574683654 -0.059168075485683 -0.0487792899806321 -0.0955048669031086
-0.0817691928196564 -0.0672869751266454 -0.239525689433412 -0.127697336343086
-0.0355265239851685 -0.0359569450485699 -0.450661454396554 -0.109029056773029
-0.016498761439548 0.0240432101379556 -0.571879629473961 -0.0745121233460529
-0.0689735015313349 0.0640994099581633 -0.664387057491319 -0.0506234649862624
-0.118738425477045 -0.0158928469251052 -0.660152129579084 -0.122882204300734
-0.0193175920378789 -0.0823204780049203 -0.508403719230522 -0.17660552743005
0.0416007528193424 0.00323519410401698 -0.199235317947836 -0.142026394881386
0.049242414184408 0.0343022478032634 0.0462074484624271 0.169142152877542
0.0359857418922404 -0.0595433505562523 0.375425066016424 0.424104904295678
-0.0408228715041837 -0.0515571725396266 0.483834665802793 0.408636065693001
-0.0473406673024781 -0.000925549059900837 0.495875713248683 0.479160366993758
-0.0139940131147614 -0.00524892253086142 0.538147466356465 0.405351160469717
-0.0178969884444324 -0.0373282468168358 0.434925235282684 0.165794480252665
-0.0305679910597699 -0.0446506175878445 0.201047864781183 -0.0257300986058098
-0.0587706288520553 -0.0242129289454684 -0.0759380095857199 -0.116281059852408
-0.0582267450363851 -0.0335279518399405 -0.269081219911204 -0.13127905959842
-0.0253685937421294 -0.0162833156519784 -0.470208017629811 -0.0775409253095298
-0.011367502350173 0.0230224025572818 -0.571496105946505 -0.00106794236631196
-0.0399656458732068 0.0454936380791678 -0.658124573597623 0.0506023552792512
-0.0675941474320237 0.00298162354091984 -0.665010376584992 -0.0337446828598781
-0.0157423716422826 -0.0432370433043829 -0.513539499202947 -0.129070592535971
0.0189523826634231 0.00402361722988656 -0.205359795149538 -0.131546562812179
0.0302798096636201 0.0161738448966937 0.03994844474949 0.167529651338651
0.016737314167921 -0.0254306591234015 0.352683342510673 0.44382264915156
-0.00895411372900445 -0.00102883344384658 0.442882761152613 0.446187213358418
-0.00297105963806721 0.000508490608467532 0.449556990745026 0.533888575539341
-0.00316861571445703 -0.00739569747314266 0.509321336891988 0.452615831689198
-0.014419496073337 -0.0144633270531838 0.419793986520298 0.1848486659236
-0.0105158930430418 -0.00677192391105081 0.190908799984129 -0.0291620307697255
-0.0249091985986547 0.0161230571556871 -0.0915577330086837 -0.123869463496412
-0.0256718786391325 0.00178773068051519 -0.286904152187442 -0.126831890218066
-0.00892216243363124 0.00334834827518176 -0.478657607483498 -0.052620969114439
-0.00639919431470528 0.0170264386227585 -0.567989840673245 0.0388057831433405
-0.0151710134007985 0.0171951747053242 -0.646972797265067 0.107110732497427
-0.00880880204024235 0.00969288920919558 -0.66132273450643 0.0154308743503477
-0.00138870316222212 -0.00306816751992189 -0.514125438522304 -0.0999818889174559
-0.00474507460884753 0.0084287827391692 -0.206974050815264 -0.12808057868149
0.0101438003945724 -0.00606272564657074 0.0407014990791869 0.170606808068825
-0.00820079000859904 0.00862341806178508 0.3440060164768 0.447653113572853
0.0204096314158421 0.0519731941865033 0.429988967941061 0.454906232078941
0.0414301596050266 0.00541453170670633 0.443737826777945 0.545204597754751
0.00583142084391607 -0.00606227596640407 0.504233552878499 0.456603682050819
-0.0107941388848919 0.0116366183959885 0.414104334143067 0.190063914448465
0.0114006313149972 0.0328057945603444 0.189516597063674 -0.0222863269555432
0.0117948415486172 0.0551411181113494 -0.0906916789843375 -0.118290665523936
0.00966760344629407 0.0338053594710412 -0.286654767459508 -0.118036887343227
0.00841045942247458 0.019900098835615 -0.482255528334836 -0.0436081161827227
-0.00255992373782155 0.0110186887853406 -0.569459393462873 0.0433784012222847
0.00690493824680156 -0.013131915594062 -0.647369476890993 0.114342961054784
0.0495290311020152 0.010939278794502 -0.661108836072405 0.0240577102027928
0.014197946430635 0.0353592346758211 -0.518171856757497 -0.0977592040974974
-0.0292975035762859 0.0118990814371148 -0.204527601579622 -0.130157607797399
-0.0112068068952203 -0.0224870406592527 0.0484016636215103 0.176617142595401
-0.0258874546332286 0.0418075821468979 0.348015267631991 0.429055597402871
0.0550187807630286 0.0929783915256354 0.446926261955558 0.438302539598254
0.0773588984236315 0.00129066573373636 0.481356758682272 0.512756824787955
0.011702274372101 -0.00364166877340408 0.521578815845875 0.419005435785996
-0.00462371115606192 0.036535426317336 0.417231502874924 0.180422638007563
0.0335723944511559 0.0665952040229835 0.196714786304882 -0.00640606528855323
0.0467714517524045 0.0892055642733505 -0.0778526234637275 -0.0983737489946053
0.0421309068394855 0.0617545621820545 -0.273791014621939 -0.105148723131187
0.0226149148730592 0.0352324492777637 -0.476662142048171 -0.050885754373156
0.00110705388976233 0.00336485747698816 -0.577168854263809 0.0125370343020688
0.030091813355293 -0.040718914737855 -0.660219402393048 0.0696911674329921
0.101016311860918 0.0179377776947421 -0.663811116993739 -0.0100683107241598
0.0208564301334911 0.0694408926389188 -0.523572123934725 -0.118241412630096
-0.0541369150696327 0.00947166902243506 -0.198099098503216 -0.136621609135179
-0.0298002823105435 -0.0285663114846046 0.0650210395853117 0.180988981215046
-0.0268131711325068 0.0708508868538977 0.363921715654839 0.395561921140426
0.0910793615683655 0.105036724102057 0.488934233782283 0.392787317135912
0.0956339301476829 -0.0139282936408857 0.543632254762376 0.42689440639745
0.0125190968140897 -0.00191091191668202 0.549397475255329 0.345701565800975
0.006551842570925 0.0546672704708528 0.426145249832549 0.163546504510374
0.0556526672509486 0.0885344072310743 0.212704292229226 0.0162492438903297
0.0734285449256671 0.11090247389113 -0.0526947690103019 -0.0693930788810176
0.063606425663805 0.0815261230068394 -0.245862392679041 -0.0889196162000051
0.0300015090030432 0.0462007937391298 -0.465183446798151 -0.0711895310288821
0.00519063294621063 -0.00156187812379402 -0.586579999992062 -0.0553120281163567
0.0562486676569692 -0.0550856854951455 -0.674383615531672 -0.0259680482628412
0.137918476799237 0.0386759886454356 -0.661335247400506 -0.0826039702747685
0.0136092111663661 0.0971606589631692 -0.524781952011143 -0.162318512312791
-0.07459824621983 -0.00153567570241935 -0.188475739006604 -0.144853248837547
0.0801348693137055 0.0207429114723627 0.0992828183452386 0.172588490706027
0.000567466776506531 -0.131268111209485 0.449164542282774 0.276168119117457
-0.13547774869406 -0.0689685250048921 0.622665651570286 0.164025699369842
-0.0891851033928027 0.0532698140253917 0.648266834977219 0.113242196110005
-0.0193558760485104 0.0123343768644017 0.606548338467381 0.108504412468559
-0.0322155723866695 -0.0579174366038473 0.477658115839455 0.070452098284969
-0.0663030134557418 -0.0940509380655054 0.26747377938669 0.0222768435025441
-0.100143739737171 -0.0933046521427678 0.0255337135248801 -0.027275075620355
-0.0851942267556172 -0.104427206273186 -0.159056042003967 -0.0909130136089455
-0.0258293747225734 -0.0625987337322052 -0.3878842894151 -0.175804863872231
-0.0237580265904336 0.0196166940649141 -0.534623407065374 -0.27307199079038
-0.125584272878687 0.0503509181338377 -0.613973727427545 -0.341563682917842
-0.155118590015527 -0.0916182864006023 -0.587222906693728 -0.350158377586749
0.0133660473322872 -0.125836495013261 -0.471989256991337 -0.303914044983936
0.0610755347750276 0.0184054653418461 -0.175940268432669 -0.16695830900017
0.0776522782553383 0.0349422067676457 0.0778868830399158 0.174735236360616
0.0258590075797986 -0.122526526540521 0.431032951257189 0.331633734694027
-0.115616797382462 -0.0875873857680913 0.58347603980995 0.261204734181717
-0.0959879707355053 0.0325290095325521 0.616434289375093 0.256613421605985
-0.0226012884304081 0.00757720739123311 0.598349780894072 0.219394987893443
-0.0287515621578137 -0.059788541547673 0.466307405752089 0.108327250528047
-0.0609105910031855 -0.0911243858381804 0.239962439846141 0.00533335252507293
-0.100342068382489 -0.0844997697446219 -0.0120670613867235 -0.0642892513914707
-0.0910527508316818 -0.0929061080465651 -0.198393543386477 -0.115165890868532
-0.0348256373427137 -0.0546075206271274 -0.418825890939685 -0.148052643019357
-0.0203821005550552 0.0219305449024754 -0.558260487964419 -0.172349448400981
-0.100732776034998 0.0656550841857098 -0.653789172432925 -0.195654632751614
-0.151747496264447 -0.0527552279443361 -0.63482712571018 -0.239576040409711
-0.00744105064016319 -0.113944608704254 -0.491799057174474 -0.244806991141997
0.0571463191834211 0.00902600152640258 -0.187757588723844 -0.155637009785885
0.066244187830654 0.0414033547088241 0.0582867373153014 0.172800907622937
0.0402447713290714 -0.0941868635715864 0.401288349034266 0.386276477855264
-0.079544505034171 -0.0832903156309898 0.531824828885625 0.346339804384801
-0.0813681933371082 0.0102612439706147 0.556600003572609 0.386702823534487
-0.0215632902347645 0.000111684992730719 0.569793921595187 0.326981180611526
-0.0227761417767178 -0.0535873045162684 0.45093657229533 0.142379370007836
-0.0480627217608317 -0.0741795615635309 0.217219835994109 -0.0123570852378648
-0.0850589580825119 -0.0588888232882052 -0.04724039042106 -0.0958647535920646
-0.0816218649496414 -0.0664756201916964 -0.237179915513035 -0.129716365276628
-0.0348456462526994 -0.0369441673481563 -0.448181803560954 -0.114892682009833
-0.0166567231736332 0.0240701000691854 -0.56910919615013 -0.0792881379126663
-0.0692599626880117 0.0627903376196264 -0.663371706691308 -0.0577338990390448
-0.118279338036052 -0.0171919643003604 -0.659654301401779 -0.127364921851235
-0.0182936763905533 -0.0826358085174865 -0.505388350743245 -0.182407907189747
0.0412685401924337 0.00315925032270383 -0.197745306246623 -0.14296541927903
0.0491204920946666 0.0349053995509842 0.0447002124746684 0.169339776672875
0.0363573269462152 -0.0588850124041841 0.371025633875025 0.426218781130054
-0.0408840823854516 -0.0511291647946737 0.478113840592159 0.4125709725508
-0.0477031990062927 -0.00122520230287817 0.490978456526998 0.482960749306824
-0.0135206486493986 -0.00590042260222902 0.532465690691974 0.409826844469396
-0.0170661885986035 -0.0374972158058368 0.432282819825712 0.170035550712112
-0.0298484042725275 -0.0446026377207388 0.201184867765236 -0.0242820053999369
-0.0586274671355451 -0.0240751190498674 -0.0750053606100075 -0.11586615760866
-0.0585325652976638 -0.0340108997455391 -0.267943843027025 -0.133682440603112
-0.0250184547568819 -0.0166307345772207 -0.4676246746585 -0.0804536867689591
-0.011783740212762 0.0222819563541798 -0.569248179421041 -0.00572100395947124
-0.040849156646115 0.0445724240016704 -0.655829596997685 0.0455076391224472
-0.0671908135794504 0.00269814761808146 -0.664018878355607 -0.039333198249271
-0.0151090021234526 -0.0434560957260698 -0.511620004159003 -0.132826853038392
0.0192510308576003 0.00482836003460229 -0.203973633677178 -0.134024635694995
0.0303840676526836 0.0164356901080574 0.0374444350341135 0.168068361816311
0.0169399310209556 -0.0245491109183731 0.348579587849223 0.447819522811625
-0.00876536494197871 -0.00091951740664237 0.439433099487674 0.450310221516101
-0.0032735030110269 0.00114616251866352 0.44309858781026 0.539241857914051
-0.00348869289798055 -0.00686086773736024 0.504215666537861 0.455813994801219
-0.0133556515146721 -0.0150791496305682 0.416632706692825 0.187862412187932
-0.010384716419848 -0.00761697742227598 0.191335572084341 -0.0281796745960787
-0.0245991095132232 0.0158041489122181 -0.0901644035383107 -0.124323187520761
-0.0257966757524944 0.00160735164763013 -0.284679641583547 -0.130175670525008
-0.00925082307809923 0.00302871358662241 -0.477830815497737 -0.0581738576997306
-0.00661419722328785 0.0168433290041748 -0.565655404518659 0.0336427498977588
-0.0152644825889343 0.0173992200244098 -0.646210612945744 0.0994447282755973
-0.00835586879504046 0.00871846979563199 -0.662051726066898 0.00988127225345872
-0.00184683264205002 -0.00300108914490869 -0.513324260999901 -0.105128750724242
-0.00460779374789321 0.00854614737138901 -0.205617027866091 -0.128818874790138
0.0109114812994496 -0.00585366957777907 0.0377559689288762 0.171757257354947
-0.00826292359437476 0.00865556020592859 0.338849277753794 0.449878005936003
0.0198515210244926 0.0537241310444408 0.422943709277527 0.461257811864924
0.040992014148908 0.00573859825095578 0.437433839913521 0.550308778039077
0.0059490209833317 -0.00587553966876152 0.499258329857713 0.460195241366221
-0.011227622916705 0.0116917516610668 0.412123176327648 0.192237244554005
0.0103039231667366 0.0320565614322095 0.189217357845799 -0.0213481705153283
0.0119565056774282 0.0559831693495203 -0.0905017214377422 -0.117385763253429
0.00900889681121259 0.0341795533799084 -0.285696254309487 -0.120683085640992
0.00801830268666733 0.0199476720750289 -0.480544942940762 -0.047887439589162
-0.00226452692725996 0.0107675133339471 -0.568608384342239 0.0387639768789365
0.006843147377745 -0.0131122128174784 -0.647046255979586 0.10749413364367
0.0494041636108455 0.0110794487877842 -0.661255399805828 0.0162854613778461
0.0134165828226826 0.0354375858013672 -0.516453739859939 -0.10320450624707
-0.0294106670001731 0.0115987164560089 -0.203513908808572 -0.132144546781022
-0.0115306245926958 -0.0232701171974437 0.0460097753810825 0.177332805542036
-0.0261019101327386 0.0427328902646001 0.343191299815169 0.430978436981181
0.054255899113722 0.0937986844313281 0.44123152703739 0.443595072046396
0.0770524560957261 0.00207494392600941 0.474599602445305 0.514747290137519
0.01087036050579 -0.00402801147012733 0.516360667663917 0.422891481959157
-0.00489725500642356 0.0363055683049888 0.413930877805806 0.184334946492138
0.0331343411420054 0.0667368172429924 0.195221633747732 -0.00420782385700899
0.0461816206862101 0.0895392697254712 -0.0769800955980323 -0.0992311563829157
0.0406800116672322 0.0623989806953319 -0.271729231316762 -0.108768212776426
0.0218450969363727 0.0347603768063136 -0.475020468350886 -0.05559124806171
0.00147509540942389 0.0035771243035997 -0.576036747242181 0.0062897652904846
0.0302063344470606 -0.0399871720569975 -0.659510594794625 0.0638111426963621
0.101494677179577 0.0189903521544271 -0.663370175783134 -0.0158536394048288
0.0200131468333776 0.0695350205055533 -0.520647699159228 -0.124563078872599
-0.0529619516550333 0.00900724795998487 -0.197236576036527 -0.138368756659262
-0.0302500273005745 -0.0286931489004904 0.0627188788205826 0.181846624289715
-0.0280754988588825 0.0705078713319947 0.360082687380416 0.399508137724453
0.0904831407228399 0.105820150105535 0.48468157625203 0.395669605734222
0.0943323764337695 -0.0134267249093431 0.538638314304397 0.432422040177319
0.0125012523937475 -0.00145257606010614 0.544929857133286 0.350361337294666
0.00618727124516714 0.0544573941874868 0.422823873347891 0.166881217906904
0.0549047622793673 0.0890385847706134 0.212133839647814 0.0172533987748387
0.0724834299734049 0.112153606013901 -0.052148980752058 -0.0688164016151593
0.0620109616901902 0.0827893229160952 -0.244673162934917 -0.0918714011398223
0.0284597835978999 0.0475769278042239 -0.460587728436976 -0.0762847660086087
0.00559466154895395 -0.00138337236050541 -0.583875452987248 -0.0602613154626892
0.0558932399593927 -0.054203350145951 -0.672018785484561 -0.0300909661910329
0.137377055709248 0.0396640363092293 -0.66054127532762 -0.0884564990097987
0.0122498804077367 0.0966626884517547 -0.521234990428822 -0.167294897581631
-0.07438220808529 -0.00165655752618267 -0.186363713564556 -0.146329546077084
0.0796235057421582 0.0218754381447448 0.097875763834069 0.174623668337052
0.00098769180635059 -0.131811539062215 0.447740953553967 0.281768651583448
-0.135221112068438 -0.0700546619176996 0.620681607911232 0.169637866198578
-0.088584107800829 0.051183613668598 0.647600065564359 0.12038942794613
-0.0190641942274087 0.0123360429952732 0.60431649423883 0.112768874673047
-0.0317898696530258 -0.0589229682778642 0.479216693291605 0.0759698697574456
-0.0661695563969042 -0.0942266310398138 0.267468570597068 0.0247500802847186
-0.099934871341644 -0.0937767457682783 0.0261973120624778 -0.0269963985561767
-0.0846505698453071 -0.104834911534309 -0.158665193428979 -0.092799521694073
-0.0242314256114478 -0.0628798851689243 -0.385587542155134 -0.180299429135696
-0.0240101324397381 0.018920158605843 -0.532884130040212 -0.278267782430341
-0.125917690707053 0.0498265509210813 -0.611652552117965 -0.348373646541997
-0.153945131347347 -0.0925813908684498 -0.583882266921767 -0.355208196784757
0.0141873560789649 -0.125729728586652 -0.47022697517126 -0.309487754765936
0.0613919002305399 0.019911477278903 -0.174264432976831 -0.168431215987884
0.07810943263229 0.0355365370692543 0.0754761062208101 0.176330215654207
0.026549543465074 -0.121663252094324 0.42767810387985 0.337510159650741
-0.115536456262098 -0.0886797768439452 0.581203181505778 0.266969339708691
-0.0968012376790805 0.0315665660806157 0.613344744721095 0.263330287426061
-0.0223526735880832 0.0076290146427746 0.597139129933018 0.224943336936757
-0.0275191176732 -0.0606758396947911 0.465620191083561 0.112189708742603
-0.0607585965193834 -0.0917771094106106 0.240468903973286 0.0064891629628817
-0.0994543052204624 -0.0840409149988287 -0.0117848132201516 -0.0645895668408269
-0.0906806878222761 -0.0931122698865682 -0.196923004493404 -0.117561576835721
-0.0338744397424793 -0.0555377899797587 -0.417819233673734 -0.15267152808995
-0.0200199202449143 0.0221619527563465 -0.557605996118657 -0.176731418977834
-0.101341621384995 0.0656770958382589 -0.650761119750157 -0.201583247695983
-0.150797428901782 -0.0533021349221024 -0.634275425303822 -0.246920843550317
-0.00633274537667893 -0.113834234750264 -0.490321895241346 -0.248204051032554
0.0565337326650898 0.00980234761389377 -0.186596684970879 -0.156923481142105
0.0666181322352719 0.042275931658888 0.057394443218535 0.174035999547851
0.0411630507226629 -0.0937508316999799 0.396995106554498 0.39075633499427
-0.078744280326083 -0.0843287731680691 0.528967777571814 0.35232356511656
-0.0817419280555117 0.00950036008521487 0.553036603148071 0.391807814172503
-0.020946476304501 0.000273381727127107 0.568723292049546 0.332056830368844
-0.0223912098253494 -0.0538183290102819 0.448323588771992 0.146710838192035
-0.0484172618930232 -0.074625134049745 0.217083778909089 -0.0106883203632589
-0.0841113785440717 -0.0594074195502944 -0.0472409197618311 -0.0962532734537422
-0.0822789420936915 -0.0684393797674457 -0.236793900673707 -0.13241724276744
-0.034931164778372 -0.0372732885068453 -0.446331929910913 -0.118014296786255
-0.0154147043637627 0.0232466850291343 -0.570289649365778 -0.0835650430296093
-0.0705060604308428 0.0628776744501604 -0.663396406688925 -0.0621381489001782
-0.118928422688322 -0.0182988507765374 -0.660327292059915 -0.13508006228741
-0.0173894739356015 -0.0834093430502551 -0.503227880006363 -0.187589500370685
0.0416867228912062 0.00484633777592158 -0.19708370735169 -0.144043650358337
0.0496705734110877 0.0361000760437305 0.0427869548002095 0.171383985602024
0.0372198441626907 -0.0588455247835646 0.367377228120455 0.431485422540095
-0.041212186135816 -0.0512592609798902 0.475255150190215 0.417004397840159
-0.0470091894325114 -0.00189715523999781 0.486281990370079 0.490291800890418
-0.0138897150753188 -0.00612780902344731 0.529370908198416 0.415530176956979
-0.0176023335886948 -0.0386046165564365 0.431132470958494 0.176228302338636
-0.0305162730896349 -0.0457587838622865 0.201200892152015 -0.0234218913068012
-0.0580996445511526 -0.0233303212784701 -0.0752342204410638 -0.116433751121201
-0.0584760488188479 -0.0348427497046269 -0.266804073878039 -0.137193228543612
-0.0254085525014518 -0.0169646807359409 -0.467546929167851 -0.0859243745035429
-0.0113381613430705 0.0224837686302685 -0.569203432385936 -0.0126055859551053
-0.0404541743914401 0.0448661612131521 -0.657106323212032 0.0392916234182816
-0.0676431259159256 0.00190078161587787 -0.664621050982066 -0.0453669228803839
-0.014713409893913 -0.0432300620424162 -0.510507678459614 -0.139774328625981
0.0191154598979213 0.00536027478035293 -0.202968187683032 -0.135838365014148
0.0304399455684129 0.017402406861648 0.0366118405169158 0.169136786959878
0.0171270658286233 -0.0240180986629081 0.344554183764359 0.453130393012857
-0.00957049414369182 -0.000808574290275063 0.434326619569922 0.456025780433628
-0.00365027423140726 0.000788169023173197 0.439289301255627 0.543115545615241
-0.00327219214829103 -0.00768864278331877 0.501919288209825 0.461964385051075
-0.0137966967926878 -0.0157174021547116 0.416659963716984 0.192561242394868
-0.0103282399387562 -0.0072141388289201 0.190304263217433 -0.0259278560149874
-0.0240839609260069 0.01528686401071 -0.0890002531191405 -0.124238098883365
-0.0257710931335871 0.00149058648720973 -0.284987805088088 -0.132997342104614
-0.00928525827120359 0.00229009651721396 -0.4788485145717 -0.0626338243470689
-0.00600214021608688 0.0173333911873592 -0.566937809218686 0.0289014719394334
-0.0154037366298231 0.0175349999011346 -0.646532274112731 0.0947894946039905
-0.00872031644979039 0.00892260628737592 -0.661219399182668 0.00366738567159759
-0.00251194536074132 -0.00373874682555885 -0.512766724750593 -0.111137981603934
-0.00447111138391123 0.00921492004736686 -0.205797135186483 -0.131507277510237
0.0102683131992676 -0.00627086797005726 0.0364087661779594 0.172370251488606
-0.00845682343408143 0.00868169293042344 0.335043247440029 0.455039456028685
0.0189833676572489 0.0538303566375625 0.419023747432048 0.464387641091511
0.0411669238189393 0.00549918400843587 0.432438290166753 0.556253053862643
0.00572257502117409 -0.00617081164662978 0.496016189153567 0.467252819649187
-0.011575314644831 0.0115690363572473 0.409957438488003 0.195897421709434
0.0100744268144056 0.0326548442404768 0.188370697364308 -0.0196138707066203
0.0109385938771823 0.05663382131047 -0.0896183296243312 -0.117909834925141
0.00874064527577166 0.0353497654355858 -0.285795307612816 -0.122358711844579
0.00744415288652301 0.0200891148015653 -0.480060198077527 -0.0516412196759792
-0.00211458186426398 0.0098989428222896 -0.568462148509315 0.0330216116250359
0.00675405296851311 -0.0130842660677098 -0.647867979222242 0.101889029111156
0.0493539973457258 0.0109842777916791 -0.664056608928823 0.0115619589736938
0.0131103663898825 0.03514950032295 -0.516546558148088 -0.107349928881873
-0.0290421035852245 0.0110490425608349 -0.202679394013216 -0.133089510810151
-0.0111339426348456 -0.0231417575172422 0.0445114150326864 0.178893416585573
-0.0263289460669069 0.0416692409638692 0.340169092752422 0.436135685557054
0.0531620505626039 0.0944094660594035 0.436679019864499 0.448066442676011
0.0765444022511529 0.00243782182886226 0.469854062124234 0.520454132034765
0.0105959378340734 -0.00354539541306924 0.512525494398768 0.430201098857315
-0.00541500622192227 0.0360849632940021 0.412033789812328 0.188170319479358
0.032569754090578 0.0674520101041122 0.195857291431453 -0.0023903910766672
0.0461266014581158 0.0906622003878043 -0.0766122177376305 -0.0991738294748451
0.0403653005795649 0.0628894462921828 -0.27031662445399 -0.111362144965901
0.0212523877836691 0.0356106173731052 -0.47569525595188 -0.0599432497604784
0.00210864508886332 0.00395802280080308 -0.576150840467799 -0.00018201438731577
0.0299532134048904 -0.0393713466001426 -0.659469951683673 0.0580592608401397
0.101079725329242 0.0199865296880642 -0.663061864510229 -0.0224665725721602
0.0190851653782538 0.0699623703371533 -0.519855570876758 -0.13060161705373
-0.0531219273838314 0.00840808652360604 -0.196196507503354 -0.140022398467404
-0.0297035920416199 -0.030188278055624 0.0600024201732315 0.182834564820212
-0.0287036207519658 0.071374910028924 0.356449214436032 0.40317227058796
0.0901562977407331 0.106809195918583 0.481584003910788 0.400979609453679
0.0949225224066982 -0.0129867920706293 0.534968041327526 0.438232179781324
0.0117995143788756 -0.00183379684078054 0.542426169110741 0.353942325162951
0.00493231379864582 0.054092507716648 0.422020853818567 0.170739205500884
0.0543531947293286 0.0898345029012455 0.211549976601016 0.0191267581162071
0.073269267178663 0.112678908530014 -0.0516501879367851 -0.069411582913559
0.0618536413666733 0.0835266986208818 -0.243135583971985 -0.0944048655185247
0.0275554032488981 0.0469032205867731 -0.460185201007371 -0.0807798541178565
0.00503126493672095 -0.0016739420199432 -0.583802291610726 -0.0659064675494767
0.0560510449568587 -0.0539908355630921 -0.673010628736074 -0.0369700947017283
0.137354995283383 0.0406388725698743 -0.661205551047061 -0.0945914235686278
0.0116203176370636 0.0971532813585493 -0.519772643985997 -0.173440030521263
-0.0742671051561103 -0.00192614098281305 -0.185576573672805 -0.148941433510035
0.0806354780613083 0.0224321478282948 0.0957794407267781 0.176235705249726
0.00257622722272888 -0.132420188795652 0.446847352978118 0.285940645839168
-0.135497829969106 -0.0710049345740262 0.621870662900472 0.17673624259615
-0.0899436763214713 0.0507008694711977 0.649318745083858 0.127121117731346
-0.0187463870685293 0.0121834572340124 0.605644643498648 0.119444238769797
-0.0319764472914639 -0.0600171165461013 0.478466193882879 0.0793161187117375
-0.0656318649101105 -0.0951810176933317 0.267384044328872 0.0266480610191628
-0.0989797822896574 -0.0942803802670582 0.0263258656020947 -0.0269236179194117
-0.0849407779410953 -0.106664884263312 -0.15795196117032 -0.0946644439110847
-0.0238782536141135 -0.0646488319934264 -0.384920134740485 -0.183806521308577
-0.0236352437704579 0.0186748324135642 -0.530511784047458 -0.284564109490974
-0.127138831443462 0.0492223384409615 -0.609953497275739 -0.355415594317366
-0.155561333561458 -0.0941310914834257 -0.584740024883725 -0.363454412749713
0.0156842630820521 -0.126640474088021 -0.467003576322209 -0.314039728171383
0.060444947457012 0.0206324405399817 -0.172628091479683 -0.170062281558244
0.0774040193569059 0.0373296784119777 0.0746018881643138 0.178302982037414
0.0274499962573904 -0.122093914822003 0.425575136922711 0.34290041505342
-0.115855515590351 -0.0891416536576864 0.581007991948329 0.272299089157766
-0.0969251412005673 0.0302403814196726 0.613484502868922 0.272015439025733
-0.0225834009435375 0.00684902759219083 0.596374114447033 0.231182132659191
-0.028238349781805 -0.061956362040141 0.46636750204855 0.116774585561586
-0.0607197891565919 -0.0924352731624811 0.241268614208308 0.00873658979131946
-0.0988304716133637 -0.0845999877667293 -0.0113487976343881 -0.0632040542823344
-0.0912333780230428 -0.0945624659171299 -0.196726233017103 -0.120919746751928
-0.0331489940830139 -0.0557830187166258 -0.416904043649579 -0.156653434231142
-0.0202662716441757 0.0214418485126979 -0.557685211675791 -0.183544307937397
-0.102730161214278 0.0641984191167227 -0.652951136076993 -0.20674602369493
-0.15147432743171 -0.054896904212292 -0.634303275047771 -0.252729113567744
-0.00622819943221714 -0.115227581748635 -0.488602980166273 -0.25483507708922
0.057184094259335 0.0103019958290024 -0.184861085586962 -0.159832084953217
0.0670097644921219 0.0431465906513485 0.055137444093986 0.17547726847533
0.0420192005294486 -0.0939980456547404 0.396184389275812 0.394222996709618
-0.0787348060534578 -0.0845837742531601 0.526914965593802 0.357966775811714
-0.0822017846975218 0.00942902702318812 0.551760206653097 0.399898126794813
-0.020859684611769 0.0001154831934872 0.566881641195945 0.338048493558485
-0.0221108816227637 -0.0543699458731663 0.449899602877138 0.152968553267826
-0.0483178574926058 -0.0758151623774982 0.217287634985159 -0.00982472394384613
-0.0837436050309844 -0.0600397242089412 -0.0465583845343947 -0.0954610274787057
-0.0826829140864204 -0.0683817366876724 -0.236276966185816 -0.136175264534922
-0.0346484382296273 -0.0385333106825423 -0.44661227497646 -0.122667571774305
-0.0160793935455707 0.0227038841879122 -0.569540852482405 -0.0884702190408284
-0.0711503284069958 0.0634170945039094 -0.664870261200416 -0.0691012995799187
-0.119408696552972 -0.0193874645836866 -0.661795754065824 -0.14027782497306
-0.017622494492172 -0.0840821987606162 -0.503854037501467 -0.193135063647761
0.0416019496228855 0.00563499003413246 -0.195868819210437 -0.146798433304935
0.049995085126293 0.0355411883992352 0.041106598915002 0.172466475411781
0.0381533555434149 -0.0582848608701087 0.364164895304002 0.43619705204402
-0.0402566515352971 -0.0518570474722806 0.471214814927848 0.423550800732213
-0.0482641920350239 -0.00189963407314824 0.482850326480854 0.49593052673455
-0.0137424014427503 -0.00608829728522594 0.527794392635078 0.421047151207992
-0.0178512718705177 -0.0395274735083204 0.43135440959471 0.180302348862082
-0.0308990928049858 -0.0457671390827195 0.200441932879696 -0.0219976910855585
-0.0576012468119672 -0.0249140505329825 -0.0742979059909421 -0.11712229207121
-0.058717501748342 -0.0344264217643286 -0.267167654904035 -0.139277408451926
-0.0256275271461999 -0.0172666016159942 -0.467143249596904 -0.0898211325003996
-0.0117655186861213 0.021438357888771 -0.570154005138067 -0.0168273413003569
-0.040982691934291 0.0457033688132346 -0.658339901159353 0.0332472326427261
-0.0679885815087057 0.00194007719480169 -0.668201473700451 -0.0516112587479298
-0.0147344507503004 -0.0437348937754039 -0.509847169877867 -0.14585324678007
0.0201248987879929 0.00554262275974579 -0.202853382487723 -0.13740528800803
0.0308487647810417 0.0168602394341972 0.0346429319887406 0.171004131779165
0.0171397757758408 -0.0239187103398781 0.342246120689224 0.457482818532267
-0.00971425879565599 -0.000705551326045375 0.4306448464677 0.460936668466302
-0.00441308115322624 0.000594143918636584 0.435471650509036 0.549062932296747
-0.00253131106132379 -0.00827049399463854 0.498322516383304 0.466947110194414
-0.0144674388559129 -0.0161700628726879 0.415372276131187 0.196620005683511
-0.0114830905936722 -0.00704106452999183 0.191661777796346 -0.0251985862459331
-0.0238802994565791 0.0167182901163199 -0.0887842060362726 -0.124403291548467
-0.027023446789933 0.00131548732475444 -0.283505877398748 -0.13655277847897
-0.00997505746097653 0.00224048138216728 -0.477909042122859 -0.0660756133426536
-0.00675902575489883 0.0175775820691401 -0.568238096199611 0.0222930321286888
-0.0157057349294094 0.018378447914615 -0.647553022636739 0.0889400318094117
-0.00830520573509987 0.00957812159898707 -0.664973884248105 -0.000328433830511371
-0.00230234380685124 -0.00288601587826052 -0.512667378612181 -0.115271139307223
-0.00385994198052062 0.00951688612196391 -0.204800606384342 -0.13403640798028
0.0101008111506973 -0.00642232939591416 0.0347960883053959 0.174739987208979
-0.00850575694664565 0.00897345597984973 0.330976257767616 0.460045873863529
0.0185589457252332 0.0545953387468289 0.416322917697799 0.47075501204281
0.0401805220620714 0.006913132472222 0.429438421379441 0.560521382461404
0.00637483288949024 -0.00630235935014159 0.492792407237002 0.470350683623275
-0.0116797377008965 0.0111004812461687 0.40923004042422 0.199822334902365
0.00916415135813397 0.033086208853086 0.189445606487942 -0.0179445258941402
0.0119890137595129 0.0564698402061993 -0.0892634034221845 -0.118657924357516
0.0086479372128844 0.0349864740764004 -0.285779431299924 -0.126306265818699
0.00653226375256907 0.0199290505368462 -0.481354623432822 -0.0570314477346718
-0.00174827519172625 0.00996645750516163 -0.570041448700194 0.0264617798071662
0.0075238403226085 -0.0126664647678244 -0.650855325208047 0.0949568576762076
0.0496715608422721 0.0118776404853931 -0.664635414256908 0.0065105781237639
0.0124908740876182 0.0358230703380546 -0.517253966997321 -0.113072565454741
-0.0296065249825739 0.0121624614136896 -0.202292782181075 -0.136482261785655
-0.0115386048369458 -0.0244028121563357 0.0423944469737288 0.179769539609284
-0.0279163579990117 0.042470044488673 0.337175486010799 0.440103847750636
0.0523139498093195 0.0958835884363673 0.432799283925458 0.454633722495206
0.0762767748718778 0.00303882299035463 0.466916157328911 0.528506635169699
0.0118756613390346 -0.00310325553720111 0.511448604882946 0.433864931089776
-0.00577636584828566 0.036052031333827 0.411067599490645 0.192070026633624
0.0320557853433761 0.0688892534859821 0.195905204287789 -0.0011443953201456
0.0465287591690634 0.0920709782120566 -0.0757327968135357 -0.0997833453196845
0.0395860707636559 0.0638317776144639 -0.270410998867257 -0.114136855108268
0.0202272171841016 0.0356416553353031 -0.47567630474711 -0.0637297245754154
0.00111016574329846 0.00275240520394975 -0.578772795679053 -0.00531483538358635
0.0316919026496422 -0.0392120566589929 -0.663106956891377 0.0519322734638545
0.101507390990666 0.0203042478951092 -0.66581629328184 -0.027442285114771
0.0189275190957691 0.0705707130680015 -0.520067251049435 -0.135549557629543
-0.0537744360538077 0.00826680385255125 -0.195475907170552 -0.142208260681376
-0.0286623030978724 -0.0298214578487784 0.0587504679794778 0.185461198653118
-0.0298450116203689 0.0708624870095618 0.354218706129062 0.408441553777112
0.0893021351889112 0.10854067071939 0.47834892283679 0.40765962591887
0.0947285612589091 -0.0116905985109421 0.533415490262961 0.445526562211341
0.0118319272301399 -0.00199374764235692 0.540886259888192 0.361694967876846
0.00465940653772413 0.0548392992767314 0.422488179725935 0.175280070803989
0.0525667267827814 0.0919862666258718 0.211299740259291 0.0206452831503544
0.0732792236582354 0.114156667544504 -0.0515389055674166 -0.0696153635959495
0.0613554243411073 0.0840880046873964 -0.244035921743113 -0.0961032978496681
0.0279237407645119 0.0474939930901728 -0.462571790338708 -0.0837193819531488
0.00527803400377935 -0.00177164161530861 -0.584532218326442 -0.0715731930976599
0.057180569418169 -0.0536087128184582 -0.675227162815163 -0.0443514720814663
0.137905963107788 0.0424510854100524 -0.661837210782322 -0.100834751060366
0.0103031046359498 0.0973782765636817 -0.519654856532973 -0.179131835001531
-0.0748780010697168 -0.00213376122099207 -0.18440532210958 -0.150933888760801
0.0802783460535014 0.0239401450479652 0.0956917732667809 0.177949653308908
0.00339787461729116 -0.132974151894488 0.447425734466003 0.292776236363053
-0.135742459085473 -0.0726641197781307 0.622353611583025 0.181815907208015
-0.0919354710830587 0.0501596272952716 0.651377415056731 0.133287205032417
-0.0188370076208154 0.0115949137897177 0.606409499157547 0.125553168726729
-0.0314362367142606 -0.0610626458505444 0.480255982421057 0.0852398867952424
-0.0657097728271629 -0.0966057362756065 0.268558753495294 0.028966835704729
-0.098879736897456 -0.0957322308838956 0.026003669745015 -0.0264141866602988
-0.0849514589337492 -0.108070925505482 -0.158238838579691 -0.0974198041224223
-0.0234631960947255 -0.0654102504842668 -0.385507076077248 -0.188845448648447
-0.0236096488859298 0.0178466541997167 -0.531341166854364 -0.29116675774708
-0.127851810779632 0.0494824602249644 -0.610117407706238 -0.361877387622871
-0.155395553609604 -0.0957393096036246 -0.584886687570259 -0.368421503820226
0.0165596152653872 -0.127373313932798 -0.46773084028057 -0.320148138856103
0.0610614259576677 0.0215653818364968 -0.172727802900781 -0.173083512462122
0.0791500532135595 0.0377797264360398 0.0726784565430946 0.180607846923377
0.0291411188299225 -0.122486533534888 0.425252110679063 0.347657026087508
-0.115950452521906 -0.0904299222471517 0.580743019171968 0.279115175171989
-0.0983122478872205 0.0300163416414612 0.613397855243208 0.277288384973498
-0.0224454545631974 0.00699638999743039 0.597621725110309 0.237995289885365
-0.0278997094342787 -0.0626000586352949 0.467667904038264 0.121374464927624
-0.0605437890091236 -0.0937264139000901 0.242835924455932 0.0099576491934894
-0.09889937422696 -0.0861784835187479 -0.0109941301121864 -0.0642330617029077
-0.0918071657640542 -0.0960371076834903 -0.197405945604922 -0.123625118891453
-0.0334476534725656 -0.0572781142867312 -0.418807562886466 -0.160382175804604
-0.019741103721656 0.0207968783059363 -0.559746921256758 -0.189717760749431
-0.10367427544714 0.0648341113871298 -0.655339773139687 -0.213661590976344
-0.153523625579214 -0.0564738274809845 -0.63695570467187 -0.257941141778144
-0.00520501179853734 -0.115841883957445 -0.48957129497052 -0.261122370700743
0.0577619564358363 0.0114292696928645 -0.185130473848676 -0.16282702309191
0.0671581937474585 0.0431304612469677 0.0537844532279253 0.177843680990645
0.0433326905639286 -0.0938556346027977 0.394948064405217 0.403727698962017
-0.0785993324802284 -0.0849661268727598 0.525550342655344 0.364686803535046
-0.0833792435222409 0.00853438240021309 0.551102863198586 0.407091265362163
-0.0204913406637602 -0.00095035366284566 0.566971812633589 0.345944120154763
-0.0222306439300022 -0.0555558348270247 0.451156288483541 0.156729275384412
-0.0477794006421834 -0.0758328414664022 0.218637742627563 -0.0078869745937877
-0.083604987701 -0.0602133200557647 -0.0469676034558519 -0.0965441571028657
-0.0826791097227733 -0.0696172867427512 -0.236281201868654 -0.138013066803435
-0.0349313497019398 -0.0392898892722822 -0.448080656684845 -0.128647695486683
-0.0154130844419548 0.0224299613240942 -0.572367335544465 -0.0941184606627651
-0.0716636448342206 0.0624000861148168 -0.66851057372635 -0.0759995775372704
-0.119768242224298 -0.0198672894776204 -0.664256127097646 -0.147175749894987
-0.0175414938413764 -0.0848802931141568 -0.502537899510075 -0.199831671376438
0.0418375750667568 0.00630471970122735 -0.195585646311142 -0.15033656408587
0.0499257228186998 0.0370368395643252 0.0389224157283033 0.174356862369575
0.0382276254867896 -0.0580686186341393 0.360840439572158 0.443541449187446
-0.0405738250881214 -0.0518584432080673 0.469846667792129 0.430078785407611
-0.0489086094712798 -0.00199715102611715 0.480986793132036 0.504272842142276
-0.0131352408404653 -0.0055238187050484 0.525818706720366 0.428940553365193
-0.0168898143562742 -0.039732597711333 0.432438778736403 0.184233384585575
-0.0305727211255502 -0.0458002182929364 0.201479534658747 -0.0211905311590159
-0.0568209338142624 -0.0246233081851034 -0.0735075503685931 -0.1183674083575
-0.0590508532106492 -0.0351722460315688 -0.267568797400884 -0.142980805435644
-0.0263826218734955 -0.0181203200027972 -0.469445366053522 -0.095150269429613
-0.0110369519806659 0.0215301937781146 -0.571937574784358 -0.0239953067681583
-0.0420438286620025 0.0453173380594613 -0.663015457254776 0.0270173896174451
-0.0686688801106506 0.000952079142764052 -0.670797817757342 -0.0586854500848994
-0.015076958587004 -0.0439598408587436 -0.511364379051594 -0.149070040672333
0.0201916599460924 0.00659713977073624 -0.202894530564751 -0.141009313243813
0.0313038969405834 0.0179384617117342 0.033024570939796 0.17264893640253
0.017428176066615 -0.023859583820921 0.34021089830828 0.464125686702661
-0.0098950031899268 -5.05364648025371E-05 0.428538035793929 0.467012564304968
-0.00447229176928383 0.000396181941250157 0.433227456756423 0.557384789196351
-0.00329185692854713 -0.00799089749519626 0.496083938141534 0.475560148849005
-0.013837971990796 -0.0159516595094587 0.416438623129233 0.200781120006091
-0.0110900461554921 -0.0070856386191683 0.191855801846507 -0.0237682820089451
-0.0232213410568721 0.0168731731866433 -0.0879162372179139 -0.12608265764264
-0.0274002427185067 0.00171550397987839 -0.28448578623541 -0.140086743488666
-0.00988784165107889 0.00239729816309106 -0.479966206519171 -0.0719837273824751
-0.00644714536427387 0.0170474374563735 -0.569140578003034 0.0170355614404401
-0.0160555917008276 0.0177971342496805 -0.654494804965051 0.0841855511113875
-0.00866948361109738 0.00861353279083374 -0.669568495858696 -0.00858424857970048
-0.00209728118049595 -0.00304193456555004 -0.515144474749589 -0.122488307649211
-0.0043956403377447 0.00985756872942017 -0.204762356556292 -0.136456712216466
0.0105106876713099 -0.00627461754096236 0.0326158993986973 0.175660595790613
-0.00901084310470091 0.00921453197658646 0.331091005842821 0.466711056647112
0.0183373049882962 0.056191315982315 0.414806359708201 0.47846016756171
0.0406353061522574 0.00681105523106211 0.427157013768154 0.569806668278754
0.0067381572689892 -0.00623923871069988 0.491312228682966 0.479250284564589
-0.0118752785119032 0.0110137286350841 0.409673357114867 0.204865573828561
0.00884273468162515 0.0340647825663704 0.190145715397334 -0.0162666327588486
0.0126049676260139 0.0573801291006855 -0.0889408041091576 -0.119547785457083
0.00719454527247068 0.0365962585460081 -0.286027495135722 -0.129549274767259
0.00736221553422201 0.0197425297647021 -0.483765977981063 -0.0627458602999828
-0.00212193993738909 0.00953023456587436 -0.573104061779802 0.0225638472482667
0.00767057629809632 -0.0130939836573361 -0.655378776512833 0.0896653622369563
0.0503196670029367 0.0130094488103286 -0.668992400627197 -0.0007201255217646
0.0119053273272011 0.0358494941987914 -0.518972809624235 -0.119627290201473
-0.0293701230200276 0.0119911992334256 -0.202341301082574 -0.138041473827089
-0.0106302881816852 -0.0237970742484993 0.0409541052022863 0.182206705542344
-0.0280156130029727 0.0430969113823815 0.336423098483278 0.447657617989318
0.0525476270696169 0.0974616953766287 0.43172607719814 0.460719738823972
0.0770412881039475 0.00381235306538542 0.46656692901985 0.5368133468796
0.0114024850726056 -0.00401111159493863 0.509793813320295 0.441229068539633
-0.00650227188907401 0.0367765815007366 0.41257724053423 0.197607934822085
0.0309851811381276 0.0687513119619744 0.19719267519659 8.82681291353393E-05
0.04671530598999 0.0924663055537868 -0.0759097904425682 -0.100179093939334
0.0395031255670456 0.0647907029980044 -0.270987824239924 -0.116371989867772
0.0204443012110967 0.0357914683538536 -0.477814137116656 -0.0682186434446621
0.00109726226427777 0.00256473556433241 -0.58067046151066 -0.00958569880323795
0.0309455230966723 -0.0392330452817462 -0.667462087880537 0.0452209659942929
0.102123727736582 0.0215696208049422 -0.67001254539598 -0.0345622093127973
0.0180132652311385 0.0715264885880105 -0.522960805721701 -0.142092444867524
-0.0538630989697895 0.00822270399914904 -0.195509673427943 -0.145872163562669
-0.0296133988513204 -0.0308479942347542 0.0579764141148498 0.186742637197704
-0.0304713868410503 0.0716983250353635 0.352334203685077 0.415187167838767
0.0885655865265556 0.110566667043168 0.478568222636357 0.415843486737593
0.095131609543284 -0.0111960516811359 0.532601591586346 0.45216799726823
0.0124961789412879 -0.00191336098205678 0.540309283873939 0.369333942716382
0.00369574543624881 0.0552448856770399 0.421216990285453 0.181142510229115
0.0519064599690228 0.0932195167947845 0.212155139755753 0.0231885216572754
0.0733071728035412 0.116202303901942 -0.0507949353812716 -0.0693370374718721
0.0606499093853896 0.0856676772294646 -0.244096549058949 -0.0999413406141903
0.0269551633345434 0.0489220885669581 -0.463172579863876 -0.0903379742800905
0.00459373462642245 -0.00197998945937478 -0.58697741923853 -0.0760588067644061
0.0583215179216048 -0.0536006881991248 -0.678496171711562 -0.0507836270639275
0.138579662139541 0.0431160543553181 -0.665481199871316 -0.107184152281148
0.00942832422722147 0.0986033144268279 -0.521190940691939 -0.184545560345163
-0.0746763239231569 -0.0025312410412762 -0.184555173273573 -0.153439613140296
0.0817659075822369 0.0244228523501128 0.0943267538077295 0.180920048654026
0.00458104065113724 -0.133542525085226 0.448745836782681 0.298737489056782
-0.137547512973273 -0.0733944742146628 0.625866089786934 0.188938196028118
-0.0927147590671902 0.0499739144527096 0.655342801540978 0.139099089663624
-0.0184518029486817 0.0125997418385741 0.610679080276897 0.130112471104413
-0.0316800947075966 -0.0623029705263164 0.48529739453879 0.0885637518803615
-0.0659391580930649 -0.0979436518714539 0.270691673859347 0.0315339711972561
-0.0992512360007875 -0.0959803400491566 0.0262347890055773 -0.0263110556299299
-0.086199408160907 -0.109352260450339 -0.158958641484118 -0.0993885959097614
-0.0232728297860081 -0.0664053843791868 -0.388034824152172 -0.193546341399911
-0.0234560010138097 0.0174255417881049 -0.534347669301249 -0.29719944003385
-0.129710103711758 0.0492586182562439 -0.614263391638433 -0.370052903462068
-0.15601173961683 -0.0975709993121062 -0.587709234872774 -0.376852577833359
0.0170411504626115 -0.128495842117051 -0.471129273202926 -0.32689919378567
0.0615715272601257 0.023325927835614 -0.172802261044614 -0.17621790825714
0.0796144024448498 0.0385323074347722 0.0727587884234929 0.182872165640105
0.0296340318247201 -0.122323560793692 0.427218125899852 0.355666580584181
-0.11595047446555 -0.0917412298544705 0.58354822804267 0.28461448934617
-0.0995893616303044 0.0302466187348448 0.617315068042858 0.283715727835538
-0.0219175803521083 0.00661717946847983 0.599704164483311 0.244059031612511
-0.0280935799707769 -0.0641320050505309 0.471737891269135 0.126349388524169
-0.0614073521186802 -0.0948292240313263 0.242776983957128 0.0111634449453677
-0.0989549987252453 -0.0870770012451084 -0.0102235629799272 -0.063900637539478
-0.0918172811066642 -0.0977775631461823 -0.197253006517834 -0.126417960358692
-0.032893163817899 -0.0587694250190831 -0.420076961247778 -0.165526333652695
-0.0199112912274655 0.0207421422442064 -0.562516174033788 -0.196180790369681
-0.104375585595284 0.0655865680870816 -0.660566821132403 -0.221435927686116
-0.154370264234803 -0.0582515131659191 -0.640928143912854 -0.265730419057129
-0.00482949666863576 -0.116948408531769 -0.491349561807041 -0.267383350213828
0.0576222068779699 0.0121781544800929 -0.185806909010093 -0.165026244066292
0.0682573362289272 0.0443817395344625 0.0514101983118775 0.180778675865256
0.0435311132242885 -0.0944244299324414 0.396247824504058 0.409621596316198
-0.0792672292502681 -0.0870305090111601 0.527230432208154 0.372032524468701
-0.0846667186523573 0.00839840440029987 0.553115895891262 0.413979625683266
-0.0206365774242402 -0.000548053775995055 0.568378814245756 0.351626640334737
-0.02210012235977 -0.0566393633332361 0.452059226259075 0.160913184209853
-0.0479261701636749 -0.0775959215251787 0.219777937620354 -0.00726033224943634
-0.0835129029750432 -0.0613583033654256 -0.0476712591239537 -0.0969384291379099
-0.0841180806716683 -0.0701495491796677 -0.238042458568995 -0.1425528751132
-0.0343135624920011 -0.0398164200173087 -0.449913196129421 -0.133194044352542
-0.015857457234132 0.0224401345454498 -0.575730216230085 -0.101763905612968
-0.0730521412354849 0.0633197658253115 -0.673495295007359 -0.08082522713279
-0.121687946409851 -0.0212046387872379 -0.669577623041501 -0.153227132845639
-0.0172035273980257 -0.0856865723383647 -0.507447060385412 -0.204199946387565
0.0430050994918143 0.00696658848358276 -0.196356212046024 -0.152791234608503
0.0502768269265573 0.0376426307246125 0.0386198640217352 0.176497804871678
0.0395853629876895 -0.0583650924597288 0.36211654809549 0.449856470728101
-0.0409218948742544 -0.0524474455175738 0.470661065479395 0.437746270879316
-0.0497781484609572 -0.00251920985367669 0.482158508061629 0.513162175099122
-0.0125483257135897 -0.00668287993160439 0.526890021338184 0.437426038141662
-0.0172238952381464 -0.04038991828364 0.434615775579334 0.188849273944871
-0.0304247068041604 -0.0470292177945191 0.203632283170445 -0.0200054825320641
-0.0566528849837992 -0.0242283231846329 -0.0736328678198205 -0.119131917525341
-0.0620320863931431 -0.0345609697011465 -0.269029494589916 -0.147826123746465
-0.0260015860240518 -0.0190228186358319 -0.472678388734799 -0.100038694954677
-0.0112586665851102 0.021782072027739 -0.577449063046332 -0.0280898388650374
-0.0420796969058201 0.0456455884060859 -0.668852809449065 0.0220744084179226
-0.0692284127777624 0.00111895014500498 -0.676949546647824 -0.0613292661233967
-0.0144613971103875 -0.0451237784472946 -0.513261975480317 -0.156857137281558
0.0197373408536921 0.00673180521783238 -0.202707802174271 -0.143489405424884
0.0307519336057279 0.0187512046845201 0.0321211613803766 0.174523645413365
0.0179660039373671 -0.0237315303154234 0.339349388706258 0.470976262646826
-0.00987022212338873 0.000237144527132621 0.428976529638785 0.473952963020763
-0.00454202496412558 0.000941495969683275 0.433898208525873 0.565689053205032
-0.0027857043755747 -0.00821641508952447 0.498707592381414 0.482411933779349
-0.0142654083129388 -0.0169287064468704 0.419187312355991 0.206608844976385
-0.0117145690892756 -0.00695045363389254 0.192655109670657 -0.0230100886696894
-0.0232698396226321 0.0179955728866796 -0.0882927039228042 -0.126982372343758
-0.0280014318663203 0.00193772990719912 -0.286353896730185 -0.143598932037554
-0.0101388462012696 0.00125204406756671 -0.483365978756375 -0.0762747558258464
-0.00681820504837047 0.0170135710733056 -0.575374314780374 0.0133397243346376
-0.0164984434627658 0.0179399889517768 -0.660940882999404 0.0801859296392226
-0.00886456508170618 0.00851760287561668 -0.675294017706935 -0.0130003068740098
-0.00179002474890441 -0.00320594464641747 -0.517904024970922 -0.126634243297119
-0.00415739961199102 0.010515751276035 -0.205838578081229 -0.139254402106213
0.00949800528709782 -0.00560749589488469 0.0310580075078084 0.178011764605217
-0.00992557128399856 0.00941450433721705 0.329099334013203 0.473173717335545
0.0183502314270956 0.0560555387604402 0.41375851802954 0.484899777417601
0.0404208097169534 0.00737365919920551 0.426804203471484 0.578086935128637
0.00677083565478223 -0.0060730041897175 0.491743233792976 0.489001150660634
-0.0125063499041569 0.010403101614019 0.413711230801953 0.209974791145516
0.00853477366548526 0.0347474409619363 0.191406442153777 -0.0156388083647799
0.0125177793625837 0.0592955204447922 -0.088909146413097 -0.121179870799999
0.0078045947346093 0.0368870096750883 -0.287581223289674 -0.134367020107007
0.00678203833117606 0.0200127361868978 -0.485145621962831 -0.0671158161579422
-0.00269762810390973 0.00984153146038406 -0.578639274834582 0.0176093320617661
0.00741277355440079 -0.0122099026725979 -0.660828630290816 0.0865706263421408
0.0506019907588681 0.0132187408313006 -0.674570711995406 -0.00463024097944203
0.0113596923700219 0.0369080491366606 -0.522744696725143 -0.124219471271925
-0.0293455428197115 0.0131499500723603 -0.202793278148762 -0.141691651407739
-0.0105825889260244 -0.0241579590525686 0.0394459227263267 0.18415401080915
-0.0287908476784977 0.0431828881103192 0.335380334322504 0.453553302937608
0.0524869396980023 0.0989352623141543 0.431366987261818 0.468193029594593
0.0771766833994555 0.00464122230174944 0.466953273624483 0.542902069505952
0.0111573471852397 -0.00449533655377726 0.511645096931844 0.45011613717289
-0.00692246714244352 0.0368847191721034 0.413891021459517 0.202759363940979
0.0309967726770876 0.0704220539907242 0.198274582492148 0.00148645918557377
0.0462685561792928 0.0937941835448961 -0.0752170349843322 -0.100633709731893
0.0390570420600362 0.0659162236600997 -0.272714528936729 -0.120036073123799
0.0192889429084846 0.0361420941058493 -0.480228493960004 -0.0738918205237558
0.000906637779085305 0.00375336757033785 -0.585271705151896 -0.0135053836979974
0.0318034037013735 -0.0389313978324887 -0.672788868646091 0.0422033407444513
0.103266038719774 0.0221489496880487 -0.676232669880886 -0.0392194924337063
0.0173535797611451 0.0728120992023484 -0.524652857985462 -0.148544658141551
-0.0549195394999662 0.00845638359508969 -0.194645079132292 -0.147460840639592
-0.0298653342057174 -0.0311150067049462 0.0563303218337624 0.189490799618765
-0.0311806539502251 0.0721104601715949 0.351155840550172 0.422505145872746
0.0891479632655203 0.113199164760398 0.477825488307736 0.422328490968729
0.0959398653664286 -0.0106491855585351 0.535342147232635 0.459993306564151
0.0117704247411899 -0.0019235780637458 0.542882194802869 0.376914081938091
0.00291987454315355 0.0552131859482356 0.424132432324172 0.186118299823832
0.052409018157553 0.0941189842807309 0.212928990497059 0.0239576566195123
0.0741968434923907 0.117878405506629 -0.0510378777813266 -0.0694028759268286
0.0602715336101875 0.0869693020962538 -0.244901050728805 -0.102210083526539
0.0264358700061342 0.049961295233255 -0.46687354788149 -0.0943747782367086
0.00427953990793656 -0.00155105515130736 -0.59228707117711 -0.0805374452096516
0.0579232229609979 -0.0530749264857912 -0.683438516053926 -0.0543101841908633
0.139856192205424 0.0444350580655902 -0.67062097619962 -0.113183178381724
0.00850480754884561 0.0999462757203218 -0.524653064573062 -0.191354124194535
-0.0752065982171203 -0.00334013653600479 -0.184509674356165 -0.156605376170114
0.0830618772320425 0.025201929216059 0.0943816555507603 0.184328038043471
0.00490047358565195 -0.135105720201817 0.450946906161473 0.305274732675566
-0.139315307939907 -0.0745503283026854 0.631397718058828 0.193756885780163
-0.094581976535693 0.0500458112471747 0.660484411505811 0.145530219256549
-0.018550046374459 0.0122818210824348 0.616378316373404 0.135564398406382
-0.0317944391478216 -0.0637290303632243 0.489148490879343 0.0934909191311279
-0.0664775784326884 -0.100102289324691 0.273126701542332 0.032661102909794
-0.0988631295241862 -0.097806780683518 0.0268847511186676 -0.0252559348157294
-0.0867710679821196 -0.110571154562661 -0.160328279014541 -0.101735197313374
-0.02331768201101 -0.067714551284646 -0.389507848399569 -0.197456276197389
-0.0230488864741741 0.0170582776565736 -0.537364127342929 -0.304069992381545
-0.131076188693592 0.0495741031853087 -0.618193499175036 -0.376930973221599
-0.157890647322996 -0.0995792730987656 -0.592762540209603 -0.383016248539626
0.0181105616393986 -0.129925032648633 -0.472281720294575 -0.334014408710433
0.0621270890823001 0.0232321331561677 -0.173453137327871 -0.178379145526289
0.080922745025745 0.0396272169619218 0.0716686260397989 0.186304285429823
0.0304491537364004 -0.124511995991619 0.4308423880999 0.361874692791342
-0.117736795409054 -0.0927804060096305 0.588129057114003 0.29237887825608
-0.10136918586576 0.0291550961222088 0.620861233443478 0.290966993572023
-0.0216762456310185 0.00693200724378109 0.605746618616094 0.249520254928677
-0.0276392220607357 -0.0654120437998736 0.474555911924473 0.12973710002772
-0.0620156954606643 -0.0968569416802312 0.245649330798042 0.0134322817992493
-0.0993704662594718 -0.0879310236794394 -0.0103400410664594 -0.0640159301829119
-0.0940248830618158 -0.0977960611546733 -0.199213067977332 -0.12951472615466
-0.0332346338772049 -0.0599466133838941 -0.424088083627405 -0.170672159708983
-0.0200413380093722 0.0204971666775017 -0.567905218148723 -0.201214655623751
-0.106135119162674 0.0654388241006125 -0.664093778471635 -0.225925874504158
-0.15570029224507 -0.0590944928654332 -0.648929045025551 -0.272069500861764
-0.00469427564113362 -0.118961407474841 -0.49554331203995 -0.274446325140001
0.0585081787273734 0.0127866993777906 -0.18692926052421 -0.168465043431156
0.0680952805884516 0.0462224966668601 0.0516197309819089 0.183458088777726
0.0451894944680152 -0.0952070482359852 0.397305141158113 0.415999281042543
-0.0797854214885771 -0.0870516848246899 0.530770886838433 0.379101574851592
-0.0855051840898489 0.00751424053169404 0.556175488841184 0.422572047119488
-0.0200909871034997 -0.000927536313588962 0.572242294921881 0.359188670921185
-0.0222903002539213 -0.05818973944397 0.457121998462801 0.164705291856931
-0.0485650215445266 -0.0783478677913973 0.222747488320927 -0.00605091552575607
-0.0836983208818277 -0.0614747106572937 -0.0468209161629768 -0.0978671902671163
-0.0847517449675831 -0.0714534606290617 -0.240089746831637 -0.14565169196888
-0.0347899806925485 -0.0417679385261237 -0.454351826717793 -0.13808031250638
-0.0157720499708839 0.0221409083960721 -0.580098146134286 -0.1054330582641
-0.074030516122728 0.0643536348902541 -0.680862980084271 -0.0847707521865642
-0.122735225675413 -0.0214941900624731 -0.677519698171419 -0.157425796260202
-0.017106349363679 -0.0865688610088184 -0.510773086313369 -0.209968669332443
0.0430277605954231 0.00713530820857545 -0.197254868376443 -0.155244494356182
0.0505161536307948 0.03903245264 0.0371387038621475 0.178426203372439
0.0397534787783901 -0.0585266651430235 0.364047445770361 0.456715526234134
-0.0411507970478266 -0.0526499174023091 0.472578682914914 0.445851226504675
-0.0498452097449554 -0.00243392535298351 0.486006688943779 0.519288885398475
-0.0126921203816081 -0.00691994171989068 0.530207624001718 0.444875295256387
-0.0171990388062017 -0.0411560105890665 0.437719795525915 0.19461615487261
-0.0313474640400042 -0.0471751320419884 0.205152129819948 -0.0183093638397984
-0.0567793297481202 -0.0253416589987612 -0.0734792329749021 -0.119927853585381
-0.0616606097986281 -0.0354077288896804 -0.272330706701939 -0.151489994576581
-0.026232975158337 -0.0197964551507015 -0.476698649804912 -0.104774599792246
-0.0121894752776067 0.0211510615526474 -0.582183378480465 -0.029923077829471
-0.043363926320013 0.0467143014907956 -0.674958771693193 0.020205733013698
-0.0699898732237266 0.000352103841282722 -0.685382639415006 -0.068051243005128
-0.0151652428541621 -0.0455283481961337 -0.51975556228809 -0.16055486619113
0.0202872764527434 0.00773521815390185 -0.204524721127834 -0.145813034840477
0.0317530390539079 0.0186164342690676 0.030140531709311 0.177650509432756
0.0185135093694919 -0.0240590966048833 0.340807216017275 0.477737063830117
-0.00910023948008497 0.000765962096262091 0.429469326163135 0.481967320984697
-0.0045326984231199 0.00104671815037744 0.43508626862832 0.576188087241289
-0.00213635544703801 -0.00795946851786346 0.500403587920764 0.492619981640862
-0.0147014491742164 -0.0170442616211415 0.422634798495774 0.211456049844816
-0.0117340858628073 -0.00771590434816117 0.19555937542351 -0.0229403791495907
-0.0230138668072498 0.017542151456293 -0.0888902207679644 -0.128264880759665
-0.0292878695567905 0.00212083041673958 -0.288437867728697 -0.146584734239278
-0.0108865487014506 0.00186851907325913 -0.487779367546531 -0.0795914247577188
-0.00640689473226413 0.0165934525393751 -0.582182524588815 0.010579948429088
-0.0164710143824581 0.0187728439254663 -0.66737922367815 0.0771933999622216
-0.00863867568706251 0.00870944939597252 -0.683214930726716 -0.015634414870083
-0.00277701649462047 -0.00293334469664936 -0.523389442824403 -0.132528472616493
-0.0041169776292206 0.0103647175366983 -0.206311971914293 -0.141679455755929
0.0119214276861874 -0.00594204700778817 0.030020958943348 0.181372490135461
-0.00968910044479492 0.00971288567868218 0.330748807302388 0.480191365545268
0.018582629196229 0.0579323383273986 0.414873236869473 0.491690906297357
0.0413822756059198 0.00723296160685477 0.427187110084408 0.587932711932389
0.00682275737393594 -0.00702010911414884 0.495489061551906 0.4960663712519
-0.0125244710873319 0.0106671082988566 0.414609422387914 0.214520781829617
0.00855161938416459 0.0346584213965307 0.193037494969325 -0.0151975031994721
0.0133632243595494 0.0597686267024452 -0.0889194235816273 -0.121992243195391
0.00741977837976007 0.0378508111096291 -0.290089829401713 -0.137716837134116
0.00560350250734907 0.0204423754125137 -0.49064857363439 -0.0708561799724107
-0.00246817287189829 0.0102348447657358 -0.584393032403784 0.0147248466066431
0.00701404891615947 -0.0123580367756445 -0.668745454411753 0.0835740550308495
0.0516992967952978 0.0137361022839613 -0.683480557057386 -0.00778587595835157
0.0117104498994543 0.0365592491885505 -0.527604526479216 -0.131168600485976
-0.0301438005978086 0.011610071093139 -0.204880839079672 -0.144386906258834
-0.0102576807764404 -0.0245829479818352 0.0387592165027253 0.187305213427706
-0.0295599115019184 0.0437218443015262 0.335953160432032 0.461063402424198
0.053116601171972 0.100872187136489 0.432685820342041 0.476251323132717
0.0785586839290841 0.00493795390648653 0.468036627803775 0.554505262944182
0.0110432799378436 -0.0041041028601163 0.515657987469305 0.457917583536627
-0.00783225835100904 0.036855573303801 0.417568307840885 0.206019462822615
0.0311836833024388 0.0718106026627224 0.199508739467438 0.00192616033802972
0.0478707874383242 0.0958850211562099 -0.0757951493940992 -0.102188810381167
0.0390559502091983 0.0678785191216663 -0.274259030607879 -0.123207031284888
0.0195390672128964 0.0368465197530196 -0.484710996868553 -0.0762951834090414
0.000825916318480689 0.00313859961330618 -0.591412843862877 -0.017056079589357
0.0322902557887024 -0.038629900919551 -0.680393720163969 0.0371194826699322
0.10413344194398 0.0232998099238415 -0.683235891919346 -0.0429259170890473
0.0169308902927036 0.0734649423499922 -0.531237180780944 -0.15453450527833
-0.0545732089794489 0.00889138719176602 -0.197621834173855 -0.15121223320043
-0.030794908347105 -0.0319084220194066 0.0548383078187394 0.192578649940214
-0.0324267621844251 0.0739789583181259 0.352338496383694 0.429391143494056
0.0895422136006795 0.115141184711933 0.479436473805332 0.430961206327547
0.0966094661452098 -0.0104860014079374 0.539151775365771 0.468157223292363
0.0123292279127432 -0.0022703566072971 0.546578453941743 0.384588430534667
0.00313694891099372 0.0570445456266065 0.427207585347373 0.189324892596266
0.0526535162943387 0.0961986806882141 0.215427508499284 0.0254438254858892
0.0742868693810941 0.119508404259167 -0.0509998583110035 -0.069842007564725
0.0598534108543964 0.0889381199490478 -0.247561390006242 -0.105757981258471
0.025504959391864 0.0499268775827865 -0.470601689561834 -0.0976643548896814
0.00429412981152565 -0.00205678371768123 -0.598178159445586 -0.0857825850084641
0.0589605985574559 -0.0533098929372083 -0.692008799127086 -0.0588232878758387
0.142070586272215 0.0463901838119782 -0.677182305321655 -0.118304928734473
0.00737300713516602 0.101074504431485 -0.529152163153454 -0.195580108926034
-0.0753782405281269 -0.00279334649878948 -0.185534080020695 -0.159031950606644
0.0843133795023488 0.0259691778806802 0.09514115455698 0.187341558129209
0.00544613101794098 -0.136569745399773 0.456514541176983 0.311317126846094
-0.141487543432049 -0.0755213215209726 0.638605721709834 0.19861015249534
-0.0962345937891815 0.0504234613318992 0.669125520736168 0.149303700164051
-0.0179481162713486 0.0121393682123109 0.623127029500101 0.140290807441149
-0.0319318897983733 -0.0654655107683188 0.495177394431935 0.0959188924408863
-0.0674099357120213 -0.100927650524875 0.276141240780697 0.0337074316493252
-0.100185297206294 -0.0984264113800617 0.0272210508448312 -0.0255005886837523
-0.0883402072834233 -0.112269955332353 -0.161901227220397 -0.104053594670473
-0.0232267395575298 -0.0693482623768225 -0.393104732191122 -0.202970850661661
-0.0236800979967651 0.017001335013185 -0.544392443122889 -0.309356045645996
-0.132524243693719 0.0505388684988193 -0.62476945169214 -0.384575381287204
-0.159084484690944 -0.100914286518305 -0.600128768381162 -0.392430362030752
0.0183414097231311 -0.132146219327801 -0.477636622622402 -0.340439450485135
0.0630815012548083 0.0248811604112565 -0.175331449943885 -0.181213680161735
0.0821596428863329 0.0406944619064062 0.0715030127190579 0.188699215239344
0.0319935298241469 -0.125443688154984 0.433178895759546 0.369213529561879
-0.118993561035773 -0.0944862981397388 0.593881595253508 0.298475146256832
-0.103612809799448 0.0299483448748383 0.630593144305275 0.296683136997438
-0.021799304001405 0.00707630543788335 0.612018904257438 0.258082837118159
-0.0277648727778949 -0.0666078167281241 0.480658927789434 0.133176157019309
-0.0631449260415486 -0.0983192136363609 0.248405636203795 0.0127659740415492
-0.0997854664841962 -0.0890228249906467 -0.0104220518127758 -0.0652024997577597
-0.0956347866981928 -0.0999807701394868 -0.201191189871355 -0.131240737880926
-0.0333310181953839 -0.0610824044403162 -0.428618311924724 -0.175657664040508
-0.0201428015644912 0.0201324510505703 -0.573192788457844 -0.206404094909664
-0.107299269758906 0.0666332346150175 -0.672449309562333 -0.233884252108327
-0.157715603401379 -0.0598791515071423 -0.657338574188376 -0.279757184995108
-0.00414379666139398 -0.120461674320495 -0.501008884800849 -0.28089131705881
0.059483909000624 0.0142531018873823 -0.188497341876103 -0.17058933009485
0.0698677141734172 0.0467397116791531 0.0520815768872786 0.186685022316646
0.046027062628449 -0.0955102704841054 0.400061067298336 0.424342087450025
-0.0810792130488416 -0.0880815138171173 0.536065834747789 0.387653867978917
-0.0870540630969527 0.00774781228336262 0.562723179004522 0.430629026410146
-0.0203223301324445 -0.00123174907624128 0.579866810590632 0.366728475245917
-0.0224915982569729 -0.0586720417527085 0.463165264502687 0.170192444485361
-0.0500259432039521 -0.0788861652657237 0.224467462090526 -0.00611368027828149
-0.0843886285828525 -0.0626674226275884 -0.0467129912790396 -0.0981616639634204
-0.0872273087751643 -0.072101164827645 -0.243051715216941 -0.148380636729732
-0.0355475902473663 -0.0422294453245733 -0.460576120003134 -0.140106831625879
-0.0158391745020632 0.0217283712519807 -0.587711351575132 -0.108978612161298
-0.0740005229371395 0.0656820724507869 -0.68867596809179 -0.0892664261451136
-0.124634623707745 -0.0220721116695176 -0.685477777086575 -0.162286100148264
-0.0171283832311567 -0.0876395010657585 -0.516883176259624 -0.214767125552086
0.0428287959528522 0.00774910748326153 -0.200056522500486 -0.158683088251839
0.0516641407482919 0.0391621372631977 0.0363959632365548 0.181927841761125
0.0405209198022715 -0.0591081517376806 0.368111558381198 0.464986366636123
-0.0409418286660223 -0.0532069544519677 0.476471490716936 0.453390356051384
-0.0511303232485245 -0.00269895023676838 0.490635333867076 0.531009102881157
-0.0125713848753559 -0.00697802678130262 0.534712365362541 0.45456554406454
-0.0175810562937031 -0.042576610606255 0.442857928769518 0.198250193313934
-0.031244475501276 -0.048132084302652 0.207504282295093 -0.0183308710875384
-0.0577952980587152 -0.0249770472905867 -0.0743847112451346 -0.121570910295311
-0.063395637261318 -0.0355790400724454 -0.27490218286502 -0.153249410664858
-0.0268792290909212 -0.0198649336473691 -0.482961587623082 -0.106033432896238
-0.0113914244429272 0.0214218574048641 -0.590130606700025 -0.035220240521379
-0.0430961003338391 0.047402371641718 -0.683865821524776 0.0171253515123312
-0.0707078121252707 0.00146701054977448 -0.694163858662545 -0.0717675320919269
-0.0152424298840144 -0.0462599634014815 -0.525614644654055 -0.167374436182816
0.0214359562011394 0.00814254630623009 -0.206792574052493 -0.148385983672971
0.0325941710670053 0.0187423071144507 0.0301091753389641 0.180156915913939
0.0185385720579486 -0.0238024260597785 0.342495784272904 0.485849503398673
-0.00971733119065813 0.00132419557275558 0.431318252799272 0.490568214022298
-0.00469438381852718 0.000673335397489212 0.437654566968857 0.583534706912865
-0.00186933779956962 -0.00887703369801064 0.503717096011765 0.500650879768917
-0.0151776605091848 -0.0177059710098481 0.426699385214821 0.215927064254985
-0.0120421628746551 -0.00680627102092638 0.197242686441364 -0.0221881078003882
-0.0226691711886298 0.0177094022747784 -0.0898291763123001 -0.13049231194637
-0.0297369038045445 0.00206864245543304 -0.292538392158106 -0.150176567139647
-0.0112852225532313 0.00199198376413584 -0.493449491257056 -0.0824173708087823
-0.00716637560559589 0.0166976378076104 -0.588759116367079 0.00720981381349522
-0.0162647471650999 0.0193726450592782 -0.676203624144554 0.076248574463285
-0.00922384600220674 0.0104233397979068 -0.693602590378517 -0.0197164766091521
-0.00264907264360902 -0.00348008249842287 -0.528272880718973 -0.138122029829434
-0.00390130842590943 0.0102496737422286 -0.209095381306012 -0.144202077360068
0.0112701956949603 -0.00620664759281775 0.029049683228008 0.183697565631133
-0.0094081858513969 0.00998227408313341 0.332708589605757 0.488119562566032
0.0186904519434027 0.0592742369363402 0.417621559123252 0.501018152410411
0.0412248800023326 0.00810893867860592 0.432173587441536 0.597650142799842
0.00707740957751897 -0.00687025195145172 0.499464611433694 0.504604220857679
-0.0128308838933014 0.0107395066737697 0.420382402998287 0.219910836409624
0.00862637214531889 0.0358648309235801 0.194253109026431 -0.0147560076946387
0.0142505698086959 0.061135783931328 -0.0898174846449096 -0.124453323947733
0.00702531271246355 0.0383477891200252 -0.294079253012271 -0.140114905339371
0.00554547318699431 0.0205111435192092 -0.496275314954801 -0.0735901622807598
-0.00295370310047347 0.0101567547485396 -0.590670133760195 0.0135518652250901
0.00748330215277781 -0.0120971888646422 -0.677732467432011 0.0827836868246393
0.0521570584344952 0.0135855056511388 -0.693929672220843 -0.0118984091260772
0.0122576333773814 0.0373749243828545 -0.532883263933714 -0.133424301098191
-0.0305519980822617 0.0124032453185399 -0.206633015466692 -0.146734560306832
-0.0109285433796332 -0.0253682815928722 0.0376490173796366 0.190793253437841
-0.0300122196200526 0.0449773153466547 0.338113452675583 0.468238130782075
0.0536582715490443 0.103395346496938 0.43718031035628 0.484553566588979
0.0785033971994375 0.00523464649196173 0.473887088830645 0.562474219067198
0.0117466925530362 -0.0044899245321339 0.518368628608652 0.466878479567868
-0.0080083977054803 0.037969340302016 0.422403097654391 0.209876699323703
0.0304475061886769 0.0735097338845741 0.202091721310915 0.00238443360233803
0.0491064446903331 0.0970055348136483 -0.0760938942062308 -0.103080187020235
0.0392914141375309 0.0692049077995699 -0.277954887227252 -0.125615829442044
0.0192883298788524 0.0375665196862792 -0.491393781212262 -0.0805065779067974
0.000388097432553927 0.00314414424167015 -0.599297655053635 -0.0213961764996182
0.0325680140436226 -0.0393704400832744 -0.689398908450421 0.0351346231227353
0.106171254293146 0.0239981291334074 -0.692081726669499 -0.045904589792706
0.0176308718800901 0.0748092735936507 -0.537003221240103 -0.157447189664615
-0.0557948648494141 0.00859342671434563 -0.199213747271899 -0.153595186951834
-0.0304105683173184 -0.0323808141869284 0.055906114844536 0.196065562857848
-0.033123736607349 0.0749323180544294 0.355187485511924 0.435749935181103
0.0906728361891832 0.116934284063972 0.484094254857681 0.440866022845292
0.0982758876905369 -0.0107829349793277 0.544717250514975 0.478754879890336
0.0121587987218109 -0.00166347434983488 0.55280735993692 0.390306114795147
0.00289392322488383 0.0570675635844384 0.432518189177115 0.193675530225218
0.0528470465256844 0.098294825400558 0.217550655015219 0.0265132589383718
0.0760967386585159 0.121519011338343 -0.0516564643235068 -0.0715901846934732
0.060848153008593 0.091054650521017 -0.249644964661441 -0.108264949752885
0.0264661057317207 0.0504221239743409 -0.47663277516743 -0.10047392711093
0.00455298737104913 -0.00198179911998327 -0.605605493109679 -0.08844928413985
0.0604471994059092 -0.0534279680060453 -0.701030688656934 -0.0628799229508372
0.14404180421508 0.0470147121896888 -0.687086182383219 -0.122331323878559
0.00801527977966163 0.102758252366739 -0.536537689221196 -0.203330691801043
-0.0768740560702607 -0.00347088274678519 -0.187323079163582 -0.162255368125874
0.0859113407407407 0.0258908138875921 0.0956624063614625 0.190493731891779
0.00498578831147149 -0.138038899155251 0.462854537106744 0.317008415544417
-0.143815496913407 -0.0759802266162129 0.647887326034091 0.202681084254796
-0.0977920744212618 0.0510350575536063 0.680195400819173 0.15216560287916
-0.0177816451917927 0.0120032843361936 0.632787012690041 0.141381378285129
-0.0325568055415699 -0.0667587454390758 0.502270952095141 0.0967504459848002
-0.0690281243455932 -0.102146411071335 0.27957295010524 0.0341765726261317
-0.101265674074931 -0.0997956415247059 0.028060892610422 -0.0249821541238758
-0.0898902051864209 -0.113237107731582 -0.163811918187332 -0.106419738154393
-0.023554388330037 -0.0704749029461124 -0.398128105023495 -0.205897311632185
-0.0238778838354032 0.0171119305300016 -0.550330952768257 -0.315941312216659
-0.135058871224391 0.0515657969218247 -0.634397399262629 -0.389345557681682
-0.162246768568194 -0.10276294320607 -0.609709632755459 -0.397298839385312
0.0185758622908658 -0.13451202280565 -0.484527971321584 -0.346402991627343
0.0641113880273936 0.0253200599604514 -0.177179320779942 -0.185237794947474
0.0841477807767278 0.0411180806258407 0.0730921238336582 0.192669352931082
0.0318602957080513 -0.128001306211243 0.438492291257602 0.375433925112164
-0.120635381503951 -0.0951296996177376 0.601803863983824 0.303480862758706
-0.105217077968618 0.0299270478948263 0.638657397558853 0.301185570766483
-0.0214678066555688 0.0068072325920513 0.621389436640962 0.261359363564402
-0.0278912477195771 -0.0679669605271313 0.488599628512506 0.134408655947533
-0.06384793805996 -0.0992018402701158 0.252097269090124 0.0138669228697979
-0.100683516188836 -0.0900524190714622 -0.0115813994662107 -0.0648170852518852
-0.0974957201402267 -0.100763225493431 -0.206229095341527 -0.134028489262535
-0.0345663080902094 -0.0623271565051845 -0.434128983082325 -0.179320808682365
-0.0199819266312039 0.0202304346792181 -0.580167406935984 -0.21042026529875
-0.108861114354136 0.0679121029613577 -0.682331002650182 -0.236560383274638
-0.160199837961702 -0.0609562479788784 -0.665338511119124 -0.283523274327223
-0.00496129526023552 -0.122545922864832 -0.5063096189378 -0.283490302115005
0.0604992880435291 0.0143106183731891 -0.190799573735023 -0.173056201518127
0.0705393585542698 0.0479438099654149 0.0518536223701159 0.189987962727886
0.0458585477977516 -0.0972554905115892 0.406744723893006 0.429946002881008
-0.0816977876487222 -0.0890274397332781 0.540755660486602 0.393584523155592
-0.0886297125549224 0.00789563699101909 0.570432581322019 0.438169154716346
-0.0202739933138031 -0.000961808456379459 0.587604342448065 0.372981752627403
-0.0226164215205079 -0.0602943519241434 0.469715579082081 0.171305196182955
-0.0504499134712747 -0.080500587019058 0.227037292686926 -0.00599648085052387
-0.0851919104032385 -0.0634787960607377 -0.0474015240676018 -0.0994875163731059
-0.0884356983785746 -0.0722994464355921 -0.246582623261356 -0.151843789033597
-0.0360066103043104 -0.0433971309800903 -0.466042759182443 -0.144670618440551
-0.0164037917118795 0.021873779331397 -0.595404435778709 -0.111559191683857
-0.0757239222109038 0.0668672473639655 -0.698662546675849 -0.0907598851649254
-0.126005466273175 -0.0222928655176039 -0.696735491080533 -0.164679233205495
-0.0172748804124479 -0.0898021858602605 -0.523254457896606 -0.218930157191762
0.0439226928584212 0.00877322370351078 -0.202598804694826 -0.161393270732109
0.0529875351286512 0.0395715751903433 0.0370027328717929 0.18520889095961
0.0412218381834126 -0.0599601737969422 0.37243946475749 0.472795040340402
-0.0426319872935402 -0.0536943717437041 0.482767458314664 0.461077736384141
-0.0520987449360231 -0.00292303290310926 0.495964917942827 0.539799829039458
-0.0123083603519485 -0.00705591935775298 0.543298998564102 0.462234175853012
-0.0178495863016642 -0.0432293706110111 0.448968970518655 0.201398198332635
-0.0324710951575681 -0.0486047379447717 0.21068819830838 -0.0189408217275202
-0.0578490945897574 -0.0250201522476453 -0.0753933973023381 -0.122705657586994
-0.0638130525682778 -0.0363471568915891 -0.27951906145727 -0.156483703117362
-0.0270485826904785 -0.0206723645525286 -0.489680350777704 -0.109785010088117
-0.0114682651448313 0.0211242083276836 -0.598461844396931 -0.0350928617573651
-0.0442699993326806 0.0485227740428692 -0.693537146411411 0.0171734275461819
-0.0718352095665514 0.000266396891789315 -0.705016577476672 -0.0720853452450352
-0.0156457337950017 -0.0464423014325396 -0.533131004447833 -0.171231878862554
0.0217437637296981 0.00827199187455149 -0.210310427585902 -0.150425111735108
0.032559938998811 0.0188366839037756 0.0293590583571229 0.183762216030812
0.0179805993498997 -0.0241416477871819 0.347592753043107 0.493586515523938
-0.0098757271087008 0.00164347400501055 0.43940852021747 0.498846437576043
-0.00494232029389797 0.000424948515070988 0.444244050110967 0.593877792110356
-0.00220949406909888 -0.00906679977372824 0.512159733943114 0.509918303373469
-0.0149736230247776 -0.01813237893215 0.432518987059701 0.218506468668768
-0.0127019168422626 -0.0066488066167347 0.200104339844591 -0.0228523009146692
-0.022298017751773 0.0196848254928651 -0.0902335861970378 -0.132068233648463
-0.0304579145214563 0.00305182736264916 -0.296366173042411 -0.151961345069604
-0.0118847133851781 0.00119049426273765 -0.500411931979714 -0.0848198917707147
-0.00670274379382894 0.016892682752385 -0.596489461491636 0.0077967350665339
-0.0169202430225477 0.019657686810478 -0.686121550771661 0.0762602961949519
-0.00924659978517709 0.0101755321601547 -0.703930735481405 -0.0192930369065752
-0.00258926419549377 -0.0028700046901964 -0.535773953491744 -0.138844072215842
-0.00391198444132248 0.0113731444937354 -0.21223061217949 -0.146716547202811
0.0110878817274908 -0.00603332754167711 0.0291129203994041 0.187032848512804
-0.0103277929674196 0.0103771228784702 0.335073728895791 0.49637011385255
0.0197359193717611 0.0605896087356875 0.422128945976915 0.510397046028224
0.0413141905466959 0.00815201959938001 0.440150749756955 0.606813505077008
0.00698649188307567 -0.00784068513705292 0.5047597095856 0.513399539597688
-0.0131225811633838 0.010107650024728 0.425747611118915 0.223085784902939
0.00872731657706305 0.0365970196261387 0.198152517930977 -0.0159750508942809
0.0153592253301548 0.0619932399433405 -0.0910657021853475 -0.125415271277853
0.00654952240135478 0.0394305778241887 -0.297159245805363 -0.142306401176068
0.0050898699433432 0.020758752506512 -0.503409866315666 -0.0750894215752573
-0.00276711413910183 0.0103701908703014 -0.5990162217455 0.0118461186304919
0.00784801480272701 -0.0118679457321965 -0.687388289136886 0.0818872232239378
0.0528015429434667 0.0143412477508114 -0.701749700721801 -0.0106552646470952
0.0121920377663992 0.0383284533344701 -0.542005200647931 -0.137403961320947
-0.0296226194106309 0.0131626708025572 -0.209872671082527 -0.148310107047325
-0.0106796103428478 -0.0259509873596559 0.0377383367876896 0.194069178367988
-0.0307496153152124 0.0461930358014103 0.342581080085614 0.47739452800327
0.0539908367142645 0.104868346647494 0.441565728857029 0.49423026381264
0.079284980779025 0.00502183248069346 0.480007696082172 0.572322678422124
0.0120109428827778 -0.00418689033368704 0.52767702950166 0.473257705839277
-0.00809382561874915 0.0384176169656935 0.428100234239113 0.213106497230931
0.0313618514167853 0.075235610187716 0.204203605129036 0.00218634857602749
0.0504225834146459 0.0986529684750201 -0.0779683902573204 -0.104249428562108
0.0397847083211319 0.0706947408828831 -0.281220178608849 -0.128589771191201
0.0191613472270853 0.0381460749965176 -0.496295454212739 -0.0812359352312003
0.000373798189278528 0.003032500001387 -0.606541040324538 -0.0206586739998495
0.0330794385435317 -0.0395011224206205 -0.699904120325607 0.0352120029564651
0.108389913412476 0.0241603665103569 -0.702179413639756 -0.0468673081824744
0.0170259152165096 0.0759291894674721 -0.545088989695864 -0.160668910780709
-0.0562714571093887 0.00932028200751211 -0.20214537618585 -0.156763118499469
-0.0306660294877257 -0.0334932919199189 0.0554369634819925 0.199218688251213
-0.0331429890084041 0.0766350677186116 0.359662262956594 0.444259780446633
0.0924369753065823 0.11960509368501 0.489937746814682 0.449133285962515
0.0991356296644231 -0.0110145210376449 0.551919251615811 0.486957151612816
0.0121722195991542 -0.00233872395425718 0.560553314278494 0.398395666351037
0.00290912916819155 0.0583141828090869 0.438600513643044 0.197448100029332
0.0542538099299497 0.0994939363236475 0.21942454099423 0.0268298204364091
0.078070908777077 0.123017542766944 -0.0523827301605942 -0.0714443178693913
0.0615568433082645 0.09324492282957 -0.253247154194204 -0.109477780433888
0.0256226418335918 0.0520424633632849 -0.4818502664943 -0.103419686702649
0.00405589241341055 -0.00192606458931081 -0.613572365706326 -0.0913243370610374
0.061219010814839 -0.0536648936656646 -0.710960352653935 -0.0650507665209354
0.146262443442962 0.0471148220557414 -0.695502550141803 -0.124303021953644
0.007884543587108 0.10389412789512 -0.541788188588913 -0.206321083543238
-0.0776346588227493 -0.00311120945568302 -0.189875876939979 -0.16527441985043
0.0879064301389153 0.0261402427028204 0.0981596925534078 0.193842985640023
0.00523741383508727 -0.139971478275516 0.470794853416667 0.321321732943885
-0.145925703708829 -0.0768125039500542 0.656977063743145 0.204617150740459
-0.0994119559009125 0.0526984784981481 0.688855624666311 0.151300633002324
-0.0182151133657939 0.0121003877806141 0.641367987867269 0.144289500080488
-0.0339731385529401 -0.0686168209112201 0.510076317556275 0.097592697007816
-0.070784502803814 -0.104164201081287 0.283422459811772 0.0327202180119008
-0.102886609833075 -0.100092537988657 0.0281648387305314 -0.0250482718464734
-0.0926555709811902 -0.114421939638433 -0.167428117223842 -0.107492092910492
-0.0234796919930967 -0.0724717308708737 -0.404777758247151 -0.208026733859036
-0.0232531942672908 0.0171465973743205 -0.559715775373031 -0.318158732349625
-0.136454180984048 0.0539809643105087 -0.646108925814408 -0.395467799314867
-0.165038467308727 -0.103506836668723 -0.619837247408725 -0.403651088273562
0.0177247803990776 -0.136539981898716 -0.491295067215716 -0.350197700887067
0.0654506679164414 0.0261993341701642 -0.18027373332565 -0.186951409275021
0.0851360834261027 0.0419034651406526 0.0739221136914504 0.195385670846089
0.0319541563530284 -0.129169544562546 0.446231980754095 0.379656331490781
-0.123631587780001 -0.0957248000536607 0.610276223880578 0.306279968181993
-0.106481949421686 0.0311921961674125 0.649314148131271 0.306580629956643
-0.0221735970709817 0.00631324783065814 0.628260343950828 0.263752189520516
-0.0292033070348236 -0.0698103552345678 0.496214913437754 0.136212668005913
-0.0658099831505479 -0.10085470525069 0.254889993343336 0.0130525371809537
-0.102098918496255 -0.0908177150095254 -0.0107178143137812 -0.066491149325779
-0.0995897386234222 -0.101404596277072 -0.208704186548464 -0.136289790728098
-0.0352580922414544 -0.0636200685422905 -0.440208301777803 -0.181321517127495
-0.0193880058503998 0.0200526004331232 -0.590728597576888 -0.212688820114864
-0.110438847889631 0.0702031263901712 -0.693528797471804 -0.238360591035647
-0.163126222659587 -0.0614099920707132 -0.677981106274726 -0.286622128613974
-0.00504498269678189 -0.12409080891057 -0.51547209096392 -0.287909987984255
0.0618270269009816 0.0153229741188358 -0.193688714252799 -0.17635630825456
0.0731489007062723 0.0480705902098399 0.0526147535779853 0.193609323874103
0.047429013961578 -0.0984316188843799 0.412244095571131 0.436220950318543
-0.0838308566794239 -0.089962889350951 0.553169610996357 0.397538964352836
-0.0905697819004516 0.00854899938286613 0.578511743666482 0.444373979998196
-0.020572732076048 -0.00129530323874375 0.596112606925043 0.378603499141936
-0.0235344418098105 -0.0619462039307672 0.476886132418981 0.173911582106682
-0.0519843274968707 -0.0819401424404269 0.230158655005072 -0.00715058092612028
-0.0864410236227559 -0.063547844686424 -0.0487161532563837 -0.100719022007735
-0.0908970920080492 -0.0737019762903821 -0.250984049537371 -0.153028045979768
-0.0364789630895592 -0.0447616894382745 -0.473288206347394 -0.145427852671211
-0.0159608349784712 0.0220387583446213 -0.604736541717235 -0.110871184639197
-0.0759277470226406 0.0683111541892084 -0.708904865415636 -0.0919991888822765
-0.128141960202743 -0.0219611997145567 -0.708545191453595 -0.166278487633969
-0.0193054229153857 -0.0916625238236686 -0.532115658330011 -0.221030048645472
0.045322156088826 0.00876581114412774 -0.206501950579919 -0.163082963388975
0.0535579355913513 0.040765548777685 0.0371647041103156 0.188956548120609
0.041420523782215 -0.0606550021644885 0.377469655639579 0.478339051249244
-0.0426788951614242 -0.0543372768545043 0.490494860588417 0.467854559635028
-0.0529981862233217 -0.00214022443887331 0.505462262871166 0.546294714219307
-0.012962651965225 -0.00744033860327702 0.552031802140218 0.467301546936739
-0.0184299099707477 -0.0446771494979789 0.456514351479652 0.202940353049508
-0.0330924497640242 -0.0490551392832181 0.212770126589389 -0.0206572999858579
-0.0578474905487834 -0.0250317401875518 -0.0770596916107019 -0.124097237690712
-0.066458377038792 -0.0366545388930055 -0.284376537956858 -0.157727357334139
-0.0285738805534166 -0.0217754836340584 -0.497028447409355 -0.110379507303593
-0.0111422746474549 0.021028781806734 -0.608565930783423 -0.0355202724115223
-0.0442998671761906 0.0497384428941917 -0.705508244832201 0.0169219436194353
-0.073153072395773 0.00156943916696261 -0.716270693161644 -0.0718497101763467
-0.0159437088277822 -0.0477685579933227 -0.541839434252146 -0.171945204119116
0.0221672988842455 0.0085464275625252 -0.213929006188677 -0.153292966826238
0.0334327679485496 0.0190536480423524 0.0304820622533861 0.186831446837187
0.0183374319827982 -0.0242773503724467 0.354353645246184 0.502151309124271
-0.00959905171932135 0.00229566109779264 0.445087416470488 0.506036396541585
-0.00538670382913194 0.000615693633072781 0.453828557421371 0.604053257551348
-0.00216727709241622 -0.00960774938606397 0.521436415500224 0.516714514570971
-0.0161710802751356 -0.018551960921687 0.439781966028888 0.221866334604076
-0.0126996919413113 -0.00654060502348816 0.202019720854595 -0.0243045097818672
-0.0218505337995264 0.019242002778173 -0.0921131998439587 -0.13270383973955
-0.031507464961085 0.00330628917209511 -0.301506165337321 -0.153194647252914
-0.0119041528208783 0.000329320172189946 -0.508399790900477 -0.085252280766485
-0.00693592826621742 0.0173038593070586 -0.604148307931252 0.00781345303121933
-0.0168389342278999 0.020301023316445 -0.696588697650546 0.0787659099815013
-0.00881264112517963 0.0103414740392656 -0.71507705238872 -0.0165383730542192
-0.00251706225105984 -0.00335397655540307 -0.545937409404408 -0.142346849316752
-0.00339682677704139 0.011816425432015 -0.215974488897273 -0.148621842824711
0.0121983821216153 -0.00677361707413267 0.0292019475089169 0.190794697927644
-0.00984372820466892 0.0111618569764893 0.342368958522336 0.503311463819641
0.0203166061457265 0.0619483535620244 0.42852749982181 0.517412804020144
0.0421672637375767 0.0082833184338769 0.449017277860367 0.616563391293085
0.00677981926752634 -0.00787481874628852 0.514699299995322 0.518922913709481
-0.0139456150636134 0.0110556358202219 0.43269378772205 0.224415453237715
0.00833626463767854 0.0375830926700711 0.200043320720191 -0.0163705765037596
0.0165780125662906 0.0633193376929632 -0.0923141933423245 -0.12642871433398
0.0068187363361842 0.0404313108800904 -0.302511063802287 -0.144505197861736
0.00547336280180164 0.020543177446599 -0.511500794648454 -0.0750985205031637
-0.00309915802567385 0.0105481867878674 -0.608555443694098 0.0138752359013285
0.00761055425221147 -0.0116899375432888 -0.696796545106054 0.0841837290341437
0.0542629521597492 0.0140831502106074 -0.714590395529277 -0.00971654460959798
0.0123203944459698 0.0387431212144524 -0.548764524805219 -0.139550044416774
-0.0305952105793449 0.0136907312567502 -0.213533944374388 -0.151429698712467
-0.0111774096702648 -0.0263620889433042 0.0379105697775865 0.1971510483116
-0.0310898626754202 0.0473962337537777 0.348295722624115 0.484245557105384
0.0557895380715268 0.107134985430668 0.448529805559198 0.502073574092458
0.0808537846439811 0.00495379926258671 0.489170418791287 0.580498940919813
0.0119106468117411 -0.00430994623929196 0.53678645139059 0.480514117254563
-0.00873773876474519 0.0392147353236843 0.435690248660517 0.216062914587062
0.0319801966018585 0.0759258467223723 0.207105031174388 0.00199260661650227
0.0526342445716812 0.100281360648336 -0.0788320351399247 -0.105414993710467
0.0402208786612414 0.0722517744195506 -0.286134155922028 -0.130646001388504
0.0191345923698941 0.0384082206809282 -0.504142706584844 -0.0805744824194213
0.00148964062817336 0.00325264949228596 -0.615556904724938 -0.0198482350892563
0.0342096917057239 -0.039859100236582 -0.710527816658999 0.037205865697139
0.110087801748028 0.0245129422179869 -0.715892365130932 -0.0462439971588223
0.0179411018467494 0.0767578810436735 -0.553139583206672 -0.162341961785673
-0.0574463201566299 0.00956416845984474 -0.205581112482992 -0.158993140421384
-0.0317772584325847 -0.0339030865943236 0.0562557316185934 0.203113909819363
-0.03378646603568 0.0783102279929281 0.366027270258028 0.450311808946869
0.0946711347012039 0.121442578724008 0.498246434611573 0.455770147180669
0.100362898630068 -0.0119710572780646 0.562907965261243 0.494100811779119
0.0122110248750795 -0.00210999041473119 0.570292310543913 0.403491074184819
0.00257476163260336 0.0592233614024306 0.445433563436358 0.199207195460029
0.0552634474660587 0.101706307352228 0.222664822237568 0.0268489671849684
0.080540090440327 0.124701501989059 -0.0526694960275472 -0.0724484835981725
0.0632214591889074 0.094724556449651 -0.257307918295755 -0.112282899832224
0.026204066064523 0.0521664992795552 -0.489679478694574 -0.104721806517362
0.00383820462154978 -0.00210642668327124 -0.623319809775868 -0.0910798497453204
0.0618055987383842 -0.0555683325853486 -0.721217276779873 -0.0636109949894351
0.148817567860431 0.0478758001864185 -0.707600312823562 -0.124655617690675
0.00787651251159502 0.106392991750367 -0.551897135659307 -0.208017470233229
-0.0794383448725036 -0.00274620101946825 -0.193068087516172 -0.166989807235334
0.0890388565551593 0.0260855498821508 0.100583261192421 0.19723972338731
0.00408565938973598 -0.142529741737722 0.479839724822186 0.323003004933662
-0.148850213595184 -0.076563296251366 0.66676385585267 0.203571443997306
-0.10033927723293 0.0539444828524966 0.700489440337426 0.150408218466287
-0.0175160985106569 0.0119568309630355 0.651203945726007 0.142246457859127
-0.0339514558522092 -0.0697526027498486 0.518402081432517 0.0952181901037437
-0.073203160671363 -0.104820429132622 0.287808642547712 0.0314427770250813
-0.104978794086147 -0.10163129327467 0.028894030517751 -0.0251500630064527
-0.0957885501466785 -0.115709925107408 -0.169994417436524 -0.108344106443533
-0.0251088631920798 -0.0740323600177769 -0.412350099849384 -0.209195394003947
-0.0230686606372184 0.0173635745288207 -0.570382096164872 -0.322473966514194
-0.138303084768786 0.0552729774645547 -0.659062609051429 -0.398888396053793
-0.167692910805827 -0.104169023642083 -0.632000456334803 -0.405004156083587
0.0177501031185427 -0.139431635236493 -0.500992213579163 -0.354657636984941
0.0668373795684067 0.0266594599395156 -0.184167783402045 -0.18954616486483
0.0872330686320525 0.0418305699347935 0.0755109593346981 0.199411528531234
0.0316817835454152 -0.131346419254212 0.455984351794335 0.385195215257215
-0.126277811923423 -0.0966300770423069 0.62003670903289 0.308317116976618
-0.108007948905788 0.0324295072258615 0.661791853795547 0.307158870242393
-0.0216417017118498 0.00721004440161404 0.640954136998396 0.265562645645556
-0.0305374988063648 -0.0706164629474186 0.506046862849359 0.134703892551396
-0.067636353437999 -0.101673352896529 0.25858256663499 0.0105809479879213
-0.104380028058214 -0.0917002508089548 -0.0114463995220373 -0.0662671860334849
-0.102193482978223 -0.102757732976895 -0.212967194724507 -0.137407190470047
-0.0359891225678671 -0.0649091333536966 -0.447839234209283 -0.181250489936608
-0.0194020588610206 0.020371411348957 -0.599500727842435 -0.212313633435699
-0.110610053628015 0.0719626960174121 -0.704993796892959 -0.238224877250562
-0.165837025263407 -0.0603791538072495 -0.689848577176124 -0.286630442724739
-0.00678374804555796 -0.126962344894827 -0.524965722401082 -0.29077235168807
0.0627840210683231 0.014909535558983 -0.197785785811122 -0.177599382035013
0.0744573133035289 0.0483525462176215 0.0536861473774636 0.197599704233248
0.0478041344653778 -0.100488718570318 0.422588118368955 0.440048632783099
-0.08576436016901 -0.0906434232988504 0.561016637351002 0.402961893331017
-0.092385176933295 0.00889766796692936 0.591405273302373 0.448164714362835
-0.0204090168674315 -0.0013223203778922 0.60763364256642 0.380550133748772
-0.0239448146942706 -0.0624046850024198 0.485794685243811 0.173603924797746
-0.0531697837488733 -0.0825709399213666 0.232580606444481 -0.00853668437640186
-0.0877466220179452 -0.0635367541998718 -0.0499270086576162 -0.101600596336529
-0.0932252618108519 -0.073289068603547 -0.25678917833025 -0.154486065260081
-0.0381698175490847 -0.046048010412288 -0.481495305555146 -0.144827303414819
-0.0155447435373149 0.0223486240133004 -0.61398867080211 -0.111775497419536
-0.0763652996420094 0.070063450230396 -0.719548446079852 -0.089986728059551
-0.130369370422178 -0.02117026167437 -0.720095578421629 -0.164578562055966
-0.0198991512285405 -0.0920675009774118 -0.542097605156126 -0.223041340862692
0.0466025330788246 0.00891167925144377 -0.209670174403292 -0.164591487833874
0.0549328844090847 0.0401820393645733 0.0379760331968102 0.192090230577452
0.0418933389474464 -0.0617574289492061 0.387071768569285 0.485007809354252
-0.0435164988033975 -0.0543886774255954 0.50064201507958 0.472895268475885
-0.0540694561593454 -0.0015689042520219 0.515915123454787 0.553664873220117
-0.0124978182537833 -0.00773369170380814 0.564281959843874 0.472743637501453
-0.0192388498779096 -0.0449176487947681 0.466534362534048 0.204489252228854
-0.0350217344166464 -0.0494043707814524 0.214616062438668 -0.0224559343776979
-0.0580780066530035 -0.0247338856396547 -0.0783963348868379 -0.125506375024492
-0.0679170386977772 -0.0356861184463874 -0.289668418167627 -0.158793060754687
-0.0292794654550711 -0.0220426652597659 -0.505008089990326 -0.110033087019372
-0.0112397852196797 0.021615260681703 -0.616580752319647 -0.0332708776040244
-0.0444928461253916 0.0508900631300582 -0.715394600701932 0.0227744525056699
-0.0741866610521909 0.00310292946005114 -0.72837213118727 -0.0683328928771586
-0.0165739086483826 -0.0482866544353705 -0.551502782920046 -0.17156459411124
0.0230675191507753 0.00918358258073786 -0.21749329200194 -0.154621332329049
0.0343090398468902 0.0190051302185159 0.0309048178053444 0.190329529218237
0.0187803920613399 -0.0247968758156036 0.361454733658747 0.51021330046897
-0.00972325291489952 0.00278464722947388 0.454792935667009 0.512277986987129
-0.00559771100261384 0.00110418326971154 0.463289668617215 0.612714696767233
-0.00171358176434129 -0.00982373299703691 0.532581495384232 0.521154707860099
-0.0166272159562151 -0.0193359365764639 0.447213761851929 0.223345002644142
-0.0133955163278732 -0.00680522696365301 0.204917241350246 -0.0265946271418621
-0.0218230441111112 0.0197697458507897 -0.0944979359360068 -0.134332684017636
-0.032084571313687 0.00425272646835835 -0.307354262903047 -0.155952501773052
-0.0125750828774491 0.00105859896483883 -0.515772544758855 -0.0835815621639628
-0.00652894249735197 0.0174345778615742 -0.614501092826875 0.0113124681626176
-0.0172203869836855 0.0208477538691394 -0.705672986313034 0.0853208262739517
-0.00884749650027647 0.0107793848295692 -0.725925031700683 -0.0138822911398079
-0.00327393381429614 -0.00299585177349241 -0.555071032912335 -0.141209863373527
-0.00386768894963219 0.01202645441534 -0.219155706822923 -0.149959816470488
0.0127735203170633 -0.00666789526077954 0.0301014697929761 0.194278223438558
-0.0101652920170776 0.0118405778962951 0.351452063612221 0.511371213574078
0.0210114548733072 0.06351596487442 0.439361819907657 0.523873123291176
0.0430802288277222 0.00821229698726543 0.457324859794609 0.623685770867863
0.00698198396033743 -0.00769629330981674 0.526602813203515 0.526055062546263
-0.014383565067835 0.0112687924526848 0.441331707282613 0.226801230069107
0.00894623212353069 0.0387181145062521 0.202123732251808 -0.0182227948438209
0.0176904461007896 0.0640014406810634 -0.094753595998436 -0.127481762058363
0.00733444751421532 0.0418384536049311 -0.308076345822481 -0.144939944057347
0.00481904295182331 0.0211675698890354 -0.518166798288344 -0.0733635432809473
-0.00224439884111186 0.0102602631510917 -0.617000604042048 0.0164160424941704
0.00841665614755817 -0.0119996675211505 -0.708383421056474 0.0897672806100984
0.0553141708275161 0.0143197390085507 -0.725461756359168 -0.00631963764813629
0.0124022287607169 0.0398806950483636 -0.559338928278499 -0.13822759168416
-0.0311788834132083 0.0145762775555874 -0.216939798005357 -0.153323929598769
-0.011028820988425 -0.0270484813151389 0.0402159504642368 0.201094671722207
-0.0316883714780103 0.0473684297682266 0.357601971429075 0.492010141139829
0.0575918965221216 0.10857562063754 0.458727255360315 0.507869085101957
0.0820216528882583 0.00459532935091037 0.501991627360852 0.586763237498497
0.0116938620171502 -0.00536082496260727 0.547167809584595 0.484816759956655
-0.00824683927241318 0.0397790149134311 0.443862161599018 0.21832097849626
0.0329722121041196 0.0775831958040995 0.209029837496557 -0.000137266299691909
0.0549243803408974 0.10105604695991 -0.0806049963360644 -0.105913754598745
0.04172992596365 0.0735940532738102 -0.291636205230068 -0.131142777803131
0.020124893113829 0.0391404876630844 -0.513117645332902 -0.080827069030003
0.000815613356212853 0.00386334932790951 -0.625763718533025 -0.0185873618800031
0.0341534361345648 -0.0412253742547491 -0.720332867377744 0.0409683084443025
0.112020409904145 0.0238629820925748 -0.725177771299516 -0.0421437839290708
0.0186450536560726 0.0788585661528765 -0.564264982390614 -0.161496135367162
-0.0576289838422662 0.0102408200159753 -0.210112390596927 -0.160560243366561
-0.0327538486941084 -0.0347795062469062 0.0593232042977827 0.206565780847318
-0.0334240037224213 0.0797465121558687 0.374262038677182 0.455230735157974
0.0974925206978113 0.123830740471103 0.50746394965745 0.460552293244355
0.102234309840116 -0.0123019609370082 0.573893351867529 0.497684738911071
0.011957193094905 -0.00238352741185861 0.582315545051605 0.405926631619779
0.0032637636323488 0.060549742490797 0.453223547433574 0.200585981931976
0.0569988903165888 0.1033255205196 0.225118934242782 0.0259714616471615
0.0830846096002396 0.127343705607389 -0.0545117886346056 -0.071939545883581
0.0647223256278014 0.0965641065029526 -0.261386929242176 -0.111174889516956
0.0259432844409554 0.0538232440159036 -0.497081176473047 -0.102340005817256
0.00405109133759574 -0.00167015733582391 -0.633505637907237 -0.0884327992353769
0.0625002049230265 -0.0565367123094375 -0.734659474488087 -0.060181288482067
0.15245758627679 0.0476171173719522 -0.72072742385409 -0.122105658611884
0.00918744312956124 0.108241272218759 -0.56201555331655 -0.209701919405923
-0.0809123178210791 -0.00226022896247236 -0.196814805483864 -0.168730507866896
0.0916232534565596 0.0252366375452875 0.103455072123498 0.200792165142562
0.00292334056698383 -0.14432868475341 0.490074497304829 0.324677498248821
-0.152049187831642 -0.0752780604462835 0.677578590858099 0.202512660824382
-0.102159329983968 0.0558274053296644 0.711957677401909 0.14680394658432
-0.0174695140054536 0.0126417304563381 0.661386833490747 0.137594250561774
-0.0366308566218835 -0.0706931823741755 0.527605685285722 0.0926381512407642
-0.0751840444417972 -0.105753446820454 0.291469251824374 0.0297964096037965
-0.107291160891167 -0.101942338098201 0.0298725914263277 -0.0255093827854632
-0.0986323799474218 -0.115941409292709 -0.173417888730223 -0.109477663855608
-0.0261314632942843 -0.0759912384443791 -0.420445091885171 -0.209083204721378
-0.023055310780336 0.0168075947984726 -0.582100480817418 -0.320367839956435
-0.138796169954847 0.0571276550917074 -0.671398403098743 -0.399508607487575
-0.171688575479005 -0.103932379597787 -0.647264817559347 -0.406338772360691
0.0162913638596895 -0.141689138904447 -0.511767271731079 -0.354400309540186
0.0680239099129095 0.0261136512674777 -0.188386458016951 -0.190954031956012
0.0894730445553442 0.0421854749981012 0.0784285271178494 0.202579973881925
0.030982977361535 -0.133577464005004 0.465381585259204 0.385585771973944
-0.128926073283089 -0.0957419041377837 0.633508558344495 0.308445096446103
-0.110004381957843 0.0341218027136851 0.671475498591296 0.305794991615812
-0.021320275522011 0.00681267523936386 0.651946923684945 0.26442038812351
-0.0315032334299527 -0.0723529937251636 0.513726167792304 0.134256570052874
-0.069441834425769 -0.102644030706026 0.262526843617896 0.00821756588081283
-0.106044358301279 -0.0913275078945334 -0.0118685040334243 -0.0670860023210071
-0.105843838547643 -0.102586249337289 -0.217299407067274 -0.137152120995566
-0.0373453043803887 -0.0666348612605031 -0.45678567500669 -0.180629582162124
-0.0195703152145904 0.0202605194550836 -0.611047242779476 -0.211352152517993
-0.111461546452626 0.074663002264958 -0.719359250203876 -0.237031406172793
-0.169122430039157 -0.059786160626435 -0.703890403266329 -0.284440435746067
-0.00789434828745744 -0.128948959366108 -0.53494963270192 -0.290637170919906
0.0641834606377915 0.0160429753020467 -0.202583320527292 -0.178054261085331
0.0757963333030233 0.0481529212839224 0.0561050518013602 0.200074162475818
0.0472275602543396 -0.101677606692563 0.431811603179508 0.444495926515243
-0.0878652423302409 -0.0901660460874738 0.573621715753281 0.403474410429405
-0.0945237585569722 0.0104474236130803 0.605406392911774 0.450967227047121
-0.0206711549702113 -0.00154225589030327 0.619377199071879 0.381314187479754
-0.0252251943102724 -0.0644570314035754 0.493821207158399 0.171636654798914
-0.0553905211794212 -0.0832067302918861 0.236147903404087 -0.012014799835434
-0.0889282245419045 -0.0633768378484087 -0.0512792506179992 -0.102254277939248
-0.0957851421409524 -0.0737424069596652 -0.261251476711152 -0.15464688598215
-0.0395791128438068 -0.0467681976116674 -0.489517413320773 -0.143402697968908
-0.0154674254919284 0.0223437062484186 -0.623330719535252 -0.108742937053266
-0.0769718311387027 0.0725996081729588 -0.73107809019772 -0.0848395275194514
-0.13271074301067 -0.0202925194459577 -0.733008184108855 -0.161163640162587
-0.021046535158967 -0.0939189114846807 -0.551270025102632 -0.222250495304714
0.0472869085697152 0.00880794416748674 -0.214957118775451 -0.165373790044945
0.0567182038365018 0.0405041795888549 0.0407614740727274 0.19631298752512
0.0426249407657917 -0.0625592209818534 0.396589928157009 0.490296208945077
-0.0445415895538811 -0.0542746947900938 0.511173225121713 0.474686431525542
-0.0558364538710033 -0.00106172669614721 0.529095776353583 0.558894607973893
-0.0130317398565303 -0.00795990647082718 0.576192687684101 0.474843277468235
-0.020348129863622 -0.0457788894789375 0.475010967242004 0.203529922977442
-0.0358471455962596 -0.0501767128481895 0.217631008523941 -0.0247767904528273
-0.0590701108327211 -0.0242836588713314 -0.0813097889640005 -0.125328196324087
-0.0699407754334087 -0.0348884759732007 -0.295391468692717 -0.159837388176141
-0.0305593021429696 -0.0227782861140333 -0.513718922326333 -0.106339155737944
-0.0108940184994386 0.0217382176818127 -0.624320414664394 -0.0266508371276765
-0.0436493618865139 0.0525092004759475 -0.725238505033529 0.0280659459968412
-0.0748227552071783 0.00331722962285018 -0.741453105564019 -0.063097474451478
-0.0179467379467538 -0.0492910140932288 -0.55958454952383 -0.169608045262017
0.0231859332576059 0.00855453297431791 -0.222534084117153 -0.154021574350888
0.0348571039970565 0.0191079654490796 0.0325518689102836 0.194380238226761
0.0190851217002304 -0.024500296743363 0.371739161983893 0.512802814323058
-0.00969383863166196 0.00338101177821939 0.465708549697268 0.516058186286518
-0.00603030394890169 0.00116620345358583 0.47719107602994 0.614657473769705
-0.002014553852454 -0.0098125209954089 0.544006264309334 0.525362090524893
-0.0174124233782577 -0.0194785493858458 0.456898413474603 0.221088356840711
-0.0145532450569537 -0.00652205787382134 0.206932440567525 -0.028515009463014
-0.0211694223272433 0.0210986516288259 -0.0967640492008806 -0.134175464146994
-0.0334363789510174 0.00499093828664676 -0.314270080422533 -0.155933056387377
-0.0128028713584821 0.000298934269871843 -0.524396595274577 -0.082267879942832
-0.00663225953657981 0.0169093153137031 -0.62198666763739 0.017047484306583
-0.0162633816789036 0.0225360631258962 -0.716610082292258 0.0909692428034926
-0.00864462820507563 0.0112370945003711 -0.738273859621417 -0.00711535033248479
-0.00320682381311809 -0.003174946246559 -0.564649313503054 -0.138932112497019
-0.00320134739845715 0.0130088892522641 -0.224572022270905 -0.150687393212049
0.0121812449015072 -0.00663045080444598 0.0324343238735313 0.197104755353503
-0.00994045628681061 0.0120357749561676 0.35975308079445 0.51762651476723
0.0223700645595639 0.0650144722684644 0.450237553765376 0.529341735001858
0.043734103743464 0.00793917505507817 0.471391751702264 0.629698580667752
0.00757840782299289 -0.00851491505363065 0.541173074488281 0.528709645840437
-0.0146382054077084 0.0114462805063908 0.450148101933095 0.226666569022881
0.0098105227085418 0.0395698491424036 0.204326166797238 -0.0199038546305134
0.0194324821911817 0.0655086898680267 -0.0966110725216847 -0.128129792916223
0.00680207127569587 0.042950328479199 -0.314632973479021 -0.144017934831347
0.00438652956862703 0.0211991065221546 -0.526708873911265 -0.0696057640556849
-0.00253282651526718 0.00990072658125714 -0.627530460886662 0.0216906125378636
0.00895412837461219 -0.0127099358806567 -0.716429498592995 0.0998201853704888
0.0568302627967824 0.0139007355158963 -0.737447068162369 0.00167426065118444
0.0124639739421454 0.0402722554843269 -0.569112184370553 -0.134732846132071
-0.031199315268662 0.0153077662848446 -0.221608159791 -0.153296228728567
-0.0118213260615268 -0.0272688151383601 0.0416688001302395 0.204473389477561
-0.0313228159813745 0.0500446314219047 0.365116352966064 0.495536868426916
0.0598912925675428 0.110676336960364 0.469975107277878 0.513296781159214
0.0830891861598492 0.00433676130368475 0.513332284014627 0.592950842321308
0.011445465356192 -0.00549003310727323 0.560607924877251 0.487406646812897
-0.00860208547829826 0.0404341974372044 0.452568853891911 0.217024648834586
0.0343294005148014 0.0794437188727129 0.212268080741233 -0.00157416391889683
0.0569490312000135 0.103256478172926 -0.0829344540162833 -0.106513506444646
0.0429644868427742 0.0755116470510099 -0.296957940903139 -0.129801055994654
0.0194232843200923 0.0397911683720709 -0.521482121839054 -0.0773707926819207
-0.000141437226914422 0.00340036174093131 -0.63428998317176 -0.0120066128196992
0.0343670457514076 -0.0410659480695205 -0.731120323497194 0.0494013766224056
0.114819347085458 0.0233711968482464 -0.738488030810228 -0.0382390063330898
0.0195674555899324 0.0797192237445446 -0.572596967391162 -0.159478040866106
-0.0581543223103669 0.0115634060538854 -0.213393153423966 -0.16089161258234
-0.034094885490905 -0.0344763749413566 0.0615289937654248 0.209200081474755
-0.0332298839477715 0.0823297757310835 0.384628585423068 0.459714920358118
0.100447443074209 0.124763563781744 0.520569777131571 0.464475810847183
0.103256068829939 -0.013484613467197 0.588939182447499 0.501282961703456
0.012041555125961 -0.00261429507688129 0.59290132867992 0.406876510952675
0.00357262831037784 0.0611928648698509 0.462488945913512 0.199667964792338
0.0589565151303121 0.105497499374354 0.22915831376421 0.0235816077714327
0.0860674145538806 0.128199166538783 -0.0549653861213586 -0.0726363138827854
0.066285986442845 0.0979572970960613 -0.266656751943312 -0.11142397315312
0.0263032919723066 0.0537966067466485 -0.505565433650372 -0.0999642025180906
0.00410082688900526 -0.00265549909588402 -0.643725487867943 -0.0848052427103884
0.0630957515259469 -0.0576927623822073 -0.745575588603943 -0.0569911275032336
0.155510112463492 0.0464310353534846 -0.731995900942979 -0.117712702445095
0.0103350518549739 0.110376591246116 -0.571047457189238 -0.207391460197126
-0.0818153714692286 -0.00141707251733829 -0.201616637958471 -0.170532844707695
0.0930360831640301 0.0244169845103457 0.107775403049198 0.202280232438857
0.00079675234948005 -0.146341478928371 0.500030296573483 0.322356885320088
-0.155184589155222 -0.0742431846369584 0.689739244803505 0.195505479356244
-0.103326806150749 0.0580458270667874 0.724941983845609 0.141808348404434
-0.0175240488803087 0.0122534162157928 0.672946392376988 0.133722500645119
-0.0375935593089464 -0.0716600715277808 0.535884735828719 0.0875216682855147
-0.0776816888243695 -0.10656583766331 0.295752379775873 0.0263661925469814
-0.109535786798919 -0.101317830875069 0.0297721871440777 -0.0259193712499946
-0.102193782361533 -0.11596802687778 -0.177428754230577 -0.108942080013712
-0.0273307873692047 -0.0770606371689538 -0.428047727500288 -0.20791011547947
-0.0228796022886385 0.0174901012349036 -0.592899128458498 -0.318218043969876
-0.140223204577984 0.0609229237055384 -0.685473837447604 -0.396332090207428
-0.175831051635029 -0.103588791374091 -0.661424133081975 -0.40199288341918
0.0140483996147746 -0.144004252694211 -0.523192691370083 -0.35501980804813
0.0701535275578396 0.0269143112415053 -0.192416117043565 -0.191763443899874
0.0912722004087911 0.0409220328079699 0.0823520483486864 0.205248640708275
0.0293006587851756 -0.135634737508138 0.476188820727361 0.386803537055016
-0.13261643701181 -0.0953837526512074 0.644936503577745 0.30718933557011
-0.111430878610013 0.0367532976663212 0.687302805276003 0.303446565918964
-0.0216240676767119 0.00724572195269031 0.665119569430061 0.25865184833881
-0.0333782021821076 -0.0736123339390609 0.521468563561049 0.129508172269236
-0.0725212539201154 -0.103102447811664 0.265253087101561 0.00510674018127381
-0.108331679144951 -0.0912745826243802 -0.0128411838288645 -0.0679796967833159
-0.109211084038061 -0.102147569157093 -0.223022416710934 -0.136977344892914
-0.0384749849761765 -0.0673498005153812 -0.465141825928846 -0.177762583121543
-0.0193688189950273 0.0202754596766496 -0.62252457819544 -0.204856902345258
-0.111774375978717 0.0774187728910715 -0.731205730195938 -0.231068557589598
-0.172261136278521 -0.0583886298531397 -0.716464004496061 -0.280094884671205
-0.0104392199611514 -0.130552461754555 -0.544912981178544 -0.287696722045065
0.065532825190697 0.0150999594947409 -0.20716971968179 -0.179353472350406
0.0777584877942304 0.0479997037063807 0.0588028550143573 0.20328347337024
0.046760555999482 -0.103741417073548 0.443027428372478 0.446328048235285
-0.0905751155857192 -0.089810352809019 0.585455310357698 0.402711831516329
-0.0951560260753833 0.0121737751058825 0.619914963894365 0.450074683224115
-0.0210976871794163 -0.00120210205680293 0.632890293307843 0.380498186003893
-0.026660961734209 -0.0651471386630917 0.503889995033356 0.169584467539611
-0.0573822937939566 -0.0833487026145724 0.238275019559868 -0.0151979486800127
-0.0909297516290734 -0.063293479171993 -0.0530968079065214 -0.102208659753992
-0.0989275299494516 -0.0728746760896823 -0.267460312683009 -0.154198273638771
-0.0415086714419199 -0.0472632443122584 -0.496377401998475 -0.139455279971496
-0.0151267384352468 0.0225078905007638 -0.6334192584086 -0.101110962040197
-0.0763132851128493 0.074614454588569 -0.744491985061486 -0.0777649220216101
-0.134953525881734 -0.0181229865409305 -0.743618546829516 -0.153329330225167
-0.0226649215155017 -0.0951012580606462 -0.561734623206543 -0.218432353080884
0.0481437185283191 0.00887851710561262 -0.219435381637568 -0.165013918277324
0.0578980257644684 0.0403487599732061 0.0436498728465606 0.198328766727704
0.0419277652223257 -0.0640413941440823 0.40902208365666 0.492993812183078
-0.0457897936657601 -0.0535803128905212 0.52307902870226 0.476137743288445
-0.0569750795765003 -0.000176986917840365 0.543806386057209 0.559799571016799
-0.0131439473102119 -0.0078629903618506 0.589996698337121 0.474121271910442
-0.02089254934187 -0.0464893986677315 0.483531680319026 0.199675184650984
-0.0372730912253622 -0.0495457455949431 0.219317602781659 -0.0276057682532468
-0.0596733949056288 -0.0237285685906495 -0.0835344235440719 -0.126515248785447
-0.0711765367027624 -0.0336456878614778 -0.302615518657872 -0.158222222741142
-0.0312459671398237 -0.0229197137629051 -0.52156190214335 -0.103028875430113
-0.0110203066781589 0.0218795375734964 -0.634130088573905 -0.0200765610526035
-0.0438317992568561 0.0538433645006374 -0.733715895369628 0.0389023525614973
-0.0757953394611652 0.00413494376849748 -0.752215284060936 -0.0524392666852602
-0.0190807030124158 -0.0496419074100399 -0.570470932209699 -0.165004537273221
0.0240368297386599 0.00921952849280133 -0.226668222220498 -0.155066218905724
0.0359491158319099 0.0189837938790069 0.0355585149916191 0.197161630231665
0.0189758131831131 -0.0250614682377273 0.381434983329139 0.515992257856229
-0.00964020980891572 0.00348976735299592 0.478368710110273 0.520670585313871
-0.00635715760145452 0.00151795717895125 0.491881405213437 0.621125402083145
-0.00186203806549803 -0.0103851270151955 0.558750699381731 0.52657388476312
-0.0174347786180832 -0.0197691605657929 0.465664668567426 0.219595262590185
-0.0143411092194509 -0.00607944863703816 0.208684591770448 -0.0324592205045437
-0.0205185487581774 0.0207688429937254 -0.0997695772862366 -0.135275808196181
-0.0339548776528083 0.00663536582207074 -0.320375704687961 -0.152985180393921
-0.0136941966930767 0.000972249883747365 -0.532161839869379 -0.076136931635286
-0.00659899734624034 0.0174626963026506 -0.630930896529878 0.0256708065575034
-0.0168002946951725 0.0226125760889586 -0.723061825766143 0.101565991304917
-0.00854132760855904 0.0111149149766622 -0.748868785856875 0.00220826627280171
-0.00315412114773196 -0.00304240980909902 -0.573078261009784 -0.134681265371629
-0.00317071957376164 0.0130987613907834 -0.229249001545607 -0.150367285563431
0.0124482336480364 -0.00733419173658763 0.0356442288710376 0.201004786751414
-0.0101186925980554 0.0127290875535494 0.37163106919665 0.519796953894005
0.0230629477614968 0.0660536954226623 0.461474596668198 0.531544754300275
0.0436751835976222 0.00740398511528235 0.486473200977377 0.634491101867974
0.00667459930365795 -0.00893314103176879 0.553675424113021 0.530954129211493
-0.0149044173493185 0.0117025841210047 0.459004511340435 0.223813642925736
0.0103073176948212 0.0403326907519394 0.206658191688505 -0.0230554726683716
0.0215075901925292 0.066006277462199 -0.0994076169113226 -0.128991001289975
0.00706827197181539 0.0440656769570114 -0.321455064670591 -0.143214419611588
0.00520356697556559 0.0218831476404148 -0.535723937090337 -0.0649055979117025
-0.00308622202487654 0.010797353769933 -0.633450520089338 0.0298826839458969
0.00848407997261048 -0.0119355617501366 -0.72506066208223 0.107554254099871
0.0580028554005791 0.0132690054524073 -0.748112655347071 0.0106200017920289
0.0133659966699694 0.0404676773116143 -0.578301601431056 -0.131685315161785
-0.0315596493773938 0.0167599011691097 -0.22628224594502 -0.153034952166037
-0.0129431297908997 -0.0279769373049122 0.0450062265854314 0.207809101280222
-0.0309152701579159 0.0513472163891378 0.376478179706476 0.499216256068576
0.0630740921142547 0.112480424081919 0.481324598053158 0.515244267566655
0.0844425819505197 0.00317500982677492 0.530006529064592 0.595191440638239
0.0115241249375958 -0.00591952397295356 0.574812688733346 0.488596398647329
-0.00764398630850046 0.0413314568037563 0.459877963561749 0.214589841508143
0.0361417670480062 0.0797462328869417 0.214399500064547 -0.00332048802775715
0.0606968388334254 0.103662743538257 -0.0851432239991066 -0.106080975945072
0.0441398139347138 0.0758383501411692 -0.303392872199497 -0.128276747605205
0.0200936666833699 0.0402078101528677 -0.528172503401004 -0.0722555649488014
-0.000168006379041339 0.00334183153850606 -0.642812816046896 -0.00479301301347311
0.0346911747739906 -0.0426753575515155 -0.742942121367042 0.057363573623813
0.116601027964551 0.0212544145470622 -0.748825427226663 -0.0277856096338997
0.0209504990038202 0.0799773548829593 -0.583118230808689 -0.15636728619141
-0.0591268187631966 0.0127687388954927 -0.218393929179602 -0.160676889762528
-0.0340457015653218 -0.0351715937911818 0.0643212651148169 0.212813081054996
-0.0324244396894192 0.0844947283723951 0.394532092049404 0.46348479065271
0.10379872610266 0.125449976430828 0.53205478360395 0.466515804422087
0.104051248616223 -0.0151035298281958 0.603140906019982 0.502364285825987
0.0125277219833417 -0.0027297323535133 0.607824264937818 0.405414021126913
0.00416080216143152 0.062734939680985 0.472081877774956 0.196573426707376
0.0608299758394317 0.10595069613242 0.232034547803666 0.0217437502677745
0.0901717797656386 0.128644420158119 -0.0565179560989081 -0.0716773586049968
0.0688750376263682 0.0992482283055745 -0.271573277688906 -0.109591736440365
0.0265295049620827 0.0547920569067624 -0.51282200207218 -0.0940811437991252
0.00354835092859522 -0.00235564116896634 -0.652251712954 -0.079581042754443
0.0630687730970941 -0.060092428454259 -0.755179926829069 -0.0475885974843592
0.158729782527327 0.0452465083853225 -0.744970560392554 -0.110700514225682
0.0111331503969794 0.111525002162963 -0.580611383920828 -0.204412431348123
-0.0831975537705899 0.00107253149172044 -0.205849448440892 -0.170032599745564
0.0952075548789081 0.0231520444174766 0.11154104742388 0.20372839492293
-0.00117888193004385 -0.1479560527789 0.510169650724481 0.320577214186509
-0.158392115643911 -0.0722071165920622 0.699612191312158 0.189369785345351
-0.103357662637182 0.060892147249849 0.735864169566922 0.132995617611336
-0.0165624111793674 0.01197285111088 0.682686164045411 0.124763104320683
-0.0392482414868444 -0.07301797079852 0.545302159720704 0.0806702279867196
-0.0805444498316728 -0.106337623628424 0.299586991301727 0.0211922094569973
-0.112008737654745 -0.100811109076778 0.0300139774587976 -0.0264736701770599
-0.106124381684708 -0.11597420105787 -0.181990760997444 -0.107610868719767
-0.0284047867866995 -0.0784735425787552 -0.436045894551322 -0.205435704875593
-0.0225112206580724 0.0178435913090228 -0.605722082501368 -0.315043318007685
-0.140222554081375 0.0643058695620005 -0.700140439797367 -0.392070470680316
-0.180063703542376 -0.101883031269236 -0.675903652216038 -0.399658178145645
0.0118695925542202 -0.146707473256333 -0.533696276512873 -0.350374934686619
0.0713621969075987 0.0263226042455522 -0.197695991219078 -0.190779852055211
0.0932339339184822 0.040382545749069 0.0860502103000382 0.207803325441223
0.0284846058862042 -0.13755134157214 0.487603517798875 0.384953028990137
-0.135624149392584 -0.094333585134651 0.657556770755169 0.301299560187445
-0.112627098387157 0.0384706206080643 0.699700889987169 0.296896484475729
-0.0211340201934146 0.00693130682057681 0.676063997479317 0.25302038193995
-0.0350163942902893 -0.0739093828182327 0.531106295813123 0.123184314307079
-0.0749928344292038 -0.104006739019617 0.267544073379503 0.000728081532670617
-0.1108336237108 -0.0904124106041197 -0.013867080576717 -0.0677177081473428
-0.112748806805098 -0.101255946220329 -0.227335070976128 -0.136036951599032
-0.0403552924132272 -0.0683349924974553 -0.472352602265558 -0.173434756879377
-0.01900112222506 0.0204355713875338 -0.631138799610206 -0.199179771940065
-0.112205822487926 0.0802425637816352 -0.744088578768884 -0.223816455591353
-0.174753138825054 -0.0560970720596874 -0.731777103000672 -0.272982322226758
-0.0127203999859112 -0.131693663944596 -0.555973934252637 -0.283487675593831
0.0664166286636498 0.0151714675566655 -0.212642704552431 -0.178324260105712
0.0800640297759714 0.0480949429537287 0.0626156424505189 0.20465737400756
0.0457895514918038 -0.105821683726205 0.455934600807681 0.446163759113529
-0.0929488791723144 -0.08987649403576 0.596745937160043 0.401123865844073
-0.0964738014222305 0.0142320665647766 0.633577465175846 0.445887061711129
-0.0197584604091894 -0.00126324654951976 0.646121474259605 0.375423455202371
-0.0280310105412755 -0.0658907666820734 0.511395496538889 0.163372407843672
-0.0597926967561966 -0.0840116244212234 0.240327908737073 -0.0188091037527456
-0.0921995993025257 -0.0630344932761847 -0.0551674925493884 -0.103149408184439
-0.102237085629088 -0.0711268400661811 -0.273301598061454 -0.151791985438704
-0.0424667718343237 -0.0475230577541248 -0.505272922942951 -0.136073570207415
-0.0149303937906884 0.0227647225524632 -0.642228320975852 -0.0932189160419485
-0.0758787907399836 0.0768055182064506 -0.753663782253416 -0.0668613232509177
-0.135790506485976 -0.0157684339934457 -0.758354402218744 -0.143478778325478
-0.0250926903578215 -0.0958905091427475 -0.571399921097406 -0.213864749753354
0.0488912784818049 0.00835414389833058 -0.224166931898743 -0.163394186301479
0.059756458671794 0.0397791294776238 0.0460154782079374 0.201104135233203
0.0414694729219384 -0.0653747730901722 0.420587403112135 0.492687382377582
-0.047017956645783 -0.0532973361202433 0.53763496484911 0.47428597305622
-0.0577635732722877 0.000878989846640083 0.559487118375548 0.559039156482193
-0.0128704314519903 -0.0081502529089455 0.604425497684856 0.471421931450225
-0.0217678548286796 -0.0469643722196191 0.492506158562102 0.19631463923506
-0.0392081776533084 -0.0496257803523453 0.220968237411726 -0.0314347417011677
-0.0604214359827355 -0.0235014529977274 -0.0861126542765785 -0.126062974795076
-0.0728615926132736 -0.032775244693378 -0.307760946509504 -0.154701463225065
-0.0327977614999877 -0.0229221224545019 -0.53026073199155 -0.096990704627613
-0.0105463564804879 0.0223485749917662 -0.641978021419764 -0.0111502057625616
-0.0435172537043972 0.0553403528785391 -0.743434336210874 0.0480744322745601
-0.0765708982401388 0.00572082631019958 -0.763229967363629 -0.0443176437157601
-0.0202577089984451 -0.0497897279254657 -0.578136043538761 -0.159907167511764
0.0248564167381007 0.00955875286477401 -0.232309729474694 -0.153187091298253
0.0368967380820833 0.0180905337719275 0.0388059891626348 0.199703214487865
0.019010344858019 -0.0248937702222078 0.394074808889211 0.517791830899864
-0.00960248397468439 0.00455385808583245 0.49026201966849 0.519300003432636
-0.00681038770996002 0.00226792895340139 0.507825868331405 0.621615465849621
-0.00239001969810375 -0.010388835105534 0.575353239810089 0.525216235792253
-0.0181459228283439 -0.019553692474875 0.475367177503191 0.2150508821221
-0.0149250955194461 -0.0057217004307314 0.210205517390723 -0.0353665053416599
-0.0197593023171225 0.0217253063598002 -0.103175098984061 -0.134794136228996
-0.0341112254516844 0.00709646897428105 -0.326596996093835 -0.150922869966768
-0.0144344584178445 0.000619431389322158 -0.539975191371768 -0.0694073367894228
-0.00671434294572925 0.017962999059831 -0.637793099603782 0.0332069639368495
-0.0160039070440292 0.023298111654262 -0.730607541449949 0.111872695566066
-0.00858280110371051 0.0116262252630969 -0.75768327638822 0.0132468748142685
-0.00338882248465567 -0.00348205006477154 -0.582312432238668 -0.127445048507439
-0.00253963472227373 0.0140431858141519 -0.233614870579457 -0.149460429879921
0.0120453070983338 -0.00805526021814033 0.0380541912001578 0.203900433807448
-0.00954686057490239 0.0136162812367283 0.383277419740904 0.52176898289997
0.0254856673063218 0.0666715360223697 0.474283138106138 0.532223770413898
0.0443191067038707 0.00709735947208121 0.502048755720495 0.635529175886642
0.00724003371039269 -0.00978227052581016 0.568183301508127 0.529284862210279
-0.0150945419103362 0.0122444789588603 0.468676057978382 0.21946066815189
0.0102235329352546 0.0409740877807688 0.20744398532848 -0.0274096419873676
0.0233169525132037 0.0665074531224968 -0.102787841143697 -0.128104566932858
0.00865231368765148 0.0445797638352926 -0.327164576599663 -0.139819343763013
0.00514097275129591 0.0215425316748471 -0.54261917398576 -0.0584816813908592
-0.00223095877922254 0.0107083618458739 -0.64184878786636 0.0397920911044473
0.00831066522071002 -0.0120466273087472 -0.732658210778568 0.118216034123316
0.059201693520317 0.0128015712995234 -0.758098295288732 0.0225379235852119
0.0137114400754494 0.0414560191175936 -0.588409093225901 -0.125214480603889
-0.0312503863326506 0.0170285983082067 -0.23244119258442 -0.151915280785123
-0.01345128926015 -0.0283521709633631 0.0481304129326045 0.210823794806343
-0.030230461443404 0.0533444373775667 0.387090268238246 0.501513639719767
0.0656851417771653 0.112743954924307 0.494969905888039 0.515694329718831
0.0851761626036108 0.00176155857612247 0.545607713332288 0.596153958047199
0.0117201554263183 -0.00618783838887859 0.591498103094763 0.486779369085107
-0.00792048095616866 0.0415690420515586 0.469590936195299 0.211901151602169
0.0367058642092128 0.0812616677439694 0.216072724026149 -0.00695153823289867
0.0638059586701386 0.10404223129344 -0.0872017860896294 -0.106293933365589
0.0453662623636225 0.0764456465646712 -0.308501911035565 -0.124567630055919
0.0201887432240465 0.03996014224447 -0.535564008505816 -0.0658706666955503
0.000250879885231344 0.00353902031897413 -0.652239351908396 0.00379434494450753
0.0338712422578532 -0.0434527777164117 -0.748783501491673 0.0699829355876629
0.118957112338548 0.0201368505691304 -0.760294812624053 -0.0182704852776812
0.0228488894078543 0.0815288541188912 -0.592200680375244 -0.151062214447651
-0.0593390823343373 0.0145853547146759 -0.223881255790882 -0.15981052705201
-0.035986012189115 -0.035511768222814 0.0689113857241297 0.215738930961204
-0.0310952532708519 0.0862951121038867 0.405477912184295 0.46252832160554
0.108586632668651 0.126062928418421 0.545825126658835 0.465340227884277
0.105038774678438 -0.0164503153040365 0.61913820797078 0.49826638324443
0.0125118146576346 -0.0030903870015199 0.622612053471385 0.402184189718547
0.00474996292525032 0.0633256556331299 0.481276834260965 0.192305000561109
0.0633724929999637 0.107115499532303 0.234651928839211 0.0187862872473757
0.0940855139027017 0.128740249786662 -0.0581514210335859 -0.072253484653931
0.0708680020515978 0.0999051073120128 -0.275980423719283 -0.107312669638482
0.027549550618439 0.0549198245923739 -0.519603211510533 -0.0890522803560511
0.00333598084853008 -0.00155855660131131 -0.661876284335316 -0.0696947912499758
0.0630566389390758 -0.0610442098149114 -0.767106813112279 -0.0368230239124642
0.161356981777825 0.0423716971764514 -0.755222765935878 -0.101137634725635
0.0136884631039739 0.11236451218044 -0.592067861365442 -0.199049529274603
-0.084099880996129 0.00196964079606302 -0.211635383965292 -0.170445929348965
0.0994319234638771 0.0154162602187291 0.138916802584271 0.19056286790678
-0.0101076516045578 -0.149784891073718 0.543546366630165 0.254768753412216
-0.163982384665504 -0.0602671118764263 0.70957317042893 0.107953773284416
-0.0953826175467137 0.0686520789728766 0.737575506468489 0.0554721922782042
-0.0115400350367878 0.0117990199200968 0.68850721389638 0.0509238427374107
-0.0456768344633575 -0.0690810127950901 0.549593937613021 0.0161784365884894
-0.0926979331168162 -0.0986171339003162 0.303732453663199 -0.0163187980712654
-0.125527465671619 -0.0892948856616499 0.0280526532460256 -0.0287759982981794
-0.120270500492182 -0.103642205209669 -0.193894636521361 -0.0842809961846054
-0.0385286764089263 -0.0778208927988511 -0.460820268060672 -0.146279207062231
-0.0203781362244913 0.0174514620341225 -0.652710283833171 -0.237282238208763
-0.127935794906167 0.0791863891094019 -0.76481859555725 -0.301869691035169
-0.188461493661027 -0.0768201572054924 -0.73271242938804 -0.31243851875128
-0.00756391625844133 -0.145798122025647 -0.576839177564497 -0.275087319446022
0.0748650844591387 0.0171195063643387 -0.227947586878861 -0.158778876557983
0.0986638247076341 0.0321841498557515 0.114869992145079 0.198159953412552
0.0203436831892819 -0.140853617027338 0.528552589652438 0.320281000443539
-0.142020800780328 -0.0838059305354457 0.678303660341839 0.222535791627245
-0.106094421789041 0.0483468768421206 0.717240396050748 0.222386238533645
-0.0156131644772217 0.00764690241979257 0.697010386453364 0.178019806388877
-0.0418380476834253 -0.071377829798985 0.541624975302487 0.058613830861486
-0.086923064522533 -0.0953217784522841 0.269498431911328 -0.0330924236730741
-0.1221516350972 -0.0781641864245412 -0.0218331644535515 -0.065396506552218
-0.125543565231395 -0.0886190227202496 -0.244105650419588 -0.105850473987223
-0.0490120868827099 -0.0661894700050683 -0.493144302917642 -0.112443211274843
-0.0168502715561044 0.0203820916938506 -0.663457991478769 -0.115968972596672
-0.0985217140076135 0.0909030424548717 -0.785007874726129 -0.12366401845015
-0.177753665620064 -0.0321190763428496 -0.772700890776065 -0.179283337035232
-0.0298499279611591 -0.129036252415968 -0.590999109708545 -0.205461543156565
0.0682374929948122 0.00703250519308543 -0.239464206188298 -0.143805018703254
0.0863197856969763 0.0409940776581675 0.0903737750109737 0.198502667415574
0.0410759845391462 -0.111291126573022 0.505701310953975 0.386360641740148
-0.0979798252123419 -0.0826009659358242 0.633354303927876 0.327795964143658
-0.0915385762225796 0.0230810637580002 0.669381490158767 0.377383969369421
-0.0155802597518062 -5.92127710453238E-05 0.681756520059072 0.303931026604296
-0.033851810727834 -0.0623872622770686 0.529086751070092 0.101038880003173
-0.0691150702282446 -0.0778034201990865 0.238920073092866 -0.0494428546019665
-0.100563317989323 -0.0524189444109735 -0.0661969833614229 -0.0958802851206823
-0.110617746889643 -0.0590169714015875 -0.292056054314711 -0.116241074313891
-0.0486526652291939 -0.0447797527148312 -0.521734449667592 -0.0697602575111059
-0.0130722090201481 0.0220179041162478 -0.659650633419208 -0.00735819291191397
-0.0638169876526983 0.0825385642525608 -0.772465263518318 0.0369281815778595
-0.134022776232442 0.00250235529846547 -0.783600870158233 -0.0456821089990242
-0.0376433827724244 -0.091291330595494 -0.597262168222978 -0.133749579225412
0.0509958868764534 0.00286188675339563 -0.250704655580951 -0.130229846231301
0.0646323744763608 0.0355895767843669 0.0722880896036469 0.195863438839775
0.0403385338943859 -0.0693476116821518 0.476536722521273 0.440255048130573
-0.0489086299625097 -0.0499061614538204 0.583851748222405 0.413065129085901
-0.0527682711026385 0.0070531379722605 0.611176969990746 0.498208441976982
-0.00847779800174137 -0.007094458620836 0.650451230845167 0.403425526920803
-0.0264793593634257 -0.0445207878288449 0.512369380953232 0.136584720564676
-0.0437263773797652 -0.0463838751473942 0.218205894079297 -0.0600783915722801
-0.063301666758533 -0.0166205260323756 -0.100664218251408 -0.115912542296564
-0.0776175646381131 -0.024256011649853 -0.329331086728966 -0.116197056766769
-0.0363396625141858 -0.0215784958345304 -0.54132171056934 -0.0302499749608119
-0.00884995960378623 0.0215361337401569 -0.647187097074028 0.0739098110141575
-0.0344968160331368 0.0566892431389861 -0.744647422915463 0.152601704676776
-0.0722033898171867 0.0162446261725979 -0.774008285626457 0.0585765860141228
-0.027461808438956 -0.0461086753564728 -0.600598159452271 -0.0789252085103801
0.0261141438419221 0.00615758767312705 -0.257636582462263 -0.118733229431951
0.0392518088334259 0.0152140622708095 0.062882849376325 0.193914973709026
0.0209603692922064 -0.0263490603270932 0.452381555439091 0.470121767988935
-0.00546126498089603 0.00588383689010431 0.544285339758951 0.465265662513055
-0.000658577414833635 0.00413355945272906 0.567523377471299 0.566465838531405
0.00208414115804287 -0.010220771391467 0.62742874566315 0.460034837677785
-0.0199820392529055 -0.0174469960657498 0.498266424561744 0.158927510837246
-0.0155048248591039 -0.00415415288465636 0.205759185401335 -0.0617296794440416
-0.0168893724114855 0.024616696586107 -0.118807055292044 -0.122665958940197
-0.0332111783026254 0.0115221072159625 -0.348419151920542 -0.107483401769477
-0.0159193180245927 0.000712294824353548 -0.550688217290298 0.000303005329158444
-0.0054050969243898 0.0163880975318647 -0.636658255005728 0.121376023943307
-0.0117444853408999 0.0203227117878245 -0.722878278208939 0.218368252247198
-0.00314486073930557 0.013218716171746 -0.763201992631242 0.118521060059991
-0.00496158871873238 -0.0018415810235453 -0.600468316907883 -0.045477213616095
-0.000994906995347915 0.0141400169501635 -0.259856802430228 -0.115046220055449
0.0124628425679218 -0.00887328463689018 0.0612449574041427 0.197110085038386
-0.00555103605064241 0.0140372417019048 0.440839168903675 0.477504244584355
0.0347165628185477 0.0657142757241489 0.531059583733842 0.484883142129884
0.0521262656436656 0.00482287489170014 0.567961251414166 0.581179938393806
0.011844875186269 -0.0100158346803666 0.62248788264443 0.465895662936036
-0.0136614108112585 0.0143718870621243 0.491961991397077 0.166039438242926
0.0154984861031455 0.0394691141447587 0.204929906749469 -0.0529885648630905
0.0319913266394264 0.0645280380157682 -0.118022901734564 -0.116240233856109
0.0144775551097447 0.0442702932240954 -0.34828838020397 -0.0983879426838223
0.00587550605252863 0.0197463916393731 -0.551374752457499 0.011472201250969
-0.00326760865447927 0.0093200412357762 -0.639792056399692 0.124952021532406
0.00889293756000382 -0.017666208728067 -0.722378512587415 0.225784987044742
0.0635716195994463 0.00429327622802624 -0.763891558042493 0.129146210233842
0.0182603445138431 0.0399155792669811 -0.607796444841432 -0.0409571453271068
-0.0291627551638203 0.0212615629751501 -0.259195275198174 -0.120902493547494
-0.0151468381900054 -0.0268031505975795 0.0715824218777428 0.200750277713416
-0.0232283992684305 0.055721261282734 0.444731334997337 0.458945909301096
0.0795692615137663 0.108230240342218 0.552145133980039 0.468732077655868
0.0928679199725004 -0.00446135879451122 0.607257220773503 0.537851668429624
0.0164669246706539 -0.00759571728802143 0.639196126371729 0.420085622915401
-0.003642745552369 0.0442513806643572 0.491236026518545 0.158148174697694
0.0464659675848757 0.0767167280357542 0.215060561379922 -0.0330146926988482
0.0770895529475236 0.0976073409084704 -0.100001791332034 -0.0964160051646755
0.0554294340060577 0.0722306881850882 -0.328616008997597 -0.0866169610992981
0.0231512702716914 0.0368857268734977 -0.546024438576948 0.00278182311991025
-0.000688198686278974 0.00143837457232769 -0.655476999577207 0.0929273755230493
0.0308732361441479 -0.0525722292385899 -0.744210101918186 0.179523172674286
0.124138518841333 0.00454898672137631 -0.772155087057816 0.0910844698161916
0.0310599814736816 0.0789447721388405 -0.617326163342572 -0.0649571885845223
-0.0583085389420884 0.0219940336515915 -0.252743919834648 -0.132291593615172
-0.038757767712939 -0.031034036573431 0.0914978874772586 0.203278819165889
-0.0213489190281523 0.089260779120431 0.456693134213211 0.418531739749139
0.123182697587515 0.117720154131153 0.600180185390179 0.412476816155206
0.111651560387352 -0.026119060487859 0.672494212905796 0.433501121082028
0.0168998402016394 -0.00470333501718328 0.661961856965491 0.331689730920206
0.0114964005302296 0.0642506653377045 0.499584130605557 0.139583129970733
0.0762226388622806 0.0998112178658867 0.235785384380407 -0.0103104443385593
0.112022748595116 0.119359877427022 -0.0667207140226724 -0.0661661294303488
0.0838315203525214 0.0919218156011579 -0.293320115949219 -0.0717204173280142
0.0323077388515017 0.0515187973856457 -0.534622504621173 -0.0230449131653775
0.00078828232208629 -0.00482361124966126 -0.67621091103954 0.01967304251146
0.0584480335761849 -0.0734696846559486 -0.777532902781628 0.0751390225229231
0.169836670807744 0.0220778330750166 -0.780754873442124 0.00675005407113886
0.0258815811403618 0.111229110836952 -0.626446666750186 -0.115596611876753
-0.0839450864142471 0.0131631359056033 -0.240345885746991 -0.146232467758914
0.101081186059707 0.0130851543576819 0.144243739090004 0.189540136375926
-0.012897161847814 -0.150865665374079 0.552323167329113 0.246162103950793
-0.165084320103892 -0.05633088860074 0.715868440167689 0.0967882991488811
-0.0950140759023968 0.071189317120192 0.744572364727554 0.0427250141277104
-0.0108962956340744 0.0118985865250121 0.695959114549818 0.0401198025552522
-0.0473935545303435 -0.0690272802265973 0.554773484575531 0.00574019258169875
-0.0959309272906883 -0.0974444193248969 0.304357941572112 -0.0222090317269771
-0.127710887346443 -0.0874763443165848 0.0276019248535129 -0.0289772650542056
-0.12298113516636 -0.101333215467131 -0.197312803922806 -0.0809406177823971
-0.0403055542847254 -0.0779701416060357 -0.467035744320105 -0.139610224750446
-0.0202933808928221 0.0173556808463995 -0.661776508715364 -0.225971731196372
-0.127402505388999 0.0823168226443249 -0.775239244523188 -0.289761063437222
-0.191580127231786 -0.0728239176549278 -0.743002792602808 -0.303198605648117
-0.0108222482650528 -0.147400901025473 -0.585735859210116 -0.268175222363756
0.0757832230815384 0.0168530886390978 -0.231561284194177 -0.156268467283909
0.100430581283738 0.0303194076570491 0.119091316563705 0.197325094991142
0.0184823791416708 -0.143119574408015 0.538413479276717 0.313850628381474
-0.144981754757981 -0.0810218713775529 0.687746428863601 0.214151294583384
-0.10586766748924 0.0510388842332461 0.730591729571733 0.21210894414202
-0.0156793277856633 0.00772333202025625 0.706504340066648 0.1680189646374
-0.0431699571119207 -0.0715695072737047 0.546738767948132 0.0496415767334909
-0.0903522685974975 -0.094461900726373 0.269306723269287 -0.0383252890425803
-0.124897883567063 -0.0757140745123919 -0.0219864148383802 -0.0649943903691283
-0.128466933178721 -0.086267440148297 -0.248339948632544 -0.102924194683567
-0.0509963341739367 -0.0666850757465164 -0.499264327216652 -0.105745597338283
-0.0160293797247127 0.0204488595364033 -0.669903699218399 -0.10705419068781
-0.0972264287940103 0.0939339555519324 -0.792298413825561 -0.110868998385057
-0.179868677760193 -0.0291642411976983 -0.781145867561887 -0.165948485071655
-0.0329908704303068 -0.129620625873125 -0.598634983945452 -0.19570980307952
0.0697577868910805 0.00595591321005666 -0.244002088856466 -0.141000720858952
0.0881383957765859 0.0391268156982364 0.094720433340015 0.19910914197965
0.0386313980108394 -0.11186822273489 0.515943956529492 0.382133799791309
-0.100638245027741 -0.081430019543328 0.643301459683759 0.321156743641536
-0.0918593546160295 0.0253395144323119 0.684002404711917 0.369109157011161
-0.0154957730358363 -0.000645811991169695 0.694118095361327 0.294029391676896
-0.0355515320946175 -0.063170221189364 0.534804740032051 0.0922081156182291
-0.0715069636302215 -0.0772635508105966 0.239245799906943 -0.054606989818273
-0.101839914154635 -0.0513074463112607 -0.0683527846197601 -0.0945935853214059
-0.112954556261722 -0.0567971831905498 -0.297697238587852 -0.112550378823749
-0.0503840953434105 -0.0451506072622608 -0.52732106400685 -0.0608543438573957
-0.0126007865684748 0.0219670675431443 -0.663057732524618 0.00462806170668315
-0.0630317107639491 0.0838866219812071 -0.778073407729082 0.0530676901222863
-0.135055061496432 0.00528656310621241 -0.788803915801741 -0.0307099572963597
-0.040137590608289 -0.0905756717652878 -0.605930743664781 -0.123591286174185
0.0513500032648821 0.00217501831309436 -0.254288183742769 -0.125691749506377
0.0665228109571601 0.0341762275342952 0.0764713925574261 0.197288688896564
0.0392180079184273 -0.0699599764012632 0.487358938544644 0.435683730228359
-0.049325799612078 -0.0487648934883688 0.59582873437604 0.406674592175253
-0.0529010842036971 0.00878846820047107 0.626391577713614 0.490073769868923
-0.00858665141937372 -0.00795527316938252 0.665427103679402 0.396136659144438
-0.0272125617245381 -0.0446134003626747 0.519216434252013 0.128024939499609
-0.0453682746438328 -0.0448779298378794 0.217106397860044 -0.0639942820673201
-0.0632916871568662 -0.014932282742354 -0.102894358613172 -0.114570396281097
-0.0786026261689668 -0.0215968385205007 -0.335220655753755 -0.111328454444971
-0.0373050034616497 -0.0211032590686482 -0.545862678477894 -0.0195368084077759
-0.00896048380539046 0.0203190537876667 -0.650717701360773 0.0865815870712955
-0.0337742201263498 0.0583161274814782 -0.74808151855966 0.168900272750353
-0.0714419148189062 0.0175801154172139 -0.781897578246616 0.0740678736528653
-0.0285476829756247 -0.0454019730615635 -0.607224514864911 -0.0679141653454071
0.0267078370560845 0.00621924217100813 -0.260744577397177 -0.115175024910291
0.0399411904573486 0.0145799825367262 0.0668713095828698 0.194940428529298
0.0204644686748671 -0.0273521458071954 0.46483983931903 0.468023784573228
-0.00521528418500294 0.00595238067044888 0.557597331495462 0.460601085541243
-0.000517229307439783 0.00493012939782893 0.582853261824205 0.561205219906631
0.00183516829259369 -0.010608593203208 0.641861317285864 0.45229477558802
-0.0205351430373877 -0.0173860668637254 0.505575018892354 0.150549786575509
-0.0155480816443135 -0.00350530501677279 0.205614075792722 -0.066611128080935
-0.0159124291841826 0.0251546870610844 -0.121450800403808 -0.121806707097909
-0.0333326694086898 0.0124869787314324 -0.353395066655569 -0.102360185512297
-0.0162911923174119 0.00176700877440264 -0.553387553421592 0.0104371810850564
-0.00529644931880466 0.0159929332891548 -0.640695849112645 0.131835625488024
-0.0106371967475917 0.0213586096081453 -0.722886827746705 0.232150189161817
-0.00270897969715803 0.0126526381353772 -0.767490695455316 0.133273269354398
-0.00521761514374561 -0.00220634438646559 -0.606254611974148 -0.0351866483642273
-8.7708427767055E-05 0.0146564520657751 -0.263338646650327 -0.110956432255792
0.0126151169710462 -0.00921320732554925 0.0659214030852141 0.197779752562042
-0.0053066476804165 0.0145889168328246 0.453387585593382 0.473429684315389
0.0372878840642979 0.0650957235074672 0.545202629532675 0.479459331791133
0.0525219452372543 0.0036577856814356 0.581580896497234 0.575958046462882
0.0116727196282146 -0.0110607142525122 0.636064659526593 0.458207020560279
-0.0139114629265161 0.0149360564544089 0.497310047413231 0.158776161896234
0.0159781240266827 0.0397522734503889 0.204412493298015 -0.0569578589144388
0.0340971695498675 0.0641743672671977 -0.120967510294722 -0.115408443602791
0.0157313737294758 0.0449028989905765 -0.352839357313296 -0.0916233539020343
0.00605351329608353 0.0197850656822501 -0.554375351545323 0.0212248744298818
-0.00333600708034634 0.00912865598363505 -0.642836173710964 0.139415369596257
0.00883816578518745 -0.0183192960429247 -0.722873289422646 0.241375445575671
0.0643247721584626 0.00344163795766751 -0.766262464915697 0.143683718284191
0.0188419493037591 0.0404961689056193 -0.61245058899735 -0.029916020639473
-0.0288856569470444 0.0221716881004635 -0.263564507855772 -0.116835124859211
-0.0157964585574901 -0.0263518868213265 0.0760484640745038 0.201891590828405
-0.0218276564164243 0.0564821662839214 0.454639580456468 0.453975839221884
0.0832212066293833 0.107814707207078 0.565468257423377 0.463898543675092
0.0933638179684825 -0.00621064183077548 0.62347048786277 0.530945528808192
0.0159733429437512 -0.00770205085533141 0.65338483393906 0.411792778046459
-0.00277485221794789 0.0440426770905139 0.498226376875834 0.149137176476231
0.0490542255575799 0.0770175962773278 0.214802637242052 -0.0386798289362562
0.079690423317626 0.0965714114754231 -0.102407726208352 -0.0950527735268423
0.0572911016355659 0.0719996359305616 -0.332553076746277 -0.0802346332392912
0.0242025533869972 0.0375109825389405 -0.549480832637322 0.012819398539545
-0.00150446114308951 0.00124032372629963 -0.659751306670752 0.10529143689672
0.0301623119050918 -0.0530510291466073 -0.746879166859542 0.194492763435442
0.125384136943787 0.00238872964684561 -0.776903308638551 0.106745188351104
0.0324040746593796 0.0786584027110042 -0.623161069517672 -0.0540608511715005
-0.0580948426765336 0.0235829126113132 -0.256210645539608 -0.129768564165236
-0.0394317712451681 -0.031332719844908 0.095604696448421 0.203387533911572
-0.0189688003082778 0.0904948237691658 0.467126699060299 0.416011238345769
0.12709002628594 0.116944197185883 0.612499847062009 0.404707533271531
0.111806444652632 -0.027814849484311 0.686304537966574 0.425254799717954
0.0171846630229764 -0.00566665707727426 0.674361008980619 0.32304739172644
0.0124963846770011 0.0649379455336824 0.506415797109485 0.131162479596411
0.0785492293845262 0.0998434052786093 0.236837812587296 -0.0142646405870326
0.115659541227416 0.117434192167278 -0.067534530031726 -0.0645627465594686
0.0861773819478889 0.0919475620507406 -0.297340094752177 -0.0673431586603965
0.0336969257605968 0.0518018816583547 -0.538654832260888 -0.0130600307004845
0.00165821175384199 -0.00470292402228387 -0.681422096861974 0.0313134621730364
0.0576903077345219 -0.0748242266864816 -0.781270902703445 0.0909068447808554
0.171479886943369 0.0192850920362909 -0.785880236067768 0.0228109153361626
0.0275850787147391 0.112262290342459 -0.633547836928939 -0.10395914375974
-0.0847077798664776 0.0155073499771425 -0.2454967383524 -0.143054488271615
0.102101240909034 0.0113718806818413 0.148776857984257 0.188099621388667
-0.0160585953727869 -0.151453978127742 0.558992461634905 0.237459078956012
-0.167189388317994 -0.053530409490151 0.720935185934047 0.0841267080623484
-0.0943585645175255 0.0737380439054013 0.748427710533888 0.0292235261308665
-0.0103941299277428 0.0120236498320275 0.698641097473018 0.0250100864033795
-0.0491746544643912 -0.0685813494508084 0.557046575868441 -0.00555010492212564
-0.0985506909159643 -0.0953743732300538 0.304605092924173 -0.0292213068338197
-0.129036549093079 -0.0847914982767615 0.0278274448900883 -0.0302674088954626
-0.126531473350896 -0.0984685497734349 -0.199792963809557 -0.0768709225914624
-0.0428226043109071 -0.0786318444700486 -0.471156158996868 -0.132193486848589
-0.0189760663063424 0.0180713212739738 -0.668107778498105 -0.212888305763798
-0.125919201441627 0.0855551932844663 -0.785524365398294 -0.274561185685458
-0.194185175224501 -0.0695670985610441 -0.753331192117433 -0.288870463782772
-0.0139663897634013 -0.147547456349536 -0.593793370487878 -0.256352084953953
0.076763264382295 0.0167058380391909 -0.236367922177049 -0.152812299571231
0.101786362257783 0.0282729766129882 0.123565523999251 0.196525006647563
0.0152283239690797 -0.143696666685566 0.547983502662982 0.305069664060809
-0.146495249443889 -0.0784318125523293 0.694380327011886 0.201189938658752
-0.105279667691446 0.0537489070629023 0.736358107869585 0.197011967735351
-0.0151012882701532 0.00743585603071756 0.713258080166543 0.155686084695871
-0.0451008886896857 -0.0710528335379443 0.550431791043874 0.0378342468641973
-0.0920443701373562 -0.092903189613781 0.2687177301204 -0.0431834345060537
-0.125968300160624 -0.0740644158687029 -0.0236360144631121 -0.0645576796890325
-0.131051743334906 -0.083281274655851 -0.250898825277739 -0.09850777381056
-0.0535541167746055 -0.0658597339563828 -0.503207569763469 -0.0951642069497795
-0.0161442325923091 0.0197942325291903 -0.674142924636542 -0.0928920355802867
-0.0951348145403166 0.0961396274058481 -0.798502165140349 -0.0960896052968254
-0.181285982583781 -0.0253283033159503 -0.789484363496574 -0.149539549316062
-0.0363176222236705 -0.129152113555285 -0.60440195453094 -0.185003221968187
0.0705149329953238 0.00507128663893304 -0.248424116191015 -0.136759448155744
0.0888812605693026 0.0378702590092081 0.0995400922480916 0.198138786011089
0.0372980047007742 -0.113440299971512 0.525598666650776 0.371993719670396
-0.102562922956466 -0.0788973629278286 0.653442123384207 0.309955832619463
-0.0918703329246129 0.0279748369828328 0.694371372845434 0.35733751203581
-0.0151479072418313 -0.000109733573083789 0.70203463455104 0.281894447108889
-0.0364289597783732 -0.0632857042310036 0.539193035123014 0.0823541392665089
-0.0732505038454987 -0.0765191067438682 0.237776339152276 -0.0594414419006826
-0.102657502143785 -0.0494129138188114 -0.0698555000632801 -0.0938405531210194
-0.114969640088887 -0.0541608840561318 -0.300579200664865 -0.106819613608194
-0.0524924920082515 -0.0437073795531246 -0.529455123307049 -0.0515852625811447
-0.0111756805035351 0.0221362340310517 -0.666282255728625 0.0187214976695397
-0.0613535964072279 0.0861943341224987 -0.780159595006439 0.0652587575993403
-0.135516435822957 0.00781639110580354 -0.793171751383833 -0.0140801456761143
-0.0424076798946851 -0.091085951806256 -0.610066814771976 -0.113741517132731
0.0524171489762266 0.00166650922859467 -0.258131729678019 -0.121356083681633
0.0668113913337108 0.032804116934075 0.0812343856447964 0.196443044556721
0.0378581098359351 -0.0710042512040081 0.496641232181052 0.427954035076465
-0.0510655831658542 -0.0475018337365356 0.60636156038154 0.397987911911245
-0.0533471203945412 0.00996446959867682 0.63823098136889 0.479830166676198
-0.00851019825175063 -0.00741844239831062 0.675660547869593 0.384302389107413
-0.0283324260047806 -0.044229254457189 0.524917958129849 0.118250242804841
-0.0467321535563487 -0.0450311655690708 0.215276933781261 -0.0687460253566399
-0.0635172150534819 -0.0144679091917876 -0.106446945652466 -0.112827141151992
-0.0801871605268396 -0.0203316287591512 -0.337864872194179 -0.1031500439906
-0.0380280081167015 -0.0204574361916219 -0.548371389235841 -0.00926290983307418
-0.00890063381661501 0.0216939296530983 -0.650294660704805 0.0999163530975274
-0.0321337386802528 0.0593238044861704 -0.746603879812468 0.183426871719979
-0.0722417450708846 0.0189094312818885 -0.784161197667255 0.0920554693021629
-0.0299897442314319 -0.045335131188023 -0.608730061920349 -0.0562614920920018
0.0268453393839194 0.00617149609131982 -0.264527269815369 -0.110467411920098
0.0404992675651123 0.0141614473996702 0.0711361406761801 0.19530521453712
0.0196488679913625 -0.0272558738438637 0.475486817510186 0.460001867944147
-0.0043276400794785 0.00680933734953442 0.570371610302456 0.451570737763031
-0.000629648190476297 0.0049101702296735 0.597572494216404 0.550654905271178
0.00182386521758294 -0.0105650902984974 0.654820096492118 0.442033437639598
-0.0217523615118887 -0.0168093872620966 0.511329504636289 0.140657012283179
-0.0155673811379426 -0.00397580745842249 0.203199878716969 -0.0706481515279945
-0.0151599177380668 0.0248750709147315 -0.124936538633842 -0.119119851594352
-0.0333146423439639 0.014418570150574 -0.356156720301669 -0.095876311772283
-0.0174282053153065 0.0017633743711384 -0.556322959864194 0.0201190165391374
-0.00515746222376873 0.0163062840473028 -0.640881612359409 0.145584763734761
-0.0104342134027662 0.021771300460956 -0.721752819010855 0.246909568263803
-0.00229260277108982 0.0129036551830173 -0.768123269366418 0.150972655120182
-0.00550767624505215 -0.000949832108184411 -0.608928686035001 -0.0230193725793573
0.000419890795256129 0.015593322026439 -0.26760602430324 -0.107685359249053
0.0121162771726349 -0.00960463007331561 0.0699432138048117 0.19818552719954
-0.00445824451807623 0.0156120167628266 0.463882619445337 0.467118397827767
0.0389609386854511 0.0656543348089238 0.555465357737943 0.4732764584884
0.0526630169240971 0.00317354759588304 0.598542909738238 0.567798226453087
0.0113810758945097 -0.0107080072162839 0.649090145764466 0.446529662395943
-0.0136015904422455 0.0147327074938466 0.503465092736728 0.149190125382541
0.0171935927866156 0.0395888495002517 0.203065654004714 -0.0607891671096251
0.0365238313328942 0.0634261028595606 -0.123639823481601 -0.113124210284059
0.0163286488573344 0.0462985314974938 -0.35538222210107 -0.0852519540254469
0.00597600765253038 0.0203910785294168 -0.558531067735512 0.032154983368045
-0.00308106676430994 0.0102106063138812 -0.64160013777067 0.151555830084004
0.00779173240941898 -0.0181277314440697 -0.720580339118607 0.254655479369351
0.0656586561561057 0.00185091503111946 -0.768169624278517 0.159590457211766
0.0195381764562186 0.0399262926970855 -0.614134662971022 -0.0175757283470638
-0.0286068504063743 0.023244457679387 -0.26690465711005 -0.112883463716015
-0.0171493416847805 -0.0261141166181039 0.0800408145018485 0.201587358165049
-0.0211225804871893 0.0577726094170328 0.467019605040175 0.44925783192704
0.0865750733268599 0.106295394459164 0.577565553847586 0.45427906554482
0.0936027604522113 -0.00778102690370617 0.637518199793469 0.520432847706718
0.0164343338404947 -0.00895614245812679 0.664412044975223 0.40097516408221
-0.002330533086381 0.0454057832659118 0.504589240414856 0.139614864873821
0.0509851982354292 0.0763894270605709 0.214531863566041 -0.0415022634422828
0.0837912474261188 0.0951377946362784 -0.105225441247472 -0.0933255329705164
0.0595318723999534 0.0718883165084876 -0.334804846388421 -0.0740968186705587
0.0243565195962388 0.0367107734891733 -0.55118208810602 0.0232350179648014
-0.000716227287755834 0.0016814884042516 -0.658456950546634 0.118811042636442
0.0292020539713014 -0.0544470731021438 -0.744932872544559 0.210697062306008
0.126153329202616 -0.00117196886886978 -0.77718265949908 0.124330178746442
0.0342931597122775 0.0782711664959257 -0.62723463218118 -0.0415297396075093
-0.0573621566084801 0.025351302412034 -0.261025605752931 -0.123933679366164
-0.0405308012534283 -0.0305334840930627 0.100193742003165 0.202974636030645
-0.0171256522513488 0.0912727262444191 0.477745230358585 0.407871767072632
0.131352053415215 0.114037257125722 0.624505165074703 0.3956354118921
0.111654760628344 -0.0296368325818078 0.699042574524861 0.413932925773748
0.0168019834918081 -0.00555843879438608 0.683264053452778 0.311245953565507
0.0139506041749419 0.0653888298238483 0.512442165862063 0.120299054482488
0.0816222022538905 0.0987729776465073 0.237399705989403 -0.0189579236505185
0.120015790730559 0.114925144924843 -0.0694102927694942 -0.0640855416297459
0.0890339584388543 0.0911473197766361 -0.29887642539754 -0.0612600333361938
0.0345817261284466 0.0518854975110713 -0.540525055525629 -0.00301005047779301
0.00160813086110622 -0.00460508653623834 -0.683002187230955 0.0458521479135684
0.0558841686258467 -0.0771042963680046 -0.782904360209951 0.107421450539209
0.172755516627005 0.0152785929648216 -0.789299622825175 0.040135258415544
0.0311608073987057 0.111800109199935 -0.637931409293769 -0.0909704516043157
-0.0848260461368824 0.0170102695148412 -0.249501455798939 -0.139048257747221
0.101962332173189 0.00846467624414572 0.153604753902474 0.185754015173603
-0.0188714179886984 -0.150540450780931 0.565636192327798 0.226805891980152
-0.168241844548876 -0.0495281734233313 0.723417737589448 0.0699085237024654
-0.0927383235900549 0.0768952772904597 0.749365016649474 0.0146514610580203
-0.00973239524004365 0.0114744080852818 0.700091632455024 0.0105490754706224
-0.051116545349065 -0.0677878519038327 0.556534908958475 -0.0169796927398338
-0.100234316092437 -0.0934434219351828 0.303569980233973 -0.0353195600965667
-0.130877186359139 -0.0828426549136556 0.0269940541243429 -0.030794764941681
-0.129689579473533 -0.0950206722766439 -0.201304718978693 -0.0728953943036469
-0.0448613146919408 -0.0781038045865139 -0.474894279745225 -0.122184314522576
-0.0187518329619852 0.0173637855020588 -0.674703540099977 -0.198920713666968
-0.123579043693069 0.0885321691179668 -0.791035557199145 -0.25891920502217
-0.195767335820941 -0.0651191848794751 -0.761102766692753 -0.272036572307781
-0.0179218249087057 -0.147920548281833 -0.598099621522749 -0.245449641033174
0.0776516267169818 0.0149989436646778 -0.240186821419746 -0.148011288427361
0.103125296718561 0.0263513248840361 0.128083160092695 0.194667217457321
0.0123969684371296 -0.144618966936056 0.555690378372839 0.294645547685202
-0.149224926765456 -0.0751757624542055 0.697144757076779 0.187315023111415
-0.104739567511412 0.0568023991008053 0.741806346503951 0.183265013772853
-0.0144159619124391 0.0073335693102164 0.717618342894868 0.140882933313412
-0.0471818395039443 -0.070666397491758 0.552992548752045 0.0269610317761307
-0.0940439405981805 -0.0911007583313771 0.267277673765012 -0.0505893916099503
-0.126868567596078 -0.0718740903166815 -0.0246139246385425 -0.0642129338526888
-0.133865991047712 -0.0795701437129424 -0.254040625798063 -0.0928864053028329
-0.0550761983238023 -0.0655317343508835 -0.505615952296267 -0.0851934409640387
-0.0144529095577429 0.0201152269317521 -0.677473982954345 -0.0787244013604797
-0.0925720838596088 0.0986701856992236 -0.800473595932386 -0.078917867385877
-0.181290868498071 -0.0211029977804541 -0.793477655834026 -0.133006875138853
-0.0388177686791201 -0.128742790965456 -0.608159406154471 -0.174272329615932
0.0708164120166708 0.00442116179957854 -0.251092843151069 -0.130864922416834
0.0902486290432706 0.0355781681824772 0.104221239815349 0.197147759589579
0.0343046219817258 -0.114167469921734 0.532450139386921 0.362410258545212
-0.103706594033293 -0.0765714239849978 0.659409106613415 0.297580714240533
-0.0916577362882889 0.0306223603240562 0.701975700351917 0.343701859216911
-0.0143212363654405 -0.000520300014064062 0.708624585355317 0.26639148356774
-0.0386684226516346 -0.0632089350283171 0.54174252304004 0.0713191062940225
-0.0752091216198988 -0.074309685748404 0.235490766666251 -0.0644316996141524
-0.10319488363362 -0.0470109821650648 -0.0727991789900319 -0.0918179452066793
-0.116579624237264 -0.051430924361809 -0.303384034834255 -0.100233042389871
-0.0539862182792121 -0.043940357577791 -0.531520428086148 -0.0405147791057408
-0.0114577564689513 0.021886991437725 -0.665586116782387 0.0308418317790526
-0.0587227712378016 0.087852667221299 -0.777613535406203 0.0836213209463069
-0.135452996554156 0.0110679789036894 -0.796584234608621 0.00270319518901577
-0.0437868850403224 -0.08937093551717 -0.610559873046667 -0.101126874398957
0.0519598796765513 0.000527371950173249 -0.261655023810315 -0.115788874775891
0.0672625844585362 0.0313859312525839 0.0853607188174056 0.19498765487268
0.0361547354440963 -0.0716292075041488 0.507751022033199 0.418960338643274
-0.0511454163708722 -0.046320888696347 0.615732141485837 0.386032062612165
-0.0529568753646641 0.0113686782742204 0.649060626093458 0.469979096572336
-0.00863323683532777 -0.00782745855866959 0.684955461673582 0.368804231485592
-0.029655915640072 -0.0448198775785081 0.528010525717505 0.107308362765663
-0.0478154604422451 -0.0431867412860515 0.21350425113805 -0.072173078271394
-0.0629799999019967 -0.0132666789468991 -0.108852221602874 -0.110021088755032
-0.0802856304583041 -0.018081235491815 -0.340828744117458 -0.096580867641666
-0.0394844008534041 -0.0202623668200945 -0.549444063144613 0.000843872377047579
-0.00812966167357618 0.0211976875039017 -0.649077504285401 0.113275323020142
-0.0313328429634062 0.0597981470902231 -0.743249918755959 0.200153993240498
-0.071185138889052 0.0202873239715411 -0.782276270442063 0.107342237493889
-0.0313371010739098 -0.0446233414511891 -0.610584732353849 -0.0448933958095235
0.0276292801165308 0.00592980129026545 -0.267766458986591 -0.105759175016658
0.0405464544214741 0.0128962728725072 0.0748408016697384 0.194941186341411
0.0200855183865494 -0.0280322134581837 0.484595546971348 0.45064061529574
-0.00420678088696643 0.00688683172707409 0.57863165486467 0.441013608643754
-0.000657661465889275 0.00569542392645207 0.611379051579554 0.538605038285125
0.00189835417047404 -0.0109979452104022 0.666699640022732 0.42828796451731
-0.0217403797705949 -0.0161671958347993 0.513856683669959 0.130815508391531
-0.0162476958933428 -0.00356402105955042 0.201636262699492 -0.0748694299294253
-0.013177177187815 0.0252451259959244 -0.127038324322621 -0.116491676119331
-0.0329830596759997 0.016075768496012 -0.359251158880543 -0.0879316003131977
-0.0180186594316377 0.0018333344189526 -0.555559591499593 0.0304418676386282
-0.00448743150841226 0.0164677994810418 -0.636726647999644 0.158832830882441
-0.0100252405729635 0.0220956674097593 -0.716801315026845 0.262527616496054
-0.00200947605432375 0.0125676271907118 -0.766599582566683 0.165965389336453
-0.00519410363640154 -0.000873491922931735 -0.610619075140583 -0.0127199771014484
0.000191716138410892 0.0152962973197067 -0.269962074196648 -0.10105581324122
0.0118846825688131 -0.010670119360927 0.0740922989264153 0.197091435469527
-0.00399656326554357 0.0159566431694243 0.474330815734619 0.460717513851345
0.0404520906011119 0.0644930449284107 0.566421868122024 0.461928460171603
0.0529737018773912 0.00238255778028624 0.609729480504676 0.553635559723907
0.0109398826930393 -0.0112961145603902 0.660839855702734 0.434889434699811
-0.0140130303753707 0.0153980706512323 0.508763803314553 0.136639670048601
0.0180658223290829 0.0401381072459937 0.201494133605511 -0.0654477422010784
0.038785271886872 0.0623671415790653 -0.126298747894379 -0.110060542414935
0.0170261750551245 0.0458924200133676 -0.35846037250838 -0.0775392162910703
0.00682558902620249 0.0203736028975144 -0.557055618669135 0.0436017537266925
-0.00335361987996409 0.00923513162522891 -0.639300414258286 0.164725938735034
0.00785398576644367 -0.0176466167818332 -0.716103471280183 0.272424573678937
0.0659676293666706 0.000427075317036885 -0.765221160736523 0.179482653974441
0.0207530087068241 0.039769818787539 -0.618020575870063 -0.00610229361204626
-0.0275626699280039 0.0244464737153865 -0.269551441768475 -0.107653426870553
-0.0174679898252412 -0.0268453679419417 0.0854046149647661 0.201324638542938
-0.0194314041210393 0.0585797016776448 0.476418854246619 0.440882758210973
0.089588724542361 0.105066949582825 0.587152061935656 0.444917486539993
0.094093374031841 -0.00966826105555424 0.649445677292661 0.507455158912517
0.015749047899082 -0.00895491245339401 0.675253300864676 0.385715280818882
-0.000874788692953713 0.0454109252634427 0.508541177154795 0.130670040691585
0.0529305577396221 0.0757003716231641 0.21392138113884 -0.04592683246805
0.0863713377006374 0.0919738163996404 -0.105998504013987 -0.0909748814735179
0.0612295221512621 0.0712277127484854 -0.337247455899393 -0.0678352215269511
0.024899839492835 0.0370216348590834 -0.552122942320433 0.0359031381369371
-0.00154351245999899 0.00171723235488163 -0.65624194958533 0.131977746231955
0.0281541327760936 -0.0543207202182239 -0.74104578027946 0.223847659062517
0.126768476169308 -0.00387908749587984 -0.775342077117296 0.141242337027631
0.0362601494602753 0.0784323127453049 -0.628660398571598 -0.0312660069624798
-0.0568221249242526 0.0272074061771446 -0.26411409919233 -0.119195204776459
-0.0414535150425161 -0.0298588641814541 0.105066938734182 0.201257122893754
-0.0152195403058862 0.092295866110676 0.487627377082904 0.401406151303965
0.134550828192427 0.111147504706887 0.632470598939061 0.383891567412613
0.110556024113472 -0.0319563107746736 0.709007089526841 0.399670695162233
0.0161548301715511 -0.00625631229541743 0.690713254139995 0.295525069365334
0.0152251300109014 0.0646616144131387 0.515481404054875 0.112707662169158
0.084390286373473 0.0977233114617986 0.236577410620888 -0.0239987797026043
0.122853230028801 0.112341198479886 -0.0703945629862377 -0.0622461023820755
0.0916192188544111 0.0893567213180297 -0.300755612037691 -0.0550740948818134
0.0351509585712116 0.0516301506885116 -0.54139943859169 0.00857437328728608
0.00105219047995753 -0.00450297128242256 -0.682323162598464 0.0602607777532877
0.054106719441077 -0.0778287599731135 -0.780904926676418 0.124289728062161
0.173431500218127 0.0108124209316951 -0.788362105791769 0.0548145275106899
0.0336064704362231 0.111704521760609 -0.639710404462291 -0.0796609003666525
-0.0837327357169451 0.0197131694011181 -0.252348554956141 -0.133927512845557
0.102120566205772 0.0066316486544774 0.157334447519003 0.182770770780638
-0.0225432149334129 -0.149308751579791 0.566576210509044 0.21409300726406
-0.16908869263477 -0.0455836541036757 0.722295575136947 0.0555997296463205
-0.0914884922430731 0.0794229244223136 0.749126311130167 -0.00280901437677531
-0.00906472012768262 0.0110378484129674 0.699352240343909 -0.00316968532402951
-0.0528564044282449 -0.0668921463526825 0.555761948423739 -0.0290014896634594
-0.102334728844935 -0.0909907390473542 0.300892276961059 -0.0407722034851073
-0.131398793185544 -0.0790605629788119 0.0271647185982789 -0.0309139521446638
-0.131161808281169 -0.0913924252807337 -0.202960285739427 -0.0687833386914666
-0.0465727406070941 -0.0777236626968382 -0.475086154810766 -0.112557578969201
-0.0178973705836727 0.0173073539691391 -0.676356712576658 -0.184409728538091
-0.120446739343416 0.0910393968722029 -0.794580107636357 -0.243310586908793
-0.196562100620259 -0.0607411313278662 -0.763958582088832 -0.257316446709621
-0.0215144685967357 -0.14729098521478 -0.600894155966506 -0.232118177690447
0.0776863978193701 0.013527588714498 -0.242215911563399 -0.143412755316094
0.10319145074697 0.0235356610004637 0.131821599499474 0.192129909406273
0.00910805859246213 -0.143375116246341 0.557950775874322 0.282289848352302
-0.149453572884617 -0.07082208957521 0.701561210859451 0.174815399092355
-0.103127576709192 0.0597821407281076 0.74439158433972 0.16671648902007
-0.013751086728246 0.00754437142010942 0.717338043379338 0.126042405480054
-0.0487884420086356 -0.0691337295363982 0.551429188562505 0.0147937862874188
-0.0965750665105785 -0.0891491009912436 0.264578830580272 -0.0550424790062626
-0.127670081112242 -0.0697204290217542 -0.0243963877876214 -0.0634890163471008
-0.135107447191817 -0.0761743789884118 -0.254880006994676 -0.0880517162348797
-0.0561498639034582 -0.0650200429883561 -0.506169467933323 -0.0752412423341614
-0.0144209237637455 0.0200017936627499 -0.675395548762074 -0.06522103990096
-0.0901606496315989 0.10016937487383 -0.802267309246201 -0.0636502573426425
-0.182339209908764 -0.0173683944938272 -0.793095031204141 -0.115976804969013
-0.0416992056461206 -0.127610952456495 -0.611469860354045 -0.161861438615584
0.0719790636407406 0.00250375122386934 -0.254321464113296 -0.125590433310461
0.0906397299665409 0.0335845405243157 0.10785042899335 0.194898743070986
0.0327001043658786 -0.114747701130916 0.539241553873679 0.35266715183871
-0.104793155510922 -0.0740971094324736 0.663411599320065 0.284391121522108
-0.0910362868406537 0.0321237793583916 0.708844514957247 0.329052457815082
-0.0142823628357579 -0.000806083249601815 0.715217361724945 0.25147063128686
-0.0399990112118369 -0.0623093206068691 0.543206121624311 0.060574567739216
-0.0773522108927266 -0.0723214261584853 0.232614112104876 -0.0688572459923916
-0.103383466300933 -0.0450039303823034 -0.0742955888697108 -0.090667762040981
-0.117861050875574 -0.0471469275501741 -0.305505509033853 -0.0935463106564833
-0.054947820830971 -0.0425407103624909 -0.530967985692647 -0.029633771135025
-0.0107521190290382 0.0212837893999063 -0.663085570506822 0.0437392892026365
-0.0559960094355342 0.0889047857550718 -0.773695920703504 0.0978486386565041
-0.134116992936244 0.0141090208399967 -0.792872059800119 0.0191759362913027
-0.0464691142499453 -0.088235255672775 -0.612109369592859 -0.0887454137052444
0.0522246341243568 0.000158212403730098 -0.262981068969987 -0.110780029155784
0.0679782864969139 0.029742365558399 0.0892879302195176 0.19377980757524
0.0347936433689822 -0.0723038504059035 0.513361657986752 0.407881905446489
-0.0514081595248546 -0.0454031706716674 0.619949841398483 0.373537566734826
-0.0530507471417784 0.0133088528766422 0.658926279736847 0.453518756047269
-0.00837073468377725 -0.00859617856509614 0.691240378559926 0.356065709824782
-0.0312534813914418 -0.0438312520202652 0.530650095666297 0.0957305091591663
-0.0482025563528558 -0.0422400640257426 0.210360795222478 -0.0772400661720352
-0.0622098190482116 -0.0119816754459627 -0.110066145812308 -0.10817069443278
-0.080571231878469 -0.014822639972474 -0.341725338980232 -0.0894941737018781
-0.0405926658826337 -0.0192479994410465 -0.548803973860677 0.0126101955765759
-0.00708991150150325 0.0206968973028428 -0.645752547298062 0.125180969726039
-0.0287999429149863 0.0606510382052141 -0.736614500407328 0.21264634044222
-0.0701680046851542 0.021965605940723 -0.776803386780653 0.125056074068321
-0.0324878509241634 -0.0429920851792986 -0.608850321311114 -0.0333263621608039
0.0287492925308254 0.00575368619754332 -0.268824404072822 -0.099244478811342
0.0413329034842694 0.012087985707537 0.0789374099573912 0.192812121447953
0.0192564855219676 -0.0281719822297072 0.493612630245458 0.442271890715449
-0.00361710458645685 0.00662983175157474 0.586423133263298 0.42904801084006
-0.000445980427868066 0.00544902525630026 0.621568788231138 0.52645331553949
0.00140830549038943 -0.0118659760805339 0.67221177562041 0.414467898465551
-0.0224874353446641 -0.0159210100509825 0.51575163315169 0.119832647320605
-0.0152582782106627 -0.0032525764750004 0.198497885084819 -0.0784018354841926
-0.0122382314137308 0.0253746855208024 -0.129420879870491 -0.113680586035796
-0.0321896665977699 0.0168320046375612 -0.359776013363901 -0.0808165649033119
-0.0183307589180687 0.00196726993411452 -0.552823486190564 0.0437181099324355
-0.00393659930506555 0.0160919318408415 -0.630878402703777 0.170251243405574
-0.00913644488289429 0.0222747915937657 -0.709541909444304 0.276696104339601
-0.0018880354693393 0.0123009323823167 -0.762022551453812 0.18218917344329
-0.00538234059275649 -0.000967782874751992 -0.608313601178074 0.000440552902016333
0.00126869069092256 0.0159587226801842 -0.271118488497563 -0.0956068540604877
0.0111412907383525 -0.0106034420277633 0.0777568479893601 0.195524915184257
-0.00356278078705231 0.0160154330694369 0.482756040380103 0.44998412822259
0.0424254847160446 0.0642052048295208 0.576281003794592 0.449132839473426
0.0527655100065636 0.00187893189918376 0.621934726225003 0.5426978934087
0.00986564154793877 -0.0117667472193529 0.669114764364782 0.418978047944576
-0.0133816009990679 0.0157034448838086 0.510713598888545 0.12612605113341
0.0193523020544876 0.0397613936187726 0.199086924161986 -0.0678111383820519
0.0411524682667491 0.0608081189126385 -0.128276958060764 -0.107027894748176
0.0189010448432992 0.0460220831380817 -0.358181734267977 -0.0708287642910318
0.00538609855209495 0.0202397423375464 -0.554664714026456 0.0551053726790729
-0.00274275159553465 0.0092714480227961 -0.633817319536418 0.177508286563936
0.00709664182343888 -0.0188066479280171 -0.70788820749967 0.285434531132993
0.0653744329499224 -0.00130416105968298 -0.758919323169822 0.193572234112673
0.0205632087818622 0.0390542554736553 -0.615469009909692 0.00604418485737991
-0.0263923359289465 0.0256683338029799 -0.271284664420058 -0.10109408945969
-0.0186167752044397 -0.026264315162283 0.088121583248826 0.198856333559391
-0.0180260679378938 0.0595865856061722 0.482912860205825 0.430290515398307
0.0921797887868665 0.102283908014537 0.595881818309084 0.432487448378422
0.0930581886924955 -0.0116019702528051 0.660059551355948 0.494442442961146
0.0149668086329755 -0.0096462607940758 0.68198456774849 0.371051744019011
-0.000715955147770835 0.0454413998424826 0.509367798477673 0.117892872141788
0.0552572293910077 0.0740513372440075 0.210975868284575 -0.0509450813235112
0.0896809810552215 0.0900853006997843 -0.108002248356841 -0.0885734637437275
0.0630130732907919 0.0702388343456335 -0.337299694985527 -0.0597449092731946
0.025043805068195 0.036792551662479 -0.549082104214729 0.0452258323990238
-0.000474742403898101 0.00190254174664518 -0.652365961145595 0.144363338108476
0.027013914236482 -0.0550053556727006 -0.734770058933924 0.239880838036205
0.126383375287688 -0.00707022249887166 -0.770313508986453 0.156107489512851
0.0379158628782636 0.0774438949822693 -0.628979497953762 -0.0188266544085609
-0.0557732384588523 0.0285059918844439 -0.265112994424262 -0.113489753708502
-0.0426807675948335 -0.0284113403320248 0.109009342556941 0.200097660099742
-0.0124186334227816 0.092722370546766 0.494333305385203 0.391227127058442
0.137389337621518 0.108162931912055 0.641219258997247 0.37198316558603
0.109681679384449 -0.0351380143458666 0.71756369116525 0.382930232520646
0.0158635817211129 -0.00717560333880644 0.696585969676761 0.280731972221656
0.0158307804077038 0.0648237781849517 0.516453188252353 0.100212395215928
0.0866903857104736 0.0956454879491864 0.235294544895039 -0.0284287511113056
0.126440828501228 0.108896354715219 -0.0726094453727421 -0.0598822708071183
0.0933182198927707 0.0879424141883665 -0.301136324438852 -0.0497253114363109
0.0358149463190139 0.0509504329593251 -0.53888591242662 0.02015477949237
0.00121074578191996 -0.00398008188520931 -0.679759714825903 0.07262586819394
0.0528734420207893 -0.0791651997080115 -0.777214809528531 0.138328254566638
0.17402218160837 0.00680635929608583 -0.786182080124057 0.0710536213718935
0.0349273420526064 0.110985912041365 -0.638820206197449 -0.0666277665795481
-0.0829422636227206 0.0221291418926358 -0.255560521602427 -0.128118427421429
0.101646691377404 0.00361511094614524 0.160910055506413 0.178518135870948
-0.0257853205980282 -0.148699470014213 0.568160791613985 0.204908794575256
-0.169668496326836 -0.041071950500033 0.718691022012483 0.0417666068507942
-0.0884373825636905 0.0811357679520875 0.745178194956468 -0.0159240313617664
-0.00883537268113748 0.0112461492703624 0.695935960740254 -0.0163460502931959
-0.0534340790000773 -0.0665059091301385 0.551060017338797 -0.0396021551802707
-0.103579318168755 -0.0890234297015611 0.296989309425132 -0.0465528815242587
-0.131814869526515 -0.0768297929297771 0.0260374568616112 -0.0311940835030833
-0.132984561959083 -0.0881709238695731 -0.202620623761045 -0.0650671629729391
-0.0488675658787587 -0.0767155153454257 -0.475038927818186 -0.102546273015366
-0.0171352425847885 0.0174075476332413 -0.673988230695587 -0.169600708461321
-0.117527012777351 0.0934318366998105 -0.796710621831474 -0.224321735569994
-0.196976010112041 -0.0564688348675879 -0.765392047720354 -0.23852590113735
-0.0240318563401887 -0.145817908849466 -0.600848794121469 -0.219934900499938
0.0787462254767206 0.0122379626305772 -0.243250022857489 -0.137546563385224
0.103209393639205 0.0214734531028963 0.135665440797394 0.187978850048414
0.00660197268702521 -0.143004775285518 0.56021760508927 0.270643637071779
-0.150178518747241 -0.0675602249065582 0.699852813159239 0.159317364005035
-0.101558083042007 0.0622533733422729 0.743335051425246 0.151442808184485
-0.0136928480589226 0.00685068797334141 0.716587758794079 0.109021434829557
-0.0495787813715211 -0.0688140876174271 0.548549156620442 0.00342327832086526
-0.0975462464782653 -0.0865060530967045 0.261324369855971 -0.0600477607732051
-0.127659440333869 -0.0662251221626534 -0.0265533951701816 -0.0624699513335366
-0.136064443974517 -0.0725349012881711 -0.255737577333656 -0.081180548408472
-0.0585413302662117 -0.0638839550105017 -0.503898294323098 -0.0654972273511598
-0.0133464736260576 0.0190906369838362 -0.673316193278821 -0.0525364706361721
-0.0870919694214292 0.101952255582816 -0.796735616080191 -0.045954035561777
-0.181173186907935 -0.0132038024058079 -0.79128483090539 -0.0996016915971263
-0.0446102301346282 -0.125526164550697 -0.609822833605979 -0.149816539958968
0.0711833414923273 0.00252174259217983 -0.253942631152358 -0.120525754931887
0.0912225606141563 0.0314517589286622 0.111169738929679 0.192252563373826
0.0302506433202374 -0.114410645763082 0.543741082339429 0.340096492015277
-0.105977096080312 -0.0715597002067488 0.665599278560127 0.269771244168052
-0.089232249647181 0.0351017129962882 0.711365959244931 0.312468044873857
-0.0142091008840924 -0.000635138511392 0.71451942740328 0.237870472741373
-0.0415443828875053 -0.0617824268260482 0.54105991669983 0.0483054646747375
-0.0777984101488949 -0.0705060875623633 0.229965796505977 -0.072756730304034
-0.103101561852196 -0.0436696822472534 -0.0753627113195648 -0.0880741806311462
-0.118308582440424 -0.0443504420514115 -0.304543921692125 -0.0870250257464186
-0.0563457879140054 -0.0421924112587801 -0.528382158612812 -0.0200310219112664
-0.00983695581590167 0.021400223971205 -0.657487402256447 0.0553226626866829
-0.0542186549135146 0.089998169105047 -0.767724007327962 0.112275107668014
-0.133477132765036 0.0167824269125846 -0.788488342434952 0.0346121658095462
-0.048740989325387 -0.0865972193997244 -0.6093860299501 -0.0770020995242351
0.0521023785070941 -0.000251878137755955 -0.262988593106398 -0.104852778217448
0.0681361471799278 0.0279452249975096 0.0921978104912599 0.19135941221975
0.034000767559656 -0.0720397065067395 0.520721645296363 0.396557553050993
-0.0519975849580086 -0.044254953946211 0.62416178283726 0.359965301393781
-0.0519858499924146 0.0149044943063756 0.665004696979524 0.438647502686214
-0.0083264465199308 -0.00789511731999114 0.694814457812646 0.338221897503349
-0.0319440683953885 -0.0433581490725221 0.528418494623015 0.0862703662030502
-0.0488514591008222 -0.0408237116316213 0.206759723744557 -0.0805336368069803
-0.0616588179238064 -0.0110400701996759 -0.111641548337413 -0.104585139666633
-0.0807768920564089 -0.013191611177979 -0.341774928358015 -0.0824677074249242
-0.0417331400557917 -0.0178988011519959 -0.542786062106469 0.0233868303101581
-0.00619106189429306 0.0207743912691351 -0.637753874575719 0.137439157985159
-0.0267662756467408 0.0607157817252897 -0.728797365620495 0.226310088189726
-0.0689903812966794 0.0225403264624806 -0.770179855433334 0.139322382889861
-0.0331204255107294 -0.0422376674196257 -0.606072097677138 -0.020429402652003
0.0280620585483754 0.00569692375013028 -0.269562260928999 -0.0931211583182859
0.0408698678677756 0.0108562055018772 0.0823565749957691 0.191578242593603
0.0182344623641139 -0.0282165007774277 0.498464959944046 0.43069926144516
-0.00275598090873801 0.00701376734992414 0.591218461622333 0.417813610222453
-0.000303151958260166 0.00606681512582672 0.629755283289528 0.511070237992464
0.00124017848870449 -0.0121028432497398 0.678346425916432 0.397152076246553
-0.0224824318336528 -0.0159378128337341 0.516573041031388 0.109359673551844
-0.015501342138087 -0.00263719886756462 0.195732591501918 -0.0815195368709912
-0.01062971422917 0.0243272009877736 -0.130575032847757 -0.110221353322838
-0.0322109338401463 0.0186342950949652 -0.359251417734569 -0.0731773508489586
-0.0191574884230368 0.0016622864258533 -0.550400122212017 0.0525672200539637
-0.00331400698034827 0.016166568835153 -0.623461944866009 0.181968046223269
-0.00876632303495052 0.022703879856551 -0.701285299968992 0.287363330734813
-0.00084963461550689 0.0120689403776809 -0.75101494453479 0.197967354640905
-0.00532875238312736 -0.000818497998206246 -0.605519725517782 0.012328597484283
0.00156556764976544 0.0159879530221627 -0.272053200785665 -0.090231671763344
0.0110595250863385 -0.0107521912498131 0.0812298549380267 0.193622590834284
-0.00297636930029936 0.0157879917459739 0.488165591560855 0.438647918070612
0.0442592324376036 0.0624064272101014 0.582112147406745 0.43732645284331
0.0527922514879102 0.000608047794793815 0.629695943606809 0.525934147027328
0.010101149380717 -0.0124667483581132 0.672343295765347 0.402915971855183
-0.0130134631117978 0.0158280548929096 0.51060888770807 0.117264310492222
0.0199921727040209 0.0384054643635019 0.195682106842044 -0.0716129785361891
0.041922350156917 0.0591387958470259 -0.12898217752923 -0.103992034968147
0.0204515513549602 0.0462797927216117 -0.358527534398886 -0.0622442674271233
0.00545606929787349 0.0212802666516238 -0.551110829805487 0.0642093299897016
-0.00187831135876762 0.00926921545617518 -0.62528770029721 0.187396299442204
0.00713364951724189 -0.0179279788608905 -0.7002817010743 0.297538356986589
0.064859491390578 -0.00322622401019139 -0.749942256242191 0.209662214114861
0.0215939433515116 0.038597034209098 -0.611223890723257 0.0159801852664403
-0.0253950375471347 0.025741781571921 -0.271329688914697 -0.0962927743359466
-0.0194953205256791 -0.0256098972959307 0.0923218772268393 0.197166306844528
-0.016290851151849 0.0596333955404363 0.489237223384641 0.419731631029081
0.0938786894258689 0.100952692127979 0.601024468679363 0.418546310698867
0.0918959683301949 -0.013283389150297 0.667736777919516 0.477604031763058
0.0146657345356894 -0.0101075514412736 0.684748668108046 0.354224762350603
0.000222724032280075 0.0447328114987481 0.509224522841747 0.107376380143052
0.0565794442434811 0.0732716947641438 0.208749076487269 -0.0540167283204121
0.0915285829918867 0.0870700921885964 -0.109121217433782 -0.0846252174880595
0.0649948264589563 0.0697398656757074 -0.336261260854846 -0.0531437702006497
0.0253966770469893 0.0365691430633333 -0.545498129963901 0.0548337334756214
-0.00101940842068473 0.00220163047891311 -0.643972155157715 0.157315169435774
0.025979543612212 -0.0548968651264727 -0.726619605771371 0.252919072279734
0.125903985589213 -0.0095633233448552 -0.763762068805933 0.170026624028389
0.0388750462036051 0.0768483691178408 -0.623662351684075 -0.00582916068168863
-0.0544110253505536 0.0301450877417066 -0.266460985506982 -0.10751610478235
-0.0438101230852098 -0.0278498311775347 0.111605594920114 0.19628917686556
-0.0100379821813467 0.0928175689800028 0.499262179802936 0.379925215141534
0.139026294158532 0.105016175050131 0.644485943841841 0.358089007475901
0.108992384162666 -0.0365376157590714 0.72058625525542 0.366421867930495
0.0150249572431127 -0.00690328766740426 0.699181482706666 0.264109884819151
0.0175285257819371 0.0634277373689107 0.515780040110912 0.0886878333125721
0.0883377495255804 0.0934713001456288 0.233074817629402 -0.0321216480623149
0.127477481734549 0.105245241156648 -0.0725604269872833 -0.0589337355698384
0.0946183591626224 0.0860248542126323 -0.299852711895447 -0.0430413736117967
0.0366119807692427 0.050663667172238 -0.534835895996735 0.0304364404925428
0.00123598356342433 -0.00439676167880292 -0.674225352842593 0.0863634501341084
0.0508216157211357 -0.0790196799243175 -0.768850462219937 0.153781245905973
0.173675050345736 0.00333222015705498 -0.781822072033057 0.0859608962997306
0.0373854039322776 0.109863765538458 -0.638465147725641 -0.0547128232587419
-0.0816074643715831 0.0240601034783805 -0.256338200680722 -0.123023868541547
0.100600676906649 0.00126106471497518 0.163154052458004 0.17420625392672
-0.0276993059487594 -0.146652232639668 0.566947669001474 0.192751775757389
-0.168001782240543 -0.0372171542573872 0.713623625846138 0.0294191185251648
-0.0861726564562647 0.0827975731809216 0.736594395948573 -0.0303868017002854
-0.00840683191662473 0.0104775396203964 0.688810861028761 -0.0280871609697775
-0.0551634176832263 -0.0657887339070036 0.546764151208205 -0.0488753774511619
-0.104458520865755 -0.0864046989733976 0.293335763444718 -0.0508577886621451
-0.132078269955942 -0.0731676320000558 0.0261511426297322 -0.031650456275961
-0.13413433895812 -0.0846632542532221 -0.202622722292289 -0.060260763558198
-0.0502882675768196 -0.0756179660861539 -0.472498334760728 -0.0943556895394753
-0.0166134587596666 0.0173487620969735 -0.671548635615005 -0.157219761070577
-0.113862737882453 0.0951195027178315 -0.793313565108163 -0.208813308697139
-0.195967482452967 -0.0533495064548045 -0.764001197626133 -0.22221937904116
-0.0271954609463372 -0.14408137268543 -0.599376919116619 -0.20959725505932
0.0788783726591293 0.0116155739769026 -0.243695622805104 -0.131331112494274
0.101787369126647 0.0190734415886588 0.138475612802714 0.184970710108521
0.0035352150094952 -0.141669393091692 0.559009694851442 0.259186727988811
-0.150202204510344 -0.0637529811029961 0.697296368757132 0.147132491509591
-0.0993786726376911 0.0638062434724589 0.741488431660515 0.136322200563851
-0.0131649739657815 0.00659261080742099 0.712549135534792 0.0970057651508845
-0.0509556735794224 -0.0679183138545141 0.544684166235608 -0.00730643900535869
-0.0984753999602578 -0.084533471345863 0.257478093983708 -0.0631413186931074
-0.127988478626006 -0.063890225803164 -0.0269961240263461 -0.0615504869384647
-0.136753111277084 -0.0686021539791299 -0.254684651356446 -0.0775048099685073
-0.0599954774014361 -0.0627211753649241 -0.50057344384344 -0.0560844912718822
-0.012216390927583 0.0190125657480928 -0.668533108103885 -0.0402448289228901
-0.0845125812749034 0.10234844090148 -0.791199227391464 -0.0303938265416889
-0.179624553905987 -0.0105073204137052 -0.785438710966871 -0.084591225708587
-0.0469676777720039 -0.12354317009874 -0.606046338357894 -0.138803199676866
0.0706606270335683 0.000521496217091979 -0.254278718802653 -0.115125221485338
0.0905728718546626 0.0292815181468553 0.114003485140829 0.188603386515852
0.0281866682620203 -0.113858849586223 0.543484466940732 0.327117887887066
-0.105914163248848 -0.0691069539840875 0.663884478227516 0.257239412829608
-0.0877767842868513 0.0373285720001858 0.71053013677172 0.298793479603752
-0.0140174379937549 -0.000515800347431579 0.713461327201489 0.221798197327662
-0.0423614800173672 -0.0609653774523147 0.536777927118093 0.0376041994174789
-0.0787662866260821 -0.0691254850085566 0.224751139873373 -0.0760592552873665
-0.101828108299942 -0.0406559811788026 -0.0760733344109454 -0.0860710153053997
-0.118321793951343 -0.0411368229886686 -0.303562534646336 -0.0801302534129695
-0.0575896226781002 -0.0401241533349898 -0.524235295038346 -0.0104391885465515
-0.00896405256188636 0.020469350336958 -0.650862585335254 0.0665651320299055
-0.0517632128640157 0.0900993646899391 -0.759339878714926 0.125284841479104
-0.132300455305274 0.0192403741055783 -0.781489598146209 0.0505790084782504
-0.0495652755674538 -0.085476776221885 -0.604400236511778 -0.0664788649567243
0.0527794611609067 -0.000715424446201926 -0.263374353965661 -0.0988051921639794
0.0682749005055345 0.0261908424242894 0.0949160578047699 0.188924257442787
0.0324675998454457 -0.072066650342326 0.522060560816873 0.383068633918993
-0.0524763510437142 -0.0430253901348293 0.626280985403289 0.347484275099944
-0.0511209637773597 0.0169328458161957 0.668066203098463 0.424650219023815
-0.00903596665764888 -0.00873561538494637 0.69698898499381 0.324964640911203
-0.0320661406571671 -0.0426334308904727 0.526201992260159 0.0747149242122402
-0.0496068010213337 -0.0400725442784632 0.202748155699048 -0.0833477058423829
-0.0609816215526797 -0.0102255105311636 -0.112236720244277 -0.102088743211861
-0.0803332598978677 -0.01023914308185 -0.340544169023449 -0.0759169137716103
-0.0417474045081561 -0.0177095761762353 -0.53945663177132 0.0313056284436001
-0.00551404397228923 0.020581336904998 -0.629450022490788 0.14838179973882
-0.0258329349711156 0.0610880683177279 -0.718105691733403 0.236887367259879
-0.0685920189133799 0.0240628065384493 -0.762543753067411 0.151719674193435
-0.0338660837021313 -0.0423130624563954 -0.601682518213208 -0.0126456142632829
0.0286535564675488 0.00534824782164083 -0.26931386406717 -0.0874897326284203
0.0408312134520209 0.010163088020514 0.0851316775480105 0.188981109807389
0.0182034762048599 -0.0278550480434927 0.502415381729603 0.41799343021489
-0.00219152288010149 0.00716876318478695 0.595052539807778 0.403065391460643
-0.00010413486229595 0.00712912109898286 0.633755247320758 0.495021251511856
0.00101841511141069 -0.0122874207491382 0.679270247774042 0.381947828757421
-0.0231286237213318 -0.0156034587965319 0.513730444564557 0.0981774854930255
-0.0153158750191362 -0.0023359449063594 0.191887155547936 -0.0835975051702261
-0.00891789210363658 0.0236909868513265 -0.131427083073629 -0.106791387504355
-0.0306586588641635 0.0200459400799904 -0.357766182996716 -0.0659049751257649
-0.0189396808033774 0.00278257982658828 -0.54417722969637 0.0618202098810334
-0.00283907353442576 0.0153039396282176 -0.615414811685629 0.189358436353484
-0.00830157998460289 0.0224904709612981 -0.690584942532048 0.296880630726696
-0.000895087522680939 0.0120525341936831 -0.741771304567438 0.210410002190016
-0.00609066542273407 -0.000570483653399838 -0.598981775327553 0.0224190759622287
0.00266143454367227 0.0161280289107739 -0.271034237275304 -0.0846604743232305
0.0108125954545957 -0.0107782815186309 0.0848313792435554 0.190667679636757
-0.00286909486956614 0.0162894690038323 0.493429585266627 0.426152652764036
0.0451946717575588 0.0611979823682531 0.583410721331601 0.424305904522942
0.0521257548294326 0.000651584505951829 0.633813548722681 0.510074261456501
0.00970714311702517 -0.0122233820216241 0.675300942387683 0.387353204995128
-0.0124606666522237 0.0159355966244891 0.509091264086747 0.105804006403386
0.0208240647436557 0.0382493172153853 0.19248151561415 -0.0744680977677745
0.0441645557730292 0.056803561714114 -0.129981827550783 -0.100410106353494
0.0210393745442898 0.0457457874236224 -0.355413117002567 -0.0559700399203124
0.00569445374723378 0.0207201944906104 -0.543162614409244 0.073999849997289
-0.00197548042501134 0.00944812657665672 -0.618246836499931 0.198440833831429
0.00664028999098784 -0.0176105037375442 -0.687560035352404 0.308154839933063
0.0647514241397699 -0.00470324653418158 -0.740694156801653 0.220510164552149
0.0224477952529377 0.0384585658340208 -0.605154605773496 0.0273609792079278
-0.0242984990683101 0.0264916592962962 -0.271454153381771 -0.089818668817018
-0.0196951057174726 -0.0246739954526151 0.0948409147186921 0.19325001094702
-0.0151167246746095 0.0588849151647386 0.492866562735634 0.407653299007565
0.0959994730482322 0.0981123466426648 0.604124423095545 0.403518609915792
0.0918054048346008 -0.0139680315813031 0.671977601072522 0.460988090827604
0.0138201700139877 -0.0102245149588055 0.686952816677909 0.339948139256181
0.000752570545317584 0.0449388546632174 0.508014742542057 0.0983968119373221
0.0572208766691998 0.0719066178419678 0.205013301172276 -0.0564796966776252
0.0933520077607046 0.0843990075708374 -0.10940289946385 -0.0826975979669897
0.0662030798077036 0.0676615906817429 -0.334404405086046 -0.0469505887645789
0.0256586163946713 0.0363538116308311 -0.540183004708244 0.0643754664227295
-0.00157901396761557 0.00226908635768783 -0.635579560008777 0.165768390679868
0.0244090260321079 -0.0547054900442029 -0.71532896330571 0.264039526662105
0.124871118029211 -0.0127332420414807 -0.752846744304087 0.182101978691257
0.0398476873029362 0.0749420047624153 -0.617937974584738 0.00509336023019167
-0.0537028261069175 0.0309080472154372 -0.266671389479027 -0.101926085581268
-0.0438061717791646 -0.0270185836125435 0.11470274900768 0.192590833027561
-0.00850208655800195 0.0924108557392413 0.50394810106506 0.369512990813532
0.140863883577196 0.10134613896728 0.646681588649598 0.344719697495844
0.107562570257389 -0.0382919725756772 0.722036026604947 0.349979455846672
0.0143890928659595 -0.00752225743266685 0.696703983436652 0.250215461528327
0.0178769882753118 0.0632039302426875 0.513671646854736 0.078215598036066
0.0895561483963658 0.0915059077835943 0.229748860015457 -0.0351339446295175
0.130147255685502 0.1013315233139 -0.073051124095757 -0.0560265827525581
0.0959372192018262 0.0845748841025414 -0.297375413338501 -0.0377616841726495
0.0366023291322931 0.0501778889860123 -0.529570652671962 0.0393059715840046
0.000305885652087051 -0.00378098435478394 -0.664805051665138 0.0971600633874972
0.0488641235693204 -0.0791128735505234 -0.758829477476262 0.166453010072042
0.171907579650852 -0.00110860656489807 -0.774209587124137 0.10143209604668
0.0392419152975945 0.108258097068646 -0.632925951878861 -0.0431126453916803
-0.0800741372553974 0.026165876636996 -0.256062114777721 -0.117395567898111
0.0998957462164247 -8.11917078032175E-05 0.164831568055372 0.169720011957183
-0.0295668950489307 -0.144736975830698 0.561642475392964 0.181417498063532
-0.166324963045454 -0.0336156947864307 0.705172307085201 0.0198472372263568
-0.0833416770688956 0.0835594699802757 0.728313983925814 -0.0416127057313532
-0.0078435935522536 0.0103705292468101 0.681484193880031 -0.0385009357472737
-0.0565078648080607 -0.0642782292255939 0.54018996121862 -0.0571782681819162
-0.104933287623329 -0.0833270795133931 0.288077266588904 -0.0543515085594199
-0.131359958242574 -0.0713631571208342 0.0253822125400699 -0.0322810646549693
-0.133943919062533 -0.0808493267192916 -0.200780935334767 -0.0577729212938728
-0.0518050148331601 -0.0741850434863236 -0.469341441401385 -0.086423611199709
-0.0163080454544446 0.016862358755374 -0.666627376948929 -0.144965370689406
-0.111574547711326 0.0955041748068024 -0.787617976147944 -0.19450542068394
-0.195637508960805 -0.0489516234770933 -0.758309409226801 -0.208112104709731
-0.0296928650260516 -0.141292606568178 -0.595174165613242 -0.197888801658457
0.0788052986120577 0.0102291521047752 -0.243032783613007 -0.125660062666635
0.101799669140468 0.016626612987578 0.140108966696508 0.181188801632793
0.00151138646220717 -0.140018696184582 0.557829637242717 0.24797927829592
-0.148983409766642 -0.0615347229956705 0.691691393342665 0.135182403416228
-0.0969867939496158 0.0652576715697441 0.734179838270223 0.122211288783461
-0.0130665119159252 0.00681968232809749 0.70762925127476 0.0850015784999802
-0.0511094808386924 -0.0669000440183603 0.539007942480935 -0.0151095360471565
-0.099063582163931 -0.0820435815622521 0.252716276545346 -0.065852117619933
-0.126365325274926 -0.0610740970204238 -0.0279944402930779 -0.0603062827434372
-0.137025441807867 -0.0652414494544107 -0.253620169927053 -0.0721375569272345
-0.060784587521231 -0.0612645547968017 -0.495195520835868 -0.0491961546472939
-0.0111495108313107 0.0184219683983597 -0.660526079468702 -0.0301118738028298
-0.0808132857806698 0.102903376043244 -0.782076414451311 -0.0190974204897432
-0.178356039424717 -0.00690117939484712 -0.778693118914879 -0.0706813306610898
-0.0488145450948732 -0.121659656538947 -0.600361971743785 -0.127663480167625
0.0706855329029522 0.000900079533790955 -0.253205141699065 -0.109290142694837
0.0904162849334384 0.0278172700057818 0.115827840996665 0.184478701016675
0.0259580298392094 -0.11323645538297 0.541566401938052 0.318022588340481
-0.105408015134733 -0.0668772719845627 0.660205121146605 0.245854705537693
-0.0863453869479129 0.0386822658214761 0.709811725786225 0.282983493820551
-0.0137795679568647 -0.00105560700441259 0.710036341852419 0.208225979895343
-0.0431190180538861 -0.0600386066785928 0.53139219796304 0.0281698118599907
-0.0797401647903857 -0.0667740000863808 0.220417084491011 -0.0779996256403732
-0.101018900756105 -0.039588976997547 -0.0763759918341364 -0.0837729318606017
-0.117600538333667 -0.0376806204571713 -0.302326832458447 -0.0751118603536576
-0.0575338424112002 -0.0395731786576783 -0.518886012012372 -0.00334896398346727
-0.00755541606630926 0.0204212604689774 -0.642165154961564 0.0757423930620781
-0.0489841662756868 0.0899819734034639 -0.749145248731967 0.134185909754418
-0.130356148485983 0.0207810564175238 -0.772601521854122 0.0635694127796104
-0.0512526444973859 -0.0830908689793823 -0.599109462602463 -0.0571488961174514
0.0531311386172878 -0.00180915506407904 -0.261442986517241 -0.0936030788425327
0.0678541692737227 0.0249698091657793 0.0975132972059946 0.185446607071978
0.0310431027414998 -0.0711930402345184 0.521826250038979 0.373156990997232
-0.0523199723312299 -0.040981865577266 0.624959856466384 0.333595040903667
-0.0507432394678947 0.0177764034973167 0.666404559333272 0.40857386035723
-0.008948754803581 -0.00793612030966701 0.694449246298813 0.309949851720141
-0.0334222052650666 -0.0424457948662367 0.521940743968654 0.0648360522851674
-0.049755067052834 -0.0386905696889641 0.200089303691945 -0.0848336361273295
-0.059893098559922 -0.00991808450474039 -0.112775291521502 -0.0987897330953386
-0.0796184680223607 -0.00814145306593156 -0.338245488146517 -0.0701989221708333
-0.0420506895866362 -0.016717456885468 -0.532751370838798 0.0384974670189264
-0.00478734078250164 0.0197905577491377 -0.618825655520508 0.155662800370233
-0.0241619030756211 0.0611151178607325 -0.705380729231329 0.24656653474808
-0.0669779617557918 0.0251695318388789 -0.751142272319784 0.162811719404296
-0.0341547308813227 -0.0404026582997663 -0.594298109960822 -0.00417115205428122
0.0293779582395024 0.00500836992839921 -0.267218001840924 -0.0824939660412758
0.0402683109066676 0.00926597074447877 0.0870289536680077 0.18521047286239
0.0170008811020449 -0.0277290535015876 0.504758918453186 0.407048593768256
-0.00154765679388139 0.00753900432506989 0.594781574470817 0.391581374462111
0.000497548314360248 0.00768074217829554 0.63617323900885 0.480068833697445
0.00105447627723243 -0.0119321341938121 0.678690261932542 0.367427861586431
-0.0238262724111794 -0.0155093579294281 0.510863834281553 0.0879424763428621
-0.0155598905864387 -0.00197274889457142 0.187555680568568 -0.0848047310521067
-0.00875829774198348 0.0234331585930222 -0.131404523832401 -0.103465912231923
-0.0297473200055084 0.0205119703978242 -0.355745837496812 -0.0607790198671797
-0.0194596671758399 0.00331500428716123 -0.536561775065363 0.0691034589917456
-0.00243909132473838 0.0150951488920299 -0.603527952275458 0.197412130522316
-0.00747233108994965 0.0222756574746718 -0.677413622620866 0.30639447754346
-0.000873608007157255 0.0119295456160683 -0.733124034976781 0.218808354828732
-0.00547960366363693 -0.000314192119170517 -0.591475889644875 0.0299333053893654
0.00390909209874016 0.0157368405434985 -0.269732133585359 -0.0786091299852681
0.0101124721482276 -0.0109978183467893 0.0860275234110967 0.18765487425436
-0.00169376011777433 0.0166480193554023 0.494234197890468 0.41631358938228
0.0461321979464535 0.0594345819135608 0.584892552717868 0.4112066328644
0.0512597409736893 -0.000706296052494605 0.63677928996258 0.495788800117431
0.00915564049518193 -0.0122348569288527 0.675857010636872 0.372053408005654
-0.0127652050219834 0.0162291175767259 0.505602598545879 0.0958454416168566
0.0214315417549283 0.0370601379664956 0.189066908007339 -0.0754261794679795
0.0449410033391882 0.0560198461188196 -0.130422175665361 -0.0967367329238187
0.0217748078072389 0.0466397395763098 -0.352579892678531 -0.0498099684559519
0.00491118384950625 0.0212729116665525 -0.536451144363608 0.0803801894403815
-0.00206442040609801 0.00904954887261052 -0.607318995491981 0.203563008263925
0.00659691689863173 -0.0172261173368971 -0.674905953783144 0.31437126744432
0.0643398783972073 -0.00584398083624009 -0.728724245252952 0.229422537379252
0.0223007919264241 0.0378917769237451 -0.598349168111914 0.034827958502413
-0.0236263294127274 0.0271146728395888 -0.268752291287507 -0.0843928657876501
-0.0198031430520637 -0.0248943430474891 0.0963392437927991 0.190648464998823
-0.0133022040210764 0.0594610164020302 0.493333429186087 0.396512108691397
0.0969991569823455 0.0950350236936925 0.604850869585271 0.392556665907746
0.0907807212660268 -0.0165150578082277 0.670568707116539 0.446537223054021
0.0140485576047111 -0.00994789579446967 0.685270464841845 0.324755794297613
0.000595248397407967 0.0439994820381568 0.504444053185559 0.0894411344749273
0.0575452518615768 0.0705274747134342 0.202300590548767 -0.0585380154754306
0.0943311496236348 0.08175418314316 -0.109431989988807 -0.0801303249384312
0.0669796738692231 0.0666515017473023 -0.331602771726247 -0.0413804418960742
0.0254250862271517 0.0356629707608976 -0.532069213674382 0.0714098224289621
-0.000425927430369816 0.00240655194232057 -0.626717490373259 0.173573435092293
0.0236524835270357 -0.0546606981208485 -0.703174170752626 0.272129745845655
0.123731093234359 -0.0147638991915923 -0.742091778138611 0.193244372814496
0.0416787540676856 0.0738734421344437 -0.611204391534185 0.0147644552340122
-0.052105708765807 0.031178015209032 -0.264806240045355 -0.0968842046180212
-0.0442144337619097 -0.0258857153549227 0.116285564732586 0.188970262922629
-0.00626832858216689 0.0913793399005046 0.50422386239856 0.359256965578226
0.1415489512834 0.0984087325785253 0.64469522346482 0.332360742864739
0.10545060309018 -0.0394121056095578 0.719786539110909 0.334447803363788
0.014061931521665 -0.00732500699865486 0.692661293322197 0.236118800076534
0.0188061133807326 0.06225344975262 0.510168127934034 0.068768502458447
0.0906458157819865 0.0889442692737749 0.226288137939284 -0.0376635982939264
0.130873084720697 0.0979488380670516 -0.0720492885587787 -0.0546873873113955
0.0972139227657485 0.0819613326019976 -0.293822924092264 -0.0324306560093512
0.0357321448739341 0.0497226350467044 -0.523039254901464 0.0471191756077032
0.000485019127527563 -0.00350050145211705 -0.656407971205193 0.1062021658323
0.0473741077711875 -0.0786225120453116 -0.749722621310577 0.176891001768087
0.170539601994006 -0.00407499159342925 -0.763692083501017 0.110181213927079
0.0403001161824319 0.106324725318063 -0.627067345862852 -0.0335233300371639
-0.0786920145829198 0.027150951197814 -0.256659855954017 -0.111520781066525
0.0984545647313062 -0.00136051813984609 0.164432144424258 0.165928069732114
-0.0309365754632562 -0.142292781727908 0.558135295512295 0.172405189303173
-0.165245154889414 -0.0314471663934458 0.697757290542551 0.0113349252816587
-0.0816501141888529 0.0843750401061851 0.719525642576897 -0.0484601079405522
-0.00796992995718486 0.0091119956756501 0.673082885923317 -0.0456614848409376
-0.0566259742025362 -0.0632570996227456 0.533120830982268 -0.0636381477390515
-0.105284817600698 -0.0814187786481355 0.283907451980445 -0.0561494944526313
-0.130906552978794 -0.069112783323845 0.0249639563499175 -0.0312359333393482
-0.133389135113662 -0.0769219960736562 -0.198892488710492 -0.0537835373561264
-0.0517533278455085 -0.0730517149651211 -0.462925140980554 -0.0793310410567485
-0.0149203379515981 0.0160686297856962 -0.659754695290574 -0.133945473921185
-0.107915051663605 0.0966852849694283 -0.779346070097529 -0.181156556700457
-0.193584493071555 -0.0462069220346342 -0.751622527465094 -0.195169402330947
-0.0309999191142263 -0.139704883462967 -0.592209401772849 -0.188527048466184
0.0784145713085608 0.0104437294054482 -0.241484935862883 -0.121998326498121
0.100963579067962 0.0157936244497293 0.140497913564532 0.177698105497626
-0.000944724743302249 -0.138573763972644 0.553603321422021 0.239655497395264
-0.147398500298566 -0.0580928144928849 0.684148977252307 0.124726614024185
-0.0939027246518768 0.0663177186520851 0.728675918772618 0.112098196561763
-0.0123493271656616 0.00590444942450664 0.700292832577267 0.0755137819363328
-0.0526200750207165 -0.0661520366580095 0.531184351196257 -0.022214040273163
-0.0989489976889297 -0.0798559030731198 0.247461146361599 -0.0676371864173265
-0.125857298126191 -0.0591114388290846 -0.0284106919919217 -0.059447998120803
-0.136548729083286 -0.0616951379379794 -0.251088795087144 -0.0684845940885759
-0.0609722528568176 -0.0596630018566261 -0.488966716578844 -0.0410251710213641
-0.0107798885858583 0.0176210464544326 -0.652242930783178 -0.0207261034935244
-0.0786608975954009 0.103050818400201 -0.7737506141865 -0.00851234183940142
-0.175690057421438 -0.00453604036616749 -0.770759244758317 -0.0583437015477943
-0.050376959790159 -0.119066995013221 -0.594813042657767 -0.118827987769726
0.0711349474390789 -0.000627694646966177 -0.252151861911232 -0.105078341679955
0.0895001234339328 0.0258871097861545 0.117089492730454 0.181161212135721
0.0246640543381978 -0.111705509432461 0.538857950028499 0.306030831488392
-0.105048317463746 -0.0639858361221205 0.656344136084222 0.233895523362468
-0.0837702345553599 0.0403254256802566 0.705200359665171 0.271903959759423
-0.0132998861898132 -0.0012698806985142 0.702667235597891 0.196252354905147
-0.0438805175019463 -0.0591557750608411 0.524746492888456 0.0211104620292111
-0.0792219191919785 -0.0649577321399144 0.216358429732094 -0.0793766184754141
-0.10134352793288 -0.0383235515841129 -0.0767151210595738 -0.0816504774527931
-0.117329374224797 -0.0356124417322385 -0.299407027257858 -0.0705498665774525
-0.0579059078207451 -0.0387499423088495 -0.511340881503157 0.00233501364101893
-0.00731221013756074 0.0199514792408424 -0.631993259305681 0.0820618433445736
-0.0464413471681274 0.0898198778324561 -0.737927985659969 0.143580481758522
-0.128186828095819 0.022445202045846 -0.762291012463747 0.0723705441935809
-0.0520398366186487 -0.0813648350620897 -0.59237383808462 -0.0497359076819181
0.053046852487313 -0.0018361906886592 -0.259291441468487 -0.0891078332296742
0.0678170240417061 0.0237212796631318 0.0975835123786216 0.182389352839308
0.0296801775835622 -0.0719770733281436 0.520271637033685 0.362887115083264
-0.0516073370267861 -0.0401153017273027 0.620316626685103 0.323330891171979
-0.0491775873016948 0.0189072440090522 0.665093073143754 0.394198416808365
-0.00846348792248071 -0.00843123905474845 0.68891287101961 0.297327641074928
-0.0335013114946507 -0.0408664377975872 0.515866451766572 0.0565487687732408
-0.0493539881072235 -0.0371835741681068 0.194594341021959 -0.0861658837881535
-0.0587186747137707 -0.00878691315212295 -0.112568062327414 -0.0961222239919067
-0.0787891385297836 -0.00632480937129237 -0.334279370094132 -0.0640675270241698
-0.0427675385627656 -0.0154842688726441 -0.526372226381661 0.0452901676143811
-0.00503679713168594 0.0186636277119157 -0.608992110016361 0.15984849112457
-0.0232196801627272 0.0609146330864046 -0.692369757204735 0.252733464788012
-0.0654440264227642 0.0257912036548268 -0.738076308042004 0.169190733852759
-0.0344762069812958 -0.0394259713308668 -0.587276935218605 0.00381409964515989
0.0289403155445296 0.00484178718910175 -0.266047184996434 -0.0786414745822079
0.0395782736210527 0.00892760983333351 0.0881211412921363 0.182763661503026
0.0172127190042306 -0.0273616969608208 0.502122451802356 0.396479458723577
-0.00203233918811813 0.00682034223169806 0.591414316272938 0.378326083203422
0.000514956923680762 0.00723795713691007 0.63509101939779 0.465590101535946
0.000383564243250031 -0.0124921188615423 0.675675621118882 0.353797570103275
-0.0241747058156105 -0.0150226503584806 0.504665365983582 0.0807631042210387
-0.0153440028212018 -0.00167305870421936 0.183868820938235 -0.0861587333056146
-0.00725544562135877 0.0228455778386102 -0.131428739038114 -0.100246117583404
-0.0289467256439688 0.0214067006158783 -0.351695955120616 -0.0546986628131325
-0.019341742378797 0.00395099397178902 -0.5294401121154 0.0745979992569354
-0.00206370610781599 0.0147229558381585 -0.593679130932695 0.202269650967094
-0.00688268992643848 0.0230074925988112 -0.66371017861985 0.311173712818016
-0.000366724849292754 0.0113115443611601 -0.719489342522585 0.226862509845243
-0.00590427409730421 -0.00022910835802435 -0.584501176743927 0.037099157720168
0.00444549680851827 0.0164697941467026 -0.266885820382063 -0.0745411550525861
0.00949704956281391 -0.0108525068356162 0.0874403861768445 0.184525650651333
-0.00171855303151036 0.0169087288711211 0.493554962760912 0.405681994511049
0.0472736014541502 0.0580010855483419 0.58312360123401 0.398898197272134
0.0514316819308554 -0.00088575494553878 0.636814673034012 0.479406199957826
0.00870499864578123 -0.0131087975105613 0.671121919267407 0.35911715215935
-0.0123988583334442 0.0163420300643709 0.49931335652454 0.0875809451421872
0.0214797447212882 0.0371897030435226 0.185085411824476 -0.077132501085964
0.0455910513712809 0.0535818829969092 -0.130221378414863 -0.0937955845865412
0.0228124585787587 0.0448271482005669 -0.348795298501293 -0.0450004664813573
0.00536096303596463 0.0214042878714072 -0.529520535440557 0.0863170132233696
-0.00120115031765426 0.00926665987752371 -0.595354636506172 0.208179229618264
0.00645474069535488 -0.017458158268343 -0.660680850121575 0.320313476453308
0.063086727393862 -0.00705834980306334 -0.715663889167613 0.235825431553921
0.0227682704653005 0.0370626532767093 -0.589818084806335 0.0419199447958995
-0.0224087895789186 0.0271889296084526 -0.267941568895819 -0.0796420094607758
-0.0211150588122625 -0.0236002625750022 0.097740058050131 0.186867997130065
-0.0120496274983632 0.0589836880523229 0.493078183037203 0.385794547238384
0.0964901614376084 0.0923256117129049 0.602851625982743 0.380478602869599
0.0887348785044988 -0.016488263330634 0.672186776924463 0.429918706835014
0.0125455902941209 -0.010411661041606 0.680078152007415 0.311714643489137
0.0011155630027231 0.043474636728887 0.500275166209842 0.0806697354209174
0.0588097439735909 0.0682651916612904 0.198245280588891 -0.0603332411877569
0.094489163343475 0.0785911492831705 -0.109291364271759 -0.0772567258614196
0.0668399000768308 0.0655125009358397 -0.327399107777393 -0.0370384007399133
0.0243809192477038 0.0358941991712464 -0.523880489369527 0.0764090148885976
-0.00104648231638262 0.0025289495580899 -0.616389142486057 0.178086707543979
0.0225192301467089 -0.053463190662239 -0.690432590909225 0.275846171434668
0.122330422863653 -0.0162324594898499 -0.730623767159585 0.199292675632836
0.0414297469097204 0.0729153562712798 -0.604336461484906 0.0191496883727513
-0.0499000534869747 0.0314716723812471 -0.263184255453326 -0.0921803349642016
-0.0443771913062939 -0.0243019098921121 0.117749151044928 0.185447126404438
-0.00527736283662458 0.091052355185021 0.501092771953007 0.349227597068177
0.141628461618043 0.0947406792116279 0.641822369751509 0.319808895337793
0.103882200418204 -0.0402532943633977 0.715665608863061 0.320830419880326
0.0136947383116539 -0.00733890620621216 0.688968790645069 0.223533118711232
0.0196174401641252 0.0616541990865065 0.503439108621667 0.0612553061073134
0.0909575846887049 0.086392592347751 0.223327271824519 -0.0398669246986807
0.130963664397253 0.0941870031728989 -0.071690395758174 -0.0527711992448697
0.0973173271232144 0.0807171658199551 -0.291407323127165 -0.0288266777243811
0.036673849514545 0.0490325423267763 -0.516387044620628 0.0511481240663743
-0.000233893404160095 -0.00357252567888342 -0.647489003383486 0.111286707083585
0.0452882470441339 -0.0787403201272572 -0.738071622308509 0.184059052246111
0.167799854928481 -0.00670614832092687 -0.750404116575075 0.119157189918938
0.0421147794957285 0.104853276570789 -0.61904924909224 -0.0262789842602946
-0.0761733479180858 0.0274971082419533 -0.255174004002368 -0.106183261158582
0.0973759468536451 -0.0030630210076965 0.163543647430759 0.162124835763164
-0.0324702370414778 -0.140007831304848 0.551707101315213 0.165511797507193
-0.162673202392503 -0.0292016294024876 0.687295792199872 0.00479808490023425
-0.0788911252732819 0.0842361033465133 0.710419404927212 -0.0546639468095636
-0.00640568798852519 0.00909650325113693 0.661512684067841 -0.0517755460858003
-0.0560384057345983 -0.0623904359050144 0.524483544943784 -0.0688347467224743
-0.104993819235811 -0.0793773191895346 0.278574936853449 -0.0580428088730425
-0.130008792610269 -0.067516797784255 0.0243952985143649 -0.0312097622968594
-0.132499437175965 -0.0743853599556086 -0.196157871693774 -0.0516421880348368
-0.0528945222553669 -0.0725817010813347 -0.457922344995822 -0.0768397292070409
-0.0144963616427102 0.0149488324456479 -0.652516616081586 -0.128299584511099
-0.10490966253822 0.0965779697141677 -0.771167584505765 -0.172568455123472
-0.192203183163447 -0.0429824382507355 -0.742903642039295 -0.18589725461127
-0.032524974222186 -0.137417024168014 -0.585114182514103 -0.180626855157757
0.0780208986553596 0.00912243119407778 -0.238308426706514 -0.116846797565552
0.0993287636970487 0.013787538115323 0.140092152874074 0.173329098129775
-0.00153643667995103 -0.136168779475333 0.548012449588199 0.230727806637833
-0.146427120327747 -0.0559968841924958 0.676259268131907 0.120003646360304
-0.0918430723577713 0.0668649699018454 0.721630344579529 0.104947983375853
-0.0125695164354219 0.00592207206490529 0.691266283640428 0.0675239921603134
-0.0525284804378518 -0.0654960822422925 0.524443628737221 -0.0271624389409319
-0.0990187454830311 -0.0779945751070709 0.243284720337114 -0.0682253911360323
-0.125069215120551 -0.0578153502393054 -0.0286224242496989 -0.0583241930995316
-0.134326357514537 -0.0594242779531247 -0.248503737517794 -0.0648161821406337
-0.0620205695290186 -0.0593577684223152 -0.485211768700684 -0.0367741243371001
-0.0103445254583767 0.0169091180534618 -0.644033617725157 -0.0154005644220556
-0.0756163991122092 0.102953467285612 -0.764860203745756 -0.00185227564825073
-0.173527515375375 -0.00320684589681378 -0.760648987263571 -0.0511649965519348
-0.0506856345318468 -0.116581629927857 -0.588188587971785 -0.113685734054478
0.0706179514785945 -0.000693516703897859 -0.248903967546979 -0.10108931912165
0.0888835125981804 0.0241911797843907 0.117124786248366 0.178757084857946
0.0226904782665225 -0.110193554213896 0.534762152586864 0.299010810624893
-0.104106770858452 -0.0623790866926406 0.649630880383494 0.224719424995403
-0.082645605065923 0.0408942694009189 0.698444408816142 0.26150742032667
-0.0135378119037109 -0.00129323230999572 0.696935914166349 0.187069929428234
-0.0435943344870884 -0.058447089860867 0.518492715182753 0.0159816973592525
-0.079326222778259 -0.0632380570077906 0.212530125119534 -0.0794363226155261
-0.0987646762538423 -0.037572911047487 -0.0763092785344355 -0.0795666194230326
-0.115725257672043 -0.0334414097179474 -0.295819946570051 -0.0677931666939328
-0.0587484539998604 -0.0377033989639879 -0.506351578522122 0.00743589809718649
-0.0069076174912175 0.0188042171095167 -0.622748316930093 0.0866656353174732
-0.0454128966718528 0.0888697206232308 -0.72699377254573 0.147888186245703
-0.125980408770775 0.0234828390143819 -0.752640004605719 0.0790697545345154
-0.0518387942172884 -0.0791301997549853 -0.584155534514457 -0.0445807970281625
0.0525810426600583 -0.00226870210501422 -0.256865284307462 -0.0850673148703451
0.0668876121156809 0.0225691908214015 0.0985370864053514 0.179126707470502
0.028584752371677 -0.070594872106155 0.517537966490361 0.354432825180818
-0.0512470009536698 -0.0394184141804225 0.616172078125162 0.314051375444747
-0.0477914356055428 0.0187684686876574 0.660472177084761 0.384016234317199
-0.00883090745318643 -0.00834577482564769 0.683802906619335 0.286789634853857
-0.0337017376762686 -0.0414198730655837 0.510534285515795 0.0516731886485914
-0.0496795068180122 -0.0365010650084449 0.191459292557906 -0.0856467052760754
-0.0572241732298549 -0.00947557249141123 -0.11303280952504 -0.0932872912460245
-0.0775271237229506 -0.00562517704431183 -0.33054396283671 -0.0606592353793664
-0.0424036215186382 -0.0152799255854977 -0.518909983859227 0.0502409084810876
-0.00424543149554994 0.0184038365648394 -0.59952134966076 0.162548418011129
-0.0214364270688126 0.0609068093351527 -0.681772614648958 0.254329734436148
-0.0651301336327446 0.0257548028834684 -0.726337502985921 0.175523343228606
-0.0349131575378191 -0.0385395856046681 -0.580735588819851 0.00944779140050467
0.0297436916657093 0.00536863270228575 -0.262234044642586 -0.0745261575453581
0.0391214188362528 0.00764944489220324 0.0881228695289049 0.179509131577991
0.0173960187206355 -0.0268594798356935 0.498652247747178 0.38784574538012
-0.00118247929781906 0.00673666928194193 0.589261183019392 0.368997576027426
0.00150379043561695 0.00756469508850697 0.629735019301856 0.454940891224289
0.000156310293968447 -0.0129702752656806 0.670748554075293 0.342593183863507
-0.0243079474725135 -0.0148603911796563 0.500272714048267 0.0733581360502266
-0.0151158689128055 -0.00116434858704382 0.180698481113671 -0.0861934908154094
-0.00632861242655221 0.021829029230682 -0.130747048534464 -0.0970574083854359
-0.0274887127433009 0.0217771933934692 -0.348267949595931 -0.0512011921303155
-0.0197366802795266 0.00458838534681434 -0.521637988531291 0.0783925732590206
-0.00260722479356595 0.0138351830906876 -0.583847264405869 0.20378099866112
-0.00620507327950056 0.0232691587097244 -0.652313306850206 0.312348350779879
0.000252157793724121 0.0107864569746685 -0.707173174637242 0.23040139275286
-0.00612438652914238 -8.38407517246391E-06 -0.575519962585951 0.0410112848832163
0.0054473919356898 0.0162996853004313 -0.265015690721371 -0.0702316031140362
0.00874061903771049 -0.0107941268316391 0.0877306539517103 0.181811967845629
-0.000810670749522983 0.0163876786878762 0.489661160255959 0.397740405109831
0.0470538100708135 0.0573939712673658 0.580035391239504 0.389771852989655
0.0512519232006865 -0.00176816615119314 0.631831422011247 0.467378957472831
0.00845520376628877 -0.0133232987135099 0.667673756801693 0.347828007457796
-0.0125398545507145 0.0157782503292007 0.494797202287574 0.0809766804827103
0.0221280970779234 0.0362777475647515 0.181489652346427 -0.0770049865295598
0.0463310481470348 0.0515644237698095 -0.128846686636956 -0.0906335206676823
0.0220031682332775 0.0449094664329205 -0.34439810422442 -0.041065590688479
0.00431221946564319 0.02142230915184 -0.522612211965075 0.0894006396441375
-0.00157133893835874 0.00857227148748562 -0.585715615918572 0.211309738674292
0.0065096963514602 -0.0160150167675683 -0.650030724742972 0.323079481742346
0.0629076373408308 -0.00781366784036713 -0.705972647964357 0.240172857647931
0.0230733224590889 0.0362690689916253 -0.581886298560381 0.0458119720886019
-0.0204445732160648 0.0269853895518826 -0.264371647478787 -0.0767779209110989
-0.0208132843451152 -0.0230028446904121 0.0976515069924288 0.184288952269214
-0.0110425451706121 0.0586699992568089 0.49069615020406 0.377790209940629
0.0974996931495598 0.0902123816327236 0.599507085917159 0.371251926910265
0.0880304560503964 -0.0169537776033391 0.665744627197989 0.417614050533967
0.0120023306771641 -0.010522950970325 0.67464807355344 0.300992219948293
0.00089954997837428 0.0438628036595093 0.493650706572325 0.0739231670756222
0.0584273615924983 0.067084266824659 0.195813490000133 -0.061282818909519
0.0944349644636127 0.0759030816238127 -0.108052032003434 -0.0745871317541483
0.0681583530543263 0.063749187291442 -0.323980915740375 -0.0345478312877371
0.024527797592477 0.0356910828150199 -0.516749158180884 0.0806967930390675
-0.00175264715190305 0.00283485022821647 -0.605856881900372 0.181848906094124
0.0213564823343956 -0.0529984969753196 -0.678683363688176 0.279690684255687
0.120204493296065 -0.0180870213161575 -0.71866894737756 0.205842491779859
0.0412773402575139 0.0713907121078786 -0.595553480065499 0.0241779027077013
-0.0482978215622652 0.0323586311116303 -0.261173336215511 -0.0881974128437975
-0.0448391723959191 -0.0234653073091373 0.117581015950405 0.182537594779596
-0.00328705012554253 0.0897618136336095 0.499528557431924 0.340521090972991
0.141095703157324 0.091910191523669 0.637594673374476 0.310872388690284
0.102425462898212 -0.0399943786940298 0.711419659176315 0.309785987273331
0.0127747593380317 -0.00758257910515209 0.683260019632866 0.213921888957638
0.0192636247631951 0.0607828892825156 0.498479164526044 0.0552175157853884
0.0905008773552064 0.0847823170764328 0.219261006667887 -0.0412703621235144
0.130986663156943 0.0912520152284464 -0.0719676616688269 -0.051082850519532
0.0985302168740769 0.0781390082538208 -0.287828853591937 -0.0269483878704173
0.0359189209044205 0.0492478558810587 -0.509887052537109 0.0557468859427459
-0.000669692881468301 -0.00350302851341721 -0.637427671089339 0.117693286116039
0.0431450565032182 -0.0783070393986501 -0.725328096062283 0.187603007564213
0.165867519091438 -0.00808757451695999 -0.738818238011757 0.124739841007796
0.041677458782139 0.10295776926625 -0.610926626169394 -0.0208253441107763
-0.0746764292698538 0.0283562656903127 -0.251610014988784 -0.103306123480011
0.0960523289441392 -0.00345757248960192 0.162705485136773 0.159303613777648
-0.0330694807796541 -0.137696768269393 0.544597173465173 0.161739718965408
-0.160607230518071 -0.0276313634288434 0.679871857690065 0.000731697936184903
-0.0778336801047872 0.0842791035206383 0.700980054187514 -0.0602226053526364
-0.00706507633907213 0.00817095403873521 0.653698103313647 -0.055262383493371
-0.0565768417254433 -0.0615422629702066 0.516772973440376 -0.0712357293060971
-0.104519828151687 -0.0776067771585758 0.273934756407143 -0.0586588214579833
-0.127584088389045 -0.0657585934026405 0.0235733448855908 -0.0313007392654332
-0.13080279812398 -0.0723102703790231 -0.194008995544233 -0.04982975620813
-0.0535594277530838 -0.0709063951813913 -0.451991283765684 -0.0710108220405481
-0.0134773432415961 0.013647792786657 -0.644095344343397 -0.121483196791166
-0.102993238870576 0.0953927328870175 -0.764250576510863 -0.164302161445043
-0.189658521412975 -0.0417472923337335 -0.733747128537384 -0.177128322482846
-0.0330188268004217 -0.13549775312084 -0.576479374267538 -0.17456338885157
0.0776961566477289 0.00888086896634304 -0.236925913794432 -0.114122467760781
0.0985495735742242 0.0123403793194449 0.138860505197989 0.169854891805819
-0.0025734804027833 -0.134432539196944 0.54173940758321 0.22564805544914
-0.144916021194775 -0.0542240196332162 0.668209167199742 0.112909224341144
-0.0901444989170954 0.0675054880812696 0.710930279418296 0.0990887160025951
-0.0119803498238525 0.00549229007027881 0.682475443415358 0.0625840492991509
-0.0525897479838228 -0.0640844757364571 0.518110614482449 -0.0304911304030903
-0.0981812758756531 -0.0765515029974722 0.238692433856542 -0.068862212009872
-0.123111527342691 -0.0564597807102465 -0.0279866909569034 -0.0565418754549889
-0.133875798323214 -0.0567304640353742 -0.245531305033866 -0.0629426136152556
-0.0623995721174934 -0.0578909289990003 -0.477964555561657 -0.0330609433475553
-0.0100401437051371 0.016447404888743 -0.635285976910773 -0.0110409807541267
-0.0737022944250769 0.102176382278301 -0.752928002593802 0.00277930625007298
-0.171670654719254 -0.00101238983520367 -0.751330999578288 -0.0448298941234287
-0.0520644098593285 -0.114678651624171 -0.580007581584691 -0.10849746829281
0.0708441839530742 -0.00125616446624388 -0.245743020873517 -0.0978839340193692
0.0871622612283029 0.0237249465667217 0.116210959737147 0.175722094491402
0.0218565932648217 -0.108904542433399 0.530033366914027 0.2922096102749
-0.103206544877517 -0.0604644323211009 0.643845443715856 0.218682312894971
-0.0804301011256548 0.0414068539833588 0.691646222084323 0.252413451126904
-0.0129477610372275 -0.00161912593379668 0.689361126262757 0.180768337595396
-0.044078553319001 -0.0574123768507982 0.512544365962857 0.0103380055645242
-0.0785198618733682 -0.0620807899410186 0.208623163745988 -0.0798301323710557
-0.0976925574793667 -0.035821084590105 -0.0753409316880802 -0.0776753896082823
-0.114351456364642 -0.0317089066419775 -0.292587935101247 -0.0636388062620542
-0.0586894941940791 -0.0362739274407308 -0.499861075209701 0.0101908064446072
-0.00647678878797467 0.0178541602611516 -0.61198782161129 0.0901929189483651
-0.0428710486133922 0.0882072754556925 -0.715420903963265 0.151308180338212
-0.12454633151083 0.0237479010052679 -0.739401049850483 0.0818273362401118
-0.0520501576730128 -0.0779678740660077 -0.577546547457547 -0.0406832226198792
0.0528076297820567 -0.00171327770559361 -0.253128192193767 -0.0828019091225455
0.0656494512199527 0.0221439609387379 0.0982538306727797 0.176365647153169
0.028506835059406 -0.0701275547548763 0.512757936590746 0.347060596218421
-0.0508639222689366 -0.03864791759924 0.610509986030439 0.304766194072493
-0.0468020466286275 0.0196456669742638 0.654368791355581 0.373657939673513
-0.00893425194097876 -0.00885561307313657 0.67622456788919 0.277183287677683
-0.0343546269986578 -0.0405539262594556 0.50447381620674 0.0451281506196124
-0.0491751247837847 -0.0365187578105613 0.186752235932385 -0.0865898221790773
-0.0562145661490014 -0.00917307964984836 -0.111878558074883 -0.0909400681358627
-0.0766238734657571 -0.00372657868953981 -0.327029089046483 -0.057325004332138
-0.0430296076345282 -0.0148427775605498 -0.511688083811282 0.0524255226301945
-0.00404403843661146 0.0172405797110417 -0.589304352228646 0.165433247945422
-0.0199484977896999 0.0594179159585528 -0.67163914246353 0.255508236527765
-0.0633845327336248 0.0258412847318263 -0.715213350524281 0.178424135487899
-0.0349224154457286 -0.0374303532187089 -0.571225704729498 0.0120988468506808
0.0304130233035906 0.00449876144790665 -0.258665824052508 -0.0708927304940606
0.0382303568335175 0.00745103911075801 0.0884265772144787 0.176621017812518
0.0168197730678479 -0.0267640039846172 0.49538537227838 0.381739959159384
-0.000480288672406692 0.00654528517235421 0.582790448060119 0.361975074354435
0.00189019229116653 0.00748800547663732 0.62609462716643 0.442731933742045
-0.000588914176634215 -0.0130704125883328 0.665337808425555 0.333081827450239
-0.024031118701576 -0.0147846847688942 0.494186671638131 0.0697641326693278
-0.0147000118756794 -0.00100544006944643 0.17740370889054 -0.0858567980016871
-0.00665398048051135 0.0213008077204267 -0.129899637415336 -0.094830322609733
-0.0277542138961152 0.0222721170367175 -0.343749336437477 -0.0479343607336756
-0.0197585252221561 0.00495883136285714 -0.514086062230361 0.0803415712540259
-0.00199439502003125 0.0138533993698041 -0.573660167031891 0.204146817427813
-0.00541502089517777 0.0231372924234291 -0.641018057275822 0.313143202864225
-0.00054688685426644 0.0108717230699631 -0.696367210425983 0.233003313051375
-0.00565279699381165 0.000798506336581259 -0.56773184412262 0.0431884762073694
0.00575138224759843 0.0163504661194957 -0.261435335775066 -0.0671691491043369
0.00869448774732905 -0.0106467121373434 0.0875886101388476 0.178459447681771
-0.000866185375700198 0.0162736014863502 0.486297352076347 0.390035742445962
0.0476731664998518 0.0555340028172305 0.574798991387407 0.380619825264306
0.0508514806581627 -0.00162292388596626 0.627811049710212 0.456912555873992
0.0077844904635612 -0.0131217766457169 0.660919073459501 0.337312213070561
-0.0126702561466114 0.0153306293214952 0.48840805674601 0.0762115500949416
0.021368111828203 0.0358698959601181 0.179135083687173 -0.0773070110645699
0.0463225842811383 0.0500402107709872 -0.127949366066422 -0.0889091595646886
0.0242035395385613 0.0446164057375102 -0.340078212633072 -0.0390826578547233
0.00473964291166898 0.0210807650268567 -0.513683562694207 0.0928856503705209
-0.00177051599375233 0.00753220964282661 -0.575676408327387 0.210691656127064
0.00600931083626078 -0.0160754558449067 -0.639946364015826 0.321904825361139
0.0611640888148641 -0.00810798507502302 -0.6927630337831 0.241844009120407
0.0229710629173585 0.0361206814534901 -0.573186077753583 0.0485687059319493
-0.0191223019425937 0.0270093236336791 -0.261564656600923 -0.073017924530876
-0.0212654680469326 -0.0234001363521086 0.0977416827272788 0.181432153717129
-0.0102836693511938 0.058145802549292 0.486978110381015 0.370299419940192
0.0966326925262125 0.0886582783757557 0.594151321689057 0.361238352036171
0.0872196651162656 -0.0172438994681408 0.659241902782762 0.407523710671293
0.0118153901174094 -0.0102768528259595 0.668635661974262 0.291765325218695
0.00204564145266706 0.0426710303764926 0.488603584117321 0.0698309809819679
0.0584422296882281 0.0661484641211565 0.191270185848859 -0.0614225269967125
0.0943009733051766 0.0729942869211692 -0.107513947968511 -0.0730471117353388
0.0671408478710355 0.0635910919831807 -0.318370962422213 -0.0315702589495214
0.0234086580141264 0.0357419470795733 -0.508748590937841 0.0835189846126586
-0.0012320736830806 0.00230920047507502 -0.596124219990017 0.182864278746782
0.0210462885385776 -0.0523879155373503 -0.668719945521625 0.281008006177363
0.118099544565116 -0.0182593643747436 -0.7064340509153 0.207717806293336
0.0418056901392478 0.070807521242719 -0.587893002035801 0.0264783720064258
-0.0470738064972239 0.0319682573906498 -0.257388639730088 -0.0847437687722672
-0.0439639621290341 -0.0228875993150337 0.116708328273217 0.179249915876713
-0.00282573604285318 0.0885378181511465 0.494065879361673 0.335044900393098
0.140524599808261 0.0893493578687466 0.630806788561772 0.301704711381123
0.10084484505522 -0.0407452036799854 0.70386932215916 0.299441706337774
0.0119000702926424 -0.00691075445356886 0.673689625912711 0.205909823863848
0.019821780187404 0.0597870640884361 0.491890484112799 0.0501299049668192
0.09052181734901 0.0831688700299258 0.216215017568331 -0.0415978723291477
0.13023433431361 0.0876086377868344 -0.0711704058833248 -0.0492533372787418
0.097339816331543 0.0772616234444502 -0.283121085657534 -0.0248622898274686
0.0348361723529591 0.0491773878646804 -0.500949274030564 0.0578683180332645
6.62376392459602E-05 -0.0031671640897077 -0.627434278266699 0.118865098377144
0.0415843088757457 -0.0766543918675288 -0.714239817141148 0.191522504594662
0.163554579564572 -0.0103635611012689 -0.728579445895571 0.128070404799946
0.0421718900772143 0.102294440811095 -0.603986416071321 -0.0172882143807644
-0.0731352966741993 0.0284077146074529 -0.247871254835326 -0.10005413107648
0.094405131049965 -0.00381425420176268 0.161531568176839 0.156193661544453
-0.0332373767788018 -0.135352447049539 0.538747804859774 0.157212388884307
-0.158815522887839 -0.0268100011044802 0.670103508304117 -0.000868920504453919
-0.075581028289239 0.0832603049291413 0.691582035944453 -0.0618173445015455
-0.00668831120727488 0.00804761077196833 0.643175172580241 -0.0578049998733814
-0.0565504680535595 -0.0612084788457301 0.510077356400994 -0.0736000859040778
-0.104988408093726 -0.0765034744764075 0.26945993033711 -0.0583258325367818
-0.126237890702555 -0.0653796900732872 0.0234650499748976 -0.0308356861285042
-0.13087801959903 -0.0695682813892268 -0.191533879448703 -0.0487182705710791
-0.0529493431477346 -0.0700027354438944 -0.446846562791609 -0.0691490100576703
-0.0127788301916864 0.0143843097339777 -0.635223596190396 -0.116575338702921
-0.0999139074055371 0.0951485211825532 -0.754650082221855 -0.157669631320316
-0.187582876473657 -0.0397711043292402 -0.724249372216713 -0.171104490180294
-0.0331435710268708 -0.13326262844367 -0.569128823092367 -0.171409896641346
0.0776303069712223 0.00881143447398001 -0.233616245452819 -0.11139981503923
0.0969847414670756 0.0125222755838867 0.138096773000458 0.167799010561026
-0.00335107819272634 -0.132496332814437 0.535674393288264 0.221663846247564
-0.143256159782101 -0.0525234420442277 0.660279764647257 0.110941670232679
-0.0881481297080474 0.0674573773012972 0.702296769825819 0.0954411750737761
-0.0110298442686876 0.00494024129216852 0.673148760554689 0.0588313300808422
-0.052464393876555 -0.0640783007389253 0.5102298340028 -0.0327620011570282
-0.097488796795166 -0.0753253616366247 0.234949407243564 -0.0682559405444373
-0.12109332470477 -0.0558032690083864 -0.0274873113339004 -0.0559485180017258
-0.132381097151296 -0.0544639119883692 -0.24213093846171 -0.0605383258161083
-0.0625992021362743 -0.0568974334276826 -0.471912602375905 -0.0316671688287671
-0.00949786941010933 0.0152837049983162 -0.624630984579665 -0.00792916609177265
-0.0711575318916263 0.100845309358168 -0.743452307327119 0.00717339590937982
-0.169107275979307 -0.000104597083161799 -0.739223381235501 -0.0416385790235944
-0.0519026661729265 -0.112941220213253 -0.572883995949313 -0.106174988144961
0.0702880958008858 -0.000768490580158467 -0.242574731036 -0.0947372116728188
0.0860359308395918 0.0226386341945406 0.115886769915939 0.172705134557891
0.0205998448514853 -0.106827241013918 0.523994186610234 0.285787992948571
-0.101586780258345 -0.0593490634247912 0.635355089368072 0.214410440668257
-0.0792056120434227 0.0415847811893447 0.683358621964571 0.246080343026532
-0.0121157987013707 -0.00152080191129086 0.681600784512796 0.174847361849427
-0.0442343687699244 -0.0567478589993642 0.505438933395698 0.00790078925881164
-0.0779249206975304 -0.0607666058149534 0.204666860463288 -0.0782628722579991
-0.09558676386438 -0.0358903598105768 -0.0756689329927563 -0.076361656556721
-0.113756721158884 -0.0300056004125656 -0.289630740702351 -0.0614719541273697
-0.0585062295074487 -0.0358564273196567 -0.492827008968252 0.0119584800956704
-0.00673729686622463 0.0175044594885554 -0.603777537469128 0.0883975899439805
-0.0419067682769472 0.0872839888970571 -0.706610084121467 0.153381799059102
-0.122644028055216 0.0236676836259552 -0.727657457564824 0.0843352620319055
-0.0518490738868886 -0.0759784835577375 -0.569654358585159 -0.0398766903413716
0.0521231979446147 -0.0018187087869749 -0.250684185764712 -0.0793242169116603
0.0650513719863092 0.0212128029318693 0.0971863026882851 0.173387018430459
0.02732007794561 -0.0689168044741909 0.50657770007167 0.341046653469702
-0.0505886843749891 -0.0376357284600916 0.603044889914553 0.299630894607477
-0.0456391868731439 0.019938797695759 0.648157711550703 0.366828549439038
-0.00885249032392693 -0.00839984680571764 0.669129247147885 0.269303572047478
-0.033587795685986 -0.0405202997751277 0.498635276986418 0.0431749451407189
-0.0485598043316426 -0.035705099098203 0.183638678562823 -0.084954386569921
-0.0549214187561837 -0.00906185917311293 -0.110497655130378 -0.0893708660457579
-0.0752743857691719 -0.0033100497888104 -0.323512790601071 -0.0561606724982801
-0.042863767169755 -0.0140221823323319 -0.505207356209082 0.0525333344317664
-0.00366415750939276 0.0175047885130027 -0.580710235841697 0.16432331172823
-0.0198421300273521 0.0594208513206317 -0.661253489562054 0.25568169359717
-0.0620524635435361 0.0252909956894893 -0.705824533749495 0.178260582355122
-0.0337485222601463 -0.036665171399494 -0.562498194540011 0.0148567821019699
0.0300440352212084 0.00437189109001155 -0.255847873084465 -0.0691345327155315
0.0378373667453591 0.00778636444762422 0.0876125937152584 0.173572023063605
0.016422488590783 -0.0266150708939464 0.490903966674184 0.376154807522225
-0.000692579103452316 0.00611228340377332 0.576861506811691 0.356245038835609
0.00176015134417789 0.00745967936484663 0.619616421115841 0.433196477779264
0.000295108234642599 -0.0120694876983181 0.657743942182386 0.32516174790681
-0.0241140697903628 -0.0139906030790685 0.488748149566586 0.0655888582241859
-0.0152211362621114 -0.00116720676478455 0.174092339387203 -0.0850988099421867
-0.00564574958008677 0.0197437472026486 -0.128119909532034 -0.0924478021991609
-0.0263152713592251 0.0221344332190524 -0.339045601346956 -0.0462143378429063
-0.0205502763271302 0.0051311853785996 -0.507321749673152 0.0813269946716839
-0.00263924048584417 0.0136228585055887 -0.564184525788382 0.202073915979944
-0.00472082649815708 0.0226871745017369 -0.63101880062677 0.310307011265857
-6.75509821897614E-06 0.0104966521735602 -0.685888611258019 0.233262075780502
-0.00611851220499309 0.000838858387091822 -0.560943245898165 0.0432275137135102
0.00585844434009038 0.0161972593049089 -0.257220593902723 -0.0656895583530979
0.00801752630407752 -0.0105630966264111 0.0870460320092729 0.175963101298503
-0.000446961307204356 0.0161867042937076 0.481519981310591 0.383214800250382
0.047550735774641 0.054523614098281 0.570060555737339 0.373011834766097
0.0502768169884286 -0.00218279255029087 0.62159750481914 0.447952595727489
0.00702495672537216 -0.0125072026143736 0.652874562683301 0.328520516238078
-0.0129508669797376 0.0153644273986958 0.482428825398003 0.0730733911597677
0.0220077680434689 0.0351026349942298 0.175321147250614 -0.0773087561555125
0.0458325441778186 0.0490233017078188 -0.126052963060071 -0.0865193588041827
0.0229394171100207 0.0444076167308907 -0.335668216913808 -0.0364697059158932
0.00405875090899477 0.0209103396962558 -0.507351953649043 0.0925929666009326
-0.00138705640027698 0.00748912193137745 -0.566442064140155 0.208872018465041
0.0056155973929126 -0.0154849132244674 -0.630386786955926 0.31916218859643
0.0608051018139597 -0.00879145898559039 -0.682599804177419 0.242931440033542
0.0220343462987803 0.0357249608358438 -0.566272968361135 0.0493176980290411
-0.0184770225711071 0.0268413687271172 -0.257403396594939 -0.0708966821137375
-0.0207724137860312 -0.0215076445434865 0.097013541872225 0.17837537069393
-0.00960639305802604 0.0571984966818687 0.48237215112094 0.365478228299382
0.0963366447940882 0.0867818625664688 0.58824802730968 0.353911243363554
0.0859855813590256 -0.0179804671147458 0.654106424709876 0.399280382636318
0.0109075756189015 -0.0107952540096273 0.66111512952835 0.283387036002811
0.00170798570358074 0.0428212552059452 0.482281264082772 0.0648706485914721
0.0587532640617213 0.0651590924621252 0.189413217523498 -0.0604106880363237
0.0935392416627022 0.0713014730004791 -0.106523621231315 -0.0706567695233566
0.0678065766616058 0.0626216037491333 -0.315400184913165 -0.0296369261468204
0.0236977547513092 0.0351998123542258 -0.50215848567527 0.0840010810879359
-0.0010708395051478 0.00203343791240118 -0.586161842759889 0.182167411483993
0.0202154794399402 -0.0516271626146358 -0.656660331337469 0.280134395778191
0.116642145101193 -0.0193319451365561 -0.697229770762433 0.207195035917216
0.0417598857819778 0.069421911961282 -0.581458361940108 0.0286747059391792
-0.046030023694131 0.031941517311677 -0.253834126245443 -0.0830937091356361
-0.0447145669907001 -0.0220848069982328 0.115934278202366 0.176494376389393
-0.00222998096746693 0.0878439700864443 0.489018941190734 0.327991503461629
0.139104183181755 0.0874481456400924 0.624693378160885 0.297001278642093
0.0986985403132365 -0.0404949855923154 0.695681262354184 0.291380085843678
0.0118280697188135 -0.00758229531288707 0.665827235469841 0.19907329628047
0.0189758186107598 0.0600809473542678 0.486057936370454 0.0474350429398344
0.0906062295400586 0.081858558578103 0.213189685069702 -0.0421656521037265
0.128910454034372 0.085034400118162 -0.0691107782227377 -0.0479883172998602
0.0963388634228106 0.0758889867116139 -0.278309676794002 -0.0227250738650353
0.0349722772860847 0.0492756182491334 -0.493961694971136 0.0591358285881602
-0.00036444500157956 -0.00300188660143506 -0.618552015871992 0.118532781175195
0.0423791684331393 -0.0758456422147019 -0.703926530005188 0.19050853089666
0.162242592781249 -0.0109155036274005 -0.717300335759414 0.128708900573012
0.0422038858033764 0.101113234930162 -0.595334039014674 -0.0151369303146882
-0.0714463524019197 0.0280106657518029 -0.244966314067531 -0.098002847043596
0.0931328679763079 -0.0049541429248131 0.159758796390933 0.154385710050142
-0.0329554635063301 -0.133207520813061 0.530990368447988 0.156020421520005
-0.157373819309047 -0.0252370145431672 0.663323756911164 -4.68041005836837E-05
-0.0731555006316284 0.0825520090871337 0.682545180223213 -0.0617431790272312
-0.00679236714769779 0.00723505269861822 0.635617942628826 -0.0588036833119304
-0.0565524167425789 -0.061115238510618 0.503731813474542 -0.0739055111053469
-0.102950556897693 -0.075115231312915 0.26593158628247 -0.057668936711671
-0.124590866751558 -0.0640646569353367 0.0231471730095733 -0.0311566980064775
-0.128431915516785 -0.0678208743928951 -0.189058505525609 -0.0483629145678911
-0.0542434115262454 -0.0699408600505399 -0.442437144325707 -0.0689477688425685
-0.0125895622903362 0.0126755580897519 -0.625930829100892 -0.115600087335683
-0.0984434053543531 0.0943226546665318 -0.744042462193811 -0.15546914462133
-0.185295102891207 -0.0389967786814336 -0.715833398464616 -0.167598118878496
-0.0343820805121739 -0.131342528377886 -0.561842133445903 -0.168227589992366
0.0772420954734016 0.0083739595173821 -0.230525399039804 -0.108914423598941
0.0958440486240041 0.0121389937529727 0.137110978577431 0.165008443544203
-0.00326545745838038 -0.130834699655314 0.527669735544223 0.21887467776065
-0.140856543360938 -0.0514154849685828 0.652764558279554 0.108649759804341
-0.0869438882688125 0.0668194715138492 0.694303736276333 0.0914033002732473
-0.011209901147091 0.00449000004034019 0.665611737432108 0.0548828972463406
-0.0529150071362652 -0.0641908309207992 0.504048023862531 -0.0342546852790182
-0.0970842769910387 -0.0736767963858876 0.231516155138306 -0.0666341159731413
-0.120362958387068 -0.0552204868259091 -0.0286389376433331 -0.0554963638796068
-0.130984258209778 -0.0527807353944312 -0.238889424533282 -0.0590951310404244
-0.0623132546709962 -0.0565106274557603 -0.467586702645637 -0.0307354323379297
-0.00913006925601129 0.0142046211705508 -0.616894287685466 -0.00902408724656299
-0.0698825588489633 0.100298111159718 -0.734369584690615 0.00847695867909259
-0.167098570946169 -0.000227753259341144 -0.730671072674593 -0.0377252623374692
-0.0511010014173634 -0.111054630394195 -0.564354173894206 -0.10479498582651
0.0706771953569282 -0.00143688085103 -0.239282601721882 -0.0934479351309601
0.0850383724914901 0.0227388987451753 0.113604095731505 0.171145839045072
0.0204944618414988 -0.106042079298935 0.517393587804558 0.282831853403206
-0.100465054044251 -0.0584266156363581 0.627968712011882 0.211718577578554
-0.0777671121177339 0.0410187374369712 0.676498097133453 0.242132029380309
-0.0133117910654172 -0.00196713886483011 0.672990327953236 0.170822360882367
-0.04384923455759 -0.0566591888730945 0.499337359683865 0.00618535816051567
-0.0776722885371393 -0.0606387189484243 0.201944932115354 -0.0773534129468247
-0.0948069439591924 -0.0356460952185276 -0.0747238273493003 -0.0752662188331761
-0.112190833182191 -0.0287571000882417 -0.285960540935706 -0.060882962425889
-0.0587135834906956 -0.0351585710532404 -0.486526125232416 0.0117436464944848
-0.0063185306639378 0.0166994025688701 -0.594285571929589 0.0897674359812097
-0.0406815088350847 0.086831625849228 -0.695738167335565 0.150607852101629
-0.120857856923625 0.0240930199134872 -0.721571800770129 0.0846751560200823
-0.0514873225884893 -0.0750903754122545 -0.562688823291552 -0.0375140046934758
0.0530102511335568 -0.00252979387241083 -0.24680339699573 -0.0777326836053769
0.0640749093846332 0.0205981812689981 0.0964687071993962 0.172611272617031
0.0269875109247363 -0.0672772932516843 0.501043115427571 0.337896407083912
-0.0491592232328661 -0.0373339756587316 0.597750775453163 0.29566687520735
-0.0448684530476486 0.0193970775870269 0.640773370149887 0.359244430753303
-0.00881233319246539 -0.00863654286717527 0.661381808422747 0.265661937674907
-0.0342506285199971 -0.0395897134967818 0.490944049016687 0.0401291895342343
-0.0485930363639138 -0.0348300067735477 0.18162486568424 -0.0842889425535546
-0.0547945952047981 -0.00943420236139099 -0.109093841319168 -0.0877637102140686
-0.0745854303855955 -0.0018694641444147 -0.318453243415751 -0.0550397133561385
-0.0435301250971407 -0.0130854108336936 -0.498479754533718 0.0532434495322033
-0.00397373043116574 0.0161510628482089 -0.572970433309696 0.161368756712385
-0.018848215094311 0.0591146865498033 -0.652659596579819 0.253292503688646
-0.061064479075926 0.025201672986533 -0.696074312656018 0.179516610335664
-0.0336354471064699 -0.035855002999506 -0.556514175007102 0.0122368159739385
0.0305293741956815 0.00427983674708612 -0.252276583711309 -0.0672121609300705
0.0373466040484687 0.00744900204924901 0.0862993514923706 0.171966245063502
0.0161527702962477 -0.0260233268602256 0.485436569121459 0.369625093530768
-0.00108064797958179 0.00642003706803619 0.569256504536533 0.349150217866087
0.00192230747534618 0.00753114104090806 0.61420966991201 0.426964255516418
-0.000118821653655864 -0.0126798567090384 0.648738347805619 0.319488280868173
-0.024051820238068 -0.0139651866854725 0.481523153896498 0.0636522267088905
-0.0150507850723079 -0.000932833261984082 0.172272193124406 -0.0838237361490474
-0.00519325365675492 0.0194460119352699 -0.126658347105497 -0.0913066265777267
-0.0258575921936565 0.0227920671541965 -0.3350766351819 -0.0452257959852513
-0.0205208402808614 0.00513131998670995 -0.501532681313595 0.0796706290180033
-0.00200571621694341 0.0130598932399726 -0.557589900055465 0.200370541163212
-0.00469028141208439 0.0227076298986711 -0.623021726203768 0.307088163255006
0.000364890488781544 0.0104553502568052 -0.676377709818237 0.230140783454628
-0.00573398664982943 0.000916665448981485 -0.554164859230097 0.0431533994690611
0.0069583791622251 0.0156058896256797 -0.253589208960094 -0.0648711380755582
0.00736517610128036 -0.0106887367318398 0.0850094418447749 0.17509404544032
-0.000214787018599982 0.0166561407199173 0.477552838865094 0.379737120751408
0.0473579512139678 0.0541628269462814 0.563928896611729 0.368087128182628
0.0500503593327675 -0.00128704805994999 0.61774775425891 0.439300345476177
0.00729645971443834 -0.012844480860845 0.646140925116993 0.322359473661282
-0.0131418539297866 0.0155423407876436 0.476442808279255 0.0707002444535838
0.0211489782579542 0.0345254446729032 0.173265411199377 -0.075381192586875
0.0462458859406381 0.0466313767389362 -0.124660955823485 -0.0852552340044043
0.0234591520141418 0.044043122211508 -0.331942003597774 -0.036147233256422
0.00320938841009551 0.0218903389753522 -0.499446340914066 0.0925156608319101
-0.00182719085108433 0.00784148495460447 -0.558404486810123 0.207947354560465
0.0068552177032464 -0.0161040667425872 -0.620447096874869 0.316951637015415
0.0594291080073494 -0.00949288217623869 -0.673898767207003 0.241440715721369
0.0226741723706602 0.0353831093944438 -0.558893739648089 0.0479839099119171
-0.017991576531099 0.026567938555859 -0.253941051561401 -0.0696449565996301
-0.0210099209719903 -0.0216790737942825 0.0950257779505443 0.176121180657321
-0.00855404676614864 0.0568611970165129 0.476631913607832 0.361414721975031
0.0960143714241975 0.0851245146730647 0.581731215804901 0.349228260051898
0.0850328798438279 -0.017890133953552 0.646017874804321 0.391189756409551
0.0110423140802976 -0.0104598049687439 0.652282651978255 0.277826938673457
0.00163027926722066 0.041662671575109 0.476736956734515 0.0629992198476931
0.0578507626917937 0.0643688731931486 0.18634554522688 -0.0603408052475472
0.0933761671023979 0.0693936805777528 -0.105455720050263 -0.069618279469383
0.0672047865889824 0.0617755141588573 -0.309576225432831 -0.029358648915984
0.0233911115724149 0.0359937307010516 -0.496144506888273 0.0838727497589211
-0.00104163891756693 0.00216259061392977 -0.578340217123295 0.179264943951363
0.0206947147604798 -0.0503261886631028 -0.64835521461332 0.277699049870177
0.114402999419175 -0.0192933280284229 -0.68729522609704 0.206106626282739
0.0420198842832286 0.0694015634025007 -0.57289433600611 0.0285632332440531
-0.0444326917986363 0.0319583456447939 -0.250792661118949 -0.0819295794029652
-0.0438459608760978 -0.0214922827032895 0.114586425226422 0.17436378599174
-0.00170716307458511 0.0864207792585346 0.484095655939729 0.323251387285365
0.137692202158082 0.0862424211019109 0.617916084935227 0.292255455561981
0.0979746443660637 -0.0412387992868978 0.687997897011111 0.287410938499153
0.0108784364232623 -0.00723478477551912 0.656300881193257 0.196601532574147
0.0179215133343582 0.0587342263636951 0.480255459370581 0.0432877999203558
0.0894350365316219 0.0805127705561616 0.210263382141203 -0.041260636197973
0.127904754936748 0.0839835798516097 -0.0686570488891067 -0.048015001299151
0.0967716552434656 0.0747588706251502 -0.275773409442496 -0.0235772772426918
0.0341642215661988 0.0496416787065079 -0.488207057892302 0.0583504124931414
-0.000936518404136045 -0.00290705390419532 -0.609162546994553 0.118550501594029
0.041310691031532 -0.0752135406132266 -0.695388938362357 0.19016004855874
0.159446503113983 -0.0110646539093566 -0.709126946169594 0.129090375418311
0.0418723842338361 0.0999646769499202 -0.588235264190468 -0.0146494903115044
-0.069728819825361 0.0283136903074506 -0.24267694624077 -0.0962600434953043
0.0916155787943894 -0.00385338886818566 0.157625401024306 0.152520603565283
-0.0332339019295693 -0.131574021819917 0.524922242192892 0.154336590777181
-0.155162930370824 -0.0254991397835006 0.655417873799761 0.000567974736399407
-0.0718236490449642 0.0822833338444311 0.676479003176521 -0.0613925580521903
-0.00623366517961748 0.00678279621911733 0.628186578804729 -0.0557225058044251
-0.0564490941820294 -0.0610530820531095 0.498113025855282 -0.0727730421838117
-0.102191890572318 -0.0750489361061525 0.262302800317234 -0.0567513146776889
-0.122667048477154 -0.0639623309670255 0.0221797244106928 -0.0298982754861022
-0.127223671699981 -0.0669843095052187 -0.187160030590655 -0.0476969155453624
-0.0537911172349005 -0.0692129307482102 -0.436548104067682 -0.0679658140034012
-0.0117848532730064 0.011772402763091 -0.618312237866036 -0.114628445737841
-0.096678954959259 0.093705537218512 -0.734720859685935 -0.152867539213862
-0.183518448500896 -0.0390147163664876 -0.707986296438598 -0.167454134558589
-0.0334109911029444 -0.130117326975331 -0.555835571523708 -0.168645897213159
0.0778824678738303 0.00871262350552028 -0.227570278607283 -0.107684983745948
0.0949602890270334 0.0120118616933313 0.134821746292458 0.163586246733128
-0.00330228539924364 -0.129462779583819 0.522897595468869 0.21676002104496
-0.139590436940411 -0.050598004277388 0.645608010854528 0.107539215304152
-0.0854677119327135 0.0669543081867602 0.687075017970819 0.0904162924654779
-0.0105317382775274 0.00402046234112879 0.659109665712349 0.0563238480455918
-0.0529123555183602 -0.0637332998714136 0.498463381797808 -0.0336063771816353
-0.0961681973979553 -0.0734867248831124 0.229509673202938 -0.0667377384653829
-0.118670548496937 -0.0552475180558788 -0.0275706494333875 -0.0543164494880793
-0.1284944724184 -0.0518807698261778 -0.236674327585615 -0.0599456850013197
-0.0614253981279461 -0.0564632276382925 -0.461611930224717 -0.030288881515255
-0.00932434449646471 0.0137590444383027 -0.609482060307737 -0.00945573291995896
-0.0681131706609809 0.0995287335799455 -0.725161546901336 0.00755143426083789
-0.164965507336058 0.000486462521579762 -0.723939816536751 -0.038266873427705
-0.0500724372212672 -0.109865926614624 -0.558846828194777 -0.104559331360512
0.0704296939679538 -0.00140450764997837 -0.23603664431968 -0.0922225601529745
0.0842225071713758 0.0221939821532948 0.112547733412108 0.16855263497812
0.0207278163798945 -0.104952420358544 0.512386948497789 0.28176900339829
-0.0999704192782109 -0.0576909954057421 0.620284469555229 0.210677060290864
-0.0757525639697358 0.0408331332316193 0.667230383139293 0.239427168915263
-0.0122833208124118 -0.00204253392000949 0.664252616230817 0.169501213133023
-0.0439707599412563 -0.0562822033578888 0.493515880907318 0.00617806769651386
-0.0769453699630522 -0.0598271757783102 0.199377243029761 -0.0758208662256206
-0.0938610005326989 -0.0366630127820206 -0.0737955229581532 -0.0745163552540664
-0.110737614301672 -0.0285634922781757 -0.281045040861264 -0.060635646416909
-0.0587076102642121 -0.0351857662599044 -0.481329887781661 0.0107470562178756
-0.00634902417356141 0.0154560698348796 -0.589620482641256 0.0879955843607515
-0.0399715313546426 0.0862011540570866 -0.688792288464805 0.147416845730912
-0.119665229062443 0.0235054507729013 -0.710612140097354 0.0844874653810214
-0.0513003316747744 -0.0737075507174204 -0.554848227597281 -0.0392494245605548
0.0528439605247885 -0.00219005934602742 -0.244032930831751 -0.0768823715440168
0.0626870671496281 0.0211344115996541 0.0939857970492054 0.170328261520526
0.0270136190397762 -0.0667559104637377 0.495613112448611 0.334578476594637
-0.048866113689706 -0.0368630609001784 0.589339259988248 0.293924414521929
-0.0436931629828773 0.019719673811461 0.634338000127627 0.35453244150235
-0.00800927320205872 -0.00907844191245104 0.653864469419337 0.262039386667613
-0.0344542252547485 -0.0391751274078027 0.486452946662216 0.0393811287408416
-0.0480972646237234 -0.034557250388485 0.178787741455209 -0.0818546942349104
-0.0539558776548781 -0.00970141670144708 -0.107350486042341 -0.0865136477932437
-0.0742348587387687 -0.00156607832511726 -0.314952183607756 -0.052822467187653
-0.0429102807446749 -0.0133946158701189 -0.493200402224409 0.0512373244754733
-0.0038664246541534 0.0154343291724635 -0.564909749714451 0.157539285286698
-0.0178040318604958 0.0577897396249541 -0.644574399343178 0.249810408776699
-0.0611305904393612 0.024800986708084 -0.689427839742361 0.176667065900778
-0.0332086551136466 -0.0348817213658283 -0.549888972426075 0.0111473386085507
0.0307894274481888 0.0045685018593751 -0.248746191275754 -0.0670293290323594
0.0364523122625607 0.00789592937143721 0.0851511190766526 0.170567177563214
0.0166521703293225 -0.025612284095507 0.479341690839487 0.367414220800964
-0.000259389603078161 0.00605271994759726 0.565124592183732 0.346422990239254
0.0026437694612833 0.00705907332024341 0.606533158960936 0.421825117550245
-0.0010557145378616 -0.0125128822444069 0.642773575928137 0.316000230462902
-0.023929778565778 -0.0134863398594261 0.475937448623083 0.0615283624994653
-0.0142264616598068 -0.00196130688961577 0.169432771094547 -0.0825794905474393
-0.00457935739265998 0.0186320827543558 -0.125168697666892 -0.0895851814074263
-0.0249875085433989 0.0235576671135384 -0.331148489227251 -0.045491740348841
-0.0206560505659684 0.00597791456969264 -0.495649087160909 0.0785136476839418
-0.00167374922247639 0.0120726622664154 -0.549939645213041 0.19732149444362
-0.00438326247899424 0.0223068687779956 -0.614287757274734 0.305138862003105
0.000288370764865679 0.00942063123214443 -0.669669440992202 0.227558279777661
-0.00591017502514049 0.00144713247071038 -0.547379663868296 0.0415068557059297
0.00752085757004337 0.015977412148522 -0.250832510010014 -0.0638283520934435
0.00736841639719792 -0.0100501553978421 0.0841876980415693 0.173489068845109
9.62909250972876E-06 0.0158840411134291 0.473041598831549 0.37577764995326
0.0465098499602306 0.0536677965756173 0.556761315530146 0.363864638333911
0.0493444162085167 -0.00119172620316699 0.608580956853507 0.436468156224774
0.00642374328916715 -0.012481269320603 0.637639451795425 0.318340900566494
-0.0133470334391921 0.0151058952054745 0.470495094347176 0.0694486394757407
0.0217333128392423 0.0347028317847844 0.172366681281277 -0.0741046058749421
0.0463047221602487 0.0460529047176838 -0.123390485268878 -0.0844269470106717
0.023859943154652 0.0442508555009274 -0.327915712550735 -0.0360791475905022
0.00267392111574393 0.0222607721355432 -0.495569490734537 0.0902560288202769
-0.00130216278519629 0.00762272735729672 -0.552796586704958 0.203724694798959
0.00684592307689351 -0.0153992651579641 -0.613509948428098 0.311571443327441
0.0591472400826479 -0.00929926276313734 -0.665666240009336 0.237267460882931
0.022200904619704 0.035478864522871 -0.554156445014031 0.0468776693458569
-0.0172035446077352 0.0264966632560921 -0.251208452666772 -0.0698521207608199
-0.021431245359015 -0.0217071897930552 0.0937929344712256 0.174718956298176
-0.0094123789092351 0.0567258342030106 0.472700772795677 0.358696496425543
0.0947122435488612 0.0837503074534705 0.575626031960803 0.347147616297763
0.0841240512075674 -0.0177891762068659 0.639080325289516 0.389555988353344
0.0101139515605452 -0.0103383208786018 0.644755610263465 0.275406761184378
0.00112233515804567 0.0421842644001993 0.470287752763255 0.0618160494623576
0.0573261286933218 0.0637383335345428 0.184472125927678 -0.0593651085215991
0.0925477385579528 0.0684110416947743 -0.103200341816139 -0.0686385288042103
0.0661718022934112 0.0615246574924135 -0.307229019684404 -0.0297147910051223
0.0226176535949582 0.0358593565858889 -0.489693565139595 0.0832703164036087
-0.00163418863573198 0.00243932979066223 -0.571336423025444 0.176681345850666
0.0202629149938284 -0.0495845846174132 -0.64149868485668 0.274346795735953
0.114128907675845 -0.0200700549976612 -0.679665524818027 0.203787431647435
0.0409721551477105 0.0685978826415359 -0.568573624796986 0.0263233710473665
-0.0425187848945544 0.0320218645649262 -0.248315156776283 -0.080762665044393
-0.0439265459401756 -0.0215635508106872 0.112894278685968 0.172800186294827
-0.00106022536259711 0.0859170704666248 0.479672918423791 0.321043646393183
0.137030909196744 0.0848718657844392 0.61212576477399 0.29014077090013
0.0966006235233596 -0.04070727136255 0.680789271962262 0.284185904523411
0.0109717938273904 -0.00687667033284967 0.648536824322654 0.192601579241607
0.0188140711495371 0.0581138685663654 0.473358330364283 0.0430017206817921
0.0886765682879692 0.0796373498509297 0.208618618423262 -0.0408203925659987
0.127056743548772 0.0814751566570695 -0.0673418231739775 -0.0463615112696772
0.0956893001866101 0.0745846451769981 -0.272851851390775 -0.0233830141385025
0.0343385177505785 0.0493662934396904 -0.481796316837414 0.0583918224713673
-0.000614428378452485 -0.00249294300081033 -0.6018567181082 0.116679148182081
0.0408403003725672 -0.073807352584634 -0.687453602466137 0.186704598981133
0.15790441820079 -0.0125623964125226 -0.701271953239075 0.128196002077468
0.0416964376126587 0.0986014854987019 -0.582065368863736 -0.016732353481727
-0.0686204060406321 0.0284851086448578 -0.239433425959361 -0.0952346941535632
0.0907883613389972 -0.00352397129795393 0.156223723118562 0.151182718746888
-0.0320217044383674 -0.130115055621621 0.520954894994342 0.156267754966496
-0.152838572361221 -0.0249121624482261 0.648489003114976 0.00342962136406875
-0.0716359262542763 0.0818049528825738 0.670362825904285 -0.0588342654658101
-0.00691562285401051 0.00630241969270608 0.622166748677024 -0.0567078805721022
-0.0561509825252911 -0.060005442473708 0.492757273561106 -0.0716731895762021
-0.101766446694737 -0.0746912974958908 0.260091839886701 -0.0540736331279524
-0.121788498701297 -0.0645467042363828 0.0230342588613218 -0.0288565617409676
-0.126144645970597 -0.0661927505113943 -0.184138549545169 -0.048611177065453
-0.0538822367532675 -0.0686352549957962 -0.432646218008021 -0.0677300429801292
-0.0116542478194209 0.0117776023097901 -0.611219940399853 -0.115609380604661
-0.0951505488732424 0.0924521309371806 -0.729853839562194 -0.155013982440884
-0.181586443141678 -0.0385999362649614 -0.700339636423474 -0.16471099861756
-0.0339327945931377 -0.12826287042008 -0.54891866915215 -0.169162628491026
0.0774424974261917 0.00809851105374188 -0.224196020144031 -0.107206269923051
0.0934194128939097 0.0121996223245421 0.132563138815716 0.162808104152449
-0.00293207030120635 -0.127127849017651 0.51785706189035 0.216340220551742
-0.138104077077738 -0.050545948374533 0.638766257558165 0.109583467190732
-0.0839865686885443 0.0659444958960755 0.67951499127406 0.0913231081813697
-0.0111460735980697 0.00406252727296014 0.651580096917427 0.0565440864751358
-0.0524320149006685 -0.0631810756077976 0.49399041086857 -0.0332047914301082
-0.0956712846818529 -0.0728973574527931 0.226385938216607 -0.0647210797760444
-0.116772703290024 -0.0557502969439539 -0.0274662314557822 -0.0538800862398492
-0.128526513624995 -0.0508462434110522 -0.233727861089811 -0.059712205415605
-0.0625848850813914 -0.0560191768070628 -0.456338971803281 -0.0317969407239486
-0.00926050029123041 0.0128583759508192 -0.602890512171545 -0.0111779534469857
-0.0666990404374747 0.0983285447578277 -0.717844441395022 0.00576433751851732
-0.164038723446627 -0.000572048587835982 -0.714376933303883 -0.0395135177502096
-0.050516957147152 -0.108503418144291 -0.552903304300475 -0.105381676207027
0.0707135803799903 -0.0010418145538183 -0.233153834302749 -0.0915865104483414
0.0833581769703856 0.0224705156521839 0.110716102947083 0.168223044178337
0.0209076416532454 -0.103128994865294 0.506671176681168 0.280965335216475
-0.0986245017150603 -0.0570200635448311 0.613721163751675 0.209260270430684
-0.0753933676378604 0.041252179706251 0.660690956098208 0.236954337152057
-0.012656840975998 -0.00233186138132349 0.657487978645495 0.168946416493881
-0.0440839047964959 -0.0563675459452528 0.489255893546103 0.0065923709203366
-0.0762688895913924 -0.059498404786638 0.197191879153747 -0.0739694607976527
-0.0927747769373846 -0.0368802829849922 -0.0725109719171601 -0.0733947086577367
-0.109446226019929 -0.027005831792255 -0.279974142562435 -0.0606213304239905
-0.0587176340508979 -0.034840686771482 -0.477158150697067 0.0103952939784198
-0.00548874251466417 0.0148214539365996 -0.582074058418406 0.0850040466161867
-0.0391269446822819 0.084604559027012 -0.6825580364551 0.147547141935607
-0.118559301315976 0.0233330876298179 -0.70508974246569 0.0823968110553072
-0.0498669457214102 -0.0728578635612651 -0.549206145523013 -0.0412491992239553
0.0530313597758008 -0.00246657277638733 -0.240476869773793 -0.0768298837854028
0.0619617911342845 0.0207091541385639 0.0936168535113245 0.169420968753211
0.0271270262052782 -0.0657702214591064 0.491015191673971 0.334102075962802
-0.0484067945309739 -0.0364284673342387 0.58305281981136 0.29296881012139
-0.0426560861435675 0.0194894891241423 0.626905618098896 0.354020353546756
-0.00843761512287084 -0.00899144750950605 0.648123818884861 0.258853769705926
-0.0346568034405582 -0.0398419887028409 0.480618933723565 0.0393819007740392
-0.0475021083999759 -0.0341070228729307 0.178564755441988 -0.0800776530081583
-0.0530101432297793 -0.0107629023295292 -0.106362957013398 -0.0855217952525211
-0.0724073513064678 -0.00144538614243137 -0.311950675145489 -0.0552315531865585
-0.0433367023185678 -0.012368061772673 -0.488505505807972 0.0492987894993677
-0.00364904936126436 0.0147356984013261 -0.559729573064582 0.154298406328985
-0.0176783073482034 0.0575677036771339 -0.638809625972963 0.245667307195081
-0.0603258618276973 0.0245610067123768 -0.68199948922625 0.174294558301325
-0.0325154245156174 -0.0347274028337777 -0.545006006517023 0.00945468280111763
0.0318399375668739 0.00446478052625743 -0.244664301904572 -0.0663388034728829
0.0358455537503968 0.00729737111745228 0.0832044026130522 0.169896900948561
0.01674401921416 -0.0247376804763429 0.474789989316275 0.364673602765027
3.13001331716967E-05 0.00621901017524566 0.559461397209425 0.345527129619685
0.00297983913870441 0.00788120560379138 0.601178791348144 0.419370607306915
-0.000830770544572337 -0.0126275988132969 0.635985537716728 0.312117403799548
-0.0248800528365698 -0.0144308578440495 0.472315912706916 0.0618719782194222
-0.0144813828890566 -0.00116641234044133 0.168153108757432 -0.0814577226029827
-0.00501198337076397 0.0171823192959413 -0.123669045718667 -0.0895433867389645
-0.024770033086619 0.0230300555917007 -0.328053741194126 -0.0460771235025843
-0.0213375625118985 0.00660947823501697 -0.49013937483842 0.0765875219884027
-0.00250844792938061 0.0125601785656274 -0.544807840791435 0.191889477517402
-0.00377647288586499 0.0226605892200443 -0.609167990099114 0.29947720858163
0.000251996786872895 0.00905208430316308 -0.663359089648749 0.223882348175268
-0.00649203965804318 0.00119465189405514 -0.542184324751948 0.0392332121364977
0.00850758413090425 0.0154122251777321 -0.247745018019 -0.0631802212071988
0.00656117361889568 -0.0096201668374737 0.0823218661448877 0.17265513333955
0.000214035439750493 0.0164147342070886 0.466575847205955 0.37335982619362
0.046874688167527 0.0530046048798626 0.551186787345661 0.363476245618772
0.0492063764451291 -0.00251530289329682 0.602854236293596 0.433050552237984
0.00683070612794807 -0.012638782657351 0.631495266982279 0.317042183275712
-0.012920761617982 0.0150386089240984 0.466692311733456 0.0690914668663111
0.0214486181334022 0.0339004967650653 0.169604652926511 -0.0730423404264808
0.0457874975642304 0.0447312842083827 -0.121632738646015 -0.0836622018611241
0.0237954886150487 0.0440060308229532 -0.324044125989881 -0.0371304604938471
0.00302581586273569 0.0224908247816292 -0.489891521425758 0.0877232289902985
-0.0019976602378626 0.00709043210517749 -0.546485642713805 0.199944706007566
0.00628008349802923 -0.0149086897850001 -0.607006781638605 0.308437487356973
0.0588196489714096 -0.0095653722430924 -0.658392307799891 0.233510163873127
0.0229229657311778 0.0345888901159445 -0.547103247943008 0.0442556729139458
-0.0162720945166268 0.0260497435095958 -0.24810155646653 -0.0695988598055954
-0.0214427124265709 -0.0210038171160956 0.0923079906880727 0.174040948329397
-0.00819970352063576 0.0558204135988491 0.46651220310859 0.356571457933523
0.0942767113803068 0.0827052370806979 0.568177206921075 0.344529923425196
0.0834815413159831 -0.0174460949017829 0.632772681043928 0.385163925652002
0.00967698367883128 -0.0102104950762283 0.637655840948423 0.273933613633811
0.00117503716571861 0.0415867284507475 0.464692041518555 0.0613216930006819
0.0563888354056078 0.0630232736347887 0.182666292259496 -0.0580576030474223
0.0908201807132715 0.0667683332657375 -0.102544875153362 -0.0675719231424713
0.066450017679947 0.0612729410756423 -0.304536013084935 -0.0296552059342781
0.0220334945322688 0.0368806213169821 -0.485373519852306 0.0808597696053998
-0.00215337214217188 0.00154815355872962 -0.568050098635711 0.173526172867007
0.0199414003192432 -0.0494433686329886 -0.635780063701462 0.270378450818902
0.112808566828669 -0.0192199830103976 -0.67289302953764 0.199569200218923
0.0406827967722821 0.0676516575512159 -0.562394981547972 0.0248298176307697
-0.0425319089150224 0.0308199209472187 -0.244289732067153 -0.0793870023876307
-0.0440366320496221 -0.020318522634194 0.110642413803477 0.172022448860887
-0.000927828400507269 0.0854484953315423 0.47489808585846 0.319873021537841
0.13600006117061 0.0840298079355415 0.604720924356287 0.288773091535636
0.096325530792138 -0.0394693725141145 0.67131985900228 0.281696309096436
0.0105935714924227 -0.00655977829808855 0.642438037780104 0.191807887814454
0.0178149527796179 0.0582501491037588 0.468922570508253 0.0435518605606135
0.087568006464582 0.0790098767909225 0.206481209667243 -0.0396038660164316
0.125736495854166 0.0807748499132163 -0.0664895160797405 -0.0460105586687296
0.0947453552305153 0.0741838956554803 -0.268879483027776 -0.0241870977759774
0.0336660360238656 0.0498346068807758 -0.477234070402381 0.0557973142508207
-0.000612197369702184 -0.00282829799932952 -0.597980520089431 0.112498347897051
0.0401412488192006 -0.0727414048337924 -0.680034686632662 0.183916139827387
0.156287795580818 -0.0118548142735349 -0.694127685535197 0.125362908328237
0.0418600398754454 0.0984979949607805 -0.576542011298043 -0.0178844286557909
-0.067576837266967 0.0276086580846691 -0.236057838774525 -0.0953401798274308
0.0902243277830812 -0.00340556353378686 0.15373452173759 0.150651561875138
-0.0310793186855355 -0.128957089003148 0.515077156475585 0.158094335289864
-0.152440231357866 -0.0251350071967323 0.642578544622955 0.0065229682163133
-0.0703437859598501 0.0812791792815373 0.664424422473734 -0.0554678932874996
-0.00604392779216477 0.00543790047464611 0.617692578078147 -0.0510844816577744
-0.056243385439219 -0.0606189291997703 0.48881818966702 -0.0686768985930788
-0.100194250234033 -0.0742650989560799 0.25759415418896 -0.052635275418663
-0.121157190238654 -0.0644513571813415 0.0226366121421254 -0.0291942957850384
-0.124623352369275 -0.0655464885786297 -0.182138169889832 -0.048933013666352
-0.0536379606609966 -0.0685779559341325 -0.427292432757741 -0.0694697109746398
-0.0118841998121388 0.0098478100691488 -0.605284973564562 -0.116561593896861
-0.0939241937039862 0.0919509758109042 -0.720596215910058 -0.15568783086061
-0.179421603601642 -0.0388789345809243 -0.691955663953809 -0.167331616327039
-0.0325448855462695 -0.127035766107835 -0.544509492486987 -0.172409130101068
0.0781236985568282 0.00846878777594084 -0.220895407632283 -0.10805437770193
0.0924147978115545 0.012454288232076 0.13038517964846 0.162094423264536
-0.00202946340852156 -0.126377901839648 0.512056340012562 0.217917704108199
-0.136985993714208 -0.0508222385247225 0.631901005428331 0.112312417666339
-0.0832589145405683 0.0650395851335639 0.674641970990164 0.0925758589456844
-0.0108987550884464 0.00342412244756173 0.64472223946243 0.0580734742940454
-0.0517793060508929 -0.0638760558166253 0.490125200798484 -0.0311270999591975
-0.0947916322415408 -0.0724178176524644 0.225056055909935 -0.0621211296883378
-0.116237079283913 -0.056600511767435 -0.026137163095472 -0.0528693521113628
-0.126814909548443 -0.0507458326474669 -0.231927195595929 -0.0602605736343864
-0.0624904555946296 -0.0558837377107212 -0.452520144166848 -0.0339690858835304
-0.0084371641980754 0.0122040818787048 -0.598083197104564 -0.0142229079232646
-0.0666646410246793 0.0967925630727801 -0.71313908496424 0.00242912320073889
-0.16277140042924 -0.00102969638239844 -0.709430621656816 -0.0422275982192756
-0.0498666732715547 -0.107541822113646 -0.546851771637332 -0.108239908856088
0.0706008127420448 -0.00130581478124463 -0.230661478573534 -0.0914202368378515
0.0824142674110547 0.0226596841776603 0.107886659815726 0.167120705287541
0.0210202225163555 -0.102138359363836 0.500771763201128 0.281147681113098
-0.0968559487619912 -0.0575664728744126 0.608450908661432 0.213112615519364
-0.0742085868454007 0.0401150938393395 0.656739630091329 0.238938899600017
-0.0121467903231458 -0.00270691611898077 0.652879262859519 0.170871152473623
-0.0435645781332852 -0.0566308706233829 0.484738762469051 0.00774622887735843
-0.0757023087396291 -0.0589480345219834 0.195484044034004 -0.0725332161166851
-0.0917022582556945 -0.0366224633646883 -0.0708632626994503 -0.0729133527282353
-0.10851660237898 -0.0273461413046794 -0.276883869729608 -0.0616429434981757
-0.0587776948109016 -0.0343849073475408 -0.473547421902615 0.00798659025566418
-0.00618425180422455 0.0138960577813783 -0.576989178114889 0.0796425979135469
-0.0379851547413654 0.0839456407272243 -0.676032261121262 0.142279453183862
-0.117505951403509 0.022221581110856 -0.700291288595789 0.0777352227556743
-0.0495927130163384 -0.0723191068039789 -0.544202678389592 -0.0446959285755555
0.0538278569957084 -0.00249743521806895 -0.237109623967635 -0.077827455117921
0.0616112791974294 0.0211578007437749 0.0908977809786316 0.168331046571708
0.0272073538676458 -0.0649887808225396 0.48510446450175 0.333465237138802
-0.0475893663433995 -0.0362791840034525 0.576744707143576 0.292916331162335
-0.0423755054041258 0.0191649733976172 0.620309393083243 0.35246267514121
-0.00899175154369918 -0.0089934448840643 0.641330982954415 0.261037345472525
-0.0340707193261186 -0.0393201044746937 0.477074864418797 0.0399202106216027
-0.0475335494598333 -0.034522949535009 0.175846599213945 -0.0796120701988888
-0.0520801497864249 -0.0115284068172 -0.105152100666705 -0.0853001994483078
-0.0720605508372165 -0.000704026580387397 -0.308664655297528 -0.055786530195
-0.0436365776647767 -0.0124364547202365 -0.484932414066942 0.0475431768980289
-0.00444589115476966 0.0141307767923903 -0.555827514651411 0.1511384209336
-0.0177688541802045 0.0569831798325606 -0.633856437262182 0.241013230988388
-0.059934641456351 0.0238112490372593 -0.677416492434793 0.167728619230739
-0.032934823260239 -0.0347172492532119 -0.540526021017997 0.00670690171449402
0.0321027507054978 0.0044971621000957 -0.242612974432777 -0.0669935709585969
0.0353070624989339 0.00759456209367603 0.0813342301837902 0.168804103362207
0.0165951877730517 -0.0238244636823426 0.469021424697583 0.364986141363976
0.000609940644057889 0.00603200031428042 0.551933196220606 0.345127538055544
0.00277880144617323 0.00728905886058938 0.594067344503447 0.418523158995372
-0.00137068391047871 -0.0129254061049347 0.62803089806114 0.312779989777985
-0.0246896946384897 -0.0141454708157882 0.46823106149979 0.0614274010414309
-0.0143163122089772 -0.000983670607802124 0.166766357107319 -0.080156092717165
-0.0047060788019065 0.0169470961831157 -0.12190149388075 -0.0884440985809852
-0.024641636882512 0.0232149655561257 -0.325330541688698 -0.047361718948229
-0.0207055145088348 0.00638422942461605 -0.487813753807362 0.0740932431507817
-0.00254807400842019 0.011840505475514 -0.539346421913053 0.188770774365895
-0.00430742841824967 0.0225665049498486 -0.604174565622477 0.294650215475292
3.38142683196981E-05 0.00897484410063662 -0.656534496333165 0.219636605665451
-0.00540338516285424 0.000912167507828066 -0.537335754370683 0.0359831856310331
0.00902774117985366 0.0152648586891752 -0.244248012430826 -0.0648213768816075
0.00718649248499158 -0.00986813748157039 0.0797906831277458 0.171354887393653
0.000663313720949041 0.0163568919799926 0.462407018209942 0.372493259085061
0.046301137125961 0.0530543397565134 0.545012515547602 0.3630143694315
0.0492474807237777 -0.00136247694245015 0.59593291415329 0.431243626319756
0.00636915016309725 -0.0124640957198388 0.625396217589832 0.31723596290376
-0.0141349655051332 0.0153656101873472 0.46098733966878 0.0694936217356605
0.0211947620212091 0.0346331076012802 0.16841366235009 -0.0719909959797738
0.0456974800521252 0.0445636816803211 -0.119669777344375 -0.0835094225339726
0.0236160293776325 0.0441033179818138 -0.320834326424709 -0.0379951053368883
0.00224045474751905 0.0228952472995748 -0.486062388173065 0.0855713163849048
-0.00227176688328955 0.00712147953045968 -0.543354456287434 0.194540407140172
0.00729922781159787 -0.0144873778629232 -0.604220004496317 0.302760316611004
0.0576143043512724 -0.00979045664305918 -0.654569251940676 0.229472410317464
0.0225544523671617 0.0350386589303366 -0.544472558889221 0.0397535846502829
-0.0156619245133095 0.0256767428680575 -0.245648697619471 -0.0700049885540491
-0.0210615987941601 -0.0209105090667486 0.0903429570639862 0.174122563691941
-0.00747124098309075 0.0558449099224631 0.461389566015528 0.356252700612734
0.0936302972722561 0.0829895028299849 0.56328319123114 0.344040000120672
0.083109891950434 -0.0173609573141846 0.625699621887288 0.383232465458062
0.00947284447768923 -0.0101197984735984 0.631622973162312 0.273502082719285
0.000144505344055679 0.0418465184114194 0.459239975987017 0.0629365597850808
0.0560517851745955 0.0623470399782142 0.181307141939185 -0.0568217468061153
0.0912139921038455 0.0655833350524862 -0.100311754117271 -0.0677561368321667
0.066654296329659 0.0615694473861797 -0.299954865157833 -0.0315911220615136
0.0218277732791739 0.0371960345372482 -0.481750749667218 0.0769175831091381
-0.00245711880596142 0.00243228559891974 -0.561193602372761 0.167878126921145
0.0203109928733134 -0.0485514403382099 -0.629842598446284 0.264928550673932
0.111911222450132 -0.0201770091110705 -0.666763400952737 0.195227139902072
0.0399811689747331 0.0676080019591248 -0.55752027476828 0.0214645002805626
-0.0415444478686026 0.0303584357275851 -0.241736827350257 -0.081480049509897
-0.0438719173923494 -0.0207207973354395 0.108110083319376 0.170703225805697
-0.000729978486808597 0.0852031490120292 0.469080508125001 0.319949497000029
0.133528852528577 0.0836123907787023 0.600278477208944 0.287860688152021
0.0951019692140521 -0.0386865789687128 0.665366219015463 0.281732241063188
0.0100928080314343 -0.00657084639031355 0.634980871147557 0.193356761784109
0.0170237862780527 0.0579656274664803 0.463597628485994 0.0445935134429297
0.0872003254806771 0.0785314496234857 0.205129889310388 -0.0381037963323068
0.124782005598464 0.0796174786495146 -0.066539867607847 -0.0454227229691966
0.0948749204778465 0.0747816908557158 -0.267076891314813 -0.0260150230802491
0.0337250636199343 0.0499434262481757 -0.472206061047007 0.0527189871925201
-0.000815776209152425 -0.00214231707291285 -0.592948350289405 0.1089035829699
0.0406316845040616 -0.071745601664445 -0.677124950251449 0.17972652030822
0.155586120045211 -0.0119945368296187 -0.688530229366201 0.121025672370018
0.0410880461099356 0.0984413543910378 -0.571112093144767 -0.0217356164272535
-0.0664982011465088 0.0269049067632314 -0.2323148410281 -0.0956809551522521
0.0901076807513119 -0.00328735110199738 0.151138168831518 0.150632156552144
-0.029736884356781 -0.127239761640601 0.511719171345291 0.159840147230922
-0.150611351885317 -0.0262500635723465 0.638950604197658 0.0111797958044598
-0.0705053027202505 0.0799335678813108 0.660226833385154 -0.0524758125061678
-0.00584491380753084 0.00478854482880373 0.613307009510226 -0.0484401402688004
-0.0563420255935809 -0.0609650404752375 0.487051868986596 -0.0660907398439468
-0.0996872316567375 -0.0740834539997086 0.256008353756163 -0.0507481185876801
-0.120281583849466 -0.0653740785590269 0.0233369064986822 -0.0286520975753434
-0.124044655175338 -0.065253499109479 -0.181920665538506 -0.0500902901811482
-0.0532181434103559 -0.0683499804618401 -0.425282139875954 -0.0716755209052397
-0.0119355508522903 0.00971627287686352 -0.600053846770467 -0.120449298620804
-0.0939753878515618 0.0902028121251618 -0.714495129927092 -0.159038249896671
-0.178871511076834 -0.03939452450245 -0.68761754864769 -0.171148552137592
-0.0313144484875243 -0.126488588494887 -0.538044790218319 -0.173777079098873
0.0783850015640273 0.00872161608961556 -0.218642646282566 -0.107827666734579
0.0919230536932549 0.012708245333624 0.128909244100394 0.162158551064328
-0.000961573657391748 -0.124932643097199 0.505972300156229 0.221926568385524
-0.13565427720342 -0.0505317959337591 0.62850727291743 0.11528428334217
-0.081636963835008 0.0644139250085957 0.669941581484907 0.096155782644902
-0.0108007993676095 0.00289254820781434 0.640508489604858 0.0613017455331572
-0.0527025037630401 -0.0635536363977579 0.486428688049149 -0.0290185359877237
-0.0945549810268123 -0.0727215065166812 0.22343398888093 -0.0605152224091806
-0.115757564422442 -0.0566541638096079 -0.0258036629034374 -0.0526184337954901
-0.126073056143375 -0.0503378145214264 -0.230069770827268 -0.0619057409785823
-0.0620885332715445 -0.0561716697244935 -0.44958466662577 -0.0361362185365027
-0.0089487620955229 0.0107538791422298 -0.593487409036519 -0.0180770272203114
-0.0658483410050278 0.096553723303745 -0.70941945563977 -0.00023786600385389
-0.162222103261973 -0.00227854164647515 -0.703767168896607 -0.0455163187567418
-0.0480508552520972 -0.107278608542174 -0.54258705623879 -0.111968050194376
0.0710341177118681 -0.00101588378381976 -0.226840390903253 -0.0924759658298494
0.081566361019059 0.0233742223477039 0.106396717459353 0.167300903758468
0.0219601262927763 -0.101146027650706 0.496848983336829 0.282841337260706
-0.0962445011813799 -0.0577767147745283 0.603449553282043 0.214582138222762
-0.073891615230648 0.0400107354552655 0.650447869988814 0.240829054059965
-0.0126376306597654 -0.00332481075723927 0.646375748920164 0.171254460186118
-0.0440013410579342 -0.0566614394377468 0.481331552112131 0.00887651363872667
-0.0756054290137814 -0.0594510836871141 0.194051431223641 -0.070197894920758
-0.0913326848134291 -0.0379498172761686 -0.0700122108472129 -0.0726550296940439
-0.107094783416401 -0.026489761742318 -0.274508272632941 -0.0626961849610746
-0.059351661907823 -0.034070546338579 -0.470525668624795 0.00386642638272349
-0.0060612667702106 0.013362507466737 -0.574191541731487 0.0758814469663251
-0.0377820627035756 0.0834372641815277 -0.67304747850007 0.138114572666083
-0.117100771676638 0.0217874083264848 -0.694583856168713 0.0740232408447494
-0.0489106778788936 -0.071812214218574 -0.540290675698081 -0.0473631750988089
0.0544157337115064 -0.00248071127213058 -0.235819616530966 -0.0782532435433777
0.0606217393929823 0.0218021071802247 0.0889432462267148 0.168857497832787
0.0274873983982343 -0.0644868585645369 0.479405123728064 0.335764354446476
-0.0467495891920688 -0.0359990419118503 0.572106688698295 0.293933260424408
-0.0425547167437337 0.0190813887031371 0.615522565862656 0.352399828785355
-0.0084233774125106 -0.00987489182552102 0.634977546598518 0.261774996034877
-0.0339014614529713 -0.0397918535541521 0.472753475509907 0.0428056403270728
-0.0474294529585757 -0.034408849254135 0.17502269781885 -0.0769649938281969
-0.0524281635935406 -0.012698850794216 -0.104072873294181 -0.0850268834523304
-0.0708501522689501 -0.000744048434170668 -0.30730344153614 -0.0566293018033332
-0.0437200989264143 -0.0127189730715578 -0.481391051231352 0.044788544354916
-0.00396910250121238 0.0135696198328987 -0.55235924545 0.145665683655238
-0.0171829054670143 0.0572769756736147 -0.630930250241919 0.236350507413609
-0.0599773821767842 0.0239610923910737 -0.673443148479726 0.163688217644642
-0.032492950894574 -0.0337154601616427 -0.536919099082759 0.00236647946230283
0.0327526691144742 0.00397279538917648 -0.240591026068074 -0.0678784401724617
0.0351757678547913 0.00746955741656814 0.0794296584019984 0.168635355562386
0.0171838901453157 -0.0238656364422401 0.464228543970371 0.366098338207202
0.000310288250305062 0.00634765523312046 0.54776875998232 0.346000428035224
0.00357755520549543 0.00717076204399744 0.587378458067005 0.418271151451037
-0.00137515878704117 -0.0124897032254481 0.6212237756588 0.314175235536857
-0.0247941444734633 -0.0139021833305183 0.463302886930225 0.0629918050724086
-0.0145866296733618 -0.00174503159946765 0.165407459024515 -0.0781555768309973
-0.00448482986967709 0.0154210849465468 -0.120835640483193 -0.0884447188399242
-0.0243271992822665 0.0232281271823566 -0.322109035915225 -0.0482080563926018
-0.0210686369603874 0.00712296040561085 -0.484896820588848 0.0712884787175809
-0.00223774283635981 0.0114942782151297 -0.537497316627721 0.182933559716357
-0.00330327263600214 0.0223799713253342 -0.601213319113145 0.288692688280448
0.000250968081376848 0.00867460890473903 -0.653121203714441 0.215930067463298
-0.00556291231100744 0.00176389355023835 -0.533931327006911 0.0316144655368075
0.0090335038277964 0.0149650193815311 -0.242028181922407 -0.0642962664848492
0.00694654863088447 -0.00924613158510151 0.0790078795709319 0.170881840544872
0.000515215670492092 0.0165011479352579 0.456988420719367 0.372368021328116
0.0455278868408674 0.0519180572508587 0.541146194150624 0.364213560804126
0.0487555033297897 -0.00160873449647838 0.589833598027769 0.430139752413475
0.00602824992108325 -0.0125669245459636 0.619626267280591 0.317131044457237
-0.0143274529916246 0.0151624261302824 0.457917456025856 0.0716388733960162
0.0201914437560258 0.0334355691166194 0.167423923627829 -0.0704573120750887
0.0449015639405222 0.0433288355495664 -0.119376529618692 -0.0824417410754611
0.0241238620556548 0.0441680844263112 -0.318934218136572 -0.0394378356916378
0.00189550221466131 0.0226412353247347 -0.483968063405737 0.0821784864752322
-0.00253642638088138 0.00720596583933987 -0.540227340081763 0.19120466851139
0.0072094303523307 -0.014293956483526 -0.601052622632742 0.29736613292604
0.0574359394203864 -0.00954774751223036 -0.650477194066588 0.224642014932704
0.0214493577356329 0.0347379263474033 -0.54127888842293 0.0385849428330376
-0.0145035570015449 0.0248232348957462 -0.243165629751416 -0.0705125808495568
-0.0213478293319173 -0.0198618457677485 0.0878248745710555 0.172916695926174
-0.00859963271269057 0.0554689173258351 0.457302026177851 0.356222401643592
0.0922292109006401 0.0818643826783295 0.559110372352529 0.34655531535802
0.082616421353907 -0.0170154692110327 0.62160569897625 0.38405322723608
0.00948194725449764 -0.0101130649389202 0.624290485156806 0.273930852787804
-0.000959402108607349 0.0415267349437516 0.457374608059162 0.0641408992544223
0.0556032494902681 0.0628691473073086 0.180239211153807 -0.0544824099881401
0.0903195968270637 0.0657961511718037 -0.0995827080653432 -0.0682530511885798
0.065724555223803 0.0614890298745726 -0.298148985684412 -0.0335891507999513
0.0214210816050092 0.037742650720823 -0.479018901477683 0.0728348056690235
-0.00251571923253089 0.00269089665212211 -0.558988127509958 0.163571332876552
0.0203231074067133 -0.0477601471678744 -0.628281004296706 0.260679927346418
0.110943114354347 -0.0193135612287422 -0.664327592808608 0.191054461106571
0.0389539294149372 0.06797882635119 -0.55407016040659 0.0183672077580026
-0.0408242547341648 0.0293918000249886 -0.23883287609614 -0.0814947008949709
-0.0434730740359225 -0.0204639888073499 0.106512489036658 0.170813318025974
-0.00103119415247979 0.0846232047872063 0.464614390754845 0.320720027123555
0.134004072442834 0.0834678969491882 0.595902186829885 0.291292181403602
0.0948391309023108 -0.0389814462308096 0.659983083147998 0.283017160652797
0.00950221494957929 -0.00571600170514564 0.630070945210105 0.194303985012103
0.0167666016898567 0.0578248403027504 0.460875636813625 0.0455905867179457
0.0867101198234435 0.0791752364600578 0.203864222758485 -0.0369271773047143
0.124076121309539 0.0792637978452714 -0.0641695941006735 -0.0453073806016944
0.0935690549832099 0.0740311614516623 -0.265471341567197 -0.0270902967756804
0.032500981315995 0.0512844152951413 -0.469549933566385 0.0495398140719428
-0.00141620280961691 -0.00198275011298395 -0.590227595451014 0.104313599832809
0.0407528736889207 -0.071516852856831 -0.671768591982289 0.175958665988993
0.154236803544463 -0.0112791984358955 -0.684952462976203 0.116215849976302
0.040566649270994 0.0974308617691881 -0.565989296211891 -0.0229523148884179
-0.065944152685276 0.025814810298801 -0.230362759096159 -0.095433565181242
0.0887866293861078 -0.00265747928337786 0.149494488061298 0.151271816667617
-0.0292080753922778 -0.1281816480227 0.508365739669019 0.164068216088473
-0.150518060831649 -0.0263246225953985 0.636785082971972 0.0154116665111125
-0.069470390988967 0.07985774251288 0.657708864360372 -0.0484600648116851
-0.00655640973221841 0.00520841425881172 0.611682938785664 -0.043661676179325
-0.0565337100055692 -0.0623895999239723 0.485305969343841 -0.0633925324162358
-0.100100952179372 -0.0745454878315628 0.255656668247667 -0.0475651013043698
-0.119515706021588 -0.0658754539142921 0.0240066503023888 -0.0280905262900039
-0.122332480484552 -0.0651133981663302 -0.180611552050347 -0.0508288264831145
-0.0532319257842945 -0.0690954030208609 -0.423241907881262 -0.0747613602776571
-0.0114378591775188 0.00818008957267616 -0.596535528928652 -0.124022672095496
-0.0929078580521355 0.0898803791708321 -0.71159696424374 -0.162152146153148
-0.177941931218632 -0.0408340244705634 -0.684125382150494 -0.172364123471897
-0.0308746459326596 -0.125527660244331 -0.535213165959346 -0.178238371901079
0.078445523244284 0.00900114172111639 -0.216502251833517 -0.109615607366557
0.0912110065852099 0.013375926709712 0.126611354769813 0.161658178719517
-0.00077237732349347 -0.124799035680147 0.50517200749691 0.224306838658006
-0.134944524060589 -0.0516023225812814 0.624090034530869 0.120101690575127
-0.0820065078790164 0.0639637194595988 0.665231068626147 0.0990374843256619
-0.0105582543590026 0.00268303526640366 0.637356922156606 0.06497462818649
-0.0520614293485786 -0.0636533756858614 0.484489327511004 -0.0260540193338666
-0.0935405884790982 -0.0732267804823514 0.222807455644961 -0.0583247213893594
-0.114479635338953 -0.0579664599502924 -0.0245217528338263 -0.0526650885582824
-0.125106303784481 -0.0509111231607016 -0.229087293186645 -0.0630829459926692
-0.0617285339975839 -0.0559235003124536 -0.448625518504784 -0.040200196019497
-0.00893261724919554 0.0102769395475748 -0.589178741146109 -0.0212387416594238
-0.0655605145899698 0.0958398684819597 -0.705557953835473 -0.006119978254158
-0.160800520831289 -0.00288945330966734 -0.6997334063768 -0.0490025889050208
-0.0479749735867145 -0.106969950272097 -0.541262615676703 -0.114954569047119
0.0709358833838613 -0.000288292274725149 -0.225489875828214 -0.0950422506197361
0.0811225599478813 0.0236781915706497 0.104901063790903 0.167441953686695
0.0225286603157872 -0.100053924068706 0.49323143965141 0.286010338669457
-0.0954578137305045 -0.0576291509243133 0.600701499051391 0.216836458699429
-0.0738237600960595 0.039537261294083 0.646312326829922 0.242149929024881
-0.0118916409821575 -0.00389411497559563 0.642669441377716 0.174733291537427
-0.0444676673600108 -0.0570998447298184 0.478015415040412 0.0116287993517742
-0.0746490797868568 -0.0597612139917773 0.19432149614818 -0.0689178884141388
-0.0908632196680231 -0.0388602989315983 -0.0698784154643298 -0.0724008670696981
-0.107342277071075 -0.0270473630768029 -0.273194360401095 -0.0659701023899521
-0.0590581106641826 -0.0341849306442131 -0.467799271699133 0.00167672977927303
-0.00635006265299493 0.0127328196531104 -0.572424098696179 0.0706207606348504
-0.0380751998391261 0.0828850407257528 -0.671002343065005 0.133035623868528
-0.116867484691171 0.0205842136146814 -0.691725138158044 0.0699259027532042
-0.0481996087760384 -0.0727453527353594 -0.539123137144431 -0.051637931924346
0.0543935439664447 -0.00157316526529708 -0.233682437790171 -0.0794665426335131
0.0606402875037815 0.0212959541461761 0.0865637536564558 0.169010443491019
0.02791271278343 -0.0639306569981744 0.475217115830001 0.338629099390411
-0.0468985355852629 -0.0365277771960733 0.569043278319585 0.297502862016633
-0.0416876529269314 0.0186567420696806 0.611721814300661 0.35594198850694
-0.00882316420428583 -0.00943000859323211 0.632151126970505 0.265173556951187
-0.034800577987565 -0.0397243030719157 0.470341570354756 0.0449546196845688
-0.047423453804621 -0.0342570530100408 0.174604300097428 -0.075265826279372
-0.0512888122404398 -0.0137062430082907 -0.102874080908606 -0.0858101511507297
-0.0700371526269459 -0.000941161339823011 -0.30620683963363 -0.0587651778068588
-0.0434295682126699 -0.0121328804794907 -0.480160277991305 0.0407212226548051
-0.00423465074532592 0.0132546135717642 -0.550722772205204 0.140006591261056
-0.0166682768927501 0.0570252793461551 -0.629573774472178 0.230959004927652
-0.0596887713823942 0.022707659733255 -0.669648240887544 0.161105201729562
-0.032462308055041 -0.0334931565997223 -0.535659631308549 -0.00168730893037326
0.032956921286953 0.00437915609895692 -0.237721051919644 -0.0702874554120021
0.0351545113041647 0.00865979974463147 0.0780467302362202 0.169328528763722
0.0177973040909277 -0.0233458899237237 0.460170194465064 0.367750882229635
0.000532471019562284 0.00624060683602366 0.543589311392144 0.347880691900044
0.00315765722465277 0.00729976837065883 0.582997915877632 0.419520201240579
-0.00128302045953096 -0.0125354653182572 0.618338834450033 0.316155768488331
-0.0249924687356976 -0.0141719146739584 0.461441510871837 0.0652656035992882
-0.0143103986045062 -0.000986804023122574 0.165551505024634 -0.0770411405013824
-0.00473581749819042 0.0152830009594251 -0.11966998356082 -0.0884941809650006
-0.0248286078583454 0.0228437648888238 -0.321284945905045 -0.0499526006817045
-0.0215947763197101 0.00705950026270423 -0.482938455481795 0.0662887782534206
-0.00332143851899388 0.0111471695587325 -0.536478198733844 0.178472292027332
-0.00316160723361808 0.0222783218938558 -0.602265587957486 0.283426089099743
-8.97740580553638E-05 0.00891085736914118 -0.652798334690567 0.210704226195168
-0.00522313909215688 0.00183121670263265 -0.532861794419733 0.0277369497295667
0.00971590858626354 0.014364483582833 -0.2411162555175 -0.066806753283159
0.00660385859199124 -0.00921038427503425 0.0773301425863955 0.171128076769657
0.000689826277013991 0.0167972446119349 0.453527407554444 0.375684550671671
0.0459940020497597 0.0527113844008002 0.538274296744046 0.366799414383094
0.0485753842338869 -0.0013090763981745 0.585430966622969 0.432507079197558
0.00571871661418521 -0.0125578041178803 0.613097779525478 0.319706059330839
-0.0149868776196222 0.0149893544330343 0.45456768609699 0.073042925700751
0.0199785244064338 0.0341708931802329 0.16764966699473 -0.0682679551254682
0.044842216071506 0.0435952527023089 -0.117572392041455 -0.083494423526988
0.0241197838105351 0.0441872758380772 -0.317905206341586 -0.0420406246613745
0.00176247411464524 0.0235698505775883 -0.481646198303369 0.0766696576993978
-0.00274445510056034 0.00655522468882726 -0.539102666091409 0.18562663949382
0.00683925552047328 -0.0141302359188573 -0.600158557707564 0.291119427292493
0.0572254609641375 -0.00952862820244503 -0.650332558770349 0.218338963082711
0.0214495749279025 0.035597916208774 -0.53906796731866 0.0329943388548288
-0.0149064857317485 0.0241522008082065 -0.240076134900218 -0.0724140027119676
-0.0213364182416731 -0.0204830249651146 0.0864207115072226 0.173770742030619
-0.00917513587660901 0.055191009780999 0.456162407474558 0.357404068398189
0.0920479940330307 0.0827899436778675 0.554932090207577 0.347479965712443
0.0826418301859849 -0.0167379684140891 0.615054205206709 0.386110307643796
0.00875559294329835 -0.00995508440744152 0.62069842169843 0.2774010249453
-0.00118086290802453 0.0421201103226349 0.454533067027582 0.0662611732540219
0.0553943689272174 0.0625551194145853 0.180449164033775 -0.0537212639236623
0.0895505195045682 0.0655541742898357 -0.0971329428300334 -0.068288239014912
0.0656858657226324 0.0618646711454087 -0.296324128374627 -0.036139491314041
0.0212617297026259 0.0388171764673463 -0.47678655018583 0.0692628835036957
-0.00226478673847445 0.00176269594424353 -0.558450284318245 0.158194246898898
0.0212340751887524 -0.0476015214819593 -0.626542811688798 0.255466984226213
0.111013644722584 -0.0188252994322455 -0.661882375336377 0.185528793007717
0.0393350819683645 0.0678658533103738 -0.550649659114743 0.0145070005720703
-0.0404455997615417 0.0296211024513057 -0.237436349691374 -0.0836742496849851
-0.0429252231160438 -0.020308211437575 0.104096662481511 0.171149997722999
-0.00109400117615617 0.0843085867874174 0.462666184353889 0.323765316580298
0.132657537247566 0.0833786490254775 0.590176831404856 0.293416419649892
0.0944373940069261 -0.0381925574216883 0.655558017955994 0.285859082283748
0.00958505144636677 -0.00575989281851392 0.627648545984014 0.197848157285197
0.0157385077609733 0.0580450123722032 0.458321334819573 0.0475793042895137
0.0860037357192849 0.0789010246507581 0.202925589166175 -0.0354852012147072
0.123043107411209 0.0794955189572532 -0.0640547366831657 -0.0460165228497773
0.0940822856531541 0.0743290693901983 -0.263817609781376 -0.0294954206406937
0.0322601968833452 0.0512731274552704 -0.467126565484166 0.0467867736564751
-0.00119348985868787 -0.00199108697257716 -0.58864216331463 0.0997974770790844
0.0406680812779048 -0.0708589502365453 -0.670484388412867 0.169828066500548
0.153823032999592 -0.0108186985254492 -0.68216057803128 0.110536990549626
0.0397571345456373 0.0976832973510775 -0.563517078660129 -0.0291133137146849
-0.0655841530215261 0.025517569583369 -0.228216127022855 -0.0973338262829939
0.0886667671895055 -0.00176081474516726 0.148264134966051 0.151828130691867
-0.0282516968721576 -0.126995781625505 0.505632778741425 0.167396318862874
-0.149989617491071 -0.0271848719571338 0.636036725420429 0.0203223195332606
-0.0699132792926262 0.0789736647427563 0.656779150481178 -0.0451506097577036
-0.00668762206144046 0.00446293554050806 0.608442655834358 -0.0407572780272057
-0.0567461250859191 -0.0617532340278385 0.484182986805103 -0.0613504075706257
-0.0995889169960199 -0.0757554669280026 0.254529675720706 -0.0457273140453046
-0.118434325505992 -0.0670412391603697 0.0242231437176604 -0.0283031273678728
-0.121822557416736 -0.0653779476393467 -0.180141357616749 -0.0528988538802307
-0.0534843190751176 -0.0687009117809906 -0.421086523117194 -0.0767896573170664
-0.0121955836701974 0.00800107388844715 -0.593853524838054 -0.128180459576017
-0.0923576517773202 0.088574751834329 -0.709033327536357 -0.166384778750843
-0.178085162416945 -0.0416392284657511 -0.681210158976651 -0.177070664582888
-0.0302201194888611 -0.126048810896788 -0.53399251571277 -0.181761722673397
0.0788184503259633 0.00900458205961861 -0.214193987015105 -0.110777870419065
0.0903832807542627 0.0139972807647035 0.125669815492494 0.163020667284338
0.000140489157765277 -0.124211994688414 0.500855970555397 0.226397533994389
-0.134537574550023 -0.0517108959974054 0.623780231073976 0.124774122707428
-0.081474565426371 0.0635650001417074 0.665152327194592 0.102814428832486
-0.0112030100953406 0.00201572663131519 0.636235151069761 0.0683481465500037
-0.0520164832574349 -0.0642872829132287 0.482279459596661 -0.0230066277891699
-0.0935419481756634 -0.0736302107895917 0.22177128913191 -0.0565158653667558
-0.114681365811993 -0.0586283187581013 -0.0241220951766865 -0.0525792331957129
-0.125033999640884 -0.0507434656048664 -0.228180283959073 -0.0646293129565974
-0.0624697958448944 -0.0563961132625019 -0.447177154040498 -0.042999424403995
-0.00936029211992726 0.00960708818711489 -0.588758548244321 -0.0278620962744799
-0.0656685845112707 0.0937348802743428 -0.702761640988505 -0.00997335912484072
-0.160812476467289 -0.00349330925154948 -0.699093209034415 -0.0549120715364266
-0.0473220426951607 -0.106894520615647 -0.53838839478173 -0.118652979445994
0.0717616636653726 -0.000435785513048728 -0.223726321330602 -0.0950724926581092
0.0800614045205448 0.0237285015231194 0.102967884903829 0.167929523477514
0.0230058100429293 -0.100428833244153 0.489562610759598 0.291041048182618
-0.0951632399377169 -0.0579425559911892 0.597967040115722 0.221313338934218
-0.0730465470091952 0.0386362687134688 0.643547517129678 0.244755781648732
-0.0124992303480222 -0.00336201583018868 0.640759674549493 0.178011936424377
-0.0442355172466688 -0.0567574252872496 0.477994356787372 0.0145019618764932
-0.0745118420557114 -0.0596199354321471 0.194053791706759 -0.0670768141628028
-0.0902974970856808 -0.0400698145539761 -0.0691404199277106 -0.0730798339287219
-0.106415888992491 -0.0267778921247862 -0.27359508250199 -0.0671437334875566
-0.0584831790524854 -0.0348291843111549 -0.467385325370164 -0.00227395861482372
-0.00606075798192077 0.0117963545409336 -0.568601487023816 0.0662176233738755
-0.0378503931569411 0.082331438972127 -0.669094122197104 0.128764765942501
-0.116530274315184 0.0198755267758249 -0.691151242570382 0.0669657982254661
-0.0480596491438269 -0.0718539968179768 -0.537474678525541 -0.0549714581803886
0.0547650436722082 -0.00206296010557506 -0.230712725955309 -0.081137421606473
0.0599958161876209 0.021994269890384 0.0854879360408716 0.16904470424735
0.0290724849664711 -0.0624407224318536 0.472963658052431 0.340525730189009
-0.0464108603249348 -0.0366318254442005 0.566861743865627 0.299683885911746
-0.041687225969069 0.018545376380845 0.607493802108849 0.35883940727741
-0.00873677725688621 -0.00960625522524704 0.627339653511634 0.267477232627457
-0.0346093354104934 -0.0400194472717267 0.468891817844616 0.0471872574226828
-0.0476047454278326 -0.0347300080332425 0.174794350176411 -0.0744168831029935
-0.0514684647335069 -0.0142483112474264 -0.101233183758526 -0.0848185745446988
-0.0702002022054318 -0.00148123542787465 -0.304288061166914 -0.0603807280227713
-0.0443422551111942 -0.0115326364463527 -0.479591917094559 0.0360113820885379
-0.00429341693358055 0.0120840598331127 -0.550042825570574 0.13517698436698
-0.0169829148615746 0.0560944408044237 -0.628870638367344 0.22527832265512
-0.059935419232484 0.0225756326118462 -0.669455787333686 0.155424370276284
-0.0320446259067465 -0.0341850309428673 -0.53348253759502 -0.00455070332466034
0.0328395890367031 0.00342780061617303 -0.235824608330189 -0.071611512765958
0.0349935468799272 0.00915899680257239 0.0755140231925641 0.169196196340475
0.0180200020643387 -0.0236227873755825 0.458067967970896 0.371434336068316
0.000426034250766721 0.00588898401959123 0.540683277244392 0.351322829630608
0.00352924233731083 0.00687658705139954 0.579845126704089 0.421817219949523
-0.00111298780584046 -0.0129751958841906 0.615566188455058 0.3192911198773
-0.0255144390689572 -0.0142975625408712 0.46008982617521 0.0672446439621571
-0.0147997977202657 -0.00166794379108413 0.165798306293969 -0.0753785619586298
-0.00477154037135894 0.0148374754302235 -0.118173898663769 -0.088927911292894
-0.0241693386556254 0.0233187618095993 -0.318880938069997 -0.0522711327531205
-0.0221749476741284 0.00778994176068604 -0.483612507437243 0.0641297905275921
-0.0032060399872456 0.0109003500085485 -0.535852424712525 0.173671372755655
-0.00290417245240738 0.0223249660318237 -0.601800419865705 0.27889909137798
6.96162596380227E-06 0.00851661517695027 -0.651684012473595 0.206339200784871
-0.00540691757333785 0.001809849223289 -0.532909089018291 0.0243496345001559
0.0102497219579292 0.0139183207423228 -0.238818418533707 -0.0680957634083878
0.00640395923550907 -0.00796955499972864 0.0746969127387665 0.172050481809782
0.000766022440710895 0.0157391700767922 0.451062577605341 0.379641488549048
0.0453697799881142 0.0526973992590003 0.532890283043604 0.370028687058049
0.0486521247845435 -0.00159765044341811 0.579365666729137 0.433872310332794
0.00586517996412894 -0.0121976577561784 0.611203018853189 0.324446732414837
-0.0151487971161212 0.0151854740367318 0.45345603696802 0.0751814362662117
0.0201713915667729 0.0339294338110563 0.16781776418231 -0.0677439929102846
0.0448105360703711 0.0425904336509368 -0.116319476334901 -0.0836409737059326
0.0240065433624021 0.0447022147206258 -0.316051572136556 -0.0442159417882331
0.00105062260241072 0.0242138493223644 -0.483109956628929 0.074447782233608
-0.00210298422515553 0.00716192386068238 -0.539393897051508 0.179683203508342
0.0081005630924124 -0.0140286266151721 -0.599489729171535 0.288003308256185
0.0574664170480479 -0.00924195120131456 -0.649411695455347 0.213703512513035
0.0211270470975185 0.0354718713130422 -0.539212987343082 0.0305666852385862
-0.0149251755505185 0.0238397488276061 -0.238723825816818 -0.0725498645416819
-0.0209210719811599 -0.020037978229272 0.0842593234199055 0.174241617115113
-0.00794232330544006 0.0545989682532091 0.450715365201506 0.360241985939646
0.0921054036683592 0.0832935893783933 0.550828088031146 0.350172116755476
0.0820709069831588 -0.0158282078056346 0.613477328519573 0.388444126015515
0.00868021491071338 -0.00956499814873165 0.616836876008881 0.280243856979356
-0.00208757113830905 0.0417896616005154 0.451815149878187 0.0685176543863867
0.0546888139478009 0.0627399207098852 0.180797414530519 -0.0527079434995901
0.0890236535822208 0.0645462987710571 -0.0976538563807006 -0.0686133635619987
0.0663380319719223 0.0619358497325162 -0.296233139618409 -0.0381602671618608
0.0209999247536962 0.0383487125551457 -0.475756149252258 0.0678085081192691
-0.00252332357232913 0.0019615090229669 -0.559266441384549 0.154240296438314
0.0219459537569689 -0.0477516440408906 -0.625766360492045 0.249751129116901
0.110346312418362 -0.0187721987643888 -0.662200723792354 0.182213323103312
0.0390283648198516 0.0676028414225208 -0.550934137994369 0.0105224952093388
-0.0404707422870341 0.028528877199956 -0.235661094735751 -0.084986168206325
-0.0432831696491409 -0.0200284828655585 0.10307562941017 0.172189949116676
-0.00134871030101942 0.0840055077131303 0.459695941607157 0.324948667268248
0.132540667420729 0.0847976638814877 0.587977424630368 0.295705271574839
0.0948355309590037 -0.0374673325715894 0.652356845286395 0.288049790319956
0.00936127554679356 -0.00570358523359337 0.622632783129652 0.200152793559062
0.0145786775363152 0.059391886200619 0.456504285215604 0.0499056015496309
0.0853524506489045 0.079543250047822 0.202185425622537 -0.0342655930728285
0.122437651607038 0.0792152643942598 -0.063005064339569 -0.0460254737239598
0.0937189915109026 0.0752130583466521 -0.262642530301059 -0.0310928346169232
0.031742684798089 0.052856769063654 -0.46740920382482 0.0437174981589815
-0.00245825224764172 -0.00200539983020398 -0.586921323410348 0.0956856951518143
0.0419790737887028 -0.0693606845692375 -0.668260533325114 0.166830548252039
0.152834316171017 -0.00977756941899685 -0.681478794374941 0.107132797374771
0.0390714494628591 0.097467838652321 -0.563392936812462 -0.0307683052336762
-0.0652496890437804 0.024419563602091 -0.227200427769821 -0.0995562073488633
0.0881513917121489 -0.00188059144168751 0.146795208892311 0.153584330440239
-0.0279143924667272 -0.127049478160881 0.504075230806379 0.171836388485779
-0.149927945541932 -0.0273392881741794 0.636568360676765 0.0252309295010145
-0.0702015162788602 0.0785699024560568 0.656627714579818 -0.0399015808392249
-0.00650349051233058 0.00384295144055045 0.608901778782547 -0.0360981336788262
-0.0564329167030975 -0.062971022826827 0.484526512392845 -0.0579187034090496
-0.0992022381206725 -0.0765684378646393 0.255071539665494 -0.0432588008284218
-0.11902057533126 -0.0686161336185006 0.0245249533297655 -0.0281467337006905
-0.122494688681456 -0.0652203343198208 -0.179086118600752 -0.0542793621093921
-0.0535832533316804 -0.0696071674529011 -0.421486576065535 -0.0800788105691865
-0.0124984025858496 0.00730604579231328 -0.593840082896955 -0.1333158215955
-0.0928164311186171 0.0883183154947474 -0.707048139403632 -0.170807042731817
-0.178086664394419 -0.0423382142559905 -0.677140768885978 -0.182062501670059
-0.0297637945595381 -0.12581344454155 -0.533348829909161 -0.185080673009889
0.0802977949277498 0.00904235562288951 -0.212644968408059 -0.111265729772423
0.090761258767992 0.0143126436799524 0.123686997926625 0.164935935578994
0.00133434426092208 -0.124092788518519 0.499978267226145 0.230780218342443
-0.13426344467715 -0.0522801567938673 0.622108845864381 0.128650542170521
-0.0817708049817538 0.0626911859642421 0.66417006604526 0.106130972784086
-0.0109470598871181 0.00131575505752309 0.634575155551773 0.073509093910244
-0.0524572207883891 -0.0650082435154017 0.481720371764213 -0.0206050998690931
-0.0933294587714648 -0.0741458617805777 0.222227069364803 -0.0546827364556262
-0.114726546485833 -0.0596654209051048 -0.0240475550566448 -0.0528046844958925
-0.124768149810112 -0.0512793041641846 -0.227574854255323 -0.0667318167233927
-0.0624527265698678 -0.0564924690551928 -0.447366413852053 -0.0461566349832284
-0.00883447731709978 0.00914790921379498 -0.58660047816829 -0.0311468994219703
-0.0661000650450491 0.0949411514236743 -0.701958521664049 -0.0135117477684635
-0.160924643772938 -0.00478105157714178 -0.698827861482266 -0.0582890595571973
-0.0468664794555723 -0.106647494623796 -0.536755693001186 -0.124168972506231
0.0726780143919269 1.39086054131371E-05 -0.221818236536898 -0.0968647604939449
0.0803245486499189 0.0246359678101316 0.101379919754176 0.169799058479613
0.0237947641989719 -0.0991652137465741 0.487718639698705 0.294344784366396
-0.0947789318734462 -0.0579981220215561 0.595274767587144 0.226454870668527
-0.072662048528135 0.0383808501025653 0.641279364312066 0.249760571338022
-0.0127249441116107 -0.00422289766734148 0.638858055270976 0.180285877443993
-0.0444155754906033 -0.057314741645342 0.47737342627462 0.0173975537890404
-0.0750031639215494 -0.0605344347020209 0.194535851720337 -0.0653517932581904
-0.0907072876712155 -0.0409523567752541 -0.068008658864788 -0.0726114973196472
-0.106087522420976 -0.0268246553697669 -0.27230257008777 -0.068886528504523
-0.0590584308253118 -0.0342845844851618 -0.467738492561177 -0.00518634368580036
-0.00696776653864027 0.0114066644943435 -0.570637662193762 0.0621827750878341
-0.0373391822262395 0.0825918803032829 -0.670808768524982 0.123097887043045
-0.116659787533084 0.0191529327673288 -0.690787741722758 0.0625825973646993
-0.0476891276491525 -0.071910373769632 -0.537171300735531 -0.059153077235921
0.0555324875796572 -0.00205679432288324 -0.229463757528202 -0.0824056044131837
0.0607193851078019 0.0224298110189084 0.0836002007260321 0.171086016925232
0.0294112411869378 -0.0623618455710491 0.470843639462176 0.345166031277989
-0.0460809464560847 -0.0362470201594009 0.564659332906472 0.304764166981215
-0.0412856783478385 0.0182105784502208 0.604337952259446 0.361356805508324
-0.00879354587442732 -0.00963992274328006 0.626273538962738 0.272007358964748
-0.0347155646416094 -0.039823221110752 0.46848287445141 0.0489310877464155
-0.0475230918156008 -0.0350580565061447 0.174851317388136 -0.0731620342408743
-0.0520099739287414 -0.0152309683959053 -0.100758667152251 -0.0864923031056601
-0.0701140099010089 -0.00112450508959721 -0.304784575632567 -0.063644233644774
-0.0438509612481881 -0.0120982775081222 -0.480377678375797 0.0322243322909942
-0.0046876469137981 0.0121112171199951 -0.549578900269888 0.131056897563974
-0.0170311848262541 0.056225176096758 -0.630423349917454 0.22188393470144
-0.0596497580402916 0.0212463759639605 -0.669359742686333 0.151814946233743
-0.0322205394995297 -0.0339211825522515 -0.533241270749372 -0.00864330455700127
0.0343654155514833 0.00372616510327758 -0.235287947188103 -0.0733145963527472
0.0345772425982357 0.00902287358674242 0.0743458463450667 0.171599600096201
0.0190876000862806 -0.0229337893364867 0.45712332254389 0.375151212461825
0.000568777685777922 0.00609786612430232 0.537918113227306 0.355900520418305
0.00307531439071058 0.00695120689367686 0.576339172831672 0.425023008720783
-0.00115745017403739 -0.0130441984501489 0.612405701709781 0.322830372114737
-0.02598067001795 -0.0144136118843699 0.458983492309314 0.0695387214263405
-0.0148515667746963 -0.00151145425980682 0.166365829168424 -0.0738899651975038
-0.00451566088993567 0.0141382396630015 -0.117864544722725 -0.0895458210254489
-0.0233882964391237 0.0230545407788747 -0.319440856873828 -0.0545015940397357
-0.0215912973280832 0.00825020661723357 -0.483298565552256 0.0598880467133684
-0.00366678020112852 0.0108174875234175 -0.537711340096451 0.168747339175498
-0.00276516749878973 0.0225474705643532 -0.603003111655803 0.274592068623323
-0.000180157162224665 0.00850264420583584 -0.651724953930006 0.202615874059257
-0.00558516330179186 0.00203832472707088 -0.533313574354367 0.019237167740556
0.0107815736660662 0.0143018126752173 -0.237140561259511 -0.0695716503328338
0.00659063930489104 -0.0078928213581626 0.0731259431036889 0.173268100829502
0.00111496588532826 0.0166232071530045 0.450007900766411 0.382824804605708
0.0457421124888587 0.0529300994211618 0.531903849294254 0.372828188169188
0.049143099671121 -0.00128328545432038 0.578043783768515 0.437214002130619
0.00496218068501059 -0.0128097058822469 0.608320187407778 0.325107312339753
-0.0161990068439442 0.0156730131048972 0.453629724479686 0.0773617011623719
0.0201543040947 0.0344686328266718 0.168206531590198 -0.067151242042645
0.0441378508702652 0.0423174138220913 -0.115144317050994 -0.0843273732332741
0.0239158978321878 0.0449404584947666 -0.316695410994506 -0.0467479404920341
0.000624815135927611 0.0249893337808529 -0.482024886362578 0.0713915543131881
-0.00381227619515019 0.00686506735666979 -0.540161135736952 0.176978938607836
0.0081284008179016 -0.013862781176394 -0.601825491761379 0.284066623228492
0.0568170881984817 -0.00918524503879278 -0.650931134096135 0.210831947835183
0.021066800769645 0.0357236106141728 -0.539853180622074 0.0260016449086097
-0.0140501841470325 0.0241229085204912 -0.237641731242668 -0.0758251255528089
-0.0211664410558699 -0.0204885255333238 0.0835550231698416 0.174835459055528
-0.00809534865470232 0.0547124335162746 0.450419422013946 0.365073839649472
0.0914698750437995 0.0832046434084206 0.548773061694286 0.353868393637672
0.0824199658176434 -0.0168504666847108 0.608505753711697 0.392121375431814
0.00846638847245079 -0.00957286202553864 0.614784731278958 0.284686447860743
-0.00288131719463008 0.0423645997143497 0.452741206025216 0.0704246037817574
0.0544617779896034 0.0633814904384724 0.180257569230555 -0.0517183104302737
0.0894867652679013 0.0657129015433529 -0.0956929883748577 -0.0688466513382841
0.0661578366721876 0.0633917380548218 -0.296436872001603 -0.040208735058977
0.0202337593778107 0.0403308773138462 -0.478045961269654 0.0631412745469162
-0.00314623322819175 0.00329377539646411 -0.560018770215869 0.150095406686812
0.0219113104594576 -0.0473097498896168 -0.627871647942019 0.244615384644695
0.111345062571568 -0.0183979297617709 -0.662250955178356 0.177503779737094
0.0384883183672404 0.0682867554788971 -0.551791252504657 0.0071246926902479
-0.0405354442796288 0.0281186893858102 -0.235164694671585 -0.0871891730078694
-0.0431148722565487 -0.02000779272378 0.102234938286811 0.173261994180289
-0.00176423057646726 0.0844533041743328 0.45885649293757 0.329682824022815
0.132168507258771 0.0854256558242417 0.588498730802538 0.299379529828356
0.0942949572452273 -0.0374350197423179 0.650893114749179 0.290821058019179
0.00853782511722492 -0.00568271416209468 0.622238747475376 0.204181157080189
0.0139313496587719 0.0596752305458262 0.455500173934752 0.0527313327704847
0.0851643495895278 0.079679301850116 0.202729178227426 -0.0329559237529167
0.121789522114721 0.078923590481626 -0.0624722466380321 -0.0464655938612484
0.0933955722328612 0.075995712725677 -0.26198797373896 -0.0333003877102448
0.0317265105660244 0.0532773484025979 -0.467549904263079 0.0396732737590003
-0.00236548756651508 -0.00160778246523247 -0.586424573366167 0.090308446443321
0.0417610906068394 -0.0697729707338935 -0.669507646749044 0.161575231285266
0.15339471870123 -0.00977049851587416 -0.682601388051823 0.1032738816433
0.0383234516185412 0.0976698725384691 -0.563761313061119 -0.0355106626108509
-0.0653034935736751 0.0240872696136229 -0.225434141197558 -0.101430085135201
0.0871849178197987 -0.014112148502099 0.166023180041003 0.127918129723157
-0.0476935188570537 -0.127509101301104 0.520926262883338 0.101428927844106
-0.15960410870754 -0.0110384172348658 0.631581793388281 -0.0577261630761619
-0.0663806613631016 0.0854788520391448 0.64596035644734 -0.123098634861287
-0.011252441110855 0.00225470744537814 0.601281082312466 -0.117278036240614
-0.0669790952266003 -0.0543135857528733 0.465517752154153 -0.123643603222367
-0.109862964668699 -0.0625860160678136 0.245889271837889 -0.0820370840893485
-0.129925292864567 -0.0501393813946065 0.0215841892170227 -0.0312835343367062
-0.131210462583443 -0.0472185817424525 -0.182291799339039 -0.0288084613983029
-0.0654585607477886 -0.0621296125203387 -0.422884905788907 -0.0177202556290629
-0.0128843762392501 0.00621065914707446 -0.603975408894448 -0.0405688430945822
-0.0761704598227629 0.095241481718294 -0.730476181491854 -0.0550363931714831
-0.177062204292079 -0.0193254360309515 -0.700711648019911 -0.0768244933118288
-0.0469772202905176 -0.119478497111268 -0.545382097753621 -0.101310653921682
0.08227516428396 -0.00543671117056312 -0.221596442045921 -0.0731437818001508
0.0916683610727604 0.00178388532605818 0.144855831308845 0.142239570380377
-0.0180543716599569 -0.128622013726117 0.525393679916305 0.159026851279163
-0.146914598334413 -0.0391033177650423 0.632620608399766 0.0496067089490417
-0.0800074907662874 0.0704652951545527 0.672997804227979 0.022035080767505
-0.0158705824960415 -0.00129521778849698 0.641123362682984 -0.0126520900860046
-0.0632777064603584 -0.0574646541385853 0.470701549552395 -0.0880961958190841
-0.103683847477331 -0.0610275011961812 0.211754694603711 -0.0872826794231648
-0.123195309638548 -0.0419987339917734 -0.0303193682189089 -0.0484480273327703
-0.130922688922927 -0.0320231097852653 -0.231591196744896 -0.0342692348897635
-0.0715826840366667 -0.0472203621063343 -0.443432522867252 0.0194460868597851
-0.0100150105181384 0.00735626099601304 -0.582035770479232 0.0587104646611898
-0.0497614389692751 0.0970872149332044 -0.697185411414805 0.0964817267277858
-0.155844556437348 0.0150719975850806 -0.697920858608714 0.0509142797678271
-0.061544421123063 -0.098691936501547 -0.540523170105173 -0.0394845042721304
0.0737849432879157 -0.0139879727798955 -0.22720814954884 -0.0580443925925153
0.083146326330512 0.0135562984171731 0.124096632615978 0.150705223637129
0.00809925303544122 -0.106860590177088 0.523234918947254 0.221988131854929
-0.107415575957374 -0.0504968782744025 0.620572717964764 0.145935409179
-0.0727016392899932 0.0429914038523255 0.668987626617245 0.164404594771784
-0.0174283150278502 -0.00745565694505314 0.659027272103106 0.0952256489462696
-0.0547545889716013 -0.0508038266274035 0.470716020151914 -0.0491758580537069
-0.0837465595270269 -0.0500909346844621 0.181632185958777 -0.0942928035981226
-0.097194199589896 -0.0268159638993563 -0.0771645360963811 -0.0622095118192216
-0.10947311717458 -0.0106352630312622 -0.277465570612816 -0.0299988153256409
-0.0659935088951965 -0.0272031018384272 -0.45912472151958 0.0626616883052359
-0.00783766784520332 0.00973828147159364 -0.550014461465741 0.145045935122203
-0.0250860606769254 0.080980858665717 -0.642019970809111 0.230262547098706
-0.109647972610039 0.0313186265229703 -0.672573153725606 0.169837441887127
-0.056511958635985 -0.0639796128211862 -0.533226244519053 0.0231832091961648
0.0557102697208556 -0.012089583278875 -0.233938403736368 -0.0436930840785055
0.0628094882263784 0.0132657876506487 0.106906557685213 0.154891318109305
0.0185896725262257 -0.0709906127491914 0.51553743008997 0.27549279175584
-0.0542941528739524 -0.0352013210764822 0.601921504149563 0.227372040767151
-0.043244105275044 0.0177580449979414 0.648999808175425 0.278994987614499
-0.0140891251522396 -0.0143920832495957 0.658078153199794 0.185043145031878
-0.0427653506401527 -0.0344774867811207 0.468750192505481 -0.0159403966450742
-0.0519570117770647 -0.0285059677335826 0.162034561412238 -0.0987321196036328
-0.0543942989019453 -0.00746017036450569 -0.112406342202756 -0.0710023727251017
-0.0703987201969343 0.00914279901847096 -0.308373381529909 -0.018114131027604
-0.047465496692297 -0.00691162737991678 -0.466356151569528 0.102645948032192
-0.00558954323829219 0.0111019720257612 -0.52202387952691 0.212300725219821
-0.0096299539782205 0.0525427256456904 -0.586493487914265 0.319789353747442
-0.0544143673575063 0.0246668062606526 -0.638212446528412 0.257622076481549
-0.0350433481698737 -0.0299845550181619 -0.522993158794711 0.0749035644795895
0.035116564640588 -0.00378733053250958 -0.23854154582549 -0.0325858707310189
0.0353138923656145 0.00304703654323205 0.0960500872182748 0.157617846245083
0.0117729343091861 -0.0298370755270222 0.505582076552878 0.307273392321516
-0.00219881867606708 0.00124058421249787 0.58575242230238 0.278412091527576
0.00115135942900519 0.000279447481310579 0.629328287378633 0.34364668221065
-0.00718870746042002 -0.018361548575572 0.653329009597672 0.236306046168832
-0.0301891567696194 -0.0100556928093129 0.462236484762626 0.00597014557822648
-0.0151994352095259 0.00124828831091783 0.152763401589496 -0.0987986502868163
-0.00304667250912254 0.0143859734843267 -0.129106466586595 -0.0721810706351388
-0.0199950114276925 0.0265459425330244 -0.323114475129185 -0.00679969316312211
-0.0226592873741778 0.0105185077528876 -0.465288559299428 0.131330610520302
-0.0047269813750483 0.0101695134189091 -0.503150406035401 0.247439338800695
-0.00151016647074119 0.0173089581477336 -0.549075666667569 0.367736536501281
0.00115731863457097 0.00165634299795233 -0.610003343550487 0.304992672944748
-0.00395887606132065 0.00185934607807025 -0.515903207901803 0.104129614902673
0.0138471274565008 0.010050046451021 -0.242967306019053 -0.0293866589930846
0.00470431826969808 -0.00976327259760168 0.0951338168945231 0.159954929757687
-0.00013246012449993 0.0122635142942664 0.500701470154969 0.316607631011215
0.0487904024475272 0.0425481152612802 0.58370111984584 0.296399180925788
0.0461891667320734 -0.0141863194101913 0.632190322579723 0.354080640596843
0.000280577451506616 -0.0186478896561527 0.647379160807439 0.241743933590482
-0.0156555871399258 0.0188015247924322 0.457546872738062 0.013675905864707
0.0243743074728534 0.0315408941652535 0.155699005024966 -0.0917191927933549
0.0498638398788087 0.0344222721033485 -0.128148234355867 -0.0672389277015481
0.0310890838607843 0.0415084895959093 -0.319390653001734 0.00208987547429968
0.0035720049274171 0.0241010178944544 -0.463853428505814 0.142165010072776
-0.00496282695998884 0.00657480057278052 -0.503079158336589 0.254932876131339
0.00379444266873043 -0.0198694449208155 -0.542790251802159 0.375966764769115
0.055023349718476 -0.0242637163281653 -0.606053630118491 0.315961416621942
0.026714542975523 0.0299895651477978 -0.522432613075949 0.113031707128304
-0.00904633683349513 0.0243229238250139 -0.246110183347094 -0.0353733888623967
-0.0248912145159545 -0.0188859453379217 0.104405977816084 0.161426213822333
-0.00592044443401037 0.0517620955002238 0.501593889510451 0.299302969133165
0.09925445422291 0.0673614676852542 0.602218179044813 0.274098874648255
0.077567861164215 -0.0334033408791826 0.658325011122446 0.302640393575827
0.00314706859747321 -0.0156827002525324 0.648783634928961 0.197448898929447
0.000910201534972649 0.0442845933056363 0.45699501091324 0.0065835327729841
0.0632285806563865 0.0557025877206254 0.16950452527514 -0.0790685340080342
0.098052869729451 0.0504362291991063 -0.107046361103335 -0.0542771896184815
0.0751792030454553 0.0530284768841676 -0.299656894008908 0.00585281703727995
0.0247920664702286 0.0356850054602237 -0.460855792469835 0.135102104918002
-0.0050101625700982 0.00158253965763469 -0.525210440711386 0.23219121344536
0.0123815506812082 -0.0546579040611186 -0.57207268049995 0.344521502784725
0.10661709635175 -0.0413754863547028 -0.621586739902875 0.286273783084457
0.0489265681934385 0.0606666106962094 -0.538928128464872 0.0980550968130673
-0.0343823725892373 0.0331859856924038 -0.245756191763655 -0.0477020842246756
-0.0465261892294233 -0.0157462539364642 0.12155874716877 0.157032233799176
0.00422284579133276 0.0806783614160797 0.506860287834511 0.262687561573278
0.138583978580068 0.0645397555801388 0.633021465598936 0.212149938636795
0.0861883913109707 -0.0553962688694926 0.685788632453175 0.196565861879025
0.00357598437771959 -0.0111075829556882 0.64559375289622 0.118211289799454
0.0199238053952032 0.0596980315523863 0.458827587499311 -0.0111127965195297
0.0958893496179887 0.0668440560024213 0.195000245902625 -0.0629162274380344
0.133581278158543 0.0599227978709398 -0.0693347160300188 -0.0375316367095013
0.104200819142625 0.0622509762657481 -0.265717954470133 0.00848491029198361
0.0381930577465379 0.0478143444515126 -0.455763138738697 0.111600473069298
-0.00494372952180493 -0.00225461534302816 -0.563522427408435 0.179436698273838
0.0294013695802346 -0.0798531717861227 -0.627808962964099 0.268288870269278
0.151252590286546 -0.0389608350921158 -0.652802194866598 0.217726247929242
0.0535036211014284 0.0895068911654767 -0.557653825754662 0.0600821493959087
-0.0594898444271423 0.0342375675717395 -0.240664074734893 -0.0647629070505932
0.08716765517914 -0.0132915337324908 0.165502591127827 0.129836453235087
-0.0465208582858842 -0.128012737984093 0.523302124106353 0.105625878541192
-0.161203939607802 -0.0115052165882405 0.634973743057023 -0.0524799018357699
-0.0660172438769823 0.08558665896058 0.64947239103526 -0.122616785435853
-0.0114806256657386 0.00107805469915489 0.603051035034959 -0.114823978354252
-0.067554732079593 -0.0549729900002629 0.468200116369623 -0.12130868994668
-0.110096051072391 -0.0628147873931079 0.247197614816883 -0.0810757684228102
-0.129960346671731 -0.0506363538834029 0.0228855525316574 -0.0314103891180475
-0.131209109918816 -0.0484611213797895 -0.182423840472237 -0.0304286876213142
-0.0650006584619066 -0.0622744942594156 -0.423390673720062 -0.0199680392632476
-0.0135123648619501 0.0055497549518797 -0.604904586562866 -0.0457483690874191
-0.076855365306746 0.0956318493803834 -0.730116418423935 -0.0591739856919448
-0.177551753491029 -0.0200295562574218 -0.702696939142633 -0.0811933793866884
-0.0464348238024707 -0.120404376352079 -0.546458938845766 -0.105344139857472
0.0829421197055011 -0.00561794397734135 -0.220448149112794 -0.0745255784999555
0.0922361524300935 0.00200635228817927 0.144694267196664 0.143868598117656
-0.0170544173267623 -0.12845378284923 0.526720231142483 0.163978319840699
-0.147200385224786 -0.0391771083175237 0.635371559822146 0.052391052167375
-0.0802493619640924 0.0699764535615899 0.676763810999905 0.0247375100086946
-0.0157473794378008 -0.00100202219661706 0.641768900880011 -0.010607862765687
-0.0642066007412276 -0.0577915590023177 0.47320654160224 -0.0853816887843246
-0.104643292268331 -0.0618059227056816 0.2120155392224 -0.0866995790824057
-0.124169581025239 -0.0432733056951697 -0.0297673955207723 -0.0483120661411933
-0.131783665740843 -0.0327388541348845 -0.232667719623132 -0.0354950737447504
-0.0723653852860109 -0.0484810461648118 -0.445241414025182 0.0171786375980921
-0.0110240059495708 0.00722043128862832 -0.583961521364139 0.0535360072118502
-0.0504021845954974 0.0973375062788411 -0.698831792382213 0.0953577551112001
-0.156278421706884 0.0141209077938858 -0.701378041327264 0.0463911787331385
-0.060359436242318 -0.0992924293386668 -0.543651263429229 -0.0421142146048347
0.0741103903685708 -0.0138587744669444 -0.227160078884243 -0.0596622081663681
0.0836941920065616 0.013275062768863 0.123486209532523 0.152441099691114
0.00899111174021717 -0.107119980136518 0.524896235872184 0.22681067710306
-0.107379336350486 -0.051347180308517 0.622382156448725 0.149784757135362
-0.0729727571720806 0.0427699290324809 0.672160227019386 0.168338146998764
-0.0182227923948909 -0.0076806922670948 0.661949953887505 0.0970990018806539
-0.0550546823151404 -0.0511589119625833 0.472466739428385 -0.0472626947925241
-0.0839674650987584 -0.0501514252983504 0.18294922473262 -0.0937217744111355
-0.0977794009730839 -0.0285421519165622 -0.0768780119136455 -0.0630070051573671
-0.109696202476561 -0.0114125887556113 -0.278217160701634 -0.0316412801298985
-0.0668428464830776 -0.0264957719134689 -0.460130299807941 0.0597171289795946
-0.00774280756021905 0.00973014680360316 -0.553133705140096 0.143979230852299
-0.0251322071474058 0.0810256148088728 -0.645490880020624 0.227057900510117
-0.110000359358343 0.0308828049835587 -0.677812210384265 0.166125577865043
-0.0564200549217251 -0.0644030235016403 -0.53527198750779 0.020950737972186
0.0572854213372695 -0.0135563773900368 -0.234158377409757 -0.0454204595469543
0.0632288731529812 0.0137651102956002 0.105918724835868 0.156417913283879
0.0195978301882717 -0.07139584259968 0.515794479805038 0.279744869348574
-0.0548000922487027 -0.0358477398612661 0.603011484388258 0.230020416721675
-0.0434813326732733 0.0173274398864474 0.650259037818256 0.282839436014402
-0.0147149543678949 -0.0145746599288915 0.659879143030221 0.190262366855216
-0.0426909778065907 -0.0348198205815505 0.469026171000458 -0.013481508531192
-0.0521594506671518 -0.0288953028132178 0.163088166588614 -0.0983775145269744
-0.0555087647595991 -0.00801767425481082 -0.112426988697087 -0.0719356004363007
-0.0698134385240093 0.00955573689750991 -0.310882352074921 -0.0193969457348651
-0.0482954373065181 -0.00563052108006609 -0.467184582605192 0.101692957846843
-0.00580540739392131 0.0112406632423342 -0.524248669488084 0.209962369249573
-0.00879181392020028 0.0526663182824813 -0.591258371175117 0.318433685649811
-0.0546386335640073 0.0237999905835817 -0.641628016315514 0.253966746479957
-0.0351638604993596 -0.0296234538758671 -0.526159426658177 0.0708991303282609
0.0359219927510286 -0.00330986395463708 -0.239323646150653 -0.0343600217121791
0.0353854382134658 0.00398212003329018 0.0950766283229687 0.158320039609371
0.012756254908948 -0.0302530564159099 0.50592882700506 0.311573261788804
-0.00202966558423669 0.000567638323901888 0.586254076474872 0.282648122067025
0.00200615931078269 0.000326498451287584 0.629201882462239 0.347394361888225
-0.00701229799249681 -0.0183849446074711 0.651511409987392 0.241238023264799
-0.0305721835307807 -0.0102711599937076 0.462419090503447 0.00660857373205216
-0.0149418832651025 0.000631730401291609 0.153983077079904 -0.0983632134114727
-0.00286509480603373 0.0139389855574625 -0.129991452864119 -0.0732438090974587
-0.0203500268903072 0.027101919543798 -0.324867390055534 -0.00811845976161029
-0.0227217255473681 0.0113065951105362 -0.469020604833533 0.129167944354986
-0.00489458210781908 0.00948249155133967 -0.5057141102432 0.244654769734448
-0.00102463055838253 0.0162853336358542 -0.552935098481594 0.365474936371997
0.00161022422667884 0.00135430528941827 -0.612802550823696 0.304222195599289
-0.0034835537039976 0.00155911224711301 -0.520537919397039 0.102117080629118
0.0144530363481493 0.010708402339035 -0.244194548227532 -0.0319620957754253
0.00468316493643576 -0.0100818035198661 0.0946929132427719 0.160810035934994
-0.000662446052169109 0.0122370004108336 0.500151779350077 0.321062512959029
0.0495580805109426 0.0424513201837868 0.585373297903144 0.300293538801467
0.0462242929683174 -0.0139407622577361 0.633835791365465 0.358424247507511
-0.000294673432802338 -0.018199700360085 0.648268167269456 0.245409349467532
-0.0162145264415592 0.0192748440348625 0.459118642161874 0.0151582316787886
0.0242502024483799 0.0317924343519901 0.15615902688234 -0.091339330747239
0.0499325428372058 0.0347070538004376 -0.127315865848334 -0.0673105779875137
0.0309381247777873 0.0416926845354734 -0.320834779302911 -4.6516105344307E-05
0.00278846379116161 0.0249503563509162 -0.465846448439096 0.139686471091418
-0.00500619759405244 0.00635654835632578 -0.508474597027624 0.252069795932613
0.00409204291872827 -0.019816374532657 -0.548555204939813 0.375007121467193
0.054753701150868 -0.0240876059210808 -0.608737926123819 0.313702378010227
0.0271060303369946 0.0306692491095981 -0.52596248743226 0.110949409653719
-0.00951267425180833 0.024335705768134 -0.247059503396125 -0.0380511955544259
-0.0249493329955806 -0.0185081198262094 0.102728480494456 0.163324161011728
-0.00487503784215195 0.0514736176913376 0.502126768480725 0.303238209117861
0.0991523185824794 0.0682778145985946 0.604106146455571 0.278054506201126
0.0782142086446734 -0.0328629686319019 0.660061810545887 0.305468289370872
0.0031632546550246 -0.0153175527198666 0.650806166722671 0.201317368748571
0.0004734259963469 0.0452877164897766 0.458098101646971 0.00781119948591815
0.0628984338081343 0.056284707802776 0.17118589048306 -0.0774678698315695
0.0983460920135248 0.0510324793859188 -0.106414446115627 -0.055086962843754
0.0751519289919936 0.0531036178968624 -0.301094260558538 0.004625235100892
0.0246378194372725 0.0375050744804168 -0.462447340912997 0.133180765214314
-0.00545364202312358 0.00248663500590845 -0.529554223407699 0.229387043539043
0.0130648476986826 -0.0551951986199481 -0.578459851437209 0.341450723128489
0.107112098532596 -0.0413621798901997 -0.624670931532708 0.283989398301648
0.0492215779776385 0.0610446847176676 -0.540115362546797 0.0947677664300284
-0.0341130091705224 0.032508134744586 -0.246163724432332 -0.0492697459824012
-0.0472523495726052 -0.0155420489679257 0.121089257097911 0.160032866257683
0.00487025860008312 0.0811573672252109 0.507067645585848 0.26609552988712
0.139486317951957 0.0647842448084509 0.634870227497945 0.215833035467729
0.0861979078176594 -0.0545278689155451 0.687678838290706 0.200582649094476
0.00382062777718623 -0.0104590214182105 0.645362811405511 0.123867184299002
0.0197042765557016 0.0603147112188233 0.460713036028009 -0.0079958668433539
0.0953996601290551 0.0685705607914651 0.197275251099808 -0.0622424240569299
0.134653870263819 0.0599485583489817 -0.0691438573246445 -0.0381994403899927
0.104587113537832 0.0627515163862726 -0.267029662933715 0.00672943896947878
0.0381362511146116 0.048784589536124 -0.456508464120829 0.109189756103932
-0.00550403144693097 -0.00155659299724647 -0.565953666613239 0.176446973741751
0.0304914549799404 -0.0811556279240773 -0.631017005886961 0.26555342320508
0.151243541793441 -0.0385475258957938 -0.655812623044969 0.215048801737237
0.0543624576297599 0.089977169332868 -0.562834779698121 0.0572284502758821
-0.0599531201714577 0.0331108404616015 -0.24058283108071 -0.0670433198144709
0.0889263728694611 -0.0125313594162393 0.165528748923754 0.131266217348499
-0.0459848015950467 -0.128829579054898 0.526774123325068 0.108169988447875
-0.160808889126499 -0.0116262299969757 0.63888731142309 -0.0490649590162206
-0.0669088670985662 0.0856802371166002 0.653698937973076 -0.119840931395579
-0.0118471923541316 0.00147260781645529 0.60604358109363 -0.112163915197032
-0.068717957654638 -0.05597590313161 0.471229859034235 -0.120314265478881
-0.111565164755515 -0.0630423753586859 0.248749688369871 -0.0809475714763964
-0.131008443002763 -0.0519490637674822 0.0223790662117327 -0.0311060104868414
-0.132032640959111 -0.0480803407531952 -0.184001027895678 -0.0316222861171069
-0.0667256804244824 -0.0632409438346456 -0.425466145041406 -0.0218241678849541
-0.0136822088251142 0.00501177377067421 -0.607958512350602 -0.0483309887964717
-0.0760614158217994 0.0956071845023034 -0.735322654961347 -0.0621622659289991
-0.179388276727929 -0.0206835605537893 -0.705317682589388 -0.0842329110899106
-0.0464537960285537 -0.121308595589124 -0.550805418386726 -0.108656721982021
0.0839232476337327 -0.00654303842452597 -0.220100391409643 -0.0772814645070924
0.0920340345629843 0.00206263506329106 0.144886630324926 0.145750453016051
-0.0164316357335021 -0.129055435269304 0.529942081937976 0.167426334423037
-0.147600354526153 -0.0403939295319792 0.63903874150017 0.0560808140467419
-0.0803594187679466 0.0706874201157839 0.679306615770558 0.0269931191944276
-0.0164877854758044 -0.0015187118990475 0.645408028238636 -0.00760282785453996
-0.0647119004473595 -0.058528096265413 0.474798226984248 -0.0833781755279508
-0.104751521769861 -0.0626826614302373 0.213930674065536 -0.0860407078789859
-0.124984224330428 -0.0446217681329515 -0.0292660799973055 -0.0487443008359088
-0.132086947956768 -0.0326694711491846 -0.233757309600146 -0.0366740152974066
-0.073023014222658 -0.0488407945481535 -0.448165102427422 0.0164260865112444
-0.0105979325525662 0.00615374028992549 -0.587889251607942 0.0513384273676438
-0.0501729621656743 0.0979238807040282 -0.703468005972522 0.0913662432253401
-0.15782913350347 0.014149607548467 -0.704550970624191 0.0443487746246319
-0.0608565935565551 -0.0999655203018171 -0.546504253839331 -0.0444010000290485
0.0754325690726697 -0.0140045893772857 -0.227837659330059 -0.0616675259587516
0.0834493307846011 0.0142456765283239 0.123390113069386 0.154189813730164
0.0097463213316995 -0.107310953196887 0.526931549195664 0.231297796585779
-0.107834585262621 -0.0517545960659547 0.624603213990756 0.155214311982756
-0.073296819483321 0.0433989882787713 0.674464298448493 0.171670176710324
-0.0183290654262376 -0.00812437370929887 0.664226198825167 0.10210581736486
-0.0555687177356139 -0.0524082903800078 0.475125064888966 -0.0451391684696215
-0.0843390052252438 -0.0510908207932967 0.184667811407157 -0.093953146071236
-0.0978088523829649 -0.0284681687377191 -0.0767416381827515 -0.0630976034113988
-0.109905818998048 -0.0112694595426392 -0.27975093557874 -0.0332146976544694
-0.0671297279412511 -0.0267120247384807 -0.46453740889953 0.059859888799293
-0.00859225798037091 0.00900700733009098 -0.556170608629802 0.140784889536368
-0.0250168342590132 0.0818254707683714 -0.649758424860349 0.227012111736549
-0.110816741223615 0.0306025014404132 -0.679732568153609 0.164605009538684
-0.0564102710675042 -0.0651836413017025 -0.538258166266485 0.0187091068926431
0.0573628947164032 -0.0130175173676841 -0.234061604216333 -0.0464418812058487
0.0638053754144488 0.0145174287215275 0.105394399188786 0.158635218851673
0.020048225889026 -0.071666054597229 0.517412029814481 0.281543760553141
-0.0547636362752711 -0.0363763260845023 0.606264578781679 0.236886833814555
-0.0431531286439381 0.0176372354004314 0.653242017730352 0.287129566055395
-0.0144616945749743 -0.0149478360692883 0.662383125415742 0.191510324837695
-0.043361704417171 -0.0352711407897516 0.471914308588463 -0.0124851642292928
-0.0526904585049305 -0.0292736601138679 0.164067347664663 -0.0975836306827858
-0.0552785307657326 -0.00867657666136941 -0.112048078448178 -0.0719800717734336
-0.0697289789723601 0.00999808336033015 -0.311658065475796 -0.0209633279667829
-0.0491330016104126 -0.0067014086160141 -0.47124902656038 0.0995139384235165
-0.00656762160240854 0.0109350498578137 -0.528500750219386 0.207781243477969
-0.00899142790825291 0.0534229064695717 -0.593179605166757 0.316616428827055
-0.0550503562655801 0.023451820070184 -0.644379995583457 0.254741983999271
-0.0355496335014235 -0.0294222718684241 -0.528569502624475 0.0685240069763376
0.0357165244805844 -0.00340736710035183 -0.239985878898594 -0.0365196806168228
0.035409697360142 0.00418527334510853 0.0948705531689719 0.16045243424123
0.013166517817914 -0.0303588842628002 0.50816630816948 0.316086944537964
-0.00203176293293573 0.0010211675944757 0.590337459670442 0.285905463475369
0.00220493860572868 0.000167716519429821 0.633535472612192 0.350905630448105
-0.00719263396683241 -0.0189813361209496 0.655047943068169 0.244640189597259
-0.0310590834214113 -0.00907662213377591 0.465670721384818 0.00819996208510469
-0.0154153492825126 0.000351170101648782 0.154834940719174 -0.0985324079403208
-0.00375503654235056 0.0138069346997757 -0.129139743133069 -0.0736160768304786
-0.0200492809299305 0.0275805976837005 -0.326852632132917 -0.0101385819591208
-0.0235868766455761 0.0120603889474049 -0.471483705849335 0.127295796241124
-0.00554872369146574 0.00979814388262216 -0.509782595764736 0.242576397035775
-0.000630886562278834 0.0174848709297399 -0.555436570970402 0.367147126069795
0.00108588999767131 0.00166756142982044 -0.619185440444311 0.302528302314098
-0.00419232443727272 0.00109629361015809 -0.52295774824365 0.100392638879174
0.0151408061344292 0.0100769923865695 -0.244214820959378 -0.0329849072639382
0.0047726514183389 -0.0103070469762979 0.0939457966878319 0.164364840006721
0.000336170247266031 0.0122744278306031 0.504954587942463 0.324603335931432
0.0491541880768949 0.0426468307017357 0.587533631807724 0.303914615348272
0.047517432735349 -0.0136608757418522 0.635356400511691 0.362049368462941
-0.000688719828284851 -0.018356180085231 0.651066239135471 0.248959559115062
-0.0166830261877039 0.0203827188090489 0.461697299662884 0.0167699960561698
0.0243324124181121 0.0313970589271318 0.157646667141674 -0.0905919077888641
0.0502811022132784 0.0345099369274609 -0.128373412035813 -0.0688996002947523
0.031626322889775 0.0418964282630344 -0.323850965638705 -0.00138400473067915
0.00306903302150202 0.0253959035753618 -0.469184835722475 0.137954453667356
-0.00543362279230911 0.0063626409203458 -0.510994418564116 0.250280784116837
0.00452219333427411 -0.0198022018954581 -0.552476814498898 0.374357941938468
0.0558561643245393 -0.0244948878890236 -0.611950022591048 0.312782481541391
0.0271791304012894 0.0312680890342338 -0.529179688881859 0.109389647982919
-0.00880410010290788 0.023712831963539 -0.247453211206457 -0.0394296390771015
-0.0249620332827596 -0.0183533116768606 0.102921485246992 0.16546564978272
-0.00520280219998668 0.0521122792663294 0.504008970921423 0.305673615943631
0.0997587429833158 0.0683325791254466 0.607011986249526 0.281288688653078
0.0782030011511541 -0.0324487385913943 0.66069079869568 0.311050464516398
0.00302745644491676 -0.0157489948912094 0.652449344146195 0.204579972582897
0.000167151913400984 0.0461617611053979 0.460196421409602 0.0112234481138527
0.0627084239037693 0.0569729777234085 0.172336654601239 -0.0775732966767744
0.0989791617885022 0.0509331539785022 -0.10708276976058 -0.0558238796728119
0.075117251980117 0.0541376508561601 -0.30267348145808 0.00308710410379166
0.0253416469049573 0.0380166830438227 -0.464417687896268 0.130936644452645
-0.00665332953223151 0.00255073662133888 -0.533042213078821 0.227982673577369
0.0135709972054816 -0.0551585546431559 -0.580016813759091 0.340043309303568
0.107808090505137 -0.0411243292765334 -0.630162772242599 0.282435604008712
0.0494415844723375 0.0612138370548204 -0.544303737141447 0.092997638324432
-0.0352389473559785 0.0327320199016075 -0.247429880362295 -0.0517018804185129
-0.0470957977038655 -0.016356573420942 0.121371578590002 0.161699088253245
0.00481177540719225 0.0816158606532261 0.507338296865651 0.269056157891233
0.140537385741803 0.0651789139058749 0.638774498155001 0.219881692947655
0.0870443088881556 -0.0555454634162244 0.688726929082346 0.202445488565964
0.00321824659555559 -0.00974646624418548 0.648688127060407 0.126137819422938
0.0191495228178308 0.0619992659527047 0.462147544304327 -0.0068967421783139
0.0960856184455896 0.0685758223428208 0.197321714686922 -0.0616820496075421
0.135125941660498 0.0602537465968802 -0.0690822793919164 -0.0375813629671829
0.10600673277035 0.0634563528118796 -0.268012335207832 0.00505034108830695
0.037780349059648 0.0505864658141028 -0.46035180300885 0.107127468429039
-0.00475404986693845 -0.00119607249811841 -0.569558919003543 0.173932648300124
0.0306218685578054 -0.0815989866987328 -0.634337060355056 0.264845144413002
0.153127897305488 -0.0385611425759666 -0.659976613801028 0.212948796194614
0.0548729122088465 0.0908535842153466 -0.565191979110188 0.0541420368504852
-0.0597160074990368 0.0327074743240714 -0.242491912151837 -0.0678961777538578
0.0881371501510675 -0.0129891277402114 0.166195664220527 0.133789777294549
-0.0460024522798591 -0.129331467163714 0.527865599521052 0.110469075722667
-0.161694526470672 -0.0121263600149021 0.64524519766344 -0.0471064962876368
-0.0672698023914053 0.0861922961160267 0.658476081469117 -0.119579539751986
-0.0118080301275337 0.000799099113337526 0.610568872436391 -0.112175398497034
-0.0703883570668431 -0.0563547041884457 0.474925888070077 -0.121707175841111
-0.112893093234516 -0.0644414003311698 0.250509788927332 -0.0795614464892146
-0.132006801703941 -0.0524637121279076 0.0237360814585033 -0.031478743102401
-0.132165879792503 -0.0480275257243859 -0.185206515146947 -0.0322077369642849
-0.0672601290871345 -0.0630246017968349 -0.429414899385768 -0.023607934624727
-0.0133577665894373 0.00373579257492586 -0.612334061393174 -0.049708965328913
-0.0763065526223042 0.0955806790771279 -0.738124681186345 -0.0654474173231797
-0.180845782661059 -0.021016587281513 -0.708903777014915 -0.0859126310017261
-0.0463099683704853 -0.122205948090699 -0.554368558131503 -0.110846354172755
0.0849169476483713 -0.00631128677200662 -0.2202771831245 -0.0785495611415133
0.0939395277633594 0.00290582107482372 0.145175527737223 0.147768595229418
-0.0153347400194059 -0.129817175131745 0.53296224813888 0.170176483265389
-0.148756318477922 -0.0401662576615552 0.64444123212975 0.0573832054749395
-0.0811963403570857 0.070119333916619 0.682447003684138 0.0301738304196172
-0.0161471696021272 -0.00177345518437007 0.649131603274643 -0.00611041471050219
-0.0662021247673749 -0.0594963162350289 0.47671834874018 -0.0825491461466293
-0.106311862244068 -0.0630330871052237 0.215836981445845 -0.0850127289352712
-0.126445343001167 -0.0452601168260282 -0.028942743336401 -0.0500426001386515
-0.13236319864121 -0.0325262357156574 -0.236149462201921 -0.0378764578099235
-0.0743935725543315 -0.0488739111426797 -0.45057412677847 0.0147064599077884
-0.0113714265153018 0.00601247720164453 -0.592693559268445 0.0489890637530172
-0.0497235674514979 0.0972584339538633 -0.709486159428485 0.0912220584172454
-0.159006539131854 0.0136491679878183 -0.710006912493792 0.0437666867136356
-0.0607886436441039 -0.100799983906967 -0.550110439639813 -0.0473632973342249
0.0760447095752493 -0.0154009193158212 -0.227777856352349 -0.0626991193229987
0.0852176616371985 0.0146144426869993 0.122724545819315 0.155777679958545
0.01115552992694 -0.10933850679344 0.530460632351339 0.2334335589581
-0.107828156075995 -0.0522890429365651 0.628971503040552 0.157138544140011
-0.0736787851469839 0.0433549542540268 0.678201136768422 0.175037546470236
-0.0182915735334795 -0.00862247447162004 0.667432743971082 0.104163616621422
-0.0567592641918783 -0.0522485399983088 0.47654452330928 -0.0462639583584696
-0.0850019405028575 -0.0524903700483211 0.186242750005369 -0.0935758979430187
-0.0989549375415195 -0.0294822605451833 -0.0771594022299542 -0.0634991658843588
-0.110479705151578 -0.0107367497974222 -0.281601104907695 -0.0326550085092657
-0.067732101735272 -0.0271646438237895 -0.466635000495418 0.0579654317957276
-0.00858707073489225 0.00822902396594627 -0.561796261607692 0.138763955140161
-0.0244445104636206 0.0822845993498719 -0.654101964584586 0.22543018334593
-0.112211631818036 0.0304439350173503 -0.684247699729466 0.165064933372305
-0.0568885677913844 -0.0656568339775364 -0.541932637902829 0.0169408348447155
0.0585237435073843 -0.0140205467473755 -0.234420949602616 -0.0478317967591803
0.0634587322588143 0.0150914703863745 0.105832725649027 0.160766817084145
0.0214718015135119 -0.0717119633427225 0.522137599928845 0.288052844545799
-0.054834360516959 -0.0370184325798618 0.60933941332809 0.23783166379196
-0.0427576031991973 0.0177719760202391 0.655784672049077 0.290166446768167
-0.0147593000764576 -0.014747394029096 0.665945553758847 0.19460309854906
-0.0451722853976765 -0.0353666108747297 0.475349875165404 -0.011780149795925
-0.0537950179956264 -0.0297863042939531 0.165264940138398 -0.0990155572418743
-0.0556641779977751 -0.00943338767105513 -0.11228716279881 -0.0734604487581719
-0.0701943719875287 0.0096209364218389 -0.313755401674579 -0.0228787091219868
-0.0494511408218141 -0.00583455974772942 -0.475165395225247 0.0994757416673276
-0.00672562601674614 0.0108857374995259 -0.531130694200173 0.206628695580005
-0.0085118598165274 0.0531409033052643 -0.597409138975932 0.317771986116508
-0.0560313856951998 0.0237641825922474 -0.649553832022135 0.253546597663219
-0.0354648638460806 -0.0303220379703723 -0.532166538048847 0.0682284450124211
0.0370502893610347 -0.00444003671464306 -0.240545414617177 -0.0380552138612658
0.03628799553565 0.00442485963494885 0.0946831213281223 0.163502048787692
0.0137227254278575 -0.0306432768523766 0.512117727382292 0.319664892587053
-0.00175769109119784 0.00101032609825726 0.592123452333034 0.29058095842453
0.00150777481002019 7.31495015068515E-05 0.635315778861047 0.353884878418885
-0.00731622519079172 -0.0186052312390872 0.658249170159018 0.247909413859266
-0.0314386625781271 -0.00862687466125333 0.46821667576526 0.00931860382785847
-0.0157802057663199 0.00109704431563008 0.156678412221831 -0.0983039256220481
-0.00356407277073305 0.013044245189167 -0.130562012921454 -0.075148397878932
-0.019803260904641 0.0283788811785119 -0.328578064234859 -0.0119396013700011
-0.02372493758892 0.0120508670826233 -0.47628554384388 0.127679092962735
-0.00647188706799962 0.00904612789809304 -0.51203591466021 0.242660899605795
-0.000441348478842633 0.0175700650247279 -0.559766880308815 0.367099825699088
0.00104575912629122 0.0014888151215188 -0.622720763825302 0.302957988237616
-0.00370935219113068 0.00160482738151739 -0.527320417786081 0.0997172391494138
0.0145647029674749 0.00896821384331576 -0.245907953370232 -0.0349658263588489
0.0046356166278319 -0.00998231028472471 0.0935165766579917 0.166585473886295
0.000681928174881481 0.0117452207117695 0.506874182991823 0.32864749942438
0.050201424802848 0.0431801344101394 0.591133980938113 0.30757569706478
0.0471064134359661 -0.0141531461185219 0.639112374935263 0.363218450145709
-0.000730524111087439 -0.0189784952467688 0.654141958264776 0.252437098277047
-0.0176660015924063 0.0206056094130587 0.464346697867376 0.0179633737541436
0.0243862367765745 0.0320672388341823 0.158592988466567 -0.0917489454558129
0.051111319507701 0.0346413258288244 -0.128361335492836 -0.0690268137917372
0.0320805013271896 0.0431990277508071 -0.325825582129231 -0.00267240128264425
0.00290555032191241 0.0266009897346953 -0.473181481035182 0.138898659901454
-0.00569061534241588 0.00665656874358766 -0.514982707168986 0.249837626239756
0.00463814935486626 -0.0203720510948682 -0.554762350357532 0.375435153779547
0.0565468239651773 -0.0247403455113996 -0.618815351484802 0.313206673024935
0.0273336763716508 0.0306929578468275 -0.53315962771253 0.109185047463886
-0.00896100395410525 0.0230842783736323 -0.248796754780733 -0.0405196814568989
-0.0254203585613344 -0.0183001847365261 0.102951107753347 0.167787619487676
-0.00472337792934662 0.0519475383850237 0.50718903492814 0.311396042163599
0.100373673682914 0.0694096198944584 0.609871198653558 0.28554479483127
0.078545998384727 -0.0333277431946882 0.664946183556226 0.312533539925542
0.0027462507491661 -0.0152227474427924 0.654885433240125 0.20611322170668
-0.000746635727531166 0.047794803930757 0.463869425950916 0.0119509109508676
0.063412748426005 0.0572329856080818 0.173582070977799 -0.0778428047460225
0.0987790713935973 0.0505008553302862 -0.10705513287364 -0.0562712827233302
0.0770869139472697 0.0541667478169732 -0.305314111887445 0.00214012927201461
0.0249828723000302 0.0393797104727072 -0.469347405569936 0.130642835972243
-0.00628584689395631 0.00274334627437354 -0.536838722175424 0.226771237698072
0.0140524240608981 -0.0561999039910526 -0.583984049543737 0.341136615108201
0.108705095934215 -0.0416308886993085 -0.632924424875758 0.283312357930776
0.0495630730960441 0.061151123833385 -0.548381995973048 0.0928020590398127
-0.0350161304978704 0.0329004448617641 -0.248021686204715 -0.0540784810456316
-0.0477592500186586 -0.0154346769273128 0.120477650156123 0.16366709048166
0.00521711166718918 0.0818732677527 0.511857712696838 0.273451898864418
0.141110954630014 0.0653987127310332 0.639990232254897 0.223005482147462
0.0872822666931146 -0.0556776490140595 0.694440048926086 0.203841605616474
0.00243882709735491 -0.0104634335150863 0.652479016904617 0.129186662186164
0.0190893945271977 0.0623740901862931 0.46566788942646 -0.00579574466892842
0.0969655932895853 0.0695529605080706 0.199302275801263 -0.0613447672573497
0.136040344797139 0.0599490972145067 -0.0703195836385039 -0.0393031823976565
0.107226029624529 0.0645832873363686 -0.270899560298666 0.00417799938358753
0.038710038546399 0.0507529352305948 -0.46361071463743 0.106166471235987
-0.00540955558527056 -0.00129839912557405 -0.575148070713884 0.173433741615239
0.0308493322530601 -0.0821340128670124 -0.639711812893655 0.264267292902434
0.152580709009275 -0.0389917955018802 -0.664133204695632 0.213076762795406
0.0545633702012397 0.0919712525144239 -0.568764439343738 0.0542350084505901
-0.0608785225208803 0.0325871076661486 -0.244005242521588 -0.070584136265412
0.0893558733477407 -0.0126570580984711 0.166655800580808 0.136367261915872
-0.045733477470533 -0.130357979813332 0.532929308694825 0.11367326996822
-0.16292489941398 -0.0122079618725829 0.649311017531393 -0.0473804877111083
-0.0673226003321332 0.0869154412486121 0.662199804924013 -0.11960543432006
-0.012378707982732 0.000871321689931534 0.613582658299397 -0.11283640822029
-0.0710477359908352 -0.0564873115806184 0.477799234678289 -0.12079557620295
-0.114053406494805 -0.0648557778221258 0.251817256928312 -0.080057399109345
-0.133480019656635 -0.0533883347262793 0.0240647818814773 -0.0318803616807278
-0.133018336375787 -0.0482442960220011 -0.186785255374276 -0.0330673701833262
-0.0681535939704961 -0.0641047669689779 -0.432520358478739 -0.0244952665647677
-0.0139442365908397 0.00400134357830978 -0.616061971144766 -0.0532660813134684
-0.0767061582946638 0.0964712081077619 -0.744017654318582 -0.0655806133260363
-0.182538818998039 -0.0212672467925399 -0.712555653873247 -0.0872212579728203
-0.0466997584939004 -0.122980956413506 -0.55664104755323 -0.111695425414456
0.0854091823380347 -0.00704081699716123 -0.222069398290872 -0.0803563940654948
0.0941726927665503 0.00277619394451583 0.145175919905795 0.149346418924775
-0.0148470846367222 -0.130803063771106 0.536711232858842 0.173780418671413
-0.14897108454966 -0.0403989558334636 0.648828897441017 0.0595571023332343
-0.0805836946523898 0.0715371811948185 0.689282982312519 0.0298779913230633
-0.0165849336340813 -0.00264582228036857 0.654031776964947 -0.00565303840998002
-0.0671033406799487 -0.0595710026874114 0.480920347775995 -0.0833486192823225
-0.107523041049259 -0.0637138451700657 0.218337617223277 -0.086280708949849
-0.126995458407022 -0.0455680632195953 -0.0293540280684044 -0.0502716310214201
-0.133552646714826 -0.031941419696471 -0.236926280550721 -0.0379785416340576
-0.0742389820018761 -0.0488574817507499 -0.454421510105786 0.0139088099889038
-0.0117934039318902 0.00573869240159119 -0.596268508635294 0.0483058363223692
-0.0498099536846565 0.0984126688575202 -0.713944781492308 0.0903331199668285
-0.16052585163644 0.0143058048204981 -0.713554033920524 0.0435551620528026
-0.06194370213987 -0.100793392184409 -0.55493410219704 -0.0491719263389207
0.0765115397913373 -0.0157893679353555 -0.229654083248652 -0.0647109953815409
0.0853626490973042 0.0154416228784094 0.124186554937744 0.158298738260461
0.0116161350290128 -0.108939834926259 0.534575430585876 0.238095332645795
-0.108712722494773 -0.0524632823456474 0.634338134375241 0.159717939255166
-0.0741706026405962 0.0435640342139648 0.683743329996165 0.175584963702123
-0.0182125234513405 -0.00870872531381121 0.673336627708673 0.105349761408693
-0.0579236615477149 -0.0527179835313166 0.48063481230097 -0.0453478730285071
-0.0856273905014382 -0.0520681809073446 0.187247603789757 -0.093428667826878
-0.100074623587623 -0.0306063851683558 -0.0776162053358867 -0.0649375294742987
-0.111226282275339 -0.0109965037091798 -0.284677875624623 -0.0339122581753977
-0.0687830033372683 -0.026629069654694 -0.470088782300333 0.0587874822081288
-0.00941095545056842 0.00812464713780408 -0.565639773609654 0.137403530557808
-0.0249453835161888 0.0819695022693368 -0.658712707848891 0.226789352549767
-0.113997161197774 0.0308789563417186 -0.690034090949296 0.165696448837082
-0.0574324204490632 -0.0661419192322731 -0.545619746235522 0.0149020714384558
0.0589930333975087 -0.0144222204242009 -0.236540750199884 -0.048903915060738
0.0644062998352914 0.0160387498389198 0.10618361666159 0.162782379129796
0.0221122681577185 -0.0728537612094897 0.524836919576326 0.291121136840845
-0.055460073030542 -0.037010897390089 0.613047997820443 0.241850274975713
-0.0436401672616476 0.0181746278495454 0.660786558753064 0.290868114751109
-0.0144864994942908 -0.0153357491350912 0.670415242495171 0.195813496234809
-0.0450553672154779 -0.0348495992937674 0.477024964318594 -0.0131971741008416
-0.053943955703983 -0.0298133086102612 0.166096808344263 -0.098801941657032
-0.0561936789777034 -0.0101109286782883 -0.113450182031093 -0.0739136177894954
-0.0708047658285239 0.0105301084228571 -0.316053731790389 -0.022987153809424
-0.0500559579092419 -0.00483086289646971 -0.478910465040286 0.0992144354264122
-0.00739485804563846 0.0104689529201091 -0.537514895343606 0.206411528215038
-0.00839342830094821 0.0529312907426012 -0.601706297216663 0.319506513219743
-0.0559961876202143 0.0241719589596688 -0.653643150367716 0.255212969994267
-0.0354478022768769 -0.030177206076912 -0.536447505955909 0.0681994921927572
0.0376962207594917 -0.00497808853260129 -0.242778466250604 -0.039599363276898
0.0358196496110955 0.00530223712746985 0.0954170097681054 0.165229527325767
0.0142477321094324 -0.0307134824468911 0.514775962623442 0.323642342897314
-0.00151741530224139 0.000525470684031206 0.597761423755261 0.292018397224082
0.00125631372166834 -0.000221212076159298 0.6402364727933 0.356515185006989
-0.00771729467264009 -0.0191305494949672 0.663530864694902 0.249910772150563
-0.0323859776895515 -0.00873160686019891 0.471283446002295 0.00961953926679209
-0.0161985571334917 0.000944698049628546 0.156531012588463 -0.0989282860320734
-0.00385372447842652 0.0127562301013938 -0.130916309816978 -0.0755854579445411
-0.0194833954277926 0.0288747704231324 -0.331051942944798 -0.0111218511877784
-0.0236002962833953 0.0126905263059461 -0.479186446089858 0.127436325159228
-0.00615909095224825 0.00984145674522808 -0.518219571132091 0.242508089166778
6.84080976888733E-05 0.0170491061725815 -0.562517324693704 0.369276207256605
0.00134664445648314 0.00103371824035738 -0.628153642615157 0.303784937058978
-0.00406659794862305 0.00145450506920424 -0.531177446358663 0.0985455381981224
0.0143186251120057 0.00962824721762883 -0.246884491883666 -0.0371206589546042
0.00488506316801938 -0.00950040359605973 0.0941487022969822 0.168555404430208
0.00123353098096871 0.0118671076991837 0.51177423653435 0.331710375947652
0.0506434726318513 0.043384295216701 0.594722862572922 0.309272136191474
0.047147022477695 -0.0140748476340023 0.642071526827151 0.368001944630657
-0.00139609077110389 -0.0184083119187097 0.658071102724932 0.252046404710286
-0.0177002595636753 0.021770899814013 0.467180666093294 0.0168383028664288
0.0239845616259028 0.0327697273337872 0.159448850469172 -0.0914886866585065
0.0508077463306266 0.0339567519285758 -0.128989362806703 -0.0707439713301608
0.0326775855337167 0.0437437483307891 -0.328011592338196 -0.00290198851471631
0.00298007388486532 0.0264906048513367 -0.475833268527602 0.137983722653764
-0.00659195303178009 0.00708499070549587 -0.519491584460194 0.249944041347643
0.00538465755157438 -0.0206002750701971 -0.559461866239554 0.377787639229655
0.0559049840081265 -0.0249520607708546 -0.622093951609172 0.315038788919461
0.0275230633208983 0.0315919550977811 -0.536354401980556 0.107398182145004
-0.0088286844680248 0.0232942698838729 -0.250290722755095 -0.042421187259859
-0.0254080128572715 -0.017278910421517 0.103273120110467 0.169582577139194
-0.00379288485676629 0.0528936188560327 0.510664805562629 0.312821803255872
0.101854123955763 0.06923445752699 0.615563010591376 0.28649851220974
0.0792517697366828 -0.0335043113833066 0.669594233107093 0.31535152022619
0.00204051566325316 -0.0149760087014409 0.65972267493685 0.21082128348516
-0.000355614504911429 0.0478423650190128 0.465886373931799 0.0127536722889277
0.0639328985260891 0.0577365946847029 0.173742747320488 -0.0778837578475807
0.0997129067082028 0.0511998321842955 -0.107660434924192 -0.0575543030484545
0.0777267269800232 0.0556742727442153 -0.306948479534651 0.00168457813350792
0.0257062708746091 0.0405184274271194 -0.473103349336876 0.131625643626247
-0.00656229369588826 0.00345713130467552 -0.542347617904414 0.226686728865701
0.0142479827941353 -0.0565054219126737 -0.589014539428277 0.34354793989814
0.108615667767125 -0.0419552192374301 -0.638943462126887 0.283403120372467
0.0505961261969957 0.0621217290187069 -0.553875058525194 0.0925736214982715
-0.0354353404542089 0.0326149598084782 -0.250895681250615 -0.0551746728637948
-0.0490164612540707 -0.0150126452521716 0.122086194401266 0.165069235308512
0.0059607021301751 0.0817798787587202 0.51683276108091 0.276193400824822
0.142607002195899 0.0660160356727559 0.646203051912296 0.225149566249523
0.0883436929172068 -0.0558134668013072 0.699350086306719 0.205662819842978
0.00303715294017805 -0.0100447765221592 0.657052538335245 0.130026840603191
0.0194072378222648 0.0639887923679592 0.468909247252582 -0.00520254164909369
0.0978262211538713 0.0700050368603271 0.199002042799934 -0.0623105965760106
0.136829289395646 0.0596725560105072 -0.0699867240572051 -0.0392116378460846
0.108400528535827 0.0653518413911945 -0.273170289380002 0.00439979160447676
0.039543529865464 0.0529700125089381 -0.467615235802813 0.106810100512713
-0.00577834759375641 -0.000360721340523357 -0.580271154699521 0.17248051482293
0.0309226031798816 -0.0823304833167776 -0.643862814181011 0.265957771224667
0.153895639126613 -0.0391574506753783 -0.667928578366437 0.213492983483632
0.0550052886628793 0.0922514194844533 -0.571917745488346 0.0540340766043834
-0.0615252736179445 0.0331512645966722 -0.245867665566633 -0.0725429067644157
0.0903075514928322 -0.0124625823164592 0.168187176712612 0.137752490527673
-0.0456732163773472 -0.131565036194388 0.537611771828881 0.114102680008405
-0.163936681989797 -0.0116945757487277 0.655086847590544 -0.0472017861469774
-0.0678136470492001 0.0877044086648924 0.667986094923494 -0.120672465597473
-0.0127811046908372 7.04850482446452E-05 0.619573401533644 -0.11407373107862
-0.0729361475969491 -0.0573122474657912 0.480681562035918 -0.121754640645411
-0.114915052203579 -0.064644684045502 0.253637169000131 -0.0795508457800375
-0.134799356647697 -0.0539456297643406 0.0244197564115462 -0.032195869765585
-0.134625866166528 -0.0478212833420581 -0.18773734686924 -0.0340124146056901
-0.0693011643084564 -0.0643475823867416 -0.436210979469245 -0.0239973086845846
-0.0141768714558191 0.00316333351792299 -0.621465270725324 -0.0532083676972347
-0.0769473535673704 0.0964287688975094 -0.750428307475066 -0.0648692223245694
-0.184215713169645 -0.0210149931420638 -0.719158421047452 -0.0872513211672351
-0.0474292749360386 -0.124463213882916 -0.561663800583586 -0.114761083954615
0.0869529228568977 -0.00781096807769942 -0.222970923789629 -0.0815187441394415
0.0955476370938779 0.00285280314183812 0.146692397751844 0.151990111421012
-0.0149157041252678 -0.131647878315845 0.540486563276185 0.175400681742032
-0.150724613616983 -0.0410472271928276 0.653917370166474 0.0597417390909105
-0.0815296439670075 0.072886974234212 0.693737682455122 0.0280409581212084
-0.0166622576123462 -0.00276266589689175 0.659158665113102 -0.00570875469745341
-0.0689747314929581 -0.0597362778690222 0.48511109723782 -0.0844506329473654
-0.108456049063817 -0.063699201716953 0.218532186321433 -0.0864296840453398
-0.128878852104395 -0.0458146768393737 -0.029467783443065 -0.0508243178729771
-0.134421310135703 -0.033028251041733 -0.240506808913357 -0.0387099745711235
-0.0759100102920497 -0.0494610231491237 -0.45835306848533 0.0131026604896032
-0.0120685822572362 0.00487984048961836 -0.59959170750453 0.0491417312881971
-0.0486137131405021 0.0988199899634086 -0.719527033294231 0.0915588877947585
-0.161103342014909 0.0147194032103924 -0.720153742508848 0.0435880157129319
-0.062350173907717 -0.101633884203643 -0.558602995036848 -0.0505604004526477
0.077768282803876 -0.0167343600409177 -0.230826380311105 -0.0660249164679245
0.0856458628450211 0.0149432502651838 0.124535867697448 0.161043196982149
0.0117871769556471 -0.110364511744136 0.539234031150982 0.237251086415123
-0.109565576943434 -0.0529408114510695 0.641185453655271 0.159532527840828
-0.074368124790393 0.0437599403220967 0.690838480226379 0.175491036227566
-0.0186172207470531 -0.00881657959700641 0.677621596313379 0.105983498547407
-0.0586295629882846 -0.0528121901884148 0.484945953919178 -0.0456343422519235
-0.0875861491571143 -0.0521162923148718 0.188233408877515 -0.0935307312972832
-0.101576677533968 -0.0305883452571442 -0.0778564748782766 -0.0660568109962915
-0.112259448840403 -0.00951362848550893 -0.286628294364765 -0.0351420532346803
-0.0697912108771279 -0.0273023994384776 -0.475643027236851 0.0584941958843547
-0.00986871676707699 0.00852201729982117 -0.570918632277292 0.137877245809998
-0.0241234639650341 0.0824901625168797 -0.664927464883337 0.228110262356786
-0.114737339450594 0.0306012784727045 -0.694474007578929 0.167650041042712
-0.0583261179696515 -0.0668245208574568 -0.55074937072743 0.016773065130455
0.0591613123849525 -0.0157239304267072 -0.238080749830419 -0.0512381119575405
0.0645502807707107 0.0157711329438776 0.105983449114223 0.16586310234332
0.0224092090873327 -0.0736951994642273 0.529029424165689 0.293255573654734
-0.055219894052126 -0.0376918614531639 0.619820873570165 0.243758069423062
-0.0439794852647351 0.0184269042530015 0.665053519383311 0.293016655944434
-0.0153789490535752 -0.0152957502625764 0.676287056573042 0.198964385906458
-0.0463652402910598 -0.0340861055679703 0.480945997996619 -0.0116057344463081
-0.0556687549773157 -0.029452905909723 0.167536061588708 -0.0992543692413837
-0.0577324087598221 -0.010097554801957 -0.114107390989179 -0.074395308210287
-0.071395772637918 0.0114693770538002 -0.320118856971874 -0.0232672197564103
-0.0501902709016206 -0.00506676478853171 -0.482541715813267 0.0997979420635732
-0.00711594288860249 0.0108692165100472 -0.53920068417819 0.208192315256512
-0.00776009334417354 0.0539366253920486 -0.606240302485256 0.324011467828882
-0.0574796296999369 0.0240610697322618 -0.65991934124754 0.256207170579911
-0.0363415798069508 -0.0307545564440273 -0.540961811735785 0.0674732874215634
0.0378502435733247 -0.00637069729680675 -0.243923448811175 -0.0411429286350684
0.036287626808656 0.00550645689740758 0.0955327931001621 0.16735895789468
0.0147262621026812 -0.03095140073666 0.520097646320546 0.326766118489472
-0.00108709550458393 0.000612825213356534 0.602062171854644 0.294975454669063
0.00137898366893713 0.000403267284219424 0.646726843881783 0.359790734276327
-0.00793487826908719 -0.0194728237789032 0.668025935039408 0.251622329351928
-0.0328812524083418 -0.00813950195503574 0.473324439094997 0.00977952777086108
-0.0159988225303163 0.0010641511903034 0.157728931521357 -0.100075093967988
-0.00404908511577494 0.0125670899625522 -0.133185827161748 -0.0767963111501225
-0.0193283100649734 0.0291332473423931 -0.335022758335849 -0.0121956748481231
-0.0235687134735227 0.0127774619772513 -0.483578909901018 0.128482542571177
-0.00618684588638466 0.00988355666461978 -0.522113337220458 0.244021643949778
-0.00043239037922106 0.0171532139625241 -0.569585650913202 0.371154026527489
0.000397004833299054 0.00153931372239661 -0.63108381997374 0.306516537540007
-0.00426677376630056 0.00143212348640439 -0.536578695657727 0.0999729929229179
0.0153732710289094 0.00863086658908203 -0.248563325427237 -0.0383590324629166
0.00491642994525801 -0.00987353792189994 0.0941089141396821 0.17109912863347
0.00170659826755801 0.0119128111493173 0.515654831762975 0.333422558836574
0.05123611868564 0.0431750715574135 0.600522706567896 0.311734424405383
0.0477073741747532 -0.0145638245698215 0.647095266840725 0.369906607694665
-0.000911164604080842 -0.0191392320850736 0.66300384138484 0.255837044718699
-0.0181548479180169 0.0219675985858956 0.470400042075291 0.0166954126465918
0.0246344431352225 0.0334423386194901 0.160278156301823 -0.0923364517623839
0.0512264076701558 0.0340260418015786 -0.129758439822854 -0.0711825919271939
0.034540749168969 0.0433848208484899 -0.331031654211369 -0.00265823434302371
0.00312720684586285 0.0280936410431273 -0.48129051473829 0.139419595099458
-0.00590393140079704 0.00695946539300337 -0.524054817591537 0.25068929128736
0.00556380690812148 -0.0207515028194403 -0.563677908600873 0.379214160845614
0.0561043365047603 -0.0261068086958894 -0.626021083466912 0.319457593647247
0.0277714671157588 0.0313191770951179 -0.540231798730198 0.110023644881721
-0.00922166885467038 0.0238568609981077 -0.252718365228067 -0.0430687412958705
-0.0251963119928448 -0.0181011079519061 0.104916637197699 0.172165604378501
-0.00389477333809206 0.052675493925706 0.51715496277109 0.316820836899454
0.103933139880715 0.0690016562771799 0.621443970453925 0.289092154352096
0.0803644564244312 -0.0339977351066463 0.674488273994473 0.317041025370953
0.0016626238166288 -0.0156497891054578 0.66666085960681 0.210619335328797
-0.000429656064612517 0.049361138312051 0.469160389950143 0.0119513555737705
0.064932812083999 0.0586282840981088 0.175479044076986 -0.0792625556498305
0.101011016628633 0.0500665343186579 -0.108412803399798 -0.0581062170919209
0.0792260973063671 0.0564066330945417 -0.310048176388833 0.001508880210493
0.0261537978958355 0.0412414965709544 -0.474856352061519 0.131871654321847
-0.00695450859438895 0.00388820818488676 -0.546782082934499 0.229173549309832
0.0141531249708137 -0.0570894800246376 -0.594734333843322 0.346942427283799
0.108748958416419 -0.0425606232201479 -0.643339862332328 0.28648492594807
0.0510352132383201 0.063126742514829 -0.557044736958964 0.0938767047798389
-0.0350581720411527 0.0320738920718734 -0.252861831048623 -0.0558899559682373
-0.0490607582453481 -0.0147730383911905 0.122387982350387 0.16734777398014
0.00641295693679269 0.0825430707463683 0.520677848779764 0.278206118418512
0.144340694455139 0.066146125722175 0.654746721240323 0.225649914815749
0.0883607820016414 -0.05705711189511 0.703060811987812 0.206277545260437
0.00289548400487638 -0.00938830310531371 0.661388571696231 0.130562304962612
0.0191716070502257 0.065167001648523 0.472901561949713 -0.00581418900354264
0.0990300247813902 0.0704488804054458 0.201688336599927 -0.0629670377201901
0.137485418546869 0.0596830716648107 -0.0703028505663571 -0.0397361349741701
0.110084754497141 0.0662740801578784 -0.274886578084133 0.00321844957880949
0.0398845783622869 0.0537237756061367 -0.470644106499212 0.107517455265015
-0.00539347892323282 -0.000121559399559953 -0.584597221278354 0.173359354728346
0.0309539533067499 -0.0837306435219958 -0.647086027786276 0.269266084654778
0.154762797914016 -0.0403697405312257 -0.673630494715853 0.215408448387118
0.0560528927983312 0.0932455047412826 -0.578623749246414 0.0537892926003812
-0.0616107070159767 0.0332063561029749 -0.24699722961799 -0.0727128972382825
0.0912320166916668 -0.0127830086259184 0.170059383069362 0.139069284946209
-0.046369001189981 -0.132467689479665 0.543338433341761 0.11611070908164
-0.164908490307186 -0.0110484405657321 0.660773145976193 -0.0479511891686655
-0.0676286572932515 0.0882516659150789 0.671805787545172 -0.123922834403685
-0.0123789376780333 -0.000254466524574946 0.624079413911564 -0.114543351672758
-0.0742336564353981 -0.0574147988149278 0.4843449211459 -0.123039232571373
-0.117042582980221 -0.0649171350434907 0.256223400043497 -0.0810329642837631
-0.136699963442304 -0.0539588973414852 0.0250746742735243 -0.0330349717606492
-0.135410331874286 -0.0473178058077771 -0.189576391760363 -0.0337417658029151
-0.0711427073391121 -0.0646047229543631 -0.439041801679648 -0.0241486077584962
-0.0146427486115018 0.00263082452822161 -0.627281656869943 -0.053129587007206
-0.0766877055634387 0.0973611893710865 -0.755123807685712 -0.0652673569058236
-0.18549139941674 -0.0207197725997445 -0.724752234331681 -0.0872662742471149
-0.0481115018056848 -0.124895170319151 -0.564642270943478 -0.113577450565085
0.0875538317231751 -0.00878141800455361 -0.224588728044625 -0.0822163390365832
0.0960332498246359 0.00285826570404853 0.147177098310647 0.153534388230119
-0.0155346859318096 -0.133187099002165 0.547928402893304 0.176473004180971
-0.152348392687026 -0.0400191701457729 0.660695022646591 0.0595892109698554
-0.0812722306273508 0.0725821590752869 0.70042706859172 0.026856149477523
-0.0169740750334281 -0.00328049121002785 0.665441489664691 -0.00648751307408153
-0.0699916810942567 -0.0597847724469524 0.48793013724334 -0.0861351127262925
-0.110587119853071 -0.0641740879546937 0.219728062237705 -0.0870967163245977
-0.130993573069298 -0.046256969003457 -0.0294935472112284 -0.0513487364681198
-0.136428164612043 -0.0313062291866993 -0.242090238124606 -0.0377620311143282
-0.0775973056161404 -0.0494691066839236 -0.461467531439024 0.0131743034657096
-0.0113035952961425 0.00462002028098248 -0.605963280046443 0.0492389644404476
-0.0490717243131594 0.09934534994786 -0.725347608487494 0.0955408141515075
-0.163509425752215 0.0142213101050463 -0.725070858396695 0.0457428507040698
-0.0638233450853266 -0.102115718135676 -0.563259399015299 -0.0484456783488918
0.0786290302569651 -0.0164981323792011 -0.232244336200096 -0.066803279086657
0.0877296955619007 0.0156403263461566 0.125847038670045 0.162421945666319
0.0127008541610211 -0.111562854591645 0.545249510700532 0.241484586886219
-0.110068181320294 -0.0533245405406649 0.645577965483199 0.162405515586653
-0.0749895537868006 0.0445136675842857 0.693870261355095 0.17451215140605
-0.0185371404385866 -0.00907709498924971 0.683916754939257 0.10546353841151
-0.0603072749299778 -0.0526288805347779 0.487990147444728 -0.0480827646157077
-0.0883888797534915 -0.0528907481878384 0.189545029943842 -0.0954354793379202
-0.102801108657796 -0.0311118523319738 -0.0777888343160564 -0.0661110093534997
-0.113328278139809 -0.009848811529106 -0.289021884131871 -0.0337667873701846
-0.0705254942225007 -0.0265572025743992 -0.477380885562486 0.0603958499690649
-0.0101098230666863 0.00742425154910262 -0.575076554828178 0.140714178235659
-0.0243303358154416 0.0828396907808548 -0.66895833742026 0.231249760702404
-0.115593133815466 0.0317328565616136 -0.697974255560429 0.169499735164618
-0.0588161136963319 -0.0667855617640222 -0.555111341588732 0.0160302567437135
0.0599537706951586 -0.016428033648009 -0.239326830649803 -0.0516992728893992
0.0657835465834763 0.0158986897744068 0.107283358057206 0.167493333939888
0.0228957357966574 -0.0742118715840163 0.53593484141877 0.294558436492462
-0.055997842750281 -0.0372377459910716 0.626073691253783 0.244524827190671
-0.0441572637507811 0.0183351796984822 0.671813323987821 0.294165129203621
-0.0156588005815117 -0.0155704409841743 0.680328778411914 0.199008186789108
-0.0466943320923015 -0.0350792353063954 0.484757306476043 -0.014430289872616
-0.0562384746094848 -0.0293581979908632 0.168230059735823 -0.10137300618682
-0.0584627186064578 -0.0106078117527046 -0.114260308342705 -0.0748360626057459
-0.0710042979880614 0.0115238066137107 -0.322565671042031 -0.0221296051908024
-0.0517166692619295 -0.00435264431937147 -0.486949743000658 0.100578964816501
-0.00781709075618869 0.00985330088141777 -0.546217205938407 0.20889846731514
-0.00763806347311281 0.0538174696374637 -0.610885256518841 0.324231431906237
-0.0581684682443796 0.0247590617838064 -0.661322783132495 0.260443410110676
-0.0359029464576874 -0.0306259203785146 -0.545270296874584 0.0690678468730839
0.0378905373621611 -0.00624695791041254 -0.245424356761997 -0.041218951561146
0.0376473896649262 0.00530336767750391 0.0960694939758146 0.169826521131251
0.0159324853250474 -0.0321525907339022 0.525100576069389 0.328065239177892
-0.00102885058277496 0.000205251573963762 0.609284184188872 0.296599273914721
0.0022135955591797 0.000215735957498396 0.65025105507665 0.362614966494541
-0.008658570748403 -0.0191869286376238 0.67412614872326 0.252967329424244
-0.0334216829336637 -0.00705078211554087 0.477292854004941 0.00857027663462084
-0.01691978779904 0.00121864565820056 0.159472280112241 -0.100744339511046
-0.00441031961996473 0.0122043389400999 -0.132925045967041 -0.0764204502137852
-0.0191630601711478 0.0299531863827428 -0.337080735511999 -0.0107397779361066
-0.0238255252156361 0.0139729645086537 -0.485838981139038 0.129887068823287
-0.00639894742269594 0.00983951970177089 -0.526201184023075 0.247063722115581
0.00102831042025662 0.0169134754197651 -0.571081340120087 0.37693024238524
9.01315015618236E-05 0.00113737083498383 -0.635694473144066 0.31181722101266
-0.00352061455057638 0.00222361084734795 -0.539481561077678 0.102896449205169
0.015440060128879 0.00800275450613235 -0.250633577678321 -0.0386789402565945
0.0046643315256044 -0.00915544224320023 0.0953225634113217 0.17267057049458
0.00228663023945572 0.0111192974431419 0.52232774323935 0.336090762571091
0.0522190319218515 0.0444506587098352 0.606822434419713 0.314837727116986
0.0475282467077009 -0.0145093871696075 0.653668289968086 0.371444773249567
-0.00197060998071729 -0.0188790929198228 0.669411659071184 0.255720639282982
-0.018043930903611 0.0231168703098638 0.472849170563294 0.0164515328088389
0.0250422892757456 0.0340860603651805 0.161824245195301 -0.0940553394919778
0.0513630528878365 0.0333807019635277 -0.131282628159827 -0.0713486021845262
0.0347063229860514 0.0446942588721446 -0.334218946521715 -0.00274645793808139
0.00362954323012304 0.0282512235397151 -0.483371116065197 0.141802130697269
-0.00634818380906052 0.00731601203254164 -0.529368747930011 0.254494681169064
0.00490519361768313 -0.021125343318464 -0.56719398323496 0.384153320209778
0.0559980781309597 -0.0258859710269335 -0.631084703933814 0.321505890828036
0.0282896093482751 0.0322373706189253 -0.546051659254563 0.111245113428875
-0.00924059687900593 0.022639158197264 -0.254656325243568 -0.0436703349386515
-0.026042756633961 -0.0172485805650606 0.105087906500479 0.174443867460143
-0.00300330983973264 0.0528791150220838 0.522730828780185 0.316731774630527
0.104277750017887 0.0692357847179527 0.626673659663775 0.290862531837557
0.0802949194735356 -0.034470646951332 0.679285412133372 0.31675907350852
0.00171230300454785 -0.014725661528896 0.670958269000935 0.211396731044617
-0.00026566193497924 0.0511650068711631 0.472849530481855 0.0106215287321762
0.0650485585942673 0.0590020450825505 0.176490994442998 -0.081119177178644
0.101325707665997 0.0504301965686941 -0.109386288030558 -0.0584423993501631
0.0812339992081202 0.0565694041370287 -0.312806540204177 0.00238398279459709
0.0267630402970501 0.0421179114283581 -0.47937822201201 0.132485614108537
-0.0062783301533654 0.00401206214553015 -0.550889893657842 0.232508674814674
0.0140876490288137 -0.0576270856692612 -0.597750594059963 0.350595471290696
0.1093813256338 -0.0436878371743137 -0.647252016292786 0.29093744614868
0.05158439336521 0.0630371605800655 -0.56104962611751 0.0951694304770553
-0.035912994640945 0.0324270308531362 -0.254286422274112 -0.0564343420982203
-0.0492069528973056 -0.0143667049927 0.123165227610742 0.16981124264981
0.007202383854516 0.08300398131588 0.528048959262602 0.279596026294054
0.145872903089912 0.0659988528600304 0.659776759394277 0.225519987152474
0.0891255916933972 -0.0582153666974009 0.708143814414556 0.205869063349184
0.00182927290487667 -0.00919599082617406 0.667683313543376 0.12942205854609
0.0199606891910308 0.0672331756239536 0.476343968450633 -0.00726972705206465
0.0996973355137777 0.072024421544833 0.202777264235928 -0.0636661484913203
0.139052959049964 0.0603432038398861 -0.0707863440563341 -0.0403143098862745
0.111636096524283 0.0662840370441271 -0.277140364846212 0.00415066027003216
0.0410147986207558 0.0547691189559571 -0.472581094694017 0.107673545151828
-0.00652243564032173 -0.000116811140238426 -0.590623802188734 0.17703769135856
0.0312923202578818 -0.0838018056826815 -0.652301620934889 0.271572345341988
0.156732706404825 -0.0410220358547969 -0.67896410940499 0.2171133431819
0.0565969500546658 0.0940451525743712 -0.581279289830207 0.0554401798149816
-0.0627983851796554 0.0329209010535804 -0.249984707035306 -0.0741450864142415
0.0924331018313476 -0.0142927130594316 0.171117188572136 0.139680672405667
-0.0460241766031991 -0.133652631332012 0.549217900844131 0.113476957671276
-0.166547836074653 -0.0102583040167192 0.667776392082355 -0.0516527755681951
-0.0677862818294585 0.0889945169510227 0.677066266444122 -0.127585665531537
-0.0125377575614513 -0.000306072414597563 0.627301647708426 -0.116062048959414
-0.075794778914001 -0.0569609121729425 0.487755616899534 -0.127221507129962
-0.118415313102468 -0.0648168204831385 0.258305126815828 -0.0823224505379803
-0.138514769845255 -0.0545023041358437 0.024658307486512 -0.0341390700468566
-0.137216049370388 -0.0462717396537334 -0.191196844060252 -0.034273758479236
-0.0715387084256004 -0.0650809364112231 -0.444405218669219 -0.0232462067812089
-0.0151865973431321 0.00144975108186436 -0.632285984449401 -0.0511287816679911
-0.0769601888031913 0.0982302062707492 -0.761811809242354 -0.063447735828387
-0.187648492525758 -0.0199902244067874 -0.729199897746408 -0.0863504072459323
-0.0492348422558562 -0.12504333161458 -0.57040913970827 -0.113892214785675
0.0882785403901762 -0.00982173107009464 -0.22550273660376 -0.0832917336085591
0.0970601597527109 0.0029095342655637 0.148917228236583 0.155622351357403
-0.0151036676214703 -0.133996148907355 0.552922595988852 0.175677152175168
-0.1531217439619 -0.0399838955304716 0.666247391472992 0.0574494778730705
-0.0813878803717677 0.0732377642102256 0.704972530566967 0.0250068363959386
-0.0175395842442551 -0.00348719832648696 0.670684259039811 -0.00787065483047312
-0.0712263881084522 -0.0594808714323596 0.491398433075633 -0.0893136824998485
-0.112104963142192 -0.0642566386774606 0.221680060805167 -0.0892441396150339
-0.133131612776901 -0.0463715275598487 -0.0292698596065765 -0.0528042813616615
-0.13623385723561 -0.0305478584787639 -0.245171802993953 -0.0389170116607903
-0.0787363492980522 -0.0494478777091087 -0.465295738208529 0.0150803686562233
-0.0125544024190689 0.0040702604005629 -0.610825102886189 0.0502195354721784
-0.0481420514076568 0.0991821820617393 -0.72954517782735 0.0975225002350072
-0.165187020582329 0.0160669817893474 -0.73065306395439 0.0484460603759536
-0.0642275800497924 -0.10291659298629 -0.568325709582798 -0.0489079887332925
0.0793919745514912 -0.0190069075062779 -0.23421018935563 -0.0674942865549736
0.0878169039897347 0.0147644788267928 0.127234469031915 0.164898240748506
0.0128498769841187 -0.112733457898439 0.549638774076698 0.241381883792483
-0.110889172008316 -0.0528326758272969 0.652438130460752 0.159996894060655
-0.0749074558269846 0.0450636875522788 0.701476851083631 0.174644978892479
-0.0194439627096317 -0.00981187191503978 0.688784538273463 0.10318749987925
-0.0614617183015039 -0.0526238579784244 0.491423978903955 -0.05009711340419
-0.0899325213763884 -0.0520617622850221 0.190883665655589 -0.0968034961579392
-0.103867233978193 -0.0307805846197523 -0.0789429192092979 -0.0673660903970484
-0.113150795872787 -0.00787153104474191 -0.29193307780243 -0.033141000786094
-0.0713005887539295 -0.0263127275848595 -0.481550654359373 0.0598487145098108
-0.01056628208882 0.00707004969792014 -0.578766168101141 0.14276410104887
-0.0228634921437838 0.0831890344615036 -0.674457337503133 0.236934166140484
-0.116265861041991 0.0323865180312673 -0.705521971872602 0.17354620664169
-0.0598051167433229 -0.0665095190978163 -0.559766133595937 0.0176106608112011
0.0597847372949265 -0.0179546380542036 -0.241340092766173 -0.0533821117929945
0.066053185493184 0.0154470257532806 0.109403507443045 0.169281848643252
0.0228846264206883 -0.0750159370368555 0.542858680527261 0.296762440684622
-0.0560389825069554 -0.0377192910825796 0.632061616504491 0.244106077909663
-0.0439078640412412 0.0195277406621703 0.677378803361034 0.295497080951935
-0.015925652565124 -0.0159947796049626 0.687647717575431 0.196020199157512
-0.0487080660576027 -0.0344167516207417 0.487720642478912 -0.0155431831787052
-0.0573478265982285 -0.0297897750717657 0.16843855962627 -0.102300646313001
-0.059273894392667 -0.0111051663025987 -0.115890611895842 -0.0762401021050587
-0.0709163023392868 0.0130770606354559 -0.325174829666251 -0.0221604149492503
-0.0515321202490128 -0.00416423997339481 -0.490619490274365 0.103531660031026
-0.00861330891708121 0.0105327010948845 -0.548460831756084 0.211865511390005
-0.00662920631873948 0.053892691602845 -0.613722919205977 0.330546237945152
-0.0585328798860065 0.0254462135046038 -0.667442917630746 0.26625306194142
-0.0366222644294807 -0.0304967836894105 -0.550078501325071 0.0697752190278964
0.0383221906826362 -0.00757445179819171 -0.248090588556118 -0.0413841198616678
0.0378445618505345 0.00470757180900352 0.0979611141947858 0.171862136814308
0.0159244393639064 -0.0323691936023215 0.531109637664708 0.328356097715802
-0.00061735658569584 0.000537390051696547 0.614082926343117 0.297260707775733
0.00240277844202073 0.00051219642440143 0.656951207161377 0.360015883453751
-0.00909711838430577 -0.0192482247846369 0.681376178783301 0.249864103149005
-0.0337282536752069 -0.00676183420285736 0.481750583469385 0.00662173873518361
-0.0176264145225833 0.00173264669702311 0.158850589355519 -0.101416545387502
-0.00488682127477307 0.0122616355520487 -0.134366751984473 -0.0776088915944246
-0.0181051991690549 0.0309004078111984 -0.340983964129876 -0.0111113023322324
-0.0248475412121394 0.0143687212998516 -0.490468385298258 0.132682491662644
-0.00715905998189658 0.0100417742852264 -0.528676320320792 0.249894840497155
0.000766367974631093 0.0168797299518076 -0.574405594552238 0.379065933581444
0.000429893883456007 0.00203677726931001 -0.639033956407045 0.316052268684188
-0.00418033884152342 0.00213470405649227 -0.544263911220086 0.103276328628094
0.015164136163198 0.00812558987177316 -0.252520268784255 -0.0379026186335774
0.00480832052247421 -0.00959572703946596 0.0963587682201985 0.174771270586047
0.00285866148452413 0.0111804697970235 0.527003516799194 0.336261113148798
0.0526174908989111 0.0433611833115376 0.613756180100222 0.312624619067658
0.0484714601811494 -0.014622381942633 0.659814192290808 0.370318260511172
-0.00202588969625053 -0.0186006962154482 0.675355085800551 0.255579808474303
-0.0182955257064577 0.0238102132045571 0.477019968214637 0.0148796974259929
0.0253584930618526 0.0339700235367541 0.161934832527887 -0.0958121126230354
0.0518928499244068 0.0335840583491916 -0.132864034130257 -0.0717960898636764
0.0352221811512522 0.0449654635651968 -0.336247373193096 -0.00107876950204436
0.00343720455266961 0.0296406894009297 -0.487420499064057 0.144554116949468
-0.00626588293320637 0.00771064131450705 -0.531833284325361 0.257777443435155
0.00592489194960952 -0.0219144644768691 -0.569850136444962 0.388186787523684
0.0560345673540564 -0.0260140704063337 -0.633433915658345 0.325797387994848
0.0292138676943796 0.0325430190065014 -0.549772481219912 0.113560189779804
-0.00905393024740003 0.0224869437420648 -0.256409458106184 -0.0449457991030793
-0.0258267407746754 -0.0171965389461624 0.105402004437678 0.176137494436101
-0.00236428046450331 0.0534945700489044 0.528480198512456 0.317942627007983
0.105701541258296 0.0690692066660959 0.634199680733045 0.290027274413725
0.0806862129476337 -0.0351078547460298 0.685778542112797 0.317232300913824
0.00121127469347632 -0.0146406174129675 0.677686145513431 0.210784419890727
-0.000437253190348909 0.0521938899192355 0.475369621080146 0.00879541646172395
0.0669438677727883 0.0591165604708846 0.177043959917771 -0.081516745211139
0.103007503912335 0.0496422628131618 -0.110343205479925 -0.0588173833935432
0.0826002236338845 0.0562295613346705 -0.314411671329975 0.00236034472176175
0.0275874680805781 0.042837298502004 -0.482770836164644 0.135804018588647
-0.00697769303204003 0.00451039521779055 -0.555373435555339 0.234455412476532
0.0146848789131452 -0.0578658871174827 -0.599875854315794 0.354741023876471
0.110087877953609 -0.0441550366263062 -0.650348908547663 0.293699467651998
0.0525776310186637 0.0633203998801154 -0.565362518097473 0.0974016637247019
-0.0369455235469145 0.0323552055563693 -0.256338615757081 -0.0580494806376512
-0.0502283633447825 -0.014371803216871 0.125116413503162 0.172005088318099
0.00710744279533106 0.0834271137528733 0.532521446852383 0.279976127072421
0.147934623084735 0.0656285010086428 0.66591413214397 0.225050204693275
0.0898893799902787 -0.0586330601503655 0.714696076112624 0.206909650457701
0.00213293589440935 -0.00907538848541957 0.672484485346479 0.12864013937083
0.0204621939697462 0.0680241015302027 0.478512309197421 -0.0088231078512809
0.10229418293177 0.071763500513124 0.204054022045459 -0.0649447277847026
0.139633867293906 0.0590076672610855 -0.0713067421262157 -0.0411157119465206
0.113564400294108 0.0662280089540799 -0.279219837978979 0.00467658613741799
0.0420320959769194 0.0559245808281361 -0.47767942924413 0.110472909207249
-0.00633002414932036 0.000297836507494897 -0.593467559192843 0.178153576238504
0.0320497602621205 -0.0855641000893503 -0.657532854751032 0.276302490162789
0.157125745095877 -0.0429201656854551 -0.683801019564545 0.221346644032722
0.0579691694670094 0.0946656394874297 -0.586325109004571 0.0573396886541921
-0.0632408047097925 0.0334613311924681 -0.251835804861945 -0.0749447437549733
0.0927743986546525 -0.0143495372943515 0.172707632922305 0.141004925686438
-0.0468770956975448 -0.133969065125909 0.553257685908527 0.113058643800904
-0.167273304981772 -0.00899339191249105 0.672140587224435 -0.0535725923817718
-0.066821938601453 0.0900519703541963 0.683359630963146 -0.130958955733513
-0.0124450866325233 -0.000688466107643791 0.632319374400126 -0.120942883244901
-0.0771078941993542 -0.0565440855719991 0.490227348994807 -0.12970594884698
-0.120385195266708 -0.0647695673159284 0.259441587341334 -0.0839610987386122
-0.140909161089627 -0.0536873046413943 0.0257776923937989 -0.0340086320791074
-0.13824974820569 -0.0462044362469639 -0.192850457030533 -0.0318279828238775
-0.0731747787096829 -0.0649740221741454 -0.447748657656538 -0.0213047728947536
-0.0158598106406654 0.00167106687121517 -0.638106219840846 -0.0512357035568684
-0.075622585896531 0.0988759596125278 -0.766982341142089 -0.0591707532092474
-0.189654410992697 -0.0185792257545048 -0.735944255859816 -0.0822073360301657
-0.0501034884314951 -0.126626159852594 -0.574982454693373 -0.111335157646208
0.0884242440675956 -0.0113889712169655 -0.227691869277522 -0.083492238920123
0.0982648220872216 0.00194263663569657 0.150908993328611 0.156313828037626
-0.0154176582313893 -0.135741071017136 0.558224952396587 0.174747131907623
-0.15387023744304 -0.0386771682936884 0.672577846796729 0.0546482602999694
-0.0813150743516607 0.0749176337172614 0.709309387563046 0.0213319777254741
-0.0176501889031425 -0.0041152119178811 0.674688016291792 -0.0125809555917288
-0.0729859421656089 -0.0590074738105979 0.494328292248849 -0.0936732759484621
-0.114178069799619 -0.0639076671859163 0.223045972857868 -0.0896978846109553
-0.133963855256176 -0.0464055882657223 -0.0293806135258073 -0.0528855314554978
-0.138010649413407 -0.0289877138741477 -0.246562929706576 -0.0376860174690404
-0.0798997042824171 -0.0492909009823446 -0.469288819737352 0.0188124901465402
-0.0124864251892588 0.00314056295352376 -0.616063421394914 0.054077651573722
-0.0482529740131426 0.100238224622308 -0.736869704346945 0.102641730313331
-0.166993293484151 0.0176295857372048 -0.734749839826825 0.0524073028078476
-0.0658172450041311 -0.103413441338986 -0.573177895143954 -0.0457177952471053
0.0795547698732749 -0.0200062518661829 -0.235779566175743 -0.0671959305019426
0.0893074590363169 0.0147315166739498 0.128713879662893 0.16644391622626
0.0126650772387341 -0.114113105074063 0.55516792109464 0.240652521801072
-0.11251452674308 -0.0532134168418437 0.659858555683091 0.15894037219447
-0.0744219587315132 0.046632231281717 0.706202368856966 0.172270035366421
-0.0193649566941924 -0.00942625129927425 0.695420387029865 0.100334294799897
-0.0626416408827507 -0.0522511204670004 0.493266682010386 -0.0543421153016387
-0.09187017846795 -0.0515621636193225 0.191198179034165 -0.0981145983689726
-0.105931594241773 -0.0310365275263266 -0.0795852512573236 -0.0671975647115537
-0.114690155211693 -0.0070026403678315 -0.295092983759601 -0.0320306958864415
-0.0730065057864559 -0.0256886332294582 -0.486052217373789 0.0645030503231706
-0.0104426295415034 0.00707018230848683 -0.58302318077345 0.145065680805508
-0.0227990043627825 0.0835565514614874 -0.677459679145132 0.241367498114524
-0.117183552358527 0.0336340250843397 -0.707259143052146 0.177438966107139
-0.0612516311845713 -0.067061147681202 -0.563215013952526 0.0202278940675758
0.0606673571991742 -0.0183102280209175 -0.242743879766474 -0.0520018158211664
0.0673025835722695 0.0163182947447896 0.110065668610718 0.171045924507504
0.023682481976945 -0.0767172242308504 0.546676406566758 0.295195891092746
-0.056892979481188 -0.0378280513545941 0.638522039969784 0.242457964152118
-0.0439126111809061 0.0192468800835581 0.683495236203972 0.292087070950262
-0.0160954879198398 -0.0157127552781899 0.693404458964061 0.19440324144824
-0.0490962422841089 -0.0334505909726282 0.491379776968594 -0.0187045218706222
-0.0575978903506627 -0.0290700352611547 0.169225256341673 -0.103806158541506
-0.0605710451857505 -0.0104611654873948 -0.118000115963321 -0.0762720747021918
-0.0712670366883981 0.0144000392679419 -0.328585069994201 -0.0204278300681203
-0.0527236514598902 -0.00216021377386683 -0.493655316846085 0.106014722425042
-0.00830547333197128 0.00982028408213161 -0.552606601691413 0.215332405788358
-0.00584388251097795 0.0540113261152883 -0.614915121915101 0.335730946582118
-0.0595366940532101 0.0261988076439706 -0.669922823606697 0.269916195287063
-0.0373655465328512 -0.0306994631623615 -0.553127726431375 0.0736598642779809
0.0387693929283239 -0.00817788061254355 -0.249614585705961 -0.0413869256075573
0.0382878248860278 0.0050277313983785 0.098458079431258 0.17399334777963
0.0167232810329439 -0.0328985763324501 0.53823393502172 0.329695918601814
-0.000234167124240362 0.000170067103962501 0.621691099018152 0.294865364126472
0.00230881555388816 0.000242692511649591 0.663635113721673 0.3600190764897
-0.00930155919750635 -0.0198910221414684 0.685827096390705 0.248777368406009
-0.0345340223011583 -0.00620404934513591 0.485409737655168 0.0034055351671323
-0.0176868864925131 0.00250337232862327 0.159743721343213 -0.104711849423755
-0.00499586358111825 0.0121278268967337 -0.13623780977459 -0.0778667531383307
-0.0178471033308235 0.0311784187632771 -0.343156607164766 -0.00910275923918705
-0.0246415479369991 0.0150333511265462 -0.492739575316129 0.134758086212885
-0.00715571847495532 0.0105263359334099 -0.533355055493791 0.253016218818014
0.000939186851690229 0.0173859743076407 -0.576683899075844 0.385817946632893
-0.000620573534093034 0.00170301264293015 -0.641591087767997 0.323190619106546
-0.00436268122796095 0.0024080125549136 -0.545950767397332 0.108260330213053
0.0156649049086467 0.00733615755697959 -0.254712130530046 -0.0383321639202479
0.00450894365273602 -0.00884496104784333 0.0979822686377232 0.177294108609597
0.00330183952281013 0.0109458314584094 0.533063063209675 0.337251829844163
0.0534089804825866 0.0438302272774664 0.620020177972351 0.312828432695294
0.0494514686589721 -0.0154638029061485 0.665441895525539 0.370643602006292
-0.00292260985853526 -0.018789694268998 0.681358350996356 0.253140367591675
-0.0185544130176932 0.025859174953915 0.480756959963571 0.0118446124327601
0.0254602898286703 0.0349551863901626 0.162431249064643 -0.097101727586358
0.0522475308424676 0.0327829762134914 -0.13385714389174 -0.0722796503924622
0.0370209978775934 0.0454040081158075 -0.339620569863995 0.000338477542193383
0.004036059883205 0.0305026913520161 -0.489696339209395 0.147223488703691
-0.00690990092761437 0.00778568421491919 -0.534272207019586 0.260392171569972
0.00605988686950661 -0.0223521419117678 -0.570933240833657 0.393350036970028
0.055839378810021 -0.0268820614679036 -0.636044623105517 0.331334401310949
0.0295760186691706 0.032385490657699 -0.551979808651208 0.116343773219677
-0.0092720295890003 0.0218692473401858 -0.259437263869904 -0.0447914912655051
-0.0267583571018198 -0.0168651325220216 0.107856380762214 0.178050143104033
-0.00261985504266733 0.0533260759689195 0.533044957835809 0.316427831399969
0.10673280664312 0.0690099073819803 0.639531151521646 0.289102478391368
0.0811830994097577 -0.0360274032617902 0.691394348050885 0.315198177718054
0.00046047313304425 -0.014848052963747 0.682268355523098 0.209816896934781
0.000340007954986742 0.0531725725307476 0.48044441499718 0.00572380618486113
0.0682869629375434 0.0594164187270674 0.178489554328041 -0.0834402966352146
0.103455615201223 0.0487918884680623 -0.111379447887202 -0.0591409275549344
0.083903666345038 0.0558597808382216 -0.317972452492449 0.00472982378731736
0.0278161744837113 0.0437254471436316 -0.486056989178175 0.13888084515563
-0.00680396823005214 0.00441785895978262 -0.559547718427632 0.23674217098141
0.0137711076776933 -0.0592922188678272 -0.601825072446497 0.362409921122494
0.109497837884397 -0.0454533758354373 -0.654144726319204 0.299114818426046
0.0528512197618971 0.0637038800341403 -0.568466411197472 0.102059066469367
-0.0367496586200246 0.0332382914340187 -0.258785401299236 -0.0577241187178611
-0.0502653498386944 -0.0133150103198826 0.126545452687118 0.173821564081955
0.00849502228922582 0.0834288518349159 0.539361833453573 0.278678347787313
0.150074336730449 0.0646927652867437 0.672565209581448 0.223351201761801
0.0899059013586223 -0.0597138753635467 0.721636287390415 0.202057574721257
0.00148803366957762 -0.00887480946400447 0.677385284322046 0.12520008935267
0.0210880987150405 0.069344715704695 0.483299296841289 -0.0124510259867082
0.102646093948011 0.0718675600873596 0.204921268561577 -0.0660385389893275
0.140938264801825 0.0581829730498692 -0.0723653447045317 -0.0403943165052205
0.115908898765822 0.0660854484456016 -0.281703207746093 0.00503972995158178
0.0434110136872661 0.0569764709354587 -0.480035594505198 0.112774371042034
-0.00672850677497613 0.00100060739628542 -0.598947052293828 0.183391112740811
0.0313902688845105 -0.0859687543701986 -0.65961569776828 0.282015183885487
0.157355688160791 -0.0440039998878279 -0.688504085467548 0.22618179185179
0.0597970882841938 0.0950852307722398 -0.590801820925702 0.0600223647426569
-0.0636607067911888 0.0344299056916708 -0.254416482769525 -0.0750036838307709
0.0935086729020361 -0.0149088352887056 0.175493804871612 0.141289520565601
-0.0480305356914905 -0.135126956648146 0.55895946297499 0.111283360028369
-0.167989153942458 -0.00796227531812916 0.678791025864479 -0.0587405702231256
-0.0669797471707993 0.091071829904732 0.685961875109214 -0.137011889086777
-0.0135718296050706 -0.000823589444348618 0.635598015190082 -0.124150458656092
-0.0797386365379538 -0.0561087129791358 0.493310005613758 -0.133649171168011
-0.122261082834736 -0.0643114870485753 0.260949696273276 -0.0866080798026691
-0.142414220568962 -0.0532029499930672 0.0260183742699372 -0.0356347606795764
-0.139668677238514 -0.0450101621516933 -0.195181969915811 -0.0328176279627268
-0.0746557969058859 -0.0652892722162097 -0.450437633805653 -0.0175413891916258
-0.01601177766388 0.00116562005557947 -0.643325771190238 -0.0476966981710867
-0.0749323596397969 0.100646353337195 -0.774215736336547 -0.0552196668079688
-0.191927333404435 -0.0182581589906663 -0.74101559632923 -0.0789858620687308
-0.0524457954841485 -0.126054937283236 -0.579453949643561 -0.109379290292186
0.0886513872861286 -0.0122757288621514 -0.229247028238693 -0.0845865575947804
0.0989737856359956 0.00171176624963376 0.153017199037952 0.158017257718782
-0.0153204186841369 -0.136339409947553 0.563216836882389 0.173072284393643
-0.155703699677377 -0.038042753502826 0.678665189602284 0.0504983119763035
-0.0812597172187465 0.0757119760852347 0.714944134679867 0.0162423608300143
-0.0180018117764298 -0.00398454394684241 0.678555802023457 -0.0157786614004533
-0.0750018226775265 -0.0588903977140841 0.49729321963913 -0.096682576036376
-0.114949066128973 -0.0626964346660478 0.223434325753145 -0.0926923766449431
-0.13568289036183 -0.0455564068393256 -0.0305833967957452 -0.0527868648723809
-0.139118522041637 -0.0280561318005629 -0.249077990097813 -0.0361433458404573
-0.0811710948219511 -0.0487566515622509 -0.471289937557736 0.0206775962169584
-0.0134617724548095 0.00254519187142297 -0.620213902674024 0.0561706433989899
-0.0476492701236746 0.101409921689718 -0.73878882132271 0.107892020274225
-0.168096058268555 0.019009245710997 -0.741126142552084 0.0564854270381211
-0.0668030217862968 -0.103695215698515 -0.575626749022939 -0.0431205112181646
0.0796128757017049 -0.0217051725176033 -0.236944506083488 -0.0676433256862744
0.090044186090052 0.0143713248728988 0.130384087071398 0.167309388253655
0.012472475167825 -0.115516502577155 0.562046281110552 0.239425376023614
-0.113575199789492 -0.0515456516960454 0.665537415320941 0.155333922526706
-0.0746682739640156 0.0471471022277419 0.712657096275707 0.168227529194979
-0.0198966489674139 -0.00961751930242693 0.701255961575218 0.0959937131377859
-0.0641745711438059 -0.0515960960793612 0.497951138422478 -0.0571519886770083
-0.0929780930480975 -0.051892569975859 0.191824636426125 -0.0999122285935351
-0.106746931816195 -0.030110521531551 -0.0806078012829334 -0.0669949403479674
-0.114633498525836 -0.00662385189918258 -0.297157735885166 -0.0311325777142432
-0.0738706569847907 -0.0248189147157134 -0.488640286707475 0.0680870665645525
-0.0108314188886869 0.00676591475901058 -0.588073857008606 0.149358709848142
-0.0220876152256563 0.0842870801324131 -0.678461614595542 0.246634946440938
-0.118451186687753 0.035304936952229 -0.712285354228732 0.183016252789718
-0.0616910518994821 -0.0668214048324336 -0.566440279521896 0.023210498880673
0.0604655910666373 -0.0200180310856311 -0.244973215508339 -0.0520989292144776
0.0680813107915991 0.0161384914755583 0.112022082685016 0.17200010710866
0.0234053761351142 -0.0775959741840723 0.55499374587042 0.294113661275818
-0.0574796698930733 -0.0379768095611358 0.645108661887594 0.240007151895561
-0.0439762912189331 0.0199217802621841 0.690221890797851 0.29004646446124
-0.0165837341372519 -0.0156511768475486 0.701893961187132 0.191836553796744
-0.0502755897259102 -0.0331063410341878 0.494623650517931 -0.0232664248204515
-0.0585698161953023 -0.0286465771397678 0.16942489196874 -0.105736119583966
-0.0610224854922568 -0.0105282328337634 -0.11865316262047 -0.0759260163709629
-0.0715901526670644 0.0143149228068097 -0.330427223287163 -0.0190693141887292
-0.053010557707181 -0.00213759777816389 -0.497934681150856 0.109523581911913
-0.00863379434104307 0.00956764445309602 -0.555995058369782 0.220178430910067
-0.00562500349502048 0.0539843960493897 -0.619596062465567 0.340820300752823
-0.0594854246468648 0.0268988987099201 -0.671527739713197 0.276969284288814
-0.0377109405236854 -0.0297185918983799 -0.555838736593284 0.0772255322790446
0.0386442346983133 -0.00888489206456578 -0.251736174524264 -0.0415121857963931
0.0383473065866129 0.00519339276864675 0.100748074878545 0.176103910795607
0.0167531939778923 -0.0340090219317992 0.545328148864767 0.327015421191044
-0.000899230431493247 0.00054159737105451 0.626721258684179 0.292869264969603
0.00271797604136217 0.000241898696829458 0.66961684714372 0.357287027116411
-0.00967456284914446 -0.0191634444102639 0.693990835846423 0.246027461079128
-0.0353326219288639 -0.00509430625197567 0.489236613467872 0.000624111454711776
-0.017368982735767 0.00296916162047119 0.160105336963623 -0.105816971869397
-0.00497963535739348 0.0113069863886997 -0.137857003545701 -0.0775369204705461
-0.0170138444245499 0.0321737847870793 -0.346088157405655 -0.00696124933745182
-0.024604664594435 0.0160915520994327 -0.496207969930008 0.142475260549669
-0.00684145547125602 0.0105885650199721 -0.536635246517032 0.257258677197939
0.00185223036180979 0.0171568937519935 -0.576765873714395 0.393109005751858
-0.000782258576841244 0.00229180277235996 -0.6443533519447 0.328499433262471
-0.00405400517899602 0.00189801135792868 -0.550366959630153 0.111217105161642
0.0149199672537759 0.00659706767961764 -0.25691808973709 -0.0385243533666785
0.00499023045740852 -0.00942763748728602 0.0992350690815685 0.179359076331575
0.00342889453520808 0.0107102610687708 0.538813369586213 0.336431319094103
0.055104738274413 0.0427392562711534 0.62767245934021 0.311886610883308
0.049087401548976 -0.0158792774739872 0.672839355248785 0.368918308898703
-0.0029474601457758 -0.0186690821694463 0.6890053268811 0.251166542592453
-0.0186266726261905 0.0263492588552149 0.483659123571299 0.00841455757129054
0.025737225576853 0.0347410896432884 0.162861388046016 -0.0985299079840237
0.0524347630780875 0.0323192331158851 -0.135438305159502 -0.0723169521463436
0.0376638679876967 0.0456198781675746 -0.341684704822123 0.00216974781486442
0.00495781829919999 0.0316364817711979 -0.492996458668216 0.151601113000212
-0.00710242605560185 0.00795098154327772 -0.537941399972045 0.266160379324478
0.00633117885837095 -0.0224469673720684 -0.571301746954173 0.398827171113383
0.0560897059416076 -0.0271989795043861 -0.638305774830298 0.337627977536815
0.0297060432674707 0.032870962651658 -0.555313982895942 0.1214188899166
-0.00971428356226496 0.0224102430827741 -0.261415044438703 -0.0434572976454104
-0.0276226185341749 -0.0171156966064511 0.110345106946579 0.179970822907144
-0.00142162282576898 0.0533895419583716 0.539741984331848 0.316517578799181
0.108191840834273 0.068408434700968 0.646165506172944 0.2859882336419
0.0816361064599825 -0.0369500916280267 0.699334549262696 0.313115571816031
0.000221199229624634 -0.0143139675480853 0.689787297204299 0.204835101934122
0.000494958989788678 0.0542604940289114 0.482583828127827 0.00241762501930994
0.0682502519286172 0.0605444782110996 0.17857430957526 -0.0850203923632037
0.104296140698464 0.0483163147371159 -0.113086086263443 -0.0588719530441769
0.0851871533390883 0.0565647353330579 -0.320514268624669 0.0061836738779952
0.0289213170450722 0.0449179437750135 -0.488170291181581 0.142396471979002
-0.00698516311841096 0.00483461751578209 -0.562566483064814 0.242716343965796
0.0137359388962692 -0.0592056672416387 -0.604362657733875 0.364773973025457
0.110928804183378 -0.0471152598483294 -0.657612988352807 0.306174181658083
0.0545564359456105 0.0640051375406687 -0.571908192319847 0.104634545612333
-0.0366623083124015 0.0330577578122504 -0.261256640556772 -0.056268283379843
-0.0507284928818829 -0.0131511195433764 0.128933201477912 0.174586442180169
0.00908718578017071 0.0837124590038586 0.545423156952398 0.276621724785966
0.151039137683378 0.0631764626116195 0.67805424628905 0.218349208463853
0.0899142116651404 -0.0608730911166124 0.726945704253794 0.19968731201716
0.00161058308059394 -0.00801228610427671 0.682226630058796 0.123281374598587
0.0221889218769792 0.0703146440426945 0.485228939971144 -0.0134987328248192
0.104373850734871 0.0717930684994472 0.205855288507993 -0.0685350233886261
0.143352440015683 0.0568684188727473 -0.0726163505802105 -0.0409131424530541
0.117304131824284 0.0658555872127155 -0.28415377449221 0.00627400270005028
0.0439415382096273 0.0577604497641831 -0.482350192695107 0.11787931765674
-0.00657709801626549 0.001265802303382 -0.601028334635646 0.187903477288062
0.0301399542355896 -0.0869827750914589 -0.662324207440819 0.286271579276856
0.157777873632108 -0.0457540785026985 -0.689439178254829 0.233477840862781
0.0597739151995946 0.0957706883175699 -0.595053481447994 0.0638919678051258
-0.0646353904112539 0.0348599949221484 -0.257030316210962 -0.0752249998917386
0.0946055458670894 -0.0157851893454936 0.177393039897467 0.14171441886398
-0.0489554176767611 -0.136348067759808 0.56290212321555 0.109459115906599
-0.170393420084922 -0.0063951761949121 0.682161354253177 -0.0627521427387978
-0.0659515436752979 0.0926740016349265 0.688220419093736 -0.142660032857535
-0.0132454703483907 -0.0013886446373557 0.638224244138706 -0.131995553156567
-0.0804466497352634 -0.0558820782687247 0.495038100983971 -0.138659956174611
-0.123938896220933 -0.063332322149461 0.262034101846905 -0.0886429894887415
-0.144838136759741 -0.0529932300180906 0.0254234489379914 -0.0357573241002506
-0.140276167824992 -0.043249556068402 -0.197208592186449 -0.031657447088405
-0.0759835201256777 -0.0654044541243649 -0.452926522737205 -0.0147740677637573
-0.015787209030669 0.00127882395695532 -0.647486509624599 -0.0424891145914482
-0.0744690005462216 0.100690850251766 -0.779235294981757 -0.0496580041736484
-0.193760349592563 -0.0158009180143804 -0.746545382799971 -0.0709834222181693
-0.0535035792175354 -0.126688407153159 -0.583512537414902 -0.105445596359663
0.0897546503476562 -0.0135337426061377 -0.231279770692225 -0.0844784983858438
0.100155415849837 0.00091792797334405 0.156050203606111 0.158755174968341
-0.0164591022833522 -0.13805806266194 0.568834978857195 0.169569444530703
-0.156548159653598 -0.0370729237391743 0.684281311485578 0.0475479263302225
-0.081011853937833 0.076566022486135 0.720236745077962 0.0108392119494563
-0.0176638674037116 -0.00343927450760343 0.681551817889482 -0.0213582011129373
-0.0762476458070169 -0.0588750921427119 0.499187859782682 -0.100611103146666
-0.117539382301318 -0.0628480927504607 0.22397180407843 -0.0945113590976519
-0.137790213112561 -0.0454020255854135 -0.0299813511340742 -0.0540024005602103
-0.139289768408049 -0.0265156689952613 -0.250731713918947 -0.0353042780085366
-0.0833041171594098 -0.0484528292659523 -0.475014146443949 0.0245476155364196
-0.0136034681509849 0.00291123005196913 -0.623468276572344 0.0604300918924415
-0.0455496998623312 0.102050108479379 -0.744225657929367 0.113715697657442
-0.168619436046252 0.0207235428733425 -0.74339082731908 0.0621862696173384
-0.0680254197168823 -0.103595985825686 -0.580870329075092 -0.0416047504877255
0.0791428476355298 -0.0229030098216896 -0.239114510869823 -0.0683621655657348
0.0908513137475133 0.013559249399626 0.132998534798956 0.168725588286775
0.0123100377809039 -0.116605131311285 0.567873079189672 0.236610953622541
-0.114915400287043 -0.0515182474029034 0.671338926848569 0.15018869048793
-0.0738664760567732 0.048799464068335 0.717569658139705 0.162589040655415
-0.0204302334871123 -0.00958884460052713 0.705778143066456 0.0921148845365512
-0.0648424328965462 -0.0515714035633725 0.500066754451839 -0.061062957173339
-0.0942040274186802 -0.0513294988818565 0.191565131674169 -0.102021297993434
-0.108521450638738 -0.0307615966334647 -0.0818366801573104 -0.0680236668485937
-0.115533149001215 -0.00524582388142483 -0.300212154887079 -0.0288843785673588
-0.0754477999576482 -0.0239880960598878 -0.493225045652306 0.0707936882432963
-0.0112320572442705 0.00702665007738164 -0.589199102728209 0.153116813377811
-0.0208047737941506 0.0839477198107274 -0.682044332696516 0.252643692268562
-0.11909535724744 0.0366784867550369 -0.714328827464559 0.190236908101121
-0.0619681549501481 -0.0667332325954431 -0.568885198440776 0.0274411144967177
0.0613383789648967 -0.0203634128054779 -0.247356250066201 -0.0524263075759391
0.0689333956430141 0.0150340755814748 0.113280597823833 0.174259879685405
0.0238833473438205 -0.0789237211330006 0.560625869090671 0.293014392018696
-0.0570377915462505 -0.0372240392117273 0.651507305250876 0.236987259015833
-0.043272565649154 0.0202685434759865 0.69639495919087 0.28633998848168
-0.0171145040796195 -0.0155340024629205 0.706277090608946 0.187961766677138
-0.0506999585439057 -0.0323278712083021 0.496424929538861 -0.0271043534283904
-0.0594805858860839 -0.0283983001064928 0.170396472994043 -0.107305484081654
-0.0622669901850009 -0.0106807773368062 -0.120110754900084 -0.0752343004945288
-0.0715195063428107 0.0151269149514988 -0.333626476647775 -0.0157220702502659
-0.0537759290130953 -0.00180345274672899 -0.499290990678483 0.115057399510866
-0.00845349202277436 0.00974897858430006 -0.558340110237048 0.223521766396191
-0.00471907695350604 0.0546183029470556 -0.619074485306018 0.348653436996105
-0.0602291438426204 0.0277028029575333 -0.675419046033621 0.282810538681873
-0.0385458682685837 -0.0293953626887633 -0.55849609426715 0.0825202104030128
0.0385169523114643 -0.00945759053137512 -0.253645765866327 -0.0410108696741016
0.038222637168702 0.00519462695146645 0.102488526229316 0.17691320672839
0.0168115437913279 -0.0352408456136039 0.551736191213162 0.325790451566532
0.000225203920565821 0.000195395777456869 0.634782760292248 0.291742805716604
0.00266985904751161 0.0011186503779999 0.67599425460933 0.353115751092471
-0.00989500058774903 -0.0194992556678411 0.69869078290023 0.243914700358398
-0.0350212428378001 -0.00449134546449637 0.490319489840731 -0.0042007911754602
-0.0180599574703343 0.00357887330898405 0.160029526325016 -0.108017151210771
-0.00558888942544918 0.0112816909697179 -0.139276409455631 -0.0769008179231134
-0.0161907813191389 0.0327659152139755 -0.349278416445689 -0.0039333953355056
-0.0247191808550577 0.0174585967062693 -0.497327864914142 0.144205309702586
-0.00735278870458942 0.0103325855200003 -0.538767279504212 0.260980491670387
0.00195556705078552 0.0168296718780397 -0.577956251670978 0.399070893538305
-0.00160673132361884 0.00223197656187293 -0.644970852334578 0.3340667356429
-0.00413453389253352 0.00212805263238463 -0.552293768654949 0.114814924802108
0.0148120682220659 0.00689022230837882 -0.258633598150788 -0.036964981567965
0.00483411782355637 -0.00874404157458415 0.101038081086379 0.180424832890698
0.00413051091180769 0.0102016094404176 0.547147183048269 0.335319287056218
0.0555160924596216 0.0421801320087002 0.631285856063263 0.309330635895433
0.0485200866208459 -0.0162091516979398 0.680223014905395 0.36481856795047
-0.00350342986218192 -0.0190479368478909 0.694151019271942 0.24583670137292
-0.0181297426236941 0.0273150731876026 0.486571710129635 0.00431323639023897
0.0264261594886502 0.0355035904172305 0.162878856404204 -0.10048708341802
0.0526577221180906 0.0316480456336422 -0.136437163688166 -0.0716255315997418
0.0387284896334548 0.0457526670887646 -0.344956770395778 0.00441941407248549
0.00513684998935063 0.0324140578122139 -0.495572735603145 0.157499334142533
-0.00703421219881162 0.00827170592521553 -0.539844024381712 0.268823059869352
0.00571368716400024 -0.0225833327699498 -0.571572673308979 0.406738220091743
0.0555954175561152 -0.0281307310821381 -0.639089730131413 0.344706658425946
0.0308264763563184 0.0325582800421014 -0.558167402983455 0.125221192343361
-0.00953432986746308 0.0226541248610872 -0.263453763273121 -0.0432405581027976
-0.0277101023912719 -0.0160843688155717 0.111409683001521 0.181798730933609
-0.00067434383789669 0.0530053283530615 0.546970956585746 0.315646525065893
0.110448807518303 0.0674947627497846 0.653604402092263 0.28267022079494
0.0813859863727582 -0.0380859022853044 0.704132491619079 0.309107332481037
-0.000135494027296148 -0.0146560608630808 0.695668831130205 0.202754195964913
0.00178321195642507 0.0555320715819372 0.485558890256132 -0.00222002147853921
0.0689658532359841 0.0599946024616148 0.178709158825799 -0.0870183302447514
0.105478364402025 0.0473361013166781 -0.114447921410241 -0.0583585749087636
0.0875708866600404 0.0565342183411746 -0.322057599298528 0.0080628522185066
0.0297014325892595 0.0461795289744082 -0.48998906028545 0.146562071442576
-0.00690441134175492 0.00592802307862295 -0.563885351216416 0.247305052213444
0.0134781997612626 -0.0601499927657172 -0.605271814969441 0.372486347901203
0.110753094740944 -0.047754680781647 -0.658085831568652 0.313059180613011
0.0550237356115924 0.0643120956594086 -0.575989047233104 0.109859773357937
-0.0368134240612091 0.033863092302803 -0.263568089746 -0.0559832281507893
-0.0519159802116112 -0.0124382752058862 0.131194206043441 0.176140647682678
0.0103775686452892 0.0832793719045545 0.551067887974226 0.275751160604692
0.153333966920663 0.0624211182932607 0.684642143240709 0.215662242727416
0.0894689054607429 -0.0620664487562778 0.731092764134339 0.194602284405854
0.00100971380065372 -0.00757830367084637 0.688532909582573 0.117436348443554
0.0232229755109163 0.0715724612043048 0.487033073586731 -0.0187891745239618
0.10545053953997 0.0714628632086955 0.207121491307958 -0.0703054843862224
0.14433687806342 0.0559759794151097 -0.0741048925583561 -0.0405854655135064
0.119783293978557 0.0650575631737601 -0.285157886420286 0.008133848367075
0.0451709580908137 0.05886247475373 -0.484660120696204 0.121696323349171
-0.00591541361960648 0.00190554420027084 -0.604994521712048 0.192921015258584
0.0302041136930304 -0.0874539689316088 -0.663926108940351 0.292722593382246
0.158354014676982 -0.0469828152215565 -0.692662703297935 0.2390263962271
0.0620394022481913 0.095819464134112 -0.598503139211448 0.0672925638812711
-0.0642451559681498 0.035417255864684 -0.259569357306947 -0.073960773971282
0.0950447492275918 -0.0164685687702475 0.180598534928537 0.142218503422354
-0.0496587388722081 -0.136958575636043 0.567861424344731 0.105371018894102
-0.170035079647498 -0.00475940884508602 0.687498756149174 -0.0706077104293773
-0.0650798410046181 0.0936211295554403 0.690204420889405 -0.150045168078782
-0.013303626072091 -0.00150329452277437 0.640494920122194 -0.137668685327742
-0.0830000889836908 -0.0551097678382743 0.497003083070855 -0.143583565062326
-0.126293719533094 -0.0628268946962423 0.262182897724896 -0.0903411550888715
-0.146778383653018 -0.0513373068625407 0.025310964564666 -0.0364842215926866
-0.140509660079501 -0.041901625621533 -0.198380721190705 -0.0302318252838076
-0.0780636816300433 -0.0646629864928593 -0.4555675179959 -0.0110956846133211
-0.0162298307986635 0.00060260164738201 -0.65295586465364 -0.0386004992088408
-0.0732049698587166 0.101798249860385 -0.782461980108961 -0.0427445032355701
-0.195152343206198 -0.0131250538725391 -0.748905193285851 -0.0682828251270406
-0.0549962540916399 -0.126657193410468 -0.587438047583747 -0.101162341656988
0.0905640285869999 -0.0160393587747648 -0.234127077889904 -0.0832753973330532
0.100711472015819 0.000309833725621099 0.158026493571319 0.159308384808358
-0.0175262660507843 -0.139284747791551 0.575529561967312 0.167677074189642
-0.15760372657793 -0.035557960237865 0.689356245030448 0.0418033526380482
-0.0805242590818286 0.0782240901293489 0.723209532339497 0.00635065803339513
-0.0179934063522049 -0.00391070658189785 0.68775540013681 -0.0281838813723896
-0.077474749538888 -0.0579862790885512 0.500702919484682 -0.107106540094729
-0.119245427517088 -0.0614470117457906 0.224957664720751 -0.09747229513313
-0.139569702196131 -0.0448489671654564 -0.0308689070556711 -0.0542376099208035
-0.141068705454532 -0.0250997118413964 -0.25385066320363 -0.0326412810760798
-0.0847901240325298 -0.0480551366624426 -0.478041853598675 0.0268376264165594
-0.0137929299813172 0.00271325283206833 -0.627852793295158 0.0645977315380778
-0.0453917436213082 0.102859468133952 -0.745568225793134 0.120213620332619
-0.169779789629701 0.0226784693138957 -0.746577325762672 0.0695530853730899
-0.069926017009823 -0.103365727417124 -0.582911893649745 -0.0365065857917125
0.0794066611409476 -0.0235029034634898 -0.241026719715511 -0.0674163982278261
0.0918588815701481 0.0132033312090941 0.134946424397994 0.169499092948474
0.0114975546435022 -0.11755117756741 0.574046564155952 0.233520887715415
-0.115735884580208 -0.0501689190834438 0.675806893141553 0.146242604287263
-0.0743959400587419 0.0492212672503858 0.723131565820371 0.158400223822647
-0.0203966922587143 -0.00995380891241508 0.710870172628781 0.0866732965009378
-0.0661581932939353 -0.0502903736863848 0.501257340028422 -0.0668197833793286
-0.0965097124984396 -0.0498413305040123 0.192017781837386 -0.104252881632451
-0.110438864996771 -0.0295623975800103 -0.0826707397008329 -0.068167789024884
-0.115620459601273 -0.00264141986518146 -0.301869349828838 -0.0261766900096006
-0.0759162550194497 -0.0237700382240943 -0.494337346806152 0.0749749151469498
-0.0112771432440783 0.00692367474339169 -0.591782540010567 0.158246871362677
-0.0201001624011678 0.0843501652390915 -0.68281877694515 0.259417906696278
-0.119853923599381 0.0379130139134836 -0.716656008899783 0.195623265702361
-0.0632040624175353 -0.0664540333385555 -0.57335283998916 0.0322128144183903
0.0606497012056429 -0.0222639989159983 -0.248425490818694 -0.0511152219661478
0.0704180633166189 0.014963187924558 0.115234528731339 0.175630763846463
0.0235469995466189 -0.0800760737447782 0.566860506411665 0.289442119304804
-0.0579807273277809 -0.037568811530689 0.657117514462083 0.2328535008117
-0.0433420249819536 0.0209552029524138 0.702226840225313 0.281424132208344
-0.0175168501958775 -0.0158553287906834 0.711995639910935 0.183224013054181
-0.051595563240617 -0.0313651422779458 0.498856792831586 -0.031989121243825
-0.0599299738594704 -0.026655225573915 0.169105387664296 -0.109223019519218
-0.0626981464746077 -0.0104099827091034 -0.121234196490859 -0.0755617500191528
-0.0713035807675689 0.0165789820459479 -0.33605962499537 -0.0137184361366549
-0.0543919162573179 -0.000521507211157539 -0.501420207170641 0.118950492640394
-0.00953349097917159 0.00954029577596739 -0.560465294837231 0.228537716249909
-0.0040602757870287 0.0545855120365958 -0.619117937789865 0.355515659087175
-0.0604671775012344 0.0284238754057556 -0.67518395770678 0.290841063774567
-0.0392874667344706 -0.0294604483793042 -0.561762259071767 0.086989845033323
0.0383033688785841 -0.0108408669546337 -0.255266916541351 -0.0397487005388083
0.0385662388964993 0.00513735795195065 0.104852132338263 0.178834256919557
0.0171484420272836 -0.0359656822087965 0.558373348534501 0.323514844033237
-6.04922235170123E-05 -9.67183271729925E-05 0.641812096579188 0.287351821220918
0.00272506197655009 -5.50160599493616E-05 0.683118765758333 0.350446840024082
-0.0107345336597068 -0.0186580267450512 0.704243033434737 0.236815766335578
-0.035232336312581 -0.00338943258040377 0.492848860572591 -0.00938803442108536
-0.0179565205229629 0.00316025699627001 0.159614241102332 -0.110550359478533
-0.00595055818104156 0.0113561296047369 -0.140911338787307 -0.0769982197047604
-0.0158023299556884 0.0326152106599279 -0.350789031372802 -0.00121031052456457
-0.0248278359277791 0.0181481131527321 -0.501003870377332 0.148276238312749
-0.00834545164793698 0.0106952202499959 -0.539390605883333 0.26677220164747
0.00205140252364781 0.0165528835563274 -0.576806331231738 0.405517075157776
-0.00135309474048294 0.00227207004785205 -0.64606771306897 0.340804556598329
-0.00404236121653223 0.00240095277645038 -0.554862801024922 0.119970760733355
0.0148633814960451 0.00602228415202213 -0.261012804716129 -0.0363637705434588
0.00551452265583791 -0.00841324579701521 0.104151531427972 0.181506105292598
0.00467539322844169 0.00968674363937106 0.55303269498746 0.329552762597496
0.0564169691109319 0.0420887008822308 0.637662165446034 0.305102485709111
0.0494187890916319 -0.0170098588100159 0.686982421802133 0.360123530827182
-0.00375225468308456 -0.0180849707715152 0.700696558993063 0.242152691248369
-0.0182430127402228 0.0289085601354745 0.487548117784457 -0.000761690283786607
0.0266458668169061 0.0351591054072614 0.162025884075159 -0.103127479321789
0.0528572158590359 0.0312280658148331 -0.139085690755581 -0.0713276521084618
0.0408519908532777 0.0456313635231554 -0.345679116118706 0.00726728414931546
0.00548135195358593 0.0324348641575002 -0.496723771461462 0.160991302709061
-0.00661203624611593 0.00940106664313592 -0.541477290454488 0.276831176501257
0.006214897519568 -0.0227906676241024 -0.571201768712074 0.413708660388191
0.0549123301726906 -0.0283596814060014 -0.641167702616997 0.353322947349826
0.0308286588380207 0.0323765779814642 -0.55953217452334 0.129907737043733
-0.0100428240967994 0.0228617169781866 -0.266093859985997 -0.0415622076897066
-0.0276510269851494 -0.0155517005073616 0.114017182142773 0.182415160500603
-0.000410689292174906 0.0531436587926645 0.552168834299224 0.312553670128434
0.111838884259248 0.0671156455618694 0.657822091630442 0.27876238802358
0.0817641797740504 -0.0393524431962537 0.710308819699864 0.305206206761824
-0.000337418559033662 -0.0139171102266674 0.698553746795211 0.196712038709844
0.00220881402907188 0.0564885128506982 0.488415936006054 -0.00552012943217496
0.070924218467773 0.0607356117038573 0.178271444419817 -0.0883673699089924
0.10658533317163 0.0466220882411225 -0.115690280839479 -0.0583766884577785
0.0891918087851768 0.0558603345026198 -0.325855556075639 0.00991046447184743
0.0309480494161018 0.0457337800575483 -0.490886811183082 0.152032729382683
-0.0067658927182144 0.00617549304786512 -0.567010761014621 0.254121243096228
0.013283298787834 -0.0604290312274592 -0.604214950343096 0.377528327036104
0.110328050380501 -0.0496575328905774 -0.65918673078126 0.319257906169692
0.0558897604716219 0.0643152162023679 -0.577455248432624 0.114766560159446
-0.0376073415070926 0.0344644779400202 -0.266882407232216 -0.0555739345222095
-0.0524821928596823 -0.0110836949226818 0.133913455410592 0.176527711473254
0.012304129092964 0.0835923422770323 0.557261398241994 0.271794957862033
0.155260837401476 0.0611046634901373 0.689852172412857 0.209053375390957
0.089381008105656 -0.0632675524208976 0.736736270136573 0.188985940015891
0.00114009379203001 -0.00818168505078663 0.693731948067721 0.113799173535603
0.024323708748457 0.0731488985504444 0.488954186395833 -0.0235668882897815
0.107667772342343 0.0708247135628053 0.207212938954521 -0.0724408208125528
0.146078836875454 0.0550529135915978 -0.0747157224987002 -0.0402986302771332
0.12162144503457 0.0644788705974031 -0.287935672662216 0.0100927685177466
0.0470998299245394 0.05931845260064 -0.487644432609945 0.125731695605413
-0.00661241703235432 0.00175364810809775 -0.607937336073278 0.197631668235708
0.0288556709492654 -0.0889024947072 -0.663789463184715 0.301551042404475
0.158870671514218 -0.048873761272976 -0.69321619606047 0.246252009470342
0.0635967916855826 0.0959867405633247 -0.601300695312424 0.0742206008452698
-0.0643708333628607 0.0367131371766715 -0.262609299749716 -0.0730334415995118
0.0951828826564709 -0.0174196579664912 0.181738852605877 0.142124573315479
-0.0505472194656022 -0.137482770820863 0.572839908215599 0.100987196504325
-0.171092237973013 -0.00230990174563032 0.690016454690663 -0.0781273263423433
-0.0647865143352814 0.094808661232588 0.691695694278537 -0.15742482500124
-0.0131129361082411 -0.00221564904374542 0.641044894458254 -0.141796799555645
-0.0838802589654681 -0.0542325650159542 0.496523106324593 -0.148417046349197
-0.127746145052872 -0.0607995704052852 0.262324974234989 -0.0931086952721714
-0.148157779307405 -0.0506884441736242 0.0256142523376262 -0.0368277871497563
-0.14176416181304 -0.0404197350226615 -0.199860216481056 -0.028385827689031
-0.0791631857784367 -0.0637843638850386 -0.456494740355538 -0.007975039281967
-0.0167613427832855 1.77447424613841E-05 -0.654593043883157 -0.0329763700199913
-0.0723711860166894 0.102803121199245 -0.786989603214107 -0.0358248665093643
-0.197537479173573 -0.0105612054771088 -0.752401310111449 -0.0615352596681262
-0.0566630488260869 -0.126774716455665 -0.590295698270069 -0.0983745277434256
0.0899202804131526 -0.0164803197312035 -0.234536358025068 -0.0838007698699221
0.101279729353136 -0.000466270306665044 0.160018262540356 0.159404012129607
-0.0186551855334686 -0.140269146080879 0.57866215535788 0.163836072261805
-0.158768044466241 -0.0342634036789326 0.692706756123439 0.0350722517233416
-0.0797184173131279 0.0794668642848343 0.725832539704339 -0.00289422075326946
-0.0180026353309516 -0.00504857783081114 0.688985901318347 -0.0333124478906322
-0.0792682176628621 -0.0570283810981551 0.501803840024303 -0.110647240984035
-0.121014585659552 -0.0608053523732091 0.224816747424301 -0.099191400666389
-0.141224605070092 -0.0432742098776696 -0.0320819108124578 -0.0537263610120467
-0.141679371974162 -0.0239848875798725 -0.255322944277546 -0.0311431437389945
-0.085606490861797 -0.0467857147432257 -0.480295564346622 0.0334235301518133
-0.0142121952786791 0.00209229399064722 -0.629437448408824 0.0694079758794408
-0.0437071256617242 0.103123698494688 -0.746083082270611 0.127604083986091
-0.170884843532086 0.0245842972701199 -0.748382493633254 0.0759466819010552
-0.0712129277124364 -0.102816371135094 -0.586094962338901 -0.0325665841901617
0.0796618894274625 -0.0253192857128857 -0.242797183734225 -0.067028109829771
0.0927613607223027 0.0119052131428445 0.136939469403346 0.17081594048912
0.0109810641653304 -0.11935989575877 0.579445412802297 0.229116231207751
-0.115835392857058 -0.0501524540143298 0.680747992571531 0.140284810256372
-0.0733293345116379 0.0502974599181853 0.726127409241376 0.151498497887265
-0.0202611025116978 -0.00947451868502484 0.71312986589213 0.0812008731274314
-0.0676012768608131 -0.0497833039246576 0.503458167445381 -0.0703662575793676
-0.0977057220149716 -0.0490857020542094 0.192177360766562 -0.105706723402148
-0.111038648994587 -0.0296648162826893 -0.0842885115945559 -0.0677770554333152
-0.115784432187805 -0.00239885810097531 -0.304215036609189 -0.0246192409074947
-0.0768455972914325 -0.0224491987527782 -0.496602803591235 0.0791273059698711
-0.01183195332184 0.00650525244112204 -0.594272727690228 0.16350351404673
-0.0180116132241266 0.0848488704306076 -0.682436328266323 0.266995322801381
-0.120109339145231 0.0401064365767813 -0.718108165089673 0.204866410716812
-0.0645715844210295 -0.065734989215153 -0.57473937348482 0.0386639250048883
0.0606188360925657 -0.0232698915398277 -0.250068458835951 -0.0506392042071098
0.0707344639687127 0.014831667619365 0.118003522356033 0.17618886380717
0.0235483404539419 -0.0806059580263662 0.572513847266779 0.285214092037162
-0.0587882877054859 -0.0372055613596521 0.661621222266198 0.227222310567515
-0.04321787818572 0.0215686351955733 0.708485859614427 0.27518319275571
-0.018178974375106 -0.0160232845839819 0.716652172688221 0.176483578386809
-0.0525692673625103 -0.0306655746842251 0.500952049641313 -0.0367192257118872
-0.0612791118159142 -0.0264630548437273 0.169135940481219 -0.111283088402086
-0.0637458213219925 -0.009939801176468 -0.122617559831235 -0.0745496934534105
-0.0713651374607823 0.0175348048777282 -0.337972757675278 -0.0105991381619913
-0.054591904018405 0.00100392174306917 -0.50197309668158 0.1243791948553
-0.00903353211613937 0.00953016500543496 -0.561231265976637 0.233256310099854
-0.0035710312396061 0.054022170156636 -0.618757055719259 0.362033679944002
-0.0609155546999701 0.0297216253609334 -0.675728438549979 0.297289529596463
-0.0394305935023949 -0.0295739218381054 -0.56386034034903 0.0916034706818369
0.0386549251868817 -0.010968320171597 -0.257541730645836 -0.038590012946215
0.0394369827140815 0.00500698850645632 0.106566538294528 0.179050939665745
0.0171496905180183 -0.0370892072190095 0.563026476135618 0.318888190370251
0.000172013181869422 -0.000386268213673415 0.644735144600349 0.279966918861435
0.00254570689754464 1.9258884030594E-05 0.688061192160834 0.345336767758428
-0.0109390990943183 -0.0193235941856357 0.710400963218096 0.233261920254151
-0.0355600218275779 -0.00279063499557192 0.4941196705774 -0.0129819213553174
-0.0182923629660626 0.00414632550321626 0.158549625477274 -0.111954323729989
-0.00627951622440074 0.0110388919499047 -0.142465002158333 -0.0760033589580826
-0.0147082824499572 0.033364210215904 -0.352880081753903 0.00197351766623371
-0.0248082152161985 0.0186677157025274 -0.501128681548188 0.155196525355276
-0.00783712254382943 0.0107282398050234 -0.539803367956476 0.272975601948129
0.00230025051254735 0.016463931494516 -0.573597290570946 0.411902150892924
-0.00167139622810768 0.00164438466601119 -0.643597132587158 0.34937593127381
-0.00439820913175933 0.00265494563128506 -0.555553647413733 0.124444757374722
0.0149659816550998 0.00597437880645227 -0.262552471512937 -0.0352992212609607
0.00495394464790066 -0.00909596372991337 0.106561526172325 0.182512926134539
0.00417278166193967 0.00899544625834089 0.559246374282451 0.328940348950627
0.0574313555989249 0.0414337262381093 0.643403177744039 0.298520453337257
0.0496045592452276 -0.0181198689848672 0.692521041979323 0.355699322735148
-0.00396985523790416 -0.0182150396959324 0.705870857722506 0.237370385130254
-0.0177195507359435 0.0304835905031478 0.490424816506134 -0.00437644617033078
0.026916349725216 0.0351071097545599 0.16175763306991 -0.10444263658118
0.0533826060298216 0.0309493400484439 -0.140330094011729 -0.0703300100431166
0.0419834930862538 0.0447254036439713 -0.348459735593236 0.01003648965248
0.00586227211881091 0.0334084119770143 -0.497856772816499 0.166879993881829
-0.00712178159839468 0.00947986665646426 -0.542829346586503 0.282452173641512
0.00573499581875504 -0.0238505589514985 -0.569372712401443 0.42064528948207
0.0555521508700461 -0.0289894320034692 -0.639394292394285 0.359003411960364
0.0312350870932563 0.0320489547577255 -0.561293350656522 0.134839509492882
-0.00918464335202191 0.0236113970012947 -0.267327982130703 -0.0399004683773009
-0.0278322487257861 -0.0155174355315752 0.115659407277549 0.18365927468237
0.000158116780412564 0.0525039053222104 0.557694658390108 0.30833785924872
0.11274587285041 0.0657714439076822 0.662663257323701 0.272385092381047
0.081681736078904 -0.0401142625121759 0.714708643585502 0.299589220935664
-0.000779503274690851 -0.0138075578026017 0.7035383130502 0.192888340273226
0.00304493319716575 0.0579428632569968 0.488575840071127 -0.011539817536221
0.0724981586493919 0.0593098385142082 0.178298880325482 -0.0918020880741997
0.10796151851361 0.0447838659305954 -0.117604288590979 -0.0576338601676146
0.0910462050609697 0.0548552857148114 -0.325762661683173 0.0134258115144756
0.0318394633862258 0.0468016954248656 -0.493319771357192 0.156577251568332
-0.00738428758064024 0.00633961586502779 -0.5666581312087 0.259000865725375
0.0118745053419445 -0.060562931380554 -0.602120610286824 0.386505457772856
0.110631469122757 -0.0504139931720622 -0.657823601661894 0.327325387968963
0.0568063034490771 0.0637781473477661 -0.577723586066698 0.120074043711069
-0.0372323593698586 0.0354456450877207 -0.268390391759188 -0.0534088248262382
-0.0519235092514892 -0.0109626235225565 0.135487386844489 0.177482750974051
0.0126531121980539 0.0827067786445099 0.560326026453429 0.266995345931129
0.156203828921255 0.0594841201212023 0.695889053504773 0.20398462709629
0.0891770996275535 -0.0641546891758524 0.74104986355967 0.183265822584747
0.000747119812753584 -0.00754384817188606 0.696172125003792 0.109111432969536
0.0253604427802356 0.0740460017360874 0.491087920242235 -0.0283084251605654
0.109223059794609 0.0706465875366799 0.206430466880308 -0.0743297517564502
0.14687373234903 0.0534902284504029 -0.0762548822886666 -0.0403660251642514
0.123930590294892 0.0634263364718496 -0.289173929989713 0.0125986912410256
0.0478079129098268 0.0592988753616128 -0.486446916560666 0.130934567605171
-0.00631254171000062 0.00368362863015439 -0.608391154745407 0.203077702944369
0.0278102275905915 -0.0893190065435605 -0.664046601058004 0.306415882243321
0.158960274655068 -0.0507857523958567 -0.693568987453406 0.252828802601891
0.0643167622576123 0.0957999984078619 -0.600994854347349 0.0801442183059294
-0.0645004065156389 0.0375536747827928 -0.26454300898126 -0.0720079986120868
0.0959754204994511 -0.0181537191828943 0.183736869340328 0.142073662641179
-0.0526513478110088 -0.138322607414572 0.575182583534 0.09737112937062
-0.170939219643087 -0.00116340278360958 0.69152719013934 -0.0831635412725935
-0.0631817352450263 0.095486001235835 0.692654715569748 -0.164861862837936
-0.0143379043390052 -0.00214200639123639 0.643340512667711 -0.147923913163912
-0.0853358783887097 -0.0529175229890319 0.496927416654608 -0.154775652316651
-0.128779369349124 -0.0597641135602928 0.262981563511739 -0.0960004215331094
-0.149722844393298 -0.050058081145849 0.0246111399437995 -0.0382710484637613
-0.142573509883181 -0.0389303824461305 -0.200661045025936 -0.0270626455654205
-0.0803762959370969 -0.0631319610633252 -0.458697787363146 -0.00422630673683021
-0.0172521812403007 -0.000181244094501659 -0.658221018576909 -0.0282770432654106
-0.0711874725894118 0.103379269053458 -0.788769158572982 -0.0283750286845149
-0.197382670734964 -0.00916476359036296 -0.756260131810582 -0.0559889189090108
-0.0582605320889962 -0.12656402497078 -0.593814988904094 -0.0952950963639315
0.0900201179124309 -0.0179157055922763 -0.236183499212034 -0.0828936307666534
0.102499717121035 -0.00205760068734008 0.162270563061523 0.159589562221572
-0.0197940706959614 -0.140931831647533 0.582970525858111 0.158177281286698
-0.159834872790454 -0.0329795587033054 0.695972840055262 0.0291719371897033
-0.0787057540629812 0.0799819734133053 0.727893675126466 -0.00890137022904314
-0.0186557175316228 -0.00435614301107818 0.691379291207336 -0.0380159327516091
-0.0807202487111403 -0.0563297707426647 0.502878630741491 -0.116805624743093
-0.122946614884148 -0.0591032769085972 0.22495431282493 -0.100998885669492
-0.142572025313085 -0.0426484758042789 -0.0322887993977565 -0.0546248373395181
-0.141753457299909 -0.02223987318094 -0.256951211945048 -0.0292271195401544
-0.0873616065581733 -0.0459558848406215 -0.482294545533331 0.0361771744774322
-0.0143725783668137 0.00162811173463843 -0.630386857496741 0.0754492097333814
-0.0435194898220272 0.103218706955661 -0.74914702138761 0.134863463937234
-0.171883501330879 0.0271433707684039 -0.749386653610402 0.081279708796557
-0.0724202546744028 -0.103049636837799 -0.586862925644404 -0.0265216576913783
0.0795389614277009 -0.0264771315129027 -0.243399581763143 -0.0662594789058929
0.0937553222045402 0.0109135623561135 0.13914839191217 0.171399640447923
0.009831487003868 -0.119621024590719 0.585079623606354 0.225393570235261
-0.117122800586112 -0.0482726024976832 0.685367072849174 0.134860627856866
-0.0728029316776929 0.0517157903735639 0.729644781346311 0.14645008304299
-0.0208174444204853 -0.00997654682077597 0.714885384053409 0.0741859829246961
-0.0682928677079824 -0.049078674914726 0.503855591915364 -0.0765198670638159
-0.0982629504276873 -0.0488146340308775 0.191577336674036 -0.108667054239473
-0.112484766561276 -0.0279949310291004 -0.0851785967685991 -0.067166553362942
-0.116063806919398 -0.000230644070395914 -0.305427482542853 -0.0215967502582434
-0.0783311408360538 -0.0216612847667224 -0.498304524925858 0.0849577402036165
-0.012295689803616 0.00615012712561911 -0.595050637846286 0.167891485994556
-0.0182787841719078 0.0855721437639754 -0.680921621472849 0.273865163598533
-0.120791827725256 0.0418614831098704 -0.716253436229045 0.210410645706364
-0.0648519873839493 -0.0651702943048515 -0.57640601998569 0.039856817992608
0.0603632871662683 -0.0235522712520898 -0.252507466484714 -0.0495761721748547
0.0707352565380314 0.0136321634282786 0.119804825823068 0.177230130970609
0.0217043984962686 -0.0821735693162206 0.57834740021014 0.281479805279288
-0.0594480744478041 -0.0368457427333473 0.66696502373764 0.222187907225822
-0.0429650467275515 0.0220238372191163 0.711640577270835 0.270287416739169
-0.0178674048910474 -0.0154467015255004 0.720706627698252 0.171365859472214
-0.0525679873900405 -0.0295579731538767 0.502310727595967 -0.0412826840265714
-0.0624631225145735 -0.0258045884115218 0.168429834712068 -0.113888459536462
-0.0648641529143761 -0.00936005689520768 -0.124620406469685 -0.0740075550735976
-0.0704448994691763 0.0188721522292655 -0.340184364712818 -0.0077950470634912
-0.0553258410293021 0.00195439248666316 -0.504491155139177 0.127927543899594
-0.00979262783682994 0.0103518018480985 -0.560998269536622 0.239205741747262
-0.00230601240420324 0.0541054843098039 -0.6154883619672 0.367549564503534
-0.0609177162443996 0.0309441347301779 -0.673585637406895 0.303786128883724
-0.0406718747243499 -0.0290459924673792 -0.563678599562984 0.0977181125136423
0.0381363593498212 -0.0116441244439785 -0.259354197346109 -0.0377368555270021
0.039939469545576 0.00465814506698609 0.109668879241276 0.180424529229896
0.0174110745376485 -0.0373160954251296 0.567783909562237 0.316346411080729
0.000927315813556888 -0.000634783245872735 0.650619842142679 0.275991653259865
0.00314320542039421 -0.000414543655489256 0.693619773012931 0.341578013819939
-0.0116248851482384 -0.0192300855185918 0.714098804066483 0.227136649564206
-0.0354712404251428 -0.00175925934894383 0.495225918570561 -0.0174166587461677
-0.0182105465383816 0.00487513395154065 0.158028520804668 -0.114910077291593
-0.00685988743905839 0.0106903495018178 -0.143863351075537 -0.0749337594913151
-0.013806618473455 0.0335436552625729 -0.354147414356919 0.00477731248135121
-0.0238645818529513 0.0190458292804782 -0.502690396053609 0.158369744912021
-0.00813343720024127 0.0110613430015001 -0.539785484253588 0.277827031408265
0.00281978515914075 0.0162459664462705 -0.572611474147056 0.41771502860405
-0.0014840570973791 0.00267094398615086 -0.641878885125467 0.355096909020802
-0.00410465927248846 0.00286660217358698 -0.556142875047438 0.130853514209749
0.0146925207490821 0.00574785707433671 -0.264500621360964 -0.0322155612959552
0.00480138230647109 -0.00868174046108627 0.107327299359741 0.184074337225517
0.00520149264331137 0.00848107769508665 0.564739059438374 0.323565920340142
0.0581056817720971 0.0404969670764199 0.648915716781668 0.292263042274186
0.0495489806335905 -0.0191321082314361 0.69546023115081 0.350634256434129
-0.00455850798844863 -0.0186205914213223 0.708541454407988 0.231310245843245
-0.017181327487292 0.0304074163896831 0.492552630176323 -0.00923312053907772
0.0280160512475768 0.0361989788916303 0.160813996537631 -0.106973218414942
0.0537175646280579 0.0296892382355846 -0.142441775459007 -0.0694360111756012
0.0433353102421086 0.0443702852964525 -0.350207021433098 0.0132022476907052
0.0067529615795106 0.0338872761573805 -0.498047200096339 0.17024803884502
-0.0070711400141692 0.00953095084935486 -0.542188442660522 0.286582701257072
0.00595453986563221 -0.0239951347344326 -0.568518365170972 0.426016941275712
0.0547666196435083 -0.029282058321919 -0.635867472413165 0.366502470507775
0.0316082050883862 0.032118162011527 -0.561829638071419 0.13871665224451
-0.0103252182365782 0.023053843718222 -0.269697525615764 -0.0377346567139688
-0.027810152205869 -0.0154532820968533 0.118407335067518 0.184714075259764
0.00125788486763704 0.0525857103035154 0.564299278094672 0.303569667894008
0.11444486199257 0.0648598543270506 0.66771799670284 0.267713239876455
0.0812911365498104 -0.0414043390262281 0.718641600588988 0.296074744227603
-0.0015543185186868 -0.0137832965845144 0.707804120697174 0.184991252320286
0.00380125798103218 0.0590771780789432 0.490502913697683 -0.0153283561321609
0.0728310827825332 0.0599877329017479 0.178165371673341 -0.0933847221292075
0.107880834197685 0.0440790475555211 -0.117986129485992 -0.0567763823946116
0.0924763077292279 0.0539006297020075 -0.327399303749063 0.0151694345984821
0.0331663715244888 0.0468787142925596 -0.492795372970287 0.160901077641722
-0.00741033172636369 0.00658680219390176 -0.565774253736105 0.265237932822653
0.011575755164052 -0.0614695623432692 -0.601574157783705 0.391219984124285
0.110664930688244 -0.0517931190236593 -0.65746372409353 0.333543551046175
0.0581250099480231 0.0640263566731229 -0.579445112053096 0.122457247411686
-0.0372785772135336 0.0356428405380063 -0.270551646224055 -0.0513931748771412
-0.0525610350074646 -0.0100066471231794 0.137528132693726 0.177667593068171
0.0133527967156605 0.0824936896724203 0.566229454009954 0.263918009644148
0.157942551910651 0.0581664368245011 0.699120458078667 0.1985017912768
0.0879530276546706 -0.0653738049127267 0.743939620578176 0.176262709256147
0.000321807279952723 -0.00726746883744631 0.698365840805789 0.103847960125124
0.0265910368751674 0.0744670333970549 0.492704461234689 -0.0321342797658217
0.110399004715872 0.0694556217296422 0.206106470438527 -0.0765835234148254
0.147544909385448 0.0513455922244064 -0.077102643844362 -0.0391977360418673
0.125869144015414 0.0627755712864161 -0.290142669416016 0.0146116254205498
0.0495643156009686 0.059891369437821 -0.488624817598358 0.134026335114571
-0.00633063309503703 0.00351281130076539 -0.609908409111397 0.209829209003406
0.02806410172591 -0.0906047400436015 -0.663910760364759 0.311725093107989
0.15880696456432 -0.0521226182156911 -0.694286079340344 0.258448533276665
0.0656120467681829 0.0954801138948038 -0.603006150719306 0.0844732547226942
-0.0646185663798805 0.0384129087304514 -0.266298278961334 -0.0710438497571819
0.0959102991899953 -0.0196997722593957 0.185871546629868 0.141515345023185
-0.0526315016032615 -0.138493722375586 0.578895849528503 0.0922545124109767
-0.170992661653876 0.000705309135128666 0.69401379729344 -0.0891335051954
-0.0620879883724627 0.095535031366037 0.691310535602791 -0.169202602778877
-0.0140271244488902 -0.00237754776533586 0.643436419042997 -0.153713549309931
-0.0864499802456471 -0.0516816094591466 0.495679288482312 -0.158643939766386
-0.13127183532772 -0.0580008099293141 0.261795329312494 -0.0984870236920646
-0.150816374066599 -0.0488775570157073 0.024421000803469 -0.0382217252988366
-0.14309343666969 -0.0370017097306229 -0.200881038800089 -0.025549639977694
-0.0817723123284634 -0.0623605404779394 -0.460989133974482 -0.00103538305741473
-0.0174644768397911 -0.000616694013473695 -0.659365379427568 -0.0229048925446595
-0.0700586751874481 0.103603862208609 -0.791199610035584 -0.0220642670358763
-0.198942066109922 -0.00598320504887339 -0.756687391146209 -0.0498124155809528
-0.06041959947263 -0.126339644179017 -0.596144234749744 -0.0899194296709734
0.0894490288607802 -0.0192140785308845 -0.237586105878947 -0.081700845224639
0.102337884848659 -0.00312889323248691 0.164632185574078 0.16043986630913
-0.0206503600211944 -0.141873709014051 0.585619732527162 0.155656718875419
-0.15989056670443 -0.0312204651710165 0.698781808488795 0.0229421257227289
-0.0772763821757865 0.0815876748113432 0.727889014953345 -0.0143749310005139
-0.0186088734111694 -0.00524494018280861 0.693326245317866 -0.0455724375176281
-0.08117621760723 -0.0548126927793166 0.503338765524366 -0.120409181401856
-0.123424660780772 -0.0574926705794846 0.224308755491277 -0.103329297221681
-0.144669385110005 -0.0413469908236272 -0.0336750613020119 -0.0546427894307066
-0.141314905035612 -0.0197471221285343 -0.258356930624567 -0.0275402696827969
-0.08787110952411 -0.0444783712847958 -0.481996848180961 0.0423422153919298
-0.0154316631892714 0.00101203592518494 -0.631961971092019 0.0807376490518948
-0.0414410765741672 0.103638378433397 -0.748380674929244 0.141432601716864
-0.171851589381429 0.0291515559773957 -0.749288390152884 0.0885926088902438
-0.0739737611609677 -0.10185721422635 -0.589521419117412 -0.0236483265252763
0.0788475575140185 -0.0272628790484217 -0.245134314167972 -0.0650843588619346
0.0937051051993889 0.0104306773152643 0.140860168137855 0.171234274979869
0.0090150128560058 -0.1217177893072 0.588469786272989 0.220269113909651
-0.117742904258081 -0.0476727901813769 0.687481035210748 0.129180817969137
-0.0724832851480647 0.0518670837592693 0.733272628109752 0.139708028331795
-0.0215991857530739 -0.0101707977101978 0.719006329459583 0.0686840268428796
-0.0690549249361048 -0.0477822082210492 0.504823563582406 -0.0805083928862095
-0.0992258791208363 -0.046997531960659 0.191194612942073 -0.109733417742525
-0.11349703743958 -0.0268154636587321 -0.0861583149437417 -0.0671088151311086
-0.115439242281283 0.000903888031009792 -0.306694591521166 -0.0186618092722903
-0.0783434592622854 -0.020100704440603 -0.498510216586225 0.0897997064878438
-0.0125390847516499 0.00536925196183178 -0.595477429417555 0.174060141927316
-0.0164518837903805 0.0849752393095514 -0.681048355212993 0.279149291791733
-0.120503829777227 0.0432587395192243 -0.715488030242058 0.216312327613757
-0.0670165405497578 -0.0653625176910873 -0.575933918680979 0.0452600143039051
0.0598595339667618 -0.0249892374420514 -0.252914743938563 -0.0477281909585143
0.0722971426736063 0.0128688187624929 0.122034175435279 0.177545204270826
0.0219409443239365 -0.0830330056601239 0.583269382185952 0.276594315887036
-0.0593405986707118 -0.0363658029736786 0.670359114204681 0.214873165701789
-0.0422617352891201 0.0222857064305558 0.715627945050843 0.263776528707372
-0.0182231789050543 -0.015920406738209 0.722716531256646 0.164384727460122
-0.0534738449301086 -0.0285322021515511 0.501020236507631 -0.0459729287868896
-0.0627064623325156 -0.0247181892886424 0.167656676977073 -0.11528358165337
-0.0657835191423902 -0.0085574975384242 -0.125257753301718 -0.0734483111010503
-0.0698592271395923 0.019164188260406 -0.339694841395037 -0.00541479114905734
-0.0549202729849249 0.00240584785504429 -0.505049154181605 0.133220170317289
-0.0100993007360293 0.00947912372379478 -0.559852010421944 0.242878689308549
-0.00202406305289156 0.0539038481108971 -0.61284059210735 0.373195060644909
-0.060549816343962 0.0320676883703684 -0.672153412190445 0.311608850463866
-0.0405937280559857 -0.0285296515167538 -0.564374085105992 0.100076972480749
0.0378479926448932 -0.0122363353409138 -0.259737537147892 -0.0363600695110134
0.0407016409195793 0.00383257704193962 0.111033042792991 0.181322284882687
0.0170929217977124 -0.0390770900095926 0.574043683761991 0.311557857758098
0.000195202338356634 -0.000133326167797296 0.654804604579594 0.270402891917874
0.00339018680843337 2.92655454041705E-05 0.696193575340728 0.337444241540308
-0.0116946673292876 -0.0190909041243952 0.716925658232839 0.220050492017055
-0.0359116126450225 -0.000490983171227292 0.49555185671073 -0.0233847645893498
-0.0179367895358701 0.00547509622757089 0.156263011169013 -0.11625503098102
-0.00666266042179354 0.0104003676777709 -0.145892910289643 -0.0738343313161498
-0.0132440397341296 0.0339455270025558 -0.355307181891905 0.00760674045023992
-0.0241046475208595 0.0202654359072138 -0.502112564478555 0.162513767791573
-0.0076544541039609 0.0113732029433724 -0.538252378632843 0.28209910955603
0.00354397887376663 0.0157543835251472 -0.568710054004537 0.423324315594159
-0.00213137738742661 0.00325741791299202 -0.640396880644583 0.361055027242323
-0.00384327627270454 0.00336942792450626 -0.555883639099082 0.134678146466878
0.0151211463188016 0.00544659271267162 -0.266660774208042 -0.0313520828388833
0.00502829987573317 -0.00860149029488577 0.109826418871077 0.185390079903591
0.0047778923728487 0.00767716594884769 0.569519683046667 0.318909091696167
0.0589273450600785 0.0394753650576999 0.652227276778924 0.287384048476822
0.0493846985479569 -0.0191735136170313 0.699179043330142 0.346882409847536
-0.0047027957516611 -0.0183847370306782 0.712167826942608 0.226247739410482
-0.0165654122133228 0.0316773829300335 0.492580876959236 -0.0154970297136686
0.0282568961400994 0.0360341800330916 0.160344634407888 -0.109082347500077
0.0538087368651449 0.0297129889895957 -0.142686818213707 -0.0680283200940191
0.0447462591684988 0.0447227992953393 -0.351472557381112 0.0161472032936434
0.00710625051829633 0.0347672216197387 -0.497885328189142 0.175054052581946
-0.00713205787204049 0.00949758684142773 -0.541494679961834 0.290929756478897
0.00478558762697619 -0.0242774046900814 -0.564373583187995 0.431158142122363
0.054488874760249 -0.0298526498685769 -0.634888226974718 0.371226000840645
0.0322060015427641 0.0321522952978162 -0.560237667310709 0.145169652205545
-0.0094429978045085 0.0239072154523062 -0.271049305804747 -0.0368180494320896
-0.0283797835084843 -0.0137331544275464 0.121164130046075 0.184765137282917
0.00124188559702511 0.0515685556831558 0.567738573260935 0.300557003886225
0.115027342568677 0.0637392225762785 0.670699277814127 0.261566585007436
0.0810828445620236 -0.0424823274880312 0.722922864921119 0.28770074355112
-0.00140308325970749 -0.0129251604464268 0.710450858028183 0.179456692418202
0.0054077443807023 0.0596805234016118 0.489796614621922 -0.0202231910250789
0.07462809440684 0.0589643108635622 0.177311740973592 -0.0949604833074956
0.108506289823197 0.0423424992334396 -0.118718802367561 -0.0559416365193599
0.0939094308170923 0.0533916570125625 -0.32769837854004 0.0183280835573641
0.0341996714725788 0.0474816323816631 -0.49392680973381 0.164904985253525
-0.00684353460477943 0.00803096351271254 -0.565259933948319 0.269572852098333
0.0113001909855712 -0.0617675490956776 -0.59877411367293 0.398111684021529
0.109634523559764 -0.0523770015523056 -0.654496308513437 0.340366108720897
0.0589455436181126 0.0630703582391861 -0.579581417045625 0.128631482260871
-0.0373236765423114 0.0360710127811105 -0.272604856380126 -0.0505719590198403
-0.0531277753438987 -0.00862195357748202 0.14089707923429 0.178047755599281
0.0141727819273757 0.0820630540933584 0.571311635860775 0.259076554859779
0.159107756486887 0.056266161709212 0.701880052822673 0.19300619862113
0.0880007249516964 -0.0669199749693783 0.744668858138647 0.170837931788378
-0.000371079513748556 -0.00671634703526421 0.700416429292984 0.0970468923052858
0.02791653173422 0.0755099600218222 0.492408114556092 -0.0364099726937508
0.111702408514303 0.0694755379795465 0.206706447356429 -0.0786014655592928
0.148944702179007 0.0505575342580232 -0.0781328444435129 -0.0382170697723136
0.127439202720916 0.0611392775081875 -0.29054641819665 0.0177217968766642
0.0512591019230135 0.0605289500514936 -0.488356743259196 0.139266267065497
-0.00683195473497146 0.00461127700490324 -0.610956512539897 0.215783266114788
0.0265069044338783 -0.090691601071721 -0.662199442771139 0.319705841445952
0.158783293125249 -0.0543655622122481 -0.693597121047216 0.265825868231546
0.0666710779188393 0.0950309621303217 -0.602785998191273 0.0899440041268946
-0.0647074249338327 0.0395299699833684 -0.267726162104663 -0.0678078657758091
0.0959834633241041 -0.0202898688741277 0.18805656057395 0.140918563628872
-0.0536214598231893 -0.138738591674203 0.580164678738966 0.0860680289048319
-0.171284018628681 0.00242000136666679 0.693585278358425 -0.0959660613301249
-0.0606562394303433 0.0970988705866364 0.690413570646538 -0.177060290285295
-0.0142810760324861 -0.00232278029926513 0.642775953290558 -0.158959721427624
-0.0877607570130781 -0.0504535001709123 0.494970304104408 -0.163301027395837
-0.13194037624424 -0.0562996906932126 0.261834373789929 -0.100733185014348
-0.152221057364409 -0.0471766906157138 0.024824579819793 -0.0393996804456302
-0.143275637758364 -0.0353016554047496 -0.201906662971981 -0.0231834356204075
-0.0823244737998848 -0.0615570101021258 -0.460928384231214 0.00402722213792403
-0.0181751586990891 -0.000652674373390067 -0.661104327861338 -0.018234383692828
-0.0680233108792622 0.104278491447138 -0.790043632225259 -0.0167328979789721
-0.199446237811994 -0.00386834950851928 -0.757429030994143 -0.0442968785209567
-0.0616188215370074 -0.125964350283301 -0.596889133124743 -0.0857300854440913
0.090096664539025 -0.0210985320470231 -0.238241526486568 -0.0813064188317164
0.102692095555148 -0.00400079039107625 0.166214836068332 0.159685227174557
-0.0216951772884043 -0.142334758625117 0.590741057494428 0.151456432017149
-0.159585828828339 -0.0302255595161459 0.699682160179864 0.0163122539598351
-0.0761057667170299 0.0820324778750466 0.728659874523227 -0.0198977092813804
-0.0191839948367604 -0.00465574404603129 0.693035387775456 -0.0510267985147608
-0.0824102832610913 -0.0539444764953607 0.501990256610929 -0.126756401120768
-0.125218386668375 -0.0558860999588803 0.223981253760914 -0.104947812422398
-0.145694189888787 -0.0397873990647325 -0.0342516068282723 -0.05431017852274
-0.141593034620154 -0.0185005078112286 -0.258845148517934 -0.024371340426715
-0.0882002820009452 -0.044516976674003 -0.483027633067843 0.0449191064459993
-0.0152393469181477 0.000981171736707596 -0.632678974945305 0.0840506024737266
-0.0398551380286667 0.103179658020737 -0.747091775848156 0.14695469576708
-0.171798184069009 0.0314573502164567 -0.749687119801032 0.0932853090869059
-0.0753395191865083 -0.101538493000959 -0.59040509513565 -0.0194274480070048
0.0783642060086559 -0.0286279701219611 -0.246300018174912 -0.0635254046637512
0.0942454118875533 0.00946958546974937 0.143924555036188 0.171243046329088
0.0076592390579413 -0.122249857586577 0.590907110301212 0.21708431848349
-0.118277289914246 -0.047318859677739 0.690222887460528 0.121371018883011
-0.0719020988829767 0.052832688652208 0.733522242643335 0.134477515651733
-0.0208145693685934 -0.0104348673394436 0.720709827844135 0.0624316062170173
-0.0698944078539371 -0.0470051491463975 0.502096461834595 -0.0854185438569695
-0.10033919495566 -0.0453674128232464 0.190548039643452 -0.111285686489268
-0.114500302816148 -0.0261515948086382 -0.0868143823441848 -0.0663501417512668
-0.115404642043687 0.00254273950562727 -0.307684185190804 -0.0162946407146885
-0.0787782193053923 -0.0198006557762355 -0.499208167162547 0.0940451819478805
-0.0132956493785218 0.00599921434044382 -0.595459713909908 0.177243035050078
-0.0152164225483244 0.0844509254495247 -0.678560429313848 0.28578194917153
-0.120366905791877 0.0447570857399116 -0.714333784656345 0.223513783181218
-0.0679231472668429 -0.0643041051033187 -0.576780573666934 0.0495886592715526
0.0595185313936571 -0.0263567695558145 -0.254142290930393 -0.0467070462543051
0.0726180978611469 0.0128105957038775 0.124068922731416 0.177681967826106
0.0210962477767136 -0.0849010490156059 0.586057076756368 0.272490867475145
-0.0599975125800601 -0.0360920546262678 0.672930524325901 0.210254233425446
-0.0421397126125885 0.0231429860244928 0.71615584548123 0.257443596452098
-0.0185074664131788 -0.0158334101962915 0.726836170355969 0.159480539119571
-0.0533373108546162 -0.0277156826361754 0.501624432919436 -0.0526783660740131
-0.0632767607084311 -0.0237451513996374 0.166063330821575 -0.117124871235161
-0.0659969959317929 -0.00864075060217267 -0.126331469599046 -0.0721219697604441
-0.0693614554458873 0.0197767005135376 -0.341027866412949 -0.00277703593200246
-0.0549471367494905 0.00320075737005994 -0.503286474666268 0.138339405904472
-0.0100522069531192 0.00927066864945974 -0.560608545888309 0.24833738089877
-0.000876576034095898 0.0534549973639399 -0.610550343763328 0.378346639748379
-0.0604691109407587 0.0327507560560533 -0.669191250455637 0.318496041415925
-0.0412070323911696 -0.0279349867996764 -0.56291763573461 0.106230053308898
0.0375062807537812 -0.0124097696521209 -0.261839416522293 -0.0340321917819799
0.0401839769082381 0.0037668674747896 0.11302053129079 0.181804923330425
0.0163857248137564 -0.0396834341505655 0.576795824679442 0.306658277659926
0.000513997356049034 -0.00119932217232291 0.656002145479358 0.263661305482656
0.00297277777796309 -0.000449235356686568 0.698850710012382 0.329020727778574
-0.0118252332438697 -0.0189152872889064 0.720079178333337 0.213666027190374
-0.0357017943950069 0.0014856824014841 0.496564791831907 -0.0283466150261269
-0.0186251956208539 0.00609144956163804 0.1558046666242 -0.117428174733558
-0.0075283680288743 0.0112426839455187 -0.146543018894739 -0.073449501216259
-0.012811874799207 0.0339819258572925 -0.356534889869983 0.0106597845480932
-0.024434011900237 0.0217560315033885 -0.501038313158298 0.168627810870994
-0.00772889855882892 0.0111980776906724 -0.538281719920283 0.285667201532018
0.00337053061737556 0.0160486110095301 -0.565502401423956 0.428979291249817
-0.00243183552670019 0.00369644049637542 -0.63537342117167 0.366812952731183
-0.00461850682867215 0.00333090293020058 -0.555982540546627 0.139704379489516
0.0143460150617455 0.00557364351716652 -0.266783310433163 -0.0299415181289753
0.00526938418913266 -0.00824658509075217 0.111696216309316 0.184633133052813
0.00521349447215816 0.00682790980147921 0.572217551262505 0.316244309496024
0.0598107947180852 0.039035401170379 0.654709118843869 0.281452272534171
0.0488616996320698 -0.0193070391034562 0.701715953585811 0.338874250697871
-0.00537732684938841 -0.0181469616829212 0.714016262111937 0.21860655548929
-0.0157402935126389 0.0333101947119591 0.491623725874965 -0.0190917834955496
0.0288508775388126 0.0356904201562336 0.159070618555131 -0.110064783172963
0.0542137272122435 0.0287711186558293 -0.144282126840798 -0.0674981813409746
0.0457586144282835 0.0433181796888448 -0.352613475207797 0.0195963173525063
0.00782492520210437 0.0350436653647437 -0.497465072991751 0.179480258330414
-0.0069108441251407 0.0106394330247049 -0.539257445726212 0.296124986222469
0.0056298880022097 -0.0244857410098077 -0.559960411564715 0.436334212413605
0.0544579614323976 -0.0300198305471701 -0.632319501881765 0.377354092748081
0.0327078023131338 0.0325508503823582 -0.560085290305613 0.149904584926241
-0.0104034903865905 0.0237488702059501 -0.272263834492671 -0.0346967045433947
-0.0280805863673998 -0.0132420293570884 0.122969488164881 0.185378785522252
0.00263447118404202 0.051188035321907 0.57138405622001 0.295935037194463
0.116266243432334 0.0621004640555644 0.67416526767289 0.256510642536339
0.0807164317970295 -0.0431046938087072 0.725151271482405 0.281999165189274
-0.00198531664508169 -0.0129240207805884 0.712997051745549 0.174507229447423
0.00617324372362957 0.0605873744008707 0.490608096666366 -0.0253601364028907
0.0751950437205992 0.0596200735500466 0.175827830091158 -0.0963649259463886
0.109127015612144 0.0411446427271907 -0.120781168571363 -0.0546064516831127
0.0953230556516456 0.0518920906248394 -0.328623507614068 0.0216129928593261
0.0350180262065327 0.0485435640205678 -0.492480692868293 0.16858610879671
-0.00672098720097312 0.00811780876277087 -0.565211712687553 0.274650404907689
0.0108884565896514 -0.061728580647256 -0.593675768697559 0.402561303484841
0.108896812589782 -0.0535521458354877 -0.652229018757686 0.343952591550822
0.0594018492324382 0.0629295590322522 -0.57803005716558 0.13296533145733
-0.0371181932378145 0.0369846074098972 -0.273699272343642 -0.0480890577375376
-0.0529086003437478 -0.00800120265942499 0.142405663912889 0.177739673268926
0.0157030389460359 0.0818597082532023 0.574414252470145 0.254757739525134
0.159388465909648 0.0541625645662815 0.703604827107079 0.185573126076759
0.0872630406765184 -0.0678602475656805 0.745365740608488 0.16615360171654
-0.000394475017561477 -0.0060844002672034 0.701812344524819 0.0907037838227151
0.0294447710329165 0.0753423681441718 0.491854204684105 -0.0415797260077513
0.113169439881758 0.0685170079684102 0.205582782995667 -0.0807432043306956
0.149627220859665 0.0483885615121198 -0.077773021271936 -0.0383173517199248
0.129276966777507 0.0601874918166498 -0.291199595080625 0.0195155674976777
0.0519068591254071 0.0613240099486087 -0.486879079973513 0.143087178199012
-0.00636098155797128 0.00482445866605097 -0.608481602136796 0.221574384835139
0.0251605642725313 -0.0908048612473208 -0.659570185775583 0.323790828460736
0.157842435840996 -0.0560606269376226 -0.691439256963393 0.272389730731629
0.0680688455985057 0.0947657349472565 -0.603194017719777 0.0939623018145852
-0.0646557424079359 0.0404692098370436 -0.270829948028819 -0.0660983508169266
0.0961785350536768 -0.0209355522033653 0.189101521783117 0.140671274778596
-0.0561123110979149 -0.138668828925574 0.582365534204465 0.0837373095074344
-0.171322124575171 0.00432031521366431 0.693753643805167 -0.101282791638974
-0.0599977422043053 0.0975478305769071 0.688270105078253 -0.182914254468887
-0.0149859150006994 -0.0026586322610932 0.641677829895003 -0.163173813913623
-0.0878752515992851 -0.0495698216026463 0.495913003319312 -0.166750681028468
-0.133756344228494 -0.0555070513057436 0.26157937505912 -0.103186275946638
-0.154141762176919 -0.0456433438835695 0.0243258951002387 -0.0390404272336301
-0.143692037438738 -0.0341969839295598 -0.203053879789507 -0.0218397162691619
-0.0839316661818232 -0.0609081806903383 -0.460468711833024 0.00806056848005084
-0.018392638180955 -0.00079219531844758 -0.662308398124755 -0.0134146328838111
-0.0672008206573321 0.104375212737746 -0.79215123404158 -0.0103512670127362
-0.199419542312958 -0.00155216993464133 -0.758047665008572 -0.0375170092140367
-0.0627793521454292 -0.125393585940261 -0.596445353329723 -0.0823255581872135
0.0889795872196762 -0.0213714004014555 -0.239605794425631 -0.0793155519225369
0.103895055233832 -0.00512520763808269 0.168099034611862 0.158387978476784
-0.0237457489802951 -0.143489899656208 0.590718707951813 0.144792275618103
-0.160220437405412 -0.0282914694528683 0.699661559481639 0.0103771107425839
-0.075230923309741 0.0826418970618247 0.726370557995587 -0.0278206007609947
-0.0190929184190246 -0.0051086483265575 0.69222918322717 -0.0567378579606312
-0.083290120077276 -0.0524259810650395 0.500126162910841 -0.13058134422104
-0.125871354785338 -0.0545221265191171 0.221733901976896 -0.10613736353224
-0.147531136168821 -0.0384691125325107 -0.0344900945055481 -0.0548651952779051
-0.141875548795707 -0.0173617705376157 -0.258610469979079 -0.0225160015289571
-0.0897640238195013 -0.0421640468525184 -0.482405372119436 0.0485080320541492
-0.0162703743328311 0.000655690943042086 -0.633406560797267 0.0902785147052889
-0.0381997901895852 0.103850087123693 -0.745972497598008 0.154236680491237
-0.172400309641233 0.0333011110491651 -0.748689760210651 0.10114825682173
-0.075967099117753 -0.10029113861016 -0.590319156681127 -0.0147582412983291
0.0785363610663927 -0.0292186509105681 -0.246892290809768 -0.0625564729927676
0.0950317673137099 0.00902274094659011 0.144857301107296 0.172117653169112
0.00724911658233141 -0.123817318851819 0.593923732490676 0.210893032122853
-0.118461674058096 -0.0461881251155089 0.691023802438591 0.117009313092939
-0.0715214990388597 0.0536656343782174 0.735493864418632 0.127729899116219
-0.0219708861116469 -0.0104185020732251 0.72045748200538 0.0556458489221522
-0.0709905230725686 -0.04516793940977 0.50187093440722 -0.0920610046684948
-0.101051439797434 -0.0438968546798423 0.188467492055723 -0.112972385055835
-0.115512290218522 -0.025632058937528 -0.0879895123194246 -0.0652589519581859
-0.115739244619614 0.00327586102324996 -0.308350859207875 -0.0133167243689001
-0.0801069035980093 -0.0186861731256522 -0.497418611584249 0.0971467615500733
-0.0130027840488922 0.00580658536292086 -0.594110451601198 0.182804012963378
-0.0140852339556649 0.0845841966506666 -0.675428529945228 0.291196991627718
-0.120022135432044 0.0463457096541338 -0.713096009431815 0.228645938149961
-0.0687453278290332 -0.062575280626553 -0.577152013049886 0.054524907144484
0.0595337879350224 -0.0264320547517906 -0.255496516991306 -0.044671152466081
0.0727385135685968 0.0108530327213986 0.125826214032727 0.178948745223036
0.0212686060598765 -0.0856630493843044 0.58927725704462 0.266411480910324
-0.0601799494721085 -0.035392169656846 0.673443085290852 0.205757822374276
-0.0413972839292602 0.0233273288971509 0.719931598933551 0.252643261723088
-0.018449301966378 -0.0156133567103849 0.725915089576947 0.153123416379788
-0.0540716499914819 -0.0265933460123098 0.500873435112953 -0.057227986359705
-0.0633951098019261 -0.0229859109411241 0.165092958750947 -0.118169338153452
-0.0669519517750358 -0.00768362827690835 -0.128028263401403 -0.0716490657756479
-0.0678816700042084 0.0210141511618648 -0.341919068790201 0.00128753489231664
-0.05537946437558 0.00379542311796851 -0.50402336473578 0.142078979831958
-0.0102442539994139 0.00996938855059796 -0.558012488249145 0.251074484060931
-0.000188489922615392 0.053783658215257 -0.60680111497672 0.383673117105434
-0.0601800297919646 0.0335560959433144 -0.665644812822472 0.321054755468717
-0.0417847782893845 -0.0276577643075912 -0.562703190309575 0.109994080446205
0.0374632187224058 -0.0133805948998672 -0.262229023339411 -0.0331953583357281
0.0413256327698876 0.00381158443486473 0.114443124932557 0.182166482022258
0.0165267211425955 -0.0402996746258709 0.580515083564752 0.301503813621705
0.00073188592893525 -0.00121028136143304 0.658495188383001 0.258438573545745
0.00407265631238445 -0.000472288760255283 0.70013472038486 0.323144839420964
-0.0120415108554994 -0.0187897314833485 0.722349900026238 0.207390141661072
-0.0350460031055514 0.00129482083969373 0.496123224558006 -0.0323261110198331
-0.0182971803061914 0.00667956093105066 0.154304991541178 -0.118873179142734
-0.00738069091824896 0.0100918908162148 -0.147859329782803 -0.072106083219374
-0.0113183032343414 0.0337191325196825 -0.356385868672844 0.0135318291221586
-0.0237305110298916 0.0222340393299196 -0.500268481409011 0.171249317736839
-0.00812203459813082 0.0115351917166356 -0.536808876424848 0.289766127326984
0.00465520746526019 0.0150580207443654 -0.56369817304378 0.430190803773207
-0.00226390505344287 0.00335628718072028 -0.635267655954462 0.371470047431876
-0.00444841302612481 0.00356512137479137 -0.554648718693989 0.144233287896916
0.0140996798295989 0.00512461245736981 -0.26891367675458 -0.0279701117032671
0.00490222769995131 -0.00837216548012911 0.113548585191193 0.185514954975343
0.0046147120657877 0.00660953825297562 0.575907156854037 0.309246206692568
0.0599960232878836 0.0381702255976657 0.657157839641914 0.277556121184295
0.0493604621435393 -0.020813635799272 0.704568903113418 0.334195211887167
-0.00615315629280428 -0.0177537772149079 0.716477373881154 0.213743469236807
-0.0149594567186864 0.0330373002882004 0.492010769832379 -0.0228943789828816
0.0295713227940418 0.0365858001918453 0.156450381602426 -0.111908311907239
0.0537239852930383 0.0280417904019473 -0.145620860748693 -0.0661340555379421
0.0462184009938764 0.0434667692396264 -0.351378182063469 0.0216774916799459
0.00869761771552224 0.035851420408464 -0.496086259715003 0.183997179546893
-0.00763082461024108 0.0106195807746186 -0.538009913634675 0.299381010330438
0.00492572585016775 -0.0235283736610878 -0.556649351906072 0.439054534207907
0.0539709894077955 -0.0305535292966692 -0.627509849611888 0.381694074278827
0.0322444204814175 0.0326039728981023 -0.559073500295831 0.153414980635737
-0.0097566909240829 0.0235470411605373 -0.273162789675372 -0.0327910631281737
-0.0288089443979405 -0.0132883329731753 0.123658453033281 0.1852991866397
0.00211985719134766 0.0506593055807663 0.573076181498307 0.289724091013316
0.117022604025012 0.060210914793139 0.676284919362597 0.249793765484921
0.0803914867359472 -0.0440622955543092 0.727662112978768 0.277982563537678
-0.00202443995786497 -0.0120488027289385 0.714580901817991 0.169351300938305
0.00729559727470762 0.0614685383687232 0.489896542871479 -0.0286950055935067
0.0759541663399661 0.0591893945398336 0.174869824731174 -0.0980346260158576
0.109320167552086 0.0400499010283814 -0.121854968395813 -0.0537392579583633
0.0962999031547252 0.0513597561527073 -0.327949456314072 0.023813267573483
0.0364795153951229 0.0481367623139683 -0.491362541428499 0.173831008524751
-0.00704767645577281 0.00865605379972414 -0.564936212825045 0.279277398299215
0.00946574170199714 -0.0609249483157157 -0.591270146242715 0.408016249865265
0.108851818661094 -0.0550049919822937 -0.648515567270144 0.348450865881569
0.0601487331645903 0.0618920405870048 -0.578144598196413 0.137085132976886
-0.0367466173340044 0.0373574039273619 -0.274720236006925 -0.0462015059489178
-0.052646436130441 -0.0074120029469891 0.143875744919441 0.178016588905469
0.0151538069941903 0.0811257440847329 0.577408135301852 0.248790385058929
0.16011782498719 0.0527541067000191 0.703969225232982 0.179133985427112
0.0859054577382097 -0.069022889691621 0.748641080058995 0.160802005118557
-0.000871926562665343 -0.00541222657677936 0.702075679394781 0.0865324558518614
0.0308969265252893 0.0761395393157363 0.492121278319354 -0.0457624667285297
0.113949920688368 0.0680499041070443 0.20539748941084 -0.0824849155394237
0.149319038013841 0.0462590728073493 -0.0791366787578457 -0.0375093658190265
0.130312884324965 0.0581292311707032 -0.291539056831303 0.021125800435704
0.0536093843552559 0.0612699714364638 -0.484547616551479 0.144899871800768
-0.00590749938096282 0.00569994976700564 -0.6078433111528 0.225295308234637
0.0251156358922916 -0.0907750384922468 -0.656898295219566 0.33001830360754
0.157446481016966 -0.0575191926256559 -0.688506909814159 0.277071750396274
0.0696547435457611 0.0948095232687915 -0.600303956405973 0.0995546567712312
-0.0644149935773712 0.041102511250558 -0.271820174959789 -0.0653166848594531
0.0964238361937259 -0.021814552845625 0.191339189306653 0.140428133864989
-0.0574156921873731 -0.13919832686992 0.583539946279631 0.0792178827163845
-0.171228440704399 0.00578926289655145 0.692820886894751 -0.107677996372209
-0.0588848935110535 0.0986674396154614 0.685502918709734 -0.187930063022934
-0.0145287082736486 -0.00349191021296145 0.640353514332078 -0.168332279856582
-0.089128756075101 -0.0490147067401123 0.49288453751421 -0.171377051490796
-0.134254345824383 -0.0540609397861534 0.260656564280925 -0.104323062843823
-0.155078403547652 -0.0446378316866925 0.0240132925849589 -0.0406470591354243
-0.143712727163562 -0.0331896761084798 -0.203180004612133 -0.0209323385523925
-0.084588565920128 -0.0598650160724926 -0.461093751485701 0.0110972020409851
-0.0186214561409288 -0.00180516940402671 -0.662234174377521 -0.0105151085890673
-0.0655207276761012 0.104674996448924 -0.791434020446375 -0.00409429589834505
-0.199141001344188 0.000420128761705881 -0.759005255898282 -0.0326553336635742
-0.0641983842085365 -0.124257653592848 -0.597952455279524 -0.0782274350722247
0.0881759063083175 -0.0228363293466571 -0.241661531358204 -0.0797466273693764
0.103487900905088 -0.00599886805433824 0.169555463790955 0.15861019884503
-0.0243578936826889 -0.143502767491599 0.592461991069079 0.142475500253629
-0.16065384085407 -0.0267354509540935 0.699777383104414 0.00635600138991341
-0.0739989484736383 0.0836198523701047 0.726754153935038 -0.0318170833249496
-0.0196470746415488 -0.00517018225795848 0.691332074985338 -0.0627708668438102
-0.0837228109616295 -0.0517278434071543 0.499112045818224 -0.133061635709105
-0.127094342210535 -0.0538793057482744 0.221712699597917 -0.108532556312429
-0.147084142124207 -0.0373823555208012 -0.0354745859213225 -0.0540693475958995
-0.141678106945447 -0.0155097463133216 -0.258704818692549 -0.0218266699825687
-0.0910352994697849 -0.0416802835336186 -0.481798572309187 0.052407203812722
-0.0168055839116246 0.000153357378743973 -0.632585590229202 0.0939374282764537
-0.0373079652594733 0.102432628008853 -0.742973091801916 0.15848845203896
-0.171612349670721 0.0357838305447194 -0.747055196342197 0.106005077628664
-0.0768928575148429 -0.0993033358365323 -0.590439634009699 -0.0114850034394541
0.0780234669413953 -0.03032497468616 -0.247905675721469 -0.0613432871360859
0.0958744998342562 0.00764561067037742 0.146675600705968 0.171690137930548
0.00603639877490493 -0.124610644210451 0.595594772227698 0.207854617065483
-0.119229741263846 -0.0451012705754072 0.691852511764408 0.111420020205598
-0.0698761621413007 0.053968873007446 0.735426958253511 0.12144552115606
-0.0217404397909192 -0.0101943738930593 0.72074439428625 0.0511393628708997
-0.0709917987033437 -0.0444442144979917 0.502074166291996 -0.0951478163597819
-0.101826635183108 -0.0431746364954031 0.187000748773661 -0.114924606775738
-0.116121953960978 -0.0244901334419328 -0.088554320959212 -0.0649833732154108
-0.115066140590932 0.00464875206508106 -0.308934918300399 -0.0121029605172563
-0.0807770000391963 -0.0175297027584414 -0.496839162725589 0.10158959148222
-0.0135919718974204 0.00555804453927383 -0.593412435844893 0.184726457038836
-0.0136063528932764 0.0840848357102076 -0.67451242402381 0.294051109027505
-0.119727812593228 0.0474383667507698 -0.709074000082183 0.233342473820206
-0.069418163642559 -0.0626475005498641 -0.575548002950222 0.0570844147888149
0.0588898328491892 -0.0270362900945364 -0.256890689298068 -0.0442020636146583
0.0729792155965395 0.0106523111357886 0.12709011368392 0.178469330794477
0.0204572972555016 -0.0875867979958949 0.589954983980677 0.263467759224773
-0.0604997630333356 -0.0351416987500014 0.675631105697048 0.197877059518917
-0.0405701367455677 0.0240594727782318 0.720194405404483 0.247494013200558
-0.0186510663337071 -0.0160788312714932 0.727688936341441 0.146662982123859
-0.0544451157738396 -0.0256489630463316 0.498965635905435 -0.0606583580851411
-0.0636580066659746 -0.0226291202760615 0.164133580769046 -0.119373626642476
-0.0671052096100175 -0.00709777606746858 -0.128620392310255 -0.0707468869133525
-0.0680016924278296 0.0215013164091 -0.341532553010841 0.00391466778326651
-0.0548520932743027 0.00541829802486873 -0.503253647541343 0.145025243005639
-0.0104061432437597 0.00937948071695144 -0.557797706321918 0.254818708460344
0.000803781105266466 0.0533670356122907 -0.603286375890185 0.386395092294604
-0.0603052164502035 0.0344261540139297 -0.661844829142696 0.326425147816208
-0.0417458579247914 -0.0265525373450848 -0.560762990266505 0.112566245211022
0.0364500942661882 -0.0138526047365827 -0.263502003332495 -0.0315619168634013
0.0409460834462393 0.0032826646862775 0.116044319388544 0.183462256388148
0.0153635188401834 -0.0418949943165427 0.582707895450359 0.297297339946304
0.000452504520029806 -0.00113254699387484 0.659590810432849 0.253552652269693
0.00353076664036932 -0.00052059613669446 0.704462045641946 0.320465300636267
-0.0125766100253351 -0.0186177630742442 0.723410290469995 0.204086285533464
-0.0347275674692344 0.0022373833527926 0.493835278509951 -0.0365465254528164
-0.0177412322133315 0.00610438203351015 0.153454671042162 -0.119888801192182
-0.00702769307610638 0.0104520943363513 -0.149105896351489 -0.0710757712774675
-0.0105465268702284 0.0344471148995516 -0.357892874787376 0.0156766374589281
-0.0236128584001014 0.0227321958184535 -0.498149896955151 0.177184320584329
-0.00786321933686424 0.011334896149616 -0.535432145070954 0.293965384686181
0.00477658000974236 0.0153748847452305 -0.559224375943778 0.436363651922349
-0.00192384546669087 0.00382371370766565 -0.630188698808324 0.376343264746052
-0.00405202042515415 0.00346227093570933 -0.553463918842592 0.145656797519305
0.0146538246256961 0.00523385714213103 -0.269847294278222 -0.0262345945292503
0.00566440752069334 -0.00769684822773542 0.115489419266148 0.18639294033012
0.00479873461852441 0.00541112147813532 0.578918623962242 0.305722705404844
0.0606866323275655 0.0369581431647316 0.659287897541427 0.270813442453399
0.0489536835868312 -0.0209593096494978 0.705509414208615 0.329445964908383
-0.00668030384456585 -0.0174866564561374 0.71686343750476 0.210069314281071
-0.0142482975629668 0.0343459223163832 0.490139311148922 -0.0282353260575648
0.0309305820553312 0.0365978796219439 0.156192911473501 -0.112096389529102
0.054016302287362 0.027030572151394 -0.14716271213407 -0.0646014462710328
0.0476735770211765 0.0430978136779418 -0.352352543644548 0.0240757171169789
0.00972450467857973 0.0359256778815825 -0.495403168124454 0.186284792287786
-0.00722649100731214 0.0107687617383638 -0.536953585858167 0.303264225824761
0.00433696020677301 -0.0245377321167556 -0.550860891600379 0.443207437167763
0.0536404506828807 -0.030811867357383 -0.624257006504662 0.385804277126044
0.0327197411831583 0.0319779443251322 -0.558018525588513 0.156645720322264
-0.0101582801315202 0.0248877852210878 -0.273915983108421 -0.0322397980997037
-0.0289323680509094 -0.0128429277634236 0.126329086823312 0.186047433717217
0.00233703946955657 0.0499206305440832 0.576766500040872 0.285765880324272
0.117756239003907 0.0584229159405024 0.675188566508791 0.244047927230918
0.0794506425013705 -0.0454373946687 0.729587061380013 0.271066498606909
-0.00270441161560076 -0.0119731739582321 0.714948512480248 0.163168482492738
0.00827906022101572 0.0618957478867376 0.48956625646033 -0.0327996761089143
0.0771532174002906 0.0590035180328078 0.174246513577592 -0.0986767610446466
0.109768975081824 0.0393584128253652 -0.122307765542996 -0.0530554670036007
0.0979071028013265 0.0503206906497564 -0.328700103069552 0.0265282659601338
0.0368253108649636 0.048595483150058 -0.49000562657284 0.175788491353635
-0.0067187972145606 0.00913427974503489 -0.562948320559758 0.281531555425413
0.00910127104346368 -0.0617503807764078 -0.589515039918608 0.409109388315492
0.10725050889104 -0.0556508381076166 -0.645834965819644 0.353363904656275
0.0614360952310149 0.0622239028427786 -0.576041459377193 0.141359701367473
-0.0365961009669601 0.0379169517222099 -0.276054580532212 -0.0454886827562817
-0.0530651239560795 -0.00626615157381265 0.145771955180948 0.178207726516804
0.0159642005444995 0.0807135815327281 0.580701001641461 0.244067827426399
0.160975519321068 0.0497247456901239 0.70589886026968 0.174554515885181
0.0849574271746818 -0.0696059640859956 0.746600571843138 0.15476978287026
-0.00124207831199357 -0.00509738390072759 0.701684129403009 0.080624008048135
0.0323128272465727 0.0772768617609631 0.490769102539662 -0.050248649789449
0.115362089539705 0.0675402140852851 0.204323917321274 -0.0834160125899903
0.150383990652214 0.0452211310242153 -0.0796725110541124 -0.0370570388342936
0.13177702426274 0.0571757211816459 -0.291467997552499 0.0246802892202882
0.054780018034871 0.0612247550631348 -0.484583952990984 0.149957654634892
-0.00639763460002956 0.0065530830441135 -0.606426334568641 0.229590046347693
0.0235459949011814 -0.0912128500219399 -0.653120840954746 0.33204944011227
0.156649576234668 -0.0595529401942532 -0.688017224591374 0.281552006100902
0.0700271037839105 0.0938348452778644 -0.600948408951693 0.103375464388636
-0.0641482249186583 0.0426380002744895 -0.272032183840984 -0.0628436611038261
0.0966527095595252 -0.0229224340801217 0.192874661406464 0.140056246211124
-0.0588028202504165 -0.139152231966011 0.585465147914332 0.0760214329505013
-0.171008374823419 0.00694842822823414 0.692644132986224 -0.110519645440594
-0.0568017901702284 0.0983850808846078 0.684283521696428 -0.194063304790135
-0.0152617961954223 -0.00379390326032163 0.637699895215515 -0.17162016602013
-0.0898731056678793 -0.0477783042441903 0.492497407320308 -0.174777063612873
-0.135152828996196 -0.0524298119579019 0.260325615423176 -0.105683729617637
-0.156252016397733 -0.0432757969499758 0.0237588734159912 -0.0413747570633703
-0.143381367121671 -0.031389927877656 -0.202686497145888 -0.0199052179320477
-0.0855443728276482 -0.0594236727493012 -0.460406569182667 0.0128534456064462
-0.0192676917024014 -0.00177136051772796 -0.662161262525279 -0.00383860714641666
-0.0647744737729841 0.104941384452156 -0.791306112107391 0.000269842506844752
-0.199298014789478 0.00283762383338074 -0.757444411298232 -0.0273961598756711
-0.0657584630238137 -0.124355744725372 -0.598027712921573 -0.0758201871134917
0.0879773036722954 -0.0233199360264601 -0.240839258422022 -0.0791584521260109
0.10377325656046 -0.00769327582233153 0.170619568115119 0.159158563361566
-0.0253633327852334 -0.145578482917424 0.594992728200158 0.13686601563329
-0.161029901140447 -0.0259307698590725 0.699499015204228 0.00062816058872103
-0.0722947561677887 0.0839527032638546 0.726507825390062 -0.0363109636501086
-0.0193812439382181 -0.00567390381708782 0.691034841398009 -0.0656759744230667
-0.0839921787607784 -0.0508859611324992 0.498406597796694 -0.137065187390899
-0.127893471964775 -0.0516800064067442 0.220419164034437 -0.10951137151295
-0.148675880593219 -0.0361806265940501 -0.0357352843570189 -0.054207811645685
-0.1414203827793 -0.0146041781078634 -0.26026569509597 -0.0191428682953716
-0.0910656033464616 -0.0417145582333504 -0.482604016369429 0.0560602947840559
-0.0163377109407736 0.000201957869403562 -0.632236770906897 0.0966417278691598
-0.0361824126559386 0.103468610323754 -0.743920909616848 0.162746380390695
-0.171116797916595 0.0373435748852944 -0.746055246092257 0.111088148414753
-0.078305427594846 -0.0988930990958124 -0.589871185557139 -0.00715103904422248
0.0772796544287545 -0.0313279679593951 -0.249307852248102 -0.060561323768221
0.0956597191117578 0.00645964825691223 0.147974210941297 0.173141207568817
0.00522568932515737 -0.124824049613052 0.596523771423159 0.202726914418178
-0.118480241171935 -0.0446442613814342 0.691163663061931 0.105280304869511
-0.0691408068203504 0.0549463520615366 0.735548707702861 0.117889978304796
-0.0219675893467229 -0.010304555567737 0.720977445554845 0.0461525438575163
-0.0717247747657104 -0.0434991499470868 0.499914572015321 -0.0983745430383221
-0.10247486827668 -0.0415694052398984 0.186115924297798 -0.115419243259721
-0.117799030318538 -0.0231750771660999 -0.0897878266720948 -0.0649002853596989
-0.114326925304796 0.00578258306555727 -0.309335342964182 -0.00928093278820612
-0.0806212334503641 -0.0165239034875266 -0.497191573604719 0.103308441824367
-0.014344886654569 0.00486715442063937 -0.593940867112258 0.188414207776388
-0.0120182583957057 0.0839776430003372 -0.669717170204075 0.298269605188927
-0.118636536124199 0.0494667440139915 -0.707378481471475 0.237372718248359
-0.0699968669258975 -0.061569096744351 -0.574855033341292 0.0614343468134093
0.0576270182287948 -0.0278946301078272 -0.257364187088779 -0.0432770927341425
0.0734137704105199 0.0103805463153866 0.129068321513362 0.179534941106944
0.0189839568010398 -0.0883156150135967 0.593418395355997 0.259481358897764
-0.0609114873480716 -0.0350967491621802 0.675180424764269 0.193986038141012
-0.0408334933596605 0.0237269249236808 0.720493712812271 0.244178641600117
-0.0193453893674129 -0.0154658429118338 0.728742198545687 0.143266155551136
-0.0534749020456088 -0.0253836647968781 0.500063469002485 -0.0637772738302988
-0.063241148306218 -0.0206043054209016 0.162652637905451 -0.120515161127843
-0.0676927758584126 -0.00697718379853612 -0.130029865181066 -0.0703516241609601
-0.0666676958058202 0.0218802055738565 -0.342689356121594 0.00551341026252571
-0.0558888076058847 0.00615922953846335 -0.502419765533949 0.148745871024018
-0.0104351910840285 0.00930345823667374 -0.55625432283351 0.257993046210646
0.000521643534334499 0.0529168527235181 -0.599033673267608 0.390547202653215
-0.0600320360291892 0.0355932676310684 -0.660647915925953 0.330027066375807
-0.0422411890152867 -0.025543745541035 -0.559306037527751 0.116701418299295
0.037058107651574 -0.0143907261569047 -0.264617547763101 -0.0302386890653383
0.041248445125141 0.00277502650246131 0.116843705494982 0.182865670666632
0.0154467157453825 -0.0427735446383704 0.586755196492586 0.293537349752824
0.00143909298672485 -0.00145538685450638 0.661131643288079 0.248279129428034
0.00449656159304842 -0.000207019743006917 0.704709471962582 0.315742735070709
-0.0134149261988352 -0.0180746365154771 0.723071965834409 0.199250593909568
-0.0341991578961375 0.0032970187917895 0.492816521273489 -0.0403351196745317
-0.0175149273361781 0.00665188866448986 0.151589877623683 -0.12143792290297
-0.00784516007719389 0.0106820912450113 -0.150269931715143 -0.0701256903045934
-0.00925597015008813 0.0346070542589513 -0.357229222561196 0.0188106719782999
-0.023762527850223 0.0230871629258019 -0.498993078381539 0.178144641121176
-0.00770917266035707 0.0118131927033829 -0.533631525511401 0.295846487443995
0.00461812968463552 0.0150640498850955 -0.553662139045645 0.438005678406264
-0.00165748437986803 0.00408372210053864 -0.626535274291704 0.381314763531899
-0.00397502777282127 0.00413856008617782 -0.55126188974151 0.149578866791559
0.0144222817011877 0.00493203965056354 -0.270624732540222 -0.0242541692167743
0.00538425213406394 -0.00827726427309848 0.117398770863398 0.186715822983082
0.00403921729215288 0.00518471079437185 0.580581819695772 0.301053026594903
0.0613083818602466 0.037084623275543 0.65854213169248 0.265750264785837
0.0490495851620799 -0.0218906811026529 0.707223023574742 0.325168618846481
-0.00678711116081393 -0.0175703462193148 0.718618275424891 0.203506439378568
-0.0135524650036624 0.0347255463303592 0.490036304295912 -0.0315412144277675
0.0311885618965686 0.0360883421535775 0.154835061023197 -0.113599888917615
0.0538024329237538 0.0267009556472154 -0.147684878965744 -0.0644030479527227
0.0484090223600818 0.0427337194381868 -0.352513911310511 0.0268461126820081
0.0100366310602077 0.0368939405509693 -0.493580178635158 0.189684607300579
-0.00679511016395255 0.0120105730702819 -0.534683490737989 0.306807649643255
0.00449296696954332 -0.0242247220805411 -0.547394791438249 0.445400697661402
0.052955773880902 -0.0305030248089956 -0.620780402471477 0.388663755749914
0.0336676311829533 0.032086807210714 -0.556733443009273 0.160592843113244
-0.00925058260700053 0.0243676147634715 -0.275007216686874 -0.0293972836654185
-0.0282075357088564 -0.0118242420772748 0.127801231585461 0.18619158671585
0.00283348683224909 0.0499162387517842 0.579417822524328 0.280454379543841
0.118267554004181 0.0580587521732716 0.677208774901477 0.23873676729813
0.0795802447656951 -0.0460968767662363 0.728971062709989 0.268146381776917
-0.00364438075489021 -0.0120164771010947 0.715735066465887 0.160048609148764
0.00936953409039892 0.0625155720310932 0.486724264982263 -0.0359991560281486
0.0784668852648935 0.0580010673883381 0.173068358441944 -0.100224134686318
0.109748993672723 0.0376649043036768 -0.123244241346203 -0.052079027741042
0.0988072162728618 0.0490353418170546 -0.330129066934614 0.0276217322328701
0.0377033965033349 0.0489465347096616 -0.487877831748654 0.179089769866075
-0.00714149248513219 0.00953529064062475 -0.562230415117795 0.284956243197802
0.00872761022632676 -0.0625454518584956 -0.585587483015198 0.413095030160701
0.107254521021407 -0.0568178019071852 -0.643896153613916 0.357499623254937
0.0617128191069184 0.061877619225477 -0.575939667660047 0.144866044147096
-0.0355088986916652 0.0391107990444013 -0.2769040373782 -0.0428145682625444
-0.0527849998215381 -0.00547704023827845 0.148462180813783 0.177792572404775
0.0162519797266058 0.0802845364114404 0.582473488771977 0.241189793178415
0.161596896969951 0.0483312073370382 0.705837837258534 0.170145327611291
0.0848181990859105 -0.0698858641866624 0.747175567345453 0.151165714979028
-0.00110593914754734 -0.00428600610864196 0.703295807994237 0.0772956264836603
0.03343004850188 0.0772918085280525 0.490619168183399 -0.0528525437516344
0.116597308692037 0.0659767886236883 0.203635817520386 -0.0858923979740924
0.150674927092877 0.0431223852612424 -0.0794965799923407 -0.0357863511571938
0.133001980786064 0.055749662380311 -0.291834799280075 0.0252871879677024
0.0560733752196305 0.0614364985146979 -0.483498144116511 0.152415653780375
-0.00590384492241209 0.00673787935074477 -0.605722131123453 0.233063929065373
0.0231700233691078 -0.0918604024790281 -0.651428843779695 0.336861804441818
0.156685605944549 -0.0602989416009853 -0.684014540923748 0.283402212978888
0.0714184891623012 0.0934160071336539 -0.599472091147106 0.105379890941128
-0.0638391959075541 0.043186492580063 -0.273379038394979 -0.0617121840975131
0.0966247705632171 -0.0241138378347536 0.194045472394298 0.139863474174153
-0.0591646685135993 -0.139761998141785 0.586470464815732 0.0727642346206908
-0.170316758447583 0.00849294636280562 0.691744019275321 -0.115801989859228
-0.0558036520423737 0.0986593190948541 0.680798860787141 -0.196496563641232
-0.0152239681092003 -0.00348896925490998 0.639134519138313 -0.174086110699262
-0.0901697520746031 -0.0465292933528239 0.491309462353387 -0.177893672299024
-0.136668371235086 -0.051184388260728 0.25911274972869 -0.10746513599236
-0.157427282597554 -0.0416696666529568 0.0231140394915204 -0.0414475538055562
-0.144697238354505 -0.0305413161367327 -0.20370771499912 -0.0176500300200948
-0.0867131787454995 -0.0585543908869957 -0.46051503576277 0.0156880712383856
-0.0196311113350453 -0.00308356709857744 -0.663234467303013 0.000443979218846732
-0.063428806225661 0.10474100190445 -0.789024589067663 0.00534333984145419
-0.199845165308039 0.00528563409551496 -0.755632863354569 -0.024384913173629
-0.0665484436717955 -0.12398458254864 -0.598148554468853 -0.0720267113482975
0.0875104170703921 -0.0245548494065719 -0.241769936895665 -0.0778483526062376
0.103852852582554 -0.00855453626063556 0.172502224484811 0.159007304570105
-0.0272896997414856 -0.145110168749351 0.595697243568563 0.133794434535128
-0.160584902537035 -0.0242613741031184 0.70173370575204 -0.00429677364218148
-0.0712413040251538 0.0842662996362552 0.725038955534897 -0.0416643228197437
-0.0198405722464677 -0.00575102124382246 0.691487057957769 -0.0693738177399404
-0.0847342101173864 -0.0499290204934925 0.496778046341078 -0.140602936558798
-0.128006642538478 -0.0510614881350753 0.220910321459324 -0.110428832719395
-0.149415261854968 -0.0350180263886752 -0.0370533854925007 -0.0550241440195269
-0.140895878340894 -0.0130773797819432 -0.25952604677209 -0.0179043989268368
-0.0925282855455863 -0.0402672914385306 -0.481237102438857 0.0577837088503916
-0.0166951890134168 -0.000399238271661474 -0.632741997473683 0.0997648898679485
-0.034922816007094 0.102968245775383 -0.741138822778949 0.167164249932884
-0.171394341089122 0.0393553511919211 -0.745510889130899 0.114975379062648
-0.0797496610011097 -0.0978881554293866 -0.588788364454578 -0.00555143636676175
0.0769435641316875 -0.0316499235083302 -0.250209396926687 -0.0602694669436102
0.0956230648966336 0.00555827405110094 0.149972684275391 0.171896131649715
0.00442127212426166 -0.12654030932067 0.599073775390589 0.198787865102968
-0.118927941043569 -0.0430030593301941 0.693899293881452 0.102219607757991
-0.0681366290763819 0.0551479599672093 0.736243633732007 0.11366879484374
-0.0217939763229365 -0.0101725289358846 0.719513526218981 0.0427743168981
-0.0718950173740022 -0.0428233430862942 0.499407310352096 -0.102016282786723
-0.102198287166439 -0.0410385003680767 0.185400796205396 -0.116299954809627
-0.118865391031333 -0.0219702388940068 -0.0904295969847528 -0.0643586958865181
-0.114099978085328 0.00669712542343615 -0.309992452092833 -0.00767804823995755
-0.081071845965816 -0.0157120843101915 -0.496769754827997 0.107159218872654
-0.0142190727173747 0.00464391716787774 -0.592757115370806 0.191202809986304
-0.0112976167692572 0.0833958953134024 -0.6675185935628 0.303121752921792
-0.118542213335081 0.0504538061738147 -0.706456765868704 0.241287945477265
-0.0705863683358588 -0.0611179911089692 -0.574087277781358 0.0631904339506275
0.0578433781525971 -0.0281255624643127 -0.257633803439114 -0.0429615156723743
0.0735127104798803 0.0097031031872775 0.130596438315053 0.180159779690419
0.0186862694356983 -0.0892914433985651 0.595074054164 0.25546407531198
-0.0609038189282646 -0.0339720748774995 0.677551197625964 0.188717240330052
-0.0399357345599133 0.0241832838195802 0.722086456477133 0.23885381438359
-0.0192704941591514 -0.015385654018544 0.728129569327209 0.137470557205469
-0.0546258333718721 -0.0241368160590928 0.496782750237425 -0.0674925078483118
-0.0641451053177873 -0.019900004277396 0.161096524048709 -0.122000313800202
-0.0681997655204624 -0.00648258402391977 -0.131127969255172 -0.0691645132759923
-0.0661076751610686 0.0237372887131061 -0.342909100407031 0.00749099796906343
-0.056246968112219 0.00716515338151827 -0.50003854459198 0.150428315984303
-0.0111028884680189 0.00974356319406094 -0.555546432114477 0.261835582613283
0.00141925012141187 0.0525882355316333 -0.596857910866568 0.393523000739624
-0.0592961151661755 0.0366236275087971 -0.657979623992382 0.334592537124408
-0.0428003144511356 -0.0253674834367425 -0.560082453746677 0.118354634084879
0.0360962157183722 -0.0142844536372961 -0.264508620433901 -0.0293283024330376
0.0418742051927252 0.00207126554858553 0.119282607143908 0.184109291145616
0.0146983833323181 -0.0429883517038055 0.587652152940651 0.288317351827177
0.00143189844891027 -0.00177401283331367 0.660845314364861 0.245006512189924
0.00414999979806028 -0.00111538368437878 0.704622210933008 0.312058343372033
-0.0134864346332165 -0.0179261585278551 0.723696000656744 0.193367282273096
-0.0333072173433035 0.00396814183307369 0.492770025028732 -0.0449696966676768
-0.0176631557724992 0.00819197569971949 0.150217005954366 -0.121749674274965
-0.00837203898820232 0.0105019957038585 -0.15120551136033 -0.0686567861111018
-0.00926688426867343 0.0343958147855663 -0.357018907654122 0.0211032362088388
-0.0230128738377452 0.0238763695466781 -0.496938249306466 0.181705615163938
-0.00843166711814431 0.0116106536992055 -0.533353913587558 0.300315481385257
0.00488937282211754 0.01492878538798 -0.551804464625337 0.441171788273214
-0.00184510456228984 0.00453917389297457 -0.62453052736652 0.383768577074815
-0.00450421809839089 0.0043444732895986 -0.550443213669848 0.152533269515248
0.0146443729761214 0.00533716190667462 -0.271534376763318 -0.0242323222605935
0.00497498897302665 -0.00896789659666138 0.118410303706721 0.186961436970884
0.00488817444364768 0.00457734936216293 0.583663893528557 0.295860099813372
0.0614637242669938 0.0358037203764611 0.658956484132481 0.262533348479815
0.0493030590477012 -0.0226730249643544 0.708663065716757 0.321443784518784
-0.0069589490292764 -0.0161914767683453 0.719599526511281 0.199460482781048
-0.0121770759967964 0.0364145871701007 0.489356046386439 -0.0360921632479146
0.0312979640813724 0.0360676406241722 0.15323914970612 -0.114635834149268
0.0534244794187161 0.0260362598253023 -0.149020568214405 -0.0625134049424967
0.0498991389675923 0.0417713762567533 -0.353100026474961 0.028781582137109
0.0105161638130483 0.0372073735001068 -0.493066471194267 0.192460695049699
-0.00694565086590685 0.0117649901625596 -0.53323302321153 0.308123812763675
0.00421100316670379 -0.0252735305454794 -0.545661274959283 0.448260265270386
0.0527252706161294 -0.0312799492392668 -0.617110085629795 0.392507033615427
0.0336305171478453 0.0320572187097949 -0.556614650295511 0.163264148961106
-0.00981901526667023 0.0251402961364498 -0.275347395405438 -0.0291909644362349
-0.0286376170765858 -0.011233997693319 0.129236842187748 0.18690483855382
0.00252847068938909 0.0486238305088238 0.582395095142419 0.276925039249644
0.118970577453527 0.0573420426278928 0.678649348325575 0.234226481661304
0.0789436132706672 -0.0469858520612922 0.729362240705179 0.263795738133648
-0.00350238299518136 -0.0110659731294801 0.717212959048318 0.153998085079942
0.0108870599701529 0.0635112689501371 0.485901702762976 -0.0396854203208014
0.0790204525503841 0.0579446432806455 0.171314204329012 -0.10131546819769
0.10990784211273 0.0376217806904794 -0.123522103589915 -0.0503034842621378
0.100826655473204 0.047478532776361 -0.330388201726085 0.0302559597630532
0.0394077676227252 0.0492982448043994 -0.486888718003875 0.183012035193323
-0.00681708393095957 0.00974327772735762 -0.560450872176977 0.290067970070925
0.00744416623710962 -0.0625181478356211 -0.580661565790699 0.416093073473408
0.106571109146597 -0.0576783654708098 -0.639822513691733 0.361589683015966
0.0626899092575558 0.0616340042067814 -0.574769998361645 0.148355667567846
-0.0363694334664964 0.0399218294257062 -0.277018248799429 -0.0410681413018597
-0.0523457091163139 -0.00491044036858698 0.149222486733014 0.178368687956913
0.0169478064316657 0.0793779067608848 0.583194308042975 0.23622018040487
0.162055324268402 0.0474127085765698 0.705324949737576 0.164815363773696
0.0834235409667886 -0.0713450362528672 0.748723191931942 0.144776436159543
-0.00201952402859946 -0.00419987524428204 0.702437448271342 0.0744268965960432
0.0353538167033302 0.0777197516732393 0.489205536667828 -0.0561538682679971
0.118334012285877 0.0661082100596896 0.202400472533163 -0.0874548579893406
0.150799508105008 0.0428947245042775 -0.0798603725821483 -0.035470358990094
0.133952504284463 0.0544810215509751 -0.291959181518405 0.0267845012095958
0.0580470859637982 0.0618061952077089 -0.482878031785921 0.155217608628998
-0.00618607738481613 0.0077016432755693 -0.603985502550991 0.2375310090228
0.0215159220620621 -0.0913296387699106 -0.649499690077792 0.339894175138174
0.156155857206295 -0.0620377083630683 -0.679105987367023 0.288487738607619
0.0724968433059427 0.0939903921651398 -0.599306401209743 0.108660268072133
-0.0630159222684525 0.0446642218789755 -0.274363234466463 -0.0607815194088594
0.0986954411205019 -0.0220871070469454 0.192681772135571 0.134573563067006
-0.0594803250364597 -0.141060815180243 0.586095446577588 0.0673201046549976
-0.172836470941452 0.0110807301424175 0.69128321957127 -0.121579116294839
-0.0544990674818391 0.104947115564273 0.681427313136372 -0.20108905856317
-0.0146146028065068 0.000886742645775982 0.636142981053954 -0.1859014681111
-0.0907265145692415 -0.0435512773610449 0.487012717218372 -0.180304015560133
-0.137124902636625 -0.049238121322576 0.254433594863618 -0.112196522757345
-0.158200111395257 -0.0370675911364732 0.0214393528549102 -0.0420393247483274
-0.14431502839369 -0.0271787001588549 -0.203008844946564 -0.0179904735575919
-0.0901863728015035 -0.0570624769469019 -0.456268200319538 0.0174137794568955
-0.0219794307959994 -0.00354048089999008 -0.657484699356451 0.00537597333832003
-0.0621685186562168 0.100661559051915 -0.786702657219057 0.0233938844096972
-0.19756588765164 0.00760675996980315 -0.755035418195576 -0.0102028072194863
-0.0697411325669364 -0.122264736341161 -0.588520822805041 -0.0674060917488339
0.0858464171824874 -0.030451733783182 -0.236580125440213 -0.0761795117899514
0.105972376744178 -0.00501808542797519 0.171977329865123 0.154031935819157
-0.0267512085890381 -0.146133886436004 0.596836411023162 0.127158520541925
-0.163414350081771 -0.0220530449569091 0.701008911449511 -0.00826095217117506
-0.0720193816980143 0.0910919898744624 0.725514907758855 -0.0478309647937859
-0.0201555329087717 -0.00108585098573505 0.691490635085579 -0.0814820676868664
-0.0851114011656068 -0.0469579115778207 0.491632190837198 -0.146116609025054
-0.129849074518427 -0.0487602713507114 0.215724362551688 -0.11442760032873
-0.150531402729719 -0.0301516492337152 -0.0378309633101845 -0.0543532736684917
-0.141502362799293 -0.00956505257129639 -0.259733146446952 -0.0160702256210718
-0.0954231706554742 -0.037688152199667 -0.478279605445453 0.0596215442664106
-0.0205405491445926 -0.000918430639918717 -0.626039582911972 0.104737127046431
-0.034915010563333 0.0989244982692363 -0.732359734979467 0.183505655262672
-0.168210920357644 0.0401647257695894 -0.740197951831334 0.128275847383567
-0.0811850745752935 -0.0962217211345878 -0.579749927561491 -0.000696530370049628
0.0748098962135595 -0.0367081845908743 -0.245218151235964 -0.0578130177686483
0.0972639328596634 0.00883183907550739 0.149876864355659 0.167357615332631
0.00461269051430807 -0.126308074274654 0.600530907112125 0.19242148667385
-0.121809055864862 -0.0415803356204012 0.693093211724864 0.0962563134241725
-0.0680737870007869 0.0612028331290038 0.735669302480953 0.107412002332957
-0.0239946329048792 -0.00517100400715115 0.723840700612251 0.0322973583723385
-0.0714693311740136 -0.0386847664643271 0.495542911955691 -0.106891342954308
-0.103742713963474 -0.038192117395032 0.180925508388766 -0.120263723568155
-0.119766991125601 -0.0187260158762612 -0.0918532866254391 -0.0626052389726108
-0.113489244211286 0.0089579556813429 -0.307540645442457 -0.00344721644354008
-0.083586585790576 -0.0134849136187178 -0.492507487002728 0.110234269908742
-0.0168278968068372 0.00464223743219157 -0.586082440961 0.195964585437135
-0.012748056331288 0.0798764759273371 -0.655928176714739 0.314855313392715
-0.117377669103886 0.0504176287411329 -0.693501882633773 0.255044647418752
-0.0714632142520395 -0.0591513783794005 -0.565588995441225 0.0665127968894203
0.0560043818057612 -0.0326168764988516 -0.253510409638565 -0.0402440491135496
0.0739019629298185 0.0113807981658235 0.130038567811666 0.175889819078429
0.0181333328465632 -0.0875098235586524 0.597064631157571 0.245690531705775
-0.0623017101233828 -0.032200531721419 0.675880223668322 0.181693901449033
-0.0411257601048423 0.0286595516611854 0.721241040014147 0.233357562233044
-0.0209151327059595 -0.0104911992960056 0.731076281946649 0.128111131478518
-0.0530467029285329 -0.020252848460483 0.494334517302369 -0.0737675791356819
-0.0637017929394874 -0.0192982638911707 0.15678932596915 -0.1251073452424
-0.0687586055692818 -0.00564381939385012 -0.131622713099282 -0.0661998891821268
-0.0643716519011762 0.0248287576106545 -0.341352409171796 0.0124708336604401
-0.0572635491728047 0.00962636306183599 -0.496243755863102 0.155568370725089
-0.0136778769617947 0.00926102223241848 -0.549323762272732 0.263233017912634
-0.00160003198039155 0.0492471696705494 -0.583130807562666 0.401568639591385
-0.0603359864660582 0.0339154784174807 -0.643308464608656 0.346683157054456
-0.0427788443251892 -0.0254565038620019 -0.550133804149283 0.123873104537725
0.0357355936543594 -0.0174791137489703 -0.261299162758235 -0.0263526563351112
0.0417908389456482 0.00454946163954446 0.119738165264166 0.180471281176035
0.0137933531900082 -0.0403364681715593 0.591160799726791 0.278404934207247
0.000406337217694343 0.00233902338447755 0.662029278967627 0.234743903325789
0.00296630328459888 0.00449527392043676 0.704445500605399 0.303939678766051
-0.0153497491604823 -0.0131091146751852 0.728721235317111 0.18551247521784
-0.0329005375866015 0.00815280177690737 0.490582132969717 -0.0502475182207771
-0.0162990641253228 0.00803404753084225 0.145835391931381 -0.124531568710037
-0.00910618636949825 0.00987588803600228 -0.151083915724978 -0.0649247191418868
-0.0072061390799316 0.0343033837944719 -0.355227850715438 0.0260846024737234
-0.0237166011575942 0.0259218534741345 -0.492810750088757 0.185770047962266
-0.0104196887149141 0.0128393932343476 -0.525386332231473 0.301637158823873
0.000621249768225498 0.0123217423517664 -0.534919521568069 0.444952771489047
-0.00442853427784771 0.000337965647330863 -0.607905305881822 0.393480235346547
-0.00368183232843205 0.00281089363047253 -0.540172182281518 0.15961684461722
0.0143564626321707 0.00418357215126261 -0.267788030284022 -0.0192131876164228
0.00422612802553706 -0.00672308080117217 0.118856307031583 0.184873052577631
0.00225277135200604 0.00901974844537444 0.589532190858662 0.28505551415052
0.0624610253920654 0.0420127842112635 0.661671115930361 0.247923148208308
0.0490269544891846 -0.0184751566425999 0.707298484940696 0.313875887266317
-0.00927736774836367 -0.0115881527262232 0.721787308660222 0.189199647784154
-0.0118319800748223 0.0404490940769392 0.486465913448427 -0.0410365843449464
0.033325567801762 0.0366682486096185 0.150303664044309 -0.117518691299787
0.0537150497787751 0.0238481373958014 -0.149764161838023 -0.0590095792604267
0.051435446781955 0.0403573351163119 -0.349359978989759 0.0357778762750076
0.00994821540909327 0.0379910678792653 -0.485943482207223 0.1985750282645
-0.00898308306268649 0.0122480687291777 -0.526323947761936 0.311216256252466
-0.00134426983280023 -0.0267381447418131 -0.52836530389042 0.45164388619497
0.0489500923532909 -0.0365131051165155 -0.598279792779883 0.403930830223218
0.0349639770721588 0.0282692875394918 -0.54398618559832 0.17117093468613
-0.00771679662923607 0.0236456503284143 -0.274967303062618 -0.0225478099088048
-0.0304609928203189 -0.0107757860788749 0.129984065549229 0.185864521548352
-0.00055455708341111 0.0552318728978341 0.589110845268952 0.264120127415973
0.121735663723159 0.0629403606473224 0.678449479384078 0.217871803316868
0.0799407210369288 -0.0428047786964464 0.726700882904912 0.254279733922921
-0.00550757364815237 -0.00615933977091216 0.718386635230399 0.146121988859958
0.0129552208721211 0.0683928757845283 0.484472590869386 -0.0464719734682843
0.0800467017035791 0.0573648656704306 0.168211705290568 -0.105550192228361
0.11068964882283 0.0336380655936913 -0.124169179306252 -0.0468047619198439
0.102471717648756 0.0454331052051796 -0.326271592894795 0.03740501519262
0.03941566832046 0.0491534893726092 -0.481864591981346 0.188472977194212
-0.00897762099165042 0.0106638755244355 -0.551911737860796 0.293787428288612
0.00156937731481592 -0.0648409711267303 -0.561980282354824 0.421355155714684
0.102081666715972 -0.0654543005829907 -0.618361106630665 0.373006485364025
0.063727672691165 0.0567672407914931 -0.561859249170035 0.157806597192891
-0.0333291267176392 0.039950489290547 -0.277450562780966 -0.0350786363756229
-0.055319180775443 -0.00321076601968848 0.150827337357601 0.176767695962281
0.0150436652443722 0.0865947269248703 0.587861515984523 0.222580108974203
0.166417966380157 0.05392564004096 0.70501998676094 0.146689930884147
0.0856081828414698 -0.0680681960664665 0.742729402607633 0.137641219348766
-0.00306845173445813 0.00135488933720056 0.702672462085063 0.0648008895389524
0.0376224832012571 0.0829436583165479 0.486277377192843 -0.0643163345680354
0.120159242725301 0.0642400641113284 0.19965189299062 -0.0919399728118067
0.151608100346163 0.0372933566459114 -0.0811190565584535 -0.0330403242804809
0.136189858349647 0.050726089453295 -0.288857460206825 0.0343933147644737
0.058774803896347 0.0614698150616907 -0.477285485485352 0.163021298353458
-0.0079335983705476 0.00775901806816993 -0.596636355793413 0.241110817785137
0.0133743722049671 -0.0943345224519606 -0.62859718913992 0.347515606478462
0.151259522840876 -0.0714442649682746 -0.658948232522867 0.303155918832411
0.0758215463578618 0.0876580715446882 -0.584746829005314 0.121091419188005
-0.0595205074388003 0.047615324171138 -0.276070262822816 -0.0535490269644536
0.0985421001624318 -0.0229114146057492 0.194181852853899 0.134862910277857
-0.0608575793466319 -0.141695320983483 0.58848226565356 0.0625349206299748
-0.173074563861174 0.013298574820021 0.692803513589589 -0.124721733344807
-0.0535138708876154 0.105158518747208 0.679955311496548 -0.203697826090451
-0.0155044548860579 -7.43467594610126E-05 0.635387301493931 -0.187084054829912
-0.0907776193345912 -0.0427543987389994 0.486313318889342 -0.1833240995754
-0.137856388040899 -0.0477370911174862 0.254180161668104 -0.112438534536054
-0.159509089853959 -0.03570503608399 0.0207506214661524 -0.0424043187459614
-0.144198660595235 -0.026765766243025 -0.202902968657449 -0.0175016106546306
-0.0907999783778079 -0.056691146765845 -0.456878781792833 0.020253132051665
-0.0221713795381808 -0.00374154978691331 -0.657937231616522 0.00865443327795402
-0.0612897835658681 0.100999465187953 -0.785137149632467 0.0277997052011933
-0.198045862783898 0.00985449930577371 -0.754805191081484 -0.00833131635141127
-0.0707744002321938 -0.121583405303867 -0.590844647431011 -0.065980435023898
0.0856275055177276 -0.0315446179944025 -0.237108153505376 -0.0755598242521118
0.106639471060973 -0.00596862577821694 0.173610875924584 0.154131474397551
-0.0284593923679792 -0.147133155264595 0.597997633949518 0.124785113468
-0.162951606082101 -0.0210141207094053 0.700529969039188 -0.0122218419642089
-0.0708523747429788 0.0916051692532091 0.726103425019333 -0.0506186234308931
-0.02037841234858 -0.000947881673188261 0.691727574494821 -0.0831235089296708
-0.085611702960976 -0.0458691250365913 0.492001679454781 -0.147965877218004
-0.130420960292702 -0.0474200859248671 0.215069203445228 -0.115521701124843
-0.152099690321902 -0.0296547945027114 -0.0386542332255327 -0.0536899714747896
-0.141227346219542 -0.0089046496112901 -0.259712966849511 -0.0142633641327742
-0.0961281516916951 -0.0368965893391881 -0.478175872191323 0.0626450464271495
-0.0200435876775224 -0.00109117072107166 -0.625545273004478 0.106743066955092
-0.0333429530646529 0.0985251037733389 -0.729711361898429 0.188166414836532
-0.168711175074208 0.0424817132272811 -0.737901223873807 0.132463748875414
-0.0825860915756043 -0.0958753916808244 -0.581784627953295 0.00109169565249606
0.0749549436046143 -0.038498520948988 -0.246246996255679 -0.0584741036866237
0.0979094580396631 0.00789906916088108 0.151440097098474 0.1674743558895
0.0027424332365631 -0.127806086019744 0.60184878277583 0.188730907304634
-0.121790533886887 -0.0402676205160692 0.693455281499163 0.0922867332449048
-0.0685696951694101 0.0623019949131563 0.736353115539092 0.105464599033068
-0.0238157130942484 -0.00587143940538442 0.724268695479051 0.0289053482675975
-0.0713033541857698 -0.0382151452297482 0.493962654090016 -0.108900568103225
-0.104398131137035 -0.0382478135247446 0.179845336583974 -0.120619829071534
-0.119989465651821 -0.0179449470433899 -0.092987239823895 -0.0616992341133113
-0.112932429205915 0.00990518872524408 -0.309229629848321 -0.00245356359971941
-0.0839064770389604 -0.0110830705263656 -0.492990851718796 0.112775081657622
-0.0171200711945421 0.00442272453629576 -0.585417480496378 0.197076089545446
-0.0115328230367642 0.0789641028408784 -0.653643055820904 0.318422207937879
-0.116503926378228 0.0515375173076389 -0.694902461500577 0.2575154808899
-0.0710260603871611 -0.0595945332614928 -0.565346809342134 0.0705549749722398
0.0556283110366233 -0.0325940034173848 -0.254838304345343 -0.039921673204435
0.0749579389661627 0.0117581533562016 0.132249328055191 0.176294505228665
0.0170767263074949 -0.0879773640806693 0.601043733839359 0.243368329307281
-0.0624692573082594 -0.0308831063445408 0.676885873054906 0.177629832027946
-0.0404173513016615 0.0295466526189459 0.723290974371226 0.230091143827425
-0.0220859853350282 -0.0104792298372022 0.733276465226895 0.124155302246164
-0.0530940526782374 -0.0197682041473945 0.493925485911174 -0.0762958134570129
-0.0645702450184125 -0.0184537284368499 0.156674216360118 -0.125183389415601
-0.0700106377147468 -0.00475157653814738 -0.132604470827765 -0.0649204313155695
-0.0655654744671881 0.0250344096734756 -0.34082961466018 0.0149891841303103
-0.057395042094504 0.010265689076906 -0.496141285447851 0.157570290486262
-0.0141020296650242 0.0099372971332249 -0.547699599440817 0.265100571779178
-0.000253812092477521 0.048446289448816 -0.58085308216133 0.404681219580258
-0.0599505232840441 0.0352826636731063 -0.642041397098832 0.349413963170888
-0.043021820024229 -0.0251555208648449 -0.550500397505965 0.125827254363159
0.0351716954797528 -0.0178171114094743 -0.262428769109454 -0.024733135278753
0.0419983865231303 0.0042029606809331 0.121270452141253 0.182012863723598
0.0126468829316597 -0.0411836900104394 0.593462480262771 0.275277886903529
0.000966294391076166 0.00198079145403934 0.662308022928398 0.231074338321779
0.00371843151792749 0.00428848815812825 0.705199089883684 0.301237102866634
-0.0159718380023415 -0.0134067344531173 0.729299404861602 0.181143081113147
-0.0324808404442868 0.00872359460207527 0.490353393107446 -0.0547181820251139
-0.0169518668511842 0.00842929026039734 0.145323530512008 -0.125277631680638
-0.00876965721131362 0.0104758621973022 -0.153056547918973 -0.0638130061147235
-0.00637740314085736 0.033564016051629 -0.355158316717795 0.0294021931292099
-0.0237345904099559 0.0257547738303855 -0.491991240983103 0.188229363525864
-0.0100333669914052 0.0119739329150542 -0.525774456883538 0.303366620229365
0.000304677831421688 0.0120369246890132 -0.532094394894766 0.447153781542412
-0.00427119559617432 0.00137941334921573 -0.605320431174732 0.396825187978942
-0.00323529871035041 0.00291556553859257 -0.538691484548277 0.162388888590964
0.0144899799879976 0.00301126674947761 -0.268522361097596 -0.0185528659450986
0.00450151500220071 -0.00669513789919354 0.119999450677363 0.185846301733341
0.00189701544156898 0.00825045526783928 0.59066903808816 0.281692609913875
0.0627075199377671 0.0412186341904813 0.660963333215543 0.244790408686588
0.0490347332240057 -0.0184341306366737 0.707613962251972 0.310215300274981
-0.00917522593773269 -0.0110791660966454 0.725704929497312 0.18511540154993
-0.0104720632510552 0.0415637158095636 0.486655001567137 -0.0447306140479333
0.0336888054418473 0.0362831563489063 0.148979185711591 -0.118832730819802
0.0545670666305799 0.0235341625324911 -0.149889261099297 -0.0577773185966875
0.0524285378166281 0.0401932253834707 -0.3497961834772 0.0366854872251103
0.0116960989559638 0.0384760040700196 -0.48654544135073 0.20064096333931
-0.0090896666318222 0.0131656753482201 -0.52655566480902 0.312553620797754
-0.00160011551762177 -0.0271689697719327 -0.525017116865418 0.454922846800208
0.0488607014412631 -0.0371699343543894 -0.59459243141711 0.405872098064753
0.0356233113274551 0.0284623553842957 -0.541193176102375 0.173151129759296
-0.0076914988650208 0.0244419268549532 -0.275424709321075 -0.0221761684768956
-0.0304730160900739 -0.00917994339281294 0.131567834533418 0.1857960528521
9.94369458827433E-05 0.0543337901081225 0.588372470187996 0.259510521867692
0.122210976526383 0.0622267058686713 0.680836776377551 0.214323631923337
0.0790213066901605 -0.0435121315271047 0.726862584109677 0.252446293134797
-0.00607780198759428 -0.00509506629330177 0.720026329075176 0.140702510431499
0.0144842559009716 0.0687196617273617 0.484273567759158 -0.049845247677131
0.08233525767223 0.0570029673047309 0.167322556460468 -0.105803375011991
0.110459452265861 0.0320699145270092 -0.124993428843419 -0.0458645935672116
0.103473507922328 0.0441938056111828 -0.325919377806309 0.0391486586918605
0.0403464881753742 0.0495095484495942 -0.481055256877063 0.190818245639389
-0.00872128937906168 0.0113080068181586 -0.552325438045871 0.294422643908824
0.00181834930888074 -0.0642475937931053 -0.561389537585271 0.422086534630846
0.101620629290542 -0.0655261414614456 -0.617322773340439 0.376278450501895
0.0652248346195557 0.0568710131398259 -0.560437877709034 0.160341781016606
-0.0334071333642786 0.040164794274823 -0.278886763081993 -0.0334681950977597
-0.0555479408070038 -0.00305757897054487 0.151831639636039 0.177355998621726
0.0149283896612294 0.0858318022900065 0.591570752198249 0.218948386279061
0.167119051431111 0.0526618576793861 0.705822332667661 0.143076191364602
0.085268026610977 -0.0692130617318354 0.742497793305332 0.133477236291007
-0.0029450295503557 0.00227459992941621 0.705926228201952 0.0606783850925991
0.0397110911711956 0.083895110944741 0.485628318153304 -0.0662740035804539
0.121316235858471 0.063761498380064 0.198923091081607 -0.0927566885312512
0.151998633986878 0.0360203645011032 -0.0806909715505848 -0.0322562792042313
0.138380834744992 0.0500324793358709 -0.288566819455337 0.0367654398546479
0.0597860482795701 0.0608886094264039 -0.475710407943752 0.164507644740513
-0.00778432302489152 0.00815451633546513 -0.596394947466444 0.2451444045109
0.0133442108084273 -0.0943982677620399 -0.626869198116207 0.347365183647629
0.150498048444579 -0.0724492021504433 -0.659368117407129 0.305782847228216
0.0773234160208672 0.0878853008575719 -0.586329184031069 0.124094198771998
-0.060193521412041 0.0479833784419587 -0.277545714089472 -0.0523585986907138
0.0986149274866914 -0.0236676109553196 0.195995857721186 0.135392458842459
-0.0622290286392818 -0.142685611824782 0.588355269352928 0.0589437165344543
-0.172900923447899 0.0138155404719993 0.689761581990284 -0.127698482338515
-0.0522891241392282 0.105853180216337 0.678412512159144 -0.209090342009385
-0.016422963738104 -0.00035963030076557 0.635369391274193 -0.189919538273551
-0.0913294938453239 -0.0409188293024229 0.486045660243581 -0.18622835466872
-0.139108626937244 -0.0470587458478681 0.253540401414622 -0.114282341165923
-0.160494282868696 -0.034484121991268 0.0217616993456434 -0.0421611297717202
-0.145031648069792 -0.0250401728111757 -0.203061536542593 -0.0170974084988926
-0.0920915394669326 -0.0556725181459703 -0.455433302675501 0.0223721957005977
-0.0233158350129095 -0.00451858475150831 -0.659130956600325 0.0113523718727362
-0.0602019794769135 0.100430880985329 -0.785883322072187 0.0306949643906338
-0.197615106519505 0.0118332076910909 -0.755073771121113 -0.00346162509426347
-0.0725581167617366 -0.120484620934946 -0.591101645936428 -0.0653796957435767
0.0857517155997875 -0.0319194207679727 -0.238322326978488 -0.0762618576325221
0.106939338007396 -0.00768983423988725 0.175436326810515 0.154073439135665
-0.0298086091889265 -0.148380957591373 0.600721229871121 0.12262962338408
-0.164630239792771 -0.019776801981606 0.700265818786152 -0.0159792343334456
-0.0699059068311641 0.0917800974599251 0.72467796907535 -0.0528193485099145
-0.0212655594070809 -0.00190740021183225 0.691108561390283 -0.085850169001474
-0.0862345896806366 -0.0453203958608608 0.492051997480652 -0.150764423606922
-0.130963293065585 -0.0456972112211359 0.214795740956583 -0.116551330750292
-0.152334962749944 -0.0278123341670137 -0.0396794695885382 -0.0537327405096487
-0.14147963092932 -0.00795148819852028 -0.260344657547417 -0.0133043361568347
-0.0975237376154665 -0.0369931103630826 -0.47840422602563 0.0647559469233483
-0.0217209466355453 -0.00147416445790565 -0.624715679172686 0.109368146726971
-0.0327039321339891 0.0984349544302052 -0.731472042630643 0.190812529739693
-0.168727957786666 0.0435530209817009 -0.738617318746583 0.136411918507596
-0.0833336370226652 -0.0946938814420525 -0.582768721727661 0.00377884535462103
0.0747732940871308 -0.0395628985540329 -0.248058181542229 -0.0572312956401401
0.097943021796298 0.00734602252658689 0.153261114356563 0.168228973073398
0.00231612037142831 -0.129432850007533 0.60476351417257 0.184799954785427
-0.122039042149399 -0.0402037472197307 0.692274287323396 0.0889170401162371
-0.0673493461680757 0.0617170008883989 0.735765118269488 0.101844025595357
-0.0240046995360466 -0.00590915617976693 0.723530422573056 0.0251184431695811
-0.0718064716096701 -0.038146809364708 0.493631469303326 -0.112556484631611
-0.105398400492235 -0.0377634751225131 0.178756065370922 -0.12200240264144
-0.121638617928533 -0.0173754832172392 -0.092880012489847 -0.0609423740105017
-0.113221372103834 0.0101878653860192 -0.309820266152638 4.49261628758964E-05
-0.08406674018209 -0.0111570060399748 -0.492714282093609 0.114600671286232
-0.0177814830924014 0.00461362821941411 -0.586517842975807 0.199499698529031
-0.00958568089821518 0.0789822847644106 -0.653121861376844 0.320917085045355
-0.116511350454504 0.053712220513247 -0.692528912198965 0.260845997400943
-0.0719183013428676 -0.0590942029792661 -0.567542782597504 0.0730742632908121
0.0554174469423665 -0.0339882676754769 -0.254589011991094 -0.0392828076139622
0.074944622497685 0.0108948798670093 0.133675614144137 0.17737568437356
0.0170657902753249 -0.0900804848792382 0.601667983940928 0.238251920726323
-0.0617903236441354 -0.0303534318721766 0.678959151912979 0.174826345462534
-0.0403903209857886 0.0300124795766741 0.724774484769937 0.228208146252713
-0.0228521545978964 -0.0109254524780923 0.734199103680102 0.121274638405301
-0.0528816943726312 -0.0189279682927844 0.493823336349016 -0.0797700118714191
-0.0641101130087982 -0.0181317256093675 0.154556471385695 -0.126981548317196
-0.0696664918429935 -0.0035942033883406 -0.134708234891426 -0.0648285470911309
-0.0636845391090676 0.0253146348163734 -0.343785126499719 0.0166043380622608
-0.0575958668728228 0.0106683239027863 -0.495238122229293 0.158222754287994
-0.0139102413863645 0.00924460783194206 -0.548832672594812 0.268238670505223
0.000118734340154532 0.0480446833160951 -0.579217734528323 0.407201081501695
-0.0588865964861764 0.0356262084967902 -0.641616077733442 0.352647745873185
-0.0427702932976799 -0.0246961032709541 -0.548714684428016 0.128263949883791
0.0347469628015129 -0.0179572789300053 -0.26373897164929 -0.0246653322269561
0.0425769785184254 0.00313373373816173 0.123306794078865 0.182460593083773
0.0123973289888382 -0.0426267981602783 0.595596102404111 0.271674540395897
0.0013062139532569 0.00233720608642723 0.662634860190645 0.227230914200251
0.0042943426433961 0.00337771611263626 0.707808737293039 0.298523900299869
-0.0162987113921722 -0.013605605805389 0.731821946482854 0.177722356307971
-0.0319379233509988 0.00950672546682987 0.490352816515453 -0.0565576470009832
-0.0171237803553404 0.00853076853490847 0.143915535774468 -0.126352139954017
-0.00920421132898701 0.0102787220685401 -0.153605407498641 -0.0638135974289582
-0.00566385054451839 0.0341678238919195 -0.357571908364812 0.0305090349250221
-0.0230955864804116 0.0266615214115124 -0.491781474324212 0.191667179570581
-0.0106763581592255 0.0123894012292955 -0.526008270273405 0.304802668284474
0.00128280664395413 0.0124220663565167 -0.529899238319784 0.450671192890933
-0.00320944424391224 0.000675262485822619 -0.602699889575366 0.399237663181628
-0.00342237415160175 0.00266510388877356 -0.540780219414084 0.163813542567993
0.0144057630493952 0.00368235732826241 -0.270304951987445 -0.0176125592369457
0.00460389786722807 -0.00686966901109464 0.122966976170614 0.187158453679533
0.000305685298761023 0.00733592110950289 0.590948779286186 0.278824179126487
0.0636806832362398 0.0406043608593869 0.662991541869318 0.240748571928997
0.048763430904854 -0.0195951353856726 0.709087412097899 0.308674055064627
-0.0098483049763094 -0.0103311793753371 0.72543172333983 0.182531082811811
-0.00946973633700503 0.0424796524828901 0.48694907819483 -0.0471061330449684
0.034276495392474 0.0369414380075106 0.147069128186051 -0.119929371251421
0.0543401194259376 0.0232665212436407 -0.150960309276515 -0.0574725546252819
0.0528048634223945 0.0392659368992905 -0.35124043882284 0.0395525398089838
0.0116767738841294 0.0389071035766211 -0.48525821161062 0.202360128661071
-0.00980151304278759 0.0130438334923912 -0.524455686732726 0.31661403500512
-0.00161432170616919 -0.0265378160110857 -0.522590054954816 0.455289721502582
0.0483738583793219 -0.0373594950841781 -0.593721038653263 0.407287576684223
0.0357817687411609 0.0288506297782672 -0.541975880321791 0.173331875486682
-0.00665478444656904 0.0250599045532359 -0.276198729408855 -0.0195429368326741
-0.0303043635417517 -0.010765233360831 0.133054655177372 0.187150028562105
-0.000116265207100074 0.0537675038893116 0.589267989470494 0.256597549593319
0.1231664849971 0.0609356681447774 0.678827236638142 0.209958886905551
0.0785319079420411 -0.0446208966761146 0.728192737019388 0.249664454983944
-0.0062703469597548 -0.00412070588582227 0.721090696132696 0.138998490869397
0.0165567839631919 0.0689393172666785 0.484482487712144 -0.0525452337396684
0.0838812945705046 0.0567894389945983 0.165682163663178 -0.106979242009451
0.111464261589678 0.0315684624180805 -0.125819205283203 -0.0453140400559642
0.104805136528136 0.0425088253103582 -0.327266786277899 0.0412880869463908
0.0416374981371781 0.0498016539987686 -0.480702472722804 0.193344200669771
-0.00936208727623743 0.0116510342033688 -0.551728113091784 0.297073432086413
-0.000230314706936387 -0.0644587257952564 -0.559600013620629 0.424696102778307
0.100935865549073 -0.0658673407344793 -0.614748008810142 0.380212341240865
0.066299653118571 0.0568098990549353 -0.558775166326196 0.163310524351998
-0.033205771201866 0.0405516878469465 -0.279801990915311 -0.0324467531077419
-0.0548720272308065 -0.0017090896057549 0.152833024388179 0.177740863570607
0.0147996850200699 0.0849873378606375 0.593940799957492 0.214423942179559
0.167337643321044 0.0512297384067022 0.706089992374097 0.138480172982557
0.0838693717332417 -0.069131753499911 0.742491763814694 0.13228636109934
-0.00391893539170702 0.0040923559228013 0.706115515850231 0.0566875663897355
0.0414769336706011 0.0839798125708016 0.48543944941394 -0.0700503300445738
0.123452051676101 0.0637903951352621 0.198141571370502 -0.0922716939435296
0.152094872048808 0.0348944440632896 -0.0817891138986264 -0.0314161910571771
0.138815164799103 0.0482474587154409 -0.288987621727972 0.037886666030911
0.0605482596852964 0.061541907436108 -0.475640588065837 0.165828362082457
-0.00769972483882283 0.00956757890119869 -0.595837335617535 0.248344615858505
0.0124761947624264 -0.0948765849341721 -0.626093105282522 0.350198703196605
0.149990930183205 -0.0744277118564776 -0.656896949958184 0.30877235032826
0.0780562003103742 0.0877905675894319 -0.58539235935522 0.126805690998823
-0.059908632576817 0.0495236413360434 -0.278492840538106 -0.051094443121145
0.0987935660790882 -0.0249069351450026 0.197722862796936 0.134402116038155
-0.0639515250433507 -0.141965307297083 0.59220388832951 0.0569130038127522
-0.172588230130155 0.0152289803710157 0.691239100624193 -0.134461861990863
-0.0513477800480589 0.106011182602591 0.678337006357867 -0.211433799031426
-0.0157418048661525 -0.000969691747509287 0.633877388197498 -0.192732568281678
-0.0915452802329614 -0.0407611346762264 0.486000309297668 -0.18938643970974
-0.140440242617217 -0.0449184210791333 0.253517322702614 -0.115669146364122
-0.161654827857422 -0.033460986408888 0.0204760464228718 -0.042935305578202
-0.145309593226795 -0.0243754908451691 -0.204322711816857 -0.0153774372701917
-0.0929355999884801 -0.0551702470925858 -0.456662926192449 0.0238399764904777
-0.023460485132865 -0.00484311366673346 -0.66022517694962 0.0128757741684211
-0.0584582371576469 0.100612132757701 -0.786583023090211 0.0352511938504071
-0.198372015818812 0.0134351223979156 -0.753741158665113 -0.00052901278487891
-0.0723448216709399 -0.119901234583539 -0.592783381577062 -0.0620056081318642
0.0853456178464543 -0.0331445166946217 -0.240604165182385 -0.0751827679825888
0.107124619362698 -0.00867080752296505 0.177056614368594 0.154219422097284
-0.031243854486169 -0.148813887196749 0.601834240013223 0.116766266687772
-0.164362269487784 -0.0184545429392608 0.70182565109375 -0.0188197063206895
-0.0683702333839537 0.0921448722769386 0.724185273601718 -0.0573126486069963
-0.0209046187096237 -0.00188206189033189 0.691096427260671 -0.0886596607845485
-0.086365381951991 -0.0443060842841451 0.490543094230918 -0.152610174081931
-0.131952194737521 -0.0454630506453512 0.213187068933772 -0.118654939535505
-0.153932243168899 -0.0273876312812125 -0.0396257542810216 -0.053633390616174
-0.141589579010526 -0.00692647484875721 -0.260855151090895 -0.0116642196686982
-0.0978592877138421 -0.0359655389676866 -0.478930864687901 0.066539987318274
-0.0220274461148539 -0.00200861969449716 -0.627428821755059 0.111100873409107
-0.0314768044285118 0.0981254748648797 -0.730842772534659 0.193459131886353
-0.167640099302685 0.0458079347809103 -0.737060709338715 0.13857316236106
-0.0840225271957771 -0.0940991820073921 -0.583401903321679 0.00471703895215959
0.0744320903267133 -0.0386124914311353 -0.248033909644552 -0.0574783014285211
0.0991049504926921 0.00569088935520157 0.155226137120922 0.169729555778161
0.000824358029905648 -0.129721815076539 0.606268428951381 0.180537825556214
-0.123133597974793 -0.0383494868165562 0.696280604593311 0.0849488021244128
-0.067130572492532 0.0632986596688709 0.737724687757728 0.0991960013570103
-0.0237240722756664 -0.00509331261087291 0.725154672791588 0.0213463945141276
-0.0722541855148378 -0.0365536980558095 0.494470738733537 -0.116083573057941
-0.105363625256351 -0.0364727576718628 0.178720862945051 -0.122343568180182
-0.122343133502374 -0.0158623837529821 -0.0944211485302512 -0.0606949685898429
-0.112268777889272 0.0110624612502629 -0.310268143173324 0.000813940891083928
-0.0847730803283736 -0.0100216867723487 -0.492357583371972 0.117899721286763
-0.0187510377438212 0.00386082977252549 -0.586113659737093 0.201919307116436
-0.0101347597661989 0.0783017919849266 -0.651409230885098 0.322643493862427
-0.115240395438329 0.0541335685174355 -0.69114504989119 0.264325637708851
-0.0728416895726259 -0.0577448075362086 -0.566973946567142 0.0731203538125147
0.0554302208949506 -0.0335703352852195 -0.256396006129699 -0.0376621023557517
0.0756483843223661 0.0105734792213677 0.1359909389346 0.178788839256535
0.014473898531458 -0.0905556157140766 0.604500250784868 0.235593598559272
-0.0624318241228177 -0.0306300000980217 0.679693982922929 0.170612469038392
-0.0392896634597765 0.0294473704927976 0.726675904091742 0.224616952018854
-0.0222573538208883 -0.0102362231978776 0.734562997297748 0.117935888001718
-0.0523693703274137 -0.0181195678809266 0.492379042261661 -0.0823788511707786
-0.065104781726206 -0.0174833486071173 0.153461376270882 -0.127035584081461
-0.0713646160039108 -0.00389505141660047 -0.134814513655407 -0.063742719312732
-0.0643273391235951 0.0251742775780396 -0.343735394651725 0.0189188424664766
-0.0571619491162722 0.0114341873422254 -0.496347140195941 0.161030190111984
-0.0143775205795681 0.00964486276343922 -0.549462104763397 0.269776124614928
0.000497957545391371 0.0475272089383511 -0.575672387876901 0.407107792927173
-0.0590236186445389 0.0362348704252774 -0.639078629889361 0.356595333537292
-0.0431439858508642 -0.0243071973521824 -0.550940156713671 0.13025555824143
0.0346643637096443 -0.0175640693875559 -0.265357384633872 -0.0231877409375774
0.0419499668511627 0.00352571871606069 0.12435131003675 0.184527649855664
0.0111900963815314 -0.042582642671318 0.598873252707719 0.269164011046529
0.000572538252323243 0.00211843157359725 0.665213736561758 0.222966547547035
0.00407411519698389 0.0031839259149428 0.710248419516498 0.295641258478449
-0.0166677454580873 -0.0119193745728946 0.732787951821164 0.173907610892255
-0.0314580632167291 0.0103183577531087 0.488986341498657 -0.0601871269922931
-0.0161832593200992 0.00942498156774679 0.142018355168833 -0.127468781054509
-0.0100530116088634 0.010419941548048 -0.154956539067948 -0.0615319312853377
-0.00576418137430992 0.0336645985621448 -0.357699849962907 0.0326664519180095
-0.022688631152812 0.0282750310800576 -0.491059424086941 0.193258079837128
-0.0100331873097297 0.0123836403469804 -0.523903181555607 0.307110120701674
0.000871179069105686 0.0110461694729441 -0.529371399711088 0.451405795614878
-0.0042366257149971 0.00146227152308175 -0.600127879677395 0.401843332718873
-0.0035353621126312 0.00368212105369823 -0.539514808674007 0.165401590944729
0.0150584178509252 0.00383003069521247 -0.27068043208402 -0.0158289744432873
0.00407416658407989 -0.00651189855645409 0.123636174617947 0.18803900457426
0.000723167496954074 0.00745745857540035 0.595135965246471 0.275624754964722
0.0636225494906515 0.0399753377825009 0.663284948709314 0.239072567236727
0.0489316656135602 -0.0191646544469354 0.710432313033437 0.307482135360756
-0.0100907945133641 -0.0106804086881949 0.728488867559075 0.180600681375692
-0.00731501552401012 0.04201705188806 0.485509830902006 -0.0505629495390271
0.0357149653068286 0.0369864976563487 0.146081231117467 -0.120095970540141
0.0547052823575307 0.0219169086684816 -0.152481067435379 -0.055851334670468
0.054125871425253 0.0386938025489053 -0.351483577347159 0.0410105046097768
0.0120897153687034 0.0391261818594639 -0.485575397330325 0.203182020638072
-0.00862264832283616 0.0133067536678673 -0.525412610566499 0.317515170459461
-0.00154161211678332 -0.0267997980470736 -0.520904445858087 0.457552204680412
0.0483940219470202 -0.0373693350738355 -0.590219175823493 0.410720761632173
0.0360308842609451 0.0276022892190349 -0.543468654975606 0.179026605208643
-0.0073254327960632 0.0243241183625289 -0.277698898423844 -0.0199766115533053
-0.030128646548275 -0.00897893428995521 0.135553752404269 0.188152123515918
-0.00061369699862633 0.0548612620528514 0.594960185881143 0.25316474194988
0.123754494391507 0.060615773499288 0.680655594536195 0.204709255184224
0.078406768715852 -0.0454075136189644 0.729068107920009 0.245790033327738
-0.00680651160966533 -0.00485591859600739 0.722699523256314 0.137538112430497
0.0181410398056442 0.0700520533556922 0.484651412958203 -0.0545025637937449
0.0844553721295309 0.0569934529911219 0.165645496244251 -0.107906558520787
0.110853829979801 0.0299578642054741 -0.126179957462911 -0.0446047356934679
0.105327529601166 0.0421123217258162 -0.32728715379176 0.0422880245812619
0.042857956494266 0.0500394475628082 -0.480784623306401 0.196134920122188
-0.00747959585073281 0.0132281864979521 -0.552023772827834 0.301183317198363
-0.00116060035870238 -0.0650931909104145 -0.557626058849151 0.426737677829203
0.100315655059131 -0.0680518326922935 -0.611421346638001 0.381498245290896
0.0676615502248275 0.0559828530708388 -0.561527558563177 0.1650316504709
-0.0334383487544467 0.0416766539964685 -0.280971405480706 -0.030097472716895
-0.0545389531321047 -0.00077245125692419 0.154959935713838 0.1777664107743
0.0150394601008731 0.0857292186136944 0.595584873599365 0.211584740853761
0.168302800629911 0.0491563760641018 0.705863913895421 0.136487738200624
0.0831991981968374 -0.0696062120056337 0.743464001691264 0.13019170191446
-0.0029365242744578 0.00410759033146091 0.705746607344008 0.0565552264198255
0.0424190891846045 0.0842465765930661 0.485394809308598 -0.0718695685771461
0.123449763204386 0.06336102338328 0.197980318620999 -0.0940467591006651
0.153299596901179 0.0335024565943469 -0.0816633564875613 -0.0308889544638619
0.140923995408697 0.0465454532638705 -0.290289308729019 0.039305640094431
0.0617704207175615 0.0618578337704835 -0.475545794036722 0.169151576362645
-0.00707872958967894 0.0103074404813045 -0.595598099474322 0.250450393626528
0.0113331604188904 -0.0956299265274779 -0.625071652084642 0.355389827783175
0.149732638784286 -0.0762963654108005 -0.657054981847052 0.312965059279532
0.0788745124567037 0.087410632492605 -0.587299391309506 0.129800630517708
-0.0586260811522913 0.04919410734188 -0.280253292036276 -0.0499711688394
0.0986014419202565 -0.0263314556908716 0.200337498946001 0.134545980788821
-0.0655865047661227 -0.143621244222761 0.59347559499388 0.0536247447498346
-0.173240595166811 0.0167543644277967 0.691870932417971 -0.136487304723041
-0.0506037686483609 0.105333554061821 0.676339005407352 -0.214147955470079
-0.016470675117936 -0.001412531899075 0.636250804798508 -0.194612584709518
-0.0923111749660686 -0.0399400966222021 0.484173619501322 -0.192009321955001
-0.1409366405599 -0.0441020704897115 0.253391009165334 -0.117264847035943
-0.163820166219444 -0.0315772533985236 0.0202859173651497 -0.0429901965787993
-0.14542408999099 -0.024072991598618 -0.205612383940895 -0.0141633729805211
-0.0938337188264547 -0.0538987417813503 -0.458835147866278 0.0257114971731118
-0.023983612136617 -0.00491743774386173 -0.661606557248952 0.0154404398043631
-0.0579711857745973 0.0999983213342794 -0.788066834907942 0.037262657718851
-0.198352264648694 0.0152459782559277 -0.757485153290397 0.00110395353807603
-0.0741747592830807 -0.120179374261753 -0.594150275277489 -0.0594206127406802
0.0852897298200054 -0.034000653999473 -0.242015328166595 -0.0748527264021855
0.10770050456266 -0.0100069283058403 0.178485087231614 0.154210794946547
-0.03234532757417 -0.149986827581564 0.603308405134986 0.113854171618518
-0.164315172019365 -0.0175490822897378 0.703162413538813 -0.0253580776311682
-0.0669845837669834 0.0929832592446955 0.726407111692429 -0.0599003804467907
-0.0215266136726523 -0.00269428713083536 0.692652261704304 -0.0914563270608124
-0.0867187623787 -0.043927211201307 0.491046567187565 -0.156040455261504
-0.132761306838626 -0.0444889009512522 0.212001010132524 -0.119175637932722
-0.154902396510309 -0.0246830431055677 -0.0406303431071407 -0.0532707227144388
-0.141469744738498 -0.0067316206466862 -0.262103284216501 -0.0108562587229189
-0.0987281647177457 -0.0348249586853523 -0.478961306809059 0.0695989958436636
-0.0220884164870513 -0.00279409850375131 -0.628771575733285 0.113855735932227
-0.0311739502107104 0.0976301996113412 -0.730407642049057 0.196640236452673
-0.168348709303502 0.0475548491591374 -0.738222152726706 0.141846347017566
-0.0851864095916225 -0.0940996044493161 -0.585835619776552 0.00799234468834236
0.0744020288052137 -0.0410856361582626 -0.249581608308385 -0.0564003906441839
0.0985947192601043 0.00504202837248311 0.157295875312359 0.170354586623599
-0.000417970497468863 -0.130905400142436 0.608165805943655 0.17866437776149
-0.123840628733485 -0.0378513603770663 0.695180868822653 0.0827518164678626
-0.0657092064243613 0.0625040020692727 0.739267052399786 0.0959881500954084
-0.0241727713161796 -0.00620306237742327 0.726296113354966 0.0192942999257866
-0.0729586181784355 -0.0368026462905661 0.493981679820137 -0.118400738808777
-0.105981892145622 -0.0359468057618931 0.17761454290301 -0.123593648313745
-0.123177467712598 -0.0151932715303505 -0.0952978824449464 -0.060190184461375
-0.112292317796262 0.0120005927220399 -0.312919830990796 0.00304865128731517
-0.0851907382365791 -0.00906215524997016 -0.494160212254298 0.119423769698499
-0.0195860143167557 0.00367952644319886 -0.586112247736368 0.204497817587273
-0.00891791375354729 0.0776246310285565 -0.651255313347819 0.325196702782886
-0.115669221211205 0.0556761449059236 -0.691394149115358 0.267743156416768
-0.0727774642702256 -0.0571369884089866 -0.567918856953984 0.0782185162389719
0.0555666821667428 -0.0347108411632814 -0.258269125761545 -0.0377316309087392
0.0762868560822142 0.00844882063195958 0.137033241030014 0.179443939436936
0.0129371120390871 -0.0909771667832534 0.607107309961597 0.230636279874149
-0.0634177284848446 -0.0305072695415932 0.678476515254777 0.167013749607495
-0.0383633979584449 0.0298177546795988 0.728700112014638 0.22275293582181
-0.0219375666071791 -0.0102716743910879 0.737877557109516 0.113209714250865
-0.0524672979584306 -0.0182485239529336 0.492986284175731 -0.0853209140922748
-0.0648589790375282 -0.0166091896842823 0.152199765409578 -0.127807817161051
-0.0717381172139675 -0.00257191966360698 -0.135895572433706 -0.0625339875765569
-0.0639199923376304 0.0259263511325355 -0.344652067564714 0.0202734809204321
-0.0576161229982868 0.0126012044380598 -0.495736269939392 0.164817268652949
-0.0146128697312341 0.00959553074487385 -0.549457775514832 0.273280371638466
0.00056461374397267 0.0474158320000262 -0.575398677937279 0.41163115668309
-0.0587738917551127 0.0374505893337244 -0.638081183956572 0.359356914953301
-0.0428306208527739 -0.0236731359472142 -0.550000807147882 0.132520855071
0.0349801612379361 -0.0190945645281023 -0.265967648750554 -0.0226934413303376
0.0429556428954505 0.00302169984080279 0.126327031054035 0.184885006520093
0.0100858933546294 -0.0436501676698723 0.60170514170876 0.264090465281411
0.000934675194385567 0.00173875626110785 0.665532596922156 0.222290022011471
0.00393018388175645 0.00331282217525625 0.712086349482571 0.294309653673514
-0.0170187622087731 -0.012385105281797 0.735556311501858 0.171519614631568
-0.0306210423855182 0.0105388554801004 0.490113973523289 -0.0628348033960638
-0.015187162768334 0.00946809585994366 0.141089351871303 -0.127523804158065
-0.00971812495973544 0.010412065225077 -0.157166854272857 -0.0610705380898285
-0.00432998564623328 0.0338875546406388 -0.358831464301726 0.0348123316561916
-0.0218573804221824 0.0281535844284002 -0.492369522451247 0.194740760160064
-0.0110397523342661 0.013174790086132 -0.525887441490598 0.310529223517517
0.00153020649212929 0.0107622795729274 -0.528107138931337 0.454698552017233
-0.0040709709189696 0.00173629652389358 -0.599145867326528 0.405020404977283
-0.00307616564127264 0.0037941529617844 -0.539804752499739 0.16682856993796
0.0150353736699236 0.00340095699219916 -0.272984426828934 -0.0147513916085409
0.00434866489469433 -0.00706024948920234 0.125476196964627 0.189030596869697
4.65974499148161E-05 0.00718365989288778 0.59844510209313 0.271890838641748
0.064514087014247 0.0394083653809958 0.664652057919062 0.23547800828272
0.048911408339919 -0.0196376611691843 0.714806552150462 0.303260668828415
-0.0106491007099482 -0.010361874706402 0.72945059506365 0.177179377968184
-0.00684509664009559 0.0431049599291771 0.485421764678266 -0.0527053981965765
0.0355073201488454 0.0361035048649884 0.145524825312222 -0.12124142391718
0.0539843251322432 0.0222475617882692 -0.152804212027847 -0.0546631920602899
0.0564181178453156 0.0380575721734388 -0.352821361783808 0.0438016125011848
0.0133053172803365 0.0401728222122548 -0.486067962336807 0.20847489543768
-0.00866265331928346 0.0141379667064813 -0.524838922152651 0.32031722744492
-0.00114841348237449 -0.027571832994467 -0.519002207107159 0.460544059266032
0.0485690832383405 -0.0384882652148606 -0.591086818665981 0.414667652915099
0.0369320578656512 0.0285070078180309 -0.543757232800206 0.18139584130026
-0.0067098746337167 0.0254751504141497 -0.278926671021588 -0.0174511486540002
-0.0304227665264989 -0.00901164383035742 0.13741158066038 0.188714695982454
-0.00109934159233845 0.0539240347779483 0.595711351519879 0.24985143074379
0.124402174220767 0.0580806246612429 0.680940187647922 0.204401827221981
0.0773602919685482 -0.0456403801022999 0.73189736268478 0.244522315618049
-0.0059775488383941 -0.00335113851374131 0.724871422192297 0.133921183072932
0.017968475473518 0.0708386497269748 0.485357895863877 -0.0571500289016562
0.0855016757016834 0.0560398316391765 0.164479349509266 -0.108340374573513
0.111744909299561 0.0296421855195206 -0.127515014074981 -0.0433598988940142
0.107241522897204 0.0409934260734071 -0.328859407733253 0.045506872019776
0.0445572781201863 0.0500518041583924 -0.482377224199274 0.196939388584126
-0.00812625777813227 0.0131110687284465 -0.552183832826939 0.304861875087933
-0.000354860004356607 -0.0646928717382593 -0.556000817736489 0.429449778890137
0.100313805051728 -0.0689985136776246 -0.612925633555294 0.38476123477509
0.067653588752561 0.0558285937296217 -0.561603315656364 0.167854531573099
-0.0322998061090403 0.0426503662613083 -0.282269928309797 -0.0293816560271405
-0.0552604877257932 -0.000471487437828896 0.158819496368748 0.179204902452091
0.0151241660693129 0.0856158658437133 0.596359768744162 0.208853436498597
0.16899574611614 0.0474445738942479 0.705986291553683 0.132916110493842
0.0829872582553874 -0.071140803710743 0.744185858172721 0.126720173357924
-0.0034583937447964 0.00438377496228406 0.710093854782658 0.053187960582953
0.0447090475339672 0.0848215350714529 0.487308983997571 -0.0731199932857629
0.125219604848783 0.0619892419991284 0.197047622247072 -0.0954425926394243
0.153760202884854 0.0331419315521698 -0.0828104959174333 -0.029695032935715
0.142004539037947 0.0450906334114491 -0.290537651927612 0.0408617905476858
0.0638287453329987 0.0619972829736342 -0.475763076406465 0.170799077175722
-0.00702877569410947 0.0107598191702512 -0.596425976380126 0.254638941578583
0.0102855664742342 -0.0954213045749746 -0.624140186976603 0.356467416099026
0.149067801231434 -0.0763850407426816 -0.654073865015277 0.314731587842095
0.0804223712675289 0.0867305100707119 -0.586931496345531 0.133565581787841
-0.0582715492854679 0.0506588020363272 -0.28222106691931 -0.0480219820379547
0.099987311951434 -0.0274554668184171 0.201979318718629 0.134276958442069
-0.0682504399099029 -0.144106904690212 0.595589268823087 0.0498953462327612
-0.17301767843251 0.0181542408227944 0.693087988868571 -0.141358249878612
-0.0480983824357923 0.105648985017243 0.676418809968798 -0.21525443464878
-0.0169076247890585 -0.00172344307697365 0.637067233150503 -0.198678375607783
-0.0932453880767428 -0.0397226907355384 0.485342495445466 -0.195304972725513
-0.142080823561084 -0.0420766873441975 0.252647088013604 -0.119680055755881
-0.164841329765478 -0.0302377903767214 0.0198105073839999 -0.0430997423528221
-0.144999191167195 -0.0229636391066935 -0.206070640391246 -0.0138877400455759
-0.0952131548741926 -0.0534785569697524 -0.458319736408855 0.0286094062107051
-0.024691987785253 -0.00561213925316909 -0.665021084922864 0.0187948367971248
-0.0571260023509016 0.100259785038185 -0.787870366972824 0.0417755877063644
-0.198349247088216 0.0178887855807523 -0.756859826223725 0.00590843014393244
-0.0753421528801967 -0.118764758992906 -0.596901852118911 -0.0574516290361272
0.0858384078195232 -0.0352054853995612 -0.243811730547108 -0.0741369732061506
0.108195916200967 -0.0113126399357367 0.181714264552091 0.155535595379335
-0.0350828437652159 -0.150798929260401 0.60613723237805 0.110637394408592
-0.165501307196329 -0.0160210823652848 0.702913462964672 -0.0261719446225897
-0.0657839674048031 0.0927985535154626 0.725498175515651 -0.0625283675441452
-0.0210715706263242 -0.00260926003392241 0.69272928225087 -0.0961174465774494
-0.088100322306402 -0.0431818192820318 0.490430647146232 -0.158868681069469
-0.13462522698719 -0.0424588912930387 0.212635290929781 -0.121467486194395
-0.157332974368011 -0.0235538061694445 -0.0408845273863111 -0.0532013415697328
-0.142214721759843 -0.00532476937906174 -0.263549218073192 -0.00968130447030196
-0.0996433050618221 -0.0344711445228188 -0.481825477639429 0.0717391647148133
-0.0227627056928532 -0.00355196286657267 -0.630357428713184 0.116461044765651
-0.0308149582655926 0.0978275672059035 -0.729167621592411 0.20114235238658
-0.167830346201584 0.049416261782313 -0.736718036104771 0.145897336708969
-0.086515140247327 -0.0923999504875174 -0.58620958852202 0.010395469718357
0.074953649173054 -0.0406103899170101 -0.251729667484012 -0.0565216712420299
0.0994970639240098 0.00372754626941568 0.159709292754025 0.170057862795146
-0.00261680038993807 -0.131109158788715 0.611469549054576 0.173371562258621
-0.124585790747457 -0.0365529377205216 0.695601925978805 0.0779582478059354
-0.0648764077744712 0.0628452502643328 0.740391158806928 0.093418755627764
-0.0242248843794878 -0.00633108132772657 0.728548459364106 0.015810156332842
-0.0726157865964762 -0.0362338798976276 0.492307834057899 -0.121265037016199
-0.106484030738017 -0.0342918306781198 0.176703649237054 -0.124982426166372
-0.12465155924218 -0.0137811309496921 -0.0966354527309079 -0.0596291644705133
-0.112476321502939 0.0128190198919894 -0.313067975820182 0.00509171544302931
-0.0860275062942028 -0.00842947896566052 -0.493820250202857 0.122636603703987
-0.0190081818209192 0.00418014747642538 -0.588725083299518 0.207677607393955
-0.00878337846324307 0.0770921047215569 -0.648441456153255 0.329104868653655
-0.115745735645057 0.0569869790477892 -0.691554007595931 0.272442914149649
-0.0740089082306528 -0.0570262550100197 -0.570761839489356 0.0792020815766755
0.0555185929223809 -0.0350352397996398 -0.259904021371612 -0.0374699040193884
0.0759451963073462 0.00778474124653373 0.139987114798858 0.180331483131692
0.012105052426887 -0.0918950606043984 0.610360225752766 0.22762175991647
-0.0632189089966661 -0.0299368518380995 0.681690366222328 0.163075304550801
-0.0381540864488556 0.0302604634292659 0.729754492690692 0.218716509381468
-0.0212096755530442 -0.0106778452161341 0.740014830787663 0.111126957404915
-0.0522830911658705 -0.0180177043619998 0.491836549277379 -0.0886185242816736
-0.0661192728174369 -0.016098240911885 0.151137020428612 -0.128811111721851
-0.0726903446384184 -0.00140428522814423 -0.138187473420267 -0.0609220118329976
-0.0632199000191911 0.0258503449583502 -0.346651225520015 0.0228633567922533
-0.0580222087585461 0.0131134034132121 -0.498702823197812 0.167690450065963
-0.0149583182911921 0.00867016310814828 -0.550141620030884 0.274645128315567
0.00121357804089772 0.046743064946567 -0.573813745814943 0.414876009074672
-0.0574673733894091 0.0382315988133179 -0.636450185373376 0.361500989773355
-0.0436251257136665 -0.0229601498158941 -0.552785375650022 0.135636984254058
0.0348344222953549 -0.0191630846482296 -0.267094333472941 -0.021024774242127
0.0425607863284647 0.00315369706158548 0.128177375065154 0.186456612264704
0.00917534635838948 -0.0438664691215988 0.603248230699462 0.260802373460295
0.00101723464820969 0.000705105698492554 0.66717571363991 0.217588306511224
0.00459427225231133 0.00324297111674795 0.714588207076883 0.292029791567988
-0.0167421948956759 -0.0115864426276869 0.738786343316163 0.167738113574153
-0.0298781682560409 0.0109223916767735 0.489343517314932 -0.0646275016098073
-0.0162004033425127 0.0107445252556644 0.140383494122993 -0.128851199521136
-0.0104190718817546 0.0110175731141868 -0.157775248821551 -0.059590644446964
-0.0034724883129506 0.0333928474470858 -0.360295901388696 0.0376006475615736
-0.0216923909611158 0.0287309370894031 -0.492623390589758 0.199422155625131
-0.0110477657497763 0.0135545631223749 -0.527437444739386 0.311733585015242
0.00126459682338576 0.0102469883448535 -0.524699911989013 0.458322314382271
-0.00352758275422264 0.00170766059630659 -0.597766459175039 0.409052366730188
-0.00277792115544228 0.00339244212820371 -0.541243578147831 0.170846500351769
0.0149678259823336 0.00391456530442989 -0.273421732922532 -0.0128612313602163
0.00429369929291525 -0.00619479799847036 0.127711283987008 0.191221526455743
-0.000379906939216258 0.00787905697990676 0.599402366693427 0.268493766830374
0.0647285699006945 0.0382208146577384 0.665199003170499 0.23339667188407
0.0485076903167412 -0.0209257958539994 0.716646944025204 0.302258960683087
-0.0106796031567159 -0.00938811450361252 0.731624124345602 0.174478976369678
-0.00591995172023082 0.0432105282548849 0.48510583597401 -0.0562571826931218
0.0370194965327468 0.0367993965398231 0.143478120506882 -0.122893992323331
0.0544314615323126 0.0221435930358813 -0.154347191603592 -0.053541830348855
0.0564879419274993 0.0366715831877397 -0.354033163703039 0.0457142103078028
0.0147969282452416 0.0408896058837262 -0.485936984772381 0.211081487232412
-0.00894523226508532 0.014779474857394 -0.524211972269175 0.323433242191713
-0.00195750922025414 -0.0283155569054883 -0.517714846068176 0.463012206637486
0.0483065780472339 -0.0393784935050032 -0.587664702460109 0.418162156415281
0.0372673323934315 0.0292260979624243 -0.544632831115733 0.183266480415059
-0.00672599194661042 0.0252314883116797 -0.279596911205691 -0.0157595157459805
-0.0315058987369502 -0.00831304498421911 0.139366782980758 0.188218481314047
-0.000859227030200364 0.0551209514589155 0.600363555217513 0.246243788709115
0.125973272023031 0.0579769410057548 0.682909278272491 0.202883232613825
0.0775828959946127 -0.0465026485367461 0.733576233558938 0.243796316830093
-0.00606290485712636 -0.00295364210151187 0.727202444477755 0.130639467766063
0.0206355170534322 0.070859334919725 0.483911991497516 -0.0599585019158727
0.0875876860526058 0.0548755454966986 0.16296875145295 -0.11002585427745
0.112558963581146 0.028265034976398 -0.127551028945741 -0.0417993196296073
0.108473567277068 0.0399338724027852 -0.329970940626687 0.0459859604767372
0.0452391016526288 0.0505612860782828 -0.480972757191985 0.201558887014849
-0.00711461684565641 0.0133963315083985 -0.551925307618394 0.307854712780332
-0.00234012871804273 -0.0645626876523126 -0.555273706619929 0.431479022360153
0.10002772767347 -0.0696005497433545 -0.610863148666076 0.388056836533983
0.068506929298205 0.0562138888845741 -0.562463165902413 0.170817562206264
-0.031895147570993 0.0438473410324835 -0.284161680421756 -0.0283893353457319
-0.0557079729670831 0.000641196296047874 0.159864362386397 0.179175759885859
0.0145987686246849 0.0857464774078314 0.599738951660619 0.204957305779842
0.169919886374958 0.0457861547053933 0.708177517443443 0.130058165922695
0.080908783170392 -0.0716116155207232 0.747618007191391 0.124632534271718
-0.00358223751403334 0.00447902567554164 0.710624136739545 0.0503472435552501
0.0466236518469396 0.0855223920808325 0.486023284608268 -0.0752247250664969
0.127057992560145 0.0603194329448081 0.19717812768056 -0.0972997024657933
0.154688996576632 0.0311791261636722 -0.0820700185674352 -0.0288812208784752
0.143733729857123 0.0438788276720679 -0.291919678949349 0.0417313957274969
0.0659094772224672 0.0625224309706888 -0.476104248860596 0.173741396349939
-0.00684166059533027 0.0112431118771864 -0.597172711189921 0.258440494172944
0.00906569725187039 -0.0950189168302648 -0.624042842659068 0.360171516685097
0.149421550022451 -0.078272120084746 -0.652707930978237 0.317768102129075
0.0822266308609502 0.0862389834960249 -0.588180588965109 0.135097876531066
-0.0575073869120279 0.0505943057281738 -0.282994266577646 -0.0483747421079145
0.100043718082099 -0.0289161896694116 0.204950617828259 0.135133193396201
-0.0701767925523716 -0.143841855181099 0.599278811784007 0.0454125297496711
-0.173103619038526 0.0197909897390571 0.693518171698259 -0.14708971992913
-0.0472088048999683 0.10636849575623 0.675855317487451 -0.221614636850617
-0.0171047040070136 -0.00189242846485364 0.637788410899179 -0.202632490333883
-0.0934312167750218 -0.0385594221678634 0.484285455331195 -0.198510547747915
-0.143523002785673 -0.0412508552110431 0.253584925572644 -0.120622344963657
-0.165978322204482 -0.0291474702730716 0.0193893674902818 -0.0429258885687479
-0.145878801629221 -0.0220741815194688 -0.206645342566692 -0.0129255697360571
-0.0961753739497013 -0.0531213477406266 -0.461042413514047 0.0314388799793624
-0.0247215229259165 -0.00605840417817554 -0.66737962541816 0.0214665153230858
-0.0549785611237861 0.100919495237078 -0.789994270542726 0.0452136107401657
-0.198594239745985 0.0203267277564016 -0.759721446817789 0.00962718819476541
-0.0771778892459477 -0.118746782875772 -0.598383927315842 -0.0542869680918959
0.0859926479031692 -0.0360555882153148 -0.245376274910612 -0.0741537120743673
0.107870725878433 -0.0131114242977283 0.183800481493396 0.155727398624148
-0.0370288991060604 -0.151617349110557 0.609112434991557 0.106141362040088
-0.166076915357885 -0.0142522537424602 0.703370858674121 -0.0307702212052273
-0.0645674274541931 0.0936229752011936 0.726428093966038 -0.0682941458226407
-0.0215104069896428 -0.00248858087138723 0.694740369091109 -0.099428611151916
-0.0877582531992284 -0.0423096593153006 0.490523110468291 -0.161856561981875
-0.13505443261428 -0.0415849924220107 0.212657473209817 -0.122456828868709
-0.157515243858659 -0.0222506139439374 -0.0425557425662854 -0.0531030466704552
-0.142319562960774 -0.00457215794740859 -0.264521629308794 -0.00759523823002744
-0.0999455666923161 -0.0330904800345244 -0.481313939156717 0.0725698802130587
-0.0233633571283543 -0.00333573887662365 -0.631889766822409 0.120383124522187
-0.0281924380529782 0.0965733482957658 -0.729307921415352 0.203033045734592
-0.168138429700745 0.0512460981947367 -0.740384532282381 0.150573092774954
-0.0876094159401658 -0.0923502921911106 -0.588894641661755 0.0122988459585235
0.0749087946002545 -0.0419619557477971 -0.253616553609161 -0.0557381534020039
0.10043314757608 0.00210913887345092 0.161805894413853 0.172968490861667
-0.004401755340223 -0.13251997773111 0.614687903346203 0.170333793818105
-0.124397690953943 -0.0358312505864135 0.698041848154784 0.0743984152624839
-0.0636605906456524 0.0634798353424361 0.743263508163058 0.0899221373426277
-0.0244961364672803 -0.0069961271603757 0.730993763278923 0.0112066923250018
-0.0724414160709781 -0.0359792212741119 0.492712245266547 -0.125519311838486
-0.107063691283765 -0.0332385202211324 0.175554032142958 -0.127252410021471
-0.124981148836776 -0.0131210243295401 -0.0975210303890931 -0.0595365139175503
-0.112736023226816 0.0135741581177036 -0.31328051099885 0.00685088663665141
-0.0867589997228038 -0.00745885028367453 -0.495046175069157 0.126569241383322
-0.0191913433082582 0.003364900622663 -0.590284604461034 0.209685891373445
-0.00771360490069728 0.0768220585757738 -0.648830572148485 0.331832148322211
-0.115079547603036 0.0583940206765166 -0.690508883320016 0.274899948985529
-0.0750996893583141 -0.0560907156240035 -0.570541273551542 0.0837838885765037
0.0551462417379409 -0.0362558693338671 -0.261560563828889 -0.0352751742392171
0.0769701673545707 0.00781664161947339 0.141728251645477 0.181427908307073
0.0103757729210215 -0.0926400952550086 0.61456751730033 0.223962507162419
-0.0644931541554256 -0.0298593235596726 0.682350463354866 0.161047266046864
-0.0377205141488743 0.0302344856010543 0.732889064174557 0.216888234583958
-0.0222157600595133 -0.0100042941660919 0.742393830255942 0.10760579533698
-0.051914340251484 -0.0167981824304798 0.493110546677619 -0.0913151818889035
-0.0653522943720816 -0.0148410280179548 0.15187615298084 -0.130735116761477
-0.0733233901406086 -0.000779981031099915 -0.138803283715101 -0.0608636550550627
-0.0626385731222438 0.0264414350275553 -0.34798192022386 0.0247687213689874
-0.058117961742846 0.0141186587846116 -0.497164489208673 0.172219871069795
-0.0145865634728274 0.0093066674548986 -0.552521239635488 0.277112441880963
0.00193478161849038 0.0473005908705119 -0.57284161629644 0.415890150540214
-0.0580982312675615 0.0392387885083397 -0.636215561901637 0.366741096945343
-0.0434899249970614 -0.0220621621145727 -0.552473768750374 0.138051559568012
0.0345915431350021 -0.0190752691709137 -0.269511817753571 -0.0197294079627041
0.0426491221139671 0.00174839290557131 0.130941730476274 0.188331840035748
0.00779886778874891 -0.0443645632691415 0.607352678777742 0.256535506297138
0.000841785467275541 0.00162494865051573 0.668385332321373 0.215472595615147
0.00483163633068972 0.00289562386491217 0.71839928380574 0.289661764912169
-0.0172261788748033 -0.0116606928252811 0.742511441881523 0.164479590560875
-0.0292748511642417 0.0114365814627632 0.490526718335656 -0.0681093708700313
-0.0150150188970108 0.0107014594088044 0.138996857989687 -0.131285629069338
-0.0103525497931307 0.0105023768989078 -0.159608983812011 -0.0576161147858453
-0.00262956575187047 0.0328805218199846 -0.361919034993227 0.0389306287586626
-0.0210887190222816 0.0298297524605506 -0.493865744894012 0.201598640390529
-0.0111563296283642 0.0137850655063561 -0.529481204646943 0.316272276665083
0.00168240934395814 0.0101370611605676 -0.524758441270017 0.459293379181888
-0.00405708617152949 0.00177069842003295 -0.595288598155474 0.414114076861382
-0.00221174885683038 0.00365256587109947 -0.542893061502144 0.174580455891488
0.01550323319277 0.00378849272072148 -0.275185079451526 -0.0122363189648533
0.00494843632207014 -0.00671038980332736 0.131151891123737 0.192234140282585
-0.00146777004520316 0.00759587831957239 0.60388148444916 0.264164281383253
0.0651562774127146 0.0378912800249732 0.667398521906936 0.23174611330216
0.0480742813689295 -0.0216106602878607 0.720067837243053 0.299482463037916
-0.0110905962483658 -0.00916150982921882 0.735372589598545 0.170367472942688
-0.00394091755278645 0.0436257827477808 0.486172992210296 -0.0588778777707193
0.038452138135278 0.0361323347482577 0.143743403622988 -0.123579519962498
0.0543232021077541 0.0216384956882404 -0.156024254656637 -0.0522862144890568
0.0573586352495313 0.0355052088177701 -0.356032197542596 0.0484478966347681
0.0157587619877103 0.0409923358254384 -0.487112708373009 0.213419630594548
-0.00809752853369406 0.0153936630818964 -0.526292049761972 0.327350218910158
-0.00235970552661134 -0.0276146443201876 -0.515936658130769 0.464286134128145
0.0481716152050025 -0.0393547450586971 -0.58579041569514 0.421709718654253
0.0386159207578426 0.0282143316311179 -0.546681155671053 0.187372597329499
-0.00574417601533015 0.0260435236795755 -0.283015505688206 -0.0145171278685208
-0.0312598931569691 -0.00697988438249885 0.142390025823935 0.190166447633476
-0.00078260976525619 0.0545762274921442 0.601625568775705 0.242688927147212
0.126240534047641 0.0562561798164898 0.683177190465423 0.200480973034012
0.07695047558572 -0.0472577391562165 0.7356338622802 0.240999143715162
-0.0065918492419276 -0.00252477235669353 0.730205629588199 0.127174180412685
0.0221245047795483 0.071253956897933 0.485475073859848 -0.0613819222698446
0.0881032496518178 0.0545540513781568 0.162909055140455 -0.111143921183572
0.112593696698795 0.0274366575248596 -0.129092198935207 -0.0414272339061365
0.109478272110305 0.0383427474348375 -0.330953766594001 0.0484694845700868
0.0471561326061568 0.0505753264982423 -0.48145280680633 0.205561393691632
-0.00661485669716159 0.0144383255380935 -0.554412832047916 0.309952259190136
-0.00250852485194169 -0.0653066220067828 -0.554267784399134 0.433426465627703
0.0989788860998986 -0.0703427541208234 -0.609554483068973 0.392355113143877
0.0707269614723012 0.0553022319174246 -0.562461446814213 0.174249906374314
-0.0314253105079484 0.0439230520008344 -0.287074374988106 -0.0258238329942427
-0.055384761633424 0.00145952275562639 0.162669255282421 0.180075558572245
0.0156755021327005 0.0861438825390084 0.602524535027357 0.199813245650578
0.170952376018933 0.0442696989914552 0.710790925989385 0.126105470197852
0.0804973578354858 -0.0726614629323207 0.749035783875088 0.122092674334822
-0.00281419444875489 0.00569958821941027 0.712832067612111 0.0476068064912385
0.0490360898996137 0.084980680450508 0.48733667923948 -0.077638242363823
0.128543572191377 0.0595300536428649 0.196894942933127 -0.0979453084071881
0.155160440020153 0.0297422494600662 -0.0833021356792869 -0.0283149224876225
0.144974672762108 0.0419345974029832 -0.291751062435005 0.0438756988824098
0.06714149992527 0.0619808244412263 -0.476344720722766 0.175367426543504
-0.0061527684539606 0.0132355341255045 -0.599514834471849 0.261182414256134
0.00794357168222126 -0.0958330522475837 -0.623529664605059 0.364740298900039
0.148807692458506 -0.079952971138566 -0.652791207925465 0.323023397083239
0.0838592975560692 0.0864193085270923 -0.588583553855891 0.1376437821517
-0.0580437807528856 0.0533314997987354 -0.285520580412438 -0.0457343157353323
0.0999212121304629 -0.0310719553124269 0.207119445213466 0.134304634675767
-0.0727118007032969 -0.145033386429144 0.601868863388962 0.0405478979135447
-0.17405966197702 0.0216926106703052 0.692537682122741 -0.150745055584534
-0.045650324067883 0.107133467714857 0.675707983162502 -0.225210964078286
-0.0174820292080617 -0.00253364560094737 0.638422487512213 -0.205011111803631
-0.0943088117264958 -0.0380821069614554 0.48610114240947 -0.202200795979653
-0.145011292830479 -0.0402505321568558 0.25357985658692 -0.122814941185023
-0.168286377451777 -0.0277480846733795 0.0189755898327196 -0.0435174708547923
-0.147245113241817 -0.0200270407474763 -0.20813456952102 -0.0109607203659081
-0.0975775732706631 -0.0527685609412677 -0.462084058964674 0.0338018677696827
-0.0255549563868111 -0.00588886705484598 -0.669304407641113 0.0245771275860212
-0.0543100971612734 0.101120716999382 -0.791253853909129 0.0499969380197541
-0.199392252726505 0.0221889240326253 -0.76102210625116 0.0132479699587649
-0.0782491933431853 -0.118264319681084 -0.600916202370938 -0.0525883808371002
0.0855178167235288 -0.0377553043660174 -0.247222173872311 -0.0737518994989099
0.1089393635481 -0.0143542072821055 0.186653180621902 0.156394752703579
-0.0394586735447849 -0.152681522247939 0.612005827976537 0.102720924081963
-0.165548202758545 -0.0128330244637159 0.705799092811998 -0.0361350180455079
-0.0641594214511494 0.0940040675000778 0.729754177320078 -0.0704755461056731
-0.0212965348152423 -0.00349966494492071 0.697416824377276 -0.103230757422551
-0.0887838601919702 -0.0412183550926368 0.491200094264584 -0.167159547796815
-0.135752736311003 -0.0400088668288961 0.21148281567134 -0.12456249545824
-0.15953341681273 -0.0209965253232338 -0.0425793271423165 -0.0524068324790274
-0.142781350719262 -0.00369125771068155 -0.266401444742745 -0.00569157905736683
-0.101569882239187 -0.0318394990675398 -0.484049017910806 0.0773240330029146
-0.0240586623475541 -0.00399798607066995 -0.635984462424764 0.123560198384044
-0.0269079582889332 0.0964115267115893 -0.731075066086468 0.209243355574444
-0.167642503338327 0.0540566345546264 -0.739896219593007 0.154386832488875
-0.0889057649768165 -0.0903665674853036 -0.591296779419643 0.0160760113547198
0.07337978137407 -0.0436856990784983 -0.255902664815838 -0.0536937071320841
0.101184579595067 0.000165551105699577 0.163709623438645 0.173182618605756
-0.00766812209956357 -0.133552474425366 0.618546755768441 0.164460503954702
-0.125329939153419 -0.0349628341980441 0.698916229954391 0.0709656587076863
-0.0629288682440102 0.064387241486522 0.745651927056649 0.0889637984272098
-0.0249651964998648 -0.00710638265269458 0.734243047753868 0.0067719668637294
-0.0732041498907672 -0.0353866301467044 0.494951904679571 -0.129350308464887
-0.10839648684916 -0.0321227251210512 0.174999878964726 -0.127943148386185
-0.126096965550258 -0.0112331427301322 -0.0992485374960902 -0.0584789034286428
-0.112703238180396 0.0148463948867287 -0.316201584148561 0.00861291471836978
-0.0872190378160306 -0.00650184794589976 -0.497812168644651 0.127884431728158
-0.0201249799375996 0.00318090079526993 -0.592758433272123 0.213147702814974
-0.00686146608452954 0.0770641242934546 -0.649650083570755 0.336571356518201
-0.115532077476678 0.0600966008929726 -0.689302828438068 0.282636352161855
-0.0755878795147959 -0.0548201350764394 -0.573027129068315 0.0859919666393691
0.0549820888982578 -0.0371414393514253 -0.263564960635354 -0.0344852254274653
0.0775486199174322 0.0064892394143853 0.14491849163148 0.183786454579612
0.00870982761057251 -0.0945746301099661 0.61746431752476 0.217834074116872
-0.0643679346730007 -0.0295947363989795 0.684172654223816 0.158938756302653
-0.0373158104233366 0.0301412284377513 0.73684187350311 0.21393801986398
-0.0232659980162295 -0.0102581083327853 0.745454803362522 0.104520841359994
-0.0519360347429597 -0.0168545619754526 0.493257328337694 -0.0958373057731617
-0.0656052949845705 -0.0149498073428923 0.150650632518721 -0.132204231147064
-0.0739500876151943 -0.000490346536311467 -0.140979080340743 -0.0605177440025311
-0.0638072631544638 0.0263916009591025 -0.349517921030531 0.0274882177398239
-0.0582709704306883 0.0160742387668516 -0.500578755914454 0.175339096848155
-0.015278766241124 0.00988167343005531 -0.552813846287226 0.280443812041758
0.00264910622713164 0.046075062854692 -0.571934378105428 0.420817601931056
-0.0573265149376466 0.0397064222729752 -0.635083790527469 0.370392910394536
-0.0440184356621226 -0.0219944059975569 -0.554353856472102 0.143664028548505
0.035313318903627 -0.0201029621202622 -0.271536383569406 -0.018305090081177
0.042915925940032 0.00124603302674364 0.134474305020963 0.189348772837418
0.00697259299765833 -0.0445225870547661 0.611993059315985 0.252568582403454
0.00133298654752542 0.00117132685623648 0.669888612059298 0.212236136435564
0.00487314059372952 0.00222937122253937 0.721466691612889 0.288976664367115
-0.0173208920050145 -0.0117866994796119 0.746499909818142 0.161668763913841
-0.0290481102017622 0.0120393939898162 0.490311529760255 -0.0727057068941387
-0.0149975379966375 0.0103102337344025 0.138391819499793 -0.131914295847728
-0.0105358627532595 0.0110121462923264 -0.160790780686637 -0.0573299081528315
-0.00230187808020735 0.0330158152618408 -0.363110329897875 0.0427250756127464
-0.020313563111197 0.0310734626250924 -0.495432306596402 0.206724142556109
-0.0109255896787319 0.0138901777811174 -0.528185555604226 0.319389334605244
0.00127341390940905 0.00987530016742563 -0.524093206653381 0.4621700698799
-0.0029842910575675 0.00263887459775429 -0.593766199291966 0.42019939870806
-0.00171154230348272 0.00520308683532956 -0.54128643941446 0.178705221735029
0.0142016926206198 0.00283302841050197 -0.277453531088801 -0.00968927743743499
0.00442412031040548 -0.00633564522764864 0.132968441673169 0.193534107074088
-0.00208322819164745 0.00674683030047576 0.607419038377281 0.260835263426715
0.0663873028338452 0.0372605190411292 0.669981838438631 0.226327717524741
0.048319926768914 -0.0222609265908993 0.723761503640843 0.296180159226698
-0.011229383309094 -0.0085560881504582 0.740193978221028 0.167647322300672
-0.00358840229013747 0.0448249948027511 0.486607289970714 -0.0613724219950549
0.039215642597559 0.036123351907194 0.141703064481086 -0.124320777761679
0.054797766851209 0.020588254629282 -0.157515341712697 -0.050595870553248
0.0588516668491497 0.0347428327086582 -0.356785861078198 0.0513096076699936
0.0171954397730936 0.041160338249941 -0.48817851856065 0.216981270262033
-0.00715289191534921 0.0158991886086681 -0.528282659740586 0.331588222855413
-0.00296466425918848 -0.0285816042611064 -0.513852496103075 0.469485672251339
0.0483736692347389 -0.0396032769562062 -0.586882835260067 0.426148595039676
0.0387359051541575 0.0273304998776867 -0.547079049077988 0.191618840106952
-0.00600363832179361 0.0265442619832689 -0.284493216725511 -0.0125857643064387
-0.0318880331754621 -0.00750564448628136 0.145385505997183 0.19215216459978
-0.00145478087244681 0.0551589951167907 0.604625508973889 0.238849359312519
0.127568633332714 0.054912758199275 0.686530794424295 0.196318219416744
0.0755303309573875 -0.0481172803189632 0.739376605434581 0.239130087773739
-0.00651063860169804 -0.00119959674231864 0.734138356151025 0.124774184536787
0.0233882443618493 0.0719122895124156 0.485468240593692 -0.0658205179511049
0.0904922908641772 0.054099729077905 0.162136395872151 -0.112304843184754
0.113769379948914 0.027350141308968 -0.130360391834111 -0.0399736361250368
0.110852869052402 0.0365368689843937 -0.333126004748895 0.0521689877248233
0.0492865967941521 0.0513823929895721 -0.483504655368346 0.207734447664361
-0.00604538290354979 0.0155976832104649 -0.554565233415377 0.314747250773008
-0.00377195554550707 -0.0651483802916633 -0.551977161120803 0.438677935210848
0.0993129097316774 -0.0715120417793779 -0.606930087137391 0.396636151914473
0.0717025795565243 0.0549309754437108 -0.563184549376968 0.179062234595524
-0.0302604922018999 0.0448186469625907 -0.287649222975169 -0.0239798875979759
-0.0560805322851348 0.00213231261810608 0.165714443179971 0.181534922588122
0.016197328021621 0.0869057263509487 0.605553693845764 0.195355185619952
0.172296430571109 0.0426848005096894 0.711414792370501 0.121617790500883
0.0795715712989645 -0.0739835495652389 0.749999088103046 0.118685412077719
-0.00353706653226959 0.00641890009739928 0.715696794464771 0.0446948911637324
0.0505109345006551 0.0854471159021061 0.487641691310598 -0.0808612099977854
0.130462545826824 0.0589620057726582 0.196056977527048 -0.0990477915126444
0.156360784036949 0.0284922526894262 -0.0833452060157053 -0.0277549837542559
0.146234474652278 0.0409399499883947 -0.294514109799238 0.0465156871757892
0.0694097568740469 0.0615825669522271 -0.478085690959122 0.178929395148894
-0.00592701689323802 0.0134093092312749 -0.601401819048097 0.265801962106307
0.00672142536518246 -0.0950448685664621 -0.623285129441189 0.368278447009854
0.148097544634091 -0.0814519348869676 -0.652171543241177 0.325910308606244
0.085305511507876 0.0849857187584796 -0.590662850137349 0.142383315750871
-0.0576615476315916 0.0541431319656589 -0.286774864307523 -0.0434672931270801
0.100027204471199 -0.0323267380271505 0.210343163968133 0.133934707880405
-0.075673044556521 -0.145778920040692 0.60376540161717 0.0348757196648518
-0.173860338797196 0.0237834576094062 0.694231381640114 -0.154842986034314
-0.0437092471724584 0.10694463239946 0.676874491672293 -0.22874037847534
-0.018680768309841 -0.00310328612602598 0.63961229641601 -0.210326295701605
-0.0959483096799636 -0.0370679492973728 0.484607829887935 -0.2071598571261
-0.145748292032988 -0.0375730924166566 0.253635446781147 -0.126305298570657
-0.170777481642103 -0.0248601717289142 0.0191359890966094 -0.0443499740636642
-0.147852964146302 -0.018762004424769 -0.20931688773622 -0.00985224701333735
-0.0991670535482323 -0.0521079409251511 -0.463394725234601 0.0358576522662264
-0.0259930056548404 -0.00711146898528789 -0.672972202643868 0.029989119459424
-0.0537816405594017 0.101251049072215 -0.794337086888536 0.0558684528116482
-0.198327940579912 0.0256509346280047 -0.764181787448101 0.0193168220957128
-0.0804723841678318 -0.117995561087262 -0.60311007033165 -0.0489019212127531
0.0857878583811346 -0.0389085711892848 -0.250104829308006 -0.0719288852505963
0.109246977128592 -0.0165136617442167 0.189939437373936 0.156712421750247
-0.0422237716571095 -0.153286950669024 0.616985768393723 0.0951948202911101
-0.167478432619964 -0.0105277899768038 0.707220866175689 -0.0408286240291421
-0.062155274840107 0.0943297966160426 0.729561215181374 -0.0738038491070639
-0.0219855804769189 -0.00310054717822819 0.699523895657944 -0.108323123543766
-0.0895334287288805 -0.0409323368680882 0.490736658889077 -0.171032424679698
-0.137462323894812 -0.0388961623952758 0.211919352793852 -0.126286444295665
-0.162378220211826 -0.019005068155489 -0.0444402133539523 -0.0527842763379277
-0.143255024212664 -0.00147484498485848 -0.26775632253447 -0.00334298741206098
-0.103069408873246 -0.0313021419401835 -0.483955586808545 0.080857957052789
-0.0245881168034911 -0.00415468315222547 -0.637469599780785 0.128348826366174
-0.0264905247649837 0.0964627818790102 -0.730629452615631 0.213170318083828
-0.168253249149961 0.0566763072509651 -0.738816270094942 0.159528905261261
-0.0899794299803841 -0.0901330228543627 -0.593037269982153 0.020456753101849
0.0736459575174919 -0.0449988607112217 -0.257849505457356 -0.0533852596449845
0.101301663728185 -0.00117158746951377 0.168031539291964 0.173500991808018
-0.00934714568965847 -0.13485726993832 0.62086841516912 0.161402989774973
-0.126481083027598 -0.0336715323952866 0.700325418290193 0.0651770673190206
-0.0617551671700428 0.0644361236673266 0.749864509211253 0.0822136590436025
-0.025048114232708 -0.0066546105589153 0.737279906691322 0.000373870013775691
-0.0738656172819388 -0.0349738252667371 0.493544773231339 -0.13236836442019
-0.10921893947109 -0.0315576843270276 0.174402011905436 -0.129308164073043
-0.127576222007493 -0.0103045529101134 -0.10045979982017 -0.0581864644721028
-0.113090827705894 0.0156846183671807 -0.317860064694042 0.0115860486750871
-0.0883691706539092 -0.00560757641269685 -0.498297147695838 0.13254463786586
-0.0213836269937792 0.00214807533770529 -0.594199210298691 0.217484138732992
-0.00581631447768245 0.0753277753920609 -0.648592375888818 0.343634149947283
-0.113978750987285 0.0623279110964079 -0.689898488230277 0.286727391091919
-0.0767484066960016 -0.0535753471271535 -0.576251441814044 0.0907861963106397
0.0549306575788116 -0.0381544049305743 -0.265897055139358 -0.0326615552885698
0.0780153555618109 0.0049701220718012 0.148591712752881 0.184227448706665
0.0076756149400303 -0.0950665440091296 0.621234078489529 0.215035054847729
-0.0656514402049723 -0.028176070680359 0.686601186172096 0.153024580482676
-0.0368141366622655 0.030545125172751 0.742378738387962 0.212472389592182
-0.0223676172763261 -0.0106566161672549 0.749690391905453 0.0987979649498071
-0.0515927126366977 -0.016642286375938 0.494026934238147 -0.0991944421786534
-0.0658788221120915 -0.0130904308038351 0.148355078773517 -0.134117874956605
-0.0742703483331006 0.0010344502436819 -0.142950717965551 -0.0588994328719097
-0.0621170567920175 0.0276217492872875 -0.352486216609775 0.0304399119071531
-0.0582637310712829 0.0160785937645507 -0.502074640483674 0.1797727280464
-0.0156370833153398 0.00957971922009221 -0.554448928899008 0.286279750113697
0.00246447787715801 0.0453238273826318 -0.570069511806859 0.424476899579899
-0.0569445163102904 0.0415337130589085 -0.632608539825963 0.37650418601598
-0.0435800963040507 -0.0212301246192727 -0.555383126181487 0.148467346757372
0.0350863785314057 -0.0202286735374461 -0.27353928141972 -0.015975413062876
0.0433815261178754 0.000480618215397938 0.136570957487997 0.190687298598608
0.00516779682582911 -0.0448046895444167 0.614540806823356 0.247792667357068
0.00132897430017427 0.00137741425333884 0.671807396047516 0.209823210845502
0.00583220437293179 0.0018811210069156 0.725609968653716 0.286666399037039
-0.0174434505323264 -0.011708540874042 0.750615112702357 0.154508526625616
-0.0276931037341751 0.0124952619396133 0.491505321006383 -0.0749616595518535
-0.0137661071922874 0.0109647382770174 0.136192828033093 -0.132232051631942
-0.0108019951502409 0.0116973716984344 -0.162169565277434 -0.0554419027007315
-0.00126782986582298 0.0327044883250527 -0.364932836037731 0.0463139137669506
-0.0205307434627587 0.0307714010748828 -0.496196195560127 0.210666364213259
-0.0110034084165475 0.0140023026971112 -0.528805362931158 0.323885600941147
0.00158531957923876 0.00939124186678316 -0.521543187641635 0.466894802119349
-0.00321350405495039 0.00256354585431274 -0.592268199588597 0.422079267877725
-0.00253190248313443 0.0045990982372151 -0.543732908948468 0.182983890149076
0.0153102497583715 0.00298370205757167 -0.279136254446561 -0.00766786807551538
0.0043130033731834 -0.00678447114823368 0.136670531499384 0.19502561844124
-0.00245460098940313 0.00748394989972234 0.611333943292449 0.255272380428571
0.0675601487873696 0.0365318231863484 0.671863700900832 0.224603403448775
0.046922072641796 -0.0234225978746849 0.72980588823474 0.296969171033369
-0.0109713890844611 -0.00846335469942147 0.745849757999452 0.16252013452208
-0.00219407918366537 0.0450920511161733 0.487891580911614 -0.0673533159633115
0.0401465921210836 0.03645774603539 0.140943091887246 -0.12640089096106
0.0553964336792373 0.0199035828309856 -0.158397251499531 -0.0492373099938256
0.0596888073488213 0.034326409461271 -0.359311721716697 0.0544715257225987
0.0180845864566962 0.041654625463978 -0.490037816020748 0.222019940898348
-0.00852780079592882 0.0153742425965605 -0.528761882445377 0.335283301701745
-0.0036312887123746 -0.0279818909801383 -0.513899826572649 0.472295489388488
0.0479420661990468 -0.040352242543049 -0.584201332906449 0.43154553950269
0.0395339860484994 0.0285152065345169 -0.546840093580022 0.196184816947595
-0.00608285138713315 0.0266690611642353 -0.286098419184629 -0.00928187479670075
-0.0316234715220715 -0.00694313567917201 0.149249866201704 0.191844830978298
-0.00150400716655576 0.055971571128382 0.609884305872136 0.233804983628473
0.128192498602835 0.0529742447094501 0.688885789088036 0.194152544637796
0.0746340100112487 -0.0497620826500039 0.745017353177511 0.234750872542445
-0.00700107627009426 -0.000761709135994958 0.738619102906915 0.120126188992691
0.025385401147792 0.0726338607941341 0.487537433967365 -0.0702132664664812
0.0917945954539093 0.0536326170273874 0.161161666413867 -0.114259053726014
0.114488497132875 0.0260175211127726 -0.131321722865011 -0.0389168647939369
0.112958633211547 0.0349023843482602 -0.334389704975419 0.0539266509241424
0.0507807026897226 0.0514889788112662 -0.483717082281634 0.211455328438045
-0.0065944461695749 0.0157220064122626 -0.554718872437972 0.318566198203444
-0.00434726067356963 -0.0650037405349534 -0.55156391038449 0.442624102796751
0.0988924595791817 -0.0733228945547776 -0.606504959380008 0.402628287509761
0.0736919050635505 0.0540746066982104 -0.562886741734043 0.185270097104963
-0.0296196406506105 0.0462717857909019 -0.289911199685506 -0.0226977786597737
-0.0562098631466357 0.00301119377691223 0.169025708050927 0.18147983053426
0.0161182841847212 0.0866765240864451 0.609137992584899 0.19227039155289
0.173297290304047 0.0403798969623258 0.712809311459498 0.118176568831611
0.0787123237033339 -0.0741901440804272 0.75460436810968 0.115148235194708
-0.00322357915187177 0.00704129716175458 0.718887512926453 0.0404909738438788
0.0525168199674157 0.085609669059355 0.48820888895527 -0.0848282951410454
0.132900375769071 0.0575856403997597 0.194997926267187 -0.101792984435391
0.157424163798763 0.0267268597645314 -0.0840349565019995 -0.0267315098246911
0.148154921052548 0.0385855417845317 -0.295181483049283 0.0489507959947483
0.0711261330734968 0.0627060026425414 -0.479049624304182 0.18335895409872
-0.00549472241969353 0.0143426205537507 -0.602391297968323 0.270782857065571
0.00572208159054451 -0.0958158198049454 -0.623488665077924 0.372785611422285
0.147555894857231 -0.0842222544680584 -0.652147144384105 0.331717514441665
0.0875855499911454 0.0853616962395259 -0.593769609045269 0.148448828033913
-0.0570834451217561 0.0555397233401868 -0.289959069727617 -0.0427584596366191
0.100812483790399 -0.0352611399108312 0.212805933242499 0.133403484004928
-0.0780480154156254 -0.145244427616497 0.606679677335472 0.0294525144641827
-0.173485364263819 0.02543079389786 0.695227933677627 -0.163868350272575
-0.04241427307486 0.107510866790639 0.676213295518846 -0.233042321163572
-0.01853529458922 -0.0040707082551714 0.640488480746518 -0.215768284802055
-0.0969027625327722 -0.03658069792879 0.485325503282605 -0.211382429782242
-0.147826836762158 -0.0362329170852935 0.252466754701513 -0.128031671045164
-0.171674595998882 -0.0229145518991146 0.0180708466279475 -0.0455125662644204
-0.14904435133282 -0.0177319317761616 -0.210985307937068 -0.00852070367958749
-0.100389468959726 -0.0509815585056987 -0.465234161227454 0.0407167155982313
-0.0264138257800971 -0.0082718884303375 -0.675874568428754 0.0347024261295018
-0.051696881480772 0.100582403932729 -0.796313152138721 0.061988989693531
-0.199897338508423 0.0285150428897265 -0.764763122033553 0.0249019838697026
-0.0817641066801661 -0.116999364020963 -0.606811076640477 -0.0446494273317908
0.0859408357079881 -0.0408931089138599 -0.253050092042574 -0.0714920475121239
0.109673804056635 -0.0183570960239711 0.193687575658576 0.156371298650051
-0.0453284940685533 -0.154260163073459 0.618812350872039 0.0914563404896824
-0.167508902292498 -0.00868932103442834 0.707177139514233 -0.047730146883518
-0.0607808262710494 0.0950603009884294 0.733196560118536 -0.0786088789779007
-0.0225091591949049 -0.00508364733910593 0.700353444254665 -0.114615540007702
-0.0897769083831771 -0.0410913949480171 0.491023338187183 -0.175428095577933
-0.139236210111152 -0.0374648984647182 0.211318955756333 -0.128364249527618
-0.163318909566649 -0.0168890974639471 -0.0447641623316306 -0.0528395483388736
-0.143988350249839 0.000438469418058028 -0.270414408274137 -0.00127743017972454
-0.104172549248415 -0.0303414330385666 -0.487044027962638 0.0860785795368419
-0.0247966630431413 -0.00470064123284238 -0.640491419472806 0.13440100184012
-0.0252981436937788 0.0965024032909848 -0.732832826915402 0.217486908527893
-0.166399005045413 0.0593950402108961 -0.741546744437482 0.167382540390766
-0.0911901041855117 -0.0898895578572788 -0.595983906871588 0.0248868279079703
0.0740494051604168 -0.0463308168852331 -0.260235835265121 -0.0511267969976095
0.101939306624232 -0.00309880134708025 0.171176245101486 0.174370635170675
-0.0124685350811611 -0.135259675250702 0.625853112057442 0.15535379295946
-0.12742285446018 -0.0324342813917642 0.704402838752427 0.0615830376249141
-0.0601591773764392 0.0652759612766926 0.751537101686153 0.078865807971072
-0.0250519232959411 -0.00726352009473235 0.741298129131251 -0.00322594388088017
-0.0737829838183595 -0.0347096949947212 0.494848424366782 -0.138816601657942
-0.110134127354622 -0.0295953549834541 0.173830785725835 -0.13081952804174
-0.129800924225031 -0.00756963773806275 -0.101855902047959 -0.0568969588439024
-0.112616082371794 0.0170449761451186 -0.320920302660319 0.0149484575182559
-0.0888947328643429 -0.00377795449637116 -0.500932625686908 0.138040907781873
-0.0211772735354804 0.00225769124398372 -0.597347783816501 0.223603401050863
-0.00418230701905073 0.0757284620867554 -0.646455390969461 0.345859081886651
-0.113701690215703 0.0642641071145571 -0.689407948200349 0.29322884533999
-0.0777676367291197 -0.0523158380023506 -0.577032479890005 0.0952629980013808
0.0542507522380596 -0.0391740780879932 -0.268050198409405 -0.0315798101457468
0.0788502789017554 0.00437099513998132 0.152468675658965 0.184780252154454
0.00466831506794106 -0.0957970332823475 0.624853887520992 0.208256083731593
-0.0656006923345638 -0.0281308471849576 0.688739309796466 0.150593942470077
-0.0356185176802681 0.0307670589765532 0.745921209599564 0.208985872467728
-0.0234224003516775 -0.0108392825965587 0.753794971642617 0.0924611762240917
-0.0521420646698319 -0.0162686538241632 0.494548793173717 -0.104775822103846
-0.0662873409050932 -0.0130713508695524 0.146904072621971 -0.134238270103352
-0.0758458052702433 0.00194935067105298 -0.144410243791762 -0.0575954960355959
-0.0624788422726173 0.0268802925584368 -0.353109656432481 0.0337616904969258
-0.0583769208502369 0.0168570158993854 -0.502642678594519 0.184678246764132
-0.0162228576296174 0.00931345396225252 -0.558005801574726 0.290783734590164
0.00315795965749902 0.0445702219229284 -0.568916179513291 0.429675994730393
-0.0565639761890421 0.0425325224368174 -0.630661324150803 0.381382189084935
-0.0441864519439935 -0.0199891402716525 -0.558212651103562 0.151770398983707
0.0346894118676404 -0.0212936157153703 -0.275944065828621 -0.0139703566493217
0.0434238732634762 2.28782574296844E-05 0.140540106632513 0.192587988450047
0.00436461529820773 -0.0453350661152581 0.618306214551469 0.241558540299653
0.00128466692133714 0.000196205224761074 0.675662961883989 0.204919315958332
0.00515026216369364 0.00213185294842021 0.733056266207939 0.283142551654645
-0.0170805983301212 -0.0111662576806734 0.756860508257026 0.150637770097139
-0.0267900922407194 0.0126515723420637 0.490817894226982 -0.0810702883191552
-0.01371974116103 0.0108370615463008 0.133809157346026 -0.134436667622973
-0.0110316415181654 0.0117045852958787 -0.164935839901481 -0.0536525468060461
-0.000462897008715532 0.0325757119387329 -0.367361879569053 0.0502644487170781
-0.0194105650723329 0.0313953780923081 -0.497982060739289 0.21647435179948
-0.0108214292959786 0.0140724710731728 -0.530448224450961 0.328344792742523
0.00171284632016409 0.00916230835777148 -0.518660233380632 0.470518449045304
-0.00322254766703182 0.00251028611751335 -0.590937504641583 0.427915852890514
-0.00113372438523885 0.00463171365567507 -0.544243809996114 0.187339056538199
0.0156172456836399 0.00328336089397496 -0.281633062938578 -0.00550432783041559
0.00389141130933214 -0.00679904828744849 0.14050260410245 0.196718328155916
-0.00346005516870199 0.00823879447566397 0.614957970157386 0.247627210238611
0.0678016375050233 0.0355065331817155 0.675991476783693 0.221489287447497
0.0470642015843035 -0.0245232330228029 0.734188475179696 0.292930921248563
-0.01171241006964 -0.00781790929227497 0.750516512773922 0.157667523936769
-0.000351069558100665 0.0452065484130183 0.487812835800611 -0.0705531472115824
0.0408612973510723 0.0353620769341005 0.139881561640275 -0.129019588762989
0.055794342802138 0.0205075872895624 -0.160302015324706 -0.0474437908028199
0.0611934883467215 0.0325973918365744 -0.360950188911964 0.0577935857344873
0.0199032358396054 0.0421910652123142 -0.490882973744181 0.225589286468989
-0.00807382808395131 0.0158318627894382 -0.530107924440899 0.341434087502225
-0.00435350679300351 -0.0278641830004791 -0.51169207987369 0.475251658792105
0.0473118434250399 -0.0410387922914019 -0.582479212174833 0.436758853818314
0.0407975683777108 0.0277200994757314 -0.547251995078605 0.201807015017915
-0.00555463794225648 0.0273621153287894 -0.288349688479106 -0.00712863511177473
-0.0320174649055933 -0.00599871942997009 0.152659367999178 0.194098987283781
-0.0014510584405515 0.0570414588789429 0.612649483542411 0.228213369155267
0.129967324381608 0.0513417404767175 0.690169771599767 0.188198288363493
0.0746114815962431 -0.0514580936769801 0.749226719559305 0.2327602231918
-0.00759387489976591 -1.01383070644431E-05 0.743283288670093 0.113794687278255
0.0279189717689079 0.0722721018157785 0.487295784685251 -0.0728526084790953
0.0928158711403033 0.0521640598677688 0.160105728767623 -0.116102709408161
0.115062958249515 0.0242551839978525 -0.132255151729607 -0.03639295155119
0.114154976906324 0.0328999525316027 -0.33623599295226 0.0585113356638141
0.0529849154930561 0.0504781667242457 -0.484829010606921 0.21647601709427
-0.00545709209036456 0.0169208640386236 -0.555775578454544 0.323665203153349
-0.00529641974996217 -0.0639372059894232 -0.549698891885104 0.44595066030198
0.0986043921169601 -0.075248242376483 -0.606546531311793 0.406625069325536
0.074764720320965 0.0539279759661075 -0.564987262817425 0.190031354292118
-0.0289613809515234 0.0470410044309508 -0.292651794190364 -0.0192764504925108
-0.0562680840748294 0.00447503374853689 0.172437699637462 0.182169534632409
0.0167855368641712 0.0882427850697884 0.612741821815512 0.1866653174995
0.174375416058088 0.0371385172654345 0.715900513656557 0.113527565292781
0.0767646026993765 -0.0756263892055468 0.758767948862227 0.110573001451108
-0.00299964199661378 0.00859922395617575 0.724237034908711 0.0347702170323577
0.0548857238681108 0.0860659207505052 0.49053450352326 -0.0889334837563176
0.134898765234436 0.0564127645158839 0.195067525163184 -0.103674032679586
0.158080777464205 0.0247739858199726 -0.0847690674052693 -0.0250187083019805
0.150293757079604 0.036535311986715 -0.297363247086478 0.051574907744455
0.0735620378863756 0.0622572977105795 -0.480609729284614 0.186957477662263
-0.0043207001261316 0.0154665798835692 -0.603130646344194 0.275288691852599
0.00460870989033393 -0.0956630268410859 -0.623112156690882 0.378613000683907
0.147554086764736 -0.0861162692007497 -0.651022110147602 0.337914162721927
0.0893991237450828 0.0846294161958256 -0.592663302292879 0.154060289499813
-0.0553055185283727 0.0566724123698703 -0.292043282012315 -0.0399216586435796
0.100432324075114 -0.0369944706320477 0.218115766951714 0.132532783975176
-0.0819119776824983 -0.145002065261169 0.60906093010301 0.022094992663834
-0.173740514042216 0.0291996295505356 0.694703054777518 -0.170378533690662
-0.0407695070128728 0.10778172370016 0.675252371062989 -0.240391738454463
-0.0192305961929711 -0.00491289031792106 0.641682958649825 -0.222684258402031
-0.097652377865977 -0.0358482579892266 0.485303236948829 -0.216704836672775
-0.149704710437256 -0.0338734866219955 0.253359292586848 -0.131502628358366
-0.173574942972656 -0.0200581978505776 0.0181159286836989 -0.0449920435047815
-0.149835640275918 -0.0167128802640242 -0.212833537621024 -0.00647801137254896
-0.102283609505419 -0.050463247248793 -0.467470084603546 0.0444746203731536
-0.0279612521090311 -0.00896639943222012 -0.678856374945364 0.0404822910479574
-0.0497712668128224 0.100836986573777 -0.798357097531684 0.0684076004325321
-0.199981852568696 0.0322571988336415 -0.767012834940706 0.0303234412920347
-0.0832685572617241 -0.115963519474494 -0.609276110228471 -0.0392112084305815
0.0844991655819468 -0.0425209729834552 -0.255700993888217 -0.0702162223505118
0.110183552839431 -0.02073912849156 0.197443575823842 0.156684990101397
-0.0493999572982337 -0.15458667414679 0.621729479798322 0.0843262203809276
-0.167468838547969 -0.00568427244884992 0.707983509257753 -0.0545715122224449
-0.0589009301013286 0.0952879541548514 0.733538190210576 -0.0856136028791464
-0.0227492565716568 -0.00547753051158789 0.703749780511651 -0.118487490617746
-0.0911768914278362 -0.039893757509772 0.490412208834037 -0.181679168300815
-0.140190155082554 -0.0355145476907267 0.21075378993881 -0.131372959819468
-0.164644106464866 -0.0141540041254701 -0.0461403279990752 -0.0516188957971293
-0.145443602051655 0.00128913473094692 -0.270905514839192 0.00248804816448308
-0.105684860955713 -0.0285529886474651 -0.48909863459484 0.090902195370955
-0.0268102507902888 -0.0055531469111388 -0.641172973226345 0.138836213834783
-0.0235485202607734 0.0964026901774595 -0.730723077140407 0.225609387590203
-0.16643023503869 0.0627724150650571 -0.740654533796026 0.173493644277669
-0.0932494233417283 -0.0882282745984405 -0.59892732912853 0.0286773278452814
0.0729049594787197 -0.0477279819884296 -0.263544872055308 -0.0497316270497079
0.10274907826588 -0.00528909939264473 0.175196463666202 0.174365437282369
-0.0153449527546229 -0.13590899796092 0.628517106012204 0.147781070033116
-0.127956392814302 -0.0300177114391538 0.70333268950377 0.0557697040558802
-0.059387103953577 0.0660115769797203 0.756272606280467 0.0730268971600915
-0.02540912203863 -0.00793754654223171 0.743677713568932 -0.00945515120767419
-0.0747890037193936 -0.0336422282933377 0.494970447611894 -0.143581044170637
-0.11095081754606 -0.0289827835614184 0.173172599552517 -0.133435047838055
-0.130416213359964 -0.0056813071940057 -0.103119406147393 -0.055354735661335
-0.113493877187118 0.0185531341302413 -0.322423616585075 0.0179843706215332
-0.0896635578050634 -0.00343697661938442 -0.501116978862423 0.143711018496499
-0.0225026641991932 0.00183597025221448 -0.597785594460072 0.226986982259932
-0.00413440100441088 0.0749231108540306 -0.645300961955794 0.352322292101801
-0.112501193774663 0.0659501055463692 -0.686774950066529 0.299298883362888
-0.0788542721685806 -0.0520122440492659 -0.579513247900596 0.101177495677611
0.0542037030406166 -0.0405166453868367 -0.270372456403197 -0.0282097945253135
0.0787333240546192 0.00229148603179047 0.154960273075054 0.18550405178607
0.00277908549023796 -0.0965418609387517 0.628013929873176 0.202425961575535
-0.0662875770312682 -0.0274253590604939 0.691682476226918 0.144273727355826
-0.0350821159491241 0.0306640987984313 0.750150219100853 0.206302260312821
-0.0230611347223093 -0.0105492008213094 0.759606759728235 0.085011980983311
-0.0515504328517716 -0.0151888692141877 0.495586480885163 -0.108986070101749
-0.0660144383491677 -0.0118647170525933 0.145533528000813 -0.137878534599217
-0.0767315174992949 0.00249513808197361 -0.146245007501488 -0.0553360076905693
-0.0615654526484739 0.0282816140898941 -0.355661341253431 0.0389111624702613
-0.0586360166385743 0.018484087095014 -0.503746611286505 0.189108281788386
-0.0164583551727297 0.00968349192285751 -0.556754633412764 0.295464448840179
0.00349881414809534 0.0441829849147986 -0.56624267333886 0.434858798845633
-0.0554995077652761 0.0431962564018211 -0.628325115476511 0.389416220326833
-0.0451140922359077 -0.0195111059695843 -0.5575018286976 0.156871037790024
0.0349243069772546 -0.0221205793735838 -0.277945028548674 -0.0115586424763461
0.0440960246527407 -0.000636331714188443 0.144644946395241 0.193882650431848
0.00233417818810075 -0.0454759306178734 0.622605254551361 0.237507018698685
0.00117437588608516 0.00092574530388709 0.677403559524327 0.199839512589417
0.00472700412503098 0.00116290596907011 0.73705058753137 0.278863610815681
-0.0175700256796094 -0.0112319273219258 0.759624538375142 0.145226965687436
-0.025759482894504 0.0125897297452417 0.492196988275779 -0.0860767272468526
-0.0131341344971976 0.0117467450068748 0.132903303852199 -0.136410131318216
-0.0111533815892937 0.0119037843659448 -0.166364486524606 -0.0514058443830941
-0.00024408879838549 0.0318800133915902 -0.369178452268248 0.0538427550578723
-0.0185241856164865 0.0325718476777 -0.498547841542356 0.222147998885617
-0.010999742223159 0.0145860353457182 -0.530551608274155 0.332780692876988
0.00120231169805831 0.00910227687425641 -0.515944980301747 0.47558082152498
-0.00296260528118522 0.00259955211983685 -0.588161799599833 0.434948293887214
-0.000869267475573744 0.00498815464809954 -0.545104709570141 0.194350941885335
0.0155206815693808 0.002617143582648 -0.283685413752659 -0.00202707369619453
0.00325635412470771 -0.00585724538187096 0.144921609648299 0.196388803098304
-0.00382183687032668 0.00819286473833318 0.618674971639488 0.242875092465308
0.068774055053196 0.0345761104587605 0.678313370944623 0.21480453961903
0.0478387639434195 -0.0250270056782855 0.739479020891632 0.28697042390996
-0.0117561692926315 -0.0075088601590014 0.755812013185517 0.150362536407838
0.00102847817941812 0.0454992327729547 0.489552016343981 -0.0748256715769357
0.0437066701668832 0.0352178332916943 0.137513748695091 -0.129573915208524
0.0572210473083165 0.0193444167426609 -0.162837635114901 -0.0444863336892205
0.0617702172865471 0.0318243524540672 -0.362778581092261 0.0621310005086136
0.0205233995531114 0.0418510704481916 -0.491538363282632 0.233343254630106
-0.00686696511091195 0.0171773164803831 -0.530612571392035 0.346563181715684
-0.00481014293370043 -0.0279475987729479 -0.508629977355203 0.48082376286951
0.0478146985265564 -0.0421742055502756 -0.577580324621269 0.442624594969042
0.0417602633049315 0.0271877046113869 -0.547992844880766 0.208999528914367
-0.00468362139750178 0.0279810920214987 -0.290389720269772 -0.0053280849677341
-0.032361178866238 -0.00501507616134751 0.156641556759461 0.194758253747993
-0.00177285206662575 0.0566318356907639 0.616075474687773 0.223280424442654
0.13137489647731 0.0489175886288198 0.692933691868008 0.183595813570064
0.0734378604491315 -0.0528066475458201 0.75497927154846 0.228078849595559
-0.00730543681920329 0.000677826154467402 0.747395165388237 0.108586781374319
0.0299738415635235 0.0728466413323365 0.489543558929893 -0.078513112961758
0.0954479945665668 0.0516088977660731 0.158763074336023 -0.117779348288539
0.116300444360035 0.022938824118969 -0.133774678401104 -0.0352737750266001
0.115635168873547 0.0313583109346154 -0.337416189160882 0.0614673144582447
0.0548714827493028 0.0517707148729125 -0.48558983250818 0.219694396392683
-0.00480244045385385 0.0181448636951803 -0.556784617274057 0.330613404771255
-0.00664170402275528 -0.0643419199002518 -0.549195467411545 0.452646369326842
0.0971058129698907 -0.0766180990039968 -0.601615399755469 0.414674990981397
0.0758019078641141 0.0527985698677187 -0.564019072831338 0.194868268806608
-0.027528972274056 0.0477436689523952 -0.294604282527289 -0.0169125453286378
-0.0564686566196963 0.00532561680884482 0.176572441719082 0.182237862739807
0.0176937267827224 0.0884337781139181 0.615907547692432 0.177708067197584
0.175503757476043 0.0344983478355892 0.717940224348955 0.108133585704719
0.075586124668071 -0.0778389960667726 0.764268442899272 0.106044221551366
-0.00336221844431131 0.00950752059893259 0.727334788055513 0.0281653150138258
0.0579125378154484 0.0858508222102948 0.491706067443414 -0.0938008518423968
0.137106119433549 0.0545198836741074 0.194239936077194 -0.104795004838026
0.159248313707897 0.0227995799284953 -0.085113530361627 -0.0240349048215825
0.152054372514321 0.0335991319166464 -0.298222574437911 0.0552233813284527
0.0763271769950299 0.0621174924291642 -0.481599308964785 0.1927779483773
-0.00345282684414259 0.0161654242836814 -0.603157733645681 0.281825397778391
0.00247588249809005 -0.0952234756818415 -0.620732518678574 0.382172335031004
0.146380522841415 -0.0895884722617141 -0.650322688320508 0.344695765845733
0.0919350971135377 0.0837794805180987 -0.592788770869166 0.159305419470129
-0.054234831775982 0.058924095498188 -0.295085526583505 -0.0369166902454661
0.100341783272211 -0.0399318938500092 0.22219410521841 0.131556910970241
-0.0859237766309793 -0.144324853616819 0.610558161727405 0.0143163944581822
-0.1734698457613 0.0309686083366304 0.693407212170906 -0.178116043516656
-0.0382197774976883 0.107582691575634 0.676197063177676 -0.244921641728312
-0.0197309704761955 -0.005759036814518 0.642384949559064 -0.228564898935628
-0.0988445109892505 -0.0347995597998942 0.485531282836383 -0.221401610946134
-0.150288401849231 -0.0316877839623281 0.252850100733538 -0.135254954557472
-0.174782470232606 -0.0170459655414601 0.0171136726337396 -0.0457061485796213
-0.150670976649281 -0.0142999832584721 -0.21245026839679 -0.00393283672186586
-0.104549708013226 -0.0490443088832292 -0.468290894141267 0.0485077232770246
-0.0281962051062206 -0.00859566672550386 -0.681920838003179 0.0475024615148203
-0.0483208152295467 0.101775588213069 -0.799301824367789 0.0764976480794355
-0.200058703367014 0.0360958258539675 -0.768545928448997 0.0385050772948513
-0.0858021390152179 -0.115181457054286 -0.612407966106109 -0.0329118079060124
0.0847485091626085 -0.0446112576229958 -0.257333137531589 -0.06730475387656
0.109802708089232 -0.0236199386700781 0.201786815226204 0.155896516322178
-0.052307194684478 -0.154206046415477 0.623612126482187 0.0753813663240174
-0.168355458662236 -0.00377382320316185 0.708394751192958 -0.0607563038743223
-0.0570285603970514 0.0961062059231901 0.734973205730956 -0.0910960857623435
-0.0234903931274227 -0.00596052620576212 0.704566748372456 -0.128307808757837
-0.0922072809300618 -0.0392492421352261 0.490529321932104 -0.185979833039759
-0.141591925812785 -0.0333367553160578 0.209017367639257 -0.13401497523928
-0.166762573478548 -0.0110478686077855 -0.0470245202371644 -0.0515214715554786
-0.145049350591405 0.00404436211759177 -0.27258929594013 0.00507720232478588
-0.106851711329005 -0.0279554981511402 -0.489946902366455 0.0952961963913132
-0.0266708898758878 -0.00575849539678336 -0.6446703852915 0.14456927898169
-0.0216767575171894 0.0955790436164181 -0.731575031089395 0.23165282050661
-0.165807305475269 0.065329664697819 -0.741814733563457 0.179452912940129
-0.0946411699960762 -0.0863062743645706 -0.599952894815487 0.0363557526157054
0.0722135911274617 -0.0491636920750219 -0.265534591502421 -0.04678467717107
0.102571909800199 -0.00780805443147212 0.179851714792937 0.174289943946281
-0.0185099489058058 -0.136004463547986 0.630403131743377 0.140202444905655
-0.128858484866555 -0.0286622023418965 0.705217417216948 0.0500038447764526
-0.0573136530805829 0.0658065673657096 0.757913954095901 0.0679904077769405
-0.0260531998672771 -0.00837093191928297 0.746227470936294 -0.0181258766308306
-0.0752977727102054 -0.0334493799657552 0.493602170390464 -0.149770970352164
-0.112231639211123 -0.0265359134594389 0.17009404951327 -0.135606218348448
-0.131692949653945 -0.00382722682123705 -0.105443097621638 -0.0539956427453318
-0.113149389608656 0.0197326574887337 -0.324532350481149 0.0226299564391722
-0.0903279646925132 -0.00121295117109294 -0.504096570612534 0.148341552347595
-0.0227760116983943 0.00182708872770902 -0.598734727644507 0.234307069251607
-0.00312619132839724 0.0736867058197722 -0.644298868112875 0.358632340639423
-0.111157790761605 0.0682588184276796 -0.684452328242534 0.308784560998649
-0.0789362799945428 -0.0498466321302674 -0.579401290111855 0.108276005452916
0.0537545454803445 -0.0413424957688034 -0.27295600323762 -0.0253726752621382
0.0786918091223498 0.00106832808942608 0.160215374559788 0.186597957866612
-0.000219358821895721 -0.0958609531601161 0.631776088319155 0.194810391410622
-0.0669907501330575 -0.0266240501499226 0.692446003039329 0.138251753744776
-0.0342731572491646 0.0310680169780379 0.755185313388599 0.199662173208891
-0.0231927989931588 -0.010914434766366 0.762787598887315 0.079996074549093
-0.0513005049519985 -0.0150007228918487 0.494222351797786 -0.114885348810843
-0.0667071148658304 -0.0108699664496531 0.143379357143909 -0.138294258779014
-0.0778712646897763 0.00434319973207 -0.148090697595542 -0.0524235886578984
-0.0615396416741107 0.0287366429274648 -0.356835305792552 0.042783831285485
-0.0578700040882187 0.0196826959266371 -0.504856302423467 0.195743500784473
-0.0166997377670429 0.00972834547345847 -0.557940998939233 0.301484808521876
0.00334168716976762 0.0438963817836972 -0.564735240899647 0.440181323456831
-0.0555745042388458 0.044162592141002 -0.626378485797564 0.397921102042681
-0.0450420229418486 -0.0188537080206173 -0.557842310070449 0.164514488198187
0.0345341129842186 -0.0226599221734832 -0.279823108000362 -0.00822475948351526
0.0435204587469392 -0.00162971361746124 0.148813734307018 0.193784619879198
0.0012180504760625 -0.0452134222951785 0.625174626318626 0.228713690497642
0.00166859148266974 0.00104404526713195 0.679827948742546 0.193203629977892
0.00532108015964233 0.000840385020301861 0.742296979344935 0.274330788097165
-0.0177976054391851 -0.0108968477764745 0.765477297929038 0.137469344384298
-0.0253206211331837 0.0133167317956426 0.490704105053428 -0.0904972033729121
-0.0119760484023626 0.0123276989620449 0.130922784729141 -0.138395192711985
-0.0112305046901232 0.0120751733171641 -0.168077958862974 -0.0498169275723636
0.000543679133281642 0.0315684562782584 -0.370164354987857 0.0585280481059669
-0.0174405669849864 0.0331347512529029 -0.499360941553876 0.226579157572571
-0.0113964852094463 0.0153824113384146 -0.530515564505018 0.340474990436914
0.00123860681631044 0.00913602524444825 -0.513332424375778 0.482771711093328
-0.00295890743668408 0.00276324071314119 -0.583688353960141 0.441718285146451
-0.000561996747769206 0.00536380714998367 -0.545280410455251 0.200956530611428
0.0159682662661902 0.00244579214173351 -0.287249863699337 0.00139797224498673
0.00345223369948938 -0.00602440065064314 0.149012386491145 0.19722737561612
-0.00431326224638774 0.00892239408519352 0.621893712903379 0.235618174061989
0.0694827545328583 0.0331335996453062 0.679190843653282 0.20979714151219
0.0464547916801732 -0.0254769647775813 0.744625331113157 0.283807012225156
-0.0122771704135056 -0.00677905840057944 0.761924213496378 0.142418721506925
0.00248467622863865 0.0457774731529859 0.488666452241591 -0.0804511334532684
0.0445854780241797 0.0350326535445554 0.13479450201981 -0.130834178493089
0.0558973716968933 0.0187887017943113 -0.16373280590022 -0.0422114339745949
0.0635288026623087 0.030447906305332 -0.363841813161692 0.0667498551654378
0.0227268672594013 0.0426451921251179 -0.4908489172168 0.238864682077785
-0.00666921907854982 0.0174987323574373 -0.530529255448548 0.353052997110714
-0.00509273460729698 -0.0276332156495978 -0.505336858274205 0.486847762715081
0.0464281670950481 -0.0422316245564545 -0.574560650211689 0.450875701588482
0.0431143259272401 0.0270171087561131 -0.54685535046239 0.21454351900222
-0.00351965740426432 0.028355112041889 -0.292718803877737 -0.00054246626474515
-0.0327177749669967 -0.00365115291226473 0.160766112752287 0.195123063409812
-0.00036186677383457 0.0585117875880106 0.61935132046569 0.214477227137927
0.131887809696887 0.0478168262104822 0.695614679003823 0.178640114166132
0.0720875437733996 -0.0539389765741426 0.760922726377242 0.223481323513303
-0.00682508167117118 0.00137150832237628 0.750419196868581 0.102139237139686
0.0326220569254291 0.0724492085132559 0.488363842693191 -0.0832812919279903
0.0978460225222382 0.0502226136382164 0.157209740730152 -0.119327036676093
0.11699315660401 0.0209249787636461 -0.135473745731842 -0.0329704818130156
0.117129008543506 0.0289263130744097 -0.339176569160598 0.0661590974785864
0.0567500401941117 0.0511186639598138 -0.484793890210768 0.227661854777737
-0.00344744585758161 0.017998022226795 -0.555330620341515 0.337821638560514
-0.00815115704546831 -0.0643282567004792 -0.545694335805704 0.457589855433307
0.0963308318277139 -0.0786981427989814 -0.598086631936551 0.420511389507182
0.0778418839738204 0.0518823978329605 -0.565064167160379 0.203324036998671
-0.0264270189053889 0.0492219545424756 -0.296751374994328 -0.0125998027726832
-0.0568115914829071 0.00731520453542279 0.18105563922834 0.18206070915079
0.0193045521643092 0.0885725857102253 0.618910283780849 0.170680954248268
0.176801942808612 0.0314064003262865 0.719178737068069 0.101051179617726
0.0737877428286329 -0.0779743326389373 0.765136140219938 0.101224174586138
-0.00338379430951747 0.0105700289552931 0.731056185197553 0.0215208116319184
0.0608943828523178 0.085619403422486 0.492496896224572 -0.0985431386382075
0.139240733422376 0.0522696833138445 0.194054411535263 -0.10739939909866
0.161362335115267 0.0199178255950782 -0.0863202788185966 -0.0230513716582577
0.153290072780349 0.0300592427275652 -0.298734833238219 0.0580243696960562
0.0787235794095934 0.0617820584116535 -0.481861403263019 0.197568845550187
-0.00268600110788899 0.0166432851137254 -0.604389566764512 0.290556373137586
8.95267328302682E-05 -0.0949650070185189 -0.619128617356966 0.389362531755802
0.14535547825988 -0.0920690812726036 -0.648384886697569 0.353231060639806
0.0940419712507827 0.0821475433364028 -0.592920375425888 0.166312193760776
-0.0526608652566212 0.0606124697036376 -0.297290703322779 -0.0343130486194925
0.100049802588346 -0.0422192472944101 0.225253345184592 0.129254975592202
-0.0891826328866281 -0.143731403447253 0.611892038648676 0.00447645174101328
-0.172749419908126 0.0348086129126902 0.691365787849401 -0.184573697315568
-0.0357350812453274 0.107260722599921 0.673473045345539 -0.252181401563085
-0.0207816115932756 -0.00668751292339859 0.642404563801188 -0.236343137696777
-0.100167485219204 -0.0334980140480296 0.483216991726577 -0.227030900160483
-0.152412358417792 -0.0284923984464191 0.251838560929935 -0.138264671597468
-0.176815483898312 -0.0138127720618457 0.0165306128220402 -0.0458853976910781
-0.152134449508528 -0.0126976820508844 -0.213571694432655 -0.00139069354833407
-0.105725722163854 -0.0475957244894873 -0.469494225399539 0.0541154353834914
-0.0292111522349761 -0.0102141650917587 -0.685050156947957 0.0547533752093088
-0.0466076583772885 0.100688071521012 -0.798957200342944 0.0849291053542652
-0.198373127661318 0.0401944720262482 -0.769149722108411 0.0457884220341705
-0.0893091881306364 -0.113744799724178 -0.613896693862069 -0.0255033788171645
0.0840269744286681 -0.0466784017551562 -0.260178739293326 -0.0663532411197506
0.110244140892991 -0.0270938590008674 0.204993392290352 0.154825974858183
-0.0565453346338158 -0.154000555520409 0.626451379689755 0.0659504553402302
-0.168546127193978 -0.000448037810188207 0.707295478042044 -0.0684732816523239
-0.0540409668613173 0.0963144928551828 0.734844511495351 -0.0983088098478955
-0.0232217459735771 -0.00680595930491408 0.704968025330829 -0.134768741753787
-0.0935312359310683 -0.0388180087881842 0.489075560793155 -0.191415314497576
-0.143168029457175 -0.030527096220884 0.206769612989299 -0.136762410953822
-0.168464762999436 -0.00853247327830825 -0.0483540190405458 -0.0509483829474079
-0.14638866567103 0.00570821812802317 -0.273667968232452 0.0081203816382148
-0.108371745397132 -0.0263967153139794 -0.491138433939655 0.100774782466118
-0.0282526860804423 -0.00693011022798992 -0.647192041257061 0.152202156456782
-0.0203372853148569 0.0949212898254035 -0.729892431355458 0.239885469707945
-0.164016514013846 0.0688774592506848 -0.739613336760079 0.189035361527779
-0.0964201290534201 -0.0844374066451224 -0.600560377277372 0.0435717647976707
0.0714929399100979 -0.051657048413009 -0.267426304575212 -0.0446223991853004
0.103134089454705 -0.0102798400029316 0.183873531796339 0.173384497393997
-0.0216570829168859 -0.136930636480502 0.633949040047793 0.130647922448693
-0.129336926892995 -0.0266127486209378 0.704849202386537 0.042415961497769
-0.0559185427220478 0.0662578714443717 0.760941469708287 0.0609727890276181
-0.0261312159011154 -0.00868530922249097 0.749462531799241 -0.027025985854178
-0.0763046095016506 -0.0328513522622457 0.492570296506766 -0.155356446799343
-0.112666936301311 -0.0245729940906425 0.168108600245487 -0.137277931219728
-0.132953240675541 -0.0014220656832601 -0.106781393499065 -0.0517851159919607
-0.11346948389715 0.0215519481611727 -0.325010411937335 0.0272747487840144
-0.0911919655095411 -0.000269579705522214 -0.502687301072964 0.154485141074061
-0.0234111308986333 0.00141219487057687 -0.598291491270609 0.239391416977541
-0.00118394161783654 0.0740127294112196 -0.642314781324467 0.365924181275924
-0.110721411470511 0.0709115352125104 -0.682445209263343 0.314952444050975
-0.080035455972938 -0.0487662237994026 -0.57920101994136 0.114534846068423
0.0529285063943233 -0.0426925952789626 -0.274791731315897 -0.0220712585059441
0.0794669848516263 -0.000870987749120584 0.163650915729955 0.186937763173583
-0.00273634124354344 -0.0963242284755733 0.634697430133704 0.185326202890381
-0.0673115971120511 -0.0250674783771357 0.69311709319356 0.133199521935459
-0.0339673321590724 0.0316665885107683 0.7586758952035 0.191730148308
-0.0236614758390232 -0.0111085390245417 0.76560300225517 0.0698795755395775
-0.0516013048447848 -0.0150249800711996 0.493228473649351 -0.122161756208575
-0.066367696157234 -0.01046912300645 0.141088626329131 -0.13981394516223
-0.0784158046205376 0.00641389523705444 -0.150022530906922 -0.0506168649961408
-0.0611006738954648 0.0295885836011481 -0.358285888023519 0.0481450703860533
-0.0578636964389199 0.0209053233519443 -0.505184932030405 0.202024797248553
-0.0167850997591596 0.00918233531737875 -0.557305508550223 0.308160488949586
0.00527358494483599 0.043137840407287 -0.558292064398041 0.445032482959087
-0.0533925435708838 0.0456702641280369 -0.619481189543142 0.404832980382712
-0.0445729807596813 -0.0182160240967898 -0.556819329624991 0.171415509697406
0.0337987655591407 -0.0229485575715444 -0.281748744367279 -0.00446285095117016
0.0429637134683739 -0.00196366384143022 0.152966953716687 0.194487986774062
-0.000576475811201984 -0.0450400921408215 0.630545207914395 0.21852109747229
0.0015825081435601 0.000550746968117739 0.679850539127188 0.188046315864481
0.0054419617227051 4.86512211903484E-05 0.748169683253472 0.269535250113912
-0.0184318226556529 -0.0104460475058469 0.769911279180123 0.129532671424482
-0.0242278468583731 0.0136702658477584 0.491059903480458 -0.097459500650159
-0.011804590880583 0.0117080727256403 0.127993738341735 -0.13912703748755
-0.0115010548037022 0.0129035898028092 -0.169270051164024 -0.0453434626126117
0.0013476774178381 0.0314738948357413 -0.371763639623665 0.064017769512908
-0.0167313311357612 0.0339822443264226 -0.498536067837429 0.233478167337304
-0.0107981403217078 0.015123783790508 -0.530377635593356 0.347111147942265
0.00157115306293668 0.00854495070731834 -0.507996248302936 0.485129387388463
-0.0021695301933185 0.0022553350589959 -0.578489670286746 0.449140777754011
0.000249521516289871 0.0052642333389546 -0.543165588378353 0.207891596973853
0.0163554057691368 0.00272856555354064 -0.288465380906319 0.00566091237768718
0.00262838380363705 -0.0058052856519572 0.153065826304805 0.197349638579672
-0.00490909827503013 0.00965754779024419 0.626080914438874 0.227209967654188
0.0706031018458613 0.0313070964040564 0.679835166441042 0.202810489790953
0.0460884262487391 -0.0273159253131977 0.751626543372553 0.277512654398146
-0.0124176445916907 -0.00606879578587602 0.763966175296619 0.138224992276308
0.00470798389153543 0.0452799289835387 0.489122156486589 -0.0878318154386635
0.0461162482504671 0.0334592037930024 0.133131734685114 -0.130930806216412
0.057085646408381 0.0164779093692135 -0.165784321487263 -0.0395070546782971
0.0649375391286863 0.0284033487798244 -0.364686757618236 0.0723149362462503
0.0244573190328524 0.0424540725969756 -0.49052074461015 0.243446089782614
-0.00564014488971641 0.018215029887105 -0.528817309075825 0.358908601309922
-0.00640558268590108 -0.0283616740013208 -0.502178035438781 0.490335249822891
0.0462948848847357 -0.0440232039417397 -0.569088076304831 0.456188928305265
0.0443780098526767 0.0262265927259755 -0.545340932908935 0.221401929899803
-0.00322689810960876 0.028384279221805 -0.293429489992482 0.00269392266693517
-0.033012388775894 -0.00310332658872754 0.165117301664898 0.194630481340076
0.000347794301947629 0.0591881515891703 0.622559290052513 0.205936192046441
0.13382931957281 0.0446657591029635 0.696286574131472 0.172123712818257
0.0709126873177393 -0.0551084505354421 0.763473461595667 0.216269521526958
-0.0084869267614422 0.00216873097611791 0.755626885094178 0.0944114355101751
0.03434329598352 0.0725323348615053 0.490417552130009 -0.0894361254386396
0.0990718615499676 0.0478663479612051 0.154428237339417 -0.120630184510586
0.11758950357774 0.0186554172682169 -0.13623142411627 -0.0305970726805353
0.118121420974345 0.0265901817561469 -0.339227883652776 0.0712198776976014
0.0586654078390726 0.0502950600196093 -0.486122453156181 0.23354311232756
-0.00318166100719155 0.0190427715519348 -0.556258500048477 0.343801290192128
-0.00936104763313124 -0.063749621066828 -0.541429379143473 0.463523617494796
0.0948601741718598 -0.0806714649617029 -0.594903144859006 0.428019576623569
0.0792396982778282 0.0510044137421063 -0.563240264219915 0.211172308226531
-0.025613369667381 0.0499572397541347 -0.298371887162342 -0.00834343176797786
-0.0576848276187504 0.00905545244059921 0.185793138810561 0.180464452530045
0.0206404448139652 0.089685856620618 0.62196789208114 0.162453463730122
0.177129194387767 0.0285605705282049 0.718826134420452 0.0937101442194712
0.0723527497495976 -0.0791362683511963 0.767687509753774 0.0931930303551915
-0.00316354887587125 0.0123798660833613 0.734374871856199 0.0132413397237884
0.0641585372002049 0.0851127562728123 0.492383127643311 -0.104666520948176
0.141050845338689 0.0495702988520249 0.191749420129751 -0.109623801851838
0.16189702784451 0.0170657401018604 -0.0869266810027499 -0.0221717654678454
0.155360784607492 0.0271529140663795 -0.298646967632047 0.0628471694344617
0.0814487678575915 0.0608673898658971 -0.479552336530842 0.203814030551284
-0.00198288702994769 0.017660283156861 -0.602935108209048 0.29710319343364
-0.00146528526909063 -0.0938641908875151 -0.614244532153286 0.396030655588817
0.144058301333663 -0.0953579546515367 -0.643804739305306 0.35835747391514
0.0966100198341091 0.0801478709430443 -0.592827870319176 0.175475673244046
-0.0513377917459595 0.0618062072135689 -0.299957924185776 -0.0297149891977624
0.0987280578054835 -0.0454224343125623 0.229199196018845 0.126958892780679
-0.0936262918085162 -0.141854906396081 0.611114920079064 -0.00406350304816407
-0.171896382335686 0.0377232527138471 0.688807713481804 -0.19285743857942
-0.0332975638321774 0.107592956837302 0.671431433908458 -0.258847806118342
-0.0211934022065509 -0.00842074232806702 0.641485558407794 -0.243511320767036
-0.100904788378592 -0.0323842158932085 0.481501937547573 -0.234694822398206
-0.153546856659353 -0.0268252999663891 0.249841025289705 -0.141819892028339
-0.178339939311987 -0.00986116869251637 0.016532484978322 -0.0462911019096485
-0.153616970845069 -0.00984189094928831 -0.213564560975201 0.000793664206601354
-0.108184310467549 -0.0465844107316054 -0.470606305496179 0.0591577914547644
-0.0294755171858691 -0.0100163058497908 -0.686103473727717 0.0611235036186086
-0.0444776777637937 0.100158146414872 -0.799975618292621 0.0911073339970494
-0.198127195799004 0.0448251562402173 -0.76782696139208 0.055131935762583
-0.0915614667846594 -0.111987902634217 -0.615906070404325 -0.0190061694327569
0.0834856332564434 -0.0492320337277799 -0.262319613571639 -0.0631489821234656
0.108928801454511 -0.0297491927119423 0.210115559490323 0.152802201381121
-0.0612271886007534 -0.152388034425841 0.625473807155201 0.0569690599446364
-0.167955055489673 0.00268992831937841 0.706777188775069 -0.0771498541703989
-0.0516555600903985 0.096148588080566 0.733578107209477 -0.105114080020539
-0.0243700983245441 -0.00738600718209047 0.705572322489463 -0.144514916678768
-0.0947214692013142 -0.0377655342566512 0.488717352199981 -0.1978288210995
-0.144367881631368 -0.0280963592680042 0.204975985811895 -0.139151228830525
-0.169620199153983 -0.00521864276018767 -0.0496057962404004 -0.0500268050960132
-0.145833916976155 0.00815074715635907 -0.274624917065258 0.0125863090637661
-0.110005522917878 -0.0242184350360826 -0.490141378939362 0.106987826032826
-0.0287590355263412 -0.00720185350696936 -0.64607853796408 0.158264570592315
-0.0189281665218479 0.0934837898198206 -0.727530088183578 0.247161924249544
-0.161992273913958 0.0719918288204985 -0.738180851504167 0.197806947976093
-0.0981169707988349 -0.0828038911371171 -0.601242874128917 0.0493330243260447
0.0697825935549501 -0.0537971088913832 -0.269869562510294 -0.0413788342945229
0.103323833143125 -0.0139139355010247 0.18881092712323 0.17262456387415
-0.0263236848234823 -0.137032639324423 0.635730968668602 0.122140861221975
-0.130004475668036 -0.0241638296626549 0.705118553947743 0.0344814142540624
-0.0541610428836308 0.0665139435256704 0.763176982740339 0.0532243213075784
-0.0261121105513761 -0.00975036485422984 0.749774692867162 -0.0358650265678668
-0.0766228776978762 -0.031998559860302 0.490555843365265 -0.160889362729561
-0.114340136232264 -0.0221237822560625 0.1658726851987 -0.139749569023021
-0.133745546589789 0.00222049938103782 -0.108023077959403 -0.0510780938574426
-0.113542654000692 0.0234912845933531 -0.326085162905046 0.0323585145341591
-0.0919848143323109 0.00233602156824739 -0.504328601183235 0.161996501767692
-0.0242619724821933 0.00102534000251898 -0.599022953109526 0.246656409081573
-0.000699740985159771 0.0722761855108358 -0.635516767868623 0.369917732808511
-0.10817594516361 0.0731334551367308 -0.678462002152572 0.322865852474629
-0.0814470703487352 -0.0473982141744312 -0.579618427583115 0.121725099493525
0.0525826726048452 -0.0448781337431867 -0.276754411717213 -0.0183154980784258
0.079072455009583 -0.00377482164089974 0.168684839023818 0.186068490898877
-0.00535735882884749 -0.0963179471512568 0.635415747574637 0.176689474919812
-0.0677977172455378 -0.0239298885586376 0.694589501976028 0.126215461755292
-0.0330203217118184 0.0307332114736972 0.763322155730466 0.184167315814607
-0.024132161481647 -0.0111170849355688 0.770087747169419 0.0596252992344095
-0.0519619459369403 -0.0146312680212057 0.491492736215272 -0.127305012321674
-0.06710135250515 -0.00812042341686065 0.137404087577507 -0.141228254186088
-0.0794796551556128 0.00735274065519745 -0.151506862470396 -0.0473435628723694
-0.0608790129977737 0.0305819578502004 -0.359333596720628 0.053421369352916
-0.0576100883865097 0.0222881620169481 -0.505014013076996 0.209045988417241
-0.0184423084344726 0.00942237963247765 -0.556360117383677 0.315383545440578
0.00550100552533557 0.0422372946863679 -0.554336905425275 0.450445676747959
-0.0528468508276453 0.0471199718799805 -0.614186894422762 0.410585344088498
-0.0455698234546704 -0.0173996637775407 -0.556753880770419 0.17976717070504
0.0335573916801711 -0.0243206359775412 -0.282790811637418 -0.000412088677174469
0.0433988731058348 -0.00386798914753485 0.158091496348411 0.19429593987013
-0.00239529177169144 -0.0444285658129026 0.629675355412143 0.210642636771833
0.00170493568908945 0.000203698114954328 0.681839309030817 0.181732558191198
0.00569699228057801 -0.000130277265095386 0.753294425134516 0.26245488990398
-0.018580622189824 -0.0100657238869386 0.773873599561288 0.118035127420641
-0.0232884610310825 0.0129775063837752 0.489812033981386 -0.102824820590943
-0.0109480770823754 0.0118259929800571 0.125240877697659 -0.140827859787318
-0.0117686342641038 0.0135114881260175 -0.171609061010348 -0.0432104758383009
0.00221810327858903 0.0306353536168126 -0.373311589159738 0.0700811224659413
-0.0159262559038949 0.0346979837842793 -0.497218056740851 0.240225303225138
-0.0103358758006181 0.0152422266791195 -0.52936625743678 0.354130826196548
0.000873991413901921 0.00776932630241274 -0.502711032496331 0.489406782177922
-0.00210123610946714 0.00325075916128897 -0.571849133489859 0.454780511129422
0.000388724771208403 0.00511234408215015 -0.542529124692774 0.215238345927198
0.0166164037218728 0.00183780117403278 -0.288841298965508 0.00983132959193887
0.00193703370325401 -0.00573860852898273 0.159297424877724 0.197742690902387
-0.00568912382202769 0.0107510375833446 0.627956113090238 0.217816007351857
0.0708006373835181 0.0306669006720192 0.68296905426901 0.198711125351237
0.0447054357631368 -0.0281865729958976 0.756931120910903 0.271687430372083
-0.0128332028324671 -0.00472704732735595 0.770023910355057 0.126373522328191
0.00565638149939483 0.0450189405454518 0.488382369925109 -0.0920957924075082
0.0476874445498163 0.0329423977188038 0.130691674733771 -0.1337219607446
0.0575994561055345 0.0169407148106271 -0.166598890018636 -0.0373012385446159
0.0654208723738071 0.0271233812656656 -0.365435226251997 0.0780628134959367
0.0254168040358842 0.0423498103833269 -0.49020150608393 0.250140506619536
-0.00604700739846756 0.0183841926745545 -0.526829853951064 0.366141189577629
-0.00666781161967285 -0.0268311503867502 -0.496479953593271 0.495455080000838
0.0451060340401426 -0.0446530097462926 -0.563781753898405 0.462194931983583
0.0451590222116329 0.0254329081923296 -0.543063928523351 0.2290234324663
-0.00239252120504899 0.0289427737271756 -0.29595406661124 0.00735298928560329
-0.0337861713666575 -0.00194334807851061 0.170166159482614 0.194821204280218
0.00125959100788079 0.0598166912798412 0.624051058481997 0.197051416004632
0.134635888906783 0.0418247142617272 0.698227171704211 0.166409831533939
0.0690493726227013 -0.056455938619245 0.769026864779869 0.209099678924594
-0.00744182712857779 0.00356412727277006 0.760202831529723 0.0842967968167203
0.0364183901852131 0.0717769319173595 0.489192684868333 -0.0949897300687748
0.101431494635274 0.0463512170826952 0.152978551792075 -0.122335516735557
0.118584885760485 0.0170431130467428 -0.13703322627714 -0.0281924952963491
0.120346575900594 0.0235764586954495 -0.340014408998962 0.0757226922204585
0.0619794240375835 0.0498167375649048 -0.483886889352383 0.238068892805525
-0.00193863212079287 0.0197598149904741 -0.554735613557144 0.350052982149537
-0.0105167476830454 -0.0632366305992027 -0.535683978572238 0.468328721168884
0.0931287595967094 -0.0819642310923651 -0.587626357021634 0.432710477461806
0.0811727464221681 0.0487862275335336 -0.562449150658697 0.219009236019877
-0.0245333629253487 0.0515436517963012 -0.300645173556157 -0.00493934566094624
-0.0567472724175732 0.0104022541481565 0.19014289108802 0.179291268276882
0.0222409749833549 0.0899852488398424 0.622101559425797 0.153432304323897
0.177445213379724 0.0246029506930244 0.720202379806336 0.0863516933625575
0.0692238408457997 -0.0805560716452598 0.771176808635541 0.0864755358071706
-0.00228150063497304 0.0129924672339209 0.735774954905628 0.00692507231096012
0.0666861536467626 0.0846620983426982 0.491923266377981 -0.110490570195386
0.143051596223737 0.0466370146720304 0.191094490594664 -0.112997227620228
0.163237643960846 0.0135087887442473 -0.0875317419908944 -0.0194465383296227
0.157095849863907 0.0240145228212915 -0.299884587008614 0.0667379649592105
0.0846244375987376 0.0597709274790094 -0.479679254091173 0.209573828012424
-0.000757687267506179 0.0191699755416951 -0.602708172432191 0.306090733112469
-0.00318093007177725 -0.0931227920999093 -0.612499183078553 0.401284990611069
0.141689523271306 -0.0979567831652774 -0.640035594121637 0.365399665713026
0.0983211278076726 0.0790031969940674 -0.589241044108175 0.182803902152412
-0.0495704266317852 0.0643692114621578 -0.302150724709654 -0.0249192461099595
0.0972894537834133 -0.0485877318868788 0.233600300750926 0.124393127424512
-0.0971317606305935 -0.139962642665939 0.611903811105015 -0.0141386977222253
-0.170835658243446 0.0413711795100945 0.686486512820451 -0.201948281696606
-0.0308455365713083 0.106933262564182 0.666770038236098 -0.264418810968833
-0.0226007798570404 -0.00838963635555709 0.639856749392157 -0.249058251340358
-0.102687743253818 -0.0307524099276501 0.478890859589821 -0.240532231065803
-0.154245418168201 -0.0228796625590076 0.248687109764023 -0.144746726721589
-0.179321067364678 -0.00604927388320051 0.0151846497740044 -0.046609865078259
-0.153632555667188 -0.00715696204928741 -0.214753562800602 0.00385293419598023
-0.110479324175719 -0.0448332519754794 -0.469763888400923 0.0656919417314645
-0.0308190554941023 -0.0112793810094084 -0.68561357608261 0.0700460578150156
-0.0423238634887822 0.0999987862399473 -0.798002058093854 0.101400565297884
-0.196348246336837 0.0484899948539638 -0.767058522257605 0.06304627713951
-0.0935619103934759 -0.110369450484828 -0.615001260627757 -0.0104274349359303
0.0824622233139615 -0.0517957278924174 -0.265673785755086 -0.0598778065577001
0.108748509103466 -0.0332166919017335 0.215537456457747 0.151000490842046
-0.0647741450825909 -0.151859304546338 0.625937190453189 0.0467740457082858
-0.167883721534488 0.00597408188478987 0.703480220680631 -0.083268801130472
-0.0489669800677563 0.0958376698938178 0.733347886475207 -0.111975759646592
-0.0249150649775857 -0.00855580253039633 0.706274469614473 -0.151726271612155
-0.095870355912218 -0.0363003466519718 0.485195394939643 -0.205650690699364
-0.145487893153463 -0.0251547738161727 0.203203091366354 -0.14158770356994
-0.170947327392037 -0.000920430867543382 -0.0502991458943916 -0.0492216827453861
-0.146681055134713 0.0100762216494451 -0.274580903345583 0.0163699346954373
-0.111269953190728 -0.0223575575222284 -0.491017175696006 0.112655819165224
-0.0307834457149251 -0.00727623234785595 -0.646701452259956 0.167106214861239
-0.0168236586533707 0.0925842699158196 -0.726073486479684 0.254191511961036
-0.161214662546326 0.0761382804071438 -0.732088163037562 0.206097572212259
-0.100054156107768 -0.0804595881012208 -0.600358703935829 0.0592031872265187
0.0697614714641619 -0.0562658939361488 -0.272166023175812 -0.0374190125097163
0.102243243996383 -0.0154741827190484 0.193663835643737 0.171670199528586
-0.0295801882444025 -0.135760021125878 0.63351835996073 0.111359944313526
-0.12964164057828 -0.021375296087005 0.70593714107641 0.0270074418186246
-0.0520821805013903 0.066735543041119 0.763352311823674 0.0469616236618003
-0.026653650331535 -0.00987232849483716 0.751667783513728 -0.0438003982936314
-0.0776804311248987 -0.0317565807972202 0.488285874516115 -0.168208474181244
-0.114378728388285 -0.0208215327160069 0.163155366241945 -0.142302528596082
-0.135127024493018 0.00516246349080063 -0.109577167529144 -0.0482113993764396
-0.113533622225745 0.0260536595587815 -0.326430832771698 0.037510590112455
-0.0923367968612793 0.00393288349852576 -0.504899657838019 0.167380140168879
-0.0257356604256641 0.000589257927335736 -0.598704848881251 0.253213281129419
0.000601515778381152 0.0709895062905173 -0.632004378403445 0.376047845186505
-0.106545392101812 0.0755620065779936 -0.672349765624921 0.330177834810588
-0.0819189821182031 -0.0449908340980147 -0.576752644562913 0.130452298369995
0.0511343941364922 -0.0455954282067588 -0.278639131589698 -0.0134949898592118
0.0792547628086625 -0.00593253187797971 0.173564135508691 0.18575218440591
-0.00747010558354608 -0.0962620272258123 0.636669505389475 0.165997221831727
-0.0680828292761108 -0.0227875394372879 0.693238289180827 0.117821210304717
-0.0315049009394296 0.0311763962344362 0.767162778654792 0.177883918968858
-0.0239468864510309 -0.0116379151284819 0.772237212524896 0.0517292882678982
-0.0514263419119915 -0.0142847137335957 0.489745414698099 -0.13433638609868
-0.0669478554290322 -0.00792106944280086 0.134287726129908 -0.14220602585359
-0.0783815078744781 0.010013359127267 -0.152617274918516 -0.0456353035578599
-0.0608758562227068 0.0312258932936423 -0.360615800234577 0.0597478808643094
-0.0575506291573599 0.0240273822273926 -0.503607324008999 0.216267979746591
-0.0182532843438979 0.00858708339756183 -0.555824897210535 0.32135676019419
0.00612256350729048 0.0411727817591316 -0.548135992643134 0.453335049148576
-0.0513546493356944 0.0475529834044726 -0.608567446278539 0.418246248842451
-0.0454717014761522 -0.0156673305069762 -0.554184598854195 0.187016835429666
0.0335478185947977 -0.0244540212284286 -0.284069879152911 0.00415238282594945
0.0433681443130409 -0.00402996641331565 0.163475997613981 0.194307540863486
-0.0038937351206827 -0.043572767046149 0.63225873127813 0.200449393166482
0.00231960295006769 -0.000563380352922095 0.682958660574295 0.174917102685801
0.00555772558353621 -0.000609640032579273 0.757866649392002 0.253971491461604
-0.0190240525795082 -0.0101330791252892 0.776058546693738 0.109240480515816
-0.0232867143820085 0.0135553477626637 0.488558415922132 -0.108876508290176
-0.0105382420329088 0.0113867345280546 0.122391028975365 -0.141251151730012
-0.0122071211140029 0.0142066500780007 -0.173063425095683 -0.0392844888352078
0.00332375452828676 0.0302418729858859 -0.373404437627346 0.0763538183871195
-0.0149128166790333 0.0351113833922723 -0.495439382358582 0.247100295309726
-0.0104293783313788 0.0150946076140963 -0.527869547687805 0.358553889539265
0.00144528469465011 0.00818752544095342 -0.497738613990573 0.49312840311958
-0.00154443867349501 0.00339850642041407 -0.56459349266196 0.461430519524594
0.000914571115045219 0.00566892539515768 -0.539103209832431 0.222340800350971
0.0167790766162949 0.00259226845657168 -0.290345119355405 0.0143759890306425
0.00211518232238109 -0.00487721157393867 0.163519490086813 0.197618076783495
-0.00540637612088759 0.0112156221218464 0.628635467911107 0.20772547060192
0.0712159684904723 0.028337314562808 0.684652547219645 0.192320922697463
0.0438549467454722 -0.0294654424429022 0.760767489716233 0.264189707296289
-0.0126738265486537 -0.00412660459567962 0.770958935843633 0.116547812512031
0.00773415299915529 0.045008690676297 0.487584967627621 -0.0991201335615318
0.0480792349574002 0.0315739201676041 0.126938534375203 -0.134672056833669
0.0572838982646924 0.0151686371499004 -0.167975060452189 -0.0338304042414615
0.0663208756672116 0.0244937085889522 -0.366026961664004 0.0840294930165455
0.0271536272825992 0.042336866641525 -0.488761148235227 0.256821867368315
-0.00458375511280217 0.019144126152886 -0.525653510554357 0.370650044312147
-0.00765569188558494 -0.0267381174136259 -0.490115923087336 0.497522667795573
0.0440893853067979 -0.0450148584286458 -0.557009281363086 0.470219936729017
0.0463373112503663 0.0241063843975725 -0.541741391899082 0.237474562937801
-0.00118510587236115 0.0292504613171243 -0.295941211785014 0.0123665741470037
-0.0340011613051401 0.000354472854437851 0.175577972361652 0.193693113574521
0.00252801217960156 0.0608621330774067 0.625749436680051 0.187098927964895
0.135223420264935 0.0390495022020202 0.699425952028 0.156759599398937
0.0664651709739576 -0.0572521762217312 0.772304147363303 0.20179094095623
-0.00754623525265302 0.00525692049137666 0.762357953717693 0.0737329356152238
0.0397147926294018 0.0718871780908613 0.487553470873178 -0.100650372438603
0.103715898272761 0.044417906701686 0.150508840821861 -0.123317670550517
0.120161999931657 0.0142961692826151 -0.138153936645105 -0.0255518361424713
0.120496859896773 0.0204474965017681 -0.339533070750576 0.080822285773971
0.0634627566837079 0.0485451018674907 -0.482502192654364 0.245897716587349
-0.00126722648466733 0.0202193787742333 -0.550636535416006 0.357523536951043
-0.0122085669938973 -0.0622876519227761 -0.532059006940548 0.473359381495318
0.0914708482932848 -0.0843264397083091 -0.582149201584108 0.441528730969634
0.0829137051646735 0.0470897175049913 -0.558525066064651 0.22699389808746
-0.0221697551697007 0.0518882092775566 -0.302862210909382 0.000808266867992112
-0.0568985056051565 0.0133545240513184 0.194304994977659 0.177655773144288
0.0246752327364217 0.0906247284815607 0.622874822191798 0.142968095859516
0.177498903689325 0.0200935498426285 0.719845602582702 0.0791476338641328
0.0667407906911547 -0.0806919149759184 0.773036280873915 0.0785648486146914
-0.00233357614096129 0.0139273421920814 0.739880744288997 -0.0027482231578813
0.0700474888672259 0.0833842979624021 0.491414363501005 -0.116571207864088
0.145302228442925 0.043501334481767 0.188269229152731 -0.114537072273466
0.164543944853098 0.0110209879260815 -0.0866182338964523 -0.0182492901141003
0.158227087111659 0.0201453672478838 -0.299063158057751 0.0717679507776168
0.0873494383291585 0.0585786277549934 -0.479267974678542 0.214196674209698
0.00131315110268857 0.0200243341839185 -0.601453036663219 0.312705527983841
-0.00641173828806178 -0.092469223588565 -0.607989179996038 0.407579838302534
0.140099595153578 -0.101340491637307 -0.633427543672957 0.373989043575189
0.101176037755776 0.0765875295356027 -0.588261620959751 0.192064532670395
-0.048490869363517 0.0661714191612302 -0.303957845344089 -0.0202830287971071
0.0959887693242852 -0.0515172579524642 0.237174798396013 0.120843915108097
-0.101331596923438 -0.136580309978441 0.609335439106281 -0.0240231854519988
-0.169240660956599 0.0452734276839936 0.679577930421664 -0.209816511547447
-0.0274080444868425 0.104921029978765 0.66369225708055 -0.269755329236631
-0.0230848243375415 -0.00910013530231655 0.638526505546221 -0.258325802010245
-0.104158539507748 -0.0303401954780826 0.476992468236579 -0.247562594548124
-0.155690715707391 -0.018540083954167 0.245743963280296 -0.148630450485647
-0.180673861323056 -0.00118394717128424 0.0145540772802077 -0.0471881809447919
-0.153798159137826 -0.00412264647310485 -0.214771906930919 0.00712495103821988
-0.112282751506726 -0.0431735459728552 -0.468696628217524 0.0713078934949438
-0.0326467518759795 -0.0126082721600012 -0.686147948465211 0.0783519301381141
-0.0397313834419901 0.0991155261292341 -0.796399999298749 0.110414769697899
-0.194436088693336 0.0525875999792096 -0.76307607137938 0.0725415275265953
-0.0954374092873984 -0.108224226590181 -0.616133120659948 -0.00242981509458631
0.0807885737761667 -0.0542505205071408 -0.266978231169211 -0.0561338947714443
0.106599366916842 -0.036768054142139 0.219009712558307 0.149197433158009
-0.0697901247155657 -0.149742206725447 0.623589767668338 0.0372692381573043
-0.167663730421136 0.00983191273353911 0.699734622599096 -0.0920597374268789
-0.0463848093978131 0.0949310573786925 0.732857360236181 -0.118912511804134
-0.0261542305114507 -0.00964351587338518 0.704124129863985 -0.161663967022162
-0.0969034159445429 -0.0358872570465063 0.482253186447316 -0.210856571712185
-0.146607539701904 -0.0213063169780354 0.200484267170664 -0.143929633208282
-0.171570425794072 0.00324249772070813 -0.0521795149737257 -0.0479682243453805
-0.14764581070246 0.0128552013037558 -0.275407616854618 0.0208713609846186
-0.113410915931759 -0.0203010269491254 -0.490500008615413 0.119362051772728
-0.0317277627292435 -0.00817001589495416 -0.645517047267255 0.173690623002784
-0.0135984476252939 0.0914323934756313 -0.719658246182756 0.260915652696457
-0.158224077832488 0.0791990301704317 -0.727707174654438 0.214985580970938
-0.101354244141789 -0.0786684112097225 -0.599388603754096 0.0675898150227863
0.0679595874632359 -0.057960654529496 -0.274251289527775 -0.0335381809937251
0.101118183188448 -0.0194023838422614 0.199089134032007 0.169578183729363
-0.0336651232122837 -0.134877147604526 0.633938133348365 0.0993920014562746
-0.130160591267524 -0.0179677487612609 0.701369237502448 0.020439496760049
-0.0502397627394655 0.0668930420714497 0.766388802159134 0.0393960000895139
-0.0268997011111779 -0.0108284168465948 0.749921272445033 -0.0537940008198149
-0.0785758811632371 -0.0307238074781371 0.485345021249757 -0.174167349139392
-0.115538280713051 -0.0183987733126712 0.159890638904387 -0.143372351070297
-0.135288382019992 0.00838951213337656 -0.110945303436223 -0.0461662064329427
-0.113638722016623 0.0277151612847043 -0.326793390303971 0.0418540016739641
-0.0922759109312616 0.0057342688042457 -0.503066871506648 0.175122301131201
-0.0262607086667767 -0.000309471050247956 -0.597142516570952 0.260549049123279
0.00166073324678533 0.0697922835586813 -0.625517486096678 0.381423589145092
-0.103699154884739 0.0780551133811838 -0.66626717117959 0.338639093573164
-0.083103691927216 -0.0430736263979643 -0.576140997257423 0.137599388590001
0.0500396566461867 -0.0470495864114883 -0.2802096367208 -0.0110293507363139
0.0791658997403034 -0.00809127849639151 0.179651778375368 0.183934917983521
-0.0107507332351589 -0.0954287766472919 0.635621693583266 0.156006312914168
-0.0685036526586196 -0.021075127319927 0.691829141843941 0.11123421183619
-0.0304504716411816 0.0314088474668148 0.771893454917975 0.168951325601528
-0.024420941233464 -0.0118084035923655 0.7728876661922 0.0380397213404839
-0.0520229547665417 -0.013700635107454 0.485156526380875 -0.140345961040672
-0.0670857042160365 -0.00679312692500127 0.131187264575825 -0.143908625475094
-0.0797970935543658 0.0119066216750908 -0.154275027587868 -0.0416695373141098
-0.0595885442233286 0.0324982764538732 -0.360362423792181 0.0648820644408321
-0.0566324527162194 0.0255020872294885 -0.50201473684388 0.221725821117245
-0.0186649670834115 0.00971757908200596 -0.553658438723187 0.327253291921453
0.00623273946600441 0.0401433262517573 -0.541947140651373 0.45769417696512
-0.0497181914963841 0.0490387781470091 -0.600652234897784 0.422611563227215
-0.0452677736078691 -0.0150961890670076 -0.549943403949463 0.193948997402815
0.0326533055690959 -0.0255332229843421 -0.285293036307794 0.00940122133405363
0.0425704643663559 -0.00463789408165162 0.168588584032434 0.193124760440152
-0.00405708476596939 -0.0432380405141574 0.631607954524695 0.188660619756539
0.00218355132001148 -0.00038460288234976 0.680970607273317 0.168653061133171
0.00586797738327633 -0.00129713749385026 0.762939370475883 0.2457942703089
-0.0195129020787372 -0.00969404894064609 0.77751982845224 0.098775221752882
-0.022406694716739 0.0132738112197705 0.485507604613192 -0.116268084574064
-0.00962329040022948 0.0119994490116678 0.118801426117735 -0.142122070888267
-0.0114453260860815 0.0143347575805317 -0.174055600315077 -0.0356536349641612
0.00351957620364268 0.0296650766491557 -0.373072578475159 0.0827319477110018
-0.0138688294286968 0.0356624242009929 -0.496085050024545 0.254377492667994
-0.00993129567927411 0.0154930216633629 -0.52394857245173 0.365772661037079
0.00105436257961235 0.00785580388981114 -0.489937117006823 0.496787220435767
-0.00138718448350433 0.00357471209026682 -0.555955561562308 0.466167510425742
0.00120417462592209 0.00497170765931964 -0.535015272832862 0.229428023413349
0.0175080130343504 0.00210524306550267 -0.291612880435063 0.0196141903859862
0.0017028584976628 -0.00441433785700083 0.169016378671655 0.196540881655236
-0.00556076778029583 0.0123932216145893 0.629774009228093 0.198761901274553
0.0724603390195314 0.0267603003298042 0.682794477656372 0.184435595497643
0.0425475060261166 -0.0300584409769324 0.764970824017626 0.256214485907176
-0.0131350734894173 -0.00421700522625881 0.774007196496293 0.105895256170664
0.00957830935144904 0.0448867175190341 0.484966006555625 -0.104712893657361
0.0497519490199166 0.0307625702334587 0.124318546179493 -0.135485730124526
0.0589995682033901 0.0145016115130264 -0.168793872623656 -0.0290075207140701
0.0677402688531223 0.0228534785365212 -0.366178598557714 0.0902243215954366
0.0298286455822545 0.0415727210311797 -0.48753049193641 0.264240578328708
-0.0037608165349784 0.018614862472421 -0.522713598527396 0.377964392164514
-0.00856153259406192 -0.0263736036143741 -0.484933707707779 0.501675053810208
0.0430466524678409 -0.0463313080416545 -0.546996177843844 0.47471481085628
0.047045864299561 0.0234583039112124 -0.5360004588369 0.243480614366087
0.000596531372349045 0.0297581484647005 -0.297457349079613 0.0177428922525771
-0.0334938934704729 0.00145563696521405 0.180969385114806 0.191532825153393
0.00384668630505768 0.0618983394349438 0.626289336053866 0.175589529108927
0.134944931511885 0.035207276497774 0.697796474807235 0.151228434102378
0.0643468975573171 -0.0585680010263992 0.774466993787775 0.192507440938727
-0.00788382770503707 0.00672765332756197 0.762829509342851 0.0643589313636001
0.0426313050876535 0.0707485183103405 0.48553750327033 -0.108184084733654
0.10531383646114 0.0418350569438667 0.148526267696819 -0.125133237076499
0.119983669820169 0.011736466360252 -0.138767940398265 -0.0222234478187038
0.1215600756123 0.0163207967672836 -0.339929647262553 0.0866503468588145
0.0658597659498986 0.0474470631223209 -0.481086915917588 0.252756367397556
0.000217463901185407 0.0210453811301621 -0.549453515315063 0.36346261325829
-0.0139383037528399 -0.0609174183163861 -0.524537016168853 0.475979920615899
0.0892378445654225 -0.0869217267421159 -0.573022718268746 0.445515062574429
0.0845619308221229 0.044159722906939 -0.554086121825086 0.235343794306674
-0.0209435854290028 0.0539444085749421 -0.303033648513291 0.00545967557477925
-0.057087141737726 0.0156095922425143 0.19921653825477 0.175076251492511
0.026862432630381 0.0906773384608233 0.623452517982672 0.133520621680867
0.177396418075365 0.0152768702729492 0.718418133122963 0.0722062461615789
0.0637463516148731 -0.0814278596892827 0.772810564471658 0.0725563311175263
-0.00171134223653669 0.0160724604349134 0.738615883561275 -0.0114267752271264
0.0730484982421906 0.0821362556051282 0.489263022223091 -0.122460769419104
0.1465351954042 0.0404712253694869 0.186688026421616 -0.116219486842978
0.164460381271613 0.00712817949549034 -0.0878763213150352 -0.0162368787318044
0.159559725935685 0.0170095060312555 -0.298349473910207 0.0758093203034519
0.0904884641381515 0.0568529359922476 -0.476736918355261 0.221639785775436
0.00284874456933911 0.0216664338232218 -0.597989183608834 0.321258095284088
-0.00740758124444591 -0.0910148696201522 -0.602860613413456 0.412666418524459
0.136816457457032 -0.104511053664047 -0.627936006135367 0.38020817503833
0.104089129395521 0.073875096645694 -0.583986577706352 0.200249377403426
-0.0446230530104189 0.0675147540322541 -0.304591304660991 -0.0155266455021438
0.0941019016787003 -0.0547961263807316 0.242399306522238 0.117887100744738
-0.105875859258614 -0.134681098673464 0.605400256994281 -0.0333800275305158
-0.166966049578568 0.0492521248186571 0.674256733756688 -0.217087629754257
-0.0242822062490504 0.103430531443681 0.660605865904724 -0.276264441464855
-0.0248699953459223 -0.0100939263943029 0.635380146602573 -0.264840837656859
-0.105412261885066 -0.027538666600683 0.472627261678628 -0.253383787074246
-0.156649183691704 -0.0156488278871774 0.24387700962865 -0.152020354756811
-0.181604914135534 0.00415980460045335 0.0136962769063691 -0.0475795207666058
-0.154059129710188 -0.0014403307443723 -0.215352323853219 0.00921205220602995
-0.114272187224604 -0.0408627360679012 -0.468433207485749 0.0770160977622156
-0.0337660419451799 -0.013503244756518 -0.68482314068315 0.0871944345364888
-0.0367608344749135 0.0977883531172662 -0.791236016389483 0.117356771068229
-0.191969386520008 0.0575044412176245 -0.759480556211618 0.0811967799502197
-0.0984932738612386 -0.105890141781231 -0.612033093735141 0.00502951768222822
0.0796164317346267 -0.0565366066615497 -0.269526080215801 -0.0533520772605118
0.1057915636013 -0.0401296460207269 0.2241499453082 0.144873283844584
-0.0738662769695381 -0.14803524286831 0.621334970442307 0.0271369810186088
-0.167197330774955 0.0139651829857077 0.695687587373572 -0.0986467137841387
-0.0435310003245842 0.0942319652542986 0.729650183560066 -0.126844132684635
-0.0269168733955373 -0.010291682702407 0.702330605612637 -0.169380480359709
-0.097851954255963 -0.0345908869183574 0.477655374490749 -0.217856082076018
-0.146873727043159 -0.0177240935306598 0.197379043588103 -0.145978497391497
-0.172489609282573 0.00845828574604039 -0.0523865758490482 -0.0463529601067562
-0.148258419970836 0.0163241889482567 -0.2753779632308 0.0237102718457352
-0.114568398609334 -0.0175771064393949 -0.489268235591192 0.126827921668107
-0.0332771072215429 -0.00931302880920878 -0.644363947014595 0.181505847337965
-0.0120460266877881 0.0897998131016822 -0.715645838897022 0.268497584483767
-0.155785528951159 0.0827977940964179 -0.722478129148055 0.222544262971103
-0.103426951506666 -0.0758057792926248 -0.597047339669199 0.0757340000014988
0.0654592116817393 -0.0602780343537571 -0.275578635365536 -0.0293959567154683
0.101263856808626 -0.0224997989994969 0.203014292063595 0.167819372796442
-0.0378084794924407 -0.133144056544775 0.632685262735369 0.0898770636354227
-0.129671452395416 -0.0153487841755877 0.698235555221125 0.0134400250271234
-0.0474104636791823 0.0664580573490646 0.766019116233362 0.0294915803432504
-0.0274989832409883 -0.0114438696389729 0.750810312121324 -0.0669229921034807
-0.0791666941502376 -0.030436458436061 0.480476558217635 -0.181014392560078
-0.11581582510577 -0.0160272398934072 0.156528948138741 -0.144310912566116
-0.135702197642773 0.0123024410828304 -0.112309820989811 -0.043342471004058
-0.113398125830258 0.0291738930565253 -0.326566555980199 0.0472918899454276
-0.0933436516041415 0.00865365494339515 -0.501266612999332 0.181068899675282
-0.0280275609818793 -0.000457282027570461 -0.594811639162395 0.267313993456651
0.00324504607435607 0.0683269545520361 -0.62049503414056 0.38624690488509
-0.101581771152817 0.080314590346895 -0.656798204106842 0.344122951412884
-0.083607771689853 -0.0413222273730482 -0.571675158078432 0.145824822568865
0.0480968282035155 -0.0490958661153182 -0.28069384370138 -0.00608796313079162
0.0783656183264061 -0.0105551042637923 0.18497031811823 0.182889699122773
-0.013535722385836 -0.0946367708010807 0.633145270317424 0.142826396133166
-0.0688095752775793 -0.0197250897103459 0.689380036201012 0.105360260170825
-0.028958704874708 0.0311803497799083 0.772391617595764 0.16221384322481
-0.0247568893897548 -0.0122027415964119 0.772118832557443 0.0297465751822132
-0.052143380107992 -0.0138400559363517 0.482128666508658 -0.14828687565376
-0.0677650525553515 -0.00521153091514108 0.128001543117235 -0.145429478164142
-0.0790515602407097 0.0142344274762487 -0.155820509905353 -0.0370960890239926
-0.0595471439041317 0.0335661098193409 -0.359488274819904 0.0716043197375148
-0.0563082222691335 0.0266661954638246 -0.499342785028178 0.228395820704455
-0.019167857723402 0.00952102398269835 -0.551570465249265 0.333678418555759
0.00709066989588476 0.039562523805804 -0.53528994815521 0.461165269148202
-0.0475134668049354 0.0498252912262547 -0.590310876540902 0.428619551358531
-0.0447928454012931 -0.013487093081109 -0.545982807852687 0.202167795806188
0.0321967191696471 -0.0264224016211493 -0.286563770728825 0.0139881295952768
0.0419035439197949 -0.00676928864827331 0.174781900866714 0.191986952222178
-0.00609940932302115 -0.0420197901006657 0.632415198532479 0.177831877207498
0.00213691081529916 -1.11599420733266E-05 0.680771174109302 0.162006000475035
0.00594772830283932 -0.00179485401174651 0.764731466973201 0.236720710039228
-0.0192893109953955 -0.00958310500270326 0.779544092699738 0.0871517219792007
-0.0215372891022797 0.0136972973568193 0.48104269182045 -0.124270363687902
-0.0101310461145462 0.0112687825064655 0.115794425034601 -0.142125315431103
-0.0114944990153513 0.0149279255266258 -0.175681316226219 -0.0314612856414976
0.00439094795884266 0.0282726718152111 -0.372067916426447 0.0894193371487615
-0.0125713268439053 0.0360353917969623 -0.49225611881746 0.260712447031325
-0.00994097901013819 0.0152705111918064 -0.521653455319566 0.371877374167764
0.000833902303678715 0.00751203846300826 -0.483519136323833 0.499407118395568
-0.00187945490567224 0.00389435251258179 -0.54671115863396 0.472602031719846
0.00142434519309724 0.00526903428530925 -0.529743007065677 0.238361008677632
0.0176159261772754 0.00180947787299966 -0.290763154107632 0.0245195665711362
0.00198213696248042 -0.00418257637303175 0.174717770803995 0.195103152256476
-0.00462327786203395 0.0135703960928273 0.6291061786122 0.186778883885677
0.0727489911323151 0.0240685768980581 0.680623167600805 0.178228798207721
0.0407858581805075 -0.0308390031305732 0.768023683431635 0.247234061640071
-0.0132736623918837 -0.0029215214972278 0.774670869469088 0.092916403673238
0.0116017101782906 0.0445282181537285 0.481559882956905 -0.111582952663697
0.0509937914822365 0.0291855850294664 0.120761157243086 -0.135167754552373
0.0590112541774745 0.0126051236895853 -0.169649396789579 -0.0253163797439776
0.0678766149442133 0.0217098321327238 -0.364996055765236 0.0953825389129778
0.0313790981968847 0.0412859318826861 -0.484560777791208 0.270277452330462
-0.00287971829228424 0.019755324562387 -0.520654005821041 0.38498424127988
-0.00895271065670604 -0.0260066392048879 -0.475766585263362 0.505199818353729
0.0422722062251235 -0.0470387556240965 -0.537012453612498 0.478773433229992
0.0485346266981474 0.0219155012661238 -0.531611140458692 0.251784917343305
0.00102888637043089 0.0296413121982711 -0.297752755688071 0.0235786123344195
-0.0344091570495582 0.00325774485569736 0.184692815001728 0.190022938141624
0.00551315142903999 0.0627224444389591 0.625175315441454 0.164755471854461
0.135349690726327 0.0315592799962332 0.695317616454331 0.143488760236172
0.0620961164099815 -0.0594232938057599 0.775239009615133 0.184877681668434
-0.007420775110255 0.00744615822986525 0.764295021600399 0.0543886921013008
0.044606866464652 0.0697558140429926 0.483411165305727 -0.113077798574364
0.106582594174754 0.0388386895431412 0.145420560580606 -0.12589120416396
0.120276212023408 0.00902624186563565 -0.140081896305597 -0.0193037074517681
0.12315017791105 0.0137859100549738 -0.338424539860822 0.0916997818174052
0.0685383546959411 0.0461289145309054 -0.477974131260715 0.257183020213862
0.00201853120196442 0.0214799835470994 -0.545355886724121 0.372649976234862
-0.0150703982447026 -0.0593432407337725 -0.516790489748658 0.479666076494236
0.0870811278085782 -0.0874714920457019 -0.565271887501587 0.451562469399775
0.0862243606724302 0.042958996204813 -0.547216460754363 0.241817756648144
-0.0186746565769281 0.0553702697038666 -0.303972082961177 0.0117007726290608
-0.0563348008465917 0.018348490076663 0.204785969015101 0.173081334172234
0.0294776354927642 0.091439442014255 0.621196894657785 0.12243915726136
0.176851682400264 0.0104268410904082 0.714818415605389 0.0631238241749062
0.0606229706717635 -0.0818391376126725 0.773614539713573 0.0643251084486032
-0.0011402352902137 0.0186078249167763 0.738184999935406 -0.0215193971913919
0.0764753499165999 0.0805852261627512 0.487432966298142 -0.126579946321455
0.148981332391838 0.0362570304886989 0.184309031652865 -0.118652432048288
0.16429579931008 0.00288966027093208 -0.0874341052523225 -0.0139092243053827
0.159933344986842 0.0118976053592124 -0.297746532094388 0.081056143225855
0.0939785177848685 0.0549605857395769 -0.47363582361584 0.228333103019264
0.00419640882761737 0.0223197482071595 -0.593569362541714 0.32861467076785
-0.00945092373961416 -0.0890109057059998 -0.596250804810708 0.41651123269088
0.132686529770194 -0.107459336868541 -0.620229188955743 0.386036464634669
0.106190445460055 0.0703511566401314 -0.579108573945118 0.20819630651216
-0.0437918877464865 0.0690264656166427 -0.306044076795442 -0.0107590995212436
0.0917937647585544 -0.0591133346883612 0.244839014081195 0.113393090228211
-0.109470403103818 -0.130327937478716 0.600366164877483 -0.0441100095010576
-0.164278872874404 0.0534808804009761 0.664983559520384 -0.224537845168156
-0.021748713585457 0.101994935242642 0.655899287146322 -0.279965982240989
-0.0268405934294949 -0.0112391237714747 0.631955237246593 -0.271663626687918
-0.107133350067784 -0.0262932304501335 0.469801660779476 -0.259468054070638
-0.157212205920724 -0.0110654366101423 0.240333953578817 -0.155060660767271
-0.182152803932608 0.00908201827200364 0.0125771652812199 -0.0477976819137668
-0.155233998827405 0.00186378654344265 -0.21341976459718 0.0131053968789057
-0.116837421326871 -0.0386503874455593 -0.466129697387893 0.0825384488875764
-0.0353245229049178 -0.0145831918204802 -0.684835963840596 0.0951946019393466
-0.0339471242570174 0.0958494656397323 -0.7880792134836 0.124951100609693
-0.188644871093536 0.0626582403531848 -0.755470649156278 0.0895142507311652
-0.10059460807231 -0.10269368484133 -0.610541416112848 0.0145691272587979
0.0776933004133176 -0.06070919628902 -0.27094187484726 -0.0497779864802926
0.103960040768263 -0.0437973579713005 0.228723598871189 0.141275923675359
-0.0788704997583726 -0.144277396727212 0.618054982841771 0.0168593914838127
-0.163976941744965 0.0173543457104288 0.689406608141312 -0.105700616703124
-0.0399476760831791 0.093321052142858 0.727500017285027 -0.133659308038535
-0.0284472846377757 -0.0122793008002813 0.69935602401876 -0.177426551624573
-0.100251993517111 -0.0322251547867268 0.47291245311087 -0.224739172743505
-0.147800193086867 -0.0144942459029893 0.194600763847509 -0.149623594440726
-0.172405693990963 0.0127348487821721 -0.054217919651882 -0.0452469464862975
-0.147082782639666 0.019912631873242 -0.275099703542144 0.0298800232444005
-0.115489898209728 -0.0152827313522277 -0.488152743857866 0.131379303850705
-0.034970478055039 -0.0104491311403923 -0.643011593071113 0.189449395923356
-0.0102962467642681 0.0875008559012263 -0.709346426592291 0.272278803387426
-0.151249017594396 0.0870511469459141 -0.716487543618693 0.229870409331376
-0.105154688331761 -0.072966499177507 -0.593460167904888 0.0841950152504645
0.0629798214662794 -0.0629011329947629 -0.277349759387411 -0.0251061035777779
0.0994289813774743 -0.0259616902590017 0.208496613612063 0.164665706433912
-0.0421344507658913 -0.130902541390303 0.628922324590813 0.0789601722200846
-0.128951896100463 -0.0121294397057131 0.694791896001654 0.00687715226878702
-0.0447709521993799 0.0658215244676609 0.765071784369916 0.0226570196677789
-0.0279660341285069 -0.0123286732783719 0.748509127104063 -0.0758954458609886
-0.0800720610206726 -0.030073488427035 0.475894983043494 -0.187379639395403
-0.11640735614919 -0.0123007753974619 0.153050420558581 -0.145006382846753
-0.135864038290557 0.0155340930716656 -0.113659753775316 -0.0413950192472979
-0.113019267188906 0.0319558220526921 -0.326394892014319 0.0529858956958949
-0.0944448546185602 0.0103801564599657 -0.499459224899626 0.188205040519732
-0.0292794958903514 -0.00071284333127364 -0.592959334364693 0.272707927536575
0.00465296670722176 0.0665758973460297 -0.61312960047932 0.389292917912532
-0.097857476719599 0.082475426657654 -0.649998381318833 0.35122046723559
-0.0844822950783755 -0.0385806000834491 -0.568751123687736 0.154948657399466
0.047020227331459 -0.0503375045789071 -0.282103225139373 -0.000520814492372493
0.0772737220453502 -0.0123483166393981 0.189769574386126 0.180908098987758
-0.0170064819070012 -0.0938713934799097 0.631156235794626 0.132966300367208
-0.0685469210802859 -0.0183753818384846 0.687098677803832 0.0994926150251297
-0.0273847084444527 0.0305507794116548 0.772948605876485 0.153869436154796
-0.0252792563448743 -0.0120494902786461 0.771399542516481 0.018165416915002
-0.0526609408677942 -0.013127716713708 0.478326939747101 -0.154466796395889
-0.0682145609793381 -0.0038106942421511 0.12441481205363 -0.14432086525354
-0.0793909450054125 0.0165560496817888 -0.156569173128783 -0.0342049183744215
-0.0588299379870437 0.0339744870518554 -0.359471330754665 0.0777363835155148
-0.0561047515023447 0.0277531538660299 -0.497460821017082 0.236256503487662
-0.0200332125104721 0.00929806410851972 -0.548112541110686 0.338816668953255
0.00771888500429235 0.0380921181185728 -0.528249775206205 0.464059098936516
-0.0468556710107771 0.0505733694712614 -0.581246489549001 0.433324177355838
-0.0448720504603988 -0.012832029600722 -0.539863936372291 0.21045904064134
0.0312407856307678 -0.0281592590440219 -0.287764303087035 0.0193333905342682
0.0413371760195312 -0.00732719606192979 0.178330600595222 0.190838986007202
-0.00714361304868717 -0.0415255395479852 0.630238877179146 0.166458088731548
0.00194787968660368 0.000113380867703814 0.676241684166594 0.15521213931618
0.0052665642681207 -0.0019917867618031 0.768213500593666 0.229030072132548
-0.0195581341927051 -0.00928620036790943 0.780655094316419 0.0754935647283101
-0.0199638964993414 0.0131365701690996 0.477280065559149 -0.130086974636147
-0.00870999402703596 0.0123343270104714 0.111653640197345 -0.142442002479935
-0.0112068443662307 0.0152981248520588 -0.176391535848072 -0.0273444580427639
0.00540366886730628 0.0278618563550438 -0.371400733416502 0.0942913943685926
-0.011423104137456 0.0363427434406415 -0.490844903228454 0.267558247326613
-0.00997487751210682 0.01543782109922 -0.517683475232249 0.377038399052103
0.000408829167187669 0.00724870646271117 -0.478051634010371 0.500617777269011
-0.000848670840456991 0.00330704187947158 -0.536274392695657 0.475587953878128
0.00279938864314287 0.00490926178908735 -0.524034355802342 0.246032137334546
0.0175385385240076 0.00169901291096177 -0.291338259234341 0.029813573249858
0.00120250278295166 -0.00358216382677778 0.179526940456643 0.193161300219806
-0.00486969417536989 0.0148187187550338 0.626545764975169 0.175412317016278
0.0729840773497526 0.022646228641614 0.677017786418333 0.169142643928478
0.04005845675239 -0.0315646014224274 0.769606819558556 0.239846161329459
-0.0134608231021947 -0.00179067854208475 0.776920316330629 0.0830678951996895
0.012861974201273 0.0439252106614987 0.478070497118905 -0.119982674750845
0.0527609234868016 0.0279493097922606 0.116865375665977 -0.135907037448832
0.0596642666382448 0.0117401061368976 -0.170812991856475 -0.0218988594529526
0.0684586374956 0.0182941434485967 -0.364503231761034 0.101808195990032
0.0332799742641172 0.0396776323992906 -0.482552230280246 0.278229031844559
-0.00206810007817353 0.0205501277751109 -0.515962017902216 0.390005415039531
-0.00977595760420581 -0.0250923625647726 -0.470023491693269 0.506305452687374
0.0402611583303685 -0.0477955070561619 -0.527885429017497 0.483788229341125
0.0490376069816831 0.01978987562357 -0.525782424690136 0.259009440715167
0.00274823830887789 0.0309620912758828 -0.297601916433054 0.0291474437252694
-0.0340772461113695 0.00568270281428369 0.190481641264412 0.187780308524429
0.00733988979111275 0.0633175898520529 0.621765899111599 0.154873497116148
0.135736389853817 0.0271389086594517 0.692771811404796 0.135993971838876
0.059034188408952 -0.059242881498388 0.777380164018722 0.175789709852693
-0.00767109083473219 0.00943696763563187 0.763894043622883 0.0433432444535897
0.0478348087577657 0.0686406805557331 0.478451509547674 -0.118407662770557
0.10811089357146 0.0358806973536203 0.142896056753553 -0.126867974311022
0.121974349215712 0.00577958036671401 -0.139613126307264 -0.0156847950009247
0.1232815880932 0.00984717561111024 -0.337329902326224 0.0970882020179306
0.0709307980896385 0.0441993401887737 -0.475693597179897 0.265119713429829
0.00294606713054029 0.0219892344487456 -0.541460025099788 0.376989675865459
-0.0168335710028193 -0.0577798542230002 -0.51092281645164 0.481840294518705
0.0839290455141671 -0.0901955620195316 -0.556831381817944 0.455149340899801
0.0874667066073315 0.0397426062636784 -0.542950338065576 0.249555847952774
-0.016214207024771 0.0555454118961548 -0.303885519585884 0.016528134110405
-0.0557762723538504 0.0217057421412785 0.208973142987247 0.170035539830362
0.0313832842157861 0.0909155113435483 0.617751322108786 0.111845035411076
0.176543458508317 0.00612588676171715 0.711241401552235 0.0564655029560221
0.0575308396259266 -0.0812749496000209 0.773217634439563 0.0532208354145463
-0.000954401404017466 0.020108201142215 0.737824126869559 -0.0309955857471887
0.0793106430742799 0.0791378343942646 0.485151148610303 -0.135146588649098
0.150118637171707 0.0321024910017148 0.181494652135031 -0.119856328261585
0.165587460510086 -0.00143632592636278 -0.0879646470785733 -0.012413435462592
0.160759980538236 0.00705177931850475 -0.295697361007869 0.0848503819142067
0.0970002403939622 0.0530841773300462 -0.470716681718782 0.234072625072017
0.00540877495658222 0.0235148901767469 -0.589819052035632 0.33501379966549
-0.0130813168585554 -0.0869009155788827 -0.591195082206081 0.420269880509419
0.129726645622327 -0.110136309016287 -0.61032640352417 0.391515519675004
0.109375091209523 0.0675413900664529 -0.572537901669842 0.215764609519705
-0.0411150212247895 0.0714926247016835 -0.307715604336394 -0.00522840639851701
0.0890730947180199 -0.0621979736665313 0.249103616532927 0.108024880469719
-0.113839302052558 -0.126471013986354 0.594175795379408 -0.0540894356913338
-0.161165107890308 0.0561401032964765 0.659075367977721 -0.22920079579223
-0.0178863871270033 0.0995895263814726 0.648941187899681 -0.284257852232864
-0.029252419888184 -0.0122012684664651 0.629080615962236 -0.279674547890162
-0.108719915619332 -0.0243145589100315 0.464107553107156 -0.265326651309375
-0.157785965186023 -0.00697278901725339 0.238214964616271 -0.157554176724792
-0.182315196615601 0.0139535815030839 0.0118871237024057 -0.0475374519596093
-0.155877177470868 0.00598675738644059 -0.213761620339582 0.0155282236648166
-0.119369313091317 -0.0356236604510179 -0.464002627707148 0.0870545287816265
-0.0370375120091607 -0.0163574600235117 -0.682241447510304 0.103328256916745
-0.0312142984538499 0.0940248871015763 -0.781585819891229 0.132752525290653
-0.185292609051265 0.0668208965906555 -0.748629898347549 0.0976709237215585
-0.103767311931332 -0.0995107011966632 -0.606522763127403 0.0238428413756835
0.0744235794046614 -0.0630666854480048 -0.272912408591616 -0.0458293462497191
0.101667967252195 -0.0473701646889609 0.232587860941806 0.138086370417316
-0.0827861097275177 -0.14112793586378 0.611792102971165 0.00564935934452634
-0.161979192894034 0.0217704275538693 0.684575647709676 -0.111226176039617
-0.0366443915265261 0.0915643385898313 0.725602634975493 -0.139027613885833
-0.0297299437269545 -0.0136541276345846 0.69620127414277 -0.186828033164106
-0.10170392440638 -0.0319354715896792 0.468667471933841 -0.228860287034507
-0.148852388870279 -0.0112217545498433 0.190635765490496 -0.149999594609728
-0.172160077720316 0.0188195669372932 -0.0548771844075424 -0.0443203881425314
-0.147013482680818 0.0236457385811571 -0.273816794218123 0.0343443448109237
-0.117553675478701 -0.0122534750698318 -0.486093763216204 0.13810469242042
-0.0370895823680115 -0.0107523571405004 -0.639533822937419 0.195370368241281
-0.00807734008089675 0.0851555552573002 -0.702838643382896 0.277805490167805
-0.146680364995833 0.0898384600819677 -0.706863771782318 0.235506967817056
-0.106685365929927 -0.0693197891024162 -0.588793998774817 0.0923653469835635
0.0612484084997285 -0.0657432941487386 -0.277409467016686 -0.0205212443954686
0.0977653316421039 -0.0300545021851693 0.213333729526348 0.16229336155289
-0.0463019731846627 -0.129671214354172 0.623339252577554 0.0665633704448791
-0.128515854659897 -0.00829449265348071 0.689594437500899 0.0013767388135046
-0.0414223866146379 0.0644234858596126 0.76396843830473 0.0145258508633508
-0.0293717240621301 -0.0132864729955383 0.745936595827698 -0.0871657415119294
-0.0814406163944801 -0.0295518359514747 0.471797863789925 -0.192046850669042
-0.116410559589594 -0.00959031144642166 0.14948965265158 -0.146467118097809
-0.136279936631012 0.0200574612147591 -0.115050932196508 -0.0371172841221689
-0.112162449990461 0.0345720937271343 -0.325600172017722 0.0592879984670408
-0.0943417785579442 0.0125316511419294 -0.496630662318206 0.195422625459566
-0.0311359658824181 -0.000679344917198259 -0.591607864813897 0.277283634935785
0.00522165922949507 0.0636057338003296 -0.606343945031288 0.392086418559502
-0.0950697249098035 0.0846100538275044 -0.638568883757592 0.356038291012194
-0.0851848850119515 -0.0361151172403876 -0.562281972498873 0.162904975192759
0.044114305722848 -0.0525153771223418 -0.282080892199416 0.00465850240155337
0.0761129261514207 -0.0149491164641525 0.195551444530214 0.178290537103961
-0.0197507202100798 -0.0920081220022616 0.627622662947999 0.122039186318557
-0.0680698797622352 -0.0152620989355302 0.68142217395196 0.0932201324239261
-0.0261547081643747 0.030206520290734 0.774720002613057 0.144097233507656
-0.0259419531811611 -0.0131630819968717 0.770746980225548 0.00664957552872546
-0.052562031737597 -0.013203247969966 0.473711054550889 -0.160930051736535
-0.0673894512020257 -0.00263288523064501 0.119777621753741 -0.144799402708797
-0.0795718241413893 0.019000978703593 -0.157030251971582 -0.029837678295095
-0.0579840107497659 0.0355523725695529 -0.358166733882594 0.0846451858630302
-0.0556947875053932 0.029260792771931 -0.495400264447536 0.244018990609894
-0.0209672802344368 0.00876661500799694 -0.545187414057843 0.343360899180456
0.00774701476903223 0.0368643351846327 -0.519566991496988 0.463620766408308
-0.0435297635416285 0.0518965424549208 -0.570511544305858 0.437886214743896
-0.0450320213506615 -0.0109445663522009 -0.53656268804756 0.218076746428128
0.0306502269492232 -0.0282053569095898 -0.286128228395772 0.0242839249389007
0.0401941271496534 -0.00844604249597432 0.184662990625483 0.187956863269447
-0.00885327964779311 -0.0398463089376713 0.62669376539724 0.155756831774977
0.00173589427920148 -0.000583194986189439 0.673168436499001 0.148379465736229
0.00530640356508054 -0.00298630707526789 0.770229208939375 0.220312360244577
-0.0199511135109036 -0.00887859229241149 0.77857359378166 0.063026313409817
-0.0199713061711877 0.0132771448660427 0.472829534860936 -0.13646075788317
-0.00849834344180773 0.0112022148829622 0.107180698825951 -0.141409340475214
-0.0105075787814577 0.0159710766746883 -0.176398249872855 -0.0222696752540409
0.00558830046640569 0.0276003569617422 -0.369431371199959 0.10253846896477
-0.00982008330135503 0.0365015666914149 -0.487422931563769 0.274830932312008
-0.00923888469667173 0.0162708326540889 -0.516043832402043 0.380693866554552
0.00119763740199436 0.00687339756506918 -0.46922294076514 0.500194785073183
-0.000519134810860719 0.00322407303099433 -0.525930659204142 0.477560190266452
0.00295328590934859 0.00464739376021897 -0.517725459845513 0.252827393311737
0.0183226184714398 0.000787184818312371 -0.290570850358263 0.0361115170754204
0.000839208345056328 -0.00273443645006431 0.185039282478964 0.191146022680009
-0.00391041418721982 0.0155391260839432 0.622539850150043 0.164254514002189
0.07240462589624 0.0203051694380807 0.674646999657274 0.163323609152347
0.0378334320065743 -0.0332184196105168 0.772661940562943 0.229847226513865
-0.0132122443958472 -0.000725316451745777 0.774060261939333 0.0717204069477572
0.0147613195257685 0.0433648098031522 0.472821255534248 -0.124744688464331
0.0536635252504254 0.0258526928566835 0.113333375341083 -0.135640983542834
0.0593785479316649 0.0100827043640151 -0.171256960354981 -0.0171319178763653
0.069282268453955 0.0163163828901944 -0.361864322718685 0.109114225208054
0.0348245651812211 0.0395640354138998 -0.47773468946673 0.283105947757694
-0.000412983795770814 0.0199796976796108 -0.513517439344273 0.395853605166988
-0.0104654892069706 -0.0240303952827506 -0.463140856739001 0.506413581873868
0.0388362921215798 -0.0491650542637469 -0.516075000236164 0.484602823303195
0.0494987658434993 0.0182046014128675 -0.518585309306599 0.26674907868915
0.0048148734501775 0.0308131474785771 -0.297932965498876 0.0355004136104346
-0.0342820385343483 0.00827436959990412 0.195812034062989 0.184062852980461
0.00981585593341742 0.0640910190243728 0.617907832484333 0.142197003871275
0.135829974779115 0.0239771720642944 0.689491988366816 0.12722149681536
0.0564126794564573 -0.0594695300285173 0.779362015862646 0.166635554661918
-0.00680041294824594 0.0107420287190637 0.761954104325156 0.0336657648802678
0.0508250692934903 0.0677453648133302 0.476277034600383 -0.125839771066801
0.109462733096229 0.0322173750987734 0.138694203996699 -0.127294841427863
0.121364224371605 0.00224128796535182 -0.139641176945726 -0.0123644981326424
0.124035709506968 0.00628178461787579 -0.335706914231582 0.102572133712132
0.0741343907811563 0.0430213178171568 -0.471344195488464 0.270710546452802
0.00476436387553782 0.0230607678419784 -0.536606041841801 0.383523081253332
-0.0180707465212656 -0.0553493133101114 -0.504196967541895 0.482590409880351
0.0809307702872146 -0.0914390234350655 -0.543421412179815 0.458252949317176
0.0896498530200924 0.0368410707628294 -0.535679608588062 0.257554652476973
-0.0141588097091591 0.0568507402808612 -0.304290180897366 0.0221856426528049
-0.0543130073016738 0.0239661852624075 0.21401261241876 0.166512990162296
0.0350549462140534 0.0905484681108764 0.614732005826521 0.100455356171556
0.174641379714694 0.00101450061942208 0.706901146889071 0.0506567699577167
0.053870136958579 -0.080430752618594 0.772342218454294 0.0468080117238483
0.000868977637205304 0.0221245457933854 0.735848626095914 -0.0408562002459807
0.0821462425002652 0.077496291250796 0.481640919677063 -0.140598575030752
0.151267323792819 0.0282319409281301 0.17863113421538 -0.121273214859093
0.165585462440124 -0.00526664381478999 -0.0870680450929648 -0.0106761879632331
0.161512206451351 0.00189740905043835 -0.295099278903089 0.0885487508852467
0.100055342300897 0.050690233707102 -0.468048442343862 0.239620984846192
0.00810447886349945 0.0244351803573738 -0.586895748431562 0.342671532647646
-0.0153842119654528 -0.0837167504638572 -0.583029331776191 0.425507997163083
0.125171000376027 -0.113177723141552 -0.600722776991479 0.395289351716495
0.11146047766138 0.0637746629257512 -0.566133453080711 0.223984531521333
-0.037288964968574 0.0732390038590736 -0.307861324710894 0.00184323775669305
0.085488280341511 -0.0660511831003489 0.251669679274064 0.1030384685758
-0.118001107415771 -0.121779270213255 0.588592401366949 -0.0635239690600106
-0.157145895991664 0.0603333917985366 0.649284065699242 -0.23462532490366
-0.01500888177071 0.0965130421801491 0.642149112296163 -0.28736784754542
-0.0304228334764212 -0.0137879897816636 0.624124384513776 -0.28481783932216
-0.111190794566976 -0.0229812630738445 0.459166851013638 -0.270728706940804
-0.158098539870603 -0.00249872166699563 0.233865700842691 -0.16021789817025
-0.18110920376794 0.019529685017886 0.0104133560108612 -0.047796024334722
-0.156199105842592 0.00904275938421532 -0.213417473581957 0.0184399597226557
-0.120793754103356 -0.033170696998329 -0.461966599932406 0.0931269073093556
-0.0393737584112957 -0.0170928374602965 -0.679311218942664 0.110183225843395
-0.0280830747652351 0.0915717350403453 -0.775639648517103 0.13885834534278
-0.180282127359676 0.0722889152987828 -0.741477805447082 0.104904328131573
-0.10683542198013 -0.0955650555290807 -0.602451935674776 0.0317743429920825
0.0706500732159918 -0.0666729013470669 -0.274727398612013 -0.040770642283121
0.097927860654352 -0.0519332632356189 0.237080880322236 0.133540880432277
-0.0877282195023041 -0.137261118999573 0.606633583657791 -0.00409980088251806
-0.15965370628983 0.0263880086429164 0.673713004709443 -0.119027955404725
-0.0332386004387382 0.0900479349285548 0.719638562087661 -0.144860265926782
-0.0315781961760042 -0.0144467004565354 0.691462359890039 -0.195046253890419
-0.103641888611114 -0.0297977778273534 0.463004312672661 -0.235626885742347
-0.148783037175075 -0.00609343265740605 0.187149962045752 -0.150728209920618
-0.172214459171087 0.02352638609644 -0.0556631060418765 -0.041353452328065
-0.14646959894395 0.0267818577024679 -0.273397016307302 0.0377810413748146
-0.119445770592755 -0.0089171895191742 -0.483420870893697 0.143262386914261
-0.0393112888366364 -0.0122766916718084 -0.636365810472115 0.200992023177866
-0.00599197977766353 0.0821947497363129 -0.69403555784317 0.282091075419975
-0.14199303082026 0.0932761958675613 -0.696681356305386 0.242406792093916
-0.108378877109892 -0.065446548400479 -0.583542180736146 0.0988958067505451
0.058145477913377 -0.0671566962130263 -0.278891915678357 -0.0155523585363775
0.0957376940348453 -0.0331323596495578 0.218177955496977 0.158071447623414
-0.0503142178015296 -0.126563582283055 0.616262067472231 0.0555815625104451
-0.127125056636141 -0.00503801938998686 0.682728655770431 -0.005110841530502
-0.0391752369236881 0.0633019062716481 0.763269279650543 0.00661995178732956
-0.0305104171796262 -0.0144019223689903 0.742712468750366 -0.0959967835106223
-0.0828211552209476 -0.0279429644001407 0.46642235116698 -0.198191781356549
-0.117034678579548 -0.00698281874464759 0.14574421705532 -0.147074508570382
-0.134669314765261 0.0239842471857383 -0.114973248604478 -0.0342690324185873
-0.111545323032808 0.0368159050701557 -0.323872949549169 0.0655279277415547
-0.0950117651502948 0.0156278788834435 -0.494660999032846 0.201296522880763
-0.0331251412954956 -0.000998348408318781 -0.587818736835772 0.283015480971689
0.0063405019796605 0.0612467529620162 -0.59808033725002 0.393104962667577
-0.0907611478269018 0.0861821743199739 -0.62718609156895 0.359464292331405
-0.0847494919470124 -0.0337645874680683 -0.555760540112621 0.171664997212307
0.0419532416064825 -0.0540999427713803 -0.282653602619007 0.00936483237108892
0.0744423375119821 -0.0182236297954666 0.200861662192744 0.175844561806962
-0.0223140825956929 -0.0898352519309294 0.621976322224072 0.111049344793214
-0.0676940818605387 -0.0137606005889467 0.676783320487961 0.0876956799942665
-0.0245930291223486 0.0286172536246049 0.776462989892676 0.137508375269796
-0.0267848569736128 -0.012883710947031 0.767451972146753 -0.00567888147163866
-0.0536337812856729 -0.0127095674248813 0.468550592925607 -0.166634533428536
-0.0666614769009018 -0.000991641505899054 0.115728015032083 -0.14359582074532
-0.0782158172775262 0.0220106129844052 -0.157730222788461 -0.0251304826263647
-0.0569235672811177 0.0362705270074761 -0.356054636421263 0.0904255862340035
-0.0555801711033575 0.0313169568773651 -0.491685046839871 0.250098719891425
-0.0218599064373683 0.00925528989564417 -0.541735871000546 0.348878691168086
0.00825353534230274 0.0360178901541489 -0.51347222418476 0.462222928134676
-0.0421555752973078 0.0518696112961387 -0.558153090708364 0.440925134939199
-0.0454916140972933 -0.0104811844739228 -0.528081777610505 0.224994357299863
0.0293889959909211 -0.029620147329546 -0.285364825472022 0.0310704789024229
0.03948013578324 -0.00936731960377354 0.190263006505174 0.185642042546159
-0.00996481232755101 -0.0379960351809849 0.619597348814032 0.143976114199232
0.00314469465417917 -0.00122992852434022 0.668323349159106 0.143989758593334
0.00572418693105999 -0.0034476984977709 0.771727426096207 0.213086946096575
-0.0202353126930738 -0.00867205325225202 0.777273010263988 0.0509732718461242
-0.0196660572869881 0.0120443926700045 0.467682949600653 -0.14184503995674
-0.00767538349419176 0.0110824095064351 0.102872310109844 -0.140561251708304
-0.010418243972552 0.0158231035098603 -0.177234508394632 -0.0176519731840798
0.00608577530887001 0.0265725866711126 -0.367397992832953 0.108732547036177
-0.00835435917110626 0.0372775908736778 -0.482914459205117 0.281178973789758
-0.0098894522650069 0.0160418509764424 -0.51294675700661 0.386138043488929
0.000167777071109144 0.00646871244331677 -0.462098671843473 0.498014631540158
-0.000858919853450678 0.00326216385365847 -0.512229192089883 0.478775028068401
0.0035730586402936 0.00435665503230652 -0.508735092432144 0.259307107844246
0.0178737039302741 0.000385640600238918 -0.290031330452389 0.0418205494343362
0.000773134445772629 -0.0010932309054134 0.190939266777644 0.188713029613646
-0.0029555347504809 0.0168130407014945 0.618387374536168 0.152959010064498
0.072474635844989 0.0178698981737004 0.670377139648684 0.157158322990524
0.0359428016825018 -0.0323747619040623 0.773991927606192 0.22303246690206
-0.0137971782054567 0.000366661260788043 0.773188188857167 0.0607687083525525
0.0171878946736881 0.0426086098218186 0.468399807577321 -0.130271256204469
0.0546006902319482 0.0238018357659686 0.110241557716279 -0.135384415171529
0.0593023855413305 0.00786354047562615 -0.170920357591089 -0.0123501748793416
0.0697317841698029 0.0132196423992626 -0.360386163799431 0.114868178676931
0.0373171328865249 0.0382976684792858 -0.474679112916972 0.290631672211947
-0.000178806801689267 0.0205969744825449 -0.509340337562219 0.398840853435646
-0.0111823646523613 -0.0230080915035812 -0.455307990399797 0.504078197540309
0.0363430863012679 -0.0489892618371981 -0.505169261050391 0.485803021268554
0.0507277175480675 0.0162606665330189 -0.509696676160427 0.272981017936314
0.00585775406943786 0.0311587090473469 -0.296567763000333 0.0409148196370108
-0.0328335180912072 0.0105404874194581 0.202140299882284 0.181904991142112
0.0116415932846344 0.0643894436464521 0.614769148912818 0.131478319197214
0.135359700011097 0.0196625755691122 0.684969106766674 0.124051730163401
0.0531155392664168 -0.059771976863077 0.778387192702975 0.159830283412734
-0.00675695660995839 0.0130073571337234 0.76064726148341 0.0222685281417264
0.0541516914985893 0.0666227686818359 0.472058683638742 -0.131980480641503
0.110634035274064 0.0295521555913868 0.13556320974191 -0.127063488658677
0.120980557011036 -0.00158101330862548 -0.138963389166872 -0.00872906790873375
0.123667356480582 0.00155214239477754 -0.333187608561442 0.109012199642907
0.0763379175965327 0.0404546511692761 -0.466805097372222 0.277149137876621
0.00718938782596289 0.0231235121224685 -0.532875295099184 0.388312324255837
-0.0188387005242086 -0.052921246723376 -0.497049613865076 0.48154141106875
0.0768136542544537 -0.0926789233505235 -0.532273866403239 0.460392180555714
0.0898755010538018 0.0340136427647015 -0.526065748751552 0.26427272218346
-0.0103322933690011 0.0579991014703587 -0.303765213656665 0.0291939849703502
-0.0530261215949844 0.0284642837179952 0.218817380396216 0.162158057539996
0.0380680003343898 0.0898708092911159 0.609916475887324 0.0898052791039992
0.172373783597136 -0.00422729952885145 0.701188355592824 0.0424088026034556
0.0497335617230713 -0.0795998736126413 0.767381269413678 0.0400373732657339
0.00283710167690542 0.0240854135196985 0.733374841222248 -0.0502349477451472
0.0857355290046183 0.0744506115556455 0.479194154593674 -0.144807968439036
0.152831172876117 0.0228128606899816 0.176241774860204 -0.122269020656503
0.164072008203344 -0.0104920783055283 -0.0870669791199886 -0.00802791201114163
0.160983496565825 -0.00292891732793432 -0.29246361231308 0.0934487699439849
0.103475584676644 0.0480673641187161 -0.464036361801074 0.245019717042014
0.0106251626602708 0.0253762766297159 -0.581436645154488 0.348535180931932
-0.0169101708704534 -0.080766530840942 -0.575716526830284 0.426049443862629
0.120474125674211 -0.115549339290879 -0.590368338722414 0.39754833285946
0.113268387269321 0.0589990259980571 -0.557767686018677 0.230705688276081
-0.0325588101263469 0.0746602143197374 -0.308145356103255 0.00707057114107192
0.0851995147463204 -0.0632710650754247 0.244134819584108 0.116015165481467
-0.12284551204233 -0.119402183274268 0.593949690704663 -0.0344225870312737
-0.164649570851229 0.0638527155225669 0.663484334498804 -0.197976444779855
-0.0194510938572533 0.103547219665982 0.66028431799605 -0.248246444930879
-0.0336270587652184 -0.00911048405327334 0.638442366584844 -0.249973673063144
-0.111541980068858 -0.0215466654457544 0.474807648916043 -0.244206915873103
-0.158412309401973 -0.00679004764996215 0.241475479882274 -0.146687215578331
-0.179239257111301 0.015246221052314 0.0144217988490162 -0.0478299610136939
-0.153734544242883 0.00473016929486919 -0.214844432124864 0.00327601240911367
-0.117371261432801 -0.0369977309751329 -0.468276714186689 0.0630359341571117
-0.03676059559014 -0.0193513108684822 -0.686781072537181 0.0657878226739101
-0.0279695490525469 0.085832164728729 -0.777725123214685 0.0990328936721065
-0.168885656992542 0.0627571075850559 -0.740779373792501 0.0639865249067607
-0.0957754426540994 -0.0963980638319322 -0.598562679330321 -0.0062258635708645
0.0712148711997134 -0.0642993659808126 -0.271610324280299 -0.058715462383935
0.0978052332146571 -0.0494457604062676 0.228119484940653 0.14482190270343
-0.0917688778737711 -0.135177136981331 0.607410624120498 0.0254870937777249
-0.167203089310167 0.0291131782670784 0.682493934793746 -0.0784188541686304
-0.0390335478627767 0.0962557143509169 0.730063293387861 -0.101856221381861
-0.0350833177399613 -0.0103737153563656 0.701169703226508 -0.159509374747593
-0.104716689641374 -0.0293670005472619 0.47524084329031 -0.208861622591154
-0.149414704474178 -0.0106333631155722 0.193981115968204 -0.139206314498149
-0.169695652643415 0.0186073853647774 -0.0517118176877321 -0.0444125983579822
-0.1446819588602 0.0204269959350553 -0.2763734474104 0.0214641309747546
-0.115938424546387 -0.0137931046329045 -0.49423530058052 0.114773926318397
-0.0380161071016868 -0.0139522186740659 -0.651195775670187 0.159158686243859
-0.00709232935310367 0.0771102045866575 -0.706037270454559 0.24223091139703
-0.133938867133966 0.0824668725270933 -0.702704668760811 0.202600200140489
-0.0988618671703969 -0.0692347011460942 -0.584191249688859 0.0652201908994047
0.0581026492001104 -0.0661704055834987 -0.278420222514819 -0.0333555638529176
0.0942919155905881 -0.0297528907864593 0.208846861514522 0.16966335273397
-0.0542583362231875 -0.124074960199911 0.613840585182127 0.086802983708238
-0.134381993697943 -0.00210470859186509 0.681266378494673 0.0373656888868463
-0.0463953855608235 0.0699716705668518 0.765534121831349 0.0527815619955373
-0.0343194100879493 -0.0107570732336096 0.746067275611038 -0.0590062647975622
-0.0835554019995476 -0.0270276661227452 0.474310821672988 -0.170908710549739
-0.116298211180512 -0.0106509811150934 0.150842328743496 -0.135615162038337
-0.133528225902285 0.020243246998816 -0.11125519809829 -0.0390675029690984
-0.110502203278397 0.0314817320213009 -0.32813182520892 0.0473306568056937
-0.0927254988335984 0.0107571290591274 -0.509159700870268 0.172106883063367
-0.0315830425187799 -0.00320092209373361 -0.609586127923195 0.245250487478515
0.00596880005307981 0.057922121521834 -0.614238556119654 0.355944544995607
-0.0854893652075797 0.0760649661854673 -0.637160413223197 0.320956226951984
-0.0772567158662214 -0.0379441806363592 -0.561785608558509 0.136775852628763
0.0433482835679313 -0.0519582353228009 -0.282796545738551 -0.00752494767867821
0.0723899463516729 -0.0156018778883129 0.191511949320963 0.186477086421896
-0.0272482106911199 -0.0858242499830788 0.614823426712569 0.140478450569257
-0.0750245744569299 -0.0110044101634782 0.670261185845568 0.129464706241693
-0.0321611557844095 0.0351743567739154 0.770573389373626 0.184275750689365
-0.0310556119827659 -0.00805492473709265 0.767115942912625 0.0307522741108185
-0.0540627910408785 -0.0103178332688263 0.472080439443301 -0.139367609762809
-0.0664732523605515 -0.00227846161510172 0.120801689783706 -0.133854756917942
-0.0777385219037886 0.0183820392791281 -0.154123552738773 -0.0321264434466318
-0.056228191171756 0.0318988097578267 -0.360131165112196 0.0712856882299115
-0.0531499679390437 0.0271930574259249 -0.508525699427545 0.222893049724914
-0.0202663438521363 0.00808688276891758 -0.567696851438998 0.314997425547789
0.00791064830885172 0.0334947564678358 -0.533965437949926 0.428210503858938
-0.0390728544819221 0.0452253356278685 -0.571649012894627 0.403973745827419
-0.0398483994605044 -0.0150556279253351 -0.535473318463168 0.192689269449236
0.0312483979519646 -0.0290381332361696 -0.28612630736836 0.0144344471856582
0.0372298793074829 -0.00594254124733951 0.181455928619141 0.195610251033208
-0.015109178680096 -0.0322961122167521 0.61021987766222 0.171080098219656
-0.00419581326519647 0.00533118950725768 0.656757257261335 0.184389248692857
-0.00234404012411671 0.00360272697856373 0.758890468360501 0.259330914485149
-0.0251226114063917 -0.0010852953196219 0.772381187359528 0.0869281817710871
-0.0205862708467524 0.0175123604043955 0.470819385293532 -0.116552346485791
-0.00760003679606255 0.011306719382151 0.107651530449315 -0.131671254179324
-0.0102147042655562 0.0155660602694893 -0.174757012612624 -0.025129077772224
0.0065358536943792 0.0241744594869603 -0.372410777661595 0.0900204462949185
-0.00727265843637018 0.0338535081771633 -0.501005927879569 0.255520689910429
-0.00793778294880521 0.0151408620938734 -0.539163662199172 0.354478895670739
0.00163211522825578 0.00657292817999903 -0.484755684757267 0.464666668786184
0.00101470613102381 -0.00147182964769203 -0.527254692166934 0.441296596631088
0.00621377775696067 -0.000249658197859852 -0.516377462714175 0.229511894908458
0.0206179977036189 0.000161093361965652 -0.291514237740599 0.0276539945320587
-0.00265960807070933 0.00139022842800713 0.183781726405668 0.198335069178969
-0.00894566251598707 0.0238517524060235 0.60657270730049 0.176907371599542
0.0670156025028375 0.0252924117529601 0.653747278319551 0.197405287448832
0.0289487866271806 -0.0245251380913216 0.760699037286769 0.269895156044054
-0.0185530690621879 0.00964194924115207 0.767128996214065 0.0950500376535873
0.0158401539265288 0.0495721762515269 0.469721815952998 -0.106797401173484
0.0539163470738412 0.0267269551630998 0.113566334171701 -0.125359542438731
0.0589126972421647 0.00992586235552542 -0.168668681904293 -0.0190616206636988
0.0691634978591503 0.0122964063070049 -0.364378219744399 0.097927301450442
0.0382264038291998 0.036561801287632 -0.491373921089356 0.265386529457818
0.00384150014449291 0.0207239694994537 -0.53617648264517 0.367402837233487
-0.00799787124314137 -0.0223669154746571 -0.479623676981875 0.46896524635612
0.0375490890071628 -0.0501331986449322 -0.517479810203354 0.449292329125942
0.0513153473451669 0.012921036771524 -0.514419565390229 0.242648231214743
0.00975605066866744 0.0299703691371388 -0.298201704486451 0.0274912992524647
-0.0380010315168751 0.0142364097524393 0.196019874381222 0.190958031570228
0.00549481079039838 0.0747788852567012 0.603771969809761 0.154741272483918
0.129462547996818 0.0291020305000521 0.668327524424873 0.163246659862434
0.047599995476062 -0.0491394089350528 0.765380636362183 0.208524750576251
-0.0102257013742539 0.0239186139475743 0.756612811806842 0.0586921272840375
0.0526234158371857 0.075082870599783 0.473750746800521 -0.107244027527317
0.111030775598457 0.0344128349039375 0.138321625681399 -0.117659297442467
0.119743702857519 0.00186159756746591 -0.138320126596086 -0.014058899057446
0.123871516891794 0.00292743309022591 -0.337021148873943 0.0932575006382151
0.0784020689622743 0.0399698032141661 -0.483621529600963 0.251588799216599
0.0112402806864638 0.0239129205331965 -0.559032647920671 0.35609784452456
-0.0153859441821064 -0.0503500759794096 -0.519748817558955 0.442459439922176
0.0764215099521629 -0.0927665803089734 -0.544186340224945 0.420379836696777
0.0894612588100312 0.0291366542124282 -0.529828482888597 0.234575065254464
-0.00666138999429214 0.0556779895164523 -0.305238385462391 0.0170421570176888
-0.0580630535068538 0.0317266482494947 0.214705160625416 0.170515891897179
0.0318227806065149 0.100750132838366 0.598734634966198 0.111915798860365
0.169310210582744 0.00720171050774448 0.685752002828785 0.0819938986572254
0.0467303180463243 -0.0683110341160397 0.762024806030885 0.0899225476175642
-0.000632027345670468 0.0364092688422422 0.733210026283393 -0.0138521784773762
0.0858009232533574 0.0858111095894793 0.481708112898654 -0.122148252209375
0.152375276203982 0.0309134260585727 0.178789958790747 -0.110894961569413
0.163164409162461 -0.00596617830644493 -0.0867493735396236 -0.011406802147216
0.160376581222 -0.000172782048001576 -0.294550357639429 0.0799758113182245
0.104501638381565 0.0473697586243915 -0.476061754427153 0.221615569731165
0.0157382636997006 0.026721772266538 -0.603885954100922 0.312399391430179
-0.0125423309932357 -0.0775356301972927 -0.59375537080559 0.383892934834896
0.118100028997766 -0.112717576496027 -0.594388583314516 0.356702436358203
0.110660809424407 0.0551084740152313 -0.557947781085504 0.200300051917898
-0.0272170806078713 0.0728458069353494 -0.309103111410498 -0.00467287035060824
0.0808314896340393 -0.0680762658832655 0.24744351742787 0.110259683795498
-0.125783396694173 -0.112749333437292 0.584545632643871 -0.0459320289557393
-0.159481606407127 0.0690827465211998 0.652174594613062 -0.20134092841644
-0.0158296959677029 0.0988737086667647 0.653360035521036 -0.250085689314394
-0.0364252459804192 -0.012402643637128 0.63418379261862 -0.256117616922257
-0.113809730379315 -0.0188955364752925 0.469215912326903 -0.250578260881494
-0.158399057609802 -0.00155439925460155 0.238106812120298 -0.150344645243946
-0.178370833207454 0.0212087446766801 0.0129832136703513 -0.048475434501031
-0.153621170574872 0.00942867149399094 -0.213464851642074 0.00635574032166931
-0.120674142932652 -0.0334738188042739 -0.466601379780459 0.0688336116787981
-0.0406580757101388 -0.0205095021715992 -0.685450298668505 0.0723684079290812
-0.0250045952938485 0.0823500143884368 -0.771081516704992 0.101667628964451
-0.163434093908449 0.0667551137169837 -0.730101302249951 0.0709324683348249
-0.0983091854024053 -0.0927406207418783 -0.591417170180392 0.00293055876725699
0.0664615323543547 -0.0688698838056733 -0.273110299947629 -0.0543236844417947
0.0942494166446563 -0.0548828770536892 0.23236120071937 0.140466795443786
-0.0964376374075257 -0.129693659294924 0.597994298522257 0.0143598000386298
-0.162842127400097 0.0337898381370504 0.674153469855353 -0.0815281143212117
-0.0350718857318406 0.0929779612537633 0.725898598217197 -0.106178621776851
-0.0372498289566504 -0.0130424855944605 0.695817984663669 -0.16764830927993
-0.106783607166781 -0.0271858619057681 0.468413685445548 -0.212734804870026
-0.149045608743453 -0.00623921008148511 0.190398813465363 -0.140310993442402
-0.168293985806721 0.0248590444519305 -0.0529913161238964 -0.0424265925855056
-0.144206023112779 0.0260610841987684 -0.275258469064758 0.0253713029536676
-0.118747807250453 -0.00946049995234555 -0.4928394112175 0.118539875015893
-0.0411712330702732 -0.0139630213921809 -0.650273554139804 0.165018505709863
-0.00529807712067485 0.0742679327238435 -0.694527174369027 0.244728610912512
-0.12822951622343 0.0852537654844852 -0.690500124933236 0.206828473346868
-0.10037640302941 -0.0646135096758192 -0.57647563669999 0.073804415143468
0.0546681982870347 -0.0678579770954602 -0.278635605046166 -0.0291833537316026
0.0904448433443987 -0.0351891058878679 0.214437690457805 0.166088846634765
-0.0589280520997264 -0.12089715874329 0.60452673075912 0.0770835644815597
-0.13242271138668 0.00172904941265098 0.674109620714471 0.0325686526814068
-0.0420822704453843 0.067709101647804 0.762282677425426 0.0471606594878961
-0.0363702849324274 -0.0108524926703722 0.741056453840466 -0.0692943761109002
-0.085828034793076 -0.0257340493693286 0.468196144861763 -0.175884757306573
-0.117162958406014 -0.0068100202298347 0.147669235061956 -0.134211693827737
-0.132743547444593 0.024988034367373 -0.111795708786033 -0.0346987540194276
-0.108804151435091 0.0348707789265116 -0.325901737181224 0.0533213877851821
-0.0935304684052847 0.0134036263360356 -0.506164301848212 0.178730536235225
-0.0338179459993608 -0.00362098618586274 -0.606032331836218 0.25024270914727
0.00637667413596865 0.0538326530454791 -0.605586140180881 0.354192063088611
-0.081125158634224 0.0772381860025538 -0.623870565265066 0.322606897140298
-0.0781465037968393 -0.034142297323789 -0.553237601721824 0.144509450997051
0.0401185297672778 -0.0544638915908987 -0.282895367991343 -0.000906529934400524
0.0703247375095579 -0.0180417395731662 0.198171184365842 0.183105375466025
-0.0314491395971968 -0.0834482184741658 0.607706124309435 0.128328297565971
-0.0733286154197934 -0.008269898528452 0.661656669911827 0.125989502898677
-0.0303279493389382 0.0339549547441636 0.768167381960117 0.176851445095979
-0.0322347711979561 -0.00830462297029102 0.763524485910261 0.0191652467187292
-0.0549457256463402 -0.00962566913648511 0.465855976968285 -0.144818505991601
-0.067424234017642 -0.000573368235617571 0.116777536145308 -0.132233718634468
-0.0772352403312496 0.0217667990022858 -0.154666633356054 -0.0271455185596041
-0.0553935063464796 0.0328369409260348 -0.357834420782815 0.0797215865062521
-0.0533049328207393 0.0285533786527721 -0.506532699659811 0.229812150145307
-0.0209769861541963 0.00786656991839159 -0.566554026521508 0.319499866460134
0.007178378584581 0.031300476052171 -0.526839196309328 0.422927546464201
-0.0371365536940506 0.045916639446321 -0.557709757610356 0.402539791238179
-0.0397155424423017 -0.0129363367390214 -0.523430752709295 0.200513013963348
0.0293841353193819 -0.02963865629743 -0.285730100319809 0.0211306346547899
0.0362270636843965 -0.00678151131142572 0.187779059983778 0.193099239182131
-0.0164475078116369 -0.0308111845539635 0.602142467174035 0.159636485301988
-0.00338830264219397 0.00406368015255937 0.647951422414278 0.180740748460873
-0.00241282367782822 0.00273127475071875 0.760183365793462 0.252021864965325
-0.0249776495542814 -0.000671224734536392 0.77028208512591 0.07412524541474
-0.0199095156030772 0.0170098478981082 0.463559981054542 -0.121876807146123
-0.00656264811555903 0.0112589691787474 0.10326727197462 -0.129074596760069
-0.0100938856187916 0.0158413522695612 -0.174516179570074 -0.0187560338165915
0.00675014687306938 0.0229811937536682 -0.370379266309559 0.0980295680523117
-0.00577953950601255 0.0341980789770243 -0.49695799093243 0.26270575920125
-0.00721300104936179 0.0151272193485983 -0.53729648676252 0.358217429444101
0.00121281483523617 0.0063252636771585 -0.479899176958724 0.460730859468552
0.000690023772991829 -0.00127450849808872 -0.51462855421453 0.440997297365548
0.00707546013569912 -0.00027384757704884 -0.505373438314765 0.235575179412545
0.0210301250169517 -0.000619747140746139 -0.290312994459179 0.0331971618284538
-0.00324172371832422 0.00315635225623201 0.189634930178728 0.195234706405771
-0.00751562392678588 0.0245258193504067 0.598653319776058 0.164944347097941
0.0664820127651695 0.0228079600948621 0.647033153807357 0.193587712349806
0.0277567295510314 -0.0243731521914229 0.761674116925232 0.263038135578853
-0.0172597216730864 0.0114570530348587 0.765232535866133 0.0812407435531447
0.0176461711329736 0.0492680115795295 0.464401383814067 -0.110914029500974
0.0553852408252058 0.0238493480526422 0.109563396513005 -0.123675530437787
0.0589560490172715 0.00784650875006198 -0.168966402323962 -0.0136158824704429
0.0688904067694277 0.0094431000097832 -0.361800530135964 0.104436116212017
0.0409694282611319 0.0345739686300532 -0.487295056446513 0.271403695275772
0.00509179101574509 0.0201931475812579 -0.53343572252564 0.372561210998428
-0.00922047184622712 -0.0201956960496919 -0.474777084759183 0.465557786968223
0.0350093711059345 -0.0511257216834975 -0.506025892833631 0.446744471243798
0.0521339849689182 0.010302556564754 -0.504806391295171 0.249558494672349
0.012285090270006 0.0304690056950535 -0.296820047364665 0.0348001928272864
-0.0370492652690162 0.018031380899103 0.201968806709639 0.186980572735588
0.00895004829878185 0.0731983565353636 0.595288595042347 0.142957001345184
0.128253691261326 0.0238325193402547 0.659857238441586 0.158156635165835
0.0435451747950564 -0.0479890060400395 0.764972428055144 0.20155926019733
-0.00909489084947181 0.0262912836323496 0.751976373585342 0.0468209974152346
0.0565437925086847 0.0731991100433139 0.468571519553626 -0.114004931277521
0.111463349902713 0.0301628589063283 0.134542595877896 -0.116277180359749
0.119741660742048 -0.00197665453470771 -0.137659711960879 -0.00967917567581476
0.123466116692775 -0.00267174947976621 -0.3342039218233 0.0987846323085484
0.0798657834848005 0.0365609574981201 -0.480769530682973 0.258419042060474
0.0141685457229299 0.0246146399718365 -0.555548692180843 0.36072701809447
-0.0162237984063501 -0.0469180321850321 -0.512909687739265 0.441229085940936
0.0719925304127146 -0.0922503505147096 -0.530700995563455 0.420102927638748
0.0906670412444284 0.0254294092496249 -0.520528856836638 0.239508387891508
-0.00215063925838691 0.0564070109104518 -0.303628410068436 0.0235705145283836
-0.0556289546925064 0.0358953363161647 0.218290948735214 0.166681377782574
0.0366803092532777 0.0984959502483575 0.5917056391965 0.101980736570618
0.16636570425778 0.00130894966635368 0.679739354181605 0.0775630749859952
0.0419882874400879 -0.0661955991943408 0.759881978716367 0.0825183565463308
0.00167882246610724 0.0393188377766587 0.729289740603404 -0.0250883835063836
0.0896927658577751 0.0822322039485903 0.476912989295685 -0.126627492090994
0.154103639957941 0.0248100643382019 0.175213618957416 -0.111472364884927
0.162111087339357 -0.0127561180290285 -0.0862753160398465 -0.00860556254025452
0.159781263888397 -0.00720080430082481 -0.292486535252645 0.0848358381465664
0.107940187269937 0.0436554343361971 -0.472074506166636 0.226507339457391
0.0192121697070625 0.027382459428584 -0.5990467887905 0.317853361554715
-0.0138828834856668 -0.0720825028063403 -0.589064772283092 0.382350500584332
0.112351742898811 -0.11376635062258 -0.583378858267491 0.356183259486084
0.111927774834265 0.0498574754084361 -0.547813012570837 0.206723959479784
-0.0221752423302842 0.0745038155855382 -0.309148170668478 0.00155078899189098
0.073805812439085 -0.0724639530783669 0.251419893847284 0.103432763863742
-0.129773699885578 -0.106570562427215 0.572884801470511 -0.0547610020234018
-0.152677153488702 0.073306326976078 0.641177448742002 -0.201580321269067
-0.0126037776400609 0.0933973885169127 0.648385637213377 -0.250629848632644
-0.0406728894948303 -0.0133814100523884 0.62958418245045 -0.260957820791678
-0.116944623025537 -0.015575133491182 0.464045016847388 -0.255128483738849
-0.158796005911495 0.00479439062129251 0.233646249605613 -0.152084507599077
-0.176881781142517 0.029823223662163 0.0120244085643027 -0.0484274104435302
-0.154446472111537 0.0142680684561308 -0.21321454848218 0.0102404873625967
-0.123207249617781 -0.0296745289764841 -0.464557256832659 0.0739257175991572
-0.0440364713705485 -0.0224293448622664 -0.680892416417917 0.0793506766352835
-0.0222850725868171 0.0772913397419003 -0.763162081135578 0.10545671462471
-0.156230150293865 0.0717918201649522 -0.720582295363864 0.0737855738746736
-0.101662895909261 -0.0873852473275161 -0.584231947559003 0.0106946748948426
0.061172760431724 -0.0724290130663419 -0.274985387988623 -0.0500493181180171
0.0881650980062054 -0.0596578212599317 0.237127501930833 0.135270740109795
-0.10241084654862 -0.123659260448966 0.587582626000748 0.0039670094336571
-0.157641583750391 0.0392071324669356 0.662948810302453 -0.0825462402703027
-0.0302319902585835 0.0881179884533836 0.721696511365862 -0.108740494782147
-0.0407180203793167 -0.0145488499087761 0.691074349291779 -0.173958829083234
-0.110354692857371 -0.024586818382674 0.462896844356561 -0.217640442172987
-0.148918870663228 -0.000103405163088211 0.186866706615175 -0.140899714025547
-0.166667360175584 0.0317922311002271 -0.0535069585442288 -0.040586457450659
-0.143697674149081 0.0304119318490205 -0.274329658415839 0.0311385383848847
-0.120549854368847 -0.00544897775322668 -0.490460113097848 0.124815038342032
-0.0452019366290201 -0.0152282253749861 -0.648357976609443 0.16841792604887
-0.00428211427893207 0.0681018311355509 -0.687508758825701 0.243164485985786
-0.121944659708693 0.0878760095941757 -0.679152769486237 0.20858425436206
-0.102825826399637 -0.0591864930764144 -0.56972536256666 0.0807513664843239
0.0489065267357835 -0.0708413538314031 -0.278260107121582 -0.0220764791863936
0.0864761695778983 -0.0401835843965695 0.220129146381459 0.16070883441437
-0.0642583619624029 -0.115685213672492 0.595718769651897 0.0646988191628743
-0.128303397478539 0.0069107827865143 0.666351461989251 0.0317547418563151
-0.0388794479566344 0.0647928641903906 0.760093351960298 0.0413897977190431
-0.0385520199955136 -0.0135125916155426 0.736786335463097 -0.0791499783719739
-0.0884722570775714 -0.0233146920697707 0.459878370590165 -0.181418163660739
-0.116580328686255 -0.00326713671293494 0.143023191327866 -0.133798763824892
-0.131149900083196 0.0298512971288356 -0.112789135810565 -0.0307782702504709
-0.107945613498759 0.0385167724945035 -0.324294062920952 0.0597416501653588
-0.0943033586858962 0.0170823878381793 -0.503848306496393 0.18660782820086
-0.0368522994863978 -0.00339011439657213 -0.60290262072938 0.253336430887948
0.00739574672050082 0.0515120395792454 -0.599553516903661 0.35134419375663
-0.0757404321324253 0.078318950756284 -0.610218694996492 0.324608130760867
-0.0786647121941585 -0.0305268009920907 -0.543099191076581 0.152700009663956
0.0367372572202953 -0.0556677018024254 -0.282826300427479 0.00634635459864528
0.0677920961323001 -0.0208945255329265 0.204097020742129 0.179545792912179
-0.0337326624097867 -0.0813724123845107 0.596386413506663 0.11751368646141
-0.0727199619951726 -0.00495247740215315 0.654679483700171 0.122901600530914
-0.0278925341769461 0.0326201190245246 0.767416657784378 0.168930779295751
-0.0335316967384747 -0.00957948621860187 0.75956396691236 0.00757552702845245
-0.0563745324087273 -0.00969657963351284 0.458211278466641 -0.149444057995018
-0.0664870150267606 0.00134731901397561 0.112631414277922 -0.130466821045693
-0.0756509765354347 0.0240782179723626 -0.153977429941807 -0.0207131560173299
-0.0541208453343264 0.0351266454752318 -0.356788796977944 0.0876917166941146
-0.0531603938429373 0.0308180518651867 -0.503583839868912 0.23789957449109
-0.0226203250264473 0.00799395708892269 -0.564259288041037 0.321972795891082
0.00757401961748973 0.0285889107283678 -0.519795205207595 0.42000492796225
-0.0337750157590756 0.0447169552805795 -0.544258510075446 0.401358305194626
-0.0394697632114391 -0.0111661673750612 -0.514664508512064 0.20571734391119
0.0271715243033197 -0.0302598077292559 -0.284593658960082 0.0289253840857767
0.0349990419705199 -0.00697070864897735 0.195573188448622 0.189952082049769
-0.0169981900162221 -0.0290522948053934 0.59202083004466 0.148418484319669
-0.00331959969912884 0.00423605606473954 0.641341117899701 0.178935612556132
-0.00175839208066946 0.00217225787311915 0.761156723553376 0.244761900310358
-0.0257957836049635 -0.00044437999009999 0.764975149836081 0.0616153837377876
-0.0179801796437875 0.0173351859963647 0.45665465126306 -0.128541364809858
-0.00642077648866429 0.0109946072536525 0.0989522073924143 -0.127112716879655
-0.00887446897122479 0.0162680844076083 -0.174010404442498 -0.0127388223131882
0.00791207545334431 0.0229807739462389 -0.368053032013273 0.105961163044331
-0.00423333612801396 0.0344258553312101 -0.493598189616709 0.269058719434791
-0.00714361880332371 0.0154759792915881 -0.535757966985863 0.360677818575267
0.000579618737002605 0.00603527917299526 -0.473363662087169 0.455161746577182
0.00153565423461415 -0.00143245220137688 -0.500699423859832 0.438075435584573
0.006691596085009 -0.00110252854513425 -0.495365855970982 0.241394882057764
0.0206550817712913 0.000105091072377551 -0.288051395467739 0.0410006033176789
-0.00413185577985782 0.00498794518012278 0.197444284936575 0.192320444533811
-0.00608940490403175 0.026786337986319 0.589121093867802 0.152465592582365
0.0662573483252156 0.0199798792516145 0.639795728646154 0.191307491852188
0.0248501264399672 -0.0238020629585027 0.759559823742197 0.253757489558204
-0.0177940984410341 0.0131685286211685 0.759790576447383 0.0700061039051972
0.0201292858200657 0.0474983983107849 0.457656261364163 -0.117109568863701
0.056252608601505 0.0222013156665703 0.104966366295572 -0.120322467117886
0.0585028619891137 0.0044564753578342 -0.168002726543936 -0.00730888444704574
0.0690647065780116 0.00626606917358164 -0.358601943788078 0.11300452211174
0.0433239161119577 0.0334218990897132 -0.483307024508355 0.278098539681954
0.00685006764001161 0.0217622150640361 -0.532582765778315 0.376098249038298
-0.00918292256009926 -0.0182422585495039 -0.467442830504185 0.461409987287716
0.0321717167789288 -0.0508375089923164 -0.491927676394358 0.442565273080092
0.0521752203742287 0.00752655396374607 -0.493816507767828 0.255426794875023
0.0143180383432876 0.0302100709720925 -0.295362654413492 0.0426809381922317
-0.0359654069006222 0.0220479513295856 0.208932201952145 0.181854364789392
0.0133512155503038 0.0733737255616852 0.585331164706196 0.132298180011606
0.126364187807681 0.0187946591607895 0.652896145428599 0.155543662211551
0.0392669876059548 -0.0469143794537963 0.763549479827009 0.195397237819575
-0.00764813443144785 0.0295213289523894 0.747622076628841 0.0365008724684487
0.0601584448920524 0.0716276461385755 0.462251304261105 -0.117968756370805
0.112836573880684 0.0255840132458317 0.132183701681531 -0.114933616838838
0.118655371128461 -0.00719672643934522 -0.137035455236995 -0.0054796969495538
0.122904037310404 -0.00724219220062881 -0.331658115504758 0.105722026731411
0.0830704872601095 0.0327445224281614 -0.475480080611234 0.263997407201578
0.0169376795785687 0.0250100562894136 -0.551352854797975 0.364335091181956
-0.0164205997051314 -0.0430796320471319 -0.507117880454386 0.439045261023901
0.0664127366773927 -0.0934108851761795 -0.518192408486244 0.416904987872912
0.0911129117375192 0.0214163160464285 -0.507173887017017 0.246796246909588
0.00157331198205656 0.057403209159152 -0.302301265656616 0.0308236875139209
-0.0522938913743877 0.0408193214545377 0.224633761496149 0.160636083059848
0.0426694659858336 0.0963867628642483 0.581817540327468 0.0893352673302055
0.16267317357774 -0.00524878445492352 0.669446805252586 0.073000823839824
0.0366313937219349 -0.0628545688692425 0.756957476331547 0.0782931004010375
0.00490688249982551 0.0426455182756892 0.724568338725634 -0.0320568607549345
0.0949947504775566 0.0795236763908242 0.472745456234445 -0.132123979847723
0.154312369582929 0.0192327180961035 0.173164637971958 -0.112338153253059
0.161061248827896 -0.0181673810354758 -0.0846262660161869 -0.00598348262331016
0.160231628649741 -0.0133420645377633 -0.289528074342544 0.0896342807584528
0.112029615744221 0.0395639566243379 -0.468395676024434 0.23210827534828
0.0228171217865405 0.0281815226188317 -0.593013841198428 0.322909875335785
-0.0158235841579918 -0.066697420589469 -0.581469106891628 0.381424915595687
0.105094537655252 -0.115877725116958 -0.570287615653228 0.355720283875519
0.114169206845704 0.0436428435864049 -0.535701997062824 0.212471545348842
-0.0165560525687705 0.0764660530251237 -0.30814151244529 0.00935302946356227
0.0671767542674023 -0.076975683698618 0.254551872768412 0.0959012627627808
-0.133342741636699 -0.0970829452439762 0.562241449665744 -0.0654085631296271
-0.145237571012424 0.0777199273883686 0.626433712499021 -0.201753167091194
-0.0092945184828199 0.0867614426924209 0.644504616235046 -0.247997494142908
-0.0459783586596148 -0.0147230810426164 0.627536548183323 -0.265956831800977
-0.121010630299105 -0.0115249291752149 0.459385618564846 -0.260273778851625
-0.158717255245571 0.0122818604459128 0.230909457408664 -0.154445100399291
-0.173747009831069 0.0373574998739371 0.0102051666431634 -0.0477115708005375
-0.153933618185336 0.0212483380631955 -0.212414921069336 0.0126478387701975
-0.127805090357229 -0.023739446572865 -0.461329818468643 0.078762285011251
-0.0493730866039147 -0.0240305635817163 -0.677930333446847 0.0835245410077188
-0.0189779665139868 0.0711385161279432 -0.756304522470839 0.106764787930618
-0.148497677889583 0.0760961231982607 -0.707882530117102 0.0759756997775362
-0.105733725847976 -0.0809001643421462 -0.574765650337347 0.0177070526882777
0.0546438272190562 -0.0758125345587892 -0.276204354397596 -0.0441781966757465
0.081152560691899 -0.0653618397880363 0.242885191261207 0.127257971214507
-0.107563847657929 -0.116668663813003 0.575769122395766 -0.00382314616302059
-0.152365552824935 0.0451363492097543 0.65330283704565 -0.0830484523276499
-0.0262927054028979 0.0820656824378544 0.717572521257303 -0.112068968493093
-0.0451394759335259 -0.0171671614400714 0.687268718043632 -0.181128111789004
-0.114233101876364 -0.0206842647217653 0.456371279927547 -0.221846766752335
-0.148693766476353 0.00602417215778826 0.182531618074405 -0.140119114894476
-0.163523837269534 0.0391736097379311 -0.0550403986609686 -0.0375125742701398
-0.142948281847645 0.0364547868323056 -0.272872235984089 0.0363701696748071
-0.122570285275796 0.000256800240232847 -0.487310843277799 0.133231907477689
-0.0495938785333873 -0.015850308588021 -0.646705483372784 0.171176389247409
-0.00278523764203417 0.062427304779958 -0.679486559890783 0.242409757051682
-0.113282932563558 0.0906210140258675 -0.664735131995358 0.210493950327854
-0.103293702103551 -0.0527887115648355 -0.55808654356527 0.0883384656604303
0.0427262135664699 -0.0736386409155452 -0.279430118905093 -0.0149658452278367
0.0818652587128395 -0.0447783084684883 0.227127533771018 0.155647853280438
-0.0690863803977756 -0.110079683269557 0.582929202094839 0.0549165942827488
-0.124981350478367 0.0120692459931555 0.657502084013697 0.0314006981985057
-0.0349460789255057 0.0604080471716291 0.759357617143323 0.0368913405069883
-0.040584351768205 -0.0151022135260654 0.730993084325192 -0.0888129652741676
-0.0912581644689369 -0.0215523865408783 0.452284362292721 -0.185518987739631
-0.116143271019862 0.0022242806582057 0.13934931416425 -0.13124108023148
-0.129123229477317 0.036070544370735 -0.112640626511235 -0.0256359553735335
-0.106377025224324 0.0432530936276543 -0.321782223687457 0.0669390156680139
-0.0952102637095285 0.0209515349837694 -0.502200453441772 0.19353105348686
-0.0408193488505961 -0.00284811886416473 -0.602190163962064 0.259241510887483
0.00641154244475665 0.0470785966247894 -0.591965319985482 0.346431262280964
-0.0695631279415924 0.0786807931259208 -0.597518019977414 0.322067693876448
-0.0786879923497361 -0.02538829614753 -0.531847075154543 0.157720031932048
0.0321936872272624 -0.0569645370457033 -0.281524441046351 0.0126360711857326
0.0642430073325627 -0.0251215596303944 0.211787851108346 0.174909677146625
-0.037261078192924 -0.076986727166042 0.584497789158127 0.104473266423197
-0.0705975768960534 -0.0017539155235645 0.647682126567471 0.123985603573285
-0.0260159513586086 0.0305351323376043 0.768296148296389 0.16327466412208
-0.0347671099614286 -0.0100597708234209 0.752923740302761 -0.00394208134337445
-0.0572381433991087 -0.00812643845602237 0.450717988593942 -0.154809336356716
-0.0662268632560299 0.0040795854531725 0.108392125182867 -0.126196474488455
-0.0731976702013054 0.0278953356515974 -0.155322729796057 -0.0141617403187602
-0.0531909489698243 0.0372702069746875 -0.353413240937367 0.0956654240278258
-0.0524951456599689 0.032925281101123 -0.500433883843005 0.246728163527986
-0.0256739794061617 0.00873849979895227 -0.564283517401693 0.326034093429732
0.00744908565013698 0.0264678683626068 -0.515765569150792 0.412814910184742
-0.0304543312277019 0.0454131721048635 -0.530729887847367 0.395457749588434
-0.0391855486503365 -0.00890177606469477 -0.501942968808775 0.21198512695352
0.0250442462258316 -0.0317680316028432 -0.282399220091699 0.0357470513081419
0.0325823324955735 -0.00789857731013053 0.204504828361376 0.185325168128582
-0.0178802409031976 -0.0271932950780147 0.580493507631624 0.136624384499046
-0.00249290983954647 0.00408629293467584 0.632680416078564 0.178111254310049
-0.00330392080990863 0.000785710299149965 0.763440449116163 0.237256113710323
-0.0265990441792566 0.000830551932521609 0.760478870177537 0.0482540157013884
-0.0183727986312965 0.0173960554611211 0.446503396306945 -0.131576835292736
-0.00560636997948739 0.0107923439750006 0.0946203048037326 -0.121982323654739
-0.00836839538275067 0.0163189520361276 -0.173175256475785 -0.00483192502932372
0.00867906404863369 0.0219742025781905 -0.364113151480898 0.116357265772082
-0.00257873000536954 0.033323649306882 -0.491422776752835 0.276964450444512
-0.00725796944069382 0.0159209161874749 -0.535489602993419 0.364668165311502
0.00121204229612851 0.00651016087274388 -0.46896793455318 0.447894814368359
0.000766983175037163 -0.0011965019116796 -0.485811862609034 0.432156961392306
0.00701942790404292 -0.00107896080947598 -0.48273589100224 0.246460962319642
0.0212592499395257 -0.000799417128029551 -0.285795266649526 0.0492892728483645
-0.00307075788628533 0.00753608772796417 0.204758592276329 0.187577801895575
-0.00326760802724832 0.0268905653943109 0.577584078549024 0.14045414734694
0.065567366313018 0.0161645546790964 0.631973497734659 0.189842468744508
0.0218369789384698 -0.0234049416011968 0.76317731553595 0.248583649679948
-0.0162807467498416 0.015147791789206 0.755330720576831 0.0581130687271129
0.0225892302676005 0.0458603731745184 0.448701624450006 -0.12028525878548
0.0568821426516063 0.0186815770413604 0.101556271523609 -0.117020005902637
0.0577263341546503 0.00244158534267743 -0.166501891515731 -0.000397880126126678
0.0691980775070364 0.00217988047436512 -0.354584415701146 0.122031286507036
0.0447629424621089 0.0303385796348436 -0.47910957115521 0.287478005534714
0.00885885472932378 0.0210134161431776 -0.528314588372475 0.379368434798646
-0.0090371550356676 -0.0157849547393006 -0.463513721848074 0.453606738101341
0.0291091409337311 -0.0501739234910235 -0.478511962889746 0.437977377861491
0.0516397803796991 0.00413485556518712 -0.480584999482097 0.261346592689113
0.0166967801626218 0.0295297242255381 -0.292150384421058 0.0504767461285101
-0.0331181983771651 0.026761690574619 0.21563804465197 0.176906831503468
0.0183245692601418 0.0718819699586833 0.572237779564852 0.121230418596227
0.123758737423941 0.0130063493433878 0.643800780625639 0.152991693810605
0.0344366308050429 -0.0448775985499182 0.765280222764616 0.188424072372137
-0.00513218457994243 0.0325174819949272 0.745731307419549 0.0237607273014903
0.0643364626337544 0.0683539742327172 0.454663243965285 -0.121414052611854
0.114002058245822 0.0200546155316133 0.128399105154222 -0.112414085949586
0.116846433362215 -0.0128401299225189 -0.135046665335599 0.000559780248002296
0.120920213361453 -0.0136055025216096 -0.328012670861821 0.113566890414598
0.0868557509625012 0.0287556497022621 -0.471545286120335 0.272208716795066
0.0207783311131618 0.0246085657416496 -0.54926469611954 0.367630801503239
-0.016151904729098 -0.0384412705241113 -0.50321305284138 0.431651918735687
0.0604880664783337 -0.093246849027474 -0.504291087072491 0.412407826519012
0.0912674828656735 0.0149298265488467 -0.494090049955336 0.251413539847501
0.00680654218577773 0.0572793035289107 -0.299436121938897 0.0394306614653582
-0.0475277783626321 0.0464739805284013 0.230504809467664 0.154360364301984
0.0481874675059273 0.0941667513651765 0.569047252508462 0.0788133882599291
0.15701264504534 -0.0124252519662785 0.660540492128805 0.0713850515901573
0.0317875859967316 -0.0588219815356885 0.754192140966213 0.0733435297548642
0.00817921621053227 0.045947246585333 0.720938061398504 -0.041345092144682
0.0999295907622053 0.0751856049994058 0.466699515500181 -0.138010582907639
0.154733874345073 0.0121253036969734 0.170955148751675 -0.112399875793785
0.158213485699852 -0.0251599021818288 -0.0843977643260275 -0.0028027064967625
0.159156259018575 -0.0212309767116561 -0.286311763785437 0.0945171051341363
0.115357308550597 0.0338579982865164 -0.46408848505618 0.237148095262995
0.0286212128821786 0.0289490031702352 -0.589081804415619 0.328702553475358
-0.0172338440760435 -0.0599655468474083 -0.576717823766966 0.377054199405691
0.097025818033588 -0.117384486729028 -0.556817161830475 0.352542574226334
0.115515154635119 0.0368820036092686 -0.522144542267509 0.219594146756536
-0.00919453360126759 0.078170534554808 -0.306657570018526 0.0174674903784318
0.0577350433820688 -0.08107174930897 0.257433178833823 0.087029355063152
-0.136871728544374 -0.0865871597385727 0.546370958645811 -0.0727710309640146
-0.135208255252248 0.0807061507207553 0.615705234444161 -0.198738011317211
-0.0067988748229093 0.0785194106929373 0.640141894907381 -0.244062569081272
-0.0520745851448451 -0.0167710507504773 0.622578411999611 -0.269959686620589
-0.124433121586746 -0.00586602212612504 0.453473608048386 -0.264987582921728
-0.156525637951861 0.0196915957753696 0.225707602526599 -0.156787050422935
-0.1695044646432 0.0466627837779307 0.00875391720199221 -0.048455612325017
-0.151863311574272 0.0289695586408477 -0.211493005161779 0.0157457897950702
-0.131843472800686 -0.0184448866158013 -0.460202390640482 0.0829958496654942
-0.0555987941135087 -0.0253793330319646 -0.676563887802489 0.0885305915594982
-0.0162627740219851 0.0638852739852106 -0.749084158440368 0.108048866080333
-0.137628390347056 0.0793484474193417 -0.696134546329118 0.0781784057060615
-0.107431288852615 -0.0728676419729697 -0.56391159145469 0.0256495873264422
0.0465754476806973 -0.0794538737548726 -0.277448040332054 -0.0367350934852574
0.0724741130970641 -0.0705065397417927 0.248393434481831 0.12007026594351
-0.111870580559089 -0.106509792173541 0.561178991717987 -0.0130932577052853
-0.142960074820181 0.0505991818707512 0.64259284021146 -0.0794227441014268
-0.0229362304576169 0.0744975242629922 0.714334447239394 -0.112496875176044
-0.05108004450006 -0.0193264525787652 0.680083274649589 -0.189653542030694
-0.118208998406115 -0.0163122947336403 0.45024360682249 -0.226786082026831
-0.147575466226457 0.0130614151497317 0.178643868832935 -0.139965472464493
-0.16065394036112 0.0475200355311709 -0.0551263543085305 -0.0335964849041871
-0.139937494036958 0.0435964188521551 -0.27150855251043 0.0424074739744202
-0.125736138462566 0.00501902142414801 -0.48587927005177 0.140001615473555
-0.055928632732257 -0.016452787673156 -0.644382664362159 0.177557099421755
-0.00218195014541979 0.055688511774435 -0.674429484154235 0.238387629166159
-0.103595787763149 0.0920867988222207 -0.650772649506964 0.207409927972941
-0.104640556589174 -0.0459319555027507 -0.546854230467418 0.0966151070145884
0.0349322555455039 -0.0754595485116293 -0.280103468102587 -0.00750024372433246
0.0742023275165256 -0.0510625141175567 0.23447217200577 0.148514556809283
-0.0747451981647379 -0.102950023977069 0.566632592614654 0.0450088949664457
-0.119209240313317 0.0176063897727636 0.64762410371298 0.0340198147941127
-0.0308348773155301 0.0545034103653972 0.758787547050762 0.0328750955541932
-0.0452692901795686 -0.0168517914536372 0.725961773331736 -0.0980130970889786
-0.0942826153151035 -0.0180148606779207 0.444462836824108 -0.188536927387737
-0.116044336157065 0.0079767536351642 0.134714985335159 -0.128050824852865
-0.125267687168096 0.0427961808803879 -0.112125986551086 -0.0190808656005804
-0.104535498150546 0.0475727534473411 -0.318922783824658 0.0762733210859585
-0.0966193182493792 0.0259501713943259 -0.498164879131203 0.201538186869266
-0.045367736501101 -0.00218285467012936 -0.603039232264651 0.261879020690937
0.00585993537053864 0.0410119433453196 -0.588230638364407 0.341016424268063
-0.062551547425776 0.07891660055707 -0.581987564155194 0.31769305748633
-0.0780273862261489 -0.0205785379641258 -0.517869709480793 0.164555000758436
0.0261453063834171 -0.0584753140448841 -0.28009230080779 0.0212557438883482
0.0596724069015032 -0.0294802826580453 0.221166969493592 0.169155144388908
-0.041041970522219 -0.073203966953365 0.5690152422633 0.0954732796153735
-0.0669472063788349 0.000851507072611026 0.638093028605001 0.125305496671747
-0.0240354496348824 0.0272753618581323 0.769479791097665 0.15814244018725
-0.0365772562395399 -0.0114462124191118 0.746992742873782 -0.0170743911681714
-0.0589543718892188 -0.00644623706198783 0.440139554493334 -0.157841773593521
-0.065050881585004 0.00641444210858169 0.104755569564675 -0.121919038428651
-0.0715380907077239 0.0312489419386635 -0.151900040475503 -0.00600263118475727
-0.0516321784458662 0.039404024741117 -0.349682674767819 0.105602730367701
-0.0521787414702203 0.0351359013748392 -0.496533330423723 0.255575431755251
-0.0277913877941033 0.00882360472287663 -0.562522095337702 0.330552680560385
0.00613594768453221 0.024149376185357 -0.512170787093052 0.405522849619557
-0.0269647188910426 0.0443492576388935 -0.515786384985551 0.390282401516208
-0.0387917099817131 -0.00606439688558794 -0.487722910932954 0.217168230636115
0.0217239770859263 -0.0319462494553496 -0.279708915092508 0.0439261802012658
0.0305838781178695 -0.00893453880522303 0.212873644767905 0.18069144520726
-0.0181104289800803 -0.0246218568359037 0.566329453207184 0.124485031348081
-0.0023043999394864 0.00418179384189256 0.62343674286889 0.179840402853464
-0.00334150965072566 0.000339749424762698 0.765303846748718 0.230224510995443
-0.0265437145890299 0.00125073758638462 0.753944308306391 0.0351567501554351
-0.0180324865905482 0.0169582453739102 0.437820845331325 -0.135602319678033
-0.00431205220610047 0.0104312259805456 0.0906123272090276 -0.117124205088411
-0.00764390642351743 0.0157399239695022 -0.171163905405328 0.00300012249771747
0.00886596414925976 0.0200217909605059 -0.359987981749632 0.125358672074085
-0.00170314432563508 0.0341922533753369 -0.485765841876518 0.288027302528954
-0.00726472673441201 0.0163503121776253 -0.534784865696522 0.371211762063082
0.000300590442628156 0.00661928259455719 -0.465995029815479 0.437902002086493
0.00142645033070628 -0.00149863168597049 -0.471601821195978 0.42448149343097
0.00768617780366875 -0.00147153817328247 -0.467444213950041 0.252044576994472
0.0215876670679843 -0.0014578328489463 -0.281800445475396 0.0583552520250262
-0.0024868262299533 0.010239443036834 0.214702325224888 0.181744851845544
-0.000738009988102015 0.0277948007723492 0.562395479149643 0.127538676840908
0.0643749094385997 0.011950935041686 0.623158447752632 0.191212733536868
0.0178175935918557 -0.0228481036836903 0.763299357380951 0.24141285454657
-0.0156576326522164 0.0180145388266894 0.749792675334247 0.0445991371896074
0.0258444303693884 0.044753354604279 0.439247290395769 -0.125564771225983
0.058259343191944 0.014974097151995 0.0981526048854819 -0.112561563393538
0.0579669999321829 -0.00117844202781486 -0.163974783650506 0.00708851330946046
0.0679957246509765 -0.00168458268632791 -0.349999393043471 0.130667220709209
0.0470822632292389 0.0279410453913368 -0.475695757751034 0.294452568787423
0.0106347374003862 0.0205896377974746 -0.52901255253904 0.384879029327137
-0.00810413889195928 -0.0128599418832811 -0.461809406281927 0.446065262357971
0.0246887718931295 -0.0499215793690517 -0.463510959410532 0.428558620864944
0.0520825398027889 0.00155869069477147 -0.46526223635313 0.264127793446057
0.0193117440129476 0.0291426404136355 -0.288311313470119 0.0589795835956865
-0.0297479311871888 0.0311307671590173 0.223672973491391 0.170965214144289
0.0240855113562995 0.0704649230222941 0.559151537062165 0.109286157031054
0.119742066274867 0.00572576002419372 0.635192474494482 0.155742267046601
0.029500112011156 -0.0417286961434112 0.765128801929019 0.18392502410805
-0.00116468055193714 0.0362810060415824 0.740847628661166 0.0132736840294753
0.0691512377981351 0.0650788634097353 0.448817062750064 -0.12613063667109
0.113229205544295 0.0134060592442302 0.12526753841467 -0.109096077744322
0.115019301122103 -0.0193074871193292 -0.133201482642297 0.00623884172366425
0.119123894117174 -0.0199466553728039 -0.323694622533346 0.121364515770532
0.0890989212399206 0.0231290249101884 -0.468421446228569 0.278694342309192
0.0259796114971702 0.023795588685336 -0.546640740457225 0.371786597820303
-0.0159624607550024 -0.0335074625243238 -0.49962690243732 0.42583115424584
0.053326894264833 -0.0926162867776792 -0.489750052861266 0.404439900716858
0.0907221877145151 0.00992694412134396 -0.478428703163895 0.254392813975887
0.0133621047131022 0.0572827510146072 -0.296412465433684 0.0492500142627856
-0.0424492006299192 0.0523881734880852 0.236781269277665 0.147281992067091
0.0542514033342132 0.0894553856903065 0.555700361004602 0.0674795634715894
0.150529072438146 -0.0193113418021403 0.650298009486544 0.072231697811784
0.0266969303107172 -0.0529615408826953 0.750496340976334 0.0719128184217211
0.01326116201403 0.0496844321592577 0.716108311113679 -0.0504646835380839
0.104574489863935 0.0706578865678256 0.461280375679404 -0.14091321860476
0.154357595777054 0.00372992253449713 0.168384032718215 -0.111343022190465
0.155401972196887 -0.0337977577536177 -0.0824220516827868 0.000404944219504612
0.156115033592756 -0.0294292628642961 -0.282791248276554 0.100791870119122
0.119773485858944 0.0268046644631189 -0.459517071554141 0.244639311273712
0.0341429205915332 0.0287964707446665 -0.584611725783643 0.333910382755559
-0.0158438366191597 -0.0531472301379824 -0.571588382827182 0.374081690500528
0.086264367758806 -0.117330688804528 -0.544479502683926 0.346150741434294
0.116361596652503 0.0279413014673626 -0.506153967513393 0.221763061626027
-0.000850922953261736 0.0787410084574453 -0.304486971937488 0.0279192102816378
0.0461808578397526 -0.0852067739087159 0.260186495039802 0.0762580412782448
-0.138946425185521 -0.0743168741933764 0.52777270385552 -0.0780574907289583
-0.123246287136638 0.0837900540394846 0.602589332582425 -0.189624263871503
-0.0046847594875311 0.0684932372466392 0.636128710504893 -0.242380141246871
-0.0609395238275776 -0.0169536505460405 0.619195832829062 -0.276136785893774
-0.129136716678203 0.000635951565066031 0.446579825010208 -0.271127257863729
-0.154138225230453 0.0291373465962575 0.220638307682703 -0.159204242715451
-0.164216099664572 0.0560572678570986 0.00616115045510054 -0.0473076659289553
-0.148536496282298 0.0376770173312873 -0.210979640167449 0.0196151038969068
-0.135813053844796 -0.010168584480451 -0.456783336020479 0.0907517516643277
-0.0636979306006413 -0.0264992955275281 -0.672649279271753 0.0940669468236706
-0.0150616190444717 0.0539614868214891 -0.745506482708815 0.106084691743826
-0.125412114790484 0.0825428560949366 -0.683448969500584 0.0753035743711981
-0.110226362329152 -0.062953646075868 -0.54983935808826 0.0313986620821555
0.034966377736263 -0.0828383951812885 -0.278669273322269 -0.0282777732890392
0.0614049691531707 -0.0762634686968899 0.253649709315132 0.109550128405989
-0.116711127428141 -0.0955051326051973 0.541975369219313 -0.0214344826696567
-0.132613640636178 0.0557694566664044 0.631151001593489 -0.074538886672142
-0.0194236650953348 0.0653805107263255 0.71517624138444 -0.113727566920794
-0.0578765697300397 -0.0204657595202401 0.675247739872591 -0.198698455784773
-0.122774520673867 -0.0103032911198504 0.440714966743601 -0.230578888454243
-0.145570925629073 0.0220172050185274 0.174186156801464 -0.139513132336975
-0.154294006735786 0.0576684228772597 -0.0557617009565647 -0.0300886148784256
-0.136403021987033 0.0514649786276907 -0.268513022326376 0.0492307772259847
-0.127711854348469 0.0134967395868001 -0.482045511927529 0.148363771901857
-0.063824758138178 -0.0147291206234695 -0.644829043015413 0.181332789290796
-0.00241346381539299 0.0475951099434439 -0.670503074329035 0.232097206951356
-0.0921366770875488 0.0915939572991469 -0.635020569429751 0.20241553062715
-0.104762768979225 -0.0369196834566922 -0.532513444090836 0.101340043857533
0.0252527978346595 -0.0780117795522202 -0.278684448904577 0.00157007696640364
0.0655390055535997 -0.0567697502255903 0.242255986746436 0.139132353975119
-0.0800121626452668 -0.0945625285140642 0.548470315551677 0.0361306277488475
-0.11172165049023 0.0231397696041661 0.637982008180004 0.0391800939300043
-0.0269563499832848 0.0480264801513393 0.758956244029232 0.0283452614101403
-0.0506107966017326 -0.0197043350480593 0.717941631233507 -0.11088272199388
-0.0986164034488623 -0.0141944448157842 0.433915747445773 -0.191461236659643
-0.114363904793536 0.0138519549430823 0.130989515935569 -0.124433103197529
-0.120004712366838 0.049332076423964 -0.110951795577873 -0.0129353905882377
-0.100335649968653 0.0537641372709012 -0.315430968559935 0.0857119103081198
-0.0966525741499068 0.0323995028682801 -0.495212416326484 0.212555081952416
-0.0508695294985684 -0.00085856849035948 -0.605030172343968 0.266653435357384
0.00465186882807316 0.0350686164404795 -0.585069196738204 0.331470703989609
-0.0538909509389121 0.0774592928425797 -0.566581439690607 0.3084232304646
-0.0772935970389045 -0.0146013682693356 -0.50147773179029 0.170156157640837
0.0181270454416495 -0.0585188641696553 -0.277758544468174 0.0296127577988585
0.0535787768016037 -0.0323887439810448 0.230554614476988 0.16161298501759
-0.0441659766741417 -0.0673615819523554 0.550307840588998 0.0845370641128736
-0.0630749055155217 0.00384642510371759 0.627220871836958 0.132367009685369
-0.0214365037573025 0.0230545732148839 0.772788293974779 0.151148858164986
-0.0393383021955671 -0.0117206926773142 0.739281916165137 -0.0306961065584134
-0.0613202683905264 -0.00448472963817899 0.430003563449941 -0.160339053631223
-0.0646870398215798 0.00961045077034315 0.100303678994731 -0.116205568031046
-0.0686965726128797 0.0347754934030099 -0.149705585214714 0.00252058679926427
-0.0494726697912992 0.0416523531676729 -0.344615670868884 0.117056539042553
-0.0510433524583259 0.0393133706216249 -0.493320721205718 0.266128312760552
-0.0302422164287443 0.0106952952738433 -0.565536318234029 0.334339669789736
0.00490565004868167 0.0211823929014132 -0.512152015135128 0.395185582878791
-0.0227180035671642 0.0435585997835806 -0.498668906045416 0.378015131152336
-0.0379357632411012 -0.00365444700067845 -0.472419730153733 0.221726014315517
0.0185789575061431 -0.0322979323486087 -0.275338031570073 0.0540264856040071
0.029579538144429 -0.00967882376163078 0.223730992128802 0.173277073867136
-0.0184005832554916 -0.0217716950014351 0.547111924315803 0.114203082242169
-0.000947031987540694 0.00416012819911971 0.615923532804491 0.186282084806181
-0.00443741528809605 -0.0011495783634903 0.768528665510766 0.224629311803644
-0.0274731548582113 0.00212439965739164 0.747631318813144 0.0202800737063885
-0.0169125045060022 0.017330383307809 0.425699561823647 -0.136668522748515
-0.0041977226541596 0.0102383860391155 0.0881538928513158 -0.110435522949306
-0.00672260459330987 0.0158268452591936 -0.167324287800568 0.0122401057860819
0.00898286396278226 0.0193878609974525 -0.352719923369818 0.136562449245583
-0.000180116703617634 0.0334354673961783 -0.482161981710524 0.297982295613106
-0.00675745253059694 0.0167691995873956 -0.535642601550755 0.375132188485225
-0.000162809589232735 0.00659842518371275 -0.466630749670486 0.42984171722207
0.000818582179806786 -0.00129904961385034 -0.457738931913103 0.410896723827741
0.00718870504780076 -0.00173181602127147 -0.452186454064545 0.253652669589782
0.0210667134090605 -0.00187312285167835 -0.276152543206719 0.0680079403753177
-0.00028699505167541 0.0136236061176357 0.224630658798343 0.174004421787726
0.00327255487808733 0.0277026551282525 0.544084556710539 0.118973446778068
0.0620566573626273 0.00783026963174534 0.614818929754575 0.197083675314843
0.0143411367881239 -0.02120179277802 0.765565470878132 0.235981263481397
-0.0126317010519267 0.0215968504763779 0.743772455359169 0.0314279258831537
0.0299773173856945 0.0420033878402077 0.430095096421072 -0.128164907070635
0.0586558958287424 0.0109320388062845 0.0956729955694024 -0.107167635459734
0.0561614205862272 -0.00497929775262134 -0.160510672875203 0.0150969289720743
0.0664012700199099 -0.00651649424710756 -0.343559035166398 0.141757540143119
0.0485432181175232 0.0228060912720189 -0.471824034382148 0.304581943434008
0.0130803446852899 0.0195696415396738 -0.528256304735865 0.390458494223369
-0.00762603895773579 -0.0097246957530457 -0.463591317954016 0.437261406234764
0.0202815329829515 -0.0486437043602988 -0.44999259575599 0.41586284202175
0.0511524288600516 -0.00290316091911248 -0.446918680575001 0.265647255714269
0.0241202201897099 0.0279828790790757 -0.281931143379158 0.0701250856109834
-0.0242231107117763 0.0371194414862892 0.232937865271667 0.16105951199118
0.0299680040445074 0.0665877423205377 0.539406119455876 0.0990535928223434
0.114285592503691 -0.00168310490547952 0.625581199962937 0.158937988379849
0.0241465966099852 -0.0367465645106259 0.764745202557543 0.177865804789146
0.00275844967175582 0.0403614028896275 0.733180525955221 0.00163952384407087
0.0744921555401674 0.0600795853040254 0.438729671785592 -0.129209955938012
0.113325703060043 0.00671934987753902 0.123474085599177 -0.105802343911027
0.112444270587556 -0.0263044065531338 -0.130202635866327 0.0128119939425914
0.116297945082704 -0.0276904118174842 -0.319010283451295 0.129793382433345
0.0925828163850555 0.0165088709865047 -0.462248275757396 0.287192806664353
0.0304043690437113 0.0224172627813695 -0.545751000026973 0.378953383866021
-0.0142477660118782 -0.0273636944774304 -0.499432057688125 0.418221817436949
0.0444079621113679 -0.0900192496255184 -0.477283815563464 0.394437793391517
0.0895113425946425 0.00146906301321972 -0.460971232184331 0.255616088634803
0.0209368512330935 0.0564189694620809 -0.292153933950403 0.0593937053143234
-0.0335889551851754 0.0586720627617766 0.242918237379341 0.136885073348436
0.060525054857135 0.0825185337937522 0.536653290305907 0.0583098137716094
0.141440559210239 -0.0268110163121431 0.637962904026653 0.0751704606008686
0.0217583769167628 -0.0454276617417231 0.748811006101228 0.0694181742877096
0.0204183820326667 0.05332580130041 0.712403978496619 -0.0586972080914279
0.110886050046543 0.0632395777841259 0.455240545020522 -0.145726400303064
0.153544926450765 -0.00540246719866543 0.16659570051378 -0.111140783139934
0.149943483377781 -0.0429217139444832 -0.0797505674747087 0.00352021198865593
0.15206549962265 -0.038623484774317 -0.278039105371383 0.10667802082567
0.123297991936638 0.0181411623334667 -0.453454144824748 0.250486520905559
0.0414043371449738 0.027371036828745 -0.583642575495276 0.340086241276967
-0.0148805006941845 -0.0447506457961155 -0.569952987382896 0.368002256647566
0.0751713479417847 -0.115451552513189 -0.531516612729151 0.337145031235037
0.116674086749717 0.0183388762843869 -0.488581899831161 0.22403986863571
0.0100217333226785 0.078436837494688 -0.301750179436472 0.0393833199600491
0.0308081927504852 -0.088313225523423 0.261171408586902 0.0624630639361133
-0.139327839689973 -0.0578859061395762 0.504852748304601 -0.0841758319708468
-0.107563729992558 0.0844551815969273 0.588576185875575 -0.18091982129227
-0.00590768990796704 0.0554071257220817 0.637381632041328 -0.238600026188816
-0.0718090128191408 -0.0158544113650797 0.616292319559167 -0.28449399311896
-0.132616680215394 0.0104849732471003 0.437173813833604 -0.27670418846481
-0.148813337726368 0.0406093703079978 0.215242977112469 -0.162603384568534
-0.155227775441529 0.0665465621886893 0.0044149426122191 -0.0473672950116494
-0.143486516272681 0.0483514745161703 -0.209590918569443 0.0247547618801658
-0.139422591113532 0.00188536366995574 -0.453020814984303 0.0973002992425154
-0.0738198320159014 -0.0245669554255148 -0.670056561421842 0.100186703616268
-0.0153171441564343 0.0427481750755379 -0.736429392738564 0.102733528800809
-0.110350871120185 0.0824473715890198 -0.668810469249359 0.0711120081178507
-0.111784569964201 -0.0506568723404153 -0.534315791652273 0.0383200991378982
0.0211285211143178 -0.0843273748506187 -0.278647988759335 -0.0190510295026982
0.0457628822859885 -0.0806245367183913 0.257686031297323 0.0962277921056263
-0.120052089686262 -0.0795272965755381 0.517218563895095 -0.027371350197047
-0.118858091533803 0.0592419197919014 0.619939800488936 -0.0658748749167697
-0.0176461530395163 0.0528499801613508 0.713559819340091 -0.115205288415129
-0.0678091308195145 -0.0208321014893498 0.666409869475708 -0.207793510053514
-0.126811936495246 -0.00121008986656597 0.429941514206306 -0.234076502996283
-0.141370682535603 0.0322307103031254 0.170087113376197 -0.138261445089671
-0.145074384187541 0.0667428738285848 -0.0549448881534417 -0.0258175771765102
-0.130723696805878 0.060785825986248 -0.265508053596651 0.0589597714097189
-0.129059049198914 0.0239410722874142 -0.479920374068041 0.158099673851423
-0.0724469342776857 -0.0113831245373839 -0.644641819679164 0.186773872028985
-0.00563067182295783 0.0375759202371106 -0.666349201487412 0.226751231807405
-0.0787353878398172 0.089507079589841 -0.619460015934308 0.196292854256072
-0.103216781747146 -0.0259329536384451 -0.512099139727783 0.106816653286878
0.0126944395855167 -0.0774514096596614 -0.275874396999883 0.0123878294305411
0.0525472873909732 -0.0616494752169171 0.250576331455223 0.127294003934621
-0.0854414920637922 -0.0829677578090377 0.524484537295849 0.0305602465839642
-0.101404045570729 0.0288368041132081 0.62764947240074 0.0494016647657445
-0.0253301735667334 0.0384354562221794 0.760604167486096 0.0234270354420296
-0.0582807759671385 -0.0204317436858567 0.7080283956773 -0.12196952175369
-0.101835111304711 -0.00691827293067342 0.422219895346063 -0.192373796941758
-0.111876676372347 0.0226394546102116 0.129099130589582 -0.11857508135803
-0.11330102282043 0.0573783997755442 -0.107603326268743 -0.00440628432436168
-0.0959933606142842 0.0603786858736472 -0.309079407310231 0.0976066294214
-0.0967656345284813 0.0399951436679334 -0.489931731665879 0.225516593209618
-0.0574393085743731 0.00306406869279381 -0.608178774739083 0.274717078133754
0.00124266112121885 0.0285850848166492 -0.584108381089812 0.32259332262634
-0.0449116676138754 0.0742462049234374 -0.549152099114634 0.295300356393521
-0.0749021275699396 -0.00700754483401097 -0.483488980619903 0.173635230304374
0.00939410326934885 -0.0573939267407817 -0.272105170950918 0.0416599112521495
0.0452861253966958 -0.036018805115137 0.241406373365145 0.150891910843949
-0.0472618742918872 -0.0599047463010713 0.52634190901926 0.0779060594961046
-0.0569836808582637 0.00731166846322919 0.619660942199329 0.142328843115376
-0.0202851759225826 0.0171853100043709 0.775554961616969 0.143425391643095
-0.0440028134261155 -0.0123647169002336 0.728968038240495 -0.0441812151334177
-0.0630968637924261 -0.00045110084394577 0.41559929392941 -0.160202442448589
-0.062199748238651 0.0141087658479118 0.0984230599881943 -0.107776386414242
-0.0637969779463016 0.039350998239359 -0.145084729913722 0.01268729053803
-0.0461480687094845 0.0445271098817869 -0.336605231306683 0.130614961684672
-0.0495983309301954 0.0422755071692653 -0.485645582180975 0.280406551459119
-0.0333736187162719 0.0126818498130582 -0.567858607200034 0.344646983585744
0.0024845235733529 0.0182899663035223 -0.512943825159762 0.383872596614118
-0.0181655733018859 0.0409385557281561 -0.48424227048677 0.362174445393172
-0.0362621437222565 -0.00100839017384382 -0.451114493968353 0.22380912655965
0.0132725068995551 -0.0316204440731487 -0.268386642895792 0.0643391336366268
0.0257002504712412 -0.00945865980071179 0.235647746869456 0.163132497269036
-0.0184170405250913 -0.0196396056519128 0.522645041604137 0.106480819960099
0.000788922564298361 0.00230548945687158 0.607799308364839 0.195522712540412
-0.00520788728609062 -0.00236583311826998 0.772104010727777 0.215731212817732
-0.027702277677516 0.00332753841292487 0.735869250367847 0.00483292654649371
-0.0166354652767462 0.0174502753257083 0.414052457643522 -0.137926209437942
-0.00321327682339285 0.00956654121469652 0.0853706905196357 -0.101620298853692
-0.00586152862563867 0.0153030809769177 -0.160496923160557 0.0233937837873962
0.00939051955634834 0.0181069450159198 -0.344036431961706 0.150574791014775
0.000894491102204874 0.0330616239883213 -0.475771096626233 0.311415475504988
-0.00692763014679579 0.0161580549750497 -0.53738453369604 0.383042574228899
0.000129669921735081 0.00620547787642371 -0.470215241185971 0.417593148200158
0.000399447690839315 -0.000843941873889285 -0.441597263586772 0.395099083053396
0.00771072523862073 -0.00282683471467888 -0.429004551293786 0.253830211549931
0.0213799432531524 -0.00342045244664878 -0.268369182934226 0.0788236971716565
0.00152177363532445 0.0171554769279613 0.235956438897583 0.163032594746599
0.00843261247312217 0.0264396760107234 0.520960302842904 0.109506506075723
0.0589549760370943 0.00215732989572696 0.605796314058377 0.20400205334291
0.0102440907552094 -0.0180912171644865 0.769658826214176 0.226179071739681
-0.0100680136564444 0.0244890480633548 0.732418991032743 0.0160856114820826
0.0328585830303589 0.0387227832412121 0.418514683440371 -0.127724267697484
0.0582682184023679 0.00604463538121789 0.0943639403034435 -0.0995015865333598
0.0548403175561641 -0.00998648212580448 -0.153523556086271 0.0258263806303934
0.0642289534959063 -0.0108752802795606 -0.334442298484837 0.154224337302319
0.0505946771485373 0.0184705568941618 -0.463097591009879 0.318471043070623
0.0169040224384341 0.0182694152989568 -0.527388590269636 0.398168250390676
-0.00550727218964516 -0.0063158546796936 -0.465794510518055 0.426354221129745
0.0161574976653489 -0.0456352743528328 -0.437231073055396 0.399957085037758
0.0494237744621321 -0.00788794743862281 -0.425002875443571 0.26441450206449
0.0289513021990154 0.0269626367384992 -0.274240882812315 0.0814382083760929
-0.0165561569808284 0.0419422399775918 0.241970670966206 0.149209730318229
0.0379512144965014 0.0609222136940523 0.516279416458472 0.089849870109001
0.106226813004013 -0.0084855052442613 0.616365735581173 0.166433560972122
0.018282491892343 -0.029729828476139 0.765467389633301 0.171715302407891
0.00952143782116379 0.0446231894346293 0.723679364366465 -0.0109322763821865
0.0802570495359044 0.0536037472251437 0.42902883742636 -0.131281138505667
0.112767981817407 -0.0028972012042471 0.122059173207866 -0.100570303096248
0.105973705761827 -0.0344917869719868 -0.124628067591935 0.0198008457725341
0.111145619657443 -0.0358900518768597 -0.309354601060302 0.140433951752206
0.0936030452403278 0.00819986534226493 -0.45513935081176 0.296914922953691
0.0371543553295447 0.0200947912722529 -0.544952359894646 0.387155051184619
-0.0102340745410953 -0.0201503326950012 -0.502044325597735 0.409065198822217
0.0347882717714922 -0.0854459921434841 -0.464275716693718 0.376670216771713
0.0869714309850083 -0.00643679724229751 -0.4379056055405 0.255643892831908
0.0294607323269625 0.053488922829735 -0.284486546418744 0.072060352580392
-0.0220616437395695 0.0645365912072269 0.249178811316409 0.122990335585527
0.0678412684644796 0.0727398580442636 0.513516384575916 0.0507692485402735
0.129225842286009 -0.0334118979040306 0.626880661815023 0.0819116173290186
0.0166951265336906 -0.0352367994616039 0.749512892459358 0.0661863700757431
0.0297135966668893 0.0568345831038875 0.705782440016886 -0.0682913188350001
0.117411001220111 0.0537924322888678 0.447712880560324 -0.150034360516513
0.150303357048579 -0.0176080512001399 0.164712949029947 -0.109895902537471
0.141769868839843 -0.0531296168775924 -0.0763326473969096 0.00677522081258726
0.145966160287986 -0.0504163850706348 -0.271504502806864 0.113326118038852
0.125453541111169 0.00733946960058066 -0.446924154011774 0.259792874719902
0.0499859631333621 0.0247162694518393 -0.579543799776466 0.34611471045054
-0.0113668361799802 -0.0339513238217459 -0.571315736658107 0.363935167521067
0.060836333345674 -0.111597475341709 -0.517631268432119 0.323717232281399
0.113334692062979 0.00655255379465926 -0.467191147446483 0.222953732118237
0.0222448997128211 0.0760566007750531 -0.29581233577306 0.0515369390427382
0.0111909680780604 -0.0868402403248459 0.259940262004725 0.0458120989687045
-0.13551714386378 -0.0389840779763465 0.47867371408037 -0.0857079509692456
-0.0884993933754151 0.0823294415826653 0.575526601084181 -0.165170938030627
-0.0108667080907394 0.0397760841313014 0.64026933990365 -0.233267577927097
-0.0841999268162069 -0.0109975006913439 0.612009201705051 -0.291611754863773
-0.134812834875409 0.0248175845657528 0.426457186218301 -0.282533731202574
-0.139732402544795 0.0530431864082016 0.207960809956026 -0.163482094167036
-0.140674914806028 0.0783494623935044 0.00286529602587704 -0.0461433498111097
-0.134993723841435 0.0605551010339815 -0.20679074707742 0.0295855460458153
-0.141003090319473 0.0161019509733463 -0.449050231232127 0.104549766002143
-0.0854824237428753 -0.0203686232903699 -0.667797675369195 0.107923874057577
-0.0183843413205269 0.0291579482915933 -0.732423135843984 0.0988746321147577
-0.0905929129575927 0.0799856940302282 -0.652798304633104 0.0606592825847699
-0.109406281477623 -0.0337535441901482 -0.512282740176837 0.0382554646403217
0.00293054993529527 -0.0814646419727241 -0.276576186212039 -0.00651861317466501
0.0256687662896391 -0.0822334584809017 0.261400537760604 0.0783355044214342
-0.120787877290446 -0.0614581607787227 0.489970769730166 -0.0272939346786773
-0.0998349639839283 0.0602979005197453 0.610197716689987 -0.0502622110700444
-0.020079440367125 0.0371634770221474 0.715080636096994 -0.115230809628501
-0.0804522274520582 -0.0186953449809282 0.658543277405116 -0.216206370138874
-0.129784586630305 0.0116181877309282 0.418757269553622 -0.235264438454088
-0.134286656762904 0.04464299154333 0.165296304260981 -0.134922458025522
-0.13198028828681 0.0767681523037417 -0.0538915253021946 -0.020234446858208
-0.121541268480277 0.0702885199952395 -0.25827051994369 0.0682287009401432
-0.129376220838818 0.0375838969661871 -0.471672683238739 0.168940904272862
-0.0829236583500226 -0.00579411130514236 -0.645458594034576 0.19688358732133
-0.0106222250227224 0.0256584586815027 -0.665186678143595 0.214443970213338
-0.0633452295400333 0.0835034841945373 -0.602923328385625 0.178316566723958
-0.0993329123760767 -0.0126106867561513 -0.490451005667772 0.107049978492967
-0.00230491188862714 -0.0730690923446237 -0.270616901810331 0.0244541357756285
0.035733312656182 -0.064619731777715 0.258002164522345 0.110838712309982
-0.0877669114811269 -0.0673106414125449 0.494815212670707 0.0279284976899997
-0.0872399679944305 0.0321380910035285 0.621488678626172 0.0641702146800912
-0.0242023330419664 0.027231728409899 0.761451576423787 0.0156517734304074
-0.0677198874231683 -0.019455324378553 0.693752725148848 -0.133562032117515
-0.105684549145883 0.00253327795221084 0.408617223481491 -0.190885609916062
-0.105828167618267 0.0315747321030641 0.125478039669423 -0.112266879902078
-0.102379954856902 0.0640913266138876 -0.102212076852186 0.00463131765641074
-0.0871695619845036 0.0663230286416745 -0.298389066663824 0.109843725151832
-0.0941257950184101 0.0496015843174733 -0.481821333741235 0.239894648281057
-0.0649114459447206 0.00840518229460332 -0.609874517213879 0.285141480025651
-0.0047136369673487 0.0206931769822327 -0.590107766407094 0.308013216823904
-0.0348913915289539 0.0671683447284952 -0.532225428339865 0.275038098965697
-0.0712244074944133 0.000966639792125256 -0.459600957482018 0.172318389783844
-0.00112928596962949 -0.0540085405987186 -0.26413504097152 0.0543764445571182
0.0336528869134586 -0.0385898691531361 0.251175420897137 0.133306493867012
-0.0502588261928871 -0.0503440218113368 0.496614211470169 0.0769268549378756
-0.049717125624802 0.0100424898849149 0.613503951663348 0.155819914273082
-0.0201652241777134 0.010501931825271 0.779349223132606 0.132445743972155
-0.0489455177317916 -0.0116446272960642 0.713285533364555 -0.0585700434072108
-0.0642876280772751 0.00452727941136583 0.401446307600679 -0.158357962421224
-0.0591769321707381 0.018985760309572 0.0975511920231899 -0.0985215510256228
-0.0584336645854447 0.0424854248308311 -0.1360499776918 0.0233013022497428
-0.0412989570097349 0.0467485285459082 -0.322854536983758 0.144384834154317
-0.0479538846071772 0.0471166234255904 -0.47618293242997 0.296518480798677
-0.037148301098602 0.0163421173466945 -0.570123322202245 0.355072573186953
-0.00107261107647902 0.0142149653028334 -0.521596765191839 0.371110487967409
-0.0140250508987408 0.0372013523486073 -0.470585775963801 0.338684991271933
-0.0327660885049676 0.00317065623787497 -0.427939976980621 0.218682195485143
0.00771202327550405 -0.0296240909416724 -0.256724390720505 0.0764792863634123
0.0214311694876208 -0.00945225667047597 0.247141662206729 0.146794199357674
-0.0170330066154745 -0.0152762226468009 0.491868592022762 0.103022681320389
0.00148230112623322 0.00222397334326734 0.601962419446665 0.209717324774805
-0.00711446708336956 -0.00350986303894355 0.776029786626473 0.204820519844397
-0.0283721107841777 0.0056701361631247 0.719591682742544 -0.00962529850917285
-0.0153226125820401 0.0171110069829966 0.398411336372029 -0.134967733650545
-0.00236610569317654 0.00894520285566276 0.0860112631563828 -0.0909267575287968
-0.00426269468804154 0.0152579947872749 -0.150937803107301 0.0345323411195527
0.00978905114230105 0.0169086963406766 -0.328741098791655 0.164136372974896
0.00325060741828369 0.0320836821331405 -0.464245334633193 0.326754531986074
-0.00686674026398761 0.0176403451509479 -0.538878506798034 0.394529106202408
-0.000880427146086941 0.00704910175362172 -0.478842780025345 0.406111922091887
-5.32613764085352E-06 -0.001411840825467 -0.430618087643257 0.371582836326099
0.00717906732333334 -0.00386474647390813 -0.404852907308586 0.247645983372284
0.0211307808657868 -0.00327186091478022 -0.256354952009537 0.0913485553729942
0.00580603181391053 0.019660375612165 0.247209159952396 0.14522921946705
0.0135185932139436 0.023326881565281 0.489394429316232 0.104810925390334
0.0535846634991139 -0.00372299133080111 0.598529775141602 0.219480685115709
0.00637422444838096 -0.0135246046107248 0.775530628117513 0.216068689363281
-0.00516584946085866 0.0270559415848496 0.717255304258155 0.00153146878868384
0.0369317647433978 0.0341378007016686 0.403971099605014 -0.126651361720104
0.0570433419476475 -0.00019665803741031 0.0938731020724 -0.0902978856819662
0.0505542474787819 -0.014287210272643 -0.143805490548327 0.0353645511071318
0.0598335827086151 -0.0167404081113573 -0.320955397824298 0.167052378290271
0.0509705979586101 0.0113497118270268 -0.451811014816372 0.333243767172812
0.0206152413835252 0.0151966288177765 -0.528344349772633 0.410161962715637
-0.00147889627623582 -0.0029915848860259 -0.474680461072971 0.415495480055064
0.00979553822257623 -0.0407773586814852 -0.426044149400085 0.376566779588465
0.0457999776583299 -0.0134109306645063 -0.400047746390567 0.25712370642116
0.0337058841481355 0.0222704950855867 -0.260904745203915 0.0931139880850296
-0.00537304718222618 0.047771899988805 0.250695778672639 0.131307242938546
0.0450653145291316 0.0517763371535282 0.484940650967962 0.0853768203460623
0.0948678171902065 -0.0155789567051117 0.607580622941896 0.178201776286169
0.0136780371057716 -0.0204246614516938 0.767447906295501 0.163606630057856
0.0191220887303848 0.0473755757099093 0.710464664548989 -0.0247783466862203
0.086194037769825 0.0438005318725694 0.418741665546446 -0.131858826164633
0.108628389386342 -0.0132750707993884 0.121479424468779 -0.0947292210756762
0.0966417770520246 -0.0427633766520803 -0.115988484931038 0.0278097499926612
0.102724799152163 -0.0452606420661472 -0.297433233724556 0.150243457648769
0.0938512918205745 -0.00326584563663236 -0.442653672676607 0.31053516560834
0.0436343696279636 0.0143142359129902 -0.540953489514386 0.396671124930269
-0.00367492466375875 -0.0119822565582189 -0.508717065364811 0.402482515588018
0.0242997445525593 -0.0773316020874001 -0.453144149267196 0.355031574648183
0.0805591774582192 -0.016181867795819 -0.413035014584346 0.248206485553543
0.0408389037771145 0.0481329646949415 -0.272378652200628 0.0863057381185301
-0.00627802175844231 0.0684563553237491 0.253495492099042 0.105321799122935
0.0736761907747484 0.0598305868008274 0.483562932199183 0.0452463467424679
0.112156071972671 -0.0396720070668249 0.61493499739571 0.0933631353094288
0.0138081141021832 -0.021448516416262 0.747936236697065 0.0637684669311653
0.0420402946053132 0.0574285132703525 0.694389047656899 -0.0800147754588334
0.123409843616375 0.0412287118104104 0.437823190289937 -0.154339280971558
0.143857340461367 -0.0306321300524291 0.162357697179185 -0.109273944932033
0.129179547557174 -0.0644212334367338 -0.0715919601560884 0.0100938512205281
0.134586289142933 -0.0613084620014009 -0.262132672333545 0.12051871709358
0.126228609223199 -0.00791804322347135 -0.437863237475879 0.269438273236207
0.059471048667306 0.0180920557021525 -0.574102266030851 0.353803070777091
-0.0037684769851096 -0.0228943204114359 -0.574852696624984 0.357753830401464
0.0449397125610488 -0.102735844979189 -0.507051356082756 0.30441559335676
0.107403874786958 -0.0079900109605841 -0.441729875274655 0.217154992575018
0.0383933758027715 0.0691778746572384 -0.285067478628797 0.0674627050735693
-0.0132453573108227 -0.078044589311436 0.252619816751426 0.0246110913708551
-0.12498184179994 -0.0163929046779084 0.443666496450148 -0.0756344715428951
-0.0665403147753573 0.0715994902197439 0.568983244363355 -0.141866083316152
-0.0214441283159497 0.0222707078632213 0.646412285769694 -0.230240354063972
-0.099317649983429 -0.000449313056378846 0.604550757830963 -0.303271939354769
-0.133006821200059 0.0419133464538288 0.410775119555545 -0.28718023449145
-0.12412431451614 0.064863293032381 0.197723688895863 -0.164423739357699
-0.119632834674932 0.086646427567796 -0.000197618049843786 -0.0426144431793746
-0.119787432448099 0.0718408106945612 -0.201727660382674 0.0361366463796804
-0.137706700155966 0.0357580911465868 -0.439631841688036 0.112964869514134
-0.0992670032662141 -0.0113704412959771 -0.665903742097495 0.115013638860719
-0.0277502425722914 0.0128809563286576 -0.730741296102227 0.0923939722692882
-0.0683588510079046 0.0699512273380584 -0.639569043795591 0.0427545868460092
-0.101415901172108 -0.0162284283792493 -0.486762676007757 0.0334101171565103
-0.0184385546005185 -0.0721348870759462 -0.270351082935546 0.00930878799302746
0.00126039633710363 -0.0762626192830959 0.259389379861675 0.0555127453789789
-0.11485098921551 -0.0380888059383837 0.456566548595147 -0.0180543950982256
-0.0774462074852237 0.0551839643825506 0.605381496805519 -0.0319808620795634
-0.0268074206855435 0.0190729437373282 0.718136460149582 -0.119570717340969
-0.09453506195119 -0.0111977099957687 0.644380029077875 -0.226171223552034
-0.129680419859667 0.027496439291217 0.402861417422975 -0.233998378974294
-0.120502383837991 0.0552888083567137 0.160953347841936 -0.129736415320311
-0.11224951536127 0.0850034153384292 -0.0491858054458075 -0.0144724514205816
-0.106650619306568 0.0793490128233963 -0.248034583181554 0.078557641248073
-0.123921938275788 0.0551438499683362 -0.461877635477423 0.181892685211159
-0.093230035780605 0.00452139163566762 -0.645283103071038 0.206721067380471
-0.0224439958450393 0.0137069863088411 -0.668497553280109 0.203378338728759
-0.0470272049150883 0.0704913022571987 -0.587617326088607 0.155572370358202
-0.0893773982492377 0.00188692612663996 -0.463155646818337 0.0999869570973857
-0.0202373795034035 -0.0622453166938798 -0.260820267309642 0.0382346056444974
0.0134722542781615 -0.0625154669265672 0.261200903833867 0.0875999321533609
-0.0873544433970313 -0.0474653917075482 0.460482425280128 0.0367344589049903
-0.0694220497724152 0.0305802896934991 0.619952562442997 0.0820214970931547
-0.0284798956376925 0.0117229779876324 0.765105099913909 0.00638212236184276
-0.0785686314354846 -0.0148371131634504 0.675288149542653 -0.144351232607409
-0.105152432648241 0.0158259691031253 0.393482164981031 -0.186522583562296
-0.0955071758727412 0.0400064053917865 0.126048743720375 -0.104255957530973
-0.0878827438061341 0.070415095752002 -0.0917299453985514 0.0120022674198479
-0.0747907057520875 0.0718671727977088 -0.282202992501892 0.122219065985044
-0.088736797904014 0.0615652112935682 -0.465851319418002 0.254877919500221
-0.070746826349464 0.018474860772456 -0.609960939846834 0.29908682237336
-0.0155082966053215 0.0137130348559302 -0.598776797311859 0.29745047606745
-0.0242737571490803 0.0559316314238184 -0.522510155497257 0.247771457451443
-0.0615648657514541 0.0102206364497529 -0.430808905044211 0.163067296461816
-0.0133406890868669 -0.0457934400186375 -0.249326258870311 0.0662282280902183
0.0196547763202207 -0.0372889855077593 0.258788475912286 0.110336339729011
-0.0513251130919895 -0.0375908311928465 0.459543715803885 0.0816597976241403
-0.0392585572528425 0.00992646809924035 0.613113567897626 0.175337573325271
-0.0222551584076104 0.00233406409404973 0.782859239638173 0.11944309869682
-0.0543785112389701 -0.00883850197908146 0.691170574797873 -0.0718143169321317
-0.0641789881350543 0.0120103061984493 0.385143068096122 -0.151345013128274
-0.0532048420020437 0.0235521347141118 0.101109748105362 -0.0873284923500997
-0.0493136848115675 0.0445873434180577 -0.122053478688852 0.0338342258106657
-0.0342994481874486 0.0489440673027277 -0.301885292964949 0.15743402161978
-0.0433209037755933 0.0521949321023863 -0.457776214681104 0.313364406436075
-0.039377709724957 0.0217867984504153 -0.568754496366889 0.370713179727159
-0.00729273027516112 0.0118251083100668 -0.534122432957768 0.361280221620406
-0.00858596068651519 0.0308275408752651 -0.461970327949098 0.308352279471403
-0.0278922777020287 0.00681319456492119 -0.398363412652652 0.206559824660637
0.00208596872088492 -0.0255474068735272 -0.240908510738125 0.0870044982649104
0.0166480939481865 -0.00828192126986551 0.256099069740117 0.123614760003496
-0.0143969909264242 -0.0117165391014652 0.453469489630911 0.108591767842278
0.00289952504253481 -0.000748986366695818 0.601020363207149 0.229386446769181
-0.0101782140431345 -0.00449951917837741 0.782646978028681 0.18933556347379
-0.0271183494879895 0.00750266489494003 0.696084509561736 -0.0235525501784044
-0.0134620074417795 0.0179305046917372 0.381444642712496 -0.127685881635801
-0.00131229434664925 0.0070059406582078 0.0900129054172808 -0.0788865053025814
-0.00303887268246207 0.013658544421398 -0.134163388920425 0.0448215471750269
0.010086978649619 0.0143081106367633 -0.307186728281654 0.176458210991887
0.00394789102495319 0.0296322683726169 -0.443952275688906 0.344306569558635
-0.00691302675278133 0.0178605079340529 -0.53481946431501 0.411831384661827
-0.000758484970728479 0.00717710004880687 -0.49468639902771 0.39734503212436
-0.000416536613047721 -0.000516873091579774 -0.42454846719062 0.33743536439284
0.00711554819012376 -0.00532753262853266 -0.37593682234675 0.232067756329406
0.0208876535641055 -0.00507436304912137 -0.236081705665341 0.100795210512065
0.0113106191689525 0.0232449373656992 0.255787523575594 0.122661273360015
0.0192492109209495 0.0188345689359172 0.451031408217678 0.112296293495112
0.0467093201534611 -0.00754967714042468 0.597814609349143 0.237728217116205
0.00236317030583766 -0.00687659308608514 0.778496475752789 0.200590216515701
0.0013727722302174 0.0290208718667121 0.69530590413513 -0.011749301856357
0.0397261752918922 0.0277044996257854 0.389906034822923 -0.118513153069207
0.0540429033161196 -0.00745832230577793 0.0969882924054756 -0.0797749225242082
0.0431554749224257 -0.0195918669122834 -0.128515001880226 0.0449479928651239
0.0524256131556049 -0.0223185707421189 -0.298506228436762 0.177713672835122
0.0488040052498755 0.00425614018653354 -0.431413049840441 0.345627293976811
0.0239854246718603 0.0101045401798464 -0.524605033323389 0.423819017253873
0.00388627880635771 0.000325830721828167 -0.487553354314733 0.410182460058917
0.00639732204198013 -0.0334648505884114 -0.419579046598803 0.344570582574972
0.0401747660829375 -0.0183558250559641 -0.372762408793329 0.240417469999079
0.0391007421655813 0.0156848749041346 -0.241582352349913 0.104249287395891
0.00919165230413801 0.0497896449771801 0.255484547526835 0.107275650140615
0.0512411675730397 0.0383408848703826 0.447923190276046 0.0909279345570014
0.0785432054370201 -0.0211880364978188 0.601572809972713 0.193182559934528
0.0116201138733736 -0.00553196707981954 0.770822638095942 0.153706109695788
0.0317437316575792 0.0472612887014896 0.690648640615208 -0.0362612191629792
0.0895221242000756 0.030554981328966 0.404933790959227 -0.128257387585332
0.10061014767624 -0.0245064007664409 0.12348054168139 -0.088640493847748
0.0828240480628603 -0.0496526783573579 -0.103854096210932 0.0337816507906316
0.0900078908116237 -0.0532778323767043 -0.278951120982141 0.159387690994623
0.0892079400400376 -0.0168419060372111 -0.426226327798977 0.321734461769229
0.0500516734408423 0.00584403269360308 -0.536588939410772 0.409567589340021
0.00641496350967716 -0.00599209229432792 -0.520510694492518 0.396379884147732
0.0141726372854059 -0.0642228164860029 -0.447604412823744 0.325786189898887
0.0705486051045348 -0.0259563419461388 -0.38462422220051 0.230108712186027
0.0516284737595571 0.0368193744313986 -0.253016043062052 0.0983592241196159
0.0138384598862488 0.0678307631541321 0.253108020431939 0.0809648372665014
0.0760888602649799 0.0400078292251293 0.446168799630526 0.0520545711742882
0.0900249035583615 -0.0411938370900468 0.60678645990426 0.114715159648155
0.0163646243647529 -0.00335375598327418 0.749488377064324 0.0590346449811022
0.0581998480350526 0.0543022305137719 0.682156769408459 -0.0889855523637803
0.124746426003246 0.0227233053096956 0.427286784165857 -0.155303123632635
0.130367394369049 -0.044262668965968 0.161854045940389 -0.107261291391706
0.110905588615844 -0.0727774851268316 -0.064064086714164 0.0135570257209516
0.117894614464524 -0.0721562968116807 -0.248782282494846 0.126819252065699
0.12120286921117 -0.0262325469153339 -0.421877326152955 0.278795331676081
0.0697584946615196 0.00660610045076956 -0.566068217993087 0.365836365598978
0.00946423486677639 -0.0124047348356274 -0.582130597182555 0.351777879030455
0.0298631315145055 -0.0855780022593827 -0.499651679327014 0.276189302884923
0.0955035206202553 -0.0226618638420069 -0.413330123038628 0.199834216006137
0.0550444319068666 0.0559706017936138 -0.269129933873489 0.0818970028175298
-0.0361986907619678 -0.0584621804151916 0.236502734471114 0.00444876888404518
-0.103313484849771 0.00426957168073499 0.410004956763917 -0.0520148529704749
-0.0463925080280396 0.0504068792777903 0.569421826099709 -0.113591626811897
-0.0419201323476124 0.00871359448389428 0.656898171294355 -0.230710847553583
-0.111017634321414 0.0175048088552599 0.59078299401213 -0.31104357768168
-0.122199571588728 0.0621562174302002 0.392896250416609 -0.285704263830538
-0.102325074134102 0.0731111164270769 0.18592900911059 -0.16088151082461
-0.0927359963705147 0.0873081808103095 -0.00132823838325035 -0.0390100194199297
-0.097056273474856 0.0787194658628963 -0.193976013366552 0.0419177988979519
-0.126172088439439 0.0568976220817142 -0.427727248354541 0.120364075439323
-0.110682885115911 0.00575952807969214 -0.65775222614775 0.12527410771037
-0.0457024855949633 -0.000873613374256328 -0.73314812868383 0.0852507484346286
-0.0490131781581335 0.0488440739852388 -0.632758075109555 0.0179282782051081
-0.0851666094246889 0.00288253899195017 -0.459672810367573 0.0149822136696275
-0.0389700110227495 -0.0534463777889315 -0.257887473739927 0.0238452786869448
-0.0248127267186161 -0.0598788583009039 0.248092212718792 0.0317709534665386
-0.0987882396496152 -0.0139879193891926 0.423133536752238 0.00440032948659083
-0.0541273213445683 0.039538452753335 0.610041304744945 -0.00656267675378405
-0.0433572222726404 0.00210889233299345 0.719516769292424 -0.125560223576624
-0.108394767189233 0.00362016108370173 0.626307395309747 -0.232354504812883
-0.121593544332942 0.0476055107897369 0.388721826561158 -0.227350058669868
-0.0996021460655199 0.0633452768193095 0.15781491831295 -0.12368619759928
-0.0872666706841046 0.0845746028766141 -0.0424269500637663 -0.00843761497521213
-0.0853668582655275 0.0828396913639448 -0.231831403963769 0.0857277454657651
-0.111036310351885 0.072349437312071 -0.443805071855244 0.193886087603568
-0.101475847060333 0.0228364954339898 -0.641084945024648 0.22161121016194
-0.040563099565088 0.00465448972315393 -0.680437543540404 0.195996914443176
-0.0329720258734542 0.0489717579655118 -0.584020576374185 0.123499604710385
-0.0712953690937329 0.0142490115309607 -0.436090921309874 0.081428241673177
-0.0358597888426949 -0.0435107148034636 -0.243040471337715 0.0507896277596638
-0.0100909918275273 -0.0498205195617456 0.255311767025163 0.0593279628809753
-0.0769601133640118 -0.0254906548466494 0.425138651992617 0.05933227674217
-0.0484480219846568 0.0218228296323412 0.62641077898026 0.103941111087809
-0.0386806525594102 -0.00286166821122924 0.765342761335845 -0.00789365008587609
-0.0900998689264986 -0.00649524235544166 0.651093534556723 -0.149074314722415
-0.100043255052193 0.0312458494476408 0.379836910592765 -0.173757971460259
-0.0800526162402655 0.04623596446336 0.13019161557445 -0.0950099065732655
-0.0677161782465949 0.069061771993555 -0.0780876852042414 0.019242380166766
-0.0586040079695049 0.0728645846937146 -0.258457041582539 0.128923547430735
-0.0768046717483417 0.0729814231889676 -0.442455721488712 0.266716081305758
-0.074609927111082 0.0325946647989864 -0.605803456678309 0.315871444424198
-0.0303129084841086 0.0105019930237935 -0.616041754065816 0.290129410727989
-0.0182488976156444 0.0379068395687436 -0.521446463293759 0.2110650366907
-0.0470226789605707 0.0170856183066112 -0.403415801338564 0.138233987521902
-0.022895663829558 -0.0305084124784838 -0.228702197650202 0.0746600665582033
0.00290128594322672 -0.0300333041450152 0.258105713377836 0.0810752671000883
-0.0451313897336192 -0.0246693575853148 0.42210108309697 0.106515048357676
-0.0275624241942159 0.00527437681387967 0.622864288100853 0.195514706796205
-0.0284165931360672 -0.00646810209287843 0.782109364307795 0.100068399994938
-0.0610863033866695 -0.00316917017376841 0.661291115110589 -0.0770769748765645
-0.0612809191196123 0.0203413778069217 0.371007072565642 -0.135219859651792
-0.0445657222847201 0.0257658026492388 0.109023763252022 -0.0757473562590101
-0.037675619355452 0.0442592938542041 -0.101455025645335 0.0397457752319072
-0.0258757751841843 0.046922491985373 -0.273568590982324 0.164100085025358
-0.0357128347380671 0.0565909068994553 -0.430772901059226 0.325152275874093
-0.0409335676627973 0.0300386543278145 -0.563473682361811 0.390092783223841
-0.0156198229861033 0.0110138697865714 -0.555208101115344 0.356616515448829
-0.00651120951554917 0.022423204233898 -0.467740286063695 0.268281771562388
-0.0209476430752638 0.00925736297229653 -0.371227279964899 0.181527627224908
-0.0023328015634962 -0.0175768916110578 -0.216741761054212 0.0934555413398648
0.0123596765934752 -0.00369967222666845 0.257829380036733 0.0918011708202334
-0.0100589543726869 -0.00810615042564945 0.415119732643661 0.130642216339975
0.00318061222245725 -0.00407708465345662 0.610556237781813 0.251052283281477
-0.0133126040512485 -0.00400443096789295 0.78161606681253 0.167775750833468
-0.0262598080312845 0.00980382619003459 0.663745978796894 -0.0314530540967896
-0.011348745779469 0.0172264700662818 0.366443086393586 -0.11166012182366
4.0194931417682E-05 0.00575241349610247 0.100560192697107 -0.0678400841553528
-0.00264391053991891 0.0115136286989653 -0.112162289391576 0.0503585921170124
0.00919688259559563 0.0117968587252609 -0.276745517864837 0.182355749806646
0.00478278674133875 0.0283990454498642 -0.415284901350546 0.355228874998839
-0.00619971993768306 0.0179672848032014 -0.528164919579824 0.430373420515191
-0.000404902009799266 0.00745203414288149 -0.516694884282309 0.394718654345698
-3.16508140602973E-05 0.000442232124447058 -0.434625624749375 0.298804869327146
0.00554377123332036 -0.00516377166513222 -0.350404013399171 0.201879931439047
0.0200182912741746 -0.00502447960281011 -0.210839162274976 0.105514089195269
0.0199003133798572 0.0241234589289434 0.255950189922514 0.0904465104522395
0.0223670328790201 0.00973005617689235 0.410934027256192 0.132733301624439
0.0349021657631398 -0.00959889695970933 0.606021245510347 0.25778112572977
0.00255664083885182 0.00204025929720764 0.778053154072421 0.181766109951905
0.010263049126472 0.0286569251818856 0.664963788048241 -0.0187298626098108
0.0413443587855262 0.0180732447450909 0.37578242547422 -0.107015941022187
0.0470935773393578 -0.0145453069226563 0.107682897343805 -0.0696331599359799
0.0336212108425799 -0.0219713806240578 -0.107475691019846 0.0489722112155006
0.0423739339843026 -0.0260096521323706 -0.269492579774509 0.18209799619418
0.0434342239240262 -0.00424356397759786 -0.405252423845945 0.356087839907022
0.0259503942067747 0.00306486778847613 -0.514506104213826 0.440696313591075
0.0118237002424596 0.00138713223341517 -0.508473320381093 0.408590487508164
0.00365105609324086 -0.0228130268042573 -0.428021946019749 0.306960730040991
0.0306616224768706 -0.0219930442843679 -0.347720611766409 0.210082691210696
0.0425873597145955 0.00622454912771517 -0.214132705439337 0.108798938473761
0.0273103983503258 0.046668305257288 0.250585954267666 0.0769035133594722
0.051353816344364 0.0201656331310267 0.408733643501396 0.113634672998886
0.0566348676371805 -0.0197284149445552 0.607108504925389 0.217574025580583
0.0163118527952805 0.0109055591518215 0.768928995948002 0.137746299606852
0.0455296730694445 0.0424275199925127 0.665811290102673 -0.0422281459494805
0.0877747927086324 0.0139994302205529 0.391610205221358 -0.119449216408493
0.0861030640142657 -0.0349045286538943 0.128805835549679 -0.0821470639949955
0.0645357311291971 -0.0521819322557933 -0.086692771233271 0.0360983377544604
0.0723620554636854 -0.0578786840128597 -0.254351083873473 0.162492033888341
0.07901328874192 -0.029748561525312 -0.402859037823439 0.330912477470328
0.0540429890897541 -0.00760554929492713 -0.525467206157974 0.422851399137015
0.021854107482506 -0.00335708766285215 -0.537674153793927 0.395109913248002
0.00961320244885887 -0.0443252058227371 -0.455804862865014 0.289040533523318
0.0545622855598519 -0.0336197566593212 -0.360431045669125 0.199323156943757
0.0601228247638243 0.0199712514876374 -0.226168580464748 0.104779446008531
0.0368282861742239 0.058322507053025 0.242275615647829 0.0544935996791664
0.0709453447711837 0.0170055050488069 0.408133145546422 0.0760183992395097
0.0636820159216814 -0.0331591903660577 0.605766783152935 0.136097615305878
0.0261713824888927 0.016590029305086 0.752229199063111 0.0565169094155133
0.0754562894095485 0.0440881612915781 0.664901449585269 -0.0955260545497819
0.120856226508301 0.00117229021425485 0.414604459224256 -0.152777089487898
0.111464936057337 -0.0546189815905626 0.159915551355804 -0.10652428741249
0.0857396441935672 -0.074393142139225 -0.0554581924050653 0.0133667409947843
0.0944181950938965 -0.077292450046748 -0.231341702485119 0.128955320531744
0.107593159493028 -0.044230520886372 -0.401520150943848 0.282804763280959
0.0761526160066805 -0.0101096589102421 -0.552222678359897 0.374534392581906
0.0294876199658473 -0.00555668292651871 -0.591985869183854 0.351605465733736
0.0189523623680266 -0.0596461407536481 -0.505610655217186 0.245739617205478
0.0750917783634419 -0.0352234042727799 -0.38936079287399 0.170498494727611
0.0683257729301452 0.0338483793549685 -0.24343312815929 0.0919582581842306
-0.0532854083899665 -0.0253801305714662 0.210319356206419 -0.00832251276474623
-0.0712042390797138 0.0160646518794431 0.388157261485761 -0.0120017023525192
-0.0341950112949068 0.0175527284957718 0.588181679735021 -0.0834338592274752
-0.070548875800662 0.00174563045046532 0.666383764977016 -0.234708127288541
-0.115499008072788 0.0422792771732459 0.574920588985107 -0.317424671656014
-0.101990101174443 0.0788415541413271 0.374862459655134 -0.277504082758674
-0.0749124311762487 0.0703412630733581 0.177161187176748 -0.15286171834736
-0.0639935281499629 0.0754129951228464 -0.00260768667310315 -0.0342782087271821
-0.0694503682170162 0.0757238704649999 -0.183202433759739 0.0443606773764364
-0.103907474663273 0.0740101641212372 -0.411904102875052 0.122878372352509
-0.114931694770663 0.0292731428780823 -0.647681852171173 0.130871896392123
-0.0716007322588353 -0.00718818259049114 -0.738876141737195 0.0789040547705728
-0.0385891686408168 0.0161818014815916 -0.639059968633329 -0.0116524211499898
-0.0592396443486094 0.014696209131035 -0.443295593910945 -0.015588518014179
-0.0507751221945394 -0.0218336186753808 -0.236812992711689 0.0324549157086573
-0.0454270225666078 -0.0297588143384477 0.225773650611549 0.0113141622647277
-0.0695322699085309 0.00444303095220172 0.397265444978176 0.0451990417185284
-0.036783237920293 0.011356985529912 0.627869694675216 0.016685772747756
-0.0691226143542341 -0.0080020497942149 0.723482693423175 -0.134245935825083
-0.115876774993067 0.026073414284864 0.603707715251745 -0.229180374698455
-0.103613236138346 0.0649976012733818 0.376935502375114 -0.213430123902737
-0.0749026206047638 0.0622384331325081 0.158217829289824 -0.116690468134601
-0.0607323549130949 0.0723777728811661 -0.0320948731811107 -0.00656778481716085
-0.0597632476196143 0.0772957470139961 -0.210636155066595 0.0857195877425044
-0.0884403280865326 0.0844012622705804 -0.420201023717057 0.198242049990554
-0.100669640115738 0.0443048989482965 -0.631840064266501 0.235341120827462
-0.0645986264151083 0.00442947758987297 -0.697065436842419 0.190846692962332
-0.0296530020888891 0.0190881927877836 -0.594519234934372 0.0890823411231594
-0.046851735456421 0.0198589635783836 -0.415964523579137 0.0487827595710696
-0.0423961050567349 -0.0150808391267474 -0.219293621727709 0.0545826920375162
-0.03005672911917 -0.0257331858558827 0.236234603068815 0.0313205687446533
-0.0564275822168422 -0.00679550338112351 0.398858434663805 0.102068350701031
-0.0320460937133404 0.00150524336276529 0.646013165695606 0.12368371626431
-0.058285223281545 -0.0143915018895562 0.760043595178715 -0.0220485647440778
-0.0976612890194718 0.0109212676937948 0.622378354094048 -0.142810258278787
-0.0874734662806347 0.0444858690689258 0.371104962619521 -0.154485373411421
-0.0606492467074807 0.0462257706718288 0.13772826381589 -0.0866447033035248
-0.047194585677342 0.0598309463471196 -0.0581738631388304 0.0181567746394617
-0.0396681101359789 0.0655194530187152 -0.229585707636957 0.125979022270604
-0.0592773153233876 0.0795646858562783 -0.413296236285739 0.271594202179306
-0.0724556023342507 0.0491554838691976 -0.592631604705126 0.334988999876217
-0.0470118652189734 0.0138371434086905 -0.638505387883535 0.29065116778268
-0.018900177018618 0.0175193483103898 -0.540663323229478 0.17272519731984
-0.02987961278694 0.0179655173111282 -0.383912253160843 0.10299004869426
-0.0259518819165996 -0.00957385255467444 -0.20273002164481 0.0730221740142717
-0.0110551639504141 -0.0142676977516942 0.243478578268783 0.0492442180221427
-0.0329904099664441 -0.0113670874121907 0.392504435974448 0.148730562736482
-0.0177890495104734 -0.00547800142202634 0.643717271152914 0.21407895355115
-0.0390429434895623 -0.0126938430524061 0.77435636079293 0.0799635110822641
-0.0648220299271187 0.00600894288915335 0.62980575339889 -0.0704199156199169
-0.053388622417393 0.027031107446362 0.362665468675971 -0.111971212221752
-0.0350434302459846 0.0244927469052629 0.122794176961012 -0.0681849395202802
-0.0269086989591587 0.0368734998312875 -0.0768692736881682 0.0364174776594484
-0.0166063392553169 0.0422513893471013 -0.239585880044844 0.158033417936009
-0.0262567935920286 0.0588123851652176 -0.39738998132708 0.326106359048427
-0.0374185561717747 0.0393364962643673 -0.548233727536909 0.408158183047643
-0.0245016915598672 0.0143032430035899 -0.580911630759488 0.363180232736201
-0.00911901886274408 0.0113333530898914 -0.491075710758127 0.231980270643865
-0.0122170827205089 0.00879656007214542 -0.354883210223897 0.139905645373875
-0.00389399933051091 -0.00675412100846831 -0.18901622889999 0.0881236880628287
0.00949928277509348 0.00305822472963581 0.244518001429382 0.0574798746526357
-0.00492168273471843 -0.00704114953923139 0.384051874532146 0.172323146284124
0.00276438214890576 -0.00688061150876076 0.632480995436645 0.266565256261787
-0.0174657185489043 -0.00219025872035605 0.77569721750278 0.144440622191878
-0.0236451837196262 0.0117644842539166 0.628760801625548 -0.0244354131864063
-0.00899625116214346 0.0158184827009418 0.359431582406937 -0.0876787275089952
0.00111196451476809 0.00383653674834834 0.116894128635422 -0.0614663280665213
-0.00326140287892193 0.0090299020902499 -0.0856555431476158 0.044499698997576
0.00747496732817721 0.00964626530888634 -0.240989634652878 0.175374710802428
0.00495854716739474 0.0261236265226425 -0.379802235678901 0.353685733104895
-0.00568504429250507 0.0186318930951957 -0.510209335345451 0.44750199723834
-0.000258561713151504 0.00816123345198646 -0.541644633437377 0.405464984047519
-0.000511300108629162 0.0015012871096135 -0.460281131634813 0.26338791015864
0.00448896403227047 -0.00541533892751875 -0.33747487294692 0.161067794494954
0.0198030322370111 -0.0058703896672433 -0.181318574123055 0.0981659671655134
0.0282781989263166 0.0204176407992858 0.24073578029764 0.057900689024239
0.0219995144525846 -0.00114703649741487 0.377955537356756 0.175103082464293
0.0220893361857776 -0.00726821469100318 0.624129836392913 0.277466805525224
0.0060131510942992 0.0129452813794604 0.769588073849756 0.162779826601925
0.0183188570018213 0.023289389680817 0.630786569558781 -0.0125225110864025
0.0377873800126929 0.00793488389313619 0.367975139820582 -0.0846514386832677
0.0365777463240897 -0.0179972723345071 0.121990465127975 -0.0637493346941486
0.0215760742667991 -0.0199768941072102 -0.0822747553412187 0.042102985042027
0.0299291081669663 -0.0237729622959642 -0.236953468468811 0.173605439060661
0.0340901300892687 -0.0097117172530079 -0.369981606660163 0.35403091543433
0.0240766661453764 -0.00467263018824468 -0.497850868638773 0.456113642041769
0.0208294029458715 -0.00109186906369758 -0.532121092787085 0.418653010456597
0.00640167384490809 -0.0100252364049523 -0.456535052880213 0.271346517097039
0.0193003100263143 -0.0209233400094402 -0.335507134515902 0.166669373230175
0.0419105701509225 -0.00551227454770797 -0.184371672084388 0.101624994100895
0.0442932112231243 0.0330168094056721 0.232015077932526 0.047692378369657
0.0433371307144646 0.00090624922096276 0.375869765335052 0.154843191955585
0.0355734912226675 -0.00795636096121563 0.623259889595372 0.238988481540361
0.0280834074388245 0.0268795125868096 0.764796807775176 0.12461626529544
0.0581484999470614 0.030628383653403 0.638270151075678 -0.0377026615343488
0.0791068561415715 -0.00263215389740763 0.38381079962141 -0.103833452722368
0.0665094169831331 -0.0384915364124463 0.137941994654336 -0.0787084226582272
0.0442408776123345 -0.0461912821547556 -0.068748642691529 0.0299018312492858
0.0506247861529691 -0.0529680433726902 -0.226504480721012 0.154684006021667
0.0608941338631917 -0.0393300087476034 -0.372706466245686 0.327575236856146
0.0509515821711309 -0.0237280559785999 -0.507819815723707 0.432718903571994
0.0393678876487512 -0.00731289728259485 -0.555502308180774 0.402400728120204
0.013178376976091 -0.0200223990399104 -0.480323856672997 0.256732823257302
0.0338229787206567 -0.0322382552071532 -0.349708088382593 0.154860479006455
0.0596904486451082 -0.00185747941302565 -0.194335058964493 0.100164196688533
0.0564494549604045 0.0363788066528008 0.219825815342273 0.0311697458790852
0.0535938175435082 -0.00492645298249864 0.376571881367666 0.116146688816292
0.0410583179067312 -0.0116756774350827 0.618326306737173 0.160082257089984
0.0464211221161088 0.0324095053011358 0.752805980618816 0.0471716208826086
0.0875539134678244 0.025464558873844 0.642673002300481 -0.095915276800041
0.105660761133268 -0.0194358135125678 0.402353823596406 -0.14428402944437
0.0857529493161214 -0.0565519748850321 0.15939719196698 -0.103399921247684
0.0582545693865826 -0.0649036216785139 -0.0444912344583929 0.00896390008629749
0.068220855485937 -0.0719895073206701 -0.211611746474703 0.122200310748574
0.085282929471594 -0.0574683999535097 -0.378522379071264 0.278174929343039
0.0755199442948989 -0.0314967886414098 -0.534131611466289 0.380374847634747
0.0539077923957598 -0.00739202822882806 -0.605485996236913 0.357129695085999
0.0197837510875191 -0.0275169073931231 -0.527929790170053 0.214130175999213
0.0470090339073456 -0.0389852353439727 -0.378114279687061 0.126447036177878
0.0725560763028905 0.00342054952501802 -0.211963570251901 0.0908895192711823
