TRXV5
3
4
4
9
string Extension=J
integer IsArchMeasurement=1
integer IsSpherical=1
string Generator=SPM
string GeneratorVersion=1.3.1 Dev
double ArchRadius=0.449999988079071
integer FrequencyAxisIndex=0
integer AzimuthAxisIndex=1
integer ElevationAxisIndex=2
Frequency
5 201 700000000 800000000 LIN
Azimuth
7 8 0 2.74889357189107 LIN
Elevation
7 15 -2.74889357189107 2.74889357189107 LIN
Polar H Real Part
13
Polar H Imaginary Part
14
Polar V Real Part
13
Polar V Imaginary Part
14
Polar H Magnitude (dB)
12 0xC0000002 0 1
Polar H Phase
7 0xC0000003 0 1
Polar V Magnitude (dB)
12 0xC0000002 2 3
Polar V Phase
7 0xC0000003 2 3
0.04559326171875 0.0066070556640625 -0.426361083984375 -0.104034423828125
0.0219459533691406 0.0185928344726563 -0.1785888671875 -0.4625244140625
0.0243396759033203 0.0275993347167969 0.40277099609375 -0.59637451171875
-0.0287971496582031 0.0233383178710938 0.98858642578125 -0.15045166015625
-0.0652236938476563 -0.0259628295898438 0.74822998046875 0.8809814453125
0.00298309326171874 -0.0744476318359375 -0.23974609375 1.35302734375
0.0439605712890625 0.00963592529296875 -0.75390625 0.6844482421875
0.0565299987792969 0.0440101623535156 0.0596160888671875 0.0400505065917969
0.0338344573974609 -0.0137138366699219 0.78961181640625 -0.79547119140625
0.0113887786865234 -0.0298290252685547 0.016845703125 -1.4072265625
-0.0404586791992188 -0.0128440856933594 -1.03594970703125 -0.63726806640625
-0.0297222137451172 -0.00884628295898438 -0.86456298828125 0.4288330078125
0.0200939178466797 0.0140953063964844 -0.24560546875 0.72784423828125
0.0141410827636719 0.0071868896484375 0.29095458984375 0.441375732421875
0.0426445007324219 -0.0100936889648438 0.47271728515625 0.05517578125
0.0383262634277344 -0.00564956665039063 -0.42547607421875 -0.102783203125
0.0246467590332031 0.0111961364746094 -0.179931640625 -0.461669921875
0.0416030883789063 0.0261383056640625 0.40289306640625 -0.58612060546875
-0.00326728820800781 0.0311393737792969 0.9888916015625 -0.13653564453125
-0.0510711669921875 -0.0126266479492187 0.7353515625 0.88458251953125
0.00334548950195313 -0.0696754455566406 -0.2598876953125 1.345458984375
0.0445938110351562 0.000152587890625 -0.76385498046875 0.67852783203125
0.06396484375 0.0333480834960937 0.05926513671875 0.0348587036132813
0.0327377319335938 -0.0221843719482422 0.77923583984375 -0.80328369140625
0.0138149261474609 -0.0244503021240234 0.00976562499999992 -1.400390625
-0.0230255126953125 -0.00268173217773437 -1.0323486328125 -0.62005615234375
-0.00526762008666992 -0.00764656066894531 -0.85748291015625 0.44036865234375
0.03515625 0.0109519958496094 -0.23541259765625 0.7301025390625
0.0139074325561523 -0.00295162200927734 0.294708251953125 0.436492919921875
0.0323448181152344 -0.0220718383789063 0.474273681640625 0.04803466796875
0.0323677062988281 -0.01953125 -0.427398681640625 -0.102020263671875
0.0252647399902344 -0.000238418579101563 -0.18621826171875 -0.46588134765625
0.0604438781738281 0.0221405029296875 0.39288330078125 -0.5914306640625
0.0233001708984375 0.0384712219238281 0.986083984375 -0.14617919921875
-0.035308837890625 0.00188446044921876 0.7454833984375 0.8760986328125
0.0038299560546875 -0.0639610290527344 -0.24169921875 1.3487548828125
0.04266357421875 -0.0105857849121094 -0.75872802734375 0.68463134765625
0.0696678161621094 0.019927978515625 0.0557365417480469 0.0375289916992187
0.034027099609375 -0.0303897857666016 0.78125 -0.8017578125
0.0175838470458984 -0.018524169921875 0.0130615234374999 -1.4029541015625
-0.00450897216796875 0.0093841552734375 -1.035888671875 -0.62127685546875
0.0196456909179687 -0.00812339782714844 -0.85784912109375 0.4403076171875
0.0501327514648438 0.00734329223632813 -0.2392578125 0.73077392578125
0.0117263793945313 -0.0131425857543945 0.292449951171875 0.434967041015625
0.023712158203125 -0.036895751953125 0.474334716796875 0.04339599609375
0.0267524719238281 -0.0325508117675781 -0.430633544921875 -0.10406494140625
0.0259284973144531 -0.00895118713378906 -0.197784423828125 -0.473358154296875
0.0750885009765625 0.0189056396484375 0.37127685546875 -0.60791015625
0.0467872619628906 0.045440673828125 0.9749755859375 -0.1766357421875
-0.0206527709960938 0.0161342620849609 0.76123046875 0.85162353515625
0.002471923828125 -0.0580062866210938 -0.2110595703125 1.3477783203125
0.0432586669921875 -0.0184478759765625 -0.7449951171875 0.69927978515625
0.0740280151367188 0.00795745849609375 0.051727294921875 0.0434417724609375
0.0338249206542969 -0.0366668701171875 0.79132080078125 -0.79217529296875
0.0214157104492188 -0.0117263793945313 0.0410156249999999 -1.4090576171875
0.0133190155029297 0.0199508666992187 -1.0238037109375 -0.64794921875
0.0432243347167969 -0.00628280639648438 -0.87286376953125 0.4154052734375
0.0655593872070313 0.00657272338867187 -0.25811767578125 0.719482421875
0.0128192901611328 -0.0231170654296875 0.280426025390625 0.431304931640625
0.016845703125 -0.0518264770507812 0.470703125 0.041473388671875
0.0254974365234375 -0.0426368713378906 -0.43603515625 -0.10980224609375
0.0225543975830078 -0.0192832946777344 -0.21221923828125 -0.482452392578125
0.0830841064453125 0.01458740234375 0.3465576171875 -0.6278076171875
0.0623092651367188 0.0483932495117188 0.9637451171875 -0.21405029296875
-0.0102710723876953 0.0269813537597656 0.7872314453125 0.81463623046875
0.00317764282226562 -0.0545234680175781 -0.165771484375 1.3408203125
0.0426788330078125 -0.0254783630371094 -0.724365234375 0.7177734375
0.07757568359375 -0.00026702880859375 0.0469436645507813 0.0545845031738281
0.0343971252441406 -0.0415802001953125 0.81634521484375 -0.76763916015625
0.0247802734375 -0.00841903686523438 0.0889892578124999 -1.4150390625
0.0216693878173828 0.029876708984375 -1.0096435546875 -0.6929931640625
0.05859375 -0.00505447387695313 -0.89569091796875 0.38250732421875
0.0752716064453125 0.00530242919921875 -0.28680419921875 0.7034912109375
0.0115623474121094 -0.0300445556640625 0.26446533203125 0.423675537109375
0.0149726867675781 -0.0630111694335938 0.46295166015625 0.038543701171875
0.0265121459960938 -0.04791259765625 -0.4451904296875 -0.110198974609375
0.0197505950927734 -0.0251598358154297 -0.225616455078125 -0.493927001953125
0.0845947265625 0.0098114013671875 0.31597900390625 -0.649658203125
0.0699806213378906 0.046630859375 0.9405517578125 -0.2608642578125
-0.0042724609375 0.0317306518554688 0.80889892578125 0.77178955078125
0.003265380859375 -0.05059814453125 -0.1124267578125 1.33447265625
0.0420646667480469 -0.0289268493652344 -0.6993408203125 0.73895263671875
0.0791549682617187 -0.00493621826171875 0.0423507690429688 0.0680046081542969
0.0370979309082031 -0.0425071716308594 0.8427734375 -0.741455078125
0.0257568359375 -0.00427818298339844 0.150390625 -1.4197998046875
0.0271797180175781 0.0359916687011719 -0.98785400390625 -0.74249267578125
0.063690185546875 -0.00123214721679687 -0.92095947265625 0.34161376953125
0.0791778564453125 0.00630950927734375 -0.31817626953125 0.67950439453125
0.0127105712890625 -0.0335693359375 0.24761962890625 0.41790771484375
0.01580810546875 -0.0677528381347656 0.4541015625 0.03228759765625
0.031158447265625 -0.0465354919433594 -0.452606201171875 -0.113372802734375
0.0175209045410156 -0.0272388458251953 -0.242095947265625 -0.503997802734375
0.0784835815429688 0.007720947265625 0.28765869140625 -0.67547607421875
0.0646896362304688 0.0413589477539062 0.91839599609375 -0.3104248046875
-0.00559616088867188 0.0306453704833984 0.83636474609375 0.72625732421875
0.00133132934570313 -0.0495491027832031 -0.0498046874999999 1.3311767578125
0.0419273376464844 -0.0270729064941406 -0.66864013671875 0.764404296875
0.076690673828125 -0.0061492919921875 0.038116455078125 0.0835113525390625
0.0375785827636719 -0.0419158935546875 0.87103271484375 -0.71282958984375
0.0262432098388672 -0.00213813781738281 0.2110595703125 -1.4241943359375
0.0222663879394531 0.0373497009277344 -0.9688720703125 -0.79290771484375
0.0612220764160156 9.918212890625E-05 -0.9454345703125 0.2979736328125
0.0797576904296875 0.007415771484375 -0.34783935546875 0.6566162109375
0.0141983032226562 -0.0341625213623047 0.228729248046875 0.408660888671875
0.0201416015625 -0.071319580078125 0.44659423828125 0.03076171875
0.0355453491210937 -0.0427780151367187 -0.462127685546875 -0.1134033203125
0.0154533386230469 -0.0258769989013672 -0.25567626953125 -0.5130615234375
0.0681495666503906 0.00675582885742188 0.262451171875 -0.69561767578125
0.0516357421875 0.0380821228027344 0.89947509765625 -0.34765625
-0.0130119323730469 0.02630615234375 0.854248046875 0.68817138671875
0.000274658203125003 -0.0480918884277344 -0.00317382812499987 1.3265380859375
0.0418968200683594 -0.0228385925292969 -0.64215087890625 0.780517578125
0.0726547241210937 0.0027923583984375 0.0360183715820313 0.0959930419921875
0.0396156311035156 -0.0378952026367188 0.8973388671875 -0.68450927734375
0.0255966186523437 -0.00301361083984375 0.2640380859375 -1.4229736328125
0.0114154815673828 0.0325641632080078 -0.94580078125 -0.8380126953125
0.0481185913085938 0.00103378295898438 -0.96343994140625 0.2598876953125
0.0701370239257813 0.00942230224609375 -0.3753662109375 0.6346435546875
0.0143680572509766 -0.0296115875244141 0.2176513671875 0.402435302734375
0.0254669189453125 -0.0652351379394531 0.438018798828125 0.02777099609375
0.0458564758300781 0.00766754150390625 -0.430267333984375 -0.10443115234375
0.0239295959472656 0.018157958984375 -0.179107666015625 -0.466217041015625
0.0250148773193359 0.0271415710449219 0.4051513671875 -0.59869384765625
-0.0284442901611328 0.0241508483886719 0.9945068359375 -0.14471435546875
-0.0657119750976563 -0.0250244140625 0.74578857421875 0.888427734375
0.0026702880859375 -0.0743026733398438 -0.2469482421875 1.3583984375
0.0432815551757813 0.00915145874023438 -0.7628173828125 0.68829345703125
0.0566215515136719 0.0463600158691406 0.0579032897949219 0.0403480529785156
0.033477783203125 -0.0135669708251953 0.79583740234375 -0.7957763671875
0.0129833221435547 -0.0297145843505859 0.0263671875 -1.4161376953125
-0.0408134460449219 -0.0132179260253906 -1.03753662109375 -0.64697265625
-0.0304088592529297 -0.00856399536132813 -0.8687744140625 0.429931640625
0.0206394195556641 0.0134849548339844 -0.248291015625 0.7314453125
0.0146942138671875 0.00750923156738281 0.29156494140625 0.44244384765625
0.0414047241210938 -0.00957870483398437 0.477264404296875 0.05499267578125
0.0385475158691406 -0.00519943237304688 -0.429229736328125 -0.101806640625
0.02545166015625 0.0108890533447266 -0.180084228515625 -0.464935302734375
0.0430221557617187 0.0257797241210938 0.4061279296875 -0.585693359375
-0.00333976745605469 0.0307064056396484 0.994140625 -0.12933349609375
-0.0515594482421875 -0.0129165649414063 0.73638916015625 0.8936767578125
0.00418853759765625 -0.070220947265625 -0.269287109375 1.3538818359375
0.0435409545898438 -0.000179290771484375 -0.77288818359375 0.67694091796875
0.0639457702636719 0.0339469909667969 0.0566482543945313 0.0353431701660156
0.0327205657958984 -0.0206584930419922 0.78790283203125 -0.803466796875
0.0146236419677734 -0.0232028961181641 0.0156250000000002 -1.4093017578125
-0.0218772888183594 -0.00146675109863281 -1.03521728515625 -0.628173828125
-0.00541925430297851 -0.00627613067626953 -0.8592529296875 0.4375
0.0349483489990234 0.0106410980224609 -0.23724365234375 0.7335205078125
0.014134407043457 -0.00384712219238281 0.29571533203125 0.44091796875
0.0315036773681641 -0.0216903686523438 0.47930908203125 0.049346923828125
0.0330295562744141 -0.0201625823974609 -0.42816162109375 -0.102935791015625
0.0267353057861328 0.00100326538085938 -0.187744140625 -0.468109130859375
0.0609130859375 0.0221443176269531 0.3958740234375 -0.5919189453125
0.0235481262207031 0.0402145385742188 0.9918212890625 -0.1435546875
-0.0358009338378906 0.00280761718750001 0.745849609375 0.8863525390625
0.00442886352539062 -0.0653800964355469 -0.25 1.35595703125
0.0431289672851563 -0.0098114013671875 -0.76702880859375 0.68408203125
0.0694160461425781 0.0201606750488281 0.05487060546875 0.0370941162109375
0.0330657958984375 -0.0292377471923828 0.78717041015625 -0.80242919921875
0.0183353424072266 -0.0175647735595703 0.0185546875000001 -1.4093017578125
-0.00287342071533203 0.0081782341003418 -1.036865234375 -0.630615234375
0.0192337036132813 -0.00743675231933594 -0.86260986328125 0.439208984375
0.0501899719238281 0.00797271728515625 -0.2418212890625 0.73199462890625
0.0126066207885742 -0.0118207931518555 0.293243408203125 0.437835693359375
0.0237998962402344 -0.0357933044433594 0.478271484375 0.04608154296875
0.0280876159667969 -0.0331058502197266 -0.435516357421875 -0.1051025390625
0.0257186889648437 -0.00872802734375 -0.199462890625 -0.47467041015625
0.075836181640625 0.01953125 0.3734130859375 -0.60699462890625
0.0478172302246094 0.0466880798339844 0.98016357421875 -0.173095703125
-0.0195674896240234 0.0151405334472656 0.76373291015625 0.86065673828125
0.00484466552734376 -0.05963134765625 -0.21923828125 1.3543701171875
0.0432472229003906 -0.0190925598144531 -0.752685546875 0.69970703125
0.0742645263671875 0.00968170166015625 0.0515975952148438 0.042755126953125
0.0333595275878906 -0.036346435546875 0.79852294921875 -0.7919921875
0.0218276977539063 -0.0117683410644531 0.049072265625 -1.4173583984375
0.0128517150878906 0.0198516845703125 -1.02752685546875 -0.65576171875
0.0416221618652344 -0.0064697265625 -0.87890625 0.416015625
0.0642967224121094 0.00630569458007813 -0.26092529296875 0.7225341796875
0.0123119354248047 -0.0217533111572266 0.280731201171875 0.435028076171875
0.0179367065429688 -0.0514717102050781 0.474395751953125 0.04278564453125
0.0273933410644531 -0.043548583984375 -0.44012451171875 -0.1114501953125
0.0239219665527344 -0.0167827606201172 -0.21173095703125 -0.48626708984375
0.08331298828125 0.0135498046875 0.3485107421875 -0.62811279296875
0.0622787475585937 0.04852294921875 0.96612548828125 -0.20880126953125
-0.00905799865722656 0.0253314971923828 0.7857666015625 0.82611083984375
0.00472259521484374 -0.0546798706054687 -0.173095703125 1.3497314453125
0.0431709289550781 -0.0259857177734375 -0.7325439453125 0.717529296875
0.0777206420898437 7.62939453125E-06 0.0461006164550781 0.0537528991699219
0.0343360900878906 -0.0416755676269531 0.826416015625 -0.76715087890625
0.0253734588623047 -0.00644111633300781 0.0949707031249998 -1.4234619140625
0.0233135223388672 0.0302925109863281 -1.01312255859375 -0.7012939453125
0.0576934814453125 -0.0045166015625 -0.90008544921875 0.3824462890625
0.07611083984375 0.00638580322265625 -0.28955078125 0.70721435546875
0.0116119384765625 -0.0300540924072266 0.26568603515625 0.42828369140625
0.01409912109375 -0.0625152587890625 0.4669189453125 0.038970947265625
0.0264244079589844 -0.0476188659667969 -0.44793701171875 -0.111297607421875
0.021240234375 -0.0242156982421875 -0.227813720703125 -0.4971923828125
0.0853500366210938 0.0094146728515625 0.3177490234375 -0.6522216796875
0.0697860717773437 0.0467453002929687 0.94647216796875 -0.25714111328125
-0.00422477722167969 0.0316677093505859 0.80908203125 0.7828369140625
0.00416183471679687 -0.0496406555175781 -0.1182861328125 1.3458251953125
0.0428466796875 -0.0296592712402344 -0.70648193359375 0.74078369140625
0.0790023803710937 -0.00400543212890625 0.0409355163574219 0.0695610046386719
0.0369949340820313 -0.0424308776855469 0.849365234375 -0.73846435546875
0.0269107818603516 -0.00273704528808594 0.1602783203125 -1.4239501953125
0.027618408203125 0.0360870361328125 -0.99322509765625 -0.74993896484375
0.0643692016601563 -0.00169754028320313 -0.92645263671875 0.3399658203125
0.0803298950195313 0.00756072998046875 -0.3206787109375 0.6824951171875
0.0124912261962891 -0.0329570770263672 0.247802734375 0.419708251953125
0.0147781372070313 -0.0687522888183594 0.4576416015625 0.03350830078125
0.0315284729003906 -0.0470848083496094 -0.45733642578125 -0.1143798828125
0.0193824768066406 -0.0267086029052734 -0.244049072265625 -0.50787353515625
0.0808029174804687 0.006927490234375 0.287841796875 -0.67626953125
0.0664863586425781 0.0427360534667969 0.92333984375 -0.30712890625
-0.00574111938476562 0.0320205688476563 0.83587646484375 0.73681640625
0.00360107421875 -0.0485687255859375 -0.0568847656250001 1.3421630859375
0.0425186157226563 -0.0275764465332031 -0.67645263671875 0.765380859375
0.0764389038085938 -0.0030670166015625 0.0381088256835938 0.084014892578125
0.0369377136230469 -0.0417137145996094 0.8790283203125 -0.712646484375
0.0270481109619141 -0.001434326171875 0.2188720703125 -1.43212890625
0.0236854553222656 0.0380096435546875 -0.96966552734375 -0.80047607421875
0.0603790283203125 0.0001678466796875 -0.95166015625 0.29852294921875
0.0788497924804688 0.00809478759765625 -0.35125732421875 0.659912109375
0.0144023895263672 -0.0338954925537109 0.231964111328125 0.410675048828125
0.0197296142578125 -0.0703125 0.451202392578125 0.03009033203125
0.036285400390625 -0.0422706604003906 -0.465576171875 -0.113037109375
0.0167808532714844 -0.0256156921386719 -0.2579345703125 -0.514739990234375
0.0694313049316406 0.00607681274414063 0.2633056640625 -0.6961669921875
0.0531768798828125 0.0394706726074219 0.90338134765625 -0.3424072265625
-0.0136508941650391 0.0264682769775391 0.85498046875 0.69805908203125
0.00012588500976563 -0.0487213134765625 -0.00854492187499995 1.3345947265625
0.0410842895507812 -0.0252952575683594 -0.65277099609375 0.78472900390625
0.0722427368164063 0.002288818359375 0.034942626953125 0.0972824096679688
0.038116455078125 -0.0370254516601562 0.90374755859375 -0.6824951171875
0.0275955200195313 -0.00371170043945313 0.276611328125 -1.4293212890625
0.0132236480712891 0.0333576202392578 -0.947265625 -0.84429931640625
0.046875 0.0010223388671875 -0.97021484375 0.25897216796875
0.069793701171875 0.00926971435546875 -0.3770751953125 0.637451171875
0.0134716033935547 -0.0299263000488281 0.218994140625 0.405120849609375
0.024139404296875 -0.0667648315429688 0.443145751953125 0.027435302734375
0.0463371276855469 0.00712966918945313 -0.434234619140625 -0.106170654296875
0.0254154205322266 0.0196208953857422 -0.18218994140625 -0.468292236328125
0.0258865356445312 0.0287342071533203 0.40802001953125 -0.59967041015625
-0.0304069519042969 0.0237674713134766 1.001708984375 -0.14007568359375
-0.0660858154296875 -0.0263023376464844 0.748291015625 0.90240478515625
0.00402069091796874 -0.07470703125 -0.25634765625 1.371337890625
0.0438461303710938 0.009765625 -0.77374267578125 0.6890869140625
0.0570182800292969 0.04815673828125 0.0569038391113281 0.0403823852539063
0.0331230163574219 -0.0118694305419922 0.80328369140625 -0.796875
0.0135211944580078 -0.0287590026855469 0.0316162109375001 -1.423828125
-0.0401458740234375 -0.0144767761230469 -1.0443115234375 -0.65142822265625
-0.0328235626220703 -0.00813484191894532 -0.87823486328125 0.42877197265625
0.0205745697021484 0.0124702453613281 -0.24957275390625 0.73846435546875
0.0145025253295898 0.00895023345947265 0.295196533203125 0.44793701171875
0.04022216796875 -0.0109596252441406 0.480194091796875 0.0570068359375
0.0388755798339844 -0.00529861450195313 -0.432861328125 -0.10296630859375
0.0270099639892578 0.0118732452392578 -0.181396484375 -0.46600341796875
0.0429534912109375 0.0254287719726563 0.40869140625 -0.587890625
-0.00439453125 0.0316753387451172 1.00323486328125 -0.12774658203125
-0.0506515502929688 -0.0132904052734375 0.73553466796875 0.9063720703125
0.00418853759765625 -0.0704116821289063 -0.273193359375 1.36376953125
0.0431098937988281 0.000885009765625 -0.78338623046875 0.67919921875
0.0631484985351563 0.0355262756347656 0.0555000305175781 0.0361595153808594
0.0322303771972656 -0.0197467803955078 0.79681396484375 -0.8038330078125
0.0157527923583984 -0.0242862701416016 0.0224609375000001 -1.41796875
-0.02166748046875 -0.00173377990722657 -1.0433349609375 -0.63739013671875
-0.00671958923339844 -0.00681591033935547 -0.86846923828125 0.43939208984375
0.0352287292480469 0.00983428955078125 -0.23919677734375 0.73974609375
0.0137596130371094 -0.00182151794433594 0.298431396484375 0.443389892578125
0.0314540863037109 -0.0221271514892578 0.484588623046875 0.049530029296875
0.0340709686279297 -0.0210533142089844 -0.434112548828125 -0.10430908203125
0.0270442962646484 0.000547409057617188 -0.18939208984375 -0.4708251953125
0.0616340637207031 0.0232162475585938 0.398193359375 -0.59515380859375
0.0231895446777344 0.0398139953613281 0.9981689453125 -0.13958740234375
-0.0361480712890625 0.00219726562500001 0.74822998046875 0.896240234375
0.00434112548828125 -0.0649604797363281 -0.25537109375 1.3651123046875
0.0426445007324219 -0.0101814270019531 -0.7755126953125 0.6861572265625
0.0691871643066406 0.0204505920410156 0.05303955078125 0.0363845825195313
0.0328598022460938 -0.0280303955078125 0.79742431640625 -0.8070068359375
0.0192050933837891 -0.0169696807861328 0.0240478515625001 -1.4189453125
-0.00267219543457031 0.00836515426635742 -1.04534912109375 -0.6392822265625
0.0189781188964844 -0.00836181640625 -0.86907958984375 0.43914794921875
0.0513496398925781 0.009185791015625 -0.24560546875 0.7386474609375
0.0127162933349609 -0.0123119354248047 0.29522705078125 0.442138671875
0.0231399536132813 -0.0386276245117188 0.481903076171875 0.045379638671875
0.0289878845214844 -0.0335311889648438 -0.4384765625 -0.10565185546875
0.0272064208984375 -0.00871467590332031 -0.200439453125 -0.478118896484375
0.0775299072265625 0.0185623168945312 0.37542724609375 -0.60931396484375
0.0473365783691406 0.0465126037597656 0.98480224609375 -0.16973876953125
-0.0213069915771484 0.0169315338134766 0.76239013671875 0.8717041015625
0.00510406494140624 -0.0613822937011719 -0.225341796875 1.3609619140625
0.0434226989746094 -0.0196151733398438 -0.7620849609375 0.70025634765625
0.0744247436523438 0.01043701171875 0.0485572814941406 0.0438613891601562
0.0333290100097656 -0.0356521606445313 0.80657958984375 -0.791015625
0.0236034393310547 -0.00998115539550781 0.0544433593750001 -1.4246826171875
0.0137958526611328 0.02142333984375 -1.033203125 -0.66302490234375
0.0424690246582031 -0.00691604614257813 -0.8841552734375 0.4161376953125
0.065216064453125 0.00592041015625 -0.26153564453125 0.72802734375
0.0125637054443359 -0.0222415924072266 0.282867431640625 0.439117431640625
0.01702880859375 -0.0515632629394531 0.478118896484375 0.042205810546875
0.0283088684082031 -0.0439567565917969 -0.444549560546875 -0.11114501953125
0.0243396759033203 -0.0171585083007813 -0.21575927734375 -0.4901123046875
0.0848846435546875 0.0153656005859375 0.349365234375 -0.63134765625
0.0632171630859375 0.0506706237792969 0.97381591796875 -0.20758056640625
-0.0101737976074219 0.0270957946777344 0.78826904296875 0.8372802734375
0.00538253784179688 -0.0557861328125 -0.17822265625 1.3592529296875
0.0430030822753906 -0.0264968872070313 -0.74517822265625 0.71875
0.0776519775390625 0.000518798828125 0.0444602966308594 0.0550765991210938
0.0344963073730469 -0.0401344299316406 0.83319091796875 -0.7674560546875
0.0262470245361328 -0.00593185424804688 0.107177734375 -1.4317626953125
0.0245075225830078 0.0298671722412109 -1.017333984375 -0.7061767578125
0.0561332702636719 -0.00395965576171875 -0.90802001953125 0.3828125
0.0755767822265625 0.00669097900390625 -0.290771484375 0.710205078125
0.0120868682861328 -0.0282630920410156 0.2669677734375 0.43084716796875
0.0136375427246094 -0.0624923706054688 0.47235107421875 0.041015625
0.0277137756347656 -0.0491180419921875 -0.452423095703125 -0.111663818359375
0.0209465026855469 -0.023895263671875 -0.23095703125 -0.501495361328125
0.0860443115234375 0.0100784301757813 0.3194580078125 -0.655029296875
0.0693130493164062 0.0476875305175781 0.9521484375 -0.25396728515625
-0.0050048828125 0.0312328338623047 0.81219482421875 0.79315185546875
0.0043182373046875 -0.0522918701171875 -0.122802734375 1.3563232421875
0.0430831909179688 -0.0293312072753906 -0.717041015625 0.7445068359375
0.0788955688476563 -0.002288818359375 0.0402793884277344 0.0691146850585938
0.0366477966308594 -0.0415840148925781 0.85809326171875 -0.74127197265625
0.0278339385986328 -0.00176620483398437 0.167236328125 -1.435546875
0.0284461975097656 0.036834716796875 -0.994873046875 -0.75665283203125
0.0648574829101563 -0.001434326171875 -0.9342041015625 0.34149169921875
0.0818328857421875 0.00701904296875 -0.32330322265625 0.68658447265625
0.0127487182617188 -0.0326099395751953 0.24871826171875 0.423736572265625
0.014495849609375 -0.0679054260253906 0.461669921875 0.03466796875
0.0316314697265625 -0.0481529235839844 -0.462066650390625 -0.11492919921875
0.018768310546875 -0.0270881652832031 -0.245697021484375 -0.510345458984375
0.0804672241210938 0.0072784423828125 0.28973388671875 -0.68017578125
0.0658912658691406 0.0435333251953125 0.9302978515625 -0.3052978515625
-0.00641632080078125 0.0319232940673828 0.83990478515625 0.74700927734375
0.00463104248046875 -0.0490150451660156 -0.060791015625 1.3546142578125
0.0417404174804688 -0.0291709899902344 -0.68670654296875 0.76873779296875
0.0769119262695313 -0.00171661376953125 0.0354156494140625 0.085479736328125
0.036895751953125 -0.040191650390625 0.8858642578125 -0.71307373046875
0.0293560028076172 -0.00145339965820313 0.226318359375 -1.437744140625
0.0234489440917969 0.0393905639648438 -0.97418212890625 -0.810546875
0.0599021911621094 0.00120162963867188 -0.9580078125 0.29705810546875
0.0795516967773438 0.008819580078125 -0.35528564453125 0.66412353515625
0.0133342742919922 -0.0331439971923828 0.232177734375 0.416015625
0.01947021484375 -0.0709304809570313 0.4539794921875 0.0323486328125
0.036590576171875 -0.0419769287109375 -0.46990966796875 -0.111663818359375
0.0168514251708984 -0.0244369506835938 -0.26019287109375 -0.515350341796875
0.070953369140625 0.00662994384765625 0.2633056640625 -0.7001953125
0.05218505859375 0.0390434265136719 0.90997314453125 -0.341064453125
-0.0139751434326172 0.0265712738037109 0.85919189453125 0.70880126953125
0.00191497802734375 -0.0496482849121094 -0.0109863281249999 1.3453369140625
0.0409317016601563 -0.025482177734375 -0.66015625 0.787353515625
0.0722732543945313 0.0045623779296875 0.0321731567382813 0.0982818603515625
0.0378227233886719 -0.0361175537109375 0.9124755859375 -0.68231201171875
0.0277996063232422 -0.00283622741699219 0.28369140625 -1.437255859375
0.0147418975830078 0.0339679718017578 -0.9522705078125 -0.8536376953125
0.0458869934082031 0.00113677978515625 -0.97991943359375 0.2557373046875
0.0712203979492188 0.00983428955078125 -0.38067626953125 0.642333984375
0.0146751403808594 -0.0292015075683594 0.220062255859375 0.408935546875
0.0245552062988281 -0.0668792724609375 0.446380615234375 0.029510498046875
0.0479393005371094 0.00806808471679688 -0.4393310546875 -0.10430908203125
0.0251693725585937 0.0200843811035156 -0.185028076171875 -0.473114013671875
0.0261440277099609 0.0281791687011719 0.41180419921875 -0.603271484375
-0.03021240234375 0.0241718292236328 1.00830078125 -0.14105224609375
-0.0674247741699219 -0.0253448486328125 0.7525634765625 0.91107177734375
0.00336456298828124 -0.0754623413085938 -0.257080078125 1.3861083984375
0.0439796447753906 0.009918212890625 -0.78387451171875 0.69439697265625
0.0566787719726563 0.0482368469238281 0.0560073852539063 0.0407791137695312
0.0328311920166016 -0.0116024017333984 0.8143310546875 -0.8028564453125
0.0139026641845703 -0.0281047821044922 0.0335693359375 -1.43603515625
-0.0393486022949219 -0.0136985778808594 -1.0528564453125 -0.66015625
-0.0325527191162109 -0.00711250305175781 -0.8857421875 0.43194580078125
0.0204238891601562 0.012481689453125 -0.2515869140625 0.745849609375
0.014216423034668 0.0101499557495117 0.296417236328125 0.450958251953125
0.0414619445800781 -0.00904464721679688 0.48681640625 0.056671142578125
0.0388946533203125 -0.00539779663085938 -0.4375 -0.103057861328125
0.0267829895019531 0.0128498077392578 -0.18695068359375 -0.470001220703125
0.0436553955078125 0.0250320434570313 0.41070556640625 -0.59161376953125
-0.00437164306640625 0.0322494506835938 1.00927734375 -0.12689208984375
-0.0515060424804688 -0.011932373046875 0.74249267578125 0.91552734375
0.00479125976562499 -0.070404052734375 -0.2783203125 1.3775634765625
0.044891357421875 0.00054168701171875 -0.7926025390625 0.68243408203125
0.0638084411621094 0.0369148254394531 0.0550193786621094 0.0364952087402344
0.031982421875 -0.0180549621582031 0.80206298828125 -0.8094482421875
0.0167922973632813 -0.0227432250976563 0.0266113281250001 -1.4263916015625
-0.0203723907470703 -0.00283241271972656 -1.04736328125 -0.6419677734375
-0.00639057159423828 -0.00675296783447266 -0.87567138671875 0.4432373046875
0.0357208251953125 0.00963211059570313 -0.2412109375 0.74652099609375
0.0123519897460938 -0.00151729583740234 0.302764892578125 0.44921875
0.0293045043945313 -0.0229282379150391 0.489105224609375 0.050018310546875
0.0342159271240234 -0.0208797454833984 -0.439453125 -0.10455322265625
0.0278453826904297 0.000278472900390625 -0.193603515625 -0.472564697265625
0.0626068115234375 0.022796630859375 0.39910888671875 -0.59747314453125
0.0231781005859375 0.0420989990234375 1.00677490234375 -0.139404296875
-0.0358772277832031 0.00270843505859375 0.7535400390625 0.90777587890625
0.00580978393554688 -0.0655708312988281 -0.2607421875 1.3770751953125
0.0431442260742188 -0.0104446411132813 -0.787841796875 0.69195556640625
0.0698280334472656 0.0237960815429688 0.0509223937988281 0.0368576049804688
0.0314064025878906 -0.0263462066650391 0.80413818359375 -0.80950927734375
0.0199375152587891 -0.0161209106445313 0.0289306640625 -1.4329833984375
-0.00146198272705078 0.00883293151855469 -1.050537109375 -0.6431884765625
0.0187091827392578 -0.00753974914550781 -0.87744140625 0.44329833984375
0.0521774291992187 0.00774383544921875 -0.24639892578125 0.7462158203125
0.012660026550293 -0.0111503601074219 0.297149658203125 0.444061279296875
0.0220375061035156 -0.0369148254394531 0.488250732421875 0.045745849609375
0.0298805236816406 -0.0344200134277344 -0.443359375 -0.104217529296875
0.0292587280273438 -0.00773048400878906 -0.2059326171875 -0.48114013671875
0.0778732299804688 0.0186233520507813 0.37860107421875 -0.61419677734375
0.0463180541992187 0.0483360290527344 0.99530029296875 -0.1680908203125
-0.0214157104492188 0.0171089172363281 0.7685546875 0.88165283203125
0.00693893432617188 -0.0605010986328125 -0.228515625 1.378662109375
0.0428199768066406 -0.01983642578125 -0.77166748046875 0.70391845703125
0.07476806640625 0.0118637084960937 0.047210693359375 0.0440139770507813
0.0326805114746094 -0.0338478088378906 0.812744140625 -0.79681396484375
0.024505615234375 -0.0108814239501953 0.0587158203124999 -1.438720703125
0.0162143707275391 0.0219554901123047 -1.03948974609375 -0.67095947265625
0.0421524047851563 -0.005523681640625 -0.8935546875 0.41778564453125
0.0658493041992188 0.00664901733398438 -0.265869140625 0.735107421875
0.0112781524658203 -0.0222854614257813 0.28558349609375 0.441253662109375
0.0157508850097656 -0.0516319274902344 0.484130859375 0.04241943359375
0.0280799865722656 -0.0443344116210938 -0.448486328125 -0.110595703125
0.0259056091308594 -0.0183124542236328 -0.2186279296875 -0.49273681640625
0.085113525390625 0.0134506225585938 0.35089111328125 -0.63482666015625
0.0637435913085938 0.0509719848632813 0.98162841796875 -0.2071533203125
-0.0101547241210938 0.0264682769775391 0.79107666015625 0.8472900390625
0.00498580932617187 -0.0568313598632813 -0.1807861328125 1.376708984375
0.0422477722167969 -0.0273208618164063 -0.75555419921875 0.72357177734375
0.0795669555664063 0.0021209716796875 0.0435981750488281 0.056243896484375
0.0346946716308594 -0.03948974609375 0.83990478515625 -0.77349853515625
0.0278511047363281 -0.00575447082519531 0.111572265625 -1.4437255859375
0.0256881713867188 0.0313320159912109 -1.02899169921875 -0.71405029296875
0.0566368103027344 -0.00477981567382813 -0.9158935546875 0.3853759765625
0.0767974853515625 0.005706787109375 -0.29351806640625 0.71746826171875
0.0130043029785156 -0.0289859771728516 0.27008056640625 0.4364013671875
0.0140228271484375 -0.0632057189941406 0.47698974609375 0.0406494140625
0.0286750793457031 -0.0496368408203125 -0.45745849609375 -0.112762451171875
0.0236091613769531 -0.0238285064697266 -0.23468017578125 -0.503753662109375
0.087890625 0.009735107421875 0.32147216796875 -0.65814208984375
0.0696945190429688 0.0473518371582031 0.96038818359375 -0.2525634765625
-0.00467300415039062 0.0326595306396484 0.81805419921875 0.8031005859375
0.00574493408203125 -0.052520751953125 -0.1243896484375 1.36962890625
0.0432586669921875 -0.0306053161621094 -0.72607421875 0.7486572265625
0.0789260864257812 -0.00185394287109375 0.0375328063964844 0.0700759887695313
0.03582763671875 -0.0418281555175781 0.8665771484375 -0.7430419921875
0.0289802551269531 -0.00186729431152344 0.173828125 -1.4454345703125
0.0294227600097656 0.0373382568359375 -1.002197265625 -0.765380859375
0.0644416809082031 -0.0023040771484375 -0.94219970703125 0.3421630859375
0.0821075439453125 0.0073089599609375 -0.32598876953125 0.69354248046875
0.0128288269042969 -0.0327701568603516 0.251861572265625 0.4276123046875
0.0130386352539063 -0.0695114135742188 0.466766357421875 0.03314208984375
0.0320396423339844 -0.0492820739746094 -0.46771240234375 -0.112823486328125
0.0195960998535156 -0.0256423950195313 -0.251373291015625 -0.513763427734375
0.08270263671875 0.006561279296875 0.29071044921875 -0.683837890625
0.0674362182617187 0.0441246032714844 0.93829345703125 -0.30548095703125
-0.00611114501953125 0.0317935943603516 0.845458984375 0.7578125
0.00455093383789063 -0.0504570007324219 -0.0632324218749999 1.3656005859375
0.0429496765136719 -0.0283088684082031 -0.696044921875 0.77532958984375
0.0773696899414063 -0.00188446044921875 0.0352325439453125 0.0861358642578125
0.0377159118652344 -0.03997802734375 0.891845703125 -0.7149658203125
0.0288333892822266 -0.000377655029296875 0.2315673828125 -1.449951171875
0.0250625610351563 0.0383033752441406 -0.9798583984375 -0.818359375
0.0616493225097656 0.0018310546875 -0.96759033203125 0.29779052734375
0.0796737670898437 0.0089874267578125 -0.35552978515625 0.67047119140625
0.0141372680664063 -0.0344028472900391 0.233978271484375 0.417510986328125
0.0188446044921875 -0.071441650390625 0.45947265625 0.03167724609375
0.0371437072753906 -0.043060302734375 -0.476165771484375 -0.115325927734375
0.0187034606933594 -0.0251655578613281 -0.264312744140625 -0.522735595703125
0.0710525512695312 0.00637054443359375 0.2645263671875 -0.70428466796875
0.0530281066894531 0.0406227111816406 0.9183349609375 -0.34100341796875
-0.0142021179199219 0.0272026062011719 0.8656005859375 0.719970703125
0.00261688232421875 -0.0502510070800781 -0.0162353515625 1.3587646484375
0.0428581237792969 -0.0249214172363281 -0.67108154296875 0.79156494140625
0.073822021484375 0.0053253173828125 0.03167724609375 0.0987014770507812
0.0376815795898438 -0.0333290100097656 0.91986083984375 -0.68438720703125
0.0283603668212891 -0.00198936462402344 0.2862548828125 -1.447998046875
0.0154228210449219 0.0341300964355469 -0.95843505859375 -0.86236572265625
0.0450592041015625 0.00176620483398438 -0.99029541015625 0.25921630859375
0.0723342895507813 0.009796142578125 -0.382568359375 0.64678955078125
0.0154781341552734 -0.0291061401367187 0.22222900390625 0.4130859375
0.0238533020019531 -0.0667381286621094 0.45184326171875 0.029144287109375
0.0479507446289063 0.00739669799804688 -0.4466552734375 -0.10418701171875
0.0275497436523438 0.019927978515625 -0.18939208984375 -0.477325439453125
0.0268669128417969 0.0274715423583984 0.41351318359375 -0.60736083984375
-0.0314121246337891 0.0262088775634766 1.01934814453125 -0.1422119140625
-0.0676727294921875 -0.0248794555664063 0.75885009765625 0.921875
0.004302978515625 -0.0763778686523438 -0.2578125 1.3995361328125
0.0432815551757812 0.00931549072265625 -0.79296875 0.7005615234375
0.0566139221191406 0.0496253967285156 0.0542640686035156 0.0407333374023438
0.03302001953125 -0.00922393798828125 0.82159423828125 -0.8084716796875
0.0151653289794922 -0.0270175933837891 0.0336914062500001 -1.4483642578125
-0.0389060974121094 -0.0135536193847656 -1.06256103515625 -0.66448974609375
-0.0337963104248047 -0.00726127624511718 -0.892333984375 0.439208984375
0.0205860137939453 0.0129489898681641 -0.25274658203125 0.75299072265625
0.0143957138061523 0.00951862335205078 0.300201416015625 0.455474853515625
0.0391502380371094 -0.0104713439941406 0.491607666015625 0.056060791015625
0.0397529602050781 -0.00615692138671875 -0.444000244140625 -0.102630615234375
0.0281734466552734 0.0122814178466797 -0.192230224609375 -0.473541259765625
0.0441741943359375 0.0253486633300781 0.4114990234375 -0.5968017578125
-0.00442886352539063 0.0346469879150391 1.01837158203125 -0.1270751953125
-0.0521202087402344 -0.0130882263183594 0.747802734375 0.928466796875
0.00438690185546875 -0.0721969604492188 -0.2811279296875 1.392822265625
0.0427093505859375 0.000972747802734375 -0.8006591796875 0.68927001953125
0.0644989013671875 0.0381507873535156 0.0524940490722656 0.0368080139160156
0.0318756103515625 -0.0161914825439453 0.811279296875 -0.81414794921875
0.016937255859375 -0.0234775543212891 0.027099609375 -1.4393310546875
-0.0196685791015625 -0.00188064575195313 -1.06182861328125 -0.648193359375
-0.00764989852905274 -0.00704336166381836 -0.8837890625 0.44952392578125
0.0357017517089844 0.00951766967773438 -0.24188232421875 0.753173828125
0.014216423034668 -0.000914573669433594 0.307373046875 0.4512939453125
0.029571533203125 -0.0227375030517578 0.4931640625 0.048553466796875
0.0346546173095703 -0.022003173828125 -0.445831298828125 -0.103485107421875
0.0303306579589844 0.00268745422363281 -0.198516845703125 -0.477142333984375
0.0637969970703125 0.0222702026367188 0.40008544921875 -0.6029052734375
0.0224151611328125 0.0424461364746094 1.01513671875 -0.1419677734375
-0.0350723266601563 0.00368499755859375 0.76031494140625 0.9178466796875
0.00615692138671875 -0.0680389404296875 -0.2630615234375 1.393798828125
0.0439224243164063 -0.010009765625 -0.79583740234375 0.69586181640625
0.07012939453125 0.0248527526855469 0.0496063232421875 0.0365486145019531
0.0326213836669922 -0.0265254974365234 0.8114013671875 -0.81475830078125
0.0223369598388672 -0.0167331695556641 0.0297851562499999 -1.442138671875
-5.05447387695308E-05 0.0102806091308594 -1.06201171875 -0.64984130859375
0.0188865661621094 -0.00716590881347656 -0.88177490234375 0.4486083984375
0.0527915954589844 0.00680923461914063 -0.2452392578125 0.75469970703125
0.0121660232543945 -0.0115432739257813 0.30169677734375 0.44915771484375
0.021484375 -0.0383949279785156 0.493865966796875 0.044921875
0.0301570892333984 -0.0347023010253906 -0.44903564453125 -0.105224609375
0.0287361145019531 -0.00724411010742188 -0.210235595703125 -0.485626220703125
0.0797195434570313 0.018280029296875 0.380615234375 -0.6170654296875
0.0476875305175781 0.0481491088867188 1.00299072265625 -0.17083740234375
-0.0218753814697266 0.0175609588623047 0.77587890625 0.8917236328125
0.00658035278320312 -0.0621337890625 -0.2314453125 1.3934326171875
0.0434646606445313 -0.0203399658203125 -0.7830810546875 0.7110595703125
0.076202392578125 0.0123443603515625 0.0465660095214844 0.0438690185546875
0.0331764221191406 -0.0320415496826172 0.8223876953125 -0.80029296875
0.0248355865478516 -0.0107345581054687 0.0593261718749999 -1.44677734375
0.0161361694335938 0.0222091674804687 -1.05120849609375 -0.67919921875
0.042022705078125 -0.00641250610351563 -0.90087890625 0.42559814453125
0.0663223266601563 0.00569915771484375 -0.2642822265625 0.7425537109375
0.0128650665283203 -0.0205020904541016 0.28900146484375 0.446197509765625
0.0164108276367187 -0.051513671875 0.48870849609375 0.042205810546875
0.0281448364257813 -0.0436782836914063 -0.45501708984375 -0.11053466796875
0.0282192230224609 -0.0176048278808594 -0.225433349609375 -0.496337890625
0.0875930786132813 0.0145950317382813 0.354248046875 -0.64007568359375
0.0655555725097656 0.0510902404785156 0.99041748046875 -0.208984375
-0.0102062225341797 0.0272159576416016 0.80218505859375 0.8563232421875
0.005645751953125 -0.0566368103027344 -0.1849365234375 1.3885498046875
0.042205810546875 -0.0272216796875 -0.76251220703125 0.7322998046875
0.0791397094726563 0.00262451171875 0.0414314270019531 0.0563201904296875
0.0342903137207031 -0.0373725891113281 0.84613037109375 -0.77972412109375
0.0291118621826172 -0.00584983825683594 0.109375 -1.454833984375
0.0275688171386719 0.0307884216308594 -1.0360107421875 -0.72076416015625
0.0566558837890625 -0.00390625 -0.92529296875 0.39044189453125
0.0772476196289063 0.0045928955078125 -0.292236328125 0.7247314453125
0.0123615264892578 -0.0285491943359375 0.273895263671875 0.439544677734375
0.0139541625976562 -0.0636863708496094 0.4814453125 0.0379638671875
0.02838134765625 -0.0499343872070313 -0.464111328125 -0.111846923828125
0.0246753692626953 -0.0235958099365234 -0.240203857421875 -0.5057373046875
0.0884857177734375 0.00984954833984375 0.322509765625 -0.6634521484375
0.0714111328125 0.0495986938476563 0.9693603515625 -0.25653076171875
-0.00489044189453125 0.0320014953613281 0.82586669921875 0.81268310546875
0.00679397583007813 -0.0535888671875 -0.125732421875 1.38427734375
0.0429763793945313 -0.0306282043457031 -0.7364501953125 0.755615234375
0.0801773071289062 -0.00162506103515625 0.037322998046875 0.0714111328125
0.0358963012695313 -0.0407066345214844 0.8765869140625 -0.74945068359375
0.03057861328125 -0.00202560424804688 0.1748046875 -1.4586181640625
0.0311965942382812 0.0380134582519531 -1.01318359375 -0.7735595703125
0.0641860961914063 -0.00103378295898438 -0.95013427734375 0.3470458984375
0.0832748413085938 0.007049560546875 -0.32733154296875 0.70166015625
0.0136165618896484 -0.0323066711425781 0.255615234375 0.429107666015625
0.0117607116699219 -0.069854736328125 0.47406005859375 0.0318603515625
0.0334854125976562 -0.0493011474609375 -0.473236083984375 -0.11370849609375
0.0208301544189453 -0.0271492004394531 -0.257568359375 -0.518157958984375
0.08367919921875 0.00586700439453125 0.291015625 -0.68994140625
0.0676651000976563 0.0450439453125 0.9449462890625 -0.30999755859375
-0.00551795959472657 0.0327186584472656 0.85382080078125 0.765625
0.00436019897460938 -0.0509910583496094 -0.0632324218749999 1.382080078125
0.0420761108398438 -0.0296897888183594 -0.70391845703125 0.78326416015625
0.0776290893554688 0.00045013427734375 0.032501220703125 0.0863265991210938
0.0374565124511719 -0.039520263671875 0.90411376953125 -0.72308349609375
0.0315876007080078 -0.000638961791992188 0.2352294921875 -1.462646484375
0.0261192321777344 0.0404167175292969 -0.990234375 -0.825439453125
0.0602302551269531 0.00193405151367187 -0.9776611328125 0.30279541015625
0.0818634033203125 0.007171630859375 -0.35919189453125 0.6781005859375
0.0136547088623047 -0.0323543548583984 0.2388916015625 0.422760009765625
0.0185546875 -0.0716476440429688 0.4654541015625 0.030670166015625
0.0387916564941406 -0.0449142456054688 -0.48114013671875 -0.11285400390625
0.0188121795654297 -0.0259876251220703 -0.26861572265625 -0.52447509765625
0.0723037719726563 0.00690460205078125 0.26531982421875 -0.70904541015625
0.0537681579589844 0.0405349731445313 0.92529296875 -0.34661865234375
-0.0131626129150391 0.0270195007324219 0.8736572265625 0.72625732421875
0.00387191772460938 -0.0510749816894531 -0.0122070312500001 1.3753662109375
0.0428466796875 -0.0250396728515625 -0.67669677734375 0.79949951171875
0.0750808715820313 0.00641632080078125 0.0294036865234375 0.100738525390625
0.0380783081054688 -0.0344696044921875 0.92889404296875 -0.6904296875
0.0311985015869141 -0.00160598754882813 0.2901611328125 -1.462890625
0.0165328979492188 0.0351982116699219 -0.9700927734375 -0.869140625
0.0446243286132813 0.00216293334960938 -0.99676513671875 0.26483154296875
0.073272705078125 0.0087890625 -0.38385009765625 0.65631103515625
0.0139026641845703 -0.0295848846435547 0.22705078125 0.415679931640625
0.0218620300292969 -0.0688362121582031 0.459228515625 0.027374267578125
0.0488357543945312 0.00727462768554687 -0.452667236328125 -0.10137939453125
0.0277919769287109 0.0210800170898437 -0.1966552734375 -0.478607177734375
0.0273151397705078 0.0276412963867187 0.412841796875 -0.6163330078125
-0.0314960479736328 0.0271644592285156 1.02850341796875 -0.146728515625
-0.0696258544921875 -0.0248374938964844 0.77069091796875 0.93310546875
0.00398254394531249 -0.0774612426757813 -0.2603759765625 1.416259765625
0.043914794921875 0.0106239318847656 -0.80169677734375 0.7103271484375
0.0562286376953125 0.0527801513671875 0.0532341003417969 0.0419082641601563
0.0323944091796875 -0.00764846801757813 0.82489013671875 -0.81719970703125
0.0164813995361328 -0.0274105072021484 0.0340576171875 -1.461669921875
-0.0382003784179688 -0.0129814147949219 -1.07476806640625 -0.6693115234375
-0.03485107421875 -0.00713348388671875 -0.90081787109375 0.4483642578125
0.0220699310302734 0.0127162933349609 -0.25140380859375 0.76300048828125
0.0153884887695312 0.0110368728637695 0.3070068359375 0.4583740234375
0.0396080017089844 -0.011444091796875 0.498260498046875 0.054412841796875
0.0410346984863281 -0.00718307495117188 -0.450439453125 -0.100616455078125
0.0301342010498047 0.0122509002685547 -0.19775390625 -0.475494384765625
0.0458908081054688 0.0254478454589844 0.4130859375 -0.6043701171875
-0.00443267822265625 0.0342121124267578 1.02703857421875 -0.13262939453125
-0.0532302856445312 -0.0121803283691406 0.7572021484375 0.93804931640625
0.00527954101562501 -0.0739517211914063 -0.2794189453125 1.4085693359375
0.0422554016113281 0.00101089477539063 -0.809814453125 0.69891357421875
0.063934326171875 0.0391578674316406 0.0520286560058594 0.0363082885742188
0.0319480895996094 -0.0159721374511719 0.81805419921875 -0.82464599609375
0.0188827514648438 -0.0217628479003906 0.0245361328124999 -1.45556640625
-0.0198440551757813 -0.00163841247558594 -1.07354736328125 -0.653076171875
-0.00827312469482422 -0.00748872756958008 -0.8907470703125 0.45587158203125
0.0356903076171875 0.00947189331054688 -0.2384033203125 0.76287841796875
0.0148239135742188 0.000226974487304688 0.309722900390625 0.45379638671875
0.0302619934082031 -0.0229988098144531 0.501068115234375 0.04644775390625
0.0355682373046875 -0.0221138000488281 -0.45123291015625 -0.100616455078125
0.0302848815917969 0.000827789306640625 -0.20330810546875 -0.4805908203125
0.0650787353515625 0.0230216979980469 0.40252685546875 -0.60986328125
0.0236358642578125 0.0441322326660156 1.02581787109375 -0.1429443359375
-0.0367889404296875 0.004180908203125 0.77081298828125 0.928955078125
0.00558853149414062 -0.0685272216796875 -0.2603759765625 1.4112548828125
0.0439872741699219 -0.0101509094238281 -0.80499267578125 0.70684814453125
0.0707855224609375 0.0246963500976563 0.048919677734375 0.0376853942871094
0.0314865112304688 -0.0246677398681641 0.81640625 -0.82550048828125
0.0226955413818359 -0.0161247253417969 0.0264892578125001 -1.458740234375
-0.000174522399902343 0.00941944122314453 -1.07598876953125 -0.6534423828125
0.0174064636230469 -0.00641345977783203 -0.89361572265625 0.45611572265625
0.0522918701171875 0.0071258544921875 -0.24383544921875 0.763916015625
0.0132102966308594 -0.0106697082519531 0.307952880859375 0.45281982421875
0.0216445922851563 -0.0389556884765625 0.5010986328125 0.041748046875
0.031951904296875 -0.0367698669433594 -0.45623779296875 -0.103790283203125
0.0302314758300781 -0.00731086730957031 -0.216552734375 -0.486114501953125
0.08050537109375 0.0183563232421875 0.3787841796875 -0.624267578125
0.0479583740234375 0.0499153137207031 1.013427734375 -0.1748046875
-0.0212688446044922 0.0190830230712891 0.7877197265625 0.90277099609375
0.005767822265625 -0.0639991760253906 -0.2301025390625 1.4100341796875
0.0428047180175781 -0.0200386047363281 -0.79022216796875 0.720947265625
0.0757522583007813 0.0124435424804688 0.0457916259765625 0.0446357727050781
0.0329380035400391 -0.0331344604492188 0.8271484375 -0.812255859375
0.0267601013183594 -0.0101947784423828 0.0595703125000001 -1.4642333984375
0.0171966552734375 0.0217933654785156 -1.065673828125 -0.6822509765625
0.0407333374023438 -0.005950927734375 -0.91162109375 0.43316650390625
0.06622314453125 0.006622314453125 -0.263916015625 0.7528076171875
0.0113620758056641 -0.0205230712890625 0.29595947265625 0.44854736328125
0.014617919921875 -0.0518379211425781 0.494903564453125 0.03973388671875
0.0284233093261719 -0.0472526550292969 -0.460052490234375 -0.11041259765625
0.0279827117919922 -0.0177211761474609 -0.230560302734375 -0.499053955078125
0.0893783569335938 0.0146255493164063 0.3538818359375 -0.64593505859375
0.0655784606933594 0.0517463684082031 0.99896240234375 -0.21185302734375
-0.0102653503417969 0.0281181335449219 0.81243896484375 0.86639404296875
0.00687026977539062 -0.0576896667480469 -0.181640625 1.406982421875
0.0440711975097656 -0.0272750854492188 -0.7698974609375 0.739990234375
0.0789566040039063 0.0032501220703125 0.0391387939453125 0.0571060180664063
0.0346450805664063 -0.0377883911132813 0.85308837890625 -0.78857421875
0.0299015045166016 -0.00542449951171875 0.1094970703125 -1.470703125
0.0290107727050781 0.0315494537353516 -1.0496826171875 -0.72613525390625
0.0565414428710937 -0.00381851196289063 -0.9334716796875 0.39703369140625
0.0784835815429688 0.005035400390625 -0.29296875 0.7340087890625
0.0125408172607422 -0.0280857086181641 0.2786865234375 0.441375732421875
0.0109748840332031 -0.0639495849609375 0.48870849609375 0.03643798828125
0.0310096740722656 -0.0512504577636719 -0.4686279296875 -0.10919189453125
0.0255413055419922 -0.0248069763183594 -0.246246337890625 -0.510711669921875
0.090179443359375 0.0098876953125 0.32232666015625 -0.6707763671875
0.0715408325195312 0.0507736206054687 0.975830078125 -0.25909423828125
-0.00329780578613281 0.0331745147705078 0.83892822265625 0.82208251953125
0.00768280029296875 -0.0540008544921875 -0.1217041015625 1.3990478515625
0.0430145263671875 -0.0309257507324219 -0.741455078125 0.7652587890625
0.0810546875 0.000885009765625 0.035614013671875 0.0712051391601563
0.0366783142089844 -0.0401268005371094 0.88189697265625 -0.759033203125
0.0316028594970703 -0.00241279602050781 0.173828125 -1.4755859375
0.0326576232910156 0.037841796875 -1.0262451171875 -0.77813720703125
0.0647201538085938 0.00030517578125 -0.95794677734375 0.35552978515625
0.0834579467773438 0.00618743896484375 -0.32537841796875 0.71124267578125
0.0142097473144531 -0.03143310546875 0.259857177734375 0.43536376953125
0.01336669921875 -0.0703582763671875 0.480560302734375 0.02935791015625
0.0345344543457031 -0.0504150390625 -0.4793701171875 -0.110626220703125
0.021331787109375 -0.0266532897949219 -0.264129638671875 -0.520416259765625
0.0853347778320313 0.00669097900390625 0.29052734375 -0.69512939453125
0.0681114196777344 0.0460052490234375 0.95526123046875 -0.31268310546875
-0.00625991821289062 0.0317630767822266 0.86572265625 0.7734375
0.00473785400390625 -0.05255126953125 -0.0598144531250001 1.39794921875
0.0425567626953125 -0.0307540893554687 -0.7142333984375 0.7939453125
0.0783767700195313 3.814697265625E-05 0.0307464599609375 0.0871963500976563
0.0358161926269531 -0.0391426086425781 0.9105224609375 -0.729248046875
0.0314655303955078 -0.00154685974121094 0.237548828125 -1.4803466796875
0.0284385681152344 0.0402984619140625 -1.005126953125 -0.8319091796875
0.0607986450195312 0.00190353393554687 -0.98431396484375 0.3115234375
0.0809707641601562 0.008331298828125 -0.36004638671875 0.68841552734375
0.0142822265625 -0.0311641693115234 0.243927001953125 0.426361083984375
0.0164413452148437 -0.0730743408203125 0.471954345703125 0.027496337890625
0.0387802124023438 -0.0466117858886719 -0.488555908203125 -0.11175537109375
0.0206050872802734 -0.0257720947265625 -0.277130126953125 -0.52880859375
0.0742950439453125 0.00594329833984375 0.26202392578125 -0.71832275390625
0.0542831420898437 0.0425834655761719 0.9317626953125 -0.35040283203125
-0.0137062072753906 0.0275421142578125 0.885986328125 0.7337646484375
0.00342941284179688 -0.0528488159179687 -0.0098876953124999 1.390869140625
0.0434684753417969 -0.0260963439941406 -0.68896484375 0.81146240234375
0.0751190185546875 0.00678253173828125 0.0286026000976563 0.101402282714844
0.0377006530761719 -0.0337944030761719 0.94049072265625 -0.69915771484375
0.0316524505615234 -0.0016632080078125 0.29296875 -1.4739990234375
0.017242431640625 0.0346126556396484 -0.97918701171875 -0.877685546875
0.0467033386230469 0.00160598754882813 -1.005859375 0.26776123046875
0.0743026733398438 0.0085906982421875 -0.3846435546875 0.6644287109375
0.0144805908203125 -0.0281639099121094 0.231048583984375 0.420989990234375
0.0233955383300781 -0.0696296691894531 0.464263916015625 0.025299072265625
0.0481681823730469 0.00697708129882812 -0.458831787109375 -0.0989379882812499
0.027099609375 0.0204334259033203 -0.2027587890625 -0.478912353515625
0.0271892547607422 0.0270843505859375 0.4119873046875 -0.62493896484375
-0.0316028594970703 0.0276603698730469 1.03594970703125 -0.15020751953125
-0.0702476501464844 -0.0262069702148438 0.7857666015625 0.93988037109375
0.00416564941406251 -0.0796966552734375 -0.2559814453125 1.435791015625
0.0422286987304688 0.0108833312988281 -0.80706787109375 0.7213134765625
0.0571022033691406 0.0529708862304688 0.0531234741210938 0.0407218933105469
0.0305595397949219 -0.005767822265625 0.83294677734375 -0.8271484375
0.0185165405273438 -0.0287017822265625 0.0279541015625001 -1.47802734375
-0.038299560546875 -0.0153274536132813 -1.08990478515625 -0.670654296875
-0.0360984802246094 -0.007568359375 -0.9078369140625 0.4569091796875
0.0215644836425781 0.0120563507080078 -0.2484130859375 0.772216796875
0.0135688781738281 0.0106515884399414 0.313140869140625 0.459075927734375
0.0388450622558594 -0.0117340087890625 0.50469970703125 0.050537109375
0.0416984558105469 -0.00756072998046875 -0.456085205078125 -0.0982666015624999
0.0307083129882813 0.01141357421875 -0.20513916015625 -0.478179931640625
0.0470466613769531 0.026031494140625 0.41131591796875 -0.61065673828125
-0.00500106811523438 0.0363044738769531 1.03741455078125 -0.1375732421875
-0.05389404296875 -0.0126419067382812 0.772216796875 0.94720458984375
0.00514984130859374 -0.0742645263671875 -0.2752685546875 1.4295654296875
0.0429801940917969 0.00136184692382812 -0.819580078125 0.7088623046875
0.0647392272949219 0.0403861999511719 0.0513343811035156 0.0374603271484375
0.0306129455566406 -0.0134716033935547 0.8226318359375 -0.83685302734375
0.0188999176025391 -0.0228958129882813 0.0203857421875 -1.4713134765625
-0.01800537109375 -0.00133323669433594 -1.08660888671875 -0.653076171875
-0.00978279113769531 -0.00667190551757812 -0.89703369140625 0.4659423828125
0.0367469787597656 0.0102920532226563 -0.2352294921875 0.7735595703125
0.0131521224975586 0.000616073608398438 0.31964111328125 0.45709228515625
0.0281181335449219 -0.0232467651367188 0.507293701171875 0.041961669921875
0.0350494384765625 -0.0243053436279297 -0.459686279296875 -0.098358154296875
0.0309524536132813 0.00198173522949219 -0.21197509765625 -0.48553466796875
0.0653076171875 0.0219650268554688 0.40155029296875 -0.61700439453125
0.0240440368652344 0.0463027954101563 1.035888671875 -0.1473388671875
-0.0374603271484375 0.00525665283203125 0.7852783203125 0.93719482421875
0.00563049316406251 -0.0716629028320312 -0.2562255859375 1.4288330078125
0.0442886352539063 -0.00823211669921875 -0.81201171875 0.71856689453125
0.0715179443359375 0.027557373046875 0.0479965209960938 0.0358810424804688
0.0315170288085938 -0.0224056243896484 0.822021484375 -0.8360595703125
0.0234642028808594 -0.0159091949462891 0.0225830078125 -1.4759521484375
0.00111293792724609 0.0104141235351563 -1.09173583984375 -0.65643310546875
0.0175571441650391 -0.0072174072265625 -0.9002685546875 0.46563720703125
0.0521888732910156 0.00911331176757813 -0.24127197265625 0.7733154296875
0.0156145095825195 -0.0113925933837891 0.31585693359375 0.4573974609375
0.0205764770507813 -0.0401611328125 0.50616455078125 0.0377197265625
0.0306053161621094 -0.0372085571289063 -0.46099853515625 -0.0996093750000001
0.0315170288085938 -0.00812149047851563 -0.222442626953125 -0.48834228515625
0.080596923828125 0.0165786743164063 0.37823486328125 -0.63104248046875
0.0483131408691406 0.0513763427734375 1.0230712890625 -0.1796875
-0.0216026306152344 0.0196647644042969 0.80224609375 0.9093017578125
0.0060272216796875 -0.0622787475585938 -0.2242431640625 1.42626953125
0.0440483093261719 -0.0214691162109375 -0.79998779296875 0.73175048828125
0.0760116577148438 0.0141677856445313 0.0439567565917969 0.0438232421875
0.0327053070068359 -0.0309181213378906 0.83514404296875 -0.82373046875
0.0269241333007812 -0.009735107421875 0.0568847656249999 -1.4798583984375
0.0199146270751953 0.0208988189697266 -1.07904052734375 -0.68280029296875
0.0404739379882813 -0.00558090209960938 -0.9140625 0.443359375
0.066619873046875 0.00435638427734375 -0.261474609375 0.7637939453125
0.0144271850585938 -0.0181713104248047 0.3028564453125 0.450469970703125
0.0149955749511719 -0.0524139404296875 0.5023193359375 0.036102294921875
0.0305213928222656 -0.0477714538574219 -0.467132568359375 -0.1068115234375
0.0288772583007813 -0.0179576873779297 -0.238983154296875 -0.501678466796875
0.0900039672851563 0.0121994018554688 0.35211181640625 -0.6552734375
0.0660743713378906 0.0552825927734375 1.00750732421875 -0.2186279296875
-0.0102634429931641 0.0283050537109375 0.8253173828125 0.8736572265625
0.00627899169921875 -0.06060791015625 -0.1754150390625 1.4248046875
0.042999267578125 -0.0268096923828125 -0.7772216796875 0.752685546875
0.0788421630859375 0.00566864013671875 0.0408248901367188 0.058319091796875
0.0343475341796875 -0.0362358093261719 0.85894775390625 -0.80010986328125
0.0301742553710938 -0.00569343566894531 0.1036376953125 -1.485595703125
0.0303878784179687 0.0327281951904297 -1.064453125 -0.72821044921875
0.0566062927246094 -0.00435638427734375 -0.9412841796875 0.40533447265625
0.0792999267578125 0.00516510009765625 -0.2889404296875 0.743408203125
0.0118808746337891 -0.0262546539306641 0.28717041015625 0.4482421875
0.0121040344238281 -0.0638961791992188 0.49273681640625 0.032379150390625
0.0319137573242188 -0.0514144897460937 -0.477203369140625 -0.106536865234375
0.0268192291259766 -0.0238933563232422 -0.253753662109375 -0.51202392578125
0.0933609008789063 0.00768280029296875 0.319091796875 -0.67779541015625
0.07452392578125 0.05096435546875 0.98602294921875 -0.26763916015625
-0.00359344482421875 0.0345211029052734 0.85137939453125 0.828125
0.00628662109375 -0.0557632446289062 -0.119140625 1.4168701171875
0.0445137023925781 -0.0317802429199219 -0.7486572265625 0.7769775390625
0.0818099975585938 -3.0517578125E-05 0.0338821411132813 0.0718765258789063
0.0374526977539063 -0.0378875732421875 0.8890380859375 -0.76983642578125
0.0324134826660156 0.000255584716796875 0.171142578125 -1.4927978515625
0.0340042114257813 0.0381355285644531 -1.04168701171875 -0.78094482421875
0.0641059875488281 -0.00180435180664062 -0.96807861328125 0.36407470703125
0.0842132568359375 0.006134033203125 -0.32421875 0.720703125
0.0150089263916016 -0.0319175720214844 0.266357421875 0.436767578125
0.00942230224609374 -0.07147216796875 0.486236572265625 0.028656005859375
0.0324668884277344 -0.052398681640625 -0.48773193359375 -0.106781005859375
0.0214595794677734 -0.0264072418212891 -0.273101806640625 -0.52294921875
0.0870513916015625 0.0073089599609375 0.28582763671875 -0.70440673828125
0.0696372985839844 0.0473289489746094 0.9625244140625 -0.31890869140625
-0.00531959533691406 0.0341320037841797 0.87835693359375 0.7794189453125
0.00646591186523438 -0.0521507263183594 -0.0538330078125 1.41455078125
0.043365478515625 -0.031341552734375 -0.71527099609375 0.80389404296875
0.0798416137695312 -0.0001373291015625 0.031280517578125 0.0908660888671875
0.0372505187988281 -0.0373992919921875 0.91851806640625 -0.7376708984375
0.0344009399414063 -0.000127792358398438 0.235107421875 -1.4908447265625
0.0289306640625 0.0388565063476563 -1.0177001953125 -0.836181640625
0.0602684020996094 0.00360488891601563 -0.9957275390625 0.31982421875
0.0809707641601563 0.0082855224609375 -0.35723876953125 0.69757080078125
0.015869140625 -0.0310726165771484 0.249420166015625 0.42962646484375
0.0136337280273438 -0.0726852416992188 0.4774169921875 0.025543212890625
0.0401725769042969 -0.0456733703613281 -0.496734619140625 -0.108795166015625
0.019927978515625 -0.0242042541503906 -0.284698486328125 -0.531494140625
0.0737152099609375 0.0055084228515625 0.26104736328125 -0.72540283203125
0.0534439086914063 0.0415306091308594 0.9398193359375 -0.35845947265625
-0.0119895935058594 0.0287113189697266 0.89874267578125 0.74163818359375
0.00169754028320312 -0.0529594421386719 -0.00354003906250007 1.40673828125
0.0445976257324219 -0.0261497497558594 -0.68994140625 0.8231201171875
0.0749130249023438 0.00762176513671875 0.0286483764648438 0.103080749511719
0.0383834838867187 -0.031890869140625 0.945068359375 -0.708251953125
0.032470703125 -0.00200080871582031 0.2894287109375 -1.49267578125
0.0187530517578125 0.0354270935058594 -0.99615478515625 -0.87799072265625
0.0464744567871094 0.00220870971679687 -1.016357421875 0.27703857421875
0.0734100341796875 0.010040283203125 -0.384521484375 0.67578125
0.0142803192138672 -0.0298175811767578 0.2379150390625 0.421661376953125
0.0193138122558594 -0.0701255798339844 0.46807861328125 0.02264404296875
0.0514793395996094 0.004730224609375 -0.467529296875 -0.0956115722656251
0.0301990509033203 0.0199623107910156 -0.212371826171875 -0.484283447265625
0.0288753509521484 0.0265064239501953 0.4078369140625 -0.630859375
-0.033111572265625 0.0285453796386719 1.0491943359375 -0.1583251953125
-0.0719223022460938 -0.0244369506835937 0.79986572265625 0.94818115234375
0.00400543212890625 -0.0807113647460938 -0.24560546875 1.4544677734375
0.0437469482421875 0.0109291076660156 -0.8134765625 0.73468017578125
0.0595893859863281 0.0549812316894531 0.0516548156738281 0.0428428649902344
0.0322170257568359 -0.00589370727539063 0.835693359375 -0.841552734375
0.0177993774414063 -0.0274772644042969 0.0225830078124999 -1.4927978515625
-0.0380096435546875 -0.0136222839355469 -1.10528564453125 -0.670166015625
-0.0365829467773438 -0.0071563720703125 -0.9129638671875 0.46929931640625
0.0209331512451172 0.0126399993896484 -0.24420166015625 0.78253173828125
0.0163946151733398 0.0106716156005859 0.322265625 0.463165283203125
0.03790283203125 -0.0114059448242188 0.511199951171875 0.046173095703125
0.04296875 -0.00690841674804688 -0.46405029296875 -0.095184326171875
0.0327510833740234 0.0109825134277344 -0.2127685546875 -0.4815673828125
0.047454833984375 0.0252342224121094 0.410888671875 -0.61859130859375
-0.00363540649414063 0.0377960205078125 1.04974365234375 -0.1444091796875
-0.055328369140625 -0.0117340087890625 0.78912353515625 0.9537353515625
0.00514221191406249 -0.0771484375 -0.26953125 1.4453125
0.0438346862792969 0.000797271728515625 -0.82489013671875 0.72137451171875
0.0668525695800781 0.0418548583984375 0.0504150390625 0.0365219116210938
0.0333137512207031 -0.0137653350830078 0.8250732421875 -0.84716796875
0.0203895568847656 -0.0217533111572266 0.0126953125000001 -1.489013671875
-0.0184249877929687 -0.000923156738281248 -1.10302734375 -0.65277099609375
-0.00908184051513672 -0.00494670867919922 -0.90423583984375 0.4798583984375
0.0369033813476563 0.00966262817382813 -0.2322998046875 0.78399658203125
0.0153579711914062 0.000445365905761719 0.324920654296875 0.46038818359375
0.027587890625 -0.0235862731933594 0.5137939453125 0.03692626953125
0.0360450744628906 -0.0236320495605469 -0.464111328125 -0.0942993164062501
0.0319156646728516 0.001068115234375 -0.218170166015625 -0.48406982421875
0.0666656494140625 0.0229377746582031 0.39862060546875 -0.62518310546875
0.0244483947753906 0.0462303161621094 1.04595947265625 -0.15802001953125
-0.0368919372558594 0.00569534301757812 0.79815673828125 0.94403076171875
0.00557708740234376 -0.07147216796875 -0.2496337890625 1.4482421875
0.0439491271972656 -0.010833740234375 -0.81951904296875 0.72991943359375
0.0738143920898438 0.0275192260742188 0.0479965209960938 0.0378189086914063
0.0319976806640625 -0.0217323303222656 0.826416015625 -0.84979248046875
0.0242977142333984 -0.0141925811767578 0.0159912109374999 -1.488525390625
0.00234222412109375 0.0103397369384766 -1.10662841796875 -0.6544189453125
0.0179996490478516 -0.00675582885742188 -0.90435791015625 0.4783935546875
0.0535240173339844 0.00597763061523438 -0.2359619140625 0.78607177734375
0.0119838714599609 -0.00888252258300781 0.322662353515625 0.45697021484375
0.0198745727539062 -0.038421630859375 0.51416015625 0.035491943359375
0.0322723388671875 -0.0380363464355469 -0.47113037109375 -0.096160888671875
0.0325260162353516 -0.00954818725585938 -0.233154296875 -0.492095947265625
0.0847244262695313 0.0181350708007813 0.3765869140625 -0.63873291015625
0.0481948852539063 0.0513420104980469 1.031982421875 -0.187744140625
-0.0225944519042969 0.0190448760986328 0.81683349609375 0.918212890625
0.00644683837890625 -0.0656242370605469 -0.218017578125 1.4443359375
0.0431442260742188 -0.0227737426757813 -0.804443359375 0.7457275390625
0.0776596069335938 0.0148086547851563 0.0429458618164063 0.045928955078125
0.0315341949462891 -0.031005859375 0.8372802734375 -0.83599853515625
0.0287895202636719 -0.00958633422851563 0.0441894531250001 -1.4971923828125
0.0192432403564453 0.0224266052246094 -1.094970703125 -0.68048095703125
0.0421180725097656 -0.0068817138671875 -0.9212646484375 0.4552001953125
0.0680198669433594 0.00466537475585938 -0.256591796875 0.7730712890625
0.0132503509521484 -0.0209312438964844 0.30828857421875 0.45465087890625
0.0123786926269531 -0.053436279296875 0.508575439453125 0.030609130859375
0.0300025939941406 -0.04901123046875 -0.474517822265625 -0.10235595703125
0.0305080413818359 -0.0184707641601563 -0.248748779296875 -0.50341796875
0.0924911499023438 0.01312255859375 0.3482666015625 -0.662109375
0.0679931640625 0.0540313720703125 1.01605224609375 -0.22735595703125
-0.0103912353515625 0.0289821624755859 0.84100341796875 0.88031005859375
0.00706481933593751 -0.0611763000488281 -0.1666259765625 1.441650390625
0.0437545776367188 -0.028717041015625 -0.7818603515625 0.76739501953125
0.0808944702148437 0.00490570068359375 0.03839111328125 0.0568199157714844
0.034393310546875 -0.0366287231445313 0.864990234375 -0.81268310546875
0.0317440032958984 -0.00479316711425781 0.0966796874999999 -1.5028076171875
0.0315494537353516 0.031768798828125 -1.08074951171875 -0.72906494140625
0.05877685546875 -0.00336074829101563 -0.94744873046875 0.41851806640625
0.0796737670898438 0.0043182373046875 -0.28704833984375 0.75640869140625
0.0134868621826172 -0.0282688140869141 0.29290771484375 0.448638916015625
0.0105056762695313 -0.0653190612792969 0.501953125 0.029388427734375
0.0300559997558594 -0.0536384582519531 -0.48406982421875 -0.103973388671875
0.0260524749755859 -0.0254020690917969 -0.26361083984375 -0.514190673828125
0.094085693359375 0.007110595703125 0.31695556640625 -0.68701171875
0.0745620727539063 0.0529327392578125 0.99444580078125 -0.27520751953125
-0.00389480590820313 0.0339775085449219 0.8648681640625 0.83392333984375
0.00620651245117187 -0.0579338073730469 -0.1097412109375 1.43505859375
0.0444679260253906 -0.0319900512695313 -0.7525634765625 0.79156494140625
0.0823135375976563 0.0008087158203125 0.0336532592773438 0.0741500854492188
0.0365257263183594 -0.0393028259277344 0.89654541015625 -0.78143310546875
0.0333137512207031 -0.00196075439453125 0.163818359375 -1.5048828125
0.0356941223144531 0.0374984741210938 -1.056884765625 -0.78271484375
0.0643501281738281 -0.00145721435546875 -0.974609375 0.3751220703125
0.0855178833007813 0.0055999755859375 -0.31903076171875 0.73089599609375
0.0135364532470703 -0.0311470031738281 0.273956298828125 0.43798828125
0.0103225708007812 -0.072540283203125 0.49261474609375 0.021026611328125
0.0345726013183594 -0.0529975891113281 -0.49456787109375 -0.103759765625
0.0234489440917969 -0.0281867980957031 -0.28228759765625 -0.52520751953125
0.0882949829101563 0.00324249267578125 0.28363037109375 -0.71209716796875
0.0699844360351563 0.0482673645019531 0.97125244140625 -0.32763671875
-0.00542831420898437 0.0346088409423828 0.8935546875 0.7840576171875
0.00418090820312499 -0.0553092956542969 -0.044921875 1.4298095703125
0.0441551208496094 -0.0322799682617188 -0.72283935546875 0.81805419921875
0.0798568725585938 0.00266265869140625 0.0288467407226562 0.0904388427734375
0.0371513366699219 -0.0377922058105469 0.921875 -0.7528076171875
0.0350914001464844 -0.00038909912109375 0.2276611328125 -1.510986328125
0.0313034057617187 0.0407676696777344 -1.03680419921875 -0.83740234375
0.0610580444335938 0.001190185546875 -1.00042724609375 0.33123779296875
0.0834426879882813 0.005584716796875 -0.3538818359375 0.70941162109375
0.0155467987060547 -0.0322895050048828 0.255645751953125 0.431060791015625
0.0156478881835938 -0.0755538940429688 0.483978271484375 0.021209716796875
0.0399703979492187 -0.0474662780761719 -0.504150390625 -0.104095458984375
0.0209636688232422 -0.0261058807373047 -0.2940673828125 -0.5322265625
0.0756072998046875 0.0038604736328125 0.255615234375 -0.73175048828125
0.0560188293457031 0.0445823669433594 0.94793701171875 -0.36895751953125
-0.0141620635986328 0.0289154052734375 0.91387939453125 0.7432861328125
0.0048980712890625 -0.0557060241699219 0.00646972656249999 1.4210205078125
0.0430335998535156 -0.0280265808105469 -0.69677734375 0.83624267578125
0.0773696899414063 0.00975799560546875 0.027099609375 0.106559753417969
0.0369224548339844 -0.0317153930664063 0.9512939453125 -0.72265625
0.0352592468261719 -0.00169754028320313 0.28466796875 -1.5087890625
0.0201644897460938 0.0356330871582031 -1.01226806640625 -0.88226318359375
0.0456809997558594 0.00186538696289063 -1.02276611328125 0.2911376953125
0.0756683349609375 0.00835418701171875 -0.382568359375 0.6839599609375
0.0158729553222656 -0.027801513671875 0.24371337890625 0.42620849609375
0.0197410583496094 -0.0698089599609375 0.47784423828125 0.01849365234375
0.0518569946289063 0.00514602661132813 -0.47442626953125 -0.091827392578125
0.0328903198242188 0.0207290649414062 -0.2198486328125 -0.48516845703125
0.0294399261474609 0.0283489227294922 0.4090576171875 -0.63934326171875
-0.0326519012451172 0.0324649810791016 1.056640625 -0.1676025390625
-0.0715713500976563 -0.0247116088867187 0.82037353515625 0.9522705078125
0.00342559814453125 -0.08184814453125 -0.2325439453125 1.4713134765625
0.0433883666992187 0.0107307434082031 -0.81683349609375 0.74755859375
0.0593185424804687 0.05706787109375 0.0519180297851563 0.0410957336425781
0.0313320159912109 -0.0037078857421875 0.83697509765625 -0.85772705078125
0.018890380859375 -0.0280685424804687 0.00891113281249986 -1.5081787109375
-0.0383110046386719 -0.0139923095703125 -1.1212158203125 -0.66546630859375
-0.0371055603027344 -0.00574493408203125 -0.91717529296875 0.485107421875
0.0217037200927734 0.0121078491210938 -0.2371826171875 0.79248046875
0.0164108276367188 0.0121946334838867 0.329986572265625 0.46551513671875
0.0370521545410156 -0.0131187438964844 0.51934814453125 0.0391845703125
0.0432662963867188 -0.00817489624023438 -0.469757080078125 -0.0880737304687501
0.0339317321777344 0.0125617980957031 -0.221893310546875 -0.48321533203125
0.0492935180664063 0.0248031616210938 0.4078369140625 -0.62799072265625
-0.00379180908203125 0.0396804809570313 1.05804443359375 -0.15191650390625
-0.0556716918945312 -0.0101432800292969 0.80419921875 0.95892333984375
0.00490570068359375 -0.0768814086914063 -0.2562255859375 1.4609375
0.0436820983886719 0.000980377197265625 -0.82867431640625 0.7373046875
0.0669403076171875 0.0433425903320313 0.0498924255371094 0.0379981994628906
0.0313701629638672 -0.0123615264892578 0.82769775390625 -0.86431884765625
0.0203342437744141 -0.0216808319091797 0.00170898437499995 -1.5037841796875
-0.0178623199462891 -0.00218391418457032 -1.1226806640625 -0.6473388671875
-0.0106096267700195 -0.00505733489990234 -0.9073486328125 0.49169921875
0.0381507873535156 0.0090789794921875 -0.22515869140625 0.79437255859375
0.0158376693725586 0.0014495849609375 0.333648681640625 0.46087646484375
0.0273056030273438 -0.0247707366943359 0.522308349609375 0.033843994140625
0.0363731384277344 -0.0247306823730469 -0.472320556640625 -0.0905151367187499
0.0340919494628906 0.000732421875 -0.230133056640625 -0.48651123046875
0.0687637329101562 0.02093505859375 0.39556884765625 -0.63348388671875
0.0252914428710938 0.0477676391601563 1.05609130859375 -0.1669921875
-0.0372390747070313 0.00482940673828124 0.8157958984375 0.94818115234375
0.0062103271484375 -0.0726852416992188 -0.2392578125 1.46435546875
0.0428619384765625 -0.0104942321777344 -0.8223876953125 0.7459716796875
0.0736770629882812 0.0289688110351562 0.0482940673828125 0.0369453430175781
0.0305099487304688 -0.0221023559570313 0.82574462890625 -0.86492919921875
0.0239505767822266 -0.0160350799560547 0.00134277343749988 -1.5057373046875
0.00364494323730469 0.00968360900878906 -1.1229248046875 -0.64898681640625
0.0175151824951172 -0.00638294219970703 -0.90966796875 0.4927978515625
0.0549583435058594 0.00603485107421875 -0.2298583984375 0.7945556640625
0.0143337249755859 -0.010371208190918 0.330596923828125 0.458251953125
0.0177421569824219 -0.0388259887695313 0.519744873046875 0.02801513671875
0.0311470031738281 -0.0389556884765625 -0.47711181640625 -0.0933837890625001
0.0336246490478516 -0.010406494140625 -0.24176025390625 -0.491546630859375
0.0844039916992188 0.0165939331054688 0.37152099609375 -0.64959716796875
0.0513877868652344 0.0518836975097656 1.04132080078125 -0.19891357421875
-0.0233821868896484 0.0189743041992187 0.833740234375 0.92132568359375
0.00685501098632812 -0.0656166076660156 -0.2066650390625 1.462646484375
0.0429573059082031 -0.0221023559570313 -0.8076171875 0.76068115234375
0.0784683227539062 0.0154571533203125 0.0422554016113281 0.045318603515625
0.0313186645507812 -0.0309028625488281 0.83837890625 -0.84912109375
0.0298633575439453 -0.0109062194824219 0.0339355468750001 -1.510986328125
0.0205345153808594 0.0213966369628906 -1.111572265625 -0.67864990234375
0.0413742065429688 -0.00666427612304688 -0.9271240234375 0.46868896484375
0.0695114135742188 0.00319290161132813 -0.25018310546875 0.78350830078125
0.0138130187988281 -0.0198383331298828 0.31744384765625 0.453277587890625
0.0111083984375 -0.0544204711914063 0.5152587890625 0.025848388671875
0.0293312072753906 -0.0490798950195313 -0.484527587890625 -0.097564697265625
0.0296878814697266 -0.0190296173095703 -0.257171630859375 -0.505401611328125
0.0933837890625 0.0101089477539063 0.34442138671875 -0.66961669921875
0.0692672729492188 0.0554389953613281 1.02459716796875 -0.2391357421875
-0.0087127685546875 0.031341552734375 0.8597412109375 0.88232421875
0.00656890869140625 -0.06170654296875 -0.15478515625 1.4559326171875
0.0450706481933594 -0.0283164978027344 -0.78314208984375 0.7811279296875
0.0829620361328125 0.0067596435546875 0.0381584167480469 0.0590133666992188
0.0354347229003906 -0.0352439880371094 0.86724853515625 -0.82666015625
0.0340232849121094 -0.0067291259765625 0.0865478515625 -1.5218505859375
0.0323238372802734 0.0298404693603516 -1.0989990234375 -0.723876953125
0.0576629638671875 -0.00345993041992188 -0.954833984375 0.43389892578125
0.0810775756835938 0.0040283203125 -0.27960205078125 0.7669677734375
0.0132102966308594 -0.0268115997314453 0.30072021484375 0.4498291015625
0.00812530517578125 -0.0657806396484375 0.5087890625 0.0225830078125
0.030059814453125 -0.0535011291503906 -0.492156982421875 -0.098663330078125
0.0263385772705078 -0.0247135162353516 -0.274627685546875 -0.515380859375
0.0956573486328125 0.00579833984375 0.31243896484375 -0.6942138671875
0.0753021240234375 0.0542755126953125 1.0025634765625 -0.28851318359375
-0.00307464599609375 0.0357093811035156 0.8826904296875 0.8367919921875
0.00719451904296875 -0.0580482482910156 -0.0965576171875001 1.4508056640625
0.0435867309570313 -0.0332069396972656 -0.7535400390625 0.80657958984375
0.0842742919921875 -6.103515625E-05 0.0342025756835938 0.0739517211914063
0.0364570617675781 -0.0373992919921875 0.8961181640625 -0.7955322265625
0.0357475280761719 -0.00239181518554688 0.1549072265625 -1.5203857421875
0.0376853942871094 0.0373916625976563 -1.075927734375 -0.779541015625
0.0652427673339844 -0.0020904541015625 -0.982666015625 0.3892822265625
0.0872421264648438 0.00441741943359375 -0.31451416015625 0.7406005859375
0.0141181945800781 -0.0307750701904297 0.28173828125 0.44268798828125
0.00919342041015625 -0.0738067626953125 0.49945068359375 0.0169677734375
0.03497314453125 -0.0543289184570313 -0.500762939453125 -0.100555419921875
0.0231571197509766 -0.0285320281982422 -0.292327880859375 -0.525726318359375
0.0899505615234375 0.00336456298828125 0.27886962890625 -0.7197265625
0.072601318359375 0.0497512817382813 0.978271484375 -0.339111328125
-0.00648880004882812 0.0353012084960938 0.911376953125 0.7852783203125
0.00551986694335937 -0.0571365356445313 -0.0306396484374999 1.446044921875
0.0429840087890625 -0.0318374633789063 -0.72418212890625 0.83489990234375
0.0814666748046875 0.002044677734375 0.0291366577148438 0.0913925170898438
0.03729248046875 -0.0358543395996094 0.92559814453125 -0.76885986328125
0.0360641479492188 -0.0004730224609375 0.2176513671875 -1.5299072265625
0.0332221984863281 0.0400009155273438 -1.055908203125 -0.8343505859375
0.062347412109375 0.000553131103515625 -1.0107421875 0.34417724609375
0.0847854614257812 0.0051727294921875 -0.34979248046875 0.7196044921875
0.0157337188720703 -0.0322380065917969 0.2633056640625 0.43414306640625
0.0129165649414063 -0.0770111083984375 0.4903564453125 0.015655517578125
0.0406761169433594 -0.0487327575683594 -0.50921630859375 -0.0985717773437499
0.0230197906494141 -0.0280227661132813 -0.304962158203125 -0.5357666015625
0.07708740234375 0.00380706787109375 0.25103759765625 -0.74249267578125
0.0564041137695313 0.0455474853515625 0.9520263671875 -0.37847900390625
-0.0134181976318359 0.0304603576660156 0.92974853515625 0.74560546875
0.00335693359375 -0.0566558837890625 0.0198974609375001 1.434814453125
0.0415000915527344 -0.0275115966796875 -0.69635009765625 0.852294921875
0.0760269165039063 0.0104217529296875 0.0260238647460938 0.105758666992188
0.0371360778808594 -0.029693603515625 0.95440673828125 -0.73583984375
0.0352745056152344 -0.00175094604492188 0.2781982421875 -1.526611328125
0.020599365234375 0.0352668762207031 -1.033935546875 -0.88116455078125
0.0458030700683594 0.00133132934570313 -1.0347900390625 0.301513671875
0.0760955810546875 0.00650787353515625 -0.37884521484375 0.69732666015625
0.0151615142822266 -0.028045654296875 0.24853515625 0.4278564453125
0.0189437866210938 -0.07281494140625 0.483184814453125 0.0113525390625
0.0520210266113281 0.0036468505859375 -0.47784423828125 -0.082611083984375
0.0321502685546875 0.0193309783935547 -0.232818603515625 -0.48406982421875
0.0294742584228516 0.0251903533935547 0.40386962890625 -0.649658203125
-0.0326137542724609 0.0341873168945313 1.0643310546875 -0.17919921875
-0.0733642578125 -0.022705078125 0.837890625 0.95269775390625
0.00328826904296875 -0.085205078125 -0.2213134765625 1.4873046875
0.0451126098632813 0.01165771484375 -0.81878662109375 0.7620849609375
0.0602264404296875 0.0577011108398438 0.0511589050292969 0.04193115234375
0.0339450836181641 -0.00323486328125 0.833984375 -0.87286376953125
0.0185012817382813 -0.0294418334960937 -0.0054931640625 -1.5216064453125
-0.0376319885253906 -0.0134506225585937 -1.1395263671875 -0.6619873046875
-0.038421630859375 -0.00641632080078125 -0.92095947265625 0.49957275390625
0.0218944549560547 0.0107173919677734 -0.2288818359375 0.80389404296875
0.0180892944335938 0.0132865905761719 0.339569091796875 0.464447021484375
0.0375328063964844 -0.0123710632324219 0.526153564453125 0.03485107421875
0.0442428588867188 -0.00971603393554688 -0.47747802734375 -0.083526611328125
0.034210205078125 0.0119113922119141 -0.2303466796875 -0.48126220703125
0.0490646362304688 0.02447509765625 0.40130615234375 -0.6361083984375
-0.002777099609375 0.0412750244140625 1.065185546875 -0.1654052734375
-0.0552864074707031 -0.00930023193359375 0.8240966796875 0.9598388671875
0.00513458251953126 -0.0789794921875 -0.2421875 1.479736328125
0.0433158874511719 0.0009307861328125 -0.8280029296875 0.7513427734375
0.06805419921875 0.0444107055664063 0.0497055053710938 0.0368385314941406
0.0304355621337891 -0.00977134704589844 0.823974609375 -0.87939453125
0.0202884674072266 -0.0231304168701172 -0.0130615234375001 -1.5159912109375
-0.018341064453125 -0.00199317932128906 -1.1378173828125 -0.64111328125
-0.0117855072021484 -0.00574588775634765 -0.90972900390625 0.508056640625
0.0379104614257813 0.00785446166992188 -0.2178955078125 0.804931640625
0.0157279968261719 0.000788688659667969 0.344268798828125 0.46148681640625
0.0263690948486328 -0.0257606506347656 0.528533935546875 0.0250244140625
0.0362930297851563 -0.0246734619140625 -0.4791259765625 -0.084320068359375
0.0344448089599609 -0.000606536865234375 -0.239593505859375 -0.486846923828125
0.06878662109375 0.0189476013183594 0.39141845703125 -0.64251708984375
0.02618408203125 0.0482902526855469 1.06103515625 -0.1800537109375
-0.0385513305664063 0.0059814453125 0.83587646484375 0.94769287109375
0.00565338134765624 -0.0719223022460938 -0.2236328125 1.4813232421875
0.0436134338378906 -0.0124473571777344 -0.82232666015625 0.76068115234375
0.0755767822265625 0.028289794921875 0.0480995178222656 0.0370750427246094
0.0309410095214844 -0.0203189849853516 0.82208251953125 -0.883056640625
0.0260810852050781 -0.0171489715576172 -0.01171875 -1.5194091796875
0.00458955764770508 0.00844955444335938 -1.1405029296875 -0.6451416015625
0.0159816741943359 -0.00556468963623047 -0.91400146484375 0.5079345703125
0.0551719665527344 0.00537109375 -0.22088623046875 0.80389404296875
0.0142230987548828 -0.00786685943603516 0.33929443359375 0.457977294921875
0.0176582336425781 -0.0419349670410156 0.5245361328125 0.0220947265625
0.0330924987792969 -0.0387153625488281 -0.484771728515625 -0.0863342285156249
0.0333461761474609 -0.0100326538085937 -0.253570556640625 -0.491729736328125
0.0847244262695313 0.0161666870117188 0.3641357421875 -0.65985107421875
0.0514488220214844 0.0527915954589844 1.05059814453125 -0.2119140625
-0.0224647521972656 0.0212421417236328 0.8519287109375 0.92022705078125
0.00773620605468749 -0.0693893432617188 -0.1905517578125 1.4744873046875
0.0416488647460937 -0.0184097290039062 -0.8077392578125 0.7769775390625
0.0796661376953125 0.01806640625 0.0431671142578125 0.0459480285644531
0.0335445404052734 -0.0285873413085937 0.83740234375 -0.864990234375
0.032806396484375 -0.0097808837890625 0.0190429687500001 -1.526123046875
0.0241298675537109 0.0212650299072266 -1.1290283203125 -0.6732177734375
0.0408096313476563 -0.00641632080078125 -0.93060302734375 0.48699951171875
0.07061767578125 0.00560760498046875 -0.2420654296875 0.79376220703125
0.0128746032714844 -0.0190181732177734 0.3282470703125 0.454986572265625
0.0111083984375 -0.0559158325195313 0.523040771484375 0.018218994140625
0.0276107788085937 -0.0508155822753906 -0.490234375 -0.090728759765625
0.0341033935546875 -0.0189495086669922 -0.268157958984375 -0.503173828125
0.094390869140625 0.0102310180664063 0.338134765625 -0.67694091796875
0.0711517333984375 0.05615234375 1.03277587890625 -0.2513427734375
-0.0122394561767578 0.0316905975341797 0.87664794921875 0.8848876953125
0.00653076171875001 -0.0643272399902344 -0.1422119140625 1.471923828125
0.043670654296875 -0.0300865173339844 -0.78631591796875 0.7960205078125
0.08489990234375 0.005828857421875 0.0372123718261719 0.058990478515625
0.0344696044921875 -0.0335216522216797 0.8662109375 -0.83984375
0.0344390869140625 -0.00549888610839844 0.0711669921875002 -1.5306396484375
0.0339450836181641 0.0316791534423828 -1.11822509765625 -0.72003173828125
0.0554695129394531 -0.00471115112304687 -0.9561767578125 0.44976806640625
0.0821609497070313 0.00232696533203125 -0.2735595703125 0.7772216796875
0.0129013061523438 -0.0259475708007812 0.3118896484375 0.448944091796875
0.00626754760742187 -0.0662155151367188 0.513763427734375 0.016265869140625
0.0311737060546875 -0.0555801391601563 -0.49945068359375 -0.09344482421875
0.0291385650634766 -0.0268230438232422 -0.285003662109375 -0.51715087890625
0.0957870483398438 0.00571441650390625 0.30517578125 -0.7020263671875
0.0770950317382813 0.0526962280273438 1.006103515625 -0.30023193359375
-0.00417327880859375 0.0352935791015625 0.89996337890625 0.83416748046875
0.007476806640625 -0.0617523193359375 -0.0800781249999998 1.4656982421875
0.0433769226074219 -0.0311393737792969 -0.75531005859375 0.81988525390625
0.0845870971679688 -0.000274658203125 0.0318069458007813 0.0732650756835938
0.0340538024902344 -0.0366249084472656 0.89544677734375 -0.81256103515625
0.0354881286621094 -0.00172042846679688 0.1395263671875 -1.5369873046875
0.0381317138671875 0.0369529724121094 -1.09405517578125 -0.77569580078125
0.06597900390625 -0.00310897827148438 -0.98529052734375 0.40362548828125
0.0864791870117188 0.00455474853515625 -0.306396484375 0.75384521484375
0.01519775390625 -0.0316123962402344 0.290435791015625 0.44024658203125
0.00901031494140626 -0.0749740600585938 0.504913330078125 0.01116943359375
0.0344772338867188 -0.0551605224609375 -0.5076904296875 -0.0927734375
0.0251293182373047 -0.0298404693603516 -0.303619384765625 -0.525238037109375
0.0894317626953125 0.0008544921875 0.26812744140625 -0.72857666015625
0.0714950561523437 0.0493087768554687 0.98162841796875 -0.3553466796875
-0.00423049926757813 0.0357666015625 0.93035888671875 0.78302001953125
0.00527191162109374 -0.0579757690429688 -0.0125732421875001 1.45849609375
0.0420761108398437 -0.0312614440917969 -0.722412109375 0.85028076171875
0.0809783935546875 0.00269317626953125 0.0279693603515625 0.0913009643554687
0.0359458923339844 -0.0356597900390625 0.92840576171875 -0.78228759765625
0.0391960144042969 -0.000732421875 0.20361328125 -1.543212890625
0.0359458923339844 0.0404243469238281 -1.07122802734375 -0.8299560546875
0.0598793029785156 0.00092315673828125 -1.01611328125 0.3597412109375
0.0864028930664063 0.0059356689453125 -0.34075927734375 0.73175048828125
0.0124797821044922 -0.0315303802490234 0.2728271484375 0.434906005859375
0.01263427734375 -0.0773773193359375 0.496063232421875 0.00872802734374999
0.0394210815429688 -0.049896240234375 -0.517059326171875 -0.0950012207031249
0.0228157043457031 -0.0287246704101562 -0.316009521484375 -0.53546142578125
0.0789337158203125 0.00228118896484375 0.24163818359375 -0.7509765625
0.0565834045410156 0.0437812805175781 0.95538330078125 -0.3936767578125
-0.0139141082763672 0.0308399200439453 0.94830322265625 0.7423095703125
0.00175094604492187 -0.0589256286621094 0.0369873046874999 1.4517822265625
0.04248046875 -0.0292510986328125 -0.69488525390625 0.866943359375
0.0784225463867188 0.00788116455078125 0.026336669921875 0.10760498046875
0.0373954772949219 -0.0293121337890625 0.9539794921875 -0.74993896484375
0.0377655029296875 -0.00362396240234375 0.2607421875 -1.542236328125
0.0236282348632812 0.0335521697998047 -1.04986572265625 -0.87921142578125
0.0456619262695313 0.00164031982421875 -1.03814697265625 0.31646728515625
0.07672119140625 0.0066986083984375 -0.37139892578125 0.7076416015625
0.0153522491455078 -0.0277023315429688 0.25665283203125 0.42919921875
0.016632080078125 -0.071075439453125 0.488189697265625 0.005950927734375
0.0539512634277344 0.00205230712890625 -0.485565185546875 -0.0757141113281249
0.03643798828125 0.0192680358886719 -0.240478515625 -0.4844970703125
0.0322284698486328 0.0280914306640625 0.39404296875 -0.656982421875
-0.0340595245361328 0.0328693389892578 1.0682373046875 -0.19744873046875
-0.0749130249023438 -0.020477294921875 0.8565673828125 0.950927734375
0.00333404541015626 -0.0855865478515625 -0.201904296875 1.5023193359375
0.044677734375 0.0101737976074219 -0.8128662109375 0.77728271484375
0.0629615783691406 0.0594825744628906 0.0503768920898438 0.040008544921875
0.0324592590332031 -0.00128746032714844 0.83087158203125 -0.88714599609375
0.019073486328125 -0.0306930541992187 -0.0233154296874999 -1.53271484375
-0.0371437072753906 -0.0128135681152344 -1.1575927734375 -0.649169921875
-0.0395889282226563 -0.00429916381835937 -0.9205322265625 0.51611328125
0.0208740234375 0.0107975006103516 -0.21575927734375 0.81060791015625
0.0176849365234375 0.0114421844482422 0.348968505859375 0.462158203125
0.0357894897460937 -0.0136795043945313 0.530059814453125 0.0247802734375
0.0422935485839844 -0.00926589965820313 -0.4832763671875 -0.0748596191406249
0.0353775024414063 0.0102310180664063 -0.241943359375 -0.483642578125
0.0494880676269531 0.0238723754882813 0.39642333984375 -0.64593505859375
-0.00418472290039062 0.0420341491699219 1.06927490234375 -0.1800537109375
-0.0577850341796875 -0.008758544921875 0.8419189453125 0.95709228515625
0.0023956298828125 -0.0808181762695313 -0.2261962890625 1.4937744140625
0.042144775390625 8.0108642578125E-05 -0.82476806640625 0.7674560546875
0.0698585510253906 0.0468177795410156 0.0487709045410156 0.0370101928710938
0.0316371917724609 -0.00942039489746094 0.8203125 -0.89422607421875
0.0213737487792969 -0.0227260589599609 -0.0313720703125 -1.5269775390625
-0.017420768737793 -0.00313091278076172 -1.155517578125 -0.6309814453125
-0.0121469497680664 -0.00464630126953125 -0.90789794921875 0.52630615234375
0.0378265380859375 0.00956344604492188 -0.205322265625 0.8123779296875
0.0185623168945313 0.00200843811035156 0.354095458984375 0.459503173828125
0.0257339477539063 -0.0246105194091797 0.532012939453125 0.01727294921875
0.0378684997558594 -0.0273246765136719 -0.48480224609375 -0.0767517089843749
0.0354270935058594 -6.866455078125E-05 -0.2490234375 -0.48419189453125
0.0720138549804687 0.0177230834960937 0.38336181640625 -0.64849853515625
0.0259056091308594 0.0481224060058594 1.07049560546875 -0.19384765625
-0.0396194458007813 0.00707626342773438 0.8546142578125 0.9451904296875
0.00440979003906251 -0.0758514404296875 -0.210205078125 1.4957275390625
0.041534423828125 -0.0110130310058594 -0.8203125 0.77374267578125
0.0761260986328125 0.0286407470703125 0.0431861877441406 0.0369796752929688
0.0324344635009766 -0.0188922882080078 0.81982421875 -0.89453125
0.0259819030761719 -0.0183162689208984 -0.0306396484375001 -1.52880859375
0.00520229339599609 0.00924777984619141 -1.1571044921875 -0.6304931640625
0.0153055191040039 -0.00747489929199219 -0.9127197265625 0.5250244140625
0.055999755859375 0.00473785400390625 -0.20867919921875 0.8131103515625
0.0136442184448242 -0.00840950012207031 0.34686279296875 0.45562744140625
0.0164031982421875 -0.0404739379882813 0.532318115234375 0.01409912109375
0.0317001342773438 -0.039215087890625 -0.490142822265625 -0.080780029296875
0.0338401794433594 -0.0105571746826172 -0.26287841796875 -0.490966796875
0.0867538452148438 0.0121841430664063 0.3575439453125 -0.66461181640625
0.0536994934082031 0.0572929382324219 1.05535888671875 -0.2275390625
-0.0240974426269531 0.0228958129882812 0.86785888671875 0.91729736328125
0.00542449951171875 -0.07177734375 -0.1710205078125 1.49169921875
0.0418281555175781 -0.023651123046875 -0.80389404296875 0.7916259765625
0.0783157348632813 0.0171279907226563 0.04180908203125 0.0457344055175781
0.0332088470458984 -0.0272903442382813 0.83184814453125 -0.8826904296875
0.0290927886962891 -0.00990676879882812 0.00415039062500011 -1.538330078125
0.0236778259277344 0.01934814453125 -1.1473388671875 -0.6614990234375
0.040313720703125 -0.00641250610351563 -0.93017578125 0.50177001953125
0.0699081420898437 0.0029754638671875 -0.22930908203125 0.80499267578125
0.0123805999755859 -0.0198650360107422 0.332183837890625 0.452545166015625
0.00893783569335938 -0.0553131103515625 0.525177001953125 0.01226806640625
0.0310096740722656 -0.051727294921875 -0.496337890625 -0.0849914550781251
0.0300426483154297 -0.0204296112060547 -0.2811279296875 -0.50189208984375
0.0956497192382812 0.00885009765625 0.33160400390625 -0.68341064453125
0.0719833374023437 0.056976318359375 1.03656005859375 -0.26544189453125
-0.00908279418945313 0.0299396514892578 0.8961181640625 0.87945556640625
0.00484085083007813 -0.0663986206054688 -0.123046875 1.485595703125
0.0435295104980469 -0.0285186767578125 -0.78271484375 0.810302734375
0.0837020874023438 0.00701904296875 0.0362472534179688 0.0594367980957031
0.0341701507568359 -0.0324058532714844 0.859375 -0.855224609375
0.0366630554199219 -0.00764083862304688 0.0596923828125001 -1.5438232421875
0.0349845886230469 0.0296192169189453 -1.1317138671875 -0.709228515625
0.0580520629882813 -0.00693893432617188 -0.9559326171875 0.463623046875
0.0827407836914062 0.000885009765625 -0.26116943359375 0.78753662109375
0.014923095703125 -0.0279502868652344 0.318359375 0.4459228515625
0.00699234008789063 -0.0665206909179688 0.519012451171875 0.008056640625
0.0311698913574219 -0.0582046508789063 -0.50653076171875 -0.0837707519531249
0.028472900390625 -0.0265293121337891 -0.296112060546875 -0.513702392578125
0.09759521484375 0.0038909912109375 0.2972412109375 -0.7076416015625
0.0814743041992188 0.0536651611328125 1.00982666015625 -0.3134765625
-0.0047760009765625 0.0350265502929688 0.92059326171875 0.83184814453125
0.00612258911132812 -0.0619049072265625 -0.0620117187499998 1.47705078125
0.0419654846191406 -0.0342597961425781 -0.751953125 0.839599609375
0.0846023559570313 -0.000823974609375 0.0338211059570313 0.0754241943359375
0.0342540740966797 -0.0341129302978516 0.89068603515625 -0.8282470703125
0.0375137329101562 -0.00445175170898437 0.126220703125 -1.548095703125
0.0398139953613281 0.0356826782226563 -1.11041259765625 -0.76373291015625
0.0670928955078125 -0.00299835205078125 -0.9873046875 0.42034912109375
0.0887832641601563 0.00035858154296875 -0.29833984375 0.76422119140625
0.0164203643798828 -0.0323734283447266 0.2982177734375 0.4412841796875
0.006134033203125 -0.0725555419921875 0.508209228515625 0.005584716796875
0.0327186584472656 -0.0553054809570313 -0.513092041015625 -0.0866699218749999
0.0262184143066406 -0.0297317504882813 -0.314178466796875 -0.52227783203125
0.0910797119140625 -0.001373291015625 0.25933837890625 -0.73284912109375
0.0747222900390625 0.0491714477539063 0.98480224609375 -0.36627197265625
-0.00389480590820312 0.0367546081542969 0.94647216796875 0.77728271484375
0.00371551513671876 -0.0595741271972656 0.00354003906250006 1.472412109375
0.04058837890625 -0.0326499938964844 -0.71942138671875 0.86358642578125
0.0836334228515625 0.003326416015625 0.0276870727539063 0.0920486450195312
0.0357551574707031 -0.0339431762695313 0.92205810546875 -0.7977294921875
0.0373573303222656 -0.0003662109375 0.189697265625 -1.5594482421875
0.0365447998046875 0.0382461547851563 -1.0909423828125 -0.82305908203125
0.0600204467773438 -0.00181961059570313 -1.01800537109375 0.37493896484375
0.0882949829101562 0.00116729736328125 -0.3333740234375 0.74224853515625
0.0142631530761719 -0.0303153991699219 0.28070068359375 0.4315185546875
0.00910949707031249 -0.0796279907226563 0.502532958984375 0.00491333007812499
0.0389251708984375 -0.0512123107910156 -0.5220947265625 -0.0854187011718749
0.0217781066894531 -0.0276966094970703 -0.327423095703125 -0.5347900390625
0.0790939331054688 2.288818359375E-05 0.23004150390625 -0.7554931640625
0.0583915710449219 0.0469932556152344 0.95831298828125 -0.408203125
-0.0129814147949219 0.0321979522705078 0.96337890625 0.735595703125
0.00399398803710937 -0.0594253540039062 0.0576171875000001 1.4608154296875
0.0419998168945313 -0.0302047729492187 -0.69097900390625 0.8836669921875
0.0788040161132813 0.00960540771484375 0.027435302734375 0.106788635253906
0.0387001037597656 -0.0305023193359375 0.95416259765625 -0.766357421875
0.036376953125 -0.00262069702148438 0.250244140625 -1.5526123046875
0.0230083465576172 0.03466796875 -1.069091796875 -0.8707275390625
0.0446815490722656 0.00079345703125 -1.0423583984375 0.3326416015625
0.0782012939453125 0.0041351318359375 -0.36273193359375 0.71966552734375
0.0163707733154297 -0.0293445587158203 0.26373291015625 0.42706298828125
0.01702880859375 -0.0738449096679688 0.493438720703125 0.000976562499999995
0.0547065734863281 0.00116348266601562 -0.491790771484375 -0.0691528320312499
0.0354499816894531 0.0188407897949219 -0.251617431640625 -0.479766845703125
0.0313510894775391 0.0266036987304687 0.38543701171875 -0.66485595703125
-0.0325889587402344 0.0347785949707031 1.07440185546875 -0.21136474609375
-0.074432373046875 -0.0193634033203125 0.87640380859375 0.944091796875
0.0013885498046875 -0.0854721069335938 -0.1832275390625 1.510009765625
0.0446014404296875 0.0091552734375 -0.81085205078125 0.7940673828125
0.0635719299316406 0.0581016540527344 0.0512237548828125 0.0414009094238281
0.0311489105224609 0.00113677978515625 0.82220458984375 -0.90289306640625
0.0196952819824219 -0.0279903411865234 -0.0410156249999999 -1.539794921875
-0.0374908447265625 -0.0129547119140625 -1.170654296875 -0.632568359375
-0.0409660339355469 -0.00224304199218751 -0.91668701171875 0.5316162109375
0.021453857421875 0.0118522644042969 -0.20263671875 0.821533203125
0.0181121826171875 0.0130577087402344 0.357757568359375 0.4586181640625
0.0368537902832031 -0.0149192810058594 0.534393310546875 0.017364501953125
0.0439033508300781 -0.0129127502441406 -0.488494873046875 -0.0671386718750001
0.0364265441894531 0.00969696044921875 -0.253265380859375 -0.4783935546875
0.0512161254882813 0.02294921875 0.38690185546875 -0.65216064453125
-0.00150299072265625 0.042694091796875 1.07470703125 -0.1956787109375
-0.0572547912597656 -0.00594329833984375 0.8614501953125 0.95062255859375
0.0016021728515625 -0.0804443359375 -0.2059326171875 1.5045166015625
0.0437545776367188 -0.00069427490234375 -0.82427978515625 0.7841796875
0.0709075927734375 0.044769287109375 0.0465888977050781 0.0351219177246094
0.0325431823730469 -0.00873184204101563 0.81243896484375 -0.90966796875
0.0217781066894531 -0.0239830017089844 -0.0509033203125001 -1.5340576171875
-0.0167198181152344 -0.00304508209228515 -1.1707763671875 -0.616455078125
-0.0134458541870117 -0.00450897216796875 -0.9051513671875 0.542236328125
0.03875732421875 0.0068206787109375 -0.19293212890625 0.820068359375
0.0170192718505859 0.00279426574707031 0.362274169921875 0.45635986328125
0.0257072448730469 -0.0267295837402344 0.536651611328125 0.0093994140625
0.0370941162109375 -0.0278205871582031 -0.490447998046875 -0.0689392089843749
0.037017822265625 -0.00124359130859375 -0.26092529296875 -0.4830322265625
0.0708694458007813 0.0187149047851563 0.374267578125 -0.65631103515625
0.0284080505371094 0.0497398376464844 1.072998046875 -0.21112060546875
-0.0392723083496094 0.00824356079101563 0.8736572265625 0.94097900390625
0.003021240234375 -0.0765609741210938 -0.1888427734375 1.506103515625
0.0447502136230469 -0.0122184753417969 -0.81658935546875 0.7916259765625
0.0768508911132813 0.0283889770507812 0.04425048828125 0.0376091003417969
0.0312156677246094 -0.0178623199462891 0.81195068359375 -0.90899658203125
0.0279273986816406 -0.0180568695068359 -0.0499267578125001 -1.536865234375
0.00576591491699219 0.00714588165283203 -1.1722412109375 -0.6207275390625
0.0149774551391602 -0.00579261779785156 -0.90802001953125 0.54339599609375
0.0555915832519531 0.00362777709960938 -0.1981201171875 0.82135009765625
0.0150346755981445 -0.00888252258300781 0.356658935546875 0.45367431640625
0.0140800476074219 -0.0417518615722656 0.53533935546875 0.0057373046875
0.0307121276855469 -0.0427894592285156 -0.493988037109375 -0.0704650878906251
0.0349025726318359 -0.0115165710449219 -0.27581787109375 -0.486724853515625
0.0877456665039062 0.0137100219726562 0.3502197265625 -0.67047119140625
0.0551834106445313 0.056060791015625 1.05609130859375 -0.24066162109375
-0.0212230682373047 0.0225639343261719 0.8905029296875 0.91259765625
0.00377655029296875 -0.0713043212890625 -0.1519775390625 1.501220703125
0.0416145324707031 -0.0227622985839844 -0.8004150390625 0.80731201171875
0.0826568603515625 0.0163345336914062 0.040863037109375 0.0466766357421875
0.0316238403320313 -0.0260162353515625 0.82525634765625 -0.89599609375
0.0320987701416016 -0.0132884979248047 -0.0162353515625001 -1.544921875
0.0228481292724609 0.0201301574707031 -1.16064453125 -0.648193359375
0.040069580078125 -0.00777816772460937 -0.9271240234375 0.51715087890625
0.0698966979980469 -0.000125885009765625 -0.2164306640625 0.81195068359375
0.0151634216308594 -0.0185317993164063 0.34527587890625 0.449798583984375
0.00727462768554688 -0.0553398132324219 0.530914306640625 0.00152587890625
0.0282859802246094 -0.0521621704101563 -0.499359130859375 -0.0757141113281249
0.0308094024658203 -0.0228729248046875 -0.291748046875 -0.49993896484375
0.0963592529296875 0.00787353515625 0.3209228515625 -0.69317626953125
0.0738906860351563 0.0549240112304688 1.03936767578125 -0.28118896484375
-0.00809860229492187 0.0331687927246094 0.9124755859375 0.872802734375
0.0042724609375 -0.0659027099609375 -0.101318359375 1.4949951171875
0.0430145263671875 -0.0308876037597656 -0.776123046875 0.82647705078125
0.0848846435546875 0.0059051513671875 0.0359840393066406 0.0590896606445312
0.0333137512207031 -0.0325298309326172 0.8538818359375 -0.874267578125
0.0353965759277344 -0.00665664672851563 0.0404052734374999 -1.5540771484375
0.0382575988769531 0.0295295715332031 -1.1512451171875 -0.6973876953125
0.0584487915039063 -0.00582122802734375 -0.95599365234375 0.4840087890625
0.0841064453125 -0.000823974609375 -0.250732421875 0.7943115234375
0.0130615234375 -0.0266494750976563 0.3262939453125 0.44403076171875
0.00275421142578125 -0.0683746337890625 0.5245361328125 -0.000152587890625004
0.0277786254882813 -0.0575828552246094 -0.508544921875 -0.0756225585937501
0.0280685424804687 -0.0298843383789062 -0.30743408203125 -0.511688232421875
0.0982513427734375 0.00220489501953125 0.28411865234375 -0.71563720703125
0.0816268920898438 0.0556564331054688 1.0123291015625 -0.32818603515625
-0.00308609008789062 0.03717041015625 0.93768310546875 0.82421875
0.00574111938476562 -0.0620231628417969 -0.0437011718750001 1.488037109375
0.0420799255371094 -0.0349655151367188 -0.74639892578125 0.85101318359375
0.0862808227539063 0.0010833740234375 0.032745361328125 0.0751800537109375
0.0355148315429688 -0.0363998413085938 0.8841552734375 -0.843505859375
0.03656005859375 -0.00505828857421875 0.1083984375 -1.5589599609375
0.041290283203125 0.035614013671875 -1.126708984375 -0.753662109375
0.0663909912109375 -0.0037841796875 -0.98828125 0.4378662109375
0.0897216796875 0.0011138916015625 -0.28778076171875 0.7728271484375
0.0127887725830078 -0.0299091339111328 0.307342529296875 0.43829345703125
0.00191497802734375 -0.0748825073242188 0.514678955078125 -0.00506591796875
0.0332565307617188 -0.0587005615234375 -0.520233154296875 -0.0773925781250001
0.0250453948974609 -0.0323085784912109 -0.32830810546875 -0.51837158203125
0.09173583984375 -0.00209808349609375 0.2501220703125 -0.73974609375
0.0758056640625 0.0511627197265625 0.98175048828125 -0.383056640625
-0.0037841796875 0.0369720458984375 0.9627685546875 0.7734375
0.00468063354492187 -0.0598793029785156 0.0242919921875001 1.4796142578125
0.0411262512207031 -0.0342826843261719 -0.7110595703125 0.87744140625
0.0838394165039063 0.00188446044921875 0.0276336669921875 0.0919113159179688
0.0359458923339844 -0.03302001953125 0.91522216796875 -0.8125
0.0383644104003906 -0.00231170654296875 0.171875 -1.5677490234375
0.03814697265625 0.0393905639648438 -1.10797119140625 -0.81005859375
0.0607795715332031 0.00048065185546875 -1.01519775390625 0.39434814453125
0.0874404907226563 0.00165557861328125 -0.3223876953125 0.75103759765625
0.0142459869384766 -0.0322589874267578 0.28704833984375 0.430084228515625
0.00753021240234374 -0.0785903930664063 0.505523681640625 -0.0037841796875
0.038848876953125 -0.05279541015625 -0.527130126953125 -0.0755615234375
0.0239524841308594 -0.0285472869873047 -0.3409423828125 -0.526641845703125
0.0796737670898437 7.62939453125E-06 0.22015380859375 -0.76129150390625
0.0595321655273438 0.0464057922363281 0.959228515625 -0.42449951171875
-0.0119514465332031 0.0319004058837891 0.97991943359375 0.73040771484375
0.00185394287109376 -0.06005859375 0.0802001953125 1.4658203125
0.0417327880859375 -0.0308113098144531 -0.68524169921875 0.8974609375
0.079620361328125 0.0101776123046875 0.0259857177734375 0.107612609863281
0.0359382629394531 -0.0300827026367188 0.94854736328125 -0.782958984375
0.0387535095214844 -0.00553131103515625 0.229248046875 -1.56787109375
0.0262165069580078 0.0333595275878906 -1.08587646484375 -0.85968017578125
0.0450363159179688 0.00165557861328125 -1.04473876953125 0.3516845703125
0.0792617797851563 0.00450897216796875 -0.35284423828125 0.727294921875
0.0156307220458984 -0.0266036987304688 0.273895263671875 0.42657470703125
0.0141067504882812 -0.073638916015625 0.497406005859375 -0.01025390625
0.0553436279296875 -0.000446319580078125 -0.495880126953125 -0.0588073730468749
0.0358200073242188 0.0208549499511719 -0.262664794921875 -0.47698974609375
0.0321044921875 0.0259227752685547 0.37384033203125 -0.66925048828125
-0.0299720764160156 0.0379676818847656 1.07244873046875 -0.22552490234375
-0.0751419067382812 -0.0202178955078125 0.891845703125 0.9359130859375
-3.81469726562521E-05 -0.0882415771484375 -0.1583251953125 1.5185546875
0.0438423156738281 0.0084381103515625 -0.80499267578125 0.805908203125
0.0655670166015625 0.0609970092773438 0.0468063354492188 0.0402145385742188
0.0308952331542969 0.00142288208007813 0.81048583984375 -0.91497802734375
0.0177211761474609 -0.0292224884033203 -0.0629882812500001 -1.545166015625
-0.0384101867675781 -0.0145339965820313 -1.1864013671875 -0.618408203125
-0.0405082702636719 -0.000961303710937503 -0.908447265625 0.54669189453125
0.0212421417236328 0.00964736938476563 -0.190185546875 0.8258056640625
0.0197639465332031 0.0134773254394531 0.367645263671875 0.4549560546875
0.0349998474121094 -0.0165824890136719 0.539154052734375 0.008819580078125
0.0463523864746094 -0.0134849548339844 -0.491455078125 -0.05853271484375
0.0394706726074219 0.00853729248046875 -0.264862060546875 -0.47479248046875
0.0507049560546875 0.0233039855957031 0.376953125 -0.6597900390625
-0.000946044921874998 0.0443572998046875 1.077392578125 -0.21087646484375
-0.0564346313476563 -0.00545501708984376 0.87567138671875 0.9447021484375
0.0030670166015625 -0.082672119140625 -0.1824951171875 1.51318359375
0.0447883605957031 -0.00109481811523438 -0.8148193359375 0.79901123046875
0.0717544555664062 0.0472793579101562 0.0472908020019531 0.0338020324707031
0.0328826904296875 -0.007537841796875 0.802001953125 -0.92413330078125
0.0205440521240234 -0.0238857269287109 -0.0710449218749999 -1.5391845703125
-0.0148353576660156 -0.00328445434570313 -1.18212890625 -0.5980224609375
-0.0121383666992188 -0.00164031982421875 -0.899658203125 0.556640625
0.0400886535644531 0.0067901611328125 -0.1759033203125 0.826416015625
0.0174551010131836 0.00367164611816406 0.371612548828125 0.449371337890625
0.0240058898925781 -0.0271453857421875 0.5416259765625 -0.000244140625000002
0.037750244140625 -0.0308876037597656 -0.492828369140625 -0.0602722167968749
0.0361900329589844 -0.00190353393554687 -0.270233154296875 -0.474945068359375
0.073455810546875 0.0143814086914063 0.36578369140625 -0.6619873046875
0.0314369201660156 0.0527305603027344 1.07415771484375 -0.2266845703125
-0.0387229919433594 0.00893783569335937 0.8887939453125 0.933837890625
0.00122833251953125 -0.0773239135742188 -0.1668701171875 1.5126953125
0.0438385009765625 -0.0124778747558594 -0.80804443359375 0.80560302734375
0.0784149169921875 0.0296401977539063 0.043365478515625 0.0357322692871094
0.0308380126953125 -0.0193939208984375 0.800048828125 -0.92169189453125
0.0285224914550781 -0.0168743133544922 -0.0700683593750001 -1.5411376953125
0.00333547592163086 0.00862932205200195 -1.1834716796875 -0.603515625
0.0140199661254883 -0.00747203826904297 -0.90264892578125 0.561279296875
0.0570640563964844 0.00273513793945312 -0.1820068359375 0.82598876953125
0.0178089141845703 -0.0102005004882813 0.3665771484375 0.4500732421875
0.0155830383300781 -0.0418205261230469 0.539794921875 -0.00518798828125
0.0320320129394531 -0.0441970825195313 -0.4976806640625 -0.061126708984375
0.0335731506347656 -0.0108165740966797 -0.287872314453125 -0.48291015625
0.0899887084960938 0.0093231201171875 0.34112548828125 -0.6773681640625
0.0591926574707031 0.0554885864257813 1.05859375 -0.25543212890625
-0.0213794708251953 0.0247402191162109 0.9052734375 0.90582275390625
0.00257110595703125 -0.070953369140625 -0.1302490234375 1.510009765625
0.042205810546875 -0.0218620300292969 -0.79205322265625 0.82110595703125
0.0826263427734375 0.0151138305664063 0.0433006286621094 0.0458946228027344
0.0323867797851563 -0.0264358520507813 0.8153076171875 -0.91058349609375
0.0318698883056641 -0.0146350860595703 -0.0389404296875 -1.548583984375
0.0237712860107422 0.0183219909667969 -1.174560546875 -0.63525390625
0.0399284362792969 -0.007537841796875 -0.92138671875 0.53662109375
0.072998046875 0.00118255615234375 -0.203369140625 0.81915283203125
0.0118503570556641 -0.0202198028564453 0.357086181640625 0.444488525390625
0.007110595703125 -0.0549697875976562 0.53143310546875 -0.00408935546875
0.0274238586425781 -0.0530853271484375 -0.504974365234375 -0.06756591796875
0.0316448211669922 -0.0252494812011719 -0.30242919921875 -0.493194580078125
0.0979080200195313 0.005523681640625 0.31231689453125 -0.69903564453125
0.075164794921875 0.056915283203125 1.0379638671875 -0.2962646484375
-0.00817108154296875 0.0318889617919922 0.9296875 0.86358642578125
0.00405502319335937 -0.0672340393066406 -0.0812988281250001 1.5003662109375
0.0426750183105469 -0.0300216674804687 -0.7677001953125 0.84271240234375
0.08758544921875 0.0056915283203125 0.0343132019042969 0.0570640563964844
0.0372200012207031 -0.0300636291503906 0.842529296875 -0.888916015625
0.0350093841552734 -0.00767135620117188 0.0178222656249999 -1.560302734375
0.0398750305175781 0.0261383056640625 -1.165771484375 -0.6837158203125
0.0587577819824219 -0.00656509399414063 -0.9537353515625 0.49810791015625
0.0820541381835938 -0.00157928466796875 -0.23785400390625 0.79974365234375
0.0138130187988281 -0.0283622741699219 0.335357666015625 0.4422607421875
0.000549316406250007 -0.0667457580566406 0.52435302734375 -0.0098876953125
0.0291709899902344 -0.0583648681640625 -0.511993408203125 -0.0676574707031251
0.0269756317138672 -0.0299320220947266 -0.3193359375 -0.506134033203125
0.098297119140625 -0.0004425048828125 0.27386474609375 -0.719482421875
0.0829391479492187 0.0555648803710938 1.0072021484375 -0.34393310546875
-0.000778198242187498 0.0382843017578125 0.95361328125 0.81298828125
0.00390625000000001 -0.0631561279296875 -0.018310546875 1.494384765625
0.0418624877929688 -0.0380821228027344 -0.73712158203125 0.86749267578125
0.0893478393554688 0.0008392333984375 0.03399658203125 0.0750503540039063
0.0362052917480469 -0.0366058349609375 0.875732421875 -0.8599853515625
0.0389137268066406 -0.00713729858398438 0.0867919921874999 -1.567138671875
0.043487548828125 0.0364494323730469 -1.140869140625 -0.73828125
0.0665664672851563 -0.00278472900390625 -0.9832763671875 0.45318603515625
0.0893096923828125 -0.00018310546875 -0.27386474609375 0.778076171875
0.0136203765869141 -0.0323352813720703 0.31329345703125 0.43316650390625
0.00115203857421875 -0.07574462890625 0.514739990234375 -0.015472412109375
0.0323944091796875 -0.060882568359375 -0.52362060546875 -0.0690612792968751
0.0244693756103516 -0.0328712463378906 -0.338226318359375 -0.51190185546875
0.0929946899414063 -0.0012054443359375 0.23828125 -0.74560546875
0.0801849365234375 0.0500946044921875 0.9822998046875 -0.4022216796875
-0.0043792724609375 0.0371360778808594 0.97747802734375 0.7611083984375
0.00299072265625 -0.0636215209960938 0.0465087890624999 1.4825439453125
0.0421257019042969 -0.0368881225585938 -0.7030029296875 0.891357421875
0.086517333984375 -0.00035858154296875 0.0257339477539063 0.0946197509765625
0.0362739562988281 -0.03533935546875 0.906005859375 -0.8306884765625
0.038116455078125 -0.00487518310546875 0.150390625 -1.576416015625
0.0390701293945313 0.0370903015136719 -1.1253662109375 -0.796142578125
0.0603790283203125 0.000125885009765625 -1.01458740234375 0.4127197265625
0.0904617309570313 -0.00020599365234375 -0.310791015625 0.75494384765625
0.0140895843505859 -0.0319881439208984 0.296356201171875 0.424224853515625
0.00565338134765625 -0.0793380737304688 0.505157470703125 -0.014404296875
0.0389900207519531 -0.0544662475585938 -0.533050537109375 -0.0655212402343751
0.0211029052734375 -0.0320892333984375 -0.351654052734375 -0.5213623046875
0.0821685791015625 -0.00357818603515625 0.20849609375 -0.7647705078125
0.0600433349609375 0.0458564758300781 0.95709228515625 -0.437744140625
-0.0108642578125 0.0338459014892578 0.9949951171875 0.71826171875
0.00307083129882813 -0.06231689453125 0.0994873046875 1.4722900390625
0.0421867370605469 -0.0281867980957031 -0.67120361328125 0.90765380859375
0.0787887573242188 0.0088653564453125 0.0271377563476563 0.107322692871094
0.0342273712158203 -0.0268974304199219 0.9390869140625 -0.7987060546875
0.0370140075683594 -0.00529861450195312 0.2061767578125 -1.5753173828125
0.0298786163330078 0.0330219268798828 -1.10247802734375 -0.843017578125
0.0468597412109375 0.000476837158203125 -1.0411376953125 0.3685302734375
0.0798263549804688 0.00272369384765625 -0.3392333984375 0.7352294921875
0.0133533477783203 -0.0264263153076172 0.284515380859375 0.424560546875
0.0151901245117188 -0.0731735229492188 0.500213623046875 -0.018890380859375
0.0503273010253906 -0.00331878662109375 -0.497528076171875 -0.0493774414062499
0.0385017395019531 0.0177536010742188 -0.2742919921875 -0.47125244140625
0.0327339172363281 0.0273628234863281 0.36358642578125 -0.6710205078125
-0.0312614440917969 0.0388870239257813 1.0704345703125 -0.245849609375
-0.077667236328125 -0.0134735107421875 0.910400390625 0.923095703125
0.000450134277343758 -0.0892486572265625 -0.1419677734375 1.526611328125
0.04168701171875 0.0108604431152344 -0.79595947265625 0.81878662109375
0.0728302001953125 0.0604095458984375 0.044525146484375 0.0391578674316406
0.0341358184814453 0.00481986999511719 0.79766845703125 -0.92572021484375
0.0181503295898438 -0.0284633636474609 -0.0834960937500001 -1.5450439453125
-0.0380096435546875 -0.012664794921875 -1.19384765625 -0.6005859375
-0.0423011779785156 0.00201797485351563 -0.90484619140625 0.5670166015625
0.0220165252685547 0.00964927673339844 -0.1763916015625 0.83026123046875
0.021331787109375 0.0125961303710938 0.37518310546875 0.450653076171875
0.0351123809814453 -0.0159492492675781 0.539703369140625 0.001617431640625
0.0464134216308594 -0.0141448974609375 -0.494659423828125 -0.04901123046875
0.0350379943847656 0.00837135314941406 -0.27294921875 -0.46893310546875
0.0498237609863281 0.0211410522460938 0.3651123046875 -0.6612548828125
0.00288009643554688 0.0452041625976563 1.07659912109375 -0.2265625
-0.0589370727539063 -0.00305938720703126 0.89544677734375 0.9305419921875
-0.000236511230468743 -0.085052490234375 -0.1614990234375 1.5166015625
0.0395774841308594 -0.00435256958007812 -0.804931640625 0.808837890625
0.0736236572265625 0.0447235107421875 0.0455322265625 0.0380363464355469
0.0331306457519531 -0.00388526916503906 0.78863525390625 -0.93634033203125
0.0206890106201172 -0.0241756439208984 -0.0904541015625 -1.5386962890625
-0.0153274536132812 -0.00305461883544922 -1.1949462890625 -0.5865478515625
-0.0151004791259766 -0.00249385833740235 -0.89044189453125 0.5721435546875
0.0382575988769531 0.00477981567382813 -0.16461181640625 0.8289794921875
0.0174474716186523 0.000651359558105469 0.38104248046875 0.4449462890625
0.0217571258544922 -0.0261516571044922 0.544647216796875 -0.00836181640625
0.0374908447265625 -0.0318222045898438 -0.49554443359375 -0.0484619140625
0.0349578857421875 -0.00315284729003906 -0.2789306640625 -0.4732666015625
0.0716781616210937 0.0164718627929687 0.35107421875 -0.66485595703125
0.0337715148925781 0.0514335632324219 1.06787109375 -0.24322509765625
-0.0388679504394531 0.0116195678710937 0.9036865234375 0.92169189453125
-2.28881835937527E-05 -0.0800933837890625 -0.1427001953125 1.5186767578125
0.0411033630371094 -0.0124015808105469 -0.79888916015625 0.81591796875
0.0789642333984375 0.0296783447265625 0.0411872863769531 0.0343742370605469
0.0316791534423828 -0.0147209167480469 0.7900390625 -0.9356689453125
0.0269050598144531 -0.0184745788574219 -0.0904541015625 -1.5440673828125
0.00795888900756836 0.00741672515869141 -1.194580078125 -0.584228515625
0.0151386260986328 -0.00732135772705078 -0.9000244140625 0.5711669921875
0.0561065673828125 0.00441741943359375 -0.16888427734375 0.82977294921875
0.0169105529785156 -0.0080718994140625 0.3717041015625 0.44091796875
0.012237548828125 -0.0418663024902344 0.540618896484375 -0.010589599609375
0.027008056640625 -0.04351806640625 -0.49920654296875 -0.053375244140625
0.0344276428222656 -0.0122547149658203 -0.2974853515625 -0.47637939453125
0.0889129638671875 0.0075836181640625 0.32952880859375 -0.68060302734375
0.0605316162109375 0.0573883056640625 1.05535888671875 -0.269775390625
-0.0208587646484375 0.0234375 0.91754150390625 0.892333984375
0.0013885498046875 -0.0761871337890625 -0.111572265625 1.512451171875
0.0436248779296875 -0.02587890625 -0.7801513671875 0.8367919921875
0.0817108154296875 0.011871337890625 0.0373916625976563 0.0441818237304688
0.0307426452636719 -0.0228500366210938 0.7999267578125 -0.91815185546875
0.0338973999023438 -0.0111503601074219 -0.0579833984375001 -1.5478515625
0.0253753662109375 0.0148029327392578 -1.184326171875 -0.616943359375
0.0384063720703125 -0.00802993774414063 -0.91278076171875 0.55230712890625
0.0732192993164062 -0.00260162353515625 -0.18939208984375 0.8211669921875
0.0144720077514648 -0.0174570083618164 0.36279296875 0.437591552734375
0.00609207153320313 -0.0538597106933594 0.536590576171875 -0.01580810546875
0.0271568298339844 -0.0530853271484375 -0.508209228515625 -0.0569152832031251
0.0300731658935547 -0.0205764770507812 -0.3125 -0.489837646484375
0.0965347290039063 0.0045318603515625 0.29754638671875 -0.70037841796875
0.0771865844726563 0.0560455322265625 1.03680419921875 -0.3126220703125
-0.00798416137695313 0.0302963256835938 0.94635009765625 0.85345458984375
0.00430297851562501 -0.0677604675292969 -0.0594482421875 1.504638671875
0.0411300659179688 -0.0310478210449219 -0.7603759765625 0.8515625
0.08807373046875 0.00409698486328125 0.03277587890625 0.0605888366699219
0.0314846038818359 -0.0323734283447266 0.8306884765625 -0.8994140625
0.0369911193847656 -0.00894927978515625 -0.00146484375000015 -1.5596923828125
0.0414009094238281 0.0273399353027344 -1.173828125 -0.66943359375
0.0586967468261719 -0.00426101684570312 -0.94573974609375 0.51702880859375
0.0827560424804687 -0.00180816650390625 -0.2244873046875 0.80499267578125
0.00978279113769531 -0.0262203216552734 0.33837890625 0.435028076171875
0.000148773193359377 -0.0681304931640625 0.526123046875 -0.018524169921875
0.0264778137207031 -0.058624267578125 -0.514373779296875 -0.0575256347656249
0.0259609222412109 -0.0307903289794922 -0.328521728515625 -0.49664306640625
0.0998764038085937 -0.0033416748046875 0.26409912109375 -0.72222900390625
0.085968017578125 0.0522689819335938 1.00689697265625 -0.35675048828125
-0.00344467163085937 0.0375938415527344 0.96539306640625 0.80645751953125
0.00389862060546876 -0.0618476867675781 0.000122070312499844 1.4947509765625
0.0402603149414063 -0.0386619567871094 -0.73016357421875 0.8814697265625
0.0879669189453125 0.0008087158203125 0.0353775024414063 0.0783309936523438
0.0316619873046875 -0.0343513488769531 0.864990234375 -0.87005615234375
0.0377998352050781 -0.00547027587890625 0.0660400390625 -1.5704345703125
0.0446243286132812 0.0324363708496094 -1.1484375 -0.725341796875
0.0656089782714844 -0.00372695922851563 -0.9783935546875 0.4686279296875
0.0901336669921875 -0.00506591796875 -0.2586669921875 0.781005859375
0.0140876770019531 -0.031646728515625 0.324432373046875 0.427764892578125
0.00189971923828124 -0.0739517211914063 0.519927978515625 -0.022186279296875
0.0314292907714844 -0.0612335205078125 -0.527374267578125 -0.0581359863281249
0.0254039764404297 -0.0325088500976563 -0.351593017578125 -0.506072998046875
0.0906448364257813 -0.00644683837890625 0.2257080078125 -0.7425537109375
0.079193115234375 0.0484695434570312 0.973876953125 -0.41180419921875
-0.00454330444335937 0.0411109924316406 0.99176025390625 0.75146484375
0.001708984375 -0.0613021850585938 0.0701904296875001 1.4866943359375
0.0379829406738281 -0.0335693359375 -0.69573974609375 0.90362548828125
0.085968017578125 -0.00063323974609375 0.0291061401367188 0.0918960571289063
0.0344314575195313 -0.0335903167724609 0.8931884765625 -0.8387451171875
0.0377044677734375 -0.00634002685546875 0.1279296875 -1.5775146484375
0.0403594970703125 0.0380744934082031 -1.136962890625 -0.779541015625
0.0602340698242188 -0.0014801025390625 -1.00958251953125 0.42633056640625
0.0877685546875 3.814697265625E-05 -0.2989501953125 0.765869140625
0.0131111145019531 -0.0313243865966797 0.3033447265625 0.425811767578125
0.00218963623046875 -0.0791091918945313 0.506561279296875 -0.02410888671875
0.0384674072265625 -0.0567893981933594 -0.539306640625 -0.0599365234375001
0.0200996398925781 -0.0317192077636719 -0.365234375 -0.51678466796875
0.0804672241210938 -0.0054473876953125 0.1927490234375 -0.766357421875
0.0604019165039063 0.048492431640625 0.9478759765625 -0.45068359375
-0.0120449066162109 0.0343780517578125 1.00494384765625 0.7047119140625
0.000354766845703119 -0.0634956359863281 0.1207275390625 1.4749755859375
0.0389404296875 -0.0286102294921875 -0.66241455078125 0.92364501953125
0.0816879272460937 0.010894775390625 0.0284500122070313 0.107315063476562
0.0357475280761719 -0.0263023376464844 0.9320068359375 -0.81195068359375
0.0397109985351563 -0.00617218017578125 0.1932373046875 -1.5789794921875
0.0299415588378906 0.0341777801513672 -1.11309814453125 -0.823974609375
0.0442390441894531 0.00294876098632813 -1.0347900390625 0.3895263671875
0.0795364379882813 0.00160980224609375 -0.32403564453125 0.739990234375
0.0193405151367188 -0.0263042449951172 0.290557861328125 0.420196533203125
0.0126571655273437 -0.0747146606445313 0.5013427734375 -0.02777099609375
0.0536727905273438 -0.00157546997070313 -0.49896240234375 -0.043609619140625
0.0373573303222656 0.0159111022949219 -0.282379150390625 -0.463653564453125
0.0315399169921875 0.0244331359863281 0.35394287109375 -0.67828369140625
-0.0272178649902344 0.039947509765625 1.06817626953125 -0.2584228515625
-0.0757980346679688 -0.0148239135742188 0.9212646484375 0.9112548828125
-0.00307464599609375 -0.0891189575195313 -0.1170654296875 1.5250244140625
0.0443916320800781 0.00968551635742187 -0.7821044921875 0.829833984375
0.068115234375 0.0596580505371094 0.0469932556152344 0.040740966796875
0.0320396423339844 0.0054473876953125 0.78729248046875 -0.938232421875
0.0188503265380859 -0.0291023254394531 -0.1038818359375 -1.5433349609375
-0.0385208129882813 -0.0121955871582031 -1.20166015625 -0.5819091796875
-0.0423851013183594 0.00138473510742187 -0.8948974609375 0.57830810546875
0.0226898193359375 0.00929641723632813 -0.16143798828125 0.83160400390625
0.0216503143310547 0.0132637023925781 0.381988525390625 0.4420166015625
0.0328254699707031 -0.0169963836669922 0.539031982421875 -0.01092529296875
0.0438385009765625 -0.0160026550292969 -0.498779296875 -0.0386657714843751
0.0367584228515625 0.00703048706054688 -0.28265380859375 -0.461639404296875
0.053314208984375 0.0187835693359375 0.3551025390625 -0.66455078125
0.00110244750976562 0.0467147827148438 1.0699462890625 -0.2415771484375
-0.0574607849121094 -0.00454330444335937 0.90692138671875 0.91943359375
-0.00235748291015625 -0.0839614868164062 -0.139404296875 1.5184326171875
0.0412940979003906 -0.0012664794921875 -0.7984619140625 0.81976318359375
0.074462890625 0.0448455810546875 0.044647216796875 0.0359458923339844
0.0336246490478516 -0.00431632995605469 0.77630615234375 -0.9447021484375
0.0231895446777344 -0.02392578125 -0.1134033203125 -1.5357666015625
-0.0151224136352539 -0.00243663787841797 -1.2003173828125 -0.5670166015625
-0.0141391754150391 -0.0015716552734375 -0.8839111328125 0.58697509765625
0.03900146484375 0.00447463989257813 -0.148193359375 0.830322265625
0.0185985565185547 3.814697265625E-05 0.384521484375 0.438446044921875
0.0201492309570313 -0.0268459320068359 0.5416259765625 -0.018798828125
0.0362739562988281 -0.0312843322753906 -0.496002197265625 -0.040252685546875
0.0354042053222656 -0.00427627563476563 -0.290252685546875 -0.4644775390625
0.0726547241210938 0.0137405395507813 0.343994140625 -0.668212890625
0.0340194702148438 0.0524749755859375 1.0670166015625 -0.255126953125
-0.0387458801269531 0.0129508972167969 0.91973876953125 0.911376953125
-0.000778198242187498 -0.0801315307617188 -0.1209716796875 1.5164794921875
0.0424652099609375 -0.01239013671875 -0.7896728515625 0.83062744140625
0.0811996459960937 0.0287933349609375 0.0425033569335938 0.0370826721191406
0.0301437377929688 -0.0161933898925781 0.772216796875 -0.9443359375
0.0256195068359375 -0.0193386077880859 -0.11376953125 -1.540771484375
0.0064244270324707 0.00766134262084961 -1.2008056640625 -0.56884765625
0.0160255432128906 -0.00481414794921875 -0.8856201171875 0.58746337890625
0.055755615234375 0.0009307861328125 -0.153076171875 0.83154296875
0.0169086456298828 -0.00937938690185547 0.382110595703125 0.4366455078125
0.00984954833984375 -0.0426902770996094 0.53955078125 -0.022735595703125
0.0288505554199219 -0.0445442199707031 -0.500946044921875 -0.0418395996093751
0.0347328186035156 -0.0154495239257813 -0.30523681640625 -0.467926025390625
0.0888900756835938 0.00743865966796875 0.31707763671875 -0.68133544921875
0.0612373352050781 0.0546035766601563 1.0501708984375 -0.2852783203125
-0.0210418701171875 0.0240612030029297 0.93212890625 0.87750244140625
0.000610351562499993 -0.0744476318359375 -0.0871582031249999 1.5108642578125
0.0409622192382813 -0.02423095703125 -0.77032470703125 0.84332275390625
0.0853042602539063 0.01422119140625 0.0374832153320313 0.0459327697753906
0.0316257476806641 -0.0234928131103516 0.790283203125 -0.9337158203125
0.0317726135253906 -0.0127010345458984 -0.0775146484374999 -1.5506591796875
0.0257816314697266 0.01873779296875 -1.192138671875 -0.5955810546875
0.0374984741210938 -0.00757217407226563 -0.90557861328125 0.5635986328125
0.0707931518554687 -0.001953125 -0.1761474609375 0.82049560546875
0.0151157379150391 -0.0196533203125 0.36767578125 0.433349609375
0.0023651123046875 -0.0551872253417969 0.535003662109375 -0.024017333984375
0.0268592834472656 -0.0569267272949219 -0.509552001953125 -0.048553466796875
0.0313816070556641 -0.0252552032470703 -0.32037353515625 -0.4788818359375
0.0980758666992188 0.002197265625 0.28802490234375 -0.701171875
0.0805740356445313 0.0552444458007813 1.030517578125 -0.32366943359375
-0.00727462768554688 0.0331859588623047 0.95526123046875 0.837890625
-3.81469726562467E-05 -0.0699615478515625 -0.0362548828124998 1.505615234375
0.0399894714355469 -0.0311508178710937 -0.75006103515625 0.86383056640625
0.08709716796875 0.00528717041015625 0.0334968566894531 0.0594406127929688
0.0336875915527344 -0.0318260192871094 0.81591796875 -0.9085693359375
0.0364837646484375 -0.00925064086914063 -0.0252685546875001 -1.562255859375
0.0414810180664063 0.0267829895019531 -1.1829833984375 -0.6473388671875
0.056304931640625 -0.00794219970703125 -0.93463134765625 0.52996826171875
0.0846176147460937 -0.004180908203125 -0.20721435546875 0.805419921875
0.0141792297363281 -0.0264701843261719 0.349945068359375 0.4298095703125
-0.00171279907226563 -0.0669097900390625 0.527099609375 -0.027374267578125
0.0273666381835938 -0.0619049072265625 -0.51898193359375 -0.04791259765625
0.0271587371826172 -0.0283718109130859 -0.3402099609375 -0.4903564453125
0.0991592407226563 -0.0027008056640625 0.2513427734375 -0.72247314453125
0.0862808227539063 0.0533981323242188 1.00018310546875 -0.37445068359375
-0.000808715820312497 0.0376510620117188 0.97576904296875 0.788818359375
0.0018157958984375 -0.0648422241210938 0.0212402343750002 1.490966796875
0.039398193359375 -0.036773681640625 -0.71807861328125 0.8875732421875
0.0896224975585938 -0.001220703125 0.02972412109375 0.0757827758789062
0.0342521667480469 -0.0327033996582031 0.8511962890625 -0.8802490234375
0.03912353515625 -0.00523757934570313 0.045166015625 -1.568359375
0.043487548828125 0.0333213806152344 -1.165283203125 -0.702880859375
0.0654487609863281 -0.00417709350585938 -0.96722412109375 0.4854736328125
0.089935302734375 -0.00559234619140625 -0.2457275390625 0.7879638671875
0.0154762268066406 -0.0311603546142578 0.328125 0.42340087890625
-0.001678466796875 -0.072998046875 0.517608642578125 -0.030548095703125
0.03076171875 -0.0611572265625 -0.527008056640625 -0.04901123046875
0.0241374969482422 -0.0322818756103516 -0.35821533203125 -0.497955322265625
0.0919647216796875 -0.00507354736328125 0.21343994140625 -0.7467041015625
0.0814590454101563 0.0488357543945313 0.9661865234375 -0.42608642578125
-0.000751495361328128 0.0382957458496094 1.001708984375 0.734619140625
0.00152206420898437 -0.0617103576660156 0.0897216796875002 1.4818115234375
0.0389480590820313 -0.037353515625 -0.68341064453125 0.91058349609375
0.0860595703125 0.00019073486328125 0.02679443359375 0.0942916870117188
0.0368614196777344 -0.0310440063476563 0.8829345703125 -0.85235595703125
0.0417900085449219 -0.0044708251953125 0.1083984375 -1.57958984375
0.0415534973144531 0.0374412536621094 -1.1458740234375 -0.76220703125
0.0600051879882813 -0.003692626953125 -1.00140380859375 0.4439697265625
0.0879669189453125 -0.00266265869140625 -0.2843017578125 0.76702880859375
0.015838623046875 -0.0297622680664063 0.310150146484375 0.417755126953125
0.0024871826171875 -0.0774612426757813 0.50933837890625 -0.03076171875
0.038482666015625 -0.05633544921875 -0.5369873046875 -0.0473632812500001
0.0216064453125 -0.029205322265625 -0.371124267578125 -0.507049560546875
0.0807266235351563 -0.00522613525390625 0.18170166015625 -0.7645263671875
0.0649833679199219 0.046234130859375 0.93963623046875 -0.46142578125
-0.00955581665039062 0.0344924926757813 1.01654052734375 0.693359375
-0.00152206420898437 -0.0653266906738281 0.14306640625 1.47021484375
0.0404167175292969 -0.0308380126953125 -0.65185546875 0.92816162109375
0.0826950073242188 0.0081787109375 0.0272979736328125 0.10906982421875
0.0365333557128906 -0.0256156921386719 0.91705322265625 -0.8206787109375
0.0389328002929688 -0.00658798217773438 0.16748046875 -1.5810546875
0.0293598175048828 0.0323772430419922 -1.1259765625 -0.8087158203125
0.0443572998046875 -0.00074005126953125 -1.029052734375 0.402099609375
0.0786285400390625 0.00043487548828125 -0.31500244140625 0.74615478515625
0.0163669586181641 -0.0271587371826172 0.297882080078125 0.414581298828125
0.00881958007812501 -0.0752334594726563 0.501708984375 -0.032440185546875
0.053375244140625 -0.00498580932617188 -0.499603271484375 -0.0336303710937501
0.0362205505371094 0.0157585144042969 -0.2896728515625 -0.45550537109375
0.0322666168212891 0.0235500335693359 0.34307861328125 -0.6790771484375
-0.0270309448242188 0.0417938232421875 1.0631103515625 -0.26953125
-0.0768661499023438 -0.013641357421875 0.93194580078125 0.90008544921875
-0.00469970703125 -0.0894622802734375 -0.0968017578124999 1.520263671875
0.0436248779296875 0.00986480712890625 -0.7720947265625 0.8370361328125
0.069061279296875 0.0596656799316406 0.0462760925292969 0.0405044555664063
0.0323066711425781 0.00634384155273438 0.7730712890625 -0.94439697265625
0.0190010070800781 -0.0299282073974609 -0.1221923828125 -1.5391845703125
-0.0377311706542969 -0.0107688903808594 -1.2064208984375 -0.563720703125
-0.0420379638671875 0.00219726562499999 -0.88348388671875 0.58978271484375
0.0223541259765625 0.00986480712890625 -0.14813232421875 0.8331298828125
0.0224380493164063 0.0115432739257813 0.38848876953125 0.435028076171875
0.0323085784912109 -0.0173358917236328 0.538360595703125 -0.0167236328125
0.0443687438964844 -0.0172691345214844 -0.4981689453125 -0.0316467285156251
0.0377349853515625 0.00579071044921875 -0.28900146484375 -0.45428466796875
0.05157470703125 0.0175132751464844 0.34393310546875 -0.6668701171875
0.00461959838867187 0.0467453002929688 1.06451416015625 -0.25213623046875
-0.0572052001953125 -0.00207901000976562 0.91796875 0.905517578125
-0.00334930419921875 -0.0844192504882813 -0.1199951171875 1.5166015625
0.0421333312988281 -0.000118255615234375 -0.785888671875 0.828369140625
0.0758056640625 0.0443572998046875 0.0424079895019531 0.0350875854492188
0.0327491760253906 -0.00471687316894531 0.7608642578125 -0.95135498046875
0.0233650207519531 -0.0230865478515625 -0.128173828125 -1.5347900390625
-0.0165090560913086 -0.00271797180175781 -1.205078125 -0.5484619140625
-0.0158758163452148 -0.000239372253417966 -0.87066650390625 0.59814453125
0.0391159057617188 0.00472640991210938 -0.1348876953125 0.83099365234375
0.0192432403564453 0.000957489013671875 0.390228271484375 0.430328369140625
0.0189266204833984 -0.0278720855712891 0.540374755859375 -0.02667236328125
0.0361251831054688 -0.0320358276367188 -0.498779296875 -0.0330200195312501
0.0367660522460938 -0.00447845458984375 -0.29705810546875 -0.456756591796875
0.07232666015625 0.013671875 0.33380126953125 -0.6680908203125
0.0358963012695313 0.0528984069824219 1.06036376953125 -0.26788330078125
-0.0374565124511719 0.0118675231933594 0.9273681640625 0.89727783203125
-0.0015716552734375 -0.081390380859375 -0.1031494140625 1.51708984375
0.0411605834960937 -0.011810302734375 -0.7781982421875 0.83599853515625
0.0804214477539063 0.027801513671875 0.0382652282714844 0.0362510681152344
0.0331859588623047 -0.0141849517822266 0.75909423828125 -0.9515380859375
0.0283412933349609 -0.0185337066650391 -0.12841796875 -1.535888671875
0.00796031951904297 0.00767946243286133 -1.204833984375 -0.550537109375
0.0135889053344727 -0.00396919250488281 -0.87432861328125 0.59619140625
0.0560646057128906 -0.000484466552734375 -0.14068603515625 0.83074951171875
0.0164947509765625 -0.00941848754882813 0.385040283203125 0.430511474609375
0.00718307495117187 -0.041748046875 0.537994384765625 -0.02978515625
0.0287094116210938 -0.0471992492675781 -0.50250244140625 -0.036529541015625
0.0347042083740234 -0.0160980224609375 -0.3115234375 -0.460357666015625
0.0889511108398437 0.00501251220703125 0.3076171875 -0.68243408203125
0.06341552734375 0.0550804138183594 1.04119873046875 -0.2974853515625
-0.0206832885742187 0.0249500274658203 0.94561767578125 0.8685302734375
-0.000938415527343744 -0.074371337890625 -0.067138671875 1.509765625
0.0399818420410156 -0.0230445861816406 -0.76165771484375 0.85162353515625
0.0860061645507813 0.0149154663085938 0.0363082885742188 0.04473876953125
0.0324382781982422 -0.0219306945800781 0.7763671875 -0.93817138671875
0.0331325531005859 -0.0113315582275391 -0.0982666015624999 -1.5433349609375
0.0273361206054688 0.0160255432128906 -1.1971435546875 -0.5791015625
0.0382957458496094 -0.00827407836914062 -0.89495849609375 0.57366943359375
0.0733718872070313 -0.00350189208984375 -0.16351318359375 0.82183837890625
0.0147800445556641 -0.0195484161376953 0.375030517578125 0.427520751953125
9.5367431640625E-05 -0.055084228515625 0.53582763671875 -0.031768798828125
0.0246696472167969 -0.0564346313476562 -0.509796142578125 -0.0399780273437499
0.0306129455566406 -0.0237102508544922 -0.32904052734375 -0.472686767578125
0.0971755981445313 0.00075531005859375 0.2763671875 -0.70111083984375
0.0803375244140625 0.0557174682617187 1.02178955078125 -0.3372802734375
-0.00716781616210938 0.0356559753417969 0.96636962890625 0.82708740234375
0.000190734863281247 -0.0704193115234375 -0.0174560546875 1.5008544921875
0.0407981872558594 -0.0331573486328125 -0.7386474609375 0.868896484375
0.0891799926757813 0.00311279296875 0.0322341918945313 0.0577201843261719
0.033721923828125 -0.0296440124511719 0.80535888671875 -0.91522216796875
0.036773681640625 -0.00859832763671875 -0.0439453125000002 -1.555908203125
0.0412216186523438 0.0257377624511719 -1.18603515625 -0.6307373046875
0.0563468933105469 -0.00703048706054687 -0.92401123046875 0.53955078125
0.0843048095703125 -0.00580596923828125 -0.196533203125 0.80755615234375
0.0140323638916016 -0.0261898040771484 0.353607177734375 0.425140380859375
-0.00410079956054687 -0.0666084289550781 0.527435302734375 -0.034149169921875
0.0248680114746094 -0.0606613159179687 -0.5179443359375 -0.040740966796875
0.0266342163085938 -0.0318679809570313 -0.347442626953125 -0.482025146484375
0.0999679565429687 -0.0035858154296875 0.23822021484375 -0.72265625
0.0875473022460938 0.0515823364257813 0.99420166015625 -0.38641357421875
0.000705718994140628 0.0378456115722656 0.98699951171875 0.77276611328125
0.00133514404296875 -0.0671806335449219 0.0393066406250001 1.489013671875
0.037445068359375 -0.0363197326660156 -0.70623779296875 0.8929443359375
0.0888900756835938 -0.0006866455078125 0.0293350219726563 0.0755081176757813
0.0342807769775391 -0.0331459045410156 0.8397216796875 -0.88763427734375
0.039825439453125 -0.0059814453125 0.0241699218749999 -1.5655517578125
0.0452194213867188 0.0322456359863281 -1.17041015625 -0.685546875
0.0653610229492188 -0.0051422119140625 -0.9583740234375 0.499267578125
0.0898666381835938 -0.00566864013671875 -0.23394775390625 0.7864990234375
0.0146636962890625 -0.0325164794921875 0.334503173828125 0.417022705078125
-0.00406646728515624 -0.0740890502929688 0.5172119140625 -0.039398193359375
0.0298805236816406 -0.0616722106933594 -0.52862548828125 -0.0395507812499999
0.0229282379150391 -0.0338268280029297 -0.36712646484375 -0.49200439453125
0.0935287475585938 -0.006500244140625 0.2010498046875 -0.7476806640625
0.08270263671875 0.0498809814453125 0.9613037109375 -0.435791015625
0.000205993652343752 0.0384407043457031 1.0096435546875 0.721435546875
-9.15527343749996E-05 -0.064727783203125 0.1092529296875 1.4769287109375
0.0388031005859375 -0.0368232727050781 -0.6695556640625 0.921142578125
0.0874710083007813 0.00078582763671875 0.0264892578125 0.0941848754882813
0.0356712341308594 -0.0298652648925781 0.8726806640625 -0.86114501953125
0.040130615234375 -0.00614166259765625 0.0914306640625001 -1.5780029296875
0.0419731140136719 0.0346107482910156 -1.1529541015625 -0.7454833984375
0.0608444213867188 -0.00146102905273438 -0.993408203125 0.4556884765625
0.0877227783203125 -0.00360107421875 -0.26947021484375 0.76873779296875
0.0161094665527344 -0.0315074920654297 0.316864013671875 0.41326904296875
-0.000465393066406257 -0.0770339965820312 0.5074462890625 -0.04022216796875
0.037567138671875 -0.0558891296386719 -0.537353515625 -0.039337158203125
0.0230770111083984 -0.0305652618408203 -0.38250732421875 -0.49810791015625
0.0794677734375 -0.00774383544921875 0.171630859375 -0.76495361328125
0.0661277770996094 0.0459938049316406 0.93255615234375 -0.47125244140625
-0.0111732482910156 0.0336246490478516 1.02313232421875 0.6787109375
-0.00057601928710937 -0.064849853515625 0.161376953125 1.46484375
0.0399703979492188 -0.0301971435546875 -0.6409912109375 0.93658447265625
0.0834426879882813 0.00914764404296875 0.0248336791992187 0.108512878417969
0.0358810424804688 -0.0267181396484375 0.90826416015625 -0.83013916015625
0.0420951843261719 -0.00744247436523437 0.1505126953125 -1.5794677734375
0.031524658203125 0.0319709777832031 -1.134765625 -0.7930908203125
0.0430183410644531 0.0018768310546875 -1.01885986328125 0.4158935546875
0.0790939331054688 -0.001251220703125 -0.30279541015625 0.746826171875
0.0181407928466797 -0.0278587341308594 0.300872802734375 0.40997314453125
0.00775146484374999 -0.0740127563476563 0.502899169921875 -0.041229248046875
0.053375244140625 -0.00591278076171875 -0.4990234375 -0.0249938964843749
0.0367660522460938 0.0146942138671875 -0.297943115234375 -0.448974609375
0.0335102081298828 0.0214786529541016 0.33331298828125 -0.6761474609375
-0.0266456604003906 0.0413246154785156 1.05120849609375 -0.28179931640625
-0.0772705078125 -0.0121231079101563 0.94000244140625 0.88543701171875
-0.00603485107421876 -0.08990478515625 -0.0780029296875 1.5150146484375
0.0435676574707031 0.0093231201171875 -0.75933837890625 0.84344482421875
0.0716094970703125 0.0604324340820313 0.0445327758789063 0.0395698547363281
0.034637451171875 0.00691795349121094 0.7557373046875 -0.9468994140625
0.0190544128417969 -0.0290470123291016 -0.1414794921875 -1.5302734375
-0.0377120971679688 -0.0122413635253906 -1.208740234375 -0.547119140625
-0.0452384948730469 0.00201797485351563 -0.87158203125 0.59967041015625
0.0223541259765625 0.00815963745117188 -0.13458251953125 0.828125
0.0224552154541016 0.0130844116210937 0.391265869140625 0.429962158203125
0.0298309326171875 -0.0166225433349609 0.538665771484375 -0.024993896484375
0.0426063537597656 -0.01727294921875 -0.495513916015625 -0.0244445800781251
0.0384788513183594 0.0055694580078125 -0.296539306640625 -0.445526123046875
0.0516395568847656 0.0178565979003906 0.333740234375 -0.66497802734375
0.00440216064453125 0.0465850830078125 1.05657958984375 -0.26544189453125
-0.0598373413085938 -0.00061035156249999 0.92694091796875 0.89306640625
-0.00457000732421875 -0.0860061645507812 -0.1029052734375 1.510986328125
0.0423469543457031 -0.00119781494140625 -0.77197265625 0.83349609375
0.075836181640625 0.0443038940429688 0.0425186157226563 0.0346336364746094
0.0330581665039063 -0.00234603881835938 0.7481689453125 -0.954833984375
0.023406982421875 -0.0251007080078125 -0.143798828125 -1.527099609375
-0.0148544311523438 -0.00191211700439453 -1.206787109375 -0.5323486328125
-0.015376091003418 0.000279426574707034 -0.8603515625 0.606689453125
0.0371322631835937 0.0026702880859375 -0.12335205078125 0.8297119140625
0.0208950042724609 0.00121116638183594 0.395904541015625 0.4246826171875
0.0186233520507813 -0.027618408203125 0.539947509765625 -0.03466796875
0.0355110168457031 -0.0341415405273438 -0.497161865234375 -0.0256652832031251
0.0375213623046875 -0.00526809692382813 -0.30389404296875 -0.44879150390625
0.0727920532226563 0.0113754272460938 0.32208251953125 -0.6663818359375
0.0357017517089844 0.0517044067382813 1.05389404296875 -0.28057861328125
-0.0367622375488281 0.0119857788085938 0.93560791015625 0.88275146484375
-0.0027008056640625 -0.07952880859375 -0.0849609375000002 1.5118408203125
0.0414505004882812 -0.0127067565917969 -0.76800537109375 0.84283447265625
0.0820465087890625 0.0293350219726563 0.0389366149902344 0.0370254516601563
0.0324745178222656 -0.0114326477050781 0.74725341796875 -0.95404052734375
0.0272579193115234 -0.0203018188476563 -0.1446533203125 -1.5264892578125
0.00678491592407227 0.00504875183105469 -1.20556640625 -0.5362548828125
0.0123472213745117 -0.00514507293701172 -0.86175537109375 0.60626220703125
0.056671142578125 -0.00080108642578125 -0.1275634765625 0.8294677734375
0.0169963836669922 -0.00874996185302734 0.39178466796875 0.42022705078125
0.00800323486328125 -0.0412406921386719 0.537994384765625 -0.038818359375
0.02728271484375 -0.0468978881835938 -0.501312255859375 -0.02752685546875
0.0348033905029297 -0.0172538757324219 -0.31982421875 -0.4520263671875
0.0900115966796875 0.00432586669921875 0.29864501953125 -0.6806640625
0.0653076171875 0.0535774230957031 1.03570556640625 -0.3094482421875
-0.0187282562255859 0.0262928009033203 0.9493408203125 0.85235595703125
-0.00257873535156251 -0.0751800537109375 -0.0491943359374999 1.504638671875
0.0400466918945313 -0.0219917297363281 -0.75030517578125 0.857666015625
0.0861282348632813 0.0135345458984375 0.0349082946777344 0.0454864501953125
0.0336780548095703 -0.0191860198974609 0.760986328125 -0.943359375
0.0327491760253906 -0.0138359069824219 -0.114501953125 -1.536865234375
0.0271968841552734 0.0161285400390625 -1.19775390625 -0.560791015625
0.0368003845214844 -0.00826644897460937 -0.88226318359375 0.58489990234375
0.072723388671875 -0.003509521484375 -0.14971923828125 0.81927490234375
0.0156459808349609 -0.0191802978515625 0.376251220703125 0.41943359375
-0.000770568847656256 -0.0538291931152344 0.53204345703125 -0.04071044921875
0.025665283203125 -0.0583686828613281 -0.509124755859375 -0.0302429199218751
0.0300464630126953 -0.0269222259521484 -0.333404541015625 -0.463165283203125
0.0964889526367187 -0.0011444091796875 0.26617431640625 -0.7003173828125
0.083709716796875 0.0552597045898438 1.016845703125 -0.34710693359375
-0.00619316101074218 0.0343799591064453 0.97052001953125 0.81146240234375
-0.000316619873046876 -0.0701789855957031 0.000732421874999842 1.4971923828125
0.0382728576660156 -0.033050537109375 -0.726318359375 0.87481689453125
0.0877456665039063 0.00506591796875 0.0312957763671875 0.0599861145019531
0.0343303680419922 -0.0263214111328125 0.7879638671875 -0.91986083984375
0.0389404296875 -0.0114402770996094 -0.061279296875 -1.550537109375
0.0405044555664063 0.0240974426269531 -1.1883544921875 -0.6143798828125
0.0550956726074219 -0.00839614868164063 -0.91436767578125 0.55145263671875
0.0835494995117188 -0.00695037841796875 -0.18115234375 0.80517578125
0.013458251953125 -0.0261726379394531 0.359466552734375 0.415924072265625
-0.0047149658203125 -0.0651092529296875 0.5238037109375 -0.042205810546875
0.0238456726074219 -0.0619621276855469 -0.518157958984375 -0.0309753417968749
0.0263385772705078 -0.0306682586669922 -0.35284423828125 -0.4737548828125
0.09918212890625 -0.0065765380859375 0.22802734375 -0.72088623046875
0.0912857055664063 0.0507736206054688 0.98529052734375 -0.39483642578125
0.000896453857421878 0.0391159057617188 0.99127197265625 0.760986328125
-0.000198364257812504 -0.0674057006835937 0.0598144531249999 1.48193359375
0.0386619567871094 -0.0362434387207031 -0.6925048828125 0.898681640625
0.0916748046875 -0.00048828125 0.0293121337890625 0.0759201049804688
0.035369873046875 -0.0306053161621094 0.8260498046875 -0.89410400390625
0.0410842895507812 -0.00801849365234375 0.00891113281249984 -1.559326171875
0.04473876953125 0.0302238464355469 -1.171875 -0.6685791015625
0.0644340515136719 -0.00603866577148438 -0.94708251953125 0.508544921875
0.0899887084960938 -0.00493621826171875 -0.2208251953125 0.787109375
0.0138149261474609 -0.0300540924072266 0.340667724609375 0.410888671875
-0.00649261474609376 -0.07342529296875 0.5142822265625 -0.047821044921875
0.0309486389160156 -0.0631256103515625 -0.527191162109375 -0.0297546386718751
0.0212631225585938 -0.0343666076660156 -0.372222900390625 -0.481597900390625
0.0919036865234375 -0.0081634521484375 0.19281005859375 -0.741943359375
0.084686279296875 0.0473098754882812 0.95135498046875 -0.44439697265625
0.000480651855468749 0.0383644104003906 1.01385498046875 0.70806884765625
-0.00165176391601562 -0.0652542114257813 0.12646484375 1.4710693359375
0.0382118225097656 -0.0358047485351563 -0.65740966796875 0.92510986328125
0.08819580078125 0 0.025390625 0.0958709716796875
0.0361328125 -0.0293769836425781 0.85845947265625 -0.86602783203125
0.0429611206054688 -0.00518417358398438 0.0723876953124998 -1.5718994140625
0.0443458557128906 0.0333976745605469 -1.1556396484375 -0.72509765625
0.0592155456542969 -0.00284576416015625 -0.98272705078125 0.46734619140625
0.0864944458007812 -0.0059967041015625 -0.25958251953125 0.7689208984375
0.0156059265136719 -0.03143310546875 0.320068359375 0.40667724609375
-0.002197265625 -0.0773468017578125 0.50726318359375 -0.04962158203125
0.0341567993164063 -0.0587043762207031 -0.5382080078125 -0.0282897949218751
0.0214385986328125 -0.0326004028320313 -0.3885498046875 -0.4893798828125
0.0789642333984375 -0.0070953369140625 0.15875244140625 -0.76080322265625
0.0679359436035156 0.0439949035644531 0.9227294921875 -0.47955322265625
-0.0101528167724609 0.0349922180175781 1.02838134765625 0.6644287109375
-0.00344085693359375 -0.065277099609375 0.17626953125 1.4571533203125
0.0388069152832031 -0.0313301086425781 -0.62799072265625 0.93865966796875
0.0829925537109375 0.007080078125 0.0233535766601563 0.108955383300781
0.037200927734375 -0.0245552062988281 0.8909912109375 -0.8353271484375
0.0400505065917969 -0.00853347778320313 0.1346435546875 -1.576904296875
0.0313282012939453 0.0311031341552734 -1.1357421875 -0.776123046875
0.0445709228515625 0.0009613037109375 -1.009521484375 0.4268798828125
0.0760574340820313 -0.00336456298828125 -0.29071044921875 0.7503662109375
0.0186710357666016 -0.0268058776855469 0.305511474609375 0.401092529296875
0.0033111572265625 -0.074310302734375 0.5 -0.051055908203125
0.0521392822265625 -0.00615310668945312 -0.49737548828125 -0.0165405273437499
0.0369911193847656 0.0141830444335938 -0.301300048828125 -0.439727783203125
0.0329208374023438 0.0216484069824219 0.3223876953125 -0.67431640625
-0.0243911743164062 0.0419578552246094 1.04742431640625 -0.29034423828125
-0.0757598876953125 -0.00915527343750001 0.94354248046875 0.87127685546875
-0.00682830810546875 -0.0894851684570313 -0.0621337890625001 1.507568359375
0.0425872802734375 0.00976181030273437 -0.74981689453125 0.84661865234375
0.0723190307617188 0.0602493286132813 0.0431671142578125 0.0394706726074219
0.0350513458251953 0.00720024108886719 0.743896484375 -0.950927734375
0.0198402404785156 -0.0307540893554688 -0.1507568359375 -1.525390625
-0.0369338989257813 -0.0133438110351563 -1.2086181640625 -0.53125
-0.0433616638183594 0.00438308715820312 -0.85809326171875 0.6077880859375
0.0222835540771484 0.00832939147949219 -0.12200927734375 0.82659912109375
0.0233402252197266 0.0119533538818359 0.395050048828125 0.423065185546875
0.0283985137939453 -0.0173912048339844 0.5361328125 -0.032684326171875
0.0428848266601562 -0.0187644958496094 -0.497314453125 -0.0172119140625
0.0366058349609375 0.00434494018554688 -0.30206298828125 -0.43841552734375
0.0508270263671875 0.01593017578125 0.3253173828125 -0.66351318359375
0.00699615478515625 0.0481491088867188 1.0501708984375 -0.2744140625
-0.0572967529296875 0.000160217285156246 0.931884765625 0.88189697265625
-0.00644683837890626 -0.0863494873046875 -0.0850830078125 1.505615234375
0.0423126220703125 -0.00198745727539063 -0.76318359375 0.839111328125
0.0784225463867188 0.04364013671875 0.0405387878417969 0.0333709716796875
0.0331935882568359 -0.000980377197265625 0.733154296875 -0.95672607421875
0.0235748291015625 -0.0249519348144531 -0.162353515625 -1.5184326171875
-0.0165500640869141 -0.002685546875 -1.203857421875 -0.51416015625
-0.0163183212280273 0.000766754150390627 -0.84765625 0.61285400390625
0.0379562377929688 0.00292587280273438 -0.1123046875 0.826171875
0.0202293395996094 0.00086212158203125 0.398284912109375 0.416595458984375
0.0167236328125 -0.0274066925048828 0.536407470703125 -0.0421142578125
0.0337638854980469 -0.0333709716796875 -0.49761962890625 -0.0166931152343749
0.0359077453613281 -0.00707244873046875 -0.308746337890625 -0.437469482421875
0.073150634765625 0.0105133056640625 0.31390380859375 -0.66571044921875
0.0379905700683594 0.0518836975097656 1.04595947265625 -0.28985595703125
-0.0372772216796875 0.0135612487792969 0.9381103515625 0.8695068359375
-0.00531768798828125 -0.08123779296875 -0.0692138671874999 1.50244140625
0.0400733947753906 -0.0122489929199219 -0.75640869140625 0.84735107421875
0.0831375122070313 0.0268707275390625 0.0376434326171875 0.0364303588867188
0.0332736968994141 -0.0103588104248047 0.73114013671875 -0.95654296875
0.0292110443115234 -0.0194778442382813 -0.157958984375 -1.519287109375
0.00774717330932617 0.00645828247070313 -1.2064208984375 -0.5177001953125
0.0123233795166016 -0.00292491912841797 -0.8504638671875 0.6134033203125
0.0552520751953125 -0.00294876098632812 -0.116455078125 0.8260498046875
0.0166997909545898 -0.00857353210449219 0.394989013671875 0.41522216796875
0.00418472290039062 -0.0416946411132812 0.5347900390625 -0.044952392578125
0.025787353515625 -0.0460968017578125 -0.5001220703125 -0.0184936523437499
0.0343189239501953 -0.0157604217529297 -0.323333740234375 -0.443359375
0.0898590087890625 0.00366973876953125 0.2890625 -0.67877197265625
0.0672836303710938 0.0527000427246094 1.02813720703125 -0.32061767578125
-0.0176200866699219 0.0262432098388672 0.9564208984375 0.8397216796875
-0.00407409667968749 -0.07696533203125 -0.0354003906249999 1.49853515625
0.0374565124511719 -0.023162841796875 -0.73712158203125 0.85980224609375
0.0869064331054688 0.0142974853515625 0.0329475402832031 0.0432052612304687
0.0333957672119141 -0.0187015533447266 0.74700927734375 -0.9442138671875
0.0317478179931641 -0.0143394470214844 -0.126953125 -1.527099609375
0.0273265838623047 0.0149574279785156 -1.1971435546875 -0.544677734375
0.0371284484863281 -0.00705337524414063 -0.87042236328125 0.5936279296875
0.0700149536132813 -0.00648117065429688 -0.13763427734375 0.8167724609375
0.0166645050048828 -0.0196933746337891 0.37939453125 0.414337158203125
-0.00279617309570312 -0.0532722473144531 0.5289306640625 -0.04718017578125
0.0244827270507812 -0.0558433532714844 -0.50775146484375 -0.023773193359375
0.0292949676513672 -0.0253715515136719 -0.339569091796875 -0.45416259765625
0.0973892211914063 -0.00031280517578125 0.25787353515625 -0.69677734375
0.0834274291992188 0.0530929565429688 1.0074462890625 -0.35626220703125
-0.00396919250488282 0.0347900390625 0.9736328125 0.79827880859375
-0.00125885009765625 -0.072540283203125 0.0134277343749999 1.489501953125
0.0381355285644531 -0.032318115234375 -0.713623046875 0.87725830078125
0.088623046875 0.00341796875 0.0307693481445313 0.058502197265625
0.0350151062011719 -0.0256767272949219 0.77978515625 -0.92218017578125
0.0384292602539063 -0.0131645202636719 -0.0758056640624999 -1.5413818359375
0.0416488647460938 0.0241928100585938 -1.18896484375 -0.5943603515625
0.0541267395019531 -0.0064697265625 -0.90093994140625 0.5604248046875
0.0826950073242188 -0.00865936279296875 -0.16949462890625 0.804443359375
0.0157241821289062 -0.0269241333007813 0.362579345703125 0.409942626953125
-0.00587844848632812 -0.0645675659179688 0.5225830078125 -0.047271728515625
0.0248947143554688 -0.0629196166992188 -0.5179443359375 -0.0235595703125
0.0265979766845703 -0.0308475494384766 -0.358612060546875 -0.46240234375
0.0981979370117188 -0.00722503662109375 0.2181396484375 -0.71636962890625
0.09014892578125 0.050384521484375 0.9742431640625 -0.40252685546875
0.00228118896484375 0.0380096435546875 0.99591064453125 0.7498779296875
-0.00165176391601563 -0.0694198608398438 0.0758056640624999 1.4774169921875
0.0357627868652344 -0.0373001098632813 -0.68304443359375 0.902099609375
0.089447021484375 -0.00188446044921875 0.027130126953125 0.0760955810546875
0.0342960357666016 -0.03009033203125 0.811279296875 -0.8951416015625
0.0395164489746094 -0.007293701171875 -0.00646972656250008 -1.555419921875
0.0470504760742188 0.0298538208007813 -1.170654296875 -0.653076171875
0.0632896423339844 -0.00715255737304688 -0.934814453125 0.51715087890625
0.0897750854492188 -0.00870513916015625 -0.20831298828125 0.78582763671875
0.0150985717773437 -0.0299148559570313 0.34222412109375 0.405059814453125
-0.00696563720703124 -0.07305908203125 0.5113525390625 -0.0540771484375
0.0266685485839844 -0.0637016296386719 -0.52618408203125 -0.025543212890625
0.019989013671875 -0.0346393585205078 -0.37896728515625 -0.471527099609375
0.0915985107421875 -0.00970458984375 0.1812744140625 -0.73736572265625
0.0857467651367188 0.0449371337890625 0.942626953125 -0.4537353515625
0.000267028808593752 0.0394248962402344 1.01788330078125 0.695556640625
-0.00219345092773437 -0.067230224609375 0.1417236328125 1.4610595703125
0.0374259948730469 -0.035614013671875 -0.64599609375 0.92681884765625
0.0870285034179687 0.00031280517578125 0.0262298583984375 0.0940628051757813
0.0361289978027344 -0.0276374816894531 0.84442138671875 -0.86737060546875
0.042388916015625 -0.00857925415039063 0.05615234375 -1.5655517578125
0.0425338745117187 0.0329017639160156 -1.15625 -0.709228515625
0.0587310791015625 -0.00286865234375 -0.97198486328125 0.47576904296875
0.08782958984375 -0.00670623779296875 -0.24664306640625 0.76641845703125
0.0161151885986328 -0.0324974060058594 0.32354736328125 0.4010009765625
-0.0030059814453125 -0.07568359375 0.503448486328125 -0.053497314453125
0.0340461730957031 -0.0584335327148438 -0.535308837890625 -0.0227661132812501
0.0192070007324219 -0.0323772430419922 -0.394439697265625 -0.47845458984375
0.0802154541015625 -0.00750732421875 0.14935302734375 -0.75555419921875
0.0690689086914063 0.0431556701660156 0.913818359375 -0.48858642578125
-0.00831222534179688 0.0347328186035156 1.03082275390625 0.65106201171875
-0.00275802612304687 -0.0662002563476563 0.1922607421875 1.446533203125
0.0370254516601563 -0.0316963195800781 -0.61651611328125 0.9417724609375
0.0834121704101563 0.00826263427734375 0.0263442993164062 0.109611511230469
0.0372161865234375 -0.0245933532714844 0.87774658203125 -0.84014892578125
0.0407218933105469 -0.00878524780273438 0.1171875 -1.5703125
0.03228759765625 0.029693603515625 -1.1400146484375 -0.758056640625
0.0437889099121094 0.000568389892578125 -0.99871826171875 0.4366455078125
0.0768585205078125 -0.0050506591796875 -0.2769775390625 0.74591064453125
0.0161342620849609 -0.0279903411865234 0.3116455078125 0.39508056640625
0.00434875488281251 -0.0731964111328125 0.498016357421875 -0.056182861328125
0.0527801513671875 -0.0058135986328125 -0.497039794921875 -0.01031494140625
0.0377120971679688 0.013519287109375 -0.30584716796875 -0.431182861328125
0.0332984924316406 0.0216579437255859 0.31573486328125 -0.67315673828125
-0.0222282409667969 0.0436592102050781 1.0382080078125 -0.2989501953125
-0.075225830078125 -0.00965881347656251 0.9453125 0.8594970703125
-0.00891113281250001 -0.0904998779296875 -0.0491943359375 1.497314453125
0.0425186157226563 0.0102500915527344 -0.74090576171875 0.8489990234375
0.0735397338867188 0.0596923828125 0.0410575866699219 0.0392646789550781
0.0354766845703125 0.00915908813476563 0.7313232421875 -0.94921875
0.0199718475341797 -0.0289707183837891 -0.162353515625 -1.511474609375
-0.0370140075683594 -0.0108261108398438 -1.203857421875 -0.5164794921875
-0.0431632995605469 0.00655364990234376 -0.848388671875 0.6112060546875
0.0217838287353516 0.00757408142089844 -0.1121826171875 0.82061767578125
0.0233097076416016 0.0120944976806641 0.397369384765625 0.415679931640625
0.0277099609375 -0.0171489715576172 0.533355712890625 -0.039642333984375
0.0427742004394531 -0.0193901062011719 -0.493804931640625 -0.00949096679687504
0.0364303588867187 0.00467681884765625 -0.306549072265625 -0.4278564453125
0.0522117614746094 0.0173416137695313 0.31927490234375 -0.65911865234375
0.00835418701171875 0.0475349426269531 1.04302978515625 -0.2838134765625
-0.055450439453125 0.000869750976562498 0.93463134765625 0.86981201171875
-0.00703430175781251 -0.084686279296875 -0.0729980468750001 1.4976806640625
0.0413131713867187 -9.5367431640625E-05 -0.7510986328125 0.84027099609375
0.079315185546875 0.0439834594726562 0.0391120910644531 0.0342483520507812
0.0339736938476563 -0.000776290893554688 0.7216796875 -0.956298828125
0.0232295989990234 -0.0242271423339844 -0.173583984375 -1.507568359375
-0.0151872634887695 -0.00263500213623047 -1.201171875 -0.501708984375
-0.0154209136962891 0.000823974609375 -0.83453369140625 0.617431640625
0.0382499694824219 0.0025634765625 -0.1011962890625 0.82049560546875
0.020965576171875 -8.58306884765625E-05 0.4000244140625 0.410797119140625
0.0150680541992188 -0.0269908905029297 0.533294677734375 -0.048980712890625
0.0334415435791016 -0.0339565277099609 -0.49530029296875 -0.0107727050781249
0.0354270935058594 -0.00656509399414063 -0.313018798828125 -0.43157958984375
0.0721282958984375 0.0106430053710938 0.3035888671875 -0.6644287109375
0.0402259826660156 0.0524559020996094 1.03717041015625 -0.29638671875
-0.0363273620605469 0.0130729675292969 0.943359375 0.8564453125
-0.00606536865234376 -0.0810546875 -0.0544433593749999 1.4947509765625
0.0390777587890625 -0.0117073059082031 -0.74444580078125 0.8507080078125
0.08404541015625 0.0276412963867188 0.0361824035644531 0.0376205444335938
0.0335445404052734 -0.0105648040771484 0.72161865234375 -0.95654296875
0.0281105041503906 -0.0193519592285156 -0.16943359375 -1.5076904296875
0.00695371627807617 0.00482797622680664 -1.2022705078125 -0.5047607421875
0.0114202499389648 -0.00433731079101563 -0.83831787109375 0.61773681640625
0.0556068420410156 -0.0023651123046875 -0.10601806640625 0.820068359375
0.0177631378173828 -0.00898933410644531 0.3973388671875 0.408355712890625
0.00487136840820313 -0.0394554138183594 0.531097412109375 -0.051116943359375
0.0265998840332031 -0.0462760925292969 -0.4979248046875 -0.0126647949218749
0.0321559906005859 -0.0179557800292969 -0.328033447265625 -0.434906005859375
0.0874786376953125 0.0034332275390625 0.27984619140625 -0.67474365234375
0.0670051574707031 0.0530052185058594 1.02117919921875 -0.3265380859375
-0.0180339813232422 0.0254421234130859 0.95794677734375 0.82769775390625
-0.00460052490234374 -0.076263427734375 -0.0201416015624999 1.489501953125
0.0376701354980469 -0.0225715637207031 -0.7271728515625 0.863037109375
0.0875244140625 0.0131378173828125 0.0331344604492188 0.0456695556640625
0.0335922241210938 -0.0191726684570313 0.73443603515625 -0.9443359375
0.0329322814941406 -0.0143642425537109 -0.1405029296875 -1.5206298828125
0.0267829895019531 0.0145072937011719 -1.1943359375 -0.53173828125
0.0358238220214844 -0.008270263671875 -0.85931396484375 0.59619140625
0.0705718994140625 -0.0063629150390625 -0.12615966796875 0.81219482421875
0.0148754119873047 -0.0196132659912109 0.382843017578125 0.4083251953125
-0.00501632690429688 -0.0518341064453125 0.526275634765625 -0.05291748046875
0.0225410461425781 -0.0588607788085937 -0.506927490234375 -0.01568603515625
0.0272846221923828 -0.025848388671875 -0.344879150390625 -0.444122314453125
0.0962600708007813 -0.0025634765625 0.24951171875 -0.69366455078125
0.0855255126953125 0.05230712890625 0.9981689453125 -0.3614501953125
-0.00502395629882813 0.0341815948486328 0.97979736328125 0.786865234375
-0.00208282470703125 -0.0709304809570313 0.0290527343750001 1.47802734375
0.0365257263183594 -0.031646728515625 -0.705078125 0.88165283203125
0.0887908935546875 0.00331878662109375 0.0288772583007813 0.0596923828125
0.0343780517578125 -0.02593994140625 0.76458740234375 -0.9234619140625
0.0374908447265625 -0.0112953186035156 -0.0885009765625001 -1.5333251953125
0.0405540466308594 0.0221786499023438 -1.1865234375 -0.57958984375
0.0541725158691406 -0.00768661499023438 -0.89154052734375 0.56671142578125
0.0822067260742188 -0.00899505615234375 -0.159423828125 0.7984619140625
0.0141525268554688 -0.0272006988525391 0.36590576171875 0.40509033203125
-0.0089569091796875 -0.0646514892578125 0.519378662109375 -0.054840087890625
0.0225982666015625 -0.0627365112304688 -0.51531982421875 -0.0177307128906249
0.0254173278808594 -0.0318717956542969 -0.36395263671875 -0.45458984375
0.0983657836914063 -0.00800323486328125 0.21209716796875 -0.71258544921875
0.09149169921875 0.04998779296875 0.96649169921875 -0.40899658203125
0.00225067138671875 0.0375633239746094 0.99639892578125 0.73846435546875
-0.00188064575195312 -0.0685844421386719 0.0885009765625 1.4659423828125
0.0361099243164063 -0.0358123779296875 -0.669677734375 0.9049072265625
0.090118408203125 -0.00262451171875 0.0267562866210938 0.0753860473632813
0.0353240966796875 -0.02825927734375 0.7978515625 -0.89630126953125
0.0407676696777344 -0.0085601806640625 -0.0196533203125001 -1.544677734375
0.0467529296875 0.0289421081542969 -1.1712646484375 -0.6383056640625
0.06207275390625 -0.00550079345703125 -0.92657470703125 0.52496337890625
0.08880615234375 -0.00901031494140625 -0.19891357421875 0.78094482421875
0.0148563385009766 -0.0309619903564453 0.345001220703125 0.398529052734375
-0.0101852416992188 -0.072174072265625 0.508697509765625 -0.0592041015625
0.0282630920410156 -0.0634727478027344 -0.52435302734375 -0.01654052734375
0.0211753845214844 -0.0347900390625 -0.38348388671875 -0.462860107421875
0.0914306640625 -0.0100479125976563 0.17120361328125 -0.73175048828125
0.0863800048828125 0.046875 0.9349365234375 -0.45831298828125
0.00140762329101563 0.038970947265625 1.01873779296875 0.6832275390625
-0.00285720825195313 -0.0662040710449219 0.1529541015625 1.45068359375
0.03546142578125 -0.036529541015625 -0.634033203125 0.9276123046875
0.0888671875 3.814697265625E-05 0.0248641967773438 0.09375
0.0364265441894531 -0.0272941589355469 0.83001708984375 -0.86883544921875
0.0423088073730469 -0.00693130493164063 0.0440673828125001 -1.556640625
0.0439414978027344 0.0315933227539063 -1.157470703125 -0.6943359375
0.0580024719238281 -0.00363922119140625 -0.96087646484375 0.48321533203125
0.0868606567382813 -0.00725555419921875 -0.23699951171875 0.76190185546875
0.0173263549804688 -0.0311794281005859 0.32635498046875 0.393890380859375
-0.00558471679687501 -0.0762939453125 0.5009765625 -0.05938720703125
0.0354995727539062 -0.0598297119140625 -0.53436279296875 -0.0157470703125
0.0193672180175781 -0.0317287445068359 -0.398681640625 -0.470947265625
0.0789947509765625 -0.00936126708984375 0.1414794921875 -0.7489013671875
0.0710601806640625 0.0450363159179688 0.90362548828125 -0.4913330078125
-0.00814437866210938 0.0356674194335938 1.03173828125 0.639892578125
-0.005401611328125 -0.0665435791015625 0.2027587890625 1.4368896484375
0.0363578796386719 -0.0318870544433594 -0.60577392578125 0.9410400390625
0.08502197265625 0.0065765380859375 0.024078369140625 0.108970642089844
0.0375099182128906 -0.0230064392089844 0.86614990234375 -0.8416748046875
0.0420150756835938 -0.00864410400390625 0.1024169921875 -1.5611572265625
0.0333690643310547 0.0277023315429688 -1.14111328125 -0.742919921875
0.0431404113769531 0.000209808349609375 -0.99017333984375 0.4439697265625
0.0781402587890625 -0.0052642822265625 -0.26727294921875 0.74481201171875
0.0176868438720703 -0.0277194976806641 0.31365966796875 0.39111328125
0.0013580322265625 -0.0722274780273438 0.495025634765625 -0.05938720703125
0.0531196594238281 -0.00842666625976563 -0.493072509765625 -0.00500488281249991
0.0371818542480469 0.0122642517089844 -0.30853271484375 -0.42364501953125
0.0336532592773438 0.0213603973388672 0.307373046875 -0.66876220703125
-0.0206451416015625 0.0436439514160156 1.03155517578125 -0.30499267578125
-0.07440185546875 -0.00901031494140624 0.9462890625 0.84930419921875
-0.0120773315429688 -0.0894851684570312 -0.0373535156250001 1.4908447265625
0.0421371459960938 0.01019287109375 -0.73077392578125 0.84954833984375
0.0728530883789063 0.0599822998046875 0.0405387878417969 0.0399093627929688
0.0364532470703125 0.0106277465820313 0.7203369140625 -0.947265625
0.0201168060302734 -0.0278587341308594 -0.1737060546875 -1.503173828125
-0.0365104675292969 -0.011016845703125 -1.198974609375 -0.50390625
-0.0434150695800781 0.00694274902343749 -0.836669921875 0.6138916015625
0.0225677490234375 0.00675201416015625 -0.101318359375 0.8165283203125
0.0243854522705078 0.01055908203125 0.398956298828125 0.408538818359375
0.0259933471679688 -0.0157890319824219 0.529510498046875 -0.043975830078125
0.0414924621582031 -0.0192680358886719 -0.492340087890625 -0.00473022460937503
0.0366249084472656 0.00517654418945313 -0.308502197265625 -0.42041015625
0.0531082153320313 0.0173301696777344 0.31103515625 -0.65679931640625
0.00986480712890625 0.0474700927734375 1.034423828125 -0.287841796875
-0.0562210083007813 0.00104141235351562 0.9368896484375 0.85699462890625
-0.00868988037109375 -0.0861129760742188 -0.0655517578124999 1.4884033203125
0.0413665771484375 0.0001220703125 -0.743896484375 0.8404541015625
0.0793609619140625 0.043304443359375 0.0367546081542969 0.0346794128417969
0.035675048828125 0.000293731689453125 0.7110595703125 -0.9547119140625
0.0236949920654297 -0.0251903533935547 -0.179931640625 -1.499267578125
-0.0155172348022461 -0.00337600708007812 -1.1966552734375 -0.4884033203125
-0.016270637512207 0.00231552124023437 -0.8262939453125 0.62030029296875
0.0378799438476563 0.0019683837890625 -0.0935668945312501 0.81597900390625
0.0198154449462891 0.00016021728515625 0.403411865234375 0.405670166015625
0.0136165618896484 -0.0280818939208984 0.530181884765625 -0.05230712890625
0.0322494506835938 -0.0343132019042969 -0.492645263671875 -0.00430297851562504
0.0354957580566406 -0.00675582885742188 -0.316253662109375 -0.422637939453125
0.0723800659179687 0.009857177734375 0.29937744140625 -0.660888671875
0.0418357849121094 0.0520896911621094 1.030029296875 -0.30072021484375
-0.0344429016113281 0.0150375366210937 0.9459228515625 0.84429931640625
-0.00727081298828124 -0.0803985595703125 -0.04248046875 1.4866943359375
0.0397567749023437 -0.0123367309570313 -0.73797607421875 0.8499755859375
0.0850296020507813 0.0270462036132813 0.0345344543457031 0.037200927734375
0.0342426300048828 -0.00994682312011719 0.707763671875 -0.95562744140625
0.0280723571777344 -0.0191555023193359 -0.177490234375 -1.4984130859375
0.00731801986694336 0.00508594512939453 -1.1971435546875 -0.4913330078125
0.0113201141357422 -0.00302505493164062 -0.8275146484375 0.61962890625
0.0548248291015625 -0.00339508056640625 -0.09759521484375 0.81524658203125
0.0180110931396484 -0.0102481842041016 0.397003173828125 0.402099609375
0.00212860107421875 -0.0391807556152344 0.527801513671875 -0.055511474609375
0.0269393920898438 -0.048370361328125 -0.497283935546875 -0.00689697265624994
0.0332603454589844 -0.0172557830810547 -0.3289794921875 -0.427001953125
0.08819580078125 0.0030670166015625 0.2730712890625 -0.67181396484375
0.0680961608886719 0.0520133972167969 1.01263427734375 -0.3311767578125
-0.0162849426269531 0.0260257720947266 0.95947265625 0.81689453125
-0.00492095947265625 -0.0766525268554688 -0.0122070312500001 1.4813232421875
0.0367279052734375 -0.0219078063964844 -0.71954345703125 0.8634033203125
0.0878448486328125 0.0134353637695313 0.0311050415039063 0.0458145141601562
0.0343303680419922 -0.0185661315917969 0.722900390625 -0.9423828125
0.0335369110107422 -0.015167236328125 -0.148681640625 -1.511474609375
0.0270442962646484 0.0140743255615234 -1.188720703125 -0.5191650390625
0.0373954772949219 -0.00725173950195313 -0.84844970703125 0.600341796875
0.0702896118164063 -0.00768280029296875 -0.1190185546875 0.8074951171875
0.0162868499755859 -0.0188884735107422 0.38330078125 0.40093994140625
-0.00510406494140625 -0.0514068603515625 0.522674560546875 -0.0594482421875
0.0228462219238281 -0.0582160949707031 -0.504486083984375 -0.0103759765624999
0.0289192199707031 -0.0254878997802734 -0.347564697265625 -0.43865966796875
0.0981369018554688 -0.0023651123046875 0.24322509765625 -0.68841552734375
0.085968017578125 0.0513381958007813 0.99151611328125 -0.36785888671875
-0.00343132019042968 0.0348129272460938 0.97998046875 0.7767333984375
-0.00455474853515625 -0.0720596313476562 0.0396728515625 1.46923828125
0.0371856689453125 -0.0313682556152344 -0.6959228515625 0.87957763671875
0.090606689453125 0.00174713134765625 0.0278663635253906 0.0599403381347656
0.0349998474121094 -0.0246353149414062 0.75360107421875 -0.9210205078125
0.0372886657714844 -0.0108909606933594 -0.0944824218749999 -1.5220947265625
0.0421104431152344 0.0218505859375 -1.1826171875 -0.5693359375
0.0535812377929687 -0.00661468505859375 -0.8819580078125 0.56695556640625
0.083038330078125 -0.0099334716796875 -0.1531982421875 0.79449462890625
0.0150737762451172 -0.0263233184814453 0.36602783203125 0.39837646484375
-0.010223388671875 -0.06292724609375 0.51739501953125 -0.05889892578125
0.0220413208007813 -0.0631523132324219 -0.51190185546875 -0.0108642578124999
0.0257434844970703 -0.0320262908935547 -0.365631103515625 -0.44561767578125
0.0966644287109375 -0.00873565673828125 0.20379638671875 -0.7081298828125
0.0940093994140625 0.049713134765625 0.9571533203125 -0.41217041015625
0.0022125244140625 0.0383415222167969 0.99884033203125 0.72601318359375
-0.00371551513671875 -0.0679435729980469 0.0972900390625 1.4556884765625
0.0361099243164063 -0.0353317260742188 -0.6634521484375 0.9036865234375
0.091064453125 -0.00397491455078125 0.0247650146484375 0.0758514404296875
0.0362091064453125 -0.0288314819335938 0.7904052734375 -0.89666748046875
0.0416717529296875 -0.00769805908203125 -0.0291748046875 -1.533447265625
0.0483245849609375 0.0281753540039063 -1.1671142578125 -0.6243896484375
0.0622901916503906 -0.00629425048828125 -0.91680908203125 0.5284423828125
0.0871124267578125 -0.009857177734375 -0.18841552734375 0.7774658203125
0.0152149200439453 -0.0303058624267578 0.34625244140625 0.393829345703125
-0.0111846923828125 -0.0708541870117188 0.507110595703125 -0.0650634765625
0.0265350341796875 -0.0635185241699219 -0.52191162109375 -0.0120239257812501
0.0200691223144531 -0.0345058441162109 -0.386260986328125 -0.454864501953125
0.0909500122070312 -0.0111083984375 0.16790771484375 -0.7269287109375
0.0880889892578125 0.0460739135742188 0.92474365234375 -0.46148681640625
0.0024261474609375 0.0389747619628906 1.01873779296875 0.6708984375
-0.00406646728515625 -0.0674057006835938 0.163818359375 1.4429931640625
0.0359649658203125 -0.0349464416503906 -0.62799072265625 0.92559814453125
0.0886077880859375 -0.00135040283203125 0.024169921875 0.0932998657226563
0.0372047424316406 -0.0272674560546875 0.82135009765625 -0.86834716796875
0.0419540405273438 -0.00725173950195313 0.0352783203125 -1.5494384765625
0.0438270568847656 0.0303955078125 -1.15087890625 -0.681884765625
0.0571060180664063 -0.00321578979492188 -0.95037841796875 0.48797607421875
0.0866546630859375 -0.00811767578125 -0.2254638671875 0.7598876953125
0.0167083740234375 -0.0313701629638672 0.32830810546875 0.390533447265625
-0.006622314453125 -0.0752639770507813 0.49749755859375 -0.064117431640625
0.0326156616210938 -0.0590248107910156 -0.53106689453125 -0.0089721679687501
0.0205478668212891 -0.0326461791992188 -0.400238037109375 -0.4608154296875
0.07904052734375 -0.00832366943359375 0.1328125 -0.74603271484375
0.072021484375 0.04510498046875 0.89471435546875 -0.49554443359375
-0.00804901123046875 0.0357627868652344 1.02996826171875 0.6307373046875
-0.00580978393554687 -0.0669937133789063 0.2110595703125 1.4278564453125
0.0362586975097656 -0.0315780639648438 -0.59661865234375 0.94189453125
0.0866928100585937 0.006622314453125 0.0243911743164063 0.109619140625
0.0380630493164062 -0.02191162109375 0.85345458984375 -0.839599609375
0.0426597595214844 -0.00922012329101563 0.0938720703125001 -1.552734375
0.0323829650878906 0.0279617309570313 -1.136962890625 -0.7294921875
0.0413436889648437 0.00164413452148438 -0.98016357421875 0.45013427734375
0.0775527954101563 -0.005462646484375 -0.2576904296875 0.74365234375
0.0171375274658203 -0.0279140472412109 0.314208984375 0.384796142578125
-0.000198364257812498 -0.0711441040039063 0.49212646484375 -0.06488037109375
0.0525665283203125 -0.0090484619140625 -0.492828369140625 6.10351562498973E-05
0.0373344421386719 0.01263427734375 -0.310546875 -0.4163818359375
0.0335178375244141 0.0205974578857422 0.30206298828125 -0.6649169921875
-0.0192108154296875 0.04412841796875 1.02203369140625 -0.30841064453125
-0.0738449096679688 -0.00769042968750001 0.948486328125 0.8388671875
-0.0116119384765625 -0.090057373046875 -0.029541015625 1.482666015625
0.0418167114257813 0.0109024047851563 -0.7239990234375 0.84759521484375
0.0735397338867188 0.0587310791015625 0.0384521484375 0.0391998291015625
0.036834716796875 0.0113029479980469 0.711669921875 -0.944580078125
0.0194091796875 -0.0287494659423828 -0.17822265625 -1.492919921875
-0.03662109375 -0.0114212036132812 -1.192626953125 -0.49365234375
-0.0428276062011719 0.00854492187500001 -0.828857421875 0.61639404296875
0.0213279724121094 0.00668525695800781 -0.09649658203125 0.81298828125
0.0241451263427734 0.0105724334716797 0.3988037109375 0.4046630859375
0.0235481262207031 -0.0157966613769531 0.527587890625 -0.04827880859375
0.0417709350585938 -0.0210113525390625 -0.489013671875 -9.15527343750623E-05
0.0362701416015625 0.00234603881835938 -0.310302734375 -0.414306640625
0.0525741577148438 0.0158805847167969 0.30499267578125 -0.65167236328125
0.00995254516601563 0.0463829040527344 1.02838134765625 -0.2928466796875
-0.0544700622558594 0.00113677978515626 0.935302734375 0.84765625
-0.00931549072265624 -0.0858078002929687 -0.0533447265625 1.480712890625
0.0404930114746094 0.000736236572265625 -0.73651123046875 0.84027099609375
0.0794906616210938 0.0445785522460938 0.0359268188476563 0.0354194641113281
0.0362281799316406 0.0028076171875 0.70111083984375 -0.9534912109375
0.0236682891845703 -0.0240859985351563 -0.185546875 -1.4896240234375
-0.0150527954101563 -0.00412559509277344 -1.193115234375 -0.4791259765625
-0.0155429840087891 0.0029144287109375 -0.81549072265625 0.62322998046875
0.0369529724121094 0.00250244140625 -0.08526611328125 0.81103515625
0.0210628509521484 -0.00048065185546875 0.401824951171875 0.400604248046875
0.0116405487060547 -0.0265636444091797 0.527496337890625 -0.05615234375
0.0313282012939453 -0.0341587066650391 -0.490020751953125 -0.000793457031249931
0.0351905822753906 -0.00679397583007812 -0.31964111328125 -0.4150390625
0.072784423828125 0.00925445556640625 0.29412841796875 -0.6571044921875
0.0432548522949219 0.0502433776855469 1.0224609375 -0.3055419921875
-0.0344429016113281 0.0141830444335938 0.9437255859375 0.83782958984375
-0.0076904296875 -0.0807037353515625 -0.0341796874999999 1.4791259765625
0.04010009765625 -0.0120925903320313 -0.7294921875 0.84808349609375
0.0843887329101563 0.0281143188476563 0.0339431762695313 0.0364723205566406
0.0345211029052734 -0.008758544921875 0.701416015625 -0.95062255859375
0.0285511016845703 -0.0203742980957031 -0.18310546875 -1.4918212890625
0.00604009628295898 0.00581598281860352 -1.19384765625 -0.4815673828125
0.0106267929077148 -0.00289821624755859 -0.81976318359375 0.6240234375
0.0543441772460938 -0.00347518920898438 -0.0906372070312501 0.8111572265625
0.0182857513427734 -0.00992774963378906 0.3984375 0.397369384765625
0.00147247314453125 -0.0387916564941406 0.526275634765625 -0.060211181640625
0.0254325866699219 -0.0467758178710938 -0.49456787109375 -0.00167846679687499
0.0326519012451172 -0.0182209014892578 -0.33349609375 -0.419189453125
0.0875320434570312 0.00292205810546875 0.26763916015625 -0.66705322265625
0.0698051452636719 0.0515899658203125 1.00628662109375 -0.33258056640625
-0.0168838500976563 0.0261383056640625 0.95928955078125 0.80975341796875
-0.0063018798828125 -0.07696533203125 -0.00329589843750013 1.4718017578125
0.0379676818847656 -0.0218238830566406 -0.71099853515625 0.862060546875
0.0883865356445312 0.01300048828125 0.0296096801757813 0.0456619262695313
0.0355148315429688 -0.0179634094238281 0.715087890625 -0.93902587890625
0.03411865234375 -0.0156383514404297 -0.1563720703125 -1.5032958984375
0.0285568237304688 0.0129013061523438 -1.187255859375 -0.509033203125
0.0355987548828125 -0.00681304931640625 -0.83941650390625 0.60089111328125
0.0702590942382813 -0.00737380981445312 -0.11102294921875 0.80303955078125
0.0166740417480469 -0.0195465087890625 0.383056640625 0.39697265625
-0.00807189941406251 -0.0505027770996094 0.5208740234375 -0.0615234375
0.0214157104492187 -0.0582122802734375 -0.502197265625 -0.00653076171875009
0.0286064147949219 -0.0257720947265625 -0.347625732421875 -0.4306640625
0.0964889526367188 -0.00345611572265625 0.23907470703125 -0.68414306640625
0.0864105224609375 0.0523223876953125 0.9830322265625 -0.36944580078125
-0.00326347351074219 0.0344791412353516 0.97747802734375 0.767333984375
-0.00415039062500001 -0.0728759765625 0.0462646484374999 1.461181640625
0.0359382629394531 -0.0311317443847656 -0.6878662109375 0.87994384765625
0.0914230346679687 0.0019683837890625 0.0257148742675781 0.0611114501953125
0.0357093811035156 -0.0240859985351563 0.74365234375 -0.9180908203125
0.03863525390625 -0.009857177734375 -0.102294921875 -1.5147705078125
0.0411911010742188 0.022369384765625 -1.1805419921875 -0.5611572265625
0.0530509948730469 -0.00765609741210938 -0.86962890625 0.57012939453125
0.0815582275390625 -0.0111083984375 -0.144775390625 0.7911376953125
0.0147972106933594 -0.0275249481201172 0.367218017578125 0.393157958984375
-0.0119895935058594 -0.0633392333984375 0.513671875 -0.0626220703125
0.0212783813476562 -0.063262939453125 -0.510650634765625 -0.00460815429687503
0.0246753692626953 -0.0311641693115234 -0.368743896484375 -0.43865966796875
0.0966033935546875 -0.00882720947265625 0.20025634765625 -0.70135498046875
0.0935897827148438 0.0480117797851563 0.9515380859375 -0.41534423828125
0.00341033935546875 0.0388908386230469 0.99853515625 0.71728515625
-0.00510025024414062 -0.0702285766601563 0.1063232421875 1.4478759765625
0.0353126525878906 -0.0346946716308594 -0.65673828125 0.90087890625
0.0906448364257813 -0.003173828125 0.024322509765625 0.076934814453125
0.0373153686523438 -0.0274887084960937 0.78033447265625 -0.895263671875
0.0424346923828125 -0.00846099853515625 -0.0364990234375001 -1.5283203125
0.0480079650878906 0.0272903442382813 -1.1612548828125 -0.6148681640625
0.0607261657714844 -0.00558090209960938 -0.90692138671875 0.52996826171875
0.08709716796875 -0.0112075805664063 -0.18218994140625 0.772705078125
0.0162525177001953 -0.0297660827636719 0.34844970703125 0.3880615234375
-0.0125007629394531 -0.0691719055175781 0.503448486328125 -0.06683349609375
0.0258598327636719 -0.0642166137695313 -0.520111083984375 -0.00799560546875005
0.0195407867431641 -0.0349864959716797 -0.38763427734375 -0.445770263671875
0.0909194946289062 -0.0123138427734375 0.161376953125 -0.7213134765625
0.0884475708007812 0.0451736450195312 0.91705322265625 -0.461669921875
0.003021240234375 0.0397377014160156 1.01641845703125 0.66436767578125
-0.00544357299804687 -0.0669479370117188 0.1661376953125 1.4344482421875
0.0352325439453125 -0.0362281799316406 -0.61993408203125 0.9246826171875
0.0888442993164063 -0.0014801025390625 0.0224609375 0.0955810546875
0.0368881225585938 -0.0251731872558594 0.81024169921875 -0.8656005859375
0.0419692993164062 -0.00738143920898438 0.0277099609375 -1.5396728515625
0.0453605651855469 0.0299530029296875 -1.1505126953125 -0.6708984375
0.0583229064941406 -0.00172805786132813 -0.9417724609375 0.48944091796875
0.084716796875 -0.00885772705078125 -0.2196044921875 0.75494384765625
0.0159969329833984 -0.030548095703125 0.328033447265625 0.384490966796875
-0.0075836181640625 -0.0731735229492188 0.49566650390625 -0.0660400390625
0.0333709716796875 -0.0599899291992188 -0.528411865234375 -0.00344848632812508
0.0190849304199219 -0.0330677032470703 -0.402496337890625 -0.452301025390625
0.0788345336914063 -0.0103836059570313 0.12945556640625 -0.74005126953125
0.0722274780273438 0.0425491333007813 0.8861083984375 -0.4967041015625
-0.0074920654296875 0.0351428985595703 1.0289306640625 0.62274169921875
-0.00635910034179688 -0.0678443908691406 0.21875 1.419189453125
0.0367393493652344 -0.0318641662597656 -0.5902099609375 0.93682861328125
0.0864944458007813 0.0063018798828125 0.022430419921875 0.109100341796875
0.038726806640625 -0.0206222534179688 0.845947265625 -0.8397216796875
0.0430717468261719 -0.00998687744140625 0.0858154296874999 -1.5450439453125
0.0322017669677734 0.0282669067382812 -1.13623046875 -0.7197265625
0.0435066223144531 0.00114059448242188 -0.968994140625 0.45330810546875
0.0774459838867188 -0.0054473876953125 -0.25146484375 0.73779296875
0.0175590515136719 -0.0289955139160156 0.31610107421875 0.3826904296875
-0.0010528564453125 -0.0710601806640625 0.489654541015625 -0.068328857421875
0.0523834228515625 -0.00890350341796875 -0.491363525390625 0.00384521484374993
0.0357704162597656 0.0110549926757813 -0.312042236328125 -0.410980224609375
0.0330657958984375 0.0210399627685547 0.2994384765625 -0.66168212890625
-0.0173072814941406 0.0434684753417969 1.01861572265625 -0.310791015625
-0.0735397338867188 -0.00701904296874999 0.9481201171875 0.83221435546875
-0.0130157470703125 -0.0898361206054688 -0.0251464843750001 1.4783935546875
0.0414543151855469 0.0118255615234375 -0.7186279296875 0.8466796875
0.0748977661132813 0.05841064453125 0.037384033203125 0.0410041809082031
0.0374794006347656 0.0122337341308594 0.70428466796875 -0.94232177734375
0.0206298828125 -0.0286617279052734 -0.178955078125 -1.4884033203125
-0.0369186401367188 -0.0114059448242187 -1.1893310546875 -0.4874267578125
-0.0437965393066406 0.00813293457031251 -0.82135009765625 0.61602783203125
0.0216102600097656 0.00696945190429688 -0.0888671874999999 0.80645751953125
0.0246696472167969 0.00965118408203125 0.399139404296875 0.398956298828125
0.0228481292724609 -0.0150585174560547 0.52618408203125 -0.05096435546875
0.0414543151855469 -0.0214309692382813 -0.48822021484375 0.00439453124999992
0.0363426208496094 0.00327682495117187 -0.3121337890625 -0.407379150390625
0.0531044006347656 0.0149040222167969 0.30133056640625 -0.6500244140625
0.0129318237304688 0.0467681884765625 1.021484375 -0.2952880859375
-0.0541801452636719 0.00156021118164062 0.9342041015625 0.84185791015625
-0.0106353759765625 -0.0857162475585937 -0.0506591796875 1.4722900390625
0.0407066345214844 0.000492095947265625 -0.7310791015625 0.83892822265625
0.0800018310546875 0.043487548828125 0.0343551635742188 0.0359458923339844
0.036712646484375 0.00295257568359375 0.6959228515625 -0.9464111328125
0.0240612030029297 -0.0241336822509766 -0.18994140625 -1.4822998046875
-0.0155839920043945 -0.00285053253173828 -1.1861572265625 -0.473388671875
-0.016331672668457 0.00323009490966797 -0.81011962890625 0.6241455078125
0.0378341674804688 0.000621795654296875 -0.08026123046875 0.80560302734375
0.0221042633056641 -0.000879287719726563 0.404144287109375 0.395599365234375
0.0103816986083984 -0.0251998901367188 0.524749755859375 -0.05859375
0.0314807891845703 -0.0349502563476563 -0.489105224609375 0.00476074218750003
0.0340690612792969 -0.00780105590820313 -0.319061279296875 -0.409210205078125
0.0729217529296875 0.0093536376953125 0.29010009765625 -0.65142822265625
0.0440788269042969 0.0501861572265625 1.018798828125 -0.3076171875
-0.0345554351806641 0.0148754119873047 0.9456787109375 0.83197021484375
-0.00911712646484374 -0.0811920166015625 -0.0340576171874999 1.469970703125
0.0380134582519531 -0.0107040405273438 -0.72381591796875 0.84698486328125
0.0848388671875 0.0264739990234375 0.0314712524414063 0.0380973815917969
0.0362739562988281 -0.0078887939453125 0.69403076171875 -0.9482421875
0.0292930603027344 -0.0194644927978516 -0.1875 -1.484130859375
0.00794696807861328 0.00512504577636719 -1.1915283203125 -0.4755859375
0.0109500885009766 -0.00275707244873047 -0.8128662109375 0.62213134765625
0.0537567138671875 -0.00455856323242188 -0.08367919921875 0.805419921875
0.0187282562255859 -0.0111446380615234 0.39703369140625 0.39300537109375
-0.000350952148437501 -0.0377006530761719 0.523223876953125 -0.06182861328125
0.0252494812011719 -0.0489959716796875 -0.493377685546875 0.00271606445312498
0.0321464538574219 -0.0177631378173828 -0.33306884765625 -0.413818359375
0.0876235961914062 0.0030364990234375 0.26678466796875 -0.66412353515625
0.0708999633789063 0.0521392822265625 0.99993896484375 -0.33587646484375
-0.0167655944824219 0.0262641906738281 0.95806884765625 0.8028564453125
-0.00820159912109376 -0.0763473510742188 -0.000366210937499854 1.46533203125
0.0363006591796875 -0.0227775573730469 -0.707763671875 0.860107421875
0.087554931640625 0.0120315551757812 0.028472900390625 0.0458793640136719
0.0364036560058594 -0.0159797668457031 0.7064208984375 -0.9366455078125
0.0342159271240234 -0.0148448944091797 -0.157470703125 -1.4957275390625
0.0280227661132813 0.013153076171875 -1.1832275390625 -0.5029296875
0.0353431701660156 -0.00637054443359375 -0.831787109375 0.6033935546875
0.070037841796875 -0.00949859619140625 -0.10504150390625 0.79736328125
0.0160427093505859 -0.0202274322509766 0.383697509765625 0.392303466796875
-0.009033203125 -0.0497970581054687 0.518707275390625 -0.0645751953125
0.0216522216796875 -0.05889892578125 -0.499603271484375 -0.00152587890625008
0.027008056640625 -0.0261554718017578 -0.348388671875 -0.422607421875
0.0966339111328125 -0.00403594970703125 0.23565673828125 -0.67999267578125
0.0872344970703125 0.0501556396484375 0.976806640625 -0.37139892578125
-0.00310516357421875 0.0346202850341797 0.97735595703125 0.76226806640625
-0.00637817382812501 -0.0727615356445313 0.0504150390625002 1.4559326171875
0.035552978515625 -0.0314979553222656 -0.68328857421875 0.878173828125
0.0903091430664063 0.0015411376953125 0.0247001647949219 0.0601692199707031
0.0370407104492188 -0.0236434936523438 0.73883056640625 -0.91522216796875
0.0392036437988281 -0.0112800598144531 -0.1077880859375 -1.5081787109375
0.0419425964355469 0.0209732055664063 -1.1761474609375 -0.553466796875
0.0522041320800781 -0.0076751708984375 -0.86376953125 0.57025146484375
0.080413818359375 -0.0119247436523437 -0.13836669921875 0.78668212890625
0.0146446228027344 -0.0266590118408203 0.36517333984375 0.3900146484375
-0.0138816833496094 -0.0602455139160156 0.51202392578125 -0.066986083984375
0.0211524963378906 -0.0641746520996094 -0.508941650390625 -0.00170898437500002
0.024261474609375 -0.031585693359375 -0.368072509765625 -0.432647705078125
0.0970993041992188 -0.00897979736328125 0.1962890625 -0.69854736328125
0.0948715209960938 0.0480728149414062 0.94683837890625 -0.4140625
0.00426864624023438 0.0383529663085938 0.99322509765625 0.71221923828125
-0.00575256347656249 -0.07000732421875 0.109375 1.4407958984375
0.0348739624023438 -0.0359840393066406 -0.65216064453125 0.89886474609375
0.091949462890625 -0.002685546875 0.0222320556640625 0.07781982421875
0.0378379821777344 -0.0263328552246094 0.7720947265625 -0.88909912109375
0.0418319702148438 -0.00830841064453125 -0.0410156249999998 -1.5194091796875
0.0474052429199219 0.0267524719238281 -1.15869140625 -0.608642578125
0.0615882873535156 -0.005828857421875 -0.8992919921875 0.53131103515625
0.0874786376953125 -0.0108413696289063 -0.176513671875 0.76739501953125
0.0161247253417969 -0.0313358306884766 0.3475341796875 0.385650634765625
-0.0141716003417969 -0.0678062438964844 0.50262451171875 -0.06890869140625
0.0269279479980469 -0.0649490356445312 -0.518280029296875 -0.00170898437500008
0.0198326110839844 -0.0342445373535156 -0.388824462890625 -0.43890380859375
0.090728759765625 -0.0126800537109375 0.15966796875 -0.71771240234375
0.089141845703125 0.0439910888671875 0.91192626953125 -0.46368408203125
0.00324249267578125 0.0383148193359375 1.01531982421875 0.65966796875
-0.0065155029296875 -0.0676841735839844 0.1724853515625 1.42626953125
0.0349349975585938 -0.0350322723388672 -0.61572265625 0.921630859375
0.089996337890625 -0.00075531005859375 0.0229339599609375 0.0950851440429688
0.03802490234375 -0.0249443054199219 0.8043212890625 -0.863525390625
0.0433120727539063 -0.0081634521484375 0.022705078125 -1.533447265625
0.044342041015625 0.0286827087402344 -1.144775390625 -0.66455078125
0.0570564270019531 -0.00198745727539063 -0.93402099609375 0.49224853515625
0.0854644775390625 -0.00954437255859375 -0.21319580078125 0.75311279296875
0.0174808502197266 -0.0316028594970703 0.330810546875 0.38250732421875
-0.009246826171875 -0.0721817016601563 0.49591064453125 -0.070587158203125
0.0328750610351563 -0.0615005493164063 -0.52783203125 9.15527343750718E-05
0.0187416076660156 -0.0318698883056641 -0.40289306640625 -0.445343017578125
0.0792465209960938 -0.00968170166015625 0.1279296875 -0.73431396484375
0.07342529296875 0.0421371459960938 0.88458251953125 -0.49627685546875
-0.00644683837890625 0.0360984802246094 1.02691650390625 0.6162109375
-0.00807571411132813 -0.0685997009277344 0.2220458984375 1.4111328125
0.0364761352539063 -0.0316925048828125 -0.58575439453125 0.936279296875
0.0866317749023438 0.00696563720703125 0.0221176147460938 0.109298706054688
0.0401611328125 -0.0201187133789063 0.84002685546875 -0.836669921875
0.0415153503417969 -0.0106163024902344 0.0816650390625001 -1.5367431640625
0.0325260162353516 0.0252609252929688 -1.1280517578125 -0.7100830078125
0.0423316955566406 0.00157928466796875 -0.9627685546875 0.4532470703125
0.07611083984375 -0.00666046142578125 -0.24652099609375 0.73455810546875
0.0179824829101563 -0.0294704437255859 0.31494140625 0.377685546875
-0.00231170654296874 -0.0695075988769531 0.488800048828125 -0.071258544921875
0.0518760681152344 -0.00936126708984375 -0.489990234375 0.00711059570312497
0.0364151000976563 0.0120506286621094 -0.313873291015625 -0.404022216796875
0.0340995788574219 0.0206508636474609 0.29608154296875 -0.6578369140625
-0.0160865783691406 0.0435104370117188 1.01190185546875 -0.3101806640625
-0.0724029541015625 -0.0076904296875 0.94647216796875 0.82940673828125
-0.0141448974609375 -0.0901718139648437 -0.0228271484374999 1.4681396484375
0.0422935485839844 0.0117073059082031 -0.716796875 0.84576416015625
0.0750503540039063 0.058135986328125 0.0368118286132813 0.0415420532226563
0.0381393432617188 0.0130729675292969 0.6990966796875 -0.9375
0.0203609466552734 -0.0279216766357422 -0.18115234375 -1.4805908203125
-0.0366897583007812 -0.0106697082519531 -1.1851806640625 -0.481689453125
-0.0434303283691406 0.00898361206054688 -0.8138427734375 0.61602783203125
0.0211620330810547 0.0057525634765625 -0.08599853515625 0.801513671875
0.0248546600341797 0.00866127014160156 0.39837646484375 0.3968505859375
0.0218353271484375 -0.0144882202148438 0.523284912109375 -0.053253173828125
0.0412826538085938 -0.0214424133300781 -0.4864501953125 0.00909423828124995
0.0364723205566406 0.00322723388671875 -0.312286376953125 -0.402801513671875
0.0522613525390625 0.0155448913574219 0.29901123046875 -0.64654541015625
0.0139007568359375 0.0461959838867188 1.0177001953125 -0.29486083984375
-0.0546417236328125 0.00238037109375001 0.934814453125 0.83868408203125
-0.0118560791015625 -0.0858001708984375 -0.0465087890625 1.4659423828125
0.0405235290527344 0.00125885009765625 -0.72821044921875 0.837890625
0.0804977416992188 0.0435409545898438 0.0327339172363281 0.0351276397705078
0.0373077392578125 0.00385284423828125 0.6912841796875 -0.9425048828125
0.0239238739013672 -0.0236053466796875 -0.18896484375 -1.4759521484375
-0.0150394439697266 -0.00325393676757813 -1.181884765625 -0.4683837890625
-0.016754150390625 0.00341701507568359 -0.80401611328125 0.6221923828125
0.037200927734375 0.000698089599609375 -0.07513427734375 0.801513671875
0.0212860107421875 -0.000673294067382813 0.40289306640625 0.391510009765625
0.00981521606445312 -0.0239391326904297 0.523284912109375 -0.06201171875
0.0314102172851563 -0.0359382629394531 -0.4871826171875 0.00772094726562501
0.0339088439941406 -0.00744438171386719 -0.319854736328125 -0.403533935546875
0.0718994140625 0.00901031494140625 0.2879638671875 -0.64666748046875
0.0445480346679687 0.0490798950195313 1.01312255859375 -0.31060791015625
-0.0339469909667969 0.0147895812988281 0.944580078125 0.82745361328125
-0.0108642578125 -0.0813980102539063 -0.0284423828124998 1.466064453125
0.0384254455566406 -0.0102653503417969 -0.72210693359375 0.8447265625
0.0856094360351563 0.02716064453125 0.0310020446777344 0.0384063720703125
0.0372276306152344 -0.00603866577148437 0.68878173828125 -0.94384765625
0.0293025970458984 -0.0196208953857422 -0.1905517578125 -1.4786376953125
0.00800466537475586 0.00381040573120117 -1.1839599609375 -0.4710693359375
0.0107831954956055 -0.00230503082275391 -0.80523681640625 0.62255859375
0.0534706115722656 -0.00428009033203125 -0.08062744140625 0.8026123046875
0.0185661315917969 -0.0117282867431641 0.398284912109375 0.390838623046875
-0.000938415527343753 -0.0371818542480469 0.522064208984375 -0.0643310546875
0.0238151550292969 -0.047637939453125 -0.490692138671875 0.0046081542968751
0.0318431854248047 -0.0175285339355469 -0.333892822265625 -0.40814208984375
0.0885086059570312 0.0008392333984375 0.2618408203125 -0.65850830078125
0.0717849731445313 0.0514068603515625 0.99591064453125 -0.3363037109375
-0.0156040191650391 0.0256767272949219 0.95721435546875 0.7978515625
-0.00873565673828125 -0.0769729614257813 0.00366210937500002 1.459228515625
0.0367317199707031 -0.0220603942871094 -0.70245361328125 0.85821533203125
0.0886917114257813 0.0131912231445313 0.0264549255371094 0.0466537475585937
0.0365867614746094 -0.0155410766601562 0.70281982421875 -0.93292236328125
0.0341873168945313 -0.0149402618408203 -0.1575927734375 -1.489990234375
0.0283298492431641 0.0122299194335938 -1.1787109375 -0.499267578125
0.0348320007324219 -0.00610923767089844 -0.82781982421875 0.600830078125
0.0690574645996094 -0.00915145874023438 -0.10150146484375 0.7950439453125
0.0170078277587891 -0.0200042724609375 0.384246826171875 0.38995361328125
-0.00884628295898437 -0.0498046875 0.517120361328125 -0.067779541015625
0.0209579467773437 -0.0589752197265625 -0.500030517578125 0.0024414062500001
0.0276832580566406 -0.0262966156005859 -0.34991455078125 -0.417205810546875
0.0963821411132813 -0.0050506591796875 0.23272705078125 -0.67620849609375
0.0894088745117187 0.0491943359375 0.97393798828125 -0.37225341796875
-0.0021209716796875 0.0334377288818359 0.97528076171875 0.7576904296875
-0.007171630859375 -0.0723648071289063 0.052734375 1.4478759765625
0.0363502502441406 -0.0304718017578125 -0.67919921875 0.87591552734375
0.0914535522460938 0.00241851806640625 0.0244941711425781 0.0604209899902344
0.0370063781738281 -0.0227851867675781 0.7315673828125 -0.9114990234375
0.0381240844726563 -0.0109367370605469 -0.1090087890625 -1.501708984375
0.0417861938476563 0.0203018188476563 -1.1695556640625 -0.5477294921875
0.0524673461914063 -0.00646209716796875 -0.856689453125 0.5701904296875
0.0807723999023438 -0.0111465454101563 -0.13397216796875 0.78192138671875
0.0155258178710938 -0.0279140472412109 0.366851806640625 0.385955810546875
-0.014404296875 -0.0604782104492188 0.5098876953125 -0.068939208984375
0.0205650329589844 -0.0645637512207031 -0.506591796875 0.00189208984375009
0.0229644775390625 -0.0323982238769531 -0.368560791015625 -0.42694091796875
0.0974807739257813 -0.00873565673828125 0.1953125 -0.69256591796875
0.0968780517578125 0.0461196899414063 0.9429931640625 -0.41693115234375
0.00447845458984375 0.0377235412597656 0.9925537109375 0.7081298828125
-0.00717163085937501 -0.0710830688476563 0.111083984375 1.435791015625
0.0347633361816406 -0.0350055694580078 -0.64776611328125 0.89666748046875
0.0915145874023438 -0.00257110595703125 0.0224227905273438 0.0779647827148438
0.0383224487304688 -0.02557373046875 0.76544189453125 -0.885986328125
0.0423164367675781 -0.00931930541992188 -0.0421142578125001 -1.513916015625
0.0470085144042969 0.0259246826171875 -1.1544189453125 -0.602294921875
0.06097412109375 -0.00570297241210938 -0.89251708984375 0.53265380859375
0.0865097045898438 -0.0108108520507813 -0.17291259765625 0.76458740234375
0.0165863037109375 -0.0315780639648438 0.348236083984375 0.382568359375
-0.0147705078125 -0.0672950744628906 0.50054931640625 -0.071533203125
0.0250358581542969 -0.0650177001953125 -0.516845703125 0.00207519531249998
0.0201034545898437 -0.0334453582763672 -0.388275146484375 -0.43212890625
0.090240478515625 -0.01092529296875 0.15631103515625 -0.7137451171875
0.0908355712890625 0.0432968139648438 0.9071044921875 -0.46441650390625
0.004302978515625 0.0373077392578125 1.0123291015625 0.65496826171875
-0.00741577148437501 -0.0689125061035156 0.17626953125 1.419921875
0.0339927673339844 -0.03515625 -0.6103515625 0.91949462890625
0.0906829833984375 -0.00141143798828125 0.02093505859375 0.095458984375
0.0389900207519531 -0.0247955322265625 0.79888916015625 -0.86138916015625
0.043243408203125 -0.0085296630859375 0.017822265625 -1.525146484375
0.0449981689453125 0.0285911560058594 -1.14111328125 -0.6573486328125
0.056121826171875 -0.00118255615234375 -0.92852783203125 0.4932861328125
0.0862045288085938 -0.00989532470703125 -0.21044921875 0.74859619140625
0.0165958404541016 -0.03179931640625 0.33013916015625 0.378509521484375
-0.0110397338867187 -0.0701866149902344 0.49310302734375 -0.071258544921875
0.0316352844238281 -0.0613441467285156 -0.5255126953125 0.00372314453124995
0.0192394256591797 -0.0319423675537109 -0.403076171875 -0.439727783203125
0.0786666870117188 -0.0103378295898438 0.12408447265625 -0.72869873046875
0.0748367309570313 0.0420608520507813 0.8759765625 -0.49700927734375
-0.00577926635742188 0.0349330902099609 1.02471923828125 0.6123046875
-0.00875854492187499 -0.0691070556640625 0.224853515625 1.4039306640625
0.0354766845703125 -0.0302963256835938 -0.58221435546875 0.93359375
0.0869369506835938 0.00673675537109375 0.0217208862304688 0.110443115234375
0.039794921875 -0.0199050903320313 0.83538818359375 -0.83221435546875
0.0419349670410156 -0.00994491577148438 0.0773925781250001 -1.5308837890625
0.0337162017822266 0.0259876251220703 -1.126708984375 -0.7039794921875
0.0415725708007812 0.00156402587890625 -0.95709228515625 0.4559326171875
0.0759506225585938 -0.0078582763671875 -0.2392578125 0.72930908203125
0.0193958282470703 -0.0283794403076172 0.31573486328125 0.374725341796875
-0.00440216064453124 -0.0685806274414063 0.487152099609375 -0.07244873046875
0.0515403747558594 -0.0103759765625 -0.489593505859375 0.010284423828125
0.0368194580078125 0.0112228393554688 -0.313873291015625 -0.400726318359375
0.0327625274658203 0.021484375 0.29345703125 -0.65478515625
-0.0144577026367188 0.0433197021484375 1.010986328125 -0.311279296875
-0.0727310180664063 -0.00803375244140624 0.947509765625 0.826171875
-0.0158157348632813 -0.0891876220703125 -0.0227050781250001 1.46533203125
0.0424346923828125 0.0121917724609375 -0.71502685546875 0.842529296875
0.0767059326171875 0.0590133666992187 0.0344047546386719 0.0418663024902344
0.0383949279785156 0.0133247375488281 0.69586181640625 -0.933837890625
0.0209293365478516 -0.0286502838134766 -0.18212890625 -1.4761962890625
-0.0373344421386719 -0.0110931396484375 -1.1806640625 -0.4788818359375
-0.0430526733398438 0.00998687744140626 -0.81005859375 0.6151123046875
0.0213127136230469 0.00436782836914063 -0.082763671875 0.798095703125
0.0251712799072266 0.00850105285644531 0.400421142578125 0.394134521484375
0.0213451385498047 -0.0132083892822266 0.5213623046875 -0.05548095703125
0.0399665832519531 -0.0218505859375 -0.4873046875 0.0120239257812501
0.0367012023925781 0.00283050537109375 -0.3131103515625 -0.397613525390625
0.0526008605957031 0.0149726867675781 0.29833984375 -0.644775390625
0.0149574279785156 0.0453300476074219 1.0155029296875 -0.297119140625
-0.0527076721191406 0.00237274169921875 0.93328857421875 0.83428955078125
-0.012542724609375 -0.084808349609375 -0.0458984375 1.4619140625
0.0407981872558594 0.0026702880859375 -0.72552490234375 0.8375244140625
0.0817337036132813 0.0437088012695313 0.0320358276367188 0.0365562438964844
0.0384178161621094 0.00498580932617188 0.685791015625 -0.93994140625
0.0244312286376953 -0.0235519409179688 -0.191650390625 -1.471923828125
-0.0149021148681641 -0.00438404083251953 -1.1785888671875 -0.464111328125
-0.016057014465332 0.00387382507324219 -0.79791259765625 0.620361328125
0.0370903015136719 0.00046539306640625 -0.0732421875 0.797119140625
0.0218696594238281 -0.00197219848632813 0.402374267578125 0.389801025390625
0.00849342346191406 -0.0227584838867188 0.52252197265625 -0.06451416015625
0.0324172973632813 -0.0361518859863281 -0.48785400390625 0.0105285644531251
0.0343189239501953 -0.00763130187988281 -0.3201904296875 -0.39923095703125
0.0720901489257813 0.00809478759765625 0.286376953125 -0.64630126953125
0.0455207824707031 0.0484848022460938 1.0123291015625 -0.30828857421875
-0.0340690612792969 0.0143413543701172 0.9423828125 0.8231201171875
-0.0112075805664063 -0.0809860229492188 -0.0241699218750001 1.461669921875
0.0395355224609375 -0.0110816955566406 -0.71820068359375 0.84222412109375
0.0854034423828125 0.0264739990234375 0.0281562805175781 0.0389747619628906
0.038055419921875 -0.00572967529296875 0.68585205078125 -0.9432373046875
0.0289211273193359 -0.01861572265625 -0.188720703125 -1.4742431640625
0.00795316696166992 0.00493001937866211 -1.1790771484375 -0.466064453125
0.00996685028076172 -0.00159549713134766 -0.80126953125 0.62109375
0.0532951354980469 -0.0057220458984375 -0.0786743164062501 0.7984619140625
0.0177631378173828 -0.0107707977294922 0.39654541015625 0.3876953125
-0.000854492187499998 -0.0363540649414063 0.520477294921875 -0.06622314453125
0.0248641967773437 -0.048919677734375 -0.49212646484375 0.0087280273437499
0.0306987762451172 -0.0172901153564453 -0.33343505859375 -0.403472900390625
0.0879287719726562 0.002197265625 0.2628173828125 -0.65728759765625
0.0730361938476562 0.0497970581054688 0.9932861328125 -0.3369140625
-0.01495361328125 0.0252857208251953 0.954833984375 0.7940673828125
-0.00948333740234376 -0.0750961303710938 0.0068359375000001 1.4537353515625
0.0372581481933594 -0.0208549499511719 -0.70135498046875 0.856689453125
0.0893936157226562 0.011322021484375 0.0258903503417969 0.0484771728515625
0.0374908447265625 -0.0145645141601563 0.697998046875 -0.9281005859375
0.0355148315429688 -0.0156517028808594 -0.1593017578125 -1.4815673828125
0.0277633666992188 0.0122737884521484 -1.17236328125 -0.4959716796875
0.0345020294189453 -0.00590896606445313 -0.82183837890625 0.60137939453125
0.0694122314453125 -0.0103569030761719 -0.09857177734375 0.79034423828125
0.0164146423339844 -0.0197372436523438 0.385101318359375 0.387939453125
-0.0106163024902344 -0.0481452941894531 0.5146484375 -0.068603515625
0.0209579467773438 -0.0586738586425781 -0.498779296875 0.004669189453125
0.0274181365966797 -0.0264835357666016 -0.35107421875 -0.41241455078125
0.0964202880859375 -0.005218505859375 0.23065185546875 -0.67266845703125
0.0906524658203125 0.04901123046875 0.9705810546875 -0.37060546875
-0.00157928466796875 0.0339107513427734 0.97357177734375 0.751953125
-0.00865173339843749 -0.0727462768554687 0.0531005859375 1.443115234375
0.0352020263671875 -0.0292434692382812 -0.67999267578125 0.87359619140625
0.0923614501953125 0.00179290771484375 0.0221672058105469 0.061798095703125
0.0382499694824219 -0.0212326049804688 0.7305908203125 -0.9075927734375
0.0389480590820313 -0.0125236511230469 -0.107177734375 -1.49853515625
0.0417938232421875 0.0206413269042969 -1.1668701171875 -0.5428466796875
0.0526771545410156 -0.007049560546875 -0.85260009765625 0.5712890625
0.0802841186523438 -0.0119094848632813 -0.13043212890625 0.7789306640625
0.0158615112304688 -0.02685546875 0.366455078125 0.384033203125
-0.0151863098144531 -0.0585365295410156 0.509765625 -0.0692138671875
0.0200920104980469 -0.0645332336425781 -0.507568359375 0.00494384765624994
0.0238571166992188 -0.0316009521484375 -0.37060546875 -0.42022705078125
0.097442626953125 -0.0093994140625 0.19256591796875 -0.69158935546875
0.097503662109375 0.0462799072265625 0.93780517578125 -0.41546630859375
0.00501632690429688 0.0374412536621094 0.99371337890625 0.705810546875
-0.00733184814453125 -0.0712432861328125 0.1121826171875 1.4300537109375
0.0343379974365234 -0.0347557067871094 -0.64569091796875 0.89593505859375
0.0926132202148438 -0.00319671630859375 0.0201416015625 0.0787277221679688
0.0402679443359375 -0.0254058837890625 0.7650146484375 -0.88287353515625
0.0425529479980469 -0.00944137573242188 -0.0415039062499999 -1.510009765625
0.0473899841308594 0.0254631042480469 -1.1514892578125 -0.597900390625
0.0605049133300781 -0.00473403930664063 -0.88873291015625 0.53240966796875
0.0868453979492188 -0.0124893188476563 -0.17034912109375 0.76104736328125
0.0167121887207031 -0.0306205749511719 0.347991943359375 0.38104248046875
-0.0162315368652344 -0.0668067932128906 0.499755859375 -0.07391357421875
0.0246696472167969 -0.0661735534667969 -0.516265869140625 0.00387573242187503
0.0199432373046875 -0.0346012115478516 -0.38824462890625 -0.427398681640625
0.0917434692382813 -0.0121612548828125 0.1551513671875 -0.70977783203125
0.09100341796875 0.0434646606445313 0.90447998046875 -0.46270751953125
0.00391006469726563 0.0382919311523438 1.01220703125 0.65142822265625
-0.00777435302734376 -0.0690727233886719 0.17529296875 1.412841796875
0.0346412658691406 -0.0345726013183594 -0.6103515625 0.91802978515625
0.091583251953125 -0.00115966796875 0.0194549560546875 0.0962066650390625
0.0410194396972656 -0.0245323181152344 0.7965087890625 -0.8599853515625
0.0433616638183594 -0.00930023193359375 0.0207519531249998 -1.523193359375
0.0446281433105469 0.0285453796386719 -1.136474609375 -0.6534423828125
0.0568313598632813 -0.00083160400390625 -0.9229736328125 0.49310302734375
0.0844039916992188 -0.0110321044921875 -0.2049560546875 0.74468994140625
0.0173835754394531 -0.032257080078125 0.330322265625 0.376312255859375
-0.0119247436523437 -0.0706100463867188 0.49078369140625 -0.07354736328125
0.0313491821289063 -0.0612678527832031 -0.52496337890625 0.00769042968750009
0.0194225311279297 -0.0319461822509766 -0.40582275390625 -0.4346923828125
0.0780868530273438 -0.0110321044921875 0.12237548828125 -0.72601318359375
0.075531005859375 0.040618896484375 0.87359619140625 -0.49700927734375
-0.0048675537109375 0.0352210998535156 1.02435302734375 0.61041259765625
-0.00910568237304688 -0.0683708190917969 0.22509765625 1.3985595703125
0.0355148315429688 -0.0312080383300781 -0.58135986328125 0.932373046875
0.0871353149414063 0.005584716796875 0.0201492309570312 0.111480712890625
0.0403404235839844 -0.0195083618164063 0.829345703125 -0.82977294921875
0.0418739318847656 -0.0111274719238281 0.0795898437499999 -1.527099609375
0.0332221984863281 0.0250530242919922 -1.1209716796875 -0.698486328125
0.0419692993164063 0.00347137451171875 -0.9525146484375 0.45703125
0.0753860473632813 -0.00778961181640625 -0.23394775390625 0.7261962890625
0.0196437835693359 -0.0292606353759766 0.315673828125 0.373138427734375
-0.00507354736328124 -0.0680618286132813 0.484954833984375 -0.07464599609375
0.0504608154296875 -0.01031494140625 -0.4888916015625 0.0119628906249999
0.0364418029785156 0.0109367370605469 -0.31451416015625 -0.396728515625
0.0332164764404297 0.0208568572998047 0.294189453125 -0.6529541015625
-0.0136299133300781 0.0430564880371094 1.00921630859375 -0.3115234375
-0.0719375610351563 -0.00807189941406251 0.946044921875 0.82586669921875
-0.017059326171875 -0.0896682739257813 -0.0230712890625 1.4619140625
0.0414962768554688 0.0125770568847656 -0.71343994140625 0.8404541015625
0.07666015625 0.058746337890625 0.03240966796875 0.0424919128417969
0.0396041870117188 0.0150489807128906 0.69580078125 -0.9320068359375
0.0208282470703125 -0.0278892517089844 -0.17919921875 -1.47265625
-0.037445068359375 -0.01104736328125 -1.1805419921875 -0.476318359375
-0.0444831848144531 0.011383056640625 -0.808349609375 0.6146240234375
0.019683837890625 0.00485038757324219 -0.0797729492187499 0.79534912109375
0.0252323150634766 0.00783729553222656 0.397735595703125 0.392669677734375
0.0194778442382813 -0.0137672424316406 0.522064208984375 -0.058837890625
0.0403213500976562 -0.0236053466796875 -0.48492431640625 0.0136718749999999
0.0359840393066406 0.00328445434570313 -0.3140869140625 -0.3927001953125
0.0537452697753906 0.0148887634277344 0.296875 -0.6409912109375
0.015869140625 0.0457801818847656 1.01434326171875 -0.2965087890625
-0.0535888671875 0.00165557861328126 0.93475341796875 0.833740234375
-0.0141448974609375 -0.0852127075195312 -0.0439453125 1.461181640625
0.0405387878417969 0.00230026245117188 -0.725830078125 0.83319091796875
0.0812759399414062 0.0438919067382812 0.0298728942871094 0.0380706787109375
0.0393486022949219 0.00485610961914063 0.6864013671875 -0.93890380859375
0.0247840881347656 -0.0240287780761719 -0.1904296875 -1.46875
-0.0154495239257812 -0.00401592254638672 -1.1773681640625 -0.4630126953125
-0.0170783996582031 0.00558376312255859 -0.79632568359375 0.622314453125
0.0358963012695313 0.0005340576171875 -0.0709228515625 0.7958984375
0.0219612121582031 -0.00203895568847656 0.402862548828125 0.388702392578125
0.00718498229980469 -0.0226612091064453 0.52203369140625 -0.064849853515625
0.0314903259277344 -0.0371055603027344 -0.487335205078125 0.013427734375
0.0345458984375 -0.00826644897460938 -0.321624755859375 -0.394561767578125
0.0723114013671875 0.00807952880859375 0.28582763671875 -0.64434814453125
0.04681396484375 0.0489845275878906 1.01068115234375 -0.30950927734375
-0.0341987609863281 0.0147933959960937 0.94207763671875 0.82244873046875
-0.0135040283203125 -0.0823440551757812 -0.0251464843749999 1.4588623046875
0.03900146484375 -0.0106201171875 -0.7186279296875 0.84197998046875
0.0864410400390625 0.0263214111328125 0.0265464782714844 0.0397834777832031
0.0380210876464844 -0.0047607421875 0.68328857421875 -0.93792724609375
0.029693603515625 -0.019317626953125 -0.1871337890625 -1.4703369140625
0.00719118118286133 0.0049138069152832 -1.1778564453125 -0.46484375
0.0100870132446289 -0.000157356262207031 -0.7996826171875 0.62188720703125
0.0540771484375 -0.00598907470703125 -0.0762939453125 0.79486083984375
0.0190868377685547 -0.0119819641113281 0.398223876953125 0.38714599609375
-0.00333404541015625 -0.0354156494140625 0.51983642578125 -0.06732177734375
0.0233001708984375 -0.0493583679199219 -0.490325927734375 0.0114746093750001
0.0312366485595703 -0.0178470611572266 -0.334381103515625 -0.399017333984375
0.08892822265625 0.00199127197265625 0.26226806640625 -0.6539306640625
0.0739517211914063 0.0493087768554688 0.99334716796875 -0.33837890625
-0.0147285461425781 0.0261611938476563 0.95501708984375 0.7945556640625
-0.0105056762695313 -0.077392578125 0.00793457031249999 1.452392578125
0.0377693176269531 -0.0208854675292969 -0.70086669921875 0.85546875
0.0902175903320313 0.0115814208984375 0.0235939025878906 0.0492706298828125
0.0388031005859375 -0.0136833190917969 0.69903564453125 -0.925537109375
0.0350723266601562 -0.0155143737792969 -0.1588134765625 -1.4820556640625
0.0271968841552734 0.0117530822753906 -1.1707763671875 -0.4937744140625
0.0356025695800781 -0.00462722778320313 -0.81866455078125 0.600830078125
0.0689659118652344 -0.0102500915527344 -0.0963134765624999 0.786376953125
0.0169887542724609 -0.0205917358398438 0.38446044921875 0.38580322265625
-0.0113639831542969 -0.0467300415039063 0.513824462890625 -0.071014404296875
0.0195083618164062 -0.0601348876953125 -0.498687744140625 0.00708007812499994
0.0273361206054687 -0.0261764526367187 -0.351043701171875 -0.407379150390625
0.098419189453125 -0.00615692138671875 0.23077392578125 -0.67047119140625
0.09173583984375 0.048370361328125 0.969970703125 -0.3726806640625
-0.0013885498046875 0.0335826873779297 0.97412109375 0.752197265625
-0.00952911376953126 -0.0740737915039063 0.0551757812499999 1.4423828125
0.0357475280761719 -0.0293960571289063 -0.67877197265625 0.873291015625
0.0920486450195313 0.00150299072265625 0.0207252502441406 0.0627288818359375
0.0386962890625 -0.0207252502441406 0.72833251953125 -0.9051513671875
0.0394744873046875 -0.0118598937988281 -0.106689453125 -1.4962158203125
0.0420570373535156 0.0191841125488281 -1.16259765625 -0.5419921875
0.0517654418945313 -0.00566864013671875 -0.85052490234375 0.56982421875
0.0809326171875 -0.0126266479492188 -0.12872314453125 0.775634765625
0.0162811279296875 -0.0283470153808594 0.365966796875 0.382171630859375
-0.0156707763671875 -0.0572547912597656 0.50933837890625 -0.072662353515625
0.0200004577636719 -0.0657577514648438 -0.5048828125 0.00723266601562508
0.0235671997070313 -0.0308265686035156 -0.37017822265625 -0.41668701171875
0.0989761352539062 -0.00983428955078125 0.192626953125 -0.68719482421875
0.0987701416015625 0.0456771850585938 0.93896484375 -0.41632080078125
0.00537109375 0.0371246337890625 0.99383544921875 0.705078125
-0.00852203369140625 -0.0709152221679688 0.113525390625 1.42919921875
0.0350360870361328 -0.0343036651611328 -0.64581298828125 0.89508056640625
0.0928878784179687 -0.00365447998046875 0.0206298828125 0.0793991088867187
0.0395355224609375 -0.0244216918945312 0.761474609375 -0.88092041015625
0.0422935485839844 -0.0095367431640625 -0.0427246093749998 -1.509765625
0.0473594665527344 0.0256576538085938 -1.1500244140625 -0.595458984375
0.0611076354980469 -0.00461959838867188 -0.886962890625 0.53155517578125
0.086761474609375 -0.012420654296875 -0.16680908203125 0.7581787109375
0.0164279937744141 -0.0320301055908203 0.3486328125 0.3785400390625
-0.0158615112304687 -0.0657234191894531 0.498291015625 -0.07550048828125
0.0241355895996094 -0.0663948059082031 -0.51531982421875 0.00561523437500011
0.0201396942138672 -0.0334796905517578 -0.38958740234375 -0.4241943359375
0.09130859375 -0.0117568969726563 0.15435791015625 -0.70831298828125
0.0923995971679688 0.0424118041992188 0.90411376953125 -0.46282958984375
0.00435256958007813 0.0376853942871094 1.01104736328125 0.6533203125
-0.009307861328125 -0.0699119567871094 0.175048828125 1.41064453125
0.0349445343017578 -0.0343494415283203 -0.60906982421875 0.9173583984375
0.0911178588867188 -0.00218963623046875 0.0188446044921875 0.0972976684570312
0.0401687622070313 -0.0239639282226563 0.79571533203125 -0.85687255859375
0.0430183410644531 -0.0093536376953125 0.0213623046875001 -1.5181884765625
0.044830322265625 0.02886962890625 -1.135009765625 -0.6524658203125
0.0566825866699219 -0.0001678466796875 -0.92022705078125 0.49407958984375
0.0848236083984375 -0.0112457275390625 -0.2039794921875 0.740966796875
0.0177478790283203 -0.0320663452148438 0.329986572265625 0.376068115234375
-0.0116844177246094 -0.0686607360839844 0.491485595703125 -0.075439453125
0.0306587219238281 -0.0630226135253906 -0.5255126953125 0.010284423828125
0.0181045532226562 -0.0321140289306641 -0.403778076171875 -0.430755615234375
0.0792007446289063 -0.0110702514648438 0.122802734375 -0.72296142578125
0.0776443481445313 0.0405502319335938 0.87347412109375 -0.49664306640625
-0.0050048828125 0.0354499816894531 1.0240478515625 0.61138916015625
-0.0100936889648438 -0.0693740844726563 0.224365234375 1.396240234375
0.034881591796875 -0.0303249359130859 -0.58099365234375 0.93145751953125
0.0884170532226563 0.00579071044921875 0.0188140869140625 0.111518859863281
0.0407752990722656 -0.0188484191894531 0.82958984375 -0.82733154296875
0.0435066223144531 -0.010833740234375 0.0786132812499999 -1.5230712890625
0.0339488983154297 0.0257205963134766 -1.12091064453125 -0.69854736328125
0.0422401428222656 0.00293350219726563 -0.94940185546875 0.45672607421875
0.075286865234375 -0.00833892822265625 -0.23370361328125 0.7254638671875
0.0182628631591797 -0.0296916961669922 0.317291259765625 0.372283935546875
-0.00578689575195313 -0.066314697265625 0.484771728515625 -0.075286865234375
0.0505294799804688 -0.0125389099121094 -0.490081787109375 0.0153808593749999
0.0371780395507813 0.01068115234375 -0.314483642578125 -0.394134521484375
0.0336151123046875 0.0208339691162109 0.29339599609375 -0.65032958984375
-0.0132255554199219 0.0418510437011719 1.0101318359375 -0.31207275390625
-0.07171630859375 -0.00641632080078125 0.94647216796875 0.826904296875
-0.0175628662109375 -0.0905838012695312 -0.0213623046875001 1.4600830078125
0.0418815612792969 0.0133590698242188 -0.715087890625 0.84088134765625
0.0781173706054688 0.059173583984375 0.0319023132324219 0.0429344177246094
0.040802001953125 0.0159263610839844 0.6961669921875 -0.92901611328125
0.0207481384277344 -0.0272331237792969 -0.1793212890625 -1.4742431640625
-0.03607177734375 -0.0120048522949219 -1.178955078125 -0.4796142578125
-0.0445022583007813 0.0117607116699219 -0.8056640625 0.61578369140625
0.0207042694091797 0.00563621520996094 -0.0788574218750001 0.7952880859375
0.0249137878417969 0.00794029235839844 0.39947509765625 0.390838623046875
0.0187301635742188 -0.0116024017333984 0.523162841796875 -0.05816650390625
0.0392074584960938 -0.0232772827148438 -0.48651123046875 0.0150451660156249
0.0358505249023438 0.00321197509765625 -0.31427001953125 -0.390777587890625
0.0536079406738281 0.0148239135742188 0.29815673828125 -0.63995361328125
0.0170631408691406 0.0450515747070313 1.01434326171875 -0.29638671875
-0.0531463623046875 0.0020904541015625 0.93359375 0.83563232421875
-0.0144805908203125 -0.08612060546875 -0.0460205078124999 1.4600830078125
0.0403976440429688 0.00196456909179688 -0.728515625 0.83367919921875
0.0825653076171875 0.0439300537109375 0.0280570983886719 0.0391120910644531
0.04052734375 0.00659561157226562 0.6851806640625 -0.93707275390625
0.0248527526855469 -0.0226802825927734 -0.188720703125 -1.4697265625
-0.0152807235717773 -0.00330829620361328 -1.175537109375 -0.463134765625
-0.0169467926025391 0.00549793243408203 -0.79547119140625 0.6197509765625
0.0360069274902344 -0.00043487548828125 -0.070068359375 0.7938232421875
0.0224227905273438 -0.00193405151367188 0.40228271484375 0.387481689453125
0.00601959228515625 -0.0211467742919922 0.523223876953125 -0.065765380859375
0.030517578125 -0.0378036499023438 -0.488189697265625 0.0151977539062501
0.0337390899658203 -0.00843620300292969 -0.321044921875 -0.39227294921875
0.0736160278320313 0.00797271728515625 0.28778076171875 -0.64227294921875
0.0493698120117188 0.0473976135253906 1.01239013671875 -0.31005859375
-0.0327816009521484 0.0139980316162109 0.94281005859375 0.823486328125
-0.0131378173828125 -0.0820693969726563 -0.0279541015624999 1.459228515625
0.0383338928222656 -0.0093841552734375 -0.7200927734375 0.8419189453125
0.0885543823242187 0.02655029296875 0.0260543823242188 0.0416717529296875
0.0384750366210938 -0.00363922119140625 0.6834716796875 -0.9371337890625
0.0298480987548828 -0.0190277099609375 -0.187255859375 -1.4722900390625
0.00722265243530274 0.00322484970092773 -1.1778564453125 -0.4659423828125
0.0103063583374023 0.0005035400390625 -0.7960205078125 0.62335205078125
0.0539588928222656 -0.0053863525390625 -0.0753784179687499 0.79254150390625
0.0193729400634766 -0.0124626159667969 0.398773193359375 0.386199951171875
-0.00329971313476563 -0.0331134796142578 0.51971435546875 -0.069427490234375
0.023529052734375 -0.0509757995605469 -0.491790771484375 0.0120239257812499
0.0313358306884766 -0.0183506011962891 -0.333892822265625 -0.396331787109375
0.0895462036132813 0.001007080078125 0.260986328125 -0.65545654296875
0.0744705200195313 0.0492630004882813 0.99285888671875 -0.338623046875
-0.0146865844726562 0.0253791809082031 0.9559326171875 0.79400634765625
-0.012054443359375 -0.0773086547851563 0.00512695312499998 1.4542236328125
0.0366630554199219 -0.020782470703125 -0.70330810546875 0.854736328125
0.0910263061523438 0.0120697021484375 0.0237236022949219 0.0502433776855469
0.0398635864257813 -0.0132598876953125 0.69781494140625 -0.9246826171875
0.0353469848632813 -0.0158958435058594 -0.158203125 -1.4830322265625
0.0274620056152344 0.0122871398925781 -1.1680908203125 -0.49365234375
0.0342845916748047 -0.00513648986816406 -0.81781005859375 0.6011962890625
0.0687713623046875 -0.0113525390625 -0.0951538085937499 0.78570556640625
0.0161609649658203 -0.0211811065673828 0.386260986328125 0.384979248046875
-0.012176513671875 -0.0465316772460937 0.515228271484375 -0.071868896484375
0.0200004577636719 -0.0605278015136719 -0.497711181640625 0.00900268554687502
0.0278377532958984 -0.0263633728027344 -0.350250244140625 -0.405364990234375
0.0985336303710938 -0.00667572021484375 0.22955322265625 -0.66943359375
0.0927658081054688 0.0477142333984375 0.971923828125 -0.37457275390625
-0.0009307861328125 0.0343647003173828 0.97705078125 0.7557373046875
-0.0109634399414062 -0.07391357421875 0.0517578125000001 1.44140625
0.035980224609375 -0.0294609069824219 -0.67926025390625 0.87335205078125
0.0935440063476563 0.00202178955078125 0.02044677734375 0.0635414123535156
0.0406761169433594 -0.0204010009765625 0.72869873046875 -0.9044189453125
0.0401992797851563 -0.0123214721679688 -0.107177734375 -1.4967041015625
0.0420494079589844 0.0193634033203125 -1.1611328125 -0.5428466796875
0.0517311096191406 -0.00484466552734375 -0.84991455078125 0.5692138671875
0.0805511474609375 -0.01275634765625 -0.12738037109375 0.7724609375
0.0156078338623047 -0.0281333923339844 0.366912841796875 0.382293701171875
-0.0157737731933594 -0.0564231872558594 0.509735107421875 -0.07342529296875
0.0195198059082031 -0.0651130676269531 -0.50677490234375 0.00927734375000001
0.02325439453125 -0.0318565368652344 -0.369964599609375 -0.412567138671875
0.0982437133789063 -0.0108261108398438 0.19403076171875 -0.6866455078125
0.0996551513671875 0.0451507568359375 0.93896484375 -0.41790771484375
0.00537109375 0.0378074645996094 0.9942626953125 0.7064208984375
-0.00970458984375 -0.0727996826171875 0.1129150390625 1.4273681640625
0.0348930358886719 -0.0347385406494141 -0.64556884765625 0.89471435546875
0.094573974609375 -0.003936767578125 0.0183792114257813 0.0806808471679688
0.0408935546875 -0.0240135192871094 0.7625732421875 -0.87939453125
0.0426864624023438 -0.0099945068359375 -0.0386962890624999 -1.5096435546875
0.048797607421875 0.0255775451660156 -1.149169921875 -0.5965576171875
0.0611610412597656 -0.00451278686523438 -0.88525390625 0.52984619140625
0.0863494873046875 -0.0132904052734375 -0.16558837890625 0.75653076171875
0.0156402587890625 -0.0312061309814453 0.349395751953125 0.37908935546875
-0.0170860290527344 -0.0645828247070313 0.49932861328125 -0.077545166015625
0.0244674682617188 -0.0667572021484375 -0.516204833984375 0.0094299316406249
0.0196247100830078 -0.0344390869140625 -0.389404296875 -0.420379638671875
0.0926055908203125 -0.0126419067382813 0.154296875 -0.70599365234375
0.0937576293945312 0.0419769287109375 0.90472412109375 -0.462890625
0.00437164306640625 0.0384674072265625 1.0140380859375 0.6527099609375
-0.010528564453125 -0.0690040588378906 0.17529296875 1.4097900390625
0.0349864959716797 -0.0349159240722656 -0.6102294921875 0.9176025390625
0.0928268432617187 -0.002227783203125 0.017730712890625 0.0970458984375
0.0417633056640625 -0.0225410461425781 0.7950439453125 -0.853759765625
0.0446968078613281 -0.00968551635742188 0.0242919921874999 -1.5203857421875
0.0451316833496094 0.0283393859863281 -1.1331787109375 -0.65185546875
0.0556869506835938 0.000141143798828125 -0.9205322265625 0.49273681640625
0.08428955078125 -0.0115737915039062 -0.20184326171875 0.73895263671875
0.0171985626220703 -0.0323104858398438 0.331878662109375 0.37530517578125
-0.0125923156738281 -0.0679130554199219 0.49017333984375 -0.074951171875
0.0306320190429687 -0.0633277893066406 -0.5252685546875 0.0118408203125
0.0188236236572266 -0.0325222015380859 -0.405731201171875 -0.427978515625
0.0804595947265625 -0.0113296508789063 0.12384033203125 -0.72265625
0.077484130859375 0.0401840209960938 0.875244140625 -0.494384765625
-0.00424957275390625 0.0343875885009766 1.0247802734375 0.61077880859375
-0.0123786926269531 -0.0692100524902344 0.2252197265625 1.396484375
0.0353164672851563 -0.0307464599609375 -0.5810546875 0.93170166015625
0.0902099609375 0.006103515625 0.0183258056640625 0.112510681152344
0.0422439575195313 -0.0180892944335938 0.82879638671875 -0.8248291015625
0.0432014465332031 -0.010955810546875 0.0826416015625 -1.52392578125
0.0342350006103516 0.0247764587402344 -1.11566162109375 -0.6986083984375
0.0412445068359375 0.00382614135742188 -0.947998046875 0.45587158203125
0.0750579833984375 -0.00893402099609375 -0.23431396484375 0.72296142578125
0.0190258026123047 -0.0302257537841797 0.317962646484375 0.372283935546875
-0.00703811645507812 -0.06640625 0.4854736328125 -0.0782470703125
0.048980712890625 -0.0118904113769531 -0.4906005859375 0.0172424316406249
0.0361099243164063 0.0106086730957031 -0.315887451171875 -0.392364501953125
0.0355682373046875 0.0197868347167969 0.29473876953125 -0.65069580078125
-0.0116806030273438 0.0422477722167969 1.0113525390625 -0.31158447265625
-0.0724105834960938 -0.00760650634765624 0.94830322265625 0.82781982421875
-0.0182342529296875 -0.0899200439453125 -0.0236816406250001 1.463134765625
0.0428009033203125 0.0139808654785156 -0.7177734375 0.84228515625
0.0795669555664062 0.0589370727539062 0.0301856994628906 0.0440826416015625
0.0415573120117188 0.0167350769042969 0.696533203125 -0.92803955078125
0.0219535827636719 -0.0283584594726563 -0.17822265625 -1.474609375
-0.0371513366699219 -0.01141357421875 -1.1768798828125 -0.4779052734375
-0.0436286926269531 0.0127487182617187 -0.80621337890625 0.615478515625
0.0206451416015625 0.00410652160644531 -0.0772705078125 0.7940673828125
0.0261020660400391 0.00693511962890625 0.4010009765625 0.392791748046875
0.0176467895507812 -0.0112495422363281 0.52520751953125 -0.058929443359375
0.0401382446289063 -0.0240249633789063 -0.48736572265625 0.019134521484375
0.0367469787597656 0.00191116333007813 -0.315887451171875 -0.38861083984375
0.0547752380371094 0.0138587951660156 0.2994384765625 -0.6409912109375
0.0176239013671875 0.0454330444335937 1.01678466796875 -0.29571533203125
-0.0540390014648438 0.0012054443359375 0.9378662109375 0.83660888671875
-0.0159149169921875 -0.086761474609375 -0.0455322265625 1.463134765625
0.0399665832519531 0.00379562377929688 -0.72930908203125 0.834716796875
0.0837173461914063 0.0443267822265625 0.0274276733398438 0.0393218994140625
0.0413246154785156 0.00732040405273438 0.6859130859375 -0.93609619140625
0.0246047973632813 -0.0228481292724609 -0.1871337890625 -1.47314453125
-0.0148611068725586 -0.00397014617919922 -1.1766357421875 -0.465576171875
-0.0168466567993164 0.00610828399658203 -0.79620361328125 0.62237548828125
0.0365867614746094 -0.000606536865234375 -0.06903076171875 0.794189453125
0.0218257904052734 -0.00281333923339844 0.403472900390625 0.38897705078125
0.00644683837890625 -0.020263671875 0.52392578125 -0.06805419921875
0.0295448303222656 -0.0382080078125 -0.48736572265625 0.0181274414062501
0.0337886810302734 -0.00818824768066406 -0.321685791015625 -0.39013671875
0.0745010375976563 0.00792694091796875 0.288818359375 -0.642333984375
0.0498466491699219 0.0478515625 1.0135498046875 -0.31170654296875
-0.0328598022460938 0.0132904052734375 0.9443359375 0.82489013671875
-0.0153121948242188 -0.0823974609375 -0.0273437499999999 1.4598388671875
0.0391654968261719 -0.0103645324707031 -0.721435546875 0.8438720703125
0.0895004272460938 0.0266952514648438 0.0246086120605469 0.0417213439941406
0.0414276123046875 -0.003570556640625 0.68463134765625 -0.93756103515625
0.0303916931152344 -0.0188522338867188 -0.1871337890625 -1.474609375
0.0081639289855957 0.00410127639770508 -1.1778564453125 -0.4644775390625
0.0103836059570312 0.000369071960449219 -0.7982177734375 0.62164306640625
0.0525283813476562 -0.00616836547851562 -0.0734863281249999 0.79376220703125
0.0192279815673828 -0.0123310089111328 0.399261474609375 0.3856201171875
-0.00432586669921875 -0.0332965850830078 0.521575927734375 -0.070465087890625
0.0227508544921875 -0.0513076782226563 -0.49273681640625 0.014892578125
0.0318450927734375 -0.0191879272460937 -0.335174560546875 -0.3935546875
0.0895538330078125 0.00046539306640625 0.26239013671875 -0.65325927734375
0.0764541625976563 0.0480194091796875 0.9971923828125 -0.3388671875
-0.0145664215087891 0.0247650146484375 0.9599609375 0.7965087890625
-0.0133438110351563 -0.0783004760742188 0.00537109375000016 1.4552001953125
0.0372390747070313 -0.0205802917480469 -0.7054443359375 0.8572998046875
0.0930252075195313 0.01171875 0.0221710205078125 0.0503807067871094
0.0403099060058594 -0.012237548828125 0.69927978515625 -0.92498779296875
0.0366020202636719 -0.0156211853027344 -0.155517578125 -1.4852294921875
0.0276699066162109 0.0116233825683594 -1.171630859375 -0.4959716796875
0.0354385375976562 -0.00373077392578125 -0.82061767578125 0.6025390625
0.0694351196289063 -0.0108528137207031 -0.094970703125 0.78631591796875
0.0175609588623047 -0.0211391448974609 0.386138916015625 0.38360595703125
-0.0120697021484375 -0.0453948974609375 0.516845703125 -0.073699951171875
0.0188980102539062 -0.0605888366699219 -0.499237060546875 0.011749267578125
0.0272750854492188 -0.0268211364746094 -0.351470947265625 -0.40216064453125
0.0989532470703125 -0.0060272216796875 0.2314453125 -0.66876220703125
0.0939559936523438 0.046417236328125 0.9739990234375 -0.37225341796875
-0.000841140747070313 0.033477783203125 0.97900390625 0.75848388671875
-0.0116806030273437 -0.0743408203125 0.053466796875 1.4453125
0.0361289978027344 -0.0289382934570313 -0.6802978515625 0.873291015625
0.0949478149414063 0.00171661376953125 0.0180206298828125 0.0646133422851562
0.0424232482910156 -0.0195808410644531 0.730224609375 -0.90399169921875
0.0398902893066406 -0.0122108459472656 -0.1029052734375 -1.4971923828125
0.0422248840332031 0.0190086364746094 -1.1624755859375 -0.542724609375
0.0517387390136719 -0.00480270385742187 -0.8507080078125 0.5706787109375
0.0812454223632813 -0.0139541625976563 -0.12646484375 0.77435302734375
0.0160961151123047 -0.0274829864501953 0.368743896484375 0.38262939453125
-0.0169868469238281 -0.056610107421875 0.510711669921875 -0.075164794921875
0.0191192626953125 -0.067291259765625 -0.507904052734375 0.0133361816406251
0.0241622924804688 -0.0318813323974609 -0.37176513671875 -0.41241455078125
0.09954833984375 -0.010345458984375 0.19525146484375 -0.68798828125
0.100090026855469 0.0438766479492188 0.94146728515625 -0.41864013671875
0.00585556030273438 0.03582763671875 0.99530029296875 0.70782470703125
-0.011322021484375 -0.0712890625 0.1104736328125 1.4320068359375
0.0351676940917969 -0.0342826843261719 -0.64886474609375 0.89666748046875
0.0953903198242188 -0.00363922119140625 0.0167388916015625 0.080535888671875
0.0431861877441406 -0.0247459411621094 0.76348876953125 -0.8780517578125
0.0431747436523437 -0.0111007690429687 -0.0369873046875001 -1.5115966796875
0.0477294921875 0.024810791015625 -1.1473388671875 -0.5985107421875
0.0610809326171875 -0.00298690795898437 -0.887451171875 0.53271484375
0.0859146118164063 -0.01312255859375 -0.16400146484375 0.75738525390625
0.0174121856689453 -0.03302001953125 0.350830078125 0.3773193359375
-0.0176124572753906 -0.063232421875 0.499847412109375 -0.078521728515625
0.0233840942382813 -0.0681991577148438 -0.51776123046875 0.0111083984374999
0.0196495056152344 -0.0344505310058594 -0.391937255859375 -0.418975830078125
0.0929107666015625 -0.0136566162109375 0.15460205078125 -0.70599365234375
0.0950393676757813 0.0403518676757813 0.90728759765625 -0.46478271484375
0.0042724609375 0.0367813110351563 1.0167236328125 0.654541015625
-0.0116500854492187 -0.0702705383300781 0.1759033203125 1.4146728515625
0.0347843170166016 -0.0344791412353516 -0.61419677734375 0.9176025390625
0.0928955078125 -0.00146484375 0.0161209106445313 0.0986557006835938
0.0429344177246094 -0.022125244140625 0.7972412109375 -0.85247802734375
0.0436439514160156 -0.00966644287109375 0.0241699218750001 -1.52294921875
0.0449943542480469 0.0283432006835938 -1.13525390625 -0.653564453125
0.0559120178222656 0.000194549560546875 -0.92047119140625 0.4913330078125
0.0851287841796875 -0.0122833251953125 -0.20166015625 0.74078369140625
0.0182914733886719 -0.0326480865478516 0.331695556640625 0.37542724609375
-0.0133743286132812 -0.0662422180175781 0.492767333984375 -0.07659912109375
0.0305099487304688 -0.063232421875 -0.5257568359375 0.014923095703125
0.0192661285400391 -0.0318813323974609 -0.40728759765625 -0.425933837890625
0.0810165405273438 -0.0110092163085938 0.1224365234375 -0.7227783203125
0.07989501953125 0.0389404296875 0.87738037109375 -0.49755859375
-0.0054931640625 0.0337028503417969 1.02716064453125 0.613037109375
-0.0130996704101562 -0.070587158203125 0.22265625 1.3997802734375
0.0362701416015625 -0.0309600830078125 -0.58355712890625 0.9371337890625
0.091094970703125 0.00461578369140625 0.0169754028320313 0.113594055175781
0.0435066223144531 -0.0174064636230469 0.83135986328125 -0.8233642578125
0.0440483093261719 -0.0107650756835938 0.0808105468749999 -1.5281982421875
0.033599853515625 0.0252780914306641 -1.1192626953125 -0.699951171875
0.041961669921875 0.00433731079101563 -0.949462890625 0.45556640625
0.0755767822265625 -0.00879669189453125 -0.23223876953125 0.72271728515625
0.0195178985595703 -0.0296173095703125 0.319488525390625 0.370880126953125
-0.00693511962890625 -0.0649566650390625 0.488525390625 -0.0782470703125
0.050048828125 -0.0135154724121094 -0.49273681640625 0.019927978515625
0.0373268127441406 0.00962448120117188 -0.317413330078125 -0.3896484375
0.0348091125488281 0.0179634094238281 0.2962646484375 -0.653076171875
-0.0108718872070313 0.0409965515136719 1.01763916015625 -0.31268310546875
-0.0717926025390625 -0.00818634033203126 0.95416259765625 0.8319091796875
-0.0193939208984375 -0.0918655395507813 -0.0255126953125 1.4705810546875
0.0425148010253906 0.0130996704101563 -0.720947265625 0.844970703125
0.0796356201171875 0.0595169067382813 0.0283203125 0.0454978942871094
0.0433769226074219 0.0182151794433594 0.70086669921875 -0.93212890625
0.0215816497802734 -0.0284023284912109 -0.1781005859375 -1.482421875
-0.0374679565429688 -0.0101051330566406 -1.181640625 -0.479248046875
-0.0444297790527344 0.0133590698242188 -0.8076171875 0.61798095703125
0.0208835601806641 0.00452041625976563 -0.07525634765625 0.79534912109375
0.0242176055908203 0.00666618347167969 0.402740478515625 0.3927001953125
0.0164299011230469 -0.0095062255859375 0.52557373046875 -0.062744140625
0.0390586853027344 -0.0255966186523438 -0.48974609375 0.0206298828125
0.0359954833984375 0.00144577026367187 -0.31597900390625 -0.386749267578125
0.0543403625488281 0.0143814086914063 0.30084228515625 -0.640380859375
0.0186042785644531 0.0436859130859375 1.02142333984375 -0.29791259765625
-0.0532569885253906 0.00155258178710937 0.94146728515625 0.84130859375
-0.016693115234375 -0.0868453979492188 -0.0496826171875 1.46533203125
0.0403976440429688 0.0020751953125 -0.73431396484375 0.83984375
0.084564208984375 0.0441055297851563 0.0267982482910156 0.0410194396972656
0.0422859191894531 0.00833892822265625 0.68988037109375 -0.93695068359375
0.0254325866699219 -0.0235767364501953 -0.1881103515625 -1.48046875
-0.0145025253295898 -0.00343036651611328 -1.1785888671875 -0.466796875
-0.0175132751464844 0.00714588165283203 -0.7979736328125 0.62420654296875
0.0356292724609375 -0.0003204345703125 -0.0667724609375 0.79559326171875
0.0221614837646484 -0.00278091430664063 0.406097412109375 0.38848876953125
0.00575065612792969 -0.0208358764648438 0.52587890625 -0.069580078125
0.0288238525390625 -0.0386772155761719 -0.490325927734375 0.0190734863281251
0.0342292785644531 -0.00794029235839844 -0.323822021484375 -0.38885498046875
0.0755996704101563 0.00824737548828125 0.28973388671875 -0.64361572265625
0.0506973266601563 0.0467071533203125 1.01873779296875 -0.3118896484375
-0.0339603424072266 0.0120334625244141 0.948974609375 0.828125
-0.0167083740234375 -0.0828094482421875 -0.0291748046874999 1.4658203125
0.0396080017089844 -0.00934982299804688 -0.72515869140625 0.8463134765625
0.0899124145507812 0.027740478515625 0.0226974487304688 0.0440330505371094
0.0423507690429688 -0.00312042236328125 0.68463134765625 -0.938232421875
0.0306053161621094 -0.020050048828125 -0.185791015625 -1.4805908203125
0.00745677947998047 0.00310039520263672 -1.1805419921875 -0.46826171875
0.00906944274902344 0.00219345092773438 -0.80108642578125 0.62554931640625
0.0523147583007813 -0.0071563720703125 -0.0718383789062501 0.79364013671875
0.0180435180664062 -0.0127410888671875 0.400238037109375 0.38739013671875
-0.00588226318359375 -0.0320262908935547 0.5240478515625 -0.0726318359375
0.0218276977539062 -0.05230712890625 -0.49346923828125 0.0163574218749999
0.0318775177001953 -0.0179901123046875 -0.337921142578125 -0.3935546875
0.0905990600585938 -1.52587890625E-05 0.26373291015625 -0.6536865234375
0.0785064697265625 0.0460662841796875 0.9998779296875 -0.34130859375
-0.0152816772460937 0.0249195098876953 0.96368408203125 0.7979736328125
-0.0145492553710938 -0.07867431640625 0.00537109375000007 1.4595947265625
0.0384101867675781 -0.0210762023925781 -0.7086181640625 0.859375
0.0932846069335938 0.0119171142578125 0.0198097229003906 0.0519218444824219
0.042022705078125 -0.0128364562988281 0.704345703125 -0.9266357421875
0.0369606018066406 -0.0154342651367187 -0.1539306640625 -1.490478515625
0.028289794921875 0.0124111175537109 -1.1739501953125 -0.496826171875
0.0350418090820313 -0.00331497192382813 -0.8209228515625 0.603759765625
0.0678901672363281 -0.0104522705078125 -0.0943603515625001 0.78643798828125
0.0173778533935547 -0.0218486785888672 0.388671875 0.385833740234375
-0.0123405456542969 -0.0436973571777344 0.51788330078125 -0.07550048828125
0.017913818359375 -0.0616798400878906 -0.50006103515625 0.0132141113281249
0.0283985137939453 -0.0262451171875 -0.355438232421875 -0.402496337890625
0.0996627807617188 -0.00750732421875 0.233642578125 -0.66986083984375
0.0946197509765625 0.0472793579101563 0.97705078125 -0.3759765625
-0.00134086608886718 0.0336875915527344 0.97882080078125 0.75927734375
-0.0136489868164062 -0.0748291015625 0.0540771484374999 1.4493408203125
0.0359573364257813 -0.0289230346679688 -0.6849365234375 0.87774658203125
0.0956344604492188 0.000701904296875 0.0182647705078125 0.0670738220214844
0.0426483154296875 -0.0202484130859375 0.73291015625 -0.9036865234375
0.0409049987792969 -0.0117340087890625 -0.1043701171875 -1.50390625
0.0433578491210938 0.0180282592773438 -1.1668701171875 -0.547119140625
0.0533981323242188 -0.00354766845703125 -0.8514404296875 0.57257080078125
0.0800094604492188 -0.0131683349609375 -0.124755859375 0.7750244140625
0.0166034698486328 -0.0289344787597656 0.3704833984375 0.38360595703125
-0.017822265625 -0.0549659729003906 0.511871337890625 -0.075714111328125
0.0189552307128906 -0.0667190551757813 -0.510345458984375 0.0142211914062501
0.0235271453857422 -0.0322513580322266 -0.3734130859375 -0.41094970703125
0.101242065429688 -0.011444091796875 0.197509765625 -0.68768310546875
0.10260009765625 0.043487548828125 0.9462890625 -0.41961669921875
0.00583267211914062 0.0353546142578125 1.00201416015625 0.71148681640625
-0.0123291015625 -0.07208251953125 0.1119384765625 1.4359130859375
0.0358505249023438 -0.0347099304199219 -0.65252685546875 0.89990234375
0.0962066650390625 -0.0047149658203125 0.0160751342773438 0.0832748413085938
0.0422096252441406 -0.0227203369140625 0.7666015625 -0.87921142578125
0.0437164306640625 -0.00905609130859375 -0.0386962890625001 -1.5166015625
0.0489921569824219 0.0254249572753906 -1.1524658203125 -0.5994873046875
0.0613441467285156 -0.00344085693359375 -0.888427734375 0.53289794921875
0.0868988037109375 -0.0138320922851563 -0.16314697265625 0.757080078125
0.0163974761962891 -0.0338172912597656 0.351715087890625 0.377410888671875
-0.01824951171875 -0.0625228881835938 0.50311279296875 -0.080657958984375
0.0231399536132813 -0.0693016052246094 -0.517822265625 0.0137939453125
0.0204029083251953 -0.0342063903808594 -0.394622802734375 -0.4166259765625
0.094329833984375 -0.0135421752929688 0.1561279296875 -0.7076416015625
0.0976028442382813 0.0398483276367188 0.911865234375 -0.46527099609375
0.00532913208007812 0.0373725891113281 1.01934814453125 0.65814208984375
-0.0119705200195312 -0.071197509765625 0.1748046875 1.4173583984375
0.0352706909179688 -0.0349349975585938 -0.61749267578125 0.9219970703125
0.095001220703125 -0.00177001953125 0.0153961181640625 0.101043701171875
0.0432624816894531 -0.0230598449707031 0.79901123046875 -0.85418701171875
0.0443801879882813 -0.00930023193359375 0.0253906250000001 -1.5279541015625
0.0458145141601563 0.0264244079589844 -1.1375732421875 -0.6573486328125
0.0572128295898437 0.00210952758789063 -0.9237060546875 0.49658203125
0.0852203369140625 -0.0133132934570312 -0.2003173828125 0.74261474609375
0.0186100006103516 -0.0314788818359375 0.3331298828125 0.374725341796875
-0.0150260925292969 -0.0659027099609375 0.495513916015625 -0.079132080078125
0.0296134948730469 -0.0658798217773438 -0.5294189453125 0.0158386230468749
0.0194263458251953 -0.0317916870117188 -0.40911865234375 -0.424896240234375
0.0820236206054688 -0.0118408203125 0.12445068359375 -0.7235107421875
0.0802383422851562 0.0401611328125 0.87896728515625 -0.501220703125
-0.00442695617675781 0.0339431762695313 1.0323486328125 0.6153564453125
-0.0146102905273437 -0.071868896484375 0.224365234375 1.4022216796875
0.0371284484863281 -0.0301437377929688 -0.5865478515625 0.93438720703125
0.091522216796875 0.00420379638671875 0.0162200927734375 0.115623474121094
0.0453453063964844 -0.0180282592773438 0.83209228515625 -0.82568359375
0.0439529418945313 -0.0110397338867188 0.086669921875 -1.5311279296875
0.0342674255371094 0.024505615234375 -1.12054443359375 -0.701171875
0.0417022705078125 0.00496673583984375 -0.95330810546875 0.458984375
0.0765457153320313 -0.00865936279296875 -0.23040771484375 0.7244873046875
0.0199241638183594 -0.0303478240966797 0.319488525390625 0.37103271484375
-0.00792312622070313 -0.0643997192382813 0.489837646484375 -0.08074951171875
0.0489997863769531 -0.014495849609375 -0.495208740234375 0.0215454101562501
0.0359382629394531 0.00957107543945313 -0.31915283203125 -0.390411376953125
0.0359077453613281 0.0188827514648438 0.2978515625 -0.6541748046875
-0.011566162109375 0.0415458679199219 1.022216796875 -0.3165283203125
-0.07293701171875 -0.00742340087890625 0.9603271484375 0.8359375
-0.0212326049804688 -0.0901641845703125 -0.0245361328124999 1.47509765625
0.0434455871582031 0.0139808654785156 -0.72723388671875 0.84991455078125
0.0811691284179688 0.0591049194335938 0.0281295776367188 0.0472335815429688
0.0442237854003906 0.0191078186035156 0.70263671875 -0.9332275390625
0.0225105285644531 -0.0278472900390625 -0.1796875 -1.4923095703125
-0.0378341674804688 -0.0123214721679688 -1.1854248046875 -0.481689453125
-0.0454254150390625 0.0137367248535156 -0.81317138671875 0.62139892578125
0.0198116302490234 0.00449180603027344 -0.0748291015625001 0.79681396484375
0.0248451232910156 0.00517082214355469 0.4051513671875 0.393585205078125
0.0179576873779297 -0.00920677185058594 0.5286865234375 -0.06243896484375
0.0385322570800781 -0.0262451171875 -0.491912841796875 0.0218505859374999
0.0368614196777344 0.00175857543945313 -0.317718505859375 -0.38677978515625
0.0561714172363281 0.013946533203125 0.3031005859375 -0.6446533203125
0.0197715759277344 0.0444450378417969 1.02716064453125 -0.30078125
-0.0533485412597656 0.00023269653320312 0.9468994140625 0.8468017578125
-0.018707275390625 -0.0874481201171875 -0.0495605468750002 1.4732666015625
0.0409889221191406 0.00355911254882813 -0.73968505859375 0.84344482421875
0.0864028930664063 0.043792724609375 0.0249252319335938 0.0414886474609375
0.0437583923339844 0.00909042358398438 0.69268798828125 -0.9425048828125
0.0272064208984375 -0.0241374969482422 -0.184814453125 -1.4874267578125
-0.015716552734375 -0.00392341613769531 -1.186279296875 -0.4676513671875
-0.0170536041259766 0.00772571563720703 -0.8026123046875 0.62884521484375
0.0362396240234375 -0.00165176391601563 -0.0668334960937501 0.79779052734375
0.0226211547851563 -0.00506019592285156 0.408203125 0.389495849609375
0.00577163696289063 -0.0182743072509766 0.52923583984375 -0.0714111328125
0.0294418334960937 -0.0398216247558594 -0.4930419921875 0.0212707519531249
0.0345821380615234 -0.00909423828125 -0.32470703125 -0.388336181640625
0.0758743286132813 0.00646209716796875 0.29150390625 -0.6453857421875
0.050811767578125 0.0455818176269531 1.02288818359375 -0.31396484375
-0.0334205627441406 0.0134925842285156 0.956298828125 0.8338623046875
-0.0169601440429687 -0.0827560424804688 -0.0269775390624999 1.47265625
0.0398483276367188 -0.00959396362304688 -0.7303466796875 0.84906005859375
0.0902786254882813 0.0254745483398438 0.0215377807617188 0.0447044372558594
0.0428314208984375 -0.00286483764648438 0.69073486328125 -0.942626953125
0.0317344665527344 -0.0196475982666016 -0.188720703125 -1.489990234375
0.0074620246887207 0.00417041778564453 -1.1876220703125 -0.4713134765625
0.0114650726318359 0.00171470642089844 -0.80462646484375 0.6279296875
0.0531730651855469 -0.0076141357421875 -0.07080078125 0.79644775390625
0.0190925598144531 -0.0130405426025391 0.40350341796875 0.387603759765625
-0.005218505859375 -0.0305213928222656 0.5260009765625 -0.074859619140625
0.0218925476074219 -0.0528221130371094 -0.498260498046875 0.0195007324218749
0.030975341796875 -0.0184116363525391 -0.33917236328125 -0.392303466796875
0.0928115844726563 -0.00081634521484375 0.2669677734375 -0.65704345703125
0.07916259765625 0.0467758178710937 1.0048828125 -0.34197998046875
-0.0158424377441406 0.0254993438720703 0.970458984375 0.80389404296875
-0.014251708984375 -0.0793685913085938 0.00561523437499984 1.4669189453125
0.0384254455566406 -0.0211677551269531 -0.71136474609375 0.864013671875
0.0937957763671875 0.0104751586914063 0.0188064575195313 0.0538368225097656
0.043426513671875 -0.0119056701660156 0.70660400390625 -0.92742919921875
0.0375900268554688 -0.015533447265625 -0.1558837890625 -1.4976806640625
0.0284557342529297 0.0114326477050781 -1.180419921875 -0.4993896484375
0.0351905822753906 -0.00296783447265625 -0.82415771484375 0.606689453125
0.0684432983398438 -0.0128135681152344 -0.09222412109375 0.7896728515625
0.0174465179443359 -0.0221271514892578 0.3895263671875 0.38671875
-0.0138969421386719 -0.0428276062011719 0.521209716796875 -0.07684326171875
0.0175437927246094 -0.0623817443847656 -0.504730224609375 0.015289306640625
0.0266914367675781 -0.0271530151367188 -0.35638427734375 -0.40185546875
0.101455688476563 -0.00708770751953125 0.235107421875 -0.67266845703125
0.095855712890625 0.0451507568359375 0.98291015625 -0.37738037109375
-0.00174713134765625 0.0329265594482422 0.9896240234375 0.7650146484375
-0.0138015747070312 -0.0748138427734375 0.0529785156249999 1.454345703125
0.0360755920410156 -0.0292510986328125 -0.68939208984375 0.88189697265625
0.0968704223632812 0.00072479248046875 0.0157890319824219 0.0681533813476563
0.0439338684082031 -0.0188941955566406 0.73675537109375 -0.90625
0.0407829284667969 -0.0123825073242188 -0.1024169921875 -1.5115966796875
0.0436515808105469 0.0196151733398438 -1.1708984375 -0.5465087890625
0.0531806945800781 -0.00415420532226563 -0.85638427734375 0.575439453125
0.0810394287109375 -0.0143280029296875 -0.12548828125 0.77740478515625
0.0159168243408203 -0.0300159454345703 0.37384033203125 0.38427734375
-0.0195045471191406 -0.0538597106933594 0.5150146484375 -0.079254150390625
0.0179481506347656 -0.0684967041015625 -0.51226806640625 0.0159606933593751
0.0244235992431641 -0.0331459045410156 -0.375030517578125 -0.409149169921875
0.102470397949219 -0.0121841430664063 0.197998046875 -0.69183349609375
0.103668212890625 0.0427322387695313 0.95062255859375 -0.421875
0.00531768798828125 0.037200927734375 1.0062255859375 0.71685791015625
-0.0137863159179688 -0.0723800659179688 0.1124267578125 1.44140625
0.0363693237304688 -0.0346717834472656 -0.656494140625 0.90374755859375
0.0980072021484375 -0.00405120849609375 0.0152587890625 0.0844039916992187
0.0441055297851563 -0.0235023498535156 0.771240234375 -0.8829345703125
0.0447425842285156 -0.0111579895019531 -0.0356445312500002 -1.52685546875
0.0495071411132813 0.0249443054199219 -1.15673828125 -0.6046142578125
0.0605850219726563 -0.0009765625 -0.89178466796875 0.538330078125
0.0869293212890625 -0.0139007568359375 -0.16424560546875 0.7601318359375
0.0156097412109375 -0.0330848693847656 0.3533935546875 0.3792724609375
-0.0192184448242187 -0.0608100891113281 0.505401611328125 -0.081207275390625
0.0217208862304688 -0.069976806640625 -0.520965576171875 0.0152587890624999
0.0203266143798828 -0.0346317291259766 -0.3953857421875 -0.4163818359375
0.0955657958984375 -0.0152435302734375 0.15838623046875 -0.71063232421875
0.097808837890625 0.0391616821289063 0.91680908203125 -0.46826171875
0.003936767578125 0.0378608703613281 1.02734375 0.6588134765625
-0.0131988525390625 -0.0723114013671875 0.176513671875 1.425048828125
0.0359535217285156 -0.0356483459472656 -0.61962890625 0.92681884765625
0.0960540771484375 -0.00356292724609375 0.0142745971679687 0.103019714355469
0.0449562072753906 -0.0221214294433594 0.80230712890625 -0.85662841796875
0.0455894470214844 -0.0100135803222656 0.0250244140625001 -1.537353515625
0.0466690063476562 0.0272331237792969 -1.14208984375 -0.6605224609375
0.0574150085449219 0.0015106201171875 -0.9266357421875 0.49774169921875
0.0856399536132813 -0.0126953125 -0.2000732421875 0.7442626953125
0.0177555084228516 -0.0324497222900391 0.3353271484375 0.3773193359375
-0.0149612426757813 -0.0653419494628906 0.4989013671875 -0.08001708984375
0.0299301147460937 -0.0660858154296875 -0.529541015625 0.018310546875
0.0189704895019531 -0.0328083038330078 -0.412841796875 -0.423797607421875
0.0832061767578125 -0.0129165649414063 0.12420654296875 -0.72491455078125
0.0819244384765625 0.03802490234375 0.88470458984375 -0.502685546875
-0.00498008728027344 0.0348415374755859 1.039306640625 0.6185302734375
-0.01605224609375 -0.0715789794921875 0.2266845703125 1.411376953125
0.0359458923339844 -0.030670166015625 -0.589599609375 0.942138671875
0.0933685302734375 0.00421142578125 0.0148162841796875 0.117141723632813
0.0449409484863281 -0.0168113708496094 0.83856201171875 -0.82879638671875
0.0451011657714844 -0.0116424560546875 0.0874023437499999 -1.5421142578125
0.0348300933837891 0.0232429504394531 -1.1248779296875 -0.705810546875
0.0428848266601562 0.00510025024414062 -0.95599365234375 0.460205078125
0.0767059326171875 -0.009765625 -0.22991943359375 0.7276611328125
0.0193195343017578 -0.0309238433837891 0.321746826171875 0.373626708984375
-0.00855636596679688 -0.0629158020019531 0.493255615234375 -0.081634521484375
0.0492820739746094 -0.0149269104003906 -0.49853515625 0.0255432128906251
0.0370445251464844 0.00942611694335938 -0.3209228515625 -0.390045166015625
0.0368232727050781 0.0183448791503906 0.2991943359375 -0.66021728515625
-0.00943756103515625 0.0399818420410156 1.02813720703125 -0.31982421875
-0.074371337890625 -0.00841522216796876 0.96844482421875 0.83880615234375
-0.0230255126953125 -0.0909042358398438 -0.0234375 1.4862060546875
0.0438270568847656 0.0140190124511719 -0.7313232421875 0.85467529296875
0.08258056640625 0.0599136352539063 0.0273284912109375 0.0474472045898438
0.0456314086914063 0.0189552307128906 0.7054443359375 -0.939453125
0.0226478576660156 -0.0283660888671875 -0.1785888671875 -1.5001220703125
-0.0369644165039063 -0.0108375549316406 -1.19482421875 -0.4837646484375
-0.0446662902832031 0.0155105590820313 -0.814208984375 0.62628173828125
0.0198631286621094 0.00457191467285156 -0.0738525390625 0.80303955078125
0.0258350372314453 0.00512886047363281 0.410064697265625 0.394378662109375
0.0170269012451172 -0.00837421417236328 0.53350830078125 -0.066192626953125
0.0379142761230469 -0.0264167785644531 -0.4969482421875 0.0250549316406251
0.0358467102050781 0.000568389892578125 -0.321136474609375 -0.385894775390625
0.0559959411621094 0.0129013061523438 0.3023681640625 -0.6478271484375
0.0213546752929688 0.0434112548828125 1.0335693359375 -0.304931640625
-0.0546531677246094 0.000934600830078114 0.95477294921875 0.85009765625
-0.0197525024414062 -0.0872573852539062 -0.047607421875 1.48388671875
0.0429573059082031 0.0030670166015625 -0.74383544921875 0.85003662109375
0.0873031616210938 0.044525146484375 0.0236473083496094 0.0430679321289063
0.0447158813476563 0.00943756103515625 0.69488525390625 -0.947509765625
0.0271072387695313 -0.0231285095214844 -0.1890869140625 -1.4974365234375
-0.0154399871826172 -0.00363540649414062 -1.1939697265625 -0.4691162109375
-0.0163707733154297 0.00946331024169922 -0.80487060546875 0.63531494140625
0.0352973937988281 -0.001495361328125 -0.06414794921875 0.802490234375
0.0226001739501953 -0.00406837463378906 0.412261962890625 0.389923095703125
0.0048675537109375 -0.0180912017822266 0.532196044921875 -0.07305908203125
0.0285873413085938 -0.0400962829589844 -0.496185302734375 0.025360107421875
0.0345306396484375 -0.0101146697998047 -0.328094482421875 -0.387298583984375
0.0779190063476563 0.00644683837890625 0.293212890625 -0.65032958984375
0.0530204772949219 0.046356201171875 1.02886962890625 -0.3192138671875
-0.0338325500488281 0.0140228271484375 0.964599609375 0.83758544921875
-0.018157958984375 -0.0837936401367188 -0.0267333984375001 1.48095703125
0.0403900146484375 -0.0089874267578125 -0.73553466796875 0.8560791015625
0.0920028686523438 0.0260009765625 0.02056884765625 0.0455474853515625
0.0446052551269531 -0.00103378295898438 0.69512939453125 -0.9462890625
0.0320587158203125 -0.0193309783935547 -0.188232421875 -1.4996337890625
0.0089111328125 0.00366020202636719 -1.196044921875 -0.4730224609375
0.0108671188354492 0.00279140472412109 -0.806396484375 0.63372802734375
0.0535812377929688 -0.00780487060546875 -0.0706787109375 0.79998779296875
0.0193386077880859 -0.0138568878173828 0.407318115234375 0.390045166015625
-0.00571823120117187 -0.0295162200927734 0.53082275390625 -0.07684326171875
0.0209274291992188 -0.05303955078125 -0.50042724609375 0.0228271484374999
0.0320758819580078 -0.0194950103759766 -0.34246826171875 -0.391754150390625
0.0928192138671875 -0.001678466796875 0.2674560546875 -0.66070556640625
0.08056640625 0.045867919921875 1.0123291015625 -0.34552001953125
-0.0155811309814453 0.0249366760253906 0.97772216796875 0.806640625
-0.0162124633789063 -0.0788116455078125 0.00683593749999988 1.4752197265625
0.0385818481445313 -0.0209732055664063 -0.716796875 0.87078857421875
0.0958251953125 0.0104446411132813 0.0175437927246094 0.0559043884277344
0.0446052551269531 -0.0127105712890625 0.7099609375 -0.934814453125
0.0377464294433594 -0.0158195495605469 -0.1590576171875 -1.510498046875
0.0294189453125 0.0108699798583984 -1.1876220703125 -0.5015869140625
0.0351238250732422 -0.00139045715332031 -0.82843017578125 0.61181640625
0.0695457458496094 -0.01336669921875 -0.0902099609374999 0.7939453125
0.0169925689697266 -0.0221824645996094 0.39300537109375 0.387451171875
-0.0145301818847656 -0.0423583984375 0.52447509765625 -0.078582763671875
0.0171432495117188 -0.0632209777832031 -0.50762939453125 0.0189819335937501
0.0276813507080078 -0.0276641845703125 -0.358489990234375 -0.40155029296875
0.102142333984375 -0.00894927978515625 0.236083984375 -0.678955078125
0.0982208251953125 0.0443496704101562 0.98724365234375 -0.382568359375
-0.00209808349609375 0.0329113006591797 0.99737548828125 0.76678466796875
-0.0145339965820312 -0.075775146484375 0.0582275390625 1.464111328125
0.0363235473632812 -0.0305938720703125 -0.6925048828125 0.8876953125
0.0984268188476562 0.0002288818359375 0.0156288146972656 0.0697135925292969
0.0442123413085938 -0.0192718505859375 0.74090576171875 -0.9149169921875
0.0422897338867187 -0.0126266479492187 -0.10302734375 -1.5235595703125
0.0434036254882813 0.0193328857421875 -1.1783447265625 -0.5498046875
0.0535621643066406 -0.00334548950195313 -0.8602294921875 0.58172607421875
0.0813980102539063 -0.0151290893554688 -0.1231689453125 0.782470703125
0.0155792236328125 -0.0297050476074219 0.374420166015625 0.384796142578125
-0.0187149047851563 -0.0541343688964844 0.518585205078125 -0.081024169921875
0.0166206359863281 -0.068695068359375 -0.515838623046875 0.0203247070312501
0.0232391357421875 -0.0334701538085938 -0.379638671875 -0.4093017578125
0.103614807128906 -0.0140762329101563 0.19842529296875 -0.69488525390625
0.104507446289063 0.0417327880859375 0.956298828125 -0.4276123046875
0.0062255859375 0.0366859436035156 1.01708984375 0.71917724609375
-0.0140914916992188 -0.073455810546875 0.115478515625 1.4501953125
0.0364761352539063 -0.035400390625 -0.6600341796875 0.91015625
0.099212646484375 -0.0048828125 0.013824462890625 0.0868301391601563
0.0458946228027344 -0.0242958068847656 0.77349853515625 -0.88751220703125
0.0448226928710938 -0.0109672546386719 -0.0395507812499998 -1.5340576171875
0.0503959655761719 0.024993896484375 -1.1636962890625 -0.6044921875
0.0612106323242187 -0.00123214721679688 -0.8963623046875 0.54180908203125
0.0867767333984375 -0.0148391723632812 -0.163330078125 0.76373291015625
0.0165596008300781 -0.0338687896728516 0.357025146484375 0.380859375
-0.02044677734375 -0.0611572265625 0.509918212890625 -0.0841064453125
0.0204010009765625 -0.0711822509765625 -0.52490234375 0.0183410644531249
0.01904296875 -0.0353622436523437 -0.399383544921875 -0.417236328125
0.0959320068359375 -0.0156784057617188 0.15850830078125 -0.71453857421875
0.0993881225585938 0.0380020141601563 0.921875 -0.472412109375
0.00475692749023438 0.0374755859375 1.0360107421875 0.663818359375
-0.0153961181640625 -0.0723495483398438 0.1806640625 1.4354248046875
0.0355186462402344 -0.0362586975097656 -0.622314453125 0.93341064453125
0.0974273681640625 -0.00347137451171875 0.0134353637695313 0.104606628417969
0.0454025268554688 -0.0220527648925781 0.80908203125 -0.862548828125
0.0450057983398438 -0.0109596252441406 0.0249023437500002 -1.5478515625
0.04693603515625 0.0266532897949219 -1.1490478515625 -0.6622314453125
0.0584907531738281 0.0016326904296875 -0.93157958984375 0.50396728515625
0.0854949951171875 -0.0129547119140625 -0.19927978515625 0.74761962890625
0.0192623138427734 -0.0350742340087891 0.3382568359375 0.377960205078125
-0.0162620544433594 -0.0659713745117188 0.501007080078125 -0.083038330078125
0.0282669067382813 -0.0673408508300781 -0.533416748046875 0.0214233398437499
0.0188045501708984 -0.0332298278808594 -0.415924072265625 -0.422882080078125
0.0845947265625 -0.0137786865234375 0.1240234375 -0.728515625
0.0825958251953125 0.03863525390625 0.890380859375 -0.5079345703125
-0.00465011596679687 0.0339431762695312 1.0506591796875 0.62274169921875
-0.0163726806640625 -0.0726089477539062 0.228759765625 1.417236328125
0.0367927551269531 -0.0311241149902344 -0.59442138671875 0.94964599609375
0.0948410034179688 0.0048370361328125 0.0136032104492188 0.119453430175781
0.0474090576171875 -0.017364501953125 0.8424072265625 -0.83367919921875
0.0454559326171875 -0.0122108459472656 0.0863037109374999 -1.5531005859375
0.0353965759277344 0.0246696472167969 -1.135986328125 -0.708251953125
0.0432586669921875 0.00641632080078125 -0.9622802734375 0.46624755859375
0.0755386352539062 -0.0096893310546875 -0.230712890625 0.729736328125
0.0191726684570313 -0.0316810607910156 0.32464599609375 0.375152587890625
-0.00888824462890625 -0.06292724609375 0.49627685546875 -0.084991455078125
0.0485267639160156 -0.0157051086425781 -0.502105712890625 0.0296936035156251
0.0371208190917969 0.00914382934570312 -0.3267822265625 -0.389923095703125
0.0379180908203125 0.0181922912597656 0.2994384765625 -0.66375732421875
-0.00940704345703125 0.0399017333984375 1.0350341796875 -0.3258056640625
-0.0739974975585937 -0.00885772705078124 0.9771728515625 0.8443603515625
-0.0245513916015625 -0.0914306640625 -0.016845703125 1.4951171875
0.044921875 0.014068603515625 -0.7354736328125 0.86334228515625
0.084228515625 0.0598983764648438 0.0261993408203125 0.0492973327636719
0.0463218688964844 0.0211296081542969 0.70758056640625 -0.9486083984375
0.0226993560791016 -0.0270252227783203 -0.18603515625 -1.513427734375
-0.0369300842285156 -0.0113677978515625 -1.2037353515625 -0.484619140625
-0.0451774597167969 0.0158538818359375 -0.817138671875 0.6337890625
0.0196895599365234 0.00356674194335938 -0.0699462890625 0.80657958984375
0.0261211395263672 0.00495147705078125 0.413116455078125 0.395477294921875
0.0169105529785156 -0.00653839111328125 0.537078857421875 -0.068359375
0.0371475219726563 -0.0271835327148438 -0.49896240234375 0.0302734375
0.0374031066894531 0.000530242919921875 -0.325042724609375 -0.387359619140625
0.0577774047851562 0.0122184753417969 0.3043212890625 -0.65386962890625
0.0222663879394531 0.0427436828613281 1.0411376953125 -0.31195068359375
-0.0551223754882813 0.00156784057617187 0.9671630859375 0.85357666015625
-0.021270751953125 -0.0878372192382813 -0.0419921875 1.4923095703125
0.0421295166015625 0.0030517578125 -0.74761962890625 0.85693359375
0.0889892578125 0.0439987182617188 0.0222511291503906 0.0452728271484375
0.0466461181640625 0.0094146728515625 0.69854736328125 -0.955322265625
0.0268383026123047 -0.0232334136962891 -0.19384765625 -1.50927734375
-0.0153017044067383 -0.00464439392089844 -1.202392578125 -0.4683837890625
-0.0166425704956055 0.00945281982421875 -0.80694580078125 0.6412353515625
0.035552978515625 -0.00186920166015625 -0.0590820312499999 0.80682373046875
0.0221405029296875 -0.00399017333984375 0.416290283203125 0.3914794921875
0.00404548645019531 -0.0167446136474609 0.537384033203125 -0.07672119140625
0.0274124145507813 -0.0414466857910156 -0.499481201171875 0.0274658203125001
0.0337371826171875 -0.0101184844970703 -0.3319091796875 -0.38775634765625
0.0783920288085938 0.0050201416015625 0.29345703125 -0.6563720703125
0.0543403625488281 0.043853759765625 1.03759765625 -0.3243408203125
-0.0352363586425781 0.0132713317871094 0.97467041015625 0.84320068359375
-0.0206756591796875 -0.0837860107421875 -0.02587890625 1.4921875
0.0406227111816406 -0.0092620849609375 -0.73834228515625 0.8642578125
0.0945053100585938 0.0250091552734375 0.0200843811035156 0.0469474792480469
0.0464363098144531 -0.00142288208007813 0.6962890625 -0.95574951171875
0.0327472686767578 -0.0200710296630859 -0.193603515625 -1.5106201171875
0.00806427001953125 0.00392818450927734 -1.2027587890625 -0.4727783203125
0.0114278793334961 0.00349712371826172 -0.8087158203125 0.6387939453125
0.0534896850585938 -0.00819778442382813 -0.0672607421875001 0.80523681640625
0.0185298919677734 -0.0138759613037109 0.411712646484375 0.39080810546875
-0.00707817077636719 -0.0289535522460938 0.534423828125 -0.08001708984375
0.01995849609375 -0.0546531677246094 -0.50341796875 0.0262451171875
0.0315780639648438 -0.0203857421875 -0.347076416015625 -0.392669677734375
0.0937423706054688 -0.00345611572265625 0.26800537109375 -0.6656494140625
0.0816574096679688 0.0452499389648438 1.01922607421875 -0.355224609375
-0.0164966583251953 0.0248317718505859 0.98876953125 0.81195068359375
-0.0189895629882812 -0.078216552734375 0.012939453125 1.4862060546875
0.0382499694824219 -0.0213165283203125 -0.72137451171875 0.87872314453125
0.0972213745117188 0.0103302001953125 0.0172538757324219 0.0566329956054688
0.0454063415527344 -0.0124664306640625 0.7138671875 -0.9432373046875
0.0382080078125 -0.0169486999511719 -0.1607666015625 -1.5230712890625
0.0296916961669922 0.0110435485839844 -1.19677734375 -0.5009765625
0.0360298156738281 -0.00116729736328125 -0.83251953125 0.61846923828125
0.0695114135742188 -0.0126800537109375 -0.08807373046875 0.79888916015625
0.0170173645019531 -0.0231285095214844 0.39764404296875 0.389068603515625
-0.0149345397949219 -0.0418815612792969 0.528900146484375 -0.08349609375
0.0158195495605469 -0.0642013549804688 -0.511810302734375 0.0234375
0.02716064453125 -0.0284309387207031 -0.362762451171875 -0.400604248046875
0.104118347167969 -0.0102310180664062 0.23583984375 -0.6822509765625
0.0996475219726563 0.044097900390625 0.99609375 -0.3890380859375
-0.00150871276855469 0.0322799682617188 1.00665283203125 0.771240234375
-0.0168609619140625 -0.076202392578125 0.0592041015624999 1.4755859375
0.0368537902832031 -0.0304641723632813 -0.69775390625 0.8956298828125
0.099609375 -0.0002288818359375 0.0144424438476563 0.070526123046875
0.04632568359375 -0.0187301635742188 0.7421875 -0.9207763671875
0.0429878234863281 -0.0128364562988281 -0.110107421875 -1.5343017578125
0.0451393127441406 0.0189781188964844 -1.18994140625 -0.5491943359375
0.054718017578125 -0.00266265869140625 -0.86529541015625 0.58837890625
0.0811386108398437 -0.0158309936523437 -0.120849609375 0.786865234375
0.0161285400390625 -0.0299034118652344 0.380645751953125 0.387481689453125
-0.0206184387207031 -0.0529098510742188 0.52130126953125 -0.08380126953125
0.0156974792480469 -0.0698165893554688 -0.52069091796875 0.0231933593750001
0.0232791900634766 -0.0331306457519531 -0.382354736328125 -0.40997314453125
0.105010986328125 -0.0143814086914062 0.19732666015625 -0.70123291015625
0.10626220703125 0.0412063598632812 0.96319580078125 -0.4329833984375
0.005523681640625 0.0371932983398438 1.0269775390625 0.72113037109375
-0.0157241821289063 -0.0736083984375 0.12060546875 1.45849609375
0.03692626953125 -0.0357933044433594 -0.66156005859375 0.91937255859375
0.100761413574219 -0.00640106201171875 0.014739990234375 0.0885086059570312
0.04754638671875 -0.0236015319824219 0.77813720703125 -0.89349365234375
0.0455436706542969 -0.0104789733886719 -0.041748046875 -1.5478515625
0.0507888793945313 0.0239524841308594 -1.1748046875 -0.6085205078125
0.0629806518554688 -0.000926971435546875 -0.8997802734375 0.54986572265625
0.0876693725585938 -0.0157928466796875 -0.16015625 0.77227783203125
0.0165653228759766 -0.0343761444091797 0.36163330078125 0.38372802734375
-0.0204048156738281 -0.0596694946289063 0.5125732421875 -0.088348388671875
0.0198287963867187 -0.072540283203125 -0.528228759765625 0.0229187011718751
0.0193901062011719 -0.0354347229003906 -0.40283203125 -0.417022705078125
0.098114013671875 -0.017181396484375 0.15814208984375 -0.71917724609375
0.100273132324219 0.0375823974609375 0.926025390625 -0.48016357421875
0.00471878051757813 0.0376358032226563 1.04681396484375 0.6661376953125
-0.016754150390625 -0.0716323852539063 0.184326171875 1.4442138671875
0.0368270874023438 -0.0361785888671875 -0.6273193359375 0.94378662109375
0.0988540649414063 -0.0041961669921875 0.012603759765625 0.1064453125
0.0475082397460938 -0.0228996276855469 0.81201171875 -0.86981201171875
0.0466804504394531 -0.010284423828125 0.023193359375 -1.560546875
0.0476036071777344 0.0266647338867188 -1.158203125 -0.6632080078125
0.0589027404785156 0.0025482177734375 -0.93695068359375 0.51031494140625
0.0866012573242188 -0.0139846801757813 -0.19842529296875 0.75439453125
0.0186195373535156 -0.0343456268310547 0.34161376953125 0.378631591796875
-0.0160636901855469 -0.0647468566894531 0.50653076171875 -0.085845947265625
0.0265579223632813 -0.0688323974609375 -0.536468505859375 0.0248718261718751
0.0186653137207031 -0.0329303741455078 -0.420257568359375 -0.422607421875
0.0850601196289063 -0.0148162841796875 0.12396240234375 -0.7352294921875
0.0848388671875 0.03662109375 0.89508056640625 -0.513916015625
-0.00401878356933594 0.0335865020751953 1.0589599609375 0.6220703125
-0.0189666748046875 -0.0732421875 0.2349853515625 1.4295654296875
0.0377388000488281 -0.0319480895996094 -0.59716796875 0.95806884765625
0.0949172973632813 0.00197601318359375 0.01324462890625 0.121696472167969
0.0479393005371094 -0.0172386169433594 0.845458984375 -0.84033203125
0.0455513000488281 -0.0130615234375 0.0844726562500001 -1.5626220703125
0.0360794067382813 0.0233612060546875 -1.1424560546875 -0.7098388671875
0.0445289611816406 0.007965087890625 -0.96612548828125 0.4730224609375
0.0768966674804687 -0.010986328125 -0.2283935546875 0.736572265625
0.0189590454101563 -0.0320682525634766 0.32928466796875 0.37579345703125
-0.010162353515625 -0.0620803833007813 0.500091552734375 -0.0877685546875
0.0480232238769531 -0.0164108276367188 -0.50714111328125 0.0336608886718751
0.037384033203125 0.00877761840820313 -0.330078125 -0.389495849609375
0.0379486083984375 0.0170135498046875 0.299560546875 -0.67205810546875
-0.0081634521484375 0.04010009765625 1.0450439453125 -0.334228515625
-0.0748138427734375 -0.00852966308593749 0.9912109375 0.84844970703125
-0.025665283203125 -0.091552734375 -0.0128173828125001 1.507568359375
0.0443763732910156 0.0135574340820313 -0.7359619140625 0.8746337890625
0.0860214233398438 0.058685302734375 0.0251312255859375 0.0515480041503906
0.0494728088378906 0.0199394226074219 0.711181640625 -0.9554443359375
0.0245742797851563 -0.0284004211425781 -0.193603515625 -1.5238037109375
-0.0372314453125 -0.0105018615722656 -1.2166748046875 -0.4822998046875
-0.0440254211425781 0.0163688659667969 -0.82275390625 0.642822265625
0.0188732147216797 0.00328636169433594 -0.0646972656250001 0.81170654296875
0.0258045196533203 0.00397872924804688 0.41888427734375 0.39581298828125
0.0157051086425781 -0.00656986236572266 0.54156494140625 -0.073028564453125
0.0371170043945313 -0.0290489196777344 -0.504302978515625 0.0337219238281251
0.036224365234375 6.4849853515625E-05 -0.331085205078125 -0.385101318359375
0.0585975646972656 0.0105705261230469 0.3043212890625 -0.65924072265625
0.0235061645507813 0.0413780212402344 1.0509033203125 -0.319091796875
-0.0556221008300781 0.000564575195312499 0.97857666015625 0.85577392578125
-0.0234146118164063 -0.0876312255859375 -0.0367431640625001 1.503173828125
0.0430870056152344 0.00285720825195312 -0.75103759765625 0.86737060546875
0.0896377563476563 0.0430679321289063 0.0219841003417969 0.04669189453125
0.0478935241699219 0.0103034973144531 0.70123291015625 -0.96514892578125
0.0284767150878906 -0.0235195159912109 -0.202880859375 -1.5196533203125
-0.0149745941162109 -0.00316524505615234 -1.2137451171875 -0.4677734375
-0.0168390274047852 0.00992679595947266 -0.81048583984375 0.6497802734375
0.0360298156738281 -0.002288818359375 -0.0563354492187499 0.81329345703125
0.0228443145751953 -0.00489616394042969 0.421417236328125 0.392852783203125
0.00455760955810547 -0.0160188674926758 0.541259765625 -0.0823974609375
0.0268287658691406 -0.0412826538085938 -0.50433349609375 0.0339050292968749
0.0337638854980469 -0.0100288391113281 -0.338165283203125 -0.385711669921875
0.0794525146484375 0.0033416748046875 0.29248046875 -0.6629638671875
0.0564308166503906 0.0434074401855469 1.04522705078125 -0.33258056640625
-0.0351295471191406 0.0133152008056641 0.9910888671875 0.844970703125
-0.02191162109375 -0.084075927734375 -0.0174560546875001 1.5032958984375
0.0407676696777344 -0.00976943969726563 -0.7421875 0.87518310546875
0.0955429077148438 0.024658203125 0.01971435546875 0.0492706298828125
0.0475807189941406 -0.00166702270507813 0.697998046875 -0.962890625
0.0340538024902344 -0.0201034545898438 -0.2017822265625 -1.5225830078125
0.00815916061401367 0.00292062759399414 -1.2164306640625 -0.4698486328125
0.0123577117919922 0.00387668609619141 -0.81536865234375 0.64813232421875
0.0540771484375 -0.00940322875976562 -0.0640869140624999 0.81121826171875
0.0189704895019531 -0.0150413513183594 0.41717529296875 0.3917236328125
-0.00714683532714844 -0.0290088653564453 0.538360595703125 -0.0855712890625
0.0197219848632812 -0.0553398132324219 -0.508056640625 0.0309448242187499
0.0313205718994141 -0.0198898315429687 -0.349945068359375 -0.3907470703125
0.0949172973632813 -0.00408172607421875 0.26702880859375 -0.6729736328125
0.0829391479492188 0.0431137084960938 1.0274658203125 -0.3623046875
-0.0159587860107422 0.0247764587402344 1.00274658203125 0.815185546875
-0.0203323364257812 -0.0797042846679688 0.0166015625000002 1.497314453125
0.0380821228027344 -0.0213546752929687 -0.72314453125 0.88848876953125
0.0989151000976562 0.00848388671875 0.017242431640625 0.0584144592285156
0.0471153259277344 -0.0119285583496094 0.71466064453125 -0.950927734375
0.0390510559082031 -0.0157814025878906 -0.171142578125 -1.5330810546875
0.0310249328613281 0.0113620758056641 -1.20703125 -0.5003662109375
0.0371322631835938 -0.00117111206054688 -0.8341064453125 0.62884521484375
0.0694427490234375 -0.0136299133300781 -0.08355712890625 0.80499267578125
0.0173206329345703 -0.0233592987060547 0.40313720703125 0.38983154296875
-0.0155220031738281 -0.0403366088867188 0.532440185546875 -0.08721923828125
0.0138473510742188 -0.0658798217773438 -0.5159912109375 0.026458740234375
0.0264358520507812 -0.0281791687011719 -0.367156982421875 -0.399932861328125
0.104324340820313 -0.0118179321289063 0.233642578125 -0.68914794921875
0.101676940917969 0.0427322387695313 1.00213623046875 -0.39886474609375
-0.00142288208007813 0.0331153869628906 1.022216796875 0.772216796875
-0.018646240234375 -0.0753707885742188 0.0670166015625 1.48486328125
0.0373687744140625 -0.0304679870605469 -0.69915771484375 0.9068603515625
0.101036071777344 -0.00142669677734375 0.0143890380859375 0.0729141235351563
0.047271728515625 -0.0198249816894531 0.74432373046875 -0.9306640625
0.0437278747558594 -0.0132255554199219 -0.117919921875 -1.548095703125
0.0444259643554688 0.0188140869140625 -1.2015380859375 -0.550048828125
0.0559883117675781 -0.0020294189453125 -0.86865234375 0.59820556640625
0.0818023681640625 -0.0163650512695313 -0.11669921875 0.7918701171875
0.0163974761962891 -0.0313453674316406 0.386810302734375 0.38720703125
-0.0207748413085938 -0.0530052185058594 0.5262451171875 -0.08782958984375
0.0137786865234375 -0.0719680786132813 -0.525299072265625 0.0274963378906249
0.02252197265625 -0.0338878631591797 -0.389892578125 -0.406951904296875
0.104721069335938 -0.015869140625 0.19512939453125 -0.706298828125
0.108505249023438 0.0398330688476563 0.9693603515625 -0.4429931640625
0.0063323974609375 0.036712646484375 1.0416259765625 0.72149658203125
-0.017669677734375 -0.0737838745117188 0.1278076171875 1.4718017578125
0.0361175537109375 -0.0362968444824219 -0.6656494140625 0.930908203125
0.102676391601563 -0.0071563720703125 0.01385498046875 0.0902938842773438
0.0485458374023438 -0.0240058898925781 0.77978515625 -0.90386962890625
0.0466804504394531 -0.0110588073730469 -0.0472412109374999 -1.5618896484375
0.0510520935058594 0.0238227844238281 -1.184814453125 -0.607177734375
0.0647697448730469 -0.000762939453125 -0.905517578125 0.55841064453125
0.0875701904296875 -0.016326904296875 -0.1566162109375 0.775634765625
0.0156974792480469 -0.0349502563476563 0.366607666015625 0.38348388671875
-0.0219345092773437 -0.0598640441894531 0.5174560546875 -0.09234619140625
0.0190277099609375 -0.0732421875 -0.533966064453125 0.0267028808593749
0.0186233520507813 -0.0372047424316406 -0.409454345703125 -0.41546630859375
0.098541259765625 -0.0179672241210937 0.156005859375 -0.7259521484375
0.102493286132813 0.0357666015625 0.93316650390625 -0.48846435546875
0.00480270385742188 0.037506103515625 1.05865478515625 0.66656494140625
-0.0187454223632813 -0.0731658935546875 0.1929931640625 1.4554443359375
0.0363388061523438 -0.0377464294433594 -0.628662109375 0.95343017578125
0.100563049316406 -0.005950927734375 0.0118179321289063 0.1094970703125
0.0487060546875 -0.0217247009277344 0.81512451171875 -0.87664794921875
0.0470085144042969 -0.0118179321289062 0.0184326171875 -1.570068359375
0.0490875244140625 0.026458740234375 -1.17138671875 -0.66357421875
0.0598564147949219 0.0028228759765625 -0.94036865234375 0.5181884765625
0.0873794555664062 -0.0148468017578125 -0.19622802734375 0.75701904296875
0.0179557800292969 -0.0358772277832031 0.348236083984375 0.38134765625
-0.0167350769042969 -0.0643424987792969 0.51043701171875 -0.090667724609375
0.0266799926757812 -0.0691871643066406 -0.543914794921875 0.029296875
0.0181121826171875 -0.0345077514648437 -0.42657470703125 -0.42193603515625
0.0866622924804687 -0.01629638671875 0.122802734375 -0.7420654296875
0.0862960815429688 0.0360260009765625 0.90191650390625 -0.52301025390625
-0.00371742248535157 0.0335445404052734 1.0718994140625 0.6246337890625
-0.0202560424804687 -0.072174072265625 0.2431640625 1.4381103515625
0.0366744995117188 -0.032501220703125 -0.59588623046875 0.96844482421875
0.0969772338867188 0.0012969970703125 0.0134811401367188 0.123985290527344
0.0499839782714844 -0.016937255859375 0.85009765625 -0.84808349609375
0.0464630126953125 -0.0120735168457031 0.0777587890625002 -1.577880859375
0.0372123718261719 0.0237617492675781 -1.156005859375 -0.710693359375
0.0447273254394531 0.00760269165039063 -0.97174072265625 0.48175048828125
0.076629638671875 -0.0114898681640625 -0.22674560546875 0.7415771484375
0.0195522308349609 -0.0327339172363281 0.335601806640625 0.376678466796875
-0.00995635986328124 -0.0608367919921875 0.50445556640625 -0.090972900390625
0.0473136901855469 -0.0173988342285156 -0.510467529296875 0.03851318359375
0.0369911193847656 0.00864410400390625 -0.33575439453125 -0.3875732421875
0.03863525390625 0.0165367126464844 0.29974365234375 -0.67913818359375
-0.00801849365234375 0.0386428833007812 1.05126953125 -0.34490966796875
-0.07611083984375 -0.00849151611328124 1.0076904296875 0.8492431640625
-0.0278396606445313 -0.0923614501953125 -0.00268554687499993 1.5198974609375
0.0446891784667969 0.0136947631835938 -0.7376708984375 0.88677978515625
0.0871047973632813 0.0589599609375 0.0244216918945313 0.0523643493652344
0.049835205078125 0.0208206176757813 0.71075439453125 -0.968017578125
0.0244350433349609 -0.0280323028564453 -0.1995849609375 -1.537353515625
-0.0382537841796875 -0.0103073120117187 -1.22900390625 -0.479248046875
-0.0449371337890625 0.0179214477539062 -0.82421875 0.65460205078125
0.0196647644042969 0.00286102294921875 -0.0594482421875 0.81842041015625
0.0250873565673828 0.00371932983398438 0.425872802734375 0.39715576171875
0.0161199569702148 -0.00533390045166016 0.546844482421875 -0.077850341796875
0.0355644226074219 -0.0278778076171875 -0.507568359375 0.0382995605468751
0.0363693237304688 4.9591064453125E-05 -0.335174560546875 -0.383544921875
0.0592689514160156 0.0104866027832031 0.302490234375 -0.66802978515625
0.0241012573242187 0.0407676696777344 1.0577392578125 -0.331298828125
-0.0564918518066406 0.00162124633789064 0.9940185546875 0.85919189453125
-0.0254974365234375 -0.0877609252929688 -0.0283203124999999 1.5194091796875
0.0437431335449219 0.00224685668945312 -0.75311279296875 0.88018798828125
0.092315673828125 0.0424880981445313 0.0216331481933594 0.0482025146484375
0.0495376586914063 0.0105476379394531 0.70013427734375 -0.97576904296875
0.0283489227294922 -0.0241184234619141 -0.2108154296875 -1.5343017578125
-0.0146322250366211 -0.0042886734008789 -1.2288818359375 -0.463134765625
-0.0163545608520508 0.0115728378295898 -0.81427001953125 0.66082763671875
0.0355644226074219 -0.00343704223632812 -0.0520019531250001 0.82012939453125
0.0224781036376953 -0.00598907470703125 0.42828369140625 0.392059326171875
0.00365257263183594 -0.0149726867675781 0.545989990234375 -0.088165283203125
0.0261268615722656 -0.0422592163085938 -0.507293701171875 0.0380249023437499
0.0338039398193359 -0.0102348327636719 -0.34356689453125 -0.3853759765625
0.0803756713867188 0.0019073486328125 0.29119873046875 -0.67034912109375
0.0571556091308594 0.0420570373535156 1.0511474609375 -0.34271240234375
-0.0352973937988281 0.0141487121582031 1.00604248046875 0.8458251953125
-0.024383544921875 -0.083831787109375 -0.00646972656249988 1.517578125
0.0404739379882813 -0.0108528137207031 -0.74249267578125 0.88653564453125
0.0968399047851563 0.0244064331054688 0.0189437866210938 0.0513267517089844
0.0496711730957031 -0.0022125244140625 0.69842529296875 -0.975341796875
0.0334396362304688 -0.0208110809326172 -0.2130126953125 -1.5352783203125
0.00959396362304688 0.00336837768554688 -1.2276611328125 -0.4683837890625
0.0115489959716797 0.00401401519775391 -0.81793212890625 0.661865234375
0.0535240173339844 -0.00874710083007813 -0.0548095703125 0.8167724609375
0.0188941955566406 -0.0153865814208984 0.4232177734375 0.38934326171875
-0.00763893127441406 -0.0278339385986328 0.54296875 -0.090362548828125
0.0172348022460937 -0.0557632446289063 -0.51171875 0.0365600585937501
0.0307044982910156 -0.0204906463623047 -0.35791015625 -0.389923095703125
0.096099853515625 -0.00592041015625 0.26611328125 -0.680908203125
0.0848541259765625 0.0418319702148438 1.03448486328125 -0.37255859375
-0.0162620544433594 0.0245628356933594 1.017578125 0.81329345703125
-0.0223388671875 -0.0800247192382813 0.0250244140624999 1.5101318359375
0.0394020080566406 -0.0227203369140625 -0.72320556640625 0.90234375
0.100860595703125 0.0091400146484375 0.016204833984375 0.0596275329589844
0.04888916015625 -0.0118942260742188 0.71441650390625 -0.96368408203125
0.0396499633789062 -0.0168304443359375 -0.1824951171875 -1.550048828125
0.0304470062255859 0.0106773376464844 -1.2232666015625 -0.4979248046875
0.0369224548339844 -0.00106048583984375 -0.83807373046875 0.6405029296875
0.0701904296875 -0.0139808654785156 -0.07781982421875 0.8096923828125
0.0165977478027344 -0.0251064300537109 0.410888671875 0.3905029296875
-0.0161056518554687 -0.0396995544433594 0.536956787109375 -0.092742919921875
0.0128288269042969 -0.065673828125 -0.51995849609375 0.0324096679687499
0.0263004302978516 -0.0289802551269531 -0.3741455078125 -0.39813232421875
0.105819702148437 -0.0126800537109375 0.23345947265625 -0.6966552734375
0.103713989257813 0.0401611328125 1.00909423828125 -0.4095458984375
-0.00191497802734375 0.0321254730224609 1.0369873046875 0.77362060546875
-0.0198898315429688 -0.0770950317382813 0.07958984375 1.497802734375
0.0377159118652344 -0.0322990417480469 -0.69879150390625 0.91796875
0.1024169921875 -0.0029754638671875 0.0135955810546875 0.0749053955078125
0.0483665466308594 -0.0197525024414063 0.74554443359375 -0.94061279296875
0.0440902709960938 -0.0135269165039063 -0.126220703125 -1.55908203125
0.0458259582519531 0.0182533264160156 -1.2130126953125 -0.546142578125
0.0561981201171875 -0.00243377685546875 -0.87286376953125 0.6072998046875
0.0815582275390625 -0.0175704956054688 -0.113037109375 0.79718017578125
0.0153312683105469 -0.031524658203125 0.390716552734375 0.3880615234375
-0.02142333984375 -0.0507392883300781 0.53204345703125 -0.09417724609375
0.0131607055664063 -0.0723342895507813 -0.5279541015625 0.032562255859375
0.0219287872314453 -0.0348873138427734 -0.395263671875 -0.406707763671875
0.106986999511719 -0.0181961059570313 0.194580078125 -0.71527099609375
0.110610961914063 0.0370025634765625 0.97515869140625 -0.45233154296875
0.00623321533203125 0.0359153747558594 1.05682373046875 0.7213134765625
-0.0198516845703125 -0.0743255615234375 0.1376953125 1.482421875
0.0357589721679688 -0.0376625061035156 -0.66619873046875 0.9422607421875
0.103324890136719 -0.00843048095703125 0.0137863159179688 0.0924301147460938
0.0494384765625 -0.0245208740234375 0.7823486328125 -0.91668701171875
0.0468711853027344 -0.0115013122558594 -0.0574951171875 -1.5738525390625
0.0519790649414063 0.0238380432128906 -1.1993408203125 -0.6063232421875
0.065185546875 -0.00139236450195313 -0.9110107421875 0.5687255859375
0.088409423828125 -0.01727294921875 -0.15020751953125 0.781494140625
0.0161018371582031 -0.0359992980957031 0.371734619140625 0.384521484375
-0.0219650268554688 -0.0590896606445313 0.521820068359375 -0.0975341796875
0.017913818359375 -0.074920654296875 -0.53790283203125 0.033294677734375
0.0180130004882813 -0.0368461608886719 -0.41656494140625 -0.4140625
0.10003662109375 -0.0196990966796875 0.15191650390625 -0.73193359375
0.104202270507813 0.0349807739257812 0.93804931640625 -0.50048828125
0.00557708740234375 0.0369529724121094 1.0765380859375 0.66668701171875
-0.01959228515625 -0.0728302001953125 0.203857421875 1.4659423828125
0.0361099243164063 -0.037689208984375 -0.62835693359375 0.96484375
0.10137939453125 -0.007904052734375 0.0122222900390625 0.110511779785156
0.0499687194824219 -0.0227813720703125 0.817626953125 -0.890380859375
0.0479087829589844 -0.0115852355957031 0.00793457031249999 -1.5870361328125
0.0491943359375 0.0260772705078125 -1.185302734375 -0.665283203125
0.0608787536621094 0.0025177001953125 -0.9456787109375 0.52960205078125
0.08819580078125 -0.0158462524414063 -0.19073486328125 0.76513671875
0.0175514221191406 -0.0369758605957031 0.3538818359375 0.38104248046875
-0.0177688598632812 -0.0636024475097656 0.514923095703125 -0.09552001953125
0.0255966186523438 -0.0703277587890625 -0.547515869140625 0.034881591796875
0.0178279876708984 -0.0344314575195312 -0.43255615234375 -0.420257568359375
0.0869064331054687 -0.0179290771484375 0.118408203125 -0.7484130859375
0.0877304077148438 0.0345687866210938 0.90582275390625 -0.53497314453125
-0.00452041625976562 0.0351715087890625 1.08740234375 0.6236572265625
-0.0228652954101562 -0.0733489990234375 0.2498779296875 1.4490966796875
0.0363121032714844 -0.0339736938476563 -0.59710693359375 0.9803466796875
0.0989761352539063 0.000335693359375 0.0134353637695313 0.126762390136719
0.0507659912109375 -0.0176773071289063 0.8519287109375 -0.859619140625
0.0472640991210938 -0.0120086669921875 0.0695800781249999 -1.59228515625
0.0378189086914063 0.0230140686035156 -1.1712646484375 -0.7119140625
0.0457305908203125 0.00730514526367187 -0.97491455078125 0.49334716796875
0.0773162841796875 -0.0121002197265625 -0.22406005859375 0.74749755859375
0.0183773040771484 -0.0342998504638672 0.341156005859375 0.377716064453125
-0.0115928649902344 -0.0617446899414063 0.508819580078125 -0.097686767578125
0.0466194152832031 -0.0183029174804688 -0.515045166015625 0.0457458496093751
0.0372962951660156 0.00759506225585938 -0.3438720703125 -0.3865966796875
0.0389175415039063 0.0150489807128906 0.2957763671875 -0.6876220703125
-0.00640106201171875 0.0380973815917969 1.05999755859375 -0.35736083984375
-0.0768356323242188 -0.0082550048828125 1.02496337890625 0.84771728515625
-0.0312042236328125 -0.0918502807617188 0.010009765625 1.5313720703125
0.0451698303222656 0.0126228332519531 -0.740966796875 0.90045166015625
0.0890045166015625 0.0579376220703125 0.0246963500976563 0.0541419982910156
0.052276611328125 0.0217475891113281 0.7109375 -0.980712890625
0.0247917175292969 -0.0279960632324219 -0.2177734375 -1.5509033203125
-0.038116455078125 -0.0105743408203125 -1.2452392578125 -0.472900390625
-0.045562744140625 0.0193405151367188 -0.8267822265625 0.6673583984375
0.0182704925537109 0.00373649597167969 -0.052734375 0.82403564453125
0.024993896484375 0.00357246398925781 0.43255615234375 0.396087646484375
0.0159320831298828 -0.00483989715576172 0.55145263671875 -0.08514404296875
0.034759521484375 -0.0298328399658203 -0.51177978515625 0.0446166992187499
0.0364646911621094 -0.00069427490234375 -0.34197998046875 -0.38385009765625
0.0596504211425781 0.00875091552734375 0.300048828125 -0.6759033203125
0.0255088806152344 0.0394363403320313 1.06707763671875 -0.3421630859375
-0.0569915771484375 0.00177383422851563 1.01263427734375 0.8568115234375
-0.027984619140625 -0.087860107421875 -0.0148925781250001 1.5325927734375
0.0438766479492188 0.001129150390625 -0.7532958984375 0.89373779296875
0.0942535400390625 0.0413818359375 0.0214347839355469 0.04974365234375
0.0506134033203125 0.0103530883789063 0.69818115234375 -0.98883056640625
0.0284938812255859 -0.0239601135253906 -0.2283935546875 -1.546630859375
-0.0153875350952148 -0.00350856781005859 -1.2425537109375 -0.4578857421875
-0.0157251358032227 0.0124883651733398 -0.81536865234375 0.67431640625
0.0352401733398438 -0.00308990478515625 -0.0439453125 0.82513427734375
0.0224075317382812 -0.00663185119628906 0.435546875 0.392303466796875
0.00378704071044922 -0.0139179229736328 0.55023193359375 -0.09454345703125
0.024383544921875 -0.0428504943847656 -0.51287841796875 0.0461120605468749
0.0334663391113281 -0.0112380981445313 -0.348785400390625 -0.38336181640625
0.080963134765625 -0.00031280517578125 0.28863525390625 -0.677734375
0.0575408935546875 0.0410079956054688 1.05938720703125 -0.35675048828125
-0.0359916687011719 0.0139350891113281 1.02178955078125 0.84503173828125
-0.0262908935546875 -0.0844268798828125 0.00390624999999984 1.5279541015625
0.0411643981933594 -0.0114784240722656 -0.7420654296875 0.900634765625
0.0984954833984375 0.0225372314453125 0.0191154479980469 0.0531692504882812
0.0508575439453125 -0.00188064575195313 0.697265625 -0.989013671875
0.0341415405273438 -0.0206775665283203 -0.2265625 -1.546630859375
0.00979137420654297 0.00292587280273438 -1.243896484375 -0.4615478515625
0.0124588012695313 0.00489139556884766 -0.81658935546875 0.672119140625
0.0535850524902344 -0.00971221923828125 -0.0496826171875 0.82427978515625
0.0189075469970703 -0.0160884857177734 0.430450439453125 0.391510009765625
-0.00750350952148437 -0.0260639190673828 0.54644775390625 -0.096771240234375
0.0174980163574219 -0.0559272766113281 -0.517608642578125 0.0408935546874999
0.0300693511962891 -0.0216464996337891 -0.3643798828125 -0.386810302734375
0.097503662109375 -0.00762939453125 0.26239013671875 -0.68963623046875
0.0869979858398438 0.040557861328125 1.03985595703125 -0.385986328125
-0.0164737701416016 0.0246372222900391 1.03472900390625 0.81353759765625
-0.0235366821289063 -0.0801620483398438 0.039306640625 1.5244140625
0.0391883850097656 -0.0239601135253906 -0.7252197265625 0.9144287109375
0.102081298828125 0.0076141357421875 0.0163230895996094 0.0623703002929688
0.049713134765625 -0.0118408203125 0.7138671875 -0.977294921875
0.0402755737304688 -0.0163726806640625 -0.1937255859375 -1.5601806640625
0.0313358306884766 0.0107765197753906 -1.2374267578125 -0.49267578125
0.0374984741210938 -0.0009307861328125 -0.83880615234375 0.65350341796875
0.0703659057617188 -0.0157928466796875 -0.0722656249999999 0.8154296875
0.0159988403320313 -0.0250778198242188 0.41632080078125 0.3892822265625
-0.0169029235839844 -0.0382766723632812 0.54278564453125 -0.09857177734375
0.0122947692871094 -0.067108154296875 -0.5240478515625 0.0386657714843751
0.0253810882568359 -0.0302562713623047 -0.38226318359375 -0.39697265625
0.106971740722656 -0.0153656005859375 0.23028564453125 -0.7042236328125
0.105644226074219 0.0389862060546875 1.0155029296875 -0.421142578125
-0.00197410583496094 0.0327854156494141 1.0545654296875 0.77056884765625
-0.0218429565429687 -0.076019287109375 0.0920410156250002 1.50830078125
0.0371589660644531 -0.0326881408691406 -0.69964599609375 0.93243408203125
0.103378295898438 -0.00466156005859375 0.0137863159179688 0.077178955078125
0.0506095886230469 -0.0198936462402344 0.74462890625 -0.95452880859375
0.04534912109375 -0.0135078430175781 -0.1402587890625 -1.57421875
0.0464286804199219 0.0172843933105469 -1.231201171875 -0.542724609375
0.0574913024902344 -0.00269699096679688 -0.87249755859375 0.6219482421875
0.0835494995117188 -0.01800537109375 -0.10650634765625 0.8043212890625
0.0149040222167969 -0.0327167510986328 0.3975830078125 0.387969970703125
-0.0218505859375 -0.0497665405273437 0.53558349609375 -0.100555419921875
0.0119247436523438 -0.0725250244140625 -0.53277587890625 0.0395812988281251
0.0216941833496094 -0.0353507995605469 -0.40240478515625 -0.405120849609375
0.107833862304688 -0.0207366943359375 0.18927001953125 -0.72064208984375
0.112083435058594 0.035491943359375 0.979248046875 -0.46649169921875
0.00513839721679688 0.03631591796875 1.072265625 0.7210693359375
-0.0217819213867188 -0.0745162963867188 0.151123046875 1.496337890625
0.0360679626464844 -0.0375480651855469 -0.66497802734375 0.9549560546875
0.104751586914063 -0.0104293823242188 0.0130691528320313 0.0939559936523438
0.050537109375 -0.0245590209960937 0.7813720703125 -0.927734375
0.0479698181152344 -0.0127105712890625 -0.0717773437499999 -1.5904541015625
0.0530891418457031 0.0235633850097656 -1.2161865234375 -0.599609375
0.0660209655761719 -0.002105712890625 -0.912109375 0.5814208984375
0.0894088745117188 -0.0191726684570313 -0.14593505859375 0.78759765625
0.0159454345703125 -0.0366134643554688 0.378875732421875 0.384185791015625
-0.0231666564941406 -0.0584793090820313 0.525726318359375 -0.10400390625
0.0164413452148438 -0.0755538940429688 -0.542572021484375 0.03851318359375
0.0173149108886719 -0.0375823974609375 -0.42352294921875 -0.4114990234375
0.100296020507812 -0.0229568481445312 0.14776611328125 -0.74102783203125
0.105926513671875 0.0325469970703125 0.94281005859375 -0.513671875
0.00445938110351562 0.0372085571289063 1.09088134765625 0.6627197265625
-0.02227783203125 -0.072265625 0.2200927734375 1.477783203125
0.0361557006835938 -0.0388641357421875 -0.624755859375 0.97882080078125
0.102989196777344 -0.0086669921875 0.0128250122070313 0.113449096679688
0.0514678955078125 -0.0238304138183594 0.81768798828125 -0.90283203125
0.04840087890625 -0.0117340087890625 -0.00366210937499999 -1.6025390625
0.0506134033203125 0.0256538391113281 -1.20166015625 -0.657958984375
0.0623245239257813 0.00363540649414063 -0.95062255859375 0.5419921875
0.0881576538085938 -0.016754150390625 -0.1851806640625 0.77459716796875
0.0164337158203125 -0.0368194580078125 0.360565185546875 0.381805419921875
-0.0187644958496094 -0.0622749328613281 0.51947021484375 -0.103240966796875
0.0227737426757812 -0.071563720703125 -0.55316162109375 0.0425109863281249
0.0163383483886719 -0.0357780456542969 -0.44036865234375 -0.4185791015625
0.0880966186523438 -0.0200347900390625 0.1138916015625 -0.7545166015625
0.0889968872070313 0.0320892333984375 0.90924072265625 -0.54766845703125
-0.00359725952148438 0.0351753234863281 1.10296630859375 0.61865234375
-0.0248031616210938 -0.0726394653320313 0.26953125 1.4603271484375
0.036895751953125 -0.0345535278320313 -0.59613037109375 0.99639892578125
0.0999832153320313 -0.0010833740234375 0.0139846801757813 0.128570556640625
0.0520973205566406 -0.0188026428222656 0.8526611328125 -0.87384033203125
0.0480079650878906 -0.0139999389648438 0.0581054687500001 -1.60888671875
0.0387001037597656 0.0222434997558594 -1.185302734375 -0.70849609375
0.045867919921875 0.00763702392578125 -0.97955322265625 0.50592041015625
0.0776519775390625 -0.0140304565429687 -0.2169189453125 0.75653076171875
0.0181694030761719 -0.0342254638671875 0.34588623046875 0.3782958984375
-0.0124588012695313 -0.0605583190917969 0.513092041015625 -0.10302734375
0.0469932556152344 -0.0191497802734375 -0.520599365234375 0.0534362792968751
0.0373344421386719 0.00775527954101562 -0.350830078125 -0.384185791015625
0.0399703979492187 0.013397216796875 0.29248046875 -0.6954345703125
-0.00639724731445313 0.03662109375 1.0643310546875 -0.3717041015625
-0.0782623291015625 -0.00707244873046874 1.0423583984375 0.843505859375
-0.032379150390625 -0.0918121337890625 0.0217285156249998 1.5421142578125
0.0457267761230469 0.0124130249023438 -0.7386474609375 0.9136962890625
0.0906753540039063 0.0567169189453125 0.0247421264648438 0.0559654235839844
0.0538978576660156 0.0222854614257813 0.70599365234375 -0.9967041015625
0.0261249542236328 -0.0287322998046875 -0.2337646484375 -1.5623779296875
-0.0389213562011719 -0.0095062255859375 -1.259765625 -0.4658203125
-0.0450553894042969 0.0203895568847656 -0.8262939453125 0.68304443359375
0.0186576843261719 0.00256919860839844 -0.04522705078125 0.8326416015625
0.0255832672119141 0.00260353088378906 0.44122314453125 0.3948974609375
0.0152883529663086 -0.00424003601074219 0.555877685546875 -0.09405517578125
0.0350608825683594 -0.0289707183837891 -0.5159912109375 0.052978515625
0.0364036560058594 -0.00119400024414063 -0.35015869140625 -0.3804931640625
0.0599594116210937 0.00754547119140625 0.29632568359375 -0.6849365234375
0.0250511169433594 0.0382461547851563 1.07159423828125 -0.35760498046875
-0.058074951171875 0.00210952758789062 1.03204345703125 0.856201171875
-0.029876708984375 -0.0879592895507813 -0.00122070312499988 1.5445556640625
0.0431327819824219 0.00174331665039063 -0.75140380859375 0.90826416015625
0.0955352783203125 0.039764404296875 0.0204353332519531 0.0516891479492188
0.0528450012207031 0.0106353759765625 0.69476318359375 -1.00408935546875
0.0297794342041016 -0.0256462097167969 -0.2449951171875 -1.55908203125
-0.0147514343261719 -0.00349903106689453 -1.258544921875 -0.450439453125
-0.0154857635498047 0.0129327774047852 -0.81390380859375 0.6888427734375
0.0355033874511719 -0.00351333618164062 -0.0366821289062501 0.83154296875
0.0223064422607422 -0.00680160522460938 0.444610595703125 0.391204833984375
0.00304698944091797 -0.0126686096191406 0.555389404296875 -0.10260009765625
0.0243759155273437 -0.0434989929199219 -0.516876220703125 0.0511474609375
0.0337600708007813 -0.0111942291259766 -0.355224609375 -0.381988525390625
0.0820159912109375 -0.00089263916015625 0.2843017578125 -0.6859130859375
0.0597038269042969 0.0391769409179688 1.0660400390625 -0.37060546875
-0.03607177734375 0.0141410827636719 1.04193115234375 0.8427734375
-0.0281143188476563 -0.0839767456054688 0.0164794921875001 1.54296875
0.0413131713867188 -0.0126266479492188 -0.74090576171875 0.916259765625
0.099639892578125 0.0215530395507813 0.0184516906738281 0.0544242858886719
0.0522613525390625 -0.00236892700195312 0.69500732421875 -1.001708984375
0.0360984802246094 -0.0208473205566406 -0.242431640625 -1.5615234375
0.0105905532836914 0.00265693664550781 -1.2591552734375 -0.4534912109375
0.0133571624755859 0.00569629669189453 -0.81634521484375 0.6866455078125
0.0538330078125 -0.0110054016113281 -0.0399169921875001 0.83074951171875
0.0180015563964844 -0.0167312622070313 0.43927001953125 0.38970947265625
-0.00826454162597656 -0.0261974334716797 0.551544189453125 -0.105438232421875
0.0152778625488281 -0.0568122863769531 -0.520721435546875 0.0508117675781249
0.02984619140625 -0.0217056274414063 -0.37109375 -0.384033203125
0.0991134643554688 -0.0102767944335938 0.25732421875 -0.697509765625
0.0879898071289063 0.0390167236328125 1.0457763671875 -0.40240478515625
-0.0169086456298828 0.0248966217041016 1.05487060546875 0.81024169921875
-0.0268096923828125 -0.0802459716796875 0.0546875000000001 1.5347900390625
0.0386314392089844 -0.0238990783691406 -0.7227783203125 0.9305419921875
0.103302001953125 0.00559234619140625 0.0156669616699219 0.0640640258789063
0.0522727966308594 -0.013336181640625 0.70928955078125 -0.98919677734375
0.0403099060058594 -0.0178070068359375 -0.2115478515625 -1.572021484375
0.0324668884277344 0.0097503662109375 -1.253662109375 -0.48388671875
0.0400772094726563 -0.00218963623046875 -0.839599609375 0.667236328125
0.0698432922363281 -0.0159416198730469 -0.0635986328124999 0.82354736328125
0.0158176422119141 -0.0260791778564453 0.42486572265625 0.389923095703125
-0.0182685852050781 -0.0385475158691406 0.546844482421875 -0.10675048828125
0.0107002258300781 -0.0675239562988281 -0.526885986328125 0.046844482421875
0.0260639190673828 -0.0302467346191406 -0.3887939453125 -0.395233154296875
0.106986999511719 -0.0170974731445313 0.2275390625 -0.7125244140625
0.106399536132813 0.0366058349609375 1.02154541015625 -0.43585205078125
-0.0014801025390625 0.0331077575683594 1.07000732421875 0.7691650390625
-0.0248641967773437 -0.0771713256835938 0.1048583984375 1.5194091796875
0.0370140075683594 -0.0340347290039063 -0.69635009765625 0.94732666015625
0.105484008789063 -0.0058441162109375 0.0137557983398438 0.079742431640625
0.0514373779296875 -0.0212669372558594 0.74371337890625 -0.96893310546875
0.0462112426757813 -0.0143508911132813 -0.155029296875 -1.58837890625
0.0471725463867188 0.0164413452148438 -1.2457275390625 -0.53515625
0.0580215454101563 -0.00266647338867188 -0.8746337890625 0.63616943359375
0.0832672119140625 -0.0199661254882812 -0.09814453125 0.8116455078125
0.0147190093994141 -0.0331516265869141 0.405120849609375 0.38629150390625
-0.0222892761230469 -0.0497512817382813 0.537994384765625 -0.108184814453125
0.01092529296875 -0.0730667114257813 -0.537200927734375 0.0453491210937499
0.0208358764648438 -0.0352592468261719 -0.409942626953125 -0.40216064453125
0.108154296875 -0.0220794677734375 0.18548583984375 -0.72857666015625
0.11358642578125 0.0337753295898438 0.98236083984375 -0.4822998046875
0.0055694580078125 0.0370674133300781 1.09124755859375 0.71710205078125
-0.024017333984375 -0.0743560791015625 0.16796875 1.5048828125
0.0348014831542969 -0.0392303466796875 -0.661865234375 0.970703125
0.104873657226563 -0.0122528076171875 0.0134124755859375 0.09686279296875
0.050628662109375 -0.0252647399902344 0.77911376953125 -0.94415283203125
0.0491828918457031 -0.0139694213867187 -0.0845947265625 -1.6016845703125
0.054107666015625 0.0227584838867188 -1.2313232421875 -0.593994140625
0.0672035217285156 -0.00139617919921875 -0.913818359375 0.60015869140625
0.0891876220703125 -0.0203857421875 -0.13885498046875 0.7958984375
0.0159149169921875 -0.0369644165039063 0.38763427734375 0.3846435546875
-0.02349853515625 -0.0574111938476563 0.531097412109375 -0.11163330078125
0.0147018432617188 -0.0764541625976563 -0.5474853515625 0.04608154296875
0.0165328979492188 -0.0377273559570313 -0.431121826171875 -0.408233642578125
0.101860046386719 -0.0242462158203125 0.142578125 -0.7474365234375
0.107475280761719 0.031280517578125 0.94537353515625 -0.52783203125
0.00553131103515625 0.0376739501953125 1.10833740234375 0.65869140625
-0.0251312255859375 -0.0726394653320313 0.234130859375 1.486572265625
0.0357437133789063 -0.0396804809570313 -0.62188720703125 0.9925537109375
0.105094909667969 -0.0103607177734375 0.0130462646484375 0.115776062011719
0.0522880554199219 -0.0248222351074219 0.81683349609375 -0.91717529296875
0.04901123046875 -0.0128021240234375 -0.018310546875 -1.6158447265625
0.0521049499511719 0.0252838134765625 -1.2183837890625 -0.6519775390625
0.0623588562011719 0.00296783447265625 -0.95257568359375 0.55572509765625
0.08770751953125 -0.0183334350585938 -0.17840576171875 0.77996826171875
0.0157508850097656 -0.0384101867675781 0.36676025390625 0.381134033203125
-0.0195579528808594 -0.0616531372070313 0.523468017578125 -0.10809326171875
0.02215576171875 -0.0733718872070313 -0.555755615234375 0.048980712890625
0.0159721374511719 -0.0353164672851563 -0.449066162109375 -0.414764404296875
0.08892822265625 -0.0202789306640625 0.1077880859375 -0.7623291015625
0.0900192260742187 0.0306243896484375 0.913330078125 -0.5614013671875
-0.00400352478027344 0.0348339080810547 1.11834716796875 0.6129150390625
-0.026641845703125 -0.072479248046875 0.28564453125 1.4700927734375
0.0361518859863281 -0.0345306396484375 -0.59283447265625 1.00921630859375
0.101280212402344 -0.0024566650390625 0.0148086547851562 0.131019592285156
0.0531234741210938 -0.0184402465820313 0.85223388671875 -0.887939453125
0.0483207702636719 -0.0142822265625 0.0441894531249999 -1.62353515625
0.0404548645019531 0.0237464904785156 -1.1998291015625 -0.7005615234375
0.047393798828125 0.00785446166992188 -0.983154296875 0.52117919921875
0.0778274536132813 -0.014801025390625 -0.20989990234375 0.7626953125
0.0183353424072266 -0.0351047515869141 0.35540771484375 0.377349853515625
-0.0128250122070312 -0.0599403381347656 0.516448974609375 -0.111419677734375
0.0455589294433594 -0.0186500549316406 -0.523468017578125 0.061920166015625
0.0373191833496094 0.0070037841796875 -0.358062744140625 -0.381103515625
0.0402565002441406 0.0124893188476562 0.2880859375 -0.7032470703125
-0.00580978393554687 0.0366477966308594 1.068359375 -0.3868408203125
-0.0801773071289062 -0.00658416748046874 1.06353759765625 0.83966064453125
-0.03466796875 -0.0913238525390625 0.04052734375 1.5533447265625
0.0464019775390625 0.0118217468261719 -0.73291015625 0.93011474609375
0.0928573608398438 0.0560760498046875 0.0255928039550781 0.0570068359375
0.0555496215820313 0.0210037231445313 0.69873046875 -1.008544921875
0.0264930725097656 -0.0288009643554688 -0.253173828125 -1.570556640625
-0.0395278930664062 -0.00936126708984375 -1.2755126953125 -0.4549560546875
-0.0443687438964844 0.0214424133300781 -0.82379150390625 0.696533203125
0.0186805725097656 0.00182914733886719 -0.03314208984375 0.836669921875
0.0248584747314453 0.00185394287109375 0.45013427734375 0.39215087890625
0.0161752700805664 -0.00350379943847656 0.559539794921875 -0.100616455078125
0.0331325531005859 -0.0306892395019531 -0.519866943359375 0.0606689453124999
0.0356178283691406 -0.00123977661132813 -0.356658935546875 -0.378570556640625
0.059906005859375 0.0059661865234375 0.2911376953125 -0.69281005859375
0.0270538330078125 0.0382423400878906 1.076904296875 -0.373779296875
-0.059539794921875 0.00244903564453126 1.052490234375 0.84918212890625
-0.032623291015625 -0.0873870849609375 0.0169677734374999 1.55615234375
0.0437660217285156 0.001800537109375 -0.7469482421875 0.922607421875
0.0974502563476562 0.0382537841796875 0.0216560363769531 0.0530014038085938
0.0547676086425781 0.0103302001953125 0.68902587890625 -1.01654052734375
0.0311336517333984 -0.0254726409912109 -0.26513671875 -1.569580078125
-0.0147314071655273 -0.00434112548828125 -1.2708740234375 -0.4381103515625
-0.0149631500244141 0.0142641067504883 -0.811767578125 0.70281982421875
0.0352935791015625 -0.00566864013671875 -0.0239257812500001 0.836181640625
0.0218601226806641 -0.00768280029296875 0.451934814453125 0.3876953125
0.00269603729248047 -0.0128269195556641 0.558013916015625 -0.11077880859375
0.0229988098144531 -0.0442390441894531 -0.51983642578125 0.0600585937499999
0.0330123901367188 -0.0119400024414063 -0.363189697265625 -0.377777099609375
0.0811996459960938 -0.00424957275390625 0.27935791015625 -0.69512939453125
0.0609703063964844 0.0375709533691406 1.07049560546875 -0.3873291015625
-0.03680419921875 0.0144767761230469 1.05975341796875 0.83642578125
-0.02972412109375 -0.0839309692382812 0.0345458984374999 1.5511474609375
0.0410652160644531 -0.0126190185546875 -0.73675537109375 0.93060302734375
0.101768493652344 0.0197830200195313 0.0183944702148438 0.05572509765625
0.053924560546875 -0.00336074829101563 0.68914794921875 -1.017822265625
0.0359344482421875 -0.0220260620117187 -0.2615966796875 -1.569580078125
0.00980854034423828 0.00235843658447266 -1.274169921875 -0.44189453125
0.0141763687133789 0.00546836853027344 -0.81524658203125 0.70428466796875
0.0537872314453125 -0.01177978515625 -0.02984619140625 0.83575439453125
0.0178070068359375 -0.0174331665039063 0.44732666015625 0.38739013671875
-0.00818824768066406 -0.0238113403320312 0.554473876953125 -0.11383056640625
0.0144996643066406 -0.0568008422851563 -0.525482177734375 0.0584716796874999
0.0288639068603516 -0.0221271514892578 -0.37890625 -0.38165283203125
0.0979461669921875 -0.0120697021484375 0.25244140625 -0.70440673828125
0.0889511108398437 0.0359420776367187 1.04925537109375 -0.41748046875
-0.0168781280517578 0.0250949859619141 1.07257080078125 0.802734375
-0.0281219482421875 -0.0784149169921875 0.0723876953125 1.5445556640625
0.0384025573730469 -0.0258865356445313 -0.7205810546875 0.9432373046875
0.104652404785156 0.00250244140625 0.0158920288085938 0.0651435852050781
0.0516281127929688 -0.0141029357910156 0.70416259765625 -1.00592041015625
0.0412445068359375 -0.017913818359375 -0.228759765625 -1.5809326171875
0.0324211120605469 0.00842094421386719 -1.2694091796875 -0.472412109375
0.0393562316894531 -0.00127029418945313 -0.8394775390625 0.68359375
0.0715103149414063 -0.0179443359375 -0.05242919921875 0.82818603515625
0.0159091949462891 -0.0267486572265625 0.433441162109375 0.38690185546875
-0.0174369812011719 -0.0374069213867188 0.551239013671875 -0.116424560546875
0.0101890563964844 -0.0677452087402344 -0.53338623046875 0.0545654296874999
0.0239028930664063 -0.0305290222167969 -0.3975830078125 -0.39105224609375
0.108161926269531 -0.01959228515625 0.21826171875 -0.719970703125
0.108650207519531 0.0337982177734375 1.0245361328125 -0.4542236328125
-0.00150489807128906 0.032958984375 1.09222412109375 0.76141357421875
-0.0269699096679687 -0.0771255493164062 0.12646484375 1.5322265625
0.0359954833984375 -0.0347518920898437 -0.6934814453125 0.9630126953125
0.105369567871094 -0.0082855224609375 0.0133209228515625 0.081329345703125
0.0527572631835938 -0.0214385986328125 0.73974609375 -0.98468017578125
0.0462455749511719 -0.0153465270996094 -0.1761474609375 -1.596923828125
0.0475730895996094 0.0160865783691406 -1.26025390625 -0.5250244140625
0.0593414306640625 -0.003753662109375 -0.87359619140625 0.65093994140625
0.083831787109375 -0.0215301513671875 -0.0896606445312499 0.8167724609375
0.0150489807128906 -0.0337200164794922 0.41357421875 0.385345458984375
-0.0230369567871094 -0.0487480163574219 0.540985107421875 -0.11846923828125
0.00901031494140625 -0.0740737915039063 -0.54095458984375 0.0541076660156249
0.0204925537109375 -0.0360679626464844 -0.417877197265625 -0.39794921875
0.108665466308594 -0.0240097045898437 0.17706298828125 -0.7359619140625
0.115333557128906 0.0308990478515625 0.98651123046875 -0.49884033203125
0.00642776489257812 0.0364723205566406 1.10882568359375 0.70819091796875
-0.02667236328125 -0.073699951171875 0.186767578125 1.5128173828125
0.0345268249511719 -0.0401268005371094 -0.65692138671875 0.9854736328125
0.106056213378906 -0.0146102905273438 0.0147323608398437 0.0985641479492188
0.0528221130371094 -0.0265884399414062 0.77593994140625 -0.95703125
0.0495033264160156 -0.0149459838867188 -0.106689453125 -1.6148681640625
0.0550155639648438 0.0214462280273438 -1.246337890625 -0.58349609375
0.0672950744628906 -0.00205230712890625 -0.9136962890625 0.61358642578125
0.0897979736328125 -0.0215606689453125 -0.12884521484375 0.80291748046875
0.0144500732421875 -0.0375862121582031 0.394805908203125 0.38165283203125
-0.0254020690917969 -0.05596923828125 0.5321044921875 -0.120574951171875
0.0129776000976562 -0.0770339965820312 -0.550537109375 0.05548095703125
0.0155754089355469 -0.0386199951171875 -0.439910888671875 -0.40386962890625
0.101043701171875 -0.0276031494140625 0.134033203125 -0.7550048828125
0.10992431640625 0.0290908813476563 0.94744873046875 -0.54449462890625
0.00543975830078125 0.0372123718261719 1.1270751953125 0.6505126953125
-0.0267257690429688 -0.0729141235351563 0.2518310546875 1.4927978515625
0.0341873168945313 -0.0404510498046875 -0.61651611328125 1.0093994140625
0.104934692382813 -0.0130081176757813 0.0141677856445313 0.116790771484375
0.0532112121582031 -0.025848388671875 0.8134765625 -0.9306640625
0.0500106811523438 -0.01470947265625 -0.0378417968750001 -1.62890625
0.0522537231445313 0.0246505737304688 -1.2340087890625 -0.64208984375
0.0645027160644531 0.00206756591796875 -0.951904296875 0.57086181640625
0.0891265869140625 -0.0203857421875 -0.16943359375 0.787109375
0.0164070129394531 -0.0386390686035156 0.3743896484375 0.38079833984375
-0.0194473266601562 -0.0606460571289062 0.5255126953125 -0.11737060546875
0.0208053588867188 -0.0731735229492188 -0.559417724609375 0.0590515136718751
0.0154876708984375 -0.0352668762207031 -0.458099365234375 -0.411956787109375
0.0896072387695312 -0.0236663818359375 0.0987548828125 -0.76947021484375
0.0912857055664062 0.0277557373046875 0.91290283203125 -0.57977294921875
-0.00358963012695313 0.0349044799804688 1.1402587890625 0.6051025390625
-0.0283432006835938 -0.0736465454101563 0.30322265625 1.4765625
0.0360679626464844 -0.0365333557128906 -0.58428955078125 1.023193359375
0.10302734375 -0.00472259521484375 0.01654052734375 0.133323669433594
0.0537567138671875 -0.0198478698730469 0.8492431640625 -0.9051513671875
0.0501022338867188 -0.0147171020507813 0.0283203125000002 -1.6351318359375
0.0409317016601563 0.0228309631347656 -1.218017578125 -0.693603515625
0.0485572814941406 0.00752639770507813 -0.98455810546875 0.53704833984375
0.0787429809570313 -0.0157089233398438 -0.20233154296875 0.76947021484375
0.0176467895507813 -0.03558349609375 0.3623046875 0.376617431640625
-0.01373291015625 -0.0593795776367188 0.5208740234375 -0.119537353515625
0.0449333190917969 -0.0194854736328125 -0.525238037109375 0.0695190429687499
0.0370521545410156 0.00607681274414063 -0.36578369140625 -0.376068115234375
0.0397109985351563 0.0109367370605469 0.27850341796875 -0.713134765625
-0.0055999755859375 0.0353584289550781 1.07086181640625 -0.40545654296875
-0.0804977416992187 -0.00604248046875 1.0814208984375 0.82843017578125
-0.0379257202148438 -0.0905227661132813 0.06298828125 1.5615234375
0.0453948974609375 0.0108375549316406 -0.728271484375 0.94512939453125
0.0936355590820313 0.0543441772460937 0.024749755859375 0.0583305358886719
0.0569229125976562 0.0201034545898438 0.6934814453125 -1.02410888671875
0.0264453887939453 -0.0294513702392578 -0.2735595703125 -1.577880859375
-0.0391464233398438 -0.00915527343749999 -1.287841796875 -0.4388427734375
-0.0435829162597656 0.023040771484375 -0.817138671875 0.71221923828125
0.0177726745605469 0.00186347961425781 -0.0209960937500001 0.841064453125
0.0259685516357422 0.00106430053710938 0.458709716796875 0.388458251953125
0.0151271820068359 -0.00296306610107422 0.561309814453125 -0.111724853515625
0.0331611633300781 -0.0311756134033203 -0.52276611328125 0.069854736328125
0.0354423522949219 -0.0024871826171875 -0.36602783203125 -0.372772216796875
0.0602684020996094 0.00382614135742187 0.2840576171875 -0.70172119140625
0.0277214050292969 0.0357284545898438 1.07684326171875 -0.39239501953125
-0.0597801208496094 0.00334930419921875 1.068115234375 0.8408203125
-0.0346603393554687 -0.0867462158203125 0.0350341796875 1.5655517578125
0.0437393188476563 3.814697265625E-06 -0.74017333984375 0.93768310546875
0.098236083984375 0.0372543334960938 0.02178955078125 0.05389404296875
0.0564994812011719 0.00847625732421875 0.6815185546875 -1.03125
0.0307521820068359 -0.0261478424072266 -0.2879638671875 -1.5745849609375
-0.0157461166381836 -0.0044260025024414 -1.2861328125 -0.4268798828125
-0.0141716003417969 0.0149402618408203 -0.805908203125 0.720458984375
0.0351829528808594 -0.00545120239257813 -0.0128173828125 0.84002685546875
0.0214424133300781 -0.00746536254882813 0.460784912109375 0.384918212890625
0.00274753570556641 -0.0111770629882813 0.56097412109375 -0.121246337890625
0.0215072631835937 -0.0444526672363281 -0.5235595703125 0.0685119628906251
0.0321941375732422 -0.01226806640625 -0.3719482421875 -0.3740234375
0.0826187133789063 -0.00402069091796875 0.272705078125 -0.70257568359375
0.0607452392578125 0.0350799560546875 1.07012939453125 -0.4046630859375
-0.038299560546875 0.0149192810058594 1.07904052734375 0.82757568359375
-0.0331878662109375 -0.0833511352539062 0.0565185546875002 1.5606689453125
0.0409317016601563 -0.0139503479003906 -0.730712890625 0.94390869140625
0.10205078125 0.01806640625 0.0182113647460938 0.0569419860839844
0.0551033020019531 -0.00388717651367187 0.67950439453125 -1.03094482421875
0.0370903015136719 -0.0230255126953125 -0.2857666015625 -1.5732421875
0.0102214813232422 0.00317668914794922 -1.2877197265625 -0.4267578125
0.0148715972900391 0.00560855865478516 -0.80718994140625 0.71923828125
0.0537300109863281 -0.0129470825195312 -0.0175781250000001 0.8408203125
0.0175743103027344 -0.0178089141845703 0.45428466796875 0.382415771484375
-0.00855636596679688 -0.0237045288085938 0.55731201171875 -0.123504638671875
0.0124740600585938 -0.0568351745605469 -0.526031494140625 0.067840576171875
0.0290012359619141 -0.0225257873535156 -0.38629150390625 -0.37744140625
0.09857177734375 -0.0139541625976563 0.24444580078125 -0.7125244140625
0.0907821655273438 0.0349884033203125 1.051513671875 -0.435302734375
-0.0164070129394531 0.0257625579833984 1.0911865234375 0.79327392578125
-0.0316162109375 -0.0784683227539063 0.0933837890625001 1.5513916015625
0.0369071960449219 -0.0252609252929687 -0.709716796875 0.9595947265625
0.105201721191406 0.00150299072265625 0.0173149108886719 0.0660972595214844
0.0535659790039063 -0.014984130859375 0.695068359375 -1.01812744140625
0.0423660278320313 -0.0183639526367187 -0.2535400390625 -1.588623046875
0.0328102111816406 0.0083770751953125 -1.281982421875 -0.4578857421875
0.039886474609375 -0.00159454345703125 -0.8343505859375 0.6990966796875
0.0700492858886719 -0.0189933776855469 -0.04278564453125 0.83209228515625
0.0153713226318359 -0.0269641876220703 0.4405517578125 0.382720947265625
-0.0191307067871094 -0.0358390808105469 0.551361083984375 -0.12353515625
0.00751876831054687 -0.0670089721679687 -0.5345458984375 0.0645446777343751
0.0231685638427734 -0.0313205718994141 -0.403594970703125 -0.38519287109375
0.108001708984375 -0.022369384765625 0.21148681640625 -0.72637939453125
0.110084533691406 0.0314178466796875 1.02288818359375 -0.47100830078125
-0.00189590454101562 0.0319004058837891 1.109619140625 0.74908447265625
-0.0291061401367188 -0.0744705200195313 0.14404296875 1.5345458984375
0.035430908203125 -0.0357398986816406 -0.68792724609375 0.97747802734375
0.106727600097656 -0.0107192993164062 0.0156021118164063 0.0826034545898437
0.0533866882324219 -0.0231742858886719 0.731201171875 -0.99835205078125
0.0469589233398438 -0.0162467956542969 -0.1942138671875 -1.6065673828125
0.0490570068359375 0.0143585205078125 -1.275634765625 -0.5111083984375
0.0597648620605469 -0.00407791137695313 -0.87103271484375 0.66656494140625
0.083587646484375 -0.0225448608398438 -0.0776367187500001 0.8212890625
0.0137901306152344 -0.0342140197753906 0.423187255859375 0.381439208984375
-0.0246124267578125 -0.0477066040039062 0.54510498046875 -0.12579345703125
0.00677490234375 -0.0744247436523438 -0.543426513671875 0.0640869140625001
0.019317626953125 -0.0358390808105469 -0.42584228515625 -0.394775390625
0.109565734863281 -0.0274200439453125 0.16851806640625 -0.74249267578125
0.116676330566406 0.0284805297851562 0.98516845703125 -0.51318359375
0.00629425048828125 0.0374374389648438 1.1285400390625 0.6962890625
-0.0279312133789062 -0.0731735229492188 0.2041015625 1.520263671875
0.0345191955566406 -0.0415000915527344 -0.6458740234375 1.00030517578125
0.106758117675781 -0.0173721313476563 0.0159454345703125 0.100227355957031
0.0535850524902344 -0.0279541015625 0.7674560546875 -0.9710693359375
0.0502815246582031 -0.0151443481445312 -0.125244140625 -1.6226806640625
0.0554618835449219 0.02099609375 -1.2613525390625 -0.5709228515625
0.0689926147460937 -0.00284194946289062 -0.91064453125 0.62860107421875
0.0901031494140625 -0.02276611328125 -0.1182861328125 0.80718994140625
0.0142326354980469 -0.0385475158691406 0.402496337890625 0.378173828125
-0.0255661010742188 -0.0561408996582031 0.5355224609375 -0.128204345703125
0.0114822387695313 -0.07757568359375 -0.5528564453125 0.0637512207031249
0.0150604248046875 -0.0389976501464844 -0.44842529296875 -0.399200439453125
0.101280212402344 -0.0294570922851563 0.1251220703125 -0.76019287109375
0.10943603515625 0.0253372192382813 0.94525146484375 -0.560302734375
0.00574493408203125 0.0375823974609375 1.14306640625 0.638427734375
-0.0285568237304688 -0.072540283203125 0.27197265625 1.49951171875
0.0340042114257813 -0.0415534973144531 -0.60858154296875 1.02130126953125
0.105873107910156 -0.0152206420898438 0.0157318115234375 0.119407653808594
0.05450439453125 -0.0260162353515625 0.80511474609375 -0.94573974609375
0.0510330200195312 -0.0147895812988281 -0.0582275390625 -1.638916015625
0.0536651611328125 0.0237960815429688 -1.2509765625 -0.63134765625
0.0647125244140625 0.00178909301757813 -0.94989013671875 0.587646484375
0.0882949829101563 -0.0214691162109375 -0.1588134765625 0.79205322265625
0.0149154663085937 -0.0393753051757812 0.38433837890625 0.375885009765625
-0.0218963623046875 -0.0605659484863281 0.527923583984375 -0.127838134765625
0.0191116333007813 -0.0737838745117188 -0.56243896484375 0.068359375
0.0148353576660156 -0.0359458923339844 -0.46588134765625 -0.404632568359375
0.0897293090820313 -0.0266876220703125 0.08770751953125 -0.77288818359375
0.0920333862304688 0.0253829956054688 0.91064453125 -0.59527587890625
-0.00461959838867187 0.0347900390625 1.1539306640625 0.59375
-0.0309219360351562 -0.0730819702148438 0.323974609375 1.48193359375
0.0343971252441406 -0.0383682250976563 -0.5767822265625 1.036865234375
0.103408813476563 -0.00701904296875 0.0175933837890625 0.135490417480469
0.054229736328125 -0.0206756591796875 0.84197998046875 -0.917724609375
0.0505599975585938 -0.0161857604980469 0.00476074218749993 -1.648193359375
0.04119873046875 0.0213851928710938 -1.2347412109375 -0.6824951171875
0.0495872497558594 0.00709915161132812 -0.98126220703125 0.55218505859375
0.0780715942382813 -0.0166778564453125 -0.193115234375 0.7764892578125
0.0170478820800781 -0.0359115600585938 0.369293212890625 0.37286376953125
-0.0147666931152344 -0.0585861206054688 0.52203369140625 -0.12890625
0.0438575744628906 -0.0211715698242188 -0.52734375 0.0786743164062501
0.0373954772949219 0.00600814819335938 -0.37322998046875 -0.36968994140625
0.0401039123535156 0.0103492736816406 0.26934814453125 -0.719482421875
-0.00508308410644531 0.0343990325927734 1.0712890625 -0.42572021484375
-0.0820846557617187 -0.00455474853515624 1.0982666015625 0.81646728515625
-0.0400238037109375 -0.0888900756835938 0.0856933593750001 1.568359375
0.0458831787109375 0.0116004943847656 -0.717041015625 0.9581298828125
0.095123291015625 0.052093505859375 0.0257606506347656 0.0593376159667969
0.0588760375976563 0.0201454162597656 0.68048095703125 -1.03662109375
0.0256481170654297 -0.0296840667724609 -0.2978515625 -1.583740234375
-0.0394477844238281 -0.00897598266601562 -1.301025390625 -0.420654296875
-0.0427093505859375 0.0242500305175781 -0.810546875 0.72760009765625
0.0175876617431641 0.001251220703125 -0.00787353515625004 0.8453369140625
0.0250205993652344 -0.000616073608398438 0.46697998046875 0.38336181640625
0.0160732269287109 -0.00228023529052734 0.563232421875 -0.12164306640625
0.0314579010009766 -0.0322360992431641 -0.5245361328125 0.0805969238281249
0.0352554321289063 -0.00228500366210938 -0.371795654296875 -0.36724853515625
0.0615882873535156 0.002777099609375 0.27447509765625 -0.70880126953125
0.0287265777587891 0.0340728759765625 1.07647705078125 -0.411376953125
-0.0604705810546875 0.00330734252929687 1.08770751953125 0.8272705078125
-0.0368423461914063 -0.0854339599609375 0.0587158203124999 1.568359375
0.0430107116699219 0.00066375732421875 -0.73162841796875 0.9521484375
0.099578857421875 0.0345077514648438 0.0226364135742188 0.0557327270507812
0.0576133728027344 0.00851058959960938 0.66998291015625 -1.0428466796875
0.0309658050537109 -0.0270919799804687 -0.309814453125 -1.5804443359375
-0.0153884887695312 -0.00461673736572266 -1.2979736328125 -0.4066162109375
-0.0143232345581055 0.0152082443237305 -0.7989501953125 0.7349853515625
0.0352249145507813 -0.00546646118164063 0.000183105468750089 0.84234619140625
0.0215568542480469 -0.00811576843261719 0.46905517578125 0.378814697265625
0.003143310546875 -0.0107250213623047 0.56201171875 -0.13134765625
0.0210151672363281 -0.0457763671875 -0.523956298828125 0.079254150390625
0.0322551727294922 -0.0122184753417969 -0.379913330078125 -0.366943359375
0.0819931030273438 -0.00693511962890625 0.26226806640625 -0.71038818359375
0.0627784729003906 0.0338935852050781 1.06976318359375 -0.4228515625
-0.0385971069335938 0.0156173706054688 1.0960693359375 0.81488037109375
-0.0347137451171875 -0.0814361572265625 0.0803222656249999 1.5675048828125
0.0409278869628906 -0.0132789611816406 -0.71978759765625 0.95751953125
0.104026794433594 0.0158920288085938 0.0199089050292969 0.0579986572265625
0.05657958984375 -0.00461196899414062 0.66845703125 -1.0460205078125
0.0371589660644531 -0.0223121643066406 -0.31005859375 -1.5799560546875
0.0104589462280273 0.00214099884033203 -1.298095703125 -0.4117431640625
0.0159521102905273 0.00497531890869141 -0.800048828125 0.73486328125
0.0537796020507812 -0.0138969421386719 -0.00518798828124992 0.84368896484375
0.0173892974853516 -0.018798828125 0.46307373046875 0.377899169921875
-0.00909042358398438 -0.0230007171630859 0.557952880859375 -0.1348876953125
0.0111198425292969 -0.0574989318847656 -0.527252197265625 0.0771484375000001
0.0280952453613281 -0.0233135223388672 -0.39349365234375 -0.370635986328125
0.0991973876953125 -0.0169296264648438 0.23486328125 -0.72027587890625
0.0910720825195313 0.0316009521484375 1.04833984375 -0.4521484375
-0.0178012847900391 0.0265789031982422 1.10882568359375 0.78082275390625
-0.0330047607421875 -0.0775146484375 0.1173095703125 1.5546875
0.0361061096191406 -0.0261726379394531 -0.6990966796875 0.973876953125
0.1055908203125 -0.000274658203125 0.0179595947265625 0.0680122375488281
0.0548934936523438 -0.0160636901855469 0.68359375 -1.032958984375
0.0435981750488281 -0.0207023620605469 -0.2767333984375 -1.5936279296875
0.0326728820800781 0.00862693786621094 -1.292236328125 -0.44140625
0.0415534973144531 -0.001617431640625 -0.8270263671875 0.71405029296875
0.0702781677246094 -0.0197219848632813 -0.0294189453125 0.83502197265625
0.0145702362060547 -0.0276203155517578 0.449676513671875 0.378326416015625
-0.0191688537597656 -0.0347824096679688 0.552154541015625 -0.135467529296875
0.00630950927734374 -0.0679512023925781 -0.535186767578125 0.0729064941406251
0.0225124359130859 -0.0320377349853516 -0.412689208984375 -0.378265380859375
0.108306884765625 -0.0244979858398437 0.20220947265625 -0.735107421875
0.110877990722656 0.0290298461914062 1.02166748046875 -0.4898681640625
-0.00164413452148437 0.0339279174804688 1.125 0.7371826171875
-0.0311355590820313 -0.0750656127929688 0.1680908203125 1.5413818359375
0.0341606140136719 -0.0363502502441406 -0.67431640625 0.99072265625
0.107322692871094 -0.0130538940429687 0.0160751342773438 0.0845794677734375
0.0547256469726563 -0.0240669250488281 0.718994140625 -1.01025390625
0.0475654602050781 -0.0165214538574219 -0.2205810546875 -1.611083984375
0.0496788024902344 0.0140151977539063 -1.2880859375 -0.495849609375
0.0603523254394531 -0.00450897216796875 -0.863525390625 0.68310546875
0.0834884643554688 -0.0237045288085938 -0.06329345703125 0.8253173828125
0.0133094787597656 -0.0345230102539063 0.429534912109375 0.377227783203125
-0.02532958984375 -0.0460395812988281 0.54608154296875 -0.136810302734375
0.005859375 -0.075408935546875 -0.543670654296875 0.073760986328125
0.0178756713867187 -0.0364837646484375 -0.433258056640625 -0.385986328125
0.108711242675781 -0.0303573608398437 0.157958984375 -0.7508544921875
0.11798095703125 0.02618408203125 0.98382568359375 -0.53375244140625
0.00605010986328125 0.0365257263183594 1.1431884765625 0.6827392578125
-0.0312652587890625 -0.0721359252929688 0.2275390625 1.5220947265625
0.0326881408691406 -0.0414390563964844 -0.63739013671875 1.01312255859375
0.107879638671875 -0.0194625854492188 0.0164794921875 0.101882934570313
0.0546340942382813 -0.0290260314941406 0.75701904296875 -0.986328125
0.0505752563476563 -0.0167617797851563 -0.1510009765625 -1.6295166015625
0.0564460754394531 0.0198516845703125 -1.276611328125 -0.554931640625
0.0696372985839844 -0.0045318603515625 -0.9044189453125 0.6458740234375
0.0886917114257812 -0.0239791870117187 -0.10662841796875 0.8094482421875
0.0135345458984375 -0.0389747619628906 0.410552978515625 0.371673583984375
-0.0264053344726563 -0.0546035766601563 0.535797119140625 -0.13958740234375
0.0097808837890625 -0.0773468017578125 -0.5543212890625 0.0746765136718749
0.0146751403808594 -0.0390815734863281 -0.45556640625 -0.39239501953125
0.101799011230469 -0.0315170288085938 0.11407470703125 -0.76690673828125
0.111572265625 0.02191162109375 0.94085693359375 -0.58001708984375
0.00615692138671875 0.037200927734375 1.158935546875 0.6263427734375
-0.0318374633789063 -0.071014404296875 0.296630859375 1.5020751953125
0.0318984985351562 -0.0423583984375 -0.595703125 1.0347900390625
0.106025695800781 -0.0184478759765625 0.0180511474609375 0.12030029296875
0.054962158203125 -0.0281715393066406 0.7938232421875 -0.96075439453125
0.0513534545898437 -0.0163345336914062 -0.0806884765625001 -1.647216796875
0.0544319152832031 0.0226287841796875 -1.2652587890625 -0.6138916015625
0.0657081604003906 0.0007171630859375 -0.94439697265625 0.606201171875
0.087615966796875 -0.0224685668945313 -0.14801025390625 0.79595947265625
0.0143661499023437 -0.0401382446289063 0.391693115234375 0.371429443359375
-0.0226554870605469 -0.0593795776367188 0.52947998046875 -0.1376953125
0.0160446166992188 -0.0753097534179688 -0.5643310546875 0.0783691406249999
0.0136680603027344 -0.0361137390136719 -0.47467041015625 -0.3966064453125
0.0891647338867188 -0.02850341796875 0.0761108398437501 -0.77880859375
0.0931930541992187 0.023223876953125 0.9061279296875 -0.6123046875
-0.00436782836914063 0.034576416015625 1.1697998046875 0.578369140625
-0.0338973999023438 -0.0714035034179688 0.3494873046875 1.48193359375
0.0341300964355469 -0.0383033752441406 -0.563232421875 1.051513671875
0.103645324707031 -0.00975799560546875 0.0193557739257813 0.13714599609375
0.0555992126464844 -0.02227783203125 0.83209228515625 -0.93157958984375
0.05023193359375 -0.0173721313476562 -0.0180664062499999 -1.654052734375
0.0423736572265625 0.0206794738769531 -1.2509765625 -0.6661376953125
0.0504188537597656 0.00619125366210938 -0.9783935546875 0.5714111328125
0.0775299072265625 -0.01873779296875 -0.18231201171875 0.7799072265625
0.0159873962402344 -0.03643798828125 0.378326416015625 0.3690185546875
-0.015472412109375 -0.0577774047851563 0.52276611328125 -0.138916015625
0.0428581237792969 -0.0217247009277344 -0.5274658203125 0.0894470214843749
0.03668212890625 0.00567626953125 -0.381103515625 -0.362762451171875
0.0398330688476563 0.009735107421875 0.257080078125 -0.72698974609375
-0.00458335876464844 0.0338897705078125 1.06817626953125 -0.44329833984375
-0.0829925537109375 -0.00215911865234376 1.1170654296875 0.7998046875
-0.042510986328125 -0.0876083374023438 0.109130859375 1.571044921875
0.045166015625 0.0100746154785156 -0.7056884765625 0.97283935546875
0.09613037109375 0.0506744384765625 0.0264205932617188 0.0604476928710938
0.0607223510742188 0.0189056396484375 0.66632080078125 -1.0494384765625
0.0260524749755859 -0.0306663513183594 -0.32373046875 -1.5843505859375
-0.0395965576171875 -0.00817489624023438 -1.3101806640625 -0.4031982421875
-0.0426788330078125 0.0243721008300781 -0.79986572265625 0.74420166015625
0.0183448791503906 0.000761032104492188 0.00653076171874992 0.8446044921875
0.0248832702636719 -0.0005645751953125 0.475433349609375 0.376190185546875
0.0162134170532227 -0.00172233581542969 0.56402587890625 -0.1348876953125
0.0313739776611328 -0.0318050384521484 -0.523406982421875 0.089599609375
0.0357627868652344 -0.00337600708007812 -0.379425048828125 -0.359771728515625
0.0610847473144531 0.000431060791015625 0.2642822265625 -0.7156982421875
0.0285987854003906 0.0327396392822266 1.074951171875 -0.430908203125
-0.0621490478515625 0.00487518310546875 1.10638427734375 0.8101806640625
-0.0398941040039063 -0.083648681640625 0.0825195312500002 1.572265625
0.0429954528808594 -0.000698089599609375 -0.71966552734375 0.96575927734375
0.0995330810546875 0.0331954956054688 0.0227737426757813 0.0563163757324219
0.0586929321289063 0.00724029541015625 0.65692138671875 -1.05712890625
0.0310401916503906 -0.0272674560546875 -0.3343505859375 -1.579345703125
-0.0149402618408203 -0.00339031219482422 -1.310546875 -0.3876953125
-0.0139493942260742 0.0161447525024414 -0.78875732421875 0.751708984375
0.0347061157226563 -0.00583648681640625 0.01434326171875 0.84423828125
0.0208358764648438 -0.00987052917480469 0.476165771484375 0.37103271484375
0.00306987762451172 -0.009918212890625 0.559600830078125 -0.143402099609375
0.0192070007324219 -0.0453529357910156 -0.52496337890625 0.08941650390625
0.0311183929443359 -0.0146675109863281 -0.387481689453125 -0.358734130859375
0.081878662109375 -0.00949859619140625 0.2528076171875 -0.716796875
0.0627174377441406 0.0317955017089844 1.06622314453125 -0.44439697265625
-0.0384712219238281 0.016204833984375 1.1124267578125 0.7991943359375
-0.0377273559570313 -0.0798721313476563 0.1046142578125 1.567138671875
0.0396957397460938 -0.0146598815917969 -0.7095947265625 0.97271728515625
0.103736877441406 0.0139617919921875 0.0203628540039063 0.0592994689941406
0.0571022033691406 -0.00602340698242188 0.65374755859375 -1.05657958984375
0.0373954772949219 -0.0240554809570313 -0.3343505859375 -1.578369140625
0.0107526779174805 0.00151920318603516 -1.308837890625 -0.391845703125
0.0158700942993164 0.00613689422607422 -0.7901611328125 0.750244140625
0.0531730651855469 -0.0156211853027344 0.0101318359375 0.84466552734375
0.0167350769042969 -0.0195198059082031 0.470916748046875 0.370147705078125
-0.00948524475097656 -0.0217514038085937 0.5570068359375 -0.1448974609375
0.00876998901367187 -0.0579719543457031 -0.527984619140625 0.0874328613281249
0.0268821716308594 -0.0241069793701172 -0.401275634765625 -0.3631591796875
0.0983734130859375 -0.019561767578125 0.2261962890625 -0.72528076171875
0.0918197631835938 0.0288772583007812 1.0447998046875 -0.4732666015625
-0.0168418884277344 0.0262794494628906 1.12359619140625 0.764404296875
-0.035675048828125 -0.0765151977539063 0.1373291015625 1.5576171875
0.0350933074951172 -0.0265903472900391 -0.68927001953125 0.98626708984375
0.106025695800781 -0.0032196044921875 0.01763916015625 0.0695152282714844
0.0554046630859375 -0.0176582336425781 0.6717529296875 -1.04522705078125
0.0440559387207031 -0.0206565856933594 -0.30224609375 -1.5943603515625
0.0336399078369141 0.00681304931640625 -1.3046875 -0.4222412109375
0.0425186157226562 -0.00236129760742187 -0.81463623046875 0.730224609375
0.0698318481445313 -0.0228958129882813 -0.0161132812499999 0.83795166015625
0.0141429901123047 -0.0285511016845703 0.45697021484375 0.370452880859375
-0.0192832946777344 -0.0326557159423828 0.5526123046875 -0.1474609375
0.00417327880859375 -0.0685615539550781 -0.53656005859375 0.0834655761718749
0.0211143493652344 -0.0316295623779297 -0.4212646484375 -0.37127685546875
0.106903076171875 -0.02801513671875 0.189697265625 -0.7391357421875
0.111137390136719 0.0264739990234375 1.0164794921875 -0.50994873046875
-0.00136184692382813 0.0331764221191406 1.14208984375 0.720703125
-0.0335464477539062 -0.0732879638671875 0.186767578125 1.5406494140625
0.0327529907226563 -0.0377120971679688 -0.662109375 1.00311279296875
0.107048034667969 -0.0161056518554688 0.0173263549804688 0.0848922729492187
0.0552864074707031 -0.025421142578125 0.7041015625 -1.02593994140625
0.04833984375 -0.0184478759765625 -0.2469482421875 -1.614990234375
0.0504989624023438 0.0128326416015625 -1.29833984375 -0.477783203125
0.061279296875 -0.00659561157226563 -0.8536376953125 0.7005615234375
0.0825576782226563 -0.0259552001953125 -0.0509643554687501 0.82568359375
0.0129013061523437 -0.0356559753417969 0.438812255859375 0.369781494140625
-0.0258636474609375 -0.0455665588378906 0.54498291015625 -0.14837646484375
0.00207519531249999 -0.0749664306640625 -0.545135498046875 0.0847167968749999
0.0175437927246094 -0.0363578796386719 -0.442352294921875 -0.37774658203125
0.1083984375 -0.033782958984375 0.147216796875 -0.75567626953125
0.117561340332031 0.0217666625976562 0.97613525390625 -0.5516357421875
0.00594711303710938 0.0361328125 1.15771484375 0.66650390625
-0.0324935913085938 -0.0713348388671875 0.251708984375 1.5216064453125
0.0314178466796875 -0.0431594848632813 -0.62359619140625 1.02545166015625
0.108161926269531 -0.0220260620117188 0.018798828125 0.103416442871094
0.0546836853027344 -0.0309600830078125 0.7435302734375 -0.999267578125
0.050933837890625 -0.0175895690917969 -0.1749267578125 -1.6337890625
0.0578269958496094 0.0177040100097656 -1.288330078125 -0.533935546875
0.06976318359375 -0.00504302978515625 -0.89508056640625 0.662353515625
0.0893173217773438 -0.0266647338867188 -0.0924072265625 0.813232421875
0.0121116638183594 -0.0398292541503906 0.417877197265625 0.36865234375
-0.02764892578125 -0.0532493591308594 0.53570556640625 -0.14923095703125
0.00760650634765624 -0.077117919921875 -0.555877685546875 0.085601806640625
0.012725830078125 -0.0384635925292969 -0.4652099609375 -0.384368896484375
0.102188110351563 -0.0351791381835937 0.10137939453125 -0.76922607421875
0.111770629882812 0.020050048828125 0.93646240234375 -0.5953369140625
0.00603485107421875 0.0382728576660156 1.171630859375 0.6053466796875
-0.0332260131835937 -0.0704574584960938 0.3189697265625 1.5001220703125
0.0309486389160156 -0.0425148010253906 -0.58148193359375 1.0467529296875
0.105964660644531 -0.0204010009765625 0.0193939208984375 0.123382568359375
0.0559654235839844 -0.0283660888671875 0.78094482421875 -0.97674560546875
0.0515708923339844 -0.0175666809082031 -0.105712890625 -1.6485595703125
0.0547981262207031 0.0211601257324219 -1.27734375 -0.59765625
0.0662841796875 -0.000438690185546875 -0.937744140625 0.62445068359375
0.0880813598632813 -0.0244293212890625 -0.13677978515625 0.79998779296875
0.0133590698242187 -0.0405082702636719 0.399749755859375 0.36767578125
-0.0232467651367188 -0.0579071044921875 0.527862548828125 -0.14837646484375
0.014068603515625 -0.0750045776367188 -0.56488037109375 0.089599609375
0.0128135681152344 -0.035736083984375 -0.48272705078125 -0.390167236328125
0.0882644653320313 -0.0308609008789063 0.0648193359375 -0.78179931640625
0.093841552734375 0.0206756591796875 0.896728515625 -0.62969970703125
-0.00407028198242188 0.0355415344238281 1.1827392578125 0.559814453125
-0.0360183715820312 -0.0700950622558594 0.37060546875 1.4794921875
0.0319747924804688 -0.0385360717773438 -0.55279541015625 1.0618896484375
0.103729248046875 -0.011810302734375 0.0206832885742188 0.137611389160156
0.0563774108886719 -0.0229721069335938 0.822265625 -0.94830322265625
0.0510215759277344 -0.0178871154785156 -0.0421142578124999 -1.6605224609375
0.0428276062011719 0.0193214416503906 -1.26416015625 -0.649658203125
0.0510940551757813 0.005706787109375 -0.96954345703125 0.58807373046875
0.0790786743164063 -0.0204315185546875 -0.16998291015625 0.78369140625
0.0161819458007813 -0.0369110107421875 0.38482666015625 0.363433837890625
-0.0164146423339844 -0.0569648742675781 0.522369384765625 -0.148406982421875
0.041961669921875 -0.0217361450195313 -0.526214599609375 0.100433349609375
0.036590576171875 0.00444793701171875 -0.3876953125 -0.354522705078125
0.0399017333984375 0.0066986083984375 0.246337890625 -0.7318115234375
-0.00416755676269532 0.0332736968994141 1.06048583984375 -0.46478271484375
-0.0839004516601562 -0.00166320800781249 1.1328125 0.78076171875
-0.0455551147460937 -0.0866622924804688 0.1312255859375 1.5703125
0.0450897216796875 0.010955810546875 -0.69439697265625 0.9820556640625
0.0980377197265625 0.0477676391601563 0.0271987915039063 0.0613136291503906
0.0625686645507813 0.0186080932617188 0.65228271484375 -1.06195068359375
0.0258560180664063 -0.0305900573730469 -0.3494873046875 -1.5787353515625
-0.0398941040039063 -0.00865554809570313 -1.316162109375 -0.3814697265625
-0.0415306091308594 0.0267982482910156 -0.78607177734375 0.75653076171875
0.0173416137695313 -2.6702880859375E-05 0.02020263671875 0.84332275390625
0.0241947174072266 -0.00173377990722656 0.4827880859375 0.36859130859375
0.0156288146972656 -0.00135421752929687 0.5614013671875 -0.144287109375
0.0296669006347656 -0.0326328277587891 -0.524200439453125 0.101165771484375
0.0345306396484375 -0.00378799438476563 -0.386444091796875 -0.35089111328125
0.0607566833496094 -0.00159072875976562 0.252685546875 -0.7193603515625
0.0286884307861328 0.0305919647216797 1.068115234375 -0.450927734375
-0.0623016357421875 0.00578308105468751 1.12078857421875 0.793701171875
-0.0422134399414062 -0.0827255249023438 0.1055908203125 1.5701904296875
0.0418777465820313 -0.0016937255859375 -0.704345703125 0.9774169921875
0.101104736328125 0.0302581787109375 0.023895263671875 0.0572624206542969
0.0605087280273438 0.00502395629882813 0.6395263671875 -1.068115234375
0.0312938690185547 -0.0277328491210938 -0.361083984375 -1.5731201171875
-0.0147647857666016 -0.00331878662109375 -1.3150634765625 -0.36669921875
-0.0117330551147461 0.0154561996459961 -0.77606201171875 0.76678466796875
0.034088134765625 -0.00701713562011719 0.0299072265625 0.84368896484375
0.0194110870361328 -0.00962448120117188 0.484344482421875 0.363983154296875
0.00193548202514648 -0.00874519348144531 0.558837890625 -0.153076171875
0.017791748046875 -0.0444717407226563 -0.523193359375 0.0983886718750001
0.0310840606689453 -0.0135231018066406 -0.392913818359375 -0.35186767578125
0.0818557739257813 -0.0121917724609375 0.24005126953125 -0.72198486328125
0.0628929138183594 0.0294609069824219 1.06219482421875 -0.4630126953125
-0.0387153625488281 0.0164794921875 1.130126953125 0.7825927734375
-0.0401229858398437 -0.0790176391601563 0.1280517578125 1.5648193359375
0.038238525390625 -0.0138587951660156 -0.693603515625 0.98388671875
0.10406494140625 0.010467529296875 0.0208969116210938 0.0601234436035156
0.0584564208984375 -0.00663375854492188 0.63629150390625 -1.06756591796875
0.0385780334472656 -0.0250053405761719 -0.3619384765625 -1.577880859375
0.0106258392333984 0.00118827819824219 -1.3177490234375 -0.370849609375
0.0162410736083984 0.00470638275146484 -0.779541015625 0.76312255859375
0.0524139404296875 -0.0152435302734375 0.02490234375 0.84197998046875
0.0164337158203125 -0.0195846557617188 0.4781494140625 0.362060546875
-0.009918212890625 -0.0210075378417969 0.55474853515625 -0.157501220703125
0.00804519653320312 -0.0573921203613281 -0.527679443359375 0.0981750488281251
0.0254173278808594 -0.0234451293945313 -0.40850830078125 -0.3553466796875
0.0978546142578125 -0.0208740234375 0.2130126953125 -0.72882080078125
0.0925521850585938 0.026092529296875 1.03887939453125 -0.49200439453125
-0.0176658630371094 0.0261821746826172 1.1387939453125 0.7464599609375
-0.0383834838867188 -0.0745849609375 0.1617431640625 1.554443359375
0.034637451171875 -0.0265426635742188 -0.672607421875 0.9989013671875
0.106300354003906 -0.00632476806640625 0.01904296875 0.0705108642578125
0.0562973022460938 -0.0186119079589844 0.65478515625 -1.0538330078125
0.0439109802246094 -0.0219612121582031 -0.3282470703125 -1.5889892578125
0.0343132019042969 0.00585174560546875 -1.313232421875 -0.4017333984375
0.04217529296875 -0.003143310546875 -0.8045654296875 0.74609375
0.0689010620117188 -0.023284912109375 -0.00128173828124993 0.83642578125
0.0135154724121094 -0.0283794403076172 0.464599609375 0.365081787109375
-0.0204887390136719 -0.0322151184082031 0.549713134765625 -0.158050537109375
0.002197265625 -0.0683708190917969 -0.535736083984375 0.09393310546875
0.0211467742919922 -0.0312919616699219 -0.428009033203125 -0.3621826171875
0.10675048828125 -0.0303268432617187 0.1790771484375 -0.74346923828125
0.111167907714844 0.0231552124023438 1.0091552734375 -0.5284423828125
-0.00174331665039063 0.0333271026611328 1.155029296875 0.7030029296875
-0.0351715087890625 -0.0725479125976563 0.215087890625 1.5394287109375
0.0324821472167969 -0.0367050170898438 -0.6455078125 1.0120849609375
0.108039855957031 -0.0189361572265625 0.0189208984375 0.0856857299804688
0.0555534362792969 -0.02734375 0.689697265625 -1.0355224609375
0.0486221313476562 -0.0193367004394531 -0.271240234375 -1.6112060546875
0.0510749816894531 0.0116462707519531 -1.3104248046875 -0.4556884765625
0.061431884765625 -0.00658035278320312 -0.84161376953125 0.71539306640625
0.0816650390625 -0.0270233154296875 -0.037353515625 0.82708740234375
0.0114212036132813 -0.0358467102050781 0.44476318359375 0.364013671875
-0.0263023376464844 -0.0444679260253906 0.543792724609375 -0.1568603515625
0.000282287597656258 -0.07513427734375 -0.5447998046875 0.0948181152343749
0.0159683227539063 -0.0362281799316406 -0.4495849609375 -0.368133544921875
0.107368469238281 -0.035369873046875 0.134521484375 -0.75750732421875
0.117523193359375 0.018310546875 0.967041015625 -0.57025146484375
0.00707626342773437 0.0368843078613281 1.17138671875 0.645263671875
-0.0343589782714844 -0.0700263977050781 0.2745361328125 1.5196533203125
0.0305099487304687 -0.0431060791015625 -0.6087646484375 1.03472900390625
0.107795715332031 -0.0250930786132813 0.0196151733398438 0.104461669921875
0.0548591613769531 -0.0318260192871094 0.72637939453125 -1.01141357421875
0.0507850646972656 -0.0184669494628906 -0.2049560546875 -1.631591796875
0.0579605102539063 0.015960693359375 -1.295654296875 -0.5152587890625
0.0717239379882813 -0.006591796875 -0.88677978515625 0.67901611328125
0.088775634765625 -0.0276260375976563 -0.0798339843749999 0.81329345703125
0.0121231079101563 -0.0395736694335938 0.42437744140625 0.361297607421875
-0.0270423889160156 -0.0527420043945313 0.533966064453125 -0.160247802734375
0.00498199462890624 -0.0772323608398438 -0.55352783203125 0.0956420898437501
0.0118217468261719 -0.0386428833007813 -0.470947265625 -0.374481201171875
0.10076904296875 -0.0375518798828125 0.0885009765624999 -0.771728515625
0.111747741699219 0.0166397094726563 0.92486572265625 -0.61346435546875
0.00587844848632813 0.0378036499023438 1.1859130859375 0.5888671875
-0.0354690551757813 -0.0679779052734375 0.3427734375 1.4951171875
0.0297775268554688 -0.0435714721679688 -0.56854248046875 1.05670166015625
0.105796813964844 -0.0228424072265625 0.0210494995117188 0.123374938964844
0.0550193786621094 -0.0306205749511719 0.767822265625 -0.98760986328125
0.0525627136230469 -0.0179786682128906 -0.1353759765625 -1.647216796875
0.0555419921875 0.0193214416503906 -1.2894287109375 -0.5738525390625
0.0678291320800781 -0.00172805786132813 -0.927490234375 0.6397705078125
0.0868377685546875 -0.0260696411132812 -0.12188720703125 0.80035400390625
0.0131759643554688 -0.0403175354003906 0.405609130859375 0.3592529296875
-0.0244140625 -0.0565528869628906 0.527099609375 -0.157562255859375
0.0125961303710938 -0.0754013061523438 -0.5648193359375 0.1007080078125
0.0118484497070312 -0.0361061096191406 -0.4910888671875 -0.378326416015625
0.0882034301757812 -0.0323410034179687 0.05072021484375 -0.78302001953125
0.0941314697265625 0.01849365234375 0.88818359375 -0.64520263671875
-0.00402069091796875 0.0353622436523438 1.19677734375 0.542724609375
-0.0386085510253906 -0.0681991577148438 0.3922119140625 1.474365234375
0.0315933227539063 -0.0397224426269531 -0.53448486328125 1.07025146484375
0.103492736816406 -0.0143661499023438 0.0232772827148437 0.138595581054688
0.0570945739746094 -0.0243339538574219 0.8067626953125 -0.9593505859375
0.0511283874511719 -0.0197830200195313 -0.068115234375 -1.6614990234375
0.0426559448242188 0.0185623168945313 -1.275634765625 -0.6307373046875
0.0520248413085937 0.00500869750976562 -0.9600830078125 0.60418701171875
0.077239990234375 -0.0216827392578125 -0.15618896484375 0.7847900390625
0.0135040283203125 -0.0379829406738281 0.39190673828125 0.356414794921875
-0.0175018310546875 -0.05621337890625 0.519989013671875 -0.16009521484375
0.0412063598632813 -0.0220909118652344 -0.523773193359375 0.1103515625
0.0365486145019531 0.00429153442382813 -0.39306640625 -0.345428466796875
0.0393218994140625 0.00566864013671875 0.233642578125 -0.7335205078125
-0.00395393371582031 0.0316696166992188 1.05255126953125 -0.4820556640625
-0.0837860107421875 -7.62939453125069E-05 1.1439208984375 0.761474609375
-0.0477294921875 -0.0833053588867188 0.156982421875 1.5645751953125
0.04461669921875 0.0093536376953125 -0.674072265625 0.99078369140625
0.0989761352539063 0.0466537475585938 0.0278892517089844 0.0623016357421875
0.0630912780761719 0.0171775817871094 0.63531494140625 -1.06854248046875
0.0273056030273438 -0.0318889617919922 -0.3731689453125 -1.5709228515625
-0.0397911071777344 -0.00735855102539062 -1.3221435546875 -0.358642578125
-0.0403289794921875 0.0270118713378906 -0.77239990234375 0.771240234375
0.0175085067749023 0.000703811645507813 0.0323486328125 0.8394775390625
0.0239925384521484 -0.00229454040527344 0.486328125 0.35943603515625
0.0161294937133789 -5.91278076171875E-05 0.55767822265625 -0.15576171875
0.0282783508300781 -0.0329017639160156 -0.520965576171875 0.1102294921875
0.0340366363525391 -0.0038604736328125 -0.390350341796875 -0.342132568359375
0.0600433349609375 -0.00299453735351563 0.240966796875 -0.72442626953125
0.0283050537109375 0.0292224884033203 1.05926513671875 -0.46856689453125
-0.0629539489746094 0.00801086425781249 1.1318359375 0.7734375
-0.0438613891601562 -0.0800247192382813 0.1302490234375 1.5665283203125
0.0414772033691406 -0.00227737426757812 -0.68780517578125 0.98699951171875
0.101776123046875 0.0283126831054687 0.0237617492675781 0.0573043823242188
0.0615005493164063 0.00510406494140625 0.62261962890625 -1.0751953125
0.0321006774902344 -0.0283489227294922 -0.389404296875 -1.5662841796875
-0.0148715972900391 -0.00391769409179688 -1.31787109375 -0.3446044921875
-0.0125627517700195 0.0159854888916016 -0.7608642578125 0.77593994140625
0.0327548980712891 -0.00826072692871094 0.0437622070312501 0.84088134765625
0.0194683074951172 -0.0101146697998047 0.489654541015625 0.354736328125
0.00324535369873047 -0.00765514373779297 0.554962158203125 -0.164093017578125
0.0164947509765625 -0.0448570251464844 -0.521209716796875 0.109100341796875
0.0296173095703125 -0.0137138366699219 -0.3974609375 -0.342010498046875
0.0809783935546875 -0.0139694213867187 0.2288818359375 -0.7255859375
0.0627517700195313 0.0276679992675781 1.05108642578125 -0.4813232421875
-0.0392189025878906 0.0183868408203125 1.141357421875 0.7581787109375
-0.0417861938476563 -0.0759429931640625 0.1500244140625 1.560302734375
0.037994384765625 -0.0149269104003906 -0.6800537109375 0.99298095703125
0.104095458984375 0.0081939697265625 0.0226020812988281 0.0605545043945312
0.0593490600585938 -0.00920867919921875 0.61834716796875 -1.07513427734375
0.0382804870605469 -0.0258331298828125 -0.38623046875 -1.570556640625
0.0114011764526367 0.000447273254394531 -1.3197021484375 -0.3480224609375
0.0172271728515625 0.0046234130859375 -0.76409912109375 0.775634765625
0.0521049499511719 -0.0170097351074219 0.0394287109375001 0.83929443359375
0.0151004791259766 -0.0200977325439453 0.483978271484375 0.354949951171875
-0.00956535339355469 -0.0195674896240234 0.55279541015625 -0.166717529296875
0.00629806518554688 -0.0575065612792969 -0.524749755859375 0.108795166015625
0.0250644683837891 -0.0235309600830078 -0.4130859375 -0.34600830078125
0.0971298217773438 -0.0240402221679688 0.20025634765625 -0.73333740234375
0.0917587280273438 0.0238723754882813 1.02899169921875 -0.5106201171875
-0.0183238983154297 0.0270137786865234 1.150634765625 0.7265625
-0.038818359375 -0.0723724365234375 0.1851806640625 1.550537109375
0.0338687896728516 -0.0267200469970703 -0.65899658203125 1.00714111328125
0.105682373046875 -0.00841522216796875 0.0204010009765625 0.0715103149414063
0.0568809509277344 -0.0198135375976563 0.63922119140625 -1.0638427734375
0.0443992614746094 -0.0228500366210938 -0.35400390625 -1.5836181640625
0.0339145660400391 0.00519943237304688 -1.318359375 -0.378662109375
0.0427627563476563 -0.00397109985351562 -0.78875732421875 0.7579345703125
0.0682792663574219 -0.0252532958984375 0.0145263671875 0.83392333984375
0.0123767852783203 -0.0286903381347656 0.470733642578125 0.355712890625
-0.0200233459472656 -0.0304946899414063 0.545166015625 -0.169189453125
0.00021743774414062 -0.0675773620605469 -0.5322265625 0.106781005859375
0.019744873046875 -0.0311717987060547 -0.43310546875 -0.352447509765625
0.105865478515625 -0.0331573486328125 0.16448974609375 -0.745849609375
0.111061096191406 0.0203170776367188 0.9989013671875 -0.544189453125
-0.00207710266113281 0.0342483520507813 1.1654052734375 0.6807861328125
-0.0373878479003906 -0.0702629089355469 0.23779296875 1.5316162109375
0.0315666198730469 -0.037689208984375 -0.63153076171875 1.021728515625
0.106422424316406 -0.0208969116210937 0.0192947387695313 0.08636474609375
0.0557975769042969 -0.0286407470703125 0.67169189453125 -1.04266357421875
0.0490531921386719 -0.0205726623535156 -0.2972412109375 -1.603759765625
0.0509490966796875 0.0112800598144531 -1.31396484375 -0.4320068359375
0.06201171875 -0.008880615234375 -0.827392578125 0.728271484375
0.081207275390625 -0.0287551879882813 -0.02276611328125 0.82525634765625
0.0108604431152344 -0.03656005859375 0.45123291015625 0.356292724609375
-0.0256080627441406 -0.0415191650390625 0.5394287109375 -0.167266845703125
-0.000938415527343752 -0.0746078491210938 -0.5418701171875 0.106170654296875
0.0149497985839844 -0.0364913940429688 -0.453338623046875 -0.35894775390625
0.106307983398438 -0.0379791259765625 0.12152099609375 -0.758056640625
0.117904663085938 0.0165863037109375 0.9583740234375 -0.5865478515625
0.00659942626953125 0.0367927551269531 1.1802978515625 0.6263427734375
-0.0368309020996094 -0.0669403076171875 0.299072265625 1.511474609375
0.02911376953125 -0.04351806640625 -0.59283447265625 1.04376220703125
0.107208251953125 -0.0275344848632812 0.0204620361328125 0.104362487792969
0.0563850402832031 -0.0332565307617187 0.71112060546875 -1.01904296875
0.0519485473632813 -0.0195579528808594 -0.2271728515625 -1.622802734375
0.0587120056152344 0.0154953002929687 -1.3018798828125 -0.4920654296875
0.0719375610351563 -0.00812530517578125 -0.87042236328125 0.69183349609375
0.0874481201171875 -0.02972412109375 -0.0650634765625 0.81329345703125
0.0109710693359375 -0.04034423828125 0.429779052734375 0.35284423828125
-0.0283775329589844 -0.0508155822753906 0.529022216796875 -0.170013427734375
0.00305938720703124 -0.0772323608398438 -0.551971435546875 0.106689453125
0.0108261108398438 -0.0383529663085937 -0.478515625 -0.362701416015625
0.0992813110351563 -0.0387725830078125 0.07611083984375 -0.7745361328125
0.111236572265625 0.0141830444335938 0.91510009765625 -0.62957763671875
0.00714111328125 0.0378990173339844 1.194580078125 0.5653076171875
-0.0373001098632813 -0.0669975280761719 0.3658447265625 1.4874267578125
0.0283775329589844 -0.043975830078125 -0.551025390625 1.0633544921875
0.10552978515625 -0.0265579223632812 0.0231857299804688 0.12298583984375
0.0560073852539063 -0.031585693359375 0.7503662109375 -0.99725341796875
0.0521202087402344 -0.0196876525878906 -0.1607666015625 -1.6458740234375
0.0564384460449219 0.0180702209472656 -1.29443359375 -0.551025390625
0.0684318542480469 -0.00272750854492188 -0.91387939453125 0.6533203125
0.0861434936523438 -0.0273818969726562 -0.10650634765625 0.80169677734375
0.0107803344726562 -0.0418472290039063 0.41082763671875 0.35272216796875
-0.025238037109375 -0.0547256469726563 0.522247314453125 -0.167236328125
0.01068115234375 -0.074859619140625 -0.561798095703125 0.11273193359375
0.0096588134765625 -0.0355072021484375 -0.496612548828125 -0.3668212890625
0.087005615234375 -0.0352249145507813 0.03857421875 -0.7813720703125
0.093017578125 0.01495361328125 0.87689208984375 -0.66082763671875
-0.00392913818359375 0.0357666015625 1.2054443359375 0.5185546875
-0.0401611328125 -0.0664825439453125 0.416259765625 1.4674072265625
0.0298538208007812 -0.0397720336914063 -0.517578125 1.07763671875
0.103080749511719 -0.0169830322265625 0.0257720947265625 0.138931274414063
0.0577354431152344 -0.0246162414550781 0.791259765625 -0.97021484375
0.0514984130859375 -0.0208053588867188 -0.095458984375 -1.6572265625
0.0437850952148437 0.0170097351074219 -1.28466796875 -0.6036376953125
0.0521087646484375 0.00416946411132813 -0.94842529296875 0.61981201171875
0.0755691528320313 -0.0239334106445313 -0.141845703125 0.78619384765625
0.0138053894042969 -0.0377693176269531 0.397674560546875 0.351104736328125
-0.0183830261230469 -0.0542449951171875 0.5159912109375 -0.16796875
0.0396957397460938 -0.0234146118164063 -0.52099609375 0.11981201171875
0.0356903076171875 0.00356674194335938 -0.39691162109375 -0.3369140625
0.0391502380371094 0.00440216064453125 0.2215576171875 -0.7357177734375
-0.00460624694824219 0.0305843353271484 1.039306640625 -0.49774169921875
-0.0847015380859375 0.001678466796875 1.1541748046875 0.7410888671875
-0.0490570068359375 -0.0804519653320312 0.1810302734375 1.5540771484375
0.0438766479492188 0.00909042358398438 -0.66058349609375 0.99981689453125
0.0991439819335938 0.0438156127929688 0.0295982360839844 0.0621223449707031
0.0656967163085938 0.0161552429199219 0.61590576171875 -1.0726318359375
0.0260238647460938 -0.0321578979492188 -0.3984375 -1.5606689453125
-0.0396461486816406 -0.00714492797851562 -1.3260498046875 -0.337890625
-0.0390090942382813 0.0273780822753906 -0.75775146484375 0.78009033203125
0.0168294906616211 -0.000356674194335938 0.0477294921875 0.83624267578125
0.0231094360351563 -0.00241470336914063 0.4912109375 0.3504638671875
0.0167751312255859 5.24520874023437E-05 0.554107666015625 -0.166412353515625
0.0278091430664063 -0.0327892303466797 -0.517547607421875 0.119720458984375
0.0344047546386719 -0.00385093688964844 -0.395599365234375 -0.332183837890625
0.0595054626464844 -0.00492095947265625 0.2281494140625 -0.72540283203125
0.0286846160888672 0.0284233093261719 1.04754638671875 -0.484130859375
-0.0629539489746094 0.00854110717773438 1.142822265625 0.75341796875
-0.045318603515625 -0.0777740478515625 0.1553955078125 1.558349609375
0.0405158996582031 -0.001861572265625 -0.67498779296875 0.99395751953125
0.101318359375 0.0263442993164063 0.0240592956542969 0.058013916015625
0.0627479553222656 0.00356292724609375 0.602294921875 -1.080810546875
0.0318031311035156 -0.0291404724121094 -0.4095458984375 -1.55712890625
-0.0153064727783203 -0.0037078857421875 -1.32080078125 -0.3243408203125
-0.010991096496582 0.0165805816650391 -0.7452392578125 0.78533935546875
0.0336818695068359 -0.00906562805175781 0.0568847656250001 0.83502197265625
0.0190620422363281 -0.0110664367675781 0.49456787109375 0.346893310546875
0.00315189361572266 -0.00725650787353516 0.5518798828125 -0.174285888671875
0.0150833129882813 -0.0448493957519531 -0.517730712890625 0.11822509765625
0.0295639038085938 -0.0149917602539062 -0.401580810546875 -0.332061767578125
0.0799560546875 -0.0156784057617188 0.21746826171875 -0.725830078125
0.0624771118164063 0.0251541137695313 1.04010009765625 -0.4971923828125
-0.0396995544433594 0.0192451477050781 1.1495361328125 0.7391357421875
-0.0431289672851563 -0.0739669799804687 0.173583984375 1.55224609375
0.0369720458984375 -0.0153274536132813 -0.663330078125 0.99957275390625
0.103897094726563 0.00696563720703125 0.0226325988769531 0.0611991882324219
0.0594062805175781 -0.00970458984375 0.60247802734375 -1.0775146484375
0.0379257202148438 -0.0268363952636719 -0.4102783203125 -1.5577392578125
0.0106582641601563 -0.00022125244140625 -1.3214111328125 -0.32373046875
0.0180721282958984 0.00476837158203125 -0.74896240234375 0.78607177734375
0.0521278381347656 -0.0180244445800781 0.05126953125 0.833251953125
0.0142765045166016 -0.0200099945068359 0.487640380859375 0.345916748046875
-0.00938796997070313 -0.0177764892578125 0.547332763671875 -0.17742919921875
0.00543212890624999 -0.0571174621582031 -0.5211181640625 0.116851806640625
0.0242233276367188 -0.0238971710205078 -0.417144775390625 -0.335479736328125
0.0972518920898438 -0.0266036987304688 0.18963623046875 -0.73419189453125
0.0916061401367188 0.0211563110351563 1.017333984375 -0.52532958984375
-0.0185337066650391 0.0268650054931641 1.1610107421875 0.7052001953125
-0.0412368774414062 -0.0709381103515625 0.205810546875 1.5419921875
0.032196044921875 -0.0276527404785156 -0.64007568359375 1.01434326171875
0.104927062988281 -0.0109634399414062 0.0212631225585938 0.0709991455078125
0.05694580078125 -0.0207748413085938 0.61798095703125 -1.06695556640625
0.0448188781738281 -0.0237159729003906 -0.3785400390625 -1.57568359375
0.0348930358886719 0.00443458557128906 -1.319580078125 -0.3563232421875
0.0430984497070313 -0.00447845458984375 -0.77398681640625 0.76922607421875
0.0673789978027344 -0.0251884460449219 0.02630615234375 0.8297119140625
0.010589599609375 -0.0292816162109375 0.47479248046875 0.345733642578125
-0.0188636779785156 -0.0296764373779297 0.5421142578125 -0.177978515625
-0.000392913818359375 -0.0672149658203125 -0.530731201171875 0.11395263671875
0.0192337036132813 -0.0314903259277344 -0.43670654296875 -0.342132568359375
0.104576110839844 -0.0356674194335938 0.15240478515625 -0.7451171875
0.110916137695313 0.0168914794921875 0.98681640625 -0.559814453125
-0.0023040771484375 0.0334815979003906 1.1744384765625 0.658935546875
-0.038299560546875 -0.0676116943359375 0.259765625 1.5230712890625
0.0298881530761719 -0.0371742248535156 -0.6138916015625 1.02691650390625
0.105979919433594 -0.0235671997070312 0.0207061767578125 0.0870895385742188
0.0557594299316406 -0.0291976928710937 0.6556396484375 -1.0494384765625
0.0486984252929688 -0.0223579406738281 -0.3192138671875 -1.5950927734375
0.05120849609375 0.00937271118164062 -1.3148193359375 -0.41064453125
0.0621147155761719 -0.008819580078125 -0.81219482421875 0.74041748046875
0.0805206298828125 -0.0300979614257813 -0.00915527343750003 0.823486328125
0.00983428955078125 -0.0364303588867188 0.4556884765625 0.34613037109375
-0.0265083312988281 -0.0404777526855469 0.534637451171875 -0.17657470703125
-0.00262451171875 -0.073638916015625 -0.539306640625 0.1162109375
0.0140800476074219 -0.0365524291992188 -0.45965576171875 -0.347747802734375
0.105278015136719 -0.0394058227539063 0.10992431640625 -0.75732421875
0.116813659667969 0.012969970703125 0.94281005859375 -0.60101318359375
0.00656890869140625 0.0371780395507813 1.1868896484375 0.6058349609375
-0.0381660461425781 -0.0665702819824219 0.317626953125 1.5015869140625
0.0272750854492188 -0.0430335998535156 -0.574462890625 1.050048828125
0.105690002441406 -0.0299758911132812 0.0230712890625 0.105133056640625
0.0561943054199219 -0.0352210998535156 0.69293212890625 -1.02740478515625
0.0521507263183594 -0.0213356018066406 -0.2532958984375 -1.618408203125
0.0585784912109375 0.0144729614257812 -1.3065185546875 -0.469482421875
0.071624755859375 -0.00896453857421875 -0.8577880859375 0.705322265625
0.0866470336914063 -0.0313262939453125 -0.0506591796875 0.80999755859375
0.00949859619140625 -0.0402984619140625 0.434417724609375 0.344573974609375
-0.0286483764648438 -0.0490951538085937 0.524993896484375 -0.180572509765625
0.00173950195312501 -0.07623291015625 -0.550140380859375 0.116485595703125
0.0102386474609375 -0.0370674133300781 -0.481536865234375 -0.352752685546875
0.0985870361328125 -0.0415115356445312 0.0640869140625001 -0.77056884765625
0.109550476074219 0.0104904174804688 0.90093994140625 -0.64276123046875
0.00611495971679687 0.0376663208007813 1.200927734375 0.5445556640625
-0.0394020080566406 -0.0653266906738281 0.3837890625 1.4761962890625
0.0274734497070313 -0.0438690185546875 -0.5340576171875 1.06903076171875
0.103912353515625 -0.0284576416015625 0.025177001953125 0.124275207519531
0.0565567016601562 -0.0334281921386719 0.73388671875 -1.00469970703125
0.0525054931640625 -0.0198211669921875 -0.184814453125 -1.638671875
0.0568084716796875 0.0168647766113281 -1.2999267578125 -0.52978515625
0.0688209533691406 -0.00467300415039062 -0.9012451171875 0.66876220703125
0.0858001708984375 -0.0287857055664063 -0.0938110351562501 0.7987060546875
0.0104179382324219 -0.0411262512207031 0.415496826171875 0.34576416015625
-0.0257225036621094 -0.0544357299804688 0.519287109375 -0.177337646484375
0.00807952880859374 -0.0740127563476563 -0.557647705078125 0.123199462890625
0.00969696044921875 -0.036163330078125 -0.502044677734375 -0.354766845703125
0.085723876953125 -0.0371551513671875 0.0270996093749999 -0.78009033203125
0.09271240234375 0.0121536254882813 0.864013671875 -0.67230224609375
-0.00383377075195312 0.0354728698730469 1.20849609375 0.499267578125
-0.0420150756835938 -0.0651321411132812 0.436279296875 1.453857421875
0.0285720825195313 -0.0397453308105469 -0.4996337890625 1.083740234375
0.102783203125 -0.0196304321289063 0.0277099609375 0.13970947265625
0.0580902099609375 -0.0267372131347656 0.775390625 -0.97747802734375
0.0506401062011719 -0.0225563049316406 -0.120849609375 -1.6490478515625
0.0432472229003906 0.0152626037597656 -1.2886962890625 -0.581298828125
0.0529289245605469 0.0036773681640625 -0.93609619140625 0.6329345703125
0.075714111328125 -0.025177001953125 -0.127685546875 0.78436279296875
0.0119094848632812 -0.0381317138671875 0.402618408203125 0.342315673828125
-0.0193290710449219 -0.0535430908203125 0.512664794921875 -0.17852783203125
0.0389175415039062 -0.0225868225097656 -0.517822265625 0.1287841796875
0.0345458984375 0.00333404541015625 -0.401336669921875 -0.326141357421875
0.0384559631347656 0.00381088256835938 0.20819091796875 -0.73577880859375
-0.00507354736328125 0.0301876068115234 1.02593994140625 -0.51226806640625
-0.0853042602539063 0.00229644775390624 1.1585693359375 0.71875
-0.05059814453125 -0.0782012939453125 0.1995849609375 1.542236328125
0.0433883666992188 0.00851058959960938 -0.64361572265625 1.003662109375
0.0986557006835938 0.0415191650390625 0.0297660827636719 0.061798095703125
0.06494140625 0.0142784118652344 0.597412109375 -1.073974609375
0.0267219543457031 -0.0322608947753906 -0.418212890625 -1.5469970703125
-0.04010009765625 -0.00646591186523438 -1.3214111328125 -0.3135986328125
-0.0382766723632813 0.0278129577636719 -0.74041748046875 0.7864990234375
0.0161924362182617 -1.9073486328125E-05 0.0595703125 0.8289794921875
0.022216796875 -0.00213050842285156 0.495819091796875 0.34222412109375
0.0172357559204102 0.0012054443359375 0.54779052734375 -0.175323486328125
0.0262126922607422 -0.0330276489257813 -0.5130615234375 0.128082275390625
0.0330600738525391 -0.00437355041503906 -0.398101806640625 -0.32244873046875
0.0580635070800781 -0.00644302368164062 0.21502685546875 -0.72467041015625
0.0290813446044922 0.0271644592285156 1.03546142578125 -0.4996337890625
-0.0628890991210937 0.010040283203125 1.1507568359375 0.7315673828125
-0.0467071533203125 -0.0756072998046875 0.1746826171875 1.545166015625
0.0395278930664063 -0.0019073486328125 -0.65545654296875 0.99884033203125
0.1015625 0.0235137939453125 0.0253753662109375 0.0584487915039063
0.0639839172363281 0.00244903564453125 0.58343505859375 -1.08331298828125
0.0322132110595703 -0.0291805267333984 -0.4287109375 -1.54248046875
-0.0147209167480469 -0.00420665740966797 -1.31591796875 -0.2989501953125
-0.00981807708740235 0.0165376663208008 -0.72808837890625 0.79144287109375
0.0324954986572266 -0.00955963134765625 0.07025146484375 0.82904052734375
0.0181236267089844 -0.0120010375976563 0.49774169921875 0.336578369140625
0.00311946868896484 -0.00714778900146484 0.546417236328125 -0.182830810546875
0.01324462890625 -0.0437240600585938 -0.5130615234375 0.1270751953125
0.0289821624755859 -0.0140018463134766 -0.405670166015625 -0.321624755859375
0.0795974731445313 -0.0167236328125 0.20416259765625 -0.72515869140625
0.0627212524414063 0.0227279663085938 1.02642822265625 -0.51409912109375
-0.0394287109375 0.0193443298339844 1.1571044921875 0.71533203125
-0.0449981689453125 -0.071990966796875 0.1915283203125 1.5418701171875
0.0371818542480469 -0.0154190063476563 -0.64593505859375 1.00396728515625
0.103775024414063 0.00424957275390625 0.0231742858886719 0.0603446960449219
0.0602455139160156 -0.0108680725097656 0.58270263671875 -1.08154296875
0.0388832092285156 -0.0276527404785156 -0.4305419921875 -1.5426025390625
0.0110368728637695 3.71932983398438E-05 -1.3179931640625 -0.301025390625
0.0181369781494141 0.00504684448242187 -0.73187255859375 0.79205322265625
0.0502967834472656 -0.0189399719238281 0.063232421875 0.82684326171875
0.0131607055664063 -0.020294189453125 0.490997314453125 0.335052490234375
-0.00844001770019531 -0.0181484222412109 0.541839599609375 -0.18487548828125
0.00360107421875 -0.0561370849609375 -0.5169677734375 0.125518798828125
0.0234184265136719 -0.0239582061767578 -0.42041015625 -0.326416015625
0.0947418212890625 -0.0282745361328125 0.17572021484375 -0.73345947265625
0.0908279418945313 0.0194015502929688 1.00360107421875 -0.538818359375
-0.0184307098388672 0.0279350280761719 1.1656494140625 0.6844482421875
-0.042449951171875 -0.0685195922851563 0.2281494140625 1.5281982421875
0.0314426422119141 -0.0275859832763672 -0.6236572265625 1.01708984375
0.105110168457031 -0.0134506225585938 0.0216903686523438 0.0705337524414063
0.0584945678710938 -0.0215988159179688 0.6007080078125 -1.07293701171875
0.0438957214355469 -0.0254669189453125 -0.4007568359375 -1.5582275390625
0.0344295501708984 0.00265121459960937 -1.3162841796875 -0.3330078125
0.043609619140625 -0.00605010986328125 -0.75787353515625 0.77313232421875
0.0667648315429688 -0.0269241333007813 0.03790283203125 0.82244873046875
0.00929450988769532 -0.0292644500732422 0.4774169921875 0.336761474609375
-0.0204334259033203 -0.0280075073242188 0.53594970703125 -0.185821533203125
-0.00215530395507812 -0.0661048889160156 -0.525634765625 0.123138427734375
0.0176105499267578 -0.0313129425048828 -0.439239501953125 -0.331329345703125
0.103736877441406 -0.036529541015625 0.1409912109375 -0.74371337890625
0.109695434570313 0.0145492553710938 0.97271728515625 -0.5728759765625
-0.00178909301757812 0.0337772369384766 1.177978515625 0.635986328125
-0.0405311584472656 -0.0661811828613281 0.2791748046875 1.510986328125
0.0286636352539063 -0.03753662109375 -0.59722900390625 1.0313720703125
0.105438232421875 -0.0263214111328125 0.0224761962890625 0.0865631103515625
0.0567245483398438 -0.0310401916503906 0.63623046875 -1.0543212890625
0.0488471984863281 -0.0226631164550781 -0.341552734375 -1.583740234375
0.0511245727539062 0.00805282592773438 -1.31396484375 -0.3873291015625
0.0622978210449219 -0.0107955932617188 -0.79693603515625 0.74639892578125
0.0786895751953125 -0.0320281982421875 0.00305175781250001 0.8162841796875
0.00849533081054688 -0.036773681640625 0.457550048828125 0.33721923828125
-0.0264434814453125 -0.0404930114746094 0.52935791015625 -0.18792724609375
-0.00396728515625 -0.0719070434570313 -0.53399658203125 0.125701904296875
0.013153076171875 -0.0362777709960937 -0.462615966796875 -0.337677001953125
0.103530883789063 -0.0415191650390625 0.0975341796874999 -0.75396728515625
0.116432189941406 0.0104446411132812 0.93011474609375 -0.61370849609375
0.00685882568359375 0.0362396240234375 1.1915283203125 0.5830078125
-0.0389900207519531 -0.0637741088867188 0.3380126953125 1.4884033203125
0.0252685546875 -0.0431709289550781 -0.5582275390625 1.0498046875
0.104560852050781 -0.032501220703125 0.024627685546875 0.104347229003906
0.0561256408691406 -0.0347518920898438 0.67431640625 -1.03033447265625
0.0510597229003906 -0.0226936340332031 -0.2774658203125 -1.6044921875
0.0598411560058594 0.0125465393066406 -1.306640625 -0.4482421875
0.071136474609375 -0.0109100341796875 -0.84112548828125 0.7127685546875
0.0856399536132813 -0.03253173828125 -0.04083251953125 0.8048095703125
0.00812911987304687 -0.0403823852539063 0.4385986328125 0.337066650390625
-0.0291290283203125 -0.0474739074707031 0.519683837890625 -0.1885986328125
-0.000442504882812499 -0.0760040283203125 -0.54388427734375 0.126068115234375
0.00943756103515625 -0.037322998046875 -0.48480224609375 -0.339996337890625
0.0967025756835938 -0.043609619140625 0.05169677734375 -0.76708984375
0.108146667480469 0.00788116455078125 0.8875732421875 -0.6539306640625
0.0067596435546875 0.0376319885253906 1.2039794921875 0.5235595703125
-0.0408897399902344 -0.06292724609375 0.40283203125 1.4610595703125
0.0253524780273438 -0.0434532165527344 -0.515625 1.069580078125
0.102615356445313 -0.030364990234375 0.0259857177734375 0.1229248046875
0.0560760498046875 -0.0344963073730469 0.7144775390625 -1.00860595703125
0.052398681640625 -0.0224647521972656 -0.2098388671875 -1.6259765625
0.0567131042480469 0.0156745910644531 -1.302001953125 -0.507568359375
0.0685958862304688 -0.0047760009765625 -0.88446044921875 0.67779541015625
0.084442138671875 -0.0305252075195313 -0.0818481445312499 0.7943115234375
0.00960159301757812 -0.04083251953125 0.41973876953125 0.336395263671875
-0.0262908935546875 -0.0522689819335937 0.51348876953125 -0.185516357421875
0.00658416748046875 -0.0735244750976562 -0.553924560546875 0.13153076171875
0.00882720947265625 -0.0352401733398437 -0.50299072265625 -0.343414306640625
0.0846099853515625 -0.0386810302734375 0.014892578125 -0.777099609375
0.0915374755859375 0.0112838745117187 0.8492431640625 -0.6859130859375
-0.0034027099609375 0.0356216430664063 1.210205078125 0.474609375
-0.0427284240722656 -0.0631828308105469 0.451904296875 1.440673828125
0.0266304016113281 -0.0399894714355469 -0.48291015625 1.0826416015625
0.100692749023437 -0.0217514038085937 0.0292816162109375 0.138481140136719
0.0573883056640625 -0.0274238586425781 0.75848388671875 -0.9818115234375
0.0517196655273438 -0.0229644775390625 -0.142822265625 -1.640625
0.0434188842773438 0.0138587951660156 -1.2879638671875 -0.5604248046875
0.0531463623046875 0.00197982788085938 -0.92193603515625 0.6453857421875
0.0753250122070313 -0.0257034301757813 -0.1175537109375 0.7799072265625
0.0112266540527344 -0.03839111328125 0.40606689453125 0.33404541015625
-0.01898193359375 -0.051666259765625 0.50811767578125 -0.186981201171875
0.037567138671875 -0.0226287841796875 -0.5123291015625 0.137054443359375
0.0346889495849609 0.00320816040039063 -0.402130126953125 -0.31573486328125
0.0383415222167969 0.00160980224609375 0.19757080078125 -0.73370361328125
-0.00470733642578125 0.0284156799316406 1.01275634765625 -0.5240478515625
-0.0849456787109375 0.00521850585937501 1.1600341796875 0.6976318359375
-0.0520553588867188 -0.0755157470703125 0.2171630859375 1.530029296875
0.0430145263671875 0.00941848754882813 -0.62664794921875 1.005126953125
0.0994491577148438 0.039398193359375 0.0299873352050781 0.0630264282226563
0.0663871765136719 0.0127334594726563 0.5794677734375 -1.0740966796875
0.0271320343017578 -0.0328807830810547 -0.4365234375 -1.5318603515625
-0.0394935607910156 -0.00608062744140625 -1.3165283203125 -0.294921875
-0.0364265441894531 0.0286865234375 -0.72430419921875 0.79205322265625
0.015355110168457 -0.000171661376953125 0.07135009765625 0.82086181640625
0.0219993591308594 -0.0034637451171875 0.4976806640625 0.331298828125
0.017420768737793 0.00110626220703125 0.54205322265625 -0.182891845703125
0.025115966796875 -0.0331325531005859 -0.50732421875 0.13543701171875
0.0325851440429688 -0.00431060791015625 -0.399658203125 -0.3134765625
0.0575485229492188 -0.00723648071289063 0.2039794921875 -0.72442626953125
0.0277481079101563 0.0255298614501953 1.02099609375 -0.51129150390625
-0.0634727478027344 0.0108604431152344 1.1514892578125 0.7083740234375
-0.0485610961914063 -0.0720748901367187 0.1915283203125 1.530517578125
0.0399284362792969 -0.0017242431640625 -0.639404296875 0.9986572265625
0.101409912109375 0.0211257934570313 0.0258712768554688 0.0581207275390625
0.0635833740234375 0.00083160400390625 0.56378173828125 -1.08123779296875
0.0316543579101563 -0.0302600860595703 -0.4488525390625 -1.527587890625
-0.014307975769043 -0.00409889221191406 -1.3114013671875 -0.2777099609375
-0.0093536376953125 0.0160655975341797 -0.71356201171875 0.79583740234375
0.0321426391601562 -0.00910377502441406 0.08087158203125 0.81903076171875
0.0179729461669922 -0.0105667114257813 0.49908447265625 0.32806396484375
0.00422906875610352 -0.00613975524902344 0.540069580078125 -0.191009521484375
0.0126724243164062 -0.0438613891601563 -0.5076904296875 0.13482666015625
0.0274868011474609 -0.0146999359130859 -0.406585693359375 -0.312896728515625
0.077484130859375 -0.0183563232421875 0.19287109375 -0.72412109375
0.0617790222167969 0.0208053588867188 1.0125732421875 -0.524169921875
-0.0401268005371094 0.0201759338378906 1.159423828125 0.6932373046875
-0.0460472106933594 -0.0693473815917969 0.2115478515625 1.5284423828125
0.0355567932128906 -0.0157051086425781 -0.6300048828125 1.0054931640625
0.102981567382813 0.00177001953125 0.02386474609375 0.0615081787109375
0.0608711242675781 -0.0125045776367188 0.5635986328125 -1.08050537109375
0.0383529663085938 -0.0283355712890625 -0.4486083984375 -1.5281982421875
0.0113210678100586 -0.000721931457519531 -1.3123779296875 -0.2808837890625
0.0186824798583984 0.00350570678710938 -0.71466064453125 0.7977294921875
0.0498199462890625 -0.02020263671875 0.07562255859375 0.81866455078125
0.0129890441894531 -0.0209388732910156 0.49310302734375 0.32550048828125
-0.00857639312744141 -0.0160560607910156 0.536346435546875 -0.19293212890625
0.00278854370117188 -0.0554580688476563 -0.511871337890625 0.133880615234375
0.0227794647216797 -0.0240287780761719 -0.421356201171875 -0.315185546875
0.0929183959960938 -0.029693603515625 0.16436767578125 -0.73028564453125
0.0895538330078125 0.0161666870117188 0.98968505859375 -0.55126953125
-0.0176582336425781 0.0295867919921875 1.167724609375 0.6607666015625
-0.0429916381835938 -0.0658416748046875 0.2440185546875 1.514892578125
0.0311088562011719 -0.0274696350097656 -0.6083984375 1.01739501953125
0.103477478027344 -0.0155181884765625 0.0231399536132812 0.0708694458007813
0.0584259033203125 -0.0237960815429688 0.58148193359375 -1.07183837890625
0.0426559448242188 -0.0254898071289063 -0.4169921875 -1.5430908203125
0.0335674285888672 0.00232505798339844 -1.3114013671875 -0.3126220703125
0.0430831909179688 -0.00651168823242187 -0.7420654296875 0.77978515625
0.0650253295898438 -0.0278892517089844 0.04864501953125 0.8140869140625
0.00973892211914062 -0.0296630859375 0.480743408203125 0.32763671875
-0.0204448699951172 -0.026611328125 0.528594970703125 -0.194305419921875
-0.00376129150390624 -0.0654296875 -0.520416259765625 0.13079833984375
0.0164222717285156 -0.0306472778320312 -0.440277099609375 -0.3203125
0.101409912109375 -0.0392990112304688 0.1273193359375 -0.7412109375
0.109237670898438 0.0122222900390625 0.9560546875 -0.58380126953125
-0.00154495239257813 0.0340385437011719 1.180908203125 0.6170654296875
-0.0415153503417969 -0.0633659362792969 0.2955322265625 1.494873046875
0.0264739990234375 -0.0366783142089844 -0.58123779296875 1.03369140625
0.103965759277344 -0.0283737182617188 0.0232620239257813 0.0865554809570313
0.0561103820800781 -0.0313529968261719 0.618896484375 -1.05377197265625
0.0494422912597656 -0.0246162414550781 -0.359375 -1.5673828125
0.0510177612304688 0.00678253173828125 -1.3111572265625 -0.366943359375
0.0621337890625 -0.011810302734375 -0.7811279296875 0.7518310546875
0.077728271484375 -0.033111572265625 0.0145263671875 0.80859375
0.00702667236328125 -0.0364646911621094 0.461883544921875 0.328033447265625
-0.0268783569335937 -0.0387191772460938 0.52301025390625 -0.193206787109375
-0.0051727294921875 -0.0720138549804688 -0.52813720703125 0.13323974609375
0.0124549865722656 -0.0351982116699219 -0.464263916015625 -0.326629638671875
0.101737976074219 -0.0431594848632812 0.0860595703125 -0.751708984375
0.114959716796875 0.00806427001953125 0.91546630859375 -0.62176513671875
0.00603866577148437 0.0361442565917969 1.19189453125 0.5614013671875
-0.0406761169433594 -0.0616302490234375 0.35498046875 1.47021484375
0.0248985290527344 -0.0423431396484375 -0.54132080078125 1.051513671875
0.102836608886719 -0.0333709716796875 0.0246200561523438 0.103492736816406
0.055145263671875 -0.0366477966308594 0.6561279296875 -1.0306396484375
0.0518302917480469 -0.0242996215820312 -0.2943115234375 -1.5926513671875
0.0591773986816406 0.0111312866210938 -1.3023681640625 -0.4256591796875
0.0713653564453125 -0.01141357421875 -0.825439453125 0.71832275390625
0.0842132568359375 -0.034027099609375 -0.0281372070312499 0.79779052734375
0.00687408447265625 -0.0409431457519531 0.44171142578125 0.32720947265625
-0.029144287109375 -0.0453224182128906 0.513458251953125 -0.195068359375
-0.00266265869140625 -0.0749740600585937 -0.53814697265625 0.134674072265625
0.00742721557617187 -0.0377197265625 -0.48541259765625 -0.32965087890625
0.0954132080078125 -0.0457000732421875 0.0387573242187499 -0.76202392578125
0.108871459960937 0.0063934326171875 0.8695068359375 -0.66241455078125
0.00626373291015625 0.0376129150390625 1.2001953125 0.503662109375
-0.0416908264160156 -0.0606613159179688 0.419677734375 1.4453125
0.0243034362792969 -0.0433616638183594 -0.49884033203125 1.06787109375
0.101898193359375 -0.0330276489257813 0.0272750854492188 0.122207641601563
0.0550804138183594 -0.034759521484375 0.69805908203125 -1.00933837890625
0.0528068542480469 -0.0228652954101563 -0.2274169921875 -1.61279296875
0.0555000305175781 0.0147514343261719 -1.2972412109375 -0.487548828125
0.0686454772949219 -0.00675582885742188 -0.867919921875 0.6851806640625
0.0833740234375 -0.0313949584960938 -0.0706787109375 0.7864990234375
0.00823593139648438 -0.0414161682128906 0.420806884765625 0.32647705078125
-0.025909423828125 -0.0511474609375 0.507659912109375 -0.19305419921875
0.00412750244140625 -0.0735015869140625 -0.547271728515625 0.1417236328125
0.00730323791503906 -0.0341262817382812 -0.50433349609375 -0.334197998046875
0.0831985473632813 -0.0404739379882813 0.00042724609374999 -0.7725830078125
0.0913848876953125 0.00797271728515625 0.83319091796875 -0.69171142578125
-0.00390625 0.0357170104980469 1.2100830078125 0.4561767578125
-0.04339599609375 -0.0610008239746094 0.469482421875 1.4234619140625
0.0254631042480469 -0.0393753051757813 -0.466552734375 1.08270263671875
0.100318908691406 -0.024383544921875 0.0312118530273437 0.137855529785156
0.0564537048339844 -0.0294761657714844 0.73828125 -0.98504638671875
0.0505142211914063 -0.0242538452148438 -0.16357421875 -1.6251220703125
0.0439262390136719 0.0131988525390625 -1.2850341796875 -0.5379638671875
0.053253173828125 0.00145339965820313 -0.904296875 0.65350341796875
0.073333740234375 -0.0268707275390625 -0.10614013671875 0.77484130859375
0.0107498168945312 -0.0386123657226563 0.407562255859375 0.325531005859375
-0.0197029113769531 -0.0508842468261719 0.500152587890625 -0.19415283203125
0.03692626953125 -0.0236892700195312 -0.50653076171875 0.143280029296875
0.0338726043701172 0.00227546691894531 -0.40191650390625 -0.306671142578125
0.0370635986328125 0.00104522705078125 0.1866455078125 -0.73065185546875
-0.00548934936523438 0.0286540985107422 0.99871826171875 -0.53411865234375
-0.0854644775390625 0.00621032714843751 1.1605224609375 0.6771240234375
-0.0523147583007812 -0.0725479125976563 0.2293701171875 1.515380859375
0.0420150756835937 0.00936508178710938 -0.61309814453125 1.00250244140625
0.0977249145507813 0.0374069213867188 0.0301971435546875 0.0614891052246094
0.0661201477050781 0.0112762451171875 0.56268310546875 -1.069580078125
0.0269145965576172 -0.0330410003662109 -0.447509765625 -1.5120849609375
-0.0393829345703125 -0.00643539428710938 -1.306884765625 -0.275146484375
-0.035736083984375 0.0281715393066406 -0.70648193359375 0.79400634765625
0.014678955078125 -0.000896453857421875 0.0818481445312501 0.81201171875
0.0205154418945313 -0.00373458862304688 0.49664306640625 0.32171630859375
0.0166301727294922 0.00211429595947266 0.5362548828125 -0.188751220703125
0.0239582061767578 -0.0327243804931641 -0.5025634765625 0.143096923828125
0.0325393676757813 -0.00435256958007813 -0.398834228515625 -0.304473876953125
0.0560340881347656 -0.00906753540039063 0.19293212890625 -0.71795654296875
0.0269279479980469 0.0236587524414063 1.00653076171875 -0.52178955078125
-0.0636253356933594 0.0123329162597656 1.14794921875 0.6895751953125
-0.05010986328125 -0.0703811645507813 0.2061767578125 1.5147705078125
0.0382881164550781 -0.0011749267578125 -0.62548828125 0.9993896484375
0.0995864868164063 0.0190963745117188 0.0253715515136719 0.057220458984375
0.0640907287597656 -0.00054168701171875 0.54876708984375 -1.0782470703125
0.0321540832519531 -0.0312843322753906 -0.4627685546875 -1.5098876953125
-0.0149469375610352 -0.00328731536865234 -1.3016357421875 -0.259033203125
-0.00820636749267578 0.0166149139404297 -0.6944580078125 0.8001708984375
0.0311088562011719 -0.00995063781738281 0.0892944335937499 0.81085205078125
0.0174741744995117 -0.0124368667602539 0.498870849609375 0.317596435546875
0.00336408615112305 -0.00552129745483398 0.531707763671875 -0.197052001953125
0.012237548828125 -0.0430831909179687 -0.501556396484375 0.1424560546875
0.0270061492919922 -0.0142803192138672 -0.406158447265625 -0.303192138671875
0.07598876953125 -0.0203323364257812 0.181640625 -0.7205810546875
0.0607795715332031 0.0193252563476562 0.99639892578125 -0.533447265625
-0.0401344299316406 0.0213966369628906 1.159423828125 0.6728515625
-0.0465431213378906 -0.0668106079101563 0.223876953125 1.5098876953125
0.0345726013183594 -0.015228271484375 -0.6143798828125 1.00323486328125
0.10186767578125 -2.288818359375E-05 0.0242042541503906 0.0607147216796875
0.0610427856445313 -0.013824462890625 0.54718017578125 -1.07568359375
0.037933349609375 -0.0291671752929687 -0.4622802734375 -1.5098876953125
0.0106439590454102 -0.00125789642333984 -1.3033447265625 -0.263671875
0.0182170867919922 0.00293731689453125 -0.6982421875 0.79815673828125
0.0489501953125 -0.0203132629394531 0.08355712890625 0.80853271484375
0.0119438171386719 -0.0207653045654297 0.49267578125 0.317657470703125
-0.00838088989257813 -0.0152339935302734 0.528656005859375 -0.198944091796875
0.00115966796875 -0.0545120239257812 -0.504730224609375 0.140045166015625
0.0219688415527344 -0.0231971740722656 -0.4210205078125 -0.30548095703125
0.0922698974609375 -0.0313720703125 0.15277099609375 -0.72637939453125
0.0893630981445313 0.0152587890625 0.974609375 -0.56011962890625
-0.0177898406982422 0.0290813446044922 1.1650390625 0.6414794921875
-0.0438385009765625 -0.0629920959472656 0.2601318359375 1.4998779296875
0.0297012329101563 -0.0271663665771484 -0.59228515625 1.01275634765625
0.102386474609375 -0.0172958374023438 0.022796630859375 0.071441650390625
0.0575370788574219 -0.0246772766113281 0.56427001953125 -1.0660400390625
0.0442962646484375 -0.0268783569335938 -0.4329833984375 -1.527587890625
0.034149169921875 0.00184249877929688 -1.3038330078125 -0.2947998046875
0.0435028076171875 -0.00738143920898438 -0.7244873046875 0.78179931640625
0.0649375915527344 -0.0275344848632812 0.0589599609375 0.80474853515625
0.008331298828125 -0.0287761688232422 0.48095703125 0.3192138671875
-0.0193576812744141 -0.0261917114257813 0.523193359375 -0.20025634765625
-0.00469207763671875 -0.0640983581542969 -0.515899658203125 0.137786865234375
0.0161590576171875 -0.0301761627197266 -0.44097900390625 -0.311370849609375
0.100227355957031 -0.04022216796875 0.12005615234375 -0.73529052734375
0.107093811035156 0.009765625 0.94158935546875 -0.59130859375
-0.00160789489746094 0.0337905883789063 1.1771240234375 0.5980224609375
-0.0418548583984375 -0.0615806579589844 0.3074951171875 1.4815673828125
0.0262413024902344 -0.0363540649414063 -0.56610107421875 1.02862548828125
0.101844787597656 -0.029296875 0.024139404296875 0.0863418579101563
0.0558738708496094 -0.0341072082519531 0.60150146484375 -1.050537109375
0.0479812622070313 -0.0256538391113281 -0.3765869140625 -1.548095703125
0.05084228515625 0.00585174560546875 -1.301513671875 -0.34765625
0.0615310668945313 -0.0123443603515625 -0.7628173828125 0.75732421875
0.0759963989257813 -0.0340118408203125 0.0230712890624999 0.79962158203125
0.00581741333007812 -0.0368003845214844 0.46051025390625 0.320556640625
-0.0266799926757813 -0.037261962890625 0.51531982421875 -0.198486328125
-0.00655364990234376 -0.0708389282226563 -0.5233154296875 0.13970947265625
0.0112152099609375 -0.0341968536376953 -0.46307373046875 -0.315216064453125
0.100410461425781 -0.0454025268554688 0.0750122070312499 -0.7471923828125
0.11370849609375 0.005615234375 0.898681640625 -0.63079833984375
0.00688552856445313 0.0367507934570313 1.1871337890625 0.540771484375
-0.040771484375 -0.0600128173828125 0.36669921875 1.455322265625
0.0240097045898438 -0.0423469543457031 -0.526611328125 1.04986572265625
0.101699829101562 -0.0361785888671875 0.025482177734375 0.103134155273438
0.0553817749023438 -0.0370101928710938 0.63824462890625 -1.030517578125
0.0513916015625 -0.0248298645019531 -0.3131103515625 -1.572998046875
0.0583152770996094 0.00972747802734375 -1.2967529296875 -0.4075927734375
0.071441650390625 -0.013519287109375 -0.80792236328125 0.72113037109375
0.0824966430664063 -0.0349197387695313 -0.0184326171875 0.7890625
0.00690460205078125 -0.0399513244628906 0.44207763671875 0.320098876953125
-0.0292129516601562 -0.0444297790527344 0.506011962890625 -0.20001220703125
-0.00319671630859376 -0.073455810546875 -0.53167724609375 0.14117431640625
0.00754547119140625 -0.0356369018554687 -0.486358642578125 -0.318878173828125
0.093841552734375 -0.0469131469726562 0.0307006835937501 -0.75592041015625
0.106468200683594 0.0032196044921875 0.85504150390625 -0.6693115234375
0.00568008422851562 0.0376625061035156 1.197998046875 0.4837646484375
-0.0418205261230469 -0.058258056640625 0.431640625 1.4271240234375
0.0234375 -0.0425949096679687 -0.4842529296875 1.0675048828125
0.100044250488281 -0.0345840454101563 0.0291900634765625 0.122138977050781
0.0556907653808594 -0.0371017456054688 0.679443359375 -1.00799560546875
0.0520591735839844 -0.0246047973632813 -0.244873046875 -1.5966796875
0.0558662414550781 0.0132827758789063 -1.2900390625 -0.466796875
0.0681266784667969 -0.00774765014648438 -0.8525390625 0.6888427734375
0.0811843872070313 -0.0323104858398438 -0.06121826171875 0.7816162109375
0.00781631469726562 -0.0411834716796875 0.4229736328125 0.320098876953125
-0.0263404846191406 -0.0501823425292969 0.500244140625 -0.197967529296875
0.00371551513671874 -0.0716705322265625 -0.542694091796875 0.14727783203125
0.00726127624511719 -0.0332107543945313 -0.502899169921875 -0.32098388671875
0.0816574096679688 -0.0420150756835938 -0.00708007812499993 -0.7642822265625
0.08978271484375 0.00688934326171875 0.81719970703125 -0.69525146484375
-0.004058837890625 0.0361824035644531 1.2044677734375 0.436767578125
-0.04534912109375 -0.058746337890625 0.4813232421875 1.405029296875
0.024078369140625 -0.0382804870605469 -0.45098876953125 1.07769775390625
0.0993728637695313 -0.0268325805664062 0.0319900512695313 0.137283325195313
0.057220458984375 -0.0306396484375 0.72113037109375 -0.98297119140625
0.0502815246582031 -0.0248908996582031 -0.1790771484375 -1.6124267578125
0.0438690185546875 0.0121879577636719 -1.2833251953125 -0.518798828125
0.05413818359375 -0.000457763671875 -0.8865966796875 0.657470703125
0.071563720703125 -0.0277023315429688 -0.0941772460937499 0.76861572265625
0.00904083251953125 -0.0382919311523438 0.409576416015625 0.318115234375
-0.0201759338378906 -0.0490989685058594 0.493194580078125 -0.199737548828125
0.0359649658203125 -0.0236434936523438 -0.49957275390625 0.148468017578125
0.0338916778564453 0.00109291076660156 -0.40203857421875 -0.298431396484375
0.03594970703125 7.62939453125E-06 0.1771240234375 -0.72418212890625
-0.00593948364257812 0.0274486541748047 0.98211669921875 -0.53802490234375
-0.0844345092773438 0.00778961181640625 1.1568603515625 0.657958984375
-0.0529632568359375 -0.0711135864257813 0.2392578125 1.4952392578125
0.0419349670410156 0.00922012329101563 -0.59979248046875 0.9990234375
0.0981674194335938 0.0352935791015625 0.0293693542480469 0.0621833801269531
0.0666427612304688 0.00974273681640625 0.54559326171875 -1.0660400390625
0.0261020660400391 -0.0341949462890625 -0.4593505859375 -1.496337890625
-0.0376319885253906 -0.00564193725585938 -1.2960205078125 -0.2584228515625
-0.0337085723876953 0.0280857086181641 -0.69036865234375 0.7921142578125
0.0139045715332031 -0.000455856323242187 0.0870361328125001 0.8013916015625
0.0201091766357422 -0.00317192077636719 0.4969482421875 0.314849853515625
0.0181083679199219 0.00147438049316406 0.5281982421875 -0.195098876953125
0.0224838256835938 -0.0314922332763672 -0.49566650390625 0.147125244140625
0.0315628051757812 -0.00622367858886719 -0.3995361328125 -0.2945556640625
0.0554885864257813 -0.010528564453125 0.1864013671875 -0.7154541015625
0.0254135131835938 0.0228767395019531 0.99041748046875 -0.5264892578125
-0.0626754760742187 0.0133590698242188 1.14794921875 0.6695556640625
-0.049407958984375 -0.0671806335449219 0.21875 1.502685546875
0.0382347106933594 -0.00183486938476563 -0.61004638671875 0.99505615234375
0.0997848510742188 0.0174179077148438 0.0267486572265625 0.0575942993164062
0.0639991760253906 -0.00133514404296875 0.53192138671875 -1.07196044921875
0.0321311950683594 -0.0313625335693359 -0.4708251953125 -1.4920654296875
-0.0135164260864258 -0.003204345703125 -1.2926025390625 -0.2452392578125
-0.00787734985351562 0.015716552734375 -0.68084716796875 0.79852294921875
0.0290660858154297 -0.0101490020751953 0.0982666015625 0.79901123046875
0.0147342681884766 -0.0118951797485352 0.497467041015625 0.309295654296875
0.00390195846557617 -0.00533199310302734 0.52459716796875 -0.202178955078125
0.0112838745117187 -0.0429840087890625 -0.496673583984375 0.14605712890625
0.0264034271240234 -0.014007568359375 -0.40582275390625 -0.295440673828125
0.0760955810546875 -0.0212936401367188 0.17364501953125 -0.713623046875
0.0602874755859375 0.0176467895507813 0.98321533203125 -0.54034423828125
-0.0400619506835938 0.0226669311523438 1.1533203125 0.6563720703125
-0.0467605590820313 -0.0647735595703125 0.236083984375 1.4954833984375
0.0330886840820313 -0.0148868560791016 -0.59857177734375 0.998291015625
0.100868225097656 -0.00115203857421875 0.0242805480957031 0.0606651306152344
0.0619087219238281 -0.0141143798828125 0.533447265625 -1.07025146484375
0.0375595092773438 -0.0296096801757813 -0.4710693359375 -1.4896240234375
0.0110263824462891 -0.00104713439941406 -1.2919921875 -0.24755859375
0.0188655853271484 0.002410888671875 -0.68426513671875 0.79791259765625
0.0464973449707031 -0.0214157104492187 0.0920410156250001 0.800048828125
0.0112667083740234 -0.0209274291992188 0.491851806640625 0.309844970703125
-0.00808143615722656 -0.0141754150390625 0.521331787109375 -0.205718994140625
0.000907897949218747 -0.054107666015625 -0.4998779296875 0.144775390625
0.0220775604248047 -0.0233097076416016 -0.42041015625 -0.296173095703125
0.0904388427734375 -0.0324020385742188 0.145263671875 -0.7203369140625
0.0872955322265625 0.0123977661132813 0.9586181640625 -0.56451416015625
-0.0183582305908203 0.0291957855224609 1.1593017578125 0.622802734375
-0.0437850952148438 -0.0605430603027344 0.2711181640625 1.48388671875
0.0294589996337891 -0.0265731811523438 -0.579345703125 1.01068115234375
0.100761413574219 -0.01812744140625 0.0227737426757813 0.0714340209960938
0.0575981140136719 -0.0255851745605469 0.5496826171875 -1.0592041015625
0.0437431335449219 -0.0264434814453125 -0.440673828125 -1.5064697265625
0.0331096649169922 0.00198936462402344 -1.290283203125 -0.2791748046875
0.0441093444824219 -0.007720947265625 -0.70947265625 0.78240966796875
0.063018798828125 -0.0288581848144531 0.06573486328125 0.79840087890625
0.00719451904296875 -0.0288352966308594 0.479095458984375 0.311676025390625
-0.0191593170166016 -0.0249252319335938 0.515380859375 -0.205078125
-0.00629806518554688 -0.0630607604980469 -0.507293701171875 0.14141845703125
0.0154247283935547 -0.0298557281494141 -0.4381103515625 -0.300506591796875
0.098541259765625 -0.0415725708007813 0.11053466796875 -0.7291259765625
0.105888366699219 0.007171630859375 0.92767333984375 -0.59637451171875
-0.00214004516601562 0.0342864990234375 1.173095703125 0.5792236328125
-0.0414695739746094 -0.05938720703125 0.316162109375 1.46142578125
0.0252761840820312 -0.0355644226074219 -0.55328369140625 1.02667236328125
0.101455688476563 -0.0308074951171875 0.023834228515625 0.0862197875976563
0.0559959411621094 -0.0345687866210938 0.58331298828125 -1.04443359375
0.0484390258789063 -0.0259017944335938 -0.388671875 -1.5316162109375
0.0498847961425781 0.0050811767578125 -1.29150390625 -0.3304443359375
0.0615043640136719 -0.0130195617675781 -0.74871826171875 0.75457763671875
0.0760955810546875 -0.0345382690429688 0.03033447265625 0.7904052734375
0.0052947998046875 -0.0356178283691406 0.46063232421875 0.312286376953125
-0.0258293151855469 -0.0360221862792969 0.509002685546875 -0.2030029296875
-0.00809860229492187 -0.0691986083984375 -0.51702880859375 0.1436767578125
0.0101184844970703 -0.0342330932617188 -0.46282958984375 -0.3065185546875
0.0986709594726563 -0.0475311279296875 0.06561279296875 -0.7403564453125
0.112022399902344 0.00376129150390625 0.8857421875 -0.6307373046875
0.00571060180664063 0.0373497009277344 1.18212890625 0.5235595703125
-0.0418968200683594 -0.0581703186035156 0.376220703125 1.4393310546875
0.0240631103515625 -0.0417823791503906 -0.5137939453125 1.043212890625
0.100425720214844 -0.0371932983398438 0.0261459350585938 0.102401733398437
0.0550270080566406 -0.0391654968261719 0.62359619140625 -1.025390625
0.0506095886230469 -0.0248146057128906 -0.322509765625 -1.55859375
0.0584793090820313 0.00922775268554688 -1.2886962890625 -0.3892822265625
0.070831298828125 -0.0134735107421875 -0.79376220703125 0.7235107421875
0.0802993774414063 -0.0355072021484375 -0.01116943359375 0.7821044921875
0.00553131103515625 -0.0401573181152344 0.440521240234375 0.31329345703125
-0.0292396545410156 -0.0429496765136719 0.499481201171875 -0.2049560546875
-0.00543212890625001 -0.0720901489257813 -0.525360107421875 0.14581298828125
0.00696563720703125 -0.0358810424804688 -0.48321533203125 -0.309967041015625
0.0912857055664063 -0.0487899780273438 0.0218505859375 -0.7518310546875
0.105308532714844 0.00244140625 0.83831787109375 -0.67156982421875
0.00513839721679688 0.037689208984375 1.1932373046875 0.4678955078125
-0.0428009033203125 -0.0558662414550781 0.439208984375 1.41162109375
0.0228309631347656 -0.0423545837402344 -0.47296142578125 1.06146240234375
0.0989990234375 -0.0368881225585938 0.0299530029296875 0.120773315429687
0.0560150146484375 -0.03826904296875 0.6640625 -1.003173828125
0.0510940551757813 -0.0250396728515625 -0.25830078125 -1.5802001953125
0.0562667846679688 0.0121040344238281 -1.282470703125 -0.44970703125
0.0673751831054688 -0.00917434692382813 -0.8358154296875 0.69140625
0.0807113647460938 -0.033905029296875 -0.0535278320312499 0.77117919921875
0.0066070556640625 -0.0409965515136719 0.422576904296875 0.311920166015625
-0.0267486572265625 -0.0480117797851562 0.492584228515625 -0.20318603515625
0.00200653076171875 -0.0725021362304688 -0.534332275390625 0.153045654296875
0.00726890563964843 -0.0335693359375 -0.50146484375 -0.312042236328125
0.0797119140625 -0.0426025390625 -0.01446533203125 -0.7568359375
0.0883712768554688 0.0042877197265625 0.79876708984375 -0.69976806640625
-0.00413131713867188 0.0367927551269531 1.1973876953125 0.418701171875
-0.0449447631835937 -0.0571022033691406 0.4853515625 1.3870849609375
0.022918701171875 -0.0395240783691406 -0.4359130859375 1.07354736328125
0.0967788696289063 -0.0267791748046875 0.0333023071289063 0.136505126953125
0.0563316345214844 -0.0306282043457031 0.70489501953125 -0.97918701171875
0.0506744384765625 -0.0271759033203125 -0.1939697265625 -1.5963134765625
0.04443359375 0.0110588073730469 -1.27294921875 -0.5009765625
0.0543937683105469 -0.00127410888671875 -0.87115478515625 0.6593017578125
0.0707015991210938 -0.0282363891601563 -0.0885009765624999 0.76055908203125
0.00812911987304688 -0.0381851196289063 0.410125732421875 0.310943603515625
-0.0188446044921875 -0.0480003356933594 0.487457275390625 -0.2027587890625
0.0343341827392578 -0.0231094360351563 -0.492218017578125 0.1522216796875
0.0336418151855469 0.00259590148925781 -0.399261474609375 -0.290557861328125
0.0354766845703125 -0.0016937255859375 0.1697998046875 -0.71942138671875
-0.006103515625 0.0263500213623047 0.97064208984375 -0.54193115234375
-0.08465576171875 0.00882720947265623 1.150390625 0.6424560546875
-0.0532913208007813 -0.0683059692382813 0.2464599609375 1.4818115234375
0.0416412353515625 0.0091705322265625 -0.58941650390625 0.99310302734375
0.0961837768554687 0.0331192016601563 0.0290794372558594 0.0611114501953125
0.0669517517089844 0.00909423828125 0.53289794921875 -1.0565185546875
0.0272407531738281 -0.03350830078125 -0.465087890625 -1.4779052734375
-0.0385360717773438 -0.00597000122070312 -1.283447265625 -0.2459716796875
-0.0339202880859375 0.0285568237304688 -0.67706298828125 0.7901611328125
0.0141849517822266 -0.00122356414794922 0.09344482421875 0.79217529296875
0.0201244354248047 -0.00419044494628906 0.49383544921875 0.305816650390625
0.017669677734375 0.0022430419921875 0.521392822265625 -0.197784423828125
0.0225925445556641 -0.0316390991210938 -0.489715576171875 0.151123046875
0.0312786102294922 -0.00441741943359375 -0.39764404296875 -0.286651611328125
0.0554885864257813 -0.0111122131347656 0.17498779296875 -0.70947265625
0.0258865356445312 0.0211620330810547 0.97576904296875 -0.5296630859375
-0.0620536804199219 0.0151748657226562 1.139892578125 0.6534423828125
-0.0491905212402344 -0.0656700134277344 0.2247314453125 1.4837646484375
0.0368270874023438 -0.000873565673828125 -0.59906005859375 0.98822021484375
0.0991134643554687 0.0162582397460938 0.025482177734375 0.0574531555175781
0.0633964538574219 -0.00322341918945313 0.5216064453125 -1.06439208984375
0.0320949554443359 -0.0320930480957031 -0.4803466796875 -1.4747314453125
-0.0147237777709961 -0.0036611557006836 -1.281982421875 -0.2335205078125
-0.00669097900390625 0.0157995223999023 -0.666259765625 0.79541015625
0.0286502838134766 -0.0101947784423828 0.101806640625 0.79022216796875
0.0149927139282227 -0.0111579895019531 0.496826171875 0.3021240234375
0.00481986999511719 -0.00469446182250977 0.517730712890625 -0.205963134765625
0.009765625 -0.0419425964355469 -0.489288330078125 0.15087890625
0.0251731872558594 -0.0139484405517578 -0.404022216796875 -0.287078857421875
0.0738372802734375 -0.0229415893554688 0.16748046875 -0.709716796875
0.0586204528808594 0.0162086486816406 0.9697265625 -0.54229736328125
-0.0399856567382813 0.0230865478515625 1.14892578125 0.640625
-0.0468635559082031 -0.0629310607910156 0.2421875 1.4775390625
0.0329780578613281 -0.0139484405517578 -0.58819580078125 0.994873046875
0.0994110107421875 -0.00412750244140625 0.0245361328125 0.0607528686523437
0.0608940124511719 -0.0157928466796875 0.51922607421875 -1.06414794921875
0.0381813049316406 -0.0307693481445313 -0.477783203125 -1.47314453125
0.0103721618652344 -0.00230121612548828 -1.281494140625 -0.2353515625
0.0191650390625 0.00159454345703125 -0.66998291015625 0.79425048828125
0.0467376708984375 -0.0200843811035156 0.0963134765625 0.79010009765625
0.0104846954345703 -0.0208568572998047 0.490814208984375 0.301025390625
-0.00765037536621093 -0.0125188827514648 0.515045166015625 -0.2083740234375
0.000251770019531245 -0.0533790588378906 -0.49365234375 0.149139404296875
0.0213546752929688 -0.0222225189208984 -0.417266845703125 -0.2890625
0.089263916015625 -0.0346832275390625 0.13946533203125 -0.71453857421875
0.0858078002929687 0.010009765625 0.9437255859375 -0.56634521484375
-0.0175609588623047 0.0299320220947266 1.1551513671875 0.6070556640625
-0.0436744689941406 -0.0583419799804687 0.27490234375 1.46533203125
0.0281867980957031 -0.0266685485839844 -0.56866455078125 1.00408935546875
0.0995712280273437 -0.019989013671875 0.0230026245117188 0.0708541870117188
0.05828857421875 -0.0272178649902344 0.53814697265625 -1.05426025390625
0.0434799194335938 -0.0276641845703125 -0.44775390625 -1.49267578125
0.0333633422851563 8.58306884765625E-05 -1.2830810546875 -0.2657470703125
0.0432815551757813 -0.00911712646484375 -0.69439697265625 0.7777099609375
0.0617446899414063 -0.0303230285644531 0.0695800781250001 0.7869873046875
0.0065765380859375 -0.0286960601806641 0.478118896484375 0.305023193359375
-0.0185127258300781 -0.0239086151123047 0.509063720703125 -0.208099365234375
-0.00749206542968749 -0.0622978210449219 -0.5020751953125 0.147796630859375
0.0151405334472656 -0.0298423767089844 -0.43731689453125 -0.29443359375
0.0973663330078125 -0.043731689453125 0.10284423828125 -0.72418212890625
0.104743957519531 0.00597381591796875 0.912353515625 -0.5982666015625
-0.00187110900878906 0.0349655151367187 1.166015625 0.5638427734375
-0.0422286987304688 -0.0571479797363281 0.32177734375 1.445556640625
0.0243988037109375 -0.0357437133789063 -0.54119873046875 1.0189208984375
0.0994720458984375 -0.0329055786132813 0.0245513916015625 0.0847702026367188
0.055938720703125 -0.035125732421875 0.5711669921875 -1.03826904296875
0.0485267639160156 -0.0276908874511719 -0.3948974609375 -1.513916015625
0.0501213073730469 0.00377655029296875 -1.283203125 -0.3193359375
0.0626411437988281 -0.01446533203125 -0.7340087890625 0.75347900390625
0.0748748779296875 -0.0346832275390625 0.0360107421875 0.7813720703125
0.00477218627929687 -0.0353927612304688 0.460693359375 0.306304931640625
-0.0255928039550781 -0.0342636108398438 0.50079345703125 -0.2081298828125
-0.00879287719726563 -0.0680389404296875 -0.509674072265625 0.1495361328125
0.00992202758789063 -0.0337123870849609 -0.459228515625 -0.299041748046875
0.0967254638671875 -0.0488662719726562 0.06103515625 -0.7327880859375
0.111412048339844 0.00128936767578125 0.86981201171875 -0.63592529296875
0.0073394775390625 0.035858154296875 1.1749267578125 0.5093994140625
-0.0413932800292969 -0.0557098388671875 0.3822021484375 1.4215087890625
0.0214767456054687 -0.0421257019042969 -0.5008544921875 1.03778076171875
0.0997238159179688 -0.0392303466796875 0.0272140502929688 0.101837158203125
0.0540885925292969 -0.0395050048828125 0.6107177734375 -1.016845703125
0.05059814453125 -0.0261039733886719 -0.3319091796875 -1.53955078125
0.0578689575195313 0.00780868530273438 -1.275146484375 -0.3741455078125
0.0698127746582031 -0.0146636962890625 -0.7803955078125 0.722900390625
0.0807266235351563 -0.0361251831054688 -0.00805664062500007 0.77276611328125
0.00477218627929688 -0.0399551391601563 0.4393310546875 0.30560302734375
-0.029296875 -0.0421562194824219 0.492340087890625 -0.2095947265625
-0.0064544677734375 -0.07135009765625 -0.5196533203125 0.151824951171875
0.00606727600097656 -0.0345649719238281 -0.4818115234375 -0.301910400390625
0.0899810791015625 -0.04803466796875 0.015625 -0.74151611328125
0.103866577148438 0.00110626220703125 0.82440185546875 -0.67315673828125
0.00606918334960938 0.0375633239746094 1.183349609375 0.4515380859375
-0.0425224304199219 -0.0551338195800781 0.442626953125 1.3935546875
0.0205459594726563 -0.0417976379394531 -0.46026611328125 1.05352783203125
0.0972061157226563 -0.0370941162109375 0.0301589965820313 0.119773864746094
0.0548286437988281 -0.03887939453125 0.6529541015625 -0.996826171875
0.0502510070800781 -0.0264472961425781 -0.2657470703125 -1.5606689453125
0.0553665161132813 0.01116943359375 -1.2723388671875 -0.43701171875
0.0671577453613281 -0.0097808837890625 -0.82373046875 0.691162109375
0.0797042846679688 -0.0338897705078125 -0.04730224609375 0.76385498046875
0.00600814819335937 -0.0402984619140625 0.422271728515625 0.305999755859375
-0.026336669921875 -0.0474090576171875 0.4869384765625 -0.2060546875
0.000526428222656248 -0.070587158203125 -0.529815673828125 0.157379150390625
0.00631904602050782 -0.0342121124267578 -0.49993896484375 -0.302398681640625
0.0776519775390625 -0.0446319580078125 -0.02239990234375 -0.74993896484375
0.0867156982421875 0.00286865234375 0.78692626953125 -0.69757080078125
-0.0043487548828125 0.0366973876953125 1.189697265625 0.4068603515625
-0.0458488464355469 -0.0547714233398438 0.4879150390625 1.37158203125
0.0230293273925781 -0.0385780334472656 -0.42864990234375 1.0660400390625
0.0961761474609375 -0.0299072265625 0.03302001953125 0.135665893554688
0.0561637878417969 -0.0330162048339844 0.6904296875 -0.97479248046875
0.0495834350585938 -0.0269432067871094 -0.205810546875 -1.5772705078125
0.0429420471191406 0.0105361938476563 -1.2628173828125 -0.488037109375
0.0527687072753906 -0.00154876708984375 -0.8585205078125 0.65911865234375
0.0700187683105469 -0.0289764404296875 -0.07952880859375 0.75323486328125
0.0070037841796875 -0.0374679565429687 0.408050537109375 0.304779052734375
-0.0198860168457031 -0.0478057861328125 0.48089599609375 -0.207122802734375
0.0344924926757813 -0.0226516723632813 -0.487091064453125 0.15570068359375
0.0324916839599609 0.00216484069824219 -0.3974609375 -0.2835693359375
0.0344924926757813 -0.00211334228515625 0.1639404296875 -0.7139892578125
-0.00674247741699218 0.0264968872070313 0.95672607421875 -0.5450439453125
-0.0836029052734375 0.0100479125976562 1.14501953125 0.6287841796875
-0.052947998046875 -0.0657081604003906 0.250732421875 1.465576171875
0.0402641296386719 0.0100173950195313 -0.5804443359375 0.98626708984375
0.0956268310546875 0.0321273803710938 0.0294532775878906 0.0611190795898437
0.0675086975097656 0.00806427001953125 0.525146484375 -1.05157470703125
0.0269374847412109 -0.034881591796875 -0.4686279296875 -1.4619140625
-0.0387344360351563 -0.00558090209960937 -1.2724609375 -0.23681640625
-0.0336856842041016 0.0283908843994141 -0.66790771484375 0.7862548828125
0.0131807327270508 -0.00175571441650391 0.0980834960937499 0.78173828125
0.0185909271240234 -0.00408172607421875 0.4935302734375 0.30120849609375
0.0179309844970703 0.00209236145019531 0.514739990234375 -0.201141357421875
0.0207996368408203 -0.0312004089355469 -0.48419189453125 0.154632568359375
0.0302085876464844 -0.00538444519042969 -0.39398193359375 -0.281646728515625
0.0537452697753906 -0.0119972229003906 0.1710205078125 -0.7042236328125
0.025054931640625 0.0207786560058594 0.96453857421875 -0.5321044921875
-0.0626335144042969 0.0161628723144531 1.1343994140625 0.642822265625
-0.0495796203613281 -0.0636367797851563 0.2274169921875 1.469482421875
0.0367507934570313 -0.0008392333984375 -0.58966064453125 0.98486328125
0.0979537963867188 0.0145492553710938 0.02545166015625 0.0574226379394531
0.0650177001953125 -0.00433349609375 0.510498046875 -1.0582275390625
0.0328426361083984 -0.0320186614990234 -0.4808349609375 -1.45947265625
-0.0145015716552734 -0.00496101379394532 -1.2691650390625 -0.22265625
-0.00715351104736328 0.0144815444946289 -0.65594482421875 0.78985595703125
0.0286540985107422 -0.0106086730957031 0.106201171875 0.78179931640625
0.0144739151000977 -0.0115680694580078 0.49542236328125 0.294952392578125
0.00477695465087891 -0.00414323806762695 0.5128173828125 -0.207672119140625
0.00966262817382812 -0.0413589477539063 -0.485198974609375 0.1536865234375
0.0250644683837891 -0.0139827728271484 -0.40191650390625 -0.279876708984375
0.071990966796875 -0.02301025390625 0.15887451171875 -0.70489501953125
0.0573768615722656 0.0150146484375 0.95654296875 -0.54248046875
-0.0394096374511719 0.0238723754882812 1.140380859375 0.62841796875
-0.047088623046875 -0.0603599548339844 0.2454833984375 1.4625244140625
0.0313663482666016 -0.0131778717041016 -0.57891845703125 0.9874267578125
0.097625732421875 -0.004852294921875 0.0237884521484375 0.0609703063964844
0.0606956481933594 -0.016998291015625 0.50933837890625 -1.0567626953125
0.0377960205078125 -0.0314826965332031 -0.48095703125 -1.4588623046875
0.0101737976074219 -0.00238609313964844 -1.2703857421875 -0.2252197265625
0.0192222595214844 0.00220870971679688 -0.65740966796875 0.789306640625
0.0458564758300781 -0.0214309692382812 0.0989990234374999 0.781494140625
0.00939178466796875 -0.0201644897460938 0.48858642578125 0.297607421875
-0.00798892974853516 -0.0131330490112305 0.50762939453125 -0.209686279296875
-0.00112152099609375 -0.051513671875 -0.48895263671875 0.152099609375
0.0204334259033203 -0.0224170684814453 -0.414703369140625 -0.281402587890625
0.087310791015625 -0.0352783203125 0.13330078125 -0.70904541015625
0.0842819213867188 0.00933074951171875 0.9317626953125 -0.568603515625
-0.0184059143066406 0.0297183990478516 1.146240234375 0.5948486328125
-0.0444221496582031 -0.0570526123046875 0.2791748046875 1.4495849609375
0.0275135040283203 -0.0255088806152344 -0.55908203125 0.999755859375
0.0980224609375 -0.0212249755859375 0.0222549438476563 0.0708770751953125
0.0573310852050781 -0.0282135009765625 0.5279541015625 -1.04608154296875
0.0435905456542969 -0.0303726196289062 -0.45361328125 -1.47509765625
0.0333042144775391 0.000272750854492188 -1.2677001953125 -0.2574462890625
0.04254150390625 -0.00902938842773438 -0.68310546875 0.7735595703125
0.0614128112792969 -0.029815673828125 0.07330322265625 0.77911376953125
0.00649452209472656 -0.0281524658203125 0.47796630859375 0.297088623046875
-0.0182380676269531 -0.0237102508544922 0.502349853515625 -0.20953369140625
-0.0075836181640625 -0.060821533203125 -0.49822998046875 0.148834228515625
0.0145511627197266 -0.0291709899902344 -0.43463134765625 -0.28594970703125
0.0938644409179688 -0.0442428588867188 0.0977783203125 -0.71722412109375
0.102706909179688 0.00498199462890625 0.89892578125 -0.5980224609375
-0.00290870666503907 0.0342254638671875 1.1583251953125 0.551513671875
-0.0415000915527344 -0.0549087524414063 0.3253173828125 1.43017578125
0.0244235992431641 -0.0344982147216797 -0.532958984375 1.0111083984375
0.0984573364257813 -0.0330123901367188 0.0232086181640625 0.0852890014648438
0.0554656982421875 -0.0364913940429688 0.5623779296875 -1.03094482421875
0.0468673706054688 -0.0279808044433594 -0.4002685546875 -1.498291015625
0.0492019653320313 0.00378036499023438 -1.269287109375 -0.3070068359375
0.0606956481933594 -0.0149116516113281 -0.7232666015625 0.750732421875
0.0726547241210938 -0.0354690551757813 0.03936767578125 0.77398681640625
0.00415229797363281 -0.034942626953125 0.458038330078125 0.300750732421875
-0.0254077911376953 -0.0330982208251953 0.494659423828125 -0.20965576171875
-0.00988769531250001 -0.066070556640625 -0.50445556640625 0.152313232421875
0.00933456420898437 -0.0327663421630859 -0.45709228515625 -0.292266845703125
0.0958480834960938 -0.0495376586914063 0.0560302734375001 -0.7266845703125
0.108169555664063 0.00030517578125 0.857666015625 -0.6343994140625
0.00618743896484375 0.0366744995117187 1.1668701171875 0.4974365234375
-0.0422477722167969 -0.0546875 0.3812255859375 1.4058837890625
0.0211868286132813 -0.0405311584472656 -0.49237060546875 1.02899169921875
0.096832275390625 -0.04022216796875 0.0269622802734375 0.101654052734375
0.0543060302734375 -0.0409355163574219 0.60107421875 -1.01141357421875
0.0503349304199219 -0.0268173217773437 -0.3365478515625 -1.5234375
0.0580902099609375 0.00669097900390625 -1.2646484375 -0.3656005859375
0.0694389343261719 -0.0142898559570312 -0.76519775390625 0.72113037109375
0.0781631469726563 -0.0365142822265625 -0.00317382812500001 0.76397705078125
0.00465011596679688 -0.03985595703125 0.4388427734375 0.300811767578125
-0.029266357421875 -0.0413322448730469 0.485931396484375 -0.210418701171875
-0.00673675537109375 -0.0705642700195313 -0.514892578125 0.15380859375
0.00564765930175781 -0.0338134765625 -0.47857666015625 -0.293487548828125
0.0889358520507812 -0.050689697265625 0.01031494140625 -0.734130859375
0.102104187011719 -0.0008392333984375 0.8138427734375 -0.67279052734375
0.00578689575195312 0.0381240844726563 1.1771240234375 0.4420166015625
-0.0418472290039063 -0.0522003173828125 0.445068359375 1.3763427734375
0.0206375122070313 -0.0413742065429688 -0.452392578125 1.04705810546875
0.0952377319335938 -0.038360595703125 0.03021240234375 0.120346069335937
0.0542144775390625 -0.0403480529785156 0.63916015625 -0.98968505859375
0.0509033203125 -0.0271339416503906 -0.27197265625 -1.54638671875
0.0544052124023437 0.0101737976074219 -1.260986328125 -0.4237060546875
0.06683349609375 -0.0104179382324219 -0.81011962890625 0.68853759765625
0.0772476196289063 -0.0342941284179688 -0.0422973632812501 0.75469970703125
0.00445175170898438 -0.0398139953613281 0.418914794921875 0.30108642578125
-0.0255279541015625 -0.0457038879394531 0.479461669921875 -0.20745849609375
3.05175781250025E-05 -0.0682029724121094 -0.523162841796875 0.16143798828125
0.00638961791992188 -0.0324268341064453 -0.496307373046875 -0.295684814453125
0.07769775390625 -0.0458831787109375 -0.02459716796875 -0.7435302734375
0.085113525390625 0.00217437744140625 0.77520751953125 -0.69842529296875
-0.00458145141601562 0.0371322631835938 1.1822509765625 0.396728515625
-0.0441322326660156 -0.0525283813476562 0.491455078125 1.35498046875
0.0210037231445313 -0.0369491577148438 -0.4212646484375 1.05914306640625
0.0937728881835938 -0.031036376953125 0.0336151123046875 0.134536743164062
0.0555953979492187 -0.0335273742675781 0.67999267578125 -0.9681396484375
0.0491676330566406 -0.02752685546875 -0.208251953125 -1.562744140625
0.0432281494140625 0.009735107421875 -1.253662109375 -0.4752197265625
0.0521583557128906 -0.0016937255859375 -0.8465576171875 0.658935546875
0.0680084228515625 -0.0286216735839844 -0.07684326171875 0.7447509765625
0.0067596435546875 -0.0377883911132813 0.40692138671875 0.29791259765625
-0.019683837890625 -0.0460586547851563 0.473052978515625 -0.208984375
0.0332088470458984 -0.02313232421875 -0.483551025390625 0.15716552734375
0.0320758819580078 0.00134086608886719 -0.393585205078125 -0.279266357421875
0.0330390930175781 -0.0028076171875 0.158935546875 -0.70831298828125
-0.0070037841796875 0.0251750946044922 0.94769287109375 -0.54559326171875
-0.0845260620117188 0.0112075805664063 1.13623046875 0.621337890625
-0.0517959594726563 -0.0636253356933594 0.2523193359375 1.454345703125
0.0385475158691406 0.0100936889648438 -0.57391357421875 0.978271484375
0.0950469970703125 0.0304489135742188 0.0288429260253906 0.0608940124511719
0.0679244995117188 0.00673294067382813 0.51751708984375 -1.04241943359375
0.0273056030273438 -0.0353775024414063 -0.46923828125 -1.4481201171875
-0.0380821228027344 -0.00558090209960937 -1.260986328125 -0.2308349609375
-0.0336017608642578 0.0270557403564453 -0.65704345703125 0.7828369140625
0.0115184783935547 -0.00157642364501953 0.10015869140625 0.77301025390625
0.0181922912597656 -0.00413322448730469 0.490264892578125 0.295745849609375
0.0181064605712891 0.00259780883789063 0.510406494140625 -0.202911376953125
0.0204505920410156 -0.0302677154541016 -0.48016357421875 0.1549072265625
0.0295829772949219 -0.00573921203613281 -0.391845703125 -0.275909423828125
0.0521011352539063 -0.0137100219726563 0.16827392578125 -0.69873046875
0.0240478515625 0.020355224609375 0.95452880859375 -0.53216552734375
-0.0625076293945313 0.016021728515625 1.1251220703125 0.631591796875
-0.0496711730957031 -0.0609817504882812 0.2281494140625 1.45556640625
0.0371170043945312 -0.000774383544921875 -0.58349609375 0.97540283203125
0.0968399047851563 0.014617919921875 0.02587890625 0.0574874877929688
0.0653266906738281 -0.00457382202148437 0.50262451171875 -1.04901123046875
0.0317420959472656 -0.0338592529296875 -0.482421875 -1.44287109375
-0.0141239166259766 -0.00482654571533203 -1.2578125 -0.2174072265625
-0.00690460205078125 0.0144376754760742 -0.6444091796875 0.78692626953125
0.0276508331298828 -0.0111446380615234 0.10614013671875 0.77392578125
0.0127944946289063 -0.011631965637207 0.4918212890625 0.29150390625
0.0056767463684082 -0.00335884094238281 0.507049560546875 -0.20770263671875
0.0085296630859375 -0.0405426025390625 -0.47882080078125 0.154815673828125
0.0241584777832031 -0.0135326385498047 -0.399078369140625 -0.27545166015625
0.0711288452148438 -0.0244979858398437 0.15576171875 -0.69879150390625
0.0570068359375 0.0145797729492188 0.94500732421875 -0.54290771484375
-0.0394973754882813 0.0244522094726563 1.13232421875 0.6192626953125
-0.0462799072265625 -0.0582504272460938 0.2476806640625 1.452392578125
0.0307025909423828 -0.0124378204345703 -0.5738525390625 0.979736328125
0.0972137451171875 -0.0055389404296875 0.0232734680175781 0.0611572265625
0.0604476928710937 -0.017791748046875 0.5023193359375 -1.0460205078125
0.0374336242675781 -0.0319023132324219 -0.482177734375 -1.4453125
0.010584831237793 -0.00392436981201172 -1.2611083984375 -0.2210693359375
0.0191421508789063 0.000844955444335938 -0.64923095703125 0.78521728515625
0.0444679260253906 -0.0213508605957031 0.1009521484375 0.7738037109375
0.00842094421386719 -0.0201568603515625 0.4853515625 0.2913818359375
-0.00635337829589843 -0.0121784210205078 0.503143310546875 -0.21075439453125
-0.00102615356445312 -0.0507392883300781 -0.483673095703125 0.152496337890625
0.0191020965576172 -0.0223407745361328 -0.41241455078125 -0.275146484375
0.0861740112304688 -0.0363082885742188 0.13031005859375 -0.70458984375
0.085052490234375 0.00894927978515625 0.922119140625 -0.5655517578125
-0.0179824829101563 0.0305538177490234 1.1390380859375 0.587890625
-0.0449256896972656 -0.0557098388671875 0.2801513671875 1.4378662109375
0.0271263122558594 -0.0247993469238281 -0.55487060546875 0.991943359375
0.0958404541015625 -0.022918701171875 0.0231552124023438 0.0706710815429688
0.0572738647460937 -0.0293350219726562 0.51995849609375 -1.0369873046875
0.04296875 -0.0306129455566406 -0.4530029296875 -1.46044921875
0.03326416015625 0.000392913818359375 -1.2581787109375 -0.25146484375
0.0423507690429688 -0.0102424621582031 -0.67535400390625 0.77130126953125
0.0601959228515625 -0.0307350158691406 0.07659912109375 0.7703857421875
0.00523948669433593 -0.0281715393066406 0.474212646484375 0.2935791015625
-0.0173110961914063 -0.0227985382080078 0.49737548828125 -0.211273193359375
-0.00724792480468749 -0.05975341796875 -0.491851806640625 0.1513671875
0.0131893157958984 -0.0280189514160156 -0.43115234375 -0.28070068359375
0.0939102172851563 -0.0452041625976563 0.0950317382812499 -0.71197509765625
0.101417541503906 0.00386810302734375 0.891845703125 -0.59820556640625
-0.00215911865234375 0.0359573364257813 1.14990234375 0.5435791015625
-0.0419769287109375 -0.0535545349121094 0.3253173828125 1.4178466796875
0.0225639343261719 -0.0343818664550781 -0.5279541015625 1.0045166015625
0.0967636108398438 -0.0346145629882813 0.0237655639648438 0.0841751098632813
0.0553779602050781 -0.0383224487304688 0.5546875 -1.02142333984375
0.0477981567382812 -0.0295906066894531 -0.4013671875 -1.4830322265625
0.0487060546875 0.00266265869140625 -1.259521484375 -0.300537109375
0.0601615905761719 -0.0155563354492188 -0.71466064453125 0.745849609375
0.0711746215820313 -0.0350265502929688 0.04193115234375 0.76519775390625
0.00354576110839844 -0.03485107421875 0.45556640625 0.29522705078125
-0.0248165130615234 -0.0329113006591797 0.4912109375 -0.210205078125
-0.0103607177734375 -0.0662002563476563 -0.500335693359375 0.155517578125
0.00893592834472657 -0.0327415466308594 -0.453582763671875 -0.286407470703125
0.0932388305664063 -0.0496139526367188 0.05267333984375 -0.72088623046875
0.10723876953125 -0.000335693359375 0.84796142578125 -0.6322021484375
0.006072998046875 0.0377540588378906 1.1588134765625 0.4896240234375
-0.0420188903808594 -0.0525932312011719 0.3829345703125 1.39404296875
0.0206489562988281 -0.0399589538574219 -0.48883056640625 1.02392578125
0.0949325561523438 -0.0405349731445313 0.0268173217773438 0.102149963378906
0.0536994934082031 -0.0428848266601563 0.588623046875 -1.001953125
0.0497589111328125 -0.0282859802246094 -0.338623046875 -1.5086669921875
0.0568695068359375 0.00620269775390625 -1.25537109375 -0.3594970703125
0.0690650939941406 -0.01629638671875 -0.75653076171875 0.71630859375
0.0789642333984375 -0.0369415283203125 0.000854492187500045 0.75604248046875
0.00432205200195313 -0.0382423400878906 0.435699462890625 0.295501708984375
-0.0276679992675781 -0.0398750305175781 0.481689453125 -0.21209716796875
-0.00701141357421874 -0.0687637329101563 -0.50921630859375 0.15533447265625
0.00500297546386719 -0.0336647033691406 -0.47509765625 -0.28765869140625
0.0876846313476563 -0.0517349243164062 0.00781250000000001 -0.728759765625
0.100791931152344 -0.00196075439453125 0.804931640625 -0.67022705078125
0.00545501708984375 0.0385398864746094 1.1678466796875 0.4345703125
-0.0417938232421875 -0.0513534545898438 0.4429931640625 1.3665771484375
0.0192184448242188 -0.0412940979003906 -0.44708251953125 1.0384521484375
0.0949172973632812 -0.0394363403320313 0.0301055908203125 0.119651794433594
0.0549468994140625 -0.0401039123535156 0.63421630859375 -0.9832763671875
0.0503654479980469 -0.0281867980957031 -0.272216796875 -1.535888671875
0.0540008544921875 0.0100555419921875 -1.251708984375 -0.4180908203125
0.0666351318359375 -0.0109710693359375 -0.8004150390625 0.685302734375
0.07659912109375 -0.0344390869140625 -0.04132080078125 0.74957275390625
0.00455093383789063 -0.03875732421875 0.417205810546875 0.2967529296875
-0.0252876281738281 -0.0447540283203125 0.4742431640625 -0.20916748046875
-0.000587463378906244 -0.0672874450683594 -0.51837158203125 0.16278076171875
0.00466537475585938 -0.0320091247558594 -0.49285888671875 -0.289398193359375
0.0769805908203125 -0.0460586547851563 -0.02886962890625 -0.736083984375
0.083740234375 0.00153350830078125 0.76544189453125 -0.69482421875
-0.0034332275390625 0.0381546020507813 1.1729736328125 0.3885498046875
-0.0453300476074219 -0.0499916076660156 0.48974609375 1.344482421875
0.0214080810546875 -0.0374908447265625 -0.41436767578125 1.0499267578125
0.0937042236328125 -0.0313796997070313 0.0339431762695313 0.133026123046875
0.0560722351074219 -0.0343208312988281 0.6712646484375 -0.96075439453125
0.0503273010253906 -0.0283927917480469 -0.2119140625 -1.5501708984375
0.0428733825683594 0.00793838500976563 -1.2427978515625 -0.46826171875
0.0538215637207031 -0.002349853515625 -0.8355712890625 0.65631103515625
0.067718505859375 -0.030364990234375 -0.07421875 0.7381591796875
0.0060577392578125 -0.0374984741210938 0.40447998046875 0.29522705078125
-0.0199432373046875 -0.0458297729492188 0.46893310546875 -0.21075439453125
0.0323314666748047 -0.0222015380859375 -0.479217529296875 0.15875244140625
0.0309772491455078 0.00150871276855469 -0.391845703125 -0.27410888671875
0.0326404571533203 -0.00447463989257813 0.1551513671875 -0.70294189453125
-0.00785636901855469 0.02484130859375 0.93829345703125 -0.54327392578125
-0.083160400390625 0.01177978515625 1.1287841796875 0.611083984375
-0.0528526306152344 -0.0619697570800781 0.2503662109375 1.4405517578125
0.0399208068847656 0.0112380981445312 -0.56988525390625 0.97314453125
0.0939407348632813 0.0300827026367187 0.0278129577636719 0.0620689392089844
0.0677757263183594 0.00685882568359375 0.51123046875 -1.0343017578125
0.02685546875 -0.0358238220214844 -0.469482421875 -1.437255859375
-0.0376396179199219 -0.00514602661132812 -1.2518310546875 -0.2271728515625
-0.032318115234375 0.0267887115478516 -0.649658203125 0.7772216796875
0.0121021270751953 -0.00260543823242188 0.0984497070312499 0.7664794921875
0.0169868469238281 -0.00465488433837891 0.488800048828125 0.2913818359375
0.0190410614013672 0.00273704528808594 0.504791259765625 -0.204254150390625
0.0195541381835938 -0.0305500030517578 -0.475921630859375 0.157745361328125
0.0291099548339844 -0.00493431091308594 -0.389617919921875 -0.271209716796875
0.0515060424804688 -0.0133514404296875 0.1640625 -0.69281005859375
0.0236606597900391 0.0193977355957031 0.94598388671875 -0.5311279296875
-0.0617790222167969 0.0171470642089844 1.117919921875 0.62518310546875
-0.04925537109375 -0.059814453125 0.227294921875 1.4447021484375
0.0354118347167969 0.00077056884765625 -0.580078125 0.9705810546875
0.0955047607421875 0.0131912231445313 0.0240516662597656 0.0579490661621094
0.0643463134765625 -0.00598526000976563 0.49725341796875 -1.040283203125
0.0316352844238281 -0.0336818695068359 -0.4808349609375 -1.433837890625
-0.0146913528442383 -0.00469779968261719 -1.247802734375 -0.2120361328125
-0.00648784637451172 0.0127201080322266 -0.638671875 0.7808837890625
0.0270042419433594 -0.0114021301269531 0.1070556640625 0.76513671875
0.0134859085083008 -0.0110988616943359 0.48870849609375 0.288543701171875
0.00513362884521484 -0.00339460372924805 0.50177001953125 -0.2105712890625
0.00865936279296875 -0.0400428771972656 -0.475616455078125 0.1563720703125
0.0237770080566406 -0.013824462890625 -0.396240234375 -0.271148681640625
0.0699958801269531 -0.02520751953125 0.15380859375 -0.69366455078125
0.0562667846679688 0.0139083862304688 0.93963623046875 -0.5419921875
-0.03924560546875 0.0247840881347656 1.1258544921875 0.6114501953125
-0.0449028015136719 -0.0566825866699219 0.244384765625 1.4403076171875
0.0306205749511719 -0.0116119384765625 -0.56951904296875 0.974609375
0.0963821411132813 -0.00733184814453125 0.022705078125 0.0606269836425781
0.0602645874023438 -0.0185928344726563 0.49688720703125 -1.0391845703125
0.03753662109375 -0.0316238403320313 -0.4818115234375 -1.434814453125
0.0106830596923828 -0.00362586975097656 -1.2486572265625 -0.216796875
0.01983642578125 0.00052642822265625 -0.6422119140625 0.77978515625
0.0449333190917969 -0.0218162536621094 0.10040283203125 0.76507568359375
0.00733375549316406 -0.0196113586425781 0.484039306640625 0.28741455078125
-0.00589179992675781 -0.0118255615234375 0.49725341796875 -0.2127685546875
-0.0015411376953125 -0.0501937866210937 -0.480010986328125 0.15594482421875
0.0191802978515625 -0.0215206146240234 -0.408599853515625 -0.27294921875
0.084564208984375 -0.036590576171875 0.12542724609375 -0.6968994140625
0.0826797485351563 0.0081787109375 0.91302490234375 -0.56475830078125
-0.0184516906738281 0.031982421875 1.1312255859375 0.57861328125
-0.0436286926269531 -0.0541229248046875 0.2777099609375 1.4254150390625
0.0259418487548828 -0.0239467620849609 -0.55120849609375 0.9859619140625
0.0958023071289062 -0.0234909057617187 0.0233421325683594 0.0693626403808594
0.0571784973144531 -0.0296859741210937 0.5145263671875 -1.02825927734375
0.0437660217285156 -0.031005859375 -0.45263671875 -1.4520263671875
0.0319385528564453 -0.000568389892578125 -1.248779296875 -0.248291015625
0.0426101684570313 -0.00976943969726563 -0.66656494140625 0.7657470703125
0.0588188171386719 -0.0292510986328125 0.07672119140625 0.76373291015625
0.00504112243652343 -0.0271110534667969 0.47113037109375 0.289276123046875
-0.0172157287597656 -0.0215587615966797 0.49261474609375 -0.2132568359375
-0.007904052734375 -0.0584297180175781 -0.4891357421875 0.151824951171875
0.0134067535400391 -0.0282573699951172 -0.42889404296875 -0.276336669921875
0.0923614501953125 -0.0447769165039063 0.0924072265625001 -0.70648193359375
0.0993499755859375 0.0032196044921875 0.8807373046875 -0.5938720703125
-0.00156402587890625 0.0354728698730469 1.141357421875 0.537353515625
-0.0411605834960938 -0.0517501831054688 0.3240966796875 1.407958984375
0.0232639312744141 -0.0332584381103516 -0.52215576171875 0.99981689453125
0.09564208984375 -0.0354537963867187 0.0234527587890625 0.08416748046875
0.0540618896484375 -0.0380401611328125 0.5484619140625 -1.014892578125
0.0475196838378906 -0.029541015625 -0.400146484375 -1.4739990234375
0.0488052368164062 0.00236129760742187 -1.2490234375 -0.2972412109375
0.0598258972167969 -0.0165367126464844 -0.70526123046875 0.7430419921875
0.0713577270507813 -0.0355682373046875 0.0419921875 0.7586669921875
0.003143310546875 -0.03485107421875 0.45343017578125 0.292236328125
-0.0242290496826172 -0.0319347381591797 0.485504150390625 -0.210662841796875
-0.010589599609375 -0.0654106140136719 -0.495758056640625 0.15472412109375
0.00784111022949219 -0.0321903228759766 -0.45068359375 -0.280792236328125
0.0924072265625 -0.0504150390625 0.0520019531250001 -0.7142333984375
0.106231689453125 -0.001220703125 0.84075927734375 -0.627685546875
0.00594711303710938 0.037811279296875 1.150390625 0.48388671875
-0.0403289794921875 -0.0513725280761719 0.3787841796875 1.38134765625
0.0197639465332031 -0.0393028259277344 -0.484130859375 1.015869140625
0.0944595336914063 -0.0410232543945313 0.0270004272460938 0.100723266601563
0.05364990234375 -0.0422706604003906 0.5865478515625 -0.99652099609375
0.0495719909667969 -0.0287055969238281 -0.3360595703125 -1.4986572265625
0.0564155578613281 0.00537490844726563 -1.245849609375 -0.35400390625
0.0678596496582031 -0.0169525146484375 -0.74932861328125 0.712158203125
0.0767974853515625 -0.0374908447265625 0.00170898437500001 0.7493896484375
0.0027618408203125 -0.0385055541992188 0.43328857421875 0.29205322265625
-0.0265541076660156 -0.0396537780761719 0.47479248046875 -0.2127685546875
-0.00727462768554688 -0.0681076049804688 -0.5054931640625 0.15789794921875
0.00400543212890625 -0.0334873199462891 -0.471160888671875 -0.284088134765625
0.0859375 -0.0515899658203125 0.00567626953124995 -0.7244873046875
0.100021362304688 -0.00240325927734375 0.79791259765625 -0.667236328125
0.0060272216796875 0.0389595031738281 1.1572265625 0.4298095703125
-0.0414237976074219 -0.0491485595703125 0.4400634765625 1.3563232421875
0.0195426940917969 -0.0393409729003906 -0.44512939453125 1.0308837890625
0.092987060546875 -0.040435791015625 0.0296249389648438 0.119056701660156
0.0539321899414063 -0.0417060852050781 0.62603759765625 -0.9742431640625
0.0503959655761719 -0.0291748046875 -0.2747802734375 -1.5201416015625
0.0536537170410156 0.008148193359375 -1.24169921875 -0.411376953125
0.0667152404785156 -0.01202392578125 -0.79315185546875 0.681640625
0.0756378173828125 -0.0345001220703125 -0.0409545898437501 0.74163818359375
0.00343704223632812 -0.0393409729003906 0.415313720703125 0.29278564453125
-0.025146484375 -0.0441207885742188 0.47027587890625 -0.21002197265625
-0.00113296508789063 -0.0661239624023437 -0.5155029296875 0.16357421875
0.00513076782226563 -0.0317935943603516 -0.490966796875 -0.28497314453125
0.0748748779296875 -0.047393798828125 -0.03021240234375 -0.728515625
0.0831756591796875 0.00052642822265625 0.7587890625 -0.691162109375
-0.0042877197265625 0.0378684997558594 1.1632080078125 0.3839111328125
-0.0449600219726563 -0.0495491027832031 0.485595703125 1.3323974609375
0.0196495056152344 -0.0366172790527344 -0.41314697265625 1.04510498046875
0.0918350219726563 -0.0322265625 0.0334701538085938 0.132980346679688
0.0549468994140625 -0.035400390625 0.666748046875 -0.95343017578125
0.048553466796875 -0.0285987854003906 -0.2125244140625 -1.53955078125
0.0423583984375 0.00815582275390625 -1.2320556640625 -0.459228515625
0.0530357360839844 -0.0029754638671875 -0.82659912109375 0.65191650390625
0.0669593811035156 -0.0304985046386719 -0.0722045898437499 0.730712890625
0.00476837158203125 -0.0366554260253906 0.40362548828125 0.292144775390625
-0.0188140869140625 -0.0443992614746094 0.465576171875 -0.21075439453125
0.0323696136474609 -0.0210628509521484 -0.47589111328125 0.159912109375
0.0306606292724609 0.00116729736328125 -0.38909912109375 -0.270263671875
0.0311393737792969 -0.00455474853515625 0.15509033203125 -0.69866943359375
-0.00832557678222656 0.0241794586181641 0.93194580078125 -0.54052734375
-0.0830307006835937 0.0131912231445312 1.1219482421875 0.60650634765625
-0.0519218444824219 -0.0605583190917969 0.2481689453125 1.4300537109375
0.0383567810058594 0.0121841430664063 -0.56451416015625 0.9658203125
0.0930099487304688 0.0295028686523437 0.0274467468261719 0.0614280700683594
0.0674285888671875 0.00587081909179688 0.50592041015625 -1.02459716796875
0.0261268615722656 -0.0355682373046875 -0.464599609375 -1.4296875
-0.0377883911132813 -0.00657272338867188 -1.24072265625 -0.22607421875
-0.0320377349853516 0.0259494781494141 -0.64385986328125 0.77044677734375
0.0112056732177734 -0.00135517120361328 0.09759521484375 0.7603759765625
0.0158929824829102 -0.00321102142333984 0.485382080078125 0.28961181640625
0.0192813873291016 0.002685546875 0.501495361328125 -0.204376220703125
0.0194320678710937 -0.0308380126953125 -0.47320556640625 0.157318115234375
0.0283699035644531 -0.00525283813476563 -0.387298583984375 -0.26788330078125
0.0501670837402344 -0.0150375366210938 0.161865234375 -0.68878173828125
0.0226516723632813 0.0185546875 0.94000244140625 -0.52862548828125
-0.0619354248046875 0.0181198120117187 1.1109619140625 0.6199951171875
-0.0475921630859375 -0.0572662353515625 0.2254638671875 1.4378662109375
0.0351486206054688 0.000396728515625 -0.5780029296875 0.96295166015625
0.0946273803710938 0.011627197265625 0.0246467590332031 0.0572929382324219
0.0635643005371094 -0.006500244140625 0.49432373046875 -1.03094482421875
0.0326480865478516 -0.0342655181884766 -0.4798583984375 -1.4228515625
-0.0152072906494141 -0.00484180450439453 -1.23828125 -0.210693359375
-0.00613880157470703 0.013340950012207 -0.63433837890625 0.7757568359375
0.0268993377685547 -0.0115242004394531 0.1072998046875 0.75836181640625
0.0111846923828125 -0.0115880966186523 0.487457275390625 0.285888671875
0.00523090362548828 -0.00267267227172852 0.498321533203125 -0.20989990234375
0.00783157348632812 -0.0394248962402344 -0.47265625 0.1552734375
0.0229892730712891 -0.0132846832275391 -0.3929443359375 -0.26727294921875
0.0683326721191406 -0.02685546875 0.15130615234375 -0.68914794921875
0.05419921875 0.0135879516601563 0.93011474609375 -0.53900146484375
-0.0385589599609375 0.0246429443359375 1.11688232421875 0.6075439453125
-0.0454559326171875 -0.0552558898925781 0.2393798828125 1.4307861328125
0.0307826995849609 -0.0108051300048828 -0.56951904296875 0.9661865234375
0.0957870483398437 -0.0074310302734375 0.02294921875 0.0603294372558594
0.06072998046875 -0.0194931030273438 0.493408203125 -1.03033447265625
0.0368537902832031 -0.0328826904296875 -0.477294921875 -1.4234619140625
0.0101947784423828 -0.00338172912597656 -1.2401123046875 -0.213623046875
0.0197715759277344 0.000225067138671875 -0.63653564453125 0.77520751953125
0.0435676574707031 -0.0225944519042969 0.10107421875 0.76031494140625
0.0079498291015625 -0.0182456970214844 0.4814453125 0.28558349609375
-0.00638771057128906 -0.0123138427734375 0.493988037109375 -0.210845947265625
-0.00142288208007813 -0.048492431640625 -0.477203369140625 0.156005859375
0.0181236267089844 -0.0208911895751953 -0.406646728515625 -0.2686767578125
0.0831985473632813 -0.0375137329101563 0.1259765625 -0.6944580078125
0.081695556640625 0.0079345703125 0.90765380859375 -0.56353759765625
-0.0171108245849609 0.0312480926513672 1.124755859375 0.57470703125
-0.0425872802734375 -0.0529594421386719 0.2740478515625 1.4161376953125
0.0260448455810547 -0.0226783752441406 -0.54644775390625 0.9788818359375
0.0949249267578125 -0.0238189697265625 0.0220108032226563 0.0698280334472656
0.0566558837890625 -0.0303192138671875 0.51123046875 -1.0225830078125
0.0423927307128906 -0.0316429138183594 -0.4495849609375 -1.442626953125
0.0317173004150391 -0.00187873840332031 -1.23779296875 -0.2445068359375
0.04296875 -0.0114784240722656 -0.66009521484375 0.7593994140625
0.0584182739257812 -0.0300827026367187 0.0746459960937501 0.75689697265625
0.00492095947265625 -0.0266990661621094 0.469451904296875 0.287384033203125
-0.0167961120605469 -0.0217170715332031 0.487762451171875 -0.21282958984375
-0.00862503051757813 -0.057891845703125 -0.48626708984375 0.1534423828125
0.0123691558837891 -0.0279865264892578 -0.42681884765625 -0.272247314453125
0.09063720703125 -0.0463638305664063 0.09112548828125 -0.70184326171875
0.0990219116210937 0.00229644775390625 0.87652587890625 -0.592041015625
-0.00146102905273438 0.0361671447753906 1.1351318359375 0.5333251953125
-0.0407791137695313 -0.050445556640625 0.320556640625 1.39501953125
0.0217609405517578 -0.0320224761962891 -0.52117919921875 0.9925537109375
0.0938796997070313 -0.0365142822265625 0.0233078002929688 0.0835037231445313
0.0539703369140625 -0.0395469665527344 0.54498291015625 -1.00799560546875
0.0470504760742188 -0.030670166015625 -0.3985595703125 -1.4642333984375
0.0480079650878906 0.0016021728515625 -1.2376708984375 -0.293701171875
0.0591545104980469 -0.0165977478027344 -0.699951171875 0.73602294921875
0.0696296691894531 -0.0354042053222656 0.0415649414062499 0.7537841796875
0.00264358520507813 -0.0340576171875 0.450531005859375 0.290557861328125
-0.0233707427978516 -0.0312137603759766 0.481414794921875 -0.210784912109375
-0.0105934143066406 -0.064666748046875 -0.492767333984375 0.15509033203125
0.00838661193847657 -0.0307998657226563 -0.446197509765625 -0.2779541015625
0.0910720825195313 -0.0521621704101563 0.0484008789062501 -0.70904541015625
0.104965209960937 -0.00164031982421875 0.835205078125 -0.62646484375
0.00614547729492188 0.0376091003417969 1.144775390625 0.4788818359375
-0.0409317016601562 -0.0499191284179688 0.3743896484375 1.37255859375
0.0197982788085938 -0.037872314453125 -0.484619140625 1.0103759765625
0.0931320190429687 -0.0424957275390625 0.0264968872070313 0.0999832153320313
0.0537567138671875 -0.0428199768066406 0.58209228515625 -0.98675537109375
0.0490608215332031 -0.0292015075683594 -0.336181640625 -1.490234375
0.0556488037109375 0.00492095947265625 -1.23486328125 -0.3499755859375
0.0682640075683594 -0.0173072814941406 -0.74346923828125 0.70635986328125
0.0763626098632813 -0.0376358032226563 0.00152587890624995 0.74383544921875
0.00144195556640625 -0.0378570556640625 0.433074951171875 0.290252685546875
-0.0269241333007813 -0.0393257141113281 0.4722900390625 -0.21368408203125
-0.00846099853515624 -0.0671501159667969 -0.50067138671875 0.158233642578125
0.00406265258789062 -0.0323543548583984 -0.46954345703125 -0.279205322265625
0.0840301513671875 -0.0517501831054688 0.00579833984375001 -0.716796875
0.0988540649414063 -0.0027313232421875 0.78955078125 -0.6632080078125
0.00571441650390625 0.0397224426269531 1.15283203125 0.4249267578125
-0.0415191650390625 -0.0488739013671875 0.4354248046875 1.346435546875
0.0186195373535156 -0.0387153625488281 -0.4407958984375 1.02777099609375
0.09130859375 -0.0418243408203125 0.0286102294921875 0.118217468261719
0.0530548095703125 -0.0424423217773438 0.621826171875 -0.96673583984375
0.049041748046875 -0.0296478271484375 -0.27197265625 -1.5120849609375
0.0532264709472656 0.00774002075195313 -1.2313232421875 -0.4088134765625
0.0670585632324219 -0.0121383666992188 -0.78558349609375 0.6749267578125
0.0748519897460938 -0.0338668823242188 -0.038818359375 0.73712158203125
0.00352096557617187 -0.0385818481445313 0.41412353515625 0.29010009765625
-0.0236091613769531 -0.0438270568847656 0.46759033203125 -0.209381103515625
-0.00206375122070312 -0.0670166015625 -0.509185791015625 0.164306640625
0.00400161743164063 -0.0303936004638672 -0.487213134765625 -0.281463623046875
0.07354736328125 -0.0483932495117188 -0.029052734375 -0.72357177734375
0.0823516845703125 0.00046539306640625 0.75335693359375 -0.68914794921875
-0.00341415405273437 0.0389213562011719 1.1578369140625 0.38037109375
-0.043487548828125 -0.0483436584472656 0.482666015625 1.3226318359375
0.0200710296630859 -0.0347537994384766 -0.41015625 1.03631591796875
0.0912017822265625 -0.0330657958984375 0.0327529907226563 0.132568359375
0.0555496215820313 -0.03619384765625 0.6605224609375 -0.94635009765625
0.0489082336425781 -0.0306053161621094 -0.2088623046875 -1.5257568359375
0.0416717529296875 0.00731658935546875 -1.222412109375 -0.457763671875
0.0525321960449219 -0.00380325317382813 -0.820068359375 0.64617919921875
0.0658912658691406 -0.0300750732421875 -0.0728759765625001 0.72442626953125
0.00494003295898437 -0.0363960266113281 0.401702880859375 0.28839111328125
-0.0187721252441406 -0.0440635681152344 0.46234130859375 -0.2113037109375
0.0315227508544922 -0.0211238861083984 -0.47454833984375 0.161041259765625
0.0303459167480469 0.00129318237304687 -0.386474609375 -0.268707275390625
0.0297107696533203 -0.004547119140625 0.15423583984375 -0.69439697265625
-0.0085601806640625 0.02362060546875 0.9259033203125 -0.53765869140625
-0.0825042724609375 0.0125961303710937 1.1162109375 0.604248046875
-0.0521430969238281 -0.0586738586425781 0.242919921875 1.42431640625
0.0384635925292969 0.0130882263183594 -0.56732177734375 0.96148681640625
0.0924072265625 0.0282058715820313 0.0275077819824219 0.0614509582519531
0.0673332214355469 0.00375747680664063 0.5074462890625 -1.01776123046875
0.0268821716308594 -0.0361480712890625 -0.46142578125 -1.419189453125
-0.0379486083984375 -0.00584411621093751 -1.233642578125 -0.224609375
-0.0310440063476563 0.0252609252929687 -0.64117431640625 0.7650146484375
0.0105133056640625 -0.00243854522705078 0.0965576171874999 0.75775146484375
0.0154905319213867 -0.00355815887451172 0.484466552734375 0.287567138671875
0.0198860168457031 0.00323104858398437 0.498382568359375 -0.2047119140625
0.0186805725097656 -0.0293197631835938 -0.470367431640625 0.1573486328125
0.0279388427734375 -0.00576019287109375 -0.384552001953125 -0.2659912109375
0.0493659973144531 -0.0156707763671875 0.16070556640625 -0.6844482421875
0.0218162536621094 0.0179824829101563 0.93408203125 -0.52508544921875
-0.0618858337402344 0.0184555053710937 1.10418701171875 0.6171875
-0.0469169616699219 -0.0570526123046875 0.2188720703125 1.427734375
0.0347537994384766 0.00164413452148437 -0.5772705078125 0.95849609375
0.0925979614257812 0.0104522705078125 0.0235481262207031 0.0577545166015625
0.06396484375 -0.00725173950195313 0.49432373046875 -1.02569580078125
0.0319194793701172 -0.0341415405273438 -0.474609375 -1.416748046875
-0.0144100189208984 -0.00545597076416016 -1.2294921875 -0.2099609375
-0.00635051727294922 0.0126132965087891 -0.6302490234375 0.77081298828125
0.0256824493408203 -0.0111007690429688 0.104736328125 0.7550048828125
0.0113964080810547 -0.0111942291259766 0.4859619140625 0.283721923828125
0.00699472427368164 -0.00245809555053711 0.49383544921875 -0.210693359375
0.00774765014648438 -0.0389060974121094 -0.469757080078125 0.15802001953125
0.0227890014648438 -0.0133934020996094 -0.389862060546875 -0.26458740234375
0.0673103332519531 -0.0268287658691406 0.15081787109375 -0.6861572265625
0.0538558959960938 0.0123062133789063 0.9261474609375 -0.53778076171875
-0.038909912109375 0.0252723693847656 1.111572265625 0.60430908203125
-0.0444488525390625 -0.0543785095214844 0.236572265625 1.42431640625
0.0297431945800781 -0.011444091796875 -0.56781005859375 0.96331787109375
0.094329833984375 -0.007659912109375 0.0220680236816406 0.0606002807617188
0.0597953796386719 -0.0210952758789063 0.49249267578125 -1.02374267578125
0.0371780395507813 -0.0334281921386719 -0.4718017578125 -1.419189453125
0.00995635986328125 -0.00370025634765625 -1.2327880859375 -0.21630859375
0.0197372436523438 -8.0108642578125E-05 -0.631591796875 0.7686767578125
0.0428657531738281 -0.0211830139160156 0.0992431640624999 0.7545166015625
0.00673103332519531 -0.0184898376464844 0.47943115234375 0.28558349609375
-0.00567722320556641 -0.0110740661621094 0.490936279296875 -0.212188720703125
-0.00155639648437499 -0.0490455627441406 -0.47607421875 0.15545654296875
0.017730712890625 -0.0202484130859375 -0.403717041015625 -0.265380859375
0.0826873779296875 -0.0378799438476562 0.1243896484375 -0.6900634765625
0.08111572265625 0.00627899169921875 0.9024658203125 -0.56109619140625
-0.0181903839111328 0.0324916839599609 1.11895751953125 0.57373046875
-0.0427322387695313 -0.0515365600585937 0.2696533203125 1.4107666015625
0.0257282257080078 -0.0220985412597656 -0.548583984375 0.97406005859375
0.0939559936523437 -0.0248565673828125 0.0221481323242188 0.0713043212890625
0.0564460754394531 -0.0317268371582031 0.50958251953125 -1.01593017578125
0.0426101684570313 -0.0320472717285156 -0.4462890625 -1.4351806640625
0.0312290191650391 -0.00127410888671875 -1.2294921875 -0.2445068359375
0.0419883728027344 -0.0114593505859375 -0.6580810546875 0.75433349609375
0.0580596923828125 -0.0305442810058594 0.0742797851562501 0.7529296875
0.0034942626953125 -0.0269660949707031 0.468475341796875 0.2864990234375
-0.0159778594970703 -0.020751953125 0.485626220703125 -0.211456298828125
-0.00821685791015625 -0.0567817687988281 -0.482666015625 0.15228271484375
0.0119495391845703 -0.0268268585205078 -0.423370361328125 -0.269989013671875
0.0897750854492188 -0.0463943481445313 0.0914306640625 -0.698974609375
0.0987396240234375 0.00147247314453125 0.8712158203125 -0.59002685546875
-0.0024261474609375 0.0364608764648438 1.12841796875 0.5306396484375
-0.0407638549804688 -0.0495796203613281 0.314697265625 1.39306640625
0.0221233367919922 -0.0319290161132813 -0.5225830078125 0.9866943359375
0.0931930541992187 -0.0361099243164063 0.0221710205078125 0.083587646484375
0.0533103942871094 -0.0399055480957031 0.5430908203125 -1.00115966796875
0.0474205017089844 -0.0307197570800781 -0.3941650390625 -1.4569091796875
0.0477485656738281 0.00114059448242187 -1.2308349609375 -0.2943115234375
0.0597419738769531 -0.0174903869628906 -0.69586181640625 0.73089599609375
0.0699729919433594 -0.0356407165527344 0.0396728515625 0.74700927734375
0.00207710266113281 -0.0338859558105469 0.450469970703125 0.287567138671875
-0.0225143432617188 -0.0305614471435547 0.47882080078125 -0.211334228515625
-0.0109214782714844 -0.0630302429199219 -0.489715576171875 0.15631103515625
0.00864601135253906 -0.0307445526123047 -0.4449462890625 -0.27349853515625
0.0901565551757813 -0.0510787963867188 0.04962158203125 -0.7054443359375
0.10382080078125 -0.00237274169921875 0.8297119140625 -0.6241455078125
0.00589370727539063 0.0386199951171875 1.1380615234375 0.4793701171875
-0.0405464172363281 -0.0489349365234375 0.3717041015625 1.36572265625
0.0191421508789062 -0.0369377136230469 -0.4842529296875 1.00335693359375
0.0915298461914063 -0.0430908203125 0.0261154174804688 0.10101318359375
0.0528717041015625 -0.0438232421875 0.58026123046875 -0.98046875
0.0487136840820313 -0.0308151245117187 -0.3328857421875 -1.4840087890625
0.0553779602050781 0.00476837158203125 -1.22705078125 -0.3482666015625
0.0680427551269531 -0.0180892944335938 -0.73846435546875 0.70166015625
0.0752410888671875 -0.0384368896484375 -0.00134277343749996 0.7408447265625
0.00256729125976563 -0.0372428894042969 0.431427001953125 0.288116455078125
-0.0254440307617188 -0.0384101867675781 0.47021484375 -0.211883544921875
-0.00807189941406249 -0.0671119689941406 -0.499114990234375 0.157928466796875
0.00364303588867188 -0.0324268341064453 -0.466339111328125 -0.276702880859375
0.0827865600585938 -0.0523147583007813 0.00628662109375003 -0.7132568359375
0.0971527099609375 -0.003631591796875 0.78466796875 -0.66070556640625
0.00525665283203125 0.0401992797851563 1.144775390625 0.423583984375
-0.0409889221191406 -0.0472831726074219 0.4317626953125 1.34033203125
0.0187873840332031 -0.0371437072753906 -0.44281005859375 1.0211181640625
0.0913619995117188 -0.0414962768554688 0.0286865234375 0.117813110351563
0.0528450012207031 -0.0428085327148438 0.61907958984375 -0.96063232421875
0.0491142272949219 -0.0298614501953125 -0.2691650390625 -1.5035400390625
0.0532646179199219 0.0084381103515625 -1.224609375 -0.4072265625
0.0658912658691406 -0.0130043029785156 -0.78289794921875 0.67205810546875
0.074615478515625 -0.035247802734375 -0.0404052734374999 0.730712890625
0.00332260131835938 -0.0375823974609375 0.41229248046875 0.288818359375
-0.0232162475585937 -0.0427055358886719 0.464813232421875 -0.211334228515625
-0.00170135498046874 -0.0654029846191406 -0.507049560546875 0.16534423828125
0.00441360473632812 -0.0306339263916016 -0.4849853515625 -0.277130126953125
0.0719680786132813 -0.0483016967773437 -0.03021240234375 -0.71966552734375
0.0808944702148438 -9.1552734375E-05 0.7491455078125 -0.68414306640625
-0.00358963012695313 0.0390357971191406 1.1514892578125 0.378173828125
-0.0439300537109375 -0.0478439331054688 0.4776611328125 1.3189697265625
0.0192356109619141 -0.0344734191894531 -0.41021728515625 1.033203125
0.0896835327148438 -0.0334320068359375 0.032379150390625 0.132759094238281
0.0543403625488281 -0.0366439819335938 0.658447265625 -0.938720703125
0.0478324890136719 -0.0311851501464844 -0.2080078125 -1.5208740234375
0.0415725708007813 0.00631332397460938 -1.214599609375 -0.455810546875
0.0526885986328125 -0.0050048828125 -0.81817626953125 0.64105224609375
0.0649948120117188 -0.0301628112792969 -0.0736083984375 0.7208251953125
0.00438308715820312 -0.0363082885742188 0.401397705078125 0.287322998046875
-0.0183181762695312 -0.04345703125 0.459747314453125 -0.21063232421875
0.0311546325683594 -0.0201148986816406 -0.473602294921875 0.161346435546875
0.0297431945800781 0.000761032104492187 -0.3853759765625 -0.266082763671875
0.0288143157958984 -0.00570487976074219 0.1556396484375 -0.69085693359375
-0.00961875915527344 0.0223331451416016 0.92510986328125 -0.53485107421875
-0.083160400390625 0.0139923095703125 1.111328125 0.60406494140625
-0.0503387451171875 -0.05712890625 0.236083984375 1.4200439453125
0.0380363464355469 0.0132293701171875 -0.56719970703125 0.9571533203125
0.0909423828125 0.0276336669921875 0.0260009765625 0.0621604919433594
0.0670204162597656 0.003265380859375 0.50665283203125 -1.0133056640625
0.0270462036132813 -0.0367317199707031 -0.4578857421875 -1.41845703125
-0.0381698608398438 -0.00680923461914063 -1.2293701171875 -0.2266845703125
-0.0307254791259766 0.0250396728515625 -0.638916015625 0.7607421875
0.00992012023925781 -0.00267314910888672 0.0949096679687499 0.75177001953125
0.0154867172241211 -0.00355815887451172 0.48248291015625 0.286956787109375
0.0201187133789062 0.00361251831054687 0.4979248046875 -0.2039794921875
0.0191364288330078 -0.0284824371337891 -0.46990966796875 0.1575927734375
0.0269393920898437 -0.00477218627929687 -0.382293701171875 -0.263763427734375
0.0477371215820313 -0.0153961181640625 0.162109375 -0.6834716796875
0.0216522216796875 0.0184326171875 0.93096923828125 -0.5228271484375
-0.0610008239746094 0.0192947387695312 1.1016845703125 0.6163330078125
-0.0467414855957031 -0.0555801391601562 0.2138671875 1.4228515625
0.0337982177734375 0.00299263000488281 -0.579345703125 0.954345703125
0.0931243896484375 0.0107650756835937 0.0222091674804688 0.0580482482910156
0.0642127990722656 -0.0079498291015625 0.4969482421875 -1.02105712890625
0.0311203002929687 -0.0349941253662109 -0.47021484375 -1.412841796875
-0.0142822265625 -0.00534248352050781 -1.2247314453125 -0.213134765625
-0.00551891326904297 0.0117015838623047 -0.62823486328125 0.7662353515625
0.025848388671875 -0.0106487274169922 0.10223388671875 0.75152587890625
0.0115804672241211 -0.0107612609863281 0.4837646484375 0.28302001953125
0.00732803344726563 -0.00171947479248047 0.491546630859375 -0.21014404296875
0.0080413818359375 -0.0374717712402344 -0.468505859375 0.157867431640625
0.0221633911132813 -0.0133419036865234 -0.3870849609375 -0.26336669921875
0.0660171508789062 -0.0272903442382812 0.1514892578125 -0.6839599609375
0.0533561706542969 0.0121917724609375 0.9224853515625 -0.53460693359375
-0.0383453369140625 0.0266761779785156 1.1065673828125 0.6031494140625
-0.0446662902832031 -0.0533294677734375 0.2305908203125 1.4190673828125
0.0304851531982422 -0.0102024078369141 -0.570556640625 0.95794677734375
0.0930633544921875 -0.00833892822265625 0.0210189819335938 0.061187744140625
0.0600929260253906 -0.0213699340820313 0.49420166015625 -1.0172119140625
0.0373344421386719 -0.0338630676269531 -0.4696044921875 -1.41259765625
0.0101652145385742 -0.00434494018554688 -1.2257080078125 -0.218017578125
0.019805908203125 -0.00080108642578125 -0.632080078125 0.76654052734375
0.0416030883789063 -0.0218658447265625 0.0969238281249999 0.7506103515625
0.00689125061035156 -0.01812744140625 0.477142333984375 0.28411865234375
-0.00536537170410156 -0.0116233825683594 0.4881591796875 -0.211181640625
-0.00214004516601563 -0.0487709045410156 -0.47344970703125 0.156494140625
0.0171623229980469 -0.0203990936279297 -0.40228271484375 -0.265472412109375
0.0814208984375 -0.0382003784179688 0.12506103515625 -0.6883544921875
0.0802688598632813 0.00615692138671875 0.89947509765625 -0.55755615234375
-0.0176029205322266 0.033599853515625 1.112548828125 0.5733642578125
-0.0417442321777344 -0.0508880615234375 0.2630615234375 1.40625
0.0253067016601563 -0.02191162109375 -0.54962158203125 0.9688720703125
0.0924453735351563 -0.0251541137695313 0.0209846496582031 0.0702476501464844
0.0571479797363281 -0.0322761535644531 0.51068115234375 -1.009765625
0.04302978515625 -0.032989501953125 -0.4410400390625 -1.430419921875
0.0316410064697266 -0.00295639038085937 -1.2235107421875 -0.2471923828125
0.0426101684570312 -0.0116844177246094 -0.65673828125 0.7506103515625
0.0565910339355469 -0.0307159423828125 0.0719604492187501 0.747802734375
0.0034942626953125 -0.0268230438232422 0.46630859375 0.285858154296875
-0.0158042907714844 -0.0207862854003906 0.485565185546875 -0.2120361328125
-0.00831222534179688 -0.05657958984375 -0.481170654296875 0.1534423828125
0.0120334625244141 -0.0267658233642578 -0.422271728515625 -0.269134521484375
0.0892333984375 -0.0468902587890625 0.09124755859375 -0.69586181640625
0.0972900390625 0.0011138916015625 0.86895751953125 -0.58843994140625
-0.001373291015625 0.0370101928710937 1.12371826171875 0.53131103515625
-0.0404586791992188 -0.0491867065429688 0.310791015625 1.388427734375
0.0216522216796875 -0.0303363800048828 -0.52203369140625 0.9815673828125
0.0926666259765625 -0.0360488891601563 0.022125244140625 0.0839309692382813
0.0536766052246094 -0.0396537780761719 0.542236328125 -0.99456787109375
0.0467758178710938 -0.0315818786621094 -0.3902587890625 -1.453857421875
0.0480613708496094 0.000873565673828125 -1.224609375 -0.2940673828125
0.0592842102050781 -0.0174446105957031 -0.6949462890625 0.72686767578125
0.0685348510742188 -0.0351982116699219 0.0378417968750001 0.7445068359375
0.00137138366699219 -0.0338249206542969 0.4498291015625 0.28729248046875
-0.0223636627197266 -0.030517578125 0.47869873046875 -0.210845947265625
-0.0109329223632813 -0.0626602172851563 -0.48828125 0.156097412109375
0.00737380981445313 -0.0301151275634766 -0.442718505859375 -0.27294921875
0.0890960693359375 -0.0530014038085938 0.04974365234375 -0.7032470703125
0.103004455566406 -0.0027008056640625 0.8271484375 -0.6201171875
0.00567626953125 0.0397262573242187 1.1322021484375 0.4788818359375
-0.0395393371582031 -0.0481452941894531 0.3662109375 1.3638916015625
0.0187950134277344 -0.0366706848144531 -0.48382568359375 1.00225830078125
0.0910873413085938 -0.0439987182617188 0.0246353149414063 0.100074768066406
0.0533828735351563 -0.0450057983398438 0.580078125 -0.97509765625
0.0486106872558594 -0.0311012268066406 -0.328369140625 -1.478759765625
0.0551490783691406 0.00474166870117188 -1.220458984375 -0.3511962890625
0.0683670043945313 -0.0185623168945313 -0.73583984375 0.69854736328125
0.07452392578125 -0.0376052856445313 -0.00225830078124999 0.73455810546875
0.000949859619140623 -0.0363655090332031 0.429351806640625 0.2877197265625
-0.0239028930664062 -0.0378036499023438 0.46856689453125 -0.211761474609375
-0.00837326049804687 -0.0658760070800781 -0.498443603515625 0.15960693359375
0.00399971008300781 -0.0321903228759766 -0.4654541015625 -0.274810791015625
0.0823287963867187 -0.0539016723632812 0.00726318359374996 -0.7110595703125
0.0966415405273438 -0.00409698486328125 0.782958984375 -0.65826416015625
0.005584716796875 0.0406150817871094 1.14013671875 0.422607421875
-0.0410919189453125 -0.0467491149902344 0.426025390625 1.3377685546875
0.017852783203125 -0.0373382568359375 -0.44647216796875 1.016357421875
0.090240478515625 -0.0423431396484375 0.0279769897460938 0.117599487304688
0.0534248352050781 -0.0435562133789063 0.61895751953125 -0.9552001953125
0.0488471984863281 -0.0313949584960938 -0.2650146484375 -1.4996337890625
0.0527458190917969 0.00864410400390625 -1.2181396484375 -0.4100341796875
0.0652275085449219 -0.0133323669433594 -0.77923583984375 0.6661376953125
0.0742034912109375 -0.0348129272460938 -0.0440673828124999 0.7271728515625
0.00182342529296875 -0.0372848510742188 0.411834716796875 0.28924560546875
-0.0233955383300781 -0.0439949035644531 0.463836669921875 -0.20819091796875
-0.00214767456054687 -0.0652885437011719 -0.50531005859375 0.165435791015625
0.00397682189941407 -0.0302753448486328 -0.48223876953125 -0.27642822265625
0.0712356567382813 -0.0476226806640625 -0.029541015625 -0.71832275390625
0.0804214477539063 -0.00049591064453125 0.74700927734375 -0.6824951171875
-0.00442123413085937 0.0391502380371094 1.14501953125 0.3797607421875
-0.0437812805175781 -0.0465469360351563 0.4718017578125 1.3148193359375
0.0183830261230469 -0.0327434539794922 -0.4132080078125 1.02947998046875
0.0884017944335937 -0.034210205078125 0.031524658203125 0.132293701171875
0.0547714233398438 -0.0371322631835937 0.65887451171875 -0.93304443359375
0.0475654602050781 -0.0313224792480469 -0.2037353515625 -1.5166015625
0.0401077270507813 0.00721359252929688 -1.20751953125 -0.4588623046875
0.0523681640625 -0.00507354736328125 -0.81573486328125 0.639404296875
0.0649528503417969 -0.030426025390625 -0.0750122070312499 0.7169189453125
0.004364013671875 -0.035308837890625 0.399383544921875 0.28759765625
-0.0161628723144531 -0.0429878234863281 0.45672607421875 -0.210235595703125
0.0312690734863281 -0.0202579498291016 -0.473358154296875 0.159942626953125
0.0288944244384766 0.00086212158203125 -0.385101318359375 -0.2652587890625
0.0273914337158203 -0.00674629211425781 0.15594482421875 -0.69000244140625
-0.00991630554199219 0.0224170684814453 0.9217529296875 -0.53497314453125
-0.0826034545898437 0.0148773193359375 1.10748291015625 0.6058349609375
-0.0503997802734375 -0.0564765930175781 0.2298583984375 1.4188232421875
0.0374183654785156 0.0143051147460938 -0.573486328125 0.9542236328125
0.0902099609375 0.0274581909179687 0.0255622863769531 0.0623016357421875
0.0681381225585938 0.00308990478515625 0.5078125 -1.0087890625
0.0269126892089844 -0.0373382568359375 -0.45068359375 -1.41650390625
-0.0376968383789062 -0.00643539428710937 -1.2235107421875 -0.2305908203125
-0.0313911437988281 0.0246009826660156 -0.63934326171875 0.75921630859375
0.00908851623535156 -0.00272560119628906 0.0921630859374999 0.7509765625
0.0142650604248047 -0.00299549102783203 0.4820556640625 0.287384033203125
0.0206775665283203 0.00345802307128906 0.495513916015625 -0.203887939453125
0.0190753936767578 -0.0284900665283203 -0.468231201171875 0.15936279296875
0.0267143249511719 -0.00506782531738281 -0.38177490234375 -0.262969970703125
0.0464973449707031 -0.0160675048828125 0.16424560546875 -0.68109130859375
0.0214290618896484 0.0174961090087891 0.93218994140625 -0.52178955078125
-0.0622634887695312 0.0199661254882813 1.098876953125 0.61700439453125
-0.0460014343261719 -0.0537796020507813 0.20849609375 1.4205322265625
0.0351524353027344 0.00353622436523438 -0.5828857421875 0.95135498046875
0.091339111328125 0.00963592529296875 0.0227088928222656 0.0588035583496094
0.0640220642089844 -0.00935745239257812 0.4949951171875 -1.01580810546875
0.0314369201660156 -0.0361328125 -0.4642333984375 -1.4110107421875
-0.0149555206298828 -0.00566387176513672 -1.22021484375 -0.2144775390625
-0.00565147399902344 0.0118503570556641 -0.62884521484375 0.763671875
0.0253009796142578 -0.0115089416503906 0.10003662109375 0.7491455078125
0.0109987258911133 -0.010899543762207 0.483367919921875 0.283111572265625
0.00832366943359375 -0.00314760208129883 0.492462158203125 -0.209747314453125
0.00830459594726563 -0.0377731323242188 -0.468963623046875 0.157623291015625
0.0218944549560547 -0.0119647979736328 -0.3875732421875 -0.262451171875
0.0656890869140625 -0.027984619140625 0.15240478515625 -0.6822509765625
0.0530128479003906 0.0111923217773438 0.92315673828125 -0.53253173828125
-0.0382499694824219 0.0259437561035156 1.10272216796875 0.60491943359375
-0.0436210632324219 -0.0525360107421875 0.226318359375 1.4171142578125
0.0304470062255859 -0.00901412963867188 -0.5726318359375 0.9564208984375
0.0918731689453125 -0.00933837890625 0.0205116271972656 0.0618782043457031
0.0595512390136719 -0.0222549438476563 0.49517822265625 -1.0146484375
0.037109375 -0.0353736877441406 -0.4652099609375 -1.4132080078125
0.00992298126220703 -0.00390911102294922 -1.222900390625 -0.2197265625
0.0199928283691406 -0.000722885131835937 -0.632080078125 0.761474609375
0.0413627624511719 -0.0219383239746094 0.09326171875 0.7496337890625
0.00658798217773438 -0.0187053680419922 0.478485107421875 0.28448486328125
-0.00409603118896484 -0.010894775390625 0.48828125 -0.210479736328125
-0.0019378662109375 -0.047576904296875 -0.47412109375 0.156585693359375
0.0172443389892578 -0.0204429626464844 -0.402069091796875 -0.263031005859375
0.0805282592773438 -0.0387725830078125 0.1268310546875 -0.68731689453125
0.079498291015625 0.00635528564453125 0.89910888671875 -0.55596923828125
-0.0181713104248047 0.033233642578125 1.1103515625 0.5740966796875
-0.0417404174804688 -0.0499839782714844 0.2568359375 1.4056396484375
0.0251655578613281 -0.0205345153808594 -0.55206298828125 0.96697998046875
0.0925979614257813 -0.0262832641601563 0.0206756591796875 0.0708999633789063
0.0565376281738281 -0.0332527160644531 0.51141357421875 -1.00665283203125
0.0424728393554688 -0.0336418151855469 -0.439208984375 -1.429931640625
0.0311241149902344 -0.00269889831542969 -1.220458984375 -0.24951171875
0.0418357849121094 -0.0122146606445312 -0.65618896484375 0.74688720703125
0.0562553405761719 -0.0306587219238281 0.071044921875 0.74822998046875
0.00334739685058594 -0.0258083343505859 0.465911865234375 0.286651611328125
-0.0141887664794922 -0.0205535888671875 0.481903076171875 -0.21087646484375
-0.00845718383789062 -0.0561141967773438 -0.480224609375 0.1539306640625
0.0106849670410156 -0.0262775421142578 -0.42010498046875 -0.268463134765625
0.0883026123046875 -0.0475616455078125 0.0921630859374999 -0.6942138671875
0.0981216430664063 0.0003509521484375 0.8695068359375 -0.5865478515625
-0.0023651123046875 0.0383071899414063 1.1221923828125 0.533447265625
-0.0398216247558594 -0.0484695434570313 0.3043212890625 1.386962890625
0.0213375091552734 -0.0301570892333984 -0.524658203125 0.98016357421875
0.0911636352539063 -0.0376205444335938 0.0213546752929688 0.0848312377929688
0.0536689758300781 -0.0416946411132813 0.5447998046875 -0.99127197265625
0.0466079711914063 -0.0327911376953125 -0.384521484375 -1.4522705078125
0.0470695495605469 0.000888824462890625 -1.2198486328125 -0.297119140625
0.0602226257324219 -0.0179328918457031 -0.69525146484375 0.72369384765625
0.0680999755859375 -0.0362510681152344 0.0342407226562501 0.7408447265625
0.00142860412597657 -0.0330448150634766 0.4476318359375 0.286773681640625
-0.0213108062744141 -0.0303134918212891 0.4771728515625 -0.210662841796875
-0.0106239318847656 -0.0622825622558594 -0.48876953125 0.156097412109375
0.00677108764648438 -0.0297946929931641 -0.441314697265625 -0.27239990234375
0.0876617431640625 -0.0533294677734375 0.0521240234375 -0.70208740234375
0.102897644042969 -0.0033111572265625 0.82684326171875 -0.6195068359375
0.00621795654296875 0.0399513244628906 1.1287841796875 0.4808349609375
-0.0395431518554688 -0.0474662780761719 0.3603515625 1.3629150390625
0.0182037353515625 -0.0360488891601563 -0.4879150390625 0.9970703125
0.0914154052734375 -0.0443115234375 0.0239181518554688 0.10113525390625
0.0530204772949219 -0.0458641052246094 0.58294677734375 -0.97027587890625
0.0482330322265625 -0.0321731567382813 -0.32373046875 -1.4765625
0.0553016662597656 0.00376129150390625 -1.216796875 -0.3531494140625
0.0682296752929688 -0.0182456970214844 -0.7362060546875 0.69342041015625
0.0733871459960938 -0.0368270874023437 -0.00506591796874993 0.73370361328125
0.00202178955078125 -0.0361595153808594 0.428924560546875 0.28759765625
-0.0246200561523437 -0.0372695922851563 0.4686279296875 -0.211700439453125
-0.0083770751953125 -0.0650482177734375 -0.49755859375 0.15972900390625
0.0033111572265625 -0.0316066741943359 -0.4652099609375 -0.2735595703125
0.0814590454101562 -0.0541610717773438 0.00750732421875004 -0.7105712890625
0.095458984375 -0.0045623779296875 0.781982421875 -0.65570068359375
0.00541687011718751 0.0405769348144531 1.1375732421875 0.424560546875
-0.0405769348144531 -0.0465202331542969 0.423095703125 1.33837890625
0.0182838439941406 -0.0366630554199219 -0.44708251953125 1.015869140625
0.0888290405273438 -0.0429916381835938 0.0272750854492188 0.118171691894531
0.0529861450195312 -0.0446739196777344 0.62042236328125 -0.951416015625
0.0489044189453125 -0.0313224792480469 -0.258056640625 -1.4989013671875
0.0526618957519531 0.0072479248046875 -1.2137451171875 -0.4111328125
0.0656547546386719 -0.0140113830566406 -0.77899169921875 0.66412353515625
0.0730514526367188 -0.03564453125 -0.04412841796875 0.72662353515625
0.00273513793945313 -0.037200927734375 0.411163330078125 0.287841796875
-0.0223007202148438 -0.0428619384765625 0.4613037109375 -0.2088623046875
-0.00210189819335938 -0.0637054443359375 -0.505706787109375 0.166229248046875
0.00311088562011719 -0.0291099548339844 -0.480377197265625 -0.274658203125
0.0702590942382813 -0.0496978759765625 -0.02777099609375 -0.7156982421875
0.0793914794921875 -0.00183868408203125 0.74774169921875 -0.67901611328125
-0.00452423095703125 0.0388450622558594 1.1441650390625 0.3814697265625
-0.0430755615234375 -0.0455169677734375 0.46435546875 1.314208984375
0.0189723968505859 -0.0336761474609375 -0.41485595703125 1.02728271484375
0.087646484375 -0.0340728759765625 0.0301971435546875 0.133087158203125
0.0532455444335938 -0.0385093688964844 0.65997314453125 -0.930908203125
0.0474205017089844 -0.0319709777832031 -0.1998291015625 -1.51171875
0.0410194396972656 0.00626373291015625 -1.203125 -0.4619140625
0.0523452758789063 -0.00547409057617188 -0.81475830078125 0.63494873046875
0.0632286071777344 -0.0297660827636719 -0.0772705078125001 0.71466064453125
0.00386810302734375 -0.035186767578125 0.399627685546875 0.286956787109375
-0.0171165466308594 -0.0435256958007812 0.456939697265625 -0.21051025390625
0.0312843322753906 -0.0199642181396484 -0.47283935546875 0.160552978515625
0.0288181304931641 0.00191307067871094 -0.38385009765625 -0.264312744140625
0.0275611877441406 -0.00640678405761719 0.1578369140625 -0.69110107421875
-0.0107402801513672 0.0217170715332031 0.92474365234375 -0.53033447265625
-0.0829696655273437 0.014984130859375 1.10687255859375 0.6077880859375
-0.0502548217773438 -0.0560760498046875 0.224365234375 1.419677734375
0.03741455078125 0.0154571533203125 -0.5760498046875 0.95343017578125
0.0903778076171875 0.027679443359375 0.025360107421875 0.06329345703125
0.0672874450683594 0.0022430419921875 0.51202392578125 -1.00677490234375
0.0271682739257813 -0.0381927490234375 -0.4482421875 -1.418701171875
-0.0373725891113281 -0.00658416748046875 -1.2222900390625 -0.2332763671875
-0.0306949615478516 0.0241241455078125 -0.640625 0.7550048828125
0.00853919982910156 -0.00243902206420898 0.0906372070312499 0.75042724609375
0.0147476196289062 -0.00357341766357422 0.483642578125 0.288665771484375
0.0208473205566406 0.0040740966796875 0.49566650390625 -0.204925537109375
0.0190715789794922 -0.0287914276123047 -0.47003173828125 0.158660888671875
0.0266437530517578 -0.00395965576171875 -0.38153076171875 -0.2628173828125
0.0461921691894531 -0.0178680419921875 0.166748046875 -0.6820068359375
0.0205211639404297 0.0174560546875 0.93280029296875 -0.51947021484375
-0.0603713989257813 0.0199661254882813 1.09747314453125 0.6220703125
-0.0463905334472656 -0.0537681579589844 0.2034912109375 1.4249267578125
0.034637451171875 0.00467681884765625 -0.5870361328125 0.949951171875
0.09112548828125 0.0091094970703125 0.0218391418457031 0.0596733093261719
0.0645599365234375 -0.0097808837890625 0.4990234375 -1.01409912109375
0.0315475463867188 -0.0362930297851563 -0.46142578125 -1.41357421875
-0.014617919921875 -0.005950927734375 -1.2193603515625 -0.218994140625
-0.00604248046875 0.0110177993774414 -0.62957763671875 0.76068115234375
0.0237560272216797 -0.0116939544677734 0.09820556640625 0.74951171875
0.011012077331543 -0.010584831237793 0.483612060546875 0.284271240234375
0.00851821899414063 -0.00307083129882813 0.491912841796875 -0.210479736328125
0.00757598876953125 -0.0375137329101563 -0.469451904296875 0.1580810546875
0.0206069946289063 -0.011260986328125 -0.386932373046875 -0.26214599609375
0.0645713806152344 -0.0277595520019531 0.1544189453125 -0.68206787109375
0.0529899597167969 0.0105209350585938 0.92388916015625 -0.532958984375
-0.0386924743652344 0.0275306701660156 1.103515625 0.6090087890625
-0.0429611206054687 -0.0510215759277344 0.2193603515625 1.4200439453125
0.0306396484375 -0.0087127685546875 -0.57745361328125 0.953369140625
0.0912933349609375 -0.009796142578125 0.0190887451171875 0.0622596740722656
0.0598373413085938 -0.0229682922363281 0.499267578125 -1.0128173828125
0.0376472473144531 -0.0353012084960938 -0.461181640625 -1.414794921875
0.00933933258056641 -0.00473403930664063 -1.22021484375 -0.223388671875
0.0196857452392578 -0.00168037414550781 -0.63360595703125 0.76043701171875
0.0411109924316406 -0.0222358703613281 0.09149169921875 0.7491455078125
0.00620841979980469 -0.0180492401123047 0.477874755859375 0.284332275390625
-0.00284767150878906 -0.0111112594604492 0.488311767578125 -0.211212158203125
-0.00220108032226562 -0.0469245910644531 -0.47393798828125 0.1553955078125
0.0165767669677734 -0.0199718475341797 -0.401275634765625 -0.26239013671875
0.079315185546875 -0.0387649536132813 0.12786865234375 -0.68682861328125
0.0791168212890625 0.00489044189453125 0.900390625 -0.5567626953125
-0.0178642272949219 0.0332622528076172 1.1092529296875 0.57647705078125
-0.0412826538085938 -0.0496406555175781 0.2520751953125 1.40625
0.0248832702636719 -0.0192146301269531 -0.5556640625 0.96551513671875
0.0917892456054688 -0.02532958984375 0.0198287963867188 0.071441650390625
0.0557937622070313 -0.0344085693359375 0.5157470703125 -1.00592041015625
0.0424690246582031 -0.0340690612792969 -0.4324951171875 -1.4296875
0.0313224792480469 -0.00300788879394531 -1.2181396484375 -0.2537841796875
0.0420951843261719 -0.0125961303710937 -0.658203125 0.7437744140625
0.0557518005371094 -0.0295906066894531 0.06732177734375 0.74713134765625
0.00279426574707031 -0.0264492034912109 0.4656982421875 0.2864990234375
-0.0142192840576172 -0.0215568542480469 0.482818603515625 -0.210906982421875
-0.008331298828125 -0.0546951293945313 -0.48162841796875 0.154022216796875
0.0105361938476563 -0.0249824523925781 -0.42108154296875 -0.26806640625
0.0869140625 -0.0482711791992188 0.0954589843749999 -0.69281005859375
0.0967864990234375 -0.00038909912109375 0.87115478515625 -0.58447265625
-0.0018310546875 0.0387039184570312 1.1224365234375 0.534912109375
-0.0394630432128906 -0.0474662780761719 0.298095703125 1.3890380859375
0.0207271575927734 -0.0290336608886719 -0.53131103515625 0.97998046875
0.0908966064453125 -0.0381927490234375 0.0203781127929688 0.0852127075195313
0.0530052185058594 -0.0431671142578125 0.54583740234375 -0.9869384765625
0.0462188720703125 -0.0334129333496094 -0.3819580078125 -1.4539794921875
0.0471115112304688 0.00112152099609375 -1.2198486328125 -0.3046875
0.0592536926269531 -0.0186920166015625 -0.69580078125 0.7227783203125
0.0677642822265625 -0.0363960266113281 0.0326538085937501 0.7420654296875
0.00166130065917969 -0.0327377319335938 0.448089599609375 0.28851318359375
-0.0215530395507813 -0.0303058624267578 0.478515625 -0.211273193359375
-0.011138916015625 -0.0623092651367187 -0.488311767578125 0.1561279296875
0.00690460205078125 -0.028656005859375 -0.44091796875 -0.2713623046875
0.0873489379882813 -0.0532684326171875 0.05352783203125 -0.7022705078125
0.101997375488281 -0.00411224365234375 0.82733154296875 -0.61724853515625
0.00682449340820313 0.0399971008300781 1.1300048828125 0.482666015625
-0.03857421875 -0.0459861755371094 0.35400390625 1.366455078125
0.0182647705078125 -0.0350799560546875 -0.49267578125 0.9989013671875
0.089630126953125 -0.0447998046875 0.0228652954101563 0.101493835449219
0.0516624450683594 -0.0464706420898438 0.5850830078125 -0.968994140625
0.0490875244140625 -0.0322151184082031 -0.3209228515625 -1.4779052734375
0.0537796020507812 0.004364013671875 -1.2152099609375 -0.3585205078125
0.0678825378417969 -0.0190086364746094 -0.738037109375 0.69268798828125
0.0733566284179688 -0.03802490234375 -0.00732421874999997 0.7333984375
0.00182723999023438 -0.0363044738769531 0.4293212890625 0.287567138671875
-0.0246505737304688 -0.0377922058105469 0.468414306640625 -0.21185302734375
-0.00880813598632813 -0.0652122497558594 -0.497589111328125 0.15960693359375
0.00316238403320313 -0.0312938690185547 -0.462127685546875 -0.27288818359375
0.0803070068359375 -0.0537490844726563 0.01129150390625 -0.70977783203125
0.0954666137695313 -0.004974365234375 0.7862548828125 -0.65399169921875
0.00557708740234375 0.0411605834960938 1.1376953125 0.4278564453125
-0.0396690368652344 -0.0453720092773438 0.41357421875 1.34033203125
0.0184745788574219 -0.0363731384277344 -0.45379638671875 1.013671875
0.0882186889648438 -0.0425567626953125 0.026153564453125 0.118743896484375
0.0527191162109375 -0.0451431274414063 0.62445068359375 -0.94830322265625
0.0480232238769531 -0.032073974609375 -0.2562255859375 -1.5
0.0513992309570313 0.00704574584960938 -1.2095947265625 -0.4163818359375
0.0659751892089844 -0.01373291015625 -0.7823486328125 0.65960693359375
0.0730361938476562 -0.0351028442382812 -0.04888916015625 0.72320556640625
0.00231552124023438 -0.0377998352050781 0.411651611328125 0.289825439453125
-0.0222816467285156 -0.0429496765136719 0.462432861328125 -0.208221435546875
-0.00165176391601563 -0.0636749267578125 -0.50634765625 0.165985107421875
0.00267791748046875 -0.0297183990478516 -0.48138427734375 -0.273895263671875
0.0697555541992188 -0.0499114990234375 -0.0255737304687499 -0.7169189453125
0.07940673828125 -0.001922607421875 0.7490234375 -0.6787109375
-0.00434112548828125 0.0399932861328125 1.1439208984375 0.3804931640625
-0.0427131652832031 -0.0446853637695312 0.4595947265625 1.3199462890625
0.0192890167236328 -0.0320091247558594 -0.421142578125 1.02685546875
0.0873260498046875 -0.0352706909179688 0.0296630859375 0.132492065429688
0.053314208984375 -0.0390396118164063 0.66424560546875 -0.9249267578125
0.0477104187011719 -0.031768798828125 -0.1934814453125 -1.5150146484375
0.0408172607421875 0.0054931640625 -1.201171875 -0.4638671875
0.0518836975097656 -0.0065460205078125 -0.8140869140625 0.6302490234375
0.0636749267578125 -0.02978515625 -0.079833984375 0.7135009765625
0.00359725952148438 -0.0349445343017578 0.399505615234375 0.287017822265625
-0.0158309936523438 -0.04229736328125 0.457611083984375 -0.2088623046875
0.0317401885986328 -0.0193061828613281 -0.47442626953125 0.1632080078125
0.0281658172607422 0.00254440307617188 -0.384613037109375 -0.2635498046875
0.0249805450439453 -0.00719833374023438 0.16009521484375 -0.69158935546875
-0.0115909576416016 0.0214290618896484 0.9268798828125 -0.53125
-0.0820999145507813 0.0151519775390625 1.1085205078125 0.61029052734375
-0.0490913391113281 -0.0545806884765625 0.220947265625 1.4237060546875
0.0376853942871094 0.0168190002441406 -0.58001708984375 0.95556640625
0.0893096923828125 0.0274124145507813 0.0246696472167969 0.0632896423339844
0.0681419372558594 0.001251220703125 0.5167236328125 -1.00677490234375
0.0271148681640625 -0.0387420654296875 -0.4454345703125 -1.4217529296875
-0.0383338928222656 -0.0072174072265625 -1.2222900390625 -0.2381591796875
-0.0311985015869141 0.024169921875 -0.642822265625 0.75469970703125
0.00758171081542969 -0.00279521942138672 0.0885620117187499 0.7506103515625
0.0147123336791992 -0.00262832641601563 0.48419189453125 0.289154052734375
0.0217151641845703 0.00405502319335938 0.496612548828125 -0.205780029296875
0.0183868408203125 -0.0277595520019531 -0.471954345703125 0.159454345703125
0.0252532958984375 -0.00382804870605469 -0.379425048828125 -0.262054443359375
0.04510498046875 -0.0172080993652344 0.166748046875 -0.6827392578125
0.0200424194335937 0.016326904296875 0.93316650390625 -0.52099609375
-0.06103515625 0.0191650390625 1.099365234375 0.624755859375
-0.0453910827636719 -0.0537986755371094 0.1981201171875 1.4266357421875
0.0344486236572266 0.00549697875976562 -0.59326171875 0.94976806640625
0.0906219482421875 0.00904083251953125 0.020294189453125 0.0596084594726562
0.0640945434570313 -0.0109672546386719 0.5028076171875 -1.0133056640625
0.0326347351074219 -0.0377197265625 -0.4603271484375 -1.419189453125
-0.0158605575561523 -0.00548648834228516 -1.2193603515625 -0.2235107421875
-0.00624275207519531 0.0106306076049805 -0.63214111328125 0.75848388671875
0.0230503082275391 -0.0117378234863281 0.0963134765624999 0.75018310546875
0.0103416442871094 -0.010228157043457 0.48309326171875 0.28466796875
0.00989437103271484 -0.00225162506103516 0.491943359375 -0.212188720703125
0.00820159912109375 -0.0378570556640625 -0.47174072265625 0.1580810546875
0.0197544097900391 -0.0108242034912109 -0.38690185546875 -0.2613525390625
0.0639915466308594 -0.0278968811035156 0.15704345703125 -0.68304443359375
0.0515556335449219 0.01025390625 0.92706298828125 -0.53131103515625
-0.0387382507324219 0.0274543762207031 1.10357666015625 0.61236572265625
-0.0435714721679687 -0.0518951416015625 0.2149658203125 1.42333984375
0.03076171875 -0.00710487365722656 -0.58245849609375 0.95721435546875
0.0909500122070313 -0.00997161865234375 0.0194473266601563 0.0627937316894531
0.0599441528320312 -0.0247116088867187 0.50341796875 -1.01165771484375
0.0363616943359375 -0.0362472534179688 -0.459228515625 -1.4178466796875
0.00928783416748047 -0.00454235076904297 -1.221923828125 -0.2281494140625
0.0197334289550781 -0.00376510620117188 -0.63665771484375 0.7608642578125
0.041015625 -0.0221748352050781 0.0903930664062501 0.75030517578125
0.00598335266113281 -0.0188446044921875 0.479278564453125 0.285858154296875
-0.00192928314208984 -0.0108528137207031 0.4893798828125 -0.210784912109375
-0.00241851806640625 -0.0464668273925781 -0.47479248046875 0.15716552734375
0.0156326293945312 -0.0193023681640625 -0.40203857421875 -0.261993408203125
0.0781326293945313 -0.04010009765625 0.12933349609375 -0.6878662109375
0.08013916015625 0.0047760009765625 0.90283203125 -0.55621337890625
-0.0175418853759766 0.0341548919677734 1.11151123046875 0.57958984375
-0.0402107238769531 -0.0489387512207031 0.24755859375 1.41015625
0.0258159637451172 -0.0186100006103516 -0.5596923828125 0.96807861328125
0.091094970703125 -0.0263595581054688 0.0195770263671875 0.0716018676757812
0.0564613342285156 -0.0340957641601563 0.51800537109375 -1.00390625
0.0425148010253906 -0.0355415344238281 -0.4300537109375 -1.434326171875
0.0319747924804688 -0.00314712524414063 -1.2205810546875 -0.2564697265625
0.0418319702148438 -0.012725830078125 -0.66131591796875 0.74383544921875
0.0554161071777344 -0.0312004089355469 0.064453125 0.74749755859375
0.00311851501464844 -0.0257320404052734 0.4669189453125 0.288665771484375
-0.0141029357910156 -0.0207424163818359 0.484039306640625 -0.21075439453125
-0.00793075561523437 -0.0555648803710938 -0.481597900390625 0.1531982421875
0.010284423828125 -0.0257492065429688 -0.41986083984375 -0.267974853515625
0.086181640625 -0.0475845336914063 0.0975341796875 -0.69677734375
0.0966796875 -0.00107574462890625 0.873291015625 -0.58587646484375
-0.00121307373046875 0.0392265319824219 1.12255859375 0.53741455078125
-0.0404129028320313 -0.0479545593261719 0.29443359375 1.3914794921875
0.0217857360839844 -0.0291938781738281 -0.535400390625 0.980224609375
0.0908660888671875 -0.0385665893554688 0.0188980102539063 0.0863494873046875
0.0535964965820312 -0.0435943603515625 0.55194091796875 -0.98797607421875
0.0466461181640625 -0.0336227416992188 -0.3800048828125 -1.456787109375
0.0477485656738281 0.000179290771484375 -1.2208251953125 -0.3082275390625
0.0600738525390625 -0.01849365234375 -0.69854736328125 0.72119140625
0.067474365234375 -0.035247802734375 0.0297241210937501 0.742431640625
0.00153541564941406 -0.0326118469238281 0.448211669921875 0.289764404296875
-0.0201396942138672 -0.0304317474365234 0.47747802734375 -0.21246337890625
-0.0113525390625 -0.062591552734375 -0.4901123046875 0.15618896484375
0.00607681274414063 -0.0295639038085938 -0.44085693359375 -0.27215576171875
0.0865402221679687 -0.05377197265625 0.056884765625 -0.70404052734375
0.101417541503906 -0.00601959228515625 0.8299560546875 -0.6173095703125
0.0072021484375 0.04083251953125 1.1309814453125 0.486328125
-0.0382118225097656 -0.047454833984375 0.3485107421875 1.3687744140625
0.0193500518798828 -0.0349864959716797 -0.495849609375 0.99859619140625
0.0884552001953125 -0.0456695556640625 0.02313232421875 0.101776123046875
0.052520751953125 -0.0482940673828125 0.58978271484375 -0.96820068359375
0.04864501953125 -0.0331039428710938 -0.31591796875 -1.484130859375
0.0538978576660156 0.0034637451171875 -1.2132568359375 -0.363037109375
0.0687599182128906 -0.0186920166015625 -0.7418212890625 0.6907958984375
0.0741348266601563 -0.0372314453125 -0.00976562500000006 0.733154296875
0.000896453857421876 -0.0365180969238281 0.430877685546875 0.290191650390625
-0.023651123046875 -0.0386199951171875 0.4688720703125 -0.21258544921875
-0.00894165039062501 -0.0639610290527344 -0.499847412109375 0.16015625
0.00218582153320312 -0.0302257537841797 -0.462982177734375 -0.273284912109375
0.0794830322265625 -0.0552978515625 0.01214599609375 -0.71173095703125
0.0952911376953125 -0.0056915283203125 0.7884521484375 -0.65509033203125
0.00704574584960938 0.0412445068359375 1.1376953125 0.4298095703125
-0.0392875671386719 -0.0449638366699219 0.409912109375 1.343505859375
0.0175132751464844 -0.0363273620605469 -0.45550537109375 1.01409912109375
0.0869369506835938 -0.0429000854492187 0.026214599609375 0.117927551269531
0.0521240234375 -0.0476646423339844 0.628173828125 -0.9490966796875
0.0483169555664063 -0.0330009460449219 -0.253173828125 -1.500732421875
0.0532684326171875 0.005950927734375 -1.20947265625 -0.421142578125
0.0654182434082031 -0.0148735046386719 -0.78472900390625 0.6607666015625
0.07318115234375 -0.0356903076171875 -0.0496826171875 0.72528076171875
0.00174713134765625 -0.0374946594238281 0.412200927734375 0.289886474609375
-0.0218620300292969 -0.0428466796875 0.464080810546875 -0.210113525390625
-0.00274658203125 -0.0641212463378906 -0.507904052734375 0.16668701171875
0.00122642517089844 -0.0295372009277344 -0.4803466796875 -0.272857666015625
0.0687179565429688 -0.0506439208984375 -0.0245971679687501 -0.71771240234375
0.0772705078125 -0.00189208984375 0.7513427734375 -0.67864990234375
-0.00357818603515625 0.04046630859375 1.144287109375 0.3861083984375
-0.0436897277832031 -0.0443000793457031 0.457275390625 1.3204345703125
0.0180568695068359 -0.0328006744384766 -0.4244384765625 1.02850341796875
0.0873260498046875 -0.0359344482421875 0.0286636352539063 0.1334228515625
0.0533409118652344 -0.0401420593261719 0.6673583984375 -0.92449951171875
0.047760009765625 -0.0337486267089844 -0.18994140625 -1.517578125
0.0408592224121094 0.00703048706054688 -1.200439453125 -0.4703369140625
0.053375244140625 -0.00609207153320313 -0.81744384765625 0.63092041015625
0.0629692077636719 -0.030426025390625 -0.0819702148437501 0.71478271484375
0.00422286987304687 -0.0352554321289063 0.40032958984375 0.2867431640625
-0.0152053833007813 -0.0444984436035156 0.458526611328125 -0.210479736328125
0.0310115814208984 -0.0193767547607422 -0.47698974609375 0.1640625
0.0279769897460937 0.00290870666503906 -0.384979248046875 -0.26287841796875
0.0247898101806641 -0.00723648071289062 0.16119384765625 -0.692626953125
-0.0126457214355469 0.0204315185546875 0.93145751953125 -0.533935546875
-0.0825881958007813 0.0168304443359375 1.1107177734375 0.6143798828125
-0.0491485595703125 -0.0543708801269531 0.21630859375 1.4305419921875
0.0385665893554688 0.0179862976074219 -0.586181640625 0.95867919921875
0.0891952514648437 0.02734375 0.0233383178710938 0.0641860961914063
0.0674781799316406 0.0007781982421875 0.51947021484375 -1.00909423828125
0.0267715454101562 -0.0385055541992188 -0.44482421875 -1.4276123046875
-0.0381011962890625 -0.00702667236328125 -1.225341796875 -0.239501953125
-0.0316829681396484 0.0227336883544922 -0.64630126953125 0.7574462890625
0.00773096084594726 -0.00148963928222656 0.0858154296875 0.75408935546875
0.0141963958740234 -0.00239181518554688 0.48736572265625 0.290863037109375
0.0214900970458984 0.00232315063476563 0.499420166015625 -0.2061767578125
0.0192699432373047 -0.0271377563476563 -0.472808837890625 0.16033935546875
0.0248966217041016 -0.00400543212890625 -0.38299560546875 -0.262481689453125
0.0433006286621094 -0.0174484252929687 0.168701171875 -0.68475341796875
0.0196304321289063 0.0161190032958984 0.93914794921875 -0.52197265625
-0.0617332458496094 0.0209693908691406 1.10101318359375 0.6295166015625
-0.0443115234375 -0.0519371032714844 0.1939697265625 1.435302734375
0.0345859527587891 0.00603294372558594 -0.59893798828125 0.95477294921875
0.0904388427734375 0.00864410400390625 0.0199050903320313 0.0602989196777344
0.0643806457519531 -0.0112724304199219 0.5067138671875 -1.0164794921875
0.03192138671875 -0.0373306274414063 -0.4576416015625 -1.4244384765625
-0.0147972106933594 -0.00672817230224609 -1.221435546875 -0.229248046875
-0.00652408599853515 0.0100240707397461 -0.6373291015625 0.7596435546875
0.0227890014648438 -0.0114593505859375 0.093994140625 0.7525634765625
0.0104846954345703 -0.0101499557495117 0.4881591796875 0.28680419921875
0.00938129425048828 -0.00287723541259766 0.494781494140625 -0.21258544921875
0.00801467895507813 -0.0365180969238281 -0.47332763671875 0.159637451171875
0.0202846527099609 -0.0106029510498047 -0.389373779296875 -0.26165771484375
0.0640411376953125 -0.028472900390625 0.15924072265625 -0.68634033203125
0.0519332885742188 0.0100746154785156 0.93048095703125 -0.53460693359375
-0.0388107299804688 0.0281906127929688 1.1085205078125 0.615966796875
-0.0428619384765625 -0.0500411987304688 0.2139892578125 1.4283447265625
0.0306987762451172 -0.00676345825195313 -0.588134765625 0.95733642578125
0.0913925170898437 -0.00965118408203125 0.0189552307128906 0.0634651184082031
0.0606689453125 -0.0247573852539062 0.50616455078125 -1.01318359375
0.0366897583007813 -0.0372276306152344 -0.4578857421875 -1.4239501953125
0.00940513610839844 -0.0048980712890625 -1.222900390625 -0.232666015625
0.0196857452392578 -0.00389862060546875 -0.639404296875 0.76092529296875
0.0401496887207031 -0.0209617614746094 0.0886230468749999 0.7528076171875
0.00521278381347656 -0.0173940658569336 0.481597900390625 0.288543701171875
-0.00233936309814453 -0.0119457244873047 0.491058349609375 -0.21221923828125
-0.00191497802734375 -0.0465202331542969 -0.47711181640625 0.157684326171875
0.0149364471435547 -0.0187416076660156 -0.403106689453125 -0.263885498046875
0.0772933959960938 -0.0399169921875 0.1318359375 -0.69000244140625
0.0784530639648438 0.00447845458984375 0.90802001953125 -0.55859375
-0.0176906585693359 0.0351123809814453 1.113037109375 0.5831298828125
-0.0402679443359375 -0.0479965209960938 0.2437744140625 1.4178466796875
0.0264053344726562 -0.0189094543457031 -0.56842041015625 0.97198486328125
0.0907745361328125 -0.0275039672851562 0.017730712890625 0.0731048583984375
0.056396484375 -0.0364494323730469 0.5205078125 -1.0059814453125
0.041961669921875 -0.0365753173828125 -0.4293212890625 -1.4398193359375
0.0313835144042969 -0.00227165222167969 -1.221923828125 -0.2620849609375
0.0419883728027344 -0.0137062072753906 -0.6644287109375 0.74578857421875
0.0547409057617188 -0.0307807922363281 0.065185546875 0.74920654296875
0.00258445739746094 -0.0257549285888672 0.468414306640625 0.2890625
-0.0123805999755859 -0.0214138031005859 0.4859619140625 -0.214599609375
-0.00810241699218749 -0.0550117492675781 -0.48419189453125 0.15618896484375
0.00971031188964844 -0.0244712829589844 -0.420684814453125 -0.26678466796875
0.084991455078125 -0.04901123046875 0.0989379882812499 -0.6978759765625
0.0965118408203125 -0.00075531005859375 0.87738037109375 -0.584716796875
-0.0016937255859375 0.0394554138183594 1.1259765625 0.5411376953125
-0.0403785705566406 -0.0462379455566406 0.290283203125 1.3997802734375
0.0222663879394531 -0.0286045074462891 -0.54058837890625 0.9859619140625
0.0894546508789063 -0.0392379760742188 0.01953125 0.086761474609375
0.0530052185058594 -0.0453834533691406 0.555419921875 -0.98809814453125
0.0463066101074219 -0.0350532531738281 -0.3763427734375 -1.463623046875
0.0474052429199219 0.000545501708984375 -1.2235107421875 -0.3126220703125
0.0591545104980469 -0.0197906494140625 -0.70330810546875 0.72271728515625
0.0681076049804687 -0.0352249145507812 0.029052734375 0.744384765625
0.000530242919921875 -0.0306758880615234 0.450775146484375 0.289459228515625
-0.0196781158447266 -0.0315074920654297 0.47991943359375 -0.213226318359375
-0.0105667114257813 -0.0609397888183594 -0.495086669921875 0.15771484375
0.00585746765136719 -0.0288276672363281 -0.442169189453125 -0.271514892578125
0.0868606567382813 -0.054351806640625 0.0572509765625 -0.7059326171875
0.101966857910156 -0.0052490234375 0.8338623046875 -0.61907958984375
0.00707626342773438 0.0415306091308594 1.1337890625 0.488525390625
-0.0378036499023438 -0.0459823608398438 0.34765625 1.375732421875
0.0183067321777344 -0.0343608856201172 -0.50189208984375 1.00311279296875
0.08941650390625 -0.0460128784179687 0.0221176147460938 0.103248596191406
0.0511436462402344 -0.0489883422851563 0.59185791015625 -0.96905517578125
0.0480728149414063 -0.0342025756835938 -0.3140869140625 -1.488525390625
0.0548171997070313 0.00353622436523438 -1.2186279296875 -0.3675537109375
0.0676460266113281 -0.0199356079101563 -0.74652099609375 0.6925048828125
0.0741424560546875 -0.037750244140625 -0.01031494140625 0.73443603515625
0.000312805175781248 -0.0357017517089844 0.432098388671875 0.290069580078125
-0.0231552124023437 -0.0386924743652344 0.468719482421875 -0.214324951171875
-0.00930404663085937 -0.0637969970703125 -0.502349853515625 0.1610107421875
0.00113296508789062 -0.0298404693603516 -0.46405029296875 -0.273468017578125
0.0794296264648438 -0.0562286376953125 0.01171875 -0.715087890625
0.0945968627929688 -0.00521087646484375 0.791015625 -0.657958984375
0.005615234375 0.0421371459960938 1.1429443359375 0.4345703125
-0.0393028259277344 -0.0440139770507813 0.408203125 1.3486328125
0.0175056457519531 -0.0354385375976563 -0.46063232421875 1.019775390625
0.0878372192382812 -0.0447540283203125 0.0253829956054688 0.119956970214844
0.0519866943359375 -0.0477943420410156 0.63134765625 -0.94879150390625
0.0487213134765625 -0.0335044860839844 -0.2498779296875 -1.5096435546875
0.0522308349609375 0.00544357299804688 -1.2119140625 -0.42626953125
0.06610107421875 -0.0149574279785156 -0.78594970703125 0.66064453125
0.0721588134765625 -0.0354156494140625 -0.0517578125 0.72698974609375
0.00243759155273438 -0.0360450744628906 0.415771484375 0.29217529296875
-0.0210304260253906 -0.0434379577636719 0.46575927734375 -0.21051025390625
-0.00276947021484376 -0.0628509521484375 -0.510101318359375 0.1678466796875
0.00165748596191406 -0.0285701751708984 -0.481597900390625 -0.2750244140625
0.0674705505371094 -0.0505905151367188 -0.024658203125 -0.72119140625
0.0786285400390625 -0.00374603271484375 0.751953125 -0.68048095703125
-0.00329971313476563 0.0414810180664063 1.150146484375 0.389404296875
-0.0426063537597656 -0.0444717407226563 0.455322265625 1.3292236328125
0.0183658599853516 -0.0316371917724609 -0.43023681640625 1.0328369140625
0.0863800048828125 -0.0376205444335938 0.0278167724609375 0.135108947753906
0.0537376403808594 -0.0418128967285156 0.67120361328125 -0.92730712890625
0.0478401184082031 -0.0335159301757813 -0.1888427734375 -1.5230712890625
0.0406036376953125 0.00672531127929688 -1.2021484375 -0.4735107421875
0.0534629821777344 -0.00555419921875 -0.82135009765625 0.63165283203125
0.0627479553222656 -0.0304374694824219 -0.0843505859375 0.71697998046875
0.00332260131835938 -0.0352363586425781 0.4019775390625 0.28875732421875
-0.0158157348632812 -0.0435981750488281 0.459442138671875 -0.210357666015625
0.0308876037597656 -0.0184726715087891 -0.479339599609375 0.165069580078125
0.0271263122558594 0.00262832641601563 -0.388336181640625 -0.26409912109375
0.0238533020019531 -0.00815200805664063 0.16180419921875 -0.69793701171875
-0.0133571624755859 0.0207939147949219 0.9361572265625 -0.53814697265625
-0.0824508666992188 0.017364501953125 1.11639404296875 0.62103271484375
-0.0481948852539063 -0.0544242858886719 0.214599609375 1.439208984375
0.0386924743652344 0.018402099609375 -0.59088134765625 0.961181640625
0.0883636474609375 0.0269012451171875 0.0242462158203125 0.0660438537597656
0.068359375 0.000438690185546875 0.52447509765625 -1.01239013671875
0.02716064453125 -0.0407600402832031 -0.44580078125 -1.437744140625
-0.0389823913574219 -0.0070953369140625 -1.22900390625 -0.243896484375
-0.0310840606689453 0.0228214263916016 -0.65069580078125 0.75823974609375
0.00630617141723633 -0.00226497650146484 0.085205078125 0.75592041015625
0.0144882202148438 -0.00238990783691406 0.4901123046875 0.291900634765625
0.0225925445556641 0.00212860107421875 0.500030517578125 -0.2093505859375
0.0191192626953125 -0.0267868041992188 -0.4761962890625 0.16290283203125
0.0255680084228516 -0.00275802612304688 -0.38360595703125 -0.261688232421875
0.0431137084960938 -0.0185356140136719 0.17120361328125 -0.688720703125
0.0188179016113281 0.0149364471435547 0.9442138671875 -0.52520751953125
-0.0614700317382813 0.0225715637207031 1.10638427734375 0.63153076171875
-0.0446090698242188 -0.0518798828125 0.194580078125 1.4425048828125
0.0355148315429688 0.00746917724609375 -0.6038818359375 0.95947265625
0.0905075073242188 0.00841522216796875 0.0201416015625 0.0621795654296875
0.0644569396972656 -0.0127029418945313 0.510009765625 -1.018310546875
0.0322227478027344 -0.0389595031738281 -0.4595947265625 -1.4322509765625
-0.0150146484375 -0.00668525695800781 -1.227783203125 -0.2305908203125
-0.00586414337158203 0.0105571746826172 -0.63922119140625 0.763916015625
0.021942138671875 -0.0115375518798828 0.0936279296875001 0.7568359375
0.00989437103271484 -0.0105190277099609 0.49066162109375 0.287139892578125
0.009765625 -0.00256824493408203 0.4974365234375 -0.21527099609375
0.00770187377929687 -0.0362434387207031 -0.475982666015625 0.161376953125
0.0197467803955078 -0.0101108551025391 -0.391571044921875 -0.261962890625
0.062347412109375 -0.0295906066894531 0.1600341796875 -0.68914794921875
0.0502815246582031 0.00986862182617188 0.9339599609375 -0.5364990234375
-0.0381813049316406 0.0286788940429687 1.11309814453125 0.6185302734375
-0.0424842834472656 -0.0493431091308594 0.2091064453125 1.43701171875
0.0302047729492187 -0.0066680908203125 -0.59246826171875 0.9630126953125
0.0905685424804688 -0.0109710693359375 0.0177001953125 0.064178466796875
0.0598182678222656 -0.0254135131835937 0.509033203125 -1.01751708984375
0.0366020202636719 -0.0381698608398438 -0.458251953125 -1.432861328125
0.00991344451904297 -0.00566959381103516 -1.2276611328125 -0.233642578125
0.0194339752197266 -0.0027923583984375 -0.64208984375 0.76324462890625
0.0388641357421875 -0.0215568542480469 0.08935546875 0.75494384765625
0.00639915466308594 -0.0179710388183594 0.484649658203125 0.28778076171875
-0.00112247467041016 -0.0122871398925781 0.49249267578125 -0.21636962890625
-0.00240707397460938 -0.0459938049316406 -0.479583740234375 0.160858154296875
0.015228271484375 -0.019073486328125 -0.404327392578125 -0.26397705078125
0.0768585205078125 -0.0401763916015625 0.132568359375 -0.69293212890625
0.0775375366210937 0.00217437744140625 0.9111328125 -0.56170654296875
-0.0184478759765625 0.0353279113769531 1.11871337890625 0.588623046875
-0.0410881042480469 -0.0478897094726563 0.24267578125 1.4278564453125
0.026031494140625 -0.0185890197753906 -0.571044921875 0.97467041015625
0.0903167724609375 -0.027557373046875 0.0171966552734375 0.073638916015625
0.0561256408691406 -0.0368003845214844 0.52545166015625 -1.00946044921875
0.0414085388183594 -0.03656005859375 -0.430908203125 -1.4500732421875
0.0316104888916016 -0.0035247802734375 -1.2274169921875 -0.2662353515625
0.0424461364746094 -0.0144882202148438 -0.66900634765625 0.74835205078125
0.0544624328613281 -0.0308876037597656 0.06365966796875 0.7529296875
0.00139617919921875 -0.0259971618652344 0.472747802734375 0.2904052734375
-0.0130043029785156 -0.0222492218017578 0.487396240234375 -0.215606689453125
-0.0080718994140625 -0.0541877746582031 -0.487396240234375 0.15826416015625
0.00908088684082031 -0.0237159729003906 -0.423309326171875 -0.26763916015625
0.0850372314453125 -0.0497894287109375 0.1005859375 -0.70343017578125
0.0960540771484375 -0.0013580322265625 0.88104248046875 -0.5888671875
-0.00117874145507813 0.0404548645019531 1.1302490234375 0.545166015625
-0.0389785766601562 -0.0457420349121094 0.288818359375 1.40625
0.0218601226806641 -0.0271224975585937 -0.54583740234375 0.99041748046875
0.0905075073242188 -0.0401840209960938 0.0192947387695313 0.0876235961914063
0.0521507263183594 -0.04534912109375 0.55718994140625 -0.99334716796875
0.0463829040527344 -0.0368423461914063 -0.3787841796875 -1.47265625
0.0478363037109375 -0.00029754638671875 -1.227294921875 -0.3150634765625
0.0606346130371094 -0.0193367004394531 -0.70489501953125 0.7239990234375
0.0653724670410156 -0.0362396240234375 0.0286865234375 0.7479248046875
0.000547409057617188 -0.032379150390625 0.454254150390625 0.291015625
-0.0189342498779297 -0.0315208435058594 0.48138427734375 -0.21380615234375
-0.0113296508789063 -0.0613174438476562 -0.495758056640625 0.16082763671875
0.00471878051757813 -0.0282173156738281 -0.444488525390625 -0.27252197265625
0.0853347778320312 -0.056304931640625 0.0574951171875 -0.7093505859375
0.101318359375 -0.00699615478515625 0.83935546875 -0.62469482421875
0.00754547119140625 0.0410881042480469 1.1397705078125 0.4931640625
-0.0380325317382812 -0.0449447631835938 0.34619140625 1.3863525390625
0.0190544128417969 -0.0350322723388672 -0.5059814453125 1.0087890625
0.0894088745117188 -0.0463180541992188 0.0215072631835938 0.103752136230469
0.0507278442382813 -0.0498619079589844 0.59710693359375 -0.9722900390625
0.0475387573242188 -0.0359725952148438 -0.3148193359375 -1.4952392578125
0.0554275512695312 0.00324249267578125 -1.22119140625 -0.374267578125
0.0683479309082031 -0.0204200744628906 -0.7506103515625 0.6951904296875
0.0732955932617188 -0.0379486083984375 -0.0136108398437499 0.73883056640625
0.000865936279296874 -0.0358810424804687 0.4354248046875 0.29132080078125
-0.0232315063476562 -0.03924560546875 0.473052978515625 -0.215972900390625
-0.00913619995117187 -0.0639457702636719 -0.504486083984375 0.164825439453125
0.00127792358398437 -0.0303459167480469 -0.4674072265625 -0.2723388671875
0.0786819458007813 -0.0568466186523437 0.0128173828125 -0.717041015625
0.0952301025390625 -0.0066680908203125 0.79400634765625 -0.660888671875
0.0066986083984375 0.0422821044921875 1.148193359375 0.4359130859375
-0.0392875671386719 -0.0436630249023437 0.4100341796875 1.3580322265625
0.0180549621582031 -0.0352439880371094 -0.46575927734375 1.02642822265625
0.0871047973632813 -0.0454330444335938 0.0249404907226563 0.121658325195313
0.0513191223144531 -0.0484123229980469 0.63824462890625 -0.95172119140625
0.0484275817871094 -0.0341110229492187 -0.2486572265625 -1.51806640625
0.0526924133300781 0.00627899169921875 -1.218017578125 -0.429443359375
0.066650390625 -0.0159950256347656 -0.7935791015625 0.6632080078125
0.0713882446289063 -0.0350418090820313 -0.0538330078125 0.7305908203125
0.00133514404296875 -0.0380020141601563 0.416961669921875 0.29119873046875
-0.0213699340820312 -0.0443000793457031 0.466156005859375 -0.213897705078125
-0.00307083129882812 -0.0631027221679688 -0.51177978515625 0.170318603515625
1.71000349356339E-18 -0.0279273986816406 -0.485443115234375 -0.2740478515625
0.0666007995605469 -0.0522994995117188 -0.02410888671875 -0.7215576171875
0.0776596069335938 -0.00276947021484375 0.75848388671875 -0.68609619140625
-0.00396728515625 0.0421829223632813 1.1551513671875 0.39208984375
-0.0415267944335938 -0.0441856384277344 0.4560546875 1.337646484375
0.0190315246582031 -0.0306549072265625 -0.43511962890625 1.037109375
0.085601806640625 -0.0366439819335938 0.0285720825195313 0.137161254882813
0.0533027648925781 -0.0436172485351563 0.67486572265625 -0.9285888671875
0.0466117858886719 -0.0351448059082031 -0.1851806640625 -1.5325927734375
0.0405616760253906 0.00555801391601562 -1.20849609375 -0.47900390625
0.053436279296875 -0.00756454467773438 -0.8262939453125 0.63238525390625
0.0622062683105469 -0.0309104919433594 -0.08697509765625 0.71905517578125
0.00307846069335938 -0.0345649719238281 0.40472412109375 0.290557861328125
-0.0158348083496094 -0.0439071655273438 0.462493896484375 -0.214385986328125
0.0305805206298828 -0.0187549591064453 -0.481719970703125 0.16748046875
0.0264511108398438 0.00423812866210938 -0.390594482421875 -0.264739990234375
0.0223979949951172 -0.00874137878417969 0.1617431640625 -0.7015380859375
-0.0131301879882812 0.0199756622314453 0.9412841796875 -0.541015625
-0.0831680297851563 0.0180892944335937 1.1243896484375 0.6239013671875
-0.0482444763183594 -0.0529365539550781 0.2164306640625 1.4486083984375
0.0388526916503906 0.019683837890625 -0.596435546875 0.96881103515625
0.0881729125976563 0.0252914428710938 0.0231781005859375 0.0660972595214844
0.0669898986816406 9.5367431640625E-05 0.5257568359375 -1.0172119140625
0.0277671813964844 -0.0400199890136719 -0.450927734375 -1.4493408203125
-0.0383262634277344 -0.00714492797851562 -1.23388671875 -0.246826171875
-0.0329113006591797 0.0220966339111328 -0.65435791015625 0.7637939453125
0.0056605339050293 -0.00254726409912109 0.08746337890625 0.75921630859375
0.013331413269043 -0.00365543365478516 0.493072509765625 0.2926025390625
0.0223369598388672 0.00285530090332031 0.50274658203125 -0.213470458984375
0.0189762115478516 -0.0272464752197266 -0.480010986328125 0.164398193359375
0.0243129730224609 -0.0028228759765625 -0.3875732421875 -0.260894775390625
0.0424842834472656 -0.0183525085449219 0.17266845703125 -0.6923828125
0.0176601409912109 0.0155105590820313 0.95025634765625 -0.5286865234375
-0.0615119934082031 0.0226554870605469 1.11138916015625 0.634765625
-0.0447769165039062 -0.0508384704589844 0.1925048828125 1.4542236328125
0.0347175598144531 0.00848579406738281 -0.6070556640625 0.96807861328125
0.0886917114257812 0.00806427001953125 0.0187187194824219 0.0629844665527344
0.0645027160644531 -0.0132102966308594 0.51422119140625 -1.02410888671875
0.0316619873046875 -0.0395317077636719 -0.4600830078125 -1.441162109375
-0.0157241821289063 -0.0076751708984375 -1.2352294921875 -0.2325439453125
-0.00620841979980469 0.0102596282958984 -0.64385986328125 0.7662353515625
0.0222587585449219 -0.0118789672851563 0.0944824218750001 0.75994873046875
0.00942897796630859 -0.00937652587890625 0.49407958984375 0.289642333984375
0.011317253112793 -0.00378131866455078 0.49969482421875 -0.21795654296875
0.00736618041992187 -0.0365486145019531 -0.478179931640625 0.164642333984375
0.0192089080810547 -0.009552001953125 -0.392913818359375 -0.260589599609375
0.0618324279785156 -0.0307769775390625 0.1595458984375 -0.6934814453125
0.0506401062011719 0.00903701782226563 0.9410400390625 -0.54296875
-0.0379600524902344 0.0298881530761719 1.11944580078125 0.62298583984375
-0.0411338806152344 -0.0487747192382813 0.21044921875 1.4493408203125
0.0310611724853516 -0.005340576171875 -0.5975341796875 0.9715576171875
0.0901260375976563 -0.011962890625 0.0168418884277344 0.0651092529296875
0.0601539611816406 -0.02716064453125 0.51495361328125 -1.02398681640625
0.0379562377929688 -0.0381507873535156 -0.460693359375 -1.442626953125
0.00786352157592773 -0.00581455230712891 -1.237548828125 -0.236572265625
0.0189418792724609 -0.00427627563476563 -0.64495849609375 0.765869140625
0.0391273498535156 -0.0219573974609375 0.0881347656249999 0.76129150390625
0.00498104095458985 -0.0171289443969727 0.490081787109375 0.28814697265625
-0.000965118408203124 -0.0113010406494141 0.495452880859375 -0.2177734375
-0.00136566162109375 -0.0456771850585938 -0.482025146484375 0.1634521484375
0.0146474838256836 -0.0168600082397461 -0.406524658203125 -0.263092041015625
0.0764923095703125 -0.041656494140625 0.13409423828125 -0.69873046875
0.0774459838867188 0.0021820068359375 0.914306640625 -0.5638427734375
-0.0172080993652344 0.0357246398925781 1.1270751953125 0.5908203125
-0.0407142639160156 -0.0466575622558594 0.2430419921875 1.4371337890625
0.0260658264160156 -0.0169525146484375 -0.5780029296875 0.98126220703125
0.0902786254882813 -0.0289993286132813 0.0179367065429688 0.0753631591796875
0.0548477172851562 -0.0382537841796875 0.52972412109375 -1.01226806640625
0.0422554016113281 -0.0378761291503906 -0.430908203125 -1.4580078125
0.0318336486816406 -0.004150390625 -1.233642578125 -0.2672119140625
0.0420761108398438 -0.0146369934082031 -0.67205810546875 0.75262451171875
0.0547103881835938 -0.0303153991699219 0.0634765624999999 0.75830078125
0.00301742553710938 -0.0261058807373047 0.476409912109375 0.29058837890625
-0.0131511688232422 -0.0211105346679688 0.489105224609375 -0.2191162109375
-0.00760650634765626 -0.0554847717285156 -0.490447998046875 0.160980224609375
0.00905799865722656 -0.0225257873535156 -0.425079345703125 -0.268463134765625
0.083526611328125 -0.0509262084960938 0.0999755859375001 -0.70684814453125
0.0956268310546875 -0.0013275146484375 0.8857421875 -0.5965576171875
-0.00175094604492187 0.0400543212890625 1.1373291015625 0.5469970703125
-0.0387954711914063 -0.0456008911132813 0.2916259765625 1.42041015625
0.0229740142822266 -0.0262775421142578 -0.54974365234375 0.99609375
0.0894393920898438 -0.0415267944335938 0.018218994140625 0.0888671875
0.052032470703125 -0.0472946166992188 0.563720703125 -0.998779296875
0.0463714599609375 -0.0368080139160156 -0.382080078125 -1.48046875
0.048919677734375 -0.00096893310546875 -1.234130859375 -0.3177490234375
0.0597114562988281 -0.0212059020996094 -0.71087646484375 0.726806640625
0.0662269592285156 -0.0359725952148438 0.02862548828125 0.75274658203125
0.000389099121093747 -0.0326499938964844 0.456939697265625 0.293182373046875
-0.0198268890380859 -0.0310916900634766 0.483428955078125 -0.217315673828125
-0.01141357421875 -0.0608596801757812 -0.49847412109375 0.163299560546875
0.00558280944824218 -0.0272903442382813 -0.44720458984375 -0.27020263671875
0.0846939086914063 -0.0560226440429688 0.056884765625 -0.71533203125
0.101181030273438 -0.0071563720703125 0.8428955078125 -0.630615234375
0.00807571411132813 0.0425186157226563 1.1480712890625 0.4949951171875
-0.0383377075195313 -0.0437774658203125 0.34765625 1.3966064453125
0.0198040008544922 -0.0336971282958984 -0.51116943359375 1.0159912109375
0.0882034301757813 -0.0485153198242188 0.0215301513671875 0.105026245117188
0.0506973266601563 -0.0511131286621094 0.60101318359375 -0.9754638671875
0.0474205017089844 -0.03582763671875 -0.3162841796875 -1.5045166015625
0.0552864074707031 0.00281524658203125 -1.2266845703125 -0.3758544921875
0.0684661865234375 -0.0214080810546875 -0.75396728515625 0.69818115234375
0.0724258422851563 -0.0383682250976563 -0.0131225585937499 0.74383544921875
0.000831604003906247 -0.0359954833984375 0.43914794921875 0.292755126953125
-0.0228309631347656 -0.0384407043457031 0.47503662109375 -0.218505859375
-0.00903701782226562 -0.0634422302246094 -0.50665283203125 0.167694091796875
0.000814437866210936 -0.0284748077392578 -0.470458984375 -0.2728271484375
0.0778884887695313 -0.0571441650390625 0.01226806640625 -0.7227783203125
0.0941314697265625 -0.00775146484375 0.79840087890625 -0.66650390625
0.0065460205078125 0.0424041748046875 1.15625 0.4376220703125
-0.0389823913574219 -0.0427589416503906 0.410888671875 1.3680419921875
0.0182132720947266 -0.0345478057861328 -0.470458984375 1.03216552734375
0.08575439453125 -0.0458984375 0.0241317749023437 0.123390197753906
0.0517044067382812 -0.0494918823242188 0.6402587890625 -0.95574951171875
0.0475578308105469 -0.0354690551757813 -0.2498779296875 -1.52685546875
0.0523185729980469 0.00629425048828125 -1.2237548828125 -0.4322509765625
0.0664710998535156 -0.0162544250488281 -0.79620361328125 0.66668701171875
0.0712661743164063 -0.03582763671875 -0.05487060546875 0.73504638671875
0.00115585327148437 -0.0380439758300781 0.421661376953125 0.29296875
-0.0201950073242188 -0.04449462890625 0.4698486328125 -0.21514892578125
-0.00401687622070312 -0.0623321533203125 -0.515167236328125 0.174468994140625
0.00120353698730469 -0.0274696350097656 -0.489166259765625 -0.273223876953125
0.0651588439941406 -0.0529251098632813 -0.023193359375 -0.72821044921875
0.0778045654296875 -0.00432586669921875 0.7623291015625 -0.68914794921875
-0.002197265625 0.0432929992675781 1.160888671875 0.393798828125
-0.0415763854980469 -0.0426597595214844 0.4598388671875 1.348388671875
0.0189704895019531 -0.0306549072265625 -0.43548583984375 1.04620361328125
0.0853500366210938 -0.0385513305664063 0.0280532836914063 0.137847900390625
0.0527725219726563 -0.0438613891601563 0.67919921875 -0.93365478515625
0.048126220703125 -0.0364227294921875 -0.1884765625 -1.54345703125
0.0414161682128906 0.005035400390625 -1.212646484375 -0.4820556640625
0.0527305603027344 -0.00809860229492188 -0.83203125 0.6358642578125
0.0625228881835938 -0.0308685302734375 -0.0875244140625 0.724609375
0.00343704223632812 -0.0336227416992188 0.409149169921875 0.2911376953125
-0.0153617858886719 -0.0442047119140625 0.46429443359375 -0.2174072265625
0.0304431915283203 -0.0174160003662109 -0.485748291015625 0.1712646484375
0.0261058807373047 0.00371360778808594 -0.3944091796875 -0.26336669921875
0.0215969085693359 -0.00874900817871094 0.16107177734375 -0.705322265625
-0.0143890380859375 0.0208816528320313 0.9476318359375 -0.5484619140625
-0.083099365234375 0.0191650390625 1.1343994140625 0.6229248046875
-0.0492515563964844 -0.0511474609375 0.2177734375 1.459716796875
0.0395736694335938 0.0199546813964844 -0.6009521484375 0.97808837890625
0.0889129638671875 0.0258255004882813 0.0233726501464844 0.06756591796875
0.0673675537109375 -0.00064849853515625 0.5294189453125 -1.02557373046875
0.0263671875 -0.0411148071289063 -0.4547119140625 -1.4542236328125
-0.0403175354003906 -0.00699234008789062 -1.244384765625 -0.24755859375
-0.0331401824951172 0.0232162475585937 -0.65606689453125 0.77008056640625
0.00567913055419922 -0.00182294845581055 0.08990478515625 0.76556396484375
0.0137948989868164 -0.00251865386962891 0.49810791015625 0.29229736328125
0.0235404968261719 0.00271415710449219 0.506195068359375 -0.216094970703125
0.0185050964355469 -0.0255451202392578 -0.48291015625 0.16912841796875
0.0240993499755859 -0.00181198120117188 -0.390167236328125 -0.262054443359375
0.0416908264160156 -0.0192489624023438 0.1708984375 -0.69903564453125
0.0173330307006836 0.0131750106811523 0.95501708984375 -0.536865234375
-0.0613327026367188 0.0246810913085938 1.126708984375 0.6376953125
-0.0448646545410156 -0.0501747131347656 0.19775390625 1.4656982421875
0.036041259765625 0.008148193359375 -0.61279296875 0.975830078125
0.090362548828125 0.00653076171875 0.0193748474121094 0.0632286071777344
0.064239501953125 -0.0145797729492188 0.51593017578125 -1.02996826171875
0.032257080078125 -0.0418510437011719 -0.46728515625 -1.4505615234375
-0.0153255462646484 -0.00687503814697266 -1.241943359375 -0.2330322265625
-0.00698089599609375 0.00943851470947265 -0.6456298828125 0.774169921875
0.0222568511962891 -0.0114097595214844 0.095458984375 0.76507568359375
0.00875377655029297 -0.00872325897216797 0.501251220703125 0.28826904296875
0.0108652114868164 -0.00444316864013672 0.502105712890625 -0.221160888671875
0.0080108642578125 -0.0365257263183594 -0.482574462890625 0.169036865234375
0.0195159912109375 -0.00929641723632813 -0.396636962890625 -0.260589599609375
0.0620880126953125 -0.0313529968261719 0.16070556640625 -0.69989013671875
0.0500602722167969 0.00797271728515625 0.943603515625 -0.548828125
-0.0389137268066406 0.0301551818847656 1.1304931640625 0.6240234375
-0.0421943664550781 -0.0500411987304688 0.2154541015625 1.459716796875
0.0311641693115234 -0.0037689208984375 -0.600830078125 0.9803466796875
0.0898895263671875 -0.0130538940429688 0.0174560546875 0.06683349609375
0.060028076171875 -0.0257606506347656 0.51336669921875 -1.0303955078125
0.0364570617675781 -0.0392494201660156 -0.468017578125 -1.451171875
0.00959110260009766 -0.00641250610351563 -1.244140625 -0.23828125
0.0188522338867188 -0.00313186645507813 -0.647705078125 0.7752685546875
0.0391502380371094 -0.0224380493164062 0.0914306640625 0.76568603515625
0.00474929809570312 -0.0183029174804688 0.49481201171875 0.2890625
-0.001373291015625 -0.0118207931518555 0.498077392578125 -0.221588134765625
-0.00232315063476563 -0.0459251403808594 -0.4849853515625 0.167449951171875
0.0143470764160156 -0.0157327651977539 -0.411865234375 -0.26226806640625
0.0767059326171875 -0.0400848388671875 0.134521484375 -0.70343017578125
0.0774688720703125 0.00180816650390625 0.9227294921875 -0.571044921875
-0.0177841186523437 0.0370712280273438 1.136474609375 0.593994140625
-0.0397300720214844 -0.04656982421875 0.247314453125 1.4488525390625
0.0276718139648437 -0.0171146392822266 -0.57965087890625 0.993408203125
0.0885848999023438 -0.0291061401367187 0.01556396484375 0.0761642456054688
0.0542526245117188 -0.0391693115234375 0.5321044921875 -1.0203857421875
0.0420875549316406 -0.0378265380859375 -0.440185546875 -1.4669189453125
0.0313930511474609 -0.00453758239746094 -1.2430419921875 -0.265869140625
0.041229248046875 -0.015716552734375 -0.6767578125 0.76031494140625
0.0531692504882813 -0.0309524536132812 0.0650634765625 0.7635498046875
0.00141334533691406 -0.0266304016113281 0.48114013671875 0.29217529296875
-0.0128688812255859 -0.0232086181640625 0.492889404296875 -0.22113037109375
-0.00691986083984375 -0.0535774230957031 -0.492034912109375 0.16497802734375
0.00850296020507812 -0.0211505889892578 -0.430816650390625 -0.265960693359375
0.0836944580078125 -0.0513534545898438 0.1011962890625 -0.71148681640625
0.0964584350585938 -0.00153350830078125 0.89019775390625 -0.601806640625
-0.00228118896484375 0.0409660339355469 1.1463623046875 0.5504150390625
-0.0393562316894531 -0.0450210571289063 0.294189453125 1.427490234375
0.0226764678955078 -0.0273590087890625 -0.55267333984375 1.0062255859375
0.0888748168945313 -0.0431900024414063 0.0177764892578125 0.0903778076171875
0.0514183044433594 -0.0475692749023437 0.56243896484375 -1.00421142578125
0.0462493896484375 -0.0370445251464844 -0.3875732421875 -1.4901123046875
0.0484657287597656 -0.00157928466796875 -1.240478515625 -0.3187255859375
0.0600509643554688 -0.02154541015625 -0.71484375 0.735595703125
0.0666542053222656 -0.0358657836914062 0.0289306640624999 0.75823974609375
-9.91821289062509E-05 -0.031768798828125 0.463104248046875 0.29388427734375
-0.0196609497070313 -0.0327072143554688 0.4876708984375 -0.220703125
-0.0117073059082031 -0.061004638671875 -0.5025634765625 0.166259765625
0.00519371032714843 -0.0267505645751953 -0.45184326171875 -0.26922607421875
0.0834808349609375 -0.0571670532226563 0.0560302734375 -0.71954345703125
0.102096557617188 -0.00783538818359375 0.848876953125 -0.63665771484375
0.00757598876953125 0.0440177917480469 1.15576171875 0.4959716796875
-0.0394096374511719 -0.0439300537109375 0.353759765625 1.4063720703125
0.0201530456542969 -0.0322761535644531 -0.51092529296875 1.02484130859375
0.0878219604492188 -0.0498428344726563 0.0207138061523438 0.106056213378906
0.0489540100097656 -0.0523300170898438 0.60284423828125 -0.98590087890625
0.0478630065917969 -0.037994384765625 -0.3212890625 -1.5142822265625
0.0565338134765625 0.0019073486328125 -1.2386474609375 -0.377197265625
0.0679702758789063 -0.0224494934082031 -0.75714111328125 0.706298828125
0.0731277465820313 -0.0387725830078125 -0.01153564453125 0.7498779296875
0.00132369995117187 -0.036651611328125 0.444091796875 0.29205322265625
-0.0220184326171875 -0.0400199890136719 0.477935791015625 -0.2225341796875
-0.00869369506835938 -0.0624046325683594 -0.509002685546875 0.170654296875
0.000410079956054688 -0.028564453125 -0.4742431640625 -0.271240234375
0.076385498046875 -0.0573043823242188 0.01177978515625 -0.7286376953125
0.0952377319335938 -0.00894927978515625 0.80413818359375 -0.6729736328125
0.007476806640625 0.0433998107910156 1.1663818359375 0.43994140625
-0.0397911071777344 -0.0430946350097656 0.4163818359375 1.3797607421875
0.0192661285400391 -0.0337409973144531 -0.47076416015625 1.04095458984375
0.086517333984375 -0.0481109619140625 0.0236968994140625 0.125823974609375
0.0510749816894531 -0.0509834289550781 0.64154052734375 -0.96417236328125
0.0472373962402344 -0.0372581481933594 -0.254150390625 -1.5374755859375
0.0531654357910156 0.00535964965820312 -1.2322998046875 -0.4342041015625
0.0661125183105469 -0.0180282592773437 -0.802001953125 0.67144775390625
0.0720901489257813 -0.0370712280273438 -0.0531005859375 0.74102783203125
0.00207138061523438 -0.0372543334960938 0.425537109375 0.292816162109375
-0.0212821960449219 -0.0447807312011719 0.472015380859375 -0.2196044921875
-0.00252532958984375 -0.0624961853027344 -0.5191650390625 0.177978515625
-0.0002288818359375 -0.0252876281738281 -0.493133544921875 -0.271636962890625
0.0658493041992188 -0.0547103881835938 -0.0241699218750001 -0.7340087890625
0.0783157348632812 -0.0055389404296875 0.765380859375 -0.69720458984375
-0.00333786010742187 0.043426513671875 1.17431640625 0.3934326171875
-0.0412406921386719 -0.0426254272460938 0.464111328125 1.35498046875
0.018280029296875 -0.0305442810058594 -0.4393310546875 1.053955078125
0.08447265625 -0.0398712158203125 0.0277252197265625 0.139762878417969
0.0521507263183594 -0.0452308654785156 0.68341064453125 -0.94140625
0.0467758178710938 -0.0364723205566406 -0.1915283203125 -1.55224609375
0.0416908264160156 0.00469207763671875 -1.221435546875 -0.4853515625
0.0524711608886719 -0.0106201171875 -0.83746337890625 0.6414794921875
0.0623512268066406 -0.0316162109375 -0.08673095703125 0.728759765625
0.00355148315429688 -0.0351943969726563 0.412353515625 0.291107177734375
-0.0153999328613281 -0.0460357666015625 0.468048095703125 -0.220977783203125
0.031280517578125 -0.0180721282958984 -0.48919677734375 0.17730712890625
0.0259723663330078 0.00521659851074219 -0.398040771484375 -0.2620849609375
0.0207538604736328 -0.0089874267578125 0.16015625 -0.714111328125
-0.0144729614257813 0.0198383331298828 0.951171875 -0.55792236328125
-0.0838088989257813 0.0201263427734375 1.145263671875 0.6236572265625
-0.0488357543945313 -0.0512962341308594 0.224365234375 1.4735107421875
0.0401344299316406 0.0211563110351563 -0.60400390625 0.9912109375
0.08807373046875 0.0251617431640625 0.0228309631347656 0.0690765380859375
0.06805419921875 -0.00225448608398438 0.5283203125 -1.0335693359375
0.0267372131347656 -0.0424842834472656 -0.4639892578125 -1.4658203125
-0.0405731201171875 -0.007537841796875 -1.2559814453125 -0.245849609375
-0.0330886840820313 0.0230922698974609 -0.6583251953125 0.777587890625
0.00467109680175781 -0.00131320953369141 0.09130859375 0.76971435546875
0.01324462890625 -0.00289535522460938 0.505096435546875 0.292388916015625
0.0233306884765625 0.00137710571289063 0.50762939453125 -0.220977783203125
0.0198020935058594 -0.0264930725097656 -0.4859619140625 0.17449951171875
0.0230998992919922 -0.00143241882324219 -0.394989013671875 -0.259674072265625
0.03851318359375 -0.0192489624023438 0.1702880859375 -0.70611572265625
0.0170803070068359 0.0138444900512695 0.9605712890625 -0.546875
-0.061676025390625 0.0245933532714844 1.136474609375 0.6380615234375
-0.0457496643066406 -0.0493240356445313 0.2021484375 1.4769287109375
0.0371208190917969 0.00996780395507813 -0.61431884765625 0.98602294921875
0.0891342163085938 0.00623321533203125 0.0194969177246094 0.0654449462890625
0.0643424987792969 -0.0153121948242187 0.51556396484375 -1.04022216796875
0.0315818786621094 -0.0418701171875 -0.4781494140625 -1.4620361328125
-0.0161037445068359 -0.00677967071533203 -1.2503662109375 -0.2322998046875
-0.00665855407714844 0.00908470153808594 -0.647705078125 0.78240966796875
0.0212364196777344 -0.0113105773925781 0.0998535156249999 0.7701416015625
0.00956439971923828 -0.00969219207763672 0.505645751953125 0.28778076171875
0.0112924575805664 -0.00496482849121094 0.50335693359375 -0.225921630859375
0.00892257690429688 -0.0354499816894531 -0.48388671875 0.173583984375
0.0186767578125 -0.00841140747070313 -0.400177001953125 -0.259735107421875
0.058990478515625 -0.0315933227539063 0.15863037109375 -0.70550537109375
0.0502128601074219 0.00760650634765625 0.948486328125 -0.5589599609375
-0.0384140014648438 0.03179931640625 1.141357421875 0.6265869140625
-0.0428924560546875 -0.0480384826660156 0.2218017578125 1.472412109375
0.0332889556884766 -0.00398635864257813 -0.60284423828125 0.9886474609375
0.0902023315429688 -0.0135726928710937 0.01824951171875 0.0678176879882813
0.0584526062011719 -0.0276107788085937 0.5140380859375 -1.0384521484375
0.036163330078125 -0.0415115356445313 -0.474609375 -1.4613037109375
0.00976848602294922 -0.00662517547607422 -1.2528076171875 -0.2366943359375
0.0187854766845703 -0.00452995300292969 -0.6512451171875 0.7825927734375
0.03900146484375 -0.021881103515625 0.09429931640625 0.77166748046875
0.004486083984375 -0.0178565979003906 0.501434326171875 0.288848876953125
-0.000319480895996094 -0.0130500793457031 0.49945068359375 -0.22735595703125
-0.0017547607421875 -0.0443992614746094 -0.489593505859375 0.170654296875
0.014434814453125 -0.0161466598510742 -0.41558837890625 -0.261871337890625
0.0737838745117188 -0.0433502197265625 0.13189697265625 -0.70977783203125
0.0771713256835937 0.0003509521484375 0.92694091796875 -0.58209228515625
-0.016082763671875 0.0370597839355469 1.1468505859375 0.5933837890625
-0.0407295227050781 -0.0457649230957031 0.251708984375 1.4586181640625
0.0276775360107422 -0.0170726776123047 -0.58099365234375 1.0023193359375
0.089263916015625 -0.0299453735351563 0.0176773071289063 0.0776748657226562
0.0551528930664063 -0.0405654907226563 0.53173828125 -1.02984619140625
0.0416030883789062 -0.0399093627929688 -0.4456787109375 -1.4793701171875
0.0320053100585937 -0.00471115112304687 -1.2508544921875 -0.26806640625
0.0428199768066406 -0.0150604248046875 -0.67840576171875 0.7647705078125
0.0545730590820313 -0.0310134887695313 0.069580078125 0.767822265625
0.00124931335449219 -0.0255470275878906 0.48828125 0.29022216796875
-0.0122146606445313 -0.0228614807128906 0.494110107421875 -0.2269287109375
-0.00882339477539063 -0.054046630859375 -0.49822998046875 0.1697998046875
0.00797271728515625 -0.0222644805908203 -0.435302734375 -0.2657470703125
0.0822906494140625 -0.0520553588867188 0.096435546875 -0.71881103515625
0.0959930419921875 -0.00417327880859375 0.89251708984375 -0.6124267578125
0.000427246093749999 0.0418701171875 1.1605224609375 0.5499267578125
-0.0395622253417969 -0.0438690185546875 0.3021240234375 1.44091796875
0.0228843688964844 -0.0268707275390625 -0.55291748046875 1.015869140625
0.08819580078125 -0.0438919067382813 0.0183639526367188 0.0921478271484375
0.0523300170898438 -0.0489692687988281 0.56573486328125 -1.0157470703125
0.0458717346191406 -0.0379257202148438 -0.3963623046875 -1.501220703125
0.0491790771484375 -0.0019683837890625 -1.2518310546875 -0.3157958984375
0.0600166320800781 -0.0221824645996094 -0.71600341796875 0.7432861328125
0.0662422180175781 -0.0379714965820312 0.03143310546875 0.76531982421875
0.000337600708007812 -0.0324115753173828 0.469940185546875 0.29248046875
-0.0198154449462891 -0.0322990417480469 0.48870849609375 -0.2257080078125
-0.0110549926757812 -0.0604209899902344 -0.504974365234375 0.1727294921875
0.00467300415039063 -0.0252170562744141 -0.4544677734375 -0.26885986328125
0.0838241577148438 -0.0575408935546875 0.0531616210937501 -0.7261962890625
0.100830078125 -0.0083160400390625 0.8519287109375 -0.645751953125
0.00902557373046875 0.0442657470703125 1.1712646484375 0.4974365234375
-0.0385818481445313 -0.0436744689941406 0.3594970703125 1.4161376953125
0.0200347900390625 -0.0325336456298828 -0.513916015625 1.03643798828125
0.0870819091796875 -0.0500717163085938 0.0213851928710938 0.108863830566406
0.0497665405273438 -0.0534820556640625 0.6048583984375 -0.99261474609375
0.0475006103515625 -0.037933349609375 -0.330322265625 -1.526123046875
0.055938720703125 0.00217819213867188 -1.24658203125 -0.375244140625
0.0685806274414062 -0.0228195190429687 -0.7613525390625 0.712158203125
0.0737380981445312 -0.038543701171875 -0.00976562500000005 0.75396728515625
0.000347137451171873 -0.0362739562988281 0.450103759765625 0.292083740234375
-0.0229148864746094 -0.0397758483886719 0.4793701171875 -0.226806640625
-0.00913238525390625 -0.0631523132324219 -0.514190673828125 0.17572021484375
0.000755310058593748 -0.0273895263671875 -0.4793701171875 -0.270538330078125
0.0753021240234375 -0.0596084594726563 0.00689697265625001 -0.734130859375
0.094696044921875 -0.00994873046875 0.80657958984375 -0.68524169921875
0.00793075561523437 0.0450019836425781 1.1783447265625 0.4371337890625
-0.0396080017089844 -0.0426788330078125 0.423828125 1.3900146484375
0.0188636779785156 -0.0341892242431641 -0.472900390625 1.053466796875
0.0856781005859375 -0.0484237670898437 0.02471923828125 0.126060485839844
0.0504646301269531 -0.052825927734375 0.64630126953125 -0.97357177734375
0.0472297668457031 -0.0376167297363281 -0.2626953125 -1.5474853515625
0.053314208984375 0.00428009033203125 -1.242431640625 -0.4365234375
0.0665283203125 -0.0183982849121094 -0.805419921875 0.67999267578125
0.0719070434570313 -0.0373077392578125 -0.05279541015625 0.74560546875
0.00113677978515625 -0.0371971130371094 0.43328857421875 0.292022705078125
-0.0212516784667969 -0.0450553894042969 0.474639892578125 -0.224365234375
-0.00457000732421875 -0.0623245239257813 -0.521697998046875 0.18231201171875
-0.00064849853515625 -0.0259590148925781 -0.498046875 -0.270538330078125
0.0641288757324219 -0.0546684265136719 -0.0294189453125 -0.74139404296875
0.0782012939453125 -0.0060577392578125 0.76885986328125 -0.707763671875
-0.00238418579101562 0.044921875 1.185546875 0.392333984375
-0.0422935485839844 -0.0418739318847656 0.4715576171875 1.3673095703125
0.0191192626953125 -0.0293426513671875 -0.43988037109375 1.06683349609375
0.084075927734375 -0.0407028198242188 0.028106689453125 0.141433715820313
0.0510749816894531 -0.0462379455566406 0.685791015625 -0.94830322265625
0.0471153259277344 -0.0388603210449219 -0.19873046875 -1.5662841796875
0.0418777465820313 0.00435638427734375 -1.23291015625 -0.48681640625
0.0528984069824219 -0.00986862182617188 -0.840576171875 0.65045166015625
0.0621261596679688 -0.0316162109375 -0.0850830078125 0.7349853515625
0.0018463134765625 -0.0359115600585938 0.419708251953125 0.291473388671875
-0.0154876708984375 -0.0447959899902344 0.469696044921875 -0.225494384765625
0.0317745208740234 -0.0178508758544922 -0.492584228515625 0.184234619140625
0.0254096984863281 0.00611495971679687 -0.402587890625 -0.26025390625
0.0183219909667969 -0.00993919372558594 0.15814208984375 -0.72265625
-0.0157737731933594 0.0197067260742188 0.955322265625 -0.56964111328125
-0.08428955078125 0.0210037231445312 1.158935546875 0.62353515625
-0.0490264892578125 -0.0496826171875 0.2327880859375 1.484130859375
0.0416107177734375 0.0213241577148438 -0.6043701171875 1.0025634765625
0.0874481201171875 0.0235214233398438 0.0230178833007813 0.0703964233398438
0.0686416625976563 -0.00265884399414063 0.52960205078125 -1.04522705078125
0.0264015197753906 -0.0429458618164063 -0.47314453125 -1.4744873046875
-0.0407333374023438 -0.00767135620117188 -1.2677001953125 -0.2423095703125
-0.0335178375244141 0.0222644805908203 -0.66009521484375 0.78790283203125
0.00402522087097168 -0.000342845916748047 0.0972900390625 0.776123046875
0.0134811401367188 -0.00211715698242188 0.51287841796875 0.290618896484375
0.0238208770751953 0.00107383728027344 0.511199951171875 -0.2266845703125
0.0194530487060547 -0.0265350341796875 -0.48828125 0.178680419921875
0.0235233306884766 6.4849853515625E-05 -0.400848388671875 -0.2578125
0.0386962890625 -0.0204048156738281 0.166259765625 -0.71337890625
0.0159139633178711 0.0129890441894531 0.96466064453125 -0.5555419921875
-0.0626373291015625 0.0258522033691406 1.150146484375 0.6375732421875
-0.0446319580078125 -0.049041748046875 0.2093505859375 1.4888916015625
0.0381851196289063 0.010040283203125 -0.615966796875 0.99969482421875
0.0894546508789063 0.00724029541015625 0.01922607421875 0.0658721923828125
0.0640182495117188 -0.0156440734863281 0.51580810546875 -1.05181884765625
0.0313491821289062 -0.0426788330078125 -0.4892578125 -1.470458984375
-0.0158252716064453 -0.00706100463867187 -1.263916015625 -0.2265625
-0.00671100616455078 0.00967693328857422 -0.64788818359375 0.79132080078125
0.0207347869873047 -0.0108985900878906 0.10693359375 0.77752685546875
0.00868511199951172 -0.00998878479003906 0.512115478515625 0.286590576171875
0.0107860565185547 -0.0054931640625 0.5054931640625 -0.233978271484375
0.00756072998046875 -0.0354080200195312 -0.488922119140625 0.17877197265625
0.0188198089599609 -0.00759315490722656 -0.406524658203125 -0.2589111328125
0.0587997436523438 -0.0316162109375 0.1552734375 -0.71343994140625
0.0496940612792969 0.0061187744140625 0.956787109375 -0.5701904296875
-0.0378227233886719 0.0329322814941406 1.1551513671875 0.625
-0.0431289672851563 -0.0470428466796875 0.228759765625 1.484619140625
0.0341625213623047 -0.00357437133789063 -0.604248046875 1.00445556640625
0.0898666381835938 -0.0146484375 0.0176773071289063 0.0690879821777344
0.0583457946777344 -0.0295829772949219 0.5145263671875 -1.04876708984375
0.0358695983886719 -0.0414390563964844 -0.48779296875 -1.470947265625
0.00871706008911133 -0.00582504272460938 -1.265625 -0.2314453125
0.0184268951416016 -0.00551414489746094 -0.6533203125 0.7916259765625
0.0387077331542969 -0.021697998046875 0.09796142578125 0.77581787109375
0.00442409515380859 -0.017521858215332 0.50848388671875 0.287109375
-0.00159358978271484 -0.013789176940918 0.5018310546875 -0.233428955078125
-0.00202178955078125 -0.045074462890625 -0.4915771484375 0.177398681640625
0.0134735107421875 -0.0145864486694336 -0.420135498046875 -0.25994873046875
0.0746536254882813 -0.0439071655273438 0.12933349609375 -0.71826171875
0.0771713256835938 -0.000579833984375 0.93035888671875 -0.59271240234375
-0.0158767700195313 0.0381240844726563 1.1612548828125 0.590087890625
-0.0396041870117187 -0.0453071594238281 0.2591552734375 1.4718017578125
0.0278568267822266 -0.0167140960693359 -0.581787109375 1.015625
0.08935546875 -0.031646728515625 0.017822265625 0.0791473388671875
0.0540733337402344 -0.0415000915527344 0.53155517578125 -1.03997802734375
0.0409507751464844 -0.0405960083007813 -0.457275390625 -1.4886474609375
0.0317916870117188 -0.00485610961914063 -1.26513671875 -0.26318359375
0.0416603088378906 -0.0165939331054688 -0.68011474609375 0.776611328125
0.0535049438476563 -0.0316581726074219 0.07232666015625 0.77423095703125
0.00146484375 -0.0262451171875 0.49554443359375 0.288665771484375
-0.0122737884521484 -0.0235767364501953 0.49749755859375 -0.2327880859375
-0.0093231201171875 -0.0533943176269531 -0.501190185546875 0.174896240234375
0.009002685546875 -0.02069091796875 -0.438018798828125 -0.26483154296875
0.0823516845703125 -0.0533294677734375 0.09368896484375 -0.72552490234375
0.09588623046875 -0.00539398193359375 0.8966064453125 -0.621826171875
0.00109481811523437 0.0435714721679688 1.174072265625 0.548583984375
-0.0387725830078125 -0.0446319580078125 0.311279296875 1.4521484375
0.0237636566162109 -0.0257072448730469 -0.55389404296875 1.0281982421875
0.0882644653320313 -0.0453033447265625 0.01763916015625 0.0930404663085938
0.0515098571777344 -0.0512237548828125 0.56549072265625 -1.023681640625
0.0454330444335938 -0.03961181640625 -0.4063720703125 -1.509765625
0.0488357543945313 -0.00212478637695313 -1.265380859375 -0.3157958984375
0.0593338012695312 -0.0235939025878906 -0.71978759765625 0.75408935546875
0.0663948059082031 -0.0381698608398438 0.0368652343749999 0.7703857421875
-0.000562667846679687 -0.0320701599121094 0.4764404296875 0.29254150390625
-0.0197277069091797 -0.0337314605712891 0.49139404296875 -0.23211669921875
-0.0116653442382812 -0.0604705810546875 -0.50848388671875 0.178924560546875
0.00390815734863281 -0.0248165130615234 -0.462249755859375 -0.266632080078125
0.0819091796875 -0.0583267211914063 0.051513671875 -0.7335205078125
0.101554870605469 -0.0103912353515625 0.8548583984375 -0.65704345703125
0.00904464721679687 0.0446853637695313 1.1832275390625 0.493896484375
-0.0383377075195312 -0.0430374145507813 0.3687744140625 1.4273681640625
0.0207481384277344 -0.0330181121826172 -0.5142822265625 1.0478515625
0.0867462158203125 -0.0512313842773438 0.0217437744140625 0.110305786132813
0.0492362976074219 -0.0556106567382812 0.60430908203125 -1.00341796875
0.0475006103515625 -0.03887939453125 -0.3414306640625 -1.539306640625
0.0566978454589844 0.000885009765625 -1.25927734375 -0.3736572265625
0.0684432983398438 -0.0238113403320313 -0.76361083984375 0.72314453125
0.0728378295898438 -0.0399932861328125 -0.00506591796875003 0.7603759765625
-9.53674316406266E-05 -0.0366935729980469 0.456512451171875 0.292236328125
-0.0240211486816406 -0.0405426025390625 0.481475830078125 -0.232757568359375
-0.00943756103515624 -0.0633316040039063 -0.51788330078125 0.1822509765625
-0.00156784057617188 -0.0263309478759766 -0.484527587890625 -0.269012451171875
0.07470703125 -0.0606307983398438 0.00653076171874999 -0.74066162109375
0.0948486328125 -0.0111618041992188 0.8096923828125 -0.6937255859375
0.00944137573242188 0.0454673767089844 1.19189453125 0.4365234375
-0.0397872924804687 -0.0425376892089844 0.4320068359375 1.401123046875
0.0193710327148438 -0.0332870483398438 -0.47100830078125 1.06658935546875
0.0857925415039063 -0.0514068603515625 0.02447509765625 0.127899169921875
0.0499725341796875 -0.0532188415527344 0.64654541015625 -0.9830322265625
0.047882080078125 -0.0393524169921875 -0.2720947265625 -1.5606689453125
0.053741455078125 0.00397109985351563 -1.2552490234375 -0.433349609375
0.0668411254882813 -0.0196647644042969 -0.8084716796875 0.68988037109375
0.0716400146484375 -0.0371932983398438 -0.0479125976562499 0.752197265625
-0.000171661376953121 -0.0372848510742188 0.436920166015625 0.29248046875
-0.0214424133300781 -0.0452537536621094 0.476409912109375 -0.230682373046875
-0.00401687622070312 -0.0621986389160156 -0.525360107421875 0.189605712890625
-0.000818252563476561 -0.0247669219970703 -0.5023193359375 -0.26727294921875
0.0637779235839844 -0.0558738708496094 -0.03350830078125 -0.74420166015625
0.0777053833007813 -0.00704193115234375 0.76904296875 -0.7198486328125
-0.0010986328125 0.0448379516601563 1.196533203125 0.388427734375
-0.0425071716308594 -0.0421714782714844 0.481201171875 1.3765869140625
0.0198764801025391 -0.0294609069824219 -0.437744140625 1.07830810546875
0.0846633911132813 -0.041717529296875 0.0291595458984375 0.143264770507813
0.0518608093261719 -0.0471382141113281 0.6875 -0.9576416015625
0.0455207824707031 -0.0388336181640625 -0.2098388671875 -1.5771484375
0.0419998168945313 0.00406646728515625 -1.2440185546875 -0.4854736328125
0.05279541015625 -0.0111656188964844 -0.84490966796875 0.66229248046875
0.0613784790039062 -0.0314979553222656 -0.08355712890625 0.7413330078125
0.00177001953125 -0.0353355407714844 0.42388916015625 0.28936767578125
-0.0167160034179688 -0.046234130859375 0.471893310546875 -0.229766845703125
0.0313434600830078 -0.0170001983642578 -0.4951171875 0.19122314453125
0.0254554748535156 0.00658607482910156 -0.407684326171875 -0.25787353515625
0.0169458389282227 -0.00979423522949219 0.15374755859375 -0.7293701171875
-0.0172939300537109 0.0191383361816406 0.9583740234375 -0.580322265625
-0.0842971801757813 0.02142333984375 1.174072265625 0.6204833984375
-0.0492630004882813 -0.0491180419921875 0.244873046875 1.4962158203125
0.0424232482910156 0.0224189758300781 -0.60040283203125 1.01568603515625
0.08868408203125 0.0227279663085938 0.0235366821289063 0.0715408325195313
0.0681037902832031 -0.00283432006835938 0.5244140625 -1.0548095703125
0.02618408203125 -0.0438766479492188 -0.4908447265625 -1.483154296875
-0.04144287109375 -0.00743484497070313 -1.27734375 -0.236328125
-0.0340023040771484 0.0230541229248047 -0.65936279296875 0.79730224609375
0.00337672233581543 -0.00123453140258789 0.10382080078125 0.7823486328125
0.0125541687011719 -0.00257015228271484 0.5186767578125 0.286407470703125
0.0245361328125 0.000677108764648438 0.511016845703125 -0.23321533203125
0.0201339721679688 -0.0254440307617188 -0.4903564453125 0.186309814453125
0.0231246948242188 4.9591064453125E-05 -0.4061279296875 -0.25537109375
0.0368270874023438 -0.0202064514160156 0.16363525390625 -0.720703125
0.0151824951171875 0.0130319595336914 0.96551513671875 -0.5694580078125
-0.0617752075195312 0.0266571044921875 1.1663818359375 0.632080078125
-0.0451736450195312 -0.048065185546875 0.2239990234375 1.5006103515625
0.0392646789550781 0.0110702514648437 -0.6134033203125 1.01129150390625
0.0894699096679688 0.00482177734375 0.0188331604003906 0.0677528381347656
0.0644111633300781 -0.0176124572753906 0.5107421875 -1.06341552734375
0.0309066772460938 -0.0434761047363281 -0.502685546875 -1.4769287109375
-0.0166349411010742 -0.00703620910644532 -1.2733154296875 -0.2232666015625
-0.00847816467285156 0.00873708724975586 -0.64794921875 0.8033447265625
0.0202732086181641 -0.0100765228271484 0.111083984375 0.78118896484375
0.00942611694335938 -0.00924205780029297 0.52069091796875 0.284149169921875
0.0108308792114258 -0.00556468963623047 0.506927490234375 -0.2403564453125
0.00792694091796875 -0.0353469848632813 -0.491241455078125 0.184967041015625
0.0181331634521484 -0.00557518005371094 -0.40997314453125 -0.254486083984375
0.0578422546386719 -0.0324287414550781 0.1524658203125 -0.72003173828125
0.048492431640625 0.00549697875976563 0.95849609375 -0.58251953125
-0.03814697265625 0.0332374572753906 1.171142578125 0.6204833984375
-0.0424385070800781 -0.04644775390625 0.2373046875 1.49609375
0.0335197448730469 -0.00299072265625 -0.60125732421875 1.01812744140625
0.0897979736328125 -0.0154876708984375 0.0188064575195313 0.0706329345703125
0.0587120056152344 -0.0308074951171875 0.509521484375 -1.0606689453125
0.0363006591796875 -0.0422935485839844 -0.502685546875 -1.4793701171875
0.00855731964111328 -0.00647783279418945 -1.27734375 -0.226806640625
0.0184688568115234 -0.00572967529296875 -0.65289306640625 0.80340576171875
0.0385284423828125 -0.0226364135742187 0.10540771484375 0.7816162109375
0.00388717651367187 -0.0176563262939453 0.514251708984375 0.28497314453125
-0.000532150268554688 -0.0126943588256836 0.503326416015625 -0.2413330078125
-0.00145339965820312 -0.0449295043945313 -0.493682861328125 0.184844970703125
0.0134553909301758 -0.0137920379638672 -0.424530029296875 -0.255706787109375
0.0727005004882813 -0.0441131591796875 0.12506103515625 -0.7261962890625
0.076629638671875 -0.00200653076171875 0.93194580078125 -0.60540771484375
-0.0158500671386719 0.0398521423339844 1.174072265625 0.5858154296875
-0.0406227111816406 -0.0438995361328125 0.2738037109375 1.4837646484375
0.0297107696533203 -0.0161323547363281 -0.57867431640625 1.02777099609375
0.0876846313476562 -0.0335693359375 0.0179672241210938 0.080322265625
0.0543670654296875 -0.0426597595214844 0.52825927734375 -1.04998779296875
0.0418663024902344 -0.0419731140136719 -0.472900390625 -1.4951171875
0.0322933197021484 -0.00526809692382812 -1.277587890625 -0.2586669921875
0.0408668518066406 -0.017852783203125 -0.6795654296875 0.78717041015625
0.0535469055175781 -0.0309791564941406 0.07989501953125 0.7791748046875
0.00157928466796875 -0.0262489318847656 0.50164794921875 0.28680419921875
-0.0126457214355469 -0.023651123046875 0.497528076171875 -0.239593505859375
-0.00847244262695313 -0.0539131164550781 -0.50408935546875 0.181365966796875
0.00766754150390625 -0.0198135375976563 -0.44482421875 -0.260498046875
0.0810775756835938 -0.0536117553710938 0.08966064453125 -0.73358154296875
0.0946731567382813 -0.00833892822265625 0.89996337890625 -0.635986328125
0.0016021728515625 0.043487548828125 1.186767578125 0.5396728515625
-0.0387840270996094 -0.0430717468261719 0.32275390625 1.46240234375
0.0246734619140625 -0.0269393920898438 -0.54888916015625 1.04290771484375
0.08758544921875 -0.0461654663085937 0.0191268920898438 0.0946884155273438
0.0494194030761719 -0.0518264770507813 0.56414794921875 -1.03424072265625
0.0444183349609375 -0.0413131713867188 -0.4212646484375 -1.521240234375
0.0488128662109375 -0.00234222412109375 -1.2764892578125 -0.308349609375
0.0599288940429688 -0.0244216918945313 -0.71868896484375 0.76324462890625
0.0664215087890625 -0.0374641418457031 0.0420532226562501 0.7762451171875
-0.00135421752929688 -0.0328102111816406 0.482940673828125 0.2886962890625
-0.0202484130859375 -0.0328369140625 0.493072509765625 -0.23736572265625
-0.0120658874511719 -0.0590934753417969 -0.51177978515625 0.184814453125
0.00390815734863281 -0.0235652923583984 -0.466796875 -0.262908935546875
0.08056640625 -0.0602264404296875 0.04693603515625 -0.7406005859375
0.101707458496094 -0.0120925903320313 0.85546875 -0.6705322265625
0.0107421875 0.0457077026367188 1.19677734375 0.4854736328125
-0.0393333435058594 -0.0432167053222656 0.3807373046875 1.43896484375
0.0205707550048828 -0.0324230194091797 -0.5098876953125 1.0618896484375
0.0853958129882813 -0.05364990234375 0.0226211547851562 0.111175537109375
0.0477676391601563 -0.0560493469238281 0.603271484375 -1.01544189453125
0.0468673706054688 -0.0402030944824219 -0.3533935546875 -1.5465087890625
0.0564956665039063 0.000629425048828125 -1.2713623046875 -0.3699951171875
0.0690536499023438 -0.0249557495117188 -0.764404296875 0.73370361328125
0.0727996826171875 -0.0397872924804688 -0.000488281250000044 0.767822265625
-0.000152587890625003 -0.03680419921875 0.462738037109375 0.2890625
-0.0237808227539062 -0.0416984558105469 0.481597900390625 -0.238677978515625
-0.00920867919921876 -0.0629501342773438 -0.520782470703125 0.190643310546875
-0.00100898742675781 -0.0245647430419922 -0.49127197265625 -0.263427734375
0.0744247436523438 -0.0612411499023438 -0.00164794921874993 -0.746826171875
0.0937576293945312 -0.0127792358398437 0.80810546875 -0.70599365234375
0.010223388671875 0.0463829040527344 1.205810546875 0.4296875
-0.0401077270507813 -0.0411834716796875 0.44482421875 1.410888671875
0.0196380615234375 -0.0334300994873047 -0.46826171875 1.08001708984375
0.083740234375 -0.05322265625 0.025787353515625 0.129592895507813
0.0480804443359375 -0.0550880432128906 0.64483642578125 -0.99261474609375
0.0473213195800781 -0.040252685546875 -0.2874755859375 -1.5709228515625
0.0542869567871094 0.00334930419921875 -1.267822265625 -0.4293212890625
0.0667724609375 -0.0198440551757813 -0.81036376953125 0.702392578125
0.0715103149414063 -0.0381622314453125 -0.04522705078125 0.7593994140625
-0.000373840332031252 -0.0373115539550781 0.44464111328125 0.2899169921875
-0.0231056213378906 -0.0466384887695312 0.478546142578125 -0.23687744140625
-0.0041046142578125 -0.0606727600097656 -0.528289794921875 0.196807861328125
-0.00127983093261719 -0.0236244201660156 -0.509796142578125 -0.265380859375
0.0617103576660156 -0.0570144653320313 -0.0392456054687499 -0.75128173828125
0.0775909423828125 -0.00836181640625 0.76849365234375 -0.72967529296875
-0.00118255615234375 0.0461502075195312 1.208984375 0.3819580078125
-0.0426445007324219 -0.0401954650878906 0.4931640625 1.387451171875
0.0204410552978516 -0.0296573638916016 -0.43548583984375 1.0928955078125
0.082061767578125 -0.0438079833984375 0.029296875 0.146072387695313
0.0512313842773438 -0.0474662780761719 0.68414306640625 -0.96942138671875
0.0458030700683594 -0.0407180786132813 -0.2210693359375 -1.589111328125
0.0426902770996094 0.00396728515625 -1.256591796875 -0.4818115234375
0.0532760620117188 -0.0117721557617188 -0.8455810546875 0.6724853515625
0.0619316101074219 -0.0319328308105469 -0.0796508789062499 0.7479248046875
0.00167083740234375 -0.0353126525878906 0.43170166015625 0.288299560546875
-0.0176734924316406 -0.0471992492675781 0.4713134765625 -0.23809814453125
0.0317115783691406 -0.0179557800292969 -0.497283935546875 0.1978759765625
0.0246772766113281 0.00772476196289062 -0.41357421875 -0.2529296875
0.0155534744262695 -0.00899314880371094 0.1485595703125 -0.73785400390625
-0.0180873870849609 0.018951416015625 0.9600830078125 -0.5953369140625
-0.0848617553710938 0.0236358642578125 1.1885986328125 0.6116943359375
-0.0490455627441406 -0.0480461120605469 0.2578125 1.5068359375
0.0439834594726563 0.0232963562011719 -0.5977783203125 1.02880859375
0.0890350341796875 0.022735595703125 0.0239334106445313 0.0717391967773437
0.0680160522460938 -0.00372695922851563 0.520263671875 -1.06787109375
0.0248870849609375 -0.0449104309082031 -0.5064697265625 -1.4891357421875
-0.0416412353515625 -0.00728607177734376 -1.286376953125 -0.22802734375
-0.0347347259521484 0.0227203369140625 -0.6572265625 0.80914306640625
0.00259780883789063 -0.000487804412841797 0.111083984375 0.78656005859375
0.0124235153198242 -0.00201225280761719 0.525848388671875 0.2833251953125
0.0240974426269531 -0.000263214111328125 0.511749267578125 -0.24169921875
0.0203380584716797 -0.0262355804443359 -0.49371337890625 0.19378662109375
0.0226554870605469 0.00168991088867188 -0.409210205078125 -0.251007080078125
0.0362472534179688 -0.0207405090332031 0.15625 -0.72802734375
0.0149335861206055 0.0128145217895508 0.96771240234375 -0.58404541015625
-0.06182861328125 0.0276145935058594 1.17822265625 0.626708984375
-0.0445213317871094 -0.0470962524414063 0.236572265625 1.5128173828125
0.0400314331054688 0.0109329223632813 -0.60882568359375 1.025146484375
0.0891189575195313 0.00390625 0.0205001831054688 0.06884765625
0.0642166137695313 -0.0171546936035156 0.50537109375 -1.07373046875
0.0300369262695313 -0.0444488525390625 -0.5208740234375 -1.48388671875
-0.0170793533325195 -0.00738620758056641 -1.2843017578125 -0.2117919921875
-0.00867843627929688 0.00944137573242187 -0.644287109375 0.81536865234375
0.0195789337158203 -0.0101318359375 0.11932373046875 0.7850341796875
0.00875568389892578 -0.00924968719482422 0.52813720703125 0.279693603515625
0.0104818344116211 -0.00629997253417969 0.508392333984375 -0.248046875
0.00790596008300781 -0.0348739624023438 -0.492828369140625 0.19287109375
0.0184650421142578 -0.00516891479492188 -0.415863037109375 -0.2523193359375
0.0571784973144531 -0.0326690673828125 0.14599609375 -0.728271484375
0.0480995178222656 0.00447463989257813 0.95770263671875 -0.59637451171875
-0.0372467041015625 0.0347557067871094 1.185791015625 0.61279296875
-0.043121337890625 -0.0456733703613281 0.2529296875 1.50439453125
0.0349750518798828 -0.00242042541503906 -0.59906005859375 1.0302734375
0.0886688232421875 -0.0165863037109375 0.0189895629882813 0.0717010498046875
0.0579261779785156 -0.0314979553222656 0.504150390625 -1.07196044921875
0.0351219177246094 -0.0435981750488281 -0.5198974609375 -1.4835205078125
0.00877857208251953 -0.00641536712646484 -1.286376953125 -0.2174072265625
0.0178661346435547 -0.00640869140625 -0.65057373046875 0.81292724609375
0.0382156372070313 -0.0219955444335938 0.1129150390625 0.78765869140625
0.0042266845703125 -0.017913818359375 0.5224609375 0.280792236328125
-0.00170612335205078 -0.0142726898193359 0.503997802734375 -0.24755859375
-0.00171661376953125 -0.0447463989257813 -0.497650146484375 0.192626953125
0.0132656097412109 -0.0133485794067383 -0.43023681640625 -0.25189208984375
0.0718536376953125 -0.0443649291992187 0.11907958984375 -0.7315673828125
0.0765838623046875 -0.002288818359375 0.93292236328125 -0.61883544921875
-0.0146026611328125 0.0400276184082031 1.1903076171875 0.5799560546875
-0.0406646728515625 -0.0437240600585938 0.2884521484375 1.4910888671875
0.0304164886474609 -0.0162429809570313 -0.57501220703125 1.04046630859375
0.0880966186523438 -0.0345993041992188 0.0179519653320313 0.0810546875
0.053070068359375 -0.044219970703125 0.52252197265625 -1.0616455078125
0.0403900146484375 -0.0433616638183594 -0.4901123046875 -1.5028076171875
0.0326004028320313 -0.00605583190917969 -1.2867431640625 -0.249755859375
0.04156494140625 -0.0185546875 -0.67803955078125 0.79791259765625
0.0535316467285156 -0.032958984375 0.0855712890624999 0.78515625
0.000520706176757814 -0.0264549255371094 0.50909423828125 0.282623291015625
-0.0129184722900391 -0.0239734649658203 0.499786376953125 -0.24676513671875
-0.0085601806640625 -0.0534553527832031 -0.506195068359375 0.18988037109375
0.00797462463378906 -0.0179653167724609 -0.450347900390625 -0.256561279296875
0.080169677734375 -0.05548095703125 0.0829467773437499 -0.73956298828125
0.0947265625 -0.0101318359375 0.89874267578125 -0.6495361328125
0.00234603881835938 0.0442924499511719 1.2022705078125 0.5352783203125
-0.0384635925292969 -0.0431594848632813 0.33935546875 1.4737548828125
0.0248756408691406 -0.0260181427001953 -0.544921875 1.05670166015625
0.08709716796875 -0.0474319458007813 0.0199661254882813 0.0968017578125
0.0492095947265625 -0.0532035827636719 0.55963134765625 -1.0439453125
0.0441169738769531 -0.042205810546875 -0.4388427734375 -1.52734375
0.0493621826171875 -0.0037689208984375 -1.2872314453125 -0.30029296875
0.0589637756347656 -0.0250396728515625 -0.71771240234375 0.77557373046875
0.0660552978515625 -0.0393333435058594 0.0478515625 0.77996826171875
-0.000558853149414062 -0.0327262878417969 0.49029541015625 0.286163330078125
-0.0206108093261719 -0.0329227447509766 0.493194580078125 -0.244049072265625
-0.0118293762207031 -0.0589790344238281 -0.51446533203125 0.1939697265625
0.00267410278320313 -0.0219478607177734 -0.47235107421875 -0.259185791015625
0.0801773071289063 -0.0609130859375 0.0386962890625 -0.7457275390625
0.100784301757812 -0.0135955810546875 0.8546142578125 -0.68402099609375
0.0113639831542969 0.0456390380859375 1.211181640625 0.479248046875
-0.039031982421875 -0.041839599609375 0.39599609375 1.447998046875
0.0205345153808594 -0.0328350067138672 -0.50189208984375 1.0745849609375
0.0849761962890625 -0.0553359985351562 0.0235214233398438 0.113822937011719
0.0472984313964844 -0.05670166015625 0.59649658203125 -1.02783203125
0.04608154296875 -0.0416641235351563 -0.368896484375 -1.556396484375
0.0570297241210938 -0.000774383544921875 -1.2850341796875 -0.3599853515625
0.0694389343261719 -0.0261764526367188 -0.76641845703125 0.74530029296875
0.072174072265625 -0.0408401489257813 0.00683593750000008 0.772216796875
-0.002227783203125 -0.0372962951660156 0.469512939453125 0.28619384765625
-0.0243949890136719 -0.0408248901367188 0.48431396484375 -0.24517822265625
-0.0105781555175781 -0.0631027221679688 -0.52227783203125 0.198028564453125
-0.000648498535156249 -0.0240554809570313 -0.496307373046875 -0.259246826171875
0.0726318359375 -0.0617523193359375 -0.00726318359374993 -0.753173828125
0.0937881469726563 -0.0146560668945313 0.806884765625 -0.72027587890625
0.0107994079589844 0.0469284057617188 1.216796875 0.4202880859375
-0.0398178100585938 -0.0405387878417969 0.4600830078125 1.4173583984375
0.0200881958007813 -0.0329055786132812 -0.46099853515625 1.09124755859375
0.0831146240234375 -0.0545120239257813 0.027435302734375 0.131309509277344
0.048095703125 -0.0562019348144531 0.64044189453125 -1.004150390625
0.0464897155761719 -0.0415725708007813 -0.301025390625 -1.5775146484375
0.0549392700195313 0.00246429443359375 -1.28125 -0.4241943359375
0.0668678283691406 -0.0211143493652344 -0.8072509765625 0.71282958984375
0.0709304809570313 -0.0384674072265625 -0.03582763671875 0.76513671875
-0.00105667114257813 -0.0379486083984375 0.451171875 0.287841796875
-0.0236015319824219 -0.0471572875976563 0.478118896484375 -0.243621826171875
-0.00420761108398437 -0.0612220764160156 -0.529937744140625 0.2044677734375
-0.00238037109375 -0.0223598480224609 -0.514373779296875 -0.259490966796875
0.0606002807617188 -0.0576629638671875 -0.04730224609375 -0.7574462890625
0.0765838623046875 -0.0090484619140625 0.7674560546875 -0.7445068359375
0.000793457031250002 0.0469093322753906 1.2227783203125 0.3734130859375
-0.0431976318359375 -0.0402603149414062 0.5098876953125 1.393798828125
0.0204048156738281 -0.0298843383789063 -0.427490234375 1.1046142578125
0.0824050903320313 -0.0450592041015625 0.03076171875 0.146987915039063
0.0501060485839844 -0.0494804382324219 0.68359375 -0.98236083984375
0.0453376770019531 -0.0418014526367188 -0.2349853515625 -1.598388671875
0.0422401428222656 0.00265121459960938 -1.2711181640625 -0.476318359375
0.0532569885253906 -0.0131263732910156 -0.84588623046875 0.6846923828125
0.0608978271484375 -0.0322494506835938 -0.07183837890625 0.7552490234375
0.000553131103515623 -0.0360336303710937 0.439117431640625 0.285186767578125
-0.0184326171875 -0.0472679138183594 0.472076416015625 -0.24310302734375
0.0320167541503906 -0.0181770324707031 -0.497344970703125 0.205963134765625
0.0254764556884766 0.0088348388671875 -0.41729736328125 -0.24920654296875
0.0140981674194336 -0.00890445709228516 0.14117431640625 -0.74322509765625
-0.0185127258300781 0.0191440582275391 0.95806884765625 -0.61102294921875
-0.0850830078125 0.024658203125 1.2020263671875 0.6044921875
-0.0498504638671875 -0.046142578125 0.27392578125 1.5166015625
0.0451622009277344 0.0226554870605469 -0.59173583984375 1.0418701171875
0.0887527465820312 0.0212860107421875 0.024932861328125 0.0738143920898437
0.067779541015625 -0.0048065185546875 0.51483154296875 -1.078125
0.0245361328125 -0.0459785461425781 -0.52392578125 -1.49462890625
-0.0421180725097656 -0.00777816772460938 -1.29736328125 -0.218017578125
-0.0351448059082031 0.0238723754882812 -0.65301513671875 0.821533203125
0.0024716854095459 0.000821590423583984 0.11993408203125 0.78961181640625
0.0121660232543945 -0.00339317321777344 0.533203125 0.2779541015625
0.0242481231689453 -0.00102996826171875 0.511993408203125 -0.24969482421875
0.0194721221923828 -0.0265216827392578 -0.49407958984375 0.2020263671875
0.0240402221679688 0.00317001342773438 -0.4136962890625 -0.24755859375
0.0349502563476563 -0.0211067199707031 0.1490478515625 -0.73541259765625
0.0137596130371094 0.0109577178955078 0.966064453125 -0.59906005859375
-0.0615577697753906 0.0285568237304687 1.19482421875 0.619140625
-0.0456199645996094 -0.0461311340332031 0.2509765625 1.5194091796875
0.0413589477539063 0.0116195678710938 -0.6024169921875 1.03839111328125
0.0882186889648438 0.0021209716796875 0.0208816528320313 0.0698394775390625
0.0638236999511719 -0.01953125 0.49853515625 -1.08355712890625
0.0290641784667969 -0.0449714660644531 -0.5391845703125 -1.4910888671875
-0.016998291015625 -0.00765609741210938 -1.2955322265625 -0.20263671875
-0.00839138031005859 0.00850391387939453 -0.64117431640625 0.8253173828125
0.0182952880859375 -0.00975227355957031 0.12762451171875 0.78936767578125
0.00822067260742188 -0.00980377197265625 0.5335693359375 0.275054931640625
0.0097360610961914 -0.006927490234375 0.50714111328125 -0.255035400390625
0.00934600830078125 -0.0344333648681641 -0.494140625 0.200347900390625
0.0190334320068359 -0.0046234130859375 -0.420989990234375 -0.24749755859375
0.0558586120605469 -0.0323562622070313 0.14068603515625 -0.73590087890625
0.0470848083496094 0.00320053100585938 0.95709228515625 -0.61187744140625
-0.0363731384277344 0.0348892211914062 1.1990966796875 0.6048583984375
-0.0432548522949219 -0.0446319580078125 0.27001953125 1.513916015625
0.0357284545898438 -0.003204345703125 -0.5897216796875 1.0440673828125
0.0880966186523438 -0.0180511474609375 0.0189285278320313 0.072113037109375
0.0566253662109375 -0.0326614379882813 0.4971923828125 -1.08074951171875
0.0340118408203125 -0.0448379516601563 -0.5382080078125 -1.4893798828125
0.00889968872070313 -0.00775623321533203 -1.2958984375 -0.20849609375
0.0171213150024414 -0.00682735443115234 -0.64501953125 0.825439453125
0.0373039245605469 -0.0226974487304687 0.12164306640625 0.78924560546875
0.00400924682617188 -0.0176830291748047 0.52703857421875 0.275665283203125
-0.00231742858886719 -0.0143136978149414 0.504364013671875 -0.2547607421875
-0.00190353393554687 -0.044403076171875 -0.496917724609375 0.200042724609375
0.0145206451416016 -0.0111665725708008 -0.435516357421875 -0.24755859375
0.0702857971191406 -0.0456924438476562 0.1121826171875 -0.738525390625
0.0758895874023438 -0.0039215087890625 0.931884765625 -0.635498046875
-0.0140228271484375 0.0404624938964844 1.20458984375 0.5709228515625
-0.0401115417480469 -0.0426139831542969 0.306884765625 1.5001220703125
0.0301475524902344 -0.0158939361572266 -0.56842041015625 1.052490234375
0.087371826171875 -0.0357742309570313 0.0189056396484375 0.0823974609375
0.0521659851074219 -0.0439491271972656 0.51513671875 -1.072509765625
0.0400581359863281 -0.0433273315429688 -0.5081787109375 -1.5081787109375
0.0324745178222656 -0.00634574890136719 -1.299072265625 -0.2403564453125
0.0408477783203125 -0.0189399719238281 -0.67340087890625 0.812255859375
0.0531997680664062 -0.0329856872558594 0.0958862304687501 0.789306640625
-0.00021934509277344 -0.0265712738037109 0.516021728515625 0.277679443359375
-0.0141887664794922 -0.0236625671386719 0.498138427734375 -0.25408935546875
-0.00841903686523437 -0.0524787902832031 -0.5062255859375 0.198455810546875
0.00827980041503906 -0.0176372528076172 -0.45465087890625 -0.25152587890625
0.0794143676757813 -0.0555191040039063 0.07501220703125 -0.74664306640625
0.0937576293945313 -0.0110397338867188 0.89813232421875 -0.6651611328125
0.00241851806640625 0.0452919006347656 1.218017578125 0.5255126953125
-0.0398330688476562 -0.0409736633300781 0.3525390625 1.4775390625
0.0243148803710938 -0.0261764526367188 -0.53851318359375 1.07080078125
0.0856475830078125 -0.0501480102539062 0.0201873779296875 0.096466064453125
0.0488090515136719 -0.0543746948242187 0.55108642578125 -1.0562744140625
0.0432205200195312 -0.0437431335449219 -0.456787109375 -1.53125
0.0495719909667969 -0.00364303588867188 -1.298095703125 -0.2923583984375
0.05975341796875 -0.02667236328125 -0.7130126953125 0.78704833984375
0.0648612976074219 -0.0389823913574219 0.0576171874999999 0.7850341796875
-0.00197219848632812 -0.0328445434570313 0.496551513671875 0.2818603515625
-0.0215625762939453 -0.0331707000732422 0.492767333984375 -0.252655029296875
-0.0120697021484375 -0.0586166381835937 -0.514801025390625 0.201324462890625
0.00388526916503906 -0.0214328765869141 -0.477020263671875 -0.255340576171875
0.0779876708984375 -0.0614242553710938 0.03094482421875 -0.752197265625
0.100418090820313 -0.014678955078125 0.85162353515625 -0.69873046875
0.0115432739257812 0.0460205078125 1.22509765625 0.4693603515625
-0.0386695861816406 -0.0401268005371094 0.4117431640625 1.4532470703125
0.0216236114501953 -0.0330772399902344 -0.49688720703125 1.088134765625
0.0837860107421875 -0.056182861328125 0.02508544921875 0.11480712890625
0.0467872619628906 -0.0585250854492188 0.59088134765625 -1.0374755859375
0.0456886291503906 -0.0428276062011719 -0.3885498046875 -1.56005859375
0.0570220947265625 -0.0010223388671875 -1.29443359375 -0.3521728515625
0.0685195922851563 -0.0268936157226563 -0.761474609375 0.7584228515625
0.0725784301757813 -0.0406036376953125 0.0133056640625 0.77703857421875
-0.0014801025390625 -0.0371856689453125 0.47711181640625 0.280792236328125
-0.0254478454589844 -0.0409393310546875 0.4827880859375 -0.25286865234375
-0.00941085815429688 -0.0619888305664062 -0.5235595703125 0.2054443359375
-0.0010833740234375 -0.0221328735351563 -0.502532958984375 -0.254791259765625
0.0708770751953125 -0.0639724731445313 -0.0162353515625 -0.7593994140625
0.092987060546875 -0.0155715942382812 0.80499267578125 -0.73480224609375
0.0119285583496094 0.0470123291015625 1.2303466796875 0.4095458984375
-0.0397911071777344 -0.0400924682617187 0.47705078125 1.4222412109375
0.0189952850341797 -0.0328884124755859 -0.45465087890625 1.105712890625
0.08203125 -0.0557861328125 0.0282363891601563 0.1328125
0.0466079711914062 -0.0579986572265625 0.63446044921875 -1.01593017578125
0.0453414916992188 -0.0429153442382813 -0.3182373046875 -1.58740234375
0.0551033020019531 0.00133514404296875 -1.2913818359375 -0.4117431640625
0.0667190551757813 -0.0228424072265625 -0.8065185546875 0.727783203125
0.0709228515625 -0.0386428833007813 -0.02935791015625 0.76885986328125
-0.00176239013671875 -0.0381011962890625 0.457550048828125 0.28302001953125
-0.0247726440429687 -0.0464630126953125 0.477783203125 -0.251190185546875
-0.00452423095703125 -0.0609931945800781 -0.532073974609375 0.2137451171875
-0.00128746032714844 -0.0208854675292969 -0.520538330078125 -0.253265380859375
0.0595283508300781 -0.0573616027832031 -0.0546264648437499 -0.7611083984375
0.0761489868164063 -0.0111618041992188 0.763916015625 -0.75701904296875
0.00128936767578125 0.0468559265136719 1.2347412109375 0.3609619140625
-0.0427131652832031 -0.038604736328125 0.529052734375 1.3968505859375
0.0209064483642578 -0.0304431915283203 -0.41876220703125 1.11614990234375
0.0806808471679688 -0.0459976196289063 0.0329132080078125 0.148147583007813
0.0490036010742188 -0.0506858825683594 0.67694091796875 -0.9945068359375
0.0439834594726563 -0.0422515869140625 -0.253173828125 -1.607421875
0.0424957275390625 0.00167083740234375 -1.2821044921875 -0.4661865234375
0.0525054931640625 -0.0127067565917969 -0.8458251953125 0.69537353515625
0.0608863830566406 -0.0333061218261719 -0.0654296875 0.76019287109375
0.000984191894531251 -0.0355110168457031 0.443817138671875 0.28167724609375
-0.0189933776855469 -0.0463066101074219 0.47308349609375 -0.251495361328125
0.0335578918457031 -0.0181789398193359 -0.4976806640625 0.2152099609375
0.025390625 0.00830650329589844 -0.423431396484375 -0.24237060546875
0.0130615234375 -0.00785541534423828 0.13397216796875 -0.74951171875
-0.0196075439453125 0.0192832946777344 0.95562744140625 -0.62744140625
-0.0843582153320313 0.0269317626953125 1.2169189453125 0.591552734375
-0.0496292114257813 -0.0450363159179688 0.2926025390625 1.518310546875
0.0459747314453125 0.0234794616699219 -0.58258056640625 1.05615234375
0.0879669189453125 0.0205535888671875 0.0255126953125 0.0738906860351563
0.0691719055175781 -0.00671768188476563 0.50384521484375 -1.08831787109375
0.0233078002929688 -0.0464744567871094 -0.5450439453125 -1.4959716796875
-0.0417823791503906 -0.00609207153320313 -1.3065185546875 -0.2041015625
-0.0354347229003906 0.0242729187011719 -0.64569091796875 0.83258056640625
0.00216138362884521 0.00106167793273926 0.12994384765625 0.7916259765625
0.0125303268432617 -0.00271034240722656 0.54144287109375 0.27105712890625
0.0237026214599609 -0.00148963928222656 0.51031494140625 -0.259063720703125
0.0205764770507813 -0.0251522064208984 -0.49481201171875 0.2115478515625
0.0237236022949219 0.00396347045898438 -0.4190673828125 -0.241119384765625
0.0340461730957031 -0.0204200744628906 0.14093017578125 -0.74224853515625
0.0135250091552734 0.0102081298828125 0.963623046875 -0.61370849609375
-0.0616264343261719 0.0304069519042969 1.20947265625 0.607666015625
-0.0457534790039063 -0.0449600219726563 0.27099609375 1.525390625
0.0418624877929688 0.0114173889160156 -0.59326171875 1.05218505859375
0.0885848999023438 0.00078582763671875 0.0208740234375 0.0708465576171875
0.0627822875976563 -0.0199050903320313 0.48968505859375 -1.093017578125
0.0289535522460938 -0.0456771850585937 -0.559326171875 -1.48779296875
-0.0180492401123047 -0.00785636901855469 -1.30322265625 -0.189697265625
-0.00890064239501953 0.008544921875 -0.63372802734375 0.8375244140625
0.0188541412353516 -0.0104961395263672 0.1378173828125 0.7916259765625
0.00774765014648438 -0.00975799560546875 0.539703369140625 0.268890380859375
0.00947093963623047 -0.00638771057128906 0.507476806640625 -0.262542724609375
0.009002685546875 -0.0347785949707031 -0.494720458984375 0.2098388671875
0.0191726684570313 -0.002777099609375 -0.42578125 -0.24267578125
0.0535888671875 -0.033294677734375 0.130859375 -0.741943359375
0.04583740234375 0.00252151489257813 0.95269775390625 -0.62646484375
-0.0359573364257813 0.0356521606445312 1.2119140625 0.593505859375
-0.0427589416503906 -0.0436897277832031 0.2889404296875 1.516357421875
0.0369796752929688 -0.00259017944335938 -0.58154296875 1.05755615234375
0.08758544921875 -0.0191268920898438 0.0199432373046875 0.073272705078125
0.0565261840820313 -0.0333290100097656 0.48834228515625 -1.0906982421875
0.033966064453125 -0.0456008911132813 -0.556396484375 -1.492431640625
0.00855064392089844 -0.00793600082397461 -1.3038330078125 -0.1942138671875
0.0167922973632813 -0.00695419311523438 -0.63604736328125 0.83856201171875
0.0363922119140625 -0.0225067138671875 0.12982177734375 0.79071044921875
0.00392913818359375 -0.0178031921386719 0.536376953125 0.2703857421875
-0.00319862365722656 -0.0144214630126953 0.502471923828125 -0.264068603515625
-0.00203704833984375 -0.0456695556640625 -0.497589111328125 0.207733154296875
0.0143804550170898 -0.0113191604614258 -0.439697265625 -0.242919921875
0.0704879760742188 -0.0456008911132813 0.10400390625 -0.74627685546875
0.0743942260742188 -0.00565338134765625 0.92596435546875 -0.65093994140625
-0.0137596130371094 0.04180908203125 1.21826171875 0.557373046875
-0.0409431457519531 -0.0412559509277344 0.3240966796875 1.5057373046875
0.0310630798339844 -0.0165691375732422 -0.55999755859375 1.0654296875
0.0864944458007813 -0.0378494262695312 0.0199737548828125 0.0836257934570312
0.0518569946289062 -0.0464668273925781 0.50677490234375 -1.082763671875
0.03851318359375 -0.0454025268554688 -0.5301513671875 -1.5074462890625
0.0321388244628906 -0.00818061828613281 -1.3077392578125 -0.228759765625
0.0406951904296875 -0.0191001892089844 -0.6663818359375 0.8223876953125
0.0536041259765625 -0.0335044860839844 0.1041259765625 0.7890625
-0.000354766845703128 -0.0264167785644531 0.522064208984375 0.271759033203125
-0.0135822296142578 -0.0249462127685547 0.497955322265625 -0.264404296875
-0.00878524780273437 -0.0526313781738281 -0.507354736328125 0.206146240234375
0.00850486755371094 -0.0163784027099609 -0.460113525390625 -0.24530029296875
0.077850341796875 -0.05633544921875 0.0675048828124999 -0.7525634765625
0.0925369262695313 -0.0117111206054688 0.89288330078125 -0.67974853515625
0.0035858154296875 0.0455131530761719 1.2281494140625 0.51171875
-0.0393333435058594 -0.0394287109375 0.3740234375 1.4830322265625
0.0244235992431641 -0.0257415771484375 -0.52947998046875 1.082275390625
0.0852890014648438 -0.0516891479492188 0.0215988159179688 0.0978240966796875
0.0481681823730469 -0.0553703308105469 0.54144287109375 -1.065673828125
0.0418586730957031 -0.0440216064453125 -0.4757080078125 -1.53466796875
0.0499458312988281 -0.0044708251953125 -1.308349609375 -0.2789306640625
0.0587692260742188 -0.0261039733886719 -0.70843505859375 0.7991943359375
0.0654792785644531 -0.0398674011230469 0.0670776367187501 0.787841796875
-0.00137138366699219 -0.0336818695068359 0.503173828125 0.275726318359375
-0.0225715637207031 -0.0326709747314453 0.490631103515625 -0.26104736328125
-0.0118217468261719 -0.0595512390136719 -0.51593017578125 0.21002197265625
0.00365447998046875 -0.0192241668701172 -0.48272705078125 -0.248199462890625
0.0772476196289063 -0.0636749267578125 0.02227783203125 -0.7578125
0.0997238159179688 -0.0159530639648438 0.8489990234375 -0.7142333984375
0.0130157470703125 0.0456619262695313 1.2373046875 0.4559326171875
-0.0388870239257813 -0.0404090881347656 0.4327392578125 1.4581298828125
0.0216236114501953 -0.0321865081787109 -0.48809814453125 1.099853515625
0.08209228515625 -0.0574493408203125 0.0260543823242188 0.114692687988281
0.0469245910644531 -0.059722900390625 0.5821533203125 -1.04583740234375
0.0432548522949219 -0.0437736511230469 -0.41015625 -1.567138671875
0.0570907592773437 -0.00313568115234375 -1.304443359375 -0.3385009765625
0.0691490173339844 -0.0287132263183594 -0.7559814453125 0.76885986328125
0.0717544555664063 -0.0423660278320313 0.0228271484375 0.77972412109375
-0.00202560424804688 -0.0371360778808594 0.4847412109375 0.277191162109375
-0.0261459350585938 -0.0407638549804687 0.48114013671875 -0.26171875
-0.00988388061523437 -0.0618095397949219 -0.522491455078125 0.214874267578125
-0.00100898742675781 -0.0216865539550781 -0.505950927734375 -0.247894287109375
0.069671630859375 -0.0629348754882813 -0.0255126953124999 -0.7637939453125
0.092376708984375 -0.0167922973632813 0.7979736328125 -0.74969482421875
0.0136184692382813 0.0472145080566406 1.242919921875 0.398193359375
-0.0404281616210938 -0.0386428833007812 0.495849609375 1.4256591796875
0.0189323425292969 -0.0337009429931641 -0.44354248046875 1.11541748046875
0.0803756713867188 -0.0565643310546875 0.0293731689453125 0.134292602539063
0.0459098815917969 -0.0591087341308594 0.625732421875 -1.02703857421875
0.0449028015136719 -0.0437469482421875 -0.3397216796875 -1.5875244140625
0.0554122924804688 0.000965118408203125 -1.3028564453125 -0.40185546875
0.0661888122558594 -0.0228042602539063 -0.80340576171875 0.738525390625
0.069671630859375 -0.0394706726074219 -0.02081298828125 0.774169921875
-0.00183868408203125 -0.0380096435546875 0.4654541015625 0.27716064453125
-0.0244064331054688 -0.0466270446777344 0.476959228515625 -0.2576904296875
-0.00371170043945313 -0.0617332458496094 -0.531036376953125 0.225128173828125
-0.000972747802734377 -0.0205879211425781 -0.5264892578125 -0.2467041015625
0.0566825866699219 -0.0588035583496094 -0.06451416015625 -0.76470947265625
0.0743331909179688 -0.01171875 0.75872802734375 -0.77325439453125
0.00255966186523437 0.0463943481445313 1.2471923828125 0.34716796875
-0.0437469482421875 -0.0382347106933594 0.5460205078125 1.3992919921875
0.0212783813476563 -0.0299587249755859 -0.407470703125 1.130126953125
0.078277587890625 -0.0479965209960938 0.0345916748046875 0.149169921875
0.0479660034179687 -0.0516738891601562 0.66644287109375 -1.0076904296875
0.0437545776367188 -0.0435409545898438 -0.27685546875 -1.6114501953125
0.0432357788085938 0.00257492065429687 -1.29248046875 -0.4552001953125
0.0530853271484375 -0.0135688781738281 -0.842529296875 0.71075439453125
0.0603713989257813 -0.0332489013671875 -0.0567626953125 0.76434326171875
-0.000713348388671876 -0.03564453125 0.451324462890625 0.275421142578125
-0.0206947326660156 -0.0470390319824219 0.4710693359375 -0.26007080078125
0.0347766876220703 -0.0175399780273438 -0.496124267578125 0.225616455078125
0.0270004272460938 0.0106391906738281 -0.426910400390625 -0.23773193359375
0.0115776062011719 -0.0081329345703125 0.12408447265625 -0.7537841796875
-0.0210781097412109 0.0201892852783203 0.94927978515625 -0.64141845703125
-0.085693359375 0.0296783447265625 1.22998046875 0.5782470703125
-0.0490303039550781 -0.0433273315429687 0.3134765625 1.5225830078125
0.0497398376464844 0.0229148864746094 -0.57281494140625 1.06829833984375
0.0875930786132813 0.0203475952148438 0.0260162353515625 0.0742950439453125
0.0679931640625 -0.00658035278320313 0.49310302734375 -1.094970703125
0.022064208984375 -0.0476799011230469 -0.564453125 -1.4932861328125
-0.0417518615722656 -0.00492095947265626 -1.3135986328125 -0.1898193359375
-0.0353813171386719 0.0255279541015625 -0.63897705078125 0.84588623046875
0.000841140747070313 0.00329446792602539 0.13958740234375 0.7930908203125
0.0128440856933594 -0.00296497344970703 0.546417236328125 0.265625
0.0223064422607422 -0.00125694274902344 0.50775146484375 -0.264862060546875
0.0227851867675781 -0.0261344909667969 -0.49493408203125 0.22021484375
0.0252246856689453 0.00435066223144531 -0.424041748046875 -0.23638916015625
0.0333843231201172 -0.0181617736816406 0.13153076171875 -0.74615478515625
0.012542724609375 0.0117607116699219 0.95782470703125 -0.62957763671875
-0.0603256225585937 0.031280517578125 1.2191162109375 0.5919189453125
-0.04632568359375 -0.0431632995605469 0.29052734375 1.527587890625
0.0429420471191406 0.0107498168945313 -0.5816650390625 1.065185546875
0.0863189697265625 0.00131988525390625 0.0231704711914063 0.0710296630859375
0.0637550354003906 -0.0207290649414063 0.4781494140625 -1.10260009765625
0.0272140502929688 -0.0465164184570313 -0.58056640625 -1.4859619140625
-0.0172805786132813 -0.00777721405029297 -1.3094482421875 -0.1759033203125
-0.00945472717285156 0.00805854797363281 -0.62615966796875 0.8477783203125
0.0186614990234375 -0.00892448425292969 0.1485595703125 0.79229736328125
0.00870990753173828 -0.0113706588745117 0.548553466796875 0.262359619140625
0.00992202758789063 -0.00621986389160156 0.50457763671875 -0.27130126953125
0.0104389190673828 -0.0349025726318359 -0.4942626953125 0.21624755859375
0.0210762023925781 -0.00268173217773438 -0.43017578125 -0.234466552734375
0.0509376525878906 -0.0360145568847656 0.1226806640625 -0.7474365234375
0.0465660095214844 0.00267791748046875 0.9476318359375 -0.64483642578125
-0.0344467163085938 0.0380630493164063 1.22509765625 0.57763671875
-0.0416488647460938 -0.0409622192382813 0.3087158203125 1.521484375
0.0369186401367188 -0.00181961059570313 -0.56878662109375 1.06787109375
0.0858078002929687 -0.0199661254882813 0.0209884643554688 0.0757827758789063
0.0562820434570312 -0.0355491638183594 0.47589111328125 -1.10113525390625
0.0333290100097656 -0.0457801818847656 -0.580810546875 -1.4891357421875
0.00909137725830078 -0.00809669494628906 -1.3104248046875 -0.181396484375
0.0171175003051758 -0.00627231597900391 -0.6312255859375 0.84893798828125
0.0363693237304688 -0.0230064392089844 0.141845703125 0.7919921875
0.00123405456542969 -0.0188865661621094 0.5423583984375 0.260986328125
-0.00318145751953125 -0.0155715942382812 0.50030517578125 -0.269775390625
-0.00043869018554687 -0.0442924499511719 -0.4989013671875 0.21624755859375
0.0132207870483398 -0.00897884368896484 -0.445892333984375 -0.235992431640625
0.0684547424316406 -0.0451240539550781 0.0926513671875001 -0.7496337890625
0.0731964111328125 -0.00693511962890625 0.92242431640625 -0.66693115234375
-0.0104598999023438 0.0411300659179688 1.23046875 0.5423583984375
-0.041107177734375 -0.0399017333984375 0.340576171875 1.50830078125
0.0309333801269531 -0.016204833984375 -0.548095703125 1.0782470703125
0.0846099853515625 -0.0393295288085938 0.01995849609375 0.0825424194335938
0.051025390625 -0.045654296875 0.492919921875 -1.0877685546875
0.0391883850097656 -0.0466346740722656 -0.5489501953125 -1.5064697265625
0.0331153869628906 -0.00800514221191406 -1.313720703125 -0.21240234375
0.0397987365722656 -0.0196762084960938 -0.6607666015625 0.8328857421875
0.0543098449707031 -0.03179931640625 0.11700439453125 0.79217529296875
-0.000747680664062498 -0.0277976989746094 0.527587890625 0.266845703125
-0.014984130859375 -0.0247230529785156 0.495025634765625 -0.270751953125
-0.00910186767578125 -0.0534858703613281 -0.50360107421875 0.21484375
0.00876712799072266 -0.0168132781982422 -0.46533203125 -0.238555908203125
0.0751113891601563 -0.057342529296875 0.05633544921875 -0.755859375
0.0926742553710938 -0.0131988525390625 0.88482666015625 -0.6937255859375
0.00542831420898438 0.0460243225097656 1.240234375 0.4993896484375
-0.0394210815429688 -0.0394020080566406 0.3897705078125 1.4844970703125
0.0277137756347656 -0.0257606506347656 -0.51690673828125 1.09173583984375
0.082733154296875 -0.0534515380859375 0.0233993530273438 0.099273681640625
0.046966552734375 -0.0556182861328125 0.53460693359375 -1.0762939453125
0.0423507690429688 -0.0447540283203125 -0.4991455078125 -1.535400390625
0.0493812561035156 -0.00506973266601562 -1.3154296875 -0.2637939453125
0.059173583984375 -0.0281333923339844 -0.69964599609375 0.81256103515625
0.0662384033203125 -0.0394363403320313 0.07757568359375 0.7884521484375
-0.00128173828125 -0.0344200134277344 0.508758544921875 0.267303466796875
-0.0225658416748047 -0.0315456390380859 0.48846435546875 -0.267333984375
-0.0127487182617188 -0.0587539672851562 -0.51519775390625 0.219329833984375
0.00504684448242188 -0.0204353332519531 -0.487274169921875 -0.240020751953125
0.0761795043945313 -0.0634994506835938 0.01202392578125 -0.760986328125
0.0971603393554688 -0.0189895629882813 0.8389892578125 -0.72601318359375
0.0135231018066406 0.0454673767089844 1.2467041015625 0.4390869140625
-0.0390548706054687 -0.0397720336914063 0.452392578125 1.457275390625
0.02191162109375 -0.033050537109375 -0.474365234375 1.10992431640625
0.080718994140625 -0.0596542358398438 0.0264053344726563 0.116714477539063
0.0441703796386719 -0.0613365173339844 0.57275390625 -1.056884765625
0.0437049865722656 -0.0452537536621094 -0.4293212890625 -1.5638427734375
0.058380126953125 -0.00300979614257813 -1.3153076171875 -0.326171875
0.0697784423828125 -0.0294647216796875 -0.7491455078125 0.78411865234375
0.0718231201171875 -0.0424652099609375 0.03338623046875 0.78326416015625
-0.00191497802734375 -0.0371551513671875 0.489044189453125 0.269744873046875
-0.0286026000976563 -0.0411911010742188 0.479034423828125 -0.267547607421875
-0.00902938842773438 -0.0610542297363281 -0.521759033203125 0.22467041015625
-0.00100135803222656 -0.0201969146728516 -0.5111083984375 -0.241363525390625
0.0694999694824219 -0.0642166137695313 -0.0351562499999999 -0.7666015625
0.0925140380859375 -0.0181045532226563 0.79058837890625 -0.76287841796875
0.0146713256835938 0.0469131469726562 1.25048828125 0.3846435546875
-0.0410919189453125 -0.03753662109375 0.5147705078125 1.4254150390625
0.019073486328125 -0.0333843231201172 -0.4320068359375 1.1256103515625
0.0779342651367188 -0.0583343505859375 0.0306854248046875 0.135108947753906
0.0445213317871094 -0.0609245300292969 0.6163330078125 -1.03411865234375
0.0428047180175781 -0.0450477600097656 -0.3585205078125 -1.592041015625
0.0546150207519531 -0.000804901123046875 -1.3104248046875 -0.386962890625
0.0666313171386719 -0.0242919921875 -0.7960205078125 0.75396728515625
0.0696029663085938 -0.0393409729003906 -0.01116943359375 0.77508544921875
-0.00209808349609375 -0.0372467041015625 0.472137451171875 0.2738037109375
-0.0251350402832031 -0.046600341796875 0.47674560546875 -0.26654052734375
-0.00534057617187501 -0.0616798400878906 -0.529052734375 0.231414794921875
-0.00139617919921875 -0.0185699462890625 -0.533203125 -0.23822021484375
0.0570335388183594 -0.0596733093261719 -0.07525634765625 -0.768310546875
0.075225830078125 -0.0110549926757812 0.75250244140625 -0.784423828125
0.00574493408203125 0.0482177734375 1.25634765625 0.332763671875
-0.0422821044921875 -0.0375099182128906 0.563720703125 1.39697265625
0.0208377838134766 -0.0298137664794922 -0.394775390625 1.138427734375
0.07928466796875 -0.0481796264648437 0.03643798828125 0.150070190429688
0.0457763671875 -0.0522689819335938 0.65777587890625 -1.0159912109375
0.0439834594726563 -0.04364013671875 -0.2955322265625 -1.6136474609375
0.0426254272460938 0.00162506103515625 -1.304931640625 -0.4405517578125
0.0509376525878906 -0.0148811340332031 -0.8355712890625 0.72552490234375
0.0608863830566406 -0.0348167419433594 -0.0469970703125 0.767333984375
3.81469726562514E-05 -0.0357780456542969 0.457977294921875 0.270294189453125
-0.0219001770019531 -0.0456886291503906 0.468658447265625 -0.267333984375
0.03558349609375 -0.0187492370605469 -0.496063232421875 0.232635498046875
0.0273017883300781 0.0110530853271484 -0.429931640625 -0.23162841796875
0.0104818344116211 -0.00608062744140625 0.11407470703125 -0.7587890625
-0.0217666625976563 0.0202064514160156 0.94244384765625 -0.6575927734375
-0.0839080810546875 0.029754638671875 1.2386474609375 0.5621337890625
-0.04925537109375 -0.042510986328125 0.3306884765625 1.5208740234375
0.0474929809570313 0.0229911804199219 -0.56219482421875 1.077880859375
0.0879135131835938 0.0176849365234375 0.0284423828125 0.0761489868164063
0.0669212341308594 -0.0077056884765625 0.48065185546875 -1.103515625
0.0229263305664063 -0.047607421875 -0.5819091796875 -1.491943359375
-0.04229736328125 -0.00529861450195312 -1.319580078125 -0.1734619140625
-0.0345191955566406 0.0264129638671875 -0.629150390625 0.85308837890625
0.00181460380554199 0.0019301176071167 0.1494140625 0.79290771484375
0.0113067626953125 -0.00274753570556641 0.5499267578125 0.258087158203125
0.0227470397949219 -0.00230598449707031 0.50457763671875 -0.27386474609375
0.0210647583007813 -0.0266323089599609 -0.490936279296875 0.2286376953125
0.0251903533935547 0.00613594055175781 -0.427581787109375 -0.228790283203125
0.0316028594970703 -0.0197944641113281 0.12310791015625 -0.751220703125
0.0110712051391602 0.0109720230102539 0.95330810546875 -0.6456298828125
-0.0600242614746094 0.0332527160644531 1.230712890625 0.5780029296875
-0.0450553894042969 -0.04315185546875 0.3101806640625 1.5291748046875
0.0442619323730469 0.00981521606445313 -0.57159423828125 1.07501220703125
0.0869827270507812 -0.00168609619140625 0.0226593017578125 0.0716400146484375
0.0621566772460938 -0.0211753845214844 0.46661376953125 -1.10772705078125
0.0258140563964844 -0.0462150573730469 -0.5980224609375 -1.4827880859375
-0.0175371170043945 -0.00679683685302734 -1.3134765625 -0.16162109375
-0.009552001953125 0.00811100006103515 -0.61566162109375 0.85784912109375
0.0183181762695313 -0.00928306579589844 0.15838623046875 0.7901611328125
0.00707817077636719 -0.00960350036621094 0.553466796875 0.25433349609375
0.00918960571289063 -0.0085601806640625 0.5003662109375 -0.2784423828125
0.0114078521728516 -0.0346584320068359 -0.49237060546875 0.226409912109375
0.0212593078613281 -0.00195121765136719 -0.431793212890625 -0.226959228515625
0.0516738891601563 -0.0318527221679688 0.114013671875 -0.7515869140625
0.0452842712402344 0.00162124633789063 0.94110107421875 -0.6563720703125
-0.035369873046875 0.0378494262695313 1.2369384765625 0.5615234375
-0.0419921875 -0.0406951904296875 0.3267822265625 1.523681640625
0.0375251770019531 -0.0035552978515625 -0.5594482421875 1.078125
0.0851669311523438 -0.0222396850585938 0.0209503173828125 0.0742950439453125
0.0559768676757812 -0.0359916687011719 0.46441650390625 -1.10577392578125
0.0323638916015625 -0.0473365783691406 -0.5977783203125 -1.4833984375
0.00875282287597656 -0.00868654251098633 -1.316650390625 -0.1636962890625
0.0173854827880859 -0.00735378265380859 -0.62188720703125 0.85791015625
0.0365028381347656 -0.0220069885253906 0.15106201171875 0.79254150390625
0.00209712982177734 -0.0175352096557617 0.547088623046875 0.256103515625
-0.00459003448486328 -0.014042854309082 0.49822998046875 -0.279815673828125
0.000511169433593754 -0.0443115234375 -0.496612548828125 0.22625732421875
0.0164022445678711 -0.00792121887207031 -0.447265625 -0.229095458984375
0.0671768188476563 -0.0466194152832031 0.0838623046874999 -0.75396728515625
0.073150634765625 -0.00804901123046875 0.9132080078125 -0.68011474609375
-0.0118598937988281 0.0425186157226563 1.2391357421875 0.530029296875
-0.0407524108886719 -0.0393409729003906 0.3616943359375 1.5076904296875
0.0316028594970703 -0.0163764953613281 -0.5377197265625 1.08929443359375
0.0845184326171875 -0.0416717529296875 0.023345947265625 0.0843048095703125
0.0493888854980469 -0.0488929748535156 0.48150634765625 -1.09765625
0.0372581481933594 -0.0465354919433594 -0.571533203125 -1.50537109375
0.032257080078125 -0.00944328308105469 -1.3177490234375 -0.1971435546875
0.0398445129394531 -0.0215415954589844 -0.651123046875 0.84490966796875
0.0522537231445313 -0.0336647033691406 0.12493896484375 0.7939453125
-0.002288818359375 -0.0260124206542969 0.534515380859375 0.2586669921875
-0.0149440765380859 -0.0235557556152344 0.492095947265625 -0.2783203125
-0.006256103515625 -0.0529823303222656 -0.504974365234375 0.224609375
0.00921154022216797 -0.0132474899291992 -0.46868896484375 -0.230743408203125
0.0754852294921875 -0.0567855834960938 0.0478515625 -0.75994873046875
0.0917816162109375 -0.0155181884765625 0.88079833984375 -0.71002197265625
0.0069732666015625 0.0454254150390625 1.2523193359375 0.4825439453125
-0.0382728576660156 -0.0383529663085938 0.411376953125 1.4837646484375
0.0272808074951172 -0.0289058685302734 -0.5068359375 1.1014404296875
0.0821609497070313 -0.0537185668945313 0.0242843627929687 0.09893798828125
0.0450820922851563 -0.0571403503417969 0.521728515625 -1.081787109375
0.0408401489257813 -0.0462532043457031 -0.514892578125 -1.5316162109375
0.05047607421875 -0.00649642944335938 -1.3236083984375 -0.248779296875
0.0574378967285156 -0.0296249389648438 -0.692138671875 0.82135009765625
0.0633888244628906 -0.0416259765625 0.0863037109375 0.79046630859375
-0.00416755676269531 -0.0329322814941406 0.514984130859375 0.26177978515625
-0.0254783630371094 -0.0326023101806641 0.486968994140625 -0.276641845703125
-0.00977706909179688 -0.058990478515625 -0.513214111328125 0.228424072265625
0.00500583648681641 -0.0173177719116211 -0.491851806640625 -0.2327880859375
0.0753707885742187 -0.0638504028320312 0.00140380859375 -0.76409912109375
0.097503662109375 -0.0195770263671875 0.830810546875 -0.74127197265625
0.0158538818359375 0.0463943481445313 1.2569580078125 0.4249267578125
-0.03826904296875 -0.0380363464355469 0.470703125 1.4554443359375
0.0223979949951172 -0.0338802337646484 -0.462890625 1.1197509765625
0.0789718627929688 -0.0603179931640625 0.0286331176757813 0.115768432617188
0.0430641174316406 -0.0626335144042969 0.5606689453125 -1.06634521484375
0.0421676635742187 -0.0465621948242187 -0.44873046875 -1.5633544921875
0.0573387145996094 -0.00469589233398437 -1.3214111328125 -0.31298828125
0.0677833557128906 -0.0306015014648438 -0.739990234375 0.7947998046875
0.0705413818359375 -0.0441436767578125 0.0443115234375001 0.7833251953125
-0.0041961669921875 -0.0384140014648438 0.494049072265625 0.262847900390625
-0.0278434753417969 -0.0393257141113281 0.47601318359375 -0.275848388671875
-0.00933456420898437 -0.0619010925292969 -0.521697998046875 0.232086181640625
3.24249267578131E-05 -0.0198764801025391 -0.51483154296875 -0.231842041015625
0.0678176879882813 -0.0651817321777344 -0.0441284179687499 -0.76849365234375
0.0897445678710938 -0.0196762084960938 0.781005859375 -0.775634765625
0.0146942138671875 0.0475883483886719 1.261474609375 0.3658447265625
-0.03985595703125 -0.0369606018066406 0.533203125 1.4217529296875
0.0206279754638672 -0.0345821380615234 -0.420166015625 1.1351318359375
0.0766220092773438 -0.0599288940429688 0.0334396362304688 0.134368896484375
0.0423774719238281 -0.0602684020996094 0.603271484375 -1.044677734375
0.0419998168945313 -0.044921875 -0.381103515625 -1.591064453125
0.0564155578613281 -0.0016632080078125 -1.3187255859375 -0.374755859375
0.0646781921386719 -0.0243988037109375 -0.78936767578125 0.7645263671875
0.0682716369628906 -0.0409164428710938 -0.00286865234374993 0.7772216796875
-0.0031890869140625 -0.0382652282714844 0.476715087890625 0.26519775390625
-0.0276527404785156 -0.0462570190429688 0.469970703125 -0.2738037109375
-0.00352478027343751 -0.0609664916992188 -0.5274658203125 0.241424560546875
-6.86645507812508E-05 -0.0176982879638672 -0.535125732421875 -0.23211669921875
0.0549774169921875 -0.0594635009765625 -0.08343505859375 -0.76953125
0.0718231201171875 -0.013763427734375 0.740234375 -0.79815673828125
0.00481033325195312 0.0479354858398437 1.263671875 0.318115234375
-0.0438652038574219 -0.0366668701171875 0.582763671875 1.395751953125
0.0221233367919922 -0.0307979583740234 -0.3837890625 1.1463623046875
0.0764541625976562 -0.0515213012695312 0.0382537841796875 0.151626586914062
0.0449981689453125 -0.0536346435546875 0.64910888671875 -1.02703857421875
0.04144287109375 -0.0447845458984375 -0.3143310546875 -1.6156005859375
0.0426788330078125 0.0013427734375 -1.311767578125 -0.4281005859375
0.0525665283203125 -0.0164680480957031 -0.82696533203125 0.7344970703125
0.0595474243164063 -0.0348777770996094 -0.0393676757812501 0.768310546875
-0.000782012939453123 -0.0356826782226563 0.4630126953125 0.264923095703125
-0.0222434997558594 -0.04620361328125 0.46600341796875 -0.273651123046875
0.0344161987304688 -0.0186424255371094 -0.4930419921875 0.241485595703125
0.0283088684082031 0.0129833221435547 -0.433746337890625 -0.2232666015625
0.0104522705078125 -0.00649547576904297 0.10345458984375 -0.76416015625
-0.0229682922363281 0.0205459594726563 0.9339599609375 -0.670166015625
-0.0814437866210938 0.0315704345703125 1.246337890625 0.543701171875
-0.0488967895507813 -0.0410652160644531 0.35009765625 1.5198974609375
0.0497627258300781 0.0241470336914062 -0.54803466796875 1.08636474609375
0.0853500366210938 0.0172882080078125 0.0292816162109375 0.0758743286132813
0.0669288635253906 -0.00952911376953125 0.46807861328125 -1.10797119140625
0.0209999084472656 -0.0481109619140625 -0.6033935546875 -1.4822998046875
-0.0435829162597656 -0.00438690185546875 -1.3211669921875 -0.1573486328125
-0.0347423553466797 0.0264377593994141 -0.61810302734375 0.86199951171875
0.00109624862670898 0.00326943397521973 0.1590576171875 0.79193115234375
0.0114192962646484 -0.00251197814941406 0.555816650390625 0.249237060546875
0.0219364166259766 -0.00205421447753906 0.498626708984375 -0.28179931640625
0.0219783782958984 -0.0268878936767578 -0.489410400390625 0.2373046875
0.0258731842041016 0.00537872314453125 -0.42926025390625 -0.2218017578125
0.0299510955810547 -0.0198230743408203 0.11181640625 -0.75506591796875
0.00974750518798828 0.0105619430541992 0.94293212890625 -0.65777587890625
-0.0598564147949219 0.0349464416503906 1.238525390625 0.5595703125
-0.0436630249023438 -0.0401344299316406 0.3272705078125 1.5247802734375
0.04571533203125 0.00999069213867187 -0.56024169921875 1.08416748046875
0.08685302734375 -0.00185394287109375 0.0242233276367188 0.0715866088867188
0.0615692138671875 -0.0210914611816406 0.452880859375 -1.1142578125
0.0254325866699219 -0.0484657287597656 -0.6175537109375 -1.4766845703125
-0.0185661315917969 -0.00803375244140625 -1.3162841796875 -0.1439208984375
-0.00879287719726563 0.00834369659423828 -0.6048583984375 0.86419677734375
0.0178318023681641 -0.00913429260253906 0.16839599609375 0.78887939453125
0.00749874114990234 -0.0108118057250977 0.556396484375 0.244964599609375
0.0095367431640625 -0.00633716583251953 0.495361328125 -0.28619384765625
0.0111618041992187 -0.03472900390625 -0.48858642578125 0.23541259765625
0.0212593078613281 -0.000242233276367188 -0.4344482421875 -0.22216796875
0.0511436462402344 -0.0340347290039063 0.1019287109375 -0.7545166015625
0.0435943603515625 0.0002288818359375 0.93377685546875 -0.67266845703125
-0.0345802307128906 0.0387687683105469 1.244873046875 0.548828125
-0.041839599609375 -0.0387992858886719 0.346435546875 1.5220947265625
0.0393829345703125 -0.00438690185546875 -0.54736328125 1.0853271484375
0.0842208862304687 -0.0236740112304687 0.023956298828125 0.0741119384765625
0.0541191101074219 -0.0363616943359375 0.45196533203125 -1.1123046875
0.03076171875 -0.0484580993652344 -0.615478515625 -1.4774169921875
0.009063720703125 -0.00890350341796875 -1.3206787109375 -0.1505126953125
0.015650749206543 -0.00806903839111328 -0.61114501953125 0.86639404296875
0.0352935791015625 -0.0227470397949219 0.16168212890625 0.789794921875
0.00217247009277344 -0.0187492370605469 0.552276611328125 0.24755859375
-0.00446891784667969 -0.0142583847045898 0.492095947265625 -0.285491943359375
-0.000728607177734377 -0.0453338623046875 -0.49481201171875 0.235260009765625
0.0168342590332031 -0.00762557983398438 -0.450531005859375 -0.219696044921875
0.0651664733886719 -0.0468826293945313 0.0732421875 -0.75634765625
0.0718154907226563 -0.00897216796875 0.90374755859375 -0.6925048828125
-0.00956726074218749 0.0440101623535156 1.2469482421875 0.512939453125
-0.0396461486816406 -0.0383720397949219 0.3804931640625 1.503173828125
0.0327568054199219 -0.0161380767822266 -0.523681640625 1.09454345703125
0.0833206176757813 -0.04150390625 0.0227508544921875 0.0841827392578125
0.0476531982421875 -0.0485763549804688 0.4681396484375 -1.10302734375
0.0353012084960938 -0.0478477478027344 -0.58837890625 -1.4959716796875
0.0319995880126953 -0.00830841064453125 -1.3221435546875 -0.181884765625
0.0404472351074219 -0.0213623046875 -0.63909912109375 0.85211181640625
0.0509796142578125 -0.0349197387695313 0.13507080078125 0.79205322265625
-0.00276565551757812 -0.0267925262451172 0.5386962890625 0.25164794921875
-0.0151863098144531 -0.0221443176269531 0.487213134765625 -0.28564453125
-0.00629806518554687 -0.0522232055664062 -0.500457763671875 0.234130859375
0.0101509094238281 -0.0127401351928711 -0.47186279296875 -0.224578857421875
0.0730667114257813 -0.0575027465820313 0.0384521484375 -0.75982666015625
0.0895004272460937 -0.0156478881835937 0.87030029296875 -0.7232666015625
0.00722885131835938 0.0463371276855469 1.25634765625 0.466064453125
-0.0373001098632813 -0.0374336242675781 0.43310546875 1.482177734375
0.0269985198974609 -0.0265274047851562 -0.49072265625 1.1104736328125
0.0796890258789063 -0.0541152954101563 0.0264053344726563 0.0994033813476563
0.0433425903320313 -0.05780029296875 0.5076904296875 -1.0877685546875
0.0391006469726563 -0.0476341247558594 -0.536376953125 -1.525390625
0.0491676330566406 -0.00815200805664063 -1.3270263671875 -0.2333984375
0.0571174621582031 -0.0304527282714844 -0.68145751953125 0.83148193359375
0.0636634826660156 -0.0415077209472656 0.09539794921875 0.78912353515625
-0.00580787658691406 -0.0329990386962891 0.519561767578125 0.253662109375
-0.0241107940673828 -0.03167724609375 0.481842041015625 -0.283477783203125
-0.0112991333007813 -0.0600128173828125 -0.5072021484375 0.237457275390625
0.00565624237060547 -0.0168390274047852 -0.49395751953125 -0.22576904296875
0.073150634765625 -0.0640640258789063 -0.00872802734375003 -0.76507568359375
0.0955963134765625 -0.0216064453125 0.821533203125 -0.7537841796875
0.0169143676757813 0.046142578125 1.2633056640625 0.4100341796875
-0.0388259887695313 -0.0367965698242187 0.48779296875 1.4505615234375
0.0227127075195313 -0.0335597991943359 -0.44775390625 1.126708984375
0.0778045654296875 -0.0616912841796875 0.0304107666015625 0.114791870117188
0.0412521362304687 -0.0631027221679687 0.54827880859375 -1.0718994140625
0.0416526794433594 -0.0464630126953125 -0.4708251953125 -1.5584716796875
0.0578651428222656 -0.00503921508789063 -1.3272705078125 -0.2972412109375
0.0675163269042969 -0.0308418273925781 -0.73028564453125 0.8031005859375
0.069000244140625 -0.0437736511230469 0.05328369140625 0.7840576171875
-0.00353622436523437 -0.0367279052734375 0.500396728515625 0.255889892578125
-0.0288009643554687 -0.0404205322265625 0.473419189453125 -0.28350830078125
-0.00945281982421875 -0.0610008239746094 -0.517669677734375 0.241790771484375
0.000324249267578123 -0.0171356201171875 -0.5162353515625 -0.224700927734375
0.0657463073730469 -0.0653076171875 -0.0566406250000001 -0.76910400390625
0.0880126953125 -0.02099609375 0.771240234375 -0.7872314453125
0.0160446166992187 0.0472755432128906 1.2669677734375 0.3472900390625
-0.0396614074707031 -0.0364303588867188 0.552978515625 1.4178466796875
0.0202732086181641 -0.0338821411132813 -0.4017333984375 1.1407470703125
0.0767669677734375 -0.0609130859375 0.0358123779296875 0.135528564453125
0.0410690307617188 -0.0607070922851563 0.5924072265625 -1.0511474609375
0.0406990051269531 -0.0465927124023438 -0.400634765625 -1.588134765625
0.0551910400390625 -0.00261306762695313 -1.3250732421875 -0.35888671875
0.0658721923828125 -0.0263404846191406 -0.7779541015625 0.77496337890625
0.0693092346191406 -0.0399208068847656 0.00726318359374998 0.778564453125
-0.00291061401367188 -0.0379791259765625 0.479705810546875 0.2576904296875
-0.0275001525878906 -0.0450973510742188 0.466583251953125 -0.279632568359375
-0.00454330444335937 -0.0603599548339844 -0.524322509765625 0.24957275390625
0.000183105468749999 -0.0160427093505859 -0.536590576171875 -0.22216796875
0.0521278381347656 -0.0595626831054687 -0.09527587890625 -0.77069091796875
0.0718841552734375 -0.0145034790039063 0.73150634765625 -0.80841064453125
0.005279541015625 0.0475959777832031 1.26806640625 0.298095703125
-0.0420875549316406 -0.0351524353027344 0.59814453125 1.3896484375
0.0220928192138672 -0.0292835235595703 -0.370849609375 1.1519775390625
0.07598876953125 -0.0511245727539063 0.0405120849609375 0.150177001953125
0.0449485778808594 -0.0543098449707031 0.6370849609375 -1.03179931640625
0.0409622192382812 -0.0455818176269531 -0.3359375 -1.6103515625
0.0430450439453125 -0.00144195556640625 -1.318359375 -0.413330078125
0.0510597229003906 -0.0171127319335938 -0.81781005859375 0.74517822265625
0.059783935546875 -0.0349998474121094 -0.03045654296875 0.76947021484375
-0.00127029418945313 -0.0356216430664063 0.4658203125 0.257537841796875
-0.0232505798339844 -0.0464439392089844 0.463409423828125 -0.2806396484375
0.0360527038574219 -0.0211219787597656 -0.48785400390625 0.249969482421875
0.02972412109375 0.0117893218994141 -0.43475341796875 -0.214324951171875
0.00897312164306641 -0.00691890716552734 0.0926513671874999 -0.76300048828125
-0.0242290496826172 0.0206890106201172 0.923828125 -0.6817626953125
-0.08135986328125 0.0336074829101562 1.2509765625 0.5283203125
-0.0466804504394531 -0.0387344360351563 0.3673095703125 1.5157470703125
0.0528678894042969 0.0232582092285156 -0.5340576171875 1.08905029296875
0.085235595703125 0.0172805786132812 0.0309982299804688 0.0756607055664063
0.0679893493652344 -0.00833892822265625 0.45263671875 -1.11212158203125
0.0198593139648438 -0.0478515625 -0.6190185546875 -1.4752197265625
-0.043182373046875 -0.00601577758789063 -1.3231201171875 -0.1429443359375
-0.0351791381835938 0.0285415649414063 -0.6051025390625 0.86981201171875
0.00183224678039551 0.0040438175201416 0.17132568359375 0.78485107421875
0.00990867614746094 -0.00425529479980469 0.559295654296875 0.242279052734375
0.0214023590087891 -0.00303459167480469 0.495452880859375 -0.28668212890625
0.0208511352539063 -0.027099609375 -0.484954833984375 0.2462158203125
0.0259075164794922 0.00648880004882813 -0.429290771484375 -0.211334228515625
0.0315876007080078 -0.02008056640625 0.1015625 -0.75439453125
0.00986289978027344 0.010991096496582 0.9332275390625 -0.67205810546875
-0.0585479736328125 0.0357818603515625 1.2449951171875 0.5443115234375
-0.0430335998535156 -0.0390472412109375 0.3455810546875 1.5194091796875
0.0454902648925781 0.0117912292480469 -0.547119140625 1.087890625
0.0846939086914062 -0.00384521484375 0.0260391235351563 0.0726699829101563
0.0615234375 -0.0230140686035156 0.43951416015625 -1.11651611328125
0.0249786376953125 -0.04937744140625 -0.635986328125 -1.467529296875
-0.0184593200683594 -0.007476806640625 -1.3177490234375 -0.13037109375
-0.00959873199462891 0.00947475433349609 -0.59320068359375 0.8731689453125
0.0181446075439453 -0.00863456726074219 0.17938232421875 0.78619384765625
0.00413608551025391 -0.0109138488769531 0.561309814453125 0.236968994140625
0.00816059112548828 -0.00657844543457031 0.49224853515625 -0.293487548828125
0.0111618041992188 -0.0368270874023438 -0.484375 0.244110107421875
0.0223064422607422 -0.00111007690429688 -0.435577392578125 -0.21417236328125
0.0483322143554688 -0.0342597961425781 0.09075927734375 -0.75604248046875
0.0424118041992188 0.00181198120117187 0.92364501953125 -0.68524169921875
-0.0337142944335938 0.0403976440429688 1.2491455078125 0.528564453125
-0.0397834777832031 -0.0392913818359375 0.3621826171875 1.5162353515625
0.0391273498535156 -0.00425338745117188 -0.531982421875 1.09222412109375
0.0834579467773438 -0.023193359375 0.0246963500976563 0.0746612548828125
0.0545005798339844 -0.0381507873535156 0.4371337890625 -1.11517333984375
0.0312271118164063 -0.0475921630859375 -0.6331787109375 -1.4678955078125
0.00957965850830078 -0.0110054016113281 -1.3206787109375 -0.1357421875
0.0149660110473633 -0.00856590270996094 -0.5980224609375 0.8736572265625
0.0363044738769531 -0.0219345092773438 0.17352294921875 0.78802490234375
0.00181388854980469 -0.0184230804443359 0.55517578125 0.2408447265625
-0.00372505187988281 -0.0140409469604492 0.48504638671875 -0.293426513671875
6.48498535156223E-05 -0.0468940734863281 -0.488861083984375 0.243560791015625
0.0172557830810547 -0.00635051727294922 -0.4512939453125 -0.21240234375
0.0644302368164063 -0.046142578125 0.06463623046875 -0.7584228515625
0.0698928833007813 -0.0102577209472656 0.89337158203125 -0.70635986328125
-0.0101966857910156 0.0418167114257813 1.253173828125 0.494140625
-0.0381813049316406 -0.0375251770019531 0.4002685546875 1.4989013671875
0.0331287384033203 -0.0149021148681641 -0.50909423828125 1.101318359375
0.0810394287109375 -0.0421142578125 0.02337646484375 0.0856552124023438
0.0474052429199219 -0.0506706237792969 0.45538330078125 -1.106201171875
0.0358390808105469 -0.0467414855957031 -0.6046142578125 -1.48779296875
0.0316238403320313 -0.009490966796875 -1.3233642578125 -0.169189453125
0.0387725830078125 -0.0232048034667969 -0.6279296875 0.86065673828125
0.0490798950195313 -0.0344924926757813 0.14422607421875 0.78631591796875
-0.00205421447753906 -0.0257892608642578 0.5406494140625 0.243377685546875
-0.0181217193603516 -0.0238704681396484 0.481964111328125 -0.289520263671875
-0.00614166259765626 -0.05377197265625 -0.497039794921875 0.241058349609375
0.0110759735107422 -0.0124711990356445 -0.471099853515625 -0.21868896484375
0.0726318359375 -0.0582962036132812 0.0252075195312499 -0.7628173828125
0.0867233276367188 -0.017120361328125 0.8553466796875 -0.730712890625
0.00802230834960938 0.0463676452636719 1.261474609375 0.4490966796875
-0.0388946533203125 -0.0361289978027344 0.4456787109375 1.4744873046875
0.0266151428222656 -0.0271797180175781 -0.47760009765625 1.11376953125
0.0755462646484375 -0.0559234619140625 0.0264511108398437 0.0991668701171875
0.04351806640625 -0.0571098327636719 0.49359130859375 -1.09130859375
0.0378875732421875 -0.0473098754882813 -0.5521240234375 -1.51708984375
0.0503730773925781 -0.00856781005859375 -1.328125 -0.2225341796875
0.0558891296386719 -0.0312461853027344 -0.67034912109375 0.8408203125
0.0635795593261719 -0.0412979125976562 0.1041259765625 0.78631591796875
-0.00437355041503907 -0.0329818725585938 0.523040771484375 0.24505615234375
-0.0254840850830078 -0.0321502685546875 0.47607421875 -0.290313720703125
-0.0108680725097656 -0.0588760375976563 -0.504302978515625 0.244903564453125
0.00560760498046875 -0.0159873962402344 -0.4937744140625 -0.2169189453125
0.0718994140625 -0.0637130737304688 -0.0205078125 -0.767578125
0.0937423706054688 -0.0205841064453125 0.8082275390625 -0.76397705078125
0.0170249938964844 0.0457611083984375 1.265869140625 0.3924560546875
-0.0383453369140625 -0.0355987548828125 0.505859375 1.444091796875
0.0226058959960938 -0.033905029296875 -0.435791015625 1.133056640625
0.0729141235351562 -0.0638275146484375 0.0326461791992188 0.116043090820313
0.04193115234375 -0.0618209838867187 0.53448486328125 -1.073974609375
0.0412826538085938 -0.0483436584472656 -0.487548828125 -1.548095703125
0.0569038391113281 -0.00746917724609375 -1.32763671875 -0.278564453125
0.0664634704589844 -0.0325546264648438 -0.71929931640625 0.8116455078125
0.0683822631835938 -0.0431060791015625 0.06060791015625 0.78289794921875
-0.00501251220703125 -0.0359230041503906 0.502349853515625 0.249298095703125
-0.0295867919921875 -0.0399932861328125 0.469024658203125 -0.291595458984375
-0.00938034057617188 -0.0603218078613281 -0.512054443359375 0.25030517578125
0.00100517272949219 -0.0182914733886719 -0.519927978515625 -0.215667724609375
0.0640068054199219 -0.0643119812011719 -0.066162109375 -0.76739501953125
0.0879440307617187 -0.0227508544921875 0.75933837890625 -0.797119140625
0.0170478820800781 0.0470619201660156 1.2686767578125 0.3310546875
-0.0397529602050781 -0.0349197387695312 0.57080078125 1.411376953125
0.0200004577636719 -0.0346221923828125 -0.3868408203125 1.1458740234375
0.0732421875 -0.061737060546875 0.03741455078125 0.13525390625
0.0408172607421875 -0.0625877380371094 0.57763671875 -1.0557861328125
0.0399017333984375 -0.0461006164550781 -0.4190673828125 -1.5826416015625
0.0553703308105469 -0.00388717651367188 -1.3275146484375 -0.34375
0.0637626647949219 -0.0247650146484375 -0.76837158203125 0.78179931640625
0.0675315856933594 -0.0411529541015625 0.01519775390625 0.777099609375
-0.003692626953125 -0.0382537841796875 0.483612060546875 0.2523193359375
-0.0283966064453125 -0.0448760986328125 0.461334228515625 -0.28570556640625
-0.00568008422851563 -0.0610580444335938 -0.52099609375 0.2598876953125
0.000243186950683592 -0.0159263610839844 -0.54010009765625 -0.214691162109375
0.052398681640625 -0.06085205078125 -0.10711669921875 -0.7681884765625
0.0720367431640625 -0.0175323486328125 0.71661376953125 -0.818115234375
0.00623703002929688 0.047698974609375 1.2677001953125 0.28369140625
-0.0406951904296875 -0.0347671508789063 0.620849609375 1.383544921875
0.0224742889404297 -0.0284900665283203 -0.353271484375 1.1553955078125
0.0704803466796875 -0.0511550903320313 0.041259765625 0.148468017578125
0.04241943359375 -0.0548477172851563 0.62567138671875 -1.03839111328125
0.0407142639160156 -0.0460624694824219 -0.3560791015625 -1.6014404296875
0.0436210632324219 -0.00249862670898438 -1.3206787109375 -0.3966064453125
0.051513671875 -0.0163955688476563 -0.8092041015625 0.75677490234375
0.0598182678222656 -0.0373382568359375 -0.02069091796875 0.77056884765625
-0.00276947021484375 -0.0368461608886719 0.470703125 0.250396728515625
-0.0248298645019531 -0.0458030700683594 0.45928955078125 -0.285858154296875
0.0352096557617188 -0.0215911865234375 -0.487213134765625 0.2591552734375
0.0304088592529297 0.0126590728759766 -0.436309814453125 -0.207489013671875
0.00887680053710938 -0.00362396240234375 0.08087158203125 -0.76385498046875
-0.0224380493164062 0.0232639312744141 0.91192626953125 -0.6943359375
-0.0821151733398438 0.0352630615234375 1.2567138671875 0.50830078125
-0.0459480285644531 -0.0378379821777344 0.382568359375 1.5086669921875
0.0520706176757813 0.0236778259277344 -0.521240234375 1.09765625
0.0840988159179688 0.0153884887695313 0.0316390991210938 0.0745086669921875
0.0665435791015625 -0.0101356506347656 0.43963623046875 -1.11285400390625
0.019561767578125 -0.0471611022949219 -0.6357421875 -1.46484375
-0.0418968200683594 -0.00438308715820313 -1.3216552734375 -0.1270751953125
-0.0335350036621094 0.0268154144287109 -0.5947265625 0.87335205078125
0.0021059513092041 0.0038609504699707 0.177978515625 0.78350830078125
0.0106906890869141 -0.00292301177978516 0.560272216796875 0.23236083984375
0.0220737457275391 -0.00123405456542969 0.49102783203125 -0.29290771484375
0.0222625732421875 -0.028656005859375 -0.4810791015625 0.254150390625
0.0292720794677734 0.00574874877929688 -0.430755615234375 -0.207183837890625
0.0299606323242188 -0.0163555145263672 0.0894165039062501 -0.7547607421875
0.00980186462402344 0.0119390487670898 0.92034912109375 -0.68157958984375
-0.0561408996582031 0.0351104736328125 1.24560546875 0.5257568359375
-0.0441818237304687 -0.0388031005859375 0.360595703125 1.513671875
0.0496788024902344 0.0112419128417969 -0.52984619140625 1.09344482421875
0.0825576782226563 -0.0037689208984375 0.0260391235351563 0.0740127563476563
0.0591888427734375 -0.0233230590820313 0.42291259765625 -1.11663818359375
0.0253791809082031 -0.0471343994140625 -0.650634765625 -1.453125
-0.0198688507080078 -0.00638961791992188 -1.317138671875 -0.1160888671875
-0.00994586944580078 0.0104703903198242 -0.58367919921875 0.87860107421875
0.0175228118896484 -0.00751018524169922 0.18927001953125 0.78076171875
0.00587177276611328 -0.00983715057373047 0.561279296875 0.227813720703125
0.00868606567382813 -0.00654172897338867 0.485260009765625 -0.298004150390625
0.0120506286621094 -0.03533935546875 -0.48114013671875 0.25067138671875
0.0226345062255859 0.00070953369140625 -0.436737060546875 -0.207061767578125
0.0495414733886719 -0.0313682556152344 0.0817871093749999 -0.75506591796875
0.0402641296386719 -0.000270843505859375 0.90771484375 -0.69268798828125
-0.0333671569824219 0.0402641296386719 1.2513427734375 0.509521484375
-0.0419921875 -0.0347709655761719 0.38232421875 1.5068359375
0.0410232543945313 -0.00421142578125 -0.51824951171875 1.0938720703125
0.0802001953125 -0.027587890625 0.0257720947265625 0.0754776000976563
0.05157470703125 -0.0378875732421875 0.423828125 -1.11529541015625
0.0285110473632812 -0.0499725341796875 -0.652587890625 -1.4549560546875
0.00865364074707031 -0.0111379623413086 -1.31982421875 -0.119384765625
0.0146865844726563 -0.00995254516601563 -0.58526611328125 0.8785400390625
0.0364303588867188 -0.0217704772949219 0.18023681640625 0.78253173828125
0.00127792358398437 -0.0187320709228516 0.55810546875 0.22711181640625
-0.00416374206542969 -0.0123558044433594 0.4818115234375 -0.299102783203125
0.00048828125 -0.0450515747070313 -0.4835205078125 0.249908447265625
0.0173759460449219 -0.00591850280761719 -0.452484130859375 -0.203857421875
0.0637855529785156 -0.0477523803710937 0.05133056640625 -0.75860595703125
0.0683746337890625 -0.00981903076171875 0.8837890625 -0.7156982421875
-0.00872039794921875 0.0441398620605469 1.25537109375 0.4776611328125
-0.0369224548339844 -0.0352058410644531 0.41748046875 1.4908447265625
0.0344066619873047 -0.0157756805419922 -0.49334716796875 1.1051025390625
0.0776748657226563 -0.0427627563476563 0.0257644653320313 0.0860977172851563
0.0471000671386719 -0.0496406555175781 0.43951416015625 -1.10723876953125
0.0345268249511719 -0.0462684631347656 -0.623779296875 -1.4730224609375
0.0323257446289063 -0.0113601684570313 -1.3211669921875 -0.1519775390625
0.0399818420410156 -0.0237388610839844 -0.6143798828125 0.86517333984375
0.0504875183105469 -0.0346755981445313 0.15325927734375 0.78302001953125
-0.00551033020019531 -0.0258960723876953 0.541900634765625 0.2353515625
-0.0175437927246094 -0.022613525390625 0.4769287109375 -0.297698974609375
-0.00400161743164062 -0.0514640808105469 -0.490814208984375 0.2484130859375
0.0131025314331055 -0.010772705078125 -0.472320556640625 -0.20892333984375
0.074676513671875 -0.0576095581054688 0.01470947265625 -0.76318359375
0.0864791870117188 -0.0184478759765625 0.8426513671875 -0.74365234375
0.00806427001953125 0.0460281372070313 1.2625732421875 0.4312744140625
-0.0379409790039063 -0.035614013671875 0.4635009765625 1.4658203125
0.0267925262451172 -0.0271530151367188 -0.46246337890625 1.11871337890625
0.076141357421875 -0.056427001953125 0.02703857421875 0.0993270874023438
0.0415382385253906 -0.0575141906738281 0.4810791015625 -1.09222412109375
0.0378761291503906 -0.0487098693847656 -0.5697021484375 -1.506591796875
0.0493125915527344 -0.0111312866210938 -1.3248291015625 -0.2059326171875
0.0548057556152344 -0.0307769775390625 -0.65960693359375 0.84503173828125
0.0609893798828125 -0.0413017272949219 0.11505126953125 0.78216552734375
-0.00571060180664063 -0.0320510864257813 0.526275634765625 0.2371826171875
-0.0239086151123047 -0.0303173065185547 0.469268798828125 -0.2939453125
-0.0105056762695312 -0.0600357055664063 -0.500701904296875 0.253936767578125
0.00691986083984375 -0.0153989791870117 -0.494293212890625 -0.209381103515625
0.0684547424316406 -0.0642662048339844 -0.0287475585937499 -0.76629638671875
0.09356689453125 -0.0226058959960937 0.79632568359375 -0.77264404296875
0.0182647705078125 0.0473213195800781 1.267578125 0.3736572265625
-0.0369338989257812 -0.033050537109375 0.5245361328125 1.43408203125
0.0227413177490234 -0.0340137481689453 -0.421142578125 1.1312255859375
0.0728073120117188 -0.0632858276367188 0.0348129272460938 0.115226745605469
0.0377311706542969 -0.0631065368652344 0.52056884765625 -1.07623291015625
0.037322998046875 -0.0474319458007813 -0.5064697265625 -1.53857421875
0.0559577941894531 -0.00621795654296875 -1.3271484375 -0.263916015625
0.0662269592285156 -0.0342826843261719 -0.7073974609375 0.82073974609375
0.069091796875 -0.0443000793457031 0.0716552734375 0.78057861328125
-0.0055694580078125 -0.0386428833007813 0.504119873046875 0.241943359375
-0.0299072265625 -0.0371894836425781 0.462371826171875 -0.29522705078125
-0.00908660888671875 -0.0614814758300781 -0.510467529296875 0.258270263671875
0.00431156158447266 -0.0141849517822266 -0.52099609375 -0.204986572265625
0.0627784729003906 -0.0633087158203125 -0.0767211914062501 -0.7666015625
0.0838165283203125 -0.0210494995117188 0.7467041015625 -0.8046875
0.0186843872070313 0.0459518432617188 1.2694091796875 0.310791015625
-0.0388870239257812 -0.0327339172363281 0.583740234375 1.4000244140625
0.0187454223632812 -0.0335750579833984 -0.373291015625 1.1458740234375
0.0718154907226563 -0.06158447265625 0.0384292602539063 0.135086059570313
0.0391387939453125 -0.0604705810546875 0.56573486328125 -1.0587158203125
0.0400314331054688 -0.0470046997070313 -0.43701171875 -1.56982421875
0.0555801391601563 -0.00370025634765625 -1.326171875 -0.3272705078125
0.0637016296386719 -0.0292816162109375 -0.7554931640625 0.79119873046875
0.0685157775878906 -0.0424156188964844 0.0264282226562499 0.775634765625
-0.00433349609375 -0.0386161804199219 0.486572265625 0.242279052734375
-0.0283050537109375 -0.0421943664550781 0.456207275390625 -0.29376220703125
-0.00255203247070313 -0.0582847595214844 -0.516448974609375 0.26629638671875
0.002227783203125 -0.0163326263427734 -0.53997802734375 -0.208648681640625
0.0493812561035156 -0.05889892578125 -0.1163330078125 -0.7642822265625
0.0690727233886719 -0.0174942016601563 0.70440673828125 -0.82464599609375
0.00856399536132813 0.0469245910644531 1.270263671875 0.2645263671875
-0.0416221618652344 -0.0337638854980469 0.6346435546875 1.3720703125
0.0217151641845703 -0.0307292938232422 -0.3380126953125 1.156982421875
0.0694656372070313 -0.0549697875976563 0.0455169677734375 0.148025512695313
0.0407943725585938 -0.0552215576171875 0.60992431640625 -1.03985595703125
0.0380516052246094 -0.0474662780761719 -0.3724365234375 -1.5928955078125
0.0433311462402344 -0.00468063354492187 -1.3187255859375 -0.37939453125
0.0525627136230469 -0.0202407836914063 -0.798583984375 0.76483154296875
0.0612831115722656 -0.0348091125488281 -0.0108642578124999 0.767578125
-0.00311279296875 -0.035186767578125 0.4730224609375 0.240692138671875
-0.0240516662597656 -0.0460891723632813 0.45196533203125 -0.29302978515625
0.0371627807617187 -0.0219039916992187 -0.480743408203125 0.26409912109375
0.0309810638427734 0.0132942199707031 -0.435943603515625 -0.201019287109375
0.00967025756835937 -0.00463581085205078 0.072021484375 -0.7635498046875
-0.0246868133544922 0.0226268768310547 0.9013671875 -0.70068359375
-0.07940673828125 0.0353240966796875 1.2535400390625 0.49365234375
-0.0454483032226562 -0.0365829467773438 0.3983154296875 1.4991455078125
0.0537605285644531 0.0216865539550781 -0.5040283203125 1.0955810546875
0.0830307006835937 0.014251708984375 0.0312652587890625 0.0757904052734375
0.0657272338867188 -0.0113449096679687 0.426513671875 -1.11309814453125
0.0179595947265625 -0.0474967956542969 -0.6468505859375 -1.4478759765625
-0.0429878234863281 -0.00429534912109375 -1.317138671875 -0.11376953125
-0.0336513519287109 0.0286369323730469 -0.58502197265625 0.87579345703125
0.00199413299560547 0.00460386276245117 0.18707275390625 0.7786865234375
0.0104503631591797 -0.00165176391601563 0.5625 0.22314453125
0.0212020874023438 -0.002593994140625 0.4835205078125 -0.29827880859375
0.023406982421875 -0.0283889770507813 -0.4752197265625 0.259857177734375
0.0292835235595703 0.00816154479980469 -0.431182861328125 -0.198394775390625
0.0281200408935547 -0.0179843902587891 0.081787109375 -0.7535400390625
0.00689983367919922 0.0118684768676758 0.9093017578125 -0.691162109375
-0.0568084716796875 0.0373191833496094 1.248291015625 0.511962890625
-0.0410308837890625 -0.0367584228515625 0.3746337890625 1.5050048828125
0.0480461120605469 0.010986328125 -0.51715087890625 1.0947265625
0.0827407836914063 -0.004486083984375 0.0271148681640625 0.072113037109375
0.0591888427734375 -0.0235786437988281 0.41204833984375 -1.11895751953125
0.0229721069335938 -0.0477867126464844 -0.663818359375 -1.4437255859375
-0.0179157257080078 -0.00695991516113282 -1.313232421875 -0.1014404296875
-0.00882720947265625 0.00926971435546875 -0.56878662109375 0.880615234375
0.0174703598022461 -0.00816917419433594 0.19561767578125 0.7764892578125
0.00621604919433594 -0.00973987579345703 0.5623779296875 0.22021484375
0.00807332992553711 -0.00650978088378906 0.478759765625 -0.303802490234375
0.0129585266113281 -0.0383148193359375 -0.477447509765625 0.256591796875
0.0250530242919922 0.000629425048828125 -0.437713623046875 -0.199127197265625
0.0486946105957031 -0.0329437255859375 0.0700683593749999 -0.75579833984375
0.0392265319824219 0.0007476806640625 0.89739990234375 -0.7012939453125
-0.0316314697265625 0.0415267944335938 1.2529296875 0.4957275390625
-0.0391769409179687 -0.0354957580566406 0.3974609375 1.498046875
0.0408554077148438 -0.00415802001953125 -0.5040283203125 1.0982666015625
0.0806503295898437 -0.0264968872070312 0.0255889892578125 0.074493408203125
0.0510368347167969 -0.0371589660644531 0.41046142578125 -1.11553955078125
0.02850341796875 -0.0478363037109375 -0.6640625 -1.4434814453125
0.00757789611816406 -0.00955009460449219 -1.3165283203125 -0.10498046875
0.0150909423828125 -0.00734615325927734 -0.57574462890625 0.88079833984375
0.0350818634033203 -0.0219898223876953 0.1883544921875 0.77838134765625
3.43322753906255E-05 -0.0178680419921875 0.5589599609375 0.22210693359375
-0.00517845153808594 -0.0137271881103516 0.4769287109375 -0.302490234375
0.0025177001953125 -0.0449256896972656 -0.48052978515625 0.2568359375
0.0191249847412109 -0.004791259765625 -0.45318603515625 -0.200042724609375
0.0624771118164062 -0.0478172302246094 0.0430297851562501 -0.75848388671875
0.0672607421875 -0.0106010437011719 0.868408203125 -0.72088623046875
-0.007537841796875 0.0440864562988281 1.2542724609375 0.4617919921875
-0.0376663208007813 -0.0340728759765625 0.4287109375 1.480224609375
0.0351238250732422 -0.0181751251220703 -0.48284912109375 1.1068115234375
0.0771102905273438 -0.0446701049804688 0.0252227783203125 0.083740234375
0.0444145202636719 -0.0502548217773438 0.428955078125 -1.10589599609375
0.0338821411132812 -0.0497856140136719 -0.6353759765625 -1.46142578125
0.0316371917724609 -0.0111732482910156 -1.320068359375 -0.1396484375
0.0366363525390625 -0.0239105224609375 -0.60406494140625 0.86834716796875
0.0486221313476563 -0.0346717834472656 0.162353515625 0.77886962890625
-0.00327682495117187 -0.024566650390625 0.544036865234375 0.22698974609375
-0.0156993865966797 -0.0213222503662109 0.470672607421875 -0.301666259765625
-0.00590896606445312 -0.0534744262695313 -0.486846923828125 0.25665283203125
0.0130138397216797 -0.0112361907958984 -0.473388671875 -0.19970703125
0.0704421997070312 -0.058258056640625 0.0062255859375 -0.76055908203125
0.086456298828125 -0.0175552368164063 0.8331298828125 -0.7489013671875
0.00946807861328126 0.0454254150390625 1.260986328125 0.41357421875
-0.0362586975097656 -0.0347518920898438 0.4757080078125 1.4576416015625
0.0277214050292969 -0.0269565582275391 -0.449951171875 1.1182861328125
0.0738525390625 -0.0564727783203125 0.0291976928710938 0.0986785888671875
0.03900146484375 -0.0588340759277344 0.46820068359375 -1.09210205078125
0.0363731384277344 -0.0480270385742187 -0.584716796875 -1.4962158203125
0.04827880859375 -0.0102081298828125 -1.32470703125 -0.1883544921875
0.0543556213378906 -0.0309333801269531 -0.64581298828125 0.84906005859375
0.0627021789550781 -0.0419197082519531 0.1240234375 0.7786865234375
-0.00797080993652344 -0.0307693481445313 0.527374267578125 0.230072021484375
-0.0255680084228516 -0.0289783477783203 0.466217041015625 -0.300323486328125
-0.00937271118164062 -0.0583229064941406 -0.495513916015625 0.25897216796875
0.00914859771728516 -0.0149345397949219 -0.496490478515625 -0.20037841796875
0.069488525390625 -0.0651130676269531 -0.0369873046875 -0.76123046875
0.091705322265625 -0.02294921875 0.78436279296875 -0.77838134765625
0.0207366943359375 0.0467643737792969 1.2669677734375 0.35791015625
-0.0369491577148438 -0.0334701538085938 0.533935546875 1.423583984375
0.0227184295654297 -0.0324134826660156 -0.40478515625 1.134033203125
0.07122802734375 -0.064117431640625 0.0348358154296875 0.114639282226563
0.0378761291503906 -0.0635490417480469 0.50750732421875 -1.07708740234375
0.038299560546875 -0.0484237670898438 -0.517578125 -1.528564453125
0.0562782287597656 -0.00901031494140625 -1.324462890625 -0.250732421875
0.0656661987304688 -0.0339889526367188 -0.693115234375 0.82427978515625
0.0681114196777344 -0.0458145141601563 0.07879638671875 0.7757568359375
-0.0072784423828125 -0.0358047485351563 0.50811767578125 0.23406982421875
-0.0307044982910156 -0.0379714965820313 0.457305908203125 -0.298583984375
-0.0078277587890625 -0.0619583129882812 -0.504302978515625 0.265106201171875
0.00442600250244141 -0.0157918930053711 -0.520538330078125 -0.197784423828125
0.0615425109863281 -0.0644302368164063 -0.0866699218749999 -0.76190185546875
0.0842437744140625 -0.0229644775390625 0.73199462890625 -0.80999755859375
0.019500732421875 0.0473823547363281 1.269287109375 0.298095703125
-0.0372962951660156 -0.0324897766113281 0.5968017578125 1.389892578125
0.0208988189697266 -0.0348949432373047 -0.3607177734375 1.1456298828125
0.0696182250976562 -0.0634956359863281 0.040557861328125 0.133705139160156
0.0374603271484375 -0.062957763671875 0.5531005859375 -1.05816650390625
0.0381088256835938 -0.0466156005859375 -0.4493408203125 -1.5584716796875
0.055572509765625 -0.00551605224609375 -1.3253173828125 -0.3138427734375
0.0639839172363281 -0.0286140441894531 -0.7440185546875 0.79559326171875
0.067718505859375 -0.0419883728027344 0.03326416015625 0.77288818359375
-0.0067596435546875 -0.0377616882324219 0.488616943359375 0.23565673828125
-0.0298881530761719 -0.0426025390625 0.451904296875 -0.29644775390625
-0.00429153442382812 -0.0606765747070313 -0.51043701171875 0.27294921875
0.00333690643310547 -0.0131740570068359 -0.5384521484375 -0.196533203125
0.0481948852539063 -0.0586090087890625 -0.12518310546875 -0.76019287109375
0.0666694641113281 -0.0163497924804688 0.69097900390625 -0.8291015625
0.00905990600585937 0.0488815307617188 1.2662353515625 0.2476806640625
-0.0391807556152344 -0.0313148498535156 0.6461181640625 1.36181640625
0.0223255157470703 -0.03057861328125 -0.324462890625 1.1549072265625
0.0683403015136719 -0.05572509765625 0.0440521240234375 0.148818969726562
0.0394783020019531 -0.0566482543945312 0.5965576171875 -1.04052734375
0.0369415283203125 -0.0468978881835937 -0.3890380859375 -1.5848388671875
0.042236328125 -0.00311279296875 -1.321044921875 -0.3673095703125
0.0498046875 -0.0192146301269531 -0.78472900390625 0.76983642578125
0.0582046508789063 -0.0352210998535156 -0.00457763671874991 0.765380859375
-0.00451087951660156 -0.0339794158935547 0.473114013671875 0.234619140625
-0.0241546630859375 -0.0425949096679688 0.44586181640625 -0.297454833984375
0.0373649597167969 -0.0228042602539063 -0.47247314453125 0.272430419921875
0.0318927764892578 0.01190185546875 -0.43292236328125 -0.194793701171875
0.00816583633422852 -0.00543975830078125 0.0625610351562501 -0.7611083984375
-0.0226783752441406 0.0224494934082031 0.8876953125 -0.70550537109375
-0.0771102905273438 0.0382919311523438 1.2545166015625 0.4779052734375
-0.0439682006835938 -0.0332832336425781 0.41162109375 1.4866943359375
0.05560302734375 0.0224494934082031 -0.49371337890625 1.09918212890625
0.081024169921875 0.0137176513671875 0.03277587890625 0.0754852294921875
0.0637435913085938 -0.0138015747070313 0.4124755859375 -1.1085205078125
0.016265869140625 -0.0481147766113281 -0.656494140625 -1.439453125
-0.0423088073730469 -0.00205993652343751 -1.3109130859375 -0.10400390625
-0.0313701629638672 0.0263881683349609 -0.57159423828125 0.878662109375
0.000441551208496094 0.00578022003173828 0.193359375 0.77392578125
0.00941085815429687 -0.0033416748046875 0.5634765625 0.21649169921875
0.0201873779296875 -0.000570297241210938 0.478759765625 -0.302093505859375
0.0255622863769531 -0.0292072296142578 -0.46978759765625 0.265533447265625
0.0304355621337891 0.00667953491210937 -0.432952880859375 -0.193145751953125
0.026214599609375 -0.0172977447509766 0.0709228515625 -0.7550048828125
0.00794410705566406 0.0133781433105469 0.89703369140625 -0.6983642578125
-0.0547256469726562 0.037261962890625 1.247314453125 0.4927978515625
-0.0400123596191406 -0.0351600646972656 0.388916015625 1.493896484375
0.0485801696777344 0.00962448120117188 -0.504638671875 1.0941162109375
0.0824050903320313 -0.00598907470703125 0.0274429321289063 0.0732879638671875
0.0584335327148437 -0.0240859985351562 0.399658203125 -1.11138916015625
0.0195732116699219 -0.0496101379394531 -0.6707763671875 -1.4322509765625
-0.0163202285766602 -0.00614166259765625 -1.3067626953125 -0.0895996093750001
-0.00943756103515625 0.00777244567871093 -0.55975341796875 0.8812255859375
0.0189208984375 -0.00739097595214844 0.2039794921875 0.7711181640625
0.00488948822021484 -0.0112104415893555 0.56304931640625 0.2127685546875
0.00891685485839844 -0.00652599334716797 0.4722900390625 -0.306396484375
0.0137214660644531 -0.0369415283203125 -0.471160888671875 0.26446533203125
0.0252552032470703 -0.000463485717773437 -0.43634033203125 -0.192535400390625
0.04888916015625 -0.0305633544921875 0.062255859375 -0.75494384765625
0.0398788452148437 -5.7220458984375E-05 0.88616943359375 -0.70654296875
-0.0307998657226563 0.0417366027832031 1.253173828125 0.4776611328125
-0.0402641296386719 -0.0345726013183594 0.4066162109375 1.4884033203125
0.0432929992675781 -0.0032806396484375 -0.49334716796875 1.09796142578125
0.0789794921875 -0.0257186889648438 0.0269317626953125 0.0744094848632813
0.0496711730957031 -0.03826904296875 0.39849853515625 -1.11090087890625
0.026397705078125 -0.0502357482910156 -0.6754150390625 -1.4305419921875
0.00711631774902344 -0.0107355117797852 -1.307861328125 -0.0921630859374998
0.0139265060424805 -0.00792121887207031 -0.56280517578125 0.87933349609375
0.0368232727050781 -0.0204086303710938 0.19488525390625 0.769775390625
0.00101661682128906 -0.0159196853637695 0.559234619140625 0.2147216796875
-0.00403785705566406 -0.0129842758178711 0.471405029296875 -0.305023193359375
0.00287246704101563 -0.0469894409179688 -0.475494384765625 0.263397216796875
0.0191173553466797 -0.00710105895996094 -0.452484130859375 -0.192047119140625
0.0626144409179688 -0.0471572875976563 0.032958984375 -0.7537841796875
0.0671463012695313 -0.01123046875 0.8585205078125 -0.726806640625
-0.0054168701171875 0.0428962707519531 1.25830078125 0.443603515625
-0.0361442565917969 -0.0338668823242188 0.4395751953125 1.4693603515625
0.0348167419433594 -0.0180835723876953 -0.46844482421875 1.105224609375
0.0738449096679688 -0.043548583984375 0.0273284912109375 0.0848388671875
0.0417137145996094 -0.048370361328125 0.4168701171875 -1.10333251953125
0.0310592651367187 -0.0485572814941406 -0.6473388671875 -1.44873046875
0.0297946929931641 -0.0123310089111328 -1.3121337890625 -0.1243896484375
0.0378227233886719 -0.0223464965820313 -0.5902099609375 0.868896484375
0.0498237609863281 -0.0354080200195313 0.1683349609375 0.7713623046875
-0.00612449645996094 -0.0251331329345703 0.5467529296875 0.21929931640625
-0.0159015655517578 -0.0210208892822266 0.46600341796875 -0.30682373046875
-0.00357055664062501 -0.0551834106445312 -0.48394775390625 0.26068115234375
0.0119075775146484 -0.0106363296508789 -0.4742431640625 -0.1966552734375
0.0683631896972656 -0.0598716735839844 -0.00189208984374992 -0.7550048828125
0.0848541259765625 -0.0208740234375 0.81927490234375 -0.75384521484375
0.0119132995605469 0.0456352233886719 1.2601318359375 0.39794921875
-0.0334262847900391 -0.0315380096435547 0.491455078125 1.4464111328125
0.0281810760498047 -0.0266017913818359 -0.43634033203125 1.1181640625
0.0733795166015625 -0.0577163696289063 0.0302276611328125 0.0991897583007813
0.0395622253417969 -0.0597190856933594 0.451904296875 -1.0904541015625
0.0345993041992188 -0.0500984191894531 -0.5926513671875 -1.4830322265625
0.050048828125 -0.00893020629882813 -1.318359375 -0.1776123046875
0.0556182861328125 -0.0322074890136719 -0.63763427734375 0.85107421875
0.0616950988769531 -0.0427093505859375 0.12957763671875 0.77392578125
-0.00776290893554688 -0.0295429229736328 0.530029296875 0.22216796875
-0.0263004302978516 -0.0308361053466797 0.45989990234375 -0.300537109375
-0.00925445556640625 -0.0607528686523438 -0.4896240234375 0.26629638671875
0.00936794281005859 -0.0164279937744141 -0.4954833984375 -0.19171142578125
0.0662269592285156 -0.0638923645019531 -0.04669189453125 -0.75689697265625
0.0892486572265625 -0.0247268676757813 0.77081298828125 -0.7833251953125
0.0187530517578125 0.0469169616699219 1.2626953125 0.344970703125
-0.0341587066650391 -0.0338649749755859 0.5458984375 1.4141845703125
0.0243988037109375 -0.0319080352783203 -0.391845703125 1.133056640625
0.0700912475585938 -0.0638542175292969 0.0362396240234375 0.115364074707031
0.0342903137207031 -0.0625686645507813 0.49688720703125 -1.07611083984375
0.0358238220214844 -0.0470123291015625 -0.5272216796875 -1.515625
0.0563812255859375 -0.0107002258300781 -1.322021484375 -0.2362060546875
0.0640182495117188 -0.0339584350585938 -0.6834716796875 0.82891845703125
0.067718505859375 -0.0467567443847656 0.0855102539062501 0.76934814453125
-0.00905036926269531 -0.0342655181884766 0.50592041015625 0.224761962890625
-0.0319252014160156 -0.0363197326660156 0.450836181640625 -0.303497314453125
-0.00916290283203125 -0.063690185546875 -0.4991455078125 0.27130126953125
0.00577735900878906 -0.0135335922241211 -0.51727294921875 -0.192962646484375
0.0600433349609375 -0.0662193298339844 -0.09259033203125 -0.75823974609375
0.0855560302734375 -0.0239028930664063 0.720703125 -0.8140869140625
0.0181350708007813 0.0489158630371094 1.2625732421875 0.2833251953125
-0.0371360778808594 -0.0300750732421875 0.607177734375 1.381591796875
0.0202293395996094 -0.0348739624023438 -0.3468017578125 1.1448974609375
0.0672149658203125 -0.0621528625488281 0.0401458740234375 0.131820678710938
0.036163330078125 -0.0610580444335938 0.5396728515625 -1.05645751953125
0.0351600646972656 -0.04754638671875 -0.4613037109375 -1.5469970703125
0.05364990234375 -0.00483322143554688 -1.324951171875 -0.300048828125
0.0604476928710938 -0.0304450988769531 -0.73187255859375 0.80206298828125
0.0673408508300781 -0.0402717590332031 0.04046630859375 0.76934814453125
-0.00765609741210938 -0.0368690490722656 0.48870849609375 0.23077392578125
-0.0313377380371094 -0.0414772033691406 0.4444580078125 -0.3001708984375
-0.00510787963867188 -0.0605278015136719 -0.5054931640625 0.27911376953125
0.00389003753662109 -0.010319709777832 -0.535430908203125 -0.186614990234375
0.0491294860839844 -0.0564308166503906 -0.13226318359375 -0.7540283203125
0.0669364929199219 -0.0178451538085938 0.68170166015625 -0.833740234375
0.0113258361816406 0.0481758117675781 1.264892578125 0.236572265625
-0.0390777587890625 -0.0295219421386719 0.656005859375 1.3460693359375
0.0237293243408203 -0.03167724609375 -0.31103515625 1.1573486328125
0.0677108764648438 -0.05615234375 0.0485076904296875 0.148468017578125
0.0378227233886719 -0.0573234558105469 0.5850830078125 -1.03826904296875
0.0346755981445313 -0.0487327575683594 -0.4034423828125 -1.57373046875
0.0437164306640625 -0.0024871826171875 -1.3177490234375 -0.351318359375
0.0489006042480469 -0.0180931091308594 -0.77557373046875 0.77386474609375
0.0584564208984375 -0.0353736877441406 0.00598144531250008 0.7620849609375
-0.00590133666992188 -0.0353164672851563 0.474700927734375 0.2275390625
-0.0250511169433594 -0.0417671203613281 0.440582275390625 -0.29901123046875
0.0372200012207031 -0.0248985290527344 -0.46875 0.2735595703125
0.0298328399658203 0.012786865234375 -0.43072509765625 -0.189544677734375
0.0103492736816406 -0.0023040771484375 0.0546875 -0.75897216796875
-0.0260467529296875 0.0232028961181641 0.87445068359375 -0.7103271484375
-0.0749893188476562 0.0391845703125 1.24755859375 0.4671630859375
-0.0419197082519531 -0.0377769470214844 0.4205322265625 1.4766845703125
0.0534515380859375 0.0212631225585938 -0.480712890625 1.097412109375
0.0830307006835938 0.0158843994140625 0.0336227416992188 0.0741500854492188
0.0634346008300781 -0.0120162963867188 0.407958984375 -1.1058349609375
0.0162849426269531 -0.0448074340820313 -0.6658935546875 -1.423828125
-0.0431404113769531 -0.00259017944335938 -1.3089599609375 -0.0913085937499997
-0.0323047637939453 0.0264739990234375 -0.5609130859375 0.870849609375
0.00531291961669922 0.00462436676025391 0.19927978515625 0.76324462890625
0.00908946990966797 0.00101470947265625 0.56378173828125 0.20916748046875
0.0193767547607422 -0.00174522399902344 0.4693603515625 -0.30377197265625
0.02423095703125 -0.0306243896484375 -0.46270751953125 0.27032470703125
0.0303173065185547 0.00876045227050781 -0.42926025390625 -0.1876220703125
0.0282096862792969 -0.0185527801513672 0.0650024414062501 -0.7491455078125
0.00729179382324219 0.0133485794067383 0.8824462890625 -0.69775390625
-0.0539169311523437 0.0406570434570313 1.243896484375 0.4793701171875
-0.0385093688964844 -0.0364990234375 0.401123046875 1.4857177734375
0.0510902404785156 0.00799560546875 -0.4915771484375 1.08953857421875
0.0813751220703125 -0.006591796875 0.0277786254882813 0.0698127746582031
0.0575904846191406 -0.0250663757324219 0.38946533203125 -1.10845947265625
0.0229530334472656 -0.0481452941894531 -0.678955078125 -1.415283203125
-0.017059326171875 -0.0037384033203125 -1.3035888671875 -0.0795898437499998
-0.00968456268310547 0.00856781005859375 -0.54681396484375 0.88031005859375
0.0197639465332031 -0.00490760803222656 0.2052001953125 0.76153564453125
0.00554943084716797 -0.00943374633789063 0.56427001953125 0.2042236328125
0.00612735748291016 -0.006072998046875 0.466522216796875 -0.310546875
0.0140914916992188 -0.0400962829589844 -0.46466064453125 0.26800537109375
0.0270137786865234 0.000843048095703125 -0.435150146484375 -0.187896728515625
0.0460433959960938 -0.0320014953613281 0.0552368164062499 -0.75030517578125
0.037811279296875 0.00281143188476562 0.87506103515625 -0.71197509765625
-0.0296173095703125 0.0420494079589844 1.2490234375 0.46826171875
-0.03656005859375 -0.0326423645019531 0.4168701171875 1.479736328125
0.0410614013671875 -0.00668716430664063 -0.481201171875 1.09539794921875
0.0745697021484375 -0.0249557495117188 0.0253524780273438 0.0739288330078125
0.0508346557617188 -0.0406112670898438 0.38653564453125 -1.1053466796875
0.0261306762695312 -0.0481948852539063 -0.6787109375 -1.41845703125
0.0105857849121094 -0.00849151611328125 -1.3057861328125 -0.0842285156250001
0.0143842697143555 -0.00816535949707031 -0.5537109375 0.8790283203125
0.0337753295898438 -0.0225048065185547 0.19964599609375 0.7664794921875
-0.00394058227539063 -0.01763916015625 0.5595703125 0.205657958984375
-0.00450801849365234 -0.0137147903442383 0.466094970703125 -0.30865478515625
0.00300216674804687 -0.0464439392089844 -0.469482421875 0.26715087890625
0.0234546661376953 -0.00576210021972656 -0.448944091796875 -0.183258056640625
0.0615768432617188 -0.0452041625976563 0.0274047851562499 -0.75213623046875
0.0658226013183594 -0.0118484497070313 0.8428955078125 -0.73211669921875
-0.0080108642578125 0.0437202453613281 1.25244140625 0.4345703125
-0.0361061096191406 -0.0317001342773438 0.4486083984375 1.4617919921875
0.0344200134277344 -0.0180282592773438 -0.459716796875 1.10577392578125
0.0731964111328125 -0.0438308715820312 0.0275726318359375 0.0815277099609375
0.0415763854980469 -0.0505027770996094 0.40679931640625 -1.0980224609375
0.0283584594726563 -0.0460662841796875 -0.6527099609375 -1.4420166015625
0.0329704284667969 -0.0128536224365234 -1.3067626953125 -0.112060546875
0.0394210815429688 -0.0203056335449219 -0.5814208984375 0.8665771484375
0.0511856079101563 -0.0357246398925781 0.17449951171875 0.76824951171875
-0.00430679321289062 -0.0232505798339844 0.546539306640625 0.213775634765625
-0.0193881988525391 -0.0205364227294922 0.46026611328125 -0.30517578125
-0.00356292724609375 -0.0579452514648438 -0.4793701171875 0.26641845703125
0.0178050994873047 -0.0118904113769531 -0.471405029296875 -0.1876220703125
0.0699653625488281 -0.0568771362304688 -0.00769042968750001 -0.75347900390625
0.0824508666992188 -0.0183029174804688 0.80706787109375 -0.75677490234375
0.0135536193847656 0.0454483032226562 1.257568359375 0.385498046875
-0.036041259765625 -0.0324821472167969 0.4969482421875 1.4327392578125
0.03076171875 -0.0287361145019531 -0.4229736328125 1.1156005859375
0.0721282958984375 -0.0587158203125 0.0313339233398438 0.0943603515625
0.0367889404296875 -0.060638427734375 0.44189453125 -1.09283447265625
0.0324783325195313 -0.0494728088378906 -0.598876953125 -1.466796875
0.0490608215332031 -0.0125846862792969 -1.3123779296875 -0.1678466796875
0.0520820617675781 -0.0302047729492188 -0.62640380859375 0.85162353515625
0.0617218017578125 -0.0438003540039063 0.13763427734375 0.76556396484375
-0.00770759582519531 -0.0316009521484375 0.52392578125 0.214019775390625
-0.0230789184570313 -0.0305194854736328 0.458984375 -0.306365966796875
-0.0109367370605469 -0.0605392456054687 -0.48419189453125 0.26824951171875
0.0129604339599609 -0.0140838623046875 -0.492889404296875 -0.18817138671875
0.0672149658203125 -0.0648765563964844 -0.0543212890625 -0.74951171875
0.0886917114257813 -0.025848388671875 0.7613525390625 -0.7860107421875
0.0207748413085938 0.0474357604980469 1.2564697265625 0.327392578125
-0.0358085632324219 -0.0330047607421875 0.5540771484375 1.4061279296875
0.0231456756591797 -0.0333518981933594 -0.3841552734375 1.1287841796875
0.0679664611816406 -0.0613059997558594 0.0356292724609375 0.111572265625
0.0366020202636719 -0.0641975402832031 0.48663330078125 -1.07275390625
0.034454345703125 -0.0474700927734375 -0.5390625 -1.5035400390625
0.0578651428222656 -0.0133323669433594 -1.3182373046875 -0.2247314453125
0.0609397888183594 -0.0342178344726563 -0.67315673828125 0.8297119140625
0.0690193176269531 -0.0457000732421875 0.0910644531250001 0.7640380859375
-0.00874900817871094 -0.0344810485839844 0.505828857421875 0.22021484375
-0.0334091186523437 -0.0372161865234375 0.44580078125 -0.3082275390625
-0.00758743286132813 -0.0628890991210938 -0.49346923828125 0.274078369140625
0.00539398193359375 -0.0109777450561523 -0.51885986328125 -0.184906005859375
0.0601959228515625 -0.0664291381835938 -0.1011962890625 -0.75384521484375
0.0841445922851563 -0.0261383056640625 0.71185302734375 -0.81689453125
0.0184707641601563 0.0471076965332031 1.2645263671875 0.268798828125
-0.035247802734375 -0.0301856994628906 0.6185302734375 1.3677978515625
0.0197296142578125 -0.0359420776367188 -0.3348388671875 1.1402587890625
0.064239501953125 -0.0633049011230469 0.0399551391601562 0.133949279785156
0.0340003967285156 -0.0622291564941406 0.5321044921875 -1.0557861328125
0.0366363525390625 -0.0453300476074219 -0.4725341796875 -1.53173828125
0.05352783203125 -0.009033203125 -1.31591796875 -0.2899169921875
0.0597915649414063 -0.0337600708007813 -0.72314453125 0.79962158203125
0.0652084350585938 -0.0451126098632813 0.0458984375 0.76513671875
-0.00864791870117188 -0.0354804992675781 0.48602294921875 0.223663330078125
-0.0326766967773438 -0.0418167114257812 0.444183349609375 -0.3040771484375
0.000904083251953125 -0.0605735778808594 -0.501068115234375 0.284423828125
0.00487709045410156 -0.0121059417724609 -0.536834716796875 -0.181793212890625
0.0494270324707031 -0.0572242736816406 -0.13958740234375 -0.75079345703125
0.0608711242675781 -0.0137405395507813 0.66802978515625 -0.83636474609375
0.00791168212890625 0.0448036193847656 1.2607421875 0.2198486328125
-0.0385093688964844 -0.0312614440917969 0.6644287109375 1.3431396484375
0.0211658477783203 -0.0328788757324219 -0.300537109375 1.1492919921875
0.065582275390625 -0.0520362854003906 0.045318603515625 0.147964477539063
0.0383491516113281 -0.0577621459960938 0.5738525390625 -1.03582763671875
0.030303955078125 -0.0472564697265625 -0.4068603515625 -1.561279296875
0.0430412292480469 -0.00578689575195313 -1.3128662109375 -0.343505859375
0.0493850708007813 -0.0210533142089844 -0.764404296875 0.7772216796875
0.0583419799804688 -0.0371055603027344 0.00927734375000002 0.75909423828125
-0.00615501403808593 -0.0347175598144531 0.473602294921875 0.218170166015625
-0.02374267578125 -0.0402679443359375 0.44085693359375 -0.303619384765625
0.0382308959960938 -0.0252838134765625 -0.46490478515625 0.27911376953125
0.0339164733886719 0.0119285583496094 -0.4320068359375 -0.181854248046875
0.0072789192199707 -0.00322294235229492 0.0505981445312501 -0.75604248046875
-0.0251960754394531 0.0241451263427734 0.866455078125 -0.71319580078125
-0.0775375366210938 0.0392303466796875 1.2467041015625 0.4554443359375
-0.0426864624023437 -0.0327835083007813 0.4239501953125 1.4678955078125
0.0566558837890625 0.0213546752929688 -0.47454833984375 1.09552001953125
0.0824508666992188 0.0137100219726563 0.0340499877929688 0.072509765625
0.0636138916015625 -0.0116310119628906 0.395751953125 -1.1029052734375
0.0163612365722656 -0.0480918884277344 -0.6693115234375 -1.412109375
-0.0415077209472656 -0.00346374511718751 -1.300048828125 -0.0849609375000001
-0.0335502624511719 0.0283451080322266 -0.55389404296875 0.875244140625
0.00264835357666016 0.00714588165283203 0.2032470703125 0.76007080078125
0.0084834098815918 -0.000287532806396484 0.560821533203125 0.204498291015625
0.0207614898681641 -0.00213623046875 0.46746826171875 -0.305755615234375
0.0239181518554688 -0.0315589904785156 -0.461090087890625 0.27239990234375
0.0326004028320313 0.00804901123046875 -0.4305419921875 -0.18072509765625
0.0276527404785156 -0.0177097320556641 0.0562744140624999 -0.74945068359375
0.00496006011962891 0.012969970703125 0.87506103515625 -0.70367431640625
-0.0531959533691406 0.0399398803710937 1.239501953125 0.468505859375
-0.0371284484863281 -0.0328330993652344 0.4031982421875 1.47509765625
0.0514488220214844 0.00904464721679688 -0.4862060546875 1.0919189453125
0.0794601440429688 -0.00510406494140625 0.0277023315429688 0.0703506469726563
0.0567626953125 -0.0248603820800781 0.3792724609375 -1.1046142578125
0.0205574035644531 -0.0477447509765625 -0.682861328125 -1.4053955078125
-0.0186252593994141 -0.00697708129882812 -1.2974853515625 -0.0732421874999998
-0.00932216644287109 0.009918212890625 -0.539794921875 0.879638671875
0.0194549560546875 -0.00723648071289062 0.2105712890625 0.76141357421875
0.00396537780761719 -0.00927352905273438 0.56390380859375 0.199951171875
0.00723838806152344 -0.00725984573364258 0.46307373046875 -0.311737060546875
0.0148124694824219 -0.0402259826660156 -0.461883544921875 0.27166748046875
0.0284690856933594 0.00212669372558594 -0.434539794921875 -0.181396484375
0.0469474792480469 -0.0341529846191406 0.0480346679687501 -0.7481689453125
0.0375823974609375 0.000865936279296875 0.86248779296875 -0.71368408203125
-0.0282859802246094 0.0408401489257813 1.2437744140625 0.45849609375
-0.0367393493652344 -0.0324745178222656 0.4256591796875 1.4683837890625
0.0435905456542969 -0.00600433349609375 -0.4725341796875 1.0941162109375
0.0763931274414063 -0.0259552001953125 0.024810791015625 0.07342529296875
0.0485267639160156 -0.0386886596679687 0.3792724609375 -1.1038818359375
0.0258865356445313 -0.0496597290039063 -0.6820068359375 -1.40576171875
0.00728321075439453 -0.0107765197753906 -1.30126953125 -0.0739746093750001
0.014185905456543 -0.00777244567871094 -0.545654296875 0.88006591796875
0.0350837707519531 -0.0212669372558594 0.2054443359375 0.760986328125
-0.00162982940673828 -0.0151739120483398 0.555572509765625 0.202484130859375
-0.00537967681884765 -0.0136756896972656 0.4588623046875 -0.31317138671875
0.00244140625 -0.0478630065917969 -0.466278076171875 0.26983642578125
0.0223903656005859 -0.00650596618652344 -0.446990966796875 -0.18060302734375
0.0594749450683594 -0.0479583740234375 0.02166748046875 -0.74798583984375
0.0641136169433594 -0.0114555358886719 0.83502197265625 -0.73321533203125
-0.00483322143554688 0.0450592041015625 1.24658203125 0.4241943359375
-0.0351753234863281 -0.033294677734375 0.4556884765625 1.451904296875
0.0376396179199219 -0.0185699462890625 -0.44775390625 1.100830078125
0.0714111328125 -0.0447616577148438 0.0273056030273437 0.0832901000976562
0.0409698486328125 -0.0492324829101563 0.398193359375 -1.09765625
0.0288619995117188 -0.0492057800292969 -0.657470703125 -1.4267578125
0.0298576354980469 -0.0116214752197266 -1.302001953125 -0.107421875
0.0371780395507813 -0.0225944519042969 -0.57281494140625 0.869140625
0.0483207702636719 -0.03424072265625 0.1766357421875 0.7635498046875
-0.00703811645507813 -0.0253353118896484 0.543701171875 0.20458984375
-0.0158500671386719 -0.0203342437744141 0.4544677734375 -0.312103271484375
-0.00597000122070313 -0.0557212829589844 -0.47265625 0.27093505859375
0.0170650482177734 -0.0114965438842773 -0.471099853515625 -0.181182861328125
0.06634521484375 -0.0573348999023438 -0.0148925781250001 -0.75189208984375
0.0828704833984375 -0.0182723999023438 0.79766845703125 -0.761474609375
0.0108222961425781 0.0465316772460938 1.251953125 0.3768310546875
-0.0338935852050781 -0.0314598083496094 0.5020751953125 1.4259033203125
0.0308685302734375 -0.0295658111572266 -0.41668701171875 1.112060546875
0.0681343078613281 -0.056854248046875 0.0310592651367188 0.0965347290039062
0.0360565185546875 -0.0587501525878906 0.43603515625 -1.08306884765625
0.0317764282226563 -0.0483207702636719 -0.607421875 -1.45703125
0.048187255859375 -0.011474609375 -1.3070068359375 -0.162109375
0.0530776977539062 -0.0330810546875 -0.616943359375 0.84979248046875
0.0615997314453125 -0.0422821044921875 0.1387939453125 0.7615966796875
-0.00862503051757812 -0.0311260223388672 0.5281982421875 0.210296630859375
-0.0257949829101563 -0.0269775390625 0.450225830078125 -0.307159423828125
-0.010162353515625 -0.0611495971679688 -0.479827880859375 0.274749755859375
0.0108871459960938 -0.0138740539550781 -0.4913330078125 -0.181915283203125
0.0676689147949219 -0.0642585754394531 -0.0602416992187501 -0.75079345703125
0.0867691040039063 -0.02423095703125 0.75335693359375 -0.78717041015625
0.022918701171875 0.0451126098632813 1.2562255859375 0.32080078125
-0.0333271026611328 -0.0306339263916016 0.5606689453125 1.393310546875
0.0239372253417969 -0.0345401763916016 -0.371337890625 1.12347412109375
0.0660247802734375 -0.0643157958984375 0.0359954833984375 0.113876342773438
0.0332603454589844 -0.0634269714355469 0.4774169921875 -1.0692138671875
0.0339851379394531 -0.0484085083007813 -0.543701171875 -1.4927978515625
0.0561294555664063 -0.0110244750976562 -1.31201171875 -0.2197265625
0.0633163452148438 -0.0350914001464844 -0.66534423828125 0.82684326171875
0.0679206848144531 -0.0452804565429687 0.0952148437499999 0.76318359375
-0.00873947143554688 -0.03387451171875 0.50634765625 0.215240478515625
-0.0294036865234375 -0.03546142578125 0.44171142578125 -0.307861328125
-0.00875854492187501 -0.0639228820800781 -0.48773193359375 0.278717041015625
0.0077199935913086 -0.0144081115722656 -0.513031005859375 -0.18072509765625
0.0585250854492188 -0.0656471252441406 -0.108154296875 -0.75
0.0809402465820312 -0.02423095703125 0.6993408203125 -0.81658935546875
0.0224113464355469 0.0465812683105469 1.258056640625 0.2618408203125
-0.0342788696289063 -0.0295791625976562 0.62255859375 1.357421875
0.0224990844726562 -0.0357551574707031 -0.3287353515625 1.13720703125
0.06329345703125 -0.0642585754394531 0.0414352416992188 0.130302429199219
0.0337982177734375 -0.0615806579589844 0.52349853515625 -1.05328369140625
0.0340805053710938 -0.0468063354492188 -0.476318359375 -1.524169921875
0.0543327331542969 -0.00841522216796875 -1.3148193359375 -0.2828369140625
0.0612258911132813 -0.0309638977050781 -0.71270751953125 0.80157470703125
0.0668869018554688 -0.0414390563964844 0.05224609375 0.75921630859375
-0.00707244873046875 -0.0355339050292969 0.488372802734375 0.216522216796875
-0.0291290283203125 -0.0402488708496094 0.4375 -0.303070068359375
-0.00333023071289063 -0.0620574951171875 -0.49493408203125 0.287933349609375
0.00763034820556641 -0.0124387741088867 -0.53448486328125 -0.174835205078125
0.0473480224609375 -0.0594253540039063 -0.1463623046875 -0.7470703125
0.064208984375 -0.0172996520996094 0.66046142578125 -0.8348388671875
0.0125312805175781 0.0468788146972656 1.251953125 0.2105712890625
-0.0365447998046875 -0.0282630920410156 0.6666259765625 1.32568359375
0.0235538482666016 -0.0301361083984375 -0.295654296875 1.1480712890625
0.0644340515136719 -0.056884765625 0.048980712890625 0.145645141601563
0.0378074645996094 -0.058807373046875 0.565185546875 -1.03546142578125
0.03521728515625 -0.0473518371582031 -0.41455078125 -1.552734375
0.0428314208984375 -0.00487899780273438 -1.3084716796875 -0.335205078125
0.0484123229980469 -0.0185470581054688 -0.7567138671875 0.774658203125
0.0574531555175781 -0.0355186462402344 0.0126953124999999 0.75421142578125
-0.00388526916503906 -0.0337047576904297 0.47210693359375 0.2149658203125
-0.0260887145996094 -0.0416297912597656 0.433502197265625 -0.304962158203125
0.0375099182128906 -0.0243301391601563 -0.460662841796875 0.28033447265625
0.033782958984375 0.0130596160888672 -0.42779541015625 -0.178070068359375
0.00679492950439453 -0.00332784652709961 0.04241943359375 -0.75286865234375
-0.0254611968994141 0.0247955322265625 0.85784912109375 -0.7164306640625
-0.0747833251953125 0.0397262573242188 1.24365234375 0.4471435546875
-0.0407066345214844 -0.031707763671875 0.428955078125 1.4581298828125
0.0584678649902344 0.0193748474121094 -0.46478271484375 1.0911865234375
0.0796051025390625 0.0142059326171875 0.0331878662109375 0.0732040405273438
0.0635871887207031 -0.0129623413085938 0.38958740234375 -1.0968017578125
0.0154762268066406 -0.0469932556152344 -0.6744384765625 -1.4051513671875
-0.0434379577636719 -0.00153732299804687 -1.2960205078125 -0.0781249999999998
-0.0320281982421875 0.0293331146240234 -0.546142578125 0.87469482421875
0.00397968292236328 0.00640296936035156 0.2042236328125 0.75482177734375
0.00835561752319336 -0.00133895874023438 0.56036376953125 0.197418212890625
0.0217151641845703 -0.00213432312011719 0.463470458984375 -0.310150146484375
0.0246944427490234 -0.0312767028808594 -0.4569091796875 0.277252197265625
0.0339069366455078 0.00712776184082031 -0.425994873046875 -0.177825927734375
0.0258636474609375 -0.0167770385742188 0.05328369140625 -0.7445068359375
0.00547027587890625 0.0126199722290039 0.86541748046875 -0.7039794921875
-0.0506744384765625 0.0401840209960938 1.236572265625 0.4615478515625
-0.0368614196777344 -0.0332870483398438 0.4097900390625 1.4683837890625
0.0516548156738281 0.0075531005859375 -0.478271484375 1.0853271484375
0.0769805908203125 -0.00640106201171875 0.0279388427734375 0.0710678100585937
0.0564460754394531 -0.0241203308105469 0.37548828125 -1.09979248046875
0.019744873046875 -0.0483131408691406 -0.6866455078125 -1.396240234375
-0.0175085067749023 -0.00720691680908203 -1.291748046875 -0.0692138671875001
-0.00857162475585937 0.0101747512817383 -0.53448486328125 0.87823486328125
0.0202617645263672 -0.00514411926269531 0.21405029296875 0.75518798828125
0.00395917892456055 -0.00870943069458008 0.56048583984375 0.1943359375
0.00849342346191406 -0.00513601303100586 0.45855712890625 -0.31298828125
0.0124473571777344 -0.0390892028808594 -0.4586181640625 0.275115966796875
0.0296421051025391 0.000123977661132812 -0.432464599609375 -0.178436279296875
0.0456428527832031 -0.0326385498046875 0.04241943359375 -0.7457275390625
0.0362892150878906 0.0010528564453125 0.853515625 -0.71661376953125
-0.0273551940917969 0.0419464111328125 1.241455078125 0.44970703125
-0.0344123840332031 -0.0323276519775391 0.42578125 1.46240234375
0.0432777404785156 -0.00535202026367188 -0.46575927734375 1.09051513671875
0.0752716064453125 -0.027069091796875 0.025970458984375 0.072357177734375
0.0475616455078125 -0.0388603210449219 0.37261962890625 -1.09735107421875
0.0253410339355469 -0.0497779846191406 -0.6878662109375 -1.39599609375
0.00619411468505859 -0.00930213928222656 -1.294189453125 -0.0712890625
0.0146770477294922 -0.00754737854003906 -0.53717041015625 0.87933349609375
0.0353851318359375 -0.01995849609375 0.20751953125 0.75665283203125
-0.00249004364013672 -0.0145359039306641 0.5562744140625 0.194732666015625
-0.00452995300292969 -0.0124711990356445 0.456634521484375 -0.3135986328125
0.0029754638671875 -0.0480918884277344 -0.4608154296875 0.27532958984375
0.0235328674316406 -0.0049896240234375 -0.446380615234375 -0.17547607421875
0.0607719421386719 -0.0486412048339844 0.0154418945312501 -0.74517822265625
0.0642318725585937 -0.0108718872070312 0.82647705078125 -0.73162841796875
-0.00452041625976563 0.0461006164550781 1.24267578125 0.41357421875
-0.0336589813232422 -0.0323352813720703 0.461181640625 1.4429931640625
0.0359535217285156 -0.0191726684570313 -0.44183349609375 1.0972900390625
0.07098388671875 -0.0457992553710937 0.0260848999023438 0.08331298828125
0.0407257080078125 -0.0506057739257812 0.39263916015625 -1.09088134765625
0.0295257568359375 -0.0469436645507813 -0.66064453125 -1.4183349609375
0.0302238464355469 -0.0133056640625 -1.2979736328125 -0.101318359375
0.036346435546875 -0.0240364074707031 -0.56561279296875 0.868408203125
0.0495529174804688 -0.0329704284667969 0.1807861328125 0.75714111328125
-0.00647354125976563 -0.02325439453125 0.544403076171875 0.200958251953125
-0.0173282623291016 -0.0199851989746094 0.45458984375 -0.31201171875
-0.00506210327148438 -0.0559539794921875 -0.468597412109375 0.273681640625
0.0193595886230469 -0.0122413635253906 -0.467926025390625 -0.177886962890625
0.0669326782226563 -0.0582084655761719 -0.02105712890625 -0.74774169921875
0.080108642578125 -0.018768310546875 0.7894287109375 -0.76153564453125
0.0135116577148437 0.0467376708984375 1.2498779296875 0.3685302734375
-0.0318717956542969 -0.0310230255126953 0.5089111328125 1.4195556640625
0.0297451019287109 -0.0282115936279297 -0.40924072265625 1.10858154296875
0.06884765625 -0.0579833984375 0.0313949584960938 0.0980987548828125
0.0365829467773438 -0.059661865234375 0.42919921875 -1.079833984375
0.0321235656738281 -0.0496253967285156 -0.6123046875 -1.447998046875
0.0461692810058594 -0.0140304565429688 -1.3026123046875 -0.1534423828125
0.0517959594726563 -0.0327224731445313 -0.60882568359375 0.84918212890625
0.0604286193847656 -0.0429573059082031 0.1424560546875 0.75958251953125
-0.00872802734375 -0.0302219390869141 0.52642822265625 0.20587158203125
-0.0250434875488281 -0.0282611846923828 0.44659423828125 -0.30963134765625
-0.00907516479492188 -0.0618362426757812 -0.476654052734375 0.278289794921875
0.013758659362793 -0.013946533203125 -0.489990234375 -0.17755126953125
0.0656585693359375 -0.0647392272949219 -0.0655517578125001 -0.74688720703125
0.085113525390625 -0.0225906372070313 0.7427978515625 -0.79022216796875
0.0234603881835938 0.0456733703613281 1.2510986328125 0.3115234375
-0.0311489105224609 -0.0308876037597656 0.5623779296875 1.3868408203125
0.0252132415771484 -0.0346946716308594 -0.3663330078125 1.1243896484375
0.0636749267578125 -0.0642127990722656 0.0365219116210938 0.113288879394531
0.0309524536132812 -0.0629310607910156 0.4697265625 -1.064697265625
0.0337562561035156 -0.0486183166503906 -0.5477294921875 -1.4814453125
0.0542259216308594 -0.0116500854492188 -1.3084716796875 -0.213623046875
0.0620460510253906 -0.0347328186035156 -0.65771484375 0.8260498046875
0.0668487548828125 -0.0453300476074219 0.10015869140625 0.7568359375
-0.00848197937011719 -0.0346832275390625 0.506317138671875 0.2073974609375
-0.0313186645507813 -0.0344448089599609 0.4378662109375 -0.3072509765625
-0.00793838500976562 -0.0630836486816406 -0.4833984375 0.28411865234375
0.00876617431640625 -0.0130691528320313 -0.5137939453125 -0.172454833984375
0.0574493408203125 -0.065155029296875 -0.11358642578125 -0.74664306640625
0.0805587768554688 -0.0244293212890625 0.69183349609375 -0.81573486328125
0.0226631164550781 0.0468711853027344 1.2513427734375 0.2530517578125
-0.0320510864257813 -0.0286388397216797 0.6260986328125 1.3463134765625
0.0230636596679687 -0.0360832214355469 -0.3214111328125 1.13525390625
0.0621528625488281 -0.0632476806640625 0.042236328125 0.131095886230469
0.0319442749023438 -0.0636863708496094 0.51507568359375 -1.04736328125
0.0343971252441406 -0.047637939453125 -0.481689453125 -1.5152587890625
0.05279541015625 -0.00884628295898438 -1.30908203125 -0.273193359375
0.0624618530273438 -0.0292510986328125 -0.70574951171875 0.7998046875
0.0665245056152344 -0.0434150695800781 0.0547485351562499 0.75634765625
-0.00760459899902344 -0.0350894927978516 0.4873046875 0.21148681640625
-0.0306358337402344 -0.0392303466796875 0.4339599609375 -0.304595947265625
-0.00230026245117187 -0.0620498657226562 -0.489593505859375 0.2891845703125
0.00857830047607422 -0.0122890472412109 -0.532928466796875 -0.170074462890625
0.0453224182128906 -0.0588951110839844 -0.1500244140625 -0.7440185546875
0.0632781982421875 -0.0152816772460938 0.649658203125 -0.83343505859375
0.013397216796875 0.0484504699707031 1.250244140625 0.205078125
-0.03448486328125 -0.0292472839355469 0.6689453125 1.318115234375
0.0228767395019531 -0.0325145721435547 -0.284423828125 1.1455078125
0.0623016357421875 -0.0557174682617188 0.048095703125 0.146408081054687
0.0358238220214844 -0.0564842224121094 0.55926513671875 -1.0311279296875
0.0342483520507813 -0.0488090515136719 -0.419921875 -1.5443115234375
0.0412673950195313 -0.0067901611328125 -1.3089599609375 -0.3275146484375
0.0488510131835938 -0.0197715759277344 -0.74761962890625 0.77484130859375
0.05865478515625 -0.0355300903320313 0.01751708984375 0.75054931640625
-0.00652885437011719 -0.0332622528076172 0.4720458984375 0.21026611328125
-0.0252876281738281 -0.0404891967773437 0.42828369140625 -0.305084228515625
0.0374374389648437 -0.0260124206542969 -0.455963134765625 0.285797119140625
0.0363235473632813 0.0128974914550781 -0.427642822265625 -0.174652099609375
0.00872468948364258 -0.00311517715454102 0.0399169921875 -0.7469482421875
-0.0255184173583984 0.0269889831542969 0.84771728515625 -0.71466064453125
-0.0731582641601563 0.0408477783203125 1.237548828125 0.438720703125
-0.0390663146972656 -0.0319938659667969 0.4327392578125 1.45263671875
0.0581130981445313 0.0186996459960938 -0.45928955078125 1.08929443359375
0.0787734985351563 0.0114898681640625 0.03240966796875 0.0758209228515625
0.0639877319335938 -0.0121917724609375 0.38580322265625 -1.09320068359375
0.0158309936523437 -0.0472335815429688 -0.6767578125 -1.3966064453125
-0.0427780151367187 -0.00341796875 -1.2889404296875 -0.0753173828124997
-0.0330181121826172 0.0300960540771484 -0.54156494140625 0.8719482421875
0.00371932983398437 0.00724887847900391 0.20477294921875 0.7542724609375
0.00780248641967773 -0.000130176544189453 0.559112548828125 0.194793701171875
0.0230140686035156 -0.00207710266113281 0.460540771484375 -0.3095703125
0.0246181488037109 -0.0319347381591797 -0.452667236328125 0.280242919921875
0.0337867736816406 0.00590324401855469 -0.423492431640625 -0.17431640625
0.0252857208251953 -0.0181217193603516 0.0484008789062499 -0.743408203125
0.00413990020751953 0.0140714645385742 0.860107421875 -0.7060546875
-0.0509071350097656 0.0414276123046875 1.2327880859375 0.4534912109375
-0.0357704162597656 -0.0329055786132812 0.4122314453125 1.461181640625
0.0523796081542969 0.00619125366210938 -0.47198486328125 1.08349609375
0.0765228271484375 -0.00811767578125 0.028778076171875 0.07025146484375
0.0562973022460938 -0.0247764587402344 0.370849609375 -1.0970458984375
0.0192298889160156 -0.0477066040039063 -0.689697265625 -1.3834228515625
-0.0184383392333984 -0.00556564331054687 -1.2880859375 -0.0621337890624999
-0.0096893310546875 0.00950431823730469 -0.52813720703125 0.87725830078125
0.0194931030273438 -0.00596809387207031 0.21563720703125 0.7509765625
0.00273466110229492 -0.0069279670715332 0.56011962890625 0.191436767578125
0.00859594345092773 -0.00380134582519531 0.457763671875 -0.31463623046875
0.01385498046875 -0.0402679443359375 -0.45361328125 0.277069091796875
0.0307807922363281 0.000646591186523438 -0.429718017578125 -0.17333984375
0.0453224182128906 -0.0329017639160156 0.03778076171875 -0.74310302734375
0.0366172790527344 0.00231552124023438 0.848388671875 -0.7161865234375
-0.0253715515136719 0.0438461303710938 1.2347412109375 0.4395751953125
-0.0328693389892578 -0.0312271118164063 0.4288330078125 1.4544677734375
0.044708251953125 -0.00716781616210938 -0.458984375 1.08563232421875
0.0733795166015625 -0.026153564453125 0.0280303955078125 0.07275390625
0.0469169616699219 -0.0413589477539062 0.36907958984375 -1.0966796875
0.0246963500976563 -0.0489463806152344 -0.6888427734375 -1.388427734375
0.00681877136230469 -0.0112199783325195 -1.28955078125 -0.0661621093749998
0.0149240493774414 -0.00945472717285156 -0.5289306640625 0.87530517578125
0.0371475219726563 -0.0205917358398438 0.210693359375 0.7513427734375
-0.00231647491455078 -0.0154895782470703 0.556488037109375 0.19317626953125
-0.00417995452880859 -0.0121526718139648 0.451904296875 -0.31439208984375
0.00241470336914062 -0.0490341186523437 -0.457794189453125 0.2763671875
0.0248031616210938 -0.00610923767089844 -0.446624755859375 -0.1727294921875
0.0606460571289063 -0.0472068786621094 0.0101928710937499 -0.74383544921875
0.0627708435058594 -0.00916671752929687 0.81884765625 -0.737548828125
-0.00260543823242188 0.0457344055175781 1.2388916015625 0.4078369140625
-0.0314655303955078 -0.0304718017578125 0.4608154296875 1.434814453125
0.0354270935058594 -0.0195503234863281 -0.43505859375 1.09490966796875
0.0700569152832031 -0.0435714721679688 0.0267868041992188 0.0819320678710938
0.039703369140625 -0.051605224609375 0.38848876953125 -1.08770751953125
0.0286865234375 -0.0492820739746094 -0.6614990234375 -1.4063720703125
0.0301704406738281 -0.0139427185058594 -1.2904052734375 -0.0983886718749998
0.0363502502441406 -0.0242652893066406 -0.5621337890625 0.8671875
0.0487098693847656 -0.0345115661621094 0.18206787109375 0.7537841796875
-0.00693321228027344 -0.0225811004638672 0.543365478515625 0.1966552734375
-0.0164833068847656 -0.0195083618164063 0.450592041015625 -0.31048583984375
-0.00328445434570313 -0.0564804077148438 -0.465484619140625 0.2760009765625
0.0184288024902344 -0.0102176666259766 -0.465728759765625 -0.1717529296875
0.0671234130859375 -0.0563125610351563 -0.02459716796875 -0.7435302734375
0.0799713134765625 -0.0174636840820312 0.78094482421875 -0.75848388671875
0.0139122009277344 0.0462226867675781 1.2435302734375 0.362060546875
-0.0315914154052734 -0.0311031341552734 0.5078125 1.41015625
0.0301265716552734 -0.0293121337890625 -0.4041748046875 1.10546875
0.0651931762695313 -0.0572090148925781 0.0298004150390625 0.0974044799804688
0.03509521484375 -0.0593185424804687 0.4241943359375 -1.07501220703125
0.031402587890625 -0.0499038696289062 -0.6123046875 -1.4383544921875
0.0481452941894531 -0.0118331909179688 -1.299072265625 -0.1488037109375
0.0519638061523438 -0.0323066711425781 -0.607177734375 0.84710693359375
0.0599899291992188 -0.0445480346679688 0.144775390625 0.75323486328125
-0.00953102111816406 -0.0296058654785156 0.524322509765625 0.203399658203125
-0.0259475708007812 -0.0262546539306641 0.4422607421875 -0.31182861328125
-0.0113906860351563 -0.0617446899414063 -0.472625732421875 0.280853271484375
0.0144004821777344 -0.0137243270874023 -0.486846923828125 -0.172882080078125
0.0648765563964844 -0.0653305053710938 -0.07049560546875 -0.7432861328125
0.085357666015625 -0.024383544921875 0.73504638671875 -0.7867431640625
0.0241012573242188 0.0458526611328125 1.246337890625 0.3057861328125
-0.02996826171875 -0.0301666259765625 0.56591796875 1.3763427734375
0.0255165100097656 -0.0348644256591797 -0.3590087890625 1.12054443359375
0.0612068176269531 -0.0638999938964844 0.0357284545898438 0.113815307617187
0.0320892333984375 -0.0630226135253906 0.468017578125 -1.0592041015625
0.0336952209472656 -0.0490760803222656 -0.5509033203125 -1.473876953125
0.0568351745605469 -0.0110549926757813 -1.303466796875 -0.207763671875
0.0614471435546875 -0.0368423461914063 -0.65264892578125 0.82647705078125
0.0680465698242188 -0.0445175170898438 0.1007080078125 0.75384521484375
-0.00845718383789062 -0.0343570709228516 0.50469970703125 0.205230712890625
-0.0300617218017578 -0.0336189270019531 0.434722900390625 -0.309295654296875
-0.00825881958007813 -0.0634269714355469 -0.47857666015625 0.28790283203125
0.0102558135986328 -0.014063835144043 -0.509674072265625 -0.167999267578125
0.0584220886230469 -0.0644340515136719 -0.11492919921875 -0.74237060546875
0.0773468017578125 -0.0233306884765625 0.68402099609375 -0.81646728515625
0.0231056213378906 0.0464324951171875 1.2459716796875 0.2452392578125
-0.0301475524902344 -0.0295238494873047 0.6273193359375 1.3406982421875
0.0225601196289063 -0.0348491668701172 -0.3150634765625 1.130126953125
0.0611953735351562 -0.064178466796875 0.0435714721679688 0.131500244140625
0.0307960510253906 -0.0618896484375 0.5106201171875 -1.04437255859375
0.0351333618164063 -0.0475349426269531 -0.4849853515625 -1.50732421875
0.0524177551269531 -0.00781631469726563 -1.3050537109375 -0.26953125
0.0594215393066406 -0.0298385620117188 -0.7041015625 0.79986572265625
0.0658302307128906 -0.0428466796875 0.0571289062500001 0.753173828125
-0.00974845886230469 -0.0342788696289062 0.484466552734375 0.20770263671875
-0.0304527282714844 -0.0391006469726563 0.43023681640625 -0.30712890625
-0.002197265625 -0.0620803833007812 -0.484710693359375 0.29315185546875
0.00975227355957031 -0.0124053955078125 -0.52923583984375 -0.166015625
0.0453300476074219 -0.0586051940917969 -0.15301513671875 -0.7413330078125
0.0617904663085938 -0.0161590576171875 0.64495849609375 -0.8321533203125
0.0134544372558594 0.047454833984375 1.2440185546875 0.1968994140625
-0.0350418090820312 -0.0278453826904297 0.6719970703125 1.30859375
0.0249118804931641 -0.0326118469238281 -0.2796630859375 1.14013671875
0.0620231628417969 -0.0539436340332031 0.0484466552734375 0.144683837890625
0.0336456298828125 -0.0550727844238281 0.55670166015625 -1.03009033203125
0.0330047607421875 -0.0475959777832031 -0.42333984375 -1.5301513671875
0.0417671203613281 -0.0072784423828125 -1.2999267578125 -0.323486328125
0.0483360290527344 -0.0183601379394531 -0.74273681640625 0.7752685546875
0.0571975708007812 -0.0372200012207031 0.02099609375 0.746337890625
-0.00556373596191406 -0.0339622497558594 0.47406005859375 0.20697021484375
-0.0252342224121094 -0.0405120849609375 0.42425537109375 -0.30682373046875
0.0370063781738281 -0.0262718200683594 -0.45263671875 0.28729248046875
0.036163330078125 0.0119857788085938 -0.425506591796875 -0.170440673828125
0.00746583938598633 -0.00371456146240234 0.03411865234375 -0.7442626953125
-0.0263118743896484 0.0254573822021484 0.844482421875 -0.7159423828125
-0.0724029541015625 0.0413360595703125 1.2344970703125 0.433837890625
-0.0361671447753906 -0.0329551696777344 0.4371337890625 1.44921875
0.0589942932128906 0.0184211730957031 -0.45477294921875 1.08673095703125
0.0769424438476563 0.0125885009765625 0.032562255859375 0.0747451782226563
0.0625648498535156 -0.0118179321289063 0.3818359375 -1.08843994140625
0.0164566040039063 -0.0463066101074219 -0.67724609375 -1.3880615234375
-0.0416107177734375 -0.00280380249023437 -1.285888671875 -0.0742187499999999
-0.0328521728515625 0.0284385681152344 -0.5340576171875 0.8677978515625
0.00403451919555664 0.00527524948120117 0.20611572265625 0.74932861328125
0.00724935531616211 -0.000209808349609375 0.558868408203125 0.19091796875
0.0207328796386719 -0.00185775756835938 0.45751953125 -0.310791015625
0.0252628326416016 -0.0336036682128906 -0.44989013671875 0.283416748046875
0.0350971221923828 0.00677871704101563 -0.4229736328125 -0.16973876953125
0.0258445739746094 -0.0174045562744141 0.04437255859375 -0.74114990234375
0.00442123413085938 0.0125494003295898 0.85076904296875 -0.70660400390625
-0.0490989685058594 0.042388916015625 1.229248046875 0.449951171875
-0.0340671539306641 -0.0318775177001953 0.4134521484375 1.4554443359375
0.0530128479003906 0.00570297241210938 -0.46868896484375 1.083984375
0.0754241943359375 -0.0076446533203125 0.0286102294921875 0.0699729919433594
0.0562896728515625 -0.0256080627441406 0.3682861328125 -1.092529296875
0.0200843811035156 -0.0474662780761719 -0.6903076171875 -1.3807373046875
-0.0186405181884766 -0.00811004638671875 -1.2830810546875 -0.0598144531249999
-0.00972747802734375 0.00893783569335938 -0.52325439453125 0.8736572265625
0.0196380615234375 -0.0064849853515625 0.21673583984375 0.74639892578125
0.00319671630859375 -0.00725793838500976 0.561492919921875 0.186492919921875
0.00905513763427734 -0.00391674041748047 0.45166015625 -0.315338134765625
0.0141716003417969 -0.0409278869628906 -0.450408935546875 0.280059814453125
0.0302867889404297 0.000659942626953125 -0.428314208984375 -0.169189453125
0.0444412231445313 -0.0316429138183594 0.0338134765624999 -0.73895263671875
0.0346870422363281 0.000940322875976562 0.8404541015625 -0.7156982421875
-0.0246047973632813 0.0437278747558594 1.2340087890625 0.4366455078125
-0.0318126678466797 -0.0317935943603516 0.432373046875 1.4478759765625
0.0433540344238281 -0.00653457641601563 -0.4542236328125 1.0865478515625
0.072601318359375 -0.0261077880859375 0.0252685546875 0.073699951171875
0.0471839904785156 -0.0403785705566406 0.36541748046875 -1.0911865234375
0.0230331420898438 -0.0482406616210938 -0.688232421875 -1.3828125
0.00648689270019531 -0.0115671157836914 -1.2841796875 -0.0635986328125002
0.0143909454345703 -0.0102920532226562 -0.52734375 0.87542724609375
0.0365409851074219 -0.0201301574707031 0.21038818359375 0.74957275390625
-0.00230312347412109 -0.0161514282226563 0.554534912109375 0.191192626953125
-0.00492668151855469 -0.0108318328857422 0.4498291015625 -0.3154296875
0.00280380249023438 -0.0502204895019531 -0.45404052734375 0.278350830078125
0.0254650115966797 -0.00605964660644531 -0.442840576171875 -0.169525146484375
0.0584030151367188 -0.0463485717773438 0.00634765624999999 -0.739990234375
0.0636825561523438 -0.0090789794921875 0.81427001953125 -0.73309326171875
-0.001495361328125 0.0463333129882813 1.2344970703125 0.4027099609375
-0.0299148559570312 -0.0320777893066406 0.465576171875 1.430419921875
0.037200927734375 -0.020965576171875 -0.4310302734375 1.0927734375
0.0687484741210938 -0.0454368591308594 0.027099609375 0.0822906494140625
0.0395774841308594 -0.0503578186035156 0.38336181640625 -1.08233642578125
0.0282859802246094 -0.047821044921875 -0.6644287109375 -1.4014892578125
0.0284709930419922 -0.0134735107421875 -1.28759765625 -0.0941162109374999
0.0344963073730469 -0.0243492126464844 -0.55499267578125 0.86175537109375
0.0496711730957031 -0.0342063903808594 0.18328857421875 0.7510986328125
-0.00775718688964844 -0.0215015411376953 0.541015625 0.193115234375
-0.0152950286865234 -0.0182991027832031 0.4453125 -0.313446044921875
-0.00501251220703126 -0.0577735900878906 -0.462066650390625 0.27996826171875
0.0206298828125 -0.0102100372314453 -0.462127685546875 -0.16998291015625
0.0650482177734375 -0.0591964721679688 -0.0296630859375001 -0.73968505859375
0.0794906616210938 -0.018341064453125 0.77752685546875 -0.75897216796875
0.0157279968261719 0.0464439392089844 1.2401123046875 0.357177734375
-0.0296783447265625 -0.0309963226318359 0.50927734375 1.4061279296875
0.0304317474365234 -0.0295734405517578 -0.39874267578125 1.101806640625
0.0644035339355469 -0.056976318359375 0.0290908813476563 0.095062255859375
0.0349960327148438 -0.0598678588867188 0.41943359375 -1.072509765625
0.0308341979980469 -0.0494003295898438 -0.612060546875 -1.43408203125
0.0470504760742188 -0.0141716003417969 -1.29638671875 -0.1458740234375
0.0526466369628906 -0.0328750610351563 -0.6002197265625 0.84710693359375
0.0622062683105469 -0.0419235229492187 0.14508056640625 0.7528076171875
-0.0100460052490234 -0.0289783477783203 0.525360107421875 0.19744873046875
-0.0244598388671875 -0.0250740051269531 0.441986083984375 -0.31134033203125
-0.00957489013671875 -0.0625495910644531 -0.46917724609375 0.2835693359375
0.0149641036987305 -0.014674186706543 -0.486724853515625 -0.16925048828125
0.0651512145996094 -0.0652885437011719 -0.0735473632812501 -0.7408447265625
0.08349609375 -0.0245513916015625 0.73126220703125 -0.78497314453125
0.025543212890625 0.0470657348632812 1.2415771484375 0.3043212890625
-0.0286998748779297 -0.0302047729492188 0.5693359375 1.372314453125
0.0249671936035156 -0.036376953125 -0.3543701171875 1.1153564453125
0.0620155334472656 -0.0641746520996094 0.0341339111328125 0.11260986328125
0.0306472778320313 -0.0640525817871094 0.462646484375 -1.05535888671875
0.0325469970703125 -0.04742431640625 -0.5528564453125 -1.469482421875
0.0551071166992188 -0.0112876892089844 -1.2991943359375 -0.203125
0.0618553161621094 -0.0361671447753906 -0.64788818359375 0.82421875
0.0671043395996094 -0.0462188720703125 0.10369873046875 0.74884033203125
-0.01031494140625 -0.0328712463378906 0.504364013671875 0.20068359375
-0.0311069488525391 -0.0333995819091797 0.429962158203125 -0.311309814453125
-0.00744247436523437 -0.0641403198242188 -0.475250244140625 0.288543701171875
0.0124111175537109 -0.0122613906860352 -0.50933837890625 -0.16558837890625
0.0576515197753906 -0.0648765563964844 -0.11767578125 -0.7393798828125
0.077056884765625 -0.0233306884765625 0.67828369140625 -0.814697265625
0.0242958068847656 0.0474395751953125 1.242919921875 0.2408447265625
-0.0300331115722656 -0.0294017791748047 0.6265869140625 1.3358154296875
0.022796630859375 -0.0375022888183594 -0.3109130859375 1.131103515625
0.0578041076660156 -0.0630378723144531 0.0424652099609375 0.129409790039062
0.0298118591308594 -0.0621871948242188 0.5057373046875 -1.0406494140625
0.0318756103515625 -0.048004150390625 -0.489013671875 -1.4998779296875
0.05364990234375 -0.00925445556640625 -1.3013916015625 -0.265869140625
0.060455322265625 -0.0311393737792969 -0.69659423828125 0.7962646484375
0.0661811828613281 -0.0433235168457031 0.05877685546875 0.75
-0.00930213928222656 -0.0335426330566406 0.4869384765625 0.205047607421875
-0.0285186767578125 -0.0382766723632813 0.428375244140625 -0.307586669921875
-0.00238418579101562 -0.0634193420410156 -0.481353759765625 0.29534912109375
0.0103349685668945 -0.0117406845092773 -0.52593994140625 -0.16339111328125
0.0448188781738281 -0.0576210021972656 -0.15771484375 -0.73516845703125
0.0615043640136719 -0.0148506164550781 0.63629150390625 -0.8314208984375
0.0152091979980469 0.0485992431640625 1.2420654296875 0.1961669921875
-0.0334453582763672 -0.0284004211425781 0.6724853515625 1.303955078125
0.0245647430419922 -0.0320453643798828 -0.27685546875 1.1351318359375
0.0593299865722656 -0.0544967651367188 0.0485382080078125 0.146377563476563
0.0336494445800781 -0.0555992126464844 0.54840087890625 -1.02532958984375
0.0322341918945313 -0.0474319458007813 -0.4244384765625 -1.52978515625
0.0430068969726563 -0.00707244873046875 -1.2974853515625 -0.32080078125
0.0485725402832031 -0.0201606750488281 -0.735595703125 0.77288818359375
0.0561676025390625 -0.034942626953125 0.0240478515625 0.7449951171875
-0.00629806518554688 -0.0325946807861328 0.474578857421875 0.2049560546875
-0.0265235900878906 -0.0390205383300781 0.421600341796875 -0.30908203125
0.0372886657714844 -0.0276908874511719 -0.449798583984375 0.28955078125
0.0368843078613281 0.0121955871582031 -0.423919677734375 -0.168304443359375
0.00648355484008789 -0.00372457504272461 0.0322265625 -0.7435302734375
-0.0262889862060547 0.0261116027832031 0.8409423828125 -0.71484375
-0.0709304809570312 0.0414581298828125 1.2327880859375 0.4317626953125
-0.0357627868652344 -0.031585693359375 0.4342041015625 1.44189453125
0.05950927734375 0.0176506042480469 -0.451171875 1.083984375
0.0772247314453125 0.0132293701171875 0.0319442749023438 0.0749740600585938
0.0626564025878906 -0.0124282836914063 0.3819580078125 -1.08465576171875
0.0145454406738281 -0.0473442077636719 -0.6763916015625 -1.385009765625
-0.0423927307128906 -0.00268936157226562 -1.28369140625 -0.0704345703124999
-0.0327911376953125 0.0285930633544922 -0.53302001953125 0.86822509765625
0.00412321090698242 0.00720691680908203 0.20751953125 0.74639892578125
0.00631618499755859 -0.000504016876220703 0.55810546875 0.1878662109375
0.0203189849853516 -6.67572021484375E-05 0.45654296875 -0.31231689453125
0.0248546600341797 -0.0341567993164063 -0.447509765625 0.285308837890625
0.0354499816894531 0.0075225830078125 -0.4212646484375 -0.167144775390625
0.0261573791503906 -0.01763916015625 0.04010009765625 -0.73724365234375
0.00457954406738281 0.0141324996948242 0.8480224609375 -0.703857421875
-0.0481224060058594 0.0414047241210937 1.225830078125 0.443603515625
-0.0320529937744141 -0.0320720672607422 0.413818359375 1.450927734375
0.0528297424316406 0.00496673583984375 -0.46502685546875 1.081298828125
0.0753250122070312 -0.00556182861328125 0.0277252197265625 0.071533203125
0.0555953979492187 -0.026031494140625 0.36590576171875 -1.08892822265625
0.0179252624511719 -0.0475120544433594 -0.6900634765625 -1.3753662109375
-0.0188522338867188 -0.00717544555664062 -1.279296875 -0.0578613281249998
-0.00800323486328125 0.0102949142456055 -0.51837158203125 0.87188720703125
0.0194358825683594 -0.00704193115234375 0.218505859375 0.7447509765625
0.00220632553100586 -0.00625991821289063 0.55902099609375 0.18499755859375
0.00773906707763672 -0.00512313842773438 0.45098876953125 -0.31524658203125
0.0147209167480469 -0.04168701171875 -0.448638916015625 0.28228759765625
0.0311298370361328 0.00170516967773437 -0.42706298828125 -0.167327880859375
0.0443649291992188 -0.032745361328125 0.0314331054687501 -0.73797607421875
0.0360755920410156 0.00197982788085937 0.8375244140625 -0.71453857421875
-0.023529052734375 0.0436019897460938 1.22998046875 0.4326171875
-0.0297985076904297 -0.0330333709716797 0.43212890625 1.4425048828125
0.0453033447265625 -0.00834274291992187 -0.4517822265625 1.08251953125
0.0715484619140625 -0.0249252319335938 0.0257110595703125 0.0730972290039063
0.0470314025878906 -0.0387725830078125 0.3653564453125 -1.0887451171875
0.0231132507324219 -0.0474472045898438 -0.689208984375 -1.376220703125
0.00626087188720703 -0.0106391906738281 -1.2828369140625 -0.0609130859375002
0.0147943496704102 -0.00848674774169922 -0.52386474609375 0.8751220703125
0.0365142822265625 -0.02081298828125 0.21099853515625 0.74609375
-0.00375843048095703 -0.0137271881103516 0.55340576171875 0.185943603515625
-0.00452327728271484 -0.0111751556396484 0.4490966796875 -0.316436767578125
0.0039520263671875 -0.0510940551757813 -0.451751708984375 0.2816162109375
0.0265254974365234 -0.00554084777832031 -0.441650390625 -0.16595458984375
0.0572967529296875 -0.0467071533203125 0.00396728515625008 -0.7373046875
0.0616607666015625 -0.0103302001953125 0.80804443359375 -0.7337646484375
-0.000480651855468749 0.0463104248046875 1.23046875 0.401123046875
-0.0287570953369141 -0.0306949615478516 0.4652099609375 1.426513671875
0.0372390747070313 -0.0207977294921875 -0.43011474609375 1.0899658203125
0.0671577453613281 -0.0439491271972656 0.0266647338867188 0.0828018188476562
0.0393257141113281 -0.0503196716308594 0.3836669921875 -1.080078125
0.0272865295410156 -0.0480194091796875 -0.6639404296875 -1.3968505859375
0.0290813446044922 -0.0135879516601563 -1.28466796875 -0.0914306640624998
0.0351638793945313 -0.0243415832519531 -0.5523681640625 0.86309814453125
0.0504837036132813 -0.0342140197753906 0.184326171875 0.74884033203125
-0.00783729553222656 -0.0213584899902344 0.540618896484375 0.191864013671875
-0.0154876708984375 -0.0179615020751953 0.444610595703125 -0.31201171875
-0.00408554077148437 -0.0579452514648438 -0.4588623046875 0.281036376953125
0.0209140777587891 -0.0101032257080078 -0.462646484375 -0.1676025390625
0.0655174255371094 -0.058074951171875 -0.03253173828125 -0.73907470703125
0.0789794921875 -0.0184783935546875 0.7725830078125 -0.76025390625
0.0167312622070313 0.0470466613769531 1.237548828125 0.3525390625
-0.0284900665283203 -0.0308685302734375 0.5098876953125 1.400390625
0.0304069519042969 -0.0306568145751953 -0.3973388671875 1.1005859375
0.0632553100585938 -0.0577507019042969 0.0292434692382813 0.0958328247070313
0.0330467224121094 -0.0586509704589844 0.42108154296875 -1.0687255859375
0.0310401916503906 -0.0478782653808594 -0.6134033203125 -1.427001953125
0.0466880798339844 -0.015228271484375 -1.29296875 -0.1439208984375
0.0529098510742188 -0.0339164733886719 -0.5955810546875 0.84423828125
0.0610580444335938 -0.0440864562988281 0.145751953125 0.74957275390625
-0.0103702545166016 -0.0275535583496094 0.5225830078125 0.196624755859375
-0.0247344970703125 -0.0262432098388672 0.439056396484375 -0.31097412109375
-0.00934219360351563 -0.0634498596191406 -0.46600341796875 0.2855224609375
0.0167140960693359 -0.0141668319702148 -0.484222412109375 -0.165679931640625
0.0638275146484375 -0.0648651123046875 -0.076904296875 -0.73876953125
0.0841903686523438 -0.023223876953125 0.7249755859375 -0.78668212890625
0.0262069702148438 0.04608154296875 1.2384033203125 0.2987060546875
-0.0284290313720703 -0.0312519073486328 0.56884765625 1.36767578125
0.0251121520996094 -0.0364875793457031 -0.35357666015625 1.1142578125
0.059783935546875 -0.0642509460449219 0.0369491577148438 0.112899780273437
0.0302200317382812 -0.0633811950683594 0.4593505859375 -1.05523681640625
0.0319633483886719 -0.0477409362792969 -0.5506591796875 -1.46435546875
0.0555648803710938 -0.0127525329589844 -1.295654296875 -0.2042236328125
0.0617332458496094 -0.0358238220214844 -0.6446533203125 0.8216552734375
0.0673904418945313 -0.046356201171875 0.10443115234375 0.748291015625
-0.00946044921875 -0.0328197479248047 0.504364013671875 0.1990966796875
-0.0310688018798828 -0.0322036743164062 0.431396484375 -0.309967041015625
-0.00706863403320313 -0.0653915405273437 -0.472625732421875 0.29107666015625
0.0121622085571289 -0.0141773223876953 -0.507110595703125 -0.1619873046875
0.0557403564453125 -0.0652008056640625 -0.1224365234375 -0.73675537109375
0.076904296875 -0.021728515625 0.67315673828125 -0.8138427734375
0.0259056091308594 0.0470466613769531 1.240478515625 0.23974609375
-0.0284595489501953 -0.0294513702392578 0.629150390625 1.3314208984375
0.0232162475585937 -0.0369377136230469 -0.3089599609375 1.1268310546875
0.0589256286621094 -0.0627174377441406 0.042633056640625 0.130332946777344
0.0298309326171875 -0.0632858276367188 0.50518798828125 -1.038818359375
0.0322036743164063 -0.0477561950683594 -0.4873046875 -1.498046875
0.0532951354980469 -0.0096435546875 -1.3006591796875 -0.2640380859375
0.0601768493652344 -0.031219482421875 -0.6932373046875 0.7979736328125
0.0663909912109375 -0.0431938171386719 0.05877685546875 0.74639892578125
-0.0085601806640625 -0.0337924957275391 0.485870361328125 0.20098876953125
-0.0294990539550781 -0.0373916625976563 0.425689697265625 -0.30755615234375
-0.00137710571289062 -0.06439208984375 -0.477996826171875 0.298431396484375
0.0109825134277344 -0.0126581192016602 -0.525665283203125 -0.161041259765625
0.0434417724609375 -0.05780029296875 -0.16131591796875 -0.73236083984375
0.0624351501464844 -0.0161628723144531 0.63470458984375 -0.8310546875
0.0158309936523438 0.0485458374023438 1.23876953125 0.1905517578125
-0.0317974090576172 -0.0271644592285156 0.6741943359375 1.3023681640625
0.0235767364501953 -0.0333976745605469 -0.2728271484375 1.1356201171875
0.0577201843261719 -0.0539817810058594 0.0484161376953125 0.145004272460938
0.0330810546875 -0.0566329956054688 0.54718017578125 -1.02203369140625
0.0325660705566406 -0.0465736389160156 -0.4237060546875 -1.5242919921875
0.0413360595703125 -0.00757217407226562 -1.295654296875 -0.3197021484375
0.0482673645019531 -0.0200309753417969 -0.73614501953125 0.77362060546875
0.0562820434570313 -0.0356216430664063 0.023193359375 0.7420654296875
-0.00795745849609375 -0.0319538116455078 0.473388671875 0.20068359375
-0.0253486633300781 -0.0382881164550781 0.4193115234375 -0.309295654296875
0.036895751953125 -0.0273895263671875 -0.447052001953125 0.29119873046875
0.0379905700683594 0.01226806640625 -0.423614501953125 -0.16473388671875
0.00527095794677734 -0.00286197662353516 0.02935791015625 -0.74298095703125
-0.0264225006103516 0.0270347595214844 0.8389892578125 -0.71466064453125
-0.0694236755371094 0.0411415100097656 1.232666015625 0.4293212890625
-0.0340862274169922 -0.0305995941162109 0.4351806640625 1.44189453125
0.0603294372558594 0.0171470642089844 -0.45135498046875 1.083740234375
0.0764083862304688 0.0130691528320313 0.0318069458007813 0.0743637084960938
0.0619544982910156 -0.0119667053222656 0.3822021484375 -1.08514404296875
0.0144615173339844 -0.0464630126953125 -0.675537109375 -1.3829345703125
-0.0420608520507813 -0.00260925292968749 -1.281494140625 -0.0699462890625001
-0.0323925018310547 0.0280609130859375 -0.53033447265625 0.86859130859375
0.00478267669677734 0.00822114944458008 0.20770263671875 0.74554443359375
0.00688266754150391 0.00131559371948242 0.558807373046875 0.1861572265625
0.0206203460693359 -0.00134468078613281 0.454986572265625 -0.313140869140625
0.0250816345214844 -0.0356941223144531 -0.445281982421875 0.287109375
0.0365142822265625 0.0068359375 -0.419891357421875 -0.165557861328125
0.0249500274658203 -0.0183181762695313 0.0390014648437499 -0.73602294921875
0.00441551208496094 0.0146369934082031 0.84710693359375 -0.705078125
-0.046142578125 0.0423660278320313 1.22607421875 0.443115234375
-0.0306892395019531 -0.0306987762451172 0.416015625 1.447265625
0.0543022155761719 0.00455093383789063 -0.4620361328125 1.07940673828125
0.0740432739257813 -0.0055084228515625 0.0267486572265625 0.070648193359375
0.0551681518554688 -0.0264053344726563 0.36590576171875 -1.08990478515625
0.0177650451660156 -0.0469779968261719 -0.68994140625 -1.3741455078125
-0.0186252593994141 -0.0074920654296875 -1.278076171875 -0.0566406250000003
-0.00875186920166016 0.0105733871459961 -0.51812744140625 0.87213134765625
0.0201911926269531 -0.00592422485351563 0.21734619140625 0.74505615234375
0.00206375122070313 -0.00564813613891602 0.559295654296875 0.18389892578125
0.0077056884765625 -0.00416326522827148 0.4503173828125 -0.316619873046875
0.0138015747070312 -0.0432090759277344 -0.44482421875 0.28521728515625
0.0323562622070313 0.00105857849121094 -0.426666259765625 -0.1646728515625
0.0442733764648438 -0.0331649780273438 0.02783203125 -0.73828125
0.0355606079101563 0.00243759155273438 0.83563232421875 -0.71514892578125
-0.0220603942871094 0.0438919067382813 1.2279052734375 0.430908203125
-0.0288124084472656 -0.0317230224609375 0.435302734375 1.4410400390625
0.0465812683105469 -0.00904083251953125 -0.4522705078125 1.08221435546875
0.0690574645996094 -0.0262184143066406 0.025390625 0.0731201171875
0.04644775390625 -0.0399894714355469 0.36175537109375 -1.0867919921875
0.0222282409667969 -0.0476875305175781 -0.6905517578125 -1.373046875
0.00713253021240234 -0.0111675262451172 -1.2811279296875 -0.0625
0.0135812759399414 -0.00796127319335938 -0.52313232421875 0.87286376953125
0.0366859436035156 -0.0219841003417969 0.21124267578125 0.7435302734375
-0.00458145141601563 -0.0134716033935547 0.554046630859375 0.18414306640625
-0.00365638732910156 -0.0103178024291992 0.447784423828125 -0.315887451171875
0.00370407104492187 -0.0512161254882813 -0.450897216796875 0.283538818359375
0.0270824432373047 -0.00561141967773437 -0.4405517578125 -0.164794921875
0.0574417114257813 -0.04779052734375 0.00103759765624997 -0.7362060546875
0.0612907409667969 -0.00938034057617188 0.80682373046875 -0.73431396484375
0.000236511230468754 0.04534912109375 1.2315673828125 0.4000244140625
-0.0269756317138672 -0.0314655303955078 0.46484375 1.4251708984375
0.0388259887695313 -0.0220565795898438 -0.4267578125 1.08782958984375
0.06658935546875 -0.0437545776367187 0.0268402099609375 0.082305908203125
0.0383453369140625 -0.05059814453125 0.38128662109375 -1.07879638671875
0.0264892578125 -0.0484046936035156 -0.6649169921875 -1.39453125
0.0293483734130859 -0.0153217315673828 -1.283935546875 -0.0933837890624998
0.0352249145507813 -0.0246772766113281 -0.55352783203125 0.8634033203125
0.0515060424804688 -0.0344696044921875 0.18408203125 0.74603271484375
-0.00886154174804688 -0.021453857421875 0.54107666015625 0.189453125
-0.0161228179931641 -0.017791748046875 0.44329833984375 -0.31451416015625
-0.00453948974609374 -0.0594100952148438 -0.456268310546875 0.28338623046875
0.0212326049804688 -0.0107879638671875 -0.460540771484375 -0.165069580078125
0.064239501953125 -0.0581779479980469 -0.03448486328125 -0.7376708984375
0.0784988403320313 -0.0185165405273438 0.77008056640625 -0.75946044921875
0.0178108215332031 0.0464248657226563 1.2376708984375 0.349853515625
-0.0262813568115234 -0.0303230285644531 0.5140380859375 1.3975830078125
0.0312614440917969 -0.0316581726074219 -0.39569091796875 1.10064697265625
0.0621910095214844 -0.0575942993164063 0.0299758911132813 0.09600830078125
0.0335960388183594 -0.0595550537109375 0.4189453125 -1.068115234375
0.0301589965820313 -0.0483055114746094 -0.6136474609375 -1.427734375
0.0459442138671875 -0.0140533447265625 -1.29248046875 -0.1431884765625
0.0514793395996094 -0.0337448120117188 -0.5938720703125 0.8453369140625
0.0619659423828125 -0.0438766479492188 0.14715576171875 0.7489013671875
-0.0102481842041016 -0.0273380279541016 0.52398681640625 0.19281005859375
-0.0243682861328125 -0.0268230438232422 0.4378662109375 -0.313323974609375
-0.00868988037109376 -0.0641593933105469 -0.46380615234375 0.286468505859375
0.0175132751464844 -0.0140438079833984 -0.48284912109375 -0.164276123046875
0.0630569458007813 -0.0639572143554688 -0.0783081054687501 -0.73651123046875
0.0840835571289063 -0.02294921875 0.72357177734375 -0.78607177734375
0.0274467468261719 0.0458602905273438 1.2386474609375 0.296630859375
-0.0267009735107422 -0.0305290222167969 0.56640625 1.3665771484375
0.0252532958984375 -0.0372161865234375 -0.35064697265625 1.1138916015625
0.0601463317871094 -0.0638504028320313 0.0354232788085938 0.1124267578125
0.0299530029296875 -0.0638504028320313 0.4599609375 -1.0533447265625
0.0317955017089844 -0.0473594665527344 -0.55078125 -1.4622802734375
0.0543060302734375 -0.0124168395996094 -1.2955322265625 -0.2017822265625
0.0615158081054688 -0.0355072021484375 -0.64324951171875 0.82452392578125
0.0676155090332031 -0.0461502075195313 0.103759765625 0.74737548828125
-0.00959014892578125 -0.0322227478027344 0.504302978515625 0.196014404296875
-0.0288600921630859 -0.0318603515625 0.4298095703125 -0.31072998046875
-0.0068817138671875 -0.0668144226074219 -0.470428466796875 0.293243408203125
0.0128593444824219 -0.0142707824707031 -0.506072998046875 -0.160247802734375
0.0545158386230469 -0.0647544860839844 -0.123779296875 -0.73516845703125
0.077484130859375 -0.0231857299804687 0.6719970703125 -0.8131103515625
0.0265007019042969 0.0469322204589844 1.23828125 0.236328125
-0.0281791687011719 -0.0285873413085938 0.628173828125 1.32958984375
0.0227279663085937 -0.037750244140625 -0.3062744140625 1.1248779296875
0.0573043823242188 -0.062103271484375 0.0423126220703125 0.130104064941406
0.0300064086914062 -0.0624046325683594 0.50311279296875 -1.0360107421875
0.0328598022460938 -0.0470504760742188 -0.486572265625 -1.4945068359375
0.052734375 -0.0087738037109375 -1.3001708984375 -0.26416015625
0.0597343444824219 -0.0304527282714844 -0.69293212890625 0.79779052734375
0.0665206909179688 -0.044342041015625 0.05816650390625 0.74725341796875
-0.00967025756835938 -0.0335731506347656 0.4874267578125 0.19879150390625
-0.028533935546875 -0.0372352600097656 0.4249267578125 -0.30865478515625
-0.000663757324218746 -0.0648460388183594 -0.47528076171875 0.3011474609375
0.0120506286621094 -0.0126800537109375 -0.522979736328125 -0.157135009765625
0.0436935424804688 -0.0577774047851563 -0.16265869140625 -0.73309326171875
0.0620002746582031 -0.0161590576171875 0.6317138671875 -0.83099365234375
0.01715087890625 0.0473060607910156 1.2359619140625 0.1884765625
-0.0316658020019531 -0.0276222229003906 0.6741943359375 1.300537109375
0.0244255065917969 -0.0330867767333984 -0.2705078125 1.1339111328125
0.057159423828125 -0.0548057556152344 0.048004150390625 0.144989013671875
0.0326423645019531 -0.0568962097167969 0.5458984375 -1.0206298828125
0.0311851501464844 -0.04730224609375 -0.423583984375 -1.5177001953125
0.0425796508789063 -0.00736618041992187 -1.2947998046875 -0.3170166015625
0.0478591918945313 -0.0206756591796875 -0.73199462890625 0.7723388671875
0.0576820373535156 -0.0352973937988281 0.0205078125 0.74053955078125
-0.00710678100585937 -0.0323085784912109 0.472076416015625 0.198577880859375
-0.0244293212890625 -0.0381431579589844 0.419769287109375 -0.309417724609375
0.0380592346191406 -0.0286178588867188 -0.447174072265625 0.295562744140625
0.0393753051757813 0.0115165710449219 -0.4212646484375 -0.163787841796875
0.00510835647583008 -0.00275754928588867 0.02679443359375 -0.74346923828125
-0.0271244049072266 0.0271282196044922 0.8382568359375 -0.71600341796875
-0.0676345825195313 0.0422210693359375 1.232666015625 0.4298095703125
-0.0327682495117188 -0.0307254791259766 0.436279296875 1.4422607421875
0.0608100891113281 0.015228271484375 -0.45196533203125 1.08538818359375
0.076141357421875 0.013397216796875 0.0324172973632813 0.0745162963867188
0.0627288818359375 -0.0131988525390625 0.3822021484375 -1.08538818359375
0.0153274536132812 -0.0449638366699219 -0.6748046875 -1.3812255859375
-0.0436859130859375 -0.00285720825195312 -1.2828369140625 -0.06982421875
-0.0325870513916016 0.0298023223876953 -0.53082275390625 0.87091064453125
0.00542926788330078 0.00652170181274414 0.209716796875 0.74566650390625
0.0048065185546875 0.000348567962646484 0.5599365234375 0.184600830078125
0.0207290649414063 -0.000459671020507813 0.45367431640625 -0.314178466796875
0.0252914428710938 -0.036102294921875 -0.442291259765625 0.290802001953125
0.0372772216796875 0.007080078125 -0.4195556640625 -0.16412353515625
0.0249099731445313 -0.0172615051269531 0.0356445312500001 -0.73651123046875
0.00436592102050781 0.0151863098144531 0.846923828125 -0.70660400390625
-0.0445060729980469 0.0421791076660156 1.2276611328125 0.444580078125
-0.0284004211425781 -0.0308036804199219 0.4171142578125 1.45068359375
0.0549964904785156 0.00510025024414063 -0.46368408203125 1.07958984375
0.0729598999023438 -0.0050811767578125 0.027374267578125 0.0708160400390625
0.0542564392089844 -0.0251693725585938 0.364990234375 -1.0863037109375
0.0180778503417969 -0.0476303100585937 -0.69091796875 -1.3743896484375
-0.0192546844482422 -0.00646781921386719 -1.2799072265625 -0.0563964843749998
-0.00876808166503906 0.0105400085449219 -0.51824951171875 0.8736572265625
0.0211124420166016 -0.00622749328613281 0.21734619140625 0.74462890625
0.00154304504394531 -0.00605154037475586 0.559051513671875 0.181915283203125
0.00796318054199219 -0.00519323348999024 0.4488525390625 -0.318389892578125
0.0132980346679688 -0.0431976318359375 -0.445037841796875 0.287384033203125
0.0331230163574219 0.000619888305664063 -0.4266357421875 -0.163177490234375
0.0421943664550781 -0.0322723388671875 0.02783203125 -0.73883056640625
0.0348262786865234 0.00233840942382812 0.8355712890625 -0.71649169921875
-0.0214805603027344 0.0443572998046875 1.2308349609375 0.4290771484375
-0.0270004272460938 -0.0330219268798828 0.432373046875 1.44482421875
0.0467338562011719 -0.0100631713867188 -0.4521484375 1.08270263671875
0.0684814453125 -0.0253181457519531 0.0253143310546875 0.0736312866210938
0.0464706420898437 -0.0394515991210938 0.36395263671875 -1.08782958984375
0.0220108032226563 -0.0484466552734375 -0.6884765625 -1.37548828125
0.00540542602539063 -0.0111064910888672 -1.283447265625 -0.0621337890625001
0.0142536163330078 -0.00792694091796875 -0.52227783203125 0.873779296875
0.0353279113769531 -0.0217628479003906 0.21185302734375 0.7462158203125
-0.00388717651367188 -0.0125293731689453 0.554931640625 0.18231201171875
-0.00499248504638672 -0.0108871459960938 0.446563720703125 -0.317535400390625
0.00299835205078125 -0.0527801513671875 -0.448150634765625 0.28558349609375
0.0278835296630859 -0.00586318969726563 -0.439208984375 -0.162200927734375
0.0564346313476563 -0.0467491149902344 -0.000305175781249946 -0.7359619140625
0.0604667663574219 -0.00971221923828125 0.8079833984375 -0.73431396484375
0.00243759155273437 0.0454940795898438 1.2337646484375 0.3961181640625
-0.0261287689208984 -0.0303478240966797 0.4654541015625 1.4266357421875
0.0388526916503906 -0.0224075317382813 -0.42669677734375 1.08837890625
0.0652885437011719 -0.0438919067382813 0.026824951171875 0.0829010009765625
0.0377159118652344 -0.0496368408203125 0.382568359375 -1.07806396484375
0.0265312194824219 -0.0490608215332031 -0.6656494140625 -1.39599609375
0.0295944213867187 -0.0143966674804687 -1.2872314453125 -0.0922851562499998
0.0362396240234375 -0.0239486694335938 -0.55084228515625 0.86260986328125
0.05120849609375 -0.0355758666992188 0.18280029296875 0.74615478515625
-0.00768852233886719 -0.0199985504150391 0.5438232421875 0.188018798828125
-0.0157032012939453 -0.0177860260009766 0.4434814453125 -0.314666748046875
-0.0046234130859375 -0.0604171752929688 -0.456146240234375 0.2857666015625
0.0220909118652344 -0.0108547210693359 -0.46240234375 -0.16265869140625
0.06463623046875 -0.0580825805664063 -0.0353393554687499 -0.73736572265625
0.0785903930664063 -0.0182876586914063 0.77215576171875 -0.7587890625
0.0187187194824219 0.0460319519042969 1.2392578125 0.35107421875
-0.0264034271240234 -0.03179931640625 0.5111083984375 1.400634765625
0.0326633453369141 -0.0324230194091797 -0.3961181640625 1.10162353515625
0.0611000061035156 -0.0573806762695312 0.0290069580078125 0.0962677001953125
0.0322494506835938 -0.0604515075683594 0.4188232421875 -1.06500244140625
0.029571533203125 -0.04779052734375 -0.6129150390625 -1.427490234375
0.04595947265625 -0.0154762268066406 -1.29345703125 -0.1412353515625
0.0512924194335938 -0.033935546875 -0.59539794921875 0.84527587890625
0.0615882873535156 -0.043060302734375 0.14727783203125 0.74951171875
-0.00988578796386719 -0.0272006988525391 0.525421142578125 0.192108154296875
-0.0242424011230469 -0.0259380340576172 0.438751220703125 -0.31414794921875
-0.00806427001953124 -0.0649871826171875 -0.462127685546875 0.2891845703125
0.0180740356445313 -0.0150947570800781 -0.48272705078125 -0.162872314453125
0.0623283386230469 -0.0650787353515625 -0.08160400390625 -0.73773193359375
0.0833663940429688 -0.0234909057617188 0.7235107421875 -0.78643798828125
0.0287857055664063 0.0462150573730469 1.2388916015625 0.2950439453125
-0.0256175994873047 -0.0312385559082031 0.5709228515625 1.3660888671875
0.025360107421875 -0.0383567810058594 -0.35235595703125 1.11541748046875
0.0580101013183594 -0.0645675659179688 0.0350265502929688 0.112380981445313
0.0281181335449219 -0.0633277893066406 0.45953369140625 -1.05206298828125
0.031341552734375 -0.0478057861328125 -0.5491943359375 -1.463134765625
0.0535163879394531 -0.0131416320800781 -1.2958984375 -0.2020263671875
0.0609397888183594 -0.0350418090820313 -0.64154052734375 0.8232421875
0.0678939819335938 -0.0471839904785156 0.10491943359375 0.7474365234375
-0.00974655151367187 -0.0311412811279297 0.504241943359375 0.19580078125
-0.0296611785888672 -0.0316486358642578 0.428558349609375 -0.311859130859375
-0.0070648193359375 -0.0671348571777344 -0.470184326171875 0.29541015625
0.0141534805297852 -0.0152854919433594 -0.50482177734375 -0.158538818359375
0.0545005798339844 -0.0634384155273438 -0.1263427734375 -0.73431396484375
0.0764617919921875 -0.0240478515625 0.67181396484375 -0.8153076171875
0.0278778076171875 0.0461807250976563 1.240966796875 0.23486328125
-0.0268020629882813 -0.0298595428466797 0.6297607421875 1.3310546875
0.0228080749511719 -0.0382003784179687 -0.3046875 1.1259765625
0.0558319091796875 -0.0625762939453125 0.0420684814453125 0.130966186523438
0.0295906066894531 -0.0630264282226563 0.505126953125 -1.03607177734375
0.0309181213378906 -0.0469169616699219 -0.4864501953125 -1.4954833984375
0.0524864196777344 -0.00934982299804688 -1.2999267578125 -0.263671875
0.0602836608886719 -0.0308647155761719 -0.69085693359375 0.79937744140625
0.066741943359375 -0.044586181640625 0.05767822265625 0.7469482421875
-0.00956153869628907 -0.0324840545654297 0.488922119140625 0.1959228515625
-0.0301666259765625 -0.0364761352539063 0.425384521484375 -0.3096923828125
-0.001312255859375 -0.0670433044433594 -0.473968505859375 0.304718017578125
0.0143842697143555 -0.01251220703125 -0.52435302734375 -0.1541748046875
0.0434837341308594 -0.0584526062011719 -0.16424560546875 -0.73199462890625
0.0618057250976563 -0.0149574279785156 0.63067626953125 -0.83135986328125
0.0170440673828125 0.0487785339355469 1.23779296875 0.18896484375
-0.0287914276123047 -0.0288219451904297 0.6739501953125 1.3016357421875
0.0239715576171875 -0.0343475341796875 -0.27001953125 1.1346435546875
0.0570907592773438 -0.0544891357421875 0.0486297607421875 0.145370483398438
0.0335693359375 -0.0570030212402344 0.54718017578125 -1.0196533203125
0.03173828125 -0.0468101501464844 -0.4234619140625 -1.5244140625
0.0413970947265625 -0.00835800170898438 -1.294921875 -0.3182373046875
0.0490760803222656 -0.0207481384277344 -0.73468017578125 0.77276611328125
0.058441162109375 -0.0370063781738281 0.02337646484375 0.7415771484375
-0.00734710693359375 -0.0312042236328125 0.474822998046875 0.197052001953125
-0.0245857238769531 -0.0374641418457031 0.42047119140625 -0.310302734375
0.0380134582519531 -0.0310859680175781 -0.4456787109375 0.29840087890625
0.0398826599121094 0.0115928649902344 -0.4237060546875 -0.161956787109375
0.00388646125793457 -0.0019526481628418 0.0280151367187501 -0.7420654296875
-0.0271549224853516 0.0273571014404297 0.8367919921875 -0.71844482421875
-0.0666542053222656 0.0420646667480469 1.235107421875 0.4288330078125
-0.0306606292724609 -0.0314159393310547 0.4346923828125 1.447998046875
0.0624122619628906 0.0163764953613281 -0.45172119140625 1.08612060546875
0.076080322265625 0.0135726928710937 0.0315780639648438 0.075225830078125
0.0634040832519531 -0.0131072998046875 0.3831787109375 -1.0830078125
0.0146903991699219 -0.0455551147460938 -0.67724609375 -1.384033203125
-0.0427360534667969 -0.00277709960937499 -1.283203125 -0.0704345703124998
-0.0328540802001953 0.0286598205566406 -0.52972412109375 0.87127685546875
0.00538969039916992 0.00736522674560547 0.209716796875 0.74700927734375
0.00628042221069336 0.00135564804077148 0.561431884765625 0.183258056640625
0.0210056304931641 -0.000833511352539063 0.453857421875 -0.314697265625
0.025482177734375 -0.037078857421875 -0.442901611328125 0.29290771484375
0.0376853942871094 0.00645828247070313 -0.42047119140625 -0.162322998046875
0.0230731964111328 -0.01641845703125 0.0358886718749999 -0.73883056640625
0.00348281860351562 0.0148019790649414 0.84588623046875 -0.70556640625
-0.0437240600585938 0.0429534912109375 1.229248046875 0.44287109375
-0.0275325775146484 -0.0320930480957031 0.4163818359375 1.453125
0.0551261901855469 0.0034027099609375 -0.46490478515625 1.0811767578125
0.0731430053710938 -0.0052947998046875 0.0269317626953125 0.0713653564453125
0.0540504455566406 -0.0256843566894531 0.36590576171875 -1.08819580078125
0.0176887512207031 -0.0468597412109375 -0.689697265625 -1.3748779296875
-0.0186519622802734 -0.00761032104492187 -1.2813720703125 -0.05712890625
-0.00827598571777344 0.0102195739746094 -0.517333984375 0.87493896484375
0.0211963653564453 -0.00688934326171875 0.21820068359375 0.744384765625
0.00211143493652344 -0.00521707534790039 0.56085205078125 0.180877685546875
0.0086212158203125 -0.00325918197631836 0.4501953125 -0.31884765625
0.0149269104003906 -0.0449028015136719 -0.444366455078125 0.289154052734375
0.0337486267089844 0.000398635864257813 -0.4249267578125 -0.1614990234375
0.0432586669921875 -0.0333137512207031 0.02484130859375 -0.73651123046875
0.0348300933837891 0.00235366821289062 0.83636474609375 -0.7171630859375
-0.0194778442382813 0.0444602966308594 1.231201171875 0.430419921875
-0.0267086029052734 -0.0324020385742188 0.433837890625 1.4454345703125
0.0472564697265625 -0.0106353759765625 -0.45159912109375 1.0841064453125
0.0683212280273437 -0.0261192321777344 0.0248031616210937 0.0740432739257813
0.0456199645996094 -0.0400962829589844 0.364501953125 -1.08551025390625
0.0224800109863281 -0.0477371215820313 -0.6905517578125 -1.3770751953125
0.00599384307861328 -0.011561393737793 -1.282958984375 -0.0626220703124999
0.013972282409668 -0.00865077972412109 -0.52325439453125 0.875
0.0369186401367188 -0.0220527648925781 0.21136474609375 0.74737548828125
-0.00393962860107422 -0.0117053985595703 0.557586669921875 0.18060302734375
-0.003387451171875 -0.0109272003173828 0.44744873046875 -0.319732666015625
0.00396728515625 -0.0536651611328125 -0.448455810546875 0.2890625
0.0285720825195313 -0.00578498840332031 -0.439178466796875 -0.159271240234375
0.0558853149414063 -0.0475349426269531 -0.00183105468749998 -0.73876953125
0.0611610412597656 -0.0108108520507813 0.8099365234375 -0.73687744140625
0.00305938720703125 0.0455360412597656 1.2344970703125 0.395263671875
-0.0249996185302734 -0.0318393707275391 0.46630859375 1.42724609375
0.0388145446777344 -0.0230484008789063 -0.42724609375 1.09027099609375
0.0646018981933594 -0.0437202453613281 0.0258560180664063 0.0828018188476563
0.0385856628417969 -0.0515174865722656 0.38397216796875 -1.07745361328125
0.0275382995605469 -0.0481910705566406 -0.6649169921875 -1.3978271484375
0.0296363830566406 -0.0147285461425781 -1.2891845703125 -0.0908203124999998
0.0345115661621094 -0.0242595672607422 -0.551513671875 0.8651123046875
0.0510902404785156 -0.0347366333007813 0.18548583984375 0.7479248046875
-0.00769996643066406 -0.0196342468261719 0.5443115234375 0.1846923828125
-0.0148143768310547 -0.0181179046630859 0.441864013671875 -0.317596435546875
-0.0044403076171875 -0.06146240234375 -0.45501708984375 0.2886962890625
0.0239181518554688 -0.0111217498779297 -0.4603271484375 -0.161407470703125
0.0622825622558594 -0.0588912963867187 -0.036865234375 -0.73748779296875
0.0776138305664063 -0.0182342529296875 0.76922607421875 -0.76202392578125
0.0196990966796875 0.0469551086425781 1.2403564453125 0.350830078125
-0.0242576599121094 -0.0315723419189453 0.513671875 1.4013671875
0.0322475433349609 -0.0330543518066406 -0.3983154296875 1.10205078125
0.0601234436035156 -0.0565452575683594 0.0292587280273437 0.0971832275390625
0.0322380065917969 -0.0598869323730469 0.4193115234375 -1.066650390625
0.0293769836425781 -0.047454833984375 -0.6148681640625 -1.4290771484375
0.0454826354980469 -0.0151710510253906 -1.295166015625 -0.1439208984375
0.0524368286132813 -0.035003662109375 -0.5938720703125 0.84613037109375
0.0621566772460938 -0.0429115295410156 0.14776611328125 0.7503662109375
-0.0103034973144531 -0.0261039733886719 0.525665283203125 0.1900634765625
-0.0234718322753906 -0.0253944396972656 0.437469482421875 -0.315887451171875
-0.00868988037109375 -0.0667533874511719 -0.4610595703125 0.29156494140625
0.0197429656982422 -0.0141201019287109 -0.482330322265625 -0.159881591796875
0.0615921020507813 -0.0647048950195313 -0.0830078125 -0.7373046875
0.0845413208007812 -0.0244522094726562 0.723876953125 -0.78662109375
0.0279273986816406 0.045928955078125 1.2423095703125 0.2939453125
-0.0247249603271484 -0.0311717987060547 0.570068359375 1.369140625
0.0268745422363281 -0.0388526916503906 -0.35186767578125 1.11474609375
0.0579414367675781 -0.0641326904296875 0.0356369018554688 0.113380432128906
0.0290565490722656 -0.0638961791992188 0.46142578125 -1.05120849609375
0.03155517578125 -0.0481224060058594 -0.55322265625 -1.4652099609375
0.054168701171875 -0.0132331848144531 -1.30029296875 -0.201171875
0.0607337951660156 -0.03656005859375 -0.64483642578125 0.82568359375
0.0683212280273438 -0.0465469360351563 0.10540771484375 0.74908447265625
-0.0105419158935547 -0.0309257507324219 0.50506591796875 0.193603515625
-0.0291671752929688 -0.0319232940673828 0.4298095703125 -0.313812255859375
-0.00716781616210937 -0.0685234069824219 -0.46832275390625 0.297210693359375
0.0146350860595703 -0.0147562026977539 -0.5054931640625 -0.15582275390625
0.0538253784179688 -0.0647468566894531 -0.1279296875 -0.73699951171875
0.076904296875 -0.0225677490234375 0.67144775390625 -0.81683349609375
0.0292167663574219 0.0470199584960938 1.2398681640625 0.233154296875
-0.0255985260009766 -0.0301475524902344 0.6297607421875 1.33203125
0.0237960815429688 -0.039215087890625 -0.3065185546875 1.1285400390625
0.0548439025878906 -0.0623321533203125 0.0414199829101563 0.130714416503906
0.0284500122070312 -0.0635261535644531 0.50604248046875 -1.0380859375
0.0311546325683594 -0.0468292236328125 -0.4876708984375 -1.4976806640625
0.0528678894042969 -0.0103874206542969 -1.3028564453125 -0.263427734375
0.0588607788085938 -0.0312538146972656 -0.69329833984375 0.79931640625
0.0670089721679688 -0.0453338623046875 0.0621337890625001 0.748779296875
-0.00971221923828125 -0.0315914154052734 0.488433837890625 0.195556640625
-0.0291671752929688 -0.0364341735839844 0.42535400390625 -0.311431884765625
-0.00151824951171874 -0.0681648254394531 -0.47430419921875 0.306640625
0.01458740234375 -0.0121898651123047 -0.52410888671875 -0.152587890625
0.0416946411132812 -0.0583648681640625 -0.1651611328125 -0.73272705078125
0.060516357421875 -0.0158233642578125 0.6298828125 -0.83392333984375
0.0196723937988281 0.0475234985351563 1.2388916015625 0.188720703125
-0.0292015075683594 -0.0282154083251953 0.677490234375 1.3023681640625
0.0244483947753906 -0.0354385375976563 -0.2694091796875 1.1365966796875
0.0548171997070313 -0.0538749694824219 0.049072265625 0.145156860351563
0.0320663452148438 -0.0568733215332031 0.55108642578125 -1.01995849609375
0.0305976867675781 -0.0470848083496094 -0.42724609375 -1.5250244140625
0.0408210754394531 -0.00785446166992188 -1.299072265625 -0.31787109375
0.0479393005371094 -0.0215606689453125 -0.73468017578125 0.7750244140625
0.0586624145507813 -0.0371665954589844 0.0236206054687499 0.7435302734375
-0.00783920288085937 -0.0305957794189453 0.47491455078125 0.19464111328125
-0.0246047973632813 -0.0378265380859375 0.419769287109375 -0.311981201171875
0.0381698608398437 -0.0312385559082031 -0.445526123046875 0.301239013671875
0.0409507751464844 0.0127716064453125 -0.42401123046875 -0.16119384765625
0.0042414665222168 -0.00147581100463867 0.02313232421875 -0.7440185546875
-0.0259761810302734 0.0277309417724609 0.83831787109375 -0.72125244140625
-0.0653305053710938 0.0420951843261719 1.2388916015625 0.425537109375
-0.0293750762939453 -0.0317363739013672 0.4376220703125 1.4486083984375
0.061859130859375 0.015533447265625 -0.4510498046875 1.09014892578125
0.0760955810546875 0.0137863159179688 0.0315093994140625 0.07513427734375
0.0628738403320313 -0.0131149291992188 0.38336181640625 -1.08795166015625
0.0145187377929688 -0.0450401306152344 -0.6787109375 -1.38818359375
-0.0434646606445313 -0.00202560424804687 -1.2886962890625 -0.0687255859374998
-0.0320072174072266 0.0278663635253906 -0.53143310546875 0.87322998046875
0.00557279586791992 0.00665569305419922 0.21221923828125 0.74835205078125
0.00576496124267578 0.00207853317260742 0.564453125 0.181640625
0.0219230651855469 -7.62939453125E-05 0.45318603515625 -0.317291259765625
0.0263633728027344 -0.0383834838867188 -0.443206787109375 0.295989990234375
0.0400009155273438 0.006378173828125 -0.42095947265625 -0.16033935546875
0.0227508544921875 -0.0161857604980469 0.03363037109375 -0.7388916015625
0.00340652465820312 0.0152769088745117 0.8492431640625 -0.70977783203125
-0.0427436828613281 0.04248046875 1.2332763671875 0.4437255859375
-0.0265865325927734 -0.0334281921386719 0.416015625 1.4581298828125
0.055999755859375 0.00304794311523437 -0.4642333984375 1.0853271484375
0.072235107421875 -0.0047760009765625 0.0270309448242188 0.0718841552734375
0.0550193786621094 -0.0257644653320313 0.3653564453125 -1.092041015625
0.0178604125976562 -0.0468406677246094 -0.695068359375 -1.3778076171875
-0.0196399688720703 -0.00726509094238281 -1.2861328125 -0.0560302734374998
-0.00908851623535156 0.0107030868530273 -0.518798828125 0.87884521484375
0.02191162109375 -0.00759506225585938 0.2193603515625 0.7474365234375
0.00182080268859863 -0.0041813850402832 0.56500244140625 0.177490234375
0.00904941558837891 -0.00461959838867187 0.4505615234375 -0.320037841796875
0.0145339965820313 -0.0460891723632813 -0.444671630859375 0.293853759765625
0.0354881286621094 0.0003662109375 -0.426116943359375 -0.15985107421875
0.0416030883789063 -0.0326423645019531 0.0226440429687499 -0.73956298828125
0.0341587066650391 0.0022735595703125 0.83612060546875 -0.721923828125
-0.0184059143066406 0.0442276000976563 1.23583984375 0.4290771484375
-0.0243511199951172 -0.0327587127685547 0.4354248046875 1.4490966796875
0.0470161437988281 -0.0107803344726563 -0.45367431640625 1.08770751953125
0.0680770874023438 -0.0261650085449219 0.0241241455078125 0.0752487182617188
0.0459442138671875 -0.0399856567382813 0.36578369140625 -1.087890625
0.0224380493164063 -0.0483741760253906 -0.6943359375 -1.3814697265625
0.00551700592041016 -0.0113735198974609 -1.289794921875 -0.0583496093750001
0.0143203735351563 -0.00971508026123047 -0.52410888671875 0.8758544921875
0.0372772216796875 -0.0222969055175781 0.2137451171875 0.74859619140625
-0.00324630737304687 -0.0122127532958984 0.55841064453125 0.17852783203125
-0.00356483459472656 -0.0107345581054688 0.447998046875 -0.321136474609375
0.00426864624023437 -0.0548248291015625 -0.4471435546875 0.29083251953125
0.0301017761230469 -0.00746917724609375 -0.4407958984375 -0.1600341796875
0.0556221008300781 -0.0470085144042969 -0.00341796875000008 -0.7376708984375
0.0602912902832031 -0.00997543334960938 0.808349609375 -0.740966796875
0.00355148315429687 0.045074462890625 1.23974609375 0.39794921875
-0.0233116149902344 -0.0322189331054688 0.46630859375 1.43115234375
0.0392532348632813 -0.0235671997070312 -0.42779541015625 1.093994140625
0.0638885498046875 -0.0441970825195313 0.02593994140625 0.0838165283203125
0.0376358032226563 -0.0520439147949219 0.3836669921875 -1.081787109375
0.0260734558105469 -0.0478515625 -0.66796875 -1.3985595703125
0.0300235748291016 -0.0152721405029297 -1.290771484375 -0.0897216796874999
0.0357856750488281 -0.0248870849609375 -0.55279541015625 0.86700439453125
0.0517120361328125 -0.0357933044433594 0.18670654296875 0.74957275390625
-0.00813484191894531 -0.0199165344238281 0.54827880859375 0.18377685546875
-0.0144138336181641 -0.0178813934326172 0.443817138671875 -0.31939697265625
-0.00313949584960937 -0.0625228881835938 -0.454315185546875 0.29205322265625
0.0254440307617188 -0.011444091796875 -0.463165283203125 -0.1585693359375
0.062225341796875 -0.058319091796875 -0.0396728515625001 -0.7391357421875
0.0775222778320313 -0.0188522338867188 0.772216796875 -0.76495361328125
0.0223579406738281 0.0460166931152344 1.2445068359375 0.3487548828125
-0.0232830047607422 -0.0316715240478516 0.5152587890625 1.40576171875
0.031890869140625 -0.0338592529296875 -0.3966064453125 1.1058349609375
0.0595512390136719 -0.057647705078125 0.0289306640625 0.0982589721679687
0.0311164855957031 -0.059295654296875 0.42193603515625 -1.070068359375
0.0295181274414062 -0.0482902526855469 -0.6177978515625 -1.43017578125
0.0460205078125 -0.0155868530273437 -1.30126953125 -0.14111328125
0.0516624450683594 -0.034271240234375 -0.59613037109375 0.84954833984375
0.0627822875976563 -0.044769287109375 0.1483154296875 0.7532958984375
-0.0104637145996094 -0.025543212890625 0.528778076171875 0.187896728515625
-0.0234375 -0.0257415771484375 0.438140869140625 -0.316375732421875
-0.00902175903320313 -0.067718505859375 -0.46185302734375 0.2950439453125
0.0208377838134766 -0.0147190093994141 -0.483367919921875 -0.15789794921875
0.0603256225585938 -0.0646629333496094 -0.0839843749999999 -0.7391357421875
0.0827102661132813 -0.0236663818359375 0.723876953125 -0.79345703125
0.0312042236328125 0.0454940795898438 1.2454833984375 0.2957763671875
-0.0236339569091797 -0.0320453643798828 0.5712890625 1.3719482421875
0.0269279479980469 -0.03948974609375 -0.350830078125 1.11822509765625
0.0565185546875 -0.0631790161132813 0.0351638793945312 0.114784240722656
0.0271835327148438 -0.0646171569824219 0.46209716796875 -1.05523681640625
0.0309944152832031 -0.0483169555664063 -0.55615234375 -1.467529296875
0.0535049438476562 -0.0141334533691406 -1.3031005859375 -0.203369140625
0.0615158081054687 -0.0371627807617187 -0.64324951171875 0.82763671875
0.069122314453125 -0.0476799011230469 0.1051025390625 0.75103759765625
-0.0105915069580078 -0.0299930572509766 0.509490966796875 0.1907958984375
-0.0295257568359375 -0.0319633483886719 0.431488037109375 -0.316192626953125
-0.00611877441406251 -0.0697822570800781 -0.469329833984375 0.30108642578125
0.0167741775512695 -0.0153093338012695 -0.504974365234375 -0.15338134765625
0.0540313720703125 -0.0649986267089844 -0.12969970703125 -0.73687744140625
0.0770645141601563 -0.0228652954101563 0.67205810546875 -0.81988525390625
0.0311622619628906 0.0467491149902344 1.2445068359375 0.234130859375
-0.0242099761962891 -0.0310344696044922 0.6329345703125 1.335205078125
0.0246467590332031 -0.0402297973632812 -0.3076171875 1.1324462890625
0.0547065734863281 -0.0619468688964844 0.0419387817382813 0.131546020507813
0.0293807983398438 -0.0625419616699219 0.507568359375 -1.03851318359375
0.0320701599121094 -0.0472183227539063 -0.4891357421875 -1.5009765625
0.0520896911621094 -0.010894775390625 -1.3065185546875 -0.2664794921875
0.0600166320800781 -0.0318412780761719 -0.69122314453125 0.801513671875
0.0680770874023437 -0.0453414916992188 0.06011962890625 0.75042724609375
-0.0102367401123047 -0.0317802429199219 0.4921875 0.19451904296875
-0.0291328430175781 -0.0363121032714844 0.426361083984375 -0.3140869140625
-0.00122833251953124 -0.0698204040527344 -0.47296142578125 0.3089599609375
0.0160379409790039 -0.0133934020996094 -0.525848388671875 -0.150970458984375
0.0407218933105469 -0.0574951171875 -0.1676025390625 -0.73284912109375
0.0615501403808594 -0.0161018371582031 0.6304931640625 -0.8370361328125
0.021270751953125 0.0476951599121094 1.2423095703125 0.1861572265625
-0.0270729064941406 -0.0286655426025391 0.6798095703125 1.3038330078125
0.0265998840332031 -0.0353507995605469 -0.271484375 1.13818359375
0.0544967651367188 -0.0535354614257812 0.0483856201171875 0.14654541015625
0.0322418212890625 -0.0573348999023437 0.5496826171875 -1.02178955078125
0.0305747985839844 -0.0462379455566406 -0.42626953125 -1.52880859375
0.0411300659179688 -0.00799560546875 -1.3013916015625 -0.3199462890625
0.0476913452148438 -0.02142333984375 -0.73614501953125 0.77716064453125
0.0591049194335938 -0.0380744934082031 0.0235595703125 0.7454833984375
-0.00702095031738282 -0.0297775268554688 0.47723388671875 0.194366455078125
-0.0248260498046875 -0.0375022888183594 0.42144775390625 -0.314666748046875
0.0384750366210938 -0.0332145690917969 -0.445770263671875 0.304473876953125
0.04339599609375 0.0119132995605469 -0.424652099609375 -0.158294677734375
0.00289106369018555 -0.00143814086914063 0.0223388671875 -0.74591064453125
-0.0268306732177734 0.0283164978027344 0.8409423828125 -0.72637939453125
-0.0649299621582031 0.04205322265625 1.243896484375 0.4244384765625
-0.0282058715820313 -0.0319995880126953 0.440185546875 1.45654296875
0.0635185241699219 0.0145263671875 -0.452880859375 1.094970703125
0.0748062133789063 0.0141677856445313 0.03167724609375 0.0759429931640625
0.0633888244628906 -0.0137939453125 0.38409423828125 -1.08935546875
0.0146636962890625 -0.0446815490722656 -0.686767578125 -1.392822265625
-0.0435905456542969 -0.00288391113281251 -1.2962646484375 -0.0678710937499999
-0.0326347351074219 0.0293064117431641 -0.53302001953125 0.8773193359375
0.00561380386352539 0.00723743438720703 0.21270751953125 0.75140380859375
0.00529241561889648 0.00189971923828125 0.5665283203125 0.180419921875
0.0218639373779297 -0.000642776489257813 0.45513916015625 -0.320770263671875
0.0260467529296875 -0.0395660400390625 -0.44232177734375 0.298828125
0.040191650390625 0.00559234619140625 -0.420867919921875 -0.158843994140625
0.0223464965820313 -0.0155696868896484 0.0331420898437499 -0.7418212890625
0.00400733947753906 0.0146474838256836 0.85064697265625 -0.71588134765625
-0.0413131713867188 0.0415992736816406 1.2384033203125 0.441650390625
-0.0255260467529297 -0.033538818359375 0.4219970703125 1.4603271484375
0.0562896728515625 0.0022735595703125 -0.46356201171875 1.09088134765625
0.0721054077148438 -0.00531768798828125 0.0269775390625 0.0730667114257813
0.0550651550292969 -0.0263290405273438 0.36822509765625 -1.0946044921875
0.0177993774414062 -0.0461502075195313 -0.7001953125 -1.3834228515625
-0.0191211700439453 -0.00740432739257812 -1.29150390625 -0.0557861328125
-0.00869560241699219 0.00968837738037109 -0.5203857421875 0.884033203125
0.0216541290283203 -0.006744384765625 0.22210693359375 0.74932861328125
0.00122380256652832 -0.00432062149047852 0.56793212890625 0.176025390625
0.00901031494140625 -0.00398731231689453 0.450653076171875 -0.32611083984375
0.014617919921875 -0.0475502014160156 -0.443023681640625 0.29736328125
0.0359992980957031 -0.0004730224609375 -0.426483154296875 -0.15911865234375
0.0408859252929688 -0.0329551696777344 0.0212402343749999 -0.743896484375
0.0333576202392578 0.0013427734375 0.83880615234375 -0.72698974609375
-0.0171928405761719 0.0431175231933594 1.241455078125 0.428955078125
-0.0230846405029297 -0.0327892303466797 0.4398193359375 1.4561767578125
0.0492630004882813 -0.0125846862792969 -0.451416015625 1.091796875
0.0676002502441406 -0.0260734558105469 0.0248641967773438 0.0754470825195313
0.0455398559570313 -0.0404396057128906 0.36383056640625 -1.09259033203125
0.0218353271484375 -0.0485992431640625 -0.6986083984375 -1.3851318359375
0.00618362426757813 -0.0118751525878906 -1.293212890625 -0.0607910156250001
0.0137386322021484 -0.00881671905517578 -0.52471923828125 0.88348388671875
0.0380401611328125 -0.0231094360351563 0.2154541015625 0.75091552734375
-0.00394058227539063 -0.0102405548095703 0.5638427734375 0.17913818359375
-0.00352001190185547 -0.0102834701538086 0.448638916015625 -0.322418212890625
0.00439071655273437 -0.0560493469238281 -0.446441650390625 0.295501708984375
0.031646728515625 -0.00763130187988281 -0.4425048828125 -0.157135009765625
0.0551071166992188 -0.0470962524414063 -0.00646972656250001 -0.741455078125
0.0613174438476563 -0.0101165771484375 0.8099365234375 -0.74383544921875
0.005096435546875 0.04583740234375 1.245361328125 0.39501953125
-0.022308349609375 -0.0320987701416016 0.4716796875 1.438232421875
0.0397148132324219 -0.0247306823730469 -0.42584228515625 1.0994873046875
0.0636215209960938 -0.0445747375488281 0.0257110595703125 0.0844039916992188
0.0371475219726562 -0.0519905090332031 0.3828125 -1.08514404296875
0.0264434814453125 -0.0485076904296875 -0.67333984375 -1.4073486328125
0.0286712646484375 -0.0152187347412109 -1.2974853515625 -0.0905761718749999
0.0360794067382813 -0.02593994140625 -0.5538330078125 0.87200927734375
0.0514144897460938 -0.0355644226074219 0.1888427734375 0.753173828125
-0.00903701782226562 -0.0183906555175781 0.54925537109375 0.181365966796875
-0.0152339935302734 -0.0180130004882812 0.444793701171875 -0.321746826171875
-0.00353622436523437 -0.0637092590332031 -0.45379638671875 0.2943115234375
0.0251560211181641 -0.0122489929199219 -0.462890625 -0.157196044921875
0.0621299743652344 -0.05950927734375 -0.0422973632812499 -0.74224853515625
0.0779037475585937 -0.0190887451171875 0.7713623046875 -0.76953125
0.0233573913574219 0.0458869934082031 1.2493896484375 0.3482666015625
-0.0224514007568359 -0.0331249237060547 0.5177001953125 1.4119873046875
0.0328712463378906 -0.0347194671630859 -0.396728515625 1.10992431640625
0.05889892578125 -0.0569343566894531 0.029937744140625 0.0979537963867188
0.0307769775390625 -0.0611038208007813 0.4228515625 -1.07305908203125
0.0298042297363281 -0.0480995178222656 -0.6217041015625 -1.4383544921875
0.0464248657226563 -0.0160369873046875 -1.3076171875 -0.1422119140625
0.0523262023925781 -0.0350189208984375 -0.59625244140625 0.85504150390625
0.0631370544433594 -0.0452690124511719 0.15155029296875 0.75390625
-0.0105915069580078 -0.0254974365234375 0.532806396484375 0.18701171875
-0.0232486724853516 -0.0252628326416016 0.439544677734375 -0.319244384765625
-0.00867080688476562 -0.069610595703125 -0.461669921875 0.2989501953125
0.0220470428466797 -0.0151386260986328 -0.48382568359375 -0.156463623046875
0.0610542297363281 -0.0645828247070313 -0.0865478515625 -0.74224853515625
0.0828704833984375 -0.0240554809570313 0.72369384765625 -0.797119140625
0.0322723388671875 0.0454025268554688 1.2528076171875 0.291015625
-0.0223350524902344 -0.0318565368652344 0.5767822265625 1.375732421875
0.0267105102539063 -0.0407333374023438 -0.3519287109375 1.124755859375
0.055694580078125 -0.0644416809082031 0.0353469848632813 0.114845275878906
0.0280075073242188 -0.064605712890625 0.46270751953125 -1.05902099609375
0.0303192138671875 -0.0479469299316406 -0.56005859375 -1.475341796875
0.0545120239257813 -0.0142631530761719 -1.309814453125 -0.2010498046875
0.0611610412597656 -0.0373573303222656 -0.646728515625 0.8328857421875
0.0687599182128906 -0.0488548278808594 0.10723876953125 0.75445556640625
-0.0104866027832031 -0.0301914215087891 0.512420654296875 0.191009521484375
-0.0292186737060547 -0.0319976806640625 0.43182373046875 -0.318389892578125
-0.00672149658203125 -0.0714187622070313 -0.468658447265625 0.306121826171875
0.0181217193603516 -0.0152301788330078 -0.508392333984375 -0.152191162109375
0.0522956848144531 -0.0645027160644531 -0.13427734375 -0.73895263671875
0.07666015625 -0.0230941772460938 0.67388916015625 -0.82513427734375
0.0335617065429688 0.0458946228027344 1.2510986328125 0.23193359375
-0.0237903594970703 -0.0322399139404297 0.637939453125 1.3409423828125
0.0241508483886719 -0.0405464172363281 -0.3050537109375 1.13623046875
0.0531234741210938 -0.0622825622558594 0.0414352416992188 0.132377624511719
0.0273590087890625 -0.0640525817871094 0.50775146484375 -1.0428466796875
0.0313644409179688 -0.046722412109375 -0.4937744140625 -1.50732421875
0.0529441833496094 -0.0104637145996094 -1.3123779296875 -0.2640380859375
0.0600242614746094 -0.0323028564453125 -0.69329833984375 0.806396484375
0.068115234375 -0.0462188720703125 0.06158447265625 0.752685546875
-0.00928688049316406 -0.0317707061767578 0.494903564453125 0.1920166015625
-0.0286712646484375 -0.0365982055664063 0.42803955078125 -0.317291259765625
-0.00177764892578124 -0.0711822509765625 -0.473175048828125 0.313201904296875
0.0175056457519531 -0.0133209228515625 -0.52587890625 -0.147674560546875
0.0404930114746094 -0.0583763122558594 -0.17193603515625 -0.73565673828125
0.0611953735351563 -0.0163078308105469 0.63287353515625 -0.84332275390625
0.0222244262695313 0.0475502014160156 1.246826171875 0.18505859375
-0.0259304046630859 -0.0292987823486328 0.6829833984375 1.3101806640625
0.025665283203125 -0.036285400390625 -0.269775390625 1.1441650390625
0.0535507202148438 -0.0534324645996094 0.0483856201171875 0.14727783203125
0.0309638977050781 -0.0568275451660156 0.55035400390625 -1.02618408203125
0.0310401916503906 -0.0465316772460938 -0.4317626953125 -1.535400390625
0.0409507751464844 -0.00880050659179688 -1.307861328125 -0.3184814453125
0.0477714538574219 -0.0219039916992188 -0.73663330078125 0.78265380859375
0.0587539672851562 -0.0383682250976563 0.0241699218749999 0.7476806640625
-0.00800514221191406 -0.0302391052246094 0.479339599609375 0.19171142578125
-0.0249710083007812 -0.0366935729980469 0.42193603515625 -0.316864013671875
0.0391273498535156 -0.0338706970214844 -0.445159912109375 0.310394287109375
0.0440711975097656 0.0105514526367188 -0.425262451171875 -0.15692138671875
0.00223159790039063 0.000159978866577148 0.02044677734375 -0.75054931640625
-0.0274162292480469 0.0287227630615234 0.8438720703125 -0.73345947265625
-0.0630416870117188 0.0424346923828125 1.2535400390625 0.425048828125
-0.0273361206054687 -0.0321235656738281 0.4453125 1.46337890625
0.0638275146484375 0.01361083984375 -0.45098876953125 1.10296630859375
0.0743484497070313 0.0137481689453125 0.0327529907226563 0.0767059326171875
0.0630989074707031 -0.0144462585449219 0.38427734375 -1.098388671875
0.0157127380371094 -0.0454978942871094 -0.6910400390625 -1.3997802734375
-0.0439949035644531 -0.00181198120117188 -1.3035888671875 -0.0655517578124998
-0.0330696105957031 0.0286750793457031 -0.5330810546875 0.88519287109375
0.00536775588989258 0.00717973709106445 0.21734619140625 0.7559814453125
0.00640201568603516 0.00336360931396484 0.57177734375 0.17620849609375
0.0223846435546875 -0.000591278076171875 0.45538330078125 -0.32415771484375
0.0266342163085938 -0.0407371520996094 -0.441741943359375 0.304168701171875
0.0414009094238281 0.00609588623046875 -0.423309326171875 -0.158233642578125
0.0219841003417969 -0.0147380828857422 0.0281372070312499 -0.74688720703125
0.00313663482666016 0.0156974792480469 0.8526611328125 -0.72210693359375
-0.0407447814941406 0.0420989990234375 1.24609375 0.4403076171875
-0.0239048004150391 -0.0336284637451172 0.427978515625 1.4716796875
0.0577011108398438 0.00180435180664062 -0.46600341796875 1.09771728515625
0.0715103149414063 -0.00484466552734375 0.0274124145507813 0.0734710693359375
0.0545387268066406 -0.0275154113769531 0.3680419921875 -1.10089111328125
0.0175323486328125 -0.0467071533203125 -0.7064208984375 -1.3876953125
-0.0196743011474609 -0.00704765319824218 -1.298095703125 -0.0540771484374999
-0.00966072082519531 0.0105009078979492 -0.517822265625 0.886474609375
0.0227737426757813 -0.0063629150390625 0.2232666015625 0.7528076171875
0.00208687782287598 -0.00331664085388184 0.57080078125 0.17303466796875
0.00945854187011719 -0.00493049621582031 0.451385498046875 -0.32861328125
0.0142478942871094 -0.0498008728027344 -0.442535400390625 0.301910400390625
0.0379219055175781 0.0001678466796875 -0.42938232421875 -0.155975341796875
0.040557861328125 -0.0326995849609375 0.01959228515625 -0.74432373046875
0.033966064453125 0.00200843811035156 0.84051513671875 -0.7327880859375
-0.0159263610839844 0.0435028076171875 1.2518310546875 0.426025390625
-0.0219669342041016 -0.0341339111328125 0.4444580078125 1.46240234375
0.0482063293457031 -0.0121726989746094 -0.45355224609375 1.0985107421875
0.0662460327148438 -0.0262870788574219 0.0244598388671875 0.076385498046875
0.0453681945800781 -0.0407791137695313 0.36492919921875 -1.100830078125
0.0219345092773438 -0.0478096008300781 -0.7037353515625 -1.389404296875
0.00573444366455078 -0.0123529434204102 -1.3016357421875 -0.0550537109375002
0.0141839981079102 -0.00911617279052735 -0.524658203125 0.8885498046875
0.03656005859375 -0.02276611328125 0.21807861328125 0.7559814453125
-0.00404834747314453 -0.0102214813232422 0.56719970703125 0.17608642578125
-0.00229740142822266 -0.0101423263549805 0.45025634765625 -0.32733154296875
0.003387451171875 -0.058349609375 -0.4478759765625 0.30078125
0.0332298278808594 -0.00713539123535156 -0.442626953125 -0.154266357421875
0.0550537109375 -0.0479049682617188 -0.00958251953124993 -0.74481201171875
0.0607223510742188 -0.0104141235351562 0.81097412109375 -0.75384521484375
0.00735092163085937 0.0450782775878906 1.2528076171875 0.3916015625
-0.0213260650634766 -0.0347843170166016 0.4776611328125 1.4447021484375
0.0398101806640625 -0.0271949768066406 -0.4285888671875 1.1068115234375
0.0620307922363281 -0.0445480346679688 0.0257720947265625 0.0856781005859375
0.0370903015136719 -0.0523490905761719 0.3853759765625 -1.0897216796875
0.0261993408203125 -0.0483894348144531 -0.6783447265625 -1.4130859375
0.0296134948730469 -0.0150566101074219 -1.3043212890625 -0.0878906250000001
0.0353012084960938 -0.0254440307617188 -0.5533447265625 0.876953125
0.0522079467773438 -0.0360374450683594 0.1922607421875 0.75732421875
-0.00933647155761719 -0.0179500579833984 0.5545654296875 0.1798095703125
-0.0138683319091797 -0.0184574127197266 0.445526123046875 -0.32525634765625
-0.004180908203125 -0.0656356811523437 -0.455322265625 0.300201416015625
0.0266647338867187 -0.0129604339599609 -0.463653564453125 -0.155975341796875
0.06268310546875 -0.05865478515625 -0.045654296875 -0.74554443359375
0.0776290893554688 -0.0194015502929688 0.774169921875 -0.77734375
0.0240592956542969 0.045562744140625 1.2586669921875 0.34521484375
-0.0202713012695312 -0.0339107513427734 0.5238037109375 1.4171142578125
0.0324897766113281 -0.0361824035644531 -0.39593505859375 1.11761474609375
0.0580902099609375 -0.057037353515625 0.0287094116210937 0.0992431640625
0.0311851501464844 -0.0620231628417969 0.4222412109375 -1.0789794921875
0.028839111328125 -0.0485572814941406 -0.6295166015625 -1.4432373046875
0.0460853576660156 -0.0160789489746094 -1.3133544921875 -0.140625
0.05242919921875 -0.0354194641113281 -0.59747314453125 0.86065673828125
0.0635604858398438 -0.0459060668945313 0.15374755859375 0.75897216796875
-0.0105800628662109 -0.0243473052978516 0.536590576171875 0.184234619140625
-0.0229454040527344 -0.0258369445800781 0.440155029296875 -0.323516845703125
-0.00901794433593751 -0.0708160400390625 -0.462188720703125 0.302978515625
0.0223655700683594 -0.0161247253417969 -0.486419677734375 -0.15509033203125
0.0603103637695313 -0.0648269653320313 -0.091552734375 -0.74346923828125
0.083099365234375 -0.0245361328125 0.72552490234375 -0.8038330078125
0.0343818664550781 0.0446548461914063 1.2586669921875 0.2896728515625
-0.0208816528320313 -0.033172607421875 0.583251953125 1.3828125
0.0266799926757812 -0.0413436889648437 -0.3511962890625 1.129638671875
0.0544395446777344 -0.0651054382324219 0.0359039306640625 0.115745544433594
0.02740478515625 -0.0651512145996094 0.46343994140625 -1.06329345703125
0.0309181213378906 -0.0487174987792969 -0.5679931640625 -1.47998046875
0.0544471740722656 -0.0153465270996094 -1.3179931640625 -0.2000732421875
0.0621376037597656 -0.0388031005859375 -0.6478271484375 0.83941650390625
0.0692481994628906 -0.0495491027832031 0.11077880859375 0.75872802734375
-0.00999832153320313 -0.0291175842285156 0.51593017578125 0.18804931640625
-0.0288505554199219 -0.0318794250488281 0.433746337890625 -0.32208251953125
-0.007293701171875 -0.0738906860351563 -0.468963623046875 0.3101806640625
0.0186080932617188 -0.0163917541503906 -0.508148193359375 -0.151153564453125
0.0518302917480469 -0.0652694702148438 -0.13836669921875 -0.74249267578125
0.0764617919921875 -0.024383544921875 0.67437744140625 -0.831787109375
0.0343894958496094 0.0452194213867188 1.2559814453125 0.2281494140625
-0.0232639312744141 -0.0317268371582031 0.642822265625 1.347412109375
0.0250473022460938 -0.0421676635742188 -0.3045654296875 1.1409912109375
0.0517959594726563 -0.0630226135253906 0.0416717529296875 0.13287353515625
0.0270957946777344 -0.0650634765625 0.510009765625 -1.04766845703125
0.0315895080566406 -0.0471725463867188 -0.501708984375 -1.5123291015625
0.0525474548339844 -0.0111427307128906 -1.320068359375 -0.2625732421875
0.0594406127929687 -0.0326957702636719 -0.6976318359375 0.8131103515625
0.0686798095703125 -0.0470123291015625 0.06439208984375 0.7579345703125
-0.00982475280761718 -0.0315189361572266 0.498870849609375 0.18988037109375
-0.0285835266113281 -0.0369987487792969 0.427001953125 -0.320465087890625
-0.00175476074218749 -0.0725021362304688 -0.471832275390625 0.319122314453125
0.0182952880859375 -0.0139350891113281 -0.529052734375 -0.14544677734375
0.0398674011230469 -0.0570945739746094 -0.17596435546875 -0.73773193359375
0.0604362487792969 -0.0167388916015625 0.63397216796875 -0.84765625
0.0238418579101563 0.0471000671386719 1.25732421875 0.180908203125
-0.024322509765625 -0.0307693481445313 0.6910400390625 1.31640625
0.0263633728027344 -0.0369415283203125 -0.2686767578125 1.15234375
0.0525474548339844 -0.0540771484375 0.0497894287109375 0.148300170898438
0.030517578125 -0.0587501525878906 0.5517578125 -1.03167724609375
0.0310401916503906 -0.0462303161621094 -0.4366455078125 -1.54150390625
0.041351318359375 -0.00872039794921875 -1.3184814453125 -0.31787109375
0.0489463806152344 -0.0222434997558594 -0.7392578125 0.7869873046875
0.0596542358398437 -0.0390625 0.0260620117187499 0.7529296875
-0.0075225830078125 -0.0291461944580078 0.483154296875 0.190032958984375
-0.0240592956542969 -0.0374641418457031 0.42169189453125 -0.31964111328125
0.0386848449707031 -0.0354881286621094 -0.445831298828125 0.314544677734375
0.0451278686523438 0.0106620788574219 -0.426727294921875 -0.1556396484375
0.00137650966644287 0.00107204914093018 0.01629638671875 -0.755615234375
-0.0284938812255859 0.0293598175048828 0.84515380859375 -0.7427978515625
-0.0629653930664063 0.0421333312988281 1.2615966796875 0.42236328125
-0.0251045227050781 -0.0331001281738281 0.4508056640625 1.4708251953125
0.0646896362304688 0.0136642456054688 -0.45037841796875 1.1102294921875
0.0740203857421875 0.0154342651367188 0.0319976806640625 0.0766830444335938
0.0633811950683594 -0.0143775939941406 0.38226318359375 -1.1048583984375
0.0147247314453125 -0.0453681945800781 -0.700439453125 -1.4051513671875
-0.0437278747558594 -0.00172042846679687 -1.3082275390625 -0.0626220703124999
-0.0331611633300781 0.0285377502441406 -0.5340576171875 0.8917236328125
0.00646495819091797 0.00753307342529297 0.2218017578125 0.7587890625
0.00605010986328125 0.00358772277832031 0.57623291015625 0.1744384765625
0.0232620239257813 -0.000347137451171875 0.456634521484375 -0.32904052734375
0.0254936218261719 -0.0423088073730469 -0.442718505859375 0.310546875
0.0429763793945313 0.00518035888671875 -0.424835205078125 -0.15484619140625
0.0205078125 -0.0150356292724609 0.02484130859375 -0.7498779296875
0.00344085693359375 0.0151205062866211 0.85772705078125 -0.73297119140625
-0.0393295288085938 0.0424995422363281 1.255126953125 0.4381103515625
-0.0221462249755859 -0.0345096588134766 0.4356689453125 1.477783203125
0.0585784912109375 -0.000171661376953125 -0.46368408203125 1.105224609375
0.0719223022460938 -0.005126953125 0.02728271484375 0.0740737915039063
0.0556411743164062 -0.0275650024414063 0.36590576171875 -1.109375
0.0188179016113281 -0.0461578369140625 -0.713134765625 -1.396484375
-0.0193309783935547 -0.00763511657714843 -1.3067626953125 -0.0476074218749999
-0.00902843475341797 0.0102710723876953 -0.52008056640625 0.8966064453125
0.0228614807128906 -0.00843238830566406 0.2291259765625 0.75518798828125
0.00217437744140625 -0.00153923034667969 0.57611083984375 0.17156982421875
0.00939846038818359 -0.0054168701171875 0.4527587890625 -0.3341064453125
0.0146026611328125 -0.0512275695800781 -0.443634033203125 0.3074951171875
0.0390090942382813 -0.000782012939453125 -0.4306640625 -0.154144287109375
0.04095458984375 -0.0317955017089844 0.0166015625 -0.74859619140625
0.0336170196533203 0.00105857849121094 0.84173583984375 -0.741455078125
-0.0142478942871094 0.0431365966796875 1.2598876953125 0.4249267578125
-0.0212821960449219 -0.0347213745117187 0.452880859375 1.470458984375
0.04937744140625 -0.0144615173339844 -0.4510498046875 1.1063232421875
0.0667457580566406 -0.0253791809082031 0.02587890625 0.0761871337890625
0.0454139709472656 -0.0411338806152344 0.3662109375 -1.1044921875
0.0223884582519531 -0.0471343994140625 -0.714599609375 -1.3958740234375
0.00571727752685547 -0.0123910903930664 -1.308837890625 -0.0516357421874998
0.0145902633666992 -0.00938320159912109 -0.52325439453125 0.89422607421875
0.0374488830566406 -0.0235786437988281 0.2222900390625 0.75909423828125
-0.00372028350830078 -0.0104465484619141 0.57098388671875 0.1729736328125
-0.00269126892089844 -0.0103063583374023 0.451873779296875 -0.33282470703125
0.003662109375 -0.0601959228515625 -0.447174072265625 0.306365966796875
0.0343227386474609 -0.00756072998046875 -0.445465087890625 -0.153717041015625
0.0542106628417969 -0.0467414855957031 -0.0136108398437501 -0.748779296875
0.0601234436035156 -0.0106086730957031 0.8140869140625 -0.76092529296875
0.00857162475585938 0.0450859069824219 1.2603759765625 0.3883056640625
-0.0207805633544922 -0.034454345703125 0.4866943359375 1.452392578125
0.0403900146484375 -0.0275192260742188 -0.42486572265625 1.11590576171875
0.0621337890625 -0.0446052551269531 0.0262680053710938 0.0862960815429688
0.0373382568359375 -0.0524406433105469 0.382568359375 -1.09735107421875
0.0261802673339844 -0.0489921569824219 -0.6865234375 -1.416748046875
0.0285243988037109 -0.0162467956542969 -1.31396484375 -0.0838623046875001
0.036376953125 -0.0262413024902344 -0.55316162109375 0.88726806640625
0.0518226623535156 -0.0374832153320313 0.1976318359375 0.76104736328125
-0.00836372375488281 -0.0177993774414063 0.559234619140625 0.17767333984375
-0.0143222808837891 -0.0193748474121094 0.445220947265625 -0.331024169921875
-0.00511550903320313 -0.0677642822265625 -0.45452880859375 0.30548095703125
0.0286159515380859 -0.0126781463623047 -0.4659423828125 -0.1533203125
0.0613594055175781 -0.0583000183105469 -0.0489501953125001 -0.7496337890625
0.0783920288085938 -0.020263671875 0.77667236328125 -0.784912109375
0.0261116027832031 0.0446853637695313 1.2655029296875 0.34228515625
-0.0195713043212891 -0.035064697265625 0.5328369140625 1.4248046875
0.0327110290527344 -0.0375213623046875 -0.3931884765625 1.1263427734375
0.0577354431152344 -0.058807373046875 0.0292282104492188 0.101348876953125
0.0304527282714844 -0.0618896484375 0.41986083984375 -1.08660888671875
0.0296783447265625 -0.0490608215332031 -0.6365966796875 -1.450439453125
0.0460739135742188 -0.0167770385742188 -1.322509765625 -0.133544921875
0.0527992248535156 -0.0362205505371094 -0.5963134765625 0.8675537109375
0.0644378662109375 -0.0468635559082031 0.15899658203125 0.7635498046875
-0.0109081268310547 -0.0247650146484375 0.541839599609375 0.181396484375
-0.0227603912353516 -0.0255222320556641 0.442138671875 -0.32916259765625
-0.00867462158203126 -0.0720748901367188 -0.4630126953125 0.308868408203125
0.0236568450927734 -0.017181396484375 -0.489837646484375 -0.152069091796875
0.0596275329589844 -0.0650177001953125 -0.0952148437500001 -0.748291015625
0.0833816528320313 -0.0247573852539063 0.726318359375 -0.81304931640625
0.0360527038574219 0.0440254211425781 1.26953125 0.2867431640625
-0.0197582244873047 -0.0343456268310547 0.591064453125 1.3912353515625
0.0276870727539063 -0.0433845520019531 -0.3485107421875 1.1378173828125
0.0536308288574219 -0.0649528503417969 0.036346435546875 0.115943908691406
0.0269241333007813 -0.06646728515625 0.4642333984375 -1.0703125
0.0308189392089844 -0.0483932495117188 -0.5723876953125 -1.48681640625
0.0548934936523438 -0.0149803161621094 -1.326904296875 -0.196044921875
0.0615348815917969 -0.0384407043457031 -0.64691162109375 0.8466796875
0.0699501037597656 -0.0502700805664063 0.11346435546875 0.76312255859375
-0.0110416412353516 -0.0291614532470703 0.5218505859375 0.1849365234375
-0.0283718109130859 -0.0327968597412109 0.434906005859375 -0.326995849609375
-0.00742340087890624 -0.0743331909179688 -0.46820068359375 0.3145751953125
0.0203018188476563 -0.0164794921875 -0.51239013671875 -0.147216796875
0.0520668029785156 -0.0654983520507813 -0.14166259765625 -0.74468994140625
0.0769577026367188 -0.0241317749023438 0.6746826171875 -0.84014892578125
0.0351409912109375 0.0445289611816406 1.26708984375 0.2232666015625
-0.0213375091552734 -0.0322551727294922 0.6512451171875 1.35107421875
0.0237464904785156 -0.0432777404785156 -0.3031005859375 1.1514892578125
0.0514564514160156 -0.06365966796875 0.0432281494140625 0.133651733398438
0.02630615234375 -0.0652732849121094 0.5081787109375 -1.05511474609375
0.0305404663085938 -0.0477447509765625 -0.508544921875 -1.520751953125
0.0538101196289062 -0.0116500854492187 -1.3291015625 -0.260498046875
0.0605125427246094 -0.0335006713867187 -0.69903564453125 0.8212890625
0.0700950622558594 -0.0481452941894531 0.06622314453125 0.7628173828125
-0.00955390930175782 -0.0296077728271484 0.501739501953125 0.187408447265625
-0.0288429260253906 -0.0366744995117187 0.42913818359375 -0.324920654296875
-0.00222015380859375 -0.0748519897460937 -0.4718017578125 0.323333740234375
0.0202770233154297 -0.0148334503173828 -0.531951904296875 -0.143646240234375
0.0391159057617188 -0.0568008422851563 -0.17926025390625 -0.74072265625
0.0622215270996094 -0.0156288146972656 0.63336181640625 -0.85797119140625
0.0254325866699219 0.0468177795410156 1.265625 0.177490234375
-0.0233898162841797 -0.0314121246337891 0.6973876953125 1.32080078125
0.0256500244140625 -0.038299560546875 -0.263427734375 1.1595458984375
0.0517997741699219 -0.0537757873535156 0.05029296875 0.148391723632813
0.0307464599609375 -0.05865478515625 0.55108642578125 -1.03948974609375
0.0308151245117187 -0.0473365783691406 -0.4461669921875 -1.5496826171875
0.0416221618652344 -0.00932693481445313 -1.327392578125 -0.3155517578125
0.048370361328125 -0.0232963562011719 -0.7396240234375 0.79766845703125
0.0598335266113281 -0.0385551452636719 0.0303955078125 0.7584228515625
-0.00758934020996094 -0.0285072326660156 0.48760986328125 0.18951416015625
-0.0245552062988281 -0.0385971069335937 0.42498779296875 -0.324981689453125
0.0387458801269531 -0.0383033752441406 -0.44403076171875 0.321258544921875
0.0465507507324219 0.00913238525390625 -0.429931640625 -0.152008056640625
0.00159430503845215 0.000668048858642578 0.0111083984375001 -0.75823974609375
-0.0281085968017578 0.029571533203125 0.84637451171875 -0.75384521484375
-0.0617294311523437 0.0421600341796875 1.2738037109375 0.417724609375
-0.0248222351074219 -0.0339565277099609 0.4666748046875 1.4794921875
0.0660514831542969 0.01153564453125 -0.4478759765625 1.12017822265625
0.0746231079101563 0.0142745971679688 0.0322265625 0.0774383544921875
0.0640373229980469 -0.0155487060546875 0.38134765625 -1.1148681640625
0.0150184631347656 -0.045623779296875 -0.7113037109375 -1.41064453125
-0.0443992614746094 -0.00150299072265626 -1.32080078125 -0.055908203125
-0.0327529907226563 0.0306568145751953 -0.5299072265625 0.89947509765625
0.00693082809448242 0.00721073150634766 0.22705078125 0.76324462890625
0.00656652450561523 0.00509166717529297 0.581298828125 0.1708984375
0.0234508514404297 -0.0003814697265625 0.45648193359375 -0.33441162109375
0.0264053344726563 -0.0450515747070313 -0.442047119140625 0.315185546875
0.0445213317871094 0.00439453125 -0.427490234375 -0.15277099609375
0.0214786529541016 -0.0146865844726563 0.0214843749999999 -0.75543212890625
0.00243186950683594 0.0153064727783203 0.85626220703125 -0.74212646484375
-0.0392951965332031 0.0407752990722656 1.267822265625 0.432373046875
-0.0225257873535156 -0.0351638793945313 0.4453125 1.485595703125
0.0595970153808594 -0.0011138916015625 -0.4615478515625 1.1146240234375
0.0704879760742188 -0.00550079345703125 0.0271072387695312 0.0748519897460938
0.05438232421875 -0.0290184020996094 0.3636474609375 -1.117919921875
0.0187644958496094 -0.0460128784179688 -0.728759765625 -1.403564453125
-0.0200157165527344 -0.00692558288574218 -1.3175048828125 -0.0423583984374998
-0.00978279113769531 0.0094461441040039 -0.5177001953125 0.90423583984375
0.0232467651367188 -0.00824356079101563 0.2366943359375 0.76116943359375
0.00288677215576172 -0.00161385536193848 0.582763671875 0.16668701171875
0.00992870330810547 -0.0045928955078125 0.454254150390625 -0.338287353515625
0.0134696960449219 -0.0531349182128906 -0.44390869140625 0.311737060546875
0.0395851135253906 -0.00224685668945313 -0.4317626953125 -0.15167236328125
0.040679931640625 -0.0316238403320313 0.00946044921875003 -0.75225830078125
0.0335216522216797 0.00175666809082031 0.84393310546875 -0.75408935546875
-0.0134239196777344 0.0427207946777344 1.2725830078125 0.41943359375
-0.0203742980957031 -0.035919189453125 0.460205078125 1.4783935546875
0.0499382019042969 -0.0160636901855469 -0.4481201171875 1.11553955078125
0.0666656494140625 -0.0265083312988281 0.0252685546875 0.0771636962890625
0.0449066162109375 -0.0429153442382813 0.36175537109375 -1.1136474609375
0.0227088928222656 -0.0488166809082031 -0.7266845703125 -1.40185546875
0.00515174865722656 -0.0125617980957031 -1.3197021484375 -0.0452880859374999
0.013798713684082 -0.0100727081298828 -0.52142333984375 0.90576171875
0.0386466979980469 -0.0238914489746094 0.22808837890625 0.762939453125
-0.00378513336181641 -0.00923538208007813 0.57757568359375 0.16973876953125
-0.00205898284912109 -0.0109844207763672 0.452117919921875 -0.3382568359375
0.00326156616210938 -0.0624237060546875 -0.447601318359375 0.31195068359375
0.0360679626464844 -0.0095977783203125 -0.4478759765625 -0.1505126953125
0.054656982421875 -0.04791259765625 -0.0194091796875 -0.75286865234375
0.0600471496582031 -0.0120811462402344 0.814453125 -0.77099609375
0.00935745239257812 0.0438308715820313 1.2734375 0.3851318359375
-0.0195465087890625 -0.0359153747558594 0.4949951171875 1.4617919921875
0.0406227111816406 -0.0279273986816406 -0.422607421875 1.1236572265625
0.0606040954589844 -0.0447578430175781 0.0265731811523438 0.08660888671875
0.0364532470703125 -0.0535049438476563 0.38226318359375 -1.10821533203125
0.026458740234375 -0.049285888671875 -0.700439453125 -1.425048828125
0.0281925201416016 -0.0157794952392578 -1.32470703125 -0.0761718749999997
0.0357398986816406 -0.0262870788574219 -0.5517578125 0.8941650390625
0.0526580810546875 -0.03851318359375 0.201416015625 0.76666259765625
-0.00815963745117187 -0.0173959732055664 0.565185546875 0.17413330078125
-0.0141925811767578 -0.0191192626953125 0.448211669921875 -0.336395263671875
-0.00452041625976562 -0.06939697265625 -0.4549560546875 0.310272216796875
0.0295257568359375 -0.0145206451416016 -0.468505859375 -0.149261474609375
0.0614547729492188 -0.0585441589355469 -0.05560302734375 -0.75384521484375
0.0773086547851563 -0.0213088989257812 0.7769775390625 -0.79498291015625
0.0286331176757813 0.044189453125 1.278076171875 0.33642578125
-0.0196571350097656 -0.0362281799316406 0.54150390625 1.43310546875
0.0326728820800781 -0.0393218994140625 -0.3897705078125 1.135498046875
0.0556259155273438 -0.0577545166015625 0.0302505493164062 0.101470947265625
0.0299453735351562 -0.0636787414550781 0.41748046875 -1.095458984375
0.0291328430175781 -0.0490150451660156 -0.649169921875 -1.4576416015625
0.0463981628417969 -0.0170822143554688 -1.3310546875 -0.1314697265625
0.0522270202636719 -0.0371360778808594 -0.59759521484375 0.8773193359375
0.0642318725585938 -0.0481452941894531 0.16290283203125 0.76995849609375
-0.0104904174804688 -0.0244503021240234 0.54571533203125 0.17919921875
-0.0225086212158203 -0.0250988006591797 0.443328857421875 -0.333892822265625
-0.00997161865234375 -0.073760986328125 -0.46051025390625 0.31494140625
0.0250892639160156 -0.0165958404541016 -0.49066162109375 -0.149658203125
0.0598373413085938 -0.0653915405273438 -0.0992431640625 -0.75286865234375
0.0826950073242188 -0.0257110595703125 0.72760009765625 -0.82391357421875
0.0367164611816406 0.0439529418945313 1.2791748046875 0.2813720703125
-0.0195884704589844 -0.0360298156738281 0.6014404296875 1.3970947265625
0.0269088745117188 -0.0443115234375 -0.3431396484375 1.1466064453125
0.0524024963378906 -0.0644989013671875 0.0359573364257812 0.117431640625
0.0260772705078125 -0.0676651000976563 0.4615478515625 -1.080322265625
0.03094482421875 -0.0490760803222656 -0.5875244140625 -1.4937744140625
0.0544662475585938 -0.0164794921875 -1.335205078125 -0.1934814453125
0.0621604919433594 -0.0393409729003906 -0.64862060546875 0.85552978515625
0.0699653625488281 -0.0515785217285156 0.118896484375 0.76654052734375
-0.0101432800292969 -0.0283660888671875 0.525970458984375 0.181243896484375
-0.0288639068603516 -0.032470703125 0.434356689453125 -0.333099365234375
-0.00882720947265625 -0.077117919921875 -0.468475341796875 0.321624755859375
0.0201740264892578 -0.0176906585693359 -0.515716552734375 -0.144561767578125
0.0520896911621094 -0.0653953552246094 -0.14581298828125 -0.74853515625
0.0772628784179688 -0.0243377685546875 0.67431640625 -0.850830078125
0.0383338928222656 0.0438995361328125 1.2779541015625 0.22021484375
-0.0206470489501953 -0.0342998504638672 0.6607666015625 1.358154296875
0.0247344970703125 -0.04449462890625 -0.2979736328125 1.15966796875
0.0516471862792969 -0.0630683898925781 0.0429306030273437 0.134902954101562
0.0255508422851563 -0.0658683776855469 0.50738525390625 -1.0645751953125
0.0310516357421875 -0.0490303039550781 -0.5201416015625 -1.527587890625
0.0525741577148437 -0.0131111145019531 -1.339599609375 -0.255859375
0.0608329772949219 -0.0338325500488281 -0.69842529296875 0.83135986328125
0.0689201354980469 -0.0488357543945313 0.072021484375 0.7674560546875
-0.00925827026367188 -0.0303840637207031 0.507537841796875 0.183807373046875
-0.0282173156738281 -0.0364799499511719 0.429351806640625 -0.33074951171875
-0.00266265869140626 -0.0762939453125 -0.472412109375 0.33050537109375
0.0216274261474609 -0.0155010223388672 -0.534210205078125 -0.139404296875
0.038970947265625 -0.0574455261230469 -0.1851806640625 -0.74346923828125
0.0604476928710937 -0.0165634155273438 0.63232421875 -0.8670654296875
0.0274925231933594 0.0460853576660156 1.2742919921875 0.171142578125
-0.0230846405029297 -0.03271484375 0.7099609375 1.32763671875
0.0263252258300781 -0.0393180847167969 -0.261474609375 1.16796875
0.0508499145507813 -0.0537109375 0.0512237548828125 0.150100708007813
0.0297584533691406 -0.0595245361328125 0.552978515625 -1.04827880859375
0.0303802490234375 -0.0478935241699219 -0.4564208984375 -1.5574951171875
0.042144775390625 -0.009185791015625 -1.3363037109375 -0.310302734375
0.0484199523925781 -0.02301025390625 -0.74017333984375 0.80389404296875
0.0605087280273437 -0.0402603149414062 0.0344848632812501 0.76300048828125
-0.00784492492675781 -0.0286693572998047 0.49139404296875 0.185272216796875
-0.0259552001953125 -0.0377349853515625 0.423736572265625 -0.33123779296875
0.0391960144042969 -0.0390853881835938 -0.44354248046875 0.32806396484375
0.0467872619628906 0.00804901123046875 -0.433074951171875 -0.1492919921875
0.000677824020385742 0.00260281562805176 0.00488281250000008 -0.7657470703125
-0.0291862487792969 0.0295543670654297 0.84881591796875 -0.76580810546875
-0.0621185302734375 0.0416069030761719 1.287353515625 0.41015625
-0.0230674743652344 -0.0344734191894531 0.4739990234375 1.48828125
0.0673866271972656 0.0111083984375 -0.44287109375 1.133056640625
0.075531005859375 0.0143966674804687 0.0330352783203125 0.0774154663085937
0.0643234252929688 -0.0167732238769531 0.376953125 -1.12359619140625
0.01568603515625 -0.0456619262695313 -0.7247314453125 -1.4197998046875
-0.0454444885253906 -0.00132369995117187 -1.3316650390625 -0.0490722656249999
-0.0332374572753906 0.0306243896484375 -0.5306396484375 0.91107177734375
0.00765419006347656 0.00684785842895508 0.2344970703125 0.7686767578125
0.0077366828918457 0.00617551803588867 0.58685302734375 0.1666259765625
0.02349853515625 -0.000589370727539063 0.458160400390625 -0.34088134765625
0.026580810546875 -0.0464515686035156 -0.44195556640625 0.3214111328125
0.0447311401367188 0.003570556640625 -0.4305419921875 -0.1490478515625
0.0213966369628906 -0.0131340026855469 0.01336669921875 -0.758544921875
0.00219535827636719 0.0161848068237305 0.8587646484375 -0.7554931640625
-0.0369796752929687 0.0417213439941406 1.2808837890625 0.4268798828125
-0.02166748046875 -0.0360221862792969 0.4547119140625 1.4949951171875
0.0594520568847656 -0.0023345947265625 -0.45831298828125 1.124267578125
0.070465087890625 -0.0053253173828125 0.0280532836914063 0.0754318237304687
0.0544624328613281 -0.0300025939941406 0.3603515625 -1.1270751953125
0.0187187194824219 -0.0468788146972656 -0.7410888671875 -1.40673828125
-0.0206451416015625 -0.007110595703125 -1.325439453125 -0.0347900390625003
-0.0096588134765625 0.010289192199707 -0.5166015625 0.91357421875
0.0238265991210938 -0.00815010070800781 0.2435302734375 0.7647705078125
0.00334024429321289 -0.00150084495544434 0.5872802734375 0.16241455078125
0.0103750228881836 -0.00508499145507813 0.455078125 -0.3458251953125
0.013641357421875 -0.0550994873046875 -0.442108154296875 0.318695068359375
0.041015625 -0.00298309326171875 -0.436187744140625 -0.14825439453125
0.0404624938964844 -0.0309600830078125 0.00506591796875002 -0.759765625
0.0334987640380859 0.00116920471191406 0.84613037109375 -0.76568603515625
-0.0126380920410156 0.04339599609375 1.283447265625 0.4130859375
-0.0197257995605469 -0.03765869140625 0.4718017578125 1.4871826171875
0.0507736206054688 -0.0169296264648437 -0.4459228515625 1.1273193359375
0.0656890869140625 -0.0264358520507813 0.0260162353515625 0.0783920288085938
0.0442924499511719 -0.044219970703125 0.3575439453125 -1.1248779296875
0.0212326049804688 -0.048919677734375 -0.741455078125 -1.406005859375
0.00503921508789062 -0.0129842758178711 -1.3302001953125 -0.0382080078124998
0.0129270553588867 -0.00979042053222656 -0.52056884765625 0.9146728515625
0.0381813049316406 -0.0247650146484375 0.23626708984375 0.768310546875
-0.00353240966796875 -0.00885391235351562 0.582275390625 0.163818359375
-0.00177097320556641 -0.0114011764526367 0.45220947265625 -0.343231201171875
0.00138092041015624 -0.0638809204101563 -0.448150634765625 0.31768798828125
0.0369071960449219 -0.0105819702148438 -0.45086669921875 -0.147369384765625
0.0541229248046875 -0.0477981567382812 -0.0255126953125 -0.7576904296875
0.0606536865234375 -0.0111503601074219 0.8157958984375 -0.78338623046875
0.0117378234863281 0.0422630310058594 1.28515625 0.379638671875
-0.0196876525878906 -0.0379981994628906 0.5067138671875 1.468994140625
0.0416221618652344 -0.0309181213378906 -0.4168701171875 1.1337890625
0.0607376098632813 -0.0448760986328125 0.0271377563476563 0.0865478515625
0.0359649658203125 -0.054656982421875 0.37603759765625 -1.11737060546875
0.0260696411132812 -0.049224853515625 -0.712890625 -1.4307861328125
0.0283470153808594 -0.0170249938964844 -1.3345947265625 -0.0721435546874998
0.0359840393066406 -0.0276374816894531 -0.5516357421875 0.90325927734375
0.0535049438476563 -0.0385513305664063 0.20916748046875 0.77130126953125
-0.00866794586181641 -0.0171012878417969 0.570068359375 0.168701171875
-0.014007568359375 -0.0187835693359375 0.448211669921875 -0.343109130859375
-0.00573730468749999 -0.0718002319335938 -0.456817626953125 0.317169189453125
0.0299072265625 -0.014739990234375 -0.47247314453125 -0.14697265625
0.0609893798828125 -0.0598983764648438 -0.06103515625 -0.759521484375
0.0766067504882813 -0.0212478637695313 0.77587890625 -0.8096923828125
0.0297508239746094 0.0432090759277344 1.2874755859375 0.3316650390625
-0.0188751220703125 -0.0364837646484375 0.5548095703125 1.440185546875
0.0328598022460938 -0.0402679443359375 -0.3858642578125 1.1444091796875
0.0566024780273438 -0.0585479736328125 0.029937744140625 0.101806640625
0.0286674499511719 -0.0635566711425781 0.414306640625 -1.1048583984375
0.0291976928710937 -0.0499191284179687 -0.6644287109375 -1.461669921875
0.0455360412597656 -0.0179634094238281 -1.3443603515625 -0.12255859375
0.0529670715332031 -0.0374565124511719 -0.59576416015625 0.88922119140625
0.0645256042480469 -0.05010986328125 0.16961669921875 0.77398681640625
-0.00981521606445313 -0.0231170654296875 0.550506591796875 0.1727294921875
-0.0234107971191406 -0.0261173248291016 0.4439697265625 -0.34033203125
-0.010894775390625 -0.0775833129882813 -0.461639404296875 0.320892333984375
0.0273933410644531 -0.0172271728515625 -0.495941162109375 -0.147125244140625
0.059539794921875 -0.065887451171875 -0.10638427734375 -0.755615234375
0.0825576782226563 -0.026885986328125 0.728271484375 -0.8363037109375
0.0387535095214844 0.0426177978515625 1.2911376953125 0.2750244140625
-0.0191688537597656 -0.0372047424316406 0.6141357421875 1.40478515625
0.0276451110839844 -0.0451927185058594 -0.341552734375 1.158447265625
0.0521774291992188 -0.0647239685058594 0.0362319946289062 0.118148803710938
0.025360107421875 -0.0697059631347656 0.45916748046875 -1.0904541015625
0.0308990478515625 -0.0493659973144531 -0.598876953125 -1.5013427734375
0.0548248291015625 -0.0168304443359375 -1.348388671875 -0.1845703125
0.0619163513183594 -0.0416221618652344 -0.6456298828125 0.86566162109375
0.0701179504394531 -0.053619384765625 0.12518310546875 0.77197265625
-0.0105743408203125 -0.0288066864013672 0.531005859375 0.176605224609375
-0.0291881561279297 -0.0324783325195312 0.436065673828125 -0.3402099609375
-0.00937652587890625 -0.0792388916015625 -0.46826171875 0.328216552734375
0.0219497680664063 -0.0187168121337891 -0.518463134765625 -0.14166259765625
0.0506553649902344 -0.0656700134277344 -0.15460205078125 -0.75341796875
0.0755996704101562 -0.0247802734375 0.6748046875 -0.8631591796875
0.0390243530273438 0.0427360534667969 1.2886962890625 0.2125244140625
-0.0193557739257813 -0.035552978515625 0.676025390625 1.366455078125
0.025848388671875 -0.0450859069824219 -0.2921142578125 1.1700439453125
0.0498161315917969 -0.0646476745605469 0.0434112548828125 0.135894775390625
0.0245361328125 -0.0664138793945313 0.5048828125 -1.0745849609375
0.0304336547851563 -0.0488357543945312 -0.5323486328125 -1.537353515625
0.05413818359375 -0.0132904052734375 -1.35205078125 -0.249267578125
0.0613136291503906 -0.0345191955566406 -0.6988525390625 0.842529296875
0.0701560974121094 -0.0501251220703125 0.07745361328125 0.7738037109375
-0.00900459289550781 -0.0310783386230469 0.513031005859375 0.180694580078125
-0.0306396484375 -0.0363006591796875 0.43084716796875 -0.33636474609375
-0.0030975341796875 -0.0781021118164062 -0.4708251953125 0.33807373046875
0.0217571258544922 -0.0162925720214844 -0.5367431640625 -0.13531494140625
0.0400505065917969 -0.0572662353515625 -0.19342041015625 -0.74835205078125
0.0600242614746094 -0.0158233642578125 0.63128662109375 -0.87841796875
0.0284385681152344 0.0443954467773437 1.284912109375 0.1639404296875
-0.022796630859375 -0.0331878662109375 0.7208251953125 1.33203125
0.0257377624511719 -0.0411949157714844 -0.255126953125 1.1787109375
0.0503158569335938 -0.0545806884765625 0.05255126953125 0.15142822265625
0.0287284851074219 -0.0599212646484375 0.55120849609375 -1.05755615234375
0.031951904296875 -0.0475425720214844 -0.4688720703125 -1.5679931640625
0.0415534973144531 -0.0101966857910156 -1.3470458984375 -0.3048095703125
0.0476303100585937 -0.0244865417480469 -0.7418212890625 0.81744384765625
0.0601997375488281 -0.0417137145996094 0.0396728515625 0.76910400390625
-0.00766563415527344 -0.0287933349609375 0.497283935546875 0.180999755859375
-0.0247993469238281 -0.0381278991699219 0.424957275390625 -0.3355712890625
0.0371208190917969 -0.0418167114257813 -0.44287109375 0.335235595703125
0.0490036010742188 0.0071563720703125 -0.435394287109375 -0.145355224609375
0.000904321670532227 0.00274014472961426 -0.00152587890625003 -0.77008056640625
-0.0290622711181641 0.0300216674804688 0.84619140625 -0.77886962890625
-0.0602684020996094 0.0425186157226562 1.29931640625 0.403564453125
-0.0235748291015625 -0.0362472534179688 0.491943359375 1.4959716796875
0.0677108764648438 0.00982284545898437 -0.4385986328125 1.1429443359375
0.07427978515625 0.0140457153320313 0.033599853515625 0.0790786743164063
0.0638160705566406 -0.0173377990722656 0.3692626953125 -1.13525390625
0.0151901245117187 -0.04571533203125 -0.7440185546875 -1.420654296875
-0.0447120666503906 -0.000385284423828117 -1.3409423828125 -0.0368652343750001
-0.0329666137695313 0.0305366516113281 -0.52508544921875 0.92071533203125
0.00712108612060547 0.00612163543701172 0.2418212890625 0.77166748046875
0.00765466690063477 0.00526571273803711 0.5936279296875 0.15838623046875
0.0234088897705078 -0.00109672546386719 0.4576416015625 -0.34820556640625
0.0244369506835937 -0.0482215881347656 -0.44073486328125 0.33135986328125
0.0477790832519531 0.00196456909179688 -0.4337158203125 -0.14556884765625
0.0209178924560547 -0.013031005859375 0.00665283203125008 -0.76556396484375
0.00182628631591797 0.0161552429199219 0.85699462890625 -0.76947021484375
-0.0363655090332031 0.0412330627441406 1.2923583984375 0.420166015625
-0.0206260681152344 -0.0375938415527344 0.472412109375 1.5020751953125
0.0597915649414063 -0.00254440307617188 -0.451171875 1.1387939453125
0.0706939697265625 -0.0048980712890625 0.0276947021484375 0.0761642456054688
0.0543251037597656 -0.0305252075195313 0.3538818359375 -1.1373291015625
0.0189476013183594 -0.0477561950683594 -0.7586669921875 -1.4110107421875
-0.0199813842773438 -0.00763702392578125 -1.3363037109375 -0.0230712890624998
-0.00917243957519531 0.00991153717041016 -0.5093994140625 0.924072265625
0.0225009918212891 -0.00890350341796875 0.25146484375 0.76885986328125
0.00338292121887207 3.40938568115234E-05 0.59442138671875 0.15704345703125
0.0101661682128906 -0.00507831573486328 0.45452880859375 -0.35223388671875
0.0124130249023438 -0.0579338073730469 -0.44171142578125 0.326416015625
0.0432052612304688 -0.0051727294921875 -0.439849853515625 -0.1461181640625
0.0403099060058594 -0.0309333801269531 -0.00231933593749993 -0.765380859375
0.0325870513916016 0.00158500671386719 0.8438720703125 -0.7779541015625
-0.0108757019042969 0.0415382385253906 1.295166015625 0.4051513671875
-0.0189628601074219 -0.0381431579589844 0.4893798828125 1.4927978515625
0.0506782531738281 -0.0191307067871094 -0.4381103515625 1.1378173828125
0.0653343200683594 -0.0265121459960938 0.0263442993164063 0.0785446166992188
0.0433540344238281 -0.0439910888671875 0.3524169921875 -1.134521484375
0.0224189758300781 -0.0490570068359375 -0.7586669921875 -1.4102783203125
0.00538158416748047 -0.0134057998657227 -1.3394775390625 -0.0284423828125001
0.0138425827026367 -0.0109567642211914 -0.51605224609375 0.9271240234375
0.0387763977050781 -0.0257186889648438 0.24322509765625 0.77203369140625
-0.00289344787597656 -0.00828886032104492 0.5897216796875 0.15838623046875
-0.000993728637695312 -0.0111522674560547 0.452117919921875 -0.352386474609375
0.0019989013671875 -0.0661811828613281 -0.447540283203125 0.32611083984375
0.0378990173339844 -0.0110435485839844 -0.45458984375 -0.143585205078125
0.0540122985839844 -0.0487403869628906 -0.0318603515625001 -0.76361083984375
0.0598793029785156 -0.012054443359375 0.8135986328125 -0.7989501953125
0.0126228332519531 0.04217529296875 1.296630859375 0.3714599609375
-0.0176925659179688 -0.0381202697753906 0.52099609375 1.4736328125
0.0410537719726563 -0.0314750671386719 -0.4119873046875 1.147216796875
0.0597801208496094 -0.0453453063964844 0.0266799926757813 0.088165283203125
0.0342941284179687 -0.0562782287597656 0.3690185546875 -1.126220703125
0.0258750915527344 -0.0497207641601563 -0.7286376953125 -1.4324951171875
0.0289115905761719 -0.0168724060058594 -1.3428955078125 -0.0603027343750002
0.0357322692871094 -0.0274810791015625 -0.54559326171875 0.91632080078125
0.0531578063964844 -0.0410919189453125 0.21661376953125 0.77520751953125
-0.00741291046142578 -0.0165061950683594 0.576171875 0.16375732421875
-0.0141887664794922 -0.0194625854492188 0.44775390625 -0.350677490234375
-0.0077972412109375 -0.0738449096679687 -0.454559326171875 0.3265380859375
0.0318546295166016 -0.0158348083496094 -0.476165771484375 -0.143524169921875
0.0604629516601563 -0.0593376159667969 -0.069580078125 -0.761474609375
0.0770111083984375 -0.0210418701171875 0.77508544921875 -0.8223876953125
0.0301589965820313 0.0426025390625 1.3011474609375 0.322021484375
-0.0174674987792969 -0.0370750427246094 0.569580078125 1.4461669921875
0.03253173828125 -0.0420074462890625 -0.379150390625 1.157470703125
0.0537948608398438 -0.0589561462402344 0.0313644409179687 0.102890014648437
0.0272903442382813 -0.0656547546386719 0.4078369140625 -1.1143798828125
0.0286674499511719 -0.0510940551757813 -0.6815185546875 -1.4678955078125
0.0474739074707031 -0.0180931091308594 -1.353759765625 -0.114501953125
0.0529365539550781 -0.0398063659667969 -0.5916748046875 0.89910888671875
0.0649185180664063 -0.0505256652832031 0.17755126953125 0.77880859375
-0.0102424621582031 -0.0226554870605469 0.558197021484375 0.16796875
-0.0233669281005859 -0.0264244079589844 0.444122314453125 -0.347015380859375
-0.0118408203125 -0.07952880859375 -0.461700439453125 0.32904052734375
0.0276012420654297 -0.0189952850341797 -0.49835205078125 -0.1409912109375
0.0590591430664063 -0.0668449401855469 -0.11419677734375 -0.760498046875
0.0835113525390625 -0.0276336669921875 0.72412109375 -0.84869384765625
0.0398712158203125 0.0413360595703125 1.3011474609375 0.2640380859375
-0.0185737609863281 -0.0381317138671875 0.62841796875 1.4095458984375
0.026702880859375 -0.0477066040039063 -0.3326416015625 1.167724609375
0.0508689880371094 -0.0653305053710938 0.0377655029296875 0.11932373046875
0.02398681640625 -0.0700950622558594 0.4525146484375 -1.10174560546875
0.0310173034667969 -0.0499763488769531 -0.6168212890625 -1.50439453125
0.0558700561523438 -0.0175666809082031 -1.3592529296875 -0.17431640625
0.0616989135742188 -0.041412353515625 -0.6434326171875 0.87890625
0.0704345703125 -0.0535888671875 0.13116455078125 0.77813720703125
-0.0105171203613281 -0.0276126861572266 0.536102294921875 0.171661376953125
-0.0293254852294922 -0.0324745178222656 0.434478759765625 -0.34515380859375
-0.0108108520507813 -0.0802383422851563 -0.4671630859375 0.335723876953125
0.0238876342773438 -0.019989013671875 -0.521820068359375 -0.134613037109375
0.0515327453613281 -0.0651168823242188 -0.16204833984375 -0.75714111328125
0.0764236450195313 -0.0259017944335938 0.67047119140625 -0.8753662109375
0.0403060913085938 0.041900634765625 1.29833984375 0.200927734375
-0.0196418762207031 -0.0366058349609375 0.690185546875 1.3675537109375
0.0239601135253906 -0.0480232238769531 -0.2843017578125 1.1806640625
0.0485916137695313 -0.0646247863769531 0.045440673828125 0.136665344238281
0.0240592956542969 -0.0677680969238281 0.4998779296875 -1.08514404296875
0.030059814453125 -0.0495986938476563 -0.55029296875 -1.5404052734375
0.054290771484375 -0.014190673828125 -1.3663330078125 -0.2384033203125
0.06158447265625 -0.0360565185546875 -0.69671630859375 0.8533935546875
0.0699882507324219 -0.0513458251953125 0.0845947265625 0.77789306640625
-0.00938224792480469 -0.0284976959228516 0.516998291015625 0.17535400390625
-0.0294761657714844 -0.0364875793457031 0.43035888671875 -0.34222412109375
-0.00448608398437499 -0.0802688598632813 -0.470611572265625 0.344268798828125
0.0227985382080078 -0.0171413421630859 -0.541107177734375 -0.131072998046875
0.039520263671875 -0.0570449829101563 -0.20068359375 -0.75128173828125
0.0610237121582031 -0.0182991027832031 0.62872314453125 -0.893310546875
0.0299224853515625 0.0429840087890625 1.2958984375 0.1539306640625
-0.0215263366699219 -0.0343456268310547 0.7374267578125 1.3380126953125
0.0262603759765625 -0.0412025451660156 -0.2474365234375 1.188720703125
0.0489616394042969 -0.0545730590820313 0.0539398193359375 0.152496337890625
0.0282669067382812 -0.0618705749511719 0.5438232421875 -1.06927490234375
0.0301933288574219 -0.0484733581542969 -0.4837646484375 -1.5750732421875
0.04180908203125 -0.0104598999023438 -1.3612060546875 -0.2967529296875
0.04766845703125 -0.0247383117675781 -0.73974609375 0.82781982421875
0.0606231689453125 -0.043609619140625 0.0472412109375001 0.7747802734375
-0.00731277465820312 -0.0282859802246094 0.503082275390625 0.17608642578125
-0.0258255004882812 -0.037811279296875 0.424560546875 -0.343780517578125
0.0379066467285156 -0.0438690185546875 -0.439605712890625 0.34326171875
0.050384521484375 0.00652313232421875 -0.439666748046875 -0.140899658203125
0.000917196273803711 0.00392079353332519 -0.00817871093749995 -0.77508544921875
-0.0300807952880859 0.0308666229248047 0.8447265625 -0.7943115234375
-0.0588340759277344 0.0420913696289063 1.310546875 0.391845703125
-0.0220832824707031 -0.0367088317871094 0.50830078125 1.5003662109375
0.0685348510742188 0.00776290893554688 -0.4293212890625 1.1531982421875
0.075164794921875 0.013824462890625 0.0346221923828125 0.079071044921875
0.064422607421875 -0.0183181762695313 0.363037109375 -1.14404296875
0.0159873962402344 -0.0472755432128906 -0.760009765625 -1.4232177734375
-0.0445556640625 -8.39233398437555E-05 -1.3492431640625 -0.0247802734374999
-0.0324172973632813 0.030731201171875 -0.518310546875 0.93316650390625
0.007843017578125 0.00596809387207031 0.2520751953125 0.77423095703125
0.00805425643920898 0.00604391098022461 0.59954833984375 0.1534423828125
0.0245838165283203 -0.0012664794921875 0.45684814453125 -0.355865478515625
0.0237159729003906 -0.0510787963867188 -0.43829345703125 0.33807373046875
0.0488624572753906 0.000659942626953125 -0.43609619140625 -0.14093017578125
0.0207843780517578 -0.0128421783447266 6.10351562499926E-05 -0.7696533203125
0.00128650665283203 0.0166568756103516 0.8544921875 -0.78497314453125
-0.0355720520019531 0.0400390625 1.3035888671875 0.408447265625
-0.0203094482421875 -0.0387039184570313 0.48779296875 1.509765625
0.0603599548339844 -0.0048675537109375 -0.442138671875 1.148681640625
0.0701255798339844 -0.00448226928710938 0.028594970703125 0.0763702392578125
0.0540618896484375 -0.0308609008789063 0.3450927734375 -1.1474609375
0.0190010070800781 -0.0478439331054688 -0.778076171875 -1.4112548828125
-0.0198955535888672 -0.00672531127929687 -1.3453369140625 -0.0118408203124998
-0.00896739959716797 0.0103139877319336 -0.50531005859375 0.93731689453125
0.0223388671875 -0.00977325439453125 0.2620849609375 0.772216796875
0.00444841384887695 -0.000265121459960938 0.59912109375 0.150634765625
0.0111274719238281 -0.00559329986572266 0.453094482421875 -0.359588623046875
0.0105056762695313 -0.0593833923339844 -0.439605712890625 0.334381103515625
0.0441207885742187 -0.00589370727539062 -0.44232177734375 -0.14166259765625
0.0407295227050781 -0.031646728515625 -0.0108642578124999 -0.76910400390625
0.0328845977783203 0.001129150390625 0.84210205078125 -0.793701171875
-0.0110664367675781 0.0418815612792969 1.307861328125 0.3927001953125
-0.0186805725097656 -0.040435791015625 0.5062255859375 1.5006103515625
0.0513458251953125 -0.0205574035644531 -0.4295654296875 1.15087890625
0.0647621154785156 -0.0268058776855469 0.027313232421875 0.0796966552734375
0.0434074401855469 -0.0447921752929688 0.34228515625 -1.144775390625
0.0230522155761719 -0.0496864318847656 -0.7774658203125 -1.4111328125
0.00523281097412109 -0.0128631591796875 -1.34814453125 -0.0141601562499999
0.0136127471923828 -0.0103492736816406 -0.51019287109375 0.93701171875
0.0379829406738281 -0.0266952514648437 0.2552490234375 0.77374267578125
-0.00196981430053711 -0.00845098495483398 0.594482421875 0.1517333984375
-0.00198841094970703 -0.0114612579345703 0.45135498046875 -0.357696533203125
0.000560760498046878 -0.0685234069824219 -0.444915771484375 0.333282470703125
0.0392684936523438 -0.0122222900390625 -0.456634521484375 -0.137939453125
0.0531845092773438 -0.0475540161132813 -0.0408935546875001 -0.76776123046875
0.0590972900390625 -0.0124320983886719 0.81280517578125 -0.81494140625
0.0128440856933594 0.0418434143066406 1.3087158203125 0.358642578125
-0.0170211791992188 -0.0397682189941406 0.54052734375 1.481201171875
0.0403518676757813 -0.0331382751464844 -0.403564453125 1.1600341796875
0.0584335327148437 -0.0457534790039063 0.0283966064453125 0.0895919799804688
0.03424072265625 -0.0572319030761719 0.3638916015625 -1.1378173828125
0.0262222290039063 -0.0504722595214844 -0.748779296875 -1.4359130859375
0.0293598175048828 -0.0171699523925781 -1.353271484375 -0.0458984374999999
0.0348300933837891 -0.0292034149169922 -0.5386962890625 0.9283447265625
0.0534286499023438 -0.040985107421875 0.22662353515625 0.7772216796875
-0.00696945190429688 -0.0158452987670898 0.58203125 0.1561279296875
-0.0139350891113281 -0.0191192626953125 0.447052001953125 -0.355499267578125
-0.00925445556640625 -0.0758132934570312 -0.451904296875 0.3333740234375
0.0329952239990234 -0.0180168151855469 -0.4791259765625 -0.13800048828125
0.0602531433105469 -0.0599708557128906 -0.0781860351562499 -0.76708984375
0.0764083862304688 -0.02215576171875 0.77313232421875 -0.83837890625
0.031280517578125 0.0413589477539063 1.3133544921875 0.309814453125
-0.0176620483398438 -0.0395889282226563 0.587890625 1.4505615234375
0.0328216552734375 -0.0435295104980469 -0.370361328125 1.1666259765625
0.0528297424316406 -0.05999755859375 0.0322952270507813 0.103729248046875
0.0270309448242188 -0.0657577514648438 0.4024658203125 -1.126953125
0.0292282104492188 -0.0511016845703125 -0.6995849609375 -1.4716796875
0.0467262268066406 -0.0190162658691406 -1.364013671875 -0.0991210937500003
0.0524177551269531 -0.0394058227539063 -0.58721923828125 0.91033935546875
0.0641860961914063 -0.0523033142089844 0.1866455078125 0.78033447265625
-0.0104713439941406 -0.022705078125 0.5634765625 0.16058349609375
-0.0229587554931641 -0.0269680023193359 0.442138671875 -0.354217529296875
-0.0137863159179688 -0.0811996459960938 -0.459625244140625 0.338623046875
0.0284862518310547 -0.0202369689941406 -0.5006103515625 -0.1343994140625
0.0581817626953125 -0.0668373107910156 -0.12286376953125 -0.7645263671875
0.0821380615234375 -0.0280838012695313 0.71917724609375 -0.862060546875
0.0413856506347656 0.0402336120605469 1.311767578125 0.2496337890625
-0.017425537109375 -0.0389518737792969 0.64697265625 1.4169921875
0.0258827209472656 -0.0487213134765625 -0.32421875 1.178955078125
0.0498313903808594 -0.0662422180175781 0.03887939453125 0.120513916015625
0.0224380493164063 -0.0701522827148438 0.4449462890625 -1.1136474609375
0.0306930541992187 -0.0512123107910156 -0.6368408203125 -1.5115966796875
0.0555686950683594 -0.0180587768554687 -1.3707275390625 -0.1640625
0.0611572265625 -0.0426521301269531 -0.63885498046875 0.89019775390625
0.0705413818359375 -0.0551605224609375 0.1429443359375 0.7802734375
-0.0104999542236328 -0.0277328491210938 0.541748046875 0.166015625
-0.0293827056884766 -0.0328407287597656 0.434478759765625 -0.354278564453125
-0.0120849609375 -0.0833282470703125 -0.464385986328125 0.34259033203125
0.0246162414550781 -0.0210704803466797 -0.526519775390625 -0.13134765625
0.0508155822753906 -0.0658721923828125 -0.17218017578125 -0.75909423828125
0.0755844116210938 -0.0265579223632813 0.6658935546875 -0.8895263671875
0.0411338806152344 0.0401382446289063 1.310302734375 0.188232421875
-0.0180091857910156 -0.0384292602539063 0.7078857421875 1.3720703125
0.02471923828125 -0.0485610961914063 -0.2744140625 1.18994140625
0.0473175048828125 -0.0657730102539063 0.0476760864257812 0.138671875
0.0217819213867187 -0.0686149597167969 0.4923095703125 -1.0972900390625
0.030975341796875 -0.0502433776855469 -0.56689453125 -1.547607421875
0.0536575317382813 -0.0142059326171875 -1.3758544921875 -0.230224609375
0.0605735778808594 -0.0371284484863281 -0.69281005859375 0.86749267578125
0.0695877075195313 -0.0538063049316406 0.0935668945312499 0.78216552734375
-0.00993728637695312 -0.0295677185058594 0.52276611328125 0.169036865234375
-0.0297813415527344 -0.0368728637695313 0.43060302734375 -0.35040283203125
-0.00640106201171875 -0.08233642578125 -0.468017578125 0.353118896484375
0.0232563018798828 -0.018951416015625 -0.545379638671875 -0.125030517578125
0.0377464294433594 -0.057403564453125 -0.2110595703125 -0.751953125
0.0601234436035156 -0.017852783203125 0.62310791015625 -0.90673828125
0.0311775207519531 0.0424613952636719 1.3037109375 0.138916015625
-0.0207710266113281 -0.0358238220214844 0.7572021484375 1.3367919921875
0.0251350402832031 -0.0439338684082031 -0.2347412109375 1.19921875
0.0469398498535156 -0.0555191040039062 0.0553436279296875 0.1522216796875
0.0264244079589844 -0.0631790161132813 0.53924560546875 -1.08148193359375
0.0315361022949219 -0.0494194030761719 -0.5048828125 -1.5792236328125
0.0418128967285156 -0.0116462707519531 -1.3731689453125 -0.286376953125
0.0490913391113281 -0.0259132385253906 -0.7373046875 0.843017578125
0.0601577758789063 -0.0446434020996094 0.056884765625 0.77783203125
-0.00830841064453125 -0.0283355712890625 0.506866455078125 0.167816162109375
-0.0256538391113281 -0.0378570556640625 0.424957275390625 -0.3515625
0.0364227294921875 -0.0463714599609375 -0.438262939453125 0.3511962890625
0.0523643493652344 0.00439834594726563 -0.44122314453125 -0.13409423828125
0.00159502029418945 0.00469112396240234 -0.0203857421875001 -0.777099609375
-0.0300273895263672 0.0322132110595703 0.84002685546875 -0.81219482421875
-0.0583877563476562 0.0417098999023438 1.3233642578125 0.37841796875
-0.0219039916992187 -0.0378074645996094 0.5262451171875 1.503662109375
0.0694198608398438 0.00634384155273438 -0.4183349609375 1.1658935546875
0.0740966796875 0.0137481689453125 0.0353622436523438 0.0810546875
0.0629806518554687 -0.0198211669921875 0.3511962890625 -1.1536865234375
0.0155029296875 -0.047088623046875 -0.7822265625 -1.4217529296875
-0.0452919006347656 0.000450134277343745 -1.356689453125 -0.00915527343750024
-0.032928466796875 0.0324859619140625 -0.509033203125 0.94415283203125
0.00800085067749023 0.00695991516113281 0.2626953125 0.77593994140625
0.00856685638427734 0.00606632232666016 0.60595703125 0.14453125
0.0239715576171875 -0.00168609619140625 0.4539794921875 -0.363250732421875
0.0224266052246094 -0.0541229248046875 -0.435028076171875 0.345458984375
0.0496292114257813 -0.000774383544921875 -0.438507080078125 -0.13525390625
0.0201301574707031 -0.0133152008056641 -0.00976562500000005 -0.77508544921875
0.000974655151367186 0.0161123275756836 0.8489990234375 -0.8006591796875
-0.0348739624023438 0.0408439636230469 1.3153076171875 0.3941650390625
-0.0195770263671875 -0.0406990051269531 0.5047607421875 1.512451171875
0.0603675842285156 -0.00646591186523437 -0.4310302734375 1.16162109375
0.0704269409179687 -0.0069732666015625 0.02923583984375 0.07708740234375
0.0528068542480469 -0.0329055786132813 0.3349609375 -1.1558837890625
0.0186805725097656 -0.0491752624511719 -0.79736328125 -1.411865234375
-0.0203628540039062 -0.00628471374511719 -1.35302734375 0.00524902343750021
-0.00979328155517578 0.0110569000244141 -0.4970703125 0.9488525390625
0.0232410430908203 -0.00958633422851562 0.271728515625 0.77386474609375
0.00432419776916504 -0.00010371208190918 0.60614013671875 0.14019775390625
0.0107364654541016 -0.00640487670898438 0.451171875 -0.367462158203125
0.00919342041015625 -0.0619354248046875 -0.437835693359375 0.34197998046875
0.0445518493652344 -0.00667190551757813 -0.4451904296875 -0.13543701171875
0.0393791198730469 -0.0324745178222656 -0.020751953125 -0.77508544921875
0.0320186614990234 0.00121116638183594 0.83624267578125 -0.81005859375
-0.00920867919921875 0.0414199829101562 1.3204345703125 0.37939453125
-0.018524169921875 -0.0405502319335937 0.5262451171875 1.5028076171875
0.0511589050292969 -0.021820068359375 -0.41943359375 1.1622314453125
0.0642280578613281 -0.0290985107421875 0.027801513671875 0.079681396484375
0.041900634765625 -0.0468368530273438 0.33251953125 -1.154541015625
0.0218734741210938 -0.0509567260742188 -0.798583984375 -1.41015625
0.00515556335449219 -0.013249397277832 -1.3553466796875 -0.000488281250000286
0.0138216018676758 -0.0111865997314453 -0.50048828125 0.947998046875
0.0388336181640625 -0.0274810791015625 0.2650146484375 0.77655029296875
-0.00241994857788086 -0.00734138488769531 0.6005859375 0.14361572265625
-0.00139141082763672 -0.0121498107910156 0.44989013671875 -0.36767578125
-0.00235748291015625 -0.07049560546875 -0.441741943359375 0.3421630859375
0.0393486022949219 -0.014312744140625 -0.460662841796875 -0.13189697265625
0.0527420043945313 -0.0481376647949219 -0.0503540039062501 -0.7713623046875
0.0593223571777344 -0.0136756896972656 0.8060302734375 -0.828857421875
0.0144462585449219 0.0407333374023438 1.320068359375 0.34228515625
-0.018096923828125 -0.0407485961914063 0.5592041015625 1.4808349609375
0.0401382446289063 -0.0347633361816406 -0.39404296875 1.16845703125
0.0576629638671875 -0.0474281311035156 0.0294265747070312 0.0902633666992188
0.0325927734375 -0.0582656860351563 0.3492431640625 -1.1470947265625
0.0268402099609375 -0.0519256591796875 -0.770263671875 -1.435791015625
0.0291500091552734 -0.0180282592773438 -1.361083984375 -0.0317382812499997
0.0354881286621094 -0.0288963317871094 -0.53033447265625 0.940673828125
0.0531578063964844 -0.0433349609375 0.238037109375 0.7779541015625
-0.00652503967285156 -0.0154075622558594 0.58648681640625 0.1492919921875
-0.0136833190917969 -0.0187892913818359 0.44586181640625 -0.36517333984375
-0.010162353515625 -0.0774078369140625 -0.44842529296875 0.342041015625
0.0339412689208984 -0.0191516876220703 -0.48199462890625 -0.1318359375
0.0595245361328125 -0.0608482360839844 -0.0880737304687499 -0.76904296875
0.0768890380859375 -0.023162841796875 0.76446533203125 -0.85101318359375
0.0326728820800781 0.0393714904785156 1.3236083984375 0.2969970703125
-0.0171356201171875 -0.0412521362304688 0.6053466796875 1.450927734375
0.0316581726074219 -0.0448646545410156 -0.35693359375 1.1773681640625
0.052154541015625 -0.0599174499511719 0.0331954956054688 0.103965759277344
0.0252609252929688 -0.066741943359375 0.3917236328125 -1.1361083984375
0.0288467407226563 -0.0521163940429688 -0.7200927734375 -1.468994140625
0.0466957092285156 -0.0199241638183594 -1.3726806640625 -0.0847167968750002
0.0519142150878906 -0.0409126281738281 -0.57794189453125 0.923828125
0.0633888244628906 -0.0539703369140625 0.1964111328125 0.7821044921875
-0.0101413726806641 -0.0222797393798828 0.56854248046875 0.15301513671875
-0.0232658386230469 -0.0262584686279297 0.439666748046875 -0.363372802734375
-0.0154266357421875 -0.0826797485351563 -0.45477294921875 0.34625244140625
0.0294132232666016 -0.0218963623046875 -0.506256103515625 -0.129730224609375
0.0582504272460937 -0.0676803588867187 -0.13311767578125 -0.76483154296875
0.0820159912109375 -0.0287017822265625 0.7120361328125 -0.8773193359375
0.0428886413574219 0.0394630432128906 1.323486328125 0.2352294921875
-0.0178070068359375 -0.0405387878417969 0.6651611328125 1.4149169921875
0.0254364013671875 -0.0498390197753906 -0.3114013671875 1.189453125
0.04791259765625 -0.0664901733398438 0.04107666015625 0.120498657226563
0.0218658447265625 -0.0716171264648438 0.43603515625 -1.12249755859375
0.0302886962890625 -0.0510597229003906 -0.656982421875 -1.511474609375
0.0557289123535156 -0.019683837890625 -1.3790283203125 -0.1494140625
0.0610694885253906 -0.0443229675292969 -0.631591796875 0.90289306640625
0.0698890686035156 -0.0573043823242188 0.15203857421875 0.783203125
-0.0101127624511719 -0.0270709991455078 0.547210693359375 0.1578369140625
-0.0301475524902344 -0.032318115234375 0.432220458984375 -0.36163330078125
-0.0145263671875 -0.0857086181640625 -0.46270751953125 0.352996826171875
0.0257415771484375 -0.022705078125 -0.5294189453125 -0.12384033203125
0.0509567260742188 -0.0666847229003906 -0.18267822265625 -0.758544921875
0.0750503540039063 -0.0278167724609375 0.6573486328125 -0.905029296875
0.0425224304199219 0.0393142700195313 1.3170166015625 0.1715087890625
-0.0178794860839844 -0.0395469665527344 0.724853515625 1.37109375
0.0224227905273438 -0.0500907897949219 -0.2637939453125 1.1990966796875
0.0457420349121094 -0.0646896362304688 0.04833984375 0.138626098632813
0.0215606689453125 -0.0698394775390625 0.483642578125 -1.10784912109375
0.0306320190429687 -0.0505828857421875 -0.58642578125 -1.549072265625
0.054840087890625 -0.0157890319824219 -1.386474609375 -0.2130126953125
0.0611839294433594 -0.0385322570800781 -0.68524169921875 0.8790283203125
0.0698890686035156 -0.0547828674316406 0.1051025390625 0.7860107421875
-0.00990104675292969 -0.0290679931640625 0.52716064453125 0.162017822265625
-0.0300559997558594 -0.0366859436035156 0.42822265625 -0.359710693359375
-0.00818634033203126 -0.0847854614257813 -0.464874267578125 0.361785888671875
0.0255031585693359 -0.0207042694091797 -0.54742431640625 -0.11798095703125
0.0377082824707031 -0.0580978393554687 -0.21990966796875 -0.7548828125
0.0598258972167969 -0.018951416015625 0.61407470703125 -0.91925048828125
0.0330924987792969 0.0419120788574219 1.312255859375 0.12451171875
-0.020416259765625 -0.036956787109375 0.771484375 1.3372802734375
0.0241928100585937 -0.0450897216796875 -0.2216796875 1.2083740234375
0.0466651916503906 -0.0566253662109375 0.0571441650390625 0.153701782226563
0.0256195068359375 -0.0634727478027344 0.5301513671875 -1.091796875
0.0300712585449219 -0.0503730773925781 -0.524169921875 -1.5821533203125
0.0428085327148438 -0.0124855041503906 -1.385009765625 -0.271240234375
0.0488243103027344 -0.0267486572265625 -0.73138427734375 0.85723876953125
0.0596847534179688 -0.0458869934082031 0.0638427734375 0.7828369140625
-0.00823974609375 -0.0275421142578125 0.511199951171875 0.16217041015625
-0.0256881713867187 -0.0382843017578125 0.422271728515625 -0.3585205078125
0.0344047546386719 -0.0492973327636719 -0.433074951171875 0.35980224609375
0.0528831481933594 0.00188064575195313 -0.443634033203125 -0.128936767578125
0.00139904022216797 0.00507926940917969 -0.0306396484374999 -0.78192138671875
-0.0303840637207031 0.0326976776123047 0.8316650390625 -0.828857421875
-0.0576324462890625 0.0428962707519531 1.3331298828125 0.361328125
-0.0216941833496094 -0.0392036437988281 0.5496826171875 1.5050048828125
0.0691604614257812 0.00391769409179687 -0.4046630859375 1.1771240234375
0.0741348266601563 0.013031005859375 0.0353927612304688 0.07965087890625
0.0632438659667969 -0.0205039978027344 0.33837890625 -1.16455078125
0.01544189453125 -0.047210693359375 -0.8021240234375 -1.4166259765625
-0.0446853637695313 0.00153732299804688 -1.3643798828125 0.00476074218750001
-0.0322208404541016 0.032867431640625 -0.49908447265625 0.9560546875
0.00746345520019531 0.00560998916625977 0.27545166015625 0.77490234375
0.0100650787353516 0.00664234161376953 0.6090087890625 0.13580322265625
0.0244274139404297 -0.00283241271972656 0.45074462890625 -0.3729248046875
0.0203971862792969 -0.0552215576171875 -0.430816650390625 0.35498046875
0.0507392883300781 -0.00321578979492188 -0.440826416015625 -0.130218505859375
0.0201587677001953 -0.0122928619384766 -0.0200195312499999 -0.776611328125
0.000335693359374999 0.017268180847168 0.84149169921875 -0.81658935546875
-0.0337677001953125 0.0406990051269531 1.3277587890625 0.379150390625
-0.0198516845703125 -0.0410041809082031 0.526611328125 1.512939453125
0.06097412109375 -0.00821685791015625 -0.41943359375 1.1729736328125
0.0698013305664063 -0.0064697265625 0.0298843383789063 0.0771102905273438
0.0531196594238281 -0.0333671569824219 0.3193359375 -1.1666259765625
0.0179824829101563 -0.0489959716796875 -0.8184814453125 -1.4072265625
-0.0203227996826172 -0.00609207153320312 -1.3583984375 0.0223388671874999
-0.00928878784179688 0.0105476379394531 -0.4873046875 0.95947265625
0.0231285095214844 -0.0106525421142578 0.28466796875 0.77337646484375
0.00494241714477539 -0.000328540802001953 0.6094970703125 0.1317138671875
0.0109825134277344 -0.00648403167724609 0.446685791015625 -0.376678466796875
0.00782012939453125 -0.0645370483398437 -0.433929443359375 0.350372314453125
0.0456619262695313 -0.0101127624511719 -0.44671630859375 -0.129486083984375
0.0391845703125 -0.0305824279785156 -0.0316162109374999 -0.7777099609375
0.0318374633789063 0.00100898742675781 0.82763671875 -0.82611083984375
-0.00873184204101563 0.0406570434570313 1.3292236328125 0.3616943359375
-0.0183639526367188 -0.0426025390625 0.5462646484375 1.5023193359375
0.0498085021972656 -0.0239601135253906 -0.40576171875 1.1717529296875
0.0638771057128906 -0.0282020568847656 0.0287933349609375 0.0807037353515625
0.0410385131835938 -0.0477790832519531 0.3189697265625 -1.1632080078125
0.0216064453125 -0.0509223937988281 -0.8193359375 -1.406494140625
0.00570964813232422 -0.0128087997436523 -1.36181640625 0.0185546875000002
0.0137004852294922 -0.0113506317138672 -0.48968505859375 0.9610595703125
0.038330078125 -0.0290336608886719 0.27886962890625 0.77557373046875
-0.000754356384277344 -0.0068511962890625 0.60467529296875 0.13372802734375
-0.00171661376953125 -0.0126399993896484 0.4459228515625 -0.37518310546875
-0.00440216064453125 -0.0724868774414063 -0.43804931640625 0.350433349609375
0.0401763916015625 -0.0164871215820313 -0.46075439453125 -0.127044677734375
0.0545158386230469 -0.0487174987792969 -0.0618896484375 -0.77313232421875
0.0588569641113281 -0.0137443542480469 0.79644775390625 -0.8441162109375
0.0156059265136719 0.0401535034179688 1.3294677734375 0.327880859375
-0.0181350708007813 -0.0415115356445313 0.578125 1.480712890625
0.0395393371582031 -0.0367507934570313 -0.38134765625 1.180419921875
0.0555458068847656 -0.0471229553222656 0.0296783447265625 0.0896530151367188
0.0311546325683594 -0.0594444274902344 0.3409423828125 -1.1556396484375
0.0259056091308594 -0.0514907836914063 -0.7919921875 -1.431884765625
0.0285377502441406 -0.0184974670410156 -1.366943359375 -0.0148925781249998
0.0348739624023438 -0.0298748016357422 -0.52166748046875 0.9508056640625
0.0524635314941406 -0.0448722839355469 0.2506103515625 0.78033447265625
-0.00628471374511719 -0.01470947265625 0.59088134765625 0.13934326171875
-0.013702392578125 -0.0200843811035156 0.440887451171875 -0.3731689453125
-0.0131607055664062 -0.0797958374023438 -0.444976806640625 0.350189208984375
0.0340347290039063 -0.0210056304931641 -0.48486328125 -0.1265869140625
0.058624267578125 -0.0615921020507813 -0.0985717773437501 -0.77117919921875
0.0756149291992188 -0.0240020751953125 0.75579833984375 -0.86846923828125
0.0336647033691406 0.0388221740722656 1.3326416015625 0.2784423828125
-0.0173721313476563 -0.0426979064941406 0.627197265625 1.4522705078125
0.0306549072265625 -0.0466194152832031 -0.345703125 1.1875
0.0504913330078125 -0.06005859375 0.0344924926757813 0.104385375976562
0.0238418579101563 -0.0680389404296875 0.3785400390625 -1.1453857421875
0.0280876159667969 -0.0524711608886719 -0.74072265625 -1.46728515625
0.0472335815429687 -0.0209197998046875 -1.380615234375 -0.0695800781250001
0.0509986877441406 -0.0417556762695312 -0.56927490234375 0.93597412109375
0.0635452270507813 -0.0549888610839844 0.20916748046875 0.78466796875
-0.00947189331054687 -0.0220966339111328 0.57098388671875 0.14453125
-0.0240955352783203 -0.0275535583496094 0.4364013671875 -0.3697509765625
-0.0187149047851563 -0.0846023559570313 -0.45269775390625 0.35601806640625
0.029571533203125 -0.0240573883056641 -0.50787353515625 -0.123138427734375
0.0584144592285156 -0.06781005859375 -0.1439208984375 -0.76715087890625
0.0813217163085938 -0.0307540893554688 0.7012939453125 -0.89190673828125
0.0436668395996094 0.0369300842285156 1.3309326171875 0.2197265625
-0.0171699523925781 -0.0424156188964844 0.6881103515625 1.4119873046875
0.0240821838378906 -0.0517425537109375 -0.298095703125 1.1986083984375
0.0472221374511719 -0.0665512084960938 0.0421600341796875 0.120841979980469
0.0195236206054688 -0.0712127685546875 0.4241943359375 -1.13232421875
0.0304679870605469 -0.0517692565917969 -0.6761474609375 -1.5074462890625
0.0567283630371094 -0.0209197998046875 -1.3897705078125 -0.1331787109375
0.060791015625 -0.0445480346679688 -0.6224365234375 0.9150390625
0.0700912475585937 -0.0588264465332031 0.16265869140625 0.7861328125
-0.0102806091308594 -0.0273609161376953 0.5509033203125 0.148162841796875
-0.0301647186279297 -0.0324821472167969 0.42901611328125 -0.369415283203125
-0.016754150390625 -0.087615966796875 -0.4588623046875 0.3624267578125
0.0265655517578125 -0.0242443084716797 -0.532379150390625 -0.1163330078125
0.0493888854980469 -0.0670623779296875 -0.1932373046875 -0.76129150390625
0.074951171875 -0.0286178588867188 0.64715576171875 -0.91632080078125
0.04315185546875 0.0375823974609375 1.3258056640625 0.15625
-0.0189552307128906 -0.0404930114746094 0.7459716796875 1.3695068359375
0.0226249694824219 -0.0528030395507812 -0.2462158203125 1.2081298828125
0.0448036193847656 -0.0663871765136719 0.0503387451171875 0.139129638671875
0.0198020935058594 -0.0701828002929688 0.47332763671875 -1.118896484375
0.0302696228027344 -0.0513343811035156 -0.6102294921875 -1.546142578125
0.0543975830078125 -0.0167274475097656 -1.393798828125 -0.197509765625
0.0602340698242188 -0.0401344299316406 -0.67694091796875 0.8929443359375
0.0687637329101563 -0.0566558837890625 0.11572265625 0.78857421875
-0.00986289978027343 -0.0284805297851563 0.53314208984375 0.15289306640625
-0.0299110412597656 -0.0363006591796875 0.424163818359375 -0.368255615234375
-0.011016845703125 -0.0866851806640625 -0.4598388671875 0.369903564453125
0.0261783599853516 -0.0215015411376953 -0.55023193359375 -0.109222412109375
0.0368881225585938 -0.0585098266601563 -0.23321533203125 -0.75408935546875
0.0588417053222656 -0.0196762084960938 0.6031494140625 -0.93255615234375
0.0341682434082031 0.0405387878417969 1.3212890625 0.107177734375
-0.0203170776367188 -0.038818359375 0.7923583984375 1.3350830078125
0.0242958068847656 -0.0470161437988281 -0.208740234375 1.2156982421875
0.0451316833496094 -0.0560951232910156 0.0593109130859375 0.15301513671875
0.0245933532714844 -0.0641593933105469 0.51800537109375 -1.103759765625
0.0295448303222656 -0.0507278442382813 -0.5467529296875 -1.582275390625
0.0426521301269531 -0.0128631591796875 -1.39404296875 -0.256591796875
0.0491104125976563 -0.0271377563476563 -0.72015380859375 0.868408203125
0.0604667663574219 -0.0467033386230469 0.0761718749999999 0.78472900390625
-0.00752067565917969 -0.0278110504150391 0.51611328125 0.154693603515625
-0.0265998840332031 -0.0380096435546875 0.4193115234375 -0.367279052734375
0.0322265625 -0.0509681701660156 -0.428314208984375 0.3692626953125
0.0536651611328125 0.000827789306640625 -0.445068359375 -0.122344970703125
0.00199508666992188 0.00573205947875976 -0.0418090820312501 -0.7823486328125
-0.03009033203125 0.0339546203613281 0.82037353515625 -0.8441162109375
-0.0569839477539063 0.0421562194824219 1.3419189453125 0.3426513671875
-0.021087646484375 -0.040985107421875 0.5699462890625 1.503173828125
0.0690269470214844 0.00247955322265625 -0.389404296875 1.188232421875
0.0750198364257813 0.0125198364257813 0.0374298095703125 0.0811767578125
0.0630912780761719 -0.0213737487792969 0.32470703125 -1.171630859375
0.0151176452636719 -0.0476341247558594 -0.8232421875 -1.41064453125
-0.0449028015136719 0.00155258178710938 -1.3665771484375 0.0261230468750002
-0.0320568084716797 0.0334815979003906 -0.48699951171875 0.96466064453125
0.00903892517089844 0.00600528717041016 0.28778076171875 0.77392578125
0.0109748840332031 0.00649166107177734 0.61199951171875 0.123291015625
0.0248184204101563 -0.00290298461914063 0.44671630859375 -0.37982177734375
0.0176773071289062 -0.0575599670410156 -0.426239013671875 0.362457275390625
0.0506324768066406 -0.00500106811523438 -0.442108154296875 -0.12255859375
0.0208301544189453 -0.0125370025634766 -0.0326538085937501 -0.77783203125
0.000842094421386718 0.0168094635009766 0.829833984375 -0.83160400390625
-0.0334243774414063 0.03997802734375 1.3365478515625 0.361083984375
-0.0190048217773438 -0.041900634765625 0.5516357421875 1.5103759765625
0.0609664916992188 -0.0107154846191406 -0.402099609375 1.1802978515625
0.0693168640136719 -0.00735855102539062 0.0307388305664062 0.0782623291015625
0.0518302917480469 -0.0344886779785156 0.305908203125 -1.1732177734375
0.0174293518066406 -0.0503692626953125 -0.83935546875 -1.4000244140625
-0.0206966400146484 -0.00562667846679687 -1.3602294921875 0.0399169921874999
-0.00920772552490234 0.0104875564575195 -0.47406005859375 0.96722412109375
0.0236530303955078 -0.0109310150146484 0.29718017578125 0.7711181640625
0.00539588928222656 -0.000157833099365234 0.61322021484375 0.12066650390625
0.0110769271850586 -0.00750064849853516 0.441925048828125 -0.385345458984375
0.00517654418945312 -0.0663337707519531 -0.428802490234375 0.360687255859375
0.0454788208007812 -0.0110397338867187 -0.447845458984375 -0.121246337890625
0.0398826599121094 -0.0312080383300781 -0.0430908203124999 -0.77783203125
0.0319976806640625 0.000627517700195313 0.8162841796875 -0.84161376953125
-0.00732421875 0.0393028259277344 1.339599609375 0.3438720703125
-0.0183601379394531 -0.0432929992675781 0.5660400390625 1.5003662109375
0.0500450134277344 -0.0252647399902344 -0.391845703125 1.1806640625
0.0622406005859375 -0.0287971496582031 0.0293807983398438 0.080841064453125
0.0409469604492188 -0.0477867126464844 0.3052978515625 -1.1697998046875
0.0213623046875 -0.0520706176757813 -0.8411865234375 -1.3990478515625
0.00494289398193359 -0.0133113861083984 -1.3671875 0.0346679687500001
0.0133457183837891 -0.0117206573486328 -0.47833251953125 0.9671630859375
0.0386314392089844 -0.03033447265625 0.2890625 0.7744140625
-0.000525474548339844 -0.00609874725341797 0.6077880859375 0.12408447265625
-0.00162029266357422 -0.0126962661743164 0.44049072265625 -0.3836669921875
-0.0071563720703125 -0.0746841430664063 -0.43304443359375 0.358917236328125
0.0400733947753906 -0.0180015563964844 -0.46331787109375 -0.119415283203125
0.0526161193847656 -0.0494117736816406 -0.07269287109375 -0.77447509765625
0.0579338073730469 -0.0144805908203125 0.784912109375 -0.85845947265625
0.01715087890625 0.0382308959960938 1.33935546875 0.3084716796875
-0.0172767639160156 -0.0438156127929687 0.599609375 1.481201171875
0.0385856628417969 -0.0382232666015625 -0.3641357421875 1.1875
0.0552520751953125 -0.0474205017089844 0.0316390991210938 0.0901870727539063
0.029937744140625 -0.059967041015625 0.3223876953125 -1.1612548828125
0.0246696472167969 -0.05279541015625 -0.81298828125 -1.4224853515625
0.0293807983398438 -0.018524169921875 -1.371826171875 0.00292968750000013
0.0342922210693359 -0.0313472747802734 -0.5091552734375 0.96221923828125
0.0521087646484375 -0.0460433959960938 0.26153564453125 0.7774658203125
-0.00701713562011718 -0.0144433975219727 0.59429931640625 0.13037109375
-0.0136985778808594 -0.0199470520019531 0.436981201171875 -0.381683349609375
-0.0160140991210938 -0.0817337036132813 -0.440704345703125 0.359375
0.0343456268310547 -0.0225734710693359 -0.48663330078125 -0.11834716796875
0.0589485168457031 -0.0620155334472656 -0.1112060546875 -0.77056884765625
0.0751495361328125 -0.0255203247070312 0.74371337890625 -0.87957763671875
0.0350112915039063 0.0366668701171875 1.3394775390625 0.259033203125
-0.0180473327636719 -0.0431289672851563 0.64892578125 1.4471435546875
0.0294609069824219 -0.0484962463378906 -0.3304443359375 1.196044921875
0.0499458312988281 -0.0613441467285156 0.0355377197265625 0.104721069335938
0.0220832824707031 -0.0683250427246094 0.36279296875 -1.1531982421875
0.0287132263183594 -0.0534896850585938 -0.7630615234375 -1.4598388671875
0.0472640991210937 -0.022674560546875 -1.3851318359375 -0.0507812500000003
0.0509986877441406 -0.0428695678710938 -0.55596923828125 0.94622802734375
0.0634689331054687 -0.0557861328125 0.2225341796875 0.78326416015625
-0.00951385498046875 -0.0211887359619141 0.57586669921875 0.1346435546875
-0.0245151519775391 -0.0268821716308594 0.432769775390625 -0.379058837890625
-0.0214462280273438 -0.08575439453125 -0.446929931640625 0.362884521484375
0.0307445526123047 -0.0260601043701172 -0.509857177734375 -0.115203857421875
0.0578269958496094 -0.0687179565429687 -0.1572265625 -0.76580810546875
0.0804519653320313 -0.0311965942382813 0.69140625 -0.90460205078125
0.0444679260253906 0.0358161926269531 1.3365478515625 0.20166015625
-0.0178184509277344 -0.0429725646972656 0.707763671875 1.4091796875
0.0241584777832031 -0.0539169311523438 -0.28173828125 1.2042236328125
0.0453681945800781 -0.067474365234375 0.0436630249023438 0.121421813964844
0.0172653198242188 -0.072845458984375 0.409912109375 -1.1402587890625
0.0288047790527344 -0.0535659790039063 -0.6986083984375 -1.5040283203125
0.0554389953613281 -0.0217018127441406 -1.3931884765625 -0.1156005859375
0.0606689453125 -0.0453414916992188 -0.61065673828125 0.92657470703125
0.0698776245117188 -0.0610084533691406 0.17431640625 0.78778076171875
-0.00991630554199219 -0.0267868041992187 0.554656982421875 0.13995361328125
-0.0305347442626953 -0.0327415466308594 0.425384521484375 -0.37689208984375
-0.0197830200195313 -0.0889358520507813 -0.4534912109375 0.36968994140625
0.0263900756835938 -0.0261936187744141 -0.532989501953125 -0.10675048828125
0.0484504699707031 -0.0682106018066406 -0.20452880859375 -0.75885009765625
0.0742874145507812 -0.0294113159179687 0.6356201171875 -0.93072509765625
0.0452499389648438 0.0357627868652344 1.3314208984375 0.1363525390625
-0.0184402465820313 -0.0416946411132813 0.7674560546875 1.3631591796875
0.0206565856933594 -0.0532798767089844 -0.2325439453125 1.2138671875
0.0424461364746094 -0.0657081604003906 0.0520553588867188 0.13861083984375
0.0181198120117188 -0.0718841552734375 0.4580078125 -1.12646484375
0.030242919921875 -0.0523262023925781 -0.632568359375 -1.54638671875
0.0548019409179688 -0.0172309875488281 -1.4010009765625 -0.178466796875
0.0597000122070312 -0.0403060913085937 -0.666015625 0.905029296875
0.0681381225585938 -0.0574607849121094 0.12713623046875 0.789794921875
-0.00968360900878906 -0.0286502838134766 0.537200927734375 0.1451416015625
-0.0306777954101562 -0.0366744995117188 0.4215087890625 -0.3758544921875
-0.0136337280273438 -0.0882415771484375 -0.4549560546875 0.380462646484375
0.0259838104248047 -0.0241355895996094 -0.551605224609375 -0.102294921875
0.0362129211425781 -0.0585060119628906 -0.24371337890625 -0.7513427734375
0.0583724975585938 -0.0194816589355469 0.589111328125 -0.94366455078125
0.0355682373046875 0.0389442443847656 1.3262939453125 0.08740234375
-0.0208320617675781 -0.0392074584960938 0.814208984375 1.32958984375
0.0230712890625 -0.0482139587402344 -0.1920166015625 1.22216796875
0.0438385009765625 -0.0566482543945313 0.0617218017578125 0.154617309570313
0.0221595764160156 -0.06427001953125 0.50494384765625 -1.11419677734375
0.0298690795898437 -0.0518951416015625 -0.5679931640625 -1.5802001953125
0.04315185546875 -0.013671875 -1.4014892578125 -0.2384033203125
0.0484428405761719 -0.0287590026855469 -0.7122802734375 0.8812255859375
0.0599822998046875 -0.0486412048339844 0.08740234375 0.788330078125
-0.00754928588867187 -0.0275592803955078 0.520660400390625 0.14654541015625
-0.0259017944335938 -0.0385475158691406 0.413726806640625 -0.375579833984375
0.030364990234375 -0.0539398193359375 -0.42218017578125 0.37713623046875
0.05340576171875 -0.00200271606445312 -0.44580078125 -0.115386962890625
0.00171613693237305 0.00642013549804688 -0.0567626953125 -0.78082275390625
-0.0302734375 0.0342063903808594 0.80889892578125 -0.85546875
-0.0564384460449219 0.0425834655761719 1.3482666015625 0.32421875
-0.0220260620117188 -0.0414924621582031 0.591552734375 1.498046875
0.06878662109375 0.000102996826171875 -0.372314453125 1.1927490234375
0.0746841430664062 0.0121383666992188 0.0374374389648438 0.0807647705078125
0.0613937377929688 -0.0219535827636719 0.306640625 -1.17529296875
0.0146141052246094 -0.0491294860839844 -0.8441162109375 -1.4013671875
-0.0450363159179688 0.00225067138671874 -1.36669921875 0.0427246093750003
-0.0313549041748047 0.0334014892578125 -0.473876953125 0.9718017578125
0.00836515426635742 0.00523185729980469 0.30035400390625 0.77215576171875
0.0109806060791016 0.00611591339111328 0.6148681640625 0.114013671875
0.0250282287597656 -0.00394248962402344 0.440887451171875 -0.38775634765625
0.0153579711914062 -0.0607337951660156 -0.42047119140625 0.369873046875
0.0514183044433594 -0.00650405883789063 -0.44293212890625 -0.11602783203125
0.0204315185546875 -0.0126361846923828 -0.04559326171875 -0.77886962890625
0.00030231475830078 0.0173473358154297 0.81817626953125 -0.84576416015625
-0.0321540832519531 0.0395774841308594 1.342041015625 0.3394775390625
-0.0186843872070312 -0.0434989929199219 0.5693359375 1.50634765625
0.0600662231445312 -0.0120124816894531 -0.386962890625 1.18798828125
0.0691719055175781 -0.00787353515625 0.03265380859375 0.0773544311523438
0.0509300231933594 -0.0361328125 0.291259765625 -1.179931640625
0.0174751281738281 -0.0506134033203125 -0.859619140625 -1.389404296875
-0.0202178955078125 -0.00533676147460938 -1.362548828125 0.0562744140624998
-0.00887870788574219 0.0112180709838867 -0.45928955078125 0.9769287109375
0.0230541229248047 -0.0114898681640625 0.30999755859375 0.76806640625
0.00680160522460938 -0.000112533569335938 0.61614990234375 0.11053466796875
0.0118474960327148 -0.00825119018554688 0.437164306640625 -0.39239501953125
0.00260162353515625 -0.0680313110351563 -0.42156982421875 0.367767333984375
0.0463180541992188 -0.0140380859375 -0.44970703125 -0.115509033203125
0.0387687683105469 -0.0320587158203125 -0.0544433593749999 -0.77801513671875
0.031341552734375 0.00023651123046875 0.80267333984375 -0.85455322265625
-0.00696945190429688 0.0385551452636719 1.345947265625 0.323486328125
-0.0186729431152344 -0.0445175170898438 0.5888671875 1.495361328125
0.048431396484375 -0.0275230407714844 -0.3759765625 1.1866455078125
0.0623779296875 -0.0295982360839844 0.0300750732421875 0.0815048217773438
0.0392608642578125 -0.0489845275878906 0.288818359375 -1.1751708984375
0.0206451416015625 -0.0525741577148438 -0.860107421875 -1.39013671875
0.005615234375 -0.0129079818725586 -1.367431640625 0.0549316406249998
0.0130271911621094 -0.0123262405395508 -0.46295166015625 0.97601318359375
0.0381202697753906 -0.0305328369140625 0.302001953125 0.76922607421875
-0.000658988952636718 -0.00706005096435547 0.61163330078125 0.11273193359375
-0.00157546997070313 -0.0137863159179688 0.43463134765625 -0.3909912109375
-0.0098876953125 -0.0766143798828125 -0.427001953125 0.366790771484375
0.0409736633300781 -0.0195465087890625 -0.464385986328125 -0.1123046875
0.0522613525390625 -0.0504341125488281 -0.0850219726562501 -0.77398681640625
0.0573081970214844 -0.0151786804199219 0.770263671875 -0.87030029296875
0.0167503356933594 0.0373687744140625 1.3431396484375 0.2889404296875
-0.0174140930175781 -0.0446319580078125 0.622802734375 1.474365234375
0.0375022888183594 -0.0395011901855469 -0.34912109375 1.1932373046875
0.0541725158691406 -0.04742431640625 0.0323333740234375 0.090240478515625
0.028076171875 -0.0600738525390625 0.30712890625 -1.167236328125
0.0247230529785156 -0.0540657043457031 -0.8321533203125 -1.414794921875
0.0285854339599609 -0.0201072692871094 -1.372802734375 0.0203857421875
0.0333786010742188 -0.0314559936523438 -0.4954833984375 0.96868896484375
0.0516014099121094 -0.0462226867675781 0.2734375 0.773193359375
-0.00458526611328125 -0.0151491165161133 0.59698486328125 0.1170654296875
-0.0139083862304688 -0.0195579528808594 0.4322509765625 -0.3897705078125
-0.0188064575195313 -0.0833969116210937 -0.434783935546875 0.366973876953125
0.0355796813964844 -0.0241737365722656 -0.486785888671875 -0.11004638671875
0.0582122802734375 -0.062896728515625 -0.12139892578125 -0.76995849609375
0.0737380981445313 -0.026123046875 0.730224609375 -0.89312744140625
0.0351829528808594 0.0355148315429688 1.3450927734375 0.238525390625
-0.0181655883789063 -0.0447769165039063 0.6688232421875 1.4417724609375
0.0281448364257813 -0.050201416015625 -0.3138427734375 1.20068359375
0.0481605529785156 -0.0613212585449219 0.036712646484375 0.104240417480469
0.02020263671875 -0.0679779052734375 0.34814453125 -1.158935546875
0.0270843505859375 -0.0545692443847656 -0.7818603515625 -1.44873046875
0.0471267700195313 -0.0229682922363281 -1.38623046875 -0.0310058593750003
0.0503273010253906 -0.0425567626953125 -0.543701171875 0.955078125
0.0625381469726563 -0.056793212890625 0.2342529296875 0.7811279296875
-0.00913429260253906 -0.0211772918701172 0.577392578125 0.12457275390625
-0.0245418548583984 -0.0274238586425781 0.427459716796875 -0.38763427734375
-0.024688720703125 -0.0885696411132813 -0.440460205078125 0.3712158203125
0.0302066802978516 -0.0276889801025391 -0.510772705078125 -0.105743408203125
0.0564842224121094 -0.0689048767089844 -0.16925048828125 -0.76483154296875
0.0798187255859375 -0.0315780639648438 0.67706298828125 -0.91741943359375
0.0461845397949219 0.0334854125976563 1.340087890625 0.1806640625
-0.0182151794433594 -0.0443878173828125 0.7266845703125 1.400390625
0.0207977294921875 -0.0545997619628906 -0.2633056640625 1.2099609375
0.0435447692871094 -0.0676956176757813 0.0453948974609375 0.120735168457031
0.0159683227539062 -0.0728912353515625 0.3941650390625 -1.1466064453125
0.0295791625976562 -0.0537261962890625 -0.721435546875 -1.49560546875
0.0555686950683594 -0.022369384765625 -1.3975830078125 -0.0979003906249999
0.0597953796386719 -0.047882080078125 -0.60015869140625 0.9361572265625
0.0690193176269531 -0.0612678527832031 0.18817138671875 0.7841796875
-0.00969505310058594 -0.0263652801513672 0.5560302734375 0.12945556640625
-0.0308551788330078 -0.0325756072998047 0.419036865234375 -0.38446044921875
-0.0224990844726563 -0.0898361206054687 -0.44573974609375 0.379241943359375
0.0264339447021484 -0.0273780822753906 -0.5338134765625 -0.10009765625
0.0481529235839844 -0.0682525634765625 -0.21697998046875 -0.75732421875
0.0732574462890625 -0.0307464599609375 0.62005615234375 -0.94122314453125
0.0452919006347656 0.0346298217773438 1.333984375 0.115966796875
-0.0195045471191406 -0.0437545776367188 0.7862548828125 1.3563232421875
0.0195426940917969 -0.0553741455078125 -0.2166748046875 1.218505859375
0.0407943725585937 -0.0659103393554688 0.0541915893554688 0.138755798339844
0.015411376953125 -0.0715484619140625 0.44140625 -1.1341552734375
0.0284690856933594 -0.0538101196289062 -0.656005859375 -1.535400390625
0.0556907653808594 -0.0186653137207031 -1.404296875 -0.16015625
0.0595207214355469 -0.0411376953125 -0.6566162109375 0.914794921875
0.0677604675292969 -0.0592880249023438 0.14019775390625 0.7882080078125
-0.00990104675292969 -0.0288753509521484 0.53887939453125 0.134429931640625
-0.0309791564941406 -0.0374526977539063 0.41461181640625 -0.38262939453125
-0.0172576904296875 -0.08984375 -0.448272705078125 0.388641357421875
0.0260124206542969 -0.0261726379394531 -0.55224609375 -0.0936889648437501
0.0358200073242188 -0.058349609375 -0.25634765625 -0.7481689453125
0.0579452514648438 -0.0206298828125 0.5777587890625 -0.953857421875
0.0362091064453125 0.0376663208007813 1.3284912109375 0.0692138671875
-0.0215072631835938 -0.0404434204101563 0.8333740234375 1.3211669921875
0.0221710205078125 -0.0490684509277344 -0.1744384765625 1.228515625
0.0417709350585937 -0.0570755004882812 0.0633087158203125 0.153488159179688
0.0198860168457031 -0.0659408569335938 0.4913330078125 -1.11761474609375
0.0290336608886719 -0.0526542663574219 -0.5911865234375 -1.5716552734375
0.0435981750488281 -0.0153236389160156 -1.4068603515625 -0.21826171875
0.0476760864257813 -0.0285606384277344 -0.700439453125 0.8936767578125
0.0591926574707031 -0.0505104064941406 0.1005859375 0.78692626953125
-0.00795936584472656 -0.0273323059082031 0.5223388671875 0.1361083984375
-0.0266151428222656 -0.0377578735351563 0.40924072265625 -0.383148193359375
0.0274467468261719 -0.0554237365722656 -0.41314697265625 0.38409423828125
0.0544090270996094 -0.00383377075195313 -0.444976806640625 -0.10797119140625
0.00248575210571289 0.00619745254516602 -0.0662841796875001 -0.78070068359375
-0.0296783447265625 0.0354156494140625 0.79437255859375 -0.867919921875
-0.0556144714355469 0.0431404113769531 1.3505859375 0.304931640625
-0.0222053527832031 -0.0430335998535156 0.6094970703125 1.489990234375
0.068634033203125 -0.00142288208007813 -0.355712890625 1.196044921875
0.0741424560546875 0.0104522705078125 0.039276123046875 0.0796279907226563
0.0611038208007812 -0.0227203369140625 0.291015625 -1.1790771484375
0.0147361755371094 -0.0488700866699219 -0.8651123046875 -1.3876953125
-0.0447769165039063 0.00374603271484375 -1.364990234375 0.0603027343750002
-0.0312976837158203 0.0336666107177734 -0.45941162109375 0.97991943359375
0.00788450241088867 0.00488948822021484 0.3118896484375 0.7657470703125
0.0123147964477539 0.00552558898925781 0.61669921875 0.10333251953125
0.0246982574462891 -0.00476646423339844 0.435943603515625 -0.396453857421875
0.0129318237304688 -0.0621414184570313 -0.413726806640625 0.377410888671875
0.0520896911621094 -0.00888442993164063 -0.44293212890625 -0.10858154296875
0.0205707550048828 -0.0123977661132813 -0.0550537109375 -0.7769775390625
4.38690185546892E-05 0.0193462371826172 0.804443359375 -0.85797119140625
-0.0313644409179688 0.0391845703125 1.344482421875 0.3206787109375
-0.0196075439453125 -0.0437088012695313 0.58837890625 1.498046875
0.0589714050292969 -0.0139579772949219 -0.3724365234375 1.1932373046875
0.0684738159179688 -0.0078582763671875 0.0328216552734375 0.0778656005859375
0.0494956970214844 -0.0367431640625 0.2725830078125 -1.1800537109375
0.0168533325195312 -0.0503158569335937 -0.8797607421875 -1.37744140625
-0.0198993682861328 -0.00514984130859375 -1.3603515625 0.0767822265625002
-0.00911235809326172 0.011601448059082 -0.44427490234375 0.98101806640625
0.0235614776611328 -0.0123081207275391 0.32098388671875 0.7625732421875
0.00816679000854492 0.000715255737304688 0.6175537109375 0.09869384765625
0.0107574462890625 -0.00812339782714844 0.430511474609375 -0.399139404296875
-0.000629425048828131 -0.0688018798828125 -0.415191650390625 0.375152587890625
0.04638671875 -0.0156097412109375 -0.448822021484375 -0.10711669921875
0.038543701171875 -0.0326271057128906 -0.0656127929687499 -0.7744140625
0.0307826995849609 0.000543594360351563 0.7923583984375 -0.8665771484375
-0.00534439086914062 0.0382537841796875 1.3482666015625 0.3046875
-0.0189399719238281 -0.0443611145019531 0.6094970703125 1.4866943359375
0.0474433898925781 -0.0286521911621094 -0.3570556640625 1.1910400390625
0.0603981018066406 -0.0296516418457031 0.0311813354492188 0.0810470581054688
0.0377311706542969 -0.0497665405273437 0.2723388671875 -1.1783447265625
0.0205421447753906 -0.0532951354980469 -0.8770751953125 -1.37646484375
0.00587654113769531 -0.0138301849365234 -1.3641357421875 0.0727539062500002
0.0127677917480469 -0.0116300582885742 -0.44830322265625 0.98187255859375
0.0382614135742188 -0.0316619873046875 0.3143310546875 0.7646484375
0.00026702880859375 -0.00643587112426758 0.61273193359375 0.10272216796875
-0.00145053863525391 -0.0133743286132813 0.428863525390625 -0.39990234375
-0.0134658813476563 -0.076080322265625 -0.4205322265625 0.374481201171875
0.0408515930175781 -0.0218696594238281 -0.46484375 -0.105987548828125
0.0511856079101562 -0.0503692626953125 -0.09564208984375 -0.7720947265625
0.0571670532226562 -0.0157470703125 0.75927734375 -0.8841552734375
0.01788330078125 0.0366287231445312 1.34765625 0.2684326171875
-0.0188674926757812 -0.0453300476074219 0.640869140625 1.4669189453125
0.0363998413085938 -0.0415191650390625 -0.330078125 1.1976318359375
0.0530166625976563 -0.0478553771972656 0.0336761474609375 0.0915985107421875
0.0267562866210937 -0.0608749389648438 0.29052734375 -1.1717529296875
0.023712158203125 -0.0542831420898438 -0.8511962890625 -1.400390625
0.0289306640625 -0.0201416015625 -1.3707275390625 0.0386962890624998
0.0339164733886719 -0.0317859649658203 -0.48089599609375 0.9749755859375
0.0514297485351563 -0.0464401245117188 0.284423828125 0.771240234375
-0.00513935089111328 -0.0145730972290039 0.5986328125 0.1083984375
-0.0142498016357422 -0.0205841064453125 0.4249267578125 -0.39691162109375
-0.021820068359375 -0.0842132568359375 -0.427459716796875 0.3741455078125
0.0350341796875 -0.0259819030761719 -0.486175537109375 -0.1026611328125
0.0573348999023437 -0.0636062622070313 -0.13372802734375 -0.76849365234375
0.0728302001953125 -0.0272979736328125 0.71697998046875 -0.90478515625
0.036468505859375 0.0338058471679688 1.34521484375 0.2196044921875
-0.0186843872070312 -0.0453262329101563 0.68994140625 1.43212890625
0.0271110534667969 -0.0511894226074219 -0.29443359375 1.20654296875
0.0464553833007813 -0.0611839294433594 0.038116455078125 0.104736328125
0.0183753967285156 -0.0700607299804688 0.330322265625 -1.1624755859375
0.0264968872070312 -0.0545883178710937 -0.8017578125 -1.4385986328125
0.0469131469726562 -0.0234107971191406 -1.3837890625 -0.0141601562500003
0.04949951171875 -0.04461669921875 -0.528564453125 0.9637451171875
0.0622825622558594 -0.0587158203125 0.24591064453125 0.77752685546875
-0.00894546508789063 -0.0216045379638672 0.57818603515625 0.11431884765625
-0.0247058868408203 -0.02691650390625 0.421630859375 -0.39508056640625
-0.0268783569335937 -0.0881729125976563 -0.434356689453125 0.3782958984375
0.0307159423828125 -0.0292892456054688 -0.510467529296875 -0.0973205566406249
0.0556106567382813 -0.0700111389160156 -0.17877197265625 -0.760498046875
0.0782089233398437 -0.03216552734375 0.66229248046875 -0.927978515625
0.045928955078125 0.0318489074707031 1.34130859375 0.1600341796875
-0.0190773010253906 -0.0460357666015625 0.74365234375 1.3902587890625
0.0205001831054688 -0.0559921264648438 -0.2469482421875 1.2120361328125
0.041046142578125 -0.067962646484375 0.0468673706054688 0.12127685546875
0.0139541625976563 -0.0729827880859375 0.376708984375 -1.1490478515625
0.0278549194335937 -0.0544319152832031 -0.7420654296875 -1.4842529296875
0.055816650390625 -0.0227279663085937 -1.3958740234375 -0.0740966796875002
0.0591621398925781 -0.048126220703125 -0.58447265625 0.94488525390625
0.0679779052734375 -0.0635223388671875 0.197998046875 0.78167724609375
-0.00974845886230469 -0.0266532897949219 0.558349609375 0.1190185546875
-0.0311279296875 -0.0321178436279297 0.41326904296875 -0.393280029296875
-0.0256729125976563 -0.0905838012695313 -0.43878173828125 0.386260986328125
0.0264644622802734 -0.0290737152099609 -0.534149169921875 -0.0890197753906249
0.0473899841308594 -0.0678825378417969 -0.22894287109375 -0.75335693359375
0.0722503662109375 -0.0309524536132813 0.60638427734375 -0.950439453125
0.0469970703125 0.0324363708496094 1.3341064453125 0.0987548828125
-0.0191230773925781 -0.0442428588867188 0.8037109375 1.3487548828125
0.01739501953125 -0.0559616088867187 -0.19921875 1.22119140625
0.0405006408691406 -0.06640625 0.0554580688476563 0.138435363769531
0.0138168334960937 -0.0725173950195313 0.4266357421875 -1.13916015625
0.0288543701171875 -0.0535621643066406 -0.675537109375 -1.528076171875
0.0549468994140625 -0.0200576782226563 -1.40625 -0.1414794921875
0.0591468811035156 -0.0424003601074219 -0.6402587890625 0.92291259765625
0.0672416687011719 -0.0608100891113281 0.1512451171875 0.78607177734375
-0.00933647155761719 -0.0291404724121094 0.5404052734375 0.124114990234375
-0.0318222045898437 -0.0368576049804688 0.40997314453125 -0.3885498046875
-0.0190811157226562 -0.0905838012695313 -0.441925048828125 0.39630126953125
0.0260181427001953 -0.0268268585205078 -0.552337646484375 -0.0848693847656249
0.0352859497070313 -0.0590095520019531 -0.266357421875 -0.74237060546875
0.0570030212402344 -0.0212287902832031 0.560791015625 -0.96405029296875
0.0378761291503906 0.0354537963867188 1.325439453125 0.0477294921875
-0.0218544006347656 -0.0414543151855469 0.8516845703125 1.30810546875
0.0198974609375 -0.0505943298339844 -0.15673828125 1.2275390625
0.0392913818359375 -0.0572547912597656 0.0656890869140625 0.153030395507813
0.0180473327636719 -0.0659866333007813 0.474609375 -1.12548828125
0.0276947021484375 -0.0530433654785156 -0.61328125 -1.5633544921875
0.0426177978515625 -0.0153732299804688 -1.4090576171875 -0.1993408203125
0.048004150390625 -0.0301780700683594 -0.68548583984375 0.90167236328125
0.0584449768066406 -0.0511589050292969 0.1112060546875 0.78472900390625
-0.00705528259277344 -0.0275478363037109 0.52349853515625 0.12677001953125
-0.0278282165527344 -0.0376434326171875 0.401641845703125 -0.38958740234375
0.0247039794921875 -0.0571403503417969 -0.405517578125 0.38922119140625
0.0537528991699219 -0.00597000122070313 -0.44512939453125 -0.100189208984375
0.00284433364868164 0.00728559494018555 -0.07720947265625 -0.77679443359375
-0.0297470092773438 0.0356101989746094 0.77825927734375 -0.87823486328125
-0.05389404296875 0.0427284240722656 1.35302734375 0.282958984375
-0.0218429565429688 -0.0428962707519531 0.627685546875 1.481201171875
0.0682601928710937 -0.0035858154296875 -0.33740234375 1.19873046875
0.0737991333007813 0.0105514526367188 0.0402450561523438 0.079803466796875
0.0598411560058594 -0.0244064331054688 0.273193359375 -1.17822265625
0.0134086608886719 -0.049957275390625 -0.8812255859375 -1.3701171875
-0.0433883666992187 0.00379180908203125 -1.3621826171875 0.0784912109375002
-0.0305233001708984 0.0344066619873047 -0.44427490234375 0.98272705078125
0.00889492034912109 0.00451183319091797 0.3223876953125 0.7581787109375
0.0124759674072266 0.00563907623291016 0.61566162109375 0.0906982421875
0.0247344970703125 -0.00644302368164063 0.4278564453125 -0.402923583984375
0.00960922241210938 -0.0616989135742188 -0.405426025390625 0.38427734375
0.0513839721679688 -0.0110054016113281 -0.441558837890625 -0.102203369140625
0.0206985473632813 -0.0118961334228516 -0.0687255859375 -0.77349853515625
0.000572204589843749 0.0185394287109375 0.7884521484375 -0.86846923828125
-0.030517578125 0.0390739440917969 1.346923828125 0.2999267578125
-0.0198974609375 -0.0451698303222656 0.6064453125 1.4874267578125
0.0574378967285156 -0.0157051086425781 -0.352783203125 1.1954345703125
0.0677909851074219 -0.00878143310546875 0.0340423583984375 0.0781631469726563
0.0486946105957031 -0.0368843078613281 0.2562255859375 -1.180908203125
0.0152053833007813 -0.0517387390136719 -0.8935546875 -1.35888671875
-0.0195579528808594 -0.00541305541992187 -1.353515625 0.0965576171874999
-0.0092010498046875 0.0117874145507813 -0.4312744140625 0.98406982421875
0.0234203338623047 -0.0122871398925781 0.3328857421875 0.7568359375
0.00679731369018555 0.000208377838134766 0.61669921875 0.0882568359375
0.0114564895629883 -0.00922298431396485 0.42236328125 -0.4061279296875
-0.00371551513671875 -0.0706787109375 -0.4061279296875 0.38018798828125
0.0474128723144531 -0.0174140930175781 -0.448455810546875 -0.100189208984375
0.0390129089355469 -0.0325851440429688 -0.0787353515625001 -0.77313232421875
0.0298118591308594 -0.0003509521484375 0.77508544921875 -0.87603759765625
-0.00446319580078125 0.0372734069824219 1.34765625 0.28564453125
-0.0200576782226562 -0.0459785461425781 0.627685546875 1.477783203125
0.0463829040527344 -0.0297889709472656 -0.339599609375 1.193115234375
0.0591354370117188 -0.030059814453125 0.0322113037109375 0.0802383422851563
0.0361328125 -0.0501136779785156 0.257568359375 -1.177734375
0.0194053649902344 -0.0541419982910156 -0.8944091796875 -1.35888671875
0.00522232055664063 -0.0143299102783203 -1.359619140625 0.0922851562500001
0.0138978958129883 -0.0124425888061523 -0.4344482421875 0.98614501953125
0.0376815795898438 -0.0326271057128906 0.32440185546875 0.759765625
0.00125551223754883 -0.00660419464111328 0.61163330078125 0.09130859375
-0.00191879272460938 -0.0139999389648438 0.42047119140625 -0.404632568359375
-0.01593017578125 -0.0778427124023438 -0.41217041015625 0.380706787109375
0.0405082702636719 -0.0238418579101563 -0.46234130859375 -0.0984802246093751
0.0513114929199219 -0.0522003173828125 -0.1077880859375 -0.7674560546875
0.05621337890625 -0.0157051086425781 0.7431640625 -0.8924560546875
0.0194797515869141 0.0350418090820312 1.3436279296875 0.247802734375
-0.0192031860351562 -0.0458908081054688 0.6611328125 1.4532470703125
0.0351333618164063 -0.042999267578125 -0.312744140625 1.197509765625
0.0515251159667969 -0.0485572814941406 0.0345535278320313 0.0903701782226563
0.0250778198242187 -0.0609550476074219 0.2744140625 -1.170654296875
0.0231208801269531 -0.0552215576171875 -0.8682861328125 -1.385498046875
0.0283641815185547 -0.0208511352539063 -1.3670654296875 0.0579833984374998
0.0328254699707031 -0.0328254699707031 -0.46588134765625 0.9793701171875
0.0500068664550781 -0.049346923828125 0.2960205078125 0.764892578125
-0.00474357604980469 -0.0142288208007813 0.5987548828125 0.09698486328125
-0.0143089294433594 -0.0208415985107422 0.41912841796875 -0.402099609375
-0.0253372192382812 -0.0851516723632813 -0.420318603515625 0.3798828125
0.0341339111328125 -0.0281143188476563 -0.4857177734375 -0.0946960449218751
0.0563392639160156 -0.0651779174804688 -0.14385986328125 -0.76214599609375
0.0727386474609375 -0.0281906127929688 0.6998291015625 -0.91302490234375
0.0365104675292969 0.0337257385253906 1.3458251953125 0.2001953125
-0.0185394287109375 -0.046478271484375 0.7064208984375 1.4195556640625
0.0253219604492187 -0.0515785217285156 -0.27880859375 1.2064208984375
0.0443267822265625 -0.0615921020507813 0.0404434204101562 0.104766845703125
0.0166358947753906 -0.0691070556640625 0.3134765625 -1.1627197265625
0.0254249572753906 -0.0552635192871094 -0.8214111328125 -1.4227294921875
0.0471382141113281 -0.0247993469238281 -1.3812255859375 0.00585937499999979
0.0485458374023438 -0.0448417663574219 -0.51458740234375 0.9666748046875
0.0608863830566406 -0.0598907470703125 0.257080078125 0.7711181640625
-0.00789070129394531 -0.0214939117431641 0.57818603515625 0.103515625
-0.0250148773193359 -0.0278301239013672 0.413360595703125 -0.3997802734375
-0.0308074951171875 -0.08831787109375 -0.42620849609375 0.3856201171875
0.0308856964111328 -0.0315036773681641 -0.51031494140625 -0.0895690917968751
0.0548171997070313 -0.0699577331542969 -0.19000244140625 -0.75665283203125
0.0782318115234375 -0.0339813232421875 0.6458740234375 -0.93682861328125
0.0470390319824219 0.0308303833007813 1.34033203125 0.1417236328125
-0.0196266174316406 -0.046142578125 0.7607421875 1.378173828125
0.0184440612792969 -0.0567283630371094 -0.2288818359375 1.2125244140625
0.0401229858398438 -0.0688819885253906 0.0483474731445313 0.1212158203125
0.012420654296875 -0.0729293823242188 0.3614501953125 -1.1514892578125
0.0267524719238281 -0.0556144714355469 -0.7548828125 -1.4710693359375
0.0563316345214844 -0.0242996215820313 -1.394287109375 -0.0573730468750001
0.0587272644042969 -0.0496025085449219 -0.5699462890625 0.94903564453125
0.0667991638183594 -0.0644035339355469 0.21124267578125 0.77642822265625
-0.00955581665039062 -0.0266494750976563 0.558074951171875 0.10943603515625
-0.0316505432128906 -0.0322742462158203 0.40545654296875 -0.398529052734375
-0.0289535522460937 -0.0913543701171875 -0.430450439453125 0.39202880859375
0.0257968902587891 -0.030609130859375 -0.532806396484375 -0.0826416015625
0.0466270446777344 -0.0686149597167969 -0.2391357421875 -0.7462158203125
0.0726776123046875 -0.0314788818359375 0.59063720703125 -0.9561767578125
0.0472259521484375 0.0310440063476562 1.331298828125 0.079345703125
-0.0204048156738281 -0.0447578430175781 0.8211669921875 1.3328857421875
0.0157394409179688 -0.0556831359863281 -0.1802978515625 1.2196044921875
0.0381126403808594 -0.0666122436523438 0.0578689575195313 0.138290405273438
0.0118026733398437 -0.0720062255859375 0.410888671875 -1.14111328125
0.0276832580566406 -0.0552749633789063 -0.6939697265625 -1.51318359375
0.0546035766601563 -0.0216636657714844 -1.4049072265625 -0.12158203125
0.0581817626953125 -0.0431861877441406 -0.62298583984375 0.93072509765625
0.0665435791015625 -0.0620918273925781 0.1622314453125 0.7808837890625
-0.0091094970703125 -0.0283527374267578 0.539459228515625 0.11468505859375
-0.0318794250488281 -0.0364799499511719 0.402862548828125 -0.396392822265625
-0.0217971801757813 -0.09124755859375 -0.434234619140625 0.4013671875
0.0272541046142578 -0.0299129486083984 -0.5509033203125 -0.07452392578125
0.034088134765625 -0.0589599609375 -0.27618408203125 -0.7359619140625
0.0569915771484375 -0.0210762023925781 0.546142578125 -0.96893310546875
0.037261962890625 0.0336227416992188 1.322998046875 0.029296875
-0.0215606689453125 -0.042236328125 0.8665771484375 1.2940673828125
0.0193977355957031 -0.0513343811035156 -0.1405029296875 1.2265625
0.0384712219238281 -0.0571098327636719 0.0672607421875 0.152145385742188
0.0163421630859375 -0.065765380859375 0.457275390625 -1.12841796875
0.0276985168457031 -0.0541267395019531 -0.6287841796875 -1.5478515625
0.0425529479980469 -0.0167732238769531 -1.4068603515625 -0.1796875
0.0466384887695313 -0.0295219421386719 -0.670654296875 0.91156005859375
0.0577926635742187 -0.0527534484863281 0.12249755859375 0.7821044921875
-0.00725746154785156 -0.0265254974365234 0.5240478515625 0.1175537109375
-0.0272750854492188 -0.0381507873535156 0.3956298828125 -0.394927978515625
0.0210113525390625 -0.0576286315917969 -0.396453857421875 0.395172119140625
0.0527076721191406 -0.0079803466796875 -0.442535400390625 -0.093109130859375
0.00297117233276367 0.00640869140625 -0.0887451171875001 -0.77056884765625
-0.0290489196777344 0.0368728637695312 0.76336669921875 -0.885009765625
-0.0527687072753906 0.0426254272460938 1.3497314453125 0.2635498046875
-0.0220222473144531 -0.0433273315429688 0.6453857421875 1.4671630859375
0.0667343139648438 -0.00506591796875 -0.3204345703125 1.19873046875
0.072723388671875 0.00937652587890625 0.0414199829101563 0.0797653198242188
0.0589370727539062 -0.0252265930175781 0.2562255859375 -1.1778564453125
0.0134315490722656 -0.0493659973144531 -0.894775390625 -1.35498046875
-0.0435333251953125 0.00379943847656251 -1.35498046875 0.0972900390625002
-0.03009033203125 0.0340309143066406 -0.428466796875 0.98284912109375
0.00909519195556641 0.00356101989746094 0.33221435546875 0.7506103515625
0.0135860443115234 0.0047607421875 0.61370849609375 0.0799560546875
0.0246467590332031 -0.00709915161132812 0.419158935546875 -0.40655517578125
0.00703811645507812 -0.0631752014160156 -0.3951416015625 0.388763427734375
0.0507736206054688 -0.0131263732910156 -0.43927001953125 -0.09478759765625
0.0204582214355469 -0.0123786926269531 -0.0772705078125001 -0.76953125
0.000240325927734375 0.0183010101318359 0.7733154296875 -0.87579345703125
-0.029296875 0.0385627746582031 1.345703125 0.2816162109375
-0.0208473205566406 -0.0448150634765625 0.6253662109375 1.4747314453125
0.0562667846679688 -0.0169486999511719 -0.335205078125 1.1954345703125
0.0660171508789063 -0.009033203125 0.035064697265625 0.077117919921875
0.0479583740234375 -0.03790283203125 0.2412109375 -1.17822265625
0.0148048400878906 -0.0520973205566406 -0.9058837890625 -1.3421630859375
-0.01910400390625 -0.00579261779785156 -1.3497314453125 0.1107177734375
-0.00803756713867188 0.0107526779174805 -0.4141845703125 0.98614501953125
0.0230293273925781 -0.0133075714111328 0.341796875 0.7490234375
0.00863456726074219 -0.000720500946044922 0.61553955078125 0.07598876953125
0.0104207992553711 -0.00983810424804687 0.41461181640625 -0.41094970703125
-0.00609588623046875 -0.0705337524414063 -0.398651123046875 0.385955810546875
0.0469207763671875 -0.0186386108398438 -0.445831298828125 -0.094085693359375
0.0386772155761719 -0.0333633422851563 -0.0901489257812499 -0.768798828125
0.0300197601318359 0.000362396240234375 0.75872802734375 -0.88543701171875
-0.00393295288085938 0.0361976623535156 1.346435546875 0.2662353515625
-0.019378662109375 -0.0457115173339844 0.644775390625 1.46533203125
0.045379638671875 -0.0308647155761719 -0.3209228515625 1.1927490234375
0.05828857421875 -0.0292015075683594 0.0331344604492188 0.0800704956054688
0.0349388122558594 -0.0509300231933594 0.2396240234375 -1.1744384765625
0.0185089111328125 -0.0538253784179688 -0.9085693359375 -1.342041015625
0.00542926788330078 -0.0146245956420898 -1.3511962890625 0.109619140625
0.0125741958618164 -0.0121603012084961 -0.41656494140625 0.9892578125
0.037078857421875 -0.0334243774414063 0.33349609375 0.7513427734375
0.00164270401000977 -0.00651788711547852 0.6103515625 0.08001708984375
-0.00191402435302734 -0.0151662826538086 0.414306640625 -0.4110107421875
-0.0194931030273438 -0.078521728515625 -0.40338134765625 0.386749267578125
0.0401611328125 -0.0252265930175781 -0.460693359375 -0.0904541015624999
0.0499687194824219 -0.0513916015625 -0.11602783203125 -0.76361083984375
0.0539665222167969 -0.0156135559082031 0.7274169921875 -0.89788818359375
0.0203227996826172 0.0344142913818359 1.3431396484375 0.2305908203125
-0.019805908203125 -0.0459861755371094 0.6754150390625 1.4395751953125
0.0330047607421875 -0.0434913635253906 -0.2972412109375 1.1959228515625
0.0495262145996094 -0.048828125 0.0356979370117187 0.0904998779296875
0.0234375 -0.0612907409667969 0.2581787109375 -1.168701171875
0.021453857421875 -0.0557632446289063 -0.88037109375 -1.3663330078125
0.028472900390625 -0.0225067138671875 -1.361083984375 0.0755615234375
0.0323925018310547 -0.0329189300537109 -0.45001220703125 0.98248291015625
0.0497589111328125 -0.0488395690917969 0.30706787109375 0.75628662109375
-0.00487232208251953 -0.0141754150390625 0.59637451171875 0.086669921875
-0.0150737762451172 -0.0213050842285156 0.41265869140625 -0.40863037109375
-0.0283737182617188 -0.0839691162109375 -0.41119384765625 0.385345458984375
0.0346202850341797 -0.0296478271484375 -0.482940673828125 -0.0869750976562499
0.0560684204101563 -0.0648536682128906 -0.15606689453125 -0.75726318359375
0.0718307495117188 -0.02777099609375 0.68524169921875 -0.919677734375
0.0373573303222656 0.0317153930664063 1.3416748046875 0.182861328125
-0.0193290710449219 -0.0476799011230469 0.719970703125 1.4058837890625
0.0232696533203125 -0.0523338317871094 -0.26123046875 1.2037353515625
0.0430908203125 -0.0610771179199219 0.0405731201171875 0.104042053222656
0.0150489807128906 -0.0686874389648438 0.298828125 -1.1617431640625
0.0251121520996094 -0.0564689636230469 -0.8348388671875 -1.4068603515625
0.0465049743652344 -0.0263137817382813 -1.37646484375 0.0225830078124997
0.0484580993652344 -0.0455741882324219 -0.4986572265625 0.970458984375
0.0598602294921875 -0.0613479614257812 0.26617431640625 0.763916015625
-0.0083160400390625 -0.0211906433105469 0.57861328125 0.09381103515625
-0.0250530242919922 -0.0263233184814453 0.406585693359375 -0.406646728515625
-0.0342178344726563 -0.0890350341796875 -0.41815185546875 0.391021728515625
0.0295314788818359 -0.0323677062988281 -0.50634765625 -0.0816650390625
0.0527877807617188 -0.0707473754882813 -0.20123291015625 -0.749267578125
0.0766372680664063 -0.033416748046875 0.62994384765625 -0.94049072265625
0.0476264953613281 0.02923583984375 1.3365478515625 0.1220703125
-0.0203742980957031 -0.0472450256347656 0.776123046875 1.362548828125
0.0157928466796875 -0.0568771362304687 -0.2117919921875 1.211181640625
0.038299560546875 -0.0680580139160156 0.0492019653320313 0.120285034179688
0.0105361938476563 -0.0733108520507813 0.3448486328125 -1.1497802734375
0.0251426696777344 -0.0561561584472656 -0.7734375 -1.4549560546875
0.0547904968261719 -0.0254325866699219 -1.38916015625 -0.03759765625
0.0577812194824219 -0.0503349304199219 -0.5531005859375 0.95355224609375
0.0659103393554687 -0.0663108825683594 0.220703125 0.76995849609375
-0.00914764404296875 -0.0264396667480469 0.556610107421875 0.09716796875
-0.032266616821289 -0.032135009765625 0.399871826171875 -0.40234375
-0.032958984375 -0.0916595458984375 -0.4228515625 0.39849853515625
0.0261726379394531 -0.0329570770263672 -0.52783203125 -0.0737304687500001
0.0444450378417969 -0.0691337585449219 -0.24749755859375 -0.7396240234375
0.0703506469726563 -0.0329208374023437 0.57403564453125 -0.96087646484375
0.0472793579101563 0.0292854309082031 1.326416015625 0.0606689453125
-0.0208587646484375 -0.0453910827636719 0.8349609375 1.3175048828125
0.0131187438964844 -0.0570144653320313 -0.162109375 1.2177734375
0.0355262756347656 -0.0662345886230469 0.0599517822265625 0.136680603027344
0.0103836059570312 -0.0703811645507813 0.3939208984375 -1.1416015625
0.0260505676269531 -0.0552940368652344 -0.7110595703125 -1.4979248046875
0.0545425415039063 -0.0222625732421875 -1.4005126953125 -0.103271484375
0.0580940246582031 -0.0445175170898438 -0.60992431640625 0.93524169921875
0.065155029296875 -0.0639610290527344 0.171875 0.7750244140625
-0.00868797302246094 -0.0284805297851563 0.538665771484375 0.104949951171875
-0.0318984985351563 -0.0360488891601563 0.3946533203125 -0.399932861328125
-0.026123046875 -0.091461181640625 -0.424072265625 0.406890869140625
0.0256881713867187 -0.0307788848876953 -0.5474853515625 -0.0667114257812501
0.0333976745605469 -0.0586700439453125 -0.28485107421875 -0.7293701171875
0.0558853149414063 -0.0216064453125 0.5283203125 -0.97369384765625
0.0390472412109375 0.0329246520996094 1.3170166015625 0.0108642578125
-0.0217094421386719 -0.0433273315429688 0.8797607421875 1.279541015625
0.0167350769042969 -0.0518379211425781 -0.12353515625 1.2220458984375
0.0373573303222656 -0.0567855834960938 0.0692901611328125 0.150054931640625
0.0151519775390625 -0.0662307739257813 0.44189453125 -1.1287841796875
0.0261955261230469 -0.0536384582519531 -0.649169921875 -1.534912109375
0.0417633056640625 -0.0177574157714844 -1.4024658203125 -0.1640625
0.0467109680175781 -0.03192138671875 -0.656005859375 0.91436767578125
0.0567474365234375 -0.0536041259765625 0.1322021484375 0.77618408203125
-0.00642776489257812 -0.0266895294189453 0.5225830078125 0.108184814453125
-0.028839111328125 -0.0383872985839844 0.38763427734375 -0.400054931640625
0.0181312561035156 -0.0576667785644531 -0.387420654296875 0.398956298828125
0.0530509948730469 -0.0105209350585938 -0.43939208984375 -0.08795166015625
0.00286245346069336 0.00783634185791016 -0.09649658203125 -0.76556396484375
-0.0286674499511719 0.037506103515625 0.7467041015625 -0.89208984375
-0.0513648986816406 0.0420455932617188 1.3419189453125 0.2471923828125
-0.0215301513671875 -0.0428886413574219 0.65869140625 1.4527587890625
0.0659751892089844 -0.00615310668945312 -0.30322265625 1.1951904296875
0.0727462768554688 0.0103912353515625 0.0416717529296875 0.079254150390625
0.0588874816894531 -0.0256271362304687 0.2415771484375 -1.173583984375
0.0118865966796875 -0.0498847961425781 -0.9033203125 -1.3382568359375
-0.0425567626953125 0.00410842895507812 -1.344970703125 0.1124267578125
-0.029144287109375 0.0346412658691406 -0.4124755859375 0.984130859375
0.00931549072265625 0.00359058380126953 0.3399658203125 0.74310302734375
0.0132236480712891 0.00534534454345703 0.61138916015625 0.07012939453125
0.0239486694335937 -0.0069427490234375 0.41033935546875 -0.41192626953125
0.00370407104492188 -0.0636215209960938 -0.388275146484375 0.39306640625
0.0503158569335938 -0.0154953002929687 -0.43701171875 -0.0877685546875
0.0210590362548828 -0.0125141143798828 -0.0861816406250001 -0.7637939453125
0.000288009643554688 0.0184364318847656 0.7547607421875 -0.8807373046875
-0.0285453796386719 0.03875732421875 1.33935546875 0.2613525390625
-0.0207366943359375 -0.04486083984375 0.6373291015625 1.460693359375
0.0549392700195312 -0.0176658630371094 -0.3175048828125 1.1898193359375
0.0651664733886719 -0.00908279418945313 0.0353469848632813 0.0771484375
0.0463523864746094 -0.0383758544921875 0.2244873046875 -1.1724853515625
0.0138587951660156 -0.052490234375 -0.917236328125 -1.32177734375
-0.0194721221923828 -0.00556182861328125 -1.3399658203125 0.1270751953125
-0.0076589584350586 0.0112714767456055 -0.39910888671875 0.98291015625
0.0234775543212891 -0.0140781402587891 0.34942626953125 0.73895263671875
0.00871706008911133 -0.00103235244750977 0.6119384765625 0.0667724609375
0.0105915069580078 -0.0102157592773438 0.40771484375 -0.4161376953125
-0.00933837890625 -0.07086181640625 -0.39068603515625 0.3905029296875
0.0458183288574219 -0.0206451416015625 -0.44342041015625 -0.087615966796875
0.0373497009277344 -0.0327033996582031 -0.0980224609375 -0.7611083984375
0.0299911499023438 0.000413894653320313 0.74188232421875 -0.889892578125
-0.00329208374023437 0.0352325439453125 1.34033203125 0.24658203125
-0.0201492309570313 -0.0464744567871094 0.658447265625 1.4481201171875
0.0434303283691406 -0.0316658020019531 -0.306396484375 1.18994140625
0.056976318359375 -0.0306510925292969 0.0341796875 0.0811996459960938
0.0330162048339844 -0.0504264831542969 0.2222900390625 -1.170654296875
0.0177001953125 -0.0549240112304687 -0.919189453125 -1.3243408203125
0.00605869293212891 -0.0147609710693359 -1.3428955078125 0.1231689453125
0.0127449035644531 -0.0132741928100586 -0.40185546875 0.9862060546875
0.03656005859375 -0.033599853515625 0.34161376953125 0.74334716796875
0.000897884368896485 -0.00831985473632813 0.605712890625 0.0682373046875
-0.00253677368164062 -0.0147609710693359 0.40631103515625 -0.412567138671875
-0.0223236083984375 -0.0782546997070313 -0.395538330078125 0.390655517578125
0.0386009216308594 -0.0275993347167969 -0.45623779296875 -0.0832214355468749
0.0495948791503906 -0.0518150329589844 -0.12652587890625 -0.7568359375
0.0550613403320313 -0.0159873962402344 0.7088623046875 -0.90301513671875
0.020416259765625 0.0323581695556641 1.337890625 0.212646484375
-0.0196495056152344 -0.0470962524414063 0.6888427734375 1.4251708984375
0.0311355590820313 -0.0440635681152344 -0.28125 1.1925048828125
0.0478363037109375 -0.0485305786132813 0.0363616943359375 0.090240478515625
0.0213966369628906 -0.06097412109375 0.24169921875 -1.1641845703125
0.0210380554199219 -0.0559844970703125 -0.8919677734375 -1.3475341796875
0.0282058715820313 -0.0236110687255859 -1.3521728515625 0.0906982421874997
0.0315284729003906 -0.0328617095947266 -0.432861328125 0.98016357421875
0.04876708984375 -0.0504188537597656 0.31512451171875 0.74755859375
-0.0042266845703125 -0.0152463912963867 0.59429931640625 0.07476806640625
-0.0157546997070313 -0.0209178924560547 0.4027099609375 -0.41229248046875
-0.0318527221679687 -0.08380126953125 -0.40338134765625 0.389556884765625
0.0332298278808594 -0.0311107635498047 -0.47991943359375 -0.0803527832031249
0.0549812316894531 -0.0656089782714844 -0.1629638671875 -0.752197265625
0.0703277587890625 -0.0284805297851562 0.66790771484375 -0.92413330078125
0.037872314453125 0.0305099487304687 1.3360595703125 0.1632080078125
-0.0198097229003906 -0.0472412109375 0.7344970703125 1.3883056640625
0.0214996337890625 -0.05352783203125 -0.243408203125 1.19873046875
0.0413703918457031 -0.0612945556640625 0.0424728393554688 0.102867126464844
0.0129318237304687 -0.0687446594238281 0.2821044921875 -1.1571044921875
0.0239143371582031 -0.0571098327636719 -0.84619140625 -1.388916015625
0.0462150573730469 -0.0267524719238281 -1.3692626953125 0.0389404296875002
0.0479965209960938 -0.0456008911132813 -0.48193359375 0.9710693359375
0.0590705871582031 -0.0619277954101562 0.2755126953125 0.7562255859375
-0.00753974914550782 -0.0222740173339844 0.57513427734375 0.08526611328125
-0.0249977111816406 -0.0279788970947266 0.39764404296875 -0.409912109375
-0.0366897583007812 -0.088409423828125 -0.409576416015625 0.3946533203125
0.0298976898193359 -0.0338096618652344 -0.504058837890625 -0.0746154785156249
0.0519790649414063 -0.0705947875976563 -0.2083740234375 -0.74139404296875
0.0761489868164063 -0.0343017578125 0.61370849609375 -0.94219970703125
0.0486984252929688 0.0273094177246094 1.3280029296875 0.1065673828125
-0.0203857421875 -0.0474433898925781 0.788818359375 1.3460693359375
0.0145111083984375 -0.0574378967285156 -0.1954345703125 1.207275390625
0.0359764099121094 -0.0672187805175781 0.0511856079101563 0.119430541992187
0.00855255126953126 -0.0721893310546875 0.3289794921875 -1.1478271484375
0.0250434875488281 -0.056396484375 -0.782958984375 -1.4365234375
0.0542869567871094 -0.0273475646972656 -1.3800048828125 -0.0224609374999997
0.0567207336425781 -0.0502967834472656 -0.53839111328125 0.954345703125
0.0651435852050781 -0.0662384033203125 0.22894287109375 0.761474609375
-0.00898551940917968 -0.0270271301269531 0.55377197265625 0.090118408203125
-0.0326614379882812 -0.0325870513916016 0.391632080078125 -0.40667724609375
-0.034912109375 -0.091217041015625 -0.41351318359375 0.4019775390625
0.0247077941894531 -0.0337123870849609 -0.52581787109375 -0.0676879882812501
0.0443534851074219 -0.0692863464355469 -0.25604248046875 -0.73187255859375
0.0698280334472656 -0.0323677062988281 0.55682373046875 -0.96258544921875
0.0483131408691406 0.0266990661621094 1.31884765625 0.0455322265625
-0.0212173461914063 -0.0464096069335937 0.845703125 1.299560546875
0.0118179321289063 -0.0573272705078125 -0.146240234375 1.2125244140625
0.0345458984375 -0.0648002624511719 0.0609512329101563 0.135726928710938
0.00818634033203124 -0.0707855224609375 0.3765869140625 -1.1365966796875
0.0249443054199219 -0.0554656982421875 -0.723876953125 -1.4803466796875
0.0536079406738281 -0.0232086181640625 -1.39501953125 -0.0847167968749999
0.0570030212402344 -0.0450401306152344 -0.59405517578125 0.93463134765625
0.0646743774414063 -0.0651206970214844 0.18212890625 0.76763916015625
-0.00853157043457032 -0.0291957855224609 0.53594970703125 0.095733642578125
-0.0331764221191406 -0.0358619689941406 0.38641357421875 -0.40411376953125
-0.0295181274414063 -0.0916213989257813 -0.4158935546875 0.41131591796875
0.0252571105957031 -0.0327091217041016 -0.545074462890625 -0.0582275390625
0.0330162048339844 -0.0592727661132813 -0.29290771484375 -0.72235107421875
0.0545692443847656 -0.0220603942871094 0.51312255859375 -0.974853515625
0.03857421875 0.0296249389648438 1.3096923828125 -0.0025634765625
-0.0230178833007813 -0.0444679260253906 0.8890380859375 1.2642822265625
0.0148200988769531 -0.0519981384277344 -0.106201171875 1.2154541015625
0.0354270935058594 -0.0568351745605469 0.070709228515625 0.150604248046875
0.0133590698242187 -0.0658798217773438 0.4234619140625 -1.12457275390625
0.025238037109375 -0.0554237365722656 -0.660888671875 -1.5167236328125
0.042083740234375 -0.0179443359375 -1.3958740234375 -0.1446533203125
0.0461921691894531 -0.0316505432128906 -0.641357421875 0.91851806640625
0.056121826171875 -0.0547370910644531 0.14215087890625 0.76922607421875
-0.00693893432617188 -0.0274715423583984 0.52008056640625 0.098388671875
-0.0284042358398438 -0.0373878479003906 0.381866455078125 -0.40277099609375
0.0153350830078125 -0.0577850341796875 -0.378326416015625 0.401153564453125
0.0529975891113281 -0.0122299194335938 -0.4346923828125 -0.0820617675781251
0.00193929672241211 0.00805854797363281 -0.1058349609375 -0.75982666015625
-0.0289802551269531 0.0368080139160156 0.73040771484375 -0.8936767578125
-0.0500259399414063 0.0411376953125 1.3358154296875 0.2305908203125
-0.0233421325683594 -0.0435867309570313 0.6683349609375 1.4385986328125
0.0643730163574219 -0.00676727294921875 -0.287109375 1.1883544921875
0.0718917846679688 0.0093231201171875 0.0419998168945313 0.0793991088867188
0.0570793151855469 -0.0265998840332031 0.2269287109375 -1.1663818359375
0.0120582580566406 -0.0512237548828125 -0.9119873046875 -1.3204345703125
-0.0416145324707031 0.00439071655273437 -1.3355712890625 0.12646484375
-0.0283584594726562 0.0349559783935547 -0.3995361328125 0.98040771484375
0.00973320007324219 0.00326156616210938 0.345947265625 0.7322998046875
0.0141391754150391 0.00439548492431641 0.60693359375 0.0595703125
0.0244064331054688 -0.00838470458984375 0.402740478515625 -0.4140625
0.000579833984375003 -0.0634498596191406 -0.379241943359375 0.395904541015625
0.0502090454101562 -0.0159225463867188 -0.432861328125 -0.0815734863281251
0.0197505950927734 -0.0121192932128906 -0.0942993164062501 -0.757568359375
-0.000394821166992186 0.0195503234863281 0.74053955078125 -0.88385009765625
-0.0274887084960938 0.0376701354980469 1.3330078125 0.244873046875
-0.0208702087402344 -0.0459060668945313 0.6510009765625 1.4459228515625
0.0544204711914063 -0.0187721252441406 -0.3026123046875 1.1839599609375
0.0645256042480469 -0.0103836059570313 0.0364761352539063 0.0765457153320312
0.0442047119140625 -0.0376205444335938 0.2108154296875 -1.167236328125
0.0137939453125 -0.0529747009277344 -0.9266357421875 -1.3065185546875
-0.0190696716308594 -0.00543403625488281 -1.3299560546875 0.1380615234375
-0.00723934173583985 0.0115604400634766 -0.38519287109375 0.9825439453125
0.0229701995849609 -0.0155544281005859 0.35675048828125 0.73004150390625
0.0090627670288086 -0.00104045867919922 0.60833740234375 0.0587158203125
0.0105428695678711 -0.0107631683349609 0.39764404296875 -0.4180908203125
-0.0123710632324219 -0.0702323913574219 -0.381805419921875 0.393310546875
0.0447921752929687 -0.022491455078125 -0.43994140625 -0.081085205078125
0.0367240905761719 -0.0332565307617188 -0.1051025390625 -0.7562255859375
0.0288906097412109 0.0003204345703125 0.72381591796875 -0.89202880859375
-0.00218391418457031 0.0335578918457031 1.3326416015625 0.2314453125
-0.021148681640625 -0.0466041564941406 0.66650390625 1.4342041015625
0.0417556762695313 -0.0322113037109375 -0.2901611328125 1.184326171875
0.0552024841308594 -0.0303497314453125 0.0341567993164063 0.080078125
0.0316734313964844 -0.0503997802734375 0.2078857421875 -1.1622314453125
0.0170364379882813 -0.0550155639648438 -0.9254150390625 -1.306396484375
0.00550460815429687 -0.0160045623779297 -1.3331298828125 0.135498046875
0.0127105712890625 -0.0130634307861328 -0.390380859375 0.98370361328125
0.0359687805175781 -0.0348091125488281 0.34857177734375 0.73431396484375
0.00121784210205078 -0.00755834579467773 0.60302734375 0.06103515625
-0.00263214111328125 -0.0159397125244141 0.39996337890625 -0.41619873046875
-0.0257339477539062 -0.0767135620117188 -0.386566162109375 0.392852783203125
0.0393447875976563 -0.0276679992675781 -0.453582763671875 -0.0778808593750001
0.0492172241210938 -0.0517082214355469 -0.1336669921875 -0.7510986328125
0.0534439086914063 -0.015777587890625 0.69390869140625 -0.90545654296875
0.0205593109130859 0.0307521820068359 1.3319091796875 0.1959228515625
-0.0208244323730469 -0.0480690002441406 0.6990966796875 1.4122314453125
0.0293807983398438 -0.044219970703125 -0.266845703125 1.186279296875
0.0467987060546875 -0.04791259765625 0.03668212890625 0.0895004272460938
0.0204124450683594 -0.0618209838867188 0.2264404296875 -1.157958984375
0.0198097229003906 -0.0562057495117188 -0.899658203125 -1.3311767578125
0.0279541015625 -0.0237884521484375 -1.3408203125 0.1043701171875
0.0310325622558594 -0.0337314605712891 -0.41973876953125 0.97833251953125
0.0476875305175781 -0.0516204833984375 0.32177734375 0.73980712890625
-0.00399494171142578 -0.0154142379760742 0.589599609375 0.06756591796875
-0.0157718658447266 -0.0212039947509766 0.394775390625 -0.41363525390625
-0.0345535278320313 -0.0839996337890625 -0.39447021484375 0.393890380859375
0.0325870513916016 -0.0336799621582031 -0.474884033203125 -0.0733642578124999
0.0540695190429688 -0.0651130676269531 -0.17205810546875 -0.74444580078125
0.0700874328613281 -0.0286483764648438 0.65167236328125 -0.925048828125
0.03863525390625 0.0292587280273438 1.3299560546875 0.148193359375
-0.0200996398925781 -0.0481224060058594 0.74267578125 1.375
0.0191650390625 -0.0540580749511719 -0.2288818359375 1.193603515625
0.04046630859375 -0.0610122680664063 0.04248046875 0.1024169921875
0.0116386413574219 -0.0680961608886719 0.269775390625 -1.1510009765625
0.0220489501953125 -0.0573577880859375 -0.85595703125 -1.369384765625
0.0453147888183594 -0.0279693603515625 -1.35693359375 0.0529785156249998
0.0465087890625 -0.0457229614257813 -0.46771240234375 0.967529296875
0.0584030151367188 -0.0630035400390625 0.2840576171875 0.7476806640625
-0.00743484497070313 -0.0209236145019531 0.57086181640625 0.0751953125
-0.0253505706787109 -0.027740478515625 0.390716552734375 -0.4114990234375
-0.03997802734375 -0.0869903564453125 -0.40032958984375 0.397552490234375
0.02838134765625 -0.0355682373046875 -0.498565673828125 -0.067901611328125
0.0517807006835938 -0.0716094970703125 -0.2152099609375 -0.73541259765625
0.0748825073242188 -0.0343856811523438 0.59930419921875 -0.9429931640625
0.0484085083007812 0.0261955261230469 1.318359375 0.091064453125
-0.020355224609375 -0.0475616455078125 0.800048828125 1.33154296875
0.0120658874511719 -0.0569572448730469 -0.1820068359375 1.1990966796875
0.0344047546386719 -0.0675621032714844 0.0522003173828125 0.118568420410156
0.00640106201171875 -0.0722427368164063 0.3148193359375 -1.1405029296875
0.0231132507324219 -0.0567169189453125 -0.7965087890625 -1.4169921875
0.053741455078125 -0.0278358459472656 -1.3743896484375 -0.00695800781249977
0.0562858581542969 -0.0509529113769531 -0.52374267578125 0.9534912109375
0.0633277893066406 -0.0689697265625 0.23675537109375 0.75341796875
-0.00909042358398438 -0.0264034271240234 0.550262451171875 0.0806884765625
-0.0326175689697266 -0.0333843231201172 0.38397216796875 -0.409149169921875
-0.0386810302734375 -0.0907135009765625 -0.405975341796875 0.405303955078125
0.0243606567382813 -0.0365028381347656 -0.5211181640625 -0.059417724609375
0.0439949035644531 -0.0697746276855469 -0.26068115234375 -0.72320556640625
0.0690231323242188 -0.032135009765625 0.54132080078125 -0.9619140625
0.0483551025390625 0.0254554748535156 1.3092041015625 0.030517578125
-0.021484375 -0.0470199584960938 0.8533935546875 1.285888671875
0.0104179382324219 -0.0565071105957031 -0.1329345703125 1.203369140625
0.032745361328125 -0.0653610229492187 0.0618667602539062 0.134292602539063
0.00675201416015625 -0.0712509155273438 0.3631591796875 -1.1331787109375
0.0240020751953125 -0.0563430786132813 -0.7337646484375 -1.461669921875
0.0526504516601563 -0.0239181518554688 -1.3853759765625 -0.0721435546874998
0.056060791015625 -0.0465354919433594 -0.578857421875 0.93408203125
0.0629158020019531 -0.0657081604003906 0.188232421875 0.7611083984375
-0.00889396667480469 -0.0284461975097656 0.53289794921875 0.087158203125
-0.0327606201171875 -0.0365982055664063 0.37884521484375 -0.4071044921875
-0.0324020385742188 -0.0905380249023437 -0.406951904296875 0.4139404296875
0.0240440368652344 -0.0340995788574219 -0.53875732421875 -0.0504455566406249
0.0314483642578125 -0.0587692260742188 -0.2987060546875 -0.71429443359375
0.0538063049316406 -0.0225563049316406 0.49603271484375 -0.97369384765625
0.0397758483886719 0.0295295715332031 1.300048828125 -0.018310546875
-0.0223960876464844 -0.0443840026855469 0.8994140625 1.2471923828125
0.0131683349609375 -0.05267333984375 -0.0913085937500001 1.209716796875
0.0337104797363281 -0.0568389892578125 0.0725860595703125 0.148101806640625
0.0108985900878906 -0.0644149780273438 0.410400390625 -1.121337890625
0.0243453979492188 -0.0551681518554688 -0.674072265625 -1.5020751953125
0.0421066284179688 -0.019866943359375 -1.388427734375 -0.1282958984375
0.0451393127441406 -0.032562255859375 -0.6256103515625 0.917724609375
0.0545768737792969 -0.0555419921875 0.1512451171875 0.7645263671875
-0.00732612609863281 -0.0276126861572266 0.5169677734375 0.089385986328125
-0.0293045043945312 -0.0374107360839844 0.372528076171875 -0.4058837890625
0.0123100280761719 -0.0583457946777344 -0.3714599609375 0.403228759765625
0.0515785217285156 -0.0138587951660156 -0.4320068359375 -0.0772399902343751
0.00344181060791016 0.00800323486328125 -0.1102294921875 -0.75225830078125
-0.0280990600585938 0.0385589599609375 0.71502685546875 -0.892578125
-0.0485343933105469 0.0409584045410156 1.3280029296875 0.216552734375
-0.0214462280273437 -0.0440216064453125 0.6767578125 1.422607421875
0.0636405944824219 -0.00710678100585938 -0.274658203125 1.1826171875
0.069671630859375 0.00931167602539062 0.0428619384765625 0.0775985717773438
0.0550765991210938 -0.0262336730957031 0.2152099609375 -1.1617431640625
0.0109405517578125 -0.0506134033203125 -0.915771484375 -1.300048828125
-0.0416946411132812 0.00382614135742188 -1.323486328125 0.135009765625
-0.0282573699951172 0.03466796875 -0.38720703125 0.97625732421875
0.00952720642089844 0.00249385833740234 0.35333251953125 0.72412109375
0.0143404006958008 0.00302886962890625 0.60211181640625 0.052978515625
0.0224227905273438 -0.00905418395996094 0.394317626953125 -0.415069580078125
-0.00252914428710937 -0.0637321472167969 -0.3721923828125 0.3970947265625
0.0490570068359375 -0.0185470581054688 -0.429901123046875 -0.077362060546875
0.0202751159667969 -0.0125522613525391 -0.099853515625 -0.7501220703125
0.000152587890624999 0.0191326141357422 0.7254638671875 -0.88409423828125
-0.0265617370605469 0.0365486145019531 1.3250732421875 0.232421875
-0.02056884765625 -0.0456352233886719 0.6610107421875 1.4295654296875
0.0526237487792969 -0.0194358825683594 -0.291015625 1.177734375
0.0637397766113281 -0.0101280212402344 0.0364837646484375 0.0763702392578125
0.0437049865722656 -0.0389633178710938 0.20068359375 -1.158935546875
0.0126876831054688 -0.0518035888671875 -0.9305419921875 -1.2879638671875
-0.01800537109375 -0.00442695617675781 -1.3148193359375 0.14697265625
-0.00698184967041016 0.0109453201293945 -0.37408447265625 0.9781494140625
0.0231418609619141 -0.015289306640625 0.35955810546875 0.720947265625
0.009124755859375 -0.00233554840087891 0.6015625 0.0501708984375
0.00945758819580078 -0.0121736526489258 0.391265869140625 -0.42034912109375
-0.0153999328613281 -0.0702590942382813 -0.372894287109375 0.39361572265625
0.0445365905761719 -0.0231475830078125 -0.434234619140625 -0.07598876953125
0.0364036560058594 -0.0335350036621094 -0.112060546875 -0.74945068359375
0.0284156799316406 0.0001983642578125 0.71185302734375 -0.890869140625
-0.00110435485839844 0.0333957672119141 1.3233642578125 0.2159423828125
-0.0199966430664063 -0.0476493835449219 0.675048828125 1.4195556640625
0.0400619506835937 -0.0323028564453125 -0.27587890625 1.1771240234375
0.0541000366210937 -0.0307846069335938 0.0364532470703125 0.0792236328125
0.031219482421875 -0.0496597290039063 0.196533203125 -1.1552734375
0.0160331726074219 -0.0551795959472656 -0.929931640625 -1.2882080078125
0.00525188446044922 -0.0153894424438477 -1.3218994140625 0.145263671875
0.0130405426025391 -0.0133686065673828 -0.377197265625 0.97955322265625
0.0353965759277344 -0.0353279113769531 0.35162353515625 0.7242431640625
0.0023493766784668 -0.00834512710571289 0.598388671875 0.05352783203125
-0.00349998474121094 -0.0151338577270508 0.389373779296875 -0.41802978515625
-0.0286483764648438 -0.0764694213867187 -0.379119873046875 0.394378662109375
0.0379180908203125 -0.0300788879394531 -0.449737548828125 -0.0717773437499999
0.0487480163574219 -0.0521049499511719 -0.1395263671875 -0.74334716796875
0.0527229309082031 -0.0161933898925781 0.67938232421875 -0.905517578125
0.0209465026855469 0.0303611755371094 1.3240966796875 0.1832275390625
-0.0206184387207031 -0.0473747253417969 0.70556640625 1.3958740234375
0.0280990600585938 -0.0448112487792969 -0.2537841796875 1.179443359375
0.0448760986328125 -0.0479660034179687 0.0374679565429688 0.0886688232421875
0.0187034606933594 -0.0600967407226563 0.2177734375 -1.148681640625
0.0185775756835938 -0.0568428039550781 -0.904296875 -1.31298828125
0.0274505615234375 -0.0232181549072266 -1.3294677734375 0.113525390625
0.0315914154052734 -0.0339183807373047 -0.4088134765625 0.97503662109375
0.0485420227050781 -0.0519523620605469 0.3272705078125 0.72979736328125
-0.00356674194335938 -0.0148563385009766 0.5863037109375 0.058837890625
-0.0172538757324219 -0.0214824676513672 0.38641357421875 -0.41607666015625
-0.038116455078125 -0.0829620361328125 -0.385955810546875 0.3955078125
0.0319747924804688 -0.0349216461181641 -0.4697265625 -0.0684814453125
0.0535469055175781 -0.0652999877929688 -0.1778564453125 -0.737060546875
0.06842041015625 -0.0291786193847656 0.638427734375 -0.92425537109375
0.0387802124023438 0.0262947082519531 1.31982421875 0.1346435546875
-0.02093505859375 -0.0478439331054688 0.7515869140625 1.3597412109375
0.0175132751464844 -0.0534934997558594 -0.2178955078125 1.1865234375
0.0375595092773438 -0.0606231689453125 0.043182373046875 0.101692199707031
0.00951004028320312 -0.06768798828125 0.25634765625 -1.143798828125
0.0218963623046875 -0.0567169189453125 -0.85986328125 -1.35302734375
0.0449943542480469 -0.0284233093261719 -1.349365234375 0.0639648437499998
0.0453758239746094 -0.0468788146972656 -0.45623779296875 0.96356201171875
0.0575180053710938 -0.0630912780761719 0.28778076171875 0.73748779296875
-0.00734329223632812 -0.0219326019287109 0.566650390625 0.06585693359375
-0.0259819030761719 -0.0272731781005859 0.3819580078125 -0.414215087890625
-0.043182373046875 -0.0865325927734375 -0.39117431640625 0.40032958984375
0.0274429321289063 -0.0361671447753906 -0.494781494140625 -0.06243896484375
0.0511550903320313 -0.0711822509765625 -0.220458984375 -0.7276611328125
0.0740280151367187 -0.0340042114257813 0.5823974609375 -0.94256591796875
0.0481605529785156 0.023651123046875 1.3096923828125 0.078369140625
-0.0212135314941406 -0.0482749938964844 0.8040771484375 1.3154296875
0.010711669921875 -0.0579299926757813 -0.17041015625 1.192138671875
0.0331840515136719 -0.0659942626953125 0.052154541015625 0.116966247558594
0.0053863525390625 -0.0713882446289063 0.3035888671875 -1.13427734375
0.0221023559570313 -0.0562171936035156 -0.802734375 -1.4010009765625
0.0534133911132812 -0.0285415649414063 -1.359619140625 0.00207519531249977
0.0556106567382813 -0.0521354675292969 -0.50946044921875 0.9510498046875
0.0635299682617188 -0.0688896179199219 0.24200439453125 0.74688720703125
-0.00867652893066407 -0.0269374847412109 0.544158935546875 0.072479248046875
-0.0327415466308594 -0.0326576232910156 0.3758544921875 -0.410797119140625
-0.041748046875 -0.0886611938476563 -0.395782470703125 0.407379150390625
0.0233688354492188 -0.036407470703125 -0.516082763671875 -0.0526733398437501
0.0420684814453125 -0.0691642761230469 -0.266845703125 -0.7159423828125
0.067962646484375 -0.0330276489257813 0.529052734375 -0.962158203125
0.0487632751464844 0.0236091613769531 1.299560546875 0.0172119140625
-0.0218048095703125 -0.0469093322753906 0.8587646484375 1.2677001953125
0.00864791870117188 -0.05694580078125 -0.1209716796875 1.1951904296875
0.0319442749023438 -0.0649452209472656 0.0622024536132813 0.133438110351563
0.00505065917968751 -0.0699577331542969 0.3502197265625 -1.1273193359375
0.0229377746582031 -0.0557212829589844 -0.74365234375 -1.4453125
0.0519599914550781 -0.0247421264648437 -1.376220703125 -0.0596923828124997
0.055389404296875 -0.0459442138671875 -0.5657958984375 0.9334716796875
0.0618171691894531 -0.0662689208984375 0.19427490234375 0.7528076171875
-0.008392333984375 -0.0283069610595703 0.52764892578125 0.07958984375
-0.0329132080078125 -0.0361328125 0.37176513671875 -0.40789794921875
-0.0354690551757813 -0.0888900756835938 -0.396514892578125 0.41717529296875
0.0238857269287109 -0.0347461700439453 -0.53436279296875 -0.0460815429687499
0.0311317443847656 -0.059600830078125 -0.30255126953125 -0.70416259765625
0.0539779663085937 -0.0222320556640625 0.4825439453125 -0.97235107421875
0.0393524169921875 0.0280075073242188 1.2908935546875 -0.0289306640625
-0.0235023498535156 -0.0455589294433594 0.90283203125 1.231201171875
0.0116615295410156 -0.0520172119140625 -0.0809326171875001 1.1995849609375
0.032989501953125 -0.0567092895507813 0.072845458984375 0.146499633789063
0.00901412963867187 -0.0640296936035156 0.39813232421875 -1.11676025390625
0.0232009887695313 -0.0561027526855469 -0.6822509765625 -1.4840087890625
0.0418815612792969 -0.0189781188964844 -1.378662109375 -0.1181640625
0.0452995300292969 -0.0333137512207031 -0.61279296875 0.91796875
0.0542716979980469 -0.056243896484375 0.15673828125 0.7545166015625
-0.00654220581054688 -0.026641845703125 0.51226806640625 0.083587646484375
-0.0296096801757812 -0.0377006530761719 0.3653564453125 -0.40838623046875
0.00941085815429688 -0.0576591491699219 -0.3626708984375 0.40472412109375
0.0507278442382813 -0.0142478942871094 -0.42742919921875 -0.0715942382812499
0.00275278091430664 0.00837278366088867 -0.1165771484375 -0.74755859375
-0.0271759033203125 0.0385398864746094 0.7012939453125 -0.89276123046875
-0.0477485656738281 0.0396499633789062 1.3187255859375 0.206298828125
-0.0221748352050781 -0.0443344116210937 0.68115234375 1.4090576171875
0.0618743896484375 -0.00856781005859375 -0.263671875 1.175048828125
0.0689735412597656 0.00843048095703125 0.0432815551757813 0.0771102905273438
0.0544967651367187 -0.0263938903808594 0.2054443359375 -1.1494140625
0.0106086730957031 -0.0505714416503906 -0.91845703125 -1.28515625
-0.041046142578125 0.00497436523437501 -1.313720703125 0.142333984375
-0.0270671844482422 0.0336151123046875 -0.37689208984375 0.9716796875
0.00957679748535156 0.00199222564697266 0.35528564453125 0.71429443359375
0.0141258239746094 0.002410888671875 0.59832763671875 0.04681396484375
0.023223876953125 -0.0105800628662109 0.386810302734375 -0.416900634765625
-0.00487518310546876 -0.0628700256347656 -0.364776611328125 0.3984375
0.0488700866699219 -0.0188102722167969 -0.424285888671875 -0.073944091796875
0.0199604034423828 -0.0123710632324219 -0.10662841796875 -0.7440185546875
-0.000860214233398436 0.0197868347167969 0.71466064453125 -0.88287353515625
-0.0256881713867187 0.0353126525878906 1.31396484375 0.22119140625
-0.0213699340820313 -0.0461769104003906 0.662109375 1.4168701171875
0.05084228515625 -0.0187263488769531 -0.279541015625 1.1708984375
0.0621871948242188 -0.010040283203125 0.0378036499023438 0.0755691528320312
0.0415496826171875 -0.0385932922363281 0.1898193359375 -1.148193359375
0.0133590698242187 -0.0523910522460938 -0.9290771484375 -1.2713623046875
-0.0184555053710938 -0.0048980712890625 -1.31005859375 0.1568603515625
-0.00735950469970703 0.0101900100708008 -0.36309814453125 0.97137451171875
0.0222835540771484 -0.0157432556152344 0.36468505859375 0.71063232421875
0.00972461700439453 -0.00235557556152344 0.59722900390625 0.04296875
0.00896263122558594 -0.0119295120239258 0.38336181640625 -0.4193115234375
-0.0179595947265625 -0.0692329406738281 -0.36724853515625 0.395294189453125
0.0436019897460937 -0.0246238708496094 -0.43060302734375 -0.07281494140625
0.0359725952148437 -0.0335502624511719 -0.11663818359375 -0.74267578125
0.0278339385986328 0.0012359619140625 0.697021484375 -0.89324951171875
-0.00111007690429688 0.0325813293457031 1.3175048828125 0.2059326171875
-0.0205307006835938 -0.048126220703125 0.680908203125 1.405029296875
0.0389976501464844 -0.033111572265625 -0.265869140625 1.1697998046875
0.0538673400878906 -0.0297966003417969 0.0367813110351562 0.0779647827148438
0.0292854309082031 -0.0498580932617188 0.1878662109375 -1.1473388671875
0.0153694152832031 -0.0551872253417969 -0.9334716796875 -1.2701416015625
0.00461006164550781 -0.0163326263427734 -1.3109130859375 0.1544189453125
0.0115947723388672 -0.0129079818725586 -0.36749267578125 0.976318359375
0.0347099304199219 -0.0360488891601563 0.356201171875 0.71441650390625
0.00222301483154297 -0.00888156890869141 0.59307861328125 0.0458984375
-0.00341033935546875 -0.0162954330444336 0.384552001953125 -0.418670654296875
-0.0313873291015625 -0.0755691528320313 -0.371734619140625 0.393280029296875
0.0370597839355469 -0.0304183959960938 -0.444549560546875 -0.0688781738281249
0.0474586486816406 -0.0529594421386719 -0.14495849609375 -0.73785400390625
0.052490234375 -0.01715087890625 0.665771484375 -0.90594482421875
0.0214672088623047 0.0290184020996094 1.3125 0.1724853515625
-0.0199241638183594 -0.0489692687988281 0.709228515625 1.3797607421875
0.0263290405273438 -0.0437736511230469 -0.2421875 1.17333984375
0.0429267883300781 -0.0472145080566406 0.037872314453125 0.087982177734375
0.0172271728515625 -0.0598487854003906 0.20654296875 -1.142578125
0.0182266235351562 -0.0566978454589844 -0.906494140625 -1.2969970703125
0.0276126861572266 -0.0240936279296875 -1.31982421875 0.1229248046875
0.0306930541992188 -0.0338363647460938 -0.3975830078125 0.96771240234375
0.0474929809570313 -0.0535202026367188 0.3310546875 0.72216796875
-0.00316143035888672 -0.0148773193359375 0.57952880859375 0.05322265625
-0.0171966552734375 -0.0217113494873047 0.380706787109375 -0.415313720703125
-0.0405731201171875 -0.08148193359375 -0.379241943359375 0.395721435546875
0.0313682556152344 -0.0347175598144531 -0.46697998046875 -0.064544677734375
0.0511550903320313 -0.0650634765625 -0.18072509765625 -0.72998046875
0.068267822265625 -0.0283927917480469 0.6241455078125 -0.92156982421875
0.0396881103515625 0.0260467529296875 1.31103515625 0.1273193359375
-0.0210456848144531 -0.0472488403320312 0.7559814453125 1.3433837890625
0.0167999267578125 -0.0526466369628906 -0.20703125 1.177734375
0.0363807678222656 -0.0601654052734375 0.0437393188476563 0.100990295410156
0.00885772705078125 -0.0670280456542969 0.2476806640625 -1.1356201171875
0.0214309692382812 -0.0574874877929688 -0.8626708984375 -1.3365478515625
0.0446891784667969 -0.0283355712890625 -1.3360595703125 0.0711669921875002
0.0460739135742188 -0.0474128723144531 -0.44482421875 0.9608154296875
0.0564498901367188 -0.0643081665039063 0.2911376953125 0.72869873046875
-0.00710868835449219 -0.0228004455566406 0.56317138671875 0.06158447265625
-0.0270042419433594 -0.0275535583496094 0.375823974609375 -0.41351318359375
-0.0455856323242188 -0.085479736328125 -0.384033203125 0.400146484375
0.0264739990234375 -0.037139892578125 -0.48846435546875 -0.0569152832031251
0.0501480102539063 -0.0708770751953125 -0.2230224609375 -0.7210693359375
0.0722579956054688 -0.0346450805664063 0.572021484375 -0.93914794921875
0.0484580993652344 0.0232887268066406 1.3033447265625 0.068115234375
-0.0211715698242188 -0.0485420227050781 0.80712890625 1.302734375
0.0104560852050781 -0.0578346252441406 -0.1593017578125 1.1846923828125
0.0322074890136719 -0.0658645629882813 0.0536117553710937 0.11578369140625
0.00306320190429687 -0.0701789855957031 0.29150390625 -1.124267578125
0.0217208862304688 -0.0572509765625 -0.8040771484375 -1.3828125
0.0536956787109375 -0.0282173156738281 -1.351318359375 0.00964355468750002
0.0551681518554688 -0.0527839660644531 -0.5 0.947021484375
0.0617828369140625 -0.0700607299804688 0.24615478515625 0.73712158203125
-0.00847053527832031 -0.0272922515869141 0.54071044921875 0.06707763671875
-0.0335140228271484 -0.0322990417480469 0.36932373046875 -0.412139892578125
-0.0437698364257812 -0.0874481201171875 -0.387969970703125 0.4091796875
0.0227775573730469 -0.0380363464355469 -0.512054443359375 -0.0485229492187499
0.0408821105957031 -0.0681571960449219 -0.27020263671875 -0.70782470703125
0.0667343139648438 -0.0327033996582031 0.51666259765625 -0.95928955078125
0.0483818054199219 0.0228729248046875 1.2901611328125 0.0059814453125
-0.0222969055175781 -0.0467681884765625 0.861572265625 1.2559814453125
0.00752639770507812 -0.057159423828125 -0.1102294921875 1.1898193359375
0.0293960571289062 -0.0647392272949219 0.0642242431640625 0.132461547851563
0.0032806396484375 -0.0692291259765625 0.34075927734375 -1.11724853515625
0.02276611328125 -0.0562934875488281 -0.7420654296875 -1.43017578125
0.0518112182617188 -0.0259323120117188 -1.3663330078125 -0.0527343750000002
0.0554771423339844 -0.0465774536132813 -0.5562744140625 0.9300537109375
0.0614356994628906 -0.0669975280761719 0.20074462890625 0.7454833984375
-0.00852584838867188 -0.0291423797607422 0.52313232421875 0.073516845703125
-0.0339813232421875 -0.0354652404785156 0.36566162109375 -0.408447265625
-0.0377578735351562 -0.0887908935546875 -0.388763427734375 0.418212890625
0.0229034423828125 -0.0358734130859375 -0.52880859375 -0.0400085449218751
0.0309982299804688 -0.0577888488769531 -0.3060302734375 -0.69781494140625
0.0525550842285156 -0.0218353271484375 0.47296142578125 -0.96954345703125
0.0400581359863281 0.025909423828125 1.2806396484375 -0.0389404296875
-0.0241203308105469 -0.0456619262695313 0.9039306640625 1.2186279296875
0.0101890563964844 -0.0530662536621094 -0.0708007812500001 1.18994140625
0.0309944152832031 -0.0545463562011719 0.0728759765625 0.145278930664062
0.00862884521484375 -0.0640335083007813 0.386962890625 -1.107666015625
0.022247314453125 -0.0566673278808594 -0.6851806640625 -1.4693603515625
0.0416755676269531 -0.0198936462402344 -1.369140625 -0.1075439453125
0.0451469421386719 -0.0337905883789063 -0.60223388671875 0.9124755859375
0.0537338256835937 -0.0570411682128906 0.16119384765625 0.74725341796875
-0.00654029846191406 -0.0281600952148438 0.50933837890625 0.077545166015625
-0.0298843383789062 -0.0368919372558594 0.360565185546875 -0.409027099609375
0.0066986083984375 -0.0571861267089844 -0.355560302734375 0.404296875
0.0496368408203125 -0.0162315368652344 -0.42376708984375 -0.0689086914062499
0.00323820114135742 0.0067753791809082 -0.11871337890625 -0.73968505859375
-0.0274238586425781 0.0382461547851563 0.6904296875 -0.89068603515625
-0.0475196838378906 0.0391807556152344 1.31005859375 0.19775390625
-0.0219879150390625 -0.0440483093261719 0.685791015625 1.39697265625
0.0610466003417969 -0.00893783569335938 -0.25390625 1.1666259765625
0.0686798095703125 0.00787353515625 0.0444488525390625 0.0770111083984375
0.0534934997558594 -0.0265846252441406 0.1981201171875 -1.142578125
0.0104331970214844 -0.0507888793945313 -0.9156494140625 -1.2706298828125
-0.0406913757324219 0.00488662719726563 -1.3011474609375 0.146728515625
-0.0259647369384766 0.0343055725097656 -0.367919921875 0.9652099609375
0.00890827178955078 0.00106143951416016 0.35626220703125 0.706298828125
0.0150976181030273 0.00188159942626953 0.59173583984375 0.0400390625
0.0217571258544922 -0.0102195739746094 0.381591796875 -0.415313720703125
-0.00767135620117187 -0.0618782043457031 -0.35614013671875 0.398956298828125
0.0478515625 -0.0205001831054688 -0.419281005859375 -0.0704345703125001
0.0189571380615234 -0.0122337341308594 -0.10955810546875 -0.738525390625
-2.67028808593736E-05 0.0199337005615234 0.700439453125 -0.88323974609375
-0.0250148773193359 0.0347671508789063 1.306640625 0.2138671875
-0.0211639404296875 -0.0467720031738281 0.6663818359375 1.4034423828125
0.0504875183105469 -0.0192070007324219 -0.269287109375 1.1617431640625
0.0609703063964844 -0.0100288391113281 0.03765869140625 0.0749053955078125
0.0419654846191406 -0.0375213623046875 0.1832275390625 -1.1402587890625
0.0120658874511719 -0.0529975891113281 -0.9288330078125 -1.256103515625
-0.0176868438720703 -0.00610733032226563 -1.2940673828125 0.1617431640625
-0.00712394714355468 0.0102729797363281 -0.353515625 0.96490478515625
0.0228137969970703 -0.0167026519775391 0.36553955078125 0.70233154296875
0.00997543334960938 -0.00182628631591797 0.59197998046875 0.03863525390625
0.00845527648925781 -0.0122404098510742 0.377777099609375 -0.4200439453125
-0.0206298828125 -0.0685844421386719 -0.35931396484375 0.395477294921875
0.0419044494628906 -0.0259132385253906 -0.42620849609375 -0.0693359375000001
0.0358200073242188 -0.0331382751464844 -0.1201171875 -0.7364501953125
0.0284423828125 0.000362396240234375 0.68560791015625 -0.88922119140625
-0.00161361694335938 0.0300865173339844 1.3072509765625 0.19921875
-0.0202369689941406 -0.0477066040039062 0.683349609375 1.390380859375
0.0373306274414062 -0.0329971313476563 -0.2579345703125 1.1605224609375
0.051422119140625 -0.0299453735351563 0.0366973876953125 0.0782394409179688
0.0276870727539062 -0.0495643615722656 0.18017578125 -1.13623046875
0.0144004821777344 -0.054840087890625 -0.93115234375 -1.255859375
0.00536346435546875 -0.0172634124755859 -1.300048828125 0.158203125
0.0125617980957031 -0.0140047073364258 -0.35906982421875 0.96832275390625
0.0344276428222656 -0.0366897583007813 0.35943603515625 0.70587158203125
0.002532958984375 -0.00889110565185547 0.58709716796875 0.04083251953125
-0.00465965270996094 -0.0171775817871094 0.376861572265625 -0.418365478515625
-0.032379150390625 -0.0750656127929688 -0.363525390625 0.394989013671875
0.0362548828125 -0.0318679809570313 -0.440582275390625 -0.0662841796874999
0.0478401184082031 -0.0514068603515625 -0.14825439453125 -0.73046875
0.0511016845703125 -0.0167961120605469 0.6544189453125 -0.901123046875
0.0210895538330078 0.0272541046142578 1.305419921875 0.1610107421875
-0.0205154418945313 -0.0481147766113281 0.7149658203125 1.3668212890625
0.0252876281738281 -0.0433349609375 -0.2335205078125 1.163330078125
0.0432052612304688 -0.0470542907714844 0.0386734008789062 0.0870208740234375
0.0161819458007813 -0.0594902038574219 0.199951171875 -1.132568359375
0.0172042846679688 -0.0561180114746094 -0.9046630859375 -1.28173828125
0.0276241302490234 -0.0252590179443359 -1.30810546875 0.131103515625
0.0307960510253906 -0.0339813232421875 -0.38836669921875 0.96405029296875
0.0466728210449219 -0.0529212951660156 0.33203125 0.71270751953125
-0.00325202941894531 -0.0155849456787109 0.575439453125 0.04791259765625
-0.0176887512207031 -0.0217494964599609 0.3743896484375 -0.416168212890625
-0.043182373046875 -0.0796127319335938 -0.3731689453125 0.395904541015625
0.0305213928222656 -0.0350151062011719 -0.4619140625 -0.06103515625
0.0517044067382813 -0.0652351379394531 -0.1849365234375 -0.7230224609375
0.0677299499511719 -0.027923583984375 0.61383056640625 -0.91845703125
0.0389518737792969 0.0232925415039063 1.300048828125 0.1170654296875
-0.0215301513671875 -0.0489883422851563 0.7568359375 1.3319091796875
0.0148735046386719 -0.0517692565917969 -0.2012939453125 1.169677734375
0.0349044799804688 -0.0599899291992188 0.0447998046875 0.100669860839844
0.00745010375976563 -0.0667877197265625 0.2396240234375 -1.1273193359375
0.0197906494140625 -0.0563926696777344 -0.86328125 -1.3218994140625
0.0440521240234375 -0.0306777954101563 -1.325927734375 0.0772705078125001
0.0458793640136719 -0.0483932495117188 -0.43426513671875 0.95587158203125
0.05535888671875 -0.0652923583984375 0.29278564453125 0.72247314453125
-0.00757217407226562 -0.0221633911132813 0.55755615234375 0.05413818359375
-0.0261287689208984 -0.02789306640625 0.37005615234375 -0.4132080078125
-0.0475387573242188 -0.0844573974609375 -0.375 0.40185546875
0.0257720947265625 -0.0384483337402344 -0.485443115234375 -0.05499267578125
0.04833984375 -0.0701637268066406 -0.22650146484375 -0.71240234375
0.0721359252929688 -0.0348968505859375 0.5604248046875 -0.93499755859375
0.0480804443359375 0.0212593078613281 1.291748046875 0.0616455078125
-0.0208473205566406 -0.0479698181152344 0.808837890625 1.2886962890625
0.00896072387695312 -0.0564994812011719 -0.150146484375 1.174072265625
0.0301933288574219 -0.0653114318847656 0.0540847778320313 0.114578247070312
0.00182723999023438 -0.0700798034667969 0.2857666015625 -1.11865234375
0.0221710205078125 -0.0575675964355469 -0.80615234375 -1.367431640625
0.0514488220214844 -0.0300140380859375 -1.3406982421875 0.019775390625
0.0540351867675781 -0.0528182983398438 -0.49066162109375 0.94073486328125
0.0611534118652344 -0.0699691772460938 0.2479248046875 0.72979736328125
-0.00780296325683594 -0.0276126861572266 0.53741455078125 0.0611572265625
-0.0340499877929688 -0.0327377319335937 0.362152099609375 -0.41241455078125
-0.0471878051757812 -0.0861663818359375 -0.379974365234375 0.4093017578125
0.0223388671875 -0.0383186340332031 -0.505340576171875 -0.0451049804687499
0.041046142578125 -0.068359375 -0.27154541015625 -0.7008056640625
0.0663566589355469 -0.0330810546875 0.50567626953125 -0.9549560546875
0.0498542785644531 0.0210838317871094 1.2822265625 0.0025634765625
-0.0220680236816406 -0.0485076904296875 0.8614501953125 1.242919921875
0.00542831420898438 -0.0569381713867187 -0.10205078125 1.1767578125
0.0282096862792969 -0.0635871887207031 0.063323974609375 0.130516052246094
0.00257110595703124 -0.0686378479003906 0.33349609375 -1.11126708984375
0.0213775634765625 -0.0562553405761719 -0.7486572265625 -1.4130859375
0.0520133972167969 -0.0260963439941406 -1.3543701171875 -0.0444335937500002
0.0536994934082031 -0.0466804504394531 -0.5440673828125 0.9261474609375
0.0601348876953125 -0.0676651000976563 0.203125 0.7392578125
-0.00901603698730469 -0.0294075012207031 0.518646240234375 0.0677490234375
-0.0344982147216797 -0.0349349975585938 0.35894775390625 -0.408599853515625
-0.0399246215820313 -0.0867385864257813 -0.38226318359375 0.41778564453125
0.0227508544921875 -0.0372085571289063 -0.5225830078125 -0.0375976562500001
0.0316543579101563 -0.05914306640625 -0.30816650390625 -0.689208984375
0.0529441833496094 -0.0211029052734375 0.462646484375 -0.96368408203125
0.0392036437988281 0.0250015258789063 1.2703857421875 -0.044921875
-0.0235366821289063 -0.046142578125 0.90283203125 1.2034912109375
0.00829696655273437 -0.0518913269042969 -0.0637207031250001 1.1805419921875
0.0291709899902344 -0.0543632507324219 0.0738983154296875 0.143539428710938
0.007476806640625 -0.06182861328125 0.3785400390625 -1.09930419921875
0.0213470458984375 -0.05560302734375 -0.6875 -1.4530029296875
0.0416259765625 -0.0212631225585938 -1.360107421875 -0.1011962890625
0.0447425842285156 -0.0331077575683594 -0.59136962890625 0.90887451171875
0.0524253845214844 -0.0573806762695313 0.16497802734375 0.739990234375
-0.00551605224609375 -0.0281486511230469 0.50299072265625 0.07171630859375
-0.0311775207519531 -0.0360603332519531 0.35406494140625 -0.4073486328125
0.00450515747070312 -0.056793212890625 -0.34893798828125 0.40374755859375
0.0486831665039062 -0.0175552368164063 -0.418212890625 -0.068145751953125
0.00368452072143555 0.00800132751464844 -0.12158203125 -0.7357177734375
-0.02777099609375 0.0390281677246094 0.679931640625 -0.8873291015625
-0.04656982421875 0.0390281677246094 1.3021240234375 0.190673828125
-0.0212593078613281 -0.0440292358398437 0.68408203125 1.3836669921875
0.0593986511230469 -0.00899124145507813 -0.249267578125 1.159912109375
0.0671577453613281 0.00831985473632813 0.0434646606445313 0.0752944946289063
0.0522079467773438 -0.0268135070800781 0.1929931640625 -1.13330078125
0.0100746154785156 -0.0499191284179688 -0.9134521484375 -1.2576904296875
-0.0403861999511719 0.00398635864257813 -1.291748046875 0.1484375
-0.0252017974853516 0.0329265594482422 -0.36199951171875 0.9591064453125
0.00948143005371094 0.000414848327636719 0.35693359375 0.6981201171875
0.0141506195068359 0.0015869140625 0.58734130859375 0.03466796875
0.0211372375488281 -0.0105972290039063 0.375823974609375 -0.4140625
-0.00944137573242187 -0.0611228942871094 -0.35101318359375 0.39727783203125
0.0467529296875 -0.0220451354980469 -0.416473388671875 -0.067962646484375
0.0195693969726563 -0.0117855072021484 -0.11163330078125 -0.73297119140625
0.000322341918945312 0.0197505950927734 0.689697265625 -0.8785400390625
-0.0253257751464844 0.0334434509277344 1.295654296875 0.204833984375
-0.0202560424804687 -0.0470428466796875 0.6650390625 1.3909912109375
0.04803466796875 -0.0193939208984375 -0.2630615234375 1.154296875
0.0592308044433594 -0.0096282958984375 0.0388336181640625 0.0740280151367188
0.0404167175292969 -0.0381851196289063 0.176513671875 -1.1317138671875
0.0113143920898438 -0.053009033203125 -0.9267578125 -1.2449951171875
-0.0185699462890625 -0.00644493103027344 -1.2847900390625 0.16162109375
-0.00656509399414063 0.00997066497802734 -0.3480224609375 0.96044921875
0.0221290588378906 -0.0176944732666016 0.3668212890625 0.69439697265625
0.00907039642333985 -0.00401210784912109 0.58612060546875 0.03369140625
0.00744152069091797 -0.0126523971557617 0.372528076171875 -0.41973876953125
-0.02337646484375 -0.0670280456542969 -0.352752685546875 0.39410400390625
0.0413703918457031 -0.0271835327148438 -0.421875 -0.0678710937499999
0.035064697265625 -0.0332546234130859 -0.12286376953125 -0.72998046875
0.0269317626953125 0.00172615051269531 0.67742919921875 -0.8846435546875
-0.000665664672851562 0.0302886962890625 1.2979736328125 0.1925048828125
-0.0201988220214844 -0.0473594665527344 0.68359375 1.3790283203125
0.0369377136230469 -0.0331573486328125 -0.25244140625 1.150146484375
0.0495796203613281 -0.02978515625 0.0368804931640625 0.0764999389648438
0.0270347595214844 -0.049224853515625 0.1749267578125 -1.1285400390625
0.0143318176269531 -0.0553474426269531 -0.92578125 -1.240966796875
0.00525188446044922 -0.0170669555664063 -1.2906494140625 0.162353515625
0.0133657455444336 -0.0141935348510742 -0.3511962890625 0.9619140625
0.0343589782714844 -0.0363693237304688 0.359375 0.69683837890625
0.00341892242431641 -0.00990962982177734 0.582275390625 0.0357666015625
-0.0051889419555664 -0.0172567367553711 0.372894287109375 -0.41729736328125
-0.0353240966796875 -0.0736770629882813 -0.357208251953125 0.394683837890625
0.0357208251953125 -0.0320014953613281 -0.434967041015625 -0.0635986328125001
0.0463752746582031 -0.0512123107910156 -0.1502685546875 -0.72308349609375
0.050750732421875 -0.0160865783691406 0.6441650390625 -0.89984130859375
0.021514892578125 0.0272464752197266 1.2935791015625 0.1600341796875
-0.0197257995605469 -0.0486297607421875 0.7122802734375 1.3533935546875
0.0238227844238281 -0.0432395935058594 -0.2275390625 1.1546630859375
0.0410919189453125 -0.0467376708984375 0.0389251708984375 0.0867385864257812
0.0151519775390625 -0.0587882995605469 0.1954345703125 -1.1220703125
0.01763916015625 -0.0569839477539063 -0.905517578125 -1.2696533203125
0.0264244079589844 -0.0255451202392578 -1.2984619140625 0.1309814453125
0.0306377410888672 -0.0348567962646484 -0.38360595703125 0.9581298828125
0.0452041625976563 -0.0533332824707031 0.3333740234375 0.705078125
-0.00361251831054687 -0.0161199569702148 0.56927490234375 0.04364013671875
-0.0176486968994141 -0.0219211578369141 0.367523193359375 -0.41534423828125
-0.0442962646484375 -0.0794906616210938 -0.36444091796875 0.395294189453125
0.0293121337890625 -0.0365791320800781 -0.456512451171875 -0.059478759765625
0.050933837890625 -0.0646591186523438 -0.185302734375 -0.71728515625
0.0662117004394531 -0.02850341796875 0.60479736328125 -0.91497802734375
0.0390815734863281 0.0223007202148438 1.291015625 0.112548828125
-0.0204544067382812 -0.0494346618652344 0.7557373046875 1.3197021484375
0.014068603515625 -0.0524482727050781 -0.192138671875 1.1605224609375
0.0340385437011719 -0.0581703186035156 0.044647216796875 0.098876953125
0.00651550292968751 -0.0659523010253906 0.234619140625 -1.11688232421875
0.01971435546875 -0.0568923950195313 -0.8590087890625 -1.3095703125
0.0428428649902344 -0.0302772521972656 -1.316650390625 0.0787353515625001
0.0445098876953125 -0.0482330322265625 -0.4278564453125 0.94842529296875
0.0544471740722656 -0.0662155151367188 0.294189453125 0.71539306640625
-0.00712966918945313 -0.0226478576660156 0.550811767578125 0.051727294921875
-0.0268898010253906 -0.0279979705810547 0.364898681640625 -0.4122314453125
-0.0497665405273438 -0.0827713012695313 -0.37127685546875 0.400177001953125
0.0246391296386719 -0.0393486022949219 -0.479400634765625 -0.051116943359375
0.0483856201171875 -0.0704574584960938 -0.22760009765625 -0.7066650390625
0.070526123046875 -0.0344161987304688 0.55194091796875 -0.931884765625
0.0478973388671875 0.0195350646972656 1.283203125 0.0565185546875
-0.0218315124511719 -0.0494117736816406 0.806884765625 1.2772216796875
0.00770950317382813 -0.0566139221191406 -0.146484375 1.1646728515625
0.0280494689941406 -0.0646095275878906 0.0545501708984375 0.113929748535156
0.000907897949218755 -0.0693397521972656 0.27947998046875 -1.10870361328125
0.0203475952148437 -0.0567703247070313 -0.8060302734375 -1.3563232421875
0.0525856018066406 -0.0311088562011719 -1.331298828125 0.0213623046875
0.0539016723632813 -0.0536460876464844 -0.4820556640625 0.93548583984375
0.0602798461914062 -0.0713653564453125 0.2515869140625 0.7237548828125
-0.00873374938964843 -0.0273818969726563 0.531005859375 0.05743408203125
-0.0340862274169922 -0.0323429107666016 0.358062744140625 -0.41107177734375
-0.0484848022460938 -0.0850906372070313 -0.3740234375 0.4075927734375
0.0212669372558594 -0.03936767578125 -0.501068115234375 -0.042083740234375
0.0404205322265625 -0.0676383972167969 -0.2725830078125 -0.69549560546875
0.0650863647460938 -0.0324440002441406 0.4964599609375 -0.94921875
0.0488166809082031 0.0195083618164063 1.269775390625 -0.003173828125
-0.0220985412597656 -0.0479774475097656 0.858642578125 1.2320556640625
0.00496292114257813 -0.0555992126464844 -0.0977783203124999 1.1689453125
0.0268516540527344 -0.0627021789550781 0.0637893676757813 0.129714965820313
0.000431060791015632 -0.06768798828125 0.32421875 -1.10107421875
0.020660400390625 -0.0559310913085938 -0.7462158203125 -1.4000244140625
0.0508079528808594 -0.0267143249511719 -1.3443603515625 -0.041015625
0.0534286499023438 -0.0471572875976563 -0.535888671875 0.920166015625
0.0592842102050781 -0.0678329467773438 0.2044677734375 0.7305908203125
-0.00826454162597656 -0.0294094085693359 0.51361083984375 0.0634765625
-0.0348854064941406 -0.0356826782226563 0.35394287109375 -0.407501220703125
-0.041961669921875 -0.0857162475585938 -0.373931884765625 0.41656494140625
0.0218658447265625 -0.037384033203125 -0.516876220703125 -0.0341186523437499
0.0296363830566406 -0.0583267211914063 -0.30743408203125 -0.683349609375
0.0520248413085938 -0.0218048095703125 0.453369140625 -0.9603271484375
0.0399398803710938 0.0231285095214844 1.2607421875 -0.0494384765625
-0.0235061645507813 -0.0467109680175781 0.9046630859375 1.19482421875
0.00749969482421875 -0.0516891479492188 -0.0577392578125 1.170654296875
0.0284576416015625 -0.0533370971679687 0.0744171142578125 0.141616821289063
0.0065460205078125 -0.0624275207519531 0.3712158203125 -1.09344482421875
0.0209312438964844 -0.0545578002929688 -0.6859130859375 -1.440673828125
0.0401496887207031 -0.021759033203125 -1.3533935546875 -0.0977783203125003
0.0442352294921875 -0.0340347290039062 -0.58306884765625 0.90411376953125
0.0508689880371094 -0.0581855773925781 0.16668701171875 0.73394775390625
-0.00690460205078125 -0.0278778076171875 0.4979248046875 0.066314697265625
-0.0305442810058594 -0.03656005859375 0.349029541015625 -0.408050537109375
0.00238800048828125 -0.0560836791992187 -0.343902587890625 0.401397705078125
0.0478553771972656 -0.0189666748046875 -0.414520263671875 -0.0659484863281249
0.00335121154785156 0.00785970687866211 -0.12127685546875 -0.72906494140625
-0.0274810791015625 0.0380859375 0.67333984375 -0.8829345703125
-0.0457077026367187 0.0370368957519531 1.28955078125 0.1875
-0.0208892822265625 -0.0443115234375 0.6832275390625 1.375
0.0589981079101563 -0.00813674926757813 -0.2440185546875 1.148193359375
0.066009521484375 0.00894546508789063 0.0442123413085938 0.074432373046875
0.0515213012695313 -0.025848388671875 0.19049072265625 -1.122314453125
0.0091705322265625 -0.0498466491699219 -0.910400390625 -1.2467041015625
-0.0400543212890625 0.00456237792968751 -1.2830810546875 0.1495361328125
-0.0251407623291016 0.0329551696777344 -0.35797119140625 0.95172119140625
0.00924301147460938 6.103515625E-05 0.35693359375 0.6915283203125
0.0144309997558594 0.00192070007324219 0.58172607421875 0.03143310546875
0.0202808380126953 -0.0109348297119141 0.37109375 -0.4127197265625
-0.0118179321289062 -0.0605430603027344 -0.34527587890625 0.39654541015625
0.0453262329101563 -0.0225334167480469 -0.411865234375 -0.0671081542968749
0.01983642578125 -0.0119667053222656 -0.1134033203125 -0.7265625
-0.000886917114257813 0.0199775695800781 0.68280029296875 -0.872802734375
-0.0240383148193359 0.0329113006591797 1.2894287109375 0.199951171875
-0.020050048828125 -0.0466804504394531 0.6663818359375 1.382568359375
0.0476608276367187 -0.0196266174316406 -0.2586669921875 1.145263671875
0.0588722229003906 -0.00949478149414063 0.0377960205078125 0.0728912353515625
0.0386619567871094 -0.0361824035644531 0.1749267578125 -1.120849609375
0.0107803344726563 -0.0517997741699219 -0.9234619140625 -1.234130859375
-0.0183925628662109 -0.00679397583007813 -1.2769775390625 0.1629638671875
-0.00569629669189453 0.0094757080078125 -0.34356689453125 0.9517822265625
0.0216388702392578 -0.0178966522216797 0.3641357421875 0.6873779296875
0.0102577209472656 -0.00399112701416016 0.5806884765625 0.02978515625
0.00672149658203125 -0.013275146484375 0.36749267578125 -0.4180908203125
-0.0258064270019531 -0.0657920837402344 -0.348388671875 0.392913818359375
0.0407218933105469 -0.0277786254882813 -0.416229248046875 -0.0665588378906249
0.0342922210693359 -0.0328922271728516 -0.1219482421875 -0.7249755859375
0.0271816253662109 0.00113105773925781 0.6695556640625 -0.8804931640625
5.53131103515657E-05 0.0288352966308594 1.2884521484375 0.188232421875
-0.0197181701660156 -0.0480461120605469 0.6820068359375 1.368896484375
0.0357284545898437 -0.0318717956542969 -0.2469482421875 1.1429443359375
0.0497016906738281 -0.0289993286132813 0.0365219116210938 0.0764007568359375
0.0260848999023438 -0.0485687255859375 0.173583984375 -1.1190185546875
0.0132026672363281 -0.053863525390625 -0.922607421875 -1.2335205078125
0.00525188446044922 -0.0169773101806641 -1.281005859375 0.1611328125
0.0126438140869141 -0.0144987106323242 -0.3482666015625 0.953857421875
0.0339088439941406 -0.0379676818847656 0.35906982421875 0.69232177734375
0.00279712677001953 -0.0102405548095703 0.57647705078125 0.032958984375
-0.00528144836425781 -0.0175971984863281 0.366851806640625 -0.416839599609375
-0.0378875732421875 -0.0723876953125 -0.353302001953125 0.392852783203125
0.0344524383544922 -0.0338306427001953 -0.4317626953125 -0.0612487792968749
0.0455856323242188 -0.0509567260742188 -0.1512451171875 -0.71868896484375
0.0506172180175781 -0.0160179138183594 0.6365966796875 -0.8951416015625
0.0218753814697266 0.0254154205322266 1.28564453125 0.154052734375
-0.0203857421875 -0.0491523742675781 0.7132568359375 1.3475341796875
0.0232772827148438 -0.0436248779296875 -0.222900390625 1.14697265625
0.0401268005371094 -0.0452041625976563 0.0389862060546875 0.0857925415039063
0.0138740539550781 -0.0578155517578125 0.19293212890625 -1.11297607421875
0.0161056518554688 -0.0560226440429687 -0.8980712890625 -1.259765625
0.0259933471679688 -0.0258922576904297 -1.28857421875 0.1298828125
0.0298480987548828 -0.0347805023193359 -0.37738037109375 0.95037841796875
0.0448455810546875 -0.0538673400878906 0.332763671875 0.69940185546875
-0.00351905822753906 -0.0164766311645508 0.56512451171875 0.0394287109375
-0.0183639526367188 -0.0229206085205078 0.365631103515625 -0.413818359375
-0.0462112426757813 -0.077606201171875 -0.359832763671875 0.394683837890625
0.0291213989257813 -0.0367393493652344 -0.452606201171875 -0.0580139160156251
0.049713134765625 -0.0650177001953125 -0.1854248046875 -0.71197509765625
0.0648155212402344 -0.0279808044433594 0.5970458984375 -0.90887451171875
0.03924560546875 0.0211601257324219 1.2816162109375 0.109619140625
-0.0214004516601563 -0.0495452880859375 0.751953125 1.3106689453125
0.0127105712890625 -0.0515251159667969 -0.1883544921875 1.150634765625
0.0322380065917969 -0.0572280883789063 0.044769287109375 0.0982589721679688
0.00553131103515625 -0.0651130676269531 0.22998046875 -1.1083984375
0.0180931091308594 -0.0568618774414063 -0.8565673828125 -1.2984619140625
0.0425567626953125 -0.0303382873535156 -1.306640625 0.0816650390624998
0.0442352294921875 -0.0479049682617188 -0.42279052734375 0.94171142578125
0.054107666015625 -0.0672378540039063 0.2939453125 0.7073974609375
-0.00688743591308594 -0.0220546722412109 0.54595947265625 0.048065185546875
-0.0283718109130859 -0.0276470184326172 0.35986328125 -0.410858154296875
-0.0512237548828125 -0.08203125 -0.364990234375 0.399383544921875
0.0240707397460937 -0.0398406982421875 -0.474578857421875 -0.05072021484375
0.0472640991210938 -0.0692977905273438 -0.22723388671875 -0.70208740234375
0.07025146484375 -0.0342292785644531 0.5435791015625 -0.9273681640625
0.047637939453125 0.0175094604492187 1.27392578125 0.0540771484375
-0.0216064453125 -0.0506591796875 0.8023681640625 1.267333984375
0.006500244140625 -0.0556869506835938 -0.1441650390625 1.156982421875
0.0275993347167969 -0.0628166198730469 0.0538711547851562 0.113426208496094
-0.000537872314453125 -0.0686378479003906 0.27484130859375 -1.0994873046875
0.0194168090820312 -0.0571022033691406 -0.80224609375 -1.34423828125
0.0506210327148438 -0.03057861328125 -1.321044921875 0.0208740234374999
0.0529708862304688 -0.0525093078613281 -0.47686767578125 0.92950439453125
0.0585556030273438 -0.0710220336914063 0.24951171875 0.7158203125
-0.00903511047363281 -0.0275440216064453 0.526702880859375 0.05364990234375
-0.0345363616943359 -0.0320892333984375 0.353790283203125 -0.410247802734375
-0.0504226684570312 -0.0836944580078125 -0.368377685546875 0.405731201171875
0.0206031799316406 -0.0396347045898437 -0.49609375 -0.040985107421875
0.0397186279296875 -0.0678215026855469 -0.27191162109375 -0.68927001953125
0.0645294189453125 -0.0320091247558594 0.49041748046875 -0.9443359375
0.048553466796875 0.0185890197753906 1.2637939453125 -0.0052490234375
-0.0218887329101563 -0.0484619140625 0.8568115234375 1.2210693359375
0.00400924682617188 -0.0547561645507813 -0.09521484375 1.158447265625
0.0256500244140625 -0.06121826171875 0.0638046264648438 0.128265380859375
0.000675201416015624 -0.0672225952148438 0.32232666015625 -1.08929443359375
0.0205230712890625 -0.0558586120605469 -0.739501953125 -1.389892578125
0.0501251220703125 -0.0274085998535156 -1.33544921875 -0.0382080078124997
0.0532875061035156 -0.0470695495605469 -0.53082275390625 0.9129638671875
0.0588607788085938 -0.0683708190917969 0.20361328125 0.72564697265625
-0.0088958740234375 -0.0296592712402344 0.50811767578125 0.059844970703125
-0.0358657836914063 -0.0351715087890625 0.350799560546875 -0.406768798828125
-0.0447998046875 -0.084320068359375 -0.3709716796875 0.41558837890625
0.0207595825195312 -0.0386161804199219 -0.5125732421875 -0.03314208984375
0.0295829772949219 -0.0569839477539063 -0.3065185546875 -0.67724609375
0.0507125854492188 -0.0210647583007813 0.448486328125 -0.95294189453125
0.0393714904785156 0.0212516784667969 1.2491455078125 -0.0517578125
-0.0232200622558594 -0.0471839904785156 0.8997802734375 1.1864013671875
0.00630950927734375 -0.0512046813964844 -0.0576171875000001 1.162353515625
0.0270271301269531 -0.0530471801757812 0.0736083984375 0.140655517578125
0.00523757934570313 -0.0615615844726563 0.36737060546875 -1.08367919921875
0.0205001831054687 -0.0553359985351563 -0.682373046875 -1.4263916015625
0.0401611328125 -0.0211868286132812 -1.3408203125 -0.0941162109374999
0.0436744689941406 -0.0333480834960938 -0.57708740234375 0.8978271484375
0.0507125854492187 -0.0591621398925781 0.1668701171875 0.72607421875
-0.00604248046875 -0.0279464721679688 0.4935302734375 0.06463623046875
-0.0316085815429687 -0.0367050170898438 0.34423828125 -0.40570068359375
0.000156402587890626 -0.0543975830078125 -0.339019775390625 0.400787353515625
0.0472564697265625 -0.01959228515625 -0.41046142578125 -0.064697265625
0.00316619873046875 0.007537841796875 -0.12225341796875 -0.72332763671875
-0.0280036926269531 0.038726806640625 0.66632080078125 -0.8780517578125
-0.0461578369140625 0.0370559692382812 1.2850341796875 0.1854248046875
-0.020355224609375 -0.0453643798828125 0.682861328125 1.36669921875
0.0579757690429688 -0.00830078125 -0.24267578125 1.1402587890625
0.0656700134277344 0.00826644897460938 0.0444107055664063 0.073516845703125
0.049896240234375 -0.0258064270019531 0.18817138671875 -1.11322021484375
0.00936126708984375 -0.0500068664550781 -0.905029296875 -1.2393798828125
-0.0398139953613281 0.003814697265625 -1.2747802734375 0.147216796875
-0.0253868103027344 0.0325603485107422 -0.3544921875 0.9449462890625
0.00890827178955078 -0.00100994110107422 0.35577392578125 0.6868896484375
0.0143680572509766 0.00131702423095703 0.57611083984375 0.0301513671875
0.0199565887451172 -0.0109367370605469 0.367034912109375 -0.412567138671875
-0.0139503479003906 -0.0587959289550781 -0.340850830078125 0.39520263671875
0.0450286865234375 -0.0232658386230469 -0.407623291015625 -0.06658935546875
0.0194492340087891 -0.01202392578125 -0.1141357421875 -0.722412109375
-0.000640869140625 0.0203285217285156 0.67889404296875 -0.87030029296875
-0.0244464874267578 0.0311813354492188 1.2811279296875 0.2000732421875
-0.0206031799316406 -0.0477790832519531 0.659912109375 1.3765869140625
0.0470314025878906 -0.0193748474121094 -0.2564697265625 1.13916015625
0.0576629638671875 -0.00876235961914063 0.0378875732421875 0.0733642578125
0.0385322570800781 -0.0364265441894531 0.17340087890625 -1.11358642578125
0.0109786987304688 -0.0522842407226563 -0.916748046875 -1.226318359375
-0.0176277160644531 -0.00658226013183594 -1.270751953125 0.161865234375
-0.00626087188720703 0.00933170318603516 -0.34051513671875 0.94854736328125
0.0208034515380859 -0.0188999176025391 0.36383056640625 0.68365478515625
0.00912284851074219 -0.00443553924560547 0.57769775390625 0.02740478515625
0.0062408447265625 -0.0131587982177734 0.3643798828125 -0.416778564453125
-0.0269241333007812 -0.0655975341796875 -0.344268798828125 0.391357421875
0.039764404296875 -0.0285568237304688 -0.4139404296875 -0.06549072265625
0.0352020263671875 -0.0333633422851563 -0.12432861328125 -0.7203369140625
0.0264396667480469 0.0011749267578125 0.66375732421875 -0.877685546875
-0.000320434570312503 0.0283927917480469 1.281982421875 0.1864013671875
-0.0197219848632812 -0.0485496520996094 0.67822265625 1.3623046875
0.0345745086669922 -0.0314826965332031 -0.2454833984375 1.1368408203125
0.0484695434570313 -0.0279045104980469 0.036651611328125 0.0757675170898438
0.0251007080078125 -0.0484886169433594 0.171630859375 -1.1097412109375
0.0136795043945312 -0.054107666015625 -0.9168701171875 -1.2255859375
0.00553035736083984 -0.0174551010131836 -1.27294921875 0.1605224609375
0.0119190216064453 -0.0144758224487305 -0.34375 0.94818115234375
0.0331878662109375 -0.0385818481445312 0.35650634765625 0.68560791015625
0.00263214111328125 -0.0100564956665039 0.57159423828125 0.0306396484375
-0.00673103332519531 -0.0176982879638672 0.36456298828125 -0.414703369140625
-0.0398635864257813 -0.071502685546875 -0.34820556640625 0.392578125
0.034637451171875 -0.0343151092529297 -0.42718505859375 -0.0637817382812499
0.0456085205078125 -0.0515213012695312 -0.15057373046875 -0.71453857421875
0.050048828125 -0.0153579711914063 0.63238525390625 -0.8892822265625
0.0212917327880859 0.0246772766113281 1.279052734375 0.153564453125
-0.020172119140625 -0.0492210388183594 0.7078857421875 1.3399658203125
0.0229454040527344 -0.0429306030273437 -0.2222900390625 1.1376953125
0.0394515991210938 -0.0444869995117188 0.0386581420898438 0.0840606689453125
0.0130119323730469 -0.0575485229492188 0.19195556640625 -1.105712890625
0.0158042907714844 -0.0561981201171875 -0.8961181640625 -1.25048828125
0.0263442993164063 -0.0255832672119141 -1.281005859375 0.1290283203125
0.0299205780029297 -0.0350666046142578 -0.37530517578125 0.945556640625
0.0440025329589844 -0.0550003051757813 0.332275390625 0.69384765625
-0.00367641448974609 -0.0166702270507813 0.5611572265625 0.03692626953125
-0.0188312530517578 -0.0225162506103516 0.361724853515625 -0.4122314453125
-0.0487899780273437 -0.0767822265625 -0.356597900390625 0.3953857421875
0.0283241271972656 -0.038482666015625 -0.44891357421875 -0.0571899414062501
0.0502281188964844 -0.0641441345214844 -0.185302734375 -0.7078857421875
0.0647239685058594 -0.0275154113769531 0.589599609375 -0.90533447265625
0.0387649536132813 0.0207328796386719 1.2752685546875 0.1053466796875
-0.02032470703125 -0.0499420166015625 0.749267578125 1.3055419921875
0.0121612548828125 -0.05072021484375 -0.1873779296875 1.1434326171875
0.0312728881835938 -0.0573234558105469 0.0439987182617187 0.0969314575195312
0.00466537475585937 -0.0645256042480469 0.2294921875 -1.09912109375
0.0184555053710937 -0.0568962097167969 -0.8533935546875 -1.29248046875
0.0417213439941406 -0.0307464599609375 -1.300537109375 0.0808105468750003
0.0448417663574219 -0.0488548278808594 -0.4200439453125 0.93572998046875
0.0539321899414063 -0.066741943359375 0.2935791015625 0.70391845703125
-0.00737571716308594 -0.0228023529052734 0.543121337890625 0.0465087890625
-0.0283069610595703 -0.0275020599365234 0.3572998046875 -0.410064697265625
-0.053009033203125 -0.0805511474609375 -0.360931396484375 0.3988037109375
0.0241241455078125 -0.0407943725585938 -0.470458984375 -0.050384521484375
0.0481491088867188 -0.0698204040527344 -0.22894287109375 -0.697998046875
0.06964111328125 -0.0337257385253906 0.53997802734375 -0.9217529296875
0.0475807189941406 0.0170097351074219 1.26708984375 0.052734375
-0.0205802917480469 -0.0504150390625 0.802001953125 1.2613525390625
0.00532150268554688 -0.0553665161132813 -0.1397705078125 1.14892578125
0.0261154174804688 -0.0616912841796875 0.0535659790039063 0.111343383789063
-0.000797271728515627 -0.068084716796875 0.27490234375 -1.0908203125
0.0188484191894531 -0.0572662353515625 -0.795166015625 -1.334716796875
0.0504951477050781 -0.0313034057617188 -1.314208984375 0.0235595703125002
0.0534858703613281 -0.0525932312011719 -0.47412109375 0.923095703125
0.0579605102539063 -0.070770263671875 0.24920654296875 0.710693359375
-0.00873184204101563 -0.0271320343017578 0.52197265625 0.05230712890625
-0.0339717864990234 -0.0325508117675781 0.348846435546875 -0.409027099609375
-0.0518569946289063 -0.0829925537109375 -0.364837646484375 0.40606689453125
0.0198478698730469 -0.0406150817871094 -0.491302490234375 -0.0408325195312499
0.0396232604980469 -0.0665512084960938 -0.27117919921875 -0.68499755859375
0.0641517639160156 -0.0317459106445313 0.484130859375 -0.9398193359375
0.0486679077148437 0.0173873901367187 1.2528076171875 -0.0047607421875
-0.0224876403808594 -0.0495147705078125 0.8543701171875 1.2147216796875
0.00230789184570312 -0.0545234680175781 -0.09130859375 1.14990234375
0.0244598388671875 -0.0599327087402344 0.0632400512695312 0.12744140625
-0.00177001953125 -0.0658035278320313 0.3194580078125 -1.08514404296875
0.0206069946289063 -0.0554428100585938 -0.738525390625 -1.381591796875
0.0504150390625 -0.0281028747558594 -1.3292236328125 -0.038818359375
0.0527458190917969 -0.0477867126464844 -0.525390625 0.9078369140625
0.0573577880859375 -0.0686607360839844 0.20330810546875 0.7200927734375
-0.00837516784667968 -0.0295734405517578 0.50543212890625 0.05877685546875
-0.0359115600585937 -0.035400390625 0.34710693359375 -0.404571533203125
-0.0464706420898438 -0.0833587646484375 -0.366180419921875 0.4136962890625
0.0200653076171875 -0.0393867492675781 -0.507904052734375 -0.03204345703125
0.0288887023925781 -0.0564002990722656 -0.30712890625 -0.6741943359375
0.0505523681640625 -0.0208015441894531 0.4425048828125 -0.94915771484375
0.0398025512695312 0.0204391479492187 1.24365234375 -0.0537109375
-0.023529052734375 -0.0472602844238281 0.89404296875 1.1773681640625
0.00553131103515625 -0.0503578186035156 -0.0534667968750001 1.15576171875
0.0258026123046875 -0.05181884765625 0.0732574462890625 0.1396484375
0.00351333618164063 -0.0600128173828125 0.36505126953125 -1.07568359375
0.0200614929199219 -0.0547409057617188 -0.6802978515625 -1.4183349609375
0.040069580078125 -0.0222854614257812 -1.3348388671875 -0.0937500000000001
0.0430450439453125 -0.0342369079589844 -0.572265625 0.89251708984375
0.049530029296875 -0.0591964721679688 0.166259765625 0.72186279296875
-0.00722122192382813 -0.0288219451904297 0.48956298828125 0.062530517578125
-0.0312347412109375 -0.0360069274902344 0.341156005859375 -0.403778076171875
-0.00227737426757812 -0.0536537170410156 -0.335540771484375 0.39886474609375
0.0460205078125 -0.0201148986816406 -0.406494140625 -0.064697265625
0.00395536422729492 0.00834321975708008 -0.12298583984375 -0.72369384765625
-0.0279655456542969 0.0387306213378906 0.66192626953125 -0.87457275390625
-0.0454521179199219 0.0359878540039063 1.27978515625 0.1849365234375
-0.0203666687011719 -0.0458145141601563 0.6788330078125 1.3621826171875
0.0568695068359375 -0.00800323486328125 -0.2408447265625 1.134521484375
0.0639495849609375 0.0100021362304687 0.0439453125 0.0725860595703125
0.0512161254882813 -0.0255355834960938 0.187255859375 -1.1075439453125
0.00916671752929688 -0.0490913391113281 -0.9013671875 -1.234375
-0.0396385192871094 0.00333786010742187 -1.2701416015625 0.1458740234375
-0.0247154235839844 0.0319385528564453 -0.35302734375 0.94110107421875
0.00963878631591797 -0.000973701477050781 0.3544921875 0.68157958984375
0.0145654678344727 -0.000403404235839844 0.57391357421875 0.0286865234375
0.0187664031982422 -0.0109176635742188 0.364013671875 -0.41064453125
-0.0163993835449219 -0.0577392578125 -0.337188720703125 0.3941650390625
0.0445365905761719 -0.0247116088867187 -0.40521240234375 -0.067901611328125
0.0198230743408203 -0.0117073059082031 -0.11383056640625 -0.719970703125
-0.000526428222656248 0.0208396911621094 0.6739501953125 -0.86767578125
-0.0249881744384766 0.031097412109375 1.2757568359375 0.2003173828125
-0.01983642578125 -0.0477523803710937 0.65966796875 1.3704833984375
0.046478271484375 -0.0186042785644531 -0.2548828125 1.13037109375
0.0560264587402344 -0.0079803466796875 0.03765869140625 0.0723419189453125
0.036895751953125 -0.0361061096191406 0.17236328125 -1.1065673828125
0.0109100341796875 -0.0516281127929688 -0.9122314453125 -1.221923828125
-0.0176658630371094 -0.00677680969238281 -1.262451171875 0.157958984375
-0.00684547424316406 0.00905609130859375 -0.3387451171875 0.9415283203125
0.0211334228515625 -0.0188674926757813 0.36273193359375 0.67950439453125
0.00936508178710938 -0.00520610809326172 0.57403564453125 0.025634765625
0.00442790985107422 -0.0133171081542969 0.36187744140625 -0.416015625
-0.0290412902832031 -0.063720703125 -0.342193603515625 0.390838623046875
0.0392951965332031 -0.02935791015625 -0.409942626953125 -0.06591796875
0.0351333618164063 -0.0318565368652344 -0.12347412109375 -0.71722412109375
0.0256061553955078 0.00193977355957031 0.6585693359375 -0.8726806640625
0.000179290771484376 0.0266895294189453 1.2779541015625 0.18408203125
-0.0197105407714844 -0.0490303039550781 0.67919921875 1.3580322265625
0.0338859558105469 -0.0315685272216797 -0.2442626953125 1.130615234375
0.0473747253417969 -0.0269699096679687 0.03594970703125 0.07525634765625
0.024261474609375 -0.0476264953613281 0.1712646484375 -1.10406494140625
0.0133781433105469 -0.053497314453125 -0.91357421875 -1.220703125
0.00455093383789062 -0.0172519683837891 -1.267578125 0.1575927734375
0.0131607055664063 -0.0153512954711914 -0.34295654296875 0.94329833984375
0.0332565307617188 -0.0386199951171875 0.3563232421875 0.6827392578125
0.00282573699951172 -0.0102005004882813 0.56866455078125 0.02880859375
-0.00839805603027344 -0.0176048278808594 0.361328125 -0.414825439453125
-0.0414657592773437 -0.0698699951171875 -0.346527099609375 0.3916015625
0.0334358215332031 -0.0348854064941406 -0.42559814453125 -0.0624694824218751
0.0457611083984375 -0.0509071350097656 -0.15057373046875 -0.7132568359375
0.0492362976074219 -0.0146903991699219 0.62847900390625 -0.88555908203125
0.0227108001708984 0.0231437683105469 1.2724609375 0.15087890625
-0.0197906494140625 -0.0497283935546875 0.70458984375 1.333740234375
0.0211334228515625 -0.042266845703125 -0.22265625 1.132080078125
0.0379104614257813 -0.0433845520019531 0.0384597778320313 0.084503173828125
0.0128517150878906 -0.0574493408203125 0.19195556640625 -1.09906005859375
0.0160408020019531 -0.05560302734375 -0.8919677734375 -1.246337890625
0.0261764526367188 -0.0268344879150391 -1.2779541015625 0.1268310546875
0.0289726257324219 -0.0359992980957031 -0.37384033203125 0.9388427734375
0.0437850952148438 -0.0552291870117188 0.3304443359375 0.690673828125
-0.00307178497314453 -0.0162229537963867 0.558074951171875 0.03570556640625
-0.0194282531738281 -0.0230960845947266 0.3568115234375 -0.411895751953125
-0.0503311157226562 -0.0756759643554688 -0.3531494140625 0.393035888671875
0.027435302734375 -0.0384483337402344 -0.445281982421875 -0.0561218261718751
0.0497207641601563 -0.0636215209960938 -0.1861572265625 -0.7059326171875
0.0638923645019531 -0.0267524719238281 0.5882568359375 -0.9017333984375
0.0384941101074219 0.0199546813964844 1.2694091796875 0.10693359375
-0.0207138061523438 -0.0501174926757813 0.748046875 1.2989501953125
0.011260986328125 -0.0504646301269531 -0.1895751953125 1.137451171875
0.0311012268066406 -0.0554237365722656 0.04412841796875 0.0960693359375
0.00264358520507813 -0.0632400512695313 0.2298583984375 -1.0921630859375
0.0176277160644531 -0.0562553405761719 -0.8472900390625 -1.285888671875
0.0432815551757813 -0.0313529968261719 -1.2940673828125 0.0778808593750001
0.0435142517089844 -0.0483741760253906 -0.417724609375 0.93109130859375
0.0524139404296875 -0.0670127868652344 0.29290771484375 0.698974609375
-0.006988525390625 -0.0231685638427734 0.538848876953125 0.044158935546875
-0.0290908813476563 -0.0277118682861328 0.353271484375 -0.4083251953125
-0.0553970336914062 -0.079132080078125 -0.35736083984375 0.39825439453125
0.0227928161621094 -0.0410079956054688 -0.466949462890625 -0.0488586425781249
0.0479965209960938 -0.0689010620117188 -0.22650146484375 -0.6949462890625
0.0684585571289063 -0.0335235595703125 0.53533935546875 -0.91912841796875
0.0479393005371094 0.0158500671386719 1.261962890625 0.05322265625
-0.021514892578125 -0.0507621765136719 0.79833984375 1.2579345703125
0.00360488891601562 -0.0550498962402344 -0.141845703125 1.141845703125
0.0251235961914063 -0.061065673828125 0.0536346435546875 0.111366271972656
-0.0025177001953125 -0.0669670104980469 0.27447509765625 -1.0859375
0.0180892944335937 -0.0568084716796875 -0.79296875 -1.3319091796875
0.0502471923828125 -0.0312271118164063 -1.30859375 0.0192871093750001
0.0534477233886719 -0.0531044006347656 -0.47088623046875 0.91802978515625
0.0578765869140625 -0.0720443725585938 0.24822998046875 0.706787109375
-0.00769424438476562 -0.0273609161376953 0.519287109375 0.0511474609375
-0.0355377197265625 -0.0320777893066406 0.346527099609375 -0.407379150390625
-0.0534439086914062 -0.0823593139648438 -0.361846923828125 0.40411376953125
0.0190467834472656 -0.0410385131835938 -0.488494873046875 -0.039886474609375
0.0398292541503906 -0.0673446655273438 -0.27081298828125 -0.6822509765625
0.0630989074707031 -0.0309638977050781 0.48162841796875 -0.93646240234375
0.0478096008300781 0.0168533325195313 1.2493896484375 -0.0057373046875
-0.0220909118652344 -0.0497169494628906 0.8516845703125 1.2120361328125
0.00275802612304688 -0.0548553466796875 -0.0926513671874999 1.1458740234375
0.0227317810058594 -0.0595741271972656 0.0629348754882812 0.126213073730469
-0.00239944458007813 -0.0654945373535156 0.31829833984375 -1.07745361328125
0.01959228515625 -0.0551185607910156 -0.7344970703125 -1.3753662109375
0.0496559143066406 -0.0277366638183594 -1.32275390625 -0.0394287109375003
0.0527610778808594 -0.0472679138183594 -0.52423095703125 0.903564453125
0.0568962097167969 -0.0691070556640625 0.20269775390625 0.7149658203125
-0.00882339477539063 -0.029327392578125 0.50164794921875 0.05743408203125
-0.0363273620605469 -0.0357170104980469 0.34307861328125 -0.40435791015625
-0.0478973388671875 -0.081817626953125 -0.36126708984375 0.41192626953125
0.0201072692871094 -0.0402412414550781 -0.504180908203125 -0.03021240234375
0.0300521850585938 -0.0561485290527344 -0.30560302734375 -0.67047119140625
0.0507240295410156 -0.0207328796386719 0.44061279296875 -0.945556640625
0.03936767578125 0.0191574096679688 1.2384033203125 -0.0509033203125
-0.02227783203125 -0.0483512878417969 0.892578125 1.1749267578125
0.00501251220703125 -0.04962158203125 -0.0539550781249999 1.1478271484375
0.0242652893066406 -0.051300048828125 0.07403564453125 0.138870239257813
0.00222015380859375 -0.060333251953125 0.365234375 -1.07000732421875
0.0203704833984375 -0.0552711486816406 -0.67822265625 -1.414306640625
0.0402488708496094 -0.0223579406738281 -1.3277587890625 -0.0922851562499998
0.0435447692871094 -0.0352668762207031 -0.56890869140625 0.88818359375
0.0490913391113281 -0.0599365234375 0.166015625 0.7196044921875
-0.00723648071289063 -0.0282459259033203 0.48675537109375 0.060272216796875
-0.0320701599121094 -0.0363197326660156 0.33782958984375 -0.403167724609375
-0.004241943359375 -0.0530891418457031 -0.332366943359375 0.39886474609375
0.0455856323242188 -0.0211105346679688 -0.40423583984375 -0.0659790039062501
0.00315189361572266 0.00916290283203125 -0.1226806640625 -0.7197265625
-0.0288009643554688 0.0393218994140625 0.659912109375 -0.873291015625
-0.0451545715332031 0.0343399047851563 1.2752685546875 0.1864013671875
-0.0203170776367187 -0.0468368530273438 0.6771240234375 1.3612060546875
0.0562973022460937 -0.00712966918945312 -0.24072265625 1.130859375
0.0629234313964844 0.0105628967285156 0.0433731079101563 0.07342529296875
0.0496749877929688 -0.0248451232910156 0.188232421875 -1.10565185546875
0.00942611694335938 -0.0493240356445313 -0.894287109375 -1.2335205078125
-0.039642333984375 0.00331115722656249 -1.267822265625 0.142578125
-0.0245304107666016 0.0320568084716797 -0.353759765625 0.93646240234375
0.00823307037353516 -0.00125026702880859 0.35174560546875 0.68072509765625
0.0142889022827148 -0.000410079956054688 0.57122802734375 0.02850341796875
0.0177574157714844 -0.0111942291259766 0.36358642578125 -0.410247802734375
-0.0176887512207031 -0.05712890625 -0.334228515625 0.393035888671875
0.0433349609375 -0.0253677368164063 -0.40155029296875 -0.0683288574218751
0.0200424194335938 -0.0118217468261719 -0.11370849609375 -0.71826171875
-0.00157356262207031 0.0206871032714844 0.67181396484375 -0.86639404296875
-0.0232772827148438 0.029693603515625 1.271728515625 0.19970703125
-0.019256591796875 -0.0485115051269531 0.6566162109375 1.3680419921875
0.0457687377929687 -0.0189666748046875 -0.2552490234375 1.1263427734375
0.0551643371582031 -0.00737762451171875 0.037109375 0.0717010498046875
0.036529541015625 -0.0356903076171875 0.17437744140625 -1.10369873046875
0.0110702514648438 -0.0508804321289062 -0.909423828125 -1.22021484375
-0.0181446075439453 -0.00747871398925781 -1.260009765625 0.158203125
-0.00595474243164062 0.00763559341430664 -0.33868408203125 0.9368896484375
0.0206966400146484 -0.0199146270751953 0.3616943359375 0.677001953125
0.00948905944824219 -0.00556278228759766 0.57110595703125 0.02618408203125
0.00433254241943359 -0.0136165618896484 0.358795166015625 -0.41412353515625
-0.0311050415039062 -0.0626602172851563 -0.340179443359375 0.39068603515625
0.0381622314453125 -0.0304641723632813 -0.40765380859375 -0.0671997070312499
0.0345554351806641 -0.0326805114746094 -0.1243896484375 -0.71514892578125
0.0254440307617188 0.00237083435058594 0.65557861328125 -0.8712158203125
0.000257492065429688 0.0255756378173828 1.2740478515625 0.1861572265625
-0.0189208984375 -0.04925537109375 0.6728515625 1.3564453125
0.0338592529296875 -0.0307216644287109 -0.2451171875 1.1253662109375
0.0458564758300781 -0.0255012512207031 0.0354461669921875 0.0748825073242188
0.0237693786621094 -0.0469245910644531 0.17236328125 -1.0987548828125
0.0129470825195313 -0.0544013977050781 -0.9095458984375 -1.2176513671875
0.0051116943359375 -0.0181446075439453 -1.2633056640625 0.155517578125
0.0128326416015625 -0.015772819519043 -0.34356689453125 0.93902587890625
0.0326652526855469 -0.0391159057617188 0.35498046875 0.6795654296875
0.00238418579101562 -0.0114049911499023 0.5657958984375 0.02813720703125
-0.00784492492675781 -0.0175485610961914 0.35943603515625 -0.412353515625
-0.0424346923828125 -0.0686492919921875 -0.34332275390625 0.390716552734375
0.0325927734375 -0.0348606109619141 -0.422637939453125 -0.0626220703125
0.0456695556640625 -0.0505752563476563 -0.150146484375 -0.709716796875
0.0489730834960938 -0.0139122009277344 0.6258544921875 -0.88299560546875
0.0219993591308594 0.0225620269775391 1.271728515625 0.1539306640625
-0.0194969177246094 -0.0509872436523437 0.701904296875 1.33203125
0.0206375122070313 -0.0419235229492188 -0.220703125 1.12744140625
0.0367546081542969 -0.0420684814453125 0.0379562377929688 0.0838623046875
0.01153564453125 -0.0560531616210938 0.1944580078125 -1.0947265625
0.0149116516113281 -0.055877685546875 -0.88671875 -1.2430419921875
0.0258274078369141 -0.0263156890869141 -1.2755126953125 0.123779296875
0.0300216674804688 -0.0353584289550781 -0.37445068359375 0.93536376953125
0.0430526733398438 -0.0567512512207031 0.32830810546875 0.68670654296875
-0.00326251983642578 -0.0170688629150391 0.55377197265625 0.03521728515625
-0.01947021484375 -0.0225791931152344 0.356781005859375 -0.41107177734375
-0.0508880615234375 -0.0743789672851563 -0.349578857421875 0.392059326171875
0.0273094177246094 -0.0388107299804687 -0.442352294921875 -0.05841064453125
0.0499916076660156 -0.0634727478027344 -0.18511962890625 -0.7034912109375
0.064483642578125 -0.026947021484375 0.5863037109375 -0.9000244140625
0.0388298034667969 0.0188064575195312 1.2684326171875 0.1064453125
-0.0195846557617188 -0.0522575378417969 0.744873046875 1.29931640625
0.0104522705078125 -0.0494613647460938 -0.189208984375 1.1314697265625
0.0291824340820313 -0.0551261901855469 0.0437393188476562 0.096923828125
0.0026702880859375 -0.0637779235839844 0.2308349609375 -1.08953857421875
0.017486572265625 -0.0565986633300781 -0.840576171875 -1.2813720703125
0.0414276123046875 -0.0316581726074219 -1.29248046875 0.0751953125000003
0.0431594848632813 -0.0485343933105469 -0.4178466796875 0.92620849609375
0.0523223876953125 -0.0679893493652344 0.28997802734375 0.6973876953125
-0.00688362121582031 -0.0237293243408203 0.535430908203125 0.04351806640625
-0.0298500061035156 -0.0283412933349609 0.352447509765625 -0.410186767578125
-0.05670166015625 -0.077789306640625 -0.354217529296875 0.39874267578125
0.0233154296875 -0.0420913696289063 -0.46453857421875 -0.0505981445312499
0.0481986999511719 -0.0688018798828125 -0.22576904296875 -0.69366455078125
0.0687065124511719 -0.03216552734375 0.53387451171875 -0.9163818359375
0.0463943481445312 0.015625 1.2576904296875 0.0537109375
-0.0203971862792969 -0.0522346496582031 0.7952880859375 1.25634765625
0.0037994384765625 -0.054840087890625 -0.14306640625 1.1387939453125
0.0240821838378906 -0.0601654052734375 0.0531158447265625 0.110946655273438
-0.00255966186523438 -0.0669326782226562 0.27484130859375 -1.08258056640625
0.0186576843261719 -0.0568046569824219 -0.78662109375 -1.328857421875
0.0506095886230469 -0.0318870544433594 -1.304931640625 0.0179443359375
0.0524749755859375 -0.0530891418457031 -0.47113037109375 0.91485595703125
0.0571517944335937 -0.0722885131835938 0.246826171875 0.70477294921875
-0.00860595703125 -0.0279445648193359 0.5167236328125 0.050262451171875
-0.0357093811035156 -0.03216552734375 0.346405029296875 -0.40582275390625
-0.0551376342773438 -0.0808486938476562 -0.3580322265625 0.40423583984375
0.0187339782714844 -0.0424346923828125 -0.4844970703125 -0.04010009765625
0.0405693054199219 -0.0667724609375 -0.270263671875 -0.68017578125
0.0627517700195313 -0.0299072265625 0.4798583984375 -0.93310546875
0.0470848083496094 0.0150833129882813 1.247314453125 -0.0052490234375
-0.0219764709472656 -0.0506782531738281 0.848388671875 1.20947265625
0.000873565673828122 -0.0533065795898438 -0.0933837890624999 1.142578125
0.0212860107421875 -0.0583152770996094 0.0632476806640625 0.125541687011719
-0.002838134765625 -0.0648460388183594 0.32098388671875 -1.07305908203125
0.0188026428222656 -0.0549354553222656 -0.7314453125 -1.3726806640625
0.0505905151367188 -0.0284957885742188 -1.317626953125 -0.0427246093749999
0.0527267456054688 -0.0481491088867188 -0.52337646484375 0.8994140625
0.0560684204101563 -0.0704727172851563 0.201171875 0.7130126953125
-0.00858688354492188 -0.0300102233886719 0.498291015625 0.05706787109375
-0.0370864868164062 -0.0351066589355469 0.3428955078125 -0.40338134765625
-0.0491790771484375 -0.0801467895507813 -0.358551025390625 0.412078857421875
0.0200538635253906 -0.0412673950195313 -0.5020751953125 -0.03192138671875
0.0288925170898438 -0.0564613342285156 -0.30419921875 -0.66986083984375
0.0494728088378906 -0.0201606750488281 0.43890380859375 -0.94140625
0.0397987365722656 0.0194206237792969 1.2371826171875 -0.0517578125
-0.0229568481445312 -0.0488319396972656 0.8892822265625 1.1741943359375
0.00447463989257812 -0.0495758056640625 -0.0537109375000001 1.14404296875
0.0237922668457031 -0.0504074096679688 0.0731201171875 0.138397216796875
0.00226593017578125 -0.0594863891601563 0.36676025390625 -1.06329345703125
0.0181846618652344 -0.0551223754882813 -0.6722412109375 -1.4111328125
0.0393638610839844 -0.022613525390625 -1.3271484375 -0.0944824218749999
0.0429306030273438 -0.0340766906738281 -0.56939697265625 0.88250732421875
0.0489692687988281 -0.0600700378417969 0.16485595703125 0.71533203125
-0.00732040405273437 -0.0286045074462891 0.4835205078125 0.060638427734375
-0.0321998596191406 -0.0365028381347656 0.335540771484375 -0.402618408203125
-0.005401611328125 -0.0512351989746094 -0.331787109375 0.399078369140625
0.0444869995117187 -0.0220184326171875 -0.402435302734375 -0.0657958984374999
0.00373697280883789 0.00873756408691406 -0.12188720703125 -0.72076416015625
-0.0286750793457031 0.0394744873046875 0.66046142578125 -0.87274169921875
-0.0461692810058594 0.0342826843261719 1.2767333984375 0.186279296875
-0.0192413330078125 -0.0471878051757813 0.6739501953125 1.361572265625
0.0565071105957031 -0.00787353515625 -0.2431640625 1.1295166015625
0.0623855590820313 0.0113029479980469 0.0428924560546875 0.07232666015625
0.0484962463378906 -0.0251579284667969 0.19256591796875 -1.10150146484375
0.00960922241210938 -0.0498924255371094 -0.8912353515625 -1.2330322265625
-0.0392265319824219 0.00422286987304688 -1.267578125 0.1395263671875
-0.0248146057128906 0.0308609008789062 -0.3533935546875 0.93572998046875
0.00833272933959961 -0.00217771530151367 0.3525390625 0.67877197265625
0.0142974853515625 -0.00089263916015625 0.56866455078125 0.026611328125
0.0170154571533203 -0.0114908218383789 0.361572265625 -0.40850830078125
-0.0196342468261719 -0.0556221008300781 -0.335113525390625 0.393463134765625
0.0430450439453125 -0.0256423950195313 -0.402008056640625 -0.0700378417968749
0.0195274353027344 -0.0109348297119141 -0.11175537109375 -0.718017578125
-0.00201988220214844 0.0209865570068359 0.66949462890625 -0.8629150390625
-0.0239391326904297 0.0292530059814453 1.2730712890625 0.2022705078125
-0.0187644958496094 -0.0496559143066406 0.653564453125 1.3699951171875
0.045684814453125 -0.017822265625 -0.26025390625 1.125
0.0545120239257812 -0.00701522827148437 0.0362319946289063 0.0713958740234375
0.0357666015625 -0.0348396301269531 0.17694091796875 -1.10101318359375
0.0104751586914062 -0.0512351989746094 -0.905029296875 -1.22119140625
-0.0186691284179688 -0.00746917724609375 -1.262451171875 0.15283203125
-0.00610923767089844 0.00749397277832031 -0.34112548828125 0.93658447265625
0.0203323364257813 -0.0201015472412109 0.35888671875 0.67608642578125
0.00982761383056641 -0.00540637969970703 0.56951904296875 0.02490234375
0.00390529632568359 -0.013880729675293 0.360260009765625 -0.413909912109375
-0.0317764282226563 -0.0610923767089844 -0.336639404296875 0.39111328125
0.0382156372070313 -0.031097412109375 -0.406402587890625 -0.0685424804687501
0.0347671508789063 -0.0328559875488281 -0.1224365234375 -0.71429443359375
0.0253543853759766 0.0028533935546875 0.65740966796875 -0.868896484375
-2.47955322265641E-05 0.0258312225341797 1.2728271484375 0.187255859375
-0.0189361572265625 -0.0508041381835938 0.671142578125 1.3583984375
0.0329971313476563 -0.0306529998779297 -0.24835205078125 1.12335205078125
0.0452537536621094 -0.0253982543945313 0.0358047485351562 0.0743865966796875
0.0230941772460938 -0.04669189453125 0.17578125 -1.095947265625
0.0121879577636719 -0.0550384521484375 -0.9051513671875 -1.21923828125
0.004913330078125 -0.0178852081298828 -1.2647705078125 0.1500244140625
0.0121908187866211 -0.0154905319213867 -0.34246826171875 0.937744140625
0.0321884155273438 -0.0400466918945313 0.35260009765625 0.6788330078125
0.00266361236572266 -0.0108585357666016 0.56396484375 0.02862548828125
-0.00867843627929688 -0.0175294876098633 0.35931396484375 -0.410980224609375
-0.0451316833496094 -0.0675811767578125 -0.3419189453125 0.390899658203125
0.0326690673828125 -0.0359039306640625 -0.421295166015625 -0.064239501953125
0.0455741882324219 -0.0503654479980469 -0.1500244140625 -0.7108154296875
0.0489387512207031 -0.0131416320800781 0.62603759765625 -0.883544921875
0.0213394165039063 0.0216426849365234 1.271728515625 0.1541748046875
-0.0192146301269531 -0.0509796142578125 0.70068359375 1.33203125
0.0203018188476563 -0.0412368774414063 -0.22357177734375 1.12420654296875
0.0363845825195313 -0.0424003601074219 0.0374374389648438 0.0840606689453125
0.0106658935546875 -0.0561256408691406 0.19525146484375 -1.09234619140625
0.0160179138183594 -0.0557365417480469 -0.882568359375 -1.24462890625
0.0256156921386719 -0.0271186828613281 -1.27490234375 0.121826171875
0.0302352905273438 -0.0359725952148438 -0.37530517578125 0.93170166015625
0.0428123474121094 -0.0559120178222656 0.326171875 0.68585205078125
-0.00338935852050781 -0.0171585083007812 0.55291748046875 0.035491943359375
-0.0212268829345703 -0.0225582122802734 0.355438232421875 -0.4105224609375
-0.053009033203125 -0.0738906860351563 -0.34930419921875 0.391998291015625
0.0270347595214844 -0.0394172668457031 -0.441070556640625 -0.0596008300781249
0.0505180358886719 -0.0634078979492188 -0.18511962890625 -0.70538330078125
0.0631752014160156 -0.0256156921386719 0.58642578125 -0.89776611328125
0.0389785766601563 0.0184135437011719 1.2655029296875 0.109375
-0.0198516845703125 -0.0524673461914063 0.742919921875 1.29931640625
0.0103797912597656 -0.0496368408203125 -0.190673828125 1.1312255859375
0.0279121398925781 -0.0538825988769531 0.0428924560546875 0.0958328247070313
0.0016021728515625 -0.0630340576171875 0.233154296875 -1.08624267578125
0.0172805786132813 -0.0565071105957031 -0.8389892578125 -1.282958984375
0.0412635803222656 -0.0315132141113281 -1.2911376953125 0.0728759765624998
0.0439338684082031 -0.0490837097167969 -0.41839599609375 0.9241943359375
0.0515708923339844 -0.0680770874023438 0.28778076171875 0.69659423828125
-0.00783157348632812 -0.0234909057617188 0.53466796875 0.042724609375
-0.0304031372070313 -0.0282649993896484 0.351409912109375 -0.4072265625
-0.0586318969726562 -0.076507568359375 -0.353790283203125 0.398284912109375
0.02227783203125 -0.042236328125 -0.462554931640625 -0.0523071289062499
0.0479393005371094 -0.0687103271484375 -0.22650146484375 -0.6927490234375
0.0688591003417969 -0.0315017700195313 0.5328369140625 -0.91436767578125
0.0473594665527344 0.0144119262695313 1.258056640625 0.057861328125
-0.0206947326660156 -0.0535545349121094 0.7928466796875 1.257568359375
0.00391387939453125 -0.0544929504394531 -0.146240234375 1.1358642578125
0.0234603881835937 -0.059906005859375 0.0516586303710938 0.110427856445313
-0.00337982177734375 -0.0659523010253906 0.2784423828125 -1.07818603515625
0.0185623168945312 -0.0562248229980469 -0.7845458984375 -1.329345703125
0.0503997802734375 -0.0322303771972656 -1.306884765625 0.0144042968750002
0.0521697998046875 -0.0537147521972656 -0.4737548828125 0.9112548828125
0.0561676025390625 -0.0723037719726563 0.2440185546875 0.70477294921875
-0.00860214233398438 -0.0289459228515625 0.51458740234375 0.04962158203125
-0.0360488891601563 -0.0321388244628906 0.345916748046875 -0.4058837890625
-0.0569915771484375 -0.0793685913085938 -0.3568115234375 0.40325927734375
0.0186309814453125 -0.0424842834472656 -0.484649658203125 -0.0425109863281251
0.0404510498046875 -0.0660781860351563 -0.26910400390625 -0.680908203125
0.062744140625 -0.0295829772949219 0.48138427734375 -0.93280029296875
0.0473976135253906 0.0140647888183594 1.2467041015625 -0.001220703125
-0.0220108032226563 -0.0522499084472656 0.844970703125 1.21337890625
0.001129150390625 -0.0532417297363281 -0.096923828125 1.1397705078125
0.0208511352539063 -0.0581092834472656 0.0616378784179687 0.125747680664063
-0.00365447998046875 -0.0645790100097656 0.3231201171875 -1.06878662109375
0.0185813903808594 -0.05535888671875 -0.7266845703125 -1.371337890625
0.0499191284179688 -0.0287437438964844 -1.3206787109375 -0.0454101562499998
0.0528297424316406 -0.0483360290527344 -0.52587890625 0.89654541015625
0.0561180114746094 -0.0697784423828125 0.19952392578125 0.71295166015625
-0.0091552734375 -0.0308113098144531 0.495941162109375 0.0562744140625
-0.0371208190917969 -0.0355682373046875 0.3419189453125 -0.402801513671875
-0.0512237548828125 -0.079681396484375 -0.358062744140625 0.41229248046875
0.0193138122558594 -0.0415611267089844 -0.499664306640625 -0.0325622558593751
0.0305938720703125 -0.0563430786132813 -0.30316162109375 -0.669921875
0.0494613647460938 -0.0195808410644531 0.43902587890625 -0.9427490234375
0.0393104553222656 0.0176467895507813 1.23681640625 -0.0498046875
-0.0231704711914063 -0.049957275390625 0.885986328125 1.1751708984375
0.002899169921875 -0.049560546875 -0.0572509765624999 1.1434326171875
0.0230331420898438 -0.049468994140625 0.0723419189453125 0.137847900390625
0.0014801025390625 -0.0585975646972656 0.3709716796875 -1.0601806640625
0.0187606811523438 -0.0548820495605469 -0.6707763671875 -1.4107666015625
0.0389595031738281 -0.0235633850097656 -1.3240966796875 -0.100830078125
0.0428924560546875 -0.0347099304199219 -0.5712890625 0.88043212890625
0.0478019714355469 -0.0602836608886719 0.162109375 0.71441650390625
-0.00674819946289063 -0.0290374755859375 0.481048583984375 0.058837890625
-0.0338783264160156 -0.0361824035644531 0.33709716796875 -0.403045654296875
-0.00730133056640626 -0.050079345703125 -0.3328857421875 0.397979736328125
0.044036865234375 -0.0230598449707031 -0.402557373046875 -0.0676574707031251
0.00373744964599609 0.00894546508789062 -0.12176513671875 -0.720458984375
-0.0286636352539063 0.0408210754394531 0.6602783203125 -0.87176513671875
-0.0451736450195313 0.033966064453125 1.277587890625 0.19091796875
-0.0182647705078125 -0.0474052429199219 0.671630859375 1.36669921875
0.0558624267578125 -0.00748062133789063 -0.243408203125 1.128173828125
0.0608901977539063 0.0117301940917969 0.042724609375 0.0721588134765625
0.0478057861328125 -0.02398681640625 0.19622802734375 -1.099365234375
0.00992584228515625 -0.0491218566894531 -0.890380859375 -1.234130859375
-0.0386505126953125 0.00341033935546874 -1.2696533203125 0.13623046875
-0.0247650146484375 0.0308513641357422 -0.355712890625 0.93505859375
0.00753593444824219 -0.00264263153076172 0.35052490234375 0.67840576171875
0.0133647918701172 -0.00052642822265625 0.568359375 0.02752685546875
0.0163679122924805 -0.011260986328125 0.360870361328125 -0.40948486328125
-0.0215072631835938 -0.0546722412109375 -0.332855224609375 0.394012451171875
0.0420265197753906 -0.0260696411132813 -0.400299072265625 -0.0697021484375
0.019683837890625 -0.0115776062011719 -0.1119384765625 -0.71868896484375
-0.00202751159667969 0.0214748382568359 0.6737060546875 -0.86273193359375
-0.0242195129394531 0.0284194946289063 1.2735595703125 0.203857421875
-0.0191307067871094 -0.0501670837402344 0.654541015625 1.373291015625
0.0457420349121094 -0.0175895690917969 -0.2618408203125 1.1253662109375
0.0539054870605469 -0.00551223754882813 0.0368270874023437 0.0709381103515625
0.0363006591796875 -0.0342254638671875 0.18072509765625 -1.09857177734375
0.0105705261230469 -0.0516128540039063 -0.90185546875 -1.223876953125
-0.0187797546386719 -0.00848197937011718 -1.2637939453125 0.1490478515625
-0.00655603408813476 0.00827121734619141 -0.34161376953125 0.9371337890625
0.0194969177246094 -0.0204067230224609 0.35888671875 0.6749267578125
0.00955677032470703 -0.00642681121826172 0.5679931640625 0.02545166015625
0.00267791748046875 -0.0146541595458984 0.359893798828125 -0.413665771484375
-0.0347251892089844 -0.0594863891601562 -0.335174560546875 0.390838623046875
0.03765869140625 -0.0317764282226563 -0.40533447265625 -0.0702514648437501
0.0351428985595703 -0.0322322845458984 -0.1224365234375 -0.716796875
0.0249538421630859 0.00297927856445312 0.6580810546875 -0.870849609375
-6.29425048828121E-05 0.0247783660888672 1.2734375 0.18896484375
-0.0182876586914062 -0.0514678955078125 0.6705322265625 1.3587646484375
0.0333385467529297 -0.0304546356201172 -0.250732421875 1.1221923828125
0.0444374084472656 -0.0247306823730469 0.0355453491210937 0.0742721557617188
0.0223960876464844 -0.0466194152832031 0.1773681640625 -1.0968017578125
0.0128822326660156 -0.0541610717773438 -0.903564453125 -1.220703125
0.00442123413085938 -0.0182762145996094 -1.265869140625 0.14697265625
0.012904167175293 -0.0159454345703125 -0.3455810546875 0.935302734375
0.0324478149414063 -0.0398941040039063 0.3526611328125 0.6796875
0.00253105163574219 -0.0118913650512695 0.56317138671875 0.02679443359375
-0.00976276397705078 -0.0166358947753906 0.3582763671875 -0.41229248046875
-0.0465011596679688 -0.0659980773925781 -0.341278076171875 0.391204833984375
0.0318145751953125 -0.0366477966308594 -0.41949462890625 -0.064483642578125
0.0465354919433594 -0.0510101318359375 -0.15142822265625 -0.71148681640625
0.0490455627441406 -0.0128822326660156 0.62548828125 -0.88214111328125
0.0226612091064453 0.02142333984375 1.2703857421875 0.1573486328125
-0.0189895629882812 -0.0521888732910156 0.699462890625 1.3369140625
0.0197067260742187 -0.0409049987792969 -0.2275390625 1.12347412109375
0.0350990295410156 -0.0405540466308594 0.0368194580078125 0.0837020874023437
0.00975418090820312 -0.0553054809570313 0.19927978515625 -1.0909423828125
0.0157279968261719 -0.0555496215820312 -0.881591796875 -1.24609375
0.0256061553955078 -0.0278739929199219 -1.2763671875 0.1182861328125
0.0292320251464844 -0.0361099243164063 -0.37847900390625 0.9315185546875
0.0421791076660156 -0.0562629699707031 0.32666015625 0.6864013671875
-0.00373268127441406 -0.0182323455810547 0.5526123046875 0.03533935546875
-0.0218753814697266 -0.0234375 0.3560791015625 -0.411041259765625
-0.055633544921875 -0.0712661743164063 -0.347625732421875 0.392486572265625
0.026611328125 -0.0399017333984375 -0.44000244140625 -0.0607910156249999
0.0503730773925781 -0.0635566711425781 -0.1849365234375 -0.7039794921875
0.0627326965332031 -0.0253028869628906 0.587646484375 -0.89886474609375
0.0383720397949219 0.0172691345214844 1.267578125 0.1116943359375
-0.0196495056152344 -0.0531387329101563 0.739990234375 1.3026123046875
0.0104331970214844 -0.0496864318847656 -0.1937255859375 1.1314697265625
0.0270156860351563 -0.0524482727050781 0.0420150756835938 0.0961685180664063
0.000736236572265621 -0.0622825622558594 0.2353515625 -1.08416748046875
0.0179405212402344 -0.0565299987792969 -0.8367919921875 -1.284912109375
0.041961669921875 -0.0320472717285156 -1.292236328125 0.07080078125
0.0439491271972656 -0.0499153137207031 -0.4227294921875 0.9229736328125
0.0514945983886719 -0.0681419372558594 0.28753662109375 0.6962890625
-0.00757598876953125 -0.0234966278076172 0.53326416015625 0.04248046875
-0.0322589874267578 -0.0276947021484375 0.353302001953125 -0.407958984375
-0.0597076416015625 -0.0751266479492187 -0.35150146484375 0.39691162109375
0.021514892578125 -0.0433807373046875 -0.4620361328125 -0.0526428222656249
0.048553466796875 -0.0698165893554688 -0.2249755859375 -0.6947021484375
0.0674552917480469 -0.0316085815429688 0.53460693359375 -0.91436767578125
0.0476455688476563 0.0143623352050781 1.258544921875 0.056396484375
-0.0211677551269531 -0.0536689758300781 0.7928466796875 1.2606201171875
0.00327301025390624 -0.0531883239746094 -0.1478271484375 1.135986328125
0.0230636596679688 -0.0586662292480469 0.0508804321289063 0.110382080078125
-0.00391006469726563 -0.0655479431152344 0.281005859375 -1.0751953125
0.017547607421875 -0.0560150146484375 -0.7811279296875 -1.3287353515625
0.049468994140625 -0.0318336486816406 -1.304443359375 0.0113525390625001
0.0522994995117188 -0.0537185668945313 -0.47509765625 0.911376953125
0.0561141967773438 -0.0743026733398437 0.2445068359375 0.70361328125
-0.00846481323242188 -0.0281696319580078 0.512237548828125 0.0491943359375
-0.037109375 -0.031494140625 0.346099853515625 -0.407562255859375
-0.0576400756835938 -0.0789871215820313 -0.35638427734375 0.40472412109375
0.0181694030761719 -0.0429153442382813 -0.482147216796875 -0.042724609375
0.0406570434570313 -0.0663070678710938 -0.27056884765625 -0.68145751953125
0.0621566772460938 -0.0291099548339844 0.4827880859375 -0.933837890625
0.0480003356933594 0.0129966735839844 1.2484130859375 0.000244140625000001
-0.0207710266113281 -0.0528793334960938 0.845458984375 1.216064453125
0.00072860717773438 -0.0531654357910156 -0.0981445312500001 1.13916015625
0.0205192565917969 -0.0562019348144531 0.0610198974609375 0.12591552734375
-0.00402069091796875 -0.0637397766113281 0.3272705078125 -1.0672607421875
0.0186271667480469 -0.0549468994140625 -0.721923828125 -1.373046875
0.0494422912597656 -0.0283775329589844 -1.31982421875 -0.0479736328125003
0.0527420043945313 -0.0483779907226563 -0.526611328125 0.89398193359375
0.0558547973632812 -0.0709304809570313 0.19793701171875 0.71368408203125
-0.00835990905761719 -0.0296916961669922 0.496246337890625 0.055938720703125
-0.037872314453125 -0.0354461669921875 0.34259033203125 -0.402801513671875
-0.0530929565429687 -0.0787277221679687 -0.3560791015625 0.412750244140625
0.0179977416992188 -0.0428123474121094 -0.49920654296875 -0.0340576171874999
0.0302467346191406 -0.0570411682128906 -0.30303955078125 -0.67108154296875
0.0492095947265625 -0.017852783203125 0.4384765625 -0.94232177734375
0.0388832092285156 0.0170440673828125 1.2386474609375 -0.0450439453125
-0.0222053527832031 -0.0508460998535156 0.8857421875 1.18017578125
0.0027313232421875 -0.0486030578613281 -0.0596923828125 1.1419677734375
0.0216445922851563 -0.0482902526855469 0.071441650390625 0.138114929199219
0.00101089477539063 -0.05853271484375 0.3720703125 -1.05877685546875
0.0182533264160156 -0.0549812316894531 -0.6668701171875 -1.413818359375
0.0395774841308594 -0.0232658386230469 -1.326416015625 -0.10400390625
0.0431022644042969 -0.0357704162597656 -0.57183837890625 0.87860107421875
0.0474166870117188 -0.0616798400878906 0.16094970703125 0.715087890625
-0.00731086730957031 -0.0291252136230469 0.4803466796875 0.05889892578125
-0.0332260131835938 -0.0361480712890625 0.335693359375 -0.40277099609375
-0.00921630859375 -0.048828125 -0.330108642578125 0.4002685546875
0.0424957275390625 -0.0230445861816406 -0.4014892578125 -0.068603515625
0.00372219085693359 0.00859260559082031 -0.12188720703125 -0.721435546875
-0.0294761657714844 0.0412330627441406 0.66217041015625 -0.87371826171875
-0.0449790954589844 0.0323982238769531 1.28076171875 0.1917724609375
-0.0182876586914063 -0.0490798950195313 0.673583984375 1.370361328125
0.0555801391601563 -0.00656890869140625 -0.24853515625 1.128662109375
0.0610694885253906 0.0131797790527344 0.0417251586914063 0.07275390625
0.048065185546875 -0.0239372253417969 0.19757080078125 -1.1021728515625
0.00994110107421875 -0.0492172241210937 -0.8919677734375 -1.2401123046875
-0.03961181640625 0.00314712524414062 -1.274169921875 0.1346435546875
-0.0248851776123047 0.0308113098144531 -0.35736083984375 0.93585205078125
0.00762796401977539 -0.00311183929443359 0.35015869140625 0.6796875
0.0135030746459961 -0.00162601470947266 0.5682373046875 0.026611328125
0.0151548385620117 -0.0118064880371094 0.36236572265625 -0.409912109375
-0.0234451293945312 -0.0533676147460937 -0.334320068359375 0.395599365234375
0.0418777465820313 -0.0275688171386719 -0.400665283203125 -0.070526123046875
0.0197162628173828 -0.0108375549316406 -0.11328125 -0.7203369140625
-0.00269126892089844 0.0228157043457031 0.670654296875 -0.86480712890625
-0.0243339538574219 0.028839111328125 1.2764892578125 0.2066650390625
-0.018157958984375 -0.0508155822753906 0.654541015625 1.3792724609375
0.0449066162109375 -0.0173606872558594 -0.26171875 1.1253662109375
0.0526351928710938 -0.00441360473632813 0.0363845825195312 0.0708770751953125
0.0348110198974609 -0.0341033935546875 0.18597412109375 -1.10076904296875
0.011260986328125 -0.0521583557128906 -0.9041748046875 -1.2286376953125
-0.0181427001953125 -0.00824737548828125 -1.2652587890625 0.1483154296875
-0.00635910034179687 0.00791835784912109 -0.34320068359375 0.93695068359375
0.0194206237792969 -0.0215320587158203 0.3594970703125 0.67730712890625
0.00865030288696289 -0.00598430633544922 0.56768798828125 0.0242919921875
0.00179862976074219 -0.0135030746459961 0.35906982421875 -0.4161376953125
-0.035491943359375 -0.058929443359375 -0.3358154296875 0.39227294921875
0.03680419921875 -0.0322151184082031 -0.406036376953125 -0.070648193359375
0.0351028442382813 -0.0326957702636719 -0.12353515625 -0.71728515625
0.0245552062988281 0.00448799133300781 0.66015625 -0.87109375
0.000421524047851563 0.0237617492675781 1.277587890625 0.1904296875
-0.0182075500488281 -0.0525398254394531 0.6715087890625 1.3642578125
0.0329971313476563 -0.0303668975830078 -0.25299072265625 1.12371826171875
0.0433883666992188 -0.0231781005859375 0.0346527099609375 0.0744552612304688
0.0209579467773438 -0.0453071594238281 0.1829833984375 -1.09716796875
0.0128402709960938 -0.0532112121582031 -0.9031982421875 -1.226806640625
0.00446701049804688 -0.0186023712158203 -1.2706298828125 0.1451416015625
0.0126924514770508 -0.0169010162353516 -0.347412109375 0.93634033203125
0.0313186645507813 -0.0407485961914063 0.35113525390625 0.68084716796875
0.00227737426757813 -0.0114879608154297 0.56378173828125 0.02685546875
-0.0104923248291016 -0.0178508758544922 0.359283447265625 -0.41229248046875
-0.0480690002441406 -0.0648078918457031 -0.34075927734375 0.39263916015625
0.0320358276367188 -0.0379714965820313 -0.420745849609375 -0.06585693359375
0.04608154296875 -0.0509223937988281 -0.150634765625 -0.71173095703125
0.0477828979492188 -0.0116958618164063 0.6260986328125 -0.88330078125
0.0231361389160156 0.0203838348388672 1.2755126953125 0.160400390625
-0.0191612243652344 -0.0540542602539062 0.699462890625 1.34130859375
0.0196456909179688 -0.0406913757324219 -0.2298583984375 1.1253662109375
0.0348587036132813 -0.0402450561523438 0.0365829467773438 0.0836334228515625
0.00951004028320313 -0.0551071166992188 0.20147705078125 -1.0919189453125
0.0151481628417969 -0.0559310913085938 -0.8797607421875 -1.251708984375
0.0257205963134766 -0.0269908905029297 -1.27880859375 0.1142578125
0.029296875 -0.0366744995117188 -0.3785400390625 0.93292236328125
0.041351318359375 -0.0578536987304687 0.32513427734375 0.68731689453125
-0.00302505493164063 -0.0184345245361328 0.552093505859375 0.034576416015625
-0.0216236114501953 -0.0227489471435547 0.355987548828125 -0.4119873046875
-0.0560989379882813 -0.0718002319335938 -0.3470458984375 0.39385986328125
0.02520751953125 -0.0415611267089844 -0.44146728515625 -0.061767578125
0.05059814453125 -0.0644302368164063 -0.18511962890625 -0.7059326171875
0.062896728515625 -0.0243682861328125 0.58758544921875 -0.89923095703125
0.0389862060546875 0.0164108276367188 1.271240234375 0.1138916015625
-0.0195198059082031 -0.0544204711914063 0.7432861328125 1.3077392578125
0.00970077514648438 -0.0494194030761719 -0.1947021484375 1.1317138671875
0.0272102355957031 -0.0515213012695312 0.0426559448242188 0.0959548950195313
0.0012054443359375 -0.0615882873535156 0.2396240234375 -1.08599853515625
0.0170745849609375 -0.0569038391113281 -0.8350830078125 -1.289794921875
0.0421333312988281 -0.03277587890625 -1.2967529296875 0.0666503906249998
0.0440101623535156 -0.0497665405273438 -0.4241943359375 0.92413330078125
0.0507087707519531 -0.0696983337402344 0.28668212890625 0.69830322265625
-0.00745773315429688 -0.0233135223388672 0.53277587890625 0.041961669921875
-0.0322132110595703 -0.0272808074951172 0.351318359375 -0.409820556640625
-0.062286376953125 -0.0740203857421875 -0.35040283203125 0.400177001953125
0.0214691162109375 -0.0443916320800781 -0.462615966796875 -0.052734375
0.0478019714355469 -0.0702133178710938 -0.22662353515625 -0.69549560546875
0.0682373046875 -0.0305557250976563 0.5361328125 -0.9180908203125
0.0473747253417969 0.0133323669433594 1.263671875 0.0587158203125
-0.02056884765625 -0.0549125671386719 0.7911376953125 1.267578125
0.00245285034179687 -0.052581787109375 -0.151123046875 1.1357421875
0.021484375 -0.056976318359375 0.0503082275390625 0.1109619140625
-0.00500869750976562 -0.0648994445800781 0.284912109375 -1.076416015625
0.0184173583984375 -0.0570640563964844 -0.78076171875 -1.3341064453125
0.0502815246582031 -0.0325050354003906 -1.3094482421875 0.0085449218749998
0.0520744323730469 -0.0537948608398438 -0.4774169921875 0.9114990234375
0.0557479858398438 -0.0743255615234375 0.24334716796875 0.7056884765625
-0.00831222534179688 -0.0289802551269531 0.51416015625 0.048828125
-0.0387153625488281 -0.0315399169921875 0.345367431640625 -0.408447265625
-0.05963134765625 -0.077178955078125 -0.355224609375 0.404876708984375
0.0178413391113281 -0.044189453125 -0.48297119140625 -0.0434265136718751
0.0405540466308594 -0.0677871704101563 -0.26861572265625 -0.6824951171875
0.0616073608398438 -0.0291023254394531 0.482421875 -0.93365478515625
0.0478324890136719 0.0133514404296875 1.2498779296875 -0.000366210937499999
-0.0210914611816406 -0.0542449951171875 0.845458984375 1.219970703125
-0.00061416625976562 -0.0533485412597656 -0.101806640625 1.1407470703125
0.0199699401855469 -0.0552139282226563 0.06072998046875 0.126312255859375
-0.004608154296875 -0.0635147094726563 0.32952880859375 -1.06707763671875
0.0190773010253906 -0.0555648803710938 -0.723388671875 -1.377197265625
0.0498733520507813 -0.0286521911621094 -1.322265625 -0.0517578125
0.0516738891601563 -0.04876708984375 -0.52996826171875 0.896728515625
0.0547943115234375 -0.0710220336914063 0.19757080078125 0.71331787109375
-0.00889205932617188 -0.0303325653076172 0.496307373046875 0.055572509765625
-0.0392646789550781 -0.0352554321289063 0.342071533203125 -0.404449462890625
-0.0546188354492187 -0.0773086547851563 -0.354949951171875 0.41412353515625
0.0176544189453125 -0.043212890625 -0.499725341796875 -0.0344238281250001
0.0298652648925781 -0.0566024780273438 -0.303955078125 -0.67181396484375
0.0499000549316406 -0.0180015563964844 0.43994140625 -0.943603515625
0.039642333984375 0.0165481567382813 1.2412109375 -0.0460205078125
-0.0228462219238281 -0.0525856018066406 0.887451171875 1.1837158203125
0.0024566650390625 -0.0485877990722656 -0.0607910156250001 1.1436767578125
0.0206718444824219 -0.0475006103515625 0.070587158203125 0.138435363769531
-0.000427246093750006 -0.0571861267089844 0.37677001953125 -1.05926513671875
0.0186500549316406 -0.0551223754882812 -0.6666259765625 -1.4136962890625
0.0403289794921875 -0.0233078002929688 -1.328369140625 -0.105224609375
0.0435714721679688 -0.03582763671875 -0.576171875 0.879150390625
0.0472450256347656 -0.0619239807128906 0.16033935546875 0.71649169921875
-0.00740432739257812 -0.0298290252685547 0.479583740234375 0.0595703125
-0.0353317260742187 -0.036773681640625 0.33660888671875 -0.40460205078125
-0.0107040405273437 -0.0478477478027344 -0.33123779296875 0.40264892578125
0.0420417785644531 -0.0245895385742188 -0.402801513671875 -0.0699462890625
0.0037689208984375 0.00882244110107422 -0.12152099609375 -0.72540283203125
-0.03021240234375 0.0419235229492188 0.6654052734375 -0.87615966796875
-0.0461463928222656 0.0324668884277344 1.28466796875 0.194580078125
-0.0179290771484375 -0.0504417419433594 0.6746826171875 1.378173828125
0.0557060241699219 -0.00553131103515625 -0.247802734375 1.1297607421875
0.0603904724121094 0.0144157409667969 0.0416412353515625 0.0726776123046875
0.0476188659667969 -0.0232429504394531 0.200927734375 -1.1060791015625
0.00998687744140625 -0.0498046875 -0.89453125 -1.24609375
-0.0394096374511719 0.00230789184570312 -1.2779541015625 0.132080078125
-0.0247802734375 0.0302181243896484 -0.3583984375 0.93719482421875
0.00639438629150391 -0.00249481201171875 0.35052490234375 0.68255615234375
0.0134487152099609 -0.00197887420654297 0.56817626953125 0.02471923828125
0.0141410827636719 -0.0109920501708984 0.36224365234375 -0.41302490234375
-0.0245170593261719 -0.0516738891601563 -0.33355712890625 0.398345947265625
0.0410537719726562 -0.0288887023925781 -0.40093994140625 -0.071990966796875
0.0196304321289063 -0.0117263793945313 -0.1121826171875 -0.72283935546875
-0.00333213806152344 0.0231800079345703 0.673095703125 -0.8681640625
-0.0236988067626953 0.0277080535888672 1.281982421875 0.2060546875
-0.0173530578613281 -0.0521125793457031 0.655517578125 1.3858642578125
0.04449462890625 -0.017303466796875 -0.2640380859375 1.128173828125
0.0521583557128906 -0.003265380859375 0.0357818603515625 0.0711822509765625
0.0350322723388672 -0.0343017578125 0.18603515625 -1.10205078125
0.0112419128417969 -0.051513671875 -0.9049072265625 -1.2322998046875
-0.0181007385253906 -0.0078887939453125 -1.2724609375 0.146728515625
-0.00618219375610352 0.00813007354736328 -0.3465576171875 0.93841552734375
0.0190658569335938 -0.0217609405517578 0.36175537109375 0.67962646484375
0.00885200500488281 -0.006439208984375 0.56842041015625 0.0225830078125
-0.000408172607421875 -0.0142059326171875 0.358978271484375 -0.416717529296875
-0.0375099182128906 -0.0576133728027344 -0.336090087890625 0.392730712890625
0.03656005859375 -0.0334510803222656 -0.406219482421875 -0.071929931640625
0.0353660583496094 -0.0333786010742188 -0.12371826171875 -0.722412109375
0.0248451232910156 0.00485420227050781 0.65936279296875 -0.8739013671875
0.000402450561523438 0.0238780975341797 1.2816162109375 0.1947021484375
-0.0180702209472656 -0.0535774230957031 0.671630859375 1.37109375
0.0326328277587891 -0.0296363830566406 -0.2552490234375 1.1268310546875
0.0431442260742188 -0.0211944580078125 0.0335845947265625 0.074371337890625
0.0212936401367188 -0.0454864501953125 0.18548583984375 -1.1002197265625
0.011932373046875 -0.0548439025878906 -0.9072265625 -1.2305908203125
0.00484275817871094 -0.0190410614013672 -1.2744140625 0.1441650390625
0.0111322402954102 -0.0170259475708008 -0.35052490234375 0.93994140625
0.0307350158691406 -0.0409317016601562 0.35357666015625 0.682861328125
0.00199985504150391 -0.0122871398925781 0.5643310546875 0.02545166015625
-0.0110187530517578 -0.0178585052490234 0.35919189453125 -0.414886474609375
-0.050140380859375 -0.0641555786132813 -0.34014892578125 0.395050048828125
0.03118896484375 -0.0382766723632813 -0.421234130859375 -0.067230224609375
0.0459709167480469 -0.0518684387207031 -0.15081787109375 -0.71588134765625
0.0479774475097656 -0.0109977722167969 0.62969970703125 -0.8878173828125
0.0220565795898438 0.0195808410644531 1.2808837890625 0.1572265625
-0.0185585021972656 -0.0553932189941406 0.701171875 1.348388671875
0.0194435119628906 -0.0404243469238281 -0.2305908203125 1.1287841796875
0.0340347290039063 -0.0383758544921875 0.035888671875 0.0838241577148438
0.00926971435546876 -0.0538558959960938 0.2049560546875 -1.094970703125
0.0152664184570312 -0.0564498901367187 -0.88330078125 -1.255126953125
0.0252361297607422 -0.0293064117431641 -1.2845458984375 0.113037109375
0.0295181274414063 -0.0360794067382813 -0.38055419921875 0.933837890625
0.0425453186035156 -0.0578689575195313 0.3280029296875 0.6905517578125
-0.00386619567871094 -0.0191192626953125 0.5521240234375 0.03369140625
-0.0241794586181641 -0.0228157043457031 0.35650634765625 -0.413726806640625
-0.0589790344238281 -0.0692214965820312 -0.34698486328125 0.395355224609375
0.0251350402832031 -0.0421142578125 -0.44097900390625 -0.06109619140625
0.0501213073730469 -0.0653266906738281 -0.1844482421875 -0.708740234375
0.0628318786621094 -0.0243606567382813 0.589111328125 -0.903564453125
0.0388984680175781 0.0154495239257813 1.2767333984375 0.1141357421875
-0.0196380615234375 -0.0553321838378906 0.744140625 1.315185546875
0.00897979736328125 -0.0485725402832031 -0.197021484375 1.1328125
0.0264053344726563 -0.0500564575195313 0.0413665771484375 0.0969924926757813
-0.000217437744140623 -0.0606269836425781 0.24285888671875 -1.08740234375
0.0166397094726563 -0.0572929382324219 -0.83544921875 -1.2939453125
0.0418357849121094 -0.0328102111816406 -1.30078125 0.0649414062500001
0.0431137084960938 -0.050140380859375 -0.427490234375 0.9276123046875
0.04974365234375 -0.0706939697265625 0.2874755859375 0.6990966796875
-0.00725555419921875 -0.0249099731445313 0.53369140625 0.042816162109375
-0.0334701538085938 -0.027984619140625 0.35302734375 -0.411529541015625
-0.0632247924804687 -0.07220458984375 -0.35052490234375 0.4007568359375
0.0204010009765625 -0.0444412231445313 -0.464019775390625 -0.0540771484375001
0.0488395690917969 -0.0695724487304688 -0.22772216796875 -0.6978759765625
0.068939208984375 -0.0301055908203125 0.53961181640625 -0.92108154296875
0.0483169555664063 0.0125541687011719 1.27001953125 0.05859375
-0.0203819274902344 -0.056732177734375 0.7947998046875 1.271240234375
0.00133514404296875 -0.0526885986328125 -0.1513671875 1.1395263671875
0.0212059020996094 -0.0563011169433594 0.0506362915039062 0.110565185546875
-0.00546646118164063 -0.0641593933105469 0.28631591796875 -1.07989501953125
0.0181694030761719 -0.0574150085449219 -0.78369140625 -1.3380126953125
0.0496978759765625 -0.0334243774414063 -1.3165283203125 0.00756835937500002
0.0520591735839844 -0.0550308227539063 -0.48095703125 0.914306640625
0.0554733276367187 -0.0747604370117187 0.24407958984375 0.70709228515625
-0.00891685485839844 -0.0291175842285156 0.514251708984375 0.04766845703125
-0.039825439453125 -0.0322647094726562 0.347198486328125 -0.410125732421875
-0.0621261596679688 -0.0750579833984375 -0.3558349609375 0.408660888671875
0.0169906616210938 -0.0446853637695313 -0.483062744140625 -0.043426513671875
0.0408554077148437 -0.0684280395507813 -0.2686767578125 -0.68548583984375
0.0627365112304688 -0.0279731750488281 0.484130859375 -0.9388427734375
0.0478706359863281 0.0118370056152344 1.258056640625 -0.000488281249999999
-0.0217170715332031 -0.0552291870117187 0.8499755859375 1.22607421875
-0.000354766845703124 -0.05267333984375 -0.1021728515625 1.1439208984375
0.017791748046875 -0.0543556213378906 0.0601806640625 0.126167297363281
-0.00557327270507813 -0.0633888244628906 0.332275390625 -1.0703125
0.0184440612792969 -0.0568351745605469 -0.7242431640625 -1.383544921875
0.0496711730957031 -0.029632568359375 -1.3306884765625 -0.0551757812499997
0.0530548095703125 -0.0488357543945313 -0.53436279296875 0.89813232421875
0.0543899536132813 -0.0720672607421875 0.19793701171875 0.7152099609375
-0.00905799865722656 -0.0314998626708984 0.496368408203125 0.0545654296875
-0.0393600463867188 -0.0353240966796875 0.34259033203125 -0.407196044921875
-0.0566024780273438 -0.075714111328125 -0.35394287109375 0.41619873046875
0.0169906616210937 -0.0430107116699219 -0.49945068359375 -0.0352783203125
0.0305557250976563 -0.0575599670410156 -0.30462646484375 -0.67425537109375
0.0481986999511719 -0.0183906555175781 0.4425048828125 -0.94915771484375
0.0391731262207031 0.0148429870605469 1.246826171875 -0.04541015625
-0.0221481323242187 -0.0532035827636719 0.8936767578125 1.190673828125
0.0021820068359375 -0.0479469299316406 -0.0617675781250001 1.147705078125
0.0205726623535156 -0.0466842651367188 0.07098388671875 0.138847351074219
-0.0012054443359375 -0.0576438903808594 0.37908935546875 -1.061279296875
0.0178756713867187 -0.0551376342773438 -0.668212890625 -1.4202880859375
0.0406074523925781 -0.0244522094726562 -1.3353271484375 -0.106689453125
0.0426216125488281 -0.0370216369628906 -0.57958984375 0.88214111328125
0.0461082458496094 -0.0629615783691406 0.16119384765625 0.7186279296875
-0.00810623168945312 -0.0303153991699219 0.48095703125 0.058563232421875
-0.0362892150878906 -0.0362167358398437 0.3367919921875 -0.405609130859375
-0.0127525329589844 -0.0459709167480469 -0.3310546875 0.406341552734375
0.0418281555175781 -0.0251731872558594 -0.405364990234375 -0.0701904296875001
0.00344133377075195 0.00861310958862305 -0.12396240234375 -0.7286376953125
-0.0293731689453125 0.0425262451171875 0.665771484375 -0.88214111328125
-0.0463447570800781 0.0323486328125 1.292236328125 0.191162109375
-0.0176849365234375 -0.0511741638183594 0.6805419921875 1.3853759765625
0.0567626953125 -0.00616836547851563 -0.2503662109375 1.1378173828125
0.0605010986328125 0.0163040161132813 0.0405731201171875 0.0732040405273438
0.0474090576171875 -0.0224761962890625 0.20281982421875 -1.10992431640625
0.00919723510742188 -0.0502166748046875 -0.8961181640625 -1.2498779296875
-0.0395545959472656 0.0021514892578125 -1.2862548828125 0.134033203125
-0.0256614685058594 0.0306987762451172 -0.3619384765625 0.94268798828125
0.00645303726196289 -0.00306224822998047 0.35443115234375 0.6844482421875
0.0132160186767578 -0.00168132781982422 0.57049560546875 0.02532958984375
0.0136728286743164 -0.0104274749755859 0.363189697265625 -0.415374755859375
-0.0258827209472656 -0.0507240295410156 -0.332489013671875 0.40155029296875
0.0399894714355469 -0.0291824340820312 -0.40338134765625 -0.0737609863281249
0.0199203491210938 -0.0117244720458984 -0.11572265625 -0.72662353515625
-0.00262832641601563 0.0247936248779297 0.6761474609375 -0.8746337890625
-0.0242977142333984 0.0257186889648438 1.290771484375 0.205810546875
-0.0172882080078125 -0.0532798767089844 0.6605224609375 1.3935546875
0.0444755554199219 -0.0169792175292969 -0.265869140625 1.133056640625
0.0520896911621094 -0.00190353393554688 0.035003662109375 0.0720367431640625
0.0339889526367188 -0.0334453582763672 0.1861572265625 -1.10888671875
0.0105209350585938 -0.0522499084472656 -0.9102783203125 -1.2391357421875
-0.0185050964355469 -0.00819969177246094 -1.279541015625 0.147705078125
-0.00690984725952149 0.00725364685058594 -0.34747314453125 0.9423828125
0.0176124572753906 -0.0219211578369141 0.36236572265625 0.68060302734375
0.00913429260253906 -0.00722312927246094 0.57037353515625 0.0220947265625
-0.000667572021484375 -0.0136585235595703 0.36029052734375 -0.419036865234375
-0.0392379760742188 -0.0567207336425781 -0.33551025390625 0.39697265625
0.0346946716308594 -0.0339565277099609 -0.409515380859375 -0.0719909667968751
0.0352745056152344 -0.0329360961914063 -0.12554931640625 -0.72393798828125
0.0243797302246094 0.00455856323242187 0.66412353515625 -0.88018798828125
-1.14440917968761E-05 0.0229606628417969 1.291259765625 0.1915283203125
-0.0178070068359375 -0.0551338195800781 0.675048828125 1.37939453125
0.0317287445068359 -0.0296630859375 -0.2564697265625 1.1307373046875
0.0433998107910156 -0.0202369689941406 0.0340728759765625 0.0754547119140625
0.0203094482421875 -0.0443572998046875 0.18701171875 -1.104248046875
0.0132102966308594 -0.0546073913574219 -0.9105224609375 -1.2349853515625
0.00430488586425781 -0.0193767547607422 -1.2823486328125 0.14306640625
0.0123987197875977 -0.0167350769042969 -0.3516845703125 0.94427490234375
0.031158447265625 -0.0413665771484375 0.35638427734375 0.6854248046875
0.00223350524902344 -0.012141227722168 0.56640625 0.0252685546875
-0.0126152038574219 -0.0176162719726563 0.3604736328125 -0.418060302734375
-0.0515098571777344 -0.0625724792480469 -0.33880615234375 0.39752197265625
0.0300140380859375 -0.0393714904785156 -0.422210693359375 -0.0674743652343751
0.0466499328613281 -0.0520973205566406 -0.15362548828125 -0.71917724609375
0.0488777160644531 -0.0110206604003906 0.63043212890625 -0.89300537109375
0.0229740142822266 0.0189075469970703 1.2864990234375 0.1602783203125
-0.0196685791015625 -0.0564460754394531 0.70556640625 1.3558349609375
0.01959228515625 -0.0406417846679687 -0.2337646484375 1.1329345703125
0.0337066650390625 -0.0368537902832031 0.0360488891601563 0.0844039916992188
0.007659912109375 -0.0541839599609375 0.20550537109375 -1.09912109375
0.0148124694824219 -0.0566978454589844 -0.886962890625 -1.26220703125
0.0256919860839844 -0.027679443359375 -1.29150390625 0.115966796875
0.0298881530761719 -0.0367851257324219 -0.38385009765625 0.93963623046875
0.0415725708007812 -0.0590972900390625 0.32879638671875 0.6912841796875
-0.00365638732910156 -0.0186557769775391 0.555206298828125 0.03228759765625
-0.0255184173583984 -0.0224781036376953 0.357147216796875 -0.416778564453125
-0.0608024597167969 -0.0680198669433594 -0.346832275390625 0.3978271484375
0.024322509765625 -0.0431976318359375 -0.444091796875 -0.0628967285156249
0.050567626953125 -0.065582275390625 -0.18927001953125 -0.71124267578125
0.06365966796875 -0.0235939025878906 0.59051513671875 -0.9093017578125
0.0389747619628906 0.0146598815917969 1.2840576171875 0.11083984375
-0.0193939208984375 -0.0570106506347656 0.7501220703125 1.31982421875
0.00922775268554688 -0.0493011474609375 -0.1982421875 1.1387939453125
0.0256919860839844 -0.0491714477539063 0.0414581298828125 0.0972518920898438
-0.00156402587890625 -0.0609054565429688 0.2442626953125 -1.0927734375
0.0174293518066406 -0.0575065612792969 -0.8416748046875 -1.30078125
0.0421409606933594 -0.0331039428710938 -1.3094482421875 0.0648193359375
0.0447769165039063 -0.0504264831542969 -0.42791748046875 0.9315185546875
0.0493698120117188 -0.0708694458007813 0.28985595703125 0.70281982421875
-0.008026123046875 -0.0250625610351562 0.5355224609375 0.040283203125
-0.0348682403564453 -0.0272464752197266 0.35345458984375 -0.414642333984375
-0.0659103393554688 -0.0711669921875 -0.351043701171875 0.405029296875
0.0201492309570313 -0.0451545715332031 -0.465850830078125 -0.054656982421875
0.04852294921875 -0.0709304809570313 -0.22967529296875 -0.70037841796875
0.0686264038085938 -0.0294914245605469 0.53826904296875 -0.92437744140625
0.0487861633300781 0.0116958618164063 1.2772216796875 0.057861328125
-0.0206336975097656 -0.057830810546875 0.7994384765625 1.2786865234375
0.00139236450195312 -0.0523529052734375 -0.1536865234375 1.142822265625
0.0203971862792969 -0.0546722412109375 0.0501022338867188 0.111907958984375
-0.00644302368164062 -0.0639801025390625 0.2889404296875 -1.08355712890625
0.0176773071289063 -0.0577316284179688 -0.7862548828125 -1.345703125
0.0505867004394531 -0.0340156555175781 -1.3243408203125 0.00537109374999997
0.0530738830566406 -0.0557212829589844 -0.481201171875 0.91949462890625
0.0541458129882813 -0.0753631591796875 0.245361328125 0.7120361328125
-0.00876808166503907 -0.0297794342041016 0.515838623046875 0.048126220703125
-0.0412521362304688 -0.0318489074707031 0.34613037109375 -0.412567138671875
-0.0636825561523438 -0.0740280151367188 -0.354339599609375 0.412139892578125
0.0164260864257813 -0.0450706481933594 -0.48577880859375 -0.0445556640625
0.0412406921386719 -0.0684394836425781 -0.2728271484375 -0.68951416015625
0.0634002685546875 -0.0279426574707031 0.48297119140625 -0.94366455078125
0.0482673645019531 0.0111274719238281 1.2662353515625 -0.002685546875
-0.0213813781738281 -0.0562362670898438 0.85498046875 1.2322998046875
-0.00117874145507813 -0.0519943237304687 -0.1033935546875 1.150634765625
0.0173149108886719 -0.0523109436035156 0.0601577758789063 0.127464294433594
-0.00649261474609376 -0.0620002746582031 0.336669921875 -1.075927734375
0.0182113647460938 -0.0560150146484375 -0.7255859375 -1.3902587890625
0.0500373840332031 -0.0302886962890625 -1.3350830078125 -0.0538330078124999
0.0517616271972656 -0.0500411987304687 -0.5361328125 0.9024658203125
0.0541000366210938 -0.0737762451171875 0.19940185546875 0.7188720703125
-0.00909805297851563 -0.0315341949462891 0.498260498046875 0.05474853515625
-0.0416412353515625 -0.0343017578125 0.3441162109375 -0.409698486328125
-0.0582351684570312 -0.0743331909179688 -0.355865478515625 0.4195556640625
0.0156745910644531 -0.0434494018554688 -0.50140380859375 -0.036346435546875
0.0301513671875 -0.0577468872070313 -0.306884765625 -0.67767333984375
0.0495223999023438 -0.0174026489257813 0.44244384765625 -0.95477294921875
0.0392112731933594 0.0137176513671875 1.2557373046875 -0.0458984375
-0.0232124328613281 -0.0548896789550781 0.897216796875 1.197998046875
0.00139999389648437 -0.0484161376953125 -0.0637207031250001 1.1522216796875
0.0191688537597656 -0.0452156066894531 0.0704345703125 0.140205383300781
-0.00161361694335937 -0.0564994812011719 0.383056640625 -1.0654296875
0.0182342529296875 -0.0553398132324219 -0.6700439453125 -1.428466796875
0.040008544921875 -0.0241279602050781 -1.34130859375 -0.11083984375
0.0427627563476563 -0.0369110107421875 -0.5823974609375 0.88677978515625
0.0462875366210938 -0.0640373229980469 0.16082763671875 0.72210693359375
-0.00848007202148438 -0.0302391052246094 0.482147216796875 0.057159423828125
-0.0373039245605469 -0.0342216491699219 0.337677001953125 -0.4083251953125
-0.0139122009277344 -0.0444869995117188 -0.32879638671875 0.40966796875
0.0408821105957031 -0.0266036987304687 -0.40594482421875 -0.0699462890624999
0.00340557098388672 0.00817203521728516 -0.12701416015625 -0.73297119140625
-0.0304756164550781 0.0438346862792969 0.66815185546875 -0.88916015625
-0.0461845397949219 0.0321235656738281 1.3026123046875 0.1927490234375
-0.0178108215332031 -0.052520751953125 0.6905517578125 1.3935546875
0.056640625 -0.00666427612304688 -0.2508544921875 1.144287109375
0.0598526000976562 0.01800537109375 0.0410308837890625 0.0739593505859375
0.0473480224609375 -0.0214042663574219 0.2039794921875 -1.11468505859375
0.00891494750976562 -0.0502281188964844 -0.90625 -1.25830078125
-0.0394859313964844 0.00303268432617187 -1.294921875 0.134765625
-0.0259017944335937 0.0307941436767578 -0.36334228515625 0.94561767578125
0.00570154190063476 -0.00334310531616211 0.3570556640625 0.6888427734375
0.0124835968017578 -0.00230216979980469 0.57275390625 0.0211181640625
0.0121021270751953 -0.0106830596923828 0.36260986328125 -0.418914794921875
-0.0285453796386719 -0.0489768981933594 -0.3316650390625 0.40411376953125
0.03924560546875 -0.03045654296875 -0.404510498046875 -0.0726928710937499
0.0191688537597656 -0.01153564453125 -0.1197509765625 -0.73126220703125
-0.00294685363769531 0.0255489349365234 0.6783447265625 -0.87841796875
-0.0239925384521484 0.0256233215332031 1.296630859375 0.2052001953125
-0.0173492431640625 -0.0555305480957031 0.6689453125 1.4000244140625
0.0447654724121094 -0.0170135498046875 -0.26416015625 1.140380859375
0.0522689819335938 0.00034332275390625 0.0350723266601563 0.0720138549804688
0.0333480834960938 -0.032745361328125 0.18756103515625 -1.11456298828125
0.0108642578125 -0.0526199340820313 -0.917236328125 -1.243896484375
-0.0189800262451172 -0.00869560241699219 -1.285888671875 0.1484375
-0.00690460205078125 0.00706148147583008 -0.34844970703125 0.947509765625
0.0179309844970703 -0.0226879119873047 0.36688232421875 0.6849365234375
0.00859403610229492 -0.00679159164428711 0.57373046875 0.01837158203125
-0.00138092041015625 -0.0124969482421875 0.3603515625 -0.42242431640625
-0.0405426025390625 -0.0543670654296875 -0.334503173828125 0.402435302734375
0.0352249145507813 -0.0341911315917969 -0.410919189453125 -0.0716552734375001
0.0348739624023438 -0.033172607421875 -0.128662109375 -0.72772216796875
0.0251979827880859 0.00665473937988281 0.66534423828125 -0.887451171875
-5.34057617187477E-05 0.0222263336181641 1.298095703125 0.1900634765625
-0.018463134765625 -0.0557785034179688 0.6846923828125 1.3853759765625
0.0328006744384766 -0.0297584533691406 -0.25634765625 1.13818359375
0.0425605773925781 -0.02020263671875 0.0327377319335937 0.0759735107421875
0.0199241638183594 -0.0436897277832031 0.187744140625 -1.1104736328125
0.0124855041503906 -0.05584716796875 -0.917236328125 -1.24560546875
0.00447845458984375 -0.0197277069091797 -1.290771484375 0.146728515625
0.0115203857421875 -0.0174598693847656 -0.3526611328125 0.94873046875
0.0304641723632813 -0.0419235229492188 0.3599853515625 0.687255859375
0.00193691253662109 -0.0125951766967773 0.56842041015625 0.022216796875
-0.0135478973388672 -0.0167007446289062 0.361083984375 -0.42254638671875
-0.053436279296875 -0.06024169921875 -0.338897705078125 0.401702880859375
0.0288314819335937 -0.0399589538574219 -0.426116943359375 -0.0673828125
0.0463104248046875 -0.0521774291992188 -0.15740966796875 -0.72247314453125
0.0491142272949219 -0.0096893310546875 0.63092041015625 -0.89813232421875
0.0222911834716797 0.018463134765625 1.2972412109375 0.1563720703125
-0.0193710327148437 -0.0577507019042969 0.7135009765625 1.3609619140625
0.0192413330078125 -0.04083251953125 -0.2318115234375 1.1390380859375
0.0337600708007813 -0.0363616943359375 0.0354080200195312 0.085174560546875
0.00750732421875001 -0.0535545349121094 0.2060546875 -1.10498046875
0.0139694213867188 -0.0572319030761719 -0.8931884765625 -1.2698974609375
0.0259857177734375 -0.0290603637695313 -1.30078125 0.1158447265625
0.0291748046875 -0.0375328063964844 -0.38397216796875 0.946533203125
0.0413970947265625 -0.0600051879882812 0.3310546875 0.696044921875
-0.00367355346679687 -0.019775390625 0.5572509765625 0.029205322265625
-0.0267734527587891 -0.0207099914550781 0.3572998046875 -0.419525146484375
-0.0618324279785156 -0.0660247802734375 -0.345550537109375 0.402069091796875
0.0241966247558594 -0.0441932678222656 -0.446441650390625 -0.06298828125
0.0516166687011719 -0.0660514831542969 -0.19244384765625 -0.7159423828125
0.0642929077148438 -0.0229339599609375 0.59136962890625 -0.91754150390625
0.0398674011230469 0.0135879516601562 1.2945556640625 0.110107421875
-0.0202217102050781 -0.0582160949707031 0.75634765625 1.32861328125
0.0085601806640625 -0.0483589172363281 -0.1978759765625 1.146484375
0.0255241394042969 -0.0479087829589844 0.0409622192382813 0.0980148315429688
-0.00167465209960938 -0.0608787536621094 0.24456787109375 -1.0980224609375
0.0166206359863281 -0.0583343505859375 -0.852294921875 -1.30908203125
0.0420913696289062 -0.0343132019042969 -1.31884765625 0.0673828125
0.0432853698730469 -0.0509796142578125 -0.42950439453125 0.93768310546875
0.0498275756835938 -0.0718612670898438 0.29278564453125 0.705322265625
-0.00810623168945313 -0.0252532958984375 0.5384521484375 0.039093017578125
-0.0367431640625 -0.0268783569335937 0.3541259765625 -0.417266845703125
-0.0666694641113281 -0.0695075988769531 -0.35089111328125 0.4088134765625
0.0192413330078125 -0.0459861755371094 -0.467437744140625 -0.05340576171875
0.0479049682617188 -0.071624755859375 -0.2337646484375 -0.704345703125
0.0686492919921875 -0.029510498046875 0.53924560546875 -0.93267822265625
0.048248291015625 0.0107841491699219 1.2857666015625 0.0546875
-0.0212326049804687 -0.05914306640625 0.8101806640625 1.2850341796875
0.00116348266601563 -0.0525436401367188 -0.1527099609375 1.151611328125
0.02020263671875 -0.0540275573730469 0.0498580932617188 0.112281799316406
-0.0080108642578125 -0.0628890991210938 0.29107666015625 -1.08892822265625
0.017120361328125 -0.0580787658691406 -0.7950439453125 -1.352294921875
0.0504188537597656 -0.0348777770996094 -1.330810546875 0.00805664062499996
0.0525245666503906 -0.0555686950683594 -0.48455810546875 0.92498779296875
0.0545120239257813 -0.0766448974609375 0.24749755859375 0.71551513671875
-0.00997543334960937 -0.0299949645996094 0.5181884765625 0.045318603515625
-0.04229736328125 -0.031036376953125 0.347320556640625 -0.416259765625
-0.0657272338867188 -0.0714874267578125 -0.35333251953125 0.415618896484375
0.0148849487304688 -0.047271728515625 -0.487518310546875 -0.04302978515625
0.0410614013671875 -0.0697517395019531 -0.276123046875 -0.69317626953125
0.063018798828125 -0.0278091430664062 0.48370361328125 -0.9498291015625
0.0478324890136719 0.00968170166015625 1.2752685546875 -0.0042724609375
-0.0219078063964844 -0.0580635070800781 0.8656005859375 1.2437744140625
-0.00128555297851563 -0.0523757934570313 -0.1004638671875 1.15625
0.0169486999511719 -0.0518646240234375 0.0596923828125 0.127883911132813
-0.00715255737304687 -0.0615043640136719 0.3358154296875 -1.08123779296875
0.0174369812011719 -0.0573387145996094 -0.735107421875 -1.3958740234375
0.0505714416503906 -0.0307273864746094 -1.3447265625 -0.0538330078125
0.0528411865234375 -0.050262451171875 -0.53765869140625 0.90911865234375
0.0536651611328125 -0.0741348266601563 0.2021484375 0.7230224609375
-0.0103321075439453 -0.0315113067626953 0.5 0.051971435546875
-0.0426216125488281 -0.033721923828125 0.345001220703125 -0.412628173828125
-0.0598678588867188 -0.0727920532226563 -0.35369873046875 0.423736572265625
0.0153312683105469 -0.0453224182128906 -0.503936767578125 -0.03399658203125
0.0309715270996094 -0.0585212707519531 -0.31195068359375 -0.6817626953125
0.0494766235351562 -0.0161781311035156 0.44244384765625 -0.96063232421875
0.0398178100585938 0.01361083984375 1.26416015625 -0.04931640625
-0.0233078002929687 -0.0561599731445313 0.90625 1.201171875
0.00145339965820312 -0.0476455688476563 -0.0623779296874999 1.1591796875
0.0188102722167969 -0.0429229736328125 0.070037841796875 0.140838623046875
-0.00339126586914062 -0.0558853149414063 0.38470458984375 -1.06988525390625
0.0178184509277344 -0.0562858581542969 -0.6761474609375 -1.4356689453125
0.0394439697265625 -0.0254325866699219 -1.3524169921875 -0.1107177734375
0.044189453125 -0.0368995666503906 -0.5841064453125 0.89324951171875
0.0446701049804688 -0.0636863708496094 0.1649169921875 0.7252197265625
-0.00859451293945313 -0.0307826995849609 0.483978271484375 0.0546875
-0.0384712219238281 -0.0347137451171875 0.338226318359375 -0.412139892578125
-0.015472412109375 -0.0420875549316406 -0.328582763671875 0.413330078125
0.0409126281738281 -0.0269584655761719 -0.40960693359375 -0.06964111328125
0.0035853385925293 0.00872325897216797 -0.13238525390625 -0.73883056640625
-0.029693603515625 0.0453605651855469 0.66851806640625 -0.89996337890625
-0.0462112426757813 0.0312995910644531 1.312255859375 0.1865234375
-0.0177383422851563 -0.0538406372070313 0.6973876953125 1.4051513671875
0.0562210083007813 -0.00574111938476563 -0.2491455078125 1.1505126953125
0.0603752136230469 0.0191612243652344 0.0402679443359375 0.07421875
0.0468711853027344 -0.0224494934082031 0.2030029296875 -1.123291015625
0.00929260253906249 -0.0508041381835938 -0.913818359375 -1.263916015625
-0.0404586791992188 0.002899169921875 -1.304443359375 0.1395263671875
-0.0257186889648438 0.0313949584960938 -0.36260986328125 0.9578857421875
0.00525712966918945 -0.00363922119140625 0.36285400390625 0.69183349609375
0.0120229721069336 -0.00278282165527344 0.5755615234375 0.0181884765625
0.0106496810913086 -0.00959014892578125 0.362762451171875 -0.422821044921875
-0.029388427734375 -0.04736328125 -0.330780029296875 0.409515380859375
0.0388641357421875 -0.0309867858886719 -0.407958984375 -0.072235107421875
0.0198326110839844 -0.0112991333007813 -0.12152099609375 -0.73577880859375
-0.00242233276367188 0.0270137786865234 0.67755126953125 -0.8902587890625
-0.0235557556152344 0.0262546539306641 1.3089599609375 0.200439453125
-0.0173377990722656 -0.0563430786132813 0.6776123046875 1.4093017578125
0.0456123352050781 -0.0161972045898437 -0.2652587890625 1.1484375
0.0521926879882813 0.0009918212890625 0.0349960327148438 0.0716476440429688
0.0336093902587891 -0.0329113006591797 0.18792724609375 -1.12054443359375
0.0110015869140625 -0.0530357360839844 -0.9266357421875 -1.25146484375
-0.018707275390625 -0.00896835327148437 -1.2979736328125 0.1534423828125
-0.00684309005737305 0.00704622268676758 -0.35107421875 0.95672607421875
0.0173873901367188 -0.0227394104003906 0.36968994140625 0.688720703125
0.00771045684814453 -0.00775575637817383 0.577392578125 0.01611328125
-0.002685546875 -0.0126161575317383 0.36090087890625 -0.429229736328125
-0.0423431396484375 -0.0524673461914063 -0.333282470703125 0.406768798828125
0.0338592529296875 -0.0353813171386719 -0.413421630859375 -0.0723876953125
0.03546142578125 -0.0339851379394531 -0.13238525390625 -0.73272705078125
0.0251808166503906 0.00774574279785156 0.66473388671875 -0.89788818359375
0.001068115234375 0.0219440460205078 1.3106689453125 0.18701171875
-0.018890380859375 -0.0578498840332031 0.69482421875 1.395751953125
0.0321483612060547 -0.0291099548339844 -0.2547607421875 1.1463623046875
0.0416755676269531 -0.018707275390625 0.032806396484375 0.0763015747070313
0.0192031860351562 -0.0440521240234375 0.18463134765625 -1.1177978515625
0.0130996704101562 -0.0564918518066406 -0.92724609375 -1.2506103515625
0.00394248962402344 -0.0194377899169922 -1.301513671875 0.1507568359375
0.0124893188476563 -0.0177001953125 -0.35406494140625 0.95806884765625
0.0293693542480469 -0.0428199768066406 0.36260986328125 0.692138671875
0.0014801025390625 -0.0134067535400391 0.572265625 0.02069091796875
-0.0155801773071289 -0.0164089202880859 0.360595703125 -0.426025390625
-0.0548477172851563 -0.0587539672851563 -0.338623046875 0.40679931640625
0.028228759765625 -0.0409736633300781 -0.428070068359375 -0.0673828125
0.0462150573730469 -0.0527839660644531 -0.1612548828125 -0.72808837890625
0.0493698120117188 -0.00936126708984375 0.63330078125 -0.90826416015625
0.0231609344482422 0.0175361633300781 1.30908203125 0.1531982421875
-0.0189628601074219 -0.0588493347167969 0.7249755859375 1.371826171875
0.0202445983886719 -0.0407905578613281 -0.2303466796875 1.14794921875
0.0331439971923828 -0.0347690582275391 0.0347671508789063 0.085784912109375
0.0074615478515625 -0.0534858703613281 0.2064208984375 -1.11212158203125
0.0148658752441406 -0.0579605102539063 -0.904541015625 -1.2747802734375
0.0259056091308594 -0.029296875 -1.3123779296875 0.1197509765625
0.029541015625 -0.0384292602539063 -0.384521484375 0.95233154296875
0.0406112670898437 -0.0602035522460937 0.33642578125 0.698974609375
-0.0045928955078125 -0.0192527770996094 0.55889892578125 0.027496337890625
-0.0278110504150391 -0.0205554962158203 0.35845947265625 -0.42535400390625
-0.0636940002441406 -0.0638046264648437 -0.34625244140625 0.408294677734375
0.0230293273925781 -0.0444259643554687 -0.448638916015625 -0.061553955078125
0.0509109497070313 -0.0667610168457031 -0.19561767578125 -0.719970703125
0.0647544860839844 -0.0222129821777344 0.59271240234375 -0.9239501953125
0.0398216247558594 0.0131683349609375 1.30322265625 0.108154296875
-0.0204734802246094 -0.0599250793457031 0.7694091796875 1.335693359375
0.0079345703125 -0.0486030578613281 -0.1953125 1.1539306640625
0.024444580078125 -0.0471076965332031 0.0407028198242188 0.0986785888671875
-0.00249099731445313 -0.060302734375 0.24627685546875 -1.107666015625
0.0162315368652344 -0.0591316223144531 -0.86181640625 -1.3140869140625
0.041961669921875 -0.0353813171386719 -1.3272705078125 0.0683593749999997
0.0437545776367188 -0.0516738891601563 -0.431884765625 0.9451904296875
0.0489730834960938 -0.0727081298828125 0.29833984375 0.70953369140625
-0.00866508483886719 -0.0245780944824219 0.541046142578125 0.03717041015625
-0.037261962890625 -0.0259742736816406 0.35455322265625 -0.423004150390625
-0.0688400268554688 -0.0675773620605469 -0.3505859375 0.414215087890625
0.0184783935546875 -0.0476646423339844 -0.471466064453125 -0.053680419921875
0.049468994140625 -0.07220458984375 -0.23822021484375 -0.7098388671875
0.0691947937011719 -0.0289535522460937 0.5399169921875 -0.94158935546875
0.0487594604492188 0.00921249389648438 1.29541015625 0.05078125
-0.0214347839355469 -0.0603561401367188 0.8228759765625 1.292724609375
0.000358581542968746 -0.0525436401367188 -0.1505126953125 1.1591796875
0.019683837890625 -0.0529403686523438 0.04876708984375 0.114097595214844
-0.00865554809570312 -0.0626945495605469 0.2913818359375 -1.0985107421875
0.0171051025390625 -0.0585212707519531 -0.8011474609375 -1.3609619140625
0.0506744384765625 -0.0345382690429688 -1.342041015625 0.011962890625
0.0522880554199219 -0.0565109252929688 -0.48541259765625 0.931640625
0.0545425415039063 -0.0779266357421875 0.25286865234375 0.71856689453125
-0.0103912353515625 -0.0299453735351563 0.5208740234375 0.043121337890625
-0.04376220703125 -0.0302810668945313 0.34771728515625 -0.420684814453125
-0.0668869018554687 -0.07000732421875 -0.35308837890625 0.420928955078125
0.014556884765625 -0.0471343994140625 -0.49249267578125 -0.0429077148437499
0.0415534973144531 -0.0701255798339844 -0.2808837890625 -0.69622802734375
0.0639915466308594 -0.0267105102539063 0.48529052734375 -0.95965576171875
0.0489883422851563 0.00940322875976563 1.284912109375 -0.009521484375
-0.0225906372070312 -0.06011962890625 0.8741455078125 1.247802734375
-0.00156402587890625 -0.0524063110351563 -0.0998535156249999 1.1661376953125
0.0166511535644531 -0.0503921508789062 0.0601577758789063 0.127685546875
-0.00797653198242188 -0.0611648559570313 0.33697509765625 -1.087646484375
0.0176811218261719 -0.0583267211914062 -0.7427978515625 -1.404541015625
0.0507736206054688 -0.0309600830078125 -1.3565673828125 -0.0543212890625001
0.0525054931640625 -0.0517158508300781 -0.53961181640625 0.91693115234375
0.0529937744140625 -0.0751419067382813 0.205078125 0.72637939453125
-0.0109653472900391 -0.0319576263427734 0.50347900390625 0.050628662109375
-0.0434646606445312 -0.0337486267089844 0.3447265625 -0.418304443359375
-0.0612030029296875 -0.07147216796875 -0.352996826171875 0.428802490234375
0.0146636962890625 -0.0462570190429687 -0.506378173828125 -0.0342407226562501
0.0306587219238281 -0.0591850280761719 -0.31689453125 -0.68499755859375
0.0501022338867188 -0.0159797668457031 0.4403076171875 -0.97003173828125
0.0403594970703125 0.0124740600585937 1.2742919921875 -0.0582275390625
-0.0238838195800781 -0.0580863952636719 0.9193115234375 1.210205078125
0.00121307373046875 -0.0476837158203125 -0.0583496093749999 1.16552734375
0.01806640625 -0.0421295166015625 0.0703125 0.141632080078125
-0.00329971313476562 -0.0557975769042969 0.38580322265625 -1.08111572265625
0.0177688598632812 -0.0569305419921875 -0.684326171875 -1.4432373046875
0.0399627685546875 -0.0258636474609375 -1.361572265625 -0.1085205078125
0.0423583984375 -0.0374069213867187 -0.5867919921875 0.9000244140625
0.0450401306152344 -0.0653572082519531 0.1673583984375 0.73089599609375
-0.00937652587890624 -0.0308418273925781 0.487335205078125 0.053375244140625
-0.0388412475585938 -0.0342025756835938 0.33831787109375 -0.41619873046875
-0.0166778564453125 -0.0404777526855469 -0.32635498046875 0.42041015625
0.038604736328125 -0.0277328491210938 -0.4130859375 -0.0671691894531249
0.00309276580810547 0.00861454010009766 -0.1365966796875 -0.74176025390625
-0.0298652648925781 0.0471611022949219 0.6666259765625 -0.9100341796875
-0.0471115112304688 0.0311050415039062 1.3248291015625 0.179931640625
-0.0178756713867188 -0.0546493530273438 0.7100830078125 1.4097900390625
0.0574684143066406 -0.00629806518554688 -0.2442626953125 1.160400390625
0.0603485107421875 0.0204124450683594 0.0401992797851563 0.0747222900390625
0.0472679138183594 -0.0213737487792969 0.199951171875 -1.131591796875
0.00976943969726563 -0.05084228515625 -0.9268798828125 -1.268310546875
-0.0405311584472656 0.00246429443359375 -1.3135986328125 0.14404296875
-0.0259990692138672 0.0319309234619141 -0.36309814453125 0.96282958984375
0.00461339950561523 -0.0037541389465332 0.36822509765625 0.6934814453125
0.0117063522338867 -0.00224781036376953 0.57977294921875 0.01446533203125
0.00923442840576172 -0.00923347473144531 0.36212158203125 -0.427947998046875
-0.0302658081054687 -0.0457687377929688 -0.32891845703125 0.41436767578125
0.0373687744140625 -0.0323638916015625 -0.41119384765625 -0.0699768066406249
0.0194072723388672 -0.01190185546875 -0.12799072265625 -0.740966796875
-0.00283432006835938 0.0270843505859375 0.678955078125 -0.89874267578125
-0.0229568481445313 0.0260086059570313 1.321044921875 0.195068359375
-0.0178298950195312 -0.0575981140136719 0.69189453125 1.416259765625
0.0456199645996094 -0.0177040100097656 -0.26171875 1.1551513671875
0.0531234741210938 0.00262451171875 0.034637451171875 0.0734634399414063
0.0337543487548828 -0.0319938659667969 0.1846923828125 -1.13037109375
0.00995254516601563 -0.0542945861816406 -0.9395751953125 -1.25634765625
-0.0188274383544922 -0.00851821899414063 -1.3095703125 0.1593017578125
-0.00754976272583008 0.00727462768554688 -0.3472900390625 0.9635009765625
0.01727294921875 -0.0235004425048828 0.3779296875 0.69140625
0.00645685195922852 -0.00756597518920899 0.57977294921875 0.0125732421875
-0.0036020278930664 -0.0116720199584961 0.360107421875 -0.43359375
-0.0446243286132813 -0.050750732421875 -0.3328857421875 0.4136962890625
0.0327987670898438 -0.0366172790527344 -0.41741943359375 -0.070892333984375
0.0350780487060547 -0.0343894958496094 -0.13775634765625 -0.73797607421875
0.0257148742675781 0.00786781311035156 0.66455078125 -0.9058837890625
0.0013580322265625 0.0212116241455078 1.322509765625 0.1795654296875
-0.018798828125 -0.0596466064453125 0.707763671875 1.404052734375
0.0323200225830078 -0.0299358367919922 -0.2509765625 1.15625
0.042083740234375 -0.0168380737304688 0.0318069458007813 0.0771484375
0.0190505981445313 -0.0426483154296875 0.180908203125 -1.1270751953125
0.0120849609375 -0.0566673278808594 -0.940673828125 -1.253173828125
0.00444602966308594 -0.0207767486572266 -1.3121337890625 0.1572265625
0.0123767852783203 -0.0180168151855469 -0.349609375 0.96563720703125
0.0295028686523438 -0.0433540344238281 0.3699951171875 0.6937255859375
0.00127887725830078 -0.0132169723510742 0.574951171875 0.0166015625
-0.0167732238769531 -0.0149106979370117 0.360626220703125 -0.432037353515625
-0.0557327270507813 -0.0569190979003906 -0.33746337890625 0.41302490234375
0.0274009704589844 -0.04132080078125 -0.431060791015625 -0.065032958984375
0.0461959838867188 -0.0537986755371094 -0.16534423828125 -0.73211669921875
0.0503578186035156 -0.00937652587890625 0.6326904296875 -0.91851806640625
0.0232715606689453 0.0169525146484375 1.318359375 0.1470947265625
-0.0193824768066406 -0.0610618591308594 0.73974609375 1.378173828125
0.01849365234375 -0.040679931640625 -0.2281494140625 1.1583251953125
0.0330638885498047 -0.0335235595703125 0.0345611572265625 0.0862274169921875
0.00624847412109375 -0.0521926879882813 0.20391845703125 -1.12176513671875
0.0138053894042969 -0.0583572387695313 -0.91552734375 -1.2772216796875
0.0257015228271484 -0.0305023193359375 -1.3214111328125 0.126220703125
0.0295066833496094 -0.0391998291015625 -0.38275146484375 0.96209716796875
0.0399856567382812 -0.0618782043457031 0.34307861328125 0.7017822265625
-0.00464248657226563 -0.0200405120849609 0.56298828125 0.02239990234375
-0.0295543670654297 -0.0203285217285156 0.358428955078125 -0.4310302734375
-0.0653419494628906 -0.0624732971191406 -0.343841552734375 0.413818359375
0.0216102600097656 -0.0449447631835938 -0.452117919921875 -0.0594482421875
0.0503158569335937 -0.0680809020996094 -0.202880859375 -0.72491455078125
0.0654296875 -0.0227012634277344 0.58953857421875 -0.9376220703125
0.0407142639160156 0.0119094848632813 1.316162109375 0.0999755859375
-0.0211677551269531 -0.062164306640625 0.7830810546875 1.342529296875
0.00804901123046875 -0.0484771728515625 -0.1932373046875 1.162841796875
0.0242233276367187 -0.0455818176269531 0.0415420532226563 0.0994949340820313
-0.0033416748046875 -0.0594139099121094 0.2420654296875 -1.114013671875
0.0158195495605469 -0.0603065490722656 -0.8724365234375 -1.3203125
0.0421600341796875 -0.0356903076171875 -1.338134765625 0.0759277343749999
0.0447349548339844 -0.0523605346679687 -0.43017578125 0.95269775390625
0.0489501953125 -0.074066162109375 0.30377197265625 0.71466064453125
-0.00944137573242188 -0.0259819030761719 0.54364013671875 0.033233642578125
-0.0389480590820313 -0.0254478454589844 0.35284423828125 -0.427734375
-0.0708236694335938 -0.0663070678710938 -0.347747802734375 0.420440673828125
0.0175590515136719 -0.04766845703125 -0.475311279296875 -0.0517578124999999
0.049163818359375 -0.0737838745117187 -0.2449951171875 -0.7132568359375
0.0698204040527344 -0.0283699035644531 0.5372314453125 -0.9512939453125
0.0492935180664063 0.00859832763671875 1.30712890625 0.044189453125
-0.0228157043457031 -0.0618362426757812 0.8328857421875 1.2979736328125
4.57763671874942E-05 -0.0530776977539063 -0.145263671875 1.1669921875
0.0187110900878906 -0.0520133972167969 0.0502243041992188 0.114494323730469
-0.00999832153320313 -0.0624771118164063 0.28887939453125 -1.10760498046875
0.0162391662597656 -0.0595588684082031 -0.8138427734375 -1.36669921875
0.0508460998535156 -0.03643798828125 -1.35400390625 0.0162353515625001
0.0531234741210938 -0.0579757690429688 -0.4853515625 0.93988037109375
0.053436279296875 -0.0790481567382813 0.25750732421875 0.72271728515625
-0.0106487274169922 -0.0305385589599609 0.523834228515625 0.040130615234375
-0.045257568359375 -0.0299720764160156 0.346527099609375 -0.42706298828125
-0.0689201354980469 -0.0684928894042969 -0.3509521484375 0.426239013671875
0.0146560668945312 -0.0482063293457031 -0.494415283203125 -0.039947509765625
0.040802001953125 -0.0706710815429687 -0.28759765625 -0.7003173828125
0.0642852783203125 -0.0263481140136719 0.4808349609375 -0.97021484375
0.0499916076660156 0.00795364379882813 1.296630859375 -0.01611328125
-0.0243453979492188 -0.0611457824707031 0.8892822265625 1.2523193359375
-0.00188827514648437 -0.0525703430175781 -0.0938720703125 1.1722412109375
0.016448974609375 -0.0495719909667969 0.0603561401367188 0.130157470703125
-0.0102005004882813 -0.060546875 0.33551025390625 -1.09881591796875
0.0168685913085938 -0.0581855773925781 -0.7528076171875 -1.412841796875
0.0507278442382812 -0.0325088500976563 -1.366943359375 -0.0467529296875002
0.0525283813476562 -0.0517158508300781 -0.5399169921875 0.9248046875
0.0520172119140625 -0.0764007568359375 0.21014404296875 0.7305908203125
-0.0110111236572266 -0.0322494506835938 0.504119873046875 0.047088623046875
-0.0454864501953125 -0.0317649841308594 0.343597412109375 -0.423492431640625
-0.0624122619628906 -0.0694198608398438 -0.351043701171875 0.433258056640625
0.0140342712402344 -0.0471038818359375 -0.510498046875 -0.0312194824218751
0.0307807922363281 -0.05987548828125 -0.3221435546875 -0.6885986328125
0.0499534606933594 -0.01513671875 0.43890380859375 -0.9810791015625
0.0402069091796875 0.0119819641113281 1.2857666015625 -0.0634765625
-0.0245323181152344 -0.0593338012695313 0.9332275390625 1.2137451171875
0.000205993652343751 -0.048431396484375 -0.0554199218749999 1.17626953125
0.0181045532226562 -0.0411872863769531 0.0719146728515625 0.142929077148438
-0.00517654418945312 -0.0558853149414063 0.38397216796875 -1.08984375
0.0173492431640625 -0.0575790405273438 -0.69677734375 -1.4508056640625
0.039947509765625 -0.0259552001953125 -1.37451171875 -0.1029052734375
0.04345703125 -0.0381698608398438 -0.58770751953125 0.90972900390625
0.0441856384277344 -0.0654563903808594 0.17108154296875 0.73486328125
-0.0099945068359375 -0.0311279296875 0.4892578125 0.051300048828125
-0.0418891906738281 -0.0332908630371094 0.33905029296875 -0.422760009765625
-0.0176048278808594 -0.0384979248046875 -0.32550048828125 0.425537109375
0.0379447937011719 -0.0287551879882813 -0.4151611328125 -0.0650329589843749
0.00313758850097656 0.00945949554443359 -0.1422119140625 -0.74664306640625
-0.0305976867675781 0.0487861633300781 0.66693115234375 -0.9212646484375
-0.0461921691894531 0.0314102172851563 1.3385009765625 0.1719970703125
-0.0187835693359375 -0.056884765625 0.7276611328125 1.4168701171875
0.0581092834472656 -0.00556182861328125 -0.2401123046875 1.169677734375
0.0611648559570312 0.0224990844726562 0.03985595703125 0.0759735107421875
0.0467681884765625 -0.0216712951660156 0.1923828125 -1.1400146484375
0.00854492187499999 -0.0512504577636719 -0.943603515625 -1.27099609375
-0.0417823791503906 0.00336456298828124 -1.3238525390625 0.1527099609375
-0.0257377624511719 0.0326328277587891 -0.3582763671875 0.97265625
0.00443935394287109 -0.00402164459228516 0.37481689453125 0.6951904296875
0.0114669799804688 -0.00242805480957031 0.5819091796875 0.00921630859375
0.00898170471191406 -0.00837039947509766 0.36065673828125 -0.434234619140625
-0.0322380065917969 -0.0433158874511719 -0.328033447265625 0.422088623046875
0.0358695983886719 -0.032745361328125 -0.413818359375 -0.068695068359375
0.0191249847412109 -0.0119037628173828 -0.13323974609375 -0.745361328125
-0.00215530395507812 0.0288658142089844 0.6737060546875 -0.91131591796875
-0.0231056213378906 0.0250835418701172 1.3326416015625 0.1866455078125
-0.0186653137207031 -0.0588760375976563 0.7060546875 1.42529296875
0.0457496643066406 -0.0166130065917969 -0.2559814453125 1.1678466796875
0.0530433654785156 0.00348663330078125 0.034149169921875 0.0741729736328125
0.0336856842041016 -0.03173828125 0.1817626953125 -1.140380859375
0.0094146728515625 -0.0542221069335937 -0.956298828125 -1.2591552734375
-0.0199661254882813 -0.00837898254394531 -1.3194580078125 0.168212890625
-0.00733375549316406 0.00705337524414062 -0.3448486328125 0.97357177734375
0.0166950225830078 -0.0239429473876953 0.38433837890625 0.69189453125
0.00749731063842773 -0.00779390335083008 0.58367919921875 0.00811767578125
-0.00603103637695312 -0.0102357864379883 0.359100341796875 -0.438873291015625
-0.0450096130371094 -0.0480690002441406 -0.330718994140625 0.419219970703125
0.032073974609375 -0.0372657775878906 -0.420562744140625 -0.0679931640625001
0.035186767578125 -0.035064697265625 -0.146240234375 -0.7442626953125
0.0270061492919922 0.00882339477539063 0.6617431640625 -0.91937255859375
0.001190185546875 0.0206470489501953 1.334228515625 0.1715087890625
-0.0202178955078125 -0.0613861083984375 0.7227783203125 1.410888671875
0.0320644378662109 -0.0299110412597656 -0.24853515625 1.1641845703125
0.04339599609375 -0.0164260864257813 0.0319137573242187 0.0769729614257813
0.0178756713867188 -0.04351806640625 0.17822265625 -1.1365966796875
0.0112724304199219 -0.057373046875 -0.956298828125 -1.2564697265625
0.00390434265136719 -0.0209217071533203 -1.322265625 0.16455078125
0.0120792388916016 -0.0181350708007813 -0.3472900390625 0.97607421875
0.0288734436035156 -0.0449295043945313 0.3765869140625 0.69598388671875
0.00108623504638672 -0.0141935348510742 0.57843017578125 0.010986328125
-0.0178813934326172 -0.0137386322021484 0.3587646484375 -0.438507080078125
-0.0580787658691406 -0.0546493530273438 -0.336151123046875 0.418792724609375
0.0259513854980469 -0.0423355102539063 -0.43426513671875 -0.0628051757812499
0.0457954406738281 -0.0549964904785156 -0.17425537109375 -0.73681640625
0.0503883361816406 -0.00893783569335938 0.62786865234375 -0.9322509765625
0.0236759185791016 0.0162906646728516 1.3333740234375 0.13916015625
-0.0207977294921875 -0.0620231628417969 0.7532958984375 1.384765625
0.0181541442871094 -0.0411415100097656 -0.224365234375 1.16845703125
0.0324954986572266 -0.0322227478027344 0.0349807739257813 0.08758544921875
0.00523757934570312 -0.0517921447753906 0.200439453125 -1.1309814453125
0.0131683349609375 -0.0595359802246094 -0.930419921875 -1.2813720703125
0.0255870819091797 -0.0314178466796875 -1.331787109375 0.13330078125
0.0297660827636719 -0.0392799377441406 -0.37945556640625 0.97076416015625
0.0396461486816406 -0.0632553100585938 0.3511962890625 0.704833984375
-0.00525283813476563 -0.0196914672851563 0.565673828125 0.02020263671875
-0.0303211212158203 -0.0186557769775391 0.355865478515625 -0.436798095703125
-0.0670623779296875 -0.0608062744140625 -0.341552734375 0.42059326171875
0.0211143493652344 -0.0469589233398438 -0.456085205078125 -0.0570678710937499
0.0506477355957031 -0.0691070556640625 -0.2088623046875 -0.728759765625
0.0657119750976563 -0.0217666625976562 0.58795166015625 -0.94793701171875
0.0411148071289063 0.010528564453125 1.327392578125 0.0889892578125
-0.0221939086914063 -0.0631980895996094 0.799072265625 1.346923828125
0.00731658935546875 -0.04888916015625 -0.1859130859375 1.17431640625
0.024200439453125 -0.0446548461914063 0.0409469604492188 0.100906372070313
-0.0048980712890625 -0.0588874816894531 0.2391357421875 -1.126220703125
0.0152359008789062 -0.0592803955078125 -0.885986328125 -1.322998046875
0.0420379638671875 -0.0360145568847656 -1.348388671875 0.0843505859375001
0.044281005859375 -0.05328369140625 -0.42657470703125 0.9625244140625
0.047943115234375 -0.0756607055664063 0.309814453125 0.71533203125
-0.00930404663085937 -0.0268726348876953 0.5482177734375 0.0279541015625
-0.0400581359863281 -0.0234222412109375 0.3536376953125 -0.436126708984375
-0.0721435546875 -0.0637664794921875 -0.345428466796875 0.426300048828125
0.0155029296875 -0.0483283996582031 -0.4774169921875 -0.049346923828125
0.0485382080078125 -0.0744400024414063 -0.25067138671875 -0.71722412109375
0.0708541870117188 -0.028839111328125 0.53369140625 -0.96539306640625
0.0491752624511719 0.00683975219726562 1.3173828125 0.0352783203125
-0.0238456726074219 -0.0638427734375 0.8497314453125 1.3048095703125
-0.000755310058593748 -0.0529518127441406 -0.1396484375 1.177734375
0.0188674926757812 -0.0499725341796875 0.0513687133789062 0.115707397460938
-0.0103912353515625 -0.0612640380859375 0.282958984375 -1.1158447265625
0.0159912109375 -0.0598831176757813 -0.8272705078125 -1.369873046875
0.0513114929199219 -0.0374069213867188 -1.364990234375 0.0228271484374998
0.0522842407226563 -0.0579643249511719 -0.4827880859375 0.9503173828125
0.0527801513671875 -0.0799331665039063 0.26318359375 0.72576904296875
-0.0116825103759766 -0.0305557250976563 0.526763916015625 0.03594970703125
-0.04638671875 -0.0273475646972656 0.345123291015625 -0.433563232421875
-0.0700340270996094 -0.0669326782226563 -0.3489990234375 0.432373046875
0.01275634765625 -0.0485038757324219 -0.496612548828125 -0.0372009277343751
0.0407638549804688 -0.07159423828125 -0.2947998046875 -0.70416259765625
0.0648040771484375 -0.0262374877929687 0.47930908203125 -0.9827880859375
0.0500946044921875 0.00650787353515625 1.3050537109375 -0.025146484375
-0.0246047973632812 -0.0622444152832031 0.908447265625 1.25537109375
-0.00320053100585938 -0.0525360107421875 -0.0885009765625001 1.1810302734375
0.0158805847167969 -0.0484848022460937 0.0604934692382813 0.131057739257813
-0.0104751586914062 -0.0597763061523437 0.3319091796875 -1.1075439453125
0.016357421875 -0.0595474243164063 -0.7698974609375 -1.4166259765625
0.0513687133789063 -0.0329132080078125 -1.3778076171875 -0.0378417968749998
0.0526771545410156 -0.0525398254394531 -0.53973388671875 0.9344482421875
0.0522003173828125 -0.0775375366210938 0.21539306640625 0.73388671875
-0.0117511749267578 -0.0327777862548828 0.508056640625 0.04290771484375
-0.0473861694335937 -0.03082275390625 0.341796875 -0.429718017578125
-0.0638084411621094 -0.068115234375 -0.34893798828125 0.439422607421875
0.0125045776367188 -0.047637939453125 -0.514251708984375 -0.0284423828125
0.0304489135742188 -0.06036376953125 -0.33056640625 -0.69085693359375
0.0517921447753906 -0.0151634216308594 0.43548583984375 -0.99212646484375
0.0408287048339844 0.0102996826171875 1.296630859375 -0.072509765625
-0.0250930786132813 -0.0611419677734375 0.94921875 1.217529296875
-0.0009002685546875 -0.0479927062988281 -0.0485839843749999 1.184814453125
0.0179519653320313 -0.0393104553222656 0.071990966796875 0.142822265625
-0.00566101074218751 -0.0535392761230469 0.382080078125 -1.09747314453125
0.01678466796875 -0.0583076477050781 -0.710693359375 -1.4569091796875
0.0402297973632813 -0.0265617370605469 -1.3873291015625 -0.0965576171875
0.0434150695800781 -0.0386466979980469 -0.5865478515625 0.91815185546875
0.0438690185546875 -0.0677452087402344 0.17816162109375 0.73822021484375
-0.010009765625 -0.0318851470947266 0.4923095703125 0.046295166015625
-0.0428543090820313 -0.0323104858398437 0.3377685546875 -0.427886962890625
-0.0191383361816406 -0.0368576049804688 -0.32061767578125 0.431488037109375
0.0365982055664063 -0.0291175842285156 -0.418121337890625 -0.0626220703125001
0.00193500518798828 0.00980091094970703 -0.15142822265625 -0.751953125
-0.0299072265625 0.0504570007324219 0.66448974609375 -0.93524169921875
-0.0466041564941406 0.0316238403320312 1.3497314453125 0.159423828125
-0.0183181762695313 -0.0587997436523437 0.745849609375 1.421630859375
0.0577163696289062 -0.00670623779296875 -0.2315673828125 1.18115234375
0.0619392395019531 0.0230522155761719 0.0401611328125 0.0759811401367188
0.0462989807128906 -0.0220947265625 0.1898193359375 -1.1488037109375
0.00890350341796874 -0.0522727966308594 -0.958740234375 -1.273681640625
-0.0408439636230469 0.00310897827148438 -1.3359375 0.1654052734375
-0.0254859924316406 0.0325508117675781 -0.35321044921875 0.98260498046875
0.00347757339477539 -0.00460290908813477 0.38482666015625 0.69512939453125
0.0106363296508789 -0.00333595275878906 0.58502197265625 0.00390625
0.00747156143188476 -0.00633478164672851 0.358306884765625 -0.4403076171875
-0.0333633422851563 -0.0408821105957031 -0.32403564453125 0.4283447265625
0.0351524353027344 -0.0337066650390625 -0.41754150390625 -0.065673828125
0.0194759368896484 -0.0125331878662109 -0.14178466796875 -0.74896240234375
-0.00135612487792969 0.0294437408447266 0.67279052734375 -0.925048828125
-0.0234317779541016 0.0241298675537109 1.3448486328125 0.17431640625
-0.0187721252441406 -0.0605545043945312 0.723876953125 1.42919921875
0.046234130859375 -0.0172843933105469 -0.25 1.1761474609375
0.0533409118652344 0.00441741943359375 0.0344390869140625 0.07464599609375
0.0326938629150391 -0.0322647094726563 0.1724853515625 -1.1490478515625
0.00876998901367187 -0.055084228515625 -0.9718017578125 -1.2606201171875
-0.0190258026123047 -0.00930023193359374 -1.328125 0.1815185546875
-0.00783538818359375 0.00708627700805664 -0.340087890625 0.9827880859375
0.0159530639648438 -0.0239791870117188 0.39324951171875 0.69342041015625
0.00613498687744141 -0.00790929794311523 0.58636474609375 0.0028076171875
-0.00662326812744141 -0.00933361053466797 0.356109619140625 -0.445770263671875
-0.0463294982910156 -0.0461959838867187 -0.32659912109375 0.42529296875
0.0301628112792969 -0.0381851196289063 -0.424652099609375 -0.0658569335937501
0.0344924926757813 -0.0350799560546875 -0.15301513671875 -0.7469482421875
0.0273323059082031 0.00962638854980469 0.6573486328125 -0.9342041015625
0.00152969360351562 0.0209751129150391 1.3470458984375 0.1588134765625
-0.0200996398925781 -0.0625038146972656 0.7406005859375 1.4144287109375
0.0314064025878906 -0.0305309295654297 -0.239013671875 1.1756591796875
0.04351806640625 -0.014923095703125 0.0337371826171875 0.0786361694335938
0.0173187255859375 -0.0428962707519531 0.169677734375 -1.14453125
0.0108985900878906 -0.0582504272460938 -0.9737548828125 -1.25732421875
0.00323104858398438 -0.0210704803466797 -1.3321533203125 0.17724609375
0.0119094848632813 -0.0185985565185547 -0.34356689453125 0.98370361328125
0.0276832580566406 -0.0448455810546875 0.38555908203125 0.6976318359375
0.000411033630371095 -0.0136327743530273 0.58251953125 0.0067138671875
-0.0191001892089844 -0.0128402709960937 0.357208251953125 -0.446197509765625
-0.0590744018554687 -0.0528564453125 -0.331695556640625 0.425384521484375
0.0249671936035156 -0.0426521301269531 -0.43829345703125 -0.060333251953125
0.0455474853515625 -0.05560302734375 -0.18017578125 -0.74127197265625
0.0510368347167969 -0.00871658325195313 0.62445068359375 -0.94244384765625
0.0242366790771484 0.0149059295654297 1.342041015625 0.125732421875
-0.022369384765625 -0.0641326904296875 0.7706298828125 1.3883056640625
0.01873779296875 -0.0404548645019531 -0.2142333984375 1.17724609375
0.0327739715576172 -0.0313816070556641 0.035430908203125 0.0887374877929688
0.00469970703125 -0.051177978515625 0.1915283203125 -1.1402587890625
0.0125274658203125 -0.0603103637695313 -0.94873046875 -1.2857666015625
0.0252304077148438 -0.030609130859375 -1.3421630859375 0.1463623046875
0.0297317504882812 -0.0396575927734375 -0.37530517578125 0.9796142578125
0.0394210815429688 -0.0642471313476563 0.35748291015625 0.705810546875
-0.00600242614746094 -0.0209102630615234 0.57037353515625 0.01397705078125
-0.0319671630859375 -0.0174980163574219 0.354949951171875 -0.44189453125
-0.0686416625976563 -0.05804443359375 -0.33831787109375 0.42626953125
0.0191574096679687 -0.047393798828125 -0.45782470703125 -0.05487060546875
0.0504722595214844 -0.0695686340332031 -0.21875 -0.73126220703125
0.0671806335449219 -0.0220260620117188 0.5828857421875 -0.9609375
0.0410995483398438 0.009857177734375 1.338134765625 0.07763671875
-0.0229415893554688 -0.06488037109375 0.8140869140625 1.3497314453125
0.00659561157226562 -0.0482215881347656 -0.1781005859375 1.184326171875
0.0249595642089844 -0.0431365966796875 0.0408172607421875 0.101730346679687
-0.00637435913085937 -0.0579147338867188 0.2315673828125 -1.1341552734375
0.0141830444335937 -0.061492919921875 -0.9029541015625 -1.32666015625
0.0418815612792969 -0.0367774963378906 -1.359619140625 0.0941162109375003
0.0428695678710938 -0.0546989440917969 -0.42431640625 0.9735107421875
0.0466690063476563 -0.0764923095703125 0.316162109375 0.71710205078125
-0.0104103088378906 -0.0262641906738281 0.5513916015625 0.022705078125
-0.0422477722167969 -0.021820068359375 0.349365234375 -0.44073486328125
-0.0734405517578125 -0.062652587890625 -0.342376708984375 0.433441162109375
0.0147132873535156 -0.0494804382324219 -0.480926513671875 -0.0456542968749999
0.047332763671875 -0.0751724243164063 -0.26025390625 -0.7186279296875
0.07171630859375 -0.0285263061523437 0.5281982421875 -0.97491455078125
0.050140380859375 0.00586318969726562 1.32958984375 0.021484375
-0.0246963500976562 -0.0656890869140625 0.866943359375 1.306396484375
-0.000953674316406248 -0.0533180236816406 -0.130615234375 1.187255859375
0.0185699462890625 -0.04913330078125 0.0516738891601563 0.116943359375
-0.0117645263671875 -0.0609970092773438 0.2784423828125 -1.125732421875
0.01531982421875 -0.06072998046875 -0.8458251953125 -1.373046875
0.05096435546875 -0.0375633239746094 -1.3756103515625 0.0346679687500003
0.0527610778808594 -0.0598526000976562 -0.48040771484375 0.96002197265625
0.05157470703125 -0.082122802734375 0.27081298828125 0.7288818359375
-0.0119361877441406 -0.0316982269287109 0.52960205078125 0.031646728515625
-0.0477752685546875 -0.0260505676269531 0.343780517578125 -0.439117431640625
-0.0717849731445313 -0.0646743774414062 -0.34527587890625 0.43914794921875
0.0116004943847656 -0.0493965148925781 -0.5010986328125 -0.033355712890625
0.0398101806640625 -0.0726547241210937 -0.3028564453125 -0.70654296875
0.0657997131347656 -0.027069091796875 0.471923828125 -0.9920654296875
0.0500602722167969 0.00540924072265625 1.318115234375 -0.039306640625
-0.0248184204101562 -0.0648880004882813 0.9232177734375 1.26025390625
-0.00362014770507813 -0.0510711669921875 -0.0789794921875001 1.191650390625
0.0164413452148437 -0.0475349426269531 0.0620574951171875 0.131752014160156
-0.0121574401855469 -0.0597152709960938 0.3270263671875 -1.117919921875
0.01593017578125 -0.0602378845214844 -0.78564453125 -1.4202880859375
0.0505332946777344 -0.0351753234863281 -1.3924560546875 -0.0303955078124999
0.0527915954589844 -0.0537643432617188 -0.53485107421875 0.94732666015625
0.050384521484375 -0.0782012939453125 0.224853515625 0.73699951171875
-0.0122509002685547 -0.0331249237060547 0.5111083984375 0.038818359375
-0.048583984375 -0.0294113159179687 0.33953857421875 -0.434722900390625
-0.066680908203125 -0.0654067993164063 -0.3446044921875 0.447113037109375
0.0110893249511719 -0.0492820739746094 -0.516326904296875 -0.022674560546875
0.0303192138671875 -0.0618247985839844 -0.33929443359375 -0.69329833984375
0.0519905090332031 -0.015167236328125 0.4273681640625 -1.001953125
0.041168212890625 0.00870513916015625 1.3021240234375 -0.0867919921875
-0.0261154174804687 -0.0627937316894531 0.9676513671875 1.2197265625
-0.0015716552734375 -0.0480804443359375 -0.0406494140625 1.193603515625
0.0175857543945313 -0.0387306213378906 0.0728607177734375 0.144790649414063
-0.00720596313476563 -0.0541839599609375 0.37567138671875 -1.10797119140625
0.014923095703125 -0.0586357116699219 -0.724365234375 -1.4615478515625
0.0398483276367188 -0.028717041015625 -1.396240234375 -0.0867919921875
0.0434951782226563 -0.0400733947753906 -0.58251953125 0.9296875
0.0421867370605469 -0.0681076049804688 0.1849365234375 0.74285888671875
-0.0112724304199219 -0.0315418243408203 0.49395751953125 0.04193115234375
-0.0444068908691406 -0.0299034118652344 0.33416748046875 -0.435272216796875
-0.0196075439453125 -0.0347003936767578 -0.317352294921875 0.440704345703125
0.0348415374755859 -0.0307292938232422 -0.42059326171875 -0.05908203125
0.00217437744140625 0.0110111236572266 -0.1597900390625 -0.75421142578125
-0.0283393859863281 0.0512428283691406 0.6572265625 -0.9488525390625
-0.0466384887695313 0.0306739807128906 1.359619140625 0.1473388671875
-0.0190696716308594 -0.0591354370117188 0.766845703125 1.423828125
0.0576553344726562 -0.00702667236328125 -0.221923828125 1.18896484375
0.0631027221679688 0.0243568420410156 0.0403518676757813 0.0767974853515625
0.0463905334472656 -0.0216102600097656 0.176025390625 -1.1580810546875
0.00802230834960937 -0.05267333984375 -0.9794921875 -1.2723388671875
-0.0412712097167969 0.00384140014648437 -1.3421630859375 0.1787109375
-0.0264072418212891 0.0327777862548828 -0.34527587890625 0.99151611328125
0.0034327507019043 -0.00400352478027344 0.39263916015625 0.69842529296875
0.0102596282958984 -0.003509521484375 0.5872802734375 -0.00341796875
0.00666427612304688 -0.00542926788330078 0.3555908203125 -0.445892333984375
-0.0342369079589844 -0.0389823913574219 -0.319488525390625 0.43511962890625
0.0333385467529297 -0.034454345703125 -0.41998291015625 -0.0614013671875
0.01922607421875 -0.012542724609375 -0.1513671875 -0.7532958984375
-0.000320434570312497 0.0308876037597656 0.664794921875 -0.9398193359375
-0.0242557525634766 0.0248146057128906 1.357177734375 0.1627197265625
-0.0199737548828125 -0.0614471435546875 0.745361328125 1.4322509765625
0.0455665588378906 -0.0173072814941406 -0.240478515625 1.1868896484375
0.0543479919433594 0.00554275512695313 0.0347518920898438 0.0749588012695313
0.0322170257568359 -0.0308685302734375 0.1619873046875 -1.1558837890625
0.00767517089843749 -0.0559272766113281 -0.9891357421875 -1.2581787109375
-0.0203304290771484 -0.009307861328125 -1.334716796875 0.1939697265625
-0.00722074508666992 0.00686311721801758 -0.33319091796875 0.99383544921875
0.0153179168701172 -0.0240631103515625 0.40203857421875 0.692138671875
0.00551080703735352 -0.00811862945556641 0.58746337890625 -0.00604248046875
-0.00742101669311523 -0.00782537460327148 0.354736328125 -0.45391845703125
-0.047119140625 -0.0437850952148437 -0.322845458984375 0.432708740234375
0.0288810729980469 -0.0397415161132813 -0.426727294921875 -0.061798095703125
0.0345115661621094 -0.0361366271972656 -0.1611328125 -0.74945068359375
0.0281562805175781 0.00949859619140625 0.65167236328125 -0.94635009765625
0.00161933898925781 0.0193557739257812 1.358642578125 0.1455078125
-0.0215568542480469 -0.0643424987792969 0.7607421875 1.4173583984375
0.0320205688476563 -0.0303440093994141 -0.2310791015625 1.18505859375
0.0436134338378906 -0.0141334533691406 0.03271484375 0.0793609619140625
0.0172157287597656 -0.0415382385253906 0.160888671875 -1.1529541015625
0.00923538208007813 -0.0585098266601563 -0.989013671875 -1.2547607421875
0.00306510925292969 -0.0213985443115234 -1.3380126953125 0.1903076171875
0.0114059448242187 -0.0190696716308594 -0.33697509765625 0.9937744140625
0.0271530151367188 -0.0461883544921875 0.39532470703125 0.69659423828125
-0.000825881958007813 -0.013707160949707 0.58331298828125 -0.00146484375
-0.0197544097900391 -0.0106163024902344 0.3529052734375 -0.4521484375
-0.060577392578125 -0.0512657165527344 -0.326812744140625 0.43341064453125
0.02392578125 -0.04425048828125 -0.442657470703125 -0.054656982421875
0.0450668334960937 -0.0558128356933594 -0.19134521484375 -0.74267578125
0.052154541015625 -0.00888824462890625 0.619140625 -0.95709228515625
0.024078369140625 0.0135917663574219 1.3544921875 0.1102294921875
-0.0232696533203125 -0.0652389526367188 0.790771484375 1.38916015625
0.0172805786132813 -0.0412979125976563 -0.2054443359375 1.190185546875
0.0333786010742188 -0.0307445526123047 0.036041259765625 0.0894241333007813
0.003082275390625 -0.0505104064941406 0.18310546875 -1.148681640625
0.0110054016113281 -0.0606689453125 -0.9666748046875 -1.282470703125
0.0244979858398438 -0.0327835083007813 -1.3519287109375 0.1580810546875
0.02911376953125 -0.0410995483398438 -0.370849609375 0.989013671875
0.0374832153320313 -0.0641441345214844 0.3690185546875 0.7076416015625
-0.00628089904785156 -0.0200481414794922 0.57208251953125 0.00750732421875
-0.0323333740234375 -0.0163612365722656 0.350372314453125 -0.449676513671875
-0.0695610046386719 -0.0558586120605469 -0.335052490234375 0.434051513671875
0.017974853515625 -0.0481109619140625 -0.46197509765625 -0.05133056640625
0.0503158569335938 -0.071258544921875 -0.22760009765625 -0.73382568359375
0.0681686401367188 -0.0227813720703125 0.575927734375 -0.97247314453125
0.0418052673339844 0.008270263671875 1.3477783203125 0.06201171875
-0.0239906311035156 -0.0669975280761719 0.8353271484375 1.3533935546875
0.00585174560546875 -0.0485992431640625 -0.169921875 1.192626953125
0.0248031616210938 -0.0424003601074219 0.0424118041992187 0.102714538574219
-0.00706863403320313 -0.0570449829101563 0.2227783203125 -1.14208984375
0.0140457153320313 -0.0616569519042969 -0.9205322265625 -1.3240966796875
0.0414161682128906 -0.0381355285644531 -1.3709716796875 0.110107421875
0.0432014465332031 -0.0558662414550781 -0.4173583984375 0.98211669921875
0.044921875 -0.0774002075195313 0.327880859375 0.71875
-0.01153564453125 -0.0254402160644531 0.552581787109375 0.01708984375
-0.0424118041992188 -0.0208778381347656 0.34539794921875 -0.44775390625
-0.0752029418945313 -0.0594940185546875 -0.33831787109375 0.4400634765625
0.0122795104980469 -0.0502891540527344 -0.483489990234375 -0.0409851074218751
0.0471267700195312 -0.076751708984375 -0.27105712890625 -0.72137451171875
0.0724639892578125 -0.028717041015625 0.52203369140625 -0.98712158203125
0.04998779296875 0.00439834594726563 1.3389892578125 0.0067138671875
-0.02606201171875 -0.066619873046875 0.887451171875 1.30859375
-0.00278472900390625 -0.0529060363769531 -0.119873046875 1.196044921875
0.0185089111328125 -0.0474662780761719 0.05206298828125 0.117912292480469
-0.0125808715820313 -0.0607757568359375 0.27001953125 -1.135009765625
0.0145301818847656 -0.0620803833007813 -0.8629150390625 -1.375
0.0509376525878906 -0.0385513305664062 -1.3848876953125 0.0493164062500001
0.051849365234375 -0.0612258911132812 -0.472900390625 0.97027587890625
0.0509490966796875 -0.0829620361328125 0.28045654296875 0.73004150390625
-0.0130100250244141 -0.0310611724853516 0.53082275390625 0.025360107421875
-0.0497016906738281 -0.0246200561523438 0.340057373046875 -0.445098876953125
-0.07391357421875 -0.0618057250976562 -0.340972900390625 0.4468994140625
0.00917434692382813 -0.0499763488769531 -0.503662109375 -0.028717041015625
0.038604736328125 -0.0746688842773438 -0.31353759765625 -0.70770263671875
0.0662727355957031 -0.026885986328125 0.4637451171875 -1.00506591796875
0.0503349304199219 0.00362396240234375 1.3236083984375 -0.05517578125
-0.0275764465332031 -0.0664253234863281 0.942626953125 1.2576904296875
-0.00456619262695312 -0.0519027709960937 -0.0699462890625 1.2015380859375
0.0153427124023437 -0.0459938049316406 0.063018798828125 0.133232116699219
-0.0132865905761719 -0.0589561462402344 0.3179931640625 -1.127197265625
0.013916015625 -0.0608177185058594 -0.8023681640625 -1.42236328125
0.0505332946777344 -0.0356369018554688 -1.4022216796875 -0.0169677734375
0.0531501770019531 -0.0552558898925781 -0.528564453125 0.958740234375
0.0492324829101563 -0.0798110961914063 0.2322998046875 0.73974609375
-0.0136432647705078 -0.0329113006591797 0.513641357421875 0.0333251953125
-0.0496559143066406 -0.0271415710449219 0.336639404296875 -0.442718505859375
-0.0675544738769531 -0.0631942749023437 -0.3399658203125 0.45367431640625
0.00938415527343751 -0.0491981506347656 -0.5203857421875 -0.01898193359375
0.0291671752929688 -0.0629310607910156 -0.34906005859375 -0.6934814453125
0.0523910522460938 -0.014404296875 0.4193115234375 -1.01519775390625
0.0410537719726563 0.00759506225585938 1.3126220703125 -0.1015625
-0.0272254943847656 -0.0644493103027344 0.989013671875 1.219482421875
-0.00197219848632813 -0.0475616455078125 -0.0268554687500001 1.2025146484375
0.01751708984375 -0.0372467041015625 0.074737548828125 0.1453857421875
-0.00811004638671874 -0.0534553527832031 0.36541748046875 -1.12030029296875
0.0147857666015625 -0.0597305297851563 -0.7447509765625 -1.462646484375
0.0406379699707031 -0.0291671752929687 -1.4093017578125 -0.0721435546874997
0.0439720153808594 -0.0412979125976563 -0.57965087890625 0.93963623046875
0.0406990051269531 -0.0692367553710938 0.1922607421875 0.7432861328125
-0.0119419097900391 -0.0314826965332031 0.49700927734375 0.03692626953125
-0.0452919006347656 -0.0290451049804687 0.33087158203125 -0.44091796875
-0.0200443267822266 -0.0323677062988281 -0.31060791015625 0.447174072265625
0.0338306427001953 -0.0311508178710937 -0.423095703125 -0.054168701171875
0.00296497344970703 0.0104913711547852 -0.16949462890625 -0.75640869140625
-0.02801513671875 0.0538825988769531 0.64935302734375 -0.96209716796875
-0.0465278625488281 0.0308990478515625 1.369384765625 0.1304931640625
-0.0209884643554688 -0.0606536865234375 0.7879638671875 1.42529296875
0.058074951171875 -0.00819015502929688 -0.2098388671875 1.200439453125
0.0641517639160156 0.024658203125 0.0403594970703125 0.0779953002929688
0.0456695556640625 -0.0210723876953125 0.1669921875 -1.1663818359375
0.00649642944335938 -0.0524559020996094 -0.9964599609375 -1.2691650390625
-0.0411720275878906 0.00410079956054687 -1.3505859375 0.19384765625
-0.0257472991943359 0.0332012176513672 -0.33721923828125 1.001953125
0.00276470184326172 -0.00461530685424805 0.40283203125 0.69427490234375
0.01025390625 -0.00319004058837891 0.59033203125 -0.00799560546875
0.00569772720336914 -0.00390911102294922 0.350616455078125 -0.453857421875
-0.0351676940917969 -0.0370864868164062 -0.3134765625 0.4417724609375
0.0324974060058594 -0.0354766845703125 -0.422760009765625 -0.055999755859375
0.0189895629882813 -0.0133056640625 -0.16265869140625 -0.75579833984375
0.00067901611328125 0.0316619873046875 0.6571044921875 -0.9527587890625
-0.0235671997070313 0.0247306823730469 1.3662109375 0.1461181640625
-0.0219345092773438 -0.0637931823730469 0.76611328125 1.43310546875
0.0461845397949219 -0.0187568664550781 -0.228759765625 1.1947021484375
0.0552940368652344 0.00593948364257812 0.0341873168945312 0.0758209228515625
0.0318069458007813 -0.030853271484375 0.15234375 -1.167236328125
0.00786972045898438 -0.0558433532714844 -1.010986328125 -1.254638671875
-0.0204849243164063 -0.00811004638671875 -1.3443603515625 0.2083740234375
-0.00662708282470703 0.00736618041992188 -0.32177734375 1.00048828125
0.0140819549560547 -0.0253162384033203 0.41070556640625 0.690673828125
0.00490760803222656 -0.00879192352294922 0.589111328125 -0.01251220703125
-0.00833845138549805 -0.00481510162353516 0.34808349609375 -0.459625244140625
-0.0484695434570313 -0.0425186157226562 -0.3170166015625 0.438873291015625
0.0275230407714844 -0.0393867492675781 -0.4288330078125 -0.057342529296875
0.03436279296875 -0.0363044738769531 -0.17230224609375 -0.75225830078125
0.0289344787597656 0.0102882385253906 0.64208984375 -0.9598388671875
0.00175857543945313 0.0185508728027344 1.3677978515625 0.1295166015625
-0.0226936340332031 -0.0651931762695313 0.784423828125 1.4173583984375
0.0317935943603516 -0.0309543609619141 -0.21826171875 1.1966552734375
0.0441131591796875 -0.0130882263183594 0.0336761474609375 0.0808334350585938
0.0166702270507813 -0.0423507690429688 0.14990234375 -1.1610107421875
0.00923919677734375 -0.0580902099609375 -1.0111083984375 -1.2540283203125
0.00324440002441406 -0.0215873718261719 -1.3468017578125 0.205322265625
0.0115890502929687 -0.01898193359375 -0.328369140625 1.00311279296875
0.0261344909667969 -0.0470542907714844 0.40496826171875 0.694580078125
-0.00113964080810547 -0.0142536163330078 0.58526611328125 -0.00811767578125
-0.0208797454833984 -0.00902557373046875 0.348114013671875 -0.45849609375
-0.0612449645996094 -0.0482864379882813 -0.322540283203125 0.439605712890625
0.0217552185058594 -0.0446014404296875 -0.442138671875 -0.0521545410156251
0.0448417663574219 -0.0572547912597656 -0.2021484375 -0.74591064453125
0.0533790588378906 -0.00827407836914063 0.60955810546875 -0.969970703125
0.0249977111816406 0.0123748779296875 1.363525390625 0.094482421875
-0.0243988037109375 -0.0666999816894531 0.81298828125 1.388427734375
0.0166816711425781 -0.0414161682128906 -0.193359375 1.194580078125
0.0334568023681641 -0.0292282104492188 0.0360183715820313 0.0899581909179687
0.00198745727539063 -0.0497207641601562 0.1700439453125 -1.156005859375
0.0105247497558594 -0.06109619140625 -0.9857177734375 -1.2808837890625
0.0244693756103516 -0.0324211120605469 -1.3597412109375 0.17529296875
0.0292854309082031 -0.0426025390625 -0.3603515625 1.0015869140625
0.0364456176757813 -0.0658721923828125 0.37713623046875 0.703857421875
-0.00774765014648437 -0.0202388763427734 0.5736083984375 -0.000671386718750001
-0.0338268280029297 -0.0142898559570312 0.346710205078125 -0.456298828125
-0.0701408386230469 -0.0533103942871094 -0.328125 0.440948486328125
0.0163421630859375 -0.0483894348144531 -0.46484375 -0.0449523925781251
0.0488357543945313 -0.0720977783203125 -0.23687744140625 -0.735595703125
0.0683174133300781 -0.0231704711914063 0.5650634765625 -0.9869384765625
0.0415420532226563 0.0071868896484375 1.35546875 0.0477294921875
-0.0262336730957031 -0.0678253173828125 0.8572998046875 1.3511962890625
0.00445556640625 -0.0486679077148438 -0.1583251953125 1.2001953125
0.024444580078125 -0.042022705078125 0.042999267578125 0.103118896484375
-0.00756835937500001 -0.0568428039550781 0.212890625 -1.14990234375
0.0120201110839844 -0.0611114501953125 -0.93896484375 -1.32373046875
0.0414695739746094 -0.0395011901855469 -1.378662109375 0.123046875
0.0429153442382812 -0.0558013916015625 -0.40826416015625 0.9927978515625
0.0446929931640625 -0.07867431640625 0.33758544921875 0.7181396484375
-0.0115871429443359 -0.0262985229492188 0.55499267578125 0.009246826171875
-0.0439643859863281 -0.0192985534667969 0.342742919921875 -0.453857421875
-0.0763702392578125 -0.0575027465820313 -0.332366943359375 0.44744873046875
0.0123138427734375 -0.0507888793945313 -0.487274169921875 -0.0361328125000001
0.0466232299804687 -0.0776824951171875 -0.28009033203125 -0.72265625
0.0741348266601563 -0.0287857055664063 0.50897216796875 -1.0008544921875
0.05029296875 0.0029144287109375 1.3465576171875 -0.010986328125
-0.02728271484375 -0.0681495666503906 0.90966796875 1.3038330078125
-0.0034027099609375 -0.0529670715332031 -0.10791015625 1.2037353515625
0.0184059143066406 -0.0468406677246094 0.0524673461914063 0.118156433105469
-0.01434326171875 -0.058929443359375 0.2584228515625 -1.143310546875
0.0129203796386719 -0.0625877380371094 -0.8822021484375 -1.372802734375
0.0502738952636719 -0.0398712158203125 -1.394287109375 0.0625000000000002
0.0520515441894531 -0.0626640319824219 -0.46759033203125 0.98095703125
0.0487442016601563 -0.0841827392578125 0.29010009765625 0.72900390625
-0.0136070251464844 -0.0315475463867188 0.53369140625 0.01873779296875
-0.0499267578125 -0.0221061706542969 0.3353271484375 -0.45318603515625
-0.074615478515625 -0.0597991943359375 -0.335174560546875 0.4532470703125
0.00909042358398438 -0.0500526428222656 -0.506134033203125 -0.0228271484375001
0.0393600463867188 -0.0754623413085938 -0.32342529296875 -0.7078857421875
0.0675544738769531 -0.0273361206054687 0.453125 -1.0172119140625
0.0500869750976562 0.00231170654296875 1.32958984375 -0.0697021484375
-0.0288505554199219 -0.0674324035644531 0.9644775390625 1.2545166015625
-0.0057373046875 -0.0514984130859375 -0.0563964843750001 1.206787109375
0.0162506103515625 -0.0444831848144531 0.0643081665039063 0.133903503417969
-0.0148963928222656 -0.0583038330078125 0.3065185546875 -1.1357421875
0.01312255859375 -0.0607070922851563 -0.8243408203125 -1.42138671875
0.0504837036132813 -0.0366935729980469 -1.4112548828125 -0.00268554687499988
0.0517311096191406 -0.056640625 -0.523193359375 0.96826171875
0.0475845336914063 -0.0815582275390625 0.2413330078125 0.7413330078125
-0.0143013000488281 -0.0326213836669922 0.5147705078125 0.02783203125
-0.0503158569335937 -0.0253448486328125 0.333099365234375 -0.449066162109375
-0.06842041015625 -0.0605735778808594 -0.3336181640625 0.462066650390625
0.0084381103515625 -0.04931640625 -0.52166748046875 -0.0131225585937501
0.0285148620605469 -0.0635032653808594 -0.359619140625 -0.69293212890625
0.0537986755371094 -0.0149688720703125 0.40765380859375 -1.02618408203125
0.0411109924316406 0.00631332397460938 1.3204345703125 -0.117919921875
-0.0288543701171875 -0.065521240234375 1.009765625 1.214599609375
-0.00345230102539062 -0.0476531982421875 -0.01318359375 1.20849609375
0.0175437927246094 -0.035797119140625 0.0758209228515625 0.1458740234375
-0.00873947143554688 -0.0518646240234375 0.3590087890625 -1.1297607421875
0.0136985778808594 -0.0588836669921875 -0.7642822265625 -1.462158203125
0.0401611328125 -0.0301475524902344 -1.4195556640625 -0.0599365234374999
0.0429458618164063 -0.0426483154296875 -0.57177734375 0.95318603515625
0.0401763916015625 -0.0710830688476562 0.20269775390625 0.74725341796875
-0.01318359375 -0.0321140289306641 0.49749755859375 0.0323486328125
-0.0471038818359375 -0.0268630981445313 0.326507568359375 -0.4488525390625
-0.0210380554199219 -0.0303058624267578 -0.302825927734375 0.45306396484375
0.0317192077636719 -0.0320186614990234 -0.425384521484375 -0.049652099609375
0.00251293182373047 0.0108327865600586 -0.181884765625 -0.75738525390625
-0.0258560180664063 0.0541343688964844 0.63671875 -0.97576904296875
-0.0467414855957031 0.0307197570800781 1.3787841796875 0.1119384765625
-0.02215576171875 -0.0622215270996094 0.811767578125 1.4190673828125
0.0586051940917969 -0.00834274291992188 -0.196533203125 1.2069091796875
0.065093994140625 0.0252304077148437 0.0419387817382813 0.0788192749023438
0.04559326171875 -0.0205497741699219 0.1514892578125 -1.173583984375
0.00635528564453125 -0.0534591674804688 -1.0181884765625 -1.2601318359375
-0.0418624877929688 0.00435638427734374 -1.3551025390625 0.2130126953125
-0.0254173278808594 0.0338211059570313 -0.32696533203125 1.01043701171875
0.00224113464355469 -0.00507831573486328 0.41302490234375 0.69305419921875
0.00847053527832031 -0.00423288345336914 0.58831787109375 -0.0191650390625
0.00533199310302734 -0.0023808479309082 0.345703125 -0.458892822265625
-0.0362930297851563 -0.0346183776855469 -0.30609130859375 0.45001220703125
0.0307426452636719 -0.0356254577636719 -0.424713134765625 -0.052459716796875
0.0191841125488281 -0.0122470855712891 -0.1728515625 -0.75653076171875
0.000688552856445315 0.0321846008300781 0.64801025390625 -0.9656982421875
-0.0235061645507812 0.0233078002929687 1.3743896484375 0.1236572265625
-0.022613525390625 -0.0650215148925781 0.79052734375 1.4281005859375
0.0457000732421875 -0.01776123046875 -0.2144775390625 1.2034912109375
0.0562782287597656 0.00687408447265625 0.0355148315429687 0.0766143798828125
0.0314750671386719 -0.0308208465576172 0.1361083984375 -1.1707763671875
0.0061798095703125 -0.0564117431640625 -1.0279541015625 -1.2489013671875
-0.0201320648193359 -0.00759506225585937 -1.34912109375 0.22607421875
-0.00693130493164063 0.00677824020385742 -0.31390380859375 1.0107421875
0.0138416290283203 -0.0251941680908203 0.42144775390625 0.6873779296875
0.00462150573730469 -0.00813674926757813 0.58941650390625 -0.021240234375
-0.00839042663574219 -0.00443792343139649 0.34307861328125 -0.466064453125
-0.0496826171875 -0.039825439453125 -0.309051513671875 0.446746826171875
0.0260086059570313 -0.0405654907226563 -0.431549072265625 -0.0514831542968749
0.0335578918457031 -0.0368309020996094 -0.18402099609375 -0.75311279296875
0.0296516418457031 0.0105552673339844 0.6319580078125 -0.97198486328125
0.00134754180908203 0.0170326232910156 1.3748779296875 0.1126708984375
-0.0243263244628906 -0.0665206909179688 0.8031005859375 1.412353515625
0.0307521820068359 -0.0308666229248047 -0.204833984375 1.2017822265625
0.0452041625976563 -0.012176513671875 0.0341949462890625 0.0812149047851563
0.0159225463867188 -0.0411758422851563 0.13623046875 -1.16796875
0.00773239135742188 -0.058837890625 -1.0267333984375 -1.2451171875
0.00372123718261719 -0.0227527618408203 -1.354248046875 0.22314453125
0.0121116638183594 -0.0195159912109375 -0.31805419921875 1.0098876953125
0.0250091552734375 -0.0478401184082031 0.4161376953125 0.69281005859375
-0.00229263305664062 -0.0140161514282227 0.58599853515625 -0.017822265625
-0.0208053588867188 -0.006683349609375 0.34234619140625 -0.464141845703125
-0.0624961853027344 -0.0457382202148438 -0.314453125 0.44696044921875
0.020965576171875 -0.0453567504882812 -0.446075439453125 -0.0468750000000001
0.0447425842285156 -0.0584945678710938 -0.211181640625 -0.7451171875
0.0544853210449219 -0.00873184204101563 0.5963134765625 -0.982421875
0.0247631072998047 0.0109806060791016 1.370849609375 0.0765380859375
-0.0269241333007812 -0.0678749084472656 0.835205078125 1.3853759765625
0.0155181884765625 -0.0419654846191406 -0.1783447265625 1.204345703125
0.0340709686279297 -0.0289993286132813 0.0369720458984375 0.0905609130859375
0.00159072875976563 -0.04913330078125 0.15673828125 -1.1629638671875
0.00959014892578124 -0.0613365173339844 -1.0067138671875 -1.273681640625
0.0243587493896484 -0.0334434509277344 -1.3624267578125 0.1920166015625
0.0286483764648438 -0.0424728393554688 -0.35089111328125 1.0078125
0.035308837890625 -0.0666542053222656 0.3883056640625 0.701904296875
-0.00822067260742187 -0.0198307037353516 0.5750732421875 -0.00872802734375
-0.0356826782226563 -0.0119819641113281 0.3399658203125 -0.463287353515625
-0.0720901489257812 -0.050750732421875 -0.321563720703125 0.449005126953125
0.0148735046386719 -0.0485877990722656 -0.467498779296875 -0.0394592285156249
0.047698974609375 -0.0728912353515625 -0.24884033203125 -0.734375
0.0694313049316406 -0.0232200622558594 0.55426025390625 -0.9981689453125
0.0421867370605469 0.00554656982421875 1.362060546875 0.027099609375
-0.0274124145507812 -0.0688667297363281 0.8779296875 1.34521484375
0.00389862060546875 -0.0493240356445313 -0.140869140625 1.207275390625
0.0241508483886719 -0.0409126281738281 0.0438613891601563 0.10418701171875
-0.009368896484375 -0.0557746887207031 0.1986083984375 -1.1578369140625
0.0109634399414063 -0.0629348754882813 -0.9610595703125 -1.3170166015625
0.0413284301757813 -0.0404815673828125 -1.3829345703125 0.1400146484375
0.0426254272460937 -0.0573081970214844 -0.397216796875 1.00311279296875
0.0421066284179687 -0.080474853515625 0.34722900390625 0.716552734375
-0.012542724609375 -0.0257930755615234 0.556610107421875 0.003021240234375
-0.0438156127929687 -0.0164299011230469 0.33648681640625 -0.46075439453125
-0.0777587890625 -0.0550918579101562 -0.324920654296875 0.454742431640625
0.0102424621582031 -0.0516090393066406 -0.487884521484375 -0.0298767089843751
0.0452423095703125 -0.0783309936523438 -0.291748046875 -0.72076416015625
0.0736846923828125 -0.030181884765625 0.49945068359375 -1.01275634765625
0.0506668090820312 0.000408172607421875 1.3519287109375 -0.03076171875
-0.0298233032226562 -0.0689544677734375 0.9310302734375 1.2962646484375
-0.00415802001953125 -0.052490234375 -0.0944824218750001 1.2119140625
0.0186843872070313 -0.0458221435546875 0.0546340942382812 0.119537353515625
-0.0153350830078125 -0.0581855773925781 0.2459716796875 -1.1512451171875
0.0111198425292969 -0.0622024536132813 -0.904052734375 -1.36669921875
0.0501022338867188 -0.0416908264160156 -1.400634765625 0.0814208984375003
0.0526580810546875 -0.0632553100585938 -0.45697021484375 0.9921875
0.0475387573242188 -0.0856857299804688 0.29833984375 0.7288818359375
-0.0139408111572266 -0.0303993225097656 0.53472900390625 0.01153564453125
-0.0508003234863281 -0.0197906494140625 0.329254150390625 -0.45855712890625
-0.075439453125 -0.0571517944335938 -0.3287353515625 0.4603271484375
0.00649261474609375 -0.0509567260742188 -0.508331298828125 -0.015655517578125
0.0375900268554688 -0.0763015747070313 -0.33551025390625 -0.70623779296875
0.0680580139160156 -0.02789306640625 0.4385986328125 -1.0281982421875
0.0501136779785156 0.000553131103515625 1.337646484375 -0.090576171875
-0.0308761596679688 -0.0683517456054688 0.98486328125 1.2481689453125
-0.00717544555664062 -0.05194091796875 -0.0395507812500001 1.2130126953125
0.0155982971191406 -0.0435371398925781 0.065338134765625 0.134086608886719
-0.0157470703125 -0.0570297241210938 0.2955322265625 -1.14404296875
0.0118026733398437 -0.0620613098144531 -0.8438720703125 -1.4156494140625
0.0490875244140625 -0.0372543334960938 -1.417724609375 0.0158691406250002
0.0523910522460937 -0.0570449829101563 -0.51434326171875 0.97845458984375
0.0461807250976562 -0.08251953125 0.2508544921875 0.739501953125
-0.0156497955322266 -0.0326042175292969 0.5152587890625 0.020294189453125
-0.0513114929199219 -0.0233688354492188 0.32666015625 -0.45556640625
-0.0685920715332031 -0.058135986328125 -0.326263427734375 0.469146728515625
0.00508499145507813 -0.0503273010253906 -0.524169921875 -0.00515747070312505
0.02728271484375 -0.0644187927246094 -0.36981201171875 -0.6912841796875
0.0541343688964844 -0.0151519775390625 0.3946533203125 -1.037353515625
0.0415687561035156 0.0033416748046875 1.325439453125 -0.137939453125
-0.0319442749023437 -0.0671272277832031 1.031005859375 1.2061767578125
-0.00408935546875 -0.0472373962402344 0.00134277343750005 1.2130126953125
0.0171585083007813 -0.0349788665771484 0.0769805908203125 0.14703369140625
-0.00965499877929687 -0.0514755249023438 0.343994140625 -1.13671875
0.0120887756347656 -0.0605888366699219 -0.78564453125 -1.4605712890625
0.039794921875 -0.031005859375 -1.4256591796875 -0.0406494140624999
0.0430183410644531 -0.0425224304199219 -0.56268310546875 0.96307373046875
0.039703369140625 -0.0706329345703125 0.2120361328125 0.74627685546875
-0.0141429901123047 -0.0316028594970703 0.49932861328125 0.02435302734375
-0.0482215881347656 -0.0241279602050781 0.321533203125 -0.45550537109375
-0.0214061737060547 -0.0288791656494141 -0.29669189453125 0.459442138671875
0.0303974151611328 -0.03277587890625 -0.425811767578125 -0.04327392578125
0.00322151184082031 0.0109081268310547 -0.19207763671875 -0.75665283203125
-0.0245513916015625 0.0559158325195313 0.62298583984375 -0.98785400390625
-0.0459861755371094 0.0311393737792969 1.3824462890625 0.0888671875
-0.0231094360351563 -0.0631103515625 0.835205078125 1.4146728515625
0.0586395263671875 -0.0089569091796875 -0.179443359375 1.212646484375
0.0670547485351563 0.0260696411132813 0.0428314208984375 0.0790328979492188
0.0451889038085938 -0.0213890075683594 0.138427734375 -1.1790771484375
0.00467300415039063 -0.053466796875 -1.035400390625 -1.2501220703125
-0.0411529541015625 0.00595855712890624 -1.3583984375 0.2313232421875
-0.0247821807861328 0.0329685211181641 -0.31512451171875 1.0164794921875
0.00166034698486328 -0.004425048828125 0.42242431640625 0.6883544921875
0.0080103874206543 -0.0031580924987793 0.58935546875 -0.02789306640625
0.00483942031860352 -0.000408649444580078 0.338623046875 -0.466094970703125
-0.0362358093261719 -0.0322494506835938 -0.298553466796875 0.45458984375
0.0283355712890625 -0.0368080139160156 -0.42620849609375 -0.048797607421875
0.0182590484619141 -0.0130710601806641 -0.184814453125 -0.755859375
0.00324821472167969 0.0328235626220703 0.6346435546875 -0.97747802734375
-0.0232334136962891 0.0230197906494141 1.382568359375 0.1065673828125
-0.0242118835449219 -0.065948486328125 0.811279296875 1.42138671875
0.0451812744140625 -0.0192375183105469 -0.200439453125 1.2099609375
0.05755615234375 0.00802993774414063 0.0359725952148438 0.0780181884765625
0.0309906005859375 -0.0305538177490234 0.1226806640625 -1.1767578125
0.00513839721679688 -0.0566902160644531 -1.04736328125 -1.236083984375
-0.0202884674072266 -0.00758743286132813 -1.350830078125 0.2440185546875
-0.00659465789794922 0.00727748870849609 -0.30035400390625 1.016845703125
0.0128459930419922 -0.0256690979003906 0.4320068359375 0.68408203125
0.00376796722412109 -0.00902652740478516 0.59112548828125 -0.02972412109375
-0.00860404968261719 -0.00232553482055664 0.337371826171875 -0.4710693359375
-0.0503807067871094 -0.0372085571289063 -0.30322265625 0.451904296875
0.0247154235839844 -0.0407752990722656 -0.432830810546875 -0.046844482421875
0.0329437255859375 -0.0376968383789063 -0.19451904296875 -0.7530517578125
0.0309810638427734 0.0109672546386719 0.6177978515625 -0.98492431640625
0.00228214263916016 0.0157070159912109 1.3785400390625 0.090576171875
-0.0264472961425781 -0.0674819946289063 0.8267822265625 1.4039306640625
0.0301055908203125 -0.0311107635498047 -0.19091796875 1.2064208984375
0.0458526611328125 -0.0114402770996094 0.0346755981445313 0.0822906494140625
0.0153121948242188 -0.0412826538085938 0.1209716796875 -1.1717529296875
0.00585174560546875 -0.0603370666503906 -1.04541015625 -1.234619140625
0.00246429443359375 -0.0219707489013672 -1.3541259765625 0.2393798828125
0.0107593536376953 -0.0195331573486328 -0.30560302734375 1.017333984375
0.02392578125 -0.0481033325195313 0.42596435546875 0.68927001953125
-0.00350856781005859 -0.0141153335571289 0.58721923828125 -0.02459716796875
-0.0215778350830078 -0.00595283508300781 0.336334228515625 -0.47125244140625
-0.0634727478027344 -0.0434303283691406 -0.30731201171875 0.45355224609375
0.0184211730957031 -0.0457687377929688 -0.446807861328125 -0.0398864746093751
0.0424308776855469 -0.0587730407714844 -0.22320556640625 -0.745361328125
0.0547218322753906 -0.00944900512695313 0.5843505859375 -0.9952392578125
0.0250434875488281 0.00983047485351563 1.3731689453125 0.05615234375
-0.0273094177246094 -0.0688438415527344 0.85693359375 1.3765869140625
0.01513671875 -0.0410575866699219 -0.1636962890625 1.208251953125
0.0337944030761719 -0.0277900695800781 0.0382232666015625 0.0911865234375
0.000640869140624999 -0.0490798950195313 0.142578125 -1.164794921875
0.00818634033203124 -0.0605735778808594 -1.0242919921875 -1.26318359375
0.0239963531494141 -0.0338573455810547 -1.3651123046875 0.2108154296875
0.0281639099121094 -0.0436363220214844 -0.33917236328125 1.015380859375
0.0342063903808594 -0.0668411254882813 0.39715576171875 0.6988525390625
-0.008880615234375 -0.0199985504150391 0.573974609375 -0.01593017578125
-0.034210205078125 -0.00928497314453125 0.33441162109375 -0.46905517578125
-0.0729141235351563 -0.0478973388671875 -0.31488037109375 0.455078125
0.0129814147949219 -0.0487823486328125 -0.46917724609375 -0.032989501953125
0.0464248657226563 -0.0739898681640625 -0.26007080078125 -0.733154296875
0.070648193359375 -0.0232086181640625 0.53961181640625 -1.0086669921875
0.0417060852050781 0.00362396240234375 1.369873046875 0.006591796875
-0.0300102233886719 -0.0694389343261719 0.90234375 1.337890625
0.00312423706054688 -0.0490798950195313 -0.1251220703125 1.2119140625
0.0246238708496094 -0.0395774841308594 0.0448684692382813 0.105300903320313
-0.00982284545898438 -0.0545997619628906 0.1846923828125 -1.1627197265625
0.00930404663085937 -0.0621299743652344 -0.9793701171875 -1.3072509765625
0.0403861999511719 -0.0410881042480469 -1.38671875 0.160888671875
0.0421295166015625 -0.0592193603515625 -0.3885498046875 1.0106201171875
0.0417633056640625 -0.0817337036132813 0.35699462890625 0.71380615234375
-0.013397216796875 -0.0255546569824219 0.555938720703125 -0.004669189453125
-0.0447998046875 -0.0148086547851562 0.33203125 -0.46563720703125
-0.0775375366210938 -0.0514678955078125 -0.315887451171875 0.460205078125
0.00909423828125 -0.051422119140625 -0.4901123046875 -0.0227355957031249
0.04437255859375 -0.0799331665039062 -0.3033447265625 -0.7198486328125
0.075042724609375 -0.0306854248046875 0.48388671875 -1.022705078125
0.0504837036132813 -0.00084686279296875 1.3555908203125 -0.0526123046875
-0.0318984985351563 -0.070770263671875 0.9498291015625 1.291015625
-0.0050201416015625 -0.0524063110351563 -0.0756835937499999 1.2158203125
0.0180206298828125 -0.0444374084472656 0.05499267578125 0.120277404785156
-0.0162887573242188 -0.056976318359375 0.2310791015625 -1.1558837890625
0.0103530883789063 -0.0626220703125 -0.92333984375 -1.3583984375
0.0492172241210938 -0.0433006286621094 -1.404052734375 0.0994873046874999
0.0504837036132813 -0.0640830993652344 -0.44622802734375 1.00067138671875
0.0452346801757813 -0.086456298828125 0.3092041015625 0.726806640625
-0.0152378082275391 -0.0306434631347656 0.535552978515625 0.00469970703125
-0.0506172180175781 -0.0176925659179687 0.323486328125 -0.465576171875
-0.0757904052734375 -0.0551528930664062 -0.320465087890625 0.46466064453125
0.00489425659179687 -0.0518112182617188 -0.509521484375 -0.0102844238281251
0.0364608764648438 -0.076690673828125 -0.34454345703125 -0.70281982421875
0.0690231323242188 -0.0276908874511719 0.4259033203125 -1.037109375
0.0507621765136719 -0.00162887573242187 1.3406982421875 -0.110595703125
-0.0323066711425781 -0.0700340270996094 1.0079345703125 1.2386474609375
-0.0078582763671875 -0.0510749816894531 -0.0241699218750001 1.2171630859375
0.0148468017578125 -0.0426597595214844 0.067230224609375 0.13543701171875
-0.0160636901855469 -0.0553474426269531 0.2808837890625 -1.15185546875
0.0109481811523438 -0.0614128112792969 -0.8624267578125 -1.4068603515625
0.0494003295898438 -0.0386199951171875 -1.4224853515625 0.0334472656250002
0.0513534545898438 -0.0588455200195313 -0.504150390625 0.98651123046875
0.0437164306640625 -0.0832977294921875 0.26116943359375 0.73785400390625
-0.0168914794921875 -0.0316963195800781 0.515045166015625 0.012908935546875
-0.0514144897460938 -0.0209732055664062 0.3212890625 -0.461578369140625
-0.0700759887695313 -0.0548286437988281 -0.3197021484375 0.473663330078125
0.00487518310546875 -0.0503120422363281 -0.524169921875 0.00161743164062499
0.0263710021972656 -0.0651016235351563 -0.38134765625 -0.6890869140625
0.0552330017089844 -0.0159645080566406 0.38067626953125 -1.0445556640625
0.0408935546875 0.00292205810546875 1.324951171875 -0.16015625
-0.0338249206542969 -0.0681304931640625 1.0509033203125 1.1990966796875
-0.0050811767578125 -0.0470428466796875 0.0167236328125001 1.215087890625
0.0172519683837891 -0.0338230133056641 0.08001708984375 0.146621704101562
-0.0114288330078125 -0.0495986938476563 0.3330078125 -1.1446533203125
0.0105552673339844 -0.0606040954589844 -0.80322265625 -1.4517822265625
0.0388641357421875 -0.0312347412109375 -1.4322509765625 -0.0245361328125
0.042877197265625 -0.0435028076171875 -0.5535888671875 0.9722900390625
0.0375289916992188 -0.0712356567382813 0.2237548828125 0.7457275390625
-0.0155239105224609 -0.0301342010498047 0.49853515625 0.01861572265625
-0.0474624633789062 -0.0221900939941406 0.314666748046875 -0.460784912109375
-0.0215587615966797 -0.0264854431152344 -0.285919189453125 0.463043212890625
0.0285682678222656 -0.0326728820800781 -0.426849365234375 -0.0383300781250001
0.00308990478515625 0.0108966827392578 -0.20367431640625 -0.7548828125
-0.0243759155273438 0.0568008422851563 0.60626220703125 -0.9964599609375
-0.0462913513183594 0.0308723449707031 1.384765625 0.068603515625
-0.0247726440429687 -0.0631484985351563 0.854248046875 1.4019775390625
0.0585250854492187 -0.00914764404296875 -0.164794921875 1.2156982421875
0.0675697326660156 0.0260505676269531 0.0432510375976563 0.0788192749023438
0.0452308654785156 -0.0216636657714844 0.1207275390625 -1.179931640625
0.0040283203125 -0.0527000427246094 -1.052734375 -1.239501953125
-0.0414009094238281 0.00581741333007812 -1.35693359375 0.24951171875
-0.0241718292236328 0.0336627960205078 -0.30517578125 1.0218505859375
0.00146579742431641 -0.00478744506835937 0.4339599609375 0.682861328125
0.00810861587524414 -0.00345611572265625 0.5885009765625 -0.03448486328125
0.0050816535949707 0.00171327590942383 0.3310546875 -0.470916748046875
-0.0372238159179687 -0.0302314758300781 -0.28961181640625 0.45977783203125
0.0282707214355469 -0.0367584228515625 -0.42608642578125 -0.0408325195312499
0.018310546875 -0.0136089324951172 -0.19586181640625 -0.7532958984375
0.00318717956542969 0.0332698822021484 0.6195068359375 -0.98846435546875
-0.0239219665527344 0.0221462249755859 1.3819580078125 0.0855712890625
-0.02618408203125 -0.0660820007324219 0.8328857421875 1.41064453125
0.044708251953125 -0.0198135375976563 -0.184326171875 1.2125244140625
0.0581283569335938 0.00809097290039063 0.0368576049804688 0.0780487060546875
0.0297775268554687 -0.0296096801757813 0.107666015625 -1.1781005859375
0.00325775146484375 -0.0565757751464844 -1.06494140625 -1.2242431640625
-0.019927978515625 -0.00812530517578125 -1.3487548828125 0.26416015625
-0.006317138671875 0.0068826675415039 -0.28900146484375 1.02069091796875
0.0122394561767578 -0.0262546539306641 0.44317626953125 0.6759033203125
0.00334548950195313 -0.00866127014160156 0.5885009765625 -0.03887939453125
-0.0090627670288086 -0.000123023986816406 0.32965087890625 -0.477203369140625
-0.0509490966796875 -0.0349273681640625 -0.2939453125 0.457305908203125
0.0227622985839844 -0.0403861999511719 -0.4344482421875 -0.0397338867187499
0.0322227478027344 -0.0385627746582031 -0.20697021484375 -0.75079345703125
0.0317001342773438 0.0108470916748047 0.60357666015625 -0.99456787109375
0.00195789337158203 0.0158576965332031 1.382568359375 0.0703125
-0.0288925170898437 -0.0682258605957031 0.8494873046875 1.394775390625
0.0293083190917969 -0.0309276580810547 -0.172607421875 1.21240234375
0.0456123352050781 -0.01104736328125 0.0362319946289063 0.083038330078125
0.0142669677734375 -0.0402183532714844 0.1048583984375 -1.1719970703125
0.00486373901367187 -0.0594139099121094 -1.06494140625 -1.2244873046875
0.00277137756347656 -0.022369384765625 -1.354248046875 0.2607421875
0.0115795135498047 -0.0200080871582031 -0.29241943359375 1.02294921875
0.022369384765625 -0.0485954284667969 0.43597412109375 0.6820068359375
-0.00296592712402344 -0.0137233734130859 0.58544921875 -0.03448486328125
-0.0220603942871094 -0.00346183776855469 0.32745361328125 -0.47503662109375
-0.0633621215820313 -0.0408515930175781 -0.297760009765625 0.45904541015625
0.0167160034179688 -0.0454368591308594 -0.448089599609375 -0.0343933105468751
0.042327880859375 -0.0597572326660156 -0.2362060546875 -0.7420654296875
0.05523681640625 -0.0105476379394531 0.56988525390625 -1.00384521484375
0.0250034332275391 0.00941085815429687 1.37451171875 0.03271484375
-0.0296745300292969 -0.069793701171875 0.87890625 1.3680419921875
0.0145683288574219 -0.04107666015625 -0.1451416015625 1.21240234375
0.0346202850341797 -0.0270252227783203 0.0393295288085938 0.0923995971679688
0.000148773193359375 -0.0477828979492187 0.12890625 -1.1685791015625
0.00628280639648437 -0.06170654296875 -1.0411376953125 -1.2474365234375
0.0231380462646484 -0.0347232818603516 -1.3651123046875 0.2294921875
0.0269279479980469 -0.044158935546875 -0.32672119140625 1.01898193359375
0.0314865112304688 -0.0682487487792969 0.40740966796875 0.69232177734375
-0.00946807861328125 -0.0203590393066406 0.57183837890625 -0.0274658203125
-0.0348701477050781 -0.00704193115234375 0.328155517578125 -0.474639892578125
-0.0732269287109375 -0.0448455810546875 -0.30596923828125 0.459075927734375
0.0111351013183594 -0.048126220703125 -0.46807861328125 -0.0253295898437499
0.04461669921875 -0.0745391845703125 -0.27093505859375 -0.732421875
0.070404052734375 -0.0243453979492188 0.52447509765625 -1.0169677734375
0.0411224365234375 0.0025177001953125 1.3692626953125 -0.0152587890625
-0.0315933227539063 -0.0707168579101563 0.9215087890625 1.3253173828125
0.00179672241210938 -0.0487136840820313 -0.10986328125 1.2156982421875
0.0251922607421875 -0.0392684936523438 0.0466156005859375 0.105415344238281
-0.0109977722167969 -0.0537567138671875 0.166748046875 -1.1680908203125
0.00817489624023437 -0.0624122619628906 -0.99951171875 -1.295654296875
0.0397491455078125 -0.0411911010742188 -1.38671875 0.17919921875
0.0414009094238281 -0.0597801208496094 -0.373779296875 1.0164794921875
0.0395355224609375 -0.0819320678710937 0.36688232421875 0.70751953125
-0.0146522521972656 -0.0251522064208984 0.55450439453125 -0.013671875
-0.045013427734375 -0.0115890502929688 0.32232666015625 -0.471466064453125
-0.0786666870117188 -0.0491790771484375 -0.30859375 0.46575927734375
0.00635910034179688 -0.0514030456542969 -0.4901123046875 -0.015472412109375
0.0421295166015625 -0.0809478759765625 -0.3134765625 -0.7166748046875
0.0747528076171875 -0.0317001342773438 0.466796875 -1.03173828125
0.0508880615234375 -0.0029296875 1.356689453125 -0.0697021484375
-0.0345611572265625 -0.0711441040039063 0.9708251953125 1.279052734375
-0.00606918334960937 -0.0513153076171875 -0.0593261718749999 1.2161865234375
0.018280029296875 -0.0433082580566406 0.0576171875 0.1202392578125
-0.0167236328125 -0.0567092895507812 0.2171630859375 -1.1597900390625
0.0087432861328125 -0.0622482299804688 -0.942626953125 -1.34765625
0.0478477478027344 -0.0435104370117188 -1.4063720703125 0.1185302734375
0.0500373840332031 -0.0655174255371094 -0.43310546875 1.00640869140625
0.04486083984375 -0.0870590209960938 0.3187255859375 0.7220458984375
-0.0168037414550781 -0.0293159484863281 0.532257080078125 -0.003753662109375
-0.0512351989746094 -0.0153045654296875 0.31622314453125 -0.471527099609375
-0.0768814086914063 -0.0514373779296875 -0.310455322265625 0.471160888671875
0.00321197509765625 -0.0502662658691406 -0.50946044921875 -0.00253295898437505
0.0342330932617188 -0.077880859375 -0.3568115234375 -0.69976806640625
0.0693511962890625 -0.0284461975097656 0.40869140625 -1.0455322265625
0.0496788024902344 -0.00345230102539062 1.3380126953125 -0.133056640625
-0.0348472595214844 -0.0694541931152344 1.02685546875 1.2230224609375
-0.00931930541992187 -0.0507392883300781 -0.00659179687499996 1.2178955078125
0.0153884887695313 -0.0423316955566406 0.0693130493164063 0.135307312011719
-0.0175704956054687 -0.0544891357421875 0.2659912109375 -1.15380859375
0.00881576538085937 -0.0614051818847656 -0.8836669921875 -1.3997802734375
0.0486869812011719 -0.0387458801269531 -1.425048828125 0.0531005859374997
0.0509300231933594 -0.05938720703125 -0.49139404296875 0.99395751953125
0.0425796508789063 -0.0843048095703125 0.273193359375 0.7349853515625
-0.0172882080078125 -0.0318965911865234 0.513519287109375 0.0059814453125
-0.0516777038574219 -0.0185585021972656 0.313079833984375 -0.466644287109375
-0.0711746215820312 -0.053375244140625 -0.309844970703125 0.478790283203125
0.00244903564453125 -0.0501670837402344 -0.52435302734375 0.00827026367187506
0.0247230529785156 -0.0657272338867188 -0.39044189453125 -0.68353271484375
0.0556640625 -0.0170974731445312 0.36407470703125 -1.05194091796875
0.04034423828125 0.00104522705078125 1.3251953125 -0.1793212890625
-0.0347442626953125 -0.0687141418457031 1.070556640625 1.1820068359375
-0.00594329833984374 -0.0462570190429688 0.0375976562500001 1.2186279296875
0.0176620483398438 -0.0325393676757813 0.080841064453125 0.146881103515625
-0.0119590759277344 -0.0490837097167969 0.3167724609375 -1.1488037109375
0.0097808837890625 -0.0603523254394531 -0.82275390625 -1.443603515625
0.0393104553222656 -0.0331954956054688 -1.435546875 -0.00451660156249977
0.0416069030761719 -0.0443801879882813 -0.54107666015625 0.98095703125
0.0346832275390625 -0.0720977783203125 0.232177734375 0.7430419921875
-0.0168552398681641 -0.0300426483154297 0.497467041015625 0.01116943359375
-0.0475845336914062 -0.0194053649902344 0.30731201171875 -0.465728759765625
-0.0208683013916016 -0.0245113372802734 -0.278045654296875 0.465667724609375
0.0263824462890625 -0.0326004028320313 -0.4267578125 -0.0322875976562501
0.00298690795898438 0.0120983123779297 -0.21392822265625 -0.7503662109375
-0.0222816467285156 0.0577392578125 0.591796875 -1.0059814453125
-0.0456695556640625 0.0304985046386719 1.384033203125 0.04736328125
-0.0264968872070312 -0.0648422241210938 0.8739013671875 1.38671875
0.0577354431152344 -0.0103302001953125 -0.146484375 1.2152099609375
0.0690574645996094 0.0261726379394531 0.0445175170898438 0.0792007446289063
0.0445899963378906 -0.0198516845703125 0.1043701171875 -1.1785888671875
0.0025177001953125 -0.0543785095214844 -1.0694580078125 -1.2225341796875
-0.0413589477539063 0.00697708129882813 -1.3544921875 0.2679443359375
-0.0242481231689453 0.0340194702148438 -0.29022216796875 1.02349853515625
0.000315666198730468 -0.00483369827270508 0.4407958984375 0.67340087890625
0.00751352310180664 -0.00253152847290039 0.5841064453125 -0.044677734375
0.00572776794433594 0.0027918815612793 0.322296142578125 -0.4742431640625
-0.0372543334960937 -0.0286483764648438 -0.280548095703125 0.463134765625
0.0251007080078125 -0.0367202758789063 -0.425689697265625 -0.0341186523437501
0.0169496536254883 -0.0129308700561523 -0.20672607421875 -0.74969482421875
0.00437545776367187 0.0339069366455078 0.6011962890625 -0.9959716796875
-0.0235176086425781 0.0215930938720703 1.38037109375 0.06005859375
-0.0275459289550781 -0.0669937133789063 0.8524169921875 1.3955078125
0.0446624755859375 -0.0195884704589844 -0.1661376953125 1.2139892578125
0.05889892578125 0.0093994140625 0.0380859375 0.07818603515625
0.0296287536621094 -0.0298213958740234 0.0897216796874999 -1.177001953125
0.00281524658203126 -0.0562973022460938 -1.0809326171875 -1.2066650390625
-0.0200138092041016 -0.00677871704101562 -1.3453369140625 0.2818603515625
-0.00656270980834961 0.00639724731445312 -0.27545166015625 1.02239990234375
0.0109081268310547 -0.0261631011962891 0.45062255859375 0.66864013671875
0.00250816345214844 -0.00827121734619141 0.58660888671875 -0.046630859375
-0.0090188980102539 0.0012969970703125 0.321014404296875 -0.4815673828125
-0.0512351989746094 -0.0326576232910156 -0.2847900390625 0.46112060546875
0.0205192565917969 -0.0414009094238281 -0.432952880859375 -0.0345764160156249
0.0321121215820313 -0.038299560546875 -0.21728515625 -0.74639892578125
0.0325736999511719 0.0105247497558594 0.587158203125 -1.0023193359375
0.00200653076171875 0.0147886276245117 1.3809814453125 0.0494384765625
-0.0295143127441406 -0.0686988830566406 0.8643798828125 1.3798828125
0.0293483734130859 -0.0308971405029297 -0.154296875 1.211181640625
0.0471076965332031 -0.0103683471679688 0.036895751953125 0.0830001831054688
0.0130577087402344 -0.03912353515625 0.0897216796875001 -1.17431640625
0.00429534912109374 -0.0587654113769531 -1.080322265625 -1.2047119140625
0.00271224975585937 -0.0227336883544922 -1.347900390625 0.2774658203125
0.0102863311767578 -0.0206813812255859 -0.2786865234375 1.0244140625
0.0205307006835938 -0.0492706298828125 0.44146728515625 0.67364501953125
-0.00363063812255859 -0.0129861831665039 0.58209228515625 -0.04345703125
-0.0218048095703125 -0.00147819519042969 0.32110595703125 -0.48028564453125
-0.0644149780273438 -0.037628173828125 -0.289337158203125 0.461212158203125
0.0164871215820312 -0.0441703796386719 -0.4478759765625 -0.028106689453125
0.0406723022460937 -0.0599212646484375 -0.2464599609375 -0.73736572265625
0.0563774108886719 -0.0102615356445313 0.55181884765625 -1.01190185546875
0.0256328582763672 0.00709342956542969 1.374755859375 0.010986328125
-0.0312652587890625 -0.0696334838867188 0.896484375 1.351318359375
0.0139961242675781 -0.041168212890625 -0.12841796875 1.2127685546875
0.0348777770996094 -0.0261821746826172 0.0411758422851563 0.0923995971679688
-0.00108337402343749 -0.0474319458007813 0.112060546875 -1.1668701171875
0.005645751953125 -0.0612754821777344 -1.05517578125 -1.2305908203125
0.0227622985839844 -0.0356979370117188 -1.361328125 0.248046875
0.026947021484375 -0.0443840026855469 -0.31134033203125 1.02496337890625
0.030364990234375 -0.0692100524902344 0.4150390625 0.68536376953125
-0.0101432800292969 -0.0188503265380859 0.5701904296875 -0.03277587890625
-0.0348262786865234 -0.00445556640625 0.320159912109375 -0.4781494140625
-0.0732803344726563 -0.042694091796875 -0.296112060546875 0.463287353515625
0.0089874267578125 -0.0490531921386719 -0.467132568359375 -0.02001953125
0.0446853637695313 -0.0759048461914063 -0.28204345703125 -0.72650146484375
0.0712051391601563 -0.0252456665039063 0.50567626953125 -1.02557373046875
0.0420341491699219 0.0004730224609375 1.3646240234375 -0.0379638671875
-0.0339279174804688 -0.0716934204101563 0.936767578125 1.3089599609375
0.000900268554687503 -0.0476531982421875 -0.0910644531250001 1.2139892578125
0.0250358581542969 -0.037872314453125 0.0479965209960938 0.106468200683594
-0.0116767883300781 -0.0529289245605469 0.1517333984375 -1.164794921875
0.00642776489257812 -0.0622596740722656 -1.0106201171875 -1.2784423828125
0.0386962890625 -0.0428085327148438 -1.38330078125 0.1990966796875
0.0405998229980469 -0.060699462890625 -0.36260986328125 1.01947021484375
0.0376205444335938 -0.0832061767578125 0.375 0.70111083984375
-0.0151653289794922 -0.0246524810791016 0.55194091796875 -0.020721435546875
-0.045135498046875 -0.00957489013671874 0.315216064453125 -0.476165771484375
-0.0779953002929688 -0.0464859008789062 -0.29852294921875 0.468170166015625
0.005828857421875 -0.0514602661132813 -0.489654541015625 -0.00872802734374996
0.0408477783203125 -0.0810470581054688 -0.32525634765625 -0.71051025390625
0.0751266479492187 -0.0326461791992187 0.450439453125 -1.03753662109375
0.0497322082519531 -0.00489425659179688 1.35400390625 -0.0960693359375
-0.036102294921875 -0.0717086791992188 0.98974609375 1.2623291015625
-0.00749969482421875 -0.0509414672851563 -0.042236328125 1.2174072265625
0.0180091857910156 -0.0427742004394531 0.0583648681640625 0.120536804199219
-0.0185585021972656 -0.0548553466796875 0.2010498046875 -1.1590576171875
0.00775146484375 -0.06146240234375 -0.9581298828125 -1.3314208984375
0.047698974609375 -0.0434799194335938 -1.4024658203125 0.138427734375
0.0493507385253906 -0.0662002563476563 -0.4205322265625 1.0101318359375
0.0417861938476563 -0.0882492065429688 0.32794189453125 0.716064453125
-0.0173549652099609 -0.0295543670654297 0.530059814453125 -0.011688232421875
-0.0512657165527344 -0.0124168395996094 0.308502197265625 -0.474029541015625
-0.077972412109375 -0.0488433837890625 -0.3013916015625 0.475189208984375
0.00129318237304688 -0.0515556335449219 -0.507781982421875 0.00473022460937502
0.0341796875 -0.0774002075195313 -0.36773681640625 -0.69232177734375
0.0700492858886719 -0.0298652648925781 0.39154052734375 -1.04913330078125
0.0484428405761719 -0.00517654418945313 1.3328857421875 -0.154541015625
-0.036651611328125 -0.071136474609375 1.0428466796875 1.20849609375
-0.0102005004882813 -0.0499916076660156 0.0107421874999999 1.216064453125
0.0159759521484375 -0.0409164428710938 0.071380615234375 0.135643005371094
-0.0192985534667969 -0.0541038513183594 0.24951171875 -1.157470703125
0.006988525390625 -0.0610885620117188 -0.8997802734375 -1.3837890625
0.04779052734375 -0.0399971008300781 -1.42333984375 0.073974609375
0.0492782592773437 -0.0601654052734375 -0.477783203125 1.000244140625
0.0407028198242188 -0.0846710205078125 0.28265380859375 0.73046875
-0.0176963806152344 -0.0308151245117188 0.512298583984375 -0.001983642578125
-0.0516586303710938 -0.01568603515625 0.305999755859375 -0.470977783203125
-0.0717086791992188 -0.0507965087890625 -0.298828125 0.4830322265625
0.000785827636718745 -0.0497016906738281 -0.52374267578125 0.0171508789062501
0.0247650146484375 -0.0659675598144531 -0.4002685546875 -0.67669677734375
0.0560417175292969 -0.0170974731445313 0.34765625 -1.0570068359375
0.0405960083007813 -0.000934600830078125 1.3184814453125 -0.2017822265625
-0.0367927551269531 -0.0686874389648438 1.0845947265625 1.16650390625
-0.00637435913085937 -0.0451011657714844 0.0523681640624999 1.216796875
0.0179023742675781 -0.0312881469726563 0.0823211669921875 0.14691162109375
-0.0127792358398437 -0.0477066040039063 0.30029296875 -1.1494140625
0.00872039794921875 -0.0599136352539063 -0.8428955078125 -1.4288330078125
0.0382003784179688 -0.0330696105957031 -1.4365234375 0.0167236328124999
0.0408248901367188 -0.0457572937011719 -0.52978515625 0.9869384765625
0.0332565307617188 -0.0729904174804688 0.241943359375 0.73797607421875
-0.0162601470947266 -0.0306873321533203 0.495849609375 0.003143310546875
-0.0476493835449219 -0.0166702270507812 0.299224853515625 -0.469573974609375
-0.0215015411376953 -0.0226345062255859 -0.266143798828125 0.469940185546875
0.0248832702636719 -0.0329113006591797 -0.426055908203125 -0.0264892578125
0.00199317932128906 0.0114536285400391 -0.22430419921875 -0.74609375
-0.0205497741699219 0.0564727783203125 0.572021484375 -1.01300048828125
-0.0453681945800781 0.0304374694824219 1.3780517578125 0.0289306640625
-0.0280723571777344 -0.0651779174804688 0.8919677734375 1.3739013671875
0.0576324462890625 -0.0102653503417969 -0.1287841796875 1.213623046875
0.0702972412109375 0.0258560180664062 0.0453872680664063 0.0796585083007813
0.0445518493652344 -0.0210952758789062 0.0895996093750001 -1.17578125
0.002532958984375 -0.0529136657714844 -1.0821533203125 -1.202392578125
-0.0413475036621094 0.00719451904296874 -1.3477783203125 0.284423828125
-0.0229110717773437 0.0336647033691406 -0.276611328125 1.02398681640625
0.000231266021728516 -0.00440549850463867 0.4481201171875 0.6640625
0.00658369064331055 -0.00210762023925781 0.58013916015625 -0.05120849609375
0.00590229034423828 0.00443696975708008 0.3140869140625 -0.47802734375
-0.0365257263183594 -0.0256614685058594 -0.270965576171875 0.466217041015625
0.0236473083496094 -0.0364265441894531 -0.42431640625 -0.028594970703125
0.0171546936035156 -0.013005256652832 -0.216064453125 -0.7437744140625
0.00685882568359375 0.0344257354736328 0.58477783203125 -1.0013427734375
-0.0232982635498047 0.0220355987548828 1.3753662109375 0.0426025390625
-0.0292701721191406 -0.0664787292480469 0.869140625 1.3819580078125
0.0435142517089844 -0.020477294921875 -0.1484375 1.2125244140625
0.0593681335449219 0.0100173950195313 0.0380859375 0.0796279907226563
0.0296344757080078 -0.0288772583007813 0.0761718749999999 -1.174560546875
0.00180435180664062 -0.0562248229980469 -1.0931396484375 -1.1885986328125
-0.0199623107910156 -0.00674247741699219 -1.3389892578125 0.2998046875
-0.00659990310668945 0.00729227066040039 -0.2618408203125 1.02508544921875
0.0100364685058594 -0.0269889831542969 0.45770263671875 0.66094970703125
0.00177574157714844 -0.00867700576782227 0.5811767578125 -0.05450439453125
-0.00774717330932617 0.00453853607177734 0.311767578125 -0.483673095703125
-0.05120849609375 -0.0302658081054688 -0.274932861328125 0.464111328125
0.0188407897949219 -0.0408973693847656 -0.431549072265625 -0.02862548828125
0.0305519104003906 -0.0384140014648438 -0.22686767578125 -0.74078369140625
0.0335063934326172 0.0103244781494141 0.56829833984375 -1.0072021484375
0.00108146667480469 0.0139923095703125 1.373779296875 0.0277099609375
-0.0314788818359375 -0.0689277648925781 0.88330078125 1.3668212890625
0.0287647247314453 -0.0308799743652344 -0.1385498046875 1.2099609375
0.0465850830078125 -0.010833740234375 0.0375213623046875 0.0830535888671875
0.0125389099121094 -0.0384941101074219 0.0733642578124999 -1.17041015625
0.00343704223632813 -0.05889892578125 -1.0924072265625 -1.185791015625
0.00212287902832031 -0.0224418640136719 -1.3436279296875 0.2972412109375
0.0104331970214844 -0.0215606689453125 -0.264404296875 1.02410888671875
0.02001953125 -0.0496826171875 0.45074462890625 0.66455078125
-0.00482845306396484 -0.0127735137939453 0.57891845703125 -0.05023193359375
-0.020965576171875 0.000741958618164059 0.31378173828125 -0.48309326171875
-0.0641059875488281 -0.0344963073730469 -0.2783203125 0.46429443359375
0.0138473510742187 -0.0449638366699219 -0.446380615234375 -0.0216979980468749
0.0398826599121094 -0.0605583190917969 -0.2554931640625 -0.7315673828125
0.0560073852539063 -0.0112724304199219 0.53460693359375 -1.01568603515625
0.0233936309814453 0.00556182861328125 1.3682861328125 -0.0087890625
-0.0340957641601563 -0.07080078125 0.91162109375 1.3365478515625
0.0130386352539062 -0.0397682189941406 -0.1102294921875 1.209716796875
0.0354576110839844 -0.0261878967285156 0.0416030883789063 0.0928497314453125
-0.00205230712890625 -0.0449943542480469 0.0948486328124999 -1.165283203125
0.0045166015625 -0.06072998046875 -1.069580078125 -1.2169189453125
0.0222053527832031 -0.0355224609375 -1.353515625 0.265380859375
0.02587890625 -0.0444869995117188 -0.2974853515625 1.02545166015625
0.028289794921875 -0.0687599182128906 0.42236328125 0.67742919921875
-0.0110359191894531 -0.0184040069580078 0.567138671875 -0.04071044921875
-0.0337314605712891 -0.0018768310546875 0.31085205078125 -0.48187255859375
-0.0746841430664063 -0.0400543212890625 -0.2847900390625 0.466217041015625
0.00740432739257813 -0.0487327575683594 -0.46563720703125 -0.012664794921875
0.0418624877929688 -0.0761489868164063 -0.2919921875 -0.71923828125
0.0715789794921875 -0.0264663696289063 0.4903564453125 -1.02850341796875
0.0408897399902344 -0.00147628784179688 1.360107421875 -0.0556640625
-0.0362930297851563 -0.072021484375 0.9532470703125 1.2933349609375
0.000675201416015622 -0.0474929809570312 -0.0744628906250001 1.210205078125
0.0248794555664063 -0.0375518798828125 0.0492095947265625 0.106208801269531
-0.0131759643554688 -0.0507888793945313 0.1356201171875 -1.162841796875
0.00546646118164062 -0.0630378723144531 -1.025390625 -1.2613525390625
0.038543701171875 -0.0423164367675781 -1.3773193359375 0.2137451171875
0.0390853881835937 -0.0611381530761719 -0.3466796875 1.02020263671875
0.0351486206054687 -0.08251953125 0.38348388671875 0.69354248046875
-0.0157127380371094 -0.0234165191650391 0.548553466796875 -0.028594970703125
-0.0437889099121094 -0.00648117065429687 0.30645751953125 -0.478363037109375
-0.0793609619140625 -0.043060302734375 -0.287872314453125 0.4720458984375
0.00378417968750001 -0.0499801635742188 -0.48724365234375 -0.00411987304687505
0.0400161743164063 -0.0823440551757813 -0.33392333984375 -0.70318603515625
0.0762863159179688 -0.0331039428710938 0.43438720703125 -1.0401611328125
0.0490837097167969 -0.00587081909179688 1.3441162109375 -0.114501953125
-0.0377044677734375 -0.0719223022460938 1.00341796875 1.243896484375
-0.00826644897460937 -0.0504493713378906 -0.0244140625 1.21142578125
0.0190505981445312 -0.0421371459960938 0.0601043701171875 0.119949340820313
-0.0193367004394531 -0.0537490844726563 0.1842041015625 -1.159423828125
0.00519943237304688 -0.0614433288574219 -0.970947265625 -1.314453125
0.0469779968261719 -0.04486083984375 -1.3983154296875 0.1551513671875
0.0478744506835938 -0.0669364929199219 -0.4068603515625 1.0125732421875
0.0391921997070313 -0.0887298583984375 0.33551025390625 0.71002197265625
-0.0179843902587891 -0.0286045074462891 0.52716064453125 -0.018768310546875
-0.050689697265625 -0.0102767944335937 0.300079345703125 -0.477142333984375
-0.0774612426757813 -0.0459823608398437 -0.291046142578125 0.4771728515625
-0.000637054443359378 -0.0502204895019531 -0.50537109375 0.0113830566406251
0.0313644409179687 -0.0784454345703125 -0.375 -0.68585205078125
0.06915283203125 -0.0302658081054688 0.37542724609375 -1.0523681640625
0.0490036010742187 -0.0070648193359375 1.3267822265625 -0.171630859375
-0.0395050048828125 -0.0708770751953125 1.0587158203125 1.1903076171875
-0.0110397338867187 -0.0492019653320313 0.0268554687499999 1.2130126953125
0.016204833984375 -0.0399093627929688 0.0721054077148438 0.135108947753906
-0.019317626953125 -0.0518150329589844 0.234130859375 -1.1544189453125
0.00606155395507813 -0.0605850219726562 -0.9144287109375 -1.36572265625
0.0463371276855469 -0.041107177734375 -1.421875 0.0903320312499997
0.049041748046875 -0.0613784790039063 -0.46429443359375 1.00341796875
0.0388336181640625 -0.084381103515625 0.2890625 0.724853515625
-0.0182933807373047 -0.0303134918212891 0.5089111328125 -0.009368896484375
-0.0509262084960938 -0.0132217407226563 0.297027587890625 -0.47216796875
-0.0724945068359375 -0.0473403930664063 -0.288177490234375 0.48419189453125
-0.00127792358398438 -0.0493087768554687 -0.520355224609375 0.023223876953125
0.0225868225097656 -0.0658721923828125 -0.4100341796875 -0.670166015625
0.0573272705078125 -0.016754150390625 0.32928466796875 -1.05816650390625
0.0389442443847656 -0.00298690795898438 1.310791015625 -0.2200927734375
-0.0398101806640625 -0.0686874389648437 1.1005859375 1.14697265625
-0.00746917724609376 -0.0444869995117188 0.0706787109375001 1.2095947265625
0.0175685882568359 -0.0308361053466797 0.0837249755859375 0.14581298828125
-0.0139503479003906 -0.0462684631347656 0.2864990234375 -1.1490478515625
0.00645828247070312 -0.0587005615234375 -0.8577880859375 -1.413330078125
0.0376510620117188 -0.0351600646972656 -1.431640625 0.0339355468749998
0.0397682189941406 -0.0460205078125 -0.51348876953125 0.9892578125
0.0315628051757813 -0.072967529296875 0.24981689453125 0.732666015625
-0.0176410675048828 -0.0292205810546875 0.49273681640625 -0.003662109375
-0.0467872619628906 -0.014007568359375 0.290802001953125 -0.471893310546875
-0.0220108032226563 -0.0202293395996094 -0.256866455078125 0.470550537109375
0.0225067138671875 -0.0323429107666016 -0.4228515625 -0.021148681640625
0.00216960906982422 0.0111045837402344 -0.23590087890625 -0.7386474609375
-0.0183029174804688 0.0578079223632813 0.5550537109375 -1.013916015625
-0.0467872619628906 0.029327392578125 1.3701171875 0.00732421875
-0.0292892456054687 -0.0650482177734375 0.90380859375 1.3533935546875
0.0577659606933594 -0.0108642578125 -0.1148681640625 1.2091064453125
0.07110595703125 0.0263671875 0.0454788208007813 0.0798263549804688
0.0443153381347656 -0.0201072692871094 0.0760498046875 -1.16845703125
0.001739501953125 -0.0523796081542969 -1.090576171875 -1.1829833984375
-0.0401649475097656 0.00795364379882813 -1.3377685546875 0.29931640625
-0.0220489501953125 0.0343494415283203 -0.2626953125 1.0225830078125
-0.000926971435546875 -0.00424432754516602 0.45343017578125 0.65576171875
0.00615787506103516 -0.00249624252319336 0.57684326171875 -0.05859375
0.00575780868530274 0.00668430328369141 0.306396484375 -0.478118896484375
-0.0369949340820313 -0.0228118896484375 -0.260345458984375 0.4664306640625
0.0219688415527344 -0.0361747741699219 -0.423980712890625 -0.02294921875
0.0164375305175781 -0.0123052597045898 -0.22705078125 -0.7376708984375
0.00808143615722656 0.0330104827880859 0.56689453125 -1.00628662109375
-0.0233097076416016 0.0207328796386719 1.3719482421875 0.0245361328125
-0.03167724609375 -0.068206787109375 0.88232421875 1.36474609375
0.0437240600585938 -0.0206336975097656 -0.1302490234375 1.20703125
0.0597953796386719 0.00919342041015625 0.0404281616210938 0.0792007446289063
0.02874755859375 -0.0285167694091797 0.0606689453125001 -1.16552734375
0.00162887573242187 -0.0553665161132813 -1.0992431640625 -1.1710205078125
-0.0201606750488281 -0.00708198547363282 -1.330078125 0.3135986328125
-0.00551319122314453 0.00579118728637695 -0.248291015625 1.02203369140625
0.00845718383789063 -0.0263538360595703 0.46221923828125 0.65216064453125
0.00152444839477539 -0.00767660140991211 0.5772705078125 -0.061767578125
-0.00768327713012695 0.00573396682739258 0.304779052734375 -0.484954833984375
-0.0497512817382813 -0.027252197265625 -0.264190673828125 0.46533203125
0.016632080078125 -0.0402488708496094 -0.428985595703125 -0.02227783203125
0.0295257568359375 -0.0389480590820313 -0.23773193359375 -0.7327880859375
0.0338459014892578 0.0107536315917969 0.55084228515625 -1.0087890625
0.000905036926269532 0.0123634338378906 1.366455078125 0.0064697265625
-0.0332832336425781 -0.068359375 0.8953857421875 1.345458984375
0.0278282165527344 -0.0309581756591797 -0.120849609375 1.2044677734375
0.0477218627929688 -0.009796142578125 0.0395355224609375 0.0834197998046875
0.0127449035644531 -0.0376815795898438 0.0609130859375 -1.16357421875
0.00208282470703125 -0.0577507019042969 -1.09814453125 -1.1666259765625
0.00105667114257812 -0.0230293273925781 -1.333740234375 0.3121337890625
0.0106830596923828 -0.0214118957519531 -0.25262451171875 1.02239990234375
0.0182723999023438 -0.0499687194824219 0.45599365234375 0.65667724609375
-0.00469112396240234 -0.0117874145507813 0.57342529296875 -0.0565185546875
-0.0196247100830078 0.00348854064941406 0.3040771484375 -0.48321533203125
-0.0640525817871094 -0.032135009765625 -0.269622802734375 0.4659423828125
0.0117988586425781 -0.0444602966308594 -0.44451904296875 -0.015899658203125
0.0382041931152344 -0.060882568359375 -0.26446533203125 -0.72412109375
0.0570297241210938 -0.0115585327148438 0.5167236328125 -1.01580810546875
0.0231227874755859 0.00387382507324219 1.35986328125 -0.029052734375
-0.0363693237304688 -0.0705108642578125 0.9241943359375 1.3154296875
0.0121116638183594 -0.0393943786621094 -0.0941162109374999 1.2032470703125
0.035736083984375 -0.0257339477539062 0.0422210693359375 0.0933151245117188
-0.0022125244140625 -0.0443687438964844 0.0812988281249999 -1.1591796875
0.00263214111328125 -0.0602569580078125 -1.0792236328125 -1.197021484375
0.0219993591308594 -0.0352287292480469 -1.347412109375 0.2813720703125
0.0262908935546875 -0.0453643798828125 -0.28509521484375 1.0208740234375
0.0267105102539062 -0.0704803466796875 0.428955078125 0.669921875
-0.0113086700439453 -0.0179653167724609 0.56256103515625 -0.0474853515625
-0.0337104797363281 -0.000804901123046882 0.30218505859375 -0.4822998046875
-0.0736618041992188 -0.0365982055664062 -0.27459716796875 0.467376708984375
0.00598526000976562 -0.0475997924804687 -0.46246337890625 -0.00784301757812502
0.0412139892578125 -0.0765304565429688 -0.30157470703125 -0.7117919921875
0.0714187622070312 -0.02685546875 0.4718017578125 -1.03057861328125
0.0401496887207031 -0.00255584716796875 1.35009765625 -0.0743408203125
-0.0386962890625 -0.0717391967773438 0.96484375 1.2735595703125
-0.000312805175781251 -0.0466461181640625 -0.0581054687500001 1.2061767578125
0.0255546569824219 -0.0359725952148438 0.0509262084960938 0.105072021484375
-0.0135459899902344 -0.0488739013671875 0.12255859375 -1.156982421875
0.00394821166992187 -0.06005859375 -1.03515625 -1.243408203125
0.0372543334960938 -0.0429611206054688 -1.370361328125 0.2325439453125
0.0387649536132813 -0.0620765686035156 -0.3343505859375 1.021240234375
0.0331497192382813 -0.08282470703125 0.38983154296875 0.68585205078125
-0.0158786773681641 -0.0236072540283203 0.543609619140625 -0.034454345703125
-0.0425262451171875 -0.00457000732421876 0.297637939453125 -0.47967529296875
-0.0788497924804688 -0.0401535034179688 -0.2777099609375 0.47296142578125
0.00162124633789062 -0.0494155883789063 -0.48480224609375 0.00299072265624993
0.0386428833007813 -0.0822219848632813 -0.34222412109375 -0.6953125
0.0761795043945313 -0.0345230102539063 0.41497802734375 -1.041748046875
0.0478057861328125 -0.00861740112304688 1.337158203125 -0.132568359375
-0.0405120849609375 -0.0722122192382813 1.0155029296875 1.2269287109375
-0.0082855224609375 -0.0492935180664063 -0.00878906249999988 1.20654296875
0.0190658569335938 -0.041259765625 0.0616302490234375 0.119735717773438
-0.0195236206054687 -0.051422119140625 0.170166015625 -1.153564453125
0.004486083984375 -0.061279296875 -0.9833984375 -1.29638671875
0.0464668273925781 -0.04595947265625 -1.391845703125 0.1724853515625
0.046783447265625 -0.0672225952148438 -0.392578125 1.012939453125
0.0381546020507812 -0.088043212890625 0.3424072265625 0.70184326171875
-0.0186271667480469 -0.028045654296875 0.523345947265625 -0.025177001953125
-0.0492439270019531 -0.00804519653320313 0.290740966796875 -0.479095458984375
-0.078155517578125 -0.04315185546875 -0.280548095703125 0.4779052734375
-0.00262832641601563 -0.0492019653320313 -0.503814697265625 0.0170593261718749
0.0299224853515625 -0.0781478881835938 -0.384521484375 -0.67791748046875
0.0696258544921875 -0.0311851501464844 0.358154296875 -1.0517578125
0.0476646423339844 -0.0084228515625 1.3154296875 -0.18994140625
-0.0414276123046875 -0.0707931518554688 1.06689453125 1.173828125
-0.0124359130859375 -0.0486106872558594 0.0432128906250001 1.2061767578125
0.0163154602050781 -0.0391960144042969 0.07330322265625 0.134185791015625
-0.0192756652832031 -0.0503959655761719 0.2193603515625 -1.1512451171875
0.00494384765625001 -0.060272216796875 -0.9266357421875 -1.35009765625
0.0467109680175781 -0.0408897399902344 -1.4130859375 0.109619140625
0.0472145080566406 -0.0615997314453125 -0.4520263671875 1.0035400390625
0.0369110107421875 -0.0852508544921875 0.29608154296875 0.71630859375
-0.0196666717529297 -0.0304679870605469 0.505340576171875 -0.01495361328125
-0.04925537109375 -0.0105514526367187 0.28839111328125 -0.474822998046875
-0.07232666015625 -0.044647216796875 -0.279022216796875 0.486480712890625
-0.00244140625 -0.0488929748535156 -0.51708984375 0.0281677246093749
0.0213508605957031 -0.0661849975585938 -0.4176025390625 -0.65985107421875
0.0566291809082031 -0.0168380737304688 0.3125 -1.058349609375
0.0382537841796875 -0.00358963012695313 1.301025390625 -0.239501953125
-0.0421257019042969 -0.0688133239746094 1.1092529296875 1.1282958984375
-0.00963211059570313 -0.0438308715820313 0.083740234375 1.20263671875
0.0183963775634766 -0.0292644500732422 0.08612060546875 0.145721435546875
-0.0143585205078125 -0.0448150634765625 0.26904296875 -1.1470947265625
0.00598526000976563 -0.0586891174316406 -0.87109375 -1.3966064453125
0.0367050170898437 -0.0338897705078125 -1.42529296875 0.0520019531249998
0.0400848388671875 -0.0468521118164063 -0.49993896484375 0.9908447265625
0.0299606323242187 -0.0728912353515625 0.25750732421875 0.7257080078125
-0.0185699462890625 -0.0288944244384766 0.488922119140625 -0.0096435546875
-0.0459671020507812 -0.0122337341308594 0.28216552734375 -0.47216796875
-0.0215549468994141 -0.0183238983154297 -0.247039794921875 0.469696044921875
0.0219478607177734 -0.0312290191650391 -0.419921875 -0.01641845703125
0.00243282318115234 0.0117044448852539 -0.24139404296875 -0.73126220703125
-0.0175514221191406 0.0576515197753906 0.53765869140625 -1.01397705078125
-0.0454330444335937 0.0296592712402344 1.3623046875 -0.008544921875
-0.0315055847167969 -0.065521240234375 0.9140625 1.335693359375
0.05670166015625 -0.0103683471679688 -0.0982666015624999 1.203125
0.0717697143554687 0.0255889892578125 0.0467910766601563 0.079254150390625
0.0439834594726563 -0.01885986328125 0.0628662109375001 -1.163330078125
0.00175857543945313 -0.0521240234375 -1.096435546875 -1.164794921875
-0.0395774841308594 0.00823593139648436 -1.3272705078125 0.31396484375
-0.0215415954589844 0.0338916778564453 -0.25067138671875 1.0191650390625
-0.000498533248901368 -0.00420236587524414 0.45721435546875 0.646728515625
0.00563812255859375 -0.00158405303955078 0.57037353515625 -0.0650634765625
0.00651741027832031 0.0078120231628418 0.2982177734375 -0.47869873046875
-0.0369186401367188 -0.0209503173828125 -0.250823974609375 0.465301513671875
0.0204315185546875 -0.0359115600585938 -0.420989990234375 -0.0180969238281251
0.0158405303955078 -0.0123767852783203 -0.2340087890625 -0.7310791015625
0.00805854797363281 0.0335617065429687 0.54888916015625 -1.0057373046875
-0.0231590270996094 0.0191669464111328 1.3587646484375 0.00634765625
-0.033172607421875 -0.0673599243164062 0.892333984375 1.3438720703125
0.0427017211914062 -0.0201873779296875 -0.1158447265625 1.201904296875
0.0611190795898438 0.00854873657226563 0.0403823852539063 0.0788497924804688
0.0292243957519531 -0.0278568267822266 0.046875 -1.159912109375
0.000545501708984371 -0.0549087524414063 -1.1072998046875 -1.1524658203125
-0.0201206207275391 -0.00670623779296875 -1.318603515625 0.3267822265625
-0.0052342414855957 0.00618839263916016 -0.2373046875 1.01739501953125
0.00838088989257813 -0.0264091491699219 0.464599609375 0.64202880859375
0.00124883651733398 -0.00724554061889648 0.5709228515625 -0.06829833984375
-0.00659799575805664 0.00794744491577148 0.29644775390625 -0.484710693359375
-0.0504226684570312 -0.0253334045410156 -0.2552490234375 0.46429443359375
0.0152664184570313 -0.0388526916503906 -0.4276123046875 -0.01800537109375
0.0290298461914063 -0.0381965637207031 -0.2447509765625 -0.72503662109375
0.0350437164306641 0.00877761840820312 0.5357666015625 -1.01007080078125
0.000813484191894531 0.0117769241333008 1.35595703125 -0.008056640625
-0.0351142883300781 -0.0685386657714844 0.9058837890625 1.3284912109375
0.0271720886230469 -0.0306930541992188 -0.108154296875 1.1986083984375
0.0488624572753906 -0.00946807861328125 0.0398635864257813 0.0835800170898438
0.0123519897460938 -0.0364952087402344 0.0471191406249999 -1.1563720703125
0.00162887573242188 -0.0568046569824219 -1.104736328125 -1.1492919921875
0.00117111206054687 -0.0232162475585938 -1.3228759765625 0.324951171875
0.009552001953125 -0.02154541015625 -0.24237060546875 1.01861572265625
0.0164985656738281 -0.049224853515625 0.45867919921875 0.64739990234375
-0.005401611328125 -0.0113210678100586 0.56817626953125 -0.0635986328125
-0.0189609527587891 0.00422096252441407 0.295623779296875 -0.484100341796875
-0.0633926391601562 -0.0297317504882813 -0.259368896484375 0.4642333984375
0.0104446411132813 -0.0435523986816406 -0.440155029296875 -0.0126953125000001
0.0374526977539063 -0.0602836608886719 -0.2725830078125 -0.71722412109375
0.0565109252929688 -0.0115318298339844 0.500732421875 -1.01885986328125
0.0232410430908203 0.00258636474609375 1.3504638671875 -0.0439453125
-0.0382614135742187 -0.069580078125 0.93408203125 1.2998046875
0.0110282897949219 -0.0392379760742188 -0.0806884765625001 1.198486328125
0.0361862182617188 -0.0247955322265625 0.0433349609375 0.092529296875
-0.00324630737304687 -0.0436744689941406 0.0699462890625001 -1.152587890625
0.0026397705078125 -0.0596694946289063 -1.08349609375 -1.18017578125
0.0213851928710937 -0.036346435546875 -1.3363037109375 0.2933349609375
0.0252647399902344 -0.0450325012207031 -0.27392578125 1.01947021484375
0.0244979858398438 -0.068634033203125 0.4322509765625 0.65972900390625
-0.0114297866821289 -0.0162563323974609 0.5560302734375 -0.053070068359375
-0.0319423675537109 0.00174903869628907 0.294342041015625 -0.482147216796875
-0.07354736328125 -0.0342025756835938 -0.26708984375 0.467071533203125
0.00450515747070313 -0.0471153259277344 -0.461578369140625 -0.00265502929687508
0.0394363403320313 -0.0761947631835938 -0.3072509765625 -0.70257568359375
0.070892333984375 -0.0274276733398438 0.4560546875 -1.0284423828125
0.0388870239257813 -0.00437545776367188 1.340087890625 -0.091552734375
-0.0396194458007813 -0.0716781616210937 0.9749755859375 1.2564697265625
-0.00124359130859375 -0.0450172424316406 -0.0456542968750001 1.199951171875
0.025848388671875 -0.0360984802246094 0.051055908203125 0.104988098144531
-0.0142402648925781 -0.0482215881347656 0.1087646484375 -1.151611328125
0.00360488891601563 -0.0603713989257812 -1.04052734375 -1.22509765625
0.0366172790527344 -0.0431442260742188 -1.3619384765625 0.2451171875
0.0376014709472656 -0.0627670288085938 -0.32220458984375 1.01702880859375
0.0316925048828125 -0.0823974609375 0.3931884765625 0.6766357421875
-0.0167369842529297 -0.02191162109375 0.53802490234375 -0.040069580078125
-0.0413360595703125 -0.00211334228515624 0.29107666015625 -0.4779052734375
-0.0784835815429688 -0.0379638671875 -0.268310546875 0.472900390625
-6.10351562500017E-05 -0.0486030578613281 -0.48187255859375 0.00906372070312506
0.0366744995117188 -0.0816116333007813 -0.3480224609375 -0.686767578125
0.0757598876953125 -0.0351409912109375 0.39947509765625 -1.0399169921875
0.0463752746582031 -0.00914382934570313 1.3260498046875 -0.1466064453125
-0.0421295166015625 -0.0707626342773437 1.0206298828125 1.2041015625
-0.0102996826171875 -0.0479507446289063 0.0029296875 1.19775390625
0.0192985534667969 -0.0407676696777344 0.0626754760742188 0.119430541992188
-0.0200157165527344 -0.0501747131347656 0.157958984375 -1.14794921875
0.00324249267578126 -0.06005859375 -0.9898681640625 -1.2781982421875
0.0448570251464844 -0.0462493896484375 -1.3834228515625 0.1878662109375
0.0456123352050781 -0.068267822265625 -0.38079833984375 1.0107421875
0.0359878540039063 -0.088592529296875 0.34661865234375 0.692626953125
-0.0184135437011719 -0.0276050567626953 0.518829345703125 -0.030426025390625
-0.0475997924804687 -0.00594711303710938 0.283843994140625 -0.479034423828125
-0.0775604248046875 -0.0410919189453125 -0.272125244140625 0.478424072265625
-0.00417709350585938 -0.0490455627441406 -0.497711181640625 0.023101806640625
0.0291976928710937 -0.07861328125 -0.3896484375 -0.66717529296875
0.0701255798339844 -0.0321502685546875 0.33990478515625 -1.05029296875
0.0466346740722656 -0.0107307434082031 1.3056640625 -0.206298828125
-0.0435409545898438 -0.0707321166992188 1.0736083984375 1.1517333984375
-0.0126152038574219 -0.0472984313964844 0.0557861328125 1.1971435546875
0.0163078308105469 -0.0374641418457031 0.07525634765625 0.133941650390625
-0.0207328796386719 -0.0486717224121094 0.20654296875 -1.1453857421875
0.00503540039062499 -0.0593719482421875 -0.9337158203125 -1.33349609375
0.0461997985839844 -0.0420761108398438 -1.4034423828125 0.12158203125
0.0466880798339844 -0.0625762939453125 -0.43829345703125 1.00146484375
0.0349197387695312 -0.0848541259765625 0.30267333984375 0.7083740234375
-0.0198383331298828 -0.0283107757568359 0.5 -0.019866943359375
-0.0477027893066406 -0.00831222534179688 0.281036376953125 -0.474273681640625
-0.0715713500976563 -0.0418014526367188 -0.2686767578125 0.4869384765625
-0.00391769409179687 -0.0471305847167969 -0.51220703125 0.035308837890625
0.0193099975585938 -0.0654945373535156 -0.42169189453125 -0.65069580078125
0.0576934814453125 -0.0183982849121094 0.29742431640625 -1.05596923828125
0.0377960205078125 -0.00516128540039063 1.28857421875 -0.2515869140625
-0.0429534912109375 -0.06890869140625 1.11871337890625 1.10821533203125
-0.00901412963867187 -0.0426483154296875 0.0981445312500001 1.1951904296875
0.0188426971435547 -0.0288124084472656 0.0868072509765625 0.144256591796875
-0.015380859375 -0.0429496765136719 0.255859375 -1.1414794921875
0.0055389404296875 -0.0584297180175781 -0.878173828125 -1.37939453125
0.0364608764648438 -0.0347862243652344 -1.414306640625 0.0670166015624998
0.0397605895996094 -0.0470848083496094 -0.4879150390625 0.9908447265625
0.0281829833984375 -0.072601318359375 0.26202392578125 0.71771240234375
-0.0192966461181641 -0.0272350311279297 0.48455810546875 -0.013702392578125
-0.0445327758789063 -0.00973129272460938 0.27593994140625 -0.4727783203125
-0.0213127136230469 -0.016326904296875 -0.239013671875 0.4686279296875
0.0192451477050781 -0.0312633514404297 -0.416351318359375 -0.0124511718750001
0.00246524810791016 0.0123157501220703 -0.24749755859375 -0.72503662109375
-0.015899658203125 0.0570793151855469 0.5247802734375 -1.0118408203125
-0.0459327697753906 0.0290603637695313 1.3519287109375 -0.0224609375
-0.0327415466308594 -0.0656852722167969 0.9207763671875 1.3197021484375
0.0558547973632813 -0.010498046875 -0.0863037109375 1.1942138671875
0.0720901489257813 0.0261764526367188 0.0474929809570313 0.0792694091796875
0.0436744689941406 -0.0186805725097656 0.0526123046875001 -1.153076171875
0.000873565673828131 -0.0508041381835938 -1.10009765625 -1.1474609375
-0.039215087890625 0.00817108154296875 -1.3172607421875 0.322265625
-0.0215015411376953 0.0338249206542969 -0.2427978515625 1.0142822265625
-0.0025169849395752 -0.00421452522277832 0.45941162109375 0.63818359375
0.00456571578979492 -0.00222015380859375 0.56414794921875 -0.068359375
0.00849628448486328 0.00974369049072266 0.291748046875 -0.47686767578125
-0.0367355346679687 -0.0191383361816406 -0.243804931640625 0.464508056640625
0.0184078216552734 -0.0350074768066406 -0.417572021484375 -0.015380859375
0.0152511596679688 -0.0118904113769531 -0.240478515625 -0.7227783203125
0.009735107421875 0.0330314636230469 0.53717041015625 -1.00360107421875
-0.0238628387451172 0.0192928314208984 1.346923828125 -0.0059814453125
-0.0353660583496094 -0.0670623779296875 0.896484375 1.327392578125
0.0425033569335938 -0.019561767578125 -0.106201171875 1.1929931640625
0.0617103576660156 0.00935745239257813 0.0410079956054688 0.0792465209960938
0.0282936096191406 -0.0264472961425781 0.0382080078124999 -1.15283203125
0.000396728515624999 -0.0539207458496094 -1.1068115234375 -1.1356201171875
-0.0206146240234375 -0.00613975524902344 -1.3087158203125 0.334716796875
-0.00563859939575195 0.00589370727539062 -0.22821044921875 1.01312255859375
0.00719070434570313 -0.0261859893798828 0.4681396484375 0.6331787109375
0.000663280487060546 -0.00710678100585938 0.56512451171875 -0.0711669921875
-0.0052032470703125 0.00970458984375 0.28875732421875 -0.48443603515625
-0.04962158203125 -0.0233726501464844 -0.2469482421875 0.4630126953125
0.0146141052246094 -0.0385246276855469 -0.4239501953125 -0.0149841308593749
0.0278358459472656 -0.0386390686035156 -0.2510986328125 -0.71807861328125
0.0361328125 0.00911331176757813 0.5198974609375 -1.00604248046875
-0.000292778015136718 0.010807991027832 1.346435546875 -0.0234375
-0.0372810363769531 -0.0686264038085938 0.9141845703125 1.309814453125
0.0263805389404297 -0.0299758911132813 -0.0938720703125001 1.19189453125
0.0484161376953125 -0.00963592529296875 0.0413970947265625 0.0832443237304688
0.0112266540527344 -0.0352363586425781 0.0366210937499999 -1.14794921875
0.00061416625976563 -0.0570259094238281 -1.107421875 -1.131591796875
0.00162696838378906 -0.0215110778808594 -1.3109130859375 0.3323974609375
0.0093994140625 -0.0216274261474609 -0.23046875 1.01373291015625
0.0145301818847656 -0.04974365234375 0.4599609375 0.63873291015625
-0.00631141662597656 -0.011204719543457 0.5626220703125 -0.0675048828125
-0.0177211761474609 0.00579452514648438 0.28753662109375 -0.481903076171875
-0.0628089904785156 -0.0280952453613281 -0.25189208984375 0.463775634765625
0.00933074951171875 -0.0426025390625 -0.437896728515625 -0.00753784179687496
0.0358314514160156 -0.0602874755859375 -0.27740478515625 -0.708740234375
0.0580482482910156 -0.012298583984375 0.48541259765625 -1.01495361328125
0.0226039886474609 0.00231170654296875 1.3392333984375 -0.05615234375
-0.039764404296875 -0.0704269409179688 0.938720703125 1.2830810546875
0.0103645324707031 -0.0385856628417969 -0.0706787109375001 1.18994140625
0.0363845825195313 -0.0241241455078125 0.0444107055664063 0.0919952392578125
-0.00290298461914063 -0.0423164367675781 0.0592041015625 -1.14404296875
0.00173187255859375 -0.0591583251953125 -1.0848388671875 -1.160888671875
0.0211639404296875 -0.0356063842773438 -1.32666015625 0.303466796875
0.0240516662597656 -0.0459976196289062 -0.2652587890625 1.01434326171875
0.0225830078125 -0.0688438415527344 0.4327392578125 0.6529541015625
-0.0117158889770508 -0.0164279937744141 0.550537109375 -0.057586669921875
-0.0302352905273438 0.00313758850097657 0.288299560546875 -0.481719970703125
-0.0727767944335938 -0.0329742431640625 -0.25885009765625 0.465576171875
0.003570556640625 -0.0456771850585938 -0.4569091796875 0.00143432617187508
0.0385665893554687 -0.0756454467773438 -0.31158447265625 -0.6953125
0.0714111328125 -0.027557373046875 0.4425048828125 -1.025390625
0.0381240844726563 -0.00560760498046875 1.3272705078125 -0.1033935546875
-0.0420074462890625 -0.07110595703125 0.9766845703125 1.2393798828125
-0.00258255004882813 -0.044677734375 -0.0351562500000001 1.190185546875
0.0263919830322266 -0.0349102020263672 0.0528182983398438 0.105010986328125
-0.0150794982910156 -0.0470237731933594 0.0999755859375 -1.14404296875
0.00206756591796876 -0.0599822998046875 -1.0452880859375 -1.2083740234375
0.0369110107421875 -0.0443572998046875 -1.3502197265625 0.25634765625
0.0371170043945312 -0.0621871948242188 -0.31414794921875 1.011474609375
0.0296096801757813 -0.0825347900390625 0.39520263671875 0.6693115234375
-0.0178432464599609 -0.0214653015136719 0.533416748046875 -0.04510498046875
-0.0403861999511719 -0.00101852416992188 0.283416748046875 -0.48028564453125
-0.0778884887695313 -0.0350723266601563 -0.259796142578125 0.47119140625
-0.000541687011718747 -0.0478553771972656 -0.477020263671875 0.0128173828125
0.0349960327148438 -0.0824966430664063 -0.353515625 -0.67889404296875
0.0761260986328125 -0.0357894897460938 0.3861083984375 -1.03277587890625
0.0455284118652344 -0.0109748840332031 1.3118896484375 -0.1610107421875
-0.0435333251953125 -0.0711593627929688 1.02685546875 1.1884765625
-0.00994491577148438 -0.0475959777832031 0.0134277343750001 1.189697265625
0.0195159912109375 -0.0401039123535156 0.063873291015625 0.118675231933594
-0.0206527709960937 -0.0481948852539063 0.1474609375 -1.1385498046875
0.00299835205078125 -0.0597114562988281 -0.9931640625 -1.2593994140625
0.0442352294921875 -0.0463905334472656 -1.3701171875 0.19921875
0.0449867248535156 -0.06890869140625 -0.37091064453125 1.007080078125
0.0334930419921875 -0.0876388549804687 0.3507080078125 0.68475341796875
-0.0193824768066406 -0.0257186889648438 0.513275146484375 -0.033538818359375
-0.0465812683105469 -0.00337982177734375 0.276214599609375 -0.47723388671875
-0.0766677856445312 -0.0384292602539063 -0.262969970703125 0.476654052734375
-0.005401611328125 -0.0474472045898438 -0.495086669921875 0.0274658203125
0.02740478515625 -0.0783920288085937 -0.39422607421875 -0.659912109375
0.0701980590820313 -0.0321617126464844 0.32635498046875 -1.04595947265625
0.0453948974609375 -0.0108833312988281 1.2943115234375 -0.2186279296875
-0.0451278686523437 -0.070404052734375 1.0780029296875 1.1341552734375
-0.0137443542480469 -0.0456428527832031 0.0670166015625 1.188232421875
0.0175552368164063 -0.0369110107421875 0.0758895874023438 0.132492065429687
-0.0207099914550781 -0.0470352172851563 0.1953125 -1.1370849609375
0.00349807739257812 -0.0590972900390625 -0.937255859375 -1.3154296875
0.0440750122070313 -0.0421600341796875 -1.39599609375 0.137451171875
0.0458908081054688 -0.0632667541503906 -0.4307861328125 0.9986572265625
0.0332260131835938 -0.084381103515625 0.30389404296875 0.70159912109375
-0.0201263427734375 -0.0272865295410156 0.495330810546875 -0.023193359375
-0.0467414855957031 -0.00609588623046876 0.275146484375 -0.47296142578125
-0.07159423828125 -0.0409164428710938 -0.2593994140625 0.4827880859375
-0.00524520874023437 -0.0469970703125 -0.509063720703125 0.03863525390625
0.0196075439453125 -0.0652198791503906 -0.42657470703125 -0.641845703125
0.0579109191894531 -0.0188064575195312 0.28509521484375 -1.04962158203125
0.0369300842285156 -0.00687408447265625 1.2752685546875 -0.263671875
-0.045135498046875 -0.0695571899414063 1.1190185546875 1.09283447265625
-0.00936126708984374 -0.0418357849121094 0.10791015625 1.185791015625
0.0195102691650391 -0.0285377502441406 0.087860107421875 0.143966674804688
-0.0150184631347656 -0.0415725708007812 0.245849609375 -1.132080078125
0.0040130615234375 -0.0579261779785156 -0.8841552734375 -1.3629150390625
0.0354576110839844 -0.035400390625 -1.4088134765625 0.0778808593750001
0.0378684997558594 -0.0479240417480469 -0.4779052734375 0.98883056640625
0.0265426635742188 -0.0721511840820313 0.26470947265625 0.712158203125
-0.0192699432373047 -0.0261344909667969 0.4798583984375 -0.017974853515625
-0.0426673889160156 -0.00780105590820313 0.26910400390625 -0.471649169921875
-0.0216865539550781 -0.0140266418457031 -0.231475830078125 0.4659423828125
0.0172290802001953 -0.0295066833496094 -0.41363525390625 -0.0102233886718751
0.00285148620605469 0.0124874114990234 -0.25201416015625 -0.7156982421875
-0.0148811340332031 0.0566520690917969 0.509765625 -1.00732421875
-0.0462799072265625 0.0288848876953125 1.339599609375 -0.0340576171875
-0.0342063903808594 -0.0656585693359375 0.9268798828125 1.3016357421875
0.0552520751953125 -0.0104408264160156 -0.0745849609374999 1.1856689453125
0.0733261108398437 0.0261459350585937 0.0473709106445313 0.0792922973632813
0.0437088012695313 -0.0190162658691406 0.0444335937500001 -1.1429443359375
0.000373840332031249 -0.0505256652832031 -1.0977783203125 -1.131591796875
-0.0390968322753906 0.00833892822265625 -1.3077392578125 0.33056640625
-0.0207366943359375 0.0330734252929687 -0.2333984375 1.0087890625
-0.00204968452453613 -0.00272536277770996 0.45916748046875 0.6298828125
0.00387001037597656 -0.00132250785827637 0.558807373046875 -0.072601318359375
0.00888252258300781 0.0112733840942383 0.28472900390625 -0.476318359375
-0.03582763671875 -0.016693115234375 -0.235443115234375 0.46240234375
0.0163764953613281 -0.0335960388183594 -0.414093017578125 -0.012908935546875
0.0147705078125 -0.0132236480712891 -0.24493408203125 -0.71551513671875
0.010955810546875 0.0327892303466797 0.52142333984375 -1.0003662109375
-0.0246315002441406 0.0185356140136719 1.3359375 -0.02001953125
-0.0363998413085938 -0.0673103332519531 0.90087890625 1.3116455078125
0.0413818359375 -0.0197372436523438 -0.093994140625 1.1842041015625
0.062530517578125 0.00892257690429688 0.0424423217773438 0.078765869140625
0.0280303955078125 -0.0263214111328125 0.0302734375000001 -1.1422119140625
-0.000843048095703129 -0.053253173828125 -1.1080322265625 -1.1175537109375
-0.0194664001464844 -0.00684928894042969 -1.298095703125 0.341552734375
-0.00616645812988281 0.00553369522094726 -0.2203369140625 1.00653076171875
0.00579261779785156 -0.0258960723876953 0.46710205078125 0.62469482421875
0.000695228576660156 -0.00577402114868164 0.56097412109375 -0.075286865234375
-0.00410842895507813 0.00928306579589844 0.28204345703125 -0.482818603515625
-0.048004150390625 -0.0209083557128906 -0.237762451171875 0.46142578125
0.0129280090332031 -0.0380401611328125 -0.420440673828125 -0.0118408203125
0.0269966125488281 -0.03851318359375 -0.2545166015625 -0.71160888671875
0.0360221862792969 0.00808334350585938 0.5067138671875 -1.00213623046875
-0.000638008117675781 0.00990581512451172 1.33349609375 -0.033203125
-0.038665771484375 -0.0684089660644531 0.9140625 1.2939453125
0.0259342193603516 -0.0292816162109375 -0.0845947265625001 1.181640625
0.04986572265625 -0.00826263427734375 0.0416183471679688 0.0831451416015625
0.0117263793945313 -0.0336837768554688 0.030029296875 -1.13818359375
-7.62939453124943E-05 -0.0564079284667969 -1.10797119140625 -1.1170654296875
0.00108718872070312 -0.0222053527832031 -1.302001953125 0.341064453125
0.00894737243652344 -0.0226039886474609 -0.22406005859375 1.009765625
0.0137557983398438 -0.0486335754394531 0.461669921875 0.63067626953125
-0.00590610504150391 -0.0107450485229492 0.556488037109375 -0.071258544921875
-0.0164785385131836 0.00776958465576172 0.282806396484375 -0.48016357421875
-0.0630226135253906 -0.0261497497558594 -0.243743896484375 0.460205078125
0.00738143920898437 -0.0410575866699219 -0.4342041015625 -0.003631591796875
0.0357513427734375 -0.0600471496582031 -0.280029296875 -0.70074462890625
0.0586624145507813 -0.013671875 0.47198486328125 -1.00970458984375
0.0215034484863281 0.00124931335449219 1.327392578125 -0.06689453125
-0.0413093566894531 -0.0693702697753906 0.94140625 1.265380859375
0.0104293823242188 -0.0381126403808594 -0.0594482421874999 1.178955078125
0.0377349853515625 -0.0244216918945313 0.0460357666015625 0.09197998046875
-0.00315475463867188 -0.0400276184082031 0.0502929687499999 -1.1348876953125
0.000392913818359379 -0.0578765869140625 -1.0830078125 -1.1431884765625
0.0205955505371094 -0.0354576110839844 -1.31494140625 0.3126220703125
0.0233993530273438 -0.0470428466796875 -0.25634765625 1.0074462890625
0.0214309692382813 -0.0681648254394531 0.43597412109375 0.6436767578125
-0.0120067596435547 -0.0159273147583008 0.545013427734375 -0.060791015625
-0.0291252136230469 0.004608154296875 0.281097412109375 -0.478179931640625
-0.0712356567382813 -0.0299301147460938 -0.249725341796875 0.462066650390625
0.00200271606445312 -0.0446243286132813 -0.453460693359375 0.00448608398437504
0.037384033203125 -0.0750045776367188 -0.31524658203125 -0.68829345703125
0.0719451904296875 -0.0285720825195313 0.4281005859375 -1.0205078125
0.0374832153320313 -0.0066070556640625 1.31689453125 -0.114501953125
-0.0435028076171875 -0.07049560546875 0.980712890625 1.2225341796875
-0.00193023681640625 -0.0439376831054688 -0.0242919921875001 1.1800537109375
0.0261192321777344 -0.0346946716308594 0.0532989501953125 0.10491943359375
-0.0153999328613281 -0.0446624755859375 0.0906982421875 -1.135009765625
0.00137710571289062 -0.0586013793945312 -1.0465087890625 -1.189453125
0.0361785888671875 -0.0440330505371094 -1.3397216796875 0.261962890625
0.0361976623535156 -0.06243896484375 -0.3052978515625 1.0076904296875
0.0284500122070313 -0.0820083618164063 0.39715576171875 0.66302490234375
-0.01727294921875 -0.0211067199707031 0.529144287109375 -0.04827880859375
-0.0388603210449219 0.000492095947265632 0.2781982421875 -0.47747802734375
-0.0775222778320313 -0.0326690673828125 -0.252197265625 0.4691162109375
-0.002716064453125 -0.0468063354492188 -0.4742431640625 0.0164184570312499
0.034515380859375 -0.0814285278320313 -0.35662841796875 -0.6708984375
0.075836181640625 -0.036376953125 0.37353515625 -1.0301513671875
0.0446128845214844 -0.0117378234863281 1.3001708984375 -0.1693115234375
-0.045745849609375 -0.0706634521484375 1.0272216796875 1.171875
-0.0105438232421875 -0.0462760925292969 0.0257568359374999 1.180419921875
0.0194435119628906 -0.0391159057617188 0.0642776489257813 0.117538452148438
-0.0211410522460938 -0.0475540161132813 0.13818359375 -1.1312255859375
0.00142288208007813 -0.0592613220214844 -0.994140625 -1.2449951171875
0.0435676574707031 -0.0465583801269531 -1.362548828125 0.2061767578125
0.0438346862792969 -0.0690727233886719 -0.3619384765625 1.003173828125
0.03143310546875 -0.0872573852539063 0.35211181640625 0.67730712890625
-0.0193939208984375 -0.0246486663818359 0.508819580078125 -0.03704833984375
-0.0442314147949219 -0.002471923828125 0.2718505859375 -0.476470947265625
-0.0766448974609375 -0.0360336303710937 -0.254425048828125 0.474212646484375
-0.00579833984375 -0.0469589233398438 -0.49102783203125 0.03045654296875
0.0265426635742188 -0.0776519775390625 -0.396240234375 -0.650634765625
0.0701637268066406 -0.0331382751464844 0.316162109375 -1.03936767578125
0.0441131591796875 -0.0118141174316406 1.280029296875 -0.2286376953125
-0.0472640991210938 -0.0701484680175781 1.0789794921875 1.11761474609375
-0.0139389038085937 -0.0443801879882813 0.07373046875 1.1768798828125
0.0179595947265625 -0.0366592407226562 0.0763397216796875 0.131889343261719
-0.0206451416015625 -0.0449676513671875 0.18701171875 -1.12939453125
0.00228118896484375 -0.0577354431152344 -0.93896484375 -1.2982177734375
0.0447196960449219 -0.0424842834472656 -1.3836669921875 0.143798828125
0.0458412170410156 -0.0630378723144531 -0.42034912109375 0.99639892578125
0.0307846069335938 -0.0838470458984375 0.307861328125 0.6939697265625
-0.0202560424804687 -0.0267486572265625 0.492584228515625 -0.025390625
-0.0457572937011719 -0.00534820556640625 0.26824951171875 -0.47186279296875
-0.0707931518554688 -0.0374755859375 -0.25091552734375 0.481170654296875
-0.0065765380859375 -0.0458793640136719 -0.503936767578125 0.043426513671875
0.0180473327636719 -0.0647048950195313 -0.4266357421875 -0.6341552734375
0.058197021484375 -0.0193519592285156 0.27197265625 -1.0460205078125
0.0362434387207031 -0.00651931762695312 1.262939453125 -0.274169921875
-0.0475044250488281 -0.0686073303222656 1.11865234375 1.07177734375
-0.00989532470703125 -0.0408554077148438 0.117919921875 1.1749267578125
0.0195941925048828 -0.0278511047363281 0.088775634765625 0.1422119140625
-0.0141410827636719 -0.0407791137695313 0.2352294921875 -1.1270751953125
0.00349426269531249 -0.0564498901367188 -0.88720703125 -1.3472900390625
0.0351371765136719 -0.0358543395996094 -1.4014892578125 0.0872802734375001
0.0376510620117188 -0.0482749938964844 -0.46795654296875 0.983642578125
0.0252151489257813 -0.07196044921875 0.26849365234375 0.70294189453125
-0.0198497772216797 -0.0252437591552734 0.475677490234375 -0.02069091796875
-0.0413856506347656 -0.00620651245117187 0.261260986328125 -0.469482421875
-0.0202312469482422 -0.0126609802246094 -0.224761962890625 0.4625244140625
0.0162773132324219 -0.0284748077392578 -0.410003662109375 -0.00836181640624994
0.00225543975830078 0.0121011734008789 -0.256103515625 -0.70770263671875
-0.0137825012207031 0.0567855834960938 0.4971923828125 -1.0042724609375
-0.0460624694824219 0.02813720703125 1.3265380859375 -0.0423583984375
-0.0360298156738281 -0.0651168823242188 0.9263916015625 1.2835693359375
0.055267333984375 -0.0107841491699219 -0.0683593749999999 1.173583984375
0.0732955932617187 0.0261077880859375 0.0482330322265625 0.0789031982421875
0.04315185546875 -0.0177536010742188 0.03662109375 -1.1353759765625
0.000404357910156252 -0.0496177673339844 -1.096923828125 -1.11572265625
-0.0380096435546875 0.00871658325195313 -1.298828125 0.3359375
-0.0211753845214844 0.0326595306396484 -0.2279052734375 1.0025634765625
-0.00330352783203125 -0.00367450714111328 0.45758056640625 0.62139892578125
0.00399255752563477 -0.000262260437011719 0.552459716796875 -0.074981689453125
0.0105228424072266 0.0119218826293945 0.27972412109375 -0.473541259765625
-0.0352554321289062 -0.0146942138671875 -0.2279052734375 0.459136962890625
0.0152072906494141 -0.0321083068847656 -0.41094970703125 -0.0104675292968751
0.0159311294555664 -0.0115890502929688 -0.24676513671875 -0.7073974609375
0.0111980438232422 0.0323314666748047 0.509521484375 -0.99554443359375
-0.0251846313476562 0.0175514221191406 1.3251953125 -0.0281982421875
-0.0378608703613281 -0.0673255920410156 0.90380859375 1.2950439453125
0.0417098999023437 -0.0185279846191406 -0.0874023437500001 1.1748046875
0.0634765625 0.00963211059570313 0.0429611206054688 0.0788192749023438
0.0283432006835938 -0.0256614685058594 0.02294921875 -1.13232421875
-0.000183105468749998 -0.0526199340820313 -1.10626220703125 -1.1046142578125
-0.0189990997314453 -0.00652503967285156 -1.291259765625 0.34716796875
-0.00619220733642578 0.00566768646240234 -0.21282958984375 1.00006103515625
0.00470161437988281 -0.0256462097167969 0.46624755859375 0.6181640625
-0.000123023986816407 -0.00560092926025391 0.5540771484375 -0.077606201171875
-0.00226497650146484 0.0110044479370117 0.27667236328125 -0.480010986328125
-0.0485649108886719 -0.0194511413574219 -0.232269287109375 0.4576416015625
0.0114822387695312 -0.0360794067382813 -0.417388916015625 -0.00912475585937507
0.0266609191894531 -0.0374832153320313 -0.25726318359375 -0.70281982421875
0.0371665954589844 0.00772857666015625 0.4930419921875 -0.9986572265625
-0.00127983093261719 0.00895881652832031 1.32275390625 -0.0421142578125
-0.0403366088867188 -0.0678596496582031 0.915283203125 1.278564453125
0.0247554779052734 -0.0296421051025391 -0.0775146484375 1.171630859375
0.0502357482910156 -0.00824356079101563 0.0422592163085938 0.0819931030273438
0.0109634399414062 -0.0334014892578125 0.0235595703124999 -1.1278076171875
-0.000782012939453122 -0.05596923828125 -1.10430908203125 -1.10308837890625
0.000692367553710937 -0.0227432250976563 -1.2928466796875 0.345947265625
0.00951957702636719 -0.0223388671875 -0.2174072265625 1.00347900390625
0.0128173828125 -0.0478935241699219 0.4600830078125 0.62261962890625
-0.00752353668212891 -0.00944995880126953 0.551239013671875 -0.0732421875
-0.0149745941162109 0.00899410247802734 0.276763916015625 -0.479095458984375
-0.0624580383300781 -0.0232772827148438 -0.2369384765625 0.459075927734375
0.00678634643554687 -0.0397834777832031 -0.430633544921875 -0.00128173828125006
0.034454345703125 -0.0602531433105469 -0.283447265625 -0.6925048828125
0.0586891174316406 -0.0142669677734375 0.4609375 -1.0047607421875
0.0199356079101563 -0.00020599365234375 1.3128662109375 -0.07763671875
-0.0433769226074219 -0.0690116882324219 0.9429931640625 1.2470703125
0.00907135009765625 -0.0377693176269531 -0.0502929687500001 1.169921875
0.0376167297363281 -0.0231704711914063 0.0464401245117188 0.091400146484375
-0.00383377075195313 -0.0393753051757813 0.0441894531250001 -1.1253662109375
0.000236511230468748 -0.0570182800292969 -1.083984375 -1.130615234375
0.0197067260742187 -0.035308837890625 -1.30615234375 0.3184814453125
0.0233840942382813 -0.0464668273925781 -0.2509765625 1.00372314453125
0.0197296142578125 -0.0679283142089844 0.4354248046875 0.635498046875
-0.0126209259033203 -0.0146923065185547 0.539947509765625 -0.063995361328125
-0.0276775360107422 0.00549125671386719 0.275146484375 -0.477020263671875
-0.0714492797851563 -0.0272369384765625 -0.242767333984375 0.46063232421875
0.00098037719726563 -0.0432395935058594 -0.45001220703125 0.0065307617187501
0.035675048828125 -0.0753631591796875 -0.3173828125 -0.68115234375
0.07232666015625 -0.0295639038085937 0.41705322265625 -1.01483154296875
0.0355072021484375 -0.00772476196289063 1.302490234375 -0.1224365234375
-0.0447273254394531 -0.070220947265625 0.97998046875 1.206787109375
-0.00307083129882813 -0.0434455871582031 -0.017578125 1.1710205078125
0.0276203155517578 -0.0342254638671875 0.05377197265625 0.103973388671875
-0.0143890380859375 -0.043365478515625 0.0822753906250001 -1.125
0.000873565673828119 -0.0580558776855469 -1.0443115234375 -1.177978515625
0.0352516174316406 -0.0440559387207031 -1.3299560546875 0.269287109375
0.0358390808105469 -0.0633354187011719 -0.298095703125 1.00146484375
0.0265884399414063 -0.0813827514648438 0.39581298828125 0.654541015625
-0.0176544189453125 -0.0192699432373047 0.52386474609375 -0.050506591796875
-0.0372047424316406 0.0025634765625 0.272705078125 -0.476226806640625
-0.0767059326171875 -0.0302200317382813 -0.2459716796875 0.46502685546875
-0.00292205810546875 -0.0454292297363281 -0.469879150390625 0.0196533203125
0.0324783325195313 -0.0815048217773438 -0.358154296875 -0.66217041015625
0.0763626098632813 -0.03662109375 0.36199951171875 -1.02276611328125
0.0433082580566406 -0.0137557983398437 1.2872314453125 -0.1763916015625
-0.04791259765625 -0.0707168579101563 1.0283203125 1.156494140625
-0.0117530822753906 -0.0455741882324219 0.0316162109375 1.170166015625
0.0210838317871094 -0.0383720397949219 0.0655593872070313 0.117324829101563
-0.0215530395507813 -0.0452919006347656 0.128662109375 -1.1236572265625
0.00104904174804687 -0.0579071044921875 -0.9927978515625 -1.23095703125
0.0444564819335938 -0.0467033386230469 -1.3525390625 0.2127685546875
0.0434036254882812 -0.0693168640136719 -0.35418701171875 0.99755859375
0.0304412841796875 -0.0869216918945312 0.35333251953125 0.67083740234375
-0.0199069976806641 -0.0248374938964844 0.503692626953125 -0.03875732421875
-0.0434188842773438 -0.000846862792968744 0.265655517578125 -0.47430419921875
-0.0755462646484375 -0.0340957641601562 -0.246856689453125 0.47039794921875
-0.00628662109375 -0.0445518493652344 -0.48681640625 0.0340576171875
0.0253982543945313 -0.0778579711914063 -0.39825439453125 -0.64501953125
0.0706100463867188 -0.0336761474609375 0.3040771484375 -1.03302001953125
0.0421104431152344 -0.0134315490722656 1.2677001953125 -0.23486328125
-0.048797607421875 -0.0696296691894531 1.07830810546875 1.10003662109375
-0.0139656066894531 -0.0437049865722656 0.0842285156250001 1.1678466796875
0.0184593200683594 -0.0355262756347656 0.0773391723632812 0.130882263183594
-0.0213127136230469 -0.0439682006835938 0.1790771484375 -1.11895751953125
0.00150680541992188 -0.0568275451660156 -0.9404296875 -1.28369140625
0.0435638427734375 -0.0429458618164063 -1.3740234375 0.1505126953125
0.0451545715332031 -0.0633430480957031 -0.41302490234375 0.99066162109375
0.0303955078125 -0.0828475952148438 0.30792236328125 0.687255859375
-0.0205917358398438 -0.02532958984375 0.486541748046875 -0.029296875
-0.0431632995605469 -0.00297546386718751 0.263458251953125 -0.47003173828125
-0.0699501037597656 -0.0360527038574219 -0.2445068359375 0.478759765625
-0.00744247436523438 -0.0440559387207031 -0.498382568359375 0.044342041015625
0.018341064453125 -0.0655479431152344 -0.42987060546875 -0.6280517578125
0.0586509704589844 -0.0195198059082031 0.2611083984375 -1.0379638671875
0.0338039398193359 -0.00792503356933594 1.24951171875 -0.2794189453125
-0.0492515563964844 -0.0681228637695313 1.11962890625 1.05810546875
-0.0106658935546875 -0.0387725830078125 0.1259765625 1.1622314453125
0.0209007263183594 -0.0269336700439453 0.0900421142578125 0.14105224609375
-0.0152244567871094 -0.0385513305664063 0.22845458984375 -1.11810302734375
0.00284194946289063 -0.0558052062988281 -0.8875732421875 -1.3310546875
0.0350837707519531 -0.0355796813964844 -1.3897705078125 0.0964355468750002
0.0373382568359375 -0.0481948852539063 -0.46246337890625 0.9803466796875
0.0236129760742187 -0.0708541870117188 0.26995849609375 0.69744873046875
-0.0194358825683594 -0.0251407623291016 0.471160888671875 -0.02203369140625
-0.0402717590332031 -0.00405502319335938 0.257537841796875 -0.46807861328125
-0.0199031829833984 -0.0113410949707031 -0.217620849609375 0.458648681640625
0.0147972106933594 -0.0266399383544922 -0.40802001953125 -0.00653076171874998
0.00223827362060547 0.0133819580078125 -0.25567626953125 -0.70355224609375
-0.0124130249023438 0.0559234619140625 0.489501953125 -0.99822998046875
-0.0462417602539063 0.0271835327148437 1.315185546875 -0.0499267578125
-0.0367660522460938 -0.0651702880859375 0.9263916015625 1.2703857421875
0.0547904968261719 -0.011322021484375 -0.0616455078125001 1.1661376953125
0.0741195678710938 0.0258560180664063 0.0489501953125 0.0790786743164063
0.041778564453125 -0.0168228149414063 0.0324707031250001 -1.1265869140625
0.000316619873046873 -0.0492935180664063 -1.09326171875 -1.10491943359375
-0.0372581481933594 0.00921630859375001 -1.28955078125 0.3370361328125
-0.0208587646484375 0.0323810577392578 -0.22467041015625 0.99560546875
-0.00305294990539551 -0.00320506095886231 0.45660400390625 0.61541748046875
0.00326824188232422 -0.000251293182373047 0.549285888671875 -0.07708740234375
0.0111703872680664 0.0129604339599609 0.27362060546875 -0.470245361328125
-0.0341892242431641 -0.0126514434814453 -0.22332763671875 0.45574951171875
0.0139503479003906 -0.0313987731933594 -0.4071044921875 -0.00833129882812509
0.0144319534301758 -0.0131740570068359 -0.24786376953125 -0.70111083984375
0.0116462707519531 0.0314807891845703 0.50177001953125 -0.99066162109375
-0.0256023406982422 0.0182342529296875 1.3123779296875 -0.0335693359375
-0.0378227233886719 -0.0667839050292969 0.9039306640625 1.28125
0.0414314270019531 -0.0189437866210938 -0.0803222656250001 1.16455078125
0.0637931823730469 0.00922012329101563 0.0435333251953125 0.0776443481445313
0.0269870758056641 -0.0245189666748047 0.0188598632812499 -1.123291015625
-0.000991821289062504 -0.0518531799316406 -1.1036376953125 -1.09405517578125
-0.0183219909667969 -0.00653457641601562 -1.2799072265625 0.352294921875
-0.00586366653442383 0.00520467758178711 -0.2095947265625 0.99395751953125
0.00399017333984375 -0.0244503021240234 0.46502685546875 0.61212158203125
-0.000775337219238281 -0.00504493713378906 0.548919677734375 -0.078948974609375
-0.000918388366699219 0.0125951766967773 0.272552490234375 -0.47674560546875
-0.0477066040039063 -0.0175361633300781 -0.2261962890625 0.45404052734375
0.0109462738037109 -0.0349349975585938 -0.41473388671875 -0.00848388671875006
0.0266685485839844 -0.0371818542480469 -0.25872802734375 -0.69677734375
0.0378990173339844 0.00711822509765625 0.484375 -0.99395751953125
-0.00176286697387695 0.00790739059448242 1.3092041015625 -0.0491943359375
-0.0418853759765625 -0.0671463012695312 0.9134521484375 1.264892578125
0.02545166015625 -0.0278511047363281 -0.0716552734375001 1.1627197265625
0.0500907897949219 -0.00750732421875 0.04290771484375 0.0816497802734375
0.0102405548095703 -0.0316028594970703 0.01654052734375 -1.12060546875
-0.00164794921875 -0.0537757873535156 -1.1002197265625 -1.0914306640625
0.00152969360351563 -0.0223121643066406 -1.281005859375 0.3487548828125
0.009429931640625 -0.0226783752441406 -0.21417236328125 0.99676513671875
0.01220703125 -0.0472908020019531 0.4586181640625 0.61590576171875
-0.00700664520263672 -0.00894641876220703 0.544891357421875 -0.075714111328125
-0.0128803253173828 0.0101337432861328 0.272003173828125 -0.476043701171875
-0.0610466003417969 -0.0205001831054688 -0.231842041015625 0.454803466796875
0.00484848022460938 -0.0386238098144531 -0.427398681640625 -0.00137329101562509
0.0335006713867187 -0.0589256286621094 -0.28741455078125 -0.68719482421875
0.0583343505859375 -0.0149192810058594 0.45074462890625 -0.99755859375
0.0192985534667969 -0.000818252563476563 1.301513671875 -0.0828857421875
-0.0440902709960938 -0.0689582824707031 0.94140625 1.237548828125
0.00925445556640625 -0.0365829467773438 -0.0462646484375001 1.1612548828125
0.0380363464355469 -0.0220527648925781 0.0471267700195313 0.0914840698242188
-0.00449752807617187 -0.0380935668945313 0.0404663085937501 -1.11688232421875
-5.72204589843721E-05 -0.0560035705566406 -1.0787353515625 -1.12103271484375
0.02056884765625 -0.0363540649414063 -1.2957763671875 0.3193359375
0.0229454040527344 -0.0459556579589844 -0.24603271484375 0.9979248046875
0.0194091796875 -0.0676612854003906 0.434326171875 0.63134765625
-0.0128545761108398 -0.0144758224487305 0.534820556640625 -0.064910888671875
-0.0258560180664063 0.00699424743652344 0.271270751953125 -0.475860595703125
-0.0697975158691406 -0.0260162353515625 -0.2371826171875 0.455291748046875
0.000705718994140623 -0.0413017272949219 -0.446441650390625 0.0082092285156249
0.0353546142578125 -0.0743484497070312 -0.31939697265625 -0.67425537109375
0.0718307495117188 -0.03070068359375 0.408203125 -1.00933837890625
0.0349311828613281 -0.00833702087402344 1.2911376953125 -0.12744140625
-0.0473861694335938 -0.0686683654785156 0.9803466796875 1.193115234375
-0.00321578979492188 -0.0421066284179688 -0.0119628906250001 1.1622314453125
0.027679443359375 -0.0333518981933594 0.0544052124023437 0.103172302246094
-0.0147438049316406 -0.0420761108398438 0.0797119140625001 -1.1171875
0.000144958496093756 -0.0575332641601563 -1.0413818359375 -1.1644287109375
0.0347747802734375 -0.0445098876953125 -1.3194580078125 0.2724609375
0.0354156494140625 -0.0628852844238281 -0.29168701171875 0.99871826171875
0.0256271362304688 -0.0807342529296875 0.39691162109375 0.64892578125
-0.0173740386962891 -0.0189704895019531 0.519439697265625 -0.05255126953125
-0.0360946655273438 0.00358200073242188 0.2685546875 -0.47210693359375
-0.0752334594726563 -0.02880859375 -0.240631103515625 0.462921142578125
-0.00395965576171875 -0.0442886352539063 -0.46624755859375 0.020904541015625
0.0317535400390625 -0.080535888671875 -0.358642578125 -0.65576171875
0.0752639770507813 -0.0367431640625 0.35284423828125 -1.0174560546875
0.0417442321777344 -0.0139427185058594 1.2755126953125 -0.1820068359375
-0.0495223999023438 -0.0706253051757812 1.0274658203125 1.1434326171875
-0.0108528137207031 -0.0438270568847656 0.0357666015625001 1.1611328125
0.0215187072753906 -0.0373115539550781 0.0667724609375 0.116874694824219
-0.0211715698242188 -0.0449485778808594 0.1258544921875 -1.11383056640625
0.000625610351562496 -0.0567436218261719 -0.9901123046875 -1.2181396484375
0.0437774658203125 -0.0472297668457031 -1.3441162109375 0.2161865234375
0.042724609375 -0.0692558288574219 -0.34954833984375 0.99169921875
0.0299606323242187 -0.0854110717773437 0.35235595703125 0.6651611328125
-0.019805908203125 -0.0238742828369141 0.49957275390625 -0.040679931640625
-0.0413970947265625 0.000431060791015626 0.26239013671875 -0.472259521484375
-0.0750274658203125 -0.0313034057617188 -0.242401123046875 0.467041015625
-0.00765228271484375 -0.0437164306640625 -0.482635498046875 0.0334167480468751
0.0245590209960937 -0.0766143798828125 -0.398681640625 -0.63665771484375
0.0706558227539063 -0.0342636108398438 0.2952880859375 -1.02557373046875
0.04058837890625 -0.0139541625976563 1.2550048828125 -0.239013671875
-0.049560546875 -0.0684432983398438 1.07489013671875 1.08917236328125
-0.0138092041015625 -0.04254150390625 0.087890625 1.15771484375
0.0187644958496094 -0.0350875854492188 0.0784988403320313 0.130538940429688
-0.0207481384277344 -0.0430984497070313 0.17425537109375 -1.1114501953125
0.00141525268554688 -0.0556716918945313 -0.938720703125 -1.2718505859375
0.0437774658203125 -0.0433578491210938 -1.3641357421875 0.15673828125
0.0429115295410156 -0.0643386840820313 -0.40716552734375 0.9837646484375
0.0284957885742188 -0.081787109375 0.30670166015625 0.681640625
-0.0211582183837891 -0.0250492095947266 0.481536865234375 -0.028533935546875
-0.0418815612792969 -0.00237655639648438 0.257843017578125 -0.468475341796875
-0.0696830749511719 -0.0334205627441406 -0.238311767578125 0.473114013671875
-0.00865936279296875 -0.0431022644042969 -0.495086669921875 0.0458984375
0.0164985656738281 -0.0649948120117188 -0.429443359375 -0.6231689453125
0.0584144592285156 -0.0211677551269531 0.2520751953125 -1.03118896484375
0.0327072143554687 -0.0088043212890625 1.23828125 -0.283935546875
-0.0511093139648437 -0.0679206848144531 1.11395263671875 1.0433349609375
-0.0105476379394531 -0.0389671325683594 0.129638671875 1.154541015625
0.0211467742919922 -0.0256214141845703 0.08984375 0.139999389648438
-0.0149269104003906 -0.0384330749511719 0.22265625 -1.1097412109375
0.00234985351562501 -0.0546493530273438 -0.8837890625 -1.3192138671875
0.035247802734375 -0.0349769592285156 -1.3804931640625 0.0988769531249999
0.0357666015625 -0.048583984375 -0.45648193359375 0.97698974609375
0.022369384765625 -0.0704574584960938 0.26947021484375 0.69140625
-0.0210590362548828 -0.0234794616699219 0.465972900390625 -0.02423095703125
-0.0383186340332031 -0.00371932983398437 0.25238037109375 -0.466033935546875
-0.0195808410644531 -0.00994110107421875 -0.21466064453125 0.4544677734375
0.0134429931640625 -0.0260562896728516 -0.4034423828125 -0.00607299804687491
0.00175285339355469 0.0131673812866211 -0.25677490234375 -0.69830322265625
-0.0115547180175781 0.0562171936035156 0.48065185546875 -0.9910888671875
-0.0462379455566406 0.0271377563476563 1.3031005859375 -0.052978515625
-0.0380592346191406 -0.0643119812011719 0.9241943359375 1.259765625
0.0541458129882813 -0.0102729797363281 -0.0566406250000001 1.1590576171875
0.07501220703125 0.0258941650390625 0.0488357543945313 0.078125
0.0423469543457031 -0.016357421875 0.0301513671875 -1.11614990234375
-0.000183105468749998 -0.0485000610351563 -1.087890625 -1.096923828125
-0.0371017456054688 0.00930404663085937 -1.280517578125 0.3409423828125
-0.0205955505371094 0.0316562652587891 -0.22247314453125 0.99224853515625
-0.00405454635620117 -0.00271034240722656 0.45452880859375 0.611572265625
0.00308728218078613 0.0010075569152832 0.5428466796875 -0.076873779296875
0.0125303268432617 0.0128688812255859 0.27020263671875 -0.469085693359375
-0.0335826873779297 -0.011322021484375 -0.218231201171875 0.451995849609375
0.0128345489501953 -0.0301246643066406 -0.4052734375 -0.00753784179687505
0.0142688751220703 -0.0106782913208008 -0.2496337890625 -0.69512939453125
0.0124473571777344 0.0307579040527344 0.49139404296875 -0.98291015625
-0.0256214141845703 0.016876220703125 1.3026123046875 -0.0384521484375
-0.0399322509765625 -0.0657234191894531 0.9012451171875 1.2703857421875
0.0404472351074219 -0.0177536010742188 -0.0771484375 1.15771484375
0.0642662048339844 0.0104026794433594 0.0434341430664063 0.077392578125
0.0274868011474609 -0.0239048004150391 0.0168457031249999 -1.11480712890625
-0.00134658813476563 -0.0515022277832031 -1.0972900390625 -1.08184814453125
-0.0182914733886719 -0.00697708129882813 -1.2713623046875 0.35400390625
-0.00568723678588867 0.00475978851318359 -0.207763671875 0.9871826171875
0.003387451171875 -0.0250301361083984 0.46185302734375 0.6072998046875
-0.00018167495727539 -0.00511026382446289 0.544281005859375 -0.0784912109375
-0.000148773193359375 0.0134878158569336 0.268402099609375 -0.474517822265625
-0.0468101501464844 -0.0146522521972656 -0.22137451171875 0.45196533203125
0.00997734069824219 -0.0337162017822266 -0.412139892578125 -0.00561523437499992
0.0254898071289063 -0.036895751953125 -0.2608642578125 -0.6912841796875
0.0375556945800781 0.00625228881835938 0.47698974609375 -0.98809814453125
-0.00232267379760742 0.00786304473876953 1.2996826171875 -0.052734375
-0.0425224304199219 -0.0673294067382813 0.9134521484375 1.2513427734375
0.0254726409912109 -0.0281887054443359 -0.065673828125 1.153076171875
0.0511436462402344 -0.0078277587890625 0.0438156127929687 0.0819015502929688
0.0106201171875 -0.0309619903564453 0.01690673828125 -1.11187744140625
-0.00115203857421875 -0.053558349609375 -1.095458984375 -1.0794677734375
0.00132179260253906 -0.0223598480224609 -1.2755126953125 0.3502197265625
0.00846290588378906 -0.0229434967041016 -0.2110595703125 0.9913330078125
0.0105094909667969 -0.0477409362792969 0.4578857421875 0.61212158203125
-0.00741243362426758 -0.00799560546875 0.542144775390625 -0.075225830078125
-0.0120534896850586 0.0111303329467773 0.268402099609375 -0.47369384765625
-0.0605239868164062 -0.0202522277832031 -0.225738525390625 0.450469970703125
0.00550079345703125 -0.0371665954589844 -0.425811767578125 0.000701904296874971
0.0329513549804688 -0.0586624145507813 -0.2857666015625 -0.68072509765625
0.05865478515625 -0.0156097412109375 0.4432373046875 -0.99310302734375
0.0179901123046875 -0.00181007385253906 1.291748046875 -0.0877685546875
-0.0458335876464844 -0.0676803588867188 0.9371337890625 1.2252197265625
0.00933837890625 -0.0364494323730469 -0.0422363281249999 1.1539306640625
0.0395545959472656 -0.0224342346191406 0.0475082397460938 0.0897293090820313
-0.00313186645507813 -0.0366935729980469 0.0374755859375 -1.1077880859375
-0.000888824462890626 -0.0557212829589844 -1.07513427734375 -1.109375
0.0195083618164062 -0.0358085632324219 -1.2874755859375 0.322265625
0.0230140686035156 -0.0471153259277344 -0.24273681640625 0.9931640625
0.0185279846191406 -0.0667572021484375 0.43182373046875 0.6248779296875
-0.0130882263183594 -0.0136508941650391 0.53106689453125 -0.06451416015625
-0.0246677398681641 0.00789642333984375 0.266754150390625 -0.4732666015625
-0.0695915222167969 -0.0232391357421875 -0.232391357421875 0.452392578125
-0.000259399414062496 -0.0412368774414062 -0.443756103515625 0.0111083984375001
0.0346145629882813 -0.0743331909179688 -0.319091796875 -0.66790771484375
0.0717926025390625 -0.0303802490234375 0.40087890625 -1.00262451171875
0.0337181091308594 -0.00970077514648438 1.28173828125 -0.1307373046875
-0.048583984375 -0.0692100524902344 0.9765625 1.1810302734375
-0.00308990478515625 -0.0412712097167969 -0.0068359375 1.15283203125
0.0291099548339844 -0.0324993133544922 0.0554428100585937 0.102798461914062
-0.014801025390625 -0.041473388671875 0.0761108398437499 -1.1080322265625
0.000293731689453123 -0.05670166015625 -1.035888671875 -1.1568603515625
0.0354995727539063 -0.0446052551269531 -1.31103515625 0.2757568359375
0.0340843200683594 -0.0639495849609375 -0.2911376953125 0.99200439453125
0.0244674682617188 -0.0797805786132812 0.39422607421875 0.64227294921875
-0.0180397033691406 -0.0187797546386719 0.515167236328125 -0.05279541015625
-0.0339508056640625 0.00440788269042968 0.264190673828125 -0.470703125
-0.0754318237304688 -0.0267257690429687 -0.2337646484375 0.4588623046875
-0.00506591796875 -0.042694091796875 -0.4639892578125 0.0217895507812499
0.0321121215820313 -0.0803451538085938 -0.35791015625 -0.6505126953125
0.0767440795898438 -0.0376434326171875 0.3463134765625 -1.01287841796875
0.0409927368164063 -0.0146560668945313 1.2647705078125 -0.186279296875
-0.0510978698730469 -0.0695304870605469 1.0218505859375 1.1337890625
-0.0114631652832031 -0.043792724609375 0.0395507812500001 1.15283203125
0.0219192504882813 -0.036956787109375 0.0658721923828125 0.115814208984375
-0.0210456848144531 -0.0424270629882813 0.1221923828125 -1.105224609375
0.00047683715820312 -0.0564613342285156 -0.9879150390625 -1.208984375
0.0430107116699219 -0.0466423034667969 -1.334716796875 0.2196044921875
0.0419540405273438 -0.0699539184570313 -0.34796142578125 0.98651123046875
0.027587890625 -0.0854949951171875 0.3505859375 0.6600341796875
-0.0200481414794922 -0.0231685638427734 0.49560546875 -0.040374755859375
-0.0394859313964844 0.00111389160156249 0.25726318359375 -0.469329833984375
-0.07379150390625 -0.0299530029296875 -0.23480224609375 0.46240234375
-0.00830078125 -0.0424346923828125 -0.47796630859375 0.0346984863281249
0.0235977172851562 -0.076690673828125 -0.3985595703125 -0.63165283203125
0.0702896118164063 -0.033782958984375 0.28924560546875 -1.02099609375
0.0394859313964844 -0.0150299072265625 1.243896484375 -0.244140625
-0.0519905090332031 -0.0684051513671875 1.07305908203125 1.0797119140625
-0.0138130187988281 -0.0425910949707031 0.0915527343750001 1.1474609375
0.0193767547607422 -0.0351276397705078 0.0780410766601563 0.129791259765625
-0.0203361511230469 -0.0415153503417969 0.17071533203125 -1.10302734375
0.00131607055664063 -0.0552253723144531 -0.933837890625 -1.2620849609375
0.0435409545898438 -0.044158935546875 -1.357177734375 0.1572265625
0.0426597595214844 -0.0645599365234375 -0.4046630859375 0.97845458984375
0.0274734497070312 -0.0814208984375 0.3079833984375 0.67657470703125
-0.0217857360839844 -0.0247955322265625 0.477813720703125 -0.029937744140625
-0.0406112670898438 -0.00128555297851562 0.255157470703125 -0.4652099609375
-0.0685997009277344 -0.0316543579101563 -0.233489990234375 0.47027587890625
-0.00890731811523438 -0.041900634765625 -0.49102783203125 0.045257568359375
0.0160560607910156 -0.0631752014160156 -0.42889404296875 -0.6156005859375
0.0591278076171875 -0.0208015441894531 0.24481201171875 -1.024658203125
0.0318431854248047 -0.00986289978027344 1.22900390625 -0.2857666015625
-0.0516510009765625 -0.0675048828125 1.11041259765625 1.0355224609375
-0.0107688903808594 -0.0379447937011719 0.1319580078125 1.145751953125
0.0213336944580078 -0.0259151458740234 0.090118408203125 0.1395263671875
-0.0152587890625 -0.0376319885253906 0.2205810546875 -1.1016845703125
0.00255966186523438 -0.0547294616699219 -0.880615234375 -1.3089599609375
0.035247802734375 -0.03570556640625 -1.3724365234375 0.1033935546875
0.0356025695800781 -0.0493202209472656 -0.45184326171875 0.97210693359375
0.0212516784667969 -0.0696487426757813 0.2669677734375 0.68658447265625
-0.0205783843994141 -0.0229740142822266 0.463348388671875 -0.02520751953125
-0.0366401672363281 -0.00207138061523437 0.2493896484375 -0.462982177734375
-0.0177707672119141 -0.00778579711914063 -0.207183837890625 0.452117919921875
0.0129776000976563 -0.0241966247558594 -0.40130615234375 -0.00494384765625002
0.0021982192993164 0.0128803253173828 -0.25830078125 -0.6934814453125
-0.0107650756835938 0.0554924011230469 0.4739990234375 -0.987060546875
-0.0473442077636719 0.0269508361816406 1.2926025390625 -0.0565185546875
-0.0391731262207031 -0.0640792846679688 0.9176025390625 1.2523193359375
0.0550155639648437 -0.0101165771484375 -0.05712890625 1.14990234375
0.0762481689453125 0.0257415771484375 0.0496368408203125 0.0778274536132813
0.0421257019042969 -0.0148086547851563 0.031982421875 -1.11053466796875
-0.000118255615234377 -0.0473747253417969 -1.08349609375 -1.089599609375
-0.0360527038574219 0.00860595703124999 -1.2742919921875 0.339111328125
-0.0200748443603516 0.0313854217529297 -0.21954345703125 0.98712158203125
-0.00508022308349609 -0.00286293029785156 0.451904296875 0.60784912109375
0.00309419631958008 0.00138401985168457 0.540618896484375 -0.07659912109375
0.0143413543701172 0.0145292282104492 0.266937255859375 -0.465545654296875
-0.0326385498046875 -0.00971221923828125 -0.2132568359375 0.447601318359375
0.0124969482421875 -0.0283603668212891 -0.402252197265625 -0.00802612304687502
0.0137319564819336 -0.0109481811523438 -0.248779296875 -0.69036865234375
0.0132274627685547 0.0309295654296875 0.487060546875 -0.97821044921875
-0.0262413024902344 0.0162258148193359 1.292724609375 -0.04052734375
-0.040771484375 -0.0658798217773437 0.8966064453125 1.262939453125
0.0413246154785156 -0.0177040100097656 -0.07373046875 1.150634765625
0.0649642944335937 0.00970840454101562 0.0441055297851563 0.0770187377929688
0.0270824432373047 -0.0225276947021484 0.0167846679687501 -1.1082763671875
-0.000297546386718746 -0.0512619018554687 -1.09100341796875 -1.0751953125
-0.0184917449951172 -0.00665664672851563 -1.266357421875 0.353759765625
-0.00556755065917969 0.00436830520629883 -0.20697021484375 0.98687744140625
0.00303459167480469 -0.0235652923583984 0.459716796875 0.60137939453125
-0.000971794128417969 -0.00359725952148438 0.540618896484375 -0.079681396484375
0.00123310089111328 0.013493537902832 0.26556396484375 -0.47344970703125
-0.0460472106933594 -0.0134429931640625 -0.217193603515625 0.447296142578125
0.00875282287597656 -0.0323562622070313 -0.4097900390625 -0.00653076171874995
0.0249900817871094 -0.0369758605957031 -0.25823974609375 -0.68658447265625
0.0384063720703125 0.00630569458007813 0.4705810546875 -0.98077392578125
-0.00383186340332031 0.00710868835449219 1.289794921875 -0.053955078125
-0.0454025268554687 -0.0673789978027344 0.91015625 1.2431640625
0.0245895385742188 -0.0270576477050781 -0.0624999999999999 1.1439208984375
0.0526885986328125 -0.00694656372070313 0.0438308715820312 0.080596923828125
0.0117874145507813 -0.0296001434326172 0.0150756835937499 -1.103271484375
-0.0018310546875 -0.0531654357910156 -1.0904541015625 -1.0732421875
0.00151634216308594 -0.0233917236328125 -1.267822265625 0.35107421875
0.00826454162597656 -0.0242385864257813 -0.2103271484375 0.9869384765625
0.00996780395507812 -0.0464096069335938 0.4554443359375 0.607666015625
-0.00814342498779297 -0.00802183151245117 0.538116455078125 -0.076171875
-0.0104808807373047 0.0119380950927734 0.2657470703125 -0.472320556640625
-0.0588607788085938 -0.0178108215332031 -0.223358154296875 0.448089599609375
0.00399398803710938 -0.035919189453125 -0.42401123046875 0.000518798828124906
0.03216552734375 -0.0587997436523438 -0.2860107421875 -0.6773681640625
0.0591850280761719 -0.0158615112304688 0.439208984375 -0.98602294921875
0.0171852111816406 -0.00201606750488281 1.2816162109375 -0.0880126953125
-0.0469284057617188 -0.0673828125 0.93505859375 1.2152099609375
0.00919151306152344 -0.0351219177246094 -0.0389404296875 1.145263671875
0.0393714904785156 -0.0213699340820313 0.0477752685546875 0.090789794921875
-0.00408554077148438 -0.0356826782226563 0.0351562500000001 -1.10260009765625
-0.000511169433593755 -0.05462646484375 -1.0703125 -1.10162353515625
0.0205230712890625 -0.0366592407226563 -1.2808837890625 0.32080078125
0.0221328735351563 -0.0477371215820312 -0.24139404296875 0.98687744140625
0.01788330078125 -0.0656051635742188 0.42822265625 0.62164306640625
-0.0130987167358398 -0.0124244689941406 0.526275634765625 -0.065582275390625
-0.0225944519042969 0.00786209106445313 0.265106201171875 -0.47039794921875
-0.0687370300292969 -0.0221939086914063 -0.2283935546875 0.45166015625
-0.000991821289062496 -0.0388603210449219 -0.44171142578125 0.0109252929687501
0.0339431762695313 -0.0735397338867188 -0.319580078125 -0.6634521484375
0.0726547241210938 -0.03057861328125 0.39459228515625 -0.99761962890625
0.0322132110595703 -0.0104751586914062 1.2708740234375 -0.1334228515625
-0.050079345703125 -0.0685920715332031 0.970458984375 1.174560546875
-0.0037078857421875 -0.0402336120605469 -0.0062255859375001 1.1455078125
0.0301475524902344 -0.0322456359863281 0.05511474609375 0.102294921875
-0.0135726928710938 -0.0404205322265625 0.07470703125 -1.1005859375
2.67028808593715E-05 -0.0558586120605469 -1.0325927734375 -1.14794921875
0.0347023010253906 -0.0444984436035156 -1.305419921875 0.2742919921875
0.0337867736816406 -0.0634956359863281 -0.28961181640625 0.986328125
0.0230636596679687 -0.0794601440429687 0.392333984375 0.64111328125
-0.0171289443969727 -0.0169401168823242 0.511962890625 -0.052276611328125
-0.0321369171142578 0.00408935546874999 0.261962890625 -0.469207763671875
-0.0742874145507813 -0.0249176025390625 -0.232086181640625 0.45501708984375
-0.00447463989257812 -0.0412330627441406 -0.459991455078125 0.0223388671875
0.0303726196289063 -0.0786514282226562 -0.35791015625 -0.64678955078125
0.0757675170898438 -0.0388717651367188 0.33966064453125 -1.005859375
0.0397262573242188 -0.0155754089355469 1.258544921875 -0.1898193359375
-0.0523033142089844 -0.0691070556640625 1.0172119140625 1.12359619140625
-0.0120048522949219 -0.0429191589355469 0.0419921875 1.144287109375
0.0233688354492187 -0.036346435546875 0.0662765502929688 0.115409851074219
-0.0204353332519531 -0.0409698486328125 0.1221923828125 -1.09747314453125
0.000572204589843747 -0.0561485290527344 -0.981689453125 -1.2020263671875
0.0423851013183594 -0.0469207763671875 -1.32763671875 0.220947265625
0.0413932800292969 -0.0695762634277344 -0.34600830078125 0.983154296875
0.027008056640625 -0.0845184326171875 0.34954833984375 0.65667724609375
-0.0201416015625 -0.0216293334960937 0.4921875 -0.041259765625
-0.0382308959960938 0.00159454345703125 0.25543212890625 -0.467041015625
-0.0732955932617188 -0.0278778076171875 -0.232086181640625 0.459503173828125
-0.009185791015625 -0.0405197143554688 -0.47515869140625 0.03521728515625
0.023284912109375 -0.07574462890625 -0.39801025390625 -0.62689208984375
0.0705337524414063 -0.035003662109375 0.28399658203125 -1.01416015625
0.0386772155761719 -0.015625 1.23583984375 -0.2442626953125
-0.0537376403808594 -0.0677986145019531 1.06689453125 1.07177734375
-0.0139732360839844 -0.0418586730957031 0.0938720703125 1.1414794921875
0.0201759338378906 -0.0335121154785156 0.0791168212890625 0.129013061523438
-0.020355224609375 -0.039398193359375 0.16961669921875 -1.097412109375
0.00114822387695312 -0.0546913146972656 -0.9315185546875 -1.2554931640625
0.0423927307128906 -0.0446243286132813 -1.3499755859375 0.15966796875
0.042510986328125 -0.0649986267089844 -0.403076171875 0.9771728515625
0.0262069702148437 -0.0809783935546875 0.30517578125 0.67388916015625
-0.021331787109375 -0.0232429504394531 0.475921630859375 -0.02984619140625
-0.038482666015625 -0.00115966796874999 0.253204345703125 -0.463623046875
-0.0676727294921875 -0.0296783447265625 -0.231109619140625 0.466796875
-0.00978088378906249 -0.0400962829589844 -0.488494873046875 0.0479431152343751
0.0149803161621094 -0.0633926391601563 -0.427001953125 -0.61102294921875
0.0596542358398438 -0.0216331481933594 0.2413330078125 -1.01947021484375
0.0298061370849609 -0.0105419158935547 1.2193603515625 -0.289306640625
-0.0533790588378906 -0.0669593811035156 1.1063232421875 1.0291748046875
-0.0104751586914062 -0.0369987487792969 0.1334228515625 1.136962890625
0.0235328674316406 -0.0250110626220703 0.0903701782226563 0.138618469238281
-0.0152091979980469 -0.0352592468261719 0.21893310546875 -1.09478759765625
0.00175094604492188 -0.0534515380859375 -0.8787841796875 -1.30029296875
0.03424072265625 -0.0364494323730469 -1.3662109375 0.103759765625
0.0353813171386719 -0.0496063232421875 -0.44879150390625 0.96624755859375
0.0202140808105469 -0.0687484741210938 0.267333984375 0.68170166015625
-0.0200901031494141 -0.0230617523193359 0.45928955078125 -0.02423095703125
-0.0349006652832031 -0.00213241577148437 0.24761962890625 -0.46063232421875
-0.0178165435791016 -0.00660324096679687 -0.207061767578125 0.448028564453125
0.0123157501220703 -0.0232257843017578 -0.3995361328125 -0.00561523437500008
0.00238704681396484 0.0135412216186523 -0.25665283203125 -0.689208984375
-0.0101585388183594 0.0543975830078125 0.46978759765625 -0.98309326171875
-0.0479240417480469 0.0264091491699219 1.2872314453125 -0.0557861328125
-0.0406494140625 -0.0637550354003906 0.9144287109375 1.2423095703125
0.0541229248046875 -0.0099334716796875 -0.0535888671875 1.143798828125
0.0763168334960938 0.0256195068359375 0.049896240234375 0.0777816772460938
0.0422897338867187 -0.0139350891113281 0.0298461914062499 -1.10577392578125
0.000499725341796874 -0.0476913452148438 -1.07611083984375 -1.08465576171875
-0.0356292724609375 0.00797271728515625 -1.27001953125 0.33984375
-0.0204315185546875 0.0313282012939453 -0.2188720703125 0.9833984375
-0.00553226470947266 -0.00144815444946289 0.44989013671875 0.60369873046875
0.00170552730560303 0.00140345096588135 0.537811279296875 -0.076385498046875
0.0162143707275391 0.0148019790649414 0.265899658203125 -0.46478271484375
-0.0330905914306641 -0.00831031799316406 -0.211669921875 0.44622802734375
0.0109901428222656 -0.0274639129638672 -0.399322509765625 -0.00750732421875006
0.0130205154418945 -0.0106420516967773 -0.24920654296875 -0.68780517578125
0.0137290954589844 0.0298309326171875 0.481201171875 -0.97357177734375
-0.0276165008544922 0.0148906707763672 1.2830810546875 -0.0389404296875
-0.0420761108398438 -0.0657386779785156 0.892822265625 1.2542724609375
0.0408821105957031 -0.0171737670898438 -0.0712890625000001 1.1424560546875
0.0673866271972656 0.009735107421875 0.0448532104492188 0.0766754150390625
0.0273323059082031 -0.0222148895263672 0.01629638671875 -1.10394287109375
-0.00122833251953125 -0.0497360229492188 -1.08807373046875 -1.0732421875
-0.0183639526367188 -0.00712203979492187 -1.2606201171875 0.3524169921875
-0.00578546524047852 0.00358343124389648 -0.2080078125 0.98089599609375
0.00202560424804688 -0.0232086181640625 0.45843505859375 0.599609375
-0.00157666206359863 -0.00362706184387207 0.536651611328125 -0.078399658203125
0.00288009643554688 0.0153980255126953 0.263946533203125 -0.471435546875
-0.0454177856445313 -0.0115470886230469 -0.214599609375 0.444305419921875
0.00794792175292969 -0.0303668975830078 -0.407501220703125 -0.00720214843750007
0.0242347717285156 -0.0357894897460938 -0.25933837890625 -0.68328857421875
0.0386734008789063 0.00553512573242188 0.4678955078125 -0.97503662109375
-0.00362253189086914 0.00615978240966797 1.2823486328125 -0.052490234375
-0.0453529357910156 -0.0667495727539063 0.90576171875 1.23876953125
0.0247859954833984 -0.0267658233642578 -0.0616455078125 1.1387939453125
0.0531539916992188 -0.0076904296875 0.0433425903320312 0.0811691284179688
0.0112266540527344 -0.0292148590087891 0.0152587890624999 -1.09832763671875
-0.00132369995117187 -0.0529899597167969 -1.0843505859375 -1.07098388671875
0.00123405456542969 -0.0226955413818359 -1.26416015625 0.3516845703125
0.00741195678710938 -0.0239734649658203 -0.21160888671875 0.98150634765625
0.00889968872070313 -0.0460700988769531 0.45306396484375 0.60516357421875
-0.00768613815307617 -0.00707578659057617 0.534942626953125 -0.075714111328125
-0.00852775573730469 0.0114164352416992 0.263397216796875 -0.469390869140625
-0.0583763122558594 -0.0158767700195313 -0.219207763671875 0.4443359375
0.00412178039550781 -0.0348033905029297 -0.419891357421875 0.00155639648437493
0.0313835144042969 -0.0584678649902344 -0.28460693359375 -0.67376708984375
0.0598258972167969 -0.0168075561523438 0.43328857421875 -0.98260498046875
0.0167818069458008 -0.00280857086181641 1.275390625 -0.0865478515625
-0.0480766296386719 -0.067535400390625 0.9310302734375 1.209228515625
0.00990676879882813 -0.0340423583984375 -0.040283203125 1.137451171875
0.0411186218261719 -0.02276611328125 0.0483779907226563 0.0900650024414063
-0.00298500061035156 -0.0345230102539062 0.03631591796875 -1.09637451171875
-9.91821289062558E-05 -0.0545539855957031 -1.064208984375 -1.09832763671875
0.0197944641113281 -0.0370941162109375 -1.27490234375 0.3218994140625
0.0214157104492188 -0.0475234985351563 -0.24224853515625 0.98236083984375
0.0160331726074219 -0.0655860900878906 0.42742919921875 0.61993408203125
-0.012660026550293 -0.0122842788696289 0.5244140625 -0.066192626953125
-0.0216350555419922 0.00867652893066406 0.262908935546875 -0.46734619140625
-0.0672454833984375 -0.01983642578125 -0.226318359375 0.446746826171875
-0.00190353393554688 -0.0381202697753906 -0.4388427734375 0.0105590820312499
0.0332107543945313 -0.0727462768554688 -0.31829833984375 -0.66033935546875
0.0715179443359375 -0.0320281982421875 0.39080810546875 -0.99151611328125
0.031463623046875 -0.0104331970214844 1.261962890625 -0.132080078125
-0.0502815246582031 -0.0683708190917969 0.96630859375 1.16943359375
-0.00346755981445312 -0.0400848388671875 -0.00537109374999993 1.1387939453125
0.0306873321533203 -0.0318622589111328 0.0556488037109375 0.101890563964844
-0.0144157409667969 -0.0390129089355469 0.07489013671875 -1.09320068359375
-0.000488281250000004 -0.0550804138183594 -1.0260009765625 -1.140625
0.0345840454101563 -0.0445671081542969 -1.30224609375 0.2757568359375
0.0341758728027344 -0.0644950866699219 -0.2908935546875 0.983642578125
0.02288818359375 -0.0789337158203125 0.38983154296875 0.63812255859375
-0.0180797576904297 -0.0166816711425781 0.50958251953125 -0.051361083984375
-0.0303058624267578 0.00510597229003906 0.260711669921875 -0.46600341796875
-0.072235107421875 -0.0234375 -0.22796630859375 0.451324462890625
-0.00534439086914063 -0.0395088195800781 -0.457550048828125 0.0220031738281251
0.0298309326171875 -0.0797805786132812 -0.35662841796875 -0.6417236328125
0.07586669921875 -0.0389633178710937 0.3372802734375 -1.0010986328125
0.0391960144042969 -0.0157051086425781 1.24853515625 -0.183837890625
-0.0532341003417969 -0.068328857421875 1.01312255859375 1.11956787109375
-0.0113983154296875 -0.0421180725097656 0.0423583984375 1.135498046875
0.0237350463867187 -0.0358467102050781 0.0674667358398437 0.115081787109375
-0.0201148986816406 -0.0403785705566406 0.12158203125 -1.0926513671875
0.00104904174804687 -0.0556449890136719 -0.9764404296875 -1.1973876953125
0.0428428649902344 -0.0480461120605469 -1.32470703125 0.2198486328125
0.04119873046875 -0.0700569152832031 -0.3458251953125 0.9774169921875
0.0256881713867188 -0.0839996337890625 0.34735107421875 0.65484619140625
-0.0198230743408203 -0.0207653045654297 0.489349365234375 -0.040740966796875
-0.0358352661132813 0.0027618408203125 0.253448486328125 -0.464599609375
-0.0720901489257813 -0.0267333984375 -0.229583740234375 0.4564208984375
-0.00941848754882813 -0.0400428771972656 -0.4725341796875 0.036102294921875
0.0222625732421875 -0.0755844116210937 -0.39569091796875 -0.62384033203125
0.0707168579101563 -0.0355606079101563 0.2825927734375 -1.0084228515625
0.0385932922363281 -0.0163993835449219 1.2266845703125 -0.24169921875
-0.0544509887695313 -0.067535400390625 1.063720703125 1.0643310546875
-0.0140419006347656 -0.0404853820800781 0.0932617187500001 1.1343994140625
0.0213203430175781 -0.0334873199462891 0.077911376953125 0.128578186035156
-0.0200386047363281 -0.0394248962402344 0.16790771484375 -1.0924072265625
0.00101852416992187 -0.0546684265136719 -0.922119140625 -1.25
0.0431709289550781 -0.0435981750488281 -1.345947265625 0.1610107421875
0.0419731140136719 -0.0649833679199219 -0.401611328125 0.9722900390625
0.025787353515625 -0.0798110961914062 0.302490234375 0.67120361328125
-0.0218486785888672 -0.0224285125732422 0.47137451171875 -0.0301513671875
-0.0363311767578125 -0.000114440917968756 0.2513427734375 -0.46240234375
-0.0663490295410156 -0.0286865234375 -0.226348876953125 0.462554931640625
-0.0100898742675781 -0.0389366149902344 -0.4854736328125 0.0467224121093751
0.0147743225097656 -0.0626792907714844 -0.4267578125 -0.60894775390625
0.0594558715820313 -0.022003173828125 0.2384033203125 -1.015380859375
0.0292682647705078 -0.0118312835693359 1.211669921875 -0.284912109375
-0.055328369140625 -0.0671653747558594 1.1029052734375 1.02349853515625
-0.00992965698242188 -0.0359954833984375 0.1341552734375 1.129150390625
0.0233592987060547 -0.0246047973632812 0.0901641845703125 0.138496398925781
-0.0146026611328125 -0.0345497131347656 0.21832275390625 -1.08917236328125
0.0023040771484375 -0.0531044006347656 -0.871826171875 -1.2955322265625
0.0344772338867188 -0.0367698669433594 -1.3597412109375 0.10546875
0.0350914001464844 -0.0497016906738281 -0.4490966796875 0.96282958984375
0.0199012756347656 -0.0680313110351563 0.26385498046875 0.681884765625
-0.0200099945068359 -0.0214595794677734 0.457061767578125 -0.023162841796875
-0.0326004028320313 -0.000789642333984372 0.246124267578125 -0.45867919921875
-0.0168342590332031 -0.00581741333007813 -0.205810546875 0.4444580078125
0.0113544464111328 -0.0213260650634766 -0.397857666015625 -0.00619506835937503
0.00109958648681641 0.0140714645385742 -0.25579833984375 -0.687255859375
-0.00979232788085938 0.0542182922363281 0.46600341796875 -0.9776611328125
-0.0481643676757813 0.0258331298828125 1.2794189453125 -0.0537109375
-0.0423583984375 -0.0637397766113281 0.912841796875 1.24267578125
0.0546112060546875 -0.00891876220703125 -0.0557861328125001 1.1365966796875
0.0774612426757813 0.0265121459960938 0.0498123168945313 0.0778884887695313
0.04296875 -0.0139350891113281 0.0309448242187501 -1.09918212890625
0.000755310058593753 -0.04736328125 -1.070556640625 -1.084228515625
-0.0353660583496094 0.00801849365234374 -1.268798828125 0.3375244140625
-0.0209445953369141 0.0304279327392578 -0.22332763671875 0.9793701171875
-0.00580263137817383 -0.00184106826782227 0.44696044921875 0.603515625
0.00185394287109375 0.00277400016784668 0.534576416015625 -0.075897216796875
0.0175695419311523 0.0149030685424805 0.2662353515625 -0.460693359375
-0.0316085815429688 -0.00692558288574218 -0.209747314453125 0.441986083984375
0.0109958648681641 -0.0256671905517578 -0.39874267578125 -0.00811767578125004
0.0136547088623047 -0.0107831954956055 -0.2474365234375 -0.6844482421875
0.0147285461425781 0.0290012359619141 0.47943115234375 -0.96759033203125
-0.0274200439453125 0.0150032043457031 1.2784423828125 -0.0367431640625
-0.0437278747558594 -0.0646705627441406 0.8868408203125 1.2528076171875
0.0412559509277344 -0.0173416137695313 -0.0742187500000001 1.1357421875
0.0667495727539063 0.0099334716796875 0.0445327758789063 0.0768280029296875
0.0281791687011719 -0.020904541015625 0.0177612304687501 -1.09716796875
-0.00116348266601562 -0.0488395690917969 -1.0823974609375 -1.07061767578125
-0.0176887512207031 -0.00725364685058594 -1.259033203125 0.348876953125
-0.00584316253662109 0.00353145599365234 -0.2103271484375 0.9776611328125
0.00149917602539063 -0.0235347747802734 0.45440673828125 0.59832763671875
-0.00130629539489746 -0.00196075439453125 0.53594970703125 -0.076416015625
0.00514793395996094 0.0150489807128906 0.26336669921875 -0.469085693359375
-0.0437774658203125 -0.0109367370605469 -0.212493896484375 0.442352294921875
0.00777435302734375 -0.0291366577148438 -0.406402587890625 -0.00747680664062507
0.0244674682617187 -0.0357933044433594 -0.25811767578125 -0.68170166015625
0.0383186340332031 0.0045623779296875 0.4637451171875 -0.97039794921875
-0.00507497787475586 0.00562667846679687 1.27587890625 -0.0494384765625
-0.0467720031738281 -0.0658149719238281 0.9000244140625 1.2354736328125
0.0252685546875 -0.0260677337646484 -0.0653076171875 1.132568359375
0.0546875 -0.00748062133789063 0.04443359375 0.0804214477539063
0.0118904113769531 -0.0279312133789063 0.01806640625 -1.09442138671875
-0.00101852416992187 -0.0512161254882813 -1.08203125 -1.06982421875
0.0019989013671875 -0.0238418579101563 -1.2628173828125 0.348388671875
0.00796318054199219 -0.0244235992431641 -0.2135009765625 0.9814453125
0.00939178466796875 -0.0458602905273437 0.44879150390625 0.6041259765625
-0.00723648071289063 -0.00610733032226562 0.532379150390625 -0.073272705078125
-0.00748443603515625 0.0121955871582031 0.2630615234375 -0.466949462890625
-0.0573387145996094 -0.0139694213867188 -0.21820068359375 0.442962646484375
0.00385093688964844 -0.0339717864990234 -0.419921875 6.10351562499707E-05
0.0312957763671875 -0.0578460693359375 -0.28302001953125 -0.6715087890625
0.0600318908691406 -0.0170211791992188 0.4342041015625 -0.97894287109375
0.0156574249267578 -0.00313854217529297 1.27001953125 -0.0867919921875
-0.049407958984375 -0.0660209655761719 0.9256591796875 1.208251953125
0.00935935974121094 -0.0337066650390625 -0.0421142578125 1.1331787109375
0.0419807434082031 -0.0224037170410156 0.0487823486328125 0.08978271484375
-0.00278282165527344 -0.03314208984375 0.0386352539062499 -1.09173583984375
-0.000469207763671872 -0.0538101196289063 -1.06036376953125 -1.09539794921875
0.0205955505371094 -0.036865234375 -1.27490234375 0.3189697265625
0.0216331481933594 -0.0485687255859375 -0.24212646484375 0.98187255859375
0.015045166015625 -0.0649375915527344 0.4256591796875 0.61822509765625
-0.0130376815795898 -0.0112209320068359 0.522979736328125 -0.06353759765625
-0.0199050903320313 0.00927734375 0.26318359375 -0.46624755859375
-0.0666007995605469 -0.0192680358886719 -0.22454833984375 0.44403076171875
-0.000991821289062497 -0.0365676879882813 -0.438079833984375 0.00869750976562509
0.0333786010742187 -0.073272705078125 -0.315673828125 -0.6572265625
0.0720367431640625 -0.0319976806640625 0.39056396484375 -0.9859619140625
0.03070068359375 -0.0115089416503906 1.2578125 -0.130859375
-0.0521430969238281 -0.0677452087402344 0.961669921875 1.1651611328125
-0.00274658203125 -0.0395431518554687 -0.00415039062500006 1.1304931640625
0.0316791534423828 -0.0324306488037109 0.0557174682617188 0.101554870605469
-0.0137252807617187 -0.0380783081054688 0.07904052734375 -1.08880615234375
5.722045898437E-05 -0.0552597045898438 -1.0216064453125 -1.1422119140625
0.0351905822753906 -0.0451431274414063 -1.298828125 0.270263671875
0.0339813232421875 -0.0645103454589844 -0.29205322265625 0.98004150390625
0.0215606689453125 -0.0786056518554688 0.3897705078125 0.63641357421875
-0.017359733581543 -0.0165395736694336 0.5064697265625 -0.05029296875
-0.0289726257324219 0.00505638122558593 0.25958251953125 -0.46600341796875
-0.0713043212890625 -0.0219802856445313 -0.22576904296875 0.449920654296875
-0.0057525634765625 -0.0388832092285156 -0.456787109375 0.0204162597656251
0.0301971435546875 -0.0788192749023438 -0.35479736328125 -0.6407470703125
0.0765380859375 -0.0403366088867188 0.33599853515625 -0.99566650390625
0.0382614135742188 -0.0171699523925781 1.24267578125 -0.1832275390625
-0.0551490783691406 -0.0683059692382813 1.0098876953125 1.11895751953125
-0.0115432739257813 -0.0412673950195313 0.0430908203124999 1.133544921875
0.0244064331054687 -0.0364913940429687 0.0675888061523438 0.113670349121094
-0.0197982788085938 -0.0392379760742187 0.12335205078125 -1.0899658203125
0.000263214111328127 -0.0545997619628906 -0.972412109375 -1.1953125
0.0425033569335938 -0.0473670959472656 -1.3214111328125 0.21728515625
0.0410881042480469 -0.0699615478515625 -0.34637451171875 0.97613525390625
0.0251541137695313 -0.08343505859375 0.343505859375 0.65283203125
-0.0202064514160156 -0.0207767486572266 0.488006591796875 -0.039459228515625
-0.0346736907958984 0.0023956298828125 0.253387451171875 -0.462554931640625
-0.0705490112304688 -0.0250778198242187 -0.227325439453125 0.454803466796875
-0.00949859619140625 -0.0390357971191406 -0.4718017578125 0.033782958984375
0.0218276977539062 -0.0757217407226563 -0.39495849609375 -0.6226806640625
0.0714035034179688 -0.0360183715820313 0.27972412109375 -1.00714111328125
0.0368728637695312 -0.0167388916015625 1.2218017578125 -0.2393798828125
-0.0564956665039063 -0.06707763671875 1.05645751953125 1.06195068359375
-0.0132331848144531 -0.0396461486816406 0.0938720703125 1.129150390625
0.0218372344970703 -0.0337619781494141 0.0791854858398438 0.127639770507812
-0.0195808410644531 -0.037567138671875 0.170654296875 -1.08587646484375
0.00119400024414063 -0.0542945861816406 -0.91796875 -1.2481689453125
0.0433616638183594 -0.0442543029785156 -1.3436279296875 0.1575927734375
0.0426139831542969 -0.0651092529296875 -0.403076171875 0.97052001953125
0.0251312255859375 -0.07952880859375 0.30120849609375 0.6705322265625
-0.0203208923339844 -0.0220165252685547 0.471710205078125 -0.02801513671875
-0.0347270965576172 -0.000431060791015622 0.2515869140625 -0.4610595703125
-0.0651588439941406 -0.0270500183105469 -0.22686767578125 0.458526611328125
-0.0100440979003906 -0.0385665893554688 -0.48333740234375 0.04547119140625
0.0140647888183594 -0.0628852844238281 -0.42474365234375 -0.60662841796875
0.0601921081542969 -0.0227928161621094 0.23687744140625 -1.01055908203125
0.0278110504150391 -0.0112419128417969 1.2059326171875 -0.281005859375
-0.0560493469238281 -0.0664825439453125 1.0999755859375 1.02044677734375
-0.00981903076171875 -0.0357131958007813 0.13427734375 1.1263427734375
0.0243568420410156 -0.0246734619140625 0.0908660888671875 0.138664245605469
-0.0143222808837891 -0.0337619781494141 0.21942138671875 -1.083740234375
0.00178146362304688 -0.0518836975097656 -0.8681640625 -1.2945556640625
0.0346755981445313 -0.03662109375 -1.357177734375 0.1036376953125
0.0348396301269531 -0.0499420166015625 -0.4510498046875 0.95989990234375
0.0186767578125 -0.0676345825195313 0.26312255859375 0.68096923828125
-0.0208034515380859 -0.0206642150878906 0.455718994140625 -0.022125244140625
-0.0313758850097656 -0.00134468078613281 0.24456787109375 -0.457855224609375
-0.0166091918945313 -0.00295066833496094 -0.204559326171875 0.442108154296875
0.0115299224853516 -0.0210857391357422 -0.39617919921875 -0.00796508789062505
0.0018157958984375 0.0143814086914063 -0.254638671875 -0.68603515625
-0.00977325439453125 0.0533943176269531 0.4661865234375 -0.972412109375
-0.0489997863769531 0.0255661010742188 1.2762451171875 -0.0498046875
-0.04296875 -0.0634422302246094 0.9100341796875 1.24267578125
0.054595947265625 -0.00889205932617188 -0.0579833984375 1.1334228515625
0.078460693359375 0.025665283203125 0.0503921508789063 0.0777359008789063
0.0430946350097656 -0.0127487182617188 0.03338623046875 -1.0968017578125
0.000141143798828124 -0.0462532043457031 -1.0714111328125 -1.0845947265625
-0.034149169921875 0.00758171081542969 -1.2685546875 0.334716796875
-0.0212249755859375 0.0297946929931641 -0.22772216796875 0.97991943359375
-0.00645208358764649 -0.00106048583984375 0.44384765625 0.60345458984375
0.00228261947631836 0.00465774536132813 0.5340576171875 -0.0738525390625
0.0190925598144531 0.0157489776611328 0.26605224609375 -0.460205078125
-0.0302467346191406 -0.00514793395996094 -0.207672119140625 0.44097900390625
0.00990867614746094 -0.0238590240478516 -0.3980712890625 -0.00967407226562492
0.0138721466064453 -0.0108919143676758 -0.24591064453125 -0.6837158203125
0.0151157379150391 0.0285720825195313 0.4781494140625 -0.96466064453125
-0.0281333923339844 0.0145263671875 1.274658203125 -0.035888671875
-0.043975830078125 -0.0651626586914063 0.885498046875 1.2510986328125
0.0404434204101563 -0.01702880859375 -0.0756835937500001 1.1343994140625
0.0677146911621094 0.00955963134765625 0.0446243286132813 0.0763702392578125
0.0285148620605469 -0.0194091796875 0.02313232421875 -1.09588623046875
-0.000667572021484379 -0.0487060546875 -1.0770263671875 -1.0709228515625
-0.0170621871948242 -0.00865554809570313 -1.2615966796875 0.3480224609375
-0.00633144378662109 0.00309228897094727 -0.2132568359375 0.9769287109375
0.00119209289550781 -0.0227260589599609 0.453125 0.59942626953125
-0.000557899475097656 -0.00213360786437988 0.5352783203125 -0.075714111328125
0.00583267211914062 0.0145092010498047 0.262908935546875 -0.468475341796875
-0.04364013671875 -0.00904083251953125 -0.211822509765625 0.438812255859375
0.00775718688964843 -0.0280399322509766 -0.406005859375 -0.00741577148437492
0.0246047973632813 -0.0357894897460938 -0.257568359375 -0.68133544921875
0.0395469665527344 0.004180908203125 0.46478271484375 -0.96783447265625
-0.00613307952880859 0.00596141815185547 1.27392578125 -0.0499267578125
-0.0478744506835938 -0.0654678344726562 0.894775390625 1.2362060546875
0.025390625 -0.0255451202392578 -0.0654296875 1.1307373046875
0.0549240112304688 -0.007080078125 0.044281005859375 0.0806732177734375
0.0123119354248047 -0.0270633697509766 0.0217895507812499 -1.09197998046875
-0.00132369995117188 -0.052276611328125 -1.07733154296875 -1.06915283203125
0.00228500366210938 -0.0230350494384766 -1.2626953125 0.343505859375
0.00768089294433594 -0.0245895385742188 -0.2171630859375 0.9818115234375
0.00867462158203125 -0.045013427734375 0.4483642578125 0.6043701171875
-0.00744724273681641 -0.00582504272460938 0.53155517578125 -0.07159423828125
-0.00539684295654297 0.0118255615234375 0.262786865234375 -0.46636962890625
-0.0571861267089844 -0.0131378173828125 -0.217041015625 0.439422607421875
0.00352287292480469 -0.0324363708496094 -0.419952392578125 -0.000549316406250088
0.0313796997070313 -0.0571937561035156 -0.28228759765625 -0.67047119140625
0.06036376953125 -0.0164527893066406 0.43096923828125 -0.9747314453125
0.0151777267456055 -0.00345993041992188 1.2655029296875 -0.083251953125
-0.0506401062011719 -0.0662574768066406 0.920654296875 1.2056884765625
0.009735107421875 -0.0333938598632813 -0.0421142578125 1.1292724609375
0.0427131652832031 -0.0216598510742188 0.0491561889648438 0.0893402099609375
-0.00243186950683593 -0.0331935882568359 0.04052734375 -1.0870361328125
-0.000400543212890623 -0.0532035827636719 -1.05755615234375 -1.1002197265625
0.0211143493652344 -0.036834716796875 -1.2734375 0.3179931640625
0.0214118957519531 -0.0486869812011719 -0.246826171875 0.97991943359375
0.014923095703125 -0.0639724731445313 0.42315673828125 0.61773681640625
-0.0131130218505859 -0.0107192993164063 0.522247314453125 -0.061676025390625
-0.0185813903808594 0.00930023193359375 0.262603759765625 -0.465057373046875
-0.0657730102539063 -0.0171737670898437 -0.2227783203125 0.4417724609375
-0.00150680541992188 -0.0354499816894531 -0.43743896484375 0.00936889648437493
0.032501220703125 -0.0725479125976563 -0.31536865234375 -0.6566162109375
0.073516845703125 -0.0327835083007813 0.38885498046875 -0.98272705078125
0.0305747985839844 -0.0115394592285156 1.2554931640625 -0.127685546875
-0.0533676147460937 -0.0672531127929688 0.9613037109375 1.1673583984375
-0.00268936157226562 -0.0384712219238281 -0.00585937499999999 1.1292724609375
0.0325374603271484 -0.0325088500976563 0.0567474365234375 0.101531982421875
-0.012847900390625 -0.0365524291992188 0.0797119140624999 -1.08746337890625
0.000217437744140624 -0.0544204711914062 -1.0181884765625 -1.143310546875
0.0346946716308594 -0.046417236328125 -1.2996826171875 0.2685546875
0.0323333740234375 -0.0648727416992187 -0.29437255859375 0.98046875
0.0211639404296875 -0.07696533203125 0.3863525390625 0.63775634765625
-0.0175762176513672 -0.0152435302734375 0.50634765625 -0.049835205078125
-0.0267829895019531 0.00538253784179687 0.259857177734375 -0.465057373046875
-0.070404052734375 -0.020172119140625 -0.22503662109375 0.447021484375
-0.00623703002929687 -0.0379753112792969 -0.4571533203125 0.0204772949218749
0.0292816162109375 -0.078125 -0.3560791015625 -0.64111328125
0.0766448974609375 -0.040740966796875 0.3341064453125 -0.99267578125
0.036529541015625 -0.0169143676757813 1.2396240234375 -0.1832275390625
-0.056549072265625 -0.0678215026855469 1.00469970703125 1.116943359375
-0.01068115234375 -0.0407180786132813 0.0411376953125 1.128173828125
0.0261726379394531 -0.0364112854003906 0.067596435546875 0.114959716796875
-0.0199050903320312 -0.0385780334472656 0.12811279296875 -1.083740234375
0.000545501708984379 -0.0540771484375 -0.9698486328125 -1.193603515625
0.042449951171875 -0.0488853454589844 -1.3228759765625 0.2138671875
0.0397796630859375 -0.0706787109375 -0.35052490234375 0.97540283203125
0.0244369506835937 -0.0825881958007813 0.343017578125 0.65411376953125
-0.0198497772216797 -0.0199337005615234 0.487518310546875 -0.037933349609375
-0.0329113006591797 0.00230979919433594 0.25311279296875 -0.4632568359375
-0.0691680908203125 -0.02349853515625 -0.22686767578125 0.4505615234375
-0.0093536376953125 -0.0367546081542969 -0.4713134765625 0.03228759765625
0.022216796875 -0.0748214721679687 -0.3931884765625 -0.62255859375
0.0713424682617188 -0.03704833984375 0.27911376953125 -1.0028076171875
0.0356903076171875 -0.0172843933105469 1.2178955078125 -0.2373046875
-0.0575294494628906 -0.0669479370117188 1.0556640625 1.062255859375
-0.0132980346679688 -0.0386314392089844 0.0894775390625 1.126953125
0.0225391387939453 -0.0332965850830078 0.0792312622070313 0.128555297851563
-0.019683837890625 -0.0370140075683594 0.17388916015625 -1.08245849609375
0.00133895874023438 -0.0533676147460937 -0.915283203125 -1.24658203125
0.0433273315429688 -0.0446510314941406 -1.342041015625 0.156005859375
0.0410385131835938 -0.0662117004394531 -0.4068603515625 0.96868896484375
0.024932861328125 -0.0789642333984375 0.29779052734375 0.67095947265625
-0.0210456848144531 -0.0214271545410156 0.470184326171875 -0.02783203125
-0.0336036682128906 -0.000461578369140618 0.25030517578125 -0.457550048828125
-0.0637626647949219 -0.0254859924316406 -0.223968505859375 0.45721435546875
-0.0101165771484375 -0.036163330078125 -0.4818115234375 0.0449829101562501
0.0138282775878906 -0.063018798828125 -0.42401123046875 -0.606201171875
0.0610313415527344 -0.0233116149902344 0.235107421875 -1.0067138671875
0.0282535552978516 -0.011871337890625 1.2042236328125 -0.2822265625
-0.0580101013183594 -0.0656471252441406 1.09368896484375 1.021484375
-0.00992965698242188 -0.0353317260742188 0.1334228515625 1.12261962890625
0.0247173309326172 -0.0253238677978516 0.090087890625 0.138168334960938
-0.0143318176269531 -0.0323028564453125 0.22320556640625 -1.0804443359375
0.00173187255859375 -0.052459716796875 -0.8641357421875 -1.29638671875
0.0347938537597656 -0.0368003845214844 -1.3577880859375 0.1009521484375
0.0353507995605469 -0.0503997802734375 -0.4539794921875 0.96160888671875
0.0191574096679688 -0.0671958923339844 0.26007080078125 0.68145751953125
-0.0197963714599609 -0.0201377868652344 0.45404052734375 -0.022125244140625
-0.0294990539550781 -0.000413894653320313 0.245147705078125 -0.456817626953125
-0.0149745941162109 -0.00213336944580078 -0.20361328125 0.440399169921875
0.0104904174804688 -0.019134521484375 -0.39691162109375 -0.00942993164062506
0.00142574310302734 0.014404296875 -0.25274658203125 -0.6859130859375
-0.00905227661132812 0.0534095764160156 0.467041015625 -0.9725341796875
-0.0504837036132813 0.0252265930175781 1.2745361328125 -0.048095703125
-0.0424461364746094 -0.0630760192871094 0.90576171875 1.24169921875
0.05523681640625 -0.00864410400390625 -0.0579833984375 1.132568359375
0.0792770385742188 0.0262832641601563 0.0503692626953125 0.0769195556640625
0.0438156127929688 -0.0125961303710938 0.0349121093749999 -1.0982666015625
0.001190185546875 -0.0464973449707031 -1.06884765625 -1.0865478515625
-0.0341167449951172 0.00751304626464844 -1.270751953125 0.33349609375
-0.0214614868164062 0.0291671752929688 -0.22882080078125 0.9815673828125
-0.00719070434570313 -0.00134515762329102 0.44342041015625 0.60546875
0.00239753723144531 0.00420641899108887 0.53399658203125 -0.07330322265625
0.0202217102050781 0.0156517028808594 0.26690673828125 -0.4613037109375
-0.0296192169189453 -0.00341606140136719 -0.208587646484375 0.438873291015625
0.0104217529296875 -0.0234794616699219 -0.39813232421875 -0.010162353515625
0.0131368637084961 -0.00944232940673828 -0.245849609375 -0.685302734375
0.0152931213378906 0.0281658172607422 0.47845458984375 -0.96307373046875
-0.0294857025146484 0.0146446228027344 1.2730712890625 -0.03466796875
-0.0457572937011719 -0.0639877319335938 0.882568359375 1.2550048828125
0.0416069030761719 -0.0157699584960938 -0.0770263671875 1.1317138671875
0.0691452026367188 0.00927734375 0.045562744140625 0.0764541625976563
0.0290946960449219 -0.0192317962646484 0.0249023437499999 -1.0938720703125
-0.000213623046874995 -0.0484542846679687 -1.07550048828125 -1.0751953125
-0.0168666839599609 -0.00785350799560547 -1.2615966796875 0.3447265625
-0.00635623931884766 0.00269746780395508 -0.2159423828125 0.9793701171875
0.000553131103515624 -0.0227565765380859 0.45159912109375 0.60205078125
-0.00111031532287598 -0.00102663040161133 0.535369873046875 -0.075286865234375
0.00729179382324219 0.0153322219848633 0.264312744140625 -0.46905517578125
-0.0425453186035156 -0.00756072998046874 -0.211883544921875 0.438446044921875
0.007598876953125 -0.0267276763916016 -0.4061279296875 -0.00878906249999998
0.0241737365722656 -0.0350837707519531 -0.25518798828125 -0.67938232421875
0.0392341613769531 0.00342941284179688 0.46453857421875 -0.9669189453125
-0.00643444061279297 0.00553417205810547 1.271240234375 -0.0462646484375
-0.0485496520996094 -0.0654869079589844 0.89501953125 1.2373046875
0.0255527496337891 -0.0252971649169922 -0.0665283203124999 1.128173828125
0.0563545227050781 -0.00838851928710938 0.0458602905273438 0.0807952880859375
0.0131988525390625 -0.026611328125 0.0238647460937499 -1.09124755859375
-2.28881835937524E-05 -0.0519943237304688 -1.07635498046875 -1.0736083984375
0.0031890869140625 -0.0239925384521484 -1.2647705078125 0.3441162109375
0.0067596435546875 -0.0248947143554688 -0.2197265625 0.98175048828125
0.00812911987304687 -0.0447731018066406 0.44573974609375 0.60693359375
-0.0066981315612793 -0.00481653213500976 0.531463623046875 -0.072021484375
-0.00434398651123047 0.0116662979125977 0.264739990234375 -0.4677734375
-0.0549087524414063 -0.0117607116699219 -0.216644287109375 0.438934326171875
0.00356483459472656 -0.0302505493164062 -0.418792724609375 -0.00143432617187494
0.0305213928222656 -0.0577468872070312 -0.28228759765625 -0.66900634765625
0.0612564086914063 -0.0183258056640625 0.43212890625 -0.97412109375
0.0137481689453125 -0.00401496887207031 1.2640380859375 -0.0799560546875
-0.0518684387207031 -0.0659637451171875 0.9195556640625 1.2093505859375
0.0103130340576172 -0.0326271057128906 -0.0439453125000001 1.1275634765625
0.0430641174316406 -0.0224494934082031 0.0486602783203125 0.088470458984375
-0.00167083740234375 -0.0322628021240234 0.0437622070312501 -1.08819580078125
-3.81469726562442E-05 -0.0538177490234375 -1.0565185546875 -1.0986328125
0.0209121704101562 -0.0383567810058594 -1.2779541015625 0.3145751953125
0.0208702087402344 -0.0494880676269531 -0.25152587890625 0.9813232421875
0.0147285461425781 -0.0635261535644531 0.4200439453125 0.62054443359375
-0.0125827789306641 -0.01007080078125 0.52203369140625 -0.06219482421875
-0.0172033309936523 0.00928592681884766 0.26251220703125 -0.46710205078125
-0.0643730163574219 -0.0159339904785156 -0.223052978515625 0.440399169921875
-0.00156974792480468 -0.033905029296875 -0.437652587890625 0.00808715820312494
0.0323638916015625 -0.0726547241210938 -0.3143310546875 -0.65789794921875
0.0733184814453125 -0.0339889526367188 0.3897705078125 -0.98345947265625
0.029327392578125 -0.011993408203125 1.253173828125 -0.1253662109375
-0.0549087524414063 -0.0665817260742187 0.9564208984375 1.1663818359375
-0.00243759155273438 -0.0378150939941406 -0.00964355468749992 1.1282958984375
0.0332756042480469 -0.0326633453369141 0.05645751953125 0.101264953613281
-0.0127639770507813 -0.0362396240234375 0.0821533203124999 -1.086181640625
-0.000198364257812498 -0.0545234680175781 -1.013916015625 -1.146484375
0.0352020263671875 -0.0466690063476563 -1.301513671875 0.2681884765625
0.032867431640625 -0.0650215148925781 -0.2979736328125 0.97979736328125
0.0212860107421875 -0.0771484375 0.3843994140625 0.6390380859375
-0.0171365737915039 -0.0152654647827148 0.506866455078125 -0.0478515625
-0.0255680084228516 0.00526428222656249 0.26043701171875 -0.463592529296875
-0.0695953369140625 -0.0187911987304687 -0.225067138671875 0.446533203125
-0.00542068481445313 -0.0361518859863281 -0.456268310546875 0.018310546875
0.0285415649414062 -0.0788421630859375 -0.354248046875 -0.64117431640625
0.077667236328125 -0.0412139892578125 0.3372802734375 -0.99169921875
0.0361785888671875 -0.0173454284667969 1.2384033203125 -0.1793212890625
-0.0578079223632813 -0.0679779052734375 1.0050048828125 1.12005615234375
-0.0110206604003906 -0.0401725769042969 0.0383300781250001 1.12646484375
0.0268783569335938 -0.0360298156738281 0.0668182373046875 0.113983154296875
-0.0190620422363281 -0.0378265380859375 0.12872314453125 -1.0836181640625
0.000572204589843748 -0.0538177490234375 -0.9678955078125 -1.1956787109375
0.0440750122070313 -0.0488510131835937 -1.323486328125 0.2132568359375
0.040863037109375 -0.0712432861328125 -0.35284423828125 0.97613525390625
0.024658203125 -0.0822677612304688 0.34112548828125 0.65576171875
-0.0196247100830078 -0.0196552276611328 0.486785888671875 -0.03729248046875
-0.0319423675537109 0.00256729125976563 0.253143310546875 -0.46405029296875
-0.0685997009277344 -0.0220832824707031 -0.227142333984375 0.449462890625
-0.0098419189453125 -0.0361480712890625 -0.47271728515625 0.032318115234375
0.0212631225585938 -0.0755462646484375 -0.392578125 -0.62359619140625
0.0727996826171875 -0.0381317138671875 0.279052734375 -0.99951171875
0.0347461700439453 -0.0176849365234375 1.219482421875 -0.235595703125
-0.0597496032714844 -0.0658645629882812 1.0537109375 1.06451416015625
-0.0130500793457031 -0.0382537841796875 0.0902099609375001 1.1246337890625
0.0230979919433594 -0.034454345703125 0.0795364379882812 0.127952575683594
-0.0191688537597656 -0.0360679626464844 0.17694091796875 -1.0811767578125
0.0018157958984375 -0.0524330139160156 -0.9127197265625 -1.25146484375
0.0440101623535156 -0.0444831848144531 -1.34521484375 0.1527099609375
0.0413360595703125 -0.0655136108398438 -0.409423828125 0.96795654296875
0.02410888671875 -0.078277587890625 0.29742431640625 0.67010498046875
-0.0202178955078125 -0.0199489593505859 0.46881103515625 -0.0269775390625
-0.0318279266357422 -5.53131103515569E-05 0.2506103515625 -0.459228515625
-0.0638542175292969 -0.0243721008300781 -0.22454833984375 0.4552001953125
-0.0104942321777344 -0.0359649658203125 -0.482940673828125 0.0424499511718749
0.0136604309082031 -0.0627288818359375 -0.42315673828125 -0.607177734375
0.0609054565429688 -0.02294921875 0.23565673828125 -1.00421142578125
0.0263099670410156 -0.0123004913330078 1.2017822265625 -0.279052734375
-0.0597152709960938 -0.0668525695800781 1.09368896484375 1.021484375
-0.00978660583496094 -0.0347805023193359 0.13067626953125 1.122314453125
0.0262699127197266 -0.0252647399902344 0.0904617309570312 0.138282775878906
-0.0134525299072266 -0.0322647094726563 0.226318359375 -1.0780029296875
0.00336456298828125 -0.05157470703125 -0.862060546875 -1.299560546875
0.0361862182617188 -0.0375823974609375 -1.359619140625 0.09716796875
0.0350379943847656 -0.0506477355957031 -0.45831298828125 0.96142578125
0.0186805725097656 -0.0655403137207031 0.25811767578125 0.68231201171875
-0.0202884674072266 -0.0198326110839844 0.453643798828125 -0.019866943359375
-0.028839111328125 -0.00104522705078125 0.24566650390625 -0.4564208984375
-0.0143537521362305 -0.000337600708007813 -0.20355224609375 0.440216064453125
0.00998878479003906 -0.0173444747924805 -0.39764404296875 -0.00982666015624999
0.00115013122558594 0.0147943496704102 -0.252685546875 -0.68768310546875
-0.00858306884765625 0.0518646240234375 0.46844482421875 -0.972900390625
-0.0501823425292969 0.0257949829101562 1.277099609375 -0.0450439453125
-0.0448455810546875 -0.0628013610839844 0.9061279296875 1.2462158203125
0.0551338195800781 -0.0082244873046875 -0.0601806640625 1.131591796875
0.08026123046875 0.024932861328125 0.0511550903320313 0.0769271850585938
0.0445709228515625 -0.0114288330078125 0.0394287109375 -1.0970458984375
0.00226593017578125 -0.0463142395019531 -1.0675048828125 -1.0914306640625
-0.0336532592773438 0.00651168823242187 -1.2747802734375 0.3323974609375
-0.0213279724121094 0.029449462890625 -0.23309326171875 0.9837646484375
-0.00714588165283203 0.00048542022705078 0.44287109375 0.60809326171875
0.00197410583496094 0.00501394271850586 0.5350341796875 -0.072021484375
0.0213947296142578 0.0159664154052734 0.267669677734375 -0.461395263671875
-0.0282020568847656 -0.00243377685546874 -0.20831298828125 0.438629150390625
0.0102272033691406 -0.0214805603027344 -0.399810791015625 -0.010986328125
0.012939453125 -0.00921916961669922 -0.2449951171875 -0.6864013671875
0.0158596038818359 0.0282325744628906 0.4803466796875 -0.96112060546875
-0.0303707122802734 0.0147380828857422 1.2740478515625 -0.0303955078125
-0.0462455749511719 -0.0643730163574219 0.8818359375 1.2572021484375
0.0415916442871094 -0.0160140991210938 -0.0784912109374999 1.13134765625
0.0695152282714844 0.00921630859375 0.0450973510742188 0.0760116577148438
0.0302715301513672 -0.0189743041992188 0.0255737304687499 -1.0948486328125
0.00020980834960937 -0.0494346618652344 -1.077392578125 -1.078857421875
-0.0162630081176758 -0.00885009765625 -1.2672119140625 0.345703125
-0.00672435760498047 0.00181818008422851 -0.21990966796875 0.98236083984375
0.000156402587890626 -0.0219173431396484 0.450927734375 0.6021728515625
-0.00127542018890381 -0.000266194343566894 0.5364990234375 -0.074798583984375
0.00835895538330078 0.0155725479125977 0.265106201171875 -0.468475341796875
-0.0413703918457031 -0.00580596923828124 -0.21197509765625 0.43829345703125
0.00792694091796875 -0.0260868072509766 -0.40625 -0.0101928710937501
0.0242156982421875 -0.0352401733398438 -0.255859375 -0.683837890625
0.0395240783691406 0.00247573852539063 0.4656982421875 -0.9656982421875
-0.00751543045043945 0.00477409362792969 1.2735595703125 -0.044189453125
-0.0499114990234375 -0.0647964477539063 0.892333984375 1.239501953125
0.0259952545166016 -0.0251884460449219 -0.069580078125 1.129150390625
0.0569648742675781 -0.0082855224609375 0.0457077026367188 0.0803146362304688
0.0135612487792969 -0.0255165100097656 0.02587890625 -1.091552734375
-0.000328063964843745 -0.0520133972167969 -1.07684326171875 -1.07720947265625
0.00335502624511719 -0.0237827301025391 -1.2701416015625 0.34228515625
0.00784111022949219 -0.025604248046875 -0.224609375 0.98297119140625
0.00761032104492187 -0.0443611145019531 0.44573974609375 0.6094970703125
-0.00665616989135742 -0.00469684600830078 0.53411865234375 -0.071014404296875
-0.00380229949951172 0.012451171875 0.26446533203125 -0.467620849609375
-0.0533866882324219 -0.0106353759765625 -0.21685791015625 0.43719482421875
0.00392532348632812 -0.0294132232666016 -0.4193115234375 -0.00222778320312495
0.0306739807128906 -0.0571136474609375 -0.28192138671875 -0.67291259765625
0.0607643127441406 -0.0179405212402344 0.4324951171875 -0.972900390625
0.0126895904541016 -0.00499057769775391 1.26513671875 -0.07763671875
-0.0530853271484375 -0.0661163330078125 0.91845703125 1.21337890625
0.0102748870849609 -0.0325927734375 -0.0443115234375 1.1256103515625
0.0442962646484375 -0.0223274230957031 0.0496444702148438 0.0892715454101563
-0.00131034851074219 -0.0305957794189453 0.0465087890625001 -1.0887451171875
7.62939453125022E-05 -0.0536346435546875 -1.05340576171875 -1.1065673828125
0.0211677551269531 -0.0382881164550781 -1.282470703125 0.31201171875
0.0206375122070312 -0.0499801635742188 -0.255126953125 0.98516845703125
0.0147552490234375 -0.0637474060058594 0.421630859375 0.62225341796875
-0.0124578475952148 -0.00965118408203125 0.521514892578125 -0.06072998046875
-0.0149221420288086 0.00855159759521484 0.265625 -0.46710205078125
-0.0629310607910156 -0.0150871276855469 -0.222320556640625 0.439361572265625
-0.001007080078125 -0.0324935913085938 -0.437744140625 0.00656127929687504
0.031829833984375 -0.0720748901367187 -0.3145751953125 -0.6583251953125
0.0740127563476563 -0.0341796875 0.390380859375 -0.98291015625
0.0277767181396484 -0.01251220703125 1.2547607421875 -0.122802734375
-0.0558662414550781 -0.06634521484375 0.9564208984375 1.1728515625
-0.00372314453125 -0.0379409790039062 -0.0101318359374999 1.1273193359375
0.0346508026123047 -0.03253173828125 0.0562820434570313 0.101188659667969
-0.0128440856933594 -0.0365715026855469 0.0848388671875001 -1.0863037109375
7.6293945312506E-05 -0.0544662475585938 -1.0150146484375 -1.151611328125
0.0357322692871094 -0.0472068786621094 -1.3050537109375 0.2655029296875
0.0325050354003906 -0.0648040771484375 -0.30181884765625 0.98370361328125
0.0202178955078125 -0.076934814453125 0.3846435546875 0.64068603515625
-0.0169820785522461 -0.0145902633666992 0.5072021484375 -0.048004150390625
-0.0241069793701172 0.005157470703125 0.26220703125 -0.4647216796875
-0.0686225891113281 -0.0181007385253906 -0.22528076171875 0.44488525390625
-0.00580978393554688 -0.0355033874511719 -0.45648193359375 0.0174255371093751
0.0286407470703125 -0.0782394409179688 -0.353515625 -0.6424560546875
0.0781097412109375 -0.041290283203125 0.33740234375 -0.9918212890625
0.0347251892089844 -0.0185317993164063 1.240234375 -0.1756591796875
-0.0592803955078125 -0.0678367614746094 1.00396728515625 1.12286376953125
-0.0106201171875 -0.0398788452148438 0.0355224609375001 1.127197265625
0.0271835327148437 -0.0363807678222656 0.0675811767578125 0.11517333984375
-0.0189094543457031 -0.0373115539550781 0.1317138671875 -1.0831298828125
0.000396728515624998 -0.0538482666015625 -0.9652099609375 -1.20166015625
0.0429458618164063 -0.0501670837402344 -1.327392578125 0.2099609375
0.0405502319335938 -0.0721893310546875 -0.35791015625 0.97930908203125
0.0249404907226563 -0.081817626953125 0.34063720703125 0.65777587890625
-0.0198707580566406 -0.0188140869140625 0.488311767578125 -0.036407470703125
-0.0303707122802734 0.001800537109375 0.254119873046875 -0.4630126953125
-0.0671958923339844 -0.0219230651855469 -0.2252197265625 0.44879150390625
-0.00964927673339844 -0.0349979400634766 -0.472869873046875 0.0322570800781251
0.0219650268554688 -0.07550048828125 -0.3934326171875 -0.6241455078125
0.0728073120117188 -0.0380325317382813 0.280517578125 -0.99969482421875
0.0344467163085937 -0.0178604125976562 1.21923828125 -0.2340087890625
-0.0602951049804687 -0.0659713745117188 1.054931640625 1.0682373046875
-0.0136489868164063 -0.0387039184570313 0.0887451171875001 1.12408447265625
0.0244159698486328 -0.0344963073730469 0.079620361328125 0.128746032714844
-0.0190658569335937 -0.0362968444824219 0.17901611328125 -1.0826416015625
0.00120544433593749 -0.0531768798828125 -0.9124755859375 -1.258056640625
0.04376220703125 -0.0457801818847656 -1.3480224609375 0.1524658203125
0.0413398742675781 -0.0674209594726563 -0.4154052734375 0.9710693359375
0.0242767333984375 -0.078155517578125 0.29632568359375 0.67474365234375
-0.0201930999755859 -0.0212268829345703 0.470428466796875 -0.026580810546875
-0.030914306640625 -0.000461578369140631 0.25286865234375 -0.459381103515625
-0.0630073547363281 -0.0242805480957031 -0.223602294921875 0.45458984375
-0.0106391906738281 -0.0346870422363281 -0.483856201171875 0.0413208007812499
0.0128936767578125 -0.0627098083496094 -0.4239501953125 -0.6087646484375
0.0612373352050781 -0.0245170593261719 0.23602294921875 -1.006591796875
0.0256366729736328 -0.0122585296630859 1.204833984375 -0.280029296875
-0.0606956481933594 -0.06463623046875 1.09368896484375 1.02557373046875
-0.0099639892578125 -0.03460693359375 0.1312255859375 1.12176513671875
0.0273799896240234 -0.0249061584472656 0.0911865234375 0.138496398925781
-0.0135402679443359 -0.0319576263427734 0.229248046875 -1.08001708984375
0.00242233276367187 -0.0523223876953125 -0.8590087890625 -1.30126953125
0.035125732421875 -0.0385093688964844 -1.362548828125 0.0954589843749998
0.0349922180175781 -0.0520210266113281 -0.464599609375 0.96209716796875
0.0183601379394531 -0.0656509399414063 0.25787353515625 0.68438720703125
-0.0199928283691406 -0.0191726684570313 0.455108642578125 -0.0196533203125
-0.0261497497558594 -0.00131416320800781 0.246246337890625 -0.457794189453125
-0.0127754211425781 0.000729560852050781 -0.20458984375 0.440216064453125
0.0102987289428711 -0.0157880783081055 -0.398651123046875 -0.010833740234375
0.000456809997558594 0.0152244567871094 -0.2535400390625 -0.69281005859375
-0.008544921875 0.0530471801757813 0.47027587890625 -0.9737548828125
-0.0516738891601563 0.0255279541015625 1.2816162109375 -0.0439453125
-0.0454940795898438 -0.0625495910644531 0.9051513671875 1.252685546875
0.056243896484375 -0.00676727294921875 -0.0593261718749999 1.1363525390625
0.082061767578125 0.0254974365234375 0.0516586303710938 0.0772247314453125
0.0447235107421875 -0.0114784240722656 0.0418701171874999 -1.1002197265625
0.00241470336914062 -0.0471115112304688 -1.07037353515625 -1.09735107421875
-0.0339260101318359 0.00596809387207031 -1.282958984375 0.3323974609375
-0.0219211578369141 0.0288848876953125 -0.23553466796875 0.9876708984375
-0.00812339782714844 0.000983238220214844 0.4429931640625 0.611572265625
0.00252056121826172 0.00622272491455078 0.537017822265625 -0.071868896484375
0.0234718322753906 0.0157871246337891 0.26763916015625 -0.46160888671875
-0.0276203155517578 -0.00054359436035156 -0.208770751953125 0.439605712890625
0.0109405517578125 -0.0197544097900391 -0.400360107421875 -0.01177978515625
0.0127458572387695 -0.00910282135009766 -0.2454833984375 -0.689697265625
0.0156669616699219 0.0269851684570313 0.480712890625 -0.9649658203125
-0.0312576293945313 0.0138168334960938 1.27685546875 -0.02783203125
-0.0476722717285156 -0.0638389587402344 0.8853759765625 1.26318359375
0.0420608520507812 -0.0154380798339844 -0.0805664062500001 1.1348876953125
0.0713272094726563 0.0084381103515625 0.0452880859375 0.07684326171875
0.0297069549560547 -0.0181636810302734 0.0291748046875 -1.0986328125
0.000442504882812505 -0.0497512817382813 -1.080322265625 -1.08642578125
-0.0158071517944336 -0.00960540771484375 -1.2735595703125 0.3438720703125
-0.00695037841796875 0.0012507438659668 -0.2230224609375 0.9859619140625
-0.000143051147460935 -0.0218639373779297 0.4522705078125 0.60723876953125
-0.00169909000396729 0.00117659568786621 0.538665771484375 -0.07391357421875
0.00941753387451172 0.0152091979980469 0.266204833984375 -0.470306396484375
-0.0402145385742188 -0.0048980712890625 -0.212371826171875 0.43756103515625
0.00728416442871094 -0.024871826171875 -0.40899658203125 -0.0112304687500001
0.0237369537353516 -0.0347824096679688 -0.25701904296875 -0.68548583984375
0.039947509765625 0.0019378662109375 0.46832275390625 -0.967041015625
-0.00822305679321289 0.00481224060058594 1.2764892578125 -0.04150390625
-0.0510063171386719 -0.065155029296875 0.8931884765625 1.24658203125
0.0261573791503906 -0.0252532958984375 -0.0711669921875 1.12939453125
0.0579376220703125 -0.00870132446289063 0.045257568359375 0.0796737670898438
0.0140533447265625 -0.0255680084228516 0.0281372070312501 -1.0947265625
0.000797271728515624 -0.0511970520019531 -1.07989501953125 -1.08404541015625
0.00205421447753906 -0.0253810882568359 -1.2752685546875 0.3427734375
0.00674057006835938 -0.0259952545166016 -0.22711181640625 0.98895263671875
0.00696182250976563 -0.0438957214355469 0.4453125 0.61322021484375
-0.0067143440246582 -0.00368690490722656 0.535980224609375 -0.06982421875
-0.00220108032226563 0.012181282043457 0.26617431640625 -0.4700927734375
-0.0531387329101563 -0.00930023193359375 -0.21795654296875 0.43792724609375
0.00377082824707031 -0.0283870697021484 -0.422393798828125 -0.00360107421874992
0.0307655334472656 -0.0576171875 -0.28228759765625 -0.6759033203125
0.0613288879394531 -0.0195655822753906 0.435546875 -0.97503662109375
0.0124216079711914 -0.00465965270996094 1.2659912109375 -0.0767822265625
-0.0552101135253906 -0.0648307800292969 0.919921875 1.21826171875
0.0109519958496094 -0.0320625305175781 -0.0472412109375001 1.129638671875
0.0457572937011719 -0.0234756469726562 0.0507278442382812 0.0889968872070313
-0.000310897827148437 -0.0312061309814453 0.0491943359375 -1.09100341796875
0.000980377197265625 -0.0539321899414063 -1.05804443359375 -1.11163330078125
0.0220413208007812 -0.0392265319824219 -1.28759765625 0.314208984375
0.0205421447753906 -0.0501136779785156 -0.2584228515625 0.99151611328125
0.0149002075195313 -0.0633583068847656 0.42071533203125 0.62567138671875
-0.0120754241943359 -0.00900650024414063 0.525726318359375 -0.06109619140625
-0.0147647857666016 0.00867176055908203 0.264862060546875 -0.468231201171875
-0.0626716613769531 -0.0131950378417969 -0.22369384765625 0.43975830078125
-0.000627517700195313 -0.0324554443359375 -0.439117431640625 0.00598144531249994
0.031829833984375 -0.0719528198242188 -0.31427001953125 -0.66253662109375
0.074462890625 -0.035491943359375 0.39105224609375 -0.985107421875
0.0274543762207031 -0.0128040313720703 1.2591552734375 -0.120361328125
-0.0575027465820312 -0.0665092468261719 0.959716796875 1.1756591796875
-0.00171661376953125 -0.0378341674804688 -0.01220703125 1.1295166015625
0.0345458984375 -0.0334205627441406 0.0567398071289063 0.101417541503906
-0.0119056701660156 -0.0355186462402344 0.0878906249999999 -1.0892333984375
0.00047683715820312 -0.0548896789550781 -1.01708984375 -1.15869140625
0.0360069274902344 -0.04833984375 -1.3116455078125 0.2674560546875
0.0323524475097656 -0.0669021606445312 -0.30499267578125 0.98846435546875
0.020477294921875 -0.0769271850585938 0.38177490234375 0.64447021484375
-0.0170183181762695 -0.0144491195678711 0.508941650390625 -0.047760009765625
-0.0237197875976563 0.00511741638183593 0.263916015625 -0.467926025390625
-0.06707763671875 -0.0164146423339844 -0.2264404296875 0.4464111328125
-0.00529861450195313 -0.0346431732177734 -0.457733154296875 0.0172424316406249
0.028106689453125 -0.0789031982421875 -0.35400390625 -0.64599609375
0.078094482421875 -0.0419692993164063 0.3385009765625 -0.99359130859375
0.0336399078369141 -0.0181674957275391 1.243896484375 -0.1761474609375
-0.0602798461914063 -0.0667152404785156 1.00732421875 1.1290283203125
-0.0100059509277344 -0.0391311645507813 0.0349121093749999 1.131103515625
0.0272712707519531 -0.0375823974609375 0.0685348510742187 0.115127563476563
-0.0188102722167969 -0.0373802185058594 0.13623046875 -1.08819580078125
0.0011138916015625 -0.0545845031738281 -0.9674072265625 -1.2093505859375
0.0434837341308594 -0.0507011413574219 -1.3349609375 0.211669921875
0.0406951904296875 -0.0724258422851562 -0.36016845703125 0.984619140625
0.0233917236328125 -0.0815582275390625 0.3399658203125 0.66204833984375
-0.0184783935546875 -0.01806640625 0.49090576171875 -0.03662109375
-0.0296669006347656 0.00189208984375 0.255889892578125 -0.4656982421875
-0.0667228698730469 -0.0204277038574219 -0.22576904296875 0.448822021484375
-0.00854110717773438 -0.0345687866210938 -0.473724365234375 0.030731201171875
0.0202102661132813 -0.0747299194335937 -0.3941650390625 -0.62725830078125
0.0728378295898437 -0.0387115478515625 0.28289794921875 -1.0020751953125
0.0324573516845703 -0.0186729431152344 1.224609375 -0.232177734375
-0.0624504089355469 -0.0659446716308594 1.05401611328125 1.07464599609375
-0.0134811401367188 -0.0381584167480469 0.0867919921874999 1.1260986328125
0.0250701904296875 -0.0349636077880859 0.0799713134765625 0.128471374511719
-0.0186653137207031 -0.0352783203125 0.1845703125 -1.0853271484375
0.00230789184570312 -0.0529632568359375 -0.9149169921875 -1.2628173828125
0.044464111328125 -0.0469703674316406 -1.35400390625 0.1484375
0.0406303405761719 -0.0675697326660156 -0.41912841796875 0.97747802734375
0.0234603881835938 -0.077911376953125 0.29522705078125 0.67822265625
-0.0198822021484375 -0.0192337036132813 0.472686767578125 -0.024169921875
-0.0295562744140625 -0.000682830810546874 0.253814697265625 -0.462249755859375
-0.0621910095214844 -0.0227088928222656 -0.22491455078125 0.45574951171875
-0.0104579925537109 -0.0336685180664063 -0.48577880859375 0.0419006347656249
0.0127449035644531 -0.0626869201660156 -0.42755126953125 -0.61224365234375
0.0612678527832031 -0.0250701904296875 0.23779296875 -1.00823974609375
0.0251731872558594 -0.0123672485351563 1.2054443359375 -0.276123046875
-0.0631332397460938 -0.0654067993164062 1.09783935546875 1.0316162109375
-0.00946807861328125 -0.0337638854980469 0.1290283203125 1.1241455078125
0.0278568267822266 -0.0258083343505859 0.0918197631835938 0.139640808105469
-0.0135860443115234 -0.0308055877685547 0.2320556640625 -1.08197021484375
0.00282287597656249 -0.0524139404296875 -0.8616943359375 -1.3109130859375
0.0361900329589844 -0.0389900207519531 -1.3701171875 0.0939941406249997
0.034637451171875 -0.0520896911621094 -0.46795654296875 0.96661376953125
0.0178146362304688 -0.0653076171875 0.25701904296875 0.68829345703125
-0.0195598602294922 -0.0181121826171875 0.456298828125 -0.019073486328125
-0.0257034301757812 -0.00214004516601563 0.247650146484375 -0.460113525390625
-0.012141227722168 0.00242900848388672 -0.2042236328125 0.442840576171875
0.0106000900268555 -0.0153789520263672 -0.401580810546875 -0.0110778808593751
0.00100326538085938 0.0156459808349609 -0.25518798828125 -0.69720458984375
-0.00847625732421875 0.0521430969238281 0.46966552734375 -0.9786376953125
-0.0528907775878906 0.0256500244140625 1.284912109375 -0.0433349609375
-0.0458183288574219 -0.06207275390625 0.9111328125 1.25830078125
0.0563583374023437 -0.00731277465820312 -0.0615234375 1.1383056640625
0.08380126953125 0.0245819091796875 0.05194091796875 0.0771408081054688
0.0459136962890625 -0.00972366333007813 0.0440673828125001 -1.104736328125
0.00183486938476562 -0.0479774475097656 -1.07769775390625 -1.10565185546875
-0.0338592529296875 0.00612258911132812 -1.2918701171875 0.33544921875
-0.0219287872314453 0.0283641815185547 -0.24090576171875 0.994873046875
-0.00799322128295898 0.000577926635742187 0.44549560546875 0.614501953125
0.00319290161132812 0.00722742080688477 0.539703369140625 -0.0721435546875
0.024169921875 0.0149574279785156 0.26983642578125 -0.465789794921875
-0.0268325805664063 -0.000211715698242193 -0.2083740234375 0.441192626953125
0.0108203887939453 -0.0190944671630859 -0.403961181640625 -0.0125122070312501
0.0130681991577148 -0.00883102416992187 -0.2471923828125 -0.6944580078125
0.01605224609375 0.0277194976806641 0.48455810546875 -0.97039794921875
-0.0317611694335938 0.0141048431396484 1.2823486328125 -0.025634765625
-0.0496635437011719 -0.0632896423339844 0.889892578125 1.27294921875
0.0430335998535156 -0.0151596069335938 -0.0814208984374999 1.1387939453125
0.0723342895507813 0.00807952880859375 0.0462722778320313 0.0765228271484375
0.0303306579589844 -0.0180187225341797 0.02886962890625 -1.10296630859375
0.00084304809570313 -0.0492897033691406 -1.08343505859375 -1.092041015625
-0.0165281295776367 -0.0106744766235352 -1.2823486328125 0.3466796875
-0.00735044479370117 0.00117206573486328 -0.22576904296875 0.9931640625
-0.000434875488281249 -0.0207614898681641 0.45367431640625 0.6102294921875
-0.00138819217681885 0.00176918506622314 0.540771484375 -0.073944091796875
0.0113315582275391 0.0148344039916992 0.26751708984375 -0.47357177734375
-0.0396652221679688 -0.00343704223632812 -0.212310791015625 0.440826416015625
0.00760269165039062 -0.0232810974121094 -0.411163330078125 -0.010162353515625
0.0237236022949219 -0.0353622436523438 -0.25799560546875 -0.68890380859375
0.0408782958984375 0.00186538696289062 0.469970703125 -0.97216796875
-0.00885963439941406 0.0047445297241211 1.28076171875 -0.04150390625
-0.0520210266113281 -0.0639419555664063 0.89794921875 1.2540283203125
0.026763916015625 -0.0242156982421875 -0.0721435546875001 1.133544921875
0.0590324401855469 -0.0086669921875 0.0462417602539063 0.0805282592773438
0.0146446228027344 -0.0246219635009766 0.0286865234375 -1.09783935546875
0.000720977783203125 -0.0521774291992188 -1.0833740234375 -1.091064453125
0.00309181213378906 -0.0262889862060547 -1.283447265625 0.346435546875
0.00672340393066406 -0.0264701843261719 -0.23016357421875 0.996337890625
0.00741195678710938 -0.0435333251953125 0.44830322265625 0.61566162109375
-0.00724220275878906 -0.00300264358520508 0.538177490234375 -0.07061767578125
-0.00109958648681641 0.0121612548828125 0.26739501953125 -0.4732666015625
-0.0525054931640625 -0.00768280029296875 -0.217315673828125 0.44061279296875
0.00353050231933594 -0.0274486541748047 -0.424713134765625 -0.00369262695312493
0.0305595397949219 -0.0572853088378906 -0.2835693359375 -0.68011474609375
0.0621147155761719 -0.0203018188476563 0.436767578125 -0.977783203125
0.0112886428833008 -0.00571632385253906 1.2718505859375 -0.0771484375
-0.0563621520996094 -0.0653572082519531 0.925537109375 1.2252197265625
0.0110416412353516 -0.0315818786621094 -0.0463867187500001 1.1324462890625
0.0460014343261719 -0.0231094360351563 0.04974365234375 0.0892181396484375
-0.000890731811523439 -0.0302791595458984 0.0513305664062501 -1.0953369140625
0.00104141235351562 -0.0536460876464844 -1.0634765625 -1.117919921875
0.0210838317871094 -0.040374755859375 -1.2958984375 0.313720703125
0.0205955505371094 -0.0503349304199219 -0.26092529296875 0.99749755859375
0.0138359069824219 -0.0626373291015625 0.4224853515625 0.630859375
-0.0116205215454102 -0.00904464721679687 0.5264892578125 -0.06048583984375
-0.0133180618286133 0.0086832046508789 0.266845703125 -0.471160888671875
-0.0625572204589844 -0.01177978515625 -0.223541259765625 0.440673828125
-0.00098609924316406 -0.0302467346191406 -0.4422607421875 0.00543212890625001
0.0324325561523438 -0.072509765625 -0.31787109375 -0.66607666015625
0.0754241943359375 -0.0369796752929688 0.3944091796875 -0.9881591796875
0.0255050659179688 -0.0132846832275391 1.2640380859375 -0.12158203125
-0.0593223571777344 -0.0659446716308594 0.96337890625 1.1846923828125
-0.00104904174804688 -0.0376167297363281 -0.0124511718750001 1.1329345703125
0.035614013671875 -0.0346870422363281 0.0574951171875 0.10150146484375
-0.0114479064941406 -0.0343608856201172 0.0894165039062501 -1.09454345703125
0.00138473510742188 -0.0547370910644531 -1.022705078125 -1.1641845703125
0.0360641479492187 -0.0500679016113281 -1.320068359375 0.267822265625
0.0312271118164062 -0.0676841735839844 -0.3096923828125 0.99560546875
0.01953125 -0.0763778686523437 0.38568115234375 0.64678955078125
-0.0151968002319336 -0.0133533477783203 0.51239013671875 -0.047515869140625
-0.0230503082275391 0.00437164306640625 0.26348876953125 -0.469879150390625
-0.0667457580566406 -0.01568603515625 -0.227142333984375 0.447296142578125
-0.00527191162109375 -0.0331459045410156 -0.46014404296875 0.016845703125
0.02880859375 -0.0786590576171875 -0.35760498046875 -0.64990234375
0.0793991088867187 -0.0440750122070312 0.33880615234375 -0.99822998046875
0.033538818359375 -0.0190849304199219 1.2498779296875 -0.1741943359375
-0.0625076293945313 -0.0657577514648438 1.0115966796875 1.1334228515625
-0.00961685180664063 -0.0401115417480469 0.0360107421875 1.1334228515625
0.0288887023925781 -0.0371665954589844 0.069366455078125 0.114845275878906
-0.0182685852050781 -0.036102294921875 0.1373291015625 -1.092041015625
0.000942230224609372 -0.0539360046386719 -0.97314453125 -1.21630859375
0.0441970825195313 -0.0517578125 -1.3436279296875 0.2095947265625
0.0406417846679688 -0.0731430053710938 -0.3658447265625 0.99090576171875
0.0241622924804688 -0.0812530517578125 0.34173583984375 0.66656494140625
-0.0181484222412109 -0.0184173583984375 0.492401123046875 -0.036407470703125
-0.0279121398925781 0.00167465209960938 0.25616455078125 -0.468902587890625
-0.0664901733398438 -0.0191307067871094 -0.225982666015625 0.450439453125
-0.00838851928710937 -0.0331993103027344 -0.47607421875 0.03106689453125
0.0201492309570312 -0.0740509033203125 -0.3970947265625 -0.630859375
0.073272705078125 -0.0395278930664063 0.28204345703125 -1.0068359375
0.0326080322265625 -0.0187740325927734 1.22900390625 -0.2333984375
-0.0632820129394531 -0.0648117065429687 1.06219482421875 1.0811767578125
-0.0135688781738281 -0.0381393432617188 0.0885009765625 1.1300048828125
0.0261383056640625 -0.0348415374755859 0.0804443359375 0.129135131835938
-0.0187664031982422 -0.0340900421142578 0.1865234375 -1.08868408203125
0.00130844116210938 -0.0531501770019531 -0.9173583984375 -1.27001953125
0.0449485778808594 -0.0476264953613281 -1.363525390625 0.1507568359375
0.0410003662109375 -0.0680618286132813 -0.42425537109375 0.9840087890625
0.0235443115234375 -0.078033447265625 0.29730224609375 0.683349609375
-0.0201969146728516 -0.0191612243652344 0.4755859375 -0.024444580078125
-0.0282707214355469 -0.000999450683593755 0.253173828125 -0.4649658203125
-0.0611114501953125 -0.0210380554199219 -0.225616455078125 0.456634521484375
-0.0103549957275391 -0.0332050323486328 -0.4876708984375 0.0413818359375001
0.0121002197265625 -0.0629615783691406 -0.42755126953125 -0.61553955078125
0.0625114440917969 -0.0260505676269531 0.23687744140625 -1.01361083984375
0.023162841796875 -0.0131511688232422 1.2105712890625 -0.278564453125
-0.0646591186523438 -0.0645599365234375 1.10552978515625 1.035888671875
-0.00946998596191406 -0.0334739685058594 0.1279296875 1.12744140625
0.028228759765625 -0.0256671905517578 0.0916671752929688 0.139411926269531
-0.0134029388427734 -0.0301170349121094 0.2332763671875 -1.0869140625
0.00279998779296875 -0.0522422790527344 -0.866455078125 -1.3157958984375
0.0358352661132813 -0.0403327941894531 -1.3753662109375 0.0937499999999999
0.0341224670410156 -0.0525283813476563 -0.4727783203125 0.9755859375
0.0173797607421875 -0.065155029296875 0.25750732421875 0.69281005859375
-0.0190563201904297 -0.0172252655029297 0.460174560546875 -0.018646240234375
-0.0243434906005859 -0.00194168090820313 0.24847412109375 -0.46148681640625
-0.0110177993774414 0.00422191619873047 -0.203521728515625 0.44439697265625
0.011383056640625 -0.0128355026245117 -0.403594970703125 -0.0109558105468749
0.000646591186523438 0.0170392990112305 -0.2581787109375 -0.699951171875
-0.00739288330078125 0.0524253845214844 0.4739990234375 -0.9835205078125
-0.0529212951660156 0.02557373046875 1.2933349609375 -0.043701171875
-0.0487709045410156 -0.0616874694824219 0.9200439453125 1.267822265625
0.0572547912597656 -0.0075531005859375 -0.0626220703124999 1.1419677734375
0.084320068359375 0.0248184204101563 0.0527191162109375 0.076995849609375
0.0470504760742188 -0.0104866027832031 0.0422973632812499 -1.11181640625
0.00254058837890625 -0.0478515625 -1.08477783203125 -1.11285400390625
-0.0336055755615234 0.00512123107910156 -1.3001708984375 0.3369140625
-0.0224514007568359 0.0293083190917969 -0.23992919921875 1.00421142578125
-0.00771045684814453 0.00201129913330078 0.448486328125 0.61883544921875
0.00236988067626953 0.00812578201293945 0.544158935546875 -0.072479248046875
0.0255680084228516 0.0154361724853516 0.27099609375 -0.468902587890625
-0.0246143341064453 0.00173377990722656 -0.208404541015625 0.442291259765625
0.0113639831542969 -0.0177879333496094 -0.4053955078125 -0.01165771484375
0.0125322341918945 -0.00846099853515625 -0.25 -0.698974609375
0.0167255401611328 0.0264225006103516 0.48638916015625 -0.9747314453125
-0.0328178405761719 0.0145149230957031 1.290283203125 -0.0272216796875
-0.0500450134277344 -0.0627937316894531 0.896240234375 1.278076171875
0.0436248779296875 -0.0157623291015625 -0.0800781249999999 1.144287109375
0.0736465454101563 0.00782012939453125 0.0467300415039063 0.0757980346679688
0.0311203002929688 -0.0176277160644531 0.0296630859374999 -1.11065673828125
0.00073623657226563 -0.0496635437011719 -1.0950927734375 -1.09539794921875
-0.0147552490234375 -0.0106334686279297 -1.2904052734375 0.352294921875
-0.0077366828918457 0.000505447387695313 -0.2276611328125 1.0020751953125
-0.00132942199707031 -0.021148681640625 0.457763671875 0.61383056640625
-0.000630974769592285 0.0018010139465332 0.544281005859375 -0.075103759765625
0.0126743316650391 0.0151596069335937 0.269805908203125 -0.476806640625
-0.0379409790039063 -0.0015411376953125 -0.21173095703125 0.44256591796875
0.00869369506835938 -0.0218009948730469 -0.413177490234375 -0.010589599609375
0.0232391357421875 -0.0343647003173828 -0.262451171875 -0.692626953125
0.0405502319335937 0.000690460205078125 0.4722900390625 -0.97723388671875
-0.010167121887207 0.00447273254394531 1.287109375 -0.0419921875
-0.0534324645996094 -0.0635223388671875 0.90478515625 1.2633056640625
0.0267543792724609 -0.0241031646728516 -0.0708007812500001 1.140380859375
0.0599441528320312 -0.0101509094238281 0.0464019775390625 0.0799179077148437
0.0146770477294922 -0.0252323150634766 0.02947998046875 -1.10577392578125
-0.000213623046874996 -0.0523262023925781 -1.09234619140625 -1.09613037109375
0.00333976745605469 -0.0274314880371094 -1.2940673828125 0.34814453125
0.00687026977539063 -0.0275707244873047 -0.2314453125 1.0045166015625
0.00676727294921875 -0.0428619384765625 0.450927734375 0.62005615234375
-0.00626945495605469 -0.00315427780151367 0.54168701171875 -0.071868896484375
0.000181198120117187 0.0116071701049805 0.26885986328125 -0.475372314453125
-0.0505943298339844 -0.00698852539062501 -0.217193603515625 0.442779541015625
0.00497817993164062 -0.0262832641601563 -0.42706298828125 -0.00305175781250007
0.0302886962890625 -0.0576019287109375 -0.2862548828125 -0.68212890625
0.0615501403808594 -0.0207977294921875 0.436279296875 -0.98492431640625
0.0111818313598633 -0.00607872009277344 1.28271484375 -0.0755615234375
-0.0570106506347656 -0.065185546875 0.931396484375 1.233154296875
0.0119876861572266 -0.0320014953613281 -0.0462646484375 1.138671875
0.0472259521484375 -0.0240364074707031 0.0500259399414063 0.0894851684570313
-0.000566482543945313 -0.0299072265625 0.0498046874999999 -1.10223388671875
0.000572204589843748 -0.0537528991699219 -1.07354736328125 -1.1231689453125
0.0220718383789063 -0.0413856506347656 -1.30615234375 0.3201904296875
0.0201072692871094 -0.0515937805175781 -0.26385498046875 1.0059814453125
0.0137138366699219 -0.0629692077636719 0.4273681640625 0.63543701171875
-0.0119752883911133 -0.0081939697265625 0.532379150390625 -0.061553955078125
-0.0121679306030273 0.0082855224609375 0.26800537109375 -0.475494384765625
-0.0605964660644531 -0.0115242004394531 -0.22406005859375 0.442718505859375
-0.000852584838867191 -0.0293064117431641 -0.444732666015625 0.00643920898437503
0.032501220703125 -0.07269287109375 -0.319580078125 -0.6705322265625
0.0753555297851563 -0.0374374389648438 0.39385986328125 -0.99395751953125
0.0254402160644531 -0.0146045684814453 1.270751953125 -0.1236572265625
-0.0606803894042969 -0.0650863647460938 0.970703125 1.1910400390625
-0.000644683837890624 -0.036865234375 -0.01171875 1.14013671875
0.0357933044433594 -0.0347747802734375 0.0586700439453125 0.101669311523438
-0.0110549926757812 -0.0343208312988281 0.08966064453125 -1.09967041015625
0.00113677978515625 -0.0552139282226562 -1.0303955078125 -1.171142578125
0.0365562438964844 -0.0501518249511719 -1.3297119140625 0.2723388671875
0.0325851440429688 -0.0679817199707031 -0.31207275390625 1.00457763671875
0.0197296142578125 -0.0776596069335938 0.390625 0.652099609375
-0.0157585144042969 -0.0134220123291016 0.514556884765625 -0.047088623046875
-0.0219039916992188 0.00475120544433594 0.26458740234375 -0.472320556640625
-0.0660362243652344 -0.0139656066894531 -0.226043701171875 0.448883056640625
-0.00434494018554688 -0.0324840545654297 -0.4652099609375 0.0180664062499999
0.0287094116210938 -0.0791473388671875 -0.3592529296875 -0.65350341796875
0.0796890258789063 -0.0449142456054688 0.33941650390625 -1.003662109375
0.0323925018310547 -0.0194454193115234 1.2537841796875 -0.1793212890625
-0.0638809204101563 -0.0659103393554688 1.0213623046875 1.1416015625
-0.00931930541992188 -0.0387191772460937 0.0367431640625 1.1380615234375
0.0296516418457031 -0.0384712219238281 0.0698013305664063 0.115242004394531
-0.0181808471679688 -0.0358963012695313 0.1358642578125 -1.09759521484375
0.00115585327148437 -0.0555458068847656 -0.9805908203125 -1.2254638671875
0.0443611145019531 -0.0529022216796875 -1.3514404296875 0.2156982421875
0.0400466918945313 -0.075225830078125 -0.36895751953125 0.99908447265625
0.0237884521484375 -0.0823135375976563 0.34442138671875 0.67095947265625
-0.0180168151855469 -0.017669677734375 0.496368408203125 -0.035888671875
-0.0271987915039062 0.00185394287109375 0.257843017578125 -0.474151611328125
-0.0658302307128906 -0.0178565979003906 -0.226287841796875 0.45184326171875
-0.00783348083496094 -0.0327720642089844 -0.479217529296875 0.031768798828125
0.0206222534179688 -0.0757293701171875 -0.40118408203125 -0.634765625
0.0737380981445313 -0.0410385131835938 0.28118896484375 -1.0135498046875
0.0318183898925781 -0.0185050964355469 1.2340087890625 -0.2376708984375
-0.0656661987304688 -0.0648078918457031 1.07135009765625 1.08544921875
-0.0133476257324219 -0.0372276306152344 0.0894775390625001 1.1361083984375
0.0258522033691406 -0.0354843139648437 0.0808486938476562 0.129150390625
-0.0180835723876953 -0.0334453582763672 0.18701171875 -1.09674072265625
0.00218963623046875 -0.0536041259765625 -0.92236328125 -1.279052734375
0.0448570251464844 -0.0490875244140625 -1.374267578125 0.1544189453125
0.040863037109375 -0.0696334838867187 -0.42779541015625 0.994384765625
0.0238571166992188 -0.077880859375 0.299072265625 0.6876220703125
-0.0195865631103516 -0.01885986328125 0.477325439453125 -0.025787353515625
-0.0277652740478516 -0.00232887268066407 0.256439208984375 -0.467132568359375
-0.0596580505371094 -0.0208625793457031 -0.224334716796875 0.45758056640625
-0.00919342041015625 -0.0318527221679688 -0.491912841796875 0.040802001953125
0.0125198364257813 -0.0628166198730469 -0.43212890625 -0.62030029296875
0.0622024536132813 -0.0280570983886719 0.23675537109375 -1.0179443359375
0.0233554840087891 -0.0132331848144531 1.22021484375 -0.2799072265625
-0.0663108825683594 -0.0643577575683594 1.11663818359375 1.04205322265625
-0.00858688354492188 -0.0332527160644531 0.1314697265625 1.1329345703125
0.0292205810546875 -0.0261516571044922 0.0931549072265625 0.140670776367188
-0.0125770568847656 -0.0301685333251953 0.23480224609375 -1.09356689453125
0.00278854370117187 -0.052276611328125 -0.8729248046875 -1.3262939453125
0.0370750427246094 -0.0417404174804688 -1.3900146484375 0.0957031250000001
0.0346221923828125 -0.0534934997558594 -0.47662353515625 0.9837646484375
0.0172309875488281 -0.0651054382324219 0.25946044921875 0.69873046875
-0.0196247100830078 -0.0180530548095703 0.461029052734375 -0.01934814453125
-0.0230350494384766 -0.00222396850585938 0.250823974609375 -0.46685791015625
-0.00938606262207031 0.00470542907714844 -0.203338623046875 0.4478759765625
0.0112247467041016 -0.0115947723388672 -0.407684326171875 -0.0111083984374999
0.000637054443359373 0.0174789428710938 -0.26275634765625 -0.70587158203125
-0.008270263671875 0.0518913269042969 0.47393798828125 -0.99078369140625
-0.0554122924804688 0.0256462097167969 1.3011474609375 -0.04541015625
-0.0499114990234375 -0.0615463256835938 0.9298095703125 1.273193359375
0.0572357177734375 -0.00725173950195313 -0.0574951171874999 1.1505126953125
0.085479736328125 0.023895263671875 0.0528945922851563 0.0764007568359375
0.0482521057128906 -0.00980377197265625 0.04156494140625 -1.11968994140625
0.00299835205078125 -0.0475845336914063 -1.094970703125 -1.11810302734375
-0.0332355499267578 0.00499343872070313 -1.3109130859375 0.3448486328125
-0.0221481323242187 0.0289058685302734 -0.242431640625 1.01470947265625
-0.00862026214599609 0.00201702117919922 0.4537353515625 0.62310791015625
0.00256204605102539 0.0081171989440918 0.54571533203125 -0.075775146484375
0.0268115997314453 0.0145721435546875 0.27142333984375 -0.47265625
-0.0241413116455078 0.00297355651855469 -0.206878662109375 0.44549560546875
0.011439323425293 -0.0173358917236328 -0.409088134765625 -0.012359619140625
0.0124368667602539 -0.00728416442871094 -0.25390625 -0.70330810546875
0.0166530609130859 0.0265750885009766 0.4874267578125 -0.98394775390625
-0.0330696105957031 0.0147552490234375 1.29931640625 -0.030029296875
-0.0518455505371094 -0.0631027221679688 0.9051513671875 1.28564453125
0.0441322326660156 -0.0145759582519531 -0.0808105468750001 1.14794921875
0.07391357421875 0.00726318359375 0.0481185913085938 0.0758209228515625
0.0320224761962891 -0.0169048309326172 0.02728271484375 -1.1171875
0.0012664794921875 -0.051055908203125 -1.10711669921875 -1.10546875
-0.0158071517944336 -0.0113401412963867 -1.3018798828125 0.356201171875
-0.00810146331787109 0.000412464141845703 -0.228271484375 1.01361083984375
-0.0014190673828125 -0.0192394256591797 0.46331787109375 0.6195068359375
0.000307083129882813 0.00264120101928711 0.548583984375 -0.07794189453125
0.0136575698852539 0.0141458511352539 0.267669677734375 -0.482452392578125
-0.0368919372558594 -0.000610351562500002 -0.212066650390625 0.445953369140625
0.00866508483886719 -0.0210304260253906 -0.41717529296875 -0.00906372070312509
0.0235576629638672 -0.03399658203125 -0.2645263671875 -0.6986083984375
0.0409660339355469 -5.7220458984375E-05 0.47210693359375 -0.986572265625
-0.0104045867919922 0.00501060485839844 1.2977294921875 -0.044189453125
-0.0556716918945313 -0.0629959106445313 0.9161376953125 1.27099609375
0.02752685546875 -0.0241107940673828 -0.0695800781250001 1.1456298828125
0.0606460571289063 -0.0110816955566406 0.0471267700195313 0.080291748046875
0.0153465270996094 -0.0235118865966797 0.0278930664062501 -1.1129150390625
0.000114440917968755 -0.052947998046875 -1.105712890625 -1.102294921875
0.00352287292480469 -0.0293178558349609 -1.3050537109375 0.3551025390625
0.00554656982421875 -0.0282573699951172 -0.232666015625 1.01519775390625
0.00591659545898438 -0.043243408203125 0.4566650390625 0.62469482421875
-0.005859375 -0.00206470489501953 0.546417236328125 -0.0748291015625
0.00173473358154297 0.0114383697509766 0.26788330078125 -0.481353759765625
-0.0501518249511719 -0.00595474243164063 -0.217041015625 0.446563720703125
0.00496864318847656 -0.0247993469238281 -0.4310302734375 -0.00302124023437505
0.0307655334472656 -0.0577888488769531 -0.29168701171875 -0.68798828125
0.0622177124023438 -0.0232887268066406 0.4376220703125 -0.992919921875
0.00860929489135742 -0.00469112396240234 1.290283203125 -0.0797119140625
-0.0588874816894531 -0.0635833740234375 0.9415283203125 1.2408447265625
0.0120697021484375 -0.0306606292724609 -0.0437011718750001 1.1435546875
0.0472831726074219 -0.0247116088867188 0.0509262084960937 0.089569091796875
0.000513076782226561 -0.0295467376708984 0.0485839843749999 -1.10955810546875
0.000946044921875006 -0.0549774169921875 -1.084228515625 -1.130615234375
0.0217437744140625 -0.0425987243652344 -1.318115234375 0.3253173828125
0.0200271606445312 -0.0525894165039063 -0.26470947265625 1.015625
0.0135231018066406 -0.0621757507324219 0.43182373046875 0.6412353515625
-0.0105905532836914 -0.00769329071044922 0.534515380859375 -0.064422607421875
-0.0112447738647461 0.00852394104003906 0.2681884765625 -0.480010986328125
-0.0595436096191406 -0.0103034973144531 -0.2236328125 0.44744873046875
0.00058555603027344 -0.0286598205566406 -0.448394775390625 0.00827026367187494
0.0326156616210937 -0.0733642578125 -0.32537841796875 -0.67608642578125
0.0759124755859375 -0.0385208129882813 0.39361572265625 -1.00323486328125
0.0246810913085938 -0.0136528015136719 1.2789306640625 -0.1263427734375
-0.0627479553222656 -0.0649833679199219 0.982177734375 1.1982421875
-0.00144195556640625 -0.0372314453125 -0.00830078124999999 1.14453125
0.0371246337890625 -0.0357589721679687 0.0588455200195313 0.101905822753906
-0.0115966796875 -0.0338077545166016 0.089111328125 -1.1087646484375
0.000793457031249996 -0.0554008483886719 -1.04052734375 -1.1778564453125
0.0361900329589844 -0.051666259765625 -1.3421630859375 0.27783203125
0.0318183898925781 -0.0693016052246094 -0.3125 1.015625
0.0195388793945312 -0.0762557983398437 0.3936767578125 0.65899658203125
-0.0159034729003906 -0.0123720169067383 0.51971435546875 -0.050201416015625
-0.0206165313720703 0.00428581237792969 0.264007568359375 -0.47802734375
-0.064483642578125 -0.0137977600097656 -0.2261962890625 0.45123291015625
-0.00362968444824219 -0.0308895111083984 -0.4674072265625 0.01910400390625
0.0278778076171875 -0.0797653198242188 -0.3656005859375 -0.65814208984375
0.0807723999023438 -0.0459442138671875 0.339111328125 -1.01190185546875
0.0314273834228516 -0.0193347930908203 1.262939453125 -0.181640625
-0.0661354064941406 -0.0659523010253906 1.0291748046875 1.1468505859375
-0.00977325439453125 -0.038604736328125 0.0389404296874999 1.1463623046875
0.0298652648925781 -0.0404205322265625 0.0706329345703125 0.115867614746094
-0.0178451538085938 -0.035400390625 0.13623046875 -1.10504150390625
0.000946044921875003 -0.0552787780761719 -0.990234375 -1.2322998046875
0.044830322265625 -0.0549964904785156 -1.364990234375 0.2188720703125
0.0397872924804688 -0.0762786865234375 -0.37249755859375 1.011474609375
0.0230712890625 -0.0820770263671875 0.34881591796875 0.6754150390625
-0.0180416107177734 -0.0171222686767578 0.500274658203125 -0.03826904296875
-0.0269126892089844 0.000946044921875005 0.257781982421875 -0.477081298828125
-0.0640411376953125 -0.0162200927734375 -0.22662353515625 0.45513916015625
-0.00850677490234375 -0.0312232971191406 -0.483367919921875 0.0321044921875001
0.0201034545898438 -0.075653076171875 -0.40740966796875 -0.64068603515625
0.0749130249023438 -0.04229736328125 0.27996826171875 -1.02191162109375
0.0305290222167969 -0.0203170776367188 1.243408203125 -0.23876953125
-0.0669898986816406 -0.0650405883789062 1.08148193359375 1.09332275390625
-0.0127639770507812 -0.0375251770019531 0.0927734375000001 1.142333984375
0.0269699096679688 -0.0371894836425781 0.0830612182617188 0.128898620605469
-0.0183563232421875 -0.0333633422851563 0.186767578125 -1.10296630859375
0.00159454345703125 -0.0542945861816406 -0.9342041015625 -1.2862548828125
0.0447425842285156 -0.050933837890625 -1.384521484375 0.158447265625
0.0400390625 -0.0710601806640625 -0.42938232421875 1.00439453125
0.0223464965820313 -0.0773162841796875 0.30352783203125 0.693359375
-0.0191993713378906 -0.0181369781494141 0.481414794921875 -0.026397705078125
-0.0258102416992187 -0.00161170959472656 0.255218505859375 -0.473358154296875
-0.0590782165527344 -0.0192413330078125 -0.22393798828125 0.46142578125
-0.00918960571289063 -0.0303764343261719 -0.4945068359375 0.042449951171875
0.0118865966796875 -0.0632057189941406 -0.43902587890625 -0.62249755859375
0.0635566711425781 -0.0276336669921875 0.234130859375 -1.02740478515625
0.0225563049316406 -0.0139522552490234 1.2279052734375 -0.2855224609375
-0.0688056945800781 -0.06427001953125 1.1263427734375 1.0498046875
-0.00874519348144531 -0.0328006744384766 0.135986328125 1.1390380859375
0.0294666290283203 -0.0269145965576172 0.093658447265625 0.140960693359375
-0.0126190185546875 -0.0292625427246094 0.2359619140625 -1.1004638671875
0.00295257568359375 -0.0528678894042969 -0.8828125 -1.334716796875
0.0369110107421875 -0.0440292358398438 -1.399658203125 0.10107421875
0.0337066650390625 -0.0546493530273438 -0.47857666015625 0.99383544921875
0.0165863037109375 -0.0652999877929688 0.2625732421875 0.703125
-0.0188426971435547 -0.0166549682617188 0.465484619140625 -0.0211181640625
-0.0222682952880859 -0.00295829772949219 0.25115966796875 -0.471771240234375
-0.00850582122802734 0.00590896606445312 -0.202545166015625 0.45068359375
0.0108003616333008 -0.0114727020263672 -0.411590576171875 -0.00949096679687493
0.000329971313476562 0.0175933837890625 -0.2684326171875 -0.71051025390625
-0.00800323486328125 0.0521011352539063 0.4708251953125 -1.0020751953125
-0.0556755065917969 0.0258827209472656 1.31103515625 -0.050048828125
-0.0516357421875 -0.0614662170410156 0.9420166015625 1.281005859375
0.0592117309570313 -0.00668716430664063 -0.0554199218750001 1.1572265625
0.0869598388671875 0.02294921875 0.0536880493164063 0.076812744140625
0.0475692749023438 -0.00983047485351563 0.037109375 -1.1302490234375
0.00297927856445313 -0.0488090515136719 -1.112060546875 -1.1256103515625
-0.033172607421875 0.00409698486328126 -1.3206787109375 0.354736328125
-0.0235347747802734 0.0286960601806641 -0.24114990234375 1.0255126953125
-0.008331298828125 0.00325632095336914 0.46044921875 0.6273193359375
0.00310134887695313 0.00857019424438476 0.55010986328125 -0.078857421875
0.0279998779296875 0.0150833129882813 0.2713623046875 -0.478485107421875
-0.0227508544921875 0.00403404235839844 -0.207275390625 0.449737548828125
0.0119686126708984 -0.0152187347412109 -0.412353515625 -0.010528564453125
0.0130252838134766 -0.00773525238037109 -0.2606201171875 -0.71002197265625
0.0167598724365234 0.0258293151855469 0.48516845703125 -0.99267578125
-0.0350322723388672 0.0147647857666016 1.310302734375 -0.0340576171875
-0.0533714294433594 -0.0627059936523438 0.9185791015625 1.2938232421875
0.0450286865234375 -0.0149612426757813 -0.0753173828125001 1.156494140625
0.0750045776367188 0.00579833984375 0.0479660034179688 0.0752182006835937
0.0331096649169922 -0.0167675018310547 0.0229492187499999 -1.1253662109375
0.00156402587890625 -0.0503921508789063 -1.1181640625 -1.1121826171875
-0.0155906677246094 -0.0128717422485352 -1.3123779296875 0.3673095703125
-0.00909423828125 -0.000391006469726561 -0.22821044921875 1.0240478515625
-0.00176239013671875 -0.0194969177246094 0.468505859375 0.6241455078125
0.000514984130859375 0.00271034240722656 0.552398681640625 -0.081878662109375
0.0142488479614258 0.0142126083374023 0.26727294921875 -0.486724853515625
-0.0359420776367188 0.000534057617187503 -0.211334228515625 0.45013427734375
0.00942039489746094 -0.0200557708740234 -0.4210205078125 -0.00796508789062507
0.0243301391601563 -0.0341987609863281 -0.27032470703125 -0.7041015625
0.0415840148925781 -0.0006103515625 0.47027587890625 -0.99603271484375
-0.0114994049072266 0.00459194183349609 1.3067626953125 -0.0489501953125
-0.0577430725097656 -0.06298828125 0.92822265625 1.27783203125
0.0279903411865234 -0.0242176055908203 -0.0653076171875001 1.155517578125
0.0620231628417969 -0.0122604370117188 0.0476455688476563 0.0795745849609375
0.0159912109375 -0.0231513977050781 0.02374267578125 -1.12225341796875
0.000469207763671875 -0.0534858703613281 -1.118896484375 -1.1083984375
0.00323104858398438 -0.0306930541992188 -1.315673828125 0.364013671875
0.00617218017578125 -0.0281543731689453 -0.2298583984375 1.02423095703125
0.00531768798828125 -0.0427818298339844 0.46319580078125 0.62921142578125
-0.00499534606933594 -0.0021367073059082 0.550201416015625 -0.0770263671875
0.00156116485595703 0.0116262435913086 0.267822265625 -0.48712158203125
-0.0488510131835937 -0.00380706787109375 -0.216522216796875 0.45098876953125
0.00584793090820313 -0.0253849029541016 -0.43438720703125 -0.00128173828125
0.0300216674804688 -0.058868408203125 -0.29791259765625 -0.69354248046875
0.0629959106445313 -0.0231361389160156 0.4356689453125 -1.00146484375
0.00918865203857422 -0.00590610504150391 1.301513671875 -0.0843505859375
-0.0611991882324219 -0.0636444091796875 0.9569091796875 1.2481689453125
0.0118503570556641 -0.0314407348632813 -0.0413818359375001 1.1513671875
0.0479240417480469 -0.026275634765625 0.05206298828125 0.0879745483398437
0.000234603881835938 -0.0289821624755859 0.0457153320312501 -1.11834716796875
0.000862121582031246 -0.0557327270507813 -1.0955810546875 -1.137451171875
0.0222434997558594 -0.04449462890625 -1.3291015625 0.3350830078125
0.0188369750976562 -0.0543785095214844 -0.26275634765625 1.02777099609375
0.0129241943359375 -0.0631790161132813 0.4375 0.64337158203125
-0.0108890533447266 -0.00757598876953125 0.5394287109375 -0.06768798828125
-0.010859489440918 0.0078287124633789 0.26788330078125 -0.4862060546875
-0.0581550598144531 -0.00949859619140626 -0.222442626953125 0.45135498046875
0.00151443481445313 -0.0281257629394531 -0.454010009765625 0.00909423828125007
0.0316543579101563 -0.0727767944335938 -0.33172607421875 -0.68035888671875
0.0763092041015625 -0.0404281616210938 0.3924560546875 -1.01275634765625
0.0234909057617187 -0.0148067474365234 1.2886962890625 -0.1317138671875
-0.0647392272949219 -0.0637779235839844 0.99365234375 1.2021484375
-0.000732421874999996 -0.0372352600097656 -0.0054931640625001 1.15283203125
0.0370826721191406 -0.0359878540039063 0.060699462890625 0.101913452148438
-0.0112819671630859 -0.0332069396972656 0.0866088867187501 -1.11749267578125
0.00105667114257812 -0.0560379028320313 -1.0570068359375 -1.186767578125
0.0366134643554688 -0.0528144836425781 -1.3516845703125 0.285888671875
0.0312271118164063 -0.0703506469726563 -0.31097412109375 1.02825927734375
0.0192489624023437 -0.0764389038085938 0.3980712890625 0.6624755859375
-0.0162258148193359 -0.0133209228515625 0.523468017578125 -0.05377197265625
-0.0204792022705078 0.00356864929199219 0.2642822265625 -0.483795166015625
-0.064849853515625 -0.0128364562988281 -0.224365234375 0.45562744140625
-0.00386810302734375 -0.0300884246826172 -0.47216796875 0.019775390625
0.0277023315429687 -0.0801162719726563 -0.37255859375 -0.66143798828125
0.0801010131835938 -0.0478439331054688 0.336181640625 -1.022216796875
0.0319728851318359 -0.0208072662353516 1.2757568359375 -0.1849365234375
-0.0665740966796875 -0.0635948181152344 1.0460205078125 1.14990234375
-0.009735107421875 -0.0382156372070313 0.0455322265625 1.1519775390625
0.0300750732421875 -0.0411567687988281 0.0724029541015625 0.115287780761719
-0.0175056457519531 -0.0350112915039063 0.13421630859375 -1.11529541015625
0.000759124755859376 -0.0560836791992188 -1.0023193359375 -1.239013671875
0.0444526672363281 -0.0568351745605469 -1.3756103515625 0.2266845703125
0.03955078125 -0.0764999389648438 -0.36834716796875 1.02313232421875
0.0225677490234375 -0.082122802734375 0.354248046875 0.6820068359375
-0.0176658630371094 -0.0174674987792969 0.50384521484375 -0.041656494140625
-0.0261020660400391 0.000392913818359377 0.25823974609375 -0.484100341796875
-0.0638008117675781 -0.0157203674316406 -0.226470947265625 0.459930419921875
-0.00742149353027344 -0.0310268402099609 -0.487548828125 0.0346069335937499
0.0199203491210938 -0.0766220092773438 -0.413818359375 -0.644287109375
0.074127197265625 -0.0441055297851563 0.27777099609375 -1.030029296875
0.0308456420898438 -0.0200462341308594 1.249755859375 -0.245361328125
-0.0702438354492187 -0.06341552734375 1.09588623046875 1.096435546875
-0.0124130249023437 -0.0368881225585938 0.0992431640625 1.148681640625
0.0269889831542969 -0.0379753112792969 0.0834274291992188 0.129608154296875
-0.0178699493408203 -0.0338478088378906 0.18341064453125 -1.11346435546875
0.00197982788085938 -0.0555496215820313 -0.9495849609375 -1.29248046875
0.0448226928710937 -0.0524520874023437 -1.39794921875 0.1654052734375
0.040374755859375 -0.0723342895507812 -0.43023681640625 1.01605224609375
0.0222625732421875 -0.0783920288085938 0.30810546875 0.69866943359375
-0.0184440612792969 -0.0180091857910156 0.48687744140625 -0.029296875
-0.0252513885498047 -0.00197410583496093 0.254119873046875 -0.47900390625
-0.0587387084960938 -0.0179481506347656 -0.224273681640625 0.46588134765625
-0.00866317749023438 -0.0297393798828125 -0.49810791015625 0.045440673828125
0.0112800598144531 -0.0638275146484375 -0.44488525390625 -0.62738037109375
0.0634307861328125 -0.0297164916992188 0.2301025390625 -1.0352783203125
0.0212993621826172 -0.0146198272705078 1.232666015625 -0.2930908203125
-0.0709609985351563 -0.0625076293945312 1.139892578125 1.0491943359375
-0.00902366638183593 -0.0327091217041016 0.141357421875 1.1463623046875
0.0302448272705078 -0.0283393859863281 0.095855712890625 0.141311645507813
-0.0126209259033203 -0.0289974212646484 0.232421875 -1.109375
0.00294113159179687 -0.0529022216796875 -0.894287109375 -1.343017578125
0.0376243591308594 -0.0450782775878906 -1.412109375 0.109375
0.03369140625 -0.0552864074707031 -0.479248046875 1.00640869140625
0.0167312622070312 -0.0655288696289063 0.26837158203125 0.70928955078125
-0.0185127258300781 -0.01702880859375 0.46942138671875 -0.02276611328125
-0.0215282440185547 -0.00480079650878906 0.249420166015625 -0.475341796875
-0.00659608840942383 0.00766563415527344 -0.200042724609375 0.455169677734375
0.0117635726928711 -0.00945091247558594 -0.4149169921875 -0.00723266601562495
0.000488281249999998 0.0188064575195312 -0.27667236328125 -0.71551513671875
-0.00741195678710937 0.0524826049804687 0.46734619140625 -1.01080322265625
-0.0560989379882813 0.0276985168457031 1.3204345703125 -0.06005859375
-0.0525054931640625 -0.0604400634765625 0.95947265625 1.2857666015625
0.0604438781738281 -0.0075531005859375 -0.0467529296875001 1.164306640625
0.0880203247070313 0.021728515625 0.0547332763671875 0.0756072998046875
0.0495414733886719 -0.00931930541992188 0.0322265625 -1.138427734375
0.00301742553710938 -0.0491065979003906 -1.12939453125 -1.1260986328125
-0.0326862335205078 0.00299644470214844 -1.331298828125 0.3638916015625
-0.0236167907714844 0.0290584564208984 -0.23724365234375 1.0382080078125
-0.00866031646728516 0.00361394882202148 0.466796875 0.62994384765625
0.00357627868652344 0.00959300994873047 0.5552978515625 -0.082916259765625
0.0289649963378906 0.0148735046386719 0.27105712890625 -0.484527587890625
-0.0209770202636719 0.00548553466796875 -0.20458984375 0.454071044921875
0.0123767852783203 -0.0144205093383789 -0.415618896484375 -0.00759887695312507
0.0128030776977539 -0.00814628601074219 -0.26715087890625 -0.71453857421875
0.0168418884277344 0.0250911712646484 0.4820556640625 -1.00286865234375
-0.0358924865722656 0.015045166015625 1.318115234375 -0.041015625
-0.0552902221679687 -0.061370849609375 0.9337158203125 1.302001953125
0.0453834533691406 -0.0154876708984375 -0.0681152343749999 1.16552734375
0.0758209228515625 0.00516510009765625 0.0490951538085938 0.0756759643554688
0.0342292785644531 -0.0162258148193359 0.0174560546875 -1.13525390625
0.000972747802734374 -0.0516204833984375 -1.136962890625 -1.113525390625
-0.0159416198730469 -0.0138740539550781 -1.32275390625 0.3768310546875
-0.00958633422851563 -8.01086425781264E-05 -0.22454833984375 1.03558349609375
-0.000860214233398436 -0.0202884674072266 0.47650146484375 0.6258544921875
0.000932216644287109 0.00358176231384277 0.557281494140625 -0.08587646484375
0.0160541534423828 0.0151576995849609 0.265777587890625 -0.493865966796875
-0.0340118408203125 0.00120735168457032 -0.209747314453125 0.453704833984375
0.010650634765625 -0.0186939239501953 -0.42401123046875 -0.00573730468749995
0.0240402221679688 -0.0353851318359375 -0.27911376953125 -0.708251953125
0.042327880859375 -0.00146865844726563 0.46771240234375 -1.00616455078125
-0.012394905090332 0.0039052963256836 1.316162109375 -0.05712890625
-0.0586166381835938 -0.0615386962890625 0.945556640625 1.2830810546875
0.0290813446044922 -0.0241451263427734 -0.0587158203125 1.161376953125
0.0617713928222656 -0.012908935546875 0.04833984375 0.0797500610351563
0.0168781280517578 -0.0238685607910156 0.0184326171875 -1.130126953125
-2.28881835937465E-05 -0.053741455078125 -1.135009765625 -1.111083984375
0.00348663330078125 -0.0307350158691406 -1.325439453125 0.379150390625
0.005035400390625 -0.0299892425537109 -0.22705078125 1.03863525390625
0.0050811767578125 -0.0429763793945313 0.47039794921875 0.632080078125
-0.00450372695922852 -0.00163841247558594 0.553863525390625 -0.082550048828125
0.00300216674804687 0.0107860565185547 0.267181396484375 -0.492645263671875
-0.0484123229980469 -0.00236511230468751 -0.215179443359375 0.4534912109375
0.00674247741699219 -0.0232410430908203 -0.43914794921875 0.00167846679687502
0.0305862426757813 -0.0581893920898438 -0.30609130859375 -0.6981201171875
0.0636177062988281 -0.0247001647949219 0.43157958984375 -1.01190185546875
0.00880527496337891 -0.00607395172119141 1.308837890625 -0.0943603515625
-0.0626983642578125 -0.0626945495605469 0.9703369140625 1.2530517578125
0.0130615234375 -0.0314903259277344 -0.0345458984375001 1.1610107421875
0.0482177734375 -0.0272331237792969 0.0525665283203125 0.0880279541015625
0.000732421875000003 -0.0289211273193359 0.0402832031250001 -1.1292724609375
0.00107192993164063 -0.0564727783203125 -1.1134033203125 -1.1419677734375
0.0214614868164062 -0.0461196899414062 -1.3369140625 0.3468017578125
0.0187950134277344 -0.0545387268066406 -0.26031494140625 1.040283203125
0.0114669799804687 -0.0629463195800781 0.44512939453125 0.64666748046875
-0.0106916427612305 -0.00724983215332031 0.543487548828125 -0.071044921875
-0.00901222229003906 0.00812816619873047 0.26580810546875 -0.49273681640625
-0.0574378967285156 -0.00820922851562501 -0.2210693359375 0.456634521484375
0.00114822387695313 -0.0274848937988281 -0.4569091796875 0.01104736328125
0.0315322875976562 -0.074676513671875 -0.3409423828125 -0.6839599609375
0.076873779296875 -0.0414657592773438 0.387939453125 -1.021728515625
0.0235881805419922 -0.0152721405029297 1.29736328125 -0.1395263671875
-0.0650825500488281 -0.0625991821289062 1.0108642578125 1.2078857421875
-0.00111007690429687 -0.03668212890625 0.00268554687500004 1.1607666015625
0.036956787109375 -0.0382232666015625 0.06036376953125 0.100700378417969
-0.0102062225341797 -0.03253173828125 0.0802001953125 -1.1273193359375
0.000240325927734375 -0.05682373046875 -1.072021484375 -1.189208984375
0.0365982055664063 -0.0558090209960938 -1.36279296875 0.2982177734375
0.0304794311523438 -0.0724868774414063 -0.30877685546875 1.03924560546875
0.0185089111328125 -0.0766067504882813 0.40631103515625 0.66705322265625
-0.0143194198608398 -0.013066291809082 0.527587890625 -0.056610107421875
-0.0194911956787109 0.00341987609863281 0.2630615234375 -0.49041748046875
-0.0632476806640625 -0.0112266540527344 -0.22247314453125 0.461456298828125
-0.00281333923339844 -0.0289459228515625 -0.477020263671875 0.0245056152343751
0.0275421142578125 -0.080902099609375 -0.3798828125 -0.66815185546875
0.0807952880859375 -0.0491104125976563 0.33221435546875 -1.03021240234375
0.0303668975830078 -0.0217399597167969 1.281494140625 -0.196044921875
-0.069732666015625 -0.063690185546875 1.0611572265625 1.1536865234375
-0.0100555419921875 -0.0389366149902344 0.0521240234374999 1.1591796875
0.0296630859375 -0.0419731140136719 0.0723190307617188 0.115165710449219
-0.0171031951904297 -0.0337963104248047 0.1307373046875 -1.1248779296875
0.000511169433593747 -0.0562667846679687 -1.018798828125 -1.2452392578125
0.0444755554199219 -0.0579376220703125 -1.3883056640625 0.23828125
0.0392227172851563 -0.0782470703125 -0.36956787109375 1.03656005859375
0.0222702026367187 -0.0828170776367187 0.36138916015625 0.6842041015625
-0.0177936553955078 -0.0165328979492187 0.508026123046875 -0.04437255859375
-0.0244579315185547 -0.000135421752929691 0.255584716796875 -0.488037109375
-0.0625724792480469 -0.0145759582519531 -0.223663330078125 0.464080810546875
-0.007110595703125 -0.0299797058105469 -0.491943359375 0.0363769531250001
0.0186920166015625 -0.07659912109375 -0.4222412109375 -0.64599609375
0.0759506225585938 -0.0451583862304688 0.270263671875 -1.038330078125
0.0296173095703125 -0.0212364196777344 1.259033203125 -0.25439453125
-0.071044921875 -0.0618515014648437 1.1107177734375 1.097900390625
-0.0119781494140625 -0.0367393493652344 0.10498046875 1.1556396484375
0.0268669128417969 -0.03753662109375 0.0847320556640625 0.12969970703125
-0.0177726745605469 -0.0322742462158203 0.1798095703125 -1.1219482421875
0.0023193359375 -0.0550994873046875 -0.96630859375 -1.2989501953125
0.044921875 -0.0547142028808594 -1.4114990234375 0.1756591796875
0.0396957397460937 -0.0727767944335938 -0.428955078125 1.02862548828125
0.0220565795898437 -0.0784225463867188 0.31536865234375 0.70343017578125
-0.0188007354736328 -0.018218994140625 0.48968505859375 -0.032501220703125
-0.0251407623291016 -0.00284004211425781 0.255279541015625 -0.48553466796875
-0.0576019287109375 -0.0163116455078125 -0.2213134765625 0.471282958984375
-0.00893402099609375 -0.0296535491943359 -0.502655029296875 0.0473937988281249
0.0103721618652344 -0.0639419555664063 -0.45416259765625 -0.62921142578125
0.0640640258789063 -0.0308990478515625 0.22589111328125 -1.04522705078125
0.0223503112792969 -0.0149669647216797 1.2423095703125 -0.3011474609375
-0.0714187622070313 -0.062042236328125 1.15625 1.0516357421875
-0.00902938842773438 -0.0320720672607422 0.148681640625 1.1507568359375
0.0299816131591797 -0.0289974212646484 0.0974655151367188 0.140304565429688
-0.0121307373046875 -0.0284881591796875 0.23236083984375 -1.12066650390625
0.00298690795898438 -0.0535774230957031 -0.9117431640625 -1.3487548828125
0.0374870300292969 -0.0464324951171875 -1.4251708984375 0.1187744140625
0.0329437255859375 -0.0565109252929688 -0.47906494140625 1.022705078125
0.015289306640625 -0.0656242370605469 0.2745361328125 0.71466064453125
-0.0188961029052734 -0.0158405303955078 0.47137451171875 -0.026336669921875
-0.0205287933349609 -0.00388526916503906 0.24859619140625 -0.482666015625
-0.00522327423095703 0.00850248336791992 -0.197845458984375 0.459075927734375
0.0123882293701172 -0.00788974761962891 -0.418365478515625 -0.00527954101562509
0.00153732299804688 0.0191421508789063 -0.28564453125 -0.718994140625
-0.0067291259765625 0.0527191162109375 0.46551513671875 -1.02276611328125
-0.0562858581542969 0.0282974243164063 1.3302001953125 -0.0679931640625
-0.0546875 -0.0594215393066406 0.9781494140625 1.2896728515625
0.0610580444335938 -0.00808334350585938 -0.0397949218749999 1.171875
0.0885543823242188 0.0206069946289063 0.0557861328125 0.0762863159179688
0.0502128601074219 -0.00932693481445313 0.0236816406249999 -1.1468505859375
0.00292968750000001 -0.0493278503417969 -1.14599609375 -1.125244140625
-0.0342044830322266 0.00300216674804688 -1.34423828125 0.3802490234375
-0.0241775512695312 0.0289440155029297 -0.2315673828125 1.0499267578125
-0.00940704345703125 0.00415802001953125 0.47515869140625 0.63214111328125
0.00485515594482422 0.00969600677490234 0.55987548828125 -0.088775634765625
0.0304393768310547 0.0144119262695313 0.267333984375 -0.491058349609375
-0.0198440551757813 0.00626373291015625 -0.202850341796875 0.458251953125
0.0130119323730469 -0.0139493942260742 -0.420196533203125 -0.00561523437499996
0.0130882263183594 -0.00762367248535156 -0.27581787109375 -0.71832275390625
0.017578125 0.0247688293457031 0.478515625 -1.0142822265625
-0.0366249084472656 0.0153884887695312 1.3297119140625 -0.051513671875
-0.0572090148925781 -0.0600013732910156 0.951904296875 1.3043212890625
0.0469970703125 -0.0156173706054688 -0.0609130859374999 1.173828125
0.0771484375 0.0039520263671875 0.0494461059570313 0.0749740600585938
0.0346527099609375 -0.016876220703125 0.00988769531249994 -1.14404296875
0.00147628784179687 -0.0532341003417969 -1.156005859375 -1.1148681640625
-0.0157814025878906 -0.0147390365600586 -1.3336181640625 0.3924560546875
-0.00942230224609375 -0.000334739685058593 -0.2191162109375 1.04901123046875
-0.0011749267578125 -0.0190391540527344 0.4844970703125 0.6282958984375
0.000461339950561524 0.00266623497009277 0.560821533203125 -0.090576171875
0.0165367126464844 0.0134868621826172 0.264251708984375 -0.498138427734375
-0.0325794219970703 0.00275421142578124 -0.205963134765625 0.458953857421875
0.0110073089599609 -0.0185108184814453 -0.427978515625 -0.00360107421874998
0.0238037109375 -0.0351905822753906 -0.28704833984375 -0.713623046875
0.0427818298339844 -0.0032501220703125 0.462158203125 -1.01776123046875
-0.0127973556518555 0.00414562225341797 1.3270263671875 -0.066650390625
-0.0602378845214844 -0.060577392578125 0.9642333984375 1.284912109375
0.0297126770019531 -0.0241622924804688 -0.0506591796875001 1.1680908203125
0.0624122619628906 -0.0138511657714844 0.0486602783203125 0.0792236328125
0.0162525177001953 -0.0238609313964844 0.00866699218749995 -1.1365966796875
0.00046157836914062 -0.0548591613769531 -1.154296875 -1.111572265625
0.00307273864746094 -0.0327644348144531 -1.3353271484375 0.39111328125
0.00439071655273438 -0.0304050445556641 -0.22161865234375 1.05194091796875
0.00504302978515625 -0.0429039001464844 0.479736328125 0.63348388671875
-0.00438714027404785 -0.00143814086914063 0.556793212890625 -0.086700439453125
0.00352573394775391 0.0105381011962891 0.26580810546875 -0.499420166015625
-0.0469627380371094 -0.00193405151367187 -0.21051025390625 0.4591064453125
0.00727462768554687 -0.0240077972412109 -0.442291259765625 0.00598144531249992
0.0308837890625 -0.059356689453125 -0.3133544921875 -0.70184326171875
0.0635948181152344 -0.0263938903808594 0.42718505859375 -1.0224609375
0.00802755355834961 -0.00716066360473633 1.3194580078125 -0.1015625
-0.0636558532714844 -0.0612258911132813 0.9879150390625 1.254638671875
0.0118618011474609 -0.0317096710205078 -0.0252685546875001 1.166748046875
0.0484428405761719 -0.0284576416015625 0.0536346435546875 0.0881118774414063
0.00131988525390625 -0.0284214019775391 0.0322265624999999 -1.135986328125
-0.000205993652343752 -0.0567512512207031 -1.131591796875 -1.1402587890625
0.0221099853515625 -0.0466842651367188 -1.3487548828125 0.3592529296875
0.0172805786132813 -0.0555992126464844 -0.25384521484375 1.05255126953125
0.0111541748046875 -0.0634765625 0.45367431640625 0.64947509765625
-0.0097799301147461 -0.00745582580566406 0.549407958984375 -0.074798583984375
-0.00809621810913086 0.00664567947387695 0.26385498046875 -0.498687744140625
-0.0559349060058594 -0.00681304931640625 -0.21685791015625 0.460296630859375
0.00242805480957031 -0.0273933410644531 -0.461212158203125 0.013916015625
0.030853271484375 -0.075225830078125 -0.35076904296875 -0.687255859375
0.0768661499023438 -0.0436859130859375 0.3809814453125 -1.03350830078125
0.0239086151123047 -0.0155315399169922 1.30615234375 -0.14794921875
-0.0679397583007812 -0.0616531372070313 1.02734375 1.213134765625
-0.00107574462890625 -0.0366477966308594 0.0101318359375 1.1668701171875
0.0376625061035156 -0.0384788513183594 0.061248779296875 0.102012634277344
-0.0104389190673828 -0.0324192047119141 0.0740966796875 -1.1356201171875
-0.000259399414062496 -0.0569381713867188 -1.091552734375 -1.19091796875
0.0354461669921875 -0.0572929382324219 -1.371826171875 0.313720703125
0.02947998046875 -0.0727310180664063 -0.30419921875 1.05291748046875
0.0175704956054688 -0.0772171020507813 0.41632080078125 0.67047119140625
-0.0143556594848633 -0.0118350982666016 0.531768798828125 -0.062408447265625
-0.019744873046875 0.00414276123046875 0.2611083984375 -0.498626708984375
-0.0611381530761719 -0.00916671752929688 -0.2200927734375 0.465545654296875
-0.00247955322265625 -0.0295066833496094 -0.48016357421875 0.027069091796875
0.0266876220703125 -0.0819778442382813 -0.3895263671875 -0.66839599609375
0.0817947387695313 -0.0516357421875 0.3232421875 -1.04046630859375
0.0307655334472656 -0.0213832855224609 1.2899169921875 -0.2049560546875
-0.0715560913085937 -0.0618133544921875 1.077880859375 1.1583251953125
-0.0105094909667969 -0.037750244140625 0.0610351562499999 1.1649169921875
0.0292625427246094 -0.0430412292480469 0.073883056640625 0.114662170410156
-0.017547607421875 -0.0335845947265625 0.1214599609375 -1.134521484375
4.95910644531284E-05 -0.0575447082519531 -1.0386962890625 -1.2484130859375
0.04388427734375 -0.0605392456054688 -1.398681640625 0.25
0.0387725830078125 -0.0796279907226562 -0.36456298828125 1.04876708984375
0.0215301513671875 -0.0826034545898437 0.36883544921875 0.69012451171875
-0.0173006057739258 -0.0160675048828125 0.51116943359375 -0.050079345703125
-0.0244731903076172 0.000127792358398433 0.25390625 -0.4957275390625
-0.0615425109863281 -0.0141105651855469 -0.2213134765625 0.46942138671875
-0.00606346130371094 -0.0294036865234375 -0.494537353515625 0.0403442382812499
0.0175094604492188 -0.07745361328125 -0.4322509765625 -0.6492919921875
0.0753097534179688 -0.0478591918945312 0.26458740234375 -1.04803466796875
0.0291748046875 -0.0217800140380859 1.2657470703125 -0.2662353515625
-0.07318115234375 -0.0610427856445313 1.129638671875 1.10107421875
-0.0124893188476563 -0.0365638732910156 0.115478515625 1.1617431640625
0.0264091491699219 -0.0393791198730469 0.0866317749023438 0.129692077636719
-0.0181522369384766 -0.0322799682617188 0.1732177734375 -1.132568359375
0.000968933105468745 -0.0553054809570312 -0.9810791015625 -1.301513671875
0.0441665649414063 -0.0556373596191406 -1.4219970703125 0.189208984375
0.0390090942382813 -0.0743789672851563 -0.42535400390625 1.04425048828125
0.0215835571289063 -0.0792160034179687 0.3223876953125 0.70684814453125
-0.0176334381103516 -0.0177574157714844 0.492401123046875 -0.037994384765625
-0.0249805450439453 -0.00339126586914063 0.25048828125 -0.490386962890625
-0.0567474365234375 -0.01580810546875 -0.21868896484375 0.4742431640625
-0.00851821899414062 -0.0284824371337891 -0.506500244140625 0.052703857421875
0.00981521606445313 -0.0636634826660156 -0.4632568359375 -0.63275146484375
0.0650978088378906 -0.0319862365722656 0.218017578125 -1.05322265625
0.0200862884521484 -0.0154628753662109 1.2508544921875 -0.3114013671875
-0.0747222900390625 -0.0604095458984375 1.175048828125 1.0526123046875
-0.00927925109863281 -0.0323333740234375 0.15869140625 1.155029296875
0.0303554534912109 -0.0298652648925781 0.09881591796875 0.140342712402344
-0.0120334625244141 -0.0281047821044922 0.223876953125 -1.1309814453125
0.00188446044921875 -0.0551414489746094 -0.929443359375 -1.355712890625
0.0363807678222656 -0.0476875305175781 -1.4373779296875 0.1319580078125
0.0328102111816406 -0.0579147338867188 -0.4752197265625 1.0364990234375
0.0143241882324219 -0.0652008056640625 0.2833251953125 0.71856689453125
-0.0176410675048828 -0.0150985717773438 0.4771728515625 -0.029266357421875
-0.0198268890380859 -0.00489616394042968 0.245941162109375 -0.489410400390625
-0.00264167785644531 0.00831842422485352 -0.193756103515625 0.464202880859375
0.0127677917480469 -0.00785160064697266 -0.42266845703125 -0.000457763671874927
0.00149154663085938 0.0198688507080078 -0.29705810546875 -0.721923828125
-0.00619125366210938 0.0519676208496094 0.45867919921875 -1.03277587890625
-0.0570106506347656 0.0291290283203125 1.3389892578125 -0.080322265625
-0.0556983947753906 -0.0581016540527344 0.99853515625 1.2896728515625
0.0612449645996094 -0.00780868530273437 -0.0291748046875001 1.1783447265625
0.0897140502929687 0.0196075439453125 0.05609130859375 0.0756454467773438
0.0508460998535156 -0.00969314575195313 0.013916015625 -1.153076171875
0.00310897827148438 -0.050811767578125 -1.16650390625 -1.1259765625
-0.0346431732177734 0.00161170959472657 -1.3511962890625 0.3973388671875
-0.0243206024169922 0.0295677185058594 -0.22454833984375 1.0638427734375
-0.00880813598632813 0.00443458557128906 0.48394775390625 0.63323974609375
0.00508785247802734 0.00998020172119141 0.5625 -0.09466552734375
0.0318737030029297 0.0140380859375 0.2659912109375 -0.497222900390625
-0.01727294921875 0.00711250305175781 -0.198394775390625 0.46380615234375
0.0131607055664062 -0.0123186111450195 -0.42303466796875 5.10508217542442E-17
0.0134391784667969 -0.00806236267089844 -0.28607177734375 -0.72216796875
0.0179405212402344 0.0238666534423828 0.47137451171875 -1.0267333984375
-0.037017822265625 0.0157737731933594 1.338134765625 -0.0634765625
-0.0587310791015625 -0.0589790344238281 0.9722900390625 1.306640625
0.048095703125 -0.0161399841308594 -0.0498046875 1.181396484375
0.0774307250976563 0.00225830078125 0.0499954223632813 0.0747146606445313
0.0345325469970703 -0.0162849426269531 -0.00195312500000003 -1.153076171875
0.000240325927734371 -0.0537261962890625 -1.177490234375 -1.1124267578125
-0.0165672302246094 -0.0155706405639648 -1.341064453125 0.41162109375
-0.00969505310058594 -0.00113105773925781 -0.20849609375 1.06011962890625
-0.00197029113769531 -0.0184326171875 0.49542236328125 0.62884521484375
0.0018465518951416 0.00409221649169922 0.56341552734375 -0.09912109375
0.017547607421875 0.0134563446044922 0.260833740234375 -0.5064697265625
-0.0316638946533203 0.00422286987304687 -0.203155517578125 0.46240234375
0.01129150390625 -0.0176067352294922 -0.432373046875 0.000854492187500021
0.0236892700195313 -0.0353202819824219 -0.29815673828125 -0.71527099609375
0.0428466796875 -0.00374221801757813 0.45660400390625 -1.029296875
-0.013941764831543 0.00391578674316406 1.338134765625 -0.079833984375
-0.0621109008789062 -0.0597877502441406 0.9827880859375 1.2877197265625
0.0298137664794922 -0.0242156982421875 -0.0415039062500001 1.1759033203125
0.0635757446289063 -0.0148506164550781 0.0496368408203125 0.0783615112304688
0.0172042846679688 -0.0228691101074219 0.000976562500000116 -1.1470947265625
-0.000698089599609378 -0.0556755065917969 -1.1729736328125 -1.1094970703125
0.00293540954589844 -0.0334682464599609 -1.341796875 0.406494140625
0.0037384033203125 -0.0304145812988281 -0.21490478515625 1.06488037109375
0.00475692749023437 -0.0419197082519531 0.489013671875 0.63446044921875
-0.00414919853210449 -0.000959396362304688 0.56231689453125 -0.093017578125
0.00458526611328125 0.0108785629272461 0.2618408203125 -0.5062255859375
-0.0446510314941406 -0.000358581542968749 -0.207672119140625 0.464508056640625
0.00820159912109375 -0.0222511291503906 -0.446685791015625 0.00836181640624992
0.0303764343261719 -0.0598297119140625 -0.32666015625 -0.702880859375
0.0635414123535156 -0.0282783508300781 0.41888427734375 -1.03399658203125
0.00760364532470703 -0.0064234733581543 1.3284912109375 -0.1146240234375
-0.0658721923828125 -0.0601081848144531 1.0091552734375 1.2550048828125
0.0130119323730469 -0.0321788787841797 -0.0162353515625001 1.173828125
0.0488319396972656 -0.0293083190917969 0.0541534423828125 0.0876235961914063
0.00156402587890625 -0.0289516448974609 0.022705078125 -1.142578125
-0.000560760498046875 -0.0578765869140625 -1.1546630859375 -1.1424560546875
0.0203285217285156 -0.0489425659179688 -1.3564453125 0.3790283203125
0.0166244506835937 -0.0562324523925781 -0.2452392578125 1.0657958984375
0.0107345581054688 -0.0636444091796875 0.462890625 0.65155029296875
-0.00915813446044922 -0.00667953491210937 0.551544189453125 -0.08349609375
-0.00918865203857422 0.00644779205322266 0.260650634765625 -0.506317138671875
-0.0551567077636719 -0.00500869750976563 -0.214630126953125 0.465362548828125
0.0028533935546875 -0.0257034301757813 -0.464508056640625 0.0205078125
0.0298995971679688 -0.076141357421875 -0.36016845703125 -0.69024658203125
0.0773696899414063 -0.04547119140625 0.374267578125 -1.042236328125
0.0224018096923828 -0.0164508819580078 1.3135986328125 -0.1627197265625
-0.070098876953125 -0.0607414245605469 1.048828125 1.2098388671875
-0.000839233398437499 -0.036956787109375 0.02197265625 1.174072265625
0.037506103515625 -0.0397796630859375 0.0618438720703125 0.100975036621094
-0.0107402801513672 -0.0319309234619141 0.0631103515625001 -1.1448974609375
-0.000591278076171871 -0.0582466125488281 -1.1112060546875 -1.187744140625
0.0345497131347656 -0.0593452453613281 -1.38330078125 0.3306884765625
0.0291595458984375 -0.073944091796875 -0.296630859375 1.06524658203125
0.0175399780273437 -0.077728271484375 0.42535400390625 0.67138671875
-0.0144729614257812 -0.0129165649414063 0.5362548828125 -0.067657470703125
-0.0172357559204102 0.00225067138671875 0.257537841796875 -0.5029296875
-0.0610198974609375 -0.00837326049804687 -0.215484619140625 0.4708251953125
-0.00166893005371094 -0.0286369323730469 -0.4847412109375 0.030792236328125
0.0257949829101563 -0.0825271606445312 -0.4017333984375 -0.66961669921875
0.0808563232421875 -0.0530929565429688 0.3175048828125 -1.0509033203125
0.0292148590087891 -0.0219173431396484 1.296142578125 -0.219970703125
-0.0736618041992188 -0.060394287109375 1.0989990234375 1.1580810546875
-0.0106124877929688 -0.037933349609375 0.071533203125 1.171875
0.02947998046875 -0.0430374145507813 0.0756378173828125 0.114593505859375
-0.0173606872558594 -0.0333766937255859 0.114990234375 -1.14208984375
-0.000511169433593751 -0.0575523376464844 -1.0596923828125 -1.2493896484375
0.0432777404785156 -0.0625953674316406 -1.4085693359375 0.267333984375
0.0367279052734375 -0.0812454223632813 -0.357666015625 1.064208984375
0.0209579467773437 -0.083709716796875 0.37982177734375 0.6905517578125
-0.0175371170043945 -0.0159597396850586 0.514404296875 -0.054840087890625
-0.0240459442138672 -0.000669479370117182 0.24981689453125 -0.502960205078125
-0.061492919921875 -0.0121574401855469 -0.216796875 0.474334716796875
-0.00595664978027344 -0.0287914276123047 -0.499755859375 0.0467529296875
0.0183486938476562 -0.0783615112304688 -0.4427490234375 -0.648681640625
0.075836181640625 -0.0496063232421875 0.2548828125 -1.0594482421875
0.027740478515625 -0.0226325988769531 1.2725830078125 -0.28173828125
-0.0752029418945312 -0.0602569580078125 1.149658203125 1.0977783203125
-0.0124092102050781 -0.036102294921875 0.1253662109375 1.16845703125
0.0266265869140625 -0.0405311584472656 0.0880966186523438 0.128547668457031
-0.0174083709716797 -0.0314083099365234 0.1639404296875 -1.1397705078125
0.000644683837890625 -0.057342529296875 -1.001708984375 -1.3035888671875
0.0445327758789063 -0.05859375 -1.4329833984375 0.20458984375
0.03826904296875 -0.0754852294921875 -0.41680908203125 1.05853271484375
0.0201644897460937 -0.07965087890625 0.332763671875 0.71221923828125
-0.0181064605712891 -0.0183868408203125 0.496795654296875 -0.0426025390625
-0.0245323181152344 -0.004119873046875 0.24761962890625 -0.497589111328125
-0.0552635192871094 -0.0145187377929687 -0.21417236328125 0.48052978515625
-0.00756263732910157 -0.0279464721679688 -0.51092529296875 0.05755615234375
0.00885009765625001 -0.0637931823730469 -0.47686767578125 -0.63037109375
0.0652351379394531 -0.0333824157714844 0.2066650390625 -1.06317138671875
0.0191535949707031 -0.0155372619628906 1.2548828125 -0.3260498046875
-0.0770263671875 -0.05908203125 1.19482421875 1.0499267578125
-0.00833320617675781 -0.0317974090576172 0.172607421875 1.1612548828125
0.0296916961669922 -0.0307903289794922 0.101364135742188 0.140289306640625
-0.0122585296630859 -0.0272331237792969 0.216796875 -1.140625
0.0019073486328125 -0.0558662414550781 -0.9512939453125 -1.35498046875
0.0361976623535156 -0.0505523681640625 -1.4508056640625 0.1473388671875
0.0324478149414063 -0.0588340759277344 -0.46856689453125 1.0517578125
0.0144462585449219 -0.0653953552246094 0.29205322265625 0.72357177734375
-0.0183868408203125 -0.0156097412109375 0.478546142578125 -0.034759521484375
-0.0197181701660156 -0.00493812561035156 0.242523193359375 -0.49468994140625
-0.00140953063964844 0.00951194763183594 -0.1888427734375 0.469207763671875
0.0139522552490234 -0.00716495513916016 -0.4254150390625 0.00439453125000006
0.00185394287109375 0.0200595855712891 -0.30670166015625 -0.7257080078125
-0.00593948364257812 0.0514717102050781 0.4453125 -1.04571533203125
-0.0581932067871094 0.0298805236816406 1.348876953125 -0.0966796875
-0.0573616027832031 -0.0564079284667969 1.020751953125 1.287109375
0.0624122619628906 -0.0087738037109375 -0.01513671875 1.185546875
0.0908203125 0.017852783203125 0.0572509765625 0.0745697021484375
0.0511627197265625 -0.0096435546875 0.00158691406250012 -1.1602783203125
0.00157928466796874 -0.051605224609375 -1.188720703125 -1.119140625
-0.0338668823242188 0.001678466796875 -1.355712890625 0.4149169921875
-0.024749755859375 0.0293502807617188 -0.21282958984375 1.0767822265625
-0.00908946990966797 0.0054616928100586 0.4952392578125 0.6319580078125
0.00624179840087891 0.0105514526367188 0.5648193359375 -0.10113525390625
0.0335063934326172 0.0126419067382813 0.2596435546875 -0.505950927734375
-0.0155830383300781 0.00846385955810547 -0.19482421875 0.468963623046875
0.0147380828857422 -0.0123758316040039 -0.42694091796875 0.00292968750000007
0.0135421752929688 -0.00741195678710938 -0.29827880859375 -0.72454833984375
0.0178718566894531 0.0234947204589844 0.46112060546875 -1.03619384765625
-0.0379981994628906 0.0170249938964844 1.3475341796875 -0.078125
-0.0599441528320312 -0.0572547912597656 0.99658203125 1.305419921875
0.047943115234375 -0.0160636901855469 -0.0374755859374999 1.1876220703125
0.0788040161132813 0.00107574462890625 0.0507583618164063 0.0738372802734375
0.0346908569335938 -0.0171527862548828 -0.0134277343750001 -1.1600341796875
-2.67028808593802E-05 -0.0530967712402344 -1.195068359375 -1.110595703125
-0.0176906585693359 -0.0159263610839844 -1.34619140625 0.429443359375
-0.0104427337646484 -0.000452041625976561 -0.1983642578125 1.0733642578125
-0.00215339660644531 -0.0180206298828125 0.50439453125 0.62738037109375
0.00220942497253418 0.00395655632019043 0.5670166015625 -0.10540771484375
0.018280029296875 0.0119533538818359 0.25738525390625 -0.513153076171875
-0.0300178527832031 0.00515365600585937 -0.1988525390625 0.468353271484375
0.0123519897460938 -0.0166215896606445 -0.434600830078125 0.00509643554687509
0.0236740112304688 -0.0365791320800781 -0.30938720703125 -0.71710205078125
0.0430488586425781 -0.00460433959960938 0.44488525390625 -1.04168701171875
-0.0153102874755859 0.00479984283447266 1.3453369140625 -0.0960693359375
-0.0641326904296875 -0.0584297180175781 1.00439453125 1.2855224609375
0.030609130859375 -0.0251178741455078 -0.0289306640625001 1.1832275390625
0.0638961791992188 -0.0165138244628906 0.0499954223632813 0.0776824951171875
0.0187892913818359 -0.0235252380371094 -0.011474609375 -1.154541015625
-0.00135040283203126 -0.0557365417480469 -1.196533203125 -1.1053466796875
0.00100517272949219 -0.0347003936767578 -1.3499755859375 0.4256591796875
0.00215721130371093 -0.0320777893066406 -0.20318603515625 1.0770263671875
0.003814697265625 -0.0423812866210937 0.49884033203125 0.6337890625
-0.00356149673461914 -0.0018467903137207 0.56494140625 -0.100341796875
0.00522422790527344 0.0100679397583008 0.25628662109375 -0.5128173828125
-0.044158935546875 0.00152969360351562 -0.20208740234375 0.469879150390625
0.00851249694824219 -0.0212364196777344 -0.449066162109375 0.0135498046874999
0.029388427734375 -0.0614585876464844 -0.33673095703125 -0.70599365234375
0.0640106201171875 -0.0299873352050781 0.41119384765625 -1.04522705078125
0.00603103637695313 -0.00741386413574219 1.3348388671875 -0.13134765625
-0.0678482055664063 -0.0585250854492187 1.0316162109375 1.257080078125
0.0129890441894531 -0.0319557189941406 -0.00268554687499996 1.180419921875
0.0486106872558594 -0.03082275390625 0.0551605224609375 0.088165283203125
0.0017242431640625 -0.0280838012695313 0.0115966796875 -1.1502685546875
-0.00197982788085938 -0.0577316284179688 -1.173583984375 -1.1351318359375
0.0194854736328125 -0.0509223937988281 -1.3651123046875 0.39599609375
0.0159225463867187 -0.0569114685058594 -0.23779296875 1.07879638671875
0.0103340148925781 -0.0632247924804688 0.47479248046875 0.6510009765625
-0.00969696044921875 -0.0066995620727539 0.553985595703125 -0.09051513671875
-0.00776910781860352 0.00656604766845703 0.257354736328125 -0.5115966796875
-0.0542945861816406 -0.0037078857421875 -0.209136962890625 0.471343994140625
0.00306892395019531 -0.0256900787353516 -0.46746826171875 0.024749755859375
0.0290679931640625 -0.0763473510742188 -0.37310791015625 -0.69091796875
0.0767822265625 -0.0479202270507813 0.364501953125 -1.05352783203125
0.0210857391357422 -0.0163974761962891 1.321044921875 -0.17724609375
-0.0718917846679687 -0.0593719482421875 1.0699462890625 1.2105712890625
-0.000625610351562501 -0.0360336303710938 0.0332031249999999 1.178955078125
0.03668212890625 -0.0409355163574219 0.0636444091796875 0.100318908691406
-0.0100898742675781 -0.0324325561523438 0.0516357421874999 -1.1524658203125
-0.00214004516601563 -0.0587844848632813 -1.1329345703125 -1.184326171875
0.0345649719238281 -0.06097412109375 -1.3902587890625 0.3470458984375
0.0272750854492187 -0.0754013061523437 -0.28790283203125 1.08013916015625
0.0168228149414062 -0.0777587890625 0.4351806640625 0.67181396484375
-0.0151567459106445 -0.0118532180786133 0.538330078125 -0.074737548828125
-0.0176143646240234 0.00206184387207031 0.2525634765625 -0.51068115234375
-0.0602073669433594 -0.00680160522460938 -0.210784912109375 0.476287841796875
-0.0012969970703125 -0.0275173187255859 -0.4869384765625 0.0366516113281251
0.0247573852539063 -0.083160400390625 -0.4144287109375 -0.6715087890625
0.0807418823242188 -0.0561294555664063 0.30474853515625 -1.06146240234375
0.0280570983886719 -0.0233078002929688 1.3035888671875 -0.2342529296875
-0.0752792358398437 -0.059234619140625 1.1224365234375 1.1522216796875
-0.0096435546875 -0.0381050109863281 0.0819091796874999 1.1761474609375
0.0289840698242188 -0.044403076171875 0.0762176513671875 0.114425659179688
-0.0172004699707031 -0.0331821441650391 0.1026611328125 -1.1507568359375
-0.00118255615234375 -0.059356689453125 -1.080322265625 -1.2449951171875
0.0429306030273438 -0.0644035339355469 -1.41845703125 0.287841796875
0.0365447998046875 -0.0828323364257813 -0.34930419921875 1.07928466796875
0.0196609497070312 -0.0837478637695313 0.38958740234375 0.69354248046875
-0.0174942016601562 -0.0158052444458008 0.5179443359375 -0.061737060546875
-0.0243072509765625 -0.000606536865234377 0.2464599609375 -0.509521484375
-0.0598526000976563 -0.0109329223632812 -0.211944580078125 0.4793701171875
-0.00569534301757813 -0.0287094116210937 -0.503021240234375 0.0513000488281251
0.0163955688476563 -0.0788650512695313 -0.45611572265625 -0.64874267578125
0.0754013061523438 -0.0514373779296875 0.24554443359375 -1.06756591796875
0.0279960632324219 -0.0229339599609375 1.2791748046875 -0.2962646484375
-0.0763320922851562 -0.0586700439453125 1.1715087890625 1.0916748046875
-0.0132293701171875 -0.0362281799316406 0.1400146484375 1.170654296875
0.0260124206542969 -0.0417022705078125 0.0896072387695313 0.128662109375
-0.0181827545166016 -0.0308990478515625 0.15478515625 -1.15283203125
1.14440917968733E-05 -0.0567779541015625 -1.02587890625 -1.302734375
0.0430145263671875 -0.0598983764648438 -1.44287109375 0.222900390625
0.0366744995117187 -0.0771636962890625 -0.40924072265625 1.073486328125
0.0198822021484375 -0.08001708984375 0.34307861328125 0.71380615234375
-0.0182628631591797 -0.0170936584472656 0.499176025390625 -0.04827880859375
-0.0240249633789063 -0.00423622131347656 0.243927001953125 -0.50445556640625
-0.0539665222167969 -0.0140838623046875 -0.2093505859375 0.484588623046875
-0.00645828247070313 -0.0268974304199219 -0.51416015625 0.062530517578125
0.00758743286132813 -0.06439208984375 -0.48681640625 -0.63299560546875
0.0645713806152344 -0.0362052917480469 0.19586181640625 -1.0740966796875
0.0194377899169922 -0.0165729522705078 1.260009765625 -0.34130859375
-0.0783233642578125 -0.0573654174804687 1.2139892578125 1.0447998046875
-0.00841712951660157 -0.0323982238769531 0.1854248046875 1.166748046875
0.0292892456054688 -0.0320262908935547 0.103004455566406 0.139297485351563
-0.0121135711669922 -0.0258922576904297 0.2069091796875 -1.150146484375
0.00111007690429688 -0.0567855834960938 -0.9710693359375 -1.3551025390625
0.0354843139648438 -0.0522956848144531 -1.459716796875 0.1639404296875
0.03155517578125 -0.0601043701171875 -0.46148681640625 1.0662841796875
0.0143318176269531 -0.0664634704589844 0.30133056640625 0.7269287109375
-0.0180187225341797 -0.0158786773681641 0.48248291015625 -0.040863037109375
-0.0192470550537109 -0.00511360168457031 0.2386474609375 -0.50323486328125
0.000426292419433593 0.0102148056030273 -0.18328857421875 0.4735107421875
0.0142860412597656 -0.00633525848388672 -0.42901611328125 0.00817871093749991
0.003082275390625 0.0200366973876953 -0.3189697265625 -0.72564697265625
-0.0059356689453125 0.0518226623535156 0.43511962890625 -1.0567626953125
-0.0589828491210938 0.0306892395019531 1.35595703125 -0.1123046875
-0.0596351623535156 -0.05511474609375 1.0439453125 1.283203125
0.0636329650878906 -0.009002685546875 -0.00292968750000005 1.189208984375
0.0919342041015625 0.0167999267578125 0.0570144653320313 0.0738067626953125
0.0526199340820313 -0.0102424621582031 -0.0130615234374999 -1.1685791015625
0.00126266479492188 -0.0525932312011719 -1.2086181640625 -1.113037109375
-0.035186767578125 0.00130081176757813 -1.361083984375 0.4356689453125
-0.0244350433349609 0.0295810699462891 -0.2015380859375 1.088623046875
-0.00856781005859375 0.00624704360961914 0.50628662109375 0.63018798828125
0.00559425354003906 0.0106306076049805 0.566162109375 -0.11029052734375
0.0338058471679688 0.0127906799316406 0.2554931640625 -0.5118408203125
-0.0139932632446289 0.00924396514892578 -0.188018798828125 0.473388671875
0.0148181915283203 -0.0116357803344727 -0.430450439453125 0.00842285156250001
0.0126686096191406 -0.0078125 -0.30950927734375 -0.724853515625
0.0190238952636719 0.0227165222167969 0.451416015625 -1.05047607421875
-0.038360595703125 0.017303466796875 1.353515625 -0.0950927734375
-0.0606765747070313 -0.0563125610351563 1.0169677734375 1.3004150390625
0.0484542846679688 -0.0170440673828125 -0.026123046875 1.193603515625
0.0795211791992188 -0.00043487548828125 0.0516738891601562 0.0728836059570312
0.0365333557128906 -0.0162925720214844 -0.0277099609375 -1.168212890625
-0.000816345214843752 -0.0550727844238281 -1.2197265625 -1.1007080078125
-0.0180339813232422 -0.0180873870849609 -1.353759765625 0.448974609375
-0.0107851028442383 -0.000372886657714844 -0.18841552734375 1.08551025390625
-0.002532958984375 -0.0176067352294922 0.5174560546875 0.6263427734375
0.00141525268554688 0.00465011596679687 0.56939697265625 -0.1126708984375
0.0199680328369141 0.0121383666992188 0.251068115234375 -0.51971435546875
-0.0278797149658203 0.00525474548339843 -0.19244384765625 0.472900390625
0.0126132965087891 -0.0161514282226563 -0.438751220703125 0.0106201171874999
0.0224380493164063 -0.0359649658203125 -0.3221435546875 -0.71600341796875
0.0432701110839844 -0.0062103271484375 0.434326171875 -1.05218505859375
-0.0148706436157227 0.00514888763427734 1.352294921875 -0.1094970703125
-0.0654296875 -0.0564537048339844 1.0302734375 1.28271484375
0.0313167572021484 -0.0260772705078125 -0.0167236328124999 1.1883544921875
0.06329345703125 -0.0171737670898438 0.0503616333007813 0.075958251953125
0.0179347991943359 -0.0232429504394531 -0.0263671874999999 -1.1602783203125
-0.00201797485351563 -0.0566139221191406 -1.2156982421875 -1.0970458984375
0.000629425048828122 -0.0368385314941406 -1.3544921875 0.448486328125
0.00147628784179687 -0.0320243835449219 -0.19024658203125 1.087158203125
0.00377655029296875 -0.0424957275390625 0.51092529296875 0.63311767578125
-0.00352931022644043 -0.000669002532958985 0.5665283203125 -0.108154296875
0.00625419616699219 0.00915813446044922 0.250274658203125 -0.52056884765625
-0.0422286987304687 0.00160598754882813 -0.19671630859375 0.47406005859375
0.00967979431152344 -0.0213069915771484 -0.4537353515625 0.0199890136718751
0.0284843444824219 -0.0611648559570312 -0.3486328125 -0.70697021484375
0.0642967224121094 -0.0308685302734375 0.39886474609375 -1.05548095703125
0.00505399703979492 -0.00652503967285156 1.3427734375 -0.1468505859375
-0.0699005126953125 -0.05712890625 1.052001953125 1.249267578125
0.0133533477783203 -0.0316581726074219 0.0124511718750001 1.1866455078125
0.0485115051269531 -0.0317878723144531 0.0559616088867188 0.0858535766601563
0.00184249877929688 -0.0282859802246094 -0.00207519531249998 -1.1561279296875
-0.00275039672851562 -0.0585289001464844 -1.19482421875 -1.128173828125
0.0183143615722656 -0.05242919921875 -1.36767578125 0.4168701171875
0.0148582458496094 -0.0584754943847656 -0.2239990234375 1.0914306640625
0.00970458984375 -0.06341552734375 0.4853515625 0.64849853515625
-0.00908565521240235 -0.00686454772949219 0.556427001953125 -0.098724365234375
-0.00706863403320312 0.00677633285522461 0.25042724609375 -0.520782470703125
-0.0522003173828125 -0.00336456298828125 -0.203460693359375 0.476776123046875
0.00449562072753907 -0.0250301361083984 -0.47113037109375 0.0295104980468749
0.0281982421875 -0.0779266357421875 -0.38421630859375 -0.6905517578125
0.076263427734375 -0.0492324829101563 0.35211181640625 -1.0640869140625
0.0206031799316406 -0.0166397094726563 1.326416015625 -0.19482421875
-0.07366943359375 -0.05743408203125 1.0927734375 1.2025146484375
-0.000663757324218753 -0.0362319946289063 0.0476074218750001 1.1849365234375
0.0367546081542969 -0.0418128967285156 0.0647354125976563 0.0998153686523438
-0.0104541778564453 -0.0316829681396484 0.0395507812500001 -1.1591796875
-0.00278091430664063 -0.0590744018554687 -1.15576171875 -1.1778564453125
0.0328102111816406 -0.0630302429199219 -1.392822265625 0.366455078125
0.0258712768554687 -0.0774765014648438 -0.27508544921875 1.0927734375
0.0143661499023437 -0.078338623046875 0.447265625 0.67218017578125
-0.014124870300293 -0.0112667083740234 0.54034423828125 -0.08294677734375
-0.0177459716796875 0.00213050842285156 0.248291015625 -0.518096923828125
-0.0580863952636719 -0.00593185424804687 -0.20556640625 0.479339599609375
-0.000461578369140624 -0.0278167724609375 -0.490692138671875 0.043670654296875
0.0244140625 -0.0846099853515625 -0.42559814453125 -0.67010498046875
0.0802536010742188 -0.0572128295898438 0.2952880859375 -1.0728759765625
0.0272655487060547 -0.0235633850097656 1.3089599609375 -0.2513427734375
-0.0769729614257813 -0.0570602416992187 1.1431884765625 1.146728515625
-0.0103645324707031 -0.0378913879394531 0.100341796875 1.1824951171875
0.028167724609375 -0.0462760925292969 0.0774307250976563 0.112953186035156
-0.0167179107666016 -0.0325241088867188 0.0908203124999999 -1.1595458984375
-0.00286865234375 -0.0592727661132813 -1.1038818359375 -1.235595703125
0.0411720275878906 -0.065765380859375 -1.42236328125 0.3082275390625
0.03472900390625 -0.0841522216796875 -0.336181640625 1.09185791015625
0.0183029174804688 -0.0835342407226563 0.40093994140625 0.69158935546875
-0.0168962478637695 -0.0167093276977539 0.52032470703125 -0.06890869140625
-0.0224742889404297 -3.05175781250049E-05 0.240936279296875 -0.515716552734375
-0.0586357116699219 -0.0101280212402344 -0.20703125 0.48358154296875
-0.00510215759277344 -0.0276050567626953 -0.504852294921875 0.05853271484375
0.0150985717773438 -0.079681396484375 -0.46826171875 -0.64678955078125
0.0748825073242188 -0.053619384765625 0.2322998046875 -1.0765380859375
0.0260334014892578 -0.0233974456787109 1.2845458984375 -0.3118896484375
-0.0790786743164063 -0.056640625 1.1925048828125 1.084228515625
-0.0130729675292969 -0.0355682373046875 0.1544189453125 1.1729736328125
0.0255661010742188 -0.0421295166015625 0.0921859741210937 0.128257751464844
-0.0182209014892578 -0.0311832427978516 0.1416015625 -1.1588134765625
-0.000968933105468754 -0.0575675964355469 -1.0499267578125 -1.29833984375
0.0422477722167969 -0.0622444152832031 -1.4483642578125 0.2432861328125
0.0363311767578125 -0.0780258178710938 -0.39923095703125 1.08837890625
0.0185089111328125 -0.080718994140625 0.35400390625 0.7152099609375
-0.0181865692138672 -0.017364501953125 0.501739501953125 -0.0562744140625
-0.0231075286865234 -0.004058837890625 0.237701416015625 -0.512298583984375
-0.0533790588378906 -0.0123138427734375 -0.203643798828125 0.490814208984375
-0.00597572326660156 -0.0266323089599609 -0.516998291015625 0.070220947265625
0.00666809082031249 -0.0645484924316406 -0.50103759765625 -0.6297607421875
0.0643539428710938 -0.0371170043945312 0.18505859375 -1.078857421875
0.0176563262939453 -0.0169258117675781 1.26416015625 -0.3592529296875
-0.0800552368164062 -0.05499267578125 1.2386474609375 1.03466796875
-0.0089569091796875 -0.0314311981201172 0.199462890625 1.169189453125
0.0291404724121094 -0.0333709716796875 0.104896545410156 0.138809204101563
-0.0114803314208984 -0.0261478424072266 0.1947021484375 -1.1600341796875
0.00049209594726563 -0.0569343566894531 -0.99462890625 -1.3504638671875
0.0340652465820313 -0.0540733337402344 -1.4676513671875 0.1861572265625
0.0298576354980469 -0.0607872009277344 -0.45208740234375 1.079345703125
0.0135536193847656 -0.0665969848632813 0.31378173828125 0.728271484375
-0.0180568695068359 -0.0155162811279297 0.484710693359375 -0.046875
-0.0193424224853516 -0.00579643249511719 0.23272705078125 -0.5103759765625
0.002899169921875 0.0113468170166016 -0.17578125 0.477142333984375
0.0151987075805664 -0.00488662719726563 -0.430389404296875 0.0134582519531249
0.00292015075683594 0.02020263671875 -0.33258056640625 -0.723876953125
-0.00380706787109375 0.0504341125488281 0.4234619140625 -1.06610107421875
-0.0583534240722656 0.0317802429199219 1.3599853515625 -0.12939453125
-0.0597457885742187 -0.0538558959960938 1.0670166015625 1.2742919921875
0.0644416809082031 -0.00971603393554688 0.0130615234374999 1.1910400390625
0.09210205078125 0.01519775390625 0.0583114624023438 0.0724258422851562
0.0528984069824219 -0.010589599609375 -0.0273437499999999 -1.170166015625
0.000766754150390625 -0.0533561706542969 -1.2333984375 -1.1005859375
-0.0351142883300781 0.000226974487304691 -1.360107421875 0.4591064453125
-0.0249252319335938 0.0311908721923828 -0.186279296875 1.097900390625
-0.00954341888427735 0.007110595703125 0.51617431640625 0.62603759765625
0.00645065307617187 0.0112819671630859 0.56878662109375 -0.1181640625
0.0344200134277344 0.0105018615722656 0.247772216796875 -0.51739501953125
-0.0121965408325195 0.00978279113769531 -0.17974853515625 0.4774169921875
0.0153017044067383 -0.0113010406494141 -0.4326171875 0.0130615234374999
0.0134744644165039 -0.00747394561767578 -0.32379150390625 -0.72454833984375
0.0198383331298828 0.02197265625 0.435546875 -1.05963134765625
-0.0386695861816406 0.0183525085449219 1.358642578125 -0.1138916015625
-0.0627479553222656 -0.0543899536132813 1.0428466796875 1.293701171875
0.0488929748535156 -0.0170822143554688 -0.00878906249999993 1.1939697265625
0.0799789428710937 -0.00080108642578125 0.0518722534179688 0.0721282958984375
0.0367698669433594 -0.0173225402832031 -0.0421142578125001 -1.1729736328125
-0.00241851806640625 -0.0543174743652344 -1.24072265625 -1.0865478515625
-0.0189247131347656 -0.0187473297119141 -1.351318359375 0.4720458984375
-0.0115995407104492 -0.00016212463378906 -0.1728515625 1.094970703125
-0.00299453735351563 -0.017791748046875 0.5283203125 0.62261962890625
0.00306177139282227 0.00455808639526367 0.5697021484375 -0.123291015625
0.0202369689941406 0.0109634399414062 0.244476318359375 -0.526153564453125
-0.02484130859375 0.00544166564941407 -0.18499755859375 0.476959228515625
0.0144948959350586 -0.0152788162231445 -0.4403076171875 0.0173950195312499
0.0221977233886719 -0.0373573303222656 -0.334228515625 -0.7152099609375
0.0429000854492187 -0.00701141357421875 0.42059326171875 -1.06182861328125
-0.0160617828369141 0.00523090362548828 1.35546875 -0.1287841796875
-0.0662307739257813 -0.0548057556152344 1.05224609375 1.273681640625
0.0307655334472656 -0.0258159637451172 0.00146484375000013 1.1898193359375
0.0637550354003906 -0.0187339782714844 0.051239013671875 0.0759353637695313
0.0181293487548828 -0.0235767364501953 -0.04150390625 -1.1661376953125
-0.00362777709960937 -0.0572700500488281 -1.2396240234375 -1.0849609375
0.000415802001953128 -0.0373649597167969 -1.3543701171875 0.4703369140625
0.000778198242187501 -0.0312652587890625 -0.175537109375 1.095703125
0.0028228759765625 -0.0427322387695313 0.52093505859375 0.62799072265625
-0.00358772277832031 -0.000872135162353515 0.56787109375 -0.11846923828125
0.00638103485107422 0.00928401947021484 0.2449951171875 -0.5269775390625
-0.0406455993652344 0.00295257568359376 -0.190643310546875 0.477447509765625
0.0103015899658203 -0.020477294921875 -0.454742431640625 0.0251464843749999
0.028106689453125 -0.0622444152832031 -0.36126708984375 -0.70318603515625
0.0634918212890625 -0.0331764221191406 0.38360595703125 -1.06610107421875
0.0048069953918457 -0.00776338577270508 1.3448486328125 -0.16455078125
-0.071868896484375 -0.0541305541992188 1.075439453125 1.2412109375
0.0140953063964844 -0.0319023132324219 0.025390625 1.189453125
0.048431396484375 -0.0325736999511719 0.0560455322265625 0.0852737426757813
0.00249862670898438 -0.0280113220214844 -0.0194091796874999 -1.161865234375
-0.00372314453125001 -0.0592079162597656 -1.218505859375 -1.11572265625
0.0172042846679688 -0.054107666015625 -1.3687744140625 0.43994140625
0.0142059326171875 -0.0596084594726563 -0.20916748046875 1.10009765625
0.00835037231445313 -0.0635643005371094 0.4964599609375 0.64544677734375
-0.00972843170166016 -0.00601959228515625 0.55767822265625 -0.107177734375
-0.00733709335327149 0.00576257705688476 0.243377685546875 -0.52703857421875
-0.0505752563476563 -0.00167465209960938 -0.19659423828125 0.479583740234375
0.00477027893066407 -0.0251941680908203 -0.47259521484375 0.037078857421875
0.0267257690429688 -0.0777053833007813 -0.39788818359375 -0.68829345703125
0.0761566162109375 -0.0517730712890625 0.33660888671875 -1.0743408203125
0.0193271636962891 -0.017333984375 1.3314208984375 -0.210205078125
-0.0748672485351563 -0.0551071166992188 1.1142578125 1.192138671875
-0.000133514404296875 -0.0360069274902344 0.0626220703125001 1.1859130859375
0.0349960327148438 -0.0423583984375 0.065643310546875 0.09857177734375
-0.0109901428222656 -0.0309238433837891 0.0240478515625 -1.1644287109375
-0.00392913818359375 -0.0600204467773437 -1.1768798828125 -1.1678466796875
0.0313262939453125 -0.0650367736816406 -1.3973388671875 0.39208984375
0.025360107421875 -0.077789306640625 -0.26251220703125 1.1041259765625
0.0135421752929687 -0.0787506103515625 0.458740234375 0.6688232421875
-0.0138130187988281 -0.0114202499389648 0.541107177734375 -0.09136962890625
-0.0169610977172852 0.00152778625488282 0.241302490234375 -0.5235595703125
-0.056976318359375 -0.00458145141601564 -0.19854736328125 0.486053466796875
0.00060272216796875 -0.0267848968505859 -0.493743896484375 0.051025390625
0.0222091674804688 -0.0843658447265625 -0.439453125 -0.666259765625
0.0797119140625 -0.0597305297851563 0.28009033203125 -1.07965087890625
0.0259590148925781 -0.0240592956542969 1.310791015625 -0.269287109375
-0.0788116455078125 -0.0550308227539063 1.1629638671875 1.1341552734375
-0.00994491577148438 -0.0367393493652344 0.1148681640625 1.1824951171875
0.0275650024414063 -0.0462303161621094 0.0784988403320313 0.112808227539063
-0.0174560546875 -0.0320835113525391 0.0767822265625001 -1.1634521484375
-0.00400543212890625 -0.0595855712890625 -1.1265869140625 -1.2281494140625
0.0394935607910156 -0.0682487487792969 -1.4249267578125 0.3291015625
0.0323486328125 -0.085205078125 -0.32269287109375 1.1058349609375
0.0170440673828125 -0.084381103515625 0.41107177734375 0.69049072265625
-0.0156650543212891 -0.016087532043457 0.522186279296875 -0.077117919921875
-0.0229892730712891 -0.00126266479492188 0.233551025390625 -0.523040771484375
-0.0572662353515625 -0.00904083251953124 -0.198486328125 0.48870849609375
-0.00429534912109375 -0.0279445648193359 -0.50640869140625 0.0654296874999999
0.0139389038085938 -0.0795364379882813 -0.4810791015625 -0.64373779296875
0.0746841430664063 -0.0551223754882813 0.218017578125 -1.08367919921875
0.025146484375 -0.0239887237548828 1.284912109375 -0.329833984375
-0.0807037353515625 -0.0540618896484375 1.218017578125 1.0743408203125
-0.0120887756347656 -0.0354347229003906 0.171630859375 1.1748046875
0.0253868103027344 -0.0417137145996094 0.0937423706054687 0.126876831054688
-0.0180759429931641 -0.0301189422607422 0.1273193359375 -1.1644287109375
-0.0024261474609375 -0.05877685546875 -1.071044921875 -1.289306640625
0.0410842895507813 -0.0638427734375 -1.45361328125 0.265380859375
0.03472900390625 -0.0785903930664062 -0.3873291015625 1.1004638671875
0.0170211791992187 -0.0805511474609375 0.36639404296875 0.7138671875
-0.0177440643310547 -0.0170154571533203 0.502716064453125 -0.0625
-0.0222930908203125 -0.00464630126953125 0.23193359375 -0.518524169921875
-0.0521087646484375 -0.0109214782714844 -0.197021484375 0.493377685546875
-0.0051727294921875 -0.026611328125 -0.518463134765625 0.07672119140625
0.00597381591796876 -0.0653114318847656 -0.51226806640625 -0.62481689453125
0.0642204284667969 -0.0395240783691406 0.16900634765625 -1.08734130859375
0.0177230834960938 -0.0179386138916016 1.262451171875 -0.3773193359375
-0.0815963745117188 -0.0546493530273437 1.2586669921875 1.02001953125
-0.00756072998046875 -0.0312461853027344 0.2181396484375 1.168212890625
0.0282039642333984 -0.0333747863769531 0.107582092285156 0.137245178222656
-0.0115528106689453 -0.02496337890625 0.177490234375 -1.1669921875
-0.00185012817382812 -0.0575103759765625 -1.0194091796875 -1.3453369140625
0.0325546264648438 -0.0552215576171875 -1.47021484375 0.208984375
0.0293731689453125 -0.0617446899414063 -0.4395751953125 1.09600830078125
0.0123138427734375 -0.0654792785644531 0.32366943359375 0.72735595703125
-0.0177650451660156 -0.013671875 0.4873046875 -0.0550537109375
-0.0186214447021484 -0.0059356689453125 0.226104736328125 -0.514923095703125
0.00520038604736328 0.0115060806274414 -0.16741943359375 0.47991943359375
0.0159749984741211 -0.00524711608886719 -0.430755615234375 0.019378662109375
0.00244522094726563 0.0210247039794922 -0.34619140625 -0.7205810546875
-0.003173828125 0.0513458251953125 0.40594482421875 -1.07415771484375
-0.0588340759277344 0.0336799621582031 1.3604736328125 -0.1490478515625
-0.0610923767089844 -0.0516281127929687 1.0882568359375 1.263671875
0.0648269653320313 -0.0110588073730469 0.0281982421874999 1.1920166015625
0.0920867919921875 0.0136184692382813 0.0585403442382813 0.0713119506835938
0.0536003112792969 -0.0107154846191406 -0.044921875 -1.17333984375
-0.00101089477539062 -0.0528640747070313 -1.2490234375 -1.084228515625
-0.0356025695800781 -6.10351562500058E-05 -1.3592529296875 0.48095703125
-0.0265331268310547 0.0304031372070312 -0.17095947265625 1.10565185546875
-0.00878381729125977 0.00742816925048828 0.52734375 0.6207275390625
0.00718879699707031 0.0110034942626953 0.56817626953125 -0.12786865234375
0.0351314544677734 0.0107669830322266 0.239898681640625 -0.52301025390625
-0.0106725692749023 0.0102529525756836 -0.172088623046875 0.4803466796875
0.0165987014770508 -0.010716438293457 -0.434112548828125 0.0195007324218751
0.0129575729370117 -0.00769329071044922 -0.33648681640625 -0.71929931640625
0.0192813873291016 0.0208969116210938 0.42181396484375 -1.0654296875
-0.0395660400390625 0.0196151733398438 1.3590087890625 -0.130615234375
-0.0635833740234375 -0.0524673461914062 1.0638427734375 1.2783203125
0.0496788024902344 -0.017822265625 0.00720214843749992 1.1953125
0.0793075561523438 -0.00290679931640625 0.051483154296875 0.07073974609375
0.0374221801757813 -0.0176582336425781 -0.058837890625 -1.171630859375
-0.00357818603515625 -0.0552711486816406 -1.260009765625 -1.0716552734375
-0.0196571350097656 -0.0188961029052734 -1.3486328125 0.49365234375
-0.0115766525268555 -0.000363349914550779 -0.15692138671875 1.1009521484375
-0.00332164764404297 -0.0173482894897461 0.53790283203125 0.61602783203125
0.00412940979003906 0.00477933883666992 0.5701904296875 -0.13153076171875
0.0207481384277344 0.0108222961425781 0.237396240234375 -0.53167724609375
-0.0238971710205078 0.00716209411621094 -0.1788330078125 0.480682373046875
0.0147342681884766 -0.0155096054077148 -0.44189453125 0.02252197265625
0.0217208862304688 -0.0366783142089844 -0.34771728515625 -0.71234130859375
0.0424346923828125 -0.00872421264648438 0.40704345703125 -1.067626953125
-0.0162458419799805 0.00485801696777344 1.3572998046875 -0.1475830078125
-0.0680618286132812 -0.0523185729980469 1.0743408203125 1.2608642578125
0.0313796997070313 -0.0258522033691406 0.0169677734375001 1.19189453125
0.0627326965332031 -0.0200157165527344 0.0514984130859375 0.0753631591796875
0.0186691284179688 -0.0226516723632813 -0.0579833984375 -1.1673583984375
-0.00440597534179687 -0.0569572448730469 -1.2586669921875 -1.0675048828125
-0.00143814086914062 -0.0393714904785156 -1.352294921875 0.4920654296875
-0.00037384033203125 -0.0326919555664063 -0.16064453125 1.1029052734375
0.001922607421875 -0.0424308776855469 0.5316162109375 0.62274169921875
-0.00258302688598633 -0.000253438949584961 0.566650390625 -0.12823486328125
0.00745391845703125 0.00829458236694336 0.2364501953125 -0.531951904296875
-0.0383186340332031 0.00372695922851563 -0.18280029296875 0.48150634765625
0.0111980438232422 -0.0205898284912109 -0.456390380859375 0.0331420898437501
0.0270957946777344 -0.0628013610839844 -0.3741455078125 -0.69952392578125
0.0632781982421875 -0.0353736877441406 0.37054443359375 -1.07098388671875
0.00417327880859375 -0.00754451751708984 1.346435546875 -0.1849365234375
-0.0728378295898438 -0.0528411865234375 1.097900390625 1.226318359375
0.0139961242675781 -0.0311851501464844 0.04150390625 1.18798828125
0.0475044250488281 -0.0341949462890625 0.056182861328125 0.083892822265625
0.00227165222167969 -0.0269393920898438 -0.0350341796875 -1.1634521484375
-0.00522232055664063 -0.0594940185546875 -1.2366943359375 -1.1031494140625
0.0153770446777344 -0.0548095703125 -1.367431640625 0.462890625
0.0117111206054688 -0.0598793029785156 -0.19573974609375 1.1070556640625
0.00786972045898437 -0.0637130737304687 0.5079345703125 0.64068603515625
-0.00878047943115234 -0.00592756271362305 0.5576171875 -0.115753173828125
-0.0066075325012207 0.00600337982177734 0.234466552734375 -0.53125
-0.0493316650390625 -0.000160217285156243 -0.189422607421875 0.483551025390625
0.0059661865234375 -0.0243320465087891 -0.473876953125 0.0435485839843749
0.0258941650390625 -0.0788192749023438 -0.40972900390625 -0.68280029296875
0.0754241943359375 -0.0535202026367188 0.3243408203125 -1.078857421875
0.01776123046875 -0.0183734893798828 1.3309326171875 -0.2333984375
-0.0770111083984375 -0.0523834228515625 1.1378173828125 1.178955078125
-0.000675201416015624 -0.0359001159667969 0.0794677734375001 1.1854248046875
0.0341300964355469 -0.0432357788085938 0.0666580200195313 0.0974273681640625
-0.0108261108398437 -0.0303001403808594 0.00781249999999991 -1.16455078125
-0.00535964965820312 -0.0599098205566406 -1.1961669921875 -1.1505126953125
0.0290641784667969 -0.0659446716308594 -1.3970947265625 0.409912109375
0.0233230590820312 -0.0788955688476563 -0.2459716796875 1.1129150390625
0.01336669921875 -0.0790557861328125 0.4686279296875 0.66351318359375
-0.0145988464355469 -0.0117044448852539 0.54119873046875 -0.099884033203125
-0.0162115097045898 0.00165653228759765 0.23291015625 -0.5291748046875
-0.055511474609375 -0.00451278686523437 -0.190643310546875 0.488739013671875
0.00151824951171875 -0.0269412994384766 -0.4923095703125 0.0580444335937499
0.0211868286132813 -0.083740234375 -0.45233154296875 -0.66131591796875
0.0778121948242188 -0.062591552734375 0.2635498046875 -1.0841064453125
0.0255813598632813 -0.0238990783691406 1.3099365234375 -0.2899169921875
-0.079833984375 -0.0529708862304688 1.1834716796875 1.122314453125
-0.00945281982421874 -0.0362358093261719 0.1295166015625 1.1806640625
0.0264549255371094 -0.0467872619628906 0.0798797607421875 0.110382080078125
-0.0178470611572266 -0.0310268402099609 0.0583496093750001 -1.1668701171875
-0.00535202026367188 -0.0598373413085938 -1.1483154296875 -1.2169189453125
0.0371437072753906 -0.0700645446777344 -1.4249267578125 0.352783203125
0.03204345703125 -0.0855789184570312 -0.30718994140625 1.1141357421875
0.015960693359375 -0.0849685668945312 0.4232177734375 0.688232421875
-0.017125129699707 -0.0153112411499023 0.522186279296875 -0.08502197265625
-0.0223388671875 -0.00136756896972656 0.2255859375 -0.527252197265625
-0.0557746887207031 -0.00723648071289062 -0.191741943359375 0.49102783203125
-0.00343132019042969 -0.0273036956787109 -0.507415771484375 0.0721435546874999
0.0121994018554687 -0.0801467895507812 -0.49249267578125 -0.63629150390625
0.0735015869140625 -0.057647705078125 0.19970703125 -1.08990478515625
0.0238628387451172 -0.0248661041259766 1.2823486328125 -0.35009765625
-0.082366943359375 -0.0513687133789062 1.234619140625 1.0557861328125
-0.0119895935058594 -0.0354652404785156 0.188720703125 1.17236328125
0.0240135192871094 -0.0425033569335938 0.094573974609375 0.12506103515625
-0.0186729431152344 -0.0283031463623047 0.1107177734375 -1.167724609375
-0.00423049926757813 -0.058563232421875 -1.092529296875 -1.275146484375
0.0387649536132813 -0.0662384033203125 -1.451416015625 0.290283203125
0.0333709716796875 -0.0795135498046875 -0.3692626953125 1.11199951171875
0.0159454345703125 -0.0800628662109375 0.376220703125 0.7109375
-0.0186195373535156 -0.0159111022949219 0.503662109375 -0.071197509765625
-0.0228748321533203 -0.00448799133300781 0.222808837890625 -0.5225830078125
-0.050628662109375 -0.0103759765625 -0.1881103515625 0.49591064453125
-0.00539398193359375 -0.0254249572753906 -0.519012451171875 0.0824279785156249
0.00445175170898438 -0.0649299621582031 -0.524658203125 -0.61932373046875
0.0639114379882813 -0.0406951904296875 0.15155029296875 -1.0902099609375
0.0161895751953125 -0.0181064605712891 1.2618408203125 -0.3963623046875
-0.0836029052734375 -0.0506134033203125 1.2774658203125 1.0035400390625
-0.00775718688964843 -0.0308494567871094 0.2344970703125 1.1656494140625
0.0276756286621094 -0.0336933135986328 0.108230590820313 0.135765075683594
-0.0113773345947266 -0.0246372222900391 0.1639404296875 -1.1717529296875
-0.00260543823242187 -0.0578422546386719 -1.039794921875 -1.3310546875
0.0314788818359375 -0.0569877624511719 -1.4747314453125 0.234130859375
0.0281791687011719 -0.0629196166992188 -0.423583984375 1.10552978515625
0.0112648010253906 -0.0663719177246094 0.3359375 0.725830078125
-0.0170583724975586 -0.0146760940551758 0.487091064453125 -0.063018798828125
-0.0185966491699219 -0.00569915771484375 0.219085693359375 -0.51934814453125
0.00775909423828125 0.0116968154907227 -0.159515380859375 0.482574462890625
0.0171079635620117 -0.00414276123046875 -0.432464599609375 0.0265502929687501
0.00386619567871094 0.0200462341308594 -0.36053466796875 -0.7138671875
-0.00220870971679687 0.0506935119628906 0.388671875 -1.079833984375
-0.0584449768066406 0.0339813232421875 1.3577880859375 -0.171142578125
-0.0623435974121094 -0.0503120422363281 1.1104736328125 1.24560546875
0.0640525817871094 -0.0122261047363281 0.0467529296875 1.188232421875
0.0925064086914063 0.0116043090820313 0.0585174560546875 0.0697669982910156
0.0543060302734375 -0.0121040344238281 -0.0617675781249999 -1.173095703125
-0.00208663940429688 -0.0537490844726563 -1.26806640625 -1.064453125
-0.0370254516601563 -0.000114440917968748 -1.3536376953125 0.5048828125
-0.0250434875488281 0.0315837860107422 -0.1534423828125 1.11285400390625
-0.00806713104248047 0.00757932662963867 0.537841796875 0.61431884765625
0.00752449035644531 0.0116004943847656 0.56549072265625 -0.13671875
0.0361671447753906 0.0100822448730469 0.232330322265625 -0.527008056640625
-0.00830554962158203 0.0112180709838867 -0.16436767578125 0.481689453125
0.0177040100097656 -0.0107002258300781 -0.434906005859375 0.02587890625
0.0127439498901367 -0.00805282592773438 -0.34918212890625 -0.71490478515625
0.0196304321289063 0.0204868316650391 0.40460205078125 -1.07293701171875
-0.038238525390625 0.0191993713378906 1.3564453125 -0.1533203125
-0.0642471313476562 -0.0498085021972656 1.0823974609375 1.262451171875
0.0503616333007813 -0.01873779296875 0.0264892578125001 1.1937255859375
0.0795974731445312 -0.00440216064453125 0.0525054931640625 0.070892333984375
0.03729248046875 -0.0169868469238281 -0.0772705078125001 -1.1683349609375
-0.00400924682617188 -0.0564460754394531 -1.2762451171875 -1.0504150390625
-0.0211429595947266 -0.0194339752197266 -1.3448486328125 0.5184326171875
-0.0129156112670898 -9.25064086914067E-05 -0.1402587890625 1.1083984375
-0.00339412689208984 -0.0158329010009766 0.54833984375 0.6070556640625
0.00409555435180664 0.00521755218505859 0.5675048828125 -0.14080810546875
0.0216388702392578 0.0102195739746094 0.22607421875 -0.535919189453125
-0.0223388671875 0.0080413818359375 -0.169189453125 0.482025146484375
0.0164003372192383 -0.0157089233398438 -0.443115234375 0.029571533203125
0.02056884765625 -0.0378074645996094 -0.36090087890625 -0.7064208984375
0.0422821044921875 -0.010345458984375 0.38836669921875 -1.07257080078125
-0.0169515609741211 0.00581836700439453 1.35400390625 -0.1688232421875
-0.0682258605957031 -0.0492897033691406 1.0924072265625 1.247314453125
0.031982421875 -0.0272674560546875 0.0343017578125001 1.18798828125
0.0624504089355469 -0.0214042663574219 0.0519027709960938 0.0739212036132813
0.0191822052001953 -0.022491455078125 -0.0749511718750001 -1.1641845703125
-0.00628662109375 -0.0579948425292969 -1.273681640625 -1.046875
-0.00320816040039063 -0.0395965576171875 -1.343994140625 0.51513671875
-0.00102424621582031 -0.0321273803710938 -0.1429443359375 1.1090087890625
0.0015716552734375 -0.0413475036621094 0.54058837890625 0.6134033203125
-0.00263190269470215 -5.91278076171876E-05 0.56536865234375 -0.13665771484375
0.00851535797119141 0.0078272819519043 0.225799560546875 -0.535614013671875
-0.03704833984375 0.00467681884765625 -0.1751708984375 0.483367919921875
0.0117988586425781 -0.0199680328369141 -0.45697021484375 0.0396423339843749
0.0256919860839844 -0.0628852844238281 -0.38677978515625 -0.693603515625
0.0612716674804687 -0.0369300842285156 0.35223388671875 -1.07586669921875
0.00307989120483398 -0.00757646560668945 1.345458984375 -0.205810546875
-0.07281494140625 -0.0499038696289062 1.1170654296875 1.2105712890625
0.0144615173339844 -0.0320053100585938 0.0595703125 1.1881103515625
0.0466079711914063 -0.0342559814453125 0.0572128295898438 0.0834121704101563
0.00232696533203125 -0.02630615234375 -0.0545654296875 -1.162841796875
-0.00630569458007813 -0.0602493286132813 -1.25439453125 -1.0797119140625
0.0136146545410156 -0.0560493469238281 -1.3621826171875 0.4842529296875
0.0108108520507813 -0.0602684020996094 -0.17694091796875 1.11187744140625
0.00629043579101563 -0.0633087158203125 0.517578125 0.633544921875
-0.00872087478637695 -0.0056910514831543 0.555999755859375 -0.125579833984375
-0.00525999069213867 0.00516653060913086 0.225372314453125 -0.535247802734375
-0.0471382141113281 0.00125503540039062 -0.180572509765625 0.4847412109375
0.0059661865234375 -0.0243663787841797 -0.474365234375 0.0514221191406251
0.0245437622070313 -0.0794219970703125 -0.422119140625 -0.67694091796875
0.07476806640625 -0.0550613403320313 0.30560302734375 -1.0843505859375
0.0171871185302734 -0.0179824829101563 1.327880859375 -0.2525634765625
-0.077911376953125 -0.0502166748046875 1.1568603515625 1.161865234375
-0.000301361083984371 -0.0359306335449219 0.095703125 1.1805419921875
0.0337257385253906 -0.0442085266113281 0.06744384765625 0.0959091186523438
-0.00996017456054688 -0.0298347473144531 -0.010498046875 -1.16455078125
-0.00622177124023438 -0.0596351623535156 -1.21484375 -1.13232421875
0.0275497436523437 -0.0676040649414063 -1.390625 0.43798828125
0.0219802856445313 -0.0796966552734375 -0.22808837890625 1.1187744140625
0.0119171142578125 -0.0781402587890625 0.4808349609375 0.65887451171875
-0.0133876800537109 -0.011815071105957 0.54052734375 -0.1092529296875
-0.0154781341552734 0.00145244598388672 0.223114013671875 -0.53338623046875
-0.053070068359375 -0.00231933593749999 -0.182830810546875 0.49151611328125
0.00209808349609375 -0.0271892547607422 -0.491790771484375 0.0638427734375001
0.0186614990234375 -0.0846786499023438 -0.4638671875 -0.654052734375
0.0775527954101563 -0.0640106201171875 0.2457275390625 -1.08837890625
0.0236930847167969 -0.0250492095947266 1.3043212890625 -0.3101806640625
-0.0813140869140625 -0.049896240234375 1.2039794921875 1.1043701171875
-0.00931549072265625 -0.0367050170898438 0.1490478515625 1.1766357421875
0.0256614685058594 -0.0469779968261719 0.0804595947265625 0.109580993652344
-0.0168952941894531 -0.0295791625976562 0.0396728515625001 -1.1663818359375
-0.00712203979492188 -0.0600128173828125 -1.1689453125 -1.1964111328125
0.0357589721679688 -0.0716018676757813 -1.4217529296875 0.378662109375
0.0293121337890625 -0.0868988037109375 -0.2886962890625 1.12042236328125
0.0140838623046875 -0.0844955444335938 0.43359375 0.68304443359375
-0.0158977508544922 -0.01568603515625 0.5213623046875 -0.0931396484375
-0.0215568542480469 -0.00155067443847656 0.21630859375 -0.532379150390625
-0.0532150268554688 -0.00633239746093749 -0.181854248046875 0.494171142578125
-0.00276947021484375 -0.0268344879150391 -0.5078125 0.08160400390625
0.0106735229492188 -0.0804977416992188 -0.5050048828125 -0.630615234375
0.0731430053710938 -0.059661865234375 0.1817626953125 -1.09185791015625
0.0227088928222656 -0.0249519348144531 1.276611328125 -0.3681640625
-0.083526611328125 -0.0492095947265625 1.2515869140625 1.0384521484375
-0.0128993988037109 -0.0347061157226563 0.205078125 1.1673583984375
0.0228614807128906 -0.0438919067382813 0.0952224731445312 0.123420715332031
-0.0186042785644531 -0.0284347534179688 0.0914306640625001 -1.1693115234375
-0.005523681640625 -0.0585479736328125 -1.1136474609375 -1.258544921875
0.0368003845214844 -0.0678901672363281 -1.4498291015625 0.3131103515625
0.0315704345703125 -0.0808868408203125 -0.35113525390625 1.12060546875
0.0145263671875 -0.0806198120117188 0.38726806640625 0.707763671875
-0.017974853515625 -0.0158634185791016 0.502716064453125 -0.07928466796875
-0.0226211547851562 -0.00478935241699219 0.21563720703125 -0.52679443359375
-0.04925537109375 -0.00937271118164062 -0.1798095703125 0.498443603515625
-0.00358963012695313 -0.0259323120117188 -0.51904296875 0.0921630859375
0.00305557250976563 -0.0638008117675781 -0.53533935546875 -0.61004638671875
0.0626182556152344 -0.0428810119628906 0.1339111328125 -1.0927734375
0.0145092010498047 -0.0178184509277344 1.2562255859375 -0.4150390625
-0.0840072631835938 -0.0490646362304687 1.293701171875 0.9854736328125
-0.0079803466796875 -0.0296268463134766 0.251708984375 1.159423828125
0.0272045135498047 -0.0345592498779297 0.110580444335938 0.133842468261719
-0.0109748840332031 -0.0238971710205078 0.14599609375 -1.1727294921875
-0.00334548950195312 -0.0583152770996094 -1.062255859375 -1.3182373046875
0.0292396545410156 -0.0592689514160156 -1.472900390625 0.2552490234375
0.0262680053710938 -0.0631752014160156 -0.40618896484375 1.1173095703125
0.0105514526367187 -0.0657081604003906 0.34832763671875 0.722412109375
-0.0165205001831055 -0.0144481658935547 0.485260009765625 -0.070404052734375
-0.0180263519287109 -0.00595855712890625 0.2081298828125 -0.524658203125
0.00964450836181641 0.0118427276611328 -0.151214599609375 0.483245849609375
0.0177974700927734 -0.00392341613769531 -0.43206787109375 0.032562255859375
0.00392913818359375 0.0207252502441406 -0.37103271484375 -0.70733642578125
-0.00210189819335938 0.0493240356445313 0.3704833984375 -1.08184814453125
-0.0587615966796875 0.0355453491210938 1.3504638671875 -0.190673828125
-0.0628623962402344 -0.04736328125 1.130126953125 1.224609375
0.0660285949707031 -0.0132408142089844 0.062255859375 1.1846923828125
0.0931015014648438 0.0103302001953125 0.0588607788085938 0.0690727233886719
0.0551414489746094 -0.0124778747558594 -0.0802001953125001 -1.168701171875
-0.00270843505859374 -0.0529937744140625 -1.284912109375 -1.042724609375
-0.0380706787109375 -0.000839233398437506 -1.343505859375 0.52685546875
-0.0246543884277344 0.0308876037597656 -0.13616943359375 1.1131591796875
-0.00845766067504883 0.00847196578979492 0.5455322265625 0.60455322265625
0.00895118713378906 0.0118207931518555 0.5623779296875 -0.14630126953125
0.0364799499511719 0.0081634521484375 0.22344970703125 -0.528564453125
-0.00550174713134765 0.0114221572875977 -0.15545654296875 0.48284912109375
0.018280029296875 -0.00954055786132813 -0.433135986328125 0.033203125
0.0128412246704102 -0.00789356231689453 -0.36114501953125 -0.707275390625
0.0195484161376953 0.018829345703125 0.3868408203125 -1.07464599609375
-0.0392570495605469 0.0196609497070312 1.3536376953125 -0.17236328125
-0.0651702880859375 -0.0478591918945313 1.1046142578125 1.2437744140625
0.0506553649902344 -0.0194778442382813 0.041259765625 1.1868896484375
0.07879638671875 -0.005279541015625 0.0520133972167969 0.06866455078125
0.0384292602539063 -0.0176620483398438 -0.0960693359375001 -1.1640625
-0.00492858886718751 -0.0549201965332031 -1.2930908203125 -1.0299072265625
-0.0215339660644531 -0.0200576782226563 -1.3331298828125 0.53955078125
-0.0134382247924805 -0.00066852569580078 -0.12127685546875 1.10906982421875
-0.00347614288330078 -0.0160036087036133 0.55694580078125 0.599365234375
0.00381040573120117 0.00451755523681641 0.5638427734375 -0.149658203125
0.0228080749511719 0.00936698913574219 0.2169189453125 -0.53839111328125
-0.0197486877441406 0.00874519348144531 -0.161224365234375 0.48297119140625
0.0165185928344727 -0.0151023864746094 -0.4429931640625 0.0364074707031249
0.0203857421875 -0.0373916625976563 -0.37359619140625 -0.699951171875
0.0414352416992188 -0.0113601684570313 0.3709716796875 -1.076904296875
-0.0172262191772461 0.00609111785888672 1.349365234375 -0.188232421875
-0.06915283203125 -0.0483016967773437 1.1103515625 1.2244873046875
0.0320320129394531 -0.0270233154296875 0.050537109375 1.1842041015625
0.0617332458496094 -0.0223770141601563 0.0527267456054688 0.0729751586914063
0.0202560424804688 -0.0224857330322266 -0.0930175781249999 -1.1593017578125
-0.00724411010742187 -0.0578956604003906 -1.2891845703125 -1.02783203125
-0.00440597534179688 -0.0398979187011719 -1.333251953125 0.5355224609375
-0.00128555297851562 -0.032470703125 -0.125 1.1114501953125
0.001434326171875 -0.0418319702148438 0.550537109375 0.60601806640625
-0.00284290313720703 1.90734863281291E-06 0.561187744140625 -0.145294189453125
0.00843620300292969 0.00790309906005859 0.21881103515625 -0.53863525390625
-0.0345115661621094 0.00509452819824218 -0.163543701171875 0.484375
0.0126075744628906 -0.0206279754638672 -0.455230712890625 0.04632568359375
0.0233535766601563 -0.0626487731933594 -0.39862060546875 -0.68511962890625
0.0612945556640625 -0.0383453369140625 0.3343505859375 -1.07965087890625
0.00202751159667969 -0.0080265998840332 1.3394775390625 -0.2254638671875
-0.073760986328125 -0.0475234985351562 1.134521484375 1.190673828125
0.0145206451416016 -0.0319061279296875 0.0731201171874999 1.180908203125
0.045318603515625 -0.034881591796875 0.0576705932617188 0.0821151733398438
0.00338554382324219 -0.0265960693359375 -0.070068359375 -1.1580810546875
-0.00844573974609374 -0.0585670471191406 -1.2669677734375 -1.06005859375
0.0118675231933594 -0.0573234558105469 -1.35009765625 0.507568359375
0.00959014892578125 -0.0608749389648438 -0.15960693359375 1.11474609375
0.00601959228515625 -0.0631752014160156 0.52508544921875 0.6259765625
-0.00835943222045898 -0.00627851486206055 0.55218505859375 -0.133544921875
-0.00456953048706055 0.0048680305480957 0.215484619140625 -0.53887939453125
-0.0452766418457031 0.0012664794921875 -0.17230224609375 0.487335205078125
0.00737571716308594 -0.0243587493896484 -0.473541259765625 0.0578613281250001
0.02178955078125 -0.079559326171875 -0.433349609375 -0.66790771484375
0.0735931396484375 -0.05718994140625 0.28668212890625 -1.08685302734375
0.0162677764892578 -0.0178890228271484 1.3204345703125 -0.27294921875
-0.07861328125 -0.0474624633789062 1.1732177734375 1.1396484375
-0.000160217285156247 -0.0356292724609375 0.1109619140625 1.17724609375
0.0329322814941406 -0.0444793701171875 0.0674362182617188 0.0944061279296875
-0.0101642608642578 -0.0287857055664063 -0.027099609375 -1.161865234375
-0.00857925415039063 -0.0593070983886719 -1.2305908203125 -1.1121826171875
0.0249977111816406 -0.0683174133300781 -1.3800048828125 0.4581298828125
0.0205078125 -0.0794601440429688 -0.2100830078125 1.1251220703125
0.010345458984375 -0.0777359008789062 0.48944091796875 0.65118408203125
-0.0133028030395508 -0.0108833312988281 0.5382080078125 -0.11798095703125
-0.015110969543457 0.00125789642333984 0.21392822265625 -0.5382080078125
-0.0517463684082031 -0.00226974487304688 -0.172332763671875 0.491729736328125
0.00255775451660156 -0.0265636444091797 -0.492034912109375 0.0734558105468751
0.0179367065429688 -0.084381103515625 -0.47430419921875 -0.64434814453125
0.0759506225585937 -0.0664749145507813 0.22845458984375 -1.0875244140625
0.0231914520263672 -0.0247535705566406 1.29931640625 -0.3275146484375
-0.0821075439453125 -0.0462417602539062 1.2191162109375 1.082763671875
-0.00968170166015625 -0.0354499816894531 0.163330078125 1.1708984375
0.0246543884277344 -0.0476913452148438 0.0816650390625 0.107521057128906
-0.0178356170654297 -0.0296974182128906 0.0235595703125 -1.164794921875
-0.00841140747070313 -0.0603103637695313 -1.184326171875 -1.1771240234375
0.0330047607421875 -0.0724868774414062 -1.413330078125 0.4002685546875
0.0278854370117187 -0.0874252319335938 -0.270263671875 1.127685546875
0.0133056640625 -0.084869384765625 0.44573974609375 0.67645263671875
-0.0167140960693359 -0.0154991149902344 0.519775390625 -0.102020263671875
-0.02178955078125 -0.00156593322753906 0.206329345703125 -0.53607177734375
-0.0511665344238281 -0.00564956665039063 -0.17303466796875 0.49493408203125
-0.00193405151367187 -0.0265846252441406 -0.5062255859375 0.088104248046875
0.0086517333984375 -0.0788803100585938 -0.51483154296875 -0.61920166015625
0.0706405639648438 -0.0620346069335938 0.1649169921875 -1.09075927734375
0.0220680236816406 -0.0253334045410156 1.2694091796875 -0.3868408203125
-0.0840988159179688 -0.0463943481445312 1.2681884765625 1.0155029296875
-0.0127925872802734 -0.0341835021972656 0.2205810546875 1.1591796875
0.0222854614257813 -0.0438308715820312 0.0972976684570313 0.122528076171875
-0.01806640625 -0.0279674530029297 0.076416015625 -1.1690673828125
-0.00740432739257812 -0.0592422485351563 -1.133056640625 -1.238525390625
0.0344352722167969 -0.0691032409667969 -1.4437255859375 0.33837890625
0.030303955078125 -0.0813674926757813 -0.3331298828125 1.127685546875
0.0137557983398438 -0.0804672241210938 0.3983154296875 0.70098876953125
-0.0178546905517578 -0.0155200958251953 0.500152587890625 -0.089019775390625
-0.0219383239746094 -0.00441741943359375 0.204620361328125 -0.530364990234375
-0.0470848083496094 -0.00908279418945312 -0.16961669921875 0.500518798828125
-0.00369453430175782 -0.0250968933105469 -0.516265869140625 0.100555419921875
0.001983642578125 -0.0643348693847656 -0.54595947265625 -0.59967041015625
0.0613174438476562 -0.0446090698242187 0.1160888671875 -1.093505859375
0.0139732360839844 -0.0172576904296875 1.2470703125 -0.4346923828125
-0.0859603881835938 -0.04461669921875 1.308837890625 0.962646484375
-0.0076904296875 -0.0301647186279297 0.267578125 1.150634765625
0.0259304046630859 -0.0337924957275391 0.111480712890625 0.131088256835938
-0.011016845703125 -0.02349853515625 0.1268310546875 -1.169677734375
-0.00496673583984374 -0.0579795837402344 -1.0819091796875 -1.2965087890625
0.0280876159667969 -0.059539794921875 -1.4676513671875 0.28173828125
0.0249824523925781 -0.0638084411621094 -0.38861083984375 1.12249755859375
0.00946044921875 -0.0656547546386719 0.35809326171875 0.717529296875
-0.0168190002441406 -0.0137948989868164 0.483917236328125 -0.07806396484375
-0.0167837142944336 -0.00633621215820312 0.19989013671875 -0.526763916015625
0.0115270614624023 0.0112133026123047 -0.1407470703125 0.48291015625
0.0190467834472656 -0.00281906127929688 -0.431243896484375 0.038909912109375
0.00395011901855469 0.0207958221435547 -0.38165283203125 -0.6978759765625
-0.00181961059570312 0.0493736267089844 0.353271484375 -1.08245849609375
-0.0580787658691406 0.0361824035644531 1.344970703125 -0.2100830078125
-0.0632286071777344 -0.0450363159179688 1.1419677734375 1.2034912109375
0.0654754638671875 -0.0141372680664063 0.0783691406250001 1.1768798828125
0.0926895141601563 0.0084075927734375 0.0580863952636719 0.0676918029785156
0.0548820495605469 -0.0132827758789063 -0.0968017578124999 -1.1605224609375
-0.00318145751953125 -0.0536956787109375 -1.2933349609375 -1.0159912109375
-0.0379829406738281 -0.00140762329101563 -1.3302001953125 0.5472412109375
-0.0242900848388672 0.0314445495605469 -0.11859130859375 1.11346435546875
-0.0087432861328125 0.00894737243652344 0.55419921875 0.59552001953125
0.00886249542236328 0.0119171142578125 0.55743408203125 -0.153961181640625
0.0368423461914063 0.00826644897460938 0.213775634765625 -0.531280517578125
-0.00384044647216797 0.0109424591064453 -0.146575927734375 0.481689453125
0.0191402435302734 -0.00979042053222656 -0.432342529296875 0.038848876953125
0.012603759765625 -0.00787067413330078 -0.3720703125 -0.698486328125
0.0192127227783203 0.0178928375244141 0.36932373046875 -1.0765380859375
-0.0384750366210938 0.0210723876953125 1.3466796875 -0.191650390625
-0.0652313232421875 -0.0455474853515625 1.118408203125 1.22412109375
0.0511894226074219 -0.0200119018554688 0.0579833984374999 1.1806640625
0.0788040161132813 -0.0074615478515625 0.051910400390625 0.0675544738769531
0.0383872985839844 -0.0179786682128906 -0.111083984375 -1.158935546875
-0.00603866577148438 -0.0547409057617188 -1.306884765625 -1.009033203125
-0.0227527618408203 -0.0202465057373047 -1.3209228515625 0.55908203125
-0.0129470825195312 -0.00100803375244141 -0.10491943359375 1.1090087890625
-0.00378799438476562 -0.0151252746582031 0.564453125 0.58990478515625
0.00327205657958984 0.00431251525878906 0.55975341796875 -0.158416748046875
0.0233039855957031 0.00925445556640625 0.20831298828125 -0.540069580078125
-0.0171632766723633 0.00905132293701172 -0.1505126953125 0.483001708984375
0.0172300338745117 -0.0147743225097656 -0.44110107421875 0.0433349609375001
0.0190620422363281 -0.0381393432617188 -0.3822021484375 -0.69049072265625
0.0412788391113281 -0.0127143859863281 0.353271484375 -1.0771484375
-0.0180454254150391 0.0065765380859375 1.341552734375 -0.2066650390625
-0.0698432922363281 -0.0452003479003906 1.128173828125 1.203125
0.0328769683837891 -0.0267848968505859 0.0642089843749999 1.1759033203125
0.0611610412597656 -0.0223045349121094 0.051116943359375 0.0718536376953125
0.0200843811035156 -0.0234737396240234 -0.10791015625 -1.1531982421875
-0.0084075927734375 -0.0576171875 -1.3017578125 -1.004150390625
-0.0059356689453125 -0.0405540466308594 -1.3238525390625 0.5548095703125
-0.0025177001953125 -0.0324249267578125 -0.10723876953125 1.11090087890625
0.00119781494140625 -0.0407943725585938 0.55914306640625 0.59619140625
-0.00261783599853516 -0.000424385070800782 0.557464599609375 -0.15472412109375
0.00919342041015625 0.00688457489013672 0.207305908203125 -0.54095458984375
-0.0322380065917969 0.005218505859375 -0.1563720703125 0.484405517578125
0.0136203765869141 -0.0201454162597656 -0.4542236328125 0.05255126953125
0.0228843688964844 -0.0626373291015625 -0.40850830078125 -0.67547607421875
0.0590705871582031 -0.0399246215820313 0.31707763671875 -1.0797119140625
0.00159549713134766 -0.00783681869506836 1.3299560546875 -0.2425537109375
-0.0737838745117188 -0.044281005859375 1.150390625 1.1700439453125
0.0142993927001953 -0.0324077606201172 0.090576171875 1.17236328125
0.0446701049804688 -0.0354576110839844 0.0572509765625 0.0811920166015625
0.00333786010742188 -0.0255622863769531 -0.0871582031249999 -1.15234375
-0.00949859619140624 -0.0584259033203125 -1.27978515625 -1.0372314453125
0.00970840454101562 -0.0585823059082031 -1.339111328125 0.52587890625
0.00871658325195312 -0.0612754821777344 -0.1434326171875 1.11749267578125
0.00437164306640624 -0.0630722045898438 0.53350830078125 0.6153564453125
-0.00885868072509766 -0.00583362579345703 0.548065185546875 -0.142974853515625
-0.0042572021484375 0.00532770156860351 0.205413818359375 -0.53948974609375
-0.0426902770996094 0.00211334228515625 -0.162261962890625 0.4859619140625
0.00857353210449219 -0.0237407684326172 -0.472625732421875 0.06494140625
0.0209121704101563 -0.0791473388671875 -0.4443359375 -0.65789794921875
0.0708389282226563 -0.0591354370117187 0.26904296875 -1.0849609375
0.0154190063476563 -0.0183868408203125 1.312744140625 -0.28857421875
-0.0787200927734375 -0.0439071655273437 1.185791015625 1.118408203125
-0.0001068115234375 -0.0356216430664063 0.12890625 1.16845703125
0.0318603515625 -0.0439033508300781 0.0676651000976563 0.0930557250976563
-0.00874137878417969 -0.0289688110351563 -0.0426025390625 -1.1563720703125
-0.0101203918457031 -0.0597305297851562 -1.2430419921875 -1.08935546875
0.0233650207519531 -0.0686149597167969 -1.371826171875 0.4793701171875
0.0185470581054688 -0.0806045532226563 -0.19232177734375 1.1231689453125
0.00891876220703124 -0.0781402587890625 0.49786376953125 0.64239501953125
-0.013763427734375 -0.0103321075439453 0.534454345703125 -0.12445068359375
-0.0147724151611328 0.00191307067871094 0.20367431640625 -0.538055419921875
-0.0497703552246094 -0.000885009765625001 -0.16448974609375 0.49114990234375
0.00338363647460937 -0.0262966156005859 -0.4903564453125 0.0791015625
0.015533447265625 -0.0854263305664063 -0.48382568359375 -0.63348388671875
0.0740966796875 -0.0678863525390625 0.20953369140625 -1.08935546875
0.0213260650634766 -0.0254020690917969 1.2900390625 -0.3455810546875
-0.0813674926757813 -0.04364013671875 1.2305908203125 1.062255859375
-0.0086822509765625 -0.0364570617675781 0.181884765625 1.159912109375
0.0236015319824219 -0.0476455688476562 0.0812759399414063 0.105201721191406
-0.0167102813720703 -0.0282764434814453 0.00732421874999994 -1.1607666015625
-0.00951385498046875 -0.0587730407714844 -1.19775390625 -1.15478515625
0.0305252075195312 -0.0735244750976563 -1.4027099609375 0.4224853515625
0.0264816284179687 -0.087982177734375 -0.253173828125 1.127685546875
0.0120010375976562 -0.083984375 0.45257568359375 0.66815185546875
-0.0167913436889648 -0.0141849517822266 0.5150146484375 -0.109130859375
-0.0209884643554688 -0.00101661682128906 0.196014404296875 -0.53656005859375
-0.049560546875 -0.00490188598632811 -0.1639404296875 0.494354248046875
-0.0007781982421875 -0.0265178680419922 -0.50274658203125 0.0944824218749999
0.00795745849609375 -0.0794296264648438 -0.52313232421875 -0.6097412109375
0.0687828063964844 -0.0629310607910156 0.1466064453125 -1.0870361328125
0.0204639434814453 -0.0253887176513672 1.25830078125 -0.40478515625
-0.0842132568359375 -0.0432891845703125 1.278076171875 0.9942626953125
-0.0116310119628906 -0.0345726013183594 0.236572265625 1.1502685546875
0.02001953125 -0.0442428588867188 0.0979690551757812 0.119453430175781
-0.0184040069580078 -0.0268039703369141 0.0609130859374999 -1.16455078125
-0.00868606567382812 -0.0587654113769531 -1.1463623046875 -1.217041015625
0.032470703125 -0.0696792602539062 -1.431640625 0.3616943359375
0.0289230346679688 -0.0818710327148437 -0.3140869140625 1.129150390625
0.0119476318359375 -0.0794677734375 0.4080810546875 0.693115234375
-0.0183925628662109 -0.0150108337402344 0.49627685546875 -0.095123291015625
-0.0214061737060547 -0.00442695617675781 0.194305419921875 -0.532318115234375
-0.0448875427246094 -0.00753021240234376 -0.160675048828125 0.499420166015625
-0.00321578979492188 -0.0249271392822266 -0.51458740234375 0.1068115234375
0.000503540039062498 -0.0637054443359375 -0.55474853515625 -0.58831787109375
0.0609321594238281 -0.0461006164550781 0.0969848632812501 -1.0877685546875
0.0131416320800781 -0.017303466796875 1.2364501953125 -0.4500732421875
-0.0859756469726563 -0.0418472290039062 1.316650390625 0.9384765625
-0.00722312927246094 -0.0294857025146484 0.281494140625 1.138671875
0.0253143310546875 -0.035247802734375 0.111343383789063 0.129852294921875
-0.0110225677490234 -0.022552490234375 0.110107421875 -1.169677734375
-0.00672149658203125 -0.0576667785644531 -1.09521484375 -1.275146484375
0.0250015258789062 -0.0612449645996094 -1.4554443359375 0.301025390625
0.0250778198242188 -0.06524658203125 -0.3682861328125 1.1263427734375
0.00831222534179688 -0.0657920837402344 0.36749267578125 0.708984375
-0.017399787902832 -0.013427734375 0.4808349609375 -0.084320068359375
-0.0169868469238281 -0.00619792938232422 0.18829345703125 -0.52935791015625
0.0138883590698242 0.0109853744506836 -0.134063720703125 0.479522705078125
0.0202083587646484 -0.00257301330566406 -0.428985595703125 0.044769287109375
0.00315284729003906 0.0207366943359375 -0.389404296875 -0.68743896484375
-0.00079727172851563 0.0483055114746094 0.333251953125 -1.0797119140625
-0.0572395324707031 0.0367088317871094 1.3349609375 -0.224853515625
-0.0627098083496094 -0.043212890625 1.1534423828125 1.18115234375
0.0661811828613281 -0.0152626037597656 0.0926513671874999 1.16455078125
0.0920639038085938 0.006805419921875 0.0577468872070313 0.06585693359375
0.0558853149414062 -0.0136451721191406 -0.112060546875 -1.1522216796875
-0.0054931640625 -0.053436279296875 -1.30078125 -0.9945068359375
-0.0390052795410156 -0.00164413452148438 -1.315185546875 0.563232421875
-0.0243930816650391 0.0316486358642578 -0.10198974609375 1.1103515625
-0.00786590576171875 0.00925636291503906 0.5582275390625 0.5843505859375
0.00930213928222656 0.0123634338378906 0.551422119140625 -0.161834716796875
0.0375251770019531 0.00709915161132813 0.204559326171875 -0.531829833984375
-0.00148868560791016 0.0110988616943359 -0.136993408203125 0.48126220703125
0.0201549530029297 -0.00914955139160156 -0.43096923828125 0.04510498046875
0.0115070343017578 -0.00836944580078125 -0.3818359375 -0.68756103515625
0.0186328887939453 0.0173377990722656 0.3521728515625 -1.0731201171875
-0.038787841796875 0.022125244140625 1.3369140625 -0.2080078125
-0.0649528503417969 -0.0435371398925781 1.1298828125 1.1993408203125
0.0510101318359375 -0.0214424133300781 0.072509765625 1.1712646484375
0.0773162841796875 -0.008270263671875 0.0520286560058594 0.065948486328125
0.0387191772460938 -0.0182304382324219 -0.1265869140625 -1.14990234375
-0.00837707519531251 -0.0550460815429688 -1.3106689453125 -0.980712890625
-0.0244960784912109 -0.0206031799316406 -1.30712890625 0.5755615234375
-0.0135650634765625 -0.00105571746826172 -0.086669921875 1.1046142578125
-0.00444602966308594 -0.0151348114013672 0.56732177734375 0.5797119140625
0.00393533706665039 0.00472736358642578 0.5550537109375 -0.16534423828125
0.0232295989990234 0.00788688659667969 0.198760986328125 -0.538330078125
-0.0151882171630859 0.00915241241455078 -0.143463134765625 0.481689453125
0.0177459716796875 -0.0143470764160156 -0.4381103515625 0.048614501953125
0.0184745788574219 -0.0381126403808594 -0.39141845703125 -0.6817626953125
0.0401115417480469 -0.0139389038085938 0.335205078125 -1.0731201171875
-0.0182418823242188 0.00703048706054688 1.332275390625 -0.2239990234375
-0.0697135925292969 -0.0416259765625 1.138671875 1.182373046875
0.0328502655029297 -0.0273914337158203 0.0791015625 1.16650390625
0.0605316162109375 -0.0241241455078125 0.0512008666992188 0.0703964233398438
0.0207614898681641 -0.0223979949951172 -0.1239013671875 -1.142822265625
-0.00963973999023438 -0.0564804077148438 -1.3067626953125 -0.9783935546875
-0.00783920288085937 -0.0405044555664063 -1.308837890625 0.5723876953125
-0.00347709655761719 -0.0330486297607422 -0.0913085937500001 1.10772705078125
-0.000701904296874998 -0.0407257080078125 0.561767578125 0.5869140625
-0.0024254322052002 0.00135946273803711 0.553314208984375 -0.161468505859375
0.00931835174560547 0.00724506378173828 0.198516845703125 -0.539947509765625
-0.0299148559570313 0.00665283203125 -0.147857666015625 0.48297119140625
0.0135135650634766 -0.0198593139648438 -0.45196533203125 0.05828857421875
0.0210914611816406 -0.0627899169921875 -0.41656494140625 -0.6654052734375
0.05810546875 -0.040985107421875 0.29986572265625 -1.0767822265625
0.000408172607421875 -0.00681352615356445 1.3212890625 -0.259521484375
-0.0734481811523437 -0.0425033569335938 1.162841796875 1.145751953125
0.0149765014648438 -0.0320034027099609 0.1041259765625 1.16357421875
0.0437850952148437 -0.0356369018554687 0.056488037109375 0.0795974731445313
0.0037994384765625 -0.0260715484619141 -0.09912109375 -1.1419677734375
-0.0112762451171875 -0.0590324401855469 -1.2869873046875 -1.0130615234375
0.00813674926757813 -0.0579414367675781 -1.325439453125 0.5423583984375
0.00731658935546875 -0.0604934692382813 -0.12640380859375 1.11370849609375
0.00325775146484375 -0.06219482421875 0.5389404296875 0.60552978515625
-0.00807905197143555 -0.0057063102722168 0.54351806640625 -0.15045166015625
-0.00400638580322266 0.00484418869018555 0.1962890625 -0.539947509765625
-0.0406455993652344 0.00279998779296874 -0.154296875 0.4847412109375
0.00888442993164063 -0.0240917205810547 -0.469757080078125 0.0714721679687501
0.019195556640625 -0.07940673828125 -0.4503173828125 -0.6470947265625
0.0691261291503906 -0.0599899291992187 0.25286865234375 -1.080810546875
0.01397705078125 -0.0196533203125 1.3011474609375 -0.3040771484375
-0.07769775390625 -0.0417327880859375 1.1959228515625 1.0950927734375
8.77380371093729E-05 -0.0349216461181641 0.142333984375 1.1605224609375
0.030548095703125 -0.0443954467773438 0.0675582885742188 0.0919647216796875
-0.0095977783203125 -0.0276622772216797 -0.05712890625 -1.148681640625
-0.0112037658691406 -0.0593147277832031 -1.251708984375 -1.0643310546875
0.0206146240234375 -0.0696792602539063 -1.3538818359375 0.4947509765625
0.017120361328125 -0.080413818359375 -0.17584228515625 1.1234130859375
0.00750732421875 -0.0779342651367188 0.5035400390625 0.63165283203125
-0.0133447647094727 -0.0100383758544922 0.52911376953125 -0.133453369140625
-0.0146303176879883 0.00155544281005859 0.19500732421875 -0.537628173828125
-0.0468978881835938 0.000350952148437499 -0.155364990234375 0.48809814453125
0.00360679626464844 -0.0262165069580078 -0.4869384765625 0.08612060546875
0.0135879516601563 -0.0844192504882813 -0.4901123046875 -0.62359619140625
0.071563720703125 -0.0693893432617188 0.1937255859375 -1.08343505859375
0.0201759338378906 -0.0256328582763672 1.27685546875 -0.36181640625
-0.0825881958007813 -0.04132080078125 1.240966796875 1.0374755859375
-0.0091552734375 -0.0350456237792969 0.1934814453125 1.15087890625
0.0231437683105469 -0.0478591918945313 0.0820770263671875 0.104209899902344
-0.0172157287597656 -0.0281600952148437 -0.00683593750000002 -1.1514892578125
-0.01116943359375 -0.0591964721679688 -1.2081298828125 -1.1317138671875
0.0291595458984375 -0.0740509033203125 -1.389404296875 0.438232421875
0.0241928100585937 -0.0883941650390625 -0.2354736328125 1.1270751953125
0.0105209350585938 -0.0837783813476562 0.4580078125 0.6583251953125
-0.0170249938964844 -0.0134363174438477 0.51043701171875 -0.117156982421875
-0.0208244323730469 -0.0010986328125 0.18701171875 -0.536712646484375
-0.0480232238769531 -0.00477981567382812 -0.1561279296875 0.492828369140625
-0.0009918212890625 -0.0258502960205078 -0.50018310546875 0.101654052734375
0.00586700439453124 -0.0789031982421875 -0.5296630859375 -0.59674072265625
0.0676765441894531 -0.0643730163574219 0.1307373046875 -1.08355712890625
0.0184707641601563 -0.0255413055419922 1.2462158203125 -0.4183349609375
-0.0843429565429688 -0.0402908325195312 1.285400390625 0.9686279296875
-0.0116977691650391 -0.0328254699707031 0.24853515625 1.1370849609375
0.0201644897460937 -0.0434226989746094 0.0974884033203125 0.117149353027344
-0.0167484283447266 -0.0256252288818359 0.0455322265624999 -1.1571044921875
-0.00983428955078124 -0.0582695007324219 -1.157470703125 -1.1959228515625
0.0292816162109375 -0.0706253051757813 -1.4188232421875 0.3775634765625
0.0261993408203125 -0.0819549560546875 -0.2972412109375 1.12841796875
0.0106887817382812 -0.0801162719726563 0.4156494140625 0.68487548828125
-0.0170536041259766 -0.0147905349731445 0.491790771484375 -0.102142333984375
-0.0214786529541016 -0.00413322448730469 0.18548583984375 -0.53143310546875
-0.0432014465332031 -0.00685882568359375 -0.1533203125 0.497314453125
-0.00100517272949219 -0.0245113372802734 -0.5108642578125 0.112945556640625
-0.00146102905273437 -0.0626182556152344 -0.56005859375 -0.57684326171875
0.0585365295410156 -0.0466804504394531 0.0815429687499999 -1.08221435546875
0.0109233856201172 -0.0183010101318359 1.2239990234375 -0.4642333984375
-0.085693359375 -0.0387420654296875 1.3232421875 0.9151611328125
-0.00695228576660156 -0.0293693542480469 0.2940673828125 1.1265869140625
0.024078369140625 -0.0339202880859375 0.112693786621094 0.126914978027344
-0.0106410980224609 -0.0214824676513672 0.0950927734374999 -1.1617431640625
-0.00852584838867188 -0.0566444396972656 -1.10888671875 -1.252685546875
0.0233306884765625 -0.0611648559570313 -1.4451904296875 0.3223876953125
0.0221214294433594 -0.0650177001953125 -0.351806640625 1.128173828125
0.00728607177734375 -0.0647048950195313 0.37591552734375 0.7025146484375
-0.0163602828979492 -0.0133142471313477 0.47723388671875 -0.092041015625
-0.017146110534668 -0.00606155395507813 0.18182373046875 -0.52899169921875
0.0166950225830078 0.0109395980834961 -0.12542724609375 0.477294921875
0.0199241638183594 -0.00273513793945313 -0.42645263671875 0.048126220703125
0.00332832336425781 0.0219364166259766 -0.3956298828125 -0.67822265625
-0.00142669677734375 0.0473518371582031 0.31964111328125 -1.076904296875
-0.0565414428710937 0.03759765625 1.3236083984375 -0.2401123046875
-0.0621833801269531 -0.0407257080078125 1.1610107421875 1.157958984375
0.0658187866210938 -0.016204833984375 0.1041259765625 1.155517578125
0.0914077758789063 0.00640869140625 0.0574188232421875 0.064910888671875
0.0555648803710938 -0.0146369934082031 -0.1253662109375 -1.1402587890625
-0.0055694580078125 -0.0526390075683594 -1.30712890625 -0.9718017578125
-0.0388908386230469 -0.000595092773437498 -1.298828125 0.577392578125
-0.0237216949462891 0.0318279266357422 -0.0878295898437499 1.10577392578125
-0.00797462463378906 0.0102882385253906 0.56146240234375 0.57513427734375
0.00807285308837891 0.0116748809814453 0.547576904296875 -0.166412353515625
0.0381507873535156 0.00654983520507813 0.195159912109375 -0.528900146484375
0.00107669830322266 0.0110397338867188 -0.13018798828125 0.477630615234375
0.0216197967529297 -0.00937461853027344 -0.429534912109375 0.048675537109375
0.0112266540527344 -0.00838565826416016 -0.38818359375 -0.6793212890625
0.0189990997314453 0.0162982940673828 0.33587646484375 -1.0706787109375
-0.0387153625488281 0.0216865539550781 1.324951171875 -0.2200927734375
-0.0652389526367188 -0.0406990051269531 1.135986328125 1.180419921875
0.0519676208496094 -0.0204124450683594 0.0841064453125001 1.16259765625
0.077301025390625 -0.00862884521484375 0.05023193359375 0.0654411315917969
0.0396232604980469 -0.0183639526367188 -0.137939453125 -1.1387939453125
-0.009613037109375 -0.0542945861816406 -1.3135986328125 -0.9603271484375
-0.0253696441650391 -0.0201511383056641 -1.2901611328125 0.5906982421875
-0.0136404037475586 -0.00112533569335937 -0.0723266601562499 1.10211181640625
-0.00422954559326172 -0.0148296356201172 0.57147216796875 0.57000732421875
0.00467395782470703 0.00550031661987305 0.5482177734375 -0.171234130859375
0.0239467620849609 0.0074310302734375 0.190521240234375 -0.538970947265625
-0.0132608413696289 0.00810718536376953 -0.13568115234375 0.478363037109375
0.0189895629882813 -0.0144615173339844 -0.436737060546875 0.0543212890625
0.0174369812011719 -0.0374221801757813 -0.39752197265625 -0.67041015625
0.0393447875976563 -0.0146980285644531 0.32177734375 -1.07147216796875
-0.0180759429931641 0.00776481628417969 1.3199462890625 -0.235107421875
-0.0694236755371094 -0.0399208068847656 1.1446533203125 1.1578369140625
0.0329418182373047 -0.0279197692871094 0.0928955078125 1.1571044921875
0.0596885681152344 -0.0240516662597656 0.0502586364746094 0.0694770812988281
0.0213527679443359 -0.0231151580810547 -0.1356201171875 -1.1319580078125
-0.0110244750976562 -0.0559005737304688 -1.3121337890625 -0.9564208984375
-0.00959014892578125 -0.041473388671875 -1.293212890625 0.586669921875
-0.00462532043457031 -0.0330352783203125 -0.0771484374999999 1.10247802734375
-0.000732421875000001 -0.0401878356933594 0.5654296875 0.5780029296875
-0.00205302238464355 0.000478029251098633 0.54510498046875 -0.168426513671875
0.00996303558349609 0.0062713623046875 0.190185546875 -0.5380859375
-0.0274448394775391 0.00616836547851563 -0.139373779296875 0.479217529296875
0.014892578125 -0.0197429656982422 -0.449310302734375 0.064239501953125
0.019561767578125 -0.0620918273925781 -0.4241943359375 -0.6549072265625
0.0576171875 -0.0420188903808594 0.283935546875 -1.07196044921875
0.000581741333007813 -0.00663328170776367 1.3077392578125 -0.272216796875
-0.0736083984375 -0.0391693115234375 1.17041015625 1.1265869140625
0.0152835845947266 -0.0318126678466797 0.115478515625 1.1514892578125
0.0442047119140625 -0.0357742309570313 0.0562210083007813 0.0786590576171875
0.00399971008300781 -0.0253238677978516 -0.1123046875 -1.1337890625
-0.0128669738769531 -0.0574111938476563 -1.29150390625 -0.9898681640625
0.00647354125976563 -0.0578689575195313 -1.312744140625 0.555419921875
0.00579071044921874 -0.061004638671875 -0.10980224609375 1.11090087890625
0.00302505493164063 -0.0617866516113281 0.5426025390625 0.59637451171875
-0.00717639923095703 -0.00527477264404297 0.538299560546875 -0.154571533203125
-0.00352811813354492 0.0039668083190918 0.188140869140625 -0.5390625
-0.0382080078125 0.00222396850585938 -0.147125244140625 0.48187255859375
0.00949668884277344 -0.0240764617919922 -0.467132568359375 0.076446533203125
0.0178298950195312 -0.07843017578125 -0.45751953125 -0.63714599609375
0.0673980712890625 -0.0616302490234375 0.23944091796875 -1.0765380859375
0.0129795074462891 -0.0178070068359375 1.2890625 -0.3184814453125
-0.0775527954101563 -0.0392532348632812 1.199951171875 1.0750732421875
0.000690460205078126 -0.0349960327148438 0.1533203125 1.1485595703125
0.0295448303222656 -0.0443649291992188 0.0671920776367188 0.0911788940429688
-0.00914573669433594 -0.0267410278320313 -0.0692138671875001 -1.1378173828125
-0.0124320983886719 -0.0582351684570313 -1.25732421875 -1.043212890625
0.0180282592773438 -0.0700569152832031 -1.3419189453125 0.5101318359375
0.015167236328125 -0.0803985595703125 -0.1624755859375 1.11822509765625
0.0064239501953125 -0.0771865844726563 0.50836181640625 0.62237548828125
-0.0139913558959961 -0.0106029510498047 0.523223876953125 -0.138031005859375
-0.0136289596557617 0.00142955780029297 0.185943603515625 -0.537384033203125
-0.0449104309082031 9.53674316406177E-05 -0.14935302734375 0.485809326171875
0.00432968139648438 -0.0261764526367187 -0.484405517578125 0.09149169921875
0.0121078491210937 -0.0842742919921875 -0.4959716796875 -0.61260986328125
0.06964111328125 -0.0707015991210938 0.18011474609375 -1.07745361328125
0.0191860198974609 -0.0254878997802734 1.263427734375 -0.3719482421875
-0.082183837890625 -0.0382003784179687 1.2445068359375 1.01416015625
-0.00941658020019531 -0.0348472595214844 0.2022705078125 1.1375732421875
0.0222396850585938 -0.0470809936523438 0.0820388793945313 0.104034423828125
-0.0165367126464844 -0.0276527404785156 -0.0224609374999999 -1.1448974609375
-0.0123977661132813 -0.0583915710449219 -1.213134765625 -1.1104736328125
0.0267486572265625 -0.0736236572265625 -1.3739013671875 0.4541015625
0.0225143432617188 -0.08831787109375 -0.21954345703125 1.12371826171875
0.00921630859375 -0.0832061767578125 0.465087890625 0.65032958984375
-0.0164051055908203 -0.0135555267333984 0.5052490234375 -0.122528076171875
-0.0204753875732422 -0.00196075439453125 0.1796875 -0.535675048828125
-0.0456809997558594 -0.00408172607421875 -0.148223876953125 0.489166259765625
0.000471115112304689 -0.0253887176513672 -0.4969482421875 0.106658935546875
0.00487518310546875 -0.077850341796875 -0.53558349609375 -0.58642578125
0.0649490356445313 -0.065460205078125 0.11773681640625 -1.07781982421875
0.0183010101318359 -0.0260047912597656 1.23291015625 -0.4310302734375
-0.0839080810546875 -0.0384674072265625 1.2874755859375 0.9473876953125
-0.0110034942626953 -0.0329914093017578 0.255859375 1.1251220703125
0.0199356079101563 -0.0431861877441406 0.0977630615234375 0.116378784179688
-0.0164508819580078 -0.0254859924316406 0.0302734375000001 -1.14990234375
-0.0108489990234375 -0.0573997497558594 -1.1624755859375 -1.172119140625
0.0281982421875 -0.0704421997070313 -1.4068603515625 0.394775390625
0.02508544921875 -0.0817718505859375 -0.282470703125 1.1279296875
0.00962066650390625 -0.0790176391601563 0.419677734375 0.6761474609375
-0.0174980163574219 -0.0149755477905273 0.489013671875 -0.106414794921875
-0.0198936462402344 -0.00391769409179687 0.178253173828125 -0.52996826171875
-0.0411109924316406 -0.00725173950195313 -0.143951416015625 0.49365234375
-0.00122261047363281 -0.0251331329345703 -0.50830078125 0.118560791015625
-0.00110244750976562 -0.0620307922363281 -0.56396484375 -0.5645751953125
0.05682373046875 -0.0479049682617188 0.0673828125 -1.0733642578125
0.0103683471679688 -0.0189533233642578 1.2071533203125 -0.476806640625
-0.0853805541992188 -0.036651611328125 1.3260498046875 0.890625
-0.00592803955078125 -0.0287837982177734 0.3033447265625 1.114501953125
0.0242195129394531 -0.0346088409423828 0.112518310546875 0.124526977539063
-0.00993728637695313 -0.0209732055664063 0.0817871093750001 -1.1549072265625
-0.00928497314453125 -0.0564651489257813 -1.1185302734375 -1.230712890625
0.0211868286132812 -0.0626945495605469 -1.4307861328125 0.339111328125
0.0214042663574219 -0.0653266906738281 -0.3358154296875 1.127197265625
0.00648880004882813 -0.0653190612792969 0.3804931640625 0.69415283203125
-0.0171279907226562 -0.0128860473632813 0.472320556640625 -0.0965576171875
-0.0166835784912109 -0.00547981262207032 0.173858642578125 -0.528167724609375
0.0178718566894531 0.00980567932128906 -0.119384765625 0.4735107421875
0.0218620300292969 -0.00271224975585938 -0.423309326171875 0.05291748046875
0.00383186340332031 0.0216636657714844 -0.40142822265625 -0.66827392578125
-0.00128555297851563 0.0466995239257812 0.30694580078125 -1.07000732421875
-0.0558891296386719 0.03778076171875 1.311279296875 -0.252685546875
-0.0614166259765625 -0.0377693176269531 1.1656494140625 1.137939453125
0.06610107421875 -0.0168724060058594 0.1142578125 1.1427001953125
0.0901336669921875 0.00548553466796875 0.0560226440429688 0.0643501281738281
0.0555953979492187 -0.0141868591308594 -0.135009765625 -1.12939453125
-0.00676345825195313 -0.0521926879882813 -1.3079833984375 -0.9503173828125
-0.0401687622070313 -0.00127410888671874 -1.283935546875 0.5882568359375
-0.0240039825439453 0.0308971405029297 -0.0752563476562499 1.09930419921875
-0.00699615478515625 0.010096549987793 0.56292724609375 0.56549072265625
0.00941371917724609 0.0119495391845703 0.54071044921875 -0.170623779296875
0.0387039184570312 0.00539398193359375 0.18804931640625 -0.52685546875
0.00346755981445313 0.0104436874389648 -0.12567138671875 0.473876953125
0.0217990875244141 -0.00877761840820313 -0.4254150390625 0.0537719726562499
0.0109004974365234 -0.00792121887207031 -0.3936767578125 -0.66790771484375
0.0175819396972656 0.0154857635498047 0.32342529296875 -1.06304931640625
-0.0387153625488281 0.0226364135742187 1.3111572265625 -0.23388671875
-0.0647811889648437 -0.0385169982910156 1.1431884765625 1.1563720703125
0.0515823364257812 -0.021697998046875 0.0950927734375001 1.149658203125
0.07647705078125 -0.00893402099609375 0.0497932434082031 0.0644569396972656
0.0398063659667969 -0.0185356140136719 -0.1484375 -1.1265869140625
-0.0106239318847656 -0.0538749694824219 -1.3148193359375 -0.936279296875
-0.02685546875 -0.0209274291992187 -1.2744140625 0.59912109375
-0.0142087936401367 -0.0013580322265625 -0.0596313476562501 1.09613037109375
-0.00380992889404297 -0.0143775939941406 0.57318115234375 0.56097412109375
0.00481176376342773 0.00532817840576172 0.543792724609375 -0.175872802734375
0.0237617492675781 0.00762939453125 0.182342529296875 -0.53564453125
-0.0100069046020508 0.00859737396240234 -0.1290283203125 0.47576904296875
0.0196247100830078 -0.0149250030517578 -0.43426513671875 0.0582885742187499
0.0164260864257813 -0.0365638732910156 -0.40362548828125 -0.66107177734375
0.0385932922363281 -0.0156669616699219 0.30767822265625 -1.06494140625
-0.0178775787353516 0.00834274291992188 1.305908203125 -0.2479248046875
-0.0679206848144531 -0.0375633239746094 1.151123046875 1.138671875
0.033843994140625 -0.0279712677001953 0.101806640625 1.1456298828125
0.0594978332519531 -0.0249366760253906 0.0501174926757813 0.0684700012207031
0.0209503173828125 -0.0226535797119141 -0.14617919921875 -1.121337890625
-0.0118026733398437 -0.0554466247558594 -1.3118896484375 -0.932861328125
-0.0112686157226562 -0.0416412353515625 -1.278076171875 0.59716796875
-0.00518035888671875 -0.0333461761474609 -0.06494140625 1.09783935546875
-0.00156402587890625 -0.0396804809570313 0.5673828125 0.5675048828125
-0.00149500370025635 0.000520825386047363 0.54022216796875 -0.173187255859375
0.0109901428222656 0.00627994537353516 0.180023193359375 -0.537384033203125
-0.0260562896728516 0.0055694580078125 -0.1341552734375 0.4775390625
0.0156974792480469 -0.0198554992675781 -0.4464111328125 0.06890869140625
0.0191078186035156 -0.0610694885253906 -0.4276123046875 -0.64373779296875
0.0554046630859375 -0.0433349609375 0.272705078125 -1.0670166015625
-0.000547885894775391 -0.00663375854492188 1.2938232421875 -0.2828369140625
-0.0731430053710938 -0.0374298095703125 1.1705322265625 1.104736328125
0.0154304504394531 -0.0321750640869141 0.12548828125 1.139892578125
0.0426712036132813 -0.0363616943359375 0.0562362670898438 0.0780181884765625
0.00417709350585937 -0.0260200500488281 -0.12164306640625 -1.12139892578125
-0.0135421752929688 -0.0560302734375 -1.2930908203125 -0.9678955078125
0.00345993041992187 -0.0582542419433594 -1.296630859375 0.5684814453125
0.00445556640625001 -0.0608787536621094 -0.09686279296875 1.10382080078125
0.00178527832031249 -0.0608558654785156 0.54498291015625 0.5850830078125
-0.00797748565673828 -0.004241943359375 0.53057861328125 -0.160675048828125
-0.002227783203125 0.00378632545471191 0.18017578125 -0.5355224609375
-0.0354652404785156 0.00136566162109375 -0.140106201171875 0.478271484375
0.0101852416992187 -0.0241718292236328 -0.464813232421875 0.0821228027343749
0.0161972045898438 -0.077667236328125 -0.46063232421875 -0.62664794921875
0.0648536682128906 -0.062835693359375 0.224609375 -1.0694580078125
0.0127162933349609 -0.0179042816162109 1.27734375 -0.3287353515625
-0.0772171020507813 -0.036773681640625 1.2025146484375 1.0543212890625
0.00133514404296875 -0.035308837890625 0.1619873046875 1.1357421875
0.0300559997558594 -0.0441398620605469 0.0666580200195313 0.0894317626953125
-0.00866889953613281 -0.0269412994384766 -0.0823974609375001 -1.1273193359375
-0.0139694213867187 -0.0577659606933594 -1.257080078125 -1.02294921875
0.0164566040039063 -0.0701026916503906 -1.3271484375 0.5211181640625
0.013946533203125 -0.0802001953125 -0.14752197265625 1.11395263671875
0.00528717041015625 -0.0761184692382813 0.5101318359375 0.6124267578125
-0.0130395889282227 -0.00911426544189453 0.51812744140625 -0.143096923828125
-0.0133037567138672 0.000603675842285156 0.17706298828125 -0.53387451171875
-0.0422554016113281 -0.00104141235351562 -0.141876220703125 0.4832763671875
0.00630378723144531 -0.0259189605712891 -0.4801025390625 0.0965881347656249
0.010589599609375 -0.081878662109375 -0.499755859375 -0.60125732421875
0.0685806274414063 -0.0711898803710938 0.16802978515625 -1.06939697265625
0.0177059173583984 -0.0256443023681641 1.2501220703125 -0.3822021484375
-0.081451416015625 -0.0361709594726562 1.245361328125 0.99365234375
-0.00776481628417969 -0.0345268249511719 0.21197509765625 1.12451171875
0.0206413269042969 -0.0472564697265625 0.0815887451171875 0.102165222167969
-0.0158138275146484 -0.0259552001953125 -0.0324707031249999 -1.1341552734375
-0.0139045715332031 -0.0567359924316406 -1.2158203125 -1.0875244140625
0.0244293212890625 -0.0747604370117188 -1.35791015625 0.465576171875
0.0218734741210938 -0.088836669921875 -0.2052001953125 1.12042236328125
0.00847625732421875 -0.0823898315429688 0.46771240234375 0.64227294921875
-0.0163850784301758 -0.0132179260253906 0.500823974609375 -0.12664794921875
-0.0193691253662109 -0.00109291076660156 0.170806884765625 -0.532867431640625
-0.0436630249023438 -0.00282669067382813 -0.14190673828125 0.487762451171875
0.00134086608886719 -0.0258235931396484 -0.493682861328125 0.111236572265625
0.00366973876953125 -0.0765533447265625 -0.53741455078125 -0.57574462890625
0.0639419555664063 -0.0664443969726563 0.1038818359375 -1.06719970703125
0.0176677703857422 -0.0256614685058594 1.218017578125 -0.4410400390625
-0.0829086303710938 -0.0349502563476563 1.2896728515625 0.92724609375
-0.0106563568115234 -0.0322017669677734 0.2669677734375 1.1116943359375
0.018829345703125 -0.0429534912109375 0.0960845947265625 0.113685607910156
-0.0159721374511719 -0.0246944427490234 0.0206298828125 -1.139404296875
-0.0129356384277344 -0.0555801391601563 -1.1673583984375 -1.1527099609375
0.0255813598632813 -0.07135009765625 -1.3934326171875 0.4061279296875
0.023193359375 -0.0828323364257813 -0.2686767578125 1.1251220703125
0.00925445556640624 -0.0790252685546875 0.4246826171875 0.6688232421875
-0.0173835754394531 -0.0141706466674805 0.4833984375 -0.110870361328125
-0.0198745727539063 -0.00487899780273438 0.16937255859375 -0.528961181640625
-0.0386199951171875 -0.00701522827148438 -0.137664794921875 0.4901123046875
2.09808349609369E-05 -0.023529052734375 -0.50238037109375 0.123138427734375
-0.00194931030273438 -0.0609779357910156 -0.56854248046875 -0.55377197265625
0.055267333984375 -0.049713134765625 0.0554199218750001 -1.065185546875
0.0098419189453125 -0.0179576873779297 1.192626953125 -0.483154296875
-0.084625244140625 -0.0334854125976563 1.32861328125 0.870849609375
-0.00556564331054688 -0.0283451080322266 0.311767578125 1.09930419921875
0.02337646484375 -0.0344581604003906 0.111717224121094 0.122894287109375
-0.00955772399902344 -0.0207538604736328 0.0683593750000001 -1.1463623046875
-0.0116996765136719 -0.0559120178222656 -1.1180419921875 -1.20947265625
0.0185203552246094 -0.0622940063476563 -1.4180908203125 0.3516845703125
0.0198249816894531 -0.0647315979003906 -0.32049560546875 1.12188720703125
0.00587844848632812 -0.0642280578613281 0.38446044921875 0.68658447265625
-0.0168552398681641 -0.0122852325439453 0.4677734375 -0.101593017578125
-0.0155487060546875 -0.00624942779541016 0.165283203125 -0.524688720703125
0.0198535919189453 0.0100059509277344 -0.11566162109375 0.468048095703125
0.0220680236816406 -0.00246620178222656 -0.420684814453125 0.0555419921875
0.00404548645019531 0.0215854644775391 -0.405029296875 -0.65631103515625
-0.00157546997070313 0.0456275939941406 0.29388427734375 -1.06121826171875
-0.0551605224609375 0.0383872985839844 1.297607421875 -0.26025390625
-0.0600967407226563 -0.0364456176757813 1.164794921875 1.1175537109375
0.0663986206054688 -0.0174560546875 0.1201171875 1.130615234375
0.0903167724609375 0.00461578369140625 0.0550689697265625 0.0632362365722656
0.056243896484375 -0.0144691467285156 -0.1434326171875 -1.117919921875
-0.0078277587890625 -0.0512313842773438 -1.3045654296875 -0.9322509765625
-0.0411605834960938 -0.00164031982421876 -1.26953125 0.5953369140625
-0.0234870910644531 0.0306377410888672 -0.0645751953125 1.09344482421875
-0.006591796875 0.0102157592773437 0.56341552734375 0.556640625
0.00935173034667969 0.0114507675170898 0.53466796875 -0.17724609375
0.0390090942382813 0.00535964965820313 0.180816650390625 -0.525360107421875
0.00568199157714844 0.00983905792236328 -0.118621826171875 0.47064208984375
0.0227165222167969 -0.00861358642578125 -0.42315673828125 0.056427001953125
0.00982952117919922 -0.00667476654052734 -0.39727783203125 -0.66021728515625
0.0172853469848633 0.0143966674804687 0.31201171875 -1.05706787109375
-0.0381851196289063 0.022369384765625 1.2998046875 -0.242431640625
-0.0632209777832031 -0.0358314514160156 1.1429443359375 1.136474609375
0.0522079467773438 -0.0225601196289063 0.100830078125 1.136474609375
0.0761795043945312 -0.0103225708007812 0.0483360290527344 0.0642051696777344
0.04034423828125 -0.019012451171875 -0.15765380859375 -1.11639404296875
-0.0117607116699219 -0.0525398254394531 -1.3104248046875 -0.9166259765625
-0.0266647338867187 -0.0201854705810547 -1.2598876953125 0.6064453125
-0.0139865875244141 -0.000953674316406251 -0.05047607421875 1.0888671875
-0.00431632995605469 -0.0138998031616211 0.5732421875 0.55023193359375
0.00469589233398438 0.00614690780639648 0.53607177734375 -0.181121826171875
0.0249538421630859 0.00592994689941406 0.175048828125 -0.533477783203125
-0.00861120223999024 0.0080571174621582 -0.1234130859375 0.471038818359375
0.0204639434814453 -0.0147132873535156 -0.430694580078125 0.0614929199218749
0.0159950256347656 -0.0358848571777344 -0.40576171875 -0.6502685546875
0.0367927551269531 -0.0169677734375 0.29718017578125 -1.05780029296875
-0.019073486328125 0.00722503662109375 1.29638671875 -0.2567138671875
-0.0669403076171875 -0.0358085632324219 1.1512451171875 1.1187744140625
0.0332889556884766 -0.0287246704101563 0.1094970703125 1.131103515625
0.0589218139648438 -0.0242691040039063 0.0493698120117188 0.0673370361328125
0.0214252471923828 -0.0230007171630859 -0.15380859375 -1.1116943359375
-0.013946533203125 -0.0540084838867188 -1.3077392578125 -0.912353515625
-0.0132980346679688 -0.0402565002441406 -1.2589111328125 0.605224609375
-0.00627899169921875 -0.0324592590332031 -0.0532836914062501 1.091796875
-0.00120162963867187 -0.0394172668457031 0.56878662109375 0.559814453125
-0.00153994560241699 0.00145673751831055 0.53448486328125 -0.177154541015625
0.0112390518188477 0.00569629669189453 0.175811767578125 -0.533203125
-0.0230312347412109 0.00469970703125 -0.127716064453125 0.47161865234375
0.0165538787841797 -0.0202236175537109 -0.4425048828125 0.07354736328125
0.0181999206542969 -0.0602340698242187 -0.43023681640625 -0.633544921875
0.0535545349121094 -0.0440750122070313 0.2608642578125 -1.057861328125
-0.000580787658691405 -0.00719547271728516 1.2822265625 -0.291259765625
-0.0718002319335938 -0.0348587036132812 1.172607421875 1.0833740234375
0.0156593322753906 -0.0329246520996094 0.1341552734375 1.1265869140625
0.0419540405273438 -0.0359649658203125 0.05511474609375 0.0761032104492188
0.00506782531738281 -0.0245895385742188 -0.130615234375 -1.1114501953125
-0.0148811340332031 -0.0557327270507813 -1.290283203125 -0.947021484375
0.00213623046875 -0.0581779479980469 -1.2796630859375 0.5770263671875
0.00336456298828125 -0.0600814819335938 -0.08642578125 1.09893798828125
0.0020294189453125 -0.0599174499511719 0.5455322265625 0.5792236328125
-0.00756692886352539 -0.00456094741821289 0.525787353515625 -0.164459228515625
-0.00230908393859863 0.00353002548217773 0.173858642578125 -0.5338134765625
-0.0338401794433594 0.00188636779785157 -0.13360595703125 0.475677490234375
0.0113773345947266 -0.0238399505615234 -0.46063232421875 0.0843200683593751
0.0153579711914062 -0.0764312744140625 -0.46282958984375 -0.61517333984375
0.0638656616210938 -0.0628623962402344 0.21435546875 -1.0625
0.0111160278320312 -0.0182399749755859 1.263671875 -0.336181640625
-0.0768280029296875 -0.0343170166015625 1.2047119140625 1.0338134765625
0.00214385986328125 -0.0340061187744141 0.16845703125 1.12249755859375
0.0284919738769531 -0.0442771911621094 0.065093994140625 0.0879592895507813
-0.00760078430175781 -0.0265445709228516 -0.0899658203125 -1.11578369140625
-0.0148086547851563 -0.0567703247070313 -1.255126953125 -1.0018310546875
0.0148582458496094 -0.069183349609375 -1.3089599609375 0.5299072265625
0.0128402709960938 -0.0798416137695313 -0.134521484375 1.1083984375
0.004730224609375 -0.0761032104492188 0.51171875 0.60491943359375
-0.0122709274291992 -0.00851058959960938 0.511566162109375 -0.1468505859375
-0.0128154754638672 0.00155925750732422 0.17059326171875 -0.53179931640625
-0.0401687622070313 -0.000232696533203123 -0.13525390625 0.47833251953125
0.00769615173339843 -0.0258693695068359 -0.477264404296875 0.100189208984375
0.0101242065429688 -0.0814895629882813 -0.5029296875 -0.5914306640625
0.065673828125 -0.0714569091796875 0.15570068359375 -1.06024169921875
0.0165157318115234 -0.0253467559814453 1.23779296875 -0.3883056640625
-0.0807113647460938 -0.0341949462890625 1.2486572265625 0.97314453125
-0.00720787048339844 -0.0338668823242188 0.21923828125 1.1112060546875
0.0204086303710937 -0.0463676452636719 0.0794601440429688 0.0991592407226563
-0.0156345367431641 -0.0255584716796875 -0.0407104492187499 -1.12060546875
-0.0146026611328125 -0.0558815002441406 -1.2149658203125 -1.0653076171875
0.0215835571289063 -0.0743637084960938 -1.3443603515625 0.4744873046875
0.0199050903320312 -0.0878067016601563 -0.193115234375 1.11419677734375
0.00782012939453124 -0.0814743041992188 0.4697265625 0.63275146484375
-0.0164089202880859 -0.0133333206176758 0.495849609375 -0.13104248046875
-0.018768310546875 -0.00113868713378907 0.16448974609375 -0.53021240234375
-0.0407333374023437 -0.00406646728515625 -0.133880615234375 0.4822998046875
0.00219917297363281 -0.0260696411132813 -0.489013671875 0.114288330078125
0.00229644775390625 -0.0743331909179688 -0.53912353515625 -0.565185546875
0.0621795654296875 -0.0668106079101562 0.0948486328125001 -1.05780029296875
0.0153961181640625 -0.0258998870849609 1.2069091796875 -0.4451904296875
-0.0814285278320313 -0.0324249267578125 1.2899169921875 0.9072265625
-0.00931167602539062 -0.0317153930664063 0.273193359375 1.09832763671875
0.0180931091308594 -0.0431976318359375 0.0955429077148438 0.1123046875
-0.0157203674316406 -0.0241527557373047 0.0104980468750001 -1.128662109375
-0.0135154724121094 -0.0556831359863281 -1.1669921875 -1.1298828125
0.0240631103515625 -0.0703048706054687 -1.37646484375 0.4158935546875
0.02178955078125 -0.0831680297851563 -0.25677490234375 1.11846923828125
0.00750732421875 -0.0776748657226563 0.4263916015625 0.65960693359375
-0.01654052734375 -0.0131912231445312 0.479095458984375 -0.114715576171875
-0.0195903778076172 -0.00447463989257813 0.16180419921875 -0.52545166015625
-0.0366325378417969 -0.00716018676757813 -0.131866455078125 0.486541748046875
0.000505447387695311 -0.0239887237548828 -0.499114990234375 0.1259765625
-0.00394058227539063 -0.0600166320800781 -0.56927490234375 -0.54400634765625
0.0542221069335938 -0.0505104064941406 0.0468139648437499 -1.05548095703125
0.00968360900878906 -0.0187397003173828 1.1793212890625 -0.4884033203125
-0.0837936401367188 -0.0315933227539063 1.3262939453125 0.8514404296875
-0.00588035583496094 -0.0272274017333984 0.3173828125 1.08660888671875
0.0229511260986328 -0.0329437255859375 0.111587524414063 0.120635986328125
-0.008544921875 -0.0204105377197266 0.059326171875 -1.1356201171875
-0.0114860534667969 -0.0548667907714844 -1.121337890625 -1.1871337890625
0.0177993774414062 -0.06195068359375 -1.4012451171875 0.3646240234375
0.01953125 -0.0652847290039063 -0.3082275390625 1.1173095703125
0.0050506591796875 -0.0633468627929688 0.38848876953125 0.67864990234375
-0.0157756805419922 -0.0110197067260742 0.463226318359375 -0.104949951171875
-0.0151205062866211 -0.00629043579101563 0.15704345703125 -0.52105712890625
0.0223884582519531 0.00812911987304688 -0.109375 0.465362548828125
0.0232963562011719 -0.00265312194824219 -0.41961669921875 0.0584716796875
0.00430679321289062 0.0218276977539063 -0.40594482421875 -0.647216796875
-0.00135421752929688 0.0446128845214844 0.28314208984375 -1.05322265625
-0.0551261901855469 0.0385894775390625 1.2840576171875 -0.2646484375
-0.0600166320800781 -0.0349617004394531 1.1650390625 1.0997314453125
0.0660972595214844 -0.0177040100097656 0.12506103515625 1.1195068359375
0.0893783569335938 0.00386810302734375 0.0537338256835938 0.0621604919433594
0.055908203125 -0.0155906677246094 -0.14996337890625 -1.10626220703125
-0.00883483886718751 -0.0507774353027344 -1.300048828125 -0.910888671875
-0.0410537719726563 -0.000923156738281253 -1.2547607421875 0.6005859375
-0.0243072509765625 0.0302810668945313 -0.0531616210937501 1.08453369140625
-0.00707435607910156 0.00981044769287109 0.56219482421875 0.549041748046875
0.00997161865234375 0.0127067565917969 0.528778076171875 -0.17889404296875
0.0393218994140625 0.00534820556640625 0.174774169921875 -0.521697998046875
0.00763320922851562 0.00840473175048828 -0.1136474609375 0.4658203125
0.0236530303955078 -0.00897216796875 -0.4212646484375 0.059661865234375
0.0100526809692383 -0.00637531280517578 -0.39825439453125 -0.65032958984375
0.0172061920166016 0.0142145156860352 0.30145263671875 -1.04876708984375
-0.0381965637207031 0.0224609375 1.2857666015625 -0.2496337890625
-0.061859130859375 -0.0343513488769531 1.1414794921875 1.119384765625
0.051727294921875 -0.0235862731933594 0.1055908203125 1.1248779296875
0.0758590698242188 -0.00992584228515625 0.0476417541503906 0.0638084411621094
0.0396041870117188 -0.0185012817382813 -0.16357421875 -1.10479736328125
-0.0123558044433594 -0.0516357421875 -1.3062744140625 -0.90087890625
-0.0284061431884766 -0.0206298828125 -1.244384765625 0.611083984375
-0.0155620574951172 -0.00100231170654297 -0.0409545898437501 1.08294677734375
-0.00446510314941406 -0.0135574340820313 0.57208251953125 0.54278564453125
0.00473403930664063 0.00632429122924805 0.529937744140625 -0.183746337890625
0.0255508422851563 0.00647354125976563 0.168487548828125 -0.528411865234375
-0.00718545913696289 0.00664043426513672 -0.118438720703125 0.46722412109375
0.0213966369628906 -0.01446533203125 -0.427734375 0.0639038085937501
0.0151824951171875 -0.0354766845703125 -0.4091796875 -0.6427001953125
0.0362510681152344 -0.0172958374023438 0.2857666015625 -1.049560546875
-0.0193634033203125 0.00808334350585938 1.2835693359375 -0.2637939453125
-0.0660972595214844 -0.0341224670410156 1.1485595703125 1.1002197265625
0.0332260131835938 -0.0289134979248047 0.1123046875 1.1199951171875
0.0576858520507813 -0.0249443054199219 0.0479888916015625 0.0678062438964844
0.0211009979248047 -0.0216655731201172 -0.15936279296875 -1.09735107421875
-0.0143966674804687 -0.0534133911132813 -1.30517578125 -0.896484375
-0.0141258239746094 -0.0397720336914063 -1.246826171875 0.6087646484375
-0.00675201416015625 -0.0334758758544922 -0.0458984375 1.0831298828125
-0.002410888671875 -0.0383872985839844 0.56732177734375 0.5511474609375
-0.000347912311553955 0.00101232528686523 0.52838134765625 -0.1806640625
0.0118293762207031 0.00553607940673828 0.16961669921875 -0.529632568359375
-0.0200271606445313 0.00377845764160156 -0.12335205078125 0.468841552734375
0.0174350738525391 -0.0201549530029297 -0.44097900390625 0.07635498046875
0.0163688659667969 -0.0600128173828125 -0.43145751953125 -0.62567138671875
0.0523834228515625 -0.0444297790527344 0.25115966796875 -1.05181884765625
-0.00195980072021484 -0.00743722915649414 1.2694091796875 -0.2979736328125
-0.0713729858398438 -0.033416748046875 1.1719970703125 1.0667724609375
0.0171604156494141 -0.032958984375 0.136962890625 1.1151123046875
0.0414352416992188 -0.0356369018554688 0.0534744262695312 0.0765762329101563
0.00450515747070313 -0.0242958068847656 -0.13946533203125 -1.09857177734375
-0.0159988403320313 -0.0551872253417969 -1.2850341796875 -0.93115234375
0.000854492187499995 -0.0574607849121094 -1.265869140625 0.58251953125
0.00254058837890625 -0.0602302551269531 -0.0776367187500001 1.08990478515625
0.000331878662109374 -0.0602874755859375 0.54541015625 0.57098388671875
-0.00728130340576172 -0.00391721725463867 0.520233154296875 -0.167724609375
-0.00150871276855469 0.00467538833618164 0.1685791015625 -0.531646728515625
-0.0314922332763672 0.00148582458496094 -0.128143310546875 0.471343994140625
0.01226806640625 -0.0234394073486328 -0.456146240234375 0.087615966796875
0.0152664184570313 -0.0749359130859375 -0.465087890625 -0.605712890625
0.062225341796875 -0.0635986328125 0.20465087890625 -1.0509033203125
0.0112743377685547 -0.0182037353515625 1.2510986328125 -0.343017578125
-0.0745315551757813 -0.0329437255859375 1.2021484375 1.017822265625
0.00245857238769531 -0.0345363616943359 0.17132568359375 1.10968017578125
0.0284690856933594 -0.0429306030273438 0.0647659301757813 0.087890625
-0.00704383850097656 -0.0259780883789063 -0.09521484375 -1.10516357421875
-0.0153656005859375 -0.0546226501464844 -1.2529296875 -0.98388671875
0.0125198364257813 -0.069488525390625 -1.2967529296875 0.53515625
0.0110702514648437 -0.0798721313476563 -0.127197265625 1.09942626953125
0.00411224365234376 -0.0741195678710938 0.5118408203125 0.59735107421875
-0.0124311447143555 -0.00889492034912109 0.506561279296875 -0.14971923828125
-0.0112380981445313 0.00102138519287109 0.166748046875 -0.529388427734375
-0.0382957458496094 -0.0019378662109375 -0.130340576171875 0.474273681640625
0.00723648071289062 -0.0263481140136719 -0.47454833984375 0.1025390625
0.00830078124999999 -0.0797805786132813 -0.5032958984375 -0.581787109375
0.063995361328125 -0.0719375610351563 0.1480712890625 -1.05072021484375
0.0164203643798828 -0.0248661041259766 1.2222900390625 -0.3946533203125
-0.078704833984375 -0.0309906005859375 1.243408203125 0.955810546875
-0.00635910034179687 -0.0338497161865234 0.22271728515625 1.09979248046875
0.0202064514160156 -0.0465202331542969 0.0790328979492188 0.0986328125
-0.01446533203125 -0.025421142578125 -0.04571533203125 -1.1131591796875
-0.0157279968261719 -0.0549964904785156 -1.2105712890625 -1.0482177734375
0.0192184448242187 -0.0737228393554688 -1.3302001953125 0.4827880859375
0.0179214477539062 -0.0876617431640625 -0.18426513671875 1.10711669921875
0.00664520263671875 -0.08026123046875 0.470458984375 0.625732421875
-0.0155725479125977 -0.0128192901611328 0.490081787109375 -0.134368896484375
-0.017852783203125 -0.000928878784179684 0.15887451171875 -0.527252197265625
-0.0384254455566406 -0.0050506591796875 -0.130340576171875 0.476043701171875
0.00259590148925781 -0.0261058807373047 -0.486114501953125 0.117706298828125
0.00103759765625 -0.0737991333007813 -0.5404052734375 -0.555084228515625
0.0605049133300781 -0.0679359436035156 0.0885009765624999 -1.04925537109375
0.0149517059326172 -0.0258903503417969 1.1929931640625 -0.4512939453125
-0.0811309814453125 -0.03094482421875 1.2855224609375 0.8870849609375
-0.00842857360839844 -0.0314121246337891 0.27569580078125 1.086181640625
0.0177993774414062 -0.0418548583984375 0.09521484375 0.110946655273438
-0.0144786834716797 -0.0226821899414063 0.00305175781250009 -1.11956787109375
-0.0145759582519531 -0.0545921325683594 -1.16259765625 -1.113037109375
0.0213623046875 -0.0705947875976563 -1.364013671875 0.423583984375
0.02130126953125 -0.0819473266601563 -0.24517822265625 1.112548828125
0.00762176513671874 -0.0774307250976562 0.42803955078125 0.65283203125
-0.0164661407470703 -0.0134372711181641 0.4736328125 -0.118682861328125
-0.0185070037841797 -0.004913330078125 0.1563720703125 -0.52191162109375
-0.0340118408203125 -0.00809478759765626 -0.12823486328125 0.48199462890625
0.0011749267578125 -0.0242710113525391 -0.49346923828125 0.129608154296875
-0.0043792724609375 -0.0584983825683594 -0.5670166015625 -0.53326416015625
0.0524024963378906 -0.0509757995605469 0.0396728515625001 -1.04541015625
0.00833511352539063 -0.0188961029052734 1.1673583984375 -0.492919921875
-0.082733154296875 -0.0298995971679687 1.31884765625 0.83447265625
-0.00439643859863281 -0.0281867980957031 0.3201904296875 1.074462890625
0.0220756530761719 -0.0336704254150391 0.110305786132813 0.119857788085938
-0.00820541381835938 -0.0203323364257813 0.0533447265625 -1.126708984375
-0.0124969482421875 -0.0543632507324219 -1.122314453125 -1.171142578125
0.0153236389160156 -0.0624961853027344 -1.386474609375 0.368408203125
0.0174331665039062 -0.0647315979003906 -0.29754638671875 1.11297607421875
0.00479507446289062 -0.0629158020019531 0.39129638671875 0.6719970703125
-0.0161151885986328 -0.0107736587524414 0.458526611328125 -0.107666015625
-0.0141592025756836 -0.00567722320556641 0.15289306640625 -0.5194091796875
0.0243511199951172 0.00704383850097656 -0.106353759765625 0.461883544921875
0.0249996185302734 -0.0025634765625 -0.41729736328125 0.0613098144531251
0.00334548950195312 0.0231170654296875 -0.40655517578125 -0.639892578125
-0.00143814086914062 0.0444679260253906 0.27642822265625 -1.04449462890625
-0.0549583435058594 0.0398826599121094 1.27490234375 -0.2705078125
-0.0586128234863281 -0.0334281921386719 1.162109375 1.08056640625
0.0681610107421875 -0.0199966430664062 0.127685546875 1.1075439453125
0.0888595581054688 0.00372314453125 0.0524330139160156 0.0624122619628906
0.0554046630859375 -0.0156364440917969 -0.15362548828125 -1.094970703125
-0.00939178466796875 -0.0505905151367188 -1.2919921875 -0.897705078125
-0.0415496826171875 -0.00148391723632812 -1.239501953125 0.602783203125
-0.0243377685546875 0.0291595458984375 -0.0496826171875001 1.07855224609375
-0.00617885589599609 0.00966453552246094 0.56268310546875 0.54229736328125
0.0100526809692383 0.0123252868652344 0.522308349609375 -0.180755615234375
0.0395164489746094 0.00493621826171875 0.17047119140625 -0.51727294921875
0.00928497314453125 0.00764846801757813 -0.1097412109375 0.461669921875
0.0248775482177734 -0.00831794738769531 -0.416839599609375 0.0615844726562499
0.00973987579345703 -0.00486850738525391 -0.3992919921875 -0.640625
0.0164518356323242 0.0126066207885742 0.2926025390625 -1.0411376953125
-0.0388603210449219 0.0231170654296875 1.276123046875 -0.25439453125
-0.0611915588378906 -0.0329132080078125 1.13916015625 1.100830078125
0.0531883239746094 -0.0233268737792969 0.1083984375 1.11273193359375
0.0751876831054688 -0.0106201171875 0.0470199584960938 0.0630760192871094
0.040802001953125 -0.0186233520507812 -0.167724609375 -1.09320068359375
-0.0131034851074219 -0.0505523681640625 -1.2999267578125 -0.885498046875
-0.0292644500732422 -0.0199127197265625 -1.2305908203125 0.614501953125
-0.0152244567871094 -0.000531196594238279 -0.0341186523437499 1.07379150390625
-0.00512790679931641 -0.014068603515625 0.5712890625 0.53851318359375
0.00496101379394531 0.00631189346313477 0.524627685546875 -0.1844482421875
0.0253734588623047 0.005859375 0.165313720703125 -0.5264892578125
-0.00435638427734375 0.0051579475402832 -0.11370849609375 0.46240234375
0.0225753784179688 -0.0144023895263672 -0.427032470703125 0.067779541015625
0.0147342681884766 -0.0342521667480469 -0.40960693359375 -0.63250732421875
0.0350017547607422 -0.0183334350585938 0.2781982421875 -1.04132080078125
-0.0186882019042969 0.00817680358886719 1.2718505859375 -0.267333984375
-0.064910888671875 -0.0325164794921875 1.146484375 1.0819091796875
0.0339221954345703 -0.0294399261474609 0.11627197265625 1.1090087890625
0.0568313598632812 -0.0242538452148437 0.04571533203125 0.0672607421875
0.0219821929931641 -0.0219078063964844 -0.163818359375 -1.087646484375
-0.0155563354492187 -0.0517807006835938 -1.294677734375 -0.882568359375
-0.015228271484375 -0.0394363403320313 -1.2332763671875 0.6119384765625
-0.00754928588867187 -0.0322647094726562 -0.0376586914062499 1.07696533203125
-0.0021514892578125 -0.0382919311523438 0.56524658203125 0.54437255859375
-0.000895500183105468 0.00124692916870117 0.52313232421875 -0.181396484375
0.0128841400146484 0.00477409362792969 0.16461181640625 -0.52520751953125
-0.0186653137207031 0.003631591796875 -0.119415283203125 0.4647216796875
0.0183353424072266 -0.0201683044433594 -0.43853759765625 0.0779113769531249
0.0162239074707031 -0.05853271484375 -0.43255615234375 -0.61785888671875
0.0510215759277344 -0.0448989868164062 0.244140625 -1.04071044921875
-0.00216293334960938 -0.00460910797119141 1.2596435546875 -0.301025390625
-0.0693817138671875 -0.0312957763671875 1.167724609375 1.0501708984375
0.0174236297607422 -0.0331535339355469 0.140869140625 1.10260009765625
0.0410842895507813 -0.0362434387207031 0.0535354614257813 0.0764389038085938
0.00553131103515625 -0.0241870880126953 -0.1422119140625 -1.08892822265625
-0.01556396484375 -0.0529556274414063 -1.2811279296875 -0.915283203125
-0.00104141235351563 -0.0573234558105469 -1.2509765625 0.5833740234375
0.00165939331054688 -0.0599174499511719 -0.0711669921874999 1.08612060546875
0.000679016113281247 -0.059295654296875 0.543701171875 0.56365966796875
-0.00723838806152344 -0.0033111572265625 0.51483154296875 -0.170196533203125
-0.000448465347290039 0.0034337043762207 0.16278076171875 -0.52838134765625
-0.0288047790527344 -6.67572021484316E-05 -0.125244140625 0.46527099609375
0.0135517120361328 -0.0233078002929688 -0.454010009765625 0.090545654296875
0.0139694213867188 -0.0735397338867187 -0.4666748046875 -0.59857177734375
0.0607147216796875 -0.0644073486328125 0.19927978515625 -1.04473876953125
0.00972557067871094 -0.0177383422851563 1.239501953125 -0.3448486328125
-0.0739212036132813 -0.0318679809570313 1.1981201171875 0.9989013671875
0.00354385375976562 -0.0346965789794922 0.1727294921875 1.0975341796875
0.0280532836914063 -0.0431861877441406 0.0633316040039063 0.0862503051757813
-0.00809860229492188 -0.0256843566894531 -0.0993041992187501 -1.09295654296875
-0.0172920227050781 -0.0543098449707031 -1.2471923828125 -0.967041015625
0.0106849670410156 -0.0691070556640625 -1.281005859375 0.53857421875
0.00989532470703125 -0.079193115234375 -0.12030029296875 1.09271240234375
0.0038604736328125 -0.0739822387695313 0.51312255859375 0.59130859375
-0.0124015808105469 -0.00787353515625 0.501953125 -0.15301513671875
-0.0106830596923828 0.00107574462890625 0.160064697265625 -0.526153564453125
-0.03533935546875 -0.00235366821289062 -0.126922607421875 0.47113037109375
0.00920295715332031 -0.0263538360595703 -0.470458984375 0.1046142578125
0.008270263671875 -0.079193115234375 -0.50152587890625 -0.5726318359375
0.06231689453125 -0.0731353759765625 0.14129638671875 -1.0435791015625
0.0148563385009766 -0.0246067047119141 1.2130126953125 -0.39599609375
-0.0772552490234375 -0.0303268432617187 1.239501953125 0.941650390625
-0.00539016723632812 -0.0347690582275391 0.224609375 1.08746337890625
0.0197257995605469 -0.0456581115722656 0.0786666870117188 0.0981903076171875
-0.0141410827636719 -0.0249366760253906 -0.0521240234375 -1.1007080078125
-0.0158348083496094 -0.0536689758300781 -1.2061767578125 -1.031005859375
0.0182418823242188 -0.0737380981445313 -1.31640625 0.4859619140625
0.0167160034179687 -0.0880355834960938 -0.17724609375 1.100830078125
0.0060272216796875 -0.0804672241210938 0.469482421875 0.62005615234375
-0.0149316787719727 -0.0118122100830078 0.484649658203125 -0.136627197265625
-0.0160856246948242 -0.00163173675537109 0.153717041015625 -0.523345947265625
-0.0361862182617188 -0.00604629516601563 -0.126617431640625 0.473388671875
0.00408172607421875 -0.0258636474609375 -0.48211669921875 0.1190185546875
0.00113677978515625 -0.0727767944335938 -0.53875732421875 -0.545745849609375
0.057830810546875 -0.0673332214355469 0.08013916015625 -1.0401611328125
0.01446533203125 -0.0254917144775391 1.179443359375 -0.4537353515625
-0.0804290771484375 -0.0288772583007812 1.281005859375 0.871826171875
-0.00778388977050781 -0.0316925048828125 0.27685546875 1.07244873046875
0.0170021057128906 -0.0421638488769531 0.094207763671875 0.109603881835938
-0.0141544342041016 -0.0233421325683594 -0.00274658203125006 -1.1077880859375
-0.015533447265625 -0.053070068359375 -1.1602783203125 -1.0943603515625
0.0202789306640625 -0.070648193359375 -1.3480224609375 0.4278564453125
0.0200271606445313 -0.0822982788085938 -0.2362060546875 1.1048583984375
0.00729370117187501 -0.0757217407226563 0.42901611328125 0.64593505859375
-0.0166893005371094 -0.012873649597168 0.46759033203125 -0.121826171875
-0.0174999237060547 -0.00409984588623047 0.150665283203125 -0.51934814453125
-0.0325355529785156 -0.00885391235351562 -0.12457275390625 0.475372314453125
0.00177574157714844 -0.0242462158203125 -0.4910888671875 0.131683349609375
-0.00550460815429687 -0.0574226379394531 -0.56781005859375 -0.52423095703125
0.0505752563476562 -0.0508880615234375 0.0305175781249999 -1.035888671875
0.00747871398925781 -0.0182266235351562 1.1552734375 -0.4959716796875
-0.0817337036132813 -0.0273818969726563 1.3125 0.817626953125
-0.00342941284179688 -0.0277442932128906 0.321533203125 1.0594482421875
0.0217113494873047 -0.0335273742675781 0.108779907226563 0.117759704589844
-0.00803947448730469 -0.01959228515625 0.04608154296875 -1.115478515625
-0.0131568908691406 -0.0531196594238281 -1.1173095703125 -1.1534423828125
0.0142478942871094 -0.0614738464355469 -1.3721923828125 0.3763427734375
0.0166702270507813 -0.0651664733886719 -0.28875732421875 1.1063232421875
0.00400543212890624 -0.0610733032226563 0.391357421875 0.664306640625
-0.0154962539672852 -0.0103721618652344 0.455108642578125 -0.1103515625
-0.0138759613037109 -0.0062255859375 0.146881103515625 -0.515472412109375
0.0255699157714844 0.00502395629882813 -0.1041259765625 0.4560546875
0.0248451232910156 -0.00219345092773438 -0.414215087890625 0.0634765625
0.00363731384277344 0.0228786468505859 -0.4068603515625 -0.6328125
-0.00226211547851562 0.0435981750488281 0.26824951171875 -1.037841796875
-0.0535011291503906 0.0393104553222656 1.2635498046875 -0.272705078125
-0.0581092834472656 -0.0317802429199219 1.15673828125 1.068115234375
0.0669403076171875 -0.0196876525878906 0.13031005859375 1.0931396484375
0.0880661010742188 0.0026397705078125 0.0517807006835938 0.0614395141601563
0.0562667846679687 -0.0152244567871094 -0.15533447265625 -1.084716796875
-0.0112876892089844 -0.0489234924316406 -1.2861328125 -0.8858642578125
-0.04327392578125 -0.00106430053710938 -1.22509765625 0.6043701171875
-0.023773193359375 0.0294895172119141 -0.0427856445312501 1.07257080078125
-0.00671577453613281 0.0103664398193359 0.560577392578125 0.535980224609375
0.0100259780883789 0.0121736526489258 0.519195556640625 -0.182281494140625
0.0399055480957031 0.00461196899414063 0.167449951171875 -0.51446533203125
0.0112218856811523 0.00584506988525391 -0.106658935546875 0.457763671875
0.0254802703857422 -0.00903129577636719 -0.41607666015625 0.064117431640625
0.00988006591796875 -0.00566005706787109 -0.4000244140625 -0.6329345703125
0.0145845413208008 0.0126743316650391 0.2882080078125 -1.03253173828125
-0.0380401611328125 0.0237884521484375 1.2666015625 -0.2559814453125
-0.0600128173828125 -0.031982421875 1.13623046875 1.0877685546875
0.0533447265625 -0.0239830017089844 0.11151123046875 1.10186767578125
0.0745697021484375 -0.01080322265625 0.0450286865234375 0.0627403259277344
0.0397148132324219 -0.0195846557617188 -0.16986083984375 -1.08172607421875
-0.0136566162109375 -0.0498809814453125 -1.2939453125 -0.87353515625
-0.0300559997558594 -0.0190906524658203 -1.21923828125 0.613037109375
-0.0156078338623047 -0.00120449066162109 -0.0325927734374999 1.0694580078125
-0.00438404083251953 -0.0129680633544922 0.56951904296875 0.53216552734375
0.00574684143066406 0.00631427764892578 0.52020263671875 -0.186492919921875
0.0262584686279297 0.00521278381347656 0.16204833984375 -0.52301025390625
-0.00265026092529297 0.00447511672973633 -0.11212158203125 0.45977783203125
0.0235881805419922 -0.0149192810058594 -0.425018310546875 0.0689086914062501
0.0144596099853516 -0.0340156555175781 -0.40960693359375 -0.62689208984375
0.0336418151855469 -0.0181884765625 0.27325439453125 -1.033203125
-0.0195713043212891 0.0085601806640625 1.2625732421875 -0.2703857421875
-0.063629150390625 -0.031036376953125 1.140869140625 1.070068359375
0.0357208251953125 -0.029388427734375 0.11724853515625 1.09808349609375
0.0571327209472656 -0.0243186950683594 0.0463333129882813 0.0667152404785156
0.0225811004638672 -0.0219478607177734 -0.1646728515625 -1.07830810546875
-0.0152244567871094 -0.0503501892089844 -1.292236328125 -0.87060546875
-0.0159721374511719 -0.0385932922363281 -1.2215576171875 0.6131591796875
-0.00812339782714844 -0.0326862335205078 -0.0334472656250001 1.06829833984375
-0.00186920166015625 -0.0369415283203125 0.563720703125 0.53961181640625
-0.000181317329406738 0.00209963321685791 0.5169677734375 -0.181671142578125
0.0131931304931641 0.00502490997314453 0.1591796875 -0.52105712890625
-0.0160007476806641 0.00188827514648438 -0.114898681640625 0.461761474609375
0.0199012756347656 -0.0202312469482422 -0.4365234375 0.0798034667968751
0.0160865783691406 -0.0578727722167969 -0.432861328125 -0.6102294921875
0.0493698120117188 -0.0452384948730469 0.23785400390625 -1.03192138671875
-0.00245380401611328 -0.00630807876586914 1.247802734375 -0.3048095703125
-0.06781005859375 -0.0301666259765625 1.1624755859375 1.0404052734375
0.0175590515136719 -0.0332088470458984 0.13824462890625 1.09619140625
0.0405693054199219 -0.0359077453613281 0.0517044067382813 0.074951171875
0.00577545166015625 -0.0245571136474609 -0.14447021484375 -1.07952880859375
-0.0164527893066406 -0.0533447265625 -1.273681640625 -0.90087890625
-0.00252151489257812 -0.0572357177734375 -1.23779296875 0.582763671875
0.000114440917968756 -0.060516357421875 -0.06622314453125 1.07598876953125
0.000381469726562502 -0.0582809448242188 0.544464111328125 0.55902099609375
-0.00669622421264649 -0.00274658203125 0.509735107421875 -0.172119140625
0.000211000442504883 0.00322318077087402 0.158172607421875 -0.52386474609375
-0.0267772674560547 -0.000946044921875003 -0.121795654296875 0.463165283203125
0.0150566101074219 -0.0232410430908203 -0.45208740234375 0.092559814453125
0.01385498046875 -0.0729827880859375 -0.4638671875 -0.59039306640625
0.0586166381835938 -0.0640296936035156 0.19366455078125 -1.0362548828125
0.00850677490234375 -0.0173234939575195 1.227783203125 -0.3482666015625
-0.072021484375 -0.0296478271484375 1.193359375 0.98779296875
0.00349807739257812 -0.0353164672851563 0.17645263671875 1.08660888671875
0.0272941589355469 -0.0425758361816406 0.062469482421875 0.0868148803710938
-0.00592422485351562 -0.0241775512695313 -0.1024169921875 -1.0838623046875
-0.0172309875488281 -0.0533790588378906 -1.24072265625 -0.953857421875
0.00948333740234375 -0.0685310363769531 -1.271484375 0.5416259765625
0.00917816162109375 -0.0789108276367187 -0.11163330078125 1.08746337890625
0.00272369384765626 -0.07342529296875 0.51055908203125 0.586669921875
-0.0122833251953125 -0.00809478759765625 0.4976806640625 -0.15362548828125
-0.0103778839111328 0.000804901123046873 0.156982421875 -0.521270751953125
-0.0340042114257813 -0.00299453735351563 -0.122467041015625 0.467071533203125
0.00936317443847656 -0.0262069702148438 -0.468505859375 0.1072998046875
0.00699615478515625 -0.07781982421875 -0.5006103515625 -0.56573486328125
0.0611572265625 -0.0724563598632813 0.13714599609375 -1.03448486328125
0.0142173767089844 -0.0250663757324219 1.2017822265625 -0.3985595703125
-0.07562255859375 -0.0284957885742187 1.236328125 0.92919921875
-0.00389862060546875 -0.0352249145507813 0.2257080078125 1.076904296875
0.0193061828613281 -0.0453987121582031 0.0778884887695313 0.0973892211914063
-0.0129661560058594 -0.0250339508056641 -0.053955078125 -1.0911865234375
-0.0175704956054688 -0.0519485473632812 -1.2003173828125 -1.0186767578125
0.0172348022460937 -0.0729293823242187 -1.3043212890625 0.4864501953125
0.0164108276367187 -0.0878982543945313 -0.17083740234375 1.09521484375
0.00625610351562499 -0.0793991088867188 0.470458984375 0.6136474609375
-0.0152883529663086 -0.0117607116699219 0.481353759765625 -0.136474609375
-0.0155830383300781 -0.00193595886230469 0.149871826171875 -0.520233154296875
-0.0346145629882812 -0.00676918029785157 -0.123565673828125 0.469573974609375
0.00539970397949218 -0.0265064239501953 -0.480438232421875 0.121490478515625
0.000923156738281254 -0.0717391967773438 -0.537628173828125 -0.539459228515625
0.0572013854980469 -0.0679435729980469 0.07550048828125 -1.031494140625
0.0138416290283203 -0.0253181457519531 1.1685791015625 -0.451904296875
-0.078826904296875 -0.0283050537109375 1.273193359375 0.861083984375
-0.00742912292480469 -0.0316925048828125 0.27734375 1.05938720703125
0.0174179077148438 -0.0403709411621094 0.0938644409179688 0.107955932617188
-0.0146694183349609 -0.0227603912353516 -0.00427246093749991 -1.09735107421875
-0.0162277221679688 -0.052093505859375 -1.1556396484375 -1.08154296875
0.0190277099609375 -0.0696258544921875 -1.3363037109375 0.4293212890625
0.0190200805664063 -0.0818634033203125 -0.22869873046875 1.0997314453125
0.00689697265625 -0.0750885009765625 0.42724609375 0.64056396484375
-0.0153636932373047 -0.0119647979736328 0.46343994140625 -0.123291015625
-0.0168542861938477 -0.00466537475585937 0.148345947265625 -0.514984130859375
-0.0305633544921875 -0.00949859619140626 -0.1197509765625 0.47186279296875
0.00298881530761719 -0.0243644714355469 -0.488067626953125 0.13226318359375
-0.00539398193359375 -0.0565567016601563 -0.565673828125 -0.516845703125
0.0485992431640625 -0.05145263671875 0.0300292968750001 -1.027587890625
0.00669288635253906 -0.0181465148925781 1.145263671875 -0.494384765625
-0.0800094604492188 -0.0263595581054687 1.3060302734375 0.806396484375
-0.00289344787597656 -0.0282077789306641 0.320556640625 1.0491943359375
0.0222206115722656 -0.0320529937744141 0.108291625976563 0.117332458496094
-0.00791168212890625 -0.0194435119628906 0.04107666015625 -1.10467529296875
-0.0145645141601562 -0.0519905090332031 -1.1123046875 -1.140380859375
0.0130424499511719 -0.0612525939941406 -1.3616943359375 0.3775634765625
0.0155792236328125 -0.0653572082519531 -0.28155517578125 1.1016845703125
0.00310516357421874 -0.0614509582519531 0.3917236328125 0.66015625
-0.0146293640136719 -0.0094919204711914 0.45025634765625 -0.1104736328125
-0.0116977691650391 -0.00641345977783203 0.1439208984375 -0.513580322265625
0.0275249481201172 0.00448799133300781 -0.10223388671875 0.45208740234375
0.0261688232421875 -0.00246810913085938 -0.412445068359375 0.06390380859375
0.0041351318359375 0.0234508514404297 -0.40667724609375 -0.6270751953125
-0.002655029296875 0.0431137084960938 0.267578125 -1.03173828125
-0.0537185668945313 0.0382652282714844 1.2554931640625 -0.2718505859375
-0.0557518005371094 -0.0308837890625 1.1500244140625 1.0592041015625
0.0673332214355469 -0.0195999145507813 0.12811279296875 1.0863037109375
0.0876922607421875 0.00323486328125 0.0503997802734375 0.0612411499023438
0.0558586120605469 -0.0159149169921875 -0.1556396484375 -1.075439453125
-0.0107612609863281 -0.0487518310546875 -1.2803955078125 -0.87353515625
-0.0436286926269531 -0.000492095947265634 -1.2171630859375 0.6014404296875
-0.0245456695556641 0.0302162170410156 -0.0396118164062499 1.06719970703125
-0.00649547576904297 0.010798454284668 0.5572509765625 0.53485107421875
0.0108785629272461 0.0123977661132813 0.51336669921875 -0.18243408203125
0.04058837890625 0.00337982177734375 0.163299560546875 -0.51092529296875
0.0128335952758789 0.00489711761474609 -0.105072021484375 0.453857421875
0.0262908935546875 -0.00907325744628906 -0.41607666015625 0.0653991699218749
0.00979137420654297 -0.00467872619628906 -0.40008544921875 -0.62664794921875
0.0140295028686523 0.0116691589355469 0.28302001953125 -1.02557373046875
-0.0381736755371094 0.0231590270996094 1.258056640625 -0.256103515625
-0.0585060119628906 -0.0312957763671875 1.12939453125 1.0771484375
0.0537681579589844 -0.0251312255859375 0.110595703125 1.09326171875
0.0748672485351563 -0.0111007690429687 0.0443572998046875 0.0617942810058594
0.0403480529785156 -0.01873779296875 -0.1688232421875 -1.0731201171875
-0.0142478942871094 -0.0491828918457031 -1.28759765625 -0.86328125
-0.0303058624267578 -0.0196781158447266 -1.210693359375 0.61376953125
-0.0155048370361328 -0.00156784057617188 -0.02734375 1.06365966796875
-0.00411033630371094 -0.0121097564697266 0.5667724609375 0.52777099609375
0.00639009475708008 0.00648975372314453 0.515655517578125 -0.185791015625
0.0265159606933594 0.00496864318847656 0.159088134765625 -0.518768310546875
-0.00103759765625 0.00235748291015625 -0.108489990234375 0.45440673828125
0.0246505737304688 -0.0145511627197266 -0.422149658203125 0.071197509765625
0.0140953063964844 -0.0331153869628906 -0.4073486328125 -0.6195068359375
0.0332546234130859 -0.0183506011962891 0.26910400390625 -1.0272216796875
-0.0196571350097656 0.00825881958007813 1.2503662109375 -0.269775390625
-0.0615921020507813 -0.0299797058105469 1.1376953125 1.0582275390625
0.0354881286621094 -0.0294876098632813 0.1158447265625 1.0872802734375
0.0570106506347656 -0.0247840881347656 0.0439414978027344 0.0669975280761719
0.0229282379150391 -0.0219173431396484 -0.16632080078125 -1.0677490234375
-0.0157279968261719 -0.0506515502929688 -1.28564453125 -0.8597412109375
-0.0178031921386719 -0.03887939453125 -1.210205078125 0.6103515625
-0.00848579406738281 -0.0326805114746094 -0.03125 1.06561279296875
-0.00239181518554688 -0.0362739562988281 0.5625 0.53472900390625
-0.000280857086181641 0.00240206718444824 0.51397705078125 -0.18328857421875
0.013946533203125 0.00459671020507813 0.157623291015625 -0.52069091796875
-0.0149745941162109 0.00119495391845703 -0.1138916015625 0.456329345703125
0.0207309722900391 -0.0198287963867188 -0.433807373046875 0.081573486328125
0.0142898559570313 -0.0566864013671875 -0.431640625 -0.60443115234375
0.0477828979492188 -0.0452461242675781 0.23577880859375 -1.0264892578125
-0.00319385528564453 -0.00544023513793945 1.2381591796875 -0.3016357421875
-0.0666007995605469 -0.0287055969238281 1.1571044921875 1.02734375
0.0185184478759766 -0.0332069396972656 0.13916015625 1.08331298828125
0.0409965515136719 -0.0355491638183594 0.0509262084960938 0.0754318237304688
0.00599288940429688 -0.0242786407470703 -0.14501953125 -1.06976318359375
-0.0172805786132813 -0.0513114929199219 -1.2657470703125 -0.8931884765625
-0.00261306762695312 -0.0559158325195313 -1.2313232421875 0.584716796875
-0.000186920166015628 -0.0594139099121094 -0.0620727539062499 1.072265625
-0.000202178955078125 -0.0584373474121094 0.541229248046875 0.55633544921875
-0.00632238388061523 -0.00325679779052734 0.506195068359375 -0.171417236328125
0.000479221343994141 0.00337886810302734 0.15557861328125 -0.51995849609375
-0.0253963470458984 -0.00182723999023437 -0.120758056640625 0.4599609375
0.0153236389160156 -0.0236797332763672 -0.4490966796875 0.0931701660156249
0.0125885009765625 -0.0717239379882813 -0.4642333984375 -0.58367919921875
0.0577964782714844 -0.063751220703125 0.1895751953125 -1.02679443359375
0.00789833068847656 -0.0166893005371094 1.2208251953125 -0.347900390625
-0.0709304809570312 -0.028961181640625 1.1881103515625 0.977783203125
0.00435066223144531 -0.0350837707519531 0.17486572265625 1.077392578125
0.0276412963867188 -0.0426712036132813 0.0616378784179687 0.0867156982421875
-0.00605583190917968 -0.0253257751464844 -0.1026611328125 -1.0758056640625
-0.01727294921875 -0.0510444641113281 -1.2349853515625 -0.9464111328125
0.00802230834960937 -0.0676765441894531 -1.2642822265625 0.541748046875
0.00789642333984376 -0.0789718627929688 -0.11053466796875 1.0838623046875
0.0023956298828125 -0.0725936889648438 0.50872802734375 0.58331298828125
-0.0111312866210938 -0.00720024108886719 0.49285888671875 -0.15411376953125
-0.00956630706787109 0.000716209411621095 0.153167724609375 -0.518798828125
-0.0314865112304688 -0.00527572631835938 -0.119964599609375 0.462554931640625
0.010498046875 -0.0267829895019531 -0.466949462890625 0.107757568359375
0.0067138671875 -0.0770187377929687 -0.49774169921875 -0.55938720703125
0.05902099609375 -0.0728683471679688 0.13330078125 -1.0255126953125
0.0135288238525391 -0.0245761871337891 1.1934814453125 -0.3990478515625
-0.07476806640625 -0.0286331176757813 1.228759765625 0.9171142578125
-0.00361251831054688 -0.0342769622802734 0.2227783203125 1.06781005859375
0.0194358825683594 -0.0443801879882813 0.0760498046875 0.0970458984375
-0.0128231048583984 -0.0249385833740234 -0.05682373046875 -1.0826416015625
-0.0179634094238281 -0.0511741638183594 -1.1943359375 -1.0089111328125
0.01544189453125 -0.0718994140625 -1.295166015625 0.487548828125
0.015533447265625 -0.0870819091796875 -0.16778564453125 1.0897216796875
0.00556182861328125 -0.0780868530273438 0.46820068359375 0.60882568359375
-0.0145378112792969 -0.0119552612304687 0.4764404296875 -0.139129638671875
-0.016545295715332 -0.00187873840332031 0.147430419921875 -0.517303466796875
-0.0327548980712891 -0.00790596008300781 -0.122100830078125 0.465667724609375
0.00564002990722656 -0.02545166015625 -0.478546142578125 0.123260498046875
-0.000114440917968744 -0.0704574584960938 -0.5352783203125 -0.533721923828125
0.0553703308105469 -0.0681571960449219 0.0739135742187499 -1.0235595703125
0.0120353698730469 -0.0241680145263672 1.1650390625 -0.451416015625
-0.0776519775390625 -0.0262603759765625 1.267578125 0.8502197265625
-0.00591087341308594 -0.0312881469726563 0.27764892578125 1.05126953125
0.0179023742675781 -0.0404701232910156 0.0923080444335938 0.108108520507813
-0.0131893157958984 -0.0221710205078125 -0.00714111328124993 -1.08740234375
-0.0162887573242188 -0.050537109375 -1.1488037109375 -1.0704345703125
0.0170097351074219 -0.0690383911132813 -1.32421875 0.428955078125
0.0180130004882812 -0.0815582275390625 -0.22705078125 1.09283447265625
0.0065155029296875 -0.07452392578125 0.42559814453125 0.6380615234375
-0.0143194198608398 -0.0118818283081055 0.460845947265625 -0.12322998046875
-0.0158834457397461 -0.00551795959472656 0.14599609375 -0.51336669921875
-0.0287418365478516 -0.0113487243652344 -0.118804931640625 0.467010498046875
0.003936767578125 -0.0243492126464844 -0.4871826171875 0.133880615234375
-0.00526046752929688 -0.0555229187011719 -0.56341552734375 -0.51165771484375
0.0476837158203125 -0.050933837890625 0.0249023437500001 -1.02093505859375
0.00605010986328125 -0.0182209014892578 1.1368408203125 -0.494384765625
-0.0785446166992188 -0.0252227783203125 1.3021240234375 0.796142578125
-0.00136375427246094 -0.0284690856933594 0.3194580078125 1.041015625
0.0221118927001953 -0.0316333770751953 0.107063293457031 0.116416931152344
-0.00632286071777344 -0.0188865661621094 0.04083251953125 -1.096923828125
-0.0153465270996094 -0.051239013671875 -1.106201171875 -1.1300048828125
0.0111656188964844 -0.0596656799316406 -1.3505859375 0.3798828125
0.0149612426757812 -0.06439208984375 -0.27630615234375 1.09521484375
0.00339889526367188 -0.0609855651855469 0.39166259765625 0.65582275390625
-0.0145483016967773 -0.00977325439453125 0.44586181640625 -0.110626220703125
-0.0119390487670898 -0.0065774917602539 0.140838623046875 -0.509368896484375
0.0296001434326172 0.00258255004882813 -0.0997314453125 0.447662353515625
0.0274429321289062 -0.00285720825195312 -0.41143798828125 0.06488037109375
0.0045013427734375 0.0241718292236328 -0.4052734375 -0.62158203125
-0.00339508056640625 0.0422210693359375 0.26617431640625 -1.0225830078125
-0.0542793273925781 0.0387840270996094 1.2464599609375 -0.2745361328125
-0.054046630859375 -0.0296211242675781 1.145751953125 1.049560546875
0.067413330078125 -0.0209197998046875 0.12677001953125 1.0771484375
0.088653564453125 0.0030364990234375 0.049591064453125 0.0615921020507813
0.0570716857910156 -0.0160903930664063 -0.1546630859375 -1.06817626953125
-0.0113105773925781 -0.0474739074707031 -1.2713623046875 -0.8670654296875
-0.0436744689941406 -0.000156402587890624 -1.2091064453125 0.60107421875
-0.0251178741455078 0.0296573638916016 -0.0391845703125 1.0611572265625
-0.00653457641601563 0.0110435485839844 0.55523681640625 0.5303955078125
0.011204719543457 0.0138816833496094 0.5101318359375 -0.182342529296875
0.04156494140625 0.00364303588867188 0.161376953125 -0.507232666015625
0.0142736434936523 0.00361061096191406 -0.10345458984375 0.449737548828125
0.0274581909179687 -0.0077972412109375 -0.414398193359375 0.0664062499999999
0.00920581817626953 -0.00333404541015625 -0.39776611328125 -0.62322998046875
0.0133428573608398 0.0121870040893555 0.28070068359375 -1.01971435546875
-0.0387916564941406 0.0232620239257813 1.25048828125 -0.254150390625
-0.0557746887207031 -0.0301628112792969 1.12457275390625 1.06964111328125
0.0540885925292969 -0.0254745483398438 0.107421875 1.08477783203125
0.0740432739257812 -0.0107574462890625 0.0435905456542969 0.0626792907714844
0.0415496826171875 -0.0183944702148438 -0.167724609375 -1.06402587890625
-0.0135650634765625 -0.0483169555664063 -1.278564453125 -0.855712890625
-0.0310859680175781 -0.0187606811523438 -1.2005615234375 0.6119384765625
-0.0167999267578125 -0.00201988220214844 -0.02679443359375 1.0570068359375
-0.00437164306640625 -0.012293815612793 0.56402587890625 0.52496337890625
0.00635385513305664 0.00637340545654297 0.512115478515625 -0.1865234375
0.0273857116699219 0.00482940673828125 0.156005859375 -0.516693115234375
0.000930190086364746 0.0012972354888916 -0.10797119140625 0.451324462890625
0.0250358581542969 -0.0149459838867188 -0.42047119140625 0.0713806152343749
0.0137233734130859 -0.03271484375 -0.40606689453125 -0.614013671875
0.0316219329833984 -0.0180072784423828 0.265625 -1.01910400390625
-0.0201530456542969 0.00842475891113281 1.2445068359375 -0.270751953125
-0.0607070922851563 -0.0293350219726563 1.1319580078125 1.0526123046875
0.0361061096191406 -0.0307960510253906 0.11529541015625 1.07891845703125
0.0574684143066406 -0.0245819091796875 0.0442085266113281 0.0668601989746094
0.0229949951171875 -0.0223217010498047 -0.16485595703125 -1.060302734375
-0.0157051086425781 -0.0488662719726563 -1.275390625 -0.85205078125
-0.0175895690917969 -0.0386695861816406 -1.201416015625 0.6102294921875
-0.00946617126464844 -0.0321636199951172 -0.0286254882812501 1.0599365234375
-0.00240707397460938 -0.0357551574707031 0.559844970703125 0.531524658203125
-0.000476837158203125 0.0029451847076416 0.5103759765625 -0.18243408203125
0.0136890411376953 0.00407218933105469 0.1556396484375 -0.5169677734375
-0.0132503509521484 -0.000965118408203123 -0.112152099609375 0.453582763671875
0.0220870971679688 -0.0208072662353516 -0.43231201171875 0.083160400390625
0.0146865844726563 -0.0559577941894531 -0.43048095703125 -0.59881591796875
0.0470314025878906 -0.0454597473144531 0.2314453125 -1.0198974609375
-0.00381088256835937 -0.00569772720336914 1.230712890625 -0.301025390625
-0.0657196044921875 -0.0283393859863281 1.1510009765625 1.01953125
0.0191478729248047 -0.0344161987304688 0.13800048828125 1.0792236328125
0.0405082702636719 -0.03515625 0.0494308471679688 0.0750503540039063
0.00732231140136719 -0.0241851806640625 -0.1439208984375 -1.0631103515625
-0.0175437927246094 -0.0495452880859375 -1.2584228515625 -0.8841552734375
-0.00461959838867187 -0.0558204650878906 -1.2208251953125 0.58203125
-0.000968933105468755 -0.0592308044433594 -0.06072998046875 1.0670166015625
-0.00054168701171875 -0.05645751953125 0.53900146484375 0.551025390625
-0.00607919692993164 -0.00255250930786133 0.503082275390625 -0.172271728515625
0.000714778900146484 0.00269961357116699 0.154022216796875 -0.517791748046875
-0.0235080718994141 -0.00373458862304688 -0.118927001953125 0.45611572265625
0.0166110992431641 -0.0242824554443359 -0.449615478515625 0.0940246582031249
0.012786865234375 -0.0707168579101563 -0.462158203125 -0.57965087890625
0.0557594299316406 -0.0638504028320313 0.1884765625 -1.02178955078125
0.00763320922851562 -0.0178775787353516 1.214111328125 -0.3458251953125
-0.0697555541992188 -0.0280876159667969 1.1826171875 0.9693603515625
0.00500106811523437 -0.0359611511230469 0.1728515625 1.06988525390625
0.0274620056152344 -0.0427513122558594 0.0605239868164063 0.0856704711914063
-0.00489234924316406 -0.0248355865478516 -0.1033935546875 -1.06915283203125
-0.0184364318847656 -0.0503387451171875 -1.227783203125 -0.9371337890625
0.00746917724609374 -0.0667457580566406 -1.25146484375 0.5406494140625
0.00745391845703125 -0.0790176391601563 -0.10736083984375 1.076904296875
0.00247955322265625 -0.072021484375 0.50701904296875 0.57958984375
-0.0111541748046875 -0.00672149658203125 0.48834228515625 -0.154876708984375
-0.00850248336791992 -4.67300415039079E-05 0.15081787109375 -0.5159912109375
-0.0312767028808594 -0.00616073608398438 -0.119354248046875 0.45965576171875
0.0116729736328125 -0.0276870727539063 -0.463836669921875 0.10943603515625
0.00679779052734375 -0.0761184692382812 -0.496337890625 -0.5552978515625
0.0581283569335938 -0.07183837890625 0.13153076171875 -1.02081298828125
0.0124359130859375 -0.0245399475097656 1.184814453125 -0.400146484375
-0.0726318359375 -0.0269699096679687 1.2220458984375 0.908935546875
-0.00240707397460937 -0.0354461669921875 0.22222900390625 1.05780029296875
0.0201530456542969 -0.0441703796386719 0.075042724609375 0.0968246459960938
-0.0119037628173828 -0.0235786437988281 -0.0567016601562501 -1.07440185546875
-0.018035888671875 -0.0503959655761719 -1.1865234375 -0.9996337890625
0.0147628784179688 -0.0715789794921875 -1.287353515625 0.48779296875
0.0142898559570313 -0.0871734619140625 -0.1649169921875 1.08526611328125
0.00599670410156249 -0.0781707763671875 0.46661376953125 0.60675048828125
-0.0138273239135742 -0.0105981826782227 0.47332763671875 -0.13812255859375
-0.0148124694824219 -0.00238704681396484 0.144500732421875 -0.514862060546875
-0.0314998626708984 -0.00992584228515625 -0.1204833984375 0.46063232421875
0.00697517395019531 -0.0268135070800781 -0.476776123046875 0.123260498046875
0.000740051269531258 -0.0694808959960938 -0.533203125 -0.52862548828125
0.0542030334472656 -0.0677146911621094 0.0728149414062499 -1.01751708984375
0.011871337890625 -0.0244884490966797 1.1536865234375 -0.451904296875
-0.0749130249023438 -0.0247573852539062 1.261474609375 0.843017578125
-0.00552558898925781 -0.0326709747314453 0.2724609375 1.043212890625
0.0177154541015625 -0.040374755859375 0.0911483764648438 0.108413696289063
-0.01239013671875 -0.0212001800537109 -0.00836181640624995 -1.08013916015625
-0.0170555114746094 -0.0498008728027344 -1.1422119140625 -1.0633544921875
0.0153350830078125 -0.0686531066894531 -1.318115234375 0.4307861328125
0.016387939453125 -0.0814743041992188 -0.22271728515625 1.08917236328125
0.005157470703125 -0.0743942260742188 0.42559814453125 0.634033203125
-0.0152568817138672 -0.0117149353027344 0.4561767578125 -0.12249755859375
-0.0150394439697266 -0.00464820861816406 0.14306640625 -0.510040283203125
-0.0276546478271484 -0.0126132965087891 -0.11724853515625 0.464111328125
0.00545692443847656 -0.0249195098876953 -0.48455810546875 0.133636474609375
-0.00518035888671875 -0.0539665222167969 -0.5625 -0.50909423828125
0.0469131469726563 -0.0513420104980469 0.025634765625 -1.0120849609375
0.00561332702636719 -0.0174083709716797 1.1265869140625 -0.4918212890625
-0.0765762329101563 -0.0235061645507813 1.2928466796875 0.78955078125
-0.000703811645507812 -0.0287551879882813 0.31610107421875 1.03045654296875
0.0217113494873047 -0.0316696166992188 0.105033874511719 0.115859985351562
-0.00629615783691406 -0.0193157196044922 0.0413208007812501 -1.08917236328125
-0.0149612426757812 -0.0494766235351563 -1.09930419921875 -1.12213134765625
0.0109825134277344 -0.0602836608886719 -1.341064453125 0.3792724609375
0.0145187377929687 -0.0649986267089844 -0.27325439453125 1.09136962890625
0.00251388549804687 -0.0603179931640625 0.39141845703125 0.65264892578125
-0.0142068862915039 -0.00985240936279297 0.44366455078125 -0.1131591796875
-0.0107841491699219 -0.00653743743896484 0.139007568359375 -0.5067138671875
0.0295791625976563 0.00164031982421875 -0.099822998046875 0.44561767578125
0.0275363922119141 -0.00296783447265625 -0.4114990234375 0.0653381347656249
0.00362014770507812 0.0244235992431641 -0.40380859375 -0.6173095703125
-0.00505447387695313 0.0426864624023438 0.26312255859375 -1.01824951171875
-0.0539016723632813 0.0384750366210937 1.24169921875 -0.272705078125
-0.05328369140625 -0.0296592712402344 1.1414794921875 1.04296875
0.0685768127441406 -0.0215721130371094 0.12347412109375 1.07098388671875
0.0877838134765625 0.0013580322265625 0.0479240417480469 0.0611190795898438
0.0561027526855469 -0.0160064697265625 -0.15191650390625 -1.0592041015625
-0.0114898681640625 -0.0472908020019531 -1.2640380859375 -0.8638916015625
-0.043670654296875 -0.000457763671875005 -1.2032470703125 0.5994873046875
-0.0256080627441406 0.0293540954589844 -0.0374145507812499 1.0589599609375
-0.0061330795288086 0.0115146636962891 0.552947998046875 0.529205322265625
0.0118350982666016 0.014012336730957 0.50860595703125 -0.18206787109375
0.041748046875 0.0028228759765625 0.1614990234375 -0.50469970703125
0.0159006118774414 0.00144767761230469 -0.103424072265625 0.447998046875
0.0278778076171875 -0.00894355773925781 -0.41400146484375 0.067291259765625
0.00927162170410156 -0.00385761260986328 -0.39678955078125 -0.619873046875
0.0127496719360352 0.0116634368896484 0.28021240234375 -1.012939453125
-0.0383110046386719 0.0238838195800781 1.245361328125 -0.2554931640625
-0.0559768676757812 -0.029266357421875 1.11968994140625 1.06195068359375
0.0549240112304687 -0.0263290405273437 0.1065673828125 1.0770263671875
0.073974609375 -0.0109329223632813 0.0418586730957031 0.0632057189941406
0.0416679382324219 -0.0188560485839844 -0.1671142578125 -1.05975341796875
-0.0139312744140625 -0.0475006103515625 -1.2733154296875 -0.8502197265625
-0.033050537109375 -0.0195159912109375 -1.195068359375 0.60888671875
-0.0176296234130859 -0.00136184692382812 -0.0252685546875 1.0562744140625
-0.00474643707275391 -0.0119991302490234 0.56317138671875 0.52264404296875
0.00625276565551758 0.00758790969848633 0.50970458984375 -0.1884765625
0.0272636413574219 0.00391769409179688 0.155609130859375 -0.512298583984375
0.00157487392425537 -0.000807881355285644 -0.107635498046875 0.44873046875
0.0266551971435547 -0.0144386291503906 -0.420562744140625 0.07244873046875
0.0133132934570313 -0.0312347412109375 -0.4061279296875 -0.61041259765625
0.0299491882324219 -0.0190086364746094 0.26702880859375 -1.0135498046875
-0.0194282531738281 0.00853729248046875 1.239013671875 -0.267822265625
-0.0588493347167969 -0.0282363891601562 1.12548828125 1.0439453125
0.0365867614746094 -0.0317001342773438 0.113037109375 1.073486328125
0.0566787719726563 -0.0240745544433594 0.0423316955566406 0.0677528381347656
0.0228996276855469 -0.0219917297363281 -0.16387939453125 -1.05291748046875
-0.0168266296386719 -0.0479621887207031 -1.2696533203125 -0.8460693359375
-0.0190048217773438 -0.0383033752441406 -1.1978759765625 0.606201171875
-0.0101757049560547 -0.0326385498046875 -0.02825927734375 1.0567626953125
-0.00301742553710937 -0.0361213684082031 0.557525634765625 0.530670166015625
0.00141668319702148 0.00272870063781738 0.50732421875 -0.1815185546875
0.0149478912353516 0.00372409820556641 0.15289306640625 -0.51446533203125
-0.0121994018554688 -0.00371456146240234 -0.111785888671875 0.44964599609375
0.0222988128662109 -0.0209846496582031 -0.433349609375 0.0845947265625
0.0147590637207031 -0.0548210144042969 -0.42901611328125 -0.59637451171875
0.0452880859375 -0.0452728271484375 0.232666015625 -1.01483154296875
-0.00393199920654297 -0.00633335113525391 1.2254638671875 -0.3009033203125
-0.0637092590332031 -0.0279388427734375 1.144287109375 1.0162353515625
0.0200138092041016 -0.0344715118408203 0.1356201171875 1.06976318359375
0.0414314270019531 -0.0346755981445313 0.0478591918945313 0.0754318237304688
0.00747489929199219 -0.0234584808349609 -0.14202880859375 -1.0556640625
-0.017913818359375 -0.0484085083007812 -1.2518310546875 -0.88037109375
-0.00498199462890625 -0.0551185607910156 -1.2152099609375 0.5823974609375
-0.00136566162109375 -0.0596084594726563 -0.0590820312499999 1.06390380859375
-0.000907897949218749 -0.056549072265625 0.537689208984375 0.551239013671875
-0.00579452514648438 -0.00179052352905273 0.501007080078125 -0.171966552734375
0.00145602226257324 0.00263428688049316 0.152099609375 -0.51416015625
-0.0222358703613281 -0.00553703308105469 -0.117828369140625 0.45220947265625
0.0172061920166016 -0.0254669189453125 -0.4481201171875 0.0943298339843749
0.01251220703125 -0.0700607299804688 -0.45989990234375 -0.57720947265625
0.0547065734863281 -0.0638694763183594 0.1875 -1.0155029296875
0.00762557983398438 -0.0169811248779297 1.207275390625 -0.343505859375
-0.0681724548339844 -0.0267295837402344 1.1766357421875 0.962890625
0.005645751953125 -0.036773681640625 0.1685791015625 1.06298828125
0.0272178649902344 -0.0423583984375 0.0587234497070313 0.085968017578125
-0.00404167175292969 -0.0247344970703125 -0.10113525390625 -1.0623779296875
-0.0177078247070312 -0.0499267578125 -1.2208251953125 -0.93310546875
0.00647735595703125 -0.0670852661132813 -1.247314453125 0.5367431640625
0.0064544677734375 -0.0782546997070313 -0.10968017578125 1.073974609375
0.00199127197265625 -0.0707931518554688 0.50433349609375 0.57672119140625
-0.0100412368774414 -0.00734996795654297 0.48681640625 -0.1531982421875
-0.00741481781005859 -0.000648975372314455 0.1497802734375 -0.513427734375
-0.0288333892822266 -0.00740432739257813 -0.118743896484375 0.456329345703125
0.01214599609375 -0.0267181396484375 -0.4639892578125 0.109619140625
0.00737762451171876 -0.0751724243164063 -0.495574951171875 -0.55194091796875
0.0562515258789062 -0.0724563598632812 0.13128662109375 -1.01458740234375
0.0121421813964844 -0.0246620178222656 1.1805419921875 -0.3955078125
-0.071441650390625 -0.0258102416992187 1.21728515625 0.9049072265625
-0.00188446044921875 -0.0362129211425781 0.21923828125 1.0518798828125
0.0194473266601562 -0.04345703125 0.0735092163085937 0.09588623046875
-0.0115299224853516 -0.0244522094726563 -0.0541992187500001 -1.06756591796875
-0.01812744140625 -0.0494308471679688 -1.181640625 -0.9937744140625
0.0130462646484375 -0.0712814331054687 -1.2791748046875 0.4852294921875
0.0123062133789062 -0.08642578125 -0.16265869140625 1.08258056640625
0.00491333007812499 -0.0766067504882813 0.4654541015625 0.60589599609375
-0.0131931304931641 -0.0111455917358398 0.469757080078125 -0.13812255859375
-0.0140628814697266 -0.0030069351196289 0.14227294921875 -0.51251220703125
-0.030242919921875 -0.0115509033203125 -0.1201171875 0.45855712890625
0.0077972412109375 -0.0260486602783203 -0.4739990234375 0.1241455078125
0.000831604003906243 -0.0685310363769531 -0.532501220703125 -0.525482177734375
0.0523262023925781 -0.0677490234375 0.0731811523437499 -1.0096435546875
0.0112819671630859 -0.0243568420410156 1.1495361328125 -0.4490966796875
-0.0745468139648438 -0.0247955322265625 1.255859375 0.8389892578125
-0.00444793701171875 -0.0333003997802734 0.2685546875 1.03851318359375
0.0185012817382813 -0.0399208068847656 0.0899505615234375 0.1087646484375
-0.0114631652832031 -0.0222568511962891 -0.00573730468749995 -1.07550048828125
-0.0174102783203125 -0.0490531921386719 -1.136474609375 -1.055908203125
0.0152702331542969 -0.0681991577148438 -1.311279296875 0.4296875
0.0163421630859375 -0.0808563232421875 -0.220703125 1.08612060546875
0.00592803955078125 -0.0736236572265625 0.42437744140625 0.633056640625
-0.0142726898193359 -0.0115165710449219 0.454071044921875 -0.122344970703125
-0.0137147903442383 -0.00595664978027344 0.140899658203125 -0.508087158203125
-0.0265522003173828 -0.013763427734375 -0.116943359375 0.460906982421875
0.00690269470214844 -0.0255126953125 -0.48272705078125 0.134124755859375
-0.0049285888671875 -0.0540695190429688 -0.560516357421875 -0.50482177734375
0.0460586547851563 -0.0516357421875 0.0245971679687501 -1.00543212890625
0.00506973266601563 -0.0169391632080078 1.124755859375 -0.4886474609375
-0.0749588012695312 -0.023834228515625 1.2877197265625 0.7833251953125
-9.53674316406259E-05 -0.0300235748291016 0.310546875 1.02398681640625
0.0229949951171875 -0.0316238403320312 0.104469299316406 0.114768981933594
-0.00512313842773438 -0.0190448760986328 0.0420532226562499 -1.08258056640625
-0.0149040222167969 -0.0490570068359375 -1.09283447265625 -1.11260986328125
0.00924301147460938 -0.0592918395996094 -1.3345947265625 0.375244140625
0.0135955810546875 -0.0648651123046875 -0.2733154296875 1.0870361328125
0.00315475463867188 -0.0597724914550781 0.3876953125 0.65142822265625
-0.0131626129150391 -0.00846672058105469 0.440460205078125 -0.111724853515625
-0.0104789733886719 -0.00778961181640625 0.13885498046875 -0.504364013671875
0.0312423706054688 -0.00117874145507813 -0.099578857421875 0.44219970703125
0.0291309356689453 -0.00239181518554688 -0.411529541015625 0.0658264160156251
0.00391006469726563 0.0242462158203125 -0.40264892578125 -0.614501953125
-0.0044403076171875 0.0416030883789062 0.26416015625 -1.0126953125
-0.0544776916503906 0.038787841796875 1.2379150390625 -0.2691650390625
-0.0518455505371094 -0.0287437438964844 1.136474609375 1.0380859375
0.0689048767089844 -0.0232810974121094 0.1202392578125 1.06573486328125
0.0881118774414062 0.0021209716796875 0.0458602905273438 0.062713623046875
0.0569686889648437 -0.0156784057617187 -0.151611328125 -1.0567626953125
-0.0120773315429688 -0.0458641052246094 -1.260009765625 -0.857666015625
-0.0441169738769531 -0.000354766845703129 -1.1981201171875 0.5989990234375
-0.0260791778564453 0.0290756225585938 -0.0369873046875 1.05706787109375
-0.00668907165527344 0.0110244750976563 0.55126953125 0.529632568359375
0.0122747421264648 0.0144014358520508 0.504425048828125 -0.181915283203125
0.0422134399414063 0.00243759155273438 0.1611328125 -0.503509521484375
0.0167236328125 -0.00112247467041016 -0.10443115234375 0.44500732421875
0.0289859771728516 -0.0102176666259766 -0.412628173828125 0.06781005859375
0.00946903228759766 -0.00282669067382813 -0.395263671875 -0.61627197265625
0.0122690200805664 0.011744499206543 0.281005859375 -1.00933837890625
-0.0391311645507813 0.0237197875976562 1.23974609375 -0.25244140625
-0.0531959533691406 -0.0292205810546875 1.11614990234375 1.05938720703125
0.0558090209960938 -0.0265312194824219 0.102294921875 1.072509765625
0.074554443359375 -0.010833740234375 0.0400009155273438 0.0630340576171875
0.0416793823242188 -0.0191535949707031 -0.16424560546875 -1.05438232421875
-0.0146331787109375 -0.0463142395019531 -1.2686767578125 -0.84716796875
-0.0328330993652344 -0.0186424255371094 -1.1915283203125 0.6077880859375
-0.0178031921386719 -0.000846862792968748 -0.0252685546875 1.052734375
-0.00487232208251953 -0.0114479064941406 0.56146240234375 0.52288818359375
0.00800514221191406 0.00787925720214844 0.50762939453125 -0.1864013671875
0.0291614532470703 0.00360870361328125 0.154266357421875 -0.511993408203125
0.00380110740661621 -0.00274395942687988 -0.1072998046875 0.445526123046875
0.0270671844482422 -0.0158596038818359 -0.4195556640625 0.0728149414062501
0.0136432647705078 -0.0312957763671875 -0.4046630859375 -0.608154296875
0.0291080474853516 -0.0188503265380859 0.26507568359375 -1.0093994140625
-0.0200996398925781 0.00875663757324218 1.236083984375 -0.2679443359375
-0.0578155517578125 -0.0278701782226563 1.1217041015625 1.04339599609375
0.03680419921875 -0.0321884155273437 0.1085205078125 1.0692138671875
0.0570259094238281 -0.0247077941894531 0.0406341552734375 0.0679397583007813
0.0236091613769531 -0.0227184295654297 -0.16162109375 -1.05010986328125
-0.016510009765625 -0.0469779968261719 -1.2628173828125 -0.843017578125
-0.0191001892089844 -0.0373115539550781 -1.1932373046875 0.6077880859375
-0.0104770660400391 -0.0325279235839844 -0.0277709960937501 1.05584716796875
-0.00228118896484375 -0.0358161926269531 0.555633544921875 0.52996826171875
0.000980377197265625 0.00342845916748047 0.505035400390625 -0.1837158203125
0.0156431198120117 0.00331783294677734 0.15411376953125 -0.513031005859375
-0.0110511779785156 -0.00418186187744141 -0.11212158203125 0.44964599609375
0.0238265991210938 -0.0219211578369141 -0.43255615234375 0.0850219726562499
0.0144157409667969 -0.0545654296875 -0.42864990234375 -0.59228515625
0.0442619323730469 -0.0448646545410156 0.23211669921875 -1.01019287109375
-0.00487565994262695 -0.00475645065307617 1.221923828125 -0.2989501953125
-0.0626678466796875 -0.0283279418945313 1.142822265625 1.0101318359375
0.0200767517089844 -0.0355300903320313 0.131591796875 1.06463623046875
0.041229248046875 -0.0345726013183594 0.0478897094726563 0.0756378173828125
0.00890159606933594 -0.0232772827148438 -0.1390380859375 -1.048828125
-0.0172538757324219 -0.04754638671875 -1.24609375 -0.8778076171875
-0.0061798095703125 -0.0554084777832031 -1.211181640625 0.5789794921875
-0.00228118896484376 -0.0595817565917969 -0.0592041015625 1.06207275390625
-0.00063323974609375 -0.0559463500976563 0.535614013671875 0.5499267578125
-0.00502777099609375 -0.00174760818481445 0.49810791015625 -0.17108154296875
0.00276780128479004 0.00148963928222656 0.150177001953125 -0.51434326171875
-0.021484375 -0.00703620910644531 -0.118499755859375 0.450836181640625
0.0186405181884766 -0.0254955291748047 -0.447723388671875 0.096160888671875
0.0109825134277344 -0.0697364807128906 -0.458251953125 -0.573974609375
0.0524520874023438 -0.0646591186523438 0.18951416015625 -1.01275634765625
0.00716781616210938 -0.0167474746704102 1.205322265625 -0.34228515625
-0.0666084289550781 -0.0268173217773438 1.17236328125 0.96044921875
0.00690078735351563 -0.0373649597167969 0.16632080078125 1.0576171875
0.0279388427734375 -0.0422096252441406 0.0581588745117187 0.0863723754882812
-0.00487518310546875 -0.0248508453369141 -0.1009521484375 -1.056884765625
-0.0177536010742188 -0.0481796264648438 -1.215087890625 -0.929443359375
0.00591278076171875 -0.067138671875 -1.240478515625 0.534912109375
0.00603485107421875 -0.0784225463867188 -0.10565185546875 1.07318115234375
0.00215911865234376 -0.0712509155273438 0.50408935546875 0.57635498046875
-0.009674072265625 -0.00619792938232422 0.4842529296875 -0.154052734375
-0.00686120986938477 -0.00166416168212891 0.148529052734375 -0.512542724609375
-0.0278263092041016 -0.00950431823730469 -0.118560791015625 0.454010009765625
0.014007568359375 -0.0275688171386719 -0.4627685546875 0.111175537109375
0.00645446777343751 -0.0750579833984375 -0.49383544921875 -0.5478515625
0.0549774169921875 -0.0713653564453125 0.13311767578125 -1.011474609375
0.0123786926269531 -0.0239276885986328 1.17724609375 -0.3934326171875
-0.070648193359375 -0.0260696411132812 1.211669921875 0.901123046875
-0.000976562500000004 -0.0367317199707031 0.21685791015625 1.0462646484375
0.0199737548828125 -0.0437049865722656 0.0728836059570312 0.0979232788085938
-0.0111160278320312 -0.0232906341552734 -0.05328369140625 -1.0631103515625
-0.0180015563964844 -0.0484428405761719 -1.176025390625 -0.9920654296875
0.0121994018554687 -0.070526123046875 -1.275146484375 0.482666015625
0.0124740600585937 -0.0871353149414063 -0.16229248046875 1.08074951171875
0.0046844482421875 -0.0776138305664063 0.46368408203125 0.60443115234375
-0.013270378112793 -0.0110845565795898 0.469329833984375 -0.13873291015625
-0.0142087936401367 -0.00358390808105469 0.141876220703125 -0.510223388671875
-0.0289020538330078 -0.0121726989746094 -0.120361328125 0.4561767578125
0.00925254821777344 -0.0274734497070313 -0.47467041015625 0.124481201171875
-0.000129699707031243 -0.0686264038085938 -0.530120849609375 -0.522491455078125
0.0519142150878906 -0.06732177734375 0.0731201171874999 -1.00640869140625
0.0103836059570313 -0.0248222351074219 1.146484375 -0.4451904296875
-0.0734939575195313 -0.0249099731445312 1.249755859375 0.83642578125
-0.00395584106445313 -0.0338611602783203 0.26519775390625 1.033447265625
0.01812744140625 -0.0395393371582031 0.0882415771484375 0.107330322265625
-0.0119953155517578 -0.0209770202636719 -0.0056152343749999 -1.0721435546875
-0.0175552368164063 -0.0472068786621094 -1.1324462890625 -1.052978515625
0.01422119140625 -0.0675430297851563 -1.3087158203125 0.42919921875
0.0151443481445312 -0.0813751220703125 -0.22113037109375 1.0848388671875
0.005096435546875 -0.0724868774414063 0.423828125 0.631591796875
-0.0136585235595703 -0.0113325119018555 0.453460693359375 -0.12261962890625
-0.0139389038085938 -0.00691127777099609 0.1407470703125 -0.506256103515625
-0.0250072479248047 -0.0151901245117187 -0.116729736328125 0.45819091796875
0.00746536254882812 -0.0256690979003906 -0.482818603515625 0.13568115234375
-0.00447463989257812 -0.0533790588378906 -0.55841064453125 -0.500823974609375
0.0449256896972656 -0.0512123107910156 0.02740478515625 -1.0030517578125
0.00398731231689453 -0.0168094635009766 1.12347412109375 -0.48748779296875
-0.0741500854492187 -0.0236968994140625 1.2845458984375 0.782470703125
0.00116348266601563 -0.0306606292724609 0.30828857421875 1.02032470703125
0.0225982666015625 -0.0314674377441406 0.102828979492188 0.115859985351563
-0.00523185729980469 -0.0191001892089844 0.04254150390625 -1.07855224609375
-0.0158958435058594 -0.0468940734863281 -1.08819580078125 -1.11151123046875
0.00847244262695313 -0.0589561462402344 -1.33056640625 0.3753662109375
0.0122566223144531 -0.0640220642089844 -0.27069091796875 1.08544921875
0.00221252441406249 -0.0585212707519531 0.38714599609375 0.65106201171875
-0.0132694244384766 -0.00904750823974609 0.439453125 -0.112060546875
-0.00881385803222656 -0.00792503356933594 0.1373291015625 -0.501800537109375
0.0320835113525391 -0.00278663635253906 -0.101043701171875 0.440643310546875
0.0301895141601563 -0.00201797485351563 -0.412384033203125 0.065460205078125
0.00420188903808594 0.0250053405761719 -0.4033203125 -0.6129150390625
-0.00562667846679688 0.0423431396484375 0.2669677734375 -1.01025390625
-0.0541000366210938 0.0386314392089844 1.236572265625 -0.267333984375
-0.0503273010253906 -0.0293731689453125 1.1326904296875 1.0361328125
0.0690765380859375 -0.023040771484375 0.1170654296875 1.06121826171875
0.0879135131835938 0.001556396484375 0.0458564758300781 0.06298828125
0.0573539733886719 -0.0166664123535156 -0.1484375 -1.05218505859375
-0.0117263793945312 -0.044281005859375 -1.2578125 -0.8583984375
-0.0448989868164063 5.34057617187458E-05 -1.1986083984375 0.593994140625
-0.0266036987304687 0.0292987823486328 -0.0376586914062499 1.0570068359375
-0.00590324401855469 0.0116510391235352 0.55126953125 0.529998779296875
0.0125656127929688 0.014918327331543 0.50457763671875 -0.181243896484375
0.0419998168945313 0.00205230712890625 0.159881591796875 -0.50372314453125
0.0182647705078125 -0.00176811218261719 -0.102294921875 0.442962646484375
0.0300025939941406 -0.00970840454101563 -0.413055419921875 0.0689392089843751
0.0101451873779297 -0.00280189514160156 -0.39501953125 -0.61322021484375
0.0107622146606445 0.0120553970336914 0.283203125 -1.0072021484375
-0.0382461547851563 0.0239410400390625 1.240966796875 -0.25146484375
-0.0525703430175781 -0.02947998046875 1.1126708984375 1.05902099609375
0.0557937622070313 -0.027862548828125 0.0982055664062499 1.06890869140625
0.0743331909179688 -0.0109481811523438 0.0394210815429688 0.0637855529785156
0.0418281555175781 -0.0190315246582031 -0.16363525390625 -1.05072021484375
-0.0141868591308594 -0.0448379516601563 -1.2635498046875 -0.847900390625
-0.0337619781494141 -0.01763916015625 -1.191650390625 0.6080322265625
-0.0187244415283203 -0.00144386291503906 -0.02593994140625 1.05401611328125
-0.00514030456542969 -0.011448860168457 0.560821533203125 0.522979736328125
0.00767278671264648 0.0083613395690918 0.507415771484375 -0.18646240234375
0.0294132232666016 0.00266838073730469 0.15228271484375 -0.509368896484375
0.00378990173339844 -0.00419831275939941 -0.108062744140625 0.44488525390625
0.028076171875 -0.0162773132324219 -0.42108154296875 0.0743103027343749
0.0141086578369141 -0.0311145782470703 -0.40386962890625 -0.6064453125
0.0280818939208984 -0.0185298919677734 0.26611328125 -1.007080078125
-0.0208930969238281 0.00932502746582031 1.23486328125 -0.2647705078125
-0.0562629699707031 -0.0283927917480469 1.11767578125 1.0401611328125
0.0371894836425781 -0.0328216552734375 0.10394287109375 1.06671142578125
0.0585060119628906 -0.0251388549804687 0.0396575927734375 0.068450927734375
0.0239810943603516 -0.0220851898193359 -0.16046142578125 -1.0455322265625
-0.0171356201171875 -0.0458412170410156 -1.2606201171875 -0.8438720703125
-0.0202484130859375 -0.0377197265625 -1.191162109375 0.6038818359375
-0.0118064880371094 -0.0322494506835938 -0.0291137695312501 1.05352783203125
-0.00275230407714843 -0.0345039367675781 0.555633544921875 0.529815673828125
0.00134992599487305 0.00398135185241699 0.504119873046875 -0.18231201171875
0.0167026519775391 0.00192928314208984 0.153594970703125 -0.5125732421875
-0.00977516174316406 -0.00591182708740235 -0.11285400390625 0.44744873046875
0.0244274139404297 -0.0221824645996094 -0.43231201171875 0.0842895507812499
0.0148468017578125 -0.0532264709472656 -0.4271240234375 -0.59075927734375
0.043212890625 -0.0451545715332031 0.23394775390625 -1.0069580078125
-0.00506353378295898 -0.0050501823425293 1.2210693359375 -0.2982177734375
-0.0609245300292969 -0.0279159545898438 1.1385498046875 1.0086669921875
0.0209579467773438 -0.0368270874023438 0.1278076171875 1.0618896484375
0.0419120788574219 -0.0343055725097656 0.0461959838867188 0.0764312744140625
0.00818824768066406 -0.0231952667236328 -0.1353759765625 -1.0457763671875
-0.0172691345214844 -0.0472488403320313 -1.2427978515625 -0.8753662109375
-0.00664901733398438 -0.0543785095214844 -1.21044921875 0.5767822265625
-0.00288772583007812 -0.0586509704589844 -0.06024169921875 1.060791015625
-0.000713348388671872 -0.0563240051269531 0.536346435546875 0.55047607421875
-0.00544452667236328 -0.00148534774780273 0.49658203125 -0.17236328125
0.00322628021240234 0.000859498977661133 0.15118408203125 -0.511688232421875
-0.0205326080322266 -0.00848960876464844 -0.118682861328125 0.449249267578125
0.0191001892089844 -0.0256881713867188 -0.448577880859375 0.0975952148437501
0.0118484497070312 -0.0687179565429688 -0.45758056640625 -0.570556640625
0.0518341064453125 -0.063140869140625 0.1881103515625 -1.00921630859375
0.0066375732421875 -0.0165643692016602 1.20458984375 -0.338623046875
-0.0649147033691406 -0.0268363952636719 1.16796875 0.960205078125
0.00728225708007812 -0.0385513305664063 0.1640625 1.05352783203125
0.0279273986816406 -0.0412254333496094 0.0572280883789063 0.087066650390625
-0.00418853759765625 -0.0240650177001953 -0.09674072265625 -1.05474853515625
-0.0185089111328125 -0.0473365783691406 -1.210205078125 -0.9296875
0.00416183471679687 -0.0657157897949219 -1.2396240234375 0.5338134765625
0.00549316406249999 -0.07806396484375 -0.10595703125 1.07244873046875
0.001922607421875 -0.0705490112304688 0.5023193359375 0.5770263671875
-0.00996971130371094 -0.00672435760498047 0.484130859375 -0.1544189453125
-0.00642681121826172 -0.000971317291259764 0.14862060546875 -0.5111083984375
-0.0269756317138672 -0.0121498107910156 -0.119140625 0.452728271484375
0.0145797729492187 -0.0283527374267578 -0.463897705078125 0.1124267578125
0.00651550292968751 -0.0736923217773438 -0.4937744140625 -0.547576904296875
0.0539398193359375 -0.0725479125976562 0.13275146484375 -1.00738525390625
0.0107841491699219 -0.0243701934814453 1.177978515625 -0.391357421875
-0.0703201293945313 -0.0258331298828125 1.20849609375 0.901123046875
-0.000167846679687496 -0.0371284484863281 0.2122802734375 1.04376220703125
0.0200538635253906 -0.0436859130859375 0.0707778930664063 0.0980148315429688
-0.0112018585205078 -0.0239448547363281 -0.0504760742187501 -1.06085205078125
-0.0184402465820312 -0.0472030639648437 -1.1705322265625 -0.99072265625
0.0114669799804687 -0.0702438354492188 -1.2720947265625 0.4827880859375
0.0123138427734375 -0.0864791870117188 -0.161865234375 1.0791015625
0.00461578369140625 -0.0769271850585938 0.46368408203125 0.60418701171875
-0.0115642547607422 -0.00957489013671875 0.468719482421875 -0.137725830078125
-0.0125350952148438 -0.00468349456787109 0.143035888671875 -0.510772705078125
-0.0284385681152344 -0.0140514373779297 -0.119964599609375 0.45428466796875
0.0098876953125 -0.0283622741699219 -0.474456787109375 0.124481201171875
-0.000316619873046878 -0.0660858154296875 -0.528900146484375 -0.520263671875
0.0503120422363281 -0.0672836303710938 0.0742187500000001 -1.00360107421875
0.0107250213623047 -0.0238227844238281 1.144775390625 -0.443115234375
-0.0724029541015625 -0.0248565673828125 1.24755859375 0.833740234375
-0.00364303588867187 -0.0347213745117188 0.261962890625 1.0289306640625
0.0177230834960938 -0.0391807556152344 0.0866546630859375 0.108787536621094
-0.0111808776855469 -0.0220375061035156 -0.00146484374999999 -1.06689453125
-0.0183830261230469 -0.0469932556152344 -1.1268310546875 -1.05078125
0.0137367248535156 -0.0675430297851563 -1.305419921875 0.42529296875
0.0150909423828125 -0.0804595947265625 -0.220703125 1.08343505859375
0.00575256347656251 -0.0730743408203125 0.42108154296875 0.6309814453125
-0.0132083892822266 -0.0104999542236328 0.451568603515625 -0.12286376953125
-0.0130186080932617 -0.00757980346679687 0.1402587890625 -0.506011962890625
-0.0243949890136719 -0.0168533325195313 -0.11749267578125 0.457550048828125
0.00812911987304688 -0.0265598297119141 -0.484954833984375 0.13623046875
-0.00498580932617187 -0.0532112121582031 -0.55712890625 -0.50006103515625
0.0440292358398437 -0.0511741638183594 0.02752685546875 -1.001220703125
0.00347900390625 -0.0167016983032227 1.12103271484375 -0.48675537109375
-0.0730438232421875 -0.0239410400390625 1.279541015625 0.7802734375
0.00211334228515625 -0.0311775207519531 0.30487060546875 1.015625
0.0232181549072266 -0.0303726196289063 0.101959228515625 0.116096496582031
-0.00496292114257813 -0.0185794830322266 0.0454711914062501 -1.0733642578125
-0.0161666870117187 -0.0468788146972656 -1.08514404296875 -1.10888671875
0.00788497924804688 -0.0582160949707031 -1.3302001953125 0.3731689453125
0.0128059387207031 -0.063323974609375 -0.271484375 1.08416748046875
0.00366973876953125 -0.0581321716308594 0.3856201171875 0.65179443359375
-0.0118312835693359 -0.00863265991210938 0.437957763671875 -0.111114501953125
-0.00850200653076172 -0.00884151458740234 0.137237548828125 -0.50042724609375
0.0332775115966797 -0.00403594970703125 -0.100982666015625 0.439666748046875
0.0311832427978516 -0.00320625305175781 -0.413299560546875 0.0683288574218749
0.00401878356933594 0.0262203216552734 -0.40093994140625 -0.61224365234375
-0.0069732666015625 0.0421943664550781 0.2677001953125 -1.0107421875
-0.05462646484375 0.0387763977050781 1.2374267578125 -0.2652587890625
-0.048919677734375 -0.0287628173828125 1.1317138671875 1.0367431640625
0.0693283081054688 -0.0242080688476563 0.1129150390625 1.05938720703125
0.0884628295898438 0.00128936767578125 0.0444984436035156 0.0637168884277344
0.0581779479980469 -0.0152740478515625 -0.14715576171875 -1.052001953125
-0.0114021301269531 -0.0439262390136719 -1.255859375 -0.8603515625
-0.0458106994628906 0.000843048095703131 -1.20263671875 0.5926513671875
-0.026458740234375 0.0291748046875 -0.03924560546875 1.05755615234375
-0.00670719146728516 0.0115861892700195 0.5511474609375 0.528533935546875
0.0132036209106445 0.0149393081665039 0.504150390625 -0.180450439453125
0.0434913635253906 0.00103378295898438 0.16229248046875 -0.50323486328125
0.0192604064941406 -0.00323295593261719 -0.10430908203125 0.44207763671875
0.0313873291015625 -0.0101947784423828 -0.414306640625 0.0703125
0.00897026062011719 -0.00120639801025391 -0.39471435546875 -0.61181640625
0.0102262496948242 0.0113449096679687 0.2843017578125 -1.0067138671875
-0.039337158203125 0.0233612060546875 1.239990234375 -0.25048828125
-0.0512657165527344 -0.0293083190917969 1.1131591796875 1.0592041015625
0.05633544921875 -0.0295867919921875 0.09405517578125 1.0677490234375
0.0746002197265625 -0.0113449096679687 0.0384178161621094 0.0638046264648438
0.0432586669921875 -0.0196952819824219 -0.15863037109375 -1.04937744140625
-0.0141639709472656 -0.0441856384277344 -1.2635498046875 -0.8468017578125
-0.0338211059570313 -0.0176677703857422 -1.189697265625 0.6053466796875
-0.0188751220703125 -0.00114631652832032 -0.0272216796874999 1.05474853515625
-0.00498199462890625 -0.0106449127197266 0.5615234375 0.525421142578125
0.00803613662719726 0.0086207389831543 0.50555419921875 -0.185455322265625
0.0297660827636719 0.00284957885742188 0.153533935546875 -0.5096435546875
0.00569248199462891 -0.00603055953979492 -0.108062744140625 0.444671630859375
0.0290470123291016 -0.0166969299316406 -0.420806884765625 0.0759582519531251
0.014556884765625 -0.0300922393798828 -0.40264892578125 -0.6053466796875
0.0270309448242187 -0.0175895690917969 0.26922607421875 -1.00579833984375
-0.02099609375 0.00948524475097656 1.2342529296875 -0.265625
-0.054656982421875 -0.0289154052734375 1.11865234375 1.04107666015625
0.0379295349121094 -0.0337104797363281 0.1011962890625 1.06494140625
0.0576324462890625 -0.0249252319335937 0.0389175415039063 0.0683517456054687
0.0245552062988281 -0.0223884582519531 -0.15679931640625 -1.04595947265625
-0.0166893005371094 -0.0446052551269531 -1.2584228515625 -0.84619140625
-0.0200653076171875 -0.0369224548339844 -1.191162109375 0.6036376953125
-0.0117855072021484 -0.0319595336914063 -0.03106689453125 1.0552978515625
-0.00316619873046875 -0.0348377227783203 0.55438232421875 0.531707763671875
0.00197982788085938 0.00330471992492676 0.503570556640625 -0.1826171875
0.0172157287597656 0.000275611877441406 0.152740478515625 -0.511322021484375
-0.00829553604125977 -0.00727510452270508 -0.11285400390625 0.447052001953125
0.0261821746826172 -0.0225791931152344 -0.434234619140625 0.0872802734375001
0.0142440795898438 -0.0532951354980469 -0.42596435546875 -0.5897216796875
0.042022705078125 -0.044647216796875 0.23687744140625 -1.00714111328125
-0.00552129745483398 -0.00464820861816406 1.2232666015625 -0.295166015625
-0.0603256225585938 -0.02777099609375 1.13720703125 1.0101318359375
0.0217819213867187 -0.0380172729492188 0.12567138671875 1.05975341796875
0.0417938232421875 -0.0347785949707031 0.0450439453125 0.0768508911132813
0.00973320007324219 -0.0230712890625 -0.134033203125 -1.04815673828125
-0.0181655883789063 -0.0453948974609375 -1.241943359375 -0.8773193359375
-0.00719833374023437 -0.0535697937011719 -1.2093505859375 0.5745849609375
-0.003570556640625 -0.0588340759277344 -0.0621337890625 1.06195068359375
-0.00119781494140625 -0.0549468994140625 0.535552978515625 0.5506591796875
-0.00368475914001465 -0.00168752670288086 0.497039794921875 -0.170257568359375
0.00376772880554199 -0.000936269760131836 0.1513671875 -0.51214599609375
-0.0198917388916016 -0.0112476348876953 -0.11920166015625 0.449005126953125
0.0202102661132813 -0.0264835357666016 -0.449249267578125 0.0987548828125
0.0115852355957031 -0.06805419921875 -0.458740234375 -0.56988525390625
0.0518112182617188 -0.062652587890625 0.191162109375 -1.00897216796875
0.00522518157958984 -0.0162649154663086 1.2049560546875 -0.3370361328125
-0.0643768310546875 -0.0272560119628906 1.1688232421875 0.9591064453125
0.00816726684570313 -0.039764404296875 0.157958984375 1.05450439453125
0.028472900390625 -0.0418167114257812 0.055755615234375 0.087799072265625
-0.00317573547363281 -0.0242881774902344 -0.0957031250000001 -1.05206298828125
-0.0181732177734375 -0.0460128784179688 -1.2086181640625 -0.93017578125
0.00336456298828125 -0.0648040771484375 -1.2406005859375 0.5322265625
0.005035400390625 -0.0778656005859375 -0.10693359375 1.07208251953125
0.00140762329101562 -0.0696907043457031 0.50238037109375 0.57940673828125
-0.00862979888916015 -0.00687932968139649 0.48309326171875 -0.152557373046875
-0.00689077377319336 -0.00226783752441406 0.148712158203125 -0.51190185546875
-0.0258274078369141 -0.0131263732910156 -0.1199951171875 0.452117919921875
0.0152664184570313 -0.0292434692382812 -0.46405029296875 0.11309814453125
0.00694274902343751 -0.0730133056640625 -0.492340087890625 -0.5474853515625
0.0528945922851563 -0.0705032348632813 0.1356201171875 -1.0064697265625
0.0103416442871094 -0.0237808227539063 1.1793212890625 -0.39013671875
-0.0685768127441406 -0.0250473022460938 1.209228515625 0.9005126953125
0.000251770019531246 -0.0395545959472656 0.20660400390625 1.04254150390625
0.0202445983886719 -0.0436935424804688 0.0706787109375 0.0985336303710938
-0.0100460052490234 -0.0230712890625 -0.049560546875 -1.0592041015625
-0.0188064575195313 -0.0469932556152344 -1.17041015625 -0.98974609375
0.0112533569335937 -0.0689964294433594 -1.275390625 0.4805908203125
0.0117263793945313 -0.0855636596679688 -0.1634521484375 1.08013916015625
0.00518798828125 -0.0762557983398437 0.4638671875 0.607666015625
-0.0112800598144531 -0.0108957290649414 0.468780517578125 -0.13818359375
-0.0116033554077148 -0.00508975982666015 0.14306640625 -0.509490966796875
-0.0267696380615234 -0.0172767639160156 -0.121368408203125 0.4541015625
0.0106163024902344 -0.029541015625 -0.475799560546875 0.126129150390625
0.000335693359374998 -0.0670394897460937 -0.528778076171875 -0.518585205078125
0.0488395690917969 -0.066741943359375 0.077392578125 -1.00341796875
0.00905036926269531 -0.0239467620849609 1.1483154296875 -0.44140625
-0.0707168579101563 -0.0238494873046875 1.2454833984375 0.8355712890625
-0.00159072875976562 -0.0355644226074219 0.25750732421875 1.02813720703125
0.0190963745117188 -0.0391578674316406 0.086639404296875 0.109245300292969
-0.0101070404052734 -0.0214767456054688 -0.00183105468750004 -1.06646728515625
-0.0174980163574219 -0.0458793640136719 -1.126708984375 -1.053955078125
0.012481689453125 -0.0667152404785156 -1.30224609375 0.424072265625
0.0140304565429687 -0.0807418823242188 -0.22021484375 1.086669921875
0.0059051513671875 -0.0721588134765625 0.422607421875 0.634765625
-0.0127964019775391 -0.0104532241821289 0.4515380859375 -0.1212158203125
-0.0119285583496094 -0.00732517242431641 0.1407470703125 -0.5048828125
-0.0230388641357422 -0.0186824798583984 -0.11981201171875 0.4560546875
0.00933837890625 -0.0269222259521484 -0.485595703125 0.1376953125
-0.00484848022460938 -0.0516471862792969 -0.55633544921875 -0.500823974609375
0.0431175231933594 -0.0510406494140625 0.0302124023437499 -0.9996337890625
0.00331878662109375 -0.0169410705566406 1.12109375 -0.48388671875
-0.0714035034179688 -0.0217132568359375 1.2786865234375 0.7825927734375
0.00256156921386719 -0.0324459075927734 0.29998779296875 1.014892578125
0.0235023498535156 -0.0308551788330078 0.101097106933594 0.117622375488281
-0.00432205200195312 -0.0181388854980469 0.04547119140625 -1.07305908203125
-0.0157890319824219 -0.0463409423828125 -1.0821533203125 -1.1094970703125
0.00764083862304687 -0.0585823059082031 -1.328125 0.369873046875
0.0114707946777344 -0.0643959045410156 -0.2733154296875 1.0845947265625
0.00262069702148437 -0.058563232421875 0.387939453125 0.65386962890625
-0.0114107131958008 -0.00766086578369141 0.439117431640625 -0.110565185546875
-0.00832653045654297 -0.00903511047363281 0.13641357421875 -0.50274658203125
0.0342445373535156 -0.00602149963378906 -0.102386474609375 0.4405517578125
0.0317268371582031 -0.00302314758300781 -0.41461181640625 0.0692749023437499
0.00374603271484375 0.0266075134277344 -0.40203857421875 -0.61279296875
-0.00762176513671875 0.0429039001464844 0.26953125 -1.01220703125
-0.0548324584960938 0.0392417907714844 1.2421875 -0.2662353515625
-0.0485572814941406 -0.0291519165039063 1.1322021484375 1.0390625
0.0704345703125 -0.0261688232421875 0.11053466796875 1.0618896484375
0.089385986328125 0.00201416015625 0.0433158874511719 0.0643234252929688
0.0583457946777344 -0.0170860290527344 -0.1456298828125 -1.05035400390625
-0.0112190246582031 -0.0438728332519531 -1.25439453125 -0.861572265625
-0.0462570190429688 0.000896453857421885 -1.201171875 0.595458984375
-0.0270099639892578 0.0301227569580078 -0.03839111328125 1.060302734375
-0.00701713562011718 0.0112590789794922 0.55194091796875 0.533355712890625
0.0151691436767578 0.0152721405029297 0.50457763671875 -0.181610107421875
0.0447502136230469 0.00096893310546875 0.161834716796875 -0.502532958984375
0.0200099945068359 -0.00523185729980469 -0.105682373046875 0.443359375
0.0329647064208984 -0.0109424591064453 -0.4168701171875 0.07122802734375
0.00929546356201172 -0.00134658813476563 -0.3948974609375 -0.614501953125
0.00921726226806641 0.0124835968017578 0.2869873046875 -1.0069580078125
-0.0401496887207031 0.0244331359863281 1.24169921875 -0.2489013671875
-0.0505943298339844 -0.0290641784667969 1.1119384765625 1.05914306640625
0.0569801330566406 -0.0304412841796875 0.0916137695312501 1.06756591796875
0.076019287109375 -0.0114517211914063 0.038238525390625 0.0662002563476563
0.0436134338378906 -0.0199089050292969 -0.15899658203125 -1.049560546875
-0.0139846801757813 -0.0435409545898438 -1.26171875 -0.8477783203125
-0.0346813201904297 -0.0174694061279297 -1.1923828125 0.60791015625
-0.0195541381835938 -0.000885009765625002 -0.025634765625 1.0584716796875
-0.00489139556884766 -0.0105752944946289 0.561279296875 0.52764892578125
0.00912189483642578 0.00865745544433594 0.50726318359375 -0.1865234375
0.0310630798339844 0.00193214416503906 0.154693603515625 -0.511199951171875
0.00561666488647461 -0.00718927383422851 -0.108123779296875 0.444183349609375
0.0311717987060547 -0.0170097351074219 -0.42254638671875 0.078125
0.0134773254394531 -0.0295276641845703 -0.403564453125 -0.60491943359375
0.0269203186035156 -0.0175800323486328 0.2711181640625 -1.00799560546875
-0.0218238830566406 0.00963973999023438 1.2379150390625 -0.2613525390625
-0.0545845031738281 -0.0287551879882812 1.11846923828125 1.04180908203125
0.0388832092285156 -0.0355300903320313 0.0997314453125 1.06536865234375
0.057708740234375 -0.0249900817871094 0.03778076171875 0.0686378479003906
0.0251636505126953 -0.0220851898193359 -0.154052734375 -1.0450439453125
-0.0164260864257813 -0.0453948974609375 -1.259765625 -0.8468017578125
-0.0216102600097656 -0.0371665954589844 -1.1942138671875 0.6016845703125
-0.0126934051513672 -0.0315380096435547 -0.0295410156250001 1.05804443359375
-0.00292015075683594 -0.0341243743896484 0.557861328125 0.53448486328125
0.00248575210571289 0.00397300720214844 0.503662109375 -0.184600830078125
0.0172309875488281 -0.000192642211914063 0.1533203125 -0.51251220703125
-0.00795650482177734 -0.00986480712890625 -0.1142578125 0.448150634765625
0.0267486572265625 -0.0239696502685547 -0.435028076171875 0.0879211425781249
0.0148124694824219 -0.0536918640136719 -0.42596435546875 -0.5908203125
0.0412330627441406 -0.0446510314941406 0.2376708984375 -1.007568359375
-0.00574302673339844 -0.00387430191040039 1.2235107421875 -0.295654296875
-0.0589752197265625 -0.0281333923339844 1.1402587890625 1.0113525390625
0.0218315124511719 -0.0387535095214844 0.119140625 1.06134033203125
0.0418243408203125 -0.0354423522949219 0.0440444946289063 0.0779571533203125
0.009307861328125 -0.0238494873046875 -0.13348388671875 -1.04669189453125
-0.0180320739746094 -0.0455665588378906 -1.2423095703125 -0.8780517578125
-0.008544921875 -0.0535697937011719 -1.212646484375 0.5745849609375
-0.00455093383789063 -0.0582962036132813 -0.0615234375 1.0673828125
5.722045898438E-05 -0.0551185607910156 0.536865234375 0.553009033203125
-0.00299215316772461 -0.000841856002807617 0.497100830078125 -0.172119140625
0.00465059280395508 -0.000683307647705078 0.150787353515625 -0.512298583984375
-0.0189971923828125 -0.0129966735839844 -0.120208740234375 0.448272705078125
0.0211219787597656 -0.02789306640625 -0.44989013671875 0.100921630859375
0.0119094848632813 -0.0681610107421875 -0.45684814453125 -0.571533203125
0.0506172180175781 -0.0634727478027344 0.192138671875 -1.0107421875
0.00549030303955078 -0.0166616439819336 1.2069091796875 -0.338623046875
-0.0635719299316406 -0.026702880859375 1.170166015625 0.9619140625
0.00857925415039062 -0.0409355163574219 0.15478515625 1.05255126953125
0.0292930603027344 -0.0422172546386719 0.0555419921875 0.0883865356445313
-0.00284576416015625 -0.0235652923583984 -0.09454345703125 -1.053955078125
-0.0185127258300781 -0.045806884765625 -1.2098388671875 -0.930908203125
0.00203323364257812 -0.0656204223632812 -1.2445068359375 0.5322265625
0.00427246093749999 -0.0772857666015625 -0.1082763671875 1.076416015625
0.00159454345703125 -0.069976806640625 0.5037841796875 0.5792236328125
-0.0081629753112793 -0.00603771209716797 0.48480224609375 -0.155670166015625
-0.00544500350952148 -0.00390481948852539 0.148681640625 -0.512603759765625
-0.0255393981933594 -0.0152454376220703 -0.121002197265625 0.451934814453125
0.0169944763183594 -0.0304241180419922 -0.466461181640625 0.113800048828125
0.00666809082031251 -0.0725860595703125 -0.493133544921875 -0.546417236328125
0.0524749755859375 -0.0717239379882813 0.13641357421875 -1.009033203125
0.00992202758789063 -0.0228214263916016 1.1810302734375 -0.388671875
-0.0671310424804688 -0.0259323120117188 1.209228515625 0.901611328125
0.001129150390625 -0.0402603149414063 0.20501708984375 1.04376220703125
0.0207481384277344 -0.0434303283691406 0.0697479248046875 0.0987548828125
-0.0092926025390625 -0.0237236022949219 -0.0456542968749999 -1.05902099609375
-0.018341064453125 -0.0455970764160156 -1.1722412109375 -0.993408203125
0.0101203918457031 -0.0697288513183594 -1.2769775390625 0.47998046875
0.0101852416992188 -0.0859756469726563 -0.16375732421875 1.084716796875
0.00441741943359376 -0.07568359375 0.4649658203125 0.6070556640625
-0.0106010437011719 -0.00945663452148437 0.468231201171875 -0.139251708984375
-0.0120716094970703 -0.0057525634765625 0.142242431640625 -0.51092529296875
-0.0267505645751953 -0.0181560516357422 -0.1220703125 0.45391845703125
0.0120620727539062 -0.0288810729980469 -0.477020263671875 0.12847900390625
-0.000499725341796875 -0.0662689208984375 -0.529541015625 -0.521240234375
0.0487518310546875 -0.067047119140625 0.0779418945312499 -1.005126953125
0.008514404296875 -0.0233039855957031 1.1502685546875 -0.4425048828125
-0.0696067810058594 -0.0247421264648437 1.248779296875 0.837890625
-0.00102996826171875 -0.0370635986328125 0.25543212890625 1.03076171875
0.0193710327148438 -0.0399436950683594 0.0859603881835938 0.109596252441406
-0.00954818725585938 -0.0212306976318359 0.000915527343749893 -1.06591796875
-0.0173377990722656 -0.0438995361328125 -1.12359619140625 -1.05548095703125
0.0110549926757813 -0.0674057006835938 -1.3074951171875 0.422607421875
0.0136184692382813 -0.0806503295898438 -0.22247314453125 1.08953857421875
0.004486083984375 -0.072113037109375 0.42327880859375 0.6334228515625
-0.0118827819824219 -0.0104217529296875 0.453216552734375 -0.123321533203125
-0.0119247436523438 -0.00836277008056641 0.14129638671875 -0.5068359375
-0.0216827392578125 -0.0196971893310547 -0.11993408203125 0.455841064453125
0.00977325439453125 -0.0282173156738281 -0.487274169921875 0.1383056640625
-0.00508499145507813 -0.0508651733398438 -0.55706787109375 -0.49945068359375
0.0417137145996094 -0.0509262084960938 0.0306396484374999 -1.00048828125
0.00206089019775391 -0.0163755416870117 1.1256103515625 -0.4840087890625
-0.07135009765625 -0.02294921875 1.281494140625 0.78173828125
0.00264358520507813 -0.0337619781494141 0.298095703125 1.01641845703125
0.0235443115234375 -0.0309410095214844 0.100318908691406 0.116958618164063
-0.00412178039550781 -0.0186328887939453 0.04766845703125 -1.0751953125
-0.0160026550292969 -0.0445785522460937 -1.08209228515625 -1.110107421875
0.0067596435546875 -0.058349609375 -1.331298828125 0.3717041015625
0.0118904113769531 -0.0645370483398438 -0.27392578125 1.08941650390625
0.00226211547851563 -0.0585441589355469 0.38671875 0.654296875
-0.0107498168945313 -0.00793266296386719 0.4381103515625 -0.111480712890625
-0.00877666473388672 -0.0100612640380859 0.137054443359375 -0.502899169921875
0.0347633361816406 -0.00832366943359375 -0.103485107421875 0.4425048828125
0.0333824157714844 -0.00336456298828125 -0.41729736328125 0.0708312988281249
0.00406455993652344 0.0283775329589844 -0.40118408203125 -0.61517333984375
-0.00860595703125 0.0428352355957031 0.27252197265625 -1.0155029296875
-0.0554351806640625 0.0399169921875 1.244873046875 -0.2659912109375
-0.0465850830078125 -0.0293922424316406 1.1337890625 1.03955078125
0.0707778930664063 -0.0268936157226563 0.10809326171875 1.06109619140625
0.0896530151367188 0.00115966796875 0.0425796508789063 0.0646286010742188
0.0596961975097656 -0.0153541564941406 -0.14398193359375 -1.05487060546875
-0.011627197265625 -0.0427742004394531 -1.2572021484375 -0.8624267578125
-0.0471611022949219 0.000778198242187505 -1.20703125 0.595703125
-0.0282974243164063 0.0298595428466797 -0.0397949218749999 1.0665283203125
-0.00658130645751953 0.0130643844604492 0.555999755859375 0.5355224609375
0.0148277282714844 0.0158252716064453 0.5064697265625 -0.18157958984375
0.0450897216796875 -0.00041961669921875 0.16168212890625 -0.503875732421875
0.0207958221435547 -0.00674247741699219 -0.106048583984375 0.44378662109375
0.0340652465820313 -0.0115165710449219 -0.4178466796875 0.0736083984375
0.00998973846435547 4.00543212890625E-05 -0.39495849609375 -0.61590576171875
0.00795173645019531 0.013092041015625 0.28900146484375 -1.00994873046875
-0.0398712158203125 0.0249710083007813 1.2484130859375 -0.248779296875
-0.0493354797363281 -0.0295372009277344 1.116455078125 1.0611572265625
0.0571136474609375 -0.03253173828125 0.091796875 1.07159423828125
0.0755462646484375 -0.0120620727539062 0.0373420715332031 0.0668106079101563
0.0437698364257813 -0.0195388793945313 -0.159423828125 -1.051513671875
-0.014373779296875 -0.0422477722167969 -1.2646484375 -0.8507080078125
-0.0356063842773438 -0.0175590515136719 -1.1983642578125 0.6080322265625
-0.0204429626464844 0.000328063964843748 -0.0260620117187501 1.064208984375
-0.00439167022705078 -0.0102300643920898 0.56494140625 0.5301513671875
0.0086212158203125 0.00912189483642578 0.50726318359375 -0.187896728515625
0.0310249328613281 0.000921249389648437 0.154205322265625 -0.512969970703125
0.00626754760742188 -0.00952911376953125 -0.11004638671875 0.4451904296875
0.0319690704345703 -0.0179119110107422 -0.424072265625 0.079559326171875
0.0129051208496094 -0.0295200347900391 -0.405517578125 -0.607421875
0.0261631011962891 -0.0182914733886719 0.27313232421875 -1.010498046875
-0.0219745635986328 0.00959014892578125 1.2440185546875 -0.2635498046875
-0.0525894165039063 -0.0286674499511719 1.12152099609375 1.0465087890625
0.0394363403320313 -0.0374717712402344 0.0950927734375 1.06781005859375
0.0582160949707031 -0.0256500244140625 0.0368995666503906 0.0702400207519531
0.0258255004882812 -0.0229244232177734 -0.1556396484375 -1.04559326171875
-0.0175323486328125 -0.0432548522949219 -1.262451171875 -0.848876953125
-0.02264404296875 -0.0365447998046875 -1.19970703125 0.6043701171875
-0.0130882263183594 -0.0324535369873047 -0.0308227539062499 1.06622314453125
-0.00303840637207031 -0.0341854095458984 0.55963134765625 0.53656005859375
0.00319647789001465 0.00433468818664551 0.50628662109375 -0.1846923828125
0.0183811187744141 -0.000537872314453125 0.154022216796875 -0.514068603515625
-0.00697994232177734 -0.0114898681640625 -0.114898681640625 0.44805908203125
0.0270957946777344 -0.0236854553222656 -0.43670654296875 0.0900268554687499
0.0140495300292969 -0.0517425537109375 -0.4266357421875 -0.593017578125
0.040252685546875 -0.044586181640625 0.2392578125 -1.011962890625
-0.00625324249267578 -0.00390052795410156 1.2294921875 -0.29443359375
-0.0584526062011719 -0.0279388427734375 1.14306640625 1.01318359375
0.0224876403808594 -0.0399131774902344 0.1187744140625 1.0640869140625
0.0419502258300781 -0.0354652404785156 0.0436248779296875 0.0785903930664063
0.0093231201171875 -0.0237617492675781 -0.13458251953125 -1.04931640625
-0.0185203552246094 -0.0450820922851563 -1.247314453125 -0.8817138671875
-0.00889205932617188 -0.0536231994628906 -1.217041015625 0.5794677734375
-0.00571823120117188 -0.0584182739257813 -0.0610351562500001 1.07257080078125
-0.000831604003906255 -0.0553474426269531 0.539703369140625 0.55718994140625
-0.00217175483703613 -0.00195944309234619 0.498260498046875 -0.17254638671875
0.0049738883972168 -0.00231409072875977 0.150543212890625 -0.51312255859375
-0.0186214447021484 -0.0147590637207031 -0.121002197265625 0.450958251953125
0.0225830078125 -0.0282306671142578 -0.4521484375 0.103424072265625
0.0119361877441406 -0.0674591064453125 -0.4598388671875 -0.5731201171875
0.0497970581054687 -0.0628929138183594 0.19598388671875 -1.01373291015625
0.00458145141601562 -0.0164575576782227 1.2135009765625 -0.3385009765625
-0.0631484985351563 -0.02734375 1.172119140625 0.9639892578125
0.00942611694335937 -0.0415916442871094 0.1522216796875 1.05706787109375
0.0290679931640625 -0.0429000854492188 0.054595947265625 0.0902633666992188
-0.00248336791992187 -0.0249481201171875 -0.0931396484375 -1.0560302734375
-0.0184211730957031 -0.0446014404296875 -1.2109375 -0.9354248046875
0.00228500366210938 -0.0652618408203125 -1.2476806640625 0.5340576171875
0.00408935546874999 -0.0779800415039063 -0.109130859375 1.08251953125
0.001434326171875 -0.0698127746582031 0.50634765625 0.583984375
-0.00780868530273438 -0.00600528717041015 0.486175537109375 -0.155609130859375
-0.00500297546386719 -0.00414752960205078 0.148895263671875 -0.5135498046875
-0.0248260498046875 -0.0171661376953125 -0.121063232421875 0.45245361328125
0.0168380737304688 -0.0313510894775391 -0.468353271484375 0.1162109375
0.00699615478515625 -0.071746826171875 -0.496307373046875 -0.54833984375
0.0512161254882813 -0.0707244873046875 0.1380615234375 -1.01116943359375
0.00962257385253906 -0.0228042602539063 1.1845703125 -0.390625
-0.066497802734375 -0.0260162353515625 1.2122802734375 0.90185546875
0.000801086425781249 -0.0410308837890625 0.20025634765625 1.0452880859375
0.0211334228515625 -0.0452003479003906 0.0694122314453125 0.100517272949219
-0.00955009460449218 -0.0236682891845703 -0.04693603515625 -1.06207275390625
-0.0186958312988281 -0.0447273254394531 -1.1722412109375 -0.9962158203125
0.00954818725585938 -0.0702247619628906 -1.2803955078125 0.48095703125
0.010711669921875 -0.0863113403320313 -0.16436767578125 1.0887451171875
0.0045166015625 -0.0766220092773437 0.46600341796875 0.6123046875
-0.0105648040771484 -0.00988197326660156 0.46954345703125 -0.140533447265625
-0.0117931365966797 -0.00694370269775391 0.14208984375 -0.512176513671875
-0.0254631042480469 -0.0194530487060547 -0.12200927734375 0.454681396484375
0.0129013061523437 -0.0299777984619141 -0.480194091796875 0.12994384765625
-0.000305175781250004 -0.0657234191894531 -0.531036376953125 -0.52197265625
0.0485076904296875 -0.0659294128417969 0.0784912109374999 -1.0089111328125
0.00799179077148438 -0.0234107971191406 1.15576171875 -0.4447021484375
-0.06951904296875 -0.0249519348144531 1.2506103515625 0.8377685546875
-0.00152969360351562 -0.0379447937011719 0.25360107421875 1.0325927734375
0.0190238952636719 -0.039947509765625 0.0845870971679688 0.110809326171875
-0.00997543334960938 -0.0214939117431641 0.00231933593749996 -1.06805419921875
-0.0179977416992188 -0.0438499450683594 -1.12890625 -1.0574951171875
0.0121078491210937 -0.06695556640625 -1.3125 0.42431640625
0.0143890380859375 -0.0814666748046875 -0.223388671875 1.0936279296875
0.00449371337890625 -0.0718307495117188 0.42559814453125 0.63824462890625
-0.0112228393554687 -0.0110139846801758 0.453521728515625 -0.123626708984375
-0.0117740631103516 -0.00972557067871094 0.139801025390625 -0.508514404296875
-0.0218048095703125 -0.0223007202148438 -0.12017822265625 0.457427978515625
0.0110683441162109 -0.0291271209716797 -0.489288330078125 0.140289306640625
-0.004608154296875 -0.050506591796875 -0.558929443359375 -0.502288818359375
0.04132080078125 -0.0503196716308594 0.0314331054687499 -1.00506591796875
0.0015716552734375 -0.0167837142944336 1.130859375 -0.4871826171875
-0.0709075927734375 -0.0234756469726563 1.2862548828125 0.7841796875
0.00380897521972656 -0.0351181030273438 0.2960205078125 1.018798828125
0.0243110656738281 -0.0314044952392578 0.100112915039063 0.119125366210938
-0.00391197204589844 -0.0185527801513672 0.05029296875 -1.07635498046875
-0.0162467956542969 -0.0443229675292969 -1.08245849609375 -1.11297607421875
0.00553131103515626 -0.0597419738769531 -1.337158203125 0.3729248046875
0.0111579895019531 -0.0639724731445313 -0.27362060546875 1.09332275390625
0.00265121459960938 -0.0577507019042969 0.38824462890625 0.6580810546875
-0.0104036331176758 -0.00790786743164063 0.43896484375 -0.111480712890625
-0.0070343017578125 -0.0114336013793945 0.136810302734375 -0.504241943359375
0.0348930358886719 -0.00996971130371094 -0.10308837890625 0.44207763671875
0.0345172882080078 -0.00344467163085937 -0.420379638671875 0.074432373046875
0.00443649291992188 0.0286006927490234 -0.4068603515625 -0.61676025390625
-0.00986862182617188 0.0439605712890625 0.27294921875 -1.0194091796875
-0.0549201965332031 0.0407485961914062 1.2530517578125 -0.2679443359375
-0.0466270446777344 -0.0297203063964844 1.140380859375 1.0416259765625
0.07159423828125 -0.0284194946289062 0.10552978515625 1.06341552734375
0.0898895263671875 0.00128936767578125 0.0426368713378906 0.0660057067871094
0.0604820251464844 -0.0166130065917969 -0.14483642578125 -1.05731201171875
-0.0119094848632813 -0.0419921875 -1.2647705078125 -0.864990234375
-0.0477256774902344 0.00134658813476563 -1.210693359375 0.602783203125
-0.0285072326660156 0.0303134918212891 -0.0382080078125 1.072021484375
-0.00589084625244141 0.0130491256713867 0.5579833984375 0.537139892578125
0.0149106979370117 0.0149822235107422 0.50811767578125 -0.184173583984375
0.0457649230957031 -0.00089263916015625 0.161102294921875 -0.50677490234375
0.0210723876953125 -0.00891494750976563 -0.106719970703125 0.445037841796875
0.0348606109619141 -0.0118007659912109 -0.42022705078125 0.076202392578125
0.0095510482788086 0.000466346740722656 -0.3978271484375 -0.6163330078125
0.00673675537109375 0.0137596130371094 0.28985595703125 -1.01373291015625
-0.0395126342773438 0.0256309509277344 1.25390625 -0.2509765625
-0.0495338439941406 -0.0300140380859375 1.122314453125 1.0635986328125
0.0577659606933594 -0.0334739685058594 0.08819580078125 1.0736083984375
0.0766067504882813 -0.0124282836914063 0.0365638732910156 0.0679397583007813
0.0439376831054688 -0.0195274353027344 -0.158203125 -1.0545654296875
-0.0153121948242187 -0.042572021484375 -1.2681884765625 -0.85400390625
-0.0360374450683594 -0.0176506042480469 -1.20263671875 0.6109619140625
-0.0208377838134766 0.000165939331054684 -0.0219726562499999 1.06915283203125
-0.00446796417236328 -0.0100069046020508 0.5682373046875 0.5318603515625
0.0109262466430664 0.00923538208007813 0.509185791015625 -0.188995361328125
0.0324764251708984 -0.000436782836914063 0.154693603515625 -0.515045166015625
0.00657749176025391 -0.0110254287719727 -0.11138916015625 0.447906494140625
0.0319423675537109 -0.0187549591064453 -0.427978515625 0.08203125
0.0137424468994141 -0.0279788970947266 -0.4075927734375 -0.60894775390625
0.0240459442138672 -0.0165042877197266 0.2735595703125 -1.01483154296875
-0.0216579437255859 0.0100536346435547 1.2489013671875 -0.2679443359375
-0.0522079467773438 -0.02947998046875 1.126953125 1.047607421875
0.0398025512695313 -0.0387420654296875 0.0960083007812499 1.072021484375
0.0582618713378906 -0.0256881713867188 0.0360641479492188 0.0714035034179688
0.0262603759765625 -0.0219688415527344 -0.15582275390625 -1.05023193359375
-0.0167770385742187 -0.0438423156738281 -1.2679443359375 -0.850830078125
-0.0230636596679688 -0.0362968444824219 -1.2021484375 0.610595703125
-0.0137920379638672 -0.0314006805419922 -0.0284423828125001 1.0697021484375
-0.00335311889648438 -0.0340595245361328 0.5633544921875 0.53936767578125
0.00384783744812012 0.00417208671569824 0.50726318359375 -0.186676025390625
0.0190658569335938 -0.001220703125 0.1533203125 -0.515594482421875
-0.00695896148681641 -0.0138702392578125 -0.1143798828125 0.45013427734375
0.0292987823486328 -0.0249423980712891 -0.43988037109375 0.092498779296875
0.0143966674804687 -0.0520057678222656 -0.4300537109375 -0.59393310546875
0.0401687622070313 -0.043731689453125 0.239990234375 -1.01556396484375
-0.00567626953125 -0.00428199768066406 1.2359619140625 -0.29833984375
-0.0576362609863281 -0.0283050537109375 1.1478271484375 1.0147705078125
0.0231208801269531 -0.0420074462890625 0.116943359375 1.06597900390625
0.0429153442382813 -0.0352020263671875 0.043548583984375 0.0798873901367187
0.0108070373535156 -0.0248737335205078 -0.13262939453125 -1.0523681640625
-0.0183868408203125 -0.0440826416015625 -1.249755859375 -0.883056640625
-0.00953292846679688 -0.0540313720703125 -1.220703125 0.5830078125
-0.00529479980468751 -0.0594902038574219 -0.058349609375 1.07989501953125
-0.00109100341796874 -0.0552635192871094 0.54345703125 0.557952880859375
-0.00171434879302979 -0.0011286735534668 0.49847412109375 -0.175079345703125
0.00483083724975586 -0.00250911712646484 0.150665283203125 -0.51708984375
-0.0182781219482422 -0.01641845703125 -0.120513916015625 0.45062255859375
0.0232009887695313 -0.0294437408447266 -0.454833984375 0.104522705078125
0.0120353698730469 -0.0667877197265625 -0.46258544921875 -0.573486328125
0.0493354797363281 -0.0626602172851563 0.19390869140625 -1.01715087890625
0.00428867340087891 -0.0159387588500977 1.2174072265625 -0.34130859375
-0.0624122619628906 -0.0283775329589844 1.1778564453125 0.9666748046875
0.00966644287109375 -0.0432968139648438 0.15423583984375 1.05780029296875
0.0297317504882812 -0.0429534912109375 0.0534591674804688 0.0901031494140625
-0.002838134765625 -0.0249996185302734 -0.0935668945312499 -1.05810546875
-0.0192298889160156 -0.0439414978027344 -1.2152099609375 -0.937255859375
0.00186920166015625 -0.0652198791503906 -1.25244140625 0.538330078125
0.00341796875 -0.0783843994140625 -0.10614013671875 1.08917236328125
0.0018310546875 -0.0704879760742188 0.510009765625 0.58544921875
-0.00694370269775391 -0.00619792938232422 0.487091064453125 -0.157867431640625
-0.0048370361328125 -0.0055546760559082 0.147796630859375 -0.5164794921875
-0.0241546630859375 -0.0187492370605469 -0.1221923828125 0.454833984375
0.0185718536376953 -0.0323905944824219 -0.470733642578125 0.120513916015625
0.00655364990234376 -0.0719680786132813 -0.49578857421875 -0.550201416015625
0.0512619018554688 -0.0710067749023438 0.13671875 -1.01593017578125
0.00892066955566406 -0.0234184265136719 1.1907958984375 -0.3936767578125
-0.0663375854492187 -0.0273017883300781 1.2188720703125 0.90478515625
0.000793457031249998 -0.0433540344238281 0.202392578125 1.04852294921875
0.0225410461425781 -0.04473876953125 0.069671630859375 0.101516723632813
-0.00882339477539062 -0.0243644714355469 -0.0475463867187501 -1.0660400390625
-0.0193290710449219 -0.0440177917480469 -1.177490234375 -0.99951171875
0.00844192504882813 -0.0690765380859375 -1.2882080078125 0.4866943359375
0.0097198486328125 -0.0866241455078125 -0.1627197265625 1.09716796875
0.00356292724609376 -0.0754776000976563 0.47027587890625 0.61395263671875
-0.00992870330810547 -0.00959205627441406 0.470001220703125 -0.14080810546875
-0.0111093521118164 -0.00846195220947266 0.1409912109375 -0.514434814453125
-0.0257797241210938 -0.0218276977539062 -0.12286376953125 0.4549560546875
0.013275146484375 -0.0319671630859375 -0.481903076171875 0.133087158203125
-0.000427246093750002 -0.0654487609863281 -0.53289794921875 -0.52508544921875
0.0473518371582031 -0.0660820007324219 0.078369140625 -1.01275634765625
0.00778388977050781 -0.0231285095214844 1.16064453125 -0.4471435546875
-0.0695762634277344 -0.024993896484375 1.2579345703125 0.837646484375
-0.000888824462890625 -0.0396156311035156 0.25189208984375 1.03460693359375
0.0200729370117188 -0.0409202575683594 0.0853347778320313 0.112442016601563
-0.00898361206054687 -0.0214500427246094 0.000854492187499922 -1.07220458984375
-0.0184097290039062 -0.0441436767578125 -1.1331787109375 -1.0601806640625
0.0100288391113281 -0.0666770935058594 -1.3173828125 0.4259033203125
0.0128402709960937 -0.0812606811523438 -0.219970703125 1.0999755859375
0.00495147705078124 -0.0718002319335938 0.43182373046875 0.6419677734375
-0.0095062255859375 -0.0111293792724609 0.454864501953125 -0.12548828125
-0.0105113983154297 -0.0116539001464844 0.139739990234375 -0.509674072265625
-0.0219097137451172 -0.0237998962402344 -0.120513916015625 0.45758056640625
0.0127048492431641 -0.0303974151611328 -0.491729736328125 0.14251708984375
-0.00614547729492187 -0.0498695373535156 -0.56109619140625 -0.502777099609375
0.0405349731445313 -0.050384521484375 0.03076171875 -1.007568359375
0.00178718566894531 -0.015772819519043 1.133544921875 -0.488525390625
-0.070770263671875 -0.0230636596679688 1.292236328125 0.7855224609375
0.00381088256835938 -0.0365676879882813 0.294677734375 1.02105712890625
0.0246086120605469 -0.0317554473876953 0.0997390747070313 0.118583679199219
-0.00283622741699219 -0.0189399719238281 0.0487060546875 -1.078857421875
-0.0164985656738281 -0.0436019897460937 -1.08843994140625 -1.117919921875
0.00556564331054688 -0.0574760437011719 -1.3424072265625 0.378173828125
0.0106964111328125 -0.0643577575683594 -0.27197265625 1.1004638671875
0.0024871826171875 -0.0583763122558594 0.39166259765625 0.6595458984375
-0.00911808013916016 -0.00883579254150391 0.44134521484375 -0.11260986328125
-0.0068206787109375 -0.0128355026245117 0.135833740234375 -0.50628662109375
0.0361785888671875 -0.0125617980957031 -0.10302734375 0.44366455078125
0.0350666046142578 -0.00384902954101563 -0.42193603515625 0.0771789550781251
0.00493240356445312 0.0296306610107422 -0.408935546875 -0.61798095703125
-0.0102767944335937 0.045654296875 0.27301025390625 -1.0238037109375
-0.055389404296875 0.0410346984863281 1.256103515625 -0.2730712890625
-0.04541015625 -0.0297584533691406 1.1495361328125 1.0443115234375
0.071868896484375 -0.0297088623046875 0.107666015625 1.06878662109375
0.0909500122070313 -0.00037384033203125 0.0414848327636719 0.0668411254882813
0.0610733032226563 -0.0173187255859375 -0.14697265625 -1.0611572265625
-0.0113143920898437 -0.0412101745605469 -1.271240234375 -0.865478515625
-0.0487060546875 0.0015716552734375 -1.2132568359375 0.6072998046875
-0.0289878845214844 0.0313644409179688 -0.0352172851562499 1.08001708984375
-0.00637245178222656 0.0140829086303711 0.56414794921875 0.5396728515625
0.0165195465087891 0.0160703659057617 0.509185791015625 -0.18634033203125
0.0450553894042969 -0.001678466796875 0.1611328125 -0.509765625
0.0224876403808594 -0.0110874176025391 -0.104339599609375 0.4482421875
0.0352745056152344 -0.0119895935058594 -0.422393798828125 0.080078125
0.00955963134765625 0.00179004669189453 -0.40118408203125 -0.6182861328125
0.00636482238769531 0.0149040222167969 0.2899169921875 -1.021728515625
-0.03948974609375 0.026031494140625 1.2593994140625 -0.2569580078125
-0.0483474731445312 -0.0303688049316406 1.12890625 1.0665283203125
0.0578956604003906 -0.0354232788085938 0.0895996093749999 1.0777587890625
0.0759811401367188 -0.0135879516601562 0.03515625 0.0686378479003906
0.0447959899902344 -0.0206489562988281 -0.1617431640625 -1.05816650390625
-0.0148696899414063 -0.0405921936035156 -1.279541015625 -0.85302734375
-0.0371818542480469 -0.0166549682617188 -1.2064208984375 0.62060546875
-0.0217323303222656 0.000200271606445315 -0.0219116210937499 1.07525634765625
-0.00442028045654297 -0.0104913711547852 0.572998046875 0.53265380859375
0.0112886428833008 0.00952243804931641 0.5106201171875 -0.193695068359375
0.0317649841308594 -0.00152206420898438 0.15362548828125 -0.518218994140625
0.0076446533203125 -0.0133800506591797 -0.10968017578125 0.44927978515625
0.0327186584472656 -0.0195770263671875 -0.429443359375 0.0862426757812501
0.0140609741210938 -0.0281867980957031 -0.41192626953125 -0.612548828125
0.0244007110595703 -0.0165348052978516 0.27252197265625 -1.02020263671875
-0.0222263336181641 0.00996017456054688 1.2564697265625 -0.2705078125
-0.0525169372558594 -0.0299758911132812 1.13330078125 1.048828125
0.0399360656738281 -0.0400505065917969 0.0975341796875001 1.07403564453125
0.0596122741699219 -0.0268745422363281 0.036285400390625 0.07354736328125
0.0277118682861328 -0.0227184295654297 -0.1583251953125 -1.05462646484375
-0.0164146423339844 -0.0420646667480469 -1.276611328125 -0.8502197265625
-0.0236015319824219 -0.0358352661132813 -1.20751953125 0.61474609375
-0.0137805938720703 -0.0308551788330078 -0.0237426757812499 1.0809326171875
-0.00372314453125 -0.0355644226074219 0.5693359375 0.5426025390625
0.00471687316894531 0.00400733947753906 0.508819580078125 -0.1900634765625
0.0186195373535156 -0.00249290466308594 0.1519775390625 -0.519073486328125
-0.00668907165527344 -0.0157299041748047 -0.112945556640625 0.45196533203125
0.0301303863525391 -0.0271129608154297 -0.4415283203125 0.0968017578125
0.0148429870605469 -0.0518112182617188 -0.43475341796875 -0.59527587890625
0.0387344360351562 -0.0430450439453125 0.24041748046875 -1.02203369140625
-0.00702190399169922 -0.00394010543823242 1.23974609375 -0.3031005859375
-0.0568771362304688 -0.0286598205566406 1.1561279296875 1.015869140625
0.0233383178710938 -0.04364013671875 0.11993408203125 1.0712890625
0.0430870056152344 -0.0375938415527344 0.0423736572265625 0.081085205078125
0.0117092132568359 -0.0239353179931641 -0.13494873046875 -1.05682373046875
-0.0179061889648438 -0.0427589416503906 -1.2586669921875 -0.8843994140625
-0.0109214782714844 -0.0542755126953125 -1.2274169921875 0.5882568359375
-0.00682830810546875 -0.059783935546875 -0.05487060546875 1.086669921875
-0.00159835815429687 -0.054718017578125 0.548187255859375 0.5616455078125
-0.00137090682983398 -0.00120127201080322 0.50091552734375 -0.177276611328125
0.00477313995361328 -0.00346803665161133 0.15069580078125 -0.519683837890625
-0.0178966522216797 -0.0183296203613281 -0.119720458984375 0.4552001953125
0.0246753692626953 -0.0300807952880859 -0.457183837890625 0.108795166015625
0.0116729736328125 -0.0671539306640625 -0.46466064453125 -0.5751953125
0.0484428405761719 -0.0621528625488281 0.1956787109375 -1.022705078125
0.0037689208984375 -0.0157108306884766 1.222412109375 -0.3480224609375
-0.0625343322753906 -0.02801513671875 1.1861572265625 0.9677734375
0.0085601806640625 -0.0453033447265625 0.15460205078125 1.06341552734375
0.0291938781738281 -0.0436553955078125 0.0534133911132813 0.0924911499023438
-0.00214004516601562 -0.0249958038330078 -0.09368896484375 -1.0623779296875
-0.0181045532226563 -0.0423545837402344 -1.2218017578125 -0.937744140625
0.000724792480468744 -0.0645256042480469 -1.2581787109375 0.5447998046875
0.00144195556640626 -0.0788345336914063 -0.10223388671875 1.09698486328125
0.000572204589843752 -0.0707778930664063 0.51617431640625 0.5885009765625
-0.0070953369140625 -0.00594997406005859 0.48876953125 -0.162506103515625
-0.0049748420715332 -0.0058588981628418 0.14703369140625 -0.519134521484375
-0.0245761871337891 -0.0210609436035156 -0.1202392578125 0.456939697265625
0.0194435119628906 -0.0331039428710938 -0.472686767578125 0.12396240234375
0.00606536865234374 -0.0706405639648437 -0.50238037109375 -0.550537109375
0.0501556396484375 -0.0704421997070312 0.13714599609375 -1.02197265625
0.0082550048828125 -0.0228252410888672 1.1942138671875 -0.400390625
-0.0660591125488281 -0.0264892578125 1.22705078125 0.9056396484375
0.000396728515625002 -0.0447044372558594 0.2037353515625 1.05279541015625
0.0220794677734375 -0.0452461242675781 0.0675201416015625 0.102523803710938
-0.00914382934570313 -0.0248012542724609 -0.04888916015625 -1.0697021484375
-0.0192337036132813 -0.0430679321289063 -1.1856689453125 -0.9991455078125
0.00749588012695312 -0.0697402954101563 -1.2911376953125 0.4937744140625
0.0092315673828125 -0.0865554809570313 -0.159912109375 1.1043701171875
0.00355529785156249 -0.0760879516601563 0.4755859375 0.61700439453125
-0.00979232788085937 -0.0100202560424805 0.471466064453125 -0.145355224609375
-0.0105819702148438 -0.00898551940917969 0.140380859375 -0.517974853515625
-0.0250587463378906 -0.0236225128173828 -0.1219482421875 0.45965576171875
0.0143890380859375 -0.032806396484375 -0.484588623046875 0.1373291015625
-0.000415802001953124 -0.0652694702148438 -0.53753662109375 -0.522552490234375
0.0470428466796875 -0.0668258666992188 0.0762329101562501 -1.01666259765625
0.00688743591308593 -0.0235061645507813 1.165283203125 -0.4521484375
-0.0681419372558594 -0.0245819091796875 1.26513671875 0.8394775390625
-0.00130462646484375 -0.0420074462890625 0.2542724609375 1.03802490234375
0.0188980102539063 -0.0404624938964844 0.0846099853515625 0.113555908203125
-0.0095672607421875 -0.0221920013427734 0.000732421875000108 -1.07794189453125
-0.018463134765625 -0.0425758361816406 -1.1400146484375 -1.060546875
0.00922012329101562 -0.0669136047363281 -1.3238525390625 0.434814453125
0.0118331909179687 -0.081695556640625 -0.21795654296875 1.10809326171875
0.004119873046875 -0.0725860595703125 0.43389892578125 0.64520263671875
-0.0094757080078125 -0.0112771987915039 0.45611572265625 -0.1285400390625
-0.0105056762695313 -0.0122509002685547 0.139404296875 -0.514129638671875
-0.0221138000488281 -0.0256137847900391 -0.120849609375 0.460479736328125
0.0120029449462891 -0.0306320190429687 -0.494293212890625 0.1470947265625
-0.0052032470703125 -0.0500717163085938 -0.56610107421875 -0.503173828125
0.0394859313964844 -0.0494956970214844 0.0311889648437499 -1.012451171875
0.00129032135009766 -0.0150489807128906 1.1407470703125 -0.4940185546875
-0.0693702697753906 -0.0232620239257813 1.30126953125 0.782470703125
0.0030670166015625 -0.0378761291503906 0.29693603515625 1.02490234375
0.0250644683837891 -0.0329189300537109 0.0991668701171875 0.120826721191406
-0.00273895263671875 -0.0177822113037109 0.0489501953125001 -1.083984375
-0.0163917541503906 -0.0420684814453125 -1.096923828125 -1.1212158203125
0.003936767578125 -0.0576019287109375 -1.3492431640625 0.38037109375
0.00958251953125 -0.0649032592773438 -0.27020263671875 1.11065673828125
0.00117874145507813 -0.0582504272460937 0.3975830078125 0.66473388671875
-0.00878429412841797 -0.00909423828125 0.442169189453125 -0.11700439453125
-0.00569629669189453 -0.0130653381347656 0.135986328125 -0.50921630859375
0.0370101928710938 -0.0137252807617188 -0.102813720703125 0.447418212890625
0.0370407104492188 -0.005126953125 -0.4249267578125 0.0809326171875
0.00517845153808593 0.0310287475585938 -0.41265869140625 -0.61846923828125
-0.0106277465820312 0.046417236328125 0.27252197265625 -1.031005859375
-0.05572509765625 0.0410575866699219 1.2647705078125 -0.2789306640625
-0.0447120666503906 -0.0304031372070312 1.158935546875 1.0445556640625
0.0723037719726563 -0.0325469970703125 0.11029052734375 1.07293701171875
0.0906753540039063 -0.00046539306640625 0.0411758422851563 0.068817138671875
0.0613059997558594 -0.0177001953125 -0.152099609375 -1.06439208984375
-0.0121955871582031 -0.0402145385742188 -1.279541015625 -0.864013671875
-0.049957275390625 0.00199127197265625 -1.220703125 0.6171875
-0.0293693542480469 0.0325374603271484 -0.02850341796875 1.088134765625
-0.00647354125976562 0.0134477615356445 0.569091796875 0.53948974609375
0.0169658660888672 0.0155477523803711 0.51019287109375 -0.190887451171875
0.0469322204589844 -0.00419235229492188 0.15960693359375 -0.512664794921875
0.0219440460205078 -0.0131664276123047 -0.10546875 0.449951171875
0.0369682312011719 -0.0125617980957031 -0.42626953125 0.0840759277343749
0.0103626251220703 0.00151538848876953 -0.40692138671875 -0.6195068359375
0.00472068786621094 0.0149116516113281 0.2884521484375 -1.02630615234375
-0.0401115417480469 0.0260162353515625 1.2672119140625 -0.261962890625
-0.0478019714355469 -0.0304756164550781 1.1383056640625 1.065185546875
0.0569267272949219 -0.0375328063964844 0.0931396484375 1.08294677734375
0.0769729614257813 -0.0149154663085937 0.0351295471191406 0.0692901611328125
0.0459709167480469 -0.02081298828125 -0.164794921875 -1.062255859375
-0.0148887634277344 -0.040740966796875 -1.286865234375 -0.853271484375
-0.0378684997558594 -0.0160102844238281 -1.2109375 0.62890625
-0.0215187072753906 0.000682830810546877 -0.0147705078125 1.084228515625
-0.00504970550537109 -0.00968360900878906 0.5784912109375 0.53466796875
0.0115118026733398 0.00931072235107422 0.512908935546875 -0.195343017578125
0.0326519012451172 -0.0023345947265625 0.15191650390625 -0.52099609375
0.00772476196289062 -0.0159492492675781 -0.10772705078125 0.451202392578125
0.0340003967285156 -0.0204505920410156 -0.43231201171875 0.0889587402343749
0.0137805938720703 -0.0272407531738281 -0.41522216796875 -0.612548828125
0.0228233337402344 -0.0157890319824219 0.2708740234375 -1.028076171875
-0.023101806640625 0.0107059478759766 1.261962890625 -0.27783203125
-0.0515403747558594 -0.0304183959960937 1.1434326171875 1.048828125
0.039398193359375 -0.0426216125488281 0.0975341796874999 1.07879638671875
0.0597419738769531 -0.0283355712890625 0.0354766845703125 0.07476806640625
0.0276355743408203 -0.0229129791259766 -0.1639404296875 -1.0584716796875
-0.0165901184082031 -0.0413131713867188 -1.285400390625 -0.8499755859375
-0.0251083374023438 -0.0363540649414063 -1.2137451171875 0.62646484375
-0.0140838623046875 -0.0317325592041016 -0.0184326171874999 1.08575439453125
-0.00345802307128906 -0.0344886779785156 0.5736083984375 0.543212890625
0.00593996047973633 0.00397443771362305 0.50958251953125 -0.1929931640625
0.0199851989746094 -0.00235748291015625 0.15057373046875 -0.523773193359375
-0.00693511962890625 -0.0175857543945313 -0.11328125 0.454925537109375
0.0305538177490234 -0.0275783538818359 -0.445526123046875 0.10113525390625
0.01495361328125 -0.0511970520019531 -0.4398193359375 -0.5968017578125
0.0391845703125 -0.0438880920410156 0.23614501953125 -1.02874755859375
-0.00739812850952148 -0.00383901596069336 1.24755859375 -0.3096923828125
-0.0578155517578125 -0.0288238525390625 1.1656494140625 1.01806640625
0.0222511291503906 -0.0455665588378906 0.12322998046875 1.07470703125
0.0423316955566406 -0.0384025573730469 0.0413589477539062 0.0819015502929688
0.0111274719238281 -0.0246448516845703 -0.141357421875 -1.06024169921875
-0.0176734924316406 -0.0413436889648438 -1.2664794921875 -0.883544921875
-0.0117759704589844 -0.052642822265625 -1.2308349609375 0.5960693359375
-0.00662612915039063 -0.0587577819824219 -0.0527954101562499 1.09283447265625
-0.00251007080078125 -0.0549545288085938 0.553192138671875 0.56207275390625
-0.00118231773376465 -0.00151824951171875 0.503143310546875 -0.181854248046875
0.00594997406005859 -0.00543403625488281 0.14849853515625 -0.524017333984375
-0.0182151794433594 -0.0199069976806641 -0.118011474609375 0.4576416015625
0.0247783660888672 -0.0321884155273438 -0.459991455078125 0.113494873046875
0.0114936828613281 -0.0661125183105469 -0.4698486328125 -0.575927734375
0.0475082397460938 -0.0618324279785156 0.190673828125 -1.03070068359375
0.00352287292480469 -0.0151786804199219 1.2261962890625 -0.351806640625
-0.0620994567871094 -0.0283737182617187 1.194580078125 0.9642333984375
0.00975036621093751 -0.0465278625488281 0.15704345703125 1.0677490234375
0.0303382873535156 -0.0445785522460938 0.0532913208007813 0.0933837890625
-0.00107765197753906 -0.0256977081298828 -0.10076904296875 -1.0662841796875
-0.0190849304199219 -0.0431976318359375 -1.2332763671875 -0.93701171875
-0.000732421874999996 -0.0649681091308594 -1.2637939453125 0.5533447265625
0.000640869140624993 -0.0790328979492187 -0.0977783203125 1.10467529296875
0.000133514404296873 -0.0695533752441406 0.52001953125 0.59014892578125
-0.00539064407348633 -0.00647163391113281 0.4915771484375 -0.163330078125
-0.00557804107666016 -0.00723981857299805 0.1448974609375 -0.52154541015625
-0.0243873596191406 -0.0219631195068359 -0.120025634765625 0.459869384765625
0.0201644897460938 -0.0340805053710937 -0.4754638671875 0.127105712890625
0.00553131103515625 -0.071258544921875 -0.507080078125 -0.54962158203125
0.0495414733886719 -0.0702896118164063 0.13494873046875 -1.02862548828125
0.00788307189941406 -0.0231704711914063 1.2012939453125 -0.4090576171875
-0.0665397644042969 -0.0262413024902344 1.236572265625 0.9068603515625
0.000179290771484377 -0.0470695495605469 0.20623779296875 1.0567626953125
0.0216636657714844 -0.0459823608398438 0.0683975219726563 0.103919982910156
-0.00870323181152344 -0.0250320434570313 -0.0526733398437499 -1.07366943359375
-0.0197257995605469 -0.0423812866210938 -1.1922607421875 -1.00146484375
0.00729370117187501 -0.0699195861816406 -1.2987060546875 0.5008544921875
0.0082244873046875 -0.0873489379882813 -0.15606689453125 1.11285400390625
0.00324249267578125 -0.07574462890625 0.48126220703125 0.6204833984375
-0.00860214233398437 -0.00990676879882813 0.47314453125 -0.14599609375
-0.0109224319458008 -0.00959587097167969 0.13916015625 -0.52044677734375
-0.0251941680908203 -0.0249423980712891 -0.1201171875 0.461273193359375
0.0152511596679688 -0.0334815979003906 -0.4879150390625 0.140289306640625
-0.000709533691406257 -0.0647735595703125 -0.54254150390625 -0.52288818359375
0.0452461242675781 -0.0657424926757812 0.0753173828124999 -1.02337646484375
0.00648307800292968 -0.0224723815917969 1.171630859375 -0.4583740234375
-0.0684013366699219 -0.0255699157714844 1.2767333984375 0.838623046875
-0.00118637084960938 -0.04266357421875 0.2578125 1.04168701171875
0.0209274291992187 -0.0419883728027344 0.0849075317382813 0.113739013671875
-0.00757026672363281 -0.0231399536132813 -0.00286865234375008 -1.07989501953125
-0.0186309814453125 -0.0414352416992188 -1.1485595703125 -1.0628662109375
0.00820541381835937 -0.0666313171386719 -1.331298828125 0.4420166015625
0.011505126953125 -0.08258056640625 -0.21453857421875 1.1175537109375
0.00422668457031249 -0.0722427368164062 0.43927001953125 0.64776611328125
-0.00973320007324219 -0.0110683441162109 0.457427978515625 -0.130523681640625
-0.0109043121337891 -0.0128087997436523 0.13623046875 -0.5162353515625
-0.0220260620117187 -0.0277328491210937 -0.1195068359375 0.46368408203125
0.0133056640625 -0.0318870544433594 -0.496673583984375 0.151123046875
-0.00522613525390625 -0.0491180419921875 -0.5714111328125 -0.50164794921875
0.0390510559082031 -0.0500221252441406 0.0277099609375001 -1.01898193359375
-0.000248908996582032 -0.0159778594970703 1.1448974609375 -0.501708984375
-0.070098876953125 -0.02423095703125 1.311279296875 0.7845458984375
0.00397491455078125 -0.0404243469238281 0.30108642578125 1.029052734375
0.0248699188232422 -0.0334491729736328 0.0999755859375 0.121597290039062
-0.0019989013671875 -0.01885986328125 0.0457153320312501 -1.08917236328125
-0.0157203674316406 -0.0420417785644531 -1.10491943359375 -1.12396240234375
0.00301742553710937 -0.0580062866210937 -1.354736328125 0.38916015625
0.00864028930664063 -0.0654716491699219 -0.2662353515625 1.11785888671875
0.0018157958984375 -0.058441162109375 0.4033203125 0.66619873046875
-0.0084981918334961 -0.0090951919555664 0.444549560546875 -0.1185302734375
-0.00594806671142578 -0.0150251388549805 0.13427734375 -0.51190185546875
0.0372390747070313 -0.0159263610839844 -0.1011962890625 0.4498291015625
0.0377159118652344 -0.006378173828125 -0.42779541015625 0.08465576171875
0.00555229187011719 0.0319137573242188 -0.418701171875 -0.62060546875
-0.0116386413574219 0.047607421875 0.26873779296875 -1.03887939453125
-0.0554161071777344 0.0419044494628906 1.268798828125 -0.28857421875
-0.0447578430175781 -0.0312995910644531 1.1712646484375 1.042236328125
0.072052001953125 -0.0344467163085937 0.1141357421875 1.07733154296875
0.0925216674804688 -0.0020599365234375 0.0405158996582031 0.0695152282714844
0.0616531372070313 -0.0180816650390625 -0.1575927734375 -1.0694580078125
-0.01226806640625 -0.0401344299316406 -1.2911376953125 -0.8602294921875
-0.0505256652832031 0.00218582153320313 -1.2236328125 0.6287841796875
-0.0296001434326172 0.0325813293457031 -0.0223999023437501 1.0955810546875
-0.00623035430908203 0.014460563659668 0.57635498046875 0.54083251953125
0.0182723999023437 0.0157642364501953 0.512115478515625 -0.195220947265625
0.0471687316894531 -0.004669189453125 0.15777587890625 -0.5179443359375
0.0211830139160156 -0.0155315399169922 -0.103057861328125 0.452911376953125
0.0383682250976562 -0.0145072937011719 -0.428985595703125 0.0886230468750001
0.00988292694091797 0.00318336486816406 -0.413330078125 -0.62176513671875
0.00577259063720703 0.0161123275756836 0.28369140625 -1.03515625
-0.0400886535644531 0.0261116027832031 1.276123046875 -0.2725830078125
-0.04766845703125 -0.031005859375 1.1517333984375 1.0654296875
0.0574722290039063 -0.0391082763671875 0.0955810546875001 1.088134765625
0.0774993896484375 -0.0152969360351563 0.0345535278320313 0.0708999633789063
0.0460624694824219 -0.0213508605957031 -0.17218017578125 -1.06695556640625
-0.013885498046875 -0.0406341552734375 -1.2979736328125 -0.8504638671875
-0.0386276245117188 -0.0153160095214844 -1.2176513671875 0.6400146484375
-0.0229091644287109 0.000787734985351566 -0.0078735351562501 1.0931396484375
-0.00518226623535156 -0.00927543640136719 0.586669921875 0.53399658203125
0.0123014450073242 0.00923919677734375 0.512481689453125 -0.2008056640625
0.0328731536865234 -0.00351142883300781 0.1495361328125 -0.5255126953125
0.0073699951171875 -0.0175056457519531 -0.10833740234375 0.455841064453125
0.0352821350097656 -0.0215263366699219 -0.435577392578125 0.0953369140625
0.0141201019287109 -0.0265178680419922 -0.41973876953125 -0.6129150390625
0.0229110717773438 -0.0154266357421875 0.2686767578125 -1.0380859375
-0.0226230621337891 0.0109519958496094 1.26806640625 -0.286376953125
-0.0519752502441406 -0.0311470031738281 1.1546630859375 1.0472412109375
0.0396652221679688 -0.0450859069824219 0.1024169921875 1.084228515625
0.0593223571777344 -0.0295219421386719 0.0355072021484375 0.0751953125
0.0276584625244141 -0.0237922668457031 -0.17034912109375 -1.06158447265625
-0.0169525146484375 -0.0409202575683594 -1.2967529296875 -0.8450927734375
-0.0258140563964844 -0.0355033874511719 -1.21875 0.6348876953125
-0.0149822235107422 -0.0308456420898438 -0.01123046875 1.0938720703125
-0.00433921813964844 -0.0336666107177734 0.5799560546875 0.5419921875
0.00632715225219727 0.00387430191040039 0.5125732421875 -0.197662353515625
0.0197277069091797 -0.00425529479980469 0.1480712890625 -0.52581787109375
-0.00692367553710938 -0.0191173553466797 -0.1112060546875 0.457855224609375
0.0314140319824219 -0.0286788940429688 -0.44610595703125 0.105682373046875
0.0150604248046875 -0.0507278442382813 -0.44537353515625 -0.59661865234375
0.0370635986328125 -0.0429611206054687 0.2342529296875 -1.035888671875
-0.00691604614257813 -0.00325202941894531 1.2537841796875 -0.31884765625
-0.0568199157714844 -0.0296478271484375 1.1767578125 1.0177001953125
0.0218276977539063 -0.0472488403320313 0.12548828125 1.07830810546875
0.042633056640625 -0.0384063720703125 0.0416946411132812 0.0844802856445312
0.0111770629882812 -0.0249271392822266 -0.14703369140625 -1.06390380859375
-0.0181617736816406 -0.0406417846679687 -1.27783203125 -0.880615234375
-0.0128669738769531 -0.0525360107421875 -1.2337646484375 0.6075439453125
-0.00809860229492187 -0.0601158142089844 -0.04388427734375 1.1019287109375
-0.00276184082031249 -0.0547370910644531 0.56158447265625 0.563720703125
0.00040745735168457 -0.000887155532836914 0.503662109375 -0.186248779296875
0.00599479675292969 -0.00489997863769531 0.14654541015625 -0.5269775390625
-0.0185489654541016 -0.0226955413818359 -0.11627197265625 0.460205078125
0.0257015228271484 -0.0328083038330078 -0.462738037109375 0.119598388671875
0.0110244750976563 -0.0661354064941406 -0.47564697265625 -0.57598876953125
0.0466880798339844 -0.0613670349121094 0.18609619140625 -1.03619384765625
0.00273323059082031 -0.0158605575561523 1.2333984375 -0.3631591796875
-0.0623092651367187 -0.0285148620605469 1.2091064453125 0.964599609375
0.00890731811523437 -0.0483932495117188 0.1602783203125 1.07122802734375
0.0297966003417969 -0.0459518432617188 0.0533599853515625 0.0948944091796875
-0.000911712646484374 -0.0248737335205078 -0.1055908203125 -1.07061767578125
-0.0192070007324219 -0.0430755615234375 -1.243408203125 -0.935791015625
-0.00154876708984375 -0.0647239685058594 -1.2662353515625 0.5653076171875
0.001068115234375 -0.0791015625 -0.0907592773437499 1.11114501953125
-0.000442504882812499 -0.0707550048828125 0.52691650390625 0.59112548828125
-0.00533819198608398 -0.00695657730102539 0.492034912109375 -0.167572021484375
-0.00433206558227539 -0.00876569747924805 0.14306640625 -0.5264892578125
-0.0250720977783203 -0.0239295959472656 -0.11767578125 0.46417236328125
0.0201416015625 -0.0357933044433594 -0.477630615234375 0.132476806640625
0.006561279296875 -0.0704116821289063 -0.512939453125 -0.550872802734375
0.0493087768554688 -0.0709609985351563 0.131591796875 -1.03631591796875
0.00774574279785156 -0.0228385925292969 1.2076416015625 -0.4154052734375
-0.0661048889160156 -0.0272903442382813 1.246826171875 0.9039306640625
-9.15527343750045E-05 -0.0481414794921875 0.211181640625 1.06085205078125
0.02264404296875 -0.0466537475585938 0.0689544677734375 0.105461120605469
-0.00795364379882812 -0.0249900817871094 -0.0574340820312501 -1.07830810546875
-0.0189247131347656 -0.0414924621582031 -1.206298828125 -1
0.00537872314453125 -0.0695228576660156 -1.302734375 0.5086669921875
0.00742340087890626 -0.0882034301757813 -0.149169921875 1.1219482421875
0.00286102294921875 -0.0766448974609375 0.48797607421875 0.621337890625
-0.00853633880615235 -0.0105361938476563 0.474151611328125 -0.1510009765625
-0.0111417770385742 -0.0110244750976563 0.134033203125 -0.524932861328125
-0.0258884429931641 -0.0273094177246094 -0.119720458984375 0.464385986328125
0.0165596008300781 -0.0352210998535156 -0.49041748046875 0.147186279296875
-0.00106048583984376 -0.0636024475097656 -0.54815673828125 -0.525177001953125
0.0458564758300781 -0.0654945373535156 0.0703124999999999 -1.0311279296875
0.00700187683105469 -0.0226306915283203 1.174072265625 -0.4686279296875
-0.068023681640625 -0.0260467529296875 1.2855224609375 0.8350830078125
-0.00199508666992187 -0.0457763671875 0.26019287109375 1.04541015625
0.0199050903320312 -0.0419769287109375 0.0853729248046875 0.115432739257812
-0.00780105590820313 -0.0223827362060547 -0.00915527343750008 -1.0850830078125
-0.0182685852050781 -0.0412178039550781 -1.1590576171875 -1.06396484375
0.007293701171875 -0.0675582885742188 -1.3331298828125 0.4522705078125
0.01129150390625 -0.0825881958007813 -0.207763671875 1.12548828125
0.0026702880859375 -0.0719757080078125 0.4462890625 0.64935302734375
-0.00936603546142578 -0.0107336044311523 0.46051025390625 -0.134979248046875
-0.0105905532836914 -0.0135354995727539 0.13433837890625 -0.5201416015625
-0.0221538543701172 -0.0303859710693359 -0.118133544921875 0.4656982421875
0.0137119293212891 -0.0337104797363281 -0.500457763671875 0.156585693359375
-0.005706787109375 -0.0488853454589844 -0.57745361328125 -0.50244140625
0.0391502380371094 -0.0490989685058594 0.0219116210937499 -1.02496337890625
-0.000619888305664064 -0.0151166915893555 1.146484375 -0.51171875
-0.0696945190429688 -0.0235862731933594 1.321533203125 0.7784423828125
0.00334930419921875 -0.0410614013671875 0.30450439453125 1.03106689453125
0.0253887176513672 -0.0335159301757813 0.100128173828125 0.122978210449219
-0.00220298767089844 -0.0188236236572266 0.0404052734374999 -1.09246826171875
-0.0165519714355469 -0.0412788391113281 -1.1162109375 -1.12078857421875
0.0033416748046875 -0.0587806701660156 -1.3602294921875 0.4013671875
0.008544921875 -0.0655174255371094 -0.2603759765625 1.1278076171875
0.000965118408203126 -0.0583877563476563 0.4097900390625 0.66973876953125
-0.00831365585327148 -0.00873708724975586 0.4459228515625 -0.12188720703125
-0.00528335571289062 -0.0151643753051758 0.1304931640625 -0.515838623046875
0.0372772216796875 -0.0180778503417969 -0.09771728515625 0.45318603515625
0.0387306213378906 -0.00656509399414063 -0.42962646484375 0.0898132324218749
0.006988525390625 0.0325431823730469 -0.4244384765625 -0.6209716796875
-0.0105400085449219 0.0477981567382813 0.2647705078125 -1.04840087890625
-0.0560989379882812 0.0431098937988281 1.275634765625 -0.2987060546875
-0.0449104309082031 -0.0323066711425781 1.1839599609375 1.041015625
0.0720443725585938 -0.0362625122070313 0.11737060546875 1.080078125
0.0929336547851563 -0.002471923828125 0.0403785705566406 0.0697898864746094
0.0627365112304687 -0.0185356140136719 -0.1629638671875 -1.07244873046875
-0.0122642517089844 -0.0392189025878906 -1.30224609375 -0.8572998046875
-0.0511398315429688 0.0042572021484375 -1.2239990234375 0.638671875
-0.030303955078125 0.0334758758544922 -0.0131225585937501 1.101806640625
-0.00598716735839844 0.0144424438476563 0.5831298828125 0.54229736328125
0.0192737579345703 0.0160045623779297 0.5135498046875 -0.201751708984375
0.0466804504394531 -0.00566864013671875 0.1552734375 -0.520355224609375
0.0218467712402344 -0.0181598663330078 -0.100433349609375 0.457061767578125
0.0386848449707031 -0.0155906677246094 -0.43084716796875 0.0938415527343751
0.0108184814453125 0.00356578826904297 -0.41876220703125 -0.621337890625
0.00564956665039063 0.016749382019043 0.2796630859375 -1.04315185546875
-0.0410003662109375 0.0268440246582031 1.27978515625 -0.2821044921875
-0.0474433898925781 -0.0306816101074219 1.16162109375 1.0626220703125
0.056884765625 -0.0411605834960937 0.10211181640625 1.0906982421875
0.0788116455078125 -0.0162734985351562 0.0344161987304688 0.0723114013671875
0.0460853576660156 -0.0223007202148438 -0.17694091796875 -1.070068359375
-0.014068603515625 -0.03973388671875 -1.308837890625 -0.8450927734375
-0.0396156311035156 -0.0149879455566406 -1.2178955078125 0.652099609375
-0.0235443115234375 0.00133323669433593 -0.0010986328124999 1.09979248046875
-0.00596332550048828 -0.009063720703125 0.59326171875 0.53497314453125
0.0132770538330078 0.00996780395507813 0.513671875 -0.205230712890625
0.0344905853271484 -0.00368499755859375 0.14813232421875 -0.529876708984375
0.00762939453125 -0.0202560424804688 -0.10400390625 0.457489013671875
0.0371246337890625 -0.0240325927734375 -0.43670654296875 0.0989074707031249
0.014984130859375 -0.0262279510498047 -0.42791748046875 -0.61273193359375
0.0222625732421875 -0.0146446228027344 0.26483154296875 -1.042236328125
-0.0232772827148438 0.0118770599365234 1.2744140625 -0.2947998046875
-0.0514678955078125 -0.0305442810058594 1.168701171875 1.0458984375
0.0387763977050781 -0.046356201171875 0.10723876953125 1.087646484375
0.0590934753417969 -0.0298423767089844 0.0345077514648438 0.0767745971679687
0.0281600952148438 -0.024932861328125 -0.17669677734375 -1.064697265625
-0.0154266357421875 -0.040374755859375 -1.3074951171875 -0.8431396484375
-0.0265636444091797 -0.03472900390625 -1.219970703125 0.6484375
-0.0158710479736328 -0.0304164886474609 -0.00360107421875 1.10113525390625
-0.00445938110351562 -0.0349197387695313 0.58721923828125 0.5401611328125
0.00665140151977539 0.00446414947509766 0.5123291015625 -0.202392578125
0.0196418762207031 -0.00555610656738281 0.14520263671875 -0.529815673828125
-0.00754356384277344 -0.0214557647705078 -0.107818603515625 0.462188720703125
0.0317497253417969 -0.0294265747070313 -0.448486328125 0.112030029296875
0.0148391723632813 -0.0497474670410156 -0.4521484375 -0.5960693359375
0.0368766784667969 -0.0417823791503906 0.23052978515625 -1.04302978515625
-0.00741195678710938 -0.00244522094726563 1.2587890625 -0.330078125
-0.0571022033691406 -0.0290679931640625 1.1888427734375 1.011474609375
0.0218467712402344 -0.0492668151855469 0.131103515625 1.08233642578125
0.04254150390625 -0.0397872924804688 0.0416107177734375 0.0851669311523438
0.0115680694580078 -0.0256156921386719 -0.15283203125 -1.06634521484375
-0.0178451538085938 -0.040496826171875 -1.2874755859375 -0.876708984375
-0.0148391723632812 -0.0530242919921875 -1.239990234375 0.6190185546875
-0.00836944580078125 -0.0587882995605469 -0.03558349609375 1.109375
-0.002899169921875 -0.0554313659667969 0.5665283203125 0.56182861328125
0.00078880786895752 -0.00198650360107422 0.504150390625 -0.190093994140625
0.00523805618286133 -0.0063481330871582 0.142791748046875 -0.530548095703125
-0.0186862945556641 -0.0241546630859375 -0.11474609375 0.464691162109375
0.0261669158935547 -0.0347213745117188 -0.463104248046875 0.125762939453125
0.0127983093261719 -0.0655364990234375 -0.482421875 -0.575439453125
0.0461959838867188 -0.0616569519042969 0.183837890625 -1.04278564453125
0.00357627868652344 -0.0155782699584961 1.23876953125 -0.373291015625
-0.0623283386230469 -0.0286979675292969 1.2193603515625 0.95849609375
0.00758361816406249 -0.0508346557617187 0.16461181640625 1.07684326171875
0.0296363830566406 -0.046905517578125 0.054412841796875 0.0946121215820313
-0.00150489807128906 -0.0258197784423828 -0.11199951171875 -1.07257080078125
-0.0189056396484375 -0.0410346984863281 -1.256591796875 -0.929443359375
-0.00239944458007813 -0.0643730163574219 -1.268310546875 0.576171875
-0.000305175781250006 -0.078704833984375 -0.0848388671874999 1.12042236328125
-0.00118255615234375 -0.0710906982421875 0.53497314453125 0.59149169921875
-0.00461578369140625 -0.00630426406860351 0.492095947265625 -0.174072265625
-0.00502109527587891 -0.00909423828125 0.139373779296875 -0.530120849609375
-0.0253734588623047 -0.0259609222412109 -0.1168212890625 0.46734619140625
0.0209388732910156 -0.0370292663574219 -0.479766845703125 0.140899658203125
0.00697326660156251 -0.07080078125 -0.5194091796875 -0.551666259765625
0.0480880737304687 -0.0703125 0.1241455078125 -1.04083251953125
0.00725364685058594 -0.0220432281494141 1.2113037109375 -0.4267578125
-0.0660743713378906 -0.0273780822753906 1.259521484375 0.89892578125
-0.000804901123046876 -0.0500526428222656 0.21685791015625 1.064697265625
0.0213432312011719 -0.0477523803710938 0.0701446533203125 0.106727600097656
-0.00778579711914062 -0.0245914459228516 -0.0640869140625001 -1.0821533203125
-0.0192489624023437 -0.0410003662109375 -1.2177734375 -0.996826171875
0.0050811767578125 -0.069183349609375 -1.305419921875 0.52294921875
0.00795745849609375 -0.0887527465820313 -0.1429443359375 1.12939453125
0.00112152099609375 -0.0768585205078125 0.49493408203125 0.62078857421875
-0.00706291198730469 -0.010981559753418 0.475677490234375 -0.15576171875
-0.0107622146606445 -0.0113029479980469 0.131866455078125 -0.526763916015625
-0.0261669158935547 -0.0288581848144531 -0.118865966796875 0.46783447265625
0.0165672302246094 -0.0367240905761719 -0.492584228515625 0.153228759765625
-0.0011444091796875 -0.0628929138183594 -0.5560302734375 -0.52142333984375
0.0440940856933594 -0.0657615661621094 0.06378173828125 -1.03692626953125
0.00577735900878906 -0.0228767395019531 1.176513671875 -0.4805908203125
-0.0692710876464844 -0.0262832641601563 1.2984619140625 0.8292236328125
-0.00300216674804687 -0.0467529296875 0.26556396484375 1.04638671875
0.0194244384765625 -0.0428276062011719 0.0851211547851563 0.11669921875
-0.00854301452636719 -0.0229816436767578 -0.01409912109375 -1.090087890625
-0.0174980163574219 -0.0417594909667969 -1.1719970703125 -1.0609130859375
0.00566482543945312 -0.0674095153808594 -1.338134765625 0.463134765625
0.009979248046875 -0.0828781127929688 -0.2017822265625 1.1365966796875
0.00324249267578125 -0.0722274780273438 0.452392578125 0.65032958984375
-0.00822544097900391 -0.0112361907958984 0.46087646484375 -0.13897705078125
-0.0118188858032227 -0.014378547668457 0.13104248046875 -0.524932861328125
-0.0221385955810547 -0.0323429107666016 -0.115081787109375 0.46856689453125
0.0142154693603516 -0.0343856811523437 -0.50152587890625 0.16363525390625
-0.00567245483398437 -0.0470962524414063 -0.58526611328125 -0.50091552734375
0.0380973815917969 -0.0491828918457031 0.015869140625 -1.031982421875
-0.000993728637695312 -0.0157938003540039 1.151611328125 -0.521484375
-0.0697860717773438 -0.0233383178710937 1.33349609375 0.7744140625
0.0028076171875 -0.0425529479980469 0.309814453125 1.03326416015625
0.0254936218261719 -0.034759521484375 0.100311279296875 0.123924255371094
-0.00156402587890625 -0.0189113616943359 0.0356445312499999 -1.09716796875
-0.0169754028320313 -0.0399742126464844 -1.1285400390625 -1.11865234375
0.001556396484375 -0.0585517883300781 -1.3660888671875 0.409912109375
0.00768661499023438 -0.0664443969726563 -0.25537109375 1.137939453125
0.00080108642578125 -0.05767822265625 0.41595458984375 0.67205810546875
-0.00733184814453125 -0.00837612152099609 0.44580078125 -0.124847412109375
-0.00629234313964844 -0.0166168212890625 0.127777099609375 -0.52105712890625
0.0360145568847656 -0.0204544067382813 -0.0960693359375 0.457061767578125
0.04052734375 -0.00767135620117187 -0.430816650390625 0.0972900390625
0.00706291198730469 0.0339488983154297 -0.43194580078125 -0.62109375
-0.011322021484375 0.0491676330566406 0.25872802734375 -1.054931640625
-0.0557136535644531 0.0430068969726563 1.2806396484375 -0.310546875
-0.04449462890625 -0.0313377380371094 1.1976318359375 1.0340576171875
0.0707855224609375 -0.0381927490234375 0.12506103515625 1.08416748046875
0.0929031372070312 -0.005096435546875 0.0398635864257813 0.0720901489257812
0.0634269714355469 -0.0196456909179687 -0.17181396484375 -1.07476806640625
-0.0113487243652344 -0.0389480590820313 -1.3123779296875 -0.852294921875
-0.0521469116210938 0.004150390625 -1.228515625 0.65234375
-0.0297470092773437 0.0331172943115234 -0.00531005859375009 1.10882568359375
-0.00646209716796875 0.0150489807128906 0.59222412109375 0.5401611328125
0.019805908203125 0.0161781311035156 0.51416015625 -0.20379638671875
0.0471954345703125 -0.00708770751953125 0.150970458984375 -0.526580810546875
0.0215816497802734 -0.0197830200195312 -0.096710205078125 0.459625244140625
0.0396499633789063 -0.0155487060546875 -0.431365966796875 0.100494384765625
0.0115690231323242 0.00450420379638672 -0.42620849609375 -0.6212158203125
0.00528526306152344 0.0178985595703125 0.27484130859375 -1.052978515625
-0.040740966796875 0.0271949768066406 1.2825927734375 -0.2938232421875
-0.0477714538574219 -0.0317878723144531 1.17822265625 1.056884765625
0.0574073791503906 -0.0430412292480469 0.10833740234375 1.09588623046875
0.0777511596679688 -0.0181655883789063 0.0338134765625 0.07366943359375
0.0475883483886719 -0.0232162475585937 -0.18792724609375 -1.06964111328125
-0.0146064758300781 -0.0383872985839844 -1.320556640625 -0.8389892578125
-0.0409393310546875 -0.0145530700683594 -1.2193603515625 0.664306640625
-0.0235919952392578 0.000953674316406248 0.00781249999999995 1.10577392578125
-0.00558185577392578 -0.00826549530029297 0.59979248046875 0.53387451171875
0.0133094787597656 0.00906753540039063 0.5152587890625 -0.210723876953125
0.0327320098876953 -0.00640106201171875 0.144256591796875 -0.53375244140625
0.00712966918945313 -0.0212116241455078 -0.100738525390625 0.46307373046875
0.037628173828125 -0.02520751953125 -0.439422607421875 0.1060791015625
0.0149288177490234 -0.0248031616210938 -0.4334716796875 -0.6134033203125
0.0219402313232422 -0.0145931243896484 0.260009765625 -1.0506591796875
-0.0231513977050781 0.0116691589355469 1.27783203125 -0.306884765625
-0.0512237548828125 -0.0306625366210937 1.1826171875 1.039306640625
0.037628173828125 -0.04779052734375 0.11578369140625 1.0908203125
0.0596885681152344 -0.0309028625488281 0.0347824096679688 0.0782852172851563
0.0295047760009766 -0.0246372222900391 -0.18243408203125 -1.06890869140625
-0.0165519714355469 -0.0389442443847656 -1.317626953125 -0.8365478515625
-0.0271778106689453 -0.0342998504638672 -1.220458984375 0.6611328125
-0.0159626007080078 -0.0311985015869141 0.00500488281250004 1.1085205078125
-0.00507354736328125 -0.0332984924316406 0.595703125 0.5426025390625
0.00723648071289062 0.00406503677368164 0.51324462890625 -0.20867919921875
0.0194740295410156 -0.00647163391113281 0.14324951171875 -0.5345458984375
-0.00862884521484375 -0.0235557556152344 -0.10614013671875 0.464080810546875
0.0326366424560547 -0.0318222045898438 -0.450347900390625 0.1187744140625
0.0154495239257813 -0.0498809814453125 -0.458984375 -0.5963134765625
0.036407470703125 -0.0420722961425781 0.2235107421875 -1.05230712890625
-0.00817775726318359 -0.00440597534179687 1.2623291015625 -0.3406982421875
-0.0574493408203125 -0.0306205749511719 1.202880859375 1.005126953125
0.0212440490722656 -0.0504608154296875 0.138916015625 1.088134765625
0.0429229736328125 -0.0410690307617188 0.0419998168945313 0.0858840942382813
0.0119495391845703 -0.0257511138916016 -0.16033935546875 -1.069091796875
-0.0174751281738281 -0.0396537780761719 -1.302490234375 -0.8721923828125
-0.0147819519042969 -0.0519866943359375 -1.239013671875 0.63427734375
-0.00918960571289062 -0.0590896606445313 -0.0260009765624999 1.12030029296875
-0.00388717651367188 -0.0538864135742188 0.576416015625 0.56231689453125
0.00211071968078613 -0.00189352035522461 0.504913330078125 -0.197113037109375
0.00498723983764648 -0.00732612609863281 0.138916015625 -0.535247802734375
-0.0186939239501953 -0.0252494812011719 -0.111602783203125 0.46661376953125
0.0264549255371094 -0.0373764038085938 -0.46490478515625 0.132110595703125
0.011932373046875 -0.0649948120117188 -0.48974609375 -0.5748291015625
0.0461273193359375 -0.0605583190917969 0.17510986328125 -1.052490234375
0.00237083435058594 -0.0154142379760742 1.2415771484375 -0.3841552734375
-0.0618782043457031 -0.0288887023925781 1.234130859375 0.95458984375
0.00629425048828125 -0.0525932312011719 0.17327880859375 1.07958984375
0.0287322998046875 -0.0478706359863281 0.05426025390625 0.096588134765625
-0.000738143920898439 -0.0257072448730469 -0.12188720703125 -1.07501220703125
-0.01873779296875 -0.0404167175292969 -1.2703857421875 -0.9278564453125
-0.00396347045898438 -0.0647392272949219 -1.2724609375 0.591064453125
-0.00171661376953124 -0.0794906616210938 -0.0751953125 1.129638671875
-0.0024871826171875 -0.0698318481445313 0.5423583984375 0.58990478515625
-0.00315380096435547 -0.00760841369628906 0.492645263671875 -0.177978515625
-0.00536537170410157 -0.0102329254150391 0.135223388671875 -0.53485107421875
-0.0259456634521484 -0.0272254943847656 -0.112335205078125 0.471038818359375
0.0212593078613281 -0.0393867492675781 -0.480743408203125 0.145751953125
0.00593948364257812 -0.069610595703125 -0.52581787109375 -0.548095703125
0.0472488403320312 -0.0701255798339844 0.1177978515625 -1.04864501953125
0.0058135986328125 -0.0224380493164063 1.21337890625 -0.438720703125
-0.0666885375976563 -0.0274314880371094 1.271484375 0.892333984375
-0.00208663940429688 -0.0510597229003906 0.2225341796875 1.0693359375
0.0216712951660156 -0.049346923828125 0.069610595703125 0.106918334960937
-0.0085296630859375 -0.0251998901367188 -0.0715332031250001 -1.08551025390625
-0.0192985534667969 -0.0392303466796875 -1.2293701171875 -0.99169921875
0.00298309326171875 -0.0698356628417969 -1.306640625 0.5380859375
0.00640106201171875 -0.0886306762695313 -0.132568359375 1.138671875
0.000984191894531255 -0.0765380859375 0.50372314453125 0.623046875
-0.00725364685058594 -0.0101423263549805 0.476409912109375 -0.1607666015625
-0.0113687515258789 -0.0127887725830078 0.129180908203125 -0.53253173828125
-0.0273704528808594 -0.0303115844726562 -0.114471435546875 0.472015380859375
0.0158805847167969 -0.0387611389160156 -0.49432373046875 0.158660888671875
-0.000469207763671871 -0.063201904296875 -0.56304931640625 -0.5198974609375
0.0435867309570312 -0.0656623840332031 0.0581054687500001 -1.04473876953125
0.00467300415039063 -0.0217609405517578 1.1822509765625 -0.4927978515625
-0.0685653686523438 -0.02569580078125 1.3099365234375 0.823974609375
-0.0031585693359375 -0.048187255859375 0.273681640625 1.0511474609375
0.01922607421875 -0.0449142456054688 0.0863876342773438 0.117973327636719
-0.00836944580078125 -0.0222434997558594 -0.0233154296874999 -1.09381103515625
-0.0179634094238281 -0.03948974609375 -1.1854248046875 -1.0565185546875
0.0054168701171875 -0.0667343139648438 -1.33984375 0.4765625
0.00922393798828125 -0.0825958251953125 -0.1932373046875 1.14453125
0.00147247314453125 -0.0721664428710938 0.46044921875 0.65155029296875
-0.00875282287597656 -0.0113897323608398 0.4605712890625 -0.143463134765625
-0.0110034942626953 -0.015324592590332 0.126312255859375 -0.5289306640625
-0.0233726501464844 -0.0335044860839844 -0.112579345703125 0.47357177734375
0.0152740478515625 -0.0354804992675781 -0.503875732421875 0.170166015625
-0.00503921508789062 -0.0466728210449219 -0.5924072265625 -0.4989013671875
0.0368690490722656 -0.0493850708007812 0.00939941406250005 -1.03753662109375
-0.00221920013427734 -0.0151519775390625 1.1536865234375 -0.5338134765625
-0.06976318359375 -0.0235214233398437 1.3466796875 0.7652587890625
0.00135421752929688 -0.0452194213867187 0.31732177734375 1.03619384765625
0.0251655578613281 -0.0358428955078125 0.102302551269531 0.124443054199219
-0.000925064086914062 -0.019195556640625 0.0256958007812499 -1.10247802734375
-0.0169410705566406 -0.0399894714355469 -1.14306640625 -1.1162109375
0.000553131103515621 -0.0575027465820313 -1.37060546875 0.4244384765625
0.00722885131835938 -0.065704345703125 -0.24560546875 1.14892578125
-0.00028610229492187 -0.0571136474609375 0.42401123046875 0.6719970703125
-0.00707912445068359 -0.0091714859008789 0.44805908203125 -0.12921142578125
-0.00673103332519531 -0.0181694030761719 0.12249755859375 -0.524505615234375
0.0360488891601563 -0.0234489440917969 -0.09149169921875 0.459075927734375
0.0414695739746094 -0.0093994140625 -0.432708740234375 0.102142333984375
0.00907707214355469 0.0349407196044922 -0.4412841796875 -0.61993408203125
-0.0107040405273438 0.0507965087890625 0.250244140625 -1.06365966796875
-0.055633544921875 0.0444412231445313 1.2835693359375 -0.32568359375
-0.0445365905761719 -0.0326271057128906 1.21142578125 1.0277099609375
0.0707550048828125 -0.0403213500976563 0.13336181640625 1.087646484375
0.0927047729492187 -0.0063323974609375 0.0400390625 0.0734329223632813
0.0628929138183594 -0.0210723876953125 -0.181884765625 -1.07525634765625
-0.0116729736328125 -0.0376663208007813 -1.32470703125 -0.8428955078125
-0.0530242919921875 0.00498962402343751 -1.226806640625 0.66943359375
-0.0305633544921875 0.0351982116699219 0.0064086914062499 1.11590576171875
-0.00660133361816406 0.0156478881835938 0.60125732421875 0.5382080078125
0.0198402404785156 0.0155582427978516 0.5147705078125 -0.21148681640625
0.04779052734375 -0.00809860229492188 0.14825439453125 -0.529083251953125
0.0214061737060547 -0.0218620300292969 -0.09375 0.462615966796875
0.0401229858398438 -0.0179672241210938 -0.43316650390625 0.10552978515625
0.0128850936889648 0.00556659698486328 -0.4329833984375 -0.62030029296875
0.00460052490234375 0.0191726684570313 0.26605224609375 -1.06097412109375
-0.0404548645019531 0.0272064208984375 1.287841796875 -0.30712890625
-0.0476303100585938 -0.0320281982421875 1.19140625 1.0478515625
0.0560569763183594 -0.0450820922851563 0.11651611328125 1.09613037109375
0.078125 -0.0190277099609375 0.0341720581054687 0.0746383666992188
0.04730224609375 -0.0238227844238281 -0.1964111328125 -1.07183837890625
-0.0149345397949219 -0.0380516052246094 -1.332763671875 -0.829833984375
-0.0411338806152344 -0.0141868591308594 -1.217041015625 0.681396484375
-0.0229320526123047 0.00133895874023438 0.0202026367187499 1.11328125
-0.0062255859375 -0.00823402404785156 0.6102294921875 0.53070068359375
0.0139589309692383 0.00891971588134766 0.51483154296875 -0.2166748046875
0.0329189300537109 -0.00662040710449219 0.140106201171875 -0.536102294921875
0.00681877136230468 -0.0235500335693359 -0.097808837890625 0.466278076171875
0.0384559631347656 -0.0261497497558594 -0.4393310546875 0.113433837890625
0.0159053802490234 -0.0242156982421875 -0.44317626953125 -0.61285400390625
0.0221786499023438 -0.0129413604736328 0.25079345703125 -1.05902099609375
-0.0232639312744141 0.0123634338378906 1.282958984375 -0.3238525390625
-0.0524482727050781 -0.03057861328125 1.1973876953125 1.0308837890625
0.0373039245605469 -0.0489425659179687 0.1240234375 1.09375
0.0592765808105469 -0.0324211120605469 0.0356521606445313 0.0787124633789062
0.0288429260253906 -0.0250835418701172 -0.19415283203125 -1.06695556640625
-0.0164604187011719 -0.0388374328613281 -1.3314208984375 -0.8287353515625
-0.02825927734375 -0.0338001251220703 -1.2183837890625 0.6768798828125
-0.0173130035400391 -0.0313301086425781 0.0179443359375 1.11480712890625
-0.00625991821289062 -0.0335865020751953 0.60540771484375 0.537841796875
0.00782346725463867 0.00354433059692383 0.51312255859375 -0.214569091796875
0.0188503265380859 -0.00812911987304688 0.136810302734375 -0.537445068359375
-0.00887489318847656 -0.0248451232910156 -0.102874755859375 0.469024658203125
0.0329113006591797 -0.0330734252929688 -0.450439453125 0.1234130859375
0.0156631469726563 -0.04937744140625 -0.46588134765625 -0.593505859375
0.0368232727050781 -0.0404052734375 0.21514892578125 -1.05963134765625
-0.00863170623779297 -0.00325107574462891 1.266845703125 -0.35400390625
-0.0567550659179687 -0.0304374694824219 1.21630859375 0.998046875
0.01861572265625 -0.0518684387207031 0.14752197265625 1.09002685546875
0.0424728393554688 -0.0424690246582031 0.0431060791015625 0.0880126953125
0.0123100280761719 -0.0273761749267578 -0.1712646484375 -1.06988525390625
-0.018035888671875 -0.0388603210449219 -1.3150634765625 -0.8636474609375
-0.0155220031738281 -0.0522079467773438 -1.23876953125 0.6484375
-0.0101852416992188 -0.0591773986816406 -0.0140380859375 1.125244140625
-0.0055389404296875 -0.0546607971191406 0.5843505859375 0.5601806640625
0.00254964828491211 -0.00201630592346191 0.50445556640625 -0.201416015625
0.00514554977416992 -0.00805807113647461 0.13372802734375 -0.53765869140625
-0.0214748382568359 -0.0277004241943359 -0.107940673828125 0.471588134765625
0.027496337890625 -0.038177490234375 -0.46630859375 0.136962890625
0.0119705200195312 -0.0645217895507813 -0.498046875 -0.57269287109375
0.0451011657714844 -0.061431884765625 0.16815185546875 -1.05914306640625
0.00227451324462891 -0.0158872604370117 1.243896484375 -0.400634765625
-0.0628662109375 -0.0284538269042969 1.2479248046875 0.944091796875
0.00475692749023437 -0.0529747009277344 0.1837158203125 1.08135986328125
0.028900146484375 -0.048797607421875 0.0549468994140625 0.0979843139648438
-0.000598907470703122 -0.0273342132568359 -0.12860107421875 -1.07843017578125
-0.0186843872070313 -0.0392913818359375 -1.2821044921875 -0.9183349609375
-0.005035400390625 -0.0642127990722656 -1.2734375 0.6065673828125
-0.00234222412109375 -0.0798187255859375 -0.062255859375 1.1356201171875
-0.00256347656250001 -0.0701637268066406 0.55157470703125 0.5894775390625
-0.00314664840698242 -0.00673294067382813 0.4923095703125 -0.185089111328125
-0.00598239898681641 -0.0107212066650391 0.13055419921875 -0.538299560546875
-0.0273990631103516 -0.0292587280273438 -0.10882568359375 0.4749755859375
0.0216712951660156 -0.04095458984375 -0.481964111328125 0.152740478515625
0.0053558349609375 -0.0684242248535156 -0.534759521484375 -0.54669189453125
0.0463485717773438 -0.070159912109375 0.1080322265625 -1.05438232421875
0.00640678405761719 -0.0228099822998047 1.2144775390625 -0.453857421875
-0.0675582885742188 -0.0278434753417969 1.2864990234375 0.8848876953125
-0.0034027099609375 -0.0526084899902344 0.2330322265625 1.06951904296875
0.0206565856933594 -0.0506858825683594 0.0712051391601563 0.108573913574219
-0.00766563415527344 -0.02630615234375 -0.0816040039062499 -1.08807373046875
-0.0191650390625 -0.0390167236328125 -1.2430419921875 -0.9837646484375
0.00239181518554688 -0.0702667236328125 -1.3082275390625 0.550048828125
0.00476837158203125 -0.08868408203125 -0.1192626953125 1.1474609375
-0.000267028808593751 -0.0769882202148438 0.51190185546875 0.621337890625
-0.00714111328125 -0.0108442306518555 0.4764404296875 -0.164947509765625
-0.0112829208374023 -0.0134449005126953 0.124847412109375 -0.536529541015625
-0.0288219451904297 -0.0324478149414063 -0.110107421875 0.473663330078125
0.0166549682617188 -0.0402565002441406 -0.494354248046875 0.1656494140625
-0.000782012939453122 -0.0625228881835938 -0.570556640625 -0.51763916015625
0.0433197021484375 -0.0653495788574219 0.047119140625 -1.0487060546875
0.00422096252441406 -0.0221366882324219 1.181396484375 -0.5050048828125
-0.0694618225097656 -0.0250816345214844 1.3238525390625 0.81640625
-0.005157470703125 -0.0490570068359375 0.28314208984375 1.052001953125
0.0191116333007813 -0.0453605651855469 0.087005615234375 0.119071960449219
-0.00769996643066406 -0.0229644775390625 -0.0319213867187501 -1.0955810546875
-0.0189704895019531 -0.0381813049316406 -1.1986083984375 -1.0518798828125
0.00347900390625 -0.0666046142578125 -1.34228515625 0.4937744140625
0.00857543945312499 -0.083770751953125 -0.181396484375 1.1524658203125
0.0010986328125 -0.0718612670898438 0.47027587890625 0.65155029296875
-0.00809669494628906 -0.0110988616943359 0.46063232421875 -0.149169921875
-0.0119686126708984 -0.0161285400390625 0.121490478515625 -0.53143310546875
-0.0250625610351562 -0.0339431762695313 -0.109375 0.475067138671875
0.0156517028808594 -0.0375251770019531 -0.504974365234375 0.177520751953125
-0.0049285888671875 -0.0463943481445313 -0.59893798828125 -0.49578857421875
0.0376396179199219 -0.0490379333496094 0.000305175781249999 -1.04254150390625
-0.00178813934326172 -0.0146055221557617 1.154296875 -0.5477294921875
-0.0706405639648438 -0.0237960815429688 1.35791015625 0.755859375
0.00107192993164062 -0.0458831787109375 0.32513427734375 1.034423828125
0.0247535705566406 -0.0363235473632813 0.103042602539062 0.124580383300781
-0.000974655151367186 -0.0196018218994141 0.0174560546875 -1.1048583984375
-0.0170059204101563 -0.0387802124023438 -1.1551513671875 -1.1103515625
-0.00147628784179688 -0.0573234558105469 -1.3704833984375 0.4384765625
0.00749969482421876 -0.0668220520019531 -0.234619140625 1.1546630859375
-0.000213623046875001 -0.0574111938476563 0.43328857421875 0.6724853515625
-0.00556659698486328 -0.00976657867431641 0.44854736328125 -0.1357421875
-0.00718307495117187 -0.0181312561035156 0.118865966796875 -0.528961181640625
0.0345191955566406 -0.0251846313476563 -0.089324951171875 0.463104248046875
0.0415687561035156 -0.0118675231933594 -0.4334716796875 0.109893798828125
0.00997352600097656 0.0350265502929688 -0.44854736328125 -0.61639404296875
-0.0102272033691406 0.0525894165039063 0.2396240234375 -1.071533203125
-0.055633544921875 0.0452651977539062 1.2822265625 -0.3399658203125
-0.0447921752929687 -0.0321998596191406 1.224365234375 1.01611328125
0.0697555541992188 -0.0424652099609375 0.1424560546875 1.09033203125
0.092498779296875 -0.00736236572265625 0.0405960083007813 0.0747451782226563
0.0641098022460938 -0.0221900939941406 -0.19219970703125 -1.07568359375
-0.011627197265625 -0.0367774963378906 -1.338623046875 -0.832763671875
-0.053741455078125 0.00689697265625 -1.223876953125 0.684326171875
-0.0303230285644531 0.0349178314208984 0.0203857421875001 1.123779296875
-0.00678825378417969 0.017578125 0.60888671875 0.5333251953125
0.0214138031005859 0.0158863067626953 0.513519287109375 -0.217498779296875
0.0476264953613281 -0.0101661682128906 0.141204833984375 -0.53265380859375
0.0204906463623047 -0.0234832763671875 -0.0897216796875 0.465240478515625
0.0414161682128906 -0.0191497802734375 -0.4312744140625 0.1121826171875
0.013361930847168 0.00573539733886719 -0.44293212890625 -0.6160888671875
0.00443840026855469 0.0208797454833984 0.25494384765625 -1.068115234375
-0.0408897399902344 0.0280838012695313 1.2879638671875 -0.3243408203125
-0.0479393005371094 -0.0321273803710938 1.2047119140625 1.039306640625
0.0541610717773437 -0.0467605590820313 0.12530517578125 1.09857177734375
0.0768966674804688 -0.0208740234375 0.0346221923828125 0.075958251953125
0.0469551086425781 -0.0244789123535156 -0.20782470703125 -1.071533203125
-0.0140533447265625 -0.0373916625976563 -1.347412109375 -0.8189697265625
-0.0422477722167969 -0.0127029418945313 -1.2164306640625 0.6954345703125
-0.0237159729003906 0.00271606445312501 0.0335693359374999 1.11785888671875
-0.00616645812988281 -0.007568359375 0.6177978515625 0.526123046875
0.0153417587280273 0.00869846343994141 0.513702392578125 -0.22332763671875
0.0334529876708984 -0.00840568542480469 0.133697509765625 -0.54095458984375
0.00494956970214844 -0.0252761840820313 -0.092529296875 0.46820068359375
0.0379180908203125 -0.0280990600585938 -0.44049072265625 0.119659423828125
0.0159492492675781 -0.0238437652587891 -0.4498291015625 -0.608642578125
0.0223140716552734 -0.0123920440673828 0.24029541015625 -1.0657958984375
-0.0227279663085938 0.0125007629394531 1.2808837890625 -0.3389892578125
-0.0519371032714844 -0.0313949584960938 1.2099609375 1.0240478515625
0.0352859497070313 -0.0508155822753906 0.1326904296875 1.096923828125
0.0589027404785156 -0.0344009399414062 0.0358810424804688 0.0807037353515625
0.0290012359619141 -0.0267238616943359 -0.20458984375 -1.06634521484375
-0.0159416198730469 -0.0368423461914063 -1.3460693359375 -0.8179931640625
-0.0292797088623047 -0.0331058502197266 -1.21484375 0.6907958984375
-0.0174007415771484 -0.0309085845947266 0.0327758789062499 1.1204833984375
-0.00651931762695313 -0.0327053070068359 0.612548828125 0.53594970703125
0.00839853286743164 0.00283956527709961 0.510650634765625 -0.220794677734375
0.0188236236572266 -0.00879669189453125 0.13165283203125 -0.542144775390625
-0.00957489013671875 -0.0266933441162109 -0.09619140625 0.47100830078125
0.0335769653320313 -0.0353202819824219 -0.44879150390625 0.132080078125
0.0153961181640625 -0.0494728088378906 -0.47467041015625 -0.58990478515625
0.0357704162597656 -0.0406875610351563 0.20343017578125 -1.06494140625
-0.00891304016113281 -0.00301074981689453 1.2662353515625 -0.3692626953125
-0.0580825805664062 -0.0303993225097656 1.2291259765625 0.9866943359375
0.0180015563964844 -0.0537223815917969 0.15643310546875 1.08929443359375
0.0416641235351563 -0.0435829162597656 0.0431900024414063 0.0894546508789063
0.0128364562988281 -0.0268993377685547 -0.1815185546875 -1.069091796875
-0.0174179077148438 -0.0381584167480469 -1.3270263671875 -0.8519287109375
-0.0166587829589844 -0.0509147644042969 -1.23681640625 0.6644287109375
-0.0109901428222656 -0.0599632263183594 0.00195312500000012 1.1298828125
-0.00551223754882813 -0.0541572570800781 0.59222412109375 0.5574951171875
0.00210785865783691 -0.00298261642456055 0.503143310546875 -0.20849609375
0.00422286987304688 -0.00913429260253906 0.127716064453125 -0.543853759765625
-0.0221443176269531 -0.02880859375 -0.104278564453125 0.4742431640625
0.0277786254882813 -0.0404777526855469 -0.466827392578125 0.146575927734375
0.0118331909179687 -0.0636444091796875 -0.5054931640625 -0.56915283203125
0.0447120666503906 -0.0611801147460937 0.15826416015625 -1.065185546875
0.00174236297607422 -0.0150070190429688 1.2435302734375 -0.4134521484375
-0.0627784729003906 -0.0290679931640625 1.2603759765625 0.934814453125
0.00393295288085938 -0.0540885925292969 0.191162109375 1.07952880859375
0.0280380249023438 -0.049468994140625 0.0555343627929688 0.0986404418945313
-0.00020599365234375 -0.0263118743896484 -0.13702392578125 -1.07958984375
-0.0184211730957031 -0.0380744934082031 -1.295166015625 -0.9095458984375
-0.00620651245117188 -0.0634651184082031 -1.27099609375 0.620361328125
-0.00332641601562501 -0.0803985595703125 -0.0504150390625001 1.140380859375
-0.00371551513671876 -0.0705490112304688 0.56085205078125 0.58612060546875
-0.0035099983215332 -0.00710725784301758 0.49151611328125 -0.19036865234375
-0.00601100921630859 -0.0115890502929688 0.12530517578125 -0.540985107421875
-0.0285434722900391 -0.0301570892333984 -0.103240966796875 0.47674560546875
0.0215873718261719 -0.0420608520507813 -0.4805908203125 0.160125732421875
0.00563812255859375 -0.0683364868164063 -0.543121337890625 -0.54302978515625
0.0461235046386719 -0.0697593688964844 0.0996704101562499 -1.060546875
0.00613021850585937 -0.0225849151611328 1.214111328125 -0.4674072265625
-0.0682182312011719 -0.0275802612304688 1.2989501953125 0.871337890625
-0.00497817993164063 -0.0533981323242187 0.23944091796875 1.0693359375
0.0206565856933594 -0.0513420104980469 0.0712890625 0.109642028808594
-0.00793266296386719 -0.0267486572265625 -0.09210205078125 -1.08770751953125
-0.0192108154296875 -0.0376701354980469 -1.2593994140625 -0.9730224609375
0.000686645507812508 -0.0688209533691406 -1.30810546875 0.5672607421875
0.00417327880859374 -0.089935302734375 -0.1092529296875 1.1534423828125
-0.00115203857421874 -0.0758743286132813 0.52020263671875 0.61663818359375
-0.00600147247314453 -0.0105791091918945 0.476531982421875 -0.172332763671875
-0.0124197006225586 -0.0138559341430664 0.1168212890625 -0.539825439453125
-0.0294075012207031 -0.0335578918457031 -0.105316162109375 0.477569580078125
0.0164871215820313 -0.0419044494628906 -0.494476318359375 0.175384521484375
-0.00117874145507813 -0.0608024597167969 -0.57904052734375 -0.51318359375
0.0424842834472656 -0.0647506713867188 0.0364990234375 -1.05291748046875
0.00456428527832031 -0.0228023529052734 1.1795654296875 -0.5201416015625
-0.0689773559570313 -0.0256729125976562 1.3358154296875 0.803955078125
-0.00656509399414063 -0.0507011413574219 0.29388427734375 1.05035400390625
0.0178337097167969 -0.0464134216308594 0.0886459350585938 0.11883544921875
-0.00719070434570313 -0.0230693817138672 -0.04345703125 -1.09576416015625
-0.0180320739746094 -0.0373191833496094 -1.2108154296875 -1.041015625
0.00284194946289063 -0.0654296875 -1.3433837890625 0.5081787109375
0.00751495361328125 -0.0841751098632813 -0.1668701171875 1.1617431640625
0.000106811523437501 -0.070892333984375 0.4788818359375 0.64935302734375
-0.00751209259033203 -0.0122528076171875 0.460235595703125 -0.1551513671875
-0.012019157409668 -0.0174713134765625 0.116485595703125 -0.534912109375
-0.0248794555664062 -0.0368843078613281 -0.104827880859375 0.478668212890625
0.0150375366210938 -0.0390815734863281 -0.50433349609375 0.18609619140625
-0.00498199462890625 -0.0449867248535156 -0.60723876953125 -0.48968505859375
0.0365371704101563 -0.0485038757324219 -0.0114746093749999 -1.0482177734375
-0.00319862365722656 -0.0144948959350586 1.1524658203125 -0.560302734375
-0.07122802734375 -0.0232009887695312 1.3712158203125 0.74169921875
-0.00147247314453125 -0.0466651916503906 0.33563232421875 1.03564453125
0.0236167907714844 -0.0376319885253906 0.104721069335937 0.124969482421875
-0.00041961669921875 -0.0202465057373047 0.00579833984374995 -1.1068115234375
-0.015777587890625 -0.038177490234375 -1.167236328125 -1.10107421875
-0.00223159790039062 -0.05865478515625 -1.3701171875 0.455078125
0.00585556030273438 -0.0666847229003906 -0.2213134765625 1.1630859375
-0.0008087158203125 -0.0573997497558594 0.4434814453125 0.67156982421875
-0.00604534149169922 -0.00939369201660156 0.44580078125 -0.138916015625
-0.00702667236328125 -0.0197296142578125 0.114349365234375 -0.531707763671875
0.0343761444091797 -0.0271129608154297 -0.08319091796875 0.464630126953125
0.0431671142578125 -0.0126838684082031 -0.43231201171875 0.11737060546875
0.0109176635742188 0.0358238220214844 -0.4573974609375 -0.61151123046875
-0.00944137573242187 0.0532264709472656 0.22833251953125 -1.07806396484375
-0.0560226440429687 0.0456047058105469 1.28125 -0.3570556640625
-0.0445060729980469 -0.0327110290527344 1.2362060546875 1.0047607421875
0.0685958862304688 -0.0439643859863281 0.15155029296875 1.0885009765625
0.0920562744140625 -0.01007080078125 0.0412216186523438 0.0746383666992187
0.0640830993652344 -0.0232200622558594 -0.20343017578125 -1.07244873046875
-0.0110664367675781 -0.0360603332519531 -1.3516845703125 -0.8192138671875
-0.0533828735351563 0.00679016113281249 -1.22021484375 0.70068359375
-0.0286903381347656 0.0352630615234375 0.0347900390625 1.1268310546875
-0.00553989410400391 0.0173225402832031 0.61505126953125 0.52886962890625
0.022003173828125 0.0151348114013672 0.510040283203125 -0.223876953125
0.0480155944824219 -0.0115547180175781 0.13690185546875 -0.535400390625
0.0192279815673828 -0.0256214141845703 -0.083770751953125 0.467803955078125
0.0417823791503906 -0.02166748046875 -0.43157958984375 0.1204833984375
0.0150671005249023 0.00617122650146484 -0.449951171875 -0.61181640625
0.00572586059570312 0.0207862854003906 0.24432373046875 -1.07513427734375
-0.0396194458007813 0.0290946960449219 1.2882080078125 -0.3408203125
-0.0471458435058594 -0.0308876037597656 1.218994140625 1.0277099609375
0.0530662536621094 -0.0485038757324219 0.1361083984375 1.09808349609375
0.0771102905273438 -0.0225067138671875 0.0354690551757813 0.077239990234375
0.0480117797851563 -0.0256385803222656 -0.218994140625 -1.069091796875
-0.0139999389648438 -0.03570556640625 -1.3580322265625 -0.80517578125
-0.0422286987304687 -0.011749267578125 -1.2113037109375 0.7137451171875
-0.0242538452148437 0.00220108032226562 0.0481567382812501 1.12091064453125
-0.00624275207519531 -0.00783348083496094 0.6251220703125 0.520263671875
0.0158910751342773 0.00816535949707031 0.511749267578125 -0.231292724609375
0.0322589874267578 -0.0100955963134766 0.1279296875 -0.542724609375
0.00429725646972656 -0.0274753570556641 -0.0865478515625 0.4700927734375
0.0387382507324219 -0.0294876098632812 -0.439727783203125 0.1279296875
0.0170040130615234 -0.0239658355712891 -0.4595947265625 -0.60394287109375
0.0223064422607422 -0.0127067565917969 0.2294921875 -1.0721435546875
-0.0234260559082031 0.0130672454833984 1.2811279296875 -0.353515625
-0.0524711608886719 -0.0319175720214844 1.2236328125 1.009765625
0.0348892211914063 -0.0528526306152344 0.1422119140625 1.09552001953125
0.0581398010253906 -0.0346870422363281 0.0355606079101563 0.082672119140625
0.0289115905761719 -0.0267295837402344 -0.2176513671875 -1.06622314453125
-0.0163688659667969 -0.0357551574707031 -1.355224609375 -0.803955078125
-0.0302391052246094 -0.0324897766113281 -1.21044921875 0.709716796875
-0.018585205078125 -0.0302505493164063 0.04632568359375 1.12310791015625
-0.0066986083984375 -0.0322036743164063 0.620849609375 0.5289306640625
0.00890159606933594 0.00288963317871094 0.509735107421875 -0.227386474609375
0.0183067321777344 -0.00893211364746094 0.12548828125 -0.54510498046875
-0.0111579895019531 -0.0287952423095703 -0.0926513671875 0.474761962890625
0.033294677734375 -0.0372314453125 -0.44940185546875 0.1392822265625
0.0162162780761719 -0.0482177734375 -0.48345947265625 -0.58599853515625
0.0356903076171875 -0.0404624938964844 0.1932373046875 -1.0699462890625
-0.00899505615234375 -0.00317668914794922 1.2645263671875 -0.3873291015625
-0.0584144592285156 -0.0300178527832031 1.24365234375 0.9737548828125
0.0168571472167969 -0.0553817749023438 0.1661376953125 1.08953857421875
0.040618896484375 -0.0447998046875 0.0434951782226563 0.089935302734375
0.012420654296875 -0.0275802612304688 -0.1932373046875 -1.0675048828125
-0.0185623168945313 -0.0379753112792969 -1.3370361328125 -0.837890625
-0.0186843872070313 -0.0502815246582031 -1.229736328125 0.680419921875
-0.0123023986816406 -0.0589637756347656 0.0129394531250001 1.1317138671875
-0.00588226318359376 -0.0543403625488281 0.5997314453125 0.5504150390625
0.00232362747192383 -0.00256800651550293 0.50128173828125 -0.2152099609375
0.00416469573974609 -0.0103368759155273 0.12054443359375 -0.545196533203125
-0.0221633911132813 -0.0305004119873047 -0.0980224609375 0.4749755859375
0.0279884338378906 -0.0413398742675781 -0.46405029296875 0.152618408203125
0.0121116638183594 -0.0631675720214844 -0.51422119140625 -0.5643310546875
0.0439643859863281 -0.060150146484375 0.14581298828125 -1.07000732421875
0.000583648681640624 -0.0149412155151367 1.2406005859375 -0.4293212890625
-0.0632743835449219 -0.0282249450683594 1.2750244140625 0.9232177734375
0.00183486938476563 -0.0554313659667969 0.2027587890625 1.08062744140625
0.0273513793945312 -0.0508308410644531 0.0553970336914063 0.100212097167969
-0.000658035278320314 -0.0266532897949219 -0.15338134765625 -1.0767822265625
-0.0182380676269531 -0.0372085571289063 -1.3065185546875 -0.8963623046875
-0.00698471069335937 -0.0628509521484375 -1.2664794921875 0.6363525390625
-0.00421905517578126 -0.0797882080078125 -0.0340576171874999 1.1448974609375
-0.00464248657226562 -0.0693244934082031 0.5679931640625 0.581787109375
-0.00276756286621094 -0.00721216201782227 0.490081787109375 -0.1968994140625
-0.00661659240722657 -0.0125579833984375 0.117218017578125 -0.543304443359375
-0.0298347473144531 -0.0320224761962891 -0.098846435546875 0.479400634765625
0.0224189758300781 -0.04400634765625 -0.48126220703125 0.167633056640625
0.00558471679687501 -0.0682601928710938 -0.550994873046875 -0.5361328125
0.0456085205078125 -0.0694084167480469 0.0868530273437501 -1.0635986328125
0.00448036193847656 -0.0238399505615234 1.2138671875 -0.4837646484375
-0.0677375793457031 -0.0275421142578125 1.3092041015625 0.8582763671875
-0.00677108764648438 -0.0553131103515625 0.2515869140625 1.06756591796875
0.018951416015625 -0.051055908203125 0.0722885131835938 0.109550476074219
-0.00721359252929688 -0.0262393951416016 -0.103271484375 -1.0859375
-0.0190773010253906 -0.0368576049804687 -1.2672119140625 -0.9603271484375
-0.000900268554687499 -0.0689163208007813 -1.3046875 0.583251953125
0.0018310546875 -0.0908660888671875 -0.0957031250000001 1.1572265625
-0.0019989013671875 -0.0761184692382813 0.5289306640625 0.61358642578125
-0.00486469268798828 -0.0118427276611328 0.4739990234375 -0.17755126953125
-0.0124807357788086 -0.0150880813598633 0.110198974609375 -0.54229736328125
-0.0314464569091797 -0.0349006652832031 -0.1005859375 0.4796142578125
0.0175437927246094 -0.0434684753417969 -0.49273681640625 0.1824951171875
-0.000736236572265622 -0.061492919921875 -0.58563232421875 -0.5074462890625
0.0421638488769531 -0.0644798278808594 0.0250854492187499 -1.0557861328125
0.00327491760253906 -0.0229434967041016 1.177734375 -0.53515625
-0.0701217651367188 -0.0252456665039062 1.3497314453125 0.788818359375
-0.00785064697265625 -0.0517845153808594 0.302490234375 1.0516357421875
0.0172309875488281 -0.0464820861816406 0.0887298583984375 0.119461059570313
-0.00798606872558594 -0.0235996246337891 -0.0556640624999999 -1.09490966796875
-0.0177040100097656 -0.0368232727050781 -1.2222900390625 -1.02783203125
0.00139999389648437 -0.0661582946777344 -1.3392333984375 0.5257568359375
0.00629425048828125 -0.0844497680664063 -0.1566162109375 1.1656494140625
-0.00125885009765625 -0.0710067749023437 0.48785400390625 0.64581298828125
-0.00745391845703125 -0.0121955871582031 0.45880126953125 -0.15924072265625
-0.0129985809326172 -0.0178413391113281 0.1103515625 -0.538482666015625
-0.0272636413574219 -0.0375442504882812 -0.09991455078125 0.479095458984375
0.0148391723632813 -0.0415267944335938 -0.503143310546875 0.193817138671875
-0.00458908081054688 -0.0439338684082031 -0.61444091796875 -0.48382568359375
0.0363578796386719 -0.0474205017089844 -0.0240478515625001 -1.05145263671875
-0.00272750854492188 -0.0147495269775391 1.1478271484375 -0.575927734375
-0.0719757080078125 -0.0235061645507813 1.381103515625 0.726806640625
-0.00330352783203126 -0.047943115234375 0.3463134765625 1.032470703125
0.0233154296875 -0.0390434265136719 0.105056762695312 0.125450134277344
-0.00120162963867188 -0.0196304321289063 -0.00451660156250008 -1.10650634765625
-0.0165176391601563 -0.0369300842285156 -1.1820068359375 -1.0892333984375
-0.0030364990234375 -0.0570869445800781 -1.3687744140625 0.4718017578125
0.005035400390625 -0.0672721862792969 -0.20703125 1.166748046875
-0.00262069702148438 -0.0557174682617188 0.451416015625 0.66876220703125
-0.00598907470703125 -0.00978183746337891 0.4443359375 -0.14593505859375
-0.00766372680664063 -0.0201835632324219 0.105804443359375 -0.53436279296875
0.0334396362304687 -0.0289440155029297 -0.0777587890625 0.46478271484375
0.0431175231933594 -0.014404296875 -0.430511474609375 0.12371826171875
0.0126609802246094 0.0363349914550781 -0.46588134765625 -0.60675048828125
-0.00799179077148438 0.0542793273925781 0.21783447265625 -1.0823974609375
-0.0546035766601563 0.0459747314453125 1.2806396484375 -0.373291015625
-0.0452995300292969 -0.0323257446289063 1.2503662109375 0.9864501953125
0.0670967102050781 -0.0455131530761719 0.16375732421875 1.08551025390625
0.0915908813476563 -0.01123046875 0.0422515869140625 0.0760345458984375
0.0638542175292969 -0.0237922668457031 -0.2166748046875 -1.0687255859375
-0.0112934112548828 -0.0348377227783203 -1.3590087890625 -0.80322265625
-0.054229736328125 0.00795364379882813 -1.2103271484375 0.7161865234375
-0.0295906066894531 0.0359992980957031 0.0494384765625 1.127685546875
-0.00570869445800781 0.0173683166503906 0.62432861328125 0.5225830078125
0.0227546691894531 0.014739990234375 0.50701904296875 -0.232269287109375
0.047119140625 -0.0129890441894531 0.129669189453125 -0.53662109375
0.0174179077148438 -0.0279293060302734 -0.07769775390625 0.469329833984375
0.0420188903808594 -0.02337646484375 -0.4310302734375 0.1285400390625
0.0148372650146484 0.00635242462158203 -0.4573974609375 -0.6064453125
0.0059051513671875 0.0222721099853516 0.232666015625 -1.0775146484375
-0.0404243469238281 0.0291252136230469 1.2830810546875 -0.353759765625
-0.0486564636230469 -0.0325851440429687 1.2327880859375 1.012451171875
0.0521011352539063 -0.0496711730957031 0.14520263671875 1.09893798828125
0.0764694213867188 -0.0240707397460938 0.0351715087890625 0.0784149169921875
0.0484848022460938 -0.0264320373535156 -0.23236083984375 -1.06634521484375
-0.0128746032714844 -0.0360031127929688 -1.3695068359375 -0.7880859375
-0.0427742004394531 -0.0110397338867187 -1.203857421875 0.728515625
-0.0238895416259766 0.00303840637207031 0.0609130859375 1.12353515625
-0.00735282897949219 -0.00587320327758789 0.6319580078125 0.51348876953125
0.0159006118774414 0.0075531005859375 0.507720947265625 -0.236602783203125
0.0315113067626953 -0.0101509094238281 0.120819091796875 -0.5452880859375
0.00318145751953125 -0.0286655426025391 -0.08203125 0.472412109375
0.0390434265136719 -0.0318489074707031 -0.4373779296875 0.1346435546875
0.0175266265869141 -0.0238494873046875 -0.46685791015625 -0.5980224609375
0.0219745635986328 -0.0110378265380859 0.21630859375 -1.0767822265625
-0.0237541198730469 0.0126514434814453 1.2767333984375 -0.370361328125
-0.0528144836425781 -0.030914306640625 1.2369384765625 0.994384765625
0.0327033996582031 -0.0537948608398438 0.1514892578125 1.09503173828125
0.0576858520507812 -0.0365180969238281 0.0367660522460938 0.0827560424804688
0.0292892456054688 -0.0276927947998047 -0.22802734375 -1.06195068359375
-0.0155296325683594 -0.0362129211425781 -1.3641357421875 -0.7880859375
-0.0313034057617188 -0.0313014984130859 -1.202392578125 0.7252197265625
-0.0196609497070313 -0.0299510955810547 0.0603637695312499 1.1240234375
-0.00709342956542969 -0.0322761535644531 0.627685546875 0.52362060546875
0.00983238220214844 0.00286102294921875 0.505462646484375 -0.234039306640625
0.0175533294677734 -0.0103931427001953 0.117767333984375 -0.5457763671875
-0.0122241973876953 -0.0295982360839844 -0.085479736328125 0.4757080078125
0.0336151123046875 -0.0386238098144531 -0.4473876953125 0.147216796875
0.0154571533203125 -0.0482749938964844 -0.49090576171875 -0.58099365234375
0.0353622436523438 -0.0399246215820313 0.1800537109375 -1.07464599609375
-0.00906276702880859 -0.00247001647949219 1.262939453125 -0.4019775390625
-0.0583610534667969 -0.0294609069824219 1.2559814453125 0.9603271484375
0.0146713256835937 -0.0559577941894531 0.17626953125 1.08770751953125
0.0401268005371094 -0.0458106994628906 0.043670654296875 0.0908432006835938
0.0125999450683594 -0.0267009735107422 -0.20428466796875 -1.064697265625
-0.0176315307617188 -0.0367965698242188 -1.345947265625 -0.82373046875
-0.0184402465820313 -0.0502662658691406 -1.223388671875 0.6986083984375
-0.0131797790527344 -0.0594749450683594 0.0292968749999999 1.1348876953125
-0.00715255737304688 -0.052703857421875 0.6092529296875 0.544189453125
0.00242352485656738 -0.00274395942687988 0.499542236328125 -0.221893310546875
0.00298213958740234 -0.0105924606323242 0.113555908203125 -0.546142578125
-0.0236129760742188 -0.031707763671875 -0.0896301269531251 0.4776611328125
0.0274200439453125 -0.04327392578125 -0.462615966796875 0.1607666015625
0.0126380920410156 -0.0638160705566406 -0.520477294921875 -0.55841064453125
0.0440025329589844 -0.0608673095703125 0.1326904296875 -1.072998046875
0.000698089599609375 -0.0149688720703125 1.238525390625 -0.4451904296875
-0.0635910034179688 -0.0279617309570313 1.283935546875 0.906982421875
0.00079345703125 -0.0560684204101563 0.21234130859375 1.079345703125
0.0261001586914062 -0.0513229370117188 0.0569686889648437 0.100273132324219
-0.000953674316406252 -0.0269069671630859 -0.1640625 -1.07513427734375
-0.0181503295898438 -0.0364456176757812 -1.3173828125 -0.8792724609375
-0.00843048095703125 -0.0631866455078125 -1.2584228515625 0.65380859375
-0.00537872314453125 -0.0805587768554687 -0.0205078125 1.1478271484375
-0.00527954101562499 -0.0690994262695313 0.577392578125 0.575927734375
-0.00301122665405273 -0.00742769241333008 0.486907958984375 -0.2047119140625
-0.00838375091552734 -0.0130434036254883 0.11016845703125 -0.54583740234375
-0.0311450958251953 -0.0329494476318359 -0.092864990234375 0.481231689453125
0.0212821960449219 -0.0471076965332031 -0.4774169921875 0.1768798828125
0.00621414184570312 -0.0688438415527344 -0.55792236328125 -0.5289306640625
0.0459785461425781 -0.0696296691894531 0.07513427734375 -1.0672607421875
0.00528907775878906 -0.023284912109375 1.20751953125 -0.4962158203125
-0.0681610107421875 -0.0263595581054687 1.3203125 0.841552734375
-0.00803375244140625 -0.0562667846679688 0.26123046875 1.0655517578125
0.0168952941894531 -0.0515251159667969 0.0732879638671875 0.111000061035156
-0.007659912109375 -0.0263118743896484 -0.115478515625 -1.0838623046875
-0.0188674926757812 -0.0363044738769531 -1.2777099609375 -0.9468994140625
-0.00127792358398438 -0.0677375793457031 -1.2967529296875 0.599609375
0.00018310546874999 -0.0900115966796875 -0.07861328125 1.1597900390625
-0.00315093994140625 -0.0744400024414062 0.537841796875 0.6075439453125
-0.00577259063720703 -0.0116233825683594 0.472076416015625 -0.1839599609375
-0.0142498016357422 -0.0154600143432617 0.10430908203125 -0.542755126953125
-0.032745361328125 -0.0358734130859375 -0.09368896484375 0.4815673828125
0.0176887512207031 -0.0452423095703125 -0.490570068359375 0.19061279296875
-0.000785827636718747 -0.0602264404296875 -0.59228515625 -0.500244140625
0.0415573120117188 -0.0634689331054688 0.015625 -1.0592041015625
0.00324821472167969 -0.0227737426757812 1.1715087890625 -0.5506591796875
-0.0707473754882813 -0.024688720703125 1.3570556640625 0.7686767578125
-0.00948715209960938 -0.051239013671875 0.3126220703125 1.0440673828125
0.0164794921875 -0.0474662780761719 0.0897140502929687 0.120452880859375
-0.00748062133789063 -0.0230884552001953 -0.0656738281250001 -1.09564208984375
-0.0171852111816406 -0.0356063842773438 -1.2333984375 -1.01220703125
0.000240325927734374 -0.0660438537597656 -1.333984375 0.5430908203125
0.00495147705078125 -0.0841064453125 -0.1397705078125 1.170166015625
-0.0021820068359375 -0.0699806213378906 0.49578857421875 0.64202880859375
-0.00680732727050782 -0.0132417678833008 0.45623779296875 -0.16650390625
-0.0135602951049805 -0.0175638198852539 0.10272216796875 -0.5401611328125
-0.0283241271972656 -0.0388679504394531 -0.093414306640625 0.481048583984375
0.0158576965332031 -0.042327880859375 -0.501129150390625 0.203521728515625
-0.00490570068359375 -0.0442657470703125 -0.62237548828125 -0.47576904296875
0.0360488891601563 -0.0470848083496094 -0.0364379882812499 -1.04998779296875
-0.00340080261230469 -0.0150051116943359 1.14013671875 -0.5906982421875
-0.0708847045898438 -0.0226974487304688 1.391845703125 0.7119140625
-0.0039520263671875 -0.0489883422851563 0.3551025390625 1.02899169921875
0.0219154357910156 -0.0387191772460938 0.106109619140625 0.125892639160156
-0.000709533691406249 -0.0202674865722656 -0.0170898437499999 -1.1055908203125
-0.0163002014160156 -0.0351753234863281 -1.1953125 -1.0753173828125
-0.00421905517578125 -0.0575752258300781 -1.3623046875 0.491455078125
0.00392150878906251 -0.0674896240234375 -0.192138671875 1.1712646484375
-0.00214004516601563 -0.0555877685546875 0.46026611328125 0.6639404296875
-0.00476169586181641 -0.00981521606445312 0.44427490234375 -0.1534423828125
-0.00837516784667969 -0.0208492279052734 0.0985107421874999 -0.535369873046875
0.0324459075927734 -0.0306472778320313 -0.07147216796875 0.46661376953125
0.0429954528808594 -0.01678466796875 -0.429443359375 0.13104248046875
0.0149650573730469 0.0363388061523437 -0.47210693359375 -0.600341796875
-0.00764846801757812 0.0564422607421875 0.201904296875 -1.08453369140625
-0.0542488098144531 0.0472946166992188 1.2735595703125 -0.3870849609375
-0.0450248718261719 -0.0319938659667969 1.2623291015625 0.97021484375
0.0647239685058594 -0.0475349426269531 0.17413330078125 1.08160400390625
0.0905303955078125 -0.01287841796875 0.0414886474609375 0.077484130859375
0.06439208984375 -0.0248870849609375 -0.22735595703125 -1.0614013671875
-0.0103206634521484 -0.0345306396484375 -1.3658447265625 -0.7855224609375
-0.0538749694824219 0.009521484375 -1.2005615234375 0.7310791015625
-0.029632568359375 0.0355987548828125 0.0648193359375 1.1275634765625
-0.00621414184570312 0.0179615020751953 0.62957763671875 0.516357421875
0.0228824615478516 0.0144500732421875 0.503814697265625 -0.236114501953125
0.0462265014648438 -0.0137519836425781 0.122772216796875 -0.538177490234375
0.0163993835449219 -0.0293407440185547 -0.07183837890625 0.47015380859375
0.0424995422363281 -0.0249099731445312 -0.428253173828125 0.134063720703125
0.0171241760253906 0.00726032257080078 -0.46502685546875 -0.6015625
0.00758934020996094 0.0224628448486328 0.2198486328125 -1.08209228515625
-0.0395927429199219 0.0301895141601563 1.2779541015625 -0.370849609375
-0.0488204956054688 -0.0319023132324219 1.241455078125 0.9945068359375
0.0499191284179688 -0.0513229370117188 0.156982421875 1.09356689453125
0.07501220703125 -0.025360107421875 0.0366134643554688 0.0788345336914063
0.0483741760253906 -0.0276031494140625 -0.24298095703125 -1.06072998046875
-0.0126323699951172 -0.0344181060791016 -1.37548828125 -0.770263671875
-0.0435104370117187 -0.009765625 -1.1917724609375 0.7442626953125
-0.0242767333984375 0.00378036499023438 0.0793457031250001 1.12152099609375
-0.00748777389526367 -0.00526762008666992 0.63934326171875 0.50628662109375
0.0171747207641602 0.00765037536621094 0.503570556640625 -0.243743896484375
0.031829833984375 -0.0112419128417969 0.11224365234375 -0.545867919921875
0.00135421752929687 -0.0304088592529297 -0.07562255859375 0.475189208984375
0.0390167236328125 -0.0330696105957031 -0.434478759765625 0.142181396484375
0.0185127258300781 -0.0232639312744141 -0.474609375 -0.59210205078125
0.023223876953125 -0.0102729797363281 0.20416259765625 -1.07904052734375
-0.0234661102294922 0.0126438140869141 1.2691650390625 -0.385986328125
-0.0534896850585938 -0.0307159423828125 1.24658203125 0.9771728515625
0.0304718017578125 -0.0546722412109375 0.1640625 1.09002685546875
0.0564384460449219 -0.0373115539550781 0.037322998046875 0.0843658447265625
0.0288581848144531 -0.0285873413085938 -0.24005126953125 -1.05352783203125
-0.01513671875 -0.035430908203125 -1.3720703125 -0.770263671875
-0.03155517578125 -0.0308303833007813 -1.1923828125 0.7369384765625
-0.0204238891601563 -0.029815673828125 0.0758666992187499 1.12225341796875
-0.00782585144042969 -0.0308418273925781 0.63507080078125 0.51324462890625
0.0101099014282227 0.00143241882324219 0.500152587890625 -0.241485595703125
0.0174121856689453 -0.0108375549316406 0.110504150390625 -0.547698974609375
-0.0136699676513672 -0.0303115844726563 -0.07855224609375 0.47705078125
0.0337181091308594 -0.0416717529296875 -0.444976806640625 0.15399169921875
0.016754150390625 -0.0487022399902344 -0.497802734375 -0.57330322265625
0.0357322692871094 -0.0395965576171875 0.16845703125 -1.07623291015625
-0.00952625274658203 -0.00305461883544922 1.2547607421875 -0.4171142578125
-0.0593948364257813 -0.02947998046875 1.2628173828125 0.94384765625
0.0130195617675781 -0.0563392639160156 0.18597412109375 1.0836181640625
0.038482666015625 -0.04620361328125 0.045562744140625 0.0913467407226563
0.0114593505859375 -0.0283279418945313 -0.21771240234375 -1.05718994140625
-0.0171051025390625 -0.0354995727539063 -1.3544921875 -0.8057861328125
-0.0196685791015625 -0.0493011474609375 -1.212646484375 0.7110595703125
-0.0143470764160156 -0.0590019226074219 0.042236328125 1.1343994140625
-0.00807571411132813 -0.0524711608886719 0.6141357421875 0.5382080078125
0.00334048271179199 -0.00307703018188477 0.494903564453125 -0.227294921875
0.00184822082519531 -0.0119256973266602 0.1075439453125 -0.5478515625
-0.024871826171875 -0.0331134796142578 -0.08441162109375 0.479248046875
0.0264854431152344 -0.0455741882324219 -0.45953369140625 0.168243408203125
0.0126762390136719 -0.0636062622070313 -0.52691650390625 -0.5501708984375
0.0439682006835938 -0.0602035522460938 0.1212158203125 -1.07318115234375
0.000486373901367189 -0.0153799057006836 1.2308349609375 -0.460205078125
-0.0641441345214844 -0.0277023315429687 1.2945556640625 0.890380859375
-0.0019378662109375 -0.0571136474609375 0.22149658203125 1.07342529296875
0.0244712829589844 -0.0511093139648438 0.0577468872070313 0.101333618164062
-2.47955322265629E-05 -0.0279521942138672 -0.17523193359375 -1.0682373046875
-0.0173416137695313 -0.0364837646484375 -1.3221435546875 -0.86376953125
-0.00960159301757813 -0.0625152587890625 -1.24951171875 0.6689453125
-0.00816345214843749 -0.0808258056640625 -0.0054931640625 1.14794921875
-0.006317138671875 -0.067535400390625 0.5850830078125 0.568115234375
-0.00174617767333984 -0.007537841796875 0.483306884765625 -0.209869384765625
-0.00764846801757812 -0.0130758285522461 0.104522705078125 -0.547210693359375
-0.0323276519775391 -0.0337162017822266 -0.087890625 0.480987548828125
0.0209846496582031 -0.0482826232910156 -0.47442626953125 0.183685302734375
0.00629043579101563 -0.0679473876953125 -0.564697265625 -0.52142333984375
0.0447006225585938 -0.0693855285644531 0.06195068359375 -1.06768798828125
0.00414466857910156 -0.0236282348632813 1.20068359375 -0.513671875
-0.0682449340820313 -0.0260505676269531 1.32666015625 0.824951171875
-0.0108222961425781 -0.05517578125 0.27081298828125 1.05902099609375
0.0164070129394531 -0.0521240234375 0.0735015869140625 0.110710144042969
-0.00699043273925782 -0.0257778167724609 -0.12738037109375 -1.08056640625
-0.0182723999023437 -0.0355949401855469 -1.2860107421875 -0.93017578125
-0.00253295898437501 -0.0680809020996094 -1.2862548828125 0.6148681640625
-4.57763671875074E-05 -0.0905609130859375 -0.0633544921875001 1.1607666015625
-0.00383758544921875 -0.0744247436523438 0.54681396484375 0.6029052734375
-0.00539684295654297 -0.0113697052001953 0.468536376953125 -0.1885986328125
-0.0142393112182617 -0.015833854675293 0.0970764160156251 -0.54412841796875
-0.0333404541015625 -0.0366630554199219 -0.08795166015625 0.483642578125
0.016815185546875 -0.0469741821289062 -0.48516845703125 0.19744873046875
8.39233398437463E-05 -0.0603675842285156 -0.59906005859375 -0.4930419921875
0.0413932800292969 -0.0636253356933594 6.10351562500572E-05 -1.05810546875
0.00154876708984375 -0.0227546691894531 1.1632080078125 -0.5648193359375
-0.0708770751953125 -0.0236129760742187 1.3665771484375 0.7496337890625
-0.01123046875 -0.0531005859375 0.32403564453125 1.03961181640625
0.0147247314453125 -0.0476722717285156 0.0911026000976563 0.119209289550781
-0.00759315490722656 -0.0231990814208984 -0.0767822265624999 -1.092041015625
-0.0175495147705078 -0.0348854064941406 -1.2464599609375 -0.998779296875
-2.28881835937453E-05 -0.0654373168945313 -1.3253173828125 0.55810546875
0.00409698486328126 -0.0855178833007813 -0.1231689453125 1.1707763671875
-0.00215911865234375 -0.0694007873535156 0.50579833984375 0.635986328125
-0.00639152526855469 -0.0125255584716797 0.452728271484375 -0.1710205078125
-0.0142440795898437 -0.0195770263671875 0.0948486328125 -0.53802490234375
-0.0302619934082031 -0.039276123046875 -0.0875244140625 0.482696533203125
0.0151519775390625 -0.04364013671875 -0.497589111328125 0.209625244140625
-0.00442886352539063 -0.0429344177246094 -0.62774658203125 -0.46636962890625
0.0362014770507813 -0.0466270446777344 -0.04815673828125 -1.049560546875
-0.00433158874511719 -0.0151700973510742 1.1343994140625 -0.6065673828125
-0.07196044921875 -0.0212478637695313 1.3963623046875 0.693115234375
-0.00586700439453125 -0.0499458312988281 0.36578369140625 1.02203369140625
0.0212440490722656 -0.0383033752441406 0.106025695800781 0.126304626464844
-0.000625610351562498 -0.0200157165527344 -0.0278320312499999 -1.10296630859375
-0.0152988433837891 -0.0349788665771484 -1.203857421875 -1.0604248046875
-0.00559616088867188 -0.05584716796875 -1.3560791015625 0.505615234375
0.00272750854492187 -0.0674476623535156 -0.1787109375 1.1749267578125
-0.00399017333984375 -0.0553398132324219 0.4686279296875 0.65997314453125
-0.00554180145263672 -0.0099945068359375 0.4412841796875 -0.15692138671875
-0.00944900512695313 -0.0208034515380859 0.091278076171875 -0.536376953125
0.0309467315673828 -0.0330753326416016 -0.066558837890625 0.467376708984375
0.0438041687011719 -0.0186080932617188 -0.425811767578125 0.137054443359375
0.0158309936523438 0.0375480651855469 -0.4798583984375 -0.5936279296875
-0.00632858276367188 0.0564422607421875 0.18841552734375 -1.0838623046875
-0.0534744262695313 0.0478248596191406 1.262939453125 -0.4010009765625
-0.0460281372070313 -0.0321846008300781 1.266357421875 0.9517822265625
0.0633621215820313 -0.0488166809082031 0.1822509765625 1.07763671875
0.090301513671875 -0.0140228271484375 0.0420379638671875 0.0774917602539062
0.0636215209960937 -0.0260696411132812 -0.2381591796875 -1.0548095703125
-0.00996780395507812 -0.0339145660400391 -1.3685302734375 -0.7655029296875
-0.0545158386230469 0.0112686157226563 -1.189697265625 0.744384765625
-0.0282096862792969 0.036163330078125 0.0787963867187501 1.12353515625
-0.00601005554199219 0.0191364288330078 0.634033203125 0.5081787109375
0.0234909057617188 0.0133247375488281 0.50006103515625 -0.243194580078125
0.0456008911132813 -0.0148696899414063 0.116363525390625 -0.53826904296875
0.0148048400878906 -0.0317306518554688 -0.06597900390625 0.470306396484375
0.0408248901367188 -0.0272789001464844 -0.4237060546875 0.140625
0.0168981552124023 0.00695705413818359 -0.4732666015625 -0.59320068359375
0.00815963745117188 0.0233497619628906 0.2061767578125 -1.0809326171875
-0.040008544921875 0.0299835205078125 1.2703857421875 -0.3848876953125
-0.0488929748535156 -0.0316810607910156 1.2486572265625 0.978515625
0.0482902526855469 -0.0516242980957031 0.1671142578125 1.0888671875
0.0747909545898438 -0.0264892578125 0.0360946655273438 0.0790863037109375
0.048004150390625 -0.0286407470703125 -0.25311279296875 -1.0523681640625
-0.0128841400146484 -0.0333232879638672 -1.3765869140625 -0.75146484375
-0.043548583984375 -0.00834274291992188 -1.1806640625 0.755126953125
-0.0251636505126953 0.00359344482421875 0.0915527343749999 1.11895751953125
-0.0070948600769043 -0.00486516952514648 0.6435546875 0.49993896484375
0.0179061889648438 0.00764274597167969 0.5003662109375 -0.24932861328125
0.0306453704833984 -0.0116291046142578 0.106475830078125 -0.5460205078125
-0.000171661376953126 -0.0316810607910156 -0.0684814453125 0.47283935546875
0.037567138671875 -0.0347671508789063 -0.431732177734375 0.1480712890625
0.0183792114257813 -0.0239467620849609 -0.48077392578125 -0.584716796875
0.0227069854736328 -0.00987052917480469 0.18994140625 -1.08056640625
-0.0238628387451172 0.0133609771728516 1.2626953125 -0.399658203125
-0.0534896850585938 -0.0297431945800781 1.252685546875 0.9598388671875
0.0284080505371094 -0.0561637878417969 0.17254638671875 1.083984375
0.0548744201660156 -0.0388374328613281 0.0380020141601562 0.0841064453125
0.0291156768798828 -0.0292625427246094 -0.24798583984375 -1.04541015625
-0.0148410797119141 -0.0346279144287109 -1.3740234375 -0.7501220703125
-0.0323295593261719 -0.0300712585449219 -1.179443359375 0.750732421875
-0.0206584930419922 -0.029205322265625 0.0890502929687501 1.12103271484375
-0.00830268859863281 -0.0300540924072266 0.64013671875 0.5067138671875
0.0107812881469727 0.00195980072021484 0.497528076171875 -0.24652099609375
0.0159702301025391 -0.0119075775146484 0.10455322265625 -0.546295166015625
-0.0150413513183594 -0.0317268371582031 -0.071319580078125 0.47576904296875
0.0329513549804688 -0.0430335998535156 -0.440582275390625 0.161529541015625
0.0170860290527344 -0.0488815307617188 -0.50341796875 -0.56640625
0.0358161926269531 -0.0394172668457031 0.154296875 -1.0765380859375
-0.00979995727539063 -0.00277900695800781 1.2449951171875 -0.4320068359375
-0.0591773986816406 -0.0288581848144531 1.26953125 0.9259033203125
0.0107955932617188 -0.0569915771484375 0.1964111328125 1.07879638671875
0.0374603271484375 -0.0470771789550781 0.0460739135742188 0.0920257568359375
0.0116176605224609 -0.0280361175537109 -0.22833251953125 -1.0509033203125
-0.0159988403320313 -0.0345573425292969 -1.3572998046875 -0.7877197265625
-0.0205154418945313 -0.0486183166503906 -1.2027587890625 0.7222900390625
-0.0154304504394531 -0.0594596862792969 0.0579833984374999 1.1314697265625
-0.00884628295898437 -0.0517501831054688 0.62030029296875 0.52984619140625
0.00373315811157227 -0.00347709655761719 0.491119384765625 -0.232452392578125
0.00163745880126953 -0.0115327835083008 0.0997619628906249 -0.548248291015625
-0.0267219543457031 -0.0342311859130859 -0.0783386230468751 0.47821044921875
0.0263748168945312 -0.0477066040039063 -0.454620361328125 0.175537109375
0.012451171875 -0.0635185241699219 -0.533538818359375 -0.543792724609375
0.0430145263671875 -0.058837890625 0.10723876953125 -1.0743408203125
-0.000812530517578125 -0.0155858993530273 1.2222900390625 -0.4730224609375
-0.0642280578613281 -0.026611328125 1.2974853515625 0.8702392578125
-0.00327682495117187 -0.0583572387695312 0.231689453125 1.06866455078125
0.0230026245117187 -0.0514793395996094 0.0583419799804688 0.101325988769531
-0.000680923461914061 -0.0279960632324219 -0.18682861328125 -1.06048583984375
-0.0168647766113281 -0.03497314453125 -1.3297119140625 -0.8436279296875
-0.00983810424804687 -0.0617523193359375 -1.239990234375 0.679931640625
-0.00780487060546876 -0.080047607421875 0.00976562499999995 1.145751953125
-0.00679016113281249 -0.0667686462402344 0.58990478515625 0.5614013671875
-0.00207090377807617 -0.00864744186401367 0.4786376953125 -0.214996337890625
-0.0089263916015625 -0.0143041610717773 0.097259521484375 -0.546722412109375
-0.0337047576904297 -0.0345115661621094 -0.0802001953125 0.480499267578125
0.0213890075683594 -0.0494537353515625 -0.471221923828125 0.190521240234375
0.00712966918945313 -0.0668067932128906 -0.56878662109375 -0.5140380859375
0.0447044372558594 -0.0676765441894531 0.0499267578124999 -1.0665283203125
0.00290489196777344 -0.0223617553710938 1.1898193359375 -0.5250244140625
-0.06927490234375 -0.0250511169433594 1.336181640625 0.806396484375
-0.01116943359375 -0.0563201904296875 0.280517578125 1.05322265625
0.0152778625488281 -0.0529823303222656 0.0749359130859375 0.110549926757813
-0.00692367553710937 -0.0256481170654297 -0.1392822265625 -1.0732421875
-0.0182113647460938 -0.0352439880371094 -1.2955322265625 -0.91259765625
-0.00435256958007812 -0.0670166015625 -1.2762451171875 0.6292724609375
-0.00184631347656251 -0.0899581909179687 -0.0485839843749999 1.1610107421875
-0.00533294677734376 -0.07318115234375 0.55206298828125 0.5948486328125
-0.00508880615234375 -0.0125608444213867 0.464324951171875 -0.19488525390625
-0.0154638290405273 -0.0158462524414063 0.088592529296875 -0.5435791015625
-0.0351753234863281 -0.0377769470214844 -0.082000732421875 0.48248291015625
0.0155143737792969 -0.0490264892578125 -0.482513427734375 0.206298828125
0.000846862792968753 -0.0600929260253906 -0.6051025390625 -0.483642578125
0.0409660339355469 -0.0637397766113281 -0.01312255859375 -1.05706787109375
0.00211715698242188 -0.0225658416748047 1.1519775390625 -0.576904296875
-0.0712738037109375 -0.0229034423828125 1.370849609375 0.7354736328125
-0.0135078430175781 -0.0531044006347656 0.3319091796875 1.0333251953125
0.0146484375 -0.0492210388183594 0.092254638671875 0.120620727539063
-0.00760459899902344 -0.02423095703125 -0.09033203125 -1.08453369140625
-0.0175533294677734 -0.0339412689208984 -1.2496337890625 -0.9805908203125
-0.0018310546875 -0.0643272399902344 -1.3160400390625 0.57080078125
0.00208282470703124 -0.0844573974609375 -0.10791015625 1.1688232421875
-0.00324630737304688 -0.069244384765625 0.5108642578125 0.62811279296875
-0.00648784637451172 -0.0131921768188477 0.449859619140625 -0.175506591796875
-0.0158481597900391 -0.0189952850341797 0.087646484375 -0.53973388671875
-0.0310935974121094 -0.04083251953125 -0.0811767578124999 0.4830322265625
0.0156059265136719 -0.046356201171875 -0.495086669921875 0.215850830078125
-0.00298309326171875 -0.0428123474121094 -0.6331787109375 -0.4576416015625
0.0357513427734375 -0.0459136962890625 -0.06146240234375 -1.04827880859375
-0.00475788116455078 -0.0149679183959961 1.12213134765625 -0.61846923828125
-0.0723876953125 -0.021575927734375 1.40087890625 0.6734619140625
-0.00710678100585938 -0.0504341125488281 0.373046875 1.0142822265625
0.0207786560058594 -0.0402374267578125 0.107978820800781 0.125
-0.00083351135253906 -0.0207538604736328 -0.0412597656250001 -1.09698486328125
-0.0152797698974609 -0.0337162017822266 -1.21142578125 -1.0430908203125
-0.00617218017578125 -0.0550384521484375 -1.3453369140625 0.5205078125
0.00252151489257813 -0.0676422119140625 -0.1622314453125 1.1756591796875
-0.00393295288085937 -0.0532569885253906 0.47625732421875 0.6527099609375
-0.00465011596679687 -0.0103797912597656 0.43658447265625 -0.16033935546875
-0.00991058349609375 -0.0218696594238281 0.084381103515625 -0.53564453125
0.0293197631835938 -0.034393310546875 -0.06048583984375 0.4676513671875
0.0431289672851563 -0.0194625854492188 -0.422515869140625 0.142730712890625
0.017791748046875 0.03668212890625 -0.48443603515625 -0.58612060546875
-0.00495529174804687 0.0563163757324219 0.17755126953125 -1.0858154296875
-0.053253173828125 0.04779052734375 1.255615234375 -0.4156494140625
-0.04620361328125 -0.0311508178710937 1.2723388671875 0.9351806640625
0.0614891052246094 -0.0494117736816406 0.1904296875 1.06927490234375
0.0888671875 -0.0147552490234375 0.0421829223632813 0.0784149169921875
0.0641403198242187 -0.0275764465332031 -0.245849609375 -1.04473876953125
-0.00897598266601563 -0.0340576171875 -1.369140625 -0.749755859375
-0.0537223815917969 0.0113945007324219 -1.1778564453125 0.7530517578125
-0.0280570983886719 0.0377159118652344 0.0914306640624999 1.1202392578125
-0.00553131103515625 0.0197715759277344 0.6387939453125 0.49951171875
0.0243759155273438 0.0139026641845703 0.4942626953125 -0.247222900390625
0.0452079772949219 -0.0158843994140625 0.1075439453125 -0.53875732421875
0.0130462646484375 -0.0315589904785156 -0.0618896484375 0.469268798828125
0.041351318359375 -0.0289115905761719 -0.421661376953125 0.147491455078125
0.0192470550537109 0.00639152526855469 -0.47784423828125 -0.5872802734375
0.00883293151855469 0.0235595703125 0.19366455078125 -1.0792236328125
-0.0397262573242188 0.030517578125 1.2601318359375 -0.39501953125
-0.0486488342285156 -0.0315971374511719 1.2535400390625 0.960693359375
0.0462303161621094 -0.0532951354980469 0.17535400390625 1.08123779296875
0.0728836059570313 -0.0270843505859375 0.0369110107421875 0.080535888671875
0.0469589233398438 -0.0284004211425781 -0.261962890625 -1.0423583984375
-0.0115108489990234 -0.0334930419921875 -1.3797607421875 -0.7332763671875
-0.0440635681152344 -0.0068206787109375 -1.1680908203125 0.76611328125
-0.0250034332275391 0.00424575805664063 0.10400390625 1.11578369140625
-0.00655508041381836 -0.00430870056152344 0.64471435546875 0.49114990234375
0.0187740325927734 0.00639152526855469 0.494140625 -0.25372314453125
0.0297031402587891 -0.0131549835205078 0.099609375 -0.5457763671875
-0.00150680541992187 -0.0316543579101563 -0.063201904296875 0.472808837890625
0.0372352600097656 -0.0367889404296875 -0.4273681640625 0.15496826171875
0.019805908203125 -0.0239772796630859 -0.48565673828125 -0.57763671875
0.0230026245117188 -0.00904083251953125 0.1771240234375 -1.07818603515625
-0.0242710113525391 0.0137462615966797 1.25244140625 -0.4129638671875
-0.0535087585449219 -0.0297203063964844 1.256103515625 0.94189453125
0.0269508361816406 -0.0555496215820313 0.18316650390625 1.07684326171875
0.0543899536132813 -0.0379981994628906 0.0377655029296875 0.0843353271484375
0.028961181640625 -0.0284824371337891 -0.25726318359375 -1.03826904296875
-0.0144691467285156 -0.0326919555664063 -1.375732421875 -0.7335205078125
-0.032073974609375 -0.0284996032714844 -1.1683349609375 0.76220703125
-0.0219707489013672 -0.0291614532470703 0.10333251953125 1.11614990234375
-0.00783348083496094 -0.0293254852294922 0.6431884765625 0.49884033203125
0.0114583969116211 0.00151634216308594 0.493011474609375 -0.25042724609375
0.0154600143432617 -0.0112428665161133 0.09722900390625 -0.546142578125
-0.0164031982421875 -0.0324306488037109 -0.066864013671875 0.47509765625
0.03167724609375 -0.0446739196777344 -0.4364013671875 0.1673583984375
0.0183258056640625 -0.0483932495117188 -0.50762939453125 -0.557769775390625
0.0351104736328125 -0.03912353515625 0.14361572265625 -1.075439453125
-0.00986003875732422 -0.00264453887939453 1.236083984375 -0.4427490234375
-0.0592002868652344 -0.0281143188476562 1.2764892578125 0.90771484375
0.00880050659179688 -0.0574684143066406 0.20330810546875 1.0714111328125
0.0361442565917969 -0.047760009765625 0.0468521118164063 0.0933685302734375
0.0121707916259766 -0.0289783477783203 -0.2349853515625 -1.04217529296875
-0.0160369873046875 -0.0337142944335938 -1.359130859375 -0.768310546875
-0.0221748352050781 -0.0478935241699219 -1.188720703125 0.7342529296875
-0.0159492492675781 -0.0585098266601563 0.0705566406249999 1.127685546875
-0.00904464721679688 -0.0507011413574219 0.6258544921875 0.52130126953125
0.00420379638671875 -0.00355291366577148 0.4859619140625 -0.237884521484375
0.000397682189941407 -0.0111026763916016 0.092803955078125 -0.546844482421875
-0.0273685455322266 -0.0337963104248047 -0.072479248046875 0.47808837890625
0.0256309509277344 -0.0499496459960938 -0.4521484375 0.1805419921875
0.0124359130859375 -0.0637359619140625 -0.53729248046875 -0.53411865234375
0.0435905456542969 -0.0591049194335937 0.093994140625 -1.07220458984375
-0.000840187072753907 -0.0160341262817383 1.21142578125 -0.4842529296875
-0.064666748046875 -0.026214599609375 1.3026123046875 0.85595703125
-0.004058837890625 -0.0572891235351563 0.23797607421875 1.06207275390625
0.0218124389648438 -0.0524978637695313 0.0593795776367188 0.102149963378906
-0.00149345397949219 -0.0277690887451172 -0.1943359375 -1.051513671875
-0.0168743133544922 -0.0339012145996094 -1.3306884765625 -0.8297119140625
-0.0115890502929688 -0.0609092712402344 -1.2286376953125 0.69140625
-0.0101394653320312 -0.080718994140625 0.0220947265624999 1.142333984375
-0.00728988647460938 -0.0662765502929688 0.5938720703125 0.5533447265625
-0.00171995162963867 -0.00861692428588867 0.474029541015625 -0.219085693359375
-0.00984096527099609 -0.0139436721801758 0.09075927734375 -0.54534912109375
-0.0363006591796875 -0.0352859497070313 -0.073760986328125 0.482208251953125
0.0196914672851562 -0.0521659851074219 -0.466705322265625 0.197113037109375
0.0067138671875 -0.0680618286132813 -0.5731201171875 -0.50421142578125
0.044189453125 -0.0681724548339844 0.0374755859375001 -1.0648193359375
0.00309944152832031 -0.0228481292724609 1.1798095703125 -0.5352783203125
-0.0696754455566406 -0.0247421264648437 1.3399658203125 0.78759765625
-0.0129203796386719 -0.0553398132324219 0.28631591796875 1.04656982421875
0.0141487121582031 -0.0531959533691406 0.0748519897460937 0.110893249511719
-0.00821495056152343 -0.0265045166015625 -0.14886474609375 -1.06439208984375
-0.0179996490478516 -0.0341453552246094 -1.2962646484375 -0.894287109375
-0.00494003295898438 -0.0653762817382813 -1.264404296875 0.640869140625
-0.00401306152343749 -0.0894699096679687 -0.0352783203125001 1.1566162109375
-0.00525665283203125 -0.0723419189453125 0.55706787109375 0.58758544921875
-0.00497627258300781 -0.0124120712280273 0.45977783203125 -0.19970703125
-0.0165596008300781 -0.0163650512695313 0.0827941894531249 -0.54193115234375
-0.0369949340820312 -0.0384101867675781 -0.0750732421875 0.482391357421875
0.0149612426757812 -0.0507736206054688 -0.4788818359375 0.21124267578125
0.000606536865234381 -0.0600433349609375 -0.60906982421875 -0.47515869140625
0.0409927368164063 -0.0632400512695313 -0.0235595703125001 -1.0548095703125
0.000831604003906249 -0.0222873687744141 1.1431884765625 -0.58740234375
-0.0706863403320313 -0.0233688354492187 1.37158203125 0.7183837890625
-0.0142440795898437 -0.0520172119140625 0.33843994140625 1.02587890625
0.0126533508300781 -0.0486984252929688 0.0939178466796875 0.120513916015625
-0.00770187377929688 -0.0238513946533203 -0.0987548828124999 -1.07696533203125
-0.015655517578125 -0.032562255859375 -1.25537109375 -0.9666748046875
-0.00201797485351562 -0.0636940002441406 -1.3026123046875 0.5836181640625
0.000312805175781251 -0.0845565795898438 -0.0958251953125 1.16845703125
-0.00333786010742187 -0.0674171447753906 0.5164794921875 0.62225341796875
-0.00587368011474609 -0.0131158828735352 0.445465087890625 -0.179290771484375
-0.0162944793701172 -0.0197105407714844 0.080657958984375 -0.537628173828125
-0.0327301025390625 -0.0404472351074219 -0.07568359375 0.483673095703125
0.0136756896972656 -0.0477409362792969 -0.48895263671875 0.222991943359375
-0.00313949584960938 -0.0427970886230469 -0.6343994140625 -0.4498291015625
0.035491943359375 -0.0466194152832031 -0.0714721679687501 -1.04510498046875
-0.00559425354003906 -0.0136919021606445 1.11395263671875 -0.62725830078125
-0.0728988647460938 -0.0209426879882813 1.40283203125 0.6539306640625
-0.00920867919921875 -0.0497665405273438 0.37982177734375 1.00872802734375
0.0193290710449219 -0.0396995544433594 0.109359741210938 0.125473022460938
-0.000307083129882811 -0.0205154418945313 -0.0507812500000001 -1.09033203125
-0.0143489837646484 -0.0334663391113281 -1.21630859375 -1.025634765625
-0.00685882568359375 -0.0548133850097656 -1.3343505859375 0.5325927734375
0.000900268554687501 -0.067291259765625 -0.1494140625 1.174072265625
-0.00427246093749999 -0.0527114868164063 0.48175048828125 0.64593505859375
-0.00464630126953125 -0.011693000793457 0.43243408203125 -0.16546630859375
-0.0113563537597656 -0.0220260620117188 0.0789794921875 -0.5343017578125
0.0272426605224609 -0.0350322723388672 -0.0552978515625 0.4635009765625
0.0427284240722656 -0.021331787109375 -0.41851806640625 0.147308349609375
0.0183296203613281 0.037139892578125 -0.48822021484375 -0.57843017578125
-0.00276947021484375 0.0574073791503906 0.16815185546875 -1.08087158203125
-0.0525360107421875 0.0472221374511719 1.24462890625 -0.4254150390625
-0.0456771850585938 -0.0309524536132812 1.2730712890625 0.91943359375
0.0606689453125 -0.0501747131347656 0.19775390625 1.0595703125
0.0887527465820312 -0.0154647827148438 0.0435104370117188 0.079803466796875
0.0635261535644531 -0.0277671813964844 -0.25384521484375 -1.0350341796875
-0.00798606872558594 -0.0317821502685547 -1.3699951171875 -0.73095703125
-0.0532379150390625 0.0123672485351562 -1.1663818359375 0.7598876953125
-0.0286598205566406 0.0363540649414063 0.10498046875 1.1153564453125
-0.00557327270507813 0.0201549530029297 0.64031982421875 0.49139404296875
0.0249691009521484 0.0127964019775391 0.48828125 -0.25079345703125
0.0433578491210937 -0.0166969299316406 0.105010986328125 -0.53594970703125
0.0115432739257813 -0.0331230163574219 -0.053680419921875 0.4676513671875
0.0407676696777344 -0.0308952331542969 -0.41815185546875 0.15155029296875
0.0193729400634766 0.006744384765625 -0.480712890625 -0.57818603515625
0.00967597961425781 0.0233211517333984 0.184326171875 -1.076904296875
-0.03814697265625 0.0306930541992188 1.2489013671875 -0.4080810546875
-0.0484542846679687 -0.0304908752441406 1.2552490234375 0.941650390625
0.0446052551269531 -0.0528144836425781 0.1827392578125 1.07354736328125
0.0716476440429687 -0.02838134765625 0.0370101928710937 0.082000732421875
0.0471916198730469 -0.0291519165039063 -0.2689208984375 -1.031982421875
-0.0112495422363281 -0.0327129364013672 -1.37890625 -0.71630859375
-0.0441856384277344 -0.00762176513671876 -1.152099609375 0.7723388671875
-0.024871826171875 0.00323295593261718 0.11572265625 1.1085205078125
-0.00630760192871094 -0.00266504287719727 0.64886474609375 0.48370361328125
0.0184993743896484 0.00617027282714844 0.48919677734375 -0.25799560546875
0.0289936065673828 -0.0119075775146484 0.091766357421875 -0.5421142578125
-0.00316619873046875 -0.0335330963134766 -0.05584716796875 0.470977783203125
0.0366897583007813 -0.0389251708984375 -0.422943115234375 0.159759521484375
0.0204753875732422 -0.0234050750732422 -0.4886474609375 -0.56988525390625
0.0236682891845703 -0.00982093811035156 0.16448974609375 -1.0733642578125
-0.0234146118164062 0.0124797821044922 1.2406005859375 -0.4228515625
-0.0533828735351563 -0.0287666320800781 1.26123046875 0.9248046875
0.0255889892578125 -0.0565223693847656 0.18829345703125 1.06903076171875
0.0526390075683594 -0.0393638610839844 0.0379486083984375 0.0851287841796875
0.0286712646484375 -0.0296459197998047 -0.26544189453125 -1.02813720703125
-0.0129432678222656 -0.0333938598632813 -1.375 -0.71630859375
-0.0331821441650391 -0.0277919769287109 -1.1549072265625 0.768310546875
-0.0218544006347656 -0.0285491943359375 0.11419677734375 1.10968017578125
-0.00832748413085938 -0.0282325744628906 0.64471435546875 0.4923095703125
0.0108785629272461 0.00171566009521484 0.48553466796875 -0.2540283203125
0.0149631500244141 -0.0123472213745117 0.0909423828125 -0.54425048828125
-0.01861572265625 -0.0336151123046875 -0.059967041015625 0.473846435546875
0.030914306640625 -0.0466346740722656 -0.43280029296875 0.171630859375
0.0180130004882812 -0.0482902526855469 -0.5120849609375 -0.549560546875
0.0362586975097656 -0.0383720397949219 0.1295166015625 -1.07147216796875
-0.010406494140625 -0.00256156921386719 1.2242431640625 -0.4542236328125
-0.0591621398925781 -0.0277748107910156 1.275390625 0.8896484375
0.00728225708007812 -0.0575218200683594 0.2113037109375 1.06353759765625
0.0348663330078125 -0.0476341247558594 0.0468368530273438 0.0931472778320313
0.0116214752197266 -0.0294723510742188 -0.2427978515625 -1.03192138671875
-0.0147438049316406 -0.0336952209472656 -1.358642578125 -0.754150390625
-0.0228004455566406 -0.0466156005859375 -1.1767578125 0.741943359375
-0.0172958374023438 -0.0580177307128906 0.08111572265625 1.12152099609375
-0.008087158203125 -0.0498504638671875 0.6268310546875 0.5140380859375
0.00481986999511719 -0.00382566452026367 0.479949951171875 -0.24072265625
0.000162124633789063 -0.0120372772216797 0.08734130859375 -0.544036865234375
-0.0300006866455078 -0.0349617004394531 -0.06591796875 0.476287841796875
0.0244026184082031 -0.0505638122558594 -0.44744873046875 0.18780517578125
0.013427734375 -0.0636863708496094 -0.541717529296875 -0.525848388671875
0.04364013671875 -0.0591278076171875 0.08441162109375 -1.06805419921875
-0.00144290924072265 -0.0159320831298828 1.2008056640625 -0.4949951171875
-0.0644454956054688 -0.0255699157714844 1.305908203125 0.8372802734375
-0.0065460205078125 -0.0574493408203125 0.24578857421875 1.053466796875
0.0208854675292969 -0.0528106689453125 0.05914306640625 0.10302734375
-0.000923156738281248 -0.0274238586425781 -0.20233154296875 -1.0421142578125
-0.0167083740234375 -0.0327854156494141 -1.332275390625 -0.812255859375
-0.0128631591796875 -0.0595626831054688 -1.2135009765625 0.6982421875
-0.010345458984375 -0.0797805786132813 0.0347900390625 1.135986328125
-0.00794601440429687 -0.0642814636230469 0.59820556640625 0.54638671875
-0.00123929977416992 -0.00809574127197266 0.46966552734375 -0.222991943359375
-0.0107250213623047 -0.0143260955810547 0.0834960937499999 -0.542755126953125
-0.0372848510742187 -0.0358657836914062 -0.067108154296875 0.478607177734375
0.0186271667480469 -0.0536766052246094 -0.4608154296875 0.2021484375
0.00682830810546875 -0.0676040649414063 -0.57659912109375 -0.49664306640625
0.0442581176757813 -0.0679512023925781 0.0278930664062499 -1.05816650390625
0.00125694274902344 -0.0231380462646484 1.168212890625 -0.546142578125
-0.0691719055175781 -0.0232963562011719 1.3380126953125 0.76904296875
-0.0146636962890625 -0.0561065673828125 0.294677734375 1.03717041015625
0.0127449035644531 -0.0526504516601563 0.0761184692382813 0.111068725585937
-0.00760650634765625 -0.0263137817382813 -0.15496826171875 -1.055419921875
-0.0165195465087891 -0.0335693359375 -1.2974853515625 -0.877197265625
-0.00638961791992187 -0.0648193359375 -1.25244140625 0.64990234375
-0.00478363037109375 -0.0885467529296875 -0.0236816406250001 1.151123046875
-0.0061798095703125 -0.0712432861328125 0.56048583984375 0.58123779296875
-0.00399112701416016 -0.0126762390136719 0.454315185546875 -0.20245361328125
-0.0160207748413086 -0.0166854858398438 0.07647705078125 -0.541168212890625
-0.03900146484375 -0.0395088195800781 -0.0706787109375 0.480560302734375
0.0135841369628906 -0.0525741577148438 -0.473907470703125 0.218048095703125
0.000812530517578121 -0.0599708557128906 -0.610107421875 -0.46588134765625
0.0421905517578125 -0.0635986328125 -0.0355224609374999 -1.04937744140625
9.53674316406068E-06 -0.0231304168701172 1.1307373046875 -0.595458984375
-0.0716781616210938 -0.0214996337890625 1.371826171875 0.698486328125
-0.0154991149902344 -0.0529136657714844 0.34521484375 1.0152587890625
0.0122909545898437 -0.04779052734375 0.0936355590820313 0.119331359863281
-0.00770950317382812 -0.0238361358642578 -0.10699462890625 -1.06781005859375
-0.0153179168701172 -0.0333232879638672 -1.2589111328125 -0.9466552734375
-0.00397491455078125 -0.0628433227539063 -1.29248046875 0.5933837890625
-0.000221252441406244 -0.084503173828125 -0.0828857421875 1.162353515625
-0.00482940673828126 -0.0663108825683594 0.520751953125 0.614501953125
-0.00511074066162109 -0.0131263732910156 0.439788818359375 -0.18359375
-0.0165901184082031 -0.0196113586425781 0.074737548828125 -0.536712646484375
-0.0344581604003906 -0.0425834655761719 -0.068603515625 0.480438232421875
0.0132369995117188 -0.049835205078125 -0.4832763671875 0.229278564453125
-0.00321197509765625 -0.0427970886230469 -0.63665771484375 -0.44195556640625
0.0360298156738281 -0.0447463989257813 -0.0819091796875001 -1.0394287109375
-0.00627422332763672 -0.0141792297363281 1.1014404296875 -0.63482666015625
-0.0726547241210938 -0.020843505859375 1.3984375 0.63720703125
-0.0106277465820312 -0.0494575500488281 0.38531494140625 0.99798583984375
0.0175819396972656 -0.0396766662597656 0.109085083007813 0.124603271484375
-0.00113105773925781 -0.0197639465332031 -0.0602416992187501 -1.080810546875
-0.0146312713623047 -0.0326042175292969 -1.219482421875 -1.00927734375
-0.00858306884765625 -0.0545539855957031 -1.323486328125 0.5421142578125
-0.000202178955078123 -0.0661468505859375 -0.1348876953125 1.1695556640625
-0.00477218627929687 -0.0516738891601563 0.4871826171875 0.6397705078125
-0.00447654724121094 -0.0108299255371094 0.4298095703125 -0.16796875
-0.0112876892089844 -0.0226802825927734 0.0726013183593751 -0.53302001953125
0.02557373046875 -0.0361175537109375 -0.052001953125 0.46258544921875
0.0424766540527344 -0.0229606628417969 -0.415191650390625 0.152679443359375
0.0203666687011719 0.03582763671875 -0.4901123046875 -0.57012939453125
-0.00179290771484375 0.0571441650390625 0.15618896484375 -1.07745361328125
-0.0514755249023438 0.0477409362792969 1.2337646484375 -0.43310546875
-0.04632568359375 -0.0312004089355469 1.2750244140625 0.8988037109375
0.0578422546386719 -0.0505943298339844 0.2032470703125 1.05426025390625
0.0861968994140625 -0.0169143676757813 0.0436553955078125 0.0805587768554688
0.0621604919433594 -0.0282058715820313 -0.25811767578125 -1.02618408203125
-0.00704383850097656 -0.0319309234619141 -1.3662109375 -0.7159423828125
-0.0535926818847656 0.0125656127929687 -1.15185546875 0.7664794921875
-0.0282974243164062 0.0373077392578125 0.1129150390625 1.107421875
-0.00423431396484375 0.0211143493652344 0.6417236328125 0.4833984375
0.0256576538085938 0.0125827789306641 0.481658935546875 -0.253814697265625
0.0426406860351562 -0.017578125 0.0992736816406251 -0.534393310546875
0.0109386444091797 -0.0346088409423828 -0.05084228515625 0.46612548828125
0.0403900146484375 -0.032318115234375 -0.413177490234375 0.15625
0.0208263397216797 0.00629234313964844 -0.48291015625 -0.5704345703125
0.0108718872070313 0.0244483947753906 0.171142578125 -1.07354736328125
-0.0400123596191406 0.0303726196289063 1.2362060546875 -0.4161376953125
-0.0487403869628906 -0.0303611755371094 1.25390625 0.9229736328125
0.0424156188964844 -0.0529899597167969 0.18817138671875 1.06463623046875
0.0707550048828125 -0.0283737182617188 0.0385894775390625 0.0826644897460938
0.0465049743652344 -0.0301666259765625 -0.27288818359375 -1.02117919921875
-0.0102462768554687 -0.0315437316894531 -1.3743896484375 -0.7012939453125
-0.0441436767578125 -0.00561141967773438 -1.1400146484375 0.777587890625
-0.0255508422851563 0.00427055358886718 0.12457275390625 1.1016845703125
-0.00646877288818359 -0.00271368026733398 0.6510009765625 0.47625732421875
0.0184955596923828 0.00620460510253906 0.482147216796875 -0.26043701171875
0.0285377502441406 -0.0136661529541016 0.0892944335937499 -0.53985595703125
-0.00470542907714844 -0.0342273712158203 -0.051849365234375 0.4700927734375
0.0358428955078125 -0.040435791015625 -0.41827392578125 0.1654052734375
0.0204906463623047 -0.0244007110595703 -0.48956298828125 -0.559234619140625
0.0245780944824219 -0.00993156433105469 0.156005859375 -1.07275390625
-0.0243492126464844 0.012908935546875 1.228759765625 -0.43017578125
-0.0533714294433594 -0.0286521911621094 1.2576904296875 0.9066162109375
0.0240020751953125 -0.05645751953125 0.19287109375 1.059326171875
0.0513076782226563 -0.0400276184082031 0.0400543212890625 0.086700439453125
0.0286521911621094 -0.0300922393798828 -0.26812744140625 -1.01715087890625
-0.0133152008056641 -0.0306358337402344 -1.3712158203125 -0.7021484375
-0.0328426361083984 -0.0267829895019531 -1.142578125 0.775634765625
-0.0233688354492187 -0.0279445648193359 0.12213134765625 1.1046142578125
-0.0084075927734375 -0.0271205902099609 0.64654541015625 0.48211669921875
0.0105113983154297 0.000806808471679687 0.47979736328125 -0.25732421875
0.0138187408447266 -0.0126113891601563 0.084869384765625 -0.541290283203125
-0.0195846557617188 -0.0341091156005859 -0.0550537109375 0.47259521484375
0.0302162170410156 -0.0474929809570313 -0.427276611328125 0.1767578125
0.0178298950195313 -0.0481719970703125 -0.513031005859375 -0.54144287109375
0.0370979309082031 -0.0385818481445313 0.12017822265625 -1.068603515625
-0.0113897323608398 -0.00328540802001953 1.2113037109375 -0.4619140625
-0.0595626831054688 -0.0264205932617187 1.2763671875 0.875244140625
0.00563430786132812 -0.0573043823242188 0.215576171875 1.05426025390625
0.0336074829101563 -0.0465774536132813 0.0470733642578125 0.0937042236328125
0.0114479064941406 -0.0292091369628906 -0.24639892578125 -1.0228271484375
-0.0145435333251953 -0.0321788787841797 -1.3555908203125 -0.738525390625
-0.0230865478515625 -0.0455207824707031 -1.16064453125 0.74755859375
-0.0176887512207031 -0.0577392578125 0.0929565429687499 1.1142578125
-0.0091552734375 -0.04833984375 0.6292724609375 0.50592041015625
0.00523281097412109 -0.00427007675170898 0.474578857421875 -0.244720458984375
-4.38690185546876E-05 -0.0126733779907227 0.081573486328125 -0.541656494140625
-0.0313949584960937 -0.0346565246582031 -0.06243896484375 0.47393798828125
0.0230178833007813 -0.0530929565429688 -0.441558837890625 0.19171142578125
0.0135574340820312 -0.0627784729003906 -0.543426513671875 -0.51715087890625
0.0425567626953125 -0.0590248107910156 0.072998046875 -1.06219482421875
-0.00250244140625 -0.0152082443237305 1.188720703125 -0.5025634765625
-0.0643272399902344 -0.0251922607421875 1.3035888671875 0.821044921875
-0.00675582885742187 -0.0563583374023438 0.25201416015625 1.04473876953125
0.0197830200195313 -0.0529212951660156 0.0597686767578125 0.102699279785156
-0.00051116943359375 -0.0278701782226563 -0.206787109375 -1.033447265625
-0.015655517578125 -0.0324630737304688 -1.3297119140625 -0.7938232421875
-0.0119743347167969 -0.0584945678710938 -1.1986083984375 0.7037353515625
-0.0115280151367187 -0.0791473388671875 0.043212890625 1.1309814453125
-0.00891113281249999 -0.0629386901855469 0.59906005859375 0.53851318359375
-0.00172996520996094 -0.009490966796875 0.462158203125 -0.225341796875
-0.0105857849121094 -0.0141687393188477 0.078033447265625 -0.540679931640625
-0.0376663208007813 -0.0360641479492188 -0.064117431640625 0.47674560546875
0.0172996520996094 -0.0547866821289063 -0.45501708984375 0.207611083984375
0.00578689575195313 -0.0672798156738281 -0.5780029296875 -0.487548828125
0.0448379516601562 -0.0685005187988281 0.01678466796875 -1.053466796875
-4.9591064453124E-05 -0.0227928161621094 1.1536865234375 -0.5523681640625
-0.06915283203125 -0.0232734680175781 1.333984375 0.7548828125
-0.0152473449707031 -0.0560760498046875 0.29791259765625 1.029296875
0.0111045837402344 -0.0533447265625 0.0763702392578125 0.111534118652344
-0.00837326049804687 -0.0260276794433594 -0.1612548828125 -1.044677734375
-0.0164337158203125 -0.0317611694335938 -1.2930908203125 -0.863525390625
-0.00667190551757812 -0.064544677734375 -1.240478515625 0.656005859375
-0.0053863525390625 -0.0895538330078125 -0.01318359375 1.14599609375
-0.00627517700195313 -0.0700607299804688 0.5634765625 0.573974609375
-0.00506305694580078 -0.0131254196166992 0.45025634765625 -0.20550537109375
-0.0170955657958984 -0.0162324905395508 0.071563720703125 -0.537353515625
-0.0401115417480469 -0.0387229919433594 -0.065185546875 0.47833251953125
0.0134391784667969 -0.0534896850585937 -0.468017578125 0.22113037109375
0.00124740600585938 -0.0587234497070312 -0.61138916015625 -0.45831298828125
0.0412750244140625 -0.0626220703125 -0.0433959960937501 -1.04376220703125
-0.00189208984375 -0.0225486755371094 1.11749267578125 -0.6025390625
-0.0713119506835938 -0.0209732055664063 1.3681640625 0.6820068359375
-0.0177879333496094 -0.0522117614746094 0.34906005859375 1.00762939453125
0.0109024047851562 -0.0483551025390625 0.0947647094726563 0.119186401367188
-0.00811195373535156 -0.0241279602050781 -0.11279296875 -1.05767822265625
-0.0152339935302734 -0.0315513610839844 -1.2559814453125 -0.9315185546875
-0.00510787963867188 -0.0621070861816406 -1.2781982421875 0.600341796875
-0.000801086425781255 -0.0839767456054688 -0.0706787109374999 1.1575927734375
-0.00559234619140626 -0.0653266906738281 0.52337646484375 0.60784912109375
-0.00514411926269531 -0.0128507614135742 0.4356689453125 -0.18695068359375
-0.0174770355224609 -0.0200042724609375 0.068817138671875 -0.534820556640625
-0.0358390808105469 -0.0415229797363281 -0.06549072265625 0.478546142578125
0.0122795104980469 -0.0509872436523438 -0.480010986328125 0.232330322265625
-0.0022735595703125 -0.0420875549316406 -0.63641357421875 -0.43157958984375
0.03594970703125 -0.0460662841796875 -0.09112548828125 -1.0330810546875
-0.0068817138671875 -0.0129938125610352 1.08892822265625 -0.6422119140625
-0.07244873046875 -0.0197906494140625 1.396484375 0.6209716796875
-0.0118064880371094 -0.0491142272949219 0.38897705078125 0.98956298828125
0.0177879333496094 -0.0404930114746094 0.10992431640625 0.124839782714844
-0.00125312805175781 -0.0207309722900391 -0.0661010742187501 -1.0726318359375
-0.0138874053955078 -0.0310287475585938 -1.2171630859375 -0.993408203125
-0.00878524780273438 -0.0527572631835938 -1.308837890625 0.55078125
-0.001190185546875 -0.0663604736328125 -0.125 1.164306640625
-0.00522232055664062 -0.0505828857421875 0.48907470703125 0.6337890625
-0.00378608703613281 -0.0116491317749023 0.424041748046875 -0.17230224609375
-0.0121898651123047 -0.0222320556640625 0.068389892578125 -0.529754638671875
0.0234947204589844 -0.0371780395507813 -0.04498291015625 0.459228515625
0.0406608581542969 -0.0249214172363281 -0.41119384765625 0.155731201171875
0.0213775634765625 0.0351486206054687 -0.492034912109375 -0.56146240234375
-0.000156402587890621 0.0569686889648437 0.1455078125 -1.072021484375
-0.0519561767578125 0.04766845703125 1.2210693359375 -0.4375
-0.0458717346191406 -0.0301780700683594 1.27001953125 0.8858642578125
0.0560951232910156 -0.0503921508789063 0.2071533203125 1.04486083984375
0.0869293212890625 -0.0171279907226563 0.0432052612304688 0.081207275390625
0.0620994567871094 -0.0292091369628906 -0.26239013671875 -1.01483154296875
-0.00653457641601563 -0.0317783355712891 -1.359619140625 -0.7037353515625
-0.0529136657714844 0.0140419006347656 -1.13818359375 0.7691650390625
-0.0282402038574219 0.0383682250976563 0.120361328125 1.10406494140625
-0.00306320190429687 0.0214996337890625 0.6419677734375 0.477783203125
0.0259742736816406 0.0124588012695313 0.477569580078125 -0.255706787109375
0.0421485900878906 -0.0167579650878906 0.093963623046875 -0.530975341796875
0.00950241088867187 -0.0340232849121094 -0.045135498046875 0.46307373046875
0.0389137268066406 -0.0332145690917969 -0.40789794921875 0.15911865234375
0.0228900909423828 0.00652885437011719 -0.48626708984375 -0.56243896484375
0.0116348266601563 0.0238361358642578 0.16229248046875 -1.069091796875
-0.0391006469726563 0.0300521850585938 1.226318359375 -0.423095703125
-0.0488700866699219 -0.0304145812988281 1.25244140625 0.907958984375
0.0421066284179687 -0.0543479919433594 0.19146728515625 1.0550537109375
0.0699310302734375 -0.0288009643554687 0.038055419921875 0.0836715698242187
0.045867919921875 -0.0302543640136719 -0.2763671875 -1.01190185546875
-0.0097808837890625 -0.0310440063476563 -1.3685302734375 -0.689453125
-0.0431556701660156 -0.00505828857421875 -1.1278076171875 0.7811279296875
-0.0251274108886719 0.0049591064453125 0.13177490234375 1.09783935546875
-0.00567340850830078 -0.00273847579956055 0.6495361328125 0.468994140625
0.0194892883300781 0.00573158264160156 0.47784423828125 -0.261566162109375
0.0270957946777344 -0.0143280029296875 0.083740234375 -0.53704833984375
-0.00670814514160156 -0.0344066619873047 -0.0477294921875 0.46575927734375
0.0355300903320313 -0.0411148071289063 -0.413177490234375 0.167755126953125
0.0219917297363281 -0.0234107971191406 -0.493255615234375 -0.5537109375
0.0260257720947266 -0.00874519348144531 0.14678955078125 -1.06591796875
-0.0249519348144531 0.0131072998046875 1.2193603515625 -0.43603515625
-0.054229736328125 -0.0284194946289063 1.256591796875 0.8939208984375
0.0224418640136719 -0.0552253723144531 0.19989013671875 1.05474853515625
0.0494880676269531 -0.040008544921875 0.0405502319335938 0.087371826171875
0.0273914337158203 -0.0300331115722656 -0.27239990234375 -1.0068359375
-0.0117454528808594 -0.0317955017089844 -1.3673095703125 -0.68994140625
-0.0336208343505859 -0.0249385833740234 -1.12841796875 0.77734375
-0.0236148834228516 -0.0278511047363281 0.12811279296875 1.0985107421875
-0.00751876831054688 -0.0264511108398438 0.64642333984375 0.4775390625
0.0121450424194336 0.000723838806152344 0.474609375 -0.25836181640625
0.0131511688232422 -0.0120058059692383 0.0812683105468751 -0.53912353515625
-0.0209178924560547 -0.0348033905029297 -0.05206298828125 0.469757080078125
0.0290641784667969 -0.0491676330566406 -0.422149658203125 0.181427001953125
0.01861572265625 -0.0479736328125 -0.514801025390625 -0.53375244140625
0.0369987487792969 -0.0393753051757813 0.11199951171875 -1.06219482421875
-0.0120010375976563 -0.00269317626953125 1.20068359375 -0.46826171875
-0.0596427917480469 -0.0268745422363281 1.2723388671875 0.859375
0.00531387329101562 -0.0565834045410156 0.21875 1.0452880859375
0.0332298278808594 -0.0481300354003906 0.0474166870117188 0.0934829711914063
0.0116367340087891 -0.0299701690673828 -0.25177001953125 -1.01129150390625
-0.0132217407226563 -0.0319042205810547 -1.351806640625 -0.7230224609375
-0.0226936340332031 -0.0450286865234375 -1.1484375 0.7496337890625
-0.018035888671875 -0.057373046875 0.0986328124999999 1.10858154296875
-0.00827407836914063 -0.0474777221679688 0.62884521484375 0.49957275390625
0.00508260726928711 -0.00499439239501953 0.4686279296875 -0.244903564453125
-2.67028808593747E-05 -0.0121269226074219 0.076171875 -0.53857421875
-0.0322418212890625 -0.0353851318359375 -0.05682373046875 0.47174072265625
0.0226364135742188 -0.0524673461914062 -0.43536376953125 0.194793701171875
0.0132713317871094 -0.0632667541503906 -0.543426513671875 -0.510284423828125
0.0428581237792969 -0.0591011047363281 0.0642089843750001 -1.0584716796875
-0.00299167633056641 -0.0155744552612305 1.177978515625 -0.5087890625
-0.0648231506347656 -0.0241317749023437 1.296875 0.8043212890625
-0.0084381103515625 -0.0567207336425781 0.2547607421875 1.03472900390625
0.0183677673339844 -0.0511322021484375 0.0605926513671875 0.102584838867188
-0.000888824462890623 -0.0277690887451172 -0.2099609375 -1.02142333984375
-0.0154018402099609 -0.0330562591552734 -1.32470703125 -0.781494140625
-0.0145645141601563 -0.0574531555175781 -1.1878662109375 0.711669921875
-0.012847900390625 -0.078521728515625 0.0513305664062501 1.1239013671875
-0.00851440429687499 -0.0625762939453125 0.60076904296875 0.5318603515625
5.53131103515628E-05 -0.00930595397949219 0.458740234375 -0.226348876953125
-0.0111255645751953 -0.0130748748779297 0.074310302734375 -0.537445068359375
-0.0387649536132812 -0.0352516174316406 -0.057098388671875 0.474212646484375
0.0158538818359375 -0.0554237365722656 -0.4501953125 0.2125244140625
0.00749588012695313 -0.0667953491210938 -0.57745361328125 -0.4796142578125
0.0444374084472656 -0.0672988891601563 0.00891113281249992 -1.04937744140625
-0.000741958618164061 -0.0227031707763672 1.143798828125 -0.5570068359375
-0.069122314453125 -0.0218391418457031 1.3341064453125 0.7403564453125
-0.0164909362792969 -0.0550804138183594 0.30169677734375 1.0191650390625
0.0110740661621094 -0.0522880554199219 0.0779495239257813 0.11175537109375
-0.0084228515625 -0.0264415740966797 -0.16461181640625 -1.03631591796875
-0.0152130126953125 -0.0311412811279297 -1.29150390625 -0.845458984375
-0.00706481933593749 -0.0640830993652344 -1.225830078125 0.66015625
-0.0074462890625 -0.0886611938476562 -0.00354003906249994 1.1396484375
-0.00608444213867188 -0.0687065124511719 0.56378173828125 0.567138671875
-0.00356960296630859 -0.0126371383666992 0.445159912109375 -0.206390380859375
-0.0173816680908203 -0.0163106918334961 0.0672607421874999 -0.53570556640625
-0.0406990051269531 -0.0383224487304688 -0.059539794921875 0.4742431640625
0.0114326477050781 -0.0551528930664062 -0.462371826171875 0.225067138671875
0.000953674316406255 -0.0591392517089844 -0.6109619140625 -0.4493408203125
0.0411758422851562 -0.0629196166992188 -0.0512084960937499 -1.03826904296875
-0.00123786926269531 -0.0215930938720703 1.10699462890625 -0.60687255859375
-0.07110595703125 -0.0196533203125 1.363525390625 0.6663818359375
-0.0187301635742188 -0.0525741577148438 0.35205078125 0.9998779296875
0.00848770141601563 -0.0477027893066406 0.0946578979492188 0.120323181152344
-0.0073089599609375 -0.0226802825927734 -0.1180419921875 -1.04986572265625
-0.0137538909912109 -0.0316982269287109 -1.2530517578125 -0.9144287109375
-0.00543975830078125 -0.0601768493652344 -1.2646484375 0.6048583984375
-0.0026702880859375 -0.0836410522460938 -0.0635986328125001 1.1524658203125
-0.00502395629882812 -0.06512451171875 0.5255126953125 0.60198974609375
-0.00587368011474609 -0.0139341354370117 0.431182861328125 -0.187530517578125
-0.0170936584472656 -0.0196876525878906 0.063873291015625 -0.52978515625
-0.0385017395019531 -0.0416603088378906 -0.062042236328125 0.475860595703125
0.0104141235351562 -0.0504608154296875 -0.472625732421875 0.23712158203125
-0.00237274169921875 -0.0433845520019531 -0.6353759765625 -0.42559814453125
0.0373878479003906 -0.0451850891113281 -0.09539794921875 -1.0281982421875
-0.00797843933105469 -0.0132856369018555 1.0760498046875 -0.6453857421875
-0.0723114013671875 -0.0189971923828125 1.3919677734375 0.60595703125
-0.0124473571777344 -0.0483436584472656 0.39044189453125 0.97857666015625
0.0157737731933594 -0.0387496948242187 0.109138488769531 0.123878479003906
-0.000659942626953123 -0.0204601287841797 -0.0714111328125 -1.06097412109375
-0.0132369995117188 -0.0305080413818359 -1.2138671875 -0.9791259765625
-0.00880432128906249 -0.0524406433105469 -1.2979736328125 0.5555419921875
-0.00240325927734375 -0.0658912658691406 -0.112548828125 1.1622314453125
-0.0043487548828125 -0.0501632690429688 0.49188232421875 0.62713623046875
-0.00411319732666016 -0.0107879638671875 0.420196533203125 -0.17333984375
-0.0125751495361328 -0.0225410461425781 0.062835693359375 -0.5277099609375
0.0220451354980469 -0.0382194519042969 -0.04412841796875 0.45806884765625
0.041015625 -0.025970458984375 -0.40594482421875 0.159454345703125
0.0225124359130859 0.0349559783935547 -0.49188232421875 -0.55596923828125
0.000335693359374998 0.0564804077148438 0.1395263671875 -1.0675048828125
-0.0517578125 0.0470924377441406 1.210205078125 -0.4443359375
-0.0455970764160156 -0.0300064086914063 1.2642822265625 0.8709716796875
0.0546417236328125 -0.0508613586425781 0.2098388671875 1.03619384765625
0.0843124389648438 -0.0174026489257813 0.0440216064453125 0.0812835693359375
0.0615692138671875 -0.0289459228515625 -0.26348876953125 -1.005615234375
-0.00585556030273437 -0.0310878753662109 -1.3563232421875 -0.6925048828125
-0.0528450012207031 0.015045166015625 -1.126708984375 0.77001953125
-0.0286827087402344 0.0372886657714844 0.12530517578125 1.09332275390625
-0.00279045104980469 0.0222244262695312 0.64141845703125 0.47137451171875
0.026885986328125 0.0121173858642578 0.472869873046875 -0.256439208984375
0.0411529541015625 -0.0176429748535156 0.090606689453125 -0.528961181640625
0.00682830810546875 -0.0352096557617188 -0.04156494140625 0.46087646484375
0.0391693115234375 -0.0349540710449219 -0.40399169921875 0.16351318359375
0.0225296020507812 0.0063018798828125 -0.484832763671875 -0.554718017578125
0.0126838684082031 0.0235519409179688 0.15557861328125 -1.06500244140625
-0.039337158203125 0.0296401977539062 1.214599609375 -0.426513671875
-0.0484428405761719 -0.0294418334960938 1.2449951171875 0.8946533203125
0.0394058227539062 -0.0528602600097656 0.19171142578125 1.04864501953125
0.0683708190917969 -0.0290794372558594 0.039093017578125 0.0833587646484375
0.0464363098144531 -0.0303840637207031 -0.27734375 -1.00177001953125
-0.00745964050292968 -0.0305023193359375 -1.3631591796875 -0.6759033203125
-0.0436820983886719 -0.00402450561523437 -1.1170654296875 0.781982421875
-0.02581787109375 0.00458145141601563 0.13861083984375 1.087890625
-0.00502681732177734 -0.00217390060424805 0.6480712890625 0.46319580078125
0.0189876556396484 0.00680160522460938 0.471771240234375 -0.263092041015625
0.0270957946777344 -0.0142669677734375 0.078460693359375 -0.5350341796875
-0.00839805603027343 -0.0342292785644531 -0.044403076171875 0.462432861328125
0.0328559875488281 -0.0428695678710938 -0.4088134765625 0.17071533203125
0.0220565795898437 -0.024261474609375 -0.492828369140625 -0.545318603515625
0.0257625579833984 -0.00973701477050781 0.1387939453125 -1.06207275390625
-0.0242404937744141 0.0135326385498047 1.2073974609375 -0.4403076171875
-0.0532951354980469 -0.02734375 1.2520751953125 0.879638671875
0.0217094421386719 -0.0557937622070313 0.19921875 1.04315185546875
0.0489311218261719 -0.0389823913574219 0.040191650390625 0.088043212890625
0.0272541046142578 -0.0301551818847656 -0.27392578125 -0.9959716796875
-0.0118350982666016 -0.0316848754882813 -1.35986328125 -0.674560546875
-0.0339431762695313 -0.0248928070068359 -1.1187744140625 0.77825927734375
-0.0241680145263672 -0.0280361175537109 0.13671875 1.09088134765625
-0.00778579711914062 -0.0254898071289063 0.6439208984375 0.46929931640625
0.0122175216674805 0.000820159912109375 0.470184326171875 -0.259796142578125
0.0133323669433594 -0.0121841430664063 0.077392578125 -0.53631591796875
-0.0227489471435547 -0.0340995788574219 -0.047760009765625 0.466094970703125
0.0279960632324219 -0.0497627258300781 -0.41778564453125 0.182647705078125
0.0186119079589844 -0.0490074157714844 -0.514801025390625 -0.526641845703125
0.0367813110351563 -0.0372505187988281 0.102783203125 -1.0557861328125
-0.0121746063232422 -0.00302219390869141 1.1903076171875 -0.469482421875
-0.0580825805664062 -0.0256614685058594 1.26708984375 0.84619140625
0.0041656494140625 -0.056854248046875 0.222900390625 1.03863525390625
0.0313072204589844 -0.0466804504394531 0.0489654541015625 0.094390869140625
0.0110454559326172 -0.0294361114501953 -0.253662109375 -1.00250244140625
-0.0126075744628906 -0.0315818786621094 -1.3458251953125 -0.71142578125
-0.0231781005859375 -0.0439491271972656 -1.1390380859375 0.7529296875
-0.0194206237792969 -0.0569915771484375 0.10516357421875 1.1009521484375
-0.0092620849609375 -0.0461158752441406 0.627685546875 0.4935302734375
0.00520467758178711 -0.00445413589477539 0.4637451171875 -0.247894287109375
-0.000949859619140624 -0.0123186111450195 0.07373046875 -0.53570556640625
-0.0340938568115234 -0.0340499877929688 -0.05352783203125 0.4686279296875
0.0215492248535156 -0.054534912109375 -0.430908203125 0.198944091796875
0.0129661560058594 -0.0629119873046875 -0.5416259765625 -0.50408935546875
0.0437355041503906 -0.0589408874511719 0.0594482421875 -1.05145263671875
-0.0047607421875 -0.0155706405639648 1.1661376953125 -0.5108642578125
-0.0647354125976563 -0.0232810974121094 1.2933349609375 0.7884521484375
-0.00899124145507812 -0.0565948486328125 0.2559814453125 1.0262451171875
0.017974853515625 -0.0517082214355469 0.0608139038085937 0.103805541992188
-0.00107765197753906 -0.0272808074951172 -0.2130126953125 -1.0142822265625
-0.0136966705322266 -0.0315971374511719 -1.3175048828125 -0.76904296875
-0.0137405395507812 -0.0563011169433594 -1.174072265625 0.7130126953125
-0.0135116577148437 -0.077880859375 0.0587158203124999 1.11749267578125
-0.007537841796875 -0.06109619140625 0.59954833984375 0.52557373046875
-0.000126838684082031 -0.00916767120361328 0.45343017578125 -0.227081298828125
-0.0120000839233398 -0.0132417678833008 0.0692138671875 -0.534149169921875
-0.0415382385253906 -0.0363349914550781 -0.05487060546875 0.47027587890625
0.0155601501464844 -0.05633544921875 -0.443939208984375 0.2149658203125
0.0065765380859375 -0.0669403076171875 -0.5760498046875 -0.47247314453125
0.0438575744628906 -0.0671882629394531 0.00207519531250009 -1.0416259765625
-0.000701904296875 -0.0218124389648438 1.1336669921875 -0.5615234375
-0.0687713623046875 -0.0218963623046875 1.3267822265625 0.725830078125
-0.0167770385742187 -0.0546913146972656 0.30450439453125 1.00946044921875
0.00960159301757812 -0.0509033203125 0.076873779296875 0.111328125
-0.00723075866699219 -0.025115966796875 -0.16815185546875 -1.0260009765625
-0.0138778686523437 -0.0316581726074219 -1.28759765625 -0.8370361328125
-0.0080718994140625 -0.0623703002929688 -1.215087890625 0.6629638671875
-0.00870513916015625 -0.087554931640625 0.00305175781250009 1.131591796875
-0.00592803955078125 -0.0676612854003906 0.56353759765625 0.55859375
-0.00342750549316406 -0.0131683349609375 0.439971923828125 -0.207855224609375
-0.0180931091308594 -0.0160484313964844 0.063720703125 -0.532135009765625
-0.0428733825683594 -0.0390357971191406 -0.0572204589843751 0.471954345703125
0.00988388061523438 -0.0556678771972656 -0.457275390625 0.22845458984375
0.0012054443359375 -0.0595207214355469 -0.6085205078125 -0.4417724609375
0.04205322265625 -0.0626754760742188 -0.056884765625 -1.03192138671875
-0.00292015075683594 -0.0218105316162109 1.09625244140625 -0.608642578125
-0.0700454711914063 -0.0194892883300781 1.35791015625 0.6546630859375
-0.0195121765136719 -0.0516128540039062 0.350830078125 0.99139404296875
0.00907135009765625 -0.0471954345703125 0.0946502685546875 0.11981201171875
-0.00757980346679687 -0.0233249664306641 -0.117919921875 -1.04034423828125
-0.0131034851074219 -0.0305271148681641 -1.2484130859375 -0.9024658203125
-0.00574874877929688 -0.0596847534179688 -1.2542724609375 0.6109619140625
-0.00319671630859376 -0.0831069946289063 -0.0537109374999999 1.14501953125
-0.00457763671875001 -0.0628509521484375 0.52777099609375 0.59405517578125
-0.00539970397949219 -0.0149984359741211 0.4276123046875 -0.18988037109375
-0.0185337066650391 -0.0189685821533203 0.062255859375 -0.52923583984375
-0.0383682250976563 -0.0421333312988281 -0.058197021484375 0.472900390625
0.0106124877929687 -0.0523223876953125 -0.466827392578125 0.238800048828125
-0.00110626220703125 -0.04278564453125 -0.63543701171875 -0.41851806640625
0.0371818542480469 -0.0453071594238281 -0.10321044921875 -1.01971435546875
-0.0080709457397461 -0.0129966735839844 1.0665283203125 -0.6484375
-0.0725250244140625 -0.0186004638671875 1.385986328125 0.593994140625
-0.0137863159179688 -0.0498008728027344 0.39105224609375 0.97186279296875
0.0150413513183594 -0.0401344299316406 0.109077453613281 0.124481201171875
-0.000343322753906252 -0.0207118988037109 -0.0747680664062499 -1.05255126953125
-0.0122241973876953 -0.0302371978759766 -1.213134765625 -0.9642333984375
-0.00986862182617188 -0.0516624450683594 -1.2861328125 0.556884765625
-0.0025787353515625 -0.0667915344238281 -0.10546875 1.1529541015625
-0.00512313842773437 -0.0485076904296875 0.491943359375 0.620849609375
-0.00324916839599609 -0.0118036270141602 0.415740966796875 -0.1739501953125
-0.0131912231445313 -0.021697998046875 0.058319091796875 -0.52508544921875
0.0202407836914063 -0.0381317138671875 -0.040985107421875 0.455810546875
0.0397415161132813 -0.0264434814453125 -0.402313232421875 0.16259765625
0.0228729248046875 0.0343666076660156 -0.490753173828125 -0.549468994140625
0.00121307373046875 0.0554656982421875 0.13330078125 -1.06207275390625
-0.0520439147949219 0.0475044250488281 1.2005615234375 -0.44384765625
-0.0447540283203125 -0.0300636291503906 1.2589111328125 0.8580322265625
0.0532264709472656 -0.0507087707519531 0.20989990234375 1.0289306640625
0.0822067260742188 -0.0183944702148438 0.0453109741210938 0.083221435546875
0.0604896545410156 -0.0297622680664063 -0.262939453125 -0.99627685546875
-0.00530052185058594 -0.0309658050537109 -1.3487548828125 -0.6822509765625
-0.0521087646484375 0.0153999328613281 -1.11810302734375 0.772216796875
-0.0284843444824219 0.0368003845214844 0.13214111328125 1.088623046875
-0.002655029296875 0.0223350524902344 0.6402587890625 0.4674072265625
0.0265750885009766 0.0115756988525391 0.468841552734375 -0.256439208984375
0.0412559509277344 -0.0181198120117188 0.08758544921875 -0.526458740234375
0.00513839721679687 -0.0354957580566406 -0.040069580078125 0.458038330078125
0.0372886657714844 -0.0354499816894531 -0.3995361328125 0.165008544921875
0.0235061645507813 0.00531196594238281 -0.485107421875 -0.54962158203125
0.0132598876953125 0.0234298706054688 0.1490478515625 -1.0595703125
-0.0396499633789063 0.0301742553710937 1.2078857421875 -0.430908203125
-0.0477790832519531 -0.0295066833496094 1.2427978515625 0.8831787109375
0.0384063720703125 -0.0553627014160156 0.19390869140625 1.03857421875
0.0665435791015625 -0.0297164916992188 0.0384368896484375 0.0850372314453125
0.0449028015136719 -0.0305595397949219 -0.27838134765625 -0.99127197265625
-0.00760459899902344 -0.0310440063476562 -1.355712890625 -0.6663818359375
-0.0437393188476563 -0.00345611572265625 -1.1055908203125 0.7852783203125
-0.0266323089599609 0.00530815124511719 0.145263671875 1.08453369140625
-0.0051422119140625 0.000125885009765626 0.6480712890625 0.45904541015625
0.0199775695800781 0.00547027587890625 0.4666748046875 -0.263458251953125
0.0259723663330078 -0.0139484405517578 0.077423095703125 -0.5330810546875
-0.00802421569824219 -0.0345096588134766 -0.042327880859375 0.46142578125
0.0338211059570312 -0.0440521240234375 -0.40350341796875 0.17218017578125
0.0217781066894531 -0.0247058868408203 -0.491851806640625 -0.54144287109375
0.0263099670410156 -0.00986480712890625 0.13201904296875 -1.0562744140625
-0.0247268676757812 0.0135478973388672 1.19775390625 -0.4425048828125
-0.0529747009277344 -0.0264053344726563 1.245849609375 0.870849609375
0.0204544067382812 -0.0561637878417969 0.2005615234375 1.03643798828125
0.0469932556152344 -0.0393943786621094 0.041473388671875 0.0881271362304688
0.0272903442382813 -0.0309925079345703 -0.2744140625 -0.98883056640625
-0.0109081268310547 -0.0308055877685547 -1.351318359375 -0.6680908203125
-0.03277587890625 -0.0240325927734375 -1.110107421875 0.78070068359375
-0.0237026214599609 -0.0278377532958984 0.139892578125 1.0838623046875
-0.007293701171875 -0.0249233245849609 0.644775390625 0.4637451171875
0.0124244689941406 0.000893592834472656 0.465728759765625 -0.259857177734375
0.0124731063842773 -0.0123805999755859 0.074310302734375 -0.532958984375
-0.0248908996582031 -0.0352287292480469 -0.044219970703125 0.465087890625
0.0271987915039063 -0.0514907836914063 -0.412506103515625 0.1866455078125
0.0188522338867187 -0.0483436584472656 -0.512298583984375 -0.52069091796875
0.0368118286132813 -0.0394134521484375 0.0981445312500001 -1.05316162109375
-0.0132179260253906 -0.00324726104736328 1.178955078125 -0.4725341796875
-0.0592803955078125 -0.0254745483398438 1.264404296875 0.83251953125
0.00404739379882813 -0.0563087463378906 0.22186279296875 1.0306396484375
0.03076171875 -0.0464515686035156 0.049560546875 0.095367431640625
0.0112876892089844 -0.0291671752929688 -0.2518310546875 -0.992431640625
-0.0119056701660156 -0.0308246612548828 -1.339111328125 -0.701904296875
-0.0235252380371094 -0.0427894592285156 -1.1270751953125 0.754638671875
-0.01959228515625 -0.0564956665039063 0.1103515625 1.096923828125
-0.00854873657226563 -0.0458602905273438 0.62603759765625 0.4873046875
0.00523757934570312 -0.00526809692382812 0.460601806640625 -0.2479248046875
-0.00118923187255859 -0.0115842819213867 0.070831298828125 -0.53271484375
-0.0350265502929688 -0.0355224609375 -0.0496826171875 0.466217041015625
0.0201377868652344 -0.0551528930664063 -0.427337646484375 0.199310302734375
0.0135269165039063 -0.0645828247070313 -0.541046142578125 -0.49639892578125
0.0448226928710938 -0.0587387084960938 0.0532836914062499 -1.047119140625
-0.00520133972167969 -0.0151176452636719 1.1580810546875 -0.511474609375
-0.0648345947265625 -0.0236358642578125 1.2862548828125 0.7801513671875
-0.0100822448730469 -0.0562858581542969 0.255126953125 1.02008056640625
0.0156326293945313 -0.0502967834472656 0.0614013671875 0.103172302246094
-0.00121688842773437 -0.0276470184326172 -0.21343994140625 -1.004638671875
-0.0131549835205078 -0.0317001342773437 -1.311767578125 -0.758544921875
-0.0142593383789062 -0.0559234619140625 -1.1646728515625 0.7122802734375
-0.0152969360351562 -0.0772247314453125 0.0664672851562499 1.11181640625
-0.00751113891601562 -0.0605278015136719 0.6002197265625 0.52105712890625
0.000323295593261719 -0.00989913940429688 0.4501953125 -0.228515625
-0.0118703842163086 -0.0128803253173828 0.06695556640625 -0.530548095703125
-0.0426902770996094 -0.0361213684082031 -0.051055908203125 0.468963623046875
0.0145683288574219 -0.0573234558105469 -0.440582275390625 0.216461181640625
0.00727462768554688 -0.0667572021484375 -0.5743408203125 -0.4678955078125
0.0449371337890625 -0.0679931640625 -0.00433349609375005 -1.0369873046875
-0.00208663940429687 -0.0225334167480469 1.1260986328125 -0.561279296875
-0.0681800842285156 -0.0204887390136719 1.3201904296875 0.716064453125
-0.0188865661621094 -0.0547256469726562 0.30462646484375 1.00408935546875
0.00894546508789062 -0.0509376525878906 0.0776748657226563 0.112808227539063
-0.00832939147949219 -0.0253028869628906 -0.1680908203125 -1.0159912109375
-0.0131702423095703 -0.0313262939453125 -1.280029296875 -0.8250732421875
-0.0079193115234375 -0.0613517761230469 -1.2042236328125 0.66357421875
-0.0081939697265625 -0.087646484375 0.00927734374999997 1.1279296875
-0.00598907470703125 -0.0668907165527344 0.564697265625 0.5548095703125
-0.00322151184082031 -0.0135946273803711 0.435821533203125 -0.20928955078125
-0.0187339782714844 -0.0155849456787109 0.06024169921875 -0.528656005859375
-0.043487548828125 -0.03857421875 -0.05511474609375 0.46990966796875
0.00928115844726563 -0.0569915771484375 -0.452484130859375 0.22998046875
0.00139999389648438 -0.05926513671875 -0.60870361328125 -0.43450927734375
0.04229736328125 -0.0631294250488281 -0.0618896484375001 -1.025390625
-0.00366020202636719 -0.0221500396728516 1.08648681640625 -0.60784912109375
-0.0707244873046875 -0.0193252563476563 1.352294921875 0.6417236328125
-0.0196876525878906 -0.0519599914550781 0.34930419921875 0.982421875
0.00755691528320313 -0.0463066101074219 0.0948410034179688 0.119842529296875
-0.00762176513671875 -0.0231456756591797 -0.11920166015625 -1.03057861328125
-0.013702392578125 -0.0304126739501953 -1.241455078125 -0.8934326171875
-0.00662612915039063 -0.0598831176757813 -1.2451171875 0.610595703125
-0.00395965576171876 -0.0822982788085938 -0.0501708984375001 1.139892578125
-0.00382614135742187 -0.0626411437988281 0.52734375 0.5894775390625
-0.00422477722167969 -0.0146503448486328 0.4212646484375 -0.18975830078125
-0.0181198120117188 -0.0186424255371094 0.05767822265625 -0.5255126953125
-0.0396614074707031 -0.0412673950195313 -0.05474853515625 0.4698486328125
0.00875473022460937 -0.0535697937011719 -0.46295166015625 0.242156982421875
-0.00011444091796875 -0.0420265197753906 -0.6339111328125 -0.41302490234375
0.0372962951660156 -0.0461807250976563 -0.10675048828125 -1.0142822265625
-0.00853824615478516 -0.012782096862793 1.05682373046875 -0.6485595703125
-0.0714874267578125 -0.0170822143554687 1.3797607421875 0.58447265625
-0.01416015625 -0.048583984375 0.389892578125 0.96337890625
0.0143928527832031 -0.0396003723144531 0.109970092773438 0.123443603515625
-0.000411987304687499 -0.0205230712890625 -0.0755004882812499 -1.04437255859375
-0.0116329193115234 -0.0300960540771484 -1.2044677734375 -0.9554443359375
-0.00991439819335938 -0.0512313842773438 -1.2774658203125 0.5614013671875
-0.00343322753906249 -0.0656547546386719 -0.10107421875 1.147216796875
-0.00392913818359375 -0.0487403869628906 0.49127197265625 0.61566162109375
-0.00371170043945313 -0.0113554000854492 0.41204833984375 -0.174407958984375
-0.0132217407226563 -0.0223445892333984 0.055572509765625 -0.5211181640625
0.0188064575195312 -0.0375823974609375 -0.038909912109375 0.45477294921875
0.0390625 -0.0272674560546875 -0.39678955078125 0.16278076171875
0.0233573913574219 0.0335407257080078 -0.490509033203125 -0.54364013671875
0.00311279296875 0.055511474609375 0.13079833984375 -1.05584716796875
-0.0514602661132812 0.0469894409179687 1.190673828125 -0.447998046875
-0.0442047119140625 -0.0293312072753906 1.25341796875 0.8480224609375
0.0529022216796875 -0.0502357482910156 0.208984375 1.021728515625
0.0819015502929688 -0.017822265625 0.0447998046875 0.082977294921875
0.0604019165039062 -0.0304222106933594 -0.26226806640625 -0.98846435546875
-0.00367927551269531 -0.0310459136962891 -1.342041015625 -0.6722412109375
-0.0520744323730469 0.0161361694335937 -1.10992431640625 0.77069091796875
-0.0286064147949219 0.0367431640625 0.13470458984375 1.08282470703125
-0.00275993347167968 0.0227565765380859 0.639892578125 0.463623046875
0.0263004302978516 0.0112152099609375 0.4644775390625 -0.2579345703125
0.0407447814941406 -0.017669677734375 0.08514404296875 -0.52239990234375
0.004302978515625 -0.0358924865722656 -0.038604736328125 0.45611572265625
0.0372734069824219 -0.03717041015625 -0.394927978515625 0.1666259765625
0.0229549407958984 0.00434303283691406 -0.483978271484375 -0.544952392578125
0.0142440795898437 0.0227565765380859 0.14532470703125 -1.05352783203125
-0.0395011901855469 0.0296554565429688 1.1966552734375 -0.4278564453125
-0.0477828979492188 -0.0295181274414063 1.2386474609375 0.873291015625
0.037384033203125 -0.0532646179199219 0.19183349609375 1.03387451171875
0.0656318664550781 -0.0282478332519531 0.0395050048828125 0.0852127075195313
0.0454673767089844 -0.0310783386230469 -0.2767333984375 -0.9827880859375
-0.00621414184570312 -0.0315380096435547 -1.3525390625 -0.660400390625
-0.0431709289550781 -0.0028533935546875 -1.10028076171875 0.7825927734375
-0.0264739990234375 0.00543212890625001 0.14764404296875 1.07861328125
-0.00383949279785156 -0.000798940658569335 0.6455078125 0.45556640625
0.0200481414794922 0.00549507141113281 0.463409423828125 -0.2625732421875
0.0260028839111328 -0.0142574310302734 0.074127197265625 -0.529327392578125
-0.00976943969726563 -0.0350894927978516 -0.0389404296875 0.458465576171875
0.0323829650878906 -0.045257568359375 -0.4007568359375 0.175048828125
0.0225467681884766 -0.0257015228271484 -0.490997314453125 -0.535919189453125
0.0265884399414063 -0.0100574493408203 0.13153076171875 -1.05126953125
-0.02587890625 0.0132045745849609 1.18896484375 -0.4429931640625
-0.0528182983398438 -0.0260810852050781 1.2393798828125 0.858642578125
0.0197296142578125 -0.0556755065917969 0.19921875 1.03082275390625
0.0474624633789063 -0.0389556884765625 0.0407943725585937 0.0893402099609375
0.0271282196044922 -0.0304603576660156 -0.27294921875 -0.9796142578125
-0.00915908813476562 -0.0313243865966797 -1.3458251953125 -0.6612548828125
-0.033721923828125 -0.0232925415039063 -1.09814453125 0.77838134765625
-0.024505615234375 -0.0263919830322266 0.1446533203125 1.07904052734375
-0.00567436218261719 -0.0236644744873047 0.64300537109375 0.4610595703125
0.0133056640625 0.000454902648925781 0.46075439453125 -0.2593994140625
0.0124874114990234 -0.0119285583496094 0.072479248046875 -0.53076171875
-0.0253925323486328 -0.0344390869140625 -0.041748046875 0.46160888671875
0.0257339477539063 -0.0518798828125 -0.408203125 0.187042236328125
0.0185737609863281 -0.0485992431640625 -0.5126953125 -0.51458740234375
0.037078857421875 -0.0394287109375 0.0942382812500001 -1.04742431640625
-0.0134162902832031 -0.00303173065185547 1.170166015625 -0.4736328125
-0.0583572387695313 -0.0242156982421875 1.2574462890625 0.8240966796875
0.0024566650390625 -0.0563430786132813 0.22064208984375 1.02392578125
0.0292739868164063 -0.0459442138671875 0.0486373901367187 0.0962600708007813
0.0113544464111328 -0.028961181640625 -0.2503662109375 -0.98486328125
-0.0115108489990234 -0.0313224792480469 -1.3314208984375 -0.697998046875
-0.0242118835449219 -0.0425262451171875 -1.1212158203125 0.75341796875
-0.0207862854003906 -0.0565261840820313 0.11322021484375 1.08984375
-0.00830078125 -0.0452842712402344 0.6275634765625 0.48486328125
0.0065617561340332 -0.00571918487548828 0.455474853515625 -0.24652099609375
-0.00174903869628906 -0.011418342590332 0.0673522949218749 -0.530548095703125
-0.0366859436035156 -0.0356216430664062 -0.04730224609375 0.464752197265625
0.0187492370605469 -0.0560150146484375 -0.42236328125 0.2022705078125
0.0135078430175781 -0.0637969970703125 -0.538726806640625 -0.4913330078125
0.0436897277832031 -0.0590705871582031 0.050048828125 -1.04296875
-0.00567436218261719 -0.0150413513183594 1.1458740234375 -0.513671875
-0.0634193420410156 -0.0225868225097656 1.2806396484375 0.7718505859375
-0.0114860534667969 -0.0561637878417969 0.25347900390625 1.013427734375
0.0153770446777344 -0.0506134033203125 0.06231689453125 0.104545593261719
-0.0011138916015625 -0.0280666351318359 -0.2117919921875 -0.9949951171875
-0.0114955902099609 -0.0310420989990234 -1.3045654296875 -0.7509765625
-0.0146293640136719 -0.0558090209960938 -1.1563720703125 0.7105712890625
-0.0148391723632812 -0.0770187377929688 0.0678100585937499 1.10711669921875
-0.00680160522460937 -0.0600738525390625 0.60015869140625 0.5159912109375
-0.000440597534179687 -0.0100440979003906 0.4454345703125 -0.229278564453125
-0.0119342803955078 -0.0126523971557617 0.0646057128906249 -0.528656005859375
-0.0441207885742187 -0.0362396240234375 -0.049102783203125 0.4666748046875
0.0127906799316406 -0.0580635070800781 -0.4368896484375 0.21856689453125
0.00781631469726562 -0.0663795471191406 -0.572998046875 -0.46234130859375
0.0454292297363281 -0.0682907104492188 -0.00872802734375008 -1.034423828125
-0.00284576416015625 -0.0211372375488281 1.1158447265625 -0.56256103515625
-0.0678215026855469 -0.0202102661132812 1.3125 0.705078125
-0.0192375183105469 -0.0543289184570313 0.3018798828125 0.9969482421875
0.00887680053710938 -0.0503196716308594 0.0780792236328125 0.112983703613281
-0.00806808471679687 -0.0259857177734375 -0.16815185546875 -1.01007080078125
-0.0128879547119141 -0.0303840637207031 -1.2740478515625 -0.8160400390625
-0.00837326049804687 -0.0615882873535156 -1.1959228515625 0.6646728515625
-0.00892639160156251 -0.0861434936523437 0.0124511718749999 1.12274169921875
-0.00532913208007813 -0.0658035278320313 0.5635986328125 0.5506591796875
-0.00277996063232422 -0.0133943557739258 0.432830810546875 -0.20855712890625
-0.0186614990234375 -0.0144157409667969 0.05816650390625 -0.526214599609375
-0.045379638671875 -0.0381126403808594 -0.05316162109375 0.46771240234375
0.0089569091796875 -0.057647705078125 -0.447418212890625 0.232086181640625
0.00181198120117188 -0.0586662292480469 -0.60736083984375 -0.43084716796875
0.0415763854980469 -0.0628929138183594 -0.06573486328125 -1.019775390625
-0.00489616394042969 -0.0206432342529297 1.0789794921875 -0.610107421875
-0.0705718994140625 -0.0182723999023438 1.3468017578125 0.634765625
-0.0201339721679688 -0.0509147644042969 0.34869384765625 0.97613525390625
0.00647735595703125 -0.0470962524414062 0.095367431640625 0.120101928710938
-0.00785064697265625 -0.0229110717773438 -0.12066650390625 -1.02374267578125
-0.0120716094970703 -0.0312423706054688 -1.236083984375 -0.885009765625
-0.00629806518554687 -0.059661865234375 -1.234130859375 0.608154296875
-0.0047760009765625 -0.083465576171875 -0.0462646484375 1.135498046875
-0.00457382202148437 -0.0620536804199219 0.52630615234375 0.58563232421875
-0.00339794158935547 -0.0138521194458008 0.421234130859375 -0.191131591796875
-0.0182323455810547 -0.0187416076660156 0.056549072265625 -0.523345947265625
-0.0411148071289063 -0.041656494140625 -0.053558349609375 0.46832275390625
0.0076141357421875 -0.0541877746582031 -0.4598388671875 0.24371337890625
-0.000350952148437504 -0.0408668518066406 -0.63128662109375 -0.40802001953125
0.0371475219726563 -0.0465507507324219 -0.1090087890625 -1.00927734375
-0.00923919677734375 -0.0131263732910156 1.04876708984375 -0.64862060546875
-0.0715179443359375 -0.0167922973632813 1.373046875 0.5751953125
-0.0147476196289062 -0.0482063293457031 0.38690185546875 0.95672607421875
0.0133590698242188 -0.0380706787109375 0.110511779785156 0.12518310546875
3.62396240234356E-05 -0.0211830139160156 -0.0748901367187499 -1.034912109375
-0.0108203887939453 -0.0299472808837891 -1.19921875 -0.9449462890625
-0.0101089477539063 -0.0496673583984375 -1.2664794921875 0.5611572265625
-0.00426101684570313 -0.0653724670410156 -0.0944824218750001 1.142578125
-0.00348281860351563 -0.0479927062988281 0.493896484375 0.611083984375
-0.00245857238769531 -0.0126142501831055 0.40869140625 -0.175750732421875
-0.0144615173339844 -0.0216598510742187 0.05340576171875 -0.518524169921875
0.0168952941894531 -0.0384902954101562 -0.0377197265625 0.45172119140625
0.0383415222167969 -0.0293617248535156 -0.393646240234375 0.164642333984375
0.0244197845458984 0.0323581695556641 -0.488311767578125 -0.5404052734375
0.00349807739257813 0.0544471740722656 0.1258544921875 -1.05523681640625
-0.0517959594726563 0.0480003356933594 1.1859130859375 -0.443359375
-0.0442161560058594 -0.0289649963378906 1.246826171875 0.8446044921875
0.0515480041503906 -0.0511245727539063 0.204833984375 1.01824951171875
0.0804672241210938 -0.0173568725585938 0.0447998046875 0.0845565795898438
0.0603866577148438 -0.0294990539550781 -0.25848388671875 -0.98052978515625
-0.00227165222167969 -0.0308799743652344 -1.33544921875 -0.669677734375
-0.0519065856933594 0.0164909362792969 -1.1025390625 0.765869140625
-0.0294418334960938 0.0375251770019531 0.1351318359375 1.07757568359375
-0.000734329223632815 0.0234165191650391 0.6368408203125 0.46063232421875
0.0269451141357422 0.0110416412353516 0.460845947265625 -0.2567138671875
0.0398178100585938 -0.0175628662109375 0.084320068359375 -0.52276611328125
0.00304794311523437 -0.03497314453125 -0.036956787109375 0.454559326171875
0.0355339050292969 -0.037628173828125 -0.392791748046875 0.168365478515625
0.0229454040527344 0.00404548645019531 -0.481689453125 -0.540191650390625
0.0149593353271484 0.0218582153320313 0.14202880859375 -1.048828125
-0.0395660400390625 0.0304222106933594 1.1893310546875 -0.4298095703125
-0.0470046997070313 -0.02801513671875 1.233154296875 0.86767578125
0.0371818542480469 -0.0527687072753906 0.19024658203125 1.02691650390625
0.0647850036621094 -0.0284080505371094 0.0391769409179688 0.0863876342773438
0.0448684692382813 -0.0303993225097656 -0.27337646484375 -0.9771728515625
-0.0051727294921875 -0.0306434631347656 -1.343017578125 -0.658935546875
-0.0435600280761719 -0.00157546997070312 -1.08929443359375 0.78082275390625
-0.0275783538818359 0.00613212585449219 0.14825439453125 1.07373046875
-0.0030059814453125 0.00105547904968262 0.644287109375 0.45184326171875
0.0205116271972656 0.0049896240234375 0.4613037109375 -0.26104736328125
0.0253028869628906 -0.0136260986328125 0.0739135742187499 -0.52655029296875
-0.0127239227294922 -0.0345878601074219 -0.038787841796875 0.457275390625
0.0307426452636719 -0.0458793640136719 -0.397003173828125 0.17547607421875
0.0228786468505859 -0.0246124267578125 -0.4891357421875 -0.53143310546875
0.0281124114990234 -0.0111103057861328 0.12591552734375 -1.04730224609375
-0.026580810546875 0.0136032104492188 1.1829833984375 -0.4420166015625
-0.0528450012207031 -0.026336669921875 1.2352294921875 0.8511962890625
0.0194435119628906 -0.0555038452148438 0.1966552734375 1.02398681640625
0.0466270446777344 -0.0375938415527344 0.0415725708007812 0.0900497436523438
0.0273284912109375 -0.0296688079833984 -0.2701416015625 -0.9716796875
-0.00818252563476562 -0.0302085876464844 -1.3404541015625 -0.6539306640625
-0.0336494445800781 -0.0235614776611328 -1.09344482421875 0.775390625
-0.0246925354003906 -0.0270462036132813 0.1441650390625 1.0777587890625
-0.0060577392578125 -0.0232162475585938 0.64215087890625 0.46026611328125
0.013401985168457 -0.000818252563476563 0.458160400390625 -0.258331298828125
0.0114364624023438 -0.0111293792724609 0.071929931640625 -0.52838134765625
-0.0263462066650391 -0.0335693359375 -0.040557861328125 0.459503173828125
0.02337646484375 -0.0522308349609375 -0.4058837890625 0.188751220703125
0.0196456909179688 -0.0490303039550781 -0.511260986328125 -0.51214599609375
0.0384521484375 -0.0397109985351563 0.0926513671875 -1.0440673828125
-0.0140981674194336 -0.00230026245117188 1.164306640625 -0.471435546875
-0.0583763122558594 -0.0244369506835937 1.2525634765625 0.820068359375
0.00256729125976563 -0.0557403564453125 0.218505859375 1.01824951171875
0.0286979675292969 -0.0459480285644531 0.049591064453125 0.0968399047851563
0.0107479095458984 -0.0284309387207031 -0.2490234375 -0.97698974609375
-0.0103130340576172 -0.0316276550292969 -1.3240966796875 -0.6910400390625
-0.0242805480957031 -0.0402488708496094 -1.115234375 0.7493896484375
-0.0203170776367188 -0.0550613403320312 0.11590576171875 1.086669921875
-0.00704193115234375 -0.0440521240234375 0.6241455078125 0.4822998046875
0.00624370574951172 -0.00565576553344727 0.453460693359375 -0.24774169921875
-0.0014190673828125 -0.0109109878540039 0.067047119140625 -0.52825927734375
-0.037841796875 -0.0352516174316406 -0.04638671875 0.462554931640625
0.0178909301757812 -0.0571632385253906 -0.417816162109375 0.201873779296875
0.0136947631835938 -0.0637245178222656 -0.538848876953125 -0.488677978515625
0.0439491271972656 -0.0597724914550781 0.04779052734375 -1.0379638671875
-0.00671100616455078 -0.0146188735961914 1.1439208984375 -0.51123046875
-0.0634231567382813 -0.0216636657714844 1.275146484375 0.7640380859375
-0.0114860534667969 -0.0559043884277344 0.2530517578125 1.0081787109375
0.0153083801269531 -0.0488319396972656 0.0625 0.105484008789063
-0.00182342529296875 -0.0277538299560547 -0.2103271484375 -0.99041748046875
-0.0114231109619141 -0.0314903259277344 -1.298583984375 -0.7479248046875
-0.015045166015625 -0.0549278259277344 -1.14892578125 0.7098388671875
-0.0154647827148437 -0.07586669921875 0.0711059570312501 1.1019287109375
-0.00767135620117187 -0.0585899353027344 0.5980224609375 0.51397705078125
0.000562667846679688 -0.00985622406005859 0.443695068359375 -0.227264404296875
-0.0134162902832031 -0.0128965377807617 0.0631713867187499 -0.52606201171875
-0.0451622009277344 -0.0366325378417969 -0.047607421875 0.46319580078125
0.0116424560546875 -0.0591773986816406 -0.43255615234375 0.218841552734375
0.00713348388671875 -0.0668716430664063 -0.57269287109375 -0.45928955078125
0.0458602905273438 -0.0680961608886719 -0.00836181640624993 -1.02880859375
-0.00334739685058594 -0.0217800140380859 1.1099853515625 -0.56011962890625
-0.066741943359375 -0.020660400390625 1.3076171875 0.7012939453125
-0.0203857421875 -0.0532302856445313 0.30010986328125 0.992431640625
0.00727081298828125 -0.0506362915039063 0.07855224609375 0.113304138183594
-0.00755500793457031 -0.0258827209472656 -0.16461181640625 -1.00286865234375
-0.0122642517089844 -0.030059814453125 -1.2689208984375 -0.8135986328125
-0.00873565673828125 -0.0606269836425781 -1.189453125 0.6595458984375
-0.00965118408203126 -0.08648681640625 0.01495361328125 1.11712646484375
-0.00619506835937501 -0.0650901794433594 0.5628662109375 0.54937744140625
-0.00199317932128906 -0.0136241912841797 0.429718017578125 -0.20867919921875
-0.0183982849121094 -0.0155677795410156 0.0567626953124999 -0.52252197265625
-0.0467453002929687 -0.0389900207519531 -0.0517578125 0.465911865234375
0.00735473632812501 -0.0583953857421875 -0.444671630859375 0.232330322265625
0.00168228149414063 -0.0589218139648437 -0.60577392578125 -0.42791748046875
0.0422172546386719 -0.0634651184082031 -0.06756591796875 -1.01904296875
-0.00554084777832031 -0.0203208923339844 1.07305908203125 -0.6094970703125
-0.0701255798339844 -0.0175323486328125 1.339111328125 0.629638671875
-0.0221214294433594 -0.0504417419433594 0.346435546875 0.9722900390625
0.006988525390625 -0.0454177856445313 0.095703125 0.120567321777344
-0.00732612609863282 -0.0230197906494141 -0.1165771484375 -1.013916015625
-0.0121212005615234 -0.0300540924072266 -1.2286376953125 -0.8807373046875
-0.00666427612304688 -0.0574798583984375 -1.2286376953125 0.6092529296875
-0.00469207763671876 -0.0813140869140625 -0.0430908203124999 1.1300048828125
-0.00360870361328125 -0.0608367919921875 0.52593994140625 0.583251953125
-0.00339412689208984 -0.0149574279785156 0.41632080078125 -0.190673828125
-0.0182571411132813 -0.0187301635742188 0.055511474609375 -0.52105712890625
-0.0426902770996094 -0.042022705078125 -0.053375244140625 0.4674072265625
0.00676727294921875 -0.0553855895996094 -0.454254150390625 0.24578857421875
0.000381469726562501 -0.0425605773925781 -0.6302490234375 -0.4022216796875
0.0384788513183594 -0.0461311340332031 -0.11083984375 -1.0059814453125
-0.0102481842041016 -0.0129795074462891 1.04107666015625 -0.64697265625
-0.0708847045898437 -0.0171661376953125 1.3646240234375 0.568359375
-0.0154151916503906 -0.0490608215332031 0.385009765625 0.9522705078125
0.013031005859375 -0.0386314392089844 0.109291076660156 0.12542724609375
-0.000993728637695311 -0.0207862854003906 -0.0742797851562499 -1.0284423828125
-0.00980758666992188 -0.0296573638916016 -1.194091796875 -0.9432373046875
-0.0103530883789063 -0.0496635437011719 -1.261962890625 0.5572509765625
-0.00496292114257812 -0.0638694763183594 -0.0936279296875 1.1370849609375
-0.00286865234375001 -0.0467300415039063 0.49267578125 0.6077880859375
-0.00276947021484375 -0.0122919082641602 0.40521240234375 -0.174560546875
-0.0138435363769531 -0.0214824676513672 0.052276611328125 -0.517242431640625
0.0156784057617188 -0.0385093688964844 -0.036407470703125 0.450103759765625
0.0376243591308594 -0.0291709899902344 -0.390594482421875 0.165863037109375
0.0249652862548828 0.0331058502197266 -0.487213134765625 -0.538238525390625
0.00313949584960937 0.0537261962890625 0.12359619140625 -1.050537109375
-0.0526962280273437 0.0469093322753906 1.1790771484375 -0.444091796875
-0.044189453125 -0.0286331176757813 1.24169921875 0.8375244140625
0.0513687133789062 -0.0496749877929688 0.2032470703125 1.01312255859375
0.0794143676757813 -0.0158538818359375 0.0453033447265625 0.0843048095703125
0.0610275268554688 -0.030303955078125 -0.254150390625 -0.9749755859375
-0.00292396545410156 -0.0316562652587891 -1.3302001953125 -0.6668701171875
-0.0519638061523437 0.01611328125 -1.09716796875 0.76727294921875
-0.0297317504882812 0.0374221801757813 0.13812255859375 1.075927734375
-0.000951766967773435 0.0235195159912109 0.6356201171875 0.459716796875
0.026763916015625 0.0105476379394531 0.459503173828125 -0.255645751953125
0.0394134521484375 -0.0174484252929688 0.0843505859375 -0.52093505859375
0.00136566162109375 -0.0357933044433594 -0.0367431640625 0.4521484375
0.0353775024414063 -0.0378570556640625 -0.3897705078125 0.169189453125
0.0240612030029297 0.00323486328125 -0.48187255859375 -0.537506103515625
0.0151233673095703 0.0215339660644531 0.1409912109375 -1.0462646484375
-0.0406913757324219 0.0300636291503906 1.1861572265625 -0.427734375
-0.0472602844238281 -0.0282325744628906 1.2261962890625 0.8642578125
0.03656005859375 -0.0528526306152344 0.18896484375 1.0220947265625
0.0641136169433594 -0.0275115966796875 0.0404586791992188 0.087371826171875
0.0447578430175781 -0.0314521789550781 -0.26983642578125 -0.97015380859375
-0.00481414794921875 -0.0309677124023438 -1.3387451171875 -0.6534423828125
-0.0431251525878906 -0.00226974487304687 -1.08673095703125 0.77728271484375
-0.0279388427734375 0.00548744201660156 0.1494140625 1.0706787109375
-0.00369739532470703 0.000977754592895507 0.6439208984375 0.45098876953125
0.0213088989257812 0.00509071350097656 0.45849609375 -0.261138916015625
0.0263004302978516 -0.0129566192626953 0.071014404296875 -0.525970458984375
-0.0136833190917969 -0.0344123840332031 -0.036865234375 0.453887939453125
0.030029296875 -0.0465660095214844 -0.39447021484375 0.176544189453125
0.0229721069335938 -0.0251941680908203 -0.48846435546875 -0.528411865234375
0.027435302734375 -0.0121536254882813 0.12298583984375 -1.04351806640625
-0.0265216827392578 0.0139427185058594 1.177734375 -0.4400634765625
-0.0514144897460938 -0.0263252258300781 1.23046875 0.845703125
0.01873779296875 -0.0547943115234375 0.1937255859375 1.02069091796875
0.0463981628417969 -0.038360595703125 0.0423507690429688 0.0904083251953125
0.0269126892089844 -0.0303993225097656 -0.2659912109375 -0.9683837890625
-0.00779342651367188 -0.0304946899414063 -1.3336181640625 -0.6514892578125
-0.0341091156005859 -0.0233688354492187 -1.0889892578125 0.77252197265625
-0.0259075164794922 -0.0269317626953125 0.1474609375 1.07177734375
-0.00461387634277344 -0.0231513977050781 0.64013671875 0.4578857421875
0.0145015716552734 -0.000446319580078125 0.45556640625 -0.25823974609375
0.0114688873291016 -0.0118637084960937 0.071380615234375 -0.52716064453125
-0.0281124114990234 -0.0349369049072266 -0.039825439453125 0.458038330078125
0.0236015319824219 -0.0533218383789063 -0.402099609375 0.190185546875
0.0201377868652344 -0.0491180419921875 -0.5086669921875 -0.50994873046875
0.0378074645996094 -0.0391197204589844 0.08935546875 -1.038330078125
-0.0150842666625977 -0.00247383117675781 1.15869140625 -0.4713134765625
-0.0578956604003906 -0.0248146057128906 1.2459716796875 0.81103515625
0.00133514404296875 -0.0568122863769531 0.21490478515625 1.0146484375
0.0277976989746094 -0.0447998046875 0.0495986938476563 0.0981063842773438
0.01092529296875 -0.0298004150390625 -0.244140625 -0.97210693359375
-0.00964927673339844 -0.0307292938232422 -1.3203125 -0.6883544921875
-0.0237998962402344 -0.0413436889648438 -1.1097412109375 0.74700927734375
-0.0210418701171875 -0.0553207397460938 0.11749267578125 1.08380126953125
-0.00756454467773437 -0.0425834655761719 0.62127685546875 0.48052978515625
0.00688791275024414 -0.00603628158569336 0.450286865234375 -0.2467041015625
-0.00198173522949219 -0.0111780166625977 0.066680908203125 -0.5263671875
-0.0382957458496094 -0.0345954895019531 -0.04498291015625 0.460906982421875
0.0165443420410156 -0.0585136413574219 -0.4150390625 0.2041015625
0.0142059326171875 -0.0634536743164063 -0.537353515625 -0.48638916015625
0.0447158813476563 -0.059600830078125 0.0441284179687501 -1.0341796875
-0.00735282897949219 -0.0148839950561523 1.1365966796875 -0.5118408203125
-0.0626220703125 -0.0223312377929688 1.2701416015625 0.7591552734375
-0.0118827819824219 -0.0558815002441406 0.24847412109375 1.00311279296875
0.0142936706542969 -0.0486335754394531 0.0623626708984375 0.106369018554688
-0.0010223388671875 -0.0281963348388672 -0.2064208984375 -0.98468017578125
-0.0112934112548828 -0.0313644409179688 -1.2945556640625 -0.7442626953125
-0.0152626037597656 -0.0536041259765625 -1.14697265625 0.7078857421875
-0.0167007446289063 -0.0755691528320313 0.0726318359374999 1.09637451171875
-0.00651168823242188 -0.0580635070800781 0.595947265625 0.51409912109375
0.000916481018066406 -0.0106267929077148 0.442047119140625 -0.22772216796875
-0.0125579833984375 -0.0121345520019531 0.06439208984375 -0.52484130859375
-0.0463981628417969 -0.0359954833984375 -0.048370361328125 0.463653564453125
0.0107345581054687 -0.0605125427246094 -0.42730712890625 0.21929931640625
0.00728225708007812 -0.0668182373046875 -0.5699462890625 -0.45623779296875
0.0460433959960938 -0.0689926147460938 -0.0101928710937499 -1.02496337890625
-0.00516128540039063 -0.0216464996337891 1.1043701171875 -0.55828857421875
-0.0678215026855469 -0.0199928283691406 1.3004150390625 0.6964111328125
-0.0205726623535156 -0.0534019470214844 0.2943115234375 0.98565673828125
0.00721359252929687 -0.0491981506347656 0.0788345336914063 0.113868713378906
-0.00806999206542968 -0.0250396728515625 -0.15985107421875 -0.9957275390625
-0.0109043121337891 -0.031097412109375 -1.2608642578125 -0.8109130859375
-0.00954437255859375 -0.0593414306640625 -1.185546875 0.658447265625
-0.0103607177734375 -0.0854644775390625 0.0158081054687499 1.1146240234375
-0.004730224609375 -0.0640335083007813 0.5615234375 0.547271728515625
-0.00218868255615234 -0.0144538879394531 0.4287109375 -0.20782470703125
-0.0194015502929688 -0.0143318176269531 0.056060791015625 -0.521209716796875
-0.04736328125 -0.03875732421875 -0.0496826171875 0.464324951171875
0.00610733032226563 -0.0582695007324219 -0.442230224609375 0.233978271484375
0.0027008056640625 -0.05828857421875 -0.60247802734375 -0.42401123046875
0.0421371459960938 -0.0630607604980469 -0.0689697265625001 -1.01171875
-0.00575637817382812 -0.0206356048583984 1.06866455078125 -0.60772705078125
-0.0687141418457031 -0.0180091857910156 1.33349609375 0.6241455078125
-0.021270751953125 -0.05072021484375 0.34234619140625 0.9666748046875
0.00589752197265625 -0.0448150634765625 0.0955810546875 0.121864318847656
-0.00657844543457031 -0.0240478515625 -0.1156005859375 -1.01055908203125
-0.0118350982666016 -0.0300502777099609 -1.224853515625 -0.875
-0.00726318359375 -0.0570182800292969 -1.2227783203125 0.6077880859375
-0.0055999755859375 -0.08154296875 -0.0427246093749999 1.1260986328125
-0.00245285034179688 -0.0609703063964844 0.52459716796875 0.5816650390625
-0.00333404541015625 -0.0154333114624023 0.4161376953125 -0.18829345703125
-0.0191764831542969 -0.0184001922607422 0.053253173828125 -0.5177001953125
-0.0438957214355469 -0.0412826538085938 -0.05181884765625 0.46356201171875
0.00600433349609375 -0.0561943054199219 -0.45196533203125 0.24615478515625
0.000785827636718746 -0.0420112609863281 -0.62890625 -0.401611328125
0.0380516052246094 -0.0464591979980469 -0.11248779296875 -1.0020751953125
-0.0111026763916016 -0.0123729705810547 1.03826904296875 -0.64434814453125
-0.0704193115234375 -0.0163345336914063 1.3607177734375 0.5670166015625
-0.0159645080566406 -0.0481338500976563 0.383056640625 0.9466552734375
0.0126380920410156 -0.03826904296875 0.10955810546875 0.125602722167969
-0.000795364379882812 -0.0212783813476563 -0.072265625 -1.022216796875
-0.00900650024414062 -0.0303096771240234 -1.18994140625 -0.935791015625
-0.0111351013183594 -0.0488319396972656 -1.2554931640625 0.5584716796875
-0.00490951538085938 -0.0652198791503906 -0.0933837890625001 1.135986328125
-0.0026397705078125 -0.0458602905273438 0.4912109375 0.6083984375
-0.00191020965576172 -0.0129508972167969 0.404541015625 -0.174163818359375
-0.0144252777099609 -0.0210781097412109 0.05194091796875 -0.515289306640625
0.0146903991699219 -0.0379905700683594 -0.036529541015625 0.450714111328125
0.0372238159179688 -0.0296096801757813 -0.387664794921875 0.1661376953125
0.0249156951904297 0.032379150390625 -0.48681640625 -0.5360107421875
0.00429153442382812 0.0518646240234375 0.12310791015625 -1.04736328125
-0.053985595703125 0.0469589233398438 1.1756591796875 -0.44140625
-0.0434799194335937 -0.0298576354980469 1.2352294921875 0.833740234375
0.0515632629394531 -0.0499954223632813 0.2005615234375 1.0086669921875
0.0793533325195312 -0.0168685913085937 0.0458526611328125 0.08673095703125
0.0603828430175781 -0.02960205078125 -0.25177001953125 -0.97021484375
-0.00146865844726563 -0.0318965911865234 -1.324462890625 -0.668212890625
-0.0520286560058594 0.0168075561523437 -1.09539794921875 0.76348876953125
-0.0307807922363281 0.0372962951660156 0.13665771484375 1.07342529296875
0.000240325927734373 0.0230827331542969 0.63458251953125 0.4583740234375
0.0279350280761719 0.0100345611572266 0.457611083984375 -0.255401611328125
0.0397682189941406 -0.0182304382324219 0.08404541015625 -0.52008056640625
-0.000389099121093749 -0.0352745056152344 -0.034881591796875 0.45111083984375
0.0340995788574219 -0.0385932922363281 -0.387847900390625 0.1690673828125
0.0245265960693359 0.00301361083984375 -0.48028564453125 -0.537322998046875
0.0158481597900391 0.02117919921875 0.14093017578125 -1.04443359375
-0.0400772094726563 0.0302772521972656 1.1795654296875 -0.4271240234375
-0.046173095703125 -0.0286216735839844 1.2197265625 0.859375
0.0357398986816406 -0.0531806945800781 0.1856689453125 1.02001953125
0.0640716552734375 -0.02740478515625 0.0416030883789063 0.0880126953125
0.0447540283203125 -0.03033447265625 -0.26641845703125 -0.96734619140625
-0.00428199768066406 -0.0307998657226563 -1.3319091796875 -0.650146484375
-0.0430412292480469 -0.00162506103515625 -1.084228515625 0.77423095703125
-0.0279960632324219 0.00589942932128906 0.149169921875 1.06866455078125
-0.00237441062927246 0.000819206237792969 0.64202880859375 0.451416015625
0.0215091705322266 0.00433158874511719 0.456298828125 -0.26129150390625
0.0259132385253906 -0.0140342712402344 0.0730590820312499 -0.525543212890625
-0.0143852233886719 -0.0344142913818359 -0.0355224609375 0.454437255859375
0.029693603515625 -0.0467758178710938 -0.391632080078125 0.17681884765625
0.023284912109375 -0.0263118743896484 -0.486724853515625 -0.526123046875
0.0286979675292969 -0.0121421813964844 0.12164306640625 -1.0423583984375
-0.0274810791015625 0.0136356353759766 1.172607421875 -0.4393310546875
-0.0515403747558594 -0.0266990661621094 1.2222900390625 0.8443603515625
0.017547607421875 -0.0550994873046875 0.1904296875 1.01568603515625
0.0458984375 -0.0365447998046875 0.042724609375 0.092254638671875
0.0281009674072266 -0.0305271148681641 -0.26287841796875 -0.96337890625
-0.00636863708496094 -0.0309295654296875 -1.325927734375 -0.6533203125
-0.0337715148925781 -0.0219039916992187 -1.08465576171875 0.771240234375
-0.0258140563964844 -0.026519775390625 0.14752197265625 1.06884765625
-0.00531387329101562 -0.0217781066894531 0.6400146484375 0.45806884765625
0.0144891738891602 -0.00103855133056641 0.45404052734375 -0.25830078125
0.012080192565918 -0.0115833282470703 0.07000732421875 -0.525390625
-0.0297451019287109 -0.0340576171875 -0.038238525390625 0.456817626953125
0.02252197265625 -0.0537071228027344 -0.401153564453125 0.190887451171875
0.019683837890625 -0.0502281188964844 -0.508270263671875 -0.50830078125
0.0378150939941406 -0.0414085388183594 0.09002685546875 -1.036376953125
-0.016082763671875 -0.0015716552734375 1.1551513671875 -0.4686279296875
-0.0574607849121094 -0.0247993469238281 1.2393798828125 0.8084716796875
0.000473022460937504 -0.0561103820800781 0.21136474609375 1.0103759765625
0.0278472900390625 -0.0443801879882813 0.050079345703125 0.0988998413085938
0.0109577178955078 -0.0297565460205078 -0.240966796875 -0.9664306640625
-0.00889778137207031 -0.0314483642578125 -1.311767578125 -0.687744140625
-0.02386474609375 -0.0408096313476563 -1.1060791015625 0.74334716796875
-0.0225334167480469 -0.0548667907714844 0.1170654296875 1.08184814453125
-0.00670242309570312 -0.0430107116699219 0.621337890625 0.47943115234375
0.00749683380126953 -0.00672245025634766 0.449188232421875 -0.246185302734375
-0.00203800201416016 -0.0108957290649414 0.065216064453125 -0.52447509765625
-0.0407295227050781 -0.0343818664550781 -0.04400634765625 0.459625244140625
0.0152702331542969 -0.0582122802734375 -0.412445068359375 0.204681396484375
0.0148582458496094 -0.0638809204101563 -0.535064697265625 -0.48321533203125
0.0449638366699219 -0.0608024597167969 0.045166015625 -1.031494140625
-0.00810623168945313 -0.0140542984008789 1.1329345703125 -0.5087890625
-0.062530517578125 -0.0227775573730469 1.26318359375 0.75537109375
-0.0126457214355469 -0.0553817749023438 0.2474365234375 1.00164794921875
0.0142631530761719 -0.04864501953125 0.0636215209960938 0.107185363769531
-0.000980377197265625 -0.0278244018554688 -0.2005615234375 -0.98004150390625
-0.0104770660400391 -0.0314998626708984 -1.2867431640625 -0.742919921875
-0.0150871276855469 -0.0532951354980469 -1.143798828125 0.7030029296875
-0.01715087890625 -0.0759201049804688 0.0702514648437501 1.096435546875
-0.00604629516601563 -0.0575637817382813 0.59442138671875 0.51190185546875
0.00149345397949219 -0.0112600326538086 0.439056396484375 -0.227386474609375
-0.012150764465332 -0.0123844146728516 0.062225341796875 -0.52447509765625
-0.048187255859375 -0.0353775024414063 -0.046234130859375 0.460662841796875
0.00999069213867188 -0.06097412109375 -0.42694091796875 0.22125244140625
0.00870132446289062 -0.0673675537109375 -0.56793212890625 -0.45355224609375
0.0453605651855469 -0.0691947937011719 -0.0120239257812499 -1.02227783203125
-0.00462722778320312 -0.0213661193847656 1.1005859375 -0.55645751953125
-0.0668869018554688 -0.0193367004394531 1.296875 0.69384765625
-0.0210113525390625 -0.0538673400878906 0.29290771484375 0.98455810546875
0.006011962890625 -0.0486946105957031 0.078460693359375 0.11505126953125
-0.00805282592773438 -0.0267124176025391 -0.1588134765625 -0.99127197265625
-0.0104007720947266 -0.0306148529052734 -1.2576904296875 -0.8084716796875
-0.00913619995117188 -0.0596199035644531 -1.1829833984375 0.658447265625
-0.0112686157226562 -0.0849761962890625 0.0150756835937499 1.11431884765625
-0.004974365234375 -0.063812255859375 0.561004638671875 0.54571533203125
-0.00197696685791016 -0.0148715972900391 0.42535400390625 -0.20745849609375
-0.0189990997314453 -0.0144824981689453 0.055450439453125 -0.522064208984375
-0.0496253967285156 -0.0388145446777344 -0.05084228515625 0.463653564453125
0.00625610351562501 -0.0591506958007813 -0.439483642578125 0.23358154296875
0.00294876098632813 -0.0594444274902344 -0.6024169921875 -0.4234619140625
0.0419120788574219 -0.0644035339355469 -0.06964111328125 -1.00982666015625
-0.00713920593261719 -0.0200519561767578 1.06396484375 -0.60302734375
-0.06915283203125 -0.0180854797363281 1.3280029296875 0.6217041015625
-0.0215797424316406 -0.05035400390625 0.34149169921875 0.96405029296875
0.00540542602539063 -0.0441055297851563 0.0959396362304688 0.122901916503906
-0.00736236572265625 -0.0231533050537109 -0.11273193359375 -1.0054931640625
-0.0103321075439453 -0.0295276641845703 -1.2169189453125 -0.873779296875
-0.00771331787109375 -0.0569572448730469 -1.2218017578125 0.6043701171875
-0.007568359375 -0.080535888671875 -0.0419921875000001 1.1248779296875
-0.00175094604492187 -0.0598907470703125 0.52392578125 0.580810546875
-0.00299835205078125 -0.0159311294555664 0.4139404296875 -0.18841552734375
-0.0187664031982422 -0.018157958984375 0.05474853515625 -0.517669677734375
-0.0452308654785156 -0.0412406921386719 -0.04986572265625 0.46392822265625
0.00413894653320313 -0.056182861328125 -0.4490966796875 0.246490478515625
0.00126266479492188 -0.0422630310058594 -0.62744140625 -0.39971923828125
0.0384864807128906 -0.0470314025878906 -0.1138916015625 -1.0006103515625
-0.0123214721679687 -0.0110378265380859 1.034912109375 -0.6427001953125
-0.0699348449707031 -0.0163841247558594 1.3555908203125 0.5634765625
-0.0167388916015625 -0.0471229553222656 0.37689208984375 0.94500732421875
0.0131416320800781 -0.0364799499511719 0.110702514648438 0.126266479492188
-0.00100135803222656 -0.0215263366699219 -0.06732177734375 -1.01873779296875
-0.008514404296875 -0.0300350189208984 -1.1854248046875 -0.935546875
-0.0109062194824219 -0.0486297607421875 -1.252197265625 0.55419921875
-0.006683349609375 -0.0648765563964844 -0.0903320312500001 1.13330078125
-0.002349853515625 -0.0446014404296875 0.4912109375 0.60699462890625
-0.00126457214355469 -0.0130977630615234 0.40167236328125 -0.17340087890625
-0.0138702392578125 -0.021453857421875 0.05169677734375 -0.514892578125
0.0127906799316406 -0.0387496948242187 -0.037139892578125 0.44781494140625
0.0358161926269531 -0.03021240234375 -0.38726806640625 0.167572021484375
0.0266628265380859 0.0312957763671875 -0.4837646484375 -0.535797119140625
0.00463867187499999 0.051910400390625 0.12158203125 -1.04681396484375
-0.05377197265625 0.0474395751953125 1.171875 -0.4404296875
-0.0432815551757812 -0.0284652709960938 1.2305908203125 0.8321533203125
0.0494041442871094 -0.0503730773925781 0.19549560546875 1.00592041015625
0.0791397094726562 -0.0154800415039062 0.0460433959960938 0.0875320434570313
0.0611114501953125 -0.0304069519042969 -0.2476806640625 -0.9669189453125
-4.95910644531275E-05 -0.0311088562011719 -1.320068359375 -0.6666259765625
-0.0519485473632813 0.0175666809082031 -1.0950927734375 0.7611083984375
-0.0296363830566406 0.0377616882324219 0.13616943359375 1.0740966796875
0.000236511230468751 0.0231800079345703 0.6337890625 0.46002197265625
0.02880859375 0.0113239288330078 0.45611572265625 -0.255889892578125
0.0398216247558594 -0.0179290771484375 0.0829772949218749 -0.519195556640625
-0.001739501953125 -0.0355796813964844 -0.034149169921875 0.4517822265625
0.0333747863769531 -0.0400657653808594 -0.384765625 0.170623779296875
0.0251884460449219 0.00203514099121094 -0.479766845703125 -0.536346435546875
0.0156192779541016 0.0191993713378906 0.1375732421875 -1.04345703125
-0.0418205261230469 0.0305328369140625 1.17822265625 -0.42724609375
-0.0467185974121094 -0.02813720703125 1.217041015625 0.8587646484375
0.0345535278320313 -0.05303955078125 0.18011474609375 1.01824951171875
0.0635757446289063 -0.0280532836914063 0.0417327880859375 0.0894393920898437
0.0449409484863281 -0.0318450927734375 -0.2608642578125 -0.96502685546875
-0.00365066528320313 -0.0305290222167969 -1.32763671875 -0.651123046875
-0.04376220703125 -0.00199127197265625 -1.08489990234375 0.771484375
-0.029296875 0.00530052185058594 0.15008544921875 1.069580078125
-0.00148749351501465 0.0008544921875 0.64154052734375 0.4517822265625
0.0222892761230469 0.00347900390625 0.456787109375 -0.261016845703125
0.0251426696777344 -0.0137748718261719 0.07366943359375 -0.5238037109375
-0.0158500671386719 -0.0344867706298828 -0.0350341796875 0.453948974609375
0.0279731750488281 -0.0483856201171875 -0.390289306640625 0.177398681640625
0.0233345031738281 -0.0266838073730469 -0.486419677734375 -0.525970458984375
0.0283145904541016 -0.0127239227294922 0.12445068359375 -1.0386962890625
-0.0286865234375 0.0138893127441406 1.169921875 -0.438232421875
-0.0523681640625 -0.0259437561035156 1.2215576171875 0.840576171875
0.0157051086425781 -0.0551567077636719 0.18878173828125 1.014404296875
0.0443687438964844 -0.036224365234375 0.0428314208984375 0.092926025390625
0.0264625549316406 -0.0302562713623047 -0.2579345703125 -0.95977783203125
-0.00632286071777343 -0.0310535430908203 -1.32421875 -0.65234375
-0.0348987579345703 -0.0210723876953125 -1.0863037109375 0.7694091796875
-0.0265007019042969 -0.0255069732666016 0.146240234375 1.0726318359375
-0.00408744812011719 -0.0218601226806641 0.63934326171875 0.4581298828125
0.0151262283325195 -0.001190185546875 0.453338623046875 -0.256744384765625
0.0117082595825195 -0.0110483169555664 0.0695495605468749 -0.525115966796875
-0.0305957794189453 -0.0342788696289062 -0.037689208984375 0.456024169921875
0.0228309631347656 -0.0535697937011719 -0.39801025390625 0.191131591796875
0.0201873779296875 -0.0497550964355469 -0.507781982421875 -0.5067138671875
0.0387802124023438 -0.0418510437011719 0.0880126953125 -1.03497314453125
-0.0167989730834961 -0.00178623199462891 1.152587890625 -0.4677734375
-0.0580101013183594 -0.02471923828125 1.2354736328125 0.808837890625
0.000656127929687494 -0.0568122863769531 0.20770263671875 1.0074462890625
0.0268287658691406 -0.044586181640625 0.0501785278320313 0.0996017456054688
0.0112342834472656 -0.0287666320800781 -0.2364501953125 -0.96368408203125
-0.007293701171875 -0.0327873229980469 -1.309326171875 -0.689697265625
-0.0250473022460937 -0.0400390625 -1.10662841796875 0.7452392578125
-0.0227775573730469 -0.0547676086425781 0.11541748046875 1.07965087890625
-0.00627899169921875 -0.0424880981445313 0.62042236328125 0.48004150390625
0.00735664367675781 -0.00654792785644531 0.44793701171875 -0.244293212890625
-0.00171089172363281 -0.010772705078125 0.067352294921875 -0.526031494140625
-0.0419349670410156 -0.035797119140625 -0.044036865234375 0.459503173828125
0.0143356323242187 -0.0590591430664063 -0.4117431640625 0.205322265625
0.0141029357910156 -0.0645523071289063 -0.53424072265625 -0.482666015625
0.0446319580078125 -0.0608634948730469 0.0440673828124999 -1.030517578125
-0.0102329254150391 -0.0143861770629883 1.1300048828125 -0.505859375
-0.0619316101074219 -0.0220489501953125 1.2591552734375 0.7548828125
-0.0130157470703125 -0.0553092956542969 0.24224853515625 0.99908447265625
0.0152053833007813 -0.0488090515136719 0.0632400512695313 0.107757568359375
-0.000665664672851563 -0.0271644592285156 -0.19769287109375 -0.9776611328125
-0.00973129272460937 -0.031829833984375 -1.281982421875 -0.7437744140625
-0.0145263671875 -0.0546607971191406 -1.1427001953125 0.7047119140625
-0.0172042846679687 -0.07574462890625 0.0701904296875001 1.0970458984375
-0.00565719604492187 -0.0572662353515625 0.59423828125 0.51318359375
0.00219249725341797 -0.0111799240112305 0.43841552734375 -0.227752685546875
-0.0121746063232422 -0.0119247436523437 0.0621337890625001 -0.52313232421875
-0.0486907958984375 -0.0356330871582031 -0.045684814453125 0.45947265625
0.00901031494140626 -0.0613288879394531 -0.423858642578125 0.221282958984375
0.00825881958007813 -0.0674057006835938 -0.5675048828125 -0.45428466796875
0.0454368591308594 -0.0698013305664062 -0.0104370117187501 -1.022216796875
-0.00687599182128906 -0.0206756591796875 1.09637451171875 -0.55572509765625
-0.067352294921875 -0.0200653076171875 1.2940673828125 0.6912841796875
-0.0225601196289062 -0.0540542602539063 0.2889404296875 0.9820556640625
0.00566482543945313 -0.0483245849609375 0.0796890258789063 0.116249084472656
-0.00801849365234375 -0.0254631042480469 -0.152099609375 -0.9876708984375
-0.00977516174316407 -0.031524658203125 -1.253662109375 -0.8087158203125
-0.00905990600585938 -0.0586967468261719 -1.1807861328125 0.656005859375
-0.0111846923828125 -0.0851974487304687 0.0137939453125001 1.11126708984375
-0.00399017333984375 -0.063751220703125 0.56109619140625 0.5472412109375
-0.00121402740478516 -0.0154886245727539 0.425018310546875 -0.20751953125
-0.0183677673339844 -0.0146751403808594 0.054962158203125 -0.5206298828125
-0.05035400390625 -0.0383682250976562 -0.049041748046875 0.46075439453125
0.00402450561523438 -0.0597572326660156 -0.43621826171875 0.234771728515625
0.00334548950195312 -0.0599479675292969 -0.6009521484375 -0.42279052734375
0.0435638427734375 -0.0649909973144531 -0.0703125000000001 -1.010009765625
-0.007476806640625 -0.0186977386474609 1.06201171875 -0.60491943359375
-0.0696182250976563 -0.0181846618652344 1.3253173828125 0.6214599609375
-0.0219078063964844 -0.0497817993164063 0.3353271484375 0.9622802734375
0.00490188598632813 -0.0449256896972656 0.096923828125 0.123519897460937
-0.00780296325683594 -0.0235061645507813 -0.10638427734375 -1.00054931640625
-0.00967025756835938 -0.0301151275634766 -1.213623046875 -0.876953125
-0.00654602050781249 -0.055755615234375 -1.2203369140625 0.6025390625
-0.00733184814453126 -0.0808563232421875 -0.0417480468749999 1.12548828125
-0.00226211547851563 -0.0592536926269531 0.52349853515625 0.58056640625
-0.00243282318115234 -0.015625 0.412353515625 -0.1895751953125
-0.0188980102539063 -0.0187053680419922 0.05426025390625 -0.516571044921875
-0.0461387634277344 -0.0408287048339844 -0.04962158203125 0.460845947265625
0.00323486328125 -0.0577430725097656 -0.448516845703125 0.247222900390625
0.00239944458007812 -0.0420074462890625 -0.627197265625 -0.3997802734375
0.0388984680175781 -0.048736572265625 -0.1134033203125 -0.99774169921875
-0.0133028030395508 -0.0120029449462891 1.03033447265625 -0.64166259765625
-0.0696754455566406 -0.01507568359375 1.351318359375 0.56298828125
-0.0163154602050781 -0.0484733581542969 0.3741455078125 0.9437255859375
0.0108489990234375 -0.0370712280273438 0.110939025878906 0.127647399902344
-0.00201225280761719 -0.0216426849365234 -0.0626220703124999 -1.015869140625
-0.00759696960449219 -0.0296764373779297 -1.1806640625 -0.936279296875
-0.0104103088378906 -0.0480766296386719 -1.251220703125 0.5521240234375
-0.00582504272460937 -0.0638084411621094 -0.0921630859375001 1.133544921875
-0.00102615356445313 -0.0455055236816406 0.49102783203125 0.60711669921875
-0.000912666320800782 -0.0130481719970703 0.400634765625 -0.173797607421875
-0.0150833129882812 -0.02215576171875 0.051544189453125 -0.51434326171875
0.0122871398925781 -0.0385093688964844 -0.035888671875 0.4483642578125
0.0350856781005859 -0.0320720672607422 -0.3861083984375 0.167999267578125
0.0258960723876953 0.0312061309814453 -0.485198974609375 -0.535186767578125
0.00517272949218749 0.0517692565917969 0.12359619140625 -1.0479736328125
-0.0542449951171875 0.0472526550292969 1.17138671875 -0.4376220703125
-0.0429840087890625 -0.0295143127441406 1.2294921875 0.833251953125
0.0503158569335938 -0.0501174926757813 0.19219970703125 1.0079345703125
0.078094482421875 -0.0156173706054688 0.046722412109375 0.0886688232421875
0.0601158142089844 -0.0300331115722656 -0.24267578125 -0.96636962890625
0.000329971313476565 -0.0320110321044922 -1.318359375 -0.6690673828125
-0.0519752502441406 0.0176315307617188 -1.097900390625 0.76153564453125
-0.0313644409179688 0.0384788513183594 0.13677978515625 1.07623291015625
0.000259399414062498 0.0233402252197266 0.63427734375 0.46044921875
0.0296840667724609 0.0109519958496094 0.456298828125 -0.254364013671875
0.0401535034179688 -0.0176963806152344 0.08441162109375 -0.5198974609375
-0.00194168090820313 -0.0351982116699219 -0.034149169921875 0.450775146484375
0.0320663452148438 -0.039520263671875 -0.38397216796875 0.1708984375
0.025726318359375 0.00205612182617188 -0.478546142578125 -0.5340576171875
0.0159797668457031 0.0199661254882812 0.1387939453125 -1.04315185546875
-0.0428009033203125 0.0301933288574219 1.1773681640625 -0.4229736328125
-0.0462532043457031 -0.028564453125 1.2130126953125 0.856689453125
0.0344047546386719 -0.0541801452636719 0.17584228515625 1.0177001953125
0.0629730224609375 -0.0261611938476563 0.0422744750976563 0.0903701782226563
0.0453262329101563 -0.0316276550292969 -0.2584228515625 -0.96429443359375
-0.00397872924804688 -0.0304927825927734 -1.325439453125 -0.6551513671875
-0.043853759765625 -0.000469207763671867 -1.08575439453125 0.77197265625
-0.0289020538330078 0.00642585754394531 0.14990234375 1.0709228515625
-0.00158607959747314 0.00193095207214355 0.6422119140625 0.45318603515625
0.0225887298583984 0.00454139709472656 0.4549560546875 -0.258941650390625
0.0256805419921875 -0.0139389038085938 0.073272705078125 -0.524139404296875
-0.0174140930175781 -0.0352630615234375 -0.03466796875 0.4532470703125
0.0269393920898438 -0.0474586486816406 -0.388763427734375 0.177337646484375
0.0241737365722656 -0.0261936187744141 -0.484130859375 -0.526336669921875
0.0289249420166016 -0.0134410858154297 0.12322998046875 -1.03912353515625
-0.0295810699462891 0.0143775939941406 1.171142578125 -0.43505859375
-0.0513229370117188 -0.0265617370605469 1.2169189453125 0.842529296875
0.0160713195800781 -0.0556411743164062 0.18365478515625 1.01422119140625
0.0439453125 -0.0361709594726563 0.0436477661132813 0.0936508178710938
0.0275726318359375 -0.0304470062255859 -0.2540283203125 -0.95916748046875
-0.00529670715332032 -0.0316715240478516 -1.3209228515625 -0.656494140625
-0.0341243743896484 -0.0216598510742188 -1.08648681640625 0.770263671875
-0.0272655487060547 -0.0261039733886719 0.14739990234375 1.0697021484375
-0.00441551208496094 -0.0216960906982422 0.64019775390625 0.4599609375
0.0151996612548828 -0.000948905944824219 0.45416259765625 -0.257415771484375
0.0114841461181641 -0.0122365951538086 0.0714111328125 -0.52490234375
-0.0326995849609375 -0.0338897705078125 -0.03692626953125 0.45587158203125
0.0208854675292969 -0.0551338195800781 -0.39617919921875 0.19207763671875
0.0205421447753906 -0.0503654479980469 -0.508056640625 -0.50689697265625
0.0388946533203125 -0.0420188903808594 0.0881958007812501 -1.03558349609375
-0.0173778533935547 -0.00144481658935547 1.1533203125 -0.4656982421875
-0.0565376281738281 -0.0249557495117187 1.2342529296875 0.8092041015625
-0.000713348388671877 -0.0557403564453125 0.20367431640625 1.0087890625
0.0269737243652344 -0.0436477661132812 0.051116943359375 0.101058959960938
0.0110397338867187 -0.0296344757080078 -0.2327880859375 -0.96441650390625
-0.00737190246582031 -0.0314579010009766 -1.3079833984375 -0.6878662109375
-0.0247879028320312 -0.0402069091796875 -1.1087646484375 0.7410888671875
-0.0225868225097656 -0.0545578002929688 0.1158447265625 1.0845947265625
-0.005401611328125 -0.0427742004394531 0.62237548828125 0.48236083984375
0.00886249542236328 -0.00689888000488281 0.447601318359375 -0.244354248046875
-0.00276851654052734 -0.0114145278930664 0.066131591796875 -0.52471923828125
-0.0437202453613281 -0.0344123840332031 -0.042327880859375 0.457275390625
0.0144309997558594 -0.0596427917480469 -0.40997314453125 0.204803466796875
0.0150146484375 -0.0640678405761719 -0.53570556640625 -0.48321533203125
0.0441513061523438 -0.0619430541992188 0.044677734375 -1.03082275390625
-0.00978279113769532 -0.0133218765258789 1.129150390625 -0.5047607421875
-0.0625839233398438 -0.0221939086914062 1.258544921875 0.75732421875
-0.014556884765625 -0.0560150146484375 0.2362060546875 0.9991455078125
0.0138397216796875 -0.0468788146972656 0.0633544921875 0.109382629394531
-0.000909805297851565 -0.0279083251953125 -0.193359375 -0.9739990234375
-0.00792121887207031 -0.0309410095214844 -1.282958984375 -0.74560546875
-0.0153579711914063 -0.0533294677734375 -1.142578125 0.700927734375
-0.0170059204101563 -0.074951171875 0.0704345703124999 1.09765625
-0.00445175170898437 -0.0567665100097656 0.59393310546875 0.51385498046875
0.00208759307861328 -0.0117483139038086 0.438323974609375 -0.227020263671875
-0.0127382278442383 -0.011693000793457 0.062957763671875 -0.523681640625
-0.0495948791503906 -0.0357284545898437 -0.0467529296875 0.4605712890625
0.00777435302734376 -0.0617790222167969 -0.42425537109375 0.222320556640625
0.00847625732421876 -0.0675239562988281 -0.5679931640625 -0.45269775390625
0.0463714599609375 -0.0704803466796875 -0.0106811523437499 -1.02227783203125
-0.00755500793457031 -0.0199356079101562 1.098388671875 -0.55291748046875
-0.0664253234863281 -0.0197677612304688 1.288818359375 0.690185546875
-0.0223121643066406 -0.0535354614257813 0.2861328125 0.98382568359375
0.00566864013671875 -0.0479812622070313 0.0801162719726563 0.117515563964844
-0.00737571716308594 -0.0273723602294922 -0.14801025390625 -0.9871826171875
-0.0096435546875 -0.0307121276855469 -1.2509765625 -0.812255859375
-0.00931167602539062 -0.0581893920898438 -1.1826171875 0.6539306640625
-0.0112838745117188 -0.0842132568359375 0.0153198242187501 1.1143798828125
-0.00296783447265625 -0.0632362365722656 0.559814453125 0.548980712890625
-0.000788688659667969 -0.0150117874145508 0.424957275390625 -0.206695556640625
-0.0190162658691406 -0.0141544342041016 0.055999755859375 -0.521575927734375
-0.0510406494140625 -0.0378265380859375 -0.049530029296875 0.461883544921875
0.00363922119140625 -0.0615310668945313 -0.436981201171875 0.2352294921875
0.003570556640625 -0.0597038269042969 -0.60076904296875 -0.42376708984375
0.0432052612304688 -0.0648841857910156 -0.0692749023437501 -1.01177978515625
-0.00833511352539063 -0.0191249847412109 1.0614013671875 -0.600830078125
-0.0689697265625 -0.0177841186523437 1.3203125 0.6214599609375
-0.0233154296875 -0.0501976013183594 0.33135986328125 0.9620361328125
0.00543975830078125 -0.0438804626464844 0.097015380859375 0.124664306640625
-0.00721549987792969 -0.0238170623779297 -0.10345458984375 -1.00030517578125
-0.00955390930175781 -0.0305290222167969 -1.2113037109375 -0.87890625
-0.00752258300781249 -0.0556182861328125 -1.2215576171875 0.601806640625
-0.00699615478515625 -0.0810699462890625 -0.0432128906249999 1.127685546875
-0.000171661376953125 -0.0603790283203125 0.524658203125 0.5821533203125
-0.00140666961669922 -0.0162019729614258 0.412811279296875 -0.18743896484375
-0.0194053649902344 -0.0183200836181641 0.053985595703125 -0.515472412109375
-0.0469474792480469 -0.0416679382324219 -0.05120849609375 0.4625244140625
0.00336456298828126 -0.0584526062011719 -0.4464111328125 0.24761962890625
0.003082275390625 -0.0432205200195313 -0.62744140625 -0.40008544921875
0.0389862060546875 -0.0488090515136719 -0.11529541015625 -0.99798583984375
-0.0135393142700195 -0.0112333297729492 1.03314208984375 -0.63873291015625
-0.0696678161621094 -0.0162200927734375 1.34814453125 0.560302734375
-0.0167961120605469 -0.048248291015625 0.37127685546875 0.94537353515625
0.0116004943847656 -0.0357551574707031 0.111274719238281 0.129524230957031
-0.00032806396484375 -0.0214443206787109 -0.0588989257812499 -1.0125732421875
-0.00772476196289062 -0.0306186676025391 -1.175048828125 -0.937744140625
-0.0108871459960937 -0.0470046997070312 -1.2550048828125 0.55078125
-0.00695419311523438 -0.0642738342285156 -0.0922851562500001 1.13427734375
-0.00044631958007813 -0.0449981689453125 0.49151611328125 0.60894775390625
-0.00058269500732422 -0.01397705078125 0.399383544921875 -0.173187255859375
-0.0149612426757812 -0.0223464965820313 0.051239013671875 -0.5130615234375
0.0113067626953125 -0.0383415222167969 -0.03662109375 0.44921875
0.035858154296875 -0.0313644409179688 -0.385986328125 0.167755126953125
0.0262794494628906 0.0306892395019531 -0.48529052734375 -0.535430908203125
0.00418853759765624 0.0513076782226563 0.12176513671875 -1.049560546875
-0.0543785095214844 0.0477981567382813 1.173828125 -0.437255859375
-0.0423698425292969 -0.029083251953125 1.2286376953125 0.8349609375
0.0493354797363281 -0.0504608154296875 0.18994140625 1.00836181640625
0.0800704956054687 -0.0150375366210937 0.047760009765625 0.089111328125
0.060577392578125 -0.03131103515625 -0.2391357421875 -0.96710205078125
0.000593185424804687 -0.0324726104736328 -1.3182373046875 -0.672607421875
-0.0520248413085938 0.0184173583984375 -1.1011962890625 0.76068115234375
-0.0313339233398438 0.0380630493164063 0.13726806640625 1.07867431640625
0.00158119201660156 0.0246810913085938 0.63623046875 0.46209716796875
0.02978515625 0.0103607177734375 0.45672607421875 -0.2562255859375
0.0398139953613281 -0.0172080993652344 0.084991455078125 -0.522247314453125
-0.00325775146484375 -0.0357246398925781 -0.032958984375 0.451202392578125
0.0323143005371094 -0.0399017333984375 -0.382843017578125 0.171539306640625
0.0254936218261719 0.0019683837890625 -0.480224609375 -0.53656005859375
0.0167026519775391 0.0183334350585938 0.13775634765625 -1.04547119140625
-0.0431022644042969 0.0312576293945313 1.177978515625 -0.4215087890625
-0.0463294982910156 -0.0285301208496094 1.213623046875 0.8607177734375
0.034759521484375 -0.0541000366210938 0.17425537109375 1.0198974609375
0.0632820129394531 -0.0244483947753906 0.0423736572265625 0.09185791015625
0.0460319519042969 -0.0307273864746094 -0.25372314453125 -0.9637451171875
-0.00259017944335937 -0.0321483612060547 -1.326416015625 -0.6575927734375
-0.04449462890625 -0.00045013427734375 -1.0870361328125 0.77313232421875
-0.0292301177978516 0.00637817382812499 0.1480712890625 1.07196044921875
-0.000533580780029297 0.00154662132263184 0.64300537109375 0.45416259765625
0.0235118865966797 0.00354385375976562 0.4561767578125 -0.26025390625
0.026458740234375 -0.0130214691162109 0.07537841796875 -0.52642822265625
-0.0186443328857422 -0.0344448089599609 -0.034820556640625 0.453094482421875
0.0272293090820313 -0.0487403869628906 -0.38775634765625 0.17889404296875
0.0243701934814453 -0.0272464752197266 -0.4847412109375 -0.52655029296875
0.0286502838134766 -0.0135917663574219 0.12396240234375 -1.04254150390625
-0.0300941467285156 0.0145721435546875 1.173828125 -0.4344482421875
-0.0510177612304687 -0.0267906188964844 1.2142333984375 0.84619140625
0.0159454345703125 -0.0562362670898437 0.17938232421875 1.01580810546875
0.0449981689453125 -0.0359077453613281 0.0445938110351562 0.0959091186523438
0.027313232421875 -0.0325660705566406 -0.249267578125 -0.96099853515625
-0.00426101684570312 -0.0318794250488281 -1.32080078125 -0.6571044921875
-0.0342788696289062 -0.0208568572998047 -1.08868408203125 0.76708984375
-0.0270633697509766 -0.0251693725585937 0.1461181640625 1.07421875
-0.00320625305175781 -0.0220127105712891 0.640869140625 0.4620361328125
0.0155706405639648 -0.000986099243164063 0.45330810546875 -0.257843017578125
0.0120372772216797 -0.0114259719848633 0.071197509765625 -0.52606201171875
-0.0334396362304688 -0.0342483520507813 -0.037109375 0.456146240234375
0.0201835632324219 -0.0553817749023438 -0.3956298828125 0.192169189453125
0.0209503173828125 -0.0509567260742188 -0.5067138671875 -0.508056640625
0.0387954711914063 -0.0430374145507813 0.0896606445312501 -1.03680419921875
-0.0188255310058594 -0.00107765197753907 1.1541748046875 -0.46337890625
-0.0571479797363281 -0.0243873596191406 1.232666015625 0.8109130859375
-0.000782012939453124 -0.0562515258789063 0.20166015625 1.01153564453125
0.0262107849121094 -0.043182373046875 0.0519485473632813 0.102493286132812
0.01165771484375 -0.0289573669433594 -0.2274169921875 -0.96588134765625
-0.00699996948242188 -0.0321598052978516 -1.30810546875 -0.693603515625
-0.0245819091796875 -0.0390663146972656 -1.112548828125 0.7410888671875
-0.02374267578125 -0.0548210144042969 0.11663818359375 1.08642578125
-0.00478363037109375 -0.0419273376464844 0.62255859375 0.48504638671875
0.00871944427490234 -0.00660467147827148 0.44775390625 -0.24493408203125
-0.00228214263916015 -0.0115489959716797 0.06658935546875 -0.527252197265625
-0.0447921752929688 -0.0346565246582031 -0.043701171875 0.459381103515625
0.0134658813476562 -0.0606842041015625 -0.408203125 0.205078125
0.015625 -0.0637283325195313 -0.535186767578125 -0.483245849609375
0.0457115173339844 -0.0631065368652344 0.0452880859375001 -1.03173828125
-0.0105562210083008 -0.0134029388427734 1.130859375 -0.505859375
-0.0622367858886719 -0.0223197937011719 1.2572021484375 0.75732421875
-0.0140876770019531 -0.055755615234375 0.2337646484375 1.0003662109375
0.0132331848144531 -0.046966552734375 0.0651626586914063 0.110343933105469
-0.00194168090820313 -0.0285587310791016 -0.18914794921875 -0.9752197265625
-0.00806999206542969 -0.0320358276367187 -1.2825927734375 -0.7471923828125
-0.0152206420898437 -0.0517616271972656 -1.1455078125 0.7027587890625
-0.0178451538085937 -0.075103759765625 0.07171630859375 1.1016845703125
-0.0040435791015625 -0.0572853088378906 0.59527587890625 0.516357421875
0.00247955322265625 -0.0128793716430664 0.437225341796875 -0.226715087890625
-0.0129899978637695 -0.012049674987793 0.062591552734375 -0.52362060546875
-0.05133056640625 -0.0358772277832031 -0.0450439453125 0.46099853515625
0.00760269165039063 -0.0626411437988281 -0.42352294921875 0.2222900390625
0.00888824462890624 -0.0678062438964844 -0.56884765625 -0.45587158203125
0.045562744140625 -0.070556640625 -0.0119018554687501 -1.023681640625
-0.00824928283691406 -0.0191421508789063 1.10089111328125 -0.552001953125
-0.0659866333007813 -0.0193214416503906 1.2899169921875 0.693603515625
-0.0225791931152344 -0.0546607971191406 0.2808837890625 0.984619140625
0.00592422485351563 -0.04736328125 0.08154296875 0.117988586425781
-0.00675392150878906 -0.0258560180664063 -0.1453857421875 -0.98907470703125
-0.00903701782226563 -0.0314445495605469 -1.2493896484375 -0.814208984375
-0.00987625122070313 -0.0571746826171875 -1.18505859375 0.6529541015625
-0.0117950439453125 -0.0844650268554688 0.0164794921875 1.11614990234375
-0.00252151489257813 -0.0630340576171875 0.561553955078125 0.551055908203125
-0.000230789184570312 -0.0159387588500977 0.4232177734375 -0.206085205078125
-0.0189800262451172 -0.0142936706542969 0.055694580078125 -0.522705078125
-0.0522613525390625 -0.0376548767089844 -0.049774169921875 0.46221923828125
0.0022430419921875 -0.0615119934082031 -0.435089111328125 0.237152099609375
0.00412368774414063 -0.0601577758789063 -0.6026611328125 -0.42333984375
0.0441017150878906 -0.0667762756347656 -0.0719604492187499 -1.010498046875
-0.00979995727539063 -0.0185317993164063 1.06317138671875 -0.60125732421875
-0.0686454772949219 -0.0177230834960938 1.322021484375 0.62255859375
-0.0240592956542969 -0.0517654418945313 0.33026123046875 0.9649658203125
0.005645751953125 -0.0429115295410156 0.097503662109375 0.125991821289062
-0.00758552551269531 -0.0235633850097656 -0.0986938476562501 -1.002197265625
-0.00868797302246094 -0.0311431884765625 -1.21142578125 -0.8802490234375
-0.006805419921875 -0.0554008483886719 -1.2255859375 0.5999755859375
-0.00772857666015624 -0.08123779296875 -0.0439453125 1.1304931640625
-0.000221252441406245 -0.0589218139648438 0.52490234375 0.58660888671875
-0.0023040771484375 -0.0168790817260742 0.41217041015625 -0.187286376953125
-0.0189304351806641 -0.0179481506347656 0.05413818359375 -0.519989013671875
-0.049560546875 -0.0412330627441406 -0.051239013671875 0.462310791015625
0.002349853515625 -0.0589752197265625 -0.44805908203125 0.248992919921875
0.0026702880859375 -0.0431632995605469 -0.62921142578125 -0.4002685546875
0.0386009216308594 -0.0493011474609375 -0.1142578125 -1.00189208984375
-0.0142850875854492 -0.0106182098388672 1.0343017578125 -0.6390380859375
-0.0706100463867187 -0.0163497924804687 1.3497314453125 0.56103515625
-0.0173988342285156 -0.0485954284667969 0.369140625 0.94635009765625
0.0115852355957031 -0.0362625122070312 0.112579345703125 0.129707336425781
-0.000455856323242188 -0.0220375061035156 -0.05462646484375 -1.01336669921875
-0.00721931457519531 -0.0317115783691406 -1.17578125 -0.940185546875
-0.0108985900878906 -0.0470390319824219 -1.257080078125 0.5494384765625
-0.00716781616210937 -0.0651512145996094 -0.0954589843750001 1.1357421875
-0.000373840332031251 -0.0445022583007813 0.49188232421875 0.61175537109375
0.000327110290527344 -0.0149974822998047 0.401153564453125 -0.1722412109375
-0.0138607025146484 -0.0213088989257812 0.05194091796875 -0.515411376953125
0.00962448120117188 -0.0388412475585938 -0.0345458984375 0.452392578125
0.0352859497070313 -0.0328369140625 -0.38543701171875 0.16900634765625
0.0271968841552734 0.0306625366210937 -0.488189697265625 -0.540191650390625
0.00502777099609375 0.0505828857421875 0.12298583984375 -1.052978515625
-0.0557708740234375 0.0480575561523438 1.17626953125 -0.43701171875
-0.0427093505859375 -0.0297813415527344 1.2301025390625 0.8389892578125
0.0494155883789063 -0.0518074035644531 0.18585205078125 1.00958251953125
0.0791091918945313 -0.0142745971679688 0.0494461059570313 0.0907211303710937
0.061676025390625 -0.031005859375 -0.237060546875 -0.9688720703125
0.00185966491699219 -0.0322494506835937 -1.3226318359375 -0.677734375
-0.053314208984375 0.0185394287109375 -1.10406494140625 0.7640380859375
-0.0324668884277344 0.0386962890625 0.13726806640625 1.08380126953125
0.00131416320800781 0.0247459411621094 0.63916015625 0.46624755859375
0.0310916900634766 0.0101146697998047 0.458038330078125 -0.25543212890625
0.0393486022949219 -0.0183525085449219 0.085418701171875 -0.52294921875
-0.00438880920410157 -0.0349922180175781 -0.03387451171875 0.453155517578125
0.0320777893066406 -0.0412788391113281 -0.38323974609375 0.17254638671875
0.0257968902587891 0.00189590454101562 -0.481292724609375 -0.53857421875
0.0160980224609375 0.0181484222412109 0.1396484375 -1.04913330078125
-0.0440330505371094 0.0324172973632813 1.1805419921875 -0.4210205078125
-0.045257568359375 -0.0286064147949219 1.214111328125 0.8629150390625
0.034210205078125 -0.05438232421875 0.1705322265625 1.02203369140625
0.0640449523925781 -0.0247459411621094 0.0442047119140625 0.0930557250976562
0.0455093383789063 -0.0323448181152344 -0.25042724609375 -0.96820068359375
-0.00183486938476562 -0.0318660736083984 -1.3294677734375 -0.6610107421875
-0.0448646545410156 -0.000598907470703129 -1.093994140625 0.776123046875
-0.0301322937011719 0.005828857421875 0.14984130859375 1.07769775390625
-0.000162839889526367 0.00141274929046631 0.64532470703125 0.45721435546875
0.0238132476806641 0.00300025939941406 0.45806884765625 -0.261077880859375
0.0264072418212891 -0.0131626129150391 0.0734863281249999 -0.527587890625
-0.0195388793945313 -0.0347957611083984 -0.0347900390625 0.455535888671875
0.0271949768066406 -0.0489501953125 -0.38763427734375 0.1795654296875
0.0246334075927734 -0.0277328491210938 -0.487091064453125 -0.528564453125
0.0277748107910156 -0.0148639678955078 0.12420654296875 -1.044677734375
-0.0309658050537109 0.0150260925292969 1.1756591796875 -0.4324951171875
-0.0508384704589844 -0.0262985229492187 1.2156982421875 0.848876953125
0.015838623046875 -0.0559501647949219 0.1767578125 1.01947021484375
0.0441322326660156 -0.0352554321289063 0.04534912109375 0.0967025756835938
0.0279903411865234 -0.0310764312744141 -0.246826171875 -0.9635009765625
-0.00356483459472656 -0.033203125 -1.3238525390625 -0.66162109375
-0.0342178344726562 -0.0207290649414063 -1.093994140625 0.77117919921875
-0.0280227661132812 -0.0262432098388672 0.14556884765625 1.07928466796875
-0.00373077392578125 -0.0221195220947266 0.6427001953125 0.46417236328125
0.0158653259277344 -0.00164604187011719 0.454376220703125 -0.2586669921875
0.0110301971435547 -0.0121068954467773 0.072296142578125 -0.53045654296875
-0.0344276428222656 -0.0340194702148438 -0.03741455078125 0.458221435546875
0.0201492309570313 -0.0566749572753906 -0.395782470703125 0.193756103515625
0.020904541015625 -0.0509872436523438 -0.508697509765625 -0.509918212890625
0.0387992858886719 -0.044158935546875 0.090087890625 -1.04034423828125
-0.0188713073730469 -0.000711441040039061 1.1568603515625 -0.462158203125
-0.0579643249511719 -0.0244369506835938 1.2335205078125 0.8135986328125
-0.000892639160156244 -0.057098388671875 0.19927978515625 1.01336669921875
0.0271530151367187 -0.042816162109375 0.05401611328125 0.102874755859375
0.0118236541748047 -0.03021240234375 -0.22564697265625 -0.9681396484375
-0.00702667236328125 -0.0323657989501953 -1.3121337890625 -0.697509765625
-0.0246696472167969 -0.0387763977050781 -1.11761474609375 0.74560546875
-0.0245895385742188 -0.0545501708984375 0.11737060546875 1.09149169921875
-0.00368881225585938 -0.0424156188964844 0.624755859375 0.48822021484375
0.00987529754638672 -0.008148193359375 0.44970703125 -0.245758056640625
-0.00130176544189453 -0.0106935501098633 0.065826416015625 -0.529693603515625
-0.0460662841796875 -0.03411865234375 -0.042999267578125 0.459930419921875
0.0126419067382813 -0.0608673095703125 -0.41033935546875 0.20751953125
0.0154380798339844 -0.065704345703125 -0.537109375 -0.485992431640625
0.0453224182128906 -0.0644454956054688 0.0447998046875 -1.03662109375
-0.0115299224853516 -0.0125465393066406 1.134521484375 -0.50244140625
-0.0623397827148438 -0.0227508544921875 1.2586669921875 0.7606201171875
-0.0149879455566406 -0.0557403564453125 0.2325439453125 1.002685546875
0.01409912109375 -0.047393798828125 0.0659103393554687 0.111579895019531
-0.000699996948242185 -0.0283145904541016 -0.18463134765625 -0.980224609375
-0.00842857360839844 -0.0316448211669922 -1.2841796875 -0.7532958984375
-0.0152778625488281 -0.0519294738769531 -1.149658203125 0.70654296875
-0.0186080932617187 -0.0763320922851563 0.0723266601562499 1.1082763671875
-0.00455093383789062 -0.0569381713867187 0.59808349609375 0.52044677734375
0.0031595230102539 -0.0135965347290039 0.43878173828125 -0.227630615234375
-0.0123825073242188 -0.0122184753417969 0.06353759765625 -0.527130126953125
-0.0523033142089844 -0.0350456237792969 -0.045989990234375 0.4609375
0.00704956054687501 -0.0634727478027344 -0.42333984375 0.223846435546875
0.00909423828125 -0.0689506530761719 -0.57257080078125 -0.45538330078125
0.04632568359375 -0.0724105834960938 -0.01373291015625 -1.02777099609375
-0.00843048095703125 -0.0193138122558594 1.103271484375 -0.55377197265625
-0.0673370361328125 -0.0199623107910156 1.2911376953125 0.6966552734375
-0.0235939025878906 -0.0550003051757813 0.28045654296875 0.98883056640625
0.00537109375 -0.0465507507324219 0.0816192626953125 0.118881225585938
-0.00722885131835938 -0.0263252258300781 -0.142578125 -0.99090576171875
-0.00884628295898437 -0.031524658203125 -1.250732421875 -0.818359375
-0.00999832153320313 -0.0578422546386719 -1.1920166015625 0.65283203125
-0.0126800537109375 -0.0857925415039063 0.0137329101562501 1.121826171875
-0.00177001953125 -0.0631866455078125 0.5643310546875 0.55438232421875
-0.000539779663085938 -0.0160751342773438 0.426788330078125 -0.207061767578125
-0.019195556640625 -0.0145931243896484 0.056396484375 -0.524261474609375
-0.0535392761230469 -0.0380477905273438 -0.0498046875 0.463897705078125
0.00225830078125 -0.0623016357421875 -0.43609619140625 0.23687744140625
0.00475311279296875 -0.0611076354980469 -0.60369873046875 -0.425537109375
0.0434303283691406 -0.0676155090332031 -0.0701904296875001 -1.01470947265625
-0.0102348327636719 -0.0176830291748047 1.06719970703125 -0.60150146484375
-0.0688667297363281 -0.0170822143554688 1.32421875 0.62744140625
-0.0237159729003906 -0.0521087646484375 0.32647705078125 0.96868896484375
0.00463485717773437 -0.04327392578125 0.0987625122070313 0.127143859863281
-0.00754547119140625 -0.0240936279296875 -0.0963134765625 -1.004150390625
-0.0082550048828125 -0.0319137573242188 -1.215087890625 -0.884765625
-0.00611495971679688 -0.05535888671875 -1.2305908203125 0.5999755859375
-0.00829315185546876 -0.0811004638671875 -0.0441894531250001 1.1341552734375
0.000244140624999997 -0.059539794921875 0.52716064453125 0.58978271484375
-0.000980377197265626 -0.0169601440429688 0.41339111328125 -0.187835693359375
-0.0195560455322266 -0.018524169921875 0.0555725097656249 -0.52130126953125
-0.0496559143066406 -0.0402603149414063 -0.05108642578125 0.46514892578125
0.0015869140625 -0.0590400695800781 -0.447845458984375 0.249969482421875
0.00249862670898438 -0.0439682006835937 -0.63189697265625 -0.40185546875
0.0385932922363281 -0.0509681701660156 -0.1158447265625 -1.00531005859375
-0.0151700973510742 -0.01007080078125 1.03912353515625 -0.63922119140625
-0.07080078125 -0.0169525146484375 1.3529052734375 0.5645751953125
-0.0185661315917969 -0.049560546875 0.366455078125 0.95013427734375
0.0110397338867188 -0.0354156494140625 0.113739013671875 0.131507873535156
0.0001220703125 -0.0215663909912109 -0.0499267578125 -1.01708984375
-0.00654792785644531 -0.0316295623779297 -1.1806640625 -0.9476318359375
-0.0110664367675781 -0.0459671020507812 -1.261474609375 0.552490234375
-0.00732040405273437 -0.0643234252929688 -0.093505859375 1.141357421875
-5.72204589843707E-05 -0.0456657409667969 0.49176025390625 0.61376953125
0.000926017761230469 -0.0147485733032227 0.402557373046875 -0.171966552734375
-0.0143775939941406 -0.0230598449707031 0.053192138671875 -0.517059326171875
0.00821304321289063 -0.0378875732421875 -0.03411865234375 0.4517822265625
0.0347862243652344 -0.0330944061279297 -0.386566162109375 0.17138671875
0.0272712707519531 0.0305957794189453 -0.489013671875 -0.540191650390625
0.00500106811523437 0.0491523742675781 0.1214599609375 -1.05780029296875
-0.0567550659179688 0.04937744140625 1.179931640625 -0.4384765625
-0.0437507629394531 -0.0297622680664063 1.23046875 0.8411865234375
0.0496482849121094 -0.051910400390625 0.18359375 1.01593017578125
0.0797271728515625 -0.014373779296875 0.0496902465820313 0.0920791625976563
0.0622367858886719 -0.0319061279296875 -0.23455810546875 -0.974365234375
0.00171852111816406 -0.0329837799072266 -1.3267822265625 -0.6798095703125
-0.0528488159179687 0.0191459655761719 -1.10858154296875 0.76910400390625
-0.0324554443359375 0.039520263671875 0.138671875 1.0909423828125
0.00308609008789062 0.0241851806640625 0.641357421875 0.46820068359375
0.0310306549072266 0.00927734375 0.459808349609375 -0.255645751953125
0.04034423828125 -0.017242431640625 0.0851440429687501 -0.52764892578125
-0.00635910034179688 -0.0358314514160156 -0.034332275390625 0.454925537109375
0.0314064025878906 -0.0414657592773438 -0.384063720703125 0.173797607421875
0.027008056640625 0.0008544921875 -0.483917236328125 -0.54107666015625
0.0164890289306641 0.0168218612670898 0.1396484375 -1.05364990234375
-0.0457916259765625 0.0325469970703125 1.1861572265625 -0.4212646484375
-0.046417236328125 -0.0286102294921875 1.215087890625 0.8668212890625
0.0338706970214844 -0.05487060546875 0.17010498046875 1.02392578125
0.0632438659667969 -0.0251808166503906 0.0456466674804688 0.0946731567382813
0.0463409423828125 -0.0327262878417969 -0.24810791015625 -0.970703125
-0.000885009765624997 -0.0323352813720703 -1.3348388671875 -0.6649169921875
-0.04425048828125 0.000358581542968751 -1.0997314453125 0.7789306640625
-0.0304508209228516 0.00731658935546874 0.152587890625 1.0858154296875
0.000621557235717773 0.0021359920501709 0.65228271484375 0.46014404296875
0.0244388580322266 0.00260162353515625 0.459625244140625 -0.26214599609375
0.0253791809082031 -0.0145130157470703 0.073486328125 -0.53240966796875
-0.0208148956298828 -0.0336933135986328 -0.03363037109375 0.45721435546875
0.0253372192382813 -0.0502777099609375 -0.387939453125 0.181396484375
0.0250434875488281 -0.0283908843994141 -0.490478515625 -0.530029296875
0.0278034210205078 -0.0167140960693359 0.12353515625 -1.05072021484375
-0.0321731567382813 0.0151386260986328 1.177734375 -0.4337158203125
-0.0512237548828125 -0.0278129577636719 1.2191162109375 0.8497314453125
0.0161628723144531 -0.0569572448730469 0.17633056640625 1.0235595703125
0.0446090698242188 -0.0352439880371094 0.0463333129882812 0.0982666015625
0.0285377502441406 -0.0320663452148438 -0.24468994140625 -0.96612548828125
-0.00411224365234375 -0.0325050354003906 -1.328125 -0.6644287109375
-0.0347614288330078 -0.0198001861572266 -1.1002197265625 0.7747802734375
-0.0289516448974609 -0.0250873565673828 0.1494140625 1.0872802734375
-0.002197265625 -0.0219306945800781 0.6483154296875 0.46575927734375
0.0170450210571289 -0.00328636169433594 0.45648193359375 -0.25946044921875
0.0120058059692383 -0.0114231109619141 0.071685791015625 -0.532257080078125
-0.0359458923339844 -0.0335540771484375 -0.03680419921875 0.4598388671875
0.019073486328125 -0.0566558837890625 -0.396026611328125 0.194122314453125
0.0199813842773438 -0.0526123046875 -0.513153076171875 -0.511993408203125
0.038970947265625 -0.0445899963378906 0.0885620117187501 -1.04522705078125
-0.0206871032714844 0.00039863586425781 1.161865234375 -0.4669189453125
-0.0577774047851563 -0.0245513916015625 1.2354736328125 0.817138671875
-0.00154876708984375 -0.0576057434082031 0.19744873046875 1.01806640625
0.0264053344726562 -0.0424728393554688 0.0552139282226563 0.105033874511719
0.0113735198974609 -0.0296745300292969 -0.2235107421875 -0.97216796875
-0.00642967224121094 -0.0318965911865234 -1.31494140625 -0.7020263671875
-0.0247611999511719 -0.0391349792480469 -1.1220703125 0.74908447265625
-0.0249519348144531 -0.0537071228027344 0.11962890625 1.09783935546875
-0.00323486328125 -0.0420494079589844 0.63037109375 0.4903564453125
0.00954246520996094 -0.00852298736572266 0.450164794921875 -0.24652099609375
-0.00166797637939453 -0.0109052658081055 0.066131591796875 -0.531951904296875
-0.0472412109375 -0.0346336364746094 -0.04217529296875 0.462188720703125
0.011962890625 -0.0616950988769531 -0.410552978515625 0.209075927734375
0.0158767700195312 -0.0665359497070313 -0.540435791015625 -0.48736572265625
0.0457878112792969 -0.06439208984375 0.04296875 -1.03948974609375
-0.0115938186645508 -0.0120773315429688 1.13818359375 -0.5052490234375
-0.0620269775390625 -0.0222702026367187 1.2593994140625 0.7635498046875
-0.0161056518554687 -0.056976318359375 0.23150634765625 1.00653076171875
0.0133628845214844 -0.0468025207519531 0.0674514770507812 0.112594604492188
-0.000625610351562497 -0.0297374725341797 -0.18426513671875 -0.984130859375
-0.00785255432128906 -0.0325870513916016 -1.2891845703125 -0.756591796875
-0.0159950256347656 -0.0518951416015625 -1.157470703125 0.7073974609375
-0.018646240234375 -0.0759963989257813 0.0725097656249999 1.1138916015625
-0.00361251831054688 -0.0572052001953125 0.603759765625 0.52166748046875
0.00470924377441406 -0.0133590698242187 0.439971923828125 -0.228118896484375
-0.0128688812255859 -0.0123653411865234 0.06231689453125 -0.530181884765625
-0.054046630859375 -0.0345611572265625 -0.04547119140625 0.463714599609375
0.00587844848632813 -0.0640411376953125 -0.423736572265625 0.2252197265625
0.0100517272949219 -0.068939208984375 -0.573974609375 -0.45806884765625
0.0460662841796875 -0.0733184814453125 -0.0138549804687499 -1.03143310546875
-0.00980186462402344 -0.0185394287109375 1.10797119140625 -0.55426025390625
-0.0676078796386719 -0.0202560424804688 1.2977294921875 0.6978759765625
-0.0231399536132813 -0.0554275512695313 0.2783203125 0.99188232421875
0.00532150268554687 -0.0470619201660156 0.08319091796875 0.120552062988281
-0.00748825073242188 -0.0271072387695313 -0.13836669921875 -0.9951171875
-0.00885772705078125 -0.0319805145263672 -1.255615234375 -0.824462890625
-0.0105628967285156 -0.0575790405273438 -1.1966552734375 0.6578369140625
-0.0131683349609375 -0.0845260620117188 0.01611328125 1.12939453125
-0.0020751953125 -0.0636405944824219 0.5667724609375 0.55914306640625
-0.000633239746093752 -0.0180854797363281 0.42803955078125 -0.207977294921875
-0.0187606811523438 -0.0147571563720703 0.054962158203125 -0.52716064453125
-0.0556182861328125 -0.0375175476074219 -0.048583984375 0.464935302734375
0.000896453857421876 -0.0636100769042969 -0.437103271484375 0.2415771484375
0.00434875488281249 -0.0608024597167969 -0.60675048828125 -0.4246826171875
0.0439453125 -0.0684280395507813 -0.0720825195312501 -1.0191650390625
-0.012202262878418 -0.0172653198242188 1.07373046875 -0.603515625
-0.0690269470214844 -0.0178871154785156 1.32568359375 0.625244140625
-0.0247306823730469 -0.0524711608886719 0.32379150390625 0.9715576171875
0.00458526611328125 -0.0420875549316406 0.0995025634765625 0.128860473632813
-0.00719070434570312 -0.0247554779052734 -0.09283447265625 -1.0078125
-0.00843238830566407 -0.032196044921875 -1.21728515625 -0.890380859375
-0.00797271728515625 -0.0558891296386719 -1.235595703125 0.604736328125
-0.00924682617187499 -0.08074951171875 -0.0422363281250001 1.1407470703125
0.000751495361328129 -0.0591773986816406 0.5302734375 0.593994140625
-0.000131607055664062 -0.0177268981933594 0.41522216796875 -0.187591552734375
-0.0189037322998047 -0.0194931030273438 0.055908203125 -0.5242919921875
-0.0514106750488281 -0.0407867431640625 -0.05072021484375 0.4664306640625
7.24792480468687E-05 -0.0612068176269531 -0.447021484375 0.251068115234375
0.00266265869140625 -0.0443916320800781 -0.63470458984375 -0.40338134765625
0.0392532348632813 -0.0512237548828125 -0.117919921875 -1.00909423828125
-0.0172748565673828 -0.00950431823730469 1.042724609375 -0.642822265625
-0.0703353881835938 -0.0163421630859375 1.3563232421875 0.56640625
-0.0189208984375 -0.048187255859375 0.36517333984375 0.95465087890625
0.0114517211914063 -0.0349712371826172 0.114715576171875 0.13262939453125
-0.000770568847656249 -0.0211982727050781 -0.0484008789062501 -1.02130126953125
-0.00629043579101562 -0.0319862365722656 -1.1805419921875 -0.949462890625
-0.0116386413574219 -0.0465126037597656 -1.2677001953125 0.5540771484375
-0.00718688964843749 -0.0649337768554688 -0.0942382812500001 1.1475830078125
0.000476837158203127 -0.0461158752441406 0.49713134765625 0.61907958984375
0.00111675262451172 -0.0156459808349609 0.40399169921875 -0.174713134765625
-0.0136470794677734 -0.0218143463134766 0.051727294921875 -0.519775390625
0.00726318359375 -0.0380134582519531 -0.03424072265625 0.4552001953125
0.0342159271240234 -0.0337238311767578 -0.387176513671875 0.1728515625
0.0283851623535156 0.0302257537841797 -0.492828369140625 -0.54229736328125
0.00449752807617187 0.0494766235351562 0.1182861328125 -1.06219482421875
-0.057373046875 0.0508689880371094 1.18701171875 -0.438232421875
-0.042755126953125 -0.0303230285644531 1.235107421875 0.84326171875
0.0491905212402344 -0.0525398254394531 0.1824951171875 1.01849365234375
0.0799713134765625 -0.0142593383789062 0.0506820678710938 0.0934371948242188
0.0624427795410156 -0.0319442749023438 -0.23284912109375 -0.97821044921875
0.00207328796386719 -0.0324497222900391 -1.334716796875 -0.680908203125
-0.0525169372558594 0.0193862915039063 -1.1153564453125 0.7752685546875
-0.0334625244140625 0.0400581359863281 0.14251708984375 1.0970458984375
0.0026702880859375 0.0253009796142578 0.64862060546875 0.4722900390625
0.03179931640625 0.00890922546386719 0.46270751953125 -0.258056640625
0.0402412414550781 -0.0188255310058594 0.084808349609375 -0.53173828125
-0.00656509399414062 -0.0354537963867188 -0.03192138671875 0.45721435546875
0.0310249328613281 -0.0428657531738281 -0.385589599609375 0.17620849609375
0.0269412994384766 0.00149345397949219 -0.487579345703125 -0.54254150390625
0.0160694122314453 0.0163459777832031 0.13726806640625 -1.05853271484375
-0.0467529296875 0.0331954956054688 1.1923828125 -0.4228515625
-0.0453567504882812 -0.0292625427246094 1.220703125 0.8687744140625
0.0340843200683594 -0.0560989379882813 0.16668701171875 1.03143310546875
0.0643882751464844 -0.0249557495117187 0.0463943481445313 0.0946044921875
0.0455780029296875 -0.0330238342285156 -0.24737548828125 -0.9736328125
8.39233398437526E-05 -0.0331001281738281 -1.3419189453125 -0.6671142578125
-0.0446510314941406 0.000782012939453133 -1.10552978515625 0.78582763671875
-0.0314960479736328 0.00745773315429688 0.15582275390625 1.0916748046875
0.00117897987365723 0.00163400173187256 0.65582275390625 0.46319580078125
0.0250072479248047 0.00238609313964844 0.460479736328125 -0.264678955078125
0.0262813568115234 -0.0141677856445313 0.073822021484375 -0.534881591796875
-0.0237560272216797 -0.0339679718017578 -0.03326416015625 0.45849609375
0.0252799987792969 -0.0504837036132813 -0.388641357421875 0.18341064453125
0.0249767303466797 -0.0289287567138672 -0.493011474609375 -0.532562255859375
0.0290241241455078 -0.0165615081787109 0.12249755859375 -1.05450439453125
-0.0329647064208984 0.0168209075927734 1.1849365234375 -0.435302734375
-0.0512123107910156 -0.0279693603515625 1.2232666015625 0.85009765625
0.0150833129882813 -0.057586669921875 0.17352294921875 1.02862548828125
0.04425048828125 -0.0350379943847656 0.0481719970703125 0.099639892578125
0.0277881622314453 -0.0315303802490234 -0.24365234375 -0.9713134765625
-0.00378990173339843 -0.0329341888427734 -1.334716796875 -0.670166015625
-0.034576416015625 -0.019287109375 -1.1060791015625 0.77911376953125
-0.0295906066894531 -0.0248088836669922 0.1529541015625 1.09326171875
-0.00208854675292969 -0.0217800140380859 0.65130615234375 0.47052001953125
0.0173549652099609 -0.00332832336425781 0.459228515625 -0.261016845703125
0.0113201141357422 -0.0111608505249023 0.069732666015625 -0.535858154296875
-0.0377655029296875 -0.0326728820800781 -0.03594970703125 0.461822509765625
0.0178642272949219 -0.0590324401855469 -0.397308349609375 0.19659423828125
0.0215339660644531 -0.052337646484375 -0.514373779296875 -0.513092041015625
0.0386886596679688 -0.0455474853515625 0.08831787109375 -1.04998779296875
-0.0216846466064453 0.000719070434570309 1.1671142578125 -0.4683837890625
-0.0577239990234375 -0.0252189636230469 1.2413330078125 0.8192138671875
-0.00275421142578125 -0.0586013793945313 0.19512939453125 1.02362060546875
0.0270767211914063 -0.0433807373046875 0.0554351806640625 0.105659484863281
0.01129150390625 -0.0303592681884766 -0.22186279296875 -0.974853515625
-0.00675392150878906 -0.0332145690917969 -1.3214111328125 -0.7034912109375
-0.0251541137695313 -0.0387001037597656 -1.1270751953125 0.753173828125
-0.02508544921875 -0.05450439453125 0.122314453125 1.10406494140625
-0.00317764282226562 -0.0428352355957031 0.633544921875 0.4937744140625
0.00999641418457031 -0.00911045074462891 0.45220947265625 -0.248443603515625
-0.00150585174560547 -0.0115156173706055 0.066436767578125 -0.534881591796875
-0.0489311218261719 -0.0344657897949219 -0.04180908203125 0.464508056640625
0.0110816955566406 -0.0632820129394531 -0.41107177734375 0.210174560546875
0.0149192810058594 -0.0668869018554688 -0.543975830078125 -0.4881591796875
0.0448951721191406 -0.0656700134277344 0.04150390625 -1.04522705078125
-0.013972282409668 -0.0116157531738281 1.1402587890625 -0.5069580078125
-0.062286376953125 -0.0228042602539062 1.2659912109375 0.763671875
-0.0162925720214844 -0.0579605102539063 0.23052978515625 1.01287841796875
0.013946533203125 -0.0467147827148438 0.0686721801757813 0.114105224609375
-0.000484466552734372 -0.0283184051513672 -0.18353271484375 -0.9886474609375
-0.00727462768554688 -0.0327873229980469 -1.296142578125 -0.7603759765625
-0.0167922973632812 -0.0516815185546875 -1.1622314453125 0.7127685546875
-0.0196456909179687 -0.0755691528320313 0.0746459960937499 1.118408203125
-0.00263214111328125 -0.0581893920898438 0.60791015625 0.52593994140625
0.0034322738647461 -0.0139217376708984 0.441314697265625 -0.230560302734375
-0.0125007629394531 -0.0127334594726563 0.0627136230468749 -0.534149169921875
-0.0560646057128906 -0.0343971252441406 -0.0425109863281251 0.46527099609375
0.00566864013671875 -0.0655937194824219 -0.426025390625 0.22698974609375
0.0101470947265625 -0.0707778930664063 -0.57781982421875 -0.45928955078125
0.044921875 -0.0745010375976563 -0.0160522460937501 -1.03460693359375
-0.0101566314697266 -0.0180492401123047 1.1136474609375 -0.55706787109375
-0.0681381225585937 -0.0203895568847656 1.300537109375 0.6995849609375
-0.024688720703125 -0.0562553405761719 0.27655029296875 0.99664306640625
0.00659561157226563 -0.0461616516113281 0.0845413208007813 0.122276306152344
-0.00757026672363281 -0.0270652770996094 -0.13800048828125 -0.99853515625
-0.00753211975097657 -0.0323123931884766 -1.262939453125 -0.826416015625
-0.0101127624511719 -0.05767822265625 -1.2000732421875 0.663330078125
-0.0143661499023437 -0.0855026245117187 0.017578125 1.1357421875
-0.00080490112304687 -0.064208984375 0.57232666015625 0.56121826171875
0.000930786132812502 -0.0181121826171875 0.428985595703125 -0.210662841796875
-0.0184822082519531 -0.0156936645507813 0.0531005859375 -0.52978515625
-0.0562896728515625 -0.0377349853515625 -0.048126220703125 0.4686279296875
9.53674316406244E-05 -0.0642051696777344 -0.43829345703125 0.2425537109375
0.00516891479492188 -0.0619621276855469 -0.612060546875 -0.42596435546875
0.0437278747558594 -0.0690574645996094 -0.076171875 -1.022216796875
-0.012298583984375 -0.0167751312255859 1.076904296875 -0.6072998046875
-0.0703811645507813 -0.0176849365234375 1.33251953125 0.6279296875
-0.0251579284667969 -0.0533065795898438 0.32550048828125 0.97613525390625
0.00446701049804688 -0.0421028137207031 0.10186767578125 0.129386901855469
-0.00752830505371094 -0.0253143310546875 -0.0914916992187501 -1.012451171875
-0.00710678100585938 -0.0321445465087891 -1.222412109375 -0.894287109375
-0.00756454467773437 -0.0545845031738281 -1.2440185546875 0.6060791015625
-0.00929260253906249 -0.0816650390625 -0.0410156249999999 1.1461181640625
0.00103378295898437 -0.0598030090332031 0.5343017578125 0.59466552734375
-0.000593185424804689 -0.0184307098388672 0.415130615234375 -0.18927001953125
-0.0197639465332031 -0.0182666778564453 0.05419921875 -0.526336669921875
-0.0529899597167969 -0.0401229858398438 -0.04949951171875 0.46966552734375
-0.00152206420898438 -0.0608901977539063 -0.44940185546875 0.255126953125
0.00388336181640625 -0.0451393127441406 -0.63800048828125 -0.40283203125
0.0391311645507812 -0.0525665283203125 -0.1229248046875 -1.0118408203125
-0.0173377990722656 -0.00818538665771484 1.04730224609375 -0.64788818359375
-0.0707550048828125 -0.0172882080078125 1.3590087890625 0.5672607421875
-0.0196304321289062 -0.0503349304199219 0.3656005859375 0.95953369140625
0.0114250183105469 -0.0347366333007813 0.116416931152344 0.13397216796875
-0.00125503540039062 -0.0223598480224609 -0.0447998046875001 -1.02490234375
-0.00658607482910156 -0.0326004028320313 -1.1854248046875 -0.9547119140625
-0.0119400024414062 -0.0462188720703125 -1.273193359375 0.55810546875
-0.00868606567382812 -0.0647354125976563 -0.0920410156250001 1.155517578125
0.00215530395507813 -0.0456047058105469 0.5023193359375 0.62261962890625
0.000955581665039061 -0.0158252716064453 0.40460205078125 -0.1751708984375
-0.01397705078125 -0.0229911804199219 0.049896240234375 -0.523529052734375
0.00585556030273437 -0.037689208984375 -0.032135009765625 0.45709228515625
0.0340518951416016 -0.0347881317138672 -0.387237548828125 0.174774169921875
0.0282230377197266 0.0290412902832031 -0.49798583984375 -0.5443115234375
0.00452041625976563 0.0491447448730469 0.11932373046875 -1.069091796875
-0.0580787658691406 0.0522537231445313 1.1942138671875 -0.4447021484375
-0.0433845520019531 -0.0302886962890625 1.240966796875 0.8427734375
0.0484390258789063 -0.0533638000488281 0.1832275390625 1.02667236328125
0.0798568725585938 -0.0144195556640625 0.0527191162109375 0.0944442749023438
0.0618820190429688 -0.0322113037109375 -0.23333740234375 -0.982421875
0.00189208984375 -0.0351390838623047 -1.342529296875 -0.68408203125
-0.0531005859375 0.0207748413085938 -1.12066650390625 0.78167724609375
-0.0345687866210938 0.0405082702636719 0.1473388671875 1.104736328125
0.00349998474121094 0.0254020690917969 0.654296875 0.4737548828125
0.0337734222412109 0.00798606872558594 0.463348388671875 -0.259979248046875
0.0407333374023438 -0.0189552307128906 0.0836181640625 -0.535186767578125
-0.00821685791015625 -0.0344181060791016 -0.03021240234375 0.461395263671875
0.0307502746582031 -0.0431976318359375 -0.3863525390625 0.179412841796875
0.0265541076660156 0.00029754638671875 -0.4906005859375 -0.54534912109375
0.016352653503418 0.0166406631469727 0.13482666015625 -1.0654296875
-0.0469932556152344 0.0339126586914062 1.1971435546875 -0.4281005859375
-0.0467491149902344 -0.0298004150390625 1.2264404296875 0.8702392578125
0.0324287414550781 -0.0558433532714844 0.16900634765625 1.03765869140625
0.0645942687988281 -0.0252609252929688 0.0468292236328125 0.0961456298828125
0.0463790893554688 -0.0333518981933594 -0.24822998046875 -0.98193359375
-7.24792480468747E-05 -0.0326652526855469 -1.35302734375 -0.6661376953125
-0.0459175109863281 0.00122833251953126 -1.110595703125 0.79278564453125
-0.0318126678466797 0.00791549682617187 0.15960693359375 1.09918212890625
0.00121212005615234 0.00198018550872803 0.66064453125 0.46563720703125
0.0258769989013672 0.00209808349609375 0.4622802734375 -0.26678466796875
0.0261039733886719 -0.0154666900634766 0.071624755859375 -0.5404052734375
-0.0246982574462891 -0.0332794189453125 -0.03173828125 0.4622802734375
0.0246925354003906 -0.0523185729980469 -0.389892578125 0.18695068359375
0.0253620147705078 -0.0289573669433594 -0.4964599609375 -0.534210205078125
0.028106689453125 -0.0183525085449219 0.11712646484375 -1.063720703125
-0.0340576171875 0.0175647735595703 1.1910400390625 -0.4404296875
-0.0513687133789063 -0.027984619140625 1.2310791015625 0.853271484375
0.0144996643066406 -0.0581779479980469 0.173583984375 1.03515625
0.0450935363769531 -0.0361785888671875 0.0486831665039062 0.100357055664062
0.0283699035644531 -0.0325870513916016 -0.24298095703125 -0.9761962890625
-0.00426292419433594 -0.0336360931396484 -1.345947265625 -0.6693115234375
-0.0346145629882813 -0.0195026397705078 -1.11212158203125 0.78857421875
-0.0304412841796875 -0.0250053405761719 0.15716552734375 1.10028076171875
-0.00146102905273437 -0.0222110748291016 0.65887451171875 0.47149658203125
0.0175933837890625 -0.00362014770507813 0.458892822265625 -0.26324462890625
0.0120172500610352 -0.0122184753417969 0.070404052734375 -0.54156494140625
-0.0382156372070313 -0.0328025817871094 -0.03424072265625 0.465423583984375
0.0176315307617187 -0.0595817565917969 -0.397796630859375 0.199737548828125
0.0221595764160156 -0.0538330078125 -0.520050048828125 -0.5152587890625
0.0402259826660156 -0.0472564697265625 0.0827636718750001 -1.056884765625
-0.0217723846435547 0.00210380554199218 1.1722412109375 -0.4705810546875
-0.0581245422363281 -0.0255813598632812 1.247802734375 0.82080078125
-0.00312042236328126 -0.0590553283691406 0.19598388671875 1.02813720703125
0.02740478515625 -0.0428695678710938 0.0571670532226563 0.106864929199219
0.0109138488769531 -0.0312614440917969 -0.22235107421875 -0.98095703125
-0.00586700439453125 -0.0334625244140625 -1.330322265625 -0.7047119140625
-0.0250015258789063 -0.0391006469726563 -1.1328125 0.7596435546875
-0.0269737243652344 -0.0545578002929687 0.12652587890625 1.11370849609375
-0.0021820068359375 -0.0421104431152344 0.642578125 0.498779296875
0.0105981826782227 -0.0104999542236328 0.452880859375 -0.25225830078125
-0.00206756591796875 -0.0111312866210938 0.063690185546875 -0.5404052734375
-0.0502510070800781 -0.0330238342285156 -0.039581298828125 0.46685791015625
0.00990676879882812 -0.063568115234375 -0.41229248046875 0.21417236328125
0.016326904296875 -0.0679664611816406 -0.549346923828125 -0.489105224609375
0.044464111328125 -0.0667037963867187 0.03765869140625 -1.050537109375
-0.014225959777832 -0.00994014739990234 1.149658203125 -0.512451171875
-0.0639190673828125 -0.0230674743652344 1.27392578125 0.76953125
-0.0171546936035156 -0.0588264465332031 0.23138427734375 1.0184326171875
0.0135917663574219 -0.0474052429199219 0.0706939697265625 0.11505126953125
-0.00130653381347656 -0.0295505523681641 -0.18280029296875 -0.99334716796875
-0.0077972412109375 -0.0340843200683594 -1.3026123046875 -0.76318359375
-0.0156097412109375 -0.0508995056152344 -1.1669921875 0.72021484375
-0.0205307006835937 -0.0759429931640625 0.080078125 1.1270751953125
-0.00233459472656251 -0.05731201171875 0.613525390625 0.53009033203125
0.00391292572021484 -0.0147724151611328 0.444091796875 -0.232940673828125
-0.0140256881713867 -0.013453483581543 0.0599975585937499 -0.537261962890625
-0.058746337890625 -0.0345687866210938 -0.043243408203125 0.469573974609375
0.00257110595703125 -0.0660629272460938 -0.426177978515625 0.230072021484375
0.00948333740234374 -0.071075439453125 -0.583740234375 -0.46014404296875
0.045013427734375 -0.0765380859375 -0.01922607421875 -1.04046630859375
-0.0117721557617187 -0.0176925659179688 1.11865234375 -0.563232421875
-0.0689811706542969 -0.0208168029785156 1.308349609375 0.700439453125
-0.0249557495117188 -0.0569381713867187 0.27777099609375 1.00531005859375
0.00571823120117187 -0.0471649169921875 0.0871124267578125 0.123100280761719
-0.00731468200683594 -0.0275192260742188 -0.13824462890625 -1.003662109375
-0.00804710388183594 -0.0331764221191406 -1.27099609375 -0.8297119140625
-0.0105743408203125 -0.0570640563964844 -1.206787109375 0.6705322265625
-0.0149459838867188 -0.0856475830078125 0.0229492187499999 1.1435546875
-0.00100326538085937 -0.0639533996582031 0.578857421875 0.56402587890625
0.00127410888671875 -0.0191688537597656 0.429901123046875 -0.2117919921875
-0.0186977386474609 -0.0155143737792969 0.0529174804687501 -0.534210205078125
-0.0591583251953125 -0.0362892150878906 -0.046417236328125 0.470062255859375
-0.000961303710937504 -0.0653076171875 -0.43902587890625 0.2462158203125
0.00424957275390626 -0.0636444091796875 -0.61798095703125 -0.4273681640625
0.0427360534667969 -0.0700607299804688 -0.0798339843749999 -1.02862548828125
-0.0125160217285156 -0.0157375335693359 1.07989501953125 -0.6131591796875
-0.0702857971191406 -0.0181236267089844 1.339111328125 0.6258544921875
-0.027069091796875 -0.0540122985839844 0.32696533203125 0.9818115234375
0.00548171997070313 -0.0421600341796875 0.102699279785156 0.130325317382813
-0.00759506225585938 -0.02587890625 -0.0906982421875 -1.01727294921875
-0.00771522521972656 -0.0326747894287109 -1.230224609375 -0.89404296875
-0.00791168212890625 -0.0544700622558594 -1.24951171875 0.6136474609375
-0.00963592529296876 -0.0818405151367188 -0.037109375 1.15576171875
0.00160598754882812 -0.0601310729980469 0.54180908203125 0.5999755859375
0.000228881835937502 -0.0190219879150391 0.417083740234375 -0.193084716796875
-0.0187206268310547 -0.0190391540527344 0.05126953125 -0.53082275390625
-0.0542411804199219 -0.0399703979492188 -0.047637939453125 0.471923828125
-0.00188446044921875 -0.0626029968261719 -0.450286865234375 0.25897216796875
0.00305938720703125 -0.0456199645996094 -0.6455078125 -0.403076171875
0.0384025573730469 -0.0537872314453125 -0.1270751953125 -1.01953125
-0.0181083679199219 -0.00656890869140625 1.05133056640625 -0.650634765625
-0.071441650390625 -0.01666259765625 1.367431640625 0.5672607421875
-0.0212173461914063 -0.0511054992675781 0.36834716796875 0.965087890625
0.0118427276611328 -0.0347652435302734 0.118972778320313 0.135711669921875
-0.00111007690429687 -0.0223217010498047 -0.04644775390625 -1.029541015625
-0.00624656677246094 -0.0318355560302734 -1.192138671875 -0.9576416015625
-0.0115966796875 -0.0459060668945313 -1.2808837890625 0.5635986328125
-0.00922012329101562 -0.0648460388183594 -0.0882568359375 1.16357421875
0.00214385986328125 -0.046112060546875 0.50762939453125 0.62689208984375
0.00134468078613281 -0.0173578262329102 0.40618896484375 -0.17657470703125
-0.0151634216308594 -0.0223217010498047 0.04925537109375 -0.528289794921875
0.005157470703125 -0.0378608703613281 -0.028961181640625 0.461578369140625
0.0336685180664062 -0.035400390625 -0.389312744140625 0.1790771484375
0.0280094146728516 0.0304985046386719 -0.50433349609375 -0.54559326171875
0.00435638427734375 0.0485038757324219 0.1126708984375 -1.077392578125
-0.0590362548828125 0.05230712890625 1.197265625 -0.4515380859375
-0.0431556701660156 -0.0310478210449219 1.2508544921875 0.84521484375
0.0472145080566406 -0.0539970397949219 0.18505859375 1.03167724609375
0.0812301635742188 -0.0138473510742188 0.0534210205078125 0.09478759765625
0.0624351501464844 -0.0327301025390625 -0.234619140625 -0.99005126953125
0.0031585693359375 -0.0341377258300781 -1.350341796875 -0.6829833984375
-0.0539360046386719 0.0210304260253906 -1.12646484375 0.791748046875
-0.0342750549316406 0.0414505004882813 0.15460205078125 1.11224365234375
0.00456619262695313 0.0259323120117188 0.66046142578125 0.4742431640625
0.0324897766113281 0.00839424133300781 0.46368408203125 -0.264373779296875
0.0404090881347656 -0.0204963684082031 0.081512451171875 -0.540069580078125
-0.00996971130371094 -0.0333938598632813 -0.02734375 0.46368408203125
0.0300407409667969 -0.0442123413085938 -0.38629150390625 0.1829833984375
0.0273399353027344 0.000568389892578125 -0.4970703125 -0.54534912109375
0.0160789489746094 0.0152349472045898 0.13128662109375 -1.07098388671875
-0.0474090576171875 0.0360183715820313 1.201416015625 -0.4354248046875
-0.0468597412109375 -0.0303001403808594 1.2362060546875 0.8697509765625
0.0323486328125 -0.0572433471679688 0.170654296875 1.04351806640625
0.064697265625 -0.0257186889648437 0.0492782592773438 0.0976104736328125
0.0460281372070312 -0.0339317321777344 -0.2501220703125 -0.986572265625
-0.000890731811523439 -0.0337772369384766 -1.36279296875 -0.66796875
-0.0459823608398437 0.00183486938476563 -1.115966796875 0.80389404296875
-0.0334796905517578 0.00894546508789062 0.1676025390625 1.107421875
0.00315046310424805 0.00272846221923828 0.67022705078125 0.46612548828125
0.0262527465820312 0.000959396362304687 0.463836669921875 -0.27093505859375
0.0266704559326172 -0.0144996643066406 0.069610595703125 -0.5462646484375
-0.0257396697998047 -0.0337772369384766 -0.0284423828125 0.46453857421875
0.0242271423339844 -0.05389404296875 -0.390533447265625 0.19097900390625
0.0255393981933594 -0.0299282073974609 -0.5042724609375 -0.534210205078125
0.0276031494140625 -0.0180931091308594 0.116455078125 -1.0701904296875
-0.0338611602783203 0.0188045501708984 1.195556640625 -0.447265625
-0.0514755249023437 -0.0288619995117188 1.238037109375 0.856689453125
0.0143470764160156 -0.0593681335449219 0.177001953125 1.0400390625
0.0450439453125 -0.0353584289550781 0.050567626953125 0.100883483886719
0.0282554626464844 -0.0322341918945312 -0.24676513671875 -0.98291015625
-0.00295066833496094 -0.0344352722167969 -1.354736328125 -0.6693115234375
-0.0357704162597656 -0.0189743041992188 -1.11627197265625 0.79864501953125
-0.0304965972900391 -0.0237483978271484 0.1651611328125 1.1103515625
-0.000684738159179689 -0.0221099853515625 0.6669921875 0.47393798828125
0.0186939239501953 -0.00495147705078125 0.462493896484375 -0.267913818359375
0.0114364624023438 -0.0123567581176758 0.06646728515625 -0.545379638671875
-0.039398193359375 -0.0322952270507813 -0.032989501953125 0.467315673828125
0.0163192749023437 -0.0604743957519531 -0.399017333984375 0.203643798828125
0.0211219787597656 -0.054412841796875 -0.528076171875 -0.51513671875
0.0385856628417969 -0.0479660034179688 0.0792236328124999 -1.06231689453125
-0.0219478607177734 0.00308990478515625 1.1766357421875 -0.4793701171875
-0.0580978393554687 -0.0252914428710938 1.2564697265625 0.8189697265625
-0.00511550903320313 -0.0600509643554688 0.1988525390625 1.03631591796875
0.0279960632324219 -0.0422897338867188 0.0589370727539063 0.107009887695313
0.0116863250732422 -0.0320243835449219 -0.227294921875 -0.98736572265625
-0.00602912902832031 -0.0339126586914063 -1.34326171875 -0.7032470703125
-0.0264739990234375 -0.0380172729492188 -1.13671875 0.7724609375
-0.0278434753417969 -0.0546798706054687 0.133544921875 1.12078857421875
-0.00208282470703125 -0.0432205200195313 0.64788818359375 0.49798583984375
0.0110235214233398 -0.0111532211303711 0.455474853515625 -0.25439453125
-0.00192070007324219 -0.0118274688720703 0.063140869140625 -0.544464111328125
-0.0524635314941406 -0.0332069396972656 -0.03741455078125 0.469696044921875
0.00867080688476563 -0.065887451171875 -0.411712646484375 0.217498779296875
0.0156936645507813 -0.0684127807617187 -0.555389404296875 -0.489715576171875
0.0439872741699219 -0.0687370300292969 0.03277587890625 -1.0572509765625
-0.0152683258056641 -0.00994586944580078 1.1546630859375 -0.5186767578125
-0.0645751953125 -0.0224189758300781 1.28173828125 0.7674560546875
-0.0181732177734375 -0.0599784851074219 0.23529052734375 1.02410888671875
0.0118217468261719 -0.0467414855957031 0.071929931640625 0.116226196289063
-0.000619888305664064 -0.0296611785888672 -0.18701171875 -0.99871826171875
-0.00698661804199219 -0.0339088439941406 -1.3150634765625 -0.76318359375
-0.0161666870117188 -0.0508880615234375 -1.17578125 0.7293701171875
-0.0213546752929687 -0.0761184692382813 0.0860595703124999 1.1378173828125
-0.00194931030273438 -0.0577354431152344 0.6217041015625 0.5306396484375
0.00502490997314453 -0.0149812698364258 0.443695068359375 -0.236083984375
-0.0130577087402344 -0.0126791000366211 0.05706787109375 -0.54266357421875
-0.0591850280761719 -0.0339317321777344 -0.04022216796875 0.470703125
0.00218963623046876 -0.0674667358398438 -0.427337646484375 0.2352294921875
0.00811004638671875 -0.0719375610351563 -0.58880615234375 -0.4595947265625
0.0452880859375 -0.0770111083984375 -0.0258178710937501 -1.04766845703125
-0.0122709274291992 -0.0149526596069336 1.12255859375 -0.57049560546875
-0.06854248046875 -0.0201759338378906 1.317626953125 0.69921875
-0.0266532897949219 -0.0572319030761719 0.28076171875 1.0087890625
0.00690841674804687 -0.0470848083496094 0.0889816284179688 0.12445068359375
-0.00746345520019531 -0.0283565521240234 -0.1414794921875 -1.010986328125
-0.00836944580078125 -0.0332851409912109 -1.2808837890625 -0.8306884765625
-0.0111846923828125 -0.0566062927246094 -1.21484375 0.6793212890625
-0.0149765014648438 -0.08673095703125 0.028564453125 1.1522216796875
0.00011444091796875 -0.0652351379394531 0.58538818359375 0.56768798828125
0.00179672241210938 -0.0198345184326172 0.432403564453125 -0.213958740234375
-0.0185451507568359 -0.0155601501464844 0.050201416015625 -0.538909912109375
-0.059906005859375 -0.0365676879882813 -0.04595947265625 0.47467041015625
-0.00342559814453125 -0.0662307739257813 -0.43878173828125 0.249237060546875
0.00458908081054688 -0.0638847351074219 -0.6246337890625 -0.4278564453125
0.0421981811523437 -0.0718307495117188 -0.08563232421875 -1.035400390625
-0.013768196105957 -0.0155925750732422 1.0855712890625 -0.61962890625
-0.0708084106445313 -0.017547607421875 1.349609375 0.624267578125
-0.028289794921875 -0.053955078125 0.3314208984375 0.98834228515625
0.00600051879882812 -0.0419158935546875 0.105720520019531 0.130836486816406
-0.00721931457519531 -0.0249595642089844 -0.0922241210937501 -1.02288818359375
-0.00729179382324219 -0.0332183837890625 -1.240234375 -0.897705078125
-0.0091552734375 -0.0542144775390625 -1.2542724609375 0.6246337890625
-0.0109176635742188 -0.0826644897460937 -0.0321044921875001 1.1669921875
0.00149154663085937 -0.0609550476074219 0.54730224609375 0.6036376953125
0.000453948974609375 -0.0214996337890625 0.419708251953125 -0.195953369140625
-0.0199775695800781 -0.0196800231933594 0.049163818359375 -0.5361328125
-0.0561180114746094 -0.0390090942382813 -0.04620361328125 0.474365234375
-0.00300979614257813 -0.0643463134765625 -0.450775146484375 0.262237548828125
0.00346755981445312 -0.0463905334472656 -0.65142822265625 -0.40087890625
0.037689208984375 -0.05438232421875 -0.13287353515625 -1.02581787109375
-0.0186595916748047 -0.0060577392578125 1.05438232421875 -0.66009521484375
-0.0720748901367188 -0.0161972045898438 1.37451171875 0.564697265625
-0.0221977233886719 -0.0520057678222656 0.37139892578125 0.96905517578125
0.0115547180175781 -0.0346107482910156 0.120872497558594 0.136802673339844
-0.00193977355957031 -0.0229148864746094 -0.04754638671875 -1.03497314453125
-0.006317138671875 -0.0334854125976563 -1.2041015625 -0.9613037109375
-0.0111503601074219 -0.046417236328125 -1.2880859375 0.57470703125
-0.0103340148925781 -0.0656051635742188 -0.0836181640625001 1.17431640625
0.00383377075195312 -0.0454673767089844 0.51336669921875 0.63043212890625
0.00130271911621094 -0.017669677734375 0.407440185546875 -0.17926025390625
-0.0145645141601563 -0.0230350494384766 0.04534912109375 -0.531646728515625
0.00398635864257812 -0.0369987487792969 -0.026458740234375 0.463958740234375
0.03173828125 -0.0361518859863281 -0.3902587890625 0.18389892578125
0.0292434692382813 0.0293598175048828 -0.510833740234375 -0.546478271484375
0.00506973266601562 0.0482368469238281 0.10784912109375 -1.0830078125
-0.0601692199707031 0.0543708801269531 1.20263671875 -0.46142578125
-0.0426368713378906 -0.0302352905273437 1.259033203125 0.845703125
0.0472335815429688 -0.054351806640625 0.19085693359375 1.03759765625
0.081787109375 -0.0151901245117188 0.055419921875 0.095977783203125
0.0626106262207031 -0.0333976745605469 -0.23785400390625 -0.9932861328125
0.00342178344726563 -0.0355606079101563 -1.3634033203125 -0.682861328125
-0.0540199279785156 0.0219268798828125 -1.1285400390625 0.80517578125
-0.0350112915039062 0.0425300598144531 0.16180419921875 1.121337890625
0.00531005859375 0.0274715423583984 0.66864013671875 0.47509765625
0.0334110260009766 0.0069122314453125 0.46575927734375 -0.26861572265625
0.0412826538085938 -0.0204277038574219 0.0761718749999999 -0.545745849609375
-0.0110321044921875 -0.0339336395263672 -0.023773193359375 0.4669189453125
0.0284919738769531 -0.0461311340332031 -0.388275146484375 0.18621826171875
0.0275554656982422 -0.000713348388671875 -0.504180908203125 -0.545257568359375
0.0152969360351563 0.014277458190918 0.12408447265625 -1.07928466796875
-0.048309326171875 0.0362396240234375 1.2060546875 -0.442626953125
-0.0478286743164063 -0.0304222106933594 1.24755859375 0.870849609375
0.0309715270996094 -0.0586395263671875 0.17462158203125 1.04937744140625
0.0650253295898438 -0.0261154174804688 0.0513839721679688 0.098419189453125
0.0470390319824219 -0.0346870422363281 -0.255615234375 -0.991455078125
0.000373840332031251 -0.0341243743896484 -1.37158203125 -0.6668701171875
-0.0453720092773438 0.00287628173828124 -1.1190185546875 0.81463623046875
-0.0341262817382813 0.00909233093261719 0.17578125 1.11553955078125
0.00284767150878906 0.00197124481201172 0.67755126953125 0.46661376953125
0.0274143218994141 -0.000658035278320313 0.464111328125 -0.27374267578125
0.0272884368896484 -0.0151233673095703 0.0668640136718751 -0.549652099609375
-0.0257568359375 -0.0328102111816406 -0.0247802734374999 0.4678955078125
0.0235137939453125 -0.0540733337402344 -0.390777587890625 0.1925048828125
0.0248889923095703 -0.0305747985839844 -0.509521484375 -0.534912109375
0.0271778106689453 -0.0187778472900391 0.1092529296875 -1.0755615234375
-0.0350475311279297 0.019500732421875 1.2020263671875 -0.4559326171875
-0.052459716796875 -0.0279808044433594 1.2491455078125 0.8546142578125
0.0118980407714844 -0.0600814819335938 0.1812744140625 1.04736328125
0.0452079772949219 -0.0357551574707031 0.0518646240234375 0.101509094238281
0.0279769897460938 -0.0329189300537109 -0.2515869140625 -0.9857177734375
-0.0035552978515625 -0.035369873046875 -1.369873046875 -0.6656494140625
-0.0360336303710938 -0.0176124572753906 -1.12042236328125 0.810302734375
-0.0306949615478516 -0.0246315002441406 0.1732177734375 1.1173095703125
-0.000520706176757815 -0.021087646484375 0.675537109375 0.47259521484375
0.0193271636962891 -0.00608634948730469 0.462554931640625 -0.27178955078125
0.0117483139038086 -0.0127391815185547 0.06341552734375 -0.549560546875
-0.0420722961425781 -0.0317611694335937 -0.0281677246093751 0.470489501953125
0.0154342651367188 -0.0610923767089844 -0.400482177734375 0.206787109375
0.0213661193847656 -0.0555152893066406 -0.53338623046875 -0.513580322265625
0.0371246337890625 -0.0492782592773438 0.0747680664062499 -1.06951904296875
-0.0235614776611328 0.00369834899902344 1.1832275390625 -0.486572265625
-0.0592155456542969 -0.0250587463378906 1.2650146484375 0.82080078125
-0.00568389892578125 -0.060272216796875 0.20416259765625 1.04205322265625
0.0278434753417969 -0.043365478515625 0.0612030029296875 0.108421325683594
0.01202392578125 -0.0320091247558594 -0.2293701171875 -0.9920654296875
-0.00453376770019531 -0.0343685150146484 -1.35205078125 -0.7021484375
-0.0268173217773437 -0.0377159118652344 -1.1409912109375 0.785400390625
-0.0282783508300781 -0.0542564392089844 0.1414794921875 1.1309814453125
-0.0021820068359375 -0.043670654296875 0.6568603515625 0.498291015625
0.0118303298950195 -0.0128965377807617 0.45477294921875 -0.259368896484375
-0.00212574005126953 -0.0129327774047852 0.0584716796875 -0.548797607421875
-0.0529556274414063 -0.0324325561523438 -0.0340576171875 0.473724365234375
0.00806427001953126 -0.0667228698730469 -0.41302490234375 0.22216796875
0.0161209106445313 -0.0693740844726563 -0.56182861328125 -0.4893798828125
0.0442886352539062 -0.0692558288574219 0.02593994140625 -1.0634765625
-0.016301155090332 -0.00857353210449219 1.159912109375 -0.5281982421875
-0.0656280517578125 -0.0224761962890625 1.2928466796875 0.7642822265625
-0.02020263671875 -0.0602874755859375 0.2374267578125 1.0306396484375
0.01324462890625 -0.0472679138183594 0.0742721557617188 0.116325378417969
-0.000507354736328123 -0.0309219360351563 -0.1883544921875 -1.00506591796875
-0.00713729858398438 -0.033935546875 -1.32666015625 -0.7603759765625
-0.0179328918457031 -0.0515174865722656 -1.179931640625 0.741455078125
-0.0225677490234375 -0.0766448974609375 0.0932617187500001 1.1458740234375
-0.00244903564453125 -0.0583229064941406 0.62799072265625 0.53228759765625
0.00446414947509765 -0.0170192718505859 0.44525146484375 -0.239227294921875
-0.014068603515625 -0.0131006240844727 0.0539855957031251 -0.54754638671875
-0.0601272583007812 -0.0325889587402344 -0.038116455078125 0.47625732421875
0.00151443481445312 -0.0691680908203125 -0.42742919921875 0.238800048828125
0.009857177734375 -0.0731887817382813 -0.5970458984375 -0.4566650390625
0.0444488525390625 -0.07843017578125 -0.0326538085937499 -1.0538330078125
-0.0130586624145508 -0.014063835144043 1.1259765625 -0.5782470703125
-0.0696449279785156 -0.0199546813964844 1.32568359375 0.696533203125
-0.0285263061523437 -0.0580596923828125 0.2847900390625 1.01641845703125
0.005279541015625 -0.0467948913574219 0.0922164916992188 0.124832153320313
-0.00793075561523438 -0.0284633636474609 -0.14434814453125 -1.0172119140625
-0.00720024108886718 -0.0343074798583984 -1.2926025390625 -0.8297119140625
-0.0109481811523438 -0.0569801330566406 -1.2213134765625 0.6912841796875
-0.0173797607421875 -0.0865554809570313 0.0350341796874999 1.16162109375
-0.00104141235351563 -0.0650711059570313 0.59393310546875 0.56951904296875
0.00162696838378906 -0.0201663970947266 0.433807373046875 -0.2200927734375
-0.0195140838623047 -0.0164775848388672 0.048187255859375 -0.5435791015625
-0.0615692138671875 -0.0349998474121094 -0.041839599609375 0.477142333984375
-0.00378036499023437 -0.0678443908691406 -0.440673828125 0.255340576171875
0.00462341308593749 -0.0647850036621094 -0.63104248046875 -0.4256591796875
0.0416030883789063 -0.0730514526367188 -0.09356689453125 -1.03961181640625
-0.0151128768920898 -0.0139875411987305 1.089111328125 -0.6300048828125
-0.071746826171875 -0.0173568725585938 1.359375 0.6231689453125
-0.0291938781738281 -0.0551109313964844 0.33551025390625 0.994140625
0.00463104248046875 -0.0435295104980469 0.107635498046875 0.131706237792969
-0.00836753845214844 -0.0251865386962891 -0.095947265625 -1.0284423828125
-0.00693130493164063 -0.0328273773193359 -1.250732421875 -0.8973388671875
-0.00896453857421875 -0.0550994873046875 -1.261962890625 0.6361083984375
-0.0124588012695312 -0.0822982788085938 -0.0225830078125 1.175537109375
0.00151824951171876 -0.0621452331542969 0.55670166015625 0.605224609375
0.000192642211914062 -0.0210399627685547 0.420257568359375 -0.200286865234375
-0.019805908203125 -0.0198574066162109 0.0475158691406249 -0.540008544921875
-0.0575447082519531 -0.0377120971679688 -0.04315185546875 0.477264404296875
-0.00435638427734375 -0.06500244140625 -0.45208740234375 0.26708984375
0.00268936157226562 -0.0473518371582031 -0.65887451171875 -0.40167236328125
0.0376663208007813 -0.0559234619140625 -0.140380859375 -1.02984619140625
-0.0193576812744141 -0.00480461120605469 1.0587158203125 -0.66900634765625
-0.073089599609375 -0.015899658203125 1.3851318359375 0.5609130859375
-0.024139404296875 -0.0528678894042969 0.3768310546875 0.97467041015625
0.0118026733398438 -0.0343151092529297 0.122825622558594 0.137260437011719
-0.000364303588867188 -0.0232467651367188 -0.05047607421875 -1.0428466796875
-0.00571250915527343 -0.0330085754394531 -1.2152099609375 -0.9603271484375
-0.0122756958007812 -0.0462875366210938 -1.2958984375 0.5855712890625
-0.0109596252441406 -0.0661239624023438 -0.07470703125 1.183837890625
0.00274658203125 -0.0460472106933594 0.521728515625 0.6319580078125
0.0019073486328125 -0.0191669464111328 0.40875244140625 -0.18414306640625
-0.0149269104003906 -0.0244178771972656 0.04425048828125 -0.537078857421875
0.00225830078125 -0.0372352600097656 -0.02294921875 0.466766357421875
0.0322227478027344 -0.0375785827636719 -0.389007568359375 0.18634033203125
0.0305023193359375 0.0285968780517578 -0.518310546875 -0.545501708984375
0.00498580932617187 0.0487823486328125 0.100341796875 -1.09002685546875
-0.0598640441894531 0.0553359985351562 1.2076416015625 -0.4696044921875
-0.0443916320800781 -0.0312767028808594 1.271484375 0.8424072265625
0.0457572937011719 -0.0561485290527344 0.1956787109375 1.04168701171875
0.0820999145507812 -0.0163803100585937 0.05712890625 0.0968704223632813
0.0629043579101562 -0.0347213745117188 -0.24554443359375 -1.00006103515625
0.0034637451171875 -0.0347423553466797 -1.3775634765625 -0.6778564453125
-0.0544204711914063 0.0221900939941406 -1.1312255859375 0.81787109375
-0.0351676940917969 0.0441131591796875 0.1727294921875 1.1292724609375
0.00584793090820312 0.0268192291259766 0.67889404296875 0.475341796875
0.0350933074951172 0.0055694580078125 0.466033935546875 -0.274749755859375
0.0413551330566406 -0.0211181640625 0.073638916015625 -0.550048828125
-0.0114345550537109 -0.0331707000732422 -0.021484375 0.470550537109375
0.0285453796386719 -0.0463981628417969 -0.38653564453125 0.19000244140625
0.0275897979736328 -0.00069427490234375 -0.51153564453125 -0.544586181640625
0.0145444869995117 0.0136251449584961 0.11663818359375 -1.08807373046875
-0.0483894348144531 0.038909912109375 1.2120361328125 -0.4525146484375
-0.0471916198730469 -0.03057861328125 1.257568359375 0.86767578125
0.0302352905273437 -0.0590629577636719 0.18133544921875 1.05499267578125
0.0659866333007813 -0.0269393920898438 0.0525665283203125 0.0993118286132813
0.0473251342773438 -0.0355262756347656 -0.2606201171875 -0.9967041015625
0.000221252441406249 -0.0346889495849609 -1.3876953125 -0.663330078125
-0.0466690063476563 0.00351715087890625 -1.11981201171875 0.82891845703125
-0.0340938568115234 0.01055908203125 0.1873779296875 1.12176513671875
0.00362038612365723 0.00258731842041016 0.68695068359375 0.465576171875
0.0279560089111328 0.000213623046875 0.465667724609375 -0.27996826171875
0.0269908905029297 -0.0165386199951172 0.061492919921875 -0.554168701171875
-0.0274772644042969 -0.0319614410400391 -0.021026611328125 0.47137451171875
0.0218505859375 -0.0553474426269531 -0.39031982421875 0.198272705078125
0.0259017944335938 -0.0319290161132813 -0.5186767578125 -0.534759521484375
0.0274143218994141 -0.0202007293701172 0.10113525390625 -1.08465576171875
-0.03594970703125 0.0218009948730469 1.2056884765625 -0.4638671875
-0.0538978576660156 -0.0288581848144531 1.261474609375 0.85107421875
0.0108489990234375 -0.0611915588378906 0.1868896484375 1.0513916015625
0.0452995300292969 -0.0369453430175781 0.0550460815429687 0.102622985839844
0.0280570983886719 -0.0349597930908203 -0.2567138671875 -0.9920654296875
-0.00325775146484375 -0.0345458984375 -1.3804931640625 -0.6619873046875
-0.03668212890625 -0.0170021057128906 -1.1219482421875 0.82464599609375
-0.0328788757324219 -0.0236797332763672 0.18310546875 1.12353515625
0.000415802001953124 -0.0219383239746094 0.68353271484375 0.47467041015625
0.0196285247802734 -0.00619316101074219 0.462432861328125 -0.27728271484375
0.0115489959716797 -0.0129985809326172 0.0594482421875 -0.554534912109375
-0.0432052612304688 -0.0311470031738281 -0.023529052734375 0.473541259765625
0.013519287109375 -0.0620346069335937 -0.39959716796875 0.211669921875
0.0210685729980469 -0.0562362670898438 -0.539154052734375 -0.511993408203125
0.037994384765625 -0.0499916076660156 0.0661010742187499 -1.0767822265625
-0.0237255096435547 0.00475311279296875 1.1865234375 -0.4967041015625
-0.0584907531738281 -0.0255355834960938 1.2799072265625 0.8182373046875
-0.00668716430664062 -0.0614547729492188 0.2080078125 1.0478515625
0.0272865295410156 -0.0429306030273438 0.0632247924804688 0.109344482421875
0.0115413665771484 -0.0327911376953125 -0.234619140625 -0.99755859375
-0.00554084777832032 -0.0349540710449219 -1.3641357421875 -0.69970703125
-0.0261306762695312 -0.0372390747070313 -1.14404296875 0.7972412109375
-0.0294189453125 -0.0543441772460938 0.1527099609375 1.137451171875
-0.00334930419921875 -0.0425453186035156 0.66534423828125 0.49871826171875
0.0122509002685547 -0.0123958587646484 0.456024169921875 -0.264007568359375
-0.00200176239013672 -0.0127029418945313 0.05419921875 -0.553955078125
-0.055908203125 -0.0305938720703125 -0.0316772460937501 0.47515869140625
0.00567245483398437 -0.0669021606445313 -0.41168212890625 0.226715087890625
0.0149459838867188 -0.0710678100585938 -0.57122802734375 -0.48846435546875
0.043792724609375 -0.0704574584960937 0.018798828125 -1.0716552734375
-0.0170478820800781 -0.00764751434326172 1.1639404296875 -0.538818359375
-0.0646705627441406 -0.0233535766601563 1.3021240234375 0.760498046875
-0.0215911865234375 -0.0604782104492188 0.24456787109375 1.03765869140625
0.0138053894042969 -0.0475234985351562 0.0763168334960937 0.117713928222656
-0.000905990600585934 -0.0304069519042969 -0.19384765625 -1.0084228515625
-0.006805419921875 -0.0354118347167969 -1.3409423828125 -0.7589111328125
-0.0171051025390625 -0.0512504577636719 -1.1817626953125 0.755126953125
-0.0241241455078125 -0.076812744140625 0.1036376953125 1.1524658203125
-0.00244140625 -0.0592384338378906 0.638671875 0.532470703125
0.00500583648681641 -0.0168495178222656 0.44580078125 -0.245941162109375
-0.0137319564819336 -0.0147495269775391 0.04937744140625 -0.550933837890625
-0.06207275390625 -0.0309867858886719 -0.034454345703125 0.47882080078125
-0.000595092773437493 -0.0696144104003906 -0.427459716796875 0.243927001953125
0.0084228515625 -0.0741195678710938 -0.60479736328125 -0.4566650390625
0.0447998046875 -0.0792083740234375 -0.0397949218749999 -1.05975341796875
-0.0141716003417969 -0.013524055480957 1.1292724609375 -0.58984375
-0.0707015991210938 -0.0196456909179688 1.337158203125 0.6934814453125
-0.0298805236816406 -0.0591697692871094 0.29302978515625 1.02142333984375
0.00590896606445312 -0.0472564697265625 0.0935287475585938 0.125457763671875
-0.00740242004394531 -0.0287113189697266 -0.147705078125 -1.02215576171875
-0.00810050964355468 -0.033477783203125 -1.30517578125 -0.826416015625
-0.0108070373535156 -0.05609130859375 -1.2237548828125 0.703369140625
-0.0184402465820312 -0.0869293212890625 0.0454101562499999 1.1727294921875
2.28881835937555E-05 -0.0647087097167969 0.60333251953125 0.56964111328125
0.00124359130859375 -0.0227546691894531 0.43212890625 -0.224334716796875
-0.020263671875 -0.0166378021240234 0.04229736328125 -0.548248291015625
-0.0639724731445313 -0.0354957580566406 -0.038330078125 0.47955322265625
-0.00494384765625 -0.0683555603027344 -0.43994140625 0.260833740234375
0.00353622436523437 -0.0649795532226563 -0.638427734375 -0.42230224609375
0.0409927368164063 -0.0745468139648438 -0.101806640625 -1.046630859375
-0.0151777267456055 -0.0125408172607422 1.09283447265625 -0.640625
-0.0724105834960938 -0.0165557861328125 1.369140625 0.6181640625
-0.0320091247558594 -0.055023193359375 0.34222412109375 0.99798583984375
0.00513458251953125 -0.04339599609375 0.11163330078125 0.132377624511719
-0.00806045532226563 -0.0253925323486328 -0.1005859375 -1.03704833984375
-0.00735664367675781 -0.0334625244140625 -1.2666015625 -0.8975830078125
-0.0105018615722656 -0.0558052062988281 -1.2681884765625 0.6466064453125
-0.0127639770507813 -0.0824661254882812 -0.01513671875 1.1859130859375
0.00229263305664063 -0.0608978271484375 0.5654296875 0.60650634765625
0.00109291076660156 -0.0226154327392578 0.421173095703125 -0.202667236328125
-0.0205001831054687 -0.0204963684082031 0.040802001953125 -0.543914794921875
-0.0585250854492188 -0.0382232666015625 -0.04010009765625 0.482757568359375
-0.0060882568359375 -0.0649604797363281 -0.453094482421875 0.2728271484375
0.00292587280273438 -0.0477867126464844 -0.66802978515625 -0.3968505859375
0.0373001098632812 -0.0573272705078125 -0.14996337890625 -1.0347900390625
-0.0203666687011719 -0.00367355346679688 1.0594482421875 -0.68035888671875
-0.0740814208984375 -0.015350341796875 1.3975830078125 0.5545654296875
-0.0249214172363281 -0.0537986755371094 0.383544921875 0.978515625
0.0113754272460938 -0.0354499816894531 0.126144409179688 0.136215209960938
-0.00100517272949219 -0.0232143402099609 -0.0556030273437499 -1.04754638671875
-0.0057525634765625 -0.0339088439941406 -1.2315673828125 -0.960205078125
-0.0135879516601562 -0.0466957092285156 -1.2999267578125 0.5982666015625
-0.0123558044433594 -0.0652732849121094 -0.0684814453125 1.193359375
0.00202178955078125 -0.0463104248046875 0.5308837890625 0.63397216796875
0.00352096557617188 -0.0201168060302734 0.41064453125 -0.187347412109375
-0.0165443420410156 -0.0253658294677734 0.038238525390625 -0.54132080078125
0.00107955932617187 -0.0364990234375 -0.01904296875 0.47259521484375
0.0316429138183594 -0.0388870239257813 -0.39007568359375 0.19158935546875
0.0302600860595703 0.0272140502929688 -0.52734375 -0.545257568359375
0.00449752807617187 0.0479888916015625 0.0925903320312499 -1.0985107421875
-0.0611419677734375 0.0574913024902344 1.209716796875 -0.4788818359375
-0.0445060729980469 -0.0316925048828125 1.2835693359375 0.8369140625
0.0454673767089844 -0.0571098327636719 0.20172119140625 1.04827880859375
0.0832290649414062 -0.017730712890625 0.0594329833984375 0.0976104736328125
0.0630950927734375 -0.0359458923339844 -0.25201416015625 -1.00506591796875
0.00397872924804688 -0.035919189453125 -1.3912353515625 -0.6705322265625
-0.0543098449707031 0.0239181518554687 -1.131591796875 0.8333740234375
-0.0350189208984375 0.0449447631835938 0.1845703125 1.1375732421875
0.00661277770996094 0.0257358551025391 0.6883544921875 0.47235107421875
0.0371475219726563 0.00571441650390625 0.46600341796875 -0.280426025390625
0.0412521362304688 -0.0221672058105469 0.0684814453125 -0.55511474609375
-0.0140151977539062 -0.0326805114746094 -0.0174560546875 0.4722900390625
0.0273895263671875 -0.0477218627929688 -0.386871337890625 0.194732666015625
0.0278778076171875 -0.00273895263671875 -0.51995849609375 -0.54437255859375
0.0152664184570312 0.0141477584838867 0.108642578125 -1.09368896484375
-0.0497894287109375 0.0399360656738281 1.218017578125 -0.4630126953125
-0.0483322143554688 -0.03070068359375 1.2718505859375 0.86376953125
0.0302085876464844 -0.0605010986328125 0.18798828125 1.06219482421875
0.0658988952636719 -0.0275459289550781 0.0551681518554688 0.0999984741210938
0.0463752746582031 -0.0360641479492188 -0.26708984375 -1.0006103515625
0.000873565673828128 -0.0353050231933594 -1.398681640625 -0.65673828125
-0.0458641052246094 0.00363540649414063 -1.121826171875 0.84613037109375
-0.0345916748046875 0.0110378265380859 0.1959228515625 1.13037109375
0.00475025177001953 0.00280618667602539 0.697998046875 0.46392822265625
0.0290889739990234 -0.00238990783691406 0.4659423828125 -0.287445068359375
0.0268383026123047 -0.0166435241699219 0.058013916015625 -0.55926513671875
-0.0297641754150391 -0.0307655334472656 -0.017547607421875 0.474365234375
0.0206069946289063 -0.0564346313476563 -0.39111328125 0.203887939453125
0.0252113342285156 -0.0318946838378906 -0.52593994140625 -0.532470703125
0.027130126953125 -0.0210647583007812 0.0928955078124999 -1.09130859375
-0.0357246398925781 0.0230140686035156 1.2108154296875 -0.474365234375
-0.0535926818847656 -0.0272750854492188 1.275146484375 0.84716796875
0.00946807861328125 -0.0619583129882813 0.1932373046875 1.0595703125
0.0457839965820313 -0.0367927551269531 0.0564727783203125 0.103256225585938
0.0283241271972656 -0.0349845886230469 -0.2640380859375 -0.99810791015625
-0.00199127197265625 -0.0357513427734375 -1.3944091796875 -0.6583251953125
-0.0371131896972656 -0.0175361633300781 -1.12255859375 0.84222412109375
-0.0334377288818359 -0.0231513977050781 0.193115234375 1.13330078125
0.000852584838867188 -0.0222854614257813 0.6937255859375 0.4722900390625
0.0201683044433594 -0.00747489929199219 0.462860107421875 -0.2833251953125
0.0133132934570312 -0.0147247314453125 0.0545654296875 -0.55889892578125
-0.0441360473632812 -0.028717041015625 -0.02008056640625 0.477264404296875
0.0130386352539063 -0.0642471313476562 -0.4002685546875 0.218048095703125
0.0200080871582031 -0.0571746826171875 -0.547882080078125 -0.511749267578125
0.0373802185058594 -0.0516815185546875 0.0586547851562499 -1.0850830078125
-0.0250930786132813 0.00629234313964843 1.191650390625 -0.5081787109375
-0.0598220825195313 -0.023773193359375 1.291015625 0.813232421875
-0.007904052734375 -0.0620307922363281 0.2142333984375 1.05340576171875
0.0271110534667969 -0.0432243347167969 0.06427001953125 0.11053466796875
0.0111198425292969 -0.0333995819091797 -0.24114990234375 -1.00274658203125
-0.00555038452148438 -0.0354118347167969 -1.381591796875 -0.695556640625
-0.0278472900390625 -0.037506103515625 -1.146484375 0.8121337890625
-0.0296821594238281 -0.0539741516113281 0.163330078125 1.14501953125
-0.0018463134765625 -0.0436515808105469 0.67486572265625 0.49737548828125
0.0113582611083984 -0.0146331787109375 0.45703125 -0.270538330078125
-0.00189304351806641 -0.012725830078125 0.048370361328125 -0.557647705078125
-0.056671142578125 -0.0292854309082031 -0.0260009765625001 0.477996826171875
0.00499725341796875 -0.0683708190917969 -0.413299560546875 0.232940673828125
0.0152511596679688 -0.0717849731445313 -0.57757568359375 -0.48455810546875
0.0416946411132813 -0.0724868774414063 0.0111694335937501 -1.07769775390625
-0.0173196792602539 -0.00626754760742187 1.167724609375 -0.5482177734375
-0.0667572021484375 -0.0216484069824219 1.316162109375 0.757080078125
-0.0239181518554688 -0.0617027282714844 0.25189208984375 1.0423583984375
0.0136909484863281 -0.0478591918945313 0.078216552734375 0.117607116699219
-0.000568389892578124 -0.0305233001708984 -0.2001953125 -1.0166015625
-0.00778579711914063 -0.0352592468261719 -1.3541259765625 -0.754638671875
-0.0184898376464844 -0.0514678955078125 -1.182861328125 0.7694091796875
-0.0252456665039063 -0.0758514404296875 0.1170654296875 1.162353515625
-0.001678466796875 -0.0591468811035156 0.64801025390625 0.532470703125
0.00486564636230469 -0.0190238952636719 0.447174072265625 -0.249420166015625
-0.0134897232055664 -0.0140619277954102 0.0433349609375 -0.556610107421875
-0.0639266967773438 -0.031005859375 -0.028839111328125 0.48187255859375
-0.0020294189453125 -0.0715866088867187 -0.427947998046875 0.250885009765625
0.00782012939453125 -0.0753936767578125 -0.61346435546875 -0.45428466796875
0.0431747436523438 -0.0811538696289063 -0.05029296875 -1.06524658203125
-0.014643669128418 -0.0124320983886719 1.13427734375 -0.601806640625
-0.0714187622070312 -0.018402099609375 1.347412109375 0.688232421875
-0.0327072143554687 -0.0590400695800781 0.29644775390625 1.025390625
0.00539016723632813 -0.0479812622070313 0.0951156616210937 0.12542724609375
-0.00832939147949219 -0.0286846160888672 -0.1539306640625 -1.02886962890625
-0.00839805603027344 -0.0342483520507813 -1.3211669921875 -0.82373046875
-0.0121688842773438 -0.0573654174804688 -1.2274169921875 0.7178955078125
-0.0197296142578125 -0.0865631103515625 0.0552978515625 1.1805419921875
2.67028808593763E-05 -0.0658073425292969 0.61297607421875 0.56988525390625
0.000688552856445314 -0.0229434967041016 0.43408203125 -0.22882080078125
-0.0211944580078125 -0.0172252655029297 0.0380859375 -0.553192138671875
-0.0653152465820313 -0.0332221984863281 -0.03399658203125 0.482208251953125
-0.00733184814453124 -0.0701026916503906 -0.440765380859375 0.26611328125
0.00308990478515626 -0.0661582946777344 -0.64739990234375 -0.41796875
0.039794921875 -0.0757827758789063 -0.1109619140625 -1.0540771484375
-0.0163545608520508 -0.0119352340698242 1.09332275390625 -0.652587890625
-0.0733795166015625 -0.016326904296875 1.37841796875 0.61328125
-0.0322799682617187 -0.0559310913085938 0.34893798828125 1.00189208984375
0.00464248657226562 -0.0435371398925781 0.11407470703125 0.133010864257813
-0.00751495361328125 -0.0264911651611328 -0.10577392578125 -1.0426025390625
-0.00798225402832031 -0.0345649719238281 -1.281494140625 -0.8955078125
-0.0099945068359375 -0.0555343627929688 -1.2694091796875 0.662353515625
-0.0155868530273437 -0.0830612182617188 -0.00415039062500003 1.19384765625
0.00163650512695313 -0.0602989196777344 0.5753173828125 0.60675048828125
0.000801086425781252 -0.0241432189941406 0.422210693359375 -0.208160400390625
-0.0210609436035156 -0.0213146209716797 0.03558349609375 -0.549072265625
-0.0611457824707031 -0.0366859436035156 -0.0370788574218751 0.48333740234375
-0.00769805908203124 -0.0661277770996094 -0.45263671875 0.278900146484375
0.00270462036132812 -0.0489425659179687 -0.67669677734375 -0.39288330078125
0.0361251831054688 -0.0583953857421875 -0.1610107421875 -1.04022216796875
-0.0205192565917969 -0.00300788879394531 1.0628662109375 -0.68963623046875
-0.074920654296875 -0.015380859375 1.407470703125 0.54736328125
-0.0261459350585937 -0.053497314453125 0.39141845703125 0.98480224609375
0.012176513671875 -0.036376953125 0.129119873046875 0.138267517089844
-0.0010528564453125 -0.0235385894775391 -0.0596923828125 -1.0562744140625
-0.00547981262207031 -0.0340404510498047 -1.2457275390625 -0.9580078125
-0.0135421752929687 -0.0463142395019531 -1.305419921875 0.6119384765625
-0.013153076171875 -0.0669898986816406 -0.0568847656249999 1.205078125
0.00264739990234375 -0.0469932556152344 0.54119873046875 0.635498046875
0.00272178649902344 -0.0202808380126953 0.4102783203125 -0.190399169921875
-0.0156307220458984 -0.0253810882568359 0.0341491699218749 -0.54669189453125
-0.034036351869777 -0.0362019049301715 -0.413625375868793 0.239898920308808
-0.0185892344705291 -0.0282008974299151 -0.362752236577676 -0.27003177977774
0.0684735090370071 -0.00503356486584951 0.238654853856031 -0.771080565593026
0.0442788794346282 0.0591317428474042 1.0315531691068 -0.442512377852104
-0.0271429315055802 0.0656215411366619 1.08221455134479 0.863561902838531
-0.111839456282915 -0.0530330042101975 -0.212195229648178 1.50317807906834
-0.0854838375612136 -0.0746691423733899 -0.934124821427768 0.540933490672343
-0.0676919215458331 -0.0569006464357896 -0.0712503850052188 0.110795924980706
-0.072625511444941 0.0352659135495233 0.842870358907393 -0.611431132067315
0.0559378411969065 0.0363746024453243 -0.0393023459918365 -1.48869300146064
0.114638182809832 -0.00624609084626714 -1.30129952099102 -0.686010312650454
0.0547588475117609 -0.0607582295407862 -0.972769379956011 0.691119105373098
-0.0237405452026124 -0.0696368839996981 -0.032762841117669 0.823578466836793
-0.0434881857496758 -0.0190138381563421 0.457062682791468 0.277981266268259
-0.0369783877021685 0.00493834872138012 0.464116896459793 -0.262065521264246
-0.0236412250143746 -0.026115630599262 -0.413702755388077 0.240971225314364
-0.0241065021094119 -0.0186470764609463 -0.35946705385751 -0.263072617609909
0.0429268727661801 0.0145349602594933 0.249092906193838 -0.761798223646389
0.00427062278661563 0.0726129556049333 1.04409359667577 -0.416371837984249
-0.0489944630546033 0.0680896886443844 1.07192383588085 0.881651449348734
-0.106176143493836 -0.0524553280340564 -0.242833461782358 1.49995002733627
-0.0781766371602277 -0.0586851258509724 -0.94900146740034 0.527474533724204
-0.065511703127846 -0.0387462620716718 -0.0733353336103946 0.105307079309312
-0.0634617521148012 0.0490374392625817 0.833797886127666 -0.627859661118201
0.0586429533973445 0.0376961892174694 -0.0557498498653912 -1.48841074291185
0.0930132453105283 0.000571239046113052 -1.30460555496999 -0.666862441118881
0.0240349696792386 -0.0409410058187719 -0.956475223021139 0.708568642957503
-0.0391794145603882 -0.0513443840437256 -0.0197454783689712 0.82607173472361
-0.043336121067513 -0.00845283023362783 0.464609845956083 0.274375216203061
-0.025348020750339 0.0138063169251658 0.462794411893182 -0.271274653471609
-0.0143014427924739 -0.0145034767667698 -0.412512517344665 0.238921110461806
-0.025745942982727 -0.008848447251708 -0.368634847269702 -0.26393619755203
0.020324365566517 0.0315923285175648 0.242179705039306 -0.758795527447617
-0.0330311030572015 0.085280580492569 1.04054529668495 -0.423581572148735
-0.0709886749525573 0.072562770324969 1.08544111417202 0.872606458371934
-0.103630241854215 -0.0483021253929513 -0.226478361197269 1.49647971146104
-0.0693949572532744 -0.0395603418499949 -0.941965658662868 0.529776412027841
-0.0599587944517821 -0.0181569043106276 -0.074139970209182 0.107774602293502
-0.051543732945262 0.0648043389812898 0.833359879949761 -0.623490506808785
0.0597994693590184 0.0407768033509656 -0.0548667460217598 -1.48643543874837
0.0718168143289735 0.00746481077657011 -1.30137531732067 -0.669269929805445
-0.00677383587367435 -0.0234931583440641 -0.955592359428438 0.707922400078594
-0.052628412930885 -0.030595404403355 -0.0263838737397192 0.829270184043538
-0.0435370184681709 0.00189912021624257 0.461375225623442 0.272903519735919
-0.0150474924131086 0.0242923079073244 0.461604948164756 -0.275497911364716
-0.00488245319136892 -0.00136237444464088 -0.415364777257946 0.236410491700732
-0.0269293658270733 0.000573525361022328 -0.383293027843031 -0.266179649617426
0.00307275929977678 0.047980290191867 0.217833311284102 -0.766344990271558
-0.06304491051468 0.096857697970019 1.02316491810095 -0.4463707502133
-0.0881419993439048 0.0787933442701845 1.10593175002578 0.83857677655477
-0.0989013811771782 -0.0428949983982777 -0.187798773003236 1.49629992619726
-0.0614964547552393 -0.0224086879149912 -0.92440738583623 0.548061799096407
-0.0540826007908635 -0.000989628087588418 -0.0749390475953428 0.117272483869174
-0.0432789641996252 0.0782757659032333 0.850251216443726 -0.606659980344253
0.06105104297841 0.0449609110868475 -0.0157220661558106 -1.4896964346701
0.0510930976400771 0.0143761852645142 -1.2828487143925 -0.700564690120389
-0.0333061209203242 -0.00748571038887406 -0.981962749479905 0.69031575281074
-0.0639272311791574 -0.0157832241870391 -0.0559259059147298 0.828269913583179
-0.0428798092696296 0.00992916579666867 0.448032337562347 0.274598007197956
-0.00819098513372838 0.0349254191889336 0.459128197640417 -0.279515101609201
0.000640144161216507 0.00714705208594762 -0.419242706509641 0.230956617936894
-0.0251776318575104 0.00746155400307068 -0.401608942721001 -0.272474651606929
-0.00338779153223763 0.0579862307214745 0.181540794504068 -0.780787797445944
-0.0812475668800524 0.105103378650144 0.9993979852709 -0.483006538047026
-0.0993093666282448 0.0860730226968515 1.13203970095457 0.79540083334053
-0.0958137385706638 -0.0342319660340791 -0.127966448594136 1.49315580334087
-0.0561553544336099 -0.0106389360122534 -0.902334432748204 0.577735000412163
-0.0493958488970521 0.0119785297233374 -0.0750771472661079 0.132985873419894
-0.0362843001931207 0.0884115791646105 0.878216716016577 -0.575743288786282
0.0627062659092041 0.0498935137149245 0.0484558843231072 -1.49359593572221
0.0361309944883261 0.0192596313238398 -1.26206327931587 -0.751128953201485
-0.0524575314436354 0.000712529633556877 -1.01750201192982 0.653903786692624
-0.0714826974979821 -0.0069902230769851 -0.0964401986451308 0.825725045306455
-0.0421826907586275 0.0184458866874372 0.428493974088998 0.274155138108161
-0.00287413228824938 0.0452411903680494 0.456327720721167 -0.281462784355186
0.00509015160395983 0.0132366155188871 -0.422452237590386 0.226752406503764
-0.021369861704183 0.0129913794366232 -0.423856192407321 -0.27888861260603
-1.81612754959204E-05 0.0614988842092551 0.133068080363387 -0.79911151465384
-0.0837420624397461 0.10837495324341 0.962478242916104 -0.528677438635974
-0.102470639970017 0.0932535178745596 1.16376037259539 0.737901114168616
-0.0959185832550876 -0.0246994398791271 -0.0495963397455631 1.49452409699334
-0.0528773773905994 -0.00287901771716405 -0.868492848331653 0.61655630381252
-0.0464301535842432 0.0170047780707327 -0.0758586719972988 0.153821887867663
-0.03409155706914 0.0943130329762379 0.908057776892867 -0.53859387922474
0.0627436995234309 0.0549704438879626 0.121442229758114 -1.49744327046245
0.0295291277945182 0.0220485769065743 -1.23140479603319 -0.813687919941999
-0.0639602565486146 0.000580105676794743 -1.06322787199978 0.612081707006166
-0.0757931570017946 -0.00503362835471142 -0.146667936473181 0.815443787581767
-0.0432743405242314 0.0209246358820861 0.402228347863597 0.273273880735017
-0.00181132711906844 0.0510876771146856 0.449560177308935 -0.283597683492049
0.00340220360952243 0.0150636998256562 -0.427717543303718 0.22456683906869
-0.0169388771543761 0.0150119216707704 -0.446017013763665 -0.284789706828495
0.0120610943073228 0.0568085229912017 0.0829820940390971 -0.818636379587525
-0.0725984972886492 0.106143171214138 0.920059521974686 -0.579958268768575
-0.0966416442851712 0.0971977282910948 1.19020191166322 0.673666670504916
-0.0964009840525568 -0.0173688385811925 0.0308165547644295 1.49060333327147
-0.0515835721212057 -0.00166609573681615 -0.833124662542841 0.655544188925092
-0.0430927095751754 0.0138418777343553 -0.0752098784804629 0.172734034775784
-0.0357296250754278 0.091894151414451 0.939854115363495 -0.497258254479482
0.0619481366788124 0.0587279730012531 0.199556337002969 -1.49383223608605
0.0310291945973231 0.022064192640239 -1.19886378173916 -0.878784294113358
-0.0581505887128046 -0.00615946750789408 -1.10485895911087 0.561980144002282
-0.0712936497809513 -0.0124417468083396 -0.19767419853562 0.805593912758333
-0.0426863385939715 0.0216674467152744 0.380133869295775 0.272777484229419
-0.00518424953691388 0.0522127780165775 0.448528295323391 -0.282631153646704
-0.00175993162337868 0.0125082385552829 -0.429188756301187 0.224464577088908
-0.0138193576746867 0.0114865827721557 -0.463235029172109 -0.289174130568669
0.0290443311605535 0.0437028233492655 0.0401576650945143 -0.83251821786607
-0.0506500715634877 0.0951508902247746 0.88059918987894 -0.623641913520502
-0.0829360894280569 0.0990534498951448 1.2095396824757 0.620776138504002
-0.0983960176327882 -0.0124828360803534 0.102161935888482 1.4900410946142
-0.054897252417057 -0.0083879346130399 -0.799901108818016 0.690698650670481
-0.0436120074810167 0.00498388715679125 -0.0734533517443549 0.191247582392006
-0.0406448570962648 0.0845811683172829 0.970067899420144 -0.458114429391461
0.0600378914492826 0.06189364467034 0.272872190716073 -1.49288402428129
0.0409234304465075 0.0211344316642577 -1.1697683873921 -0.93661360392273
-0.0406864474568185 -0.0177583282056306 -1.13993287800526 0.511916753951087
-0.0579149613738805 -0.0242416631615153 -0.24083662311429 0.789956549169772
-0.0401475837820102 0.0189323313968601 0.359391860968218 0.270320393955845
-0.0105530525538979 0.0507971252063073 0.442952249147479 -0.281162810499326
