TRXV5
3
4
4
9
string Extension=J
integer IsArchMeasurement=1
integer IsSpherical=1
string Generator=SPM
string GeneratorVersion=1.3.1 Dev
double ArchRadius=0.449999988079071
integer FrequencyAxisIndex=0
integer AzimuthAxisIndex=1
integer ElevationAxisIndex=2
Frequency
5 201 700000000 800000000 LIN
Azimuth
7 8 0 2.74889357189107 LIN
Elevation
7 15 -2.74889357189107 2.74889357189107 LIN
Polar H Real Part
13
Polar H Imaginary Part
14
Polar V Real Part
13
Polar V Imaginary Part
14
Polar H Magnitude (dB)
12 0xC0000002 0 1
Polar H Phase
7 0xC0000003 0 1
Polar V Magnitude (dB)
12 0xC0000002 2 3
Polar V Phase
7 0xC0000003 2 3
-0.038421630859375 -0.0285415649414063 0.59039306640625 -0.32421875
0.00265407562255859 0.0133142471313477 0.52203369140625 -0.20257568359375
-0.00641345977783203 -0.0101728439331055 0.374114990234375 0.068634033203125
-0.0128440856933594 -0.0101699829101563 0.2225341796875 0.35992431640625
0.0148038864135742 -0.0118083953857422 -0.116180419921875 0.42010498046875
0.0401344299316406 -0.0382728576660156 -0.418212890625 0.285980224609375
0.0224132537841797 -0.0170555114746094 -0.62890625 -0.0281982421875001
0.0300998687744141 -0.0189380645751953 -0.6929931640625 -0.36614990234375
0.0385093688964844 -0.00794601440429688 -0.723876953125 -0.49853515625
0.0533065795898438 0.00086212158203125 -0.6234130859375 -0.4534912109375
0.0391960144042969 0.0374298095703125 -0.46875 -0.277252197265625
0.00420761108398437 0.0192375183105469 -0.257659912109375 -0.201416015625
0.02130126953125 -0.00305557250976563 -0.1119384765625 -0.315032958984375
0.0464820861816406 -0.00991058349609375 -0.09814453125 -0.5831298828125
0.021484375 -0.0484657287597656 -0.0709228515625001 -0.82568359375
-0.175003051757813 0.229873657226563 0.57452392578125 -0.2816162109375
-0.162063598632813 0.248733520507813 0.5152587890625 -0.14990234375
-0.23223876953125 0.141448974609375 0.4044189453125 0.084747314453125
-0.273666381835938 0.0406494140625 0.238739013671875 0.37030029296875
-0.257781982421875 -0.066192626953125 -0.0807495117187501 0.43463134765625
-0.263198852539063 -0.168228149414063 -0.391693115234375 0.314544677734375
-0.271072387695312 -0.179656982421875 -0.608642578125 0.00457763671875006
-0.21051025390625 -0.21484375 -0.67041015625 -0.3189697265625
-0.199920654296875 -0.21148681640625 -0.7061767578125 -0.47393798828125
-0.18072509765625 -0.1728515625 -0.615478515625 -0.44342041015625
-0.178878784179687 -0.0895233154296875 -0.464447021484375 -0.28314208984375
-0.227249145507813 -0.00596618652343755 -0.258895874023438 -0.198883056640625
-0.204696655273438 0.00743103027343751 -0.11065673828125 -0.327392578125
-0.161651611328125 0.127456665039062 -0.0921630859375 -0.56427001953125
-0.115997314453125 0.16943359375 -0.0725708007812501 -0.80120849609375
-0.296722412109375 0.442626953125 0.54180908203125 -0.14593505859375
-0.311676025390625 0.446014404296875 0.49493408203125 -0.02410888671875
-0.4310302734375 0.26422119140625 0.436920166015625 0.128204345703125
-0.505828857421875 0.079315185546875 0.2779541015625 0.382843017578125
-0.502471923828125 -0.11749267578125 0.01220703125 0.44256591796875
-0.53155517578125 -0.286224365234375 -0.27288818359375 0.34466552734375
-0.52490234375 -0.32275390625 -0.47625732421875 0.06536865234375
-0.421905517578125 -0.383209228515625 -0.54205322265625 -0.2249755859375
-0.4219970703125 -0.3887939453125 -0.60205078125 -0.40826416015625
-0.41094970703125 -0.323150634765625 -0.55718994140625 -0.41705322265625
-0.40509033203125 -0.19232177734375 -0.443572998046875 -0.30157470703125
-0.453033447265625 -0.00793457031250007 -0.281036376953125 -0.216796875
-0.419036865234375 0.0415039062499999 -0.14569091796875 -0.351043701171875
-0.346923828125 0.271484375 -0.133331298828125 -0.514617919921875
-0.238677978515625 0.370452880859375 -0.1324462890625 -0.71209716796875
-0.38372802734375 0.57666015625 0.48529052734375 0.053619384765625
-0.42401123046875 0.56341552734375 0.451812744140625 0.144561767578125
-0.5738525390625 0.328857421875 0.452362060546875 0.192169189453125
-0.66876220703125 0.0917968750000001 0.327056884765625 0.386566162109375
-0.6727294921875 -0.1632080078125 0.14678955078125 0.440826416015625
-0.72247314453125 -0.37493896484375 -0.07318115234375 0.37506103515625
-0.6962890625 -0.42242431640625 -0.248931884765625 0.147903442382813
-0.57672119140625 -0.49639892578125 -0.330841064453125 -0.092376708984375
-0.59857177734375 -0.50543212890625 -0.41650390625 -0.312042236328125
-0.61407470703125 -0.4122314453125 -0.424163818359375 -0.377655029296875
-0.61004638671875 -0.23883056640625 -0.39141845703125 -0.334869384765625
-0.639404296875 0.035888671875 -0.310150146484375 -0.245819091796875
-0.58563232421875 0.1104736328125 -0.216217041015625 -0.36114501953125
-0.47552490234375 0.413787841796875 -0.2158203125 -0.418212890625
-0.3189697265625 0.5291748046875 -0.23809814453125 -0.55718994140625
-0.421142578125 0.61041259765625 0.40704345703125 0.284576416015625
-0.47454833984375 0.580078125 0.381317138671875 0.3221435546875
-0.62451171875 0.3148193359375 0.432403564453125 0.25567626953125
-0.7188720703125 0.064697265625 0.352142333984375 0.379119873046875
-0.7197265625 -0.2047119140625 0.2838134765625 0.425750732421875
-0.7830810546875 -0.422119140625 0.16357421875 0.401641845703125
-0.75531005859375 -0.464111328125 0.0350494384765625 0.243057250976562
-0.64599609375 -0.53546142578125 -0.0613021850585938 0.0528526306152343
-0.69189453125 -0.54241943359375 -0.161636352539063 -0.208831787109375
-0.72613525390625 -0.42724609375 -0.218475341796875 -0.34942626953125
-0.72332763671875 -0.2274169921875 -0.295257568359375 -0.383392333984375
-0.72882080078125 0.0936889648437499 -0.32928466796875 -0.27618408203125
-0.66168212890625 0.1856689453125 -0.29803466796875 -0.335174560546875
-0.5201416015625 0.517852783203125 -0.308990478515625 -0.27069091796875
-0.34893798828125 0.61480712890625 -0.36328125 -0.350006103515625
-0.39581298828125 0.541412353515625 0.3199462890625 0.504913330078125
-0.448486328125 0.50250244140625 0.286895751953125 0.473114013671875
-0.570068359375 0.23223876953125 0.37030029296875 0.30328369140625
-0.63922119140625 0.00921630859375002 0.343231201171875 0.35369873046875
-0.63079833984375 -0.222412109375 0.38677978515625 0.40185546875
-0.70428466796875 -0.4129638671875 0.38446044921875 0.423553466796875
-0.68670654296875 -0.4415283203125 0.323944091796875 0.33892822265625
-0.611572265625 -0.49560546875 0.222946166992187 0.1866455078125
-0.6734619140625 -0.4959716796875 0.117820739746094 -0.120819091796875
-0.7078857421875 -0.37548828125 0.020172119140625 -0.335693359375
-0.70147705078125 -0.18017578125 -0.17108154296875 -0.437103271484375
-0.68121337890625 0.13006591796875 -0.32666015625 -0.303558349609375
-0.6185302734375 0.22308349609375 -0.365814208984375 -0.27777099609375
-0.477752685546875 0.536895751953125 -0.39300537109375 -0.096160888671875
-0.3292236328125 0.595703125 -0.483062744140625 -0.123260498046875
-0.312408447265625 0.390289306640625 0.23492431640625 0.682861328125
-0.3505859375 0.36090087890625 0.18597412109375 0.569091796875
-0.42236328125 0.1239013671875 0.282440185546875 0.318115234375
-0.4600830078125 -0.031158447265625 0.308685302734375 0.31427001953125
-0.443206787109375 -0.194580078125 0.44256591796875 0.374603271484375
-0.51654052734375 -0.34136962890625 0.548248291015625 0.442169189453125
-0.516937255859375 -0.349853515625 0.56488037109375 0.42181396484375
-0.485992431640625 -0.383697509765625 0.4742431640625 0.29364013671875
-0.54083251953125 -0.38568115234375 0.36907958984375 -0.05780029296875
-0.556610107421875 -0.278076171875 0.232574462890625 -0.335052490234375
-0.542327880859375 -0.123992919921875 -0.050323486328125 -0.481201171875
-0.5198974609375 0.11419677734375 -0.3077392578125 -0.323516845703125
-0.4725341796875 0.19854736328125 -0.407623291015625 -0.2041015625
-0.3587646484375 0.453460693359375 -0.453765869140625 0.0699462890625001
-0.26593017578125 0.471405029296875 -0.5806884765625 0.0867919921875001
-0.17938232421875 0.191741943359375 0.1668701171875 0.79833984375
-0.199203491210937 0.20440673828125 0.10955810546875 0.607666015625
-0.21942138671875 0.04071044921875 0.2049560546875 0.30450439453125
-0.23907470703125 -0.0312194824218749 0.27471923828125 0.276321411132813
-0.223587036132813 -0.112884521484375 0.460052490234375 0.351226806640625
-0.28106689453125 -0.210647583007812 0.646728515625 0.45111083984375
-0.28363037109375 -0.204376220703125 0.730712890625 0.47833251953125
-0.2867431640625 -0.21697998046875 0.654052734375 0.3548583984375
-0.32305908203125 -0.226226806640625 0.549285888671875 -0.02655029296875
-0.313232421875 -0.157623291015625 0.377838134765625 -0.344268798828125
-0.297576904296875 -0.068359375 0.031494140625 -0.50927734375
-0.286895751953125 0.059722900390625 -0.28948974609375 -0.336578369140625
-0.261489868164063 0.121841430664062 -0.43182373046875 -0.14202880859375
-0.192169189453125 0.2838134765625 -0.498016357421875 0.186004638671875
-0.167938232421875 0.262710571289063 -0.64996337890625 0.2364501953125
-0.0384902954101563 -0.0282745361328125 0.5899658203125 -0.32244873046875
0.00347995758056641 0.0130119323730469 0.52264404296875 -0.201812744140625
-0.0060129165649414 -0.0102901458740234 0.37469482421875 0.069580078125
-0.0124406814575195 -0.0100717544555664 0.222412109375 0.35943603515625
0.015376091003418 -0.0119743347167969 -0.1175537109375 0.4190673828125
0.0404853820800781 -0.0379486083984375 -0.4219970703125 0.2840576171875
0.0232830047607422 -0.0169506072998047 -0.6309814453125 -0.03076171875
0.0312423706054688 -0.0179672241210937 -0.69451904296875 -0.36981201171875
0.0379371643066406 -0.00711441040039062 -0.7230224609375 -0.50347900390625
0.052886962890625 0.001220703125 -0.62298583984375 -0.4573974609375
0.0395469665527344 0.0377769470214844 -0.46728515625 -0.277801513671875
0.00467872619628906 0.0197372436523437 -0.25634765625 -0.201248168945313
0.0218009948730469 -0.00280952453613281 -0.1083984375 -0.31427001953125
0.0473175048828125 -0.0104103088378906 -0.0948486328125001 -0.5838623046875
0.0216751098632812 -0.0486335754394531 -0.068359375 -0.8280029296875
-0.176467895507813 0.230606079101562 0.57635498046875 -0.2802734375
-0.161361694335937 0.248458862304687 0.516510009765625 -0.14886474609375
-0.233383178710938 0.140274047851563 0.4034423828125 0.083953857421875
-0.27398681640625 0.039398193359375 0.237548828125 0.37078857421875
-0.258743286132813 -0.0676269531249999 -0.0831298828125 0.433807373046875
-0.263519287109375 -0.170364379882812 -0.39349365234375 0.31097412109375
-0.271102905273438 -0.180465698242188 -0.61083984375 0.00195312499999996
-0.20953369140625 -0.215377807617188 -0.669921875 -0.32257080078125
-0.199508666992187 -0.212173461914063 -0.70343017578125 -0.4783935546875
-0.18035888671875 -0.17388916015625 -0.6153564453125 -0.44732666015625
-0.178848266601562 -0.0898895263671875 -0.462646484375 -0.283477783203125
-0.227188110351562 -0.00650024414062497 -0.258148193359375 -0.197601318359375
-0.205459594726563 0.00787353515624999 -0.107513427734375 -0.327117919921875
-0.161636352539063 0.12750244140625 -0.08990478515625 -0.56298828125
-0.116744995117188 0.169219970703125 -0.0687866210937501 -0.80181884765625
-0.300018310546875 0.44232177734375 0.543212890625 -0.144073486328125
-0.313079833984375 0.444610595703125 0.4954833984375 -0.025177001953125
-0.434539794921875 0.263824462890625 0.436676025390625 0.130035400390625
-0.507080078125 0.07733154296875 0.2774658203125 0.3836669921875
-0.50396728515625 -0.121063232421875 0.00985717773437501 0.443450927734375
-0.533447265625 -0.290557861328125 -0.2740478515625 0.3419189453125
-0.5245361328125 -0.325531005859375 -0.476593017578125 0.0623779296874999
-0.4215087890625 -0.386962890625 -0.5440673828125 -0.226165771484375
-0.42138671875 -0.391448974609375 -0.6026611328125 -0.4111328125
-0.411102294921875 -0.3248291015625 -0.554595947265625 -0.418609619140625
-0.404266357421875 -0.195068359375 -0.442657470703125 -0.30279541015625
-0.45361328125 -0.00970458984374996 -0.278778076171875 -0.216842651367187
-0.420013427734375 0.0416259765625 -0.142669677734375 -0.3516845703125
-0.347991943359375 0.27093505859375 -0.131866455078125 -0.515777587890625
-0.239593505859375 0.371063232421875 -0.12664794921875 -0.71356201171875
-0.38702392578125 0.57818603515625 0.48443603515625 0.05731201171875
-0.4273681640625 0.5626220703125 0.451385498046875 0.14569091796875
-0.57855224609375 0.329345703125 0.453216552734375 0.19158935546875
-0.67034912109375 0.0895996093749999 0.324615478515625 0.38739013671875
-0.6746826171875 -0.16864013671875 0.14654541015625 0.441009521484375
-0.7232666015625 -0.37969970703125 -0.0728759765625001 0.3740234375
-0.6966552734375 -0.4266357421875 -0.250701904296875 0.147705078125
-0.57586669921875 -0.498779296875 -0.332061767578125 -0.0927734375000001
-0.59765625 -0.50823974609375 -0.41650390625 -0.313232421875
-0.614013671875 -0.41668701171875 -0.421875 -0.3792724609375
-0.60888671875 -0.2425537109375 -0.389892578125 -0.335906982421875
-0.64227294921875 0.0332641601562501 -0.307830810546875 -0.244781494140625
-0.58819580078125 0.10943603515625 -0.214019775390625 -0.36138916015625
-0.476837158203125 0.4150390625 -0.21380615234375 -0.418701171875
-0.31988525390625 0.530975341796875 -0.235595703125 -0.55914306640625
-0.42315673828125 0.61163330078125 0.405303955078125 0.286529541015625
-0.47705078125 0.580810546875 0.380035400390625 0.323486328125
-0.6282958984375 0.31494140625 0.431610107421875 0.2576904296875
-0.7203369140625 0.0623168945312501 0.35089111328125 0.380462646484375
-0.72259521484375 -0.2083740234375 0.282867431640625 0.425537109375
-0.7855224609375 -0.42724609375 0.163909912109375 0.40069580078125
-0.755126953125 -0.4678955078125 0.03472900390625 0.243637084960937
-0.64398193359375 -0.538330078125 -0.0616073608398438 0.0537757873535156
-0.69244384765625 -0.5462646484375 -0.160659790039063 -0.208145141601563
-0.72991943359375 -0.431396484375 -0.216827392578125 -0.35064697265625
-0.72503662109375 -0.23388671875 -0.294189453125 -0.383026123046875
-0.72998046875 0.0923461914062498 -0.32647705078125 -0.275970458984375
-0.6654052734375 0.1839599609375 -0.296356201171875 -0.33575439453125
-0.521270751953125 0.51904296875 -0.30859375 -0.271697998046875
-0.3511962890625 0.61395263671875 -0.3599853515625 -0.35321044921875
-0.398590087890625 0.543731689453125 0.31787109375 0.506988525390625
-0.4500732421875 0.502044677734375 0.28466796875 0.475067138671875
-0.573974609375 0.231201171875 0.368408203125 0.305023193359375
-0.639404296875 0.00897216796875011 0.34124755859375 0.354034423828125
-0.63177490234375 -0.22637939453125 0.385833740234375 0.400177001953125
-0.7047119140625 -0.41876220703125 0.384552001953125 0.424163818359375
-0.68798828125 -0.444091796875 0.3238525390625 0.342254638671875
-0.6109619140625 -0.498046875 0.222625732421875 0.190505981445313
-0.67315673828125 -0.4989013671875 0.119010925292969 -0.119224548339844
-0.70843505859375 -0.37945556640625 0.021392822265625 -0.336334228515625
-0.7008056640625 -0.18487548828125 -0.17120361328125 -0.43585205078125
-0.68475341796875 0.128173828125 -0.32464599609375 -0.30218505859375
-0.62255859375 0.2213134765625 -0.364715576171875 -0.278045654296875
-0.47772216796875 0.53582763671875 -0.39166259765625 -0.097900390625
-0.33148193359375 0.5963134765625 -0.47998046875 -0.125274658203125
-0.314483642578125 0.39178466796875 0.23175048828125 0.685546875
-0.352142333984375 0.361053466796875 0.1851806640625 0.5709228515625
-0.42388916015625 0.124114990234375 0.2806396484375 0.31793212890625
-0.4599609375 -0.033477783203125 0.307098388671875 0.315765380859375
-0.44525146484375 -0.196990966796875 0.440673828125 0.3751220703125
-0.51715087890625 -0.34454345703125 0.547882080078125 0.44329833984375
-0.518035888671875 -0.3526611328125 0.56524658203125 0.42657470703125
-0.485321044921875 -0.385284423828125 0.473846435546875 0.29681396484375
-0.542327880859375 -0.38818359375 0.37030029296875 -0.054351806640625
-0.555877685546875 -0.2822265625 0.233062744140625 -0.33416748046875
-0.542694091796875 -0.127471923828125 -0.048858642578125 -0.479095458984375
-0.521270751953125 0.11224365234375 -0.306610107421875 -0.32293701171875
-0.476318359375 0.199005126953125 -0.408111572265625 -0.205078125
-0.361053466796875 0.451995849609375 -0.455291748046875 0.0688781738281249
-0.265045166015625 0.471343994140625 -0.580810546875 0.0856933593749999
-0.1800537109375 0.192169189453125 0.16619873046875 0.80120849609375
-0.199737548828125 0.203521728515625 0.10650634765625 0.60833740234375
-0.220672607421875 0.0410003662109375 0.20208740234375 0.3050537109375
-0.239822387695313 -0.0317840576171875 0.2713623046875 0.276824951171875
-0.223861694335938 -0.1146240234375 0.458740234375 0.351715087890625
-0.2811279296875 -0.211715698242187 0.64508056640625 0.45355224609375
-0.28466796875 -0.204345703125 0.73223876953125 0.48419189453125
-0.286590576171875 -0.217529296875 0.65631103515625 0.35955810546875
-0.323974609375 -0.2279052734375 0.5499267578125 -0.02105712890625
-0.313232421875 -0.158203125 0.37982177734375 -0.34130859375
-0.298492431640625 -0.070770263671875 0.03253173828125 -0.50714111328125
-0.287689208984375 0.05938720703125 -0.288238525390625 -0.336456298828125
-0.262481689453125 0.121536254882813 -0.43231201171875 -0.142974853515625
-0.191864013671875 0.283599853515625 -0.497314453125 0.185760498046875
-0.169097900390625 0.262725830078125 -0.65032958984375 0.23553466796875
-0.0389480590820313 -0.0278549194335937 0.59295654296875 -0.32269287109375
0.00462913513183594 0.0129003524780273 0.524810791015625 -0.20367431640625
-0.00600910186767578 -0.0102157592773438 0.375762939453125 0.06829833984375
-0.0124969482421875 -0.0101461410522461 0.22222900390625 0.359588623046875
0.0155611038208008 -0.0119037628173828 -0.11932373046875 0.420135498046875
0.0409965515136719 -0.0381813049316406 -0.42364501953125 0.2821044921875
0.0238475799560547 -0.0170917510986328 -0.63482666015625 -0.03521728515625
0.0317459106445313 -0.0173358917236328 -0.6968994140625 -0.37628173828125
0.0378570556640625 -0.00584793090820313 -0.72418212890625 -0.50994873046875
0.0529594421386719 0.001220703125 -0.62213134765625 -0.4600830078125
0.0394515991210938 0.0377044677734375 -0.46661376953125 -0.279327392578125
0.00473403930664063 0.0205726623535156 -0.255233764648438 -0.2008056640625
0.0220527648925781 -0.0026397705078125 -0.10614013671875 -0.313568115234375
0.0480766296386719 -0.0105400085449219 -0.09295654296875 -0.5849609375
0.0217857360839844 -0.0480461120605469 -0.0650634765624999 -0.83148193359375
-0.17864990234375 0.232650756835938 0.578125 -0.28057861328125
-0.163223266601563 0.2489013671875 0.518890380859375 -0.150390625
-0.23492431640625 0.140548706054688 0.406768798828125 0.083770751953125
-0.275299072265625 0.0379486083984375 0.23895263671875 0.3719482421875
-0.260238647460938 -0.068939208984375 -0.0836181640625 0.434478759765625
-0.2637939453125 -0.172332763671875 -0.397186279296875 0.310028076171875
-0.271530151367188 -0.181564331054688 -0.6146240234375 0.000549316406249901
-0.208770751953125 -0.216262817382812 -0.67291259765625 -0.326416015625
-0.200363159179688 -0.21337890625 -0.70599365234375 -0.4822998046875
-0.180679321289062 -0.17578125 -0.6156005859375 -0.44989013671875
-0.179306030273438 -0.0922088623046875 -0.462127685546875 -0.28533935546875
-0.227523803710938 -0.00657653808593745 -0.256622314453125 -0.197509765625
-0.20684814453125 0.007293701171875 -0.10516357421875 -0.32708740234375
-0.16156005859375 0.127304077148437 -0.087646484375 -0.56475830078125
-0.117233276367188 0.170028686523437 -0.06646728515625 -0.80633544921875
-0.302703857421875 0.446990966796875 0.542938232421875 -0.143280029296875
-0.31646728515625 0.44451904296875 0.497528076171875 -0.02447509765625
-0.438232421875 0.262939453125 0.438568115234375 0.1297607421875
-0.5107421875 0.07574462890625 0.278045654296875 0.38238525390625
-0.506072998046875 -0.1240234375 0.00869750976562499 0.443145751953125
-0.53460693359375 -0.29345703125 -0.276519775390625 0.3404541015625
-0.525238037109375 -0.32818603515625 -0.480621337890625 0.0616455078125
-0.420684814453125 -0.38800048828125 -0.546295166015625 -0.22845458984375
-0.4224853515625 -0.393280029296875 -0.60400390625 -0.41387939453125
-0.412139892578125 -0.32830810546875 -0.555267333984375 -0.42108154296875
-0.405517578125 -0.196075439453125 -0.442352294921875 -0.304290771484375
-0.455352783203125 -0.0100708007812499 -0.27789306640625 -0.216339111328125
-0.422607421875 0.040374755859375 -0.140228271484375 -0.351409912109375
-0.349761962890625 0.27166748046875 -0.1287841796875 -0.516815185546875
-0.240966796875 0.37060546875 -0.12493896484375 -0.7164306640625
-0.39056396484375 0.58203125 0.485260009765625 0.058868408203125
-0.429931640625 0.564697265625 0.45367431640625 0.145477294921875
-0.5816650390625 0.32769775390625 0.45404052734375 0.192535400390625
-0.6748046875 0.08685302734375 0.325164794921875 0.389404296875
-0.67889404296875 -0.17181396484375 0.1448974609375 0.44293212890625
-0.72686767578125 -0.38397216796875 -0.0743103027343751 0.372711181640625
-0.69952392578125 -0.4296875 -0.252685546875 0.14739990234375
-0.5755615234375 -0.5030517578125 -0.333648681640625 -0.0933837890625
-0.600830078125 -0.5120849609375 -0.417266845703125 -0.315582275390625
-0.61688232421875 -0.42022705078125 -0.4229736328125 -0.383056640625
-0.610595703125 -0.245849609375 -0.389862060546875 -0.334075927734375
-0.64276123046875 0.0332031249999999 -0.306243896484375 -0.244903564453125
-0.59259033203125 0.10870361328125 -0.21221923828125 -0.3621826171875
-0.4791259765625 0.41546630859375 -0.212249755859375 -0.4205322265625
-0.321868896484375 0.531646728515625 -0.23193359375 -0.56256103515625
-0.42730712890625 0.6163330078125 0.4056396484375 0.2896728515625
-0.47882080078125 0.58148193359375 0.380706787109375 0.324432373046875
-0.63275146484375 0.3143310546875 0.433380126953125 0.25897216796875
-0.724365234375 0.0598754882812499 0.351531982421875 0.3812255859375
-0.7259521484375 -0.21160888671875 0.283966064453125 0.427520751953125
-0.78973388671875 -0.43231201171875 0.163482666015625 0.400634765625
-0.75762939453125 -0.47198486328125 0.0337371826171874 0.245590209960938
-0.64404296875 -0.5433349609375 -0.0624427795410157 0.0559349060058593
-0.69366455078125 -0.54998779296875 -0.160659790039063 -0.208511352539063
-0.73126220703125 -0.43475341796875 -0.21630859375 -0.351776123046875
-0.72900390625 -0.23614501953125 -0.294036865234375 -0.383697509765625
-0.73358154296875 0.0905761718749998 -0.324951171875 -0.275787353515625
-0.66802978515625 0.18414306640625 -0.296478271484375 -0.336822509765625
-0.524810791015625 0.519866943359375 -0.306732177734375 -0.27294921875
-0.35198974609375 0.6170654296875 -0.3592529296875 -0.355743408203125
-0.402923583984375 0.54595947265625 0.315460205078125 0.51141357421875
-0.454010009765625 0.5029296875 0.284759521484375 0.475860595703125
-0.57757568359375 0.23193359375 0.367645263671875 0.306121826171875
-0.64239501953125 0.00689697265625014 0.34222412109375 0.35601806640625
-0.6348876953125 -0.22882080078125 0.38836669921875 0.402740478515625
-0.70892333984375 -0.42156982421875 0.384857177734375 0.42608642578125
-0.68902587890625 -0.4488525390625 0.3236083984375 0.3441162109375
-0.61126708984375 -0.50244140625 0.223037719726562 0.193710327148437
-0.67657470703125 -0.50482177734375 0.119659423828125 -0.117012023925781
-0.71099853515625 -0.38568115234375 0.021759033203125 -0.335052490234375
-0.70440673828125 -0.18878173828125 -0.1688232421875 -0.435333251953125
-0.68829345703125 0.12615966796875 -0.324920654296875 -0.301666259765625
-0.62689208984375 0.22308349609375 -0.36505126953125 -0.278656005859375
-0.480712890625 0.537750244140625 -0.392059326171875 -0.0973815917968749
-0.33380126953125 0.59820556640625 -0.481414794921875 -0.126312255859375
-0.317474365234375 0.393890380859375 0.2294921875 0.68927001953125
-0.355072021484375 0.36114501953125 0.18267822265625 0.57159423828125
-0.428314208984375 0.123565673828125 0.27972412109375 0.318389892578125
-0.462738037109375 -0.03497314453125 0.3050537109375 0.31622314453125
-0.446197509765625 -0.198486328125 0.439788818359375 0.3763427734375
-0.5211181640625 -0.3492431640625 0.54901123046875 0.445220947265625
-0.519805908203125 -0.354949951171875 0.56707763671875 0.431396484375
-0.486083984375 -0.387847900390625 0.47686767578125 0.30352783203125
-0.542388916015625 -0.39056396484375 0.37176513671875 -0.0501708984375
-0.558502197265625 -0.28680419921875 0.235748291015625 -0.332916259765625
-0.543975830078125 -0.131072998046875 -0.048492431640625 -0.479888916015625
-0.52587890625 0.111480712890625 -0.30389404296875 -0.322967529296875
-0.479644775390625 0.19732666015625 -0.40972900390625 -0.20538330078125
-0.362030029296875 0.454803466796875 -0.4559326171875 0.06768798828125
-0.26654052734375 0.47344970703125 -0.58062744140625 0.0826416015625
-0.18255615234375 0.19354248046875 0.1622314453125 0.806884765625
-0.200698852539062 0.204147338867188 0.10345458984375 0.61053466796875
-0.22186279296875 0.0412445068359375 0.199798583984375 0.30657958984375
-0.24066162109375 -0.03265380859375 0.269256591796875 0.278839111328125
-0.22418212890625 -0.115081787109375 0.457366943359375 0.354400634765625
-0.28338623046875 -0.213714599609375 0.6453857421875 0.456298828125
-0.286224365234375 -0.20703125 0.7333984375 0.48907470703125
-0.287811279296875 -0.219085693359375 0.65863037109375 0.365234375
-0.323944091796875 -0.2288818359375 0.553253173828125 -0.016510009765625
-0.314727783203125 -0.160003662109375 0.3819580078125 -0.339813232421875
-0.300201416015625 -0.07244873046875 0.034454345703125 -0.506591796875
-0.290435791015625 0.05902099609375 -0.286468505859375 -0.334930419921875
-0.265548706054688 0.121810913085937 -0.434051513671875 -0.14227294921875
-0.19293212890625 0.2838134765625 -0.50006103515625 0.18524169921875
-0.1712646484375 0.262588500976562 -0.65179443359375 0.23321533203125
-0.0394439697265625 -0.0274505615234375 0.5960693359375 -0.32391357421875
0.00524711608886719 0.0121259689331055 0.528076171875 -0.205078125
-0.00588035583496094 -0.010706901550293 0.37744140625 0.0675048828125
-0.012176513671875 -0.0103788375854492 0.223663330078125 0.359832763671875
0.0163383483886719 -0.0124177932739258 -0.121826171875 0.42132568359375
0.0414047241210938 -0.0384407043457031 -0.4283447265625 0.282501220703125
0.0245094299316406 -0.0167503356933594 -0.6395263671875 -0.03729248046875
0.0327205657958984 -0.0168952941894531 -0.70159912109375 -0.38214111328125
0.03778076171875 -0.00496673583984375 -0.727294921875 -0.51318359375
0.0529441833496094 0.00138473510742188 -0.6239013671875 -0.46343994140625
0.0396575927734375 0.0377006530761719 -0.467803955078125 -0.28057861328125
0.00447845458984375 0.0215225219726563 -0.255340576171875 -0.200653076171875
0.0226726531982422 -0.00162887573242188 -0.10321044921875 -0.314422607421875
0.0488700866699219 -0.011016845703125 -0.0908203125 -0.58544921875
0.0224151611328125 -0.0485153198242188 -0.06304931640625 -0.8348388671875
-0.180084228515625 0.23419189453125 0.5809326171875 -0.28125
-0.16424560546875 0.249114990234375 0.52197265625 -0.1513671875
-0.237091064453125 0.1407470703125 0.408843994140625 0.0833740234375
-0.277542114257813 0.0388641357421875 0.239471435546875 0.3729248046875
-0.260910034179688 -0.0702667236328125 -0.084625244140625 0.435791015625
-0.266250610351563 -0.17535400390625 -0.399871826171875 0.309844970703125
-0.27301025390625 -0.183334350585937 -0.6177978515625 -0.0032958984375001
-0.209136962890625 -0.217819213867187 -0.677001953125 -0.33099365234375
-0.2012939453125 -0.21392822265625 -0.70904541015625 -0.488525390625
-0.181076049804688 -0.176834106445312 -0.61651611328125 -0.45318603515625
-0.180038452148438 -0.0934906005859375 -0.46246337890625 -0.2861328125
-0.228927612304688 -0.00587463378906248 -0.25640869140625 -0.197158813476563
-0.20782470703125 0.00730895996093749 -0.103271484375 -0.326934814453125
-0.162094116210938 0.12799072265625 -0.0862426757812499 -0.566650390625
-0.116912841796875 0.171600341796875 -0.0648803710937501 -0.8092041015625
-0.306243896484375 0.450714111328125 0.54656982421875 -0.14190673828125
-0.3175048828125 0.4473876953125 0.500244140625 -0.026123046875
-0.4417724609375 0.26495361328125 0.438995361328125 0.129241943359375
-0.513458251953125 0.0760803222656251 0.27886962890625 0.385040283203125
-0.509857177734375 -0.12579345703125 0.00924682617187498 0.445098876953125
-0.5400390625 -0.296661376953125 -0.278533935546875 0.34002685546875
-0.52978515625 -0.3309326171875 -0.4835205078125 0.0603637695312499
-0.420928955078125 -0.39019775390625 -0.549407958984375 -0.231964111328125
-0.423919677734375 -0.396331787109375 -0.604736328125 -0.41864013671875
-0.414520263671875 -0.331878662109375 -0.556427001953125 -0.424346923828125
-0.407135009765625 -0.200347900390625 -0.443359375 -0.304534912109375
-0.456756591796875 -0.00994873046874998 -0.276458740234375 -0.216079711914063
-0.4263916015625 0.041259765625 -0.139556884765625 -0.35198974609375
-0.35076904296875 0.27392578125 -0.12799072265625 -0.51739501953125
-0.24249267578125 0.373138427734375 -0.12347412109375 -0.71942138671875
-0.39361572265625 0.586669921875 0.485992431640625 0.060943603515625
-0.43341064453125 0.56707763671875 0.45501708984375 0.1463623046875
-0.58734130859375 0.32916259765625 0.455230712890625 0.19464111328125
-0.67877197265625 0.08843994140625 0.32635498046875 0.391937255859375
-0.68359375 -0.175537109375 0.1461181640625 0.44378662109375
-0.73321533203125 -0.38800048828125 -0.0758056640625 0.3726806640625
-0.7037353515625 -0.43280029296875 -0.253616333007813 0.147857666015625
-0.57763671875 -0.50604248046875 -0.336029052734375 -0.09375
-0.60174560546875 -0.51617431640625 -0.419647216796875 -0.316375732421875
-0.61944580078125 -0.4234619140625 -0.423583984375 -0.384857177734375
-0.615234375 -0.2496337890625 -0.3902587890625 -0.335601806640625
-0.646484375 0.0330810546874999 -0.305023193359375 -0.243988037109375
-0.59619140625 0.11077880859375 -0.211181640625 -0.3621826171875
-0.480743408203125 0.419036865234375 -0.2109375 -0.421112060546875
-0.3231201171875 0.534515380859375 -0.23223876953125 -0.56591796875
-0.43170166015625 0.6207275390625 0.405914306640625 0.29278564453125
-0.482177734375 0.5858154296875 0.38140869140625 0.326873779296875
-0.63751220703125 0.3145751953125 0.4346923828125 0.2601318359375
-0.72906494140625 0.0607910156249999 0.351165771484375 0.3839111328125
-0.73138427734375 -0.21514892578125 0.284149169921875 0.4285888671875
-0.7957763671875 -0.43670654296875 0.16455078125 0.400970458984375
-0.761474609375 -0.4747314453125 0.0342559814453125 0.247528076171875
-0.6463623046875 -0.5462646484375 -0.0625648498535157 0.0577201843261718
-0.69696044921875 -0.55596923828125 -0.162017822265625 -0.209259033203125
-0.7359619140625 -0.44061279296875 -0.215576171875 -0.3544921875
-0.73284912109375 -0.24029541015625 -0.294342041015625 -0.382476806640625
-0.73822021484375 0.0919799804687501 -0.323974609375 -0.275604248046875
-0.67425537109375 0.1851806640625 -0.295806884765625 -0.337158203125
-0.527679443359375 0.523681640625 -0.307373046875 -0.27392578125
-0.35430908203125 0.61932373046875 -0.35931396484375 -0.357666015625
-0.405731201171875 0.550994873046875 0.315948486328125 0.516082763671875
-0.454986572265625 0.504150390625 0.28448486328125 0.480194091796875
-0.58331298828125 0.23028564453125 0.368194580078125 0.308441162109375
-0.64593505859375 0.00653076171875009 0.3411865234375 0.357666015625
-0.6390380859375 -0.23193359375 0.3880615234375 0.403472900390625
-0.7138671875 -0.42681884765625 0.386688232421875 0.425537109375
-0.69390869140625 -0.4522705078125 0.3267822265625 0.347869873046875
-0.6142578125 -0.50579833984375 0.224868774414063 0.197860717773438
-0.6798095703125 -0.509033203125 0.121025085449219 -0.115798950195313
-0.71575927734375 -0.38787841796875 0.0227355957031249 -0.33660888671875
-0.7078857421875 -0.1929931640625 -0.168548583984375 -0.436065673828125
-0.69305419921875 0.12652587890625 -0.32342529296875 -0.302001953125
-0.6312255859375 0.223388671875 -0.366455078125 -0.27899169921875
-0.4832763671875 0.5426025390625 -0.393035888671875 -0.098297119140625
-0.334228515625 0.60107421875 -0.481048583984375 -0.127685546875
-0.320465087890625 0.396453857421875 0.22955322265625 0.696044921875
-0.35650634765625 0.362579345703125 0.18218994140625 0.57464599609375
-0.4302978515625 0.122833251953125 0.278778076171875 0.3199462890625
-0.466064453125 -0.0350341796875001 0.303924560546875 0.3192138671875
-0.44879150390625 -0.201141357421875 0.440765380859375 0.378662109375
-0.522613525390625 -0.3521728515625 0.551025390625 0.44732666015625
-0.5235595703125 -0.358123779296875 0.56964111328125 0.43353271484375
-0.487335205078125 -0.39019775390625 0.48004150390625 0.30804443359375
-0.544769287109375 -0.394134521484375 0.374847412109375 -0.04901123046875
-0.56298828125 -0.28802490234375 0.237518310546875 -0.33416748046875
-0.548797607421875 -0.133880615234375 -0.0477600097656251 -0.47991943359375
-0.529296875 0.1114501953125 -0.3052978515625 -0.3232421875
-0.484161376953125 0.199554443359375 -0.41162109375 -0.2069091796875
-0.363677978515625 0.457000732421875 -0.457672119140625 0.0668029785156251
-0.2696533203125 0.475616455078125 -0.58294677734375 0.08294677734375
-0.182571411132813 0.1947021484375 0.16217041015625 0.81097412109375
-0.200576782226563 0.205108642578125 0.10284423828125 0.6131591796875
-0.22369384765625 0.042205810546875 0.199127197265625 0.307525634765625
-0.241958618164062 -0.032562255859375 0.267257690429688 0.278900146484375
-0.225418090820313 -0.116195678710938 0.4580078125 0.355865478515625
-0.28631591796875 -0.21539306640625 0.64739990234375 0.4580078125
-0.287139892578125 -0.2078857421875 0.73675537109375 0.49298095703125
-0.288665771484375 -0.220123291015625 0.66314697265625 0.3720703125
-0.326416015625 -0.23046875 0.557830810546875 -0.013946533203125
-0.3177490234375 -0.16131591796875 0.384735107421875 -0.339935302734375
-0.302490234375 -0.074951171875 0.035858154296875 -0.50799560546875
-0.292266845703125 0.058868408203125 -0.28765869140625 -0.33587646484375
-0.266876220703125 0.122665405273438 -0.435699462890625 -0.1439208984375
-0.193939208984375 0.28515625 -0.500518798828125 0.186309814453125
-0.17108154296875 0.263580322265625 -0.655029296875 0.23455810546875
-0.0397224426269531 -0.0268058776855469 0.59893798828125 -0.32672119140625
0.00582790374755859 0.0120344161987305 0.531402587890625 -0.208984375
-0.00566864013671875 -0.0109539031982422 0.379913330078125 0.06585693359375
-0.0126171112060547 -0.0102567672729492 0.224945068359375 0.360870361328125
0.0167436599731445 -0.0130224227905273 -0.121917724609375 0.423736572265625
0.0414009094238281 -0.0383720397949219 -0.432464599609375 0.28240966796875
0.0255756378173828 -0.0166244506835938 -0.64459228515625 -0.0407104492187499
0.0336875915527344 -0.0163002014160156 -0.706787109375 -0.38671875
0.037841796875 -0.00424575805664063 -0.7335205078125 -0.52001953125
0.0528945922851563 0.00101852416992188 -0.62725830078125 -0.4664306640625
0.0405158996582031 0.0376663208007813 -0.470672607421875 -0.28082275390625
0.00528717041015625 0.0218620300292969 -0.256027221679688 -0.200668334960938
0.0233497619628906 -0.00187873840332031 -0.101776123046875 -0.3153076171875
0.0498161315917969 -0.0113716125488281 -0.09185791015625 -0.5892333984375
0.0227508544921875 -0.0487403869628906 -0.0621337890625001 -0.84027099609375
-0.182327270507813 0.237289428710938 0.58392333984375 -0.28326416015625
-0.163955688476562 0.250823974609375 0.524444580078125 -0.154632568359375
-0.239898681640625 0.14141845703125 0.412109375 0.08270263671875
-0.279434204101563 0.039215087890625 0.2425537109375 0.37347412109375
-0.263275146484375 -0.0718536376953125 -0.086181640625 0.4383544921875
-0.268341064453125 -0.17669677734375 -0.40313720703125 0.310394287109375
-0.2745361328125 -0.18524169921875 -0.6251220703125 -0.00390624999999998
-0.210113525390625 -0.218917846679687 -0.6827392578125 -0.335205078125
-0.20318603515625 -0.215728759765625 -0.7147216796875 -0.491943359375
-0.182952880859375 -0.178848266601563 -0.620849609375 -0.4564208984375
-0.18060302734375 -0.0947265625 -0.46392822265625 -0.28631591796875
-0.229721069335938 -0.00503540039062502 -0.257034301757813 -0.196990966796875
-0.208938598632813 0.00794982910156248 -0.101226806640625 -0.32794189453125
-0.162582397460938 0.12957763671875 -0.084716796875 -0.56976318359375
-0.117538452148437 0.173019409179688 -0.0638427734375 -0.8150634765625
-0.3076171875 0.45550537109375 0.548614501953125 -0.143157958984375
-0.3194580078125 0.449615478515625 0.502899169921875 -0.027099609375
-0.44525146484375 0.267059326171875 0.4429931640625 0.12872314453125
-0.518096923828125 0.0758056640624999 0.282562255859375 0.38616943359375
-0.514495849609375 -0.128326416015625 0.00827026367187502 0.44659423828125
-0.54541015625 -0.3004150390625 -0.281402587890625 0.340728759765625
-0.532684326171875 -0.33349609375 -0.487060546875 0.0593566894531249
-0.425140380859375 -0.3946533203125 -0.555328369140625 -0.233734130859375
-0.428009033203125 -0.398590087890625 -0.60980224609375 -0.4205322265625
-0.417938232421875 -0.333465576171875 -0.5601806640625 -0.42706298828125
-0.40966796875 -0.20208740234375 -0.445220947265625 -0.30438232421875
-0.4605712890625 -0.00744628906249998 -0.276947021484375 -0.215835571289062
-0.429168701171875 0.0428161621093749 -0.138580322265625 -0.352874755859375
-0.352447509765625 0.276123046875 -0.128753662109375 -0.520477294921875
-0.2423095703125 0.37664794921875 -0.1226806640625 -0.723876953125
-0.3978271484375 0.59344482421875 0.48822021484375 0.06219482421875
-0.4351806640625 0.57122802734375 0.4573974609375 0.1455078125
-0.594482421875 0.33074951171875 0.458282470703125 0.19403076171875
-0.68499755859375 0.0882568359374999 0.328582763671875 0.392242431640625
-0.6885986328125 -0.17718505859375 0.147918701171875 0.445159912109375
-0.74114990234375 -0.39288330078125 -0.0756835937500001 0.373931884765625
-0.709228515625 -0.43609619140625 -0.256195068359375 0.149017333984375
-0.58087158203125 -0.510009765625 -0.3387451171875 -0.0930175781250001
-0.6085205078125 -0.52044677734375 -0.421478271484375 -0.318511962890625
-0.6248779296875 -0.42681884765625 -0.426666259765625 -0.386962890625
-0.61859130859375 -0.25335693359375 -0.392303466796875 -0.335784912109375
-0.65032958984375 0.0337524414062499 -0.305908203125 -0.243194580078125
-0.602294921875 0.11187744140625 -0.21221923828125 -0.363525390625
-0.48394775390625 0.42254638671875 -0.211669921875 -0.423126220703125
-0.3245849609375 0.5389404296875 -0.231201171875 -0.56884765625
-0.43505859375 0.6256103515625 0.407501220703125 0.295928955078125
-0.486083984375 0.58795166015625 0.382781982421875 0.32769775390625
-0.6451416015625 0.31927490234375 0.436187744140625 0.260467529296875
-0.73553466796875 0.0600585937499999 0.353179931640625 0.38427734375
-0.7374267578125 -0.21722412109375 0.28619384765625 0.429962158203125
-0.80224609375 -0.4407958984375 0.166015625 0.40234375
-0.7686767578125 -0.4794921875 0.0344085693359374 0.249099731445313
-0.649169921875 -0.5489501953125 -0.0628433227539063 0.0591583251953125
-0.70318603515625 -0.55865478515625 -0.162399291992188 -0.208709716796875
-0.7410888671875 -0.44354248046875 -0.21746826171875 -0.355224609375
-0.7386474609375 -0.24407958984375 -0.295074462890625 -0.383270263671875
-0.7447509765625 0.09332275390625 -0.32415771484375 -0.274993896484375
-0.68035888671875 0.188720703125 -0.297607421875 -0.337799072265625
-0.53076171875 0.528289794921875 -0.30950927734375 -0.27581787109375
-0.3551025390625 0.62518310546875 -0.36004638671875 -0.360992431640625
-0.408172607421875 0.55743408203125 0.31719970703125 0.519744873046875
-0.458404541015625 0.509368896484375 0.2857666015625 0.481414794921875
-0.586669921875 0.23492431640625 0.36968994140625 0.30804443359375
-0.65106201171875 0.00750732421875014 0.342132568359375 0.359405517578125
-0.64471435546875 -0.23419189453125 0.39013671875 0.40509033203125
-0.72088623046875 -0.42889404296875 0.38995361328125 0.428314208984375
-0.69940185546875 -0.454345703125 0.32977294921875 0.3504638671875
-0.61700439453125 -0.50811767578125 0.2266845703125 0.201126098632812
-0.68511962890625 -0.51348876953125 0.121658325195312 -0.114700317382813
-0.72076416015625 -0.39288330078125 0.0237426757812499 -0.33831787109375
-0.71417236328125 -0.19464111328125 -0.16802978515625 -0.435302734375
-0.69964599609375 0.12762451171875 -0.3248291015625 -0.301116943359375
-0.6370849609375 0.2264404296875 -0.3690185546875 -0.2796630859375
-0.48541259765625 0.546234130859375 -0.39447021484375 -0.0980834960937499
-0.33648681640625 0.60528564453125 -0.483795166015625 -0.129302978515625
-0.322021484375 0.400146484375 0.2293701171875 0.70098876953125
-0.35797119140625 0.365264892578125 0.181396484375 0.57891845703125
-0.435150146484375 0.125946044921875 0.278350830078125 0.3231201171875
-0.46795654296875 -0.0346679687500001 0.304351806640625 0.3184814453125
-0.453094482421875 -0.203277587890625 0.4429931640625 0.380615234375
-0.5291748046875 -0.3551025390625 0.554779052734375 0.449188232421875
-0.528167724609375 -0.3587646484375 0.57366943359375 0.43731689453125
-0.491058349609375 -0.393463134765625 0.485015869140625 0.31292724609375
-0.549346923828125 -0.396697998046875 0.37823486328125 -0.046661376953125
-0.56622314453125 -0.29132080078125 0.239501953125 -0.3338623046875
-0.551361083984375 -0.136474609375 -0.048126220703125 -0.48089599609375
-0.53424072265625 0.11285400390625 -0.3072509765625 -0.322296142578125
-0.489105224609375 0.20086669921875 -0.414398193359375 -0.205963134765625
-0.36492919921875 0.460845947265625 -0.459442138671875 0.0696716308593751
-0.270294189453125 0.478607177734375 -0.58551025390625 0.0830078124999999
-0.1846923828125 0.197250366210938 0.1627197265625 0.81597900390625
-0.202102661132812 0.206253051757812 0.1015625 0.6180419921875
-0.226776123046875 0.042755126953125 0.199127197265625 0.309417724609375
-0.243804931640625 -0.0321197509765625 0.267852783203125 0.280227661132813
-0.227249145507812 -0.117233276367188 0.458709716796875 0.35595703125
-0.29022216796875 -0.216064453125 0.6514892578125 0.46044921875
-0.290283203125 -0.208831787109375 0.7435302734375 0.496826171875
-0.290191650390625 -0.221038818359375 0.6702880859375 0.37567138671875
-0.32952880859375 -0.23193359375 0.5623779296875 -0.01092529296875
-0.31903076171875 -0.1646728515625 0.38787841796875 -0.340240478515625
-0.3037109375 -0.0759887695312499 0.0358581542968749 -0.50872802734375
-0.29510498046875 0.060211181640625 -0.289703369140625 -0.336090087890625
-0.269363403320313 0.12261962890625 -0.439117431640625 -0.1435546875
-0.194091796875 0.28765869140625 -0.5040283203125 0.188201904296875
-0.173049926757813 0.26556396484375 -0.65826416015625 0.23553466796875
-0.0401763916015625 -0.0266265869140625 0.60162353515625 -0.33099365234375
0.00675106048583984 0.0117664337158203 0.53460693359375 -0.212127685546875
-0.00582790374755859 -0.0111894607543945 0.383148193359375 0.065460205078125
-0.0124826431274414 -0.00999736785888672 0.2288818359375 0.36041259765625
0.0172624588012695 -0.0134744644165039 -0.1224365234375 0.427154541015625
0.0417709350585937 -0.0388603210449219 -0.435546875 0.285400390625
0.0262584686279297 -0.0172252655029297 -0.6522216796875 -0.0404052734374999
0.0343418121337891 -0.0157794952392578 -0.7152099609375 -0.38983154296875
0.0376129150390625 -0.00400924682617188 -0.73876953125 -0.52410888671875
0.0530357360839844 0.00105667114257813 -0.63067626953125 -0.47003173828125
0.0410614013671875 0.0376129150390625 -0.472930908203125 -0.281158447265625
0.0060577392578125 0.0231590270996094 -0.256866455078125 -0.199920654296875
0.0238361358642578 -0.00180816650390625 -0.101165771484375 -0.315826416015625
0.0505561828613281 -0.0119171142578125 -0.090576171875 -0.5928955078125
0.02264404296875 -0.0490570068359375 -0.063232421875 -0.84747314453125
-0.183181762695313 0.241363525390625 0.587646484375 -0.285400390625
-0.165115356445313 0.252944946289063 0.52777099609375 -0.15740966796875
-0.242431640625 0.143585205078125 0.41448974609375 0.080841064453125
-0.28179931640625 0.03961181640625 0.24560546875 0.373931884765625
-0.265411376953125 -0.0730133056640625 -0.0861206054687501 0.440765380859375
-0.272109985351563 -0.177505493164062 -0.406890869140625 0.311981201171875
-0.27679443359375 -0.185928344726562 -0.6290283203125 -0.00396728515625005
-0.21148681640625 -0.220535278320313 -0.69171142578125 -0.337158203125
-0.205841064453125 -0.216812133789063 -0.72314453125 -0.49688720703125
-0.185394287109375 -0.180450439453125 -0.62506103515625 -0.459228515625
-0.182662963867188 -0.0950927734375 -0.468109130859375 -0.28619384765625
-0.231338500976563 -0.00425720214843747 -0.257400512695313 -0.196762084960938
-0.211029052734375 0.00958251953124997 -0.100677490234375 -0.330169677734375
-0.162612915039063 0.131088256835937 -0.08624267578125 -0.5733642578125
-0.117813110351563 0.174407958984375 -0.0649414062500001 -0.8214111328125
-0.30999755859375 0.461822509765625 0.551422119140625 -0.144744873046875
-0.3211669921875 0.455078125 0.505950927734375 -0.02984619140625
-0.450347900390625 0.270294189453125 0.447662353515625 0.127532958984375
-0.521331787109375 0.0789794921875001 0.28564453125 0.388031005859375
-0.518798828125 -0.128692626953125 0.00952148437499996 0.449005126953125
-0.551849365234375 -0.303314208984375 -0.284698486328125 0.342315673828125
-0.537200927734375 -0.33685302734375 -0.49151611328125 0.06011962890625
-0.426910400390625 -0.396331787109375 -0.560302734375 -0.234466552734375
-0.43194580078125 -0.40264892578125 -0.616943359375 -0.4249267578125
-0.422943115234375 -0.33673095703125 -0.5640869140625 -0.43017578125
-0.414520263671875 -0.2042236328125 -0.44769287109375 -0.30255126953125
-0.463134765625 -0.00750732421875001 -0.277389526367188 -0.214828491210938
-0.4322509765625 0.0440673828125001 -0.1390380859375 -0.3548583984375
-0.353759765625 0.280426025390625 -0.128662109375 -0.524078369140625
-0.243621826171875 0.37933349609375 -0.12432861328125 -0.72943115234375
-0.40081787109375 0.60009765625 0.49151611328125 0.061737060546875
-0.43798828125 0.5777587890625 0.460693359375 0.145172119140625
-0.59918212890625 0.3345947265625 0.46343994140625 0.1927490234375
-0.69061279296875 0.0906982421874999 0.3323974609375 0.39410400390625
-0.69580078125 -0.17694091796875 0.149078369140625 0.446136474609375
-0.74700927734375 -0.39569091796875 -0.0757751464843751 0.3751220703125
-0.7144775390625 -0.43975830078125 -0.258544921875 0.150497436523437
-0.58453369140625 -0.513427734375 -0.3411865234375 -0.0924682617187501
-0.614501953125 -0.5257568359375 -0.425994873046875 -0.318939208984375
-0.629638671875 -0.43109130859375 -0.429351806640625 -0.390533447265625
-0.6251220703125 -0.2535400390625 -0.394256591796875 -0.33587646484375
-0.65728759765625 0.03594970703125 -0.305877685546875 -0.2430419921875
-0.60760498046875 0.11456298828125 -0.213043212890625 -0.364837646484375
-0.48553466796875 0.4281005859375 -0.21319580078125 -0.425537109375
-0.32470703125 0.543121337890625 -0.23358154296875 -0.5728759765625
-0.4371337890625 0.63616943359375 0.41058349609375 0.299102783203125
-0.48760986328125 0.59466552734375 0.386322021484375 0.329315185546875
-0.650390625 0.32366943359375 0.4395751953125 0.261566162109375
-0.741455078125 0.062255859375 0.357757568359375 0.385986328125
-0.74530029296875 -0.21881103515625 0.289093017578125 0.43157958984375
-0.81195068359375 -0.44195556640625 0.16748046875 0.40362548828125
-0.77752685546875 -0.48162841796875 0.0359954833984375 0.251708984375
-0.65557861328125 -0.55340576171875 -0.06280517578125 0.0619430541992187
-0.71142578125 -0.56298828125 -0.16436767578125 -0.209487915039063
-0.7493896484375 -0.4476318359375 -0.22027587890625 -0.35723876953125
-0.74530029296875 -0.24407958984375 -0.29681396484375 -0.384735107421875
-0.75091552734375 0.0957641601562501 -0.32696533203125 -0.274200439453125
-0.686767578125 0.190673828125 -0.299530029296875 -0.338623046875
-0.532318115234375 0.533721923828125 -0.310211181640625 -0.276458740234375
-0.35589599609375 0.62994384765625 -0.361785888671875 -0.36285400390625
-0.4110107421875 0.562744140625 0.319366455078125 0.525299072265625
-0.45928955078125 0.51446533203125 0.288055419921875 0.4849853515625
-0.5931396484375 0.23797607421875 0.37237548828125 0.3099365234375
-0.65692138671875 0.00738525390624999 0.34442138671875 0.361572265625
-0.65081787109375 -0.23468017578125 0.392852783203125 0.407928466796875
-0.72869873046875 -0.433349609375 0.39385986328125 0.4293212890625
-0.70953369140625 -0.45684814453125 0.333221435546875 0.35284423828125
-0.62249755859375 -0.5123291015625 0.230255126953125 0.204681396484375
-0.6922607421875 -0.5164794921875 0.123428344726562 -0.114295959472656
-0.7271728515625 -0.3955078125 0.0230712890624999 -0.3402099609375
-0.7216796875 -0.19781494140625 -0.169952392578125 -0.437835693359375
-0.70428466796875 0.1314697265625 -0.32611083984375 -0.300262451171875
-0.64300537109375 0.23028564453125 -0.3726806640625 -0.27972412109375
-0.488372802734375 0.552093505859375 -0.397796630859375 -0.0970458984374999
-0.3359375 0.60986328125 -0.48602294921875 -0.128936767578125
-0.322601318359375 0.4052734375 0.2320556640625 0.70562744140625
-0.35919189453125 0.369171142578125 0.18426513671875 0.5830078125
-0.439117431640625 0.126953125 0.2811279296875 0.32440185546875
-0.471282958984375 -0.0339050292968751 0.306060791015625 0.321502685546875
-0.456451416015625 -0.2052001953125 0.446136474609375 0.382080078125
-0.5355224609375 -0.35650634765625 0.55975341796875 0.45172119140625
-0.53338623046875 -0.36187744140625 0.58111572265625 0.442626953125
-0.494903564453125 -0.39495849609375 0.489776611328125 0.317138671875
-0.554718017578125 -0.398651123046875 0.382293701171875 -0.0440673828125
-0.572021484375 -0.2918701171875 0.24102783203125 -0.3359375
-0.55877685546875 -0.138153076171875 -0.046875 -0.48236083984375
-0.537689208984375 0.11627197265625 -0.307220458984375 -0.321441650390625
-0.492279052734375 0.20428466796875 -0.4185791015625 -0.2059326171875
-0.366790771484375 0.464324951171875 -0.46270751953125 0.0713806152343751
-0.271240234375 0.4825439453125 -0.58929443359375 0.08416748046875
-0.186141967773437 0.199752807617188 0.16351318359375 0.8238525390625
-0.202835083007813 0.208786010742187 0.10260009765625 0.62249755859375
-0.229751586914063 0.0444183349609375 0.197998046875 0.311126708984375
-0.245941162109375 -0.0315704345703125 0.2689208984375 0.2822265625
-0.229141235351562 -0.1180419921875 0.463226318359375 0.35882568359375
-0.29339599609375 -0.217071533203125 0.658203125 0.4617919921875
-0.293609619140625 -0.20849609375 0.7491455078125 0.4996337890625
-0.2940673828125 -0.2216796875 0.67742919921875 0.38092041015625
-0.33221435546875 -0.2327880859375 0.56707763671875 -0.00970458984375001
-0.322967529296875 -0.16473388671875 0.39019775390625 -0.340606689453125
-0.30755615234375 -0.0765380859375 0.03643798828125 -0.5115966796875
-0.299072265625 0.060821533203125 -0.2919921875 -0.33587646484375
-0.271469116210938 0.1256103515625 -0.44244384765625 -0.14227294921875
-0.194183349609375 0.289794921875 -0.508209228515625 0.191925048828125
-0.174697875976562 0.268508911132813 -0.66253662109375 0.23895263671875
-0.0408210754394531 -0.0259513854980469 0.604248046875 -0.336181640625
0.00751972198486328 0.0114679336547852 0.53717041015625 -0.218414306640625
-0.00627231597900391 -0.0117979049682617 0.385589599609375 0.06219482421875
-0.0121097564697266 -0.0103130340576172 0.232696533203125 0.361358642578125
0.0177669525146484 -0.0143070220947266 -0.121429443359375 0.430084228515625
0.0418167114257813 -0.039764404296875 -0.4398193359375 0.289093017578125
0.0267658233642578 -0.0176677703857422 -0.65936279296875 -0.0394897460937499
0.0355148315429688 -0.0154685974121094 -0.7259521484375 -0.39178466796875
0.0376205444335938 -0.00264358520507813 -0.7493896484375 -0.52716064453125
0.0534515380859375 0.00114822387695312 -0.6383056640625 -0.47149658203125
0.0418739318847656 0.0377540588378906 -0.4783935546875 -0.28045654296875
0.00624465942382813 0.0237560272216797 -0.258148193359375 -0.199478149414063
0.0244674682617188 -0.00249671936035156 -0.10064697265625 -0.3170166015625
0.0513992309570313 -0.0128021240234375 -0.093017578125 -0.59405517578125
0.0228309631347656 -0.049407958984375 -0.06573486328125 -0.85455322265625
-0.18408203125 0.246429443359375 0.58941650390625 -0.28955078125
-0.165176391601562 0.256179809570313 0.5321044921875 -0.16375732421875
-0.244720458984375 0.145126342773437 0.41912841796875 0.0780029296875
-0.28387451171875 0.040283203125 0.248199462890625 0.3751220703125
-0.268630981445313 -0.0726165771484375 -0.084320068359375 0.4442138671875
-0.275482177734375 -0.179122924804688 -0.41168212890625 0.314849853515625
-0.279739379882813 -0.187576293945312 -0.6370849609375 -0.00183105468749989
-0.212005615234375 -0.221099853515625 -0.6973876953125 -0.341064453125
-0.208572387695313 -0.218093872070313 -0.73077392578125 -0.49993896484375
-0.187896728515625 -0.180740356445313 -0.63226318359375 -0.4609375
-0.18426513671875 -0.0963592529296875 -0.472259521484375 -0.286834716796875
-0.232162475585938 -0.00285339355468746 -0.258834838867187 -0.196533203125
-0.212112426757813 0.010711669921875 -0.1015625 -0.33123779296875
-0.16259765625 0.13275146484375 -0.08837890625 -0.5753173828125
-0.117156982421875 0.176223754882813 -0.0673217773437501 -0.828857421875
-0.3106689453125 0.470672607421875 0.555145263671875 -0.148651123046875
-0.321044921875 0.46038818359375 0.5098876953125 -0.034210205078125
-0.454742431640625 0.274383544921875 0.45086669921875 0.126190185546875
-0.526641845703125 0.0816650390625001 0.2904052734375 0.38812255859375
-0.52520751953125 -0.129058837890625 0.0128479003906249 0.4517822265625
-0.557952880859375 -0.305328369140625 -0.28466796875 0.3446044921875
-0.543975830078125 -0.337127685546875 -0.495574951171875 0.062255859375
-0.431976318359375 -0.39727783203125 -0.5673828125 -0.23394775390625
-0.437774658203125 -0.4041748046875 -0.623046875 -0.4266357421875
-0.42852783203125 -0.337677001953125 -0.57012939453125 -0.4302978515625
-0.418853759765625 -0.20599365234375 -0.450775146484375 -0.304412841796875
-0.466827392578125 -0.00534057617187509 -0.279205322265625 -0.21380615234375
-0.437652587890625 0.0471191406250001 -0.14013671875 -0.355712890625
-0.354248046875 0.2843017578125 -0.130889892578125 -0.52703857421875
-0.243560791015625 0.383880615234375 -0.12677001953125 -0.735595703125
-0.40106201171875 0.611083984375 0.495880126953125 0.060882568359375
-0.437744140625 0.5843505859375 0.46527099609375 0.140411376953125
-0.60382080078125 0.34100341796875 0.46795654296875 0.19158935546875
-0.69891357421875 0.0949707031250002 0.33831787109375 0.39532470703125
-0.70477294921875 -0.17779541015625 0.152099609375 0.450103759765625
-0.7587890625 -0.3970947265625 -0.0750122070312501 0.377655029296875
-0.72320556640625 -0.43994140625 -0.260162353515625 0.152450561523438
-0.59130859375 -0.5164794921875 -0.344024658203125 -0.091094970703125
-0.62353515625 -0.52716064453125 -0.430419921875 -0.320098876953125
-0.6395263671875 -0.43328857421875 -0.43487548828125 -0.392730712890625
-0.63311767578125 -0.256591796875 -0.39715576171875 -0.3348388671875
-0.66290283203125 0.0391235351562499 -0.307647705078125 -0.2421875
-0.61248779296875 0.119873046875 -0.21661376953125 -0.36553955078125
-0.4871826171875 0.4345703125 -0.2158203125 -0.429351806640625
-0.325439453125 0.550689697265625 -0.23529052734375 -0.57794189453125
-0.4393310546875 0.645263671875 0.415618896484375 0.299163818359375
-0.48785400390625 0.60272216796875 0.390625 0.33038330078125
-0.65667724609375 0.328125 0.443450927734375 0.259796142578125
-0.748779296875 0.067626953125 0.36090087890625 0.38671875
-0.75360107421875 -0.21881103515625 0.292022705078125 0.433441162109375
-0.82305908203125 -0.44598388671875 0.170684814453125 0.4039306640625
-0.78717041015625 -0.48193359375 0.0378875732421875 0.254486083984375
-0.661865234375 -0.55712890625 -0.0616645812988282 0.0638465881347656
-0.71978759765625 -0.565185546875 -0.166046142578125 -0.209579467773438
-0.75750732421875 -0.451171875 -0.2232666015625 -0.360504150390625
-0.75469970703125 -0.24560546875 -0.29986572265625 -0.3846435546875
-0.7587890625 0.100830078125 -0.328643798828125 -0.273284912109375
-0.6943359375 0.19854736328125 -0.302825927734375 -0.33917236328125
-0.534759521484375 0.54217529296875 -0.313690185546875 -0.276458740234375
-0.355712890625 0.63592529296875 -0.364593505859375 -0.365081787109375
-0.4132080078125 0.57208251953125 0.323760986328125 0.52874755859375
-0.462005615234375 0.52069091796875 0.290618896484375 0.486724853515625
-0.598388671875 0.24346923828125 0.37469482421875 0.309295654296875
-0.66259765625 0.0108642578124999 0.34765625 0.3631591796875
-0.6583251953125 -0.23419189453125 0.398193359375 0.4091796875
-0.74005126953125 -0.43426513671875 0.3984375 0.429473876953125
-0.71728515625 -0.45733642578125 0.33599853515625 0.356475830078125
-0.62896728515625 -0.515380859375 0.234375 0.206619262695313
-0.69903564453125 -0.518798828125 0.123939514160156 -0.114364624023438
-0.73712158203125 -0.39678955078125 0.0226440429687499 -0.341522216796875
-0.73040771484375 -0.19757080078125 -0.17193603515625 -0.438568115234375
-0.7138671875 0.134765625 -0.3277587890625 -0.300506591796875
-0.6500244140625 0.23565673828125 -0.3768310546875 -0.28009033203125
-0.488433837890625 0.55902099609375 -0.400390625 -0.0964660644531249
-0.33758544921875 0.6168212890625 -0.489990234375 -0.128692626953125
-0.325653076171875 0.410797119140625 0.23785400390625 0.7119140625
-0.361572265625 0.375091552734375 0.18670654296875 0.58758544921875
-0.443817138671875 0.13031005859375 0.28143310546875 0.325897216796875
-0.47528076171875 -0.032318115234375 0.3079833984375 0.32220458984375
-0.461090087890625 -0.205352783203125 0.449859619140625 0.381439208984375
-0.543853759765625 -0.357147216796875 0.565673828125 0.451416015625
-0.541107177734375 -0.361114501953125 0.58721923828125 0.44329833984375
-0.5008544921875 -0.398223876953125 0.497161865234375 0.31964111328125
-0.5609130859375 -0.400299072265625 0.386383056640625 -0.043914794921875
-0.5792236328125 -0.29345703125 0.242340087890625 -0.338653564453125
-0.56280517578125 -0.13775634765625 -0.049530029296875 -0.48370361328125
-0.544342041015625 0.118316650390625 -0.3116455078125 -0.32281494140625
-0.49749755859375 0.20892333984375 -0.423248291015625 -0.203155517578125
-0.36688232421875 0.4718017578125 -0.4644775390625 0.073699951171875
-0.2713623046875 0.48828125 -0.59234619140625 0.0872802734374999
-0.186767578125 0.20257568359375 0.16949462890625 0.82891845703125
-0.202728271484375 0.21148681640625 0.10479736328125 0.62744140625
-0.230911254882813 0.045867919921875 0.198822021484375 0.313385009765625
-0.248489379882813 -0.0306854248046875 0.269744873046875 0.282012939453125
-0.23193359375 -0.119537353515625 0.466217041015625 0.359039306640625
-0.297149658203125 -0.216644287109375 0.66448974609375 0.46295166015625
-0.29876708984375 -0.209259033203125 0.7587890625 0.49957275390625
-0.295166015625 -0.2225341796875 0.68634033203125 0.38262939453125
-0.336181640625 -0.234039306640625 0.57196044921875 -0.00964355468750001
-0.32830810546875 -0.16473388671875 0.392822265625 -0.34466552734375
-0.31085205078125 -0.0774841308593751 0.03564453125 -0.514434814453125
-0.3017578125 0.06304931640625 -0.293853759765625 -0.334686279296875
-0.274444580078125 0.12744140625 -0.447052001953125 -0.140289306640625
-0.193572998046875 0.292144775390625 -0.511810302734375 0.195343017578125
-0.173782348632813 0.271240234375 -0.6650390625 0.2427978515625
-0.0414161682128906 -0.0246391296386719 0.60699462890625 -0.34222412109375
0.00847721099853516 0.0110969543457031 0.54119873046875 -0.22564697265625
-0.0063018798828125 -0.011688232421875 0.390716552734375 0.05877685546875
-0.0124292373657227 -0.0101232528686523 0.2374267578125 0.36163330078125
0.0182266235351563 -0.0145683288574219 -0.12115478515625 0.43450927734375
0.0420608520507813 -0.04058837890625 -0.44244384765625 0.29412841796875
0.0274696350097656 -0.0180187225341797 -0.6673583984375 -0.0370483398437499
0.0361213684082031 -0.0156021118164063 -0.73516845703125 -0.39410400390625
0.0380859375 -0.00238418579101563 -0.7591552734375 -0.52960205078125
0.0537376403808594 0.000606536865234375 -0.644775390625 -0.471435546875
0.0427513122558594 0.0375633239746094 -0.483673095703125 -0.279296875
0.0069122314453125 0.0244331359863281 -0.261154174804688 -0.198257446289063
0.0247611999511719 -0.00163650512695313 -0.10076904296875 -0.31817626953125
0.0521278381347656 -0.0139122009277344 -0.0947265625000001 -0.59912109375
0.0227546691894531 -0.049957275390625 -0.0704345703125001 -0.8603515625
-0.184967041015625 0.249969482421875 0.59161376953125 -0.2957763671875
-0.163818359375 0.257247924804688 0.53619384765625 -0.170501708984375
-0.246124267578125 0.147476196289063 0.424591064453125 0.0755615234375
-0.287322998046875 0.0433959960937499 0.2550048828125 0.374969482421875
-0.2720947265625 -0.0720062255859375 -0.081451416015625 0.447418212890625
-0.2811279296875 -0.179122924804688 -0.41412353515625 0.318756103515625
-0.282470703125 -0.187896728515625 -0.643798828125 -0.000610351562500153
-0.215484619140625 -0.221817016601562 -0.70758056640625 -0.3385009765625
-0.212173461914063 -0.218582153320313 -0.74127197265625 -0.50079345703125
-0.191177368164063 -0.181655883789063 -0.63824462890625 -0.461181640625
-0.186172485351563 -0.0968170166015625 -0.476715087890625 -0.283477783203125
-0.234664916992188 -0.000854492187500041 -0.260589599609375 -0.194686889648438
-0.214187622070313 0.01275634765625 -0.102691650390625 -0.33245849609375
-0.162872314453125 0.134674072265625 -0.089599609375 -0.580078125
-0.11767578125 0.178756713867188 -0.0703125 -0.8345947265625
-0.31097412109375 0.47796630859375 0.55889892578125 -0.15228271484375
-0.322601318359375 0.467437744140625 0.514129638671875 -0.03765869140625
-0.45770263671875 0.278167724609375 0.456817626953125 0.122100830078125
-0.531158447265625 0.0842895507812499 0.296112060546875 0.38916015625
-0.530517578125 -0.128448486328125 0.0142822265625 0.45556640625
-0.56671142578125 -0.3046875 -0.2860107421875 0.34747314453125
-0.550628662109375 -0.337432861328125 -0.50189208984375 0.0647583007812501
-0.43658447265625 -0.399261474609375 -0.57452392578125 -0.23321533203125
-0.444000244140625 -0.405059814453125 -0.6324462890625 -0.42669677734375
-0.434478759765625 -0.33984375 -0.5770263671875 -0.43218994140625
-0.4229736328125 -0.206787109375 -0.455291748046875 -0.302215576171875
-0.470855712890625 -0.00198364257812503 -0.27972412109375 -0.212646484375
-0.44122314453125 0.0517272949218751 -0.1416015625 -0.356689453125
-0.355224609375 0.288665771484375 -0.13446044921875 -0.52880859375
-0.24188232421875 0.38824462890625 -0.131103515625 -0.74212646484375
-0.403076171875 0.62103271484375 0.49822998046875 0.05999755859375
-0.439453125 0.59234619140625 0.46923828125 0.1419677734375
-0.60992431640625 0.3480224609375 0.473846435546875 0.1883544921875
-0.70281982421875 0.0992431640625 0.342926025390625 0.395721435546875
-0.71240234375 -0.177490234375 0.156097412109375 0.452239990234375
-0.77020263671875 -0.39801025390625 -0.0745849609375 0.3773193359375
-0.7337646484375 -0.44110107421875 -0.262237548828125 0.156143188476562
-0.59698486328125 -0.51727294921875 -0.348724365234375 -0.08905029296875
-0.632080078125 -0.52862548828125 -0.437774658203125 -0.321563720703125
-0.6474609375 -0.43463134765625 -0.44000244140625 -0.39190673828125
-0.640869140625 -0.2552490234375 -0.40185546875 -0.33465576171875
-0.66912841796875 0.044189453125 -0.30950927734375 -0.240631103515625
-0.61981201171875 0.12646484375 -0.21929931640625 -0.366790771484375
-0.48736572265625 0.442901611328125 -0.21795654296875 -0.4288330078125
-0.323577880859375 0.556488037109375 -0.23858642578125 -0.58056640625
-0.4381103515625 0.6556396484375 0.419158935546875 0.3011474609375
-0.490234375 0.6114501953125 0.395263671875 0.32916259765625
-0.66241455078125 0.33575439453125 0.449310302734375 0.2589111328125
-0.75286865234375 0.07080078125 0.3656005859375 0.389312744140625
-0.76318359375 -0.2164306640625 0.29754638671875 0.432647705078125
-0.83551025390625 -0.445556640625 0.173431396484375 0.405517578125
-0.79901123046875 -0.48175048828125 0.040252685546875 0.25653076171875
-0.67120361328125 -0.5579833984375 -0.0623588562011719 0.0669441223144531
-0.728759765625 -0.56689453125 -0.168594360351563 -0.209426879882813
-0.76727294921875 -0.45269775390625 -0.22735595703125 -0.361419677734375
-0.76300048828125 -0.24517822265625 -0.302947998046875 -0.38397216796875
-0.7640380859375 0.10589599609375 -0.330535888671875 -0.2718505859375
-0.69873046875 0.2042236328125 -0.307708740234375 -0.339874267578125
-0.534637451171875 0.551910400390625 -0.316650390625 -0.27569580078125
-0.354248046875 0.6451416015625 -0.3681640625 -0.36651611328125
-0.41241455078125 0.582763671875 0.33026123046875 0.532012939453125
-0.46185302734375 0.530181884765625 0.29632568359375 0.48992919921875
-0.6046142578125 0.2476806640625 0.379638671875 0.310089111328125
-0.6688232421875 0.0145263671874999 0.350341796875 0.36273193359375
-0.66571044921875 -0.23291015625 0.40301513671875 0.409454345703125
-0.74981689453125 -0.4351806640625 0.403961181640625 0.42877197265625
-0.72552490234375 -0.45709228515625 0.343658447265625 0.358367919921875
-0.63665771484375 -0.51531982421875 0.238967895507812 0.210357666015625
-0.71002197265625 -0.5208740234375 0.125404357910156 -0.114036560058594
-0.748046875 -0.3968505859375 0.0213012695312499 -0.3448486328125
-0.73785400390625 -0.19683837890625 -0.175933837890625 -0.439849853515625
-0.71807861328125 0.13970947265625 -0.33038330078125 -0.299041748046875
-0.6552734375 0.2430419921875 -0.381591796875 -0.27886962890625
-0.48968505859375 0.56817626953125 -0.4031982421875 -0.0946044921875
-0.33489990234375 0.62371826171875 -0.492218017578125 -0.1268310546875
-0.325042724609375 0.420135498046875 0.24273681640625 0.71697998046875
-0.3619384765625 0.380126953125 0.1915283203125 0.59075927734375
-0.44793701171875 0.13494873046875 0.28521728515625 0.3267822265625
-0.480072021484375 -0.0283813476562499 0.309112548828125 0.32275390625
-0.466827392578125 -0.204437255859375 0.4560546875 0.38232421875
-0.551483154296875 -0.357635498046875 0.57183837890625 0.450927734375
-0.549163818359375 -0.361419677734375 0.5970458984375 0.4443359375
-0.506256103515625 -0.398101806640625 0.505706787109375 0.321380615234375
-0.57073974609375 -0.4005126953125 0.388427734375 -0.043670654296875
-0.5867919921875 -0.29425048828125 0.242523193359375 -0.342376708984375
-0.57037353515625 -0.138671875 -0.052154541015625 -0.4853515625
-0.5501708984375 0.12322998046875 -0.314178466796875 -0.32025146484375
-0.5018310546875 0.213897705078125 -0.4278564453125 -0.202484130859375
-0.366485595703125 0.47808837890625 -0.468658447265625 0.0785217285156251
-0.270416259765625 0.494384765625 -0.594970703125 0.0916137695312499
-0.1884765625 0.205352783203125 0.175048828125 0.83831787109375
-0.203414916992187 0.215072631835938 0.10870361328125 0.63409423828125
-0.23309326171875 0.048614501953125 0.201507568359375 0.313323974609375
-0.250747680664063 -0.0301513671875001 0.271759033203125 0.283294677734375
-0.235092163085938 -0.118728637695313 0.47021484375 0.3577880859375
-0.30364990234375 -0.217529296875 0.67205810546875 0.4622802734375
-0.303558349609375 -0.20855712890625 0.76953125 0.5020751953125
-0.299591064453125 -0.22283935546875 0.6964111328125 0.3848876953125
-0.340301513671875 -0.23333740234375 0.5794677734375 -0.01043701171875
-0.332244873046875 -0.1651611328125 0.39520263671875 -0.3480224609375
-0.314453125 -0.077728271484375 0.0328369140625 -0.5167236328125
-0.305023193359375 0.0656738281250001 -0.298095703125 -0.3348388671875
-0.276718139648438 0.131088256835938 -0.451568603515625 -0.13702392578125
-0.193115234375 0.296630859375 -0.513427734375 0.20074462890625
-0.174789428710938 0.274581909179688 -0.6685791015625 0.25
-0.0419807434082031 -0.0239105224609375 0.60980224609375 -0.3507080078125
0.00910758972167969 0.0106296539306641 0.54254150390625 -0.2325439453125
-0.00635623931884766 -0.0118017196655273 0.393280029296875 0.05419921875
-0.0124006271362305 -0.0100746154785156 0.2427978515625 0.3619384765625
0.0183181762695313 -0.01556396484375 -0.118499755859375 0.43731689453125
0.0418701171875 -0.041259765625 -0.446075439453125 0.2979736328125
0.0283832550048828 -0.0187931060791016 -0.67474365234375 -0.0346679687500001
0.0370330810546875 -0.0154342651367187 -0.74688720703125 -0.39227294921875
0.038360595703125 -0.00180816650390625 -0.771240234375 -0.53173828125
0.053924560546875 0.0002288818359375 -0.6519775390625 -0.47198486328125
0.0436325073242188 0.0369529724121094 -0.488037109375 -0.27618408203125
0.00717544555664063 0.0251750946044922 -0.263259887695313 -0.196426391601562
0.0252246856689453 -0.00174522399902344 -0.101837158203125 -0.318939208984375
0.0531349182128906 -0.0147590637207031 -0.09918212890625 -0.603271484375
0.0224609375 -0.0503768920898438 -0.0770263671875001 -0.869140625
-0.183486938476563 0.255416870117188 0.59521484375 -0.3038330078125
-0.163604736328125 0.26287841796875 0.5377197265625 -0.176177978515625
-0.247802734375 0.151443481445313 0.42822265625 0.071807861328125
-0.289154052734375 0.046142578125 0.26019287109375 0.37384033203125
-0.274932861328125 -0.0719757080078125 -0.0808410644531251 0.451263427734375
-0.285491943359375 -0.1802978515625 -0.4158935546875 0.324493408203125
-0.287261962890625 -0.18792724609375 -0.6497802734375 0.00433349609375007
-0.21820068359375 -0.222000122070313 -0.71954345703125 -0.3377685546875
-0.2159423828125 -0.217864990234375 -0.75006103515625 -0.501708984375
-0.19366455078125 -0.181884765625 -0.64654541015625 -0.4595947265625
-0.188522338867188 -0.0968475341796875 -0.481903076171875 -0.28204345703125
-0.236328125 0.00160217285156253 -0.262527465820313 -0.192657470703125
-0.215927124023437 0.01495361328125 -0.103363037109375 -0.332733154296875
-0.161483764648438 0.136764526367188 -0.0922241210937501 -0.58477783203125
-0.11639404296875 0.181198120117188 -0.0770874023437499 -0.84222412109375
-0.31036376953125 0.488037109375 0.561859130859375 -0.15673828125
-0.32159423828125 0.47271728515625 0.5177001953125 -0.04364013671875
-0.46087646484375 0.286529541015625 0.46270751953125 0.117919921875
-0.536834716796875 0.0891113281250001 0.30059814453125 0.387725830078125
-0.537353515625 -0.125396728515625 0.017547607421875 0.458038330078125
-0.5758056640625 -0.304443359375 -0.286376953125 0.35076904296875
-0.5592041015625 -0.335723876953125 -0.50762939453125 0.0684204101562501
-0.44158935546875 -0.4002685546875 -0.58221435546875 -0.2313232421875
-0.452362060546875 -0.4056396484375 -0.640869140625 -0.427001953125
-0.440673828125 -0.34075927734375 -0.5838623046875 -0.4306640625
-0.430328369140625 -0.20697021484375 -0.460784912109375 -0.2998046875
-0.4752197265625 0.00305175781250006 -0.283477783203125 -0.211669921875
-0.44354248046875 0.0562133789062501 -0.143341064453125 -0.35845947265625
-0.35491943359375 0.294342041015625 -0.137603759765625 -0.533172607421875
-0.24053955078125 0.39422607421875 -0.134765625 -0.7486572265625
-0.40087890625 0.63232421875 0.503021240234375 0.05816650390625
-0.4381103515625 0.60211181640625 0.474761962890625 0.136444091796875
-0.61480712890625 0.35675048828125 0.478485107421875 0.185791015625
-0.7100830078125 0.1036376953125 0.347991943359375 0.395904541015625
-0.72259521484375 -0.17352294921875 0.159881591796875 0.454193115234375
-0.7808837890625 -0.39666748046875 -0.0738525390625 0.381805419921875
-0.7442626953125 -0.440673828125 -0.262954711914063 0.158981323242187
-0.6063232421875 -0.517822265625 -0.35260009765625 -0.0861816406250001
-0.6417236328125 -0.530029296875 -0.443695068359375 -0.32110595703125
-0.65740966796875 -0.43505859375 -0.447021484375 -0.392608642578125
-0.647705078125 -0.2564697265625 -0.407073974609375 -0.331787109375
-0.6748046875 0.0501708984375 -0.313323974609375 -0.239013671875
-0.62493896484375 0.1324462890625 -0.22283935546875 -0.366058349609375
-0.48663330078125 0.450958251953125 -0.2222900390625 -0.431182861328125
-0.32208251953125 0.563232421875 -0.24383544921875 -0.5849609375
-0.43798828125 0.668701171875 0.425445556640625 0.301849365234375
-0.48809814453125 0.6204833984375 0.398956298828125 0.327972412109375
-0.6668701171875 0.34515380859375 0.4534912109375 0.2564697265625
-0.762451171875 0.0779418945312501 0.372039794921875 0.3880615234375
-0.77166748046875 -0.21319580078125 0.302459716796875 0.435821533203125
-0.8482666015625 -0.44482421875 0.17767333984375 0.40643310546875
-0.8094482421875 -0.48101806640625 0.0420227050781249 0.259063720703125
-0.67852783203125 -0.5587158203125 -0.0616340637207032 0.0698471069335937
-0.74072265625 -0.56756591796875 -0.172622680664063 -0.209548950195313
-0.77947998046875 -0.45147705078125 -0.232635498046875 -0.36114501953125
-0.77294921875 -0.24395751953125 -0.307830810546875 -0.3828125
-0.77117919921875 0.11181640625 -0.333343505859375 -0.270751953125
-0.7069091796875 0.2132568359375 -0.312469482421875 -0.3392333984375
-0.5328369140625 0.560791015625 -0.319305419921875 -0.276611328125
-0.35076904296875 0.6529541015625 -0.37261962890625 -0.366363525390625
-0.4124755859375 0.59161376953125 0.335968017578125 0.536346435546875
-0.46282958984375 0.538665771484375 0.301666259765625 0.49078369140625
-0.60931396484375 0.25628662109375 0.3841552734375 0.30889892578125
-0.67510986328125 0.0205078125 0.356536865234375 0.36248779296875
-0.67449951171875 -0.2315673828125 0.408355712890625 0.40814208984375
-0.76361083984375 -0.43438720703125 0.409820556640625 0.42864990234375
-0.73895263671875 -0.45697021484375 0.34967041015625 0.357879638671875
-0.6466064453125 -0.51483154296875 0.244155883789062 0.211807250976562
-0.72137451171875 -0.51806640625 0.125892639160156 -0.113983154296875
-0.75811767578125 -0.3951416015625 0.0180664062499999 -0.347930908203125
-0.7457275390625 -0.19488525390625 -0.177947998046875 -0.439361572265625
-0.72613525390625 0.146728515625 -0.33489990234375 -0.29833984375
-0.65972900390625 0.25042724609375 -0.386444091796875 -0.277069091796875
-0.488037109375 0.57769775390625 -0.407196044921875 -0.0911254882812499
-0.3341064453125 0.6318359375 -0.4970703125 -0.123779296875
-0.326141357421875 0.426483154296875 0.24945068359375 0.72344970703125
-0.3624267578125 0.386566162109375 0.19610595703125 0.59588623046875
-0.451568603515625 0.140716552734375 0.28887939453125 0.326690673828125
-0.485870361328125 -0.026336669921875 0.31414794921875 0.322723388671875
-0.47271728515625 -0.203704833984375 0.461761474609375 0.380615234375
-0.560943603515625 -0.35797119140625 0.579833984375 0.44805908203125
-0.556396484375 -0.360748291015625 0.60528564453125 0.44500732421875
-0.513671875 -0.398162841796875 0.5142822265625 0.3228759765625
-0.5814208984375 -0.4017333984375 0.393310546875 -0.045623779296875
-0.59393310546875 -0.29400634765625 0.242706298828125 -0.345977783203125
-0.5782470703125 -0.13555908203125 -0.055389404296875 -0.48846435546875
-0.554656982421875 0.128662109375 -0.31658935546875 -0.318878173828125
-0.506195068359375 0.22174072265625 -0.433380126953125 -0.20037841796875
-0.3658447265625 0.486419677734375 -0.472900390625 0.082916259765625
-0.27069091796875 0.500701904296875 -0.59918212890625 0.0980834960937501
-0.18731689453125 0.209426879882812 0.182861328125 0.8438720703125
-0.203567504882813 0.218048095703125 0.11407470703125 0.6387939453125
-0.235763549804688 0.0516815185546875 0.203155517578125 0.314361572265625
-0.252151489257813 -0.026824951171875 0.27374267578125 0.282440185546875
-0.237808227539063 -0.118270874023437 0.47705078125 0.357025146484375
-0.309051513671875 -0.216949462890625 0.681884765625 0.46099853515625
-0.308013916015625 -0.2078857421875 0.78076171875 0.5018310546875
-0.30438232421875 -0.2227783203125 0.70867919921875 0.3839111328125
-0.34649658203125 -0.232635498046875 0.584716796875 -0.01226806640625
-0.336151123046875 -0.165008544921875 0.39544677734375 -0.35302734375
-0.31842041015625 -0.0765380859375 0.030792236328125 -0.51983642578125
-0.30804443359375 0.068115234375 -0.301727294921875 -0.333648681640625
-0.278228759765625 0.135208129882813 -0.45654296875 -0.134063720703125
-0.190643310546875 0.299224853515625 -0.517242431640625 0.206451416015625
-0.174148559570313 0.277786254882813 -0.67218017578125 0.2569580078125
-0.0420112609863281 -0.0233345031738281 0.6087646484375 -0.3603515625
0.00988483428955078 0.0102405548095703 0.54351806640625 -0.241485595703125
-0.00642204284667968 -0.0118227005004883 0.3970947265625 0.0494384765625
-0.0120611190795898 -0.00944709777832031 0.24835205078125 0.360931396484375
0.0186405181884766 -0.0159702301025391 -0.11578369140625 0.442901611328125
0.0413742065429688 -0.0425834655761719 -0.448089599609375 0.30450439453125
0.0291290283203125 -0.0194187164306641 -0.681884765625 -0.030029296875
0.0380477905273438 -0.0152397155761719 -0.758544921875 -0.3907470703125
0.0385246276855469 -0.00139236450195313 -0.78271484375 -0.5303955078125
0.0541534423828125 -0.000331878662109375 -0.66180419921875 -0.46966552734375
0.0443878173828125 0.0374946594238281 -0.492401123046875 -0.273406982421875
0.00818824768066406 0.0259571075439453 -0.264755249023438 -0.193359375
0.0259132385253906 -0.00197982788085938 -0.102783203125 -0.319671630859375
0.0541839599609375 -0.016693115234375 -0.1038818359375 -0.60498046875
0.0221061706542969 -0.0511016845703125 -0.08538818359375 -0.87457275390625
-0.183456420898438 0.262069702148438 0.59735107421875 -0.3134765625
-0.163177490234375 0.267684936523437 0.53912353515625 -0.185638427734375
-0.249267578125 0.155807495117187 0.431060791015625 0.064910888671875
-0.291107177734375 0.0488281250000001 0.266937255859375 0.373748779296875
-0.278427124023438 -0.0703277587890625 -0.07635498046875 0.45391845703125
-0.290802001953125 -0.178497314453125 -0.41754150390625 0.329986572265625
-0.29119873046875 -0.18634033203125 -0.6563720703125 0.00903320312499999
-0.220230102539063 -0.222457885742188 -0.7296142578125 -0.3348388671875
-0.2198486328125 -0.218063354492188 -0.762939453125 -0.4989013671875
-0.197265625 -0.182052612304687 -0.6563720703125 -0.45916748046875
-0.19189453125 -0.09649658203125 -0.487335205078125 -0.27984619140625
-0.236083984375 0.00491333007812496 -0.264068603515625 -0.19073486328125
-0.218093872070313 0.017578125 -0.104217529296875 -0.334228515625
-0.160263061523437 0.139007568359375 -0.09881591796875 -0.5870361328125
-0.11541748046875 0.183853149414062 -0.0855712890624999 -0.8486328125
-0.30853271484375 0.4959716796875 0.564453125 -0.163818359375
-0.320037841796875 0.4803466796875 0.519866943359375 -0.0511474609375
-0.463531494140625 0.2926025390625 0.468841552734375 0.112396240234375
-0.540557861328125 0.095855712890625 0.30718994140625 0.388763427734375
-0.544769287109375 -0.122222900390625 0.0220642089843749 0.4619140625
-0.5855712890625 -0.30377197265625 -0.28692626953125 0.3544921875
-0.56683349609375 -0.3348388671875 -0.510345458984375 0.0737609863281251
-0.450469970703125 -0.39971923828125 -0.5892333984375 -0.2283935546875
-0.459686279296875 -0.406158447265625 -0.65179443359375 -0.42462158203125
-0.44927978515625 -0.339813232421875 -0.593994140625 -0.428955078125
-0.43426513671875 -0.205078125 -0.466400146484375 -0.297882080078125
-0.480194091796875 0.00891113281250008 -0.284088134765625 -0.209259033203125
-0.447601318359375 0.0611877441406251 -0.14581298828125 -0.357147216796875
-0.352783203125 0.30145263671875 -0.14202880859375 -0.53546142578125
-0.240203857421875 0.39886474609375 -0.14154052734375 -0.7532958984375
-0.39813232421875 0.6439208984375 0.507171630859375 0.053253173828125
-0.43487548828125 0.612060546875 0.479156494140625 0.132080078125
-0.6171875 0.36712646484375 0.48486328125 0.18060302734375
-0.7158203125 0.1123046875 0.35504150390625 0.39495849609375
-0.728759765625 -0.1683349609375 0.166534423828125 0.456817626953125
-0.79296875 -0.39215087890625 -0.0719299316406251 0.38323974609375
-0.75531005859375 -0.43670654296875 -0.263702392578125 0.16351318359375
-0.61431884765625 -0.515625 -0.35577392578125 -0.082183837890625
-0.6514892578125 -0.5286865234375 -0.449798583984375 -0.320343017578125
-0.668701171875 -0.43157958984375 -0.454498291015625 -0.390625
-0.6558837890625 -0.254150390625 -0.412078857421875 -0.33038330078125
-0.6806640625 0.05767822265625 -0.314727783203125 -0.237335205078125
-0.62884521484375 0.14105224609375 -0.2257080078125 -0.365753173828125
-0.485015869140625 0.459930419921875 -0.2264404296875 -0.431671142578125
-0.31793212890625 0.571533203125 -0.25048828125 -0.5867919921875
-0.43463134765625 0.6806640625 0.42987060546875 0.3009033203125
-0.48626708984375 0.6319580078125 0.405059814453125 0.327056884765625
-0.669921875 0.35400390625 0.459686279296875 0.252410888671875
-0.7667236328125 0.0843505859375 0.37646484375 0.3857421875
-0.78125 -0.208251953125 0.3092041015625 0.433868408203125
-0.86285400390625 -0.4407958984375 0.18231201171875 0.404815673828125
-0.8203125 -0.48004150390625 0.0443878173828125 0.26123046875
-0.68865966796875 -0.557861328125 -0.0597152709960938 0.072540283203125
-0.75213623046875 -0.565185546875 -0.175735473632813 -0.208343505859375
-0.792236328125 -0.447998046875 -0.236236572265625 -0.363616943359375
-0.78143310546875 -0.23931884765625 -0.312530517578125 -0.381988525390625
-0.77783203125 0.12176513671875 -0.33624267578125 -0.268096923828125
-0.70947265625 0.2218017578125 -0.31689453125 -0.337890625
-0.52978515625 0.5712890625 -0.324127197265625 -0.274139404296875
-0.34771728515625 0.66241455078125 -0.378692626953125 -0.366424560546875
-0.40997314453125 0.6029052734375 0.3428955078125 0.538238525390625
-0.46099853515625 0.54608154296875 0.3077392578125 0.4903564453125
-0.61297607421875 0.2642822265625 0.390625 0.30816650390625
-0.67974853515625 0.0274658203124999 0.360565185546875 0.361602783203125
-0.68359375 -0.2274169921875 0.414398193359375 0.405975341796875
-0.774169921875 -0.430908203125 0.415283203125 0.42742919921875
-0.747802734375 -0.45361328125 0.356964111328125 0.359039306640625
-0.65673828125 -0.513671875 0.2496337890625 0.212387084960937
-0.73114013671875 -0.51885986328125 0.1265869140625 -0.114303588867188
-0.7694091796875 -0.39373779296875 0.01495361328125 -0.349822998046875
-0.75732421875 -0.19134521484375 -0.182830810546875 -0.439300537109375
-0.729736328125 0.1549072265625 -0.33935546875 -0.29571533203125
-0.6649169921875 0.26043701171875 -0.392486572265625 -0.275115966796875
-0.48345947265625 0.586669921875 -0.409515380859375 -0.087493896484375
-0.32672119140625 0.64178466796875 -0.500885009765625 -0.121490478515625
-0.3236083984375 0.435546875 0.25872802734375 0.72735595703125
-0.36053466796875 0.39410400390625 0.1998291015625 0.59930419921875
-0.4537353515625 0.148345947265625 0.292510986328125 0.32647705078125
-0.48858642578125 -0.0208740234375001 0.317474365234375 0.322113037109375
-0.47967529296875 -0.201019287109375 0.467254638671875 0.3780517578125
-0.571533203125 -0.35443115234375 0.588623046875 0.4462890625
-0.5654296875 -0.35845947265625 0.6156005859375 0.4439697265625
-0.51959228515625 -0.395263671875 0.524627685546875 0.323089599609375
-0.58758544921875 -0.3975830078125 0.397735595703125 -0.047271728515625
-0.60302734375 -0.29193115234375 0.2408447265625 -0.347930908203125
-0.58514404296875 -0.1319580078125 -0.05902099609375 -0.490325927734375
-0.559478759765625 0.1343994140625 -0.32342529296875 -0.317474365234375
-0.508148193359375 0.228118896484375 -0.43780517578125 -0.196441650390625
-0.36224365234375 0.492523193359375 -0.472991943359375 0.0885314941406251
-0.26556396484375 0.50616455078125 -0.60107421875 0.10223388671875
-0.187515258789063 0.214157104492188 0.19207763671875 0.85009765625
-0.202484130859375 0.221710205078125 0.120361328125 0.6414794921875
-0.238388061523437 0.053863525390625 0.208160400390625 0.314605712890625
-0.25408935546875 -0.0243682861328125 0.2757568359375 0.2821044921875
-0.241622924804687 -0.117233276367188 0.481719970703125 0.352996826171875
-0.31494140625 -0.21502685546875 0.68994140625 0.4571533203125
-0.312530517578125 -0.206512451171875 0.79254150390625 0.49847412109375
-0.3077392578125 -0.221405029296875 0.71807861328125 0.38201904296875
-0.3514404296875 -0.230438232421875 0.59222412109375 -0.0162353515625
-0.3424072265625 -0.163726806640625 0.395355224609375 -0.357086181640625
-0.322967529296875 -0.0745849609374999 0.0241699218749999 -0.522491455078125
-0.311065673828125 0.071929931640625 -0.305389404296875 -0.33245849609375
-0.28021240234375 0.138885498046875 -0.462127685546875 -0.12921142578125
-0.189727783203125 0.30389404296875 -0.518798828125 0.213897705078125
-0.172027587890625 0.2818603515625 -0.6744384765625 0.26361083984375
-0.04254150390625 -0.0217742919921875 0.6087646484375 -0.3690185546875
0.0101890563964844 0.00978183746337891 0.544586181640625 -0.250396728515625
-0.00763130187988281 -0.0125179290771484 0.400177001953125 0.044097900390625
-0.0129337310791016 -0.00940227508544922 0.2535400390625 0.35906982421875
0.0187740325927734 -0.0167865753173828 -0.11328125 0.444549560546875
0.0404205322265625 -0.04248046875 -0.44830322265625 0.311004638671875
0.0298786163330078 -0.0202312469482422 -0.68951416015625 -0.0230712890625
0.039093017578125 -0.0155067443847656 -0.76904296875 -0.38604736328125
0.0385513305664063 -0.00106048583984375 -0.79534912109375 -0.52716064453125
0.0544471740722656 -0.000400543212890625 -0.6690673828125 -0.4661865234375
0.0447731018066406 0.0360832214355469 -0.49810791015625 -0.268585205078125
0.00880241394042969 0.0269031524658203 -0.268142700195313 -0.190444946289063
0.0267543792724609 -0.00205039978027344 -0.104888916015625 -0.319366455078125
0.0544281005859375 -0.0178413391113281 -0.109375 -0.60784912109375
0.0215187072753906 -0.0511741638183594 -0.0930175781249999 -0.88031005859375
-0.181243896484375 0.266983032226563 0.59619140625 -0.31939697265625
-0.15936279296875 0.27056884765625 0.54046630859375 -0.19342041015625
-0.250289916992188 0.160049438476562 0.436004638671875 0.059356689453125
-0.293487548828125 0.05059814453125 0.273040771484375 0.372100830078125
-0.281280517578125 -0.0689392089843749 -0.0732421875000001 0.45758056640625
-0.295135498046875 -0.1778564453125 -0.4188232421875 0.335845947265625
-0.29473876953125 -0.185394287109375 -0.6619873046875 0.01519775390625
-0.22418212890625 -0.221832275390625 -0.7392578125 -0.32958984375
-0.22454833984375 -0.214370727539063 -0.7747802734375 -0.49560546875
-0.201751708984375 -0.18084716796875 -0.6630859375 -0.455810546875
-0.193832397460937 -0.096649169921875 -0.49102783203125 -0.273284912109375
-0.2393798828125 0.0073394775390625 -0.266510009765625 -0.188720703125
-0.219161987304688 0.0204620361328125 -0.107421875 -0.333099365234375
-0.159210205078125 0.141357421875 -0.1038818359375 -0.588623046875
-0.113677978515625 0.185562133789062 -0.091796875 -0.8544921875
-0.304840087890625 0.504669189453125 0.5657958984375 -0.17071533203125
-0.315338134765625 0.48944091796875 0.5233154296875 -0.05767822265625
-0.465606689453125 0.301116943359375 0.472198486328125 0.107208251953125
-0.543670654296875 0.10150146484375 0.314300537109375 0.384979248046875
-0.54937744140625 -0.119873046875 0.02880859375 0.462615966796875
-0.59478759765625 -0.29998779296875 -0.2880859375 0.3603515625
-0.57354736328125 -0.3316650390625 -0.5137939453125 0.0801391601562501
-0.4552001953125 -0.397674560546875 -0.595947265625 -0.222900390625
-0.46844482421875 -0.40289306640625 -0.660400390625 -0.42169189453125
-0.456298828125 -0.337310791015625 -0.60064697265625 -0.42529296875
-0.441009521484375 -0.20184326171875 -0.471221923828125 -0.2921142578125
-0.482025146484375 0.0129089355468751 -0.28717041015625 -0.205230712890625
-0.451171875 0.06658935546875 -0.149139404296875 -0.357421875
-0.350616455078125 0.306243896484375 -0.146148681640625 -0.53521728515625
-0.235076904296875 0.40509033203125 -0.1494140625 -0.755615234375
-0.3922119140625 0.655517578125 0.5087890625 0.050048828125
-0.433837890625 0.6207275390625 0.481597900390625 0.125518798828125
-0.61785888671875 0.37652587890625 0.48931884765625 0.174530029296875
-0.71917724609375 0.120849609375 0.361297607421875 0.3916015625
-0.73626708984375 -0.161865234375 0.171356201171875 0.456329345703125
-0.80609130859375 -0.3887939453125 -0.0697937011718751 0.38555908203125
-0.766845703125 -0.43035888671875 -0.263961791992188 0.16705322265625
-0.62200927734375 -0.515380859375 -0.3587646484375 -0.07745361328125
-0.6656494140625 -0.5255126953125 -0.45782470703125 -0.3172607421875
-0.6785888671875 -0.42901611328125 -0.461212158203125 -0.38861083984375
-0.6634521484375 -0.24920654296875 -0.4178466796875 -0.326171875
-0.6845703125 0.0655517578125 -0.31719970703125 -0.233551025390625
-0.6312255859375 0.150634765625 -0.229888916015625 -0.36395263671875
-0.48162841796875 0.467498779296875 -0.231781005859375 -0.430755615234375
-0.3118896484375 0.57904052734375 -0.257080078125 -0.58929443359375
-0.42974853515625 0.694091796875 0.43658447265625 0.29864501953125
-0.48309326171875 0.6439208984375 0.410430908203125 0.3238525390625
-0.671875 0.36590576171875 0.467132568359375 0.24871826171875
-0.7718505859375 0.0943603515625001 0.383087158203125 0.384735107421875
-0.7911376953125 -0.2022705078125 0.316009521484375 0.433197021484375
-0.875244140625 -0.435302734375 0.18756103515625 0.4056396484375
-0.83123779296875 -0.47235107421875 0.0484771728515625 0.263458251953125
-0.69921875 -0.55316162109375 -0.0580902099609375 0.0751800537109375
-0.7645263671875 -0.560791015625 -0.1783447265625 -0.20721435546875
-0.8033447265625 -0.4417724609375 -0.240814208984375 -0.36248779296875
-0.79180908203125 -0.235107421875 -0.317352294921875 -0.378265380859375
-0.7821044921875 0.13275146484375 -0.340057373046875 -0.264617919921875
-0.7117919921875 0.233154296875 -0.322235107421875 -0.33526611328125
-0.525390625 0.5828857421875 -0.327239990234375 -0.270843505859375
-0.34283447265625 0.66937255859375 -0.383636474609375 -0.364013671875
-0.40557861328125 0.61346435546875 0.351531982421875 0.538604736328125
-0.45703125 0.556640625 0.31439208984375 0.490631103515625
-0.61517333984375 0.27410888671875 0.394989013671875 0.303192138671875
-0.683349609375 0.0343017578124999 0.36602783203125 0.36053466796875
-0.691650390625 -0.2230224609375 0.4197998046875 0.404052734375
-0.78692626953125 -0.4261474609375 0.423309326171875 0.423828125
-0.75958251953125 -0.44842529296875 0.363189697265625 0.35882568359375
-0.66510009765625 -0.5113525390625 0.254623413085937 0.21356201171875
-0.74591064453125 -0.51458740234375 0.126914978027344 -0.11553955078125
-0.7801513671875 -0.38775634765625 0.01153564453125 -0.35137939453125
-0.7657470703125 -0.1865234375 -0.188385009765625 -0.438629150390625
-0.7359619140625 0.1641845703125 -0.342132568359375 -0.291107177734375
-0.66552734375 0.27032470703125 -0.396942138671875 -0.2681884765625
-0.47796630859375 0.59674072265625 -0.412200927734375 -0.0835876464843749
-0.32452392578125 0.6480712890625 -0.503448486328125 -0.11676025390625
-0.321685791015625 0.44317626953125 0.2667236328125 0.72955322265625
-0.3564453125 0.400604248046875 0.2088623046875 0.5999755859375
-0.4554443359375 0.15325927734375 0.2965087890625 0.3236083984375
-0.492095947265625 -0.0152587890625001 0.321044921875 0.320159912109375
-0.485443115234375 -0.19793701171875 0.473876953125 0.3751220703125
-0.578369140625 -0.35015869140625 0.59637451171875 0.4417724609375
-0.57366943359375 -0.3555908203125 0.6258544921875 0.4395751953125
-0.5269775390625 -0.39263916015625 0.533233642578125 0.3218994140625
-0.5986328125 -0.3956298828125 0.4005126953125 -0.050750732421875
-0.61041259765625 -0.28753662109375 0.237457275390625 -0.35308837890625
-0.59149169921875 -0.12939453125 -0.0634155273437501 -0.491119384765625
-0.56268310546875 0.141845703125 -0.326568603515625 -0.314178466796875
-0.51019287109375 0.235015869140625 -0.443756103515625 -0.192169189453125
-0.357147216796875 0.5008544921875 -0.474090576171875 0.0945739746093751
-0.262939453125 0.513641357421875 -0.60211181640625 0.1092529296875
-0.186279296875 0.218399047851563 0.2020263671875 0.85260009765625
-0.200729370117187 0.226364135742188 0.12799072265625 0.64453125
-0.238571166992188 0.0582427978515625 0.210174560546875 0.313690185546875
-0.255783081054687 -0.022247314453125 0.279403686523438 0.280746459960937
-0.243942260742188 -0.115325927734375 0.48846435546875 0.351470947265625
-0.32080078125 -0.21490478515625 0.6982421875 0.45233154296875
-0.316986083984375 -0.2047119140625 0.80413818359375 0.49298095703125
-0.312744140625 -0.218505859375 0.73095703125 0.38018798828125
-0.3563232421875 -0.228363037109375 0.59820556640625 -0.018310546875
-0.34649658203125 -0.16143798828125 0.3946533203125 -0.36328125
-0.325897216796875 -0.0728759765625 0.020599365234375 -0.525787353515625
-0.31292724609375 0.07470703125 -0.312286376953125 -0.32843017578125
-0.2811279296875 0.144012451171875 -0.46624755859375 -0.124298095703125
-0.18408203125 0.307830810546875 -0.51983642578125 0.222686767578125
-0.171630859375 0.285858154296875 -0.67474365234375 0.27294921875
-0.042388916015625 -0.0206069946289062 0.60595703125 -0.37835693359375
0.011134147644043 0.00923061370849609 0.5421142578125 -0.26104736328125
-0.00739097595214844 -0.0122842788696289 0.40106201171875 0.037994384765625
-0.0128498077392578 -0.00898933410644531 0.260467529296875 0.354766845703125
0.0183448791503906 -0.0177268981933594 -0.107818603515625 0.448516845703125
0.0401802062988281 -0.044189453125 -0.4482421875 0.3192138671875
0.0299758911132813 -0.02105712890625 -0.6932373046875 -0.0146484374999999
0.0392837524414063 -0.0161705017089844 -0.78143310546875 -0.38238525390625
0.0385704040527344 -0.000476837158203125 -0.80731201171875 -0.52166748046875
0.0544853210449219 -0.000736236572265625 -0.67706298828125 -0.46044921875
0.0457420349121094 0.0355911254882813 -0.502899169921875 -0.262603759765625
0.00963973999023438 0.0274715423583984 -0.269927978515625 -0.1864013671875
0.0268497467041016 -0.003265380859375 -0.107330322265625 -0.319091796875
0.0542335510253906 -0.0198097229003906 -0.11669921875 -0.6085205078125
0.020355224609375 -0.0521354675292969 -0.1029052734375 -0.88348388671875
-0.17767333984375 0.271636962890625 0.594482421875 -0.32904052734375
-0.156631469726563 0.27374267578125 0.540863037109375 -0.201629638671875
-0.249420166015625 0.162765502929688 0.438690185546875 0.052947998046875
-0.294403076171875 0.055084228515625 0.277984619140625 0.36810302734375
-0.2838134765625 -0.065673828125 -0.06768798828125 0.46197509765625
-0.300445556640625 -0.175994873046875 -0.41845703125 0.342376708984375
-0.29791259765625 -0.182708740234375 -0.6666259765625 0.0240478515624999
-0.2266845703125 -0.220230102539063 -0.7481689453125 -0.32305908203125
-0.228225708007813 -0.214523315429687 -0.78594970703125 -0.4908447265625
-0.204971313476563 -0.180526733398437 -0.67095947265625 -0.4500732421875
-0.196090698242188 -0.094024658203125 -0.49658203125 -0.26861572265625
-0.24005126953125 0.01202392578125 -0.269256591796875 -0.184722900390625
-0.219284057617188 0.0242462158203125 -0.10992431640625 -0.33258056640625
-0.157669067382812 0.143905639648438 -0.1104736328125 -0.5888671875
-0.11212158203125 0.188156127929687 -0.1025390625 -0.85833740234375
-0.30023193359375 0.513092041015625 0.5643310546875 -0.17816162109375
-0.31103515625 0.495697021484375 0.5244140625 -0.06536865234375
-0.465301513671875 0.30804443359375 0.476715087890625 0.1004638671875
-0.54595947265625 0.10906982421875 0.32159423828125 0.38250732421875
-0.55511474609375 -0.113037109375 0.03271484375 0.4637451171875
-0.60333251953125 -0.2938232421875 -0.286468505859375 0.36505126953125
-0.58172607421875 -0.32635498046875 -0.517547607421875 0.087249755859375
-0.46136474609375 -0.395538330078125 -0.60247802734375 -0.2161865234375
-0.476226806640625 -0.400970458984375 -0.67120361328125 -0.4166259765625
-0.462738037109375 -0.33416748046875 -0.60968017578125 -0.4219970703125
-0.445556640625 -0.19952392578125 -0.47509765625 -0.287628173828125
-0.4849853515625 0.0208129882812501 -0.288787841796875 -0.202239990234375
-0.4527587890625 0.0743713378906249 -0.152496337890625 -0.35626220703125
-0.347900390625 0.311920166015625 -0.151580810546875 -0.535675048828125
-0.231689453125 0.40863037109375 -0.158447265625 -0.7586669921875
-0.3857421875 0.66583251953125 0.512786865234375 0.04449462890625
-0.42718505859375 0.6309814453125 0.48553466796875 0.12158203125
-0.61883544921875 0.38653564453125 0.494110107421875 0.168182373046875
-0.722412109375 0.13006591796875 0.369476318359375 0.387725830078125
-0.74505615234375 -0.15557861328125 0.177276611328125 0.454559326171875
-0.8182373046875 -0.3809814453125 -0.0674438476562501 0.387664794921875
-0.7764892578125 -0.42462158203125 -0.263565063476563 0.171524047851562
-0.6312255859375 -0.5103759765625 -0.361663818359375 -0.074310302734375
-0.67376708984375 -0.5198974609375 -0.46337890625 -0.3140869140625
-0.68756103515625 -0.42181396484375 -0.46795654296875 -0.38372802734375
-0.6737060546875 -0.2432861328125 -0.42333984375 -0.320953369140625
-0.68756103515625 0.0768432617187499 -0.3203125 -0.228729248046875
-0.63348388671875 0.1597900390625 -0.23431396484375 -0.3623046875
-0.47625732421875 0.475982666015625 -0.235687255859375 -0.429412841796875
-0.30584716796875 0.58489990234375 -0.26434326171875 -0.58941650390625
-0.42462158203125 0.70538330078125 0.44171142578125 0.2972412109375
-0.47772216796875 0.65191650390625 0.415618896484375 0.321136474609375
-0.6717529296875 0.37615966796875 0.471099853515625 0.2425537109375
-0.77557373046875 0.105224609375 0.389434814453125 0.380035400390625
-0.7978515625 -0.19293212890625 0.322113037109375 0.431427001953125
-0.88702392578125 -0.4283447265625 0.190155029296875 0.40484619140625
-0.8428955078125 -0.46331787109375 0.0518951416015625 0.264251708984375
-0.707763671875 -0.5494384765625 -0.0566253662109375 0.0777359008789062
-0.77593994140625 -0.557861328125 -0.18194580078125 -0.205947875976562
-0.8123779296875 -0.43505859375 -0.248016357421875 -0.359344482421875
-0.8026123046875 -0.2286376953125 -0.32342529296875 -0.37628173828125
-0.7850341796875 0.14398193359375 -0.34271240234375 -0.260589599609375
-0.71502685546875 0.24310302734375 -0.3272705078125 -0.331329345703125
-0.52044677734375 0.5906982421875 -0.331207275390625 -0.268341064453125
-0.33612060546875 0.67779541015625 -0.386810302734375 -0.361968994140625
-0.4000244140625 0.62469482421875 0.35943603515625 0.537872314453125
-0.4522705078125 0.5657958984375 0.32061767578125 0.489471435546875
-0.61553955078125 0.28466796875 0.4014892578125 0.299407958984375
-0.6873779296875 0.0432739257812499 0.371002197265625 0.3568115234375
-0.6982421875 -0.2138671875 0.4276123046875 0.40081787109375
-0.79815673828125 -0.4180908203125 0.427825927734375 0.420135498046875
-0.768798828125 -0.44097900390625 0.369476318359375 0.35504150390625
-0.6754150390625 -0.50634765625 0.26165771484375 0.213470458984375
-0.75384521484375 -0.50799560546875 0.126678466796875 -0.116851806640625
-0.7896728515625 -0.38116455078125 0.00717163085937497 -0.354156494140625
-0.773193359375 -0.17913818359375 -0.194122314453125 -0.43890380859375
-0.73828125 0.176025390625 -0.345123291015625 -0.287353515625
-0.66839599609375 0.28125 -0.401580810546875 -0.264434814453125
-0.47320556640625 0.6064453125 -0.41387939453125 -0.0773010253906249
-0.316162109375 0.6571044921875 -0.50592041015625 -0.111114501953125
-0.318359375 0.450592041015625 0.27783203125 0.7313232421875
-0.353729248046875 0.407073974609375 0.217529296875 0.60107421875
-0.456695556640625 0.160003662109375 0.302703857421875 0.32171630859375
-0.493988037109375 -0.0114746093749999 0.32513427734375 0.31689453125
-0.491058349609375 -0.19256591796875 0.47906494140625 0.371368408203125
-0.5887451171875 -0.34674072265625 0.603271484375 0.435546875
-0.582763671875 -0.34912109375 0.63433837890625 0.4344482421875
-0.5350341796875 -0.3883056640625 0.542266845703125 0.3175048828125
-0.6055908203125 -0.390869140625 0.403472900390625 -0.05401611328125
-0.61865234375 -0.28216552734375 0.23699951171875 -0.356842041015625
-0.59918212890625 -0.12335205078125 -0.070404052734375 -0.490692138671875
-0.56512451171875 0.15008544921875 -0.329864501953125 -0.30950927734375
-0.511138916015625 0.24468994140625 -0.448150634765625 -0.18438720703125
-0.3507080078125 0.50811767578125 -0.476226806640625 0.10247802734375
-0.258392333984375 0.51971435546875 -0.6041259765625 0.1177978515625
-0.185897827148438 0.22247314453125 0.212890625 0.85589599609375
-0.197952270507813 0.229888916015625 0.1361083984375 0.64691162109375
-0.239654541015625 0.0619659423828125 0.213653564453125 0.314849853515625
-0.256805419921875 -0.0179901123046875 0.28314208984375 0.2783203125
-0.246429443359375 -0.114273071289063 0.493621826171875 0.344879150390625
-0.32513427734375 -0.210662841796875 0.70477294921875 0.446533203125
-0.321014404296875 -0.20184326171875 0.8154296875 0.4879150390625
-0.31689453125 -0.215789794921875 0.7418212890625 0.37506103515625
-0.362091064453125 -0.225860595703125 0.60101318359375 -0.0250244140625
-0.350128173828125 -0.158660888671875 0.392425537109375 -0.36810302734375
-0.330718994140625 -0.0707397460937501 0.014007568359375 -0.5252685546875
-0.31402587890625 0.081085205078125 -0.317779541015625 -0.325164794921875
-0.27984619140625 0.146453857421875 -0.4710693359375 -0.117218017578125
-0.182342529296875 0.310791015625 -0.51739501953125 0.23016357421875
-0.1690673828125 0.290435791015625 -0.67266845703125 0.283203125
-0.0422630310058594 -0.0197296142578125 0.60150146484375 -0.38800048828125
0.0119028091430664 0.0088357925415039 0.5389404296875 -0.269866943359375
-0.0075540542602539 -0.0120658874511719 0.40411376953125 0.0316162109375
-0.012110710144043 -0.00884151458740235 0.26556396484375 0.35150146484375
0.0193881988525391 -0.0193862915039063 -0.102813720703125 0.4512939453125
0.0391387939453125 -0.0439376831054687 -0.4466552734375 0.32440185546875
0.0300941467285156 -0.0220317840576172 -0.69757080078125 -0.00848388671875005
0.0401878356933594 -0.0170059204101563 -0.79150390625 -0.37408447265625
0.0391960144042969 0.0006256103515625 -0.82080078125 -0.5147705078125
0.0544853210449219 -0.00205612182617187 -0.68505859375 -0.455322265625
0.0464706420898438 0.0345611572265625 -0.506988525390625 -0.256866455078125
0.0100593566894531 0.0275039672851563 -0.271865844726563 -0.183517456054687
0.0270214080810547 -0.00297355651855469 -0.108978271484375 -0.317779541015625
0.0556259155273438 -0.0212516784667969 -0.1241455078125 -0.60845947265625
0.0195350646972656 -0.0522994995117188 -0.1136474609375 -0.88623046875
-0.174591064453125 0.27545166015625 0.59234619140625 -0.33837890625
-0.153274536132813 0.278091430664063 0.538726806640625 -0.210845947265625
-0.249114990234375 0.168289184570312 0.441162109375 0.044891357421875
-0.296142578125 0.058319091796875 0.28497314453125 0.362945556640625
-0.286346435546875 -0.063629150390625 -0.060089111328125 0.4635009765625
-0.303558349609375 -0.17431640625 -0.416961669921875 0.3492431640625
-0.30078125 -0.182037353515625 -0.6697998046875 0.0302124023437501
-0.22796630859375 -0.218643188476563 -0.75921630859375 -0.31597900390625
-0.231201171875 -0.212615966796875 -0.79571533203125 -0.4840087890625
-0.207717895507813 -0.179153442382812 -0.6787109375 -0.4439697265625
-0.198410034179688 -0.09185791015625 -0.500396728515625 -0.262664794921875
-0.239105224609375 0.0137481689453125 -0.269973754882813 -0.179107666015625
-0.218902587890625 0.0269927978515625 -0.113525390625 -0.3309326171875
-0.1558837890625 0.146011352539063 -0.1165771484375 -0.58782958984375
-0.11090087890625 0.189865112304688 -0.1121826171875 -0.8602294921875
-0.294189453125 0.521484375 0.56439208984375 -0.1864013671875
-0.304595947265625 0.50311279296875 0.524383544921875 -0.072479248046875
-0.4642333984375 0.315673828125 0.47906494140625 0.0928955078125
-0.548553466796875 0.1143798828125 0.3270263671875 0.3782958984375
-0.5599365234375 -0.10784912109375 0.0407104492187499 0.466094970703125
-0.61224365234375 -0.28900146484375 -0.284454345703125 0.370697021484375
-0.5867919921875 -0.32135009765625 -0.516815185546875 0.0946960449218751
-0.467254638671875 -0.390960693359375 -0.60736083984375 -0.21002197265625
-0.483551025390625 -0.397491455078125 -0.67938232421875 -0.41131591796875
-0.47003173828125 -0.329193115234375 -0.61578369140625 -0.41455078125
-0.451141357421875 -0.194915771484375 -0.478912353515625 -0.280426025390625
-0.486053466796875 0.0291137695312501 -0.2900390625 -0.197906494140625
-0.452392578125 0.08154296875 -0.1563720703125 -0.354888916015625
-0.342498779296875 0.318206787109375 -0.15838623046875 -0.534210205078125
-0.225494384765625 0.414215087890625 -0.16632080078125 -0.76043701171875
-0.37994384765625 0.67742919921875 0.51580810546875 0.036956787109375
-0.41790771484375 0.6396484375 0.488677978515625 0.11505126953125
-0.61834716796875 0.3963623046875 0.49664306640625 0.16156005859375
-0.725830078125 0.13916015625 0.373321533203125 0.3826904296875
-0.75048828125 -0.146484375 0.1839599609375 0.453155517578125
-0.82958984375 -0.37384033203125 -0.0622863769531251 0.389129638671875
-0.784423828125 -0.41717529296875 -0.261993408203125 0.174896240234375
-0.64031982421875 -0.5047607421875 -0.362060546875 -0.0683898925781251
-0.68353271484375 -0.5137939453125 -0.4708251953125 -0.308929443359375
-0.69683837890625 -0.41766357421875 -0.475738525390625 -0.37957763671875
-0.68121337890625 -0.2349853515625 -0.426788330078125 -0.314544677734375
-0.69073486328125 0.0855712890625001 -0.322174072265625 -0.22412109375
-0.63427734375 0.16961669921875 -0.240020751953125 -0.359588623046875
-0.471221923828125 0.483123779296875 -0.241943359375 -0.42889404296875
-0.2998046875 0.59271240234375 -0.27288818359375 -0.5877685546875
-0.41497802734375 0.716552734375 0.44500732421875 0.29302978515625
-0.4688720703125 0.6627197265625 0.420257568359375 0.315582275390625
-0.67120361328125 0.38482666015625 0.47576904296875 0.235321044921875
-0.77679443359375 0.1151123046875 0.39569091796875 0.3760986328125
-0.8033447265625 -0.18377685546875 0.3282470703125 0.427398681640625
-0.89898681640625 -0.41961669921875 0.195465087890625 0.40380859375
-0.8526611328125 -0.455078125 0.0552215576171875 0.264984130859375
-0.7171630859375 -0.5413818359375 -0.0542831420898438 0.0805740356445312
-0.78765869140625 -0.55010986328125 -0.186141967773438 -0.204177856445313
-0.82196044921875 -0.42803955078125 -0.253662109375 -0.35821533203125
-0.8067626953125 -0.22027587890625 -0.32611083984375 -0.3709716796875
-0.7879638671875 0.15399169921875 -0.345123291015625 -0.255767822265625
-0.71588134765625 0.2550048828125 -0.332855224609375 -0.326904296875
-0.51177978515625 0.59979248046875 -0.3350830078125 -0.265716552734375
-0.32562255859375 0.6851806640625 -0.393646240234375 -0.359405517578125
-0.39404296875 0.63568115234375 0.36700439453125 0.537841796875
-0.4476318359375 0.57537841796875 0.3270263671875 0.4888916015625
-0.6162109375 0.29400634765625 0.404541015625 0.29345703125
-0.69219970703125 0.05316162109375 0.375518798828125 0.3531494140625
-0.7042236328125 -0.20751953125 0.431671142578125 0.3953857421875
-0.8106689453125 -0.408447265625 0.434356689453125 0.416168212890625
-0.78118896484375 -0.4324951171875 0.376373291015625 0.3524169921875
-0.6824951171875 -0.50103759765625 0.26593017578125 0.21307373046875
-0.7640380859375 -0.5018310546875 0.125343322753906 -0.115699768066406
-0.79803466796875 -0.3756103515625 0.00341796874999994 -0.3526611328125
-0.7779541015625 -0.17230224609375 -0.19927978515625 -0.4359130859375
-0.7392578125 0.186279296875 -0.349639892578125 -0.28289794921875
-0.66802978515625 0.29254150390625 -0.407257080078125 -0.25982666015625
-0.465087890625 0.61505126953125 -0.41510009765625 -0.0723266601562499
-0.31134033203125 0.66107177734375 -0.50970458984375 -0.10565185546875
-0.31317138671875 0.458740234375 0.28729248046875 0.72930908203125
-0.348602294921875 0.414886474609375 0.22509765625 0.6004638671875
-0.45751953125 0.167236328125 0.306488037109375 0.316558837890625
-0.497772216796875 -0.00524902343750006 0.328765869140625 0.313385009765625
-0.4945068359375 -0.187164306640625 0.484039306640625 0.36517333984375
-0.5966796875 -0.34014892578125 0.610107421875 0.42987060546875
-0.58978271484375 -0.34332275390625 0.64263916015625 0.42840576171875
-0.542022705078125 -0.3831787109375 0.54986572265625 0.31329345703125
-0.61419677734375 -0.3865966796875 0.40545654296875 -0.058074951171875
-0.62725830078125 -0.27630615234375 0.233154296875 -0.360382080078125
-0.6021728515625 -0.11767578125 -0.0743408203125 -0.491119384765625
-0.56500244140625 0.15789794921875 -0.333709716796875 -0.306549072265625
-0.508636474609375 0.252105712890625 -0.45343017578125 -0.178009033203125
-0.344970703125 0.513153076171875 -0.476409912109375 0.10772705078125
-0.25140380859375 0.5242919921875 -0.604248046875 0.1278076171875
-0.183090209960937 0.226181030273438 0.22515869140625 0.854248046875
-0.195648193359375 0.233245849609375 0.14642333984375 0.64752197265625
-0.240188598632812 0.0658721923828125 0.217803955078125 0.311492919921875
-0.257965087890625 -0.0150604248046875 0.28350830078125 0.27587890625
-0.249649047851563 -0.111175537109375 0.49609375 0.34063720703125
-0.328277587890625 -0.206634521484375 0.71142578125 0.43896484375
-0.324432373046875 -0.198486328125 0.82464599609375 0.47784423828125
-0.31884765625 -0.212493896484375 0.75067138671875 0.3677978515625
-0.367431640625 -0.221771240234375 0.60455322265625 -0.0321044921875
-0.35552978515625 -0.15631103515625 0.392333984375 -0.371917724609375
-0.3321533203125 -0.0683593749999999 0.00753784179687492 -0.52593994140625
-0.315277099609375 0.08551025390625 -0.320343017578125 -0.32147216796875
-0.280776977539063 0.152297973632812 -0.4732666015625 -0.11187744140625
-0.179046630859375 0.31195068359375 -0.51611328125 0.23779296875
-0.166717529296875 0.293853759765625 -0.66998291015625 0.29241943359375
-0.0416831970214844 -0.018463134765625 0.5968017578125 -0.39666748046875
0.0122661590576172 0.00764274597167969 0.53515625 -0.280517578125
-0.00770092010498047 -0.0116405487060547 0.40386962890625 0.02447509765625
-0.0131111145019531 -0.00824165344238281 0.271820068359375 0.346771240234375
0.0182723999023438 -0.0191211700439453 -0.0972900390625 0.453094482421875
0.0371932983398438 -0.044403076171875 -0.4434814453125 0.330047607421875
0.0307350158691406 -0.0228805541992188 -0.70013427734375 0.000366210937500073
0.0406379699707031 -0.0165061950683594 -0.7982177734375 -0.3663330078125
0.0395584106445313 0.001251220703125 -0.82958984375 -0.508544921875
0.0539169311523438 -0.00261688232421875 -0.69073486328125 -0.4468994140625
0.0465507507324219 0.0348968505859375 -0.509521484375 -0.249725341796875
0.0106983184814453 0.0284767150878906 -0.2730712890625 -0.1783447265625
0.0276927947998047 -0.00408554077148438 -0.11053466796875 -0.315673828125
0.0550804138183594 -0.0237541198730469 -0.12994384765625 -0.60675048828125
0.0197792053222656 -0.0528717041015625 -0.12445068359375 -0.8880615234375
-0.171981811523438 0.27874755859375 0.587890625 -0.34637451171875
-0.14959716796875 0.279861450195313 0.5364990234375 -0.220611572265625
-0.248672485351563 0.170013427734375 0.44122314453125 0.039031982421875
-0.295196533203125 0.0627441406249999 0.290130615234375 0.36053466796875
-0.29022216796875 -0.0619201660156249 -0.055877685546875 0.466033935546875
-0.30938720703125 -0.1685791015625 -0.412261962890625 0.353118896484375
-0.30419921875 -0.178802490234375 -0.6719970703125 0.0383300781249999
-0.231277465820313 -0.218368530273437 -0.76361083984375 -0.30706787109375
-0.234146118164063 -0.208480834960938 -0.80364990234375 -0.4774169921875
-0.21136474609375 -0.177444458007813 -0.6829833984375 -0.4354248046875
-0.200790405273438 -0.092041015625 -0.504150390625 -0.254974365234375
-0.239944458007813 0.0204620361328125 -0.270965576171875 -0.174575805664062
-0.219085693359375 0.0312652587890625 -0.11395263671875 -0.33148193359375
-0.153961181640625 0.1484375 -0.1221923828125 -0.5887451171875
-0.107864379882813 0.191574096679687 -0.1202392578125 -0.8603515625
-0.285980224609375 0.528350830078125 0.561767578125 -0.191680908203125
-0.29998779296875 0.506988525390625 0.523681640625 -0.080963134765625
-0.46234130859375 0.3231201171875 0.48150634765625 0.08404541015625
-0.5472412109375 0.12213134765625 0.333526611328125 0.371368408203125
-0.562255859375 -0.099365234375 0.04705810546875 0.466156005859375
-0.61920166015625 -0.28289794921875 -0.281005859375 0.37371826171875
-0.5943603515625 -0.31353759765625 -0.517486572265625 0.0998229980468751
-0.47174072265625 -0.387786865234375 -0.61273193359375 -0.2034912109375
-0.489654541015625 -0.39190673828125 -0.68414306640625 -0.40338134765625
-0.475433349609375 -0.324920654296875 -0.6212158203125 -0.40972900390625
-0.454681396484375 -0.191650390625 -0.480499267578125 -0.273773193359375
-0.486572265625 0.0338134765625001 -0.291839599609375 -0.193389892578125
-0.45257568359375 0.0885314941406251 -0.158905029296875 -0.35205078125
-0.33966064453125 0.32269287109375 -0.16424560546875 -0.532562255859375
-0.221527099609375 0.4176025390625 -0.17413330078125 -0.7598876953125
-0.37091064453125 0.6865234375 0.515899658203125 0.031585693359375
-0.41290283203125 0.64886474609375 0.491363525390625 0.10888671875
-0.6143798828125 0.4049072265625 0.503326416015625 0.15386962890625
-0.72509765625 0.14996337890625 0.377777099609375 0.378448486328125
-0.75360107421875 -0.138916015625 0.19110107421875 0.452606201171875
-0.83941650390625 -0.36431884765625 -0.060516357421875 0.39007568359375
-0.79296875 -0.4088134765625 -0.261566162109375 0.179611206054687
-0.646240234375 -0.49969482421875 -0.364013671875 -0.0653991699218751
-0.6905517578125 -0.50982666015625 -0.474945068359375 -0.304229736328125
-0.70465087890625 -0.4111328125 -0.477691650390625 -0.373779296875
-0.68701171875 -0.23016357421875 -0.429901123046875 -0.30938720703125
-0.6904296875 0.094970703125 -0.323089599609375 -0.219696044921875
-0.63427734375 0.17706298828125 -0.242584228515625 -0.356536865234375
-0.464111328125 0.4892578125 -0.246246337890625 -0.42523193359375
-0.2955322265625 0.59527587890625 -0.27783203125 -0.58538818359375
-0.4107666015625 0.7249755859375 0.45123291015625 0.288909912109375
-0.4627685546875 0.67144775390625 0.4248046875 0.31298828125
-0.6689453125 0.3966064453125 0.478118896484375 0.2279052734375
-0.779296875 0.122802734375 0.3978271484375 0.371795654296875
-0.8084716796875 -0.1759033203125 0.335418701171875 0.42401123046875
-0.90771484375 -0.40753173828125 0.198760986328125 0.398956298828125
-0.8599853515625 -0.4454345703125 0.0582733154296874 0.264404296875
-0.723876953125 -0.53607177734375 -0.0520019531250001 0.0815963745117187
-0.795654296875 -0.54327392578125 -0.18609619140625 -0.200149536132813
-0.831787109375 -0.42108154296875 -0.2578125 -0.354339599609375
-0.81402587890625 -0.210205078125 -0.33172607421875 -0.36669921875
-0.78631591796875 0.16448974609375 -0.348114013671875 -0.251953125
-0.7139892578125 0.264404296875 -0.336883544921875 -0.321319580078125
-0.5068359375 0.60614013671875 -0.337890625 -0.262359619140625
-0.318603515625 0.6888427734375 -0.396240234375 -0.356658935546875
-0.38397216796875 0.64031982421875 0.373870849609375 0.532257080078125
-0.439208984375 0.58306884765625 0.3345947265625 0.48309326171875
-0.61260986328125 0.30230712890625 0.407745361328125 0.28826904296875
-0.69049072265625 0.06170654296875 0.379119873046875 0.349151611328125
-0.708740234375 -0.19854736328125 0.43585205078125 0.39202880859375
-0.817138671875 -0.39984130859375 0.438140869140625 0.40972900390625
-0.78289794921875 -0.42340087890625 0.378662109375 0.348968505859375
-0.68902587890625 -0.49346923828125 0.270645141601562 0.210037231445312
-0.775390625 -0.49359130859375 0.125144958496094 -0.117713928222656
-0.806640625 -0.3641357421875 -2.77356446987695E-17 -0.353668212890625
-0.7862548828125 -0.16326904296875 -0.20269775390625 -0.432861328125
-0.7379150390625 0.19647216796875 -0.351654052734375 -0.278076171875
-0.66424560546875 0.303955078125 -0.412139892578125 -0.2523193359375
-0.45697021484375 0.61944580078125 -0.4156494140625 -0.0672912597656249
-0.30157470703125 0.66729736328125 -0.511077880859375 -0.0981750488281251
-0.309326171875 0.462432861328125 0.2979736328125 0.7298583984375
-0.343505859375 0.4180908203125 0.2330322265625 0.59716796875
-0.455963134765625 0.1744384765625 0.3087158203125 0.31353759765625
-0.497589111328125 0.00213623046875001 0.330474853515625 0.308929443359375
-0.497161865234375 -0.181365966796875 0.489501953125 0.3597412109375
-0.60247802734375 -0.333740234375 0.61187744140625 0.42230224609375
-0.59368896484375 -0.333984375 0.64788818359375 0.41943359375
-0.54547119140625 -0.37744140625 0.5562744140625 0.308990478515625
-0.61956787109375 -0.37750244140625 0.407379150390625 -0.060516357421875
-0.63092041015625 -0.2703857421875 0.231964111328125 -0.362823486328125
-0.60968017578125 -0.11114501953125 -0.0804443359375 -0.487823486328125
-0.56475830078125 0.16729736328125 -0.337860107421875 -0.299652099609375
-0.507568359375 0.260162353515625 -0.45556640625 -0.173126220703125
-0.336273193359375 0.518463134765625 -0.4739990234375 0.11737060546875
-0.24737548828125 0.52813720703125 -0.59930419921875 0.1351318359375
-0.18096923828125 0.231216430664063 0.23785400390625 0.8546142578125
-0.1929931640625 0.234024047851563 0.15118408203125 0.647216796875
-0.2418212890625 0.0697479248046875 0.2200927734375 0.308380126953125
-0.2576904296875 -0.0138397216796875 0.28643798828125 0.271697998046875
-0.248504638671875 -0.109176635742187 0.499176025390625 0.333740234375
-0.333648681640625 -0.20379638671875 0.716552734375 0.42919921875
-0.329986572265625 -0.19189453125 0.83306884765625 0.4713134765625
-0.321014404296875 -0.208709716796875 0.75933837890625 0.36138916015625
-0.369659423828125 -0.218780517578125 0.60711669921875 -0.0382080078125
-0.358245849609375 -0.152618408203125 0.386566162109375 -0.3778076171875
-0.33587646484375 -0.065460205078125 0.001708984375 -0.52593994140625
-0.315643310546875 0.0899658203125 -0.324920654296875 -0.31640625
-0.277206420898438 0.157150268554688 -0.47509765625 -0.1060791015625
-0.174835205078125 0.31536865234375 -0.5123291015625 0.24591064453125
-0.163421630859375 0.295745849609375 -0.666015625 0.30242919921875
-0.0410614013671875 -0.0174903869628906 0.5914306640625 -0.405517578125
0.0127639770507813 0.00760269165039062 0.530426025390625 -0.286590576171875
-0.00847339630126953 -0.0105915069580078 0.40386962890625 0.018585205078125
-0.0121364593505859 -0.00768089294433594 0.275482177734375 0.342437744140625
0.0181674957275391 -0.0201435089111328 -0.09112548828125 0.453155517578125
0.0372657775878906 -0.0448837280273437 -0.44091796875 0.335296630859375
0.0304183959960938 -0.0241775512695313 -0.700439453125 0.00854492187499994
0.0409660339355469 -0.0172386169433594 -0.80694580078125 -0.35870361328125
0.0395126342773437 0.0004425048828125 -0.83746337890625 -0.49896240234375
0.0539741516113281 -0.00266647338867188 -0.6961669921875 -0.43975830078125
0.0477676391601563 0.0333061218261719 -0.511566162109375 -0.2421875
0.0121040344238281 0.0294933319091797 -0.273101806640625 -0.173736572265625
0.0272674560546875 -0.00403404235839844 -0.112091064453125 -0.31427001953125
0.0541801452636719 -0.0242462158203125 -0.1358642578125 -0.6046142578125
0.0176582336425781 -0.0524063110351563 -0.135986328125 -0.88409423828125
-0.16650390625 0.28369140625 0.5830078125 -0.353759765625
-0.146392822265625 0.281951904296875 0.53094482421875 -0.226776123046875
-0.246994018554688 0.17572021484375 0.44287109375 0.0338134765625
-0.295928955078125 0.0666198730468749 0.294281005859375 0.35595703125
-0.289794921875 -0.057861328125 -0.0506896972656251 0.46435546875
-0.31280517578125 -0.165283203125 -0.4102783203125 0.35870361328125
-0.306610107421875 -0.17572021484375 -0.67218017578125 0.0463867187500001
-0.233016967773438 -0.214874267578125 -0.76953125 -0.30010986328125
-0.23748779296875 -0.207107543945313 -0.8138427734375 -0.4664306640625
-0.213821411132812 -0.174392700195313 -0.69085693359375 -0.43017578125
-0.201019287109375 -0.0888519287109375 -0.504608154296875 -0.248779296875
-0.23919677734375 0.023590087890625 -0.270721435546875 -0.170913696289063
-0.219192504882813 0.033538818359375 -0.115997314453125 -0.328216552734375
-0.1510009765625 0.148178100585937 -0.129150390625 -0.58624267578125
-0.104629516601562 0.193710327148438 -0.13348388671875 -0.859130859375
-0.279571533203125 0.534698486328125 0.560821533203125 -0.200469970703125
-0.29290771484375 0.51361083984375 0.523223876953125 -0.089141845703125
-0.460601806640625 0.329376220703125 0.483154296875 0.0770263671875
-0.548065185546875 0.1285400390625 0.336334228515625 0.366058349609375
-0.564208984375 -0.0959472656249999 0.05255126953125 0.464019775390625
-0.6236572265625 -0.274658203125 -0.276824951171875 0.377166748046875
-0.598388671875 -0.30804443359375 -0.516876220703125 0.10595703125
-0.476470947265625 -0.38360595703125 -0.6146240234375 -0.19403076171875
-0.49468994140625 -0.3856201171875 -0.694091796875 -0.39593505859375
-0.4798583984375 -0.319610595703125 -0.627197265625 -0.40093994140625
-0.4580078125 -0.1859130859375 -0.485626220703125 -0.267303466796875
-0.486602783203125 0.040374755859375 -0.291748046875 -0.1885986328125
-0.453887939453125 0.0939941406249999 -0.162322998046875 -0.34942626953125
-0.333160400390625 0.3255615234375 -0.16943359375 -0.530731201171875
-0.215972900390625 0.4202880859375 -0.1844482421875 -0.75714111328125
-0.36138916015625 0.69207763671875 0.5157470703125 0.02630615234375
-0.403076171875 0.65374755859375 0.49090576171875 0.10101318359375
-0.6121826171875 0.4144287109375 0.5028076171875 0.144927978515625
-0.72552490234375 0.1566162109375 0.38250732421875 0.37200927734375
-0.75714111328125 -0.1295166015625 0.195892333984375 0.44866943359375
-0.84423828125 -0.35369873046875 -0.0572509765625 0.39080810546875
-0.797607421875 -0.399169921875 -0.2593994140625 0.183197021484375
-0.65142822265625 -0.49237060546875 -0.364501953125 -0.0589904785156251
-0.70013427734375 -0.4993896484375 -0.481414794921875 -0.298736572265625
-0.70947265625 -0.40191650390625 -0.484222412109375 -0.37005615234375
-0.6903076171875 -0.22332763671875 -0.431121826171875 -0.303619384765625
-0.6888427734375 0.10498046875 -0.32257080078125 -0.21392822265625
-0.63299560546875 0.18560791015625 -0.246307373046875 -0.352569580078125
-0.456695556640625 0.49737548828125 -0.24981689453125 -0.42181396484375
-0.2850341796875 0.5994873046875 -0.2833251953125 -0.58343505859375
-0.39727783203125 0.73297119140625 0.454193115234375 0.28387451171875
-0.4525146484375 0.6778564453125 0.427764892578125 0.30584716796875
-0.66632080078125 0.40557861328125 0.481719970703125 0.221160888671875
-0.7781982421875 0.132080078125 0.402191162109375 0.3658447265625
-0.81121826171875 -0.1658935546875 0.34014892578125 0.41998291015625
-0.91693115234375 -0.39849853515625 0.20233154296875 0.398468017578125
-0.86578369140625 -0.43707275390625 0.0621185302734375 0.265304565429688
-0.73046875 -0.5294189453125 -0.0503311157226563 0.0834808349609375
-0.80419921875 -0.53411865234375 -0.191116333007813 -0.198593139648438
-0.837890625 -0.4111328125 -0.261199951171875 -0.352386474609375
-0.81854248046875 -0.20269775390625 -0.3338623046875 -0.361846923828125
-0.7869873046875 0.17657470703125 -0.34747314453125 -0.244720458984375
-0.71112060546875 0.27587890625 -0.34027099609375 -0.316680908203125
-0.49676513671875 0.611572265625 -0.339691162109375 -0.256072998046875
-0.3096923828125 0.6934814453125 -0.39996337890625 -0.349822998046875
-0.3785400390625 0.64886474609375 0.381683349609375 0.528228759765625
-0.42987060546875 0.5882568359375 0.33966064453125 0.481170654296875
-0.61126708984375 0.31182861328125 0.4107666015625 0.282379150390625
-0.690185546875 0.06756591796875 0.38177490234375 0.34295654296875
-0.7115478515625 -0.19219970703125 0.442138671875 0.384796142578125
-0.82415771484375 -0.39056396484375 0.441741943359375 0.405120849609375
-0.79168701171875 -0.4130859375 0.385040283203125 0.344635009765625
-0.69378662109375 -0.4859619140625 0.275527954101562 0.208694458007812
-0.77960205078125 -0.484375 0.123893737792969 -0.119194030761719
-0.8116455078125 -0.3575439453125 -0.00494384765625006 -0.3519287109375
-0.789794921875 -0.1552734375 -0.207611083984375 -0.42852783203125
-0.7371826171875 0.2069091796875 -0.352783203125 -0.271759033203125
-0.663818359375 0.3109130859375 -0.41436767578125 -0.24664306640625
-0.4482421875 0.62652587890625 -0.41619873046875 -0.058197021484375
-0.29388427734375 0.67010498046875 -0.508697509765625 -0.0933227539062499
-0.30322265625 0.466705322265625 0.308837890625 0.72747802734375
-0.33856201171875 0.422882080078125 0.24090576171875 0.59454345703125
-0.455108642578125 0.179840087890625 0.314056396484375 0.308624267578125
-0.495849609375 0.00671386718750004 0.332000732421875 0.30596923828125
-0.501007080078125 -0.17779541015625 0.490997314453125 0.3541259765625
-0.6102294921875 -0.32666015625 0.617919921875 0.4141845703125
-0.5982666015625 -0.3277587890625 0.6524658203125 0.415283203125
-0.55010986328125 -0.371826171875 0.5626220703125 0.30267333984375
-0.62628173828125 -0.37298583984375 0.407958984375 -0.06329345703125
-0.6368408203125 -0.26287841796875 0.22613525390625 -0.363922119140625
-0.61083984375 -0.10552978515625 -0.08599853515625 -0.487335205078125
-0.565673828125 0.1741943359375 -0.3411865234375 -0.2952880859375
-0.5057373046875 0.26708984375 -0.4564208984375 -0.165252685546875
-0.331695556640625 0.52069091796875 -0.472320556640625 0.1220703125
-0.23956298828125 0.531646728515625 -0.59814453125 0.140869140625
-0.179092407226563 0.23260498046875 0.24578857421875 0.8509521484375
-0.189163208007812 0.23748779296875 0.15924072265625 0.64666748046875
-0.239974975585938 0.0727386474609374 0.222137451171875 0.30548095703125
-0.257858276367188 -0.0103607177734375 0.28826904296875 0.268157958984375
-0.2515869140625 -0.106903076171875 0.503997802734375 0.328155517578125
-0.336181640625 -0.199005126953125 0.721923828125 0.420166015625
-0.33038330078125 -0.188690185546875 0.8355712890625 0.46173095703125
-0.325347900390625 -0.205474853515625 0.767333984375 0.349609375
-0.374267578125 -0.21368408203125 0.606689453125 -0.0418701171875
-0.360565185546875 -0.1478271484375 0.382171630859375 -0.379974365234375
-0.3369140625 -0.06109619140625 -0.00286865234374999 -0.52392578125
-0.314971923828125 0.0940856933593749 -0.32904052734375 -0.310302734375
-0.275543212890625 0.159378051757813 -0.47698974609375 -0.0976562500000001
-0.168212890625 0.31719970703125 -0.50958251953125 0.253387451171875
-0.1600341796875 0.2994384765625 -0.66265869140625 0.30950927734375
-0.0406684875488281 -0.0165557861328125 0.586669921875 -0.40997314453125
0.0135469436645508 0.00693416595458984 0.526123046875 -0.293609619140625
-0.0085296630859375 -0.010406494140625 0.402618408203125 0.013275146484375
-0.0121994018554688 -0.00771522521972656 0.27947998046875 0.336395263671875
0.0175933837890625 -0.0209674835205078 -0.08453369140625 0.45343017578125
0.0360450744628906 -0.0453987121582031 -0.43670654296875 0.33990478515625
0.0299243927001953 -0.0245590209960938 -0.7012939453125 0.01568603515625
0.0416831970214844 -0.0176887512207031 -0.81256103515625 -0.35076904296875
0.0393486022949219 0.00137710571289063 -0.84521484375 -0.4898681640625
0.0536575317382813 -0.003173828125 -0.69970703125 -0.4332275390625
0.048126220703125 0.032501220703125 -0.511077880859375 -0.236083984375
0.01287841796875 0.0300731658935547 -0.274017333984375 -0.169189453125
0.0277481079101563 -0.00446128845214844 -0.1134033203125 -0.31195068359375
0.0540885925292969 -0.0265388488769531 -0.1412353515625 -0.6026611328125
0.0170974731445312 -0.0522346496582031 -0.1436767578125 -0.8822021484375
-0.1622314453125 0.286712646484375 0.57733154296875 -0.35943603515625
-0.1424560546875 0.28350830078125 0.529022216796875 -0.23431396484375
-0.246292114257813 0.179046630859375 0.443145751953125 0.024169921875
-0.29400634765625 0.070037841796875 0.2994384765625 0.349945068359375
-0.290313720703125 -0.05560302734375 -0.04400634765625 0.4635009765625
-0.316436767578125 -0.162841796875 -0.405792236328125 0.36370849609375
-0.308349609375 -0.17242431640625 -0.67230224609375 0.053466796875
-0.234146118164062 -0.212020874023438 -0.77386474609375 -0.2906494140625
-0.239852905273437 -0.204025268554688 -0.8203125 -0.45928955078125
-0.216262817382813 -0.172134399414062 -0.69384765625 -0.4239501953125
-0.202133178710938 -0.08746337890625 -0.506256103515625 -0.24053955078125
-0.237899780273438 0.026092529296875 -0.270523071289063 -0.166534423828125
-0.218475341796875 0.0358123779296875 -0.11822509765625 -0.326141357421875
-0.148208618164062 0.148941040039063 -0.132568359375 -0.5810546875
-0.1033935546875 0.19384765625 -0.14068603515625 -0.85888671875
-0.273651123046875 0.5391845703125 0.556854248046875 -0.204803466796875
-0.285797119140625 0.51702880859375 0.520599365234375 -0.0953369140625
-0.45709228515625 0.334991455078125 0.482421875 0.069671630859375
-0.546661376953125 0.134796142578125 0.340972900390625 0.363037109375
-0.565673828125 -0.0887451171875001 0.057159423828125 0.4635009765625
-0.62847900390625 -0.2672119140625 -0.27398681640625 0.380767822265625
-0.6009521484375 -0.303466796875 -0.5169677734375 0.112030029296875
-0.480072021484375 -0.378631591796875 -0.61651611328125 -0.18890380859375
-0.50048828125 -0.381134033203125 -0.69964599609375 -0.38946533203125
-0.48333740234375 -0.314300537109375 -0.63055419921875 -0.39556884765625
-0.461212158203125 -0.181121826171875 -0.485076904296875 -0.262420654296875
-0.48486328125 0.0486145019531249 -0.291534423828125 -0.1845703125
-0.450836181640625 0.099395751953125 -0.16357421875 -0.347625732421875
-0.32904052734375 0.32769775390625 -0.174835205078125 -0.527984619140625
-0.2113037109375 0.419769287109375 -0.1927490234375 -0.7567138671875
-0.35125732421875 0.69903564453125 0.515777587890625 0.021209716796875
-0.3955078125 0.659423828125 0.49090576171875 0.095794677734375
-0.6087646484375 0.42242431640625 0.50439453125 0.136688232421875
-0.723388671875 0.16461181640625 0.385528564453125 0.36749267578125
-0.75909423828125 -0.121826171875 0.2012939453125 0.446044921875
-0.85089111328125 -0.3438720703125 -0.05328369140625 0.391937255859375
-0.80255126953125 -0.39208984375 -0.257461547851563 0.186813354492188
-0.65631103515625 -0.48480224609375 -0.3642578125 -0.054656982421875
-0.7042236328125 -0.49273681640625 -0.4854736328125 -0.29193115234375
-0.71527099609375 -0.3944091796875 -0.487579345703125 -0.36376953125
-0.693603515625 -0.2158203125 -0.432373046875 -0.29791259765625
-0.6875 0.11279296875 -0.324310302734375 -0.210357666015625
-0.63031005859375 0.1944580078125 -0.24920654296875 -0.34820556640625
-0.45013427734375 0.500518798828125 -0.2532958984375 -0.418212890625
-0.27862548828125 0.60162353515625 -0.28912353515625 -0.580078125
-0.3870849609375 0.73858642578125 0.45623779296875 0.27923583984375
-0.44427490234375 0.683837890625 0.43115234375 0.30035400390625
-0.66156005859375 0.41461181640625 0.48236083984375 0.214141845703125
-0.77581787109375 0.14031982421875 0.406005859375 0.3603515625
-0.814697265625 -0.15826416015625 0.343841552734375 0.4161376953125
-0.92327880859375 -0.3885498046875 0.206451416015625 0.395599365234375
-0.8709716796875 -0.425537109375 0.0650177001953125 0.263580322265625
-0.73431396484375 -0.5224609375 -0.0480117797851563 0.0845794677734375
-0.8109130859375 -0.524169921875 -0.193893432617188 -0.197097778320313
-0.8419189453125 -0.4027099609375 -0.265716552734375 -0.348388671875
-0.8233642578125 -0.19482421875 -0.336090087890625 -0.355682373046875
-0.7840576171875 0.18536376953125 -0.34808349609375 -0.2410888671875
-0.7088623046875 0.28533935546875 -0.341156005859375 -0.31182861328125
-0.48822021484375 0.61669921875 -0.340850830078125 -0.2509765625
-0.3033447265625 0.6961669921875 -0.402008056640625 -0.346405029296875
-0.36962890625 0.65509033203125 0.385650634765625 0.52642822265625
-0.423095703125 0.59368896484375 0.343017578125 0.475738525390625
-0.60760498046875 0.3184814453125 0.41357421875 0.27587890625
-0.69049072265625 0.0761108398437499 0.383148193359375 0.3387451171875
-0.71429443359375 -0.18292236328125 0.445648193359375 0.380126953125
-0.8311767578125 -0.38079833984375 0.444732666015625 0.39959716796875
-0.7960205078125 -0.4051513671875 0.389251708984375 0.341064453125
-0.7001953125 -0.47900390625 0.281158447265625 0.20654296875
-0.78485107421875 -0.47613525390625 0.121879577636719 -0.119033813476563
-0.81610107421875 -0.34979248046875 -0.0103759765625001 -0.351654052734375
-0.79193115234375 -0.14764404296875 -0.21270751953125 -0.42578125
-0.73779296875 0.2156982421875 -0.35394287109375 -0.2657470703125
-0.65966796875 0.318603515625 -0.415313720703125 -0.2410888671875
-0.43780517578125 0.63006591796875 -0.416259765625 -0.0552368164062499
-0.2860107421875 0.6741943359375 -0.507293701171875 -0.088653564453125
-0.2974853515625 0.4744873046875 0.31439208984375 0.72357177734375
-0.333648681640625 0.427459716796875 0.2474365234375 0.59197998046875
-0.454681396484375 0.18621826171875 0.316375732421875 0.304229736328125
-0.497039794921875 0.0126953124999999 0.332611083984375 0.301605224609375
-0.502166748046875 -0.172271728515625 0.493621826171875 0.3468017578125
-0.61553955078125 -0.31976318359375 0.621337890625 0.408935546875
-0.60247802734375 -0.321044921875 0.6585693359375 0.4073486328125
-0.55419921875 -0.366729736328125 0.56884765625 0.29638671875
-0.6292724609375 -0.36468505859375 0.40655517578125 -0.067596435546875
-0.63995361328125 -0.25604248046875 0.221893310546875 -0.365264892578125
-0.6138916015625 -0.10009765625 -0.09039306640625 -0.48406982421875
-0.56365966796875 0.180908203125 -0.341796875 -0.2891845703125
-0.50384521484375 0.271636962890625 -0.459930419921875 -0.158447265625
-0.32293701171875 0.5234375 -0.470184326171875 0.1282958984375
-0.233489990234375 0.534423828125 -0.593017578125 0.14794921875
-0.176742553710938 0.234756469726563 0.25567626953125 0.84814453125
-0.186187744140625 0.240097045898438 0.16729736328125 0.642333984375
-0.237747192382812 0.0754852294921875 0.22412109375 0.30224609375
-0.258804321289062 -0.00767517089843753 0.288665771484375 0.26519775390625
-0.253280639648437 -0.10455322265625 0.504364013671875 0.32122802734375
-0.340606689453125 -0.195831298828125 0.72412109375 0.41265869140625
-0.333282470703125 -0.183685302734375 0.8419189453125 0.4508056640625
-0.327667236328125 -0.20147705078125 0.77276611328125 0.342041015625
-0.37615966796875 -0.20880126953125 0.609130859375 -0.04718017578125
-0.36334228515625 -0.14385986328125 0.378692626953125 -0.38287353515625
-0.3387451171875 -0.0580139160156251 -0.00961303710937507 -0.523651123046875
-0.3143310546875 0.097747802734375 -0.330810546875 -0.305419921875
-0.273880004882813 0.163238525390625 -0.478424072265625 -0.0902099609375
-0.162506103515625 0.317840576171875 -0.5057373046875 0.258331298828125
-0.15740966796875 0.299957275390625 -0.656005859375 0.318359375
-0.0408210754394531 -0.0163803100585937 0.5794677734375 -0.41680908203125
0.0139865875244141 0.00633525848388672 0.52093505859375 -0.29925537109375
-0.00818347930908203 -0.0106706619262695 0.401947021484375 0.007781982421875
-0.0124912261962891 -0.00736141204833984 0.2828369140625 0.332733154296875
0.0173015594482422 -0.0210647583007812 -0.081787109375 0.45330810546875
0.0348854064941406 -0.04547119140625 -0.4334716796875 0.343963623046875
0.0299510955810547 -0.0254325866699219 -0.70013427734375 0.0211181640625
0.0419998168945313 -0.0185012817382813 -0.81787109375 -0.3411865234375
0.0400733947753906 0.00164794921875 -0.84912109375 -0.48260498046875
0.0537033081054688 -0.0032958984375 -0.70111083984375 -0.42669677734375
0.0482292175292969 0.0320320129394531 -0.511871337890625 -0.23040771484375
0.0135650634765625 0.0300159454345703 -0.272735595703125 -0.164825439453125
0.0276126861572266 -0.00502777099609375 -0.114166259765625 -0.309906005859375
0.0529022216796875 -0.0277824401855469 -0.1456298828125 -0.59857177734375
0.0161323547363281 -0.0518150329589844 -0.15130615234375 -0.88043212890625
-0.158843994140625 0.288970947265625 0.57159423828125 -0.366455078125
-0.13763427734375 0.284820556640625 0.52447509765625 -0.239654541015625
-0.245147705078125 0.181869506835938 0.44110107421875 0.019775390625
-0.2945556640625 0.07208251953125 0.30126953125 0.345062255859375
-0.290924072265625 -0.053070068359375 -0.0387268066406251 0.46307373046875
-0.3192138671875 -0.15997314453125 -0.402984619140625 0.367828369140625
-0.310638427734375 -0.17010498046875 -0.67218017578125 0.0596313476562499
-0.236068725585938 -0.210922241210937 -0.7781982421875 -0.2828369140625
-0.241592407226562 -0.201126098632813 -0.8248291015625 -0.45050048828125
-0.219451904296875 -0.169204711914062 -0.69439697265625 -0.4158935546875
-0.203521728515625 -0.0857086181640625 -0.5054931640625 -0.234893798828125
-0.23748779296875 0.029510498046875 -0.269577026367187 -0.162185668945313
-0.217880249023438 0.0380706787109375 -0.11956787109375 -0.3231201171875
-0.146484375 0.148849487304688 -0.13775634765625 -0.578857421875
-0.101776123046875 0.195693969726563 -0.14788818359375 -0.85595703125
-0.2666015625 0.542266845703125 0.552642822265625 -0.20855712890625
-0.279815673828125 0.518951416015625 0.516754150390625 -0.101531982421875
-0.45477294921875 0.341217041015625 0.482513427734375 0.061981201171875
-0.5467529296875 0.140045166015625 0.34417724609375 0.3558349609375
-0.5679931640625 -0.08551025390625 0.0621032714843749 0.4613037109375
-0.63421630859375 -0.2607421875 -0.271636962890625 0.38348388671875
-0.60406494140625 -0.29681396484375 -0.51513671875 0.116851806640625
-0.481658935546875 -0.37493896484375 -0.61846923828125 -0.1812744140625
-0.5032958984375 -0.3756103515625 -0.7039794921875 -0.38201904296875
-0.487762451171875 -0.309234619140625 -0.6339111328125 -0.38897705078125
-0.463226318359375 -0.177032470703125 -0.485626220703125 -0.25543212890625
-0.48394775390625 0.0534973144531251 -0.291412353515625 -0.180328369140625
-0.44891357421875 0.104949951171875 -0.16558837890625 -0.344696044921875
-0.324188232421875 0.330169677734375 -0.17767333984375 -0.5244140625
-0.204559326171875 0.423919677734375 -0.1982421875 -0.7528076171875
-0.34405517578125 0.702392578125 0.51593017578125 0.016204833984375
-0.38623046875 0.6629638671875 0.490264892578125 0.09075927734375
-0.60467529296875 0.428955078125 0.50372314453125 0.1307373046875
-0.72265625 0.17071533203125 0.389068603515625 0.361236572265625
-0.75958251953125 -0.11572265625 0.2061767578125 0.4437255859375
-0.85528564453125 -0.33587646484375 -0.0511779785156251 0.39263916015625
-0.80474853515625 -0.38385009765625 -0.254241943359375 0.188339233398438
-0.6575927734375 -0.47943115234375 -0.363372802734375 -0.0496826171875
-0.709716796875 -0.48541259765625 -0.48870849609375 -0.286376953125
-0.7188720703125 -0.3885498046875 -0.489837646484375 -0.358856201171875
-0.696044921875 -0.20904541015625 -0.434722900390625 -0.291717529296875
-0.6859130859375 0.12030029296875 -0.322906494140625 -0.2047119140625
-0.627197265625 0.20159912109375 -0.251220703125 -0.345367431640625
-0.4432373046875 0.50244140625 -0.25433349609375 -0.414642333984375
-0.2735595703125 0.60369873046875 -0.29345703125 -0.57647705078125
-0.37835693359375 0.744140625 0.45855712890625 0.27532958984375
-0.43511962890625 0.68902587890625 0.432891845703125 0.294464111328125
-0.6591796875 0.42156982421875 0.48358154296875 0.206634521484375
-0.775390625 0.14739990234375 0.40631103515625 0.3551025390625
-0.814697265625 -0.15087890625 0.34698486328125 0.41082763671875
-0.927978515625 -0.3785400390625 0.207855224609375 0.393402099609375
-0.87359619140625 -0.41607666015625 0.0681152343749999 0.26361083984375
-0.73699951171875 -0.5133056640625 -0.0459747314453125 0.0853958129882812
-0.81427001953125 -0.516845703125 -0.195693969726563 -0.192718505859375
-0.84649658203125 -0.39398193359375 -0.268310546875 -0.344818115234375
-0.8251953125 -0.18621826171875 -0.337371826171875 -0.35113525390625
-0.78155517578125 0.19512939453125 -0.347869873046875 -0.2332763671875
-0.7052001953125 0.29107666015625 -0.344757080078125 -0.3060302734375
-0.48016357421875 0.61895751953125 -0.342376708984375 -0.2464599609375
-0.29461669921875 0.6978759765625 -0.40277099609375 -0.34210205078125
-0.3603515625 0.659423828125 0.391265869140625 0.520111083984375
-0.41473388671875 0.59698486328125 0.349090576171875 0.472015380859375
-0.60540771484375 0.32501220703125 0.415283203125 0.269378662109375
-0.6885986328125 0.08233642578125 0.38360595703125 0.333160400390625
-0.71514892578125 -0.1776123046875 0.4483642578125 0.374298095703125
-0.8355712890625 -0.37274169921875 0.446990966796875 0.394683837890625
-0.80078125 -0.395263671875 0.39263916015625 0.337158203125
-0.70184326171875 -0.47247314453125 0.282470703125 0.203460693359375
-0.78973388671875 -0.469970703125 0.121597290039062 -0.119377136230469
-0.8212890625 -0.34051513671875 -0.01300048828125 -0.34912109375
-0.7955322265625 -0.1414794921875 -0.213104248046875 -0.41986083984375
-0.7322998046875 0.2235107421875 -0.356658935546875 -0.262908935546875
-0.65606689453125 0.32586669921875 -0.418609619140625 -0.235076904296875
-0.43115234375 0.63330078125 -0.4149169921875 -0.0491333007812499
-0.2781982421875 0.67559814453125 -0.505950927734375 -0.081695556640625
-0.291656494140625 0.477020263671875 0.321533203125 0.71868896484375
-0.3272705078125 0.43218994140625 0.25225830078125 0.58807373046875
-0.45269775390625 0.19091796875 0.31634521484375 0.298736572265625
-0.495391845703125 0.01702880859375 0.3331298828125 0.297576904296875
-0.505523681640625 -0.166717529296875 0.49566650390625 0.341156005859375
-0.61920166015625 -0.3116455078125 0.6224365234375 0.40087890625
-0.60455322265625 -0.3143310546875 0.66278076171875 0.40167236328125
-0.557769775390625 -0.360137939453125 0.572509765625 0.29095458984375
-0.63232421875 -0.3594970703125 0.405426025390625 -0.07025146484375
-0.642822265625 -0.25164794921875 0.21856689453125 -0.36492919921875
-0.6148681640625 -0.0946044921874999 -0.0928955078125001 -0.482635498046875
-0.56158447265625 0.18609619140625 -0.34393310546875 -0.2830810546875
-0.499420166015625 0.2781982421875 -0.4599609375 -0.152801513671875
-0.31719970703125 0.5244140625 -0.466583251953125 0.132965087890625
-0.228546142578125 0.536163330078125 -0.59051513671875 0.15283203125
-0.174285888671875 0.237655639648437 0.2646484375 0.8448486328125
-0.182266235351563 0.242050170898438 0.1728515625 0.63934326171875
-0.23785400390625 0.0779571533203125 0.22698974609375 0.299835205078125
-0.258758544921875 -0.0034332275390625 0.2872314453125 0.26318359375
-0.254257202148438 -0.10302734375 0.5068359375 0.31475830078125
-0.342742919921875 -0.19122314453125 0.724853515625 0.40533447265625
-0.33441162109375 -0.181304931640625 0.8480224609375 0.4439697265625
-0.327728271484375 -0.197509765625 0.778076171875 0.3349609375
-0.378814697265625 -0.204071044921875 0.6087646484375 -0.052001953125
-0.365509033203125 -0.141326904296875 0.37469482421875 -0.383331298828125
-0.33966064453125 -0.05560302734375 -0.0140686035156251 -0.5213623046875
-0.31329345703125 0.101348876953125 -0.3328857421875 -0.2991943359375
-0.27215576171875 0.164886474609375 -0.47747802734375 -0.0837402343749999
-0.15899658203125 0.318511962890625 -0.501617431640625 0.264923095703125
-0.1529541015625 0.30059814453125 -0.65155029296875 0.324462890625
-0.0405540466308594 -0.0154266357421875 0.572509765625 -0.42022705078125
0.0144081115722656 0.00553226470947266 0.513916015625 -0.305816650390625
-0.00800991058349609 -0.0101413726806641 0.400482177734375 0.00390625
-0.0119180679321289 -0.00684261322021485 0.284881591796875 0.327178955078125
0.0170936584472656 -0.0220203399658203 -0.076080322265625 0.453033447265625
0.0338554382324219 -0.0454330444335938 -0.429931640625 0.34698486328125
0.029327392578125 -0.0264301300048828 -0.69989013671875 0.02618408203125
0.0425529479980469 -0.0189018249511719 -0.819580078125 -0.3336181640625
0.0401115417480469 0.00220108032226563 -0.8533935546875 -0.4747314453125
0.0531234741210938 -0.00423049926757813 -0.7030029296875 -0.42041015625
0.0486106872558594 0.0309295654296875 -0.51080322265625 -0.224945068359375
0.0141830444335938 0.0309333801269531 -0.271255493164063 -0.160354614257813
0.0277576446533203 -0.00485610961914063 -0.114593505859375 -0.307403564453125
0.0524559020996094 -0.0289268493652344 -0.14892578125 -0.59515380859375
0.0156478881835937 -0.0518150329589844 -0.15887451171875 -0.87640380859375
-0.155303955078125 0.29083251953125 0.5660400390625 -0.36932373046875
-0.134979248046875 0.28509521484375 0.518310546875 -0.244842529296875
-0.242721557617188 0.184219360351562 0.439453125 0.013641357421875
-0.292999267578125 0.07537841796875 0.303924560546875 0.34039306640625
-0.291168212890625 -0.050994873046875 -0.033935546875 0.463287353515625
-0.320648193359375 -0.15496826171875 -0.399688720703125 0.36956787109375
-0.3104248046875 -0.1683349609375 -0.66888427734375 0.065185546875
-0.2369384765625 -0.209121704101563 -0.77911376953125 -0.276123046875
-0.242355346679688 -0.198593139648437 -0.82977294921875 -0.44287109375
-0.219223022460937 -0.167739868164063 -0.69781494140625 -0.41082763671875
-0.204360961914063 -0.084228515625 -0.505096435546875 -0.230682373046875
-0.235427856445312 0.0323944091796875 -0.268417358398438 -0.159423828125
-0.216949462890625 0.039703369140625 -0.121124267578125 -0.3211669921875
-0.144454956054687 0.148818969726563 -0.1424560546875 -0.57537841796875
-0.0996856689453125 0.195968627929687 -0.15606689453125 -0.85113525390625
-0.2596435546875 0.544219970703125 0.548309326171875 -0.2130126953125
-0.27459716796875 0.520477294921875 0.514434814453125 -0.107208251953125
-0.45111083984375 0.3447265625 0.4813232421875 0.05718994140625
-0.543914794921875 0.144012451171875 0.3463134765625 0.352264404296875
-0.56805419921875 -0.0802612304687499 0.0656127929687499 0.45989990234375
-0.635986328125 -0.2557373046875 -0.267852783203125 0.3848876953125
-0.60467529296875 -0.292236328125 -0.513214111328125 0.120941162109375
-0.4820556640625 -0.37109375 -0.6192626953125 -0.17657470703125
-0.50567626953125 -0.370208740234375 -0.706298828125 -0.37493896484375
-0.488922119140625 -0.3046875 -0.63653564453125 -0.38287353515625
-0.464385986328125 -0.173614501953125 -0.485382080078125 -0.24884033203125
-0.481964111328125 0.0587463378906251 -0.289306640625 -0.1756591796875
-0.446746826171875 0.108428955078125 -0.167266845703125 -0.3409423828125
-0.320098876953125 0.330902099609375 -0.181060791015625 -0.5206298828125
-0.2008056640625 0.42572021484375 -0.2037353515625 -0.7481689453125
-0.33544921875 0.70489501953125 0.5137939453125 0.012451171875
-0.378173828125 0.665771484375 0.489837646484375 0.084686279296875
-0.6015625 0.43536376953125 0.50384521484375 0.122314453125
-0.721435546875 0.17694091796875 0.39056396484375 0.3568115234375
-0.76025390625 -0.1090087890625 0.210601806640625 0.440277099609375
-0.8590087890625 -0.32611083984375 -0.048309326171875 0.39251708984375
-0.80792236328125 -0.375244140625 -0.25250244140625 0.19012451171875
-0.6611328125 -0.473876953125 -0.363037109375 -0.04638671875
-0.712158203125 -0.47930908203125 -0.490692138671875 -0.282440185546875
-0.7218017578125 -0.38104248046875 -0.491973876953125 -0.3538818359375
-0.69744873046875 -0.20208740234375 -0.43426513671875 -0.28631591796875
-0.6827392578125 0.128662109375 -0.32208251953125 -0.200714111328125
-0.625732421875 0.2080078125 -0.25250244140625 -0.340789794921875
-0.43646240234375 0.504547119140625 -0.25677490234375 -0.40936279296875
-0.26702880859375 0.60443115234375 -0.297119140625 -0.5738525390625
-0.36761474609375 0.7490234375 0.460357666015625 0.2698974609375
-0.42724609375 0.6923828125 0.43316650390625 0.29046630859375
-0.6541748046875 0.4267578125 0.48382568359375 0.20013427734375
-0.77374267578125 0.15374755859375 0.408294677734375 0.350372314453125
-0.8173828125 -0.14385986328125 0.349822998046875 0.406219482421875
-0.93145751953125 -0.36834716796875 0.2103271484375 0.3916015625
-0.87652587890625 -0.40887451171875 0.0698394775390624 0.263580322265625
-0.73895263671875 -0.50970458984375 -0.0437698364257813 0.0860061645507812
-0.81768798828125 -0.509521484375 -0.196990966796875 -0.190139770507813
-0.850341796875 -0.3868408203125 -0.27093505859375 -0.340423583984375
-0.82562255859375 -0.18017578125 -0.33880615234375 -0.34619140625
-0.77978515625 0.20147705078125 -0.348541259765625 -0.2294921875
-0.7030029296875 0.2989501953125 -0.34552001953125 -0.301910400390625
-0.47216796875 0.62139892578125 -0.342742919921875 -0.241973876953125
-0.2867431640625 0.698486328125 -0.404083251953125 -0.338226318359375
-0.35186767578125 0.6651611328125 0.39495849609375 0.51568603515625
-0.407470703125 0.5999755859375 0.351318359375 0.466705322265625
-0.60028076171875 0.3302001953125 0.41436767578125 0.263031005859375
-0.687744140625 0.0887451171875 0.383453369140625 0.328460693359375
-0.71502685546875 -0.17041015625 0.450164794921875 0.369873046875
-0.8392333984375 -0.364501953125 0.448333740234375 0.39013671875
-0.801025390625 -0.387939453125 0.3948974609375 0.3333740234375
-0.7030029296875 -0.4669189453125 0.285552978515625 0.2008056640625
-0.79290771484375 -0.46136474609375 0.120674133300781 -0.118423461914063
-0.821533203125 -0.33441162109375 -0.015289306640625 -0.349029541015625
-0.79852294921875 -0.13299560546875 -0.216094970703125 -0.417144775390625
-0.73150634765625 0.23138427734375 -0.355133056640625 -0.255615234375
-0.65179443359375 0.330322265625 -0.417510986328125 -0.228729248046875
-0.4246826171875 0.63555908203125 -0.413055419921875 -0.0467834472656249
-0.27227783203125 0.6776123046875 -0.504608154296875 -0.079498291015625
-0.2872314453125 0.481170654296875 0.32763671875 0.71356201171875
-0.322967529296875 0.43328857421875 0.25531005859375 0.58416748046875
-0.448760986328125 0.19561767578125 0.317718505859375 0.294158935546875
-0.496368408203125 0.0209045410156251 0.333038330078125 0.29473876953125
-0.50592041015625 -0.162384033203125 0.496856689453125 0.336456298828125
-0.62371826171875 -0.3056640625 0.623046875 0.3946533203125
-0.60638427734375 -0.3072509765625 0.66534423828125 0.39422607421875
-0.557952880859375 -0.355194091796875 0.57647705078125 0.28582763671875
-0.635009765625 -0.352294921875 0.40496826171875 -0.0731201171875
-0.64483642578125 -0.24603271484375 0.21417236328125 -0.365875244140625
-0.6165771484375 -0.0896606445312501 -0.0965576171875 -0.478118896484375
-0.55865478515625 0.1915283203125 -0.3431396484375 -0.278656005859375
-0.497589111328125 0.2822265625 -0.46026611328125 -0.146697998046875
-0.3106689453125 0.52655029296875 -0.463958740234375 0.13818359375
-0.2232666015625 0.537139892578125 -0.58502197265625 0.1578369140625
-0.171981811523437 0.239578247070313 0.27264404296875 0.84002685546875
-0.179550170898437 0.242233276367188 0.17724609375 0.634521484375
-0.237289428710938 0.0809173583984375 0.22698974609375 0.29443359375
-0.257980346679688 -0.00355529785156253 0.2874755859375 0.258758544921875
-0.254669189453125 -0.100387573242187 0.506866455078125 0.310272216796875
-0.34521484375 -0.1884765625 0.72454833984375 0.3984375
-0.33660888671875 -0.17767333984375 0.8497314453125 0.43450927734375
-0.329071044921875 -0.193511962890625 0.7806396484375 0.32757568359375
-0.378997802734375 -0.19976806640625 0.6070556640625 -0.05718994140625
-0.36724853515625 -0.137237548828125 0.370849609375 -0.38519287109375
-0.34075927734375 -0.052734375 -0.0169677734375 -0.51763916015625
-0.3116455078125 0.10498046875 -0.33355712890625 -0.29296875
-0.26971435546875 0.166534423828125 -0.477996826171875 -0.078460693359375
-0.15582275390625 0.317138671875 -0.49713134765625 0.268310546875
-0.15167236328125 0.301361083984375 -0.64703369140625 0.329833984375
-0.0395736694335938 -0.0156021118164063 0.56707763671875 -0.4241943359375
0.0144405364990234 0.00495815277099609 0.510650634765625 -0.307769775390625
-0.00833702087402344 -0.00927066802978515 0.398193359375 -0.00054931640625
-0.0115642547607422 -0.00641536712646484 0.287200927734375 0.3238525390625
0.0170822143554688 -0.0224514007568359 -0.073089599609375 0.451202392578125
0.0330047607421875 -0.0446052551269531 -0.426239013671875 0.349212646484375
0.0287399291992188 -0.0270099639892578 -0.699951171875 0.02996826171875
0.0422554016113281 -0.0190277099609375 -0.822021484375 -0.32781982421875
0.0399017333984375 0.00263595581054688 -0.85723876953125 -0.4691162109375
0.0529937744140625 -0.00449752807617187 -0.70343017578125 -0.41754150390625
0.0485725402832031 0.03076171875 -0.510467529296875 -0.22021484375
0.0150375366210937 0.0311298370361328 -0.270523071289063 -0.1578369140625
0.0274658203125 -0.00596237182617188 -0.114013671875 -0.30535888671875
0.0517539978027344 -0.0303878784179687 -0.15167236328125 -0.59063720703125
0.0150833129882813 -0.0513801574707031 -0.16510009765625 -0.873046875
-0.151458740234375 0.2930908203125 0.56005859375 -0.371826171875
-0.132537841796875 0.285369873046875 0.51513671875 -0.249176025390625
-0.241409301757812 0.186309814453125 0.43841552734375 0.00942993164062501
-0.29296875 0.077178955078125 0.307159423828125 0.3363037109375
-0.291168212890625 -0.04962158203125 -0.029449462890625 0.460906982421875
-0.322296142578125 -0.15283203125 -0.395050048828125 0.372100830078125
-0.311614990234375 -0.165283203125 -0.66748046875 0.0686645507812501
-0.23687744140625 -0.207534790039063 -0.7796630859375 -0.2694091796875
-0.243637084960938 -0.196121215820312 -0.83221435546875 -0.437255859375
-0.220611572265625 -0.165725708007812 -0.6978759765625 -0.4049072265625
-0.205001831054688 -0.0833282470703125 -0.504486083984375 -0.225372314453125
-0.234786987304688 0.0347747802734375 -0.267074584960938 -0.155349731445313
-0.2158203125 0.0417022705078125 -0.11968994140625 -0.318267822265625
-0.143295288085938 0.14813232421875 -0.14471435546875 -0.5726318359375
-0.0976104736328125 0.196136474609375 -0.16033935546875 -0.84912109375
-0.254150390625 0.5469970703125 0.54638671875 -0.21636962890625
-0.268951416015625 0.521453857421875 0.510009765625 -0.110504150390625
-0.448486328125 0.3482666015625 0.480926513671875 0.050567626953125
-0.54266357421875 0.146484375 0.347900390625 0.347686767578125
-0.56842041015625 -0.0765380859375 0.07037353515625 0.45733642578125
-0.63812255859375 -0.248779296875 -0.264678955078125 0.385498046875
-0.6053466796875 -0.2877197265625 -0.511016845703125 0.1239013671875
-0.482177734375 -0.367462158203125 -0.6195068359375 -0.17083740234375
-0.506805419921875 -0.3671875 -0.708740234375 -0.36944580078125
-0.491302490234375 -0.301849365234375 -0.63629150390625 -0.376708984375
-0.46563720703125 -0.1697998046875 -0.48455810546875 -0.24530029296875
-0.480072021484375 0.0633544921875 -0.287109375 -0.172088623046875
-0.4449462890625 0.112030029296875 -0.167205810546875 -0.337432861328125
-0.31610107421875 0.3319091796875 -0.181304931640625 -0.517791748046875
-0.19757080078125 0.42510986328125 -0.206787109375 -0.7467041015625
-0.3297119140625 0.70806884765625 0.5128173828125 0.010284423828125
-0.371826171875 0.66778564453125 0.4879150390625 0.0804443359375
-0.59613037109375 0.4388427734375 0.503662109375 0.116546630859375
-0.7197265625 0.179931640625 0.39154052734375 0.351715087890625
-0.7611083984375 -0.103271484375 0.213165283203125 0.436767578125
-0.86181640625 -0.31982421875 -0.0447998046875 0.392578125
-0.80792236328125 -0.37091064453125 -0.250839233398438 0.192108154296875
-0.662353515625 -0.4703369140625 -0.361724853515625 -0.0441284179687501
-0.71588134765625 -0.47369384765625 -0.49188232421875 -0.27789306640625
-0.72357177734375 -0.37615966796875 -0.493438720703125 -0.34844970703125
-0.697998046875 -0.1982421875 -0.43377685546875 -0.28125
-0.6795654296875 0.13330078125 -0.320220947265625 -0.19720458984375
-0.62139892578125 0.21234130859375 -0.252716064453125 -0.336456298828125
-0.430206298828125 0.50555419921875 -0.2587890625 -0.40606689453125
-0.25958251953125 0.6060791015625 -0.2989501953125 -0.56878662109375
-0.3619384765625 0.7491455078125 0.45965576171875 0.26690673828125
-0.41973876953125 0.69403076171875 0.434295654296875 0.286224365234375
-0.65069580078125 0.43109130859375 0.48321533203125 0.193939208984375
-0.771728515625 0.15899658203125 0.40838623046875 0.346221923828125
-0.81463623046875 -0.1365966796875 0.35308837890625 0.4024658203125
-0.93377685546875 -0.35870361328125 0.2115478515625 0.3896484375
-0.87811279296875 -0.40228271484375 0.0726470947265625 0.2623291015625
-0.74114990234375 -0.5037841796875 -0.0412368774414063 0.0857925415039062
-0.82080078125 -0.5030517578125 -0.198562622070313 -0.187423706054688
-0.85113525390625 -0.38055419921875 -0.27239990234375 -0.336578369140625
-0.8287353515625 -0.17535400390625 -0.3385009765625 -0.34197998046875
-0.7760009765625 0.207763671875 -0.346832275390625 -0.22509765625
-0.6982421875 0.30255126953125 -0.344940185546875 -0.297210693359375
-0.46533203125 0.6229248046875 -0.3408203125 -0.23870849609375
-0.27996826171875 0.69964599609375 -0.4029541015625 -0.333892822265625
-0.34771728515625 0.66619873046875 0.3978271484375 0.512420654296875
-0.4012451171875 0.60382080078125 0.354156494140625 0.463653564453125
-0.5987548828125 0.33544921875 0.415008544921875 0.25885009765625
-0.68670654296875 0.0922851562500001 0.383575439453125 0.32476806640625
-0.7159423828125 -0.1656494140625 0.450439453125 0.364898681640625
-0.8409423828125 -0.35589599609375 0.449371337890625 0.386749267578125
-0.80218505859375 -0.38092041015625 0.3968505859375 0.331024169921875
-0.704345703125 -0.461181640625 0.28997802734375 0.19866943359375
-0.79449462890625 -0.45648193359375 0.119003295898437 -0.118385314941406
-0.8251953125 -0.32891845703125 -0.01763916015625 -0.34710693359375
-0.79852294921875 -0.1290283203125 -0.217864990234375 -0.41314697265625
-0.72918701171875 0.2376708984375 -0.355438232421875 -0.25189208984375
-0.6497802734375 0.33660888671875 -0.4183349609375 -0.224334716796875
-0.4168701171875 0.6346435546875 -0.410491943359375 -0.042510986328125
-0.2659912109375 0.6763916015625 -0.502593994140625 -0.0749816894531249
-0.281646728515625 0.483642578125 0.33062744140625 0.70965576171875
-0.317413330078125 0.43524169921875 0.259765625 0.58123779296875
-0.448211669921875 0.198883056640625 0.31756591796875 0.289764404296875
-0.49530029296875 0.02374267578125 0.331451416015625 0.2923583984375
-0.505828857421875 -0.159423828125 0.49578857421875 0.331329345703125
-0.62359619140625 -0.300048828125 0.62359619140625 0.38995361328125
-0.60736083984375 -0.30401611328125 0.66741943359375 0.38885498046875
-0.5576171875 -0.351531982421875 0.5787353515625 0.280517578125
-0.63629150390625 -0.34918212890625 0.404541015625 -0.07373046875
-0.64581298828125 -0.24053955078125 0.21136474609375 -0.364288330078125
-0.61785888671875 -0.0866699218749999 -0.100128173828125 -0.47625732421875
-0.556884765625 0.19683837890625 -0.34515380859375 -0.273834228515625
-0.49432373046875 0.2852783203125 -0.45977783203125 -0.1414794921875
-0.3045654296875 0.525360107421875 -0.4599609375 0.14215087890625
-0.217803955078125 0.5364990234375 -0.58221435546875 0.161865234375
-0.1693115234375 0.241775512695313 0.2764892578125 0.83428955078125
-0.176589965820313 0.24383544921875 0.18133544921875 0.632080078125
-0.236083984375 0.082305908203125 0.225830078125 0.29058837890625
-0.25738525390625 -0.00141906738281249 0.28631591796875 0.25701904296875
-0.25457763671875 -0.099578857421875 0.506591796875 0.30596923828125
-0.34649658203125 -0.18487548828125 0.72564697265625 0.3914794921875
-0.33612060546875 -0.17437744140625 0.85015869140625 0.42822265625
-0.328521728515625 -0.192718505859375 0.78350830078125 0.3221435546875
-0.3800048828125 -0.197509765625 0.60595703125 -0.058837890625
-0.36688232421875 -0.13409423828125 0.366729736328125 -0.38714599609375
-0.342376708984375 -0.051055908203125 -0.021759033203125 -0.51507568359375
-0.31146240234375 0.106719970703125 -0.334381103515625 -0.2889404296875
-0.268783569335938 0.1676025390625 -0.476715087890625 -0.0736694335937499
-0.1519775390625 0.316131591796875 -0.49444580078125 0.272369384765625
-0.149566650390625 0.301910400390625 -0.640625 0.33294677734375
-0.0390357971191406 -0.0152626037597656 0.56268310546875 -0.42510986328125
0.0150318145751953 0.00477123260498047 0.5064697265625 -0.311279296875
-0.00820255279541015 -0.00861644744873047 0.396514892578125 -0.00189208984375
-0.0110073089599609 -0.00647640228271484 0.288116455078125 0.31866455078125
0.0165233612060547 -0.0227546691894531 -0.069183349609375 0.45001220703125
0.0320892333984375 -0.0442848205566406 -0.4232177734375 0.350341796875
0.0285835266113281 -0.0275325775146484 -0.6981201171875 0.0338134765624999
0.0425529479980469 -0.0194511413574219 -0.82293701171875 -0.32257080078125
0.0403633117675781 0.00299835205078125 -0.859375 -0.4622802734375
0.0528678894042969 -0.0041961669921875 -0.70404052734375 -0.4124755859375
0.0490570068359375 0.0299148559570312 -0.5091552734375 -0.2158203125
0.0159187316894531 0.0319252014160156 -0.26812744140625 -0.154541015625
0.0274944305419922 -0.00636482238769531 -0.113525390625 -0.30352783203125
0.05078125 -0.032012939453125 -0.152587890625 -0.58721923828125
0.0143013000488281 -0.050628662109375 -0.16796875 -0.87091064453125
-0.148956298828125 0.292938232421875 0.556976318359375 -0.37420654296875
-0.130126953125 0.28570556640625 0.5107421875 -0.252105712890625
-0.240707397460937 0.187774658203125 0.43707275390625 0.00418090820312501
-0.292205810546875 0.0785827636718749 0.30792236328125 0.332855224609375
-0.2913818359375 -0.048828125 -0.02667236328125 0.45989990234375
-0.32330322265625 -0.149566650390625 -0.39263916015625 0.374053955078125
-0.3126220703125 -0.164459228515625 -0.6666259765625 0.0722045898437501
-0.237228393554687 -0.206497192382813 -0.78118896484375 -0.2659912109375
-0.244293212890625 -0.193832397460938 -0.83563232421875 -0.4306640625
-0.22186279296875 -0.164047241210937 -0.69915771484375 -0.39984130859375
-0.205795288085938 -0.081634521484375 -0.502655029296875 -0.222076416015625
-0.2332763671875 0.03704833984375 -0.265106201171875 -0.152587890625
-0.21533203125 0.04339599609375 -0.119903564453125 -0.316619873046875
-0.142196655273438 0.147933959960937 -0.1458740234375 -0.56976318359375
-0.096710205078125 0.1966552734375 -0.163818359375 -0.84503173828125
-0.24896240234375 0.549835205078125 0.5419921875 -0.219024658203125
-0.263336181640625 0.522552490234375 0.50823974609375 -0.114013671875
-0.447052001953125 0.35101318359375 0.479248046875 0.04522705078125
-0.54266357421875 0.149017333984375 0.34979248046875 0.34356689453125
-0.56854248046875 -0.0743408203125001 0.0736083984374999 0.4556884765625
-0.63983154296875 -0.24365234375 -0.26104736328125 0.387786865234375
-0.60791015625 -0.284912109375 -0.510498046875 0.12689208984375
-0.4830322265625 -0.3656005859375 -0.61968994140625 -0.16741943359375
-0.508941650390625 -0.362457275390625 -0.71014404296875 -0.365234375
-0.49163818359375 -0.29754638671875 -0.635986328125 -0.37347412109375
-0.46600341796875 -0.1663818359375 -0.482666015625 -0.240936279296875
-0.478424072265625 0.0675964355468749 -0.285400390625 -0.16925048828125
-0.444427490234375 0.115264892578125 -0.16851806640625 -0.334747314453125
-0.31317138671875 0.331298828125 -0.182861328125 -0.513519287109375
-0.19439697265625 0.425537109375 -0.210693359375 -0.743896484375
-0.320556640625 0.711181640625 0.510772705078125 0.00650024414062504
-0.36669921875 0.6689453125 0.4869384765625 0.0772094726562501
-0.5941162109375 0.4417724609375 0.5013427734375 0.11077880859375
-0.71807861328125 0.1854248046875 0.392425537109375 0.34783935546875
-0.7593994140625 -0.0991821289062498 0.215667724609375 0.434051513671875
-0.8621826171875 -0.3125 -0.0433349609375 0.392486572265625
-0.80926513671875 -0.3648681640625 -0.248550415039063 0.193466186523437
-0.66290283203125 -0.46807861328125 -0.36077880859375 -0.0413208007812501
-0.71722412109375 -0.4693603515625 -0.493408203125 -0.272308349609375
-0.72637939453125 -0.37005615234375 -0.494964599609375 -0.346588134765625
-0.70037841796875 -0.19561767578125 -0.43231201171875 -0.277191162109375
-0.678466796875 0.138916015625 -0.318359375 -0.194244384765625
-0.620849609375 0.2159423828125 -0.253814697265625 -0.33416748046875
-0.427215576171875 0.506927490234375 -0.2584228515625 -0.4027099609375
-0.2557373046875 0.60614013671875 -0.3011474609375 -0.567626953125
-0.354248046875 0.751953125 0.46124267578125 0.26318359375
-0.41375732421875 0.69439697265625 0.435150146484375 0.283233642578125
-0.64837646484375 0.43609619140625 0.483245849609375 0.18756103515625
-0.77142333984375 0.16253662109375 0.4075927734375 0.342926025390625
-0.81512451171875 -0.1339111328125 0.35382080078125 0.39959716796875
-0.93695068359375 -0.353271484375 0.213104248046875 0.388458251953125
-0.877685546875 -0.39727783203125 0.07421875 0.262451171875
-0.74127197265625 -0.49884033203125 -0.0396347045898438 0.0865478515625
-0.82354736328125 -0.497314453125 -0.199264526367188 -0.185592651367188
-0.852783203125 -0.37506103515625 -0.27362060546875 -0.334930419921875
-0.8291015625 -0.17010498046875 -0.337921142578125 -0.33856201171875
-0.77374267578125 0.212890625 -0.345550537109375 -0.22235107421875
-0.6947021484375 0.306884765625 -0.346527099609375 -0.293548583984375
-0.46044921875 0.6231689453125 -0.34002685546875 -0.235626220703125
-0.277099609375 0.70037841796875 -0.402923583984375 -0.3310546875
-0.33984375 0.66876220703125 0.398651123046875 0.509033203125
-0.39556884765625 0.60565185546875 0.355133056640625 0.459259033203125
-0.595947265625 0.33807373046875 0.413909912109375 0.252105712890625
-0.68511962890625 0.0960083007812499 0.38214111328125 0.32293701171875
-0.71563720703125 -0.1617431640625 0.45233154296875 0.3609619140625
-0.8433837890625 -0.349609375 0.4495849609375 0.38446044921875
-0.80401611328125 -0.376708984375 0.3966064453125 0.32916259765625
-0.70416259765625 -0.45611572265625 0.291778564453125 0.196044921875
-0.79644775390625 -0.4515380859375 0.118263244628906 -0.117233276367188
-0.82635498046875 -0.32171630859375 -0.0193176269531251 -0.3448486328125
-0.79937744140625 -0.12554931640625 -0.21966552734375 -0.410064697265625
-0.7249755859375 0.2420654296875 -0.35321044921875 -0.247802734375
-0.6470947265625 0.3387451171875 -0.4180908203125 -0.220245361328125
-0.41192626953125 0.6356201171875 -0.408905029296875 -0.039703369140625
-0.260009765625 0.67706298828125 -0.499969482421875 -0.0729675292968749
-0.277557373046875 0.4862060546875 0.33404541015625 0.70428466796875
-0.311981201171875 0.43536376953125 0.26226806640625 0.57568359375
-0.446258544921875 0.20062255859375 0.317108154296875 0.286041259765625
-0.49530029296875 0.026763916015625 0.332183837890625 0.29022216796875
-0.505767822265625 -0.156768798828125 0.496612548828125 0.328277587890625
-0.62603759765625 -0.29583740234375 0.62322998046875 0.3870849609375
-0.609130859375 -0.30029296875 0.6700439453125 0.3875732421875
-0.557342529296875 -0.348968505859375 0.58209228515625 0.2767333984375
-0.63800048828125 -0.34393310546875 0.40350341796875 -0.074737548828125
-0.64691162109375 -0.23663330078125 0.208892822265625 -0.363800048828125
-0.61846923828125 -0.0836791992187501 -0.10150146484375 -0.4732666015625
-0.556365966796875 0.2001953125 -0.344451904296875 -0.270050048828125
-0.492645263671875 0.287841796875 -0.45916748046875 -0.137451171875
-0.29864501953125 0.52490234375 -0.457489013671875 0.144989013671875
-0.21490478515625 0.53741455078125 -0.57965087890625 0.16412353515625
-0.168136596679687 0.2423095703125 0.28271484375 0.8302001953125
-0.174240112304688 0.244552612304688 0.18389892578125 0.62786865234375
-0.235336303710938 0.0838165283203125 0.225067138671875 0.28759765625
-0.257110595703125 -9.15527343750032E-05 0.284698486328125 0.256256103515625
-0.255874633789063 -0.098785400390625 0.50592041015625 0.301605224609375
-0.347900390625 -0.182342529296875 0.72430419921875 0.38946533203125
-0.3375244140625 -0.171783447265625 0.8505859375 0.423583984375
-0.327728271484375 -0.191253662109375 0.78515625 0.3170166015625
-0.380035400390625 -0.194244384765625 0.60693359375 -0.06158447265625
-0.367889404296875 -0.132965087890625 0.364990234375 -0.386505126953125
-0.342803955078125 -0.0495300292968749 -0.023223876953125 -0.5118408203125
-0.310455322265625 0.10870361328125 -0.335357666015625 -0.283843994140625
-0.267410278320313 0.169082641601562 -0.475616455078125 -0.06915283203125
-0.148895263671875 0.31591796875 -0.490570068359375 0.27459716796875
-0.147064208984375 0.30224609375 -0.6351318359375 0.33514404296875
-0.0388565063476563 -0.0156173706054688 0.557586669921875 -0.427215576171875
0.0151643753051758 0.00377178192138672 0.502655029296875 -0.314056396484375
-0.00761032104492187 -0.00838136672973633 0.395904541015625 -0.005126953125
-0.0110054016113281 -0.00651359558105469 0.28997802734375 0.315521240234375
0.0164031982421875 -0.0230083465576172 -0.0661010742187499 0.448394775390625
0.0313758850097656 -0.04351806640625 -0.421722412109375 0.35150146484375
0.0278491973876953 -0.0280475616455078 -0.697021484375 0.0354614257812501
0.0430526733398438 -0.020050048828125 -0.825927734375 -0.31903076171875
0.0407218933105469 0.00336456298828125 -0.86328125 -0.45849609375
0.052154541015625 -0.00407028198242187 -0.7054443359375 -0.40966796875
0.048736572265625 0.0298004150390625 -0.50762939453125 -0.21307373046875
0.0166969299316406 0.0323314666748047 -0.266845703125 -0.151779174804688
0.027313232421875 -0.00665855407714844 -0.11260986328125 -0.30224609375
0.0496711730957031 -0.0326881408691406 -0.1539306640625 -0.58502197265625
0.0140914916992188 -0.0502967834472656 -0.17138671875 -0.8681640625
-0.1466064453125 0.294464111328125 0.55364990234375 -0.374420166015625
-0.127716064453125 0.2852783203125 0.507965087890625 -0.25390625
-0.239700317382813 0.189712524414063 0.43621826171875 0.00225830078125001
-0.29144287109375 0.079132080078125 0.30889892578125 0.328399658203125
-0.291290283203125 -0.0478515625 -0.0235595703125 0.45745849609375
-0.324462890625 -0.1475830078125 -0.392730712890625 0.374053955078125
-0.312957763671875 -0.164031982421875 -0.666015625 0.07525634765625
-0.237533569335938 -0.206390380859375 -0.78179931640625 -0.2626953125
-0.244293212890625 -0.192718505859375 -0.838134765625 -0.4276123046875
-0.22174072265625 -0.162841796875 -0.6990966796875 -0.39874267578125
-0.206069946289062 -0.080413818359375 -0.50189208984375 -0.218505859375
-0.231643676757813 0.03912353515625 -0.263427734375 -0.149871826171875
-0.214691162109375 0.04376220703125 -0.11907958984375 -0.314483642578125
-0.142120361328125 0.147064208984375 -0.14605712890625 -0.56671142578125
-0.095062255859375 0.197494506835937 -0.166748046875 -0.84429931640625
-0.24560546875 0.550689697265625 0.5389404296875 -0.220306396484375
-0.260284423828125 0.5224609375 0.505584716796875 -0.11578369140625
-0.445343017578125 0.3538818359375 0.477294921875 0.042083740234375
-0.5435791015625 0.1527099609375 0.350250244140625 0.339752197265625
-0.56793212890625 -0.0715332031249999 0.07696533203125 0.453155517578125
-0.641845703125 -0.2412109375 -0.26068115234375 0.388336181640625
-0.60809326171875 -0.28216552734375 -0.50909423828125 0.127532958984375
-0.4837646484375 -0.365020751953125 -0.6185302734375 -0.164306640625
-0.509765625 -0.36083984375 -0.7138671875 -0.36016845703125
-0.493194580078125 -0.296112060546875 -0.636474609375 -0.370849609375
-0.467681884765625 -0.1644287109375 -0.481842041015625 -0.237701416015625
-0.475250244140625 0.070159912109375 -0.283538818359375 -0.167266845703125
-0.444122314453125 0.117919921875 -0.167236328125 -0.334014892578125
-0.312042236328125 0.33172607421875 -0.18389892578125 -0.511962890625
-0.1929931640625 0.42669677734375 -0.212158203125 -0.741455078125
-0.31793212890625 0.71343994140625 0.508636474609375 0.00653076171875004
-0.3604736328125 0.67034912109375 0.485076904296875 0.074981689453125
-0.59295654296875 0.44573974609375 0.500640869140625 0.10723876953125
-0.71734619140625 0.1881103515625 0.392120361328125 0.344970703125
-0.760009765625 -0.0975952148437498 0.217041015625 0.431732177734375
-0.86602783203125 -0.30889892578125 -0.04180908203125 0.393646240234375
-0.80938720703125 -0.36181640625 -0.24786376953125 0.194229125976562
-0.66387939453125 -0.46533203125 -0.360382080078125 -0.040283203125
-0.71728515625 -0.46661376953125 -0.494232177734375 -0.26934814453125
-0.72796630859375 -0.367919921875 -0.49493408203125 -0.343048095703125
-0.6993408203125 -0.1910400390625 -0.43157958984375 -0.274078369140625
-0.676025390625 0.143310546875 -0.316925048828125 -0.193084716796875
-0.61737060546875 0.21929931640625 -0.253448486328125 -0.33026123046875
-0.4227294921875 0.5054931640625 -0.258148193359375 -0.39959716796875
-0.252197265625 0.60565185546875 -0.3016357421875 -0.5638427734375
-0.34844970703125 0.7552490234375 0.460205078125 0.26116943359375
-0.40716552734375 0.696533203125 0.43377685546875 0.27984619140625
-0.64569091796875 0.4398193359375 0.482421875 0.184814453125
-0.769775390625 0.16571044921875 0.408416748046875 0.33941650390625
-0.8160400390625 -0.1285400390625 0.354644775390625 0.39703369140625
-0.9383544921875 -0.34844970703125 0.213531494140625 0.387939453125
-0.879150390625 -0.392578125 0.0761871337890624 0.26177978515625
-0.740966796875 -0.49566650390625 -0.0380554199218751 0.0862503051757812
-0.82525634765625 -0.4932861328125 -0.20062255859375 -0.184600830078125
-0.85528564453125 -0.37030029296875 -0.27532958984375 -0.333038330078125
-0.83270263671875 -0.166015625 -0.33740234375 -0.335906982421875
-0.77197265625 0.2171630859375 -0.34326171875 -0.21929931640625
-0.694580078125 0.310546875 -0.3458251953125 -0.29052734375
-0.45550537109375 0.6234130859375 -0.339935302734375 -0.233856201171875
-0.27276611328125 0.70037841796875 -0.402435302734375 -0.32879638671875
-0.3365478515625 0.67010498046875 0.400665283203125 0.50677490234375
-0.39154052734375 0.60577392578125 0.35546875 0.45745849609375
-0.594970703125 0.34197998046875 0.4141845703125 0.248870849609375
-0.68524169921875 0.0987548828125001 0.381439208984375 0.320343017578125
-0.715087890625 -0.15948486328125 0.45013427734375 0.358551025390625
-0.84539794921875 -0.34490966796875 0.44915771484375 0.38238525390625
-0.804443359375 -0.37371826171875 0.399444580078125 0.326629638671875
-0.703369140625 -0.454833984375 0.293365478515625 0.195587158203125
-0.7987060546875 -0.4461669921875 0.116958618164062 -0.116424560546875
-0.82763671875 -0.3187255859375 -0.021240234375 -0.34332275390625
-0.8018798828125 -0.1220703125 -0.219024658203125 -0.40704345703125
-0.72467041015625 0.24468994140625 -0.352569580078125 -0.244232177734375
-0.64617919921875 0.34136962890625 -0.417724609375 -0.21673583984375
-0.40667724609375 0.63299560546875 -0.40771484375 -0.03692626953125
-0.25836181640625 0.67791748046875 -0.498077392578125 -0.0703125000000001
-0.274200439453125 0.485931396484375 0.33624267578125 0.7017822265625
-0.309661865234375 0.4383544921875 0.2620849609375 0.57373046875
-0.444854736328125 0.20361328125 0.31591796875 0.282745361328125
-0.4937744140625 0.028564453125 0.330352783203125 0.28875732421875
-0.5059814453125 -0.1546630859375 0.494293212890625 0.32659912109375
-0.62823486328125 -0.291748046875 0.62200927734375 0.3826904296875
-0.6083984375 -0.296142578125 0.66766357421875 0.38360595703125
-0.557769775390625 -0.347930908203125 0.58367919921875 0.27447509765625
-0.63818359375 -0.3421630859375 0.40350341796875 -0.074737548828125
-0.64959716796875 -0.2340087890625 0.208404541015625 -0.364654541015625
-0.61993408203125 -0.08245849609375 -0.1026611328125 -0.469970703125
-0.554443359375 0.20166015625 -0.342926025390625 -0.2655029296875
-0.491424560546875 0.28863525390625 -0.4600830078125 -0.133392333984375
-0.297119140625 0.524261474609375 -0.45556640625 0.146514892578125
-0.213165283203125 0.537017822265625 -0.5762939453125 0.1668701171875
-0.1661376953125 0.244613647460937 0.28387451171875 0.826416015625
-0.17230224609375 0.245498657226562 0.18560791015625 0.62530517578125
-0.235504150390625 0.0854339599609375 0.225494384765625 0.28607177734375
-0.2569580078125 0.00105285644531248 0.28338623046875 0.25341796875
-0.255462646484375 -0.097991943359375 0.503875732421875 0.300079345703125
-0.34942626953125 -0.180694580078125 0.72320556640625 0.38616943359375
-0.338226318359375 -0.1689453125 0.8507080078125 0.419677734375
-0.327789306640625 -0.18927001953125 0.78570556640625 0.3131103515625
-0.380889892578125 -0.1934814453125 0.60504150390625 -0.063232421875
-0.369140625 -0.13153076171875 0.364288330078125 -0.385589599609375
-0.342926025390625 -0.0483093261718749 -0.024932861328125 -0.511016845703125
-0.3096923828125 0.111480712890625 -0.33349609375 -0.28076171875
-0.266708374023438 0.170333862304687 -0.476348876953125 -0.0658569335937501
-0.147613525390625 0.314971923828125 -0.489715576171875 0.277801513671875
-0.1474609375 0.304107666015625 -0.632080078125 0.337158203125
-0.0387649536132812 -0.0158157348632813 0.555084228515625 -0.428619384765625
0.0154876708984375 0.00330543518066406 0.501953125 -0.313873291015625
-0.00734901428222656 -0.00825357437133789 0.395050048828125 -0.006591796875
-0.0104961395263672 -0.00578403472900391 0.29205322265625 0.31280517578125
0.0162086486816406 -0.0239048004150391 -0.0654296875 0.44744873046875
0.0307769775390625 -0.0429496765136719 -0.4202880859375 0.352935791015625
0.0270538330078125 -0.028289794921875 -0.6982421875 0.037353515625
0.0431365966796875 -0.020477294921875 -0.82708740234375 -0.318603515625
0.0414161682128906 0.00403213500976563 -0.8662109375 -0.45697021484375
0.0519676208496094 -0.0041046142578125 -0.7047119140625 -0.41058349609375
0.0485382080078125 0.0292282104492188 -0.5062255859375 -0.211151123046875
0.0179710388183594 0.0326099395751953 -0.264663696289063 -0.149948120117187
0.0265522003173828 -0.00653648376464844 -0.1112060546875 -0.30145263671875
0.0488014221191406 -0.0330924987792969 -0.15313720703125 -0.5833740234375
0.0138702392578125 -0.0494575500488281 -0.17156982421875 -0.8687744140625
-0.14495849609375 0.2950439453125 0.551055908203125 -0.375396728515625
-0.126953125 0.286376953125 0.50640869140625 -0.255126953125
-0.23931884765625 0.191009521484375 0.435699462890625 0.000152587890625012
-0.2918701171875 0.0804138183593749 0.310211181640625 0.326629638671875
-0.2916259765625 -0.0478515625 -0.021636962890625 0.45733642578125
-0.326385498046875 -0.146026611328125 -0.3896484375 0.374847412109375
-0.314666748046875 -0.163238525390625 -0.665771484375 0.0754394531250001
-0.237762451171875 -0.20709228515625 -0.7830810546875 -0.26080322265625
-0.244903564453125 -0.191299438476563 -0.83935546875 -0.42498779296875
-0.222793579101562 -0.16192626953125 -0.69879150390625 -0.39715576171875
-0.206451416015625 -0.0803985595703125 -0.49993896484375 -0.217071533203125
-0.231430053710938 0.041046142578125 -0.261032104492187 -0.149246215820313
-0.214706420898438 0.0450286865234375 -0.1177978515625 -0.313568115234375
-0.141998291015625 0.14666748046875 -0.14630126953125 -0.56640625
-0.0951385498046875 0.198074340820312 -0.1676025390625 -0.84246826171875
-0.243255615234375 0.551666259765625 0.53948974609375 -0.2210693359375
-0.25811767578125 0.524078369140625 0.50390625 -0.116973876953125
-0.444793701171875 0.355377197265625 0.47772216796875 0.03839111328125
-0.54327392578125 0.1524658203125 0.350860595703125 0.337066650390625
-0.56884765625 -0.0719604492187499 0.0781555175781249 0.451629638671875
-0.64306640625 -0.23773193359375 -0.259552001953125 0.388671875
-0.60919189453125 -0.2813720703125 -0.508087158203125 0.128875732421875
-0.485137939453125 -0.36383056640625 -0.62005615234375 -0.16314697265625
-0.512176513671875 -0.360504150390625 -0.71539306640625 -0.357666015625
-0.49517822265625 -0.294403076171875 -0.63812255859375 -0.3704833984375
-0.468719482421875 -0.16424560546875 -0.481048583984375 -0.236083984375
-0.475189208984375 0.0717163085937501 -0.281768798828125 -0.1656494140625
-0.443603515625 0.11834716796875 -0.166656494140625 -0.331756591796875
-0.310699462890625 0.33087158203125 -0.183868408203125 -0.5098876953125
-0.190887451171875 0.426361083984375 -0.21099853515625 -0.7423095703125
-0.31463623046875 0.7149658203125 0.508819580078125 0.00372314453125004
-0.3585205078125 0.6712646484375 0.48419189453125 0.0731201171875
-0.5924072265625 0.44854736328125 0.499908447265625 0.10260009765625
-0.7191162109375 0.190185546875 0.3936767578125 0.343353271484375
-0.76171875 -0.09600830078125 0.218780517578125 0.4302978515625
-0.86785888671875 -0.30731201171875 -0.0403442382812501 0.394012451171875
-0.81243896484375 -0.36181640625 -0.247055053710938 0.194931030273437
-0.6640625 -0.4644775390625 -0.359619140625 -0.038848876953125
-0.72021484375 -0.464111328125 -0.4962158203125 -0.268402099609375
-0.72821044921875 -0.36578369140625 -0.49468994140625 -0.343292236328125
-0.7022705078125 -0.1884765625 -0.431243896484375 -0.27313232421875
-0.6768798828125 0.144775390625 -0.31524658203125 -0.190460205078125
-0.61798095703125 0.220947265625 -0.252593994140625 -0.329559326171875
-0.421966552734375 0.505126953125 -0.258544921875 -0.39874267578125
-0.25042724609375 0.6077880859375 -0.302734375 -0.5638427734375
-0.34576416015625 0.75714111328125 0.462005615234375 0.261322021484375
-0.40350341796875 0.697265625 0.434173583984375 0.2769775390625
-0.64508056640625 0.4407958984375 0.480377197265625 0.17974853515625
-0.7720947265625 0.167724609375 0.40704345703125 0.338714599609375
-0.81707763671875 -0.12872314453125 0.356536865234375 0.394805908203125
-0.941650390625 -0.3438720703125 0.21405029296875 0.38818359375
-0.88067626953125 -0.39227294921875 0.0767669677734375 0.261428833007813
-0.740966796875 -0.49603271484375 -0.0366897583007813 0.0867385864257812
-0.8260498046875 -0.4920654296875 -0.201690673828125 -0.182144165039063
-0.85723876953125 -0.36895751953125 -0.276275634765625 -0.332000732421875
-0.833984375 -0.1646728515625 -0.337677001953125 -0.334442138671875
-0.77142333984375 0.2203369140625 -0.343292236328125 -0.21734619140625
-0.6934814453125 0.31317138671875 -0.346160888671875 -0.286895751953125
-0.4534912109375 0.62274169921875 -0.339599609375 -0.232086181640625
-0.270263671875 0.7010498046875 -0.401824951171875 -0.327667236328125
-0.3326416015625 0.67303466796875 0.40155029296875 0.503204345703125
-0.3887939453125 0.60687255859375 0.355316162109375 0.4534912109375
-0.593505859375 0.34429931640625 0.412750244140625 0.246368408203125
-0.68548583984375 0.1014404296875 0.381011962890625 0.3193359375
-0.7156982421875 -0.15704345703125 0.4508056640625 0.357757568359375
-0.84869384765625 -0.3411865234375 0.449554443359375 0.38299560546875
-0.8048095703125 -0.370361328125 0.401092529296875 0.326019287109375
-0.70556640625 -0.45404052734375 0.295379638671875 0.194091796875
-0.7989501953125 -0.44549560546875 0.117263793945312 -0.115463256835938
-0.8304443359375 -0.3182373046875 -0.0214233398437501 -0.34429931640625
-0.8033447265625 -0.11981201171875 -0.21868896484375 -0.406005859375
-0.7236328125 0.24774169921875 -0.3507080078125 -0.2418212890625
-0.64678955078125 0.34423828125 -0.4178466796875 -0.21307373046875
-0.40570068359375 0.63299560546875 -0.40625 -0.03619384765625
-0.2559814453125 0.67803955078125 -0.49676513671875 -0.069244384765625
-0.2723388671875 0.4891357421875 0.33807373046875 0.7005615234375
-0.30645751953125 0.4395751953125 0.26409912109375 0.5723876953125
-0.445892333984375 0.20574951171875 0.31597900390625 0.281646728515625
-0.494476318359375 0.0302124023437499 0.3292236328125 0.288330078125
-0.5064697265625 -0.1533203125 0.49554443359375 0.323883056640625
-0.6295166015625 -0.291015625 0.62091064453125 0.38311767578125
-0.60986328125 -0.29473876953125 0.6690673828125 0.38214111328125
-0.557830810546875 -0.34539794921875 0.58453369140625 0.27239990234375
-0.6417236328125 -0.33837890625 0.403350830078125 -0.072784423828125
-0.651123046875 -0.23272705078125 0.20684814453125 -0.363311767578125
-0.62261962890625 -0.0791625976562501 -0.104278564453125 -0.46881103515625
-0.5550537109375 0.204345703125 -0.342620849609375 -0.264556884765625
-0.491668701171875 0.289764404296875 -0.4595947265625 -0.130950927734375
-0.294708251953125 0.52239990234375 -0.4534912109375 0.147674560546875
-0.210784912109375 0.538543701171875 -0.5736083984375 0.1685791015625
-0.164657592773438 0.24517822265625 0.28533935546875 0.824951171875
-0.170120239257813 0.245620727539062 0.187255859375 0.62359619140625
-0.235702514648438 0.086395263671875 0.224761962890625 0.284515380859375
-0.257537841796875 0.00250244140625003 0.28179931640625 0.25421142578125
-0.256301879882813 -0.0975189208984375 0.504180908203125 0.29852294921875
-0.350494384765625 -0.1790771484375 0.7237548828125 0.3848876953125
-0.33782958984375 -0.1697998046875 0.85260009765625 0.419189453125
-0.329010009765625 -0.188690185546875 0.788330078125 0.3092041015625
-0.38287353515625 -0.19195556640625 0.60675048828125 -0.0611572265625
-0.370361328125 -0.1298828125 0.36273193359375 -0.3858642578125
-0.345062255859375 -0.048370361328125 -0.027252197265625 -0.5087890625
-0.3096923828125 0.112030029296875 -0.3330078125 -0.2784423828125
-0.266921997070313 0.1702880859375 -0.4771728515625 -0.0643920898437499
-0.146209716796875 0.31329345703125 -0.486602783203125 0.27850341796875
-0.146148681640625 0.304107666015625 -0.62994384765625 0.337890625
-0.0383224487304688 -0.0157432556152344 0.55364990234375 -0.429840087890625
0.0155105590820312 0.00253009796142578 0.49859619140625 -0.31689453125
-0.007171630859375 -0.00792598724365235 0.395294189453125 -0.007415771484375
-0.0101137161254883 -0.00622081756591797 0.292083740234375 0.3118896484375
0.0159893035888672 -0.0239353179931641 -0.06439208984375 0.447418212890625
0.0305099487304687 -0.0424461364746094 -0.419158935546875 0.3525390625
0.0268115997314453 -0.0287208557128906 -0.69769287109375 0.0361328125
0.0433120727539063 -0.0206184387207031 -0.83160400390625 -0.31640625
0.0418052673339844 0.00477218627929688 -0.86871337890625 -0.4554443359375
0.0522308349609375 -0.00436019897460938 -0.70697021484375 -0.4107666015625
0.0484771728515625 0.0293922424316406 -0.505126953125 -0.2109375
0.0189609527587891 0.0331592559814453 -0.262832641601563 -0.148345947265625
0.0266590118408203 -0.0067596435546875 -0.1103515625 -0.30120849609375
0.0482673645019531 -0.0336570739746094 -0.15264892578125 -0.58355712890625
0.0137710571289062 -0.049041748046875 -0.17327880859375 -0.8677978515625
-0.144073486328125 0.29571533203125 0.54901123046875 -0.378387451171875
-0.125823974609375 0.286285400390625 0.504974365234375 -0.256591796875
-0.239181518554687 0.191864013671875 0.43487548828125 -0.00299072265624999
-0.292266845703125 0.08123779296875 0.311279296875 0.3238525390625
-0.292633056640625 -0.048187255859375 -0.021453857421875 0.457275390625
-0.328369140625 -0.1453857421875 -0.38909912109375 0.37652587890625
-0.31561279296875 -0.163543701171875 -0.66619873046875 0.0762939453125
-0.238601684570313 -0.20721435546875 -0.78582763671875 -0.2607421875
-0.245651245117188 -0.190536499023438 -0.84375 -0.42352294921875
-0.223876953125 -0.161605834960937 -0.70184326171875 -0.3966064453125
-0.207138061523437 -0.079986572265625 -0.5 -0.21600341796875
-0.230056762695312 0.041778564453125 -0.260238647460938 -0.147811889648438
-0.215118408203125 0.0453338623046875 -0.11749267578125 -0.314453125
-0.141937255859375 0.14666748046875 -0.146240234375 -0.564453125
-0.0944976806640625 0.19879150390625 -0.16912841796875 -0.843017578125
-0.2412109375 0.554779052734375 0.5379638671875 -0.222320556640625
-0.257415771484375 0.525909423828125 0.50360107421875 -0.11993408203125
-0.445831298828125 0.358154296875 0.477386474609375 0.035247802734375
-0.54473876953125 0.154449462890625 0.351531982421875 0.336151123046875
-0.57000732421875 -0.0717163085937499 0.079376220703125 0.452178955078125
-0.6455078125 -0.23681640625 -0.25732421875 0.3907470703125
-0.6112060546875 -0.281005859375 -0.508148193359375 0.129302978515625
-0.484466552734375 -0.364837646484375 -0.6209716796875 -0.1627197265625
-0.512542724609375 -0.35888671875 -0.71856689453125 -0.356201171875
-0.497528076171875 -0.293243408203125 -0.637939453125 -0.36932373046875
-0.470672607421875 -0.16387939453125 -0.47979736328125 -0.235595703125
-0.4755859375 0.073394775390625 -0.280029296875 -0.164321899414063
-0.443572998046875 0.120635986328125 -0.16705322265625 -0.331329345703125
-0.31048583984375 0.330780029296875 -0.183441162109375 -0.509796142578125
-0.19073486328125 0.42724609375 -0.2135009765625 -0.742919921875
-0.3115234375 0.718505859375 0.509002685546875 0.00381469726562504
-0.357177734375 0.672607421875 0.4842529296875 0.071929931640625
-0.5927734375 0.45220947265625 0.500030517578125 0.100341796875
-0.720703125 0.19158935546875 0.39178466796875 0.34161376953125
-0.7628173828125 -0.0955810546875 0.220672607421875 0.4296875
-0.8714599609375 -0.30206298828125 -0.0412292480468751 0.394012451171875
-0.81475830078125 -0.35931396484375 -0.246658325195313 0.196319580078125
-0.66400146484375 -0.4658203125 -0.359130859375 -0.0380554199218751
-0.72247314453125 -0.4644775390625 -0.498016357421875 -0.267181396484375
-0.729736328125 -0.36663818359375 -0.495941162109375 -0.34210205078125
-0.70611572265625 -0.18829345703125 -0.43048095703125 -0.271026611328125
-0.67584228515625 0.14849853515625 -0.313446044921875 -0.18914794921875
-0.61944580078125 0.222412109375 -0.25274658203125 -0.328155517578125
-0.4215087890625 0.505706787109375 -0.25830078125 -0.39703369140625
-0.24957275390625 0.6083984375 -0.30145263671875 -0.565185546875
-0.3428955078125 0.759033203125 0.461578369140625 0.259918212890625
-0.40179443359375 0.7005615234375 0.433441162109375 0.275970458984375
-0.6466064453125 0.4451904296875 0.479339599609375 0.17694091796875
-0.7734375 0.1702880859375 0.407012939453125 0.338592529296875
-0.8184814453125 -0.12701416015625 0.356597900390625 0.39398193359375
-0.944091796875 -0.34295654296875 0.21502685546875 0.389190673828125
-0.8839111328125 -0.39056396484375 0.0772552490234374 0.261947631835938
-0.74261474609375 -0.49798583984375 -0.0354537963867188 0.0864410400390625
-0.82879638671875 -0.49310302734375 -0.202835083007813 -0.181259155273438
-0.85955810546875 -0.3680419921875 -0.27618408203125 -0.33172607421875
-0.8360595703125 -0.163330078125 -0.338043212890625 -0.3326416015625
-0.77239990234375 0.22283935546875 -0.34185791015625 -0.21539306640625
-0.69580078125 0.3154296875 -0.347015380859375 -0.286163330078125
-0.453125 0.6224365234375 -0.338287353515625 -0.230987548828125
-0.26873779296875 0.70184326171875 -0.401458740234375 -0.32720947265625
-0.3314208984375 0.677001953125 0.401336669921875 0.505035400390625
-0.38653564453125 0.60955810546875 0.3553466796875 0.452484130859375
-0.59423828125 0.34783935546875 0.410980224609375 0.243988037109375
-0.68719482421875 0.10260009765625 0.379974365234375 0.319061279296875
-0.7186279296875 -0.1553955078125 0.452667236328125 0.356597900390625
-0.85101318359375 -0.34039306640625 0.449981689453125 0.382476806640625
-0.80828857421875 -0.37103271484375 0.40118408203125 0.3253173828125
-0.70599365234375 -0.454345703125 0.29693603515625 0.194061279296875
-0.8023681640625 -0.44537353515625 0.117668151855469 -0.114738464355469
-0.8323974609375 -0.317626953125 -0.0222473144531251 -0.342529296875
-0.80535888671875 -0.11865234375 -0.218536376953125 -0.405181884765625
-0.7244873046875 0.2509765625 -0.350860595703125 -0.241119384765625
-0.6473388671875 0.34649658203125 -0.418670654296875 -0.21173095703125
-0.40557861328125 0.63372802734375 -0.4056396484375 -0.035247802734375
-0.25518798828125 0.67919921875 -0.49505615234375 -0.0691833496093749
-0.270660400390625 0.491180419921875 0.33819580078125 0.700439453125
-0.3046875 0.440673828125 0.26446533203125 0.5699462890625
-0.4461669921875 0.207855224609375 0.3143310546875 0.278167724609375
-0.49615478515625 0.0313415527343751 0.32708740234375 0.28778076171875
-0.50677490234375 -0.153564453125 0.495635986328125 0.32470703125
-0.63177490234375 -0.28790283203125 0.62298583984375 0.38275146484375
-0.61285400390625 -0.29443359375 0.67138671875 0.380615234375
-0.55926513671875 -0.347442626953125 0.58636474609375 0.27215576171875
-0.641845703125 -0.3392333984375 0.403900146484375 -0.072906494140625
-0.65325927734375 -0.23126220703125 0.2066650390625 -0.363250732421875
-0.624267578125 -0.0795898437499999 -0.104888916015625 -0.46795654296875
-0.555206298828125 0.20611572265625 -0.34088134765625 -0.26263427734375
-0.491729736328125 0.291595458984375 -0.46038818359375 -0.128936767578125
-0.29510498046875 0.52349853515625 -0.45355224609375 0.15045166015625
-0.211883544921875 0.53955078125 -0.5718994140625 0.16900634765625
-0.163986206054687 0.24700927734375 0.2867431640625 0.82403564453125
-0.169662475585938 0.247055053710937 0.18707275390625 0.6212158203125
-0.235702514648438 0.0873260498046875 0.223388671875 0.2828369140625
-0.257400512695312 0.0029144287109375 0.28033447265625 0.254837036132813
-0.257049560546875 -0.098052978515625 0.502777099609375 0.298583984375
-0.351898193359375 -0.1785888671875 0.72296142578125 0.3836669921875
-0.339996337890625 -0.168914794921875 0.85406494140625 0.41680908203125
-0.327789306640625 -0.18853759765625 0.790771484375 0.31011962890625
-0.38330078125 -0.19134521484375 0.6080322265625 -0.06201171875
-0.371063232421875 -0.130584716796875 0.3621826171875 -0.38525390625
-0.3466796875 -0.048004150390625 -0.027099609375 -0.508056640625
-0.31048583984375 0.113128662109375 -0.33282470703125 -0.276947021484375
-0.267593383789062 0.170242309570313 -0.476806640625 -0.0616455078125
-0.1458740234375 0.312652587890625 -0.48480224609375 0.28021240234375
-0.146026611328125 0.30517578125 -0.6280517578125 0.3399658203125
-0.0383758544921875 -0.0162544250488281 0.553863525390625 -0.430755615234375
0.0159206390380859 0.00243186950683594 0.499542236328125 -0.3182373046875
-0.0067601203918457 -0.00751686096191406 0.39532470703125 -0.009124755859375
-0.00971317291259766 -0.00599193572998047 0.293243408203125 0.309295654296875
0.0156745910644531 -0.0251064300537109 -0.062744140625 0.44708251953125
0.0301551818847656 -0.0416145324707031 -0.42041015625 0.35205078125
0.0260238647460937 -0.0289802551269531 -0.70037841796875 0.0360107421875
0.0433883666992188 -0.0210494995117188 -0.83392333984375 -0.31573486328125
0.041778564453125 0.00516891479492188 -0.8729248046875 -0.456787109375
0.0520362854003906 -0.00399398803710938 -0.70703125 -0.41290283203125
0.0487174987792969 0.0292282104492188 -0.506103515625 -0.211181640625
0.0197181701660156 0.0338096618652344 -0.261367797851563 -0.1484375
0.0267848968505859 -0.00709152221679688 -0.10888671875 -0.301513671875
0.0473976135253906 -0.0345573425292969 -0.15167236328125 -0.583984375
0.0138282775878906 -0.0484809875488281 -0.17401123046875 -0.8701171875
-0.143829345703125 0.297210693359375 0.550018310546875 -0.37774658203125
-0.12506103515625 0.287689208984375 0.505096435546875 -0.259124755859375
-0.240631103515625 0.1929931640625 0.43634033203125 -0.00436401367187499
-0.293670654296875 0.081878662109375 0.312469482421875 0.32269287109375
-0.294342041015625 -0.048583984375 -0.018890380859375 0.457275390625
-0.33001708984375 -0.14410400390625 -0.3897705078125 0.3773193359375
-0.317169189453125 -0.163238525390625 -0.66900634765625 0.0765991210937498
-0.23828125 -0.208831787109375 -0.789794921875 -0.2607421875
-0.246658325195313 -0.191558837890625 -0.84588623046875 -0.424560546875
-0.225692749023438 -0.1614990234375 -0.7030029296875 -0.3990478515625
-0.208206176757813 -0.079559326171875 -0.49981689453125 -0.2149658203125
-0.230514526367188 0.042755126953125 -0.258026123046875 -0.146621704101563
-0.216201782226563 0.04656982421875 -0.11651611328125 -0.313262939453125
-0.143157958984375 0.146026611328125 -0.14520263671875 -0.56451416015625
-0.0936279296875 0.199661254882813 -0.16717529296875 -0.84539794921875
-0.240814208984375 0.556854248046875 0.537261962890625 -0.225433349609375
-0.25628662109375 0.527069091796875 0.5037841796875 -0.120513916015625
-0.44683837890625 0.36041259765625 0.477386474609375 0.032745361328125
-0.5465087890625 0.155120849609375 0.352020263671875 0.33551025390625
-0.57232666015625 -0.0723876953125 0.080902099609375 0.451507568359375
-0.6495361328125 -0.2359619140625 -0.25830078125 0.3931884765625
-0.614501953125 -0.2833251953125 -0.51019287109375 0.12921142578125
-0.48724365234375 -0.36785888671875 -0.6229248046875 -0.16204833984375
-0.5145263671875 -0.35968017578125 -0.72113037109375 -0.3558349609375
-0.498779296875 -0.293914794921875 -0.6412353515625 -0.3707275390625
-0.472564697265625 -0.16265869140625 -0.48016357421875 -0.23480224609375
-0.476348876953125 0.0755310058593751 -0.278717041015625 -0.163803100585938
-0.4443359375 0.120941162109375 -0.164947509765625 -0.329803466796875
-0.311859130859375 0.330780029296875 -0.182525634765625 -0.510406494140625
-0.189178466796875 0.428375244140625 -0.2137451171875 -0.74359130859375
-0.31256103515625 0.7216796875 0.509246826171875 0.00320434570312504
-0.35589599609375 0.676513671875 0.48358154296875 0.071624755859375
-0.59423828125 0.4542236328125 0.498931884765625 0.097137451171875
-0.72296142578125 0.1932373046875 0.39312744140625 0.34228515625
-0.76654052734375 -0.0952148437500001 0.22186279296875 0.43060302734375
-0.8753662109375 -0.30145263671875 -0.0401306152343751 0.39666748046875
-0.81671142578125 -0.35931396484375 -0.246719360351563 0.196456909179687
-0.66741943359375 -0.46923828125 -0.359771728515625 -0.0388488769531251
-0.72503662109375 -0.4652099609375 -0.499786376953125 -0.267425537109375
-0.7342529296875 -0.3658447265625 -0.4979248046875 -0.34307861328125
-0.7083740234375 -0.187744140625 -0.4310302734375 -0.27215576171875
-0.676025390625 0.1507568359375 -0.311676025390625 -0.18829345703125
-0.62225341796875 0.2249755859375 -0.25372314453125 -0.32781982421875
-0.4212646484375 0.506622314453125 -0.258331298828125 -0.397430419921875
-0.2490234375 0.608642578125 -0.3016357421875 -0.566162109375
-0.34161376953125 0.76531982421875 0.463287353515625 0.260833740234375
-0.4005126953125 0.70361328125 0.435272216796875 0.276763916015625
-0.64984130859375 0.44866943359375 0.479461669921875 0.17486572265625
-0.7769775390625 0.17132568359375 0.407745361328125 0.337982177734375
-0.82135009765625 -0.12677001953125 0.3592529296875 0.39447021484375
-0.94842529296875 -0.34210205078125 0.214691162109375 0.38995361328125
-0.88494873046875 -0.3914794921875 0.078155517578125 0.26251220703125
-0.74609375 -0.49920654296875 -0.0349578857421875 0.0864944458007812
-0.8326416015625 -0.493896484375 -0.204010009765625 -0.17987060546875
-0.86248779296875 -0.36871337890625 -0.276947021484375 -0.333251953125
-0.84124755859375 -0.1630859375 -0.337310791015625 -0.333282470703125
-0.772216796875 0.22430419921875 -0.3397216796875 -0.21484375
-0.69866943359375 0.318115234375 -0.346343994140625 -0.284698486328125
-0.45263671875 0.6243896484375 -0.339202880859375 -0.230194091796875
-0.26959228515625 0.70404052734375 -0.40167236328125 -0.32891845703125
-0.329345703125 0.679443359375 0.4039306640625 0.504364013671875
-0.38385009765625 0.61260986328125 0.357086181640625 0.45294189453125
-0.59637451171875 0.34869384765625 0.412017822265625 0.242095947265625
-0.69000244140625 0.1021728515625 0.3797607421875 0.319488525390625
-0.7200927734375 -0.15667724609375 0.4537353515625 0.3570556640625
-0.85546875 -0.3385009765625 0.45086669921875 0.385711669921875
-0.8104248046875 -0.37164306640625 0.4024658203125 0.326690673828125
-0.70709228515625 -0.45648193359375 0.299713134765625 0.193939208984375
-0.80609130859375 -0.445068359375 0.117729187011719 -0.11358642578125
-0.8359375 -0.31732177734375 -0.02252197265625 -0.34344482421875
-0.80999755859375 -0.1185302734375 -0.2191162109375 -0.4052734375
-0.727783203125 0.2515869140625 -0.350006103515625 -0.239288330078125
-0.64874267578125 0.3485107421875 -0.41986083984375 -0.209869384765625
-0.40484619140625 0.634521484375 -0.405548095703125 -0.0337219238281249
-0.255126953125 0.6810302734375 -0.4945068359375 -0.0685119628906249
-0.26849365234375 0.49420166015625 0.339599609375 0.69976806640625
-0.30413818359375 0.442108154296875 0.2645263671875 0.57177734375
-0.4476318359375 0.209503173828125 0.313140869140625 0.277130126953125
-0.497406005859375 0.031982421875 0.327362060546875 0.2904052734375
-0.509857177734375 -0.1531982421875 0.495452880859375 0.3245849609375
-0.6348876953125 -0.2862548828125 0.6219482421875 0.38543701171875
-0.61444091796875 -0.29449462890625 0.674560546875 0.38446044921875
-0.561309814453125 -0.34881591796875 0.5894775390625 0.27154541015625
-0.64569091796875 -0.3399658203125 0.405792236328125 -0.07183837890625
-0.65673828125 -0.2330322265625 0.207366943359375 -0.363067626953125
-0.62799072265625 -0.0807495117187499 -0.105010986328125 -0.467498779296875
-0.557861328125 0.208282470703125 -0.34075927734375 -0.2606201171875
-0.4931640625 0.29290771484375 -0.46160888671875 -0.127471923828125
-0.294219970703125 0.52386474609375 -0.452667236328125 0.150299072265625
-0.212158203125 0.5406494140625 -0.57220458984375 0.17041015625
-0.163558959960938 0.248550415039063 0.28692626953125 0.82403564453125
-0.168563842773438 0.247970581054688 0.18792724609375 0.621826171875
-0.23638916015625 0.088836669921875 0.2225341796875 0.282440185546875
-0.257736206054688 0.00375366210937498 0.27923583984375 0.256195068359375
-0.257736206054688 -0.097412109375 0.503204345703125 0.2982177734375
-0.354522705078125 -0.177337646484375 0.72479248046875 0.3851318359375
-0.340850830078125 -0.168304443359375 0.85736083984375 0.41748046875
-0.329376220703125 -0.18927001953125 0.79412841796875 0.30975341796875
-0.384979248046875 -0.191070556640625 0.6094970703125 -0.0599365234375
-0.37420654296875 -0.130096435546875 0.363800048828125 -0.385284423828125
-0.349365234375 -0.0475769042968751 -0.027496337890625 -0.5072021484375
-0.311553955078125 0.11395263671875 -0.33258056640625 -0.273101806640625
-0.26837158203125 0.171356201171875 -0.4775390625 -0.0614624023437499
-0.145843505859375 0.311248779296875 -0.484619140625 0.2825927734375
-0.146484375 0.3055419921875 -0.628173828125 0.34222412109375
-0.0382080078125 -0.0160484313964844 0.554534912109375 -0.4329833984375
0.0161724090576172 0.00204277038574219 0.5006103515625 -0.319793701171875
-0.00628662109375 -0.00740242004394531 0.396697998046875 -0.010589599609375
-0.00943470001220703 -0.00647068023681641 0.295166015625 0.30889892578125
0.0153121948242188 -0.025482177734375 -0.0626220703125 0.4476318359375
0.0298004150390625 -0.0412330627441406 -0.422088623046875 0.3548583984375
0.0255374908447266 -0.0291290283203125 -0.70330810546875 0.03521728515625
0.0437469482421875 -0.021453857421875 -0.84051513671875 -0.3173828125
0.0425567626953125 0.00599288940429688 -0.87811279296875 -0.45697021484375
0.0523414611816406 -0.00406646728515625 -0.71142578125 -0.41400146484375
0.0491065979003906 0.0299568176269531 -0.50604248046875 -0.210479736328125
0.0205860137939453 0.0343818664550781 -0.261016845703125 -0.148101806640625
0.0262336730957031 -0.007415771484375 -0.108001708984375 -0.3017578125
0.0463104248046875 -0.0348472595214844 -0.15155029296875 -0.58538818359375
0.0139732360839844 -0.048248291015625 -0.1739501953125 -0.87274169921875
-0.142974853515625 0.29901123046875 0.551177978515625 -0.3812255859375
-0.12493896484375 0.288543701171875 0.5062255859375 -0.261688232421875
-0.241943359375 0.195571899414063 0.437469482421875 -0.00616455078124999
-0.295440673828125 0.0821228027343751 0.31494140625 0.322601318359375
-0.296875 -0.04949951171875 -0.01922607421875 0.4569091796875
-0.33251953125 -0.143798828125 -0.39111328125 0.378326416015625
-0.319183349609375 -0.164093017578125 -0.67095947265625 0.0760498046874998
-0.23974609375 -0.209686279296875 -0.79180908203125 -0.26123046875
-0.247451782226563 -0.192413330078125 -0.85235595703125 -0.42559814453125
-0.22698974609375 -0.1617431640625 -0.706787109375 -0.4022216796875
-0.208984375 -0.0803070068359375 -0.49993896484375 -0.2166748046875
-0.22991943359375 0.0438079833984375 -0.2568359375 -0.1466064453125
-0.217208862304688 0.0466156005859375 -0.115447998046875 -0.313201904296875
-0.144119262695313 0.146331787109375 -0.14569091796875 -0.56561279296875
-0.0936279296875 0.200790405273438 -0.16802978515625 -0.84832763671875
-0.239227294921875 0.560150146484375 0.539764404296875 -0.224884033203125
-0.25640869140625 0.529449462890625 0.50537109375 -0.12225341796875
-0.448974609375 0.36370849609375 0.47955322265625 0.030975341796875
-0.54986572265625 0.157928466796875 0.3543701171875 0.33563232421875
-0.575927734375 -0.0734863281249999 0.082489013671875 0.451812744140625
-0.6541748046875 -0.23504638671875 -0.2591552734375 0.39453125
-0.6181640625 -0.28399658203125 -0.511260986328125 0.129547119140625
-0.488983154296875 -0.368988037109375 -0.6268310546875 -0.16351318359375
-0.51727294921875 -0.36151123046875 -0.72698974609375 -0.35760498046875
-0.502349853515625 -0.29412841796875 -0.64532470703125 -0.37255859375
-0.476531982421875 -0.1639404296875 -0.482086181640625 -0.235931396484375
-0.4764404296875 0.0766296386718751 -0.27740478515625 -0.1639404296875
-0.44732666015625 0.123443603515625 -0.165069580078125 -0.330963134765625
-0.312347412109375 0.331451416015625 -0.182464599609375 -0.5107421875
-0.19000244140625 0.431427001953125 -0.214111328125 -0.7457275390625
-0.31011962890625 0.7257080078125 0.510772705078125 0.00347900390625004
-0.35418701171875 0.679443359375 0.486572265625 0.07061767578125
-0.59808349609375 0.45745849609375 0.499542236328125 0.094696044921875
-0.728515625 0.19439697265625 0.393798828125 0.34161376953125
-0.77093505859375 -0.0959472656249999 0.22332763671875 0.429901123046875
-0.8802490234375 -0.30181884765625 -0.0397949218750001 0.39849853515625
-0.82061767578125 -0.3607177734375 -0.247772216796875 0.197418212890625
-0.67034912109375 -0.47088623046875 -0.36163330078125 -0.038787841796875
-0.729736328125 -0.46728515625 -0.504150390625 -0.2666015625
-0.7374267578125 -0.3671875 -0.500213623046875 -0.34405517578125
-0.71258544921875 -0.187744140625 -0.431640625 -0.27264404296875
-0.6798095703125 0.151123046875 -0.310882568359375 -0.18804931640625
-0.62518310546875 0.22686767578125 -0.2540283203125 -0.326904296875
-0.42291259765625 0.508148193359375 -0.257293701171875 -0.398712158203125
-0.25054931640625 0.61151123046875 -0.30145263671875 -0.56817626953125
-0.34173583984375 0.7705078125 0.46337890625 0.26226806640625
-0.40008544921875 0.70672607421875 0.435333251953125 0.276641845703125
-0.65179443359375 0.45269775390625 0.480010986328125 0.172271728515625
-0.7808837890625 0.17315673828125 0.408050537109375 0.33892822265625
-0.82415771484375 -0.1297607421875 0.360870361328125 0.395050048828125
-0.95428466796875 -0.33953857421875 0.21685791015625 0.39300537109375
-0.89111328125 -0.393310546875 0.0781097412109374 0.264007568359375
-0.748291015625 -0.503173828125 -0.0339355468750001 0.0865402221679687
-0.8363037109375 -0.49530029296875 -0.205657958984375 -0.179916381835938
-0.86865234375 -0.36993408203125 -0.2781982421875 -0.33306884765625
-0.8453369140625 -0.16302490234375 -0.339019775390625 -0.335205078125
-0.7763671875 0.22821044921875 -0.33935546875 -0.2135009765625
-0.7008056640625 0.32037353515625 -0.3477783203125 -0.284912109375
-0.454345703125 0.62408447265625 -0.337493896484375 -0.229705810546875
-0.26812744140625 0.7076416015625 -0.4017333984375 -0.33056640625
-0.328369140625 0.68341064453125 0.4051513671875 0.5054931640625
-0.3829345703125 0.61529541015625 0.358551025390625 0.454132080078125
-0.59857177734375 0.35430908203125 0.4111328125 0.239990234375
-0.69415283203125 0.104736328125 0.380523681640625 0.3212890625
-0.724365234375 -0.15814208984375 0.455108642578125 0.35723876953125
-0.86090087890625 -0.337890625 0.453460693359375 0.387847900390625
-0.81610107421875 -0.37188720703125 0.40533447265625 0.328826904296875
-0.7109375 -0.4605712890625 0.3017578125 0.19415283203125
-0.810546875 -0.448486328125 0.118118286132812 -0.112998962402344
-0.84124755859375 -0.31903076171875 -0.022705078125 -0.34429931640625
-0.8175048828125 -0.11798095703125 -0.219573974609375 -0.405303955078125
-0.7294921875 0.25482177734375 -0.349395751953125 -0.239044189453125
-0.65234375 0.3509521484375 -0.420989990234375 -0.20904541015625
-0.40576171875 0.6357421875 -0.40594482421875 -0.0321655273437499
-0.2562255859375 0.68487548828125 -0.496063232421875 -0.0689086914062499
-0.268890380859375 0.49749755859375 0.34197998046875 0.7027587890625
-0.3038330078125 0.4439697265625 0.26556396484375 0.57342529296875
-0.448883056640625 0.212677001953125 0.31304931640625 0.276702880859375
-0.499359130859375 0.0327453613281249 0.326263427734375 0.291290283203125
-0.511505126953125 -0.154296875 0.498046875 0.3248291015625
-0.63897705078125 -0.28558349609375 0.6251220703125 0.38720703125
-0.61663818359375 -0.2952880859375 0.67718505859375 0.38409423828125
-0.56365966796875 -0.35137939453125 0.59375 0.27294921875
-0.64886474609375 -0.341796875 0.407318115234375 -0.0716552734375
-0.6597900390625 -0.2340087890625 0.20782470703125 -0.365325927734375
-0.63165283203125 -0.0799560546875001 -0.104766845703125 -0.46832275390625
-0.56072998046875 0.210205078125 -0.340087890625 -0.26055908203125
-0.497161865234375 0.294891357421875 -0.46295166015625 -0.125274658203125
-0.294647216796875 0.5247802734375 -0.4542236328125 0.152069091796875
-0.21197509765625 0.54388427734375 -0.57196044921875 0.17010498046875
-0.163833618164062 0.249725341796875 0.28887939453125 0.8270263671875
-0.16748046875 0.248397827148438 0.18817138671875 0.6240234375
-0.237014770507813 0.089996337890625 0.22161865234375 0.284271240234375
-0.258621215820313 0.00402832031249997 0.279006958007813 0.258392333984375
-0.259109497070313 -0.0984344482421875 0.504302978515625 0.3006591796875
-0.357147216796875 -0.178253173828125 0.72607421875 0.3878173828125
-0.343109130859375 -0.167877197265625 0.8619384765625 0.41998291015625
-0.329986572265625 -0.189697265625 0.7996826171875 0.3106689453125
-0.386138916015625 -0.192413330078125 0.614013671875 -0.05975341796875
-0.37701416015625 -0.129791259765625 0.363525390625 -0.3856201171875
-0.35186767578125 -0.0476684570312501 -0.0281066894531251 -0.506622314453125
-0.313751220703125 0.1158447265625 -0.332244873046875 -0.27423095703125
-0.26983642578125 0.171432495117188 -0.479217529296875 -0.058929443359375
-0.145751953125 0.312103271484375 -0.486968994140625 0.284942626953125
-0.147491455078125 0.30853271484375 -0.62884521484375 0.34332275390625
-0.03887939453125 -0.0169754028320312 0.55621337890625 -0.43560791015625
0.0162172317504883 0.00141239166259766 0.502288818359375 -0.32098388671875
-0.00592184066772461 -0.00728988647460938 0.3980712890625 -0.0115966796875
-0.00912857055664062 -0.00661182403564453 0.2967529296875 0.30780029296875
0.0151653289794922 -0.0259170532226563 -0.063568115234375 0.448455810546875
0.0296401977539063 -0.0403823852539063 -0.425079345703125 0.353851318359375
0.0252685546875 -0.0290889739990234 -0.7080078125 0.0348510742187499
0.04443359375 -0.02142333984375 -0.8470458984375 -0.31951904296875
0.0434532165527344 0.00638961791992188 -0.88543701171875 -0.45831298828125
0.0521507263183594 -0.00365447998046875 -0.71466064453125 -0.41766357421875
0.0497474670410156 0.0295219421386719 -0.50848388671875 -0.212799072265625
0.0215682983398438 0.0349006652832031 -0.26104736328125 -0.148330688476563
0.0263557434082031 -0.00708198547363281 -0.10638427734375 -0.3035888671875
0.0458221435546875 -0.0356674194335938 -0.15167236328125 -0.5880126953125
0.0141944885253906 -0.0481452941894531 -0.1744384765625 -0.87750244140625
-0.1434326171875 0.30072021484375 0.552764892578125 -0.382537841796875
-0.12591552734375 0.290985107421875 0.508697509765625 -0.262420654296875
-0.24249267578125 0.19696044921875 0.439422607421875 -0.00854492187499999
-0.297454833984375 0.0830078125 0.315765380859375 0.322845458984375
-0.298858642578125 -0.0501708984375 -0.0185546875 0.45843505859375
-0.33538818359375 -0.14300537109375 -0.393280029296875 0.380706787109375
-0.3221435546875 -0.1654052734375 -0.67578125 0.0764770507812499
-0.2413330078125 -0.212081909179687 -0.800048828125 -0.2645263671875
-0.250213623046875 -0.19281005859375 -0.859375 -0.426513671875
-0.2286376953125 -0.162155151367187 -0.7110595703125 -0.40447998046875
-0.211105346679687 -0.080474853515625 -0.502197265625 -0.2178955078125
-0.230422973632812 0.0444183349609375 -0.256637573242188 -0.147186279296875
-0.218276977539062 0.0478515625 -0.114593505859375 -0.315093994140625
-0.145355224609375 0.146682739257813 -0.14471435546875 -0.5684814453125
-0.09393310546875 0.202178955078125 -0.16925048828125 -0.8536376953125
-0.239990234375 0.5654296875 0.5421142578125 -0.22625732421875
-0.255828857421875 0.534759521484375 0.508026123046875 -0.12335205078125
-0.452789306640625 0.368927001953125 0.480743408203125 0.0284423828125
-0.554779052734375 0.1588134765625 0.355743408203125 0.33660888671875
-0.5804443359375 -0.0737915039062499 0.084014892578125 0.45361328125
-0.65985107421875 -0.2347412109375 -0.25946044921875 0.397247314453125
-0.62335205078125 -0.2855224609375 -0.515533447265625 0.131683349609375
-0.493377685546875 -0.372161865234375 -0.6312255859375 -0.1629638671875
-0.521270751953125 -0.36322021484375 -0.7313232421875 -0.358154296875
-0.50665283203125 -0.295745849609375 -0.64703369140625 -0.3748779296875
-0.478546142578125 -0.164794921875 -0.483367919921875 -0.236785888671875
-0.47906494140625 0.078857421875 -0.277267456054688 -0.163803100585937
-0.449676513671875 0.124664306640625 -0.165191650390625 -0.331939697265625
-0.31500244140625 0.332794189453125 -0.18206787109375 -0.511566162109375
-0.19000244140625 0.433807373046875 -0.21502685546875 -0.7510986328125
-0.30987548828125 0.73333740234375 0.512786865234375 0.00262451171875005
-0.35540771484375 0.68389892578125 0.486907958984375 0.069488525390625
-0.60272216796875 0.46240234375 0.5018310546875 0.0928955078125
-0.734130859375 0.19720458984375 0.39630126953125 0.3436279296875
-0.7762451171875 -0.0971679687500001 0.225311279296875 0.4315185546875
-0.8876953125 -0.30023193359375 -0.0390930175781251 0.4017333984375
-0.8272705078125 -0.36328125 -0.249740600585938 0.199020385742187
-0.6756591796875 -0.47503662109375 -0.3629150390625 -0.04034423828125
-0.7357177734375 -0.469482421875 -0.50799560546875 -0.267242431640625
-0.743896484375 -0.36773681640625 -0.50323486328125 -0.34649658203125
-0.71923828125 -0.1884765625 -0.433135986328125 -0.2738037109375
-0.68408203125 0.154541015625 -0.312652587890625 -0.18817138671875
-0.6295166015625 0.22943115234375 -0.25384521484375 -0.32733154296875
-0.426177978515625 0.510101318359375 -0.256103515625 -0.40020751953125
-0.2503662109375 0.617431640625 -0.30206298828125 -0.571044921875
-0.34136962890625 0.7750244140625 0.467071533203125 0.261688232421875
-0.40081787109375 0.71319580078125 0.438751220703125 0.2779541015625
-0.65643310546875 0.45770263671875 0.479827880859375 0.170745849609375
-0.786376953125 0.17584228515625 0.40997314453125 0.340118408203125
-0.83172607421875 -0.130859375 0.36419677734375 0.396484375
-0.96142578125 -0.34088134765625 0.218353271484375 0.39605712890625
-0.89715576171875 -0.3941650390625 0.0795288085937499 0.266433715820313
-0.75439453125 -0.505615234375 -0.0336761474609376 0.0871734619140625
-0.84228515625 -0.49853515625 -0.207122802734375 -0.179519653320313
-0.87652587890625 -0.37139892578125 -0.280914306640625 -0.336029052734375
-0.85308837890625 -0.16339111328125 -0.338531494140625 -0.335601806640625
-0.782470703125 0.230224609375 -0.3404541015625 -0.214874267578125
-0.70709228515625 0.32440185546875 -0.349578857421875 -0.2845458984375
-0.45684814453125 0.62744140625 -0.33935546875 -0.231964111328125
-0.27008056640625 0.7110595703125 -0.403717041015625 -0.332794189453125
-0.3297119140625 0.68902587890625 0.40740966796875 0.508758544921875
-0.3843994140625 0.619140625 0.35858154296875 0.45587158203125
-0.60235595703125 0.35589599609375 0.41192626953125 0.2396240234375
-0.698974609375 0.10479736328125 0.3817138671875 0.323638916015625
-0.72894287109375 -0.159423828125 0.458038330078125 0.358978271484375
-0.86627197265625 -0.34002685546875 0.454864501953125 0.391448974609375
-0.82159423828125 -0.372802734375 0.407684326171875 0.331085205078125
-0.7156982421875 -0.4627685546875 0.304595947265625 0.195281982421875
-0.81756591796875 -0.45123291015625 0.119125366210937 -0.112197875976563
-0.8485107421875 -0.3218994140625 -0.023040771484375 -0.345367431640625
-0.82171630859375 -0.118408203125 -0.2197265625 -0.407745361328125
-0.7357177734375 0.25750732421875 -0.349334716796875 -0.238922119140625
-0.656494140625 0.35516357421875 -0.423828125 -0.208770751953125
-0.40850830078125 0.63970947265625 -0.4063720703125 -0.032135009765625
-0.25689697265625 0.68963623046875 -0.497467041015625 -0.0695495605468749
-0.2685546875 0.501220703125 0.3438720703125 0.7064208984375
-0.302398681640625 0.44671630859375 0.26617431640625 0.5750732421875
-0.450714111328125 0.2144775390625 0.313385009765625 0.276214599609375
-0.502716064453125 0.034210205078125 0.3262939453125 0.2947998046875
-0.514892578125 -0.15557861328125 0.500518798828125 0.326416015625
-0.6436767578125 -0.28680419921875 0.6287841796875 0.39068603515625
-0.6221923828125 -0.29693603515625 0.6810302734375 0.38787841796875
-0.567138671875 -0.35406494140625 0.59832763671875 0.27276611328125
-0.6522216796875 -0.343994140625 0.41082763671875 -0.0694580078125
-0.6650390625 -0.235595703125 0.208953857421875 -0.3653564453125
-0.637451171875 -0.0797729492187501 -0.1053466796875 -0.469451904296875
-0.56512451171875 0.21209716796875 -0.34088134765625 -0.259765625
-0.501556396484375 0.298675537109375 -0.4656982421875 -0.125823974609375
-0.296478271484375 0.526611328125 -0.455230712890625 0.154510498046875
-0.213714599609375 0.54833984375 -0.57464599609375 0.16986083984375
-0.163665771484375 0.252395629882813 0.29052734375 0.8311767578125
-0.1669921875 0.250732421875 0.18646240234375 0.6259765625
-0.238327026367187 0.0916290283203125 0.220428466796875 0.282867431640625
-0.260452270507813 0.00451660156249999 0.279006958007813 0.259902954101563
-0.261322021484375 -0.100006103515625 0.506378173828125 0.301849365234375
-0.359588623046875 -0.176239013671875 0.72900390625 0.39141845703125
-0.34600830078125 -0.1705322265625 0.86578369140625 0.4229736328125
-0.33282470703125 -0.190704345703125 0.8038330078125 0.31097412109375
-0.3883056640625 -0.19342041015625 0.61859130859375 -0.05828857421875
-0.379058837890625 -0.13037109375 0.367889404296875 -0.3880615234375
-0.355499267578125 -0.047760009765625 -0.027618408203125 -0.50909423828125
-0.31671142578125 0.1171875 -0.334442138671875 -0.27313232421875
-0.272552490234375 0.17291259765625 -0.482147216796875 -0.0569152832031251
-0.14691162109375 0.312744140625 -0.488494873046875 0.2879638671875
-0.14837646484375 0.310760498046875 -0.6309814453125 0.3443603515625
-0.0394020080566406 -0.0174674987792969 0.559173583984375 -0.4395751953125
0.0162267684936523 0.00111865997314453 0.503997802734375 -0.32635498046875
-0.00579500198364258 -0.00727748870849609 0.401824951171875 -0.012359619140625
-0.00880718231201172 -0.00670909881591797 0.300506591796875 0.307952880859375
0.0150375366210938 -0.0262203216552734 -0.06329345703125 0.450469970703125
0.0300331115722656 -0.03997802734375 -0.427642822265625 0.358184814453125
0.0247631072998047 -0.0289440155029297 -0.71417236328125 0.0338134765625
0.0444297790527344 -0.0216484069824219 -0.8563232421875 -0.32177734375
0.0443954467773438 0.00699996948242188 -0.89556884765625 -0.461181640625
0.0526695251464844 -0.0033721923828125 -0.7235107421875 -0.42279052734375
0.0499191284179688 0.0295333862304688 -0.510894775390625 -0.213104248046875
0.0229034423828125 0.0355453491210938 -0.260696411132813 -0.147735595703125
0.026214599609375 -0.00739479064941406 -0.1051025390625 -0.305816650390625
0.0451507568359375 -0.0359649658203125 -0.15087890625 -0.59124755859375
0.014312744140625 -0.0478744506835938 -0.17742919921875 -0.883544921875
-0.14453125 0.30389404296875 0.556488037109375 -0.3875732421875
-0.1253662109375 0.292633056640625 0.51092529296875 -0.26605224609375
-0.244400024414062 0.199752807617188 0.442596435546875 -0.00982666015624999
-0.30035400390625 0.084228515625 0.318939208984375 0.323089599609375
-0.301849365234375 -0.050750732421875 -0.017608642578125 0.460693359375
-0.338531494140625 -0.14263916015625 -0.394927978515625 0.38299560546875
-0.3260498046875 -0.167144775390625 -0.6802978515625 0.07659912109375
-0.24365234375 -0.214248657226563 -0.8076171875 -0.263916015625
-0.251663208007813 -0.194366455078125 -0.86663818359375 -0.4288330078125
-0.23089599609375 -0.163253784179688 -0.71856689453125 -0.40869140625
-0.213348388671875 -0.0804290771484375 -0.5048828125 -0.2191162109375
-0.23089599609375 0.045745849609375 -0.257110595703125 -0.147384643554688
-0.22076416015625 0.048828125 -0.114227294921875 -0.3157958984375
-0.146774291992188 0.147369384765625 -0.14385986328125 -0.571044921875
-0.094818115234375 0.204666137695312 -0.17041015625 -0.85986328125
-0.2401123046875 0.56988525390625 0.54473876953125 -0.228668212890625
-0.25714111328125 0.5400390625 0.5111083984375 -0.125518798828125
-0.457061767578125 0.372039794921875 0.48370361328125 0.02703857421875
-0.560516357421875 0.1612548828125 0.3587646484375 0.33837890625
-0.58624267578125 -0.0750122070312501 0.085845947265625 0.456024169921875
-0.66619873046875 -0.235107421875 -0.25933837890625 0.400543212890625
-0.62823486328125 -0.28680419921875 -0.520355224609375 0.13250732421875
-0.496826171875 -0.37677001953125 -0.6361083984375 -0.16571044921875
-0.52593994140625 -0.36602783203125 -0.73980712890625 -0.35894775390625
-0.51141357421875 -0.297698974609375 -0.6539306640625 -0.37823486328125
-0.4827880859375 -0.165252685546875 -0.485870361328125 -0.239471435546875
-0.482421875 0.0798339843749999 -0.277099609375 -0.164276123046875
-0.45440673828125 0.127197265625 -0.165679931640625 -0.332916259765625
-0.316497802734375 0.33575439453125 -0.182525634765625 -0.51507568359375
-0.190765380859375 0.438385009765625 -0.21575927734375 -0.7568359375
-0.3101806640625 0.7406005859375 0.51678466796875 0.00109863281250005
-0.35430908203125 0.69232177734375 0.4903564453125 0.07025146484375
-0.6072998046875 0.46942138671875 0.504852294921875 0.0914306640625
-0.74139404296875 0.19989013671875 0.3992919921875 0.34527587890625
-0.783935546875 -0.0974121093750001 0.229217529296875 0.433319091796875
-0.8961181640625 -0.30133056640625 -0.038970947265625 0.40618896484375
-0.83624267578125 -0.3665771484375 -0.251190185546875 0.200790405273438
-0.679931640625 -0.47979736328125 -0.3651123046875 -0.039642333984375
-0.74322509765625 -0.47418212890625 -0.51263427734375 -0.26739501953125
-0.75189208984375 -0.3701171875 -0.5091552734375 -0.34844970703125
-0.72662353515625 -0.190185546875 -0.435150146484375 -0.27532958984375
-0.68853759765625 0.1575927734375 -0.311798095703125 -0.188720703125
-0.63494873046875 0.23309326171875 -0.255096435546875 -0.328765869140625
-0.427886962890625 0.51373291015625 -0.258270263671875 -0.40228271484375
-0.25103759765625 0.62127685546875 -0.3038330078125 -0.575439453125
-0.341796875 0.7835693359375 0.469757080078125 0.26336669921875
-0.401123046875 0.71832275390625 0.440826416015625 0.2784423828125
-0.661376953125 0.46209716796875 0.4830322265625 0.169769287109375
-0.79443359375 0.17724609375 0.4119873046875 0.342864990234375
-0.837646484375 -0.13055419921875 0.366668701171875 0.399261474609375
-0.97039794921875 -0.34283447265625 0.2210693359375 0.400390625
-0.9061279296875 -0.39727783203125 0.08013916015625 0.268630981445313
-0.75946044921875 -0.5128173828125 -0.0336227416992188 0.0871047973632812
-0.851806640625 -0.504150390625 -0.2098388671875 -0.179458618164063
-0.8837890625 -0.37469482421875 -0.28326416015625 -0.33795166015625
-0.86236572265625 -0.16387939453125 -0.341094970703125 -0.33721923828125
-0.78741455078125 0.23321533203125 -0.340606689453125 -0.215545654296875
-0.71270751953125 0.32757568359375 -0.351348876953125 -0.284393310546875
-0.45947265625 0.6336669921875 -0.33978271484375 -0.230743408203125
-0.2718505859375 0.71722412109375 -0.405914306640625 -0.334930419921875
-0.3292236328125 0.6968994140625 0.4097900390625 0.510284423828125
-0.384521484375 0.62469482421875 0.361724853515625 0.4583740234375
-0.60784912109375 0.3604736328125 0.413360595703125 0.238433837890625
-0.70404052734375 0.10809326171875 0.382904052734375 0.327056884765625
-0.7357177734375 -0.160400390625 0.462677001953125 0.36260986328125
-0.87530517578125 -0.338623046875 0.4600830078125 0.39508056640625
-0.8292236328125 -0.3763427734375 0.4107666015625 0.33331298828125
-0.72137451171875 -0.46728515625 0.3076171875 0.19622802734375
-0.823486328125 -0.4561767578125 0.120475769042969 -0.111419677734375
-0.8568115234375 -0.32208251953125 -0.023406982421875 -0.348480224609375
-0.8310546875 -0.1181640625 -0.2216796875 -0.4095458984375
-0.74176025390625 0.26123046875 -0.35076904296875 -0.240234375
-0.66351318359375 0.35888671875 -0.426727294921875 -0.209197998046875
-0.41082763671875 0.64434814453125 -0.409820556640625 -0.031524658203125
-0.25811767578125 0.6951904296875 -0.49993896484375 -0.0705566406249999
-0.269439697265625 0.507110595703125 0.3460693359375 0.7100830078125
-0.30316162109375 0.45135498046875 0.2679443359375 0.57940673828125
-0.45428466796875 0.217041015625 0.313751220703125 0.2764892578125
-0.50799560546875 0.0350646972656251 0.32916259765625 0.297088623046875
-0.5191650390625 -0.1568603515625 0.504180908203125 0.3302001953125
-0.65130615234375 -0.287109375 0.63226318359375 0.39556884765625
-0.62786865234375 -0.2979736328125 0.687255859375 0.39013671875
-0.57147216796875 -0.3553466796875 0.6033935546875 0.27496337890625
-0.6585693359375 -0.347900390625 0.4151611328125 -0.069488525390625
-0.67230224609375 -0.23565673828125 0.21099853515625 -0.368133544921875
-0.64599609375 -0.0797119140625 -0.10552978515625 -0.472076416015625
-0.570068359375 0.2158203125 -0.34295654296875 -0.26141357421875
-0.506683349609375 0.301910400390625 -0.46929931640625 -0.124237060546875
-0.297393798828125 0.53082275390625 -0.45867919921875 0.15631103515625
-0.214202880859375 0.55328369140625 -0.5770263671875 0.17236328125
-0.164718627929687 0.254348754882813 0.2916259765625 0.83648681640625
-0.166793823242187 0.252471923828125 0.18817138671875 0.6298828125
-0.240249633789063 0.09320068359375 0.2213134765625 0.283660888671875
-0.26239013671875 0.00555419921874999 0.280899047851563 0.263153076171875
-0.264083862304688 -0.10003662109375 0.510284423828125 0.3046875
-0.364501953125 -0.176971435546875 0.73431396484375 0.39495849609375
-0.349212646484375 -0.17041015625 0.87408447265625 0.42510986328125
-0.335296630859375 -0.194000244140625 0.8128662109375 0.314697265625
-0.39178466796875 -0.195159912109375 0.625 -0.058349609375
-0.3829345703125 -0.131988525390625 0.37103271484375 -0.38958740234375
-0.359283447265625 -0.047607421875 -0.0281982421875 -0.51239013671875
-0.3189697265625 0.119293212890625 -0.336639404296875 -0.273468017578125
-0.27508544921875 0.174453735351562 -0.485931396484375 -0.05657958984375
-0.14837646484375 0.313690185546875 -0.491455078125 0.28973388671875
-0.148712158203125 0.31463623046875 -0.63568115234375 0.34832763671875
-0.0403900146484375 -0.0176124572753906 0.56280517578125 -0.444091796875
0.0162067413330078 0.000917434692382812 0.507110595703125 -0.329437255859375
-0.00531959533691406 -0.00731039047241211 0.40545654296875 -0.013580322265625
-0.00890922546386719 -0.00678443908691406 0.30340576171875 0.3092041015625
0.0147933959960937 -0.0271053314208984 -0.06304931640625 0.4542236328125
0.0297012329101563 -0.0386848449707031 -0.43157958984375 0.361236572265625
0.0245876312255859 -0.0291538238525391 -0.7218017578125 0.0355834960937498
0.0445480346679688 -0.0218544006347656 -0.86663818359375 -0.32403564453125
0.045257568359375 0.00767135620117188 -0.90533447265625 -0.4638671875
0.0530052185058594 -0.00361251831054688 -0.731201171875 -0.4266357421875
0.0506744384765625 0.0299644470214844 -0.5145263671875 -0.21551513671875
0.0239753723144531 0.0362701416015625 -0.261505126953125 -0.148513793945313
0.0259304046630859 -0.00753974914550781 -0.105560302734375 -0.30792236328125
0.04449462890625 -0.0367507934570313 -0.151611328125 -0.59490966796875
0.01470947265625 -0.0479011535644531 -0.17755126953125 -0.89324951171875
-0.145721435546875 0.307525634765625 0.559051513671875 -0.3912353515625
-0.12567138671875 0.296661376953125 0.514404296875 -0.269317626953125
-0.2464599609375 0.202713012695313 0.44549560546875 -0.012298583984375
-0.30419921875 0.086181640625 0.32293701171875 0.324676513671875
-0.3060302734375 -0.052398681640625 -0.0159912109375 0.46417236328125
-0.3427734375 -0.143280029296875 -0.397918701171875 0.387939453125
-0.329742431640625 -0.167938232421875 -0.68829345703125 0.0764160156250001
-0.247207641601563 -0.216476440429687 -0.81756591796875 -0.2659912109375
-0.255050659179688 -0.196197509765625 -0.8780517578125 -0.43206787109375
-0.233444213867188 -0.164382934570312 -0.72479248046875 -0.4110107421875
-0.215072631835938 -0.08172607421875 -0.508697509765625 -0.22259521484375
-0.23211669921875 0.0476837158203125 -0.257537841796875 -0.147979736328125
-0.22344970703125 0.0500640869140625 -0.114715576171875 -0.3184814453125
-0.149169921875 0.149215698242188 -0.14410400390625 -0.57489013671875
-0.094512939453125 0.206756591796875 -0.17236328125 -0.86859130859375
-0.24090576171875 0.57794189453125 0.549163818359375 -0.231231689453125
-0.25823974609375 0.54620361328125 0.51361083984375 -0.127471923828125
-0.461090087890625 0.377716064453125 0.48663330078125 0.02386474609375
-0.5673828125 0.16448974609375 0.362884521484375 0.339141845703125
-0.59381103515625 -0.0755004882812499 0.0874328613281249 0.459686279296875
-0.6741943359375 -0.23577880859375 -0.26190185546875 0.403839111328125
-0.63702392578125 -0.289794921875 -0.52490234375 0.133453369140625
-0.503082275390625 -0.379608154296875 -0.64288330078125 -0.16656494140625
-0.5338134765625 -0.36956787109375 -0.747314453125 -0.361083984375
-0.517425537109375 -0.298797607421875 -0.66168212890625 -0.38079833984375
-0.490692138671875 -0.16558837890625 -0.49078369140625 -0.239776611328125
-0.486724853515625 0.0832519531249999 -0.278671264648438 -0.165390014648438
-0.458984375 0.1298828125 -0.16656494140625 -0.333892822265625
-0.320068359375 0.33856201171875 -0.18377685546875 -0.51861572265625
-0.1912841796875 0.442352294921875 -0.2171630859375 -0.7646484375
-0.31134033203125 0.74932861328125 0.5208740234375 0.000366210937500046
-0.35528564453125 0.7010498046875 0.495330810546875 0.068695068359375
-0.61212158203125 0.47576904296875 0.50823974609375 0.08941650390625
-0.74908447265625 0.20458984375 0.403717041015625 0.347686767578125
-0.7938232421875 -0.0991210937500001 0.232086181640625 0.437591552734375
-0.906005859375 -0.302001953125 -0.0377197265625001 0.409423828125
-0.844970703125 -0.36968994140625 -0.2530517578125 0.202850341796875
-0.68743896484375 -0.48626708984375 -0.3695068359375 -0.0396728515625
-0.75225830078125 -0.47857666015625 -0.518341064453125 -0.26849365234375
-0.7611083984375 -0.373291015625 -0.51470947265625 -0.350799560546875
-0.73504638671875 -0.19000244140625 -0.43914794921875 -0.276397705078125
-0.69476318359375 0.16204833984375 -0.312896728515625 -0.189361572265625
-0.64190673828125 0.23858642578125 -0.2574462890625 -0.32989501953125
-0.431640625 0.518829345703125 -0.2603759765625 -0.404571533203125
-0.25274658203125 0.629150390625 -0.3062744140625 -0.582763671875
-0.3433837890625 0.79229736328125 0.474853515625 0.264739990234375
-0.403076171875 0.72760009765625 0.444793701171875 0.28070068359375
-0.66778564453125 0.4674072265625 0.486083984375 0.167449951171875
-0.80224609375 0.18157958984375 0.415771484375 0.345947265625
-0.84857177734375 -0.132568359375 0.37078857421875 0.400909423828125
-0.98101806640625 -0.34185791015625 0.224212646484375 0.404388427734375
-0.91680908203125 -0.3995361328125 0.0812377929687499 0.272003173828125
-0.76995849609375 -0.51739501953125 -0.0333023071289063 0.087799072265625
-0.86114501953125 -0.5086669921875 -0.21197509765625 -0.180313110351563
-0.89410400390625 -0.3779296875 -0.286865234375 -0.340484619140625
-0.87249755859375 -0.16448974609375 -0.34521484375 -0.338531494140625
-0.7952880859375 0.24041748046875 -0.34197998046875 -0.215728759765625
-0.72021484375 0.3343505859375 -0.355133056640625 -0.28582763671875
-0.462890625 0.63848876953125 -0.343048095703125 -0.2332763671875
-0.271728515625 0.7254638671875 -0.408050537109375 -0.3389892578125
-0.329833984375 0.70428466796875 0.415191650390625 0.51531982421875
-0.3843994140625 0.632568359375 0.3642578125 0.462066650390625
-0.6123046875 0.365478515625 0.41497802734375 0.23834228515625
-0.71221923828125 0.1104736328125 0.38714599609375 0.330902099609375
-0.74407958984375 -0.15985107421875 0.46612548828125 0.364898681640625
-0.88623046875 -0.339111328125 0.464691162109375 0.399505615234375
-0.839599609375 -0.37835693359375 0.415008544921875 0.33612060546875
-0.731201171875 -0.4732666015625 0.3116455078125 0.19775390625
-0.833984375 -0.45941162109375 0.121116638183594 -0.110923767089844
-0.8668212890625 -0.32513427734375 -0.0249023437500001 -0.351531982421875
-0.8409423828125 -0.11859130859375 -0.22344970703125 -0.412322998046875
-0.74896240234375 0.26605224609375 -0.3514404296875 -0.240081787109375
-0.6710205078125 0.36553955078125 -0.431121826171875 -0.20721435546875
-0.4146728515625 0.6488037109375 -0.412933349609375 -0.030670166015625
-0.259521484375 0.70172119140625 -0.50286865234375 -0.0708618164062499
-0.269073486328125 0.512542724609375 0.349609375 0.7149658203125
-0.3046875 0.457061767578125 0.26971435546875 0.5819091796875
-0.4580078125 0.220245361328125 0.316009521484375 0.277618408203125
-0.512725830078125 0.036956787109375 0.330230712890625 0.301177978515625
-0.5262451171875 -0.158477783203125 0.508056640625 0.33184814453125
-0.65814208984375 -0.28826904296875 0.640380859375 0.399169921875
-0.6361083984375 -0.30047607421875 0.69512939453125 0.39263916015625
-0.577880859375 -0.3597412109375 0.6114501953125 0.27801513671875
-0.665771484375 -0.34930419921875 0.4190673828125 -0.069671630859375
-0.6812744140625 -0.238037109375 0.21124267578125 -0.370880126953125
-0.6539306640625 -0.07916259765625 -0.10748291015625 -0.47576904296875
-0.574951171875 0.22003173828125 -0.344818115234375 -0.26043701171875
-0.511016845703125 0.30535888671875 -0.473419189453125 -0.1231689453125
-0.3009033203125 0.534881591796875 -0.461883544921875 0.15826416015625
-0.214752197265625 0.559173583984375 -0.5816650390625 0.17437744140625
-0.164459228515625 0.257431030273438 0.2947998046875 0.84381103515625
-0.165908813476563 0.254623413085938 0.18994140625 0.63531494140625
-0.24139404296875 0.0953979492187499 0.22161865234375 0.2857666015625
-0.26593017578125 0.00579833984374996 0.28118896484375 0.266265869140625
-0.266311645507813 -0.101852416992187 0.513916015625 0.30792236328125
-0.36834716796875 -0.1778564453125 0.74114990234375 0.39947509765625
-0.3541259765625 -0.17047119140625 0.88311767578125 0.4302978515625
-0.33892822265625 -0.195556640625 0.82080078125 0.31488037109375
-0.39569091796875 -0.196380615234375 0.63153076171875 -0.05694580078125
-0.38836669921875 -0.132598876953125 0.374725341796875 -0.393829345703125
-0.364105224609375 -0.04730224609375 -0.02874755859375 -0.514892578125
-0.3233642578125 0.120574951171875 -0.337646484375 -0.27532958984375
-0.277908325195313 0.176544189453125 -0.4910888671875 -0.0552978515625
-0.148895263671875 0.31671142578125 -0.4945068359375 0.294158935546875
-0.150177001953125 0.3187255859375 -0.63812255859375 0.35235595703125
-0.0413856506347656 -0.0177230834960938 0.56781005859375 -0.4503173828125
0.0165729522705078 0.000741958618164062 0.512481689453125 -0.33544921875
-0.00477981567382813 -0.00752830505371094 0.41082763671875 -0.015960693359375
-0.008514404296875 -0.00695562362670899 0.30718994140625 0.309661865234375
0.0143985748291016 -0.0276374816894531 -0.0626220703125 0.459197998046875
0.029937744140625 -0.0383949279785156 -0.436492919921875 0.36517333984375
0.0237388610839844 -0.0293788909912109 -0.73101806640625 0.0367431640624999
0.044952392578125 -0.0223007202148438 -0.877197265625 -0.3248291015625
0.0458259582519531 0.008087158203125 -0.91839599609375 -0.46728515625
0.0533485412597656 -0.00296783447265625 -0.740234375 -0.4306640625
0.0514411926269531 0.0299148559570313 -0.5205078125 -0.215728759765625
0.0257339477539062 0.0369186401367188 -0.263107299804688 -0.149017333984375
0.0257720947265625 -0.00749397277832031 -0.105743408203125 -0.311248779296875
0.0443572998046875 -0.0372543334960938 -0.1534423828125 -0.60125732421875
0.0148391723632813 -0.0485076904296875 -0.18072509765625 -0.9034423828125
-0.1455078125 0.311859130859375 0.565673828125 -0.39715576171875
-0.12664794921875 0.300079345703125 0.519866943359375 -0.2745361328125
-0.2489013671875 0.206298828125 0.449615478515625 -0.01593017578125
-0.308380126953125 0.086761474609375 0.32635498046875 0.3260498046875
-0.310882568359375 -0.0526123046875 -0.016204833984375 0.468963623046875
-0.347442626953125 -0.142730712890625 -0.4019775390625 0.393524169921875
-0.335205078125 -0.168975830078125 -0.69696044921875 0.0777587890624999
-0.250564575195313 -0.218856811523438 -0.82965087890625 -0.2672119140625
-0.258071899414062 -0.19775390625 -0.8916015625 -0.4344482421875
-0.23687744140625 -0.16571044921875 -0.735595703125 -0.415283203125
-0.218368530273438 -0.0816802978515625 -0.514190673828125 -0.221710205078125
-0.23431396484375 0.0487823486328125 -0.259048461914063 -0.148391723632813
-0.225967407226562 0.051666259765625 -0.114593505859375 -0.320770263671875
-0.15069580078125 0.151168823242188 -0.14605712890625 -0.58087158203125
-0.0954132080078125 0.209747314453125 -0.174560546875 -0.8795166015625
-0.241455078125 0.5863037109375 0.554290771484375 -0.235565185546875
-0.258270263671875 0.552001953125 0.520416259765625 -0.130828857421875
-0.4656982421875 0.38372802734375 0.4913330078125 0.021240234375
-0.574951171875 0.1671142578125 0.36700439453125 0.340545654296875
-0.60150146484375 -0.0782470703125001 0.090667724609375 0.463470458984375
-0.68389892578125 -0.23583984375 -0.26324462890625 0.409759521484375
-0.64697265625 -0.2908935546875 -0.5308837890625 0.13677978515625
-0.5107421875 -0.384979248046875 -0.65228271484375 -0.16650390625
-0.54046630859375 -0.37310791015625 -0.759521484375 -0.3646240234375
-0.5255126953125 -0.30145263671875 -0.669677734375 -0.38458251953125
-0.49859619140625 -0.1661376953125 -0.495391845703125 -0.242095947265625
-0.490814208984375 0.0859375000000001 -0.280197143554688 -0.165908813476562
-0.46429443359375 0.13360595703125 -0.167510986328125 -0.337554931640625
-0.323760986328125 0.343536376953125 -0.18572998046875 -0.52459716796875
-0.19342041015625 0.449615478515625 -0.2210693359375 -0.77398681640625
-0.3115234375 0.7603759765625 0.52545166015625 -0.000366210937499953
-0.35784912109375 0.70916748046875 0.4998779296875 0.068511962890625
-0.62005615234375 0.48321533203125 0.51239013671875 0.086090087890625
-0.76019287109375 0.20758056640625 0.40863037109375 0.351837158203125
-0.80615234375 -0.0996093749999999 0.235870361328125 0.439422607421875
-0.9185791015625 -0.301513671875 -0.03582763671875 0.41473388671875
-0.85894775390625 -0.3721923828125 -0.25616455078125 0.206298828125
-0.69757080078125 -0.4908447265625 -0.374053955078125 -0.03997802734375
-0.76324462890625 -0.484130859375 -0.527557373046875 -0.26885986328125
-0.7733154296875 -0.37548828125 -0.521240234375 -0.3555908203125
-0.74542236328125 -0.19097900390625 -0.444000244140625 -0.279632568359375
-0.7012939453125 0.164794921875 -0.314727783203125 -0.191009521484375
-0.650146484375 0.24285888671875 -0.259857177734375 -0.331939697265625
-0.43560791015625 0.52435302734375 -0.262359619140625 -0.4095458984375
-0.25244140625 0.636962890625 -0.31134033203125 -0.5875244140625
-0.34259033203125 0.80474853515625 0.4805908203125 0.266754150390625
-0.40423583984375 0.73760986328125 0.448699951171875 0.281402587890625
-0.67584228515625 0.47705078125 0.491180419921875 0.16845703125
-0.8140869140625 0.18670654296875 0.419952392578125 0.349609375
-0.8607177734375 -0.1312255859375 0.37744140625 0.4046630859375
-0.99542236328125 -0.3427734375 0.22900390625 0.409912109375
-0.93072509765625 -0.40167236328125 0.0821380615234374 0.275482177734375
-0.77886962890625 -0.52276611328125 -0.0333633422851563 0.0888671875
-0.87451171875 -0.51336669921875 -0.215301513671875 -0.180221557617188
-0.907470703125 -0.3787841796875 -0.2919921875 -0.343353271484375
-0.88433837890625 -0.1630859375 -0.348052978515625 -0.342132568359375
-0.80609130859375 0.24566650390625 -0.34429931640625 -0.217071533203125
-0.73077392578125 0.341064453125 -0.359344482421875 -0.287200927734375
-0.4677734375 0.64678955078125 -0.34552001953125 -0.234405517578125
-0.27288818359375 0.73480224609375 -0.41302490234375 -0.341552734375
-0.33026123046875 0.7144775390625 0.419158935546875 0.520416259765625
-0.38671875 0.64068603515625 0.36944580078125 0.4664306640625
-0.6199951171875 0.37322998046875 0.417572021484375 0.238189697265625
-0.72149658203125 0.11407470703125 0.39031982421875 0.334075927734375
-0.75396728515625 -0.16314697265625 0.473541259765625 0.367279052734375
-0.898681640625 -0.3402099609375 0.4718017578125 0.404571533203125
-0.8505859375 -0.37994384765625 0.4215087890625 0.340423583984375
-0.7401123046875 -0.47686767578125 0.3157958984375 0.198822021484375
-0.84527587890625 -0.46441650390625 0.122802734375 -0.11181640625
-0.8797607421875 -0.32708740234375 -0.0262451171875001 -0.35467529296875
-0.8536376953125 -0.11712646484375 -0.226593017578125 -0.415863037109375
-0.7593994140625 0.27276611328125 -0.3553466796875 -0.242156982421875
-0.67926025390625 0.3709716796875 -0.43560791015625 -0.208038330078125
-0.41925048828125 0.65704345703125 -0.415740966796875 -0.0307312011718749
-0.2593994140625 0.7138671875 -0.50811767578125 -0.0708618164062499
-0.269622802734375 0.52099609375 0.3548583984375 0.72314453125
-0.3046875 0.461639404296875 0.2735595703125 0.58673095703125
-0.463165283203125 0.225830078125 0.31683349609375 0.279449462890625
-0.5186767578125 0.0392761230468749 0.334320068359375 0.30517578125
-0.53289794921875 -0.1588134765625 0.514434814453125 0.336639404296875
-0.668212890625 -0.2877197265625 0.64727783203125 0.40472412109375
-0.6446533203125 -0.30078125 0.704345703125 0.3985595703125
-0.5850830078125 -0.36260986328125 0.6192626953125 0.2783203125
-0.6756591796875 -0.35247802734375 0.425537109375 -0.06878662109375
-0.6890869140625 -0.23907470703125 0.213714599609375 -0.3758544921875
-0.6634521484375 -0.07867431640625 -0.108795166015625 -0.479736328125
-0.58203125 0.22418212890625 -0.347503662109375 -0.261627197265625
-0.517974853515625 0.311370849609375 -0.47900390625 -0.122283935546875
-0.304534912109375 0.540985107421875 -0.4649658203125 0.163299560546875
-0.217529296875 0.567626953125 -0.5869140625 0.1790771484375
-0.16546630859375 0.2615966796875 0.2987060546875 0.8516845703125
-0.166427612304688 0.257858276367187 0.19366455078125 0.640869140625
-0.243408203125 0.0971679687500001 0.22283935546875 0.2869873046875
-0.2689208984375 0.0072784423828125 0.28472900390625 0.270751953125
-0.269989013671875 -0.102493286132812 0.52008056640625 0.310546875
-0.373260498046875 -0.17681884765625 0.7510986328125 0.40252685546875
-0.3590087890625 -0.171783447265625 0.894775390625 0.43450927734375
-0.3428955078125 -0.19708251953125 0.8326416015625 0.31707763671875
-0.401397705078125 -0.197662353515625 0.64007568359375 -0.05889892578125
-0.39459228515625 -0.132232666015625 0.37841796875 -0.396148681640625
-0.369537353515625 -0.047332763671875 -0.02960205078125 -0.5194091796875
-0.326629638671875 0.123870849609375 -0.33990478515625 -0.275848388671875
-0.2821044921875 0.17974853515625 -0.4967041015625 -0.0527343750000001
-0.1514892578125 0.319183349609375 -0.49896240234375 0.29864501953125
-0.151123046875 0.32366943359375 -0.64422607421875 0.3583984375
-0.0423088073730469 -0.0179595947265625 0.57183837890625 -0.45733642578125
0.0169162750244141 0.000517845153808594 0.516876220703125 -0.34307861328125
-0.00418376922607422 -0.00748205184936523 0.4151611328125 -0.019744873046875
-0.00844383239746094 -0.00771713256835937 0.313323974609375 0.31024169921875
0.0138835906982422 -0.0286159515380859 -0.061859130859375 0.463348388671875
0.0305023193359375 -0.038238525390625 -0.440826416015625 0.3720703125
0.0237007141113281 -0.0295066833496094 -0.741943359375 0.0375366210937501
0.0454978942871094 -0.0223770141601563 -0.89404296875 -0.32586669921875
0.0467643737792969 0.0084075927734375 -0.9339599609375 -0.47015380859375
0.0540390014648438 -0.00308609008789063 -0.75286865234375 -0.4334716796875
0.0519676208496094 0.0299148559570313 -0.52783203125 -0.21575927734375
0.0268211364746094 0.037200927734375 -0.26513671875 -0.149032592773438
0.0258655548095703 -0.00763320922851563 -0.1065673828125 -0.313873291015625
0.0436477661132813 -0.0379829406738281 -0.1572265625 -0.60784912109375
0.0147552490234375 -0.0491676330566406 -0.18768310546875 -0.9144287109375
-0.146392822265625 0.317138671875 0.5703125 -0.404052734375
-0.125946044921875 0.304901123046875 0.525726318359375 -0.280975341796875
-0.25201416015625 0.21026611328125 0.456512451171875 -0.01885986328125
-0.312164306640625 0.089385986328125 0.3326416015625 0.3271484375
-0.316192626953125 -0.05242919921875 -0.0133056640625 0.4730224609375
-0.352935791015625 -0.1422119140625 -0.405487060546875 0.3984375
-0.34136962890625 -0.169403076171875 -0.70574951171875 0.081787109375
-0.255294799804688 -0.221298217773438 -0.8409423828125 -0.26763916015625
-0.262908935546875 -0.199081420898438 -0.90484619140625 -0.43585205078125
-0.241043090820313 -0.166107177734375 -0.74786376953125 -0.41845703125
-0.222076416015625 -0.081573486328125 -0.521270751953125 -0.2239990234375
-0.235427856445313 0.0508270263671875 -0.260879516601563 -0.1488037109375
-0.229141235351563 0.053924560546875 -0.115478515625 -0.324249267578125
-0.153030395507813 0.153533935546875 -0.14971923828125 -0.587890625
-0.09527587890625 0.212890625 -0.18060302734375 -0.8907470703125
-0.241455078125 0.59564208984375 0.55950927734375 -0.241485595703125
-0.25750732421875 0.5623779296875 0.525360107421875 -0.1351318359375
-0.470703125 0.390625 0.496856689453125 0.01708984375
-0.58221435546875 0.173095703125 0.372650146484375 0.34320068359375
-0.61151123046875 -0.0758056640625001 0.0935363769531249 0.46697998046875
-0.6951904296875 -0.23419189453125 -0.264434814453125 0.415771484375
-0.65838623046875 -0.2918701171875 -0.538116455078125 0.140594482421875
-0.51934814453125 -0.388275146484375 -0.66204833984375 -0.16729736328125
-0.550201416015625 -0.375823974609375 -0.7725830078125 -0.36529541015625
-0.534912109375 -0.30303955078125 -0.681640625 -0.3895263671875
-0.504241943359375 -0.166229248046875 -0.502593994140625 -0.243194580078125
-0.4967041015625 0.089599609375 -0.28192138671875 -0.165924072265625
-0.47027587890625 0.137542724609375 -0.17022705078125 -0.340301513671875
-0.32684326171875 0.34912109375 -0.18798828125 -0.531005859375
-0.192138671875 0.45440673828125 -0.22686767578125 -0.78369140625
-0.3116455078125 0.77166748046875 0.53094482421875 -0.00213623046874995
-0.35809326171875 0.7208251953125 0.505615234375 0.066802978515625
-0.6263427734375 0.494384765625 0.51690673828125 0.082122802734375
-0.771240234375 0.2159423828125 0.4136962890625 0.35284423828125
-0.817626953125 -0.0982666015625001 0.242279052734375 0.443115234375
-0.93536376953125 -0.302490234375 -0.034454345703125 0.4215087890625
-0.87213134765625 -0.3726806640625 -0.258636474609375 0.210006713867188
-0.71014404296875 -0.4951171875 -0.378875732421875 -0.03857421875
-0.7747802734375 -0.488037109375 -0.53509521484375 -0.270263671875
-0.78533935546875 -0.37603759765625 -0.530609130859375 -0.357696533203125
-0.7578125 -0.1881103515625 -0.45111083984375 -0.2816162109375
-0.70904541015625 0.17193603515625 -0.3177490234375 -0.190948486328125
-0.65948486328125 0.2509765625 -0.263427734375 -0.334259033203125
-0.4403076171875 0.53363037109375 -0.266021728515625 -0.412689208984375
-0.25408935546875 0.645751953125 -0.3157958984375 -0.595458984375
-0.34246826171875 0.818359375 0.486846923828125 0.2691650390625
-0.4031982421875 0.7486572265625 0.455718994140625 0.283172607421875
-0.68280029296875 0.48760986328125 0.4932861328125 0.165252685546875
-0.82623291015625 0.1929931640625 0.427215576171875 0.352813720703125
-0.87286376953125 -0.1302490234375 0.384063720703125 0.4068603515625
-1.010986328125 -0.34210205078125 0.2333984375 0.4151611328125
-0.9453125 -0.403564453125 0.0853881835937499 0.2789306640625
-0.7921142578125 -0.52691650390625 -0.0329208374023438 0.0904159545898437
-0.888916015625 -0.5159912109375 -0.219314575195313 -0.180343627929688
-0.921875 -0.37890625 -0.298187255859375 -0.34600830078125
-0.89825439453125 -0.1610107421875 -0.35418701171875 -0.34527587890625
-0.81329345703125 0.2532958984375 -0.34814453125 -0.21832275390625
-0.74078369140625 0.35028076171875 -0.36431884765625 -0.287841796875
-0.47137451171875 0.65643310546875 -0.349945068359375 -0.235565185546875
-0.2733154296875 0.74554443359375 -0.41839599609375 -0.345916748046875
-0.3299560546875 0.72772216796875 0.428466796875 0.524444580078125
-0.384521484375 0.65069580078125 0.37579345703125 0.470367431640625
-0.6258544921875 0.38262939453125 0.422454833984375 0.238250732421875
-0.732177734375 0.120361328125 0.394989013671875 0.338836669921875
-0.76568603515625 -0.1629638671875 0.4820556640625 0.37066650390625
-0.91253662109375 -0.33892822265625 0.48016357421875 0.40863037109375
-0.86480712890625 -0.382080078125 0.42889404296875 0.345062255859375
-0.7529296875 -0.48321533203125 0.321197509765625 0.200103759765625
-0.86016845703125 -0.4676513671875 0.124397277832031 -0.112449645996094
-0.893310546875 -0.326171875 -0.0279235839843751 -0.359161376953125
-0.86663818359375 -0.11602783203125 -0.232666015625 -0.41986083984375
-0.76690673828125 0.28009033203125 -0.3590087890625 -0.241973876953125
-0.68768310546875 0.3798828125 -0.4415283203125 -0.205841064453125
-0.42193603515625 0.667236328125 -0.42034912109375 -0.02789306640625
-0.25982666015625 0.7239990234375 -0.51361083984375 -0.0696105957031251
-0.270751953125 0.529052734375 0.36224365234375 0.72930908203125
-0.303070068359375 0.470367431640625 0.27813720703125 0.59332275390625
-0.468048095703125 0.231475830078125 0.320159912109375 0.27899169921875
-0.527191162109375 0.0429077148437501 0.339141845703125 0.30780029296875
-0.54022216796875 -0.160552978515625 0.5230712890625 0.338714599609375
-0.67889404296875 -0.286865234375 0.65875244140625 0.40875244140625
-0.6546630859375 -0.3033447265625 0.7147216796875 0.40130615234375
-0.59600830078125 -0.36700439453125 0.6298828125 0.27947998046875
-0.687255859375 -0.35491943359375 0.431976318359375 -0.07080078125
-0.702392578125 -0.239501953125 0.214263916015625 -0.38055419921875
-0.6744384765625 -0.0767211914062499 -0.111846923828125 -0.483551025390625
-0.5906982421875 0.23223876953125 -0.352020263671875 -0.262481689453125
-0.52484130859375 0.3177490234375 -0.485565185546875 -0.12066650390625
-0.306427001953125 0.548614501953125 -0.469268798828125 0.16778564453125
-0.2169189453125 0.57647705078125 -0.5924072265625 0.18280029296875
-0.165725708007813 0.266632080078125 0.305908203125 0.8604736328125
-0.165618896484375 0.261520385742188 0.1962890625 0.6485595703125
-0.24542236328125 0.0997161865234375 0.22528076171875 0.28961181640625
-0.272048950195313 0.00941467285156244 0.2894287109375 0.2742919921875
-0.274520874023438 -0.102386474609375 0.52783203125 0.313720703125
-0.3795166015625 -0.176910400390625 0.7625732421875 0.40789794921875
-0.36529541015625 -0.172149658203125 0.908935546875 0.43621826171875
-0.34912109375 -0.199066162109375 0.845947265625 0.31866455078125
-0.408050537109375 -0.19818115234375 0.65081787109375 -0.05999755859375
-0.401031494140625 -0.132598876953125 0.3812255859375 -0.402587890625
-0.37615966796875 -0.0456237792968751 -0.031463623046875 -0.524810791015625
-0.3306884765625 0.127471923828125 -0.344329833984375 -0.27618408203125
-0.2861328125 0.18365478515625 -0.503448486328125 -0.050994873046875
-0.151702880859375 0.3218994140625 -0.502197265625 0.305938720703125
-0.151702880859375 0.330047607421875 -0.6497802734375 0.3673095703125
-0.0435981750488281 -0.0181541442871094 0.57647705078125 -0.4688720703125
0.0174922943115234 4.10079956054687E-05 0.521087646484375 -0.35150146484375
-0.00405645370483398 -0.00732517242431641 0.42120361328125 -0.022705078125
-0.00848770141601562 -0.00794458389282227 0.32012939453125 0.3104248046875
0.0132331848144531 -0.0292377471923828 -0.059906005859375 0.47015380859375
0.0309600830078125 -0.0380477905273438 -0.444305419921875 0.3782958984375
0.0232963562011719 -0.0292549133300781 -0.7537841796875 0.0423583984375
0.0459556579589844 -0.0231895446777344 -0.91058349609375 -0.32568359375
0.0479927062988281 0.00846481323242188 -0.950927734375 -0.4697265625
0.05499267578125 -0.003326416015625 -0.76763916015625 -0.43670654296875
0.052947998046875 0.0298423767089844 -0.536865234375 -0.217132568359375
0.0287971496582031 0.0378761291503906 -0.267715454101563 -0.14923095703125
0.0257453918457031 -0.00795555114746094 -0.10833740234375 -0.317352294921875
0.0430793762207031 -0.0385246276855469 -0.1597900390625 -0.61474609375
0.0152702331542969 -0.0495491027832031 -0.19476318359375 -0.9271240234375
-0.145965576171875 0.3233642578125 0.57391357421875 -0.4134521484375
-0.125518798828125 0.31060791015625 0.530548095703125 -0.29046630859375
-0.253936767578125 0.215362548828125 0.461334228515625 -0.02398681640625
-0.3167724609375 0.092803955078125 0.339202880859375 0.32781982421875
-0.322723388671875 -0.052642822265625 -0.0106811523437501 0.47906494140625
-0.36053466796875 -0.14056396484375 -0.40911865234375 0.40673828125
-0.348785400390625 -0.16925048828125 -0.716552734375 0.0854492187499998
-0.2606201171875 -0.222640991210938 -0.85723876953125 -0.26739501953125
-0.268280029296875 -0.200347900390625 -0.923583984375 -0.43560791015625
-0.246353149414063 -0.167495727539062 -0.7620849609375 -0.42169189453125
-0.226211547851563 -0.081787109375 -0.530487060546875 -0.223968505859375
-0.237884521484375 0.0535430908203125 -0.262741088867188 -0.148406982421875
-0.23236083984375 0.05743408203125 -0.117950439453125 -0.32745361328125
-0.15472412109375 0.155670166015625 -0.153076171875 -0.59527587890625
-0.0944671630859375 0.216567993164063 -0.18756103515625 -0.90203857421875
-0.239990234375 0.60589599609375 0.56573486328125 -0.2471923828125
-0.25714111328125 0.57275390625 0.532379150390625 -0.140655517578125
-0.47589111328125 0.400146484375 0.503021240234375 0.01324462890625
-0.590087890625 0.1790771484375 0.38031005859375 0.34454345703125
-0.62353515625 -0.0744628906249999 0.09832763671875 0.471771240234375
-0.70782470703125 -0.23101806640625 -0.265777587890625 0.423675537109375
-0.66973876953125 -0.2913818359375 -0.544708251953125 0.144805908203125
-0.529052734375 -0.392730712890625 -0.673583984375 -0.164306640625
-0.561248779296875 -0.378570556640625 -0.787109375 -0.36480712890625
-0.544219970703125 -0.302978515625 -0.69476318359375 -0.3909912109375
-0.51361083984375 -0.164398193359375 -0.5107421875 -0.244140625
-0.5025634765625 0.0955810546874999 -0.28472900390625 -0.166107177734375
-0.47686767578125 0.1441650390625 -0.173431396484375 -0.343475341796875
-0.330352783203125 0.35565185546875 -0.193389892578125 -0.536468505859375
-0.19244384765625 0.4622802734375 -0.23284912109375 -0.79437255859375
-0.31005859375 0.7869873046875 0.5386962890625 -0.00585937499999995
-0.35675048828125 0.73297119140625 0.512359619140625 0.0626831054687501
-0.63262939453125 0.50689697265625 0.522613525390625 0.079376220703125
-0.78033447265625 0.22442626953125 0.423065185546875 0.354156494140625
-0.83203125 -0.09637451171875 0.248321533203125 0.44830322265625
-0.950439453125 -0.29901123046875 -0.0314941406250001 0.427642822265625
-0.88836669921875 -0.37274169921875 -0.261444091796875 0.214859008789062
-0.725341796875 -0.49835205078125 -0.38482666015625 -0.036834716796875
-0.7916259765625 -0.48870849609375 -0.544830322265625 -0.269927978515625
-0.79876708984375 -0.376953125 -0.541107177734375 -0.360382080078125
-0.77020263671875 -0.18780517578125 -0.45721435546875 -0.283843994140625
-0.71734619140625 0.18060302734375 -0.32037353515625 -0.191497802734375
-0.66680908203125 0.2608642578125 -0.268890380859375 -0.33563232421875
-0.44464111328125 0.545166015625 -0.2703857421875 -0.416839599609375
-0.25164794921875 0.65771484375 -0.32391357421875 -0.603271484375
-0.341064453125 0.83251953125 0.494903564453125 0.269134521484375
-0.40216064453125 0.76373291015625 0.461639404296875 0.284027099609375
-0.68896484375 0.50067138671875 0.500701904296875 0.162384033203125
-0.83819580078125 0.201904296875 0.4339599609375 0.354888916015625
-0.8883056640625 -0.1287841796875 0.392333984375 0.41046142578125
-1.02935791015625 -0.33612060546875 0.24139404296875 0.421356201171875
-0.96185302734375 -0.402099609375 0.0884399414062499 0.28369140625
-0.8077392578125 -0.53192138671875 -0.0330734252929688 0.0913772583007812
-0.9072265625 -0.5184326171875 -0.222824096679688 -0.18109130859375
-0.9378662109375 -0.378662109375 -0.3048095703125 -0.350921630859375
-0.91461181640625 -0.1572265625 -0.360870361328125 -0.347625732421875
-0.82427978515625 0.26397705078125 -0.352142333984375 -0.219024658203125
-0.7486572265625 0.36163330078125 -0.369476318359375 -0.287078857421875
-0.47454833984375 0.668212890625 -0.355224609375 -0.23779296875
-0.27166748046875 0.759033203125 -0.42608642578125 -0.3486328125
-0.32806396484375 0.7413330078125 0.435272216796875 0.529144287109375
-0.3856201171875 0.66290283203125 0.382049560546875 0.473388671875
-0.63336181640625 0.3929443359375 0.42706298828125 0.2369384765625
-0.74237060546875 0.12725830078125 0.403106689453125 0.34112548828125
-0.77862548828125 -0.16070556640625 0.491668701171875 0.371673583984375
-0.92840576171875 -0.33642578125 0.489959716796875 0.413421630859375
-0.87945556640625 -0.38092041015625 0.43817138671875 0.348358154296875
-0.76690673828125 -0.4844970703125 0.327880859375 0.201080322265625
-0.87530517578125 -0.47039794921875 0.126083374023437 -0.113479614257813
-0.9097900390625 -0.32623291015625 -0.0313110351562501 -0.3638916015625
-0.88311767578125 -0.11041259765625 -0.236175537109375 -0.4241943359375
-0.77734375 0.29046630859375 -0.362548828125 -0.242706298828125
-0.69830322265625 0.3919677734375 -0.4493408203125 -0.20562744140625
-0.422607421875 0.67852783203125 -0.42401123046875 -0.025238037109375
-0.259033203125 0.73626708984375 -0.519622802734375 -0.0682678222656249
-0.26953125 0.538787841796875 0.37139892578125 0.73828125
-0.303924560546875 0.477691650390625 0.28460693359375 0.598876953125
-0.473388671875 0.2396240234375 0.324981689453125 0.28076171875
-0.533721923828125 0.0462646484375001 0.3448486328125 0.311248779296875
-0.54962158203125 -0.1580810546875 0.532867431640625 0.340118408203125
-0.691162109375 -0.28631591796875 0.6728515625 0.41229248046875
-0.66619873046875 -0.30267333984375 0.728759765625 0.40399169921875
-0.60662841796875 -0.36865234375 0.64166259765625 0.27996826171875
-0.69915771484375 -0.35693359375 0.43890380859375 -0.071868896484375
-0.71405029296875 -0.2393798828125 0.21746826171875 -0.38653564453125
-0.6868896484375 -0.0738525390625 -0.116119384765625 -0.489990234375
-0.59783935546875 0.2393798828125 -0.35614013671875 -0.26348876953125
-0.532196044921875 0.32708740234375 -0.49371337890625 -0.11676025390625
-0.308502197265625 0.5572509765625 -0.4737548828125 0.1724853515625
-0.21649169921875 0.5869140625 -0.59722900390625 0.1885986328125
-0.166046142578125 0.2708740234375 0.31494140625 0.87078857421875
-0.166244506835938 0.26519775390625 0.2020263671875 0.65423583984375
-0.2476806640625 0.103302001953125 0.22784423828125 0.291259765625
-0.275634765625 0.0113372802734375 0.293304443359375 0.276763916015625
-0.279937744140625 -0.10357666015625 0.538238525390625 0.315155029296875
-0.387237548828125 -0.175811767578125 0.77618408203125 0.41119384765625
-0.372161865234375 -0.1717529296875 0.92559814453125 0.43780517578125
-0.355987548828125 -0.19964599609375 0.86102294921875 0.3192138671875
-0.41473388671875 -0.199066162109375 0.66094970703125 -0.06396484375
-0.408050537109375 -0.130767822265625 0.38409423828125 -0.409942626953125
-0.382965087890625 -0.0435485839843749 -0.03533935546875 -0.53076171875
-0.335723876953125 0.133056640625 -0.34869384765625 -0.27667236328125
-0.290069580078125 0.1890869140625 -0.51123046875 -0.04779052734375
-0.152587890625 0.3280029296875 -0.506805419921875 0.31378173828125
-0.15191650390625 0.33599853515625 -0.65582275390625 0.3760986328125
-0.0445327758789063 -0.0179252624511719 0.57861328125 -0.48199462890625
0.0179767608642578 -0.000484466552734375 0.525970458984375 -0.361480712890625
-0.00358295440673828 -0.00802373886108398 0.4267578125 -0.027069091796875
-0.00874519348144531 -0.00832128524780273 0.327056884765625 0.310516357421875
0.0123653411865234 -0.0300235748291016 -0.057342529296875 0.4765625
0.0310440063476563 -0.0378761291503906 -0.449493408203125 0.385589599609375
0.0233592987060547 -0.02947998046875 -0.76495361328125 0.047607421875
0.0461845397949219 -0.0235557556152344 -0.9267578125 -0.32183837890625
0.0491104125976562 0.00905990600585937 -0.97271728515625 -0.4678955078125
0.0557289123535156 -0.00344085693359375 -0.783203125 -0.4375
0.0543136596679688 0.0297584533691406 -0.545654296875 -0.216217041015625
0.0305824279785156 0.0383567810058594 -0.270797729492188 -0.14862060546875
0.0257492065429687 -0.00779151916503906 -0.110382080078125 -0.320465087890625
0.0426254272460938 -0.0391120910644531 -0.1661376953125 -0.62225341796875
0.0150794982910156 -0.0503692626953125 -0.20556640625 -0.9393310546875
-0.145111083984375 0.329376220703125 0.578125 -0.4251708984375
-0.124267578125 0.316558837890625 0.534942626953125 -0.29931640625
-0.255828857421875 0.221099853515625 0.46710205078125 -0.028961181640625
-0.321502685546875 0.0976257324218749 0.34698486328125 0.3280029296875
-0.328948974609375 -0.0512695312499999 -0.00793457031249998 0.484466552734375
-0.36669921875 -0.13824462890625 -0.411468505859375 0.4149169921875
-0.35565185546875 -0.169189453125 -0.72674560546875 0.0925292968750001
-0.26654052734375 -0.2242431640625 -0.87384033203125 -0.263427734375
-0.274948120117188 -0.201202392578125 -0.94256591796875 -0.43414306640625
-0.251663208007813 -0.167312622070312 -0.77899169921875 -0.42333984375
-0.230575561523438 -0.0802459716796875 -0.5396728515625 -0.222808837890625
-0.23992919921875 0.0567779541015625 -0.266098022460937 -0.148101806640625
-0.236160278320313 0.060638427734375 -0.121246337890625 -0.330413818359375
-0.156417846679688 0.160003662109375 -0.1590576171875 -0.60205078125
-0.0941619873046875 0.221038818359375 -0.19781494140625 -0.9150390625
-0.23699951171875 0.6187744140625 0.57147216796875 -0.25592041015625
-0.25384521484375 0.58453369140625 0.537353515625 -0.146636962890625
-0.480743408203125 0.412750244140625 0.50946044921875 0.00778198242187503
-0.599609375 0.1883544921875 0.389739990234375 0.3458251953125
-0.63482666015625 -0.0703124999999999 0.104217529296875 0.47650146484375
-0.72039794921875 -0.22918701171875 -0.265777587890625 0.4315185546875
-0.6846923828125 -0.29132080078125 -0.552642822265625 0.1512451171875
-0.542266845703125 -0.39459228515625 -0.685302734375 -0.16021728515625
-0.57501220703125 -0.379638671875 -0.8033447265625 -0.36328125
-0.55548095703125 -0.30328369140625 -0.709716796875 -0.39019775390625
-0.523468017578125 -0.162841796875 -0.520477294921875 -0.24322509765625
-0.50653076171875 0.100738525390625 -0.28863525390625 -0.166168212890625
-0.484405517578125 0.151763916015625 -0.178131103515625 -0.345550537109375
-0.33282470703125 0.36370849609375 -0.19830322265625 -0.5419921875
-0.191131591796875 0.47113037109375 -0.24310302734375 -0.8038330078125
-0.3067626953125 0.80133056640625 0.546722412109375 -0.0108032226562499
-0.35406494140625 0.74853515625 0.51934814453125 0.059844970703125
-0.638427734375 0.52099609375 0.529022216796875 0.0738525390625
-0.79229736328125 0.23553466796875 0.431671142578125 0.356353759765625
-0.8458251953125 -0.0910034179687499 0.25616455078125 0.4498291015625
-0.96881103515625 -0.29498291015625 -0.0262145996093751 0.43505859375
-0.9053955078125 -0.36859130859375 -0.263427734375 0.221267700195312
-0.73895263671875 -0.50213623046875 -0.391693115234375 -0.03326416015625
-0.808349609375 -0.4896240234375 -0.557861328125 -0.268646240234375
-0.81640625 -0.375 -0.55303955078125 -0.36102294921875
-0.78546142578125 -0.18194580078125 -0.466766357421875 -0.28375244140625
-0.7279052734375 0.19049072265625 -0.32562255859375 -0.1923828125
-0.67584228515625 0.2705078125 -0.273681640625 -0.336822509765625
-0.445831298828125 0.554840087890625 -0.277923583984375 -0.42047119140625
-0.250732421875 0.6690673828125 -0.33258056640625 -0.60919189453125
-0.33660888671875 0.8497314453125 0.50299072265625 0.268707275390625
-0.3994140625 0.778564453125 0.470489501953125 0.284210205078125
-0.69537353515625 0.51580810546875 0.505889892578125 0.158538818359375
-0.849609375 0.21380615234375 0.443572998046875 0.35699462890625
-0.9036865234375 -0.12432861328125 0.402252197265625 0.4124755859375
-1.0496826171875 -0.331298828125 0.250457763671875 0.42547607421875
-0.981201171875 -0.40093994140625 0.0923461914062499 0.28753662109375
-0.825439453125 -0.53314208984375 -0.0329513549804688 0.0933456420898437
-0.9256591796875 -0.52191162109375 -0.228408813476563 -0.180435180664063
-0.9583740234375 -0.37640380859375 -0.314239501953125 -0.353973388671875
-0.931396484375 -0.151611328125 -0.37030029296875 -0.349639892578125
-0.8341064453125 0.27545166015625 -0.357086181640625 -0.217742919921875
-0.75775146484375 0.3768310546875 -0.377685546875 -0.28759765625
-0.47772216796875 0.68353271484375 -0.360748291015625 -0.23626708984375
-0.26763916015625 0.772216796875 -0.43267822265625 -0.351806640625
-0.32672119140625 0.75482177734375 0.445068359375 0.53363037109375
-0.38311767578125 0.67529296875 0.38897705078125 0.47784423828125
-0.63909912109375 0.4039306640625 0.4334716796875 0.234619140625
-0.75299072265625 0.13665771484375 0.411102294921875 0.34381103515625
-0.793212890625 -0.15692138671875 0.5020751953125 0.3734130859375
-0.94781494140625 -0.332275390625 0.501556396484375 0.416595458984375
-0.89801025390625 -0.378173828125 0.447509765625 0.350677490234375
-0.782958984375 -0.4862060546875 0.334930419921875 0.20147705078125
-0.89508056640625 -0.471923828125 0.127143859863281 -0.114677429199219
-0.92779541015625 -0.32318115234375 -0.0358581542968751 -0.368499755859375
-0.89923095703125 -0.10406494140625 -0.2432861328125 -0.427001953125
-0.78729248046875 0.302978515625 -0.369415283203125 -0.241729736328125
-0.7056884765625 0.4056396484375 -0.4578857421875 -0.202850341796875
-0.4249267578125 0.69195556640625 -0.429931640625 -0.021514892578125
-0.256103515625 0.7515869140625 -0.5260009765625 -0.06695556640625
-0.26776123046875 0.548858642578125 0.37957763671875 0.744384765625
-0.301971435546875 0.487518310546875 0.2916259765625 0.6065673828125
-0.477752685546875 0.2471923828125 0.329254150390625 0.280059814453125
-0.54229736328125 0.0526123046874999 0.3516845703125 0.31402587890625
-0.560699462890625 -0.15673828125 0.544097900390625 0.341552734375
-0.7034912109375 -0.28173828125 0.6851806640625 0.4154052734375
-0.67926025390625 -0.30078125 0.743408203125 0.40655517578125
-0.6199951171875 -0.37030029296875 0.6536865234375 0.279052734375
-0.71563720703125 -0.35833740234375 0.446258544921875 -0.075897216796875
-0.72833251953125 -0.2359619140625 0.215118408203125 -0.393585205078125
-0.697998046875 -0.06787109375 -0.120758056640625 -0.49530029296875
-0.60595703125 0.24993896484375 -0.36236572265625 -0.263214111328125
-0.53839111328125 0.338653564453125 -0.50091552734375 -0.112579345703125
-0.3092041015625 0.56793212890625 -0.47900390625 0.1805419921875
-0.21453857421875 0.59942626953125 -0.6029052734375 0.19610595703125
-0.164947509765625 0.276901245117188 0.32501220703125 0.88018798828125
-0.163726806640625 0.269515991210938 0.20941162109375 0.66290283203125
-0.250503540039063 0.107192993164063 0.2313232421875 0.293121337890625
-0.279586791992188 0.0145416259765625 0.300018310546875 0.279266357421875
-0.285675048828125 -0.102386474609375 0.548431396484375 0.31561279296875
-0.39501953125 -0.17474365234375 0.792236328125 0.4129638671875
-0.379669189453125 -0.1705322265625 0.9443359375 0.43939208984375
-0.36346435546875 -0.200042724609375 0.87811279296875 0.31463623046875
-0.423980712890625 -0.19769287109375 0.6712646484375 -0.06951904296875
-0.41632080078125 -0.129791259765625 0.38714599609375 -0.418701171875
-0.390472412109375 -0.0406494140625001 -0.03778076171875 -0.53692626953125
-0.339385986328125 0.13824462890625 -0.354644775390625 -0.27593994140625
-0.29351806640625 0.1943359375 -0.518310546875 -0.0419616699218749
-0.152801513671875 0.33233642578125 -0.510711669921875 0.324676513671875
-0.151275634765625 0.3427734375 -0.6602783203125 0.3873291015625
-0.0463218688964844 -0.0178108215332031 0.58258056640625 -0.49456787109375
0.0184688568115234 -0.00115013122558594 0.52880859375 -0.372894287109375
-0.00287914276123047 -0.0081477165222168 0.433197021484375 -0.0335693359375
-0.00875616073608398 -0.00866985321044922 0.33380126953125 0.30975341796875
0.0114383697509766 -0.0308914184570313 -0.055084228515625 0.482513427734375
0.0311927795410156 -0.037628173828125 -0.452850341796875 0.396697998046875
0.0232582092285156 -0.0293674468994141 -0.7764892578125 0.0556640625000001
0.0467910766601563 -0.0242385864257813 -0.94696044921875 -0.31756591796875
0.0502891540527344 0.00934600830078125 -0.99334716796875 -0.46478271484375
0.0564613342285156 -0.003875732421875 -0.80133056640625 -0.43756103515625
0.0553970336914063 0.0297508239746094 -0.555816650390625 -0.21307373046875
0.0319786071777344 0.0383338928222656 -0.275131225585938 -0.147628784179688
0.0255336761474609 -0.00791168212890625 -0.113861083984375 -0.3243408203125
0.0420379638671875 -0.0404243469238281 -0.17254638671875 -0.63134765625
0.0147933959960937 -0.0513229370117188 -0.21771240234375 -0.9505615234375
-0.14404296875 0.337615966796875 0.58148193359375 -0.439208984375
-0.121368408203125 0.322601318359375 0.53948974609375 -0.30987548828125
-0.257247924804688 0.2281494140625 0.474212646484375 -0.03619384765625
-0.32598876953125 0.102630615234375 0.35638427734375 0.32769775390625
-0.336334228515625 -0.04876708984375 -0.00173950195312503 0.490081787109375
-0.37432861328125 -0.135589599609375 -0.4136962890625 0.42620849609375
-0.363739013671875 -0.167144775390625 -0.738525390625 0.10052490234375
-0.273361206054687 -0.225341796875 -0.892333984375 -0.25738525390625
-0.281707763671875 -0.20123291015625 -0.96478271484375 -0.4293212890625
-0.257492065429687 -0.166854858398438 -0.7947998046875 -0.4212646484375
-0.235015869140625 -0.0789947509765625 -0.54937744140625 -0.22088623046875
-0.242050170898438 0.06146240234375 -0.269927978515625 -0.147293090820312
-0.238861083984375 0.064727783203125 -0.124725341796875 -0.333892822265625
-0.157440185546875 0.164154052734375 -0.16552734375 -0.61004638671875
-0.0926666259765625 0.225204467773438 -0.2108154296875 -0.92767333984375
-0.2333984375 0.6314697265625 0.57574462890625 -0.266357421875
-0.2509765625 0.5960693359375 0.54437255859375 -0.1568603515625
-0.484466552734375 0.425933837890625 0.515533447265625 -0.000274658203124974
-0.60888671875 0.19976806640625 0.39959716796875 0.345916748046875
-0.64697265625 -0.0662231445312499 0.111236572265625 0.481597900390625
-0.734619140625 -0.22216796875 -0.262908935546875 0.4410400390625
-0.69866943359375 -0.288330078125 -0.560302734375 0.160064697265625
-0.555511474609375 -0.39495849609375 -0.7000732421875 -0.1561279296875
-0.5880126953125 -0.3798828125 -0.81988525390625 -0.358642578125
-0.5675048828125 -0.30218505859375 -0.726318359375 -0.389892578125
-0.535003662109375 -0.158050537109375 -0.5302734375 -0.241729736328125
-0.51434326171875 0.109130859375 -0.292449951171875 -0.165313720703125
-0.48907470703125 0.16162109375 -0.18353271484375 -0.348297119140625
-0.332611083984375 0.371795654296875 -0.20538330078125 -0.54779052734375
-0.18829345703125 0.4805908203125 -0.25384521484375 -0.8153076171875
-0.3013916015625 0.81915283203125 0.55438232421875 -0.01715087890625
-0.348876953125 0.76531982421875 0.527313232421875 0.0552978515625
-0.6434326171875 0.5374755859375 0.535491943359375 0.06744384765625
-0.8026123046875 0.24774169921875 0.442657470703125 0.356475830078125
-0.8642578125 -0.084228515625 0.264739990234375 0.452239990234375
-0.98724365234375 -0.285400390625 -0.0205078125000001 0.441619873046875
-0.92620849609375 -0.36541748046875 -0.265579223632813 0.227462768554687
-0.7586669921875 -0.50115966796875 -0.39849853515625 -0.0300598144531251
-0.82843017578125 -0.49053955078125 -0.5699462890625 -0.265380859375
-0.83306884765625 -0.3720703125 -0.56719970703125 -0.36181640625
-0.80133056640625 -0.17578125 -0.477294921875 -0.2822265625
-0.73638916015625 0.2025146484375 -0.33038330078125 -0.19049072265625
-0.6842041015625 0.2857666015625 -0.282135009765625 -0.33746337890625
-0.44659423828125 0.56884765625 -0.28350830078125 -0.42364501953125
-0.24468994140625 0.68231201171875 -0.34161376953125 -0.61669921875
-0.3316650390625 0.8677978515625 0.51373291015625 0.2686767578125
-0.39569091796875 0.79522705078125 0.4783935546875 0.28350830078125
-0.70123291015625 0.53131103515625 0.512969970703125 0.15301513671875
-0.8614501953125 0.228759765625 0.45355224609375 0.35821533203125
-0.9210205078125 -0.11810302734375 0.414642333984375 0.412872314453125
-1.06927490234375 -0.32464599609375 0.260284423828125 0.429473876953125
-1.00274658203125 -0.39617919921875 0.0966796874999999 0.292633056640625
-0.8450927734375 -0.53271484375 -0.0318756103515625 0.0955352783203125
-0.94683837890625 -0.52044677734375 -0.233734130859375 -0.1795654296875
-0.97906494140625 -0.37078857421875 -0.322784423828125 -0.354736328125
-0.94989013671875 -0.14227294921875 -0.378173828125 -0.351318359375
-0.84320068359375 0.2906494140625 -0.36328125 -0.2164306640625
-0.76727294921875 0.39166259765625 -0.385833740234375 -0.286102294921875
-0.4766845703125 0.6978759765625 -0.367340087890625 -0.23577880859375
-0.26397705078125 0.7891845703125 -0.44219970703125 -0.35284423828125
-0.32061767578125 0.7705078125 0.457977294921875 0.53814697265625
-0.37939453125 0.69024658203125 0.3997802734375 0.479095458984375
-0.64404296875 0.42059326171875 0.440338134765625 0.23211669921875
-0.7630615234375 0.1485595703125 0.42132568359375 0.3450927734375
-0.80853271484375 -0.15234375 0.51470947265625 0.3719482421875
-0.964599609375 -0.32550048828125 0.516021728515625 0.41864013671875
-0.91693115234375 -0.3756103515625 0.459197998046875 0.351348876953125
-0.80206298828125 -0.48541259765625 0.3424072265625 0.2010498046875
-0.91534423828125 -0.4686279296875 0.129096984863281 -0.116844177246094
-0.94671630859375 -0.31658935546875 -0.04052734375 -0.373931884765625
-0.9166259765625 -0.0946044921875001 -0.251190185546875 -0.430389404296875
-0.79632568359375 0.31817626953125 -0.375152587890625 -0.2412109375
-0.7142333984375 0.42108154296875 -0.465606689453125 -0.199310302734375
-0.42425537109375 0.70751953125 -0.435302734375 -0.017059326171875
-0.2513427734375 0.76654052734375 -0.534332275390625 -0.0616455078125001
-0.26446533203125 0.562744140625 0.39593505859375 0.75189208984375
-0.29888916015625 0.4974365234375 0.30157470703125 0.61175537109375
-0.482421875 0.256591796875 0.335052490234375 0.278839111328125
-0.54931640625 0.060577392578125 0.359710693359375 0.3157958984375
-0.57147216796875 -0.15484619140625 0.556884765625 0.341217041015625
-0.71881103515625 -0.2774658203125 0.70281982421875 0.41448974609375
-0.69384765625 -0.29803466796875 0.76092529296875 0.40582275390625
-0.63372802734375 -0.37042236328125 0.6689453125 0.2762451171875
-0.729736328125 -0.3558349609375 0.453887939453125 -0.082000732421875
-0.7447509765625 -0.23089599609375 0.214630126953125 -0.4014892578125
-0.71258544921875 -0.0607910156249999 -0.128143310546875 -0.500335693359375
-0.612548828125 0.260986328125 -0.368621826171875 -0.262115478515625
-0.543914794921875 0.351104736328125 -0.5096435546875 -0.1070556640625
-0.30780029296875 0.5792236328125 -0.48297119140625 0.189056396484375
-0.21044921875 0.61029052734375 -0.609619140625 0.205322265625
-0.163543701171875 0.28338623046875 0.33746337890625 0.8895263671875
-0.16259765625 0.275100708007813 0.21783447265625 0.66943359375
-0.25274658203125 0.1116943359375 0.236358642578125 0.29443359375
-0.283172607421875 0.018402099609375 0.307647705078125 0.28204345703125
-0.29229736328125 -0.100982666015625 0.56182861328125 0.314697265625
-0.4041748046875 -0.171966552734375 0.80999755859375 0.41290283203125
-0.387298583984375 -0.169403076171875 0.96563720703125 0.43695068359375
-0.370819091796875 -0.2003173828125 0.896728515625 0.311279296875
-0.4332275390625 -0.197723388671875 0.6824951171875 -0.076904296875
-0.424957275390625 -0.127197265625 0.3883056640625 -0.428619384765625
-0.397857666015625 -0.0364074707031249 -0.0452880859375 -0.544189453125
-0.3433837890625 0.1453857421875 -0.362152099609375 -0.275970458984375
-0.29693603515625 0.201019287109375 -0.526153564453125 -0.035125732421875
-0.152099609375 0.33929443359375 -0.51397705078125 0.3353271484375
-0.14910888671875 0.351165771484375 -0.66412353515625 0.400390625
-0.04766845703125 -0.0170783996582031 0.58380126953125 -0.5103759765625
0.0189590454101563 -0.00144767761230469 0.531707763671875 -0.38726806640625
-0.00308513641357422 -0.00835275650024414 0.4388427734375 -0.040802001953125
-0.00926971435546875 -0.00896739959716797 0.34307861328125 0.307464599609375
0.0104560852050781 -0.0315017700195313 -0.049285888671875 0.48895263671875
0.0322380065917969 -0.0376129150390625 -0.455230712890625 0.40618896484375
0.0230941772460937 -0.0292282104492188 -0.79052734375 0.0642089843750001
0.0472984313964844 -0.0250778198242188 -0.96783447265625 -0.3094482421875
0.0519905090332031 0.00888824462890625 -1.0177001953125 -0.4581298828125
0.0575408935546875 -0.0041961669921875 -0.82196044921875 -0.4326171875
0.0566558837890625 0.0291709899902344 -0.56707763671875 -0.210693359375
0.03436279296875 0.0384254455566406 -0.278839111328125 -0.1453857421875
0.0253810882568359 -0.00812339782714844 -0.11767578125 -0.327911376953125
0.041412353515625 -0.0413131713867188 -0.18408203125 -0.63665771484375
0.0145263671875 -0.0521125793457031 -0.2330322265625 -0.9637451171875
-0.141265869140625 0.345550537109375 0.58258056640625 -0.4530029296875
-0.118408203125 0.3294677734375 0.542388916015625 -0.322174072265625
-0.258804321289063 0.235763549804688 0.479217529296875 -0.044952392578125
-0.33001708984375 0.10858154296875 0.365386962890625 0.326141357421875
-0.343719482421875 -0.0453796386718751 0.00503540039062497 0.496368408203125
-0.38226318359375 -0.13140869140625 -0.41436767578125 0.436248779296875
-0.372222900390625 -0.164581298828125 -0.7503662109375 0.11334228515625
-0.281112670898438 -0.225662231445312 -0.91046142578125 -0.24761962890625
-0.2889404296875 -0.2008056640625 -0.98626708984375 -0.42425537109375
-0.2642822265625 -0.165451049804687 -0.81634521484375 -0.41741943359375
-0.240097045898438 -0.0767364501953125 -0.5614013671875 -0.216400146484375
-0.243621826171875 0.0656280517578125 -0.274093627929688 -0.145599365234375
-0.24224853515625 0.070404052734375 -0.12860107421875 -0.33660888671875
-0.15838623046875 0.168975830078125 -0.1756591796875 -0.6168212890625
-0.089996337890625 0.229415893554687 -0.224365234375 -0.939697265625
-0.22882080078125 0.6456298828125 0.58013916015625 -0.2783203125
-0.2451171875 0.6090087890625 0.548797607421875 -0.16754150390625
-0.48504638671875 0.440032958984375 0.52178955078125 -0.00924682617187497
-0.61700439453125 0.210693359375 0.409515380859375 0.34405517578125
-0.6588134765625 -0.05859375 0.121063232421875 0.485565185546875
-0.75 -0.21551513671875 -0.262054443359375 0.450408935546875
-0.71441650390625 -0.2808837890625 -0.56689453125 0.169189453125
-0.57049560546875 -0.39422607421875 -0.71246337890625 -0.1490478515625
-0.603759765625 -0.3782958984375 -0.8392333984375 -0.3526611328125
-0.58050537109375 -0.29986572265625 -0.74462890625 -0.38677978515625
-0.54534912109375 -0.15264892578125 -0.541351318359375 -0.2386474609375
-0.51910400390625 0.1181640625 -0.296783447265625 -0.164031982421875
-0.49609375 0.172698974609375 -0.188568115234375 -0.35015869140625
-0.3345947265625 0.38336181640625 -0.21502685546875 -0.5543212890625
-0.183197021484375 0.490936279296875 -0.26947021484375 -0.82574462890625
-0.2940673828125 0.83642578125 0.560394287109375 -0.0233764648437499
-0.34197998046875 0.78045654296875 0.53533935546875 0.0487060546875
-0.64654541015625 0.556396484375 0.542236328125 0.05938720703125
-0.81494140625 0.2652587890625 0.454742431640625 0.3558349609375
-0.879638671875 -0.0747070312499998 0.27642822265625 0.45428466796875
-1.0078125 -0.27593994140625 -0.01513671875 0.449188232421875
-0.94586181640625 -0.35870361328125 -0.266342163085938 0.235519409179688
-0.7772216796875 -0.500244140625 -0.4044189453125 -0.0254516601562501
-0.84930419921875 -0.4869384765625 -0.583251953125 -0.2611083984375
-0.8519287109375 -0.365966796875 -0.58087158203125 -0.359375
-0.817138671875 -0.1666259765625 -0.48834228515625 -0.28057861328125
-0.7442626953125 0.21636962890625 -0.335906982421875 -0.1888427734375
-0.6905517578125 0.300537109375 -0.288055419921875 -0.33837890625
-0.446533203125 0.58172607421875 -0.292266845703125 -0.42626953125
-0.2401123046875 0.696533203125 -0.3555908203125 -0.6217041015625
-0.32379150390625 0.885009765625 0.525115966796875 0.2645263671875
-0.3878173828125 0.81201171875 0.490081787109375 0.281219482421875
-0.705322265625 0.551513671875 0.520477294921875 0.1458740234375
-0.8721923828125 0.24505615234375 0.466339111328125 0.357269287109375
-0.94049072265625 -0.10748291015625 0.4271240234375 0.412017822265625
-1.0911865234375 -0.31317138671875 0.2713623046875 0.433319091796875
-1.024169921875 -0.38629150390625 0.102813720703125 0.296783447265625
-0.8653564453125 -0.531005859375 -0.0312194824218751 0.0974884033203125
-0.97064208984375 -0.5169677734375 -0.240188598632813 -0.178634643554688
-0.9984130859375 -0.3634033203125 -0.332977294921875 -0.357025146484375
-0.96728515625 -0.1312255859375 -0.388916015625 -0.35107421875
-0.85418701171875 0.30743408203125 -0.369384765625 -0.215118408203125
-0.77557373046875 0.41168212890625 -0.39483642578125 -0.28363037109375
-0.47528076171875 0.7164306640625 -0.375030517578125 -0.234161376953125
-0.25592041015625 0.80419921875 -0.452545166015625 -0.35296630859375
-0.314453125 0.78814697265625 0.470306396484375 0.5386962890625
-0.3736572265625 0.70654296875 0.41119384765625 0.481201171875
-0.6495361328125 0.434814453125 0.446624755859375 0.22906494140625
-0.77484130859375 0.16107177734375 0.432525634765625 0.34478759765625
-0.82464599609375 -0.14447021484375 0.52862548828125 0.370391845703125
-0.9866943359375 -0.3154296875 0.53143310546875 0.41888427734375
-0.93560791015625 -0.36895751953125 0.471954345703125 0.354248046875
-0.8214111328125 -0.4840087890625 0.350860595703125 0.199951171875
-0.937255859375 -0.46343994140625 0.130058288574219 -0.119476318359375
-0.966064453125 -0.30853271484375 -0.0463256835937501 -0.37896728515625
-0.93255615234375 -0.0836791992187501 -0.259674072265625 -0.433563232421875
-0.80584716796875 0.33587646484375 -0.381591796875 -0.23931884765625
-0.71923828125 0.43878173828125 -0.47576904296875 -0.19427490234375
-0.4219970703125 0.7227783203125 -0.4412841796875 -0.0112915039062499
-0.2435302734375 0.781005859375 -0.542266845703125 -0.056427001953125
-0.2601318359375 0.5751953125 0.40887451171875 0.75872802734375
-0.2950439453125 0.5079345703125 0.3126220703125 0.61663818359375
-0.48651123046875 0.26739501953125 0.3408203125 0.278411865234375
-0.55767822265625 0.0697631835937499 0.370269775390625 0.3177490234375
-0.58428955078125 -0.14923095703125 0.57025146484375 0.3382568359375
-0.734375 -0.27093505859375 0.72149658203125 0.4132080078125
-0.711181640625 -0.29266357421875 0.780029296875 0.40142822265625
-0.6480712890625 -0.36810302734375 0.68182373046875 0.273193359375
-0.747314453125 -0.3524169921875 0.46038818359375 -0.087646484375
-0.76007080078125 -0.22515869140625 0.21234130859375 -0.4091796875
-0.725830078125 -0.0514526367187499 -0.13641357421875 -0.504669189453125
-0.618408203125 0.2745361328125 -0.376129150390625 -0.26116943359375
-0.548828125 0.36444091796875 -0.5189208984375 -0.100311279296875
-0.3043212890625 0.5902099609375 -0.485260009765625 0.199188232421875
-0.20428466796875 0.62432861328125 -0.614501953125 0.21630859375
-0.1622314453125 0.28985595703125 0.354736328125 0.8984375
-0.159378051757813 0.280014038085938 0.2291259765625 0.6781005859375
-0.254196166992188 0.11663818359375 0.24102783203125 0.29443359375
-0.287200927734375 0.02301025390625 0.315643310546875 0.28240966796875
-0.298126220703125 -0.09912109375 0.57281494140625 0.3121337890625
-0.412200927734375 -0.167999267578125 0.82958984375 0.40924072265625
-0.39605712890625 -0.165069580078125 0.98779296875 0.4315185546875
-0.3792724609375 -0.19805908203125 0.91339111328125 0.3045654296875
-0.441497802734375 -0.19586181640625 0.69354248046875 -0.08465576171875
-0.433807373046875 -0.123626708984375 0.388153076171875 -0.439422607421875
-0.4052734375 -0.0308837890625 -0.0522766113281251 -0.550018310546875
-0.347076416015625 0.153045654296875 -0.369049072265625 -0.27423095703125
-0.300537109375 0.208831787109375 -0.534271240234375 -0.027099609375
-0.15020751953125 0.344940185546875 -0.51617431640625 0.347869873046875
-0.146575927734375 0.359771728515625 -0.6676025390625 0.41619873046875
-0.0495567321777344 -0.0163040161132813 0.58428955078125 -0.52734375
0.0193462371826172 -0.00215530395507813 0.534423828125 -0.40216064453125
-0.00243616104125977 -0.00873851776123047 0.444671630859375 -0.04913330078125
-0.00902175903320313 -0.00942420959472656 0.3541259765625 0.3052978515625
0.00926017761230469 -0.0322303771972656 -0.042816162109375 0.495880126953125
0.03265380859375 -0.0378952026367188 -0.4571533203125 0.419281005859375
0.0224132537841797 -0.0295467376708984 -0.80242919921875 0.0762329101562501
0.0475730895996094 -0.0258941650390625 -0.98931884765625 -0.2969970703125
0.0531158447265625 0.00897979736328125 -1.0413818359375 -0.44891357421875
0.05828857421875 -0.00505828857421875 -0.84136962890625 -0.42816162109375
0.0581436157226563 0.0284309387207031 -0.5792236328125 -0.20379638671875
0.0363693237304688 0.03857421875 -0.28302001953125 -0.14324951171875
0.0251598358154297 -0.00829887390136719 -0.123046875 -0.33056640625
0.0406074523925781 -0.0422096252441406 -0.19439697265625 -0.64404296875
0.0139274597167969 -0.0532455444335938 -0.25146484375 -0.97637939453125
-0.137939453125 0.35406494140625 0.58447265625 -0.47021484375
-0.11456298828125 0.336151123046875 0.546356201171875 -0.3370361328125
-0.259002685546875 0.243896484375 0.485504150390625 -0.0543212890625
-0.33477783203125 0.11566162109375 0.3765869140625 0.32403564453125
-0.3507080078125 -0.041290283203125 0.0128479003906249 0.503662109375
-0.3892822265625 -0.126953125 -0.413848876953125 0.448455810546875
-0.3812255859375 -0.16107177734375 -0.760498046875 0.1243896484375
-0.289398193359375 -0.224578857421875 -0.930419921875 -0.23968505859375
-0.29632568359375 -0.199127197265625 -1.00811767578125 -0.41290283203125
-0.270797729492188 -0.16363525390625 -0.83538818359375 -0.41119384765625
-0.245101928710937 -0.0735015869140624 -0.57366943359375 -0.21075439453125
-0.245697021484375 0.070343017578125 -0.27783203125 -0.143600463867187
-0.244842529296875 0.07568359375 -0.134185791015625 -0.3385009765625
-0.159011840820313 0.174331665039062 -0.1861572265625 -0.62298583984375
-0.088165283203125 0.235183715820312 -0.24285888671875 -0.95166015625
-0.22064208984375 0.66070556640625 0.58349609375 -0.29351806640625
-0.2381591796875 0.6219482421875 0.554962158203125 -0.1790771484375
-0.48626708984375 0.45391845703125 0.527679443359375 -0.01861572265625
-0.62298583984375 0.2235107421875 0.420806884765625 0.341156005859375
-0.67254638671875 -0.0510253906250001 0.129150390625 0.489227294921875
-0.76690673828125 -0.2056884765625 -0.258392333984375 0.461944580078125
-0.73004150390625 -0.27520751953125 -0.5743408203125 0.17950439453125
-0.58514404296875 -0.39300537109375 -0.7271728515625 -0.1405029296875
-0.61968994140625 -0.3759765625 -0.85955810546875 -0.3433837890625
-0.59521484375 -0.29425048828125 -0.76397705078125 -0.3817138671875
-0.55615234375 -0.1473388671875 -0.552520751953125 -0.23358154296875
-0.52374267578125 0.129791259765625 -0.301483154296875 -0.161468505859375
-0.501220703125 0.18389892578125 -0.195220947265625 -0.351318359375
-0.334197998046875 0.392974853515625 -0.22509765625 -0.558837890625
-0.178466796875 0.5010986328125 -0.2845458984375 -0.8360595703125
-0.28466796875 0.85650634765625 0.56817626953125 -0.0339965820312499
-0.334228515625 0.79840087890625 0.543548583984375 0.041656494140625
-0.64794921875 0.5748291015625 0.54779052734375 0.049041748046875
-0.82464599609375 0.28326416015625 0.466552734375 0.3531494140625
-0.89508056640625 -0.0632324218750002 0.28887939453125 0.45562744140625
-1.02825927734375 -0.262939453125 -0.00604248046875011 0.455474853515625
-0.9671630859375 -0.34918212890625 -0.267044067382813 0.243850708007812
-0.797607421875 -0.4971923828125 -0.412384033203125 -0.0184326171875001
-0.87164306640625 -0.48297119140625 -0.59747314453125 -0.25640869140625
-0.8740234375 -0.35699462890625 -0.59735107421875 -0.3553466796875
-0.83331298828125 -0.15496826171875 -0.499359130859375 -0.2772216796875
-0.75054931640625 0.233154296875 -0.3421630859375 -0.18731689453125
-0.6964111328125 0.31927490234375 -0.2962646484375 -0.338409423828125
-0.44427490234375 0.5989990234375 -0.301513671875 -0.427703857421875
-0.2315673828125 0.7108154296875 -0.368408203125 -0.62750244140625
-0.31439208984375 0.9041748046875 0.53485107421875 0.260162353515625
-0.37969970703125 0.83013916015625 0.500152587890625 0.2783203125
-0.70672607421875 0.57135009765625 0.52850341796875 0.140594482421875
-0.88201904296875 0.26318359375 0.47772216796875 0.35675048828125
-0.9576416015625 -0.0960083007812502 0.439300537109375 0.410888671875
-1.11328125 -0.30145263671875 0.284088134765625 0.437652587890625
-1.046630859375 -0.37860107421875 0.110107421875 0.300079345703125
-0.88763427734375 -0.52728271484375 -0.0301742553710938 0.0992889404296875
-0.9957275390625 -0.50927734375 -0.24652099609375 -0.176300048828125
-1.0218505859375 -0.35406494140625 -0.34332275390625 -0.357025146484375
-0.986083984375 -0.11669921875 -0.400421142578125 -0.350067138671875
-0.86297607421875 0.32623291015625 -0.37628173828125 -0.211944580078125
-0.7811279296875 0.43109130859375 -0.403564453125 -0.279571533203125
-0.472900390625 0.73529052734375 -0.383636474609375 -0.232330322265625
-0.2459716796875 0.82000732421875 -0.463043212890625 -0.3525390625
-0.304931640625 0.80694580078125 0.48590087890625 0.53997802734375
-0.365966796875 0.72119140625 0.42315673828125 0.483154296875
-0.65179443359375 0.45263671875 0.453643798828125 0.22418212890625
-0.7847900390625 0.1767578125 0.442718505859375 0.34381103515625
-0.84033203125 -0.13421630859375 0.542510986328125 0.367523193359375
-1.00518798828125 -0.3037109375 0.548004150390625 0.418182373046875
-0.95703125 -0.35833740234375 0.485443115234375 0.352630615234375
-0.83978271484375 -0.480224609375 0.35980224609375 0.198486328125
-0.96112060546875 -0.45855712890625 0.131065368652344 -0.12213134765625
-0.98687744140625 -0.2996826171875 -0.05413818359375 -0.38372802734375
-0.94952392578125 -0.0690917968749999 -0.270904541015625 -0.435455322265625
-0.81207275390625 0.35345458984375 -0.3900146484375 -0.2357177734375
-0.72509765625 0.4615478515625 -0.484161376953125 -0.187774658203125
-0.41796875 0.7403564453125 -0.4471435546875 -0.00396728515624989
-0.2357177734375 0.7972412109375 -0.550048828125 -0.0502929687499999
-0.25323486328125 0.587890625 0.42694091796875 0.76397705078125
-0.290374755859375 0.521392822265625 0.32537841796875 0.621337890625
-0.489471435546875 0.279541015625 0.347625732421875 0.27691650390625
-0.56439208984375 0.07989501953125 0.38037109375 0.317291259765625
-0.595703125 -0.142578125 0.5843505859375 0.33544921875
-0.7510986328125 -0.26385498046875 0.739013671875 0.41021728515625
-0.725830078125 -0.28582763671875 0.7982177734375 0.39923095703125
-0.66357421875 -0.36395263671875 0.69775390625 0.26739501953125
-0.76611328125 -0.346923828125 0.4676513671875 -0.094696044921875
-0.77593994140625 -0.2149658203125 0.207916259765625 -0.419158935546875
-0.73797607421875 -0.0402832031250001 -0.144744873046875 -0.511138916015625
-0.62261962890625 0.2882080078125 -0.384185791015625 -0.25823974609375
-0.551788330078125 0.380340576171875 -0.5286865234375 -0.0927734374999999
-0.3018798828125 0.60516357421875 -0.489593505859375 0.209228515625
-0.19757080078125 0.63818359375 -0.61871337890625 0.2286376953125
-0.159820556640625 0.296661376953125 0.37310791015625 0.90643310546875
-0.15673828125 0.28546142578125 0.2408447265625 0.68353271484375
-0.255935668945313 0.122604370117187 0.2481689453125 0.295257568359375
-0.2908935546875 0.028106689453125 0.32330322265625 0.281585693359375
-0.305633544921875 -0.096893310546875 0.5877685546875 0.30865478515625
-0.422607421875 -0.16290283203125 0.84832763671875 0.40411376953125
-0.406341552734375 -0.16064453125 1.0096435546875 0.42529296875
-0.386932373046875 -0.195068359375 0.9344482421875 0.2950439453125
-0.453460693359375 -0.190948486328125 0.70526123046875 -0.09539794921875
-0.4432373046875 -0.117706298828125 0.3885498046875 -0.45111083984375
-0.41290283203125 -0.0243530273437501 -0.06085205078125 -0.554901123046875
-0.350799560546875 0.1614990234375 -0.378173828125 -0.271484375
-0.3017578125 0.216766357421875 -0.544189453125 -0.0178527832031249
-0.147735595703125 0.35235595703125 -0.517425537109375 0.361541748046875
-0.1431884765625 0.367919921875 -0.67041015625 0.43212890625
-0.0511207580566406 -0.0152626037597656 0.58160400390625 -0.544921875
0.0195560455322266 -0.00271797180175781 0.533905029296875 -0.418914794921875
-0.00238513946533203 -0.00920867919921875 0.450164794921875 -0.058319091796875
-0.0101394653320313 -0.00927543640136719 0.3631591796875 0.30072021484375
0.00843048095703125 -0.0327320098876953 -0.0345458984375 0.50323486328125
0.032501220703125 -0.0382194519042969 -0.457183837890625 0.43316650390625
0.0223846435546875 -0.0297050476074219 -0.814453125 0.0927124023437498
0.0476646423339844 -0.0264434814453125 -1.009521484375 -0.2838134765625
0.0541839599609375 0.00811386108398438 -1.0667724609375 -0.43646240234375
0.0590019226074219 -0.0059661865234375 -0.8624267578125 -0.4200439453125
0.0591468811035156 0.02764892578125 -0.59039306640625 -0.19586181640625
0.0386505126953125 0.0382003784179688 -0.28729248046875 -0.140045166015625
0.0252685546875 -0.00835037231445312 -0.128631591796875 -0.332305908203125
0.0392417907714844 -0.0430450439453125 -0.207763671875 -0.6485595703125
0.0129013061523438 -0.0540046691894531 -0.2730712890625 -0.9854736328125
-0.133636474609375 0.36187744140625 0.5823974609375 -0.4847412109375
-0.109405517578125 0.342529296875 0.54583740234375 -0.352386474609375
-0.258270263671875 0.252731323242188 0.48944091796875 -0.06756591796875
-0.337677001953125 0.123443603515625 0.386993408203125 0.319427490234375
-0.3583984375 -0.035003662109375 0.02099609375 0.50897216796875
-0.39739990234375 -0.120697021484375 -0.4119873046875 0.4625244140625
-0.389984130859375 -0.15582275390625 -0.7694091796875 0.13909912109375
-0.297821044921875 -0.222900390625 -0.94854736328125 -0.22406005859375
-0.30517578125 -0.1961669921875 -1.03143310546875 -0.40032958984375
-0.278167724609375 -0.161041259765625 -0.8553466796875 -0.4024658203125
-0.25030517578125 -0.07000732421875 -0.58477783203125 -0.2030029296875
-0.246719360351563 0.0767059326171874 -0.282440185546875 -0.140411376953125
-0.246566772460937 0.0829010009765625 -0.140533447265625 -0.34027099609375
-0.15850830078125 0.17938232421875 -0.1981201171875 -0.62750244140625
-0.085418701171875 0.239120483398437 -0.2625732421875 -0.961669921875
-0.21136474609375 0.674560546875 0.58447265625 -0.3070068359375
-0.22698974609375 0.63409423828125 0.557525634765625 -0.19061279296875
-0.484893798828125 0.471099853515625 0.53228759765625 -0.030853271484375
-0.62908935546875 0.23919677734375 0.43450927734375 0.337005615234375
-0.68499755859375 -0.0382080078124999 0.13934326171875 0.4910888671875
-0.779541015625 -0.19287109375 -0.2528076171875 0.47137451171875
-0.7469482421875 -0.2642822265625 -0.57781982421875 0.19415283203125
-0.60076904296875 -0.3873291015625 -0.7413330078125 -0.12823486328125
-0.63690185546875 -0.36871337890625 -0.87530517578125 -0.33233642578125
-0.60845947265625 -0.284912109375 -0.78076171875 -0.37432861328125
-0.56658935546875 -0.13739013671875 -0.56451416015625 -0.22705078125
-0.527740478515625 0.140869140625 -0.305755615234375 -0.157867431640625
-0.503875732421875 0.198150634765625 -0.20257568359375 -0.3516845703125
-0.3319091796875 0.405517578125 -0.23675537109375 -0.561920166015625
-0.171234130859375 0.511260986328125 -0.30316162109375 -0.84326171875
-0.271484375 0.8724365234375 0.57373046875 -0.0434570312499999
-0.3223876953125 0.815185546875 0.54974365234375 0.031463623046875
-0.64617919921875 0.5960693359375 0.554962158203125 0.0386962890625
-0.83160400390625 0.30181884765625 0.478668212890625 0.349151611328125
-0.91278076171875 -0.0467529296875 0.300079345703125 0.454559326171875
-1.048828125 -0.24627685546875 0.00274658203124991 0.462249755859375
-0.98822021484375 -0.33685302734375 -0.26580810546875 0.25213623046875
-0.81781005859375 -0.489990234375 -0.418487548828125 -0.01190185546875
-0.89434814453125 -0.474365234375 -0.61004638671875 -0.24749755859375
-0.8914794921875 -0.3463134765625 -0.61395263671875 -0.3485107421875
-0.84814453125 -0.142333984375 -0.512176513671875 -0.27191162109375
-0.75604248046875 0.25018310546875 -0.34814453125 -0.181884765625
-0.70013427734375 0.33807373046875 -0.305572509765625 -0.33599853515625
-0.44049072265625 0.61492919921875 -0.31280517578125 -0.42816162109375
-0.2197265625 0.72454833984375 -0.38482666015625 -0.6297607421875
-0.2996826171875 0.92388916015625 0.54693603515625 0.254730224609375
-0.36663818359375 0.84844970703125 0.5107421875 0.27227783203125
-0.7073974609375 0.5948486328125 0.53387451171875 0.131011962890625
-0.8919677734375 0.28302001953125 0.49066162109375 0.35162353515625
-0.97369384765625 -0.0794067382812501 0.454437255859375 0.407196044921875
-1.1365966796875 -0.28466796875 0.298248291015625 0.43853759765625
-1.0679931640625 -0.36297607421875 0.1180419921875 0.302947998046875
-0.90997314453125 -0.51934814453125 -0.0285568237304688 0.101776123046875
-1.020263671875 -0.4979248046875 -0.253067016601563 -0.173980712890625
-1.04388427734375 -0.33837890625 -0.356842041015625 -0.355377197265625
-1.0035400390625 -0.10009765625 -0.412628173828125 -0.346893310546875
-0.86737060546875 0.348388671875 -0.382415771484375 -0.208648681640625
-0.78436279296875 0.4541015625 -0.412994384765625 -0.275482177734375
-0.4658203125 0.75286865234375 -0.39080810546875 -0.229248046875
-0.234130859375 0.83551025390625 -0.474945068359375 -0.350372314453125
-0.292236328125 0.8218994140625 0.500579833984375 0.538177490234375
-0.35479736328125 0.73681640625 0.43658447265625 0.482208251953125
-0.65380859375 0.47259521484375 0.460968017578125 0.2183837890625
-0.7921142578125 0.1942138671875 0.4556884765625 0.3408203125
-0.855224609375 -0.12054443359375 0.55743408203125 0.361572265625
-1.026123046875 -0.28717041015625 0.56634521484375 0.41436767578125
-0.9774169921875 -0.345947265625 0.49932861328125 0.3492431640625
-0.861328125 -0.47137451171875 0.368804931640625 0.194610595703125
-0.98345947265625 -0.447021484375 0.130958557128906 -0.124855041503906
-1.00823974609375 -0.284423828125 -0.062408447265625 -0.387542724609375
-0.966552734375 -0.0516357421875001 -0.283050537109375 -0.437042236328125
-0.81695556640625 0.37548828125 -0.397613525390625 -0.232635498046875
-0.727783203125 0.48175048828125 -0.493499755859375 -0.179107666015625
-0.41082763671875 0.75787353515625 -0.451995849609375 0.00387573242187514
-0.22357177734375 0.8121337890625 -0.55645751953125 -0.0408935546874999
-0.24664306640625 0.602294921875 0.44500732421875 0.76519775390625
-0.282379150390625 0.5299072265625 0.34100341796875 0.623291015625
-0.489166259765625 0.2933349609375 0.353759765625 0.27239990234375
-0.57110595703125 0.0926513671875 0.3905029296875 0.316162109375
-0.60821533203125 -0.13397216796875 0.60028076171875 0.328125
-0.76507568359375 -0.25079345703125 0.7593994140625 0.40325927734375
-0.74114990234375 -0.2760009765625 0.81744384765625 0.39208984375
-0.679443359375 -0.35797119140625 0.7137451171875 0.25921630859375
-0.78448486328125 -0.3380126953125 0.473663330078125 -0.103118896484375
-0.7921142578125 -0.2027587890625 0.20233154296875 -0.42779541015625
-0.75103759765625 -0.0278320312499999 -0.157196044921875 -0.513519287109375
-0.62823486328125 0.30633544921875 -0.39239501953125 -0.252777099609375
-0.55499267578125 0.3966064453125 -0.536376953125 -0.08294677734375
-0.29510498046875 0.61920166015625 -0.490386962890625 0.22161865234375
-0.1876220703125 0.65020751953125 -0.62054443359375 0.244140625
-0.156524658203125 0.304168701171875 0.39434814453125 0.913330078125
-0.152191162109375 0.291229248046875 0.25592041015625 0.689208984375
-0.25677490234375 0.128829956054688 0.252960205078125 0.2938232421875
-0.294097900390625 0.0343322753906251 0.3328857421875 0.28076171875
-0.31219482421875 -0.0926208496093749 0.60174560546875 0.30126953125
-0.42962646484375 -0.155303955078125 0.86871337890625 0.39581298828125
-0.415313720703125 -0.155120849609375 1.0335693359375 0.4150390625
-0.397186279296875 -0.1910400390625 0.95281982421875 0.282470703125
-0.463287353515625 -0.185455322265625 0.71563720703125 -0.1083984375
-0.451812744140625 -0.11102294921875 0.385040283203125 -0.46282958984375
-0.419525146484375 -0.016326904296875 -0.0712890625000001 -0.560791015625
-0.352325439453125 0.172271728515625 -0.385986328125 -0.266815185546875
-0.3031005859375 0.22698974609375 -0.55108642578125 -0.00625610351562502
-0.1446533203125 0.35906982421875 -0.516143798828125 0.376373291015625
-0.137176513671875 0.376800537109375 -0.66888427734375 0.45025634765625
-0.0525245666503906 -0.0142593383789062 0.57574462890625 -0.56268310546875
0.0200347900390625 -0.00368309020996094 0.529632568359375 -0.435333251953125
-0.002166748046875 -0.00949287414550781 0.453216552734375 -0.06982421875
-0.0106782913208008 -0.0096445083618164 0.37261962890625 0.29473876953125
0.00683784484863281 -0.0328941345214844 -0.02618408203125 0.509033203125
0.032989501953125 -0.038421630859375 -0.45465087890625 0.446502685546875
0.0224189758300781 -0.0297164916992187 -0.8232421875 0.10687255859375
0.0477218627929687 -0.0276718139648438 -1.02880859375 -0.2674560546875
0.0555267333984375 0.00782012939453125 -1.08978271484375 -0.4193115234375
0.0598182678222656 -0.00718307495117188 -0.8831787109375 -0.4071044921875
0.0605621337890625 0.026336669921875 -0.60028076171875 -0.185546875
0.0404701232910156 0.0378494262695313 -0.291259765625 -0.135498046875
0.0250339508056641 -0.00865936279296875 -0.1346435546875 -0.333892822265625
0.0385208129882813 -0.0443763732910156 -0.221923828125 -0.6519775390625
0.0120162963867187 -0.0550765991210937 -0.2950439453125 -0.9920654296875
-0.12713623046875 0.369384765625 0.57830810546875 -0.50238037109375
-0.1024169921875 0.34918212890625 0.545684814453125 -0.36865234375
-0.256591796875 0.261093139648438 0.49359130859375 -0.07818603515625
-0.340423583984375 0.13226318359375 0.39715576171875 0.313751220703125
-0.36444091796875 -0.0281982421875 0.03045654296875 0.513214111328125
-0.4041748046875 -0.112823486328125 -0.407806396484375 0.47515869140625
-0.3973388671875 -0.148681640625 -0.7762451171875 0.156005859375
-0.30621337890625 -0.219512939453125 -0.96563720703125 -0.2093505859375
-0.3126220703125 -0.192108154296875 -1.053955078125 -0.3822021484375
-0.284515380859375 -0.15667724609375 -0.87603759765625 -0.390380859375
-0.254425048828125 -0.0653839111328124 -0.5947265625 -0.1934814453125
-0.246810913085938 0.082275390625 -0.285797119140625 -0.13616943359375
-0.24835205078125 0.0899200439453125 -0.146636962890625 -0.341217041015625
-0.157440185546875 0.184738159179688 -0.2120361328125 -0.6302490234375
-0.0814056396484375 0.243560791015625 -0.28533935546875 -0.96966552734375
-0.1995849609375 0.68902587890625 0.58367919921875 -0.3221435546875
-0.216552734375 0.64678955078125 0.56011962890625 -0.204833984375
-0.481414794921875 0.486968994140625 0.53594970703125 -0.043060302734375
-0.6328125 0.25555419921875 0.4459228515625 0.331207275390625
-0.6971435546875 -0.0247192382812499 0.1502685546875 0.493194580078125
-0.79376220703125 -0.17938232421875 -0.245208740234375 0.4813232421875
-0.76220703125 -0.25372314453125 -0.58245849609375 0.2061767578125
-0.61517333984375 -0.38092041015625 -0.75213623046875 -0.115478515625
-0.65277099609375 -0.36041259765625 -0.89581298828125 -0.31829833984375
-0.62310791015625 -0.27716064453125 -0.79827880859375 -0.36334228515625
-0.576904296875 -0.12847900390625 -0.575927734375 -0.21728515625
-0.529632568359375 0.155792236328125 -0.311279296875 -0.15386962890625
-0.506683349609375 0.211334228515625 -0.2095947265625 -0.35101318359375
-0.328460693359375 0.417144775390625 -0.24932861328125 -0.56414794921875
-0.162139892578125 0.5198974609375 -0.32421875 -0.84796142578125
-0.2554931640625 0.89068603515625 0.5792236328125 -0.0560913085937499
-0.3074951171875 0.83148193359375 0.556427001953125 0.0204772949218751
-0.6429443359375 0.61859130859375 0.5595703125 0.026458740234375
-0.83612060546875 0.3221435546875 0.491363525390625 0.34271240234375
-0.9256591796875 -0.0297241210937498 0.3126220703125 0.45196533203125
-1.0665283203125 -0.22674560546875 0.0139770507812499 0.466156005859375
-1.0042724609375 -0.31854248046875 -0.263595581054688 0.26123046875
-0.83697509765625 -0.48187255859375 -0.424041748046875 -0.00271606445312507
-0.91534423828125 -0.4620361328125 -0.623291015625 -0.2353515625
-0.9100341796875 -0.33306884765625 -0.62890625 -0.3414306640625
-0.861083984375 -0.12518310546875 -0.522918701171875 -0.264434814453125
-0.7596435546875 0.27020263671875 -0.353485107421875 -0.177154541015625
-0.70233154296875 0.3577880859375 -0.313079833984375 -0.3328857421875
-0.43328857421875 0.63134765625 -0.322235107421875 -0.4273681640625
-0.2081298828125 0.73651123046875 -0.3997802734375 -0.63134765625
-0.28338623046875 0.9423828125 0.557952880859375 0.246551513671875
-0.35162353515625 0.86492919921875 0.52178955078125 0.264556884765625
-0.7039794921875 0.61444091796875 0.540740966796875 0.11932373046875
-0.89678955078125 0.30511474609375 0.502777099609375 0.3458251953125
-0.98974609375 -0.0608520507812502 0.4676513671875 0.399658203125
-1.1546630859375 -0.26220703125 0.31146240234375 0.436737060546875
-1.0894775390625 -0.34527587890625 0.12615966796875 0.305145263671875
-0.93060302734375 -0.5064697265625 -0.0269165039062501 0.103912353515625
-1.04547119140625 -0.48486328125 -0.25958251953125 -0.169815063476563
-1.06390380859375 -0.32220458984375 -0.369903564453125 -0.352935791015625
-1.01617431640625 -0.0807495117187499 -0.423248291015625 -0.342742919921875
-0.8692626953125 0.37164306640625 -0.389068603515625 -0.203582763671875
-0.78472900390625 0.4779052734375 -0.421142578125 -0.267913818359375
-0.45599365234375 0.77069091796875 -0.398712158203125 -0.223876953125
-0.22015380859375 0.84954833984375 -0.485809326171875 -0.345794677734375
-0.278076171875 0.839111328125 0.516204833984375 0.533843994140625
-0.34283447265625 0.75079345703125 0.44976806640625 0.4798583984375
-0.6500244140625 0.49139404296875 0.466949462890625 0.20947265625
-0.79766845703125 0.21429443359375 0.467926025390625 0.33599853515625
-0.870361328125 -0.10540771484375 0.571044921875 0.35302734375
-1.0438232421875 -0.26983642578125 0.58282470703125 0.408203125
-0.99615478515625 -0.330810546875 0.514434814453125 0.344268798828125
-0.88128662109375 -0.46038818359375 0.3773193359375 0.189971923828125
-1.005859375 -0.43475341796875 0.130836486816406 -0.127967834472656
-1.027099609375 -0.267578125 -0.0721130371093751 -0.39013671875
-0.9791259765625 -0.0315551757812501 -0.2945556640625 -0.434906005859375
-0.81866455078125 0.3975830078125 -0.404937744140625 -0.226806640625
-0.7254638671875 0.503662109375 -0.501007080078125 -0.17083740234375
-0.40087890625 0.77410888671875 -0.454681396484375 0.0126953125000001
-0.21044921875 0.82666015625 -0.562744140625 -0.0312499999999999
-0.23614501953125 0.61322021484375 0.464599609375 0.76617431640625
-0.273223876953125 0.541290283203125 0.35498046875 0.6258544921875
-0.49029541015625 0.305694580078125 0.360076904296875 0.267730712890625
-0.575927734375 0.10504150390625 0.40032958984375 0.3131103515625
-0.61883544921875 -0.12420654296875 0.61334228515625 0.31866455078125
-0.77923583984375 -0.23699951171875 0.77862548828125 0.39324951171875
-0.75653076171875 -0.26287841796875 0.83807373046875 0.37994384765625
-0.69586181640625 -0.34832763671875 0.72760009765625 0.248779296875
-0.80218505859375 -0.32647705078125 0.477783203125 -0.112701416015625
-0.80657958984375 -0.18963623046875 0.196929931640625 -0.43548583984375
-0.7603759765625 -0.010498046875 -0.16815185546875 -0.51519775390625
-0.6280517578125 0.322998046875 -0.400238037109375 -0.24835205078125
-0.552215576171875 0.41400146484375 -0.543243408203125 -0.0708923339843751
-0.2872314453125 0.63214111328125 -0.49090576171875 0.23468017578125
-0.1767578125 0.66253662109375 -0.6219482421875 0.2581787109375
-0.15191650390625 0.3109130859375 0.41510009765625 0.91546630859375
-0.1475830078125 0.29705810546875 0.27032470703125 0.69244384765625
-0.256515502929688 0.135147094726563 0.2601318359375 0.290802001953125
-0.295928955078125 0.0404052734375 0.34295654296875 0.27764892578125
-0.3179931640625 -0.087677001953125 0.6138916015625 0.2933349609375
-0.438323974609375 -0.14739990234375 0.89007568359375 0.3836669921875
-0.422821044921875 -0.14776611328125 1.053955078125 0.4000244140625
-0.405975341796875 -0.1866455078125 0.97216796875 0.26910400390625
-0.473052978515625 -0.178985595703125 0.72296142578125 -0.123046875
-0.459503173828125 -0.1036376953125 0.38134765625 -0.474365234375
-0.4256591796875 -0.00790405273437507 -0.0827636718750001 -0.565185546875
-0.352569580078125 0.1815185546875 -0.393890380859375 -0.261627197265625
-0.302703857421875 0.2366943359375 -0.5567626953125 0.0062255859375001
-0.13970947265625 0.36553955078125 -0.513214111328125 0.391265869140625
-0.130523681640625 0.384918212890625 -0.6666259765625 0.47015380859375
-0.0536994934082031 -0.01287841796875 0.5682373046875 -0.58154296875
0.0205020904541016 -0.00429153442382813 0.52435302734375 -0.453216552734375
-0.00234127044677734 -0.0100574493408203 0.456268310546875 -0.0814208984375
-0.0117044448852539 -0.0101356506347656 0.382293701171875 0.287841796875
0.00562095642089844 -0.0333881378173828 -0.015411376953125 0.514404296875
0.0330543518066406 -0.0389251708984375 -0.451171875 0.461578369140625
0.0219306945800781 -0.0302715301513672 -0.83013916015625 0.12518310546875
0.0475044250488281 -0.0283775329589844 -1.04705810546875 -0.24578857421875
0.0568428039550781 0.00709915161132813 -1.1124267578125 -0.396484375
0.0605583190917969 -0.00847244262695312 -0.90252685546875 -0.39324951171875
0.061553955078125 0.0256195068359375 -0.61114501953125 -0.1749267578125
0.0429420471191406 0.0368423461914063 -0.294830322265625 -0.130340576171875
0.0246543884277344 -0.00880241394042969 -0.14202880859375 -0.3345947265625
0.0369110107421875 -0.0452117919921875 -0.2369384765625 -0.65350341796875
0.0106430053710937 -0.0560417175292969 -0.3192138671875 -0.99505615234375
-0.120330810546875 0.37701416015625 0.5703125 -0.52264404296875
-0.0941162109375 0.35467529296875 0.5401611328125 -0.384979248046875
-0.253173828125 0.26934814453125 0.49456787109375 -0.091339111328125
-0.34136962890625 0.141845703125 0.407379150390625 0.306732177734375
-0.371185302734375 -0.0208129882812501 0.0417480468749999 0.515167236328125
-0.41119384765625 -0.10443115234375 -0.40240478515625 0.4876708984375
-0.405670166015625 -0.1412353515625 -0.78350830078125 0.17340087890625
-0.314453125 -0.214996337890625 -0.98114013671875 -0.1868896484375
-0.32025146484375 -0.18701171875 -1.07635498046875 -0.3619384765625
-0.29119873046875 -0.15093994140625 -0.89508056640625 -0.37579345703125
-0.2586669921875 -0.0602874755859375 -0.60650634765625 -0.18145751953125
-0.246185302734375 0.0887603759765625 -0.28924560546875 -0.131195068359375
-0.248504638671875 0.09735107421875 -0.1539306640625 -0.341339111328125
-0.155746459960937 0.1905517578125 -0.226806640625 -0.6319580078125
-0.0766448974609375 0.247604370117188 -0.308837890625 -0.97259521484375
-0.1846923828125 0.70001220703125 0.5816650390625 -0.3380126953125
-0.20263671875 0.658203125 0.5604248046875 -0.21966552734375
-0.476470947265625 0.50250244140625 0.53814697265625 -0.05865478515625
-0.63507080078125 0.27276611328125 0.455963134765625 0.3232421875
-0.7056884765625 -0.00994873046874997 0.162811279296875 0.49395751953125
-0.80572509765625 -0.16265869140625 -0.2371826171875 0.490631103515625
-0.7747802734375 -0.23797607421875 -0.58404541015625 0.2222900390625
-0.63116455078125 -0.370849609375 -0.7637939453125 -0.100341796875
-0.6689453125 -0.35052490234375 -0.912353515625 -0.300537109375
-0.6357421875 -0.26507568359375 -0.8157958984375 -0.3486328125
-0.58721923828125 -0.1148681640625 -0.58636474609375 -0.2064208984375
-0.530914306640625 0.168060302734375 -0.3150634765625 -0.14825439453125
-0.506134033203125 0.2266845703125 -0.217926025390625 -0.34918212890625
-0.32281494140625 0.42816162109375 -0.26214599609375 -0.56475830078125
-0.15191650390625 0.5281982421875 -0.34503173828125 -0.85211181640625
-0.236572265625 0.90704345703125 0.58380126953125 -0.0689697265624999
-0.28955078125 0.845458984375 0.561676025390625 0.00802612304687505
-0.63690185546875 0.638916015625 0.56182861328125 0.01300048828125
-0.839111328125 0.34698486328125 0.504150390625 0.333404541015625
-0.93865966796875 -0.00982666015624981 0.32659912109375 0.44830322265625
-1.0836181640625 -0.20458984375 0.02569580078125 0.470306396484375
-1.02508544921875 -0.30108642578125 -0.259857177734375 0.26959228515625
-0.85693359375 -0.46807861328125 -0.429107666015625 0.00729370117187489
-0.93603515625 -0.446533203125 -0.6353759765625 -0.22479248046875
-0.92730712890625 -0.31524658203125 -0.64459228515625 -0.33160400390625
-0.8743896484375 -0.106689453125 -0.534576416015625 -0.25604248046875
-0.7611083984375 0.290771484375 -0.358612060546875 -0.171661376953125
-0.70196533203125 0.37872314453125 -0.322265625 -0.32806396484375
-0.42486572265625 0.647216796875 -0.334259033203125 -0.42462158203125
-0.19366455078125 0.74749755859375 -0.4189453125 -0.62994384765625
-0.2630615234375 0.95867919921875 0.568115234375 0.23583984375
-0.3331298828125 0.88214111328125 0.53173828125 0.2578125
-0.69769287109375 0.63885498046875 0.5439453125 0.107421875
-0.89971923828125 0.33001708984375 0.5159912109375 0.337921142578125
-1.00286865234375 -0.0393066406249999 0.48187255859375 0.392852783203125
-1.174072265625 -0.236083984375 0.3265380859375 0.434234619140625
-1.10968017578125 -0.32489013671875 0.13525390625 0.30657958984375
-0.9527587890625 -0.49200439453125 -0.024322509765625 0.105682373046875
-1.0692138671875 -0.4666748046875 -0.26702880859375 -0.164627075195313
-1.08294677734375 -0.3006591796875 -0.38311767578125 -0.34869384765625
-1.029541015625 -0.0560302734374998 -0.4365234375 -0.335784912109375
-0.87139892578125 0.3970947265625 -0.395843505859375 -0.195587158203125
-0.7825927734375 0.5015869140625 -0.430999755859375 -0.2607421875
-0.44512939453125 0.78778076171875 -0.406158447265625 -0.217437744140625
-0.2020263671875 0.86456298828125 -0.500335693359375 -0.339996337890625
-0.26141357421875 0.85504150390625 0.532012939453125 0.527923583984375
-0.3272705078125 0.7652587890625 0.463470458984375 0.473663330078125
-0.64788818359375 0.5108642578125 0.473175048828125 0.199310302734375
-0.80181884765625 0.234375 0.4796142578125 0.329193115234375
-0.88262939453125 -0.0862426757812501 0.58648681640625 0.34307861328125
-1.06195068359375 -0.24884033203125 0.598876953125 0.40069580078125
-1.0150146484375 -0.30841064453125 0.529266357421875 0.337066650390625
-0.9019775390625 -0.4468994140625 0.3865966796875 0.18341064453125
-1.02630615234375 -0.41632080078125 0.129470825195312 -0.131759643554688
-1.0447998046875 -0.2470703125 -0.0830688476562501 -0.3929443359375
-0.9915771484375 -0.00885009765625018 -0.307098388671875 -0.43109130859375
-0.81854248046875 0.42047119140625 -0.412017822265625 -0.220062255859375
-0.72283935546875 0.52752685546875 -0.50970458984375 -0.16058349609375
-0.3887939453125 0.7935791015625 -0.45867919921875 0.02362060546875
-0.19073486328125 0.8388671875 -0.56707763671875 -0.01995849609375
-0.22332763671875 0.625732421875 0.48565673828125 0.763427734375
-0.263458251953125 0.550750732421875 0.3704833984375 0.62274169921875
-0.4876708984375 0.319610595703125 0.367095947265625 0.2615966796875
-0.5782470703125 0.12017822265625 0.41168212890625 0.305450439453125
-0.6304931640625 -0.1112060546875 0.628173828125 0.30804443359375
-0.7923583984375 -0.2205810546875 0.79754638671875 0.3795166015625
-0.7706298828125 -0.24755859375 0.8560791015625 0.36663818359375
-0.710693359375 -0.338134765625 0.74139404296875 0.236328125
-0.8182373046875 -0.314697265625 0.48187255859375 -0.1239013671875
-0.820556640625 -0.17352294921875 0.188568115234375 -0.4449462890625
-0.7691650390625 0.00720214843750013 -0.179931640625 -0.51544189453125
-0.62811279296875 0.34295654296875 -0.407135009765625 -0.241058349609375
-0.549224853515625 0.433929443359375 -0.550048828125 -0.057769775390625
-0.2779541015625 0.64312744140625 -0.489166259765625 0.247772216796875
-0.163330078125 0.6728515625 -0.6202392578125 0.2738037109375
-0.146331787109375 0.318389892578125 0.4398193359375 0.913818359375
-0.141387939453125 0.3016357421875 0.28778076171875 0.69403076171875
-0.256423950195312 0.141891479492188 0.2662353515625 0.288421630859375
-0.297760009765625 0.048583984375 0.35076904296875 0.273223876953125
-0.324310302734375 -0.081207275390625 0.62847900390625 0.28173828125
-0.4459228515625 -0.138031005859375 0.91015625 0.3685302734375
-0.431121826171875 -0.13818359375 1.078857421875 0.38116455078125
-0.4140625 -0.17877197265625 0.98870849609375 0.250244140625
-0.482177734375 -0.169830322265625 0.729248046875 -0.13916015625
-0.467376708984375 -0.0912780761718751 0.372894287109375 -0.486846923828125
-0.430084228515625 0.00262451171874992 -0.0950927734375001 -0.5677490234375
-0.352569580078125 0.19219970703125 -0.402862548828125 -0.25653076171875
-0.301116943359375 0.247039794921875 -0.56207275390625 0.01959228515625
-0.13397216796875 0.37261962890625 -0.5096435546875 0.407501220703125
-0.122528076171875 0.39178466796875 -0.66143798828125 0.48907470703125
-0.055267333984375 -0.0111007690429688 0.5574951171875 -0.60101318359375
0.0209827423095703 -0.00554084777832031 0.517059326171875 -0.47015380859375
-0.00243854522705078 -0.0108366012573242 0.457305908203125 -0.09429931640625
-0.0118684768676758 -0.0096139907836914 0.390777587890625 0.27838134765625
0.00397300720214843 -0.0330448150634766 -0.00485229492187496 0.517333984375
0.0332565307617188 -0.0395240783691406 -0.444915771484375 0.475372314453125
0.0217170715332031 -0.0300712585449219 -0.83599853515625 0.14398193359375
0.0475234985351563 -0.0291404724121094 -1.06365966796875 -0.222900390625
0.0576934814453125 0.00626754760742188 -1.1317138671875 -0.37255859375
0.0607681274414063 -0.00978469848632813 -0.92071533203125 -0.3746337890625
0.0623245239257812 0.0240592956542969 -0.62078857421875 -0.16217041015625
0.04486083984375 0.0360183715820313 -0.298309326171875 -0.124603271484375
0.0243968963623047 -0.00878143310546875 -0.148773193359375 -0.333587646484375
0.0358009338378906 -0.0457801818847656 -0.25189208984375 -0.65264892578125
0.0092315673828125 -0.0568428039550781 -0.3470458984375 -0.9981689453125
-0.112152099609375 0.383941650390625 0.56182861328125 -0.539154052734375
-0.08587646484375 0.3590087890625 0.536285400390625 -0.40130615234375
-0.249252319335937 0.277664184570313 0.496002197265625 -0.105224609375
-0.34149169921875 0.1512451171875 0.41827392578125 0.297760009765625
-0.375579833984375 -0.011627197265625 0.053253173828125 0.517181396484375
-0.41668701171875 -0.094635009765625 -0.394287109375 0.500396728515625
-0.411651611328125 -0.13372802734375 -0.78643798828125 0.19244384765625
-0.322540283203125 -0.209197998046875 -0.99627685546875 -0.1656494140625
-0.327789306640625 -0.180633544921875 -1.093505859375 -0.3377685546875
-0.296966552734375 -0.14593505859375 -0.9136962890625 -0.3577880859375
-0.26324462890625 -0.0548248291015625 -0.614501953125 -0.16864013671875
-0.24505615234375 0.09527587890625 -0.29254150390625 -0.125640869140625
-0.247573852539063 0.104232788085938 -0.161041259765625 -0.340057373046875
-0.152206420898438 0.196563720703125 -0.24285888671875 -0.63275146484375
-0.0711669921875 0.25091552734375 -0.3349609375 -0.97467041015625
-0.16912841796875 0.7105712890625 0.5770263671875 -0.35479736328125
-0.1865234375 0.66864013671875 0.556640625 -0.235992431640625
-0.468536376953125 0.5191650390625 0.53875732421875 -0.072662353515625
-0.63433837890625 0.29022216796875 0.467742919921875 0.314605712890625
-0.715087890625 0.00653076171874984 0.175201416015625 0.491912841796875
-0.81719970703125 -0.144775390625 -0.227081298828125 0.498779296875
-0.78875732421875 -0.220458984375 -0.583984375 0.23663330078125
-0.64501953125 -0.359619140625 -0.7728271484375 -0.0822753906249999
-0.683349609375 -0.3377685546875 -0.9281005859375 -0.281005859375
-0.64642333984375 -0.25274658203125 -0.83416748046875 -0.33197021484375
-0.59405517578125 -0.10272216796875 -0.59735107421875 -0.19439697265625
-0.530059814453125 0.182281494140625 -0.318817138671875 -0.1424560546875
-0.50408935546875 0.242645263671875 -0.225799560546875 -0.347381591796875
-0.31536865234375 0.440887451171875 -0.27728271484375 -0.5631103515625
-0.1400146484375 0.53582763671875 -0.36865234375 -0.84954833984375
-0.2154541015625 0.91925048828125 0.58477783203125 -0.0834960937499999
-0.26947021484375 0.8602294921875 0.56536865234375 -0.00561523437499995
-0.62799072265625 0.6607666015625 0.56512451171875 -0.00231933593749996
-0.83856201171875 0.3717041015625 0.5155029296875 0.3250732421875
-0.9483642578125 0.0117187500000001 0.339691162109375 0.44232177734375
-1.09637451171875 -0.1790771484375 0.03729248046875 0.4732666015625
-1.04022216796875 -0.278564453125 -0.255340576171875 0.278594970703125
-0.87481689453125 -0.4515380859375 -0.431976318359375 0.0174560546875
-0.9561767578125 -0.4268798828125 -0.6466064453125 -0.21002197265625
-0.94256591796875 -0.29638671875 -0.6585693359375 -0.31988525390625
-0.88330078125 -0.0863647460937501 -0.54437255859375 -0.244384765625
-0.7591552734375 0.3131103515625 -0.362579345703125 -0.165618896484375
-0.698486328125 0.40081787109375 -0.331085205078125 -0.3221435546875
-0.41265869140625 0.66259765625 -0.3447265625 -0.420623779296875
-0.17626953125 0.75775146484375 -0.43548583984375 -0.62738037109375
-0.2406005859375 0.974609375 0.5767822265625 0.22601318359375
-0.31256103515625 0.89459228515625 0.540496826171875 0.2464599609375
-0.69085693359375 0.6605224609375 0.54736328125 0.0948486328125
-0.9010009765625 0.35552978515625 0.52783203125 0.329742431640625
-1.0142822265625 -0.0159301757812502 0.495697021484375 0.381622314453125
-1.188232421875 -0.2083740234375 0.341705322265625 0.4283447265625
-1.1246337890625 -0.30279541015625 0.14501953125 0.30596923828125
-0.9715576171875 -0.47442626953125 -0.0220565795898438 0.107795715332031
-1.0885009765625 -0.4454345703125 -0.27301025390625 -0.15899658203125
-1.09954833984375 -0.2779541015625 -0.3955078125 -0.341796875
-1.04022216796875 -0.0315551757812499 -0.447845458984375 -0.32861328125
-0.86871337890625 0.421142578125 -0.401123046875 -0.188873291015625
-0.776611328125 0.52764892578125 -0.43865966796875 -0.2510986328125
-0.43145751953125 0.8057861328125 -0.41259765625 -0.208953857421875
-0.182373046875 0.87518310546875 -0.509613037109375 -0.33233642578125
-0.24005126953125 0.868408203125 0.5487060546875 0.520782470703125
-0.30950927734375 0.779052734375 0.47808837890625 0.4676513671875
-0.64019775390625 0.5291748046875 0.478057861328125 0.188934326171875
-0.8026123046875 0.25616455078125 0.490966796875 0.32000732421875
-0.89324951171875 -0.0659790039062501 0.59954833984375 0.33026123046875
-1.07562255859375 -0.22314453125 0.61749267578125 0.38726806640625
-1.0322265625 -0.28759765625 0.542694091796875 0.3284912109375
-0.91912841796875 -0.43011474609375 0.394500732421875 0.176666259765625
-1.04766845703125 -0.39697265625 0.127799987792969 -0.135185241699219
-1.0601806640625 -0.2247314453125 -0.09307861328125 -0.392120361328125
-1.0001220703125 0.01641845703125 -0.321014404296875 -0.427337646484375
-0.8143310546875 0.44500732421875 -0.417816162109375 -0.2109375
-0.71728515625 0.55133056640625 -0.51641845703125 -0.146453857421875
-0.37322998046875 0.80810546875 -0.460235595703125 0.033966064453125
-0.1734619140625 0.8516845703125 -0.57073974609375 -0.00805664062500007
-0.2099609375 0.63555908203125 0.50555419921875 0.758544921875
-0.250091552734375 0.56109619140625 0.38836669921875 0.62017822265625
-0.483673095703125 0.3331298828125 0.372314453125 0.253662109375
-0.58026123046875 0.13494873046875 0.421478271484375 0.299774169921875
-0.637939453125 -0.09649658203125 0.64080810546875 0.29461669921875
-0.80450439453125 -0.20391845703125 0.8160400390625 0.3641357421875
-0.78314208984375 -0.23046875 0.8746337890625 0.3470458984375
-0.725830078125 -0.32342529296875 0.75421142578125 0.22039794921875
-0.83465576171875 -0.29736328125 0.48272705078125 -0.1356201171875
-0.8323974609375 -0.15594482421875 0.178680419921875 -0.45037841796875
-0.7772216796875 0.0264282226562498 -0.193328857421875 -0.513397216796875
-0.62469482421875 0.36151123046875 -0.415557861328125 -0.232391357421875
-0.545562744140625 0.45172119140625 -0.554779052734375 -0.04412841796875
-0.26483154296875 0.65576171875 -0.486175537109375 0.261993408203125
-0.1483154296875 0.68255615234375 -0.617919921875 0.28912353515625
-0.14013671875 0.3231201171875 0.464111328125 0.9111328125
-0.13555908203125 0.30657958984375 0.305419921875 0.69073486328125
-0.255050659179688 0.147872924804688 0.2720947265625 0.284149169921875
-0.298858642578125 0.055816650390625 0.359588623046875 0.26788330078125
-0.329315185546875 -0.073516845703125 0.640869140625 0.2679443359375
-0.453521728515625 -0.128631591796875 0.92962646484375 0.3497314453125
-0.437591552734375 -0.128936767578125 1.09716796875 0.35791015625
-0.420806884765625 -0.170562744140625 1.00518798828125 0.23016357421875
-0.49176025390625 -0.16046142578125 0.73406982421875 -0.15789794921875
-0.4736328125 -0.0812683105468751 0.365997314453125 -0.497833251953125
-0.43328857421875 0.0135803222656251 -0.10809326171875 -0.5692138671875
-0.350830078125 0.203094482421875 -0.409912109375 -0.2470703125
-0.2978515625 0.25653076171875 -0.5655517578125 0.0345458984375
-0.1270751953125 0.37811279296875 -0.5020751953125 0.4222412109375
-0.11395263671875 0.39892578125 -0.65191650390625 0.5098876953125
-0.0561485290527344 -0.00975418090820311 0.544189453125 -0.61798095703125
0.0212230682373047 -0.00648880004882813 0.50738525390625 -0.48675537109375
-0.00247001647949219 -0.0109519958496094 0.45635986328125 -0.107025146484375
-0.0127782821655273 -0.00953578948974609 0.39959716796875 0.26849365234375
0.00249671936035156 -0.0333709716796875 0.00720214843749998 0.52020263671875
0.0330352783203125 -0.0402946472167969 -0.43695068359375 0.489105224609375
0.0213508605957031 -0.0303573608398438 -0.83807373046875 0.1644287109375
0.0475006103515625 -0.0303192138671875 -1.07708740234375 -0.1961669921875
0.0590133666992188 0.00494003295898438 -1.1480712890625 -0.345703125
0.0611610412597656 -0.0113677978515625 -0.9364013671875 -0.355224609375
0.0633468627929688 0.0224685668945313 -0.62738037109375 -0.14666748046875
0.0467987060546875 0.0346755981445313 -0.300384521484375 -0.11767578125
0.0243873596191406 -0.00891304016113281 -0.1558837890625 -0.33172607421875
0.0336837768554688 -0.0465507507324219 -0.2672119140625 -0.650634765625
0.00739669799804688 -0.0572738647460938 -0.37274169921875 -0.99566650390625
-0.10284423828125 0.389251708984375 0.54925537109375 -0.55596923828125
-0.07635498046875 0.362579345703125 0.52764892578125 -0.418243408203125
-0.243896484375 0.285247802734375 0.49383544921875 -0.118927001953125
-0.34100341796875 0.16058349609375 0.42791748046875 0.28704833984375
-0.379241943359375 -0.001983642578125 0.06536865234375 0.51849365234375
-0.420867919921875 -0.0840759277343751 -0.38385009765625 0.512664794921875
-0.41778564453125 -0.122589111328125 -0.7877197265625 0.21331787109375
-0.328277587890625 -0.20318603515625 -1.00640869140625 -0.14068603515625
-0.3348388671875 -0.17315673828125 -1.10870361328125 -0.31329345703125
-0.302490234375 -0.138946533203125 -0.9281005859375 -0.3375244140625
-0.265274047851563 -0.0481414794921875 -0.622314453125 -0.153564453125
-0.243209838867188 0.1021728515625 -0.294921875 -0.119659423828125
-0.246353149414063 0.112930297851563 -0.16839599609375 -0.33782958984375
-0.149826049804688 0.201385498046875 -0.25738525390625 -0.62969970703125
-0.0657958984375 0.253616333007813 -0.3612060546875 -0.97344970703125
-0.15191650390625 0.72125244140625 0.5703125 -0.3714599609375
-0.16973876953125 0.67535400390625 0.553253173828125 -0.252166748046875
-0.458709716796875 0.5355224609375 0.537322998046875 -0.08843994140625
-0.6328125 0.30859375 0.476898193359375 0.303375244140625
-0.72064208984375 0.0251464843750001 0.1878662109375 0.48797607421875
-0.82525634765625 -0.12396240234375 -0.215972900390625 0.50701904296875
-0.79730224609375 -0.20306396484375 -0.58233642578125 0.2523193359375
-0.65765380859375 -0.346923828125 -0.7791748046875 -0.0631103515624999
-0.69683837890625 -0.32171630859375 -0.94097900390625 -0.2584228515625
-0.656982421875 -0.23828125 -0.84771728515625 -0.3133544921875
-0.599609375 -0.087646484375 -0.60516357421875 -0.17950439453125
-0.525848388671875 0.197418212890625 -0.321044921875 -0.1356201171875
-0.500335693359375 0.2567138671875 -0.234039306640625 -0.341705322265625
-0.307159423828125 0.449188232421875 -0.290069580078125 -0.559295654296875
-0.12701416015625 0.541473388671875 -0.389892578125 -0.8477783203125
-0.1917724609375 0.9315185546875 0.5841064453125 -0.09814453125
-0.24713134765625 0.87017822265625 0.567138671875 -0.0183105468749999
-0.6146240234375 0.6826171875 0.563720703125 -0.0177001953125
-0.83349609375 0.39385986328125 0.526123046875 0.311614990234375
-0.95751953125 0.0349731445312501 0.350860595703125 0.43511962890625
-1.10833740234375 -0.1513671875 0.049896240234375 0.473297119140625
-1.05487060546875 -0.25341796875 -0.2501220703125 0.285736083984375
-0.8922119140625 -0.43359375 -0.435333251953125 0.0282287597656249
-0.9739990234375 -0.40606689453125 -0.65655517578125 -0.1942138671875
-0.9556884765625 -0.27386474609375 -0.6710205078125 -0.30450439453125
-0.89129638671875 -0.0632324218750001 -0.554107666015625 -0.232208251953125
-0.75494384765625 0.33428955078125 -0.366943359375 -0.156585693359375
-0.6898193359375 0.4224853515625 -0.339630126953125 -0.315765380859375
-0.39990234375 0.67633056640625 -0.35699462890625 -0.41473388671875
-0.15826416015625 0.765380859375 -0.45367431640625 -0.62127685546875
-0.21575927734375 0.98590087890625 0.583740234375 0.21246337890625
-0.2901611328125 0.90643310546875 0.548492431640625 0.234771728515625
-0.67779541015625 0.68377685546875 0.54925537109375 0.080352783203125
-0.897216796875 0.38043212890625 0.537994384765625 0.31689453125
-1.0224609375 0.00921630859374987 0.5072021484375 0.369232177734375
-1.19970703125 -0.1798095703125 0.3560791015625 0.422454833984375
-1.1407470703125 -0.274169921875 0.15435791015625 0.304473876953125
-0.98687744140625 -0.45556640625 -0.0193786621093751 0.109291076660156
-1.10809326171875 -0.42138671875 -0.278579711914063 -0.15301513671875
-1.1141357421875 -0.2525634765625 -0.406494140625 -0.334014892578125
-1.0484619140625 -0.00726318359374995 -0.460479736328125 -0.318756103515625
-0.861083984375 0.44659423828125 -0.405059814453125 -0.1796875
-0.76727294921875 0.5511474609375 -0.4464111328125 -0.240325927734375
-0.41387939453125 0.82183837890625 -0.419525146484375 -0.201141357421875
-0.16156005859375 0.88330078125 -0.518768310546875 -0.322723388671875
-0.2193603515625 0.87945556640625 0.56402587890625 0.5086669921875
-0.28985595703125 0.788330078125 0.489959716796875 0.458892822265625
-0.62860107421875 0.55047607421875 0.48193359375 0.177520751953125
-0.80126953125 0.27764892578125 0.5013427734375 0.31085205078125
-0.9014892578125 -0.0440673828124999 0.61102294921875 0.31591796875
-1.08642578125 -0.19586181640625 0.631591796875 0.373291015625
-1.04376220703125 -0.26373291015625 0.555755615234375 0.317169189453125
-0.9346923828125 -0.4097900390625 0.40155029296875 0.168609619140625
-1.0655517578125 -0.37371826171875 0.125892639160156 -0.138214111328125
-1.0733642578125 -0.19927978515625 -0.103515625 -0.391357421875
-1.00714111328125 0.0402221679687501 -0.3323974609375 -0.421722412109375
-0.80743408203125 0.47003173828125 -0.42401123046875 -0.203033447265625
-0.70709228515625 0.5733642578125 -0.521270751953125 -0.13507080078125
-0.35577392578125 0.82183837890625 -0.46112060546875 0.045867919921875
-0.1505126953125 0.85919189453125 -0.57257080078125 0.00500488281250006
-0.1929931640625 0.644775390625 0.52642822265625 0.7506103515625
-0.2369384765625 0.569580078125 0.403564453125 0.6138916015625
-0.47967529296875 0.346893310546875 0.377716064453125 0.245758056640625
-0.579833984375 0.1507568359375 0.43072509765625 0.290496826171875
-0.64599609375 -0.0816040039062501 0.65155029296875 0.2779541015625
-0.8143310546875 -0.18212890625 0.8321533203125 0.346435546875
-0.7952880859375 -0.2119140625 0.88934326171875 0.32965087890625
-0.73870849609375 -0.3096923828125 0.76519775390625 0.20208740234375
-0.84735107421875 -0.27911376953125 0.4835205078125 -0.14862060546875
-0.8404541015625 -0.13568115234375 0.16815185546875 -0.456207275390625
-0.77972412109375 0.0461425781249998 -0.207672119140625 -0.5113525390625
-0.61968994140625 0.381103515625 -0.4210205078125 -0.2232666015625
-0.536895751953125 0.4688720703125 -0.5574951171875 -0.028594970703125
-0.25042724609375 0.666015625 -0.479766845703125 0.27557373046875
-0.13043212890625 0.69110107421875 -0.61346435546875 0.30572509765625
-0.131622314453125 0.329437255859375 0.48980712890625 0.90557861328125
-0.12786865234375 0.309783935546875 0.3226318359375 0.6888427734375
-0.252410888671875 0.154937744140625 0.2784423828125 0.279800415039063
-0.297882080078125 0.063629150390625 0.367401123046875 0.26025390625
-0.334075927734375 -0.0657653808593749 0.65130615234375 0.25323486328125
-0.4580078125 -0.116455078125 0.94500732421875 0.329833984375
-0.443695068359375 -0.11834716796875 1.11395263671875 0.332763671875
-0.42816162109375 -0.16162109375 1.01702880859375 0.20697021484375
-0.49798583984375 -0.14892578125 0.7352294921875 -0.17559814453125
-0.4776611328125 -0.07098388671875 0.35504150390625 -0.5078125
-0.43603515625 0.02410888671875 -0.1234130859375 -0.569091796875
-0.3472900390625 0.214141845703125 -0.416748046875 -0.237701416015625
-0.29351806640625 0.26666259765625 -0.567626953125 0.05096435546875
-0.1185302734375 0.383026123046875 -0.493408203125 0.437744140625
-0.104034423828125 0.40447998046875 -0.642578125 0.52587890625
-0.056976318359375 -0.00757217407226562 0.52862548828125 -0.632080078125
0.0212383270263672 -0.00774383544921875 0.49560546875 -0.502410888671875
-0.00258159637451172 -0.0116691589355469 0.455474853515625 -0.120819091796875
-0.0133743286132813 -0.00977039337158203 0.405914306640625 0.25714111328125
0.00102615356445313 -0.0330772399902344 0.019500732421875 0.520904541015625
0.0327911376953125 -0.0406303405761719 -0.42730712890625 0.5009765625
0.0209121704101563 -0.0303802490234375 -0.83941650390625 0.186767578125
0.046875 -0.031280517578125 -1.08636474609375 -0.16632080078125
0.0597076416015625 0.00405502319335938 -1.160888671875 -0.316650390625
0.0610694885253906 -0.0132904052734375 -0.94866943359375 -0.33197021484375
0.0638961791992188 0.0209274291992188 -0.6319580078125 -0.130615234375
0.0482978820800781 0.0331954956054688 -0.30194091796875 -0.111053466796875
0.02374267578125 -0.00922775268554688 -0.162322998046875 -0.32916259765625
0.0324249267578125 -0.0467338562011719 -0.28302001953125 -0.64556884765625
0.00579833984375 -0.0573616027832031 -0.39892578125 -0.988525390625
-0.09259033203125 0.393646240234375 0.53594970703125 -0.571533203125
-0.066192626953125 0.36572265625 0.51678466796875 -0.4334716796875
-0.23773193359375 0.292449951171875 0.490692138671875 -0.133941650390625
-0.3388671875 0.170074462890625 0.43414306640625 0.275146484375
-0.3822021484375 0.00772094726562496 0.0777587890624999 0.516815185546875
-0.424468994140625 -0.07379150390625 -0.373809814453125 0.5216064453125
-0.42236328125 -0.112945556640625 -0.78582763671875 0.23309326171875
-0.33477783203125 -0.19549560546875 -1.01513671875 -0.114990234375
-0.34051513671875 -0.165863037109375 -1.12030029296875 -0.28350830078125
-0.307281494140625 -0.131866455078125 -0.9420166015625 -0.3153076171875
-0.267120361328125 -0.041534423828125 -0.627685546875 -0.13873291015625
-0.2403564453125 0.107879638671875 -0.295562744140625 -0.113128662109375
-0.24395751953125 0.119461059570312 -0.175201416015625 -0.334686279296875
-0.1455078125 0.206100463867188 -0.2725830078125 -0.62567138671875
-0.0597686767578125 0.256195068359375 -0.38690185546875 -0.9656982421875
-0.13311767578125 0.72735595703125 0.560577392578125 -0.38629150390625
-0.15289306640625 0.6817626953125 0.54901123046875 -0.266693115234375
-0.4471435546875 0.549346923828125 0.532379150390625 -0.1026611328125
-0.626708984375 0.32623291015625 0.485382080078125 0.290130615234375
-0.7244873046875 0.04315185546875 0.200439453125 0.483489990234375
-0.831787109375 -0.10186767578125 -0.20306396484375 0.513824462890625
-0.80572509765625 -0.18426513671875 -0.57830810546875 0.26806640625
-0.66937255859375 -0.3326416015625 -0.78485107421875 -0.0420532226562501
-0.70880126953125 -0.30615234375 -0.95098876953125 -0.234375
-0.66473388671875 -0.22222900390625 -0.8603515625 -0.292236328125
-0.6033935546875 -0.0715332031249999 -0.6121826171875 -0.164794921875
-0.521759033203125 0.2119140625 -0.323486328125 -0.128631591796875
-0.495269775390625 0.270599365234375 -0.24090576171875 -0.337799072265625
-0.297210693359375 0.459381103515625 -0.3038330078125 -0.553863525390625
-0.11444091796875 0.54534912109375 -0.4136962890625 -0.84149169921875
-0.1683349609375 0.94000244140625 0.582763671875 -0.11297607421875
-0.2242431640625 0.8779296875 0.567138671875 -0.0332031249999999
-0.599853515625 0.7003173828125 0.561279296875 -0.030914306640625
-0.82952880859375 0.4163818359375 0.535125732421875 0.29888916015625
-0.9603271484375 0.0609130859374999 0.361114501953125 0.425079345703125
-1.11407470703125 -0.1239013671875 0.0632629394531249 0.472625732421875
-1.0638427734375 -0.22784423828125 -0.242919921875 0.29327392578125
-0.90576171875 -0.41278076171875 -0.435638427734375 0.039276123046875
-0.98944091796875 -0.3829345703125 -0.6644287109375 -0.17852783203125
-0.96539306640625 -0.24798583984375 -0.682373046875 -0.2884521484375
-0.89654541015625 -0.0390625000000002 -0.5615234375 -0.217681884765625
-0.7470703125 0.35333251953125 -0.3687744140625 -0.14910888671875
-0.6815185546875 0.4420166015625 -0.346038818359375 -0.307220458984375
-0.38385009765625 0.689453125 -0.367523193359375 -0.407196044921875
-0.138427734375 0.7708740234375 -0.47039794921875 -0.61297607421875
-0.190673828125 0.994384765625 0.58905029296875 0.19940185546875
-0.26544189453125 0.91424560546875 0.554779052734375 0.221160888671875
-0.66229248046875 0.70458984375 0.54931640625 0.0656433105468751
-0.89178466796875 0.405517578125 0.546234130859375 0.303924560546875
-1.025634765625 0.0341796875000002 0.51654052734375 0.357635498046875
-1.207763671875 -0.1485595703125 0.368804931640625 0.41253662109375
-1.151123046875 -0.2474365234375 0.162994384765625 0.301177978515625
-1.0042724609375 -0.43267822265625 -0.0163269042968751 0.110221862792969
-1.1256103515625 -0.394287109375 -0.282684326171875 -0.1448974609375
-1.12286376953125 -0.22650146484375 -0.41802978515625 -0.3223876953125
-1.0509033203125 0.0225219726562501 -0.467254638671875 -0.30670166015625
-0.85125732421875 0.472412109375 -0.4091796875 -0.170440673828125
-0.75341796875 0.5732421875 -0.450897216796875 -0.228607177734375
-0.3941650390625 0.83331298828125 -0.424530029296875 -0.190582275390625
-0.1396484375 0.8892822265625 -0.528778076171875 -0.31231689453125
-0.19696044921875 0.8883056640625 0.577392578125 0.4967041015625
-0.26904296875 0.796875 0.50140380859375 0.447296142578125
-0.6201171875 0.56793212890625 0.48358154296875 0.165435791015625
-0.7952880859375 0.2998046875 0.50909423828125 0.29901123046875
-0.90655517578125 -0.0227050781250001 0.62005615234375 0.29913330078125
-1.09417724609375 -0.16845703125 0.64556884765625 0.35772705078125
-1.05303955078125 -0.2373046875 0.56719970703125 0.3038330078125
-0.9471435546875 -0.38812255859375 0.40826416015625 0.15948486328125
-1.079345703125 -0.34820556640625 0.12298583984375 -0.141525268554688
-1.08099365234375 -0.17236328125 -0.11492919921875 -0.388702392578125
-1.00933837890625 0.0662841796874999 -0.344085693359375 -0.41424560546875
-0.79705810546875 0.49237060546875 -0.427703857421875 -0.19281005859375
-0.69549560546875 0.59417724609375 -0.52508544921875 -0.12017822265625
-0.33807373046875 0.83349609375 -0.459503173828125 0.0570068359375001
-0.1300048828125 0.86639404296875 -0.57379150390625 0.0178222656250001
-0.177490234375 0.65264892578125 0.544677734375 0.73834228515625
-0.221923828125 0.57489013671875 0.418701171875 0.60650634765625
-0.472198486328125 0.360198974609375 0.3818359375 0.2366943359375
-0.57879638671875 0.166748046875 0.438873291015625 0.280517578125
-0.64898681640625 -0.0647583007812499 0.6607666015625 0.26141357421875
-0.82110595703125 -0.16265869140625 0.84588623046875 0.32470703125
-0.8021240234375 -0.1917724609375 0.90252685546875 0.31005859375
-0.7467041015625 -0.29217529296875 0.77362060546875 0.18414306640625
-0.8582763671875 -0.2606201171875 0.48297119140625 -0.159149169921875
-0.84759521484375 -0.11431884765625 0.156494140625 -0.460113525390625
-0.78125 0.0662841796875001 -0.220245361328125 -0.506256103515625
-0.61175537109375 0.39898681640625 -0.425750732421875 -0.2135009765625
-0.526123046875 0.48529052734375 -0.559326171875 -0.0133666992187499
-0.2344970703125 0.67376708984375 -0.47393798828125 0.287811279296875
-0.11358642578125 0.69659423828125 -0.60540771484375 0.32049560546875
-0.12371826171875 0.33380126953125 0.50946044921875 0.89434814453125
-0.119720458984375 0.31280517578125 0.3406982421875 0.682373046875
-0.249542236328125 0.161041259765625 0.283172607421875 0.272674560546875
-0.296844482421875 0.071075439453125 0.3740234375 0.25189208984375
-0.337371826171875 -0.0579528808593749 0.6593017578125 0.23712158203125
-0.462982177734375 -0.103668212890625 0.95782470703125 0.30572509765625
-0.448150634765625 -0.106689453125 1.1285400390625 0.3057861328125
-0.4332275390625 -0.15179443359375 1.02593994140625 0.1829833984375
-0.50494384765625 -0.13677978515625 0.7342529296875 -0.194580078125
-0.481170654296875 -0.05865478515625 0.34271240234375 -0.516937255859375
-0.43603515625 0.0353088378906251 -0.13653564453125 -0.56524658203125
-0.342193603515625 0.224273681640625 -0.42242431640625 -0.226470947265625
-0.287353515625 0.275604248046875 -0.5660400390625 0.0672607421875
-0.11126708984375 0.38739013671875 -0.482635498046875 0.45074462890625
-0.093505859375 0.40966796875 -0.6287841796875 0.543212890625
-0.0572280883789063 -0.00562286376953124 0.51129150390625 -0.64630126953125
0.0209903717041016 -0.00912094116210938 0.481231689453125 -0.515899658203125
-0.00311660766601562 -0.0122642517089844 0.451171875 -0.13323974609375
-0.0142574310302734 -0.00908184051513672 0.411773681640625 0.246978759765625
-0.000494003295898438 -0.0325126647949219 0.031402587890625 0.52197265625
0.0324440002441406 -0.04095458984375 -0.415435791015625 0.511871337890625
0.0205707550048828 -0.0304355621337891 -0.83734130859375 0.20574951171875
0.0464324951171875 -0.031982421875 -1.09185791015625 -0.14141845703125
0.0600738525390625 0.00253677368164063 -1.171630859375 -0.2867431640625
0.0608482360839844 -0.014495849609375 -0.96026611328125 -0.307861328125
0.0639991760253906 0.01922607421875 -0.63482666015625 -0.11474609375
0.0500297546386719 0.0315170288085938 -0.302398681640625 -0.104766845703125
0.0236492156982422 -0.009033203125 -0.168914794921875 -0.325347900390625
0.030731201171875 -0.0471458435058594 -0.29736328125 -0.639404296875
0.003692626953125 -0.0575180053710938 -0.424560546875 -0.97998046875
-0.082763671875 0.396240234375 0.5206298828125 -0.58514404296875
-0.05731201171875 0.366668701171875 0.505157470703125 -0.446258544921875
-0.231170654296875 0.29888916015625 0.4864501953125 -0.145904541015625
-0.33502197265625 0.178863525390625 0.44049072265625 0.263641357421875
-0.3831787109375 0.017578125 0.0902099609375 0.514312744140625
-0.426116943359375 -0.0625 -0.36077880859375 0.531982421875
-0.425262451171875 -0.102081298828125 -0.7828369140625 0.251708984375
-0.33978271484375 -0.187591552734375 -1.01873779296875 -0.0898437500000002
-0.345245361328125 -0.1572265625 -1.1295166015625 -0.255126953125
-0.310211181640625 -0.124359130859375 -0.95159912109375 -0.292236328125
-0.26861572265625 -0.034759521484375 -0.63238525390625 -0.1241455078125
-0.236572265625 0.113906860351563 -0.29693603515625 -0.106689453125
-0.240386962890625 0.126449584960937 -0.182098388671875 -0.33050537109375
-0.140823364257813 0.210342407226562 -0.28631591796875 -0.61920166015625
-0.0533294677734375 0.257095336914063 -0.410400390625 -0.957275390625
-0.113037109375 0.7315673828125 0.550018310546875 -0.399261474609375
-0.13446044921875 0.68310546875 0.541351318359375 -0.2811279296875
-0.43536376953125 0.561431884765625 0.52813720703125 -0.116546630859375
-0.62103271484375 0.34326171875 0.492431640625 0.276519775390625
-0.726318359375 0.0619506835937501 0.21234130859375 0.47772216796875
-0.8350830078125 -0.0806274414062498 -0.189910888671875 0.51788330078125
-0.81011962890625 -0.16363525390625 -0.5718994140625 0.2823486328125
-0.6773681640625 -0.314697265625 -0.787109375 -0.02239990234375
-0.71728515625 -0.2874755859375 -0.9588623046875 -0.2095947265625
-0.6724853515625 -0.20477294921875 -0.8692626953125 -0.27099609375
-0.60589599609375 -0.0554809570312501 -0.6170654296875 -0.1485595703125
-0.517791748046875 0.22393798828125 -0.324066162109375 -0.12176513671875
-0.487457275390625 0.285675048828125 -0.248565673828125 -0.332244873046875
-0.28607177734375 0.467041015625 -0.316680908203125 -0.54669189453125
-0.101654052734375 0.548065185546875 -0.434814453125 -0.83251953125
-0.14276123046875 0.9456787109375 0.5787353515625 -0.12786865234375
-0.20062255859375 0.8812255859375 0.5655517578125 -0.0463867187499999
-0.5850830078125 0.718017578125 0.557037353515625 -0.04730224609375
-0.8211669921875 0.4388427734375 0.5421142578125 0.285614013671875
-0.960693359375 0.0833129882812498 0.373016357421875 0.415283203125
-1.11907958984375 -0.095703125 0.0767211914062499 0.470855712890625
-1.07110595703125 -0.20257568359375 -0.23529052734375 0.2984619140625
-0.9168701171875 -0.392822265625 -0.4344482421875 0.052032470703125
-1.0010986328125 -0.35888671875 -0.66796875 -0.16180419921875
-0.97357177734375 -0.22540283203125 -0.6925048828125 -0.26898193359375
-0.8966064453125 -0.0174560546874998 -0.5672607421875 -0.20361328125
-0.73883056640625 0.37371826171875 -0.3707275390625 -0.14007568359375
-0.67095947265625 0.46148681640625 -0.35162353515625 -0.2974853515625
-0.3681640625 0.70001220703125 -0.37640380859375 -0.398712158203125
-0.12005615234375 0.7747802734375 -0.48614501953125 -0.60333251953125
-0.1636962890625 1.000244140625 0.59344482421875 0.18548583984375
-0.24151611328125 0.92138671875 0.558502197265625 0.208953857421875
-0.646240234375 0.721923828125 0.54656982421875 0.052734375
-0.882080078125 0.42681884765625 0.554473876953125 0.2901611328125
-1.02777099609375 0.0606689453125 0.525115966796875 0.342315673828125
-1.2147216796875 -0.1182861328125 0.3809814453125 0.40252685546875
-1.1585693359375 -0.216796875 0.171722412109375 0.298004150390625
-1.0157470703125 -0.4090576171875 -0.0130004882812501 0.110923767089844
-1.13671875 -0.3682861328125 -0.2869873046875 -0.13800048828125
-1.1314697265625 -0.1976318359375 -0.428863525390625 -0.313201904296875
-1.052734375 0.04833984375 -0.475982666015625 -0.29400634765625
-0.84088134765625 0.49310302734375 -0.411773681640625 -0.161285400390625
-0.740966796875 0.5938720703125 -0.454864501953125 -0.21697998046875
-0.3746337890625 0.84307861328125 -0.428009033203125 -0.1805419921875
-0.11688232421875 0.8927001953125 -0.5350341796875 -0.30035400390625
-0.172119140625 0.8935546875 0.58782958984375 0.48321533203125
-0.247314453125 0.80255126953125 0.51153564453125 0.436798095703125
-0.60650634765625 0.582763671875 0.484100341796875 0.154449462890625
-0.78961181640625 0.3199462890625 0.515960693359375 0.287078857421875
-0.90899658203125 0.00140380859374985 0.62762451171875 0.28271484375
-1.0997314453125 -0.1409912109375 0.6572265625 0.34124755859375
-1.05908203125 -0.21160888671875 0.57623291015625 0.2896728515625
-0.95953369140625 -0.36810302734375 0.41326904296875 0.15045166015625
-1.09185791015625 -0.3212890625 0.1199951171875 -0.143966674804688
-1.08685302734375 -0.146240234375 -0.125244140625 -0.385833740234375
-1.00921630859375 0.0933837890624998 -0.35369873046875 -0.404022216796875
-0.78619384765625 0.5155029296875 -0.4305419921875 -0.1815185546875
-0.68096923828125 0.6138916015625 -0.527008056640625 -0.1055908203125
-0.317138671875 0.8424072265625 -0.4578857421875 0.068389892578125
-0.10736083984375 0.86993408203125 -0.57135009765625 0.03094482421875
-0.1612548828125 0.65789794921875 0.56201171875 0.7255859375
-0.20703125 0.57952880859375 0.4327392578125 0.5972900390625
-0.46246337890625 0.371795654296875 0.383941650390625 0.2275390625
-0.573486328125 0.180419921875 0.4439697265625 0.271270751953125
-0.653564453125 -0.0486450195312501 0.66796875 0.24371337890625
-0.82470703125 -0.13983154296875 0.855712890625 0.30255126953125
-0.8048095703125 -0.172607421875 0.9127197265625 0.28704833984375
-0.75592041015625 -0.2744140625 0.7791748046875 0.16644287109375
-0.86676025390625 -0.23760986328125 0.479766845703125 -0.1700439453125
-0.8525390625 -0.0937500000000001 0.14544677734375 -0.463470458984375
-0.78033447265625 0.0864868164062499 -0.233123779296875 -0.500213623046875
-0.60162353515625 0.4140625 -0.42840576171875 -0.202911376953125
-0.5146484375 0.49847412109375 -0.55853271484375 0.00146484375000004
-0.2200927734375 0.68035888671875 -0.46612548828125 0.300140380859375
-0.095458984375 0.70074462890625 -0.59454345703125 0.3350830078125
-0.115631103515625 0.337371826171875 0.53192138671875 0.88397216796875
-0.111846923828125 0.314300537109375 0.3551025390625 0.6751708984375
-0.24591064453125 0.166793823242188 0.287811279296875 0.26702880859375
-0.29437255859375 0.0790405273437501 0.380096435546875 0.243377685546875
-0.340545654296875 -0.0490112304687501 0.66461181640625 0.21844482421875
-0.465423583984375 -0.0920715332031249 0.96551513671875 0.28179931640625
-0.4508056640625 -0.095245361328125 1.1395263671875 0.2781982421875
-0.4383544921875 -0.14154052734375 1.03338623046875 0.1572265625
-0.509490966796875 -0.123870849609375 0.7318115234375 -0.21136474609375
-0.483978271484375 -0.045623779296875 0.3310546875 -0.523162841796875
-0.435882568359375 0.0465087890624999 -0.1490478515625 -0.561126708984375
-0.336334228515625 0.233795166015625 -0.426605224609375 -0.215789794921875
-0.2808837890625 0.2835693359375 -0.564208984375 0.08209228515625
-0.10150146484375 0.389892578125 -0.4698486328125 0.4647216796875
-0.082672119140625 0.411651611328125 -0.61334228515625 0.55908203125
-0.0575180053710938 -0.00389480590820311 0.49310302734375 -0.6575927734375
0.0208148956298828 -0.00982284545898437 0.465484619140625 -0.52752685546875
-0.0032501220703125 -0.0123310089111328 0.44671630859375 -0.144805908203125
-0.014796257019043 -0.00880908966064453 0.414703369140625 0.233245849609375
-0.00160598754882813 -0.0320930480957031 0.044158935546875 0.518890380859375
0.0322380065917969 -0.0414810180664063 -0.402374267578125 0.52166748046875
0.0203170776367188 -0.0304679870605469 -0.8316650390625 0.22479248046875
0.0461273193359375 -0.0327491760253906 -1.09613037109375 -0.11297607421875
0.0611457824707031 0.00139999389648438 -1.176025390625 -0.2559814453125
0.0602569580078125 -0.0160865783691406 -0.966552734375 -0.28424072265625
0.0644683837890625 0.0178070068359375 -0.6351318359375 -0.09844970703125
0.0514335632324219 0.0296401977539062 -0.30218505859375 -0.096923828125
0.0234050750732422 -0.00916481018066406 -0.174407958984375 -0.321075439453125
0.028900146484375 -0.047210693359375 -0.3118896484375 -0.631591796875
0.00206756591796874 -0.0574378967285156 -0.4476318359375 -0.968017578125
-0.07293701171875 0.398529052734375 0.50286865234375 -0.59552001953125
-0.047760009765625 0.366302490234375 0.491455078125 -0.458404541015625
-0.223724365234375 0.304107666015625 0.479461669921875 -0.15869140625
-0.33148193359375 0.187408447265625 0.4454345703125 0.25091552734375
-0.3834228515625 0.0266723632812499 0.1019287109375 0.510040283203125
-0.42578125 -0.0516357421875 -0.348968505859375 0.5390625
-0.425994873046875 -0.091064453125 -0.77520751953125 0.2691650390625
-0.343994140625 -0.178955078125 -1.01922607421875 -0.0645751953124999
-0.348236083984375 -0.147247314453125 -1.13427734375 -0.2266845703125
-0.312774658203125 -0.116790771484375 -0.95709228515625 -0.2681884765625
-0.268234252929688 -0.0273284912109375 -0.63372802734375 -0.106201171875
-0.232269287109375 0.11907958984375 -0.296539306640625 -0.0997314453125
-0.236083984375 0.133712768554688 -0.187225341796875 -0.32513427734375
-0.136154174804688 0.213333129882812 -0.2982177734375 -0.6112060546875
-0.047515869140625 0.257293701171875 -0.4326171875 -0.94677734375
-0.0927124023437499 0.73211669921875 0.536956787109375 -0.4127197265625
-0.11572265625 0.68524169921875 0.531646728515625 -0.29229736328125
-0.42095947265625 0.57159423828125 0.522857666015625 -0.1309814453125
-0.61297607421875 0.35809326171875 0.49871826171875 0.262939453125
-0.724365234375 0.07977294921875 0.22113037109375 0.469696044921875
-0.8331298828125 -0.0594482421875001 -0.1787109375 0.52001953125
-0.8143310546875 -0.14324951171875 -0.56488037109375 0.2947998046875
-0.6845703125 -0.298583984375 -0.78607177734375 -0.00451660156250017
-0.7230224609375 -0.27056884765625 -0.96270751953125 -0.18658447265625
-0.675537109375 -0.1885986328125 -0.8753662109375 -0.24822998046875
-0.6063232421875 -0.040283203125 -0.618408203125 -0.133544921875
-0.50823974609375 0.2354736328125 -0.32421875 -0.114044189453125
-0.47833251953125 0.29736328125 -0.253692626953125 -0.323974609375
-0.275299072265625 0.47430419921875 -0.3275146484375 -0.537506103515625
-0.087554931640625 0.5487060546875 -0.4522705078125 -0.82135009765625
-0.11798095703125 0.9478759765625 0.572509765625 -0.1412353515625
-0.17620849609375 0.8831787109375 0.561676025390625 -0.0599365234374999
-0.5653076171875 0.73016357421875 0.5501708984375 -0.06060791015625
-0.80810546875 0.45928955078125 0.54736328125 0.270233154296875
-0.9591064453125 0.1063232421875 0.381561279296875 0.402069091796875
-1.118896484375 -0.0681762695312498 0.08843994140625 0.465972900390625
-1.07391357421875 -0.1754150390625 -0.227081298828125 0.304779052734375
-0.923095703125 -0.3701171875 -0.433868408203125 0.0620117187499999
-1.0081787109375 -0.33404541015625 -0.67315673828125 -0.14306640625
-0.9771728515625 -0.20196533203125 -0.69818115234375 -0.2520751953125
-0.89630126953125 0.00537109374999994 -0.5699462890625 -0.1884765625
-0.7257080078125 0.39105224609375 -0.370452880859375 -0.131866455078125
-0.65679931640625 0.477783203125 -0.3563232421875 -0.288909912109375
-0.3511962890625 0.70733642578125 -0.384063720703125 -0.389617919921875
-0.10064697265625 0.77423095703125 -0.49859619140625 -0.59033203125
-0.13543701171875 1.00189208984375 0.59600830078125 0.1697998046875
-0.216064453125 0.9224853515625 0.56243896484375 0.19561767578125
-0.6287841796875 0.73681640625 0.543121337890625 0.0391540527343751
-0.870361328125 0.4495849609375 0.558746337890625 0.27557373046875
-1.02667236328125 0.0859985351562498 0.5325927734375 0.327606201171875
-1.214599609375 -0.0885009765625002 0.389801025390625 0.39111328125
-1.160888671875 -0.190185546875 0.179962158203125 0.29248046875
-1.0240478515625 -0.3851318359375 -0.0101165771484376 0.111328125
-1.1441650390625 -0.3389892578125 -0.2904052734375 -0.13006591796875
-1.1324462890625 -0.170166015625 -0.43609619140625 -0.30084228515625
-1.0479736328125 0.0747680664062498 -0.48175048828125 -0.280548095703125
-0.82550048828125 0.5125732421875 -0.411529541015625 -0.151153564453125
-0.72412109375 0.6134033203125 -0.458221435546875 -0.204498291015625
-0.353759765625 0.85150146484375 -0.4306640625 -0.1700439453125
-0.093505859375 0.89337158203125 -0.541259765625 -0.287841796875
-0.149658203125 0.89691162109375 0.59716796875 0.4681396484375
-0.225830078125 0.8046875 0.520111083984375 0.42425537109375
-0.59173583984375 0.59747314453125 0.48211669921875 0.143341064453125
-0.7802734375 0.33843994140625 0.521881103515625 0.273773193359375
-0.9083251953125 0.0229492187500001 0.63323974609375 0.263916015625
-1.10040283203125 -0.11395263671875 0.66436767578125 0.32373046875
-1.06280517578125 -0.18426513671875 0.5841064453125 0.275146484375
-0.965576171875 -0.343994140625 0.4166259765625 0.139495849609375
-1.09649658203125 -0.29510498046875 0.116241455078125 -0.14617919921875
-1.08880615234375 -0.118896484375 -0.13671875 -0.3800048828125
-1.004638671875 0.1160888671875 -0.36358642578125 -0.39312744140625
-0.77056884765625 0.53314208984375 -0.43255615234375 -0.171356201171875
-0.66357421875 0.63043212890625 -0.5264892578125 -0.0926208496093749
-0.2969970703125 0.8480224609375 -0.453094482421875 0.0794677734375001
-0.0855102539062501 0.87066650390625 -0.56884765625 0.04168701171875
-0.14349365234375 0.65924072265625 0.577880859375 0.7110595703125
-0.1903076171875 0.58233642578125 0.44500732421875 0.58697509765625
-0.452545166015625 0.382965087890625 0.38641357421875 0.219085693359375
-0.56622314453125 0.19390869140625 0.4503173828125 0.260406494140625
-0.6546630859375 -0.031494140625 0.669921875 0.22515869140625
-0.8258056640625 -0.11956787109375 0.86395263671875 0.28009033203125
-0.809814453125 -0.1500244140625 0.91888427734375 0.26507568359375
-0.7601318359375 -0.2559814453125 0.783935546875 0.14715576171875
-0.87359619140625 -0.21697998046875 0.47607421875 -0.181365966796875
-0.85284423828125 -0.0721435546875001 0.133056640625 -0.465362548828125
-0.7769775390625 0.1051025390625 -0.243316650390625 -0.492889404296875
-0.58953857421875 0.429931640625 -0.431884765625 -0.192413330078125
-0.501495361328125 0.512481689453125 -0.556488037109375 0.0162353515625001
-0.20306396484375 0.68365478515625 -0.45611572265625 0.310638427734375
-0.0765380859375001 0.6998291015625 -0.58355712890625 0.3472900390625
-0.107208251953125 0.33941650390625 0.54998779296875 0.8685302734375
-0.103363037109375 0.31524658203125 0.3699951171875 0.66680908203125
-0.240814208984375 0.172225952148438 0.290679931640625 0.258941650390625
-0.291839599609375 0.0860595703125001 0.384185791015625 0.23388671875
-0.340850830078125 -0.040008544921875 0.66778564453125 0.20281982421875
-0.4661865234375 -0.0799560546875 0.97296142578125 0.256103515625
-0.4522705078125 -0.0827331542968751 1.145751953125 0.2496337890625
-0.440521240234375 -0.131134033203125 1.03564453125 0.133056640625
-0.51202392578125 -0.11328125 0.7249755859375 -0.22662353515625
-0.484466552734375 -0.03204345703125 0.318145751953125 -0.529327392578125
-0.433624267578125 0.056427001953125 -0.1617431640625 -0.55450439453125
-0.32928466796875 0.241546630859375 -0.429107666015625 -0.203887939453125
-0.273773193359375 0.290863037109375 -0.560638427734375 0.0964660644531249
-0.092926025390625 0.391754150390625 -0.455291748046875 0.474334716796875
-0.0714111328125 0.413482666015625 -0.59600830078125 0.5718994140625
-0.0579757690429687 -0.00226974487304686 0.47247314453125 -0.66632080078125
0.0208148956298828 -0.0112762451171875 0.448944091796875 -0.536224365234375
-0.00357437133789063 -0.0127058029174805 0.439971923828125 -0.154998779296875
-0.0152492523193359 -0.00869846343994141 0.41680908203125 0.221405029296875
-0.00284194946289063 -0.0311489105224609 0.054962158203125 0.515228271484375
0.0322151184082031 -0.0417938232421875 -0.390533447265625 0.5279541015625
0.0194664001464844 -0.03033447265625 -0.8265380859375 0.24371337890625
0.0455360412597656 -0.0335197448730469 -1.09417724609375 -0.0863647460937502
0.0617942810058594 0.00011444091796875 -1.1754150390625 -0.2279052734375
0.0598983764648438 -0.0175285339355469 -0.9681396484375 -0.26123046875
0.0642662048339844 0.0156478881835938 -0.63360595703125 -0.08319091796875
0.0529022216796875 0.02777099609375 -0.300201416015625 -0.0902709960937499
0.0230503082275391 -0.00909233093261719 -0.178619384765625 -0.316192626953125
0.0274085998535156 -0.0471572875976563 -0.322998046875 -0.62066650390625
-1.90734863281228E-05 -0.0570106506347656 -0.46661376953125 -0.95281982421875
-0.062774658203125 0.398529052734375 0.48431396484375 -0.60516357421875
-0.037841796875 0.3646240234375 0.478118896484375 -0.468963623046875
-0.216064453125 0.3084716796875 0.471832275390625 -0.169830322265625
-0.32635498046875 0.194183349609375 0.447265625 0.237335205078125
-0.382110595703125 0.0358581542968749 0.112030029296875 0.50567626953125
-0.425537109375 -0.0408630371093751 -0.334564208984375 0.543792724609375
-0.42718505859375 -0.08099365234375 -0.76751708984375 0.2864990234375
-0.346282958984375 -0.17083740234375 -1.0155029296875 -0.039794921875
-0.350616455078125 -0.13885498046875 -1.134765625 -0.198486328125
-0.3138427734375 -0.1087646484375 -0.961181640625 -0.24310302734375
-0.267440795898438 -0.0214385986328125 -0.632080078125 -0.0903930664062501
-0.227218627929687 0.12347412109375 -0.294891357421875 -0.09381103515625
-0.231857299804688 0.138671875 -0.19183349609375 -0.32025146484375
-0.130508422851562 0.2159423828125 -0.311279296875 -0.60186767578125
-0.0417633056640625 0.256912231445313 -0.45343017578125 -0.93243408203125
-0.07427978515625 0.732666015625 0.524627685546875 -0.42138671875
-0.0982666015625 0.6842041015625 0.52117919921875 -0.304534912109375
-0.4068603515625 0.5794677734375 0.514129638671875 -0.141998291015625
-0.60205078125 0.37042236328125 0.500640869140625 0.24969482421875
-0.7210693359375 0.0951538085937501 0.230010986328125 0.46221923828125
-0.83221435546875 -0.0408935546875 -0.165679931640625 0.520660400390625
-0.81396484375 -0.124267578125 -0.555694580078125 0.30670166015625
-0.68804931640625 -0.28228759765625 -0.78485107421875 0.0153808593749999
-0.7283935546875 -0.252685546875 -0.964599609375 -0.16107177734375
-0.6763916015625 -0.1727294921875 -0.879150390625 -0.22674560546875
-0.60357666015625 -0.0256347656250001 -0.619384765625 -0.11663818359375
-0.49951171875 0.2474365234375 -0.323150634765625 -0.1077880859375
-0.468536376953125 0.30792236328125 -0.257965087890625 -0.317474365234375
-0.26251220703125 0.477691650390625 -0.337615966796875 -0.528564453125
-0.0750732421875 0.5477294921875 -0.469970703125 -0.80792236328125
-0.09326171875 0.94744873046875 0.56646728515625 -0.15203857421875
-0.1553955078125 0.88458251953125 0.55706787109375 -0.0725402832031249
-0.5487060546875 0.74212646484375 0.543121337890625 -0.0725097656249999
-0.7938232421875 0.47796630859375 0.549530029296875 0.256103515625
-0.9552001953125 0.1302490234375 0.38775634765625 0.3917236328125
-1.11566162109375 -0.0393676757812501 0.098541259765625 0.4599609375
-1.072265625 -0.150146484375 -0.21929931640625 0.307830810546875
-0.9288330078125 -0.34613037109375 -0.4295654296875 0.07208251953125
-1.01458740234375 -0.30853271484375 -0.67230224609375 -0.1268310546875
-0.9769287109375 -0.17852783203125 -0.702880859375 -0.23419189453125
-0.89093017578125 0.0268554687499998 -0.57269287109375 -0.17303466796875
-0.7119140625 0.4073486328125 -0.370330810546875 -0.123291015625
-0.64007568359375 0.49371337890625 -0.35968017578125 -0.278533935546875
-0.33209228515625 0.71173095703125 -0.388946533203125 -0.378509521484375
-0.0819091796875 0.7733154296875 -0.5101318359375 -0.5784912109375
-0.11090087890625 1.0010986328125 0.59490966796875 0.15643310546875
-0.19171142578125 0.9229736328125 0.56231689453125 0.1826171875
-0.61083984375 0.74761962890625 0.536956787109375 0.027313232421875
-0.85565185546875 0.4688720703125 0.561920166015625 0.26043701171875
-1.02154541015625 0.10955810546875 0.53729248046875 0.311553955078125
-1.2115478515625 -0.0587158203124998 0.399200439453125 0.378936767578125
-1.1612548828125 -0.1614990234375 0.186492919921875 0.287261962890625
-1.02655029296875 -0.3609619140625 -0.00709533691406256 0.111373901367187
-1.148681640625 -0.3125 -0.292205810546875 -0.1217041015625
-1.1317138671875 -0.1407470703125 -0.442474365234375 -0.2884521484375
-1.0411376953125 0.097900390625 -0.4864501953125 -0.267669677734375
-0.80889892578125 0.53045654296875 -0.411102294921875 -0.141357421875
-0.70458984375 0.62786865234375 -0.458953857421875 -0.192169189453125
-0.33306884765625 0.85528564453125 -0.431732177734375 -0.1605224609375
-0.0721435546874999 0.8916015625 -0.5438232421875 -0.275604248046875
-0.12567138671875 0.89715576171875 0.6026611328125 0.45257568359375
-0.205078125 0.80474853515625 0.527008056640625 0.410308837890625
-0.57562255859375 0.60845947265625 0.479736328125 0.131256103515625
-0.76837158203125 0.3551025390625 0.524749755859375 0.259429931640625
-0.90625 0.0426635742187499 0.63372802734375 0.24725341796875
-1.096435546875 -0.0861816406250001 0.67181396484375 0.30462646484375
-1.0634765625 -0.1588134765625 0.5885009765625 0.26068115234375
-0.9705810546875 -0.32196044921875 0.418975830078125 0.12939453125
-1.10174560546875 -0.26629638671875 0.112594604492187 -0.146728515625
-1.08819580078125 -0.092529296875 -0.14508056640625 -0.37432861328125
-0.997314453125 0.14031982421875 -0.37115478515625 -0.382293701171875
-0.7557373046875 0.54937744140625 -0.43206787109375 -0.161163330078125
-0.64654541015625 0.64410400390625 -0.524658203125 -0.077972412109375
-0.277099609375 0.8504638671875 -0.44744873046875 0.0884704589843751
-0.0646972656249999 0.86669921875 -0.56378173828125 0.0537719726562502
-0.126220703125 0.66009521484375 0.59033203125 0.69512939453125
-0.175048828125 0.58087158203125 0.45489501953125 0.5726318359375
-0.44329833984375 0.39105224609375 0.38421630859375 0.2093505859375
-0.5599365234375 0.20599365234375 0.452606201171875 0.248565673828125
-0.652587890625 -0.01641845703125 0.67059326171875 0.2076416015625
-0.8245849609375 -0.0989990234374999 0.86749267578125 0.25653076171875
-0.80908203125 -0.13116455078125 0.9222412109375 0.240966796875
-0.7642822265625 -0.2381591796875 0.7841796875 0.12872314453125
-0.87481689453125 -0.19403076171875 0.469482421875 -0.19000244140625
-0.84991455078125 -0.0527343750000002 0.121185302734375 -0.463775634765625
-0.77294921875 0.1224365234375 -0.25396728515625 -0.48345947265625
-0.57672119140625 0.44244384765625 -0.4320068359375 -0.182220458984375
-0.4879150390625 0.522857666015625 -0.552154541015625 0.03045654296875
-0.18719482421875 0.68548583984375 -0.445953369140625 0.31988525390625
-0.0584716796875 0.70025634765625 -0.57049560546875 0.35772705078125
-0.097900390625 0.341033935546875 0.56768798828125 0.85272216796875
-0.095794677734375 0.31536865234375 0.38226318359375 0.6539306640625
-0.236129760742187 0.177093505859375 0.293060302734375 0.252593994140625
-0.2880859375 0.092193603515625 0.38720703125 0.22564697265625
-0.340850830078125 -0.031768798828125 0.6690673828125 0.1851806640625
-0.466217041015625 -0.0673828124999999 0.9771728515625 0.2305908203125
-0.4521484375 -0.0719909667968751 1.148193359375 0.2215576171875
-0.441680908203125 -0.12005615234375 1.036865234375 0.1082763671875
-0.51263427734375 -0.1002197265625 0.7186279296875 -0.24261474609375
-0.48321533203125 -0.0217895507812499 0.30364990234375 -0.53265380859375
-0.4300537109375 0.066680908203125 -0.17333984375 -0.5474853515625
-0.32196044921875 0.249237060546875 -0.428741455078125 -0.193817138671875
-0.265655517578125 0.296234130859375 -0.553558349609375 0.10992431640625
-0.0838623046875 0.39227294921875 -0.442535400390625 0.48236083984375
-0.061431884765625 0.412872314453125 -0.577880859375 0.5810546875
-0.0577049255371094 -0.000438690185546872 0.453125 -0.67108154296875
0.0202083587646484 -0.0125141143798828 0.432098388671875 -0.54296875
-0.00396251678466797 -0.0133161544799805 0.43255615234375 -0.164459228515625
-0.0158538818359375 -0.00753498077392578 0.417449951171875 0.2081298828125
-0.00378608703613281 -0.0307216644287109 0.0649719238281249 0.510040283203125
0.0314674377441406 -0.0422782897949219 -0.37701416015625 0.533843994140625
0.0193004608154297 -0.0302658081054688 -0.81561279296875 0.26025390625
0.0449600219726563 -0.0340309143066406 -1.0882568359375 -0.0610961914062501
0.0618133544921875 -0.001007080078125 -1.176025390625 -0.1968994140625
0.0589179992675781 -0.0190277099609375 -0.97088623046875 -0.238525390625
0.0642242431640625 0.0142555236816406 -0.63043212890625 -0.0667114257812501
0.0536231994628906 0.0257720947265625 -0.29840087890625 -0.083709716796875
0.0227069854736328 -0.0088653564453125 -0.183746337890625 -0.310760498046875
0.025848388671875 -0.0466995239257813 -0.33294677734375 -0.61077880859375
-0.0016021728515625 -0.0566139221191406 -0.484375 -0.9376220703125
-0.052947998046875 0.39837646484375 0.4671630859375 -0.61199951171875
-0.02972412109375 0.36248779296875 0.463134765625 -0.47705078125
-0.20849609375 0.31036376953125 0.463348388671875 -0.179534912109375
-0.320831298828125 0.200958251953125 0.448638916015625 0.224884033203125
-0.38037109375 0.0448913574218751 0.122772216796875 0.49853515625
-0.42303466796875 -0.031036376953125 -0.32086181640625 0.548095703125
-0.42633056640625 -0.071624755859375 -0.7579345703125 0.29925537109375
-0.347076416015625 -0.16229248046875 -1.011474609375 -0.0178833007812498
-0.35198974609375 -0.131195068359375 -1.133056640625 -0.1705322265625
-0.314117431640625 -0.101593017578125 -0.962158203125 -0.220947265625
-0.266250610351563 -0.0149841308593751 -0.62969970703125 -0.076416015625
-0.221603393554687 0.127517700195313 -0.293121337890625 -0.0873107910156249
-0.226043701171875 0.14337158203125 -0.195953369140625 -0.314056396484375
-0.12530517578125 0.217864990234375 -0.3212890625 -0.59149169921875
-0.03619384765625 0.25628662109375 -0.4705810546875 -0.91802978515625
-0.0568847656249999 0.73046875 0.50958251953125 -0.429412841796875
-0.0816650390625001 0.6800537109375 0.508941650390625 -0.313201904296875
-0.39300537109375 0.58465576171875 0.504608154296875 -0.1522216796875
-0.59161376953125 0.3836669921875 0.501373291015625 0.235626220703125
-0.71630859375 0.11163330078125 0.2379150390625 0.451690673828125
-0.827880859375 -0.0221557617187501 -0.153289794921875 0.520538330078125
-0.810302734375 -0.10552978515625 -0.545654296875 0.3160400390625
-0.68890380859375 -0.267333984375 -0.77862548828125 0.03314208984375
-0.7294921875 -0.2347412109375 -0.96453857421875 -0.13763427734375
-0.676025390625 -0.15496826171875 -0.87939453125 -0.20416259765625
-0.59979248046875 -0.01251220703125 -0.61572265625 -0.1021728515625
-0.490142822265625 0.256927490234375 -0.320648193359375 -0.101165771484375
-0.4578857421875 0.316925048828125 -0.261260986328125 -0.308837890625
-0.25103759765625 0.481536865234375 -0.34588623046875 -0.5189208984375
-0.063385009765625 0.54534912109375 -0.485595703125 -0.79449462890625
-0.07122802734375 0.9432373046875 0.557525634765625 -0.1629638671875
-0.133544921875 0.87969970703125 0.551055908203125 -0.08404541015625
-0.52935791015625 0.748046875 0.53521728515625 -0.0835876464843749
-0.77978515625 0.49212646484375 0.550262451171875 0.241668701171875
-0.94805908203125 0.15106201171875 0.39239501953125 0.3779296875
-1.1102294921875 -0.0142822265624998 0.108154296875 0.453277587890625
-1.0709228515625 -0.1251220703125 -0.211273193359375 0.3094482421875
-0.93048095703125 -0.32666015625 -0.426025390625 0.08172607421875
-1.01678466796875 -0.28485107421875 -0.671875 -0.1103515625
-0.97564697265625 -0.1561279296875 -0.70513916015625 -0.21746826171875
-0.885009765625 0.0458984375000001 -0.5728759765625 -0.15960693359375
-0.69696044921875 0.41937255859375 -0.36810302734375 -0.11578369140625
-0.62579345703125 0.5037841796875 -0.36138916015625 -0.268280029296875
-0.31561279296875 0.7156982421875 -0.3944091796875 -0.3681640625
-0.064208984375 0.7689208984375 -0.5181884765625 -0.56524658203125
-0.0864868164062499 0.9959716796875 0.5947265625 0.14361572265625
-0.16925048828125 0.9188232421875 0.56195068359375 0.169281005859375
-0.58953857421875 0.75775146484375 0.53033447265625 0.0152587890625
-0.8409423828125 0.48468017578125 0.563720703125 0.24713134765625
-1.015380859375 0.1312255859375 0.537750244140625 0.2957763671875
-1.2041015625 -0.0307617187500002 0.40557861328125 0.365386962890625
-1.1563720703125 -0.13525390625 0.192367553710937 0.28094482421875
-1.0306396484375 -0.3372802734375 -0.00371551513671882 0.110939025878906
-1.1522216796875 -0.2838134765625 -0.293701171875 -0.113922119140625
-1.1307373046875 -0.116943359375 -0.447601318359375 -0.275482177734375
-1.03387451171875 0.12030029296875 -0.4888916015625 -0.2545166015625
-0.792236328125 0.54498291015625 -0.410369873046875 -0.132232666015625
-0.6866455078125 0.64093017578125 -0.458831787109375 -0.180816650390625
-0.3121337890625 0.85748291015625 -0.431793212890625 -0.150115966796875
-0.0520629882812499 0.885986328125 -0.54693603515625 -0.26385498046875
-0.10498046875 0.89361572265625 0.6087646484375 0.43707275390625
-0.18475341796875 0.8031005859375 0.53094482421875 0.398101806640625
-0.559814453125 0.61688232421875 0.475860595703125 0.121246337890625
-0.75567626953125 0.37152099609375 0.527435302734375 0.249237060546875
-0.90008544921875 0.0647583007812502 0.63385009765625 0.22998046875
-1.09320068359375 -0.0614013671874999 0.67535400390625 0.285888671875
-1.059814453125 -0.134765625 0.591796875 0.246337890625
-0.9691162109375 -0.299560546875 0.42047119140625 0.11968994140625
-1.1019287109375 -0.241455078125 0.108627319335937 -0.147842407226563
-1.08221435546875 -0.0690307617187502 -0.15386962890625 -0.36749267578125
-0.98931884765625 0.1597900390625 -0.3756103515625 -0.3704833984375
-0.737548828125 0.56304931640625 -0.430816650390625 -0.150634765625
-0.6279296875 0.65606689453125 -0.522064208984375 -0.0648498535156251
-0.25738525390625 0.8502197265625 -0.441253662109375 0.09783935546875
-0.04437255859375 0.8623046875 -0.558563232421875 0.0631103515625
-0.10833740234375 0.65826416015625 0.5997314453125 0.67816162109375
-0.16009521484375 0.58026123046875 0.4635009765625 0.55975341796875
-0.432647705078125 0.397735595703125 0.38446044921875 0.20086669921875
-0.5517578125 0.21832275390625 0.454925537109375 0.23712158203125
-0.64935302734375 -0.00158691406250008 0.67138671875 0.19036865234375
-0.8214111328125 -0.0797729492187499 0.8685302734375 0.23480224609375
-0.80517578125 -0.1138916015625 0.9222412109375 0.21820068359375
-0.7637939453125 -0.22113037109375 0.78375244140625 0.11114501953125
-0.87615966796875 -0.176025390625 0.463226318359375 -0.19921875
-0.8472900390625 -0.033935546875 0.1107177734375 -0.461029052734375
-0.7652587890625 0.13751220703125 -0.2623291015625 -0.47357177734375
-0.56256103515625 0.45196533203125 -0.431060791015625 -0.170318603515625
-0.473480224609375 0.53045654296875 -0.546539306640625 0.0422363281250001
-0.17291259765625 0.68450927734375 -0.43487548828125 0.32611083984375
-0.0441284179687499 0.6962890625 -0.55859375 0.366241455078125
-0.0899658203125 0.3419189453125 0.5831298828125 0.8348388671875
-0.08837890625 0.313812255859375 0.3934326171875 0.64263916015625
-0.23095703125 0.18109130859375 0.2930908203125 0.244537353515625
-0.283447265625 0.097503662109375 0.3883056640625 0.21453857421875
-0.339813232421875 -0.023040771484375 0.6689453125 0.16790771484375
-0.4642333984375 -0.056427001953125 0.9754638671875 0.208740234375
-0.450439453125 -0.060302734375 1.1461181640625 0.19140625
-0.4422607421875 -0.111114501953125 1.033935546875 0.0845947265625
-0.51153564453125 -0.089630126953125 0.71038818359375 -0.25604248046875
-0.48004150390625 -0.0105895996093749 0.291748046875 -0.53466796875
-0.426910400390625 0.075897216796875 -0.18310546875 -0.5391845703125
-0.313873291015625 0.25531005859375 -0.42987060546875 -0.183990478515625
-0.257843017578125 0.301422119140625 -0.54815673828125 0.122467041015625
-0.07598876953125 0.3909912109375 -0.42864990234375 0.489044189453125
-0.050872802734375 0.412445068359375 -0.5594482421875 0.58880615234375
-0.0576896667480469 0.000823974609375001 0.43487548828125 -0.67425537109375
0.0199108123779297 -0.0135383605957031 0.4158935546875 -0.54852294921875
-0.00437736511230469 -0.0135564804077148 0.425567626953125 -0.172027587890625
-0.0162458419799805 -0.00700187683105469 0.417022705078125 0.198516845703125
-0.00456047058105469 -0.029541015625 0.07568359375 0.5048828125
0.0315017700195313 -0.0419921875 -0.363250732421875 0.536529541015625
0.0187835693359375 -0.0300979614257813 -0.80535888671875 0.271728515625
0.0440711975097656 -0.0344505310058594 -1.08294677734375 -0.04034423828125
0.0621261596679688 -0.0021209716796875 -1.16943359375 -0.1737060546875
0.0579566955566406 -0.0203895568847656 -0.9683837890625 -0.21673583984375
0.0638694763183594 0.0134620666503906 -0.62603759765625 -0.05450439453125
0.0543479919433594 0.0237884521484375 -0.2955322265625 -0.0785522460937499
0.0228729248046875 -0.00866317749023438 -0.184906005859375 -0.304779052734375
0.0248298645019531 -0.0464973449707031 -0.3411865234375 -0.5997314453125
-0.00312042236328125 -0.05621337890625 -0.49871826171875 -0.91961669921875
-0.044525146484375 0.3961181640625 0.4498291015625 -0.614501953125
-0.021453857421875 0.35870361328125 0.44805908203125 -0.481475830078125
-0.201751708984375 0.312774658203125 0.45428466796875 -0.188873291015625
-0.315673828125 0.20562744140625 0.448486328125 0.214935302734375
-0.378204345703125 0.0529785156249999 0.12921142578125 0.490478515625
-0.419586181640625 -0.022979736328125 -0.307769775390625 0.549591064453125
-0.424468994140625 -0.0621032714843749 -0.74688720703125 0.3123779296875
-0.34735107421875 -0.1552734375 -1.00531005859375 0.00335693359375018
-0.351776123046875 -0.123565673828125 -1.1292724609375 -0.1478271484375
-0.313568115234375 -0.0950927734375001 -0.95867919921875 -0.201171875
-0.264495849609375 -0.00997924804687501 -0.625 -0.0634765624999999
-0.216766357421875 0.129745483398437 -0.289520263671875 -0.08233642578125
-0.220565795898438 0.147079467773438 -0.198333740234375 -0.308319091796875
-0.120452880859375 0.21820068359375 -0.32843017578125 -0.58099365234375
-0.03143310546875 0.25494384765625 -0.48486328125 -0.90313720703125
-0.04229736328125 0.7254638671875 0.4979248046875 -0.435455322265625
-0.0670166015625 0.6759033203125 0.498565673828125 -0.321380615234375
-0.37921142578125 0.58880615234375 0.496002197265625 -0.160888671875
-0.5802001953125 0.392333984375 0.5008544921875 0.223175048828125
-0.70904541015625 0.12518310546875 0.24346923828125 0.443389892578125
-0.8214111328125 -0.00512695312499998 -0.14276123046875 0.51806640625
-0.80755615234375 -0.08984375 -0.536163330078125 0.323883056640625
-0.68963623046875 -0.25244140625 -0.771240234375 0.047607421875
-0.730224609375 -0.21942138671875 -0.9576416015625 -0.11785888671875
-0.67437744140625 -0.14111328125 -0.87744140625 -0.1871337890625
-0.59454345703125 0.000183105468749922 -0.61383056640625 -0.0881347656249999
-0.47955322265625 0.2640380859375 -0.318023681640625 -0.09454345703125
-0.4462890625 0.324676513671875 -0.262786865234375 -0.301116943359375
-0.2398681640625 0.48236083984375 -0.35174560546875 -0.507476806640625
-0.05169677734375 0.54071044921875 -0.49481201171875 -0.7789306640625
-0.0510253906249999 0.93585205078125 0.549407958984375 -0.172088623046875
-0.11328125 0.87408447265625 0.54315185546875 -0.0936584472656249
-0.5120849609375 0.75384521484375 0.5257568359375 -0.093170166015625
-0.764892578125 0.5048828125 0.550079345703125 0.2291259765625
-0.9388427734375 0.1676025390625 0.395782470703125 0.3675537109375
-1.1026611328125 0.00823974609374976 0.115814208984375 0.445892333984375
-1.06451416015625 -0.103515625 -0.2025146484375 0.311492919921875
-0.92987060546875 -0.306640625 -0.42041015625 0.0885620117187501
-1.01513671875 -0.26397705078125 -0.67010498046875 -0.09527587890625
-0.97149658203125 -0.13555908203125 -0.70465087890625 -0.2020263671875
-0.87738037109375 0.0625000000000001 -0.57177734375 -0.1456298828125
-0.68255615234375 0.4305419921875 -0.365020751953125 -0.108612060546875
-0.6103515625 0.51165771484375 -0.36248779296875 -0.260345458984375
-0.2996826171875 0.7164306640625 -0.396209716796875 -0.3580322265625
-0.0499877929687501 0.76336669921875 -0.526214599609375 -0.552459716796875
-0.06494140625 0.990478515625 0.5899658203125 0.13153076171875
-0.14874267578125 0.91302490234375 0.559326171875 0.158447265625
-0.572509765625 0.76416015625 0.522552490234375 0.00607299804687505
-0.8255615234375 0.4993896484375 0.56298828125 0.23394775390625
-1.00457763671875 0.15118408203125 0.53790283203125 0.2828369140625
-1.195068359375 -0.00659179687500006 0.408721923828125 0.35284423828125
-1.15234375 -0.11279296875 0.197219848632812 0.27471923828125
-1.02960205078125 -0.31463623046875 -0.000770568847656308 0.110649108886719
-1.1497802734375 -0.260986328125 -0.294464111328125 -0.1063232421875
-1.12213134765625 -0.09478759765625 -0.450225830078125 -0.264495849609375
-1.02239990234375 0.14007568359375 -0.489471435546875 -0.24176025390625
-0.77362060546875 0.55780029296875 -0.408538818359375 -0.125091552734375
-0.66680908203125 0.65185546875 -0.456817626953125 -0.168975830078125
-0.29400634765625 0.8575439453125 -0.428070068359375 -0.140533447265625
-0.0341796875000001 0.87969970703125 -0.54852294921875 -0.251373291015625
-0.0849609374999999 0.88739013671875 0.61090087890625 0.42156982421875
-0.16705322265625 0.79730224609375 0.535064697265625 0.38433837890625
-0.543212890625 0.6240234375 0.470367431640625 0.112030029296875
-0.74200439453125 0.38348388671875 0.52764892578125 0.2369384765625
-0.8922119140625 0.0813598632812498 0.6318359375 0.2147216796875
-1.0830078125 -0.0379638671875 0.67523193359375 0.2685546875
-1.05303955078125 -0.11322021484375 0.593017578125 0.2305908203125
-0.96868896484375 -0.2801513671875 0.419525146484375 0.110260009765625
-1.10162353515625 -0.2177734375 0.105499267578125 -0.147628784179688
-1.07861328125 -0.0487060546875001 -0.161468505859375 -0.36065673828125
-0.97802734375 0.17791748046875 -0.3798828125 -0.35906982421875
-0.71820068359375 0.574462890625 -0.427825927734375 -0.141571044921875
-0.6087646484375 0.66290283203125 -0.5177001953125 -0.0546875
-0.24005126953125 0.850830078125 -0.435577392578125 0.104736328125
-0.02777099609375 0.85595703125 -0.5516357421875 0.0726318359375001
-0.0957031249999999 0.65692138671875 0.60821533203125 0.66192626953125
-0.14727783203125 0.57586669921875 0.47039794921875 0.54931640625
-0.421844482421875 0.404022216796875 0.381744384765625 0.19256591796875
-0.543212890625 0.227386474609375 0.45513916015625 0.22698974609375
-0.6453857421875 0.0105590820312499 0.66790771484375 0.17388916015625
-0.8165283203125 -0.0607299804687499 0.86669921875 0.21514892578125
-0.80230712890625 -0.0950927734375 0.92034912109375 0.1973876953125
-0.762451171875 -0.2060546875 0.7811279296875 0.0955810546875
-0.873291015625 -0.1566162109375 0.45697021484375 -0.2061767578125
-0.8414306640625 -0.0158081054687501 0.100799560546875 -0.45758056640625
-0.75604248046875 0.152099609375 -0.269622802734375 -0.463775634765625
-0.55010986328125 0.459930419921875 -0.4290771484375 -0.16033935546875
-0.458160400390625 0.53729248046875 -0.5408935546875 0.052825927734375
-0.15789794921875 0.683837890625 -0.42449951171875 0.3321533203125
-0.0293579101562499 0.69122314453125 -0.545013427734375 0.372894287109375
-0.082855224609375 0.3408203125 0.59271240234375 0.8162841796875
-0.081024169921875 0.312591552734375 0.40130615234375 0.6307373046875
-0.226287841796875 0.183059692382813 0.29376220703125 0.23724365234375
-0.27960205078125 0.10284423828125 0.388946533203125 0.2069091796875
-0.3380126953125 -0.01513671875 0.66497802734375 0.152587890625
-0.460540771484375 -0.047119140625 0.97320556640625 0.18621826171875
-0.447235107421875 -0.049896240234375 1.1434326171875 0.1697998046875
-0.440521240234375 -0.10101318359375 1.02825927734375 0.0634765625
-0.5101318359375 -0.0780029296875 0.7008056640625 -0.26708984375
-0.476226806640625 -0.00271606445312495 0.279083251953125 -0.533538818359375
-0.421630859375 0.0828857421875001 -0.190460205078125 -0.530548095703125
-0.30621337890625 0.2601318359375 -0.428131103515625 -0.173309326171875
-0.249237060546875 0.30413818359375 -0.540069580078125 0.132598876953125
-0.068115234375 0.3890380859375 -0.413177490234375 0.493621826171875
-0.0413818359375 0.410675048828125 -0.541015625 0.59326171875
-0.0579109191894531 0.00233078002929688 0.4185791015625 -0.6761474609375
0.0190315246582031 -0.0147724151611328 0.400146484375 -0.550689697265625
-0.00534534454345703 -0.0137929916381836 0.41778564453125 -0.17840576171875
-0.0169553756713867 -0.00669002532958984 0.41632080078125 0.18682861328125
-0.00583457946777344 -0.0288810729980469 0.08258056640625 0.49871826171875
0.03118896484375 -0.0423316955566406 -0.352294921875 0.53997802734375
0.0187911987304688 -0.0302581787109375 -0.7962646484375 0.28411865234375
0.0441169738769531 -0.0343971252441406 -1.07562255859375 -0.0178222656250002
0.06158447265625 -0.00318527221679688 -1.1651611328125 -0.1502685546875
0.0572013854980469 -0.0211296081542969 -0.96502685546875 -0.19805908203125
0.0639457702636719 0.0119819641113281 -0.6212158203125 -0.0433349609375
0.054840087890625 0.0219955444335938 -0.29180908203125 -0.0740356445312499
0.0225849151611328 -0.00873374938964844 -0.18756103515625 -0.30010986328125
0.0233383178710938 -0.0462303161621094 -0.34637451171875 -0.5887451171875
-0.00465774536132812 -0.05511474609375 -0.5101318359375 -0.90350341796875
-0.0369873046875 0.393798828125 0.4327392578125 -0.61639404296875
-0.01513671875 0.355255126953125 0.432525634765625 -0.4862060546875
-0.195220947265625 0.313568115234375 0.445831298828125 -0.194091796875
-0.310028076171875 0.21038818359375 0.4464111328125 0.20263671875
-0.373870849609375 0.0595703125 0.1365966796875 0.48406982421875
-0.41644287109375 -0.0151672363281249 -0.296356201171875 0.5487060546875
-0.42138671875 -0.0537109374999999 -0.73651123046875 0.3211669921875
-0.347381591796875 -0.147735595703125 -0.99542236328125 0.0226440429687501
-0.35137939453125 -0.11541748046875 -1.12237548828125 -0.127197265625
-0.313201904296875 -0.088897705078125 -0.95513916015625 -0.18048095703125
-0.2620849609375 -0.00480651855468751 -0.6214599609375 -0.0510864257812499
-0.210906982421875 0.1326904296875 -0.286956787109375 -0.0779113769531249
-0.216049194335938 0.14984130859375 -0.19976806640625 -0.302886962890625
-0.115707397460938 0.219314575195313 -0.33343505859375 -0.57147216796875
-0.02703857421875 0.252761840820313 -0.49652099609375 -0.885498046875
-0.0277099609375 0.71917724609375 0.48199462890625 -0.43914794921875
-0.053955078125 0.66876220703125 0.48748779296875 -0.327301025390625
-0.36700439453125 0.59161376953125 0.4853515625 -0.168304443359375
-0.57049560546875 0.40081787109375 0.499298095703125 0.2115478515625
-0.703125 0.1378173828125 0.24859619140625 0.43426513671875
-0.815185546875 0.0109252929687502 -0.132171630859375 0.514923095703125
-0.80157470703125 -0.07489013671875 -0.526519775390625 0.3297119140625
-0.68701171875 -0.2391357421875 -0.7655029296875 0.0626220703125002
-0.7271728515625 -0.20281982421875 -0.95269775390625 -0.0993652343749999
-0.67156982421875 -0.12945556640625 -0.8740234375 -0.16998291015625
-0.59002685546875 0.00970458984375012 -0.60882568359375 -0.0753784179687499
-0.469085693359375 0.27044677734375 -0.31463623046875 -0.0901184082031249
-0.437591552734375 0.3292236328125 -0.264862060546875 -0.2962646484375
-0.2303466796875 0.48223876953125 -0.356109619140625 -0.498260498046875
-0.042694091796875 0.536956787109375 -0.505859375 -0.76483154296875
-0.0332031249999999 0.92919921875 0.538665771484375 -0.179718017578125
-0.0950317382812499 0.86676025390625 0.53619384765625 -0.101104736328125
-0.49395751953125 0.75787353515625 0.51544189453125 -0.10113525390625
-0.75091552734375 0.51519775390625 0.548583984375 0.216583251953125
-0.9302978515625 0.1839599609375 0.39697265625 0.35565185546875
-1.09197998046875 0.0277099609375 0.12371826171875 0.439422607421875
-1.05865478515625 -0.0850219726562502 -0.195404052734375 0.3118896484375
-0.9293212890625 -0.2896728515625 -0.415374755859375 0.09625244140625
-1.012451171875 -0.24468994140625 -0.66607666015625 -0.08251953125
-0.966552734375 -0.1170654296875 -0.70428466796875 -0.1854248046875
-0.8680419921875 0.07781982421875 -0.56903076171875 -0.133544921875
-0.66748046875 0.43756103515625 -0.361663818359375 -0.103240966796875
-0.59478759765625 0.5206298828125 -0.363250732421875 -0.251708984375
-0.2835693359375 0.71514892578125 -0.39862060546875 -0.349334716796875
-0.0367431640624999 0.75640869140625 -0.53179931640625 -0.538421630859375
-0.0458984375000001 0.984130859375 0.58660888671875 0.12066650390625
-0.1312255859375 0.90478515625 0.556549072265625 0.1466064453125
-0.55389404296875 0.76922607421875 0.51422119140625 -0.00234985351562495
-0.81158447265625 0.50897216796875 0.561065673828125 0.222320556640625
-0.9962158203125 0.168212890625 0.53759765625 0.269622802734375
-1.1859130859375 0.0144042968750002 0.412811279296875 0.34014892578125
-1.1435546875 -0.0904541015625002 0.201095581054687 0.267562866210938
-1.02545166015625 -0.29522705078125 0.00134277343749994 0.109786987304687
-1.146484375 -0.2371826171875 -0.2930908203125 -0.0996398925781251
-1.114990234375 -0.0732421875000002 -0.451568603515625 -0.251922607421875
-1.0111083984375 0.1588134765625 -0.488922119140625 -0.230316162109375
-0.75555419921875 0.56622314453125 -0.403350830078125 -0.117919921875
-0.6497802734375 0.6573486328125 -0.454437255859375 -0.160919189453125
-0.27691650390625 0.85595703125 -0.426849365234375 -0.13275146484375
-0.01824951171875 0.871337890625 -0.5472412109375 -0.242279052734375
-0.0659179687499999 0.88189697265625 0.61273193359375 0.408203125
-0.15142822265625 0.79266357421875 0.535247802734375 0.373870849609375
-0.52899169921875 0.62896728515625 0.46527099609375 0.103363037109375
-0.72998046875 0.39434814453125 0.525726318359375 0.225341796875
-0.88287353515625 0.0969238281249999 0.63018798828125 0.2000732421875
-1.07525634765625 -0.01654052734375 0.67486572265625 0.25323486328125
-1.04693603515625 -0.0924072265624998 0.59197998046875 0.2198486328125
-0.96710205078125 -0.2606201171875 0.418121337890625 0.102264404296875
-1.096923828125 -0.19879150390625 0.102035522460937 -0.147598266601563
-1.0723876953125 -0.0290527343750002 -0.166046142578125 -0.35211181640625
-0.96649169921875 0.1937255859375 -0.38250732421875 -0.34814453125
-0.70257568359375 0.58111572265625 -0.425262451171875 -0.135009765625
-0.59246826171875 0.66845703125 -0.512115478515625 -0.0440063476562499
-0.225830078125 0.846435546875 -0.42919921875 0.110992431640625
-0.01202392578125 0.84954833984375 -0.545623779296875 0.0804138183593751
-0.08319091796875 0.65203857421875 0.61346435546875 0.6444091796875
-0.13458251953125 0.5733642578125 0.475616455078125 0.5364990234375
-0.41070556640625 0.406646728515625 0.377777099609375 0.183685302734375
-0.53399658203125 0.234710693359375 0.454559326171875 0.2178955078125
-0.63897705078125 0.0229492187499999 0.66534423828125 0.16009521484375
-0.80987548828125 -0.04620361328125 0.8643798828125 0.196533203125
-0.79681396484375 -0.0793457031250001 0.91729736328125 0.17962646484375
-0.7611083984375 -0.19183349609375 0.7757568359375 0.0806884765625
-0.87066650390625 -0.141357421875 0.450531005859375 -0.210479736328125
-0.83642578125 -0.00274658203125017 0.0905761718749999 -0.453643798828125
-0.74713134765625 0.163330078125 -0.274658203125 -0.4532470703125
-0.536834716796875 0.466522216796875 -0.42596435546875 -0.15203857421875
-0.44482421875 0.539794921875 -0.53350830078125 0.0636291503906249
-0.14544677734375 0.68023681640625 -0.412933349609375 0.335693359375
-0.01678466796875 0.68621826171875 -0.53350830078125 0.37628173828125
-0.075531005859375 0.33978271484375 0.59881591796875 0.8001708984375
-0.075408935546875 0.309844970703125 0.408203125 0.61846923828125
-0.221282958984375 0.18603515625 0.2923583984375 0.23138427734375
-0.274566650390625 0.106460571289063 0.38720703125 0.19696044921875
-0.336212158203125 -0.00863647460937507 0.6614990234375 0.13848876953125
-0.4576416015625 -0.0377502441406249 0.9691162109375 0.16717529296875
-0.443878173828125 -0.0417175292968751 1.135498046875 0.1485595703125
-0.439697265625 -0.09307861328125 1.02197265625 0.0439453125
-0.509246826171875 -0.0683593750000001 0.6915283203125 -0.2767333984375
-0.473388671875 0.00570678710937509 0.268096923828125 -0.53076171875
-0.41668701171875 0.0888366699218749 -0.1981201171875 -0.520355224609375
-0.298126220703125 0.26287841796875 -0.4256591796875 -0.16497802734375
-0.242218017578125 0.306243896484375 -0.532745361328125 0.142852783203125
-0.06292724609375 0.38751220703125 -0.400848388671875 0.497344970703125
-0.033172607421875 0.4078369140625 -0.52386474609375 0.59429931640625
-0.0576171875 0.00335693359375001 0.400390625 -0.67547607421875
0.0186748504638672 -0.0155029296875 0.38726806640625 -0.5533447265625
-0.00529289245605469 -0.0140981674194336 0.40936279296875 -0.1832275390625
-0.0172004699707031 -0.00581836700439453 0.412933349609375 0.177947998046875
-0.0059814453125 -0.0275745391845703 0.089508056640625 0.493377685546875
0.0307159423828125 -0.0421562194824219 -0.3402099609375 0.54022216796875
0.0185012817382813 -0.0295333862304688 -0.78436279296875 0.29248046875
0.0436325073242188 -0.0348129272460938 -1.06488037109375 -0.000976562500000022
0.0614509582519531 -0.00420761108398437 -1.15673828125 -0.1314697265625
0.0559921264648438 -0.0221290588378906 -0.95965576171875 -0.18023681640625
0.0636253356933594 0.0109939575195313 -0.61444091796875 -0.0322875976562499
0.055328369140625 0.0203094482421875 -0.288787841796875 -0.0697021484374999
0.0223770141601563 -0.00848960876464844 -0.188507080078125 -0.295379638671875
0.0222854614257812 -0.0457534790039063 -0.350341796875 -0.57818603515625
-0.00573348999023437 -0.0540504455566406 -0.5196533203125 -0.88720703125
-0.029998779296875 0.391632080078125 0.41656494140625 -0.61517333984375
-0.00842285156250003 0.351165771484375 0.421966552734375 -0.4879150390625
-0.189117431640625 0.314788818359375 0.435943603515625 -0.200408935546875
-0.30438232421875 0.21453857421875 0.4451904296875 0.191864013671875
-0.37176513671875 0.0653381347656249 0.14154052734375 0.4766845703125
-0.412322998046875 -0.009185791015625 -0.285003662109375 0.548309326171875
-0.418609619140625 -0.047027587890625 -0.7255859375 0.3284912109375
-0.34637451171875 -0.14111328125 -0.98809814453125 0.0367431640624999
-0.35003662109375 -0.1087646484375 -1.114013671875 -0.10614013671875
-0.311248779296875 -0.0827026367187501 -0.95220947265625 -0.16339111328125
-0.259017944335938 -0.000488281249999948 -0.61279296875 -0.0408935546875
-0.20648193359375 0.133514404296875 -0.283294677734375 -0.0736999511718749
-0.210617065429687 0.152450561523438 -0.201202392578125 -0.29766845703125
-0.111404418945312 0.219924926757813 -0.338836669921875 -0.5614013671875
-0.0233001708984375 0.25091552734375 -0.5067138671875 -0.8721923828125
-0.01470947265625 0.71466064453125 0.47064208984375 -0.44189453125
-0.0420532226562499 0.66290283203125 0.47613525390625 -0.33154296875
-0.35382080078125 0.5936279296875 0.47576904296875 -0.173980712890625
-0.55908203125 0.4066162109375 0.497894287109375 0.201080322265625
-0.69622802734375 0.1473388671875 0.251556396484375 0.42608642578125
-0.8070068359375 0.0233154296874999 -0.123748779296875 0.51165771484375
-0.7955322265625 -0.0627441406250002 -0.516326904296875 0.33489990234375
-0.68719482421875 -0.22662353515625 -0.7552490234375 0.0735473632812498
-0.7269287109375 -0.18939208984375 -0.94537353515625 -0.0811157226562502
-0.66693115234375 -0.116943359375 -0.87060546875 -0.154541015625
-0.583740234375 0.01904296875 -0.60430908203125 -0.0657348632812499
-0.460174560546875 0.27386474609375 -0.311370849609375 -0.0862426757812499
-0.42718505859375 0.333740234375 -0.265350341796875 -0.288970947265625
-0.219329833984375 0.482208251953125 -0.358673095703125 -0.488922119140625
-0.0333251953125 0.53289794921875 -0.51422119140625 -0.75079345703125
-0.01641845703125 0.9215087890625 0.528900146484375 -0.184326171875
-0.0794677734374999 0.8575439453125 0.52911376953125 -0.10791015625
-0.47930908203125 0.7608642578125 0.507904052734375 -0.108154296875
-0.7373046875 0.52239990234375 0.5450439453125 0.206634521484375
-0.91998291015625 0.19732666015625 0.396881103515625 0.34503173828125
-1.0806884765625 0.0448608398437498 0.12921142578125 0.432220458984375
-1.0496826171875 -0.0668334960937498 -0.18865966796875 0.3114013671875
-0.9256591796875 -0.27386474609375 -0.409515380859375 0.10205078125
-1.008056640625 -0.22467041015625 -0.66156005859375 -0.0697631835937499
-0.95794677734375 -0.1016845703125 -0.7012939453125 -0.171630859375
-0.85888671875 0.0911865234375 -0.5645751953125 -0.12249755859375
-0.654052734375 0.44512939453125 -0.358795166015625 -0.097412109375
-0.58050537109375 0.52593994140625 -0.36083984375 -0.243011474609375
-0.271728515625 0.71270751953125 -0.399261474609375 -0.339874267578125
-0.0240478515624999 0.748046875 -0.53564453125 -0.5274658203125
-0.0275268554687501 0.9752197265625 0.58148193359375 0.11083984375
-0.11370849609375 0.896728515625 0.553466796875 0.1380615234375
-0.537109375 0.77276611328125 0.50665283203125 -0.00833129882812495
-0.79608154296875 0.51861572265625 0.559478759765625 0.21136474609375
-0.98577880859375 0.18157958984375 0.53515625 0.257293701171875
-1.1741943359375 0.0336914062499998 0.41461181640625 0.3297119140625
-1.135498046875 -0.0728759765625 0.203536987304687 0.261688232421875
-1.02093505859375 -0.27789306640625 0.00308990478515619 0.108573913574219
-1.1407470703125 -0.2177734375 -0.292694091796875 -0.092803955078125
-1.10888671875 -0.0562133789062501 -0.453125 -0.241973876953125
-0.99920654296875 0.1715087890625 -0.488616943359375 -0.219146728515625
-0.74102783203125 0.57281494140625 -0.400177001953125 -0.111846923828125
-0.63446044921875 0.662109375 -0.450958251953125 -0.150909423828125
-0.26116943359375 0.8521728515625 -0.424102783203125 -0.1263427734375
-0.00488281250000009 0.863037109375 -0.54534912109375 -0.233062744140625
-0.0499267578125 0.87359619140625 0.6107177734375 0.39532470703125
-0.1356201171875 0.78546142578125 0.535888671875 0.361602783203125
-0.51458740234375 0.63250732421875 0.4583740234375 0.09649658203125
-0.71783447265625 0.40289306640625 0.52191162109375 0.215240478515625
-0.87457275390625 0.11083984375 0.6263427734375 0.188720703125
-1.065185546875 -0.000183105468749858 0.67303466796875 0.23944091796875
-1.03936767578125 -0.0779418945312499 0.5928955078125 0.206787109375
-0.96087646484375 -0.2464599609375 0.416290283203125 0.09564208984375
-1.0916748046875 -0.17901611328125 0.0988006591796874 -0.147384643554688
-1.0616455078125 -0.0130615234374999 -0.17120361328125 -0.344879150390625
-0.95635986328125 0.20562744140625 -0.383148193359375 -0.337646484375
-0.6871337890625 0.588134765625 -0.4219970703125 -0.12689208984375
-0.576904296875 0.67376708984375 -0.507568359375 -0.0351257324218749
-0.2086181640625 0.84368896484375 -0.4215087890625 0.11724853515625
0.00189208984374991 0.84173583984375 -0.53790283203125 0.0854187011718751
-0.0694580078125 0.6478271484375 0.6168212890625 0.63128662109375
-0.12384033203125 0.56732177734375 0.477508544921875 0.524078369140625
-0.401641845703125 0.410064697265625 0.3751220703125 0.178466796875
-0.52508544921875 0.241973876953125 0.45263671875 0.20941162109375
-0.63525390625 0.03466796875 0.66015625 0.1485595703125
-0.80059814453125 -0.0332641601562501 0.859619140625 0.1781005859375
-0.7913818359375 -0.0673828125 0.91412353515625 0.16461181640625
-0.7569580078125 -0.17864990234375 0.77215576171875 0.06683349609375
-0.86566162109375 -0.1258544921875 0.44293212890625 -0.215423583984375
-0.8280029296875 0.01025390625 0.0836486816406249 -0.450042724609375
-0.73895263671875 0.173828125 -0.27886962890625 -0.443603515625
-0.5234375 0.47149658203125 -0.423431396484375 -0.145111083984375
-0.434539794921875 0.544189453125 -0.52740478515625 0.0719604492187501
-0.13507080078125 0.67669677734375 -0.40411376953125 0.339752197265625
-0.00531005859374995 0.6798095703125 -0.5224609375 0.379608154296875
-0.068878173828125 0.338165283203125 0.6051025390625 0.78448486328125
-0.069366455078125 0.30682373046875 0.4132080078125 0.60797119140625
-0.217117309570313 0.187118530273437 0.291015625 0.225982666015625
-0.269607543945313 0.109237670898438 0.3863525390625 0.190765380859375
-0.333404541015625 -0.00259399414062507 0.65472412109375 0.12677001953125
-0.452392578125 -0.029327392578125 0.96197509765625 0.14910888671875
-0.43988037109375 -0.0338134765624999 1.129150390625 0.126953125
-0.436798095703125 -0.086212158203125 1.01397705078125 0.02789306640625
-0.505340576171875 -0.0596313476562499 0.6824951171875 -0.2835693359375
-0.469207763671875 0.0133056640625001 0.25689697265625 -0.529510498046875
-0.412353515625 0.0943298339843751 -0.203125 -0.5123291015625
-0.290863037109375 0.265869140625 -0.422271728515625 -0.156402587890625
-0.235595703125 0.308319091796875 -0.524810791015625 0.150299072265625
-0.05621337890625 0.385711669921875 -0.3880615234375 0.49798583984375
-0.026458740234375 0.404144287109375 -0.50958251953125 0.5970458984375
-0.0574569702148437 0.00447082519531249 0.38568115234375 -0.67333984375
0.0179882049560547 -0.0162715911865234 0.375396728515625 -0.55169677734375
-0.00553607940673828 -0.0143165588378906 0.403106689453125 -0.188385009765625
-0.0170755386352539 -0.00506591796875 0.4102783203125 0.170501708984375
-0.00653457641601563 -0.0268192291259766 0.094696044921875 0.48651123046875
0.0310287475585938 -0.0422935485839844 -0.329742431640625 0.540252685546875
0.0184001922607422 -0.0293483734130859 -0.77716064453125 0.3006591796875
0.0433273315429688 -0.0352363586425781 -1.0562744140625 0.0139160156249999
0.0614089965820312 -0.00519180297851563 -1.1488037109375 -0.1131591796875
0.0550575256347656 -0.0228424072265625 -0.95440673828125 -0.1676025390625
0.0631484985351563 0.00974273681640625 -0.60943603515625 -0.0233154296875
0.055328369140625 0.0187110900878906 -0.28460693359375 -0.066680908203125
0.0224723815917969 -0.00835227966308594 -0.189117431640625 -0.29071044921875
0.0214996337890625 -0.0450363159179688 -0.35382080078125 -0.56829833984375
-0.0072479248046875 -0.05328369140625 -0.5255126953125 -0.87237548828125
-0.024993896484375 0.388702392578125 0.4041748046875 -0.6138916015625
-0.00369262695312504 0.347564697265625 0.4090576171875 -0.487884521484375
-0.183685302734375 0.31500244140625 0.428466796875 -0.204010009765625
-0.30010986328125 0.216522216796875 0.442474365234375 0.1839599609375
-0.368408203125 0.069732666015625 0.14569091796875 0.469482421875
-0.4080810546875 -0.00296020507812508 -0.27734375 0.54736328125
-0.414825439453125 -0.04083251953125 -0.71405029296875 0.3341064453125
-0.345428466796875 -0.136474609375 -0.97796630859375 0.052490234375
-0.34857177734375 -0.1036376953125 -1.10693359375 -0.0885009765625002
-0.31005859375 -0.07794189453125 -0.94671630859375 -0.1494140625
-0.2569580078125 0.00155639648437499 -0.60833740234375 -0.03131103515625
-0.201675415039062 0.1341552734375 -0.279937744140625 -0.0720062255859375
-0.205978393554688 0.154190063476562 -0.20208740234375 -0.29327392578125
-0.107009887695313 0.219375610351563 -0.34283447265625 -0.551727294921875
-0.0208282470703125 0.248703002929687 -0.51226806640625 -0.85784912109375
-0.00518798828124999 0.7088623046875 0.4576416015625 -0.443328857421875
-0.0313110351562499 0.65618896484375 0.46710205078125 -0.33404541015625
-0.3448486328125 0.593505859375 0.467498779296875 -0.178375244140625
-0.549468994140625 0.41107177734375 0.49542236328125 0.19146728515625
-0.689453125 0.156005859375 0.25421142578125 0.418426513671875
-0.80010986328125 0.03314208984375 -0.11614990234375 0.507843017578125
-0.79052734375 -0.05047607421875 -0.509552001953125 0.3380126953125
-0.68316650390625 -0.2158203125 -0.74835205078125 0.0834960937499998
-0.72314453125 -0.17926025390625 -0.9395751953125 -0.06866455078125
-0.66314697265625 -0.10833740234375 -0.86480712890625 -0.13983154296875
-0.57855224609375 0.02679443359375 -0.5985107421875 -0.0574951171875
-0.451171875 0.2772216796875 -0.30810546875 -0.082672119140625
-0.41766357421875 0.33697509765625 -0.264739990234375 -0.28436279296875
-0.212249755859375 0.48114013671875 -0.362701416015625 -0.48046875
-0.027801513671875 0.527496337890625 -0.52044677734375 -0.73773193359375
-0.00286865234374998 0.91412353515625 0.5218505859375 -0.18914794921875
-0.0675048828125001 0.84912109375 0.522705078125 -0.113037109375
-0.46551513671875 0.76129150390625 0.497833251953125 -0.111785888671875
-0.72540283203125 0.52880859375 0.543121337890625 0.196197509765625
-0.90985107421875 0.20709228515625 0.3984375 0.3349609375
-1.0704345703125 0.0579833984375002 0.132781982421875 0.425048828125
-1.042236328125 -0.0535888671874999 -0.183074951171875 0.310455322265625
-0.9200439453125 -0.2601318359375 -0.40484619140625 0.10748291015625
-1.00482177734375 -0.21063232421875 -0.6573486328125 -0.0606079101562501
-0.951171875 -0.0884399414062498 -0.6998291015625 -0.16107177734375
-0.84991455078125 0.10009765625 -0.561431884765625 -0.1131591796875
-0.64080810546875 0.44940185546875 -0.35491943359375 -0.0953674316406249
-0.5677490234375 0.52777099609375 -0.35919189453125 -0.2369384765625
-0.2587890625 0.7109375 -0.39935302734375 -0.331878662109375
-0.0142211914062501 0.74298095703125 -0.53900146484375 -0.516387939453125
-0.0130615234374999 0.9659423828125 0.57647705078125 0.10308837890625
-0.0996704101562501 0.8880615234375 0.550140380859375 0.13006591796875
-0.52423095703125 0.7734375 0.49859619140625 -0.01409912109375
-0.78240966796875 0.52740478515625 0.55572509765625 0.20269775390625
-0.97528076171875 0.19482421875 0.532257080078125 0.247100830078125
-1.1641845703125 0.0498046874999999 0.414886474609375 0.319305419921875
-1.126220703125 -0.0565185546875 0.205123901367187 0.255905151367188
-1.01788330078125 -0.2650146484375 0.00450134277343744 0.107795715332031
-1.135009765625 -0.20068359375 -0.2916259765625 -0.087615966796875
-1.0977783203125 -0.0413818359374998 -0.453125 -0.23321533203125
-0.98822021484375 0.1822509765625 -0.485107421875 -0.209716796875
-0.72613525390625 0.578125 -0.396331787109375 -0.105865478515625
-0.61810302734375 0.66546630859375 -0.447723388671875 -0.14501953125
-0.24871826171875 0.85009765625 -0.42108154296875 -0.119964599609375
0.00726318359375002 0.85467529296875 -0.544158935546875 -0.22564697265625
-0.03826904296875 0.86773681640625 0.60955810546875 0.38543701171875
-0.1243896484375 0.7786865234375 0.536224365234375 0.35272216796875
-0.50274658203125 0.634033203125 0.4525146484375 0.090972900390625
-0.7061767578125 0.4105224609375 0.51995849609375 0.206787109375
-0.865966796875 0.12158203125 0.62115478515625 0.17669677734375
-1.05596923828125 0.0147705078125001 0.67041015625 0.22564697265625
-1.0308837890625 -0.0615234375000002 0.58929443359375 0.19610595703125
-0.95794677734375 -0.23199462890625 0.4150390625 0.088470458984375
-1.08642578125 -0.16314697265625 0.0962829589843749 -0.146438598632813
-1.05364990234375 0.000671386718750223 -0.175750732421875 -0.339019775390625
-0.94580078125 0.2176513671875 -0.385650634765625 -0.328643798828125
-0.673095703125 0.59185791015625 -0.41705322265625 -0.121429443359375
-0.56109619140625 0.67498779296875 -0.502410888671875 -0.027984619140625
-0.19659423828125 0.84002685546875 -0.416046142578125 0.120697021484375
0.01177978515625 0.83349609375 -0.532958984375 0.08935546875
-0.0595703125 0.64263916015625 0.61688232421875 0.616455078125
-0.11572265625 0.5635986328125 0.479888916015625 0.514923095703125
-0.393707275390625 0.41241455078125 0.371307373046875 0.1734619140625
-0.517059326171875 0.246856689453125 0.450164794921875 0.2010498046875
-0.6287841796875 0.04248046875 0.65496826171875 0.137451171875
-0.79541015625 -0.0207519531249999 0.85382080078125 0.1641845703125
-0.78448486328125 -0.0560302734374999 0.9088134765625 0.1495361328125
-0.7530517578125 -0.16778564453125 0.766845703125 0.05645751953125
-0.86163330078125 -0.11279296875 0.436920166015625 -0.218841552734375
-0.82183837890625 0.02099609375 0.076385498046875 -0.444915771484375
-0.73040771484375 0.1802978515625 -0.280609130859375 -0.436431884765625
-0.51202392578125 0.4739990234375 -0.4195556640625 -0.13848876953125
-0.422515869140625 0.545257568359375 -0.52069091796875 0.078155517578125
-0.12457275390625 0.67266845703125 -0.3948974609375 0.341400146484375
0.00396728515624995 0.67425537109375 -0.511138916015625 0.380859375
-0.063629150390625 0.335693359375 0.60955810546875 0.770263671875
-0.0648193359375 0.303314208984375 0.4158935546875 0.59576416015625
-0.212692260742188 0.187637329101562 0.288787841796875 0.220794677734375
-0.265792846679688 0.113082885742188 0.384857177734375 0.18505859375
-0.330474853515625 0.00222778320312503 0.64898681640625 0.11627197265625
-0.44891357421875 -0.02362060546875 0.956787109375 0.1328125
-0.43658447265625 -0.02764892578125 1.12164306640625 0.11199951171875
-0.43487548828125 -0.0788574218750001 1.00689697265625 0.01287841796875
-0.502044677734375 -0.0521240234375 0.6741943359375 -0.28973388671875
-0.46435546875 0.01904296875 0.249298095703125 -0.52593994140625
-0.407318115234375 0.098876953125 -0.2073974609375 -0.503997802734375
-0.284881591796875 0.266693115234375 -0.41864013671875 -0.149566650390625
-0.229736328125 0.30865478515625 -0.51751708984375 0.1553955078125
-0.05181884765625 0.383270263671875 -0.37738037109375 0.499053955078125
-0.02044677734375 0.400634765625 -0.49578857421875 0.59649658203125
-0.057769775390625 0.00554275512695313 0.37249755859375 -0.67120361328125
0.0175619125366211 -0.0169525146484375 0.3636474609375 -0.551025390625
-0.00583171844482422 -0.0143394470214844 0.39630126953125 -0.190826416015625
-0.0175838470458984 -0.00477981567382813 0.407684326171875 0.1639404296875
-0.00731849670410156 -0.0260429382324219 0.09918212890625 0.4805908203125
0.0309066772460938 -0.0422782897949219 -0.321563720703125 0.539093017578125
0.0184783935546875 -0.0294094085693359 -0.76806640625 0.30694580078125
0.0430450439453125 -0.0358085632324219 -1.04693603515625 0.0264892578125
0.0610771179199219 -0.00574111938476562 -1.1390380859375 -0.0972900390624998
0.0543289184570313 -0.0233802795410156 -0.94683837890625 -0.15350341796875
0.062835693359375 0.008636474609375 -0.6024169921875 -0.01666259765625
0.0553359985351562 0.0167655944824219 -0.281707763671875 -0.064300537109375
0.0225677490234375 -0.0084228515625 -0.18890380859375 -0.287445068359375
0.0203933715820313 -0.0449028015136719 -0.35638427734375 -0.561065673828125
-0.00783538818359375 -0.0523681640625 -0.531494140625 -0.85906982421875
-0.019378662109375 0.38519287109375 0.39093017578125 -0.612548828125
6.10351562499831E-05 0.343292236328125 0.40032958984375 -0.489471435546875
-0.17889404296875 0.3143310546875 0.4215087890625 -0.206756591796875
-0.295166015625 0.21954345703125 0.44036865234375 0.176361083984375
-0.364990234375 0.0736083984374999 0.15008544921875 0.4638671875
-0.40472412109375 0.00186157226562493 -0.2681884765625 0.544647216796875
-0.411376953125 -0.0360107421875 -0.706787109375 0.34002685546875
-0.343170166015625 -0.1312255859375 -0.969482421875 0.0619506835937501
-0.34710693359375 -0.0984497070312499 -1.09814453125 -0.0742187500000002
-0.30810546875 -0.074371337890625 -0.93994140625 -0.1368408203125
-0.253753662109375 0.00480651855468748 -0.60302734375 -0.0242309570312501
-0.197906494140625 0.135177612304688 -0.276290893554687 -0.069305419921875
-0.202499389648437 0.155563354492188 -0.201751708984375 -0.2889404296875
-0.104568481445312 0.219146728515625 -0.343292236328125 -0.544158935546875
-0.018096923828125 0.2467041015625 -0.52001953125 -0.84454345703125
0.00378417968750004 0.7012939453125 0.4476318359375 -0.444122314453125
-0.0239868164062501 0.65045166015625 0.45880126953125 -0.335906982421875
-0.3349609375 0.59234619140625 0.459197998046875 -0.181640625
-0.541046142578125 0.415771484375 0.492218017578125 0.18316650390625
-0.68310546875 0.16265869140625 0.2559814453125 0.410247802734375
-0.792236328125 0.04254150390625 -0.10906982421875 0.503387451171875
-0.784423828125 -0.04193115234375 -0.50140380859375 0.34075927734375
-0.67987060546875 -0.2080078125 -0.74212646484375 0.0914306640625001
-0.7193603515625 -0.16888427734375 -0.9317626953125 -0.0551147460937501
-0.65802001953125 -0.10040283203125 -0.86187744140625 -0.128173828125
-0.57147216796875 0.0328979492187499 -0.59356689453125 -0.0489501953124999
-0.44171142578125 0.278564453125 -0.30450439453125 -0.08050537109375
-0.40802001953125 0.339263916015625 -0.2635498046875 -0.27923583984375
-0.20330810546875 0.479248046875 -0.3631591796875 -0.4720458984375
-0.022705078125 0.5224609375 -0.52435302734375 -0.727783203125
0.0103759765624999 0.90576171875 0.5123291015625 -0.192413330078125
-0.05548095703125 0.84149169921875 0.51513671875 -0.11749267578125
-0.45330810546875 0.760986328125 0.49053955078125 -0.116119384765625
-0.71209716796875 0.5345458984375 0.54071044921875 0.188018798828125
-0.9019775390625 0.2169189453125 0.395599365234375 0.32745361328125
-1.0634765625 0.0694580078125 0.13543701171875 0.417205810546875
-1.03521728515625 -0.0405273437499998 -0.178436279296875 0.310089111328125
-0.9144287109375 -0.24700927734375 -0.400848388671875 0.110015869140625
-0.999755859375 -0.1953125 -0.65350341796875 -0.0498657226562501
-0.9449462890625 -0.0777587890624999 -0.6962890625 -0.15020751953125
-0.8399658203125 0.1104736328125 -0.55731201171875 -0.1055908203125
-0.62884521484375 0.45367431640625 -0.3502197265625 -0.09149169921875
-0.55487060546875 0.531829833984375 -0.357635498046875 -0.230743408203125
-0.25 0.70806884765625 -0.398590087890625 -0.325958251953125
-0.00427246093750007 0.735595703125 -0.54022216796875 -0.5067138671875
-0.00122070312500005 0.95867919921875 0.57196044921875 0.0975341796875001
-0.0882568359375 0.88067626953125 0.54644775390625 0.12420654296875
-0.51116943359375 0.77203369140625 0.490264892578125 -0.018157958984375
-0.77130126953125 0.53106689453125 0.55218505859375 0.193756103515625
-0.96563720703125 0.20416259765625 0.5296630859375 0.237396240234375
-1.152099609375 0.063232421875 0.4136962890625 0.310516357421875
-1.11669921875 -0.0422363281250001 0.206939697265625 0.2509765625
-1.010986328125 -0.25177001953125 0.00637817382812494 0.106475830078125
-1.1297607421875 -0.1856689453125 -0.290618896484375 -0.08258056640625
-1.0909423828125 -0.0291748046875 -0.45281982421875 -0.224273681640625
-0.97772216796875 0.192626953125 -0.48419189453125 -0.2020263671875
-0.71099853515625 0.58148193359375 -0.39190673828125 -0.1019287109375
-0.60455322265625 0.6676025390625 -0.445098876953125 -0.138336181640625
-0.23773193359375 0.846435546875 -0.4176025390625 -0.114715576171875
0.01617431640625 0.84649658203125 -0.54254150390625 -0.219146728515625
-0.0255737304687499 0.859375 0.60797119140625 0.376953125
-0.11138916015625 0.77001953125 0.533843994140625 0.344085693359375
-0.491455078125 0.635009765625 0.44622802734375 0.08648681640625
-0.69464111328125 0.4140625 0.516815185546875 0.1995849609375
-0.8592529296875 0.13226318359375 0.61572265625 0.1680908203125
-1.04595947265625 0.02587890625 0.666748046875 0.21478271484375
-1.0235595703125 -0.0494384765625001 0.5867919921875 0.18792724609375
-0.95281982421875 -0.2198486328125 0.41314697265625 0.0826416015625
-1.08056640625 -0.151123046875 0.0939483642578124 -0.1453857421875
-1.0439453125 0.01275634765625 -0.17852783203125 -0.330963134765625
-0.93450927734375 0.2259521484375 -0.38372802734375 -0.320343017578125
-0.6585693359375 0.59429931640625 -0.413177490234375 -0.1173095703125
-0.5511474609375 0.67706298828125 -0.497222900390625 -0.021270751953125
-0.1864013671875 0.8355712890625 -0.409820556640625 0.1243896484375
0.0216674804687501 0.82598876953125 -0.5260009765625 0.0925903320312501
-0.050537109375 0.63677978515625 0.61944580078125 0.60516357421875
-0.106842041015625 0.5572509765625 0.48223876953125 0.50567626953125
-0.385711669921875 0.41326904296875 0.367950439453125 0.168975830078125
-0.50970458984375 0.249847412109375 0.448211669921875 0.194549560546875
-0.62200927734375 0.0512695312500001 0.6484375 0.12774658203125
-0.787841796875 -0.0122070312499999 0.84765625 0.15093994140625
-0.7784423828125 -0.04547119140625 0.9027099609375 0.13555908203125
-0.7481689453125 -0.15765380859375 0.761474609375 0.04644775390625
-0.8565673828125 -0.10345458984375 0.431121826171875 -0.221099853515625
-0.81610107421875 0.0299682617187501 0.0706787109375 -0.439117431640625
-0.72332763671875 0.187744140625 -0.282440185546875 -0.426788330078125
-0.503875732421875 0.476287841796875 -0.41668701171875 -0.133758544921875
-0.412872314453125 0.5460205078125 -0.514801025390625 0.08489990234375
-0.1173095703125 0.66925048828125 -0.38653564453125 0.342864990234375
0.0128173828125 0.66717529296875 -0.50103759765625 0.381805419921875
-0.05914306640625 0.33392333984375 0.61358642578125 0.75494384765625
-0.060546875 0.300506591796875 0.4178466796875 0.58758544921875
-0.20941162109375 0.1876220703125 0.2874755859375 0.21710205078125
-0.261306762695313 0.114852905273437 0.3819580078125 0.1793212890625
-0.327239990234375 0.00735473632812494 0.64495849609375 0.10760498046875
-0.44500732421875 -0.017059326171875 0.9501953125 0.12078857421875
-0.431610107421875 -0.020599365234375 1.114501953125 0.09564208984375
-0.431793212890625 -0.073944091796875 0.99884033203125 0.00213623046875
-0.5001220703125 -0.0457763671875 0.66552734375 -0.29437255859375
-0.4599609375 0.0227966308593749 0.24151611328125 -0.521636962890625
-0.40447998046875 0.102020263671875 -0.20965576171875 -0.496307373046875
-0.278594970703125 0.268707275390625 -0.41558837890625 -0.144805908203125
-0.2242431640625 0.30902099609375 -0.510040283203125 0.1600341796875
-0.04681396484375 0.379302978515625 -0.368011474609375 0.49884033203125
-0.014495849609375 0.39892578125 -0.4833984375 0.59503173828125
-0.0575485229492188 0.00630950927734374 0.3597412109375 -0.66815185546875
0.0168743133544922 -0.01776123046875 0.35345458984375 -0.550567626953125
-0.00615501403808594 -0.014643669128418 0.39080810546875 -0.194549560546875
-0.0174379348754883 -0.00406551361083984 0.404388427734375 0.157012939453125
-0.00746345520019531 -0.0253562927246094 0.103485107421875 0.4747314453125
0.0308876037597656 -0.0422821044921875 -0.314483642578125 0.537811279296875
0.0189723968505859 -0.0290508270263672 -0.76019287109375 0.31158447265625
0.0427818298339844 -0.0358161926269531 -1.038330078125 0.0369262695312499
0.0611114501953125 -0.00631332397460937 -1.1334228515625 -0.0853271484374998
0.0534706115722656 -0.0238075256347656 -0.94366455078125 -0.1434326171875
0.0626029968261719 0.00785446166992188 -0.59674072265625 -0.0104980468749999
0.05548095703125 0.0157470703125 -0.278396606445313 -0.0617523193359376
0.0224609375 -0.00819969177246094 -0.188323974609375 -0.284149169921875
0.0195236206054688 -0.0445327758789063 -0.35888671875 -0.552764892578125
-0.00889587402343751 -0.0508995056152344 -0.53631591796875 -0.84564208984375
-0.01544189453125 0.3831787109375 0.3812255859375 -0.6103515625
0.00387573242187503 0.33856201171875 0.390106201171875 -0.487335205078125
-0.17498779296875 0.3138427734375 0.41314697265625 -0.2099609375
-0.2911376953125 0.22198486328125 0.436676025390625 0.169342041015625
-0.36163330078125 0.0771484375000001 0.152862548828125 0.457733154296875
-0.400604248046875 0.00585937499999993 -0.2607421875 0.542236328125
-0.409088134765625 -0.0313720703125001 -0.69793701171875 0.343017578125
-0.3419189453125 -0.128326416015625 -0.96173095703125 0.0725708007812499
-0.345733642578125 -0.0941162109374999 -1.08966064453125 -0.0618896484375001
-0.306427001953125 -0.07122802734375 -0.9346923828125 -0.1258544921875
-0.251296997070313 0.00695800781250001 -0.5970458984375 -0.0172729492187499
-0.193862915039063 0.134841918945313 -0.273483276367188 -0.067901611328125
-0.198043823242187 0.155990600585938 -0.201446533203125 -0.2860107421875
-0.101531982421875 0.218185424804688 -0.345947265625 -0.538482666015625
-0.01580810546875 0.24444580078125 -0.52301025390625 -0.8323974609375
0.01226806640625 0.6962890625 0.43817138671875 -0.4427490234375
-0.01641845703125 0.64227294921875 0.45147705078125 -0.338287353515625
-0.3265380859375 0.59307861328125 0.45123291015625 -0.183624267578125
-0.53289794921875 0.418243408203125 0.4888916015625 0.176666259765625
-0.677490234375 0.16943359375 0.2569580078125 0.40380859375
-0.786376953125 0.0499877929687501 -0.104949951171875 0.498321533203125
-0.778564453125 -0.0336303710937502 -0.494598388671875 0.342193603515625
-0.6761474609375 -0.200927734375 -0.735107421875 0.0985107421874998
-0.71588134765625 -0.1607666015625 -0.92431640625 -0.0440063476562498
-0.65545654296875 -0.0928344726562499 -0.85577392578125 -0.11785888671875
-0.5660400390625 0.03643798828125 -0.58880615234375 -0.0424804687500001
-0.435821533203125 0.282318115234375 -0.30120849609375 -0.078277587890625
-0.4013671875 0.341156005859375 -0.262664794921875 -0.275772094726563
-0.198944091796875 0.478790283203125 -0.364013671875 -0.465789794921875
-0.016754150390625 0.51739501953125 -0.528076171875 -0.71636962890625
0.0197143554687499 0.89862060546875 0.505584716796875 -0.1947021484375
-0.0468750000000001 0.83270263671875 0.510009765625 -0.12066650390625
-0.4427490234375 0.76153564453125 0.482513427734375 -0.1175537109375
-0.7020263671875 0.53900146484375 0.536224365234375 0.180908203125
-0.8944091796875 0.22601318359375 0.395751953125 0.321136474609375
-1.0526123046875 0.0790405273437502 0.138336181640625 0.411590576171875
-1.02587890625 -0.0305175781250002 -0.174102783203125 0.308380126953125
-0.91107177734375 -0.2374267578125 -0.39495849609375 0.1136474609375
-0.993896484375 -0.18389892578125 -0.64764404296875 -0.04339599609375
-0.93865966796875 -0.0673828124999999 -0.69390869140625 -0.14117431640625
-0.8316650390625 0.1170654296875 -0.552154541015625 -0.0976562499999999
-0.6182861328125 0.45538330078125 -0.346893310546875 -0.0887451171874999
-0.54412841796875 0.53289794921875 -0.355743408203125 -0.226715087890625
-0.24072265625 0.70379638671875 -0.397491455078125 -0.320098876953125
0.00213623046875006 0.72906494140625 -0.541595458984375 -0.499664306640625
0.00970458984374994 0.9498291015625 0.56719970703125 0.09124755859375
-0.07781982421875 0.87109375 0.542633056640625 0.11883544921875
-0.49859619140625 0.7745361328125 0.483642578125 -0.02252197265625
-0.75872802734375 0.53643798828125 0.549530029296875 0.1883544921875
-0.958251953125 0.21246337890625 0.5247802734375 0.22967529296875
-1.1436767578125 0.0745849609374998 0.414215087890625 0.301727294921875
-1.10955810546875 -0.03216552734375 0.207839965820312 0.246994018554688
-1.0067138671875 -0.238037109375 0.0075149536132812 0.105171203613281
-1.124267578125 -0.173583984375 -0.288848876953125 -0.0783996582031251
-1.083740234375 -0.0170898437499998 -0.45263671875 -0.215972900390625
-0.9683837890625 0.20068359375 -0.480926513671875 -0.194732666015625
-0.69744873046875 0.58331298828125 -0.387969970703125 -0.0992431640625
-0.59405517578125 0.6685791015625 -0.440460205078125 -0.1329345703125
-0.227783203125 0.8409423828125 -0.41412353515625 -0.1094970703125
0.0239868164062501 0.838623046875 -0.540252685546875 -0.21331787109375
-0.0167846679687499 0.85272216796875 0.60626220703125 0.36688232421875
-0.10369873046875 0.76123046875 0.531829833984375 0.336944580078125
-0.48150634765625 0.63446044921875 0.440887451171875 0.082550048828125
-0.68475341796875 0.41796875 0.51324462890625 0.193206787109375
-0.8519287109375 0.1385498046875 0.61083984375 0.16046142578125
-1.03802490234375 0.03857421875 0.66302490234375 0.20306396484375
-1.0162353515625 -0.0382690429687502 0.5848388671875 0.17974853515625
-0.9473876953125 -0.2100830078125 0.4117431640625 0.07781982421875
-1.0745849609375 -0.1375732421875 0.0917816162109374 -0.144256591796875
-1.03582763671875 0.0238647460937499 -0.180267333984375 -0.3255615234375
-0.92449951171875 0.23309326171875 -0.383392333984375 -0.313232421875
-0.64605712890625 0.5970458984375 -0.410003662109375 -0.11297607421875
-0.53802490234375 0.67919921875 -0.492767333984375 -0.01605224609375
-0.1767578125 0.82928466796875 -0.40386962890625 0.1263427734375
0.03118896484375 0.8177490234375 -0.520782470703125 0.095458984375
-0.04412841796875 0.63214111328125 0.6201171875 0.59454345703125
-0.1014404296875 0.55303955078125 0.47979736328125 0.497344970703125
-0.3787841796875 0.4144287109375 0.363372802734375 0.16375732421875
-0.502410888671875 0.254180908203125 0.444732666015625 0.190338134765625
-0.61700439453125 0.0568237304687499 0.64337158203125 0.11993408203125
-0.7803955078125 -0.00476074218750003 0.8436279296875 0.1387939453125
-0.7716064453125 -0.03656005859375 0.896484375 0.1248779296875
-0.7462158203125 -0.1495361328125 0.75726318359375 0.03753662109375
-0.85223388671875 -0.0937500000000002 0.42724609375 -0.222869873046875
-0.80853271484375 0.0382080078125001 0.06640625 -0.43389892578125
-0.71533203125 0.19317626953125 -0.28326416015625 -0.41815185546875
-0.49188232421875 0.47821044921875 -0.4117431640625 -0.12933349609375
-0.40264892578125 0.546630859375 -0.50799560546875 0.090057373046875
-0.11053466796875 0.66650390625 -0.37890625 0.343841552734375
0.0194091796875 0.6614990234375 -0.4930419921875 0.38232421875
-0.05474853515625 0.331787109375 0.61529541015625 0.7445068359375
-0.057403564453125 0.2979736328125 0.4202880859375 0.57928466796875
-0.206161499023438 0.188156127929688 0.2847900390625 0.212921142578125
-0.25726318359375 0.116378784179688 0.38092041015625 0.174102783203125
-0.324615478515625 0.01123046875 0.638671875 0.10028076171875
-0.441192626953125 -0.0132141113281249 0.94189453125 0.10888671875
-0.428253173828125 -0.016510009765625 1.1058349609375 0.0841064453125
-0.430633544921875 -0.068939208984375 0.992431640625 -0.00860595703125
-0.4952392578125 -0.040618896484375 0.6585693359375 -0.29766845703125
-0.456085205078125 0.0273742675781249 0.2349853515625 -0.517791748046875
-0.400115966796875 0.10516357421875 -0.212493896484375 -0.488555908203125
-0.273178100585938 0.26885986328125 -0.41168212890625 -0.139892578125
-0.218963623046875 0.309417724609375 -0.504547119140625 0.165496826171875
-0.04425048828125 0.378326416015625 -0.358123779296875 0.498077392578125
-0.00973510742187496 0.395111083984375 -0.47125244140625 0.5919189453125
-0.0575408935546875 0.00737380981445314 0.3514404296875 -0.66265869140625
0.0159339904785156 -0.0186080932617188 0.345733642578125 -0.548858642578125
-0.00665664672851562 -0.0146293640136719 0.38525390625 -0.196929931640625
-0.0176239013671875 -0.00345993041992187 0.401580810546875 0.15106201171875
-0.00782394409179688 -0.0245838165283203 0.1060791015625 0.470123291015625
0.0312232971191406 -0.0428123474121094 -0.307373046875 0.536590576171875
0.0189647674560547 -0.0290699005126953 -0.7532958984375 0.31475830078125
0.0427894592285156 -0.0364646911621094 -1.02984619140625 0.0479736328125
0.0609893798828125 -0.00725555419921875 -1.124267578125 -0.0750732421874998
0.0527725219726563 -0.0244598388671875 -0.93890380859375 -0.13262939453125
0.0625648498535156 0.00671768188476563 -0.5908203125 -0.00494384765625013
0.0556106567382813 0.0141563415527344 -0.275283813476563 -0.0608825683593751
0.0226821899414063 -0.00847434997558594 -0.187530517578125 -0.281494140625
0.0189018249511719 -0.044158935546875 -0.357696533203125 -0.547637939453125
-0.00994110107421876 -0.0504112243652344 -0.53973388671875 -0.836669921875
-0.01202392578125 0.380523681640625 0.37164306640625 -0.60675048828125
0.00653076171875 0.335296630859375 0.3804931640625 -0.48779296875
-0.17138671875 0.3135986328125 0.406890869140625 -0.210662841796875
-0.287322998046875 0.2230224609375 0.433197021484375 0.163909912109375
-0.359344482421875 0.0804748535156249 0.154571533203125 0.45184326171875
-0.396881103515625 0.00860595703125008 -0.25384521484375 0.539306640625
-0.405975341796875 -0.0282287597656251 -0.691650390625 0.34698486328125
-0.340118408203125 -0.124603271484375 -0.95343017578125 0.0806884765624998
-0.3448486328125 -0.08990478515625 -1.084228515625 -0.0513916015624999
-0.305206298828125 -0.0680236816406251 -0.93048095703125 -0.1165771484375
-0.249237060546875 0.00923156738281254 -0.5916748046875 -0.0122680664062501
-0.190582275390625 0.134628295898437 -0.2705078125 -0.0664520263671875
-0.194412231445312 0.156524658203125 -0.200836181640625 -0.28314208984375
-0.098968505859375 0.218002319335938 -0.34747314453125 -0.52978515625
-0.0145263671875 0.24359130859375 -0.52569580078125 -0.8223876953125
0.01776123046875 0.69122314453125 0.429351806640625 -0.442779541015625
-0.0101318359375001 0.6368408203125 0.443878173828125 -0.33807373046875
-0.3211669921875 0.59234619140625 0.44415283203125 -0.186676025390625
-0.5257568359375 0.421417236328125 0.48590087890625 0.16986083984375
-0.67120361328125 0.1739501953125 0.25665283203125 0.398345947265625
-0.77899169921875 0.0560913085937499 -0.10015869140625 0.495635986328125
-0.773193359375 -0.02728271484375 -0.488983154296875 0.342742919921875
-0.67340087890625 -0.19659423828125 -0.72967529296875 0.1044921875
-0.7130126953125 -0.15216064453125 -0.91912841796875 -0.0357666015625002
-0.6512451171875 -0.0870971679687499 -0.853759765625 -0.10791015625
-0.5609130859375 0.0417480468749999 -0.583984375 -0.0370483398437501
-0.428009033203125 0.282501220703125 -0.298065185546875 -0.076751708984375
-0.39422607421875 0.34210205078125 -0.262649536132813 -0.270828247070313
-0.19256591796875 0.476287841796875 -0.36431884765625 -0.460052490234375
-0.012908935546875 0.514129638671875 -0.53021240234375 -0.7061767578125
0.0294189453124999 0.89111328125 0.498992919921875 -0.19720458984375
-0.0382080078125 0.82659912109375 0.50439453125 -0.124237060546875
-0.434814453125 0.760986328125 0.474853515625 -0.1207275390625
-0.6929931640625 0.5423583984375 0.5340576171875 0.1748046875
-0.8856201171875 0.23284912109375 0.3934326171875 0.314239501953125
-1.045166015625 0.0884399414062501 0.141448974609375 0.406494140625
-1.01873779296875 -0.0223999023437501 -0.170318603515625 0.307769775390625
-0.90692138671875 -0.23004150390625 -0.391448974609375 0.117523193359375
-0.9893798828125 -0.17327880859375 -0.64520263671875 -0.0364990234374999
-0.9345703125 -0.0572509765625002 -0.6907958984375 -0.13189697265625
-0.82470703125 0.12255859375 -0.54931640625 -0.09185791015625
-0.6097412109375 0.457763671875 -0.3441162109375 -0.086395263671875
-0.535491943359375 0.533172607421875 -0.35296630859375 -0.22149658203125
-0.232666015625 0.70123291015625 -0.39697265625 -0.314605712890625
0.00738525390625002 0.72332763671875 -0.541595458984375 -0.491455078125
0.02069091796875 0.9415283203125 0.56256103515625 0.0863647460937501
-0.0686645507812499 0.8642578125 0.53900146484375 0.113555908203125
-0.4908447265625 0.77447509765625 0.4771728515625 -0.0252380371093749
-0.74884033203125 0.53900146484375 0.54541015625 0.18084716796875
-0.9486083984375 0.22186279296875 0.522857666015625 0.223663330078125
-1.1341552734375 0.0849609374999999 0.41357421875 0.294586181640625
-1.1016845703125 -0.02325439453125 0.20867919921875 0.243026733398437
-1.002197265625 -0.23077392578125 0.00854492187499994 0.104400634765625
-1.12017822265625 -0.16217041015625 -0.288299560546875 -0.074371337890625
-1.0782470703125 -0.00958251953125018 -0.452423095703125 -0.208831787109375
-0.96014404296875 0.20599365234375 -0.47894287109375 -0.188568115234375
-0.68707275390625 0.58575439453125 -0.384918212890625 -0.0965576171875
-0.583251953125 0.66998291015625 -0.436798095703125 -0.12884521484375
-0.21875 0.83746337890625 -0.412200927734375 -0.105224609375
0.03045654296875 0.8311767578125 -0.538604736328125 -0.208892822265625
-0.00756835937500005 0.84539794921875 0.60345458984375 0.359375
-0.09478759765625 0.755126953125 0.531951904296875 0.32965087890625
-0.47216796875 0.63543701171875 0.435150146484375 0.07928466796875
-0.67803955078125 0.42230224609375 0.50994873046875 0.188232421875
-0.84259033203125 0.14715576171875 0.60662841796875 0.1539306640625
-1.0299072265625 0.0463867187499999 0.6602783203125 0.19451904296875
-1.00811767578125 -0.0296020507812499 0.5809326171875 0.17218017578125
-0.9432373046875 -0.19970703125 0.4093017578125 0.073272705078125
-1.070556640625 -0.12957763671875 0.0900573730468749 -0.143478393554688
-1.029296875 0.0313110351562501 -0.18212890625 -0.31988525390625
-0.91583251953125 0.2373046875 -0.3828125 -0.305511474609375
-0.63555908203125 0.59796142578125 -0.405914306640625 -0.110260009765625
-0.5286865234375 0.6781005859375 -0.487884521484375 -0.0122375488281249
-0.168701171875 0.82550048828125 -0.39947509765625 0.129119873046875
0.03729248046875 0.8115234375 -0.51629638671875 0.0971069335937501
-0.03741455078125 0.6279296875 0.6185302734375 0.58612060546875
-0.0940856933593749 0.54736328125 0.482177734375 0.489837646484375
-0.37335205078125 0.413909912109375 0.359954833984375 0.16131591796875
-0.496795654296875 0.2554931640625 0.44317626953125 0.186065673828125
-0.6121826171875 0.0621337890625001 0.6376953125 0.1131591796875
-0.775390625 0.00402832031249989 0.8377685546875 0.13055419921875
-0.76629638671875 -0.0301513671874999 0.892578125 0.11517333984375
-0.7421875 -0.14373779296875 0.7508544921875 0.0303955078125
-0.847900390625 -0.08697509765625 0.42230224609375 -0.2249755859375
-0.8021240234375 0.0443725585937501 0.061279296875 -0.4310302734375
-0.70965576171875 0.1964111328125 -0.283843994140625 -0.41339111328125
-0.485107421875 0.4798583984375 -0.409149169921875 -0.124908447265625
-0.396942138671875 0.546417236328125 -0.502410888671875 0.093780517578125
-0.10430908203125 0.662109375 -0.37176513671875 0.34478759765625
0.025634765625 0.6556396484375 -0.486572265625 0.38134765625
-0.051300048828125 0.329620361328125 0.615478515625 0.73394775390625
-0.054656982421875 0.295166015625 0.42205810546875 0.57196044921875
-0.20440673828125 0.188751220703125 0.282684326171875 0.209442138671875
-0.254043579101563 0.118011474609375 0.37860107421875 0.1705322265625
-0.321929931640625 0.0148010253906249 0.63360595703125 0.09234619140625
-0.4381103515625 -0.007965087890625 0.93621826171875 0.0986328125
-0.425262451171875 -0.0130615234375 1.09906005859375 0.07220458984375
-0.42730712890625 -0.0645751953125001 0.98516845703125 -0.01812744140625
-0.493621826171875 -0.036285400390625 0.65362548828125 -0.3011474609375
-0.4532470703125 0.0299072265624999 0.230499267578125 -0.51629638671875
-0.3968505859375 0.10748291015625 -0.212921142578125 -0.481842041015625
-0.268600463867188 0.269317626953125 -0.40985107421875 -0.135162353515625
-0.214874267578125 0.309112548828125 -0.498565673828125 0.169158935546875
-0.040557861328125 0.374969482421875 -0.349212646484375 0.4974365234375
-0.00610351562499999 0.392333984375 -0.461181640625 0.59075927734375
-0.0578231811523437 0.00846862792968749 0.34320068359375 -0.66033935546875
0.0155029296875 -0.0194091796875 0.339019775390625 -0.547637939453125
-0.00699996948242188 -0.0148248672485352 0.38079833984375 -0.197601318359375
-0.0175142288208008 -0.00275611877441406 0.398956298828125 0.14544677734375
-0.00823020935058594 -0.0236530303955078 0.107818603515625 0.46588134765625
0.031585693359375 -0.0431175231933594 -0.30218505859375 0.53466796875
0.01953125 -0.0290317535400391 -0.74859619140625 0.3175048828125
0.0424919128417969 -0.0367774963378906 -1.0245361328125 0.0534667968750001
0.0613174438476563 -0.0076141357421875 -1.118408203125 -0.0656127929687499
0.0519866943359375 -0.0248832702636719 -0.935302734375 -0.1259765625
0.0622215270996094 0.00613784790039063 -0.58624267578125 -0.00128173828125012
0.0554885864257812 0.0126838684082031 -0.272262573242187 -0.0594329833984375
0.0228481292724609 -0.0083770751953125 -0.187271118164063 -0.279541015625
0.0183601379394531 -0.0439682006835938 -0.359710693359375 -0.542877197265625
-0.0101699829101563 -0.0494155883789063 -0.541015625 -0.82769775390625
-0.00936889648437496 0.37841796875 0.3624267578125 -0.6044921875
0.00891113281249997 0.3330078125 0.376617431640625 -0.48760986328125
-0.168365478515625 0.313934326171875 0.402740478515625 -0.212249755859375
-0.284637451171875 0.224853515625 0.431976318359375 0.1588134765625
-0.35784912109375 0.0833435058593751 0.157867431640625 0.447174072265625
-0.395111083984375 0.011444091796875 -0.249603271484375 0.5374755859375
-0.404205322265625 -0.02569580078125 -0.68621826171875 0.34954833984375
-0.338897705078125 -0.122100830078125 -0.94708251953125 0.0869750976562498
-0.34320068359375 -0.087005615234375 -1.0775146484375 -0.0424194335937499
-0.304046630859375 -0.0650634765625 -0.92535400390625 -0.10699462890625
-0.2471923828125 0.0101318359375 -0.58758544921875 -0.00732421875000002
-0.187118530273438 0.134429931640625 -0.267623901367188 -0.065765380859375
-0.191299438476563 0.157119750976563 -0.200515747070312 -0.280364990234375
-0.095855712890625 0.218002319335937 -0.34881591796875 -0.526824951171875
-0.0130615234375 0.24188232421875 -0.53167724609375 -0.8150634765625
0.02410888671875 0.6865234375 0.422576904296875 -0.440673828125
-0.00494384765625002 0.6317138671875 0.439178466796875 -0.33990478515625
-0.31573486328125 0.59228515625 0.439300537109375 -0.1883544921875
-0.520172119140625 0.423828125 0.483428955078125 0.165191650390625
-0.66876220703125 0.1785888671875 0.25823974609375 0.393524169921875
-0.7734375 0.0618286132812498 -0.09539794921875 0.492523193359375
-0.76934814453125 -0.0213623046875002 -0.485137939453125 0.344512939453125
-0.67108154296875 -0.188232421875 -0.72430419921875 0.110107421875
-0.71160888671875 -0.14697265625 -0.91546630859375 -0.02911376953125
-0.64764404296875 -0.0814208984374999 -0.84912109375 -0.0994873046875
-0.55706787109375 0.04534912109375 -0.579833984375 -0.0319824218749999
-0.42266845703125 0.282470703125 -0.29583740234375 -0.076629638671875
-0.38824462890625 0.342376708984375 -0.260940551757813 -0.268051147460938
-0.187591552734375 0.47503662109375 -0.36480712890625 -0.45452880859375
-0.00955200195312497 0.5103759765625 -0.5325927734375 -0.699462890625
0.035400390625 0.8853759765625 0.492950439453125 -0.197509765625
-0.0312499999999999 0.81878662109375 0.49981689453125 -0.125946044921875
-0.426513671875 0.76300048828125 0.46881103515625 -0.122222900390625
-0.68621826171875 0.5445556640625 0.531158447265625 0.16827392578125
-0.88116455078125 0.23638916015625 0.392425537109375 0.308258056640625
-1.03863525390625 0.0968017578125 0.14300537109375 0.401092529296875
-1.0126953125 -0.0129394531249999 -0.167327880859375 0.307159423828125
-0.90362548828125 -0.22186279296875 -0.388092041015625 0.118682861328125
-0.98687744140625 -0.16485595703125 -0.64111328125 -0.030517578125
-0.92724609375 -0.05108642578125 -0.688232421875 -0.12603759765625
-0.817626953125 0.127685546875 -0.545013427734375 -0.0875244140625
-0.60101318359375 0.45733642578125 -0.340972900390625 -0.0845947265624999
-0.5260009765625 0.535247802734375 -0.352142333984375 -0.21844482421875
-0.22564697265625 0.70001220703125 -0.396026611328125 -0.310699462890625
0.0126342773437501 0.718017578125 -0.54254150390625 -0.487396240234375
0.0273437499999999 0.93609619140625 0.55828857421875 0.0827941894531251
-0.060302734375 0.85845947265625 0.536041259765625 0.109283447265625
-0.48223876953125 0.77362060546875 0.47113037109375 -0.027069091796875
-0.73895263671875 0.54205322265625 0.543121337890625 0.176025390625
-0.943359375 0.22711181640625 0.51922607421875 0.21905517578125
-1.12445068359375 0.0925903320312498 0.413360595703125 0.28857421875
-1.09515380859375 -0.0148925781249999 0.208969116210937 0.239501953125
-0.99847412109375 -0.224365234375 0.00988769531249994 0.103279113769531
-1.11590576171875 -0.1533203125 -0.286895751953125 -0.0713806152343751
-1.0703125 -0.000366210937499893 -0.452301025390625 -0.2037353515625
-0.95263671875 0.212158203125 -0.4766845703125 -0.1827392578125
-0.67669677734375 0.58697509765625 -0.38226318359375 -0.0950622558593749
-0.573486328125 0.6705322265625 -0.4354248046875 -0.123565673828125
-0.21075439453125 0.8341064453125 -0.409027099609375 -0.103271484375
0.037841796875 0.82427978515625 -0.53778076171875 -0.204833984375
-0.00122070312500005 0.84149169921875 0.6011962890625 0.35467529296875
-0.08856201171875 0.75 0.530029296875 0.324310302734375
-0.4652099609375 0.63623046875 0.430999755859375 0.076019287109375
-0.669189453125 0.425048828125 0.50732421875 0.182281494140625
-0.83746337890625 0.15277099609375 0.60211181640625 0.14788818359375
-1.02178955078125 0.0546264648437499 0.65777587890625 0.18743896484375
-1.0008544921875 -0.0219116210937502 0.58056640625 0.16668701171875
-0.94036865234375 -0.194091796875 0.4072265625 0.069671630859375
-1.0675048828125 -0.118408203125 0.0883026123046874 -0.142135620117188
-1.02337646484375 0.03814697265625 -0.18377685546875 -0.31488037109375
-0.909912109375 0.24273681640625 -0.382537841796875 -0.30072021484375
-0.62677001953125 0.59906005859375 -0.40362548828125 -0.10723876953125
-0.51837158203125 0.6795654296875 -0.484954833984375 -0.00784301757812491
-0.16259765625 0.822509765625 -0.39398193359375 0.1317138671875
0.04254150390625 0.8045654296875 -0.51239013671875 0.0999755859375
-0.0316162109375 0.6248779296875 0.61834716796875 0.57861328125
-0.090240478515625 0.54254150390625 0.483184814453125 0.484283447265625
-0.368865966796875 0.414398193359375 0.35626220703125 0.158447265625
-0.49139404296875 0.259063720703125 0.440277099609375 0.181610107421875
-0.6090087890625 0.066650390625 0.63385009765625 0.10693359375
-0.77056884765625 0.01031494140625 0.83233642578125 0.12322998046875
-0.76116943359375 -0.02496337890625 0.887451171875 0.1090087890625
-0.73846435546875 -0.13665771484375 0.74810791015625 0.02520751953125
-0.84466552734375 -0.0801391601562499 0.418212890625 -0.224639892578125
-0.7977294921875 0.04876708984375 0.059234619140625 -0.4271240234375
-0.7059326171875 0.20098876953125 -0.28485107421875 -0.407135009765625
-0.47735595703125 0.47998046875 -0.406524658203125 -0.122222900390625
-0.3897705078125 0.547576904296875 -0.499053955078125 0.0981140136718751
-0.0999755859375 0.66046142578125 -0.366363525390625 0.34564208984375
0.0306396484375 0.65142822265625 -0.479827880859375 0.380615234375
-0.048187255859375 0.328338623046875 0.61810302734375 0.723388671875
-0.0518798828125 0.292938232421875 0.42266845703125 0.56622314453125
-0.20172119140625 0.188766479492188 0.2806396484375 0.207290649414063
-0.251571655273438 0.119049072265625 0.3765869140625 0.16802978515625
-0.31939697265625 0.0175170898437501 0.62841796875 0.087646484375
-0.434112548828125 -0.0045166015625 0.9327392578125 0.088623046875
-0.42169189453125 -0.00891113281249998 1.09283447265625 0.06298828125
-0.42626953125 -0.0609130859375 0.97979736328125 -0.02484130859375
-0.491607666015625 -0.0321350097656251 0.64764404296875 -0.3028564453125
-0.451202392578125 0.0345153808593751 0.227569580078125 -0.511322021484375
-0.39447021484375 0.1097412109375 -0.2139892578125 -0.475555419921875
-0.264495849609375 0.269973754882813 -0.4053955078125 -0.13232421875
-0.211944580078125 0.3092041015625 -0.494140625 0.172027587890625
-0.03790283203125 0.37359619140625 -0.343597412109375 0.496917724609375
-0.0018310546875 0.389495849609375 -0.4537353515625 0.58892822265625
-0.0578384399414063 0.00916671752929687 0.334716796875 -0.657958984375
0.0148983001708984 -0.0199470520019531 0.33111572265625 -0.54705810546875
-0.00716972351074219 -0.01513671875 0.376495361328125 -0.19921875
-0.0174570083618164 -0.00233078002929687 0.39691162109375 0.14105224609375
-0.00821876525878907 -0.0229110717773438 0.111541748046875 0.462310791015625
0.0317230224609375 -0.0435218811035156 -0.296142578125 0.532989501953125
0.0196971893310547 -0.0290489196777344 -0.74346923828125 0.3216552734375
0.042510986328125 -0.0372161865234375 -1.0186767578125 0.0612792968749999
0.0612373352050781 -0.00825119018554687 -1.1141357421875 -0.0571289062500001
0.0512962341308594 -0.0253562927246094 -0.92974853515625 -0.1197509765625
0.0619544982910156 0.00516128540039063 -0.5836181640625 0.00201416015624998
0.0556259155273438 0.0114021301269531 -0.270050048828125 -0.0591278076171875
0.0228233337402344 -0.00844573974609375 -0.18695068359375 -0.277740478515625
0.0176658630371094 -0.0437126159667969 -0.3609619140625 -0.538543701171875
-0.010894775390625 -0.0483779907226562 -0.5447998046875 -0.8192138671875
-0.006622314453125 0.377899169921875 0.35552978515625 -0.60205078125
0.01092529296875 0.32958984375 0.3697509765625 -0.4873046875
-0.1663818359375 0.31304931640625 0.39727783203125 -0.212432861328125
-0.28277587890625 0.2271728515625 0.42987060546875 0.1539306640625
-0.35601806640625 0.085784912109375 0.158660888671875 0.44451904296875
-0.39208984375 0.013580322265625 -0.24517822265625 0.53521728515625
-0.40216064453125 -0.023162841796875 -0.6820068359375 0.35247802734375
-0.338623046875 -0.11981201171875 -0.9425048828125 0.09185791015625
-0.342498779296875 -0.0840759277343751 -1.07305908203125 -0.0350341796874999
-0.303009033203125 -0.063995361328125 -0.92340087890625 -0.0997314453125001
-0.2454833984375 0.0113677978515625 -0.5838623046875 -0.00280761718750013
-0.184829711914063 0.13427734375 -0.265731811523438 -0.065643310546875
-0.188217163085937 0.157470703125 -0.200103759765625 -0.279022216796875
-0.094879150390625 0.217529296875 -0.34893798828125 -0.520965576171875
-0.0119171142578125 0.241455078125 -0.53350830078125 -0.80810546875
0.02880859375 0.68377685546875 0.41595458984375 -0.4405517578125
-0.000976562500000069 0.626220703125 0.433929443359375 -0.34002685546875
-0.309814453125 0.59210205078125 0.433197021484375 -0.188873291015625
-0.5162353515625 0.42596435546875 0.481231689453125 0.160491943359375
-0.6639404296875 0.18341064453125 0.257904052734375 0.388702392578125
-0.7701416015625 0.0656738281249999 -0.0924377441406251 0.488616943359375
-0.76580810546875 -0.01605224609375 -0.4810791015625 0.345703125
-0.67047119140625 -0.1851806640625 -0.72052001953125 0.114013671875
-0.71002197265625 -0.1405029296875 -0.91265869140625 -0.0195312500000001
-0.64508056640625 -0.0762329101562501 -0.84649658203125 -0.0933837890625
-0.553436279296875 0.0462951660156249 -0.57568359375 -0.0269775390624999
-0.416351318359375 0.283966064453125 -0.293243408203125 -0.075927734375
-0.38275146484375 0.344024658203125 -0.260452270507812 -0.265625
-0.184783935546875 0.47357177734375 -0.366180419921875 -0.450958251953125
-0.006988525390625 0.507537841796875 -0.5355224609375 -0.6932373046875
0.0411376953125 0.88031005859375 0.489715576171875 -0.198486328125
-0.0246582031250001 0.8131103515625 0.49639892578125 -0.12939453125
-0.42034912109375 0.7615966796875 0.4638671875 -0.124053955078125
-0.6795654296875 0.54803466796875 0.529205322265625 0.1654052734375
-0.8758544921875 0.242919921875 0.392791748046875 0.303436279296875
-1.0328369140625 0.10406494140625 0.14349365234375 0.396881103515625
-1.0096435546875 -0.00830078125000003 -0.164825439453125 0.305999755859375
-0.90130615234375 -0.21478271484375 -0.385345458984375 0.121307373046875
-0.984619140625 -0.158447265625 -0.6397705078125 -0.0262451171875001
-0.92425537109375 -0.04498291015625 -0.68731689453125 -0.1201171875
-0.81451416015625 0.1322021484375 -0.541748046875 -0.08184814453125
-0.59234619140625 0.45928955078125 -0.338623046875 -0.0848388671874999
-0.519439697265625 0.536773681640625 -0.350250244140625 -0.215301513671875
-0.22039794921875 0.69744873046875 -0.394439697265625 -0.305694580078125
0.0180664062500001 0.7132568359375 -0.54327392578125 -0.48016357421875
0.03466796875 0.92950439453125 0.555023193359375 0.0799560546875001
-0.05377197265625 0.851806640625 0.535919189453125 0.10662841796875
-0.47509765625 0.77349853515625 0.466156005859375 -0.027587890625
-0.73406982421875 0.54681396484375 0.541229248046875 0.172027587890625
-0.9365234375 0.23211669921875 0.516021728515625 0.213043212890625
-1.11981201171875 0.0977783203125001 0.412872314453125 0.282012939453125
-1.08868408203125 -0.00787353515624991 0.209518432617187 0.236770629882813
-0.996826171875 -0.2166748046875 0.0103759765624999 0.103118896484375
-1.11279296875 -0.14306640625 -0.28619384765625 -0.067962646484375
-1.06524658203125 0.00671386718749994 -0.4520263671875 -0.19683837890625
-0.94610595703125 0.2164306640625 -0.474273681640625 -0.17828369140625
-0.66827392578125 0.58819580078125 -0.3787841796875 -0.0929870605468749
-0.56658935546875 0.6715087890625 -0.431884765625 -0.120697021484375
-0.2041015625 0.83062744140625 -0.40576171875 -0.1004638671875
0.04010009765625 0.820556640625 -0.5361328125 -0.2010498046875
0.00836181640625002 0.83612060546875 0.60064697265625 0.349609375
-0.08343505859375 0.745849609375 0.530120849609375 0.321807861328125
-0.4603271484375 0.636962890625 0.4267578125 0.076263427734375
-0.66265869140625 0.42779541015625 0.505615234375 0.178314208984375
-0.83343505859375 0.1583251953125 0.59857177734375 0.14227294921875
-1.0172119140625 0.0611572265625 0.654296875 0.1793212890625
-0.998779296875 -0.0161743164062498 0.57757568359375 0.161376953125
-0.9375 -0.186279296875 0.406005859375 0.0662841796875
-1.06353759765625 -0.111328125 0.0876770019531249 -0.14129638671875
-1.01953125 0.04461669921875 -0.18487548828125 -0.30975341796875
-0.90478515625 0.24774169921875 -0.380859375 -0.294708251953125
-0.620361328125 0.599609375 -0.40081787109375 -0.105804443359375
-0.5137939453125 0.68011474609375 -0.4805908203125 -0.00463867187499987
-0.1558837890625 0.82025146484375 -0.389862060546875 0.131500244140625
0.0488281250000001 0.80047607421875 -0.5084228515625 0.100860595703125
-0.02667236328125 0.62060546875 0.620361328125 0.5723876953125
-0.08660888671875 0.539215087890625 0.483123779296875 0.47857666015625
-0.365325927734375 0.41546630859375 0.35302734375 0.1575927734375
-0.486907958984375 0.261138916015625 0.438934326171875 0.179229736328125
-0.60321044921875 0.0706176757812499 0.6302490234375 0.10308837890625
-0.76483154296875 0.0148925781250001 0.82952880859375 0.11566162109375
-0.7574462890625 -0.01800537109375 0.88482666015625 0.10205078125
-0.73681640625 -0.132080078125 0.7451171875 0.018798828125
-0.8426513671875 -0.0730590820312499 0.4156494140625 -0.226043701171875
-0.79400634765625 0.05352783203125 0.0564880371093749 -0.4224853515625
-0.7015380859375 0.2047119140625 -0.285369873046875 -0.4014892578125
-0.47222900390625 0.480255126953125 -0.4027099609375 -0.120147705078125
-0.38525390625 0.547454833984375 -0.4947509765625 0.101776123046875
-0.09466552734375 0.65887451171875 -0.360931396484375 0.345550537109375
0.035400390625 0.648193359375 -0.475311279296875 0.380706787109375
-0.0458984375 0.32666015625 0.61865234375 0.71728515625
-0.05029296875 0.290069580078125 0.42437744140625 0.561004638671875
-0.200546264648438 0.188888549804688 0.278656005859375 0.20501708984375
-0.249114990234375 0.119598388671875 0.3748779296875 0.164886474609375
-0.31695556640625 0.0197143554687501 0.625244140625 0.08404541015625
-0.431854248046875 -0.00183105468750009 0.92767333984375 0.08099365234375
-0.419189453125 -0.00573730468750006 1.08709716796875 0.05548095703125
-0.423797607421875 -0.0586853027343749 0.9761962890625 -0.03302001953125
-0.49102783203125 -0.029754638671875 0.6434326171875 -0.30615234375
-0.447906494140625 0.0363159179687499 0.22247314453125 -0.507965087890625
-0.3929443359375 0.111328125 -0.215423583984375 -0.470794677734375
-0.260345458984375 0.270263671875 -0.401885986328125 -0.12908935546875
-0.208892822265625 0.309844970703125 -0.49090576171875 0.175384521484375
-0.035430908203125 0.372802734375 -0.3369140625 0.495880126953125
0.00125122070312496 0.38800048828125 -0.4459228515625 0.58673095703125
-0.057861328125 0.0101814270019531 0.32855224609375 -0.655517578125
0.0141391754150391 -0.0207347869873047 0.32708740234375 -0.546875
-0.00742244720458984 -0.0158262252807617 0.373199462890625 -0.202545166015625
-0.0173845291137695 -0.00157833099365234 0.394775390625 0.13824462890625
-0.00829505920410156 -0.0223255157470703 0.1143798828125 0.45965576171875
0.0321159362792969 -0.04388427734375 -0.2939453125 0.532958984375
0.0204868316650391 -0.0294666290283203 -0.74072265625 0.3226318359375
0.0432777404785156 -0.0378837585449219 -1.015380859375 0.0673217773437498
0.061187744140625 -0.00899887084960938 -1.11016845703125 -0.0493774414062498
0.0508956909179688 -0.025482177734375 -0.92926025390625 -0.114501953125
0.06182861328125 0.00439071655273438 -0.5799560546875 0.00567626953124997
0.0556106567382813 0.010528564453125 -0.268417358398438 -0.0582733154296875
0.0231475830078125 -0.00848007202148438 -0.186767578125 -0.276702880859375
0.0170669555664062 -0.0432701110839844 -0.36175537109375 -0.535888671875
-0.0115203857421875 -0.0474052429199219 -0.5484619140625 -0.8148193359375
-0.00415039062499999 0.376953125 0.34954833984375 -0.60186767578125
0.0128173828125 0.328094482421875 0.3653564453125 -0.48687744140625
-0.164459228515625 0.314117431640625 0.3931884765625 -0.215423583984375
-0.280349731445313 0.228286743164062 0.427886962890625 0.149871826171875
-0.354156494140625 0.0881652832031251 0.159820556640625 0.4412841796875
-0.390594482421875 0.015228271484375 -0.242431640625 0.535858154296875
-0.400543212890625 -0.021240234375 -0.68023681640625 0.35479736328125
-0.337860107421875 -0.11822509765625 -0.9398193359375 0.0982055664062502
-0.34210205078125 -0.0819091796875 -1.0689697265625 -0.0269165039062499
-0.303192138671875 -0.0621337890625 -0.92181396484375 -0.0946044921874998
-0.244430541992188 0.01177978515625 -0.58056640625 6.10351562499492E-05
-0.183349609375 0.1337890625 -0.263671875 -0.065643310546875
-0.18634033203125 0.158218383789062 -0.199615478515625 -0.277786254882813
-0.0931549072265625 0.217498779296875 -0.349517822265625 -0.5181884765625
-0.0109405517578125 0.240676879882813 -0.5364990234375 -0.80133056640625
0.0328369140625 0.68231201171875 0.409820556640625 -0.440216064453125
0.00268554687499999 0.62274169921875 0.4298095703125 -0.340576171875
-0.3062744140625 0.5941162109375 0.4290771484375 -0.189910888671875
-0.512420654296875 0.429473876953125 0.47979736328125 0.15631103515625
-0.6627197265625 0.186279296875 0.258758544921875 0.386077880859375
-0.76715087890625 0.0708618164062499 -0.08984375 0.487152099609375
-0.76214599609375 -0.01348876953125 -0.477996826171875 0.347320556640625
-0.66998291015625 -0.181396484375 -0.71600341796875 0.11761474609375
-0.70831298828125 -0.13519287109375 -0.908935546875 -0.01513671875
-0.64483642578125 -0.0736083984374999 -0.84564208984375 -0.0880737304687499
-0.5521240234375 0.0496520996093749 -0.5731201171875 -0.0235595703125001
-0.413665771484375 0.284576416015625 -0.29180908203125 -0.0756835937499999
-0.379150390625 0.343353271484375 -0.26080322265625 -0.265151977539063
-0.180694580078125 0.474517822265625 -0.3660888671875 -0.447265625
-0.00439453124999998 0.505340576171875 -0.5384521484375 -0.68890380859375
0.0477905273437499 0.8768310546875 0.4857177734375 -0.19952392578125
-0.0194091796874999 0.80938720703125 0.494537353515625 -0.1307373046875
-0.4127197265625 0.76409912109375 0.458099365234375 -0.12506103515625
-0.67523193359375 0.5511474609375 0.527252197265625 0.16119384765625
-0.87371826171875 0.24853515625 0.390869140625 0.300537109375
-1.02899169921875 0.107177734375 0.14599609375 0.393890380859375
-1.0052490234375 -0.00274658203125007 -0.1630859375 0.304901123046875
-0.90045166015625 -0.212646484375 -0.383453369140625 0.1224365234375
-0.98388671875 -0.15142822265625 -0.63739013671875 -0.0228271484375001
-0.9212646484375 -0.0389404296874998 -0.68682861328125 -0.11444091796875
-0.81060791015625 0.13665771484375 -0.540283203125 -0.0777893066406249
-0.58782958984375 0.46002197265625 -0.336761474609375 -0.084228515625
-0.51422119140625 0.536865234375 -0.34954833984375 -0.214202880859375
-0.21405029296875 0.6973876953125 -0.3951416015625 -0.3050537109375
0.0194702148437501 0.71063232421875 -0.545989990234375 -0.47747802734375
0.0410766601562501 0.92730712890625 0.55352783203125 0.0781250000000001
-0.0499877929687501 0.84637451171875 0.534149169921875 0.103363037109375
-0.46954345703125 0.77532958984375 0.462249755859375 -0.0281982421874999
-0.7296142578125 0.54998779296875 0.5394287109375 0.16845703125
-0.9339599609375 0.2388916015625 0.515045166015625 0.209014892578125
-1.114990234375 0.10601806640625 0.41278076171875 0.278533935546875
-1.086181640625 -0.000610351562499908 0.210128784179687 0.233932495117188
-0.993896484375 -0.2117919921875 0.0110015869140624 0.102561950683594
-1.11212158203125 -0.13641357421875 -0.28582763671875 -0.065338134765625
-1.06298828125 0.0122070312499999 -0.453369140625 -0.192901611328125
-0.943115234375 0.2191162109375 -0.47418212890625 -0.173614501953125
-0.6619873046875 0.59039306640625 -0.37713623046875 -0.092926025390625
-0.55938720703125 0.6724853515625 -0.431304931640625 -0.11846923828125
-0.19989013671875 0.8309326171875 -0.40545654296875 -0.0978393554687499
0.04547119140625 0.815185546875 -0.5364990234375 -0.198944091796875
0.0118408203125 0.83111572265625 0.59991455078125 0.34600830078125
-0.07806396484375 0.74053955078125 0.529998779296875 0.31719970703125
-0.45538330078125 0.63787841796875 0.422943115234375 0.0750732421875
-0.657958984375 0.43115234375 0.505340576171875 0.1761474609375
-0.83062744140625 0.16229248046875 0.596923828125 0.13885498046875
-1.013916015625 0.0658569335937498 0.652587890625 0.17486572265625
-0.99237060546875 -0.00958251953124986 0.576904296875 0.15771484375
-0.9364013671875 -0.18170166015625 0.40509033203125 0.063690185546875
-1.06304931640625 -0.10491943359375 0.0865783691406249 -0.140945434570313
-1.01678466796875 0.0494384765625001 -0.185821533203125 -0.305999755859375
-0.9012451171875 0.248779296875 -0.38104248046875 -0.290863037109375
-0.61431884765625 0.60284423828125 -0.3995361328125 -0.10546875
-0.50848388671875 0.68328857421875 -0.47894287109375 -0.000823974609374903
-0.15234375 0.81951904296875 -0.387725830078125 0.133514404296875
0.0524291992187501 0.79644775390625 -0.50714111328125 0.10186767578125
-0.0217285156249999 0.61956787109375 0.61962890625 0.56689453125
-0.082794189453125 0.53521728515625 0.4830322265625 0.474395751953125
-0.3623046875 0.4173583984375 0.349822998046875 0.157257080078125
-0.483306884765625 0.263031005859375 0.437896728515625 0.17681884765625
-0.601806640625 0.0748901367187501 0.6268310546875 0.09820556640625
-0.7625732421875 0.02044677734375 0.82672119140625 0.1085205078125
-0.75634765625 -0.0138549804687501 0.88116455078125 0.0968017578125
-0.73614501953125 -0.12738037109375 0.7430419921875 0.0162353515625
-0.84234619140625 -0.067626953125 0.413970947265625 -0.227020263671875
-0.79296875 0.0562133789062499 0.0545654296874999 -0.420318603515625
-0.70001220703125 0.207275390625 -0.284698486328125 -0.39837646484375
-0.46624755859375 0.48199462890625 -0.40118408203125 -0.118316650390625
-0.380523681640625 0.549560546875 -0.49176025390625 0.103973388671875
-0.09149169921875 0.65789794921875 -0.356781005859375 0.3460693359375
0.03948974609375 0.64581298828125 -0.471160888671875 0.380889892578125
-0.043792724609375 0.325836181640625 0.61968994140625 0.71221923828125
-0.048309326171875 0.28814697265625 0.425628662109375 0.557403564453125
-0.199676513671875 0.188705444335937 0.277175903320313 0.203643798828125
-0.245758056640625 0.120513916015625 0.37353515625 0.1627197265625
-0.31573486328125 0.022186279296875 0.62200927734375 0.0799560546875
-0.43035888671875 0.00149536132812491 0.92425537109375 0.07550048828125
-0.416717529296875 -0.00381469726562506 1.08563232421875 0.04986572265625
-0.423126220703125 -0.054962158203125 0.97265625 -0.0382080078125
-0.489990234375 -0.027313232421875 0.63946533203125 -0.30859375
-0.44671630859375 0.039215087890625 0.22052001953125 -0.505706787109375
-0.39190673828125 0.11297607421875 -0.21478271484375 -0.467437744140625
-0.258407592773438 0.270767211914062 -0.401397705078125 -0.1273193359375
-0.20684814453125 0.3104248046875 -0.487030029296875 0.17730712890625
-0.033660888671875 0.3719482421875 -0.332366943359375 0.497161865234375
0.00393676757812504 0.386444091796875 -0.44000244140625 0.5859375
-0.05859375 0.0112800598144531 0.32373046875 -0.6552734375
0.0135498046875 -0.0210533142089844 0.32171630859375 -0.547607421875
-0.0079183578491211 -0.0159578323364258 0.371856689453125 -0.204132080078125
-0.0171022415161133 -0.000933647155761717 0.393463134765625 0.1348876953125
-0.00836753845214844 -0.021484375 0.115966796875 0.45672607421875
0.0322265625 -0.0445671081542969 -0.2894287109375 0.53369140625
0.0205249786376953 -0.0297107696533203 -0.73968505859375 0.32611083984375
0.04266357421875 -0.0383682250976563 -1.01409912109375 0.0728759765625002
0.0613632202148437 -0.00933456420898437 -1.10833740234375 -0.0418701171874998
0.0501480102539063 -0.02606201171875 -0.929931640625 -0.10687255859375
0.0614852905273438 0.00334930419921875 -0.57763671875 0.00952148437500008
0.0554618835449219 0.00938034057617188 -0.266921997070313 -0.0586090087890625
0.0235576629638672 -0.00847244262695313 -0.186874389648438 -0.276473999023438
0.0170097351074219 -0.0431900024414063 -0.3629150390625 -0.5333251953125
-0.0119094848632813 -0.0470771789550781 -0.55078125 -0.80810546875
-0.00192260742187504 0.376220703125 0.34393310546875 -0.599365234375
0.0145263671875 0.3262939453125 0.36199951171875 -0.488372802734375
-0.161865234375 0.31536865234375 0.39093017578125 -0.217376708984375
-0.278793334960937 0.23052978515625 0.42694091796875 0.146820068359375
-0.353912353515625 0.0908203124999999 0.161102294921875 0.43896484375
-0.39019775390625 0.0168762207031251 -0.239288330078125 0.5341796875
-0.39837646484375 -0.0194091796874999 -0.6776123046875 0.35650634765625
-0.338134765625 -0.11651611328125 -0.93756103515625 0.1038818359375
-0.3424072265625 -0.0799560546875 -1.0657958984375 -0.0202636718750002
-0.303070068359375 -0.060028076171875 -0.9215087890625 -0.0899658203125001
-0.243499755859375 0.0127410888671874 -0.57769775390625 0.00347900390625004
-0.180877685546875 0.133712768554688 -0.262435913085938 -0.0653076171875
-0.184188842773438 0.158966064453125 -0.1993408203125 -0.277496337890625
-0.092071533203125 0.217849731445313 -0.35052490234375 -0.514251708984375
-0.00978088378906251 0.240371704101562 -0.5399169921875 -0.7957763671875
0.037353515625 0.68060302734375 0.4063720703125 -0.439910888671875
0.00671386718750003 0.62005615234375 0.426910400390625 -0.34130859375
-0.3021240234375 0.59527587890625 0.425201416015625 -0.19122314453125
-0.5091552734375 0.432342529296875 0.47821044921875 0.153167724609375
-0.6611328125 0.1900634765625 0.25958251953125 0.382293701171875
-0.7646484375 0.0747680664062502 -0.0882263183593751 0.486175537109375
-0.76055908203125 -0.0079345703124999 -0.476776123046875 0.348785400390625
-0.66986083984375 -0.1790771484375 -0.71343994140625 0.1212158203125
-0.708984375 -0.1304931640625 -0.90582275390625 -0.00976562499999984
-0.6439208984375 -0.0695190429687502 -0.843994140625 -0.0814208984375
-0.54913330078125 0.0538330078124999 -0.57073974609375 -0.0196533203125001
-0.408905029296875 0.2860107421875 -0.29010009765625 -0.076080322265625
-0.3759765625 0.346466064453125 -0.260299682617187 -0.2633056640625
-0.177520751953125 0.474578857421875 -0.36712646484375 -0.44549560546875
-0.002227783203125 0.503692626953125 -0.54248046875 -0.685546875
0.0548706054687499 0.87420654296875 0.48211669921875 -0.20159912109375
-0.0164794921875 0.8060302734375 0.493560791015625 -0.132965087890625
-0.4095458984375 0.76544189453125 0.455322265625 -0.126800537109375
-0.669677734375 0.5557861328125 0.525726318359375 0.157135009765625
-0.8704833984375 0.25433349609375 0.391448974609375 0.2978515625
-1.0250244140625 0.11334228515625 0.147247314453125 0.391448974609375
-1.00433349609375 0.00262451171874981 -0.161956787109375 0.306396484375
-0.90118408203125 -0.20623779296875 -0.38079833984375 0.124481201171875
-0.984130859375 -0.1448974609375 -0.636962890625 -0.017578125
-0.92242431640625 -0.0350952148437501 -0.6866455078125 -0.10723876953125
-0.80755615234375 0.13970947265625 -0.539031982421875 -0.0738525390624999
-0.5823974609375 0.4625244140625 -0.335845947265625 -0.083892822265625
-0.508697509765625 0.53961181640625 -0.349029541015625 -0.211761474609375
-0.21160888671875 0.69793701171875 -0.394561767578125 -0.3017578125
0.02349853515625 0.7078857421875 -0.5484619140625 -0.473602294921875
0.0469360351562501 0.92431640625 0.55133056640625 0.0754699707031251
-0.0447998046875001 0.84393310546875 0.53302001953125 0.100738525390625
-0.46417236328125 0.77899169921875 0.458587646484375 -0.02886962890625
-0.72320556640625 0.55340576171875 0.538360595703125 0.1654052734375
-0.93017578125 0.24371337890625 0.513641357421875 0.20684814453125
-1.11175537109375 0.11016845703125 0.411163330078125 0.27423095703125
-1.0826416015625 0.00457763671874997 0.210525512695312 0.231979370117188
-0.993408203125 -0.20550537109375 0.0115051269531249 0.102462768554687
-1.11212158203125 -0.1290283203125 -0.28619384765625 -0.06304931640625
-1.0616455078125 0.0160522460937499 -0.45330810546875 -0.18701171875
-0.9405517578125 0.2259521484375 -0.4720458984375 -0.16949462890625
-0.65704345703125 0.59210205078125 -0.3759765625 -0.092987060546875
-0.55450439453125 0.6763916015625 -0.43048095703125 -0.11517333984375
-0.19378662109375 0.831787109375 -0.403472900390625 -0.0964965820312499
0.048583984375 0.814208984375 -0.536163330078125 -0.196197509765625
0.01751708984375 0.8311767578125 0.5999755859375 0.3427734375
-0.07208251953125 0.73675537109375 0.531097412109375 0.31329345703125
-0.450927734375 0.6402587890625 0.41986083984375 0.072906494140625
-0.65252685546875 0.43499755859375 0.50518798828125 0.174102783203125
-0.8282470703125 0.16876220703125 0.59503173828125 0.13433837890625
-1.010009765625 0.0735473632812501 0.6531982421875 0.16937255859375
-0.99114990234375 -0.00354003906250012 0.57647705078125 0.1533203125
-0.93597412109375 -0.17498779296875 0.40576171875 0.060546875
-1.0626220703125 -0.0975952148437502 0.0856781005859374 -0.140525817871094
-1.01544189453125 0.0546264648437499 -0.188018798828125 -0.302093505859375
-0.8978271484375 0.255126953125 -0.38140869140625 -0.28729248046875
-0.60833740234375 0.60443115234375 -0.398040771484375 -0.104095458984375
-0.50299072265625 0.683837890625 -0.476898193359375 0.00201416015625012
-0.14483642578125 0.81982421875 -0.385009765625 0.1361083984375
0.05810546875 0.79217529296875 -0.5052490234375 0.103363037109375
-0.0186767578125 0.61639404296875 0.62078857421875 0.56365966796875
-0.07867431640625 0.532867431640625 0.48431396484375 0.47052001953125
-0.358306884765625 0.41766357421875 0.347320556640625 0.155364990234375
-0.479827880859375 0.264801025390625 0.437774658203125 0.174224853515625
-0.59930419921875 0.0784912109375001 0.62603759765625 0.09490966796875
-0.7601318359375 0.0243530273437501 0.82537841796875 0.10211181640625
-0.75244140625 -0.01104736328125 0.8818359375 0.091796875
-0.73583984375 -0.122802734375 0.7413330078125 0.0111083984375
-0.84228515625 -0.0623168945312501 0.412750244140625 -0.228912353515625
-0.79205322265625 0.0618896484374998 0.0520935058593749 -0.416900634765625
-0.6954345703125 0.20928955078125 -0.287017822265625 -0.393829345703125
-0.462982177734375 0.4830322265625 -0.40179443359375 -0.117889404296875
-0.377593994140625 0.549102783203125 -0.4903564453125 0.108001708984375
-0.086669921875 0.655517578125 -0.353363037109375 0.3470458984375
0.0439453125 0.6439208984375 -0.466522216796875 0.381317138671875
-0.041046142578125 0.326019287109375 0.6221923828125 0.70733642578125
-0.0474853515625 0.286468505859375 0.426971435546875 0.552734375
-0.199172973632812 0.18975830078125 0.276138305664063 0.202362060546875
-0.244476318359375 0.121353149414063 0.373138427734375 0.1610107421875
-0.313140869140625 0.024993896484375 0.6209716796875 0.07635498046875
-0.42938232421875 0.00433349609375006 0.92218017578125 0.0699462890625
-0.4154052734375 -0.00146484375000005 1.08465576171875 0.04437255859375
-0.423004150390625 -0.052734375 0.9716796875 -0.0440673828125
-0.48809814453125 -0.022796630859375 0.6376953125 -0.309814453125
-0.4461669921875 0.0410461425781249 0.2183837890625 -0.504486083984375
-0.390594482421875 0.114837646484375 -0.217681884765625 -0.46392822265625
-0.254806518554688 0.271026611328125 -0.399566650390625 -0.126220703125
-0.20428466796875 0.311126708984375 -0.48345947265625 0.18096923828125
-0.03204345703125 0.372039794921875 -0.327178955078125 0.4967041015625
0.00592041015625001 0.385284423828125 -0.43603515625 0.5859375
-0.0586738586425781 0.0124893188476563 0.31744384765625 -0.65496826171875
0.0128746032714844 -0.02197265625 0.3170166015625 -0.5489501953125
-0.00829792022705078 -0.0162878036499023 0.3695068359375 -0.206085205078125
-0.0176200866699219 -0.000234603881835938 0.39251708984375 0.13140869140625
-0.00782012939453125 -0.0208377838134766 0.117645263671875 0.455352783203125
0.0324211120605469 -0.0453147888183594 -0.287261962890625 0.53594970703125
0.0212459564208984 -0.0302791595458984 -0.73785400390625 0.33111572265625
0.0427780151367188 -0.0392723083496094 -1.0108642578125 0.0799560546875001
0.0617599487304687 -0.00974655151367188 -1.10577392578125 -0.0374145507812498
0.0498275756835938 -0.0264015197753906 -0.93035888671875 -0.10064697265625
0.0618247985839844 0.002777099609375 -0.57574462890625 0.01171875
0.0559043884277344 0.00810623168945312 -0.265487670898438 -0.058685302734375
0.0238304138183594 -0.00910186767578125 -0.18658447265625 -0.275909423828125
0.0160980224609375 -0.0426712036132813 -0.364990234375 -0.53118896484375
-0.0126953125 -0.0459976196289062 -0.55419921875 -0.805419921875
0.00064086914062496 0.376556396484375 0.3392333984375 -0.5999755859375
0.016448974609375 0.325103759765625 0.357940673828125 -0.490386962890625
-0.160888671875 0.315826416015625 0.389129638671875 -0.218963623046875
-0.277206420898438 0.232223510742187 0.4268798828125 0.14306640625
-0.352294921875 0.093353271484375 0.163787841796875 0.43621826171875
-0.38818359375 0.01910400390625 -0.2357177734375 0.53485107421875
-0.398468017578125 -0.01751708984375 -0.676025390625 0.36053466796875
-0.3389892578125 -0.115753173828125 -0.93621826171875 0.10931396484375
-0.34234619140625 -0.077545166015625 -1.06646728515625 -0.0147094726562502
-0.302978515625 -0.058868408203125 -0.921875 -0.0816040039062498
-0.242919921875 0.0130767822265626 -0.5750732421875 0.00616455078124989
-0.179901123046875 0.133468627929688 -0.26214599609375 -0.065826416015625
-0.18243408203125 0.159408569335938 -0.200302124023437 -0.276596069335938
-0.090179443359375 0.218307495117187 -0.35479736328125 -0.51348876953125
-0.00964355468750001 0.240203857421875 -0.54559326171875 -0.79522705078125
0.0413208007812499 0.67974853515625 0.402435302734375 -0.439300537109375
0.0106201171875 0.61883544921875 0.424072265625 -0.344329833984375
-0.2991943359375 0.5986328125 0.421875 -0.192840576171875
-0.50653076171875 0.43548583984375 0.478668212890625 0.149749755859375
-0.65972900390625 0.19476318359375 0.26165771484375 0.37994384765625
-0.763427734375 0.0778808593749999 -0.085479736328125 0.484710693359375
-0.760986328125 -0.00537109375 -0.4744873046875 0.351531982421875
-0.67132568359375 -0.17510986328125 -0.713134765625 0.12591552734375
-0.7100830078125 -0.12738037109375 -0.9061279296875 -0.00372314453125005
-0.64404296875 -0.0660400390625 -0.8460693359375 -0.0750122070312498
-0.54901123046875 0.0549926757812501 -0.56927490234375 -0.0169677734375
-0.40582275390625 0.287109375 -0.289031982421875 -0.076324462890625
-0.372894287109375 0.3468017578125 -0.260848999023438 -0.262222290039063
-0.174224853515625 0.47491455078125 -0.36907958984375 -0.4425048828125
-0.00094604492187504 0.504486083984375 -0.54571533203125 -0.6812744140625
0.0593261718750001 0.87274169921875 0.479522705078125 -0.203094482421875
-0.00994873046875003 0.80474853515625 0.491729736328125 -0.13470458984375
-0.40386962890625 0.76971435546875 0.45184326171875 -0.128021240234375
-0.66607666015625 0.558837890625 0.525482177734375 0.15423583984375
-0.8680419921875 0.26025390625 0.391510009765625 0.294525146484375
-1.02423095703125 0.11871337890625 0.147216796875 0.38848876953125
-1.0030517578125 0.00872802734374998 -0.159942626953125 0.306182861328125
-0.90142822265625 -0.2027587890625 -0.380401611328125 0.125640869140625
-0.9859619140625 -0.13775634765625 -0.63665771484375 -0.013916015625
-0.9207763671875 -0.02899169921875 -0.68603515625 -0.10369873046875
-0.80706787109375 0.14276123046875 -0.538726806640625 -0.0706176757812501
-0.5782470703125 0.46441650390625 -0.335174560546875 -0.0850830078125
-0.505859375 0.5421142578125 -0.347869873046875 -0.21002197265625
-0.20611572265625 0.69903564453125 -0.3946533203125 -0.299896240234375
0.0275878906249999 0.70635986328125 -0.551483154296875 -0.470703125
0.05316162109375 0.92315673828125 0.551116943359375 0.0729064941406251
-0.0379638671875 0.8404541015625 0.5343017578125 0.0980529785156251
-0.46014404296875 0.78179931640625 0.455291748046875 -0.0309448242187499
-0.7191162109375 0.5599365234375 0.539642333984375 0.162841796875
-0.92962646484375 0.248779296875 0.514495849609375 0.202484130859375
-1.11065673828125 0.1175537109375 0.412994384765625 0.27008056640625
-1.08209228515625 0.0120239257812502 0.212356567382812 0.230758666992188
-0.996337890625 -0.20098876953125 0.0125961303710937 0.10198974609375
-1.114501953125 -0.122314453125 -0.286224365234375 -0.0610656738281251
-1.0601806640625 0.0244140625 -0.453887939453125 -0.184539794921875
-0.9381103515625 0.22967529296875 -0.472412109375 -0.166656494140625
-0.65179443359375 0.59442138671875 -0.375885009765625 -0.091949462890625
-0.5501708984375 0.6795654296875 -0.42974853515625 -0.1121826171875
-0.18914794921875 0.83184814453125 -0.40130615234375 -0.0947265625
0.0540161132812499 0.81219482421875 -0.53765869140625 -0.194091796875
0.0229492187499999 0.8287353515625 0.6015625 0.33990478515625
-0.06842041015625 0.73443603515625 0.532379150390625 0.31158447265625
-0.44775390625 0.64373779296875 0.41754150390625 0.0733642578125
-0.6510009765625 0.4375 0.504302978515625 0.169830322265625
-0.8248291015625 0.17315673828125 0.59423828125 0.1317138671875
-1.00970458984375 0.0789794921875002 0.65155029296875 0.16363525390625
-0.99176025390625 0.00231933593749996 0.57708740234375 0.150146484375
-0.937744140625 -0.170654296875 0.404815673828125 0.0587158203125
-1.0635986328125 -0.0905151367187498 0.0846176147460937 -0.140106201171875
-1.01580810546875 0.0603637695312498 -0.190399169921875 -0.29931640625
-0.8978271484375 0.26007080078125 -0.3809814453125 -0.2841796875
-0.60302734375 0.6075439453125 -0.397613525390625 -0.10260009765625
-0.4986572265625 0.68603515625 -0.476226806640625 0.00503540039062509
-0.141357421875 0.82122802734375 -0.382904052734375 0.138214111328125
0.0615234374999999 0.79278564453125 -0.505859375 0.104583740234375
-0.01397705078125 0.6160888671875 0.62255859375 0.5604248046875
-0.07672119140625 0.531097412109375 0.486663818359375 0.469024658203125
-0.356536865234375 0.4193115234375 0.346923828125 0.15557861328125
-0.476409912109375 0.268707275390625 0.437042236328125 0.171905517578125
-0.597900390625 0.083984375 0.6236572265625 0.09246826171875
-0.75946044921875 0.0285644531249999 0.8255615234375 0.0955810546875
-0.75164794921875 -0.00604248046874993 0.8809814453125 0.0858154296875
-0.73516845703125 -0.11895751953125 0.74114990234375 0.00653076171874999
-0.84283447265625 -0.0571899414062501 0.41082763671875 -0.2308349609375
-0.79022216796875 0.06536865234375 0.05157470703125 -0.41497802734375
-0.6943359375 0.21331787109375 -0.28564453125 -0.390594482421875
-0.458648681640625 0.48468017578125 -0.40008544921875 -0.115966796875
-0.37353515625 0.552886962890625 -0.48980712890625 0.11102294921875
-0.082275390625 0.65667724609375 -0.34893798828125 0.34735107421875
0.0469970703125 0.64117431640625 -0.46466064453125 0.38250732421875
-0.039306640625 0.3250732421875 0.62310791015625 0.70208740234375
-0.04632568359375 0.286468505859375 0.43023681640625 0.550018310546875
-0.198318481445313 0.190887451171875 0.275222778320313 0.202560424804688
-0.242599487304687 0.122604370117188 0.37359619140625 0.159393310546875
-0.312591552734375 0.027679443359375 0.6187744140625 0.07354736328125
-0.42724609375 0.00552368164062495 0.9224853515625 0.06207275390625
-0.415069580078125 0.00119018554687506 1.08319091796875 0.0362548828125
-0.422393798828125 -0.0507202148437501 0.96990966796875 -0.04962158203125
-0.489654541015625 -0.020416259765625 0.63653564453125 -0.314453125
-0.44561767578125 0.04278564453125 0.21710205078125 -0.50433349609375
-0.389801025390625 0.11651611328125 -0.217376708984375 -0.46185302734375
-0.253402709960938 0.272384643554687 -0.398956298828125 -0.12408447265625
-0.203033447265625 0.31268310546875 -0.483154296875 0.184661865234375
-0.029632568359375 0.371856689453125 -0.32257080078125 0.498504638671875
0.00939941406250003 0.38482666015625 -0.431396484375 0.58648681640625
-0.0591773986816406 0.0136909484863281 0.31097412109375 -0.655517578125
0.0119209289550781 -0.0226211547851563 0.312225341796875 -0.550140380859375
-0.00885009765625 -0.0164632797241211 0.36749267578125 -0.208740234375
-0.0171470642089844 0.000350952148437501 0.392669677734375 0.12841796875
-0.00792121887207031 -0.0204181671142578 0.119720458984375 0.4544677734375
0.0329666137695313 -0.046112060546875 -0.283966064453125 0.53692626953125
0.0217247009277344 -0.0305118560791016 -0.73992919921875 0.335205078125
0.0425491333007812 -0.0395469665527344 -1.01226806640625 0.0852050781249998
0.0620613098144531 -0.0104026794433594 -1.10748291015625 -0.0280761718749998
0.0492286682128906 -0.0271339416503906 -0.93194580078125 -0.09442138671875
0.0620498657226563 0.00174331665039063 -0.57586669921875 0.0148315429687501
0.0558929443359375 0.00694656372070313 -0.264862060546875 -0.058319091796875
0.0240020751953125 -0.00950813293457031 -0.18743896484375 -0.2762451171875
0.0156631469726563 -0.04315185546875 -0.368011474609375 -0.529052734375
-0.0128593444824219 -0.0455551147460938 -0.56072998046875 -0.80255126953125
0.003082275390625 0.377197265625 0.3355712890625 -0.6002197265625
0.017578125 0.32440185546875 0.3541259765625 -0.4923095703125
-0.15960693359375 0.3173828125 0.38555908203125 -0.22186279296875
-0.276290893554687 0.23529052734375 0.42724609375 0.140625
-0.35284423828125 0.0957336425781251 0.1676025390625 0.43524169921875
-0.38897705078125 0.0211181640625 -0.23333740234375 0.536041259765625
-0.398712158203125 -0.0150146484374999 -0.6756591796875 0.3641357421875
-0.339813232421875 -0.113922119140625 -0.9356689453125 0.11456298828125
-0.343963623046875 -0.0755615234375 -1.06756591796875 -0.00817871093749977
-0.304412841796875 -0.05657958984375 -0.92291259765625 -0.0751342773437499
-0.242874145507813 0.0137481689453125 -0.57666015625 0.0093383789062501
-0.178573608398438 0.134567260742187 -0.261199951171875 -0.0659332275390624
-0.1810302734375 0.160491943359375 -0.201400756835937 -0.276718139648438
-0.0891571044921875 0.21923828125 -0.35601806640625 -0.51300048828125
-0.00784301757812499 0.240280151367188 -0.54986572265625 -0.789794921875
0.0462646484375 0.67913818359375 0.3997802734375 -0.441497802734375
0.0139160156250001 0.61859130859375 0.421661376953125 -0.347747802734375
-0.29559326171875 0.60223388671875 0.419677734375 -0.196044921875
-0.502960205078125 0.439849853515625 0.4794921875 0.145965576171875
-0.6588134765625 0.20001220703125 0.263641357421875 0.378387451171875
-0.76513671875 0.0830078125000001 -0.0821533203125 0.484344482421875
-0.76092529296875 -0.000854492187500157 -0.4736328125 0.35546875
-0.67181396484375 -0.17169189453125 -0.7135009765625 0.13128662109375
-0.71209716796875 -0.12164306640625 -0.90679931640625 0.00415039062499996
-0.64453125 -0.0618896484374999 -0.8466796875 -0.0680541992187498
-0.548614501953125 0.0577087402343751 -0.56878662109375 -0.0122680664062499
-0.404083251953125 0.288360595703125 -0.289794921875 -0.0765075683593749
-0.369964599609375 0.349609375 -0.262191772460938 -0.26104736328125
-0.170013427734375 0.476776123046875 -0.369964599609375 -0.441131591796875
0.00335693359374999 0.50457763671875 -0.55084228515625 -0.6785888671875
0.06524658203125 0.87457275390625 0.478729248046875 -0.2042236328125
-0.00347900390624992 0.8017578125 0.4908447265625 -0.1376953125
-0.40032958984375 0.77398681640625 0.44970703125 -0.128875732421875
-0.66302490234375 0.5670166015625 0.525909423828125 0.150360107421875
-0.86822509765625 0.26556396484375 0.392364501953125 0.29144287109375
-1.0238037109375 0.12713623046875 0.151519775390625 0.386444091796875
-1.00274658203125 0.01556396484375 -0.158660888671875 0.3076171875
-0.9033203125 -0.19732666015625 -0.379547119140625 0.128509521484375
-0.9891357421875 -0.130615234375 -0.63775634765625 -0.00640869140624993
-0.92108154296875 -0.0234985351562501 -0.6884765625 -0.0971679687499999
-0.80517578125 0.14697265625 -0.5372314453125 -0.066314697265625
-0.57427978515625 0.46624755859375 -0.3341064453125 -0.0837097167968749
-0.50146484375 0.546173095703125 -0.350311279296875 -0.20794677734375
-0.20147705078125 0.70068359375 -0.39874267578125 -0.297760009765625
0.0313720703125 0.70556640625 -0.554534912109375 -0.46722412109375
0.06097412109375 0.9227294921875 0.55047607421875 0.0702514648437501
-0.0330200195312501 0.83941650390625 0.53521728515625 0.0961303710937501
-0.45465087890625 0.78631591796875 0.452789306640625 -0.032623291015625
-0.71417236328125 0.56414794921875 0.53973388671875 0.157989501953125
-0.92767333984375 0.256103515625 0.513702392578125 0.19891357421875
-1.110595703125 0.12457275390625 0.412567138671875 0.266204833984375
-1.0838623046875 0.0178222656249998 0.213088989257812 0.229568481445313
-0.997802734375 -0.1939697265625 0.012969970703125 0.101707458496094
-1.11700439453125 -0.115234375 -0.287261962890625 -0.0576171875
-1.06231689453125 0.0278930664062499 -0.455780029296875 -0.178924560546875
-0.93853759765625 0.233642578125 -0.47235107421875 -0.162933349609375
-0.648193359375 0.597900390625 -0.3756103515625 -0.0918273925781249
-0.54437255859375 0.684814453125 -0.42999267578125 -0.10888671875
-0.18267822265625 0.8345947265625 -0.403411865234375 -0.0914916992187499
0.0584106445312499 0.81195068359375 -0.538116455078125 -0.1917724609375
0.02960205078125 0.82830810546875 0.60321044921875 0.33544921875
-0.063232421875 0.73284912109375 0.534454345703125 0.308197021484375
-0.44342041015625 0.64788818359375 0.41571044921875 0.072784423828125
-0.647705078125 0.44256591796875 0.505401611328125 0.168121337890625
-0.82440185546875 0.178955078125 0.59539794921875 0.1278076171875
-1.00823974609375 0.0853881835937502 0.6539306640625 0.1585693359375
-0.98834228515625 0.00799560546874981 0.57958984375 0.14654541015625
-0.938720703125 -0.165283203125 0.405487060546875 0.05621337890625
-1.06622314453125 -0.0835571289062502 0.0833816528320312 -0.139579772949219
-1.0150146484375 0.0665893554687502 -0.191619873046875 -0.295196533203125
-0.896728515625 0.2657470703125 -0.382049560546875 -0.280731201171875
-0.59906005859375 0.6104736328125 -0.39776611328125 -0.10321044921875
-0.4949951171875 0.69012451171875 -0.475433349609375 0.00881958007812508
-0.135009765625 0.8221435546875 -0.381011962890625 0.139007568359375
0.06756591796875 0.7908935546875 -0.50518798828125 0.10675048828125
-0.00891113281249997 0.6163330078125 0.62640380859375 0.5560302734375
-0.07366943359375 0.53192138671875 0.4910888671875 0.466400146484375
-0.354888916015625 0.42401123046875 0.345367431640625 0.15386962890625
-0.47406005859375 0.271270751953125 0.4376220703125 0.16943359375
-0.595703125 0.0875854492187501 0.62432861328125 0.0877685546875
-0.75994873046875 0.0334472656250001 0.825927734375 0.08941650390625
-0.7510986328125 -0.000732421875000138 0.88140869140625 0.08074951171875
-0.73736572265625 -0.11444091796875 0.7421875 0.00238037109374999
-0.84442138671875 -0.05047607421875 0.40948486328125 -0.2325439453125
-0.792724609375 0.06964111328125 0.0492553710937499 -0.414398193359375
-0.6964111328125 0.2174072265625 -0.28729248046875 -0.38848876953125
-0.455810546875 0.48834228515625 -0.400360107421875 -0.11468505859375
-0.371978759765625 0.555938720703125 -0.487945556640625 0.115386962890625
-0.0787353515625 0.65850830078125 -0.34637451171875 0.35137939453125
0.05157470703125 0.640869140625 -0.462127685546875 0.383636474609375
-0.0369873046875 0.326416015625 0.6292724609375 0.69854736328125
-0.043609619140625 0.286163330078125 0.432708740234375 0.5491943359375
-0.197647094726563 0.191925048828125 0.273895263671875 0.201461791992187
-0.241897583007812 0.123931884765625 0.37371826171875 0.156463623046875
-0.311126708984375 0.029449462890625 0.61993408203125 0.06976318359375
-0.428985595703125 0.00872802734375004 0.9227294921875 0.05535888671875
-0.413848876953125 0.00338745117187499 1.0869140625 0.029052734375
-0.422882080078125 -0.04718017578125 0.9703369140625 -0.056884765625
-0.490692138671875 -0.016876220703125 0.63775634765625 -0.31829833984375
-0.44720458984375 0.0451660156250001 0.215301513671875 -0.504425048828125
-0.390716552734375 0.119110107421875 -0.21856689453125 -0.4588623046875
-0.251602172851563 0.27410888671875 -0.399322509765625 -0.123779296875
-0.201080322265625 0.3140869140625 -0.481201171875 0.18939208984375
-0.027923583984375 0.372161865234375 -0.317901611328125 0.50030517578125
0.0118408203125 0.383758544921875 -0.42584228515625 0.58837890625
-0.0591926574707031 0.0150070190429687 0.3077392578125 -0.65557861328125
0.0113430023193359 -0.0229053497314453 0.307586669921875 -0.5526123046875
-0.00945186614990234 -0.0166645050048828 0.36602783203125 -0.212432861328125
-0.0167560577392578 0.000705718994140622 0.392303466796875 0.12506103515625
-0.00773048400878906 -0.0196666717529297 0.12359619140625 0.45245361328125
0.0332069396972656 -0.0470809936523438 -0.280303955078125 0.5389404296875
0.0221920013427734 -0.0311717987060547 -0.7386474609375 0.339599609375
0.0432891845703125 -0.0402374267578125 -1.0128173828125 0.0932617187499999
0.0625534057617188 -0.0115089416503906 -1.1097412109375 -0.02117919921875
0.0489921569824219 -0.0272178649902344 -0.9329833984375 -0.0895996093749999
0.0621566772460938 0.00086212158203125 -0.57452392578125 0.01727294921875
0.0560646057128906 0.00593948364257813 -0.263900756835938 -0.0577392578125
0.0243568420410156 -0.0099945068359375 -0.188812255859375 -0.276046752929688
0.0149803161621094 -0.0427665710449219 -0.37030029296875 -0.527008056640625
-0.0132827758789063 -0.0447120666503906 -0.56610107421875 -0.7987060546875
0.00564575195312502 0.37799072265625 0.3304443359375 -0.60125732421875
0.020263671875 0.32403564453125 0.349273681640625 -0.49517822265625
-0.15692138671875 0.320556640625 0.3834228515625 -0.224853515625
-0.273651123046875 0.2381591796875 0.42657470703125 0.13763427734375
-0.352874755859375 0.0991821289062499 0.169677734375 0.4326171875
-0.388336181640625 0.0225830078124999 -0.22943115234375 0.537628173828125
-0.39898681640625 -0.0132751464843749 -0.67572021484375 0.36865234375
-0.34051513671875 -0.111907958984375 -0.93621826171875 0.12225341796875
-0.344085693359375 -0.072967529296875 -1.0694580078125 0.00177001953124998
-0.305206298828125 -0.05572509765625 -0.92620849609375 -0.0678100585937501
-0.24237060546875 0.0156097412109375 -0.57635498046875 0.0147705078125001
-0.177017211914062 0.134963989257812 -0.26129150390625 -0.06622314453125
-0.179534912109375 0.161056518554688 -0.2025146484375 -0.276336669921875
-0.0881195068359375 0.220046997070313 -0.359130859375 -0.51019287109375
-0.00708007812500001 0.24127197265625 -0.55615234375 -0.7869873046875
0.0513916015625 0.68048095703125 0.396270751953125 -0.442657470703125
0.0194702148437499 0.6181640625 0.419647216796875 -0.34893798828125
-0.29229736328125 0.6053466796875 0.41668701171875 -0.198211669921875
-0.503204345703125 0.4451904296875 0.479827880859375 0.142822265625
-0.659423828125 0.20489501953125 0.2657470703125 0.37628173828125
-0.76397705078125 0.0870971679687499 -0.08038330078125 0.485504150390625
-0.76190185546875 0.00402832031249997 -0.47216796875 0.3577880859375
-0.6739501953125 -0.1676025390625 -0.7127685546875 0.13616943359375
-0.714599609375 -0.1168212890625 -0.90802001953125 0.0095214843749999
-0.6456298828125 -0.05889892578125 -0.8487548828125 -0.0619506835937499
-0.548583984375 0.0611572265625 -0.56829833984375 -0.00842285156250003
-0.401031494140625 0.291046142578125 -0.289215087890625 -0.0767822265625
-0.367034912109375 0.352325439453125 -0.26348876953125 -0.260726928710938
-0.167816162109375 0.477996826171875 -0.3740234375 -0.439422607421875
0.00653076171875005 0.50384521484375 -0.55670166015625 -0.67486572265625
0.0750732421875 0.87335205078125 0.47607421875 -0.207366943359375
0.000366210937499911 0.801025390625 0.49017333984375 -0.141265869140625
-0.39593505859375 0.77886962890625 0.44683837890625 -0.13128662109375
-0.659912109375 0.57147216796875 0.527679443359375 0.14617919921875
-0.86810302734375 0.2711181640625 0.39453125 0.28948974609375
-1.0245361328125 0.1336669921875 0.152923583984375 0.386260986328125
-1.00543212890625 0.0209350585937501 -0.15704345703125 0.30865478515625
-0.90618896484375 -0.19158935546875 -0.37939453125 0.1319580078125
-0.9896240234375 -0.1231689453125 -0.63836669921875 -0.00158691406249994
-0.92340087890625 -0.0197143554687498 -0.69122314453125 -0.0916748046875001
-0.805419921875 0.15264892578125 -0.5362548828125 -0.0625610351562501
-0.57122802734375 0.4718017578125 -0.3360595703125 -0.084136962890625
-0.4979248046875 0.5509033203125 -0.350738525390625 -0.205963134765625
-0.1964111328125 0.70318603515625 -0.39898681640625 -0.296661376953125
0.0345458984375 0.70489501953125 -0.56048583984375 -0.464630126953125
0.0676879882812499 0.921875 0.551910400390625 0.0667724609375001
-0.02825927734375 0.83905029296875 0.53594970703125 0.09259033203125
-0.45050048828125 0.79364013671875 0.4501953125 -0.0338134765625
-0.7115478515625 0.56939697265625 0.54156494140625 0.1552734375
-0.927734375 0.26171875 0.516143798828125 0.195343017578125
-1.11053466796875 0.13385009765625 0.415130615234375 0.262298583984375
-1.08331298828125 0.0250854492187501 0.215072631835937 0.228378295898438
-1.00274658203125 -0.1888427734375 0.0139312744140624 0.102371215820312
-1.1195068359375 -0.108154296875 -0.288116455078125 -0.053955078125
-1.062255859375 0.0360107421875 -0.457611083984375 -0.1749267578125
-0.93756103515625 0.2391357421875 -0.472686767578125 -0.1588134765625
-0.6434326171875 0.60321044921875 -0.376556396484375 -0.08990478515625
-0.5416259765625 0.68865966796875 -0.430023193359375 -0.106719970703125
-0.17767333984375 0.8363037109375 -0.402923583984375 -0.0897216796875
0.0651855468749999 0.81072998046875 -0.541473388671875 -0.190338134765625
0.0343017578125 0.8289794921875 0.6044921875 0.33355712890625
-0.0590820312499999 0.73236083984375 0.537353515625 0.305145263671875
-0.4404296875 0.65216064453125 0.4146728515625 0.07122802734375
-0.64434814453125 0.449462890625 0.50567626953125 0.166107177734375
-0.824462890625 0.18438720703125 0.59521484375 0.124267578125
-1.00787353515625 0.0928344726562498 0.6533203125 0.15313720703125
-0.990234375 0.0148315429687501 0.58123779296875 0.14324951171875
-0.94140625 -0.15936279296875 0.405853271484375 0.05303955078125
-1.07073974609375 -0.0744018554687501 0.0826263427734374 -0.139396667480469
-1.0185546875 0.0724487304687498 -0.19305419921875 -0.293121337890625
-0.897216796875 0.271240234375 -0.382843017578125 -0.27642822265625
-0.594482421875 0.615234375 -0.398284912109375 -0.10174560546875
-0.49102783203125 0.6968994140625 -0.47601318359375 0.013519287109375
-0.13018798828125 0.82391357421875 -0.37939453125 0.14178466796875
0.07293701171875 0.78887939453125 -0.5048828125 0.109954833984375
-0.00463867187499996 0.61602783203125 0.63079833984375 0.552734375
-0.070587158203125 0.53082275390625 0.492828369140625 0.46453857421875
-0.35369873046875 0.4259033203125 0.345611572265625 0.152740478515625
-0.47247314453125 0.274688720703125 0.43853759765625 0.16839599609375
-0.59454345703125 0.0913085937500001 0.62457275390625 0.0830078125
-0.75958251953125 0.038818359375 0.8253173828125 0.083984375
-0.75048828125 0.00170898437500005 0.8843994140625 0.073486328125
-0.73809814453125 -0.111328125 0.74200439453125 -0.00360107421875001
-0.8472900390625 -0.04473876953125 0.40985107421875 -0.23431396484375
-0.79364013671875 0.0754394531250001 0.046417236328125 -0.41290283203125
-0.6953125 0.22113037109375 -0.288818359375 -0.385986328125
-0.452789306640625 0.490997314453125 -0.400604248046875 -0.1129150390625
-0.36724853515625 0.560546875 -0.487640380859375 0.119964599609375
-0.07427978515625 0.66009521484375 -0.342071533203125 0.352813720703125
0.0554809570312501 0.6405029296875 -0.460601806640625 0.386199951171875
-0.0345458984375 0.3272705078125 0.63323974609375 0.69476318359375
-0.042083740234375 0.284881591796875 0.4365234375 0.546173095703125
-0.197372436523438 0.193450927734375 0.274703979492188 0.200790405273438
-0.239837646484375 0.12506103515625 0.374176025390625 0.15606689453125
-0.31011962890625 0.031982421875 0.61968994140625 0.06488037109375
-0.428131103515625 0.0122070312500001 0.924560546875 0.04803466796875
-0.413818359375 0.00668334960937503 1.0863037109375 0.0203857421875
-0.423797607421875 -0.0445861816406249 0.97088623046875 -0.0638427734375
-0.493133544921875 -0.0134887695312501 0.6356201171875 -0.32159423828125
-0.4468994140625 0.048431396484375 0.213775634765625 -0.504913330078125
-0.3907470703125 0.121856689453125 -0.2200927734375 -0.45635986328125
-0.249786376953125 0.275405883789063 -0.4014892578125 -0.1209716796875
-0.199371337890625 0.31622314453125 -0.48052978515625 0.194244384765625
-0.0252685546875 0.3734130859375 -0.313720703125 0.50311279296875
0.015777587890625 0.38421630859375 -0.42340087890625 0.5897216796875
-0.0593299865722656 0.016357421875 0.30194091796875 -0.65704345703125
0.010894775390625 -0.0228729248046875 0.303192138671875 -0.5560302734375
-0.0100030899047852 -0.0168380737304688 0.3643798828125 -0.215179443359375
-0.0165309906005859 0.00135898590087891 0.393341064453125 0.121978759765625
-0.00718879699707031 -0.0192489624023438 0.12725830078125 0.45233154296875
0.0332984924316406 -0.0478553771972656 -0.276611328125 0.541473388671875
0.0223197937011719 -0.0322380065917969 -0.74041748046875 0.3455810546875
0.042633056640625 -0.0412254333496094 -1.01446533203125 0.101806640625
0.0629844665527344 -0.0123405456542969 -1.11181640625 -0.0117187499999998
0.0484886169433594 -0.0277137756347656 -0.936767578125 -0.08099365234375
0.0618171691894531 -1.1444091796875E-05 -0.5738525390625 0.0220947265625
0.056549072265625 0.00496292114257813 -0.264083862304688 -0.0576324462890625
0.0247154235839844 -0.0101852416992188 -0.189773559570313 -0.276107788085937
0.014312744140625 -0.0423049926757813 -0.374786376953125 -0.525634765625
-0.0137062072753906 -0.0439643859863281 -0.5738525390625 -0.79541015625
0.00817871093750001 0.379547119140625 0.32513427734375 -0.6033935546875
0.0225830078125 0.322998046875 0.34588623046875 -0.49932861328125
-0.15545654296875 0.3223876953125 0.3819580078125 -0.22698974609375
-0.2730712890625 0.24188232421875 0.428802490234375 0.133087158203125
-0.3531494140625 0.1029052734375 0.174041748046875 0.43231201171875
-0.38958740234375 0.025543212890625 -0.226287841796875 0.53997802734375
-0.399871826171875 -0.0110778808593751 -0.67529296875 0.3756103515625
-0.34222412109375 -0.11126708984375 -0.9365234375 0.1312255859375
-0.34613037109375 -0.070098876953125 -1.0718994140625 0.00842285156250002
-0.306488037109375 -0.0520629882812501 -0.9285888671875 -0.0596313476562499
-0.24334716796875 0.0167388916015625 -0.575927734375 0.0193481445312501
-0.1749267578125 0.136398315429688 -0.261260986328125 -0.066680908203125
-0.177276611328125 0.16278076171875 -0.204620361328125 -0.276046752929688
-0.08575439453125 0.221145629882813 -0.364532470703125 -0.508087158203125
-0.00547790527343749 0.242538452148437 -0.56494140625 -0.7841796875
0.0584106445312501 0.681640625 0.39215087890625 -0.4451904296875
0.0247192382812501 0.61669921875 0.417510986328125 -0.354705810546875
-0.28765869140625 0.61181640625 0.415435791015625 -0.201263427734375
-0.49957275390625 0.45208740234375 0.481719970703125 0.13824462890625
-0.65985107421875 0.21112060546875 0.270294189453125 0.37530517578125
-0.764892578125 0.09344482421875 -0.07659912109375 0.485992431640625
-0.76300048828125 0.00878906250000013 -0.4715576171875 0.362060546875
-0.67755126953125 -0.1641845703125 -0.7138671875 0.14251708984375
-0.71820068359375 -0.11065673828125 -0.9112548828125 0.0190429687500001
-0.6485595703125 -0.0526733398437499 -0.8526611328125 -0.0553588867187502
-0.550018310546875 0.0644226074218749 -0.56951904296875 -0.00317382812500003
-0.3984375 0.293365478515625 -0.289825439453125 -0.0760803222656249
-0.364410400390625 0.356109619140625 -0.26507568359375 -0.260116577148438
-0.163818359375 0.480743408203125 -0.376983642578125 -0.438446044921875
0.00961303710937501 0.50482177734375 -0.5635986328125 -0.67242431640625
0.0825195312500001 0.87408447265625 0.47509765625 -0.20965576171875
0.00805664062499996 0.8017578125 0.489990234375 -0.145294189453125
-0.3897705078125 0.78594970703125 0.44500732421875 -0.133148193359375
-0.656982421875 0.5792236328125 0.529022216796875 0.141693115234375
-0.8680419921875 0.28076171875 0.398529052734375 0.286590576171875
-1.02618408203125 0.1424560546875 0.15570068359375 0.3834228515625
-1.00665283203125 0.02978515625 -0.15533447265625 0.311004638671875
-0.91021728515625 -0.18670654296875 -0.37799072265625 0.135101318359375
-0.9945068359375 -0.1160888671875 -0.64019775390625 0.0036621093749999
-0.92633056640625 -0.0115356445312502 -0.69390869140625 -0.0844116210937501
-0.80743408203125 0.157470703125 -0.53857421875 -0.059478759765625
-0.56744384765625 0.476318359375 -0.336181640625 -0.08306884765625
-0.494232177734375 0.55413818359375 -0.353424072265625 -0.203277587890625
-0.19110107421875 0.7069091796875 -0.40106201171875 -0.293731689453125
0.04132080078125 0.7054443359375 -0.56463623046875 -0.46240234375
0.07562255859375 0.9237060546875 0.552825927734375 0.0651245117187501
-0.02044677734375 0.83770751953125 0.536102294921875 0.087982177734375
-0.44549560546875 0.79864501953125 0.449310302734375 -0.035308837890625
-0.70819091796875 0.57904052734375 0.5419921875 0.150909423828125
-0.92633056640625 0.27105712890625 0.5166015625 0.191314697265625
-1.11285400390625 0.14410400390625 0.417755126953125 0.257781982421875
-1.08477783203125 0.0332641601562498 0.217483520507812 0.2265625
-1.00384521484375 -0.18212890625 0.0145721435546874 0.102485656738281
-1.1240234375 -0.0978393554687502 -0.290191650390625 -0.051422119140625
-1.06683349609375 0.0452270507812499 -0.461029052734375 -0.169769287109375
-0.9383544921875 0.24871826171875 -0.4737548828125 -0.15509033203125
-0.6392822265625 0.60986328125 -0.377410888671875 -0.0898437499999999
-0.5343017578125 0.69427490234375 -0.431427001953125 -0.103515625
-0.16961669921875 0.8408203125 -0.403076171875 -0.0874938964843749
0.0697021484374999 0.810791015625 -0.54559326171875 -0.186187744140625
0.04388427734375 0.829833984375 0.60845947265625 0.3291015625
-0.052978515625 0.73272705078125 0.5406494140625 0.301971435546875
-0.43646240234375 0.65911865234375 0.411895751953125 0.069061279296875
-0.6402587890625 0.45635986328125 0.507293701171875 0.16162109375
-0.82421875 0.193115234375 0.5958251953125 0.11907958984375
-1.010009765625 0.10052490234375 0.6552734375 0.1468505859375
-0.99237060546875 0.0216674804687502 0.5831298828125 0.13861083984375
-0.94476318359375 -0.15338134765625 0.407073974609375 0.049896240234375
-1.07635498046875 -0.0670166015625001 0.0810699462890624 -0.139076232910156
-1.0201416015625 0.0816040039062499 -0.19598388671875 -0.291107177734375
-0.897705078125 0.2777099609375 -0.384613037109375 -0.27410888671875
-0.59051513671875 0.62060546875 -0.4005126953125 -0.0992431640625
-0.48431396484375 0.7025146484375 -0.475921630859375 0.016632080078125
-0.1224365234375 0.82757568359375 -0.37896728515625 0.144927978515625
0.07958984375 0.791015625 -0.504730224609375 0.1136474609375
6.10351562499855E-05 0.61773681640625 0.6365966796875 0.54803466796875
-0.06512451171875 0.531005859375 0.498626708984375 0.460052490234375
-0.350128173828125 0.431610107421875 0.3443603515625 0.151153564453125
-0.470977783203125 0.279266357421875 0.44061279296875 0.164825439453125
-0.594970703125 0.0963134765625 0.6258544921875 0.07916259765625
-0.76165771484375 0.0457763671875002 0.82781982421875 0.0753173828125
-0.75189208984375 0.00982666015624987 0.8858642578125 0.066162109375
-0.741455078125 -0.10369873046875 0.74444580078125 -0.01031494140625
-0.85162353515625 -0.0377197265624999 0.408599853515625 -0.23748779296875
-0.79510498046875 0.080810546875 0.0451965332031249 -0.41290283203125
-0.69635009765625 0.2301025390625 -0.2908935546875 -0.38330078125
-0.4488525390625 0.49700927734375 -0.402099609375 -0.111785888671875
-0.36334228515625 0.56634521484375 -0.486907958984375 0.12347412109375
-0.0692138671875 0.6632080078125 -0.338226318359375 0.35589599609375
0.06097412109375 0.64111328125 -0.456146240234375 0.38818359375
-0.03204345703125 0.327972412109375 0.640869140625 0.69189453125
-0.041229248046875 0.286163330078125 0.441741943359375 0.54412841796875
-0.198165893554688 0.196090698242187 0.274063110351563 0.200302124023438
-0.238739013671875 0.126007080078125 0.3765869140625 0.154022216796875
-0.309600830078125 0.03375244140625 0.62127685546875 0.06134033203125
-0.4283447265625 0.016937255859375 0.92462158203125 0.0396728515625
-0.413299560546875 0.00762939453124994 1.092041015625 0.01116943359375
-0.4244384765625 -0.039520263671875 0.9730224609375 -0.07171630859375
-0.494598388671875 -0.00918579101562491 0.63494873046875 -0.327392578125
-0.447998046875 0.05194091796875 0.212615966796875 -0.506683349609375
-0.3917236328125 0.1246337890625 -0.222747802734375 -0.45550537109375
-0.24798583984375 0.278671264648437 -0.402618408203125 -0.117401123046875
-0.197265625 0.319854736328125 -0.479766845703125 0.19891357421875
-0.0220947265625 0.373687744140625 -0.309356689453125 0.505767822265625
0.018524169921875 0.383575439453125 -0.417724609375 0.5916748046875
-0.0599594116210938 0.0182723999023438 0.2939453125 -0.65924072265625
0.0102806091308594 -0.0235862731933594 0.29754638671875 -0.56103515625
-0.0101642608642578 -0.0167684555053711 0.363128662109375 -0.220489501953125
-0.0161104202270508 0.00197124481201172 0.393890380859375 0.11761474609375
-0.00724411010742188 -0.018646240234375 0.13287353515625 0.451019287109375
0.0330657958984375 -0.0493011474609375 -0.27215576171875 0.54559326171875
0.0226249694824219 -0.0326919555664062 -0.74127197265625 0.35394287109375
0.0427131652832031 -0.0423316955566406 -1.01678466796875 0.11181640625
0.0630569458007813 -0.0133399963378906 -1.11553955078125 -0.000305175781250067
0.0479164123535156 -0.028778076171875 -0.94232177734375 -0.0709838867187498
0.0619468688964844 -0.0011444091796875 -0.574951171875 0.0279541015625001
0.0562705993652344 0.00339889526367187 -0.264190673828125 -0.0567169189453125
0.0248985290527344 -0.0109329223632813 -0.192413330078125 -0.276229858398438
0.0137710571289063 -0.0426177978515625 -0.3814697265625 -0.52423095703125
-0.0142288208007813 -0.0431289672851563 -0.58148193359375 -0.7938232421875
0.012298583984375 0.3807373046875 0.32037353515625 -0.60638427734375
0.02532958984375 0.323486328125 0.342315673828125 -0.5025634765625
-0.153106689453125 0.325653076171875 0.379241943359375 -0.231719970703125
-0.27142333984375 0.245285034179687 0.429779052734375 0.127838134765625
-0.3529052734375 0.107330322265625 0.178192138671875 0.4315185546875
-0.39019775390625 0.028228759765625 -0.222503662109375 0.54302978515625
-0.400482177734375 -0.00820922851562496 -0.67584228515625 0.38299560546875
-0.3450927734375 -0.108062744140625 -0.93829345703125 0.14117431640625
-0.348358154296875 -0.0673828124999999 -1.07318115234375 0.0211791992187498
-0.307586669921875 -0.04998779296875 -0.93316650390625 -0.0517578125000001
-0.243484497070313 0.0177764892578125 -0.57470703125 0.02288818359375
-0.174209594726563 0.13702392578125 -0.261627197265625 -0.0654296875
-0.176544189453125 0.1646728515625 -0.206649780273437 -0.276199340820313
-0.084381103515625 0.223129272460938 -0.368377685546875 -0.506683349609375
-0.00286865234375001 0.242874145507813 -0.57366943359375 -0.78118896484375
0.06512451171875 0.68328857421875 0.387786865234375 -0.4482421875
0.02947998046875 0.61834716796875 0.415740966796875 -0.35888671875
-0.28350830078125 0.61712646484375 0.412384033203125 -0.204803466796875
-0.495452880859375 0.4581298828125 0.48345947265625 0.134552001953125
-0.65960693359375 0.21881103515625 0.273468017578125 0.3719482421875
-0.7664794921875 0.1007080078125 -0.072418212890625 0.486236572265625
-0.76568603515625 0.0161132812499999 -0.47088623046875 0.36785888671875
-0.68145751953125 -0.158935546875 -0.71319580078125 0.1480712890625
-0.720947265625 -0.10400390625 -0.91302490234375 0.0289306640625
-0.65069580078125 -0.0464477539062499 -0.8560791015625 -0.0460205078125002
-0.549041748046875 0.069549560546875 -0.56884765625 0.00158691406250005
-0.395233154296875 0.297332763671875 -0.29132080078125 -0.0751037597656249
-0.360504150390625 0.36029052734375 -0.267379760742188 -0.258285522460937
-0.1588134765625 0.484039306640625 -0.382354736328125 -0.435272216796875
0.015167236328125 0.50518798828125 -0.57354736328125 -0.6697998046875
0.0912475585937499 0.8759765625 0.474090576171875 -0.213470458984375
0.01678466796875 0.80120849609375 0.4903564453125 -0.151092529296875
-0.3831787109375 0.7930908203125 0.44287109375 -0.137115478515625
-0.65301513671875 0.587646484375 0.5325927734375 0.137481689453125
-0.8673095703125 0.28887939453125 0.401214599609375 0.28204345703125
-1.02655029296875 0.1529541015625 0.158416748046875 0.3814697265625
-1.00830078125 0.0390014648437502 -0.153228759765625 0.313446044921875
-0.915283203125 -0.1790771484375 -0.3787841796875 0.139617919921875
-1.00030517578125 -0.10626220703125 -0.64208984375 0.0116577148437499
-0.92889404296875 -0.00433349609375018 -0.69793701171875 -0.0777587890625
-0.8082275390625 0.16497802734375 -0.5394287109375 -0.053497314453125
-0.5635986328125 0.48162841796875 -0.337738037109375 -0.082305908203125
-0.488922119140625 0.560943603515625 -0.3553466796875 -0.2017822265625
-0.1834716796875 0.710205078125 -0.404266357421875 -0.290771484375
0.0458984375 0.7061767578125 -0.5706787109375 -0.45782470703125
0.0858154296875001 0.9248046875 0.555633544921875 0.05975341796875
-0.0126953124999999 0.83880615234375 0.5401611328125 0.0826416015625001
-0.43951416015625 0.80645751953125 0.44793701171875 -0.037933349609375
-0.705078125 0.5872802734375 0.546234130859375 0.147430419921875
-0.92840576171875 0.28204345703125 0.520599365234375 0.186431884765625
-1.11285400390625 0.15234375 0.420196533203125 0.253448486328125
-1.08734130859375 0.0424194335937501 0.219772338867187 0.225570678710938
-1.0091552734375 -0.17437744140625 0.0151901245117187 0.102867126464844
-1.131103515625 -0.0845947265624999 -0.291534423828125 -0.047760009765625
-1.070556640625 0.05511474609375 -0.46453857421875 -0.163665771484375
-0.9404296875 0.255615234375 -0.476654052734375 -0.150909423828125
-0.6343994140625 0.6156005859375 -0.37884521484375 -0.0884399414062499
-0.52911376953125 0.700439453125 -0.4334716796875 -0.0997924804687499
-0.1612548828125 0.84454345703125 -0.4049072265625 -0.0847778320312499
0.07720947265625 0.8106689453125 -0.548431396484375 -0.18145751953125
0.0507202148437501 0.83062744140625 0.61248779296875 0.32513427734375
-0.0468750000000001 0.7340087890625 0.544769287109375 0.297271728515625
-0.4322509765625 0.66522216796875 0.414154052734375 0.06719970703125
-0.6370849609375 0.4622802734375 0.51068115234375 0.15850830078125
-0.82342529296875 0.20050048828125 0.59814453125 0.11322021484375
-1.00933837890625 0.1116943359375 0.65838623046875 0.13958740234375
-0.99493408203125 0.0308227539062498 0.5853271484375 0.13262939453125
-0.94873046875 -0.14556884765625 0.408721923828125 0.04681396484375
-1.0794677734375 -0.0560302734374998 0.0803451538085937 -0.139518737792969
-1.02301025390625 0.0913696289062499 -0.198760986328125 -0.2879638671875
-0.897216796875 0.2857666015625 -0.386749267578125 -0.270538330078125
-0.58514404296875 0.62713623046875 -0.40216064453125 -0.0974121093750001
-0.47991943359375 0.7088623046875 -0.477508544921875 0.0213623046875
-0.1142578125 0.83172607421875 -0.376800537109375 0.14642333984375
0.08551025390625 0.79144287109375 -0.505859375 0.117095947265625
0.00616455078124997 0.61932373046875 0.642822265625 0.54345703125
-0.0614013671875 0.5322265625 0.50360107421875 0.458099365234375
-0.34844970703125 0.435333251953125 0.344451904296875 0.151458740234375
-0.46734619140625 0.283538818359375 0.44232177734375 0.162689208984375
-0.5948486328125 0.1026611328125 0.6268310546875 0.07354736328125
-0.76165771484375 0.05230712890625 0.82977294921875 0.06689453125
-0.753173828125 0.0147705078125 0.8909912109375 0.05755615234375
-0.743408203125 -0.0978393554687501 0.74615478515625 -0.01715087890625
-0.8543701171875 -0.0280761718750001 0.40850830078125 -0.240142822265625
-0.7978515625 0.0889282226562498 0.0426025390625 -0.412689208984375
-0.69775390625 0.23419189453125 -0.294769287109375 -0.38055419921875
-0.445587158203125 0.5010986328125 -0.40374755859375 -0.109100341796875
-0.35894775390625 0.572509765625 -0.48614501953125 0.129241943359375
-0.0636596679687501 0.66558837890625 -0.335662841796875 0.3592529296875
0.0679931640625 0.64227294921875 -0.453948974609375 0.391754150390625
-0.029754638671875 0.32904052734375 0.6470947265625 0.6866455078125
-0.0389404296875 0.287261962890625 0.4464111328125 0.54083251953125
-0.197097778320312 0.198623657226563 0.275238037109375 0.198104858398438
-0.237503051757812 0.128433227539062 0.377532958984375 0.151641845703125
-0.309326171875 0.037139892578125 0.6220703125 0.05401611328125
-0.429534912109375 0.0205993652343749 0.92901611328125 0.02947998046875
-0.41534423828125 0.01226806640625 1.09344482421875 0.000671386718750001
-0.42510986328125 -0.0374145507812499 0.9736328125 -0.08160400390625
-0.49676513671875 -0.0042419433593749 0.63458251953125 -0.33319091796875
-0.450164794921875 0.056060791015625 0.20916748046875 -0.5076904296875
-0.3914794921875 0.128662109375 -0.224945068359375 -0.454071044921875
-0.24517822265625 0.280105590820313 -0.402984619140625 -0.115447998046875
-0.1953125 0.322235107421875 -0.4788818359375 0.2041015625
-0.018524169921875 0.3763427734375 -0.3045654296875 0.509918212890625
0.02264404296875 0.385009765625 -0.41357421875 0.59619140625
-0.0600776672363281 0.0197525024414062 0.287109375 -0.66192626953125
0.00945472717285156 -0.0238761901855469 0.2923583984375 -0.566162109375
-0.0106124877929688 -0.0170793533325195 0.361083984375 -0.224700927734375
-0.0157718658447266 0.00238704681396485 0.39605712890625 0.113922119140625
-0.00690460205078125 -0.0183620452880859 0.137847900390625 0.450836181640625
0.0327224731445313 -0.0506477355957031 -0.266937255859375 0.55029296875
0.0226707458496094 -0.0338077545166016 -0.7408447265625 0.3656005859375
0.0425148010253906 -0.0432929992675781 -1.01849365234375 0.1229248046875
0.06396484375 -0.0140228271484375 -1.11737060546875 0.0103759765625
0.0478744506835938 -0.0291213989257813 -0.94464111328125 -0.0620117187499999
0.0619010925292969 -0.00250625610351562 -0.5748291015625 0.03350830078125
0.0571250915527344 0.00237274169921875 -0.264663696289063 -0.0554656982421875
0.02484130859375 -0.0112419128417969 -0.195098876953125 -0.276229858398438
0.0131950378417969 -0.0425529479980469 -0.385589599609375 -0.522430419921875
-0.0143890380859375 -0.0425605773925781 -0.59234619140625 -0.78997802734375
0.01629638671875 0.382415771484375 0.31298828125 -0.6087646484375
0.029205322265625 0.3232421875 0.337493896484375 -0.507965087890625
-0.150482177734375 0.329803466796875 0.377593994140625 -0.23681640625
-0.269805908203125 0.250167846679688 0.431854248046875 0.123291015625
-0.35296630859375 0.111083984375 0.1826171875 0.429595947265625
-0.39154052734375 0.0315551757812501 -0.217864990234375 0.54656982421875
-0.40130615234375 -0.00463867187500004 -0.6749267578125 0.3897705078125
-0.347320556640625 -0.106353759765625 -0.939697265625 0.1502685546875
-0.34967041015625 -0.063690185546875 -1.0770263671875 0.0335083007812499
-0.309967041015625 -0.04730224609375 -0.9366455078125 -0.0404052734375001
-0.243515014648437 0.019866943359375 -0.57623291015625 0.0286254882812499
-0.173049926757813 0.137420654296875 -0.262603759765625 -0.065521240234375
-0.174697875976563 0.16680908203125 -0.209060668945312 -0.275161743164063
-0.0822296142578125 0.22491455078125 -0.3746337890625 -0.505828857421875
-0.000518798828124977 0.243728637695313 -0.5841064453125 -0.77789306640625
0.0728759765625001 0.68511962890625 0.3839111328125 -0.451385498046875
0.035888671875 0.61767578125 0.412750244140625 -0.365234375
-0.27789306640625 0.62298583984375 0.410858154296875 -0.206878662109375
-0.493804931640625 0.464813232421875 0.4862060546875 0.12890625
-0.6597900390625 0.2265625 0.276824951171875 0.3699951171875
-0.76788330078125 0.107177734375 -0.0686035156250001 0.487884521484375
-0.767578125 0.0223999023437499 -0.467376708984375 0.374725341796875
-0.6849365234375 -0.15338134765625 -0.71612548828125 0.157958984375
-0.72576904296875 -0.095458984375 -0.91656494140625 0.0402832031250001
-0.653564453125 -0.0408325195312501 -0.85845947265625 -0.0345458984374998
-0.549896240234375 0.0734558105468749 -0.5694580078125 0.00665283203124997
-0.3934326171875 0.30242919921875 -0.292755126953125 -0.074798583984375
-0.3583984375 0.365264892578125 -0.269790649414063 -0.255783081054688
-0.15478515625 0.4873046875 -0.3861083984375 -0.43255615234375
0.0186767578125 0.50738525390625 -0.5836181640625 -0.66497802734375
0.10113525390625 0.87799072265625 0.471649169921875 -0.21820068359375
0.024169921875 0.80322265625 0.49029541015625 -0.156005859375
-0.37738037109375 0.8009033203125 0.44134521484375 -0.14056396484375
-0.646728515625 0.5965576171875 0.5343017578125 0.132598876953125
-0.867431640625 0.30035400390625 0.40460205078125 0.278228759765625
-1.0281982421875 0.16339111328125 0.162933349609375 0.3817138671875
-1.010986328125 0.0469970703125 -0.15087890625 0.31585693359375
-0.9193115234375 -0.17193603515625 -0.379364013671875 0.14300537109375
-1.0059814453125 -0.0946655273437499 -0.64593505859375 0.0188598632812499
-0.93316650390625 0.0067749023437499 -0.69921875 -0.0678710937499999
-0.80810546875 0.17254638671875 -0.5411376953125 -0.0473632812499999
-0.5584716796875 0.4879150390625 -0.33917236328125 -0.080902099609375
-0.4842529296875 0.56781005859375 -0.35687255859375 -0.198028564453125
-0.17633056640625 0.71502685546875 -0.407470703125 -0.2879638671875
0.05322265625 0.7080078125 -0.5782470703125 -0.45343017578125
0.0943603515625 0.92547607421875 0.554779052734375 0.05535888671875
-0.00408935546874992 0.8404541015625 0.542144775390625 0.0769348144531251
-0.43212890625 0.815185546875 0.447235107421875 -0.041412353515625
-0.7010498046875 0.595947265625 0.547882080078125 0.142547607421875
-0.9285888671875 0.2916259765625 0.522430419921875 0.18157958984375
-1.1141357421875 0.16571044921875 0.4244384765625 0.248199462890625
-1.08966064453125 0.0538940429687502 0.222869873046875 0.2252197265625
-1.01385498046875 -0.163818359375 0.0164642333984374 0.102890014648437
-1.1363525390625 -0.073974609375 -0.2933349609375 -0.0438842773437501
-1.073486328125 0.0659790039062499 -0.467498779296875 -0.157257080078125
-0.939697265625 0.266357421875 -0.47796630859375 -0.144500732421875
-0.629150390625 0.62469482421875 -0.38067626953125 -0.086700439453125
-0.52252197265625 0.70977783203125 -0.435821533203125 -0.095794677734375
-0.1527099609375 0.84796142578125 -0.40478515625 -0.0805053710937499
0.0854492187500001 0.81146240234375 -0.55206298828125 -0.178436279296875
0.0604248046875 0.8310546875 0.6171875 0.32061767578125
-0.03741455078125 0.73590087890625 0.549774169921875 0.29290771484375
-0.42620849609375 0.67352294921875 0.412689208984375 0.064788818359375
-0.63323974609375 0.47137451171875 0.513641357421875 0.15399169921875
-0.82244873046875 0.2100830078125 0.6011962890625 0.107177734375
-1.01336669921875 0.12286376953125 0.6610107421875 0.13201904296875
-0.9957275390625 0.0393676757812499 0.589111328125 0.12847900390625
-0.9525146484375 -0.13653564453125 0.410736083984375 0.04229736328125
-1.08514404296875 -0.0443725585937499 0.0793838500976562 -0.139358520507813
-1.0263671875 0.10235595703125 -0.202667236328125 -0.284698486328125
-0.898193359375 0.2972412109375 -0.389862060546875 -0.266357421875
-0.58050537109375 0.6357421875 -0.403656005859375 -0.0953674316406249
-0.4727783203125 0.71856689453125 -0.476837158203125 0.0267333984375
-0.106201171875 0.83599853515625 -0.374359130859375 0.15118408203125
0.0933227539062499 0.79217529296875 -0.50494384765625 0.122711181640625
0.013671875 0.62091064453125 0.6492919921875 0.53887939453125
-0.05657958984375 0.533477783203125 0.50921630859375 0.454193115234375
-0.345611572265625 0.441253662109375 0.345733642578125 0.14849853515625
-0.465667724609375 0.289642333984375 0.44573974609375 0.15875244140625
-0.595458984375 0.109375 0.6304931640625 0.06756591796875
-0.7618408203125 0.06195068359375 0.832763671875 0.0576171875
-0.75433349609375 0.02203369140625 0.89453125 0.04949951171875
-0.74755859375 -0.091796875 0.74761962890625 -0.02423095703125
-0.86053466796875 -0.0194702148437498 0.4063720703125 -0.245635986328125
-0.80047607421875 0.0970458984374999 0.0381774902343749 -0.413299560546875
-0.69775390625 0.24169921875 -0.297698974609375 -0.378173828125
-0.441741943359375 0.507720947265625 -0.4066162109375 -0.10699462890625
-0.3551025390625 0.5780029296875 -0.4869384765625 0.136505126953125
-0.05670166015625 0.668212890625 -0.331085205078125 0.36370849609375
0.0741577148437501 0.64202880859375 -0.450775146484375 0.396728515625
-0.02587890625 0.3310546875 0.65618896484375 0.68255615234375
-0.0367431640625 0.28778076171875 0.45330810546875 0.538421630859375
-0.196914672851563 0.202011108398437 0.276779174804688 0.19683837890625
-0.236587524414063 0.130569458007812 0.380218505859375 0.147552490234375
-0.30926513671875 0.0400390625 0.62457275390625 0.04864501953125
-0.429779052734375 0.025482177734375 0.931396484375 0.01910400390625
-0.414947509765625 0.0155029296874999 1.09796142578125 -0.012451171875
-0.427001953125 -0.03338623046875 0.9769287109375 -0.09405517578125
-0.498504638671875 0.001556396484375 0.63409423828125 -0.33935546875
-0.450897216796875 0.0611572265625 0.205078125 -0.510833740234375
-0.392578125 0.133575439453125 -0.230224609375 -0.45294189453125
-0.242950439453125 0.283538818359375 -0.405609130859375 -0.113037109375
-0.19293212890625 0.32659912109375 -0.477752685546875 0.21044921875
-0.014404296875 0.377349853515625 -0.29736328125 0.51300048828125
0.0269775390625 0.385345458984375 -0.40576171875 0.59942626953125
-0.060089111328125 0.0215721130371094 0.2799072265625 -0.66595458984375
0.00901985168457031 -0.0246486663818359 0.28497314453125 -0.56988525390625
-0.0111665725708008 -0.0171051025390625 0.3587646484375 -0.229644775390625
-0.015141487121582 0.00298404693603516 0.397369384765625 0.1083984375
-0.00682258605957031 -0.017669677734375 0.1435546875 0.448394775390625
0.0324554443359375 -0.0516281127929688 -0.2606201171875 0.554351806640625
0.0225296020507813 -0.0349349975585938 -0.739013671875 0.37554931640625
0.0422019958496094 -0.0441513061523438 -1.01959228515625 0.13494873046875
0.0641403198242188 -0.0150108337402344 -1.119384765625 0.0252685546875001
0.0469474792480469 -0.0298271179199219 -0.94903564453125 -0.0491943359375001
0.0620918273925781 -0.00353622436523438 -0.575439453125 0.03955078125
0.056671142578125 0.000896453857421875 -0.264968872070313 -0.0542144775390625
0.0248908996582031 -0.0119667053222656 -0.197738647460937 -0.27557373046875
0.0125732421875 -0.0424652099609375 -0.392730712890625 -0.51885986328125
-0.0147666931152344 -0.0418777465820313 -0.60400390625 -0.7833251953125
0.021759033203125 0.384521484375 0.3056640625 -0.612060546875
0.031951904296875 0.32342529296875 0.331451416015625 -0.514068603515625
-0.146759033203125 0.332794189453125 0.374114990234375 -0.24090576171875
-0.266891479492188 0.254165649414063 0.43316650390625 0.11767578125
-0.352569580078125 0.11517333984375 0.188018798828125 0.428253173828125
-0.39178466796875 0.03619384765625 -0.209930419921875 0.54925537109375
-0.4029541015625 -0.000915527343749977 -0.6732177734375 0.400390625
-0.348968505859375 -0.102386474609375 -0.93963623046875 0.162841796875
-0.352020263671875 -0.059417724609375 -1.0784912109375 0.0451660156249998
-0.3116455078125 -0.0435485839843751 -0.9400634765625 -0.0291137695312499
-0.24432373046875 0.0218963623046875 -0.57568359375 0.03448486328125
-0.170974731445313 0.138885498046875 -0.263168334960938 -0.0638427734375
-0.1728515625 0.169021606445312 -0.212356567382812 -0.274429321289063
-0.0794830322265625 0.225982666015625 -0.3790283203125 -0.501800537109375
0.00172424316406251 0.245223999023438 -0.5941162109375 -0.77239990234375
0.0816040039062501 0.6851806640625 0.377685546875 -0.4559326171875
0.0440673828125 0.61767578125 0.4083251953125 -0.370361328125
-0.27142333984375 0.6287841796875 0.408294677734375 -0.213409423828125
-0.488067626953125 0.472900390625 0.48773193359375 0.122222900390625
-0.658935546875 0.235107421875 0.282562255859375 0.365142822265625
-0.76824951171875 0.11676025390625 -0.064208984375 0.488739013671875
-0.76953125 0.0328979492187501 -0.46478271484375 0.381439208984375
-0.68829345703125 -0.14617919921875 -0.7132568359375 0.16668701171875
-0.72955322265625 -0.0866699218750001 -0.918212890625 0.0505371093749999
-0.656005859375 -0.03326416015625 -0.861328125 -0.0243530273437502
-0.550994873046875 0.080718994140625 -0.57086181640625 0.0138549804687499
-0.390625 0.30694580078125 -0.293670654296875 -0.07318115234375
-0.35357666015625 0.368804931640625 -0.273818969726562 -0.254425048828125
-0.14935302734375 0.49090576171875 -0.391937255859375 -0.429901123046875
0.02508544921875 0.50830078125 -0.59222412109375 -0.65826416015625
0.1121826171875 0.87884521484375 0.47027587890625 -0.222076416015625
0.0340576171875001 0.80218505859375 0.489898681640625 -0.162078857421875
-0.3701171875 0.80963134765625 0.439239501953125 -0.14398193359375
-0.64141845703125 0.607177734375 0.5362548828125 0.126220703125
-0.86676025390625 0.31121826171875 0.408477783203125 0.274078369140625
-1.03045654296875 0.17626953125 0.16717529296875 0.377899169921875
-1.0137939453125 0.0592651367187502 -0.14776611328125 0.3187255859375
-0.92474365234375 -0.16290283203125 -0.37774658203125 0.150299072265625
-1.00860595703125 -0.0820922851562499 -0.646240234375 0.0265502929687499
-0.9356689453125 0.0183105468750001 -0.70245361328125 -0.0578613281250001
-0.8074951171875 0.182861328125 -0.5408935546875 -0.0400390625000001
-0.5546875 0.495330810546875 -0.340301513671875 -0.0786132812499999
-0.47698974609375 0.5753173828125 -0.359649658203125 -0.1929931640625
-0.1685791015625 0.71710205078125 -0.41033935546875 -0.28302001953125
0.06201171875 0.70806884765625 -0.58514404296875 -0.4471435546875
0.1087646484375 0.92669677734375 0.556915283203125 0.048828125
0.00592041015625008 0.8402099609375 0.54498291015625 0.0701904296875001
-0.424560546875 0.82330322265625 0.44573974609375 -0.044952392578125
-0.6934814453125 0.607666015625 0.54986572265625 0.135284423828125
-0.9266357421875 0.304443359375 0.52606201171875 0.17449951171875
-1.11529541015625 0.177978515625 0.426849365234375 0.2431640625
-1.09307861328125 0.0636596679687501 0.226577758789062 0.222625732421875
-1.0179443359375 -0.15167236328125 0.0175628662109374 0.103797912597656
-1.141845703125 -0.0584716796875001 -0.295166015625 -0.0396728515625
-1.07513427734375 0.0780639648437502 -0.4698486328125 -0.150848388671875
-0.93902587890625 0.27691650390625 -0.48052978515625 -0.139251708984375
-0.62225341796875 0.63140869140625 -0.3839111328125 -0.0835571289062499
-0.51568603515625 0.718505859375 -0.435546875 -0.0890502929687499
-0.14312744140625 0.85235595703125 -0.406219482421875 -0.0763549804687499
0.09503173828125 0.81158447265625 -0.555999755859375 -0.170806884765625
0.0721435546875001 0.83251953125 0.62091064453125 0.31475830078125
-0.0301513671875 0.7344970703125 0.55413818359375 0.286865234375
-0.41864013671875 0.68182373046875 0.412567138671875 0.0615234375
-0.62750244140625 0.477783203125 0.517181396484375 0.147491455078125
-0.821044921875 0.219970703125 0.60198974609375 0.0994873046875
-1.01312255859375 0.13397216796875 0.66339111328125 0.12261962890625
-0.9964599609375 0.0523681640625001 0.59307861328125 0.12042236328125
-0.956298828125 -0.125244140625 0.411590576171875 0.037872314453125
-1.08770751953125 -0.03009033203125 0.0776824951171874 -0.13995361328125
-1.029296875 0.11566162109375 -0.2060546875 -0.28167724609375
-0.89739990234375 0.306640625 -0.3931884765625 -0.260955810546875
-0.57379150390625 0.6431884765625 -0.406005859375 -0.0913391113281249
-0.4666748046875 0.72686767578125 -0.478729248046875 0.0342407226562501
-0.09417724609375 0.8399658203125 -0.37255859375 0.15618896484375
0.10205078125 0.791259765625 -0.50543212890625 0.1279296875
0.021240234375 0.6217041015625 0.65386962890625 0.53265380859375
-0.05010986328125 0.533477783203125 0.516265869140625 0.447479248046875
-0.34222412109375 0.447113037109375 0.34619140625 0.1468505859375
-0.462432861328125 0.29473876953125 0.448028564453125 0.15478515625
-0.59417724609375 0.1160888671875 0.631103515625 0.06024169921875
-0.76214599609375 0.0706176757812501 0.83502197265625 0.04608154296875
-0.75665283203125 0.0309448242187498 0.89752197265625 0.03704833984375
-0.74896240234375 -0.0825195312500002 0.74993896484375 -0.033447265625
-0.86181640625 -0.00885009765625013 0.404998779296875 -0.248992919921875
-0.8023681640625 0.107177734375 0.0353698730468749 -0.412689208984375
-0.6961669921875 0.25091552734375 -0.301300048828125 -0.3756103515625
-0.4364013671875 0.5125732421875 -0.4085693359375 -0.10284423828125
-0.3482666015625 0.5843505859375 -0.485198974609375 0.143218994140625
-0.04718017578125 0.67144775390625 -0.32763671875 0.36676025390625
0.0827636718750001 0.6422119140625 -0.44671630859375 0.402008056640625
-0.0218505859375 0.33233642578125 0.665771484375 0.67620849609375
-0.0328369140625 0.288726806640625 0.461639404296875 0.533782958984375
-0.195892333984375 0.2044677734375 0.27850341796875 0.195343017578125
-0.23486328125 0.133316040039063 0.382781982421875 0.144927978515625
-0.307586669921875 0.043548583984375 0.6248779296875 0.04180908203125
-0.43011474609375 0.0297851562500001 0.93408203125 0.005615234375
-0.4139404296875 0.0207214355468749 1.1004638671875 -0.0257568359375
-0.427581787109375 -0.028076171875 0.97967529296875 -0.10406494140625
-0.501220703125 0.00817871093750005 0.63214111328125 -0.346435546875
-0.452362060546875 0.0671081542968751 0.20166015625 -0.513671875
-0.39208984375 0.138336181640625 -0.233734130859375 -0.450439453125
-0.240203857421875 0.28643798828125 -0.408172607421875 -0.1090087890625
-0.188720703125 0.330169677734375 -0.475616455078125 0.21734619140625
-0.010406494140625 0.378265380859375 -0.291748046875 0.517486572265625
0.031768798828125 0.385406494140625 -0.40087890625 0.60400390625
-0.0599517822265625 0.024017333984375 0.27142333984375 -0.66754150390625
0.00814437866210938 -0.0250282287597656 0.2777099609375 -0.57452392578125
-0.0119562149047852 -0.0167999267578125 0.35595703125 -0.23468017578125
-0.0147876739501953 0.00373172760009765 0.398284912109375 0.103240966796875
-0.00634765625 -0.0174150466918945 0.148895263671875 0.445648193359375
0.0321235656738281 -0.0528182983398438 -0.255096435546875 0.55767822265625
0.0222320556640625 -0.0358963012695312 -0.73785400390625 0.3841552734375
0.041656494140625 -0.0449333190917969 -1.02020263671875 0.150146484375
0.0641365051269531 -0.0160865783691406 -1.121826171875 0.0396728515624998
0.0464591979980469 -0.0302619934082031 -0.951171875 -0.0369873046875001
0.0619544982910156 -0.00469207763671875 -0.57354736328125 0.0475463867187501
0.0569686889648438 -0.00048828125 -0.264984130859375 -0.0522308349609375
0.0249347686767578 -0.0127830505371094 -0.199920654296875 -0.274612426757813
0.0122184753417969 -0.0422782897949219 -0.39892578125 -0.5155029296875
-0.0151824951171875 -0.0409812927246094 -0.61419677734375 -0.77691650390625
0.027069091796875 0.38555908203125 0.29779052734375 -0.614501953125
0.03631591796875 0.322113037109375 0.324676513671875 -0.519287109375
-0.143310546875 0.33563232421875 0.37054443359375 -0.246307373046875
-0.262741088867188 0.259185791015625 0.43463134765625 0.11309814453125
-0.351226806640625 0.121246337890625 0.19293212890625 0.4254150390625
-0.391937255859375 0.0406494140625 -0.205230712890625 0.55218505859375
-0.403289794921875 0.00305175781250007 -0.6689453125 0.41094970703125
-0.35211181640625 -0.0993652343749999 -0.9395751953125 0.1741943359375
-0.353485107421875 -0.05474853515625 -1.07952880859375 0.0611572265625001
-0.31268310546875 -0.0396728515625 -0.94183349609375 -0.0172729492187499
-0.244308471679687 0.0244140625 -0.57464599609375 0.0437011718749999
-0.169036865234375 0.140792846679688 -0.264358520507813 -0.0617523193359375
-0.170639038085938 0.170700073242188 -0.215744018554687 -0.272735595703125
-0.0764312744140625 0.22808837890625 -0.3853759765625 -0.49884033203125
0.00436401367187498 0.246002197265625 -0.60699462890625 -0.76531982421875
0.0921630859375 0.68438720703125 0.372589111328125 -0.459228515625
0.0521240234375 0.6160888671875 0.404144287109375 -0.376617431640625
-0.26153564453125 0.63519287109375 0.403900146484375 -0.216522216796875
-0.482940673828125 0.481170654296875 0.490234375 0.115570068359375
-0.656982421875 0.24468994140625 0.287078857421875 0.36199951171875
-0.7684326171875 0.12640380859375 -0.05841064453125 0.48968505859375
-0.7703857421875 0.0411987304687501 -0.46209716796875 0.3878173828125
-0.69293212890625 -0.13824462890625 -0.71282958984375 0.17755126953125
-0.73126220703125 -0.0780029296875 -0.91888427734375 0.0643920898437502
-0.65838623046875 -0.024169921875 -0.86273193359375 -0.0119628906249999
-0.549530029296875 0.0870666503906249 -0.5699462890625 0.0215454101562499
-0.386199951171875 0.31085205078125 -0.295501708984375 -0.071136474609375
-0.348236083984375 0.3739013671875 -0.27593994140625 -0.25103759765625
-0.14117431640625 0.49383544921875 -0.39630126953125 -0.425750732421875
0.03057861328125 0.508392333984375 -0.60223388671875 -0.65142822265625
0.12420654296875 0.8785400390625 0.467498779296875 -0.22686767578125
0.0438232421875 0.80120849609375 0.489044189453125 -0.16876220703125
-0.35845947265625 0.81695556640625 0.435516357421875 -0.1483154296875
-0.6339111328125 0.61724853515625 0.53839111328125 0.119415283203125
-0.8646240234375 0.32330322265625 0.412200927734375 0.267547607421875
-1.029296875 0.19012451171875 0.171905517578125 0.37567138671875
-1.01275634765625 0.0720214843750001 -0.143768310546875 0.321624755859375
-0.927734375 -0.1502685546875 -0.37664794921875 0.154388427734375
-1.013916015625 -0.0673828125 -0.64776611328125 0.0369262695312499
-0.93792724609375 0.0294799804687499 -0.7047119140625 -0.04852294921875
-0.80670166015625 0.1925048828125 -0.54150390625 -0.0327453613281249
-0.5472412109375 0.50177001953125 -0.342742919921875 -0.075714111328125
-0.46905517578125 0.58306884765625 -0.36285400390625 -0.189453125
-0.1585693359375 0.720947265625 -0.414398193359375 -0.2791748046875
0.06890869140625 0.7086181640625 -0.593505859375 -0.440673828125
0.12188720703125 0.92510986328125 0.5577392578125 0.0432434082031251
0.0157470703124999 0.83990478515625 0.546539306640625 0.0645141601562501
-0.4130859375 0.83203125 0.443572998046875 -0.0484313964843749
-0.6873779296875 0.61688232421875 0.552398681640625 0.12884521484375
-0.9249267578125 0.31768798828125 0.528076171875 0.16796875
-1.11566162109375 0.19305419921875 0.43048095703125 0.23712158203125
-1.09344482421875 0.0788574218749998 0.229537963867187 0.219940185546875
-1.023193359375 -0.1412353515625 0.0194091796874999 0.10382080078125
-1.1427001953125 -0.0450439453124999 -0.2960205078125 -0.03350830078125
-1.0782470703125 0.0927124023437498 -0.473419189453125 -0.14324951171875
-0.9383544921875 0.28753662109375 -0.48101806640625 -0.13287353515625
-0.613525390625 0.64166259765625 -0.3843994140625 -0.0801391601562499
-0.5064697265625 0.7271728515625 -0.4376220703125 -0.0831909179687499
-0.13079833984375 0.85626220703125 -0.4056396484375 -0.0718383789062499
0.10406494140625 0.810302734375 -0.560943603515625 -0.1644287109375
0.08404541015625 0.83251953125 0.62664794921875 0.3067626953125
-0.020263671875 0.73541259765625 0.558990478515625 0.280059814453125
-0.41058349609375 0.68939208984375 0.41204833984375 0.058837890625
-0.6221923828125 0.4873046875 0.517120361328125 0.142547607421875
-0.81915283203125 0.23077392578125 0.6046142578125 0.0927734375
-1.01263427734375 0.14697265625 0.6644287109375 0.11431884765625
-0.99822998046875 0.06390380859375 0.59521484375 0.1126708984375
-0.9603271484375 -0.1142578125 0.414215087890625 0.033233642578125
-1.0911865234375 -0.0151367187499999 0.0763015747070312 -0.139678955078125
-1.02899169921875 0.12786865234375 -0.208969116210938 -0.277359008789063
-0.8936767578125 0.320068359375 -0.395111083984375 -0.25775146484375
-0.56488037109375 0.650146484375 -0.4080810546875 -0.087066650390625
-0.45635986328125 0.73541259765625 -0.477020263671875 0.0414428710937499
-0.084228515625 0.84210205078125 -0.370208740234375 0.160980224609375
0.11187744140625 0.7901611328125 -0.50494384765625 0.132659912109375
0.0304565429687501 0.62200927734375 0.66217041015625 0.52398681640625
-0.0435791015625 0.5341796875 0.521026611328125 0.44207763671875
-0.337371826171875 0.454376220703125 0.34625244140625 0.144073486328125
-0.45965576171875 0.302001953125 0.450286865234375 0.148834228515625
-0.59246826171875 0.1229248046875 0.6318359375 0.05230712890625
-0.76312255859375 0.08074951171875 0.83648681640625 0.03369140625
-0.756103515625 0.03912353515625 0.9002685546875 0.02618408203125
-0.7506103515625 -0.0733032226562501 0.74932861328125 -0.044677734375
-0.86407470703125 0.00445556640625001 0.40313720703125 -0.254852294921875
-0.80401611328125 0.1165771484375 0.030731201171875 -0.41229248046875
-0.696044921875 0.258056640625 -0.30511474609375 -0.3717041015625
-0.431182861328125 0.5186767578125 -0.409454345703125 -0.098663330078125
-0.3421630859375 0.5916748046875 -0.48406982421875 0.152099609375
-0.0387573242187501 0.6719970703125 -0.321319580078125 0.371307373046875
0.0902709960937499 0.64013671875 -0.442352294921875 0.408233642578125
-0.0167236328125 0.333526611328125 0.67388916015625 0.6669921875
-0.03021240234375 0.2891845703125 0.468902587890625 0.527801513671875
-0.194793701171875 0.2091064453125 0.279281616210938 0.1920166015625
-0.233261108398437 0.13592529296875 0.38580322265625 0.14068603515625
-0.30731201171875 0.04730224609375 0.62554931640625 0.0333251953125
-0.430389404296875 0.03656005859375 0.934326171875 -0.0054931640625
-0.41546630859375 0.0252990722656249 1.10198974609375 -0.0391845703125
-0.42828369140625 -0.021392822265625 0.97943115234375 -0.1168212890625
-0.500732421875 0.0147705078125 0.62994384765625 -0.3564453125
-0.453521728515625 0.0722351074218749 0.19732666015625 -0.517242431640625
-0.391754150390625 0.142974853515625 -0.239349365234375 -0.44769287109375
-0.236968994140625 0.2901611328125 -0.40887451171875 -0.10357666015625
-0.1856689453125 0.33306884765625 -0.473480224609375 0.22515869140625
-0.00637817382812496 0.379364013671875 -0.282867431640625 0.520965576171875
0.03680419921875 0.38519287109375 -0.39178466796875 0.60894775390625
-0.059539794921875 0.0256996154785156 0.26239013671875 -0.6697998046875
0.00768470764160156 -0.0252037048339844 0.268310546875 -0.578857421875
-0.0122880935668945 -0.0163869857788086 0.35247802734375 -0.24066162109375
-0.0141916275024414 0.00395679473876953 0.39971923828125 0.09735107421875
-0.00594425201416016 -0.0170669555664063 0.154541015625 0.44390869140625
0.0315361022949219 -0.0542030334472656 -0.246795654296875 0.56195068359375
0.0223159790039063 -0.0371170043945313 -0.7333984375 0.39727783203125
0.0409202575683594 -0.0460662841796875 -1.01873779296875 0.1639404296875
0.0643501281738281 -0.0175514221191406 -1.12152099609375 0.054931640625
0.0456657409667969 -0.0310821533203125 -0.95306396484375 -0.0220336914062499
0.0617141723632813 -0.00580596923828125 -0.57373046875 0.0526733398437499
0.0571632385253906 -0.0020294189453125 -0.264801025390625 -0.05010986328125
0.0247631072998047 -0.0133743286132813 -0.203292846679688 -0.272247314453125
0.0116004943847656 -0.042205810546875 -0.40447998046875 -0.511077880859375
-0.015411376953125 -0.0402183532714844 -0.6265869140625 -0.76849365234375
0.0322265625 0.38543701171875 0.2901611328125 -0.6181640625
0.040191650390625 0.3216552734375 0.3172607421875 -0.52374267578125
-0.138397216796875 0.33905029296875 0.3675537109375 -0.251068115234375
-0.26031494140625 0.262832641601563 0.43634033203125 0.105804443359375
-0.349639892578125 0.126312255859375 0.198760986328125 0.421539306640625
-0.39202880859375 0.044769287109375 -0.198760986328125 0.554229736328125
-0.404388427734375 0.00881958007812494 -0.66546630859375 0.4215087890625
-0.35302734375 -0.09490966796875 -0.9385986328125 0.18975830078125
-0.3546142578125 -0.04937744140625 -1.08013916015625 0.0755615234375001
-0.3138427734375 -0.035491943359375 -0.943359375 -0.00085449218750007
-0.24444580078125 0.0267333984375 -0.57366943359375 0.0509643554687501
-0.16705322265625 0.14215087890625 -0.264862060546875 -0.059844970703125
-0.167495727539062 0.172744750976563 -0.218368530273437 -0.269744873046875
-0.073272705078125 0.2298583984375 -0.39202880859375 -0.494476318359375
0.00787353515625002 0.246185302734375 -0.61749267578125 -0.7567138671875
0.10125732421875 0.6849365234375 0.366485595703125 -0.463226318359375
0.0612792968750001 0.6141357421875 0.398895263671875 -0.382904052734375
-0.2535400390625 0.640625 0.400726318359375 -0.22296142578125
-0.475830078125 0.48858642578125 0.491943359375 0.108795166015625
-0.65447998046875 0.25360107421875 0.2926025390625 0.35711669921875
-0.76739501953125 0.13671875 -0.0514831542968751 0.489898681640625
-0.76904296875 0.0494995117187498 -0.458587646484375 0.394683837890625
-0.69525146484375 -0.12945556640625 -0.7110595703125 0.186767578125
-0.733642578125 -0.0661621093749999 -0.91802978515625 0.0774536132812501
-0.65972900390625 -0.0158081054687499 -0.86474609375 0.00305175781249986
-0.549560546875 0.0926513671874999 -0.56903076171875 0.0283813476562501
-0.3809814453125 0.314666748046875 -0.296356201171875 -0.068450927734375
-0.344482421875 0.379730224609375 -0.279769897460938 -0.248275756835937
-0.13360595703125 0.495391845703125 -0.40118408203125 -0.421142578125
0.0362548828124999 0.507049560546875 -0.611328125 -0.6429443359375
0.13714599609375 0.87713623046875 0.46417236328125 -0.2318115234375
0.05413818359375 0.8004150390625 0.486572265625 -0.176483154296875
-0.34881591796875 0.82598876953125 0.432769775390625 -0.152557373046875
-0.625732421875 0.6270751953125 0.54022216796875 0.110687255859375
-0.861083984375 0.3353271484375 0.416107177734375 0.261474609375
-1.02520751953125 0.20166015625 0.175323486328125 0.372528076171875
-1.01446533203125 0.0838012695312499 -0.139312744140625 0.3240966796875
-0.92962646484375 -0.138671875 -0.374664306640625 0.1602783203125
-1.0157470703125 -0.052734375 -0.647216796875 0.0473632812499999
-0.9368896484375 0.0422363281249998 -0.706787109375 -0.035888671875
-0.8052978515625 0.20159912109375 -0.5413818359375 -0.02593994140625
-0.5408935546875 0.5087890625 -0.344390869140625 -0.0717468261718749
-0.460693359375 0.58978271484375 -0.364288330078125 -0.18408203125
-0.147216796875 0.72406005859375 -0.417449951171875 -0.273651123046875
0.07830810546875 0.70751953125 -0.5997314453125 -0.4322509765625
0.1334228515625 0.924560546875 0.558135986328125 0.0362854003906251
0.0291137695312499 0.8389892578125 0.547393798828125 0.05584716796875
-0.4017333984375 0.84051513671875 0.44189453125 -0.052734375
-0.678466796875 0.62872314453125 0.554840087890625 0.1201171875
-0.920166015625 0.32916259765625 0.529632568359375 0.160186767578125
-1.11212158203125 0.20831298828125 0.432373046875 0.22943115234375
-1.09368896484375 0.09368896484375 0.232650756835937 0.217178344726563
-1.02496337890625 -0.12774658203125 0.0207595825195312 0.103713989257813
-1.1461181640625 -0.0268554687499999 -0.296875 -0.028900146484375
-1.077880859375 0.10528564453125 -0.47552490234375 -0.134765625
-0.93524169921875 0.29962158203125 -0.481964111328125 -0.1260986328125
-0.6060791015625 0.64947509765625 -0.38629150390625 -0.0751647949218749
-0.49810791015625 0.7342529296875 -0.437347412109375 -0.07666015625
-0.11962890625 0.85675048828125 -0.406829833984375 -0.06671142578125
0.1136474609375 0.80889892578125 -0.5625 -0.157470703125
0.0955200195312501 0.83203125 0.630126953125 0.299072265625
-0.00927734375000005 0.73626708984375 0.5623779296875 0.2720947265625
-0.40081787109375 0.6954345703125 0.410888671875 0.05487060546875
-0.615234375 0.4964599609375 0.521148681640625 0.136199951171875
-0.8175048828125 0.24334716796875 0.60455322265625 0.08404541015625
-1.010009765625 0.16131591796875 0.665771484375 0.10308837890625
-0.9974365234375 0.0750732421875002 0.596923828125 0.10595703125
-0.96240234375 -0.10125732421875 0.414154052734375 0.027496337890625
-1.09246826171875 0.000793457031250099 0.0736007690429687 -0.139846801757813
-1.0299072265625 0.14080810546875 -0.212692260742188 -0.272735595703125
-0.89459228515625 0.3310546875 -0.3984375 -0.25128173828125
-0.55780029296875 0.6593017578125 -0.40972900390625 -0.082916259765625
-0.44708251953125 0.74176025390625 -0.476898193359375 0.0488891601562501
-0.0721435546875001 0.843505859375 -0.367156982421875 0.16461181640625
0.12322998046875 0.78924560546875 -0.503814697265625 0.138824462890625
0.0393066406250001 0.622802734375 0.670166015625 0.51513671875
-0.0365905761718749 0.53521728515625 0.528533935546875 0.43450927734375
-0.330291748046875 0.45977783203125 0.3470458984375 0.14007568359375
-0.454620361328125 0.30535888671875 0.4530029296875 0.1436767578125
-0.58978271484375 0.13189697265625 0.6318359375 0.043212890625
-0.76214599609375 0.0913085937499999 0.83526611328125 0.021728515625
-0.75726318359375 0.0490112304687499 0.89984130859375 0.01373291015625
-0.75274658203125 -0.0637207031249999 0.7506103515625 -0.05389404296875
-0.86590576171875 0.0164794921875 0.400848388671875 -0.25897216796875
-0.8026123046875 0.127685546875 0.0257873535156249 -0.411865234375
-0.69464111328125 0.2686767578125 -0.30902099609375 -0.3671875
-0.424041748046875 0.525634765625 -0.412689208984375 -0.09375
-0.332763671875 0.5975341796875 -0.48187255859375 0.159393310546875
-0.0301513671875 0.67333984375 -0.314849853515625 0.37579345703125
0.09814453125 0.63983154296875 -0.436126708984375 0.413055419921875
-0.011810302734375 0.334259033203125 0.68280029296875 0.658203125
-0.025390625 0.2899169921875 0.4752197265625 0.52252197265625
-0.192642211914063 0.212356567382812 0.281036376953125 0.189254760742188
-0.23089599609375 0.13812255859375 0.386199951171875 0.1348876953125
-0.30548095703125 0.050994873046875 0.62615966796875 0.0252685546875
-0.430694580078125 0.0427246093749999 0.934326171875 -0.0203857421875
-0.415069580078125 0.030670166015625 1.1051025390625 -0.05517578125
-0.428558349609375 -0.0163574218750001 0.97705078125 -0.130615234375
-0.50164794921875 0.0218811035156249 0.6253662109375 -0.364013671875
-0.453765869140625 0.07843017578125 0.19189453125 -0.517822265625
-0.39080810546875 0.14874267578125 -0.243743896484375 -0.4449462890625
-0.233062744140625 0.29345703125 -0.410430908203125 -0.0991821289062501
-0.180755615234375 0.337493896484375 -0.4703369140625 0.2337646484375
0.000183105468749959 0.37994384765625 -0.275970458984375 0.524749755859375
0.042724609375 0.3841552734375 -0.38409423828125 0.61260986328125
-0.0589828491210937 0.0277671813964844 0.25042724609375 -0.671142578125
0.00713920593261719 -0.02520751953125 0.2589111328125 -0.58148193359375
-0.0125036239624023 -0.0167341232299805 0.348785400390625 -0.2445068359375
-0.0136823654174805 0.0046539306640625 0.4002685546875 0.089019775390625
-0.00579547882080078 -0.0165634155273438 0.16156005859375 0.439788818359375
0.0309066772460937 -0.0550727844238281 -0.23968505859375 0.56329345703125
0.0219917297363281 -0.0374870300292969 -0.7296142578125 0.40667724609375
0.0406455993652344 -0.0463600158691406 -1.01519775390625 0.18017578125
0.0648002624511719 -0.0183792114257813 -1.12115478515625 0.0734863281250002
0.0451545715332031 -0.0317192077636719 -0.95318603515625 -0.0090332031249999
0.061676025390625 -0.00720977783203125 -0.56982421875 0.0609130859375
0.0568771362304688 -0.00351715087890625 -0.26446533203125 -0.0474853515624999
0.0248641967773437 -0.0137310028076172 -0.206680297851563 -0.270553588867188
0.0107574462890625 -0.0413894653320313 -0.4107666015625 -0.50567626953125
-0.01593017578125 -0.0390968322753906 -0.63763427734375 -0.76068115234375
0.0379638671875 0.385711669921875 0.28070068359375 -0.619873046875
0.04595947265625 0.32000732421875 0.30816650390625 -0.5284423828125
-0.134033203125 0.341827392578125 0.3616943359375 -0.255035400390625
-0.255706787109375 0.267654418945313 0.437255859375 0.098388671875
-0.3482666015625 0.131866455078125 0.205657958984375 0.417266845703125
-0.39117431640625 0.0494689941406251 -0.190155029296875 0.556304931640625
-0.404510498046875 0.012969970703125 -0.65972900390625 0.4322509765625
-0.353790283203125 -0.09002685546875 -0.93609619140625 0.20257568359375
-0.355316162109375 -0.043975830078125 -1.0784912109375 0.0923461914062498
-0.3145751953125 -0.03082275390625 -0.94329833984375 0.0141601562499998
-0.243499755859375 0.0292205810546875 -0.57257080078125 0.0579833984375001
-0.164443969726563 0.144088745117188 -0.265213012695312 -0.05780029296875
-0.164764404296875 0.174911499023438 -0.221786499023438 -0.267654418945312
-0.0694580078125 0.230789184570313 -0.397979736328125 -0.487548828125
0.012237548828125 0.246307373046875 -0.629150390625 -0.74700927734375
0.112548828125 0.68304443359375 0.35821533203125 -0.467071533203125
0.068603515625 0.61285400390625 0.392425537109375 -0.388763427734375
-0.24432373046875 0.6458740234375 0.3946533203125 -0.226287841796875
-0.46917724609375 0.495880126953125 0.49212646484375 0.10040283203125
-0.650146484375 0.26446533203125 0.2978515625 0.3515625
-0.765625 0.14739990234375 -0.0450439453125001 0.489959716796875
-0.76953125 0.06072998046875 -0.45166015625 0.402435302734375
-0.69677734375 -0.12005615234375 -0.7086181640625 0.19818115234375
-0.73468017578125 -0.0537719726562501 -0.9163818359375 0.0911865234375001
-0.65924072265625 -0.00494384765624987 -0.864013671875 0.0143432617187499
-0.548492431640625 0.0999145507812499 -0.5675048828125 0.0365600585937501
-0.3753662109375 0.318939208984375 -0.297454833984375 -0.065185546875
-0.33685302734375 0.384307861328125 -0.283233642578125 -0.243621826171875
-0.126922607421875 0.497467041015625 -0.407989501953125 -0.414520263671875
0.042999267578125 0.50726318359375 -0.62225341796875 -0.633544921875
0.152587890625 0.87420654296875 0.458404541015625 -0.237884521484375
0.0664062500000001 0.7972412109375 0.48284912109375 -0.1834716796875
-0.33428955078125 0.8311767578125 0.4281005859375 -0.15826416015625
-0.6153564453125 0.63623046875 0.540252685546875 0.102630615234375
-0.85675048828125 0.34686279296875 0.419281005859375 0.25433349609375
-1.02276611328125 0.21722412109375 0.17974853515625 0.36895751953125
-1.01275634765625 0.0976562500000002 -0.1341552734375 0.326019287109375
-0.93310546875 -0.12628173828125 -0.3719482421875 0.16607666015625
-1.01513671875 -0.0377197265625002 -0.6483154296875 0.0584716796874999
-0.9364013671875 0.0560913085937501 -0.7064208984375 -0.0242919921875
-0.80096435546875 0.21209716796875 -0.5404052734375 -0.0188293457031249
-0.532379150390625 0.514129638671875 -0.34539794921875 -0.069183349609375
-0.4520263671875 0.59674072265625 -0.36676025390625 -0.17828369140625
-0.137451171875 0.72607421875 -0.419464111328125 -0.268157958984375
0.08734130859375 0.70513916015625 -0.60699462890625 -0.42340087890625
0.14996337890625 0.9228515625 0.55810546875 0.0303039550781251
0.039794921875 0.83551025390625 0.5494384765625 0.0478820800781251
-0.38702392578125 0.84832763671875 0.4383544921875 -0.0563964843749999
-0.6688232421875 0.6353759765625 0.5546875 0.11260986328125
-0.9151611328125 0.343017578125 0.53082275390625 0.1517333984375
-1.10931396484375 0.22393798828125 0.43408203125 0.22174072265625
-1.09228515625 0.10662841796875 0.236282348632812 0.214080810546875
-1.0269775390625 -0.11431884765625 0.0221710205078124 0.10406494140625
-1.14794921875 -0.0118408203125002 -0.297637939453125 -0.02325439453125
-1.07525634765625 0.12274169921875 -0.477081298828125 -0.1259765625
-0.93182373046875 0.31451416015625 -0.482391357421875 -0.118316650390625
-0.59490966796875 0.65618896484375 -0.388031005859375 -0.07086181640625
-0.48455810546875 0.7421875 -0.4395751953125 -0.068603515625
-0.1058349609375 0.858642578125 -0.406524658203125 -0.061737060546875
0.12493896484375 0.80670166015625 -0.56463623046875 -0.1490478515625
0.10980224609375 0.82916259765625 0.63226318359375 0.29034423828125
0.000427246093749943 0.7325439453125 0.56695556640625 0.2645263671875
-0.390625 0.70379638671875 0.4097900390625 0.051239013671875
-0.6072998046875 0.50360107421875 0.52191162109375 0.128173828125
-0.811767578125 0.25262451171875 0.60455322265625 0.07476806640625
-1.006103515625 0.17535400390625 0.66680908203125 0.09246826171875
-0.99462890625 0.0900268554687502 0.59991455078125 0.0965576171875
-0.96319580078125 -0.0880126953124998 0.413604736328125 0.023284912109375
-1.09283447265625 0.0172119140625 0.0721130371093749 -0.139503479003906
-1.0277099609375 0.1563720703125 -0.216552734375 -0.267837524414063
-0.8896484375 0.34295654296875 -0.399749755859375 -0.243621826171875
-0.5489501953125 0.6661376953125 -0.411376953125 -0.0772705078125
-0.43572998046875 0.74835205078125 -0.475555419921875 0.0577392578125
-0.05999755859375 0.84503173828125 -0.363311767578125 0.168060302734375
0.13311767578125 0.78692626953125 -0.500457763671875 0.14501953125
0.04962158203125 0.621826171875 0.6756591796875 0.5062255859375
-0.029022216796875 0.53289794921875 0.534820556640625 0.427764892578125
-0.323394775390625 0.465789794921875 0.346771240234375 0.136871337890625
-0.450592041015625 0.312744140625 0.454132080078125 0.13580322265625
-0.58642578125 0.138916015625 0.6318359375 0.0330810546875
-0.7591552734375 0.10125732421875 0.83392333984375 0.00799560546875001
-0.755615234375 0.0589599609375 0.90106201171875 -0.000793457031249997
-0.75341796875 -0.05328369140625 0.74969482421875 -0.06304931640625
-0.86669921875 0.0291748046874999 0.396392822265625 -0.262420654296875
-0.80206298828125 0.13934326171875 0.0202331542968749 -0.4110107421875
-0.68975830078125 0.27850341796875 -0.313323974609375 -0.3629150390625
-0.415496826171875 0.530303955078125 -0.41455078125 -0.088897705078125
-0.3236083984375 0.6024169921875 -0.4796142578125 0.1678466796875
-0.0200195312499999 0.67425537109375 -0.307769775390625 0.378753662109375
0.1064453125 0.6376953125 -0.430145263671875 0.418060302734375
-0.00646972656249997 0.33489990234375 0.6925048828125 0.64837646484375
-0.02154541015625 0.289794921875 0.48223876953125 0.514739990234375
-0.189682006835937 0.215896606445313 0.281341552734375 0.18621826171875
-0.228286743164063 0.140731811523438 0.388092041015625 0.130462646484375
-0.30377197265625 0.05426025390625 0.6258544921875 0.0150146484375
-0.428863525390625 0.0477294921875 0.9317626953125 -0.03436279296875
-0.415008544921875 0.0347290039062501 1.10137939453125 -0.072998046875
-0.430084228515625 -0.0108642578125 0.9739990234375 -0.14495849609375
-0.50164794921875 0.0293579101562501 0.619384765625 -0.3741455078125
-0.452728271484375 0.0848693847656249 0.1859130859375 -0.51947021484375
-0.389617919921875 0.154022216796875 -0.2490234375 -0.4405517578125
-0.22930908203125 0.29608154296875 -0.411773681640625 -0.0925598144531249
-0.175323486328125 0.340240478515625 -0.465179443359375 0.241180419921875
0.00415039062500004 0.379608154296875 -0.2669677734375 0.52655029296875
0.048248291015625 0.383056640625 -0.37371826171875 0.61614990234375
-0.058502197265625 0.0301284790039063 0.24127197265625 -0.6710205078125
0.00718498229980469 -0.0254707336425781 0.249755859375 -0.583740234375
-0.0126838684082031 -0.0158624649047852 0.34375 -0.24945068359375
-0.0124607086181641 0.00489997863769531 0.399932861328125 0.084075927734375
-0.00536537170410156 -0.0166416168212891 0.168548583984375 0.43634033203125
0.0302314758300781 -0.0561141967773438 -0.23101806640625 0.5655517578125
0.0218162536621094 -0.0385475158691406 -0.7215576171875 0.41778564453125
0.0390739440917969 -0.0472412109375 -1.00994873046875 0.19464111328125
0.06451416015625 -0.019866943359375 -1.1163330078125 0.0885009765624999
0.0440635681152344 -0.0322303771972656 -0.95330810546875 0.0053710937499999
0.0612449645996094 -0.00804519653320313 -0.56793212890625 0.06915283203125
0.0566635131835938 -0.00531387329101563 -0.264068603515625 -0.045745849609375
0.0246067047119141 -0.0140953063964844 -0.209518432617187 -0.26776123046875
0.010223388671875 -0.0413284301757813 -0.417327880859375 -0.497650146484375
-0.0164108276367188 -0.0384635925292969 -0.6468505859375 -0.74908447265625
0.0457763671875 0.38580322265625 0.270751953125 -0.61956787109375
0.05035400390625 0.317596435546875 0.2984619140625 -0.531768798828125
-0.127685546875 0.342529296875 0.35662841796875 -0.2598876953125
-0.251022338867188 0.270599365234375 0.43707275390625 0.09130859375
-0.346435546875 0.1370849609375 0.211151123046875 0.41253662109375
-0.3909912109375 0.054931640625 -0.181793212890625 0.55780029296875
-0.40325927734375 0.0186462402343749 -0.65289306640625 0.44189453125
-0.35504150390625 -0.08447265625 -0.931396484375 0.21630859375
-0.355194091796875 -0.03887939453125 -1.07623291015625 0.109619140625
-0.31494140625 -0.026947021484375 -0.94189453125 0.0281372070312501
-0.242584228515625 0.0317840576171875 -0.5692138671875 0.0670166015625
-0.16058349609375 0.1436767578125 -0.265228271484375 -0.054931640625
-0.162033081054688 0.176605224609375 -0.224761962890625 -0.26397705078125
-0.0660400390625 0.230804443359375 -0.403961181640625 -0.48309326171875
0.0143280029296875 0.246261596679688 -0.640380859375 -0.73602294921875
0.12347412109375 0.68023681640625 0.3514404296875 -0.469146728515625
0.0780029296875 0.609130859375 0.38525390625 -0.39471435546875
-0.2352294921875 0.64990234375 0.39068603515625 -0.231109619140625
-0.45977783203125 0.504150390625 0.49212646484375 0.094268798828125
-0.6461181640625 0.27252197265625 0.30059814453125 0.347412109375
-0.76361083984375 0.1566162109375 -0.038482666015625 0.4879150390625
-0.76885986328125 0.0714721679687501 -0.44635009765625 0.409088134765625
-0.6971435546875 -0.1099853515625 -0.70208740234375 0.2091064453125
-0.73480224609375 -0.0435791015625 -0.91546630859375 0.1051025390625
-0.659912109375 0.00274658203124995 -0.86370849609375 0.02996826171875
-0.54608154296875 0.1065673828125 -0.5638427734375 0.0437011718750001
-0.36956787109375 0.322845458984375 -0.29766845703125 -0.06365966796875
-0.3299560546875 0.386688232421875 -0.284515380859375 -0.24017333984375
-0.11907958984375 0.49798583984375 -0.40972900390625 -0.407745361328125
0.050567626953125 0.50634765625 -0.63043212890625 -0.622314453125
0.16473388671875 0.87109375 0.4542236328125 -0.242340087890625
0.0777587890625 0.79180908203125 0.478912353515625 -0.191192626953125
-0.32171630859375 0.83819580078125 0.424285888671875 -0.163238525390625
-0.6038818359375 0.64508056640625 0.540802001953125 0.09283447265625
-0.8499755859375 0.35870361328125 0.421234130859375 0.246978759765625
-1.01788330078125 0.23236083984375 0.183685302734375 0.363739013671875
-1.009765625 0.11151123046875 -0.13018798828125 0.32843017578125
-0.93402099609375 -0.11297607421875 -0.367828369140625 0.172149658203125
-1.01708984375 -0.0213623046874998 -0.6456298828125 0.06903076171875
-0.9359130859375 0.0701293945312498 -0.704833984375 -0.0130615234375
-0.7979736328125 0.22265625 -0.537017822265625 -0.0111083984375
-0.521697998046875 0.521881103515625 -0.3458251953125 -0.064361572265625
-0.44268798828125 0.60101318359375 -0.367431640625 -0.1728515625
-0.12591552734375 0.72698974609375 -0.421722412109375 -0.262237548828125
0.0964965820312499 0.7037353515625 -0.61175537109375 -0.41278076171875
0.16290283203125 0.919677734375 0.5567626953125 0.0220031738281251
0.05389404296875 0.8316650390625 0.54681396484375 0.041168212890625
-0.37445068359375 0.85321044921875 0.435943603515625 -0.0618896484374999
-0.65576171875 0.6453857421875 0.5556640625 0.103912353515625
-0.90789794921875 0.35528564453125 0.5313720703125 0.144317626953125
-1.10382080078125 0.24041748046875 0.436431884765625 0.21466064453125
-1.0875244140625 0.12274169921875 0.240585327148437 0.210205078125
-1.0267333984375 -0.0992431640625 0.0241546630859374 0.103889465332031
-1.1466064453125 0.00878906249999995 -0.296417236328125 -0.016845703125
-1.07220458984375 0.13751220703125 -0.478240966796875 -0.11676025390625
-0.9266357421875 0.32659912109375 -0.482086181640625 -0.110748291015625
-0.58404541015625 0.66339111328125 -0.388916015625 -0.0664367675781249
-0.47296142578125 0.75 -0.438568115234375 -0.0614013671874999
-0.0929565429687501 0.8603515625 -0.40594482421875 -0.0567626953124999
0.1376953125 0.8026123046875 -0.56597900390625 -0.1407470703125
0.11944580078125 0.82733154296875 0.633544921875 0.28076171875
0.0103759765624999 0.72979736328125 0.56982421875 0.25494384765625
-0.3795166015625 0.70953369140625 0.40704345703125 0.046142578125
-0.5992431640625 0.5130615234375 0.52239990234375 0.1190185546875
-0.8060302734375 0.2645263671875 0.60308837890625 0.06427001953125
-1.00244140625 0.19091796875 0.663818359375 0.08111572265625
-0.99188232421875 0.10321044921875 0.60009765625 0.0880126953125
-0.9627685546875 -0.0761108398437502 0.413818359375 0.015411376953125
-1.0914306640625 0.0329589843749998 0.0705490112304687 -0.139701843261719
-1.02587890625 0.16912841796875 -0.219879150390625 -0.261810302734375
-0.88189697265625 0.3541259765625 -0.40130615234375 -0.238677978515625
-0.53656005859375 0.67205810546875 -0.411468505859375 -0.071441650390625
-0.42364501953125 0.75408935546875 -0.4710693359375 0.0656738281250001
-0.0476074218749999 0.84521484375 -0.359039306640625 0.172821044921875
0.14404296875 0.7833251953125 -0.49786376953125 0.152801513671875
0.0595092773437501 0.61962890625 0.68157958984375 0.4957275390625
-0.0204772949218749 0.531341552734375 0.53948974609375 0.416717529296875
-0.316162109375 0.470947265625 0.345611572265625 0.13323974609375
-0.44293212890625 0.318634033203125 0.456085205078125 0.130706787109375
-0.58294677734375 0.1473388671875 0.6312255859375 0.022705078125
-0.75555419921875 0.11224365234375 0.83258056640625 -0.00714111328124999
-0.75262451171875 0.06951904296875 0.8984375 -0.0128173828125
-0.7530517578125 -0.0432739257812501 0.74566650390625 -0.07427978515625
-0.86541748046875 0.0418701171874999 0.39263916015625 -0.266937255859375
-0.8001708984375 0.1513671875 0.0148925781249999 -0.40771484375
-0.68756103515625 0.28582763671875 -0.317230224609375 -0.35552978515625
-0.407806396484375 0.534423828125 -0.413787841796875 -0.080657958984375
-0.31488037109375 0.6077880859375 -0.4755859375 0.175872802734375
-0.00982666015625001 0.67236328125 -0.30157470703125 0.381683349609375
0.1160888671875 0.634521484375 -0.423187255859375 0.421417236328125
-9.15527343750239E-05 0.3331298828125 0.698486328125 0.63702392578125
-0.01678466796875 0.29052734375 0.489654541015625 0.507293701171875
-0.187103271484375 0.219619750976563 0.2813720703125 0.181854248046875
-0.22625732421875 0.143890380859375 0.388031005859375 0.1240234375
-0.301361083984375 0.0587768554687501 0.62420654296875 0.00726318359375
-0.42706298828125 0.0539855957031249 0.93133544921875 -0.0499267578125
-0.41314697265625 0.041412353515625 1.1005859375 -0.0894775390625
-0.427032470703125 -0.00683593749999991 0.97210693359375 -0.15753173828125
-0.50103759765625 0.036773681640625 0.6143798828125 -0.37908935546875
-0.451416015625 0.0907897949218751 0.178955078125 -0.520416259765625
-0.388519287109375 0.15899658203125 -0.2525634765625 -0.4351806640625
-0.2232666015625 0.299285888671875 -0.41180419921875 -0.088165283203125
-0.170135498046875 0.343109130859375 -0.459564208984375 0.24871826171875
0.01129150390625 0.3800048828125 -0.257171630859375 0.530181884765625
0.053497314453125 0.38134765625 -0.363525390625 0.61883544921875
-0.0568695068359375 0.0323486328125 0.2301025390625 -0.6705322265625
0.00648689270019531 -0.0251903533935547 0.2388916015625 -0.5869140625
-0.0129804611206055 -0.0158233642578125 0.33905029296875 -0.255828857421875
-0.0121355056762695 0.00534534454345703 0.39849853515625 0.0770263671875
-0.00465488433837891 -0.0160350799560547 0.17242431640625 0.431243896484375
0.0291900634765625 -0.0571098327636719 -0.2210693359375 0.5670166015625
0.0210380554199219 -0.0395889282226563 -0.7149658203125 0.42755126953125
0.0391921997070313 -0.0480575561523438 -1.0047607421875 0.2108154296875
0.0642776489257813 -0.0206260681152344 -1.112548828125 0.10540771484375
0.0430374145507813 -0.0330963134765625 -0.95001220703125 0.0211181640624999
0.0603370666503906 -0.00934982299804688 -0.56378173828125 0.0773925781250001
0.0566291809082031 -0.006622314453125 -0.263137817382813 -0.043060302734375
0.0242691040039063 -0.0147705078125 -0.210952758789063 -0.2642822265625
0.00978851318359375 -0.0408935546875 -0.4217529296875 -0.493011474609375
-0.0162887573242187 -0.0372848510742188 -0.65667724609375 -0.7352294921875
0.051483154296875 0.384918212890625 0.260986328125 -0.61956787109375
0.053802490234375 0.316131591796875 0.290802001953125 -0.533843994140625
-0.122344970703125 0.346282958984375 0.350341796875 -0.263824462890625
-0.244903564453125 0.275115966796875 0.43560791015625 0.08447265625
-0.342803955078125 0.14154052734375 0.215301513671875 0.406402587890625
-0.38916015625 0.060211181640625 -0.174957275390625 0.55755615234375
-0.403045654296875 0.024017333984375 -0.6468505859375 0.44915771484375
-0.355865478515625 -0.0802001953125 -0.9232177734375 0.23150634765625
-0.354400634765625 -0.0336303710937501 -1.07049560546875 0.1260986328125
-0.31439208984375 -0.022125244140625 -0.93817138671875 0.04241943359375
-0.24224853515625 0.03533935546875 -0.5655517578125 0.0730590820312501
-0.159271240234375 0.14605712890625 -0.265045166015625 -0.0523681640625
-0.157882690429688 0.178314208984375 -0.226791381835937 -0.260406494140625
-0.06158447265625 0.232315063476563 -0.408782958984375 -0.474578857421875
0.019012451171875 0.245010375976563 -0.64849853515625 -0.72210693359375
0.13250732421875 0.67718505859375 0.34210205078125 -0.46990966796875
0.0865478515625 0.6058349609375 0.378265380859375 -0.39874267578125
-0.22369384765625 0.6527099609375 0.384521484375 -0.23455810546875
-0.450469970703125 0.508758544921875 0.490478515625 0.0848388671875
-0.6409912109375 0.28143310546875 0.3050537109375 0.338470458984375
-0.75811767578125 0.1669921875 -0.0314636230468751 0.486083984375
-0.76519775390625 0.0806884765625001 -0.439300537109375 0.414520263671875
-0.69769287109375 -0.1005859375 -0.69805908203125 0.2197265625
-0.732666015625 -0.0322265624999999 -0.9105224609375 0.1187744140625
-0.6583251953125 0.0137939453125001 -0.8607177734375 0.0441284179687501
-0.543243408203125 0.114227294921875 -0.56085205078125 0.0524597167968751
-0.363525390625 0.325592041015625 -0.297271728515625 -0.0595092773437499
-0.3231201171875 0.39208984375 -0.287017822265625 -0.234100341796875
-0.110260009765625 0.49835205078125 -0.414825439453125 -0.402130126953125
0.055908203125 0.503570556640625 -0.63958740234375 -0.6114501953125
0.1766357421875 0.86407470703125 0.4498291015625 -0.24658203125
0.09088134765625 0.78857421875 0.474090576171875 -0.196868896484375
-0.3067626953125 0.84063720703125 0.41778564453125 -0.166015625
-0.5933837890625 0.6531982421875 0.540283203125 0.084991455078125
-0.84130859375 0.37188720703125 0.422149658203125 0.238800048828125
-1.013671875 0.24554443359375 0.18756103515625 0.358489990234375
-1.00634765625 0.12530517578125 -0.124053955078125 0.32940673828125
-0.93206787109375 -0.100830078125 -0.3643798828125 0.177520751953125
-1.01580810546875 -0.00500488281249997 -0.64190673828125 0.0792236328125
-0.93359375 0.0834960937499999 -0.702880859375 -0.000305175781250111
-0.7945556640625 0.2308349609375 -0.535675048828125 -0.00161743164062506
-0.5140380859375 0.52630615234375 -0.346649169921875 -0.061065673828125
-0.43011474609375 0.60589599609375 -0.3687744140625 -0.1650390625
-0.11383056640625 0.72454833984375 -0.42364501953125 -0.256103515625
0.10699462890625 0.6990966796875 -0.61663818359375 -0.40264892578125
0.1761474609375 0.91131591796875 0.553558349609375 0.0160217285156251
0.06597900390625 0.82586669921875 0.545928955078125 0.031829833984375
-0.36181640625 0.859375 0.431610107421875 -0.0659790039062499
-0.64556884765625 0.65380859375 0.555023193359375 0.094970703125
-0.900634765625 0.3658447265625 0.5311279296875 0.134490966796875
-1.0985107421875 0.25421142578125 0.43670654296875 0.206298828125
-1.0833740234375 0.136474609375 0.242706298828125 0.206436157226563
-1.02679443359375 -0.0858154296875002 0.0264205932617187 0.1041259765625
-1.14306640625 0.0258789062500002 -0.296173095703125 -0.0108642578125
-1.06964111328125 0.1514892578125 -0.47821044921875 -0.10699462890625
-0.9207763671875 0.33734130859375 -0.481170654296875 -0.102569580078125
-0.57196044921875 0.6678466796875 -0.388580322265625 -0.06109619140625
-0.4593505859375 0.75469970703125 -0.436859130859375 -0.0555419921875
-0.0805664062500001 0.8565673828125 -0.404998779296875 -0.0502319335937499
0.14697265625 0.7978515625 -0.56640625 -0.1328125
0.134521484375 0.82080078125 0.63592529296875 0.2708740234375
0.02093505859375 0.7259521484375 0.56988525390625 0.24542236328125
-0.3670654296875 0.715087890625 0.405364990234375 0.041259765625
-0.5880126953125 0.52020263671875 0.52166748046875 0.11248779296875
-0.79974365234375 0.27459716796875 0.60235595703125 0.05548095703125
-0.99664306640625 0.20465087890625 0.66326904296875 0.0694580078125
-0.988037109375 0.115966796875 0.59967041015625 0.0780029296875
-0.96136474609375 -0.0618896484374998 0.41241455078125 0.01141357421875
-1.08868408203125 0.0504760742187502 0.0681076049804687 -0.138038635253906
-1.02056884765625 0.18426513671875 -0.223052978515625 -0.255950927734375
-0.87738037109375 0.3651123046875 -0.403106689453125 -0.23089599609375
-0.52655029296875 0.67694091796875 -0.410980224609375 -0.06585693359375
-0.40960693359375 0.7615966796875 -0.469696044921875 0.073760986328125
-0.0346069335937501 0.84295654296875 -0.354522705078125 0.1767578125
0.15216064453125 0.7777099609375 -0.494537353515625 0.15826416015625
0.06866455078125 0.61676025390625 0.68487548828125 0.4852294921875
-0.01129150390625 0.529541015625 0.54229736328125 0.408843994140625
-0.308197021484375 0.47467041015625 0.344940185546875 0.128173828125
-0.43731689453125 0.323486328125 0.45562744140625 0.12255859375
-0.57904052734375 0.15423583984375 0.62774658203125 0.013671875
-0.75286865234375 0.12371826171875 0.8272705078125 -0.0201416015625
-0.75177001953125 0.0785522460937502 0.89739990234375 -0.0281982421875
-0.75189208984375 -0.03375244140625 0.742431640625 -0.08526611328125
-0.86273193359375 0.0551147460937499 0.38836669921875 -0.27197265625
-0.7960205078125 0.16339111328125 0.0102844238281249 -0.40576171875
-0.68292236328125 0.296875 -0.320770263671875 -0.350830078125
-0.39910888671875 0.53900146484375 -0.414093017578125 -0.076324462890625
-0.30413818359375 0.61126708984375 -0.47021484375 0.18389892578125
-0.000488281249999954 0.67138671875 -0.29376220703125 0.38446044921875
0.1243896484375 0.63037109375 -0.4166259765625 0.425201416015625
0.00531005859375002 0.334014892578125 0.70526123046875 0.62371826171875
-0.011962890625 0.28851318359375 0.49462890625 0.49755859375
-0.183364868164062 0.222793579101563 0.281021118164063 0.178939819335938
-0.222702026367187 0.14556884765625 0.389434814453125 0.119140625
-0.2998046875 0.062286376953125 0.62176513671875 -0.00384521484375
-0.424407958984375 0.059661865234375 0.92462158203125 -0.06304931640625
-0.412689208984375 0.0457458496093751 1.09619140625 -0.105224609375
-0.427337646484375 -9.15527343750095E-05 0.9659423828125 -0.17254638671875
-0.498931884765625 0.044647216796875 0.60919189453125 -0.3885498046875
-0.44940185546875 0.0979919433593749 0.171875 -0.520416259765625
-0.384368896484375 0.164642333984375 -0.256744384765625 -0.430511474609375
-0.219451904296875 0.301422119140625 -0.41363525390625 -0.0820312499999999
-0.16473388671875 0.344940185546875 -0.45477294921875 0.256439208984375
0.01531982421875 0.37774658203125 -0.24737548828125 0.529388427734375
0.05889892578125 0.37933349609375 -0.3543701171875 0.62054443359375
-0.05535888671875 0.0340995788574219 0.21759033203125 -0.668212890625
0.00567817687988281 -0.0256671905517578 0.22772216796875 -0.586669921875
-0.0131778717041016 -0.0157346725463867 0.33349609375 -0.257537841796875
-0.0113849639892578 0.00545787811279297 0.39801025390625 0.070159912109375
-0.00487327575683594 -0.0160608291625977 0.178314208984375 0.42510986328125
0.02740478515625 -0.0583763122558594 -0.21142578125 0.56671142578125
0.0203018188476563 -0.0398674011230469 -0.7061767578125 0.437744140625
0.0379791259765625 -0.0487709045410156 -0.99609375 0.225341796875
0.063934326171875 -0.0216255187988281 -1.1065673828125 0.12158203125
0.0423660278320313 -0.0328865051269531 -0.9453125 0.0358276367187499
0.0604896545410156 -0.0108718872070312 -0.5592041015625 0.0839538574218751
0.0560836791992188 -0.00838851928710938 -0.261734008789063 -0.0399322509765624
0.0238189697265625 -0.0153751373291016 -0.213058471679688 -0.261123657226563
0.00923919677734375 -0.0407142639160156 -0.427001953125 -0.484283447265625
-0.0165138244628906 -0.0362701416015625 -0.663330078125 -0.72222900390625
0.05755615234375 0.3824462890625 0.25115966796875 -0.61737060546875
0.05853271484375 0.312896728515625 0.280792236328125 -0.537200927734375
-0.116912841796875 0.346832275390625 0.345428466796875 -0.267333984375
-0.24029541015625 0.277099609375 0.434844970703125 0.07684326171875
-0.339263916015625 0.145965576171875 0.22039794921875 0.401123046875
-0.3865966796875 0.0642395019531249 -0.16522216796875 0.556854248046875
-0.401702880859375 0.0275878906249999 -0.637451171875 0.45611572265625
-0.356292724609375 -0.0755310058593751 -0.9166259765625 0.24444580078125
-0.353912353515625 -0.027587890625 -1.06304931640625 0.14031982421875
-0.31463623046875 -0.016998291015625 -0.93511962890625 0.057861328125
-0.24066162109375 0.037841796875 -0.559844970703125 0.0807800292968751
-0.156646728515625 0.145767211914063 -0.263565063476563 -0.0494537353515625
-0.155136108398438 0.179122924804688 -0.227920532226562 -0.255325317382813
-0.0575408935546875 0.232864379882813 -0.41253662109375 -0.467987060546875
0.02197265625 0.244491577148438 -0.65557861328125 -0.71099853515625
0.14410400390625 0.67108154296875 0.334930419921875 -0.472564697265625
0.09576416015625 0.60015869140625 0.36993408203125 -0.402069091796875
-0.21136474609375 0.6546630859375 0.378936767578125 -0.23760986328125
-0.442474365234375 0.512847900390625 0.490325927734375 0.076202392578125
-0.634033203125 0.28955078125 0.30792236328125 0.33245849609375
-0.75335693359375 0.177001953125 -0.02642822265625 0.4837646484375
-0.76220703125 0.0908813476562499 -0.431732177734375 0.419769287109375
-0.69573974609375 -0.0913696289062499 -0.691650390625 0.22900390625
-0.73095703125 -0.0199584960937499 -0.9049072265625 0.134033203125
-0.65386962890625 0.0230712890625001 -0.85552978515625 0.05828857421875
-0.539794921875 0.117889404296875 -0.556182861328125 0.0605468749999999
-0.357452392578125 0.329376220703125 -0.296539306640625 -0.056121826171875
-0.31524658203125 0.39453125 -0.287811279296875 -0.228790283203125
-0.10345458984375 0.498992919921875 -0.418212890625 -0.392974853515625
0.064056396484375 0.500640869140625 -0.64398193359375 -0.59857177734375
0.189453125 0.85797119140625 0.44317626953125 -0.250640869140625
0.10198974609375 0.7794189453125 0.469879150390625 -0.20245361328125
-0.29217529296875 0.84344482421875 0.413543701171875 -0.16949462890625
-0.58056640625 0.6583251953125 0.538818359375 0.0769348144531251
-0.83197021484375 0.38116455078125 0.423828125 0.23077392578125
-1.0072021484375 0.25732421875 0.19146728515625 0.3551025390625
-1.00048828125 0.13726806640625 -0.11907958984375 0.32958984375
-0.9302978515625 -0.0875244140625001 -0.3592529296875 0.1806640625
-1.00927734375 0.00970458984374997 -0.637939453125 0.0887451171874999
-0.92681884765625 0.0972900390624999 -0.70050048828125 0.0119018554687499
-0.7860107421875 0.24041748046875 -0.531402587890625 0.00595092773437504
-0.5020751953125 0.5291748046875 -0.345458984375 -0.055572509765625
-0.41845703125 0.60980224609375 -0.368804931640625 -0.158294677734375
-0.1025390625 0.72216796875 -0.423492431640625 -0.249664306640625
0.115478515625 0.6949462890625 -0.61956787109375 -0.3922119140625
0.1905517578125 0.9046630859375 0.550811767578125 0.00888061523437506
0.0765991210937501 0.81915283203125 0.543670654296875 0.0237426757812501
-0.3460693359375 0.86175537109375 0.425933837890625 -0.0693969726562499
-0.63226318359375 0.6588134765625 0.55303955078125 0.0869140625
-0.8902587890625 0.37823486328125 0.52972412109375 0.126556396484375
-1.08770751953125 0.2691650390625 0.436614990234375 0.197174072265625
-1.07745361328125 0.15118408203125 0.244644165039062 0.202346801757813
-1.02325439453125 -0.0721435546875 0.0270385742187499 0.103523254394531
-1.1363525390625 0.0449218749999998 -0.295562744140625 -0.00515747070312503
-1.06243896484375 0.1683349609375 -0.47747802734375 -0.097137451171875
-0.91143798828125 0.34881591796875 -0.48046875 -0.0950927734375
-0.559814453125 0.67181396484375 -0.38824462890625 -0.05499267578125
-0.44830322265625 0.75830078125 -0.435211181640625 -0.0456848144531249
-0.06719970703125 0.85400390625 -0.40191650390625 -0.04486083984375
0.15673828125 0.79290771484375 -0.56561279296875 -0.1240234375
0.14520263671875 0.81597900390625 0.63507080078125 0.26123046875
0.03228759765625 0.719970703125 0.5697021484375 0.236083984375
-0.35504150390625 0.71905517578125 0.401824951171875 0.03778076171875
-0.57843017578125 0.52386474609375 0.522064208984375 0.104644775390625
-0.79144287109375 0.28369140625 0.59954833984375 0.04449462890625
-0.9876708984375 0.2174072265625 0.65869140625 0.0594482421875
-0.98345947265625 0.1295166015625 0.5968017578125 0.0694580078125
-0.95794677734375 -0.0487670898437499 0.412109375 0.00555419921875
-1.0853271484375 0.0672607421875001 0.0661468505859374 -0.136878967285156
-1.01470947265625 0.199951171875 -0.225006103515625 -0.25
-0.87066650390625 0.376220703125 -0.403411865234375 -0.223876953125
-0.51446533203125 0.68023681640625 -0.41119384765625 -0.059356689453125
-0.39715576171875 0.7633056640625 -0.465087890625 0.0814208984375
-0.02032470703125 0.8394775390625 -0.349365234375 0.180419921875
0.163818359375 0.772216796875 -0.491058349609375 0.1639404296875
0.0779418945312499 0.61346435546875 0.68743896484375 0.47137451171875
-0.00326538085937504 0.526275634765625 0.546356201171875 0.399932861328125
-0.30029296875 0.479400634765625 0.342529296875 0.1251220703125
-0.4298095703125 0.327392578125 0.454681396484375 0.116302490234375
-0.5726318359375 0.15972900390625 0.625244140625 0.00433349609375001
-0.74676513671875 0.1326904296875 0.82232666015625 -0.0325927734375
-0.7462158203125 0.0880737304687501 0.89349365234375 -0.04083251953125
-0.74749755859375 -0.0238647460937501 0.7391357421875 -0.09423828125
-0.85882568359375 0.0679321289062501 0.383544921875 -0.274444580078125
-0.791259765625 0.173583984375 0.00524902343749998 -0.40240478515625
-0.6748046875 0.30419921875 -0.32244873046875 -0.343292236328125
-0.390472412109375 0.5421142578125 -0.413818359375 -0.069732666015625
-0.29425048828125 0.61407470703125 -0.46295166015625 0.19091796875
0.01019287109375 0.66705322265625 -0.2857666015625 0.386260986328125
0.133056640625 0.6253662109375 -0.408203125 0.42767333984375
0.011322021484375 0.331512451171875 0.7086181640625 0.61138916015625
-0.00741577148437501 0.28656005859375 0.4981689453125 0.48663330078125
-0.180221557617188 0.22528076171875 0.2808837890625 0.174530029296875
-0.2197265625 0.146926879882812 0.38812255859375 0.1126708984375
-0.295257568359375 0.064849853515625 0.6175537109375 -0.0128173828125
-0.42242431640625 0.065582275390625 0.918212890625 -0.0777587890625
-0.4105224609375 0.0501098632812499 1.0888671875 -0.12213134765625
-0.424072265625 0.00573730468749997 0.9576416015625 -0.1834716796875
-0.49658203125 0.0523681640625 0.599609375 -0.39471435546875
-0.446868896484375 0.10369873046875 0.165863037109375 -0.518585205078125
-0.380889892578125 0.169647216796875 -0.26116943359375 -0.424163818359375
-0.214508056640625 0.3018798828125 -0.41094970703125 -0.0749511718749999
-0.157958984375 0.345916748046875 -0.447784423828125 0.261566162109375
0.020477294921875 0.37689208984375 -0.238739013671875 0.530120849609375
0.06390380859375 0.376922607421875 -0.34295654296875 0.62158203125
-0.0544090270996094 0.0360984802246094 0.2095947265625 -0.66455078125
0.00481414794921875 -0.0255107879638672 0.21710205078125 -0.58636474609375
-0.0136518478393555 -0.0152101516723633 0.327789306640625 -0.259796142578125
-0.0106468200683594 0.00577640533447266 0.395111083984375 0.0631103515625
-0.004364013671875 -0.0157279968261719 0.183685302734375 0.419464111328125
0.0263786315917969 -0.0581436157226563 -0.20135498046875 0.566162109375
0.0195884704589844 -0.0404624938964844 -0.69720458984375 0.44561767578125
0.0371742248535156 -0.0490989685058594 -0.9874267578125 0.23828125
0.0637702941894531 -0.0231170654296875 -1.0986328125 0.13580322265625
0.041748046875 -0.0333023071289063 -0.9405517578125 0.0485839843750002
0.0593643188476563 -0.0119400024414063 -0.553436279296875 0.0891723632812501
0.0548095703125 -0.00953292846679688 -0.25994873046875 -0.037994384765625
0.0231876373291016 -0.0161628723144531 -0.214645385742188 -0.257522583007813
0.00882720947265625 -0.0395240783691406 -0.429290771484375 -0.476165771484375
-0.0162429809570313 -0.0357017517089844 -0.6688232421875 -0.70880126953125
0.06427001953125 0.37994384765625 0.23992919921875 -0.61627197265625
0.062103271484375 0.310333251953125 0.2720947265625 -0.5361328125
-0.111175537109375 0.34576416015625 0.33953857421875 -0.267852783203125
-0.234573364257812 0.279510498046875 0.43194580078125 0.068878173828125
-0.335052490234375 0.15032958984375 0.22265625 0.39453125
-0.38458251953125 0.068084716796875 -0.15911865234375 0.557373046875
-0.39990234375 0.032196044921875 -0.6285400390625 0.464599609375
-0.35479736328125 -0.0706176757812501 -0.9083251953125 0.25579833984375
-0.352142333984375 -0.0228881835937501 -1.0548095703125 0.15576171875
-0.31170654296875 -0.011871337890625 -0.9293212890625 0.0708618164062498
-0.239730834960937 0.0396575927734375 -0.553985595703125 0.08709716796875
-0.1529541015625 0.147048950195312 -0.26300048828125 -0.04730224609375
-0.151901245117187 0.180374145507813 -0.230148315429688 -0.252288818359375
-0.0540313720703125 0.231658935546875 -0.417022705078125 -0.459869384765625
0.025421142578125 0.243820190429688 -0.66168212890625 -0.69537353515625
0.153564453125 0.66680908203125 0.32525634765625 -0.470977783203125
0.1019287109375 0.59527587890625 0.362396240234375 -0.404205322265625
-0.200439453125 0.655517578125 0.37078857421875 -0.240020751953125
-0.430938720703125 0.51739501953125 0.48541259765625 0.068603515625
-0.62554931640625 0.29638671875 0.309783935546875 0.325836181640625
-0.74853515625 0.184814453125 -0.02032470703125 0.479705810546875
-0.756103515625 0.1014404296875 -0.422576904296875 0.42425537109375
-0.69403076171875 -0.08203125 -0.6842041015625 0.2374267578125
-0.72601318359375 -0.00958251953124998 -0.8978271484375 0.14593505859375
-0.65118408203125 0.0314941406249999 -0.8486328125 0.069580078125
-0.5341796875 0.12506103515625 -0.55169677734375 0.0668029785156249
-0.349395751953125 0.330078125 -0.295318603515625 -0.052734375
-0.307403564453125 0.3958740234375 -0.287994384765625 -0.222900390625
-0.094512939453125 0.496734619140625 -0.4212646484375 -0.38555908203125
0.069122314453125 0.496856689453125 -0.64794921875 -0.58673095703125
0.201416015625 0.85064697265625 0.4368896484375 -0.253326416015625
0.11029052734375 0.7744140625 0.463470458984375 -0.2078857421875
-0.27777099609375 0.84283447265625 0.40655517578125 -0.172119140625
-0.56793212890625 0.662109375 0.535400390625 0.067291259765625
-0.82269287109375 0.39056396484375 0.422027587890625 0.2237548828125
-0.99822998046875 0.26953125 0.192352294921875 0.34759521484375
-0.99359130859375 0.15106201171875 -0.11260986328125 0.32977294921875
-0.92706298828125 -0.0747680664062501 -0.354339599609375 0.18597412109375
-1.003173828125 0.0247802734375 -0.63275146484375 0.0993652343749999
-0.9215087890625 0.10784912109375 -0.69549560546875 0.02337646484375
-0.779296875 0.24884033203125 -0.528900146484375 0.0125427246093751
-0.49224853515625 0.531280517578125 -0.34478759765625 -0.0522460937499999
-0.407958984375 0.612060546875 -0.367828369140625 -0.152740478515625
-0.0916748046875 0.7197265625 -0.424835205078125 -0.242523193359375
0.12408447265625 0.68841552734375 -0.62139892578125 -0.38232421875
0.2025146484375 0.8985595703125 0.548004150390625 0.00280761718750006
0.0863647460937499 0.81085205078125 0.54046630859375 0.0151672363281251
-0.330810546875 0.8629150390625 0.42095947265625 -0.0707702636718749
-0.61865234375 0.66510009765625 0.548919677734375 0.079071044921875
-0.88037109375 0.3858642578125 0.5272216796875 0.117889404296875
-1.0794677734375 0.28253173828125 0.43548583984375 0.188201904296875
-1.0712890625 0.16400146484375 0.245956420898437 0.197601318359375
-1.0177001953125 -0.0597534179687502 0.0299530029296874 0.102516174316406
-1.130859375 0.06005859375 -0.29296875 0.00100708007812504
-1.05670166015625 0.180419921875 -0.47442626953125 -0.0883789062499999
-0.90460205078125 0.35516357421875 -0.476715087890625 -0.0883178710937501
-0.5484619140625 0.67645263671875 -0.38726806640625 -0.0504150390624999
-0.43231201171875 0.75897216796875 -0.430633544921875 -0.0398864746093749
-0.0552978515625 0.85076904296875 -0.399200439453125 -0.0398254394531249
0.16497802734375 0.7850341796875 -0.56451416015625 -0.117919921875
0.1568603515625 0.80731201171875 0.636474609375 0.25189208984375
0.0417480468750001 0.71453857421875 0.5694580078125 0.2259521484375
-0.3411865234375 0.72076416015625 0.39654541015625 0.03521728515625
-0.56842041015625 0.52935791015625 0.518768310546875 0.09759521484375
-0.7821044921875 0.29302978515625 0.5955810546875 0.037841796875
-0.9783935546875 0.22869873046875 0.6549072265625 0.0477294921875
-0.97637939453125 0.14031982421875 0.59564208984375 0.060791015625
-0.9532470703125 -0.0375366210937498 0.408843994140625 -0.000213623046875002
-1.07861328125 0.0824584960937499 0.0631408691406249 -0.134170532226563
-1.0072021484375 0.21075439453125 -0.226333618164063 -0.242568969726563
-0.8609619140625 0.382568359375 -0.401947021484375 -0.216156005859375
-0.50225830078125 0.6845703125 -0.409515380859375 -0.05364990234375
-0.38372802734375 0.76458740234375 -0.4603271484375 0.0878906250000001
-0.00964355468749993 0.8353271484375 -0.343658447265625 0.183197021484375
0.17193603515625 0.7655029296875 -0.484710693359375 0.1680908203125
0.0882568359375 0.60791015625 0.690673828125 0.45989990234375
0.00363159179687505 0.522003173828125 0.54669189453125 0.38873291015625
-0.291961669921875 0.4825439453125 0.340179443359375 0.120086669921875
-0.42193603515625 0.330902099609375 0.453033447265625 0.109283447265625
-0.5672607421875 0.16754150390625 0.618408203125 -0.00598144531249999
-0.7392578125 0.14208984375 0.81549072265625 -0.0452880859375
-0.7412109375 0.09722900390625 0.88739013671875 -0.0535888671875
-0.7442626953125 -0.0138549804687499 0.733154296875 -0.10345458984375
-0.85406494140625 0.0812377929687499 0.37823486328125 -0.275238037109375
-0.784423828125 0.18292236328125 0.00173950195312495 -0.398193359375
-0.669189453125 0.31317138671875 -0.324066162109375 -0.33782958984375
-0.381439208984375 0.544281005859375 -0.411895751953125 -0.063568115234375
-0.283447265625 0.61468505859375 -0.45904541015625 0.19769287109375
0.01708984375 0.6627197265625 -0.276458740234375 0.386138916015625
0.14093017578125 0.62066650390625 -0.400299072265625 0.42913818359375
0.016357421875 0.328582763671875 0.71136474609375 0.59759521484375
-0.00244140624999998 0.28570556640625 0.50042724609375 0.4781494140625
-0.175628662109375 0.227767944335937 0.278839111328125 0.17156982421875
-0.21697998046875 0.148391723632812 0.387359619140625 0.106170654296875
-0.294036865234375 0.067718505859375 0.6124267578125 -0.022216796875
-0.418426513671875 0.0707092285156251 0.9112548828125 -0.09149169921875
-0.408294677734375 0.053955078125 1.0814208984375 -0.1380615234375
-0.420928955078125 0.0106506347656251 0.94940185546875 -0.1962890625
-0.493255615234375 0.059173583984375 0.59344482421875 -0.3994140625
-0.442779541015625 0.111297607421875 0.15936279296875 -0.51837158203125
-0.3787841796875 0.173095703125 -0.263519287109375 -0.418426513671875
-0.208831787109375 0.3018798828125 -0.410491943359375 -0.069671630859375
-0.1522216796875 0.346893310546875 -0.44036865234375 0.26702880859375
0.024566650390625 0.373077392578125 -0.22930908203125 0.528961181640625
0.06829833984375 0.3729248046875 -0.33245849609375 0.6195068359375
-0.052459716796875 0.0370635986328125 0.20025634765625 -0.66070556640625
0.00476455688476562 -0.0263099670410156 0.20697021484375 -0.58489990234375
-0.0136203765869141 -0.0145196914672852 0.320465087890625 -0.263214111328125
-0.00978851318359375 0.00617694854736328 0.39105224609375 0.0577392578125
-0.00380039215087891 -0.0155715942382813 0.186798095703125 0.412933349609375
0.0249824523925781 -0.0590553283691406 -0.1942138671875 0.5643310546875
0.0184745788574219 -0.040435791015625 -0.68658447265625 0.451416015625
0.0365371704101563 -0.0494232177734375 -0.97576904296875 0.24945068359375
0.0629692077636719 -0.0236625671386719 -1.08990478515625 0.1494140625
0.040802001953125 -0.0328559875488281 -0.93115234375 0.0621948242187499
0.0577507019042969 -0.0133323669433594 -0.547698974609375 0.0955200195312501
0.0547676086425781 -0.0103378295898438 -0.258071899414063 -0.03558349609375
0.0227565765380859 -0.0160560607910156 -0.21453857421875 -0.254257202148437
0.00873184204101562 -0.0391006469726562 -0.431793212890625 -0.46875
-0.0166206359863281 -0.0346336364746094 -0.67156982421875 -0.69439697265625
0.0689697265625 0.376617431640625 0.231689453125 -0.60906982421875
0.066741943359375 0.306976318359375 0.263336181640625 -0.535247802734375
-0.105712890625 0.345550537109375 0.33306884765625 -0.2725830078125
-0.22998046875 0.2816162109375 0.428802490234375 0.06317138671875
-0.33172607421875 0.152923583984375 0.225067138671875 0.386962890625
-0.382171630859375 0.0726013183593749 -0.1492919921875 0.55181884765625
-0.39556884765625 0.0375976562499999 -0.6177978515625 0.4688720703125
-0.35321044921875 -0.066192626953125 -0.896728515625 0.26617431640625
-0.35009765625 -0.0182495117187501 -1.04449462890625 0.1688232421875
-0.3111572265625 -0.00750732421875005 -0.91888427734375 0.0848999023437501
-0.238311767578125 0.0420074462890625 -0.54931640625 0.092559814453125
-0.149917602539063 0.14715576171875 -0.261032104492188 -0.043914794921875
-0.147918701171875 0.181304931640625 -0.229904174804688 -0.246871948242187
-0.0500030517578125 0.2310791015625 -0.418212890625 -0.451873779296875
0.0277252197265625 0.240768432617188 -0.664306640625 -0.68267822265625
0.1614990234375 0.66082763671875 0.318084716796875 -0.47027587890625
0.10986328125 0.58770751953125 0.355010986328125 -0.406494140625
-0.192138671875 0.65338134765625 0.364532470703125 -0.241943359375
-0.418975830078125 0.5185546875 0.48358154296875 0.061920166015625
-0.61798095703125 0.30218505859375 0.310455322265625 0.316986083984375
-0.74114990234375 0.193359375 -0.015380859375 0.4764404296875
-0.75335693359375 0.10821533203125 -0.415313720703125 0.42718505859375
-0.69097900390625 -0.0729980468749999 -0.675537109375 0.2451171875
-0.72222900390625 0.000305175781249985 -0.88897705078125 0.157958984375
-0.64593505859375 0.03863525390625 -0.8424072265625 0.0808715820312501
-0.531158447265625 0.130035400390625 -0.544677734375 0.0734863281249999
-0.343292236328125 0.330413818359375 -0.2950439453125 -0.050445556640625
-0.298614501953125 0.3963623046875 -0.286895751953125 -0.217681884765625
-0.087371826171875 0.493682861328125 -0.421478271484375 -0.378570556640625
0.072998046875 0.49176025390625 -0.65020751953125 -0.5697021484375
0.2117919921875 0.84173583984375 0.4310302734375 -0.25439453125
0.12103271484375 0.762939453125 0.456390380859375 -0.213531494140625
-0.26513671875 0.84381103515625 0.399322509765625 -0.17333984375
-0.5552978515625 0.664306640625 0.5323486328125 0.060760498046875
-0.81207275390625 0.3963623046875 0.420989990234375 0.21551513671875
-0.9886474609375 0.27935791015625 0.19549560546875 0.343292236328125
-0.98486328125 0.15850830078125 -0.108184814453125 0.329437255859375
-0.92218017578125 -0.0632324218750002 -0.34942626953125 0.1904296875
-0.996337890625 0.0380859375000002 -0.626708984375 0.10797119140625
-0.9139404296875 0.1180419921875 -0.69049072265625 0.0331420898437499
-0.7716064453125 0.25640869140625 -0.522186279296875 0.01910400390625
-0.48297119140625 0.533477783203125 -0.343414306640625 -0.047454833984375
-0.3966064453125 0.6102294921875 -0.3651123046875 -0.146636962890625
-0.0821533203124999 0.717529296875 -0.42333984375 -0.23626708984375
0.12921142578125 0.68408203125 -0.62060546875 -0.3707275390625
0.2138671875 0.88812255859375 0.54345703125 -0.00280761718749995
0.09503173828125 0.80316162109375 0.535491943359375 0.01007080078125
-0.31634521484375 0.8626708984375 0.4161376953125 -0.0736694335937499
-0.6063232421875 0.6693115234375 0.54638671875 0.0714111328125001
-0.87054443359375 0.39373779296875 0.52398681640625 0.10833740234375
-1.06829833984375 0.29327392578125 0.4342041015625 0.18121337890625
-1.061767578125 0.17669677734375 0.248077392578125 0.19384765625
-1.01275634765625 -0.0456542968750001 0.0323791503906249 0.10247802734375
-1.1229248046875 0.0735473632812499 -0.291748046875 0.00640869140624998
-1.04583740234375 0.19415283203125 -0.471649169921875 -0.079254150390625
-0.8941650390625 0.36407470703125 -0.47344970703125 -0.0812683105468751
-0.5364990234375 0.677001953125 -0.3839111328125 -0.043975830078125
-0.42120361328125 0.76055908203125 -0.42791748046875 -0.0321044921875
-0.0430908203125 0.8458251953125 -0.395843505859375 -0.036285400390625
0.1741943359375 0.77880859375 -0.56109619140625 -0.10943603515625
0.16693115234375 0.7994384765625 0.632568359375 0.244384765625
0.0515747070312499 0.70697021484375 0.56793212890625 0.21685791015625
-0.32958984375 0.7218017578125 0.391998291015625 0.03265380859375
-0.556427001953125 0.533538818359375 0.5159912109375 0.091033935546875
-0.77398681640625 0.299072265625 0.59039306640625 0.0289306640625
-0.9688720703125 0.23944091796875 0.6480712890625 0.0389404296875
-0.96881103515625 0.15032958984375 0.59259033203125 0.0538330078125
-0.9468994140625 -0.0261230468750002 0.406494140625 -0.004241943359375
-1.0692138671875 0.0972290039062501 0.0625152587890624 -0.132965087890625
-0.99810791015625 0.2222900390625 -0.225112915039063 -0.236495971679687
-0.8516845703125 0.3912353515625 -0.40087890625 -0.209014892578125
-0.4892578125 0.685302734375 -0.4071044921875 -0.047760009765625
-0.3697509765625 0.7650146484375 -0.4552001953125 0.0946044921875
0.00244140624999997 0.82781982421875 -0.33709716796875 0.18487548828125
0.18017578125 0.7574462890625 -0.4786376953125 0.172607421875
0.09478759765625 0.599609375 0.68951416015625 0.4500732421875
0.0115661621093751 0.515869140625 0.548431396484375 0.380889892578125
-0.28277587890625 0.48297119140625 0.33685302734375 0.118408203125
-0.41363525390625 0.3341064453125 0.451446533203125 0.102996826171875
-0.560577392578125 0.1717529296875 0.6141357421875 -0.01348876953125
-0.7322998046875 0.14990234375 0.8056640625 -0.0552978515625
-0.73614501953125 0.10498046875 0.882080078125 -0.06439208984375
-0.73907470703125 -0.00659179687500003 0.727294921875 -0.11297607421875
-0.84649658203125 0.0897827148437499 0.373870849609375 -0.277130126953125
-0.7781982421875 0.19293212890625 -0.00238037109375004 -0.39544677734375
-0.6611328125 0.3184814453125 -0.324188232421875 -0.32965087890625
-0.371185302734375 0.544342041015625 -0.41015625 -0.0574645996093749
-0.2724609375 0.61334228515625 -0.452117919921875 0.2030029296875
0.0264282226562499 0.65875244140625 -0.271026611328125 0.385650634765625
0.1470947265625 0.61474609375 -0.389556884765625 0.42950439453125
0.01983642578125 0.327362060546875 0.71417236328125 0.5860595703125
0.00250244140624998 0.282623291015625 0.50274658203125 0.469268798828125
-0.171981811523438 0.230026245117188 0.27813720703125 0.167678833007813
-0.213104248046875 0.149078369140625 0.385040283203125 0.10186767578125
-0.28948974609375 0.070404052734375 0.607666015625 -0.02978515625
-0.41436767578125 0.0755615234374999 0.90252685546875 -0.1033935546875
-0.404083251953125 0.061279296875 1.07000732421875 -0.15252685546875
-0.4178466796875 0.015777587890625 0.94232177734375 -0.20611572265625
-0.488494873046875 0.0652465820312501 0.5841064453125 -0.40478515625
-0.439483642578125 0.115203857421875 0.15399169921875 -0.513885498046875
-0.37310791015625 0.177093505859375 -0.26611328125 -0.411651611328125
-0.2027587890625 0.30389404296875 -0.406951904296875 -0.0618896484374999
-0.146636962890625 0.346771240234375 -0.433868408203125 0.271728515625
0.029510498046875 0.369873046875 -0.220367431640625 0.527984619140625
0.0733642578125 0.370880126953125 -0.31951904296875 0.61895751953125
-0.0509757995605469 0.038818359375 0.1922607421875 -0.65631103515625
0.00476264953613281 -0.0260181427001953 0.19818115234375 -0.58074951171875
-0.0134372711181641 -0.0143613815307617 0.315826416015625 -0.265960693359375
-0.00898361206054688 0.00600242614746094 0.3883056640625 0.051666259765625
-0.00338459014892578 -0.0151500701904297 0.188690185546875 0.40594482421875
0.0239105224609375 -0.0589790344238281 -0.186248779296875 0.560760498046875
0.0177536010742188 -0.0410385131835938 -0.677734375 0.45660400390625
0.0359535217285156 -0.0493011474609375 -0.9658203125 0.25775146484375
0.0625267028808594 -0.0244369506835938 -1.07928466796875 0.16168212890625
0.0393905639648437 -0.0329399108886719 -0.92449951171875 0.0728149414062498
0.0581016540527344 -0.0136032104492187 -0.54193115234375 0.100006103515625
0.0541915893554687 -0.0119590759277344 -0.255203247070313 -0.0343322753906251
0.0225296020507813 -0.0161647796630859 -0.215240478515625 -0.249801635742188
0.00800323486328125 -0.038482666015625 -0.433074951171875 -0.4610595703125
-0.0159492492675781 -0.0328578948974609 -0.6737060546875 -0.680419921875
0.07293701171875 0.37567138671875 0.2225341796875 -0.60791015625
0.068389892578125 0.301605224609375 0.253692626953125 -0.534210205078125
-0.0993347167968749 0.34576416015625 0.327056884765625 -0.272796630859375
-0.222320556640625 0.2816162109375 0.42645263671875 0.0572509765625
-0.32611083984375 0.1556396484375 0.226806640625 0.380889892578125
-0.378082275390625 0.075836181640625 -0.143646240234375 0.549102783203125
-0.393218994140625 0.03973388671875 -0.60833740234375 0.47406005859375
-0.3519287109375 -0.06268310546875 -0.8865966796875 0.27508544921875
-0.3477783203125 -0.01214599609375 -1.0355224609375 0.179931640625
-0.30889892578125 -0.00473022460937496 -0.9122314453125 0.0940551757812501
-0.234420776367188 0.0436248779296875 -0.542449951171875 0.097198486328125
-0.14703369140625 0.145904541015625 -0.259445190429688 -0.0423126220703125
-0.144149780273437 0.180450439453125 -0.230056762695312 -0.244049072265625
-0.0462646484375 0.230316162109375 -0.41864013671875 -0.442840576171875
0.0301971435546875 0.2396240234375 -0.665283203125 -0.66912841796875
0.1669921875 0.65447998046875 0.309814453125 -0.46746826171875
0.11431884765625 0.5797119140625 0.346435546875 -0.407073974609375
-0.179931640625 0.65283203125 0.359405517578125 -0.24237060546875
-0.411529541015625 0.520050048828125 0.480133056640625 0.055908203125
-0.61102294921875 0.30694580078125 0.309844970703125 0.310394287109375
-0.734130859375 0.199462890625 -0.010528564453125 0.471710205078125
-0.7462158203125 0.11474609375 -0.4073486328125 0.428680419921875
-0.68585205078125 -0.0657958984375001 -0.66571044921875 0.2498779296875
-0.71649169921875 0.00921630859375003 -0.87811279296875 0.16845703125
-0.6417236328125 0.0468139648437499 -0.8348388671875 0.0923461914062501
-0.525146484375 0.13330078125 -0.537628173828125 0.0777282714843749
-0.33642578125 0.331268310546875 -0.29241943359375 -0.04632568359375
-0.291839599609375 0.3956298828125 -0.28631591796875 -0.21295166015625
-0.0811767578125 0.49151611328125 -0.421630859375 -0.370574951171875
0.078369140625 0.48760986328125 -0.65167236328125 -0.55950927734375
0.21881103515625 0.831787109375 0.424713134765625 -0.2557373046875
0.12725830078125 0.75439453125 0.450286865234375 -0.21697998046875
-0.2515869140625 0.84112548828125 0.393890380859375 -0.174774169921875
-0.5426025390625 0.66522216796875 0.527557373046875 0.0527648925781251
-0.80169677734375 0.40240478515625 0.41943359375 0.207977294921875
-0.97589111328125 0.2869873046875 0.195343017578125 0.33685302734375
-0.97747802734375 0.1702880859375 -0.10406494140625 0.327728271484375
-0.91473388671875 -0.0546875000000002 -0.343658447265625 0.194305419921875
-0.98895263671875 0.0505981445312501 -0.62115478515625 0.115234375
-0.905029296875 0.1273193359375 -0.6837158203125 0.0428466796874999
-0.76336669921875 0.260009765625 -0.517242431640625 0.02435302734375
-0.4732666015625 0.53326416015625 -0.340301513671875 -0.0440063476562499
-0.3858642578125 0.61175537109375 -0.3624267578125 -0.1416015625
-0.07122802734375 0.7122802734375 -0.420867919921875 -0.228546142578125
0.1356201171875 0.67474365234375 -0.61981201171875 -0.35919189453125
0.22149658203125 0.87554931640625 0.53875732421875 -0.00817871093749995
0.1036376953125 0.7935791015625 0.530181884765625 0.00268554687500005
-0.30474853515625 0.86102294921875 0.41046142578125 -0.0768432617187499
-0.5927734375 0.66827392578125 0.542572021484375 0.064971923828125
-0.8592529296875 0.40020751953125 0.519561767578125 0.101898193359375
-1.0574951171875 0.30181884765625 0.429412841796875 0.174224853515625
-1.05267333984375 0.1851806640625 0.247329711914062 0.189193725585938
-1.00390625 -0.0358886718749999 0.0324478149414062 0.101600646972656
-1.1142578125 0.088134765625 -0.28826904296875 0.010498046875
-1.03643798828125 0.2034912109375 -0.469818115234375 -0.0721435546875
-0.88226318359375 0.37158203125 -0.469085693359375 -0.0747070312499999
-0.52325439453125 0.67608642578125 -0.382568359375 -0.0400390624999999
-0.40728759765625 0.75848388671875 -0.423797607421875 -0.0268554687499999
-0.0331420898437501 0.83978271484375 -0.392181396484375 -0.031341552734375
0.18072509765625 0.7689208984375 -0.559051513671875 -0.101470947265625
0.17498779296875 0.789306640625 0.63043212890625 0.236572265625
0.05841064453125 0.69793701171875 0.56402587890625 0.21099853515625
-0.3179931640625 0.71966552734375 0.38958740234375 0.02923583984375
-0.545074462890625 0.533599853515625 0.512176513671875 0.083251953125
-0.7637939453125 0.30303955078125 0.58447265625 0.02301025390625
-0.96099853515625 0.247314453125 0.64166259765625 0.03179931640625
-0.9598388671875 0.16070556640625 0.58917236328125 0.04583740234375
-0.939697265625 -0.0164794921875 0.403839111328125 -0.007781982421875
-1.06298828125 0.106689453125 0.0608596801757812 -0.131500244140625
-0.98895263671875 0.23187255859375 -0.225967407226563 -0.230072021484375
-0.84222412109375 0.3983154296875 -0.39886474609375 -0.202178955078125
-0.47906494140625 0.68408203125 -0.405029296875 -0.043731689453125
-0.35931396484375 0.76348876953125 -0.44854736328125 0.101165771484375
0.01019287109375 0.82122802734375 -0.3326416015625 0.187042236328125
0.186279296875 0.74755859375 -0.47308349609375 0.17547607421875
0.1011962890625 0.59375 0.68817138671875 0.43817138671875
0.0172119140625 0.509613037109375 0.54705810546875 0.3690185546875
-0.274627685546875 0.48370361328125 0.33355712890625 0.11444091796875
-0.4071044921875 0.334442138671875 0.44677734375 0.098052978515625
-0.5535888671875 0.174530029296875 0.60858154296875 -0.01849365234375
-0.72540283203125 0.15789794921875 0.79888916015625 -0.06463623046875
-0.7291259765625 0.1126708984375 0.87298583984375 -0.074951171875
-0.73492431640625 0.000915527343750001 0.7191162109375 -0.11865234375
-0.83941650390625 0.0999755859375001 0.367218017578125 -0.278472900390625
-0.76995849609375 0.198974609375 -0.00500488281250002 -0.38958740234375
-0.655029296875 0.32293701171875 -0.323974609375 -0.322998046875
-0.363128662109375 0.544219970703125 -0.40863037109375 -0.0513916015625
-0.2645263671875 0.613525390625 -0.444122314453125 0.20751953125
0.033447265625 0.65484619140625 -0.263031005859375 0.384063720703125
0.15045166015625 0.60797119140625 -0.3814697265625 0.427764892578125
0.02386474609375 0.3236083984375 0.7132568359375 0.57440185546875
0.00572204589843751 0.278594970703125 0.502105712890625 0.45709228515625
-0.167221069335938 0.23052978515625 0.274581909179688 0.164932250976563
-0.209991455078125 0.150375366210937 0.38226318359375 0.09576416015625
-0.286285400390625 0.070404052734375 0.6004638671875 -0.03564453125
-0.410919189453125 0.0788269042968749 0.8887939453125 -0.1138916015625
-0.401763916015625 0.0627136230468751 1.0606689453125 -0.16326904296875
-0.41522216796875 0.0197143554687501 0.9327392578125 -0.21612548828125
-0.484283447265625 0.0698852539062499 0.57537841796875 -0.40399169921875
-0.435546875 0.1190185546875 0.146575927734375 -0.51165771484375
-0.370574951171875 0.180206298828125 -0.267578125 -0.405242919921875
-0.199951171875 0.302825927734375 -0.405029296875 -0.0566711425781249
-0.14215087890625 0.345458984375 -0.426605224609375 0.277374267578125
0.0341796875 0.36798095703125 -0.211334228515625 0.523529052734375
0.076202392578125 0.36700439453125 -0.31103515625 0.61376953125
-0.0491065979003906 0.0400962829589844 0.18414306640625 -0.6484375
0.00454902648925782 -0.0263347625732422 0.189453125 -0.57684326171875
-0.0134544372558594 -0.0141944885253906 0.310638427734375 -0.266143798828125
-0.00766134262084961 0.00609111785888672 0.38470458984375 0.048736572265625
-0.00243282318115234 -0.0146198272705078 0.188995361328125 0.3990478515625
0.0227928161621094 -0.058807373046875 -0.17877197265625 0.555694580078125
0.0170745849609375 -0.0416412353515625 -0.66729736328125 0.460205078125
0.0359230041503906 -0.0491600036621094 -0.95477294921875 0.26568603515625
0.061859130859375 -0.0254249572753906 -1.06671142578125 0.17083740234375
0.0390396118164063 -0.0321083068847656 -0.91693115234375 0.081787109375
0.0571517944335938 -0.014739990234375 -0.53472900390625 0.1026611328125
0.0532264709472656 -0.0118370056152344 -0.252517700195313 -0.03277587890625
0.0218849182128906 -0.0164451599121094 -0.214340209960938 -0.24725341796875
0.00828170776367188 -0.038116455078125 -0.433563232421875 -0.4522705078125
-0.0162029266357422 -0.0321712493896484 -0.676025390625 -0.66717529296875
0.0777587890625 0.37164306640625 0.2171630859375 -0.60260009765625
0.06982421875 0.2974853515625 0.24462890625 -0.532379150390625
-0.096282958984375 0.34423828125 0.321533203125 -0.27105712890625
-0.21856689453125 0.281707763671875 0.42181396484375 0.052490234375
-0.3223876953125 0.1558837890625 0.229461669921875 0.372161865234375
-0.374542236328125 0.0789794921875 -0.139129638671875 0.5462646484375
-0.389434814453125 0.0437622070312499 -0.60101318359375 0.4775390625
-0.348602294921875 -0.059600830078125 -0.87579345703125 0.2813720703125
-0.343170166015625 -0.0107421875000001 -1.02435302734375 0.1898193359375
-0.304840087890625 -0.00173950195312496 -0.90447998046875 0.10467529296875
-0.233139038085938 0.043060302734375 -0.535675048828125 0.100433349609375
-0.14410400390625 0.145736694335937 -0.257919311523438 -0.0410003662109375
-0.140350341796875 0.179733276367187 -0.23004150390625 -0.239532470703125
-0.0444488525390625 0.228866577148438 -0.417449951171875 -0.43463134765625
0.03167724609375 0.237518310546875 -0.66705322265625 -0.65557861328125
0.171875 0.64703369140625 0.30450439453125 -0.462310791015625
0.119873046875 0.57159423828125 0.338897705078125 -0.40643310546875
-0.17266845703125 0.648681640625 0.352996826171875 -0.242706298828125
-0.40423583984375 0.521240234375 0.475616455078125 0.051025390625
-0.60302734375 0.310546875 0.309906005859375 0.3035888671875
-0.72576904296875 0.20574951171875 -0.00848388671875008 0.4677734375
-0.74041748046875 0.12042236328125 -0.399017333984375 0.429229736328125
-0.6812744140625 -0.05999755859375 -0.65814208984375 0.254638671875
-0.70953369140625 0.0162963867187501 -0.86895751953125 0.17633056640625
-0.6363525390625 0.0526733398437499 -0.8275146484375 0.102783203125
-0.521026611328125 0.13653564453125 -0.53192138671875 0.082366943359375
-0.331329345703125 0.330047607421875 -0.28973388671875 -0.0452270507812499
-0.284027099609375 0.394927978515625 -0.284912109375 -0.208587646484375
-0.0750732421875 0.48663330078125 -0.4205322265625 -0.36358642578125
0.083282470703125 0.4813232421875 -0.6497802734375 -0.54925537109375
0.2254638671875 0.8226318359375 0.418792724609375 -0.25640869140625
0.13348388671875 0.74530029296875 0.44476318359375 -0.2181396484375
-0.2408447265625 0.8365478515625 0.386810302734375 -0.175384521484375
-0.5330810546875 0.6654052734375 0.522552490234375 0.04827880859375
-0.79345703125 0.4063720703125 0.41583251953125 0.20172119140625
-0.96923828125 0.29583740234375 0.1956787109375 0.33203125
-0.968017578125 0.1763916015625 -0.0997009277343751 0.327392578125
-0.9073486328125 -0.0475463867187501 -0.336029052734375 0.19464111328125
-0.98138427734375 0.05828857421875 -0.6151123046875 0.122314453125
-0.899169921875 0.1351318359375 -0.6766357421875 0.0504150390624999
-0.7557373046875 0.2662353515625 -0.511688232421875 0.028564453125
-0.4627685546875 0.532958984375 -0.338409423828125 -0.0411987304687499
-0.37652587890625 0.61041259765625 -0.360687255859375 -0.13519287109375
-0.06439208984375 0.7054443359375 -0.41796875 -0.22393798828125
0.14190673828125 0.66839599609375 -0.61767578125 -0.35076904296875
0.229736328125 0.86517333984375 0.533477783203125 -0.0104980468749999
0.1099853515625 0.782958984375 0.525146484375 -0.000427246093749952
-0.292236328125 0.85589599609375 0.404571533203125 -0.0769958496093749
-0.58001708984375 0.66876220703125 0.538665771484375 0.05902099609375
-0.84881591796875 0.40496826171875 0.51416015625 0.095489501953125
-1.0457763671875 0.31036376953125 0.425933837890625 0.167999267578125
-1.043212890625 0.19146728515625 0.246963500976562 0.186996459960938
-0.99713134765625 -0.02899169921875 0.03466796875 0.100700378417969
-1.10540771484375 0.0969848632812498 -0.286376953125 0.0144653320312499
-1.025390625 0.21142578125 -0.46575927734375 -0.0646667480468749
-0.8740234375 0.37493896484375 -0.464080810546875 -0.070281982421875
-0.51177978515625 0.67474365234375 -0.380401611328125 -0.037445068359375
-0.39666748046875 0.7559814453125 -0.418548583984375 -0.0220642089843749
-0.02423095703125 0.83172607421875 -0.388031005859375 -0.027252197265625
0.18475341796875 0.7607421875 -0.55389404296875 -0.0971679687499999
0.18072509765625 0.7789306640625 0.62701416015625 0.22802734375
0.0626220703125 0.687744140625 0.560302734375 0.201263427734375
-0.3087158203125 0.7193603515625 0.382476806640625 0.028839111328125
-0.536773681640625 0.533721923828125 0.507843017578125 0.076629638671875
-0.7550048828125 0.30670166015625 0.577880859375 0.01776123046875
-0.9501953125 0.25335693359375 0.6326904296875 0.02313232421875
-0.9532470703125 0.16748046875 0.58331298828125 0.04071044921875
-0.93243408203125 -0.00964355468750008 0.4007568359375 -0.012542724609375
-1.05194091796875 0.11614990234375 0.0598373413085937 -0.129959106445313
-0.9788818359375 0.24029541015625 -0.22332763671875 -0.224075317382812
-0.8331298828125 0.40435791015625 -0.3961181640625 -0.196380615234375
-0.46844482421875 0.68023681640625 -0.402740478515625 -0.0388183593749999
-0.3487548828125 0.76116943359375 -0.442230224609375 0.1048583984375
0.01849365234375 0.81390380859375 -0.325347900390625 0.188018798828125
0.19012451171875 0.74151611328125 -0.4676513671875 0.17742919921875
0.10699462890625 0.5850830078125 0.685791015625 0.43182373046875
0.023468017578125 0.502899169921875 0.5452880859375 0.3612060546875
-0.265625 0.483978271484375 0.329559326171875 0.11376953125
-0.400421142578125 0.335906982421875 0.442901611328125 0.094146728515625
-0.54632568359375 0.177154541015625 0.60162353515625 -0.02471923828125
-0.71734619140625 0.1619873046875 0.79071044921875 -0.0726318359375
-0.72174072265625 0.1187744140625 0.86358642578125 -0.08319091796875
-0.7286376953125 0.00860595703125006 0.7127685546875 -0.12353515625
-0.83203125 0.10870361328125 0.36163330078125 -0.276702880859375
-0.76416015625 0.20465087890625 -0.00790405273437505 -0.383697509765625
-0.64581298828125 0.32623291015625 -0.32379150390625 -0.316619873046875
-0.35467529296875 0.543609619140625 -0.403045654296875 -0.04840087890625
-0.2535400390625 0.61077880859375 -0.437103271484375 0.211456298828125
0.04010009765625 0.64703369140625 -0.257080078125 0.383636474609375
0.155029296875 0.60137939453125 -0.374908447265625 0.42730712890625
0.027313232421875 0.320281982421875 0.71112060546875 0.56268310546875
0.00918579101562499 0.272308349609375 0.50213623046875 0.4512939453125
-0.164932250976563 0.23065185546875 0.271286010742188 0.161590576171875
-0.207244873046875 0.148788452148437 0.377960205078125 0.0921630859375
-0.283294677734375 0.07171630859375 0.59332275390625 -0.04168701171875
-0.4051513671875 0.0811767578124999 0.88153076171875 -0.1239013671875
-0.39801025390625 0.067138671875 1.052001953125 -0.17315673828125
-0.412200927734375 0.022735595703125 0.92022705078125 -0.223388671875
-0.481903076171875 0.0738525390625 0.5675048828125 -0.40545654296875
-0.431976318359375 0.12298583984375 0.1439208984375 -0.5059814453125
-0.365509033203125 0.184539794921875 -0.26788330078125 -0.398590087890625
-0.19580078125 0.302642822265625 -0.399078369140625 -0.0534362792968749
-0.137481689453125 0.344818115234375 -0.41864013671875 0.27960205078125
0.037384033203125 0.36468505859375 -0.2037353515625 0.5224609375
0.078704833984375 0.361480712890625 -0.3031005859375 0.61053466796875
-0.0475921630859375 0.0409202575683594 0.1787109375 -0.64276123046875
0.00410270690917969 -0.0261859893798828 0.18341064453125 -0.57354736328125
-0.012415885925293 -0.0137453079223633 0.3076171875 -0.264404296875
-0.00663661956787109 0.0056304931640625 0.381378173828125 0.044769287109375
-0.00293159484863281 -0.0152320861816406 0.19012451171875 0.393310546875
0.0217742919921875 -0.0583572387695313 -0.172393798828125 0.5533447265625
0.0170364379882813 -0.0407867431640625 -0.65814208984375 0.46331787109375
0.0340538024902344 -0.0494613647460938 -0.94329833984375 0.27099609375
0.0628280639648438 -0.0257606506347656 -1.0562744140625 0.17694091796875
0.0382957458496094 -0.0320396423339844 -0.90802001953125 0.0895996093750002
0.056304931640625 -0.0165290832519531 -0.529815673828125 0.10479736328125
0.0526657104492188 -0.013458251953125 -0.250534057617188 -0.0325469970703125
0.0226097106933594 -0.0164031982421875 -0.214309692382812 -0.243896484375
0.00809097290039062 -0.0381202697753906 -0.43310546875 -0.446563720703125
-0.0155086517333984 -0.0326347351074219 -0.67169189453125 -0.65582275390625
0.078826904296875 0.368194580078125 0.2100830078125 -0.59368896484375
0.072601318359375 0.294219970703125 0.23785400390625 -0.529327392578125
-0.092132568359375 0.342193603515625 0.31805419921875 -0.270660400390625
-0.2115478515625 0.27996826171875 0.417510986328125 0.046600341796875
-0.317291259765625 0.158447265625 0.2296142578125 0.36944580078125
-0.372894287109375 0.079498291015625 -0.13275146484375 0.539886474609375
-0.388580322265625 0.04547119140625 -0.592529296875 0.477294921875
-0.34564208984375 -0.055694580078125 -0.864013671875 0.28753662109375
-0.34222412109375 -0.00662231445312503 -1.01422119140625 0.19775390625
-0.30413818359375 0.00100708007812504 -0.896240234375 0.111572265625
-0.22882080078125 0.0449981689453126 -0.528778076171875 0.1048583984375
-0.140289306640625 0.1441650390625 -0.256332397460938 -0.039642333984375
-0.137985229492187 0.179519653320313 -0.228134155273438 -0.233917236328125
-0.041229248046875 0.2254638671875 -0.416839599609375 -0.4306640625
0.0331268310546875 0.233001708984375 -0.66552734375 -0.64471435546875
0.1766357421875 0.63922119140625 0.296783447265625 -0.459930419921875
0.12152099609375 0.5650634765625 0.330535888671875 -0.404632568359375
-0.16534423828125 0.64630126953125 0.348388671875 -0.240936279296875
-0.39453125 0.519866943359375 0.470916748046875 0.045654296875
-0.59735107421875 0.31146240234375 0.30645751953125 0.298828125
-0.720458984375 0.2071533203125 -0.00381469726562508 0.46221923828125
-0.73321533203125 0.1243896484375 -0.39361572265625 0.427886962890625
-0.676513671875 -0.0538940429687501 -0.6495361328125 0.2584228515625
-0.7044677734375 0.0228881835937499 -0.86138916015625 0.18267822265625
-0.63018798828125 0.05670166015625 -0.81793212890625 0.10565185546875
-0.514617919921875 0.137054443359375 -0.525848388671875 0.083221435546875
-0.323822021484375 0.32928466796875 -0.28851318359375 -0.0430908203125
-0.2777099609375 0.392333984375 -0.282867431640625 -0.20489501953125
-0.070465087890625 0.482666015625 -0.4193115234375 -0.358245849609375
0.0872802734375 0.47821044921875 -0.6492919921875 -0.537353515625
0.230224609375 0.81298828125 0.41375732421875 -0.2552490234375
0.13824462890625 0.738525390625 0.43719482421875 -0.220001220703125
-0.22991943359375 0.83087158203125 0.381561279296875 -0.1737060546875
-0.52099609375 0.66455078125 0.518157958984375 0.0440673828125
-0.78460693359375 0.40875244140625 0.4139404296875 0.19586181640625
-0.95770263671875 0.2994384765625 0.195526123046875 0.327362060546875
-0.96112060546875 0.179931640625 -0.096832275390625 0.324859619140625
-0.90155029296875 -0.0405273437499998 -0.33233642578125 0.1961669921875
-0.97271728515625 0.0670776367187502 -0.608154296875 0.12542724609375
-0.89190673828125 0.14031982421875 -0.66888427734375 0.05731201171875
-0.7484130859375 0.26885986328125 -0.505828857421875 0.0323486328125001
-0.45526123046875 0.52972412109375 -0.334136962890625 -0.038360595703125
-0.3682861328125 0.60931396484375 -0.357666015625 -0.13214111328125
-0.0574951171875 0.69940185546875 -0.415374755859375 -0.21929931640625
0.14361572265625 0.660400390625 -0.61309814453125 -0.3427734375
0.23309326171875 0.85601806640625 0.529266357421875 -0.0130615234374999
0.1141357421875 0.77276611328125 0.522216796875 -0.00491333007812495
-0.2816162109375 0.8531494140625 0.400238037109375 -0.0754089355468749
-0.571044921875 0.66705322265625 0.533782958984375 0.055694580078125
-0.83599853515625 0.40704345703125 0.512359619140625 0.090911865234375
-1.0347900390625 0.3138427734375 0.421600341796875 0.1639404296875
-1.03204345703125 0.1986083984375 0.248291015625 0.1824951171875
-0.98828125 -0.0214233398437499 0.0348587036132812 0.0997085571289063
-1.0950927734375 0.10516357421875 -0.28271484375 0.018402099609375
-1.0167236328125 0.21649169921875 -0.4608154296875 -0.060394287109375
-0.8658447265625 0.37835693359375 -0.460479736328125 -0.0654907226562499
-0.50390625 0.671630859375 -0.37725830078125 -0.03265380859375
-0.3858642578125 0.75335693359375 -0.41412353515625 -0.01727294921875
-0.0180053710937499 0.824951171875 -0.384124755859375 -0.026275634765625
0.18634033203125 0.75335693359375 -0.548187255859375 -0.0905761718750001
0.18572998046875 0.77093505859375 0.62109375 0.22491455078125
0.068359375 0.6802978515625 0.55792236328125 0.197479248046875
-0.29803466796875 0.7130126953125 0.37933349609375 0.028778076171875
-0.525787353515625 0.5322265625 0.49945068359375 0.073638916015625
-0.74591064453125 0.31097412109375 0.5731201171875 0.01422119140625
-0.93927001953125 0.25701904296875 0.6268310546875 0.0196533203125
-0.94500732421875 0.17095947265625 0.58148193359375 0.03289794921875
-0.92669677734375 -0.00280761718749983 0.39764404296875 -0.01141357421875
-1.041015625 0.1259765625 0.0597610473632812 -0.126136779785156
-0.970947265625 0.2437744140625 -0.221923828125 -0.218048095703125
-0.8248291015625 0.4024658203125 -0.39349365234375 -0.191162109375
-0.45953369140625 0.68011474609375 -0.40069580078125 -0.036041259765625
-0.34027099609375 0.75958251953125 -0.436279296875 0.10919189453125
0.0232543945312499 0.810546875 -0.32122802734375 0.186492919921875
0.19580078125 0.7337646484375 -0.4609375 0.1768798828125
0.11053466796875 0.578125 0.68243408203125 0.4224853515625
0.025299072265625 0.49713134765625 0.540191650390625 0.352996826171875
-0.26348876953125 0.482879638671875 0.3236083984375 0.1136474609375
-0.394256591796875 0.336456298828125 0.436920166015625 0.09039306640625
-0.5435791015625 0.175140380859375 0.5938720703125 -0.02685546875
-0.71063232421875 0.1646728515625 0.7821044921875 -0.076904296875
-0.71697998046875 0.11883544921875 0.85540771484375 -0.08929443359375
-0.72088623046875 0.01092529296875 0.7056884765625 -0.13031005859375
-0.82318115234375 0.11083984375 0.3570556640625 -0.275848388671875
-0.75677490234375 0.20794677734375 -0.00717163085937508 -0.379974365234375
-0.64276123046875 0.32666015625 -0.32147216796875 -0.313873291015625
-0.34906005859375 0.5390625 -0.40185546875 -0.044036865234375
-0.248779296875 0.6075439453125 -0.4293212890625 0.21234130859375
0.04583740234375 0.6436767578125 -0.2523193359375 0.38201904296875
0.15765380859375 0.5948486328125 -0.36663818359375 0.424224853515625
0.030548095703125 0.315826416015625 0.70703125 0.55169677734375
0.0100555419921875 0.268829345703125 0.500396728515625 0.442291259765625
-0.160858154296875 0.23260498046875 0.268524169921875 0.161270141601563
-0.205062866210938 0.150375366210938 0.37689208984375 0.0889892578125
-0.280929565429688 0.0739898681640626 0.5850830078125 -0.0452880859375
-0.40130615234375 0.08587646484375 0.8714599609375 -0.12713623046875
-0.3948974609375 0.069580078125 1.0400390625 -0.18267822265625
-0.407867431640625 0.0258789062499999 0.91119384765625 -0.228759765625
-0.4759521484375 0.0790405273437499 0.56005859375 -0.40679931640625
-0.425933837890625 0.127166748046875 0.140838623046875 -0.5028076171875
-0.36273193359375 0.18353271484375 -0.266082763671875 -0.393035888671875
-0.192047119140625 0.302154541015625 -0.3988037109375 -0.05023193359375
-0.134002685546875 0.343536376953125 -0.412811279296875 0.280426025390625
0.0384521484375 0.360382080078125 -0.197509765625 0.516632080078125
0.082733154296875 0.358184814453125 -0.29559326171875 0.6043701171875
-0.0456161499023438 0.0417060852050781 0.17474365234375 -0.63714599609375
0.00381660461425781 -0.026123046875 0.177734375 -0.56890869140625
-0.0130786895751953 -0.0134725570678711 0.302734375 -0.264862060546875
-0.00590610504150391 0.00587129592895508 0.378265380859375 0.042572021484375
-0.00128841400146485 -0.014775276184082 0.189727783203125 0.38818359375
0.020843505859375 -0.0582008361816406 -0.16900634765625 0.547943115234375
0.0160560607910156 -0.040771484375 -0.65069580078125 0.4635009765625
0.0340919494628906 -0.0487327575683594 -0.934326171875 0.27569580078125
0.061370849609375 -0.0257034301757812 -1.048095703125 0.1820068359375
0.0375022888183594 -0.031890869140625 -0.90020751953125 0.0931396484375001
0.0552940368652344 -0.0159912109375 -0.523162841796875 0.107147216796875
0.052093505859375 -0.0138931274414063 -0.24774169921875 -0.0318603515625
0.0215644836425781 -0.0159683227539063 -0.212448120117188 -0.242340087890625
0.00757217407226562 -0.0366401672363281 -0.43115234375 -0.44140625
-0.0146102905273438 -0.0306625366210937 -0.66864013671875 -0.64642333984375
0.081787109375 0.366302490234375 0.20684814453125 -0.5916748046875
0.07318115234375 0.290985107421875 0.233001708984375 -0.524322509765625
-0.08843994140625 0.341094970703125 0.31146240234375 -0.270416259765625
-0.208953857421875 0.280029296875 0.415679931640625 0.0445556640625
-0.3143310546875 0.157806396484375 0.22796630859375 0.36297607421875
-0.371185302734375 0.082672119140625 -0.129486083984375 0.537261962890625
-0.3858642578125 0.04595947265625 -0.5823974609375 0.4774169921875
-0.345977783203125 -0.053497314453125 -0.85345458984375 0.2890625
-0.339324951171875 -0.00479125976562493 -1.00506591796875 0.19927978515625
-0.302001953125 0.00305175781250004 -0.88629150390625 0.1160888671875
-0.228759765625 0.045166015625 -0.5224609375 0.103546142578125
-0.139541625976563 0.143768310546875 -0.252151489257813 -0.03912353515625
-0.135955810546875 0.178329467773437 -0.226364135742188 -0.233428955078125
-0.0389862060546875 0.225631713867187 -0.4158935546875 -0.423797607421875
0.0352325439453125 0.23455810546875 -0.66400146484375 -0.6341552734375
0.17999267578125 0.6343994140625 0.293701171875 -0.45733642578125
0.123992919921875 0.558837890625 0.3275146484375 -0.40380859375
-0.15966796875 0.64227294921875 0.342926025390625 -0.2406005859375
-0.38848876953125 0.516937255859375 0.466888427734375 0.042633056640625
-0.589111328125 0.31109619140625 0.30694580078125 0.293243408203125
-0.71435546875 0.20965576171875 -0.00292968750000004 0.45880126953125
-0.728271484375 0.1263427734375 -0.3876953125 0.42852783203125
-0.6724853515625 -0.05084228515625 -0.64154052734375 0.26092529296875
-0.69781494140625 0.025146484375 -0.85321044921875 0.185302734375
-0.62567138671875 0.0595703125 -0.80999755859375 0.1123046875
-0.5120849609375 0.137969970703125 -0.520263671875 0.0865478515624999
-0.32000732421875 0.327484130859375 -0.28521728515625 -0.042724609375
-0.2740478515625 0.3909912109375 -0.280410766601562 -0.2017822265625
-0.0658569335937499 0.480072021484375 -0.41717529296875 -0.353363037109375
0.086456298828125 0.47479248046875 -0.64599609375 -0.53009033203125
0.23406982421875 0.80511474609375 0.408843994140625 -0.253021240234375
0.14080810546875 0.7274169921875 0.432281494140625 -0.21905517578125
-0.2227783203125 0.82867431640625 0.37811279296875 -0.171783447265625
-0.51348876953125 0.66241455078125 0.5142822265625 0.040435791015625
-0.77587890625 0.4093017578125 0.411468505859375 0.192352294921875
-0.9476318359375 0.30181884765625 0.1927490234375 0.32281494140625
-0.95477294921875 0.18402099609375 -0.0927124023437501 0.3226318359375
-0.89276123046875 -0.0357055664062499 -0.32879638671875 0.19696044921875
-0.96392822265625 0.0714721679687501 -0.59979248046875 0.131103515625
-0.883056640625 0.14532470703125 -0.66290283203125 0.0611572265624999
-0.74261474609375 0.27081298828125 -0.50030517578125 0.0349121093750001
-0.447540283203125 0.52606201171875 -0.33245849609375 -0.0366210937499999
-0.3607177734375 0.60479736328125 -0.3533935546875 -0.128143310546875
-0.05328369140625 0.6943359375 -0.41278076171875 -0.216766357421875
0.14483642578125 0.65582275390625 -0.6114501953125 -0.33782958984375
0.23675537109375 0.846923828125 0.524261474609375 -0.0136718749999999
0.1171875 0.76434326171875 0.51702880859375 -0.00839233398437495
-0.27325439453125 0.84783935546875 0.395355224609375 -0.0742492675781249
-0.56158447265625 0.66455078125 0.527984619140625 0.051361083984375
-0.8287353515625 0.40679931640625 0.50616455078125 0.08673095703125
-1.02520751953125 0.3167724609375 0.41839599609375 0.15972900390625
-1.02423095703125 0.2027587890625 0.245803833007812 0.179443359375
-0.98095703125 -0.01654052734375 0.0357589721679687 0.09991455078125
-1.08587646484375 0.11236572265625 -0.278518676757813 0.0208740234375
-1.008056640625 0.222412109375 -0.455322265625 -0.0548706054687501
-0.858154296875 0.379638671875 -0.454864501953125 -0.063079833984375
-0.49554443359375 0.6697998046875 -0.372955322265625 -0.031768798828125
-0.38043212890625 0.74957275390625 -0.408447265625 -0.0144348144531249
-0.01275634765625 0.8175048828125 -0.38006591796875 -0.0231018066406249
0.19183349609375 0.7467041015625 -0.5457763671875 -0.0886230468749999
0.1904296875 0.76153564453125 0.617919921875 0.22100830078125
0.07098388671875 0.67474365234375 0.554290771484375 0.19482421875
-0.29107666015625 0.71173095703125 0.374542236328125 0.028564453125
-0.51904296875 0.530792236328125 0.498443603515625 0.0711669921875
-0.7379150390625 0.31072998046875 0.5660400390625 0.00860595703125002
-0.93194580078125 0.26104736328125 0.62042236328125 0.01507568359375
-0.93499755859375 0.17462158203125 0.57586669921875 0.031005859375
-0.91827392578125 -0.000122070312500186 0.395538330078125 -0.014251708984375
-1.03411865234375 0.13018798828125 0.0584411621093749 -0.125404357910156
-0.9605712890625 0.2491455078125 -0.220138549804688 -0.212921142578125
-0.8184814453125 0.4052734375 -0.390045166015625 -0.18743896484375
-0.45294189453125 0.677734375 -0.394195556640625 -0.033172607421875
-0.3319091796875 0.7532958984375 -0.429779052734375 0.1094970703125
0.0288085937499999 0.80120849609375 -0.31695556640625 0.187896728515625
0.19512939453125 0.72607421875 -0.456268310546875 0.1767578125
0.11383056640625 0.57330322265625 0.67633056640625 0.41552734375
0.02874755859375 0.491058349609375 0.538116455078125 0.349639892578125
-0.253265380859375 0.478973388671875 0.32208251953125 0.11126708984375
-0.38958740234375 0.33489990234375 0.434814453125 0.087615966796875
-0.5355224609375 0.177886962890625 0.58807373046875 -0.03216552734375
-0.70367431640625 0.1678466796875 0.77069091796875 -0.081787109375
-0.711669921875 0.1231689453125 0.84942626953125 -0.0941162109375
-0.71636962890625 0.01605224609375 0.70074462890625 -0.1300048828125
-0.8179931640625 0.11724853515625 0.355194091796875 -0.277252197265625
-0.751220703125 0.2103271484375 -0.00689697265625006 -0.374420166015625
-0.6375732421875 0.3289794921875 -0.318878173828125 -0.30615234375
-0.34381103515625 0.537750244140625 -0.397979736328125 -0.041748046875
-0.24395751953125 0.6053466796875 -0.424163818359375 0.215789794921875
0.0469970703125 0.63885498046875 -0.245269775390625 0.378265380859375
0.16082763671875 0.5902099609375 -0.3631591796875 0.42132568359375
0.032440185546875 0.312286376953125 0.70294189453125 0.54278564453125
0.0133819580078125 0.267562866210938 0.496551513671875 0.437774658203125
-0.15838623046875 0.231048583984375 0.264846801757813 0.15997314453125
-0.201583862304688 0.149124145507813 0.371490478515625 0.086456298828125
-0.277084350585938 0.0718231201171875 0.57958984375 -0.04705810546875
-0.39801025390625 0.087646484375 0.86138916015625 -0.132568359375
-0.391845703125 0.07012939453125 1.030029296875 -0.18603515625
-0.404052734375 0.026519775390625 0.9033203125 -0.23223876953125
-0.472198486328125 0.0794067382812499 0.557037353515625 -0.406097412109375
-0.422515869140625 0.12701416015625 0.1383056640625 -0.498748779296875
-0.358612060546875 0.1849365234375 -0.26409912109375 -0.38751220703125
-0.189697265625 0.2999267578125 -0.395538330078125 -0.0459899902343751
-0.13104248046875 0.340667724609375 -0.40570068359375 0.281768798828125
0.04071044921875 0.35736083984375 -0.19329833984375 0.513946533203125
0.082855224609375 0.35614013671875 -0.28875732421875 0.59881591796875
-0.0444068908691406 0.0426788330078125 0.17193603515625 -0.630859375
0.00373649597167969 -0.0267658233642578 0.17425537109375 -0.56414794921875
-0.0131168365478516 -0.0136613845825195 0.2996826171875 -0.263824462890625
-0.00508832931518555 0.00671720504760742 0.373779296875 0.038787841796875
-0.00119781494140625 -0.0140380859375 0.190155029296875 0.383941650390625
0.0199928283691406 -0.0574493408203125 -0.1658935546875 0.5430908203125
0.0155296325683594 -0.0405006408691406 -0.64288330078125 0.4637451171875
0.0332489013671875 -0.0486183166503906 -0.92449951171875 0.27716064453125
0.0608253479003906 -0.0262184143066406 -1.036865234375 0.18682861328125
0.0367317199707031 -0.0315284729003906 -0.89410400390625 0.0967407226562499
0.0540695190429688 -0.0169181823730469 -0.51873779296875 0.106903076171875
0.0515403747558594 -0.0141448974609375 -0.24578857421875 -0.031768798828125
0.0213718414306641 -0.0162239074707031 -0.210540771484375 -0.240493774414063
0.00794219970703125 -0.0361862182617188 -0.429901123046875 -0.43707275390625
-0.0140914916992188 -0.0298404693603516 -0.6666259765625 -0.63922119140625
0.0838623046875 0.36376953125 0.20452880859375 -0.58447265625
0.073638916015625 0.2867431640625 0.226959228515625 -0.523040771484375
-0.085174560546875 0.339141845703125 0.3092041015625 -0.268280029296875
-0.206710815429687 0.280105590820313 0.410919189453125 0.04290771484375
-0.311859130859375 0.159454345703125 0.226470947265625 0.35833740234375
-0.368377685546875 0.082733154296875 -0.126983642578125 0.530670166015625
-0.383270263671875 0.0482177734374999 -0.57562255859375 0.47674560546875
-0.34417724609375 -0.0520019531249999 -0.84716796875 0.291259765625
-0.3363037109375 -0.00247192382812499 -0.99517822265625 0.2044677734375
-0.29998779296875 0.00518798828125005 -0.879638671875 0.119140625
-0.228561401367187 0.0452728271484375 -0.517669677734375 0.10565185546875
-0.13836669921875 0.142684936523438 -0.250152587890625 -0.039459228515625
-0.13421630859375 0.177520751953125 -0.224151611328125 -0.231582641601563
-0.037353515625 0.224655151367188 -0.4134521484375 -0.420196533203125
0.035858154296875 0.232376098632813 -0.66046142578125 -0.62603759765625
0.18280029296875 0.63006591796875 0.292205810546875 -0.45208740234375
0.124725341796875 0.55462646484375 0.32281494140625 -0.40179443359375
-0.154296875 0.639404296875 0.338531494140625 -0.237091064453125
-0.38153076171875 0.514678955078125 0.463104248046875 0.03936767578125
-0.584228515625 0.31243896484375 0.304443359375 0.289459228515625
-0.70794677734375 0.21160888671875 -0.00323486328125006 0.454254150390625
-0.72357177734375 0.12884521484375 -0.38238525390625 0.42730712890625
-0.66729736328125 -0.0494384765625001 -0.63409423828125 0.26202392578125
-0.69293212890625 0.0302124023437501 -0.8441162109375 0.19012451171875
-0.62030029296875 0.0623168945312499 -0.80389404296875 0.11688232421875
-0.50677490234375 0.13922119140625 -0.514373779296875 0.086212158203125
-0.31622314453125 0.326385498046875 -0.28363037109375 -0.04144287109375
-0.27069091796875 0.388916015625 -0.278152465820313 -0.199844360351562
-0.063873291015625 0.4781494140625 -0.41351318359375 -0.350189208984375
0.087615966796875 0.470428466796875 -0.64208984375 -0.52252197265625
0.23626708984375 0.79864501953125 0.40472412109375 -0.250396728515625
0.1412353515625 0.72027587890625 0.427642822265625 -0.2188720703125
-0.21856689453125 0.82208251953125 0.37298583984375 -0.170501708984375
-0.50634765625 0.65972900390625 0.50933837890625 0.038970947265625
-0.7681884765625 0.4095458984375 0.40716552734375 0.1875
-0.93994140625 0.3033447265625 0.190460205078125 0.319671630859375
-0.946533203125 0.18670654296875 -0.0906372070312501 0.3223876953125
-0.88775634765625 -0.0318603515624998 -0.32379150390625 0.197235107421875
-0.95501708984375 0.0769042968749999 -0.5953369140625 0.13336181640625
-0.87646484375 0.14691162109375 -0.65667724609375 0.06561279296875
-0.73626708984375 0.27093505859375 -0.494659423828125 0.034881591796875
-0.442230224609375 0.524383544921875 -0.3299560546875 -0.035980224609375
-0.35528564453125 0.60089111328125 -0.34857177734375 -0.125518798828125
-0.04998779296875 0.69073486328125 -0.410247802734375 -0.2137451171875
0.14593505859375 0.65057373046875 -0.6072998046875 -0.3323974609375
0.23883056640625 0.8404541015625 0.5213623046875 -0.0134582519531249
0.12060546875 0.75494384765625 0.5128173828125 -0.00860595703124995
-0.267333984375 0.8438720703125 0.3905029296875 -0.07452392578125
-0.5550537109375 0.6611328125 0.523040771484375 0.049591064453125
-0.8214111328125 0.406494140625 0.50213623046875 0.084442138671875
-1.01763916015625 0.3184814453125 0.4124755859375 0.157958984375
-1.01708984375 0.20574951171875 0.24566650390625 0.178009033203125
-0.9749755859375 -0.0144653320312498 0.0362091064453124 0.0994644165039063
-1.07586669921875 0.11572265625 -0.275711059570313 0.0236663818359375
-1.00079345703125 0.22369384765625 -0.451202392578125 -0.0506286621093749
-0.8526611328125 0.3795166015625 -0.450347900390625 -0.060516357421875
-0.48974609375 0.66522216796875 -0.370147705078125 -0.0314331054687499
-0.37225341796875 0.74566650390625 -0.40435791015625 -0.0118408203125
-0.00927734375000006 0.81304931640625 -0.376129150390625 -0.0224609375
0.18975830078125 0.74029541015625 -0.541229248046875 -0.0853271484375
0.19073486328125 0.75604248046875 0.6138916015625 0.2174072265625
0.07257080078125 0.66510009765625 0.5494384765625 0.190338134765625
-0.28472900390625 0.70831298828125 0.3712158203125 0.030670166015625
-0.51263427734375 0.529693603515625 0.4932861328125 0.069366455078125
-0.7305908203125 0.3099365234375 0.560882568359375 0.00750732421875002
-0.92352294921875 0.2633056640625 0.6129150390625 0.01190185546875
-0.93035888671875 0.17724609375 0.5709228515625 0.02911376953125
-0.91278076171875 0.00512695312499992 0.393310546875 -0.01568603515625
-1.02618408203125 0.13507080078125 0.0591354370117187 -0.123214721679687
-0.9527587890625 0.25177001953125 -0.218887329101563 -0.208511352539063
-0.81207275390625 0.40618896484375 -0.386688232421875 -0.18536376953125
-0.44775390625 0.67364501953125 -0.391082763671875 -0.030975341796875
-0.32696533203125 0.75018310546875 -0.425140380859375 0.11285400390625
0.03143310546875 0.795654296875 -0.3134765625 0.186614990234375
0.19580078125 0.71990966796875 -0.451416015625 0.177734375
0.115234375 0.5677490234375 0.6732177734375 0.4107666015625
0.030181884765625 0.485809326171875 0.53533935546875 0.345916748046875
-0.250030517578125 0.477935791015625 0.318756103515625 0.11248779296875
-0.38555908203125 0.33245849609375 0.431854248046875 0.085296630859375
-0.530731201171875 0.177703857421875 0.582275390625 -0.0341796875
-0.698486328125 0.16888427734375 0.76153564453125 -0.0841064453125
-0.70526123046875 0.126953125 0.84112548828125 -0.09735107421875
-0.7119140625 0.01812744140625 0.6939697265625 -0.13134765625
-0.8111572265625 0.1209716796875 0.35186767578125 -0.2740478515625
-0.74456787109375 0.2130126953125 -0.00823974609375005 -0.3699951171875
-0.631103515625 0.3299560546875 -0.3170166015625 -0.304473876953125
-0.339691162109375 0.53619384765625 -0.395263671875 -0.0398254394531249
-0.23748779296875 0.60211181640625 -0.4189453125 0.216339111328125
0.0505981445312499 0.63397216796875 -0.24078369140625 0.376800537109375
0.16094970703125 0.58526611328125 -0.356231689453125 0.41802978515625
0.032989501953125 0.309539794921875 0.701416015625 0.5379638671875
0.0155181884765625 0.264129638671875 0.494659423828125 0.430938720703125
-0.155563354492187 0.230514526367187 0.2618408203125 0.15936279296875
-0.19921875 0.148452758789063 0.369476318359375 0.086700439453125
-0.274642944335938 0.070892333984375 0.57476806640625 -0.0491943359375
-0.39422607421875 0.0869140625 0.853515625 -0.13409423828125
-0.388916015625 0.0724792480468751 1.0234375 -0.18988037109375
-0.40191650390625 0.02783203125 0.89495849609375 -0.23309326171875
-0.468170166015625 0.0822448730468751 0.5521240234375 -0.403961181640625
-0.42047119140625 0.1282958984375 0.137481689453125 -0.49462890625
-0.3553466796875 0.18505859375 -0.26220703125 -0.383270263671875
-0.18707275390625 0.29852294921875 -0.391387939453125 -0.04486083984375
-0.1285400390625 0.338623046875 -0.4007568359375 0.283538818359375
0.041778564453125 0.355987548828125 -0.188201904296875 0.509918212890625
0.08514404296875 0.3525390625 -0.28436279296875 0.59307861328125
-0.0433845520019531 0.0435905456542969 0.1689453125 -0.62481689453125
0.00331878662109375 -0.0270938873291016 0.169281005859375 -0.560028076171875
-0.0131454467773437 -0.0134248733520508 0.2962646484375 -0.263031005859375
-0.00403022766113281 0.00671815872192383 0.3697509765625 0.037109375
-0.000690460205078124 -0.0143489837646484 0.1875 0.380889892578125
0.0190277099609375 -0.0576286315917969 -0.163330078125 0.5391845703125
0.0153732299804688 -0.0404739379882813 -0.63739013671875 0.46240234375
0.0335006713867188 -0.0484886169433594 -0.9146728515625 0.27777099609375
0.0602493286132812 -0.0265998840332031 -1.03131103515625 0.18841552734375
0.0360603332519531 -0.0305366516113281 -0.8868408203125 0.10009765625
0.0533561706542969 -0.0166816711425781 -0.514068603515625 0.106536865234375
0.0512809753417969 -0.0150947570800781 -0.24383544921875 -0.0328216552734375
0.0208511352539063 -0.0165653228759766 -0.208633422851563 -0.239883422851562
0.0076446533203125 -0.0354461669921875 -0.426910400390625 -0.4329833984375
-0.0137405395507812 -0.0293064117431641 -0.6640625 -0.631591796875
0.08477783203125 0.361846923828125 0.200439453125 -0.57916259765625
0.07330322265625 0.285186767578125 0.2247314453125 -0.519134521484375
-0.08343505859375 0.33673095703125 0.305450439453125 -0.266082763671875
-0.203521728515625 0.278594970703125 0.408355712890625 0.041229248046875
-0.308441162109375 0.1580810546875 0.2247314453125 0.353302001953125
-0.3660888671875 0.08367919921875 -0.12701416015625 0.527435302734375
-0.3807373046875 0.0484619140625 -0.5712890625 0.4755859375
-0.34063720703125 -0.0518798828125 -0.83673095703125 0.2933349609375
-0.334442138671875 -0.00164794921874996 -0.988037109375 0.206298828125
-0.296844482421875 0.00543212890624996 -0.871826171875 0.12225341796875
-0.226409912109375 0.044097900390625 -0.5120849609375 0.105194091796875
-0.13714599609375 0.140670776367188 -0.248992919921875 -0.0396728515625
-0.131790161132813 0.177383422851563 -0.221832275390625 -0.22955322265625
-0.03509521484375 0.22265625 -0.41229248046875 -0.41754150390625
0.0371856689453125 0.23138427734375 -0.65631103515625 -0.61981201171875
0.1837158203125 0.6251220703125 0.287567138671875 -0.448577880859375
0.125518798828125 0.548828125 0.319732666015625 -0.399017333984375
-0.15057373046875 0.63555908203125 0.336639404296875 -0.235626220703125
-0.3779296875 0.512176513671875 0.4591064453125 0.03985595703125
-0.581787109375 0.31085205078125 0.303070068359375 0.28643798828125
-0.70465087890625 0.2135009765625 -0.00338745117187505 0.452423095703125
-0.71923828125 0.1307373046875 -0.37884521484375 0.426544189453125
-0.66217041015625 -0.0477905273437499 -0.62860107421875 0.263427734375
-0.688720703125 0.0325927734375 -0.83819580078125 0.191162109375
-0.61602783203125 0.0632324218749999 -0.7955322265625 0.11798095703125
-0.50384521484375 0.1392822265625 -0.510101318359375 0.0865478515625001
-0.3123779296875 0.322662353515625 -0.28131103515625 -0.0416259765624999
-0.2667236328125 0.388153076171875 -0.274322509765625 -0.1971435546875
-0.060455322265625 0.47509765625 -0.411865234375 -0.347991943359375
0.088958740234375 0.46649169921875 -0.63824462890625 -0.51605224609375
0.23748779296875 0.7928466796875 0.40228271484375 -0.24920654296875
0.14111328125 0.714111328125 0.423614501953125 -0.2188720703125
-0.2135009765625 0.81982421875 0.3701171875 -0.167510986328125
-0.5008544921875 0.65655517578125 0.50579833984375 0.036712646484375
-0.76190185546875 0.40789794921875 0.403533935546875 0.1856689453125
-0.9345703125 0.30401611328125 0.188720703125 0.316558837890625
-0.94256591796875 0.18817138671875 -0.0883789062500001 0.320648193359375
-0.88330078125 -0.0299682617187501 -0.321441650390625 0.196868896484375
-0.95111083984375 0.0786132812500001 -0.5888671875 0.13604736328125
-0.8697509765625 0.14666748046875 -0.65118408203125 0.0671997070312501
-0.7322998046875 0.26849365234375 -0.489990234375 0.0364990234375
-0.437469482421875 0.522064208984375 -0.3275146484375 -0.035369873046875
-0.3499755859375 0.59906005859375 -0.344940185546875 -0.122711181640625
-0.04656982421875 0.68585205078125 -0.405975341796875 -0.211212158203125
0.1473388671875 0.644775390625 -0.6026611328125 -0.3282470703125
0.238525390625 0.83172607421875 0.5184326171875 -0.0130310058593749
0.1201171875 0.74859619140625 0.509063720703125 -0.010009765625
-0.261962890625 0.8388671875 0.387725830078125 -0.0712585449218749
-0.5491943359375 0.6583251953125 0.520355224609375 0.049285888671875
-0.81512451171875 0.40655517578125 0.498260498046875 0.082794189453125
-1.00799560546875 0.32000732421875 0.4102783203125 0.154998779296875
-1.01275634765625 0.20562744140625 0.244155883789062 0.17626953125
-0.9683837890625 -0.0137939453125001 0.0374145507812499 0.0991439819335938
-1.06964111328125 0.11962890625 -0.273712158203125 0.025299072265625
-0.99554443359375 0.22686767578125 -0.446929931640625 -0.04901123046875
-0.8466796875 0.37908935546875 -0.446075439453125 -0.0599670410156249
-0.48516845703125 0.662841796875 -0.3671875 -0.029083251953125
-0.3671875 0.74053955078125 -0.399505615234375 -0.00949096679687494
-0.00811767578124999 0.80743408203125 -0.37200927734375 -0.0229187011718749
0.1903076171875 0.73492431640625 -0.537567138671875 -0.0854492187499999
0.19091796875 0.7486572265625 0.61041259765625 0.21771240234375
0.0736083984375 0.6575927734375 0.54541015625 0.188385009765625
-0.279296875 0.703369140625 0.3677978515625 0.031585693359375
-0.507354736328125 0.52545166015625 0.4906005859375 0.067352294921875
-0.725830078125 0.30780029296875 0.557220458984375 0.00683593750000002
-0.91607666015625 0.26422119140625 0.60748291015625 0.0123291015625
-0.9237060546875 0.1788330078125 0.5684814453125 0.0260009765625
-0.90625 0.00457763671874981 0.39080810546875 -0.016082763671875
-1.02142333984375 0.13836669921875 0.0595932006835937 -0.120903015136719
-0.94903564453125 0.25225830078125 -0.216781616210938 -0.205657958984375
-0.807373046875 0.40472412109375 -0.382537841796875 -0.1824951171875
-0.4427490234375 0.6702880859375 -0.39019775390625 -0.0304870605468749
-0.322998046875 0.74664306640625 -0.42047119140625 0.114288330078125
0.0330810546875 0.79144287109375 -0.30889892578125 0.184906005859375
0.19635009765625 0.71490478515625 -0.448577880859375 0.176177978515625
0.11541748046875 0.56390380859375 0.670166015625 0.407958984375
0.031158447265625 0.479522705078125 0.5316162109375 0.342193603515625
-0.246429443359375 0.475006103515625 0.315460205078125 0.114471435546875
-0.381744384765625 0.330596923828125 0.4296875 0.0828857421875
-0.52685546875 0.175994873046875 0.57763671875 -0.03472900390625
-0.69189453125 0.17010498046875 0.75567626953125 -0.08642578125
-0.7012939453125 0.1265869140625 0.83624267578125 -0.0986328125
-0.70733642578125 0.0175170898437501 0.68890380859375 -0.1337890625
-0.806640625 0.12200927734375 0.349456787109375 -0.271728515625
-0.73895263671875 0.21441650390625 -0.00735473632812502 -0.36700439453125
-0.627197265625 0.32830810546875 -0.31280517578125 -0.300201416015625
-0.335296630859375 0.532562255859375 -0.39208984375 -0.037261962890625
-0.23504638671875 0.60089111328125 -0.41326904296875 0.2169189453125
0.05206298828125 0.62957763671875 -0.237335205078125 0.371917724609375
0.1611328125 0.58056640625 -0.35284423828125 0.41436767578125
0.033172607421875 0.306427001953125 0.69659423828125 0.5335693359375
0.015380859375 0.260650634765625 0.49090576171875 0.42889404296875
-0.153793334960938 0.230255126953125 0.2589111328125 0.158843994140625
-0.1968994140625 0.147842407226563 0.3663330078125 0.084503173828125
-0.272811889648437 0.070892333984375 0.5687255859375 -0.04998779296875
-0.392303466796875 0.086883544921875 0.84417724609375 -0.13623046875
-0.386260986328125 0.0716857910156249 1.013671875 -0.19219970703125
-0.399566650390625 0.0281066894531249 0.88787841796875 -0.23382568359375
-0.46368408203125 0.081695556640625 0.546966552734375 -0.4022216796875
-0.41754150390625 0.12860107421875 0.136810302734375 -0.491668701171875
-0.35443115234375 0.186431884765625 -0.260223388671875 -0.3804931640625
-0.1854248046875 0.296783447265625 -0.38812255859375 -0.044219970703125
-0.126220703125 0.338165283203125 -0.397308349609375 0.2822265625
0.041839599609375 0.35308837890625 -0.18359375 0.506011962890625
0.085052490234375 0.35101318359375 -0.2803955078125 0.58770751953125
-0.0419464111328125 0.0440292358398438 0.16888427734375 -0.61944580078125
0.00381660461425781 -0.0269851684570313 0.167572021484375 -0.55718994140625
-0.0126008987426758 -0.0132122039794922 0.29443359375 -0.261566162109375
-0.00300168991088867 0.00655889511108398 0.368316650390625 0.037017822265625
0.000392913818359374 -0.014129638671875 0.186187744140625 0.376708984375
0.0186309814453125 -0.0568008422851563 -0.161346435546875 0.535919189453125
0.0148124694824219 -0.0401458740234375 -0.635009765625 0.4615478515625
0.0331039428710938 -0.048004150390625 -0.91033935546875 0.2796630859375
0.0605583190917969 -0.0263557434082031 -1.0235595703125 0.1885986328125
0.0367698669433594 -0.0303001403808594 -0.88330078125 0.10174560546875
0.0530509948730469 -0.0173988342285156 -0.509429931640625 0.105560302734375
0.0499992370605469 -0.0150985717773437 -0.241134643554688 -0.03369140625
0.0213108062744141 -0.0162544250488281 -0.20703125 -0.238571166992187
0.00818634033203125 -0.0350914001464844 -0.42462158203125 -0.431549072265625
-0.0134849548339844 -0.0286445617675781 -0.659912109375 -0.6282958984375
0.0859375 0.35986328125 0.1995849609375 -0.57440185546875
0.07354736328125 0.28204345703125 0.2222900390625 -0.515350341796875
-0.082305908203125 0.336456298828125 0.303802490234375 -0.2642822265625
-0.201202392578125 0.276824951171875 0.405548095703125 0.040679931640625
-0.30633544921875 0.15771484375 0.2236328125 0.351287841796875
-0.3648681640625 0.0843811035156251 -0.126861572265625 0.526092529296875
-0.378448486328125 0.0492858886718751 -0.56793212890625 0.4749755859375
-0.339019775390625 -0.049835205078125 -0.83209228515625 0.29302978515625
-0.332366943359375 4.07018670638413E-17 -0.981689453125 0.20819091796875
-0.296295166015625 0.00717163085937506 -0.8673095703125 0.12530517578125
-0.226333618164063 0.0447235107421875 -0.510498046875 0.103912353515625
-0.13580322265625 0.139396667480469 -0.246734619140625 -0.040924072265625
-0.130584716796875 0.175460815429688 -0.219924926757812 -0.229110717773438
-0.0350799560546875 0.221282958984375 -0.4091796875 -0.414154052734375
0.03704833984375 0.2301025390625 -0.65203857421875 -0.6143798828125
0.18438720703125 0.62152099609375 0.28814697265625 -0.443817138671875
0.12445068359375 0.545440673828125 0.316497802734375 -0.39739990234375
-0.14813232421875 0.63330078125 0.334259033203125 -0.23236083984375
-0.3758544921875 0.51104736328125 0.455780029296875 0.037384033203125
-0.57574462890625 0.3104248046875 0.30023193359375 0.28460693359375
-0.7020263671875 0.21221923828125 -0.00378417968750006 0.4481201171875
-0.71514892578125 0.12982177734375 -0.37567138671875 0.424102783203125
-0.65936279296875 -0.0464477539062499 -0.62396240234375 0.2635498046875
-0.683837890625 0.0344848632812501 -0.8338623046875 0.19232177734375
-0.6126708984375 0.06475830078125 -0.79107666015625 0.12078857421875
-0.5025634765625 0.1383056640625 -0.50677490234375 0.0863037109375
-0.31195068359375 0.321197509765625 -0.279571533203125 -0.0419464111328125
-0.2655029296875 0.385284423828125 -0.2713623046875 -0.195770263671875
-0.05926513671875 0.47137451171875 -0.408111572265625 -0.34521484375
0.088775634765625 0.463897705078125 -0.6343994140625 -0.512451171875
0.2386474609375 0.78704833984375 0.40032958984375 -0.246490478515625
0.141357421875 0.708740234375 0.421234130859375 -0.2176513671875
-0.2083740234375 0.8167724609375 0.366790771484375 -0.1650390625
-0.497314453125 0.65478515625 0.5015869140625 0.035797119140625
-0.75750732421875 0.40704345703125 0.40069580078125 0.18505859375
-0.9312744140625 0.302490234375 0.18658447265625 0.314483642578125
-0.938232421875 0.1890869140625 -0.0874023437500001 0.3189697265625
-0.8773193359375 -0.03021240234375 -0.318603515625 0.1964111328125
-0.9461669921875 0.0819702148437502 -0.58587646484375 0.13665771484375
-0.866943359375 0.1497802734375 -0.648193359375 0.0700683593750001
-0.72857666015625 0.2674560546875 -0.485992431640625 0.0354614257812501
-0.434356689453125 0.518280029296875 -0.325897216796875 -0.035369873046875
-0.34783935546875 0.595703125 -0.34161376953125 -0.121917724609375
-0.04425048828125 0.6812744140625 -0.4029541015625 -0.21099853515625
0.1444091796875 0.64154052734375 -0.5997314453125 -0.32684326171875
0.24005126953125 0.828125 0.5147705078125 -0.0133972167968749
0.12060546875 0.7427978515625 0.5057373046875 -0.00994873046874995
-0.256591796875 0.837158203125 0.383575439453125 -0.068603515625
-0.544921875 0.65667724609375 0.5177001953125 0.04827880859375
-0.81195068359375 0.40362548828125 0.49371337890625 0.08197021484375
-1.00286865234375 0.3194580078125 0.404571533203125 0.153533935546875
-1.00732421875 0.20489501953125 0.245223999023437 0.175308227539063
-0.9638671875 -0.0134277343750001 0.0378646850585937 0.0981063842773438
-1.06494140625 0.12127685546875 -0.270721435546875 0.0273284912109375
-0.99005126953125 0.2254638671875 -0.443359375 -0.04510498046875
-0.84466552734375 0.37750244140625 -0.443084716796875 -0.058837890625
-0.48236083984375 0.65887451171875 -0.36566162109375 -0.0288391113281249
-0.36309814453125 0.73876953125 -0.39569091796875 -0.00857543945312488
-0.00439453124999996 0.80328369140625 -0.369964599609375 -0.0230712890625
0.19085693359375 0.72900390625 -0.534820556640625 -0.084503173828125
0.18951416015625 0.743408203125 0.60894775390625 0.21600341796875
0.0741577148437499 0.65350341796875 0.54229736328125 0.18878173828125
-0.277587890625 0.7025146484375 0.36517333984375 0.033203125
-0.50390625 0.525177001953125 0.486572265625 0.067779541015625
-0.72039794921875 0.30718994140625 0.553131103515625 0.00634765625000002
-0.91058349609375 0.2630615234375 0.60174560546875 0.00927734375000002
-0.9185791015625 0.17864990234375 0.56561279296875 0.02752685546875
-0.9019775390625 0.00543212890625011 0.3887939453125 -0.01641845703125
-1.01544189453125 0.13922119140625 0.0604934692382812 -0.117645263671875
-0.94293212890625 0.25146484375 -0.213363647460938 -0.20318603515625
-0.80413818359375 0.40399169921875 -0.37762451171875 -0.18121337890625
-0.438720703125 0.6663818359375 -0.387176513671875 -0.028961181640625
-0.3170166015625 0.74285888671875 -0.416748046875 0.1151123046875
0.03558349609375 0.78668212890625 -0.307098388671875 0.183380126953125
0.19635009765625 0.71173095703125 -0.44622802734375 0.17376708984375
0.115142822265625 0.5599365234375 0.6669921875 0.4056396484375
0.03118896484375 0.475677490234375 0.53009033203125 0.33978271484375
-0.24237060546875 0.473876953125 0.31256103515625 0.11529541015625
-0.37847900390625 0.32916259765625 0.4254150390625 0.085052490234375
-0.523284912109375 0.176300048828125 0.57403564453125 -0.03558349609375
-0.68878173828125 0.17138671875 0.74969482421875 -0.0858154296875
-0.69970703125 0.1279296875 0.83013916015625 -0.1002197265625
-0.705322265625 0.0183105468749999 0.68603515625 -0.13226318359375
-0.80377197265625 0.12408447265625 0.349029541015625 -0.271240234375
-0.7364501953125 0.21539306640625 -0.00561523437500009 -0.363250732421875
-0.62420654296875 0.3271484375 -0.310760498046875 -0.298187255859375
-0.33294677734375 0.532318115234375 -0.389495849609375 -0.0371093749999999
-0.2335205078125 0.5980224609375 -0.41058349609375 0.218048095703125
0.05224609375 0.62689208984375 -0.2342529296875 0.370758056640625
0.162109375 0.57598876953125 -0.351409912109375 0.410614013671875
0.03350830078125 0.30413818359375 0.6923828125 0.5289306640625
0.0151824951171875 0.257720947265625 0.48968505859375 0.425628662109375
-0.153228759765625 0.229812622070313 0.256744384765625 0.16131591796875
-0.196487426757813 0.146408081054688 0.364288330078125 0.08428955078125
-0.27044677734375 0.0700836181640625 0.564453125 -0.0499267578125
-0.389678955078125 0.087646484375 0.83624267578125 -0.1358642578125
-0.386474609375 0.072784423828125 1.0074462890625 -0.1943359375
-0.39813232421875 0.02734375 0.88348388671875 -0.2349853515625
-0.463623046875 0.08221435546875 0.546783447265625 -0.401458740234375
-0.415679931640625 0.127044677734375 0.13739013671875 -0.487823486328125
-0.352691650390625 0.1849365234375 -0.2584228515625 -0.377105712890625
-0.18475341796875 0.296722412109375 -0.386810302734375 -0.042388916015625
-0.124298095703125 0.336181640625 -0.392822265625 0.28411865234375
0.043243408203125 0.352447509765625 -0.18157958984375 0.50274658203125
0.08447265625 0.348358154296875 -0.27850341796875 0.5828857421875
-0.0409927368164063 0.0447044372558594 0.1689453125 -0.61444091796875
0.00300407409667969 -0.0277576446533203 0.1666259765625 -0.554718017578125
-0.0125837326049805 -0.0134782791137695 0.29327392578125 -0.26068115234375
-0.00246286392211914 0.00627851486206055 0.36669921875 0.03594970703125
0.000779151916503907 -0.0143918991088867 0.185546875 0.375
0.0184097290039063 -0.0562858581542969 -0.161895751953125 0.53436279296875
0.0148849487304687 -0.0398521423339844 -0.63031005859375 0.461669921875
0.0333290100097656 -0.0480384826660156 -0.904296875 0.27789306640625
0.0602760314941406 -0.0266685485839844 -1.02020263671875 0.1903076171875
0.0360908508300781 -0.0298233032226563 -0.87835693359375 0.10467529296875
0.0521392822265625 -0.0173606872558594 -0.507598876953125 0.103912353515625
0.0502090454101563 -0.0158042907714844 -0.240142822265625 -0.0345306396484375
0.0214214324951172 -0.0158176422119141 -0.205612182617188 -0.239151000976562
0.00834274291992188 -0.0346031188964844 -0.423309326171875 -0.429046630859375
-0.0130176544189453 -0.0280952453613281 -0.65521240234375 -0.6251220703125
0.08648681640625 0.359405517578125 0.2010498046875 -0.57135009765625
0.0720367431640625 0.280548095703125 0.2205810546875 -0.513671875
-0.080810546875 0.3350830078125 0.30340576171875 -0.26226806640625
-0.200149536132813 0.2760009765625 0.40240478515625 0.03900146484375
-0.305633544921875 0.157928466796875 0.22210693359375 0.34906005859375
-0.36334228515625 0.08404541015625 -0.125701904296875 0.5228271484375
-0.37896728515625 0.049163818359375 -0.56475830078125 0.4752197265625
-0.33856201171875 -0.050323486328125 -0.82818603515625 0.292724609375
-0.33056640625 0.000152587890624948 -0.977294921875 0.20892333984375
-0.295562744140625 0.00744628906250002 -0.86328125 0.12469482421875
-0.225494384765625 0.04412841796875 -0.507232666015625 0.10272216796875
-0.135116577148438 0.138565063476562 -0.245925903320312 -0.0412750244140625
-0.129745483398438 0.175506591796875 -0.21783447265625 -0.228652954101563
-0.03350830078125 0.221038818359375 -0.406402587890625 -0.412750244140625
0.0366058349609375 0.2294921875 -0.64996337890625 -0.61260986328125
0.18377685546875 0.61895751953125 0.287139892578125 -0.439971923828125
0.12445068359375 0.54022216796875 0.31439208984375 -0.395660400390625
-0.1475830078125 0.632080078125 0.332916259765625 -0.22991943359375
-0.37335205078125 0.5093994140625 0.453765869140625 0.03729248046875
-0.57513427734375 0.30877685546875 0.298095703125 0.2818603515625
-0.69891357421875 0.212890625 -0.00451660156250008 0.446868896484375
-0.71533203125 0.1292724609375 -0.37286376953125 0.423553466796875
-0.6575927734375 -0.0464477539062499 -0.62091064453125 0.26165771484375
-0.68255615234375 0.03607177734375 -0.82745361328125 0.19317626953125
-0.61041259765625 0.0635375976562501 -0.786865234375 0.12225341796875
-0.501861572265625 0.136932373046875 -0.503631591796875 0.0842895507812499
-0.308929443359375 0.31890869140625 -0.278579711914063 -0.0426788330078125
-0.26287841796875 0.384765625 -0.26922607421875 -0.194656372070312
-0.056915283203125 0.47052001953125 -0.406585693359375 -0.343536376953125
0.08746337890625 0.4639892578125 -0.6326904296875 -0.50994873046875
0.23809814453125 0.78466796875 0.40057373046875 -0.243072509765625
0.140869140625 0.70263671875 0.419189453125 -0.215057373046875
-0.2076416015625 0.81378173828125 0.36700439453125 -0.16180419921875
-0.49554443359375 0.65350341796875 0.5010986328125 0.0355224609375
-0.75616455078125 0.40509033203125 0.398681640625 0.1834716796875
-0.9290771484375 0.30291748046875 0.186492919921875 0.31414794921875
-0.93292236328125 0.18817138671875 -0.0863037109375001 0.31781005859375
-0.87646484375 -0.0304565429687502 -0.315399169921875 0.197113037109375
-0.94219970703125 0.0812988281250002 -0.58319091796875 0.13800048828125
-0.862060546875 0.1480712890625 -0.64337158203125 0.0710449218749999
-0.72711181640625 0.26611328125 -0.484710693359375 0.034210205078125
-0.433074951171875 0.516510009765625 -0.324371337890625 -0.0357666015625
-0.34552001953125 0.5936279296875 -0.338531494140625 -0.121002197265625
-0.04388427734375 0.678466796875 -0.401580810546875 -0.21099853515625
0.1446533203125 0.639404296875 -0.59637451171875 -0.32470703125
0.23870849609375 0.82427978515625 0.51361083984375 -0.011474609375
0.11798095703125 0.7374267578125 0.503448486328125 -0.00894165039062495
-0.25439453125 0.83441162109375 0.3819580078125 -0.0652160644531249
-0.54296875 0.6541748046875 0.51568603515625 0.047454833984375
-0.8072509765625 0.4007568359375 0.4901123046875 0.0830078125
-0.9998779296875 0.3184814453125 0.40234375 0.15380859375
-1.0037841796875 0.205322265625 0.24444580078125 0.174942016601562
-0.961181640625 -0.0128173828125 0.0389328002929687 0.098907470703125
-1.06085205078125 0.12042236328125 -0.26873779296875 0.0289154052734375
-0.985107421875 0.22418212890625 -0.439849853515625 -0.0425720214843749
-0.84228515625 0.3773193359375 -0.439117431640625 -0.059173583984375
-0.47979736328125 0.6558837890625 -0.363372802734375 -0.0291442871093749
-0.3609619140625 0.73602294921875 -0.392669677734375 -0.00778198242187504
-0.00421142578125008 0.800048828125 -0.36712646484375 -0.0246887207031249
0.18768310546875 0.7266845703125 -0.531707763671875 -0.085052490234375
0.1920166015625 0.7406005859375 0.6060791015625 0.21697998046875
0.07373046875 0.64715576171875 0.54010009765625 0.18719482421875
-0.27471923828125 0.70001220703125 0.36175537109375 0.0364990234375
-0.5003662109375 0.522491455078125 0.485076904296875 0.0682373046875
-0.71893310546875 0.3043212890625 0.55023193359375 0.00604248046875002
-0.907470703125 0.2628173828125 0.59832763671875 0.010498046875
-0.91754150390625 0.17999267578125 0.56329345703125 0.025634765625
-0.89935302734375 0.00537109375000016 0.38739013671875 -0.016571044921875
-1.01153564453125 0.1385498046875 0.0614089965820312 -0.117355346679688
-0.94073486328125 0.25323486328125 -0.211318969726563 -0.200515747070312
-0.80224609375 0.40338134765625 -0.37652587890625 -0.180999755859375
-0.4385986328125 0.6632080078125 -0.384490966796875 -0.02972412109375
-0.315673828125 0.74176025390625 -0.412567138671875 0.114654541015625
0.0361938476562499 0.78485107421875 -0.303924560546875 0.18157958984375
0.19586181640625 0.70849609375 -0.443756103515625 0.171600341796875
0.11517333984375 0.5574951171875 0.6650390625 0.40472412109375
0.03131103515625 0.47149658203125 0.52642822265625 0.338592529296875
-0.241455078125 0.473907470703125 0.309783935546875 0.116943359375
-0.37762451171875 0.32745361328125 0.422760009765625 0.08428955078125
-0.5223388671875 0.174407958984375 0.56951904296875 -0.0350341796875
-0.68603515625 0.17108154296875 0.74310302734375 -0.08587646484375
-0.69720458984375 0.128662109375 0.827880859375 -0.10150146484375
-0.70159912109375 0.0179443359375 0.68304443359375 -0.13140869140625
-0.79998779296875 0.1246337890625 0.34906005859375 -0.26910400390625
-0.733642578125 0.214111328125 -0.00332641601562504 -0.3603515625
-0.62396240234375 0.32745361328125 -0.3076171875 -0.296142578125
-0.332550048828125 0.529632568359375 -0.388458251953125 -0.0365600585937499
-0.2314453125 0.5943603515625 -0.407470703125 0.218536376953125
0.05401611328125 0.6248779296875 -0.231781005859375 0.369171142578125
0.161376953125 0.57623291015625 -0.34979248046875 0.405609130859375
0.03363037109375 0.302978515625 0.68994140625 0.5279541015625
0.014404296875 0.254989624023438 0.48614501953125 0.425048828125
-0.1513671875 0.229721069335937 0.253524780273437 0.163467407226563
-0.195343017578125 0.146087646484375 0.36083984375 0.084259033203125
-0.270126342773438 0.068756103515625 0.56280517578125 -0.0494384765625
-0.38702392578125 0.08709716796875 0.83282470703125 -0.1363525390625
-0.384765625 0.072265625 1.0020751953125 -0.19305419921875
-0.39727783203125 0.027557373046875 0.880126953125 -0.2332763671875
-0.460906982421875 0.08319091796875 0.54461669921875 -0.399627685546875
-0.414825439453125 0.128387451171875 0.139251708984375 -0.48480224609375
-0.352935791015625 0.18548583984375 -0.255401611328125 -0.375885009765625
-0.183929443359375 0.29498291015625 -0.384124755859375 -0.04180908203125
-0.124267578125 0.33477783203125 -0.3912353515625 0.282684326171875
0.042236328125 0.351043701171875 -0.180328369140625 0.499725341796875
0.08544921875 0.3475341796875 -0.2772216796875 0.57763671875
-0.0394515991210937 0.0453224182128906 0.16986083984375 -0.6131591796875
0.00288581848144531 -0.0278587341308594 0.16558837890625 -0.55242919921875
-0.0130176544189453 -0.0135707855224609 0.29229736328125 -0.259521484375
-0.00187349319458008 0.0059514045715332 0.3656005859375 0.0350341796875
0.00125217437744141 -0.0142135620117187 0.1839599609375 0.373138427734375
0.0176315307617187 -0.0556221008300781 -0.160369873046875 0.531585693359375
0.0149345397949219 -0.0393600463867188 -0.63018798828125 0.46142578125
0.0332260131835938 -0.0477027893066406 -0.903076171875 0.2786865234375
0.0604248046875 -0.0268402099609375 -1.01776123046875 0.18927001953125
0.0363006591796875 -0.0291366577148438 -0.877197265625 0.102294921875
0.0514717102050781 -0.0178108215332031 -0.50653076171875 0.102874755859375
0.0495185852050781 -0.0157127380371094 -0.239212036132813 -0.036041259765625
0.0211067199707031 -0.0153121948242188 -0.20391845703125 -0.2401123046875
0.00864982604980469 -0.0346126556396484 -0.42205810546875 -0.428466796875
-0.0122890472412109 -0.0278263092041016 -0.6544189453125 -0.6219482421875
0.0877685546875 0.359100341796875 0.2027587890625 -0.5684814453125
0.0722503662109375 0.27838134765625 0.220489501953125 -0.51177978515625
-0.080474853515625 0.334381103515625 0.301361083984375 -0.262664794921875
-0.199188232421875 0.275604248046875 0.401123046875 0.038970947265625
-0.305023193359375 0.15673828125 0.22064208984375 0.3475341796875
-0.363372802734375 0.0842895507812499 -0.126190185546875 0.520263671875
-0.3785400390625 0.049041748046875 -0.56378173828125 0.47406005859375
-0.337738037109375 -0.050201416015625 -0.824951171875 0.2926025390625
-0.330078125 0.000183105468749952 -0.9752197265625 0.2086181640625
-0.294921875 0.00787353515625006 -0.86029052734375 0.124755859375
-0.2261962890625 0.04339599609375 -0.505828857421875 0.101348876953125
-0.134796142578125 0.137664794921875 -0.244903564453125 -0.042816162109375
-0.128692626953125 0.174880981445312 -0.216476440429688 -0.228897094726563
-0.0328369140625 0.220733642578125 -0.405303955078125 -0.41357421875
0.0366058349609375 0.2288818359375 -0.64654541015625 -0.611572265625
0.18402099609375 0.6187744140625 0.287933349609375 -0.437103271484375
0.12310791015625 0.537841796875 0.31414794921875 -0.393646240234375
-0.14605712890625 0.63104248046875 0.333343505859375 -0.2283935546875
-0.37115478515625 0.508087158203125 0.453704833984375 0.03765869140625
-0.57489013671875 0.30841064453125 0.296173095703125 0.281402587890625
-0.69805908203125 0.21185302734375 -0.00549316406250002 0.44598388671875
-0.71319580078125 0.12896728515625 -0.372283935546875 0.424163818359375
-0.65673828125 -0.0467529296875001 -0.6171875 0.26104736328125
-0.6815185546875 0.0358276367187499 -0.826171875 0.1934814453125
-0.6099853515625 0.0658569335937499 -0.78472900390625 0.12213134765625
-0.500579833984375 0.1363525390625 -0.50213623046875 0.0839538574218749
-0.308319091796875 0.317474365234375 -0.27734375 -0.0431365966796874
-0.262176513671875 0.3831787109375 -0.267303466796875 -0.195556640625
-0.0574645996093751 0.468994140625 -0.404083251953125 -0.344482421875
0.0874633789062499 0.46209716796875 -0.62969970703125 -0.50994873046875
0.23809814453125 0.78167724609375 0.4012451171875 -0.24053955078125
0.138427734375 0.69891357421875 0.41900634765625 -0.21478271484375
-0.20623779296875 0.8131103515625 0.365692138671875 -0.158935546875
-0.4921875 0.650390625 0.49884033203125 0.03643798828125
-0.75543212890625 0.4029541015625 0.39697265625 0.182220458984375
-0.92626953125 0.3023681640625 0.18450927734375 0.313690185546875
-0.93377685546875 0.1873779296875 -0.0859985351562501 0.318023681640625
-0.87481689453125 -0.0324707031250001 -0.313323974609375 0.196685791015625
-0.94024658203125 0.08209228515625 -0.5806884765625 0.13812255859375
-0.86016845703125 0.1485595703125 -0.641845703125 0.0724487304687499
-0.727783203125 0.26605224609375 -0.481689453125 0.0336608886718751
-0.43243408203125 0.513641357421875 -0.3228759765625 -0.036376953125
-0.344482421875 0.59222412109375 -0.3358154296875 -0.121002197265625
-0.0421142578125 0.67694091796875 -0.4000244140625 -0.21087646484375
0.14251708984375 0.63897705078125 -0.59417724609375 -0.3251953125
0.23858642578125 0.82220458984375 0.514617919921875 -0.0102539062499999
0.11822509765625 0.73553466796875 0.502838134765625 -0.00820922851562495
-0.2532958984375 0.83319091796875 0.381561279296875 -0.062347412109375
-0.540771484375 0.6533203125 0.513427734375 0.048309326171875
-0.807861328125 0.40045166015625 0.4888916015625 0.081787109375
-0.99786376953125 0.3170166015625 0.399200439453125 0.15399169921875
-1.00372314453125 0.205810546875 0.24365234375 0.174728393554687
-0.959716796875 -0.0130615234375001 0.0398788452148437 0.0985565185546875
-1.058837890625 0.1221923828125 -0.267684936523438 0.02996826171875
-0.98516845703125 0.2249755859375 -0.437896728515625 -0.042938232421875
-0.84130859375 0.37506103515625 -0.437896728515625 -0.0606079101562499
-0.480224609375 0.65478515625 -0.362640380859375 -0.03009033203125
-0.3602294921875 0.734619140625 -0.389129638671875 -0.00799560546875003
-0.00152587890625001 0.7982177734375 -0.365020751953125 -0.024200439453125
0.18731689453125 0.72589111328125 -0.530303955078125 -0.086456298828125
0.1915283203125 0.73834228515625 0.60418701171875 0.21685791015625
0.07037353515625 0.64501953125 0.538970947265625 0.187835693359375
-0.274169921875 0.69873046875 0.36163330078125 0.04083251953125
-0.4989013671875 0.519439697265625 0.48419189453125 0.0692138671875
-0.71783447265625 0.3033447265625 0.54864501953125 0.00671386718750002
-0.90509033203125 0.2615966796875 0.59613037109375 0.01055908203125
-0.91668701171875 0.17950439453125 0.56304931640625 0.0260009765625
-0.89752197265625 0.00427246093750012 0.38677978515625 -0.0159912109375
-1.01165771484375 0.14031982421875 0.0624618530273437 -0.115615844726563
-0.93975830078125 0.25103759765625 -0.208343505859375 -0.198837280273437
-0.8023681640625 0.40106201171875 -0.37371826171875 -0.1810302734375
-0.4385986328125 0.66314697265625 -0.383758544921875 -0.0294189453125
-0.315185546875 0.7388916015625 -0.409820556640625 0.115814208984375
0.0372314453125 0.78350830078125 -0.302459716796875 0.179595947265625
0.194580078125 0.70703125 -0.4425048828125 0.16937255859375
0.114532470703125 0.556304931640625 0.6624755859375 0.40557861328125
0.029571533203125 0.4686279296875 0.524627685546875 0.3382568359375
-0.239898681640625 0.473052978515625 0.307586669921875 0.12127685546875
-0.37481689453125 0.325927734375 0.422576904296875 0.085235595703125
-0.52105712890625 0.17242431640625 0.568115234375 -0.0328369140625
-0.6844482421875 0.1697998046875 0.741455078125 -0.0855712890625
-0.6964111328125 0.12799072265625 0.82452392578125 -0.10137939453125
-0.70013427734375 0.0166015625 0.68170166015625 -0.1309814453125
-0.79925537109375 0.12451171875 0.350860595703125 -0.266998291015625
-0.732177734375 0.214111328125 -0.00128173828125008 -0.358489990234375
-0.62384033203125 0.326171875 -0.304840087890625 -0.29644775390625
-0.33258056640625 0.528839111328125 -0.3873291015625 -0.037261962890625
-0.23114013671875 0.5938720703125 -0.403900146484375 0.219573974609375
0.05352783203125 0.62371826171875 -0.23052978515625 0.366058349609375
0.16015625 0.57318115234375 -0.3494873046875 0.402191162109375
0.0325927734375 0.30194091796875 0.68914794921875 0.52911376953125
0.014190673828125 0.252349853515625 0.4835205078125 0.42462158203125
-0.151382446289063 0.229965209960938 0.251327514648438 0.164871215820313
-0.19561767578125 0.14483642578125 0.359649658203125 0.085205078125
-0.269485473632812 0.0671081542968751 0.56011962890625 -0.0477294921875
-0.386688232421875 0.08721923828125 0.8294677734375 -0.13555908203125
-0.3837890625 0.0720520019531251 1.00018310546875 -0.19256591796875
-0.396392822265625 0.0271606445312501 0.87652587890625 -0.23223876953125
-0.461395263671875 0.0837097167968749 0.546295166015625 -0.397979736328125
-0.41326904296875 0.12750244140625 0.1407470703125 -0.48248291015625
-0.352294921875 0.18511962890625 -0.25408935546875 -0.375030517578125
-0.18328857421875 0.294403076171875 -0.3828125 -0.041656494140625
-0.124725341796875 0.334442138671875 -0.387420654296875 0.28399658203125
0.042999267578125 0.35028076171875 -0.1783447265625 0.4962158203125
0.0850830078125 0.345977783203125 -0.27716064453125 0.573486328125
-0.0385169982910156 0.0460662841796875 0.17181396484375 -0.61138916015625
0.00288009643554688 -0.0288639068603516 0.164764404296875 -0.551910400390625
-0.0131130218505859 -0.013728141784668 0.29351806640625 -0.25933837890625
-0.00102758407592773 0.0062098503112793 0.36492919921875 0.036590576171875
0.00195503234863281 -0.0142068862915039 0.18267822265625 0.3724365234375
0.0176849365234375 -0.0548248291015625 -0.16168212890625 0.530792236328125
0.0150260925292969 -0.0390396118164063 -0.62939453125 0.461669921875
0.0331916809082031 -0.0478057861328125 -0.90032958984375 0.27691650390625
0.0604820251464844 -0.0266914367675781 -1.01776123046875 0.189453125
0.0358085632324219 -0.0285453796386719 -0.87689208984375 0.10308837890625
0.0509719848632813 -0.0182952880859375 -0.505218505859375 0.101287841796875
0.0494804382324219 -0.0159835815429688 -0.239212036132813 -0.0380096435546875
0.0208454132080078 -0.0152549743652344 -0.202590942382813 -0.24114990234375
0.00891876220703125 -0.0344142913818359 -0.42132568359375 -0.4300537109375
-0.0122165679931641 -0.0271739959716797 -0.6522216796875 -0.62335205078125
0.0874938964843751 0.35955810546875 0.20501708984375 -0.5660400390625
0.0715179443359375 0.278045654296875 0.2208251953125 -0.510650634765625
-0.08026123046875 0.335205078125 0.30303955078125 -0.259521484375
-0.198745727539062 0.275634765625 0.401824951171875 0.039825439453125
-0.305816650390625 0.155914306640625 0.219207763671875 0.3463134765625
-0.363739013671875 0.084259033203125 -0.12774658203125 0.519439697265625
-0.3800048828125 0.0491027832031249 -0.5635986328125 0.47442626953125
-0.33905029296875 -0.051544189453125 -0.82354736328125 0.2921142578125
-0.329986572265625 -3.05175781249752E-05 -0.97308349609375 0.2086181640625
-0.294647216796875 0.00753784179687503 -0.86053466796875 0.1259765625
-0.227447509765625 0.04266357421875 -0.505340576171875 0.09906005859375
-0.134559631347656 0.136558532714844 -0.244842529296875 -0.04449462890625
-0.128692626953125 0.174362182617188 -0.21533203125 -0.230697631835937
-0.03240966796875 0.220169067382813 -0.40460205078125 -0.412994384765625
0.03594970703125 0.230010986328125 -0.64642333984375 -0.61016845703125
0.18414306640625 0.61883544921875 0.28997802734375 -0.43536376953125
0.122467041015625 0.537933349609375 0.314361572265625 -0.393035888671875
-0.14495849609375 0.63201904296875 0.333648681640625 -0.226043701171875
-0.372100830078125 0.50799560546875 0.453521728515625 0.03741455078125
-0.576171875 0.3074951171875 0.295501708984375 0.280670166015625
-0.69927978515625 0.21234130859375 -0.00866699218750004 0.4453125
-0.71551513671875 0.13018798828125 -0.373504638671875 0.423736572265625
-0.6572265625 -0.04779052734375 -0.61602783203125 0.26202392578125
-0.68035888671875 0.035888671875 -0.825439453125 0.19305419921875
-0.60968017578125 0.06500244140625 -0.78533935546875 0.12322998046875
-0.5020751953125 0.135284423828125 -0.5018310546875 0.0825195312499999
-0.30804443359375 0.31646728515625 -0.277191162109375 -0.0451965332031249
-0.262115478515625 0.38250732421875 -0.266098022460938 -0.195816040039062
-0.05517578125 0.468536376953125 -0.40283203125 -0.345062255859375
0.085723876953125 0.463470458984375 -0.628662109375 -0.5096435546875
0.23919677734375 0.78363037109375 0.40106201171875 -0.237518310546875
0.1373291015625 0.70111083984375 0.419952392578125 -0.213165283203125
-0.206787109375 0.81365966796875 0.366851806640625 -0.156494140625
-0.4930419921875 0.64971923828125 0.498992919921875 0.0361328125
-0.75555419921875 0.4019775390625 0.3953857421875 0.18365478515625
-0.92584228515625 0.3016357421875 0.182220458984375 0.31390380859375
-0.93572998046875 0.1876220703125 -0.0853271484375001 0.3189697265625
-0.8751220703125 -0.0331420898437499 -0.312103271484375 0.195556640625
-0.94171142578125 0.08245849609375 -0.57952880859375 0.1385498046875
-0.861572265625 0.14837646484375 -0.6407470703125 0.07305908203125
-0.72821044921875 0.26422119140625 -0.48138427734375 0.032501220703125
-0.4322509765625 0.513214111328125 -0.32281494140625 -0.0370178222656249
-0.34375 0.59210205078125 -0.335113525390625 -0.1201171875
-0.040771484375 0.67718505859375 -0.399444580078125 -0.213348388671875
0.14129638671875 0.63922119140625 -0.59417724609375 -0.32562255859375
0.23907470703125 0.8218994140625 0.513824462890625 -0.00668334960937495
0.1153564453125 0.73345947265625 0.5032958984375 -0.00585937499999995
-0.25433349609375 0.833740234375 0.381256103515625 -0.0595397949218749
-0.54052734375 0.65081787109375 0.513458251953125 0.0499267578125
-0.80841064453125 0.39898681640625 0.489349365234375 0.082550048828125
-0.999267578125 0.3170166015625 0.39739990234375 0.15606689453125
-1.003662109375 0.20465087890625 0.243682861328125 0.175506591796875
-0.95904541015625 -0.0152587890624999 0.0404815673828124 0.0991744995117188
-1.0595703125 0.12158203125 -0.265975952148438 0.030731201171875
-0.9852294921875 0.2232666015625 -0.436553955078125 -0.0413208007812501
-0.8436279296875 0.37432861328125 -0.436798095703125 -0.0602416992187499
-0.4803466796875 0.65264892578125 -0.36053466796875 -0.0302124023437499
-0.36053466796875 0.73504638671875 -0.3883056640625 -0.00665283203124999
-0.00213623046875004 0.79998779296875 -0.36480712890625 -0.0263366699218749
0.1851806640625 0.7254638671875 -0.531036376953125 -0.0869140625000001
0.1893310546875 0.73773193359375 0.603759765625 0.21881103515625
0.07080078125 0.6436767578125 0.5379638671875 0.18914794921875
-0.2724609375 0.69769287109375 0.360321044921875 0.04339599609375
-0.499359130859375 0.519927978515625 0.48382568359375 0.06982421875
-0.7186279296875 0.30059814453125 0.5467529296875 0.00778198242187502
-0.90533447265625 0.259765625 0.59326171875 0.01275634765625
-0.9168701171875 0.1785888671875 0.56256103515625 0.02703857421875
-0.8983154296875 0.00152587890624992 0.38800048828125 -0.0145263671875
-1.0113525390625 0.13885498046875 0.0635910034179687 -0.114204406738281
-0.94158935546875 0.24957275390625 -0.20672607421875 -0.198516845703125
-0.80596923828125 0.40130615234375 -0.37188720703125 -0.1810302734375
-0.43865966796875 0.6629638671875 -0.38275146484375 -0.0296630859375
-0.3154296875 0.7392578125 -0.4091796875 0.116607666015625
0.0372924804687501 0.78216552734375 -0.3018798828125 0.179107666015625
0.1922607421875 0.70556640625 -0.44427490234375 0.167938232421875
0.114593505859375 0.554931640625 0.66302490234375 0.40545654296875
0.0296630859375 0.466094970703125 0.52398681640625 0.339691162109375
-0.240631103515625 0.47296142578125 0.307037353515625 0.12384033203125
-0.37530517578125 0.3248291015625 0.4215087890625 0.086639404296875
-0.52178955078125 0.171051025390625 0.56695556640625 -0.031494140625
-0.683837890625 0.16815185546875 0.738525390625 -0.0850830078125
-0.69732666015625 0.12744140625 0.82550048828125 -0.09930419921875
-0.70166015625 0.0161743164062499 0.681640625 -0.1304931640625
-0.8009033203125 0.124267578125 0.35125732421875 -0.26531982421875
-0.73309326171875 0.21307373046875 0.00186157226562492 -0.3585205078125
-0.626220703125 0.32562255859375 -0.302703857421875 -0.2952880859375
-0.332733154296875 0.5281982421875 -0.386016845703125 -0.0368652343749999
-0.23138427734375 0.5953369140625 -0.403167724609375 0.219512939453125
0.05340576171875 0.62445068359375 -0.2301025390625 0.364959716796875
0.15924072265625 0.5726318359375 -0.350372314453125 0.40032958984375
0.031951904296875 0.30169677734375 0.68634033203125 0.5294189453125
0.013519287109375 0.251495361328125 0.482940673828125 0.4261474609375
-0.15081787109375 0.230743408203125 0.249588012695312 0.1680908203125
-0.195358276367187 0.145126342773438 0.359375 0.086090087890625
-0.270126342773438 0.0662689208984375 0.55914306640625 -0.047332763671875
-0.385986328125 0.0872192382812499 0.82781982421875 -0.135009765625
-0.385162353515625 0.0727233886718751 0.9998779296875 -0.19293212890625
-0.396453857421875 0.0255737304687499 0.87689208984375 -0.2310791015625
-0.460662841796875 0.08270263671875 0.547882080078125 -0.397247314453125
-0.412994384765625 0.128753662109375 0.144561767578125 -0.483367919921875
-0.3531494140625 0.185272216796875 -0.250396728515625 -0.3770751953125
-0.18408203125 0.29522705078125 -0.382568359375 -0.0416259765624999
-0.125244140625 0.33447265625 -0.386993408203125 0.285064697265625
0.043365478515625 0.3497314453125 -0.178680419921875 0.49658203125
0.08502197265625 0.345672607421875 -0.27886962890625 0.57086181640625
-0.0378608703613281 0.0468597412109375 0.17474365234375 -0.610595703125
0.0027923583984375 -0.0291366577148438 0.165863037109375 -0.551483154296875
-0.012974739074707 -0.0138883590698242 0.294219970703125 -0.2601318359375
-0.000127792358398438 0.00568771362304688 0.36474609375 0.035919189453125
0.00272178649902344 -0.0143003463745117 0.18121337890625 0.37335205078125
0.0177001953125 -0.0543861389160156 -0.1629638671875 0.530609130859375
0.01513671875 -0.038909912109375 -0.63031005859375 0.4608154296875
0.0333595275878906 -0.04742431640625 -0.8995361328125 0.2777099609375
0.0606155395507813 -0.0268325805664063 -1.01776123046875 0.18841552734375
0.0359115600585938 -0.0284957885742187 -0.87762451171875 0.10400390625
0.0503883361816406 -0.0179977416992188 -0.506744384765625 0.09942626953125
0.0493659973144531 -0.0162734985351563 -0.238677978515625 -0.0400848388671875
0.0212364196777344 -0.0153312683105469 -0.202102661132813 -0.24285888671875
0.00940704345703125 -0.0337810516357422 -0.421142578125 -0.431610107421875
-0.0120201110839844 -0.0269393920898438 -0.651123046875 -0.62286376953125
0.089202880859375 0.360595703125 0.2061767578125 -0.565185546875
0.070648193359375 0.277862548828125 0.220184326171875 -0.509613037109375
-0.0804443359375 0.335723876953125 0.303802490234375 -0.26068115234375
-0.19873046875 0.275726318359375 0.40155029296875 0.039031982421875
-0.3055419921875 0.155517578125 0.217559814453125 0.34674072265625
-0.364990234375 0.0844421386718749 -0.12939453125 0.520172119140625
-0.38067626953125 0.04931640625 -0.5653076171875 0.47442626953125
-0.3387451171875 -0.0517578124999999 -0.82537841796875 0.29119873046875
-0.330780029296875 0.000854492187499963 -0.9761962890625 0.20947265625
-0.29461669921875 0.00790405273437497 -0.86102294921875 0.12603759765625
-0.227752685546875 0.0423126220703125 -0.505157470703125 0.0971374511718751
-0.134468078613281 0.136253356933594 -0.244659423828125 -0.0457763671875
-0.129318237304687 0.174514770507813 -0.214065551757813 -0.23162841796875
-0.0315704345703125 0.220855712890625 -0.405059814453125 -0.414794921875
0.0362548828125 0.23040771484375 -0.64556884765625 -0.61370849609375
0.18572998046875 0.620361328125 0.291046142578125 -0.433013916015625
0.119293212890625 0.5374755859375 0.31585693359375 -0.392486572265625
-0.14605712890625 0.63336181640625 0.33441162109375 -0.224945068359375
-0.371673583984375 0.5103759765625 0.453765869140625 0.0372314453125
-0.5767822265625 0.30633544921875 0.294830322265625 0.280548095703125
-0.7015380859375 0.21136474609375 -0.00909423828125 0.4456787109375
-0.71661376953125 0.128662109375 -0.37335205078125 0.424560546875
-0.6578369140625 -0.0492553710937499 -0.6168212890625 0.2613525390625
-0.68170166015625 0.0357666015625001 -0.8262939453125 0.19464111328125
-0.612060546875 0.0642089843749999 -0.7840576171875 0.12274169921875
-0.5042724609375 0.1353759765625 -0.50140380859375 0.080902099609375
-0.30908203125 0.315673828125 -0.277450561523437 -0.0458984374999999
-0.262054443359375 0.38311767578125 -0.264297485351563 -0.196914672851562
-0.055084228515625 0.468597412109375 -0.4027099609375 -0.346435546875
0.0848388671875 0.464080810546875 -0.62982177734375 -0.5123291015625
0.23895263671875 0.78375244140625 0.40374755859375 -0.2359619140625
0.13555908203125 0.70001220703125 0.421173095703125 -0.21295166015625
-0.20452880859375 0.815185546875 0.36737060546875 -0.154388427734375
-0.4945068359375 0.65087890625 0.500244140625 0.037078857421875
-0.75836181640625 0.401123046875 0.394378662109375 0.183837890625
-0.92974853515625 0.3009033203125 0.179962158203125 0.314666748046875
-0.9356689453125 0.18621826171875 -0.0855102539062501 0.319488525390625
-0.87579345703125 -0.0349731445312498 -0.311798095703125 0.195587158203125
-0.94189453125 0.0801391601562501 -0.5804443359375 0.1407470703125
-0.86285400390625 0.1484375 -0.6392822265625 0.07318115234375
-0.73089599609375 0.26446533203125 -0.480804443359375 0.030517578125
-0.432373046875 0.511932373046875 -0.32269287109375 -0.0386657714843749
-0.34600830078125 0.592529296875 -0.332733154296875 -0.120330810546875
-0.04034423828125 0.67779541015625 -0.39801025390625 -0.2137451171875
0.1400146484375 0.6395263671875 -0.5958251953125 -0.32806396484375
0.2393798828125 0.82135009765625 0.516082763671875 -0.00518798828124995
0.11529541015625 0.7327880859375 0.504241943359375 -0.00625610351562495
-0.25189208984375 0.8353271484375 0.38275146484375 -0.0557861328125
-0.5423583984375 0.65179443359375 0.5140380859375 0.04998779296875
-0.80926513671875 0.39794921875 0.4893798828125 0.08319091796875
-1.00054931640625 0.31622314453125 0.396270751953125 0.154815673828125
-1.00592041015625 0.20501708984375 0.244842529296875 0.176010131835938
-0.96246337890625 -0.0166625976562501 0.0407409667968749 0.0994949340820313
-1.06219482421875 0.121826171875 -0.265289306640625 0.0319061279296875
-0.98712158203125 0.224365234375 -0.435028076171875 -0.040374755859375
-0.84649658203125 0.3736572265625 -0.436553955078125 -0.061737060546875
-0.48101806640625 0.653076171875 -0.36260986328125 -0.0302124023437499
-0.362548828125 0.7349853515625 -0.386962890625 -0.00711059570312496
-0.00177001953124994 0.79931640625 -0.363555908203125 -0.0273132324218749
0.183349609375 0.727294921875 -0.529998779296875 -0.08917236328125
0.189208984375 0.73779296875 0.60638427734375 0.2203369140625
0.06927490234375 0.64251708984375 0.54034423828125 0.1898193359375
-0.2734375 0.7003173828125 0.35968017578125 0.046661376953125
-0.50054931640625 0.5189208984375 0.483367919921875 0.0716552734375
-0.71966552734375 0.2994384765625 0.546234130859375 0.00885009765625002
-0.90704345703125 0.25787353515625 0.59197998046875 0.013671875
-0.91778564453125 0.1776123046875 0.563720703125 0.02789306640625
-0.9000244140625 0.00134277343749985 0.388824462890625 -0.01416015625
-1.0128173828125 0.14056396484375 0.0650634765625 -0.113258361816406
-0.94256591796875 0.24908447265625 -0.204986572265625 -0.1971435546875
-0.8065185546875 0.4010009765625 -0.37060546875 -0.18194580078125
-0.4403076171875 0.66241455078125 -0.383087158203125 -0.02972412109375
-0.3189697265625 0.74090576171875 -0.40673828125 0.116455078125
0.0367431640625 0.7843017578125 -0.30084228515625 0.17779541015625
0.1917724609375 0.70758056640625 -0.4451904296875 0.16461181640625
0.11395263671875 0.5545654296875 0.66192626953125 0.40740966796875
0.02813720703125 0.465606689453125 0.523529052734375 0.34112548828125
-0.2413330078125 0.47467041015625 0.30615234375 0.127044677734375
-0.376007080078125 0.324462890625 0.421539306640625 0.087921142578125
-0.5224609375 0.16888427734375 0.56744384765625 -0.0294189453125
-0.6856689453125 0.16827392578125 0.739013671875 -0.0828857421875
-0.69830322265625 0.1268310546875 0.825927734375 -0.0987548828125
-0.702392578125 0.0154418945312499 0.6829833984375 -0.128662109375
-0.80206298828125 0.12408447265625 0.35369873046875 -0.265594482421875
-0.73486328125 0.2139892578125 0.00326538085937493 -0.358489990234375
-0.62890625 0.327392578125 -0.301666259765625 -0.29766845703125
-0.334716796875 0.52960205078125 -0.386871337890625 -0.0368041992187499
-0.23223876953125 0.5958251953125 -0.40167236328125 0.2210693359375
0.0538330078125 0.62542724609375 -0.22943115234375 0.363800048828125
0.1588134765625 0.57415771484375 -0.351959228515625 0.3966064453125
0.031280517578125 0.301971435546875 0.68780517578125 0.52984619140625
0.013153076171875 0.249801635742188 0.483245849609375 0.42681884765625
-0.151763916015625 0.231491088867188 0.24871826171875 0.171188354492188
-0.196121215820313 0.144149780273438 0.358673095703125 0.0877685546875
-0.2708740234375 0.0647583007812499 0.55950927734375 -0.04644775390625
-0.388031005859375 0.0867614746093749 0.82684326171875 -0.13372802734375
-0.385162353515625 0.072479248046875 0.99951171875 -0.19183349609375
-0.39715576171875 0.02606201171875 0.87628173828125 -0.2303466796875
-0.46234130859375 0.0826416015625001 0.54876708984375 -0.396728515625
-0.413330078125 0.128265380859375 0.147735595703125 -0.48291015625
-0.35491943359375 0.185882568359375 -0.249114990234375 -0.376953125
-0.184814453125 0.295562744140625 -0.382049560546875 -0.0412597656249999
-0.125213623046875 0.33502197265625 -0.38629150390625 0.286163330078125
0.04327392578125 0.35137939453125 -0.178741455078125 0.495361328125
0.085662841796875 0.3460693359375 -0.27935791015625 0.5682373046875
-0.0366249084472656 0.0477943420410156 0.17572021484375 -0.6107177734375
0.00237464904785156 -0.029510498046875 0.166259765625 -0.552093505859375
-0.0128946304321289 -0.0140018463134766 0.296539306640625 -0.25958251953125
0.000897407531738282 0.00537919998168945 0.3651123046875 0.036285400390625
0.00330162048339844 -0.0144863128662109 0.1807861328125 0.372772216796875
0.0177803039550781 -0.0537605285644531 -0.164764404296875 0.529998779296875
0.0152969360351563 -0.03887939453125 -0.6319580078125 0.4635009765625
0.0335540771484375 -0.0474815368652344 -0.90069580078125 0.279296875
0.0609054565429688 -0.0271530151367188 -1.02197265625 0.189697265625
0.0363426208496094 -0.0276298522949219 -0.88043212890625 0.104736328125
0.0499534606933594 -0.0183601379394531 -0.508453369140625 0.098846435546875
0.0491752624511719 -0.0168075561523438 -0.2392578125 -0.0414581298828125
0.0212917327880859 -0.0152645111083984 -0.201904296875 -0.245025634765625
0.00951004028320313 -0.0338268280029297 -0.422393798828125 -0.432647705078125
-0.0117340087890625 -0.0264911651611328 -0.6517333984375 -0.6256103515625
0.090057373046875 0.362396240234375 0.208251953125 -0.564208984375
0.069976806640625 0.27813720703125 0.22235107421875 -0.5113525390625
-0.080596923828125 0.33685302734375 0.3065185546875 -0.259368896484375
-0.198211669921875 0.27703857421875 0.40216064453125 0.03912353515625
-0.306732177734375 0.15655517578125 0.21661376953125 0.3475341796875
-0.366180419921875 0.08465576171875 -0.131683349609375 0.520660400390625
-0.382080078125 0.049713134765625 -0.56689453125 0.47821044921875
-0.340087890625 -0.052398681640625 -0.824462890625 0.29315185546875
-0.331085205078125 0.000579833984375055 -0.9781494140625 0.21087646484375
-0.296630859375 0.00872802734375006 -0.86297607421875 0.12615966796875
-0.229156494140625 0.0422210693359375 -0.506988525390625 0.0971984863281251
-0.135398864746094 0.135795593261719 -0.24530029296875 -0.0474090576171875
-0.129119873046875 0.175155639648437 -0.21343994140625 -0.233444213867187
-0.0312957763671875 0.22161865234375 -0.405181884765625 -0.41717529296875
0.036102294921875 0.23101806640625 -0.64739990234375 -0.61334228515625
0.18658447265625 0.62384033203125 0.293914794921875 -0.4334716796875
0.12054443359375 0.5379638671875 0.31585693359375 -0.393768310546875
-0.1456298828125 0.63543701171875 0.335906982421875 -0.224212646484375
-0.37335205078125 0.510406494140625 0.454315185546875 0.03778076171875
-0.57891845703125 0.30596923828125 0.294464111328125 0.281341552734375
-0.7037353515625 0.213623046875 -0.0101013183593751 0.44622802734375
-0.7191162109375 0.130126953125 -0.3736572265625 0.426025390625
-0.6605224609375 -0.0491943359375 -0.61669921875 0.26092529296875
-0.6845703125 0.0369262695312501 -0.8277587890625 0.1954345703125
-0.61346435546875 0.0653076171875 -0.7857666015625 0.12542724609375
-0.50689697265625 0.1353759765625 -0.502197265625 0.0787048339843751
-0.309326171875 0.31634521484375 -0.278045654296875 -0.0469970703124999
-0.261932373046875 0.38409423828125 -0.264129638671875 -0.197265625
-0.0552978515625 0.469451904296875 -0.404327392578125 -0.348175048828125
0.085113525390625 0.465972900390625 -0.62994384765625 -0.5126953125
0.2386474609375 0.78656005859375 0.406341552734375 -0.234527587890625
0.13568115234375 0.69854736328125 0.421417236328125 -0.21295166015625
-0.20623779296875 0.81854248046875 0.369720458984375 -0.152496337890625
-0.4954833984375 0.65350341796875 0.501373291015625 0.038116455078125
-0.76116943359375 0.40191650390625 0.396240234375 0.18402099609375
-0.93194580078125 0.3009033203125 0.179718017578125 0.316253662109375
-0.9410400390625 0.18927001953125 -0.084747314453125 0.320953369140625
-0.87945556640625 -0.0361328124999999 -0.311431884765625 0.19781494140625
-0.9451904296875 0.0841674804687499 -0.58154296875 0.14080810546875
-0.86639404296875 0.147705078125 -0.6405029296875 0.0741577148437501
-0.73419189453125 0.26361083984375 -0.481414794921875 0.031005859375
-0.434539794921875 0.512237548828125 -0.322845458984375 -0.039703369140625
-0.3447265625 0.5946044921875 -0.332672119140625 -0.12176513671875
-0.04022216796875 0.678466796875 -0.39788818359375 -0.214599609375
0.14044189453125 0.64129638671875 -0.59539794921875 -0.33013916015625
0.23895263671875 0.82391357421875 0.51861572265625 -0.00476074218749995
0.11383056640625 0.732421875 0.505340576171875 -0.00518798828124995
-0.2537841796875 0.83880615234375 0.383697509765625 -0.053253173828125
-0.54266357421875 0.6522216796875 0.51513671875 0.050750732421875
-0.81427001953125 0.39703369140625 0.4884033203125 0.085357666015625
-1.00390625 0.316650390625 0.395904541015625 0.157867431640625
-1.01007080078125 0.2044677734375 0.246353149414062 0.177230834960938
-0.9654541015625 -0.0161132812499999 0.0423812866210937 0.100028991699219
-1.063720703125 0.12322998046875 -0.265289306640625 0.0331268310546875
-0.99200439453125 0.223388671875 -0.434173583984375 -0.039642333984375
-0.8502197265625 0.3748779296875 -0.43634033203125 -0.0625
-0.4820556640625 0.65411376953125 -0.36212158203125 -0.031463623046875
-0.363037109375 0.7386474609375 -0.385650634765625 -0.00650024414062496
-0.00134277343750004 0.8006591796875 -0.363525390625 -0.0282592773437499
0.18304443359375 0.72906494140625 -0.53277587890625 -0.0907287597656249
0.190185546875 0.7403564453125 0.60858154296875 0.22216796875
0.0684814453124999 0.64166259765625 0.5418701171875 0.191192626953125
-0.2724609375 0.70361328125 0.36212158203125 0.049530029296875
-0.50164794921875 0.51922607421875 0.48504638671875 0.0738525390625
-0.7235107421875 0.29962158203125 0.548370361328125 0.00967407226562502
-0.908935546875 0.25885009765625 0.592529296875 0.0150146484375
-0.9227294921875 0.1773681640625 0.56488037109375 0.0283203125
-0.90374755859375 0.000366210937499888 0.390594482421875 -0.013427734375
-1.01763916015625 0.1407470703125 0.0665893554687499 -0.113388061523437
-0.94500732421875 0.24908447265625 -0.203384399414063 -0.197708129882812
-0.812255859375 0.4014892578125 -0.370941162109375 -0.18353271484375
-0.442626953125 0.6656494140625 -0.3826904296875 -0.0294494628906249
-0.3179931640625 0.744140625 -0.405975341796875 0.118255615234375
0.039794921875 0.78668212890625 -0.30047607421875 0.177398681640625
0.1904296875 0.71044921875 -0.446014404296875 0.1632080078125
0.11346435546875 0.5567626953125 0.6641845703125 0.4088134765625
0.02685546875 0.465301513671875 0.525970458984375 0.341888427734375
-0.24114990234375 0.4766845703125 0.306671142578125 0.130950927734375
-0.376617431640625 0.324615478515625 0.422943115234375 0.089324951171875
-0.523529052734375 0.1680908203125 0.568115234375 -0.028076171875
-0.6851806640625 0.16845703125 0.73779296875 -0.08251953125
-0.7010498046875 0.12762451171875 0.82769775390625 -0.09906005859375
-0.7052001953125 0.014892578125 0.6854248046875 -0.12896728515625
-0.80535888671875 0.12640380859375 0.357208251953125 -0.26495361328125
-0.73724365234375 0.21246337890625 0.00582885742187497 -0.357574462890625
-0.631103515625 0.32745361328125 -0.30133056640625 -0.299774169921875
-0.33636474609375 0.530792236328125 -0.38702392578125 -0.03631591796875
-0.23406982421875 0.599365234375 -0.40093994140625 0.222900390625
0.055908203125 0.62738037109375 -0.229644775390625 0.363555908203125
0.157958984375 0.57501220703125 -0.35430908203125 0.396575927734375
0.031097412109375 0.302215576171875 0.6888427734375 0.5322265625
0.012481689453125 0.249862670898438 0.485107421875 0.428558349609375
-0.152267456054688 0.2333984375 0.248870849609375 0.174026489257813
-0.19647216796875 0.143966674804687 0.359283447265625 0.08892822265625
-0.27178955078125 0.0639038085937501 0.560211181640625 -0.04541015625
-0.387786865234375 0.0863037109375 0.826416015625 -0.13323974609375
-0.3875732421875 0.07354736328125 1.00177001953125 -0.1937255859375
-0.399627685546875 0.02557373046875 0.8804931640625 -0.2303466796875
-0.46453857421875 0.083282470703125 0.551910400390625 -0.398101806640625
-0.415802001953125 0.128509521484375 0.14898681640625 -0.48480224609375
-0.355224609375 0.18707275390625 -0.2491455078125 -0.37841796875
-0.185546875 0.29632568359375 -0.38385009765625 -0.0414123535156249
-0.125885009765625 0.33709716796875 -0.386962890625 0.28839111328125
0.04510498046875 0.351715087890625 -0.17828369140625 0.4947509765625
0.08544921875 0.34649658203125 -0.28192138671875 0.5667724609375
-0.03570556640625 0.048675537109375 0.177001953125 -0.611328125
0.002044677734375 -0.0301017761230469 0.166229248046875 -0.553558349609375
-0.0131416320800781 -0.0142250061035156 0.298187255859375 -0.2611083984375
0.00152873992919922 0.00508451461791992 0.366455078125 0.03485107421875
0.00390148162841797 -0.014592170715332 0.180938720703125 0.3739013671875
0.0180206298828125 -0.0537567138671875 -0.166015625 0.53192138671875
0.0154304504394531 -0.0388450622558594 -0.63482666015625 0.46710205078125
0.0340499877929688 -0.0472946166992188 -0.90228271484375 0.28204345703125
0.0613174438476563 -0.0275306701660156 -1.0250244140625 0.18988037109375
0.0364761352539063 -0.0273971557617187 -0.88446044921875 0.1055908203125
0.0495338439941406 -0.018798828125 -0.5106201171875 0.0998840332031251
0.0490036010742188 -0.0175514221191406 -0.240371704101563 -0.042755126953125
0.0215988159179688 -0.015594482421875 -0.202728271484375 -0.247940063476563
0.00993537902832032 -0.0337982177734375 -0.425048828125 -0.43475341796875
-0.0111255645751953 -0.0264949798583984 -0.6527099609375 -0.62939453125
0.0921630859375 0.364532470703125 0.21014404296875 -0.5660400390625
0.0701446533203125 0.27838134765625 0.22314453125 -0.513946533203125
-0.080657958984375 0.3392333984375 0.308074951171875 -0.260101318359375
-0.198562622070313 0.277740478515625 0.4041748046875 0.03875732421875
-0.307830810546875 0.157745361328125 0.2171630859375 0.349090576171875
-0.367889404296875 0.0858764648437499 -0.13214111328125 0.52386474609375
-0.384246826171875 0.0508422851562499 -0.5693359375 0.48016357421875
-0.341827392578125 -0.051666259765625 -0.82769775390625 0.29425048828125
-0.332305908203125 0.00186157226562498 -0.983154296875 0.21221923828125
-0.297149658203125 0.00912475585937504 -0.86669921875 0.12945556640625
-0.231704711914063 0.0419158935546875 -0.509613037109375 0.0968933105468751
-0.13580322265625 0.1357421875 -0.246078491210937 -0.0485076904296875
-0.12921142578125 0.17559814453125 -0.213638305664062 -0.235488891601563
-0.030426025390625 0.222015380859375 -0.406585693359375 -0.418670654296875
0.036376953125 0.232772827148438 -0.6484375 -0.6171875
0.1888427734375 0.6258544921875 0.296661376953125 -0.434478759765625
0.120513916015625 0.538177490234375 0.318450927734375 -0.3956298828125
-0.14495849609375 0.64013671875 0.3382568359375 -0.22430419921875
-0.37396240234375 0.513702392578125 0.456573486328125 0.037933349609375
-0.58148193359375 0.3092041015625 0.295166015625 0.2822265625
-0.70794677734375 0.213623046875 -0.012420654296875 0.44970703125
-0.72369384765625 0.13140869140625 -0.37408447265625 0.430084228515625
-0.663818359375 -0.0489501953125 -0.61767578125 0.26422119140625
-0.6875 0.03692626953125 -0.8304443359375 0.1981201171875
-0.6148681640625 0.06427001953125 -0.78924560546875 0.12725830078125
-0.510223388671875 0.134979248046875 -0.50439453125 0.078948974609375
-0.310272216796875 0.315948486328125 -0.279220581054688 -0.0482635498046875
-0.262939453125 0.386199951171875 -0.263992309570313 -0.199066162109375
-0.054107666015625 0.47161865234375 -0.40472412109375 -0.349151611328125
0.08453369140625 0.4678955078125 -0.63299560546875 -0.51702880859375
0.241943359375 0.78936767578125 0.4097900390625 -0.235595703125
0.13519287109375 0.7012939453125 0.4234619140625 -0.213592529296875
-0.20574951171875 0.82305908203125 0.371734619140625 -0.151611328125
-0.4959716796875 0.6556396484375 0.50384521484375 0.037994384765625
-0.76519775390625 0.4041748046875 0.398406982421875 0.1845703125
-0.93719482421875 0.30462646484375 0.1793212890625 0.3179931640625
-0.945068359375 0.18994140625 -0.0842895507812501 0.3226318359375
-0.88427734375 -0.0355224609375 -0.311492919921875 0.198028564453125
-0.949951171875 0.08551025390625 -0.58306884765625 0.14337158203125
-0.87091064453125 0.148681640625 -0.6419677734375 0.0756225585937501
-0.738525390625 0.26531982421875 -0.484344482421875 0.0294189453125001
-0.4351806640625 0.514923095703125 -0.324249267578125 -0.040557861328125
-0.34698486328125 0.59710693359375 -0.33123779296875 -0.121368408203125
-0.040283203125 0.68194580078125 -0.3990478515625 -0.216705322265625
0.14019775390625 0.6455078125 -0.59906005859375 -0.33160400390625
0.24078369140625 0.82958984375 0.523223876953125 -0.00271606445312495
0.11376953125 0.73455810546875 0.50933837890625 -0.00543212890624995
-0.253173828125 0.8424072265625 0.386688232421875 -0.0508728027343749
-0.544189453125 0.655517578125 0.51812744140625 0.0521240234375
-0.81707763671875 0.39849853515625 0.4910888671875 0.084503173828125
-1.00921630859375 0.31787109375 0.396331787109375 0.158782958984375
-1.01629638671875 0.20794677734375 0.248046875 0.17840576171875
-0.97039794921875 -0.0191650390624999 0.0435867309570312 0.100898742675781
-1.07073974609375 0.1246337890625 -0.265380859375 0.03411865234375
-0.9970703125 0.22601318359375 -0.435089111328125 -0.03778076171875
-0.85552978515625 0.37744140625 -0.436676025390625 -0.0638732910156249
-0.4840087890625 0.65814208984375 -0.364532470703125 -0.03131103515625
-0.36260986328125 0.74188232421875 -0.3856201171875 -0.00512695312499994
0.00122070312500001 0.80419921875 -0.36370849609375 -0.029693603515625
0.18438720703125 0.7320556640625 -0.53607177734375 -0.0936889648437499
0.19134521484375 0.74298095703125 0.6119384765625 0.224365234375
0.06884765625 0.642822265625 0.5440673828125 0.19244384765625
-0.2724609375 0.707275390625 0.36273193359375 0.052825927734375
-0.50372314453125 0.522613525390625 0.488037109375 0.0731201171875
-0.72747802734375 0.29937744140625 0.55023193359375 0.010009765625
-0.9146728515625 0.26025390625 0.593994140625 0.01605224609375
-0.92816162109375 0.179931640625 0.56744384765625 0.0281982421875
-0.9085693359375 0.000732421875000125 0.392822265625 -0.013763427734375
-1.02130126953125 0.143798828125 0.0683822631835937 -0.112533569335938
-0.9515380859375 0.25164794921875 -0.202468872070313 -0.19708251953125
-0.8160400390625 0.40728759765625 -0.371673583984375 -0.1844482421875
-0.44342041015625 0.6688232421875 -0.385772705078125 -0.029541015625
-0.31854248046875 0.74908447265625 -0.405853271484375 0.119873046875
0.0401611328125001 0.7904052734375 -0.30047607421875 0.17681884765625
0.19146728515625 0.71337890625 -0.44989013671875 0.162689208984375
0.1136474609375 0.558319091796875 0.6680908203125 0.41253662109375
0.026397705078125 0.4654541015625 0.530364990234375 0.34454345703125
-0.24090576171875 0.479705810546875 0.307647705078125 0.133544921875
-0.3782958984375 0.32647705078125 0.424560546875 0.09027099609375
-0.5272216796875 0.16766357421875 0.570068359375 -0.0306396484375
-0.6904296875 0.16900634765625 0.74114990234375 -0.08221435546875
-0.7052001953125 0.12872314453125 0.8323974609375 -0.10040283203125
-0.70880126953125 0.0147705078125 0.68817138671875 -0.12994384765625
-0.8092041015625 0.12762451171875 0.360443115234375 -0.265838623046875
-0.74212646484375 0.21502685546875 0.00927734374999998 -0.359893798828125
-0.63482666015625 0.33038330078125 -0.30169677734375 -0.30059814453125
-0.337799072265625 0.5347900390625 -0.388275146484375 -0.0364685058593749
-0.233154296875 0.6015625 -0.400909423828125 0.22430419921875
0.05694580078125 0.63043212890625 -0.229705810546875 0.3643798828125
0.1597900390625 0.57855224609375 -0.3565673828125 0.396484375
0.03094482421875 0.30364990234375 0.69219970703125 0.53497314453125
0.01202392578125 0.249114990234375 0.487335205078125 0.430755615234375
-0.152923583984375 0.235824584960938 0.24945068359375 0.17791748046875
-0.197341918945313 0.144622802734375 0.360687255859375 0.089935302734375
-0.272857666015625 0.062713623046875 0.561492919921875 -0.044189453125
-0.389678955078125 0.086944580078125 0.8294677734375 -0.1336669921875
-0.389312744140625 0.07354736328125 1.0062255859375 -0.19451904296875
-0.401214599609375 0.0256958007812501 0.8841552734375 -0.23223876953125
-0.467071533203125 0.0837707519531249 0.55657958984375 -0.399810791015625
-0.418670654296875 0.12957763671875 0.153564453125 -0.486419677734375
-0.358123779296875 0.188507080078125 -0.24920654296875 -0.380218505859375
-0.187255859375 0.298004150390625 -0.384002685546875 -0.0410766601562499
-0.126434326171875 0.338958740234375 -0.386138916015625 0.29095458984375
0.04498291015625 0.354339599609375 -0.177978515625 0.496429443359375
0.086456298828125 0.34820556640625 -0.28509521484375 0.5675048828125
-0.0348739624023438 0.0498275756835938 0.1787109375 -0.6148681640625
0.00135612487792968 -0.0307388305664062 0.165283203125 -0.5570068359375
-0.0134353637695313 -0.0139188766479492 0.30029296875 -0.264434814453125
0.00260782241821289 0.00509357452392578 0.36859130859375 0.034271240234375
0.00434017181396485 -0.0146236419677734 0.1807861328125 0.3753662109375
0.0181922912597656 -0.0533638000488281 -0.165863037109375 0.535003662109375
0.0159492492675781 -0.0390472412109375 -0.63812255859375 0.4710693359375
0.0343093872070313 -0.0475349426269531 -0.90679931640625 0.2838134765625
0.0616722106933594 -0.0276527404785156 -1.03204345703125 0.195556640625
0.0367774963378906 -0.0270347595214844 -0.889892578125 0.110595703125
0.0489006042480469 -0.0188140869140625 -0.513427734375 0.0996704101562501
0.0492210388183594 -0.0178489685058594 -0.241928100585937 -0.0445098876953125
0.0216808319091797 -0.0155372619628906 -0.203750610351562 -0.249954223632813
0.0100631713867188 -0.0340137481689453 -0.427978515625 -0.4373779296875
-0.0111217498779297 -0.0262241363525391 -0.65960693359375 -0.6319580078125
0.09429931640625 0.36700439453125 0.21319580078125 -0.5699462890625
0.07122802734375 0.279525756835938 0.222991943359375 -0.516876220703125
-0.079833984375 0.342041015625 0.310455322265625 -0.26318359375
-0.199203491210937 0.279830932617188 0.40673828125 0.037353515625
-0.309906005859375 0.158660888671875 0.217681884765625 0.350341796875
-0.371063232421875 0.0876464843749999 -0.134368896484375 0.527496337890625
-0.386871337890625 0.0515441894531251 -0.570556640625 0.485107421875
-0.344207763671875 -0.05206298828125 -0.8297119140625 0.29705810546875
-0.335205078125 0.00283813476562506 -0.98785400390625 0.2161865234375
-0.299102783203125 0.0103149414062501 -0.8719482421875 0.1339111328125
-0.233566284179688 0.042388916015625 -0.51251220703125 0.097259521484375
-0.136299133300781 0.136459350585937 -0.24810791015625 -0.0499420166015625
-0.129684448242188 0.17706298828125 -0.214553833007812 -0.237136840820312
-0.0299072265625 0.223403930664063 -0.41021728515625 -0.42120361328125
0.0363922119140625 0.234832763671875 -0.65338134765625 -0.62054443359375
0.19384765625 0.62982177734375 0.29931640625 -0.4364013671875
0.121063232421875 0.540985107421875 0.31939697265625 -0.398162841796875
-0.14434814453125 0.64361572265625 0.34197998046875 -0.22576904296875
-0.37481689453125 0.51611328125 0.45947265625 0.036651611328125
-0.58587646484375 0.31134033203125 0.296966552734375 0.283538818359375
-0.7125244140625 0.2174072265625 -0.01251220703125 0.45330810546875
-0.728759765625 0.13275146484375 -0.375152587890625 0.431549072265625
-0.670166015625 -0.0494995117187501 -0.618896484375 0.265625
-0.69061279296875 0.0400390625000001 -0.83502197265625 0.2017822265625
-0.62005615234375 0.0678100585937499 -0.79302978515625 0.1297607421875
-0.51361083984375 0.137298583984375 -0.50799560546875 0.0789794921874999
-0.31109619140625 0.31817626953125 -0.280853271484375 -0.0492401123046874
-0.26275634765625 0.3880615234375 -0.264495849609375 -0.200912475585937
-0.05291748046875 0.473876953125 -0.40655517578125 -0.3519287109375
0.0851745605468749 0.470703125 -0.63824462890625 -0.51922607421875
0.24713134765625 0.7945556640625 0.4136962890625 -0.23626708984375
0.13616943359375 0.70556640625 0.42767333984375 -0.215850830078125
-0.203857421875 0.8311767578125 0.37548828125 -0.150238037109375
-0.49859619140625 0.66119384765625 0.506195068359375 0.036102294921875
-0.77142333984375 0.4078369140625 0.399505615234375 0.184844970703125
-0.94287109375 0.30645751953125 0.17950439453125 0.320404052734375
-0.95245361328125 0.19256591796875 -0.08380126953125 0.324432373046875
-0.8909912109375 -0.0354003906249999 -0.31219482421875 0.2003173828125
-0.95526123046875 0.0883789062499999 -0.5849609375 0.1466064453125
-0.87677001953125 0.1512451171875 -0.6453857421875 0.0786743164062499
-0.7445068359375 0.26727294921875 -0.48602294921875 0.0303955078125001
-0.438232421875 0.518646240234375 -0.32623291015625 -0.040802001953125
-0.34613037109375 0.6014404296875 -0.332000732421875 -0.12237548828125
-0.03753662109375 0.68585205078125 -0.40106201171875 -0.218505859375
0.1417236328125 0.64923095703125 -0.60223388671875 -0.3331298828125
0.24462890625 0.83294677734375 0.52642822265625 -0.00332641601562495
0.11553955078125 0.736083984375 0.51220703125 -0.00503540039062496
-0.2520751953125 0.85015869140625 0.38934326171875 -0.0494384765624999
-0.54730224609375 0.66015625 0.521453857421875 0.051300048828125
-0.823486328125 0.40240478515625 0.494384765625 0.0843505859375
-1.0155029296875 0.32177734375 0.397979736328125 0.15966796875
-1.02264404296875 0.208740234375 0.2509765625 0.17877197265625
-0.97686767578125 -0.0180053710937502 0.0449600219726562 0.101631164550781
-1.077392578125 0.1268310546875 -0.26568603515625 0.0358428955078126
-1.0015869140625 0.22857666015625 -0.43682861328125 -0.037628173828125
-0.86151123046875 0.38201904296875 -0.439483642578125 -0.0642700195312499
-0.48626708984375 0.662109375 -0.365875244140625 -0.03173828125
-0.3646240234375 0.7493896484375 -0.386322021484375 -0.00558471679687488
0.00280761718750006 0.8101806640625 -0.365631103515625 -0.03070068359375
0.184814453125 0.7379150390625 -0.540557861328125 -0.093597412109375
0.19305419921875 0.7481689453125 0.6163330078125 0.22540283203125
0.06842041015625 0.64453125 0.54827880859375 0.19317626953125
-0.2733154296875 0.7120361328125 0.365570068359375 0.055572509765625
-0.504486083984375 0.52606201171875 0.490966796875 0.07373046875
-0.73236083984375 0.30279541015625 0.553558349609375 0.00936889648437502
-0.91949462890625 0.26336669921875 0.5963134765625 0.01531982421875
-0.9337158203125 0.18316650390625 0.57305908203125 0.02801513671875
-0.9129638671875 0.0014648437499998 0.39666748046875 -0.013763427734375
-1.02777099609375 0.1448974609375 0.0698852539062499 -0.11279296875
-0.958984375 0.2559814453125 -0.202178955078125 -0.197555541992187
-0.822998046875 0.40972900390625 -0.372467041015625 -0.185394287109375
-0.4449462890625 0.67303466796875 -0.38671875 -0.028472900390625
-0.3197021484375 0.75555419921875 -0.4052734375 0.12200927734375
0.0438232421875 0.79388427734375 -0.300933837890625 0.176971435546875
0.1934814453125 0.718994140625 -0.451995849609375 0.162200927734375
0.116302490234375 0.56103515625 0.67279052734375 0.4149169921875
0.0262451171875 0.466552734375 0.53289794921875 0.345947265625
-0.24029541015625 0.48333740234375 0.31005859375 0.1375732421875
-0.380126953125 0.328216552734375 0.427398681640625 0.090911865234375
-0.529541015625 0.1685791015625 0.57366943359375 -0.02996826171875
-0.69219970703125 0.16973876953125 0.74395751953125 -0.08331298828125
-0.70953369140625 0.1312255859375 0.83514404296875 -0.10089111328125
-0.7135009765625 0.01556396484375 0.69384765625 -0.130615234375
-0.81500244140625 0.12945556640625 0.36309814453125 -0.26910400390625
-0.74658203125 0.21722412109375 0.00979614257812495 -0.361083984375
-0.64056396484375 0.33441162109375 -0.301177978515625 -0.302734375
-0.338592529296875 0.53839111328125 -0.389801025390625 -0.0356750488281249
-0.23358154296875 0.60687255859375 -0.400970458984375 0.227783203125
0.0587158203125 0.63482666015625 -0.229766845703125 0.364959716796875
0.16070556640625 0.5814208984375 -0.359375 0.396331787109375
0.031219482421875 0.305908203125 0.6981201171875 0.53741455078125
0.0117950439453125 0.249176025390625 0.4910888671875 0.43414306640625
-0.152542114257813 0.2386474609375 0.2509765625 0.18133544921875
-0.19830322265625 0.145751953125 0.362396240234375 0.090087890625
-0.275161743164063 0.06317138671875 0.5654296875 -0.04559326171875
-0.3935546875 0.087188720703125 0.8338623046875 -0.135986328125
-0.392669677734375 0.0755920410156249 1.00946044921875 -0.1981201171875
-0.40435791015625 0.026123046875 0.88714599609375 -0.2333984375
-0.4703369140625 0.086273193359375 0.55963134765625 -0.4022216796875
-0.4205322265625 0.13104248046875 0.15478515625 -0.489959716796875
-0.361114501953125 0.191070556640625 -0.248626708984375 -0.382415771484375
-0.18780517578125 0.300750732421875 -0.386322021484375 -0.04046630859375
-0.12603759765625 0.34173583984375 -0.386871337890625 0.294403076171875
0.046783447265625 0.356842041015625 -0.17645263671875 0.49822998046875
0.087005615234375 0.349517822265625 -0.28741455078125 0.5677490234375
-0.0338287353515625 0.0508651733398438 0.18017578125 -0.61785888671875
0.000957489013671872 -0.0316314697265625 0.165008544921875 -0.56097412109375
-0.0134782791137695 -0.0138368606567383 0.30279541015625 -0.266876220703125
0.00330734252929688 0.0043339729309082 0.372161865234375 0.032684326171875
0.00499153137207031 -0.0151519775390625 0.182037353515625 0.377227783203125
0.0183067321777344 -0.0530471801757813 -0.167694091796875 0.539215087890625
0.0161285400390625 -0.0387992858886719 -0.640380859375 0.47705078125
0.0348587036132813 -0.0479698181152344 -0.91162109375 0.289794921875
0.0621604919433594 -0.0284233093261719 -1.03814697265625 0.19866943359375
0.0369224548339844 -0.0270004272460938 -0.89617919921875 0.11566162109375
0.0492057800292969 -0.0192642211914063 -0.5177001953125 0.100311279296875
0.0492515563964844 -0.0184402465820313 -0.243408203125 -0.045257568359375
0.0220184326171875 -0.0153255462646484 -0.206527709960938 -0.253097534179688
0.010284423828125 -0.0337791442871094 -0.432525634765625 -0.438751220703125
-0.0110454559326172 -0.0257167816162109 -0.663330078125 -0.63616943359375
0.0979614257812501 0.369781494140625 0.2135009765625 -0.57293701171875
0.07171630859375 0.281112670898438 0.223114013671875 -0.521484375
-0.078704833984375 0.345489501953125 0.313720703125 -0.2662353515625
-0.19915771484375 0.28240966796875 0.409942626953125 0.035369873046875
-0.311798095703125 0.1602783203125 0.219818115234375 0.351715087890625
-0.373687744140625 0.0898742675781249 -0.13421630859375 0.531097412109375
-0.389434814453125 0.05401611328125 -0.57269287109375 0.49053955078125
-0.34619140625 -0.0515441894531249 -0.8323974609375 0.3009033203125
-0.337310791015625 0.00387573242187506 -0.99365234375 0.22100830078125
-0.301300048828125 0.011138916015625 -0.876708984375 0.1385498046875
-0.23590087890625 0.0433349609375 -0.515899658203125 0.09893798828125
-0.136581420898438 0.13690185546875 -0.249481201171875 -0.0509490966796875
-0.129150390625 0.179183959960937 -0.2166748046875 -0.23968505859375
-0.028900146484375 0.224746704101563 -0.41448974609375 -0.4224853515625
0.037384033203125 0.237152099609375 -0.66094970703125 -0.6224365234375
0.1966552734375 0.634521484375 0.302581787109375 -0.438446044921875
0.1234130859375 0.54547119140625 0.3216552734375 -0.401947021484375
-0.1417236328125 0.64996337890625 0.343719482421875 -0.22613525390625
-0.376220703125 0.522857666015625 0.4632568359375 0.034149169921875
-0.59100341796875 0.31488037109375 0.29864501953125 0.284454345703125
-0.7166748046875 0.220703125 -0.0129089355468751 0.45709228515625
-0.73455810546875 0.13671875 -0.37579345703125 0.436767578125
-0.6748046875 -0.0481567382812499 -0.62261962890625 0.2691650390625
-0.69708251953125 0.0426635742187499 -0.84185791015625 0.20635986328125
-0.625 0.0700683593750001 -0.79730224609375 0.13287353515625
-0.518768310546875 0.138427734375 -0.51104736328125 0.0794372558593751
-0.3114013671875 0.321441650390625 -0.28326416015625 -0.050201416015625
-0.262969970703125 0.392730712890625 -0.265716552734375 -0.201950073242188
-0.05133056640625 0.476898193359375 -0.410064697265625 -0.35418701171875
0.08782958984375 0.4744873046875 -0.64312744140625 -0.52288818359375
0.250244140625 0.799072265625 0.41729736328125 -0.237518310546875
0.13873291015625 0.7091064453125 0.429473876953125 -0.21795654296875
-0.2012939453125 0.8370361328125 0.3780517578125 -0.15087890625
-0.49835205078125 0.667724609375 0.510406494140625 0.036407470703125
-0.775146484375 0.41070556640625 0.40277099609375 0.185577392578125
-0.95001220703125 0.31072998046875 0.179962158203125 0.32318115234375
-0.960693359375 0.197509765625 -0.0823974609375 0.32781982421875
-0.8978271484375 -0.0332031249999998 -0.312347412109375 0.2025146484375
-0.9630126953125 0.0916748046875002 -0.589111328125 0.14947509765625
-0.8836669921875 0.15533447265625 -0.64776611328125 0.0812377929687501
-0.7503662109375 0.2716064453125 -0.489471435546875 0.0305786132812499
-0.439208984375 0.52276611328125 -0.32891845703125 -0.04010009765625
-0.3470458984375 0.60723876953125 -0.333404541015625 -0.122161865234375
-0.0340576171874999 0.690673828125 -0.40374755859375 -0.22039794921875
0.14312744140625 0.6553955078125 -0.608642578125 -0.33514404296875
0.2503662109375 0.83837890625 0.53179931640625 -0.00463867187499995
0.11651611328125 0.7412109375 0.5159912109375 -0.00680541992187495
-0.25030517578125 0.85772705078125 0.3935546875 -0.04827880859375
-0.5484619140625 0.66839599609375 0.524658203125 0.050994873046875
-0.830078125 0.40509033203125 0.497100830078125 0.0839233398437501
-1.02227783203125 0.32611083984375 0.40020751953125 0.159454345703125
-1.03173828125 0.21343994140625 0.253860473632812 0.179916381835938
-0.98541259765625 -0.0161132812499998 0.0465850830078124 0.102691650390625
-1.08489990234375 0.13372802734375 -0.266738891601563 0.0381011962890625
-1.01153564453125 0.2333984375 -0.438232421875 -0.036041259765625
-0.86846923828125 0.3868408203125 -0.44244384765625 -0.0643920898437499
-0.487548828125 0.668212890625 -0.368377685546875 -0.0321350097656249
-0.36328125 0.75579833984375 -0.386199951171875 -0.00445556640625001
0.00610351562499997 0.81634521484375 -0.367401123046875 -0.0308227539062499
0.18939208984375 0.7431640625 -0.543853759765625 -0.0934448242187499
0.1971435546875 0.75244140625 0.62408447265625 0.22576904296875
0.07025146484375 0.64788818359375 0.5540771484375 0.194183349609375
-0.26947021484375 0.718994140625 0.370208740234375 0.058624267578125
-0.506622314453125 0.5302734375 0.494903564453125 0.072662353515625
-0.737060546875 0.30352783203125 0.5579833984375 0.00775146484375002
-0.92510986328125 0.26617431640625 0.59942626953125 0.0150146484375
-0.94232177734375 0.18988037109375 0.5767822265625 0.02655029296875
-0.92144775390625 0.00256347656250006 0.40106201171875 -0.01519775390625
-1.03631591796875 0.1494140625 0.0712738037109374 -0.113037109375
-0.9639892578125 0.26007080078125 -0.201705932617188 -0.198562622070312
-0.82843017578125 0.41607666015625 -0.37469482421875 -0.18670654296875
-0.44720458984375 0.68121337890625 -0.38909912109375 -0.0292968749999999
-0.31768798828125 0.762939453125 -0.40673828125 0.12371826171875
0.0469970703125 0.8001708984375 -0.301788330078125 0.1778564453125
0.19537353515625 0.72247314453125 -0.45599365234375 0.164306640625
0.11737060546875 0.5648193359375 0.68023681640625 0.416259765625
0.026641845703125 0.467681884765625 0.53692626953125 0.3482666015625
-0.24078369140625 0.488616943359375 0.31317138671875 0.1405029296875
-0.381103515625 0.33099365234375 0.43048095703125 0.089935302734375
-0.5343017578125 0.169830322265625 0.57769775390625 -0.031005859375
-0.69903564453125 0.173095703125 0.747802734375 -0.085205078125
-0.71539306640625 0.134765625 0.84027099609375 -0.10595703125
-0.7186279296875 0.0175170898437499 0.697998046875 -0.13311767578125
-0.82196044921875 0.1336669921875 0.3663330078125 -0.2705078125
-0.7518310546875 0.2200927734375 0.0105285644531249 -0.36474609375
-0.6451416015625 0.33990478515625 -0.303741455078125 -0.304534912109375
-0.3406982421875 0.54559326171875 -0.392669677734375 -0.0338745117187499
-0.234619140625 0.61248779296875 -0.401275634765625 0.2315673828125
0.06182861328125 0.639404296875 -0.22802734375 0.36688232421875
0.16424560546875 0.58477783203125 -0.3619384765625 0.399444580078125
0.03240966796875 0.30828857421875 0.704345703125 0.541015625
0.011810302734375 0.250045776367187 0.494384765625 0.43670654296875
-0.1527099609375 0.241928100585937 0.253036499023438 0.184173583984375
-0.199630737304688 0.146881103515625 0.364837646484375 0.09271240234375
-0.27752685546875 0.0626220703125 0.56768798828125 -0.04730224609375
-0.395538330078125 0.08953857421875 0.8380126953125 -0.13848876953125
-0.39569091796875 0.0772094726562499 1.020751953125 -0.20281982421875
-0.407073974609375 0.02813720703125 0.893798828125 -0.23895263671875
-0.47393798828125 0.0886840820312501 0.56414794921875 -0.4072265625
-0.42291259765625 0.13226318359375 0.155731201171875 -0.4945068359375
-0.363677978515625 0.194183349609375 -0.249542236328125 -0.384918212890625
-0.188629150390625 0.3046875 -0.38861083984375 -0.0389404296875
-0.126739501953125 0.34478759765625 -0.386016845703125 0.297576904296875
0.04876708984375 0.358917236328125 -0.176300048828125 0.50091552734375
0.089508056640625 0.3521728515625 -0.28851318359375 0.5714111328125
-0.0322494506835938 0.0517387390136719 0.18011474609375 -0.62255859375
0.000261306762695311 -0.0323944091796875 0.1622314453125 -0.56561279296875
-0.0138578414916992 -0.0137557983398437 0.304290771484375 -0.270965576171875
0.0040733814239502 0.00433540344238281 0.373931884765625 0.0303955078125
0.00568675994873047 -0.0153665542602539 0.1837158203125 0.3802490234375
0.018524169921875 -0.0530738830566406 -0.168426513671875 0.542572021484375
0.0166893005371094 -0.0389404296875 -0.64385986328125 0.48553466796875
0.0349464416503906 -0.0481109619140625 -0.91693115234375 0.29583740234375
0.0625572204589844 -0.0289802551269531 -1.04583740234375 0.20709228515625
0.0374717712402344 -0.0268707275390625 -0.90313720703125 0.1204833984375
0.0483245849609375 -0.0194587707519531 -0.521392822265625 0.103057861328125
0.0493354797363281 -0.018798828125 -0.246124267578125 -0.046142578125
0.0221080780029297 -0.0155582427978516 -0.20867919921875 -0.255401611328125
0.0107097625732422 -0.0342006683349609 -0.438201904296875 -0.4423828125
-0.0111923217773438 -0.0255985260009766 -0.67242431640625 -0.63775634765625
0.10113525390625 0.373443603515625 0.21490478515625 -0.57672119140625
0.07275390625 0.2816162109375 0.22222900390625 -0.52642822265625
-0.07806396484375 0.3486328125 0.31561279296875 -0.269989013671875
-0.1983642578125 0.285491943359375 0.41204833984375 0.033294677734375
-0.314697265625 0.163177490234375 0.222442626953125 0.353546142578125
-0.37646484375 0.093109130859375 -0.13360595703125 0.5372314453125
-0.392578125 0.056488037109375 -0.57427978515625 0.496826171875
-0.35009765625 -0.050079345703125 -0.83697509765625 0.306640625
-0.339996337890625 0.00546264648437505 -0.999755859375 0.22998046875
-0.3040771484375 0.013580322265625 -0.88311767578125 0.1429443359375
-0.238540649414063 0.0446929931640625 -0.52008056640625 0.101531982421875
-0.137458801269531 0.138160705566406 -0.25238037109375 -0.05145263671875
-0.129196166992188 0.181137084960938 -0.218536376953125 -0.241607666015625
-0.0272216796875 0.226516723632812 -0.418548583984375 -0.426025390625
0.03875732421875 0.239028930664062 -0.66680908203125 -0.62518310546875
0.20233154296875 0.63836669921875 0.30560302734375 -0.442596435546875
0.1253662109375 0.546966552734375 0.322662353515625 -0.406890869140625
-0.13909912109375 0.65777587890625 0.347137451171875 -0.23016357421875
-0.3759765625 0.527008056640625 0.46710205078125 0.032012939453125
-0.59478759765625 0.31982421875 0.301483154296875 0.2847900390625
-0.72296142578125 0.225830078125 -0.012359619140625 0.460479736328125
-0.73992919921875 0.142578125 -0.3773193359375 0.442901611328125
-0.6806640625 -0.0458984375 -0.62493896484375 0.274658203125
-0.70343017578125 0.04827880859375 -0.8465576171875 0.21282958984375
-0.62957763671875 0.0745849609374999 -0.80291748046875 0.139404296875
-0.522796630859375 0.14215087890625 -0.515167236328125 0.0822143554687501
-0.313720703125 0.324554443359375 -0.285675048828125 -0.05029296875
-0.262725830078125 0.39581298828125 -0.267822265625 -0.20318603515625
-0.04754638671875 0.4796142578125 -0.416015625 -0.356719970703125
0.089569091796875 0.4794921875 -0.65081787109375 -0.5224609375
0.25738525390625 0.80511474609375 0.422607421875 -0.241119384765625
0.1431884765625 0.713623046875 0.4337158203125 -0.222412109375
-0.19866943359375 0.84613037109375 0.382293701171875 -0.152679443359375
-0.49993896484375 0.676513671875 0.515869140625 0.032379150390625
-0.7811279296875 0.41845703125 0.40570068359375 0.185028076171875
-0.95599365234375 0.319580078125 0.181732177734375 0.325408935546875
-0.96807861328125 0.203857421875 -0.0805969238281251 0.33123779296875
-0.90533447265625 -0.0306396484374998 -0.313079833984375 0.205413818359375
-0.97137451171875 0.0975341796874998 -0.5921630859375 0.15380859375
-0.890380859375 0.16180419921875 -0.6529541015625 0.087646484375
-0.75811767578125 0.27825927734375 -0.491546630859375 0.03173828125
-0.4403076171875 0.5289306640625 -0.33111572265625 -0.0402526855468749
-0.34649658203125 0.61383056640625 -0.33575439453125 -0.123443603515625
-0.031494140625 0.6956787109375 -0.40704345703125 -0.221435546875
0.14642333984375 0.65985107421875 -0.61541748046875 -0.33587646484375
0.25616455078125 0.84454345703125 0.537689208984375 -0.00491333007812495
0.1190185546875 0.7459716796875 0.520477294921875 -0.00958251953124996
-0.24725341796875 0.8663330078125 0.3975830078125 -0.0480957031249999
-0.54986572265625 0.6763916015625 0.530853271484375 0.048065185546875
-0.83575439453125 0.4117431640625 0.5025634765625 0.081878662109375
-1.029541015625 0.33245849609375 0.403564453125 0.160919189453125
-1.0391845703125 0.22235107421875 0.258041381835937 0.180679321289063
-0.992919921875 -0.0111694335937502 0.0488052368164062 0.102981567382813
-1.094970703125 0.14154052734375 -0.267562866210938 0.0404510498046875
-1.01788330078125 0.23858642578125 -0.44134521484375 -0.033905029296875
-0.87548828125 0.39312744140625 -0.44586181640625 -0.0638122558593749
-0.48931884765625 0.6776123046875 -0.37103271484375 -0.029632568359375
-0.3626708984375 0.763671875 -0.386688232421875 -0.00231933593749993
0.01153564453125 0.8228759765625 -0.370025634765625 -0.029998779296875
0.19195556640625 0.74951171875 -0.549957275390625 -0.0926818847656249
0.20233154296875 0.75677490234375 0.62994384765625 0.2266845703125
0.0718994140625 0.65234375 0.559478759765625 0.192718505859375
-0.2684326171875 0.72723388671875 0.373138427734375 0.059814453125
-0.507598876953125 0.536773681640625 0.4991455078125 0.072174072265625
-0.74359130859375 0.30999755859375 0.561981201171875 0.00592041015625002
-0.9322509765625 0.273681640625 0.6025390625 0.01336669921875
-0.94921875 0.1953125 0.58270263671875 0.02490234375
-0.9302978515625 0.00622558593749991 0.40386962890625 -0.016357421875
-1.04498291015625 0.156982421875 0.0726776123046874 -0.113861083984375
-0.9718017578125 0.26678466796875 -0.2027587890625 -0.198104858398437
-0.835693359375 0.4234619140625 -0.377655029296875 -0.187286376953125
-0.44781494140625 0.68798828125 -0.39239501953125 -0.0274963378906249
-0.3173828125 0.7713623046875 -0.4073486328125 0.12835693359375
0.0514526367187501 0.806640625 -0.3037109375 0.179229736328125
0.19952392578125 0.728271484375 -0.460357666015625 0.165374755859375
0.121337890625 0.56903076171875 0.68853759765625 0.41796875
0.028594970703125 0.4700927734375 0.543365478515625 0.34954833984375
-0.23974609375 0.4945068359375 0.31683349609375 0.142608642578125
-0.3819580078125 0.33502197265625 0.4354248046875 0.0919189453125
-0.53887939453125 0.172332763671875 0.58148193359375 -0.0330810546875
-0.70318603515625 0.1773681640625 0.753173828125 -0.08837890625
-0.7218017578125 0.13970947265625 0.849365234375 -0.10858154296875
-0.7259521484375 0.0200195312500001 0.70306396484375 -0.13836669921875
-0.82781982421875 0.1402587890625 0.3695068359375 -0.276214599609375
-0.75921630859375 0.2279052734375 0.01129150390625 -0.36737060546875
-0.65118408203125 0.346435546875 -0.306060791015625 -0.30596923828125
-0.339447021484375 0.550201416015625 -0.395904541015625 -0.0331726074218749
-0.2320556640625 0.6204833984375 -0.40142822265625 0.23516845703125
0.066650390625 0.64306640625 -0.228485107421875 0.368988037109375
0.1669921875 0.58990478515625 -0.36492919921875 0.402496337890625
0.033050537109375 0.310516357421875 0.7122802734375 0.5419921875
0.0126190185546875 0.250411987304687 0.500335693359375 0.43792724609375
-0.15240478515625 0.2457275390625 0.255584716796875 0.187896728515625
-0.199981689453125 0.1484375 0.369232177734375 0.092132568359375
-0.280776977539063 0.06365966796875 0.57342529296875 -0.04931640625
-0.397735595703125 0.0926818847656249 0.8446044921875 -0.142822265625
-0.39813232421875 0.0806884765625001 1.0234375 -0.20965576171875
-0.41009521484375 0.02978515625 0.90032958984375 -0.24420166015625
-0.477508544921875 0.0907897949218749 0.5687255859375 -0.41461181640625
-0.42730712890625 0.13604736328125 0.157867431640625 -0.500030517578125
-0.36669921875 0.1978759765625 -0.252777099609375 -0.389129638671875
-0.189178466796875 0.307373046875 -0.39263916015625 -0.03765869140625
-0.12652587890625 0.34930419921875 -0.3870849609375 0.303070068359375
0.0513916015625 0.361297607421875 -0.1751708984375 0.5052490234375
0.09136962890625 0.354705810546875 -0.29010009765625 0.57623291015625
-0.0312614440917969 0.0530586242675781 0.17864990234375 -0.62860107421875
-0.000743865966796876 -0.0331687927246094 0.16107177734375 -0.572021484375
-0.0143861770629883 -0.0138826370239258 0.306610107421875 -0.276519775390625
0.00491762161254883 0.00358009338378906 0.376708984375 0.027984619140625
0.00616931915283203 -0.0157346725463867 0.186767578125 0.382080078125
0.0187492370605469 -0.05303955078125 -0.1676025390625 0.549468994140625
0.0167160034179688 -0.0394859313964844 -0.64703369140625 0.4927978515625
0.035125732421875 -0.0483551025390625 -0.9224853515625 0.30255126953125
0.0625534057617188 -0.0298233032226563 -1.053466796875 0.2154541015625
0.0376472473144531 -0.0266380310058594 -0.91070556640625 0.12701416015625
0.0476608276367188 -0.0200996398925781 -0.5269775390625 0.1063232421875
0.0493354797363281 -0.0197639465332031 -0.249267578125 -0.04693603515625
0.0225334167480469 -0.0158367156982422 -0.212265014648438 -0.2586669921875
0.0108356475830078 -0.0346317291259766 -0.4451904296875 -0.443450927734375
-0.0107688903808594 -0.0250415802001953 -0.67974853515625 -0.6395263671875
0.105865478515625 0.376953125 0.21624755859375 -0.58221435546875
0.074462890625 0.28387451171875 0.2215576171875 -0.53326416015625
-0.076751708984375 0.353179931640625 0.318450927734375 -0.273345947265625
-0.198333740234375 0.290069580078125 0.416656494140625 0.03106689453125
-0.31640625 0.165679931640625 0.225128173828125 0.355377197265625
-0.38018798828125 0.096343994140625 -0.134368896484375 0.54217529296875
-0.39678955078125 0.059661865234375 -0.57659912109375 0.50653076171875
-0.35284423828125 -0.04840087890625 -0.84124755859375 0.31475830078125
-0.343505859375 0.00805664062500004 -1.00726318359375 0.2381591796875
-0.306365966796875 0.015045166015625 -0.8909912109375 0.1514892578125
-0.241806030273438 0.0464019775390625 -0.5260009765625 0.10357666015625
-0.138076782226562 0.14019775390625 -0.2547607421875 -0.0518798828125
-0.129165649414063 0.183349609375 -0.221023559570313 -0.244674682617188
-0.0255889892578125 0.228012084960937 -0.425994873046875 -0.427734375
0.0400390625 0.242355346679688 -0.67694091796875 -0.62786865234375
0.209228515625 0.64422607421875 0.305328369140625 -0.4478759765625
0.1297607421875 0.551544189453125 0.322845458984375 -0.412353515625
-0.13592529296875 0.664794921875 0.34912109375 -0.233306884765625
-0.376251220703125 0.53564453125 0.4720458984375 0.028656005859375
-0.599365234375 0.32513427734375 0.3052978515625 0.285308837890625
-0.72857666015625 0.23175048828125 -0.011199951171875 0.465362548828125
-0.74774169921875 0.14776611328125 -0.376922607421875 0.449432373046875
-0.6864013671875 -0.04339599609375 -0.62591552734375 0.2796630859375
-0.7099609375 0.05255126953125 -0.85150146484375 0.21929931640625
-0.63677978515625 0.0792236328125 -0.80938720703125 0.14520263671875
-0.528594970703125 0.145721435546875 -0.519683837890625 0.085205078125
-0.31439208984375 0.3280029296875 -0.288818359375 -0.050048828125
-0.261505126953125 0.401580810546875 -0.270050048828125 -0.20367431640625
-0.044921875 0.484832763671875 -0.4208984375 -0.35833740234375
0.09259033203125 0.48419189453125 -0.6597900390625 -0.52398681640625
0.2645263671875 0.81182861328125 0.42547607421875 -0.244354248046875
0.14801025390625 0.71722412109375 0.43634033203125 -0.227264404296875
-0.192626953125 0.85552978515625 0.386505126953125 -0.15496826171875
-0.50048828125 0.6854248046875 0.5203857421875 0.030670166015625
-0.7890625 0.4266357421875 0.410888671875 0.183685302734375
-0.96527099609375 0.32794189453125 0.1845703125 0.328582763671875
-0.9786376953125 0.21075439453125 -0.0786743164062501 0.3343505859375
-0.91497802734375 -0.0268554687499999 -0.31207275390625 0.2066650390625
-0.98040771484375 0.10595703125 -0.5960693359375 0.15948486328125
-0.89739990234375 0.16827392578125 -0.657470703125 0.0913085937499999
-0.76373291015625 0.28369140625 -0.49700927734375 0.0343017578125
-0.441375732421875 0.535003662109375 -0.334686279296875 -0.03997802734375
-0.3443603515625 0.62274169921875 -0.3367919921875 -0.122528076171875
-0.0252075195312501 0.702880859375 -0.411773681640625 -0.2215576171875
0.1514892578125 0.6658935546875 -0.62451171875 -0.33489990234375
0.26434326171875 0.85107421875 0.544036865234375 -0.00659179687499995
0.12347412109375 0.7491455078125 0.52630615234375 -0.011962890625
-0.24249267578125 0.878173828125 0.402008056640625 -0.0491333007812499
-0.55084228515625 0.6846923828125 0.53558349609375 0.045440673828125
-0.84326171875 0.421142578125 0.505950927734375 0.080078125
-1.03936767578125 0.3438720703125 0.40673828125 0.161865234375
-1.0496826171875 0.229736328125 0.263275146484375 0.181137084960938
-1.00439453125 -0.00872802734374988 0.0512542724609374 0.103561401367188
-1.1063232421875 0.1492919921875 -0.26885986328125 0.0425567626953125
-1.0291748046875 0.248046875 -0.443511962890625 -0.030303955078125
-0.8824462890625 0.4014892578125 -0.44989013671875 -0.06298828125
-0.4888916015625 0.68505859375 -0.374267578125 -0.0281066894531249
-0.36004638671875 0.77508544921875 -0.388397216796875 -0.000518798828124968
0.01751708984375 0.82904052734375 -0.37225341796875 -0.030242919921875
0.19757080078125 0.7559814453125 -0.55609130859375 -0.0915527343749999
0.20855712890625 0.76287841796875 0.638427734375 0.22552490234375
0.07525634765625 0.65576171875 0.56719970703125 0.1912841796875
-0.2659912109375 0.73834228515625 0.379119873046875 0.060089111328125
-0.50909423828125 0.542755126953125 0.50445556640625 0.0694580078125
-0.750244140625 0.31451416015625 0.5682373046875 0.00305175781250002
-0.941162109375 0.28082275390625 0.60650634765625 0.01153564453125
-0.957763671875 0.20172119140625 0.58880615234375 0.02191162109375
-0.93878173828125 0.0105590820312502 0.409759521484375 -0.019561767578125
-1.0546875 0.16741943359375 0.0740280151367187 -0.114418029785156
-0.980224609375 0.27557373046875 -0.203659057617188 -0.198699951171875
-0.84393310546875 0.43365478515625 -0.38189697265625 -0.188323974609375
-0.4476318359375 0.697265625 -0.395355224609375 -0.025177001953125
-0.31463623046875 0.7808837890625 -0.4073486328125 0.13128662109375
0.0565185546874999 0.81402587890625 -0.304229736328125 0.180572509765625
0.2059326171875 0.73486328125 -0.4652099609375 0.168548583984375
0.124755859375 0.57366943359375 0.69927978515625 0.4178466796875
0.030548095703125 0.473052978515625 0.551544189453125 0.34967041015625
-0.237457275390625 0.50244140625 0.32098388671875 0.144744873046875
-0.383453369140625 0.34002685546875 0.439788818359375 0.088836669921875
-0.54443359375 0.175628662109375 0.58697509765625 -0.03729248046875
-0.70916748046875 0.18182373046875 0.7572021484375 -0.09259033203125
-0.72686767578125 0.14532470703125 0.8564453125 -0.11578369140625
-0.73211669921875 0.02294921875 0.71002197265625 -0.14202880859375
-0.8359375 0.145263671875 0.373291015625 -0.27911376953125
-0.76605224609375 0.2327880859375 0.011993408203125 -0.370391845703125
-0.655517578125 0.3536376953125 -0.309783935546875 -0.30841064453125
-0.34136962890625 0.55816650390625 -0.3983154296875 -0.0306396484375
-0.23065185546875 0.628662109375 -0.40093994140625 0.24188232421875
0.07110595703125 0.64892578125 -0.227264404296875 0.37237548828125
0.17181396484375 0.5946044921875 -0.367828369140625 0.406005859375
0.034515380859375 0.313934326171875 0.72296142578125 0.54351806640625
0.0125274658203125 0.252212524414063 0.50738525390625 0.438629150390625
-0.151702880859375 0.2496337890625 0.258819580078125 0.191192626953125
-0.201461791992188 0.150314331054688 0.37371826171875 0.089996337890625
-0.2833251953125 0.064910888671875 0.5789794921875 -0.05340576171875
-0.4019775390625 0.0953674316406251 0.8492431640625 -0.14788818359375
-0.401641845703125 0.0855102539062501 1.031982421875 -0.2177734375
-0.414337158203125 0.03326416015625 0.90753173828125 -0.25042724609375
-0.482269287109375 0.0962524414062501 0.5731201171875 -0.4217529296875
-0.430908203125 0.14031982421875 0.1591796875 -0.507568359375
-0.369049072265625 0.202423095703125 -0.256256103515625 -0.39044189453125
-0.1890869140625 0.312164306640625 -0.39544677734375 -0.03411865234375
-0.125518798828125 0.354095458984375 -0.387359619140625 0.309539794921875
0.053619384765625 0.36407470703125 -0.17352294921875 0.508697509765625
0.0941162109375 0.356903076171875 -0.29205322265625 0.5814208984375
-0.0298042297363281 0.0540847778320313 0.17657470703125 -0.63482666015625
-0.00133514404296875 -0.0340938568115234 0.15692138671875 -0.57818603515625
-0.0143003463745117 -0.0138435363769531 0.30755615234375 -0.282867431640625
0.00572872161865234 0.00297355651855469 0.380401611328125 0.024810791015625
0.00656318664550781 -0.016240119934082 0.191009521484375 0.383392333984375
0.0185813903808594 -0.0529632568359375 -0.165740966796875 0.55657958984375
0.0171699523925781 -0.0404243469238281 -0.64752197265625 0.5028076171875
0.0354385375976563 -0.0489349365234375 -0.9259033203125 0.315673828125
0.0633430480957031 -0.03070068359375 -1.0618896484375 0.2279052734375
0.0382232666015625 -0.0267219543457031 -0.91876220703125 0.13958740234375
0.0471458435058594 -0.0207138061523438 -0.5330810546875 0.1116943359375
0.0494499206542969 -0.020355224609375 -0.251541137695312 -0.0466156005859375
0.0224266052246094 -0.0157737731933594 -0.2161865234375 -0.260223388671875
0.010650634765625 -0.0346755981445313 -0.4541015625 -0.443115234375
-0.0107994079589844 -0.0245685577392578 -0.691650390625 -0.6405029296875
0.111968994140625 0.37933349609375 0.21453857421875 -0.5889892578125
0.075897216796875 0.285186767578125 0.218292236328125 -0.540069580078125
-0.073516845703125 0.35723876953125 0.3193359375 -0.280517578125
-0.197357177734375 0.293731689453125 0.420196533203125 0.02716064453125
-0.31768798828125 0.170654296875 0.2293701171875 0.3560791015625
-0.382965087890625 0.1007080078125 -0.132415771484375 0.548065185546875
-0.400482177734375 0.063629150390625 -0.5787353515625 0.51702880859375
-0.357269287109375 -0.0465087890625 -0.84503173828125 0.32476806640625
-0.3466796875 0.011566162109375 -1.01483154296875 0.2491455078125
-0.309600830078125 0.0186767578125 -0.897705078125 0.16156005859375
-0.244857788085938 0.0483856201171875 -0.5301513671875 0.108795166015625
-0.138015747070313 0.14190673828125 -0.258010864257813 -0.0520172119140625
-0.127685546875 0.18585205078125 -0.2247314453125 -0.245773315429687
-0.0238494873046875 0.23004150390625 -0.431976318359375 -0.4290771484375
0.0424957275390625 0.244232177734375 -0.68597412109375 -0.62811279296875
0.218994140625 0.6475830078125 0.307342529296875 -0.453826904296875
0.1353759765625 0.55450439453125 0.323211669921875 -0.419586181640625
-0.130615234375 0.67431640625 0.352569580078125 -0.238433837890625
-0.375701904296875 0.5418701171875 0.47589111328125 0.02490234375
-0.60345458984375 0.33404541015625 0.309326171875 0.283966064453125
-0.7371826171875 0.24224853515625 -0.00857543945312508 0.47052001953125
-0.75335693359375 0.1556396484375 -0.376190185546875 0.456878662109375
-0.6944580078125 -0.03753662109375 -0.62933349609375 0.28790283203125
-0.71575927734375 0.0593872070312499 -0.85784912109375 0.2318115234375
-0.64093017578125 0.0858154296875001 -0.8153076171875 0.15460205078125
-0.5328369140625 0.1517333984375 -0.52471923828125 0.08905029296875
-0.314056396484375 0.3338623046875 -0.291259765625 -0.049957275390625
-0.260040283203125 0.407562255859375 -0.272796630859375 -0.20477294921875
-0.039031982421875 0.4888916015625 -0.4263916015625 -0.35986328125
0.097412109375 0.48736572265625 -0.670654296875 -0.52398681640625
0.276123046875 0.81634521484375 0.4287109375 -0.249908447265625
0.1546630859375 0.72137451171875 0.439117431640625 -0.232147216796875
-0.188720703125 0.86663818359375 0.388458251953125 -0.15789794921875
-0.5001220703125 0.69415283203125 0.52508544921875 0.0255126953125
-0.79449462890625 0.43511962890625 0.41473388671875 0.18231201171875
-0.97308349609375 0.33856201171875 0.188873291015625 0.331573486328125
-0.9853515625 0.22314453125 -0.0754394531250001 0.338775634765625
-0.92425537109375 -0.0200805664062501 -0.313323974609375 0.213836669921875
-0.9898681640625 0.1160888671875 -0.5987548828125 0.1671142578125
-0.90582275390625 0.1763916015625 -0.6619873046875 0.0986938476562499
-0.771484375 0.29254150390625 -0.50213623046875 0.036590576171875
-0.43963623046875 0.543487548828125 -0.337646484375 -0.03778076171875
-0.341552734375 0.6317138671875 -0.338775634765625 -0.120758056640625
-0.019775390625 0.70819091796875 -0.4169921875 -0.22149658203125
0.1575927734375 0.67236328125 -0.6329345703125 -0.33612060546875
0.27490234375 0.855712890625 0.550445556640625 -0.0107727050781249
0.13006591796875 0.7535400390625 0.53265380859375 -0.01788330078125
-0.23663330078125 0.88665771484375 0.40618896484375 -0.0516967773437499
-0.5506591796875 0.69488525390625 0.5408935546875 0.0426025390625
-0.848876953125 0.43145751953125 0.511322021484375 0.075927734375
-1.0458984375 0.351806640625 0.409881591796875 0.1610107421875
-1.056640625 0.2421875 0.267440795898437 0.180557250976563
-1.01239013671875 0.00170898437499979 0.0536651611328124 0.103729248046875
-1.115966796875 0.15972900390625 -0.27020263671875 0.046173095703125
-1.037353515625 0.2586669921875 -0.446075439453125 -0.0271301269531249
-0.8907470703125 0.413818359375 -0.45379638671875 -0.0604248046875
-0.4876708984375 0.69384765625 -0.377471923828125 -0.027008056640625
-0.3565673828125 0.78472900390625 -0.3890380859375 0.00387573242187502
0.0267333984375001 0.83636474609375 -0.37579345703125 -0.0295715332031249
0.20257568359375 0.762939453125 -0.5638427734375 -0.0899047851562501
0.2174072265625 0.76837158203125 0.647216796875 0.22235107421875
0.0806884765624999 0.65936279296875 0.572998046875 0.1888427734375
-0.25946044921875 0.7454833984375 0.383148193359375 0.060791015625
-0.510040283203125 0.552520751953125 0.51123046875 0.06646728515625
-0.7542724609375 0.32220458984375 0.5732421875 -0.00152587890624998
-0.946044921875 0.2896728515625 0.612548828125 0.00769042968750002
-0.96484375 0.21270751953125 0.595458984375 0.01702880859375
-0.947265625 0.0174560546874998 0.413482666015625 -0.022430419921875
-1.06329345703125 0.17755126953125 0.0746765136718749 -0.116386413574219
-0.99072265625 0.28594970703125 -0.205703735351563 -0.198944091796875
-0.84930419921875 0.44488525390625 -0.38543701171875 -0.18646240234375
-0.44677734375 0.7076416015625 -0.398651123046875 -0.022705078125
-0.3115234375 0.7908935546875 -0.4072265625 0.136444091796875
0.0654907226562499 0.82122802734375 -0.30401611328125 0.183013916015625
0.21185302734375 0.74078369140625 -0.46923828125 0.172454833984375
0.13043212890625 0.577392578125 0.7088623046875 0.41546630859375
0.033843994140625 0.476470947265625 0.5604248046875 0.347625732421875
-0.23468017578125 0.508941650390625 0.325225830078125 0.145721435546875
-0.385009765625 0.344390869140625 0.4449462890625 0.087371826171875
-0.54864501953125 0.181732177734375 0.59222412109375 -0.041748046875
-0.71514892578125 0.19000244140625 0.762939453125 -0.0980224609375
-0.73431396484375 0.154296875 0.8638916015625 -0.12518310546875
-0.73980712890625 0.0294799804687499 0.71478271484375 -0.149658203125
-0.84246826171875 0.15509033203125 0.3758544921875 -0.286285400390625
-0.77117919921875 0.24078369140625 0.011077880859375 -0.374420166015625
-0.66046142578125 0.36309814453125 -0.31439208984375 -0.3087158203125
-0.33941650390625 0.56793212890625 -0.4027099609375 -0.028472900390625
-0.227294921875 0.6375732421875 -0.4002685546875 0.248016357421875
0.0772094726562499 0.6539306640625 -0.22528076171875 0.376251220703125
0.17681884765625 0.5992431640625 -0.37103271484375 0.412109375
0.037506103515625 0.316680908203125 0.7327880859375 0.5408935546875
0.0139617919921875 0.252700805664063 0.515472412109375 0.438507080078125
-0.150405883789062 0.254592895507813 0.263717651367188 0.192794799804688
-0.201934814453125 0.153564453125 0.376922607421875 0.088958740234375
-0.2860107421875 0.066558837890625 0.58294677734375 -0.0570068359375
-0.4049072265625 0.0983276367187501 0.85498046875 -0.15576171875
-0.406158447265625 0.0892639160156249 1.0394287109375 -0.228515625
-0.418060302734375 0.03594970703125 0.913330078125 -0.26055908203125
-0.486663818359375 0.1016845703125 0.57568359375 -0.4307861328125
-0.434783935546875 0.144439697265625 0.157989501953125 -0.51336669921875
-0.371368408203125 0.2076416015625 -0.261138916015625 -0.393096923828125
-0.18780517578125 0.3177490234375 -0.39898681640625 -0.0319519042968749
-0.123687744140625 0.35870361328125 -0.386688232421875 0.316070556640625
0.057464599609375 0.366607666015625 -0.170166015625 0.514190673828125
0.09735107421875 0.359527587890625 -0.29217529296875 0.58636474609375
-0.0286026000976562 0.0553970336914063 0.17181396484375 -0.64141845703125
-0.00256156921386719 -0.0346488952636719 0.1514892578125 -0.58447265625
-0.0152721405029297 -0.0137720108032227 0.308807373046875 -0.28912353515625
0.0064234733581543 0.00252914428710938 0.38311767578125 0.020355224609375
0.00691032409667969 -0.0166730880737305 0.1954345703125 0.3851318359375
0.0190773010253906 -0.0533256530761719 -0.161895751953125 0.561553955078125
0.0168800354003906 -0.0406494140625 -0.64886474609375 0.51531982421875
0.0353813171386719 -0.0498085021972656 -0.92877197265625 0.32666015625
0.0634803771972656 -0.0313911437988281 -1.0693359375 0.24169921875
0.0385551452636719 -0.0270767211914063 -0.92498779296875 0.14996337890625
0.0465850830078125 -0.0209884643554687 -0.53662109375 0.117523193359375
0.0492782592773438 -0.0212173461914063 -0.254653930664062 -0.0458221435546875
0.0225334167480469 -0.0164222717285156 -0.220870971679687 -0.26239013671875
0.0107250213623047 -0.0350017547607422 -0.462799072265625 -0.4429931640625
-0.0110836029052734 -0.0239887237548828 -0.7034912109375 -0.640625
0.117279052734375 0.381561279296875 0.2119140625 -0.59521484375
0.07965087890625 0.28643798828125 0.216033935546875 -0.546844482421875
-0.069580078125 0.361480712890625 0.31939697265625 -0.28466796875
-0.195281982421875 0.297882080078125 0.4239501953125 0.022003173828125
-0.31951904296875 0.17486572265625 0.23345947265625 0.3568115234375
-0.38604736328125 0.106201171875 -0.128021240234375 0.553466796875
-0.402984619140625 0.06829833984375 -0.57708740234375 0.528076171875
-0.36126708984375 -0.042877197265625 -0.8485107421875 0.33551025390625
-0.349945068359375 0.015655517578125 -1.0220947265625 0.26092529296875
-0.312255859375 0.02239990234375 -0.90350341796875 0.17303466796875
-0.247085571289062 0.051727294921875 -0.533599853515625 0.11474609375
-0.137603759765625 0.144073486328125 -0.261032104492188 -0.0507965087890625
-0.126556396484375 0.188705444335938 -0.229232788085938 -0.247390747070312
-0.020904541015625 0.231918334960938 -0.441314697265625 -0.42803955078125
0.04541015625 0.247039794921875 -0.70001220703125 -0.62823486328125
0.22802734375 0.65362548828125 0.308502197265625 -0.46002197265625
0.140167236328125 0.55718994140625 0.3223876953125 -0.426910400390625
-0.12408447265625 0.680419921875 0.354736328125 -0.243194580078125
-0.371795654296875 0.552276611328125 0.480499267578125 0.018524169921875
-0.6065673828125 0.3441162109375 0.313018798828125 0.28466796875
-0.73956298828125 0.25103759765625 -0.00622558593750004 0.4765625
-0.75994873046875 0.16522216796875 -0.374176025390625 0.465576171875
-0.701904296875 -0.03179931640625 -0.6298828125 0.295654296875
-0.72198486328125 0.06829833984375 -0.86285400390625 0.24273681640625
-0.64739990234375 0.0921630859375 -0.819580078125 0.16619873046875
-0.537628173828125 0.157958984375 -0.527587890625 0.0942687988281251
-0.3126220703125 0.3380126953125 -0.294464111328125 -0.048370361328125
-0.258026123046875 0.4141845703125 -0.277008056640625 -0.205551147460937
-0.035003662109375 0.492523193359375 -0.433746337890625 -0.3577880859375
0.102447509765625 0.493560791015625 -0.68194580078125 -0.52288818359375
0.28656005859375 0.82080078125 0.432891845703125 -0.2554931640625
0.1610107421875 0.72528076171875 0.441192626953125 -0.239349365234375
-0.1802978515625 0.87615966796875 0.392059326171875 -0.162567138671875
-0.497314453125 0.70654296875 0.529876708984375 0.019073486328125
-0.7989501953125 0.44732666015625 0.421234130859375 0.179534912109375
-0.97845458984375 0.3515625 0.19073486328125 0.332733154296875
-0.99334716796875 0.23553466796875 -0.0715026855468751 0.3428955078125
-0.931640625 -0.0119018554687498 -0.311767578125 0.216827392578125
-0.99688720703125 0.12744140625 -0.60211181640625 0.17425537109375
-0.91168212890625 0.1878662109375 -0.66650390625 0.106689453125
-0.7762451171875 0.30279541015625 -0.50640869140625 0.04144287109375
-0.438751220703125 0.55145263671875 -0.3404541015625 -0.03570556640625
-0.33660888671875 0.63983154296875 -0.34222412109375 -0.12005615234375
-0.0106201171875 0.71435546875 -0.422515869140625 -0.221527099609375
0.16534423828125 0.67816162109375 -0.64337158203125 -0.33251953125
0.2874755859375 0.8612060546875 0.556793212890625 -0.0162353515624999
0.138671875 0.75921630859375 0.538543701171875 -0.022064208984375
-0.228271484375 0.8990478515625 0.41033935546875 -0.0547485351562499
-0.54730224609375 0.70538330078125 0.54718017578125 0.035980224609375
-0.85296630859375 0.4422607421875 0.516937255859375 0.07147216796875
-1.05316162109375 0.3641357421875 0.414764404296875 0.159393310546875
-1.066650390625 0.255859375 0.272918701171875 0.179306030273438
-1.02410888671875 0.00915527343749998 0.0567398071289062 0.10394287109375
-1.124755859375 0.1741943359375 -0.271102905273438 0.0496978759765626
-1.04486083984375 0.2724609375 -0.449371337890625 -0.0231018066406249
-0.8958740234375 0.4271240234375 -0.458404541015625 -0.05694580078125
-0.485595703125 0.70745849609375 -0.3807373046875 -0.023284912109375
-0.35174560546875 0.7945556640625 -0.3907470703125 0.00616455078125
0.0366821289062499 0.842041015625 -0.376617431640625 -0.0278320312499999
0.21466064453125 0.76751708984375 -0.57073974609375 -0.0869140625
0.22760009765625 0.7734375 0.65631103515625 0.2177734375
0.0869140625 0.66326904296875 0.58111572265625 0.1854248046875
-0.253662109375 0.7557373046875 0.389190673828125 0.0591430664062501
-0.507598876953125 0.561920166015625 0.516876220703125 0.062469482421875
-0.7601318359375 0.33270263671875 0.57733154296875 -0.00671386718749998
-0.9530029296875 0.3028564453125 0.61614990234375 0.00390625000000002
-0.9716796875 0.22564697265625 0.60174560546875 0.01092529296875
-0.95526123046875 0.0267333984375001 0.41754150390625 -0.026947021484375
-1.0736083984375 0.189697265625 0.0759963989257812 -0.117790222167969
-0.9984130859375 0.29718017578125 -0.207626342773438 -0.198501586914063
-0.85382080078125 0.45684814453125 -0.39031982421875 -0.1866455078125
-0.4434814453125 0.7197265625 -0.403076171875 -0.0197143554687499
-0.30596923828125 0.8033447265625 -0.407257080078125 0.141021728515625
0.0755004882812501 0.826171875 -0.304779052734375 0.18548583984375
0.2205810546875 0.7449951171875 -0.474365234375 0.177154541015625
0.138671875 0.5830078125 0.71978759765625 0.412353515625
0.03692626953125 0.478607177734375 0.56787109375 0.34625244140625
-0.230010986328125 0.51690673828125 0.3309326171875 0.14691162109375
-0.3843994140625 0.350921630859375 0.450164794921875 0.082855224609375
-0.552642822265625 0.186370849609375 0.5977783203125 -0.04815673828125
-0.72027587890625 0.1971435546875 0.76751708984375 -0.105712890625
-0.73980712890625 0.1632080078125 0.87066650390625 -0.13336181640625
-0.7469482421875 0.0364379882812498 0.7208251953125 -0.158447265625
-0.84954833984375 0.1661376953125 0.377166748046875 -0.292327880859375
-0.77679443359375 0.25177001953125 0.00942993164062495 -0.37872314453125
-0.6646728515625 0.3726806640625 -0.31982421875 -0.310028076171875
-0.3369140625 0.57537841796875 -0.404754638671875 -0.0234375
-0.22186279296875 0.64593505859375 -0.39996337890625 0.255157470703125
0.0863647460937501 0.6591796875 -0.224212646484375 0.3798828125
0.18475341796875 0.6036376953125 -0.37158203125 0.41729736328125
0.040496826171875 0.319732666015625 0.74456787109375 0.5389404296875
0.0159454345703125 0.254364013671875 0.525054931640625 0.439453125
-0.147918701171875 0.25958251953125 0.268020629882813 0.194534301757813
-0.202301025390625 0.155960083007812 0.380767822265625 0.086395263671875
-0.28857421875 0.069091796875 0.58831787109375 -0.06396484375
-0.40899658203125 0.103363037109375 0.8594970703125 -0.16522216796875
-0.408599853515625 0.0956726074218751 1.0462646484375 -0.2392578125
-0.421783447265625 0.04022216796875 0.9193115234375 -0.27105712890625
-0.491943359375 0.107574462890625 0.578125 -0.44097900390625
-0.437652587890625 0.14971923828125 0.156463623046875 -0.51953125
-0.37249755859375 0.214141845703125 -0.2650146484375 -0.395172119140625
-0.18634033203125 0.3228759765625 -0.40142822265625 -0.0280456542968751
-0.120849609375 0.36383056640625 -0.38543701171875 0.322784423828125
0.062286376953125 0.3702392578125 -0.1663818359375 0.51806640625
0.1021728515625 0.361480712890625 -0.29119873046875 0.592529296875
-0.0262985229492188 0.056365966796875 0.16748046875 -0.647216796875
-0.00392913818359375 -0.0353813171386719 0.1461181640625 -0.59075927734375
-0.0155925750732422 -0.0138158798217773 0.30792236328125 -0.29620361328125
0.00750541687011719 0.00172042846679688 0.386260986328125 0.014373779296875
0.00694561004638672 -0.0174961090087891 0.199066162109375 0.385223388671875
0.0187835693359375 -0.0536575317382813 -0.15777587890625 0.56866455078125
0.0172042846679688 -0.0413627624511719 -0.64764404296875 0.52764892578125
0.0355644226074219 -0.0504570007324219 -0.93170166015625 0.33868408203125
0.0638580322265625 -0.0323600769042969 -1.07470703125 0.25640869140625
0.0387306213378906 -0.0271263122558594 -0.93121337890625 0.16302490234375
0.0458755493164063 -0.0217094421386719 -0.541351318359375 0.12432861328125
0.0491523742675781 -0.0225944519042969 -0.257614135742187 -0.044952392578125
0.0224971771240234 -0.0165061950683594 -0.225982666015625 -0.263031005859375
0.0105819702148438 -0.0354042053222656 -0.47052001953125 -0.44183349609375
-0.0109691619873047 -0.023590087890625 -0.71697998046875 -0.63629150390625
0.124664306640625 0.383148193359375 0.20947265625 -0.60296630859375
0.0823974609375 0.287109375 0.210479736328125 -0.5535888671875
-0.066009521484375 0.3656005859375 0.3203125 -0.292236328125
-0.192596435546875 0.301788330078125 0.4268798828125 0.016510009765625
-0.3211669921875 0.1802978515625 0.239105224609375 0.3560791015625
-0.388458251953125 0.112274169921875 -0.124267578125 0.561248779296875
-0.40594482421875 0.073760986328125 -0.5748291015625 0.53900146484375
-0.3642578125 -0.039154052734375 -0.84979248046875 0.346923828125
-0.35235595703125 0.0203857421875 -1.02587890625 0.27734375
-0.31427001953125 0.026947021484375 -0.90777587890625 0.1856689453125
-0.249801635742188 0.054962158203125 -0.538177490234375 0.12103271484375
-0.136993408203125 0.14599609375 -0.264175415039063 -0.0499725341796875
-0.124893188476562 0.191802978515625 -0.233642578125 -0.247543334960938
-0.01739501953125 0.233978271484375 -0.450286865234375 -0.426666259765625
0.048614501953125 0.2493896484375 -0.71246337890625 -0.625
0.23748779296875 0.6551513671875 0.306915283203125 -0.468414306640625
0.148040771484375 0.559478759765625 0.319976806640625 -0.434661865234375
-0.11688232421875 0.6876220703125 0.355072021484375 -0.249359130859375
-0.36822509765625 0.5609130859375 0.4849853515625 0.013275146484375
-0.60870361328125 0.3538818359375 0.318511962890625 0.28302001953125
-0.7447509765625 0.2630615234375 -0.00115966796875002 0.480621337890625
-0.764404296875 0.1768798828125 -0.37103271484375 0.473785400390625
-0.70819091796875 -0.0239257812500001 -0.63079833984375 0.30517578125
-0.7271728515625 0.0786132812500001 -0.86669921875 0.25701904296875
-0.6514892578125 0.1004638671875 -0.8228759765625 0.17742919921875
-0.54095458984375 0.165679931640625 -0.5318603515625 0.10028076171875
-0.311248779296875 0.344024658203125 -0.297637939453125 -0.046173095703125
-0.253814697265625 0.420196533203125 -0.2803955078125 -0.204696655273437
-0.028533935546875 0.49560546875 -0.440704345703125 -0.35723876953125
0.10888671875 0.496978759765625 -0.6925048828125 -0.519287109375
0.29986572265625 0.825927734375 0.435333251953125 -0.262664794921875
0.17010498046875 0.728759765625 0.442291259765625 -0.24725341796875
-0.1683349609375 0.88714599609375 0.394500732421875 -0.168701171875
-0.49224853515625 0.716552734375 0.535125732421875 0.0140380859375
-0.80230712890625 0.46185302734375 0.424407958984375 0.1751708984375
-0.982421875 0.3675537109375 0.19580078125 0.33526611328125
-0.998779296875 0.24822998046875 -0.0672607421875 0.34619140625
-0.9403076171875 -0.00128173828124991 -0.30987548828125 0.22296142578125
-1.00439453125 0.14215087890625 -0.6044921875 0.18560791015625
-0.919677734375 0.19952392578125 -0.6685791015625 0.11651611328125
-0.7801513671875 0.31488037109375 -0.509521484375 0.0469055175781251
-0.435333251953125 0.561431884765625 -0.34393310546875 -0.033782958984375
-0.3319091796875 0.64837646484375 -0.344085693359375 -0.1171875
-0.00146484374999993 0.71929931640625 -0.42645263671875 -0.22015380859375
0.1744384765625 0.6812744140625 -0.6527099609375 -0.32843017578125
0.30078125 0.8634033203125 0.5633544921875 -0.0218505859374999
0.14959716796875 0.76080322265625 0.542938232421875 -0.02874755859375
-0.21624755859375 0.9078369140625 0.414276123046875 -0.0574035644531249
-0.543212890625 0.71771240234375 0.55267333984375 0.030914306640625
-0.85723876953125 0.4547119140625 0.521484375 0.065277099609375
-1.0577392578125 0.3814697265625 0.419403076171875 0.156951904296875
-1.0716552734375 0.269775390625 0.278656005859375 0.177627563476563
-1.03167724609375 0.0207519531249999 0.0598754882812499 0.103836059570313
-1.13232421875 0.190673828125 -0.271560668945313 0.054443359375
-1.0523681640625 0.2850341796875 -0.451995849609375 -0.017120361328125
-0.8990478515625 0.4412841796875 -0.462310791015625 -0.0533447265625
-0.4813232421875 0.71734619140625 -0.384246826171875 -0.020263671875
-0.34356689453125 0.8079833984375 -0.391510009765625 0.0103149414062501
0.0466918945312499 0.84796142578125 -0.3804931640625 -0.025238037109375
0.2232666015625 0.77215576171875 -0.5772705078125 -0.0813598632812498
0.2386474609375 0.7786865234375 0.666015625 0.21160888671875
0.09320068359375 0.665771484375 0.58917236328125 0.17974853515625
-0.24554443359375 0.765380859375 0.393463134765625 0.0577697753906251
-0.50518798828125 0.571044921875 0.52166748046875 0.057159423828125
-0.7635498046875 0.34185791015625 0.5828857421875 -0.013916015625
-0.959228515625 0.315185546875 0.6209716796875 -0.00384521484374998
-0.97821044921875 0.23828125 0.607421875 0.00396728515625001
-0.964599609375 0.03765869140625 0.422607421875 -0.032012939453125
-1.08056640625 0.20654296875 0.0759506225585937 -0.119094848632813
-1.00482177734375 0.31097412109375 -0.210235595703125 -0.198333740234375
-0.85723876953125 0.47149658203125 -0.3951416015625 -0.18438720703125
-0.4385986328125 0.73046875 -0.404876708984375 -0.015350341796875
-0.2965087890625 0.81317138671875 -0.405914306640625 0.14739990234375
0.0871582031249999 0.8321533203125 -0.304656982421875 0.18878173828125
0.23138427734375 0.75079345703125 -0.477264404296875 0.183563232421875
0.1448974609375 0.5850830078125 0.7298583984375 0.406982421875
0.04254150390625 0.481292724609375 0.57708740234375 0.34259033203125
-0.22564697265625 0.5228271484375 0.336090087890625 0.1466064453125
-0.38232421875 0.358367919921875 0.4552001953125 0.0789794921875
-0.55609130859375 0.194793701171875 0.601318359375 -0.0555419921875
-0.7244873046875 0.2076416015625 0.771484375 -0.115234375
-0.7449951171875 0.1746826171875 0.87481689453125 -0.14617919921875
-0.7513427734375 0.0462646484375 0.72711181640625 -0.1678466796875
-0.85546875 0.17779541015625 0.37744140625 -0.298858642578125
-0.78204345703125 0.2628173828125 0.00717163085937494 -0.38262939453125
-0.6666259765625 0.3851318359375 -0.3243408203125 -0.310150146484375
-0.33233642578125 0.5849609375 -0.408050537109375 -0.0185241699218749
-0.21661376953125 0.6549072265625 -0.397796630859375 0.2603759765625
0.095703125 0.6622314453125 -0.220672607421875 0.384368896484375
0.19342041015625 0.6068115234375 -0.370849609375 0.4232177734375
0.044158935546875 0.3223876953125 0.75836181640625 0.53564453125
0.0187530517578125 0.254898071289063 0.53564453125 0.436431884765625
-0.144775390625 0.264373779296875 0.273590087890625 0.194992065429688
-0.202346801757812 0.159744262695313 0.385101318359375 0.08404541015625
-0.2919921875 0.071929931640625 0.5919189453125 -0.07086181640625
-0.4102783203125 0.10980224609375 0.86468505859375 -0.176513671875
-0.4112548828125 0.101898193359375 1.0517578125 -0.25726318359375
-0.424407958984375 0.0454101562499999 0.92333984375 -0.2835693359375
-0.494384765625 0.115264892578125 0.57763671875 -0.45257568359375
-0.438934326171875 0.156829833984375 0.152618408203125 -0.52734375
-0.373443603515625 0.22088623046875 -0.27032470703125 -0.395904541015625
-0.18389892578125 0.32763671875 -0.40411376953125 -0.0229797363281249
-0.117156982421875 0.368408203125 -0.382781982421875 0.331207275390625
0.068359375 0.37103271484375 -0.161346435546875 0.52313232421875
0.10791015625 0.363250732421875 -0.2879638671875 0.60028076171875
-0.0250320434570313 0.0572776794433594 0.16107177734375 -0.65423583984375
-0.00534439086914062 -0.0358314514160156 0.1376953125 -0.59613037109375
-0.0157632827758789 -0.0136299133300781 0.305450439453125 -0.3037109375
0.00795698165893555 0.000769138336181641 0.388702392578125 0.00921630859375
0.00750541687011719 -0.0180168151855469 0.20489501953125 0.386688232421875
0.0186614990234375 -0.0539360046386719 -0.1524658203125 0.57379150390625
0.0170783996582031 -0.0417861938476563 -0.6441650390625 0.54095458984375
0.0356292724609375 -0.0513687133789063 -0.93292236328125 0.35498046875
0.0637321472167969 -0.0333328247070313 -1.08013916015625 0.275146484375
0.0390434265136719 -0.0276451110839844 -0.935791015625 0.179931640625
0.044921875 -0.0220069885253906 -0.54443359375 0.133758544921875
0.0488510131835938 -0.0234489440917969 -0.260330200195313 -0.042816162109375
0.0229339599609375 -0.0170459747314453 -0.231689453125 -0.26287841796875
0.0101165771484375 -0.0356521606445313 -0.4810791015625 -0.438934326171875
-0.0108909606933594 -0.0228118896484375 -0.73052978515625 -0.63140869140625
0.1319580078125 0.3851318359375 0.2041015625 -0.60894775390625
0.085906982421875 0.288177490234375 0.20343017578125 -0.5604248046875
-0.0611572265625 0.3699951171875 0.318817138671875 -0.2994384765625
-0.189788818359375 0.306793212890625 0.430267333984375 0.00851440429687502
-0.321075439453125 0.185272216796875 0.24359130859375 0.3558349609375
-0.3892822265625 0.11865234375 -0.1207275390625 0.5679931640625
-0.408416748046875 0.080352783203125 -0.5712890625 0.550537109375
-0.367950439453125 -0.034759521484375 -0.8499755859375 0.3621826171875
-0.35504150390625 0.0264892578125 -1.0284423828125 0.2950439453125
-0.31683349609375 0.031280517578125 -0.91302490234375 0.20068359375
-0.251632690429688 0.059112548828125 -0.540679931640625 0.12872314453125
-0.135986328125 0.148544311523438 -0.26715087890625 -0.0475921630859375
-0.12274169921875 0.1944580078125 -0.237991333007812 -0.247406005859375
-0.0137939453125 0.234832763671875 -0.459381103515625 -0.425506591796875
0.0525360107421875 0.251312255859375 -0.72674560546875 -0.62066650390625
0.25103759765625 0.65631103515625 0.304595947265625 -0.474212646484375
0.15509033203125 0.56048583984375 0.3165283203125 -0.4423828125
-0.10614013671875 0.69488525390625 0.356842041015625 -0.25604248046875
-0.363525390625 0.56982421875 0.487945556640625 0.00482177734375003
-0.60943603515625 0.364013671875 0.3255615234375 0.2791748046875
-0.7470703125 0.27398681640625 0.00427246093749994 0.485076904296875
-0.76910400390625 0.18829345703125 -0.36602783203125 0.482818603515625
-0.71392822265625 -0.0169677734375 -0.629638671875 0.31488037109375
-0.73138427734375 0.0892944335937501 -0.86749267578125 0.2691650390625
-0.6544189453125 0.11102294921875 -0.82879638671875 0.190673828125
-0.544342041015625 0.17510986328125 -0.53375244140625 0.10687255859375
-0.30908203125 0.350006103515625 -0.300384521484375 -0.0437011718749999
-0.248748779296875 0.426544189453125 -0.283538818359375 -0.20343017578125
-0.020294189453125 0.49884033203125 -0.44976806640625 -0.354766845703125
0.115447998046875 0.499481201171875 -0.70562744140625 -0.513671875
0.31402587890625 0.82696533203125 0.43560791015625 -0.27105712890625
0.18072509765625 0.72991943359375 0.443023681640625 -0.255126953125
-0.157470703125 0.89581298828125 0.39703369140625 -0.17388916015625
-0.4859619140625 0.7281494140625 0.539031982421875 0.00537109375000004
-0.8028564453125 0.47467041015625 0.431060791015625 0.169708251953125
-0.986572265625 0.38262939453125 0.200469970703125 0.336151123046875
-1.0035400390625 0.2646484375 -0.0619506835937501 0.349822998046875
-0.9490966796875 0.01092529296875 -0.308685302734375 0.226776123046875
-1.0108642578125 0.15814208984375 -0.60577392578125 0.19561767578125
-0.924072265625 0.2147216796875 -0.67156982421875 0.12677001953125
-0.7850341796875 0.32843017578125 -0.512939453125 0.0524902343750001
-0.43084716796875 0.56988525390625 -0.346923828125 -0.030487060546875
-0.326171875 0.658203125 -0.346832275390625 -0.11474609375
0.00897216796874997 0.722412109375 -0.433135986328125 -0.217315673828125
0.18402099609375 0.68621826171875 -0.66241455078125 -0.32183837890625
0.31378173828125 0.8662109375 0.5682373046875 -0.0307617187499999
0.15716552734375 0.7640380859375 0.546295166015625 -0.0361633300781249
-0.20440673828125 0.91973876953125 0.4185791015625 -0.0617370605468749
-0.53857421875 0.729248046875 0.557830810546875 0.0230712890625
-0.85821533203125 0.46917724609375 0.52587890625 0.057769775390625
-1.0615234375 0.39764404296875 0.423675537109375 0.153778076171875
-1.077880859375 0.287353515625 0.283966064453125 0.1744384765625
-1.03973388671875 0.0333862304687499 0.0627212524414062 0.102806091308594
-1.1370849609375 0.2073974609375 -0.271682739257813 0.0593109130859375
-1.05780029296875 0.30126953125 -0.454345703125 -0.010955810546875
-0.90386962890625 0.456787109375 -0.466766357421875 -0.0497436523437499
-0.47454833984375 0.7296142578125 -0.38677978515625 -0.015472412109375
-0.3333740234375 0.8175048828125 -0.392852783203125 0.01373291015625
0.05914306640625 0.853271484375 -0.383209228515625 -0.0216064453124999
0.2337646484375 0.77606201171875 -0.58416748046875 -0.0750732421874999
0.2515869140625 0.77911376953125 0.67462158203125 0.2052001953125
0.1025390625 0.66796875 0.5955810546875 0.173828125
-0.23529052734375 0.77447509765625 0.398101806640625 0.05523681640625
-0.50140380859375 0.5816650390625 0.52569580078125 0.05029296875
-0.76605224609375 0.35467529296875 0.58673095703125 -0.02313232421875
-0.962646484375 0.32940673828125 0.62420654296875 -0.00958251953124998
-0.9837646484375 0.25506591796875 0.612548828125 -0.00372314453124998
-0.97216796875 0.0499267578124999 0.42669677734375 -0.03863525390625
-1.0858154296875 0.22283935546875 0.0761489868164062 -0.120628356933594
-1.0078125 0.3271484375 -0.212081909179688 -0.197158813476562
-0.85894775390625 0.486328125 -0.39923095703125 -0.1826171875
-0.4320068359375 0.74066162109375 -0.40679931640625 -0.010711669921875
-0.287841796875 0.824951171875 -0.40533447265625 0.1529541015625
0.100341796875 0.8377685546875 -0.302947998046875 0.19256591796875
0.24285888671875 0.75439453125 -0.480194091796875 0.190032958984375
0.15460205078125 0.58721923828125 0.73980712890625 0.40155029296875
0.048248291015625 0.48297119140625 0.58782958984375 0.33746337890625
-0.216796875 0.53082275390625 0.341278076171875 0.144927978515625
-0.381805419921875 0.364349365234375 0.459197998046875 0.0736083984375
-0.558929443359375 0.200897216796875 0.604736328125 -0.06451416015625
-0.72760009765625 0.218994140625 0.77557373046875 -0.1251220703125
-0.7490234375 0.18670654296875 0.8809814453125 -0.15576171875
-0.7574462890625 0.0544433593749998 0.72894287109375 -0.1785888671875
-0.861083984375 0.1925048828125 0.37701416015625 -0.3060302734375
-0.78656005859375 0.27581787109375 0.00378417968749991 -0.385650634765625
-0.66705322265625 0.3973388671875 -0.329803466796875 -0.309967041015625
-0.326904296875 0.5946044921875 -0.410308837890625 -0.0133056640625001
-0.20831298828125 0.6629638671875 -0.394134521484375 0.269439697265625
0.10650634765625 0.6656494140625 -0.216217041015625 0.388519287109375
0.20269775390625 0.61004638671875 -0.37005615234375 0.431396484375
0.04840087890625 0.324676513671875 0.77197265625 0.52801513671875
0.0208282470703125 0.2552490234375 0.545867919921875 0.43310546875
-0.141128540039062 0.2689208984375 0.2786865234375 0.195266723632813
-0.201690673828125 0.162765502929688 0.389495849609375 0.078643798828125
-0.294219970703125 0.076141357421875 0.59619140625 -0.07928466796875
-0.412841796875 0.115142822265625 0.86639404296875 -0.18719482421875
-0.41351318359375 0.108795166015625 1.05560302734375 -0.27239990234375
-0.426544189453125 0.05126953125 0.9261474609375 -0.2978515625
-0.496734619140625 0.123260498046875 0.578125 -0.46405029296875
-0.442108154296875 0.163299560546875 0.1492919921875 -0.534576416015625
-0.37371826171875 0.228485107421875 -0.27685546875 -0.397186279296875
-0.180450439453125 0.332733154296875 -0.408172607421875 -0.0172424316406249
-0.113372802734375 0.37371826171875 -0.3782958984375 0.339263916015625
0.073699951171875 0.372283935546875 -0.155059814453125 0.527191162109375
0.11309814453125 0.36456298828125 -0.2850341796875 0.60760498046875
-0.0229110717773438 0.058074951171875 0.15380859375 -0.660400390625
-0.00702667236328125 -0.0365257263183594 0.1298828125 -0.601318359375
-0.0162496566772461 -0.0130529403686523 0.303802490234375 -0.311737060546875
0.00846290588378906 1.04904174804687E-05 0.39044189453125 0.002349853515625
0.00749015808105469 -0.0186519622802734 0.209991455078125 0.38470458984375
0.0186691284179688 -0.0542182922363281 -0.146484375 0.57904052734375
0.0168418884277344 -0.042572021484375 -0.63958740234375 0.5540771484375
0.035308837890625 -0.0520706176757812 -0.93170166015625 0.37078857421875
0.0635528564453125 -0.0343055725097656 -1.08001708984375 0.292724609375
0.0392494201660156 -0.0277366638183594 -0.9376220703125 0.1954345703125
0.044219970703125 -0.0222549438476563 -0.54571533203125 0.1414794921875
0.0486602783203125 -0.0246543884277344 -0.262939453125 -0.04046630859375
0.0226020812988281 -0.0174503326416016 -0.237548828125 -0.262542724609375
0.00963211059570313 -0.0360069274902344 -0.4912109375 -0.43377685546875
-0.0111103057861328 -0.0224456787109375 -0.74395751953125 -0.6246337890625
0.139923095703125 0.38531494140625 0.197021484375 -0.614013671875
0.08966064453125 0.287811279296875 0.19647216796875 -0.56646728515625
-0.055145263671875 0.37261962890625 0.316619873046875 -0.306396484375
-0.185791015625 0.311126708984375 0.431976318359375 0.00189208984375002
-0.320648193359375 0.190521240234375 0.2490234375 0.35400390625
-0.389984130859375 0.12518310546875 -0.1143798828125 0.57373046875
-0.40960693359375 0.0871582031249999 -0.566162109375 0.56329345703125
-0.37091064453125 -0.029998779296875 -0.84857177734375 0.37518310546875
-0.35638427734375 0.032470703125 -1.031005859375 0.31341552734375
-0.31768798828125 0.037261962890625 -0.9141845703125 0.2161865234375
-0.253097534179688 0.0634765625 -0.541717529296875 0.1368408203125
-0.134674072265625 0.150466918945313 -0.269790649414063 -0.045196533203125
-0.119918823242187 0.196990966796875 -0.242599487304687 -0.246368408203125
-0.0105133056640625 0.236236572265625 -0.4683837890625 -0.420684814453125
0.0563507080078125 0.252700805664063 -0.73931884765625 -0.6129150390625
0.26397705078125 0.65704345703125 0.3013916015625 -0.481292724609375
0.163818359375 0.559814453125 0.3115234375 -0.449676513671875
-0.0966796874999999 0.703369140625 0.355560302734375 -0.26275634765625
-0.35638427734375 0.57879638671875 0.4906005859375 -0.00341796874999996
-0.60894775390625 0.37451171875 0.330718994140625 0.276092529296875
-0.74676513671875 0.2882080078125 0.00946044921874997 0.488189697265625
-0.77154541015625 0.201416015625 -0.36053466796875 0.49078369140625
-0.71868896484375 -0.00604248046874985 -0.62725830078125 0.32568359375
-0.73358154296875 0.10107421875 -0.86761474609375 0.28668212890625
-0.6571044921875 0.121826171875 -0.828369140625 0.2054443359375
-0.546722412109375 0.184295654296875 -0.535675048828125 0.115081787109375
-0.304840087890625 0.355987548828125 -0.30322265625 -0.0412902832031249
-0.2447509765625 0.43218994140625 -0.287567138671875 -0.20135498046875
-0.01190185546875 0.501251220703125 -0.45880126953125 -0.350860595703125
0.12298583984375 0.502593994140625 -0.71734619140625 -0.50799560546875
0.32806396484375 0.8265380859375 0.436614990234375 -0.2791748046875
0.1905517578125 0.73138427734375 0.442901611328125 -0.262939453125
-0.14306640625 0.903564453125 0.398284912109375 -0.180419921875
-0.47760009765625 0.7403564453125 0.542938232421875 -0.00329589843749995
-0.8023681640625 0.48974609375 0.43438720703125 0.163665771484375
-0.98828125 0.3985595703125 0.205810546875 0.336456298828125
-1.00665283203125 0.28173828125 -0.0557556152343751 0.352569580078125
-0.95623779296875 0.0246582031249998 -0.30596923828125 0.232452392578125
-1.01251220703125 0.173828125 -0.6064453125 0.20697021484375
-0.92828369140625 0.2291259765625 -0.67352294921875 0.13665771484375
-0.784912109375 0.34130859375 -0.515716552734375 0.0599365234374999
-0.42486572265625 0.57916259765625 -0.34912109375 -0.02642822265625
-0.31732177734375 0.667236328125 -0.348114013671875 -0.1114501953125
0.0202636718749999 0.7255859375 -0.438446044921875 -0.212860107421875
0.19488525390625 0.68865966796875 -0.67132568359375 -0.31494140625
0.328369140625 0.86846923828125 0.57354736328125 -0.0391845703124999
0.16925048828125 0.76678466796875 0.550262451171875 -0.0450439453125
-0.19189453125 0.928466796875 0.420501708984375 -0.0679321289062499
-0.53009033203125 0.7410888671875 0.55987548828125 0.013031005859375
-0.85992431640625 0.4857177734375 0.52996826171875 0.050689697265625
-1.06329345703125 0.41888427734375 0.4281005859375 0.149871826171875
-1.07958984375 0.30682373046875 0.289276123046875 0.17132568359375
-1.04425048828125 0.0476684570312499 0.0660400390624999 0.101959228515625
-1.1427001953125 0.226806640625 -0.271163940429688 0.06427001953125
-1.061279296875 0.3203125 -0.45703125 -0.00424194335937495
-0.9033203125 0.47369384765625 -0.4698486328125 -0.0438842773437499
-0.4656982421875 0.73846435546875 -0.388092041015625 -0.0111083984374999
-0.3243408203125 0.8275146484375 -0.392181396484375 0.019317626953125
0.0743408203125 0.85638427734375 -0.3856201171875 -0.01837158203125
0.2476806640625 0.7799072265625 -0.5888671875 -0.0675048828125001
0.26397705078125 0.780029296875 0.68170166015625 0.19580078125
0.11053466796875 0.66876220703125 0.60382080078125 0.1656494140625
-0.223388671875 0.783935546875 0.403594970703125 0.051361083984375
-0.49517822265625 0.5926513671875 0.530426025390625 0.042449951171875
-0.7655029296875 0.367919921875 0.59075927734375 -0.03131103515625
-0.9632568359375 0.345947265625 0.6265869140625 -0.01776123046875
-0.9859619140625 0.27178955078125 0.61724853515625 -0.01336669921875
-0.9791259765625 0.0635375976562501 0.42926025390625 -0.0445556640625
-1.08929443359375 0.24267578125 0.0760269165039062 -0.122627258300781
-1.01043701171875 0.343994140625 -0.21533203125 -0.195266723632813
-0.85748291015625 0.50079345703125 -0.4046630859375 -0.177459716796875
-0.42230224609375 0.7532958984375 -0.4095458984375 -0.0051879882812499
-0.27642822265625 0.83447265625 -0.402801513671875 0.15972900390625
0.1142578125 0.83843994140625 -0.302490234375 0.1956787109375
0.2542724609375 0.75494384765625 -0.4825439453125 0.197235107421875
0.1649169921875 0.58990478515625 0.7530517578125 0.3917236328125
0.053802490234375 0.4830322265625 0.5960693359375 0.330078125
-0.20953369140625 0.53814697265625 0.3470458984375 0.14324951171875
-0.37738037109375 0.371856689453125 0.463836669921875 0.067901611328125
-0.560089111328125 0.210113525390625 0.6087646484375 -0.0733642578125
-0.72998046875 0.2298583984375 0.7762451171875 -0.13665771484375
-0.75067138671875 0.19891357421875 0.88470458984375 -0.17205810546875
-0.7607421875 0.0653686523437502 0.7327880859375 -0.18963623046875
-0.86236572265625 0.2066650390625 0.376434326171875 -0.31396484375
-0.78753662109375 0.28875732421875 0.000549316406249921 -0.389495849609375
-0.6663818359375 0.41082763671875 -0.334808349609375 -0.307220458984375
-0.32037353515625 0.60296630859375 -0.412933349609375 -0.0080871582031249
-0.1998291015625 0.66986083984375 -0.390472412109375 0.2763671875
0.118896484375 0.667236328125 -0.21270751953125 0.391510009765625
0.21234130859375 0.60992431640625 -0.368011474609375 0.437744140625
0.053253173828125 0.326751708984375 0.7835693359375 0.52008056640625
0.0238800048828125 0.255126953125 0.554290771484375 0.427703857421875
-0.136810302734375 0.272933959960938 0.284515380859375 0.19451904296875
-0.20001220703125 0.165985107421875 0.393463134765625 0.073455810546875
-0.29595947265625 0.0798034667968751 0.59796142578125 -0.0888671875
-0.415069580078125 0.12188720703125 0.8701171875 -0.20184326171875
-0.41461181640625 0.115814208984375 1.0579833984375 -0.2894287109375
-0.42938232421875 0.0574340820312501 0.92840576171875 -0.31427001953125
-0.49884033203125 0.132354736328125 0.574462890625 -0.47613525390625
-0.44390869140625 0.16986083984375 0.143890380859375 -0.540740966796875
-0.372955322265625 0.23504638671875 -0.282501220703125 -0.3953857421875
-0.176483154296875 0.337799072265625 -0.410491943359375 -0.0113830566406249
-0.108428955078125 0.378173828125 -0.373260498046875 0.34710693359375
0.079986572265625 0.373199462890625 -0.148406982421875 0.53045654296875
0.119354248046875 0.364654541015625 -0.28045654296875 0.6136474609375
-0.0210990905761719 0.058868408203125 0.14599609375 -0.66455078125
-0.00872802734375 -0.0363578796386719 0.1192626953125 -0.60595703125
-0.0166807174682617 -0.0128469467163086 0.299072265625 -0.318206787109375
0.00903606414794922 -0.000910758972167969 0.391387939453125 -0.003875732421875
0.00775146484375 -0.0191192626953125 0.21533203125 0.384735107421875
0.0182609558105469 -0.0544357299804688 -0.1407470703125 0.58489990234375
0.0167503356933594 -0.0429840087890625 -0.6336669921875 0.5657958984375
0.0351104736328125 -0.0528907775878906 -0.92950439453125 0.38458251953125
0.0636177062988281 -0.0355148315429688 -1.08062744140625 0.312255859375
0.0392532348632813 -0.0280876159667969 -0.9376220703125 0.21240234375
0.0430908203125 -0.0223503112792969 -0.546875 0.150604248046875
0.0479278564453125 -0.0255928039550781 -0.265777587890625 -0.0385131835937501
0.0226554870605469 -0.0178375244140625 -0.243133544921875 -0.261367797851562
0.00924301147460938 -0.0359077453613281 -0.49884033203125 -0.427734375
-0.0109233856201172 -0.0216407775878906 -0.75689697265625 -0.6173095703125
0.14739990234375 0.385040283203125 0.18975830078125 -0.62060546875
0.094085693359375 0.287384033203125 0.1884765625 -0.57183837890625
-0.04931640625 0.3753662109375 0.313690185546875 -0.314178466796875
-0.18194580078125 0.314910888671875 0.43408203125 -0.00534057617187498
-0.319793701171875 0.196502685546875 0.2550048828125 0.3515625
-0.390838623046875 0.132171630859375 -0.10693359375 0.57861328125
-0.41058349609375 0.0939636230468749 -0.5592041015625 0.574951171875
-0.3721923828125 -0.024871826171875 -0.84423828125 0.388671875
-0.357666015625 0.038970947265625 -1.029052734375 0.3314208984375
-0.318603515625 0.0422058105468751 -0.91455078125 0.2325439453125
-0.255233764648437 0.0677947998046875 -0.5435791015625 0.145294189453125
-0.133056640625 0.15228271484375 -0.272125244140625 -0.0429229736328125
-0.116912841796875 0.19952392578125 -0.247802734375 -0.245208740234375
-0.00622558593749999 0.236709594726563 -0.476470947265625 -0.416290283203125
0.06121826171875 0.253829956054688 -0.75128173828125 -0.60516357421875
0.275390625 0.65533447265625 0.296875 -0.4888916015625
0.1722412109375 0.56103515625 0.30670166015625 -0.456756591796875
-0.0845947265624999 0.70770263671875 0.352783203125 -0.27105712890625
-0.3480224609375 0.5853271484375 0.49169921875 -0.011627197265625
-0.6058349609375 0.38604736328125 0.335296630859375 0.272064208984375
-0.74884033203125 0.3001708984375 0.0172424316406249 0.49261474609375
-0.7718505859375 0.2132568359375 -0.353118896484375 0.49810791015625
-0.722412109375 0.00543212890625002 -0.62310791015625 0.33642578125
-0.737060546875 0.11566162109375 -0.8668212890625 0.30169677734375
-0.65869140625 0.132568359375 -0.82855224609375 0.21868896484375
-0.547210693359375 0.193756103515625 -0.53802490234375 0.1239013671875
-0.301422119140625 0.36151123046875 -0.305633544921875 -0.03790283203125
-0.236297607421875 0.43707275390625 -0.2913818359375 -0.19915771484375
-0.00439453125000004 0.50408935546875 -0.465118408203125 -0.346099853515625
0.132110595703125 0.5028076171875 -0.730224609375 -0.49993896484375
0.3448486328125 0.82489013671875 0.43634033203125 -0.28582763671875
0.20233154296875 0.73046875 0.4420166015625 -0.272613525390625
-0.1285400390625 0.910400390625 0.398468017578125 -0.1864013671875
-0.46807861328125 0.74957275390625 0.54449462890625 -0.013092041015625
-0.800537109375 0.50323486328125 0.439117431640625 0.157257080078125
-0.98870849609375 0.4169921875 0.210540771484375 0.335601806640625
-1.00823974609375 0.2994384765625 -0.048919677734375 0.3544921875
-0.96044921875 0.03802490234375 -0.3016357421875 0.236846923828125
-1.01629638671875 0.19403076171875 -0.603759765625 0.21746826171875
-0.9290771484375 0.24517822265625 -0.67327880859375 0.1485595703125
-0.78521728515625 0.3553466796875 -0.517578125 0.067535400390625
-0.417724609375 0.58624267578125 -0.35107421875 -0.022003173828125
-0.3055419921875 0.6741943359375 -0.349853515625 -0.108367919921875
0.033447265625 0.727783203125 -0.443695068359375 -0.208709716796875
0.20361328125 0.6893310546875 -0.6793212890625 -0.30682373046875
0.34295654296875 0.86541748046875 0.57666015625 -0.0486450195312499
0.18084716796875 0.765380859375 0.552886962890625 -0.053619384765625
-0.17535400390625 0.93548583984375 0.423126220703125 -0.073944091796875
-0.52130126953125 0.75091552734375 0.5635986328125 0.00408935546875005
-0.85546875 0.4996337890625 0.533538818359375 0.042205810546875
-1.06298828125 0.43505859375 0.43145751953125 0.1448974609375
-1.08050537109375 0.3236083984375 0.29437255859375 0.167083740234375
-1.04986572265625 0.06280517578125 0.0692825317382812 0.100494384765625
-1.1453857421875 0.2462158203125 -0.271514892578125 0.0690460205078125
-1.0634765625 0.33734130859375 -0.4573974609375 0.00268554687499993
-0.90167236328125 0.49017333984375 -0.473419189453125 -0.0371704101562501
-0.45672607421875 0.74951171875 -0.3902587890625 -0.00546264648437492
-0.310791015625 0.83612060546875 -0.391448974609375 0.024017333984375
0.0871582031249999 0.85711669921875 -0.387420654296875 -0.0135498046874999
0.25897216796875 0.78070068359375 -0.5936279296875 -0.0593261718749999
0.27801513671875 0.77996826171875 0.6900634765625 0.18597412109375
0.12109375 0.66900634765625 0.60992431640625 0.15655517578125
-0.21148681640625 0.7899169921875 0.40704345703125 0.046783447265625
-0.48834228515625 0.6007080078125 0.534027099609375 0.03460693359375
-0.7655029296875 0.37982177734375 0.591552734375 -0.04229736328125
-0.96533203125 0.36199951171875 0.6290283203125 -0.02655029296875
-0.98577880859375 0.28900146484375 0.62109375 -0.02392578125
-0.9813232421875 0.0771484375000002 0.43182373046875 -0.052490234375
-1.089599609375 0.26043701171875 0.0753707885742187 -0.123870849609375
-1.01043701171875 0.36328125 -0.217849731445313 -0.193832397460938
-0.85662841796875 0.51898193359375 -0.408905029296875 -0.174102783203125
-0.4136962890625 0.7608642578125 -0.410797119140625 0.0010070800781251
-0.2650146484375 0.843505859375 -0.39892578125 0.166015625
0.12890625 0.840576171875 -0.300506591796875 0.199798583984375
0.26611328125 0.75531005859375 -0.483245849609375 0.20440673828125
0.17413330078125 0.58990478515625 0.762939453125 0.382568359375
0.060272216796875 0.483673095703125 0.6043701171875 0.32208251953125
-0.2003173828125 0.542388916015625 0.35205078125 0.13995361328125
-0.37335205078125 0.37908935546875 0.466644287109375 0.060882568359375
-0.560333251953125 0.21942138671875 0.60943603515625 -0.08331298828125
-0.72991943359375 0.24273681640625 0.7764892578125 -0.147705078125
-0.75091552734375 0.2127685546875 0.88616943359375 -0.186767578125
-0.76458740234375 0.0771484375 0.73223876953125 -0.20263671875
-0.864990234375 0.22235107421875 0.37445068359375 -0.32196044921875
-0.78857421875 0.30181884765625 -0.00430297851562505 -0.392059326171875
-0.66455078125 0.4237060546875 -0.340850830078125 -0.305389404296875
-0.31085205078125 0.609619140625 -0.413909912109375 -0.00125122070312487
-0.18975830078125 0.67755126953125 -0.384796142578125 0.28289794921875
0.12969970703125 0.6668701171875 -0.2059326171875 0.39410400390625
0.222412109375 0.60968017578125 -0.365631103515625 0.44403076171875
0.058990478515625 0.328094482421875 0.7947998046875 0.5107421875
0.02679443359375 0.255828857421875 0.56463623046875 0.41998291015625
-0.1317138671875 0.2763671875 0.2899169921875 0.1925048828125
-0.199127197265625 0.169448852539063 0.39617919921875 0.068450927734375
-0.296844482421875 0.0841979980468751 0.59906005859375 -0.09930419921875
-0.41412353515625 0.12933349609375 0.86956787109375 -0.2147216796875
-0.414825439453125 0.123291015625 1.05670166015625 -0.30963134765625
-0.42987060546875 0.065460205078125 0.92535400390625 -0.3292236328125
-0.49853515625 0.14227294921875 0.570556640625 -0.488037109375
-0.4434814453125 0.178131103515625 0.1380615234375 -0.546875
-0.3717041015625 0.241668701171875 -0.28887939453125 -0.395111083984375
-0.171844482421875 0.34259033203125 -0.410400390625 -0.00366210937500004
-0.10308837890625 0.381988525390625 -0.367889404296875 0.35455322265625
0.08734130859375 0.373992919921875 -0.1402587890625 0.53460693359375
0.125091552734375 0.36456298828125 -0.27301025390625 0.61962890625
-0.0189399719238281 0.0597305297851563 0.13629150390625 -0.66815185546875
-0.0103683471679687 -0.0364570617675781 0.10968017578125 -0.60870361328125
-0.0174589157104492 -0.0123929977416992 0.294891357421875 -0.3243408203125
0.00940513610839844 -0.0018768310546875 0.3905029296875 -0.01007080078125
0.00790977478027344 -0.0196819305419922 0.22216796875 0.3822021484375
0.0179100036621094 -0.0542640686035156 -0.13323974609375 0.58868408203125
0.0160751342773437 -0.0437049865722656 -0.62701416015625 0.57806396484375
0.0345993041992187 -0.05364990234375 -0.92431640625 0.399169921875
0.0631217956542969 -0.0368194580078125 -1.0777587890625 0.331298828125
0.0392303466796875 -0.0284919738769531 -0.9390869140625 0.22869873046875
0.0421409606933594 -0.0226898193359375 -0.546173095703125 0.160888671875
0.047332763671875 -0.0266799926757813 -0.26739501953125 -0.0352020263671875
0.0226345062255859 -0.0183010101318359 -0.248794555664063 -0.259735107421875
0.00880813598632813 -0.0359001159667969 -0.50799560546875 -0.421142578125
-0.0108985900878906 -0.0209827423095703 -0.76812744140625 -0.60748291015625
0.155548095703125 0.38397216796875 0.1824951171875 -0.62542724609375
0.09765625 0.2864990234375 0.179931640625 -0.5767822265625
-0.04376220703125 0.37860107421875 0.3101806640625 -0.3203125
-0.177978515625 0.317840576171875 0.43292236328125 -0.013397216796875
-0.317901611328125 0.201873779296875 0.260162353515625 0.34893798828125
-0.3897705078125 0.139404296875 -0.0996704101562501 0.58306884765625
-0.40997314453125 0.101104736328125 -0.5506591796875 0.58624267578125
-0.37384033203125 -0.019439697265625 -0.8394775390625 0.40264892578125
-0.3577880859375 0.0448608398437501 -1.0267333984375 0.34906005859375
-0.3193359375 0.0478820800781251 -0.912841796875 0.24884033203125
-0.2557373046875 0.072998046875 -0.543304443359375 0.155670166015625
-0.130722045898437 0.154556274414063 -0.274078369140625 -0.0400543212890625
-0.11328125 0.201614379882812 -0.25213623046875 -0.2432861328125
-0.00177001953125001 0.236602783203125 -0.485198974609375 -0.4097900390625
0.0656585693359375 0.25439453125 -0.76434326171875 -0.596923828125
0.2872314453125 0.654296875 0.2916259765625 -0.49383544921875
0.179595947265625 0.55877685546875 0.30023193359375 -0.462738037109375
-0.07318115234375 0.71160888671875 0.35101318359375 -0.277069091796875
-0.340576171875 0.59197998046875 0.49298095703125 -0.020355224609375
-0.60308837890625 0.39617919921875 0.3397216796875 0.268096923828125
-0.74554443359375 0.3126220703125 0.0229797363281249 0.49456787109375
-0.771484375 0.2281494140625 -0.345001220703125 0.504608154296875
-0.7235107421875 0.0146484375000001 -0.6181640625 0.34613037109375
-0.7384033203125 0.1279296875 -0.86505126953125 0.317138671875
-0.6597900390625 0.1435546875 -0.826171875 0.23291015625
-0.5469970703125 0.202484130859375 -0.539825439453125 0.131683349609375
-0.296630859375 0.36578369140625 -0.307525634765625 -0.03436279296875
-0.229736328125 0.441619873046875 -0.294708251953125 -0.196746826171875
0.00405883789062498 0.502655029296875 -0.4716796875 -0.341552734375
0.141754150390625 0.50390625 -0.740234375 -0.49078369140625
0.359619140625 0.82476806640625 0.43463134765625 -0.29473876953125
0.2127685546875 0.729248046875 0.438446044921875 -0.280303955078125
-0.11529541015625 0.9163818359375 0.398101806640625 -0.1937255859375
-0.4583740234375 0.7587890625 0.546661376953125 -0.022308349609375
-0.79583740234375 0.5174560546875 0.441650390625 0.150299072265625
-0.985107421875 0.43450927734375 0.216522216796875 0.334625244140625
-1.0045166015625 0.315673828125 -0.0433654785156251 0.35589599609375
-0.962646484375 0.0513916015625 -0.297760009765625 0.242218017578125
-1.0155029296875 0.20941162109375 -0.60162353515625 0.22869873046875
-0.93048095703125 0.2611083984375 -0.67242431640625 0.160888671875
-0.78387451171875 0.36895751953125 -0.518768310546875 0.07391357421875
-0.4095458984375 0.59466552734375 -0.35272216796875 -0.0186767578124999
-0.29522705078125 0.68023681640625 -0.351715087890625 -0.103759765625
0.0433959960937501 0.727783203125 -0.447296142578125 -0.203643798828125
0.2169189453125 0.68951416015625 -0.687744140625 -0.2967529296875
0.35888671875 0.8636474609375 0.57958984375 -0.0571899414062499
0.1915283203125 0.76287841796875 0.554351806640625 -0.063079833984375
-0.16046142578125 0.94049072265625 0.424560546875 -0.0793762207031249
-0.51153564453125 0.761474609375 0.56549072265625 -0.00531005859374995
-0.8531494140625 0.51361083984375 0.535797119140625 0.03350830078125
-1.058837890625 0.4542236328125 0.43463134765625 0.139984130859375
-1.07940673828125 0.342041015625 0.2994384765625 0.1617431640625
-1.0531005859375 0.0774536132812498 0.0719909667968749 0.0987091064453125
-1.14453125 0.2666015625 -0.269546508789063 0.0738525390625001
-1.06005859375 0.3553466796875 -0.457061767578125 0.0102539062500001
-0.89849853515625 0.50592041015625 -0.475341796875 -0.032012939453125
-0.4459228515625 0.7581787109375 -0.391204833984375 -0.00158691406249996
-0.29888916015625 0.84423828125 -0.389495849609375 0.0309143066406251
0.10198974609375 0.8575439453125 -0.389251708984375 -0.01007080078125
0.27227783203125 0.7802734375 -0.59954833984375 -0.0516357421875
0.29168701171875 0.77685546875 0.69464111328125 0.1746826171875
0.13043212890625 0.6666259765625 0.6151123046875 0.1463623046875
-0.198974609375 0.795654296875 0.409759521484375 0.04229736328125
-0.4814453125 0.6087646484375 0.53631591796875 0.025970458984375
-0.76434326171875 0.39251708984375 0.5928955078125 -0.0528564453125
-0.9644775390625 0.378662109375 0.62994384765625 -0.03558349609375
-0.98504638671875 0.30584716796875 0.623779296875 -0.0338134765625
-0.98223876953125 0.0923461914062501 0.43292236328125 -0.060302734375
-1.09307861328125 0.27850341796875 0.0748748779296874 -0.125457763671875
-1.0107421875 0.37860107421875 -0.21990966796875 -0.191436767578125
-0.851806640625 0.53369140625 -0.412933349609375 -0.168182373046875
-0.40301513671875 0.7706298828125 -0.4122314453125 0.00695800781250004
-0.25213623046875 0.8504638671875 -0.396209716796875 0.171905517578125
0.1422119140625 0.83953857421875 -0.2978515625 0.202850341796875
0.27911376953125 0.75531005859375 -0.481689453125 0.2117919921875
0.18359375 0.5897216796875 0.7725830078125 0.37054443359375
0.06768798828125 0.482940673828125 0.6116943359375 0.31353759765625
-0.1907958984375 0.54742431640625 0.355560302734375 0.13690185546875
-0.368804931640625 0.385040283203125 0.470489501953125 0.0540771484375
-0.559814453125 0.229248046875 0.61138916015625 -0.09417724609375
-0.72882080078125 0.25421142578125 0.77667236328125 -0.15936279296875
-0.749755859375 0.2269287109375 0.886962890625 -0.20172119140625
-0.76544189453125 0.0895385742187501 0.7320556640625 -0.213623046875
-0.86456298828125 0.239501953125 0.370758056640625 -0.329315185546875
-0.78875732421875 0.3165283203125 -0.00946044921875009 -0.3946533203125
-0.66107177734375 0.435302734375 -0.345794677734375 -0.300933837890625
-0.30419921875 0.61602783203125 -0.41448974609375 0.00482177734374999
-0.178955078125 0.68359375 -0.379302978515625 0.289947509765625
0.14190673828125 0.66717529296875 -0.20098876953125 0.3974609375
0.2318115234375 0.60955810546875 -0.362060546875 0.451141357421875
0.064239501953125 0.328582763671875 0.80633544921875 0.4991455078125
0.029815673828125 0.254806518554688 0.5721435546875 0.4130859375
-0.126388549804687 0.280136108398438 0.29443359375 0.190155029296875
-0.196533203125 0.172821044921875 0.397430419921875 0.061614990234375
-0.2978515625 0.088592529296875 0.5994873046875 -0.10845947265625
-0.41448974609375 0.135894775390625 0.86566162109375 -0.23101806640625
-0.41339111328125 0.1319580078125 1.05596923828125 -0.32696533203125
-0.43035888671875 0.0713500976562499 0.92474365234375 -0.344970703125
-0.4986572265625 0.149932861328125 0.56597900390625 -0.5
-0.442352294921875 0.185516357421875 0.131256103515625 -0.552093505859375
-0.368927001953125 0.24969482421875 -0.295745849609375 -0.39251708984375
-0.166595458984375 0.346771240234375 -0.41156005859375 0.00201416015625004
-0.096710205078125 0.3856201171875 -0.361907958984375 0.36102294921875
0.092620849609375 0.37310791015625 -0.131988525390625 0.536376953125
0.130462646484375 0.364349365234375 -0.2667236328125 0.62396240234375
-0.0169334411621094 0.0601577758789062 0.12603759765625 -0.670654296875
-0.0120697021484375 -0.0359001159667969 0.0997314453125 -0.6102294921875
-0.0177688598632813 -0.0123443603515625 0.290435791015625 -0.33148193359375
0.00999641418457031 -0.00273609161376953 0.390655517578125 -0.01788330078125
0.00779151916503906 -0.0199394226074219 0.22705078125 0.378997802734375
0.0176239013671875 -0.0545158386230469 -0.1239013671875 0.5927734375
0.0157508850097656 -0.0442047119140625 -0.618896484375 0.58990478515625
0.034149169921875 -0.0541419982910156 -0.917724609375 0.4144287109375
0.0628471374511719 -0.03753662109375 -1.07275390625 0.34808349609375
0.0391769409179688 -0.0289077758789063 -0.93499755859375 0.24566650390625
0.0410003662109375 -0.0226898193359375 -0.544403076171875 0.171356201171875
0.0465850830078125 -0.0279045104980469 -0.269638061523438 -0.0326232910156249
0.0221118927001953 -0.0190086364746094 -0.253738403320312 -0.2567138671875
0.00815200805664063 -0.0360679626464844 -0.516510009765625 -0.41278076171875
-0.0110015869140625 -0.0201702117919922 -0.780029296875 -0.59747314453125
0.1632080078125 0.381500244140625 0.1741943359375 -0.62982177734375
0.101287841796875 0.285308837890625 0.16961669921875 -0.58038330078125
-0.03692626953125 0.380340576171875 0.306549072265625 -0.326446533203125
-0.172119140625 0.321044921875 0.432952880859375 -0.0205078125
-0.315032958984375 0.207916259765625 0.264923095703125 0.344696044921875
-0.388153076171875 0.14654541015625 -0.0896606445312501 0.58648681640625
-0.409271240234375 0.108123779296875 -0.54083251953125 0.5963134765625
-0.374847412109375 -0.013946533203125 -0.8323974609375 0.4150390625
-0.357635498046875 0.051666259765625 -1.0213623046875 0.36798095703125
-0.3182373046875 0.053680419921875 -0.9095458984375 0.26495361328125
-0.255538940429687 0.077362060546875 -0.541900634765625 0.164154052734375
-0.12896728515625 0.155624389648437 -0.276168823242188 -0.0366058349609375
-0.110321044921875 0.203125 -0.256851196289063 -0.24041748046875
0.0018768310546875 0.236663818359375 -0.4921875 -0.403045654296875
0.070037841796875 0.254470825195313 -0.77581787109375 -0.58428955078125
0.30047607421875 0.64971923828125 0.2864990234375 -0.500030517578125
0.188232421875 0.555511474609375 0.292724609375 -0.468475341796875
-0.06097412109375 0.71392822265625 0.3472900390625 -0.283447265625
-0.33209228515625 0.5977783203125 0.492156982421875 -0.028717041015625
-0.6002197265625 0.4061279296875 0.34320068359375 0.2615966796875
-0.741943359375 0.32733154296875 0.0304565429687499 0.49688720703125
-0.76959228515625 0.2408447265625 -0.337158203125 0.511322021484375
-0.724609375 0.02667236328125 -0.6124267578125 0.35406494140625
-0.735595703125 0.14111328125 -0.85980224609375 0.3310546875
-0.65899658203125 0.15435791015625 -0.82354736328125 0.247314453125
-0.546051025390625 0.212493896484375 -0.537322998046875 0.13922119140625
-0.290557861328125 0.369842529296875 -0.308868408203125 -0.0306396484375
-0.222991943359375 0.44525146484375 -0.2972412109375 -0.193389892578125
0.012115478515625 0.5018310546875 -0.477752685546875 -0.334716796875
0.149017333984375 0.503662109375 -0.748046875 -0.47845458984375
0.3739013671875 0.8184814453125 0.431427001953125 -0.3021240234375
0.22442626953125 0.72625732421875 0.43475341796875 -0.28802490234375
-0.09637451171875 0.919189453125 0.394287109375 -0.20098876953125
-0.44586181640625 0.76654052734375 0.54638671875 -0.03240966796875
-0.79095458984375 0.52911376953125 0.4447021484375 0.14251708984375
-0.98040771484375 0.45135498046875 0.221221923828125 0.333770751953125
-1.003173828125 0.33306884765625 -0.035888671875 0.3570556640625
-0.9632568359375 0.0654907226562502 -0.292938232421875 0.24542236328125
-1.01446533203125 0.2303466796875 -0.59661865234375 0.23992919921875
-0.9273681640625 0.2763671875 -0.66912841796875 0.17138671875
-0.77984619140625 0.3829345703125 -0.5164794921875 0.0828857421875
-0.40087890625 0.60015869140625 -0.353485107421875 -0.013702392578125
-0.2841796875 0.6861572265625 -0.35125732421875 -0.100677490234375
0.0568237304687499 0.7261962890625 -0.45147705078125 -0.19775390625
0.22760009765625 0.6875 -0.6932373046875 -0.28759765625
0.3760986328125 0.85845947265625 0.5802001953125 -0.0681762695312499
0.2017822265625 0.759521484375 0.55377197265625 -0.07269287109375
-0.1424560546875 0.94378662109375 0.425140380859375 -0.0849609374999999
-0.5 0.7698974609375 0.56610107421875 -0.01513671875
-0.847412109375 0.526611328125 0.53509521484375 0.023712158203125
-1.05499267578125 0.47216796875 0.436004638671875 0.135711669921875
-1.07562255859375 0.36138916015625 0.303680419921875 0.156890869140625
-1.05255126953125 0.09417724609375 0.0751495361328124 0.096771240234375
-1.141845703125 0.2869873046875 -0.267715454101563 0.0788269042968751
-1.05780029296875 0.3731689453125 -0.45684814453125 0.0166320800781251
-0.8924560546875 0.52154541015625 -0.47705078125 -0.024200439453125
-0.43438720703125 0.7657470703125 -0.392242431640625 0.00469970703125001
-0.28314208984375 0.85089111328125 -0.387115478515625 0.03497314453125
0.11761474609375 0.85650634765625 -0.389892578125 -0.00552368164062487
0.2841796875 0.7783203125 -0.601318359375 -0.0419921875
0.3048095703125 0.7747802734375 0.70062255859375 0.1646728515625
0.14056396484375 0.66607666015625 0.61700439453125 0.13641357421875
-0.18487548828125 0.79949951171875 0.412384033203125 0.036041259765625
-0.4718017578125 0.6153564453125 0.537017822265625 0.01739501953125
-0.7598876953125 0.40435791015625 0.59210205078125 -0.062255859375
-0.95892333984375 0.39434814453125 0.6295166015625 -0.04388427734375
-0.9830322265625 0.32147216796875 0.6248779296875 -0.044677734375
-0.9830322265625 0.10748291015625 0.43365478515625 -0.067901611328125
-1.08978271484375 0.2998046875 0.0743637084960937 -0.126991271972656
-1.00823974609375 0.39544677734375 -0.222244262695313 -0.188644409179687
-0.84661865234375 0.548583984375 -0.415191650390625 -0.162994384765625
-0.38861083984375 0.77783203125 -0.41131591796875 0.0132141113281251
-0.237060546875 0.8560791015625 -0.391143798828125 0.177459716796875
0.15887451171875 0.83782958984375 -0.29449462890625 0.206756591796875
0.292236328125 0.7523193359375 -0.482818603515625 0.21923828125
0.19342041015625 0.58831787109375 0.78033447265625 0.35894775390625
0.0733032226562499 0.48126220703125 0.61767578125 0.304443359375
-0.180908203125 0.551116943359375 0.35955810546875 0.1328125
-0.3629150390625 0.39056396484375 0.470245361328125 0.04632568359375
-0.5587158203125 0.2354736328125 0.609619140625 -0.1046142578125
-0.726318359375 0.26837158203125 0.77496337890625 -0.17138671875
-0.74700927734375 0.24102783203125 0.8851318359375 -0.21728515625
-0.76556396484375 0.0994873046875001 0.73126220703125 -0.22662353515625
-0.861328125 0.2529296875 0.367156982421875 -0.336181640625
-0.7855224609375 0.329345703125 -0.0149230957031251 -0.396728515625
-0.65655517578125 0.44659423828125 -0.35076904296875 -0.2972412109375
-0.29241943359375 0.6226806640625 -0.414398193359375 0.0104064941406251
-0.168212890625 0.6893310546875 -0.37255859375 0.295074462890625
0.15362548828125 0.66595458984375 -0.195159912109375 0.398681640625
0.24267578125 0.60675048828125 -0.356658935546875 0.4569091796875
0.069061279296875 0.3289794921875 0.81597900390625 0.48748779296875
0.0329437255859375 0.253890991210938 0.579833984375 0.40386962890625
-0.120880126953125 0.28302001953125 0.29937744140625 0.1873779296875
-0.194549560546875 0.175247192382813 0.39849853515625 0.05645751953125
-0.298004150390625 0.092315673828125 0.59844970703125 -0.118408203125
-0.413818359375 0.14312744140625 0.86285400390625 -0.24456787109375
-0.41314697265625 0.13897705078125 1.051025390625 -0.3436279296875
-0.430267333984375 0.07781982421875 0.91986083984375 -0.3612060546875
-0.496551513671875 0.15960693359375 0.559661865234375 -0.509368896484375
-0.442596435546875 0.192718505859375 0.123321533203125 -0.556793212890625
-0.365814208984375 0.255859375 -0.300537109375 -0.38970947265625
-0.160858154296875 0.349822998046875 -0.410736083984375 0.00915527343750002
-0.09027099609375 0.388336181640625 -0.3529052734375 0.3675537109375
0.0989990234375 0.3712158203125 -0.124114990234375 0.536773681640625
0.13720703125 0.362457275390625 -0.26019287109375 0.6290283203125
-0.0151100158691406 0.0602684020996094 0.1170654296875 -0.67181396484375
-0.0136909484863281 -0.0355567932128906 0.0884399414062499 -0.6103515625
-0.0182132720947266 -0.0114345550537109 0.284088134765625 -0.3358154296875
0.0102481842041016 -0.00382900238037109 0.38916015625 -0.024871826171875
0.00818252563476563 -0.0204658508300781 0.23382568359375 0.3765869140625
0.0174674987792969 -0.0543975830078125 -0.1158447265625 0.5958251953125
0.0150337219238281 -0.0446014404296875 -0.60711669921875 0.59881591796875
0.0336799621582031 -0.05474853515625 -0.908447265625 0.42767333984375
0.06195068359375 -0.0381317138671875 -1.0650634765625 0.36688232421875
0.0390777587890625 -0.0293731689453125 -0.9302978515625 0.26190185546875
0.0398101806640625 -0.0225753784179687 -0.542694091796875 0.179168701171875
0.0459976196289063 -0.0287246704101563 -0.270278930664063 -0.0294342041015625
0.0219593048095703 -0.0192623138427734 -0.257598876953125 -0.253143310546875
0.00726699829101563 -0.03594970703125 -0.523345947265625 -0.405731201171875
-0.0107822418212891 -0.0195217132568359 -0.78875732421875 -0.58416748046875
0.17034912109375 0.3790283203125 0.16558837890625 -0.63018798828125
0.1043701171875 0.28350830078125 0.15863037109375 -0.582275390625
-0.030609130859375 0.380950927734375 0.300079345703125 -0.331939697265625
-0.166717529296875 0.322601318359375 0.431793212890625 -0.029815673828125
-0.31243896484375 0.21197509765625 0.26910400390625 0.340850830078125
-0.38604736328125 0.152923583984375 -0.082763671875 0.589599609375
-0.407623291015625 0.11444091796875 -0.52862548828125 0.60382080078125
-0.374847412109375 -0.00848388671875 -0.823486328125 0.427001953125
-0.356353759765625 0.0577392578125 -1.0142822265625 0.38348388671875
-0.31817626953125 0.0588378906250001 -0.9033203125 0.2799072265625
-0.255477905273438 0.0820159912109375 -0.539520263671875 0.17230224609375
-0.126113891601563 0.1568603515625 -0.276657104492188 -0.03375244140625
-0.106582641601563 0.204299926757813 -0.259994506835938 -0.23797607421875
0.00648498535156252 0.235519409179688 -0.49835205078125 -0.395477294921875
0.0738372802734375 0.254806518554688 -0.78326416015625 -0.572265625
0.31170654296875 0.64398193359375 0.27960205078125 -0.504669189453125
0.1954345703125 0.5523681640625 0.284515380859375 -0.4725341796875
-0.04833984375 0.7147216796875 0.343414306640625 -0.28912353515625
-0.32147216796875 0.6025390625 0.491180419921875 -0.03753662109375
-0.593505859375 0.41558837890625 0.346527099609375 0.255889892578125
-0.7393798828125 0.33843994140625 0.0373840332031249 0.498046875
-0.7650146484375 0.25311279296875 -0.32794189453125 0.5164794921875
-0.7247314453125 0.0369873046875001 -0.6053466796875 0.3614501953125
-0.734375 0.1553955078125 -0.8531494140625 0.34796142578125
-0.65667724609375 0.16448974609375 -0.81842041015625 0.26251220703125
-0.544281005859375 0.22027587890625 -0.535400390625 0.14892578125
-0.28387451171875 0.37249755859375 -0.30999755859375 -0.0270996093749999
-0.215789794921875 0.44866943359375 -0.299591064453125 -0.19049072265625
0.020233154296875 0.500823974609375 -0.483306884765625 -0.327423095703125
0.156036376953125 0.501922607421875 -0.75726318359375 -0.468505859375
0.38787841796875 0.81072998046875 0.429229736328125 -0.3089599609375
0.2352294921875 0.72064208984375 0.430389404296875 -0.296142578125
-0.08258056640625 0.9200439453125 0.3931884765625 -0.205169677734375
-0.435302734375 0.77178955078125 0.545318603515625 -0.0408935546874999
-0.7835693359375 0.5438232421875 0.444305419921875 0.135406494140625
-0.97479248046875 0.46722412109375 0.225128173828125 0.33123779296875
-0.99560546875 0.35064697265625 -0.0288085937500001 0.357177734375
-0.9630126953125 0.0806884765625002 -0.287994384765625 0.24871826171875
-1.01068115234375 0.24639892578125 -0.5908203125 0.24945068359375
-0.92535400390625 0.2928466796875 -0.66510009765625 0.18212890625
-0.77685546875 0.39593505859375 -0.51727294921875 0.0899353027343749
-0.3907470703125 0.6060791015625 -0.353912353515625 -0.00915527343749995
-0.273681640625 0.68939208984375 -0.3524169921875 -0.0962219238281249
0.0703125 0.72430419921875 -0.4554443359375 -0.191619873046875
0.2379150390625 0.684326171875 -0.69903564453125 -0.2760009765625
0.3887939453125 0.85247802734375 0.58026123046875 -0.0770263671874999
0.214111328125 0.754638671875 0.553192138671875 -0.082305908203125
-0.128662109375 0.9453125 0.424102783203125 -0.0904846191406249
-0.4866943359375 0.77642822265625 0.56439208984375 -0.0240478515624999
-0.8427734375 0.5404052734375 0.535247802734375 0.0145263671875
-1.048828125 0.48785400390625 0.4385986328125 0.130401611328125
-1.06842041015625 0.37762451171875 0.3067626953125 0.15106201171875
-1.05181884765625 0.10845947265625 0.0775299072265624 0.09454345703125
-1.1383056640625 0.3077392578125 -0.265090942382813 0.08355712890625
-1.0537109375 0.39019775390625 -0.45562744140625 0.0240173339843749
-0.8883056640625 0.5343017578125 -0.4769287109375 -0.01788330078125
-0.42138671875 0.7713623046875 -0.390533447265625 0.00918579101562505
-0.2681884765625 0.8544921875 -0.384552001953125 0.0404052734375001
0.13238525390625 0.85223388671875 -0.38873291015625 -0.00195312499999999
0.29693603515625 0.77484130859375 -0.6026611328125 -0.0322265624999999
0.3170166015625 0.7694091796875 0.70477294921875 0.1536865234375
0.1492919921875 0.66180419921875 0.6207275390625 0.12506103515625
-0.16973876953125 0.80120849609375 0.413970947265625 0.03118896484375
-0.46295166015625 0.6236572265625 0.536895751953125 0.00765991210937504
-0.75579833984375 0.41461181640625 0.591064453125 -0.07159423828125
-0.9527587890625 0.408203125 0.62860107421875 -0.05291748046875
-0.97735595703125 0.33782958984375 0.62420654296875 -0.05389404296875
-0.9815673828125 0.11962890625 0.43304443359375 -0.075347900390625
-1.083984375 0.3189697265625 0.0730895996093749 -0.127822875976562
-1.00152587890625 0.4119873046875 -0.22393798828125 -0.186187744140625
-0.83905029296875 0.563720703125 -0.41778564453125 -0.15826416015625
-0.37750244140625 0.78369140625 -0.411041259765625 0.0187683105468751
-0.2213134765625 0.8587646484375 -0.38555908203125 0.182647705078125
0.1712646484375 0.83306884765625 -0.2913818359375 0.208099365234375
0.3031005859375 0.74896240234375 -0.480499267578125 0.22650146484375
0.20245361328125 0.58551025390625 0.7855224609375 0.34539794921875
0.0802001953125 0.4776611328125 0.62384033203125 0.2939453125
-0.171478271484375 0.553070068359375 0.3634033203125 0.128082275390625
-0.357513427734375 0.394561767578125 0.470977783203125 0.037628173828125
-0.55718994140625 0.24383544921875 0.608642578125 -0.11474609375
-0.72210693359375 0.27923583984375 0.77142333984375 -0.182373046875
-0.7430419921875 0.25311279296875 0.8802490234375 -0.23040771484375
-0.76373291015625 0.1124267578125 0.727783203125 -0.238525390625
-0.8592529296875 0.26885986328125 0.362945556640625 -0.34149169921875
-0.78240966796875 0.3427734375 -0.019927978515625 -0.397216796875
-0.64862060546875 0.4588623046875 -0.355133056640625 -0.29400634765625
-0.28302001953125 0.62774658203125 -0.412506103515625 0.0174865722656251
-0.15625 0.6917724609375 -0.36541748046875 0.300201416015625
0.16375732421875 0.6614990234375 -0.189300537109375 0.39959716796875
0.25146484375 0.60333251953125 -0.352142333984375 0.46044921875
0.07513427734375 0.32867431640625 0.8236083984375 0.47412109375
0.0359039306640625 0.252365112304688 0.5853271484375 0.39410400390625
-0.11541748046875 0.28497314453125 0.303131103515625 0.183746337890625
-0.191940307617188 0.177947998046875 0.399749755859375 0.05047607421875
-0.2977294921875 0.0966186523437501 0.59527587890625 -0.1290283203125
-0.411773681640625 0.14910888671875 0.858154296875 -0.25592041015625
-0.41033935546875 0.1470947265625 1.04241943359375 -0.35992431640625
-0.42913818359375 0.084197998046875 0.9129638671875 -0.3736572265625
-0.49346923828125 0.16796875 0.550567626953125 -0.5191650390625
-0.440277099609375 0.20001220703125 0.116302490234375 -0.560455322265625
-0.3624267578125 0.262115478515625 -0.305511474609375 -0.386322021484375
-0.15423583984375 0.351959228515625 -0.409454345703125 0.01568603515625
-0.084381103515625 0.39031982421875 -0.346527099609375 0.372314453125
0.1053466796875 0.36846923828125 -0.115631103515625 0.53607177734375
0.142730712890625 0.36090087890625 -0.25213623046875 0.63311767578125
-0.0129165649414063 0.0605354309082031 0.10888671875 -0.67108154296875
-0.0153694152832031 -0.0348834991455078 0.0790405273437501 -0.60809326171875
-0.0179843902587891 -0.0110206604003906 0.278961181640625 -0.34033203125
0.0102872848510742 -0.00491619110107422 0.38720703125 -0.03173828125
0.00837898254394531 -0.0210056304931641 0.2371826171875 0.372955322265625
0.01715087890625 -0.0546455383300781 -0.108154296875 0.59759521484375
0.0140533447265625 -0.04534912109375 -0.59661865234375 0.60845947265625
0.0330619812011719 -0.0552444458007813 -0.8985595703125 0.4385986328125
0.06158447265625 -0.0389022827148438 -1.0592041015625 0.3828125
0.0389785766601563 -0.02978515625 -0.92413330078125 0.2781982421875
0.0390281677246094 -0.0223464965820313 -0.539154052734375 0.18780517578125
0.0448799133300781 -0.0293540954589844 -0.271224975585938 -0.02642822265625
0.0217475891113281 -0.0197925567626953 -0.262237548828125 -0.249649047851563
0.00735092163085938 -0.0359230041503906 -0.528045654296875 -0.396026611328125
-0.0103931427001953 -0.0183639526367188 -0.79400634765625 -0.57244873046875
0.176483154296875 0.375518798828125 0.15594482421875 -0.63226318359375
0.10760498046875 0.281524658203125 0.1494140625 -0.582763671875
-0.02386474609375 0.380859375 0.294952392578125 -0.337310791015625
-0.161865234375 0.323883056640625 0.430267333984375 -0.0364990234375
-0.309478759765625 0.21630859375 0.272857666015625 0.336456298828125
-0.383148193359375 0.1591796875 -0.0744628906250001 0.59033203125
-0.4061279296875 0.12030029296875 -0.52008056640625 0.6103515625
-0.374603271484375 -0.00292968750000004 -0.8135986328125 0.4365234375
-0.354522705078125 0.0643310546875 -1.005859375 0.398681640625
-0.316619873046875 0.0640258789062499 -0.89727783203125 0.29412841796875
-0.254364013671875 0.0863037109375 -0.53656005859375 0.18023681640625
-0.123565673828125 0.157730102539062 -0.277389526367188 -0.0308837890625
-0.1025390625 0.204620361328125 -0.26324462890625 -0.234115600585938
0.00987243652343748 0.235015869140625 -0.50341796875 -0.38580322265625
0.0784149169921875 0.253707885742188 -0.79315185546875 -0.559814453125
0.32275390625 0.638427734375 0.273101806640625 -0.50921630859375
0.20245361328125 0.547637939453125 0.277587890625 -0.476531982421875
-0.03643798828125 0.71356201171875 0.33843994140625 -0.294769287109375
-0.31341552734375 0.605712890625 0.489013671875 -0.045928955078125
-0.5869140625 0.42333984375 0.3477783203125 0.24981689453125
-0.73291015625 0.3499755859375 0.045074462890625 0.497222900390625
-0.7596435546875 0.26446533203125 -0.31866455078125 0.520294189453125
-0.723388671875 0.0471801757812499 -0.59735107421875 0.3687744140625
-0.728271484375 0.16607666015625 -0.84454345703125 0.35760498046875
-0.65380859375 0.17633056640625 -0.81298828125 0.27410888671875
-0.54193115234375 0.229034423828125 -0.53216552734375 0.15496826171875
-0.27783203125 0.375396728515625 -0.3101806640625 -0.02398681640625
-0.20654296875 0.44940185546875 -0.300933837890625 -0.186309814453125
0.0283203125 0.497711181640625 -0.486236572265625 -0.320587158203125
0.163360595703125 0.4989013671875 -0.76177978515625 -0.45477294921875
0.4005126953125 0.8037109375 0.424957275390625 -0.315277099609375
0.243896484375 0.71636962890625 0.42584228515625 -0.302947998046875
-0.06732177734375 0.9188232421875 0.38958740234375 -0.2109375
-0.4228515625 0.77630615234375 0.542999267578125 -0.050079345703125
-0.77545166015625 0.55352783203125 0.445343017578125 0.1285400390625
-0.96734619140625 0.48046875 0.229827880859375 0.32916259765625
-0.99066162109375 0.36407470703125 -0.0223388671875 0.35601806640625
-0.96002197265625 0.0912475585937501 -0.282623291015625 0.25048828125
-1.00506591796875 0.262451171875 -0.5859375 0.25811767578125
-0.91986083984375 0.3062744140625 -0.65948486328125 0.1922607421875
-0.76898193359375 0.40673828125 -0.51531982421875 0.096832275390625
-0.3807373046875 0.60797119140625 -0.35302734375 -0.00506591796874993
-0.25958251953125 0.69195556640625 -0.351531982421875 -0.0919494628906249
0.0811767578124999 0.721435546875 -0.455780029296875 -0.18682861328125
0.2479248046875 0.6817626953125 -0.702392578125 -0.26519775390625
0.40191650390625 0.84466552734375 0.578857421875 -0.0867309570312499
0.2227783203125 0.74993896484375 0.552276611328125 -0.090362548828125
-0.1121826171875 0.94610595703125 0.424041748046875 -0.0967407226562499
-0.4749755859375 0.7813720703125 0.56378173828125 -0.0338134765625
-0.833984375 0.55047607421875 0.5341796875 0.00497436523437503
-1.041748046875 0.5030517578125 0.43853759765625 0.125213623046875
-1.06201171875 0.39520263671875 0.310150146484375 0.145782470703125
-1.0498046875 0.12353515625 0.0799407958984374 0.0918960571289063
-1.132080078125 0.325927734375 -0.2618408203125 0.08819580078125
-1.04931640625 0.40850830078125 -0.45404052734375 0.0308837890624999
-0.88018798828125 0.54736328125 -0.4765625 -0.0119018554687499
-0.409912109375 0.7760009765625 -0.390045166015625 0.015045166015625
-0.25457763671875 0.85711669921875 -0.382568359375 0.0447998046875001
0.14453125 0.84814453125 -0.388519287109375 0.00140380859375002
0.30792236328125 0.7689208984375 -0.60394287109375 -0.024658203125
0.3275146484375 0.7623291015625 0.70733642578125 0.1409912109375
0.15704345703125 0.656982421875 0.6220703125 0.116455078125
-0.15631103515625 0.8028564453125 0.41571044921875 0.0250244140625001
-0.4525146484375 0.62640380859375 0.53668212890625 0.000335693359375038
-0.74896240234375 0.42529296875 0.58819580078125 -0.08233642578125
-0.94586181640625 0.42303466796875 0.626220703125 -0.0599365234375
-0.97088623046875 0.35443115234375 0.6241455078125 -0.06591796875
-0.97906494140625 0.1329345703125 0.43157958984375 -0.0823974609375
-1.078369140625 0.3367919921875 0.0714950561523437 -0.128852844238281
-0.9970703125 0.42767333984375 -0.22515869140625 -0.182479858398437
-0.83087158203125 0.576171875 -0.419342041015625 -0.153076171875
-0.3643798828125 0.7872314453125 -0.409149169921875 0.0242919921875001
-0.2086181640625 0.8612060546875 -0.379486083984375 0.18731689453125
0.1829833984375 0.8282470703125 -0.28839111328125 0.210601806640625
0.31298828125 0.74420166015625 -0.47802734375 0.233642578125
0.2115478515625 0.58154296875 0.7894287109375 0.33197021484375
0.08544921875 0.475830078125 0.62615966796875 0.28277587890625
-0.161163330078125 0.55511474609375 0.36566162109375 0.124114990234375
-0.351348876953125 0.39849853515625 0.471466064453125 0.03179931640625
-0.55267333984375 0.252288818359375 0.60382080078125 -0.12408447265625
-0.71728515625 0.2896728515625 0.76641845703125 -0.19091796875
-0.7381591796875 0.26446533203125 0.875244140625 -0.2437744140625
-0.7608642578125 0.12139892578125 0.7213134765625 -0.2498779296875
-0.85479736328125 0.28106689453125 0.356719970703125 -0.346923828125
-0.77679443359375 0.35321044921875 -0.0244140625000001 -0.397369384765625
-0.64263916015625 0.46826171875 -0.357452392578125 -0.28900146484375
-0.27313232421875 0.63104248046875 -0.412017822265625 0.0235290527343751
-0.1456298828125 0.69293212890625 -0.35833740234375 0.30340576171875
0.17352294921875 0.65679931640625 -0.182708740234375 0.3997802734375
0.260498046875 0.5992431640625 -0.346405029296875 0.463836669921875
0.080169677734375 0.3277587890625 0.82861328125 0.4598388671875
0.03790283203125 0.250442504882813 0.59088134765625 0.38470458984375
-0.109649658203125 0.285888671875 0.306304931640625 0.17987060546875
-0.1893310546875 0.179901123046875 0.399444580078125 0.045013427734375
-0.29705810546875 0.100830078125 0.59161376953125 -0.13775634765625
-0.4091796875 0.156707763671875 0.85223388671875 -0.26641845703125
-0.406707763671875 0.153594970703125 1.03753662109375 -0.3778076171875
-0.426727294921875 0.0895996093749999 0.90484619140625 -0.386474609375
-0.490966796875 0.176055908203125 0.5418701171875 -0.527618408203125
-0.4376220703125 0.20697021484375 0.1087646484375 -0.56298828125
-0.358184814453125 0.2672119140625 -0.310760498046875 -0.38287353515625
-0.148345947265625 0.353912353515625 -0.407562255859375 0.0213623046875
-0.07720947265625 0.392425537109375 -0.33782958984375 0.375823974609375
0.11126708984375 0.366729736328125 -0.10748291015625 0.53631591796875
0.14849853515625 0.357696533203125 -0.24383544921875 0.63592529296875
-0.0107040405273438 0.0608978271484375 0.10040283203125 -0.67120361328125
-0.0166912078857422 -0.0342807769775391 0.0699462890625 -0.60662841796875
-0.0179328918457031 -0.0104885101318359 0.2735595703125 -0.34423828125
0.0105257034301758 -0.00603103637695313 0.383697509765625 -0.03790283203125
0.00868797302246094 -0.0216274261474609 0.239654541015625 0.369476318359375
0.0172576904296875 -0.0540542602539062 -0.100341796875 0.59814453125
0.0134391784667969 -0.0453071594238281 -0.586181640625 0.615478515625
0.0325698852539062 -0.055419921875 -0.8905029296875 0.44842529296875
0.0610580444335937 -0.03955078125 -1.04888916015625 0.3988037109375
0.0387420654296875 -0.030181884765625 -0.91748046875 0.29150390625
0.0379905700683594 -0.0226516723632813 -0.535308837890625 0.195556640625
0.0441131591796875 -0.0301856994628906 -0.2713623046875 -0.0239105224609375
0.0215415954589844 -0.0201778411865234 -0.265762329101563 -0.246475219726562
0.00675582885742188 -0.0358200073242188 -0.531097412109375 -0.386383056640625
-0.0101566314697266 -0.0179920196533203 -0.80120849609375 -0.5599365234375
0.183197021484375 0.371551513671875 0.1485595703125 -0.6324462890625
0.110458374023438 0.278289794921875 0.14111328125 -0.58306884765625
-0.0185546875 0.38031005859375 0.289398193359375 -0.340606689453125
-0.156707763671875 0.324859619140625 0.42791748046875 -0.0433349609375
-0.305633544921875 0.21954345703125 0.27655029296875 0.331298828125
-0.38067626953125 0.164581298828125 -0.06640625 0.59136962890625
-0.403411865234375 0.1258544921875 -0.51068115234375 0.61572265625
-0.37371826171875 0.00146484374999994 -0.80352783203125 0.44610595703125
-0.35247802734375 0.0694580078125 -0.995361328125 0.41180419921875
-0.314666748046875 0.0690612792968749 -0.890380859375 0.30596923828125
-0.253372192382813 0.0900878906249999 -0.533294677734375 0.1875
-0.121231079101563 0.158203125 -0.278167724609375 -0.027923583984375
-0.0989990234375 0.205352783203125 -0.266250610351563 -0.231124877929688
0.013336181640625 0.23321533203125 -0.50677490234375 -0.378814697265625
0.081512451171875 0.252899169921875 -0.79620361328125 -0.548828125
0.33148193359375 0.63116455078125 0.266326904296875 -0.509368896484375
0.208740234375 0.5435791015625 0.269317626953125 -0.47955322265625
-0.0262451171875 0.71282958984375 0.333740234375 -0.297607421875
-0.30364990234375 0.6080322265625 0.486358642578125 -0.05322265625
-0.58197021484375 0.431396484375 0.34979248046875 0.24432373046875
-0.726318359375 0.35992431640625 0.0503234863281249 0.4969482421875
-0.75543212890625 0.27496337890625 -0.309173583984375 0.5218505859375
-0.721435546875 0.0555419921875001 -0.5892333984375 0.37591552734375
-0.7244873046875 0.17633056640625 -0.83563232421875 0.37060546875
-0.64923095703125 0.185302734375 -0.80474853515625 0.284912109375
-0.537994384765625 0.23651123046875 -0.529876708984375 0.16204833984375
-0.271240234375 0.376556396484375 -0.310546875 -0.02105712890625
-0.19830322265625 0.450469970703125 -0.302581787109375 -0.18310546875
0.03582763671875 0.4945068359375 -0.48992919921875 -0.3131103515625
0.169921875 0.497100830078125 -0.76690673828125 -0.4439697265625
0.411865234375 0.79461669921875 0.420623779296875 -0.320709228515625
0.2515869140625 0.70892333984375 0.419952392578125 -0.307830810546875
-0.0536499023437499 0.9190673828125 0.386383056640625 -0.215667724609375
-0.40972900390625 0.7796630859375 0.53997802734375 -0.0578613281249999
-0.76568603515625 0.5616455078125 0.4442138671875 0.12109375
-0.96002197265625 0.49359130859375 0.23345947265625 0.326904296875
-0.98321533203125 0.37847900390625 -0.01617431640625 0.35345458984375
-0.95745849609375 0.104248046875 -0.277420043945313 0.2523193359375
-0.998291015625 0.27679443359375 -0.5792236328125 0.26690673828125
-0.91436767578125 0.3187255859375 -0.6552734375 0.2005615234375
-0.76397705078125 0.4178466796875 -0.513824462890625 0.102752685546875
-0.3702392578125 0.61083984375 -0.3531494140625 -0.0015563964843749
-0.248291015625 0.69305419921875 -0.3511962890625 -0.0883789062499999
0.0899658203124999 0.71612548828125 -0.4586181640625 -0.1812744140625
0.25726318359375 0.6781005859375 -0.705810546875 -0.25616455078125
0.414306640625 0.83673095703125 0.57794189453125 -0.0955810546874999
0.23248291015625 0.744140625 0.54840087890625 -0.0985107421875
-0.09564208984375 0.94427490234375 0.421478271484375 -0.102203369140625
-0.46282958984375 0.78466796875 0.55999755859375 -0.04058837890625
-0.82586669921875 0.56072998046875 0.5322265625 -0.00183105468749997
-1.03399658203125 0.51605224609375 0.439239501953125 0.120208740234375
-1.0538330078125 0.40826416015625 0.312286376953125 0.1402587890625
-1.0445556640625 0.13580322265625 0.0815200805664062 0.0892715454101563
-1.12261962890625 0.342529296875 -0.259674072265625 0.0913391113281251
-1.04168701171875 0.41943359375 -0.450592041015625 0.035858154296875
-0.87188720703125 0.55987548828125 -0.476837158203125 -0.004913330078125
-0.39703369140625 0.77703857421875 -0.388397216796875 0.0187072753906251
-0.24151611328125 0.857177734375 -0.3795166015625 0.0482788085937501
0.1568603515625 0.841552734375 -0.38824462890625 0.00595092773437512
0.31744384765625 0.76458740234375 -0.6051025390625 -0.0155029296875
0.33929443359375 0.7567138671875 0.70672607421875 0.13031005859375
0.16424560546875 0.6519775390625 0.62310791015625 0.10589599609375
-0.143310546875 0.80224609375 0.415557861328125 0.01934814453125
-0.44329833984375 0.62994384765625 0.534576416015625 -0.00692749023437496
-0.74298095703125 0.43487548828125 0.584716796875 -0.08984375
-0.939453125 0.4349365234375 0.6234130859375 -0.06658935546875
-0.96337890625 0.36712646484375 0.6220703125 -0.07427978515625
-0.97503662109375 0.145263671875 0.430572509765625 -0.08917236328125
-1.07037353515625 0.35260009765625 0.0706558227539062 -0.129524230957031
-0.99072265625 0.44091796875 -0.226394653320313 -0.179916381835937
-0.82275390625 0.58575439453125 -0.4205322265625 -0.1475830078125
-0.352294921875 0.78887939453125 -0.407501220703125 0.028961181640625
-0.1951904296875 0.861572265625 -0.37396240234375 0.18975830078125
0.19586181640625 0.822509765625 -0.2847900390625 0.21124267578125
0.32318115234375 0.73907470703125 -0.47540283203125 0.238861083984375
0.22064208984375 0.57672119140625 0.79150390625 0.32037353515625
0.09014892578125 0.47125244140625 0.628662109375 0.27227783203125
-0.150970458984375 0.554534912109375 0.367645263671875 0.119171142578125
-0.345062255859375 0.4012451171875 0.468994140625 0.02496337890625
-0.549560546875 0.257232666015625 0.60052490234375 -0.13262939453125
-0.7125244140625 0.29766845703125 0.76092529296875 -0.200439453125
-0.73150634765625 0.274658203125 0.87176513671875 -0.2576904296875
-0.7584228515625 0.13067626953125 0.71783447265625 -0.2593994140625
-0.846923828125 0.29327392578125 0.350921630859375 -0.3516845703125
-0.77154541015625 0.3638916015625 -0.02947998046875 -0.39691162109375
-0.6353759765625 0.4764404296875 -0.360595703125 -0.284271240234375
-0.261962890625 0.63250732421875 -0.4097900390625 0.0284423828125001
-0.13543701171875 0.69415283203125 -0.35113525390625 0.307403564453125
0.18359375 0.651611328125 -0.177276611328125 0.3995361328125
0.26837158203125 0.59515380859375 -0.34185791015625 0.469207763671875
0.084381103515625 0.326568603515625 0.832275390625 0.44720458984375
0.0399627685546875 0.24853515625 0.5947265625 0.37554931640625
-0.104248046875 0.285919189453125 0.3089599609375 0.176361083984375
-0.18634033203125 0.181365966796875 0.39898681640625 0.039825439453125
-0.29583740234375 0.103729248046875 0.58758544921875 -0.1456298828125
-0.40667724609375 0.16156005859375 0.84417724609375 -0.2769775390625
-0.40313720703125 0.1591796875 1.02618408203125 -0.38995361328125
-0.422882080078125 0.0950927734375001 0.897216796875 -0.39935302734375
-0.487823486328125 0.18328857421875 0.533172607421875 -0.533782958984375
-0.433990478515625 0.213165283203125 0.1014404296875 -0.56298828125
-0.35382080078125 0.271453857421875 -0.31439208984375 -0.37896728515625
-0.1424560546875 0.354949951171875 -0.406005859375 0.026611328125
-0.070770263671875 0.39208984375 -0.32904052734375 0.380035400390625
0.115386962890625 0.3616943359375 -0.100830078125 0.535003662109375
0.152557373046875 0.35455322265625 -0.2376708984375 0.63763427734375
-0.00896835327148437 0.0607261657714844 0.092529296875 -0.6685791015625
-0.0179023742675781 -0.0335025787353516 0.06048583984375 -0.60406494140625
-0.0180568695068359 -0.00980186462402344 0.2679443359375 -0.347412109375
0.0102310180664063 -0.00710487365722656 0.3814697265625 -0.042236328125
0.00846481323242188 -0.0220470428466797 0.243194580078125 0.3651123046875
0.017120361328125 -0.0541305541992188 -0.0931396484375 0.59716796875
0.012939453125 -0.0453758239746094 -0.5755615234375 0.61944580078125
0.0320320129394531 -0.056121826171875 -0.8790283203125 0.45941162109375
0.0601348876953125 -0.0402374267578125 -1.037841796875 0.41180419921875
0.0385551452636719 -0.0302200317382813 -0.9105224609375 0.30364990234375
0.0371856689453125 -0.02191162109375 -0.53070068359375 0.202850341796875
0.0430717468261719 -0.0311927795410156 -0.271347045898437 -0.021240234375
0.0209102630615234 -0.0205135345458984 -0.26861572265625 -0.242584228515625
0.00577545166015625 -0.0356712341308594 -0.53515625 -0.37933349609375
-0.00968360900878906 -0.0171175003051758 -0.8060302734375 -0.5487060546875
0.188323974609375 0.368316650390625 0.14239501953125 -0.63116455078125
0.112442016601563 0.276748657226563 0.1322021484375 -0.582763671875
-0.012908935546875 0.37921142578125 0.2835693359375 -0.344970703125
-0.152496337890625 0.32525634765625 0.42510986328125 -0.0501708984375
-0.3021240234375 0.223724365234375 0.2772216796875 0.327178955078125
-0.376434326171875 0.168914794921875 -0.0596923828125 0.591552734375
-0.400787353515625 0.13079833984375 -0.4996337890625 0.6202392578125
-0.37286376953125 0.00579833984374999 -0.794677734375 0.4549560546875
-0.34979248046875 0.0753173828125 -0.9859619140625 0.42413330078125
-0.3126220703125 0.073028564453125 -0.8817138671875 0.318603515625
-0.252822875976563 0.09375 -0.52923583984375 0.1942138671875
-0.119155883789062 0.158416748046875 -0.278488159179688 -0.02587890625
-0.09576416015625 0.204742431640625 -0.26885986328125 -0.228790283203125
0.0160980224609375 0.231536865234375 -0.510589599609375 -0.3709716796875
0.08538818359375 0.251419067382813 -0.8004150390625 -0.53662109375
0.34039306640625 0.62408447265625 0.2613525390625 -0.5140380859375
0.214019775390625 0.53863525390625 0.263031005859375 -0.481903076171875
-0.0155029296875001 0.71142578125 0.328887939453125 -0.30224609375
-0.2950439453125 0.60888671875 0.4837646484375 -0.06072998046875
-0.5745849609375 0.43743896484375 0.351318359375 0.2396240234375
-0.7196044921875 0.36962890625 0.05682373046875 0.4964599609375
-0.75006103515625 0.28350830078125 -0.30072021484375 0.523162841796875
-0.71923828125 0.0626831054687499 -0.5799560546875 0.37921142578125
-0.718994140625 0.18817138671875 -0.82623291015625 0.380615234375
-0.64532470703125 0.19384765625 -0.79815673828125 0.29644775390625
-0.533599853515625 0.24322509765625 -0.526214599609375 0.168243408203125
-0.266632080078125 0.37847900390625 -0.31036376953125 -0.01788330078125
-0.191802978515625 0.45074462890625 -0.30322265625 -0.17987060546875
0.043243408203125 0.492462158203125 -0.492218017578125 -0.3065185546875
0.176055908203125 0.493896484375 -0.77166748046875 -0.43231201171875
0.4215087890625 0.78662109375 0.416595458984375 -0.326812744140625
0.25921630859375 0.70343017578125 0.41552734375 -0.312255859375
-0.04022216796875 0.9154052734375 0.382781982421875 -0.219879150390625
-0.3992919921875 0.78411865234375 0.53765869140625 -0.0670166015625
-0.75872802734375 0.57037353515625 0.44439697265625 0.1143798828125
-0.949462890625 0.50506591796875 0.236572265625 0.324615478515625
-0.9769287109375 0.3897705078125 -0.011138916015625 0.352447509765625
-0.95465087890625 0.1158447265625 -0.272491455078125 0.253189086914062
-0.99090576171875 0.2901611328125 -0.57293701171875 0.2740478515625
-0.90728759765625 0.3297119140625 -0.64959716796875 0.20928955078125
-0.757568359375 0.4259033203125 -0.51177978515625 0.107635498046875
-0.3609619140625 0.61322021484375 -0.352142333984375 0.00210571289062496
-0.23828125 0.6923828125 -0.349822998046875 -0.0850524902343749
0.09942626953125 0.7113037109375 -0.459442138671875 -0.17669677734375
0.265869140625 0.67340087890625 -0.70751953125 -0.2464599609375
0.42498779296875 0.82806396484375 0.57562255859375 -0.103515625
0.2384033203125 0.73681640625 0.547027587890625 -0.1068115234375
-0.0830688476562499 0.941650390625 0.419097900390625 -0.105743408203125
-0.4522705078125 0.7872314453125 0.55828857421875 -0.0489196777343749
-0.81640625 0.5697021484375 0.52996826171875 -0.00912475585937497
-1.0234375 0.52911376953125 0.439544677734375 0.115570068359375
-1.04534912109375 0.4215087890625 0.313690185546875 0.1343994140625
-1.04119873046875 0.14654541015625 0.0834197998046874 0.0861740112304688
-1.11517333984375 0.3555908203125 -0.256332397460938 0.0947723388671876
-1.033203125 0.43121337890625 -0.4482421875 0.0408325195312501
-0.862548828125 0.57086181640625 -0.474700927734375 6.10351562500259E-05
-0.38592529296875 0.77972412109375 -0.38702392578125 0.0223388671875001
-0.225830078125 0.85723876953125 -0.374969482421875 0.0518798828125
0.16748046875 0.83575439453125 -0.3865966796875 0.00936889648437505
0.32757568359375 0.7584228515625 -0.602783203125 -0.00866699218749996
0.3475341796875 0.74847412109375 0.70648193359375 0.12042236328125
0.17034912109375 0.6461181640625 0.6217041015625 0.097412109375
-0.13079833984375 0.800048828125 0.4151611328125 0.016448974609375
-0.43341064453125 0.6337890625 0.53240966796875 -0.01458740234375
-0.73492431640625 0.4415283203125 0.5810546875 -0.09814453125
-0.9310302734375 0.44622802734375 0.61968994140625 -0.07318115234375
-0.95513916015625 0.37908935546875 0.61907958984375 -0.08282470703125
-0.9716796875 0.15618896484375 0.427520751953125 -0.094970703125
-1.06170654296875 0.36505126953125 0.0695190429687499 -0.129852294921875
-0.98211669921875 0.45343017578125 -0.226882934570313 -0.176956176757813
-0.81536865234375 0.5968017578125 -0.42083740234375 -0.142578125
-0.3406982421875 0.79034423828125 -0.4052734375 0.032562255859375
-0.181396484375 0.860595703125 -0.369049072265625 0.193634033203125
0.20745849609375 0.81597900390625 -0.2803955078125 0.212448120117188
0.3316650390625 0.7320556640625 -0.47119140625 0.24371337890625
0.2269287109375 0.57269287109375 0.79425048828125 0.30792236328125
0.0939636230468749 0.467926025390625 0.62982177734375 0.26312255859375
-0.142822265625 0.553680419921875 0.3687744140625 0.115753173828125
-0.33880615234375 0.403717041015625 0.468353271484375 0.01861572265625
-0.546051025390625 0.262664794921875 0.5958251953125 -0.1409912109375
-0.70721435546875 0.30621337890625 0.7557373046875 -0.2081298828125
-0.7244873046875 0.28448486328125 0.8638916015625 -0.2681884765625
-0.75372314453125 0.13946533203125 0.71148681640625 -0.26800537109375
-0.8406982421875 0.3052978515625 0.345916748046875 -0.355194091796875
-0.76507568359375 0.37432861328125 -0.0334472656250001 -0.3970947265625
-0.62969970703125 0.482666015625 -0.362884521484375 -0.279693603515625
-0.25457763671875 0.6331787109375 -0.407470703125 0.0330810546875001
-0.1241455078125 0.6929931640625 -0.3433837890625 0.30987548828125
0.19140625 0.64666748046875 -0.17193603515625 0.3985595703125
0.275146484375 0.58978271484375 -0.335906982421875 0.471221923828125
0.088958740234375 0.325408935546875 0.83404541015625 0.43402099609375
0.041473388671875 0.246322631835938 0.59619140625 0.36602783203125
-0.098785400390625 0.286956787109375 0.3114013671875 0.1729736328125
-0.183639526367188 0.183029174804687 0.39727783203125 0.0338134765625
-0.294677734375 0.10693359375 0.5828857421875 -0.15301513671875
-0.40411376953125 0.16656494140625 0.83880615234375 -0.286376953125
-0.397705078125 0.1650390625 1.01904296875 -0.4044189453125
-0.42083740234375 0.0994873046875001 0.8896484375 -0.40875244140625
-0.482818603515625 0.190887451171875 0.52386474609375 -0.54022216796875
-0.431427001953125 0.2183837890625 0.094482421875 -0.56561279296875
-0.348876953125 0.2752685546875 -0.318511962890625 -0.37445068359375
-0.13720703125 0.35528564453125 -0.404296875 0.0325927734375
-0.06585693359375 0.39202880859375 -0.322174072265625 0.381072998046875
0.119842529296875 0.35992431640625 -0.0943603515624999 0.532196044921875
0.156982421875 0.35223388671875 -0.229736328125 0.63726806640625
-0.00683212280273438 0.0598526000976562 0.0855712890625001 -0.66632080078125
-0.0193214416503906 -0.0326004028320313 0.05426025390625 -0.60076904296875
-0.0183200836181641 -0.00954818725585937 0.2620849609375 -0.350677490234375
0.0103960037231445 -0.00836944580078125 0.3780517578125 -0.04718017578125
0.00838661193847656 -0.0225105285644531 0.2449951171875 0.361846923828125
0.0175209045410156 -0.0539207458496094 -0.0861206054687499 0.5972900390625
0.0125350952148437 -0.0457077026367188 -0.56695556640625 0.6243896484375
0.0313644409179687 -0.0563201904296875 -0.86834716796875 0.46539306640625
0.0597305297851562 -0.040557861328125 -1.02789306640625 0.42266845703125
0.0383796691894531 -0.030364990234375 -0.9019775390625 0.312744140625
0.0359573364257813 -0.0217208862304688 -0.526611328125 0.208343505859375
0.0418052673339844 -0.0314140319824219 -0.271148681640625 -0.0192718505859375
0.0205020904541016 -0.0209999084472656 -0.271286010742188 -0.239852905273438
0.00593185424804688 -0.0352630615234375 -0.5374755859375 -0.3704833984375
-0.00940132141113281 -0.0167112350463867 -0.80975341796875 -0.53729248046875
0.192962646484375 0.363983154296875 0.13616943359375 -0.63232421875
0.114181518554687 0.27423095703125 0.12603759765625 -0.58111572265625
-0.00799560546874998 0.37872314453125 0.27960205078125 -0.346435546875
-0.148284912109375 0.32470703125 0.420806884765625 -0.054840087890625
-0.2989501953125 0.22528076171875 0.280517578125 0.32281494140625
-0.373443603515625 0.17327880859375 -0.05267333984375 0.5906982421875
-0.3978271484375 0.13580322265625 -0.4886474609375 0.623291015625
-0.371490478515625 0.00939941406250004 -0.78497314453125 0.45928955078125
-0.347625732421875 0.079345703125 -0.97552490234375 0.43499755859375
-0.3104248046875 0.0770568847656249 -0.87615966796875 0.32733154296875
-0.251510620117188 0.0969085693359375 -0.525604248046875 0.199462890625
-0.1170654296875 0.157821655273437 -0.278427124023438 -0.0234832763671875
-0.0933380126953125 0.204437255859375 -0.269927978515625 -0.22552490234375
0.0191802978515625 0.230224609375 -0.512603759765625 -0.364471435546875
0.088653564453125 0.250595092773438 -0.80474853515625 -0.5252685546875
0.3463134765625 0.6177978515625 0.255157470703125 -0.513885498046875
0.217681884765625 0.532562255859375 0.256011962890625 -0.482147216796875
-0.00708007812499997 0.70916748046875 0.32269287109375 -0.305389404296875
-0.28717041015625 0.6104736328125 0.480682373046875 -0.067474365234375
-0.569580078125 0.4407958984375 0.350982666015625 0.234039306640625
-0.71331787109375 0.37554931640625 0.0616149902343749 0.49609375
-0.74359130859375 0.29205322265625 -0.292144775390625 0.525604248046875
-0.71661376953125 0.0711669921875 -0.57330322265625 0.38348388671875
-0.71356201171875 0.1956787109375 -0.81890869140625 0.39019775390625
-0.64208984375 0.20147705078125 -0.7904052734375 0.3046875
-0.53009033203125 0.2491455078125 -0.522979736328125 0.17352294921875
-0.261383056640625 0.377716064453125 -0.310089111328125 -0.015625
-0.1854248046875 0.449554443359375 -0.303955078125 -0.177490234375
0.047882080078125 0.48834228515625 -0.4931640625 -0.301361083984375
0.18231201171875 0.490936279296875 -0.77276611328125 -0.423095703125
0.43084716796875 0.778564453125 0.41265869140625 -0.330108642578125
0.263916015625 0.6959228515625 0.410491943359375 -0.3165283203125
-0.0269775390625 0.912109375 0.380645751953125 -0.22344970703125
-0.38922119140625 0.78497314453125 0.532867431640625 -0.072235107421875
-0.750244140625 0.57537841796875 0.442474365234375 0.108367919921875
-0.94146728515625 0.5145263671875 0.240753173828125 0.322113037109375
-0.96746826171875 0.39898681640625 -0.00613403320312507 0.350494384765625
-0.9505615234375 0.1246337890625 -0.267105102539063 0.253311157226563
-0.9830322265625 0.29864501953125 -0.56695556640625 0.27978515625
-0.902587890625 0.34136962890625 -0.64434814453125 0.21392822265625
-0.75189208984375 0.43353271484375 -0.50823974609375 0.11431884765625
-0.352294921875 0.61224365234375 -0.351409912109375 0.00457763671875004
-0.22845458984375 0.69317626953125 -0.34857177734375 -0.08245849609375
0.10906982421875 0.70623779296875 -0.459930419921875 -0.1724853515625
0.27191162109375 0.6689453125 -0.70794677734375 -0.2359619140625
0.43194580078125 0.81915283203125 0.57354736328125 -0.1094970703125
0.24542236328125 0.7301025390625 0.54345703125 -0.1134033203125
-0.0715942382812501 0.93939208984375 0.41802978515625 -0.110443115234375
-0.44036865234375 0.78875732421875 0.55560302734375 -0.05548095703125
-0.80877685546875 0.57623291015625 0.52618408203125 -0.017120361328125
-1.014892578125 0.539794921875 0.439788818359375 0.11175537109375
-1.03680419921875 0.4327392578125 0.315185546875 0.128936767578125
-1.03515625 0.1563720703125 0.0846939086914062 0.08355712890625
-1.107177734375 0.3687744140625 -0.253097534179688 0.0972442626953126
-1.0262451171875 0.44622802734375 -0.445037841796875 0.0457153320312501
-0.8546142578125 0.5775146484375 -0.47320556640625 0.00430297851562511
-0.37591552734375 0.77960205078125 -0.38604736328125 0.02581787109375
-0.21661376953125 0.85675048828125 -0.3726806640625 0.0538330078125001
0.17694091796875 0.82818603515625 -0.386322021484375 0.0119323730468751
0.33428955078125 0.7540283203125 -0.6031494140625 -0.00274658203124988
0.35498046875 0.7431640625 0.70648193359375 0.1114501953125
0.17620849609375 0.640380859375 0.620849609375 0.0889892578125001
-0.12005615234375 0.79681396484375 0.415130615234375 0.0124816894531251
-0.42462158203125 0.6353759765625 0.529632568359375 -0.02130126953125
-0.730224609375 0.4464111328125 0.5767822265625 -0.1043701171875
-0.92462158203125 0.45703125 0.61663818359375 -0.07672119140625
-0.94842529296875 0.38861083984375 0.6158447265625 -0.09051513671875
-0.9652099609375 0.16619873046875 0.426513671875 -0.101043701171875
-1.052490234375 0.37835693359375 0.0681915283203124 -0.130126953125
-0.97625732421875 0.4642333984375 -0.227447509765625 -0.174880981445312
-0.804931640625 0.6033935546875 -0.42108154296875 -0.137237548828125
-0.32958984375 0.79095458984375 -0.403594970703125 0.036865234375
-0.17034912109375 0.86126708984375 -0.363494873046875 0.1953125
0.21551513671875 0.80859375 -0.278396606445313 0.213119506835938
0.33880615234375 0.7274169921875 -0.46868896484375 0.2486572265625
0.2333984375 0.56768798828125 0.7938232421875 0.29541015625
0.097625732421875 0.463775634765625 0.6318359375 0.25628662109375
-0.134857177734375 0.5538330078125 0.369659423828125 0.112091064453125
-0.3331298828125 0.404632568359375 0.464324951171875 0.013671875
-0.542449951171875 0.267242431640625 0.590576171875 -0.148193359375
-0.70281982421875 0.3145751953125 0.75018310546875 -0.21466064453125
-0.719482421875 0.29180908203125 0.8590087890625 -0.27557373046875
-0.7489013671875 0.1470947265625 0.70721435546875 -0.27642822265625
-0.83349609375 0.31561279296875 0.341094970703125 -0.357513427734375
-0.76055908203125 0.38262939453125 -0.0371093750000001 -0.39593505859375
-0.6209716796875 0.48907470703125 -0.364715576171875 -0.276641845703125
-0.244873046875 0.63421630859375 -0.405029296875 0.0375976562500001
-0.11431884765625 0.69244384765625 -0.336456298828125 0.311126708984375
0.1978759765625 0.64044189453125 -0.16668701171875 0.39752197265625
0.27972412109375 0.5853271484375 -0.33074951171875 0.473663330078125
0.092742919921875 0.324371337890625 0.8360595703125 0.42254638671875
0.0431976318359375 0.244979858398437 0.597900390625 0.35711669921875
-0.094451904296875 0.28668212890625 0.3131103515625 0.170196533203125
-0.181243896484375 0.183837890625 0.395233154296875 0.030242919921875
-0.293670654296875 0.109893798828125 0.57830810546875 -0.159423828125
-0.40142822265625 0.170196533203125 0.83062744140625 -0.29473876953125
-0.395233154296875 0.169525146484375 1.0084228515625 -0.412841796875
-0.419036865234375 0.10394287109375 0.88177490234375 -0.41754150390625
-0.47857666015625 0.196075439453125 0.515594482421875 -0.542755126953125
-0.428192138671875 0.223236083984375 0.087890625 -0.5654296875
-0.34515380859375 0.278289794921875 -0.321044921875 -0.3707275390625
-0.132537841796875 0.356109619140625 -0.401580810546875 0.036102294921875
-0.05999755859375 0.391693115234375 -0.314727783203125 0.383148193359375
0.12371826171875 0.356536865234375 -0.0880126953125 0.5303955078125
0.160003662109375 0.348724365234375 -0.22418212890625 0.63848876953125
-0.00534057617187499 0.0597610473632813 0.0794677734375 -0.6641845703125
-0.0200042724609375 -0.0318698883056641 0.04766845703125 -0.59796142578125
-0.0179824829101563 -0.00891494750976563 0.25689697265625 -0.353668212890625
0.0103588104248047 -0.00912857055664063 0.37530517578125 -0.052154541015625
0.00870323181152344 -0.0230827331542969 0.247650146484375 0.35797119140625
0.0175895690917969 -0.0538482666015625 -0.080810546875 0.596923828125
0.0117263793945312 -0.0454826354980469 -0.55596923828125 0.6280517578125
0.0308494567871094 -0.0566673278808594 -0.85888671875 0.47003173828125
0.0593833923339844 -0.0407180786132813 -1.0194091796875 0.43212890625
0.0381431579589844 -0.0301170349121094 -0.89483642578125 0.322998046875
0.0351753234863281 -0.0212745666503906 -0.522308349609375 0.212799072265625
0.0410537719726563 -0.0322952270507812 -0.271163940429687 -0.01678466796875
0.0201759338378906 -0.0211830139160156 -0.273101806640625 -0.236465454101563
0.00522994995117188 -0.03533935546875 -0.53997802734375 -0.363006591796875
-0.00894832611083984 -0.0157308578491211 -0.8118896484375 -0.52740478515625
0.1973876953125 0.360076904296875 0.1295166015625 -0.629638671875
0.116165161132812 0.272186279296875 0.11956787109375 -0.57904052734375
-0.00335693359374997 0.376617431640625 0.273590087890625 -0.349273681640625
-0.1439208984375 0.324127197265625 0.418060302734375 -0.0595703125
-0.29595947265625 0.22686767578125 0.281585693359375 0.319183349609375
-0.370025634765625 0.1767578125 -0.0469970703125 0.5904541015625
-0.395050048828125 0.1387939453125 -0.4815673828125 0.6259765625
-0.36968994140625 0.0131225585937499 -0.7760009765625 0.4637451171875
-0.344940185546875 0.0830383300781249 -0.96539306640625 0.44287109375
-0.308349609375 0.080291748046875 -0.86529541015625 0.3367919921875
-0.250289916992188 0.0997467041015625 -0.520599365234375 0.203857421875
-0.115447998046875 0.157730102539063 -0.278427124023438 -0.0222625732421875
-0.090362548828125 0.203994750976563 -0.272064208984375 -0.2227783203125
0.0211181640625 0.22796630859375 -0.515045166015625 -0.357513427734375
0.0909271240234375 0.249282836914063 -0.80682373046875 -0.5157470703125
0.35333251953125 0.61181640625 0.252105712890625 -0.51531982421875
0.221099853515625 0.529327392578125 0.250457763671875 -0.4840087890625
0.00122070312499996 0.70538330078125 0.319244384765625 -0.30780029296875
-0.2794189453125 0.61041259765625 0.475250244140625 -0.073486328125
-0.56256103515625 0.44512939453125 0.350341796875 0.22833251953125
-0.70654296875 0.38226318359375 0.06500244140625 0.495208740234375
-0.7381591796875 0.29827880859375 -0.285888671875 0.524658203125
-0.71319580078125 0.0780029296875 -0.56561279296875 0.3865966796875
-0.70782470703125 0.20147705078125 -0.80938720703125 0.3970947265625
-0.63653564453125 0.20916748046875 -0.7840576171875 0.31048583984375
-0.526580810546875 0.254302978515625 -0.51934814453125 0.17730712890625
-0.25665283203125 0.377349853515625 -0.309600830078125 -0.01361083984375
-0.179962158203125 0.448089599609375 -0.304229736328125 -0.174224853515625
0.053802490234375 0.48529052734375 -0.495330810546875 -0.295318603515625
0.186553955078125 0.48748779296875 -0.77484130859375 -0.4139404296875
0.43902587890625 0.7705078125 0.4093017578125 -0.334136962890625
0.27008056640625 0.69000244140625 0.4058837890625 -0.320098876953125
-0.01416015625 0.9085693359375 0.376220703125 -0.227020263671875
-0.3807373046875 0.7855224609375 0.530487060546875 -0.07879638671875
-0.743408203125 0.580810546875 0.44134521484375 0.1038818359375
-0.9320068359375 0.5238037109375 0.24346923828125 0.32061767578125
-0.960205078125 0.40838623046875 -0.0018005371093751 0.34796142578125
-0.946533203125 0.1331787109375 -0.263137817382813 0.252975463867188
-0.9747314453125 0.311767578125 -0.560028076171875 0.28515625
-0.89605712890625 0.34954833984375 -0.63873291015625 0.2215576171875
-0.74530029296875 0.44091796875 -0.505950927734375 0.118743896484375
-0.34490966796875 0.6116943359375 -0.3504638671875 0.00744628906250003
-0.22027587890625 0.69000244140625 -0.347015380859375 -0.080047607421875
0.11572265625 0.6998291015625 -0.458953857421875 -0.16644287109375
0.2786865234375 0.66448974609375 -0.70770263671875 -0.22808837890625
0.43994140625 0.8095703125 0.57208251953125 -0.11578369140625
0.24957275390625 0.72454833984375 0.5399169921875 -0.119384765625
-0.0599365234374999 0.93548583984375 0.41607666015625 -0.113372802734375
-0.4322509765625 0.790771484375 0.551910400390625 -0.061065673828125
-0.80206298828125 0.5811767578125 0.523590087890625 -0.021881103515625
-1.0054931640625 0.54754638671875 0.439605712890625 0.10894775390625
-1.029052734375 0.44293212890625 0.31591796875 0.12469482421875
-1.03057861328125 0.16693115234375 0.0854568481445312 0.0809478759765625
-1.0980224609375 0.38116455078125 -0.24981689453125 0.100189208984375
-1.01806640625 0.45660400390625 -0.441619873046875 0.0503540039062501
-0.84649658203125 0.58538818359375 -0.470977783203125 0.00952148437500003
-0.3658447265625 0.7791748046875 -0.383819580078125 0.028594970703125
-0.2059326171875 0.8546142578125 -0.36767578125 0.05572509765625
0.18719482421875 0.82159423828125 -0.38482666015625 0.0135498046875001
0.341064453125 0.74920654296875 -0.601806640625 0.00390625000000014
0.3624267578125 0.73614501953125 0.70556640625 0.10235595703125
0.179443359375 0.6356201171875 0.6187744140625 0.08148193359375
-0.110107421875 0.79351806640625 0.41461181640625 0.00842285156250005
-0.41650390625 0.63616943359375 0.52728271484375 -0.02642822265625
-0.72503662109375 0.45233154296875 0.57293701171875 -0.11102294921875
-0.91571044921875 0.46466064453125 0.61578369140625 -0.082275390625
-0.93792724609375 0.39788818359375 0.61328125 -0.09649658203125
-0.962158203125 0.1734619140625 0.42340087890625 -0.105621337890625
-1.04595947265625 0.3890380859375 0.0674896240234374 -0.130119323730469
-0.96923828125 0.4736328125 -0.227508544921875 -0.171966552734375
-0.7982177734375 0.6092529296875 -0.420562744140625 -0.134429931640625
-0.32183837890625 0.79095458984375 -0.401580810546875 0.0403747558593751
-0.160400390625 0.85986328125 -0.358245849609375 0.19659423828125
0.22271728515625 0.80328369140625 -0.276123046875 0.214218139648438
0.34381103515625 0.7218017578125 -0.467193603515625 0.251556396484375
0.23870849609375 0.5640869140625 0.79534912109375 0.2880859375
0.100189208984375 0.4603271484375 0.630615234375 0.24664306640625
-0.12762451171875 0.550994873046875 0.37017822265625 0.1082763671875
-0.327880859375 0.406219482421875 0.4635009765625 0.00936889648437502
-0.53912353515625 0.27203369140625 0.586181640625 -0.152587890625
-0.69744873046875 0.3211669921875 0.744384765625 -0.22088623046875
-0.71307373046875 0.29864501953125 0.8511962890625 -0.2860107421875
-0.744384765625 0.1527099609375 0.7000732421875 -0.28277587890625
-0.82647705078125 0.32354736328125 0.335693359375 -0.359771728515625
-0.7550048828125 0.390380859375 -0.039306640625 -0.39495849609375
-0.61541748046875 0.49432373046875 -0.365875244140625 -0.272308349609375
-0.2371826171875 0.63397216796875 -0.401824951171875 0.0412597656250001
-0.10711669921875 0.6910400390625 -0.3302001953125 0.31317138671875
0.20526123046875 0.63592529296875 -0.16253662109375 0.394439697265625
0.28594970703125 0.579833984375 -0.3267822265625 0.475494384765625
0.09686279296875 0.3223876953125 0.837890625 0.41119384765625
0.0440826416015625 0.242828369140625 0.599609375 0.35015869140625
-0.09014892578125 0.28631591796875 0.314422607421875 0.16766357421875
-0.178558349609375 0.184188842773438 0.393524169921875 0.0263671875
-0.292510986328125 0.1124267578125 0.57421875 -0.1636962890625
-0.39752197265625 0.17486572265625 0.82208251953125 -0.30084228515625
-0.39141845703125 0.17376708984375 1.0003662109375 -0.42529296875
-0.415802001953125 0.106475830078125 0.872802734375 -0.42474365234375
-0.473480224609375 0.202056884765625 0.5074462890625 -0.546905517578125
-0.424285888671875 0.22894287109375 0.08154296875 -0.5660400390625
-0.34136962890625 0.281768798828125 -0.323150634765625 -0.367919921875
-0.12762451171875 0.355316162109375 -0.39813232421875 0.0406494140625
-0.0555419921875 0.391143798828125 -0.307769775390625 0.38616943359375
0.126861572265625 0.352386474609375 -0.081878662109375 0.527679443359375
0.163177490234375 0.34600830078125 -0.2177734375 0.638427734375
-0.00387191772460938 0.0596237182617188 0.074951171875 -0.6610107421875
-0.0211410522460937 -0.0307235717773438 0.04156494140625 -0.594482421875
-0.0177478790283203 -0.00871086120605469 0.252532958984375 -0.354522705078125
0.00988101959228516 -0.0101242065429688 0.371917724609375 -0.055328369140625
0.00872802734375 -0.0240840911865234 0.249267578125 0.354644775390625
0.0174942016601562 -0.0539093017578125 -0.075439453125 0.596923828125
0.011138916015625 -0.04547119140625 -0.54742431640625 0.6300048828125
0.0301513671875 -0.0565948486328125 -0.85003662109375 0.47296142578125
0.0589485168457031 -0.0409088134765625 -1.00994873046875 0.43853759765625
0.0377769470214844 -0.0305824279785156 -0.88653564453125 0.330810546875
0.0343990325927734 -0.0206356048583984 -0.518646240234375 0.218048095703125
0.040283203125 -0.0328102111816406 -0.271240234375 -0.0152740478515625
0.0195789337158203 -0.0215473175048828 -0.275482177734375 -0.233306884765625
0.00531005859375 -0.0352439880371094 -0.540374755859375 -0.35626220703125
-0.00832080841064453 -0.0151157379150391 -0.81414794921875 -0.518798828125
0.200653076171875 0.3572998046875 0.1259765625 -0.629150390625
0.116653442382812 0.270523071289063 0.11279296875 -0.57757568359375
0.00027465820312497 0.375732421875 0.270172119140625 -0.35040283203125
-0.14093017578125 0.32342529296875 0.413360595703125 -0.064056396484375
-0.292999267578125 0.22894287109375 0.281463623046875 0.315460205078125
-0.366729736328125 0.179595947265625 -0.04205322265625 0.5902099609375
-0.392242431640625 0.142303466796875 -0.47216796875 0.62750244140625
-0.36907958984375 0.0152893066406251 -0.76751708984375 0.466064453125
-0.34185791015625 0.086029052734375 -0.95562744140625 0.45263671875
-0.306732177734375 0.083526611328125 -0.858642578125 0.34393310546875
-0.249191284179688 0.1024169921875 -0.516571044921875 0.20770263671875
-0.113845825195312 0.157318115234375 -0.2789306640625 -0.019989013671875
-0.0875396728515625 0.203659057617187 -0.273361206054688 -0.22003173828125
0.0229644775390625 0.2264404296875 -0.516326904296875 -0.35162353515625
0.0937652587890625 0.247787475585938 -0.80914306640625 -0.5054931640625
0.35858154296875 0.6048583984375 0.24627685546875 -0.516571044921875
0.224609375 0.525115966796875 0.245941162109375 -0.484375
0.0091552734375 0.7037353515625 0.31591796875 -0.3092041015625
-0.2730712890625 0.60968017578125 0.472198486328125 -0.07806396484375
-0.557403564453125 0.449310302734375 0.35009765625 0.22515869140625
-0.70050048828125 0.38787841796875 0.07110595703125 0.494720458984375
-0.73291015625 0.3050537109375 -0.2783203125 0.52520751953125
-0.71063232421875 0.0822143554687501 -0.558990478515625 0.386993408203125
-0.70318603515625 0.209716796875 -0.8026123046875 0.403076171875
-0.6328125 0.2135009765625 -0.776123046875 0.31719970703125
-0.5224609375 0.258331298828125 -0.51739501953125 0.18182373046875
-0.251708984375 0.377593994140625 -0.309295654296875 -0.0123596191406249
-0.174652099609375 0.447540283203125 -0.304779052734375 -0.17236328125
0.05682373046875 0.48114013671875 -0.495574951171875 -0.291473388671875
0.1920166015625 0.485015869140625 -0.77587890625 -0.4046630859375
0.444580078125 0.76434326171875 0.40557861328125 -0.33660888671875
0.274169921875 0.6839599609375 0.401641845703125 -0.323150634765625
-0.0075073242187499 0.90631103515625 0.373443603515625 -0.229034423828125
-0.3719482421875 0.78436279296875 0.52691650390625 -0.08306884765625
-0.73760986328125 0.58673095703125 0.438873291015625 0.0977783203125001
-0.92462158203125 0.53045654296875 0.2459716796875 0.318756103515625
-0.9539794921875 0.41656494140625 0.00308227539062497 0.345123291015625
-0.94171142578125 0.1390380859375 -0.25921630859375 0.25384521484375
-0.9681396484375 0.32208251953125 -0.553466796875 0.288818359375
-0.88897705078125 0.3580322265625 -0.6331787109375 0.2264404296875
-0.73895263671875 0.447509765625 -0.503387451171875 0.121826171875
-0.3385009765625 0.61114501953125 -0.349395751953125 0.00930786132812508
-0.21160888671875 0.690185546875 -0.345367431640625 -0.077484130859375
0.12158203125 0.69561767578125 -0.46075439453125 -0.162322998046875
0.28399658203125 0.65985107421875 -0.7086181640625 -0.2208251953125
0.4476318359375 0.804443359375 0.5682373046875 -0.1217041015625
0.252685546875 0.7188720703125 0.537261962890625 -0.124664306640625
-0.0495605468749999 0.93115234375 0.41351318359375 -0.1165771484375
-0.42364501953125 0.7918701171875 0.549285888671875 -0.06683349609375
-0.79534912109375 0.58673095703125 0.519500732421875 -0.02716064453125
-0.99847412109375 0.5548095703125 0.438629150390625 0.1063232421875
-1.02099609375 0.45062255859375 0.316558837890625 0.1202392578125
-1.02752685546875 0.17425537109375 0.0865173339843749 0.0783615112304688
-1.087646484375 0.39111328125 -0.2467041015625 0.102676391601563
-1.01336669921875 0.46575927734375 -0.43951416015625 0.05413818359375
-0.839599609375 0.59136962890625 -0.470489501953125 0.0130615234375
-0.35870361328125 0.7774658203125 -0.382293701171875 0.0303649902343751
-0.1962890625 0.85308837890625 -0.36541748046875 0.05755615234375
0.1923828125 0.816650390625 -0.38360595703125 0.015045166015625
0.34619140625 0.74322509765625 -0.6007080078125 0.010009765625
0.3709716796875 0.7301025390625 0.70367431640625 0.0941162109375
0.18359375 0.63104248046875 0.61676025390625 0.07415771484375
-0.10205078125 0.79156494140625 0.41314697265625 0.00619506835937505
-0.409912109375 0.63671875 0.523529052734375 -0.03173828125
-0.7193603515625 0.45745849609375 0.56781005859375 -0.115234375
-0.909423828125 0.4715576171875 0.6114501953125 -0.08612060546875
-0.93011474609375 0.40509033203125 0.610595703125 -0.10357666015625
-0.9569091796875 0.180419921875 0.4212646484375 -0.11029052734375
-1.03790283203125 0.3990478515625 0.0671081542968749 -0.129966735839844
-0.96234130859375 0.48358154296875 -0.227645874023438 -0.169952392578125
-0.790771484375 0.61737060546875 -0.4212646484375 -0.130340576171875
-0.3128662109375 0.7900390625 -0.398834228515625 0.043212890625
-0.15191650390625 0.8577880859375 -0.353240966796875 0.19732666015625
0.231689453125 0.7965087890625 -0.273773193359375 0.213363647460938
0.35186767578125 0.716064453125 -0.464080810546875 0.25433349609375
0.24365234375 0.560333251953125 0.79290771484375 0.27703857421875
0.102630615234375 0.45703125 0.63104248046875 0.23974609375
-0.121612548828125 0.550628662109375 0.370574951171875 0.1055908203125
-0.323638916015625 0.406524658203125 0.46148681640625 0.00527954101562503
-0.536102294921875 0.27557373046875 0.5828857421875 -0.157958984375
-0.6922607421875 0.32586669921875 0.73876953125 -0.22467041015625
-0.70867919921875 0.30419921875 0.84490966796875 -0.2919921875
-0.74114990234375 0.15826416015625 0.6964111328125 -0.28704833984375
-0.81939697265625 0.331298828125 0.33154296875 -0.361663818359375
-0.74993896484375 0.3970947265625 -0.0433349609375 -0.3935546875
-0.61114501953125 0.49884033203125 -0.366241455078125 -0.26934814453125
-0.23138427734375 0.63232421875 -0.399627685546875 0.043701171875
-0.0983886718750001 0.6890869140625 -0.325225830078125 0.31292724609375
0.2100830078125 0.630126953125 -0.159759521484375 0.39385986328125
0.291259765625 0.57666015625 -0.322357177734375 0.47650146484375
0.099822998046875 0.320953369140625 0.83734130859375 0.40087890625
0.04437255859375 0.2412109375 0.60064697265625 0.342529296875
-0.086578369140625 0.28533935546875 0.3160400390625 0.1649169921875
-0.176437377929688 0.184921264648437 0.392547607421875 0.02447509765625
-0.29180908203125 0.114776611328125 0.57073974609375 -0.16864013671875
-0.394561767578125 0.178924560546875 0.8167724609375 -0.30615234375
-0.38763427734375 0.176971435546875 0.9903564453125 -0.428466796875
-0.413665771484375 0.10882568359375 0.86474609375 -0.4307861328125
-0.47052001953125 0.20538330078125 0.50030517578125 -0.55035400390625
-0.422149658203125 0.231414794921875 0.0772705078125 -0.56549072265625
-0.337921142578125 0.283843994140625 -0.3255615234375 -0.36541748046875
-0.124420166015625 0.355194091796875 -0.395355224609375 0.0437927246093751
-0.051177978515625 0.390655517578125 -0.301361083984375 0.38525390625
0.128936767578125 0.350006103515625 -0.07806396484375 0.524810791015625
0.166351318359375 0.34375 -0.213623046875 0.63800048828125
-0.00200271606445312 0.0589790344238281 0.0723266601562499 -0.6591796875
-0.0217189788818359 -0.0301780700683594 0.0369262695312501 -0.59063720703125
-0.0177440643310547 -0.00818252563476563 0.248626708984375 -0.355987548828125
0.00972938537597656 -0.0109930038452148 0.369720458984375 -0.058380126953125
0.00847053527832031 -0.0243244171142578 0.249755859375 0.353240966796875
0.0178756713867188 -0.0538673400878906 -0.0709838867187499 0.595703125
0.0109367370605469 -0.0454940795898438 -0.5411376953125 0.63232421875
0.0298690795898438 -0.0565376281738281 -0.84197998046875 0.47674560546875
0.0586776733398437 -0.0412025451660156 -1.00054931640625 0.4451904296875
0.0380287170410156 -0.0306892395019531 -0.87957763671875 0.3380126953125
0.0333900451660156 -0.0197334289550781 -0.51495361328125 0.221527099609375
0.0391578674316406 -0.0331153869628906 -0.271377563476563 -0.0140228271484375
0.01934814453125 -0.0220012664794922 -0.276596069335937 -0.231460571289063
0.00492477416992188 -0.0346889495849609 -0.542388916015625 -0.350921630859375
-0.00786018371582032 -0.0145626068115234 -0.81640625 -0.5103759765625
0.204254150390625 0.352935791015625 0.1207275390625 -0.62738037109375
0.117889404296875 0.26837158203125 0.10821533203125 -0.576416015625
0.00390625 0.374847412109375 0.2657470703125 -0.352783203125
-0.1378173828125 0.322509765625 0.410736083984375 -0.067474365234375
-0.29144287109375 0.229705810546875 0.281646728515625 0.313568115234375
-0.363861083984375 0.181854248046875 -0.0382080078125 0.59014892578125
-0.389556884765625 0.14569091796875 -0.465087890625 0.62799072265625
-0.368072509765625 0.017730712890625 -0.758544921875 0.4686279296875
-0.3394775390625 0.0895385742187499 -0.94781494140625 0.456298828125
-0.304656982421875 0.086151123046875 -0.8516845703125 0.349853515625
-0.248336791992188 0.1051025390625 -0.513214111328125 0.211181640625
-0.112197875976563 0.156387329101562 -0.278335571289063 -0.0188446044921875
-0.0858917236328125 0.202362060546875 -0.274261474609375 -0.217880249023437
0.0247650146484375 0.224472045898437 -0.51690673828125 -0.34588623046875
0.095367431640625 0.246856689453125 -0.81024169921875 -0.4979248046875
0.36383056640625 0.60064697265625 0.243682861328125 -0.515625
0.22637939453125 0.521636962890625 0.241241455078125 -0.48486328125
0.0145263671875 0.70068359375 0.312744140625 -0.31060791015625
-0.268310546875 0.60919189453125 0.46868896484375 -0.0822448730468749
-0.553466796875 0.451446533203125 0.35064697265625 0.222259521484375
-0.69683837890625 0.39324951171875 0.07476806640625 0.493927001953125
-0.7275390625 0.31024169921875 -0.2735595703125 0.5234375
-0.708984375 0.0866699218750001 -0.5521240234375 0.387359619140625
-0.6971435546875 0.215087890625 -0.79351806640625 0.40655517578125
-0.62945556640625 0.2200927734375 -0.76983642578125 0.32354736328125
-0.51971435546875 0.262786865234375 -0.514251708984375 0.185211181640625
-0.248077392578125 0.375885009765625 -0.309051513671875 -0.0103759765625
-0.169586181640625 0.44647216796875 -0.304412841796875 -0.170684814453125
0.061187744140625 0.47808837890625 -0.496826171875 -0.2867431640625
0.19500732421875 0.482513427734375 -0.77703857421875 -0.3978271484375
0.4500732421875 0.75848388671875 0.4024658203125 -0.338897705078125
0.276123046875 0.6785888671875 0.398040771484375 -0.326171875
0.000915527343749936 0.90155029296875 0.370849609375 -0.23095703125
-0.36492919921875 0.7840576171875 0.52386474609375 -0.087890625
-0.73321533203125 0.590087890625 0.437652587890625 0.093841552734375
-0.91748046875 0.53485107421875 0.2479248046875 0.317840576171875
-0.94561767578125 0.4224853515625 0.00555419921874993 0.343109130859375
-0.93939208984375 0.14501953125 -0.256622314453125 0.253280639648437
-0.96197509765625 0.3287353515625 -0.5478515625 0.292083740234375
-0.8863525390625 0.3643798828125 -0.6279296875 0.230712890625
-0.73455810546875 0.45245361328125 -0.50048828125 0.124481201171875
-0.3331298828125 0.60931396484375 -0.34906005859375 0.010650634765625
-0.2066650390625 0.68768310546875 -0.344818115234375 -0.077301025390625
0.125244140625 0.6884765625 -0.46044921875 -0.16009521484375
0.2889404296875 0.655517578125 -0.70953369140625 -0.21435546875
0.45263671875 0.79644775390625 0.5660400390625 -0.12786865234375
0.2572021484375 0.7120361328125 0.53594970703125 -0.12823486328125
-0.0416870117187499 0.928466796875 0.412628173828125 -0.118438720703125
-0.41754150390625 0.78948974609375 0.54583740234375 -0.071136474609375
-0.7889404296875 0.5904541015625 0.51806640625 -0.03118896484375
-0.99188232421875 0.5621337890625 0.437225341796875 0.10467529296875
-1.01239013671875 0.45672607421875 0.31683349609375 0.116241455078125
-1.02392578125 0.17926025390625 0.0870513916015624 0.0755996704101563
-1.0819091796875 0.3997802734375 -0.244155883789063 0.1036376953125
-1.0062255859375 0.47125244140625 -0.43646240234375 0.0574340820312499
-0.833984375 0.5965576171875 -0.46942138671875 0.01470947265625
-0.3509521484375 0.7764892578125 -0.381744384765625 0.03369140625
-0.18780517578125 0.84918212890625 -0.362640380859375 0.0582275390625001
0.19866943359375 0.8094482421875 -0.3824462890625 0.016448974609375
0.35101318359375 0.73895263671875 -0.600341796875 0.0138549804687501
0.37451171875 0.72442626953125 0.7020263671875 0.08843994140625
0.18536376953125 0.62640380859375 0.615234375 0.06951904296875
-0.0949096679687499 0.78717041015625 0.41314697265625 0.00259399414062505
-0.40423583984375 0.63665771484375 0.521881103515625 -0.03424072265625
-0.71533203125 0.46087646484375 0.56439208984375 -0.120849609375
-0.90447998046875 0.4761962890625 0.60858154296875 -0.0882568359375
-0.924560546875 0.41180419921875 0.60906982421875 -0.10821533203125
-0.95404052734375 0.1845703125 0.419097900390625 -0.1134033203125
-1.02935791015625 0.40576171875 0.0665206909179687 -0.129867553710937
-0.9560546875 0.48956298828125 -0.227615356445313 -0.168533325195313
-0.78582763671875 0.62127685546875 -0.42059326171875 -0.128082275390625
-0.30572509765625 0.78741455078125 -0.3963623046875 0.0456542968750001
-0.1427001953125 0.85455322265625 -0.34832763671875 0.1983642578125
0.23443603515625 0.791259765625 -0.272247314453125 0.212417602539062
0.35589599609375 0.7132568359375 -0.462310791015625 0.257293701171875
0.2484130859375 0.556304931640625 0.7928466796875 0.26934814453125
0.10357666015625 0.454315185546875 0.6292724609375 0.23272705078125
-0.115020751953125 0.54840087890625 0.370941162109375 0.103485107421875
-0.320159912109375 0.40838623046875 0.45947265625 0.00195312500000003
-0.533355712890625 0.277435302734375 0.5775146484375 -0.16156005859375
-0.68682861328125 0.33197021484375 0.7340087890625 -0.2271728515625
-0.70172119140625 0.3095703125 0.838623046875 -0.2994384765625
-0.7386474609375 0.16082763671875 0.69036865234375 -0.29241943359375
-0.8133544921875 0.336669921875 0.328216552734375 -0.362152099609375
-0.74603271484375 0.40191650390625 -0.04400634765625 -0.39361572265625
-0.603271484375 0.5032958984375 -0.367431640625 -0.266571044921875
-0.22479248046875 0.63116455078125 -0.39727783203125 0.0465393066406251
-0.09283447265625 0.68914794921875 -0.31964111328125 0.3134765625
0.214111328125 0.6248779296875 -0.156097412109375 0.391815185546875
0.2933349609375 0.57208251953125 -0.31964111328125 0.47869873046875
0.1029052734375 0.31964111328125 0.83624267578125 0.39288330078125
0.04510498046875 0.239761352539063 0.60198974609375 0.335693359375
-0.0826416015625 0.28485107421875 0.317047119140625 0.1622314453125
-0.174880981445312 0.185440063476563 0.39068603515625 0.021270751953125
-0.291778564453125 0.115966796875 0.56573486328125 -0.17218017578125
-0.39239501953125 0.181243896484375 0.8114013671875 -0.3115234375
-0.38427734375 0.1796875 0.9822998046875 -0.43597412109375
-0.41082763671875 0.110626220703125 0.858642578125 -0.4339599609375
-0.465911865234375 0.21014404296875 0.493896484375 -0.550079345703125
-0.419036865234375 0.23602294921875 0.07281494140625 -0.5655517578125
-0.33489990234375 0.286041259765625 -0.326690673828125 -0.362396240234375
-0.120849609375 0.353668212890625 -0.392333984375 0.0466308593750001
-0.047149658203125 0.390411376953125 -0.294464111328125 0.384918212890625
0.1312255859375 0.346221923828125 -0.073333740234375 0.521820068359375
0.167938232421875 0.340728759765625 -0.20928955078125 0.63720703125
-0.000564575195312498 0.0585365295410156 0.067626953125 -0.65679931640625
-0.0226249694824219 -0.0294513702392578 0.0338134765625 -0.58837890625
-0.0176334381103516 -0.00818252563476563 0.244293212890625 -0.358489990234375
0.00953388214111328 -0.0124597549438477 0.366241455078125 -0.061248779296875
0.00878715515136719 -0.0252285003662109 0.251220703125 0.3504638671875
0.0182418823242187 -0.054229736328125 -0.0661621093750001 0.59564208984375
0.0104522705078125 -0.0452003479003906 -0.5328369140625 0.6328125
0.0293312072753906 -0.0566749572753906 -0.8350830078125 0.48138427734375
0.0581932067871094 -0.0415000915527344 -0.9935302734375 0.45220947265625
0.0377883911132813 -0.0307426452636719 -0.87359619140625 0.34429931640625
0.0330600738525391 -0.0190849304199219 -0.511322021484375 0.225128173828125
0.0382308959960938 -0.033447265625 -0.271774291992188 -0.012939453125
0.0189304351806641 -0.0221824645996094 -0.278030395507813 -0.228912353515625
0.00474166870117188 -0.0346736907958984 -0.543487548828125 -0.3455810546875
-0.00762844085693359 -0.0136289596557617 -0.81671142578125 -0.504150390625
0.20745849609375 0.35064697265625 0.11907958984375 -0.62628173828125
0.118179321289062 0.267196655273438 0.10479736328125 -0.575439453125
0.00643920898437497 0.373199462890625 0.262603759765625 -0.354400634765625
-0.135833740234375 0.322418212890625 0.4083251953125 -0.07159423828125
-0.28936767578125 0.231109619140625 0.2825927734375 0.30938720703125
-0.361480712890625 0.184844970703125 -0.0335693359375 0.5902099609375
-0.387725830078125 0.1478271484375 -0.45831298828125 0.6302490234375
-0.36724853515625 0.0199890136718749 -0.7528076171875 0.47076416015625
-0.33660888671875 0.092559814453125 -0.9400634765625 0.462646484375
-0.303924560546875 0.089019775390625 -0.84698486328125 0.3553466796875
-0.246978759765625 0.107025146484375 -0.511077880859375 0.21484375
-0.11126708984375 0.156356811523438 -0.279006958007813 -0.0179443359375
-0.0842742919921875 0.201507568359375 -0.27532958984375 -0.215927124023437
0.026458740234375 0.222732543945313 -0.518096923828125 -0.340606689453125
0.097686767578125 0.246292114257813 -0.81097412109375 -0.490234375
0.3687744140625 0.59515380859375 0.24090576171875 -0.51678466796875
0.228424072265625 0.517730712890625 0.236358642578125 -0.485076904296875
0.020751953125 0.69927978515625 0.309112548828125 -0.312530517578125
-0.2642822265625 0.60882568359375 0.466583251953125 -0.08636474609375
-0.5504150390625 0.454315185546875 0.34954833984375 0.218017578125
-0.6927490234375 0.3983154296875 0.077423095703125 0.49371337890625
-0.7257080078125 0.315185546875 -0.268463134765625 0.523712158203125
-0.7060546875 0.0906982421875 -0.54779052734375 0.389862060546875
-0.693359375 0.22119140625 -0.787109375 0.4114990234375
-0.6260986328125 0.22271728515625 -0.7664794921875 0.32733154296875
-0.51806640625 0.266448974609375 -0.51116943359375 0.188690185546875
-0.24615478515625 0.3756103515625 -0.309234619140625 -0.00973510742187501
-0.166534423828125 0.44610595703125 -0.305023193359375 -0.169158935546875
0.063751220703125 0.474822998046875 -0.498199462890625 -0.282257080078125
0.1978759765625 0.48223876953125 -0.77911376953125 -0.38897705078125
0.454833984375 0.7513427734375 0.40008544921875 -0.342132568359375
0.2796630859375 0.6744384765625 0.394500732421875 -0.32958984375
0.00952148437500001 0.89715576171875 0.368621826171875 -0.232330322265625
-0.35968017578125 0.783447265625 0.520660400390625 -0.093017578125
-0.727783203125 0.5936279296875 0.4373779296875 0.090911865234375
-0.91400146484375 0.54052734375 0.2493896484375 0.316650390625
-0.94122314453125 0.4285888671875 0.00845336914062498 0.340667724609375
-0.9361572265625 0.15008544921875 -0.252639770507813 0.250656127929687
-0.9547119140625 0.3363037109375 -0.54327392578125 0.295318603515625
-0.88104248046875 0.37042236328125 -0.6239013671875 0.23333740234375
-0.72991943359375 0.45697021484375 -0.498687744140625 0.128082275390625
-0.3272705078125 0.60858154296875 -0.34820556640625 0.0126037597656251
-0.1998291015625 0.68609619140625 -0.343505859375 -0.07537841796875
0.13116455078125 0.6839599609375 -0.460357666015625 -0.157745361328125
0.29217529296875 0.65313720703125 -0.70867919921875 -0.21026611328125
0.4578857421875 0.79144287109375 0.56427001953125 -0.13092041015625
0.2596435546875 0.70867919921875 0.531982421875 -0.133514404296875
-0.0349121093749999 0.9244384765625 0.412384033203125 -0.120849609375
-0.41070556640625 0.78924560546875 0.543243408203125 -0.074432373046875
-0.78399658203125 0.59423828125 0.5145263671875 -0.035064697265625
-0.98443603515625 0.56756591796875 0.438140869140625 0.1031494140625
-1.00653076171875 0.4627685546875 0.317047119140625 0.112030029296875
-1.02032470703125 0.1834716796875 0.0875778198242187 0.072845458984375
-1.074462890625 0.40802001953125 -0.241668701171875 0.10577392578125
-1.0003662109375 0.47869873046875 -0.4342041015625 0.0602111816406251
-0.82733154296875 0.603271484375 -0.468597412109375 0.0172729492187501
-0.34381103515625 0.77520751953125 -0.380401611328125 0.0352172851562501
-0.1820068359375 0.84765625 -0.359954833984375 0.0584106445312501
0.20379638671875 0.8056640625 -0.381805419921875 0.01806640625
0.3563232421875 0.7353515625 -0.59881591796875 0.0174560546875002
0.37939453125 0.720703125 0.70220947265625 0.0826416015625
0.18798828125 0.62322998046875 0.61444091796875 0.063720703125
-0.0875854492187499 0.7862548828125 0.413726806640625 0.000915527343750048
-0.39996337890625 0.63714599609375 0.51959228515625 -0.03900146484375
-0.71246337890625 0.46441650390625 0.5614013671875 -0.1234130859375
-0.89788818359375 0.4827880859375 0.606689453125 -0.091552734375
-0.91864013671875 0.416748046875 0.6055908203125 -0.11346435546875
-0.95098876953125 0.18988037109375 0.41729736328125 -0.117431640625
-1.02386474609375 0.413330078125 0.0660095214843749 -0.130111694335937
-0.9508056640625 0.4971923828125 -0.227447509765625 -0.167266845703125
-0.77984619140625 0.6259765625 -0.42071533203125 -0.125946044921875
-0.30010986328125 0.78826904296875 -0.395477294921875 0.0463562011718751
-0.13507080078125 0.85357666015625 -0.344940185546875 0.197021484375
0.23974609375 0.7845458984375 -0.2691650390625 0.211624145507813
0.35968017578125 0.70855712890625 -0.46002197265625 0.2607421875
0.253082275390625 0.553955078125 0.79345703125 0.2630615234375
0.106201171875 0.45184326171875 0.62884521484375 0.227783203125
-0.110198974609375 0.54705810546875 0.37152099609375 0.10137939453125
-0.316497802734375 0.406768798828125 0.458648681640625 -0.00170898437499998
-0.531829833984375 0.28106689453125 0.57501220703125 -0.165283203125
-0.6837158203125 0.33697509765625 0.7315673828125 -0.2318115234375
-0.6964111328125 0.31451416015625 0.8349609375 -0.30487060546875
-0.73748779296875 0.16546630859375 0.6866455078125 -0.29638671875
-0.80792236328125 0.3427734375 0.325347900390625 -0.363616943359375
-0.74224853515625 0.408447265625 -0.0463867187500001 -0.39263916015625
-0.5985107421875 0.50701904296875 -0.368682861328125 -0.26422119140625
-0.2200927734375 0.63043212890625 -0.39569091796875 0.048614501953125
-0.0860595703125 0.68621826171875 -0.3153076171875 0.313934326171875
0.21875 0.6209716796875 -0.153656005859375 0.390167236328125
0.2979736328125 0.56976318359375 -0.317901611328125 0.479278564453125
0.1055908203125 0.31927490234375 0.8348388671875 0.38604736328125
0.04510498046875 0.238494873046875 0.60137939453125 0.331298828125
-0.079376220703125 0.284210205078125 0.318023681640625 0.1612548828125
-0.173095703125 0.185546875 0.389801025390625 0.019378662109375
-0.290924072265625 0.11761474609375 0.56243896484375 -0.175537109375
-0.3912353515625 0.1846923828125 0.806640625 -0.3145751953125
-0.380859375 0.18212890625 0.9757080078125 -0.4443359375
-0.40985107421875 0.11187744140625 0.8507080078125 -0.43878173828125
-0.4617919921875 0.21221923828125 0.48809814453125 -0.55303955078125
-0.417266845703125 0.240142822265625 0.0684204101562499 -0.5650634765625
-0.332672119140625 0.28759765625 -0.32696533203125 -0.36077880859375
-0.118408203125 0.353485107421875 -0.389434814453125 0.0492553710937499
-0.044189453125 0.389678955078125 -0.289642333984375 0.38629150390625
0.13336181640625 0.343658447265625 -0.07000732421875 0.52008056640625
0.170135498046875 0.3385009765625 -0.20611572265625 0.636474609375
0.00115203857421875 0.0581169128417969 0.06500244140625 -0.6552734375
-0.0231609344482422 -0.0285282135009766 0.0308837890624999 -0.586181640625
-0.0175495147705078 -0.00816249847412109 0.241119384765625 -0.3609619140625
0.00907611846923828 -0.0133504867553711 0.364013671875 -0.06378173828125
0.00858497619628906 -0.0259284973144531 0.25213623046875 0.349365234375
0.0186576843261719 -0.0543289184570313 -0.0634155273437499 0.59539794921875
0.0106048583984375 -0.0449295043945313 -0.527587890625 0.63604736328125
0.0291824340820313 -0.0568428039550781 -0.82891845703125 0.4840087890625
0.0580024719238281 -0.0417671203613281 -0.986328125 0.45672607421875
0.0382575988769531 -0.0306243896484375 -0.868896484375 0.34844970703125
0.0325088500976563 -0.0185451507568359 -0.507415771484375 0.22882080078125
0.0374412536621094 -0.0340042114257813 -0.271560668945312 -0.0121612548828126
0.0179901123046875 -0.0225391387939453 -0.279983520507813 -0.22674560546875
0.00432205200195313 -0.0345668792724609 -0.543975830078125 -0.341796875
-0.00680446624755859 -0.0130577087402344 -0.816650390625 -0.4970703125
0.2099609375 0.348236083984375 0.1160888671875 -0.6273193359375
0.118881225585937 0.26605224609375 0.1005859375 -0.57470703125
0.0103759765625 0.372833251953125 0.258270263671875 -0.3555908203125
-0.13385009765625 0.322509765625 0.40606689453125 -0.073699951171875
-0.287994384765625 0.23193359375 0.28277587890625 0.3077392578125
-0.35943603515625 0.18682861328125 -0.02972412109375 0.59027099609375
-0.3865966796875 0.150787353515625 -0.452880859375 0.63043212890625
-0.367279052734375 0.022491455078125 -0.747314453125 0.473388671875
-0.335357666015625 0.09503173828125 -0.9344482421875 0.4676513671875
-0.3017578125 0.091644287109375 -0.8404541015625 0.361083984375
-0.246414184570312 0.109893798828125 -0.5081787109375 0.217620849609375
-0.110946655273438 0.155899047851563 -0.279983520507813 -0.0171203613281249
-0.0824737548828125 0.200912475585938 -0.276535034179687 -0.2154541015625
0.027618408203125 0.221923828125 -0.519775390625 -0.336456298828125
0.099578857421875 0.24615478515625 -0.81256103515625 -0.48468017578125
0.37188720703125 0.5911865234375 0.23773193359375 -0.518829345703125
0.2301025390625 0.5145263671875 0.232757568359375 -0.485931396484375
0.027099609375 0.69720458984375 0.306121826171875 -0.313629150390625
-0.2606201171875 0.6094970703125 0.4637451171875 -0.08990478515625
-0.54742431640625 0.456512451171875 0.34918212890625 0.217010498046875
-0.68914794921875 0.4022216796875 0.0804443359375 0.494354248046875
-0.71966552734375 0.31787109375 -0.264678955078125 0.52313232421875
-0.70574951171875 0.0938720703124999 -0.54437255859375 0.39068603515625
-0.68927001953125 0.22601318359375 -0.7811279296875 0.4163818359375
-0.62420654296875 0.2283935546875 -0.7618408203125 0.332763671875
-0.515411376953125 0.270721435546875 -0.509490966796875 0.19049072265625
-0.243072509765625 0.375091552734375 -0.3099365234375 -0.00866699218750004
-0.1632080078125 0.444671630859375 -0.30523681640625 -0.167999267578125
0.06689453125 0.472442626953125 -0.4996337890625 -0.279327392578125
0.200714111328125 0.47979736328125 -0.77978515625 -0.3848876953125
0.46002197265625 0.746826171875 0.3978271484375 -0.345550537109375
0.2813720703125 0.67230224609375 0.391937255859375 -0.33172607421875
0.0148925781250001 0.89727783203125 0.367706298828125 -0.234832763671875
-0.3531494140625 0.784912109375 0.5185546875 -0.094940185546875
-0.72442626953125 0.59735107421875 0.436065673828125 0.08795166015625
-0.9088134765625 0.5489501953125 0.251312255859375 0.31683349609375
-0.93670654296875 0.43377685546875 0.0111083984374999 0.33953857421875
-0.935546875 0.1551513671875 -0.250656127929688 0.2503662109375
-0.95062255859375 0.34259033203125 -0.538909912109375 0.297821044921875
-0.87774658203125 0.37701416015625 -0.6212158203125 0.2384033203125
-0.727294921875 0.462158203125 -0.498260498046875 0.130218505859375
-0.323974609375 0.609130859375 -0.348114013671875 0.013031005859375
-0.193603515625 0.68572998046875 -0.343292236328125 -0.074859619140625
0.1353759765625 0.68212890625 -0.4605712890625 -0.155914306640625
0.29669189453125 0.65252685546875 -0.7099609375 -0.20379638671875
0.4622802734375 0.78704833984375 0.5640869140625 -0.1361083984375
0.260986328125 0.703857421875 0.53076171875 -0.136749267578125
-0.0274047851562499 0.922119140625 0.4111328125 -0.12255859375
-0.40643310546875 0.789794921875 0.54132080078125 -0.0776062011718749
-0.7821044921875 0.59869384765625 0.511383056640625 -0.039093017578125
-0.981201171875 0.57330322265625 0.439849853515625 0.10113525390625
-1.00311279296875 0.4697265625 0.317718505859375 0.108551025390625
-1.01824951171875 0.19024658203125 0.0877685546874999 0.070770263671875
-1.0693359375 0.41534423828125 -0.23956298828125 0.106582641601563
-0.99755859375 0.485595703125 -0.433929443359375 0.0625
-0.82470703125 0.6094970703125 -0.467926025390625 0.0203857421875001
-0.33880615234375 0.77410888671875 -0.37982177734375 0.036163330078125
-0.174560546875 0.84765625 -0.357666015625 0.060028076171875
0.20941162109375 0.800537109375 -0.380828857421875 0.0190124511718751
0.3623046875 0.73297119140625 -0.5985107421875 0.022216796875
0.385009765625 0.71551513671875 0.7008056640625 0.07525634765625
0.18988037109375 0.6204833984375 0.61395263671875 0.05950927734375
-0.08282470703125 0.784423828125 0.413177490234375 4.80305202005774E-17
-0.39501953125 0.636474609375 0.51806640625 -0.041748046875
-0.7099609375 0.46722412109375 0.55828857421875 -0.12799072265625
-0.8951416015625 0.48944091796875 0.60528564453125 -0.0926513671875
-0.9127197265625 0.421630859375 0.60382080078125 -0.1180419921875
-0.9482421875 0.1947021484375 0.415008544921875 -0.1207275390625
-1.01629638671875 0.4202880859375 0.0663528442382812 -0.13031005859375
-0.94708251953125 0.50372314453125 -0.227294921875 -0.165679931640625
-0.77459716796875 0.63116455078125 -0.420989990234375 -0.123626708984375
-0.2938232421875 0.7872314453125 -0.3944091796875 0.0490112304687501
-0.12982177734375 0.8541259765625 -0.342041015625 0.198516845703125
0.24609375 0.781005859375 -0.268936157226563 0.211807250976563
0.3641357421875 0.70550537109375 -0.45904541015625 0.26373291015625
0.256439208984375 0.550994873046875 0.79241943359375 0.25555419921875
0.106536865234375 0.44952392578125 0.62982177734375 0.22216796875
-0.1070556640625 0.545745849609375 0.3729248046875 0.0999755859375
-0.312652587890625 0.40789794921875 0.45709228515625 -0.00302124023437498
-0.529998779296875 0.283447265625 0.57220458984375 -0.1695556640625
-0.68048095703125 0.340087890625 0.728515625 -0.2340087890625
-0.69305419921875 0.3193359375 0.830322265625 -0.31060791015625
-0.7353515625 0.169189453125 0.68121337890625 -0.3016357421875
-0.8046875 0.3475341796875 0.3228759765625 -0.366363525390625
-0.73809814453125 0.4132080078125 -0.0483398437500001 -0.392669677734375
-0.59735107421875 0.50897216796875 -0.3692626953125 -0.264556884765625
-0.21600341796875 0.62933349609375 -0.39385986328125 0.0505371093750001
-0.0805664062499999 0.687744140625 -0.311309814453125 0.314361572265625
0.22198486328125 0.6181640625 -0.152496337890625 0.389495849609375
0.30120849609375 0.567138671875 -0.314666748046875 0.47979736328125
0.1090087890625 0.31884765625 0.8359375 0.3798828125
0.044891357421875 0.237930297851562 0.60223388671875 0.3258056640625
-0.07647705078125 0.28387451171875 0.319549560546875 0.159881591796875
-0.17181396484375 0.1859130859375 0.3892822265625 0.018035888671875
-0.290771484375 0.119354248046875 0.55999755859375 -0.178253173828125
-0.389862060546875 0.187652587890625 0.80426025390625 -0.31719970703125
-0.3792724609375 0.184844970703125 0.97222900390625 -0.44769287109375
-0.40789794921875 0.114471435546875 0.84722900390625 -0.4437255859375
-0.45953369140625 0.215728759765625 0.48419189453125 -0.5538330078125
-0.4163818359375 0.242462158203125 0.0651855468749999 -0.56658935546875
-0.330718994140625 0.28955078125 -0.328643798828125 -0.358245849609375
-0.11505126953125 0.35345458984375 -0.3876953125 0.051177978515625
-0.041717529296875 0.389251708984375 -0.286651611328125 0.3870849609375
0.135162353515625 0.3428955078125 -0.0675659179687499 0.51788330078125
0.172332763671875 0.33734130859375 -0.20257568359375 0.63677978515625
0.0018157958984375 0.0579109191894531 0.0628662109374999 -0.65533447265625
-0.0240631103515625 -0.0278148651123047 0.02813720703125 -0.58526611328125
-0.0173482894897461 -0.00797462463378906 0.238067626953125 -0.362213134765625
0.00845146179199219 -0.0139188766479492 0.362945556640625 -0.066558837890625
0.00842857360839844 -0.0266399383544922 0.253143310546875 0.348419189453125
0.0192794799804688 -0.054595947265625 -0.05914306640625 0.5963134765625
0.0100517272949219 -0.0448646545410156 -0.523681640625 0.637939453125
0.0288619995117187 -0.0567588806152344 -0.82330322265625 0.4852294921875
0.0583572387695313 -0.0420722961425781 -0.984619140625 0.46429443359375
0.0379524230957031 -0.0308380126953125 -0.8646240234375 0.356201171875
0.0322513580322266 -0.0182933807373047 -0.504302978515625 0.231719970703125
0.0366172790527344 -0.0341911315917969 -0.2728271484375 -0.0113983154296876
0.0178890228271484 -0.0229396820068359 -0.282073974609375 -0.2257080078125
0.00429534912109375 -0.0343055725097656 -0.5458984375 -0.338287353515625
-0.00609397888183594 -0.0122194290161133 -0.8221435546875 -0.4932861328125
0.213592529296875 0.3470458984375 0.11358642578125 -0.626708984375
0.12017822265625 0.266250610351563 0.09735107421875 -0.5738525390625
0.01226806640625 0.3729248046875 0.25653076171875 -0.357391357421875
-0.13226318359375 0.322479248046875 0.403717041015625 -0.076690673828125
-0.28704833984375 0.233551025390625 0.283721923828125 0.3062744140625
-0.358245849609375 0.18896484375 -0.0253906250000001 0.59295654296875
-0.385223388671875 0.15325927734375 -0.44793701171875 0.63287353515625
-0.367279052734375 0.02471923828125 -0.74298095703125 0.4755859375
-0.3336181640625 0.0973510742187499 -0.93084716796875 0.4722900390625
-0.300933837890625 0.093994140625 -0.8375244140625 0.3660888671875
-0.245925903320313 0.111740112304688 -0.5076904296875 0.220611572265625
-0.1103515625 0.155319213867188 -0.28057861328125 -0.01629638671875
-0.08160400390625 0.200454711914063 -0.278244018554687 -0.21356201171875
0.0288543701171875 0.221282958984375 -0.522369384765625 -0.3328857421875
0.1015625 0.245773315429688 -0.81658935546875 -0.47967529296875
0.37750244140625 0.5875244140625 0.235626220703125 -0.521270751953125
0.232391357421875 0.513397216796875 0.231292724609375 -0.488311767578125
0.031005859375 0.69573974609375 0.30462646484375 -0.3167724609375
-0.257080078125 0.6103515625 0.4620361328125 -0.092437744140625
-0.54766845703125 0.460662841796875 0.34967041015625 0.21405029296875
-0.68646240234375 0.4052734375 0.0843200683593749 0.495849609375
-0.71783447265625 0.3233642578125 -0.26080322265625 0.524932861328125
-0.705810546875 0.09735107421875 -0.541168212890625 0.391357421875
-0.68603515625 0.2310791015625 -0.77667236328125 0.4200439453125
-0.623046875 0.23419189453125 -0.7574462890625 0.3365478515625
-0.515167236328125 0.27459716796875 -0.509552001953125 0.193603515625
-0.2413330078125 0.373992919921875 -0.310546875 -0.007568359375
-0.159942626953125 0.444671630859375 -0.306396484375 -0.167510986328125
0.069854736328125 0.470458984375 -0.50103759765625 -0.276092529296875
0.20465087890625 0.47991943359375 -0.7828369140625 -0.381103515625
0.46588134765625 0.74285888671875 0.397064208984375 -0.348876953125
0.28485107421875 0.66766357421875 0.389892578125 -0.3343505859375
0.0206298828124999 0.89599609375 0.36627197265625 -0.23651123046875
-0.347900390625 0.784423828125 0.51739501953125 -0.099517822265625
-0.722900390625 0.6021728515625 0.434600830078125 0.084564208984375
-0.9049072265625 0.5550537109375 0.254058837890625 0.31585693359375
-0.93414306640625 0.43951416015625 0.0134277343749999 0.338287353515625
-0.935546875 0.1590576171875 -0.248992919921875 0.25006103515625
-0.9482421875 0.34881591796875 -0.5364990234375 0.300079345703125
-0.87408447265625 0.3834228515625 -0.61834716796875 0.2423095703125
-0.72503662109375 0.46612548828125 -0.49737548828125 0.133026123046875
-0.31982421875 0.60821533203125 -0.3487548828125 0.014434814453125
-0.18988037109375 0.68548583984375 -0.34228515625 -0.073883056640625
0.13787841796875 0.67779541015625 -0.461395263671875 -0.154510498046875
0.3011474609375 0.65069580078125 -0.71099853515625 -0.20196533203125
0.46856689453125 0.782958984375 0.56195068359375 -0.139007568359375
0.26397705078125 0.70269775390625 0.529876708984375 -0.140350341796875
-0.02239990234375 0.92156982421875 0.410369873046875 -0.124542236328125
-0.39959716796875 0.79107666015625 0.540313720703125 -0.081756591796875
-0.779541015625 0.602294921875 0.510955810546875 -0.041290283203125
-0.97747802734375 0.58154296875 0.44000244140625 0.101348876953125
-0.998291015625 0.47509765625 0.31842041015625 0.1058349609375
-1.01763916015625 0.19451904296875 0.0875701904296874 0.06927490234375
-1.0650634765625 0.42132568359375 -0.237564086914063 0.10833740234375
-0.994873046875 0.49420166015625 -0.431884765625 0.0659179687500001
-0.82232666015625 0.61431884765625 -0.468109130859375 0.02252197265625
-0.33526611328125 0.77545166015625 -0.37908935546875 0.0372009277343751
-0.16888427734375 0.84698486328125 -0.355712890625 0.05950927734375
0.215087890625 0.79766845703125 -0.3812255859375 0.01983642578125
0.3653564453125 0.73236083984375 -0.5997314453125 0.02569580078125
0.39080810546875 0.7132568359375 0.70001220703125 0.0706787109375
0.19110107421875 0.61669921875 0.61297607421875 0.05523681640625
-0.0764160156250001 0.7843017578125 0.41351318359375 -0.00189208984374995
-0.39141845703125 0.63787841796875 0.517974853515625 -0.0447998046875
-0.708984375 0.4710693359375 0.557281494140625 -0.129791259765625
-0.8922119140625 0.493896484375 0.6046142578125 -0.094970703125
-0.912109375 0.4271240234375 0.602783203125 -0.122802734375
-0.9476318359375 0.19891357421875 0.413818359375 -0.12445068359375
-1.01336669921875 0.427001953125 0.0659027099609374 -0.130279541015625
-0.9461669921875 0.511474609375 -0.227752685546875 -0.164840698242187
-0.77252197265625 0.63836669921875 -0.422637939453125 -0.1224365234375
-0.289794921875 0.787353515625 -0.394256591796875 0.0511779785156251
-0.12353515625 0.854248046875 -0.339080810546875 0.197509765625
0.25048828125 0.77801513671875 -0.267242431640625 0.212020874023438
0.36962890625 0.7039794921875 -0.458892822265625 0.26605224609375
0.26177978515625 0.548980712890625 0.79266357421875 0.251708984375
0.10687255859375 0.448455810546875 0.6304931640625 0.2188720703125
-0.10211181640625 0.545867919921875 0.374114990234375 0.098907470703125
-0.3114013671875 0.408416748046875 0.45721435546875 -0.00561523437499997
-0.5299072265625 0.2874755859375 0.57049560546875 -0.17138671875
-0.678466796875 0.3465576171875 0.72662353515625 -0.23638916015625
-0.68896484375 0.32257080078125 0.827392578125 -0.31597900390625
-0.7340087890625 0.17193603515625 0.6793212890625 -0.3048095703125
-0.8013916015625 0.3529052734375 0.3203125 -0.3677978515625
-0.73565673828125 0.41925048828125 -0.0512084960937501 -0.393951416015625
-0.594970703125 0.5140380859375 -0.37127685546875 -0.2615966796875
-0.212158203125 0.63092041015625 -0.393463134765625 0.052093505859375
-0.0760498046874999 0.68829345703125 -0.3065185546875 0.314483642578125
0.22552490234375 0.61614990234375 -0.150787353515625 0.387939453125
0.3045654296875 0.565185546875 -0.3126220703125 0.481353759765625
0.111419677734375 0.3179931640625 0.83673095703125 0.37359619140625
0.0452117919921875 0.237777709960937 0.60369873046875 0.322509765625
-0.074249267578125 0.283782958984375 0.32196044921875 0.15863037109375
-0.171234130859375 0.186492919921875 0.388916015625 0.015838623046875
-0.29168701171875 0.120849609375 0.557525634765625 -0.181549072265625
-0.388153076171875 0.19110107421875 0.80126953125 -0.3212890625
-0.377655029296875 0.187713623046875 0.96649169921875 -0.45513916015625
-0.40850830078125 0.115875244140625 0.842529296875 -0.44732666015625
-0.457733154296875 0.21881103515625 0.480438232421875 -0.55755615234375
-0.41436767578125 0.246917724609375 0.0618896484374999 -0.56805419921875
-0.32879638671875 0.291534423828125 -0.33148193359375 -0.357513427734375
-0.11297607421875 0.353363037109375 -0.3868408203125 0.0529785156250001
-0.03863525390625 0.389190673828125 -0.28240966796875 0.387908935546875
0.137603759765625 0.340972900390625 -0.065582275390625 0.516998291015625
0.174224853515625 0.3365478515625 -0.20062255859375 0.63861083984375
0.00362777709960938 0.057403564453125 0.0612792968749999 -0.65576171875
-0.0248775482177734 -0.0270118713378906 0.02398681640625 -0.5855712890625
-0.0172653198242188 -0.00783157348632812 0.23492431640625 -0.364044189453125
0.00827598571777344 -0.0152349472045898 0.3614501953125 -0.06878662109375
0.00850486755371094 -0.0277080535888672 0.25555419921875 0.346710205078125
0.0196418762207031 -0.0550727844238281 -0.0565185546875 0.59844970703125
0.0101242065429688 -0.0450057983398437 -0.51983642578125 0.640625
0.028839111328125 -0.0572357177734375 -0.82049560546875 0.4873046875
0.0581588745117188 -0.0418319702148438 -0.98052978515625 0.46856689453125
0.0381050109863281 -0.0313301086425781 -0.862060546875 0.36309814453125
0.0318794250488281 -0.0172080993652344 -0.504486083984375 0.23541259765625
0.0358772277832031 -0.034576416015625 -0.274429321289063 -0.010528564453125
0.0173454284667969 -0.0232810974121094 -0.284515380859375 -0.2244873046875
0.00400161743164062 -0.0343513488769531 -0.5489501953125 -0.33441162109375
-0.00555610656738282 -0.0119867324829102 -0.825439453125 -0.491455078125
0.21710205078125 0.344635009765625 0.1114501953125 -0.627197265625
0.120712280273438 0.265457153320313 0.0963134765625001 -0.57598876953125
0.015106201171875 0.37347412109375 0.25518798828125 -0.359954833984375
-0.13116455078125 0.322235107421875 0.40277099609375 -0.07891845703125
-0.287445068359375 0.235260009765625 0.28497314453125 0.30548095703125
-0.357391357421875 0.191314697265625 -0.0218505859375 0.59442138671875
-0.384796142578125 0.155670166015625 -0.4454345703125 0.634521484375
-0.3677978515625 0.02618408203125 -0.74102783203125 0.47552490234375
-0.332794189453125 0.0999145507812501 -0.9271240234375 0.4759521484375
-0.300323486328125 0.0964050292968749 -0.83514404296875 0.3726806640625
-0.246231079101563 0.114303588867187 -0.50640869140625 0.224212646484375
-0.110061645507813 0.154953002929687 -0.282135009765625 -0.0156860351562499
-0.0810394287109375 0.200759887695313 -0.280990600585938 -0.21368408203125
0.0300140380859375 0.220428466796875 -0.524566650390625 -0.331329345703125
0.104507446289062 0.24658203125 -0.8201904296875 -0.47705078125
0.3822021484375 0.5865478515625 0.234588623046875 -0.5238037109375
0.23419189453125 0.512420654296875 0.229248046875 -0.489990234375
0.0364379882812501 0.6968994140625 0.304473876953125 -0.31878662109375
-0.25457763671875 0.61126708984375 0.46124267578125 -0.094757080078125
-0.545989990234375 0.46417236328125 0.349578857421875 0.21270751953125
-0.68585205078125 0.409912109375 0.088592529296875 0.497344970703125
-0.71722412109375 0.32940673828125 -0.256927490234375 0.5255126953125
-0.70819091796875 0.10113525390625 -0.5399169921875 0.39215087890625
-0.6846923828125 0.23504638671875 -0.77484130859375 0.42388916015625
-0.6204833984375 0.2373046875 -0.7562255859375 0.34149169921875
-0.514373779296875 0.279022216796875 -0.5091552734375 0.195831298828125
-0.240264892578125 0.3753662109375 -0.312469482421875 -0.00735473632812497
-0.158843994140625 0.44390869140625 -0.308319091796875 -0.167083740234375
0.07147216796875 0.46929931640625 -0.503021240234375 -0.2740478515625
0.208740234375 0.479827880859375 -0.786865234375 -0.3765869140625
0.47161865234375 0.74029541015625 0.39495849609375 -0.351470947265625
0.2857666015625 0.6688232421875 0.389373779296875 -0.33673095703125
0.0260009765625 0.8973388671875 0.36468505859375 -0.23919677734375
-0.347900390625 0.7872314453125 0.517791748046875 -0.101470947265625
-0.72235107421875 0.605712890625 0.434600830078125 0.0820922851562501
-0.90472412109375 0.5594482421875 0.257537841796875 0.317047119140625
-0.9312744140625 0.44580078125 0.016387939453125 0.336883544921875
-0.9345703125 0.16241455078125 -0.24737548828125 0.249252319335937
-0.9444580078125 0.3548583984375 -0.533477783203125 0.30364990234375
-0.87451171875 0.39068603515625 -0.6171875 0.24517822265625
-0.7254638671875 0.47265625 -0.498291015625 0.135223388671875
-0.31817626953125 0.60906982421875 -0.34942626953125 0.015594482421875
-0.18634033203125 0.68511962890625 -0.34295654296875 -0.0736083984375
0.1427001953125 0.67730712890625 -0.46319580078125 -0.15118408203125
0.30633544921875 0.65057373046875 -0.71466064453125 -0.1964111328125
0.47479248046875 0.7808837890625 0.5634765625 -0.14398193359375
0.26708984375 0.7015380859375 0.5301513671875 -0.144378662109375
-0.015625 0.9224853515625 0.411407470703125 -0.125152587890625
-0.39837646484375 0.79449462890625 0.539947509765625 -0.0840759277343749
-0.77984619140625 0.60784912109375 0.510040283203125 -0.044647216796875
-0.97662353515625 0.58636474609375 0.442474365234375 0.10003662109375
-0.99639892578125 0.48175048828125 0.319427490234375 0.103302001953125
-1.020751953125 0.1986083984375 0.0881958007812499 0.066802978515625
-1.0616455078125 0.42828369140625 -0.236236572265625 0.109298706054688
-0.99310302734375 0.5010986328125 -0.432373046875 0.066680908203125
-0.8199462890625 0.61944580078125 -0.469329833984375 0.0240478515625001
-0.33099365234375 0.77691650390625 -0.379608154296875 0.0392150878906251
-0.163818359375 0.84906005859375 -0.355621337890625 0.05975341796875
0.2193603515625 0.79473876953125 -0.382965087890625 0.0212097167968751
0.370849609375 0.7318115234375 -0.6007080078125 0.0281982421875001
0.39459228515625 0.7113037109375 0.7015380859375 0.0667724609375
0.1942138671875 0.61712646484375 0.6148681640625 0.052001953125
-0.0717773437499999 0.7843017578125 0.415679931640625 -0.00302124023437495
-0.39031982421875 0.6400146484375 0.5181884765625 -0.047210693359375
-0.70953369140625 0.47625732421875 0.55682373046875 -0.132904052734375
-0.893310546875 0.49884033203125 0.60693359375 -0.09588623046875
-0.9085693359375 0.43365478515625 0.60260009765625 -0.126708984375
-0.9495849609375 0.20361328125 0.413360595703125 -0.12786865234375
-1.00933837890625 0.43365478515625 0.0658035278320312 -0.130462646484375
-0.94415283203125 0.5181884765625 -0.228652954101563 -0.1644287109375
-0.77166748046875 0.64306640625 -0.42425537109375 -0.121429443359375
-0.28656005859375 0.7891845703125 -0.393463134765625 0.0519714355468751
-0.118408203125 0.85546875 -0.33795166015625 0.199188232421875
0.255126953125 0.7769775390625 -0.2677001953125 0.212295532226563
0.3741455078125 0.70343017578125 -0.458740234375 0.26824951171875
0.26513671875 0.549041748046875 0.79437255859375 0.2462158203125
0.108856201171875 0.447296142578125 0.63140869140625 0.21514892578125
-0.0979309082031249 0.54534912109375 0.37652587890625 0.097625732421875
-0.30963134765625 0.41009521484375 0.457672119140625 -0.00704956054687497
-0.53125 0.28948974609375 0.56927490234375 -0.17578125
-0.6787109375 0.350341796875 0.72711181640625 -0.2384033203125
-0.6895751953125 0.3260498046875 0.82781982421875 -0.31939697265625
-0.73431396484375 0.17718505859375 0.67681884765625 -0.30889892578125
-0.7989501953125 0.36138916015625 0.319580078125 -0.36932373046875
-0.73760986328125 0.4256591796875 -0.05322265625 -0.39404296875
-0.5941162109375 0.5185546875 -0.372802734375 -0.26165771484375
-0.20953369140625 0.63330078125 -0.39227294921875 0.053985595703125
-0.0715942382812501 0.68890380859375 -0.304595947265625 0.315673828125
0.22955322265625 0.61285400390625 -0.148834228515625 0.388336181640625
0.3087158203125 0.56500244140625 -0.3125 0.483978271484375
0.11456298828125 0.3194580078125 0.83843994140625 0.3704833984375
0.0452423095703125 0.238189697265625 0.605712890625 0.3189697265625
-0.072113037109375 0.28497314453125 0.324432373046875 0.157196044921875
-0.17059326171875 0.18682861328125 0.39044189453125 0.01531982421875
-0.29241943359375 0.122894287109375 0.5574951171875 -0.18365478515625
-0.387939453125 0.193878173828125 0.79925537109375 -0.32379150390625
-0.3759765625 0.18975830078125 0.96466064453125 -0.45977783203125
-0.407745361328125 0.116973876953125 0.84136962890625 -0.451904296875
-0.4559326171875 0.2208251953125 0.478668212890625 -0.560302734375
-0.4134521484375 0.251739501953125 0.0590209960937499 -0.57000732421875
-0.3284912109375 0.293365478515625 -0.333770751953125 -0.358795166015625
-0.1114501953125 0.353912353515625 -0.384765625 0.0548095703125
-0.03656005859375 0.391082763671875 -0.279144287109375 0.389007568359375
0.138458251953125 0.339599609375 -0.062286376953125 0.516571044921875
0.17694091796875 0.336029052734375 -0.19873046875 0.6419677734375
0.00453567504882813 0.0573310852050781 0.058837890625 -0.6561279296875
-0.0253562927246094 -0.0267696380615234 0.02325439453125 -0.58428955078125
-0.0169391632080078 -0.00774765014648438 0.23284912109375 -0.367584228515625
0.00779914855957031 -0.0161151885986328 0.35870361328125 -0.0716552734375
0.0086669921875 -0.0282478332519531 0.256866455078125 0.34686279296875
0.0197525024414063 -0.0555534362792969 -0.0535888671875 0.60125732421875
0.009979248046875 -0.0448646545410156 -0.51531982421875 0.644775390625
0.028900146484375 -0.0571708679199219 -0.81884765625 0.49102783203125
0.0581283569335938 -0.0423431396484375 -0.9783935546875 0.47515869140625
0.0380630493164063 -0.0316314697265625 -0.86163330078125 0.369140625
0.0317554473876953 -0.01654052734375 -0.50384521484375 0.23834228515625
0.0347881317138672 -0.0350017547607422 -0.275497436523438 -0.00979614257812506
0.0168514251708984 -0.0235214233398437 -0.287139892578125 -0.223907470703125
0.00367164611816406 -0.0343036651611328 -0.5517578125 -0.331817626953125
-0.00464916229248047 -0.0115365982055664 -0.8292236328125 -0.484375
0.22076416015625 0.3447265625 0.11077880859375 -0.6309814453125
0.121856689453125 0.265716552734375 0.0918579101562501 -0.57708740234375
0.017730712890625 0.373565673828125 0.252410888671875 -0.363525390625
-0.129486083984375 0.323150634765625 0.402252197265625 -0.082855224609375
-0.28662109375 0.237060546875 0.28656005859375 0.30474853515625
-0.356597900390625 0.19354248046875 -0.0191650390625001 0.5980224609375
-0.384857177734375 0.158721923828125 -0.44219970703125 0.6380615234375
-0.368408203125 0.0285339355468749 -0.73883056640625 0.47894287109375
-0.331329345703125 0.102325439453125 -0.9251708984375 0.4830322265625
-0.2998046875 0.09808349609375 -0.833740234375 0.3795166015625
-0.2462158203125 0.116790771484375 -0.506500244140625 0.227752685546875
-0.1103515625 0.155426025390625 -0.2838134765625 -0.015625
-0.0799102783203125 0.20068359375 -0.282928466796875 -0.21295166015625
0.031585693359375 0.219985961914063 -0.52691650390625 -0.328094482421875
0.106307983398438 0.246490478515625 -0.82421875 -0.47296142578125
0.38671875 0.584716796875 0.233856201171875 -0.526092529296875
0.237060546875 0.511444091796875 0.2275390625 -0.492584228515625
0.0404052734374999 0.69744873046875 0.302947998046875 -0.32177734375
-0.25189208984375 0.6136474609375 0.460693359375 -0.098876953125
-0.546112060546875 0.467529296875 0.35052490234375 0.211578369140625
-0.6842041015625 0.4161376953125 0.0927429199218749 0.498291015625
-0.7177734375 0.333251953125 -0.253662109375 0.527313232421875
-0.7086181640625 0.1055908203125 -0.53851318359375 0.392730712890625
-0.683837890625 0.24090576171875 -0.77197265625 0.43011474609375
-0.62152099609375 0.24249267578125 -0.754150390625 0.34771728515625
-0.515106201171875 0.28314208984375 -0.50927734375 0.2000732421875
-0.2384033203125 0.37615966796875 -0.314056396484375 -0.00613403320312504
-0.155303955078125 0.446563720703125 -0.309600830078125 -0.166778564453125
0.075286865234375 0.46844482421875 -0.505828857421875 -0.272308349609375
0.21246337890625 0.480072021484375 -0.7900390625 -0.37200927734375
0.478515625 0.7388916015625 0.395263671875 -0.3565673828125
0.28955078125 0.66754150390625 0.38787841796875 -0.341461181640625
0.0313110351562499 0.8978271484375 0.366058349609375 -0.239837646484375
-0.34283447265625 0.79034423828125 0.51678466796875 -0.105438232421875
-0.72137451171875 0.61199951171875 0.4349365234375 0.080230712890625
-0.90472412109375 0.56793212890625 0.261383056640625 0.3182373046875
-0.9326171875 0.4527587890625 0.0184326171874999 0.335845947265625
-0.9384765625 0.16900634765625 -0.246871948242188 0.250106811523438
-0.94219970703125 0.363037109375 -0.5316162109375 0.3076171875
-0.87310791015625 0.3968505859375 -0.616943359375 0.2496337890625
-0.72393798828125 0.47845458984375 -0.498626708984375 0.13873291015625
-0.31646728515625 0.61004638671875 -0.35101318359375 0.01715087890625
-0.18145751953125 0.68701171875 -0.344207763671875 -0.073638916015625
0.14605712890625 0.6766357421875 -0.466217041015625 -0.15057373046875
0.3114013671875 0.6507568359375 -0.7164306640625 -0.1937255859375
0.4825439453125 0.77899169921875 0.56292724609375 -0.14862060546875
0.27099609375 0.700439453125 0.52984619140625 -0.14971923828125
-0.00988769531249991 0.92340087890625 0.4130859375 -0.128173828125
-0.395263671875 0.7965087890625 0.540191650390625 -0.0892028808593749
-0.77947998046875 0.61358642578125 0.51043701171875 -0.0479736328125
-0.9761962890625 0.59405517578125 0.444549560546875 0.0994262695312501
-0.9964599609375 0.48858642578125 0.32037353515625 0.10009765625
-1.0224609375 0.20501708984375 0.0882720947265624 0.0655288696289063
-1.0618896484375 0.43853759765625 -0.234832763671875 0.11077880859375
-0.99261474609375 0.510009765625 -0.431610107421875 0.0694580078124999
-0.82073974609375 0.62744140625 -0.47052001953125 0.0261840820312501
-0.32928466796875 0.7794189453125 -0.379852294921875 0.0400085449218751
-0.15899658203125 0.85003662109375 -0.35540771484375 0.0615234375
0.2239990234375 0.7940673828125 -0.383636474609375 0.0224609375
0.37554931640625 0.73101806640625 -0.60211181640625 0.0316772460937501
0.4007568359375 0.7105712890625 0.702392578125 0.0621337890625
0.19622802734375 0.61767578125 0.61444091796875 0.04644775390625
-0.0665893554687501 0.7852783203125 0.417266845703125 -0.00555419921874995
-0.386474609375 0.64306640625 0.51898193359375 -0.050262451171875
-0.7093505859375 0.47998046875 0.556182861328125 -0.13690185546875
-0.8902587890625 0.50604248046875 0.60711669921875 -0.099365234375
-0.9075927734375 0.4398193359375 0.6024169921875 -0.13153076171875
-0.95166015625 0.20733642578125 0.412811279296875 -0.131195068359375
-1.0093994140625 0.44085693359375 0.0662307739257812 -0.131263732910156
-0.9443359375 0.5274658203125 -0.229446411132813 -0.163803100585937
-0.77001953125 0.649169921875 -0.4256591796875 -0.119049072265625
-0.2838134765625 0.79144287109375 -0.394439697265625 0.0537719726562501
-0.11187744140625 0.85662841796875 -0.3358154296875 0.200347900390625
0.26068115234375 0.77587890625 -0.267349243164063 0.212844848632813
0.379638671875 0.7039794921875 -0.460235595703125 0.27197265625
0.27117919921875 0.548431396484375 0.797607421875 0.24224853515625
0.11083984375 0.44854736328125 0.6351318359375 0.21063232421875
-0.094970703125 0.54638671875 0.379241943359375 0.09698486328125
-0.30755615234375 0.411712646484375 0.45965576171875 -0.00900268554687497
-0.5313720703125 0.29254150390625 0.569580078125 -0.1798095703125
-0.677978515625 0.354736328125 0.7269287109375 -0.2425537109375
-0.6871337890625 0.33203125 0.82452392578125 -0.32550048828125
-0.73614501953125 0.17864990234375 0.6763916015625 -0.313232421875
-0.79803466796875 0.367431640625 0.31829833984375 -0.371551513671875
-0.73382568359375 0.43280029296875 -0.0556335449218751 -0.3953857421875
-0.592529296875 0.52386474609375 -0.375946044921875 -0.26031494140625
-0.20587158203125 0.633544921875 -0.39208984375 0.057220458984375
-0.0662841796875 0.6910400390625 -0.30230712890625 0.3153076171875
0.2337646484375 0.612548828125 -0.14715576171875 0.38818359375
0.31268310546875 0.565185546875 -0.31170654296875 0.487579345703125
0.118621826171875 0.318817138671875 0.84295654296875 0.36529541015625
0.0460662841796875 0.2384033203125 0.609130859375 0.31658935546875
-0.07000732421875 0.285400390625 0.327056884765625 0.156494140625
-0.170578002929688 0.188186645507812 0.391265869140625 0.01275634765625
-0.2938232421875 0.125091552734375 0.557373046875 -0.188812255859375
-0.3883056640625 0.197265625 0.79852294921875 -0.32861328125
-0.374908447265625 0.192291259765625 0.96209716796875 -0.466552734375
-0.409271240234375 0.119598388671875 0.83837890625 -0.4573974609375
-0.45562744140625 0.225982666015625 0.47503662109375 -0.56451416015625
-0.413787841796875 0.254669189453125 0.05511474609375 -0.57281494140625
-0.3277587890625 0.29620361328125 -0.336395263671875 -0.35821533203125
-0.108978271484375 0.354522705078125 -0.385467529296875 0.057220458984375
-0.0328369140625 0.391387939453125 -0.27545166015625 0.38995361328125
0.14190673828125 0.3399658203125 -0.06060791015625 0.517120361328125
0.17852783203125 0.336151123046875 -0.197509765625 0.64312744140625
0.00580215454101563 0.0571098327636719 0.0573120117187499 -0.6595458984375
-0.0257587432861328 -0.0257682800292969 0.01947021484375 -0.58575439453125
-0.0170326232910156 -0.00809478759765625 0.23046875 -0.3717041015625
0.00717735290527343 -0.0170469284057617 0.35809326171875 -0.0738525390625
0.00801277160644531 -0.0291156768798828 0.25927734375 0.34735107421875
0.0201072692871094 -0.056610107421875 -0.0491943359375 0.60357666015625
0.00993728637695312 -0.0447616577148438 -0.513427734375 0.64947509765625
0.028778076171875 -0.0578651428222656 -0.8170166015625 0.4969482421875
0.0586090087890625 -0.0428619384765625 -0.97723388671875 0.481201171875
0.0383186340332031 -0.0317420959472656 -0.8602294921875 0.37750244140625
0.0316219329833984 -0.0162410736083984 -0.503143310546875 0.24322509765625
0.0343780517578125 -0.03533935546875 -0.277175903320313 -0.0090789794921875
0.0161075592041016 -0.0235004425048828 -0.29010009765625 -0.222686767578125
0.00336265563964844 -0.0342197418212891 -0.55511474609375 -0.327117919921875
-0.00363540649414062 -0.0108938217163086 -0.83624267578125 -0.480224609375
0.223907470703125 0.343719482421875 0.107421875 -0.63458251953125
0.123641967773437 0.26593017578125 0.089111328125 -0.5791015625
0.02081298828125 0.3743896484375 0.249969482421875 -0.365814208984375
-0.128814697265625 0.32427978515625 0.400482177734375 -0.086151123046875
-0.2874755859375 0.238677978515625 0.2880859375 0.304229736328125
-0.356658935546875 0.196990966796875 -0.0145874023437501 0.5997314453125
-0.384246826171875 0.16253662109375 -0.4383544921875 0.64129638671875
-0.3699951171875 0.030303955078125 -0.7379150390625 0.48321533203125
-0.330902099609375 0.105377197265625 -0.9217529296875 0.4898681640625
-0.299530029296875 0.10125732421875 -0.83209228515625 0.3858642578125
-0.24664306640625 0.120040893554688 -0.506072998046875 0.23175048828125
-0.109603881835937 0.155670166015625 -0.2860107421875 -0.014007568359375
-0.078643798828125 0.201095581054688 -0.28509521484375 -0.21173095703125
0.0330963134765625 0.21942138671875 -0.53118896484375 -0.326080322265625
0.109542846679688 0.247238159179688 -0.83087158203125 -0.47027587890625
0.39312744140625 0.58380126953125 0.230987548828125 -0.53057861328125
0.240386962890625 0.511871337890625 0.223236083984375 -0.49627685546875
0.04583740234375 0.69964599609375 0.3033447265625 -0.3232421875
-0.2489013671875 0.6158447265625 0.460662841796875 -0.103240966796875
-0.547210693359375 0.4742431640625 0.353302001953125 0.209442138671875
-0.68316650390625 0.422607421875 0.0972900390624999 0.5001220703125
-0.71728515625 0.3388671875 -0.25079345703125 0.530303955078125
-0.711669921875 0.10992431640625 -0.5369873046875 0.396728515625
-0.6826171875 0.24603271484375 -0.76953125 0.43505859375
-0.62127685546875 0.24896240234375 -0.75347900390625 0.35382080078125
-0.51544189453125 0.288330078125 -0.50897216796875 0.2039794921875
-0.238250732421875 0.37713623046875 -0.315887451171875 -0.00485229492187495
-0.15362548828125 0.44647216796875 -0.31170654296875 -0.166290283203125
0.07867431640625 0.4686279296875 -0.510498046875 -0.270751953125
0.2171630859375 0.4801025390625 -0.79547119140625 -0.36871337890625
0.48614501953125 0.7374267578125 0.39630126953125 -0.3607177734375
0.29376220703125 0.66650390625 0.386627197265625 -0.347198486328125
0.0405883789062499 0.9000244140625 0.36651611328125 -0.243896484375
-0.34014892578125 0.794189453125 0.516937255859375 -0.1102294921875
-0.72308349609375 0.6195068359375 0.43621826171875 0.0773925781250001
-0.9029541015625 0.57464599609375 0.26519775390625 0.319854736328125
-0.931884765625 0.45965576171875 0.0211181640624999 0.33660888671875
-0.9398193359375 0.17474365234375 -0.246414184570313 0.250396728515625
-0.94268798828125 0.37030029296875 -0.529510498046875 0.311920166015625
-0.87298583984375 0.40679931640625 -0.61669921875 0.254638671875
-0.723388671875 0.4854736328125 -0.5015869140625 0.14215087890625
-0.3148193359375 0.61285400390625 -0.353179931640625 0.0180053710937501
-0.1781005859375 0.6904296875 -0.344512939453125 -0.072662353515625
0.15106201171875 0.67633056640625 -0.46893310546875 -0.148956298828125
0.31591796875 0.652099609375 -0.7215576171875 -0.188720703125
0.48992919921875 0.77777099609375 0.56500244140625 -0.15338134765625
0.27374267578125 0.701416015625 0.530975341796875 -0.153350830078125
-0.00305175781249999 0.926513671875 0.41448974609375 -0.13055419921875
-0.39202880859375 0.8017578125 0.541748046875 -0.0923156738281249
-0.78033447265625 0.6199951171875 0.51165771484375 -0.052032470703125
-0.9752197265625 0.60394287109375 0.448272705078125 0.097869873046875
-0.99530029296875 0.4974365234375 0.322296142578125 0.097015380859375
-1.02728271484375 0.21124267578125 0.0884780883789062 0.0637969970703125
-1.05810546875 0.4453125 -0.234130859375 0.112838745117188
-0.9935302734375 0.52008056640625 -0.431854248046875 0.072723388671875
-0.81890869140625 0.63739013671875 -0.4732666015625 0.0292053222656251
-0.3253173828125 0.7818603515625 -0.382598876953125 0.04296875
-0.1524658203125 0.85382080078125 -0.354766845703125 0.060943603515625
0.2296142578125 0.79296875 -0.385467529296875 0.022796630859375
0.383056640625 0.73040771484375 -0.6055908203125 0.03662109375
0.40899658203125 0.7093505859375 0.70550537109375 0.05645751953125
0.19970703125 0.6173095703125 0.61651611328125 0.04229736328125
-0.06121826171875 0.78839111328125 0.41973876953125 -0.00769042968749995
-0.38543701171875 0.64697265625 0.519287109375 -0.053466796875
-0.7115478515625 0.48675537109375 0.556915283203125 -0.14190673828125
-0.88995361328125 0.51495361328125 0.61016845703125 -0.10125732421875
-0.90771484375 0.44696044921875 0.60467529296875 -0.13702392578125
-0.9549560546875 0.21209716796875 0.41265869140625 -0.135223388671875
-1.009765625 0.44989013671875 0.0663299560546874 -0.132095336914062
-0.943603515625 0.5374755859375 -0.230926513671875 -0.16339111328125
-0.76959228515625 0.6573486328125 -0.4278564453125 -0.118682861328125
-0.27996826171875 0.79400634765625 -0.395751953125 0.055816650390625
-0.10595703125 0.85986328125 -0.334381103515625 0.201507568359375
0.26556396484375 0.7740478515625 -0.267623901367188 0.21392822265625
0.38568115234375 0.7039794921875 -0.460479736328125 0.27618408203125
0.275634765625 0.546966552734375 0.80084228515625 0.237548828125
0.112457275390625 0.44873046875 0.63653564453125 0.20770263671875
-0.0910339355468751 0.548583984375 0.3824462890625 0.094696044921875
-0.306365966796875 0.413482666015625 0.460540771484375 -0.013458251953125
-0.533477783203125 0.29766845703125 0.56964111328125 -0.18328857421875
-0.67767333984375 0.36212158203125 0.728515625 -0.24542236328125
-0.688232421875 0.3375244140625 0.82659912109375 -0.3336181640625
-0.73785400390625 0.18408203125 0.67633056640625 -0.31756591796875
-0.796630859375 0.37237548828125 0.3172607421875 -0.37457275390625
-0.73504638671875 0.44085693359375 -0.05731201171875 -0.396575927734375
-0.591796875 0.53094482421875 -0.37908935546875 -0.259490966796875
-0.2022705078125 0.63616943359375 -0.3924560546875 0.059356689453125
-0.06182861328125 0.69329833984375 -0.29913330078125 0.317596435546875
0.23785400390625 0.611083984375 -0.147491455078125 0.38861083984375
0.31787109375 0.5643310546875 -0.311492919921875 0.490478515625
0.122344970703125 0.319091796875 0.84613037109375 0.3603515625
0.0463714599609375 0.2391357421875 0.61236572265625 0.31317138671875
-0.067840576171875 0.286163330078125 0.330413818359375 0.155487060546875
-0.16925048828125 0.189239501953125 0.393524169921875 0.010528564453125
-0.2950439453125 0.127838134765625 0.55792236328125 -0.19183349609375
-0.387725830078125 0.200439453125 0.79931640625 -0.33489990234375
-0.374298095703125 0.195587158203125 0.96136474609375 -0.4735107421875
-0.409271240234375 0.120819091796875 0.83648681640625 -0.4630126953125
-0.45361328125 0.228057861328125 0.47235107421875 -0.56793212890625
-0.413787841796875 0.25909423828125 0.05322265625 -0.5748291015625
-0.3277587890625 0.299896240234375 -0.3404541015625 -0.35736083984375
-0.1070556640625 0.356353759765625 -0.38482666015625 0.05902099609375
-0.03021240234375 0.394256591796875 -0.272796630859375 0.391204833984375
0.142608642578125 0.339141845703125 -0.057342529296875 0.5177001953125
0.181488037109375 0.335205078125 -0.19488525390625 0.647705078125
0.00703048706054688 0.0570487976074219 0.0547485351562499 -0.66241455078125
-0.0265769958496094 -0.0256900787353516 0.016357421875 -0.58831787109375
-0.0171403884887695 -0.00830364227294922 0.227386474609375 -0.374420166015625
0.006744384765625 -0.0178298950195313 0.35833740234375 -0.0777587890625
0.00789642333984375 -0.0304355621337891 0.2620849609375 0.347900390625
0.0205421447753906 -0.0574378967285156 -0.044921875 0.608154296875
0.00995635986328125 -0.0449867248535156 -0.50921630859375 0.65625
0.028717041015625 -0.0580787658691406 -0.81591796875 0.50042724609375
0.0588531494140625 -0.0432548522949219 -0.97845458984375 0.49114990234375
0.0384445190429687 -0.0324821472167969 -0.85833740234375 0.38641357421875
0.031585693359375 -0.0153141021728516 -0.5025634765625 0.24798583984375
0.0334663391113281 -0.035675048828125 -0.27960205078125 -0.00770568847656245
0.0157146453857422 -0.0240993499755859 -0.293670654296875 -0.222015380859375
0.00310134887695313 -0.0342369079589844 -0.560211181640625 -0.32470703125
-0.00311374664306641 -0.0107173919677734 -0.84344482421875 -0.47900390625
0.22900390625 0.34259033203125 0.10491943359375 -0.63800048828125
0.124969482421875 0.266510009765625 0.08599853515625 -0.58184814453125
0.02398681640625 0.37579345703125 0.248199462890625 -0.36981201171875
-0.127410888671875 0.325592041015625 0.400726318359375 -0.0894775390625
-0.28741455078125 0.241851806640625 0.290863037109375 0.304168701171875
-0.356475830078125 0.20068359375 -0.00909423828125007 0.605224609375
-0.38446044921875 0.165283203125 -0.43450927734375 0.64697265625
-0.37158203125 0.0328369140625001 -0.73712158203125 0.4884033203125
-0.33056640625 0.1090087890625 -0.921875 0.49810791015625
-0.30047607421875 0.104736328125 -0.83172607421875 0.39385986328125
-0.2471923828125 0.123397827148438 -0.50653076171875 0.237945556640625
-0.109832763671875 0.156387329101563 -0.288787841796875 -0.0124511718750001
-0.0784759521484375 0.201797485351563 -0.2886962890625 -0.21173095703125
0.0345001220703125 0.219863891601563 -0.53546142578125 -0.323333740234375
0.11297607421875 0.248046875 -0.8380126953125 -0.4647216796875
0.4022216796875 0.58270263671875 0.229644775390625 -0.535125732421875
0.243316650390625 0.513763427734375 0.22113037109375 -0.500457763671875
0.0527954101562501 0.7021484375 0.301177978515625 -0.327789306640625
-0.24639892578125 0.62127685546875 0.45989990234375 -0.106689453125
-0.5479736328125 0.478729248046875 0.35516357421875 0.207794189453125
-0.68328857421875 0.429931640625 0.102386474609375 0.50274658203125
-0.71734619140625 0.3468017578125 -0.248199462890625 0.533203125
-0.71441650390625 0.11505126953125 -0.53656005859375 0.399017333984375
-0.6832275390625 0.2532958984375 -0.76898193359375 0.44073486328125
-0.62109375 0.2562255859375 -0.75286865234375 0.3603515625
-0.515899658203125 0.294952392578125 -0.51007080078125 0.2083740234375
-0.2364501953125 0.3802490234375 -0.318756103515625 -0.00332641601562496
-0.149871826171875 0.449920654296875 -0.314239501953125 -0.16522216796875
0.08270263671875 0.46728515625 -0.514129638671875 -0.268218994140625
0.221588134765625 0.48187255859375 -0.8026123046875 -0.3648681640625
0.494384765625 0.73736572265625 0.3956298828125 -0.3663330078125
0.29913330078125 0.6669921875 0.38519287109375 -0.350677490234375
0.0468749999999999 0.90374755859375 0.36590576171875 -0.24774169921875
-0.33673095703125 0.7996826171875 0.5162353515625 -0.11456298828125
-0.72406005859375 0.62750244140625 0.43743896484375 0.073944091796875
-0.90301513671875 0.58477783203125 0.2698974609375 0.3201904296875
-0.93017578125 0.46978759765625 0.024261474609375 0.3365478515625
-0.944580078125 0.18182373046875 -0.246170043945313 0.251052856445313
-0.94085693359375 0.38037109375 -0.529449462890625 0.31683349609375
-0.8729248046875 0.41558837890625 -0.61566162109375 0.25946044921875
-0.72576904296875 0.4942626953125 -0.502349853515625 0.145294189453125
-0.31134033203125 0.61700439453125 -0.35528564453125 0.0198974609375
-0.17364501953125 0.693115234375 -0.346649169921875 -0.0714721679687499
0.15826416015625 0.67669677734375 -0.47216796875 -0.146942138671875
0.32373046875 0.653564453125 -0.7274169921875 -0.18475341796875
0.49822998046875 0.7772216796875 0.5654296875 -0.158447265625
0.2791748046875 0.70166015625 0.53228759765625 -0.159332275390625
0.0044555664062499 0.92889404296875 0.415313720703125 -0.133636474609375
-0.38909912109375 0.80731201171875 0.54248046875 -0.0964050292968749
-0.78253173828125 0.62969970703125 0.512237548828125 -0.05621337890625
-0.97613525390625 0.61370849609375 0.452911376953125 0.096893310546875
-0.9949951171875 0.507568359375 0.325164794921875 0.0946044921875
-1.03094482421875 0.2198486328125 0.0891036987304687 0.062103271484375
-1.05889892578125 0.4564208984375 -0.233306884765625 0.11419677734375
-0.99298095703125 0.53070068359375 -0.432830810546875 0.0747985839843751
-0.819580078125 0.6473388671875 -0.475494384765625 0.0322570800781251
-0.32208251953125 0.78765869140625 -0.383392333984375 0.0447082519531251
-0.14752197265625 0.85870361328125 -0.355621337890625 0.061859130859375
0.23748779296875 0.7943115234375 -0.38818359375 0.02447509765625
0.38934326171875 0.73321533203125 -0.60888671875 0.0415649414062502
0.415283203125 0.70953369140625 0.70721435546875 0.0516357421875
0.2030029296875 0.617431640625 0.6204833984375 0.036376953125
-0.0552978515625 0.79058837890625 0.4237060546875 -0.00872802734374995
-0.38238525390625 0.65045166015625 0.522186279296875 -0.056915283203125
-0.7115478515625 0.49505615234375 0.55718994140625 -0.1468505859375
-0.89111328125 0.5242919921875 0.61370849609375 -0.10498046875
-0.90716552734375 0.45709228515625 0.60498046875 -0.14312744140625
-0.95849609375 0.22052001953125 0.412384033203125 -0.1396484375
-1.008056640625 0.46075439453125 0.0662384033203124 -0.133331298828125
-0.944091796875 0.5487060546875 -0.232879638671875 -0.162872314453125
-0.76995849609375 0.66790771484375 -0.431640625 -0.115753173828125
-0.27532958984375 0.8001708984375 -0.396148681640625 0.0594482421875
-0.1005859375 0.865234375 -0.3328857421875 0.202301025390625
0.27301025390625 0.77520751953125 -0.267623901367188 0.214431762695313
0.39385986328125 0.704345703125 -0.46185302734375 0.28167724609375
0.2845458984375 0.548583984375 0.80548095703125 0.23193359375
0.1141357421875 0.44970703125 0.6412353515625 0.203369140625
-0.0863037109375 0.550567626953125 0.3861083984375 0.093231201171875
-0.305694580078125 0.418487548828125 0.4620361328125 -0.0152587890625
-0.535064697265625 0.3033447265625 0.56976318359375 -0.187744140625
-0.67840576171875 0.37054443359375 0.73065185546875 -0.2513427734375
-0.68743896484375 0.3453369140625 0.8248291015625 -0.34033203125
-0.741455078125 0.1904296875 0.67559814453125 -0.32501220703125
-0.79669189453125 0.380859375 0.316070556640625 -0.37774658203125
-0.735107421875 0.45050048828125 -0.0600891113281251 -0.39947509765625
-0.593017578125 0.53857421875 -0.383056640625 -0.259307861328125
-0.20050048828125 0.6405029296875 -0.392791748046875 0.061370849609375
-0.05694580078125 0.69793701171875 -0.297027587890625 0.319091796875
0.24383544921875 0.61138916015625 -0.144775390625 0.390869140625
0.3236083984375 0.5655517578125 -0.309417724609375 0.495361328125
0.126495361328125 0.319610595703125 0.85137939453125 0.35516357421875
0.0474090576171875 0.240447998046875 0.61688232421875 0.31121826171875
-0.06512451171875 0.2874755859375 0.3341064453125 0.1544189453125
-0.169357299804688 0.191360473632813 0.395172119140625 0.00885009765625001
-0.297088623046875 0.130706787109375 0.558013916015625 -0.197235107421875
-0.38861083984375 0.205078125 0.801513671875 -0.33978271484375
-0.373870849609375 0.199188232421875 0.9600830078125 -0.48297119140625
-0.4117431640625 0.124298095703125 0.83721923828125 -0.4700927734375
-0.4532470703125 0.23358154296875 0.47125244140625 -0.57373046875
-0.413665771484375 0.264251708984375 0.0479736328125 -0.5792236328125
-0.327606201171875 0.30340576171875 -0.34625244140625 -0.357421875
-0.1058349609375 0.357818603515625 -0.385711669921875 0.061553955078125
-0.02703857421875 0.395904541015625 -0.268829345703125 0.39385986328125
0.147216796875 0.337921142578125 -0.054779052734375 0.519866943359375
0.18511962890625 0.335662841796875 -0.19219970703125 0.65185546875
0.00873565673828125 0.05694580078125 0.05126953125 -0.66668701171875
-0.0274829864501953 -0.0247230529785156 0.01165771484375 -0.59075927734375
-0.0172138214111328 -0.00843715667724609 0.223663330078125 -0.3787841796875
0.0064239501953125 -0.0190563201904297 0.35699462890625 -0.080474853515625
0.00747108459472656 -0.031402587890625 0.265960693359375 0.347137451171875
0.0207023620605469 -0.058563232421875 -0.03924560546875 0.612548828125
0.010284423828125 -0.0453643798828125 -0.50653076171875 0.66180419921875
0.0288543701171875 -0.0586395263671875 -0.81439208984375 0.50701904296875
0.0591468811035156 -0.0442085266113281 -0.97613525390625 0.5003662109375
0.0385475158691406 -0.0327644348144531 -0.85882568359375 0.39544677734375
0.0314159393310547 -0.0146846771240234 -0.50225830078125 0.2532958984375
0.0327873229980469 -0.0363616943359375 -0.282196044921875 -0.00585937499999997
0.0151405334472656 -0.0244178771972656 -0.29754638671875 -0.220001220703125
0.00257492065429687 -0.0342369079589844 -0.56634521484375 -0.32080078125
-0.00195407867431641 -0.0101242065429688 -0.85357666015625 -0.47174072265625
0.234619140625 0.3419189453125 0.102783203125 -0.64349365234375
0.12762451171875 0.267227172851563 0.0811157226562499 -0.5872802734375
0.02789306640625 0.37750244140625 0.24652099609375 -0.373992919921875
-0.125823974609375 0.327850341796875 0.400482177734375 -0.09417724609375
-0.287689208984375 0.24542236328125 0.294769287109375 0.30279541015625
-0.356292724609375 0.20440673828125 -0.00268554687499998 0.6087646484375
-0.38482666015625 0.16912841796875 -0.4305419921875 0.65338134765625
-0.373016357421875 0.036590576171875 -0.7359619140625 0.49371337890625
-0.32989501953125 0.112457275390625 -0.91998291015625 0.508056640625
-0.300018310546875 0.10797119140625 -0.83319091796875 0.40399169921875
-0.247726440429688 0.126922607421875 -0.50628662109375 0.242828369140625
-0.109649658203125 0.157455444335938 -0.291107177734375 -0.0105285644531251
-0.076995849609375 0.202239990234375 -0.2926025390625 -0.210601806640625
0.0363006591796875 0.219833374023438 -0.540283203125 -0.319244384765625
0.11627197265625 0.249130249023438 -0.847900390625 -0.4609375
0.4105224609375 0.5809326171875 0.228057861328125 -0.540069580078125
0.24908447265625 0.513153076171875 0.219207763671875 -0.50555419921875
0.058837890625 0.7037353515625 0.299346923828125 -0.332275390625
-0.24188232421875 0.62457275390625 0.4610595703125 -0.111480712890625
-0.546875 0.4874267578125 0.35675048828125 0.205474853515625
-0.68341064453125 0.4371337890625 0.108184814453125 0.507110595703125
-0.7171630859375 0.35308837890625 -0.243988037109375 0.538360595703125
-0.717529296875 0.12164306640625 -0.534698486328125 0.403778076171875
-0.681396484375 0.26153564453125 -0.7679443359375 0.4490966796875
-0.62158203125 0.2630615234375 -0.75238037109375 0.36907958984375
-0.515594482421875 0.3016357421875 -0.510894775390625 0.212921142578125
-0.2364501953125 0.381256103515625 -0.32110595703125 -0.00109863281249991
-0.146728515625 0.451263427734375 -0.317535400390625 -0.164581298828125
0.0877685546875 0.46795654296875 -0.518829345703125 -0.264892578125
0.22802734375 0.483856201171875 -0.81024169921875 -0.36090087890625
0.505615234375 0.735595703125 0.393798828125 -0.37213134765625
0.30401611328125 0.6673583984375 0.384307861328125 -0.35748291015625
0.0562744140625 0.90643310546875 0.366424560546875 -0.251556396484375
-0.332275390625 0.80633544921875 0.5179443359375 -0.120758056640625
-0.7227783203125 0.63818359375 0.439117431640625 0.07122802734375
-0.90350341796875 0.59521484375 0.2760009765625 0.321075439453125
-0.9310302734375 0.480224609375 0.0270080566406249 0.33734130859375
-0.94903564453125 0.1885986328125 -0.244644165039063 0.2532958984375
-0.9400634765625 0.3892822265625 -0.52777099609375 0.321319580078125
-0.87554931640625 0.427734375 -0.6162109375 0.26611328125
-0.7236328125 0.5040283203125 -0.50396728515625 0.15020751953125
-0.308349609375 0.62225341796875 -0.35772705078125 0.02197265625
-0.16790771484375 0.696533203125 -0.348602294921875 -0.0712280273437499
0.1644287109375 0.67718505859375 -0.47576904296875 -0.143646240234375
0.33258056640625 0.65338134765625 -0.73370361328125 -0.179443359375
0.510498046875 0.77496337890625 0.56793212890625 -0.16534423828125
0.28619384765625 0.7025146484375 0.532989501953125 -0.165618896484375
0.0125732421875 0.9317626953125 0.4190673828125 -0.13702392578125
-0.3848876953125 0.81402587890625 0.54388427734375 -0.10247802734375
-0.781494140625 0.63970947265625 0.513214111328125 -0.060516357421875
-0.97503662109375 0.625244140625 0.4566650390625 0.0946044921875
-0.99713134765625 0.51739501953125 0.32757568359375 0.091888427734375
-1.0345458984375 0.2281494140625 0.0894012451171874 0.0609283447265625
-1.05828857421875 0.4676513671875 -0.232162475585938 0.116943359375
-0.9940185546875 0.544189453125 -0.433013916015625 0.07891845703125
-0.82025146484375 0.656982421875 -0.4788818359375 0.0352783203125
-0.3179931640625 0.79254150390625 -0.3856201171875 0.0468750000000001
-0.140625 0.862060546875 -0.355438232421875 0.064056396484375
0.24493408203125 0.79241943359375 -0.38909912109375 0.026611328125
0.3997802734375 0.73272705078125 -0.61236572265625 0.04693603515625
0.42547607421875 0.70751953125 0.71221923828125 0.04498291015625
0.20855712890625 0.6180419921875 0.6240234375 0.03179931640625
-0.04730224609375 0.79473876953125 0.42669677734375 -0.013702392578125
-0.37908935546875 0.65777587890625 0.52459716796875 -0.063079833984375
-0.7138671875 0.5028076171875 0.558563232421875 -0.151947021484375
-0.89093017578125 0.53515625 0.61505126953125 -0.10882568359375
-0.90777587890625 0.466064453125 0.6075439453125 -0.14959716796875
-0.96258544921875 0.22955322265625 0.413543701171875 -0.143310546875
-1.008056640625 0.4725341796875 0.0657958984375 -0.134567260742187
-0.944091796875 0.5621337890625 -0.23541259765625 -0.16192626953125
-0.76947021484375 0.67877197265625 -0.43658447265625 -0.1131591796875
-0.2720947265625 0.80621337890625 -0.398406982421875 0.0625000000000001
-0.09332275390625 0.87030029296875 -0.3311767578125 0.2049560546875
0.28070068359375 0.7747802734375 -0.267959594726563 0.216690063476563
0.40234375 0.70660400390625 -0.462066650390625 0.287322998046875
0.290008544921875 0.5474853515625 0.80908203125 0.226318359375
0.118316650390625 0.451202392578125 0.64569091796875 0.19952392578125
-0.081512451171875 0.55364990234375 0.39044189453125 0.09033203125
-0.303558349609375 0.4210205078125 0.46588134765625 -0.0196533203125
-0.536956787109375 0.309112548828125 0.57049560546875 -0.19488525390625
-0.6787109375 0.3775634765625 0.7337646484375 -0.25732421875
-0.6859130859375 0.35321044921875 0.8255615234375 -0.3511962890625
-0.74420166015625 0.197021484375 0.676513671875 -0.3323974609375
-0.795654296875 0.39068603515625 0.314483642578125 -0.382171630859375
-0.7352294921875 0.460205078125 -0.064483642578125 -0.401824951171875
-0.590576171875 0.5462646484375 -0.38824462890625 -0.257965087890625
-0.1961669921875 0.64471435546875 -0.394317626953125 0.064178466796875
-0.05010986328125 0.701904296875 -0.294891357421875 0.322021484375
0.25006103515625 0.610595703125 -0.143524169921875 0.391510009765625
0.3309326171875 0.56622314453125 -0.308685302734375 0.501922607421875
0.13165283203125 0.320281982421875 0.85888671875 0.35052490234375
0.04888916015625 0.241302490234375 0.623046875 0.3065185546875
-0.062164306640625 0.2894287109375 0.33837890625 0.1514892578125
-0.168777465820312 0.192977905273438 0.398834228515625 0.00463867187500001
-0.2984619140625 0.134429931640625 0.559478759765625 -0.202972412109375
-0.38824462890625 0.20989990234375 0.80389404296875 -0.34710693359375
-0.373199462890625 0.20391845703125 0.9603271484375 -0.4931640625
-0.41326904296875 0.1285400390625 0.836181640625 -0.47918701171875
-0.4532470703125 0.2386474609375 0.4677734375 -0.580078125
-0.413726806640625 0.2705078125 0.0426025390625 -0.5836181640625
-0.32659912109375 0.308258056640625 -0.350311279296875 -0.3580322265625
-0.102386474609375 0.360504150390625 -0.385772705078125 0.0643310546875001
-0.02288818359375 0.39892578125 -0.26580810546875 0.3974609375
0.151275634765625 0.338775634765625 -0.05242919921875 0.52105712890625
0.18896484375 0.336273193359375 -0.18951416015625 0.65576171875
0.01019287109375 0.056884765625 0.04705810546875 -0.67022705078125
-0.0281772613525391 -0.0242462158203125 0.00695800781250004 -0.59381103515625
-0.0172328948974609 -0.00837802886962891 0.22113037109375 -0.38427734375
0.00544548034667969 -0.0199756622314453 0.357391357421875 -0.084197998046875
0.00725173950195313 -0.0325298309326172 0.27020263671875 0.347564697265625
0.0208969116210938 -0.0594825744628906 -0.0342407226562501 0.61773681640625
0.0102081298828125 -0.0457305908203125 -0.5008544921875 0.67169189453125
0.0287017822265625 -0.059112548828125 -0.81341552734375 0.51611328125
0.0596046447753906 -0.0446739196777344 -0.97650146484375 0.51251220703125
0.0388717651367188 -0.0334892272949219 -0.8597412109375 0.40802001953125
0.0312519073486328 -0.0144996643066406 -0.50238037109375 0.26055908203125
0.0319023132324219 -0.0366706848144531 -0.2840576171875 -0.00384521484375003
0.0143604278564453 -0.0247516632080078 -0.302276611328125 -0.218505859375
0.00203132629394531 -0.0340080261230469 -0.57183837890625 -0.3155517578125
-0.0013580322265625 -0.00977516174316406 -0.86395263671875 -0.46759033203125
0.241302490234375 0.340667724609375 0.0972900390625 -0.64666748046875
0.130142211914062 0.267608642578125 0.0775146484375 -0.5908203125
0.032257080078125 0.378997802734375 0.2435302734375 -0.378753662109375
-0.12384033203125 0.329986572265625 0.39910888671875 -0.098785400390625
-0.288116455078125 0.24969482421875 0.29840087890625 0.302490234375
-0.355712890625 0.209014892578125 0.00408935546874991 0.61297607421875
-0.38446044921875 0.174774169921875 -0.42596435546875 0.66119384765625
-0.375335693359375 0.040496826171875 -0.7349853515625 0.502197265625
-0.329681396484375 0.116485595703125 -0.91912841796875 0.51800537109375
-0.29974365234375 0.1124267578125 -0.8302001953125 0.41448974609375
-0.247650146484375 0.130966186523437 -0.5062255859375 0.248992919921875
-0.109344482421875 0.15863037109375 -0.29376220703125 -0.00942993164062494
-0.0750885009765625 0.203887939453125 -0.29681396484375 -0.20947265625
0.038360595703125 0.220245361328125 -0.54779052734375 -0.31536865234375
0.120803833007813 0.250320434570313 -0.85723876953125 -0.45501708984375
0.41845703125 0.5811767578125 0.225341796875 -0.54705810546875
0.254058837890625 0.513427734375 0.215301513671875 -0.5118408203125
0.0680541992187501 0.7071533203125 0.298126220703125 -0.33642578125
-0.23828125 0.6307373046875 0.460357666015625 -0.11749267578125
-0.546539306640625 0.495025634765625 0.360626220703125 0.203521728515625
-0.68243408203125 0.44805908203125 0.116424560546875 0.510955810546875
-0.7183837890625 0.3641357421875 -0.2396240234375 0.542633056640625
-0.72027587890625 0.1290283203125 -0.534027099609375 0.408355712890625
-0.6810302734375 0.27044677734375 -0.76605224609375 0.45855712890625
-0.62103271484375 0.27325439453125 -0.75164794921875 0.37908935546875
-0.517242431640625 0.3095703125 -0.51190185546875 0.220245361328125
-0.233612060546875 0.38525390625 -0.32427978515625 0.00122070312500005
-0.1444091796875 0.454345703125 -0.321746826171875 -0.1639404296875
0.092376708984375 0.46905517578125 -0.52410888671875 -0.2618408203125
0.23553466796875 0.483642578125 -0.81884765625 -0.35394287109375
0.5164794921875 0.73297119140625 0.394317626953125 -0.37939453125
0.312255859375 0.6685791015625 0.382232666015625 -0.364013671875
0.065185546875 0.9097900390625 0.3663330078125 -0.2564697265625
-0.3262939453125 0.8138427734375 0.519287109375 -0.126312255859375
-0.722412109375 0.64849853515625 0.44171142578125 0.0673217773437501
-0.90167236328125 0.6103515625 0.282440185546875 0.3214111328125
-0.93194580078125 0.49267578125 0.0307312011718749 0.338165283203125
-0.9544677734375 0.19970703125 -0.244232177734375 0.254806518554688
-0.939453125 0.4033203125 -0.52630615234375 0.328399658203125
-0.873291015625 0.4388427734375 -0.6163330078125 0.2738037109375
-0.72357177734375 0.515869140625 -0.50543212890625 0.1566162109375
-0.30377197265625 0.6265869140625 -0.3602294921875 0.025054931640625
-0.16119384765625 0.70025634765625 -0.3514404296875 -0.067840576171875
0.17291259765625 0.67706298828125 -0.479644775390625 -0.14056396484375
0.342041015625 0.65509033203125 -0.740966796875 -0.17242431640625
0.521484375 0.7742919921875 0.56915283203125 -0.17254638671875
0.293212890625 0.702880859375 0.53448486328125 -0.1729736328125
0.0222167968750001 0.9381103515625 0.420867919921875 -0.142791748046875
-0.38006591796875 0.8221435546875 0.545318603515625 -0.108917236328125
-0.78167724609375 0.6522216796875 0.51458740234375 -0.0656433105468749
-0.97357177734375 0.6402587890625 0.46185302734375 0.0924682617187501
-0.99542236328125 0.52947998046875 0.3306884765625 0.08807373046875
-1.038818359375 0.23834228515625 0.0899124145507812 0.0590744018554688
-1.0579833984375 0.48260498046875 -0.231796264648438 0.119476318359375
-0.99322509765625 0.558837890625 -0.435089111328125 0.08392333984375
-0.81744384765625 0.67169189453125 -0.481964111328125 0.0410766601562501
-0.31256103515625 0.798583984375 -0.38836669921875 0.0508728027343751
-0.1312255859375 0.8687744140625 -0.356597900390625 0.0664672851562501
0.254638671875 0.793701171875 -0.391937255859375 0.029632568359375
0.41033935546875 0.734619140625 -0.615966796875 0.05426025390625
0.43817138671875 0.7061767578125 0.71502685546875 0.03643798828125
0.213623046875 0.62005615234375 0.62689208984375 0.0245361328125
-0.0390014648437499 0.79791259765625 0.430511474609375 -0.017059326171875
-0.3758544921875 0.664306640625 0.526702880859375 -0.0693359374999999
-0.7142333984375 0.51336669921875 0.559814453125 -0.15911865234375
-0.88885498046875 0.5479736328125 0.62060546875 -0.11328125
-0.90728759765625 0.47711181640625 0.60858154296875 -0.15655517578125
-0.968017578125 0.23968505859375 0.412628173828125 -0.14837646484375
-1.00787353515625 0.4844970703125 0.0654602050781249 -0.13592529296875
-0.9443359375 0.57586669921875 -0.237533569335938 -0.1611328125
-0.767333984375 0.69207763671875 -0.44134521484375 -0.110748291015625
-0.2645263671875 0.81158447265625 -0.399322509765625 0.065765380859375
-0.08465576171875 0.8748779296875 -0.331451416015625 0.207672119140625
0.2904052734375 0.77252197265625 -0.268447875976563 0.219497680664063
0.4114990234375 0.7071533203125 -0.463134765625 0.29290771484375
0.30035400390625 0.546722412109375 0.816162109375 0.2198486328125
0.1217041015625 0.452239990234375 0.650634765625 0.19195556640625
-0.0761413574218749 0.555908203125 0.394439697265625 0.0867919921875
-0.301910400390625 0.426849365234375 0.468017578125 -0.02392578125
-0.53839111328125 0.3170166015625 0.57183837890625 -0.201171875
-0.67926025390625 0.3875732421875 0.7354736328125 -0.26568603515625
-0.68658447265625 0.36102294921875 0.827392578125 -0.35992431640625
-0.74951171875 0.203369140625 0.67474365234375 -0.33966064453125
-0.79473876953125 0.4000244140625 0.31195068359375 -0.387451171875
-0.73443603515625 0.47137451171875 -0.0683898925781251 -0.404083251953125
-0.59075927734375 0.55718994140625 -0.393524169921875 -0.25543212890625
-0.19012451171875 0.651123046875 -0.3963623046875 0.06866455078125
-0.0428466796874999 0.70428466796875 -0.2908935546875 0.32525634765625
0.257080078125 0.61083984375 -0.141204833984375 0.394378662109375
0.33941650390625 0.5670166015625 -0.3056640625 0.50823974609375
0.136505126953125 0.320037841796875 0.86370849609375 0.34375
0.0510101318359375 0.243011474609375 0.6287841796875 0.30108642578125
-0.05877685546875 0.291717529296875 0.34326171875 0.1490478515625
-0.168350219726563 0.196212768554688 0.401458740234375 0.00262451171875001
-0.299407958984375 0.13873291015625 0.559844970703125 -0.20880126953125
-0.388427734375 0.2176513671875 0.80364990234375 -0.3570556640625
-0.372406005859375 0.210052490234375 0.95831298828125 -0.506591796875
-0.414703369140625 0.1324462890625 0.83349609375 -0.48834228515625
-0.45355224609375 0.244598388671875 0.46539306640625 -0.58648681640625
-0.412567138671875 0.27777099609375 0.03582763671875 -0.5888671875
-0.325897216796875 0.313812255859375 -0.35565185546875 -0.357330322265625
-0.1005859375 0.363250732421875 -0.38623046875 0.069000244140625
-0.018310546875 0.40155029296875 -0.261688232421875 0.40081787109375
0.154937744140625 0.33740234375 -0.0478515625 0.52276611328125
0.19439697265625 0.336395263671875 -0.18505859375 0.66259765625
0.0121841430664062 0.0566139221191406 0.04144287109375 -0.676513671875
-0.0288314819335937 -0.0235919952392578 0.000915527343750044 -0.59722900390625
-0.0173854827880859 -0.00905895233154297 0.217987060546875 -0.388671875
0.00413131713867187 -0.0210933685302734 0.35601806640625 -0.089141845703125
0.00649833679199219 -0.033599853515625 0.276214599609375 0.34576416015625
0.0209999084472656 -0.0606346130371094 -0.0255126953125 0.6224365234375
0.0104560852050781 -0.0458602905273438 -0.4957275390625 0.6790771484375
0.028778076171875 -0.0595970153808594 -0.81317138671875 0.5255126953125
0.0597991943359375 -0.0459175109863281 -0.9759521484375 0.52587890625
0.0388679504394531 -0.0345954895019531 -0.85809326171875 0.41986083984375
0.0314559936523438 -0.0140247344970703 -0.501373291015625 0.266632080078125
0.0311317443847656 -0.0371322631835938 -0.2872314453125 -0.00189208984375003
0.0137863159179687 -0.0251674652099609 -0.306854248046875 -0.217041015625
0.00174903869628907 -0.0338821411132813 -0.57855224609375 -0.31060791015625
-0.000166893005371094 -0.009368896484375 -0.873291015625 -0.45947265625
0.247894287109375 0.33978271484375 0.092529296875 -0.65374755859375
0.133453369140625 0.268142700195313 0.071533203125 -0.5955810546875
0.03680419921875 0.380645751953125 0.240447998046875 -0.384796142578125
-0.121429443359375 0.333648681640625 0.400360107421875 -0.104095458984375
-0.28802490234375 0.2537841796875 0.30194091796875 0.301483154296875
-0.35540771484375 0.21392822265625 0.01226806640625 0.6182861328125
-0.3848876953125 0.17987060546875 -0.420654296875 0.66741943359375
-0.3759765625 0.04449462890625 -0.7330322265625 0.5101318359375
-0.328643798828125 0.121490478515625 -0.9173583984375 0.53021240234375
-0.30010986328125 0.116790771484375 -0.82940673828125 0.426025390625
-0.24737548828125 0.1356201171875 -0.50701904296875 0.255767822265625
-0.109222412109375 0.160171508789063 -0.297454833984375 -0.00643920898437501
-0.073974609375 0.20526123046875 -0.3016357421875 -0.2083740234375
0.0411834716796875 0.220550537109375 -0.554595947265625 -0.31060791015625
0.12506103515625 0.250686645507813 -0.8685302734375 -0.44757080078125
0.429443359375 0.57708740234375 0.22100830078125 -0.553314208984375
0.2608642578125 0.514312744140625 0.2117919921875 -0.51751708984375
0.07501220703125 0.7100830078125 0.296844482421875 -0.34222412109375
-0.23431396484375 0.63641357421875 0.46234130859375 -0.123199462890625
-0.5474853515625 0.50555419921875 0.36517333984375 0.200897216796875
-0.6827392578125 0.45880126953125 0.124298095703125 0.5142822265625
-0.71649169921875 0.3748779296875 -0.2344970703125 0.546112060546875
-0.72296142578125 0.13604736328125 -0.53338623046875 0.4150390625
-0.68048095703125 0.280029296875 -0.764892578125 0.4696044921875
-0.62176513671875 0.281005859375 -0.75030517578125 0.3892822265625
-0.517181396484375 0.31744384765625 -0.513275146484375 0.227325439453125
-0.2310791015625 0.387847900390625 -0.327301025390625 0.00378417968750001
-0.13958740234375 0.45794677734375 -0.325469970703125 -0.161590576171875
0.097198486328125 0.46966552734375 -0.52935791015625 -0.256256103515625
0.243377685546875 0.484832763671875 -0.827880859375 -0.346435546875
0.529541015625 0.7314453125 0.392669677734375 -0.387176513671875
0.3204345703125 0.6689453125 0.381561279296875 -0.371826171875
0.0772705078125 0.91510009765625 0.3675537109375 -0.26239013671875
-0.32012939453125 0.82220458984375 0.52001953125 -0.133148193359375
-0.72247314453125 0.66107177734375 0.444183349609375 0.062408447265625
-0.902099609375 0.62249755859375 0.288177490234375 0.321990966796875
-0.93145751953125 0.50494384765625 0.035675048828125 0.33905029296875
-0.95782470703125 0.21112060546875 -0.243804931640625 0.257217407226563
-0.937744140625 0.41571044921875 -0.526123046875 0.336090087890625
-0.87353515625 0.452880859375 -0.6173095703125 0.28271484375
-0.7237548828125 0.52716064453125 -0.50823974609375 0.163482666015625
-0.30194091796875 0.63226318359375 -0.3629150390625 0.0291442871093751
-0.15447998046875 0.707275390625 -0.354248046875 -0.067047119140625
0.1815185546875 0.67803955078125 -0.484832763671875 -0.13763427734375
0.3516845703125 0.6568603515625 -0.74798583984375 -0.1649169921875
0.5340576171875 0.77197265625 0.57183837890625 -0.18035888671875
0.30126953125 0.70538330078125 0.53607177734375 -0.1812744140625
0.0347900390625 0.9420166015625 0.42169189453125 -0.14764404296875
-0.373779296875 0.829345703125 0.54815673828125 -0.11578369140625
-0.781982421875 0.66485595703125 0.516510009765625 -0.07305908203125
-0.97357177734375 0.65631103515625 0.46807861328125 0.088897705078125
-0.99609375 0.54388427734375 0.333587646484375 0.08392333984375
-1.04412841796875 0.249267578125 0.0904312133789062 0.0574722290039063
-1.0565185546875 0.4970703125 -0.230804443359375 0.122451782226563
-0.99346923828125 0.57403564453125 -0.4359130859375 0.088623046875
-0.81756591796875 0.6846923828125 -0.4840087890625 0.04644775390625
-0.30584716796875 0.80694580078125 -0.39031982421875 0.0541381835937501
-0.12261962890625 0.8746337890625 -0.357391357421875 0.0682983398437501
0.26416015625 0.79376220703125 -0.3956298828125 0.0328979492187501
0.421875 0.736083984375 -0.6197509765625 0.0612182617187499
0.44952392578125 0.70489501953125 0.72027587890625 0.0302734375
0.2216796875 0.62164306640625 0.6304931640625 0.01617431640625
-0.0291748046875 0.8023681640625 0.43341064453125 -0.02130126953125
-0.3704833984375 0.67138671875 0.5294189453125 -0.0740661621093749
-0.715087890625 0.52545166015625 0.560455322265625 -0.166168212890625
-0.88916015625 0.562744140625 0.62359619140625 -0.12017822265625
-0.9072265625 0.49188232421875 0.61114501953125 -0.164306640625
-0.9720458984375 0.25067138671875 0.413299560546875 -0.154876708984375
-1.00592041015625 0.49884033203125 0.0651016235351562 -0.137222290039063
-0.943115234375 0.59136962890625 -0.240859985351563 -0.160446166992187
-0.765869140625 0.70513916015625 -0.445770263671875 -0.106536865234375
-0.259521484375 0.818115234375 -0.401336669921875 0.069610595703125
-0.0739135742187501 0.8812255859375 -0.3302001953125 0.21051025390625
0.30078125 0.77423095703125 -0.268646240234375 0.22216796875
0.422607421875 0.70806884765625 -0.463653564453125 0.301361083984375
0.308135986328125 0.54736328125 0.82275390625 0.21160888671875
0.126861572265625 0.45355224609375 0.65716552734375 0.185546875
-0.069305419921875 0.560302734375 0.399169921875 0.082733154296875
-0.300262451171875 0.4324951171875 0.471435546875 -0.0306396484375
-0.539398193359375 0.324493408203125 0.5721435546875 -0.20953369140625
-0.67913818359375 0.398193359375 0.7371826171875 -0.2744140625
-0.68475341796875 0.37176513671875 0.8271484375 -0.3712158203125
-0.750732421875 0.21148681640625 0.67413330078125 -0.34814453125
-0.79400634765625 0.4111328125 0.310699462890625 -0.392333984375
-0.73370361328125 0.48358154296875 -0.07421875 -0.406402587890625
-0.588623046875 0.5679931640625 -0.40020751953125 -0.254638671875
-0.1856689453125 0.65521240234375 -0.39605712890625 0.07257080078125
-0.0355224609375 0.710205078125 -0.289581298828125 0.328948974609375
0.26708984375 0.609619140625 -0.137603759765625 0.39727783203125
0.34759521484375 0.56658935546875 -0.30322265625 0.514862060546875
0.1429443359375 0.320556640625 0.87469482421875 0.33642578125
0.0534515380859375 0.243896484375 0.6348876953125 0.2969970703125
-0.055419921875 0.29345703125 0.34844970703125 0.1463623046875
-0.167617797851562 0.19891357421875 0.4029541015625 -0.00216674804687499
-0.302032470703125 0.14361572265625 0.5614013671875 -0.217132568359375
-0.388519287109375 0.22430419921875 0.80389404296875 -0.36785888671875
-0.3719482421875 0.215362548828125 0.96002197265625 -0.5181884765625
-0.416290283203125 0.13671875 0.83355712890625 -0.4976806640625
-0.451080322265625 0.25213623046875 0.45928955078125 -0.5946044921875
-0.412078857421875 0.284912109375 0.031005859375 -0.5927734375
-0.32562255859375 0.319610595703125 -0.362701416015625 -0.357574462890625
-0.09722900390625 0.365875244140625 -0.38720703125 0.0731201171875001
-0.013702392578125 0.4044189453125 -0.25787353515625 0.4052734375
0.15875244140625 0.337554931640625 -0.043609619140625 0.52484130859375
0.1988525390625 0.336334228515625 -0.1798095703125 0.66937255859375
0.014434814453125 0.0564041137695313 0.03411865234375 -0.6812744140625
-0.0294895172119141 -0.0226917266845703 -0.00573730468750001 -0.599853515625
-0.0176982879638672 -0.00925636291503906 0.212677001953125 -0.394561767578125
0.00362014770507812 -0.0220298767089844 0.356781005859375 -0.09375
0.00575828552246094 -0.034942626953125 0.28216552734375 0.345703125
0.0210685729980469 -0.0618820190429688 -0.0164794921874999 0.6270751953125
0.0104217529296875 -0.0463027954101563 -0.48846435546875 0.69036865234375
0.0285110473632812 -0.0602874755859375 -0.8089599609375 0.5364990234375
0.0600852966308594 -0.0469779968261719 -0.973388671875 0.5406494140625
0.0388946533203125 -0.0352897644042969 -0.8570556640625 0.4332275390625
0.0316734313964844 -0.0138702392578125 -0.500213623046875 0.27435302734375
0.0303306579589844 -0.0377197265625 -0.290374755859375 0.00140380859375001
0.0130558013916016 -0.0254669189453125 -0.311767578125 -0.2139892578125
0.00154685974121094 -0.0341453552246094 -0.5860595703125 -0.3043212890625
0.000862121582031249 -0.00912094116210938 -0.88531494140625 -0.4510498046875
0.25494384765625 0.337158203125 0.08612060546875 -0.6600341796875
0.137664794921875 0.268157958984375 0.0650634765625001 -0.60040283203125
0.042449951171875 0.38250732421875 0.236846923828125 -0.390289306640625
-0.118927001953125 0.336151123046875 0.401458740234375 -0.1102294921875
-0.28717041015625 0.258941650390625 0.307281494140625 0.2987060546875
-0.354248046875 0.22003173828125 0.021728515625 0.62200927734375
-0.384735107421875 0.186187744140625 -0.41424560546875 0.67779541015625
-0.3778076171875 0.050140380859375 -0.72967529296875 0.519775390625
-0.327789306640625 0.126220703125 -0.916259765625 0.54547119140625
-0.299896240234375 0.121673583984375 -0.828125 0.44049072265625
-0.247161865234375 0.140487670898437 -0.505279541015625 0.264068603515625
-0.107864379882813 0.161651611328125 -0.30035400390625 -0.00289916992187503
-0.0715484619140625 0.207046508789063 -0.305908203125 -0.205657958984375
0.043914794921875 0.220687866210938 -0.560638427734375 -0.30401611328125
0.130645751953125 0.250564575195313 -0.87872314453125 -0.43994140625
0.44158935546875 0.57568359375 0.216888427734375 -0.561676025390625
0.268310546875 0.5140380859375 0.2054443359375 -0.524688720703125
0.0862426757812499 0.71405029296875 0.29547119140625 -0.347503662109375
-0.22686767578125 0.64337158203125 0.461822509765625 -0.13140869140625
-0.5440673828125 0.513641357421875 0.3677978515625 0.19769287109375
-0.680419921875 0.4700927734375 0.132965087890625 0.51568603515625
-0.71697998046875 0.38555908203125 -0.2271728515625 0.551666259765625
-0.72601318359375 0.14678955078125 -0.53082275390625 0.4219970703125
-0.67974853515625 0.29034423828125 -0.7615966796875 0.4813232421875
-0.62030029296875 0.29254150390625 -0.749267578125 0.4013671875
-0.514801025390625 0.326416015625 -0.513763427734375 0.234130859375
-0.228912353515625 0.392974853515625 -0.329986572265625 0.00744628906249997
-0.1348876953125 0.459930419921875 -0.329437255859375 -0.15936279296875
0.104522705078125 0.468994140625 -0.537078857421875 -0.2515869140625
0.25250244140625 0.48553466796875 -0.83837890625 -0.33734130859375
0.54315185546875 0.72601318359375 0.391571044921875 -0.3944091796875
0.3291015625 0.6697998046875 0.378173828125 -0.379425048828125
0.09130859375 0.91925048828125 0.366546630859375 -0.267852783203125
-0.310791015625 0.82965087890625 0.520355224609375 -0.14141845703125
-0.72021484375 0.67431640625 0.446624755859375 0.056640625
-0.89825439453125 0.63922119140625 0.29693603515625 0.3201904296875
-0.93048095703125 0.519775390625 0.040374755859375 0.339630126953125
-0.96075439453125 0.2249755859375 -0.242080688476563 0.261032104492188
-0.93707275390625 0.42974853515625 -0.523345947265625 0.34393310546875
-0.87103271484375 0.46759033203125 -0.6148681640625 0.2919921875
-0.720947265625 0.5419921875 -0.509918212890625 0.170623779296875
-0.2958984375 0.63763427734375 -0.365875244140625 0.0327758789062501
-0.146728515625 0.71142578125 -0.35601806640625 -0.063690185546875
0.1915283203125 0.67742919921875 -0.490570068359375 -0.1326904296875
0.363525390625 0.65460205078125 -0.75469970703125 -0.15582275390625
0.54779052734375 0.76806640625 0.5723876953125 -0.190185546875
0.3104248046875 0.703125 0.535919189453125 -0.190093994140625
0.0469970703124999 0.94635009765625 0.42413330078125 -0.1534423828125
-0.36578369140625 0.8389892578125 0.54913330078125 -0.123779296875
-0.77740478515625 0.67950439453125 0.5169677734375 -0.080322265625
-0.97198486328125 0.674072265625 0.474517822265625 0.084686279296875
-0.994140625 0.561279296875 0.33624267578125 0.0792236328125
-1.04669189453125 0.26458740234375 0.0909576416015624 0.0560989379882813
-1.0555419921875 0.51446533203125 -0.229690551757813 0.126266479492188
-0.99005126953125 0.5916748046875 -0.4364013671875 0.0946960449218751
-0.810791015625 0.70135498046875 -0.488037109375 0.0520935058593751
-0.29864501953125 0.8123779296875 -0.392486572265625 0.0582275390625
-0.11114501953125 0.87982177734375 -0.35791015625 0.072662353515625
0.2752685546875 0.79296875 -0.397125244140625 0.037109375
0.43359375 0.73602294921875 -0.62420654296875 0.0693969726562501
0.4625244140625 0.70208740234375 0.72540283203125 0.019287109375
0.22930908203125 0.62164306640625 0.6337890625 0.00866699218750004
-0.01934814453125 0.8070068359375 0.437408447265625 -0.0263977050781249
-0.3648681640625 0.68060302734375 0.530914306640625 -0.082733154296875
-0.71417236328125 0.53753662109375 0.560211181640625 -0.175262451171875
-0.8858642578125 0.57794189453125 0.62847900390625 -0.12799072265625
-0.90667724609375 0.5048828125 0.61224365234375 -0.1734619140625
-0.9744873046875 0.26422119140625 0.412750244140625 -0.1600341796875
-1.00445556640625 0.51568603515625 0.0641403198242187 -0.138824462890625
-0.9405517578125 0.608642578125 -0.243911743164063 -0.1585693359375
-0.76129150390625 0.72064208984375 -0.450592041015625 -0.102020263671875
-0.25079345703125 0.82708740234375 -0.402496337890625 0.073883056640625
-0.0611572265624999 0.88824462890625 -0.327484130859375 0.213714599609375
0.3121337890625 0.77252197265625 -0.268341064453125 0.226119995117188
0.43572998046875 0.70635986328125 -0.4632568359375 0.309539794921875
0.319488525390625 0.54376220703125 0.8292236328125 0.20037841796875
0.132080078125 0.45379638671875 0.66241455078125 0.1788330078125
-0.06207275390625 0.562744140625 0.40338134765625 0.078216552734375
-0.297149658203125 0.43597412109375 0.473663330078125 -0.037200927734375
-0.5399169921875 0.335968017578125 0.5728759765625 -0.21820068359375
-0.6781005859375 0.41094970703125 0.74066162109375 -0.2843017578125
-0.68402099609375 0.382568359375 0.82659912109375 -0.38494873046875
-0.752685546875 0.22320556640625 0.67181396484375 -0.356689453125
-0.79217529296875 0.4237060546875 0.306793212890625 -0.398468017578125
-0.73126220703125 0.4989013671875 -0.079193115234375 -0.4090576171875
-0.58642578125 0.5802001953125 -0.4053955078125 -0.252532958984375
-0.17822265625 0.66082763671875 -0.397308349609375 0.0783386230468751
-0.0245971679687499 0.7147216796875 -0.285736083984375 0.33343505859375
0.2750244140625 0.60980224609375 -0.1348876953125 0.40057373046875
0.35821533203125 0.56683349609375 -0.299560546875 0.52301025390625
0.1494140625 0.32000732421875 0.8828125 0.32647705078125
0.056060791015625 0.245513916015625 0.64306640625 0.2901611328125
-0.051025390625 0.295623779296875 0.353424072265625 0.142303466796875
-0.166213989257813 0.201644897460937 0.4056396484375 -0.00814819335937499
-0.30267333984375 0.14892578125 0.5611572265625 -0.225799560546875
-0.387969970703125 0.231964111328125 0.80413818359375 -0.3790283203125
-0.3699951171875 0.221160888671875 0.95654296875 -0.5333251953125
-0.417938232421875 0.14288330078125 0.83099365234375 -0.50994873046875
-0.450714111328125 0.258392333984375 0.454345703125 -0.60333251953125
-0.410552978515625 0.294281005859375 0.02203369140625 -0.59771728515625
-0.323486328125 0.3262939453125 -0.369903564453125 -0.354461669921875
-0.093017578125 0.36895751953125 -0.387908935546875 0.0766601562500001
-0.00787353515625002 0.40667724609375 -0.25439453125 0.410064697265625
0.16351318359375 0.335479736328125 -0.038238525390625 0.526824951171875
0.20416259765625 0.335601806640625 -0.17315673828125 0.6761474609375
0.0160636901855469 0.0557975769042969 0.02667236328125 -0.6856689453125
-0.0302371978759766 -0.0219917297363281 -0.0133056640625 -0.60272216796875
-0.018524169921875 -0.00912284851074219 0.207427978515625 -0.39984130859375
0.00244903564453125 -0.0229988098144531 0.35595703125 -0.0994873046875
0.00511932373046875 -0.0358848571777344 0.28839111328125 0.343719482421875
0.0208663940429688 -0.0637435913085938 -0.00579833984375006 0.63092041015625
0.0105056762695312 -0.0471687316894531 -0.4805908203125 0.69805908203125
0.0286064147949219 -0.0612411499023438 -0.805908203125 0.546142578125
0.0601615905761719 -0.0481529235839844 -0.969482421875 0.55670166015625
0.0383987426757813 -0.0359344482421875 -0.8524169921875 0.44976806640625
0.0315608978271484 -0.0136566162109375 -0.49676513671875 0.284637451171875
0.0294151306152344 -0.0385665893554688 -0.292236328125 0.00433349609375002
0.0122489929199219 -0.0259189605712891 -0.316925048828125 -0.2110595703125
0.00103569030761719 -0.0342235565185547 -0.59307861328125 -0.296142578125
0.00180625915527344 -0.00860357284545899 -0.89666748046875 -0.44097900390625
0.262237548828125 0.334228515625 0.07769775390625 -0.66571044921875
0.141525268554688 0.267837524414063 0.0551147460937501 -0.60406494140625
0.048095703125 0.383026123046875 0.232879638671875 -0.395263671875
-0.115142822265625 0.33856201171875 0.399383544921875 -0.11627197265625
-0.285614013671875 0.264251708984375 0.31256103515625 0.29644775390625
-0.353271484375 0.226043701171875 0.03265380859375 0.6265869140625
-0.383270263671875 0.192535400390625 -0.4044189453125 0.6849365234375
-0.378143310546875 0.054718017578125 -0.72686767578125 0.53033447265625
-0.326202392578125 0.131683349609375 -0.90924072265625 0.56048583984375
-0.298370361328125 0.127166748046875 -0.82318115234375 0.45416259765625
-0.246490478515625 0.145950317382813 -0.5048828125 0.27301025390625
-0.106887817382812 0.163406372070313 -0.3026123046875 0.000793457031249965
-0.0696563720703125 0.208206176757813 -0.31103515625 -0.2027587890625
0.0472412109375 0.220062255859375 -0.56744384765625 -0.29681396484375
0.1363525390625 0.250839233398438 -0.8896484375 -0.4263916015625
0.45367431640625 0.57000732421875 0.20953369140625 -0.56805419921875
0.27667236328125 0.51202392578125 0.197662353515625 -0.53070068359375
0.0980834960937501 0.71661376953125 0.290740966796875 -0.355682373046875
-0.220458984375 0.6480712890625 0.460662841796875 -0.138885498046875
-0.541839599609375 0.52667236328125 0.372711181640625 0.192840576171875
-0.67706298828125 0.48309326171875 0.144073486328125 0.517822265625
-0.71466064453125 0.39764404296875 -0.21923828125 0.557525634765625
-0.72796630859375 0.157470703125 -0.527313232421875 0.43060302734375
-0.677001953125 0.30218505859375 -0.7578125 0.49310302734375
-0.6181640625 0.3038330078125 -0.746337890625 0.41461181640625
-0.513336181640625 0.337799072265625 -0.5126953125 0.243743896484375
-0.22509765625 0.3966064453125 -0.33306884765625 0.01202392578125
-0.128692626953125 0.463653564453125 -0.333404541015625 -0.156280517578125
0.11090087890625 0.4688720703125 -0.5423583984375 -0.24456787109375
0.261962890625 0.484588623046875 -0.84869384765625 -0.32757568359375
0.5587158203125 0.721923828125 0.38763427734375 -0.4036865234375
0.34027099609375 0.66650390625 0.37469482421875 -0.38848876953125
0.10565185546875 0.922119140625 0.364013671875 -0.275146484375
-0.3026123046875 0.837646484375 0.52044677734375 -0.149566650390625
-0.71392822265625 0.6904296875 0.448822021484375 0.0511474609375
-0.89361572265625 0.6561279296875 0.305877685546875 0.320068359375
-0.927978515625 0.53594970703125 0.0457458496093749 0.339691162109375
-0.96392822265625 0.237060546875 -0.239883422851563 0.2652587890625
-0.9337158203125 0.4456787109375 -0.51971435546875 0.35198974609375
-0.87017822265625 0.484375 -0.6126708984375 0.30224609375
-0.7177734375 0.55645751953125 -0.5106201171875 0.1788330078125
-0.28839111328125 0.64459228515625 -0.3687744140625 0.03802490234375
-0.1358642578125 0.71478271484375 -0.358734130859375 -0.0600891113281249
0.2012939453125 0.67620849609375 -0.49395751953125 -0.126556396484375
0.375732421875 0.65472412109375 -0.76190185546875 -0.14617919921875
0.56512451171875 0.76275634765625 0.57220458984375 -0.20050048828125
0.32110595703125 0.70233154296875 0.5345458984375 -0.20013427734375
0.0610351562500001 0.95025634765625 0.4241943359375 -0.160125732421875
-0.35595703125 0.84698486328125 0.550262451171875 -0.132659912109375
-0.77398681640625 0.69549560546875 0.5185546875 -0.089080810546875
-0.96746826171875 0.69232177734375 0.479583740234375 0.078826904296875
-0.9901123046875 0.5770263671875 0.339691162109375 0.07452392578125
-1.05035400390625 0.28076171875 0.0915222167968749 0.05450439453125
-1.05126953125 0.53106689453125 -0.228347778320313 0.129959106445313
-0.986083984375 0.61083984375 -0.436981201171875 0.1004638671875
-0.8067626953125 0.7176513671875 -0.490753173828125 0.06024169921875
-0.29107666015625 0.8203125 -0.39398193359375 0.0648193359375
-0.0994262695312499 0.8857421875 -0.358673095703125 0.0764160156250001
0.28936767578125 0.79058837890625 -0.3992919921875 0.042572021484375
0.44842529296875 0.732666015625 -0.62640380859375 0.0796508789062502
0.47503662109375 0.698486328125 0.728271484375 0.00817871093750004
0.2388916015625 0.621337890625 0.6378173828125 -0.00274658203124996
-0.00769042968750001 0.81072998046875 0.441009521484375 -0.0342712402343749
-0.35772705078125 0.68804931640625 0.531829833984375 -0.091552734375
-0.7113037109375 0.55023193359375 0.56024169921875 -0.1846923828125
-0.88494873046875 0.59613037109375 0.63116455078125 -0.13604736328125
-0.90216064453125 0.5206298828125 0.61151123046875 -0.18487548828125
-0.976806640625 0.27911376953125 0.411285400390625 -0.16705322265625
-0.99981689453125 0.53094482421875 0.0628585815429687 -0.140495300292969
-0.9354248046875 0.62652587890625 -0.247222900390625 -0.15692138671875
-0.75543212890625 0.73675537109375 -0.455322265625 -0.095611572265625
-0.2410888671875 0.8331298828125 -0.402923583984375 0.0809631347656251
-0.0490722656249999 0.89202880859375 -0.326385498046875 0.2183837890625
0.32611083984375 0.76885986328125 -0.267181396484375 0.22943115234375
0.44903564453125 0.70501708984375 -0.46136474609375 0.317840576171875
0.329437255859375 0.5419921875 0.83636474609375 0.18963623046875
0.139404296875 0.4549560546875 0.66741943359375 0.16961669921875
-0.052734375 0.5662841796875 0.40887451171875 0.0718994140625
-0.293243408203125 0.442962646484375 0.47589111328125 -0.043975830078125
-0.540069580078125 0.34521484375 0.5712890625 -0.2276611328125
-0.6761474609375 0.423828125 0.741455078125 -0.2940673828125
-0.6805419921875 0.3948974609375 0.82373046875 -0.39788818359375
-0.75579833984375 0.23248291015625 0.6708984375 -0.3697509765625
-0.78826904296875 0.43853759765625 0.30194091796875 -0.404510498046875
-0.72857666015625 0.51275634765625 -0.0866394042968751 -0.4095458984375
-0.58099365234375 0.592529296875 -0.41229248046875 -0.247406005859375
-0.17041015625 0.66741943359375 -0.398712158203125 0.083221435546875
-0.0139770507812499 0.72015380859375 -0.280364990234375 0.337371826171875
0.28631591796875 0.6058349609375 -0.129425048828125 0.4024658203125
0.3687744140625 0.56390380859375 -0.295654296875 0.530029296875
0.155731201171875 0.318450927734375 0.89044189453125 0.31573486328125
0.0592041015625 0.246124267578125 0.65020751953125 0.28204345703125
-0.046112060546875 0.297210693359375 0.35888671875 0.137451171875
-0.164443969726562 0.2049560546875 0.408935546875 -0.01409912109375
-0.30316162109375 0.15496826171875 0.561981201171875 -0.237274169921875
-0.386444091796875 0.238006591796875 0.8045654296875 -0.3924560546875
-0.369384765625 0.2276611328125 0.9517822265625 -0.5494384765625
-0.418121337890625 0.148681640625 0.82672119140625 -0.5230712890625
-0.449371337890625 0.2650146484375 0.44805908203125 -0.612548828125
-0.40692138671875 0.302032470703125 0.0130615234375 -0.6016845703125
-0.320892333984375 0.33306884765625 -0.377685546875 -0.352386474609375
-0.08892822265625 0.371673583984375 -0.38873291015625 0.0828857421875001
-0.00186157226562497 0.409912109375 -0.24786376953125 0.414825439453125
0.17041015625 0.33441162109375 -0.030120849609375 0.529205322265625
0.211151123046875 0.335052490234375 -0.16375732421875 0.682861328125
0.0182991027832031 0.0552215576171875 0.0174560546875 -0.69000244140625
-0.0308418273925781 -0.0210990905761719 -0.02239990234375 -0.60479736328125
-0.018646240234375 -0.00912666320800781 0.2012939453125 -0.404937744140625
0.00141334533691406 -0.0238323211669922 0.352935791015625 -0.104705810546875
0.00418853759765625 -0.0369796752929688 0.295623779296875 0.3421630859375
0.0200881958007812 -0.0650520324707031 0.00372314453124996 0.63482666015625
0.0104293823242187 -0.0476799011230469 -0.46990966796875 0.7088623046875
0.0286407470703125 -0.0622825622558594 -0.80078125 0.55987548828125
0.0606536865234375 -0.0497016906738281 -0.9647216796875 0.57366943359375
0.0382575988769531 -0.0364646911621094 -0.84625244140625 0.4666748046875
0.0318450927734375 -0.0130653381347656 -0.4942626953125 0.2926025390625
0.0282325744628906 -0.0391960144042969 -0.294830322265625 0.00881958007812501
0.0112438201904297 -0.0259819030761719 -0.321746826171875 -0.206787109375
0.000413894653320309 -0.0340328216552734 -0.599365234375 -0.2872314453125
0.00310373306274414 -0.00874614715576172 -0.90924072265625 -0.4263916015625
0.270721435546875 0.329925537109375 0.06927490234375 -0.67022705078125
0.146240234375 0.266571044921875 0.04681396484375 -0.6085205078125
0.0545654296875 0.3841552734375 0.225982666015625 -0.402252197265625
-0.111480712890625 0.341064453125 0.3970947265625 -0.123199462890625
-0.283905029296875 0.269927978515625 0.31781005859375 0.293548583984375
-0.350494384765625 0.232269287109375 0.04345703125 0.62786865234375
-0.380889892578125 0.19927978515625 -0.39434814453125 0.69415283203125
-0.379364013671875 0.061309814453125 -0.7220458984375 0.54095458984375
-0.324981689453125 0.1370849609375 -0.90655517578125 0.57696533203125
-0.297576904296875 0.13262939453125 -0.81781005859375 0.4700927734375
-0.244842529296875 0.151458740234375 -0.5010986328125 0.280670166015625
-0.105133056640625 0.165023803710938 -0.305206298828125 0.004974365234375
-0.0674591064453125 0.209854125976563 -0.31622314453125 -0.198883056640625
0.051239013671875 0.219955444335938 -0.5745849609375 -0.2880859375
0.142425537109375 0.249343872070313 -0.90093994140625 -0.4140625
0.4664306640625 0.56439208984375 0.20257568359375 -0.57525634765625
0.28558349609375 0.510833740234375 0.191253662109375 -0.5380859375
0.11053466796875 0.71856689453125 0.286590576171875 -0.36248779296875
-0.21185302734375 0.6553955078125 0.4583740234375 -0.14739990234375
-0.53662109375 0.53668212890625 0.37530517578125 0.187347412109375
-0.67205810546875 0.496337890625 0.154083251953125 0.517669677734375
-0.71136474609375 0.41015625 -0.211212158203125 0.561492919921875
-0.7276611328125 0.16998291015625 -0.523834228515625 0.437255859375
-0.67230224609375 0.31280517578125 -0.75311279296875 0.50616455078125
-0.615478515625 0.31451416015625 -0.740966796875 0.42730712890625
-0.50970458984375 0.348358154296875 -0.5108642578125 0.251861572265625
-0.221038818359375 0.4005126953125 -0.33563232421875 0.0165405273437501
-0.122039794921875 0.467926025390625 -0.337799072265625 -0.152740478515625
0.11895751953125 0.467010498046875 -0.54833984375 -0.23779296875
0.27215576171875 0.482574462890625 -0.85748291015625 -0.313720703125
0.57403564453125 0.7115478515625 0.38397216796875 -0.413055419921875
0.3514404296875 0.66436767578125 0.369873046875 -0.397308349609375
0.12261962890625 0.9256591796875 0.3634033203125 -0.282440185546875
-0.29071044921875 0.84686279296875 0.518646240234375 -0.1597900390625
-0.70977783203125 0.705322265625 0.450531005859375 0.0426025390625
-0.8865966796875 0.67266845703125 0.314483642578125 0.316436767578125
-0.920654296875 0.5540771484375 0.0527038574218749 0.33917236328125
-0.965087890625 0.255859375 -0.2373046875 0.266464233398437
-0.92828369140625 0.46124267578125 -0.51495361328125 0.361480712890625
-0.86407470703125 0.50079345703125 -0.6109619140625 0.3123779296875
-0.7115478515625 0.5709228515625 -0.51019287109375 0.186981201171875
-0.28082275390625 0.64971923828125 -0.370086669921875 0.042938232421875
-0.12481689453125 0.719970703125 -0.361785888671875 -0.0557861328124999
0.21173095703125 0.67388916015625 -0.498870849609375 -0.120819091796875
0.390625 0.65081787109375 -0.76812744140625 -0.13372802734375
0.58062744140625 0.7548828125 0.57159423828125 -0.211669921875
0.333740234375 0.7005615234375 0.53411865234375 -0.21087646484375
0.07794189453125 0.95428466796875 0.42523193359375 -0.16778564453125
-0.3458251953125 0.85699462890625 0.549652099609375 -0.143035888671875
-0.770751953125 0.7113037109375 0.517486572265625 -0.096923828125
-0.95989990234375 0.71240234375 0.485443115234375 0.073486328125
-0.98529052734375 0.59814453125 0.34228515625 0.06793212890625
-1.05206298828125 0.29840087890625 0.0921783447265624 0.052459716796875
-1.04656982421875 0.5496826171875 -0.226776123046875 0.133773803710938
-0.9796142578125 0.63214111328125 -0.438018798828125 0.108978271484375
-0.7987060546875 0.73663330078125 -0.49237060546875 0.06854248046875
-0.27862548828125 0.82763671875 -0.39593505859375 0.0705261230468751
-0.0831298828125 0.8896484375 -0.358551025390625 0.080169677734375
0.30169677734375 0.787353515625 -0.400909423828125 0.0470275878906251
0.4625244140625 0.72845458984375 -0.62847900390625 0.0908813476562501
0.48974609375 0.69146728515625 0.73297119140625 -0.00372314453124996
0.24835205078125 0.619384765625 0.63946533203125 -0.013427734375
0.00610351562500006 0.81414794921875 0.443572998046875 -0.041412353515625
-0.34796142578125 0.69647216796875 0.532928466796875 -0.10076904296875
-0.709228515625 0.56719970703125 0.55908203125 -0.19512939453125
-0.87799072265625 0.61260986328125 0.6334228515625 -0.146240234375
-0.89794921875 0.53900146484375 0.6129150390625 -0.1949462890625
-0.97735595703125 0.29443359375 0.41082763671875 -0.174407958984375
-0.993896484375 0.5478515625 0.0615234374999999 -0.141860961914062
-0.9288330078125 0.646240234375 -0.250762939453125 -0.1534423828125
-0.7489013671875 0.75445556640625 -0.460113525390625 -0.0896301269531248
-0.22894287109375 0.84112548828125 -0.404754638671875 0.0859069824218751
-0.032958984375 0.8973388671875 -0.3231201171875 0.222320556640625
0.3380126953125 0.76727294921875 -0.265594482421875 0.23370361328125
0.4635009765625 0.70013427734375 -0.4595947265625 0.326385498046875
0.341552734375 0.53729248046875 0.84246826171875 0.1771240234375
0.146942138671875 0.454254150390625 0.67156982421875 0.15911865234375
-0.0437622070312501 0.5701904296875 0.412200927734375 0.0653076171875
-0.28643798828125 0.450531005859375 0.477020263671875 -0.05322265625
-0.536834716796875 0.355316162109375 0.56976318359375 -0.23944091796875
-0.6705322265625 0.43792724609375 0.7398681640625 -0.3070068359375
-0.67694091796875 0.4061279296875 0.8197021484375 -0.41204833984375
-0.75628662109375 0.24554443359375 0.66754150390625 -0.37994384765625
-0.7835693359375 0.45062255859375 0.298828125 -0.40960693359375
-0.72149658203125 0.52789306640625 -0.0941162109375001 -0.411956787109375
-0.57366943359375 0.60565185546875 -0.41937255859375 -0.242889404296875
-0.1607666015625 0.67169189453125 -0.3973388671875 0.0890197753906251
-0.00164794921875004 0.72357177734375 -0.27630615234375 0.341705322265625
0.2962646484375 0.6033935546875 -0.125152587890625 0.403717041015625
0.379608154296875 0.56146240234375 -0.289764404296875 0.53814697265625
0.16241455078125 0.31658935546875 0.90057373046875 0.3033447265625
0.06353759765625 0.246124267578125 0.657470703125 0.2734375
-0.0408935546875 0.29931640625 0.36279296875 0.13104248046875
-0.162246704101563 0.208984375 0.411102294921875 -0.022125244140625
-0.3031005859375 0.161346435546875 0.558502197265625 -0.247222900390625
-0.383544921875 0.246978759765625 0.8009033203125 -0.4066162109375
-0.36639404296875 0.233612060546875 0.94573974609375 -0.5675048828125
-0.41815185546875 0.15582275390625 0.8209228515625 -0.5360107421875
-0.446258544921875 0.27276611328125 0.4385986328125 -0.62152099609375
-0.404327392578125 0.310760498046875 0.00177001953125001 -0.60516357421875
-0.317962646484375 0.33935546875 -0.385040283203125 -0.348724365234375
-0.083251953125 0.374664306640625 -0.387725830078125 0.089111328125
0.00527954101562503 0.41168212890625 -0.2413330078125 0.419036865234375
0.174774169921875 0.3326416015625 -0.0242919921875 0.530731201171875
0.21795654296875 0.3333740234375 -0.15411376953125 0.68927001953125
0.0206794738769531 0.0543365478515625 0.00640869140625002 -0.69464111328125
-0.0317020416259766 -0.0202255249023438 -0.0315551757812501 -0.60662841796875
-0.0188827514648438 -0.00923538208007813 0.19415283203125 -0.4100341796875
-7.05718994140605E-05 -0.0247383117675781 0.350860595703125 -0.112152099609375
0.00277328491210937 -0.0380058288574219 0.30133056640625 0.337890625
0.0195198059082031 -0.0666732788085937 0.0159301757812499 0.63653564453125
0.0102996826171875 -0.0485305786132813 -0.4578857421875 0.71722412109375
0.0283241271972656 -0.063140869140625 -0.7938232421875 0.57098388671875
0.0603485107421875 -0.0511474609375 -0.9573974609375 0.5916748046875
0.0380744934082031 -0.0376663208007813 -0.84033203125 0.48309326171875
0.0318031311035156 -0.0128192901611328 -0.490081787109375 0.302154541015625
0.0270347595214844 -0.0396881103515625 -0.29705810546875 0.0132141113281249
0.0104084014892578 -0.0260868072509766 -0.3275146484375 -0.202301025390625
-0.000606536865234373 -0.0337162017822266 -0.60595703125 -0.27667236328125
0.00432109832763672 -0.00863456726074219 -0.91864013671875 -0.413330078125
0.27899169921875 0.325042724609375 0.05987548828125 -0.6766357421875
0.150802612304688 0.265335083007813 0.03656005859375 -0.61248779296875
0.0621337890625 0.383819580078125 0.220855712890625 -0.40631103515625
-0.106231689453125 0.3447265625 0.395172119140625 -0.1302490234375
-0.28131103515625 0.27569580078125 0.32415771484375 0.28924560546875
-0.3477783203125 0.239105224609375 0.05712890625 0.630615234375
-0.378265380859375 0.206207275390625 -0.3822021484375 0.70074462890625
-0.37890625 0.0671997070312501 -0.7147216796875 0.55242919921875
-0.321258544921875 0.1427001953125 -0.89764404296875 0.59124755859375
-0.294769287109375 0.13897705078125 -0.811767578125 0.4853515625
-0.24224853515625 0.157180786132812 -0.49700927734375 0.291839599609375
-0.103286743164063 0.1668701171875 -0.30755615234375 0.00973510742187502
-0.0640716552734375 0.210983276367188 -0.32086181640625 -0.194427490234375
0.0549774169921875 0.218765258789063 -0.58087158203125 -0.27825927734375
0.1490478515625 0.247848510742187 -0.91302490234375 -0.400390625
0.47772216796875 0.556304931640625 0.19403076171875 -0.58209228515625
0.2943115234375 0.50714111328125 0.18109130859375 -0.54437255859375
0.123291015625 0.718017578125 0.281036376953125 -0.36822509765625
-0.20343017578125 0.65985107421875 0.457733154296875 -0.15576171875
-0.529052734375 0.548065185546875 0.38018798828125 0.181610107421875
-0.66729736328125 0.50970458984375 0.16680908203125 0.518035888671875
-0.70562744140625 0.4234619140625 -0.2008056640625 0.5660400390625
-0.72845458984375 0.1824951171875 -0.51824951171875 0.446044921875
-0.66717529296875 0.32476806640625 -0.74530029296875 0.52099609375
-0.61016845703125 0.3277587890625 -0.7359619140625 0.442626953125
-0.505706787109375 0.358306884765625 -0.508270263671875 0.261810302734375
-0.215728759765625 0.404449462890625 -0.33807373046875 0.02252197265625
-0.11431884765625 0.470184326171875 -0.3416748046875 -0.148284912109375
0.126953125 0.464752197265625 -0.5548095703125 -0.228179931640625
0.283294677734375 0.47894287109375 -0.86614990234375 -0.2987060546875
0.590087890625 0.703125 0.376983642578125 -0.421417236328125
0.36279296875 0.66009521484375 0.363433837890625 -0.406036376953125
0.13916015625 0.9244384765625 0.359161376953125 -0.29010009765625
-0.2794189453125 0.85369873046875 0.517425537109375 -0.1690673828125
-0.700439453125 0.7198486328125 0.45172119140625 0.035186767578125
-0.878662109375 0.6920166015625 0.323974609375 0.313568115234375
-0.9139404296875 0.57244873046875 0.0587463378906249 0.338104248046875
-0.9654541015625 0.27264404296875 -0.2332763671875 0.270416259765625
-0.92071533203125 0.479248046875 -0.50958251953125 0.370391845703125
-0.85546875 0.51885986328125 -0.60711669921875 0.32427978515625
-0.705078125 0.58636474609375 -0.50872802734375 0.198028564453125
-0.2706298828125 0.656982421875 -0.37249755859375 0.0499267578125
-0.112548828125 0.72296142578125 -0.364654541015625 -0.05078125
0.22357177734375 0.6707763671875 -0.5029296875 -0.112213134765625
0.40447998046875 0.64715576171875 -0.77227783203125 -0.12078857421875
0.5965576171875 0.7459716796875 0.5699462890625 -0.2230224609375
0.344970703125 0.69598388671875 0.531494140625 -0.221923828125
0.0953979492187499 0.9544677734375 0.425323486328125 -0.175811767578125
-0.33306884765625 0.86322021484375 0.54742431640625 -0.1529541015625
-0.760986328125 0.72802734375 0.5162353515625 -0.107177734375
-0.95098876953125 0.73126220703125 0.49072265625 0.067352294921875
-0.977783203125 0.61395263671875 0.3450927734375 0.06170654296875
-1.048828125 0.3150634765625 0.0926284790039062 0.0502166748046875
-1.03717041015625 0.5703125 -0.223739624023438 0.137802124023437
-0.9722900390625 0.6510009765625 -0.436676025390625 0.11578369140625
-0.789306640625 0.75347900390625 -0.4940185546875 0.07757568359375
-0.26568603515625 0.8336181640625 -0.3961181640625 0.077667236328125
-0.06854248046875 0.893310546875 -0.3570556640625 0.0841674804687501
0.3160400390625 0.78143310546875 -0.40252685546875 0.0537109375
0.479248046875 0.72430419921875 -0.62921142578125 0.103271484375
0.50665283203125 0.68389892578125 0.732666015625 -0.01605224609375
0.25994873046875 0.6168212890625 0.6412353515625 -0.02496337890625
0.021240234375 0.81634521484375 0.44537353515625 -0.049652099609375
-0.3404541015625 0.70501708984375 0.5335693359375 -0.11041259765625
-0.7034912109375 0.5809326171875 0.555877685546875 -0.2052001953125
-0.869873046875 0.63201904296875 0.634521484375 -0.1566162109375
-0.8909912109375 0.55401611328125 0.60943603515625 -0.205810546875
-0.97772216796875 0.3116455078125 0.407470703125 -0.181427001953125
-0.987060546875 0.5677490234375 0.0599670410156249 -0.142715454101563
-0.92083740234375 0.664794921875 -0.254562377929688 -0.150100708007812
-0.73712158203125 0.77130126953125 -0.46343994140625 -0.0815429687499999
-0.21575927734375 0.8468017578125 -0.405120849609375 0.093292236328125
-0.0172119140624999 0.90020751953125 -0.319091796875 0.226837158203125
0.3516845703125 0.7608642578125 -0.263442993164063 0.237106323242188
0.4786376953125 0.69482421875 -0.456390380859375 0.33685302734375
0.352935791015625 0.531158447265625 0.8477783203125 0.1624755859375
0.15411376953125 0.453399658203125 0.67767333984375 0.1463623046875
-0.032470703125 0.57244873046875 0.41571044921875 0.058013916015625
-0.2816162109375 0.456939697265625 0.476898193359375 -0.061737060546875
-0.535552978515625 0.36767578125 0.56524658203125 -0.24993896484375
-0.66595458984375 0.45184326171875 0.7388916015625 -0.3212890625
-0.66998291015625 0.41943359375 0.8154296875 -0.428955078125
-0.75506591796875 0.260009765625 0.66229248046875 -0.39202880859375
-0.77801513671875 0.4676513671875 0.292266845703125 -0.416595458984375
-0.71478271484375 0.5450439453125 -0.10137939453125 -0.410858154296875
-0.5665283203125 0.61895751953125 -0.4256591796875 -0.236236572265625
-0.149169921875 0.6748046875 -0.39788818359375 0.0958251953125001
0.0125122070312499 0.72576904296875 -0.270965576171875 0.345306396484375
0.30743408203125 0.596923828125 -0.119903564453125 0.40692138671875
0.393310546875 0.555755615234375 -0.280364990234375 0.54534912109375
0.16986083984375 0.313446044921875 0.90692138671875 0.28826904296875
0.067779541015625 0.246749877929688 0.6634521484375 0.26116943359375
-0.03424072265625 0.300750732421875 0.3668212890625 0.12481689453125
-0.158920288085938 0.212692260742188 0.41217041015625 -0.0296630859375
-0.302947998046875 0.16876220703125 0.556427001953125 -0.25701904296875
-0.380523681640625 0.255645751953125 0.7979736328125 -0.42095947265625
-0.362701416015625 0.241851806640625 0.9375 -0.582763671875
-0.4171142578125 0.163238525390625 0.81463623046875 -0.55072021484375
-0.4425048828125 0.280914306640625 0.43096923828125 -0.630859375
-0.400390625 0.320404052734375 -0.00842285156249998 -0.6075439453125
-0.3126220703125 0.347320556640625 -0.39337158203125 -0.343231201171875
-0.07733154296875 0.376922607421875 -0.3873291015625 0.095489501953125
0.0142822265625 0.413299560546875 -0.234161376953125 0.422821044921875
0.180450439453125 0.329071044921875 -0.016510009765625 0.531890869140625
0.224853515625 0.331024169921875 -0.14532470703125 0.69378662109375
0.0225028991699219 0.0528297424316406 -0.00500488281250002 -0.69683837890625
-0.0323047637939453 -0.0192108154296875 -0.04345703125 -0.60662841796875
-0.0194129943847656 -0.00902748107910157 0.1859130859375 -0.414794921875
-0.00133132934570312 -0.0252151489257813 0.348541259765625 -0.117523193359375
0.00157928466796875 -0.0390167236328125 0.309539794921875 0.333770751953125
0.0181961059570312 -0.0680465698242188 0.0289306640625 0.6368408203125
0.00978469848632813 -0.0489959716796875 -0.444091796875 0.7252197265625
0.0281944274902344 -0.0643882751464844 -0.78533935546875 0.584228515625
0.0599517822265625 -0.0532150268554688 -0.94464111328125 0.6092529296875
0.037109375 -0.0384979248046875 -0.82940673828125 0.49822998046875
0.0320091247558594 -0.0130386352539063 -0.484619140625 0.311553955078125
0.0259361267089844 -0.0403213500976563 -0.29803466796875 0.01806640625
0.00917625427246094 -0.0265865325927734 -0.332183837890625 -0.196014404296875
-0.000745773315429686 -0.0333251953125 -0.6104736328125 -0.26495361328125
0.00558662414550781 -0.00899982452392578 -0.93035888671875 -0.39569091796875
0.28680419921875 0.3192138671875 0.0474853515625 -0.67950439453125
0.156173706054688 0.263046264648438 0.0251464843750001 -0.6143798828125
0.069610595703125 0.383514404296875 0.212677001953125 -0.41192626953125
-0.10076904296875 0.34674072265625 0.39215087890625 -0.13848876953125
-0.27777099609375 0.28173828125 0.330413818359375 0.28521728515625
-0.343353271484375 0.2451171875 0.0693359374999999 0.63153076171875
-0.3748779296875 0.212890625 -0.369384765625 0.70855712890625
-0.377899169921875 0.0739440917968749 -0.70538330078125 0.562744140625
-0.318389892578125 0.148651123046875 -0.88714599609375 0.609619140625
-0.292205810546875 0.14501953125 -0.7998046875 0.503662109375
-0.239608764648438 0.1629638671875 -0.492950439453125 0.300933837890625
-0.101531982421875 0.168502807617187 -0.3095703125 0.01556396484375
-0.0602874755859375 0.21185302734375 -0.325408935546875 -0.18927001953125
0.0586090087890625 0.2177734375 -0.58740234375 -0.26904296875
0.155731201171875 0.245361328125 -0.9219970703125 -0.38323974609375
0.49285888671875 0.54583740234375 0.18426513671875 -0.58758544921875
0.303558349609375 0.50244140625 0.17034912109375 -0.54888916015625
0.13818359375 0.7164306640625 0.2752685546875 -0.374176025390625
-0.19158935546875 0.66436767578125 0.453643798828125 -0.16473388671875
-0.5223388671875 0.558624267578125 0.38140869140625 0.174591064453125
-0.65667724609375 0.52337646484375 0.1787109375 0.516204833984375
-0.6988525390625 0.43792724609375 -0.189453125 0.5693359375
-0.7265625 0.19696044921875 -0.511016845703125 0.454833984375
-0.65948486328125 0.33758544921875 -0.7364501953125 0.534912109375
-0.60479736328125 0.33978271484375 -0.72747802734375 0.45513916015625
-0.498291015625 0.370880126953125 -0.5050048828125 0.272552490234375
-0.209136962890625 0.40771484375 -0.33905029296875 0.02813720703125
-0.10595703125 0.4710693359375 -0.345306396484375 -0.14239501953125
0.1351318359375 0.462310791015625 -0.559967041015625 -0.219757080078125
0.2952880859375 0.474517822265625 -0.87451171875 -0.28265380859375
0.60430908203125 0.69281005859375 0.37030029296875 -0.430511474609375
0.37603759765625 0.65435791015625 0.35565185546875 -0.414306640625
0.15570068359375 0.92327880859375 0.355987548828125 -0.29669189453125
-0.26483154296875 0.8594970703125 0.51434326171875 -0.180511474609375
-0.691162109375 0.73486328125 0.452880859375 0.028167724609375
-0.86737060546875 0.71014404296875 0.332672119140625 0.30859375
-0.90625 0.5899658203125 0.0657958984374999 0.336700439453125
-0.9610595703125 0.28955078125 -0.230056762695313 0.27490234375
-0.91192626953125 0.4959716796875 -0.502593994140625 0.379608154296875
-0.84539794921875 0.53582763671875 -0.60107421875 0.33587646484375
-0.69354248046875 0.602294921875 -0.50714111328125 0.207763671875
-0.25970458984375 0.66107177734375 -0.3724365234375 0.056365966796875
-0.099609375 0.72650146484375 -0.365203857421875 -0.0459594726562499
0.23651123046875 0.665771484375 -0.50665283203125 -0.103118896484375
0.41796875 0.64111328125 -0.77545166015625 -0.10455322265625
0.61090087890625 0.73492431640625 0.56610107421875 -0.2344970703125
0.3572998046875 0.68963623046875 0.526702880859375 -0.2330322265625
0.11370849609375 0.95367431640625 0.422760009765625 -0.18463134765625
-0.31988525390625 0.8719482421875 0.5457763671875 -0.164459228515625
-0.75225830078125 0.7435302734375 0.51611328125 -0.11712646484375
-0.9393310546875 0.7506103515625 0.49432373046875 0.057220458984375
-0.96710205078125 0.63671875 0.346893310546875 0.054718017578125
-1.04742431640625 0.336181640625 0.0929794311523437 0.0482254028320313
-1.0263671875 0.58831787109375 -0.220840454101563 0.142288208007813
-0.96038818359375 0.6712646484375 -0.433807373046875 0.12396240234375
-0.7767333984375 0.771240234375 -0.493255615234375 0.0864868164062499
-0.251220703125 0.8397216796875 -0.39617919921875 0.084228515625
-0.05096435546875 0.8948974609375 -0.356536865234375 0.0909729003906251
0.33038330078125 0.7763671875 -0.403106689453125 0.060211181640625
0.494140625 0.7161865234375 -0.62921142578125 0.1151123046875
0.520263671875 0.6732177734375 0.73406982421875 -0.0316162109375
0.2698974609375 0.6126708984375 0.64068603515625 -0.037353515625
0.0370483398437499 0.81610107421875 0.4459228515625 -0.05792236328125
-0.32977294921875 0.7113037109375 0.531951904296875 -0.121124267578125
-0.69525146484375 0.59619140625 0.551971435546875 -0.21649169921875
-0.85992431640625 0.651123046875 0.63409423828125 -0.1685791015625
-0.88055419921875 0.57232666015625 0.60638427734375 -0.21875
-0.97515869140625 0.32928466796875 0.403839111328125 -0.188995361328125
-0.97821044921875 0.58782958984375 0.0576324462890625 -0.14385986328125
-0.90753173828125 0.68524169921875 -0.257553100585938 -0.14617919921875
-0.7271728515625 0.78704833984375 -0.467132568359375 -0.0736083984374999
-0.20257568359375 0.851806640625 -0.403076171875 0.101531982421875
0.000366210937500058 0.9007568359375 -0.3157958984375 0.231414794921875
0.36553955078125 0.75347900390625 -0.260604858398438 0.241317749023438
0.4930419921875 0.68731689453125 -0.45068359375 0.346282958984375
0.364349365234375 0.52349853515625 0.85260009765625 0.14678955078125
0.162200927734375 0.451629638671875 0.68060302734375 0.13262939453125
-0.02056884765625 0.5723876953125 0.417755126953125 0.049530029296875
-0.273468017578125 0.461334228515625 0.476776123046875 -0.07159423828125
-0.530731201171875 0.37933349609375 0.56103515625 -0.262847900390625
-0.6578369140625 0.46563720703125 0.735107421875 -0.33367919921875
-0.6641845703125 0.43182373046875 0.80780029296875 -0.44390869140625
-0.75213623046875 0.272705078125 0.65484619140625 -0.40283203125
-0.7705078125 0.48150634765625 0.28515625 -0.421630859375
-0.704345703125 0.55889892578125 -0.10992431640625 -0.4112548828125
-0.5565185546875 0.6302490234375 -0.4312744140625 -0.22967529296875
-0.13946533203125 0.6802978515625 -0.396697998046875 0.103057861328125
0.02459716796875 0.7252197265625 -0.263336181640625 0.349822998046875
0.31817626953125 0.59222412109375 -0.113983154296875 0.407623291015625
0.404205322265625 0.550018310546875 -0.2728271484375 0.550537109375
0.17669677734375 0.309478759765625 0.91375732421875 0.27142333984375
0.0719146728515625 0.24560546875 0.66876220703125 0.2491455078125
-0.027923583984375 0.301513671875 0.370697021484375 0.116790771484375
-0.15582275390625 0.215789794921875 0.412445068359375 -0.038482666015625
-0.3006591796875 0.17559814453125 0.551116943359375 -0.269500732421875
-0.376007080078125 0.26385498046875 0.79071044921875 -0.43707275390625
-0.358123779296875 0.249359130859375 0.9256591796875 -0.60137939453125
-0.41650390625 0.1697998046875 0.80560302734375 -0.56378173828125
-0.43743896484375 0.289794921875 0.42041015625 -0.63800048828125
-0.393646240234375 0.328704833984375 -0.0211181640625 -0.60931396484375
-0.306732177734375 0.3548583984375 -0.402496337890625 -0.338531494140625
-0.071258544921875 0.378265380859375 -0.38531494140625 0.1031494140625
0.02178955078125 0.412872314453125 -0.226470947265625 0.42669677734375
0.186309814453125 0.326202392578125 -0.00665283203125002 0.531158447265625
0.231475830078125 0.327239990234375 -0.134033203125 0.69873046875
0.0250968933105469 0.0510978698730469 -0.01641845703125 -0.69720458984375
-0.0327243804931641 -0.0180091857910156 -0.0546264648437501 -0.60736083984375
-0.0198650360107422 -0.00889205932617188 0.178070068359375 -0.419097900390625
-0.00290298461914063 -0.0257186889648438 0.34521484375 -0.12408447265625
0.000347137451171873 -0.0396537780761719 0.316009521484375 0.328704833984375
0.0172119140625 -0.0693626403808594 0.04205322265625 0.63726806640625
0.00958633422851563 -0.0500259399414063 -0.42974853515625 0.7330322265625
0.02734375 -0.0651321411132813 -0.7724609375 0.59649658203125
0.0599517822265625 -0.0541648864746094 -0.93194580078125 0.6263427734375
0.0367698669433594 -0.0393867492675781 -0.81719970703125 0.514404296875
0.0318088531494141 -0.0125694274902344 -0.4771728515625 0.321044921875
0.0246124267578125 -0.0407142639160156 -0.299041748046875 0.023651123046875
0.00822639465332031 -0.0263767242431641 -0.336700439453125 -0.1900634765625
-0.00135612487792969 -0.0330009460449219 -0.6162109375 -0.25244140625
0.00680828094482422 -0.0090646743774414 -0.9376220703125 -0.37689208984375
0.294036865234375 0.311798095703125 0.03497314453125 -0.68182373046875
0.16015625 0.2603759765625 0.01251220703125 -0.614990234375
0.077545166015625 0.381317138671875 0.204193115234375 -0.417022705078125
-0.0958251953125 0.3480224609375 0.389129638671875 -0.146453857421875
-0.273529052734375 0.287078857421875 0.334808349609375 0.278228759765625
-0.338623046875 0.2518310546875 0.08428955078125 0.62933349609375
-0.369720458984375 0.220611572265625 -0.3533935546875 0.71380615234375
-0.376251220703125 0.08062744140625 -0.69464111328125 0.573486328125
-0.31365966796875 0.154022216796875 -0.87554931640625 0.62615966796875
-0.288848876953125 0.150543212890625 -0.78973388671875 0.517822265625
-0.2359619140625 0.168289184570313 -0.48834228515625 0.31134033203125
-0.0987091064453125 0.169647216796875 -0.310699462890625 0.0206604003906251
-0.0570526123046875 0.212417602539063 -0.329833984375 -0.183074951171875
0.062652587890625 0.216201782226563 -0.5911865234375 -0.2569580078125
0.16131591796875 0.241668701171875 -0.93084716796875 -0.36529541015625
0.504150390625 0.534271240234375 0.1727294921875 -0.59271240234375
0.31317138671875 0.495635986328125 0.160186767578125 -0.553680419921875
0.15277099609375 0.71258544921875 0.26910400390625 -0.379119873046875
-0.18023681640625 0.66778564453125 0.448516845703125 -0.17352294921875
-0.51446533203125 0.57025146484375 0.385406494140625 0.168548583984375
-0.64617919921875 0.53662109375 0.190093994140625 0.512847900390625
-0.68841552734375 0.451416015625 -0.1771240234375 0.5711669921875
-0.72412109375 0.20916748046875 -0.502197265625 0.461944580078125
-0.6519775390625 0.350830078125 -0.72406005859375 0.5487060546875
-0.5965576171875 0.35284423828125 -0.7178955078125 0.46954345703125
-0.49169921875 0.38104248046875 -0.4991455078125 0.280975341796875
-0.201263427734375 0.412078857421875 -0.339935302734375 0.034820556640625
-0.09796142578125 0.473388671875 -0.347625732421875 -0.136627197265625
0.144744873046875 0.458221435546875 -0.56353759765625 -0.20904541015625
0.304779052734375 0.469451904296875 -0.8800048828125 -0.26611328125
0.6192626953125 0.67913818359375 0.362762451171875 -0.439697265625
0.387451171875 0.64678955078125 0.346649169921875 -0.4232177734375
0.17559814453125 0.91998291015625 0.351043701171875 -0.304656982421875
-0.24884033203125 0.864501953125 0.508514404296875 -0.190338134765625
-0.6778564453125 0.750244140625 0.451934814453125 0.01885986328125
-0.853759765625 0.7283935546875 0.34173583984375 0.301025390625
-0.89361572265625 0.6072998046875 0.072265625 0.33380126953125
-0.95465087890625 0.30889892578125 -0.22454833984375 0.277664184570312
-0.90008544921875 0.51373291015625 -0.494293212890625 0.390350341796875
-0.83538818359375 0.55316162109375 -0.5938720703125 0.3470458984375
-0.68438720703125 0.61669921875 -0.502960205078125 0.218292236328125
-0.2490234375 0.6641845703125 -0.372772216796875 0.062835693359375
-0.0841064453125 0.7265625 -0.3670654296875 -0.039459228515625
0.24951171875 0.65948486328125 -0.50714111328125 -0.0946655273437499
0.4327392578125 0.63238525390625 -0.7786865234375 -0.0902709960937501
0.62835693359375 0.7183837890625 0.5614013671875 -0.24603271484375
0.37103271484375 0.6824951171875 0.522247314453125 -0.24395751953125
0.13250732421875 0.95013427734375 0.419464111328125 -0.192108154296875
-0.30340576171875 0.8778076171875 0.54156494140625 -0.175933837890625
-0.739013671875 0.76031494140625 0.51080322265625 -0.126373291015625
-0.92364501953125 0.76995849609375 0.49859619140625 0.048492431640625
-0.9552001953125 0.65386962890625 0.3480224609375 0.046661376953125
-1.041259765625 0.357177734375 0.0936508178710937 0.0459747314453125
-1.0145263671875 0.60723876953125 -0.217758178710938 0.147109985351563
-0.9449462890625 0.6910400390625 -0.431182861328125 0.13348388671875
-0.76318359375 0.78759765625 -0.491851806640625 0.0962524414062501
-0.23858642578125 0.84295654296875 -0.39520263671875 0.092010498046875
-0.0326538085937501 0.8946533203125 -0.35400390625 0.095794677734375
0.34356689453125 0.76708984375 -0.40264892578125 0.06622314453125
0.50848388671875 0.70751953125 -0.6260986328125 0.128662109375
0.53411865234375 0.66070556640625 0.73211669921875 -0.04583740234375
0.28118896484375 0.60784912109375 0.63818359375 -0.05078125
0.05499267578125 0.81488037109375 0.44427490234375 -0.0666198730468749
-0.31378173828125 0.71600341796875 0.5283203125 -0.13201904296875
-0.6859130859375 0.61138916015625 0.547332763671875 -0.22796630859375
-0.8482666015625 0.6668701171875 0.63275146484375 -0.18096923828125
-0.8682861328125 0.588134765625 0.60162353515625 -0.2314453125
-0.96893310546875 0.34674072265625 0.400390625 -0.196441650390625
-0.96368408203125 0.6046142578125 0.0554351806640624 -0.14471435546875
-0.8934326171875 0.704833984375 -0.260467529296875 -0.14111328125
-0.7115478515625 0.80126953125 -0.4686279296875 -0.0638732910156249
-0.1861572265625 0.8544921875 -0.40240478515625 0.1080322265625
0.0181884765625001 0.90130615234375 -0.310302734375 0.2357177734375
0.38043212890625 0.74310302734375 -0.256484985351563 0.244766235351563
0.50799560546875 0.67913818359375 -0.44573974609375 0.356475830078125
0.37481689453125 0.515869140625 0.85394287109375 0.13006591796875
0.170196533203125 0.44708251953125 0.68231201171875 0.1204833984375
-0.00933837890625006 0.57293701171875 0.41839599609375 0.04071044921875
-0.265411376953125 0.46697998046875 0.475189208984375 -0.08074951171875
-0.523590087890625 0.389801025390625 0.555023193359375 -0.274505615234375
-0.647216796875 0.47906494140625 0.72943115234375 -0.34844970703125
-0.655029296875 0.44610595703125 0.79827880859375 -0.458740234375
-0.74664306640625 0.28765869140625 0.6458740234375 -0.41448974609375
-0.7587890625 0.49676513671875 0.277740478515625 -0.427276611328125
-0.69268798828125 0.57403564453125 -0.1181640625 -0.4083251953125
-0.54510498046875 0.64306640625 -0.43768310546875 -0.221160888671875
-0.1248779296875 0.6824951171875 -0.394287109375 0.109619140625
0.040771484375 0.72515869140625 -0.256622314453125 0.35333251953125
0.32861328125 0.58355712890625 -0.108428955078125 0.40985107421875
0.414947509765625 0.542633056640625 -0.261383056640625 0.556884765625
0.184295654296875 0.305572509765625 0.9188232421875 0.25469970703125
0.0762939453125 0.244293212890625 0.67388916015625 0.23687744140625
-0.0208740234375 0.3013916015625 0.37359619140625 0.108489990234375
-0.151626586914062 0.218338012695312 0.411468505859375 -0.04656982421875
-0.29840087890625 0.182342529296875 0.54461669921875 -0.2806396484375
-0.370086669921875 0.2724609375 0.7811279296875 -0.45172119140625
-0.352264404296875 0.255035400390625 0.91510009765625 -0.61895751953125
-0.413116455078125 0.178466796875 0.793701171875 -0.57745361328125
-0.431976318359375 0.297607421875 0.40655517578125 -0.64483642578125
-0.38690185546875 0.337615966796875 -0.03436279296875 -0.60986328125
-0.30078125 0.36041259765625 -0.409576416015625 -0.331451416015625
-0.063873291015625 0.37969970703125 -0.3834228515625 0.109954833984375
0.0308837890625 0.412841796875 -0.215972900390625 0.430633544921875
0.191680908203125 0.321075439453125 0.002410888671875 0.530548095703125
0.2384033203125 0.322479248046875 -0.12115478515625 0.70233154296875
0.0272178649902344 0.0490646362304688 -0.0299072265624999 -0.6966552734375
-0.0328235626220703 -0.0173721313476562 -0.0648193359374999 -0.604736328125
-0.0200653076171875 -0.00892829895019531 0.16864013671875 -0.421539306640625
-0.00429725646972656 -0.0260391235351563 0.34149169921875 -0.13018798828125
-0.00147247314453125 -0.0401992797851563 0.32122802734375 0.321441650390625
0.0159912109375 -0.070556640625 0.05596923828125 0.63507080078125
0.00922775268554688 -0.0509452819824219 -0.41351318359375 0.7379150390625
0.0267410278320313 -0.0662879943847656 -0.7574462890625 0.60833740234375
0.0592002868652344 -0.0557785034179688 -0.918701171875 0.6424560546875
0.035858154296875 -0.0399818420410156 -0.8037109375 0.53228759765625
0.0319633483886719 -0.0124301910400391 -0.470489501953125 0.329254150390625
0.0229606628417969 -0.0409965515136719 -0.299896240234375 0.028778076171875
0.00681877136230469 -0.0264739990234375 -0.340301513671875 -0.18328857421875
-0.00187873840332031 -0.032501220703125 -0.619140625 -0.23828125
0.00829124450683594 -0.00955104827880859 -0.943115234375 -0.35760498046875
0.3009033203125 0.303985595703125 0.02264404296875 -0.68109130859375
0.165420532226563 0.256683349609375 0.000427246093750046 -0.6151123046875
0.085693359375 0.379119873046875 0.19512939453125 -0.420257568359375
-0.089569091796875 0.348968505859375 0.38336181640625 -0.1524658203125
-0.268463134765625 0.292144775390625 0.338226318359375 0.271697998046875
-0.333251953125 0.257171630859375 0.0996704101562499 0.6280517578125
-0.36468505859375 0.2261962890625 -0.33966064453125 0.71771240234375
-0.373504638671875 0.0866088867187501 -0.68328857421875 0.5831298828125
-0.30865478515625 0.158782958984375 -0.860107421875 0.6435546875
-0.2841796875 0.156982421875 -0.77716064453125 0.53021240234375
-0.231903076171875 0.173049926757813 -0.479034423828125 0.31964111328125
-0.095916748046875 0.170089721679688 -0.31085205078125 0.026641845703125
-0.053009033203125 0.212310791015625 -0.332733154296875 -0.175750732421875
0.06658935546875 0.213836669921875 -0.5936279296875 -0.2445068359375
0.168426513671875 0.237594604492188 -0.9342041015625 -0.34466552734375
0.514892578125 0.521636962890625 0.161376953125 -0.5963134765625
0.3223876953125 0.4884033203125 0.14715576171875 -0.55718994140625
0.16693115234375 0.7088623046875 0.2611083984375 -0.38409423828125
-0.1678466796875 0.66986083984375 0.44305419921875 -0.18182373046875
-0.5020751953125 0.58074951171875 0.38641357421875 0.161407470703125
-0.636474609375 0.54815673828125 0.201995849609375 0.509246826171875
-0.67938232421875 0.4639892578125 -0.166015625 0.5723876953125
-0.71728515625 0.2222900390625 -0.494384765625 0.467681884765625
-0.64215087890625 0.36181640625 -0.711181640625 0.56109619140625
-0.5859375 0.364990234375 -0.7054443359375 0.48333740234375
-0.482269287109375 0.3909912109375 -0.492095947265625 0.291717529296875
-0.19482421875 0.412750244140625 -0.339935302734375 0.0408935546875001
-0.087554931640625 0.47235107421875 -0.350311279296875 -0.13067626953125
0.15240478515625 0.453826904296875 -0.5675048828125 -0.19622802734375
0.315032958984375 0.46209716796875 -0.8826904296875 -0.24896240234375
0.634765625 0.66326904296875 0.353759765625 -0.446746826171875
0.39959716796875 0.63671875 0.33782958984375 -0.42938232421875
0.19366455078125 0.91497802734375 0.343902587890625 -0.311859130859375
-0.2333984375 0.86846923828125 0.50457763671875 -0.2001953125
-0.66436767578125 0.762451171875 0.449615478515625 0.00918579101562505
-0.837890625 0.7423095703125 0.349853515625 0.294769287109375
-0.87969970703125 0.62261962890625 0.0794067382812499 0.331024169921875
-0.9488525390625 0.3258056640625 -0.220291137695313 0.280517578125
-0.8887939453125 0.53021240234375 -0.485076904296875 0.39862060546875
-0.82061767578125 0.5701904296875 -0.58551025390625 0.3575439453125
-0.66845703125 0.62982177734375 -0.498016357421875 0.227630615234375
-0.23748779296875 0.66680908203125 -0.371826171875 0.069976806640625
-0.0706787109375 0.7252197265625 -0.36572265625 -0.0343322753906249
0.2606201171875 0.651123046875 -0.508575439453125 -0.0842590332031249
0.445068359375 0.6229248046875 -0.7803955078125 -0.07421875
0.640869140625 0.704345703125 0.555877685546875 -0.257415771484375
0.38104248046875 0.67376708984375 0.51544189453125 -0.254058837890625
0.151611328125 0.9447021484375 0.415435791015625 -0.201263427734375
-0.28656005859375 0.881103515625 0.5357666015625 -0.18621826171875
-0.72528076171875 0.77471923828125 0.50732421875 -0.13739013671875
-0.907470703125 0.78936767578125 0.500823974609375 0.038360595703125
-0.94073486328125 0.66827392578125 0.34832763671875 0.03924560546875
-1.03497314453125 0.3758544921875 0.0936203002929687 0.043426513671875
-0.99700927734375 0.62603759765625 -0.213577270507813 0.150787353515625
-0.92742919921875 0.7100830078125 -0.429840087890625 0.139495849609375
-0.745849609375 0.801513671875 -0.490203857421875 0.106292724609375
-0.22064208984375 0.845458984375 -0.39349365234375 0.0984191894531251
-0.0147705078125 0.893798828125 -0.35198974609375 0.10107421875
0.3582763671875 0.75738525390625 -0.40142822265625 0.074554443359375
0.52349853515625 0.695068359375 -0.623291015625 0.14019775390625
0.5460205078125 0.64764404296875 0.7301025390625 -0.06072998046875
0.2916259765625 0.599853515625 0.6378173828125 -0.06353759765625
0.0702514648437499 0.810546875 0.4429931640625 -0.0764160156249999
-0.3018798828125 0.7216796875 0.5244140625 -0.14276123046875
-0.67425537109375 0.62548828125 0.5406494140625 -0.23883056640625
-0.83367919921875 0.68389892578125 0.6312255859375 -0.19232177734375
-0.854248046875 0.603759765625 0.59564208984375 -0.24261474609375
-0.96209716796875 0.36492919921875 0.395477294921875 -0.203826904296875
-0.948486328125 0.62274169921875 0.0528411865234374 -0.14544677734375
-0.87799072265625 0.72021484375 -0.26263427734375 -0.136199951171875
-0.69476318359375 0.81561279296875 -0.470550537109375 -0.0545043945312499
-0.17095947265625 0.855712890625 -0.39990234375 0.116943359375
0.0362548828125001 0.89654541015625 -0.3048095703125 0.239349365234375
0.3936767578125 0.7335205078125 -0.252685546875 0.248977661132813
0.520263671875 0.6683349609375 -0.43792724609375 0.364288330078125
0.3861083984375 0.505218505859375 0.85369873046875 0.11224365234375
0.178070068359375 0.44384765625 0.68280029296875 0.10699462890625
0.00189208984375 0.57061767578125 0.419281005859375 0.031494140625
-0.256500244140625 0.469482421875 0.47283935546875 -0.09063720703125
-0.5167236328125 0.400421142578125 0.547088623046875 -0.28472900390625
-0.63702392578125 0.492431640625 0.72216796875 -0.36181640625
-0.64453125 0.45855712890625 0.7886962890625 -0.4735107421875
-0.7432861328125 0.30023193359375 0.63665771484375 -0.425048828125
-0.74755859375 0.51007080078125 0.2684326171875 -0.4300537109375
-0.6787109375 0.58856201171875 -0.12689208984375 -0.4061279296875
-0.53155517578125 0.65283203125 -0.44140625 -0.212615966796875
-0.1126708984375 0.68365478515625 -0.3909912109375 0.11767578125
0.0560302734375 0.72216796875 -0.248870849609375 0.356292724609375
0.33905029296875 0.57403564453125 -0.101318359375 0.409088134765625
0.42572021484375 0.533294677734375 -0.251129150390625 0.5615234375
0.18994140625 0.30059814453125 0.92108154296875 0.23492431640625
0.0810089111328125 0.242446899414063 0.6766357421875 0.22247314453125
-0.01470947265625 0.3006591796875 0.374420166015625 0.100372314453125
-0.147018432617188 0.221038818359375 0.408721923828125 -0.0555419921875
-0.295684814453125 0.18878173828125 0.537017822265625 -0.292022705078125
-0.362701416015625 0.2801513671875 0.771728515625 -0.46710205078125
-0.34539794921875 0.26129150390625 0.89886474609375 -0.634521484375
-0.409942626953125 0.185791015625 0.7811279296875 -0.588134765625
-0.42413330078125 0.304290771484375 0.3936767578125 -0.650390625
-0.379638671875 0.345489501953125 -0.0466918945312501 -0.60693359375
-0.2928466796875 0.366058349609375 -0.41552734375 -0.322296142578125
-0.057220458984375 0.3798828125 -0.380096435546875 0.116424560546875
0.039031982421875 0.411102294921875 -0.20782470703125 0.431182861328125
0.19708251953125 0.31536865234375 0.010833740234375 0.528472900390625
0.244720458984375 0.316986083984375 -0.1065673828125 0.702880859375
0.0291633605957031 0.046875 -0.0433349609375001 -0.69482421875
-0.0334968566894531 -0.0163631439208984 -0.0769042968750001 -0.60015869140625
-0.020416259765625 -0.00837898254394531 0.158233642578125 -0.4229736328125
-0.00582313537597656 -0.0260944366455078 0.336395263671875 -0.13507080078125
-0.0029144287109375 -0.0404701232910156 0.325714111328125 0.313812255859375
0.0143890380859375 -0.07147216796875 0.0693359375 0.63177490234375
0.00870132446289063 -0.0512657165527344 -0.39605712890625 0.742431640625
0.0258750915527344 -0.0673332214355469 -0.7447509765625 0.61505126953125
0.058135986328125 -0.0575714111328125 -0.90087890625 0.65667724609375
0.0353202819824219 -0.0404052734375 -0.7877197265625 0.54443359375
0.0318393707275391 -0.012359619140625 -0.460540771484375 0.3360595703125
0.0215187072753906 -0.0412673950195313 -0.2982177734375 0.034393310546875
0.00575065612792969 -0.026092529296875 -0.3426513671875 -0.176025390625
-0.00249671936035156 -0.0320491790771484 -0.6181640625 -0.22442626953125
0.00937652587890625 -0.0101213455200195 -0.94635009765625 -0.33746337890625
0.3065185546875 0.294189453125 0.00817871093750008 -0.680419921875
0.169082641601562 0.252059936523438 -0.01129150390625 -0.6129150390625
0.0927734375 0.37579345703125 0.185699462890625 -0.422119140625
-0.083648681640625 0.349334716796875 0.377716064453125 -0.159576416015625
-0.26239013671875 0.2960205078125 0.34228515625 0.2637939453125
-0.3262939453125 0.2625732421875 0.1141357421875 0.62200927734375
-0.35797119140625 0.2325439453125 -0.32275390625 0.71905517578125
-0.3702392578125 0.0933227539062499 -0.67022705078125 0.59197998046875
-0.303375244140625 0.164154052734375 -0.84228515625 0.65655517578125
-0.278976440429688 0.161865234375 -0.7608642578125 0.5462646484375
-0.226364135742188 0.17803955078125 -0.47137451171875 0.328338623046875
-0.0928955078125 0.171112060546875 -0.3104248046875 0.032806396484375
-0.0487213134765625 0.211898803710938 -0.33502197265625 -0.169921875
0.0707244873046875 0.2108154296875 -0.5965576171875 -0.2310791015625
0.173126220703125 0.233291625976562 -0.93792724609375 -0.3228759765625
0.52349853515625 0.507354736328125 0.14923095703125 -0.59808349609375
0.328521728515625 0.480682373046875 0.13568115234375 -0.55804443359375
0.18121337890625 0.70257568359375 0.251556396484375 -0.38800048828125
-0.154541015625 0.67120361328125 0.435699462890625 -0.19036865234375
-0.48956298828125 0.58831787109375 0.387481689453125 0.152099609375
-0.62286376953125 0.55908203125 0.2149658203125 0.50164794921875
-0.6666259765625 0.47479248046875 -0.154052734375 0.571533203125
-0.71160888671875 0.234375 -0.48284912109375 0.473388671875
-0.6295166015625 0.371826171875 -0.69580078125 0.57269287109375
-0.5755615234375 0.37493896484375 -0.6922607421875 0.49481201171875
-0.4720458984375 0.399444580078125 -0.484222412109375 0.300628662109375
-0.185943603515625 0.414459228515625 -0.338623046875 0.04718017578125
-0.07769775390625 0.471710205078125 -0.35162353515625 -0.1231689453125
0.16033935546875 0.44708251953125 -0.56707763671875 -0.18487548828125
0.325408935546875 0.453338623046875 -0.884765625 -0.22698974609375
0.64361572265625 0.64361572265625 0.342529296875 -0.453948974609375
0.40911865234375 0.62567138671875 0.325042724609375 -0.43585205078125
0.21197509765625 0.90594482421875 0.337005615234375 -0.316192626953125
-0.215576171875 0.86968994140625 0.495574951171875 -0.20892333984375
-0.6466064453125 0.77532958984375 0.44708251953125 0.000152587890625047
-0.819091796875 0.75823974609375 0.355712890625 0.28509521484375
-0.86273193359375 0.638427734375 0.08636474609375 0.326751708984375
-0.93994140625 0.34344482421875 -0.213531494140625 0.282012939453125
-0.8707275390625 0.5450439453125 -0.47418212890625 0.406982421875
-0.80291748046875 0.58551025390625 -0.57440185546875 0.36700439453125
-0.65435791015625 0.64129638671875 -0.492156982421875 0.236907958984375
-0.22216796875 0.66900634765625 -0.36993408203125 0.07769775390625
-0.05499267578125 0.7225341796875 -0.365478515625 -0.0276184082031249
0.2711181640625 0.63970947265625 -0.508941650390625 -0.0735168457031249
0.45562744140625 0.6103515625 -0.77777099609375 -0.0577392578125
0.65240478515625 0.6846923828125 0.54901123046875 -0.267578125
0.3927001953125 0.6636962890625 0.508087158203125 -0.264678955078125
0.17138671875 0.9361572265625 0.4102783203125 -0.209197998046875
-0.2674560546875 0.88372802734375 0.53057861328125 -0.195587158203125
-0.70770263671875 0.7855224609375 0.500030517578125 -0.1470947265625
-0.88885498046875 0.8031005859375 0.501495361328125 0.0271301269531251
-0.9217529296875 0.6866455078125 0.347900390625 0.0308837890625
-1.0230712890625 0.391845703125 0.0933914184570312 0.0413742065429688
-0.97900390625 0.64276123046875 -0.209320068359375 0.153961181640625
-0.90875244140625 0.72540283203125 -0.423065185546875 0.148895263671875
-0.72857666015625 0.8135986328125 -0.487457275390625 0.116363525390625
-0.2056884765625 0.8468017578125 -0.38922119140625 0.107025146484375
0.00439453124999999 0.8875732421875 -0.347320556640625 0.105804443359375
0.3702392578125 0.74481201171875 -0.3980712890625 0.0799255371093751
0.53619384765625 0.68121337890625 -0.6181640625 0.1531982421875
0.556884765625 0.631591796875 0.72564697265625 -0.0753173828125
0.3009033203125 0.59075927734375 0.631591796875 -0.07781982421875
0.0856933593749999 0.8035888671875 0.439666748046875 -0.0845642089843749
-0.28741455078125 0.72314453125 0.51849365234375 -0.1529541015625
-0.66046142578125 0.63665771484375 0.531982421875 -0.248870849609375
-0.81451416015625 0.6993408203125 0.6279296875 -0.204345703125
-0.8389892578125 0.61883544921875 0.5877685546875 -0.25439453125
-0.951416015625 0.38128662109375 0.38922119140625 -0.209930419921875
-0.93316650390625 0.6370849609375 0.0503997802734375 -0.145172119140625
-0.8585205078125 0.73828125 -0.2647705078125 -0.130477905273437
-0.6759033203125 0.8280029296875 -0.469757080078125 -0.04473876953125
-0.15338134765625 0.854248046875 -0.3963623046875 0.12347412109375
0.05517578125 0.8917236328125 -0.29901123046875 0.2440185546875
0.40380859375 0.7215576171875 -0.247817993164063 0.251144409179688
0.533203125 0.65374755859375 -0.428375244140625 0.37188720703125
0.393768310546875 0.4927978515625 0.85150146484375 0.09564208984375
0.1856689453125 0.437255859375 0.68170166015625 0.09246826171875
0.0156860351562499 0.5665283203125 0.419097900390625 0.02252197265625
-0.245452880859375 0.472564697265625 0.466766357421875 -0.100738525390625
-0.508209228515625 0.410888671875 0.53759765625 -0.295989990234375
-0.6224365234375 0.50494384765625 0.7125244140625 -0.37518310546875
-0.63232421875 0.469970703125 0.7744140625 -0.486572265625
-0.735595703125 0.3134765625 0.62542724609375 -0.43438720703125
-0.7340087890625 0.521240234375 0.2593994140625 -0.433502197265625
-0.66278076171875 0.59912109375 -0.13427734375 -0.40185546875
-0.51678466796875 0.66204833984375 -0.4447021484375 -0.2021484375
-0.0999755859375001 0.681396484375 -0.386993408203125 0.12371826171875
0.070556640625 0.71820068359375 -0.239776611328125 0.358062744140625
0.3468017578125 0.56298828125 -0.092864990234375 0.4091796875
0.434906005859375 0.523040771484375 -0.2393798828125 0.56304931640625
0.19635009765625 0.293792724609375 0.92120361328125 0.21588134765625
0.0854034423828125 0.239471435546875 0.67706298828125 0.20806884765625
-0.006591796875 0.298614501953125 0.37469482421875 0.09136962890625
-0.142074584960938 0.22320556640625 0.404388427734375 -0.06390380859375
-0.291046142578125 0.195037841796875 0.529052734375 -0.30206298828125
-0.35540771484375 0.288482666015625 0.760498046875 -0.4803466796875
-0.339141845703125 0.269012451171875 0.8814697265625 -0.64862060546875
-0.405609130859375 0.19293212890625 0.76544189453125 -0.599609375
-0.41693115234375 0.311676025390625 0.37982177734375 -0.65338134765625
-0.369537353515625 0.352569580078125 -0.060791015625 -0.60394287109375
-0.28509521484375 0.37115478515625 -0.4208984375 -0.314117431640625
-0.049896240234375 0.378936767578125 -0.375732421875 0.121978759765625
0.048675537109375 0.40869140625 -0.197479248046875 0.43304443359375
0.20166015625 0.309661865234375 0.020172119140625 0.525238037109375
0.250885009765625 0.310302734375 -0.0924682617187499 0.7027587890625
0.0304336547851563 0.0447540283203125 -0.05596923828125 -0.68896484375
-0.0336818695068359 -0.0150985717773437 -0.0872802734375 -0.5947265625
-0.0208797454833984 -0.00824165344238281 0.14886474609375 -0.424102783203125
-0.00706100463867188 -0.0259037017822266 0.33062744140625 -0.140228271484375
-0.00466156005859375 -0.0406417846679688 0.328948974609375 0.305633544921875
0.0130767822265625 -0.0722808837890625 0.08380126953125 0.62554931640625
0.00798416137695313 -0.0521736145019531 -0.37841796875 0.74188232421875
0.0250701904296875 -0.0685577392578125 -0.72918701171875 0.62322998046875
0.0569190979003906 -0.0586509704589844 -0.88079833984375 0.670654296875
0.0343704223632813 -0.0407981872558594 -0.7698974609375 0.55633544921875
0.0320949554443359 -0.0122184753417969 -0.449462890625 0.343536376953125
0.0197410583496094 -0.0413436889648438 -0.297149658203125 0.0396118164062499
0.004638671875 -0.0258331298828125 -0.344146728515625 -0.167572021484375
-0.00272178649902344 -0.0312576293945313 -0.6180419921875 -0.21148681640625
0.0108814239501953 -0.0108470916748047 -0.9454345703125 -0.31549072265625
0.31072998046875 0.28326416015625 -0.00494384765624995 -0.67755126953125
0.172531127929688 0.247421264648438 -0.025390625 -0.6087646484375
0.100433349609375 0.370880126953125 0.176116943359375 -0.423248291015625
-0.07684326171875 0.348846435546875 0.370574951171875 -0.165679931640625
-0.256317138671875 0.299591064453125 0.344573974609375 0.25445556640625
-0.31964111328125 0.267181396484375 0.126708984375 0.61627197265625
-0.35052490234375 0.23748779296875 -0.3052978515625 0.7197265625
-0.365631103515625 0.099090576171875 -0.6549072265625 0.59832763671875
-0.296417236328125 0.16790771484375 -0.82208251953125 0.66644287109375
-0.272613525390625 0.166290283203125 -0.74371337890625 0.55548095703125
-0.220870971679687 0.182144165039063 -0.460357666015625 0.3345947265625
-0.0899658203125 0.170989990234375 -0.30889892578125 0.03826904296875
-0.0454864501953125 0.211166381835938 -0.33685302734375 -0.162506103515625
0.074127197265625 0.207260131835938 -0.59552001953125 -0.2174072265625
0.178466796875 0.227035522460938 -0.9381103515625 -0.30181884765625
0.5303955078125 0.48944091796875 0.13665771484375 -0.59918212890625
0.335174560546875 0.470916748046875 0.123382568359375 -0.5579833984375
0.19427490234375 0.69293212890625 0.2427978515625 -0.3907470703125
-0.1412353515625 0.6702880859375 0.428802490234375 -0.197998046875
-0.47613525390625 0.5955810546875 0.386993408203125 0.144287109375
-0.60772705078125 0.5677490234375 0.225494384765625 0.494171142578125
-0.65283203125 0.48321533203125 -0.140380859375 0.56884765625
-0.70172119140625 0.24700927734375 -0.470916748046875 0.4786376953125
-0.61761474609375 0.38067626953125 -0.67987060546875 0.58203125
-0.56463623046875 0.38507080078125 -0.67681884765625 0.50360107421875
-0.459381103515625 0.405853271484375 -0.475830078125 0.307464599609375
-0.178985595703125 0.414093017578125 -0.337158203125 0.053863525390625
-0.069000244140625 0.467987060546875 -0.352020263671875 -0.11602783203125
0.166259765625 0.439453125 -0.56591796875 -0.17291259765625
0.3341064453125 0.443603515625 -0.8846435546875 -0.2081298828125
0.652099609375 0.6260986328125 0.331878662109375 -0.45697021484375
0.41778564453125 0.61224365234375 0.314117431640625 -0.4403076171875
0.2310791015625 0.89263916015625 0.32855224609375 -0.320465087890625
-0.19793701171875 0.86785888671875 0.487579345703125 -0.217987060546875
-0.6297607421875 0.7840576171875 0.442779541015625 -0.00781249999999995
-0.79901123046875 0.76800537109375 0.360687255859375 0.27581787109375
-0.84490966796875 0.64886474609375 0.091827392578125 0.321624755859375
-0.92791748046875 0.35589599609375 -0.2078857421875 0.282958984375
-0.85223388671875 0.556640625 -0.461822509765625 0.41162109375
-0.784912109375 0.59808349609375 -0.56219482421875 0.37542724609375
-0.63690185546875 0.65032958984375 -0.48419189453125 0.24639892578125
-0.21075439453125 0.665283203125 -0.36700439453125 0.0840759277343751
-0.0417480468750001 0.7171630859375 -0.364105224609375 -0.021575927734375
0.28192138671875 0.62847900390625 -0.505767822265625 -0.06488037109375
0.4666748046875 0.59844970703125 -0.77471923828125 -0.0411376953125
0.66009521484375 0.66534423828125 0.54046630859375 -0.27734375
0.40167236328125 0.6497802734375 0.498046875 -0.274169921875
0.19036865234375 0.9263916015625 0.403594970703125 -0.2164306640625
-0.25213623046875 0.8824462890625 0.5203857421875 -0.2060546875
-0.68853759765625 0.7978515625 0.492401123046875 -0.15582275390625
-0.8656005859375 0.81695556640625 0.502227783203125 0.0169677734375
-0.9019775390625 0.698486328125 0.34564208984375 0.02313232421875
-1.0098876953125 0.408203125 0.0930480957031249 0.0384902954101563
-0.958984375 0.65679931640625 -0.203903198242188 0.156845092773438
-0.8873291015625 0.7403564453125 -0.417694091796875 0.1546630859375
-0.7060546875 0.8250732421875 -0.483245849609375 0.12579345703125
-0.187255859375 0.8424072265625 -0.385772705078125 0.113677978515625
0.0212402343749999 0.88079833984375 -0.343170166015625 0.110626220703125
0.3812255859375 0.7293701171875 -0.39447021484375 0.0859375
0.54705810546875 0.6663818359375 -0.6126708984375 0.16461181640625
0.5665283203125 0.61431884765625 0.71905517578125 -0.0891723632812499
0.310546875 0.58013916015625 0.62469482421875 -0.0894775390625
0.10302734375 0.7960205078125 0.43511962890625 -0.09332275390625
-0.27252197265625 0.7249755859375 0.51202392578125 -0.162750244140625
-0.6451416015625 0.6461181640625 0.522247314453125 -0.256134033203125
-0.79620361328125 0.7095947265625 0.62060546875 -0.2158203125
-0.819580078125 0.63214111328125 0.5799560546875 -0.2640380859375
-0.939697265625 0.398193359375 0.38177490234375 -0.215789794921875
-0.9127197265625 0.6495361328125 0.0480804443359374 -0.144622802734375
-0.8375244140625 0.7506103515625 -0.265731811523438 -0.124221801757812
-0.65460205078125 0.83758544921875 -0.46929931640625 -0.0349731445312499
-0.137939453125 0.85137939453125 -0.39068603515625 0.129913330078125
0.0733642578125001 0.8848876953125 -0.29266357421875 0.245697021484375
0.41668701171875 0.7044677734375 -0.242111206054687 0.25360107421875
0.54443359375 0.63946533203125 -0.419677734375 0.377227783203125
0.40167236328125 0.4810791015625 0.84796142578125 0.0777587890625
0.192047119140625 0.429534912109375 0.67645263671875 0.0777587890625
0.0269470214843749 0.56024169921875 0.416046142578125 0.013519287109375
-0.23583984375 0.475250244140625 0.461578369140625 -0.110931396484375
-0.496185302734375 0.4195556640625 0.5267333984375 -0.304046630859375
-0.60894775390625 0.5135498046875 0.70196533203125 -0.38592529296875
-0.61773681640625 0.47882080078125 0.7593994140625 -0.49749755859375
-0.72552490234375 0.3255615234375 0.61224365234375 -0.44207763671875
-0.71795654296875 0.53021240234375 0.2501220703125 -0.434234619140625
-0.64678955078125 0.60980224609375 -0.14202880859375 -0.39630126953125
-0.5006103515625 0.66796875 -0.446929931640625 -0.1917724609375
-0.08544921875 0.67864990234375 -0.382293701171875 0.130706787109375
0.0841674804687501 0.71173095703125 -0.230804443359375 0.35919189453125
0.354949951171875 0.550689697265625 -0.0858154296875 0.406097412109375
0.445648193359375 0.5103759765625 -0.22686767578125 0.56646728515625
0.200439453125 0.287017822265625 0.91815185546875 0.1978759765625
0.08941650390625 0.236541748046875 0.67724609375 0.1939697265625
-0.000183105468749997 0.29632568359375 0.37347412109375 0.08221435546875
-0.136764526367188 0.2237548828125 0.400909423828125 -0.0716552734375
-0.2860107421875 0.2010498046875 0.516937255859375 -0.31024169921875
-0.34649658203125 0.29296875 0.74462890625 -0.4923095703125
-0.330657958984375 0.273529052734375 0.86126708984375 -0.65875244140625
-0.40008544921875 0.199615478515625 0.74859619140625 -0.60809326171875
-0.408233642578125 0.3172607421875 0.36358642578125 -0.6552734375
-0.3587646484375 0.35687255859375 -0.0717163085937501 -0.5977783203125
-0.276275634765625 0.374603271484375 -0.42645263671875 -0.303497314453125
-0.0419921875 0.37664794921875 -0.3704833984375 0.127899169921875
0.056671142578125 0.404693603515625 -0.188079833984375 0.432891845703125
0.204925537109375 0.3031005859375 0.029693603515625 0.52056884765625
0.255645751953125 0.304290771484375 -0.0792236328124999 0.6995849609375
0.031707763671875 0.04168701171875 -0.06787109375 -0.68255615234375
-0.0334873199462891 -0.0140056610107422 -0.09686279296875 -0.5875244140625
-0.0211238861083984 -0.00809478759765625 0.139251708984375 -0.422760009765625
-0.00831985473632812 -0.0257396697998047 0.323516845703125 -0.1446533203125
-0.00616455078125 -0.0408554077148437 0.331390380859375 0.296112060546875
0.0113372802734375 -0.072784423828125 0.0949096679687501 0.6181640625
0.00725173950195312 -0.0526008605957031 -0.36114501953125 0.74029541015625
0.0240287780761719 -0.0693130493164063 -0.71142578125 0.6279296875
0.0557861328125 -0.0599822998046875 -0.86016845703125 0.67999267578125
0.0335807800292969 -0.0411300659179688 -0.75 0.564453125
0.0320339202880859 -0.0120964050292969 -0.439666748046875 0.34747314453125
0.018218994140625 -0.0415840148925781 -0.294921875 0.044342041015625
0.00377845764160156 -0.0252285003662109 -0.34393310546875 -0.159759521484375
-0.00260162353515625 -0.0305862426757812 -0.61492919921875 -0.1981201171875
0.0117683410644531 -0.0116739273071289 -0.94342041015625 -0.2923583984375
0.31463623046875 0.27374267578125 -0.01739501953125 -0.67352294921875
0.175003051757813 0.242202758789063 -0.0347900390625 -0.60467529296875
0.106292724609375 0.365814208984375 0.166595458984375 -0.423797607421875
-0.071014404296875 0.34716796875 0.3634033203125 -0.17120361328125
-0.24981689453125 0.301544189453125 0.34454345703125 0.24615478515625
-0.311767578125 0.2703857421875 0.138427734375 0.60791015625
-0.342803955078125 0.241668701171875 -0.28985595703125 0.716796875
-0.361083984375 0.103729248046875 -0.6385498046875 0.6011962890625
-0.28961181640625 0.171295166015625 -0.80169677734375 0.6748046875
-0.265945434570312 0.169815063476563 -0.7254638671875 0.565185546875
-0.215225219726563 0.18524169921875 -0.450347900390625 0.3385009765625
-0.08721923828125 0.170562744140625 -0.30670166015625 0.04400634765625
-0.04095458984375 0.210113525390625 -0.337646484375 -0.154510498046875
0.076995849609375 0.20355224609375 -0.5927734375 -0.205322265625
0.182403564453125 0.22088623046875 -0.9361572265625 -0.28216552734375
0.53643798828125 0.473602294921875 0.12432861328125 -0.5966796875
0.340423583984375 0.459686279296875 0.109771728515625 -0.55535888671875
0.20587158203125 0.68304443359375 0.234222412109375 -0.392364501953125
-0.12969970703125 0.6671142578125 0.41998291015625 -0.203216552734375
-0.4625244140625 0.60107421875 0.38421630859375 0.135772705078125
-0.5916748046875 0.5731201171875 0.23419189453125 0.484344482421875
-0.63824462890625 0.4921875 -0.12744140625 0.5650634765625
-0.6907958984375 0.25567626953125 -0.458343505859375 0.48065185546875
-0.602294921875 0.38739013671875 -0.66156005859375 0.58782958984375
-0.55084228515625 0.3927001953125 -0.66082763671875 0.51202392578125
-0.447723388671875 0.413604736328125 -0.4652099609375 0.31451416015625
-0.169586181640625 0.4129638671875 -0.33447265625 0.059356689453125
-0.0589599609375 0.46478271484375 -0.351654052734375 -0.109375
0.172607421875 0.43035888671875 -0.56365966796875 -0.16094970703125
0.340545654296875 0.431884765625 -0.87799072265625 -0.18963623046875
0.65875244140625 0.60455322265625 0.320709228515625 -0.460601806640625
0.42303466796875 0.59967041015625 0.303009033203125 -0.442047119140625
0.24444580078125 0.88128662109375 0.32122802734375 -0.32379150390625
-0.18170166015625 0.86456298828125 0.477447509765625 -0.225372314453125
-0.61236572265625 0.79046630859375 0.43731689453125 -0.0161743164062499
-0.7784423828125 0.7781982421875 0.366729736328125 0.266326904296875
-0.82391357421875 0.6607666015625 0.097259521484375 0.315582275390625
-0.914306640625 0.371337890625 -0.20281982421875 0.282867431640625
-0.8326416015625 0.565185546875 -0.4483642578125 0.416595458984375
-0.767578125 0.6080322265625 -0.548919677734375 0.383026123046875
-0.61785888671875 0.65606689453125 -0.476165771484375 0.25274658203125
-0.19793701171875 0.6634521484375 -0.3626708984375 0.0904235839843751
-0.029052734375 0.7100830078125 -0.361114501953125 -0.0162353515625
0.28948974609375 0.61553955078125 -0.504180908203125 -0.055023193359375
0.47650146484375 0.5816650390625 -0.7679443359375 -0.0261230468749999
0.66741943359375 0.646484375 0.528472900390625 -0.28631591796875
0.407958984375 0.63525390625 0.487091064453125 -0.2813720703125
0.2059326171875 0.91387939453125 0.396881103515625 -0.22052001953125
-0.23309326171875 0.87969970703125 0.511199951171875 -0.2137451171875
-0.67022705078125 0.80499267578125 0.483551025390625 -0.163543701171875
-0.8436279296875 0.82745361328125 0.50042724609375 0.00833129882812505
-0.8800048828125 0.70953369140625 0.343017578125 0.0150146484375
-0.99420166015625 0.4244384765625 0.0923919677734374 0.0359573364257813
-0.93646240234375 0.66650390625 -0.198135375976563 0.15899658203125
-0.86474609375 0.75048828125 -0.41033935546875 0.160888671875
-0.68450927734375 0.83135986328125 -0.47674560546875 0.133880615234375
-0.1724853515625 0.83831787109375 -0.381072998046875 0.1195068359375
0.03643798828125 0.87152099609375 -0.339599609375 0.11376953125
0.38946533203125 0.7158203125 -0.3897705078125 0.0912170410156251
0.55633544921875 0.64935302734375 -0.603515625 0.17376708984375
0.57073974609375 0.596435546875 0.7098388671875 -0.1015625
0.31658935546875 0.5689697265625 0.61627197265625 -0.1009521484375
0.1177978515625 0.7864990234375 0.43048095703125 -0.10101318359375
-0.25811767578125 0.72259521484375 0.501220703125 -0.1717529296875
-0.6297607421875 0.65350341796875 0.510986328125 -0.263824462890625
-0.77557373046875 0.71929931640625 0.61358642578125 -0.2237548828125
-0.8023681640625 0.642333984375 0.56903076171875 -0.27313232421875
-0.92462158203125 0.41180419921875 0.374237060546875 -0.219879150390625
-0.8914794921875 0.66009521484375 0.0454864501953124 -0.14385986328125
-0.81475830078125 0.75994873046875 -0.265731811523438 -0.1185302734375
-0.63446044921875 0.84197998046875 -0.465301513671875 -0.0251159667968749
-0.12103271484375 0.84716796875 -0.385009765625 0.135528564453125
0.08880615234375 0.8734130859375 -0.28521728515625 0.24749755859375
0.42303466796875 0.6904296875 -0.23638916015625 0.253829956054688
0.55035400390625 0.62249755859375 -0.4095458984375 0.382568359375
0.405792236328125 0.4669189453125 0.8406982421875 0.06158447265625
0.197906494140625 0.422637939453125 0.6719970703125 0.0635986328125
0.037689208984375 0.55474853515625 0.412139892578125 0.00552368164062503
-0.2255859375 0.473846435546875 0.45391845703125 -0.118499755859375
-0.485260009765625 0.425262451171875 0.51568603515625 -0.310638427734375
-0.59405517578125 0.52154541015625 0.68914794921875 -0.396484375
-0.6021728515625 0.48443603515625 0.74334716796875 -0.5079345703125
-0.71240234375 0.336181640625 0.59912109375 -0.4471435546875
-0.70135498046875 0.53912353515625 0.23974609375 -0.43438720703125
-0.62860107421875 0.61712646484375 -0.148193359375 -0.390533447265625
-0.48486328125 0.67266845703125 -0.44732666015625 -0.181884765625
-0.0741577148437501 0.673583984375 -0.375518798828125 0.13543701171875
0.0975341796874999 0.7022705078125 -0.222198486328125 0.357666015625
0.36102294921875 0.53936767578125 -0.07855224609375 0.4033203125
0.45098876953125 0.49603271484375 -0.21588134765625 0.5648193359375
0.204635620117188 0.279800415039063 0.91351318359375 0.177734375
0.0924224853515625 0.232742309570313 0.6732177734375 0.18023681640625
0.00640869140625003 0.292510986328125 0.371063232421875 0.074676513671875
-0.131454467773438 0.224563598632813 0.394317626953125 -0.078857421875
-0.279739379882813 0.206085205078125 0.5050048828125 -0.317413330078125
-0.33746337890625 0.29754638671875 0.729248046875 -0.4998779296875
-0.3233642578125 0.277374267578125 0.84173583984375 -0.67041015625
-0.39361572265625 0.20599365234375 0.73126220703125 -0.6158447265625
-0.398223876953125 0.322052001953125 0.3487548828125 -0.65399169921875
-0.349273681640625 0.361663818359375 -0.08251953125 -0.59124755859375
-0.267364501953125 0.377105712890625 -0.42816162109375 -0.292938232421875
-0.03509521484375 0.374298095703125 -0.36395263671875 0.133697509765625
0.06414794921875 0.4000244140625 -0.176910400390625 0.430419921875
0.207244873046875 0.296051025390625 0.037078857421875 0.51409912109375
0.259124755859375 0.29638671875 -0.0670166015625 0.69610595703125
0.0325889587402344 0.0390129089355469 -0.078369140625 -0.6754150390625
-0.0336685180664063 -0.0130767822265625 -0.10601806640625 -0.58001708984375
-0.0209999084472656 -0.00745582580566407 0.129852294921875 -0.42144775390625
-0.00970077514648437 -0.0254402160644531 0.316375732421875 -0.147430419921875
-0.007843017578125 -0.0403556823730469 0.33154296875 0.289337158203125
0.009796142578125 -0.0730056762695313 0.10528564453125 0.60906982421875
0.00643157958984375 -0.0529708862304688 -0.34381103515625 0.7369384765625
0.0229148864746094 -0.0699043273925781 -0.6956787109375 0.6292724609375
0.0548744201660156 -0.0608406066894531 -0.8399658203125 0.68548583984375
0.0328788757324219 -0.0414314270019531 -0.73065185546875 0.571044921875
0.0322341918945312 -0.0117702484130859 -0.42755126953125 0.350494384765625
0.0167083740234375 -0.0411338806152344 -0.29229736328125 0.04864501953125
0.00296211242675781 -0.0246849060058594 -0.344390869140625 -0.152984619140625
-0.00281143188476562 -0.0300102233886719 -0.61151123046875 -0.18438720703125
0.0130043029785156 -0.0124406814575195 -0.939208984375 -0.27337646484375
0.315460205078125 0.263763427734375 -0.0279541015625 -0.666259765625
0.176956176757813 0.237030029296875 -0.0457763671875 -0.597900390625
0.111663818359375 0.359283447265625 0.157440185546875 -0.4215087890625
-0.0653076171875 0.344757080078125 0.3553466796875 -0.1748046875
-0.242431640625 0.303924560546875 0.344390869140625 0.238800048828125
-0.303009033203125 0.272552490234375 0.14910888671875 0.59808349609375
-0.334564208984375 0.2437744140625 -0.27349853515625 0.71307373046875
-0.35467529296875 0.108642578125 -0.6214599609375 0.60198974609375
-0.282745361328125 0.17315673828125 -0.7796630859375 0.68060302734375
-0.259323120117188 0.172348022460937 -0.7059326171875 0.57061767578125
-0.208786010742188 0.187332153320312 -0.439300537109375 0.343536376953125
-0.0841827392578125 0.169998168945312 -0.3040771484375 0.0481262207031249
-0.0375823974609375 0.207717895507813 -0.336639404296875 -0.147857666015625
0.0799713134765625 0.199356079101563 -0.5899658203125 -0.193115234375
0.185394287109375 0.2149658203125 -0.93017578125 -0.2618408203125
0.53741455078125 0.458831787109375 0.1131591796875 -0.59356689453125
0.34356689453125 0.449005126953125 0.099700927734375 -0.551727294921875
0.21630859375 0.6719970703125 0.224365234375 -0.391815185546875
-0.1173095703125 0.66168212890625 0.410736083984375 -0.208099365234375
-0.4495849609375 0.603271484375 0.381591796875 0.128082275390625
-0.57470703125 0.57794189453125 0.242645263671875 0.474334716796875
-0.62286376953125 0.49847412109375 -0.117431640625 0.55865478515625
-0.6796875 0.26617431640625 -0.44677734375 0.48114013671875
-0.5875244140625 0.393310546875 -0.64569091796875 0.5914306640625
-0.536285400390625 0.39605712890625 -0.64227294921875 0.51788330078125
-0.435150146484375 0.41717529296875 -0.454864501953125 0.31939697265625
-0.162872314453125 0.409942626953125 -0.330810546875 0.06463623046875
-0.051910400390625 0.45965576171875 -0.34979248046875 -0.103302001953125
0.17755126953125 0.422393798828125 -0.5599365234375 -0.14990234375
0.3443603515625 0.421142578125 -0.87298583984375 -0.17138671875
0.6632080078125 0.587158203125 0.307708740234375 -0.462158203125
0.428955078125 0.5853271484375 0.290740966796875 -0.442230224609375
0.257568359375 0.8682861328125 0.311981201171875 -0.326202392578125
-0.1671142578125 0.8575439453125 0.46649169921875 -0.230682373046875
-0.593505859375 0.7926025390625 0.431060791015625 -0.022705078125
-0.755615234375 0.7828369140625 0.369232177734375 0.256744384765625
-0.80364990234375 0.6656494140625 0.101531982421875 0.309417724609375
-0.89898681640625 0.3798828125 -0.19610595703125 0.2822265625
-0.81304931640625 0.57452392578125 -0.436614990234375 0.41839599609375
-0.7464599609375 0.61456298828125 -0.5374755859375 0.3883056640625
-0.599853515625 0.6611328125 -0.467041015625 0.257476806640625
-0.185791015625 0.65850830078125 -0.358642578125 0.0956420898437501
-0.01483154296875 0.70098876953125 -0.358245849609375 -0.0103149414062499
0.29498291015625 0.602783203125 -0.499237060546875 -0.0474853515624999
0.48138427734375 0.56781005859375 -0.7603759765625 -0.0134277343749999
0.6715087890625 0.6258544921875 0.517974853515625 -0.2921142578125
0.41400146484375 0.62274169921875 0.47576904296875 -0.286865234375
0.22021484375 0.90032958984375 0.38818359375 -0.225494384765625
-0.21588134765625 0.8746337890625 0.501953125 -0.21954345703125
-0.65093994140625 0.80889892578125 0.474029541015625 -0.16937255859375
-0.81988525390625 0.83160400390625 0.496856689453125 -0.00164794921874995
-0.859375 0.7174072265625 0.33966064453125 0.00845336914062504
-0.9775390625 0.435302734375 0.0915679931640624 0.0342941284179688
-0.91412353515625 0.67510986328125 -0.19287109375 0.160690307617188
-0.84130859375 0.7572021484375 -0.402557373046875 0.16619873046875
-0.6649169921875 0.8336181640625 -0.469696044921875 0.141693115234375
-0.15850830078125 0.83123779296875 -0.37554931640625 0.12432861328125
0.0527954101562501 0.86175537109375 -0.333465576171875 0.118072509765625
0.39599609375 0.69927978515625 -0.385955810546875 0.09625244140625
0.561767578125 0.6317138671875 -0.59478759765625 0.182861328125
0.57537841796875 0.5787353515625 0.699951171875 -0.11395263671875
0.320404052734375 0.55694580078125 0.60736083984375 -0.11090087890625
0.130126953125 0.7750244140625 0.42254638671875 -0.107086181640625
-0.24273681640625 0.72003173828125 0.492523193359375 -0.17791748046875
-0.6123046875 0.659423828125 0.49871826171875 -0.270538330078125
-0.7537841796875 0.72723388671875 0.60333251953125 -0.2327880859375
-0.7794189453125 0.64935302734375 0.558349609375 -0.27911376953125
-0.9100341796875 0.42205810546875 0.3665771484375 -0.223358154296875
-0.87042236328125 0.66802978515625 0.0438537597656249 -0.14324951171875
-0.79241943359375 0.7669677734375 -0.264617919921875 -0.113204956054687
-0.61376953125 0.84454345703125 -0.4632568359375 -0.016632080078125
-0.10748291015625 0.8389892578125 -0.37933349609375 0.140716552734375
0.10400390625 0.863037109375 -0.277984619140625 0.247879028320313
0.4290771484375 0.67279052734375 -0.230850219726562 0.254776000976563
0.55731201171875 0.606689453125 -0.400421142578125 0.38336181640625
0.410888671875 0.454132080078125 0.83233642578125 0.04608154296875
0.200714111328125 0.414398193359375 0.66534423828125 0.05133056640625
0.046356201171875 0.546356201171875 0.406829833984375 -0.00241088867187497
-0.21502685546875 0.47235107421875 0.44671630859375 -0.124664306640625
-0.473724365234375 0.431304931640625 0.503204345703125 -0.316375732421875
-0.57623291015625 0.52716064453125 0.6767578125 -0.40350341796875
-0.588623046875 0.4896240234375 0.72491455078125 -0.51397705078125
-0.702392578125 0.34405517578125 0.58453369140625 -0.45159912109375
-0.68408203125 0.54339599609375 0.231109619140625 -0.43267822265625
-0.61151123046875 0.6209716796875 -0.153564453125 -0.384063720703125
-0.46826171875 0.67352294921875 -0.445648193359375 -0.171478271484375
-0.0611572265625 0.667724609375 -0.369415283203125 0.14129638671875
0.10943603515625 0.6922607421875 -0.214202880859375 0.356292724609375
0.364349365234375 0.525604248046875 -0.07232666015625 0.39935302734375
0.454833984375 0.4840087890625 -0.20452880859375 0.56292724609375
0.207427978515625 0.27215576171875 0.9066162109375 0.16143798828125
0.09503173828125 0.227951049804688 0.6689453125 0.1663818359375
0.0128173828125 0.288604736328125 0.36767578125 0.06634521484375
-0.125839233398438 0.22393798828125 0.387054443359375 -0.08563232421875
-0.273239135742188 0.209503173828125 0.493621826171875 -0.323455810546875
-0.327911376953125 0.301727294921875 0.714111328125 -0.50762939453125
-0.3143310546875 0.278717041015625 0.820068359375 -0.6754150390625
-0.386627197265625 0.20989990234375 0.7132568359375 -0.6163330078125
-0.3883056640625 0.323974609375 0.33447265625 -0.65191650390625
-0.338226318359375 0.36444091796875 -0.09393310546875 -0.5833740234375
-0.258575439453125 0.378692626953125 -0.42962646484375 -0.282501220703125
-0.029510498046875 0.37066650390625 -0.356842041015625 0.137969970703125
0.070648193359375 0.3944091796875 -0.16864013671875 0.429901123046875
0.209014892578125 0.2872314453125 0.044097900390625 0.5069580078125
0.261871337890625 0.28875732421875 -0.0546875 0.6881103515625
0.0330314636230469 0.0366363525390625 -0.0858154296875 -0.66790771484375
-0.0332565307617187 -0.0120658874511719 -0.1121826171875 -0.5721435546875
-0.0212078094482422 -0.00756263732910157 0.121795654296875 -0.418060302734375
-0.0106334686279297 -0.0250663757324219 0.309539794921875 -0.150177001953125
-0.00897979736328125 -0.0401802062988281 0.33270263671875 0.279541015625
0.00830078125000001 -0.0730972290039062 0.11517333984375 0.59783935546875
0.005828857421875 -0.0532798767089844 -0.328857421875 0.731201171875
0.022003173828125 -0.0705108642578125 -0.67864990234375 0.62890625
0.0535926818847656 -0.0615425109863281 -0.81683349609375 0.68768310546875
0.0320930480957031 -0.0411376953125 -0.7103271484375 0.5745849609375
0.0325660705566406 -0.0115184783935547 -0.416839599609375 0.351959228515625
0.0155448913574219 -0.0406455993652344 -0.288818359375 0.0522766113281251
0.00192070007324219 -0.0240859985351563 -0.342803955078125 -0.14630126953125
-0.00264549255371094 -0.0292911529541016 -0.6048583984375 -0.17333984375
0.0138263702392578 -0.0135726928710938 -0.9306640625 -0.2564697265625
0.31536865234375 0.25335693359375 -0.0364990234374999 -0.65863037109375
0.178253173828125 0.231155395507813 -0.05340576171875 -0.59039306640625
0.116241455078125 0.35272216796875 0.14935302734375 -0.41864013671875
-0.0599365234375 0.341552734375 0.3475341796875 -0.17718505859375
-0.236358642578125 0.303436279296875 0.344268798828125 0.231201171875
-0.295684814453125 0.27410888671875 0.15814208984375 0.586669921875
-0.32720947265625 0.245697021484375 -0.259033203125 0.7069091796875
-0.348968505859375 0.111328125 -0.6058349609375 0.60162353515625
-0.275543212890625 0.17498779296875 -0.7593994140625 0.68182373046875
-0.252685546875 0.174545288085938 -0.68585205078125 0.57269287109375
-0.202392578125 0.188568115234375 -0.429168701171875 0.34490966796875
-0.081298828125 0.168670654296875 -0.301116943359375 0.052337646484375
-0.034271240234375 0.205673217773438 -0.334808349609375 -0.141021728515625
0.0814361572265625 0.194900512695313 -0.58477783203125 -0.18182373046875
0.187545776367187 0.208160400390625 -0.9219970703125 -0.24468994140625
0.539337158203125 0.44305419921875 0.10247802734375 -0.58941650390625
0.34619140625 0.438446044921875 0.0886230468750001 -0.5465087890625
0.22552490234375 0.66064453125 0.217041015625 -0.390380859375
-0.10565185546875 0.65655517578125 0.402130126953125 -0.210784912109375
-0.43536376953125 0.604736328125 0.377288818359375 0.121368408203125
-0.55938720703125 0.58026123046875 0.248565673828125 0.4644775390625
-0.60711669921875 0.50054931640625 -0.108154296875 0.5528564453125
-0.66888427734375 0.27044677734375 -0.436248779296875 0.478790283203125
-0.5743408203125 0.396240234375 -0.62774658203125 0.5941162109375
-0.521759033203125 0.401153564453125 -0.62554931640625 0.51904296875
-0.423797607421875 0.419403076171875 -0.4456787109375 0.321533203125
-0.15509033203125 0.406829833984375 -0.326904296875 0.069366455078125
-0.044403076171875 0.45330810546875 -0.347320556640625 -0.09698486328125
0.1810302734375 0.41302490234375 -0.55523681640625 -0.140869140625
0.348175048828125 0.411224365234375 -0.86431884765625 -0.15673828125
0.6630859375 0.56793212890625 0.297271728515625 -0.462249755859375
0.42999267578125 0.572265625 0.279815673828125 -0.442291259765625
0.26837158203125 0.85198974609375 0.303955078125 -0.326568603515625
-0.15142822265625 0.8511962890625 0.456756591796875 -0.2347412109375
-0.5760498046875 0.79376220703125 0.424346923828125 -0.028533935546875
-0.73358154296875 0.7860107421875 0.370941162109375 0.24664306640625
-0.7860107421875 0.67095947265625 0.1048583984375 0.30224609375
-0.88262939453125 0.38873291015625 -0.1895751953125 0.279998779296875
-0.79290771484375 0.577880859375 -0.42413330078125 0.419830322265625
-0.725830078125 0.6187744140625 -0.524566650390625 0.390289306640625
-0.58282470703125 0.6634521484375 -0.458465576171875 0.262176513671875
-0.17559814453125 0.65264892578125 -0.3536376953125 0.100189208984375
-0.00500488281249996 0.693603515625 -0.353912353515625 -0.00582885742187494
0.2994384765625 0.590087890625 -0.493804931640625 -0.04052734375
0.48480224609375 0.552398681640625 -0.7503662109375 -0.00219726562499994
0.6727294921875 0.60791015625 0.507232666015625 -0.29730224609375
0.41741943359375 0.60894775390625 0.464752197265625 -0.291015625
0.2305908203125 0.88433837890625 0.38116455078125 -0.229583740234375
-0.20220947265625 0.86553955078125 0.490325927734375 -0.22467041015625
-0.6324462890625 0.8101806640625 0.464324951171875 -0.173736572265625
-0.79510498046875 0.83624267578125 0.493194580078125 -0.00875854492187495
-0.83819580078125 0.72027587890625 0.3355712890625 0.00262451171875004
-0.96185302734375 0.44195556640625 0.0900268554687499 0.03192138671875
-0.89312744140625 0.6805419921875 -0.1868896484375 0.16168212890625
-0.8184814453125 0.76239013671875 -0.395721435546875 0.17041015625
-0.644287109375 0.8343505859375 -0.462310791015625 0.14703369140625
-0.14569091796875 0.82403564453125 -0.368408203125 0.129302978515625
0.0633544921875 0.84918212890625 -0.32843017578125 0.119537353515625
0.40020751953125 0.681884765625 -0.380035400390625 0.099456787109375
0.5660400390625 0.61590576171875 -0.58489990234375 0.1890869140625
0.57745361328125 0.5623779296875 0.68939208984375 -0.12261962890625
0.325286865234375 0.545135498046875 0.59661865234375 -0.119140625
0.14141845703125 0.7640380859375 0.41632080078125 -0.1124267578125
-0.2301025390625 0.7138671875 0.482421875 -0.1822509765625
-0.595703125 0.662109375 0.48809814453125 -0.2745361328125
-0.73291015625 0.72979736328125 0.5948486328125 -0.23846435546875
-0.7608642578125 0.65057373046875 0.546966552734375 -0.2850341796875
-0.8916015625 0.4295654296875 0.358062744140625 -0.225494384765625
-0.84771728515625 0.67144775390625 0.0417327880859374 -0.141708374023437
-0.76959228515625 0.7681884765625 -0.26385498046875 -0.107650756835938
-0.593505859375 0.84375 -0.458282470703125 -0.00860595703124994
-0.0945434570312499 0.83001708984375 -0.372039794921875 0.14520263671875
0.11566162109375 0.84930419921875 -0.270217895507813 0.247665405273438
0.43218994140625 0.657958984375 -0.225662231445312 0.253570556640625
0.56024169921875 0.58837890625 -0.38873291015625 0.38604736328125
0.41131591796875 0.440460205078125 0.8218994140625 0.03350830078125
0.204803466796875 0.405120849609375 0.658203125 0.0413818359375
0.0557250976562501 0.537994384765625 0.401275634765625 -0.00863647460937497
-0.205780029296875 0.469757080078125 0.437286376953125 -0.128997802734375
-0.461761474609375 0.4346923828125 0.490631103515625 -0.320465087890625
-0.561279296875 0.530670166015625 0.6629638671875 -0.4091796875
-0.57293701171875 0.49334716796875 0.70953369140625 -0.51971435546875
-0.68951416015625 0.35107421875 0.57269287109375 -0.45196533203125
-0.6666259765625 0.54681396484375 0.22186279296875 -0.42938232421875
-0.59246826171875 0.62518310546875 -0.158416748046875 -0.375518798828125
-0.45245361328125 0.673583984375 -0.44384765625 -0.16278076171875
-0.0536499023437499 0.66094970703125 -0.361572265625 0.144683837890625
0.1187744140625 0.68115234375 -0.205474853515625 0.353790283203125
0.36578369140625 0.513916015625 -0.06719970703125 0.39471435546875
0.457366943359375 0.469757080078125 -0.19342041015625 0.55975341796875
0.209335327148438 0.2645263671875 0.89703369140625 0.14459228515625
0.096893310546875 0.223403930664063 0.6636962890625 0.15380859375
0.017242431640625 0.2833251953125 0.362823486328125 0.059417724609375
-0.120941162109375 0.222366333007812 0.380126953125 -0.0904541015625
-0.267593383789063 0.212677001953125 0.482269287109375 -0.325958251953125
-0.318267822265625 0.303863525390625 0.6968994140625 -0.51300048828125
-0.304901123046875 0.281646728515625 0.79864501953125 -0.6790771484375
-0.3809814453125 0.212921142578125 0.6959228515625 -0.61834716796875
-0.37896728515625 0.32672119140625 0.321533203125 -0.64813232421875
-0.327789306640625 0.3638916015625 -0.1015625 -0.573974609375
-0.25 0.377899169921875 -0.4300537109375 -0.272430419921875
-0.024017333984375 0.36602783203125 -0.35003662109375 0.14093017578125
0.0758056640625 0.388580322265625 -0.159454345703125 0.425018310546875
0.209716796875 0.281707763671875 0.0502624511718751 0.49908447265625
0.263458251953125 0.28118896484375 -0.0452880859375001 0.6820068359375
0.0330581665039063 0.0343761444091797 -0.09295654296875 -0.65875244140625
-0.0332717895507812 -0.0114173889160156 -0.11822509765625 -0.56378173828125
-0.0209846496582031 -0.00724029541015625 0.115478515625 -0.414764404296875
-0.0117454528808594 -0.0244979858398438 0.303314208984375 -0.15118408203125
-0.0103378295898437 -0.0393943786621094 0.332000732421875 0.27203369140625
0.00695037841796875 -0.072998046875 0.1217041015625 0.5885009765625
0.00542068481445312 -0.0536041259765625 -0.31512451171875 0.72393798828125
0.0214157104492188 -0.0704574584960938 -0.66375732421875 0.6260986328125
0.0524711608886719 -0.0621070861816406 -0.7998046875 0.68731689453125
0.0310707092285156 -0.0410881042480469 -0.69366455078125 0.57513427734375
0.0325603485107422 -0.0111408233642578 -0.40625 0.353118896484375
0.014007568359375 -0.0404281616210938 -0.28656005859375 0.055145263671875
0.00124359130859375 -0.0233707427978516 -0.340545654296875 -0.140106201171875
-0.00238037109375 -0.0287322998046875 -0.5987548828125 -0.16400146484375
0.0145196914672852 -0.0143852233886719 -0.921875 -0.24072265625
0.315032958984375 0.244476318359375 -0.04510498046875 -0.6514892578125
0.178329467773438 0.225784301757813 -0.06158447265625 -0.58197021484375
0.11907958984375 0.3465576171875 0.141265869140625 -0.41619873046875
-0.055908203125 0.338623046875 0.340301513671875 -0.17919921875
-0.23040771484375 0.30328369140625 0.3414306640625 0.22430419921875
-0.28857421875 0.27337646484375 0.16375732421875 0.5775146484375
-0.3193359375 0.245819091796875 -0.24737548828125 0.69732666015625
-0.34344482421875 0.113250732421875 -0.5933837890625 0.59832763671875
-0.268524169921875 0.174560546875 -0.74322509765625 0.68157958984375
-0.24578857421875 0.175765991210938 -0.6690673828125 0.5733642578125
-0.196197509765625 0.189483642578125 -0.4180908203125 0.345550537109375
-0.0793609619140625 0.166824340820313 -0.296966552734375 0.055633544921875
-0.0321807861328125 0.203155517578125 -0.33270263671875 -0.135589599609375
0.08258056640625 0.191024780273438 -0.5780029296875 -0.17218017578125
0.188690185546875 0.20220947265625 -0.913818359375 -0.229736328125
0.537261962890625 0.427978515625 0.0942382812500001 -0.58392333984375
0.346435546875 0.428314208984375 0.07989501953125 -0.541717529296875
0.229736328125 0.648193359375 0.20904541015625 -0.387420654296875
-0.0986328125 0.6490478515625 0.39410400390625 -0.213348388671875
-0.42437744140625 0.60302734375 0.373748779296875 0.11456298828125
-0.5443115234375 0.57843017578125 0.25213623046875 0.454803466796875
-0.593994140625 0.50042724609375 -0.098175048828125 0.545166015625
-0.65643310546875 0.27471923828125 -0.4256591796875 0.476287841796875
-0.561309814453125 0.397369384765625 -0.611083984375 0.59234619140625
-0.509124755859375 0.401336669921875 -0.6092529296875 0.51910400390625
-0.411468505859375 0.418212890625 -0.435638427734375 0.322784423828125
-0.149871826171875 0.402740478515625 -0.322784423828125 0.072235107421875
-0.03924560546875 0.448089599609375 -0.34454345703125 -0.092987060546875
0.183349609375 0.403778076171875 -0.549560546875 -0.13299560546875
0.348724365234375 0.39862060546875 -0.85626220703125 -0.14453125
0.6614990234375 0.55084228515625 0.287841796875 -0.46038818359375
0.431793212890625 0.559783935546875 0.268280029296875 -0.4407958984375
0.2752685546875 0.83624267578125 0.29742431640625 -0.32696533203125
-0.14068603515625 0.84356689453125 0.447723388671875 -0.23638916015625
-0.56109619140625 0.79119873046875 0.4168701171875 -0.0323486328124999
-0.71533203125 0.78509521484375 0.370513916015625 0.23773193359375
-0.766357421875 0.67230224609375 0.107208251953125 0.295654296875
-0.8673095703125 0.39300537109375 -0.184402465820313 0.27728271484375
-0.77508544921875 0.57794189453125 -0.412322998046875 0.418426513671875
-0.7080078125 0.62054443359375 -0.5113525390625 0.390533447265625
-0.5665283203125 0.6617431640625 -0.44769287109375 0.26458740234375
-0.1668701171875 0.64483642578125 -0.34820556640625 0.102783203125
0.00366210937500006 0.68212890625 -0.349639892578125 -0.00170898437499996
0.30145263671875 0.57733154296875 -0.48828125 -0.0350952148437499
0.487152099609375 0.538848876953125 -0.7403564453125 0.00836181640624995
0.6722412109375 0.589599609375 0.4969482421875 -0.300628662109375
0.41839599609375 0.595458984375 0.45465087890625 -0.293212890625
0.24029541015625 0.86981201171875 0.37359619140625 -0.229705810546875
-0.1898193359375 0.85968017578125 0.480010986328125 -0.22607421875
-0.614501953125 0.80816650390625 0.455078125 -0.176605224609375
-0.77734375 0.8353271484375 0.48779296875 -0.0169067382812499
-0.81719970703125 0.72259521484375 0.331268310546875 -0.00231933593749996
-0.9453125 0.44873046875 0.0891189575195312 0.0304794311523438
-0.87274169921875 0.6785888671875 -0.182052612304688 0.161590576171875
-0.79742431640625 0.76226806640625 -0.388458251953125 0.17254638671875
-0.62493896484375 0.83197021484375 -0.45379638671875 0.1517333984375
-0.1346435546875 0.815185546875 -0.363677978515625 0.13153076171875
0.0731201171875001 0.83612060546875 -0.322509765625 0.120208740234375
0.40057373046875 0.66632080078125 -0.37481689453125 0.10150146484375
0.56622314453125 0.600341796875 -0.57470703125 0.19451904296875
0.5772705078125 0.54718017578125 0.67803955078125 -0.13006591796875
0.3258056640625 0.53363037109375 0.5870361328125 -0.12384033203125
0.14984130859375 0.75042724609375 0.410308837890625 -0.1165771484375
-0.218994140625 0.7078857421875 0.473358154296875 -0.185272216796875
-0.5819091796875 0.66253662109375 0.4759521484375 -0.275970458984375
-0.7156982421875 0.72955322265625 0.585693359375 -0.2447509765625
-0.7432861328125 0.6534423828125 0.537445068359375 -0.288543701171875
-0.87841796875 0.43524169921875 0.35040283203125 -0.2261962890625
-0.8294677734375 0.67083740234375 0.0402069091796875 -0.140419006347656
-0.74951171875 0.76788330078125 -0.261642456054688 -0.102859497070312
-0.57647705078125 0.84112548828125 -0.453338623046875 -0.00228881835937487
-0.08502197265625 0.82073974609375 -0.3662109375 0.1473388671875
0.12530517578125 0.83599853515625 -0.265167236328125 0.246490478515625
0.431884765625 0.64398193359375 -0.221572875976562 0.252273559570313
0.559814453125 0.57452392578125 -0.379608154296875 0.386016845703125
0.410614013671875 0.427490234375 0.81103515625 0.0216064453125
0.205596923828125 0.397491455078125 0.64752197265625 0.03265380859375
0.061279296875 0.529937744140625 0.394927978515625 -0.012542724609375
-0.197509765625 0.46514892578125 0.428558349609375 -0.133056640625
-0.4521484375 0.43499755859375 0.478485107421875 -0.32196044921875
-0.546539306640625 0.532470703125 0.65142822265625 -0.41314697265625
-0.558074951171875 0.493255615234375 0.6917724609375 -0.51947021484375
-0.6778564453125 0.35400390625 0.558349609375 -0.45086669921875
-0.65191650390625 0.5479736328125 0.214813232421875 -0.425140380859375
-0.57647705078125 0.62255859375 -0.1602783203125 -0.3681640625
-0.438232421875 0.67095947265625 -0.441192626953125 -0.15460205078125
-0.0445556640625 0.6527099609375 -0.355224609375 0.146087646484375
0.12591552734375 0.67138671875 -0.19879150390625 0.350921630859375
0.364532470703125 0.501678466796875 -0.0629882812499999 0.390228271484375
0.457366943359375 0.458465576171875 -0.186492919921875 0.553985595703125
0.209747314453125 0.258071899414063 0.88543701171875 0.1297607421875
0.0984039306640625 0.219024658203125 0.655517578125 0.14349365234375
0.020843505859375 0.2779541015625 0.357635498046875 0.053070068359375
-0.116851806640625 0.221038818359375 0.373077392578125 -0.09332275390625
-0.26171875 0.213546752929688 0.469268798828125 -0.328155517578125
-0.3095703125 0.30426025390625 0.680908203125 -0.513427734375
-0.29730224609375 0.2808837890625 0.7796630859375 -0.677001953125
-0.373931884765625 0.215362548828125 0.679443359375 -0.61602783203125
-0.369903564453125 0.325103759765625 0.31011962890625 -0.6414794921875
-0.318603515625 0.36309814453125 -0.1068115234375 -0.56500244140625
-0.242156982421875 0.376068115234375 -0.427947998046875 -0.2633056640625
-0.020294189453125 0.361236572265625 -0.34356689453125 0.142547607421875
0.080169677734375 0.38128662109375 -0.15325927734375 0.41986083984375
0.2076416015625 0.27471923828125 0.054351806640625 0.49078369140625
0.2635498046875 0.27386474609375 -0.037109375 0.67333984375
0.0332775115966797 0.0319118499755859 -0.0980224609375 -0.64892578125
-0.0327987670898438 -0.0105857849121094 -0.120391845703125 -0.554412841796875
-0.0212059020996094 -0.00732612609863282 0.107574462890625 -0.411224365234375
-0.0122470855712891 -0.0237674713134766 0.29754638671875 -0.151336669921875
-0.0112800598144531 -0.0390853881835938 0.32940673828125 0.26507568359375
0.0054779052734375 -0.0726089477539063 0.12786865234375 0.5777587890625
0.00463104248046875 -0.0537910461425781 -0.30230712890625 0.7154541015625
0.0201263427734375 -0.0709686279296875 -0.649658203125 0.62054443359375
0.0514068603515625 -0.0624809265136719 -0.77886962890625 0.68548583984375
0.0308380126953125 -0.0407524108886719 -0.67529296875 0.57257080078125
0.0328578948974609 -0.0107822418212891 -0.3973388671875 0.350494384765625
0.0127944946289062 -0.0395889282226563 -0.2833251953125 0.0574951171875001
0.000490188598632813 -0.0224246978759766 -0.33770751953125 -0.134613037109375
-0.00192642211914062 -0.0282402038574219 -0.59112548828125 -0.1541748046875
0.0151119232177734 -0.0156984329223633 -0.91204833984375 -0.22686767578125
0.313873291015625 0.236053466796875 -0.0490112304687499 -0.64337158203125
0.1778564453125 0.221099853515625 -0.06634521484375 -0.57421875
0.121856689453125 0.340362548828125 0.135955810546875 -0.41217041015625
-0.052642822265625 0.334625244140625 0.3323974609375 -0.178497314453125
-0.22515869140625 0.3023681640625 0.33892822265625 0.218170166015625
-0.28265380859375 0.2723388671875 0.17034912109375 0.56744384765625
-0.31231689453125 0.24530029296875 -0.2364501953125 0.6883544921875
-0.33770751953125 0.114349365234375 -0.5789794921875 0.5950927734375
-0.262344360351563 0.173858642578125 -0.72296142578125 0.67926025390625
-0.23944091796875 0.175704956054687 -0.65106201171875 0.571044921875
-0.190994262695312 0.18878173828125 -0.407684326171875 0.343902587890625
-0.0774993896484375 0.164794921875 -0.293670654296875 0.0579223632812501
-0.0299224853515625 0.200439453125 -0.330108642578125 -0.130615234375
0.0834503173828125 0.186370849609375 -0.5721435546875 -0.1636962890625
0.189300537109375 0.19622802734375 -0.90472412109375 -0.217041015625
0.534149169921875 0.4141845703125 0.0856933593750001 -0.57843017578125
0.34466552734375 0.4185791015625 0.0724792480468751 -0.5350341796875
0.2354736328125 0.6351318359375 0.20281982421875 -0.384857177734375
-0.092041015625 0.64263916015625 0.3843994140625 -0.21331787109375
-0.41259765625 0.600341796875 0.36822509765625 0.109832763671875
-0.53076171875 0.57666015625 0.255889892578125 0.44427490234375
-0.580810546875 0.49945068359375 -0.092437744140625 0.53680419921875
-0.64617919921875 0.276123046875 -0.4161376953125 0.473114013671875
-0.547698974609375 0.394866943359375 -0.5960693359375 0.5906982421875
-0.4957275390625 0.401031494140625 -0.59521484375 0.517578125
-0.4014892578125 0.41748046875 -0.425384521484375 0.323638916015625
-0.14447021484375 0.398956298828125 -0.31915283203125 0.074951171875
-0.034332275390625 0.440673828125 -0.3409423828125 -0.0880432128906249
0.18292236328125 0.394744873046875 -0.54144287109375 -0.125
0.350341796875 0.388641357421875 -0.8455810546875 -0.13287353515625
0.65777587890625 0.53326416015625 0.278564453125 -0.457427978515625
0.431396484375 0.5472412109375 0.260498046875 -0.438385009765625
0.28265380859375 0.82257080078125 0.289031982421875 -0.324798583984375
-0.1317138671875 0.832275390625 0.43719482421875 -0.238372802734375
-0.5462646484375 0.78955078125 0.40948486328125 -0.03619384765625
-0.6964111328125 0.78253173828125 0.37103271484375 0.228973388671875
-0.7493896484375 0.66851806640625 0.1087646484375 0.289459228515625
-0.850830078125 0.39727783203125 -0.180145263671875 0.274932861328125
-0.7572021484375 0.57659912109375 -0.40118408203125 0.4163818359375
-0.68994140625 0.61968994140625 -0.501251220703125 0.390716552734375
-0.5523681640625 0.6585693359375 -0.438720703125 0.266143798828125
-0.15924072265625 0.63812255859375 -0.34283447265625 0.105621337890625
0.00933837890624999 0.67095947265625 -0.346343994140625 0.000213623046875013
0.300537109375 0.5643310546875 -0.4827880859375 -0.03033447265625
0.486419677734375 0.524871826171875 -0.73114013671875 0.0170898437499999
0.6685791015625 0.57177734375 0.486602783203125 -0.3017578125
0.4169921875 0.5819091796875 0.443939208984375 -0.293609619140625
0.24591064453125 0.85455322265625 0.367340087890625 -0.2305908203125
-0.17987060546875 0.8497314453125 0.470184326171875 -0.228057861328125
-0.6004638671875 0.80621337890625 0.4451904296875 -0.178985595703125
-0.75445556640625 0.8302001953125 0.48321533203125 -0.0230102539062499
-0.79827880859375 0.720947265625 0.326141357421875 -0.00625610351562496
-0.92822265625 0.4527587890625 0.0875396728515625 0.0289993286132813
-0.85302734375 0.6790771484375 -0.17681884765625 0.160858154296875
-0.7763671875 0.76068115234375 -0.380767822265625 0.1732177734375
-0.60882568359375 0.8287353515625 -0.446868896484375 0.154449462890625
-0.12542724609375 0.8037109375 -0.357666015625 0.134246826171875
0.0794677734375001 0.82257080078125 -0.316986083984375 0.121063232421875
0.40155029296875 0.65185546875 -0.369384765625 0.104034423828125
0.56610107421875 0.58551025390625 -0.5665283203125 0.197265625
0.57501220703125 0.53131103515625 0.66729736328125 -0.13507080078125
0.3260498046875 0.522064208984375 0.5765380859375 -0.12921142578125
0.1551513671875 0.73675537109375 0.40228271484375 -0.1185302734375
-0.210205078125 0.70037841796875 0.463348388671875 -0.1885986328125
-0.568359375 0.66119384765625 0.465057373046875 -0.276947021484375
-0.69549560546875 0.72906494140625 0.5767822265625 -0.24920654296875
-0.72607421875 0.651123046875 0.5264892578125 -0.28912353515625
-0.86151123046875 0.4368896484375 0.343475341796875 -0.22601318359375
-0.810791015625 0.67132568359375 0.0391769409179687 -0.138328552246094
-0.7294921875 0.7664794921875 -0.259292602539063 -0.0986785888671875
-0.56005859375 0.8369140625 -0.44671630859375 0.00268554687500003
-0.0765380859375 0.80975341796875 -0.35955810546875 0.148712158203125
0.1317138671875 0.82177734375 -0.257843017578125 0.24432373046875
0.43109130859375 0.62640380859375 -0.216537475585938 0.25030517578125
0.55938720703125 0.55938720703125 -0.370635986328125 0.385406494140625
0.40899658203125 0.41748046875 0.79876708984375 0.01409912109375
0.206268310546875 0.389312744140625 0.63800048828125 0.02618408203125
0.068023681640625 0.520050048828125 0.389556884765625 -0.017120361328125
-0.190277099609375 0.461151123046875 0.420562744140625 -0.135955810546875
-0.44061279296875 0.435516357421875 0.466156005859375 -0.3209228515625
-0.53399658203125 0.530517578125 0.63739013671875 -0.41290283203125
-0.5443115234375 0.492523193359375 0.67724609375 -0.51995849609375
-0.66558837890625 0.35675048828125 0.547515869140625 -0.449127197265625
-0.63824462890625 0.545654296875 0.207672119140625 -0.421966552734375
-0.560791015625 0.6202392578125 -0.163421630859375 -0.3612060546875
-0.42730712890625 0.66656494140625 -0.437164306640625 -0.146759033203125
-0.03802490234375 0.6439208984375 -0.349090576171875 0.147216796875
0.130615234375 0.65997314453125 -0.193634033203125 0.34576416015625
0.363525390625 0.490203857421875 -0.0596923828125 0.38507080078125
0.4561767578125 0.446929931640625 -0.1787109375 0.54864501953125
0.20953369140625 0.2515869140625 0.8731689453125 0.11895751953125
0.0987701416015625 0.21514892578125 0.64764404296875 0.13470458984375
0.02459716796875 0.273773193359375 0.35284423828125 0.04931640625
-0.1131591796875 0.218490600585938 0.365447998046875 -0.095367431640625
-0.25640869140625 0.215072631835937 0.4581298828125 -0.328521728515625
-0.301483154296875 0.303741455078125 0.66729736328125 -0.51385498046875
-0.289093017578125 0.279998779296875 0.76202392578125 -0.67340087890625
-0.367889404296875 0.21661376953125 0.6651611328125 -0.611083984375
-0.362579345703125 0.324615478515625 0.29876708984375 -0.6357421875
-0.309906005859375 0.3626708984375 -0.1121826171875 -0.55584716796875
-0.234893798828125 0.374053955078125 -0.42572021484375 -0.255859375
-0.01641845703125 0.3563232421875 -0.338043212890625 0.144287109375
0.0831298828125 0.375457763671875 -0.14556884765625 0.414459228515625
0.207366943359375 0.268280029296875 0.05596923828125 0.483734130859375
0.2635498046875 0.266738891601563 -0.03143310546875 0.6651611328125
0.0332832336425781 0.0295429229736328 -0.10223388671875 -0.640380859375
-0.0324916839599609 -0.0100250244140625 -0.12445068359375 -0.546142578125
-0.0210552215576172 -0.00727462768554687 0.10321044921875 -0.4063720703125
-0.0125827789306641 -0.0236091613769531 0.29193115234375 -0.15142822265625
-0.0121421813964844 -0.0386276245117188 0.3267822265625 0.2589111328125
0.00469207763671876 -0.0725631713867188 0.13201904296875 0.5692138671875
0.004058837890625 -0.0542793273925781 -0.29376220703125 0.7061767578125
0.0192794799804688 -0.071197509765625 -0.63690185546875 0.6151123046875
0.0507621765136719 -0.0623512268066406 -0.76300048828125 0.68072509765625
0.0301475524902344 -0.040679931640625 -0.66015625 0.5687255859375
0.0331954956054688 -0.0107555389404297 -0.387115478515625 0.348297119140625
0.0115623474121094 -0.0392723083496094 -0.279495239257812 0.059051513671875
-0.000160217285156249 -0.0218563079833984 -0.334625244140625 -0.130157470703125
-0.00177383422851563 -0.0278034210205078 -0.58154296875 -0.14910888671875
0.0158014297485352 -0.0166225433349609 -0.90167236328125 -0.2178955078125
0.311004638671875 0.228912353515625 -0.0552978515624999 -0.633544921875
0.176498413085938 0.216751098632813 -0.0701904296875 -0.565185546875
0.1231689453125 0.334228515625 0.130096435546875 -0.40771484375
-0.049560546875 0.330963134765625 0.325653076171875 -0.1787109375
-0.220428466796875 0.30084228515625 0.33514404296875 0.213958740234375
-0.276397705078125 0.270401000976562 0.17413330078125 0.556549072265625
-0.306488037109375 0.2437744140625 -0.2276611328125 0.67791748046875
-0.332611083984375 0.114471435546875 -0.56939697265625 0.5888671875
-0.25640869140625 0.172897338867187 -0.70684814453125 0.6746826171875
-0.233810424804688 0.175018310546875 -0.63720703125 0.5673828125
-0.185806274414062 0.188232421875 -0.399871826171875 0.34375
-0.075469970703125 0.1632080078125 -0.29083251953125 0.059814453125
-0.0286407470703125 0.197280883789063 -0.32696533203125 -0.126129150390625
0.08355712890625 0.182510375976562 -0.56365966796875 -0.157958984375
0.189178466796875 0.190628051757813 -0.89276123046875 -0.2056884765625
0.5299072265625 0.4017333984375 0.08087158203125 -0.57049560546875
0.344390869140625 0.41015625 0.0664978027343751 -0.5281982421875
0.2373046875 0.62371826171875 0.19781494140625 -0.381988525390625
-0.08453369140625 0.6353759765625 0.37628173828125 -0.21319580078125
-0.40460205078125 0.59735107421875 0.3636474609375 0.105743408203125
-0.5186767578125 0.57537841796875 0.258392333984375 0.435150146484375
-0.56817626953125 0.49761962890625 -0.0859069824218751 0.52880859375
-0.63458251953125 0.2762451171875 -0.4083251953125 0.4688720703125
-0.5355224609375 0.393096923828125 -0.58197021484375 0.58599853515625
-0.484100341796875 0.39959716796875 -0.58282470703125 0.51617431640625
-0.39202880859375 0.416778564453125 -0.416595458984375 0.322265625
-0.140960693359375 0.393310546875 -0.314910888671875 0.077362060546875
-0.0299072265625 0.434814453125 -0.33795166015625 -0.0843200683593749
0.183441162109375 0.386749267578125 -0.5355224609375 -0.119476318359375
0.3505859375 0.37841796875 -0.83575439453125 -0.1231689453125
0.652099609375 0.51953125 0.27154541015625 -0.453887939453125
0.427459716796875 0.535003662109375 0.252532958984375 -0.43450927734375
0.28546142578125 0.80731201171875 0.2833251953125 -0.3233642578125
-0.12225341796875 0.822998046875 0.428924560546875 -0.23828125
-0.533203125 0.78387451171875 0.4031982421875 -0.037445068359375
-0.67987060546875 0.7796630859375 0.369049072265625 0.22314453125
-0.7332763671875 0.66571044921875 0.109619140625 0.28289794921875
-0.8387451171875 0.3974609375 -0.175933837890625 0.272048950195313
-0.7415771484375 0.5732421875 -0.39208984375 0.41412353515625
-0.67437744140625 0.61669921875 -0.490692138671875 0.389617919921875
-0.53778076171875 0.65447998046875 -0.431396484375 0.2664794921875
-0.154052734375 0.63031005859375 -0.338104248046875 0.107696533203125
0.01361083984375 0.6614990234375 -0.3409423828125 0.00201416015625005
0.3016357421875 0.551513671875 -0.47491455078125 -0.0268859863281249
0.484283447265625 0.5128173828125 -0.7208251953125 0.0221557617187502
0.6639404296875 0.55859375 0.476593017578125 -0.30322265625
0.41461181640625 0.57061767578125 0.43414306640625 -0.295135498046875
0.2509765625 0.84014892578125 0.360931396484375 -0.2293701171875
-0.17083740234375 0.8392333984375 0.460540771484375 -0.227813720703125
-0.5865478515625 0.80291748046875 0.43560791015625 -0.17779541015625
-0.73773193359375 0.8265380859375 0.478271484375 -0.0269165039062499
-0.78076171875 0.71575927734375 0.321929931640625 -0.00988769531249995
-0.9129638671875 0.4541015625 0.0860671997070312 0.0279617309570313
-0.8341064453125 0.67486572265625 -0.172210693359375 0.160049438476563
-0.758056640625 0.756591796875 -0.374053955078125 0.17449951171875
-0.59356689453125 0.822998046875 -0.43939208984375 0.156097412109375
-0.11883544921875 0.794189453125 -0.352020263671875 0.1346435546875
0.0859375 0.80987548828125 -0.31231689453125 0.120819091796875
0.3997802734375 0.6383056640625 -0.3638916015625 0.103912353515625
0.56353759765625 0.57110595703125 -0.555633544921875 0.1993408203125
0.56976318359375 0.51763916015625 0.6563720703125 -0.13958740234375
0.324554443359375 0.5123291015625 0.5662841796875 -0.13232421875
0.15997314453125 0.72369384765625 0.39703369140625 -0.11962890625
-0.20172119140625 0.692138671875 0.454803466796875 -0.18890380859375
-0.55438232421875 0.656982421875 0.455474853515625 -0.276275634765625
-0.67840576171875 0.7264404296875 0.5693359375 -0.2501220703125
-0.71044921875 0.6488037109375 0.516357421875 -0.289947509765625
-0.8492431640625 0.438720703125 0.33685302734375 -0.224761962890625
-0.79278564453125 0.66595458984375 0.0378494262695312 -0.136322021484375
-0.71307373046875 0.76123046875 -0.256805419921875 -0.0951385498046874
-0.5455322265625 0.8306884765625 -0.440521240234375 0.00790405273437496
-0.0702514648437501 0.79901123046875 -0.352752685546875 0.14947509765625
0.1365966796875 0.808349609375 -0.253219604492188 0.241546630859375
0.42742919921875 0.61468505859375 -0.213027954101562 0.247634887695313
0.557098388671875 0.548004150390625 -0.36395263671875 0.3812255859375
0.40777587890625 0.407684326171875 0.786865234375 0.00585937500000003
0.205718994140625 0.380615234375 0.6290283203125 0.0196533203125
0.070648193359375 0.511383056640625 0.38323974609375 -0.02008056640625
-0.1842041015625 0.454742431640625 0.41229248046875 -0.136688232421875
-0.43328857421875 0.43505859375 0.457061767578125 -0.322021484375
-0.519287109375 0.526702880859375 0.6258544921875 -0.413818359375
-0.53240966796875 0.489501953125 0.6630859375 -0.51629638671875
-0.6536865234375 0.35693359375 0.5360107421875 -0.445770263671875
-0.624267578125 0.5433349609375 0.201995849609375 -0.417938232421875
-0.5465087890625 0.617919921875 -0.165771484375 -0.3551025390625
-0.41650390625 0.66259765625 -0.433197021484375 -0.14093017578125
-0.033203125 0.6361083984375 -0.34344482421875 0.14837646484375
0.13525390625 0.64923095703125 -0.18701171875 0.34197998046875
0.3609619140625 0.47955322265625 -0.0570068359375 0.37896728515625
0.4534912109375 0.437255859375 -0.172637939453125 0.541412353515625
0.208404541015625 0.24505615234375 0.862548828125 0.11083984375
0.098907470703125 0.210662841796875 0.6378173828125 0.1270751953125
0.0269622802734375 0.268341064453125 0.3470458984375 0.045562744140625
-0.109893798828125 0.216140747070313 0.357940673828125 -0.09759521484375
-0.251235961914063 0.216079711914062 0.447509765625 -0.327484130859375
-0.29302978515625 0.302581787109375 0.65301513671875 -0.51239013671875
-0.282257080078125 0.2786865234375 0.74639892578125 -0.671875
-0.36187744140625 0.2166748046875 0.6512451171875 -0.607666015625
-0.354248046875 0.322967529296875 0.29107666015625 -0.6279296875
-0.3018798828125 0.3587646484375 -0.11663818359375 -0.54681396484375
-0.229522705078125 0.37176513671875 -0.421630859375 -0.249053955078125
-0.01422119140625 0.351318359375 -0.331146240234375 0.1434326171875
0.08624267578125 0.368896484375 -0.140472412109375 0.4097900390625
0.20501708984375 0.262298583984375 0.058135986328125 0.476593017578125
0.26214599609375 0.260650634765625 -0.0246582031250001 0.65496826171875
0.0327033996582031 0.0279178619384766 -0.10546875 -0.63140869140625
-0.0321483612060547 -0.00960540771484375 -0.125091552734375 -0.539337158203125
-0.0209770202636719 -0.00727462768554687 0.099151611328125 -0.40185546875
-0.0129432678222656 -0.0230846405029297 0.286590576171875 -0.151123046875
-0.0126800537109375 -0.0379562377929688 0.3228759765625 0.254608154296875
0.00391387939453125 -0.0722503662109375 0.134918212890625 0.558349609375
0.00367736816406249 -0.0544319152832031 -0.28497314453125 0.69537353515625
0.0184097290039062 -0.0714874267578125 -0.62628173828125 0.60693359375
0.0497970581054688 -0.0629997253417969 -0.74725341796875 0.6751708984375
0.0302276611328125 -0.0404167175292969 -0.646240234375 0.565185546875
0.0335502624511719 -0.0105342864990234 -0.38006591796875 0.346221923828125
0.0105857849121094 -0.0383682250976563 -0.276458740234375 0.0594329833984375
-0.000730514526367188 -0.0213184356689453 -0.331817626953125 -0.126617431640625
-0.00120925903320312 -0.0272865295410156 -0.5748291015625 -0.14178466796875
0.0167055130004883 -0.0174274444580078 -0.89019775390625 -0.20806884765625
0.308074951171875 0.221832275390625 -0.0576782226562499 -0.626708984375
0.175979614257813 0.212966918945313 -0.073516845703125 -0.558685302734375
0.123809814453125 0.328369140625 0.126800537109375 -0.4036865234375
-0.047027587890625 0.326812744140625 0.319580078125 -0.1778564453125
-0.216949462890625 0.2989501953125 0.331146240234375 0.209075927734375
-0.271087646484375 0.268722534179688 0.1766357421875 0.54705810546875
-0.300018310546875 0.241851806640625 -0.2215576171875 0.66973876953125
-0.327606201171875 0.113677978515625 -0.55963134765625 0.58209228515625
-0.251022338867187 0.170745849609375 -0.6939697265625 0.66900634765625
-0.228347778320313 0.173629760742187 -0.624267578125 0.5623779296875
-0.181243896484375 0.187179565429687 -0.391510009765625 0.340850830078125
-0.0746612548828125 0.16131591796875 -0.28741455078125 0.061248779296875
-0.02703857421875 0.194564819335938 -0.324462890625 -0.12225341796875
0.083892822265625 0.178787231445313 -0.55615234375 -0.15240478515625
0.188796997070313 0.185256958007812 -0.883056640625 -0.19659423828125
0.524658203125 0.391937255859375 0.07574462890625 -0.5643310546875
0.340545654296875 0.402435302734375 0.061004638671875 -0.52154541015625
0.2391357421875 0.61395263671875 0.19354248046875 -0.37774658203125
-0.080078125 0.62713623046875 0.369873046875 -0.211700439453125
-0.39520263671875 0.593017578125 0.358612060546875 0.103973388671875
-0.50775146484375 0.56951904296875 0.25946044921875 0.425323486328125
-0.55712890625 0.4932861328125 -0.08233642578125 0.5203857421875
-0.62548828125 0.277587890625 -0.40008544921875 0.46307373046875
-0.52618408203125 0.389801025390625 -0.56982421875 0.5811767578125
-0.47332763671875 0.3973388671875 -0.5709228515625 0.51019287109375
-0.383697509765625 0.412384033203125 -0.409576416015625 0.320159912109375
-0.138092041015625 0.387939453125 -0.311187744140625 0.0784912109375001
-0.027252197265625 0.428070068359375 -0.3341064453125 -0.08135986328125
0.182403564453125 0.379608154296875 -0.529571533203125 -0.11572265625
0.347137451171875 0.37091064453125 -0.824462890625 -0.11614990234375
0.64715576171875 0.50640869140625 0.263641357421875 -0.4512939453125
0.4229736328125 0.52581787109375 0.24481201171875 -0.43011474609375
0.28656005859375 0.79345703125 0.277618408203125 -0.320220947265625
-0.1180419921875 0.813720703125 0.420562744140625 -0.235321044921875
-0.5220947265625 0.77996826171875 0.397796630859375 -0.037567138671875
-0.6654052734375 0.7734375 0.36822509765625 0.21588134765625
-0.72015380859375 0.66156005859375 0.109588623046875 0.276687622070313
-0.8262939453125 0.39599609375 -0.172317504882813 0.268722534179688
-0.72747802734375 0.5704345703125 -0.38409423828125 0.4107666015625
-0.65966796875 0.612060546875 -0.481781005859375 0.386993408203125
-0.5274658203125 0.649169921875 -0.42413330078125 0.26641845703125
-0.1490478515625 0.6220703125 -0.33343505859375 0.1083984375
0.01708984375 0.65142822265625 -0.33636474609375 0.00372314453125001
0.298187255859375 0.5419921875 -0.46893310546875 -0.0247802734375
0.4815673828125 0.501617431640625 -0.71014404296875 0.0262451171875002
0.656982421875 0.54400634765625 0.467041015625 -0.301666259765625
0.41168212890625 0.55987548828125 0.426239013671875 -0.293914794921875
0.2528076171875 0.82501220703125 0.3551025390625 -0.22857666015625
-0.16412353515625 0.83056640625 0.451995849609375 -0.227508544921875
-0.57537841796875 0.79730224609375 0.428314208984375 -0.17779541015625
-0.72265625 0.8221435546875 0.47381591796875 -0.0296936035156249
-0.7657470703125 0.71221923828125 0.316986083984375 -0.0126953125
-0.9005126953125 0.4522705078125 0.0845489501953125 0.027099609375
-0.8179931640625 0.67156982421875 -0.167617797851563 0.158721923828125
-0.74114990234375 0.7515869140625 -0.367584228515625 0.174835205078125
-0.58062744140625 0.81549072265625 -0.43353271484375 0.157989501953125
-0.11553955078125 0.7835693359375 -0.346405029296875 0.135650634765625
0.0894165039062501 0.79766845703125 -0.30755615234375 0.119842529296875
0.3946533203125 0.626220703125 -0.3602294921875 0.10400390625
0.559326171875 0.560272216796875 -0.54779052734375 0.200714111328125
0.56298828125 0.50592041015625 0.64605712890625 -0.1419677734375
0.322021484375 0.502593994140625 0.55615234375 -0.134552001953125
0.16290283203125 0.712158203125 0.39111328125 -0.1195068359375
-0.1971435546875 0.6837158203125 0.446533203125 -0.188690185546875
-0.545166015625 0.6552734375 0.44580078125 -0.27490234375
-0.66497802734375 0.72039794921875 0.561431884765625 -0.2510986328125
-0.695556640625 0.644775390625 0.507598876953125 -0.28985595703125
-0.835693359375 0.438720703125 0.331817626953125 -0.222991943359375
-0.78033447265625 0.6624755859375 0.0379791259765625 -0.134635925292969
-0.6978759765625 0.75592041015625 -0.254302978515625 -0.09173583984375
-0.53338623046875 0.82586669921875 -0.435211181640625 0.011199951171875
-0.0655517578125 0.78826904296875 -0.346343994140625 0.150390625
0.13824462890625 0.79705810546875 -0.2484130859375 0.238296508789063
0.423828125 0.6026611328125 -0.210281372070313 0.245086669921875
0.5538330078125 0.537017822265625 -0.35693359375 0.380096435546875
0.40386962890625 0.39862060546875 0.77606201171875 0.00103759765625002
0.204376220703125 0.374267578125 0.62017822265625 0.01641845703125
0.07330322265625 0.50311279296875 0.377166748046875 -0.021240234375
-0.178955078125 0.450714111328125 0.4051513671875 -0.13616943359375
-0.4246826171875 0.431854248046875 0.447723388671875 -0.31842041015625
-0.507598876953125 0.524200439453125 0.615966796875 -0.4129638671875
-0.52239990234375 0.486907958984375 0.65277099609375 -0.51318359375
-0.64434814453125 0.3558349609375 0.527801513671875 -0.44281005859375
-0.61260986328125 0.53875732421875 0.19854736328125 -0.41168212890625
-0.53594970703125 0.61175537109375 -0.164520263671875 -0.34783935546875
-0.40631103515625 0.6566162109375 -0.42852783203125 -0.136199951171875
-0.029052734375 0.6275634765625 -0.336761474609375 0.1475830078125
0.1376953125 0.638671875 -0.183563232421875 0.33782958984375
0.35675048828125 0.469818115234375 -0.055267333984375 0.373565673828125
0.451324462890625 0.427886962890625 -0.1676025390625 0.536895751953125
0.207061767578125 0.24017333984375 0.85009765625 0.10418701171875
0.09808349609375 0.20684814453125 0.63043212890625 0.1219482421875
0.02880859375 0.263290405273438 0.34173583984375 0.04339599609375
-0.107223510742188 0.2132568359375 0.35174560546875 -0.09710693359375
-0.246978759765625 0.215728759765625 0.437286376953125 -0.324981689453125
-0.28631591796875 0.301666259765625 0.6416015625 -0.50970458984375
-0.27618408203125 0.277069091796875 0.730712890625 -0.66534423828125
-0.356048583984375 0.217193603515625 0.63970947265625 -0.5999755859375
-0.3485107421875 0.320281982421875 0.283203125 -0.6192626953125
-0.294586181640625 0.355865478515625 -0.119140625 -0.538299560546875
-0.224395751953125 0.367919921875 -0.41888427734375 -0.24273681640625
-0.01202392578125 0.347137451171875 -0.32568359375 0.14337158203125
0.086944580078125 0.363037109375 -0.135986328125 0.404510498046875
0.202178955078125 0.2574462890625 0.058837890625 0.46868896484375
0.26116943359375 0.2552490234375 -0.0222167968749999 0.646484375
0.0322246551513672 0.0260639190673828 -0.10491943359375 -0.6231689453125
-0.0320205688476562 -0.00910758972167969 -0.125152587890625 -0.532745361328125
-0.0208759307861328 -0.00715446472167968 0.0967102050781249 -0.396759033203125
-0.0136280059814453 -0.0223770141601563 0.2823486328125 -0.1492919921875
-0.0133819580078125 -0.0373382568359375 0.3201904296875 0.249664306640625
0.0029754638671875 -0.0718002319335937 0.13580322265625 0.55047607421875
0.00347900390625 -0.0544624328613281 -0.27838134765625 0.6865234375
0.0178604125976563 -0.0711746215820313 -0.6197509765625 0.60205078125
0.0494956970214844 -0.0629234313964844 -0.73590087890625 0.66973876953125
0.0298919677734375 -0.0403785705566406 -0.63525390625 0.5596923828125
0.0342159271240234 -0.0105133056640625 -0.373931884765625 0.341705322265625
0.0096893310546875 -0.037445068359375 -0.27374267578125 0.05999755859375
-0.000720977783203125 -0.0203914642333984 -0.328338623046875 -0.123626708984375
-0.000921249389648439 -0.0272655487060547 -0.56707763671875 -0.1385498046875
0.0170135498046875 -0.0189266204833984 -0.88018798828125 -0.2005615234375
0.304779052734375 0.2158203125 -0.06036376953125 -0.61883544921875
0.173919677734375 0.209320068359375 -0.0758056640625 -0.551300048828125
0.12371826171875 0.323333740234375 0.12445068359375 -0.398468017578125
-0.04547119140625 0.32379150390625 0.31451416015625 -0.175872802734375
-0.213592529296875 0.29693603515625 0.3280029296875 0.205596923828125
-0.2659912109375 0.266616821289063 0.17816162109375 0.53802490234375
-0.294921875 0.239349365234375 -0.2156982421875 0.65985107421875
-0.32330322265625 0.11322021484375 -0.55206298828125 0.57373046875
-0.24676513671875 0.1689453125 -0.68121337890625 0.66046142578125
-0.223419189453125 0.172286987304688 -0.6129150390625 0.55792236328125
-0.177581787109375 0.185577392578125 -0.385345458984375 0.33770751953125
-0.074249267578125 0.159439086914063 -0.284393310546875 0.062103271484375
-0.0263214111328125 0.192108154296875 -0.3211669921875 -0.11981201171875
0.083251953125 0.175735473632813 -0.548919677734375 -0.149627685546875
0.187744140625 0.18096923828125 -0.87237548828125 -0.1905517578125
0.52008056640625 0.38336181640625 0.07122802734375 -0.559234619140625
0.3369140625 0.395660400390625 0.0584716796875 -0.516448974609375
0.2393798828125 0.60455322265625 0.18927001953125 -0.37298583984375
-0.07818603515625 0.62091064453125 0.362640380859375 -0.210174560546875
-0.38946533203125 0.5887451171875 0.353485107421875 0.102447509765625
-0.4993896484375 0.56494140625 0.26025390625 0.418731689453125
-0.547698974609375 0.48992919921875 -0.0791015625 0.512542724609375
-0.61663818359375 0.27490234375 -0.395294189453125 0.45770263671875
-0.51556396484375 0.38580322265625 -0.55987548828125 0.5733642578125
-0.46435546875 0.39306640625 -0.5599365234375 0.50518798828125
-0.376556396484375 0.408660888671875 -0.40338134765625 0.318389892578125
-0.135345458984375 0.384063720703125 -0.30755615234375 0.0798950195312501
-0.0264892578125 0.421783447265625 -0.33056640625 -0.0797119140624999
0.18096923828125 0.3726806640625 -0.522613525390625 -0.112884521484375
0.344573974609375 0.363189697265625 -0.81512451171875 -0.11279296875
0.63946533203125 0.4969482421875 0.257904052734375 -0.445556640625
0.419952392578125 0.516998291015625 0.239593505859375 -0.424896240234375
0.28839111328125 0.78179931640625 0.27423095703125 -0.317352294921875
-0.11322021484375 0.8045654296875 0.413787841796875 -0.233856201171875
-0.5120849609375 0.7734375 0.3902587890625 -0.0386962890625
-0.65325927734375 0.765869140625 0.36578369140625 0.2095947265625
-0.70703125 0.656005859375 0.109100341796875 0.272079467773438
-0.81500244140625 0.39544677734375 -0.1710205078125 0.265228271484375
-0.71417236328125 0.5635986328125 -0.376495361328125 0.405853271484375
-0.6483154296875 0.60577392578125 -0.472412109375 0.383148193359375
-0.5184326171875 0.64483642578125 -0.418121337890625 0.2645263671875
-0.14581298828125 0.614013671875 -0.329681396484375 0.1085205078125
0.01910400390625 0.6417236328125 -0.332977294921875 0.00430297851562497
0.295440673828125 0.533172607421875 -0.464752197265625 -0.022796630859375
0.477142333984375 0.492950439453125 -0.7017822265625 0.0279541015625
0.64984130859375 0.53375244140625 0.46026611328125 -0.2998046875
0.407623291015625 0.550262451171875 0.416534423828125 -0.29083251953125
0.2542724609375 0.81378173828125 0.34967041015625 -0.226715087890625
-0.158935546875 0.82098388671875 0.444915771484375 -0.22564697265625
-0.5653076171875 0.78985595703125 0.4205322265625 -0.17645263671875
-0.708984375 0.8138427734375 0.469268798828125 -0.0335693359375
-0.75244140625 0.7066650390625 0.31298828125 -0.014556884765625
-0.8885498046875 0.4500732421875 0.0837402343749999 0.0263137817382813
-0.8048095703125 0.66473388671875 -0.164810180664063 0.156814575195313
-0.72613525390625 0.74493408203125 -0.362579345703125 0.17376708984375
-0.57037353515625 0.8082275390625 -0.427215576171875 0.1578369140625
-0.111328125 0.77520751953125 -0.342132568359375 0.135284423828125
0.09002685546875 0.7862548828125 -0.30303955078125 0.118896484375
0.390869140625 0.61419677734375 -0.354888916015625 0.10296630859375
0.55609130859375 0.549041748046875 -0.541656494140625 0.19903564453125
0.558929443359375 0.495819091796875 0.6356201171875 -0.14276123046875
0.3193359375 0.494781494140625 0.54754638671875 -0.13360595703125
0.16375732421875 0.70074462890625 0.385009765625 -0.119781494140625
-0.19189453125 0.67523193359375 0.43896484375 -0.1861572265625
-0.5341796875 0.64935302734375 0.438262939453125 -0.272369384765625
-0.652587890625 0.71502685546875 0.55419921875 -0.251983642578125
-0.68316650390625 0.64007568359375 0.499542236328125 -0.288787841796875
-0.8260498046875 0.43707275390625 0.32659912109375 -0.220489501953125
-0.76605224609375 0.6552734375 0.0375747680664062 -0.132644653320312
-0.6839599609375 0.7489013671875 -0.251663208007813 -0.0894317626953124
-0.524658203125 0.81768798828125 -0.43060302734375 0.0122680664062501
-0.0615844726562499 0.7789306640625 -0.3424072265625 0.1492919921875
0.14166259765625 0.7850341796875 -0.24462890625 0.236068725585938
0.4189453125 0.5914306640625 -0.207351684570312 0.241744995117188
0.550140380859375 0.52667236328125 -0.352264404296875 0.376190185546875
0.399871826171875 0.390167236328125 0.764892578125 -0.00354003906249998
0.202362060546875 0.3682861328125 0.611083984375 0.0128173828125
0.074554443359375 0.4947509765625 0.371673583984375 -0.022705078125
-0.17669677734375 0.44537353515625 0.397796630859375 -0.13629150390625
-0.41741943359375 0.43060302734375 0.439239501953125 -0.316497802734375
-0.498687744140625 0.521148681640625 0.60699462890625 -0.4100341796875
-0.5113525390625 0.483184814453125 0.64111328125 -0.509765625
-0.63653564453125 0.3546142578125 0.5191650390625 -0.436920166015625
-0.60333251953125 0.5323486328125 0.19500732421875 -0.40667724609375
-0.52532958984375 0.6070556640625 -0.164154052734375 -0.342864990234375
-0.3997802734375 0.651123046875 -0.423858642578125 -0.13201904296875
-0.0291748046875 0.61932373046875 -0.33282470703125 0.1478271484375
0.13897705078125 0.630126953125 -0.180328369140625 0.333526611328125
0.35321044921875 0.46221923828125 -0.055389404296875 0.369384765625
0.446685791015625 0.41961669921875 -0.1640625 0.530303955078125
0.206130981445313 0.235671997070313 0.83807373046875 0.09844970703125
0.0973968505859375 0.203720092773438 0.6229248046875 0.117919921875
0.02984619140625 0.258773803710938 0.336578369140625 0.041046142578125
-0.105010986328125 0.2108154296875 0.345916748046875 -0.0980224609375
-0.242050170898437 0.215194702148438 0.430572509765625 -0.322906494140625
-0.280029296875 0.299346923828125 0.62994384765625 -0.50775146484375
-0.269927978515625 0.274658203125 0.717529296875 -0.65838623046875
-0.350433349609375 0.215057373046875 0.6298828125 -0.59307861328125
-0.342376708984375 0.318756103515625 0.27880859375 -0.61175537109375
-0.28863525390625 0.354522705078125 -0.12030029296875 -0.5306396484375
-0.2203369140625 0.3641357421875 -0.414825439453125 -0.23760986328125
-0.011932373046875 0.342529296875 -0.320220947265625 0.142547607421875
0.087371826171875 0.357513427734375 -0.132232666015625 0.39862060546875
0.199142456054688 0.253814697265625 0.0590209960937501 0.4635009765625
0.259353637695313 0.25054931640625 -0.02032470703125 0.63909912109375
0.0316390991210938 0.0245914459228516 -0.10430908203125 -0.61724853515625
-0.0313606262207031 -0.00917243957519532 -0.12548828125 -0.526214599609375
-0.0211677551269531 -0.00730323791503906 0.0941162109375 -0.394195556640625
-0.0137119293212891 -0.0220966339111328 0.277725219726563 -0.148025512695313
-0.0138015747070313 -0.0369911193847656 0.31683349609375 0.247711181640625
0.002593994140625 -0.0715866088867188 0.137969970703125 0.542144775390625
0.00319290161132813 -0.0543861389160156 -0.27392578125 0.6768798828125
0.0175628662109375 -0.0717620849609375 -0.6116943359375 0.59149169921875
0.0485992431640625 -0.0628776550292969 -0.724365234375 0.661865234375
0.0299491882324219 -0.0400924682617188 -0.62298583984375 0.55340576171875
0.0345745086669922 -0.0103816986083984 -0.368621826171875 0.337890625
0.00915908813476563 -0.0367355346679688 -0.272262573242188 0.0603027343749999
-0.00131797790527344 -0.0195789337158203 -0.32574462890625 -0.1214599609375
-0.000135421752929689 -0.0270099639892578 -0.55938720703125 -0.13720703125
0.0171241760253906 -0.0198802947998047 -0.8712158203125 -0.19647216796875
0.3016357421875 0.211517333984375 -0.06011962890625 -0.6119384765625
0.171981811523438 0.205902099609375 -0.075775146484375 -0.545166015625
0.123321533203125 0.31890869140625 0.1214599609375 -0.39520263671875
-0.044708251953125 0.32012939453125 0.309783935546875 -0.17449951171875
-0.2110595703125 0.29473876953125 0.324676513671875 0.20330810546875
-0.262359619140625 0.263381958007813 0.179046630859375 0.53167724609375
-0.291229248046875 0.237091064453125 -0.210693359375 0.6510009765625
-0.3193359375 0.111663818359375 -0.54595947265625 0.56591796875
-0.242202758789063 0.166488647460937 -0.67108154296875 0.654296875
-0.219482421875 0.169815063476563 -0.6036376953125 0.55157470703125
-0.173858642578125 0.183761596679687 -0.380401611328125 0.33428955078125
-0.0737762451171875 0.15740966796875 -0.282379150390625 0.0628662109375
-0.026123046875 0.189743041992188 -0.318023681640625 -0.11737060546875
0.08270263671875 0.172271728515625 -0.543121337890625 -0.14630126953125
0.18670654296875 0.17718505859375 -0.86083984375 -0.1864013671875
0.51470947265625 0.37579345703125 0.070709228515625 -0.553466796875
0.333831787109375 0.389862060546875 0.055145263671875 -0.510955810546875
0.23828125 0.5953369140625 0.186798095703125 -0.370574951171875
-0.0758056640625 0.6141357421875 0.357940673828125 -0.207672119140625
-0.38507080078125 0.58465576171875 0.349365234375 0.100921630859375
-0.492706298828125 0.558441162109375 0.259918212890625 0.411590576171875
-0.53924560546875 0.48504638671875 -0.077972412109375 0.50531005859375
-0.61029052734375 0.27313232421875 -0.39031982421875 0.450927734375
-0.507537841796875 0.38201904296875 -0.55072021484375 0.56719970703125
-0.457183837890625 0.39019775390625 -0.551300048828125 0.50018310546875
-0.3697509765625 0.405517578125 -0.398345947265625 0.31591796875
-0.134613037109375 0.378936767578125 -0.305023193359375 0.0797729492187501
-0.02496337890625 0.415924072265625 -0.327178955078125 -0.078582763671875
0.1785888671875 0.366607666015625 -0.516448974609375 -0.112060546875
0.343170166015625 0.357025146484375 -0.80670166015625 -0.10791015625
0.63201904296875 0.4866943359375 0.254547119140625 -0.44189453125
0.415740966796875 0.509674072265625 0.234588623046875 -0.42095947265625
0.28546142578125 0.77069091796875 0.270355224609375 -0.314666748046875
-0.11151123046875 0.79644775390625 0.40704345703125 -0.23272705078125
-0.50677490234375 0.7664794921875 0.384521484375 -0.037811279296875
-0.64288330078125 0.7603759765625 0.36474609375 0.2041015625
-0.6966552734375 0.65020751953125 0.108230590820313 0.26715087890625
-0.805419921875 0.39202880859375 -0.168365478515625 0.261428833007813
-0.70379638671875 0.556884765625 -0.369720458984375 0.400299072265625
-0.636474609375 0.59979248046875 -0.46624755859375 0.379241943359375
-0.5103759765625 0.63763427734375 -0.411590576171875 0.263427734375
-0.14306640625 0.607666015625 -0.325897216796875 0.10882568359375
0.0196533203124999 0.63421630859375 -0.329010009765625 0.00430297851562499
0.290557861328125 0.524017333984375 -0.46051025390625 -0.02239990234375
0.473724365234375 0.484466552734375 -0.69561767578125 0.03021240234375
0.64276123046875 0.52520751953125 0.4530029296875 -0.297210693359375
0.402191162109375 0.542755126953125 0.411956787109375 -0.28851318359375
0.2529296875 0.80084228515625 0.345672607421875 -0.224822998046875
-0.1568603515625 0.81072998046875 0.438140869140625 -0.22271728515625
-0.55767822265625 0.78399658203125 0.413543701171875 -0.173797607421875
-0.69818115234375 0.8060302734375 0.464874267578125 -0.0361328125
-0.74261474609375 0.69989013671875 0.30950927734375 -0.0164794921875
-0.87860107421875 0.44696044921875 0.0823898315429687 0.0257110595703125
-0.7928466796875 0.65631103515625 -0.161087036132813 0.155044555664063
-0.7169189453125 0.73748779296875 -0.357818603515625 0.172027587890625
-0.560546875 0.801513671875 -0.42254638671875 0.1585693359375
-0.109375 0.765625 -0.33770751953125 0.13629150390625
0.09039306640625 0.77593994140625 -0.299957275390625 0.117034912109375
0.385498046875 0.60760498046875 -0.352020263671875 0.10205078125
0.548614501953125 0.5408935546875 -0.535797119140625 0.198699951171875
0.552642822265625 0.489532470703125 0.62872314453125 -0.143310546875
0.314849853515625 0.487945556640625 0.540130615234375 -0.13360595703125
0.16436767578125 0.6912841796875 0.380035400390625 -0.1180419921875
-0.18768310546875 0.66864013671875 0.431671142578125 -0.18524169921875
-0.52880859375 0.6461181640625 0.431121826171875 -0.26873779296875
-0.64117431640625 0.7088623046875 0.547821044921875 -0.251251220703125
-0.67291259765625 0.63238525390625 0.492706298828125 -0.286376953125
-0.81488037109375 0.4326171875 0.321929931640625 -0.21868896484375
-0.75439453125 0.64892578125 0.0379180908203124 -0.131172180175781
-0.6739501953125 0.74224853515625 -0.24810791015625 -0.0876617431640625
-0.51837158203125 0.80914306640625 -0.424591064453125 0.014495849609375
-0.0614013671875 0.76934814453125 -0.33782958984375 0.1484375
0.14056396484375 0.77471923828125 -0.24090576171875 0.233444213867188
0.4132080078125 0.58453369140625 -0.206100463867188 0.238845825195313
0.5447998046875 0.5179443359375 -0.348876953125 0.3726806640625
0.39691162109375 0.38397216796875 0.75518798828125 -0.00372314453124998
0.19976806640625 0.363128662109375 0.60235595703125 0.01251220703125
0.074951171875 0.487274169921875 0.36712646484375 -0.022369384765625
-0.173797607421875 0.440826416015625 0.391845703125 -0.134552001953125
-0.412841796875 0.428466796875 0.431396484375 -0.312347412109375
-0.49053955078125 0.51531982421875 0.59991455078125 -0.40753173828125
-0.503509521484375 0.477020263671875 0.6318359375 -0.504150390625
-0.62841796875 0.35235595703125 0.512542724609375 -0.431427001953125
-0.5938720703125 0.52886962890625 0.192840576171875 -0.401885986328125
-0.5167236328125 0.60101318359375 -0.1636962890625 -0.338348388671875
-0.3929443359375 0.64422607421875 -0.419647216796875 -0.12957763671875
-0.02838134765625 0.6138916015625 -0.328338623046875 0.14569091796875
0.13818359375 0.6207275390625 -0.17742919921875 0.329132080078125
0.348358154296875 0.45501708984375 -0.0552062988281249 0.364227294921875
0.443267822265625 0.41357421875 -0.16302490234375 0.524322509765625
0.204360961914062 0.231460571289063 0.827392578125 0.09564208984375
0.095703125 0.200820922851563 0.61456298828125 0.115478515625
0.030517578125 0.254318237304688 0.331695556640625 0.04034423828125
-0.10357666015625 0.208099365234375 0.340057373046875 -0.096099853515625
-0.238983154296875 0.214248657226562 0.422119140625 -0.319000244140625
-0.274505615234375 0.29730224609375 0.62237548828125 -0.50213623046875
-0.265304565429688 0.272048950195313 0.709716796875 -0.64996337890625
-0.346923828125 0.21392822265625 0.62322998046875 -0.586669921875
-0.338409423828125 0.3140869140625 0.27520751953125 -0.6031494140625
-0.284271240234375 0.349334716796875 -0.119171142578125 -0.522705078125
-0.217132568359375 0.36053466796875 -0.410308837890625 -0.23382568359375
-0.0108642578125 0.337921142578125 -0.31634521484375 0.140869140625
0.08721923828125 0.352752685546875 -0.1295166015625 0.394073486328125
0.19586181640625 0.250335693359375 0.05712890625 0.457061767578125
0.256195068359375 0.246902465820312 -0.0203247070312499 0.63116455078125
0.0312232971191406 0.0228786468505859 -0.10308837890625 -0.610107421875
-0.0314693450927734 -0.00872993469238281 -0.12353515625 -0.521942138671875
-0.0211944580078125 -0.00757598876953125 0.0924072265625 -0.390625
-0.0137805938720703 -0.0221614837646484 0.274383544921875 -0.14593505859375
-0.0140495300292969 -0.0366172790527344 0.313720703125 0.24542236328125
0.00228881835937499 -0.0711822509765625 0.135009765625 0.53594970703125
0.00265884399414063 -0.0548477172851563 -0.2705078125 0.666748046875
0.0171051025390625 -0.071685791015625 -0.606201171875 0.58428955078125
0.0481224060058594 -0.0633430480957031 -0.7169189453125 0.6552734375
0.0301322937011719 -0.0400238037109375 -0.61663818359375 0.54608154296875
0.0350189208984375 -0.0104827880859375 -0.363739013671875 0.332916259765625
0.00842666625976563 -0.0359649658203125 -0.269638061523438 0.0599365234375
-0.00141143798828125 -0.0189990997314453 -0.322967529296875 -0.119720458984375
0.000349044799804688 -0.0272789001464844 -0.553009033203125 -0.135040283203125
0.0178985595703125 -0.0212783813476563 -0.86083984375 -0.19219970703125
0.29803466796875 0.207244873046875 -0.06097412109375 -0.60711669921875
0.169692993164063 0.204513549804688 -0.07550048828125 -0.54010009765625
0.122314453125 0.314727783203125 0.120452880859375 -0.39202880859375
-0.044036865234375 0.317596435546875 0.306243896484375 -0.17205810546875
-0.209381103515625 0.292266845703125 0.319732666015625 0.201446533203125
-0.25970458984375 0.260955810546875 0.177703857421875 0.523468017578125
-0.287994384765625 0.233978271484375 -0.20947265625 0.64202880859375
-0.3165283203125 0.1102294921875 -0.541961669921875 0.559600830078125
-0.23876953125 0.164016723632813 -0.66400146484375 0.6463623046875
-0.215667724609375 0.167877197265625 -0.59490966796875 0.54473876953125
-0.171890258789063 0.1815185546875 -0.37603759765625 0.3299560546875
-0.074066162109375 0.155685424804688 -0.280441284179688 0.062652587890625
-0.026336669921875 0.187408447265625 -0.315704345703125 -0.1165771484375
0.0816192626953125 0.169235229492188 -0.5357666015625 -0.1448974609375
0.185226440429688 0.173751831054688 -0.85357666015625 -0.1826171875
0.50811767578125 0.371337890625 0.06793212890625 -0.547760009765625
0.329803466796875 0.38623046875 0.053192138671875 -0.506103515625
0.236083984375 0.5897216796875 0.185546875 -0.36663818359375
-0.07513427734375 0.60809326171875 0.3531494140625 -0.204864501953125
-0.3800048828125 0.57952880859375 0.345306396484375 0.101318359375
-0.48492431640625 0.553863525390625 0.258819580078125 0.405975341796875
-0.533477783203125 0.480560302734375 -0.076690673828125 0.49835205078125
-0.6041259765625 0.2694091796875 -0.387939453125 0.445831298828125
-0.50146484375 0.376495361328125 -0.5433349609375 0.5614013671875
-0.450225830078125 0.3857421875 -0.545745849609375 0.493621826171875
-0.36505126953125 0.40185546875 -0.392242431640625 0.311492919921875
-0.134613037109375 0.374847412109375 -0.3018798828125 0.0798645019531251
-0.0247802734375 0.411834716796875 -0.324554443359375 -0.0773315429687499
0.175689697265625 0.361724853515625 -0.510467529296875 -0.11090087890625
0.33941650390625 0.35125732421875 -0.79669189453125 -0.10626220703125
0.6248779296875 0.47979736328125 0.2515869140625 -0.437896728515625
0.409332275390625 0.503875732421875 0.231048583984375 -0.41778564453125
0.28424072265625 0.76239013671875 0.269317626953125 -0.310272216796875
-0.10919189453125 0.7872314453125 0.401824951171875 -0.22906494140625
-0.502197265625 0.76153564453125 0.379486083984375 -0.036773681640625
-0.6351318359375 0.75323486328125 0.36285400390625 0.20050048828125
-0.68865966796875 0.6439208984375 0.106674194335937 0.263137817382813
-0.79913330078125 0.38641357421875 -0.1676025390625 0.258193969726563
-0.69488525390625 0.55078125 -0.365203857421875 0.39593505859375
-0.6279296875 0.59429931640625 -0.460357666015625 0.375701904296875
-0.50518798828125 0.633056640625 -0.406585693359375 0.260498046875
-0.145263671875 0.599853515625 -0.322967529296875 0.1080322265625
0.01947021484375 0.62689208984375 -0.326263427734375 0.00366210937500007
0.286163330078125 0.517913818359375 -0.45587158203125 -0.023468017578125
0.470184326171875 0.47882080078125 -0.68756103515625 0.0314331054687499
0.63641357421875 0.5167236328125 0.44805908203125 -0.294158935546875
0.397552490234375 0.536773681640625 0.40447998046875 -0.285064697265625
0.25244140625 0.792724609375 0.34210205078125 -0.221923828125
-0.156494140625 0.80401611328125 0.431732177734375 -0.220001220703125
-0.553466796875 0.777587890625 0.40899658203125 -0.171417236328125
-0.68896484375 0.798828125 0.4622802734375 -0.03717041015625
-0.7335205078125 0.69354248046875 0.30517578125 -0.017059326171875
-0.87005615234375 0.442138671875 0.0808715820312499 0.0255661010742188
-0.7840576171875 0.64776611328125 -0.15863037109375 0.153366088867188
-0.70623779296875 0.73052978515625 -0.354583740234375 0.170562744140625
-0.55706787109375 0.79400634765625 -0.417327880859375 0.15673828125
-0.1109619140625 0.75701904296875 -0.335235595703125 0.1341552734375
0.08978271484375 0.76654052734375 -0.297088623046875 0.115264892578125
0.37982177734375 0.59832763671875 -0.350677490234375 0.100128173828125
0.54345703125 0.53375244140625 -0.53131103515625 0.196563720703125
0.54827880859375 0.48187255859375 0.621337890625 -0.14202880859375
0.3118896484375 0.481536865234375 0.53399658203125 -0.132049560546875
0.162841796875 0.6824951171875 0.37652587890625 -0.116363525390625
-0.1849365234375 0.6612548828125 0.426971435546875 -0.18353271484375
-0.52313232421875 0.64105224609375 0.42510986328125 -0.264892578125
-0.63427734375 0.7010498046875 0.54345703125 -0.249786376953125
-0.665283203125 0.62689208984375 0.487060546875 -0.284393310546875
-0.8062744140625 0.42828369140625 0.318756103515625 -0.215423583984375
-0.74713134765625 0.64288330078125 0.0384216308593749 -0.129264831542969
-0.6640625 0.7353515625 -0.24560546875 -0.0862579345703125
-0.51104736328125 0.80120849609375 -0.42083740234375 0.014892578125
-0.0628662109375 0.76214599609375 -0.334075927734375 0.146270751953125
0.13946533203125 0.76690673828125 -0.238983154296875 0.229598999023438
0.40692138671875 0.5762939453125 -0.20526123046875 0.235977172851563
0.538299560546875 0.513092041015625 -0.345703125 0.36981201171875
0.391754150390625 0.379364013671875 0.7464599609375 -0.00390624999999998
0.196380615234375 0.358978271484375 0.5963134765625 0.01226806640625
0.074737548828125 0.479522705078125 0.36297607421875 -0.022247314453125
-0.171875 0.4351806640625 0.38568115234375 -0.132049560546875
-0.407867431640625 0.4261474609375 0.42510986328125 -0.30792236328125
-0.482666015625 0.510894775390625 0.5928955078125 -0.4034423828125
-0.496826171875 0.47235107421875 0.62445068359375 -0.49951171875
-0.6221923828125 0.3489990234375 0.507568359375 -0.425872802734375
-0.58843994140625 0.52203369140625 0.190887451171875 -0.397125244140625
-0.5111083984375 0.5943603515625 -0.162261962890625 -0.334808349609375
-0.38958740234375 0.6390380859375 -0.41571044921875 -0.12823486328125
-0.02825927734375 0.60626220703125 -0.324249267578125 0.144134521484375
0.13714599609375 0.6146240234375 -0.175048828125 0.32489013671875
0.3427734375 0.451080322265625 -0.05596923828125 0.360137939453125
0.438690185546875 0.407562255859375 -0.16180419921875 0.519378662109375
0.201889038085938 0.227951049804688 0.81884765625 0.09466552734375
0.094146728515625 0.198516845703125 0.60809326171875 0.1148681640625
0.029937744140625 0.250473022460938 0.327606201171875 0.040802001953125
-0.102676391601563 0.205642700195313 0.335784912109375 -0.0938720703125
-0.235763549804688 0.213577270507813 0.41632080078125 -0.314483642578125
-0.270294189453125 0.293426513671875 0.6138916015625 -0.49798583984375
-0.261550903320313 0.268936157226562 0.69952392578125 -0.64324951171875
-0.343902587890625 0.2113037109375 0.6171875 -0.57769775390625
-0.334625244140625 0.311920166015625 0.27313232421875 -0.5963134765625
-0.280792236328125 0.347137451171875 -0.12017822265625 -0.517242431640625
-0.21484375 0.35748291015625 -0.407318115234375 -0.23089599609375
-0.0115966796875 0.334686279296875 -0.311737060546875 0.138580322265625
0.086212158203125 0.349029541015625 -0.128326416015625 0.3892822265625
0.192626953125 0.248077392578125 0.0555419921875 0.45159912109375
0.253982543945313 0.243255615234375 -0.02093505859375 0.62445068359375
0.0308284759521484 0.0219097137451172 -0.10089111328125 -0.605712890625
-0.0312042236328125 -0.00832939147949219 -0.123046875 -0.516448974609375
-0.0211658477783203 -0.00758934020996093 0.09259033203125 -0.387237548828125
-0.0140609741210937 -0.0220432281494141 0.272384643554688 -0.144607543945313
-0.0145835876464844 -0.0363502502441406 0.31024169921875 0.24383544921875
0.0020751953125 -0.0710906982421875 0.135406494140625 0.530792236328125
0.00291824340820313 -0.0552749633789063 -0.2696533203125 0.65802001953125
0.0169143676757813 -0.0718612670898438 -0.60406494140625 0.57476806640625
0.0483779907226563 -0.0633621215820313 -0.71026611328125 0.6461181640625
0.0305595397949219 -0.03985595703125 -0.61016845703125 0.53900146484375
0.0354194641113281 -0.0102462768554688 -0.3594970703125 0.32965087890625
0.00766372680664063 -0.0352249145507812 -0.268753051757813 0.0591278076171875
-0.00185585021972656 -0.0183944702148438 -0.3204345703125 -0.11865234375
0.001312255859375 -0.0271797180175781 -0.546173095703125 -0.133758544921875
0.0180263519287109 -0.0225753784179688 -0.85296630859375 -0.1929931640625
0.294769287109375 0.204986572265625 -0.058837890625 -0.60162353515625
0.167861938476562 0.202560424804688 -0.07489013671875 -0.536224365234375
0.121307373046875 0.311920166015625 0.12042236328125 -0.388763427734375
-0.045074462890625 0.314453125 0.302947998046875 -0.1702880859375
-0.2086181640625 0.290374755859375 0.316314697265625 0.2017822265625
-0.257949829101562 0.257904052734375 0.1781005859375 0.517333984375
-0.286041259765625 0.231048583984375 -0.209228515625 0.63641357421875
-0.314788818359375 0.107940673828125 -0.540008544921875 0.55291748046875
-0.236038208007812 0.16070556640625 -0.65716552734375 0.639404296875
-0.213394165039063 0.1656494140625 -0.58831787109375 0.53765869140625
-0.1693115234375 0.180160522460938 -0.372772216796875 0.32635498046875
-0.07427978515625 0.154159545898438 -0.27880859375 0.0618896484375
-0.0265350341796875 0.185882568359375 -0.3131103515625 -0.115325927734375
0.079925537109375 0.167526245117188 -0.5308837890625 -0.145416259765625
0.183731079101563 0.171432495117188 -0.846435546875 -0.18292236328125
0.503143310546875 0.36639404296875 0.067901611328125 -0.544342041015625
0.325592041015625 0.384307861328125 0.05291748046875 -0.501617431640625
0.23455810546875 0.582763671875 0.184326171875 -0.36456298828125
-0.07611083984375 0.6033935546875 0.349822998046875 -0.203277587890625
-0.3785400390625 0.57427978515625 0.34185791015625 0.100830078125
-0.482513427734375 0.549560546875 0.256378173828125 0.4012451171875
-0.529083251953125 0.475830078125 -0.0770874023437501 0.49298095703125
-0.59954833984375 0.26483154296875 -0.38580322265625 0.439727783203125
-0.496124267578125 0.371337890625 -0.540313720703125 0.553985595703125
-0.44525146484375 0.381683349609375 -0.541046142578125 0.489105224609375
-0.362213134765625 0.397552490234375 -0.389923095703125 0.308258056640625
-0.135162353515625 0.370208740234375 -0.29998779296875 0.0791931152343751
-0.025604248046875 0.4080810546875 -0.322418212890625 -0.077972412109375
0.172332763671875 0.35791015625 -0.504974365234375 -0.110870361328125
0.3367919921875 0.348419189453125 -0.7904052734375 -0.10693359375
0.6192626953125 0.4757080078125 0.2481689453125 -0.435089111328125
0.405029296875 0.5001220703125 0.2276611328125 -0.413818359375
0.28106689453125 0.75457763671875 0.267547607421875 -0.30810546875
-0.11175537109375 0.78143310546875 0.397369384765625 -0.2259521484375
-0.4989013671875 0.75616455078125 0.3760986328125 -0.034576416015625
-0.62994384765625 0.74444580078125 0.359619140625 0.19879150390625
-0.6829833984375 0.63690185546875 0.10516357421875 0.25982666015625
-0.79315185546875 0.3826904296875 -0.16802978515625 0.25469970703125
-0.68914794921875 0.54443359375 -0.362213134765625 0.391632080078125
-0.6209716796875 0.58831787109375 -0.45709228515625 0.371978759765625
-0.50054931640625 0.62567138671875 -0.40484619140625 0.2579345703125
-0.14520263671875 0.59490966796875 -0.320892333984375 0.1072998046875
0.01873779296875 0.62127685546875 -0.324249267578125 0.00332641601562502
0.282012939453125 0.51092529296875 -0.45257568359375 -0.0243225097656249
0.464508056640625 0.473663330078125 -0.6817626953125 0.0295410156249999
0.6290283203125 0.5128173828125 0.444122314453125 -0.292755126953125
0.3927001953125 0.532989501953125 0.400634765625 -0.2823486328125
0.2490234375 0.78314208984375 0.340240478515625 -0.21856689453125
-0.15643310546875 0.798095703125 0.428375244140625 -0.217620849609375
-0.551025390625 0.7733154296875 0.404998779296875 -0.167877197265625
-0.6822509765625 0.7908935546875 0.45855712890625 -0.03741455078125
-0.7271728515625 0.6866455078125 0.3017578125 -0.017120361328125
-0.8631591796875 0.43768310546875 0.0801086425781249 0.0252532958984375
-0.77789306640625 0.64154052734375 -0.15673828125 0.15191650390625
-0.7034912109375 0.72222900390625 -0.35101318359375 0.168701171875
-0.55426025390625 0.78680419921875 -0.415771484375 0.15576171875
-0.11279296875 0.75091552734375 -0.33209228515625 0.132080078125
0.086669921875 0.75885009765625 -0.295074462890625 0.11273193359375
0.373046875 0.5941162109375 -0.34857177734375 0.0983581542968751
0.5389404296875 0.5303955078125 -0.52838134765625 0.19482421875
0.541534423828125 0.47784423828125 0.6143798828125 -0.139404296875
0.30609130859375 0.478302001953125 0.527679443359375 -0.12884521484375
0.16094970703125 0.6763916015625 0.37396240234375 -0.114471435546875
-0.1875 0.65692138671875 0.4222412109375 -0.1796875
-0.52142333984375 0.635498046875 0.4200439453125 -0.261566162109375
-0.6285400390625 0.69683837890625 0.54058837890625 -0.2467041015625
-0.65966796875 0.621337890625 0.48291015625 -0.280517578125
-0.802001953125 0.42431640625 0.3173828125 -0.211822509765625
-0.7418212890625 0.63543701171875 0.0391616821289062 -0.128364562988281
-0.65972900390625 0.726318359375 -0.2440185546875 -0.085723876953125
-0.50933837890625 0.79583740234375 -0.417388916015625 0.0142822265625001
-0.0638427734375 0.7569580078125 -0.331939697265625 0.145263671875
0.1373291015625 0.75860595703125 -0.237808227539063 0.227142333984375
0.4024658203125 0.571533203125 -0.205047607421875 0.23291015625
0.532257080078125 0.509368896484375 -0.344268798828125 0.3653564453125
0.388641357421875 0.37646484375 0.738525390625 -0.00262451171874998
0.193756103515625 0.35552978515625 0.5906982421875 0.01275634765625
0.07440185546875 0.475738525390625 0.35931396484375 -0.019744873046875
-0.17083740234375 0.431121826171875 0.381988525390625 -0.12884521484375
-0.405303955078125 0.422607421875 0.421966552734375 -0.303619384765625
-0.478302001953125 0.5078125 0.5894775390625 -0.40069580078125
-0.493011474609375 0.467803955078125 0.62005615234375 -0.4925537109375
-0.61944580078125 0.34564208984375 0.505889892578125 -0.4205322265625
-0.58251953125 0.51806640625 0.19207763671875 -0.392486572265625
-0.50653076171875 0.58905029296875 -0.159027099609375 -0.33154296875
-0.3873291015625 0.6331787109375 -0.412445068359375 -0.12750244140625
-0.02984619140625 0.60113525390625 -0.32147216796875 0.141082763671875
0.134765625 0.60791015625 -0.174652099609375 0.321502685546875
0.336181640625 0.4471435546875 -0.05828857421875 0.35675048828125
0.43414306640625 0.4058837890625 -0.163116455078125 0.515045166015625
0.20050048828125 0.225830078125 0.810546875 0.094970703125
0.0928802490234375 0.196807861328125 0.60101318359375 0.11419677734375
0.0296173095703125 0.246856689453125 0.324188232421875 0.0406494140625
-0.102142333984375 0.203048706054688 0.33197021484375 -0.09185791015625
-0.2347412109375 0.212417602539063 0.411102294921875 -0.31207275390625
-0.268585205078125 0.291534423828125 0.60748291015625 -0.49200439453125
-0.259384155273438 0.265396118164062 0.69329833984375 -0.6363525390625
-0.340606689453125 0.209442138671875 0.6143798828125 -0.56890869140625
-0.3331298828125 0.308380126953125 0.27264404296875 -0.589111328125
-0.2783203125 0.343170166015625 -0.117523193359375 -0.511383056640625
-0.2142333984375 0.354248046875 -0.40386962890625 -0.229644775390625
-0.01251220703125 0.33160400390625 -0.309814453125 0.136077880859375
0.08538818359375 0.34564208984375 -0.127471923828125 0.38446044921875
0.189117431640625 0.245956420898438 0.05352783203125 0.448974609375
0.2518310546875 0.241119384765625 -0.022705078125 0.62176513671875
0.0301303863525391 0.0206031799316406 -0.09967041015625 -0.60205078125
-0.0309658050537109 -0.00840187072753907 -0.1201171875 -0.51397705078125
-0.0214061737060547 -0.00788688659667969 0.090911865234375 -0.385833740234375
-0.0141124725341797 -0.0220603942871094 0.270233154296875 -0.142898559570313
-0.0145530700683594 -0.0359420776367187 0.307098388671875 0.24310302734375
0.00166320800781249 -0.0709075927734375 0.13330078125 0.52435302734375
0.00260543823242187 -0.0552864074707031 -0.26953125 0.65142822265625
0.0166702270507813 -0.0720367431640625 -0.60443115234375 0.5693359375
0.0483512878417969 -0.0635490417480469 -0.707275390625 0.64013671875
0.0303382873535156 -0.0401229858398438 -0.60565185546875 0.5318603515625
0.0360107421875 -0.0101814270019531 -0.35858154296875 0.326141357421875
0.007293701171875 -0.0346546173095703 -0.268295288085938 0.0590057373046875
-0.00193977355957031 -0.0176753997802734 -0.31854248046875 -0.118438720703125
0.00174713134765625 -0.0275344848632813 -0.5426025390625 -0.1356201171875
0.0185413360595703 -0.0232009887695312 -0.844482421875 -0.19268798828125
0.291656494140625 0.202972412109375 -0.05718994140625 -0.59808349609375
0.165771484375 0.201797485351563 -0.0738525390625 -0.53106689453125
0.120025634765625 0.309814453125 0.119781494140625 -0.386993408203125
-0.045013427734375 0.3125 0.300750732421875 -0.16802978515625
-0.20782470703125 0.288665771484375 0.314483642578125 0.201385498046875
-0.25634765625 0.255630493164062 0.17547607421875 0.512115478515625
-0.284454345703125 0.228515625 -0.20843505859375 0.6268310546875
-0.313232421875 0.10479736328125 -0.537506103515625 0.543731689453125
-0.2342529296875 0.1578369140625 -0.65521240234375 0.6324462890625
-0.21075439453125 0.163818359375 -0.586181640625 0.53155517578125
-0.16766357421875 0.178298950195313 -0.371063232421875 0.322479248046875
-0.0750579833984375 0.153427124023438 -0.277877807617188 0.061920166015625
-0.0273895263671875 0.1846923828125 -0.311279296875 -0.115570068359375
0.0789947509765625 0.165618896484375 -0.52691650390625 -0.146575927734375
0.181991577148437 0.169692993164063 -0.83892822265625 -0.18243408203125
0.499481201171875 0.363677978515625 0.06890869140625 -0.539031982421875
0.321685791015625 0.381134033203125 0.052093505859375 -0.49822998046875
0.2332763671875 0.579833984375 0.185272216796875 -0.36077880859375
-0.0767822265625 0.5997314453125 0.347442626953125 -0.1995849609375
-0.37762451171875 0.57171630859375 0.3385009765625 0.102630615234375
-0.478240966796875 0.54315185546875 0.256561279296875 0.397003173828125
-0.527587890625 0.47149658203125 -0.0785217285156251 0.48675537109375
-0.5972900390625 0.26190185546875 -0.385589599609375 0.43426513671875
-0.493316650390625 0.366241455078125 -0.535858154296875 0.54730224609375
-0.440277099609375 0.376678466796875 -0.53839111328125 0.48236083984375
-0.360137939453125 0.394073486328125 -0.3875732421875 0.306121826171875
-0.13531494140625 0.368194580078125 -0.2991943359375 0.0784301757812501
-0.027435302734375 0.404296875 -0.320068359375 -0.0777893066406249
0.169097900390625 0.35418701171875 -0.501953125 -0.11187744140625
0.333984375 0.34490966796875 -0.7840576171875 -0.10736083984375
0.61578369140625 0.47222900390625 0.248077392578125 -0.43145751953125
0.39971923828125 0.49713134765625 0.226318359375 -0.409423828125
0.27923583984375 0.7479248046875 0.2694091796875 -0.305023193359375
-0.11114501953125 0.7769775390625 0.395172119140625 -0.223785400390625
-0.4976806640625 0.74993896484375 0.372589111328125 -0.032501220703125
-0.62689208984375 0.73876953125 0.35748291015625 0.196563720703125
-0.6806640625 0.630859375 0.1036376953125 0.256927490234375
-0.78900146484375 0.3763427734375 -0.1680908203125 0.25213623046875
-0.68389892578125 0.5369873046875 -0.3602294921875 0.387664794921875
-0.61688232421875 0.5811767578125 -0.455230712890625 0.3662109375
-0.497802734375 0.6207275390625 -0.402374267578125 0.2552490234375
-0.14727783203125 0.591064453125 -0.31982421875 0.106048583984375
0.0159912109374999 0.6156005859375 -0.322113037109375 0.00180053710937509
0.278228759765625 0.50775146484375 -0.448974609375 -0.0258789062499999
0.460662841796875 0.47119140625 -0.679443359375 0.0282592773437499
0.62310791015625 0.51007080078125 0.43994140625 -0.28912353515625
0.38616943359375 0.52899169921875 0.39678955078125 -0.279510498046875
0.24664306640625 0.7777099609375 0.3397216796875 -0.21649169921875
-0.15789794921875 0.79010009765625 0.425811767578125 -0.2138671875
-0.5491943359375 0.7679443359375 0.400634765625 -0.16485595703125
-0.6787109375 0.7841796875 0.456756591796875 -0.0375671386718749
-0.72283935546875 0.6800537109375 0.299896240234375 -0.016815185546875
-0.85919189453125 0.43353271484375 0.0792083740234374 0.0252532958984375
-0.77276611328125 0.63330078125 -0.1553955078125 0.149917602539063
-0.6956787109375 0.7152099609375 -0.34893798828125 0.166839599609375
-0.55029296875 0.7816162109375 -0.412567138671875 0.154449462890625
-0.1146240234375 0.74591064453125 -0.330352783203125 0.1312255859375
0.08551025390625 0.75341796875 -0.2940673828125 0.111541748046875
0.36724853515625 0.59027099609375 -0.34710693359375 0.09619140625
0.5341796875 0.52752685546875 -0.52520751953125 0.192413330078125
0.537353515625 0.4752197265625 0.6099853515625 -0.13690185546875
0.301849365234375 0.47442626953125 0.524078369140625 -0.127716064453125
0.1597900390625 0.6695556640625 0.37200927734375 -0.11260986328125
-0.1873779296875 0.6510009765625 0.4190673828125 -0.17498779296875
-0.5174560546875 0.63226318359375 0.416656494140625 -0.25775146484375
-0.6246337890625 0.69012451171875 0.537506103515625 -0.24517822265625
-0.65521240234375 0.61358642578125 0.479248046875 -0.277557373046875
-0.79901123046875 0.41802978515625 0.316070556640625 -0.208953857421875
-0.739013671875 0.627197265625 0.0400543212890625 -0.12738037109375
-0.6556396484375 0.7186279296875 -0.242462158203125 -0.0853271484375
-0.50689697265625 0.79034423828125 -0.415740966796875 0.0140991210937501
-0.0660400390625001 0.75054931640625 -0.329559326171875 0.1434326171875
0.1339111328125 0.7532958984375 -0.236862182617188 0.224197387695313
0.39471435546875 0.5677490234375 -0.205703735351562 0.230224609375
0.527679443359375 0.5050048828125 -0.344696044921875 0.362518310546875
0.382781982421875 0.373443603515625 0.73309326171875 0.000610351562500023
0.190399169921875 0.353485107421875 0.58538818359375 0.01470947265625
0.07269287109375 0.470306396484375 0.356842041015625 -0.01885986328125
-0.171661376953125 0.4276123046875 0.3792724609375 -0.126739501953125
-0.40362548828125 0.41973876953125 0.41619873046875 -0.29949951171875
-0.475982666015625 0.502349853515625 0.5870361328125 -0.3956298828125
-0.489044189453125 0.463348388671875 0.6163330078125 -0.48846435546875
-0.614501953125 0.3411865234375 0.5035400390625 -0.41497802734375
-0.5802001953125 0.51123046875 0.1920166015625 -0.389312744140625
-0.50250244140625 0.582763671875 -0.1585693359375 -0.328094482421875
-0.38531494140625 0.62786865234375 -0.409820556640625 -0.125640869140625
-0.032470703125 0.59619140625 -0.319091796875 0.139892578125
0.1329345703125 0.60552978515625 -0.17333984375 0.31732177734375
0.3314208984375 0.445220947265625 -0.059295654296875 0.3536376953125
0.4310302734375 0.4024658203125 -0.163543701171875 0.5101318359375
0.198577880859375 0.224166870117188 0.80224609375 0.09637451171875
0.091217041015625 0.1953125 0.59747314453125 0.11492919921875
0.0293426513671875 0.243850708007813 0.320281982421875 0.042083740234375
-0.102447509765625 0.201156616210937 0.32916259765625 -0.08941650390625
-0.232681274414063 0.211715698242188 0.40814208984375 -0.307952880859375
-0.2659912109375 0.289337158203125 0.6051025390625 -0.48858642578125
-0.257431030273437 0.262374877929688 0.69049072265625 -0.62884521484375
-0.339324951171875 0.208282470703125 0.6138916015625 -0.5625
-0.332427978515625 0.30523681640625 0.27276611328125 -0.58447265625
-0.27606201171875 0.3394775390625 -0.115692138671875 -0.507568359375
-0.214202880859375 0.351806640625 -0.400665283203125 -0.228668212890625
-0.013275146484375 0.3289794921875 -0.3079833984375 0.134033203125
0.083953857421875 0.343048095703125 -0.1285400390625 0.380523681640625
0.185928344726563 0.245559692382813 0.050872802734375 0.445098876953125
0.249725341796875 0.239913940429687 -0.02520751953125 0.6165771484375
0.0296306610107422 0.01995849609375 -0.0960083007812499 -0.60003662109375
-0.0310859680175781 -0.00852584838867187 -0.118377685546875 -0.511688232421875
-0.0214214324951172 -0.00791168212890625 0.092132568359375 -0.384918212890625
-0.0141830444335937 -0.0220661163330078 0.269317626953125 -0.141250610351563
-0.0150833129882812 -0.0356330871582031 0.3060302734375 0.242919921875
0.00182342529296875 -0.0708541870117188 0.13153076171875 0.521728515625
0.00287246704101563 -0.05560302734375 -0.27056884765625 0.64544677734375
0.01629638671875 -0.0722885131835938 -0.60565185546875 0.56103515625
0.0484123229980469 -0.0638427734375 -0.70513916015625 0.6331787109375
0.0309333801269531 -0.0398368835449219 -0.60211181640625 0.52740478515625
0.0365829467773438 -0.0100517272949219 -0.356842041015625 0.32281494140625
0.00677680969238281 -0.0340213775634766 -0.267807006835938 0.0576934814453125
-0.00196933746337891 -0.0168285369873047 -0.31695556640625 -0.118865966796875
0.00233650207519531 -0.0276660919189453 -0.538116455078125 -0.13702392578125
0.0185813903808594 -0.0242023468017578 -0.84173583984375 -0.19219970703125
0.290008544921875 0.20123291015625 -0.05584716796875 -0.59613037109375
0.163909912109375 0.201187133789063 -0.0733032226562499 -0.529815673828125
0.11822509765625 0.307403564453125 0.120269775390625 -0.3836669921875
-0.046356201171875 0.310791015625 0.29925537109375 -0.1658935546875
-0.208587646484375 0.2877197265625 0.311187744140625 0.203155517578125
-0.25616455078125 0.25323486328125 0.174346923828125 0.50970458984375
-0.2830810546875 0.225311279296875 -0.210205078125 0.62200927734375
-0.31195068359375 0.103485107421875 -0.539642333984375 0.537994384765625
-0.232879638671875 0.1553955078125 -0.65313720703125 0.62603759765625
-0.209213256835938 0.161895751953125 -0.5831298828125 0.5255126953125
-0.166656494140625 0.176834106445313 -0.369354248046875 0.320709228515625
-0.07611083984375 0.1522216796875 -0.277359008789063 0.0609588623046875
-0.0280609130859375 0.183303833007813 -0.31005859375 -0.116119384765625
0.077728271484375 0.164077758789063 -0.522674560546875 -0.147308349609375
0.180923461914063 0.167724609375 -0.83453369140625 -0.18389892578125
0.4952392578125 0.361053466796875 0.06890869140625 -0.537841796875
0.317474365234375 0.380218505859375 0.0522460937500001 -0.49615478515625
0.230224609375 0.575927734375 0.1859130859375 -0.360107421875
-0.0772705078125001 0.5970458984375 0.345916748046875 -0.197662353515625
-0.37750244140625 0.57061767578125 0.335296630859375 0.104949951171875
-0.477081298828125 0.539886474609375 0.25445556640625 0.394989013671875
-0.524993896484375 0.46636962890625 -0.0794067382812501 0.48223876953125
-0.595703125 0.25897216796875 -0.3865966796875 0.4288330078125
-0.4898681640625 0.362152099609375 -0.535980224609375 0.54296875
-0.438018798828125 0.373779296875 -0.5350341796875 0.48016357421875
-0.35845947265625 0.39007568359375 -0.385498046875 0.3031005859375
-0.137115478515625 0.36712646484375 -0.2984619140625 0.0777587890625001
-0.029937744140625 0.40130615234375 -0.317962646484375 -0.078277587890625
0.166748046875 0.351715087890625 -0.4993896484375 -0.11419677734375
0.331329345703125 0.34326171875 -0.7816162109375 -0.108154296875
0.61151123046875 0.47027587890625 0.246551513671875 -0.429290771484375
0.395843505859375 0.495880126953125 0.225860595703125 -0.40740966796875
0.2764892578125 0.74560546875 0.267333984375 -0.302642822265625
-0.1148681640625 0.7733154296875 0.392974853515625 -0.220550537109375
-0.49676513671875 0.74810791015625 0.36981201171875 -0.029998779296875
-0.62567138671875 0.734130859375 0.3570556640625 0.19378662109375
-0.67559814453125 0.62603759765625 0.101425170898437 0.255386352539063
-0.78656005859375 0.3743896484375 -0.168319702148438 0.249542236328125
-0.68231201171875 0.53070068359375 -0.359375 0.383697509765625
-0.61376953125 0.5765380859375 -0.453460693359375 0.363861083984375
-0.4976806640625 0.61761474609375 -0.400604248046875 0.254150390625
-0.14990234375 0.58709716796875 -0.318328857421875 0.105224609375
0.01251220703125 0.61187744140625 -0.320709228515625 0.000671386718750075
0.27288818359375 0.50457763671875 -0.447113037109375 -0.02850341796875
0.45733642578125 0.469696044921875 -0.67681884765625 0.0246582031250001
0.61932373046875 0.50750732421875 0.437957763671875 -0.28717041015625
0.3819580078125 0.527587890625 0.39544677734375 -0.276153564453125
0.24212646484375 0.77215576171875 0.3389892578125 -0.214385986328125
-0.1597900390625 0.78662109375 0.423797607421875 -0.20977783203125
-0.54962158203125 0.76470947265625 0.399871826171875 -0.161956787109375
-0.67645263671875 0.780029296875 0.4566650390625 -0.036590576171875
-0.72088623046875 0.67486572265625 0.297576904296875 -0.016693115234375
-0.85675048828125 0.42724609375 0.0784072875976562 0.0257186889648438
-0.77130126953125 0.62884521484375 -0.153961181640625 0.148178100585938
-0.69268798828125 0.71038818359375 -0.347747802734375 0.164031982421875
-0.55078125 0.77423095703125 -0.41094970703125 0.1527099609375
-0.1173095703125 0.74053955078125 -0.3299560546875 0.129486083984375
0.0819091796875001 0.75140380859375 -0.292938232421875 0.108489990234375
0.36199951171875 0.586181640625 -0.34716796875 0.0926513671875
0.52874755859375 0.525604248046875 -0.524932861328125 0.19049072265625
0.532135009765625 0.472137451171875 0.60626220703125 -0.13507080078125
0.29730224609375 0.472259521484375 0.5205078125 -0.12432861328125
0.15570068359375 0.666748046875 0.370819091796875 -0.110382080078125
-0.1884765625 0.6478271484375 0.41668701171875 -0.17230224609375
-0.51727294921875 0.6287841796875 0.41461181640625 -0.253692626953125
-0.62274169921875 0.683349609375 0.536895751953125 -0.243072509765625
-0.6519775390625 0.60943603515625 0.4788818359375 -0.275421142578125
-0.79718017578125 0.41595458984375 0.315460205078125 -0.206085205078125
-0.73614501953125 0.62164306640625 0.0411529541015625 -0.12677001953125
-0.65447998046875 0.71478271484375 -0.24066162109375 -0.085113525390625
-0.5089111328125 0.78460693359375 -0.413116455078125 0.0140075683593751
-0.0704345703124999 0.74847412109375 -0.328460693359375 0.14044189453125
0.1300048828125 0.75030517578125 -0.236846923828125 0.22119140625
0.3895263671875 0.5675048828125 -0.2066650390625 0.227447509765625
0.52392578125 0.50482177734375 -0.3455810546875 0.360015869140625
0.381927490234375 0.37152099609375 0.72869873046875 0.00128173828125002
0.186676025390625 0.352386474609375 0.58197021484375 0.015869140625
0.06988525390625 0.467926025390625 0.35516357421875 -0.01708984375
-0.172515869140625 0.424957275390625 0.37603759765625 -0.1234130859375
-0.403411865234375 0.418426513671875 0.41455078125 -0.296356201171875
-0.4727783203125 0.4986572265625 0.58551025390625 -0.39373779296875
-0.48809814453125 0.45965576171875 0.6143798828125 -0.48382568359375
-0.61370849609375 0.33843994140625 0.503997802734375 -0.4097900390625
-0.580322265625 0.50640869140625 0.19305419921875 -0.386016845703125
-0.50238037109375 0.57867431640625 -0.15673828125 -0.32708740234375
-0.3878173828125 0.62432861328125 -0.406524658203125 -0.126190185546875
-0.035400390625 0.59552001953125 -0.31756591796875 0.1375732421875
0.12921142578125 0.60150146484375 -0.17352294921875 0.314849853515625
0.326629638671875 0.44384765625 -0.061309814453125 0.35137939453125
0.42669677734375 0.40252685546875 -0.1658935546875 0.509368896484375
0.1971435546875 0.222763061523438 0.79638671875 0.09857177734375
0.0894012451171875 0.194808959960938 0.59332275390625 0.11566162109375
0.0281829833984375 0.24169921875 0.31842041015625 0.0435791015625
-0.102523803710938 0.199539184570313 0.32684326171875 -0.087127685546875
-0.232131958007812 0.210708618164063 0.405487060546875 -0.303802490234375
-0.26458740234375 0.28662109375 0.6015625 -0.48455810546875
-0.255264282226563 0.260162353515625 0.6888427734375 -0.62249755859375
-0.339080810546875 0.207275390625 0.61260986328125 -0.55487060546875
-0.33087158203125 0.30279541015625 0.2738037109375 -0.5791015625
-0.27587890625 0.336578369140625 -0.113983154296875 -0.505126953125
-0.21429443359375 0.34918212890625 -0.39923095703125 -0.227630615234375
-0.01519775390625 0.32769775390625 -0.306488037109375 0.131500244140625
0.082916259765625 0.341339111328125 -0.128082275390625 0.377105712890625
0.18206787109375 0.245498657226562 0.04791259765625 0.443359375
0.247344970703125 0.238876342773438 -0.0269775390624999 0.61395263671875
0.0292453765869141 0.0186691284179688 -0.09326171875 -0.5985107421875
-0.0309371948242188 -0.00835037231445313 -0.1168212890625 -0.51129150390625
-0.0218219757080078 -0.00815391540527344 0.092803955078125 -0.38262939453125
-0.0144004821777344 -0.0221900939941406 0.268096923828125 -0.1395263671875
-0.0152130126953125 -0.035919189453125 0.3037109375 0.245635986328125
0.00186920166015625 -0.0710830688476563 0.130889892578125 0.51806640625
0.00246810913085937 -0.05621337890625 -0.2730712890625 0.64007568359375
0.016204833984375 -0.0727920532226563 -0.606201171875 0.5535888671875
0.0486640930175781 -0.0644493103027344 -0.7041015625 0.62799072265625
0.0311965942382813 -0.0404472351074219 -0.6019287109375 0.52325439453125
0.0371360778808594 -0.00993728637695313 -0.3575439453125 0.320892333984375
0.00641059875488281 -0.0333385467529297 -0.268035888671875 0.057098388671875
-0.00153923034667969 -0.0164041519165039 -0.3167724609375 -0.11932373046875
0.00274658203125 -0.0279407501220703 -0.53662109375 -0.13909912109375
0.01910400390625 -0.0250015258789063 -0.83734130859375 -0.19439697265625
0.2877197265625 0.20050048828125 -0.0537109374999999 -0.5933837890625
0.16278076171875 0.201034545898438 -0.071014404296875 -0.528289794921875
0.1170654296875 0.306060791015625 0.121063232421875 -0.383880615234375
-0.047027587890625 0.309967041015625 0.29852294921875 -0.164093017578125
-0.209075927734375 0.2869873046875 0.30963134765625 0.20391845703125
-0.256271362304688 0.251556396484375 0.174224853515625 0.505767822265625
-0.283111572265625 0.224151611328125 -0.2115478515625 0.61859130859375
-0.3123779296875 0.101470947265625 -0.540557861328125 0.533966064453125
-0.231292724609375 0.15283203125 -0.65283203125 0.6202392578125
-0.20782470703125 0.160018920898438 -0.58282470703125 0.5203857421875
-0.165817260742188 0.175582885742187 -0.369232177734375 0.3172607421875
-0.0766754150390625 0.151901245117188 -0.277481079101563 0.0609588623046875
-0.0287017822265625 0.182693481445313 -0.309295654296875 -0.116241455078125
0.07647705078125 0.162689208984375 -0.520294189453125 -0.14892578125
0.179794311523438 0.166671752929688 -0.83270263671875 -0.1844482421875
0.4921875 0.360687255859375 0.0703735351562501 -0.5360107421875
0.3150634765625 0.380645751953125 0.053436279296875 -0.49359130859375
0.22784423828125 0.57379150390625 0.186553955078125 -0.359039306640625
-0.08056640625 0.59490966796875 0.34564208984375 -0.196502685546875
-0.3792724609375 0.56756591796875 0.333709716796875 0.106597900390625
-0.47735595703125 0.536834716796875 0.254241943359375 0.39239501953125
-0.523956298828125 0.46337890625 -0.0811767578125 0.47930908203125
-0.5955810546875 0.25616455078125 -0.389007568359375 0.426239013671875
-0.489776611328125 0.3580322265625 -0.535797119140625 0.539276123046875
-0.4364013671875 0.36993408203125 -0.53564453125 0.474365234375
-0.358367919921875 0.388092041015625 -0.3863525390625 0.300872802734375
-0.13995361328125 0.36419677734375 -0.298828125 0.0777282714843751
-0.030242919921875 0.399169921875 -0.3179931640625 -0.0796203613281249
0.163848876953125 0.350433349609375 -0.49853515625 -0.116424560546875
0.32861328125 0.341400146484375 -0.7791748046875 -0.1080322265625
0.60577392578125 0.46954345703125 0.247100830078125 -0.426483154296875
0.39202880859375 0.49639892578125 0.224609375 -0.4049072265625
0.27178955078125 0.742431640625 0.268951416015625 -0.301910400390625
-0.11676025390625 0.77142333984375 0.392486572265625 -0.217803955078125
-0.5006103515625 0.74517822265625 0.369232177734375 -0.0281982421875
-0.6243896484375 0.72998046875 0.3565673828125 0.192718505859375
-0.6756591796875 0.6212158203125 0.0996246337890625 0.253341674804688
-0.78692626953125 0.368896484375 -0.169784545898438 0.248504638671875
-0.680908203125 0.52630615234375 -0.358367919921875 0.38116455078125
-0.6123046875 0.57049560546875 -0.452423095703125 0.360107421875
-0.49871826171875 0.61334228515625 -0.400726318359375 0.251312255859375
-0.152099609375 0.58563232421875 -0.318878173828125 0.104400634765625
0.0110473632812499 0.6094970703125 -0.32037353515625 -0.000854492187499904
0.267791748046875 0.50439453125 -0.447265625 -0.0300598144531249
0.45404052734375 0.469329833984375 -0.6754150390625 0.02435302734375
0.6136474609375 0.5081787109375 0.437408447265625 -0.2847900390625
0.377716064453125 0.527679443359375 0.394683837890625 -0.275482177734375
0.23919677734375 0.77215576171875 0.339599609375 -0.21282958984375
-0.16119384765625 0.785400390625 0.42193603515625 -0.207733154296875
-0.551025390625 0.76239013671875 0.397552490234375 -0.159637451171875
-0.676513671875 0.77557373046875 0.456817626953125 -0.03717041015625
-0.7193603515625 0.66986083984375 0.296630859375 -0.016082763671875
-0.85736083984375 0.42352294921875 0.0778884887695312 0.0259246826171875
-0.76922607421875 0.6214599609375 -0.153350830078125 0.146926879882813
-0.6920166015625 0.70489501953125 -0.348052978515625 0.162261962890625
-0.551513671875 0.7706298828125 -0.410400390625 0.151611328125
-0.1214599609375 0.7392578125 -0.3289794921875 0.12890625
0.07818603515625 0.745849609375 -0.29266357421875 0.107147216796875
0.35723876953125 0.58587646484375 -0.34722900390625 0.09185791015625
0.52685546875 0.525360107421875 -0.52496337890625 0.188812255859375
0.528656005859375 0.47186279296875 0.6044921875 -0.1336669921875
0.29278564453125 0.471282958984375 0.5177001953125 -0.123291015625
0.1534423828125 0.66278076171875 0.3697509765625 -0.108123779296875
-0.19073486328125 0.6458740234375 0.41571044921875 -0.168548583984375
-0.51751708984375 0.62774658203125 0.4130859375 -0.25091552734375
-0.62115478515625 0.6805419921875 0.53619384765625 -0.2418212890625
-0.6514892578125 0.60504150390625 0.477081298828125 -0.2733154296875
-0.79644775390625 0.41064453125 0.314910888671875 -0.20416259765625
-0.735595703125 0.616455078125 0.042388916015625 -0.126304626464844
-0.65155029296875 0.71002197265625 -0.239425659179688 -0.0848999023437499
-0.5107421875 0.781494140625 -0.41192626953125 0.012054443359375
-0.0736083984375 0.7445068359375 -0.328887939453125 0.13995361328125
0.1280517578125 0.7489013671875 -0.23724365234375 0.2191162109375
0.38311767578125 0.56597900390625 -0.208572387695312 0.2257080078125
0.519622802734375 0.503814697265625 -0.346527099609375 0.358856201171875
0.378509521484375 0.37030029296875 0.72406005859375 0.00408935546875002
0.185272216796875 0.35125732421875 0.57940673828125 0.0189208984375
0.0687255859375 0.464996337890625 0.3543701171875 -0.015380859375
-0.173828125 0.42279052734375 0.37506103515625 -0.12109375
-0.40277099609375 0.418365478515625 0.41326904296875 -0.29290771484375
-0.471527099609375 0.49542236328125 0.5848388671875 -0.39068603515625
-0.48577880859375 0.455841064453125 0.6129150390625 -0.47967529296875
-0.6138916015625 0.33502197265625 0.5045166015625 -0.40582275390625
-0.58074951171875 0.503173828125 0.1954345703125 -0.3831787109375
-0.50262451171875 0.573486328125 -0.154876708984375 -0.32684326171875
-0.38873291015625 0.62298583984375 -0.405548095703125 -0.127349853515625
-0.0362548828125 0.5941162109375 -0.31689453125 0.136322021484375
0.128662109375 0.6004638671875 -0.175201416015625 0.312164306640625
0.3211669921875 0.443084716796875 -0.0636901855468749 0.349365234375
0.424713134765625 0.402374267578125 -0.16778564453125 0.507415771484375
0.196014404296875 0.222030639648438 0.79327392578125 0.100830078125
0.0882110595703125 0.193710327148437 0.5894775390625 0.1185302734375
0.027557373046875 0.240234375 0.3162841796875 0.0445556640625
-0.103240966796875 0.198379516601563 0.325225830078125 -0.0845947265625
-0.231719970703125 0.210617065429687 0.404052734375 -0.3016357421875
-0.262603759765625 0.285491943359375 0.60028076171875 -0.4813232421875
-0.254364013671875 0.25970458984375 0.68792724609375 -0.61834716796875
-0.3380126953125 0.205078125 0.6156005859375 -0.5513916015625
-0.33154296875 0.300506591796875 0.27606201171875 -0.57611083984375
-0.274627685546875 0.33477783203125 -0.113006591796875 -0.502960205078125
-0.215179443359375 0.349212646484375 -0.39678955078125 -0.2296142578125
-0.017120361328125 0.326751708984375 -0.30596923828125 0.129791259765625
0.081146240234375 0.3409423828125 -0.129302978515625 0.37554931640625
0.179794311523437 0.245498657226562 0.0455322265625 0.440521240234375
0.245376586914062 0.238479614257813 -0.0308837890625 0.61187744140625
0.0290870666503906 0.0180397033691406 -0.0909423828125001 -0.59869384765625
-0.0312385559082031 -0.007965087890625 -0.114593505859375 -0.512298583984375
-0.0218391418457031 -0.00819969177246093 0.0927734375 -0.383392333984375
-0.0145587921142578 -0.0224704742431641 0.268157958984375 -0.138641357421875
-0.0156593322753906 -0.0357704162597656 0.303314208984375 0.24591064453125
0.00142669677734375 -0.071197509765625 0.129425048828125 0.5179443359375
0.00250625610351562 -0.0568351745605469 -0.27587890625 0.63641357421875
0.0160064697265625 -0.0734481811523438 -0.61029052734375 0.550048828125
0.0492973327636719 -0.0650215148925781 -0.70654296875 0.6236572265625
0.0316696166992188 -0.0406494140625 -0.60345458984375 0.51910400390625
0.0381507873535156 -0.0102386474609375 -0.35736083984375 0.318359375
0.00604248046875 -0.0326194763183594 -0.268707275390625 0.0568695068359375
-0.00183868408203125 -0.0155410766601563 -0.316253662109375 -0.119873046875
0.00310134887695312 -0.0285224914550781 -0.533782958984375 -0.140289306640625
0.0195331573486328 -0.0259723663330078 -0.83648681640625 -0.19677734375
0.286865234375 0.2000732421875 -0.0513916015624999 -0.5938720703125
0.161056518554688 0.201416015625 -0.07025146484375 -0.52880859375
0.115814208984375 0.305755615234375 0.122589111328125 -0.3839111328125
-0.048095703125 0.309661865234375 0.29840087890625 -0.162872314453125
-0.21026611328125 0.28668212890625 0.30877685546875 0.204986572265625
-0.256851196289063 0.250595092773438 0.17279052734375 0.504180908203125
-0.283477783203125 0.22216796875 -0.21368408203125 0.6143798828125
-0.31219482421875 0.099853515625 -0.544677734375 0.529693603515625
-0.231399536132813 0.150527954101563 -0.654052734375 0.61627197265625
-0.207138061523438 0.157958984375 -0.5833740234375 0.5185546875
-0.165939331054687 0.17449951171875 -0.3695068359375 0.315948486328125
-0.0781097412109375 0.151473999023438 -0.278213500976563 0.06024169921875
-0.030059814453125 0.182785034179688 -0.309173583984375 -0.116424560546875
0.0756072998046875 0.16192626953125 -0.519256591796875 -0.150848388671875
0.179473876953125 0.166473388671875 -0.8306884765625 -0.185791015625
0.490447998046875 0.361236572265625 0.07257080078125 -0.535430908203125
0.313140869140625 0.38031005859375 0.05364990234375 -0.49298095703125
0.2247314453125 0.57354736328125 0.188812255859375 -0.359344482421875
-0.0814208984375 0.5950927734375 0.34521484375 -0.194122314453125
-0.381103515625 0.56744384765625 0.33245849609375 0.108642578125
-0.47882080078125 0.534515380859375 0.254119873046875 0.3917236328125
-0.524871826171875 0.460662841796875 -0.084442138671875 0.47711181640625
-0.595703125 0.2525634765625 -0.391815185546875 0.422088623046875
-0.489105224609375 0.355255126953125 -0.53564453125 0.534515380859375
-0.436187744140625 0.367584228515625 -0.534576416015625 0.47186279296875
-0.359130859375 0.387542724609375 -0.386138916015625 0.299285888671875
-0.1412353515625 0.36297607421875 -0.298858642578125 0.0773315429687501
-0.032989501953125 0.397857666015625 -0.317840576171875 -0.0804443359375
0.16070556640625 0.34906005859375 -0.49786376953125 -0.117767333984375
0.327301025390625 0.3421630859375 -0.77862548828125 -0.11175537109375
0.60345458984375 0.47015380859375 0.24755859375 -0.4261474609375
0.388427734375 0.49676513671875 0.224853515625 -0.4039306640625
0.269775390625 0.741455078125 0.27093505859375 -0.30035400390625
-0.1192626953125 0.76971435546875 0.392303466796875 -0.21563720703125
-0.50189208984375 0.7452392578125 0.36700439453125 -0.0252685546875
-0.62640380859375 0.72650146484375 0.357666015625 0.192474365234375
-0.6761474609375 0.6182861328125 0.0984039306640625 0.2523193359375
-0.78839111328125 0.365966796875 -0.170944213867188 0.246734619140625
-0.68243408203125 0.52288818359375 -0.357940673828125 0.378570556640625
-0.612060546875 0.5679931640625 -0.452789306640625 0.358734130859375
-0.49920654296875 0.6116943359375 -0.40185546875 0.250244140625
-0.15692138671875 0.58441162109375 -0.3187255859375 0.104095458984375
0.00823974609375006 0.6087646484375 -0.32037353515625 -0.0023803710937499
0.26416015625 0.50335693359375 -0.44775390625 -0.033294677734375
0.45062255859375 0.470001220703125 -0.6739501953125 0.02301025390625
0.6119384765625 0.5068359375 0.438446044921875 -0.283416748046875
0.374298095703125 0.528076171875 0.394012451171875 -0.27276611328125
0.23614501953125 0.76947021484375 0.341461181640625 -0.2109375
-0.16546630859375 0.784423828125 0.422210693359375 -0.204559326171875
-0.5533447265625 0.7623291015625 0.39703369140625 -0.1553955078125
-0.678466796875 0.773193359375 0.45782470703125 -0.0372314453125
-0.71881103515625 0.6669921875 0.295562744140625 -0.01544189453125
-0.8577880859375 0.42059326171875 0.077423095703125 0.0262069702148438
-0.77276611328125 0.617431640625 -0.153121948242188 0.145538330078125
-0.69287109375 0.70166015625 -0.346405029296875 0.162353515625
-0.55413818359375 0.76983642578125 -0.41070556640625 0.149688720703125
-0.124267578125 0.73822021484375 -0.329620361328125 0.12811279296875
0.07574462890625 0.746826171875 -0.29278564453125 0.10601806640625
0.352783203125 0.584228515625 -0.349151611328125 0.0898742675781251
0.524322509765625 0.526580810546875 -0.526031494140625 0.1881103515625
0.527496337890625 0.471435546875 0.60296630859375 -0.13104248046875
0.2908935546875 0.47265625 0.518890380859375 -0.12115478515625
0.15045166015625 0.66143798828125 0.37109375 -0.106475830078125
-0.1920166015625 0.64410400390625 0.415069580078125 -0.167938232421875
-0.51953125 0.626953125 0.4124755859375 -0.246978759765625
-0.62255859375 0.67791748046875 0.5372314453125 -0.2406005859375
-0.6513671875 0.60272216796875 0.4761962890625 -0.271636962890625
-0.79779052734375 0.4088134765625 0.316009521484375 -0.20184326171875
-0.7366943359375 0.61273193359375 0.0438308715820312 -0.1258544921875
-0.6546630859375 0.70623779296875 -0.239120483398438 -0.0860137939453124
-0.51312255859375 0.77947998046875 -0.41162109375 0.011749267578125
-0.07781982421875 0.7449951171875 -0.3282470703125 0.139129638671875
0.125 0.748046875 -0.237640380859375 0.217864990234375
0.37896728515625 0.56689453125 -0.210357666015625 0.224868774414063
0.517791748046875 0.5047607421875 -0.34759521484375 0.357666015625
0.37738037109375 0.37017822265625 0.723388671875 0.00677490234375002
0.182098388671875 0.3511962890625 0.5777587890625 0.02178955078125
0.06707763671875 0.463134765625 0.35260009765625 -0.013458251953125
-0.174224853515625 0.420867919921875 0.37451171875 -0.1180419921875
-0.40380859375 0.417938232421875 0.41217041015625 -0.2906494140625
-0.470672607421875 0.4937744140625 0.58441162109375 -0.390380859375
-0.485687255859375 0.454803466796875 0.6141357421875 -0.47601318359375
-0.61492919921875 0.33404541015625 0.506378173828125 -0.40283203125
-0.5811767578125 0.500732421875 0.19671630859375 -0.382598876953125
-0.5035400390625 0.5714111328125 -0.15496826171875 -0.326019287109375
-0.390869140625 0.6214599609375 -0.40521240234375 -0.127532958984375
-0.03985595703125 0.59295654296875 -0.316314697265625 0.135040283203125
0.12640380859375 0.6004638671875 -0.17559814453125 0.31085205078125
0.31866455078125 0.444915771484375 -0.0667724609375 0.348480224609375
0.4222412109375 0.403045654296875 -0.171875 0.507476806640625
0.1951904296875 0.221282958984375 0.7906494140625 0.10369873046875
0.0865936279296875 0.194198608398438 0.58966064453125 0.12017822265625
0.0265045166015625 0.239242553710938 0.315887451171875 0.04669189453125
-0.103927612304687 0.19683837890625 0.324798583984375 -0.083038330078125
-0.23199462890625 0.210952758789062 0.40283203125 -0.299896240234375
-0.2613525390625 0.284942626953125 0.60064697265625 -0.48004150390625
-0.254913330078125 0.256881713867188 0.68853759765625 -0.61285400390625
-0.338653564453125 0.203033447265625 0.6158447265625 -0.54669189453125
-0.33258056640625 0.29949951171875 0.27947998046875 -0.57366943359375
-0.275787353515625 0.333282470703125 -0.110076904296875 -0.502105712890625
-0.216522216796875 0.347625732421875 -0.396881103515625 -0.229522705078125
-0.01812744140625 0.32659912109375 -0.30560302734375 0.127716064453125
0.080413818359375 0.34033203125 -0.130218505859375 0.373931884765625
0.177719116210938 0.246978759765625 0.042633056640625 0.441162109375
0.244766235351563 0.239120483398438 -0.03460693359375 0.611083984375
0.028472900390625 0.0172157287597656 -0.08831787109375 -0.59942626953125
-0.0310935974121094 -0.00809097290039063 -0.11297607421875 -0.5137939453125
-0.0226287841796875 -0.00865364074707031 0.093505859375 -0.383331298828125
-0.0148124694824219 -0.0227718353271484 0.268112182617188 -0.13800048828125
-0.01593017578125 -0.0357933044433594 0.30322265625 0.24688720703125
0.001556396484375 -0.0714111328125 0.12884521484375 0.515960693359375
0.00238800048828125 -0.0573081970214844 -0.27813720703125 0.6336669921875
0.0160064697265625 -0.0740737915039062 -0.6136474609375 0.54815673828125
0.0497207641601563 -0.0655593872070313 -0.70819091796875 0.62109375
0.0325164794921875 -0.0408134460449219 -0.60345458984375 0.51678466796875
0.0385894775390625 -0.0103874206542969 -0.358245849609375 0.31658935546875
0.00558280944824219 -0.0320167541503906 -0.270095825195313 0.0570068359375
-0.0020608901977539 -0.0153951644897461 -0.316741943359375 -0.11993408203125
0.0036773681640625 -0.0288639068603516 -0.534088134765625 -0.14300537109375
0.0195121765136719 -0.0270500183105469 -0.837158203125 -0.198486328125
0.286102294921875 0.199676513671875 -0.0494995117187499 -0.59564208984375
0.160797119140625 0.202255249023437 -0.0699462890625 -0.52899169921875
0.115264892578125 0.305816650390625 0.123931884765625 -0.384735107421875
-0.049072265625 0.310302734375 0.29925537109375 -0.162139892578125
-0.211334228515625 0.287872314453125 0.30889892578125 0.207244873046875
-0.25701904296875 0.250350952148437 0.173248291015625 0.503875732421875
-0.284210205078125 0.2218017578125 -0.21636962890625 0.61248779296875
-0.31378173828125 0.098541259765625 -0.54803466796875 0.527069091796875
-0.231063842773437 0.149185180664063 -0.655029296875 0.61529541015625
-0.206634521484375 0.157379150390625 -0.58416748046875 0.515380859375
-0.165451049804687 0.174453735351562 -0.37127685546875 0.3157958984375
-0.0791473388671875 0.1517333984375 -0.279251098632813 0.0609588623046875
-0.030975341796875 0.182464599609375 -0.309326171875 -0.1175537109375
0.0747833251953125 0.161270141601563 -0.518890380859375 -0.1534423828125
0.17938232421875 0.165847778320313 -0.8314208984375 -0.1884765625
0.488861083984375 0.361572265625 0.073455810546875 -0.536346435546875
0.311767578125 0.382171630859375 0.053741455078125 -0.49285888671875
0.22491455078125 0.57391357421875 0.19024658203125 -0.35931396484375
-0.0833740234375 0.59521484375 0.3463134765625 -0.191986083984375
-0.3836669921875 0.5689697265625 0.333160400390625 0.1103515625
-0.479644775390625 0.53424072265625 0.25439453125 0.389495849609375
-0.525665283203125 0.46002197265625 -0.0851440429687501 0.475799560546875
-0.5986328125 0.25146484375 -0.39453125 0.420623779296875
-0.4893798828125 0.353271484375 -0.536376953125 0.53363037109375
-0.436004638671875 0.365386962890625 -0.53668212890625 0.469146728515625
-0.359832763671875 0.386474609375 -0.387603759765625 0.299957275390625
-0.144500732421875 0.362884521484375 -0.300048828125 0.0768737792968751
-0.0347900390625 0.398681640625 -0.3189697265625 -0.0807800292968749
0.159332275390625 0.348724365234375 -0.498016357421875 -0.12078857421875
0.32635498046875 0.343017578125 -0.77764892578125 -0.1121826171875
0.60308837890625 0.4696044921875 0.250396728515625 -0.426116943359375
0.386566162109375 0.498138427734375 0.225067138671875 -0.4039306640625
0.2691650390625 0.7412109375 0.2720947265625 -0.300201416015625
-0.12060546875 0.77117919921875 0.393890380859375 -0.2147216796875
-0.505615234375 0.748291015625 0.36749267578125 -0.02288818359375
-0.62628173828125 0.7269287109375 0.358856201171875 0.190765380859375
-0.67877197265625 0.61767578125 0.0972595214843749 0.25213623046875
-0.79132080078125 0.364990234375 -0.172683715820313 0.24560546875
-0.683349609375 0.52044677734375 -0.35919189453125 0.377716064453125
-0.61395263671875 0.5667724609375 -0.45477294921875 0.35711669921875
-0.501708984375 0.6123046875 -0.402587890625 0.25006103515625
-0.15869140625 0.58441162109375 -0.31982421875 0.10418701171875
0.00524902343750006 0.609130859375 -0.320526123046875 -0.00344848632812502
0.2606201171875 0.5030517578125 -0.4481201171875 -0.034088134765625
0.4501953125 0.47064208984375 -0.67669677734375 0.02215576171875
0.611572265625 0.5074462890625 0.4385986328125 -0.283050537109375
0.3726806640625 0.528594970703125 0.394378662109375 -0.27130126953125
0.23626708984375 0.76971435546875 0.342803955078125 -0.210205078125
-0.1680908203125 0.784912109375 0.422637939453125 -0.204345703125
-0.555419921875 0.76348876953125 0.39727783203125 -0.15301513671875
-0.6787109375 0.7711181640625 0.459930419921875 -0.0362548828124999
-0.72198486328125 0.6663818359375 0.29534912109375 -0.015533447265625
-0.86077880859375 0.4188232421875 0.0774002075195312 0.026611328125
-0.77374267578125 0.61553955078125 -0.153060913085938 0.144927978515625
-0.69366455078125 0.6998291015625 -0.348388671875 0.1607666015625
-0.56005859375 0.7705078125 -0.41162109375 0.15008544921875
-0.12884521484375 0.7392578125 -0.33056640625 0.1278076171875
0.0743408203125 0.74755859375 -0.294036865234375 0.104156494140625
0.34814453125 0.58709716796875 -0.350860595703125 0.08917236328125
0.52325439453125 0.5277099609375 -0.52801513671875 0.18560791015625
0.52703857421875 0.472900390625 0.603759765625 -0.12799072265625
0.28729248046875 0.4727783203125 0.518218994140625 -0.119354248046875
0.14996337890625 0.66156005859375 0.372467041015625 -0.105499267578125
-0.19464111328125 0.6441650390625 0.415802001953125 -0.1656494140625
-0.52276611328125 0.6279296875 0.41326904296875 -0.246246337890625
-0.6212158203125 0.67596435546875 0.540008544921875 -0.24169921875
-0.6524658203125 0.59967041015625 0.477935791015625 -0.269775390625
-0.80035400390625 0.4063720703125 0.317291259765625 -0.201080322265625
-0.73968505859375 0.61126708984375 0.0447616577148437 -0.126213073730469
-0.65643310546875 0.70538330078125 -0.239471435546875 -0.085845947265625
-0.5159912109375 0.78106689453125 -0.411834716796875 0.01153564453125
-0.0816040039062501 0.745361328125 -0.327972412109375 0.13861083984375
0.12261962890625 0.748046875 -0.238800048828125 0.216964721679688
0.376220703125 0.5677490234375 -0.212921142578125 0.224090576171875
0.5162353515625 0.507568359375 -0.350921630859375 0.357391357421875
0.376983642578125 0.370361328125 0.72222900390625 0.00976562500000002
0.180572509765625 0.3514404296875 0.57806396484375 0.0234375
0.06683349609375 0.46142578125 0.35394287109375 -0.01165771484375
-0.176055908203125 0.4217529296875 0.374053955078125 -0.1170654296875
-0.404266357421875 0.418060302734375 0.41278076171875 -0.288360595703125
-0.47100830078125 0.49432373046875 0.58612060546875 -0.3896484375
-0.486114501953125 0.452117919921875 0.615234375 -0.47454833984375
-0.61676025390625 0.33294677734375 0.50885009765625 -0.398834228515625
-0.5836181640625 0.50006103515625 0.1993408203125 -0.38323974609375
-0.50372314453125 0.57086181640625 -0.154296875 -0.325408935546875
-0.39288330078125 0.62225341796875 -0.40496826171875 -0.12823486328125
-0.04150390625 0.59332275390625 -0.31787109375 0.134033203125
0.12384033203125 0.600341796875 -0.176483154296875 0.310333251953125
0.316436767578125 0.44677734375 -0.068450927734375 0.348785400390625
0.42071533203125 0.405303955078125 -0.173004150390625 0.507415771484375
0.194854736328125 0.2215576171875 0.7926025390625 0.106201171875
0.0857696533203125 0.193710327148438 0.5877685546875 0.122314453125
0.0266571044921875 0.238388061523437 0.315216064453125 0.048004150390625
-0.104782104492188 0.196914672851562 0.32476806640625 -0.0810546875
-0.232269287109375 0.211517333984375 0.402801513671875 -0.2972412109375
-0.260711669921875 0.283721923828125 0.60235595703125 -0.4776611328125
-0.254531860351563 0.25518798828125 0.69073486328125 -0.6109619140625
-0.339599609375 0.202362060546875 0.62054443359375 -0.54412841796875
-0.332916259765625 0.2984619140625 0.28143310546875 -0.572998046875
-0.276947021484375 0.333038330078125 -0.109405517578125 -0.502685546875
-0.218597412109375 0.34710693359375 -0.3955078125 -0.230865478515625
-0.019989013671875 0.326904296875 -0.30572509765625 0.1268310546875
0.079132080078125 0.340789794921875 -0.131561279296875 0.3729248046875
0.175888061523438 0.248275756835938 0.0396728515625 0.440948486328125
0.244796752929688 0.239471435546875 -0.0367431640625 0.61273193359375
0.0285186767578125 0.0165176391601563 -0.087646484375 -0.6015625
-0.0315265655517578 -0.00800514221191406 -0.11370849609375 -0.51513671875
-0.0229396820068359 -0.00881004333496093 0.0931396484375 -0.386077880859375
-0.0154018402099609 -0.0236053466796875 0.269073486328125 -0.138168334960938
-0.0164337158203125 -0.0356025695800781 0.30401611328125 0.24798583984375
0.00165557861328125 -0.071929931640625 0.128936767578125 0.51776123046875
0.0024261474609375 -0.0580177307128906 -0.27874755859375 0.63336181640625
0.0158309936523438 -0.0749588012695313 -0.61981201171875 0.5478515625
0.0501632690429688 -0.0665740966796875 -0.71246337890625 0.61968994140625
0.0326919555664063 -0.0416755676269531 -0.60455322265625 0.51446533203125
0.0391921997070313 -0.0106353759765625 -0.35986328125 0.316619873046875
0.00550651550292969 -0.0314846038818359 -0.271896362304688 0.0570526123046875
-0.00210094451904297 -0.0143976211547852 -0.317596435546875 -0.12030029296875
0.00384712219238281 -0.0295982360839844 -0.535003662109375 -0.143310546875
0.0199394226074219 -0.0282917022705078 -0.83868408203125 -0.1993408203125
0.28631591796875 0.19970703125 -0.04888916015625 -0.596923828125
0.1600341796875 0.203689575195313 -0.0692138671875 -0.531158447265625
0.115692138671875 0.305938720703125 0.125091552734375 -0.387664794921875
-0.050201416015625 0.310516357421875 0.29925537109375 -0.162353515625
-0.2132568359375 0.28863525390625 0.3082275390625 0.2091064453125
-0.258026123046875 0.25 0.17431640625 0.50360107421875
-0.284912109375 0.221832275390625 -0.22015380859375 0.61138916015625
-0.31512451171875 0.097564697265625 -0.552093505859375 0.527496337890625
-0.231582641601563 0.148162841796875 -0.65802001953125 0.61383056640625
-0.206588745117188 0.15692138671875 -0.5855712890625 0.5159912109375
-0.165512084960938 0.17413330078125 -0.370086669921875 0.315521240234375
-0.080169677734375 0.152435302734375 -0.280288696289063 0.0609283447265626
-0.03118896484375 0.183151245117188 -0.310546875 -0.11785888671875
0.0739593505859375 0.16119384765625 -0.52044677734375 -0.1553955078125
0.179290771484375 0.165756225585938 -0.8331298828125 -0.18695068359375
0.4888916015625 0.3612060546875 0.07373046875 -0.536834716796875
0.312255859375 0.38433837890625 0.0531005859375 -0.494110107421875
0.2249755859375 0.574462890625 0.1898193359375 -0.36126708984375
-0.08587646484375 0.59625244140625 0.346343994140625 -0.19305419921875
-0.385498046875 0.572021484375 0.333221435546875 0.112548828125
-0.4813232421875 0.53607177734375 0.255035400390625 0.38995361328125
-0.527313232421875 0.46148681640625 -0.087249755859375 0.476043701171875
-0.6007080078125 0.2503662109375 -0.397125244140625 0.420501708984375
-0.490264892578125 0.350982666015625 -0.53887939453125 0.534332275390625
-0.436920166015625 0.36517333984375 -0.537933349609375 0.469879150390625
-0.360321044921875 0.386932373046875 -0.389129638671875 0.29852294921875
-0.1455078125 0.36419677734375 -0.301513671875 0.0780334472656251
-0.03619384765625 0.399993896484375 -0.3192138671875 -0.081268310546875
0.156646728515625 0.3494873046875 -0.499359130859375 -0.1221923828125
0.3265380859375 0.343902587890625 -0.78082275390625 -0.11346435546875
0.60345458984375 0.47216796875 0.249114990234375 -0.4268798828125
0.385589599609375 0.499755859375 0.22503662109375 -0.4036865234375
0.2694091796875 0.7427978515625 0.274505615234375 -0.301605224609375
-0.12298583984375 0.77276611328125 0.394317626953125 -0.21307373046875
-0.508056640625 0.75054931640625 0.368194580078125 -0.02099609375
-0.62933349609375 0.7271728515625 0.3597412109375 0.190032958984375
-0.6800537109375 0.61932373046875 0.0963287353515625 0.251815795898438
-0.793212890625 0.36334228515625 -0.174545288085938 0.246200561523438
-0.684814453125 0.519287109375 -0.3597412109375 0.376495361328125
-0.61444091796875 0.56732177734375 -0.456207275390625 0.356781005859375
-0.502685546875 0.61279296875 -0.403106689453125 0.250518798828125
-0.1617431640625 0.5863037109375 -0.3211669921875 0.104278564453125
0.00512695312499999 0.61077880859375 -0.322723388671875 -0.00350952148437498
0.259429931640625 0.5047607421875 -0.450836181640625 -0.0357666015625001
0.45086669921875 0.471343994140625 -0.67901611328125 0.02069091796875
0.61273193359375 0.509521484375 0.44000244140625 -0.28265380859375
0.371551513671875 0.53021240234375 0.394622802734375 -0.269866943359375
0.2353515625 0.77001953125 0.3447265625 -0.211212158203125
-0.16961669921875 0.787353515625 0.424041748046875 -0.202728271484375
-0.5577392578125 0.76708984375 0.398712158203125 -0.152618408203125
-0.68017578125 0.77288818359375 0.461395263671875 -0.038848876953125
-0.72381591796875 0.66693115234375 0.295379638671875 -0.015625
-0.86480712890625 0.41796875 0.0774154663085937 0.0267181396484375
-0.7750244140625 0.61480712890625 -0.152786254882813 0.144790649414063
-0.69744873046875 0.69964599609375 -0.349761962890625 0.161407470703125
-0.56158447265625 0.77288818359375 -0.413299560546875 0.150634765625
-0.13116455078125 0.74139404296875 -0.33099365234375 0.12713623046875
0.0713500976562501 0.74945068359375 -0.295379638671875 0.10400390625
0.346435546875 0.58868408203125 -0.353912353515625 0.08807373046875
0.522674560546875 0.5311279296875 -0.530609130859375 0.1875
0.52642822265625 0.473968505859375 0.60455322265625 -0.1278076171875
0.288055419921875 0.47509765625 0.519500732421875 -0.117645263671875
0.1488037109375 0.6617431640625 0.374786376953125 -0.104034423828125
-0.196533203125 0.64532470703125 0.4171142578125 -0.164794921875
-0.52490234375 0.63214111328125 0.414031982421875 -0.244476318359375
-0.62322998046875 0.677734375 0.541412353515625 -0.242645263671875
-0.65350341796875 0.5999755859375 0.479400634765625 -0.27197265625
-0.80419921875 0.40887451171875 0.319183349609375 -0.20037841796875
-0.7430419921875 0.610107421875 0.0457916259765624 -0.126495361328125
-0.6590576171875 0.707275390625 -0.2401123046875 -0.086090087890625
-0.51904296875 0.7838134765625 -0.4132080078125 0.01123046875
-0.0816650390625001 0.74774169921875 -0.33026123046875 0.138580322265625
0.12261962890625 0.7515869140625 -0.240447998046875 0.216415405273438
0.37274169921875 0.57049560546875 -0.215347290039063 0.223922729492188
0.518341064453125 0.510223388671875 -0.35296630859375 0.359649658203125
0.37786865234375 0.37042236328125 0.7236328125 0.010498046875
0.179962158203125 0.35150146484375 0.57904052734375 0.0257568359375
0.065704345703125 0.46307373046875 0.3548583984375 -0.01092529296875
-0.177978515625 0.42266845703125 0.376007080078125 -0.115631103515625
-0.406005859375 0.420318603515625 0.4140625 -0.2879638671875
-0.470703125 0.493988037109375 0.5880126953125 -0.3892822265625
-0.4876708984375 0.451507568359375 0.6175537109375 -0.4737548828125
-0.61962890625 0.3311767578125 0.5118408203125 -0.39898681640625
-0.58538818359375 0.4993896484375 0.2022705078125 -0.382598876953125
-0.5072021484375 0.570068359375 -0.153106689453125 -0.32562255859375
-0.3968505859375 0.62322998046875 -0.406036376953125 -0.12774658203125
-0.0451049804687499 0.595458984375 -0.318572998046875 0.13323974609375
0.12322998046875 0.6024169921875 -0.177886962890625 0.3106689453125
0.3148193359375 0.44927978515625 -0.071319580078125 0.350128173828125
0.422607421875 0.405517578125 -0.176055908203125 0.509033203125
0.195419311523438 0.220993041992188 0.79278564453125 0.1080322265625
0.0851593017578125 0.19464111328125 0.5899658203125 0.1251220703125
0.026519775390625 0.2381591796875 0.315093994140625 0.048919677734375
-0.105758666992187 0.196807861328125 0.32476806640625 -0.07977294921875
-0.232925415039063 0.213043212890625 0.40399169921875 -0.296905517578125
-0.26177978515625 0.283782958984375 0.60302734375 -0.47857666015625
-0.25579833984375 0.254348754882813 0.6934814453125 -0.6121826171875
-0.341217041015625 0.202911376953125 0.62530517578125 -0.54412841796875
-0.334381103515625 0.299285888671875 0.28411865234375 -0.57330322265625
-0.2789306640625 0.332611083984375 -0.109619140625 -0.503143310546875
-0.219635009765625 0.3486328125 -0.3985595703125 -0.232177734375
-0.020965576171875 0.328399658203125 -0.306640625 0.126556396484375
0.079010009765625 0.34210205078125 -0.132232666015625 0.373382568359375
0.174942016601563 0.249984741210938 0.0386962890625 0.442474365234375
0.24468994140625 0.240554809570313 -0.03778076171875 0.6142578125
0.0286846160888672 0.0156078338623047 -0.08758544921875 -0.60479736328125
-0.0316829681396484 -0.00760650634765625 -0.114593505859375 -0.5179443359375
-0.0236606597900391 -0.00865173339843751 0.093292236328125 -0.389434814453125
-0.0158329010009766 -0.0239048004150391 0.269943237304688 -0.1383056640625
-0.0168800354003906 -0.0358238220214844 0.305633544921875 0.24993896484375
0.00120544433593751 -0.0723876953125 0.129547119140625 0.517913818359375
0.00209426879882813 -0.0590133666992188 -0.283447265625 0.6331787109375
0.0155868530273437 -0.0755996704101563 -0.624267578125 0.5474853515625
0.0505828857421875 -0.0680198669433594 -0.7139892578125 0.62115478515625
0.0333747863769531 -0.0420074462890625 -0.60797119140625 0.51763916015625
0.0401535034179688 -0.0108909606933594 -0.3612060546875 0.318023681640625
0.00527763366699218 -0.0309429168701172 -0.273117065429688 0.0576019287109376
-0.00202465057373047 -0.0138578414916992 -0.319244384765625 -0.12060546875
0.00427055358886719 -0.0301609039306641 -0.536590576171875 -0.14471435546875
0.0204067230224609 -0.0289745330810547 -0.84173583984375 -0.19976806640625
0.2872314453125 0.1995849609375 -0.04925537109375 -0.5992431640625
0.16009521484375 0.204254150390625 -0.07110595703125 -0.53338623046875
0.115570068359375 0.307647705078125 0.12603759765625 -0.39056396484375
-0.05133056640625 0.31219482421875 0.3006591796875 -0.16265869140625
-0.214508056640625 0.2904052734375 0.310546875 0.211944580078125
-0.25946044921875 0.251068115234375 0.175445556640625 0.50445556640625
-0.28564453125 0.221466064453125 -0.2218017578125 0.6123046875
-0.3167724609375 0.0972290039062501 -0.557159423828125 0.528411865234375
-0.2325439453125 0.1473388671875 -0.66143798828125 0.6158447265625
-0.206787109375 0.156524658203125 -0.58843994140625 0.51702880859375
-0.166046142578125 0.174545288085938 -0.372711181640625 0.31640625
-0.081634521484375 0.152847290039063 -0.282501220703125 0.0618896484375
-0.031707763671875 0.184112548828125 -0.3121337890625 -0.118499755859375
0.072906494140625 0.161239624023438 -0.52313232421875 -0.15679931640625
0.180068969726563 0.16571044921875 -0.83673095703125 -0.1890869140625
0.491363525390625 0.362518310546875 0.074859619140625 -0.540863037109375
0.311981201171875 0.3846435546875 0.053253173828125 -0.49609375
0.225830078125 0.5765380859375 0.193572998046875 -0.36309814453125
-0.0874023437500001 0.60076904296875 0.34759521484375 -0.193389892578125
-0.38751220703125 0.5753173828125 0.334930419921875 0.11395263671875
-0.484832763671875 0.5372314453125 0.2578125 0.390228271484375
-0.529876708984375 0.460784912109375 -0.088409423828125 0.475982666015625
-0.603759765625 0.25091552734375 -0.40008544921875 0.42236328125
-0.49261474609375 0.352020263671875 -0.5411376953125 0.53466796875
-0.43719482421875 0.36578369140625 -0.541351318359375 0.47076416015625
-0.361480712890625 0.388214111328125 -0.390289306640625 0.30035400390625
-0.147369384765625 0.36602783203125 -0.302978515625 0.0782775878906251
-0.036590576171875 0.40081787109375 -0.3212890625 -0.0818176269531249
0.156585693359375 0.349822998046875 -0.50244140625 -0.123077392578125
0.3280029296875 0.34381103515625 -0.7852783203125 -0.11328125
0.6044921875 0.472412109375 0.251220703125 -0.42852783203125
0.38739013671875 0.50299072265625 0.225067138671875 -0.40533447265625
0.26904296875 0.74652099609375 0.276123046875 -0.30413818359375
-0.1243896484375 0.7763671875 0.395111083984375 -0.214385986328125
-0.5113525390625 0.7554931640625 0.3697509765625 -0.019805908203125
-0.630126953125 0.73028564453125 0.362152099609375 0.190704345703125
-0.68170166015625 0.62042236328125 0.0961456298828124 0.252090454101563
-0.79730224609375 0.36419677734375 -0.176132202148438 0.2467041015625
-0.68829345703125 0.51953125 -0.360565185546875 0.377960205078125
-0.6173095703125 0.56756591796875 -0.459228515625 0.3599853515625
-0.50506591796875 0.61700439453125 -0.40582275390625 0.251922607421875
-0.1639404296875 0.5889892578125 -0.322601318359375 0.10540771484375
0.00457763671874996 0.6124267578125 -0.324859619140625 -0.0035705566406249
0.257843017578125 0.505828857421875 -0.4537353515625 -0.0361328125
0.45245361328125 0.473876953125 -0.68328857421875 0.0211791992187502
0.6148681640625 0.51068115234375 0.4423828125 -0.2828369140625
0.371246337890625 0.532989501953125 0.3956298828125 -0.2703857421875
0.2364501953125 0.77203369140625 0.3468017578125 -0.212127685546875
-0.17059326171875 0.791259765625 0.4254150390625 -0.202728271484375
-0.56170654296875 0.7708740234375 0.39910888671875 -0.15167236328125
-0.6845703125 0.77740478515625 0.46514892578125 -0.0390014648437499
-0.72735595703125 0.668212890625 0.296630859375 -0.015594482421875
-0.86859130859375 0.41961669921875 0.0775756835937499 0.0272674560546875
-0.78143310546875 0.6163330078125 -0.15289306640625 0.144805908203125
-0.69970703125 0.7017822265625 -0.35205078125 0.16217041015625
-0.5653076171875 0.7764892578125 -0.414825439453125 0.151123046875
-0.13458251953125 0.74444580078125 -0.333587646484375 0.128448486328125
0.0701293945312501 0.751953125 -0.296661376953125 0.103607177734375
0.34588623046875 0.5908203125 -0.355743408203125 0.087738037109375
0.525421142578125 0.53277587890625 -0.533203125 0.18817138671875
0.52850341796875 0.474945068359375 0.607421875 -0.1285400390625
0.28662109375 0.477569580078125 0.519927978515625 -0.117431640625
0.14959716796875 0.6632080078125 0.375823974609375 -0.105255126953125
-0.1986083984375 0.649658203125 0.41876220703125 -0.162933349609375
-0.5289306640625 0.63519287109375 0.4151611328125 -0.244659423828125
-0.625732421875 0.6802978515625 0.546966552734375 -0.24371337890625
-0.65625 0.60205078125 0.4813232421875 -0.271881103515625
-0.8084716796875 0.40802001953125 0.320770263671875 -0.200347900390625
-0.74658203125 0.6136474609375 0.0470504760742187 -0.127113342285156
-0.6610107421875 0.70745849609375 -0.241073608398438 -0.0860137939453125
-0.523681640625 0.78759765625 -0.416046142578125 0.0111083984375
-0.0842285156250001 0.75323486328125 -0.33123779296875 0.138763427734375
0.12109375 0.7552490234375 -0.24151611328125 0.217147827148438
0.37322998046875 0.57476806640625 -0.218093872070313 0.224533081054688
0.520599365234375 0.5115966796875 -0.356964111328125 0.362060546875
0.378692626953125 0.372314453125 0.72576904296875 0.00994873046875002
0.178741455078125 0.3531494140625 0.57989501953125 0.027099609375
0.06591796875 0.4637451171875 0.35614013671875 -0.00967407226562497
-0.18017578125 0.42236328125 0.3763427734375 -0.114593505859375
-0.40850830078125 0.42303466796875 0.41351318359375 -0.289337158203125
-0.4718017578125 0.4967041015625 0.59002685546875 -0.39154052734375
-0.488525390625 0.45294189453125 0.62188720703125 -0.47552490234375
-0.62249755859375 0.33355712890625 0.51568603515625 -0.399139404296875
-0.58892822265625 0.50103759765625 0.20404052734375 -0.383575439453125
-0.5084228515625 0.574462890625 -0.15423583984375 -0.32818603515625
-0.39947509765625 0.6268310546875 -0.40997314453125 -0.130401611328125
-0.04681396484375 0.59881591796875 -0.319610595703125 0.134002685546875
0.12347412109375 0.6065673828125 -0.178955078125 0.311981201171875
0.314239501953125 0.451751708984375 -0.0738525390625 0.3509521484375
0.42388916015625 0.408660888671875 -0.17816162109375 0.512786865234375
0.19671630859375 0.22137451171875 0.7939453125 0.1102294921875
0.08465576171875 0.195343017578125 0.59283447265625 0.12542724609375
0.026275634765625 0.237960815429687 0.315887451171875 0.050994873046875
-0.1065673828125 0.197555541992187 0.32586669921875 -0.079315185546875
-0.233001708984375 0.214797973632813 0.40545654296875 -0.298309326171875
-0.261810302734375 0.284698486328125 0.6058349609375 -0.48028564453125
-0.254791259765625 0.255691528320313 0.69647216796875 -0.6124267578125
-0.341705322265625 0.20379638671875 0.63079833984375 -0.54351806640625
-0.336639404296875 0.2991943359375 0.28765869140625 -0.57470703125
-0.279296875 0.333587646484375 -0.109771728515625 -0.50482177734375
-0.222137451171875 0.3499755859375 -0.3995361328125 -0.233306884765625
-0.022216796875 0.329498291015625 -0.308624267578125 0.126434326171875
0.079132080078125 0.3436279296875 -0.133392333984375 0.37481689453125
0.17474365234375 0.252197265625 0.0368957519531251 0.444915771484375
0.246124267578125 0.241363525390625 -0.03955078125 0.61871337890625
0.0282020568847656 0.0148963928222656 -0.08648681640625 -0.608642578125
-0.0320510864257812 -0.00706863403320313 -0.115081787109375 -0.5213623046875
-0.0240001678466797 -0.00870323181152344 0.09246826171875 -0.391357421875
-0.0163307189941406 -0.0245018005371094 0.270401000976563 -0.13922119140625
-0.017242431640625 -0.0359878540039063 0.307220458984375 0.251434326171875
0.000732421875000004 -0.073089599609375 0.132110595703125 0.51983642578125
0.00189971923828126 -0.0601043701171875 -0.284423828125 0.63641357421875
0.0150909423828125 -0.0764083862304687 -0.62957763671875 0.5489501953125
0.0508956909179688 -0.0691909790039063 -0.715576171875 0.625
0.0335006713867188 -0.0428352355957031 -0.6083984375 0.518798828125
0.0407485961914063 -0.0113754272460938 -0.36279296875 0.3189697265625
0.00500679016113281 -0.0304298400878906 -0.275680541992188 0.0588836669921875
-0.00212574005126953 -0.0133056640625 -0.3221435546875 -0.120574951171875
0.00429916381835937 -0.0307979583740234 -0.53924560546875 -0.14471435546875
0.0201530456542969 -0.0301952362060547 -0.8466796875 -0.1993408203125
0.2886962890625 0.198974609375 -0.04803466796875 -0.60333251953125
0.160751342773438 0.205245971679688 -0.0718688964843749 -0.535614013671875
0.116607666015625 0.3084716796875 0.126007080078125 -0.3931884765625
-0.05157470703125 0.313873291015625 0.301544189453125 -0.163421630859375
-0.215789794921875 0.29364013671875 0.313079833984375 0.21356201171875
-0.259994506835938 0.252792358398438 0.1776123046875 0.505035400390625
-0.287139892578125 0.2222900390625 -0.2222900390625 0.61407470703125
-0.3187255859375 0.097747802734375 -0.561187744140625 0.5299072265625
-0.232498168945313 0.147125244140625 -0.663330078125 0.61895751953125
-0.206680297851562 0.156631469726563 -0.5887451171875 0.51861572265625
-0.165756225585938 0.175155639648438 -0.373687744140625 0.31793212890625
-0.0820770263671875 0.154373168945313 -0.28375244140625 0.0632934570312501
-0.0322418212890625 0.185287475585938 -0.313934326171875 -0.1175537109375
0.0732879638671875 0.160964965820313 -0.525177001953125 -0.15728759765625
0.181015014648437 0.165023803710938 -0.84173583984375 -0.1888427734375
0.493743896484375 0.3621826171875 0.074859619140625 -0.542205810546875
0.313629150390625 0.38720703125 0.053253173828125 -0.498199462890625
0.22686767578125 0.578857421875 0.19482421875 -0.3668212890625
-0.0863037109375 0.60369873046875 0.348968505859375 -0.19384765625
-0.38934326171875 0.58074951171875 0.336639404296875 0.11541748046875
-0.4857177734375 0.54034423828125 0.26007080078125 0.390899658203125
-0.5308837890625 0.464508056640625 -0.0892944335937501 0.47772216796875
-0.60760498046875 0.25262451171875 -0.40362548828125 0.42474365234375
-0.494171142578125 0.351409912109375 -0.543792724609375 0.53692626953125
-0.438507080078125 0.36614990234375 -0.542938232421875 0.4742431640625
-0.363494873046875 0.390625 -0.39300537109375 0.30267333984375
-0.148895263671875 0.368621826171875 -0.305145263671875 0.0802001953125
-0.035797119140625 0.40423583984375 -0.32366943359375 -0.081756591796875
0.156036376953125 0.350494384765625 -0.505523681640625 -0.12359619140625
0.331451416015625 0.345001220703125 -0.78948974609375 -0.11181640625
0.60888671875 0.47332763671875 0.251556396484375 -0.4315185546875
0.388092041015625 0.503997802734375 0.22650146484375 -0.40765380859375
0.272216796875 0.74591064453125 0.278167724609375 -0.306488037109375
-0.1260986328125 0.78143310546875 0.395965576171875 -0.21466064453125
-0.51141357421875 0.76214599609375 0.371551513671875 -0.019073486328125
-0.63330078125 0.73614501953125 0.366607666015625 0.188720703125
-0.68438720703125 0.6241455078125 0.0959777832031249 0.252639770507813
-0.802978515625 0.3668212890625 -0.178054809570313 0.247589111328125
-0.68988037109375 0.52166748046875 -0.362945556640625 0.379791259765625
-0.61724853515625 0.57183837890625 -0.460968017578125 0.3599853515625
-0.50823974609375 0.61932373046875 -0.407623291015625 0.25445556640625
-0.1634521484375 0.5924072265625 -0.324554443359375 0.107147216796875
0.00317382812499995 0.6175537109375 -0.3260498046875 -0.00329589843749993
0.2567138671875 0.5087890625 -0.4566650390625 -0.03692626953125
0.456085205078125 0.475372314453125 -0.68719482421875 0.0234375000000002
0.61907958984375 0.51153564453125 0.441864013671875 -0.28594970703125
0.3729248046875 0.53656005859375 0.396728515625 -0.27203369140625
0.238525390625 0.77581787109375 0.35028076171875 -0.214080810546875
-0.17108154296875 0.7967529296875 0.427337646484375 -0.20355224609375
-0.56219482421875 0.77886962890625 0.401092529296875 -0.15252685546875
-0.684814453125 0.7811279296875 0.4691162109375 -0.04205322265625
-0.7276611328125 0.67376708984375 0.29754638671875 -0.016876220703125
-0.8753662109375 0.42132568359375 0.0778656005859374 0.0276565551757813
-0.78314208984375 0.61846923828125 -0.153350830078125 0.144989013671875
-0.7015380859375 0.70660400390625 -0.352569580078125 0.1636962890625
-0.56744384765625 0.78155517578125 -0.41680908203125 0.153533935546875
-0.13494873046875 0.75042724609375 -0.335296630859375 0.1298828125
0.07147216796875 0.7557373046875 -0.299072265625 0.104400634765625
0.34576416015625 0.5931396484375 -0.359619140625 0.08697509765625
0.5301513671875 0.5341796875 -0.538238525390625 0.190521240234375
0.5311279296875 0.476959228515625 0.6099853515625 -0.12884521484375
0.287261962890625 0.478668212890625 0.522674560546875 -0.1177978515625
0.15228271484375 0.664794921875 0.37890625 -0.10614013671875
-0.2000732421875 0.65191650390625 0.41912841796875 -0.163421630859375
-0.53045654296875 0.64056396484375 0.4158935546875 -0.24432373046875
-0.6265869140625 0.683349609375 0.548309326171875 -0.2459716796875
-0.65740966796875 0.605712890625 0.481781005859375 -0.27349853515625
-0.81396484375 0.410888671875 0.32366943359375 -0.2017822265625
-0.75030517578125 0.6158447265625 0.0485916137695312 -0.128211975097656
-0.66375732421875 0.7119140625 -0.242568969726563 -0.08575439453125
-0.524658203125 0.79315185546875 -0.418365478515625 0.0124816894531251
-0.0860595703125 0.7572021484375 -0.33233642578125 0.140228271484375
0.12200927734375 0.7587890625 -0.2427978515625 0.217864990234375
0.37445068359375 0.577880859375 -0.22027587890625 0.226226806640625
0.52392578125 0.5150146484375 -0.3583984375 0.364959716796875
0.380889892578125 0.37237548828125 0.72857666015625 0.01104736328125
0.179534912109375 0.35504150390625 0.583251953125 0.02606201171875
0.066680908203125 0.4647216796875 0.3585205078125 -0.010650634765625
-0.180145263671875 0.425811767578125 0.3770751953125 -0.115234375
-0.41009521484375 0.42706298828125 0.414581298828125 -0.289031982421875
-0.473297119140625 0.4979248046875 0.59442138671875 -0.3948974609375
-0.489532470703125 0.454925537109375 0.6231689453125 -0.47821044921875
-0.625732421875 0.336669921875 0.520782470703125 -0.40155029296875
-0.59173583984375 0.5042724609375 0.2059326171875 -0.3856201171875
-0.51068115234375 0.5765380859375 -0.155303955078125 -0.328277587890625
-0.40032958984375 0.6326904296875 -0.41107177734375 -0.129669189453125
-0.045654296875 0.60272216796875 -0.32049560546875 0.134918212890625
0.12518310546875 0.60888671875 -0.179595947265625 0.312957763671875
0.3148193359375 0.45452880859375 -0.0750732421875 0.352813720703125
0.426361083984375 0.4093017578125 -0.178741455078125 0.515838623046875
0.198089599609375 0.220901489257813 0.79718017578125 0.11016845703125
0.0846099853515625 0.195526123046875 0.59674072265625 0.12640380859375
0.0266876220703125 0.238327026367188 0.3177490234375 0.050811767578125
-0.10693359375 0.198104858398438 0.326995849609375 -0.078857421875
-0.23358154296875 0.216766357421875 0.4046630859375 -0.299072265625
-0.260772705078125 0.286712646484375 0.60675048828125 -0.48211669921875
-0.255325317382813 0.256179809570313 0.701171875 -0.6158447265625
-0.34405517578125 0.205078125 0.63427734375 -0.5439453125
-0.338958740234375 0.301971435546875 0.28887939453125 -0.57745361328125
-0.2802734375 0.33587646484375 -0.11090087890625 -0.505584716796875
-0.22314453125 0.353424072265625 -0.40277099609375 -0.233489990234375
-0.022125244140625 0.331085205078125 -0.309783935546875 0.127166748046875
0.08013916015625 0.3455810546875 -0.132904052734375 0.37725830078125
0.174514770507813 0.254180908203125 0.0367431640625 0.446868896484375
0.246826171875 0.241989135742187 -0.04193115234375 0.621337890625
0.0285663604736328 0.0142498016357422 -0.0894775390625001 -0.61260986328125
-0.0323867797851563 -0.00694274902343749 -0.11639404296875 -0.52410888671875
-0.0246505737304688 -0.00849342346191406 0.091217041015625 -0.39453125
-0.0169868469238281 -0.0250568389892578 0.271530151367188 -0.140701293945313
-0.0180740356445312 -0.0358848571777344 0.30975341796875 0.252532958984375
0.000534057617187496 -0.0732879638671875 0.134368896484375 0.519561767578125
0.00147628784179687 -0.0611076354980469 -0.2855224609375 0.637939453125
0.0148086547851563 -0.0773239135742188 -0.634033203125 0.5537109375
0.0509185791015625 -0.0710067749023438 -0.71923828125 0.629638671875
0.0340003967285156 -0.0436210632324219 -0.6102294921875 0.5213623046875
0.0415992736816406 -0.0118827819824219 -0.3642578125 0.321380615234375
0.00489997863769531 -0.0300045013427734 -0.277267456054687 0.0601959228515625
-0.00225448608398437 -0.0125665664672852 -0.32476806640625 -0.120208740234375
0.00441551208496094 -0.0311717987060547 -0.5423583984375 -0.145355224609375
0.0202236175537109 -0.0311622619628906 -0.85296630859375 -0.1964111328125
0.290435791015625 0.198333740234375 -0.0504760742187499 -0.60693359375
0.1622314453125 0.20654296875 -0.075408935546875 -0.537994384765625
0.11749267578125 0.309783935546875 0.1240234375 -0.39715576171875
-0.051300048828125 0.3155517578125 0.30145263671875 -0.165069580078125
-0.216156005859375 0.296356201171875 0.314849853515625 0.2137451171875
-0.260498046875 0.25433349609375 0.18011474609375 0.505828857421875
-0.287689208984375 0.223907470703125 -0.22406005859375 0.61663818359375
-0.32037353515625 0.098785400390625 -0.566162109375 0.532958984375
-0.233291625976562 0.14691162109375 -0.66461181640625 0.62359619140625
-0.207168579101563 0.157363891601562 -0.59088134765625 0.522216796875
-0.16607666015625 0.176467895507812 -0.375274658203125 0.32086181640625
-0.0827789306640625 0.156158447265625 -0.286224365234375 0.0650329589843749
-0.031890869140625 0.1866455078125 -0.317413330078125 -0.116943359375
0.0731353759765625 0.161331176757813 -0.528228759765625 -0.156646728515625
0.18280029296875 0.165496826171875 -0.84698486328125 -0.185546875
0.496978759765625 0.360809326171875 0.0733032226562501 -0.5478515625
0.31524658203125 0.388427734375 0.050140380859375 -0.5015869140625
0.22967529296875 0.5814208984375 0.19476318359375 -0.3702392578125
-0.0858154296875 0.60699462890625 0.3492431640625 -0.19659423828125
-0.39019775390625 0.58648681640625 0.339324951171875 0.115997314453125
-0.4849853515625 0.543487548828125 0.264007568359375 0.388702392578125
-0.53265380859375 0.46771240234375 -0.088531494140625 0.478759765625
-0.61114501953125 0.2550048828125 -0.406219482421875 0.425048828125
-0.494171142578125 0.3533935546875 -0.5440673828125 0.54132080078125
-0.438751220703125 0.3699951171875 -0.54315185546875 0.4775390625
-0.364227294921875 0.394439697265625 -0.394744873046875 0.3050537109375
-0.15020751953125 0.37060546875 -0.307159423828125 0.0821228027343751
-0.03656005859375 0.4058837890625 -0.32586669921875 -0.0805969238281249
0.156005859375 0.3511962890625 -0.50921630859375 -0.124114990234375
0.33355712890625 0.345367431640625 -0.79449462890625 -0.10980224609375
0.61199951171875 0.4742431640625 0.25140380859375 -0.43402099609375
0.390869140625 0.506011962890625 0.224761962890625 -0.40936279296875
0.27618408203125 0.75 0.2794189453125 -0.309844970703125
-0.12469482421875 0.78631591796875 0.398681640625 -0.21661376953125
-0.51373291015625 0.76904296875 0.37298583984375 -0.01947021484375
-0.6341552734375 0.74139404296875 0.369293212890625 0.187225341796875
-0.6856689453125 0.627685546875 0.0964508056640624 0.253067016601563
-0.806884765625 0.37139892578125 -0.1788330078125 0.249191284179688
-0.69354248046875 0.52508544921875 -0.363250732421875 0.381134033203125
-0.619384765625 0.57550048828125 -0.462615966796875 0.363525390625
-0.50982666015625 0.6248779296875 -0.40899658203125 0.2567138671875
-0.16571044921875 0.59710693359375 -0.326904296875 0.108734130859375
0.00549316406249998 0.61883544921875 -0.3284912109375 -0.00244140625000003
0.258758544921875 0.510284423828125 -0.460418701171875 -0.0366821289062499
0.4580078125 0.47674560546875 -0.69232177734375 0.0274658203125002
0.6209716796875 0.51214599609375 0.4443359375 -0.288116455078125
0.3751220703125 0.53814697265625 0.397857666015625 -0.274169921875
0.2413330078125 0.77874755859375 0.3516845703125 -0.216156005859375
-0.1710205078125 0.79949951171875 0.429473876953125 -0.2047119140625
-0.564697265625 0.78631591796875 0.402130126953125 -0.15118408203125
-0.68701171875 0.78778076171875 0.472747802734375 -0.045074462890625
-0.72845458984375 0.6767578125 0.2989501953125 -0.017852783203125
-0.88018798828125 0.42852783203125 0.0785217285156249 0.0276336669921875
-0.78619384765625 0.62408447265625 -0.153213500976563 0.1456298828125
-0.70343017578125 0.70904541015625 -0.355438232421875 0.166168212890625
-0.56927490234375 0.7906494140625 -0.418701171875 0.155975341796875
-0.1353759765625 0.7542724609375 -0.336181640625 0.13177490234375
0.0741577148437499 0.760009765625 -0.30096435546875 0.10528564453125
0.34759521484375 0.5965576171875 -0.36376953125 0.0888671875000001
0.533447265625 0.538055419921875 -0.540863037109375 0.1932373046875
0.535125732421875 0.47540283203125 0.6114501953125 -0.13092041015625
0.288970947265625 0.4805908203125 0.524749755859375 -0.118194580078125
0.1536865234375 0.66790771484375 0.380096435546875 -0.10699462890625
-0.2003173828125 0.65679931640625 0.42169189453125 -0.1650390625
-0.53118896484375 0.647216796875 0.417388916015625 -0.245452880859375
-0.6268310546875 0.6905517578125 0.5517578125 -0.250091552734375
-0.65887451171875 0.61065673828125 0.48419189453125 -0.276153564453125
-0.817626953125 0.41455078125 0.325042724609375 -0.202850341796875
-0.751220703125 0.620849609375 0.0490341186523437 -0.12945556640625
-0.66455078125 0.7174072265625 -0.244171142578125 -0.0852966308593749
-0.52667236328125 0.80084228515625 -0.421173095703125 0.0134582519531251
-0.0844116210937499 0.76239013671875 -0.333251953125 0.14227294921875
0.125 0.762451171875 -0.24365234375 0.219512939453125
0.37591552734375 0.579833984375 -0.22283935546875 0.227066040039063
0.52801513671875 0.517578125 -0.361541748046875 0.36895751953125
0.383636474609375 0.3717041015625 0.73260498046875 0.00872802734375002
0.1796875 0.35626220703125 0.58709716796875 0.0264892578125
0.06939697265625 0.465362548828125 0.360321044921875 -0.0103759765625
-0.18072509765625 0.42840576171875 0.3792724609375 -0.11505126953125
-0.410125732421875 0.431793212890625 0.415283203125 -0.290435791015625
-0.47320556640625 0.501953125 0.59661865234375 -0.39923095703125
-0.489532470703125 0.45831298828125 0.6241455078125 -0.48065185546875
-0.62945556640625 0.33935546875 0.52337646484375 -0.404296875
-0.59344482421875 0.5081787109375 0.2066650390625 -0.389190673828125
-0.51129150390625 0.58074951171875 -0.1566162109375 -0.3284912109375
-0.4029541015625 0.63702392578125 -0.414276123046875 -0.128875732421875
-0.04583740234375 0.60662841796875 -0.322357177734375 0.13616943359375
0.12835693359375 0.61199951171875 -0.180206298828125 0.314910888671875
0.315948486328125 0.45758056640625 -0.075836181640625 0.355438232421875
0.430450439453125 0.4117431640625 -0.1802978515625 0.520233154296875
0.199722290039063 0.22088623046875 0.80108642578125 0.109130859375
0.0854034423828125 0.196319580078125 0.599609375 0.126708984375
0.0278472900390625 0.238540649414063 0.319091796875 0.051422119140625
-0.107620239257813 0.199798583984375 0.328216552734375 -0.07904052734375
-0.2337646484375 0.219268798828125 0.405303955078125 -0.300750732421875
-0.260894775390625 0.28759765625 0.60809326171875 -0.487548828125
-0.2552490234375 0.257156372070313 0.701171875 -0.62030029296875
-0.345550537109375 0.2071533203125 0.63818359375 -0.54852294921875
-0.340240478515625 0.304901123046875 0.29168701171875 -0.58172607421875
-0.281036376953125 0.33917236328125 -0.11346435546875 -0.50860595703125
-0.224212646484375 0.356201171875 -0.406585693359375 -0.23370361328125
-0.02197265625 0.3336181640625 -0.3104248046875 0.127960205078125
0.081756591796875 0.347442626953125 -0.13323974609375 0.37811279296875
0.175277709960937 0.256591796875 0.037139892578125 0.4498291015625
0.249664306640625 0.243209838867188 -0.0404663085937499 0.62603759765625
0.0284748077392578 0.0135860443115234 -0.090087890625 -0.615478515625
-0.0326023101806641 -0.00681495666503906 -0.122161865234375 -0.52642822265625
-0.0250873565673828 -0.00834465026855469 0.089508056640625 -0.398406982421875
-0.0179424285888672 -0.0253219604492188 0.272216796875 -0.142745971679688
-0.0186843872070312 -0.0358314514160156 0.313690185546875 0.253173828125
0.00014495849609375 -0.0742874145507813 0.13787841796875 0.521759033203125
0.000736236572265627 -0.0616264343261719 -0.287841796875 0.6414794921875
0.0145416259765625 -0.0783157348632813 -0.639404296875 0.55816650390625
0.0513076782226563 -0.0725250244140625 -0.7200927734375 0.63433837890625
0.0343208312988281 -0.0447998046875 -0.611572265625 0.52685546875
0.04248046875 -0.0122413635253906 -0.364898681640625 0.324432373046875
0.00469017028808594 -0.0294265747070313 -0.279266357421875 0.0624847412109375
-0.00209522247314453 -0.0117263793945312 -0.32763671875 -0.1185302734375
0.00434303283691406 -0.0318222045898437 -0.545989990234375 -0.143829345703125
0.0203781127929688 -0.0322761535644531 -0.85797119140625 -0.1937255859375
0.29254150390625 0.19696044921875 -0.053955078125 -0.61102294921875
0.16314697265625 0.20745849609375 -0.0786132812500001 -0.541595458984375
0.11895751953125 0.3106689453125 0.123138427734375 -0.400299072265625
-0.050689697265625 0.316680908203125 0.3033447265625 -0.167266845703125
-0.21685791015625 0.30072021484375 0.317962646484375 0.215484619140625
-0.260665893554688 0.257827758789063 0.183319091796875 0.50738525390625
-0.288543701171875 0.22650146484375 -0.22454833984375 0.61895751953125
-0.322967529296875 0.10028076171875 -0.569580078125 0.53741455078125
-0.233963012695313 0.147750854492188 -0.66650390625 0.628173828125
-0.206695556640625 0.158355712890625 -0.59246826171875 0.52783203125
-0.166549682617188 0.178298950195312 -0.37640380859375 0.3245849609375
-0.08306884765625 0.157760620117188 -0.2880859375 0.0675354003906251
-0.0314483642578125 0.188796997070313 -0.31988525390625 -0.115570068359375
0.073822021484375 0.161026000976563 -0.53265380859375 -0.15625
0.183990478515625 0.165191650390625 -0.85369873046875 -0.18194580078125
0.502777099609375 0.3604736328125 0.0711669921875 -0.550689697265625
0.317901611328125 0.390533447265625 0.047698974609375 -0.503570556640625
0.23370361328125 0.58172607421875 0.194915771484375 -0.37420654296875
-0.08489990234375 0.61090087890625 0.350341796875 -0.19744873046875
-0.39056396484375 0.59326171875 0.341583251953125 0.11669921875
-0.48681640625 0.55023193359375 0.2685546875 0.388427734375
-0.532745361328125 0.471771240234375 -0.08990478515625 0.480743408203125
-0.6129150390625 0.2591552734375 -0.408355712890625 0.429046630859375
-0.496185302734375 0.357666015625 -0.54376220703125 0.546142578125
-0.439300537109375 0.37213134765625 -0.545257568359375 0.48150634765625
-0.36376953125 0.398193359375 -0.394866943359375 0.308441162109375
-0.149749755859375 0.374267578125 -0.308837890625 0.084716796875
-0.034393310546875 0.40728759765625 -0.32830810546875 -0.07952880859375
0.156829833984375 0.353179931640625 -0.5137939453125 -0.122589111328125
0.336944580078125 0.34637451171875 -0.80157470703125 -0.10516357421875
0.61834716796875 0.47161865234375 0.25164794921875 -0.4385986328125
0.394775390625 0.509063720703125 0.2242431640625 -0.412841796875
0.28094482421875 0.752685546875 0.281402587890625 -0.3134765625
-0.1224365234375 0.792724609375 0.399261474609375 -0.218841552734375
-0.5126953125 0.77911376953125 0.3753662109375 -0.01959228515625
-0.6353759765625 0.74786376953125 0.37347412109375 0.18487548828125
-0.68701171875 0.635498046875 0.0977630615234374 0.253631591796875
-0.81048583984375 0.37738037109375 -0.180007934570313 0.251846313476563
-0.69451904296875 0.5296630859375 -0.363555908203125 0.385406494140625
-0.6202392578125 0.57879638671875 -0.4649658203125 0.367919921875
-0.51177978515625 0.630859375 -0.411224365234375 0.2613525390625
-0.1654052734375 0.60198974609375 -0.327239990234375 0.111572265625
0.00579833984375001 0.6236572265625 -0.3306884765625 -0.00152587890624992
0.260528564453125 0.5120849609375 -0.46441650390625 -0.0356445312499999
0.464874267578125 0.47845458984375 -0.6956787109375 0.0312500000000001
0.62969970703125 0.5101318359375 0.4454345703125 -0.29046630859375
0.37738037109375 0.54010009765625 0.397369384765625 -0.27679443359375
0.24639892578125 0.7811279296875 0.354095458984375 -0.21875
-0.1690673828125 0.80548095703125 0.429718017578125 -0.205902099609375
-0.56329345703125 0.7958984375 0.40380859375 -0.1534423828125
-0.685791015625 0.7939453125 0.475860595703125 -0.04827880859375
-0.730712890625 0.6844482421875 0.300262451171875 -0.019622802734375
-0.884033203125 0.43267822265625 0.0787353515624999 0.0276947021484375
-0.78875732421875 0.6304931640625 -0.152740478515625 0.146652221679688
-0.70391845703125 0.71539306640625 -0.35723876953125 0.168548583984375
-0.5693359375 0.79620361328125 -0.421600341796875 0.158416748046875
-0.13360595703125 0.7618408203125 -0.337677001953125 0.13421630859375
0.0780029296874999 0.7650146484375 -0.3026123046875 0.1075439453125
0.34906005859375 0.59869384765625 -0.36614990234375 0.0909118652343751
0.538665771484375 0.537933349609375 -0.54351806640625 0.19915771484375
0.541107177734375 0.47564697265625 0.61468505859375 -0.13299560546875
0.2916259765625 0.482666015625 0.52685546875 -0.1209716796875
0.15789794921875 0.66973876953125 0.383697509765625 -0.10906982421875
-0.1981201171875 0.66156005859375 0.422576904296875 -0.166595458984375
-0.53228759765625 0.65667724609375 0.41876220703125 -0.247772216796875
-0.6258544921875 0.69775390625 0.5548095703125 -0.25433349609375
-0.65802001953125 0.6158447265625 0.486358642578125 -0.279022216796875
-0.8223876953125 0.4228515625 0.327484130859375 -0.204986572265625
-0.75543212890625 0.62713623046875 0.0493545532226562 -0.130348205566406
-0.6649169921875 0.72418212890625 -0.246292114257813 -0.0845184326171874
-0.52813720703125 0.8089599609375 -0.423431396484375 0.0166015625
-0.08343505859375 0.76898193359375 -0.335205078125 0.14404296875
0.12957763671875 0.76702880859375 -0.243820190429687 0.221267700195313
0.378173828125 0.58343505859375 -0.2244873046875 0.230056762695313
0.533447265625 0.517608642578125 -0.363189697265625 0.372711181640625
0.386383056640625 0.3714599609375 0.7369384765625 0.00732421875000002
0.181793212890625 0.3575439453125 0.59136962890625 0.0244140625
0.071380615234375 0.46697998046875 0.363037109375 -0.01068115234375
-0.179931640625 0.43206787109375 0.381103515625 -0.116180419921875
-0.41021728515625 0.43780517578125 0.41668701171875 -0.292266845703125
-0.471160888671875 0.508209228515625 0.59765625 -0.40472412109375
-0.490142822265625 0.460723876953125 0.62652587890625 -0.48651123046875
-0.6319580078125 0.34344482421875 0.526641845703125 -0.407623291015625
-0.59698486328125 0.51373291015625 0.20751953125 -0.3917236328125
-0.512939453125 0.5860595703125 -0.158599853515625 -0.328704833984375
-0.404296875 0.644775390625 -0.417938232421875 -0.12750244140625
-0.0439453125 0.6107177734375 -0.323486328125 0.137969970703125
0.13043212890625 0.61578369140625 -0.17962646484375 0.316864013671875
0.318817138671875 0.45947265625 -0.076202392578125 0.357269287109375
0.434844970703125 0.412628173828125 -0.18035888671875 0.525726318359375
0.201873779296875 0.220458984375 0.806640625 0.10791015625
0.0860595703125 0.197174072265625 0.60382080078125 0.1243896484375
0.0290985107421875 0.23895263671875 0.321380615234375 0.0517578125
-0.10723876953125 0.200881958007812 0.329498291015625 -0.079833984375
-0.233489990234375 0.222793579101562 0.405517578125 -0.301971435546875
-0.26031494140625 0.2919921875 0.6083984375 -0.49200439453125
-0.255462646484375 0.259017944335938 0.704833984375 -0.6265869140625
-0.3472900390625 0.2088623046875 0.6434326171875 -0.5537109375
-0.3394775390625 0.3076171875 0.29144287109375 -0.5859375
-0.28118896484375 0.341766357421875 -0.114532470703125 -0.510833740234375
-0.22509765625 0.35980224609375 -0.410736083984375 -0.23309326171875
-0.0211181640625 0.335693359375 -0.31207275390625 0.129180908203125
0.084014892578125 0.3489990234375 -0.132843017578125 0.382293701171875
0.176956176757812 0.257858276367187 0.0377502441406251 0.4517822265625
0.251693725585938 0.2430419921875 -0.03851318359375 0.630126953125
0.0285110473632813 0.0127983093261719 -0.0950317382812499 -0.6201171875
-0.0328350067138672 -0.00594520568847656 -0.125213623046875 -0.52874755859375
-0.0257759094238281 -0.00805854797363281 0.08709716796875 -0.40234375
-0.0188579559326172 -0.0256004333496094 0.27215576171875 -0.145294189453125
-0.0194435119628906 -0.0353584289550781 0.31805419921875 0.253173828125
-0.000328063964843742 -0.0746536254882813 0.14154052734375 0.5223388671875
0.000255584716796872 -0.0626640319824219 -0.2860107421875 0.6456298828125
0.0132369995117187 -0.079254150390625 -0.64373779296875 0.5640869140625
0.0511703491210938 -0.07427978515625 -0.72296142578125 0.64208984375
0.0344276428222656 -0.0455284118652344 -0.61065673828125 0.53192138671875
0.0427703857421875 -0.0124702453613281 -0.3653564453125 0.328277587890625
0.00431442260742187 -0.0292148590087891 -0.281097412109375 0.0656890869140625
-0.00206756591796875 -0.0109777450561523 -0.33148193359375 -0.1165771484375
0.00461578369140625 -0.0325050354003906 -0.550994873046875 -0.142913818359375
0.0201988220214844 -0.0332908630371094 -0.8636474609375 -0.18927001953125
0.295166015625 0.19512939453125 -0.0560302734374999 -0.61492919921875
0.165313720703125 0.208114624023438 -0.083160400390625 -0.543426513671875
0.121734619140625 0.31146240234375 0.121795654296875 -0.4046630859375
-0.049560546875 0.319580078125 0.3033447265625 -0.170379638671875
-0.216766357421875 0.304534912109375 0.3218994140625 0.214874267578125
-0.2608642578125 0.260650634765625 0.1888427734375 0.50604248046875
-0.28875732421875 0.2286376953125 -0.22271728515625 0.62249755859375
-0.3253173828125 0.102264404296875 -0.5714111328125 0.54364013671875
-0.233856201171875 0.148544311523438 -0.66741943359375 0.63482666015625
-0.206787109375 0.159912109375 -0.59228515625 0.53326416015625
-0.16546630859375 0.180023193359375 -0.376556396484375 0.327911376953125
-0.0836334228515625 0.159133911132813 -0.289581298828125 0.0702209472656251
-0.03076171875 0.190261840820313 -0.322967529296875 -0.114501953125
0.073699951171875 0.161468505859375 -0.5367431640625 -0.15301513671875
0.186248779296875 0.164642333984375 -0.8603515625 -0.17724609375
0.506622314453125 0.358642578125 0.0679321289062501 -0.554718017578125
0.321807861328125 0.391387939453125 0.042938232421875 -0.50653076171875
0.23797607421875 0.58380126953125 0.194061279296875 -0.37884521484375
-0.0826416015625 0.6170654296875 0.350860595703125 -0.200714111328125
-0.3897705078125 0.59979248046875 0.345733642578125 0.11669921875
-0.4864501953125 0.5565185546875 0.27276611328125 0.387176513671875
-0.5330810546875 0.476898193359375 -0.087493896484375 0.483917236328125
-0.61749267578125 0.26263427734375 -0.41021728515625 0.434783935546875
-0.496978759765625 0.360504150390625 -0.54559326171875 0.551544189453125
-0.439208984375 0.37615966796875 -0.546234130859375 0.488250732421875
-0.36480712890625 0.4034423828125 -0.394805908203125 0.313201904296875
-0.149627685546875 0.377288818359375 -0.310455322265625 0.0880126953125
-0.032623291015625 0.4119873046875 -0.331451416015625 -0.077056884765625
0.158721923828125 0.352996826171875 -0.517669677734375 -0.12188720703125
0.34002685546875 0.345428466796875 -0.80596923828125 -0.0997314453125
0.62542724609375 0.4691162109375 0.25006103515625 -0.442779541015625
0.398223876953125 0.50982666015625 0.220794677734375 -0.41632080078125
0.2860107421875 0.75445556640625 0.281463623046875 -0.3177490234375
-0.1201171875 0.7987060546875 0.401031494140625 -0.22198486328125
-0.511474609375 0.78814697265625 0.37762451171875 -0.0206298828124999
-0.63299560546875 0.75732421875 0.37677001953125 0.182861328125
-0.68670654296875 0.64239501953125 0.0987243652343749 0.25408935546875
-0.81494140625 0.3836669921875 -0.1806640625 0.253494262695313
-0.6956787109375 0.53515625 -0.363861083984375 0.388702392578125
-0.62005615234375 0.58587646484375 -0.46563720703125 0.37432861328125
-0.51190185546875 0.63995361328125 -0.412017822265625 0.265380859375
-0.16387939453125 0.60687255859375 -0.32928466796875 0.114471435546875
0.01104736328125 0.626708984375 -0.3333740234375 0.000610351562500101
0.26226806640625 0.513397216796875 -0.4688720703125 -0.032470703125
0.4703369140625 0.478668212890625 -0.70086669921875 0.0357666015624999
0.63385009765625 0.51007080078125 0.446563720703125 -0.296142578125
0.381500244140625 0.540771484375 0.398406982421875 -0.281707763671875
0.25244140625 0.78387451171875 0.355499267578125 -0.22271728515625
-0.1651611328125 0.81329345703125 0.431793212890625 -0.209625244140625
-0.56146240234375 0.8079833984375 0.405914306640625 -0.155548095703125
-0.6834716796875 0.8031005859375 0.4796142578125 -0.0533447265625
-0.729248046875 0.6907958984375 0.300933837890625 -0.021728515625
-0.88751220703125 0.44073486328125 0.0794372558593749 0.0273208618164063
-0.7901611328125 0.63751220703125 -0.15240478515625 0.147979736328125
-0.703125 0.726806640625 -0.3587646484375 0.17242431640625
-0.5694580078125 0.8076171875 -0.422607421875 0.1640625
-0.13177490234375 0.76739501953125 -0.33941650390625 0.137176513671875
0.08245849609375 0.7691650390625 -0.3043212890625 0.10992431640625
0.3533935546875 0.60162353515625 -0.369171142578125 0.093170166015625
0.54608154296875 0.539215087890625 -0.54791259765625 0.20465087890625
0.546875 0.47216796875 0.61798095703125 -0.13897705078125
0.29437255859375 0.483612060546875 0.529144287109375 -0.12359619140625
0.161376953125 0.6710205078125 0.3856201171875 -0.111663818359375
-0.1953125 0.6668701171875 0.423980712890625 -0.169189453125
-0.53106689453125 0.66448974609375 0.41943359375 -0.250762939453125
-0.62591552734375 0.7047119140625 0.557464599609375 -0.260345458984375
-0.658935546875 0.62139892578125 0.48797607421875 -0.284423828125
-0.8251953125 0.43023681640625 0.328643798828125 -0.207366943359375
-0.75762939453125 0.63616943359375 0.050018310546875 -0.131904602050781
-0.66546630859375 0.7327880859375 -0.248153686523437 -0.0829925537109374
-0.52618408203125 0.81854248046875 -0.426544189453125 0.020294189453125
-0.0807495117187499 0.773681640625 -0.336273193359375 0.1470947265625
0.13348388671875 0.77081298828125 -0.24468994140625 0.223846435546875
0.382080078125 0.5853271484375 -0.226669311523437 0.23260498046875
0.539703369140625 0.518707275390625 -0.365325927734375 0.3785400390625
0.392059326171875 0.37030029296875 0.7406005859375 0.00347900390625002
0.1845703125 0.35809326171875 0.59466552734375 0.0228271484375
0.07440185546875 0.467071533203125 0.3651123046875 -0.01318359375
-0.178466796875 0.43475341796875 0.382659912109375 -0.118072509765625
-0.4093017578125 0.44366455078125 0.4171142578125 -0.295684814453125
-0.47137451171875 0.51275634765625 0.59954833984375 -0.409912109375
-0.489410400390625 0.46551513671875 0.62860107421875 -0.4931640625
-0.633544921875 0.34918212890625 0.528961181640625 -0.4114990234375
-0.59710693359375 0.5206298828125 0.207305908203125 -0.3961181640625
-0.5120849609375 0.59100341796875 -0.162689208984375 -0.330322265625
-0.40435791015625 0.6522216796875 -0.421295166015625 -0.12530517578125
-0.04193115234375 0.61578369140625 -0.323486328125 0.14056396484375
0.1351318359375 0.618408203125 -0.178131103515625 0.3201904296875
0.321533203125 0.4613037109375 -0.076385498046875 0.3597412109375
0.44049072265625 0.413238525390625 -0.17864990234375 0.53082275390625
0.204132080078125 0.220169067382812 0.81103515625 0.10369873046875
0.0875244140625 0.19781494140625 0.60870361328125 0.1226806640625
0.03045654296875 0.238449096679688 0.322967529296875 0.05047607421875
-0.107864379882813 0.202438354492187 0.330780029296875 -0.080780029296875
-0.23193359375 0.227157592773438 0.404693603515625 -0.307281494140625
-0.25872802734375 0.294708251953125 0.60797119140625 -0.49859619140625
-0.255172729492188 0.261154174804688 0.70526123046875 -0.630859375
-0.348663330078125 0.212127685546875 0.64569091796875 -0.56005859375
-0.341217041015625 0.31195068359375 0.28997802734375 -0.59002685546875
-0.281524658203125 0.344970703125 -0.118194580078125 -0.51177978515625
-0.224822998046875 0.36358642578125 -0.41497802734375 -0.231689453125
-0.019744873046875 0.33782958984375 -0.31298828125 0.132110595703125
0.086761474609375 0.3504638671875 -0.130615234375 0.383819580078125
0.178421020507813 0.260147094726563 0.0406494140625 0.454498291015625
0.25543212890625 0.24298095703125 -0.0357666015624999 0.63397216796875
0.0283565521240234 0.0116062164306641 -0.099853515625 -0.6239013671875
-0.0330600738525391 -0.00532913208007812 -0.1307373046875 -0.5308837890625
-0.0265617370605469 -0.00768470764160157 0.08380126953125 -0.406005859375
-0.02020263671875 -0.0259151458740234 0.27264404296875 -0.14813232421875
-0.0203056335449219 -0.0348854064941406 0.322235107421875 0.25347900390625
-0.00105285644531251 -0.0754165649414063 0.14654541015625 0.521881103515625
-0.000469207763671876 -0.0633125305175781 -0.28509521484375 0.6484375
0.0130844116210937 -0.080322265625 -0.64544677734375 0.5706787109375
0.050994873046875 -0.0758590698242188 -0.7218017578125 0.64971923828125
0.0342025756835938 -0.0465202331542969 -0.610107421875 0.53936767578125
0.0432014465332031 -0.0131721496582031 -0.36297607421875 0.332977294921875
0.00382041931152344 -0.0286178588867188 -0.28314208984375 0.068206787109375
-0.00181007385253906 -0.0104331970214844 -0.334228515625 -0.114227294921875
0.00417518615722656 -0.0327682495117187 -0.55462646484375 -0.139404296875
0.0200595855712891 -0.0345783233642578 -0.87060546875 -0.1832275390625
0.29791259765625 0.193634033203125 -0.0617065429687499 -0.61871337890625
0.167648315429688 0.208526611328125 -0.0882568359375 -0.5467529296875
0.123992919921875 0.312225341796875 0.118316650390625 -0.408599853515625
-0.048614501953125 0.32183837890625 0.303253173828125 -0.1728515625
-0.215301513671875 0.3087158203125 0.325836181640625 0.215057373046875
-0.25994873046875 0.264129638671875 0.194427490234375 0.506683349609375
-0.2890625 0.231536865234375 -0.22125244140625 0.6279296875
-0.326690673828125 0.105255126953125 -0.573486328125 0.54998779296875
-0.23443603515625 0.149810791015625 -0.66729736328125 0.6431884765625
-0.205886840820313 0.161529541015625 -0.59063720703125 0.53997802734375
-0.164535522460938 0.182952880859375 -0.37603759765625 0.332183837890625
-0.0829315185546875 0.161102294921875 -0.291473388671875 0.073974609375
-0.0298309326171875 0.191970825195313 -0.326263427734375 -0.1114501953125
0.0745086669921875 0.1614990234375 -0.54241943359375 -0.150665283203125
0.188751220703125 0.163421630859375 -0.86572265625 -0.16961669921875
0.51202392578125 0.35589599609375 0.0653076171875 -0.55914306640625
0.325164794921875 0.39080810546875 0.03924560546875 -0.5096435546875
0.2437744140625 0.5853271484375 0.1929931640625 -0.38397216796875
-0.0787353515625 0.6202392578125 0.35211181640625 -0.20501708984375
-0.385498046875 0.6080322265625 0.3486328125 0.1158447265625
-0.48382568359375 0.56402587890625 0.2781982421875 0.385894775390625
-0.53302001953125 0.484375 -0.08587646484375 0.48583984375
-0.61993408203125 0.2694091796875 -0.410797119140625 0.440216064453125
-0.496307373046875 0.364288330078125 -0.54425048828125 0.55731201171875
-0.4388427734375 0.381256103515625 -0.545867919921875 0.494476318359375
-0.362823486328125 0.408447265625 -0.395904541015625 0.317718505859375
-0.14794921875 0.380584716796875 -0.311492919921875 0.0918579101562501
-0.031036376953125 0.41351318359375 -0.334381103515625 -0.07391357421875
0.160858154296875 0.354461669921875 -0.52337646484375 -0.11663818359375
0.345062255859375 0.34619140625 -0.81329345703125 -0.0927124023437499
0.63128662109375 0.46624755859375 0.248565673828125 -0.447509765625
0.40277099609375 0.5093994140625 0.218719482421875 -0.420074462890625
0.29364013671875 0.756103515625 0.281463623046875 -0.323211669921875
-0.11419677734375 0.80560302734375 0.401153564453125 -0.2242431640625
-0.51043701171875 0.7978515625 0.380767822265625 -0.022430419921875
-0.6300048828125 0.76458740234375 0.381988525390625 0.17852783203125
-0.68603515625 0.6500244140625 0.100479125976562 0.2542724609375
-0.8157958984375 0.39178466796875 -0.18011474609375 0.256423950195313
-0.69549560546875 0.5428466796875 -0.362701416015625 0.39202880859375
-0.6182861328125 0.5946044921875 -0.465423583984375 0.378814697265625
-0.50970458984375 0.6475830078125 -0.412567138671875 0.2705078125
-0.16131591796875 0.6119384765625 -0.33087158203125 0.1185302734375
0.01568603515625 0.630615234375 -0.33551025390625 0.00390625000000002
0.266143798828125 0.515533447265625 -0.474395751953125 -0.029327392578125
0.4766845703125 0.478607177734375 -0.70660400390625 0.04315185546875
0.64239501953125 0.50616455078125 0.445831298828125 -0.300018310546875
0.386627197265625 0.541229248046875 0.39678955078125 -0.285369873046875
0.2586669921875 0.78515625 0.357391357421875 -0.22760009765625
-0.16107177734375 0.8201904296875 0.4324951171875 -0.213104248046875
-0.56011962890625 0.81585693359375 0.40716552734375 -0.158172607421875
-0.68206787109375 0.8115234375 0.48223876953125 -0.058197021484375
-0.7279052734375 0.699462890625 0.30224609375 -0.024017333984375
-0.89080810546875 0.45062255859375 0.0802764892578124 0.02679443359375
-0.7890625 0.64605712890625 -0.151779174804688 0.149200439453125
-0.70269775390625 0.7344970703125 -0.358978271484375 0.177154541015625
-0.566650390625 0.8160400390625 -0.424346923828125 0.1680908203125
-0.1279296875 0.77362060546875 -0.33978271484375 0.141387939453125
0.087890625 0.7735595703125 -0.3050537109375 0.11328125
0.35687255859375 0.604248046875 -0.371826171875 0.0966796875
0.554473876953125 0.53857421875 -0.54998779296875 0.21099853515625
0.55450439453125 0.470306396484375 0.61865234375 -0.14373779296875
0.299163818359375 0.484375 0.530517578125 -0.1285400390625
0.16790771484375 0.67291259765625 0.388336181640625 -0.1153564453125
-0.19146728515625 0.672119140625 0.42535400390625 -0.171661376953125
-0.52838134765625 0.67425537109375 0.4205322265625 -0.253875732421875
-0.6214599609375 0.7130126953125 0.56005859375 -0.2696533203125
-0.6575927734375 0.629638671875 0.487457275390625 -0.288909912109375
-0.82720947265625 0.43658447265625 0.3297119140625 -0.211212158203125
-0.7568359375 0.645263671875 0.0494842529296875 -0.1341552734375
-0.6646728515625 0.74114990234375 -0.250076293945313 -0.080963134765625
-0.52557373046875 0.8287353515625 -0.428863525390625 0.02410888671875
-0.07647705078125 0.7816162109375 -0.33685302734375 0.14990234375
0.14117431640625 0.7745361328125 -0.244781494140625 0.227005004882813
0.3868408203125 0.58660888671875 -0.226974487304687 0.235336303710938
0.548553466796875 0.51873779296875 -0.364990234375 0.384979248046875
0.39739990234375 0.368865966796875 0.74383544921875 -0.00225830078124998
0.1871337890625 0.35821533203125 0.59735107421875 0.01806640625
0.07745361328125 0.467254638671875 0.367462158203125 -0.015869140625
-0.17730712890625 0.43896484375 0.3837890625 -0.119171142578125
-0.40850830078125 0.45013427734375 0.416839599609375 -0.2994384765625
-0.4683837890625 0.5194091796875 0.599853515625 -0.41845703125
-0.48773193359375 0.470977783203125 0.62677001953125 -0.4998779296875
-0.635498046875 0.3564453125 0.52960205078125 -0.418304443359375
-0.59710693359375 0.5277099609375 0.206451416015625 -0.400726318359375
-0.51104736328125 0.60076904296875 -0.16552734375 -0.330535888671875
-0.40142822265625 0.6600341796875 -0.425506591796875 -0.12371826171875
-0.0364379882812499 0.62017822265625 -0.32440185546875 0.143218994140625
0.1412353515625 0.6229248046875 -0.17767333984375 0.322052001953125
0.327117919921875 0.463714599609375 -0.0751953125 0.3626708984375
0.446075439453125 0.411651611328125 -0.17767333984375 0.535980224609375
0.206985473632813 0.218215942382813 0.8162841796875 0.097900390625
0.0890350341796875 0.198165893554688 0.61383056640625 0.11883544921875
0.032440185546875 0.23895263671875 0.3248291015625 0.049102783203125
-0.106903076171875 0.204147338867188 0.331695556640625 -0.082427978515625
-0.2310791015625 0.230194091796875 0.40484619140625 -0.30963134765625
-0.256622314453125 0.298004150390625 0.609130859375 -0.50567626953125
-0.25347900390625 0.263137817382812 0.70440673828125 -0.6400146484375
-0.348724365234375 0.21539306640625 0.64813232421875 -0.56781005859375
-0.341522216796875 0.31573486328125 0.2891845703125 -0.59588623046875
-0.2806396484375 0.348480224609375 -0.123779296875 -0.513397216796875
-0.224029541015625 0.368072509765625 -0.419403076171875 -0.230438232421875
-0.018096923828125 0.340423583984375 -0.31353759765625 0.13482666015625
0.090240478515625 0.3521728515625 -0.127410888671875 0.386871337890625
0.180816650390625 0.261505126953125 0.04229736328125 0.456756591796875
0.258392333984375 0.243118286132812 -0.0321044921874999 0.63885498046875
0.0285835266113281 0.0106372833251953 -0.10467529296875 -0.62664794921875
-0.0332508087158203 -0.00480461120605469 -0.136016845703125 -0.533905029296875
-0.0269508361816406 -0.00745201110839844 0.0791015625 -0.40911865234375
-0.0213489532470703 -0.0257759094238281 0.271621704101563 -0.151748657226562
-0.0208492279052734 -0.0347747802734375 0.32696533203125 0.25189208984375
-0.00136566162109375 -0.0754776000976563 0.1505126953125 0.52215576171875
-0.00135421752929688 -0.0640182495117188 -0.2821044921875 0.65338134765625
0.0118942260742188 -0.0812759399414063 -0.64654541015625 0.577392578125
0.0506744384765625 -0.078277587890625 -0.72027587890625 0.66046142578125
0.0340805053710938 -0.0473976135253906 -0.60919189453125 0.54693603515625
0.0438117980957031 -0.0139198303222656 -0.36297607421875 0.336639404296875
0.00370597839355469 -0.0279655456542969 -0.28472900390625 0.072174072265625
-0.00169277191162109 -0.00959300994873047 -0.337371826171875 -0.11065673828125
0.00433349609375 -0.0337123870849609 -0.55841064453125 -0.13482666015625
0.0202293395996094 -0.0356330871582031 -0.8775634765625 -0.1741943359375
0.301055908203125 0.1912841796875 -0.06744384765625 -0.6220703125
0.17010498046875 0.208648681640625 -0.095245361328125 -0.54852294921875
0.12701416015625 0.312744140625 0.115325927734375 -0.41387939453125
-0.04730224609375 0.324310302734375 0.30364990234375 -0.17669677734375
-0.214752197265625 0.313720703125 0.330291748046875 0.2144775390625
-0.259567260742188 0.267562866210937 0.200439453125 0.50604248046875
-0.288787841796875 0.235076904296875 -0.217529296875 0.63104248046875
-0.3282470703125 0.107940673828125 -0.57537841796875 0.55755615234375
-0.233917236328125 0.151138305664063 -0.66302490234375 0.65008544921875
-0.205245971679688 0.163787841796875 -0.5894775390625 0.5467529296875
-0.164352416992188 0.185226440429687 -0.375335693359375 0.337677001953125
-0.0823822021484375 0.163467407226563 -0.292816162109375 0.077239990234375
-0.0281524658203125 0.193450927734375 -0.3297119140625 -0.108428955078125
0.075347900390625 0.1611328125 -0.54718017578125 -0.147369384765625
0.190872192382813 0.162582397460938 -0.87237548828125 -0.16180419921875
0.516082763671875 0.35198974609375 0.0608825683593751 -0.56195068359375
0.330108642578125 0.39093017578125 0.0341186523437501 -0.5123291015625
0.2501220703125 0.58544921875 0.189788818359375 -0.38848876953125
-0.075439453125 0.6248779296875 0.350921630859375 -0.208160400390625
-0.38360595703125 0.61773681640625 0.3514404296875 0.114349365234375
-0.4815673828125 0.56964111328125 0.282928466796875 0.383331298828125
-0.530029296875 0.4908447265625 -0.0834960937500001 0.489105224609375
-0.62139892578125 0.2760009765625 -0.409759521484375 0.4454345703125
-0.4962158203125 0.369232177734375 -0.54290771484375 0.56536865234375
-0.436187744140625 0.386444091796875 -0.54547119140625 0.50128173828125
-0.3616943359375 0.413848876953125 -0.39556884765625 0.323944091796875
-0.146759033203125 0.3846435546875 -0.313232421875 0.0957946777343751
-0.028167724609375 0.416778564453125 -0.337005615234375 -0.0713500976562499
0.163360595703125 0.3548583984375 -0.527313232421875 -0.113494873046875
0.350006103515625 0.34503173828125 -0.81829833984375 -0.0845336914062502
0.637939453125 0.46185302734375 0.245849609375 -0.453338623046875
0.408538818359375 0.508758544921875 0.215118408203125 -0.4232177734375
0.30145263671875 0.757080078125 0.281158447265625 -0.328643798828125
-0.10845947265625 0.81005859375 0.40179443359375 -0.229248046875
-0.50433349609375 0.8079833984375 0.382720947265625 -0.023590087890625
-0.62872314453125 0.77398681640625 0.385009765625 0.174285888671875
-0.68316650390625 0.65966796875 0.10247802734375 0.254669189453125
-0.8197021484375 0.4007568359375 -0.17999267578125 0.259353637695313
-0.69476318359375 0.5506591796875 -0.36138916015625 0.397125244140625
-0.616943359375 0.6024169921875 -0.463958740234375 0.385833740234375
-0.507568359375 0.65679931640625 -0.41204833984375 0.27630615234375
-0.15850830078125 0.61566162109375 -0.330902099609375 0.122589111328125
0.01953125 0.6343994140625 -0.337646484375 0.00732421875000004
0.2689208984375 0.516265869140625 -0.47760009765625 -0.0257873535156251
0.483154296875 0.47564697265625 -0.710205078125 0.0508422851562501
0.65093994140625 0.50164794921875 0.446044921875 -0.30523681640625
0.392303466796875 0.541229248046875 0.397735595703125 -0.288787841796875
0.26629638671875 0.78594970703125 0.358062744140625 -0.232666015625
-0.1561279296875 0.82623291015625 0.432952880859375 -0.217041015625
-0.5557861328125 0.8282470703125 0.408966064453125 -0.162506103515625
-0.67706298828125 0.82293701171875 0.485687255859375 -0.0653076171874999
-0.72576904296875 0.70953369140625 0.303009033203125 -0.0272216796875
-0.89312744140625 0.46038818359375 0.0813522338867187 0.0266342163085938
-0.790283203125 0.65655517578125 -0.151321411132813 0.150802612304688
-0.701171875 0.74407958984375 -0.35986328125 0.182373046875
-0.5638427734375 0.82769775390625 -0.42626953125 0.172821044921875
-0.1240234375 0.77972412109375 -0.34039306640625 0.145294189453125
0.09515380859375 0.77734375 -0.30633544921875 0.116363525390625
0.3626708984375 0.60430908203125 -0.375457763671875 0.10064697265625
0.56195068359375 0.537994384765625 -0.553314208984375 0.2188720703125
0.5599365234375 0.4683837890625 0.6207275390625 -0.14959716796875
0.303070068359375 0.484405517578125 0.53271484375 -0.133636474609375
0.1746826171875 0.67474365234375 0.39019775390625 -0.118560791015625
-0.18804931640625 0.6781005859375 0.426025390625 -0.175323486328125
-0.52532958984375 0.6849365234375 0.419158935546875 -0.257415771484375
-0.6190185546875 0.7216796875 0.56024169921875 -0.27679443359375
-0.65447998046875 0.6375732421875 0.487701416015625 -0.294891357421875
-0.8287353515625 0.4468994140625 0.331573486328125 -0.214324951171875
-0.7562255859375 0.65521240234375 0.0494766235351562 -0.135299682617187
-0.66375732421875 0.75140380859375 -0.252792358398438 -0.078643798828125
-0.52227783203125 0.83929443359375 -0.431396484375 0.0279235839843751
-0.07086181640625 0.78619384765625 -0.337127685546875 0.153778076171875
0.1483154296875 0.77935791015625 -0.243804931640625 0.229934692382813
0.392578125 0.588623046875 -0.228195190429687 0.239120483398438
0.556488037109375 0.51708984375 -0.363372802734375 0.390899658203125
0.402618408203125 0.36505126953125 0.748779296875 -0.00683593749999998
0.189697265625 0.35968017578125 0.6015625 0.01275634765625
0.08258056640625 0.468780517578125 0.3695068359375 -0.0174560546875
-0.174774169921875 0.441436767578125 0.3843994140625 -0.122039794921875
-0.405487060546875 0.45703125 0.414337158203125 -0.30377197265625
-0.465484619140625 0.524200439453125 0.59991455078125 -0.42572021484375
-0.485443115234375 0.4771728515625 0.62750244140625 -0.50732421875
-0.63702392578125 0.36328125 0.531646728515625 -0.424896240234375
-0.59600830078125 0.53533935546875 0.205596923828125 -0.404083251953125
-0.508544921875 0.60736083984375 -0.1690673828125 -0.330596923828125
-0.3992919921875 0.6695556640625 -0.429595947265625 -0.118865966796875
-0.03350830078125 0.62493896484375 -0.324920654296875 0.146392822265625
0.14794921875 0.6236572265625 -0.175262451171875 0.32525634765625
0.33123779296875 0.46466064453125 -0.073699951171875 0.36529541015625
0.45281982421875 0.4111328125 -0.175872802734375 0.541534423828125
0.210128784179688 0.216583251953125 0.8221435546875 0.09197998046875
0.090484619140625 0.198135375976563 0.619140625 0.1153564453125
0.0347747802734375 0.23895263671875 0.327301025390625 0.0479736328125
-0.106109619140625 0.206069946289063 0.332305908203125 -0.0841064453125
-0.229751586914063 0.234466552734375 0.4034423828125 -0.314666748046875
-0.254241943359375 0.30120849609375 0.606201171875 -0.51409912109375
-0.2523193359375 0.265350341796875 0.70452880859375 -0.64727783203125
-0.349151611328125 0.220245361328125 0.64947509765625 -0.5758056640625
-0.341217041015625 0.32061767578125 0.2864990234375 -0.60198974609375
-0.27838134765625 0.35223388671875 -0.12841796875 -0.515716552734375
-0.222686767578125 0.372650146484375 -0.4248046875 -0.2279052734375
-0.0164794921875 0.342987060546875 -0.314056396484375 0.137603759765625
0.093353271484375 0.35406494140625 -0.12548828125 0.389801025390625
0.18328857421875 0.26251220703125 0.04595947265625 0.45892333984375
0.262542724609375 0.242721557617188 -0.026611328125 0.64471435546875
0.0283470153808594 0.00988197326660156 -0.11114501953125 -0.62811279296875
-0.0331764221191406 -0.0042724609375 -0.141815185546875 -0.53424072265625
-0.0276756286621094 -0.00682830810546874 0.07525634765625 -0.413604736328125
-0.0224647521972656 -0.0255336761474609 0.27166748046875 -0.15460205078125
-0.0216159820556641 -0.0346107482910156 0.331146240234375 0.250640869140625
-0.00233459472656251 -0.0760650634765625 0.158660888671875 0.52105712890625
-0.00188446044921876 -0.0645675659179688 -0.27935791015625 0.65789794921875
0.010986328125 -0.0819015502929688 -0.64678955078125 0.5863037109375
0.0497283935546875 -0.080230712890625 -0.71722412109375 0.6700439453125
0.0339012145996094 -0.0486526489257813 -0.60601806640625 0.5537109375
0.0443611145019531 -0.0144615173339844 -0.360595703125 0.34197998046875
0.00371551513671875 -0.0277843475341797 -0.285186767578125 0.075927734375
-0.0016326904296875 -0.00884151458740234 -0.34075927734375 -0.107147216796875
0.00423812866210938 -0.0340328216552734 -0.56146240234375 -0.12908935546875
0.0199012756347656 -0.0366134643554688 -0.8822021484375 -0.1641845703125
0.30419921875 0.188262939453125 -0.072998046875 -0.6236572265625
0.172897338867188 0.208099365234375 -0.101348876953125 -0.5482177734375
0.1307373046875 0.313262939453125 0.109954833984375 -0.41900634765625
-0.0447998046875 0.32623291015625 0.301788330078125 -0.180450439453125
-0.21221923828125 0.318084716796875 0.334442138671875 0.210968017578125
-0.257415771484375 0.271636962890625 0.2071533203125 0.50408935546875
-0.28692626953125 0.23876953125 -0.214111328125 0.6353759765625
-0.328857421875 0.111328125 -0.57403564453125 0.564697265625
-0.23345947265625 0.15301513671875 -0.659912109375 0.660400390625
-0.204330444335938 0.165939331054688 -0.5877685546875 0.553955078125
-0.162429809570313 0.187576293945312 -0.37359619140625 0.342742919921875
-0.0816802978515625 0.165252685546875 -0.29376220703125 0.08160400390625
-0.0259857177734375 0.195068359375 -0.3323974609375 -0.1046142578125
0.076751708984375 0.160995483398438 -0.550323486328125 -0.142547607421875
0.193984985351563 0.160491943359375 -0.87677001953125 -0.1534423828125
0.523040771484375 0.34735107421875 0.05474853515625 -0.5654296875
0.334869384765625 0.389434814453125 0.02740478515625 -0.515625
0.25738525390625 0.584228515625 0.186676025390625 -0.393218994140625
-0.0693359375 0.6292724609375 0.35015869140625 -0.212371826171875
-0.38128662109375 0.62591552734375 0.35430908203125 0.1123046875
-0.47772216796875 0.578125 0.2879638671875 0.3797607421875
-0.527191162109375 0.4969482421875 -0.080169677734375 0.4913330078125
-0.62152099609375 0.28338623046875 -0.409698486328125 0.450714111328125
-0.49505615234375 0.3751220703125 -0.53924560546875 0.57159423828125
-0.432586669921875 0.392059326171875 -0.541595458984375 0.508544921875
-0.3585205078125 0.419464111328125 -0.39349365234375 0.32843017578125
-0.144287109375 0.388153076171875 -0.313507080078125 0.0999755859375001
-0.023681640625 0.4180908203125 -0.33935546875 -0.067413330078125
0.16485595703125 0.354217529296875 -0.532257080078125 -0.109619140625
0.35491943359375 0.342376708984375 -0.8226318359375 -0.0740356445312501
0.646728515625 0.45703125 0.241943359375 -0.45635986328125
0.41357421875 0.50714111328125 0.21136474609375 -0.42755126953125
0.3092041015625 0.7562255859375 0.27886962890625 -0.33428955078125
-0.1014404296875 0.81524658203125 0.40032958984375 -0.232879638671875
-0.49853515625 0.8204345703125 0.384185791015625 -0.0275573730468749
-0.6212158203125 0.78472900390625 0.390777587890625 0.1690673828125
-0.67919921875 0.66998291015625 0.104598999023437 0.253509521484375
-0.81964111328125 0.41015625 -0.178604125976563 0.262191772460938
-0.69097900390625 0.55975341796875 -0.35888671875 0.402740478515625
-0.61297607421875 0.60919189453125 -0.46258544921875 0.39349365234375
-0.5020751953125 0.6668701171875 -0.41204833984375 0.281494140625
-0.15435791015625 0.62249755859375 -0.3321533203125 0.126983642578125
0.0262451171875 0.6368408203125 -0.339508056640625 0.0109252929687501
0.273406982421875 0.516632080078125 -0.481170654296875 -0.020782470703125
0.491851806640625 0.474273681640625 -0.71337890625 0.0585937499999999
0.65777587890625 0.4957275390625 0.44512939453125 -0.312530517578125
0.397735595703125 0.539703369140625 0.39569091796875 -0.294769287109375
0.27484130859375 0.7874755859375 0.357635498046875 -0.238800048828125
-0.149658203125 0.832275390625 0.433349609375 -0.221527099609375
-0.54974365234375 0.83892822265625 0.409027099609375 -0.1644287109375
-0.6717529296875 0.83233642578125 0.486358642578125 -0.0731506347656249
-0.72222900390625 0.7178955078125 0.30419921875 -0.030364990234375
-0.891357421875 0.47296142578125 0.0818786621093749 0.0258712768554688
-0.78607177734375 0.66534423828125 -0.149993896484375 0.152587890625
-0.69598388671875 0.754150390625 -0.36041259765625 0.185638427734375
-0.55865478515625 0.83843994140625 -0.426483154296875 0.179229736328125
-0.11700439453125 0.78594970703125 -0.3404541015625 0.149871826171875
0.10284423828125 0.78009033203125 -0.3062744140625 0.120147705078125
0.36846923828125 0.6048583984375 -0.377471923828125 0.10467529296875
0.57122802734375 0.53363037109375 -0.55499267578125 0.2265625
0.567626953125 0.46142578125 0.62322998046875 -0.1551513671875
0.307861328125 0.482940673828125 0.5335693359375 -0.138824462890625
0.180908203125 0.675048828125 0.389801025390625 -0.123687744140625
-0.1824951171875 0.68359375 0.42608642578125 -0.17828369140625
-0.52056884765625 0.6943359375 0.419158935546875 -0.261444091796875
-0.61248779296875 0.729248046875 0.5595703125 -0.28497314453125
-0.6505126953125 0.6474609375 0.48687744140625 -0.300140380859375
-0.8272705078125 0.4566650390625 0.331939697265625 -0.218658447265625
-0.7530517578125 0.6656494140625 0.0487518310546874 -0.136741638183594
-0.65692138671875 0.7618408203125 -0.254898071289063 -0.075958251953125
-0.51605224609375 0.84930419921875 -0.43328857421875 0.0336303710937501
-0.06317138671875 0.7926025390625 -0.33660888671875 0.157623291015625
0.1580810546875 0.78106689453125 -0.24298095703125 0.234024047851563
0.3984375 0.5880126953125 -0.228195190429687 0.242691040039063
0.564453125 0.513916015625 -0.362823486328125 0.3974609375
0.40771484375 0.362701416015625 0.75146484375 -0.01385498046875
0.192901611328125 0.358428955078125 0.60540771484375 0.00805664062500002
0.086639404296875 0.468719482421875 0.37054443359375 -0.021270751953125
-0.171356201171875 0.445037841796875 0.384368896484375 -0.124267578125
-0.402099609375 0.464935302734375 0.413543701171875 -0.30767822265625
-0.460418701171875 0.53106689453125 0.59716796875 -0.43475341796875
-0.483184814453125 0.484100341796875 0.62628173828125 -0.51654052734375
-0.6361083984375 0.371826171875 0.5313720703125 -0.4306640625
-0.593017578125 0.54522705078125 0.2022705078125 -0.408294677734375
-0.504638671875 0.615478515625 -0.173095703125 -0.330169677734375
-0.39447021484375 0.67626953125 -0.432708740234375 -0.11468505859375
-0.0283203125 0.62847900390625 -0.324859619140625 0.150634765625
0.15545654296875 0.626953125 -0.17230224609375 0.3280029296875
0.336090087890625 0.4654541015625 -0.071258544921875 0.36785888671875
0.46026611328125 0.408416748046875 -0.1707763671875 0.547607421875
0.212417602539063 0.213973999023438 0.82696533203125 0.085205078125
0.0924224853515625 0.198074340820313 0.62359619140625 0.108642578125
0.03729248046875 0.238128662109375 0.32855224609375 0.045196533203125
-0.104843139648438 0.20745849609375 0.33270263671875 -0.086181640625
-0.227340698242187 0.238555908203125 0.402008056640625 -0.319061279296875
-0.251953125 0.304168701171875 0.6029052734375 -0.52191162109375
-0.250137329101562 0.268753051757813 0.70208740234375 -0.6585693359375
-0.349029541015625 0.223846435546875 0.649658203125 -0.58538818359375
-0.3385009765625 0.32611083984375 0.28076171875 -0.60552978515625
-0.277252197265625 0.3577880859375 -0.134735107421875 -0.514739990234375
-0.220458984375 0.37713623046875 -0.428680419921875 -0.223419189453125
-0.01348876953125 0.3443603515625 -0.314178466796875 0.141204833984375
0.098236083984375 0.354644775390625 -0.121917724609375 0.392333984375
0.186187744140625 0.26312255859375 0.049713134765625 0.460693359375
0.266204833984375 0.240142822265625 -0.0227050781249999 0.6463623046875
0.0281600952148438 0.00878334045410156 -0.116943359375 -0.62957763671875
-0.0334529876708984 -0.00308418273925781 -0.149871826171875 -0.533050537109375
-0.0279560089111328 -0.00583457946777344 0.068450927734375 -0.414764404296875
-0.0238666534423828 -0.0255107879638672 0.269271850585938 -0.158538818359375
-0.02239990234375 -0.0335216522216797 0.335052490234375 0.24761962890625
-0.0031890869140625 -0.0762405395507813 0.163055419921875 0.520050048828125
-0.00300216674804687 -0.06500244140625 -0.2734375 0.659912109375
0.00984191894531251 -0.0826034545898438 -0.64471435546875 0.5941162109375
0.0486602783203125 -0.0823287963867187 -0.71124267578125 0.67730712890625
0.0334205627441406 -0.0494308471679688 -0.600830078125 0.560546875
0.0445938110351563 -0.0152626037597656 -0.35784912109375 0.345367431640625
0.00339126586914063 -0.0270195007324219 -0.28582763671875 0.08001708984375
-0.00114583969116211 -0.00785160064697266 -0.34271240234375 -0.102081298828125
0.00373458862304687 -0.0346755981445313 -0.565185546875 -0.12457275390625
0.0195846557617187 -0.0378456115722656 -0.88690185546875 -0.1558837890625
0.30572509765625 0.183929443359375 -0.0809326171875 -0.6251220703125
0.174957275390625 0.207138061523438 -0.10870361328125 -0.548797607421875
0.134063720703125 0.3123779296875 0.105255126953125 -0.42132568359375
-0.042388916015625 0.32818603515625 0.299957275390625 -0.18402099609375
-0.208892822265625 0.32257080078125 0.33758544921875 0.209808349609375
-0.255020141601563 0.274826049804688 0.212646484375 0.50146484375
-0.285247802734375 0.24090576171875 -0.20904541015625 0.6378173828125
-0.32806396484375 0.114288330078125 -0.570556640625 0.57208251953125
-0.232009887695313 0.1539306640625 -0.65478515625 0.66650390625
-0.202255249023438 0.167465209960937 -0.58154296875 0.5625
-0.160858154296875 0.190200805664062 -0.37017822265625 0.3466796875
-0.080474853515625 0.167129516601563 -0.293670654296875 0.08599853515625
-0.0239410400390625 0.1961669921875 -0.333831787109375 -0.100067138671875
0.077606201171875 0.160354614257813 -0.553680419921875 -0.137542724609375
0.196060180664063 0.158599853515625 -0.88079833984375 -0.1429443359375
0.528076171875 0.341766357421875 0.04931640625 -0.5679931640625
0.339813232421875 0.387969970703125 0.021392822265625 -0.515625
0.26397705078125 0.584228515625 0.18212890625 -0.398345947265625
-0.06353759765625 0.631591796875 0.34814453125 -0.21649169921875
-0.3740234375 0.6334228515625 0.357177734375 0.10955810546875
-0.47216796875 0.58447265625 0.294189453125 0.374786376953125
-0.5245361328125 0.502471923828125 -0.0756835937500001 0.4915771484375
-0.6217041015625 0.29071044921875 -0.407135009765625 0.45709228515625
-0.49261474609375 0.379486083984375 -0.53338623046875 0.57733154296875
-0.43017578125 0.397674560546875 -0.53857421875 0.515167236328125
-0.354522705078125 0.425872802734375 -0.391571044921875 0.333770751953125
-0.13958740234375 0.391815185546875 -0.3134765625 0.1043701171875
-0.018463134765625 0.41998291015625 -0.341094970703125 -0.063568115234375
0.168212890625 0.35394287109375 -0.5350341796875 -0.1041259765625
0.361053466796875 0.3387451171875 -0.8248291015625 -0.0631103515625001
0.65216064453125 0.4493408203125 0.237579345703125 -0.4610595703125
0.4197998046875 0.506072998046875 0.206085205078125 -0.429443359375
0.318603515625 0.755615234375 0.27587890625 -0.338897705078125
-0.09344482421875 0.81982421875 0.39892578125 -0.2384033203125
-0.49053955078125 0.83026123046875 0.38604736328125 -0.0304260253906249
-0.6151123046875 0.7919921875 0.39471435546875 0.162841796875
-0.673095703125 0.67730712890625 0.106948852539062 0.25244140625
-0.81939697265625 0.41925048828125 -0.177474975585938 0.264495849609375
-0.6881103515625 0.5673828125 -0.356109619140625 0.40545654296875
-0.60675048828125 0.61749267578125 -0.45904541015625 0.398773193359375
-0.4970703125 0.6746826171875 -0.409881591796875 0.287567138671875
-0.1483154296875 0.6253662109375 -0.331512451171875 0.131744384765625
0.0339355468749999 0.63824462890625 -0.33990478515625 0.0155334472656251
0.277679443359375 0.514739990234375 -0.484527587890625 -0.015350341796875
0.49798583984375 0.470428466796875 -0.71539306640625 0.0692138671875001
0.66436767578125 0.488037109375 0.4407958984375 -0.318389892578125
0.404571533203125 0.53790283203125 0.392913818359375 -0.298370361328125
0.28387451171875 0.7850341796875 0.355926513671875 -0.243743896484375
-0.1407470703125 0.83538818359375 0.431793212890625 -0.22509765625
-0.54022216796875 0.8497314453125 0.408294677734375 -0.16790771484375
-0.66363525390625 0.8427734375 0.48736572265625 -0.0792846679687499
-0.71435546875 0.72711181640625 0.304046630859375 -0.033447265625
-0.89105224609375 0.48126220703125 0.0821228027343749 0.0249481201171875
-0.7825927734375 0.6763916015625 -0.148818969726563 0.153793334960938
-0.689208984375 0.76171875 -0.359619140625 0.1910400390625
-0.55096435546875 0.849365234375 -0.424896240234375 0.185394287109375
-0.10986328125 0.7884521484375 -0.339874267578125 0.155120849609375
0.112548828125 0.78350830078125 -0.305633544921875 0.123809814453125
0.373779296875 0.60302734375 -0.379119873046875 0.108917236328125
0.58062744140625 0.52935791015625 -0.55340576171875 0.23419189453125
0.5736083984375 0.45672607421875 0.62103271484375 -0.16192626953125
0.31390380859375 0.48089599609375 0.532958984375 -0.143463134765625
0.188720703125 0.6734619140625 0.38958740234375 -0.128143310546875
-0.17608642578125 0.68792724609375 0.4256591796875 -0.182281494140625
-0.51190185546875 0.70281982421875 0.41748046875 -0.264801025390625
-0.60540771484375 0.73663330078125 0.55987548828125 -0.29229736328125
-0.64520263671875 0.6541748046875 0.485565185546875 -0.3060302734375
-0.8258056640625 0.4671630859375 0.33056640625 -0.222442626953125
-0.74932861328125 0.675048828125 0.0475845336914062 -0.138252258300781
-0.6502685546875 0.770263671875 -0.2564697265625 -0.0726318359374999
-0.50927734375 0.859375 -0.434356689453125 0.0394592285156251
-0.0570678710937499 0.796875 -0.335723876953125 0.161163330078125
0.1666259765625 0.78228759765625 -0.240432739257813 0.236572265625
0.403564453125 0.58685302734375 -0.227767944335937 0.245681762695313
0.57281494140625 0.50994873046875 -0.360443115234375 0.404449462890625
0.4107666015625 0.35693359375 0.75396728515625 -0.0223388671875
0.1964111328125 0.356414794921875 0.60638427734375 0.00170898437500002
0.092254638671875 0.466949462890625 0.371917724609375 -0.024444580078125
-0.167205810546875 0.44970703125 0.384033203125 -0.1287841796875
-0.396759033203125 0.471466064453125 0.4114990234375 -0.311492919921875
-0.454925537109375 0.536407470703125 0.5947265625 -0.4425048828125
-0.478607177734375 0.488067626953125 0.62164306640625 -0.5220947265625
-0.63275146484375 0.37890625 0.5302734375 -0.437774658203125
-0.58978271484375 0.55145263671875 0.20013427734375 -0.411224365234375
-0.49981689453125 0.62158203125 -0.177154541015625 -0.327850341796875
-0.3900146484375 0.68450927734375 -0.435272216796875 -0.1103515625
-0.02166748046875 0.63262939453125 -0.323944091796875 0.15399169921875
0.16241455078125 0.62567138671875 -0.16864013671875 0.330413818359375
0.340606689453125 0.464752197265625 -0.069976806640625 0.3701171875
0.465484619140625 0.40472412109375 -0.166229248046875 0.550994873046875
0.215240478515625 0.2113037109375 0.828125 0.07568359375
0.0938873291015625 0.19732666015625 0.62713623046875 0.1024169921875
0.0396728515625 0.237197875976563 0.330108642578125 0.043060302734375
-0.10302734375 0.209243774414063 0.332550048828125 -0.088653564453125
-0.224456787109375 0.241989135742188 0.398681640625 -0.322479248046875
-0.2481689453125 0.3082275390625 0.59808349609375 -0.52923583984375
-0.248046875 0.270172119140625 0.696044921875 -0.6663818359375
-0.347137451171875 0.22784423828125 0.6474609375 -0.59234619140625
-0.33544921875 0.3302001953125 0.27734375 -0.61065673828125
-0.273956298828125 0.362457275390625 -0.14031982421875 -0.514129638671875
-0.217742919921875 0.380950927734375 -0.433380126953125 -0.219696044921875
-0.01055908203125 0.34564208984375 -0.31292724609375 0.144287109375
0.102935791015625 0.35443115234375 -0.11724853515625 0.394561767578125
0.188858032226562 0.262985229492188 0.053314208984375 0.461761474609375
0.269760131835938 0.23797607421875 -0.01678466796875 0.64984130859375
0.0279979705810547 0.00744438171386719 -0.12347412109375 -0.62860107421875
-0.0336532592773438 -0.00267410278320312 -0.15631103515625 -0.532806396484375
-0.0283718109130859 -0.00539207458496094 0.06304931640625 -0.41754150390625
-0.0253658294677734 -0.0251235961914063 0.266891479492187 -0.1619873046875
-0.0228633880615234 -0.0330162048339844 0.339019775390625 0.245361328125
-0.00405883789062499 -0.0763626098632813 0.16998291015625 0.51654052734375
-0.00443267822265625 -0.0651702880859375 -0.26934814453125 0.663330078125
0.00869750976562499 -0.083038330078125 -0.63946533203125 0.60382080078125
0.0475006103515625 -0.0839080810546875 -0.7041015625 0.68560791015625
0.0331001281738281 -0.0504875183105469 -0.5946044921875 0.56793212890625
0.0450973510742187 -0.0156173706054687 -0.35321044921875 0.350555419921875
0.00303459167480469 -0.0265998840332031 -0.285675048828125 0.08392333984375
-0.000615596771240234 -0.00727415084838867 -0.344390869140625 -0.0973815917968749
0.0035552978515625 -0.0351314544677734 -0.5679931640625 -0.11871337890625
0.019134521484375 -0.0385246276855469 -0.8890380859375 -0.14434814453125
0.308380126953125 0.1796875 -0.087158203125 -0.62542724609375
0.177749633789062 0.20574951171875 -0.11676025390625 -0.54803466796875
0.137847900390625 0.311248779296875 0.10003662109375 -0.423736572265625
-0.0391845703125 0.330047607421875 0.29803466796875 -0.187591552734375
-0.205902099609375 0.32586669921875 0.34136962890625 0.20684814453125
-0.25225830078125 0.278244018554688 0.218719482421875 0.497833251953125
-0.283203125 0.24444580078125 -0.20416259765625 0.64166259765625
-0.327972412109375 0.118194580078125 -0.5677490234375 0.5789794921875
-0.231155395507813 0.155868530273437 -0.64752197265625 0.6759033203125
-0.200454711914063 0.169357299804688 -0.57513427734375 0.5687255859375
-0.15789794921875 0.192367553710938 -0.365875244140625 0.351043701171875
-0.0788726806640625 0.168365478515625 -0.29388427734375 0.0905761718750001
-0.022216796875 0.197616577148437 -0.33563232421875 -0.095611572265625
0.078765869140625 0.159332275390625 -0.556304931640625 -0.130767822265625
0.197906494140625 0.156097412109375 -0.88360595703125 -0.1304931640625
0.531829833984375 0.33343505859375 0.0416259765625001 -0.5694580078125
0.343170166015625 0.384735107421875 0.0146484375 -0.5164794921875
0.269775390625 0.5814208984375 0.1767578125 -0.402557373046875
-0.05694580078125 0.63446044921875 0.345703125 -0.2200927734375
-0.3656005859375 0.639404296875 0.35968017578125 0.10693359375
-0.46490478515625 0.59014892578125 0.299560546875 0.370208740234375
-0.517059326171875 0.50897216796875 -0.071258544921875 0.4937744140625
-0.61944580078125 0.29730224609375 -0.403961181640625 0.46112060546875
-0.489105224609375 0.3837890625 -0.5267333984375 0.5838623046875
-0.42510986328125 0.401031494140625 -0.53143310546875 0.522705078125
-0.350250244140625 0.429412841796875 -0.388214111328125 0.339324951171875
-0.137451171875 0.393310546875 -0.31280517578125 0.109130859375
-0.014678955078125 0.421356201171875 -0.34228515625 -0.05859375
0.171478271484375 0.352752685546875 -0.5382080078125 -0.0968322753906249
0.365264892578125 0.335845947265625 -0.827880859375 -0.05438232421875
0.6573486328125 0.44146728515625 0.23175048828125 -0.463348388671875
0.426177978515625 0.501708984375 0.20135498046875 -0.431549072265625
0.32781982421875 0.751708984375 0.2725830078125 -0.343841552734375
-0.0854492187499999 0.82379150390625 0.39605712890625 -0.24072265625
-0.4798583984375 0.83892822265625 0.385650634765625 -0.03411865234375
-0.60662841796875 0.8004150390625 0.397216796875 0.1558837890625
-0.6663818359375 0.68414306640625 0.108963012695312 0.2513427734375
-0.814453125 0.42913818359375 -0.175262451171875 0.26690673828125
-0.68170166015625 0.5753173828125 -0.35223388671875 0.41058349609375
-0.6002197265625 0.62432861328125 -0.456024169921875 0.403656005859375
-0.48931884765625 0.6817626953125 -0.406585693359375 0.2933349609375
-0.1422119140625 0.62847900390625 -0.330230712890625 0.136474609375
0.04046630859375 0.639892578125 -0.34039306640625 0.01959228515625
0.28350830078125 0.513336181640625 -0.486663818359375 -0.0102233886718751
0.50482177734375 0.46466064453125 -0.7149658203125 0.0797119140625
0.6707763671875 0.4805908203125 0.437530517578125 -0.324188232421875
0.409393310546875 0.532928466796875 0.389007568359375 -0.302398681640625
0.29345703125 0.779541015625 0.3538818359375 -0.2479248046875
-0.132568359375 0.83905029296875 0.429595947265625 -0.228057861328125
-0.53167724609375 0.85986328125 0.406402587890625 -0.172515869140625
-0.65423583984375 0.85015869140625 0.48724365234375 -0.0871276855468749
-0.706298828125 0.7359619140625 0.303466796875 -0.037628173828125
-0.88690185546875 0.49334716796875 0.0827178955078124 0.0240859985351563
-0.776611328125 0.68408203125 -0.147186279296875 0.155502319335938
-0.6810302734375 0.77044677734375 -0.358917236328125 0.195465087890625
-0.54345703125 0.85650634765625 -0.424072265625 0.19049072265625
-0.10296630859375 0.79241943359375 -0.33856201171875 0.157867431640625
0.12042236328125 0.7823486328125 -0.3046875 0.127593994140625
0.3809814453125 0.60015869140625 -0.379913330078125 0.11383056640625
0.5880126953125 0.52471923828125 -0.55279541015625 0.24371337890625
0.58050537109375 0.44879150390625 0.62054443359375 -0.17010498046875
0.317230224609375 0.4783935546875 0.532501220703125 -0.1500244140625
0.1966552734375 0.67022705078125 0.389892578125 -0.1318359375
-0.17010498046875 0.6905517578125 0.424713134765625 -0.18536376953125
-0.50372314453125 0.71295166015625 0.415618896484375 -0.268768310546875
-0.59637451171875 0.74493408203125 0.556549072265625 -0.301513671875
-0.637451171875 0.661865234375 0.482177734375 -0.312896728515625
-0.822021484375 0.4765625 0.329254150390625 -0.227020263671875
-0.7418212890625 0.68402099609375 0.0463104248046874 -0.139488220214844
-0.64208984375 0.77911376953125 -0.257354736328125 -0.06915283203125
-0.501708984375 0.87017822265625 -0.4342041015625 0.04437255859375
-0.04833984375 0.799560546875 -0.33465576171875 0.165863037109375
0.1771240234375 0.78076171875 -0.2379150390625 0.239547729492188
0.4110107421875 0.58544921875 -0.227340698242187 0.248748779296875
0.58074951171875 0.50579833984375 -0.3563232421875 0.41107177734375
0.416259765625 0.3515625 0.7529296875 -0.03155517578125
0.198760986328125 0.354461669921875 0.6077880859375 -0.00573730468749998
0.097137451171875 0.464935302734375 0.37213134765625 -0.028533935546875
-0.16326904296875 0.451263427734375 0.3839111328125 -0.131866455078125
-0.39068603515625 0.476226806640625 0.40875244140625 -0.315826416015625
-0.449066162109375 0.540985107421875 0.589111328125 -0.450439453125
-0.4730224609375 0.4931640625 0.61639404296875 -0.5301513671875
-0.63043212890625 0.3861083984375 0.526824951171875 -0.4449462890625
-0.58343505859375 0.5592041015625 0.194671630859375 -0.414398193359375
-0.49334716796875 0.63006591796875 -0.18157958984375 -0.325408935546875
-0.38275146484375 0.6905517578125 -0.43780517578125 -0.1043701171875
-0.0152587890625 0.6339111328125 -0.322357177734375 0.15802001953125
0.1700439453125 0.626220703125 -0.165435791015625 0.333160400390625
0.346405029296875 0.46282958984375 -0.066436767578125 0.3717041015625
0.4736328125 0.3995361328125 -0.161285400390625 0.55438232421875
0.217864990234375 0.208343505859375 0.8306884765625 0.0667724609375
0.09600830078125 0.195999145507813 0.629638671875 0.09515380859375
0.042633056640625 0.235977172851562 0.33074951171875 0.04010009765625
-0.101165771484375 0.210983276367188 0.331939697265625 -0.090606689453125
-0.221420288085937 0.245086669921875 0.39434814453125 -0.326812744140625
-0.243927001953125 0.3099365234375 0.5916748046875 -0.53631591796875
-0.245742797851562 0.274078369140625 0.68963623046875 -0.676025390625
-0.344635009765625 0.23175048828125 0.64190673828125 -0.60009765625
-0.332916259765625 0.33544921875 0.27105712890625 -0.61444091796875
-0.269683837890625 0.365081787109375 -0.146759033203125 -0.512359619140625
-0.21478271484375 0.385894775390625 -0.436126708984375 -0.213470458984375
-0.00714111328124998 0.34686279296875 -0.311676025390625 0.147125244140625
0.10675048828125 0.353240966796875 -0.113372802734375 0.3948974609375
0.192169189453125 0.262252807617188 0.0587158203125 0.46099853515625
0.273544311523438 0.235885620117188 -0.0108032226562499 0.651611328125
0.0277042388916016 0.00680351257324219 -0.13079833984375 -0.62744140625
-0.03369140625 -0.00209426879882812 -0.16357421875 -0.529632568359375
-0.0287876129150391 -0.00433540344238281 0.056640625 -0.4183349609375
-0.0263500213623047 -0.0245590209960937 0.264633178710938 -0.164871215820313
-0.0232162475585938 -0.032073974609375 0.343170166015625 0.24041748046875
-0.00481414794921875 -0.07647705078125 0.174713134765625 0.51458740234375
-0.00512313842773437 -0.0655136108398438 -0.26251220703125 0.66571044921875
0.00731658935546875 -0.0836334228515625 -0.635986328125 0.6097412109375
0.04595947265625 -0.0860824584960938 -0.69580078125 0.69378662109375
0.0325088500976562 -0.0512771606445313 -0.587158203125 0.5748291015625
0.0451812744140625 -0.0164375305175781 -0.348175048828125 0.3538818359375
0.00248336791992188 -0.0257244110107422 -0.28485107421875 0.087890625
-0.000186920166015625 -0.00650262832641601 -0.34478759765625 -0.0924987792968751
0.0030975341796875 -0.0353927612304688 -0.5679931640625 -0.11297607421875
0.0185775756835938 -0.0395393371582031 -0.88946533203125 -0.13311767578125
0.30938720703125 0.174468994140625 -0.09466552734375 -0.6239013671875
0.179229736328125 0.203475952148437 -0.123382568359375 -0.544403076171875
0.1414794921875 0.309844970703125 0.093658447265625 -0.426361083984375
-0.036590576171875 0.330169677734375 0.29449462890625 -0.190948486328125
-0.2015380859375 0.330230712890625 0.344696044921875 0.202545166015625
-0.2486572265625 0.280548095703125 0.22430419921875 0.493438720703125
-0.279769897460938 0.247222900390625 -0.1986083984375 0.64312744140625
-0.326812744140625 0.121185302734375 -0.5628662109375 0.58526611328125
-0.229644775390625 0.156784057617187 -0.63909912109375 0.6820068359375
-0.197555541992188 0.171234130859375 -0.56890869140625 0.5745849609375
-0.155426025390625 0.194244384765625 -0.361541748046875 0.35595703125
-0.077301025390625 0.169921875 -0.292572021484375 0.09442138671875
-0.0191650390625 0.197952270507813 -0.33660888671875 -0.0901794433593749
0.0801544189453125 0.15863037109375 -0.559173583984375 -0.12359619140625
0.200439453125 0.153366088867188 -0.88458251953125 -0.11761474609375
0.53448486328125 0.3253173828125 0.034912109375 -0.56988525390625
0.34735107421875 0.38140869140625 0.00708007812500006 -0.51483154296875
0.27557373046875 0.57763671875 0.171875 -0.405426025390625
-0.0509033203125001 0.6351318359375 0.342041015625 -0.223052978515625
-0.35833740234375 0.646240234375 0.360931396484375 0.1033935546875
-0.4576416015625 0.5946044921875 0.303680419921875 0.36517333984375
-0.512176513671875 0.51434326171875 -0.0670166015625 0.493438720703125
-0.615966796875 0.30322265625 -0.39874267578125 0.466033935546875
-0.48333740234375 0.387725830078125 -0.52191162109375 0.5897216796875
-0.42071533203125 0.405975341796875 -0.526702880859375 0.528594970703125
-0.34552001953125 0.43499755859375 -0.383697509765625 0.343963623046875
-0.13494873046875 0.395233154296875 -0.31121826171875 0.11322021484375
-0.010101318359375 0.421417236328125 -0.34283447265625 -0.0539245605468749
0.173370361328125 0.351104736328125 -0.53900146484375 -0.0898132324218749
0.3709716796875 0.331146240234375 -0.82684326171875 -0.0418701171874998
0.66168212890625 0.43316650390625 0.225738525390625 -0.46636962890625
0.42938232421875 0.4959716796875 0.194732666015625 -0.433380126953125
0.33551025390625 0.7469482421875 0.269195556640625 -0.347869873046875
-0.076171875 0.82421875 0.392852783203125 -0.245880126953125
-0.47052001953125 0.8475341796875 0.3857421875 -0.03765869140625
-0.5946044921875 0.80718994140625 0.39801025390625 0.149322509765625
-0.6558837890625 0.69158935546875 0.110916137695312 0.249862670898438
-0.80987548828125 0.4381103515625 -0.172821044921875 0.2686767578125
-0.6761474609375 0.5819091796875 -0.34527587890625 0.412384033203125
-0.59136962890625 0.63037109375 -0.449981689453125 0.41021728515625
-0.48260498046875 0.68853759765625 -0.40301513671875 0.297821044921875
-0.136962890625 0.62896728515625 -0.328460693359375 0.140960693359375
0.0484008789062501 0.63958740234375 -0.3394775390625 0.0242004394531251
0.2872314453125 0.510894775390625 -0.487884521484375 -0.00366210937499997
0.51019287109375 0.459716796875 -0.71405029296875 0.09027099609375
0.67547607421875 0.471435546875 0.432403564453125 -0.32781982421875
0.413360595703125 0.52886962890625 0.384307861328125 -0.306915283203125
0.30108642578125 0.776123046875 0.351898193359375 -0.25244140625
-0.12225341796875 0.84075927734375 0.4256591796875 -0.233489990234375
-0.52264404296875 0.86834716796875 0.404632568359375 -0.176055908203125
-0.64129638671875 0.85809326171875 0.486541748046875 -0.0948486328124999
-0.69793701171875 0.74298095703125 0.30169677734375 -0.0407409667968749
-0.88348388671875 0.50274658203125 0.0832519531249999 0.02313232421875
-0.7659912109375 0.69329833984375 -0.145156860351563 0.156829833984375
-0.66998291015625 0.7783203125 -0.35565185546875 0.201568603515625
-0.5313720703125 0.86566162109375 -0.421661376953125 0.195770263671875
-0.0949096679687501 0.7938232421875 -0.336334228515625 0.161651611328125
0.13128662109375 0.78106689453125 -0.302978515625 0.13177490234375
0.38568115234375 0.59814453125 -0.379852294921875 0.1187744140625
0.59527587890625 0.51690673828125 -0.550018310546875 0.25079345703125
0.5836181640625 0.44195556640625 0.6187744140625 -0.177001953125
0.321380615234375 0.473846435546875 0.52935791015625 -0.15679931640625
0.20391845703125 0.6676025390625 0.38836669921875 -0.138092041015625
-0.16070556640625 0.6922607421875 0.423431396484375 -0.189300537109375
-0.49505615234375 0.71923828125 0.411834716796875 -0.273223876953125
-0.5872802734375 0.7513427734375 0.552886962890625 -0.308929443359375
-0.629150390625 0.668212890625 0.47894287109375 -0.3167724609375
-0.81842041015625 0.48638916015625 0.32708740234375 -0.23004150390625
-0.73443603515625 0.692626953125 0.045013427734375 -0.140487670898437
-0.6329345703125 0.787109375 -0.258270263671875 -0.0653686523437499
-0.490966796875 0.875732421875 -0.434539794921875 0.0523376464843751
-0.0401611328125 0.80084228515625 -0.3321533203125 0.16973876953125
0.185791015625 0.77880859375 -0.23553466796875 0.242401123046875
0.4169921875 0.580322265625 -0.225616455078125 0.251983642578125
0.58734130859375 0.49725341796875 -0.352569580078125 0.41619873046875
0.419708251953125 0.34539794921875 0.75244140625 -0.039306640625
0.202728271484375 0.350982666015625 0.60711669921875 -0.01275634765625
0.102203369140625 0.46282958984375 0.371673583984375 -0.03192138671875
-0.157379150390625 0.45233154296875 0.3826904296875 -0.133270263671875
-0.3839111328125 0.483428955078125 0.404571533203125 -0.31884765625
-0.441192626953125 0.545562744140625 0.58355712890625 -0.45751953125
-0.4664306640625 0.496368408203125 0.610107421875 -0.53790283203125
-0.62689208984375 0.393798828125 0.523406982421875 -0.45074462890625
-0.576171875 0.56591796875 0.190338134765625 -0.415557861328125
-0.4862060546875 0.63568115234375 -0.184722900390625 -0.321685791015625
-0.37542724609375 0.69720458984375 -0.439422607421875 -0.0987548828124999
-0.00787353515625005 0.6334228515625 -0.319915771484375 0.160675048828125
0.17864990234375 0.62451171875 -0.161468505859375 0.333953857421875
0.35028076171875 0.46087646484375 -0.062713623046875 0.372802734375
0.478546142578125 0.394378662109375 -0.154541015625 0.55780029296875
0.219451904296875 0.2042236328125 0.83001708984375 0.05682373046875
0.097442626953125 0.194320678710938 0.63037109375 0.08642578125
0.0452423095703125 0.234390258789063 0.330657958984375 0.037384033203125
-0.0986175537109375 0.211456298828125 0.331390380859375 -0.092620849609375
-0.217254638671875 0.248504638671875 0.389373779296875 -0.32958984375
-0.239776611328125 0.311920166015625 0.58636474609375 -0.54266357421875
-0.242324829101563 0.274993896484375 0.68096923828125 -0.6824951171875
-0.343048095703125 0.236419677734375 0.6378173828125 -0.60791015625
-0.329315185546875 0.339599609375 0.2650146484375 -0.61785888671875
-0.26556396484375 0.368499755859375 -0.150848388671875 -0.50933837890625
-0.210784912109375 0.3883056640625 -0.4404296875 -0.209075927734375
-0.00323486328125002 0.347320556640625 -0.30908203125 0.1500244140625
0.111419677734375 0.352081298828125 -0.107452392578125 0.3961181640625
0.195419311523438 0.261337280273438 0.0615844726562501 0.4605712890625
0.277267456054688 0.231536865234375 -0.00329589843749992 0.65167236328125
0.0271530151367188 0.005615234375 -0.13690185546875 -0.62677001953125
-0.0335178375244141 -0.00140571594238281 -0.169342041015625 -0.526611328125
-0.0288257598876953 -0.00365066528320313 0.0496826171875 -0.4188232421875
-0.0275802612304687 -0.0237102508544922 0.261825561523438 -0.167709350585937
-0.0239238739013672 -0.0314750671386719 0.345428466796875 0.236480712890625
-0.00557708740234375 -0.0764617919921875 0.18035888671875 0.508819580078125
-0.0059967041015625 -0.0657424926757813 -0.25848388671875 0.666748046875
0.00634002685546874 -0.0836639404296875 -0.630859375 0.61419677734375
0.0443115234375 -0.0874099731445313 -0.684814453125 0.70001220703125
0.0318641662597656 -0.0515785217285156 -0.57952880859375 0.578857421875
0.0452690124511719 -0.0169906616210938 -0.3431396484375 0.3570556640625
0.00254058837890625 -0.0246734619140625 -0.283355712890625 0.0921630859375
6.15119934082036E-05 -0.00560903549194336 -0.3458251953125 -0.087371826171875
0.00266647338867188 -0.0355186462402344 -0.56903076171875 -0.10516357421875
0.01800537109375 -0.0401496887207031 -0.88995361328125 -0.12115478515625
0.30999755859375 0.170562744140625 -0.10101318359375 -0.62286376953125
0.181106567382813 0.202239990234375 -0.130035400390625 -0.542388916015625
0.1439208984375 0.307861328125 0.088623046875 -0.427001953125
-0.033721923828125 0.331298828125 0.291595458984375 -0.193359375
-0.1973876953125 0.33294677734375 0.346923828125 0.19915771484375
-0.245269775390625 0.282318115234375 0.230743408203125 0.487091064453125
-0.277023315429688 0.249481201171875 -0.1922607421875 0.64227294921875
-0.325653076171875 0.1243896484375 -0.55859375 0.5904541015625
-0.2276611328125 0.157913208007813 -0.630615234375 0.6871337890625
-0.195159912109375 0.172515869140625 -0.56048583984375 0.5811767578125
-0.152435302734375 0.195907592773438 -0.35693359375 0.359527587890625
-0.075347900390625 0.170745849609375 -0.291534423828125 0.09814453125
-0.01702880859375 0.197769165039063 -0.336761474609375 -0.085235595703125
0.0811004638671875 0.1571044921875 -0.55841064453125 -0.116546630859375
0.201980590820313 0.150238037109375 -0.8829345703125 -0.10601806640625
0.5369873046875 0.3172607421875 0.02874755859375 -0.5689697265625
0.351104736328125 0.376220703125 0.000427246093750067 -0.513458251953125
0.2821044921875 0.572509765625 0.166107177734375 -0.4072265625
-0.04364013671875 0.63653564453125 0.339599609375 -0.226470947265625
-0.34942626953125 0.65045166015625 0.362152099609375 0.0998535156250001
-0.4493408203125 0.598876953125 0.306732177734375 0.35888671875
-0.50469970703125 0.518768310546875 -0.06256103515625 0.493988037109375
-0.61175537109375 0.31011962890625 -0.39447021484375 0.469207763671875
-0.4783935546875 0.392608642578125 -0.51416015625 0.5936279296875
-0.413299560546875 0.408966064453125 -0.51837158203125 0.53302001953125
-0.33880615234375 0.439239501953125 -0.378570556640625 0.348175048828125
-0.1298828125 0.39508056640625 -0.309783935546875 0.118133544921875
-0.00552368164062499 0.42156982421875 -0.342529296875 -0.0483703613281249
0.175567626953125 0.348968505859375 -0.540191650390625 -0.083648681640625
0.372467041015625 0.325775146484375 -0.8251953125 -0.0317382812499999
0.66522216796875 0.42138671875 0.219329833984375 -0.468475341796875
0.434173583984375 0.489898681640625 0.188568115234375 -0.433197021484375
0.3438720703125 0.7408447265625 0.26385498046875 -0.351715087890625
-0.067138671875 0.8253173828125 0.389617919921875 -0.248626708984375
-0.459716796875 0.85162353515625 0.384246826171875 -0.041107177734375
-0.58563232421875 0.8109130859375 0.39990234375 0.142822265625
-0.647216796875 0.69793701171875 0.112838745117187 0.247879028320313
-0.8055419921875 0.44659423828125 -0.170440673828125 0.269012451171875
-0.66802978515625 0.58636474609375 -0.339996337890625 0.41583251953125
-0.58343505859375 0.63531494140625 -0.445770263671875 0.414886474609375
-0.47320556640625 0.69305419921875 -0.400115966796875 0.30242919921875
-0.1307373046875 0.6314697265625 -0.326446533203125 0.14471435546875
0.0541381835937499 0.6375732421875 -0.338470458984375 0.0293884277343751
0.291259765625 0.50799560546875 -0.48724365234375 0.00244140625000006
0.516754150390625 0.452880859375 -0.7119140625 0.0984497070312501
0.679931640625 0.46185302734375 0.42816162109375 -0.333099365234375
0.419189453125 0.522186279296875 0.379791259765625 -0.3094482421875
0.310791015625 0.77020263671875 0.348297119140625 -0.2569580078125
-0.11383056640625 0.8414306640625 0.423004150390625 -0.23553466796875
-0.50958251953125 0.873046875 0.4034423828125 -0.179351806640625
-0.6297607421875 0.8623046875 0.486114501953125 -0.102630615234375
-0.68670654296875 0.74835205078125 0.300872802734375 -0.044189453125
-0.87677001953125 0.5118408203125 0.0830383300781249 0.0220794677734375
-0.75909423828125 0.70098876953125 -0.142974853515625 0.15753173828125
-0.66156005859375 0.78515625 -0.352569580078125 0.20477294921875
-0.522216796875 0.8739013671875 -0.4188232421875 0.2015380859375
-0.0863037109374999 0.794921875 -0.333587646484375 0.16595458984375
0.13897705078125 0.7779541015625 -0.300628662109375 0.134613037109375
0.3895263671875 0.59344482421875 -0.379364013671875 0.1226806640625
0.59967041015625 0.51025390625 -0.547393798828125 0.257904052734375
0.58642578125 0.4312744140625 0.6142578125 -0.18377685546875
0.32464599609375 0.468658447265625 0.526947021484375 -0.161041259765625
0.21099853515625 0.661865234375 0.386505126953125 -0.140960693359375
-0.1527099609375 0.6942138671875 0.4205322265625 -0.1922607421875
-0.48480224609375 0.7257080078125 0.409393310546875 -0.274993896484375
-0.57635498046875 0.7569580078125 0.546630859375 -0.3177490234375
-0.62005615234375 0.6708984375 0.474212646484375 -0.322265625
-0.81097412109375 0.49365234375 0.326202392578125 -0.233551025390625
-0.7247314453125 0.6982421875 0.0430145263671875 -0.140777587890625
-0.62359619140625 0.79315185546875 -0.258712768554688 -0.0615234374999999
-0.48150634765625 0.8822021484375 -0.4337158203125 0.0568237304687501
-0.03045654296875 0.79962158203125 -0.32861328125 0.172882080078125
0.19512939453125 0.7763671875 -0.231719970703125 0.244644165039063
0.42156982421875 0.57763671875 -0.223831176757812 0.2547607421875
0.5933837890625 0.49029541015625 -0.3489990234375 0.4202880859375
0.421417236328125 0.339569091796875 0.7510986328125 -0.048095703125
0.20416259765625 0.349090576171875 0.606201171875 -0.0186767578125
0.1077880859375 0.45953369140625 0.37078857421875 -0.03558349609375
-0.15252685546875 0.453399658203125 0.380950927734375 -0.135986328125
-0.377166748046875 0.487396240234375 0.39923095703125 -0.32147216796875
-0.431549072265625 0.551422119140625 0.5772705078125 -0.4639892578125
-0.458404541015625 0.499664306640625 0.60333251953125 -0.54351806640625
-0.62237548828125 0.3995361328125 0.518402099609375 -0.45648193359375
-0.57098388671875 0.57293701171875 0.185455322265625 -0.418121337890625
-0.47784423828125 0.63916015625 -0.18829345703125 -0.31982421875
-0.367431640625 0.70306396484375 -0.439056396484375 -0.0921936035156249
-0.00201416015624999 0.63372802734375 -0.317840576171875 0.16412353515625
0.18603515625 0.62091064453125 -0.15704345703125 0.335662841796875
0.35400390625 0.457244873046875 -0.060089111328125 0.372894287109375
0.4830322265625 0.389373779296875 -0.148956298828125 0.559417724609375
0.2210693359375 0.200485229492188 0.83062744140625 0.04815673828125
0.09844970703125 0.192611694335938 0.62982177734375 0.07977294921875
0.0474853515625 0.232086181640625 0.33074951171875 0.03424072265625
-0.096221923828125 0.212158203125 0.33038330078125 -0.0938720703125
-0.212966918945313 0.250732421875 0.38629150390625 -0.332275390625
-0.233642578125 0.31439208984375 0.577392578125 -0.546875
-0.239532470703125 0.276473999023437 0.6737060546875 -0.68743896484375
-0.340728759765625 0.23895263671875 0.63031005859375 -0.61285400390625
-0.324920654296875 0.342376708984375 0.25701904296875 -0.617919921875
-0.26104736328125 0.371826171875 -0.157470703125 -0.506134033203125
-0.2060546875 0.3917236328125 -0.4415283203125 -0.202606201171875
0.000579833984374989 0.346649169921875 -0.30682373046875 0.152557373046875
0.116119384765625 0.350189208984375 -0.102691650390625 0.39569091796875
0.197799682617188 0.259933471679688 0.0667724609375 0.4588623046875
0.279281616210938 0.2283935546875 0.00244140624999998 0.650634765625
0.0265331268310547 0.0045928955078125 -0.14263916015625 -0.6240234375
-0.0334606170654297 -0.000556945800781252 -0.173858642578125 -0.52154541015625
-0.0289440155029297 -0.00291824340820312 0.043731689453125 -0.416778564453125
-0.0289974212646484 -0.0230255126953125 0.2579345703125 -0.169662475585938
-0.0240230560302734 -0.0307559967041016 0.34649658203125 0.23223876953125
-0.00615692138671875 -0.07659912109375 0.1849365234375 0.50543212890625
-0.00676345825195313 -0.0658607482910156 -0.25079345703125 0.666748046875
0.00518798828125 -0.0835189819335937 -0.62396240234375 0.6195068359375
0.0424652099609375 -0.088592529296875 -0.6773681640625 0.7030029296875
0.0311012268066406 -0.0522079467773438 -0.57086181640625 0.5833740234375
0.045501708984375 -0.0177268981933594 -0.338531494140625 0.3580322265625
0.00244903564453125 -0.0244464874267578 -0.281890869140625 0.095306396484375
0.000769138336181641 -0.00493383407592773 -0.34552001953125 -0.0821838378906249
0.00233840942382812 -0.0358848571777344 -0.56781005859375 -0.0985717773437499
0.0176773071289063 -0.0409736633300781 -0.885498046875 -0.110595703125
0.310028076171875 0.1650390625 -0.10736083984375 -0.619873046875
0.182388305664063 0.199722290039063 -0.13543701171875 -0.536773681640625
0.14697265625 0.305694580078125 0.0814208984375 -0.4271240234375
-0.030670166015625 0.330780029296875 0.287689208984375 -0.195465087890625
-0.193603515625 0.334686279296875 0.348388671875 0.196197509765625
-0.241455078125 0.283935546875 0.23406982421875 0.48193359375
-0.27325439453125 0.250656127929688 -0.18646240234375 0.6419677734375
-0.32379150390625 0.12786865234375 -0.5509033203125 0.593017578125
-0.22601318359375 0.158355712890625 -0.6214599609375 0.69158935546875
-0.192474365234375 0.173583984375 -0.55419921875 0.5831298828125
-0.14984130859375 0.197235107421875 -0.352081298828125 0.361236572265625
-0.0743255615234375 0.171615600585938 -0.28936767578125 0.101898193359375
-0.0145111083984375 0.198684692382812 -0.336517333984375 -0.0801391601562499
0.0813446044921875 0.156173706054688 -0.559295654296875 -0.110137939453125
0.202621459960938 0.147201538085937 -0.881103515625 -0.0953979492187498
0.537994384765625 0.310272216796875 0.023193359375 -0.5684814453125
0.35211181640625 0.372039794921875 -0.006195068359375 -0.510589599609375
0.28631591796875 0.569091796875 0.16192626953125 -0.4091796875
-0.0377197265625 0.63531494140625 0.33489990234375 -0.227569580078125
-0.3424072265625 0.65386962890625 0.363372802734375 0.0970764160156251
-0.44134521484375 0.60186767578125 0.310302734375 0.35211181640625
-0.497650146484375 0.521881103515625 -0.0593872070312501 0.49176025390625
-0.6070556640625 0.31524658203125 -0.390228271484375 0.47149658203125
-0.472991943359375 0.392913818359375 -0.5062255859375 0.595703125
-0.407989501953125 0.412109375 -0.512176513671875 0.538238525390625
-0.335052490234375 0.44183349609375 -0.37432861328125 0.351104736328125
-0.12664794921875 0.39703369140625 -0.307281494140625 0.12078857421875
-0.00177001953125003 0.42022705078125 -0.341400146484375 -0.0446472167968749
0.177764892578125 0.345977783203125 -0.540496826171875 -0.0782775878906251
0.375762939453125 0.32098388671875 -0.822265625 -0.0211791992187498
0.66558837890625 0.41204833984375 0.21356201171875 -0.46923828125
0.4365234375 0.48516845703125 0.180938720703125 -0.43328857421875
0.3497314453125 0.73541259765625 0.25872802734375 -0.353240966796875
-0.0597534179687499 0.82275390625 0.386199951171875 -0.250885009765625
-0.4473876953125 0.85565185546875 0.383270263671875 -0.0431213378906249
-0.574462890625 0.81475830078125 0.4002685546875 0.135498046875
-0.637939453125 0.7001953125 0.113815307617187 0.246124267578125
-0.79986572265625 0.4530029296875 -0.167678833007813 0.270767211914063
-0.66015625 0.5916748046875 -0.336212158203125 0.417694091796875
-0.57403564453125 0.63946533203125 -0.44122314453125 0.41827392578125
-0.46478271484375 0.6962890625 -0.395416259765625 0.305999755859375
-0.12530517578125 0.63134765625 -0.324066162109375 0.148345947265625
0.0615234375 0.634765625 -0.33697509765625 0.0332641601562501
0.294586181640625 0.50360107421875 -0.487548828125 0.00695800781250002
0.520721435546875 0.44537353515625 -0.7098388671875 0.10693359375
0.6798095703125 0.4517822265625 0.423431396484375 -0.337066650390625
0.4208984375 0.519134521484375 0.375091552734375 -0.311737060546875
0.31591796875 0.7635498046875 0.3441162109375 -0.26092529296875
-0.1044921875 0.8411865234375 0.420684814453125 -0.2384033203125
-0.498291015625 0.87744140625 0.400787353515625 -0.1817626953125
-0.61871337890625 0.865234375 0.482666015625 -0.10882568359375
-0.678466796875 0.75042724609375 0.2987060546875 -0.047027587890625
-0.8671875 0.51983642578125 0.0830383300781249 0.0213241577148438
-0.74835205078125 0.7047119140625 -0.141159057617188 0.157485961914063
-0.651123046875 0.78912353515625 -0.350250244140625 0.2093505859375
-0.5146484375 0.87628173828125 -0.41607666015625 0.2059326171875
-0.07867431640625 0.79400634765625 -0.331634521484375 0.169403076171875
0.1466064453125 0.774658203125 -0.2982177734375 0.138275146484375
0.39422607421875 0.58941650390625 -0.37835693359375 0.12640380859375
0.6043701171875 0.5020751953125 -0.5430908203125 0.264251708984375
0.58807373046875 0.4228515625 0.61041259765625 -0.19000244140625
0.32623291015625 0.46484375 0.52398681640625 -0.16522216796875
0.21551513671875 0.656005859375 0.384124755859375 -0.14434814453125
-0.1458740234375 0.693115234375 0.4183349609375 -0.19476318359375
-0.47552490234375 0.72979736328125 0.40447998046875 -0.277618408203125
-0.56622314453125 0.759033203125 0.542999267578125 -0.321533203125
-0.6094970703125 0.6741943359375 0.468658447265625 -0.326446533203125
-0.80609130859375 0.501220703125 0.322967529296875 -0.236602783203125
-0.71661376953125 0.70428466796875 0.0416107177734375 -0.141342163085937
-0.6141357421875 0.795654296875 -0.258010864257813 -0.0579986572265624
-0.47125244140625 0.8857421875 -0.429931640625 0.062408447265625
-0.0219116210937499 0.79931640625 -0.32733154296875 0.17626953125
0.203125 0.77301025390625 -0.227752685546875 0.245773315429688
0.426025390625 0.5723876953125 -0.222396850585937 0.256454467773438
0.59820556640625 0.482666015625 -0.344024658203125 0.425506591796875
0.423583984375 0.33172607421875 0.74664306640625 -0.05596923828125
0.206390380859375 0.34454345703125 0.6051025390625 -0.025146484375
0.110565185546875 0.455474853515625 0.369659423828125 -0.038604736328125
-0.146942138671875 0.453033447265625 0.378997802734375 -0.13714599609375
-0.369964599609375 0.49078369140625 0.394989013671875 -0.323974609375
-0.423858642578125 0.55242919921875 0.57073974609375 -0.46966552734375
-0.45294189453125 0.50201416015625 0.59600830078125 -0.54803466796875
-0.61810302734375 0.40313720703125 0.51312255859375 -0.459136962890625
-0.56365966796875 0.57562255859375 0.180633544921875 -0.418365478515625
-0.47039794921875 0.64276123046875 -0.190673828125 -0.31536865234375
-0.3597412109375 0.70599365234375 -0.43963623046875 -0.086944580078125
0.00335693359374994 0.63360595703125 -0.31463623046875 0.166229248046875
0.19219970703125 0.6163330078125 -0.152374267578125 0.33477783203125
0.35772705078125 0.452728271484375 -0.0576171875 0.373321533203125
0.486572265625 0.38323974609375 -0.144500732421875 0.560943603515625
0.222183227539062 0.196380615234375 0.825927734375 0.03936767578125
0.0997161865234375 0.190521240234375 0.62933349609375 0.07257080078125
0.049224853515625 0.230194091796875 0.3299560546875 0.03173828125
-0.0937957763671875 0.212142944335938 0.32977294921875 -0.09564208984375
-0.209426879882813 0.252731323242187 0.380035400390625 -0.333648681640625
-0.228363037109375 0.314605712890625 0.56976318359375 -0.55157470703125
-0.235855102539062 0.2763671875 0.6654052734375 -0.6920166015625
-0.33734130859375 0.24114990234375 0.62548828125 -0.6171875
-0.320526123046875 0.34417724609375 0.25103759765625 -0.61895751953125
-0.255615234375 0.37249755859375 -0.16290283203125 -0.502777099609375
-0.20281982421875 0.39410400390625 -0.44293212890625 -0.19781494140625
0.00296020507812497 0.345611572265625 -0.304351806640625 0.1546630859375
0.11981201171875 0.34814453125 -0.098358154296875 0.395599365234375
0.199905395507813 0.258346557617188 0.07000732421875 0.456207275390625
0.281707763671875 0.224212646484375 0.00872802734375001 0.649169921875
0.0262508392333984 0.00391197204589844 -0.1466064453125 -0.61956787109375
-0.0329818725585938 3.81469726562564E-05 -0.178619384765625 -0.517913818359375
-0.0287933349609375 -0.00182723999023438 0.038330078125 -0.416961669921875
-0.0297966003417969 -0.0222244262695313 0.254959106445312 -0.171096801757812
-0.024169921875 -0.0297451019287109 0.349151611328125 0.228790283203125
-0.00660705566406251 -0.0765457153320313 0.18853759765625 0.50042724609375
-0.00745773315429688 -0.065521240234375 -0.245849609375 0.66619873046875
0.00405120849609375 -0.0836639404296875 -0.61981201171875 0.62408447265625
0.0406646728515625 -0.0893096923828125 -0.6690673828125 0.70599365234375
0.0305366516113281 -0.0526237487792969 -0.5635986328125 0.584716796875
0.0451774597167969 -0.0182533264160156 -0.33367919921875 0.361053466796875
0.00209617614746094 -0.0236797332763672 -0.280303955078125 0.0979461669921875
0.00141072273254395 -0.00414824485778809 -0.34454345703125 -0.078460693359375
0.0020599365234375 -0.0362014770507813 -0.5667724609375 -0.0927734374999999
0.0171127319335937 -0.0413055419921875 -0.88214111328125 -0.1009521484375
0.30902099609375 0.161102294921875 -0.11199951171875 -0.6175537109375
0.18280029296875 0.197830200195313 -0.139495849609375 -0.5345458984375
0.148834228515625 0.304168701171875 0.075775146484375 -0.42730712890625
-0.029083251953125 0.330596923828125 0.284210205078125 -0.197052001953125
-0.189697265625 0.33624267578125 0.349273681640625 0.192169189453125
-0.23748779296875 0.28424072265625 0.237213134765625 0.4774169921875
-0.270523071289063 0.251632690429687 -0.18121337890625 0.6407470703125
-0.321624755859375 0.12896728515625 -0.545654296875 0.59503173828125
-0.224029541015625 0.159149169921875 -0.613037109375 0.6910400390625
-0.18975830078125 0.173812866210938 -0.546142578125 0.5863037109375
-0.14703369140625 0.19793701171875 -0.348052978515625 0.363861083984375
-0.0725555419921875 0.171722412109375 -0.2877197265625 0.104827880859375
-0.0125885009765625 0.198211669921875 -0.335418701171875 -0.0760803222656249
0.081573486328125 0.154739379882812 -0.557373046875 -0.10394287109375
0.20361328125 0.144393920898438 -0.87646484375 -0.0864257812499999
0.53802490234375 0.304443359375 0.0159912109375 -0.56640625
0.354736328125 0.367919921875 -0.011383056640625 -0.50640869140625
0.291259765625 0.5640869140625 0.155731201171875 -0.41058349609375
-0.033203125 0.63427734375 0.331512451171875 -0.230621337890625
-0.334716796875 0.655029296875 0.3634033203125 0.0940856933593751
-0.43524169921875 0.60162353515625 0.31158447265625 0.346160888671875
-0.491424560546875 0.522674560546875 -0.05523681640625 0.490264892578125
-0.60302734375 0.318359375 -0.38812255859375 0.4725341796875
-0.46893310546875 0.396148681640625 -0.49713134765625 0.59722900390625
-0.401336669921875 0.4127197265625 -0.506134033203125 0.54071044921875
-0.329132080078125 0.444061279296875 -0.3695068359375 0.35345458984375
-0.1240234375 0.39715576171875 -0.30560302734375 0.124542236328125
0.00283813476562501 0.4190673828125 -0.34014892578125 -0.040374755859375
0.17919921875 0.34320068359375 -0.540008544921875 -0.0723266601562499
0.37774658203125 0.316192626953125 -0.81878662109375 -0.0128784179687499
0.666259765625 0.403564453125 0.207183837890625 -0.469024658203125
0.43804931640625 0.480682373046875 0.175628662109375 -0.432098388671875
0.353515625 0.7294921875 0.255706787109375 -0.354888916015625
-0.0524902343749999 0.82196044921875 0.382965087890625 -0.253021240234375
-0.43756103515625 0.8577880859375 0.3826904296875 -0.0453186035156249
-0.56512451171875 0.8170166015625 0.39947509765625 0.13140869140625
-0.6300048828125 0.70074462890625 0.11480712890625 0.243865966796875
-0.7938232421875 0.45831298828125 -0.165634155273438 0.270477294921875
-0.6533203125 0.59417724609375 -0.330413818359375 0.418670654296875
-0.5670166015625 0.64288330078125 -0.435546875 0.42108154296875
-0.458251953125 0.6993408203125 -0.390899658203125 0.308197021484375
-0.119873046875 0.6312255859375 -0.321746826171875 0.15093994140625
0.067626953125 0.632080078125 -0.33489990234375 0.036163330078125
0.2952880859375 0.500274658203125 -0.4874267578125 0.0114135742187499
0.523529052734375 0.43939208984375 -0.70562744140625 0.11456298828125
0.6810302734375 0.44183349609375 0.416473388671875 -0.33984375
0.422271728515625 0.51239013671875 0.370819091796875 -0.312347412109375
0.32037353515625 0.757568359375 0.3402099609375 -0.262451171875
-0.0980224609375 0.83935546875 0.418914794921875 -0.24090576171875
-0.4888916015625 0.879638671875 0.397857666015625 -0.1827392578125
-0.6085205078125 0.86669921875 0.4805908203125 -0.115234375
-0.668701171875 0.754638671875 0.2967529296875 -0.049713134765625
-0.86505126953125 0.52392578125 0.0828094482421874 0.0195388793945313
-0.74188232421875 0.70928955078125 -0.13946533203125 0.157424926757813
-0.6416015625 0.79180908203125 -0.346588134765625 0.211212158203125
-0.5035400390625 0.8812255859375 -0.412994384765625 0.209716796875
-0.07177734375 0.79241943359375 -0.3284912109375 0.17218017578125
0.15411376953125 0.77081298828125 -0.29571533203125 0.14044189453125
0.39654541015625 0.5853271484375 -0.37786865234375 0.131439208984375
0.6080322265625 0.49542236328125 -0.53948974609375 0.270599365234375
0.59039306640625 0.41485595703125 0.606689453125 -0.1943359375
0.329498291015625 0.460906982421875 0.519439697265625 -0.16766357421875
0.2198486328125 0.65185546875 0.38128662109375 -0.1478271484375
-0.14080810546875 0.6927490234375 0.41619873046875 -0.196380615234375
-0.46630859375 0.7325439453125 0.400238037109375 -0.279205322265625
-0.55615234375 0.7606201171875 0.539337158203125 -0.32733154296875
-0.60382080078125 0.67742919921875 0.46319580078125 -0.3289794921875
-0.79949951171875 0.50537109375 0.3203125 -0.23846435546875
-0.70819091796875 0.7086181640625 0.0406646728515625 -0.141632080078125
-0.60430908203125 0.7999267578125 -0.258163452148438 -0.05450439453125
-0.46173095703125 0.88958740234375 -0.429473876953125 0.0664062500000001
-0.0162353515625 0.79681396484375 -0.32403564453125 0.17828369140625
0.20892333984375 0.766845703125 -0.224884033203125 0.2474365234375
0.4290771484375 0.5684814453125 -0.220703125 0.258346557617188
0.60137939453125 0.47625732421875 -0.3387451171875 0.427459716796875
0.424591064453125 0.32537841796875 0.7442626953125 -0.0616455078125
0.20751953125 0.342041015625 0.6015625 -0.02996826171875
0.1138916015625 0.45245361328125 0.36834716796875 -0.041107177734375
-0.141876220703125 0.453033447265625 0.3779296875 -0.139190673828125
-0.363494873046875 0.4925537109375 0.39044189453125 -0.32513427734375
-0.41717529296875 0.5526123046875 0.565185546875 -0.47344970703125
-0.448089599609375 0.5040283203125 0.5906982421875 -0.5496826171875
-0.6116943359375 0.40802001953125 0.50946044921875 -0.46405029296875
-0.55615234375 0.5777587890625 0.177459716796875 -0.417633056640625
-0.4620361328125 0.6448974609375 -0.19219970703125 -0.311431884765625
-0.35406494140625 0.70928955078125 -0.438140869140625 -0.082977294921875
0.00970458984375002 0.6297607421875 -0.31182861328125 0.167694091796875
0.19708251953125 0.61322021484375 -0.148468017578125 0.335784912109375
0.360443115234375 0.450042724609375 -0.0552978515625 0.372467041015625
0.489776611328125 0.377471923828125 -0.139984130859375 0.56109619140625
0.222946166992188 0.192657470703125 0.823486328125 0.0323486328125
0.100311279296875 0.188796997070313 0.6292724609375 0.06585693359375
0.05108642578125 0.2269287109375 0.329437255859375 0.0302734375
-0.092193603515625 0.212005615234375 0.328125 -0.096221923828125
-0.205245971679688 0.253829956054687 0.375 -0.33526611328125
-0.22515869140625 0.314910888671875 0.5609130859375 -0.554351806640625
-0.232589721679687 0.276107788085938 0.65740966796875 -0.69464111328125
-0.334930419921875 0.242401123046875 0.62054443359375 -0.62115478515625
-0.316375732421875 0.3475341796875 0.2452392578125 -0.6180419921875
-0.251739501953125 0.375152587890625 -0.165069580078125 -0.49853515625
-0.19927978515625 0.395782470703125 -0.443115234375 -0.19171142578125
0.00567626953125002 0.344573974609375 -0.3021240234375 0.15606689453125
0.122314453125 0.34588623046875 -0.094635009765625 0.394683837890625
0.201339721679688 0.25762939453125 0.072601318359375 0.45440673828125
0.282806396484375 0.220458984375 0.01287841796875 0.64752197265625
0.0250968933105469 0.00301361083984375 -0.1495361328125 -0.61602783203125
-0.0329380035400391 0.000768661499023442 -0.182891845703125 -0.512420654296875
-0.0287380218505859 -0.000789642333984369 0.033416748046875 -0.4150390625
-0.0309734344482422 -0.0210647583007812 0.250961303710937 -0.171585083007812
-0.0242748260498047 -0.028961181640625 0.34912109375 0.2254638671875
-0.00703430175781251 -0.0764389038085938 0.19134521484375 0.495574951171875
-0.00806045532226562 -0.0659103393554688 -0.24072265625 0.66357421875
0.00335693359375001 -0.0836029052734375 -0.61505126953125 0.623779296875
0.0392913818359375 -0.0899581909179688 -0.66070556640625 0.707763671875
0.0297698974609375 -0.0527420043945313 -0.55615234375 0.58599853515625
0.04541015625 -0.0184440612792969 -0.329254150390625 0.360382080078125
0.00251960754394531 -0.0228195190429687 -0.27838134765625 0.10009765625
0.00158357620239258 -0.00347805023193359 -0.343597412109375 -0.0743103027343749
0.0015716552734375 -0.0363311767578125 -0.5648193359375 -0.0879516601562501
0.0164375305175781 -0.041778564453125 -0.878662109375 -0.09295654296875
0.308746337890625 0.156982421875 -0.1177978515625 -0.613037109375
0.18328857421875 0.195465087890625 -0.14483642578125 -0.526885986328125
0.1500244140625 0.30120849609375 0.071685791015625 -0.426513671875
-0.0269775390625 0.330413818359375 0.2806396484375 -0.1976318359375
-0.186279296875 0.3372802734375 0.35040283203125 0.189361572265625
-0.234405517578125 0.284454345703125 0.2401123046875 0.472320556640625
-0.267654418945312 0.252593994140625 -0.1787109375 0.638671875
-0.31884765625 0.130706787109375 -0.541259765625 0.598876953125
-0.222808837890625 0.158706665039063 -0.6055908203125 0.69354248046875
-0.187118530273438 0.173904418945313 -0.53948974609375 0.58746337890625
-0.144271850585938 0.198699951171875 -0.34320068359375 0.365020751953125
-0.071563720703125 0.17242431640625 -0.2855224609375 0.10784912109375
-0.0108489990234375 0.19775390625 -0.3338623046875 -0.0721435546874999
0.08160400390625 0.153366088867188 -0.55560302734375 -0.098236083984375
0.204086303710937 0.1419677734375 -0.87255859375 -0.07806396484375
0.536102294921875 0.2965087890625 0.0117187500000001 -0.563232421875
0.35589599609375 0.3646240234375 -0.0157470703125 -0.503448486328125
0.292449951171875 0.5599365234375 0.15069580078125 -0.41009521484375
-0.0281372070312501 0.63311767578125 0.328399658203125 -0.230865478515625
-0.32879638671875 0.65594482421875 0.362945556640625 0.0918579101562501
-0.42803955078125 0.60302734375 0.31317138671875 0.340545654296875
-0.48638916015625 0.524139404296875 -0.053070068359375 0.48797607421875
-0.59918212890625 0.32000732421875 -0.38336181640625 0.474945068359375
-0.463592529296875 0.3978271484375 -0.4913330078125 0.5977783203125
-0.395843505859375 0.41363525390625 -0.50018310546875 0.542022705078125
-0.3233642578125 0.44561767578125 -0.365203857421875 0.354156494140625
-0.120941162109375 0.39752197265625 -0.302734375 0.126983642578125
0.00518798828125 0.416839599609375 -0.338226318359375 -0.0363159179687499
0.179718017578125 0.340911865234375 -0.5382080078125 -0.0670166015624999
0.37823486328125 0.310699462890625 -0.81549072265625 -0.00439453125
0.6658935546875 0.395263671875 0.202789306640625 -0.469207763671875
0.439666748046875 0.475677490234375 0.17266845703125 -0.429718017578125
0.3575439453125 0.72418212890625 0.250946044921875 -0.35650634765625
-0.0467529296875 0.8197021484375 0.379425048828125 -0.25323486328125
-0.42926025390625 0.8597412109375 0.381988525390625 -0.0486145019531249
-0.55517578125 0.816650390625 0.3985595703125 0.124847412109375
-0.62115478515625 0.70361328125 0.115127563476562 0.242202758789063
-0.787841796875 0.46148681640625 -0.163604736328125 0.2706298828125
-0.6473388671875 0.595947265625 -0.32666015625 0.41815185546875
-0.55877685546875 0.6429443359375 -0.43170166015625 0.423095703125
-0.451904296875 0.7034912109375 -0.38726806640625 0.310699462890625
-0.115234375 0.6302490234375 -0.319488525390625 0.1536865234375
0.0711669921875 0.63018798828125 -0.332550048828125 0.039398193359375
0.297210693359375 0.497222900390625 -0.486236572265625 0.0163269042968751
0.52508544921875 0.433502197265625 -0.70263671875 0.12115478515625
0.68133544921875 0.43353271484375 0.413421630859375 -0.3404541015625
0.422882080078125 0.50811767578125 0.3660888671875 -0.312591552734375
0.3251953125 0.752685546875 0.337127685546875 -0.26507568359375
-0.09173583984375 0.8399658203125 0.415252685546875 -0.241546630859375
-0.47869873046875 0.88226318359375 0.39569091796875 -0.184417724609375
-0.599365234375 0.8697509765625 0.476318359375 -0.119873046875
-0.6597900390625 0.754638671875 0.29498291015625 -0.0517883300781249
-0.8572998046875 0.52801513671875 0.0821838378906249 0.018829345703125
-0.732421875 0.7109375 -0.137466430664063 0.157333374023438
-0.6324462890625 0.79400634765625 -0.344024658203125 0.214447021484375
-0.49591064453125 0.88287353515625 -0.410247802734375 0.212158203125
-0.0668945312500001 0.79052734375 -0.326934814453125 0.174774169921875
0.1590576171875 0.7657470703125 -0.29254150390625 0.1424560546875
0.39886474609375 0.58056640625 -0.3758544921875 0.133087158203125
0.610107421875 0.48858642578125 -0.534820556640625 0.2752685546875
0.5897216796875 0.40679931640625 0.60064697265625 -0.19842529296875
0.33013916015625 0.456573486328125 0.516387939453125 -0.17181396484375
0.22503662109375 0.64630126953125 0.38037109375 -0.149993896484375
-0.13348388671875 0.69073486328125 0.41375732421875 -0.197662353515625
-0.45849609375 0.73370361328125 0.39678955078125 -0.28009033203125
-0.5484619140625 0.7620849609375 0.53399658203125 -0.3311767578125
-0.59576416015625 0.67547607421875 0.459228515625 -0.329833984375
-0.79345703125 0.50994873046875 0.317108154296875 -0.240631103515625
-0.698974609375 0.71087646484375 0.0394134521484375 -0.141464233398437
-0.59503173828125 0.80126953125 -0.257354736328125 -0.0517883300781249
-0.4542236328125 0.89324951171875 -0.42767333984375 0.0698242187500001
-0.01251220703125 0.79486083984375 -0.32086181640625 0.17974853515625
0.2147216796875 0.7633056640625 -0.22100830078125 0.248077392578125
0.43133544921875 0.56390380859375 -0.21990966796875 0.259017944335938
0.6021728515625 0.46917724609375 -0.335052490234375 0.428985595703125
0.42425537109375 0.318817138671875 0.7393798828125 -0.06744384765625
0.207366943359375 0.33892822265625 0.59942626953125 -0.03515625
0.115966796875 0.447906494140625 0.367279052734375 -0.0423583984375
-0.139862060546875 0.45196533203125 0.37603759765625 -0.13995361328125
-0.356842041015625 0.49481201171875 0.38653564453125 -0.32470703125
-0.409149169921875 0.5523681640625 0.557861328125 -0.474945068359375
-0.44219970703125 0.50225830078125 0.5828857421875 -0.55108642578125
-0.60687255859375 0.41046142578125 0.505584716796875 -0.466461181640625
-0.549560546875 0.58056640625 0.173309326171875 -0.41766357421875
-0.45611572265625 0.646728515625 -0.194091796875 -0.308349609375
-0.34503173828125 0.710693359375 -0.43756103515625 -0.0783081054687499
0.0126953125 0.62860107421875 -0.30975341796875 0.168701171875
0.20172119140625 0.6085205078125 -0.144866943359375 0.334808349609375
0.36279296875 0.44573974609375 -0.05328369140625 0.37176513671875
0.49127197265625 0.37115478515625 -0.13446044921875 0.560211181640625
0.222335815429687 0.189193725585937 0.821044921875 0.02398681640625
0.100555419921875 0.186798095703125 0.62615966796875 0.06103515625
0.0521087646484375 0.224807739257812 0.32843017578125 0.028106689453125
-0.0900115966796875 0.212158203125 0.32745361328125 -0.097259521484375
-0.201019287109375 0.254592895507813 0.369659423828125 -0.33526611328125
-0.2200927734375 0.31536865234375 0.554351806640625 -0.557037353515625
-0.22882080078125 0.276443481445312 0.6488037109375 -0.6966552734375
-0.333099365234375 0.244537353515625 0.613037109375 -0.6243896484375
-0.311187744140625 0.3475341796875 0.24072265625 -0.61651611328125
-0.249053955078125 0.37457275390625 -0.1690673828125 -0.493927001953125
-0.19537353515625 0.39599609375 -0.4437255859375 -0.187286376953125
0.00726318359374997 0.343170166015625 -0.299774169921875 0.156890869140625
0.125030517578125 0.34332275390625 -0.0900878906249999 0.392974853515625
0.202621459960938 0.255996704101563 0.074188232421875 0.45220947265625
0.28436279296875 0.21673583984375 0.0164794921875001 0.6455078125
0.0244655609130859 0.00242233276367188 -0.15216064453125 -0.61309814453125
-0.0326519012451172 0.00119590759277343 -0.184417724609375 -0.5076904296875
-0.0290756225585937 -0.00021934509277344 0.02935791015625 -0.413421630859375
-0.0320034027099609 -0.0197811126708984 0.248138427734375 -0.172561645507813
-0.02435302734375 -0.028411865234375 0.351043701171875 0.222412109375
-0.00736236572265625 -0.0763320922851563 0.192962646484375 0.490997314453125
-0.0082855224609375 -0.0659980773925781 -0.23779296875 0.661376953125
0.00257873535156249 -0.0836257934570313 -0.61114501953125 0.62567138671875
0.0372848510742187 -0.090850830078125 -0.65240478515625 0.7064208984375
0.0294609069824219 -0.0528907775878906 -0.55029296875 0.58746337890625
0.0455665588378906 -0.018524169921875 -0.32598876953125 0.361907958984375
0.00208854675292969 -0.0221939086914063 -0.276901245117188 0.102371215820312
0.00247049331665039 -0.00280070304870605 -0.341796875 -0.0706787109374999
0.00149917602539062 -0.0363655090332031 -0.5615234375 -0.08349609375
0.0165176391601563 -0.042022705078125 -0.8743896484375 -0.0855712890624999
0.307373046875 0.15362548828125 -0.11895751953125 -0.60968017578125
0.1837158203125 0.194290161132813 -0.147918701171875 -0.523162841796875
0.1510009765625 0.2991943359375 0.0665283203125 -0.42529296875
-0.025604248046875 0.33038330078125 0.27752685546875 -0.198226928710938
-0.1820068359375 0.337432861328125 0.350982666015625 0.186431884765625
-0.231201171875 0.284149169921875 0.24139404296875 0.466552734375
-0.26422119140625 0.25201416015625 -0.1741943359375 0.63787841796875
-0.31829833984375 0.131439208984375 -0.53802490234375 0.59954833984375
-0.221084594726563 0.157974243164062 -0.5986328125 0.69189453125
-0.185165405273438 0.174057006835938 -0.53302001953125 0.58831787109375
-0.141983032226562 0.198776245117188 -0.338531494140625 0.3646240234375
-0.0703887939453125 0.172622680664062 -0.284332275390625 0.109039306640625
-0.0087890625 0.19744873046875 -0.332763671875 -0.0687866210937501
0.0814056396484375 0.151962280273438 -0.554473876953125 -0.0949401855468751
0.204315185546875 0.139724731445313 -0.8670654296875 -0.071533203125
0.53399658203125 0.2904052734375 0.00796508789062507 -0.56146240234375
0.354217529296875 0.360809326171875 -0.019805908203125 -0.4984130859375
0.295257568359375 0.555023193359375 0.146728515625 -0.40997314453125
-0.025634765625 0.63116455078125 0.3248291015625 -0.231353759765625
-0.32220458984375 0.657470703125 0.362945556640625 0.089813232421875
-0.42303466796875 0.601806640625 0.31341552734375 0.335174560546875
-0.480316162109375 0.523834228515625 -0.0509033203125001 0.48687744140625
-0.5950927734375 0.32220458984375 -0.3800048828125 0.472991943359375
-0.46044921875 0.39727783203125 -0.485107421875 0.597412109375
-0.390899658203125 0.412322998046875 -0.49310302734375 0.5426025390625
-0.3182373046875 0.44561767578125 -0.361785888671875 0.354888916015625
-0.118621826171875 0.3968505859375 -0.301239013671875 0.128875732421875
0.00915527343750002 0.41632080078125 -0.337066650390625 -0.0333251953124999
0.179443359375 0.3394775390625 -0.536407470703125 -0.0640563964843751
0.379364013671875 0.3076171875 -0.8109130859375 0.00213623046874991
0.6636962890625 0.38861083984375 0.198486328125 -0.46710205078125
0.438812255859375 0.470733642578125 0.167388916015625 -0.427764892578125
0.36077880859375 0.716796875 0.24627685546875 -0.357635498046875
-0.0422973632812499 0.8182373046875 0.3760986328125 -0.253570556640625
-0.42230224609375 0.85943603515625 0.379913330078125 -0.0496826171874999
-0.54736328125 0.8143310546875 0.3975830078125 0.119110107421875
-0.6141357421875 0.7034912109375 0.115310668945312 0.2403564453125
-0.78271484375 0.46453857421875 -0.162353515625 0.270782470703125
-0.63983154296875 0.59466552734375 -0.3218994140625 0.417388916015625
-0.5513916015625 0.64324951171875 -0.427154541015625 0.42498779296875
-0.44183349609375 0.70318603515625 -0.383514404296875 0.313385009765625
-0.11279296875 0.6280517578125 -0.317230224609375 0.15521240234375
0.0751342773437501 0.626953125 -0.33062744140625 0.0419006347656251
0.297637939453125 0.493560791015625 -0.4844970703125 0.0196228027343751
0.5260009765625 0.42681884765625 -0.69781494140625 0.12744140625
0.68035888671875 0.42584228515625 0.409149169921875 -0.341705322265625
0.4222412109375 0.502593994140625 0.36090087890625 -0.312347412109375
0.328125 0.74493408203125 0.334381103515625 -0.266632080078125
-0.0858154296874999 0.83648681640625 0.412322998046875 -0.242401123046875
-0.47137451171875 0.8798828125 0.393157958984375 -0.185089111328125
-0.5909423828125 0.8670654296875 0.47454833984375 -0.12384033203125
-0.651123046875 0.75567626953125 0.292724609375 -0.05352783203125
-0.85015869140625 0.52960205078125 0.0820846557617187 0.0181961059570313
-0.72650146484375 0.7119140625 -0.13623046875 0.157257080078125
-0.6226806640625 0.79180908203125 -0.339324951171875 0.21697998046875
-0.487548828125 0.88250732421875 -0.407562255859375 0.215118408203125
-0.062744140625 0.7877197265625 -0.32293701171875 0.175201416015625
0.162353515625 0.76239013671875 -0.28973388671875 0.14404296875
0.3992919921875 0.57794189453125 -0.375701904296875 0.1353759765625
0.61181640625 0.48126220703125 -0.52960205078125 0.27813720703125
0.5888671875 0.398681640625 0.5960693359375 -0.200439453125
0.33050537109375 0.4515380859375 0.513031005859375 -0.172882080078125
0.225830078125 0.64031982421875 0.377471923828125 -0.1514892578125
-0.1295166015625 0.68743896484375 0.4107666015625 -0.1983642578125
-0.45098876953125 0.7335205078125 0.394378662109375 -0.28057861328125
-0.5406494140625 0.76043701171875 0.5302734375 -0.3349609375
-0.58819580078125 0.67547607421875 0.455657958984375 -0.33148193359375
-0.78643798828125 0.51220703125 0.31512451171875 -0.241973876953125
-0.6912841796875 0.71295166015625 0.0382843017578124 -0.140838623046875
-0.5877685546875 0.80206298828125 -0.255905151367188 -0.0486297607421875
-0.44580078125 0.89324951171875 -0.42608642578125 0.0733642578125001
-0.00695800781249996 0.7928466796875 -0.31854248046875 0.180145263671875
0.21966552734375 0.75836181640625 -0.218460083007812 0.248184204101563
0.43310546875 0.561798095703125 -0.21771240234375 0.2601318359375
0.60504150390625 0.4622802734375 -0.330963134765625 0.43133544921875
0.423187255859375 0.31427001953125 0.735595703125 -0.07183837890625
0.20770263671875 0.336944580078125 0.59625244140625 -0.03765869140625
0.11749267578125 0.443939208984375 0.3653564453125 -0.044525146484375
-0.13568115234375 0.450592041015625 0.375091552734375 -0.1405029296875
-0.351776123046875 0.4945068359375 0.381683349609375 -0.324737548828125
-0.4041748046875 0.551727294921875 0.55194091796875 -0.47705078125
-0.43646240234375 0.501800537109375 0.5780029296875 -0.552978515625
-0.60235595703125 0.41253662109375 0.50189208984375 -0.465606689453125
-0.54315185546875 0.58111572265625 0.170135498046875 -0.415496826171875
-0.4481201171875 0.64654541015625 -0.19451904296875 -0.30450439453125
-0.3411865234375 0.7113037109375 -0.436737060546875 -0.0739746093749999
0.0167236328124999 0.62677001953125 -0.306884765625 0.16949462890625
0.2054443359375 0.6043701171875 -0.14166259765625 0.334136962890625
0.36334228515625 0.444610595703125 -0.05224609375 0.3697509765625
0.492523193359375 0.365936279296875 -0.132537841796875 0.55950927734375
0.221847534179688 0.185760498046875 0.8172607421875 0.01922607421875
0.100265502929688 0.185134887695313 0.6239013671875 0.0572509765625
0.05328369140625 0.222457885742188 0.32757568359375 0.027130126953125
-0.0881805419921875 0.2108154296875 0.326629638671875 -0.09765625
-0.197799682617188 0.255172729492188 0.36767578125 -0.335296630859375
-0.2164306640625 0.313720703125 0.54705810546875 -0.55548095703125
-0.227005004882812 0.27532958984375 0.64178466796875 -0.69671630859375
-0.32958984375 0.2449951171875 0.60931396484375 -0.6253662109375
-0.308502197265625 0.347808837890625 0.2352294921875 -0.6142578125
-0.243560791015625 0.37445068359375 -0.17144775390625 -0.49053955078125
-0.191741943359375 0.39654541015625 -0.44384765625 -0.18280029296875
0.00875854492187501 0.3421630859375 -0.29730224609375 0.15753173828125
0.12725830078125 0.340850830078125 -0.0872802734375 0.391204833984375
0.203964233398438 0.255096435546875 0.075225830078125 0.4495849609375
0.2845458984375 0.21356201171875 0.019287109375 0.64447021484375
0.0238056182861328 0.00165557861328125 -0.15447998046875 -0.6104736328125
-0.0323638916015625 0.00152206420898437 -0.187042236328125 -0.504180908203125
-0.0289421081542969 0.000408172607421877 0.024993896484375 -0.41131591796875
-0.0326080322265625 -0.0190677642822266 0.244796752929688 -0.172439575195313
-0.0240840911865234 -0.027923583984375 0.3507080078125 0.219024658203125
-0.00775146484375001 -0.0765533447265625 0.194122314453125 0.48675537109375
-0.00901031494140625 -0.0658111572265625 -0.23504638671875 0.6607666015625
0.00202941894531251 -0.0836639404296875 -0.6072998046875 0.6278076171875
0.0358428955078125 -0.0914230346679688 -0.64715576171875 0.7064208984375
0.0287857055664063 -0.0532379150390625 -0.5443115234375 0.588134765625
0.0457038879394531 -0.0193328857421875 -0.322418212890625 0.36053466796875
0.00247001647949219 -0.0216007232666016 -0.275375366210937 0.104248046875
0.0032503604888916 -0.00221133232116699 -0.341033935546875 -0.0671081542968749
0.000984191894531247 -0.035980224609375 -0.559661865234375 -0.0807495117187501
0.0161781311035156 -0.0427131652832031 -0.87030029296875 -0.0797119140625
0.30487060546875 0.150634765625 -0.1217041015625 -0.60516357421875
0.183319091796875 0.193283081054688 -0.149871826171875 -0.51910400390625
0.1522216796875 0.298370361328125 0.062835693359375 -0.425262451171875
-0.02490234375 0.330230712890625 0.274658203125 -0.197906494140625
-0.1802978515625 0.33837890625 0.35162353515625 0.184173583984375
-0.22869873046875 0.28411865234375 0.241973876953125 0.462127685546875
-0.262222290039063 0.251937866210938 -0.17169189453125 0.6358642578125
-0.317047119140625 0.1324462890625 -0.535400390625 0.59930419921875
-0.2198486328125 0.157333374023437 -0.592529296875 0.6915283203125
-0.183242797851563 0.173446655273438 -0.52679443359375 0.58782958984375
-0.13995361328125 0.19879150390625 -0.33526611328125 0.36334228515625
-0.0697021484375 0.172439575195313 -0.282012939453125 0.111114501953125
-0.00769042968749998 0.196609497070312 -0.331085205078125 -0.0657348632812499
0.080718994140625 0.1513671875 -0.55181884765625 -0.092041015625
0.20440673828125 0.13751220703125 -0.863525390625 -0.0661621093750001
0.533203125 0.285919189453125 0.00494384765625007 -0.5589599609375
0.35406494140625 0.3577880859375 -0.022491455078125 -0.49517822265625
0.295989990234375 0.550628662109375 0.143341064453125 -0.40997314453125
-0.0219726562499999 0.6298828125 0.32159423828125 -0.231414794921875
-0.31689453125 0.6575927734375 0.362640380859375 0.08843994140625
-0.41754150390625 0.6009521484375 0.31396484375 0.33074951171875
-0.47607421875 0.522796630859375 -0.049560546875 0.484832763671875
-0.5914306640625 0.32403564453125 -0.37890625 0.47412109375
-0.45562744140625 0.39703369140625 -0.48095703125 0.5965576171875
-0.38702392578125 0.41278076171875 -0.4888916015625 0.543212890625
-0.3145751953125 0.445465087890625 -0.358428955078125 0.3560791015625
-0.11810302734375 0.39599609375 -0.2994384765625 0.13055419921875
0.010833740234375 0.414581298828125 -0.334625244140625 -0.0304260253906249
0.178466796875 0.3370361328125 -0.535369873046875 -0.0603332519531249
0.37939453125 0.30377197265625 -0.807861328125 0.00708007812500009
0.66339111328125 0.3814697265625 0.1944580078125 -0.466888427734375
0.439422607421875 0.467254638671875 0.16461181640625 -0.425628662109375
0.36224365234375 0.7132568359375 0.242645263671875 -0.358612060546875
-0.03717041015625 0.81634521484375 0.37396240234375 -0.2537841796875
-0.41571044921875 0.85955810546875 0.378570556640625 -0.0500793457031249
-0.54119873046875 0.81378173828125 0.396209716796875 0.11505126953125
-0.60882568359375 0.70074462890625 0.11517333984375 0.238632202148438
-0.7789306640625 0.46588134765625 -0.160736083984375 0.270660400390625
-0.6339111328125 0.59600830078125 -0.320037841796875 0.416717529296875
-0.54583740234375 0.642822265625 -0.42236328125 0.427825927734375
-0.43768310546875 0.7037353515625 -0.3809814453125 0.313934326171875
-0.1097412109375 0.6258544921875 -0.31512451171875 0.15692138671875
0.07861328125 0.62347412109375 -0.3282470703125 0.0436401367187501
0.2969970703125 0.490997314453125 -0.483245849609375 0.022491455078125
0.526824951171875 0.423309326171875 -0.693115234375 0.13037109375
0.67755126953125 0.4195556640625 0.40460205078125 -0.341400146484375
0.422271728515625 0.499420166015625 0.358184814453125 -0.31109619140625
0.33001708984375 0.7406005859375 0.33172607421875 -0.267059326171875
-0.0819702148437499 0.83306884765625 0.410400390625 -0.2421875
-0.46490478515625 0.88128662109375 0.3917236328125 -0.185699462890625
-0.58154296875 0.86474609375 0.471343994140625 -0.128173828125
-0.6453857421875 0.7518310546875 0.290557861328125 -0.0539245605468749
-0.84490966796875 0.53265380859375 0.0815658569335937 0.017608642578125
-0.71978759765625 0.7130126953125 -0.135528564453125 0.156936645507813
-0.617919921875 0.79449462890625 -0.337188720703125 0.218658447265625
-0.48004150390625 0.88311767578125 -0.40423583984375 0.2166748046875
-0.0595092773437501 0.78662109375 -0.321502685546875 0.17620849609375
0.1661376953125 0.7596435546875 -0.287139892578125 0.1439208984375
0.400634765625 0.5750732421875 -0.374786376953125 0.1383056640625
0.6142578125 0.47601318359375 -0.52740478515625 0.281494140625
0.5872802734375 0.3936767578125 0.59295654296875 -0.2022705078125
0.329864501953125 0.44976806640625 0.50921630859375 -0.173583984375
0.227783203125 0.63494873046875 0.37481689453125 -0.152740478515625
-0.12628173828125 0.68670654296875 0.409515380859375 -0.198883056640625
-0.44305419921875 0.73431396484375 0.39105224609375 -0.2806396484375
-0.53228759765625 0.75775146484375 0.52496337890625 -0.337158203125
-0.58282470703125 0.674560546875 0.451507568359375 -0.33197021484375
-0.7811279296875 0.514404296875 0.313323974609375 -0.2425537109375
-0.68780517578125 0.71270751953125 0.037261962890625 -0.140975952148437
-0.58001708984375 0.80145263671875 -0.255157470703125 -0.0462951660156249
-0.44189453125 0.89483642578125 -0.423614501953125 0.075897216796875
-0.00384521484374999 0.78955078125 -0.3157958984375 0.18145751953125
0.22381591796875 0.755126953125 -0.215255737304688 0.247589111328125
0.434051513671875 0.55731201171875 -0.2176513671875 0.260025024414063
0.60577392578125 0.4566650390625 -0.3271484375 0.431549072265625
0.42181396484375 0.310028076171875 0.7310791015625 -0.07574462890625
0.207733154296875 0.33294677734375 0.59344482421875 -0.03997802734375
0.12017822265625 0.440032958984375 0.36407470703125 -0.0452880859375
-0.133148193359375 0.450714111328125 0.374298095703125 -0.14019775390625
-0.346343994140625 0.494293212890625 0.379669189453125 -0.323974609375
-0.397979736328125 0.550567626953125 0.54681396484375 -0.47894287109375
-0.43218994140625 0.500335693359375 0.57281494140625 -0.5517578125
-0.60003662109375 0.41339111328125 0.49847412109375 -0.466766357421875
-0.5396728515625 0.58282470703125 0.16778564453125 -0.4149169921875
-0.44439697265625 0.6466064453125 -0.195892333984375 -0.301239013671875
-0.33441162109375 0.71148681640625 -0.435821533203125 -0.07122802734375
0.0184936523437499 0.6253662109375 -0.305511474609375 0.170501708984375
0.2088623046875 0.60198974609375 -0.13848876953125 0.33258056640625
0.3646240234375 0.4427490234375 -0.0517272949218749 0.369110107421875
0.494110107421875 0.361114501953125 -0.129669189453125 0.559844970703125
0.221405029296875 0.182449340820313 0.8138427734375 0.01611328125
0.1002197265625 0.183700561523438 0.6220703125 0.05316162109375
0.053558349609375 0.220413208007813 0.32647705078125 0.026641845703125
-0.0866851806640625 0.210357666015625 0.326202392578125 -0.097808837890625
-0.194381713867187 0.254837036132812 0.363494873046875 -0.334808349609375
-0.213043212890625 0.31365966796875 0.542816162109375 -0.5555419921875
-0.224868774414063 0.2735595703125 0.6358642578125 -0.69744873046875
-0.328094482421875 0.245330810546875 0.60614013671875 -0.6268310546875
-0.30609130859375 0.347564697265625 0.23114013671875 -0.61199951171875
-0.2410888671875 0.373992919921875 -0.17236328125 -0.485137939453125
-0.18939208984375 0.397369384765625 -0.4429931640625 -0.179840087890625
0.00970458984375002 0.340850830078125 -0.295318603515625 0.158447265625
0.129364013671875 0.3389892578125 -0.08416748046875 0.39019775390625
0.204376220703125 0.253738403320313 0.07568359375 0.446624755859375
0.2845458984375 0.21038818359375 0.02178955078125 0.64263916015625
0.0228767395019531 0.00113487243652344 -0.15399169921875 -0.607421875
-0.0325813293457031 0.00191307067871094 -0.186248779296875 -0.501708984375
-0.0286445617675781 0.001190185546875 0.020843505859375 -0.409881591796875
-0.0334720611572266 -0.0179405212402344 0.242538452148438 -0.172393798828125
-0.0241222381591797 -0.0271587371826172 0.35174560546875 0.216827392578125
-0.0079803466796875 -0.076324462890625 0.19464111328125 0.484039306640625
-0.00918960571289063 -0.0659675598144531 -0.23431396484375 0.65777587890625
0.00128936767578125 -0.0835342407226562 -0.60601806640625 0.62646484375
0.0347442626953125 -0.0918655395507813 -0.64373779296875 0.70489501953125
0.0285224914550781 -0.0535087585449219 -0.53997802734375 0.58770751953125
0.0456809997558594 -0.0191192626953125 -0.319915771484375 0.360260009765625
0.00232696533203125 -0.0206317901611328 -0.274124145507813 0.104949951171875
0.00410199165344238 -0.00178098678588867 -0.33935546875 -0.065521240234375
0.000797271728515625 -0.0365333557128906 -0.558502197265625 -0.0767822265625
0.0158538818359375 -0.0425529479980469 -0.86566162109375 -0.0763549804687498
0.30352783203125 0.148162841796875 -0.12353515625 -0.60357666015625
0.183685302734375 0.1920166015625 -0.151397705078125 -0.51507568359375
0.152008056640625 0.296417236328125 0.058990478515625 -0.424072265625
-0.02447509765625 0.33050537109375 0.271621704101562 -0.197952270507812
-0.177734375 0.338775634765625 0.35150146484375 0.18292236328125
-0.2265625 0.28277587890625 0.2418212890625 0.45733642578125
-0.261016845703125 0.250778198242188 -0.17041015625 0.6337890625
-0.315948486328125 0.132781982421875 -0.532958984375 0.59954833984375
-0.219680786132813 0.156814575195312 -0.58721923828125 0.68994140625
-0.181121826171875 0.17327880859375 -0.52288818359375 0.58770751953125
-0.13836669921875 0.198883056640625 -0.3336181640625 0.363433837890625
-0.0693206787109375 0.17242431640625 -0.280731201171875 0.11273193359375
-0.00616455078125001 0.1962890625 -0.329742431640625 -0.0634155273437501
0.0804901123046875 0.150497436523438 -0.550689697265625 -0.089569091796875
0.204421997070313 0.136001586914063 -0.85931396484375 -0.0612792968750001
0.52923583984375 0.281494140625 0.00228881835937507 -0.556640625
0.35443115234375 0.356109619140625 -0.024627685546875 -0.490966796875
0.298126220703125 0.547760009765625 0.14007568359375 -0.410125732421875
-0.021484375 0.62982177734375 0.319976806640625 -0.2315673828125
-0.3118896484375 0.656494140625 0.362579345703125 0.087066650390625
-0.41510009765625 0.599853515625 0.3126220703125 0.326385498046875
-0.471527099609375 0.522369384765625 -0.048431396484375 0.483367919921875
-0.5902099609375 0.3238525390625 -0.376251220703125 0.47442626953125
-0.455078125 0.39581298828125 -0.47808837890625 0.5943603515625
-0.382232666015625 0.412384033203125 -0.485870361328125 0.543121337890625
-0.3115234375 0.44720458984375 -0.356292724609375 0.356170654296875
-0.1162109375 0.39520263671875 -0.29815673828125 0.132598876953125
0.012420654296875 0.412750244140625 -0.3330078125 -0.0276489257812499
0.178680419921875 0.33587646484375 -0.5352783203125 -0.0572509765625001
0.380462646484375 0.301116943359375 -0.80303955078125 0.0111694335937501
0.6610107421875 0.37646484375 0.19183349609375 -0.465789794921875
0.4378662109375 0.464996337890625 0.161712646484375 -0.42236328125
0.36358642578125 0.70843505859375 0.241119384765625 -0.35888671875
-0.0352783203125001 0.814208984375 0.372589111328125 -0.254241943359375
-0.41082763671875 0.85992431640625 0.37750244140625 -0.0501403808593749
-0.53564453125 0.81298828125 0.394134521484375 0.1114501953125
-0.60260009765625 0.7001953125 0.1142578125 0.237442016601563
-0.77398681640625 0.466796875 -0.1605224609375 0.26983642578125
-0.629638671875 0.5936279296875 -0.318023681640625 0.415771484375
-0.5404052734375 0.64117431640625 -0.4189453125 0.426483154296875
-0.43280029296875 0.70452880859375 -0.3779296875 0.315093994140625
-0.10870361328125 0.62640380859375 -0.313201904296875 0.157867431640625
0.080078125 0.620849609375 -0.326080322265625 0.045318603515625
0.296661376953125 0.489105224609375 -0.482269287109375 0.025390625
0.526885986328125 0.419586181640625 -0.69061279296875 0.13519287109375
0.67681884765625 0.41339111328125 0.40020751953125 -0.341583251953125
0.420440673828125 0.496246337890625 0.35528564453125 -0.31097412109375
0.33056640625 0.736083984375 0.329864501953125 -0.266265869140625
-0.07757568359375 0.8311767578125 0.408355712890625 -0.2435302734375
-0.4573974609375 0.8819580078125 0.38873291015625 -0.186431884765625
-0.57672119140625 0.8651123046875 0.468597412109375 -0.13043212890625
-0.64105224609375 0.75006103515625 0.2889404296875 -0.0550537109375
-0.84014892578125 0.53240966796875 0.081024169921875 0.0168838500976563
-0.7144775390625 0.713623046875 -0.134490966796875 0.1563720703125
-0.61138916015625 0.79327392578125 -0.33599853515625 0.2203369140625
-0.47613525390625 0.88494873046875 -0.4017333984375 0.21875
-0.0577392578125 0.7857666015625 -0.319488525390625 0.17791748046875
0.1705322265625 0.75518798828125 -0.285308837890625 0.14471435546875
0.40057373046875 0.5726318359375 -0.37298583984375 0.140045166015625
0.6153564453125 0.47174072265625 -0.525726318359375 0.282470703125
0.58575439453125 0.38861083984375 0.589111328125 -0.20343017578125
0.32867431640625 0.44586181640625 0.507843017578125 -0.173736572265625
0.22955322265625 0.63189697265625 0.3734130859375 -0.152801513671875
-0.12432861328125 0.6854248046875 0.4095458984375 -0.198211669921875
-0.43878173828125 0.734375 0.3883056640625 -0.280609130859375
-0.5267333984375 0.75872802734375 0.5205078125 -0.34014892578125
-0.57794189453125 0.6729736328125 0.448760986328125 -0.333343505859375
-0.77886962890625 0.51416015625 0.311492919921875 -0.24267578125
-0.68212890625 0.71160888671875 0.036346435546875 -0.140670776367187
-0.5732421875 0.80303955078125 -0.25439453125 -0.044189453125
-0.43463134765625 0.89556884765625 -0.422088623046875 0.077667236328125
-0.00317382812499997 0.78765869140625 -0.315093994140625 0.18212890625
0.22625732421875 0.751708984375 -0.213882446289063 0.247512817382813
0.432342529296875 0.556884765625 -0.217041015625 0.26104736328125
0.60711669921875 0.45281982421875 -0.324615478515625 0.4327392578125
0.42041015625 0.30548095703125 0.72686767578125 -0.076904296875
0.2069091796875 0.33087158203125 0.59210205078125 -0.04266357421875
0.11956787109375 0.4364013671875 0.36260986328125 -0.045806884765625
-0.131317138671875 0.44866943359375 0.37432861328125 -0.140899658203125
-0.3427734375 0.494049072265625 0.37786865234375 -0.323944091796875
-0.3941650390625 0.548248291015625 0.54290771484375 -0.479644775390625
-0.4287109375 0.49951171875 0.5679931640625 -0.55316162109375
-0.5968017578125 0.41253662109375 0.49774169921875 -0.46783447265625
-0.53680419921875 0.58233642578125 0.165069580078125 -0.414825439453125
-0.44049072265625 0.64715576171875 -0.196258544921875 -0.299346923828125
-0.33123779296875 0.713623046875 -0.434234619140625 -0.0682983398437499
0.01910400390625 0.623779296875 -0.30352783203125 0.170135498046875
0.21026611328125 0.59942626953125 -0.13616943359375 0.331146240234375
0.365203857421875 0.4393310546875 -0.051025390625 0.368408203125
0.492828369140625 0.3565673828125 -0.127777099609375 0.55780029296875
0.220245361328125 0.18035888671875 0.80975341796875 0.0133056640625
0.099578857421875 0.182647705078125 0.6204833984375 0.05010986328125
0.0537109375 0.217864990234375 0.325927734375 0.02630615234375
-0.086029052734375 0.209579467773438 0.32635498046875 -0.0975341796875
-0.1920166015625 0.255935668945312 0.36163330078125 -0.33282470703125
-0.21087646484375 0.312103271484375 0.535400390625 -0.555511474609375
-0.224105834960937 0.27301025390625 0.63262939453125 -0.6982421875
-0.325469970703125 0.24554443359375 0.6036376953125 -0.62701416015625
-0.3031005859375 0.34869384765625 0.22979736328125 -0.6123046875
-0.239105224609375 0.373077392578125 -0.173431396484375 -0.4825439453125
-0.187469482421875 0.398468017578125 -0.44232177734375 -0.17724609375
0.00982666015625001 0.340057373046875 -0.294158935546875 0.157806396484375
0.12957763671875 0.337432861328125 -0.083221435546875 0.38922119140625
0.204849243164062 0.253082275390625 0.076171875 0.44549560546875
0.28509521484375 0.207916259765625 0.0223388671875 0.63970947265625
0.0224189758300781 0.000688552856445312 -0.1571044921875 -0.60546875
-0.0323829650878906 0.00222969055175782 -0.187286376953125 -0.497314453125
-0.0284519195556641 0.00161552429199218 0.019622802734375 -0.407958984375
-0.0344104766845703 -0.0166816711425781 0.240036010742188 -0.17193603515625
-0.0238437652587891 -0.0266323089599609 0.350555419921875 0.21575927734375
-0.00772857666015625 -0.0764923095703125 0.195159912109375 0.479522705078125
-0.00954055786132813 -0.0660400390625 -0.23382568359375 0.65679931640625
0.000823974609374999 -0.083770751953125 -0.60540771484375 0.62786865234375
0.0330734252929688 -0.09228515625 -0.63873291015625 0.70379638671875
0.0286026000976562 -0.0534095764160156 -0.53704833984375 0.5858154296875
0.0457763671875 -0.0196113586425781 -0.318328857421875 0.359130859375
0.0027618408203125 -0.0199298858642578 -0.273162841796875 0.106048583984375
0.00438475608825684 -0.00106692314147949 -0.33831787109375 -0.063751220703125
0.000404357910156253 -0.036346435546875 -0.55548095703125 -0.0760498046874999
0.0157012939453125 -0.0431747436523437 -0.8636474609375 -0.0739135742187502
0.30145263671875 0.14666748046875 -0.125244140625 -0.60162353515625
0.182830810546875 0.191390991210938 -0.15234375 -0.511627197265625
0.15252685546875 0.295562744140625 0.055816650390625 -0.42279052734375
-0.0240478515625 0.330535888671875 0.269760131835938 -0.197296142578125
-0.176025390625 0.339141845703125 0.35174560546875 0.18206787109375
-0.225738525390625 0.281585693359375 0.241912841796875 0.4534912109375
-0.2598876953125 0.250686645507812 -0.169921875 0.63189697265625
-0.3150634765625 0.132537841796875 -0.53082275390625 0.59930419921875
-0.219314575195313 0.1558837890625 -0.5848388671875 0.6895751953125
-0.179840087890625 0.172805786132812 -0.52032470703125 0.58770751953125
-0.136627197265625 0.198776245117187 -0.33087158203125 0.363555908203125
-0.0689239501953125 0.173080444335937 -0.280014038085938 0.11358642578125
-0.00521850585937502 0.196426391601562 -0.328155517578125 -0.061492919921875
0.0800323486328125 0.150100708007813 -0.5479736328125 -0.0865478515625001
0.203826904296875 0.134017944335938 -0.855224609375 -0.0579833984374998
0.527313232421875 0.278533935546875 0.000946044921875084 -0.55438232421875
0.352935791015625 0.354339599609375 -0.027191162109375 -0.48736572265625
0.2977294921875 0.544830322265625 0.137054443359375 -0.4093017578125
-0.0204467773437499 0.62933349609375 0.318145751953125 -0.230133056640625
-0.3099365234375 0.657470703125 0.3624267578125 0.0859375
-0.41192626953125 0.59954833984375 0.3116455078125 0.32257080078125
-0.470458984375 0.52044677734375 -0.049072265625 0.4820556640625
-0.58709716796875 0.32513427734375 -0.37591552734375 0.473480224609375
-0.4522705078125 0.39508056640625 -0.4754638671875 0.59326171875
-0.380645751953125 0.411895751953125 -0.482818603515625 0.54290771484375
-0.309783935546875 0.446380615234375 -0.35491943359375 0.355987548828125
-0.11541748046875 0.395782470703125 -0.296630859375 0.133148193359375
0.0135498046875 0.411224365234375 -0.330902099609375 -0.027008056640625
0.178436279296875 0.335693359375 -0.533905029296875 -0.05560302734375
0.380279541015625 0.29852294921875 -0.80072021484375 0.0147705078124999
0.65753173828125 0.372802734375 0.1888427734375 -0.4630126953125
0.436553955078125 0.462371826171875 0.159912109375 -0.41998291015625
0.36273193359375 0.70452880859375 0.238189697265625 -0.35858154296875
-0.0334472656249999 0.8135986328125 0.370758056640625 -0.254180908203125
-0.40692138671875 0.85870361328125 0.379058837890625 -0.0514526367187499
-0.532958984375 0.809814453125 0.39288330078125 0.10809326171875
-0.60076904296875 0.699462890625 0.114364624023437 0.237335205078125
-0.77178955078125 0.466796875 -0.159896850585938 0.269332885742188
-0.62744140625 0.593994140625 -0.316375732421875 0.414306640625
-0.53594970703125 0.63958740234375 -0.417022705078125 0.427032470703125
-0.43096923828125 0.70501708984375 -0.377166748046875 0.3160400390625
-0.10760498046875 0.625732421875 -0.31207275390625 0.159820556640625
0.0819091796875 0.61907958984375 -0.323638916015625 0.046417236328125
0.297210693359375 0.488067626953125 -0.482147216796875 0.0271606445312499
0.528717041015625 0.41400146484375 -0.6888427734375 0.13623046875
0.67364501953125 0.40899658203125 0.398193359375 -0.34136962890625
0.42010498046875 0.493438720703125 0.35400390625 -0.310150146484375
0.3311767578125 0.73419189453125 0.32733154296875 -0.268310546875
-0.0778198242187501 0.83111572265625 0.407470703125 -0.242523193359375
-0.45361328125 0.8824462890625 0.388336181640625 -0.186126708984375
-0.57159423828125 0.86090087890625 0.46575927734375 -0.134368896484375
-0.63824462890625 0.7503662109375 0.288116455078125 -0.055267333984375
-0.8382568359375 0.532470703125 0.0807647705078124 0.016632080078125
-0.71246337890625 0.710693359375 -0.134536743164063 0.155960083007813
-0.6072998046875 0.7928466796875 -0.33355712890625 0.221923828125
-0.47222900390625 0.886474609375 -0.40045166015625 0.22003173828125
-0.0559082031250001 0.78460693359375 -0.318511962890625 0.178863525390625
0.17218017578125 0.7510986328125 -0.282318115234375 0.1455078125
0.39935302734375 0.5703125 -0.374969482421875 0.140655517578125
0.61505126953125 0.46875 -0.522918701171875 0.285369873046875
0.58184814453125 0.38299560546875 0.58709716796875 -0.20367431640625
0.3271484375 0.444000244140625 0.5048828125 -0.174896240234375
0.229736328125 0.62835693359375 0.37213134765625 -0.1534423828125
-0.12139892578125 0.683349609375 0.408935546875 -0.19830322265625
-0.43365478515625 0.73370361328125 0.38787841796875 -0.279083251953125
-0.5233154296875 0.75390625 0.518280029296875 -0.342132568359375
-0.57452392578125 0.67169189453125 0.446533203125 -0.3330078125
-0.77667236328125 0.51568603515625 0.3106689453125 -0.243072509765625
-0.67864990234375 0.71112060546875 0.03570556640625 -0.140426635742187
-0.57012939453125 0.80010986328125 -0.253646850585938 -0.0430908203125
-0.4302978515625 0.8961181640625 -0.41998291015625 0.0803222656250001
-0.00128173828125004 0.78729248046875 -0.314361572265625 0.181854248046875
0.2275390625 0.748291015625 -0.211212158203125 0.2474365234375
0.433624267578125 0.554840087890625 -0.216995239257813 0.26129150390625
0.60784912109375 0.44891357421875 -0.322906494140625 0.43414306640625
0.4190673828125 0.300994873046875 0.72576904296875 -0.0787353515625
0.205352783203125 0.329986572265625 0.58935546875 -0.0440673828125
0.120574951171875 0.434722900390625 0.3623046875 -0.045654296875
-0.129669189453125 0.44757080078125 0.37396240234375 -0.1409912109375
-0.339111328125 0.49420166015625 0.374786376953125 -0.322601318359375
-0.392333984375 0.548065185546875 0.53863525390625 -0.479278564453125
-0.42791748046875 0.498199462890625 0.56512451171875 -0.55224609375
-0.5947265625 0.412353515625 0.494354248046875 -0.468292236328125
-0.5330810546875 0.5806884765625 0.16448974609375 -0.413299560546875
-0.43609619140625 0.6458740234375 -0.195831298828125 -0.297149658203125
-0.3292236328125 0.7138671875 -0.433258056640625 -0.0654296874999999
0.02008056640625 0.622314453125 -0.3026123046875 0.17095947265625
0.2119140625 0.597412109375 -0.13427734375 0.33026123046875
0.366424560546875 0.43975830078125 -0.05126953125 0.367340087890625
0.494171142578125 0.353485107421875 -0.127777099609375 0.558074951171875
0.219085693359375 0.178131103515625 0.8074951171875 0.00982666015625001
0.098876953125 0.1812744140625 0.61962890625 0.04754638671875
0.0535430908203125 0.216079711914062 0.325408935546875 0.0263671875
-0.0853424072265625 0.208953857421875 0.327056884765625 -0.097320556640625
-0.189834594726563 0.254776000976563 0.35791015625 -0.332550048828125
-0.208709716796875 0.310943603515625 0.532257080078125 -0.55487060546875
-0.223526000976562 0.2713623046875 0.62982177734375 -0.69677734375
-0.32562255859375 0.245086669921875 0.6009521484375 -0.627197265625
-0.301666259765625 0.347747802734375 0.2281494140625 -0.6094970703125
-0.23626708984375 0.3741455078125 -0.173095703125 -0.479095458984375
-0.185943603515625 0.39874267578125 -0.441802978515625 -0.174407958984375
0.010589599609375 0.33917236328125 -0.292755126953125 0.158111572265625
0.1314697265625 0.3358154296875 -0.0809326171875 0.38720703125
0.205596923828125 0.253265380859375 0.075408935546875 0.444061279296875
0.284515380859375 0.205657958984375 0.02215576171875 0.638916015625
0.0212059020996094 0.000143051147460938 -0.15521240234375 -0.604736328125
-0.0322303771972656 0.00256538391113281 -0.18731689453125 -0.495361328125
-0.0284519195556641 0.00242805480957031 0.017242431640625 -0.40899658203125
-0.0350379943847656 -0.0158061981201172 0.2386474609375 -0.170822143554688
-0.0239582061767578 -0.0261154174804688 0.351806640625 0.21435546875
-0.00818634033203124 -0.0768585205078125 0.194122314453125 0.47808837890625
-0.00992584228515626 -0.0663909912109375 -0.23333740234375 0.65478515625
0.000366210937500007 -0.0838165283203125 -0.60546875 0.62799072265625
0.031829833984375 -0.0928878784179688 -0.63818359375 0.7034912109375
0.0280189514160156 -0.0533409118652344 -0.5355224609375 0.58563232421875
0.0460090637207031 -0.0196647644042969 -0.316497802734375 0.35919189453125
0.00255966186523438 -0.0193500518798828 -0.273208618164063 0.106658935546875
0.00530576705932617 -0.000802040100097656 -0.337127685546875 -0.0616760253906249
0.00016021728515625 -0.0365333557128906 -0.555328369140625 -0.0743408203125
0.0154571533203125 -0.0435562133789063 -0.86016845703125 -0.0725708007812501
0.30047607421875 0.14471435546875 -0.1256103515625 -0.599853515625
0.182449340820313 0.191192626953125 -0.153106689453125 -0.50897216796875
0.152801513671875 0.295166015625 0.054901123046875 -0.42266845703125
-0.024017333984375 0.331024169921875 0.268539428710938 -0.197235107421875
-0.175048828125 0.33905029296875 0.351287841796875 0.1807861328125
-0.22509765625 0.281768798828125 0.2420654296875 0.450469970703125
-0.259109497070313 0.249862670898438 -0.16900634765625 0.6302490234375
-0.315093994140625 0.13201904296875 -0.53253173828125 0.59942626953125
-0.219650268554688 0.154876708984375 -0.58392333984375 0.686767578125
-0.179214477539063 0.171951293945312 -0.51788330078125 0.58575439453125
-0.135787963867188 0.19903564453125 -0.3297119140625 0.36383056640625
-0.06890869140625 0.173675537109375 -0.279327392578125 0.115249633789063
-0.00466918945312498 0.196212768554688 -0.32733154296875 -0.060302734375
0.0793304443359375 0.149856567382813 -0.548583984375 -0.0858154296875
0.20477294921875 0.133041381835938 -0.85467529296875 -0.0555419921874998
0.52606201171875 0.27606201171875 -9.15527343749447E-05 -0.553314208984375
0.35211181640625 0.353546142578125 -0.0266113281249999 -0.485382080078125
0.29705810546875 0.5439453125 0.13446044921875 -0.4090576171875
-0.0198974609375 0.6278076171875 0.318084716796875 -0.231353759765625
-0.30859375 0.65826416015625 0.362640380859375 0.0860595703125
-0.4111328125 0.59765625 0.310699462890625 0.31939697265625
-0.46844482421875 0.519561767578125 -0.0487060546875001 0.480438232421875
-0.5872802734375 0.32403564453125 -0.37603759765625 0.47332763671875
-0.45098876953125 0.3934326171875 -0.47406005859375 0.59124755859375
-0.379058837890625 0.410186767578125 -0.481201171875 0.54119873046875
-0.306884765625 0.4471435546875 -0.352874755859375 0.355865478515625
-0.11572265625 0.395111083984375 -0.29608154296875 0.134307861328125
0.015045166015625 0.411834716796875 -0.330078125 -0.025848388671875
0.17724609375 0.334869384765625 -0.533782958984375 -0.0541076660156249
0.3800048828125 0.296417236328125 -0.7984619140625 0.0170898437499999
0.65545654296875 0.36956787109375 0.188140869140625 -0.46234130859375
0.4346923828125 0.46044921875 0.1595458984375 -0.417999267578125
0.36279296875 0.7030029296875 0.237060546875 -0.35845947265625
-0.03302001953125 0.81378173828125 0.369842529296875 -0.253814697265625
-0.40386962890625 0.8616943359375 0.3787841796875 -0.05084228515625
-0.53082275390625 0.80828857421875 0.3914794921875 0.105926513671875
-0.60076904296875 0.69891357421875 0.113800048828125 0.237228393554688
-0.7720947265625 0.46551513671875 -0.160858154296875 0.269287109375
-0.62640380859375 0.59375 -0.3157958984375 0.412506103515625
-0.53466796875 0.64080810546875 -0.415924072265625 0.427764892578125
-0.42755126953125 0.70556640625 -0.3758544921875 0.315093994140625
-0.10870361328125 0.625 -0.3118896484375 0.160247802734375
0.0833740234375 0.61932373046875 -0.322601318359375 0.046966552734375
0.2962646484375 0.486907958984375 -0.48309326171875 0.0288085937500001
0.529083251953125 0.412567138671875 -0.68646240234375 0.13909912109375
0.670166015625 0.4051513671875 0.396759033203125 -0.341033935546875
0.41845703125 0.493621826171875 0.35308837890625 -0.308929443359375
0.3314208984375 0.72967529296875 0.326385498046875 -0.267974853515625
-0.0755615234375 0.8304443359375 0.40777587890625 -0.242431640625
-0.4515380859375 0.8834228515625 0.387908935546875 -0.186004638671875
-0.5712890625 0.8597412109375 0.464630126953125 -0.134552001953125
-0.6356201171875 0.74798583984375 0.286895751953125 -0.0549316406249999
-0.8377685546875 0.53387451171875 0.0800857543945312 0.0163345336914063
-0.708984375 0.71221923828125 -0.1346435546875 0.155364990234375
-0.60565185546875 0.7926025390625 -0.332427978515625 0.22137451171875
-0.468017578125 0.88690185546875 -0.399505615234375 0.2197265625
-0.0570678710937501 0.78399658203125 -0.318695068359375 0.178680419921875
0.17364501953125 0.75079345703125 -0.281219482421875 0.1458740234375
0.39886474609375 0.57073974609375 -0.37481689453125 0.14239501953125
0.6148681640625 0.46630859375 -0.522064208984375 0.287567138671875
0.57977294921875 0.38140869140625 0.58441162109375 -0.20391845703125
0.32562255859375 0.443389892578125 0.504974365234375 -0.174774169921875
0.22906494140625 0.62603759765625 0.372528076171875 -0.15289306640625
-0.12060546875 0.68353271484375 0.409942626953125 -0.1976318359375
-0.43280029296875 0.73516845703125 0.387725830078125 -0.279693603515625
-0.52362060546875 0.7528076171875 0.5152587890625 -0.34124755859375
-0.57305908203125 0.66949462890625 0.445343017578125 -0.333404541015625
-0.7769775390625 0.515380859375 0.30999755859375 -0.24371337890625
-0.67559814453125 0.71136474609375 0.0351409912109374 -0.140594482421875
-0.56689453125 0.8006591796875 -0.253097534179688 -0.0416107177734375
-0.4285888671875 0.89739990234375 -0.42059326171875 0.08056640625
-0.000549316406249995 0.787109375 -0.312530517578125 0.18206787109375
0.22955322265625 0.74737548828125 -0.2099609375 0.24652099609375
0.43310546875 0.554168701171875 -0.217849731445313 0.262039184570313
0.6075439453125 0.44696044921875 -0.32330322265625 0.435150146484375
0.417449951171875 0.300384521484375 0.72314453125 -0.07928466796875
0.202789306640625 0.327972412109375 0.58953857421875 -0.044189453125
0.119720458984375 0.43255615234375 0.3623046875 -0.045684814453125
-0.12835693359375 0.44549560546875 0.375885009765625 -0.140228271484375
-0.33563232421875 0.494720458984375 0.3748779296875 -0.322418212890625
-0.38995361328125 0.545562744140625 0.536346435546875 -0.479827880859375
-0.424835205078125 0.49566650390625 0.5645751953125 -0.5517578125
-0.59417724609375 0.41326904296875 0.494293212890625 -0.467132568359375
-0.531982421875 0.582763671875 0.1640625 -0.4134521484375
-0.43487548828125 0.64508056640625 -0.195770263671875 -0.29534912109375
-0.32733154296875 0.71490478515625 -0.4334716796875 -0.0653686523437499
0.0202636718749999 0.6219482421875 -0.301727294921875 0.170745849609375
0.21295166015625 0.59527587890625 -0.13311767578125 0.328887939453125
0.365753173828125 0.4393310546875 -0.052032470703125 0.36798095703125
0.494232177734375 0.352569580078125 -0.126708984375 0.558502197265625
0.217941284179688 0.177047729492188 0.80517578125 0.00927734375000001
0.0977935791015625 0.180450439453125 0.61798095703125 0.0474853515625
0.0535430908203125 0.214508056640625 0.326019287109375 0.026458740234375
-0.0846405029296875 0.208816528320312 0.328277587890625 -0.097686767578125
-0.188400268554687 0.254898071289063 0.358367919921875 -0.33160400390625
-0.207763671875 0.310150146484375 0.531524658203125 -0.55340576171875
-0.223281860351563 0.270187377929688 0.62677001953125 -0.69775390625
-0.325469970703125 0.244384765625 0.60162353515625 -0.62908935546875
-0.300506591796875 0.347564697265625 0.227783203125 -0.60760498046875
-0.23583984375 0.3734130859375 -0.173309326171875 -0.4776611328125
-0.185943603515625 0.39971923828125 -0.441497802734375 -0.1729736328125
0.00949096679687502 0.33905029296875 -0.292755126953125 0.15740966796875
0.1318359375 0.33599853515625 -0.0789184570312499 0.385833740234375
0.207168579101562 0.253158569335938 0.074462890625 0.44415283203125
0.2852783203125 0.204345703125 0.02154541015625 0.63861083984375
0.0203495025634766 -3.814697265625E-06 -0.1551513671875 -0.604248046875
-0.0326004028320312 0.00330924987792969 -0.186798095703125 -0.494293212890625
-0.0284023284912109 0.00276374816894531 0.01568603515625 -0.407684326171875
-0.0356254577636719 -0.0143585205078125 0.236862182617188 -0.170028686523438
-0.0236148834228516 -0.0257682800292969 0.3536376953125 0.213592529296875
-0.00820922851562499 -0.0774688720703125 0.193756103515625 0.47735595703125
-0.010284423828125 -0.0667572021484375 -0.23541259765625 0.655517578125
0.000320434570312493 -0.0843582153320313 -0.60791015625 0.62847900390625
0.0307464599609375 -0.0935516357421875 -0.63720703125 0.7034912109375
0.0281181335449219 -0.0538597106933594 -0.53387451171875 0.584228515625
0.046356201171875 -0.0198211669921875 -0.3155517578125 0.35821533203125
0.00290489196777344 -0.0184192657470703 -0.272735595703125 0.1080322265625
0.00616645812988281 -0.000453948974609375 -0.336761474609375 -0.06072998046875
-8.39233398437501E-05 -0.0366859436035156 -0.55535888671875 -0.0739746093749999
0.0154228210449219 -0.0441055297851563 -0.8580322265625 -0.0713500976562501
0.299224853515625 0.14404296875 -0.12591552734375 -0.60015869140625
0.1820068359375 0.1912841796875 -0.152496337890625 -0.506744384765625
0.152740478515625 0.29522705078125 0.052642822265625 -0.42230224609375
-0.024658203125 0.3326416015625 0.267501831054688 -0.196624755859375
-0.174163818359375 0.339874267578125 0.352569580078125 0.18060302734375
-0.224517822265625 0.280258178710938 0.240875244140625 0.450103759765625
-0.259353637695312 0.249114990234375 -0.17071533203125 0.6302490234375
-0.315673828125 0.131744384765625 -0.53350830078125 0.59979248046875
-0.219970703125 0.154296875 -0.58380126953125 0.68695068359375
-0.178604125976562 0.171249389648438 -0.517822265625 0.58575439453125
-0.134597778320312 0.198760986328125 -0.329620361328125 0.362579345703125
-0.0692596435546875 0.17376708984375 -0.27850341796875 0.115859985351562
-0.00439453124999999 0.196243286132813 -0.325958251953125 -0.0591430664062499
0.0786285400390625 0.14971923828125 -0.54888916015625 -0.0854492187499999
0.204421997070312 0.132492065429688 -0.8536376953125 -0.0552368164062498
0.523651123046875 0.2747802734375 -0.00128173828124995 -0.553863525390625
0.351531982421875 0.3541259765625 -0.02734375 -0.483367919921875
0.298095703125 0.54376220703125 0.133758544921875 -0.41009521484375
-0.01922607421875 0.630126953125 0.317352294921875 -0.23004150390625
-0.306640625 0.658447265625 0.3631591796875 0.0856323242187501
-0.40966796875 0.59625244140625 0.310211181640625 0.31854248046875
-0.46832275390625 0.51885986328125 -0.048004150390625 0.48126220703125
-0.58837890625 0.32476806640625 -0.37762451171875 0.472686767578125
-0.450958251953125 0.39306640625 -0.4747314453125 0.59051513671875
-0.376922607421875 0.410064697265625 -0.480072021484375 0.5428466796875
-0.3060302734375 0.447265625 -0.352264404296875 0.35540771484375
-0.11627197265625 0.3966064453125 -0.295806884765625 0.1358642578125
0.016204833984375 0.410980224609375 -0.3291015625 -0.02490234375
0.17510986328125 0.334747314453125 -0.532928466796875 -0.052215576171875
0.380523681640625 0.294647216796875 -0.79815673828125 0.0170898437499999
0.65362548828125 0.36865234375 0.1878662109375 -0.462127685546875
0.434783935546875 0.460906982421875 0.158294677734375 -0.416351318359375
0.36456298828125 0.7021484375 0.235321044921875 -0.3592529296875
-0.0318603515625001 0.815185546875 0.370025634765625 -0.2525634765625
-0.401611328125 0.86181640625 0.3790283203125 -0.0502624511718749
-0.53045654296875 0.80816650390625 0.39154052734375 0.103851318359375
-0.59991455078125 0.6959228515625 0.113143920898437 0.23712158203125
-0.771728515625 0.46624755859375 -0.161361694335938 0.26885986328125
-0.62493896484375 0.59210205078125 -0.316162109375 0.4124755859375
-0.53369140625 0.6395263671875 -0.41510009765625 0.42791748046875
-0.42584228515625 0.70703125 -0.376434326171875 0.316009521484375
-0.10870361328125 0.62652587890625 -0.31097412109375 0.1611328125
0.0845947265625 0.6173095703125 -0.321136474609375 0.04742431640625
0.296661376953125 0.488189697265625 -0.48309326171875 0.029510498046875
0.52960205078125 0.412506103515625 -0.68505859375 0.14105224609375
0.6695556640625 0.4041748046875 0.3953857421875 -0.340423583984375
0.4183349609375 0.49273681640625 0.3525390625 -0.307220458984375
0.3314208984375 0.7279052734375 0.32684326171875 -0.268035888671875
-0.075927734375 0.83013916015625 0.40887451171875 -0.24188232421875
-0.44989013671875 0.88458251953125 0.388519287109375 -0.185546875
-0.572998046875 0.85821533203125 0.46417236328125 -0.136962890625
-0.6361083984375 0.7476806640625 0.2861328125 -0.05450439453125
-0.8402099609375 0.53411865234375 0.0795440673828124 0.0161285400390625
-0.7105712890625 0.71087646484375 -0.135040283203125 0.154937744140625
-0.6029052734375 0.79315185546875 -0.33245849609375 0.221588134765625
-0.46722412109375 0.888671875 -0.39996337890625 0.220672607421875
-0.05633544921875 0.785400390625 -0.3170166015625 0.17987060546875
0.17437744140625 0.75018310546875 -0.280380249023438 0.145187377929688
0.39862060546875 0.57196044921875 -0.375244140625 0.142547607421875
0.615478515625 0.4647216796875 -0.52142333984375 0.28924560546875
0.57958984375 0.37969970703125 0.58453369140625 -0.2041015625
0.324066162109375 0.442840576171875 0.504547119140625 -0.1732177734375
0.22918701171875 0.6246337890625 0.371307373046875 -0.152923583984375
-0.11993408203125 0.682861328125 0.410308837890625 -0.19842529296875
-0.42999267578125 0.73486328125 0.387115478515625 -0.278656005859375
-0.51910400390625 0.75445556640625 0.515777587890625 -0.34429931640625
-0.57342529296875 0.6680908203125 0.44488525390625 -0.333038330078125
-0.7763671875 0.5155029296875 0.31011962890625 -0.244476318359375
-0.6759033203125 0.71160888671875 0.0348434448242187 -0.140190124511719
-0.567626953125 0.800537109375 -0.252609252929688 -0.0404510498046875
-0.427001953125 0.8994140625 -0.41998291015625 0.0814514160156251
-0.00292968750000009 0.7877197265625 -0.31268310546875 0.18292236328125
0.2298583984375 0.74652099609375 -0.208724975585938 0.246063232421875
0.434173583984375 0.554962158203125 -0.218505859375 0.26287841796875
0.60882568359375 0.443603515625 -0.32379150390625 0.436065673828125
0.41558837890625 0.297607421875 0.7239990234375 -0.08026123046875
0.20172119140625 0.32830810546875 0.58880615234375 -0.04461669921875
0.1197509765625 0.43048095703125 0.362884521484375 -0.04498291015625
-0.128692626953125 0.445587158203125 0.376861572265625 -0.139373779296875
-0.33453369140625 0.49462890625 0.374267578125 -0.321197509765625
-0.38812255859375 0.545318603515625 0.536346435546875 -0.48089599609375
-0.4259033203125 0.49530029296875 0.5643310546875 -0.55230712890625
-0.595458984375 0.4127197265625 0.49493408203125 -0.46905517578125
-0.52972412109375 0.582275390625 0.163726806640625 -0.41241455078125
-0.4332275390625 0.64501953125 -0.19586181640625 -0.295166015625
-0.32672119140625 0.7164306640625 -0.434173583984375 -0.0642700195312499
0.0196533203124999 0.622314453125 -0.30157470703125 0.1707763671875
0.21484375 0.5938720703125 -0.1328125 0.328704833984375
0.36700439453125 0.44049072265625 -0.05328369140625 0.36785888671875
0.494903564453125 0.351318359375 -0.127288818359375 0.55926513671875
0.21722412109375 0.175796508789062 0.8050537109375 0.00750732421875001
0.0968170166015625 0.180160522460938 0.617431640625 0.04412841796875
0.05291748046875 0.212844848632813 0.326141357421875 0.02740478515625
-0.084808349609375 0.207855224609375 0.3291015625 -0.097381591796875
-0.186904907226562 0.25537109375 0.357879638671875 -0.33197021484375
-0.206451416015625 0.309326171875 0.528350830078125 -0.552459716796875
-0.223373413085937 0.26983642578125 0.626220703125 -0.69805908203125
-0.325714111328125 0.2442626953125 0.60321044921875 -0.6290283203125
-0.300750732421875 0.3472900390625 0.22735595703125 -0.60748291015625
-0.23504638671875 0.373443603515625 -0.173187255859375 -0.47711181640625
-0.185333251953125 0.400360107421875 -0.442474365234375 -0.17144775390625
0.00909423828125 0.339599609375 -0.29266357421875 0.15692138671875
0.133087158203125 0.3343505859375 -0.0791015625 0.38543701171875
0.206954956054687 0.253433227539063 0.07403564453125 0.444183349609375
0.2855224609375 0.202545166015625 0.0218505859375001 0.63983154296875
0.0197391510009766 -0.000192642211914063 -0.15362548828125 -0.6060791015625
-0.0323696136474609 0.00335121154785156 -0.185638427734375 -0.49371337890625
-0.0284366607666016 0.00322723388671875 0.014007568359375 -0.406982421875
-0.036376953125 -0.0134201049804688 0.236007690429688 -0.16925048828125
-0.0237789154052734 -0.0257015228271484 0.354156494140625 0.21392822265625
-0.00863647460937499 -0.0780105590820313 0.19500732421875 0.47576904296875
-0.0104522705078125 -0.0674171447753906 -0.23651123046875 0.65625
-0.000259399414062505 -0.084991455078125 -0.61065673828125 0.63153076171875
0.0297622680664063 -0.0938186645507813 -0.63848876953125 0.7025146484375
0.0283737182617187 -0.0539894104003906 -0.5333251953125 0.5863037109375
0.0469932556152344 -0.0198402404785156 -0.316162109375 0.35760498046875
0.00318717956542969 -0.0180950164794922 -0.2730712890625 0.108489990234375
0.00691509246826172 2.05039978027344E-05 -0.336578369140625 -0.060272216796875
-0.000442504882812502 -0.0366058349609375 -0.55560302734375 -0.0732421874999999
0.0154495239257813 -0.0444107055664063 -0.8582763671875 -0.0688476562500001
0.29791259765625 0.144195556640625 -0.12493896484375 -0.6004638671875
0.181594848632813 0.191925048828125 -0.1524658203125 -0.505096435546875
0.152740478515625 0.295654296875 0.04998779296875 -0.421966552734375
-0.024688720703125 0.333984375 0.266632080078125 -0.1959228515625
-0.173797607421875 0.341033935546875 0.353912353515625 0.1796875
-0.225555419921875 0.280502319335938 0.241668701171875 0.447998046875
-0.259597778320312 0.24853515625 -0.172607421875 0.63153076171875
-0.31640625 0.131195068359375 -0.53521728515625 0.60137939453125
-0.220870971679688 0.153945922851562 -0.582763671875 0.685791015625
-0.178329467773437 0.17059326171875 -0.51739501953125 0.586669921875
-0.13397216796875 0.1990966796875 -0.329437255859375 0.3631591796875
-0.069183349609375 0.174270629882812 -0.279342651367187 0.116378784179688
-0.00346374511718749 0.196243286132813 -0.32525634765625 -0.05889892578125
0.07781982421875 0.150527954101563 -0.54833984375 -0.0839233398437501
0.204788208007812 0.131790161132813 -0.85260009765625 -0.0535278320312498
0.522003173828125 0.274261474609375 -0.001007080078125 -0.552337646484375
0.351837158203125 0.354827880859375 -0.026519775390625 -0.48223876953125
0.298126220703125 0.54425048828125 0.131927490234375 -0.410247802734375
-0.0185546875 0.63226318359375 0.316650390625 -0.229949951171875
-0.307861328125 0.66064453125 0.3646240234375 0.0863037109375
-0.4105224609375 0.59649658203125 0.3095703125 0.316070556640625
-0.46905517578125 0.518463134765625 -0.0499267578125 0.483001708984375
-0.59051513671875 0.3245849609375 -0.379486083984375 0.474853515625
-0.45269775390625 0.39306640625 -0.47540283203125 0.59136962890625
-0.3773193359375 0.409698486328125 -0.480987548828125 0.543548583984375
-0.305694580078125 0.44940185546875 -0.352569580078125 0.357513427734375
-0.117156982421875 0.396942138671875 -0.296142578125 0.136627197265625
0.016387939453125 0.4111328125 -0.328033447265625 -0.024749755859375
0.176116943359375 0.335296630859375 -0.534637451171875 -0.0526733398437501
0.3817138671875 0.2945556640625 -0.79827880859375 0.01983642578125
0.65313720703125 0.366455078125 0.187164306640625 -0.4625244140625
0.434478759765625 0.46142578125 0.158966064453125 -0.414825439453125
0.3626708984375 0.701904296875 0.234130859375 -0.359619140625
-0.0313720703125001 0.8173828125 0.37115478515625 -0.253814697265625
-0.4019775390625 0.86334228515625 0.3792724609375 -0.050048828125
-0.5311279296875 0.80670166015625 0.389434814453125 0.101226806640625
-0.5992431640625 0.696533203125 0.112991333007812 0.238082885742188
-0.7742919921875 0.46636962890625 -0.1630859375 0.269500732421875
-0.6268310546875 0.59320068359375 -0.31622314453125 0.4130859375
-0.53253173828125 0.64031982421875 -0.415313720703125 0.42852783203125
-0.425048828125 0.70855712890625 -0.376617431640625 0.317657470703125
-0.11004638671875 0.62738037109375 -0.31134033203125 0.16229248046875
0.085205078125 0.61798095703125 -0.320068359375 0.0471801757812501
0.2957763671875 0.488800048828125 -0.484100341796875 0.03009033203125
0.530303955078125 0.410552978515625 -0.6854248046875 0.14166259765625
0.66851806640625 0.40240478515625 0.39508056640625 -0.34112548828125
0.416412353515625 0.494232177734375 0.3521728515625 -0.30517578125
0.3309326171875 0.7279052734375 0.325927734375 -0.26910400390625
-0.0762329101562499 0.83245849609375 0.410430908203125 -0.242095947265625
-0.4490966796875 0.88677978515625 0.389007568359375 -0.18426513671875
-0.570556640625 0.8585205078125 0.463409423828125 -0.13934326171875
-0.635986328125 0.7467041015625 0.2862548828125 -0.054656982421875
-0.840087890625 0.53240966796875 0.0792160034179687 0.015960693359375
-0.70928955078125 0.7117919921875 -0.135482788085938 0.15496826171875
-0.60223388671875 0.793212890625 -0.33172607421875 0.22430419921875
-0.4669189453125 0.891845703125 -0.400634765625 0.222686767578125
-0.0574340820312499 0.78607177734375 -0.318115234375 0.18017578125
0.1759033203125 0.75079345703125 -0.279144287109375 0.1451416015625
0.3995361328125 0.5712890625 -0.37701416015625 0.14361572265625
0.61865234375 0.46453857421875 -0.522003173828125 0.290496826171875
0.57794189453125 0.3792724609375 0.58258056640625 -0.2044677734375
0.321502685546875 0.44329833984375 0.50482177734375 -0.173248291015625
0.2286376953125 0.62347412109375 0.372314453125 -0.1527099609375
-0.120361328125 0.68353271484375 0.412322998046875 -0.198394775390625
-0.42901611328125 0.73638916015625 0.3870849609375 -0.2772216796875
-0.5194091796875 0.75213623046875 0.514495849609375 -0.345123291015625
-0.574951171875 0.66754150390625 0.444244384765625 -0.3326416015625
-0.7779541015625 0.51641845703125 0.31085205078125 -0.2449951171875
-0.67572021484375 0.7135009765625 0.03460693359375 -0.140625
-0.56597900390625 0.8013916015625 -0.252227783203125 -0.0396881103515625
-0.427734375 0.9013671875 -0.4212646484375 0.082275390625
-0.00134277343749998 0.79010009765625 -0.313629150390625 0.1834716796875
0.23187255859375 0.74627685546875 -0.207794189453125 0.246124267578125
0.43438720703125 0.555633544921875 -0.220062255859375 0.26397705078125
0.61016845703125 0.44281005859375 -0.324432373046875 0.438873291015625
0.415191650390625 0.297882080078125 0.72174072265625 -0.0794677734375
0.200531005859375 0.329010009765625 0.59027099609375 -0.04486083984375
0.1185302734375 0.429046630859375 0.363555908203125 -0.044891357421875
-0.12872314453125 0.445831298828125 0.378387451171875 -0.140411376953125
-0.333709716796875 0.495819091796875 0.37481689453125 -0.32196044921875
-0.38775634765625 0.544342041015625 0.53515625 -0.48089599609375
-0.427947998046875 0.4945068359375 0.5648193359375 -0.5526123046875
-0.59564208984375 0.41339111328125 0.496490478515625 -0.469482421875
-0.53143310546875 0.58221435546875 0.163909912109375 -0.412139892578125
-0.4339599609375 0.6468505859375 -0.195068359375 -0.293426513671875
-0.32568359375 0.71905517578125 -0.4342041015625 -0.0634155273437499
0.01885986328125 0.62359619140625 -0.301788330078125 0.17108154296875
0.21649169921875 0.59521484375 -0.1318359375 0.328125
0.36724853515625 0.441741943359375 -0.053680419921875 0.3685302734375
0.49615478515625 0.34991455078125 -0.12799072265625 0.56121826171875
0.215606689453125 0.17474365234375 0.80560302734375 0.00769042968750001
0.0958709716796875 0.180282592773438 0.61944580078125 0.04473876953125
0.0528106689453125 0.211746215820313 0.327606201171875 0.0283203125
-0.084503173828125 0.2080078125 0.331390380859375 -0.097686767578125
-0.185821533203125 0.25506591796875 0.35791015625 -0.330657958984375
-0.2060546875 0.309295654296875 0.530120849609375 -0.55364990234375
-0.224227905273438 0.2694091796875 0.62567138671875 -0.69818115234375
-0.327056884765625 0.24530029296875 0.60443115234375 -0.6300048828125
-0.300018310546875 0.34844970703125 0.227783203125 -0.6064453125
-0.235137939453125 0.37384033203125 -0.1727294921875 -0.47515869140625
-0.18499755859375 0.4029541015625 -0.443817138671875 -0.17132568359375
0.00866699218749997 0.34063720703125 -0.29290771484375 0.157562255859375
0.133453369140625 0.33514404296875 -0.07806396484375 0.38525390625
0.208389282226563 0.254409790039063 0.071990966796875 0.4451904296875
0.285491943359375 0.201568603515625 0.020751953125 0.640869140625
0.0190315246582031 -0.000257492065429688 -0.1539306640625 -0.60736083984375
-0.0329437255859375 0.00384712219238281 -0.1856689453125 -0.49530029296875
-0.0284824371337891 0.00374794006347656 0.011871337890625 -0.40576171875
-0.0368576049804688 -0.0121994018554688 0.236007690429687 -0.169189453125
-0.0238552093505859 -0.0255279541015625 0.356109619140625 0.2144775390625
-0.00890350341796875 -0.078521728515625 0.195404052734375 0.475341796875
-0.0107955932617188 -0.0679359436035156 -0.23846435546875 0.65631103515625
-0.000602722167968742 -0.0853500366210938 -0.61334228515625 0.63189697265625
0.0288772583007812 -0.0944976806640625 -0.63824462890625 0.70294189453125
0.0279769897460938 -0.0546226501464844 -0.53448486328125 0.58660888671875
0.0474433898925781 -0.020263671875 -0.31610107421875 0.357452392578125
0.00302600860595703 -0.0174493789672852 -0.27362060546875 0.109756469726563
0.00748348236083984 -2.00271606445313E-05 -0.336883544921875 -0.0596618652343749
-0.000717163085937503 -0.036773681640625 -0.556304931640625 -0.0733337402343749
0.0153694152832031 -0.0449447631835937 -0.860595703125 -0.0706176757812499
0.297149658203125 0.143890380859375 -0.1243896484375 -0.6005859375
0.18212890625 0.192764282226563 -0.153472900390625 -0.50531005859375
0.153106689453125 0.297027587890625 0.04962158203125 -0.4229736328125
-0.02459716796875 0.336669921875 0.266891479492188 -0.19586181640625
-0.174591064453125 0.34271240234375 0.35504150390625 0.1812744140625
-0.22625732421875 0.280380249023437 0.24053955078125 0.447662353515625
-0.260971069335938 0.248565673828125 -0.17315673828125 0.63311767578125
-0.31878662109375 0.13165283203125 -0.5391845703125 0.6031494140625
-0.222137451171875 0.153640747070313 -0.58709716796875 0.68841552734375
-0.178054809570313 0.170639038085938 -0.51873779296875 0.58831787109375
-0.134109497070312 0.200042724609375 -0.331787109375 0.36309814453125
-0.070068359375 0.175704956054688 -0.279739379882813 0.117782592773438
-0.00271606445312501 0.196929931640625 -0.325042724609375 -0.0578002929687499
0.077484130859375 0.150634765625 -0.550567626953125 -0.08270263671875
0.205535888671875 0.131271362304687 -0.8525390625 -0.0544433593749999
0.522552490234375 0.2740478515625 -0.00122070312500002 -0.552825927734375
0.350921630859375 0.356201171875 -0.026275634765625 -0.481475830078125
0.29864501953125 0.545501708984375 0.130157470703125 -0.4107666015625
-0.01934814453125 0.63525390625 0.31732177734375 -0.231048583984375
-0.3077392578125 0.6632080078125 0.36614990234375 0.0866699218750001
-0.41131591796875 0.59735107421875 0.310302734375 0.3160400390625
-0.470550537109375 0.520355224609375 -0.050994873046875 0.483795166015625
-0.59295654296875 0.32501220703125 -0.38165283203125 0.475982666015625
-0.453643798828125 0.392730712890625 -0.47674560546875 0.591796875
-0.37750244140625 0.408660888671875 -0.48162841796875 0.545166015625
-0.30462646484375 0.4505615234375 -0.35345458984375 0.35791015625
-0.11773681640625 0.398284912109375 -0.29693603515625 0.1376953125
0.01739501953125 0.41241455078125 -0.3280029296875 -0.0235290527343749
0.175140380859375 0.336517333984375 -0.5364990234375 -0.0509948730468749
0.383575439453125 0.294647216796875 -0.79840087890625 0.0200195312500002
0.65216064453125 0.36676025390625 0.1865234375 -0.4622802734375
0.434112548828125 0.464111328125 0.1595458984375 -0.414642333984375
0.36419677734375 0.70379638671875 0.234405517578125 -0.3614501953125
-0.03216552734375 0.819580078125 0.371246337890625 -0.252166748046875
-0.40020751953125 0.8660888671875 0.3822021484375 -0.0492553710937499
-0.53253173828125 0.80908203125 0.390533447265625 0.100616455078125
-0.60089111328125 0.697265625 0.112564086914062 0.239166259765625
-0.776611328125 0.46783447265625 -0.163528442382813 0.27032470703125
-0.62847900390625 0.59356689453125 -0.317840576171875 0.414459228515625
-0.53289794921875 0.64105224609375 -0.417144775390625 0.431060791015625
-0.42498779296875 0.71160888671875 -0.377044677734375 0.31890869140625
-0.1102294921875 0.6297607421875 -0.311859130859375 0.16326904296875
0.0858764648437501 0.618896484375 -0.320037841796875 0.0479125976562501
0.29534912109375 0.4913330078125 -0.487213134765625 0.0314331054687501
0.531951904296875 0.410308837890625 -0.687255859375 0.14398193359375
0.66668701171875 0.4024658203125 0.395599365234375 -0.341400146484375
0.4169921875 0.493988037109375 0.354583740234375 -0.30572509765625
0.33184814453125 0.72894287109375 0.3271484375 -0.26959228515625
-0.0756225585937499 0.8359375 0.411468505859375 -0.24298095703125
-0.4493408203125 0.889404296875 0.38970947265625 -0.184906005859375
-0.57305908203125 0.8603515625 0.4632568359375 -0.1405029296875
-0.63983154296875 0.74755859375 0.287109375 -0.054443359375
-0.84527587890625 0.53546142578125 0.0789031982421874 0.0160751342773438
-0.71112060546875 0.71307373046875 -0.136459350585938 0.155380249023438
-0.60418701171875 0.795166015625 -0.3331298828125 0.225738525390625
-0.46649169921875 0.89691162109375 -0.40155029296875 0.22381591796875
-0.0582275390625 0.79022216796875 -0.318511962890625 0.180419921875
0.1773681640625 0.75250244140625 -0.278671264648438 0.145553588867188
0.4014892578125 0.574462890625 -0.379180908203125 0.144317626953125
0.6207275390625 0.46246337890625 -0.523529052734375 0.292694091796875
0.57794189453125 0.379150390625 0.58477783203125 -0.2044677734375
0.321258544921875 0.444854736328125 0.50628662109375 -0.172515869140625
0.2291259765625 0.6241455078125 0.37335205078125 -0.15289306640625
-0.1202392578125 0.68548583984375 0.41448974609375 -0.198944091796875
-0.42913818359375 0.739990234375 0.389739990234375 -0.279022216796875
-0.519775390625 0.7520751953125 0.51470947265625 -0.346435546875
-0.57647705078125 0.66864013671875 0.444091796875 -0.333282470703125
-0.78240966796875 0.51611328125 0.3116455078125 -0.245849609375
-0.67755126953125 0.71368408203125 0.0343017578125 -0.140380859375
-0.5662841796875 0.804443359375 -0.252944946289063 -0.038848876953125
-0.42669677734375 0.90765380859375 -0.42291259765625 0.0831909179687501
-0.00299072265625004 0.7928466796875 -0.3143310546875 0.184661865234375
0.23455810546875 0.747802734375 -0.20697021484375 0.246368408203125
0.436279296875 0.556976318359375 -0.22235107421875 0.264999389648438
0.61370849609375 0.4432373046875 -0.324127197265625 0.440704345703125
0.414794921875 0.2967529296875 0.72430419921875 -0.0797119140625
0.199981689453125 0.329864501953125 0.591796875 -0.0445556640625
0.119415283203125 0.429534912109375 0.36529541015625 -0.04425048828125
-0.129241943359375 0.4468994140625 0.379791259765625 -0.140838623046875
-0.333740234375 0.49755859375 0.375701904296875 -0.32147216796875
-0.388214111328125 0.54541015625 0.53631591796875 -0.482574462890625
-0.429229736328125 0.49517822265625 0.564453125 -0.55413818359375
-0.59771728515625 0.41522216796875 0.496978759765625 -0.47235107421875
-0.5322265625 0.58489990234375 0.16375732421875 -0.412384033203125
-0.434814453125 0.648193359375 -0.1949462890625 -0.292938232421875
-0.32476806640625 0.72344970703125 -0.436370849609375 -0.062225341796875
0.01837158203125 0.62640380859375 -0.302520751953125 0.17144775390625
0.2188720703125 0.5960693359375 -0.13165283203125 0.328460693359375
0.368896484375 0.443206787109375 -0.05499267578125 0.3704833984375
0.499420166015625 0.34942626953125 -0.12933349609375 0.56451416015625
0.21563720703125 0.174530029296875 0.80548095703125 0.00817871093750001
0.0947113037109375 0.1800537109375 0.621337890625 0.044677734375
0.0525665283203125 0.210723876953125 0.329254150390625 0.028961181640625
-0.0847625732421875 0.207916259765625 0.334442138671875 -0.0980224609375
-0.185272216796875 0.255905151367188 0.358612060546875 -0.331329345703125
-0.20574951171875 0.30865478515625 0.529296875 -0.554046630859375
-0.225479125976562 0.26904296875 0.62664794921875 -0.69940185546875
-0.3297119140625 0.244598388671875 0.605712890625 -0.6319580078125
-0.302001953125 0.3497314453125 0.23016357421875 -0.6072998046875
-0.2362060546875 0.3746337890625 -0.173004150390625 -0.475616455078125
-0.185546875 0.40509033203125 -0.445556640625 -0.17193603515625
0.00823974609374999 0.341461181640625 -0.294036865234375 0.157928466796875
0.1348876953125 0.335723876953125 -0.077850341796875 0.385101318359375
0.209182739257813 0.255996704101563 0.073211669921875 0.44696044921875
0.286529541015625 0.201507568359375 0.0179443359375 0.64501953125
0.0184364318847656 -0.000410079956054688 -0.1539306640625 -0.61016845703125
-0.0332012176513672 0.00397872924804688 -0.185699462890625 -0.495819091796875
-0.0286769866943359 0.00463485717773437 0.011199951171875 -0.40655517578125
-0.0375175476074219 -0.0110664367675781 0.236068725585938 -0.168548583984375
-0.02392578125 -0.0253582000732422 0.35833740234375 0.215240478515625
-0.00926208496093749 -0.0793609619140625 0.195281982421875 0.47601318359375
-0.0111770629882812 -0.0688667297363281 -0.24114990234375 0.65838623046875
-0.000946044921874996 -0.0860824584960938 -0.618896484375 0.63653564453125
0.0276641845703125 -0.095428466796875 -0.64373779296875 0.7056884765625
0.0283432006835938 -0.0550880432128906 -0.53662109375 0.58843994140625
0.0476722717285156 -0.0208625793457031 -0.318939208984375 0.35888671875
0.00345230102539063 -0.0169734954833984 -0.274978637695313 0.110244750976562
0.00829553604125977 0.000264167785644531 -0.337799072265625 -0.058563232421875
-0.000953674316406253 -0.0370979309082031 -0.55853271484375 -0.072113037109375
0.0156974792480469 -0.0456314086914063 -0.863525390625 -0.07049560546875
0.29681396484375 0.144012451171875 -0.12451171875 -0.60443115234375
0.182113647460938 0.193618774414063 -0.15289306640625 -0.5068359375
0.154022216796875 0.297760009765625 0.04840087890625 -0.42425537109375
-0.025146484375 0.339202880859375 0.26776123046875 -0.195632934570313
-0.174957275390625 0.344970703125 0.358551025390625 0.18194580078125
-0.22784423828125 0.280776977539062 0.24102783203125 0.44854736328125
-0.262542724609375 0.24908447265625 -0.1751708984375 0.6348876953125
-0.320068359375 0.130950927734375 -0.5423583984375 0.6065673828125
-0.224365234375 0.153305053710938 -0.5902099609375 0.6900634765625
-0.178955078125 0.170654296875 -0.519287109375 0.59088134765625
-0.133438110351562 0.200576782226563 -0.33197021484375 0.3648681640625
-0.0704193115234375 0.177169799804688 -0.281463623046875 0.118988037109375
-0.00250244140625 0.19744873046875 -0.32586669921875 -0.0572509765625
0.0770111083984375 0.15118408203125 -0.553070068359375 -0.0825500488281249
0.206619262695313 0.13116455078125 -0.8565673828125 -0.0536499023437501
0.521881103515625 0.274200439453125 -0.00082397460937502 -0.55560302734375
0.3524169921875 0.356689453125 -0.0251770019531249 -0.4815673828125
0.300079345703125 0.546966552734375 0.131134033203125 -0.4139404296875
-0.020263671875 0.6392822265625 0.3177490234375 -0.230072021484375
-0.307861328125 0.66705322265625 0.368743896484375 0.086273193359375
-0.41448974609375 0.59954833984375 0.3106689453125 0.3150634765625
-0.47344970703125 0.520538330078125 -0.051239013671875 0.4847412109375
-0.5958251953125 0.32586669921875 -0.383819580078125 0.477569580078125
-0.457855224609375 0.39385986328125 -0.48028564453125 0.59356689453125
-0.377716064453125 0.410980224609375 -0.484344482421875 0.5477294921875
-0.3046875 0.452301025390625 -0.356597900390625 0.359375
-0.118988037109375 0.4013671875 -0.297882080078125 0.138702392578125
0.017669677734375 0.413482666015625 -0.328216552734375 -0.0240478515625
0.175933837890625 0.337921142578125 -0.539642333984375 -0.0507507324218751
0.38525390625 0.294952392578125 -0.8018798828125 0.0206909179687499
0.6534423828125 0.367919921875 0.18707275390625 -0.46356201171875
0.434112548828125 0.467041015625 0.161041259765625 -0.41357421875
0.36688232421875 0.7069091796875 0.235443115234375 -0.3629150390625
-0.03106689453125 0.824951171875 0.374114990234375 -0.25555419921875
-0.40277099609375 0.87347412109375 0.38299560546875 -0.0513000488281249
-0.53570556640625 0.81304931640625 0.39056396484375 0.09930419921875
-0.60528564453125 0.699951171875 0.112777709960937 0.239913940429688
-0.78082275390625 0.46832275390625 -0.166107177734375 0.271072387695313
-0.63165283203125 0.59600830078125 -0.320404052734375 0.41461181640625
-0.533203125 0.64251708984375 -0.41778564453125 0.43377685546875
-0.4259033203125 0.7156982421875 -0.37872314453125 0.321014404296875
-0.11163330078125 0.634033203125 -0.3128662109375 0.16461181640625
0.0865478515625 0.62078857421875 -0.3203125 0.047271728515625
0.296234130859375 0.4931640625 -0.49053955078125 0.031829833984375
0.534912109375 0.4100341796875 -0.6895751953125 0.14599609375
0.6690673828125 0.40283203125 0.396575927734375 -0.34149169921875
0.41644287109375 0.49688720703125 0.356292724609375 -0.305450439453125
0.33258056640625 0.73095703125 0.328155517578125 -0.271148681640625
-0.07525634765625 0.83770751953125 0.413238525390625 -0.2442626953125
-0.44964599609375 0.8941650390625 0.391998291015625 -0.18585205078125
-0.57513427734375 0.862060546875 0.464263916015625 -0.142791748046875
-0.64251708984375 0.7510986328125 0.288055419921875 -0.05438232421875
-0.8487548828125 0.53765869140625 0.0788955688476562 0.016143798828125
-0.7132568359375 0.71630859375 -0.137435913085938 0.155868530273438
-0.60479736328125 0.79754638671875 -0.335052490234375 0.2274169921875
-0.4677734375 0.90032958984375 -0.403564453125 0.2257080078125
-0.0594482421874999 0.7952880859375 -0.319122314453125 0.1826171875
0.17816162109375 0.75537109375 -0.278823852539063 0.145889282226563
0.4031982421875 0.57659912109375 -0.38189697265625 0.14605712890625
0.6240234375 0.462158203125 -0.524932861328125 0.294525146484375
0.57757568359375 0.3779296875 0.58587646484375 -0.2037353515625
0.321746826171875 0.447357177734375 0.508697509765625 -0.172943115234375
0.22869873046875 0.624755859375 0.37591552734375 -0.153076171875
-0.120849609375 0.6890869140625 0.417083740234375 -0.1998291015625
-0.42901611328125 0.74285888671875 0.391326904296875 -0.27984619140625
-0.522216796875 0.75518798828125 0.516693115234375 -0.349395751953125
-0.579345703125 0.67047119140625 0.447662353515625 -0.334625244140625
-0.78607177734375 0.517333984375 0.31304931640625 -0.2470703125
-0.68109130859375 0.7176513671875 0.0340805053710937 -0.140579223632812
-0.56884765625 0.805908203125 -0.253799438476563 -0.038299560546875
-0.42572021484375 0.9124755859375 -0.42388916015625 0.0860900878906251
-0.00195312500000004 0.797607421875 -0.3155517578125 0.18560791015625
0.2369384765625 0.75189208984375 -0.206939697265625 0.246627807617188
0.438385009765625 0.561370849609375 -0.223617553710937 0.266693115234375
0.6162109375 0.445068359375 -0.32708740234375 0.443359375
0.41339111328125 0.297332763671875 0.72540283203125 -0.081298828125
0.199462890625 0.33087158203125 0.5943603515625 -0.04376220703125
0.118743896484375 0.4285888671875 0.36712646484375 -0.044525146484375
-0.128997802734375 0.4473876953125 0.384033203125 -0.140472412109375
-0.334564208984375 0.49920654296875 0.377044677734375 -0.322540283203125
-0.389312744140625 0.547119140625 0.53741455078125 -0.484588623046875
-0.43109130859375 0.496826171875 0.56744384765625 -0.55596923828125
-0.60302734375 0.41571044921875 0.50042724609375 -0.474700927734375
-0.53497314453125 0.58795166015625 0.164306640625 -0.41339111328125
-0.43499755859375 0.64990234375 -0.19537353515625 -0.29412841796875
-0.32659912109375 0.7274169921875 -0.438629150390625 -0.06195068359375
0.0187988281250001 0.630615234375 -0.3037109375 0.172332763671875
0.21954345703125 0.59857177734375 -0.13067626953125 0.32940673828125
0.370880126953125 0.44671630859375 -0.0576171875 0.3719482421875
0.500457763671875 0.3497314453125 -0.13067626953125 0.56744384765625
0.21514892578125 0.174453735351562 0.80682373046875 0.00848388671875001
0.094482421875 0.181686401367188 0.6226806640625 0.04351806640625
0.05157470703125 0.210433959960938 0.331756591796875 0.029510498046875
-0.0853424072265625 0.20819091796875 0.336700439453125 -0.098480224609375
-0.184967041015625 0.256805419921875 0.3599853515625 -0.33203125
-0.2059326171875 0.309417724609375 0.530364990234375 -0.556182861328125
-0.227493286132813 0.2698974609375 0.630615234375 -0.70068359375
-0.330596923828125 0.24609375 0.61138916015625 -0.634033203125
-0.30279541015625 0.350738525390625 0.23187255859375 -0.60845947265625
-0.236175537109375 0.3756103515625 -0.173828125 -0.477264404296875
-0.18597412109375 0.407562255859375 -0.446685791015625 -0.171112060546875
0.00680541992187502 0.34405517578125 -0.295257568359375 0.157867431640625
0.136077880859375 0.336578369140625 -0.07843017578125 0.38641357421875
0.211074829101563 0.257217407226563 0.07122802734375 0.447418212890625
0.28759765625 0.200958251953125 0.01727294921875 0.6478271484375
0.0177803039550781 -0.000307083129882812 -0.15374755859375 -0.61468505859375
-0.0333194732666016 0.00501441955566406 -0.187591552734375 -0.496734619140625
-0.0286674499511719 0.00507736206054687 0.00936889648437502 -0.408355712890625
-0.0382843017578125 -0.00987243652343749 0.236541748046875 -0.168731689453125
-0.0239181518554688 -0.0253067016601563 0.3609619140625 0.215301513671875
-0.00971984863281249 -0.0802993774414063 0.195831298828125 0.478546142578125
-0.0112838745117187 -0.0699958801269531 -0.24334716796875 0.66229248046875
-0.00138092041015626 -0.0869293212890625 -0.62359619140625 0.641357421875
0.0266571044921875 -0.0963592529296875 -0.6480712890625 0.7098388671875
0.0280265808105469 -0.0558929443359375 -0.5386962890625 0.591064453125
0.0485877990722656 -0.0210418701171875 -0.320648193359375 0.361053466796875
0.00363731384277344 -0.0161571502685547 -0.276809692382813 0.11175537109375
0.00929164886474609 0.000565528869628906 -0.33941650390625 -0.05816650390625
-0.0011749267578125 -0.0375213623046875 -0.56195068359375 -0.072601318359375
0.0156364440917969 -0.0467300415039063 -0.86712646484375 -0.0683593749999999
0.297149658203125 0.14569091796875 -0.12469482421875 -0.60662841796875
0.182601928710938 0.19525146484375 -0.1524658203125 -0.5072021484375
0.154541015625 0.29998779296875 0.0467529296875001 -0.426422119140625
-0.025787353515625 0.342315673828125 0.268386840820313 -0.196456909179687
-0.174652099609375 0.347198486328125 0.361053466796875 0.182769775390625
-0.229644775390625 0.2823486328125 0.24200439453125 0.449737548828125
-0.264144897460938 0.250137329101562 -0.17645263671875 0.63934326171875
-0.322845458984375 0.131988525390625 -0.5469970703125 0.6112060546875
-0.22625732421875 0.153640747070312 -0.59368896484375 0.6922607421875
-0.17919921875 0.170852661132812 -0.5223388671875 0.59368896484375
-0.133819580078125 0.202041625976563 -0.334259033203125 0.367156982421875
-0.070556640625 0.178817749023438 -0.282867431640625 0.12109375
-0.00143432617187498 0.198760986328125 -0.3272705078125 -0.057159423828125
0.076873779296875 0.1522216796875 -0.5565185546875 -0.0834045410156249
0.207977294921875 0.1307373046875 -0.86004638671875 -0.0518798828125001
0.5234375 0.2769775390625 -0.000946044921874978 -0.55706787109375
0.354095458984375 0.360687255859375 -0.0255126953125 -0.482391357421875
0.3018798828125 0.550628662109375 0.129302978515625 -0.415863037109375
-0.0196533203125001 0.64398193359375 0.320556640625 -0.232666015625
-0.3079833984375 0.672119140625 0.371490478515625 0.08673095703125
-0.41680908203125 0.60125732421875 0.3115234375 0.315277099609375
-0.47662353515625 0.5235595703125 -0.0523071289062501 0.4881591796875
-0.60003662109375 0.328857421875 -0.38824462890625 0.48193359375
-0.4600830078125 0.3946533203125 -0.48297119140625 0.59686279296875
-0.379180908203125 0.412994384765625 -0.4859619140625 0.551666259765625
-0.30487060546875 0.456634521484375 -0.358184814453125 0.362762451171875
-0.11944580078125 0.4033203125 -0.29913330078125 0.14093017578125
0.01776123046875 0.415191650390625 -0.32904052734375 -0.0234375
0.17529296875 0.340301513671875 -0.543701171875 -0.050750732421875
0.38763427734375 0.2950439453125 -0.80609130859375 0.0226440429687502
0.65521240234375 0.36920166015625 0.187713623046875 -0.46588134765625
0.436065673828125 0.469390869140625 0.162384033203125 -0.414398193359375
0.3671875 0.71148681640625 0.2349853515625 -0.36572265625
-0.0317993164062499 0.83001708984375 0.37701416015625 -0.25604248046875
-0.40350341796875 0.8785400390625 0.38629150390625 -0.0514831542968749
-0.5377197265625 0.8175048828125 0.392974853515625 0.0988464355468751
-0.60882568359375 0.70440673828125 0.113006591796875 0.241653442382813
-0.786376953125 0.4716796875 -0.16754150390625 0.273223876953125
-0.63427734375 0.59991455078125 -0.323089599609375 0.416717529296875
-0.53680419921875 0.64593505859375 -0.420196533203125 0.436248779296875
-0.427001953125 0.7213134765625 -0.3817138671875 0.3245849609375
-0.11260986328125 0.637451171875 -0.314697265625 0.166351318359375
0.0878906250000001 0.62542724609375 -0.321197509765625 0.048004150390625
0.296630859375 0.4974365234375 -0.493865966796875 0.0336303710937499
0.5390625 0.411865234375 -0.69415283203125 0.14691162109375
0.67071533203125 0.4046630859375 0.3988037109375 -0.343475341796875
0.418121337890625 0.500518798828125 0.357513427734375 -0.30694580078125
0.3349609375 0.73583984375 0.330596923828125 -0.273529052734375
-0.0751342773437501 0.8426513671875 0.41796875 -0.2457275390625
-0.45062255859375 0.90155029296875 0.3953857421875 -0.18658447265625
-0.57659912109375 0.86669921875 0.4656982421875 -0.145599365234375
-0.6458740234375 0.75396728515625 0.289215087890625 -0.0539245605468749
-0.85382080078125 0.54034423828125 0.0789413452148437 0.0160064697265625
-0.7176513671875 0.72021484375 -0.139205932617188 0.157058715820313
-0.606689453125 0.80255126953125 -0.337432861328125 0.2298583984375
-0.4677734375 0.907470703125 -0.40582275390625 0.228759765625
-0.05938720703125 0.7998046875 -0.321319580078125 0.184661865234375
0.1805419921875 0.7598876953125 -0.278884887695313 0.146072387695313
0.40618896484375 0.58038330078125 -0.385711669921875 0.14862060546875
0.62884521484375 0.46514892578125 -0.52777099609375 0.29864501953125
0.580078125 0.37945556640625 0.58880615234375 -0.20611572265625
0.321685791015625 0.44891357421875 0.511810302734375 -0.173248291015625
0.2293701171875 0.62762451171875 0.3782958984375 -0.154754638671875
-0.12213134765625 0.69232177734375 0.421905517578125 -0.200958251953125
-0.43157958984375 0.7490234375 0.393524169921875 -0.28045654296875
-0.5247802734375 0.75885009765625 0.518646240234375 -0.35296630859375
-0.584228515625 0.67413330078125 0.449798583984375 -0.33642578125
-0.7916259765625 0.52294921875 0.313995361328125 -0.249176025390625
-0.68243408203125 0.7218017578125 0.03369140625 -0.141448974609375
-0.57208251953125 0.8118896484375 -0.255081176757813 -0.0374755859374999
-0.4288330078125 0.92034912109375 -0.427581787109375 0.0878601074218751
-0.00256347656250004 0.80419921875 -0.31634521484375 0.187225341796875
0.23883056640625 0.75482177734375 -0.20758056640625 0.248046875
0.442626953125 0.56524658203125 -0.226837158203125 0.269134521484375
0.62115478515625 0.44525146484375 -0.32904052734375 0.448638916015625
0.41571044921875 0.29815673828125 0.7291259765625 -0.08172607421875
0.199798583984375 0.33233642578125 0.5985107421875 -0.04510498046875
0.117584228515625 0.43011474609375 0.370452880859375 -0.04473876953125
-0.13018798828125 0.4510498046875 0.387481689453125 -0.144195556640625
-0.3341064453125 0.5030517578125 0.379119873046875 -0.323028564453125
-0.38958740234375 0.54925537109375 0.540008544921875 -0.487884521484375
-0.434722900390625 0.498870849609375 0.56890869140625 -0.56134033203125
-0.6065673828125 0.41900634765625 0.50341796875 -0.47772216796875
-0.5382080078125 0.59063720703125 0.165008544921875 -0.41522216796875
-0.4368896484375 0.6556396484375 -0.196136474609375 -0.294891357421875
-0.32757568359375 0.7342529296875 -0.4410400390625 -0.0610351562499999
0.0181884765625 0.6343994140625 -0.305999755859375 0.173797607421875
0.2235107421875 0.6011962890625 -0.1300048828125 0.331207275390625
0.373443603515625 0.449249267578125 -0.058868408203125 0.3748779296875
0.50286865234375 0.349884033203125 -0.13238525390625 0.5718994140625
0.215316772460938 0.175491333007813 0.8114013671875 0.00842285156250001
0.0936279296875 0.181930541992188 0.62628173828125 0.04296875
0.05133056640625 0.210556030273438 0.334442138671875 0.030609130859375
-0.08544921875 0.208908081054688 0.339813232421875 -0.100189208984375
-0.185012817382812 0.25799560546875 0.361724853515625 -0.333404541015625
-0.20648193359375 0.3115234375 0.533660888671875 -0.55804443359375
-0.230117797851563 0.27056884765625 0.6337890625 -0.70562744140625
-0.33331298828125 0.24761962890625 0.6153564453125 -0.64068603515625
-0.304473876953125 0.352447509765625 0.23333740234375 -0.6126708984375
-0.23675537109375 0.377716064453125 -0.1739501953125 -0.47979736328125
-0.1864013671875 0.410614013671875 -0.448760986328125 -0.17120361328125
0.00686645507812504 0.346527099609375 -0.2967529296875 0.158782958984375
0.137939453125 0.337799072265625 -0.078155517578125 0.388031005859375
0.213226318359375 0.2591552734375 0.0702209472656251 0.450714111328125
0.288909912109375 0.20135498046875 0.01739501953125 0.6531982421875
0.0169897079467773 -0.00022125244140625 -0.1539306640625 -0.61956787109375
-0.0335750579833984 0.00521659851074218 -0.18743896484375 -0.500030517578125
-0.0286693572998047 0.00573539733886719 0.00769042968749996 -0.411224365234375
-0.038665771484375 -0.00844955444335937 0.237213134765625 -0.169082641601563
-0.0242271423339844 -0.0251808166503906 0.364501953125 0.215667724609375
-0.010467529296875 -0.0810775756835938 0.198333740234375 0.479888916015625
-0.012115478515625 -0.0711288452148438 -0.24530029296875 0.6678466796875
-0.00222015380859375 -0.0880279541015625 -0.6279296875 0.648193359375
0.0254974365234375 -0.0974578857421875 -0.651611328125 0.71527099609375
0.0279426574707031 -0.05633544921875 -0.542236328125 0.59716796875
0.0489501953125 -0.0216217041015625 -0.322052001953125 0.36370849609375
0.00416088104248047 -0.0160188674926758 -0.2794189453125 0.113998413085938
0.0100021362304688 0.000861167907714844 -0.341644287109375 -0.057586669921875
-0.00173187255859375 -0.03790283203125 -0.5665283203125 -0.0720825195312499
0.0157012939453125 -0.0475540161132813 -0.87469482421875 -0.069580078125
0.298248291015625 0.145355224609375 -0.12646484375 -0.61181640625
0.184249877929688 0.197219848632813 -0.15362548828125 -0.509124755859375
0.156463623046875 0.3023681640625 0.044647216796875 -0.429443359375
-0.025238037109375 0.346435546875 0.269699096679688 -0.19775390625
-0.175567626953125 0.35107421875 0.3642578125 0.182220458984375
-0.230865478515625 0.284423828125 0.243255615234375 0.450897216796875
-0.266189575195313 0.251312255859375 -0.17767333984375 0.6441650390625
-0.325714111328125 0.13275146484375 -0.5531005859375 0.61688232421875
-0.228668212890625 0.154266357421875 -0.5977783203125 0.698974609375
-0.179885864257813 0.172195434570312 -0.52484130859375 0.5989990234375
-0.133819580078125 0.20361328125 -0.336456298828125 0.37139892578125
-0.071014404296875 0.180618286132813 -0.28424072265625 0.1231689453125
-0.000823974609374988 0.199981689453125 -0.32861328125 -0.0565185546875001
0.0770416259765625 0.153350830078125 -0.56134033203125 -0.0823974609375
0.209701538085938 0.130889892578125 -0.866455078125 -0.0501098632812498
0.52545166015625 0.277252197265625 -0.00109863281249995 -0.56146240234375
0.355682373046875 0.3624267578125 -0.02532958984375 -0.485015869140625
0.305694580078125 0.554718017578125 0.128021240234375 -0.419769287109375
-0.01953125 0.65106201171875 0.321868896484375 -0.233978271484375
-0.30987548828125 0.67938232421875 0.375152587890625 0.08685302734375
-0.41961669921875 0.6058349609375 0.313873291015625 0.31689453125
-0.4793701171875 0.5272216796875 -0.052215576171875 0.492340087890625
-0.604736328125 0.33172607421875 -0.39166259765625 0.486358642578125
-0.463836669921875 0.3994140625 -0.48675537109375 0.6019287109375
-0.3807373046875 0.415283203125 -0.48828125 0.55731201171875
-0.30706787109375 0.46051025390625 -0.36114501953125 0.364990234375
-0.121337890625 0.407928466796875 -0.30120849609375 0.143524169921875
0.01922607421875 0.4188232421875 -0.33050537109375 -0.022430419921875
0.1761474609375 0.342620849609375 -0.5474853515625 -0.048858642578125
0.391510009765625 0.29486083984375 -0.8104248046875 0.0244140625000001
0.65936279296875 0.37030029296875 0.187774658203125 -0.469329833984375
0.438720703125 0.472320556640625 0.16497802734375 -0.416900634765625
0.3712158203125 0.714111328125 0.235687255859375 -0.369659423828125
-0.029296875 0.83685302734375 0.379119873046875 -0.259521484375
-0.4036865234375 0.8853759765625 0.3896484375 -0.0504760742187499
-0.540771484375 0.82354736328125 0.394500732421875 0.0970764160156251
-0.61212158203125 0.70892333984375 0.114532470703125 0.243988037109375
-0.7940673828125 0.47845458984375 -0.16949462890625 0.275894165039063
-0.63897705078125 0.6041259765625 -0.3248291015625 0.420745849609375
-0.5390625 0.651123046875 -0.422637939453125 0.441070556640625
-0.427490234375 0.7288818359375 -0.384552001953125 0.327850341796875
-0.11199951171875 0.6441650390625 -0.31658935546875 0.169189453125
0.0906982421875 0.6292724609375 -0.3221435546875 0.0485229492187501
0.299957275390625 0.500946044921875 -0.498138427734375 0.0345764160156249
0.545166015625 0.412933349609375 -0.700439453125 0.15081787109375
0.67401123046875 0.4051513671875 0.400390625 -0.3458251953125
0.420318603515625 0.5037841796875 0.36029052734375 -0.308013916015625
0.33807373046875 0.73876953125 0.33184814453125 -0.276763916015625
-0.0728759765625 0.851806640625 0.42047119140625 -0.248992919921875
-0.44952392578125 0.909912109375 0.39959716796875 -0.18792724609375
-0.58221435546875 0.87518310546875 0.4686279296875 -0.1483154296875
-0.6495361328125 0.7596435546875 0.291046142578125 -0.0543212890625
-0.86175537109375 0.54437255859375 0.0787353515625 0.0158538818359375
-0.72216796875 0.727294921875 -0.140365600585938 0.15887451171875
-0.61083984375 0.80914306640625 -0.339599609375 0.232147216796875
-0.4708251953125 0.91729736328125 -0.407867431640625 0.23223876953125
-0.0596923828125 0.80743408203125 -0.323516845703125 0.1866455078125
0.1849365234375 0.76348876953125 -0.280044555664063 0.147262573242188
0.40869140625 0.58551025390625 -0.388641357421875 0.151275634765625
0.6348876953125 0.466064453125 -0.533477783203125 0.30413818359375
0.58245849609375 0.380126953125 0.59320068359375 -0.20831298828125
0.323516845703125 0.451263427734375 0.51715087890625 -0.17572021484375
0.2327880859375 0.63116455078125 0.38214111328125 -0.157958984375
-0.1195068359375 0.6971435546875 0.423980712890625 -0.203704833984375
-0.429931640625 0.755615234375 0.396026611328125 -0.283416748046875
-0.52886962890625 0.76397705078125 0.52166748046875 -0.357269287109375
-0.58636474609375 0.67919921875 0.452789306640625 -0.339813232421875
-0.79815673828125 0.52783203125 0.316986083984375 -0.252655029296875
-0.68731689453125 0.7303466796875 0.0333099365234375 -0.141738891601562
-0.5745849609375 0.81787109375 -0.256637573242188 -0.0362548828125
-0.42840576171875 0.92962646484375 -0.430206298828125 0.089935302734375
-0.00244140625000004 0.8104248046875 -0.31781005859375 0.189208984375
0.2432861328125 0.76068115234375 -0.206954956054687 0.248367309570313
0.44598388671875 0.56951904296875 -0.229507446289062 0.272857666015625
0.6278076171875 0.445556640625 -0.331787109375 0.452606201171875
0.417266845703125 0.297607421875 0.73309326171875 -0.0828857421875
0.19952392578125 0.3348388671875 0.60443115234375 -0.04632568359375
0.11883544921875 0.43145751953125 0.373870849609375 -0.045196533203125
-0.12969970703125 0.452911376953125 0.39068603515625 -0.145050048828125
-0.334075927734375 0.506500244140625 0.381195068359375 -0.327178955078125
-0.39190673828125 0.553558349609375 0.541168212890625 -0.494232177734375
-0.438018798828125 0.501953125 0.57257080078125 -0.56488037109375
-0.612060546875 0.42315673828125 0.50665283203125 -0.4840087890625
-0.540771484375 0.5960693359375 0.1656494140625 -0.418182373046875
-0.43865966796875 0.66021728515625 -0.1986083984375 -0.296142578125
-0.3282470703125 0.74169921875 -0.4449462890625 -0.059600830078125
0.01824951171875 0.64141845703125 -0.30743408203125 0.174957275390625
0.226318359375 0.6044921875 -0.130035400390625 0.332550048828125
0.378173828125 0.45196533203125 -0.059326171875 0.378997802734375
0.50897216796875 0.350372314453125 -0.13287353515625 0.57757568359375
0.215805053710938 0.175430297851563 0.81683349609375 0.00585937500000001
0.0933990478515625 0.183303833007813 0.6318359375 0.041259765625
0.051177978515625 0.210678100585938 0.337677001953125 0.0299072265625
-0.085968017578125 0.209716796875 0.343353271484375 -0.1019287109375
-0.185150146484375 0.260055541992188 0.364349365234375 -0.336273193359375
-0.206390380859375 0.313323974609375 0.53656005859375 -0.56280517578125
-0.231491088867188 0.273590087890625 0.63641357421875 -0.71240234375
-0.33685302734375 0.250732421875 0.61920166015625 -0.64569091796875
-0.30621337890625 0.3546142578125 0.234130859375 -0.61651611328125
-0.238067626953125 0.3818359375 -0.176055908203125 -0.4805908203125
-0.187347412109375 0.4161376953125 -0.4534912109375 -0.17071533203125
0.00698852539062498 0.35064697265625 -0.299041748046875 0.160308837890625
0.139862060546875 0.339569091796875 -0.0770263671875 0.39013671875
0.215866088867188 0.260757446289063 0.0697021484375 0.45452880859375
0.290802001953125 0.201202392578125 0.01641845703125 0.65850830078125
0.0166330337524414 -7.62939453125E-05 -0.1571044921875 -0.62518310546875
-0.0340518951416016 0.00579833984375 -0.189727783203125 -0.503509521484375
-0.0288562774658203 0.00643348693847656 0.00494384765625003 -0.41424560546875
-0.0394210815429688 -0.00733566284179688 0.238632202148437 -0.170333862304688
-0.0245742797851562 -0.0250053405761719 0.3699951171875 0.216796875
-0.0109710693359375 -0.08221435546875 0.20050048828125 0.483154296875
-0.0129547119140625 -0.0721054077148438 -0.2476806640625 0.6748046875
-0.00306701660156251 -0.08929443359375 -0.6348876953125 0.6552734375
0.024444580078125 -0.0985946655273438 -0.65606689453125 0.72314453125
0.028045654296875 -0.0573272705078125 -0.543212890625 0.60296630859375
0.0498619079589844 -0.0221481323242187 -0.324462890625 0.368316650390625
0.00460052490234375 -0.0155668258666992 -0.28125 0.1160888671875
0.0105791091918945 0.000920295715332031 -0.344970703125 -0.056427001953125
-0.00182342529296875 -0.0383415222167969 -0.572021484375 -0.0714111328125001
0.015869140625 -0.0487060546875 -0.8824462890625 -0.0671997070312498
0.3001708984375 0.146697998046875 -0.128662109375 -0.61627197265625
0.185592651367188 0.199462890625 -0.15399169921875 -0.511962890625
0.15887451171875 0.305572509765625 0.04327392578125 -0.432403564453125
-0.024810791015625 0.351104736328125 0.27105712890625 -0.199264526367187
-0.17584228515625 0.356109619140625 0.368682861328125 0.182586669921875
-0.234039306640625 0.287445068359375 0.246917724609375 0.451995849609375
-0.268661499023438 0.253570556640625 -0.17889404296875 0.6505126953125
-0.329986572265625 0.134246826171875 -0.55804443359375 0.62567138671875
-0.230560302734375 0.156265258789063 -0.60052490234375 0.70611572265625
-0.180831909179688 0.172958374023438 -0.529296875 0.606201171875
-0.13348388671875 0.205810546875 -0.338043212890625 0.374420166015625
-0.0712890625 0.183273315429688 -0.287200927734375 0.125579833984375
0.000183105468749997 0.201690673828125 -0.33154296875 -0.055450439453125
0.0774383544921875 0.154739379882813 -0.56597900390625 -0.08197021484375
0.212417602539062 0.130386352539063 -0.874267578125 -0.04638671875
0.52996826171875 0.2779541015625 -0.00323486328125002 -0.56695556640625
0.359039306640625 0.36444091796875 -0.02532958984375 -0.48687744140625
0.308563232421875 0.55975341796875 0.127105712890625 -0.42254638671875
-0.017333984375 0.65771484375 0.324005126953125 -0.23773193359375
-0.308837890625 0.68719482421875 0.380096435546875 0.086273193359375
-0.42205810546875 0.61236572265625 0.316314697265625 0.316192626953125
-0.481842041015625 0.532745361328125 -0.0528259277343751 0.4971923828125
-0.611328125 0.3359375 -0.394744873046875 0.49261474609375
-0.466888427734375 0.40277099609375 -0.490234375 0.6094970703125
-0.382965087890625 0.418731689453125 -0.4912109375 0.5634765625
-0.307037353515625 0.466888427734375 -0.36346435546875 0.370025634765625
-0.12066650390625 0.412261962890625 -0.3035888671875 0.146240234375
0.021942138671875 0.42108154296875 -0.332305908203125 -0.02178955078125
0.17822265625 0.345489501953125 -0.553375244140625 -0.0473632812500001
0.3963623046875 0.297271728515625 -0.81683349609375 0.0278320312500001
0.6640625 0.37176513671875 0.18939208984375 -0.473175048828125
0.4434814453125 0.476959228515625 0.16400146484375 -0.42034912109375
0.3753662109375 0.7193603515625 0.236785888671875 -0.373870849609375
-0.0272216796875 0.84588623046875 0.38232421875 -0.261566162109375
-0.40447998046875 0.89813232421875 0.394012451171875 -0.0533752441406249
-0.54595947265625 0.83123779296875 0.397979736328125 0.0945129394531251
-0.616455078125 0.71527099609375 0.115325927734375 0.246002197265625
-0.802001953125 0.48443603515625 -0.171371459960938 0.279617309570313
-0.64373779296875 0.61187744140625 -0.32781982421875 0.425994873046875
-0.542236328125 0.658447265625 -0.42510986328125 0.4473876953125
-0.42828369140625 0.73822021484375 -0.388092041015625 0.33282470703125
-0.1134033203125 0.6517333984375 -0.318267822265625 0.17315673828125
0.09417724609375 0.63385009765625 -0.323486328125 0.04931640625
0.303924560546875 0.50506591796875 -0.50341796875 0.0382080078124999
0.550537109375 0.414764404296875 -0.70501708984375 0.1563720703125
0.67889404296875 0.4063720703125 0.403076171875 -0.349151611328125
0.42437744140625 0.5074462890625 0.36566162109375 -0.3115234375
0.34271240234375 0.7442626953125 0.334625244140625 -0.279449462890625
-0.07257080078125 0.8594970703125 0.424285888671875 -0.252960205078125
-0.45233154296875 0.920654296875 0.402740478515625 -0.19091796875
-0.5848388671875 0.88348388671875 0.47174072265625 -0.15283203125
-0.65533447265625 0.76904296875 0.29400634765625 -0.05548095703125
-0.87005615234375 0.55218505859375 0.0794296264648437 0.0158843994140625
-0.728759765625 0.7353515625 -0.142410278320313 0.160659790039063
-0.61260986328125 0.81744384765625 -0.340087890625 0.235687255859375
-0.4697265625 0.92852783203125 -0.412567138671875 0.23687744140625
-0.0585937500000001 0.8167724609375 -0.324462890625 0.190216064453125
0.18865966796875 0.76959228515625 -0.28125 0.148651123046875
0.41326904296875 0.58880615234375 -0.394073486328125 0.154510498046875
0.64276123046875 0.46783447265625 -0.536590576171875 0.307952880859375
0.586669921875 0.380615234375 0.59600830078125 -0.21173095703125
0.32562255859375 0.4559326171875 0.52301025390625 -0.177978515625
0.2342529296875 0.63519287109375 0.3851318359375 -0.15972900390625
-0.1201171875 0.70458984375 0.427703857421875 -0.208343505859375
-0.43170166015625 0.76422119140625 0.398773193359375 -0.287261962890625
-0.530029296875 0.77227783203125 0.52392578125 -0.36151123046875
-0.5933837890625 0.68804931640625 0.456024169921875 -0.344451904296875
-0.80584716796875 0.53387451171875 0.319244384765625 -0.255615234375
-0.69140625 0.7379150390625 0.03271484375 -0.14276123046875
-0.5772705078125 0.82672119140625 -0.259033203125 -0.0351409912109375
-0.4278564453125 0.9404296875 -0.433624267578125 0.0925903320312501
-0.000183105468750002 0.82000732421875 -0.319915771484375 0.191986083984375
0.2491455078125 0.7637939453125 -0.207351684570312 0.25054931640625
0.4521484375 0.5736083984375 -0.231781005859375 0.27667236328125
0.63507080078125 0.4473876953125 -0.333648681640625 0.459930419921875
0.41845703125 0.299041748046875 0.74029541015625 -0.0872802734375
0.200469970703125 0.33795166015625 0.60894775390625 -0.04815673828125
0.119354248046875 0.433929443359375 0.37823486328125 -0.04632568359375
-0.13006591796875 0.4576416015625 0.396484375 -0.148651123046875
-0.335235595703125 0.512420654296875 0.3841552734375 -0.330780029296875
-0.392913818359375 0.55853271484375 0.54559326171875 -0.50006103515625
-0.4417724609375 0.508392333984375 0.57806396484375 -0.57110595703125
-0.6180419921875 0.42889404296875 0.51202392578125 -0.489501953125
-0.5438232421875 0.60345458984375 0.167572021484375 -0.421783447265625
-0.44140625 0.66796875 -0.200592041015625 -0.296783447265625
-0.328125 0.75347900390625 -0.449127197265625 -0.05767822265625
0.02008056640625 0.64788818359375 -0.309814453125 0.17803955078125
0.2305908203125 0.60943603515625 -0.12939453125 0.33477783203125
0.38397216796875 0.455108642578125 -0.060211181640625 0.382781982421875
0.514404296875 0.3504638671875 -0.1339111328125 0.5849609375
0.217117309570313 0.175674438476563 0.8228759765625 0.00457763671875001
0.0934295654296875 0.18487548828125 0.63922119140625 0.03936767578125
0.0513153076171875 0.211639404296875 0.341949462890625 0.029632568359375
-0.0865325927734375 0.211288452148437 0.347869873046875 -0.104705810546875
-0.185256958007812 0.262451171875 0.3658447265625 -0.340087890625
-0.20648193359375 0.31689453125 0.5386962890625 -0.56939697265625
-0.234359741210937 0.276504516601563 0.63970947265625 -0.72064208984375
-0.34027099609375 0.25341796875 0.62493896484375 -0.6539306640625
-0.3074951171875 0.3602294921875 0.236083984375 -0.6204833984375
-0.23907470703125 0.38665771484375 -0.1793212890625 -0.4837646484375
-0.187103271484375 0.421661376953125 -0.45867919921875 -0.169647216796875
0.00750732421875003 0.354034423828125 -0.301483154296875 0.1622314453125
0.143646240234375 0.342041015625 -0.075775146484375 0.393310546875
0.21929931640625 0.262802124023438 0.0706787109375 0.45770263671875
0.294342041015625 0.201202392578125 0.016845703125 0.6650390625
0.0159645080566406 -0.000430107116699219 -0.160888671875 -0.63140869140625
-0.0342235565185547 0.00671195983886719 -0.191192626953125 -0.507293701171875
-0.0290393829345703 0.00751113891601562 0.00225830078125001 -0.415924072265625
-0.0398368835449219 -0.00553894042968751 0.239501953125 -0.172134399414063
-0.0248947143554687 -0.0249786376953125 0.3746337890625 0.21527099609375
-0.0119476318359375 -0.0837249755859375 0.204376220703125 0.48480224609375
-0.013580322265625 -0.0737152099609375 -0.2479248046875 0.6837158203125
-0.00393676757812499 -0.090484619140625 -0.64093017578125 0.66656494140625
0.0231857299804688 -0.0994949340820313 -0.6611328125 0.73211669921875
0.0279083251953125 -0.05877685546875 -0.54620361328125 0.61328125
0.0505561828613281 -0.0228080749511719 -0.32550048828125 0.372650146484375
0.00472450256347656 -0.015131950378418 -0.284027099609375 0.119384765625
0.011775016784668 0.000810623168945312 -0.3480224609375 -0.054656982421875
-0.0023651123046875 -0.038604736328125 -0.5780029296875 -0.0693359374999999
0.0156326293945313 -0.0499153137207031 -0.89056396484375 -0.0640258789062501
0.302154541015625 0.146240234375 -0.13189697265625 -0.622314453125
0.18829345703125 0.200729370117187 -0.157745361328125 -0.51611328125
0.161895751953125 0.308349609375 0.040008544921875 -0.43682861328125
-0.02325439453125 0.3560791015625 0.272308349609375 -0.201614379882812
-0.175750732421875 0.360565185546875 0.374237060546875 0.18231201171875
-0.2347412109375 0.290740966796875 0.25103759765625 0.4537353515625
-0.270217895507813 0.25653076171875 -0.17950439453125 0.6580810546875
-0.33282470703125 0.13641357421875 -0.5638427734375 0.634521484375
-0.233444213867188 0.158355712890625 -0.6053466796875 0.71502685546875
-0.181503295898438 0.175140380859375 -0.5296630859375 0.6158447265625
-0.133056640625 0.208343505859375 -0.33905029296875 0.38067626953125
-0.0712738037109375 0.185775756835937 -0.2886962890625 0.128814697265625
0.00175476074218748 0.203842163085938 -0.333709716796875 -0.0540771484375
0.0781707763671875 0.156158447265625 -0.57257080078125 -0.07830810546875
0.215301513671875 0.129669189453125 -0.883056640625 -0.04364013671875
0.53533935546875 0.277862548828125 -0.00408935546874997 -0.57135009765625
0.36370849609375 0.3687744140625 -0.02825927734375 -0.490631103515625
0.3143310546875 0.56402587890625 0.125152587890625 -0.426971435546875
-0.01312255859375 0.6651611328125 0.326446533203125 -0.24066162109375
-0.30828857421875 0.69622802734375 0.384796142578125 0.08551025390625
-0.425537109375 0.62091064453125 0.3199462890625 0.31658935546875
-0.48681640625 0.539825439453125 -0.0508422851562501 0.50384521484375
-0.61676025390625 0.33941650390625 -0.399566650390625 0.50042724609375
-0.470458984375 0.408660888671875 -0.49322509765625 0.6153564453125
-0.38372802734375 0.4249267578125 -0.49334716796875 0.571044921875
-0.307708740234375 0.47259521484375 -0.365142822265625 0.375823974609375
-0.120758056640625 0.41802978515625 -0.304901123046875 0.149871826171875
0.02386474609375 0.42486572265625 -0.33489990234375 -0.0208435058593749
0.180206298828125 0.349365234375 -0.558929443359375 -0.0443420410156249
0.401824951171875 0.29534912109375 -0.82598876953125 0.0335083007812499
0.67010498046875 0.37066650390625 0.18768310546875 -0.478302001953125
0.448211669921875 0.47900390625 0.16473388671875 -0.42401123046875
0.381591796875 0.72418212890625 0.23675537109375 -0.37835693359375
-0.0244750976562501 0.85577392578125 0.384796142578125 -0.266998291015625
-0.4039306640625 0.9093017578125 0.3978271484375 -0.055755615234375
-0.5467529296875 0.84222412109375 0.401153564453125 0.0934143066406251
-0.61993408203125 0.72613525390625 0.117950439453125 0.248611450195313
-0.8084716796875 0.49163818359375 -0.1727294921875 0.284088134765625
-0.64697265625 0.62017822265625 -0.32989501953125 0.43060302734375
-0.5423583984375 0.66680908203125 -0.4266357421875 0.45452880859375
-0.42864990234375 0.748291015625 -0.39068603515625 0.3389892578125
-0.11444091796875 0.66064453125 -0.320404052734375 0.176483154296875
0.09722900390625 0.63916015625 -0.32562255859375 0.0508728027343751
0.3076171875 0.50897216796875 -0.510162353515625 0.0408935546875
0.558807373046875 0.41424560546875 -0.71087646484375 0.1624755859375
0.68597412109375 0.407470703125 0.405731201171875 -0.353729248046875
0.429656982421875 0.511566162109375 0.367095947265625 -0.315032958984375
0.3482666015625 0.7498779296875 0.33642578125 -0.285003662109375
-0.0701293945312501 0.8677978515625 0.427978515625 -0.25775146484375
-0.45135498046875 0.93170166015625 0.405303955078125 -0.195587158203125
-0.58685302734375 0.89404296875 0.475677490234375 -0.157623291015625
-0.65814208984375 0.78009033203125 0.297149658203125 -0.056915283203125
-0.87725830078125 0.5621337890625 0.0796279907226562 0.0158538818359375
-0.73101806640625 0.745849609375 -0.143386840820313 0.163223266601563
-0.61407470703125 0.8277587890625 -0.343017578125 0.24102783203125
-0.46881103515625 0.9407958984375 -0.4154052734375 0.241912841796875
-0.0562744140624999 0.8267822265625 -0.32708740234375 0.195831298828125
0.195068359375 0.77520751953125 -0.2821044921875 0.150665283203125
0.41998291015625 0.59417724609375 -0.398040771484375 0.158355712890625
0.6529541015625 0.46771240234375 -0.540374755859375 0.315216064453125
0.591796875 0.3826904296875 0.6005859375 -0.2147216796875
0.3299560546875 0.460174560546875 0.527587890625 -0.1805419921875
0.23858642578125 0.6390380859375 0.38916015625 -0.163177490234375
-0.11676025390625 0.710205078125 0.433624267578125 -0.212738037109375
-0.4322509765625 0.7734375 0.401763916015625 -0.290313720703125
-0.53326416015625 0.78131103515625 0.527740478515625 -0.369720458984375
-0.5938720703125 0.69732666015625 0.459197998046875 -0.35003662109375
-0.81256103515625 0.5428466796875 0.32122802734375 -0.25970458984375
-0.6949462890625 0.7490234375 0.032379150390625 -0.143402099609375
-0.57916259765625 0.8377685546875 -0.261459350585938 -0.03289794921875
-0.42755126953125 0.954345703125 -0.437255859375 0.09771728515625
0.00207519531250004 0.829833984375 -0.3228759765625 0.1961669921875
0.25616455078125 0.77093505859375 -0.20782470703125 0.252899169921875
0.4591064453125 0.57720947265625 -0.23419189453125 0.281585693359375
0.6439208984375 0.44677734375 -0.3358154296875 0.4676513671875
0.42279052734375 0.300262451171875 0.7471923828125 -0.08831787109375
0.2020263671875 0.339599609375 0.61566162109375 -0.05120849609375
0.12158203125 0.436065673828125 0.38311767578125 -0.048553466796875
-0.129486083984375 0.46142578125 0.3994140625 -0.1529541015625
-0.3353271484375 0.51922607421875 0.386962890625 -0.335174560546875
-0.39447021484375 0.56536865234375 0.547607421875 -0.508819580078125
-0.4439697265625 0.515045166015625 0.58001708984375 -0.579833984375
-0.6239013671875 0.43505859375 0.5146484375 -0.497833251953125
-0.54620361328125 0.61083984375 0.167236328125 -0.425933837890625
-0.44354248046875 0.67584228515625 -0.203582763671875 -0.297882080078125
-0.32647705078125 0.76275634765625 -0.452545166015625 -0.054718017578125
0.02325439453125 0.65570068359375 -0.31219482421875 0.181488037109375
0.23687744140625 0.6131591796875 -0.12835693359375 0.337860107421875
0.390869140625 0.45953369140625 -0.06170654296875 0.3873291015625
0.522491455078125 0.3497314453125 -0.13330078125 0.59381103515625
0.218582153320313 0.175994873046875 0.83074951171875 0.000366210937500011
0.0939178466796875 0.186447143554688 0.645263671875 0.03570556640625
0.0518798828125 0.211746215820313 0.3470458984375 0.028656005859375
-0.086669921875 0.212753295898438 0.35198974609375 -0.108489990234375
-0.184402465820313 0.265625 0.36700439453125 -0.345306396484375
-0.2066650390625 0.319061279296875 0.54132080078125 -0.57769775390625
-0.23577880859375 0.280715942382812 0.64447021484375 -0.73004150390625
-0.34381103515625 0.257843017578125 0.62860107421875 -0.666015625
-0.308990478515625 0.365447998046875 0.236083984375 -0.62664794921875
-0.239776611328125 0.390838623046875 -0.18267822265625 -0.488067626953125
-0.186920166015625 0.4276123046875 -0.4649658203125 -0.16845703125
0.00851440429687503 0.3577880859375 -0.303497314453125 0.16552734375
0.146881103515625 0.344970703125 -0.07550048828125 0.39703369140625
0.22369384765625 0.264816284179688 0.072021484375 0.463134765625
0.2977294921875 0.20135498046875 0.01934814453125 0.67254638671875
0.0156030654907227 -0.000416755676269531 -0.16571044921875 -0.63885498046875
-0.0345878601074219 0.00755500793457031 -0.196258544921875 -0.510894775390625
-0.0289459228515625 0.00853729248046876 -0.00161743164062502 -0.420440673828125
-0.0403213500976563 -0.00389480590820312 0.24041748046875 -0.174301147460938
-0.0251369476318359 -0.0245800018310547 0.38140869140625 0.215484619140625
-0.01300048828125 -0.0846481323242188 0.20947265625 0.488006591796875
-0.0151748657226562 -0.0746002197265625 -0.2471923828125 0.69073486328125
-0.00527191162109375 -0.0922470092773438 -0.64556884765625 0.67864990234375
0.0215301513671875 -0.100959777832031 -0.66302490234375 0.74420166015625
0.0277175903320313 -0.0597343444824219 -0.5491943359375 0.6214599609375
0.0511703491210937 -0.0239753723144531 -0.326446533203125 0.377410888671875
0.00528907775878906 -0.0148649215698242 -0.286041259765625 0.12286376953125
0.0122585296630859 0.000864982604980469 -0.35113525390625 -0.052032470703125
-0.00294876098632812 -0.0389823913574219 -0.58587646484375 -0.06427001953125
0.015411376953125 -0.0512123107910156 -0.89947509765625 -0.0582275390625001
0.305267333984375 0.14617919921875 -0.13739013671875 -0.62921142578125
0.191299438476563 0.202224731445313 -0.162017822265625 -0.518768310546875
0.166229248046875 0.31036376953125 0.036590576171875 -0.44122314453125
-0.021026611328125 0.361297607421875 0.273834228515625 -0.205078125
-0.174407958984375 0.366241455078125 0.3812255859375 0.182159423828125
-0.236328125 0.294891357421875 0.255096435546875 0.456512451171875
-0.272537231445313 0.2608642578125 -0.17633056640625 0.66632080078125
-0.337158203125 0.139862060546875 -0.56732177734375 0.646728515625
-0.235946655273438 0.160980224609375 -0.60784912109375 0.72711181640625
-0.18194580078125 0.177078247070313 -0.531005859375 0.6239013671875
-0.132598876953125 0.211456298828125 -0.34100341796875 0.386077880859375
-0.070770263671875 0.188796997070313 -0.291107177734375 0.13372802734375
0.00378417968749998 0.205413818359375 -0.337249755859375 -0.05194091796875
0.079010009765625 0.157180786132813 -0.57904052734375 -0.0739135742187499
0.217864990234375 0.12890625 -0.89166259765625 -0.03790283203125
0.540740966796875 0.278106689453125 -0.00866699218749991 -0.5775146484375
0.370330810546875 0.37060546875 -0.030487060546875 -0.4951171875
0.32196044921875 0.5677490234375 0.12274169921875 -0.43310546875
-0.00952148437500003 0.67413330078125 0.32745361328125 -0.2442626953125
-0.3057861328125 0.70703125 0.39007568359375 0.0836181640625
-0.4263916015625 0.62939453125 0.32452392578125 0.316864013671875
-0.48895263671875 0.547637939453125 -0.0477294921875 0.5107421875
-0.622802734375 0.3485107421875 -0.4014892578125 0.5093994140625
-0.47412109375 0.414886474609375 -0.4964599609375 0.626953125
-0.3841552734375 0.4296875 -0.49468994140625 0.5806884765625
-0.306549072265625 0.48065185546875 -0.36651611328125 0.382110595703125
-0.12042236328125 0.423828125 -0.30657958984375 0.154541015625
0.027984619140625 0.427764892578125 -0.33673095703125 -0.018798828125
0.183502197265625 0.35223388671875 -0.56683349609375 -0.0406494140624999
0.408111572265625 0.294586181640625 -0.83349609375 0.0411987304687502
0.677001953125 0.37176513671875 0.186981201171875 -0.483673095703125
0.455535888671875 0.481658935546875 0.165863037109375 -0.42889404296875
0.39215087890625 0.73004150390625 0.234588623046875 -0.38494873046875
-0.0195922851562499 0.8663330078125 0.38726806640625 -0.27349853515625
-0.3997802734375 0.9212646484375 0.402496337890625 -0.0585937499999999
-0.54827880859375 0.85284423828125 0.4061279296875 0.0896606445312501
-0.6219482421875 0.73699951171875 0.121078491210937 0.250991821289063
-0.8153076171875 0.50238037109375 -0.173309326171875 0.288299560546875
-0.651123046875 0.62908935546875 -0.331146240234375 0.43743896484375
-0.54345703125 0.67572021484375 -0.42828369140625 0.46331787109375
-0.42608642578125 0.7591552734375 -0.392242431640625 0.345184326171875
-0.11029052734375 0.66876220703125 -0.32171630859375 0.18145751953125
0.104248046875 0.64453125 -0.32745361328125 0.05322265625
0.31463623046875 0.51300048828125 -0.516143798828125 0.04608154296875
0.5677490234375 0.4136962890625 -0.71746826171875 0.16949462890625
0.69378662109375 0.40618896484375 0.406524658203125 -0.359619140625
0.43597412109375 0.5140380859375 0.3707275390625 -0.319976806640625
0.3564453125 0.7540283203125 0.337677001953125 -0.29107666015625
-0.0639648437499999 0.878662109375 0.431854248046875 -0.264129638671875
-0.44921875 0.946044921875 0.40899658203125 -0.199462890625
-0.58624267578125 0.90728759765625 0.477081298828125 -0.1636962890625
-0.660888671875 0.7904052734375 0.29925537109375 -0.058837890625
-0.88470458984375 0.57476806640625 0.0799713134765624 0.0160446166992188
-0.7353515625 0.7598876953125 -0.144424438476563 0.166244506835938
-0.61474609375 0.840576171875 -0.344757080078125 0.248260498046875
-0.467041015625 0.95574951171875 -0.417999267578125 0.2471923828125
-0.05133056640625 0.83807373046875 -0.32818603515625 0.200225830078125
0.20391845703125 0.7821044921875 -0.282928466796875 0.1527099609375
0.42938232421875 0.59869384765625 -0.4022216796875 0.164306640625
0.6636962890625 0.46746826171875 -0.545257568359375 0.324310302734375
0.59710693359375 0.3818359375 0.60614013671875 -0.22137451171875
0.33587646484375 0.462554931640625 0.531890869140625 -0.186676025390625
0.244873046875 0.6419677734375 0.39276123046875 -0.16851806640625
-0.11407470703125 0.71893310546875 0.437652587890625 -0.218170166015625
-0.4296875 0.7845458984375 0.405029296875 -0.297088623046875
-0.5338134765625 0.79364013671875 0.529022216796875 -0.377716064453125
-0.59710693359375 0.708740234375 0.461578369140625 -0.355804443359375
-0.818115234375 0.55584716796875 0.32281494140625 -0.26458740234375
-0.6978759765625 0.76141357421875 0.0317382812499999 -0.144500732421875
-0.577392578125 0.8509521484375 -0.264480590820313 -0.0311279296875
-0.42474365234375 0.96966552734375 -0.441925048828125 0.102630615234375
0.00726318359375006 0.8394775390625 -0.324920654296875 0.20159912109375
0.26409912109375 0.77618408203125 -0.206893920898437 0.255783081054688
0.468017578125 0.58209228515625 -0.236083984375 0.286346435546875
0.6541748046875 0.44659423828125 -0.337310791015625 0.4776611328125
0.427154541015625 0.30023193359375 0.75244140625 -0.09515380859375
0.205108642578125 0.34271240234375 0.62298583984375 -0.05706787109375
0.124420166015625 0.43792724609375 0.388092041015625 -0.051483154296875
-0.128692626953125 0.466461181640625 0.404144287109375 -0.159210205078125
-0.33416748046875 0.526763916015625 0.388336181640625 -0.340423583984375
-0.3936767578125 0.573486328125 0.548126220703125 -0.517242431640625
-0.447296142578125 0.52325439453125 0.583251953125 -0.58978271484375
-0.62738037109375 0.444091796875 0.51727294921875 -0.505950927734375
-0.54766845703125 0.6217041015625 0.166778564453125 -0.430450439453125
-0.442626953125 0.687255859375 -0.20733642578125 -0.299102783203125
-0.3245849609375 0.77374267578125 -0.46026611328125 -0.0519714355468749
0.0282592773437499 0.6640625 -0.313568115234375 0.185791015625
0.24530029296875 0.61932373046875 -0.126251220703125 0.340545654296875
0.39715576171875 0.460662841796875 -0.059417724609375 0.39251708984375
0.529327392578125 0.349395751953125 -0.13165283203125 0.60089111328125
0.22064208984375 0.17681884765625 0.83892822265625 -0.00506591796874999
0.0949554443359375 0.188034057617187 0.65228271484375 0.03106689453125
0.05267333984375 0.212738037109375 0.35186767578125 0.02703857421875
-0.08642578125 0.21490478515625 0.35565185546875 -0.11273193359375
-0.184326171875 0.269073486328125 0.368377685546875 -0.350006103515625
-0.20635986328125 0.323944091796875 0.5433349609375 -0.5872802734375
-0.23785400390625 0.284088134765625 0.64605712890625 -0.74273681640625
-0.34613037109375 0.263031005859375 0.63201904296875 -0.67730712890625
-0.310302734375 0.37139892578125 0.235107421875 -0.63336181640625
-0.23907470703125 0.39697265625 -0.18682861328125 -0.490447998046875
-0.185943603515625 0.43511962890625 -0.470794677734375 -0.16632080078125
0.010498046875 0.3631591796875 -0.30548095703125 0.16937255859375
0.15167236328125 0.346832275390625 -0.0728759765625 0.4007568359375
0.228378295898438 0.266921997070313 0.0742492675781251 0.46771240234375
0.30224609375 0.200347900390625 0.021484375 0.68304443359375
0.0151519775390625 -0.000195503234863281 -0.17181396484375 -0.64447021484375
-0.0351333618164063 0.00849151611328125 -0.2021484375 -0.513916015625
-0.0289268493652344 0.00920486450195312 -0.00592041015624997 -0.423675537109375
-0.0403175354003906 -0.0020904541015625 0.24139404296875 -0.177200317382812
-0.0251502990722656 -0.0245876312255859 0.38800048828125 0.21282958984375
-0.0143585205078125 -0.0859451293945313 0.2137451171875 0.490203857421875
-0.0163650512695313 -0.0764236450195312 -0.24566650390625 0.7005615234375
-0.00656127929687501 -0.093963623046875 -0.64886474609375 0.69384765625
0.0196914672851563 -0.1025390625 -0.66290283203125 0.7581787109375
0.0273513793945313 -0.0607948303222656 -0.54803466796875 0.63201904296875
0.052001953125 -0.0249481201171875 -0.32684326171875 0.384490966796875
0.00559329986572266 -0.0145244598388672 -0.28826904296875 0.1268310546875
0.0132579803466797 0.00110244750976563 -0.354888916015625 -0.048828125
-0.0037841796875 -0.0391998291015625 -0.59051513671875 -0.059814453125
0.0153541564941406 -0.0526084899902344 -0.90899658203125 -0.0486450195312502
0.30841064453125 0.145965576171875 -0.14202880859375 -0.6337890625
0.194808959960938 0.203384399414063 -0.166748046875 -0.5225830078125
0.170257568359375 0.31304931640625 0.03155517578125 -0.446258544921875
-0.017333984375 0.366851806640625 0.274581909179688 -0.209335327148437
-0.1724853515625 0.372039794921875 0.38677978515625 0.17962646484375
-0.2371826171875 0.300048828125 0.260833740234375 0.457611083984375
-0.2735595703125 0.265670776367188 -0.1727294921875 0.67486572265625
-0.3404541015625 0.144073486328125 -0.56793212890625 0.65924072265625
-0.237762451171875 0.164215087890625 -0.6090087890625 0.74078369140625
-0.181838989257812 0.1802978515625 -0.5308837890625 0.634521484375
-0.131271362304688 0.21435546875 -0.3414306640625 0.39312744140625
-0.0699920654296875 0.191848754882813 -0.292633056640625 0.137908935546875
0.0065460205078125 0.20709228515625 -0.3402099609375 -0.049468994140625
0.0804595947265625 0.158523559570313 -0.58648681640625 -0.06939697265625
0.221343994140625 0.127914428710937 -0.90087890625 -0.0299682617187498
0.54827880859375 0.27685546875 -0.01263427734375 -0.5828857421875
0.375701904296875 0.37237548828125 -0.031646728515625 -0.49908447265625
0.3297119140625 0.5693359375 0.11920166015625 -0.438720703125
-0.00347900390624994 0.681396484375 0.329559326171875 -0.24981689453125
-0.3031005859375 0.7171630859375 0.395538330078125 0.080780029296875
-0.42669677734375 0.6405029296875 0.3299560546875 0.316375732421875
-0.489776611328125 0.55645751953125 -0.044647216796875 0.516357421875
-0.62811279296875 0.35675048828125 -0.40228271484375 0.519378662109375
-0.475616455078125 0.42315673828125 -0.496337890625 0.6378173828125
-0.385009765625 0.4368896484375 -0.4947509765625 0.59130859375
-0.3043212890625 0.48760986328125 -0.3681640625 0.391387939453125
-0.11846923828125 0.429595947265625 -0.30877685546875 0.15960693359375
0.032623291015625 0.431854248046875 -0.340057373046875 -0.016754150390625
0.18841552734375 0.354705810546875 -0.573486328125 -0.0347900390625
0.414886474609375 0.293853759765625 -0.84222412109375 0.0490722656250001
0.683837890625 0.36968994140625 0.1859130859375 -0.48968505859375
0.464385986328125 0.484344482421875 0.165283203125 -0.43414306640625
0.40216064453125 0.7332763671875 0.23284912109375 -0.390472412109375
-0.011962890625 0.87530517578125 0.389892578125 -0.27850341796875
-0.39617919921875 0.9368896484375 0.407623291015625 -0.0636901855468749
-0.54779052734375 0.86761474609375 0.409271240234375 0.0859375000000001
-0.62420654296875 0.7498779296875 0.124755859375 0.253005981445313
-0.82080078125 0.5140380859375 -0.17388916015625 0.293609619140625
-0.653076171875 0.64288330078125 -0.33221435546875 0.446502685546875
-0.54217529296875 0.6876220703125 -0.429656982421875 0.472076416015625
-0.42242431640625 0.77215576171875 -0.39385986328125 0.354095458984375
-0.10601806640625 0.677734375 -0.323394775390625 0.1865234375
0.11248779296875 0.6497802734375 -0.329803466796875 0.0560302734375001
0.3212890625 0.515106201171875 -0.522369384765625 0.0527038574218751
0.57855224609375 0.41143798828125 -0.72308349609375 0.17962646484375
0.70263671875 0.40435791015625 0.40716552734375 -0.366973876953125
0.4439697265625 0.51666259765625 0.373046875 -0.32623291015625
0.36553955078125 0.75872802734375 0.338653564453125 -0.29644775390625
-0.05694580078125 0.8896484375 0.434356689453125 -0.27032470703125
-0.4437255859375 0.96234130859375 0.41302490234375 -0.205810546875
-0.58587646484375 0.92041015625 0.480865478515625 -0.169586181640625
-0.66156005859375 0.80426025390625 0.302947998046875 -0.0620117187499999
-0.8914794921875 0.58935546875 0.0807189941406249 0.0152587890625
-0.7366943359375 0.774169921875 -0.145111083984375 0.16998291015625
-0.61248779296875 0.85400390625 -0.346343994140625 0.25372314453125
-0.4625244140625 0.971435546875 -0.4210205078125 0.2559814453125
-0.04541015625 0.84765625 -0.32904052734375 0.204345703125
0.2127685546875 0.78594970703125 -0.28387451171875 0.155487060546875
0.43841552734375 0.6011962890625 -0.406219482421875 0.169708251953125
0.67510986328125 0.46417236328125 -0.547637939453125 0.334503173828125
0.60638427734375 0.38067626953125 0.610107421875 -0.22808837890625
0.3414306640625 0.46490478515625 0.538116455078125 -0.1932373046875
0.2518310546875 0.6451416015625 0.396087646484375 -0.17333984375
-0.1097412109375 0.72802734375 0.440216064453125 -0.225921630859375
-0.426025390625 0.79730224609375 0.40740966796875 -0.302703857421875
-0.53057861328125 0.80596923828125 0.531829833984375 -0.38671875
-0.59808349609375 0.720458984375 0.46368408203125 -0.36309814453125
-0.82440185546875 0.56842041015625 0.323516845703125 -0.270782470703125
-0.69915771484375 0.774658203125 0.0307464599609375 -0.145553588867187
-0.57696533203125 0.86541748046875 -0.266815185546875 -0.0275878906249999
-0.41961669921875 0.98382568359375 -0.445770263671875 0.1085205078125
0.0150146484374999 0.8499755859375 -0.32525634765625 0.205718994140625
0.27490234375 0.78265380859375 -0.205474853515625 0.259170532226563
0.4788818359375 0.583984375 -0.23712158203125 0.292236328125
0.6658935546875 0.44354248046875 -0.33648681640625 0.48583984375
0.432952880859375 0.299468994140625 0.759033203125 -0.1011962890625
0.20819091796875 0.3447265625 0.6295166015625 -0.06268310546875
0.12847900390625 0.440643310546875 0.39227294921875 -0.055938720703125
-0.12591552734375 0.4710693359375 0.406951904296875 -0.165252685546875
-0.331329345703125 0.534423828125 0.38861083984375 -0.3480224609375
-0.3934326171875 0.58062744140625 0.55059814453125 -0.5269775390625
-0.447235107421875 0.5330810546875 0.58355712890625 -0.6016845703125
-0.6336669921875 0.45599365234375 0.519012451171875 -0.516998291015625
-0.5487060546875 0.63287353515625 0.164764404296875 -0.435333251953125
-0.4403076171875 0.698486328125 -0.21197509765625 -0.2998046875
-0.321044921875 0.78668212890625 -0.464691162109375 -0.0469970703124999
0.0330810546875 0.67156982421875 -0.314300537109375 0.19036865234375
0.25390625 0.62188720703125 -0.124298095703125 0.344818115234375
0.407684326171875 0.462982177734375 -0.05841064453125 0.398284912109375
0.539764404296875 0.348175048828125 -0.129638671875 0.61053466796875
0.2230224609375 0.176666259765625 0.8485107421875 -0.01165771484375
0.096588134765625 0.189453125 0.65960693359375 0.02557373046875
0.0543060302734375 0.213592529296875 0.357208251953125 0.02398681640625
-0.08575439453125 0.21710205078125 0.359161376953125 -0.117645263671875
-0.183334350585937 0.273162841796875 0.370452880859375 -0.35687255859375
-0.205291748046875 0.327972412109375 0.54315185546875 -0.5975341796875
-0.238006591796875 0.289459228515625 0.64569091796875 -0.75616455078125
-0.349151611328125 0.26898193359375 0.63421630859375 -0.69049072265625
-0.309814453125 0.3775634765625 0.2347412109375 -0.64239501953125
-0.23858642578125 0.403350830078125 -0.19268798828125 -0.492889404296875
-0.183441162109375 0.442962646484375 -0.477874755859375 -0.163421630859375
0.01324462890625 0.367523193359375 -0.30755615234375 0.1741943359375
0.156646728515625 0.348236083984375 -0.0687255859375 0.40472412109375
0.23345947265625 0.267486572265625 0.07818603515625 0.4727783203125
0.306365966796875 0.199432373046875 0.0278930664062501 0.69195556640625
0.0146379470825195 -0.000489234924316406 -0.1788330078125 -0.651123046875
-0.0349845886230469 0.00901985168457032 -0.207733154296875 -0.518341064453125
-0.0284690856933594 0.0104637145996094 -0.012298583984375 -0.425933837890625
-0.0405387878417969 -0.000205993652343754 0.241592407226563 -0.180221557617188
-0.0253353118896484 -0.0244960784912109 0.394500732421875 0.20989990234375
-0.0157394409179688 -0.0870590209960938 0.220947265625 0.4921875
-0.0185089111328125 -0.0777053833007813 -0.24237060546875 0.70965576171875
-0.00856018066406249 -0.0948410034179688 -0.650390625 0.70947265625
0.017822265625 -0.104171752929688 -0.66290283203125 0.77130126953125
0.0269279479980469 -0.0621070861816406 -0.545654296875 0.64593505859375
0.0527687072753906 -0.0257911682128906 -0.326446533203125 0.391937255859375
0.00574588775634766 -0.0143194198608398 -0.289825439453125 0.132080078125
0.014094352722168 0.000669479370117188 -0.35888671875 -0.0450134277343749
-0.004547119140625 -0.0394821166992188 -0.5980224609375 -0.0535278320312499
0.0147132873535156 -0.0540809631347656 -0.91790771484375 -0.0396118164062498
0.311920166015625 0.143951416015625 -0.1505126953125 -0.6409912109375
0.198822021484375 0.2042236328125 -0.17205810546875 -0.5267333984375
0.176239013671875 0.31463623046875 0.0260009765625 -0.450439453125
-0.013671875 0.3720703125 0.275070190429687 -0.21380615234375
-0.17010498046875 0.378509521484375 0.39434814453125 0.17694091796875
-0.237152099609375 0.30499267578125 0.267333984375 0.45831298828125
-0.275131225585938 0.270217895507812 -0.1695556640625 0.68310546875
-0.344146728515625 0.14849853515625 -0.568603515625 0.67431640625
-0.239395141601562 0.168258666992188 -0.60888671875 0.7540283203125
-0.1820068359375 0.182968139648438 -0.5283203125 0.64630126953125
-0.129867553710937 0.217941284179688 -0.34027099609375 0.4010009765625
-0.068389892578125 0.195053100585938 -0.294281005859375 0.14288330078125
0.00868225097656249 0.208572387695313 -0.3433837890625 -0.04595947265625
0.08221435546875 0.159423828125 -0.5946044921875 -0.0626220703124999
0.225112915039062 0.12542724609375 -0.91107177734375 -0.0187988281249999
0.55450439453125 0.274627685546875 -0.0184326171875 -0.58905029296875
0.383087158203125 0.372650146484375 -0.037506103515625 -0.502777099609375
0.339599609375 0.57293701171875 0.114715576171875 -0.445404052734375
0.00366210937500001 0.6905517578125 0.3292236328125 -0.25592041015625
-0.29833984375 0.72967529296875 0.40142822265625 0.0767822265625
-0.4263916015625 0.65142822265625 0.3358154296875 0.314788818359375
-0.49053955078125 0.568115234375 -0.03875732421875 0.52166748046875
-0.63299560546875 0.36614990234375 -0.40289306640625 0.529388427734375
-0.476898193359375 0.433319091796875 -0.4957275390625 0.65057373046875
-0.38385009765625 0.44451904296875 -0.49151611328125 0.60430908203125
-0.30029296875 0.49530029296875 -0.36767578125 0.39959716796875
-0.11572265625 0.43603515625 -0.31011962890625 0.16510009765625
0.03765869140625 0.43585205078125 -0.342681884765625 -0.0133972167968749
0.192779541015625 0.356689453125 -0.58056640625 -0.0274047851562501
0.42169189453125 0.291168212890625 -0.85137939453125 0.05938720703125
0.69525146484375 0.36627197265625 0.182861328125 -0.496856689453125
0.474578857421875 0.484619140625 0.163177490234375 -0.43951416015625
0.41448974609375 0.73760986328125 0.2318115234375 -0.39752197265625
-0.000549316406249986 0.8873291015625 0.3917236328125 -0.28594970703125
-0.38983154296875 0.9520263671875 0.41131591796875 -0.0681457519531249
-0.5445556640625 0.8819580078125 0.413818359375 0.08154296875
-0.6224365234375 0.7646484375 0.128921508789062 0.25457763671875
-0.82623291015625 0.5274658203125 -0.173126220703125 0.29901123046875
-0.65252685546875 0.65576171875 -0.331512451171875 0.454010009765625
-0.53948974609375 0.69891357421875 -0.4276123046875 0.48223876953125
-0.41864013671875 0.78570556640625 -0.393402099609375 0.361846923828125
-0.10101318359375 0.68609619140625 -0.323944091796875 0.19207763671875
0.1209716796875 0.6541748046875 -0.331207275390625 0.059051513671875
0.329864501953125 0.518402099609375 -0.52783203125 0.0581665039062499
0.58746337890625 0.4093017578125 -0.72998046875 0.1900634765625
0.7122802734375 0.40093994140625 0.408966064453125 -0.37322998046875
0.4527587890625 0.517608642578125 0.37493896484375 -0.33270263671875
0.37786865234375 0.76153564453125 0.339019775390625 -0.304656982421875
-0.0483398437499999 0.90093994140625 0.437347412109375 -0.27880859375
-0.437255859375 0.97772216796875 0.415924072265625 -0.21197509765625
-0.58447265625 0.93682861328125 0.483184814453125 -0.178375244140625
-0.66265869140625 0.82135009765625 0.3055419921875 -0.0652160644531249
-0.89532470703125 0.60626220703125 0.0811080932617187 0.0147018432617188
-0.73455810546875 0.7896728515625 -0.145263671875 0.173309326171875
-0.61083984375 0.87005615234375 -0.347320556640625 0.261474609375
-0.4541015625 0.9901123046875 -0.42291259765625 0.263336181640625
-0.0373535156249999 0.85858154296875 -0.329681396484375 0.2117919921875
0.22564697265625 0.79254150390625 -0.283447265625 0.15960693359375
0.45001220703125 0.6043701171875 -0.41015625 0.17730712890625
0.687744140625 0.4605712890625 -0.550567626953125 0.345001220703125
0.6138916015625 0.3790283203125 0.61346435546875 -0.2366943359375
0.347381591796875 0.4669189453125 0.541717529296875 -0.200958251953125
0.25927734375 0.6478271484375 0.398284912109375 -0.17889404296875
-0.1046142578125 0.73516845703125 0.444091796875 -0.234893798828125
-0.4219970703125 0.81072998046875 0.40802001953125 -0.311676025390625
-0.5283203125 0.8187255859375 0.532867431640625 -0.398406982421875
-0.59844970703125 0.73309326171875 0.464111328125 -0.371612548828125
-0.82891845703125 0.5833740234375 0.324127197265625 -0.276763916015625
-0.69744873046875 0.7900390625 0.0292816162109375 -0.14678955078125
-0.57293701171875 0.88043212890625 -0.26971435546875 -0.0241088867187499
-0.41278076171875 1.00079345703125 -0.44879150390625 0.116119384765625
0.0223999023437499 0.86175537109375 -0.3250732421875 0.2115478515625
0.287353515625 0.78546142578125 -0.204666137695312 0.262283325195313
0.491455078125 0.5843505859375 -0.23846435546875 0.298919677734375
0.6767578125 0.43951416015625 -0.3353271484375 0.496551513671875
0.438873291015625 0.29736328125 0.76727294921875 -0.10968017578125
0.212005615234375 0.34814453125 0.63677978515625 -0.07183837890625
0.132843017578125 0.442901611328125 0.396575927734375 -0.06036376953125
-0.121551513671875 0.47576904296875 0.409454345703125 -0.172821044921875
-0.32818603515625 0.54461669921875 0.38958740234375 -0.354888916015625
-0.39044189453125 0.590576171875 0.551422119140625 -0.539459228515625
-0.447021484375 0.542572021484375 0.58404541015625 -0.6126708984375
-0.63592529296875 0.468017578125 0.519500732421875 -0.52880859375
-0.54669189453125 0.6473388671875 0.16259765625 -0.440521240234375
-0.43792724609375 0.7122802734375 -0.217315673828125 -0.299560546875
-0.31298828125 0.8009033203125 -0.469390869140625 -0.0419921874999999
0.04168701171875 0.67852783203125 -0.315093994140625 0.1962890625
0.26470947265625 0.6236572265625 -0.12127685546875 0.34857177734375
0.416748046875 0.46307373046875 -0.056549072265625 0.403228759765625
0.5465087890625 0.3443603515625 -0.12457275390625 0.6207275390625
0.22686767578125 0.176284790039062 0.85595703125 -0.020751953125
0.097869873046875 0.19122314453125 0.66717529296875 0.0185546875
0.0558013916015625 0.214080810546875 0.36212158203125 0.019683837890625
-0.084869384765625 0.219635009765625 0.3621826171875 -0.124267578125
-0.180938720703125 0.277725219726563 0.369171142578125 -0.365264892578125
-0.20330810546875 0.332855224609375 0.54278564453125 -0.60882568359375
-0.238372802734375 0.2955322265625 0.64410400390625 -0.77264404296875
-0.3504638671875 0.275238037109375 0.63458251953125 -0.70574951171875
-0.311309814453125 0.38568115234375 0.231201171875 -0.65191650390625
-0.236114501953125 0.410308837890625 -0.1995849609375 -0.496185302734375
-0.180633544921875 0.450042724609375 -0.48541259765625 -0.158660888671875
0.016876220703125 0.37249755859375 -0.30810546875 0.179046630859375
0.16290283203125 0.349517822265625 -0.064422607421875 0.4083251953125
0.23992919921875 0.268264770507813 0.081878662109375 0.47869873046875
0.311004638671875 0.197113037109375 0.0339355468750001 0.70074462890625
0.0142679214477539 -0.000375747680664063 -0.1873779296875 -0.65673828125
-0.0354499816894531 0.0104560852050781 -0.214569091796875 -0.519744873046875
-0.0282211303710938 0.0111446380615234 -0.01800537109375 -0.429595947265625
-0.0403251647949219 0.00154495239257813 0.241668701171875 -0.184127807617188
-0.0259838104248047 -0.024505615234375 0.401092529296875 0.20697021484375
-0.0174942016601562 -0.0883712768554688 0.228912353515625 0.491119384765625
-0.0202178955078125 -0.0785751342773438 -0.23760986328125 0.7193603515625
-0.0103988647460937 -0.0960159301757813 -0.6480712890625 0.72540283203125
0.0155105590820312 -0.105453491210938 -0.6624755859375 0.789794921875
0.0263481140136719 -0.0636444091796875 -0.542724609375 0.65740966796875
0.0529441833496094 -0.0274467468261719 -0.32452392578125 0.399871826171875
0.00590896606445312 -0.0142660140991211 -0.291900634765625 0.137237548828125
0.0150604248046875 0.000586509704589844 -0.362152099609375 -0.040679931640625
-0.00516891479492187 -0.0397453308105469 -0.603515625 -0.0457763671874999
0.0142097473144531 -0.0553131103515625 -0.92730712890625 -0.0289916992187498
0.31561279296875 0.142181396484375 -0.15966796875 -0.6451416015625
0.202865600585938 0.204055786132813 -0.17877197265625 -0.528778076171875
0.181854248046875 0.3157958984375 0.019256591796875 -0.453765869140625
-0.00811767578125 0.3770751953125 0.2744140625 -0.218826293945312
-0.167022705078125 0.3841552734375 0.4007568359375 0.172943115234375
-0.236602783203125 0.31085205078125 0.275115966796875 0.458404541015625
-0.275436401367188 0.275344848632813 -0.163818359375 0.69219970703125
-0.347076416015625 0.15423583984375 -0.56903076171875 0.68780517578125
-0.240341186523437 0.1724853515625 -0.60675048828125 0.7684326171875
-0.1812744140625 0.186187744140625 -0.52557373046875 0.65863037109375
-0.127471923828125 0.221099853515625 -0.3394775390625 0.40887451171875
-0.067047119140625 0.198272705078125 -0.294891357421875 0.1483154296875
0.012359619140625 0.209854125976563 -0.34649658203125 -0.041900634765625
0.0850067138671875 0.16064453125 -0.599853515625 -0.05657958984375
0.228668212890625 0.123184204101563 -0.91900634765625 -0.00775146484375013
0.56170654296875 0.271484375 -0.0253295898437499 -0.59307861328125
0.39068603515625 0.371307373046875 -0.0428466796875 -0.506927490234375
0.34893798828125 0.5740966796875 0.107574462890625 -0.4503173828125
0.0137939453125 0.69866943359375 0.330413818359375 -0.2625732421875
-0.29150390625 0.739501953125 0.406524658203125 0.071868896484375
-0.421875 0.66290283203125 0.34112548828125 0.31109619140625
-0.4886474609375 0.578857421875 -0.03375244140625 0.527923583984375
-0.63714599609375 0.37689208984375 -0.401885986328125 0.540283203125
-0.477508544921875 0.44207763671875 -0.49371337890625 0.6632080078125
-0.380523681640625 0.45306396484375 -0.4903564453125 0.61590576171875
-0.2974853515625 0.504425048828125 -0.36627197265625 0.407989501953125
-0.11187744140625 0.44244384765625 -0.31024169921875 0.170745849609375
0.043060302734375 0.4385986328125 -0.34466552734375 -0.00958251953124992
0.198486328125 0.358367919921875 -0.5867919921875 -0.0205078125
0.4298095703125 0.287628173828125 -0.8570556640625 0.0721435546874998
0.703369140625 0.3623046875 0.178436279296875 -0.5029296875
0.482635498046875 0.4842529296875 0.161529541015625 -0.444793701171875
0.42578125 0.73785400390625 0.227325439453125 -0.405303955078125
0.0100708007812501 0.89739990234375 0.3916015625 -0.295166015625
-0.380126953125 0.96856689453125 0.41510009765625 -0.0740966796874999
-0.54095458984375 0.89862060546875 0.417755126953125 0.0758666992187501
-0.6207275390625 0.780029296875 0.1339111328125 0.255477905273438
-0.829345703125 0.54388427734375 -0.172119140625 0.304840087890625
-0.65142822265625 0.66864013671875 -0.33013916015625 0.462921142578125
-0.53521728515625 0.71234130859375 -0.42498779296875 0.49371337890625
-0.41082763671875 0.79730224609375 -0.39398193359375 0.37237548828125
-0.09326171875 0.6956787109375 -0.3245849609375 0.19921875
0.1307373046875 0.6575927734375 -0.332733154296875 0.0626525878906251
0.338470458984375 0.518707275390625 -0.532684326171875 0.0673217773437501
0.59954833984375 0.404541015625 -0.73406982421875 0.202392578125
0.72222900390625 0.3980712890625 0.407135009765625 -0.381622314453125
0.461639404296875 0.519439697265625 0.37359619140625 -0.340362548828125
0.3892822265625 0.76348876953125 0.337921142578125 -0.31207275390625
-0.0384521484374999 0.90850830078125 0.437744140625 -0.28759765625
-0.42901611328125 0.99163818359375 0.41796875 -0.218231201171875
-0.57763671875 0.95355224609375 0.485076904296875 -0.187896728515625
-0.6585693359375 0.837646484375 0.308197021484375 -0.0693054199218749
-0.8985595703125 0.6221923828125 0.0816268920898437 0.014739990234375
-0.73370361328125 0.8055419921875 -0.14483642578125 0.177780151367188
-0.6068115234375 0.88525390625 -0.347198486328125 0.26947021484375
-0.44683837890625 1.00604248046875 -0.423370361328125 0.273681640625
-0.0277099609374999 0.86834716796875 -0.3294677734375 0.21820068359375
0.2374267578125 0.795654296875 -0.28271484375 0.163299560546875
0.46075439453125 0.60577392578125 -0.413238525390625 0.1856689453125
0.697998046875 0.4544677734375 -0.55218505859375 0.357177734375
0.62249755859375 0.3740234375 0.61590576171875 -0.246337890625
0.355255126953125 0.467987060546875 0.54608154296875 -0.20977783203125
0.27044677734375 0.65032958984375 0.400909423828125 -0.186492919921875
-0.0957641601562501 0.74249267578125 0.445709228515625 -0.242919921875
-0.4144287109375 0.8240966796875 0.408416748046875 -0.318267822265625
-0.5233154296875 0.833984375 0.533294677734375 -0.408935546875
-0.59552001953125 0.74737548828125 0.46405029296875 -0.380218505859375
-0.83111572265625 0.59906005859375 0.324188232421875 -0.284149169921875
-0.69464111328125 0.807861328125 0.0276947021484375 -0.147354125976562
-0.5662841796875 0.89617919921875 -0.272415161132813 -0.020050048828125
-0.4017333984375 1.0184326171875 -0.452423095703125 0.123382568359375
0.0341796874999999 0.87091064453125 -0.32513427734375 0.218536376953125
0.30133056640625 0.788330078125 -0.202392578125 0.265716552734375
0.50286865234375 0.58392333984375 -0.237945556640625 0.30615234375
0.68975830078125 0.43499755859375 -0.333343505859375 0.507598876953125
0.444091796875 0.29644775390625 0.7713623046875 -0.120849609375
0.21673583984375 0.348846435546875 0.6412353515625 -0.0809326171875
0.13897705078125 0.444580078125 0.3997802734375 -0.066070556640625
-0.11834716796875 0.481475830078125 0.412109375 -0.179656982421875
-0.324310302734375 0.552978515625 0.390045166015625 -0.361968994140625
-0.3853759765625 0.6004638671875 0.54949951171875 -0.55206298828125
-0.44573974609375 0.55291748046875 0.5821533203125 -0.6275634765625
-0.6376953125 0.47894287109375 0.518890380859375 -0.5400390625
-0.5435791015625 0.65777587890625 0.16009521484375 -0.4459228515625
-0.432861328125 0.72393798828125 -0.22198486328125 -0.298675537109375
-0.30584716796875 0.81353759765625 -0.47540283203125 -0.0345153808593749
0.04937744140625 0.68707275390625 -0.315582275390625 0.201934814453125
0.27520751953125 0.6259765625 -0.11749267578125 0.351898193359375
0.427886962890625 0.462921142578125 -0.0544433593749999 0.408660888671875
0.556488037109375 0.339324951171875 -0.11895751953125 0.63018798828125
0.22991943359375 0.17523193359375 0.86224365234375 -0.03070068359375
0.100082397460937 0.191818237304687 0.67327880859375 0.00762939453125001
0.057525634765625 0.214797973632813 0.3668212890625 0.015655517578125
-0.0835723876953125 0.222137451171875 0.364654541015625 -0.130706787109375
-0.178985595703125 0.281982421875 0.368804931640625 -0.37213134765625
-0.201080322265625 0.33795166015625 0.5401611328125 -0.6219482421875
-0.237701416015625 0.301971435546875 0.64007568359375 -0.78656005859375
-0.35260009765625 0.282989501953125 0.6324462890625 -0.72174072265625
-0.308929443359375 0.392974853515625 0.22613525390625 -0.65814208984375
-0.233551025390625 0.41729736328125 -0.206573486328125 -0.49700927734375
-0.175079345703125 0.457763671875 -0.491668701171875 -0.15362548828125
0.020904541015625 0.376312255859375 -0.309478759765625 0.18438720703125
0.169281005859375 0.3497314453125 -0.058868408203125 0.412445068359375
0.24603271484375 0.267669677734375 0.0863037109375 0.481903076171875
0.3155517578125 0.19476318359375 0.04150390625 0.7073974609375
0.0133943557739258 -0.000530242919921875 -0.19842529296875 -0.66180419921875
-0.0354995727539063 0.0115852355957031 -0.2222900390625 -0.5220947265625
-0.0277233123779297 0.0121059417724609 -0.025390625 -0.43243408203125
-0.0403709411621094 0.00332260131835938 0.2418212890625 -0.188735961914062
-0.026611328125 -0.0240516662597656 0.40838623046875 0.2015380859375
-0.019561767578125 -0.0891952514648437 0.237060546875 0.4921875
-0.0222625732421875 -0.080108642578125 -0.2305908203125 0.73089599609375
-0.0128555297851562 -0.09722900390625 -0.64666748046875 0.7440185546875
0.0129776000976563 -0.106758117675781 -0.65948486328125 0.80511474609375
0.0254440307617188 -0.0648269653320313 -0.53973388671875 0.670654296875
0.0536270141601563 -0.0283927917480469 -0.321746826171875 0.407073974609375
0.00603199005126953 -0.0136566162109375 -0.29278564453125 0.143157958984375
0.0156021118164062 0.000562667846679687 -0.365325927734375 -0.0350341796875
-0.00618362426757813 -0.0397720336914063 -0.60968017578125 -0.037353515625
0.0132026672363281 -0.05712890625 -0.935791015625 -0.0144042968750001
0.319244384765625 0.1392822265625 -0.16949462890625 -0.6492919921875
0.20770263671875 0.203765869140625 -0.186431884765625 -0.530853271484375
0.1885986328125 0.316375732421875 0.01129150390625 -0.458831787109375
-0.00289916992187496 0.38238525390625 0.2733154296875 -0.224136352539062
-0.16302490234375 0.39080810546875 0.40655517578125 0.168121337890625
-0.23565673828125 0.316375732421875 0.284027099609375 0.457611083984375
-0.2750244140625 0.28216552734375 -0.15496826171875 0.70068359375
-0.34918212890625 0.160064697265625 -0.5655517578125 0.7047119140625
-0.24188232421875 0.176712036132813 -0.60333251953125 0.7843017578125
-0.180419921875 0.189468383789062 -0.5220947265625 0.6724853515625
-0.124771118164062 0.225021362304688 -0.337371826171875 0.41680908203125
-0.06494140625 0.201629638671875 -0.295654296875 0.154571533203125
0.0157623291015625 0.211700439453125 -0.34912109375 -0.0377197265624999
0.0870819091796875 0.16168212890625 -0.60565185546875 -0.0459594726562499
0.232254028320313 0.11968994140625 -0.9278564453125 0.0066528320312502
0.56805419921875 0.26483154296875 -0.0328979492187499 -0.59857177734375
0.398590087890625 0.370819091796875 -0.048553466796875 -0.511322021484375
0.36248779296875 0.5751953125 0.102508544921875 -0.455474853515625
0.0241088867187499 0.7076416015625 0.329010009765625 -0.268890380859375
-0.28436279296875 0.75262451171875 0.4124755859375 0.0657958984375
-0.418212890625 0.67547607421875 0.347991943359375 0.307891845703125
-0.4864501953125 0.59112548828125 -0.0270996093750001 0.532989501953125
-0.6387939453125 0.3900146484375 -0.397430419921875 0.552459716796875
-0.475555419921875 0.451263427734375 -0.49041748046875 0.6759033203125
-0.3790283203125 0.461181640625 -0.48590087890625 0.6300048828125
-0.291259765625 0.512725830078125 -0.365936279296875 0.41693115234375
-0.107025146484375 0.449554443359375 -0.31024169921875 0.17755126953125
0.051239013671875 0.441314697265625 -0.34747314453125 -0.00540161132812498
0.2032470703125 0.359588623046875 -0.59259033203125 -0.0116577148437499
0.439239501953125 0.28155517578125 -0.86505126953125 0.0849609374999999
0.71478271484375 0.3553466796875 0.17388916015625 -0.50897216796875
0.49285888671875 0.4827880859375 0.157928466796875 -0.4510498046875
0.44171142578125 0.73956298828125 0.222991943359375 -0.41119384765625
0.023193359375 0.90655517578125 0.391021728515625 -0.303253173828125
-0.37042236328125 0.98175048828125 0.41912841796875 -0.081573486328125
-0.53399658203125 0.91326904296875 0.42205810546875 0.0676269531250001
-0.61590576171875 0.7962646484375 0.138336181640625 0.256332397460938
-0.8311767578125 0.56048583984375 -0.170623779296875 0.310577392578125
-0.6485595703125 0.68505859375 -0.327545166015625 0.473388671875
-0.53155517578125 0.7249755859375 -0.42193603515625 0.50537109375
-0.40234375 0.81182861328125 -0.392730712890625 0.381866455078125
-0.08612060546875 0.70526123046875 -0.324005126953125 0.20550537109375
0.14208984375 0.6617431640625 -0.333831787109375 0.067138671875
0.347503662109375 0.5201416015625 -0.537109375 0.0765075683593749
0.61016845703125 0.39788818359375 -0.737548828125 0.217529296875
0.733154296875 0.3914794921875 0.405609130859375 -0.390655517578125
0.47235107421875 0.5181884765625 0.37548828125 -0.3497314453125
0.40447998046875 0.76434326171875 0.337310791015625 -0.319671630859375
-0.0250244140625001 0.91778564453125 0.437469482421875 -0.297943115234375
-0.417724609375 1.00958251953125 0.41851806640625 -0.2275390625
-0.5706787109375 0.970458984375 0.4857177734375 -0.198394775390625
-0.65313720703125 0.85113525390625 0.31097412109375 -0.0745239257812499
-0.9007568359375 0.6424560546875 0.082183837890625 0.0139541625976563
-0.7291259765625 0.8223876953125 -0.143951416015625 0.182327270507813
-0.59991455078125 0.90252685546875 -0.346099853515625 0.278533935546875
-0.4332275390625 1.02154541015625 -0.423370361328125 0.282745361328125
-0.0162353515625001 0.87872314453125 -0.328704833984375 0.22491455078125
0.2523193359375 0.7998046875 -0.28253173828125 0.166748046875
0.47222900390625 0.60345458984375 -0.416107177734375 0.1943359375
0.7130126953125 0.44879150390625 -0.552642822265625 0.369720458984375
0.631591796875 0.36932373046875 0.6197509765625 -0.25592041015625
0.364013671875 0.468170166015625 0.549041748046875 -0.219329833984375
0.28094482421875 0.65216064453125 0.40185546875 -0.194732666015625
-0.0855712890625 0.75244140625 0.44580078125 -0.2525634765625
-0.40478515625 0.8382568359375 0.408538818359375 -0.326385498046875
-0.516357421875 0.84796142578125 0.53076171875 -0.422119140625
-0.5914306640625 0.76397705078125 0.4658203125 -0.390838623046875
-0.83251953125 0.6173095703125 0.323394775390625 -0.291015625
-0.6888427734375 0.82330322265625 0.026397705078125 -0.148391723632812
-0.56011962890625 0.9119873046875 -0.27471923828125 -0.0152587890624999
-0.3897705078125 1.03546142578125 -0.453765869140625 0.133056640625
0.04718017578125 0.87969970703125 -0.324432373046875 0.225067138671875
0.31536865234375 0.7900390625 -0.199432373046875 0.269760131835938
0.51678466796875 0.5849609375 -0.237884521484375 0.3133544921875
0.702392578125 0.42724609375 -0.3297119140625 0.51763916015625
0.449951171875 0.29229736328125 0.7755126953125 -0.132568359375
0.222747802734375 0.34832763671875 0.6474609375 -0.091552734375
0.14471435546875 0.44482421875 0.403839111328125 -0.073089599609375
-0.113189697265625 0.486572265625 0.41375732421875 -0.18768310546875
-0.31793212890625 0.56292724609375 0.387969970703125 -0.37158203125
-0.38153076171875 0.610595703125 0.546630859375 -0.56573486328125
-0.4437255859375 0.5662841796875 0.5789794921875 -0.6417236328125
-0.637451171875 0.4935302734375 0.51708984375 -0.55322265625
-0.5401611328125 0.67315673828125 0.156158447265625 -0.451019287109375
-0.42535400390625 0.73590087890625 -0.228057861328125 -0.297393798828125
-0.29620361328125 0.82550048828125 -0.479766845703125 -0.0269775390625001
0.059814453125 0.69482421875 -0.31500244140625 0.2081298828125
0.2882080078125 0.62786865234375 -0.112884521484375 0.355133056640625
0.438934326171875 0.462127685546875 -0.0503540039062499 0.41522216796875
0.56683349609375 0.3336181640625 -0.11279296875 0.6392822265625
0.232650756835937 0.17449951171875 0.87103271484375 -0.04473876953125
0.102493286132812 0.192764282226563 0.68133544921875 -0.00183105468749999
0.0594635009765625 0.215042114257813 0.371002197265625 0.0103759765625
-0.081756591796875 0.224395751953125 0.366241455078125 -0.137725830078125
-0.17547607421875 0.28704833984375 0.36749267578125 -0.38006591796875
-0.196380615234375 0.342041015625 0.53790283203125 -0.6341552734375
-0.23681640625 0.30816650390625 0.63555908203125 -0.80340576171875
-0.35272216796875 0.29095458984375 0.63006591796875 -0.73870849609375
-0.30633544921875 0.40032958984375 0.22064208984375 -0.666748046875
-0.2288818359375 0.4246826171875 -0.21539306640625 -0.498291015625
-0.170928955078125 0.46575927734375 -0.498291015625 -0.146759033203125
0.0267333984375 0.380645751953125 -0.3092041015625 0.190521240234375
0.1766357421875 0.350372314453125 -0.053619384765625 0.415802001953125
0.25299072265625 0.267425537109375 0.093353271484375 0.4857177734375
0.320648193359375 0.19134521484375 0.0505371093749999 0.715576171875
0.0131711959838867 -0.00067138671875 -0.2105712890625 -0.66583251953125
-0.0351791381835938 0.0124702453613281 -0.23175048828125 -0.52288818359375
-0.0271835327148438 0.0131855010986328 -0.03326416015625 -0.434814453125
-0.0400962829589844 0.00506210327148438 0.239852905273438 -0.193023681640625
-0.0271472930908203 -0.0239334106445313 0.414398193359375 0.195404052734375
-0.021636962890625 -0.0902328491210938 0.245025634765625 0.490936279296875
-0.0245742797851562 -0.0806808471679688 -0.2218017578125 0.73907470703125
-0.0153427124023437 -0.0982589721679688 -0.641845703125 0.760986328125
0.0099029541015625 -0.108169555664063 -0.6514892578125 0.82135009765625
0.0242195129394531 -0.0661659240722656 -0.53265380859375 0.68414306640625
0.0536994934082031 -0.0302963256835938 -0.318389892578125 0.416107177734375
0.00618076324462891 -0.0137243270874023 -0.2926025390625 0.149261474609375
0.0163774490356445 0.000208854675292969 -0.368011474609375 -0.0290832519531249
-0.00687789916992187 -0.0398521423339844 -0.61602783203125 -0.0277099609375
0.0120124816894531 -0.0581626892089844 -0.9443359375 0.00091552734375019
0.32373046875 0.136688232421875 -0.1783447265625 -0.6527099609375
0.212997436523438 0.20233154296875 -0.19427490234375 -0.531646728515625
0.1956787109375 0.317138671875 0.00308227539062496 -0.4619140625
0.00363159179687497 0.38665771484375 0.2723388671875 -0.230056762695312
-0.15777587890625 0.396575927734375 0.412933349609375 0.16217041015625
-0.2327880859375 0.3232421875 0.2923583984375 0.4556884765625
-0.273406982421875 0.287933349609375 -0.14617919921875 0.7099609375
-0.351226806640625 0.1673583984375 -0.560791015625 0.7210693359375
-0.241867065429687 0.181900024414063 -0.5953369140625 0.79962158203125
-0.178619384765625 0.19305419921875 -0.51458740234375 0.6890869140625
-0.121414184570313 0.22808837890625 -0.33380126953125 0.42498779296875
-0.062255859375 0.204544067382813 -0.295379638671875 0.1612548828125
0.0197601318359375 0.212356567382813 -0.35205078125 -0.031951904296875
0.089447021484375 0.161346435546875 -0.61151123046875 -0.03765869140625
0.235946655273437 0.115982055664062 -0.93450927734375 0.0223388671875002
0.57672119140625 0.26068115234375 -0.0421142578124999 -0.60260009765625
0.408660888671875 0.368072509765625 -0.054962158203125 -0.514923095703125
0.37396240234375 0.573974609375 0.094635009765625 -0.460906982421875
0.035400390625 0.71270751953125 0.326751708984375 -0.276123046875
-0.271728515625 0.76446533203125 0.41705322265625 0.0587463378906251
-0.41119384765625 0.6865234375 0.3548583984375 0.3048095703125
-0.48065185546875 0.6031494140625 -0.018890380859375 0.536651611328125
-0.639892578125 0.40435791015625 -0.3944091796875 0.56573486328125
-0.47296142578125 0.462249755859375 -0.4853515625 0.68902587890625
-0.3736572265625 0.46917724609375 -0.47845458984375 0.6435546875
-0.283935546875 0.522064208984375 -0.36181640625 0.427734375
-0.100189208984375 0.455810546875 -0.309356689453125 0.184661865234375
0.05792236328125 0.4427490234375 -0.34918212890625 -0.000152587890625049
0.2103271484375 0.35888671875 -0.5977783203125 -0.00134277343750005
0.4461669921875 0.27642822265625 -0.8712158203125 0.10137939453125
0.72430419921875 0.348876953125 0.16748046875 -0.515625
0.503814697265625 0.47991943359375 0.1539306640625 -0.455718994140625
0.45587158203125 0.73834228515625 0.217041015625 -0.419097900390625
0.0380249023437501 0.9136962890625 0.3896484375 -0.313568115234375
-0.3572998046875 0.99688720703125 0.4207763671875 -0.0894165039062499
-0.52581787109375 0.92974853515625 0.42498779296875 0.0615844726562501
-0.609619140625 0.8106689453125 0.144546508789062 0.256546020507813
-0.83184814453125 0.577880859375 -0.168060302734375 0.31683349609375
-0.644287109375 0.70068359375 -0.32373046875 0.481475830078125
-0.52398681640625 0.7388916015625 -0.416412353515625 0.51751708984375
-0.39007568359375 0.82537841796875 -0.38873291015625 0.39178466796875
-0.07635498046875 0.71240234375 -0.32257080078125 0.21295166015625
0.15283203125 0.66259765625 -0.3338623046875 0.0721435546875
0.358306884765625 0.52001953125 -0.542327880859375 0.0868835449218749
0.62188720703125 0.39166259765625 -0.7403564453125 0.23187255859375
0.74322509765625 0.38397216796875 0.403900146484375 -0.399444580078125
0.482696533203125 0.515472412109375 0.37420654296875 -0.35723876953125
0.4178466796875 0.7637939453125 0.3349609375 -0.328460693359375
-0.00994873046874992 0.92498779296875 0.43701171875 -0.307159423828125
-0.4041748046875 1.0228271484375 0.41845703125 -0.23577880859375
-0.56146240234375 0.98651123046875 0.486785888671875 -0.208709716796875
-0.6451416015625 0.87054443359375 0.31231689453125 -0.0797119140624999
-0.89959716796875 0.66162109375 0.0828399658203124 0.012664794921875
-0.7218017578125 0.8399658203125 -0.143463134765625 0.187225341796875
-0.58917236328125 0.9178466796875 -0.343475341796875 0.28692626953125
-0.4190673828125 1.038818359375 -0.421844482421875 0.294158935546875
-0.00354003906250002 0.88629150390625 -0.32763671875 0.2320556640625
0.2672119140625 0.79949951171875 -0.281280517578125 0.171173095703125
0.48724365234375 0.60101318359375 -0.416839599609375 0.20355224609375
0.725341796875 0.4393310546875 -0.549896240234375 0.382720947265625
0.64178466796875 0.36273193359375 0.62091064453125 -0.26715087890625
0.37213134765625 0.466400146484375 0.551422119140625 -0.228515625
0.29034423828125 0.65191650390625 0.401824951171875 -0.20318603515625
-0.0756225585937501 0.75811767578125 0.44610595703125 -0.262451171875
-0.39349365234375 0.85211181640625 0.406097412109375 -0.337554931640625
-0.506103515625 0.86248779296875 0.52679443359375 -0.43548583984375
-0.584228515625 0.78131103515625 0.46368408203125 -0.400604248046875
-0.83001708984375 0.6346435546875 0.321563720703125 -0.299163818359375
-0.680419921875 0.84100341796875 0.0242004394531249 -0.149215698242187
-0.54791259765625 0.92791748046875 -0.276504516601563 -0.00976562499999994
-0.3756103515625 1.04901123046875 -0.4554443359375 0.142333984375
0.06121826171875 0.8870849609375 -0.322021484375 0.232086181640625
0.33233642578125 0.79010009765625 -0.195831298828125 0.273590087890625
0.5283203125 0.57928466796875 -0.235565185546875 0.32086181640625
0.71453857421875 0.41748046875 -0.32427978515625 0.5299072265625
0.456787109375 0.287994384765625 0.77947998046875 -0.14483642578125
0.228240966796875 0.34893798828125 0.652587890625 -0.103271484375
0.151947021484375 0.44659423828125 0.40673828125 -0.080718994140625
-0.10699462890625 0.491729736328125 0.41339111328125 -0.1971435546875
-0.31121826171875 0.57177734375 0.385345458984375 -0.379913330078125
-0.3739013671875 0.62091064453125 0.5408935546875 -0.5777587890625
-0.43780517578125 0.57818603515625 0.573974609375 -0.656005859375
-0.63800048828125 0.508056640625 0.51287841796875 -0.56646728515625
-0.53338623046875 0.68646240234375 0.1502685546875 -0.4560546875
-0.41754150390625 0.7484130859375 -0.2340087890625 -0.295318603515625
-0.28466796875 0.83880615234375 -0.48406982421875 -0.0178527832031249
0.07080078125 0.6993408203125 -0.3135986328125 0.21453857421875
0.3004150390625 0.62664794921875 -0.10784912109375 0.35809326171875
0.44879150390625 0.45849609375 -0.0447692871093749 0.419464111328125
0.57666015625 0.32550048828125 -0.10406494140625 0.64898681640625
0.236572265625 0.172210693359375 0.8763427734375 -0.057373046875
0.104949951171875 0.193527221679688 0.6868896484375 -0.01507568359375
0.0627899169921875 0.215179443359375 0.37506103515625 0.00399780273437501
-0.079559326171875 0.227264404296875 0.367034912109375 -0.14605712890625
-0.171600341796875 0.29132080078125 0.363616943359375 -0.389007568359375
-0.1925048828125 0.34808349609375 0.530029296875 -0.6483154296875
-0.234588623046875 0.31512451171875 0.6273193359375 -0.81890869140625
-0.35107421875 0.299835205078125 0.6236572265625 -0.75616455078125
-0.301910400390625 0.409423828125 0.21478271484375 -0.67510986328125
-0.223907470703125 0.431793212890625 -0.2249755859375 -0.497161865234375
-0.163055419921875 0.4742431640625 -0.504241943359375 -0.138885498046875
0.032196044921875 0.3846435546875 -0.308319091796875 0.196563720703125
0.18450927734375 0.34893798828125 -0.047332763671875 0.419097900390625
0.259933471679687 0.265060424804688 0.099639892578125 0.488861083984375
0.32568359375 0.187286376953125 0.06085205078125 0.72393798828125
0.0125246047973633 -0.000738143920898438 -0.22186279296875 -0.66888427734375
-0.0350055694580078 0.0135326385498047 -0.24169921875 -0.52349853515625
-0.0263900756835937 0.0139350891113281 -0.04144287109375 -0.435150146484375
-0.0398902893066406 0.006988525390625 0.2381591796875 -0.197540283203125
-0.0276432037353516 -0.0236225128173828 0.42120361328125 0.18865966796875
-0.0241546630859375 -0.0906753540039062 0.2545166015625 0.4903564453125
-0.0271682739257812 -0.0816421508789063 -0.21112060546875 0.74798583984375
-0.0181732177734375 -0.0991744995117187 -0.63494873046875 0.77947998046875
0.006683349609375 -0.108787536621094 -0.641845703125 0.83770751953125
0.0230979919433594 -0.0676116943359375 -0.52239990234375 0.69873046875
0.0537376403808594 -0.0315017700195312 -0.31280517578125 0.42230224609375
0.00640773773193359 -0.0134506225585938 -0.292205810546875 0.15557861328125
0.0172786712646484 -0.000376701354980469 -0.370697021484375 -0.022247314453125
-0.00749588012695313 -0.0399513244628906 -0.62054443359375 -0.01702880859375
0.0107994079589844 -0.0602264404296875 -0.94830322265625 0.0181884765624999
0.326812744140625 0.13226318359375 -0.19036865234375 -0.65380859375
0.216812133789062 0.201141357421875 -0.203643798828125 -0.5328369140625
0.20306396484375 0.3153076171875 -0.00643920898437501 -0.46258544921875
0.011474609375 0.389129638671875 0.269332885742188 -0.235092163085937
-0.150726318359375 0.4022216796875 0.419464111328125 0.15472412109375
-0.2293701171875 0.329559326171875 0.30047607421875 0.451904296875
-0.271240234375 0.294586181640625 -0.135498046875 0.71722412109375
-0.35162353515625 0.17431640625 -0.55230712890625 0.737548828125
-0.241592407226563 0.186203002929687 -0.58624267578125 0.8175048828125
-0.176254272460938 0.19586181640625 -0.50494384765625 0.70013427734375
-0.11749267578125 0.231292724609375 -0.328887939453125 0.43389892578125
-0.058929443359375 0.207778930664063 -0.294097900390625 0.168182373046875
0.024200439453125 0.21270751953125 -0.353485107421875 -0.0265197753906251
0.09259033203125 0.161178588867188 -0.6171875 -0.0249633789062499
0.239654541015625 0.111495971679688 -0.93939208984375 0.0392456054687499
0.58404541015625 0.25311279296875 -0.05328369140625 -0.6063232421875
0.41693115234375 0.363067626953125 -0.062591552734375 -0.515655517578125
0.387939453125 0.57061767578125 0.08551025390625 -0.464874267578125
0.04876708984375 0.71673583984375 0.323394775390625 -0.284698486328125
-0.2607421875 0.77459716796875 0.42083740234375 0.051300048828125
-0.40289306640625 0.69927978515625 0.361114501953125 0.298004150390625
-0.47454833984375 0.6148681640625 -0.00888061523437508 0.540924072265625
-0.63720703125 0.41900634765625 -0.38873291015625 0.575927734375
-0.46783447265625 0.47442626953125 -0.47601318359375 0.70233154296875
-0.36700439453125 0.477325439453125 -0.470458984375 0.6552734375
-0.275360107421875 0.5302734375 -0.355682373046875 0.436981201171875
-0.0939636230468749 0.46051025390625 -0.307830810546875 0.19134521484375
0.0677490234375 0.4434814453125 -0.35040283203125 0.00494384765625
0.21710205078125 0.35858154296875 -0.60211181640625 0.0108642578124999
0.45355224609375 0.26788330078125 -0.87255859375 0.119384765625
0.73260498046875 0.33966064453125 0.159881591796875 -0.520538330078125
0.515472412109375 0.47540283203125 0.147918701171875 -0.463409423828125
0.4715576171875 0.734619140625 0.2091064453125 -0.426055908203125
0.0536499023437501 0.9188232421875 0.384429931640625 -0.321746826171875
-0.340087890625 1.01007080078125 0.422607421875 -0.0977478027343749
-0.5113525390625 0.94677734375 0.42779541015625 0.0533752441406251
-0.6002197265625 0.82708740234375 0.150497436523437 0.255508422851563
-0.82684326171875 0.5972900390625 -0.163604736328125 0.322784423828125
-0.6353759765625 0.715087890625 -0.318115234375 0.4913330078125
-0.51300048828125 0.7506103515625 -0.40985107421875 0.52838134765625
-0.37713623046875 0.8380126953125 -0.38446044921875 0.402069091796875
-0.0638427734375001 0.71978759765625 -0.31982421875 0.220184326171875
0.16558837890625 0.6640625 -0.33380126953125 0.076995849609375
0.369598388671875 0.5167236328125 -0.54388427734375 0.0980224609375
0.6324462890625 0.379150390625 -0.73974609375 0.24664306640625
0.75238037109375 0.373291015625 0.3990478515625 -0.408416748046875
0.492095947265625 0.5103759765625 0.371063232421875 -0.36676025390625
0.43328857421875 0.76068115234375 0.330474853515625 -0.337188720703125
0.00506591796874994 0.93255615234375 0.433319091796875 -0.319610595703125
-0.38623046875 1.03778076171875 0.41790771484375 -0.245758056640625
-0.546875 1.0018310546875 0.48431396484375 -0.22076416015625
-0.63543701171875 0.8878173828125 0.3135986328125 -0.0857238769531249
-0.8944091796875 0.68035888671875 0.0832443237304687 0.0118255615234375
-0.7119140625 0.85833740234375 -0.140701293945313 0.191497802734375
-0.57550048828125 0.9349365234375 -0.34075927734375 0.2952880859375
-0.4010009765625 1.05267333984375 -0.419281005859375 0.303466796875
0.0135498046875001 0.89410400390625 -0.323638916015625 0.239227294921875
0.283203125 0.79998779296875 -0.27947998046875 0.17578125
0.50030517578125 0.5972900390625 -0.417144775390625 0.213714599609375
0.738037109375 0.4271240234375 -0.547210693359375 0.397491455078125
0.65045166015625 0.3546142578125 0.61871337890625 -0.27996826171875
0.38134765625 0.46337890625 0.550384521484375 -0.241363525390625
0.3038330078125 0.6492919921875 0.401580810546875 -0.211822509765625
-0.0626220703125 0.76409912109375 0.44390869140625 -0.272735595703125
-0.3814697265625 0.86334228515625 0.403045654296875 -0.345733642578125
-0.49517822265625 0.87518310546875 0.5225830078125 -0.4473876953125
-0.5743408203125 0.79547119140625 0.458831787109375 -0.411712646484375
-0.827392578125 0.65484619140625 0.3177490234375 -0.306182861328125
-0.67205810546875 0.85906982421875 0.0219726562499999 -0.149627685546875
-0.5357666015625 0.94329833984375 -0.277725219726563 -0.00431823730468739
-0.35748291015625 1.06573486328125 -0.4560546875 0.1536865234375
0.0774536132812499 0.8919677734375 -0.319061279296875 0.23895263671875
0.349365234375 0.787109375 -0.191909790039062 0.276901245117188
0.54290771484375 0.573486328125 -0.23333740234375 0.328277587890625
0.72723388671875 0.40521240234375 -0.31640625 0.540740966796875
0.464080810546875 0.28326416015625 0.78411865234375 -0.15863037109375
0.234619140625 0.348785400390625 0.65496826171875 -0.11590576171875
0.15887451171875 0.445526123046875 0.408233642578125 -0.088958740234375
-0.1007080078125 0.49639892578125 0.4130859375 -0.20660400390625
-0.30169677734375 0.580810546875 0.38037109375 -0.388946533203125
-0.36431884765625 0.63177490234375 0.53497314453125 -0.592041015625
-0.43017578125 0.58941650390625 0.56573486328125 -0.66998291015625
-0.6331787109375 0.523681640625 0.50750732421875 -0.58154296875
-0.52490234375 0.6998291015625 0.144927978515625 -0.460479736328125
-0.40765380859375 0.760498046875 -0.24017333984375 -0.29193115234375
-0.269775390625 0.85125732421875 -0.48675537109375 -0.00802612304687495
0.0829467773437501 0.70440673828125 -0.311248779296875 0.220947265625
0.314697265625 0.62408447265625 -0.10113525390625 0.36163330078125
0.462188720703125 0.454071044921875 -0.03900146484375 0.423736572265625
0.58526611328125 0.31787109375 -0.0921020507812499 0.65631103515625
0.240127563476563 0.169036865234375 0.8787841796875 -0.07293701171875
0.10791015625 0.1937255859375 0.69134521484375 -0.02783203125
0.065032958984375 0.214828491210937 0.378326416015625 -0.00341796874999999
-0.07696533203125 0.22894287109375 0.367767333984375 -0.154144287109375
-0.1668701171875 0.29595947265625 0.359405517578125 -0.39697265625
-0.18792724609375 0.352935791015625 0.5211181640625 -0.6622314453125
-0.230621337890625 0.321990966796875 0.61773681640625 -0.83612060546875
-0.3494873046875 0.307525634765625 0.61492919921875 -0.7725830078125
-0.29693603515625 0.4176025390625 0.2047119140625 -0.680908203125
-0.217376708984375 0.438720703125 -0.233642578125 -0.495361328125
-0.156005859375 0.4805908203125 -0.511199951171875 -0.13031005859375
0.0390625 0.3870849609375 -0.30621337890625 0.203155517578125
0.192535400390625 0.34698486328125 -0.0399169921875 0.42138671875
0.267074584960938 0.261627197265625 0.1085205078125 0.491607666015625
0.330230712890625 0.182464599609375 0.0736083984374999 0.72833251953125
0.0118331909179688 -0.000710487365722656 -0.23419189453125 -0.66912841796875
-0.0347270965576172 0.0147533416748047 -0.250213623046875 -0.522369384765625
-0.0254268646240234 0.0147857666015625 -0.051055908203125 -0.43597412109375
-0.0385856628417969 0.00886917114257813 0.235275268554688 -0.20245361328125
-0.0282115936279297 -0.0232410430908203 0.425933837890625 0.18084716796875
-0.02667236328125 -0.0909957885742188 0.264434814453125 0.485626220703125
-0.0299072265625 -0.0819549560546875 -0.19915771484375 0.754638671875
-0.0211639404296875 -0.0989608764648438 -0.624267578125 0.796875
0.00332641601562499 -0.109428405761719 -0.6298828125 0.85711669921875
0.0216255187988281 -0.0690078735351563 -0.5098876953125 0.7091064453125
0.0531272888183594 -0.0335464477539063 -0.308074951171875 0.430450439453125
0.00656700134277344 -0.0132064819335938 -0.2906494140625 0.163177490234375
0.0179080963134766 -0.000665664672851562 -0.371826171875 -0.01458740234375
-0.00876617431640625 -0.0396766662597656 -0.62310791015625 -0.00274658203124987
0.00963211059570313 -0.061370849609375 -0.95294189453125 0.0358276367187499
0.329376220703125 0.12725830078125 -0.2047119140625 -0.653076171875
0.221817016601563 0.197906494140625 -0.213287353515625 -0.531280517578125
0.2100830078125 0.312713623046875 -0.01641845703125 -0.46441650390625
0.019775390625 0.392730712890625 0.2662353515625 -0.241134643554687
-0.14453125 0.407745361328125 0.42333984375 0.146026611328125
-0.2255859375 0.334716796875 0.309783935546875 0.447967529296875
-0.268096923828125 0.300323486328125 -0.12420654296875 0.7210693359375
-0.35113525390625 0.181488037109375 -0.54241943359375 0.75079345703125
-0.239974975585937 0.191268920898438 -0.57550048828125 0.83123779296875
-0.17333984375 0.199447631835937 -0.494384765625 0.7122802734375
-0.112808227539063 0.234481811523438 -0.32257080078125 0.442779541015625
-0.0557403564453125 0.210861206054687 -0.291778564453125 0.1748046875
0.0284881591796875 0.212448120117187 -0.35455322265625 -0.0194091796875
0.09576416015625 0.160751342773438 -0.6204833984375 -0.0142822265624999
0.241897583007813 0.106109619140625 -0.9420166015625 0.05743408203125
0.58892822265625 0.24346923828125 -0.06378173828125 -0.60845947265625
0.42523193359375 0.35772705078125 -0.071533203125 -0.517669677734375
0.39971923828125 0.56658935546875 0.07757568359375 -0.4683837890625
0.064208984375 0.720458984375 0.319732666015625 -0.291961669921875
-0.24658203125 0.78289794921875 0.424407958984375 0.043487548828125
-0.3924560546875 0.70989990234375 0.367095947265625 0.2911376953125
-0.46514892578125 0.6268310546875 0.00125122070312496 0.5447998046875
-0.63458251953125 0.43194580078125 -0.3798828125 0.586669921875
-0.462158203125 0.4837646484375 -0.46417236328125 0.71514892578125
-0.359222412109375 0.48492431640625 -0.46136474609375 0.6678466796875
-0.265869140625 0.537017822265625 -0.34869384765625 0.4456787109375
-0.08575439453125 0.464874267578125 -0.3050537109375 0.198638916015625
0.0771484375 0.44378662109375 -0.350189208984375 0.01116943359375
0.22491455078125 0.35626220703125 -0.60577392578125 0.0234985351562502
0.460113525390625 0.25933837890625 -0.87451171875 0.1365966796875
0.740966796875 0.32781982421875 0.15216064453125 -0.526275634765625
0.525146484375 0.468658447265625 0.141632080078125 -0.466949462890625
0.48797607421875 0.72808837890625 0.201080322265625 -0.43109130859375
0.0730590820312501 0.92156982421875 0.380950927734375 -0.330169677734375
-0.32318115234375 1.02362060546875 0.423614501953125 -0.106201171875
-0.49920654296875 0.95977783203125 0.429534912109375 0.0436096191406251
-0.58697509765625 0.8421630859375 0.156143188476562 0.253799438476563
-0.82281494140625 0.61737060546875 -0.15899658203125 0.328094482421875
-0.62774658203125 0.72930908203125 -0.309783935546875 0.50152587890625
-0.500732421875 0.7642822265625 -0.4010009765625 0.539337158203125
-0.36175537109375 0.84814453125 -0.37841796875 0.412109375
-0.0513305664062501 0.7257080078125 -0.316253662109375 0.227203369140625
0.17974853515625 0.66070556640625 -0.332763671875 0.0819396972656251
0.38116455078125 0.513641357421875 -0.5458984375 0.110076904296875
0.64251708984375 0.3690185546875 -0.739013671875 0.26470947265625
0.76214599609375 0.36163330078125 0.3948974609375 -0.41668701171875
0.504730224609375 0.5047607421875 0.3681640625 -0.37628173828125
0.4482421875 0.7548828125 0.326019287109375 -0.3450927734375
0.0238647460937501 0.9366455078125 0.42987060546875 -0.32940673828125
-0.3690185546875 1.05010986328125 0.41497802734375 -0.25457763671875
-0.531005859375 1.0164794921875 0.482147216796875 -0.23077392578125
-0.620361328125 0.902099609375 0.314117431640625 -0.0920104980468749
-0.88751220703125 0.702392578125 0.0835952758789062 0.01092529296875
-0.7000732421875 0.87542724609375 -0.137725830078125 0.19580078125
-0.55902099609375 0.948974609375 -0.33538818359375 0.304290771484375
-0.38372802734375 1.06585693359375 -0.41510009765625 0.31439208984375
0.0294799804687499 0.9000244140625 -0.32012939453125 0.246246337890625
0.30047607421875 0.7950439453125 -0.276504516601562 0.180435180664063
0.5123291015625 0.59136962890625 -0.415374755859375 0.22308349609375
0.74932861328125 0.41461181640625 -0.541046142578125 0.410247802734375
0.657958984375 0.34423828125 0.61627197265625 -0.29266357421875
0.38861083984375 0.459228515625 0.551666259765625 -0.25299072265625
0.31536865234375 0.647216796875 0.39996337890625 -0.22137451171875
-0.0478515625 0.76739501953125 0.440765380859375 -0.28302001953125
-0.36444091796875 0.87451171875 0.399444580078125 -0.35546875
-0.47943115234375 0.89007568359375 0.515533447265625 -0.460784912109375
-0.5626220703125 0.8087158203125 0.4534912109375 -0.422149658203125
-0.8182373046875 0.67510986328125 0.31402587890625 -0.313873291015625
-0.65936279296875 0.87493896484375 0.0196685791015625 -0.149444580078125
-0.5203857421875 0.9583740234375 -0.278732299804688 0.00225830078125003
-0.336669921875 1.07672119140625 -0.454345703125 0.1622314453125
0.0942993164062501 0.89788818359375 -0.315338134765625 0.246185302734375
0.36602783203125 0.7825927734375 -0.186187744140625 0.279693603515625
0.55609130859375 0.56781005859375 -0.2293701171875 0.335540771484375
0.7381591796875 0.3929443359375 -0.308319091796875 0.55194091796875
0.470306396484375 0.275726318359375 0.7833251953125 -0.1759033203125
0.240264892578125 0.345733642578125 0.6573486328125 -0.13104248046875
0.1651611328125 0.44268798828125 0.408203125 -0.098114013671875
-0.091461181640625 0.499969482421875 0.41180419921875 -0.216217041015625
-0.29022216796875 0.5880126953125 0.375274658203125 -0.39825439453125
-0.3543701171875 0.639892578125 0.52496337890625 -0.60528564453125
-0.42156982421875 0.6011962890625 0.55657958984375 -0.6837158203125
-0.62701416015625 0.53839111328125 0.49859619140625 -0.59283447265625
-0.51513671875 0.71221923828125 0.138702392578125 -0.4638671875
-0.39263916015625 0.77142333984375 -0.24603271484375 -0.28753662109375
-0.252685546875 0.862060546875 -0.48919677734375 0.00119018554687502
0.09588623046875 0.707275390625 -0.3074951171875 0.228179931640625
0.328369140625 0.6197509765625 -0.094573974609375 0.363006591796875
0.4725341796875 0.446014404296875 -0.033111572265625 0.427825927734375
0.59454345703125 0.30706787109375 -0.0810546875 0.6627197265625
0.243362426757813 0.165863037109375 0.88128662109375 -0.09161376953125
0.111434936523438 0.193313598632813 0.69354248046875 -0.04376220703125
0.068267822265625 0.21405029296875 0.380645751953125 -0.011077880859375
-0.074127197265625 0.231063842773438 0.365753173828125 -0.16265869140625
-0.16180419921875 0.299346923828125 0.35357666015625 -0.404937744140625
-0.181060791015625 0.357208251953125 0.51220703125 -0.675537109375
-0.2261962890625 0.328125 0.604736328125 -0.85272216796875
-0.345672607421875 0.31634521484375 0.6043701171875 -0.7882080078125
-0.289947509765625 0.4249267578125 0.19439697265625 -0.6881103515625
-0.21014404296875 0.44482421875 -0.24444580078125 -0.491790771484375
-0.146453857421875 0.487152099609375 -0.51556396484375 -0.11907958984375
0.045745849609375 0.388946533203125 -0.30328369140625 0.2098388671875
0.20068359375 0.344329833984375 -0.031585693359375 0.42303466796875
0.273452758789063 0.257843017578125 0.11749267578125 0.492218017578125
0.334869384765625 0.1761474609375 0.0850830078125 0.73394775390625
0.0117025375366211 -0.000698089599609375 -0.24700927734375 -0.6676025390625
-0.0343894958496094 0.0156059265136719 -0.26116943359375 -0.51849365234375
-0.0244274139404297 0.0152015686035156 -0.059967041015625 -0.434417724609375
-0.0378837585449219 0.0104255676269531 0.231887817382813 -0.206390380859375
-0.0289649963378906 -0.0228767395019531 0.4312744140625 0.17138671875
-0.0290908813476562 -0.0911331176757813 0.2728271484375 0.481292724609375
-0.0326766967773437 -0.0818023681640625 -0.1876220703125 0.76068115234375
-0.0240631103515625 -0.0989913940429688 -0.61041259765625 0.81219482421875
0.000114440917968762 -0.109603881835938 -0.61553955078125 0.8687744140625
0.0200767517089844 -0.0700874328613281 -0.4969482421875 0.72174072265625
0.0530853271484375 -0.035125732421875 -0.301177978515625 0.4371337890625
0.00708961486816406 -0.0131731033325195 -0.287994384765625 0.1690673828125
0.0185661315917969 -0.00140190124511719 -0.372222900390625 -0.00680541992187498
-0.00938796997070313 -0.0397453308105469 -0.624267578125 0.00964355468749993
0.00806808471679687 -0.0624923706054688 -0.95440673828125 0.05511474609375
0.332977294921875 0.1219482421875 -0.2161865234375 -0.65167236328125
0.22564697265625 0.194488525390625 -0.221649169921875 -0.52947998046875
0.218048095703125 0.3096923828125 -0.027435302734375 -0.464935302734375
0.028656005859375 0.393890380859375 0.26171875 -0.2462158203125
-0.1368408203125 0.41107177734375 0.42767333984375 0.136749267578125
-0.220611572265625 0.340118408203125 0.317535400390625 0.440673828125
-0.263763427734375 0.305877685546875 -0.11212158203125 0.7254638671875
-0.350372314453125 0.1890869140625 -0.5299072265625 0.76519775390625
-0.237579345703125 0.196151733398437 -0.5592041015625 0.84478759765625
-0.169692993164062 0.202011108398438 -0.47998046875 0.7249755859375
-0.108261108398438 0.2362060546875 -0.31402587890625 0.4493408203125
-0.051177978515625 0.212554931640625 -0.289093017578125 0.181549072265625
0.0328826904296875 0.211593627929688 -0.35479736328125 -0.01263427734375
0.0984039306640625 0.159332275390625 -0.62200927734375 -0.000183105468750016
0.2442626953125 0.100204467773438 -0.94256591796875 0.07720947265625
0.59527587890625 0.23370361328125 -0.0731201171874999 -0.6094970703125
0.4324951171875 0.352203369140625 -0.080230712890625 -0.51666259765625
0.412322998046875 0.5606689453125 0.0660400390625 -0.47113037109375
0.07940673828125 0.721923828125 0.314208984375 -0.2984619140625
-0.23193359375 0.79052734375 0.426239013671875 0.033660888671875
-0.38055419921875 0.71746826171875 0.37335205078125 0.28485107421875
-0.45574951171875 0.63739013671875 0.01214599609375 0.544464111328125
-0.6297607421875 0.44580078125 -0.3699951171875 0.59674072265625
-0.4542236328125 0.49285888671875 -0.45257568359375 0.7265625
-0.3504638671875 0.494384765625 -0.44866943359375 0.6810302734375
-0.254669189453125 0.543365478515625 -0.342926025390625 0.45379638671875
-0.0775146484375 0.468170166015625 -0.300933837890625 0.205535888671875
0.085235595703125 0.4410400390625 -0.350067138671875 0.0174255371093751
0.231475830078125 0.353790283203125 -0.60809326171875 0.0362548828124999
0.467071533203125 0.2493896484375 -0.87249755859375 0.15521240234375
0.74884033203125 0.31396484375 0.14337158203125 -0.530181884765625
0.535247802734375 0.45965576171875 0.134979248046875 -0.4708251953125
0.50238037109375 0.71929931640625 0.193817138671875 -0.436431884765625
0.0923461914062499 0.923828125 0.3756103515625 -0.34002685546875
-0.303955078125 1.0316162109375 0.422393798828125 -0.115997314453125
-0.4803466796875 0.970458984375 0.430267333984375 0.0343933105468751
-0.57330322265625 0.854736328125 0.162384033203125 0.251739501953125
-0.8145751953125 0.63507080078125 -0.153900146484375 0.33282470703125
-0.6136474609375 0.7432861328125 -0.30120849609375 0.508056640625
-0.48626708984375 0.77349853515625 -0.392303466796875 0.550201416015625
-0.34503173828125 0.85797119140625 -0.371185302734375 0.4212646484375
-0.035400390625 0.72991943359375 -0.312347412109375 0.233978271484375
0.19378662109375 0.6573486328125 -0.3306884765625 0.0869445800781251
0.390533447265625 0.507354736328125 -0.546173095703125 0.121826171875
0.6505126953125 0.355712890625 -0.7354736328125 0.28118896484375
0.76776123046875 0.3489990234375 0.387542724609375 -0.426055908203125
0.51422119140625 0.49786376953125 0.363677978515625 -0.383453369140625
0.4632568359375 0.7486572265625 0.31915283203125 -0.351287841796875
0.04150390625 0.9378662109375 0.4246826171875 -0.339447021484375
-0.34698486328125 1.05999755859375 0.410797119140625 -0.263427734375
-0.51214599609375 1.0322265625 0.47723388671875 -0.242523193359375
-0.6044921875 0.91845703125 0.314208984375 -0.098907470703125
-0.87744140625 0.72064208984375 0.0837860107421874 0.00964355468750004
-0.683837890625 0.89141845703125 -0.134140014648438 0.1995849609375
-0.540771484375 0.96124267578125 -0.329986572265625 0.313507080078125
-0.36126708984375 1.07513427734375 -0.409881591796875 0.323516845703125
0.0474853515625 0.9013671875 -0.314178466796875 0.25244140625
0.31787109375 0.78948974609375 -0.272750854492188 0.183761596679688
0.52642822265625 0.58367919921875 -0.4141845703125 0.23309326171875
0.759521484375 0.39825439453125 -0.535400390625 0.425048828125
0.66436767578125 0.33343505859375 0.61309814453125 -0.30389404296875
0.398223876953125 0.454742431640625 0.54791259765625 -0.26605224609375
0.32708740234375 0.64154052734375 0.394866943359375 -0.228912353515625
-0.03607177734375 0.7705078125 0.4366455078125 -0.294464111328125
-0.3477783203125 0.8841552734375 0.393524169921875 -0.36376953125
-0.46368408203125 0.89947509765625 0.50628662109375 -0.47320556640625
-0.54840087890625 0.822998046875 0.446807861328125 -0.432708740234375
-0.8095703125 0.6912841796875 0.308929443359375 -0.320831298828125
-0.64459228515625 0.8895263671875 0.017242431640625 -0.149887084960937
-0.5010986328125 0.97064208984375 -0.278411865234375 0.0092315673828126
-0.31622314453125 1.08697509765625 -0.45074462890625 0.17327880859375
0.1126708984375 0.89892578125 -0.309906005859375 0.25262451171875
0.38250732421875 0.77642822265625 -0.18084716796875 0.282379150390625
0.569580078125 0.5579833984375 -0.22491455078125 0.341766357421875
0.74725341796875 0.37725830078125 -0.29791259765625 0.56121826171875
0.474395751953125 0.26788330078125 0.78228759765625 -0.190185546875
0.246826171875 0.34320068359375 0.6556396484375 -0.14373779296875
0.173828125 0.441558837890625 0.40838623046875 -0.1060791015625
-0.0833740234375 0.502105712890625 0.40789794921875 -0.225250244140625
-0.2796630859375 0.59375 0.368743896484375 -0.40606689453125
-0.3416748046875 0.6483154296875 0.51361083984375 -0.61822509765625
-0.4111328125 0.61041259765625 0.5447998046875 -0.69671630859375
-0.61993408203125 0.55450439453125 0.48895263671875 -0.60491943359375
-0.50140380859375 0.72576904296875 0.130126953125 -0.46771240234375
-0.37957763671875 0.7818603515625 -0.251495361328125 -0.282073974609375
-0.23583984375 0.869384765625 -0.491058349609375 0.012451171875
0.1119384765625 0.70855712890625 -0.30316162109375 0.23388671875
0.3421630859375 0.61279296875 -0.08673095703125 0.364227294921875
0.483428955078125 0.438232421875 -0.02679443359375 0.4307861328125
0.59942626953125 0.2950439453125 -0.0692138671875 0.66845703125
0.245986938476563 0.162277221679688 0.88214111328125 -0.10577392578125
0.114501953125 0.192428588867188 0.6949462890625 -0.05767822265625
0.0713348388671875 0.21270751953125 0.3817138671875 -0.018585205078125
-0.07061767578125 0.232772827148438 0.3636474609375 -0.17059326171875
-0.15533447265625 0.303497314453125 0.346954345703125 -0.41168212890625
-0.174072265625 0.361602783203125 0.49859619140625 -0.6876220703125
-0.22088623046875 0.3338623046875 0.5897216796875 -0.866455078125
-0.342132568359375 0.32623291015625 0.59222412109375 -0.80279541015625
-0.282623291015625 0.431976318359375 0.1839599609375 -0.693359375
-0.2001953125 0.450042724609375 -0.2535400390625 -0.487640380859375
-0.136566162109375 0.492279052734375 -0.519287109375 -0.109375
0.053619384765625 0.39044189453125 -0.299407958984375 0.216400146484375
0.20782470703125 0.339447021484375 -0.022613525390625 0.42425537109375
0.2802734375 0.253265380859375 0.124298095703125 0.4931640625
0.33819580078125 0.17022705078125 0.0993652343750001 0.7374267578125
0.0110502243041992 -0.000683784484863281 -0.2596435546875 -0.66522216796875
-0.0339641571044922 0.0167236328125 -0.26873779296875 -0.514801025390625
-0.0234832763671875 0.0157375335693359 -0.06842041015625 -0.431884765625
-0.0363197326660156 0.0121002197265625 0.227920532226563 -0.210189819335937
-0.0297374725341797 -0.0223331451416016 0.433441162109375 0.162200927734375
-0.0321578979492188 -0.091033935546875 0.28277587890625 0.4739990234375
-0.0354385375976563 -0.08184814453125 -0.17431640625 0.7662353515625
-0.0269622802734375 -0.098663330078125 -0.596435546875 0.82623291015625
-0.00336456298828124 -0.109519958496094 -0.59765625 0.88250732421875
0.0184097290039063 -0.0709609985351563 -0.4844970703125 0.7296142578125
0.0525321960449219 -0.0370101928710938 -0.291473388671875 0.441986083984375
0.00712966918945312 -0.0129413604736328 -0.284942626953125 0.175567626953125
0.0190563201904297 -0.00225067138671875 -0.371795654296875 0.001007080078125
-0.0105018615722656 -0.0394630432128906 -0.62371826171875 0.0219726562499999
0.00616073608398438 -0.0634689331054688 -0.952880859375 0.0750122070312502
0.3349609375 0.116851806640625 -0.22845458984375 -0.65032958984375
0.230056762695313 0.1912841796875 -0.232086181640625 -0.525665283203125
0.22479248046875 0.30535888671875 -0.0371398925781249 -0.463043212890625
0.03692626953125 0.394500732421875 0.256317138671875 -0.251205444335938
-0.128082275390625 0.4140625 0.42987060546875 0.127593994140625
-0.21484375 0.34478759765625 0.324188232421875 0.43353271484375
-0.258392333984375 0.31097412109375 -0.0968017578125001 0.728271484375
-0.3477783203125 0.19573974609375 -0.517578125 0.77911376953125
-0.235305786132813 0.200836181640625 -0.54498291015625 0.8564453125
-0.166336059570313 0.20465087890625 -0.4658203125 0.734619140625
-0.10284423828125 0.237869262695313 -0.306549072265625 0.45501708984375
-0.0469512939453125 0.213851928710938 -0.28558349609375 0.18719482421875
0.03765869140625 0.2105712890625 -0.354248046875 -0.00619506835937494
0.10089111328125 0.157974243164063 -0.6219482421875 0.0132446289062499
0.245574951171875 0.09423828125 -0.941650390625 0.0962524414062499
0.59906005859375 0.22265625 -0.0853271484375 -0.6070556640625
0.439178466796875 0.343536376953125 -0.088653564453125 -0.514923095703125
0.423858642578125 0.5513916015625 0.055419921875 -0.470703125
0.0944213867187501 0.72052001953125 0.308074951171875 -0.305633544921875
-0.21533203125 0.7958984375 0.42694091796875 0.0249633789062501
-0.36724853515625 0.7264404296875 0.3770751953125 0.275909423828125
-0.44378662109375 0.64617919921875 0.0218811035156249 0.5440673828125
-0.6231689453125 0.45989990234375 -0.35906982421875 0.6064453125
-0.4471435546875 0.502166748046875 -0.43865966796875 0.73590087890625
-0.34027099609375 0.499114990234375 -0.434326171875 0.6888427734375
-0.24365234375 0.5474853515625 -0.33258056640625 0.46282958984375
-0.068084716796875 0.47088623046875 -0.29632568359375 0.211669921875
0.094390869140625 0.4384765625 -0.348724365234375 0.0234680175781251
0.238616943359375 0.3492431640625 -0.6060791015625 0.04864501953125
0.4708251953125 0.239654541015625 -0.869873046875 0.1739501953125
0.75347900390625 0.30047607421875 0.133636474609375 -0.5330810546875
0.542205810546875 0.45166015625 0.12677001953125 -0.474945068359375
0.51763916015625 0.71002197265625 0.18353271484375 -0.440277099609375
0.11004638671875 0.9219970703125 0.367218017578125 -0.34722900390625
-0.2801513671875 1.03851318359375 0.42022705078125 -0.12432861328125
-0.463623046875 0.9798583984375 0.42974853515625 0.0252075195312501
-0.555908203125 0.86614990234375 0.167816162109375 0.248504638671875
-0.80426025390625 0.65252685546875 -0.147552490234375 0.33709716796875
-0.60009765625 0.75457763671875 -0.29248046875 0.5145263671875
-0.47216796875 0.78179931640625 -0.380767822265625 0.558258056640625
-0.326904296875 0.86370849609375 -0.36358642578125 0.429351806640625
-0.02227783203125 0.73065185546875 -0.30615234375 0.24078369140625
0.20660400390625 0.6534423828125 -0.3287353515625 0.092132568359375
0.400543212890625 0.500244140625 -0.542999267578125 0.134857177734375
0.657958984375 0.341064453125 -0.7293701171875 0.2978515625
0.7744140625 0.33441162109375 0.380645751953125 -0.432373046875
0.522705078125 0.488372802734375 0.355621337890625 -0.3912353515625
0.47833251953125 0.73834228515625 0.31036376953125 -0.357635498046875
0.05926513671875 0.93695068359375 0.417205810546875 -0.347869873046875
-0.32476806640625 1.06939697265625 0.4066162109375 -0.272430419921875
-0.49188232421875 1.04156494140625 0.4713134765625 -0.2530517578125
-0.5880126953125 0.92974853515625 0.31298828125 -0.1046142578125
-0.86566162109375 0.740966796875 0.0838851928710937 0.0082473754882813
-0.66455078125 0.904541015625 -0.130752563476563 0.203475952148438
-0.521240234375 0.97015380859375 -0.3236083984375 0.3214111328125
-0.33746337890625 1.0850830078125 -0.402252197265625 0.33380126953125
0.0642089843750001 0.903076171875 -0.308349609375 0.258453369140625
0.33209228515625 0.78204345703125 -0.268585205078125 0.187667846679688
0.5369873046875 0.572509765625 -0.409271240234375 0.243499755859375
0.76617431640625 0.38287353515625 -0.526031494140625 0.437530517578125
0.66949462890625 0.3216552734375 0.606689453125 -0.31646728515625
0.405059814453125 0.447540283203125 0.5433349609375 -0.277069091796875
0.33856201171875 0.6346435546875 0.39190673828125 -0.23773193359375
-0.02105712890625 0.77154541015625 0.429656982421875 -0.302734375
-0.32794189453125 0.890869140625 0.386077880859375 -0.37200927734375
-0.44537353515625 0.9093017578125 0.496368408203125 -0.48431396484375
-0.53277587890625 0.83404541015625 0.43902587890625 -0.442138671875
-0.79595947265625 0.7099609375 0.30352783203125 -0.326568603515625
-0.626220703125 0.90411376953125 0.0152435302734375 -0.149002075195312
-0.48382568359375 0.9810791015625 -0.2772216796875 0.0157165527343751
-0.2923583984375 1.0941162109375 -0.4478759765625 0.183746337890625
0.13018798828125 0.89801025390625 -0.303497314453125 0.2581787109375
0.39788818359375 0.76678466796875 -0.17535400390625 0.28326416015625
0.580078125 0.54705810546875 -0.219329833984375 0.3480224609375
0.7542724609375 0.360595703125 -0.28765869140625 0.56829833984375
0.478363037109375 0.25958251953125 0.77716064453125 -0.2061767578125
0.252288818359375 0.33892822265625 0.65264892578125 -0.1583251953125
0.180206298828125 0.4361572265625 0.40667724609375 -0.1146240234375
-0.073883056640625 0.502960205078125 0.403106689453125 -0.23260498046875
-0.26611328125 0.600341796875 0.36090087890625 -0.4144287109375
-0.327392578125 0.65447998046875 0.501220703125 -0.63134765625
-0.39959716796875 0.62005615234375 0.530517578125 -0.7071533203125
-0.609375 0.56695556640625 0.4771728515625 -0.6148681640625
-0.4876708984375 0.73663330078125 0.122406005859375 -0.4696044921875
-0.36175537109375 0.788818359375 -0.256332397460938 -0.276473999023437
-0.21728515625 0.87542724609375 -0.490570068359375 0.023712158203125
0.124755859375 0.7080078125 -0.29681396484375 0.239837646484375
0.35516357421875 0.6043701171875 -0.07958984375 0.36395263671875
0.491302490234375 0.42864990234375 -0.019439697265625 0.432708740234375
0.60589599609375 0.2821044921875 -0.0567626953125 0.67303466796875
0.249099731445312 0.158355712890625 0.87884521484375 -0.12432861328125
0.11669921875 0.190597534179688 0.69244384765625 -0.0728759765625
0.07403564453125 0.211151123046875 0.381591796875 -0.02642822265625
-0.0671844482421875 0.233627319335938 0.360260009765625 -0.17901611328125
-0.148773193359375 0.306060791015625 0.33807373046875 -0.419097900390625
-0.165252685546875 0.36346435546875 0.4849853515625 -0.69805908203125
-0.214385986328125 0.339202880859375 0.57183837890625 -0.8770751953125
-0.336578369140625 0.33251953125 0.57501220703125 -0.81671142578125
-0.274810791015625 0.438568115234375 0.171630859375 -0.695068359375
-0.191619873046875 0.45440673828125 -0.26141357421875 -0.48114013671875
-0.125640869140625 0.49554443359375 -0.520843505859375 -0.0977478027343749
0.06134033203125 0.3909912109375 -0.29486083984375 0.221527099609375
0.21539306640625 0.3345947265625 -0.015380859375 0.42340087890625
0.28594970703125 0.24761962890625 0.1319580078125 0.491943359375
0.341064453125 0.1629638671875 0.11309814453125 0.73809814453125
0.0105905532836914 -0.000378608703613281 -0.27227783203125 -0.66070556640625
-0.0334415435791016 0.0176906585693359 -0.27679443359375 -0.508331298828125
-0.0224800109863281 0.0160770416259766 -0.0771484375 -0.428131103515625
-0.0352859497070313 0.0134010314941406 0.222885131835937 -0.213165283203125
-0.0304088592529297 -0.0219631195068359 0.435821533203125 0.15203857421875
-0.0344772338867187 -0.0903472900390625 0.29071044921875 0.466796875
-0.0382614135742188 -0.0814056396484375 -0.1595458984375 0.76715087890625
-0.0296630859375 -0.0982818603515625 -0.58123779296875 0.8394775390625
-0.00688171386718751 -0.108795166015625 -0.580322265625 0.89306640625
0.0161590576171875 -0.0716018676757813 -0.46795654296875 0.73773193359375
0.0519294738769531 -0.0384979248046875 -0.28338623046875 0.4468994140625
0.00736713409423828 -0.0126447677612305 -0.281158447265625 0.181228637695313
0.0197544097900391 -0.00258827209472656 -0.370208740234375 0.00906372070312507
-0.0112228393554688 -0.0393905639648438 -0.6219482421875 0.0351562500000001
0.00466156005859375 -0.0645332336425781 -0.95001220703125 0.0941772460937501
0.33575439453125 0.10992431640625 -0.2379150390625 -0.64520263671875
0.232757568359375 0.186233520507812 -0.238983154296875 -0.51934814453125
0.230499267578125 0.30047607421875 -0.046661376953125 -0.460235595703125
0.045684814453125 0.392791748046875 0.250823974609375 -0.254989624023438
-0.119476318359375 0.41656494140625 0.432373046875 0.11907958984375
-0.207977294921875 0.34771728515625 0.33203125 0.426422119140625
-0.253173828125 0.314544677734375 -0.0834350585937501 0.72900390625
-0.345062255859375 0.203338623046875 -0.5015869140625 0.78936767578125
-0.231460571289062 0.204757690429688 -0.52728271484375 0.86614990234375
-0.161819458007812 0.206497192382813 -0.4508056640625 0.7421875
-0.09759521484375 0.238662719726563 -0.297210693359375 0.459686279296875
-0.0429840087890625 0.214797973632812 -0.280670166015625 0.193038940429688
0.042388916015625 0.208633422851562 -0.3526611328125 0.000793457031250082
0.103225708007813 0.15625 -0.61944580078125 0.0252685546875001
0.247055053710938 0.0881500244140625 -0.93701171875 0.11492919921875
0.60125732421875 0.2119140625 -0.09619140625 -0.60516357421875
0.443817138671875 0.3355712890625 -0.0967102050781249 -0.51312255859375
0.434356689453125 0.54278564453125 0.0448913574218751 -0.470550537109375
0.10791015625 0.7181396484375 0.300079345703125 -0.309967041015625
-0.19805908203125 0.79864501953125 0.426727294921875 0.015228271484375
-0.35260009765625 0.73455810546875 0.380950927734375 0.266387939453125
-0.43182373046875 0.65411376953125 0.033355712890625 0.544281005859375
-0.61419677734375 0.47137451171875 -0.34832763671875 0.61236572265625
-0.437255859375 0.50946044921875 -0.4237060546875 0.74273681640625
-0.330810546875 0.50335693359375 -0.418701171875 0.6983642578125
-0.230621337890625 0.551513671875 -0.323333740234375 0.467376708984375
-0.05859375 0.47235107421875 -0.2908935546875 0.217376708984375
0.10162353515625 0.43414306640625 -0.34649658203125 0.028961181640625
0.243865966796875 0.34393310546875 -0.60479736328125 0.0628051757812502
0.4755859375 0.228057861328125 -0.86376953125 0.1912841796875
0.75665283203125 0.28680419921875 0.124603271484375 -0.53375244140625
0.549835205078125 0.439727783203125 0.11865234375 -0.476654052734375
0.52899169921875 0.6978759765625 0.173126220703125 -0.442657470703125
0.129638671875 0.9188232421875 0.35986328125 -0.354461669921875
-0.2581787109375 1.0426025390625 0.41717529296875 -0.1339111328125
-0.44232177734375 0.9893798828125 0.428680419921875 0.0138244628906251
-0.538818359375 0.8751220703125 0.173248291015625 0.244155883789063
-0.790283203125 0.66741943359375 -0.14080810546875 0.34033203125
-0.58489990234375 0.76409912109375 -0.281951904296875 0.520538330078125
-0.453369140625 0.78790283203125 -0.36810302734375 0.565185546875
-0.3076171875 0.87042236328125 -0.35272216796875 0.43719482421875
-0.00891113281250001 0.73101806640625 -0.3004150390625 0.245849609375
0.21844482421875 0.64556884765625 -0.324981689453125 0.0968627929687501
0.408050537109375 0.491485595703125 -0.541748046875 0.146087646484375
0.66326904296875 0.324951171875 -0.7213134765625 0.3125
0.77850341796875 0.31964111328125 0.372467041015625 -0.438507080078125
0.529998779296875 0.478759765625 0.348907470703125 -0.398834228515625
0.4886474609375 0.727294921875 0.30157470703125 -0.364166259765625
0.0773925781250001 0.93475341796875 0.409210205078125 -0.355194091796875
-0.30224609375 1.07293701171875 0.40032958984375 -0.279754638671875
-0.4698486328125 1.047119140625 0.464630126953125 -0.263153076171875
-0.56829833984375 0.9390869140625 0.31097412109375 -0.11114501953125
-0.85076904296875 0.75653076171875 0.0838317871093749 0.0072097778320313
-0.6458740234375 0.9156494140625 -0.126480102539063 0.206710815429688
-0.50140380859375 0.97723388671875 -0.3155517578125 0.3265380859375
-0.3154296875 1.08837890625 -0.39520263671875 0.34222412109375
0.0828857421874999 0.90185546875 -0.30169677734375 0.264190673828125
0.34661865234375 0.77191162109375 -0.26336669921875 0.190521240234375
0.54833984375 0.56134033203125 -0.40545654296875 0.253082275390625
0.771728515625 0.36419677734375 -0.51617431640625 0.448760986328125
0.67254638671875 0.30828857421875 0.6007080078125 -0.327880859375
0.412322998046875 0.439788818359375 0.5386962890625 -0.288116455078125
0.3487548828125 0.6246337890625 0.3857421875 -0.24505615234375
-0.00695800781250007 0.76849365234375 0.421844482421875 -0.3104248046875
-0.30889892578125 0.89593505859375 0.378326416015625 -0.379486083984375
-0.42706298828125 0.9154052734375 0.48516845703125 -0.494903564453125
-0.5162353515625 0.8421630859375 0.430145263671875 -0.4501953125
-0.78265380859375 0.72515869140625 0.295440673828125 -0.3319091796875
-0.6064453125 0.9136962890625 0.0127410888671875 -0.147979736328125
-0.46173095703125 0.98779296875 -0.27545166015625 0.0227203369140626
-0.26763916015625 1.0985107421875 -0.44207763671875 0.1937255859375
0.14544677734375 0.89483642578125 -0.297332763671875 0.263458251953125
0.41351318359375 0.7564697265625 -0.168731689453125 0.284423828125
0.5906982421875 0.534423828125 -0.213104248046875 0.3525390625
0.75994873046875 0.344970703125 -0.2760009765625 0.57623291015625
0.48193359375 0.249542236328125 0.772705078125 -0.21923828125
0.256103515625 0.3358154296875 0.64837646484375 -0.173828125
0.186309814453125 0.432098388671875 0.403106689453125 -0.122467041015625
-0.065032958984375 0.503326416015625 0.3975830078125 -0.242523193359375
-0.25238037109375 0.60272216796875 0.352447509765625 -0.418701171875
-0.3153076171875 0.6595458984375 0.48687744140625 -0.63818359375
-0.38677978515625 0.626708984375 0.5157470703125 -0.715087890625
-0.59820556640625 0.57958984375 0.4652099609375 -0.62396240234375
-0.471923828125 0.7437744140625 0.11376953125 -0.470489501953125
-0.345458984375 0.795166015625 -0.25946044921875 -0.269424438476562
-0.1978759765625 0.8787841796875 -0.487884521484375 0.03424072265625
0.13970947265625 0.70501708984375 -0.29132080078125 0.244537353515625
0.3670654296875 0.59332275390625 -0.07183837890625 0.363311767578125
0.4998779296875 0.4183349609375 -0.0124816894531249 0.433074951171875
0.60955810546875 0.26800537109375 -0.0430908203125 0.67510986328125
0.250762939453125 0.153396606445313 0.87432861328125 -0.1387939453125
0.119354248046875 0.189163208007813 0.68939208984375 -0.0870361328125
0.0767822265625 0.208770751953125 0.38079833984375 -0.03497314453125
-0.062835693359375 0.233612060546875 0.35540771484375 -0.185699462890625
-0.1417236328125 0.307861328125 0.329315185546875 -0.424957275390625
-0.158050537109375 0.365203857421875 0.469482421875 -0.70452880859375
-0.207611083984375 0.344451904296875 0.5526123046875 -0.88751220703125
-0.329681396484375 0.33880615234375 0.55987548828125 -0.82623291015625
-0.26495361328125 0.44244384765625 0.15936279296875 -0.69793701171875
-0.182403564453125 0.457183837890625 -0.269317626953125 -0.473785400390625
-0.1153564453125 0.49755859375 -0.52099609375 -0.084716796875
0.069549560546875 0.38946533203125 -0.2891845703125 0.226715087890625
0.2220458984375 0.328857421875 -0.00598144531249995 0.420989990234375
0.290191650390625 0.241546630859375 0.141571044921875 0.488616943359375
0.342437744140625 0.155670166015625 0.125732421875 0.736572265625
0.0101766586303711 -0.000776290893554688 -0.28216552734375 -0.65325927734375
-0.0326423645019531 0.0184040069580078 -0.28466796875 -0.5040283203125
-0.0216007232666016 0.0159912109375 -0.085540771484375 -0.42431640625
-0.0340862274169922 0.0145263671875 0.218063354492187 -0.21563720703125
-0.0305309295654297 -0.0210781097412109 0.437530517578125 0.142333984375
-0.037078857421875 -0.0893478393554687 0.297027587890625 0.459686279296875
-0.0407943725585938 -0.0809478759765625 -0.14715576171875 0.7669677734375
-0.0323410034179688 -0.0971145629882813 -0.5633544921875 0.84844970703125
-0.0102767944335937 -0.107994079589844 -0.56103515625 0.89959716796875
0.0145034790039063 -0.0718841552734375 -0.45135498046875 0.7423095703125
0.0508804321289063 -0.0396194458007813 -0.27532958984375 0.450103759765625
0.00777530670166016 -0.0126276016235352 -0.276412963867188 0.185836791992188
0.0201835632324219 -0.00316429138183594 -0.36700439453125 0.0158691406249999
-0.0120697021484375 -0.0390167236328125 -0.6192626953125 0.04730224609375
0.0027923583984375 -0.0648765563964844 -0.94378662109375 0.11065673828125
0.3365478515625 0.104034423828125 -0.2491455078125 -0.638427734375
0.235321044921875 0.182037353515625 -0.24700927734375 -0.51507568359375
0.23651123046875 0.29449462890625 -0.0553894042968749 -0.456756591796875
0.0535888671875 0.391571044921875 0.24456787109375 -0.258010864257812
-0.11138916015625 0.41802978515625 0.4315185546875 0.109344482421875
-0.2021484375 0.35113525390625 0.337646484375 0.417327880859375
-0.247222900390625 0.318145751953125 -0.0714111328125001 0.72821044921875
-0.34130859375 0.208740234375 -0.48577880859375 0.7969970703125
-0.228103637695313 0.207656860351563 -0.50750732421875 0.871826171875
-0.157562255859375 0.207351684570313 -0.434814453125 0.748046875
-0.0924072265625 0.238845825195313 -0.28656005859375 0.464569091796875
-0.038330078125 0.214920043945313 -0.275558471679688 0.197891235351562
0.0465240478515625 0.2060546875 -0.34991455078125 0.00692749023437509
0.105361938476563 0.153045654296875 -0.61663818359375 0.0374755859375
0.24615478515625 0.0819244384765625 -0.9293212890625 0.13177490234375
0.60308837890625 0.20062255859375 -0.1041259765625 -0.60113525390625
0.447662353515625 0.325897216796875 -0.103729248046875 -0.511077880859375
0.4417724609375 0.53125 0.03533935546875 -0.468963623046875
0.122314453125 0.7142333984375 0.2933349609375 -0.313934326171875
-0.18243408203125 0.79913330078125 0.425628662109375 0.00704956054687505
-0.33978271484375 0.737060546875 0.383209228515625 0.257568359375
-0.4178466796875 0.65911865234375 0.0435791015625 0.5400390625
-0.6033935546875 0.4820556640625 -0.33343505859375 0.61834716796875
-0.42584228515625 0.514617919921875 -0.408203125 0.74859619140625
-0.320648193359375 0.505859375 -0.4041748046875 0.70123291015625
-0.218292236328125 0.55303955078125 -0.314697265625 0.47235107421875
-0.049560546875 0.4718017578125 -0.28546142578125 0.22174072265625
0.111480712890625 0.429656982421875 -0.34375 0.033477783203125
0.248931884765625 0.338836669921875 -0.60247802734375 0.0745239257812501
0.476348876953125 0.21734619140625 -0.85650634765625 0.2086181640625
0.75958251953125 0.2735595703125 0.11358642578125 -0.534454345703125
0.555633544921875 0.4298095703125 0.11083984375 -0.477783203125
0.5411376953125 0.68524169921875 0.164276123046875 -0.444671630859375
0.14532470703125 0.9129638671875 0.352020263671875 -0.359161376953125
-0.237548828125 1.04376220703125 0.413330078125 -0.141510009765625
-0.42449951171875 0.99273681640625 0.42620849609375 0.00582885742187506
-0.521484375 0.88262939453125 0.177322387695312 0.24017333984375
-0.7772216796875 0.68023681640625 -0.134765625 0.34234619140625
-0.56781005859375 0.772705078125 -0.26947021484375 0.524017333984375
-0.43902587890625 0.79150390625 -0.3551025390625 0.57171630859375
-0.28955078125 0.872314453125 -0.343017578125 0.44305419921875
0.00360107421874999 0.73004150390625 -0.29388427734375 0.2506103515625
0.23028564453125 0.63861083984375 -0.321197509765625 0.10101318359375
0.41571044921875 0.48150634765625 -0.535797119140625 0.157440185546875
0.66558837890625 0.31011962890625 -0.71246337890625 0.32635498046875
0.78125 0.3043212890625 0.363861083984375 -0.44183349609375
0.5361328125 0.467742919921875 0.34210205078125 -0.40460205078125
0.50054931640625 0.71441650390625 0.293609619140625 -0.368621826171875
0.09344482421875 0.92926025390625 0.399993896484375 -0.36175537109375
-0.2816162109375 1.0736083984375 0.3944091796875 -0.2874755859375
-0.451171875 1.05426025390625 0.4571533203125 -0.271728515625
-0.54949951171875 0.94873046875 0.308563232421875 -0.11676025390625
-0.83673095703125 0.77093505859375 0.0835266113281249 0.0064315795898438
-0.62890625 0.92431640625 -0.12176513671875 0.208892822265625
-0.48065185546875 0.98333740234375 -0.30645751953125 0.3336181640625
-0.291259765625 1.0926513671875 -0.386199951171875 0.348968505859375
0.09783935546875 0.8974609375 -0.29559326171875 0.268157958984375
0.36083984375 0.76129150390625 -0.258712768554688 0.1922607421875
0.557281494140625 0.548919677734375 -0.39874267578125 0.2606201171875
0.7742919921875 0.34600830078125 -0.50604248046875 0.45819091796875
0.6754150390625 0.29583740234375 0.59332275390625 -0.336181640625
0.417816162109375 0.4324951171875 0.53143310546875 -0.297454833984375
0.35748291015625 0.6160888671875 0.3798828125 -0.251495361328125
0.00689697265624996 0.7655029296875 0.415313720703125 -0.317108154296875
-0.2904052734375 0.89727783203125 0.3701171875 -0.384552001953125
-0.40777587890625 0.91912841796875 0.472869873046875 -0.502899169921875
-0.49761962890625 0.85137939453125 0.4207763671875 -0.455963134765625
-0.76910400390625 0.73944091796875 0.288818359375 -0.336761474609375
-0.58892822265625 0.92034912109375 0.010833740234375 -0.146774291992187
-0.4403076171875 0.9925537109375 -0.273605346679687 0.0285339355468751
-0.24365234375 1.10040283203125 -0.436920166015625 0.202911376953125
0.16290283203125 0.8895263671875 -0.290740966796875 0.268096923828125
0.4241943359375 0.744140625 -0.16241455078125 0.28436279296875
0.5986328125 0.52032470703125 -0.206756591796875 0.357208251953125
0.76104736328125 0.32818603515625 -0.26263427734375 0.58148193359375
0.482696533203125 0.241455078125 0.76605224609375 -0.2320556640625
0.26116943359375 0.330230712890625 0.64385986328125 -0.1846923828125
0.19189453125 0.425567626953125 0.400360107421875 -0.129852294921875
-0.056610107421875 0.501373291015625 0.3914794921875 -0.248626708984375
-0.24053955078125 0.60699462890625 0.3426513671875 -0.42413330078125
-0.30133056640625 0.66162109375 0.472412109375 -0.64642333984375
-0.37310791015625 0.6324462890625 0.4996337890625 -0.72332763671875
-0.585693359375 0.588623046875 0.45166015625 -0.62908935546875
-0.45562744140625 0.748779296875 0.10626220703125 -0.468475341796875
-0.32977294921875 0.79766845703125 -0.263504028320313 -0.262451171875
-0.17999267578125 0.88079833984375 -0.484405517578125 0.0443115234375
0.15130615234375 0.70062255859375 -0.285675048828125 0.24810791015625
0.37640380859375 0.58270263671875 -0.0649108886718749 0.36090087890625
0.5052490234375 0.40716552734375 -0.005706787109375 0.432891845703125
0.61163330078125 0.2554931640625 -0.03094482421875 0.67645263671875
0.251998901367188 0.149185180664063 0.86688232421875 -0.15521240234375
0.121749877929688 0.187774658203125 0.68475341796875 -0.1014404296875
0.079315185546875 0.206130981445313 0.379150390625 -0.041534423828125
-0.0595855712890625 0.23455810546875 0.350830078125 -0.192138671875
-0.13446044921875 0.308746337890625 0.319305419921875 -0.429107666015625
-0.14935302734375 0.36566162109375 0.45318603515625 -0.71240234375
-0.199981689453125 0.347076416015625 0.5335693359375 -0.89422607421875
-0.323760986328125 0.345184326171875 0.54290771484375 -0.83404541015625
-0.256195068359375 0.44610595703125 0.14825439453125 -0.69671630859375
-0.172332763671875 0.457916259765625 -0.27618408203125 -0.467987060546875
-0.105224609375 0.49835205078125 -0.5223388671875 -0.074066162109375
0.075408935546875 0.38751220703125 -0.2833251953125 0.230316162109375
0.226837158203125 0.32269287109375 0.001861572265625 0.41815185546875
0.294525146484375 0.234710693359375 0.146392822265625 0.485443115234375
0.34344482421875 0.14886474609375 0.138427734375 0.733154296875
0.00979137420654297 -0.000575065612792969 -0.2923583984375 -0.6474609375
-0.0319480895996094 0.0190010070800781 -0.291107177734375 -0.49749755859375
-0.0202007293701172 0.0160503387451172 -0.092742919921875 -0.41888427734375
-0.0322360992431641 0.0152931213378906 0.213348388671875 -0.217483520507813
-0.0310993194580078 -0.0204887390136719 0.437103271484375 0.133514404296875
-0.039337158203125 -0.0880355834960938 0.302154541015625 0.449554443359375
-0.0429153442382813 -0.0800628662109375 -0.13507080078125 0.76629638671875
-0.0348739624023438 -0.0962677001953125 -0.544677734375 0.85443115234375
-0.0131912231445313 -0.106674194335938 -0.54217529296875 0.9066162109375
0.0127029418945312 -0.0724105834960938 -0.4354248046875 0.74664306640625
0.050018310546875 -0.0410919189453125 -0.26470947265625 0.452056884765625
0.00798225402832031 -0.0125102996826172 -0.271484375 0.190658569335937
0.0206127166748047 -0.00419235229492188 -0.3643798828125 0.022705078125
-0.012847900390625 -0.0384788513183594 -0.614013671875 0.05877685546875
0.00109481811523437 -0.0656547546386719 -0.93524169921875 0.12750244140625
0.335357666015625 0.09783935546875 -0.25836181640625 -0.63275146484375
0.236831665039063 0.177352905273438 -0.25347900390625 -0.507232666015625
0.240631103515625 0.288055419921875 -0.0631713867187499 -0.45123291015625
0.06134033203125 0.388885498046875 0.238021850585938 -0.26031494140625
-0.102508544921875 0.41680908203125 0.4312744140625 0.09979248046875
-0.195709228515625 0.3525390625 0.341522216796875 0.406768798828125
-0.240509033203125 0.320526123046875 -0.0579833984375001 0.7236328125
-0.336822509765625 0.2139892578125 -0.469482421875 0.80291748046875
-0.224212646484375 0.211166381835938 -0.49053955078125 0.87506103515625
-0.15313720703125 0.207931518554687 -0.41790771484375 0.7498779296875
-0.0865325927734375 0.238250732421875 -0.27777099609375 0.46710205078125
-0.0340118408203125 0.214599609375 -0.270523071289063 0.20166015625
0.049957275390625 0.203323364257813 -0.34674072265625 0.0123291015625
0.107467651367188 0.150650024414063 -0.6119384765625 0.04949951171875
0.24554443359375 0.0759124755859375 -0.922119140625 0.14849853515625
0.60174560546875 0.18939208984375 -0.1138916015625 -0.59649658203125
0.451812744140625 0.317901611328125 -0.110565185546875 -0.505615234375
0.450897216796875 0.52093505859375 0.025970458984375 -0.46588134765625
0.13507080078125 0.70831298828125 0.285797119140625 -0.318206787109375
-0.1683349609375 0.79937744140625 0.422760009765625 -0.00155639648437495
-0.32330322265625 0.73992919921875 0.383880615234375 0.2484130859375
-0.405029296875 0.66162109375 0.0529174804687499 0.53607177734375
-0.59307861328125 0.489990234375 -0.322265625 0.6212158203125
-0.41571044921875 0.5189208984375 -0.39324951171875 0.752197265625
-0.3084716796875 0.5072021484375 -0.38787841796875 0.70538330078125
-0.20672607421875 0.55206298828125 -0.30364990234375 0.476470947265625
-0.0419006347656249 0.471160888671875 -0.279495239257813 0.225997924804688
0.116302490234375 0.4237060546875 -0.339996337890625 0.038909912109375
0.252685546875 0.331787109375 -0.59796142578125 0.0851440429687501
0.476593017578125 0.206146240234375 -0.84716796875 0.22406005859375
0.75799560546875 0.25872802734375 0.105224609375 -0.53387451171875
0.557708740234375 0.417022705078125 0.103179931640625 -0.477935791015625
0.54974365234375 0.6697998046875 0.154815673828125 -0.44342041015625
0.1612548828125 0.9046630859375 0.342926025390625 -0.363983154296875
-0.2177734375 1.04217529296875 0.407501220703125 -0.148956298828125
-0.40472412109375 0.99481201171875 0.42230224609375 -0.00396728515624994
-0.50177001953125 0.88623046875 0.181304931640625 0.234909057617188
-0.7615966796875 0.69183349609375 -0.127838134765625 0.343963623046875
-0.552001953125 0.77667236328125 -0.259490966796875 0.52764892578125
-0.42034912109375 0.79522705078125 -0.3433837890625 0.57391357421875
-0.27008056640625 0.87139892578125 -0.333709716796875 0.44793701171875
0.01751708984375 0.726318359375 -0.2864990234375 0.253204345703125
0.2393798828125 0.62884521484375 -0.316680908203125 0.1033935546875
0.421905517578125 0.47381591796875 -0.53094482421875 0.165771484375
0.667724609375 0.29522705078125 -0.700439453125 0.337890625
0.77880859375 0.28955078125 0.354827880859375 -0.44561767578125
0.5399169921875 0.455841064453125 0.33551025390625 -0.40753173828125
0.50958251953125 0.7015380859375 0.285308837890625 -0.37017822265625
0.109619140625 0.92236328125 0.390228271484375 -0.36749267578125
-0.2601318359375 1.072021484375 0.386016845703125 -0.29241943359375
-0.42926025390625 1.05523681640625 0.44854736328125 -0.279327392578125
-0.52972412109375 0.951416015625 0.305694580078125 -0.12261962890625
-0.8182373046875 0.7838134765625 0.0834503173828124 0.0050125122070313
-0.60888671875 0.9296875 -0.116683959960938 0.2105712890625
-0.46148681640625 0.98504638671875 -0.297210693359375 0.337158203125
-0.26910400390625 1.088623046875 -0.376708984375 0.35565185546875
0.113525390625 0.89166259765625 -0.28778076171875 0.2706298828125
0.37396240234375 0.74755859375 -0.253707885742188 0.193008422851563
0.56231689453125 0.53662109375 -0.394012451171875 0.267486572265625
0.775634765625 0.32855224609375 -0.493927001953125 0.466796875
0.6759033203125 0.28448486328125 0.58392333984375 -0.34539794921875
0.42181396484375 0.423553466796875 0.524200439453125 -0.30682373046875
0.36474609375 0.608154296875 0.373748779296875 -0.256866455078125
0.02044677734375 0.7618408203125 0.406219482421875 -0.3231201171875
-0.2716064453125 0.89642333984375 0.360931396484375 -0.390289306640625
-0.388671875 0.92205810546875 0.460113525390625 -0.5106201171875
-0.47998046875 0.85382080078125 0.41204833984375 -0.4613037109375
-0.751953125 0.74822998046875 0.281829833984375 -0.339935302734375
-0.5694580078125 0.92596435546875 0.00898742675781246 -0.144882202148437
-0.4197998046875 0.99395751953125 -0.269775390625 0.0341949462890625
-0.22314453125 1.09906005859375 -0.4302978515625 0.210205078125
0.17718505859375 0.88323974609375 -0.283477783203125 0.269683837890625
0.436279296875 0.7286376953125 -0.156585693359375 0.283294677734375
0.60565185546875 0.5079345703125 -0.199737548828125 0.35968017578125
0.76324462890625 0.310302734375 -0.2513427734375 0.58544921875
0.48370361328125 0.232177734375 0.75726318359375 -0.24249267578125
0.26318359375 0.32562255859375 0.6365966796875 -0.196044921875
0.197662353515625 0.4193115234375 0.394622802734375 -0.136627197265625
-0.048583984375 0.49920654296875 0.384368896484375 -0.254302978515625
-0.2271728515625 0.6048583984375 0.3331298828125 -0.427978515625
-0.28564453125 0.660400390625 0.45391845703125 -0.6522216796875
-0.36016845703125 0.63720703125 0.48431396484375 -0.72735595703125
-0.57513427734375 0.5955810546875 0.4384765625 -0.6358642578125
-0.441650390625 0.7529296875 0.09918212890625 -0.467132568359375
-0.3118896484375 0.7991943359375 -0.265304565429688 -0.255844116210937
-0.16229248046875 0.87933349609375 -0.481048583984375 0.0529479980468751
0.1624755859375 0.69598388671875 -0.278350830078125 0.251083374023438
0.38519287109375 0.57080078125 -0.05810546875 0.358245849609375
0.51031494140625 0.394256591796875 0.00057983398437503 0.431396484375
0.611083984375 0.24298095703125 -0.0184326171874999 0.67523193359375
0.252548217773438 0.144271850585938 0.85955810546875 -0.168701171875
0.123260498046875 0.185577392578125 0.6778564453125 -0.11419677734375
0.0807037353515625 0.203460693359375 0.37640380859375 -0.04840087890625
-0.0561065673828125 0.233734130859375 0.34490966796875 -0.197418212890625
-0.127471923828125 0.30792236328125 0.310638427734375 -0.433074951171875
-0.141326904296875 0.36474609375 0.43804931640625 -0.717041015625
-0.192291259765625 0.348846435546875 0.51416015625 -0.898193359375
-0.3172607421875 0.349334716796875 0.525146484375 -0.84100341796875
-0.24609375 0.447174072265625 0.137451171875 -0.69451904296875
-0.162689208984375 0.458831787109375 -0.2818603515625 -0.460113525390625
-0.09393310546875 0.499267578125 -0.51837158203125 -0.063568115234375
0.08184814453125 0.38525390625 -0.277191162109375 0.233261108398438
0.23162841796875 0.3150634765625 0.00918579101562499 0.414459228515625
0.29681396484375 0.227752685546875 0.155059814453125 0.481842041015625
0.343048095703125 0.141693115234375 0.1513671875 0.72906494140625
0.00945377349853516 -0.000718116760253906 -0.30169677734375 -0.64031982421875
-0.0313720703125 0.0195693969726563 -0.296966552734375 -0.489593505859375
-0.019622802734375 0.0161628723144531 -0.098968505859375 -0.41314697265625
-0.0309925079345703 0.0159816741943359 0.207931518554687 -0.218902587890625
-0.0310459136962891 -0.0195827484130859 0.433868408203125 0.125213623046875
-0.0414962768554688 -0.0871124267578125 0.306976318359375 0.441192626953125
-0.0453338623046875 -0.0787124633789062 -0.12237548828125 0.7626953125
-0.0368576049804688 -0.094635009765625 -0.52911376953125 0.86151123046875
-0.0160675048828125 -0.105178833007812 -0.5245361328125 0.9085693359375
0.011077880859375 -0.0723876953125 -0.42047119140625 0.7467041015625
0.0488090515136719 -0.0421295166015625 -0.25628662109375 0.452911376953125
0.00821304321289063 -0.0122613906860352 -0.266632080078125 0.193878173828125
0.0208244323730469 -0.00475883483886719 -0.36016845703125 0.02813720703125
-0.0134811401367188 -0.0383262634277344 -0.6085205078125 0.068603515625
-0.00051498413085938 -0.0656471252441406 -0.9268798828125 0.14410400390625
0.334625244140625 0.093048095703125 -0.2657470703125 -0.6256103515625
0.238311767578125 0.172775268554688 -0.258575439453125 -0.50103759765625
0.243682861328125 0.281951904296875 -0.071746826171875 -0.446624755859375
0.068206787109375 0.385223388671875 0.232070922851563 -0.261672973632812
-0.09576416015625 0.415771484375 0.4293212890625 0.091461181640625
-0.189117431640625 0.3533935546875 0.345428466796875 0.399169921875
-0.2347412109375 0.3221435546875 -0.0460815429687501 0.72119140625
-0.332061767578125 0.218414306640625 -0.45416259765625 0.806884765625
-0.220504760742188 0.212921142578125 -0.472412109375 0.87750244140625
-0.149139404296875 0.207839965820313 -0.404052734375 0.7513427734375
-0.0819854736328125 0.236984252929688 -0.268829345703125 0.467742919921875
-0.0301361083984375 0.2139892578125 -0.2647705078125 0.2044677734375
0.0528411865234375 0.199935913085937 -0.34320068359375 0.017242431640625
0.108612060546875 0.148422241210937 -0.60693359375 0.05853271484375
0.243820190429687 0.0703887939453125 -0.91131591796875 0.1630859375
0.600341796875 0.179443359375 -0.1220703125 -0.591796875
0.453582763671875 0.308502197265625 -0.11700439453125 -0.50103759765625
0.455322265625 0.5089111328125 0.018157958984375 -0.462677001953125
0.146484375 0.70147705078125 0.278961181640625 -0.31964111328125
-0.15277099609375 0.7960205078125 0.418914794921875 -0.00894165039062495
-0.31085205078125 0.74005126953125 0.38397216796875 0.239715576171875
-0.39227294921875 0.6649169921875 0.0618286132812499 0.530914306640625
-0.58197021484375 0.4971923828125 -0.31048583984375 0.6248779296875
-0.403594970703125 0.521331787109375 -0.37860107421875 0.75421142578125
-0.2984619140625 0.50799560546875 -0.37298583984375 0.70758056640625
-0.194915771484375 0.55078125 -0.29339599609375 0.477935791015625
-0.032806396484375 0.468597412109375 -0.272598266601563 0.2283935546875
0.12353515625 0.4163818359375 -0.336029052734375 0.0426025390625
0.25537109375 0.327117919921875 -0.59210205078125 0.0962524414062501
0.476104736328125 0.195037841796875 -0.83734130859375 0.2354736328125
0.75640869140625 0.24676513671875 0.0965576171875001 -0.531097412109375
0.560455322265625 0.4063720703125 0.09686279296875 -0.47613525390625
0.5555419921875 0.6573486328125 0.145782470703125 -0.44195556640625
0.1751708984375 0.895751953125 0.3338623046875 -0.366485595703125
-0.19732666015625 1.0390625 0.40228271484375 -0.154266357421875
-0.3861083984375 0.9959716796875 0.417877197265625 -0.0113220214843749
-0.48565673828125 0.886962890625 0.1846923828125 0.2303466796875
-0.746337890625 0.6993408203125 -0.121795654296875 0.344085693359375
-0.53619384765625 0.779052734375 -0.2489013671875 0.528289794921875
-0.40631103515625 0.794921875 -0.32867431640625 0.57696533203125
-0.25384521484375 0.869384765625 -0.324493408203125 0.450714111328125
0.0291137695312499 0.722412109375 -0.279739379882813 0.255767822265625
0.24713134765625 0.6177978515625 -0.312408447265625 0.10638427734375
0.425048828125 0.46209716796875 -0.5245361328125 0.17657470703125
0.6663818359375 0.28173828125 -0.68951416015625 0.35003662109375
0.7777099609375 0.277099609375 0.34625244140625 -0.449249267578125
0.541473388671875 0.446075439453125 0.32635498046875 -0.411590576171875
0.51812744140625 0.686279296875 0.27703857421875 -0.3721923828125
0.12542724609375 0.91485595703125 0.381683349609375 -0.37030029296875
-0.23968505859375 1.0687255859375 0.37908935546875 -0.297119140625
-0.4102783203125 1.053955078125 0.43951416015625 -0.28594970703125
-0.50860595703125 0.9532470703125 0.301971435546875 -0.126068115234375
-0.79962158203125 0.79156494140625 0.0832214355468749 0.00372314453125005
-0.58978271484375 0.93194580078125 -0.112533569335938 0.21197509765625
-0.4417724609375 0.98345947265625 -0.28887939453125 0.341552734375
-0.24798583984375 1.08587646484375 -0.368560791015625 0.3587646484375
0.1275634765625 0.8846435546875 -0.279876708984375 0.27337646484375
0.38134765625 0.73406982421875 -0.24853515625 0.19403076171875
0.56622314453125 0.52239990234375 -0.386962890625 0.273406982421875
0.775146484375 0.31243896484375 -0.482696533203125 0.474212646484375
0.67510986328125 0.2716064453125 0.57550048828125 -0.35040283203125
0.4244384765625 0.4154052734375 0.51593017578125 -0.31268310546875
0.3704833984375 0.5958251953125 0.36712646484375 -0.26068115234375
0.0322875976562501 0.7548828125 0.39862060546875 -0.32757568359375
-0.25439453125 0.89471435546875 0.35089111328125 -0.392547607421875
-0.3707275390625 0.91986083984375 0.4476318359375 -0.513397216796875
-0.46221923828125 0.85650634765625 0.402130126953125 -0.464935302734375
-0.7359619140625 0.75604248046875 0.274169921875 -0.342620849609375
-0.549560546875 0.92803955078125 0.00736999511718746 -0.14337158203125
-0.39910888671875 0.9918212890625 -0.266311645507813 0.03961181640625
-0.2012939453125 1.09564208984375 -0.42205810546875 0.2166748046875
0.1910400390625 0.87579345703125 -0.276596069335938 0.270660400390625
0.4444580078125 0.716064453125 -0.150665283203125 0.28131103515625
0.608154296875 0.49365234375 -0.19329833984375 0.3621826171875
0.76104736328125 0.2939453125 -0.2396240234375 0.58648681640625
0.48297119140625 0.2244873046875 0.74774169921875 -0.25347900390625
0.265167236328125 0.3199462890625 0.62957763671875 -0.20550537109375
0.201629638671875 0.41339111328125 0.390716552734375 -0.141815185546875
-0.040985107421875 0.495697021484375 0.377227783203125 -0.259185791015625
-0.214599609375 0.60455322265625 0.324005126953125 -0.4298095703125
-0.27374267578125 0.65960693359375 0.441162109375 -0.65509033203125
-0.34600830078125 0.6370849609375 0.46990966796875 -0.7308349609375
-0.56134033203125 0.60235595703125 0.42559814453125 -0.63934326171875
-0.42498779296875 0.7557373046875 0.09283447265625 -0.46514892578125
-0.29571533203125 0.79791259765625 -0.26544189453125 -0.248611450195312
-0.14520263671875 0.8763427734375 -0.475830078125 0.063262939453125
0.1727294921875 0.689453125 -0.271408081054688 0.252212524414063
0.391143798828125 0.560089111328125 -0.05145263671875 0.354736328125
0.514007568359375 0.383453369140625 0.00662231445312503 0.430084228515625
0.61004638671875 0.2294921875 -0.00653076171874994 0.672607421875
0.252731323242188 0.139846801757813 0.8511962890625 -0.1815185546875
0.12481689453125 0.18267822265625 0.67144775390625 -0.12518310546875
0.0829010009765625 0.200958251953125 0.373077392578125 -0.054718017578125
-0.05255126953125 0.232315063476563 0.3385009765625 -0.20123291015625
-0.1207275390625 0.307464599609375 0.29986572265625 -0.433258056640625
-0.13519287109375 0.363250732421875 0.42132568359375 -0.7181396484375
-0.185028076171875 0.35040283203125 0.49468994140625 -0.9013671875
-0.309173583984375 0.353179931640625 0.50738525390625 -0.8441162109375
-0.237457275390625 0.448486328125 0.1280517578125 -0.6912841796875
-0.152862548828125 0.4583740234375 -0.28662109375 -0.449920654296875
-0.083526611328125 0.496978759765625 -0.515899658203125 -0.05267333984375
0.087615966796875 0.38226318359375 -0.271087646484375 0.235183715820312
0.23516845703125 0.3077392578125 0.016143798828125 0.409271240234375
0.29888916015625 0.220733642578125 0.159698486328125 0.477691650390625
0.342193603515625 0.13494873046875 0.16168212890625 0.72381591796875
0.00865602493286133 -0.00040435791015625 -0.30828857421875 -0.63330078125
-0.0306892395019531 0.0197525024414062 -0.30035400390625 -0.482696533203125
-0.018463134765625 0.0156593322753906 -0.103912353515625 -0.406982421875
-0.0290603637695313 0.0164146423339844 0.203506469726563 -0.219207763671875
-0.0315132141113281 -0.0188159942626953 0.43280029296875 0.117340087890625
-0.0432662963867187 -0.085723876953125 0.30999755859375 0.43280029296875
-0.0472183227539062 -0.0778121948242188 -0.11187744140625 0.7593994140625
-0.0390243530273438 -0.0930709838867188 -0.51190185546875 0.86376953125
-0.0188140869140625 -0.103652954101562 -0.50640869140625 0.90802001953125
0.00928497314453124 -0.0723419189453125 -0.405517578125 0.74822998046875
0.0478744506835938 -0.0430221557617188 -0.249298095703125 0.454193115234375
0.00844955444335938 -0.0122442245483398 -0.262130737304688 0.197189331054687
0.0211696624755859 -0.00543212890625 -0.3555908203125 0.033203125
-0.0139389038085937 -0.0376548767089844 -0.60260009765625 0.0778808593750001
-0.00220870971679687 -0.0658950805664063 -0.91656494140625 0.1546630859375
0.3331298828125 0.087890625 -0.2725830078125 -0.6162109375
0.238967895507813 0.168258666992188 -0.262786865234375 -0.494384765625
0.246780395507813 0.275299072265625 -0.0771484375 -0.440093994140625
0.074371337890625 0.3812255859375 0.22625732421875 -0.26239013671875
-0.0888671875 0.414398193359375 0.42633056640625 0.08392333984375
-0.183258056640625 0.35430908203125 0.346893310546875 0.388336181640625
-0.228759765625 0.32220458984375 -0.037353515625 0.7149658203125
-0.3277587890625 0.2215576171875 -0.43658447265625 0.80694580078125
-0.217193603515625 0.214019775390625 -0.45697021484375 0.87847900390625
-0.14483642578125 0.20745849609375 -0.38702392578125 0.751220703125
-0.0771942138671875 0.23553466796875 -0.25994873046875 0.468475341796875
-0.0267791748046875 0.21295166015625 -0.259445190429688 0.207550048828125
0.0558624267578125 0.196319580078125 -0.339080810546875 0.0218505859375
0.109420776367188 0.145339965820313 -0.6009521484375 0.068603515625
0.242889404296875 0.0654449462890625 -0.90228271484375 0.17645263671875
0.59857177734375 0.17041015625 -0.1282958984375 -0.5860595703125
0.45379638671875 0.30035400390625 -0.1209716796875 -0.498199462890625
0.459930419921875 0.49749755859375 0.010040283203125 -0.458099365234375
0.15545654296875 0.69287109375 0.271026611328125 -0.321075439453125
-0.13916015625 0.79205322265625 0.41552734375 -0.014892578125
-0.29827880859375 0.7379150390625 0.384002685546875 0.23065185546875
-0.37786865234375 0.663818359375 0.0687255859375 0.52508544921875
-0.5726318359375 0.503173828125 -0.2996826171875 0.6263427734375
-0.39569091796875 0.523406982421875 -0.36480712890625 0.75244140625
-0.2884521484375 0.50506591796875 -0.3599853515625 0.7066650390625
-0.185546875 0.549041748046875 -0.284912109375 0.477783203125
-0.025299072265625 0.466278076171875 -0.266998291015625 0.230194091796875
0.129058837890625 0.41046142578125 -0.331878662109375 0.0455322265625
0.2578125 0.319427490234375 -0.5865478515625 0.10406494140625
0.473297119140625 0.185821533203125 -0.8260498046875 0.24774169921875
0.75262451171875 0.23406982421875 0.090667724609375 -0.52850341796875
0.562103271484375 0.39654541015625 0.09014892578125 -0.4749755859375
0.56103515625 0.64306640625 0.1385498046875 -0.43988037109375
0.1878662109375 0.88714599609375 0.32623291015625 -0.368255615234375
-0.18194580078125 1.03399658203125 0.39691162109375 -0.15997314453125
-0.369384765625 0.9932861328125 0.412994384765625 -0.0175781249999999
-0.46771240234375 0.8890380859375 0.186874389648438 0.224639892578125
-0.7315673828125 0.70526123046875 -0.115142822265625 0.34332275390625
-0.52099609375 0.78240966796875 -0.239776611328125 0.527740478515625
-0.38946533203125 0.7933349609375 -0.3170166015625 0.57806396484375
-0.237548828125 0.86614990234375 -0.314208984375 0.45135498046875
0.0389404296875001 0.71600341796875 -0.27301025390625 0.258087158203125
0.25506591796875 0.6075439453125 -0.308319091796875 0.108306884765625
0.428985595703125 0.45343017578125 -0.5185546875 0.183013916015625
0.66339111328125 0.266845703125 -0.6785888671875 0.356689453125
0.77630615234375 0.26446533203125 0.337615966796875 -0.450439453125
0.54296875 0.436767578125 0.3204345703125 -0.413238525390625
0.52264404296875 0.6739501953125 0.269744873046875 -0.372772216796875
0.13671875 0.905029296875 0.37261962890625 -0.374420166015625
-0.2197265625 1.06500244140625 0.370513916015625 -0.300018310546875
-0.38983154296875 1.05133056640625 0.429779052734375 -0.291595458984375
-0.4906005859375 0.95166015625 0.2989501953125 -0.130706787109375
-0.78350830078125 0.7974853515625 0.0826339721679687 0.00302124023437505
-0.5706787109375 0.93096923828125 -0.108047485351563 0.212326049804688
-0.42376708984375 0.97979736328125 -0.2794189453125 0.343719482421875
-0.22845458984375 1.08197021484375 -0.359893798828125 0.36297607421875
0.13922119140625 0.87713623046875 -0.273025512695312 0.273681640625
0.38897705078125 0.72100830078125 -0.243194580078125 0.193496704101563
0.57061767578125 0.51123046875 -0.381378173828125 0.278350830078125
0.77294921875 0.29803466796875 -0.469879150390625 0.478485107421875
0.67193603515625 0.26116943359375 0.56640625 -0.35614013671875
0.424957275390625 0.406005859375 0.507965087890625 -0.319488525390625
0.37518310546875 0.5845947265625 0.3602294921875 -0.264190673828125
0.0413818359375 0.74810791015625 0.389190673828125 -0.331878662109375
-0.23834228515625 0.89117431640625 0.343536376953125 -0.394134521484375
-0.3544921875 0.91839599609375 0.43377685546875 -0.517364501953125
-0.4451904296875 0.85504150390625 0.392059326171875 -0.468780517578125
-0.71978759765625 0.76171875 0.267181396484375 -0.343414306640625
-0.53082275390625 0.927001953125 0.00627136230468747 -0.141708374023437
-0.3807373046875 0.98931884765625 -0.262039184570313 0.0440368652343751
-0.1812744140625 1.0902099609375 -0.415985107421875 0.2220458984375
0.20281982421875 0.8671875 -0.269760131835937 0.272476196289063
0.4512939453125 0.70013427734375 -0.1456298828125 0.278701782226563
0.61126708984375 0.48028564453125 -0.187896728515625 0.36376953125
0.75946044921875 0.279052734375 -0.2291259765625 0.5869140625
0.482879638671875 0.216583251953125 0.73870849609375 -0.263671875
0.26708984375 0.31561279296875 0.62158203125 -0.21417236328125
0.204620361328125 0.40838623046875 0.385955810546875 -0.14532470703125
-0.034423828125 0.4927978515625 0.369476318359375 -0.263092041015625
-0.20379638671875 0.60174560546875 0.315399169921875 -0.432281494140625
-0.25994873046875 0.6575927734375 0.42584228515625 -0.65618896484375
-0.33428955078125 0.63641357421875 0.45538330078125 -0.73211669921875
-0.5494384765625 0.60577392578125 0.41259765625 -0.6400146484375
-0.41302490234375 0.75506591796875 0.0858154296875 -0.4632568359375
-0.28192138671875 0.7947998046875 -0.265899658203125 -0.242111206054687
-0.1290283203125 0.87103271484375 -0.469573974609375 0.0697021484375
0.18109130859375 0.68218994140625 -0.264556884765625 0.253494262695313
0.3968505859375 0.5465087890625 -0.04644775390625 0.350494384765625
0.515106201171875 0.37225341796875 0.010894775390625 0.42803955078125
0.6087646484375 0.21795654296875 0.00207519531250011 0.66998291015625
0.252227783203125 0.135604858398438 0.8414306640625 -0.1920166015625
0.125747680664063 0.180770874023438 0.66314697265625 -0.1361083984375
0.08319091796875 0.198028564453125 0.369110107421875 -0.05938720703125
-0.0495147705078125 0.23114013671875 0.33258056640625 -0.20477294921875
-0.11474609375 0.30621337890625 0.289520263671875 -0.434478759765625
-0.128387451171875 0.362548828125 0.40631103515625 -0.71893310546875
-0.17755126953125 0.3507080078125 0.47796630859375 -0.9017333984375
-0.30181884765625 0.35540771484375 0.48944091796875 -0.84600830078125
-0.22845458984375 0.447662353515625 0.11920166015625 -0.68817138671875
-0.144744873046875 0.45672607421875 -0.2879638671875 -0.440704345703125
-0.073974609375 0.495086669921875 -0.51092529296875 -0.0439147949218749
0.09228515625 0.378875732421875 -0.26470947265625 0.236236572265625
0.238250732421875 0.30035400390625 0.021636962890625 0.4052734375
0.300018310546875 0.2147216796875 0.1649169921875 0.47259521484375
0.340667724609375 0.128936767578125 0.1702880859375 0.72039794921875
0.00864553451538086 -0.000226974487304688 -0.3138427734375 -0.62567138671875
-0.0298900604248047 0.0203895568847656 -0.3018798828125 -0.475738525390625
-0.0176029205322266 0.0150852203369141 -0.1085205078125 -0.401214599609375
-0.0277805328369141 0.0167942047119141 0.198440551757812 -0.21881103515625
-0.0315170288085938 -0.0182762145996094 0.428802490234375 0.11016845703125
-0.0446014404296875 -0.0842514038085938 0.310699462890625 0.423919677734375
-0.0490341186523438 -0.0765609741210938 -0.102294921875 0.75323486328125
-0.0404586791992188 -0.0918121337890625 -0.49688720703125 0.86553955078125
-0.0210418701171875 -0.101905822753906 -0.49139404296875 0.906494140625
0.00761413574218749 -0.072052001953125 -0.39349365234375 0.74639892578125
0.046875 -0.0438270568847656 -0.240814208984375 0.452239990234375
0.00894260406494141 -0.0119457244873047 -0.25726318359375 0.198806762695313
0.0216865539550781 -0.00604248046875 -0.351531982421875 0.0379638671875
-0.0147171020507813 -0.037567138671875 -0.59417724609375 0.0859985351562501
-0.0040283203125 -0.066009521484375 -0.9053955078125 0.16497802734375
0.331390380859375 0.08380126953125 -0.27642822265625 -0.61004638671875
0.23828125 0.16387939453125 -0.26483154296875 -0.488677978515625
0.248336791992188 0.269088745117188 -0.083282470703125 -0.434326171875
0.07977294921875 0.376678466796875 0.220596313476563 -0.262176513671875
-0.0825805664062501 0.411956787109375 0.42376708984375 0.07781982421875
-0.178131103515625 0.353240966796875 0.348388671875 0.379791259765625
-0.223968505859375 0.322021484375 -0.0277099609375 0.7088623046875
-0.32281494140625 0.224334716796875 -0.422607421875 0.8082275390625
-0.212860107421875 0.215118408203125 -0.44049072265625 0.87652587890625
-0.141220092773438 0.205596923828125 -0.3746337890625 0.748046875
-0.0729217529296875 0.233474731445313 -0.250946044921875 0.46746826171875
-0.02325439453125 0.2113037109375 -0.253448486328125 0.209030151367187
0.0578765869140625 0.192840576171875 -0.334747314453125 0.024993896484375
0.109848022460938 0.14263916015625 -0.5953369140625 0.0770263671874999
0.24078369140625 0.0609588623046875 -0.891357421875 0.185791015625
0.5943603515625 0.16180419921875 -0.1329345703125 -0.580322265625
0.453582763671875 0.291961669921875 -0.12579345703125 -0.492156982421875
0.46160888671875 0.48651123046875 0.00338745117187501 -0.45172119140625
0.16424560546875 0.6851806640625 0.263427734375 -0.32147216796875
-0.12786865234375 0.787109375 0.411041259765625 -0.02105712890625
-0.287841796875 0.7353515625 0.38232421875 0.2225341796875
-0.36688232421875 0.663818359375 0.073944091796875 0.519683837890625
-0.56109619140625 0.506561279296875 -0.287841796875 0.6239013671875
-0.385589599609375 0.522674560546875 -0.35296630859375 0.75201416015625
-0.279815673828125 0.50311279296875 -0.34771728515625 0.7054443359375
-0.174224853515625 0.54656982421875 -0.27490234375 0.477874755859375
-0.02044677734375 0.461883544921875 -0.260910034179688 0.231674194335938
0.1326904296875 0.403411865234375 -0.327789306640625 0.0477294921875001
0.25909423828125 0.31451416015625 -0.5784912109375 0.1112060546875
0.469818115234375 0.177154541015625 -0.8135986328125 0.2567138671875
0.74957275390625 0.2242431640625 0.084747314453125 -0.526458740234375
0.56085205078125 0.386199951171875 0.084228515625 -0.473236083984375
0.56585693359375 0.630859375 0.13104248046875 -0.438018798828125
0.19854736328125 0.8759765625 0.317413330078125 -0.369140625
-0.1654052734375 1.02716064453125 0.390411376953125 -0.164306640625
-0.35333251953125 0.98992919921875 0.407958984375 -0.0241394042968749
-0.45281982421875 0.88397216796875 0.188949584960937 0.21942138671875
-0.71673583984375 0.71160888671875 -0.10968017578125 0.3427734375
-0.50579833984375 0.780029296875 -0.23095703125 0.527130126953125
-0.37530517578125 0.7906494140625 -0.3060302734375 0.57757568359375
-0.224609375 0.86004638671875 -0.305999755859375 0.4517822265625
0.0478515624999999 0.7113037109375 -0.26654052734375 0.25775146484375
0.25994873046875 0.596923828125 -0.303558349609375 0.109405517578125
0.43035888671875 0.44390869140625 -0.511871337890625 0.19000244140625
0.660400390625 0.25408935546875 -0.6673583984375 0.364501953125
0.77117919921875 0.2540283203125 0.330474853515625 -0.451568603515625
0.542694091796875 0.42645263671875 0.311553955078125 -0.4156494140625
0.52569580078125 0.66021728515625 0.262847900390625 -0.372833251953125
0.1474609375 0.89373779296875 0.364227294921875 -0.375274658203125
-0.20458984375 1.057861328125 0.362823486328125 -0.30322265625
-0.3729248046875 1.04803466796875 0.420867919921875 -0.295684814453125
-0.473388671875 0.94940185546875 0.295562744140625 -0.133636474609375
-0.766357421875 0.80230712890625 0.0821380615234375 0.00238037109375005
-0.554443359375 0.92987060546875 -0.103195190429688 0.212738037109375
-0.40643310546875 0.97601318359375 -0.272308349609375 0.344146728515625
-0.21246337890625 1.07525634765625 -0.3511962890625 0.3658447265625
0.149169921875 0.869140625 -0.266677856445313 0.27496337890625
0.3946533203125 0.707275390625 -0.238601684570312 0.19256591796875
0.57098388671875 0.49957275390625 -0.3748779296875 0.28314208984375
0.76873779296875 0.2843017578125 -0.459930419921875 0.481964111328125
0.66845703125 0.25079345703125 0.558135986328125 -0.361328125
0.424957275390625 0.399749755859375 0.499542236328125 -0.324859619140625
0.3779296875 0.5740966796875 0.353271484375 -0.26641845703125
0.0494995117187501 0.74078369140625 0.380340576171875 -0.3336181640625
-0.22314453125 0.8870849609375 0.334869384765625 -0.395904541015625
-0.339111328125 0.9136962890625 0.42181396484375 -0.519195556640625
-0.428466796875 0.85540771484375 0.382232666015625 -0.470001220703125
-0.70294189453125 0.7666015625 0.261016845703125 -0.3433837890625
-0.5157470703125 0.92730712890625 0.00555419921874997 -0.139671325683594
-0.36376953125 0.98504638671875 -0.257568359375 0.047576904296875
-0.16583251953125 1.082275390625 -0.407867431640625 0.226593017578125
0.21368408203125 0.8583984375 -0.263458251953125 0.272384643554688
0.45684814453125 0.6859130859375 -0.140625 0.276214599609375
0.6121826171875 0.46746826171875 -0.182525634765625 0.364654541015625
0.7542724609375 0.2667236328125 -0.21856689453125 0.58746337890625
0.480712890625 0.209320068359375 0.72900390625 -0.2701416015625
0.26776123046875 0.309783935546875 0.61279296875 -0.221923828125
0.206817626953125 0.400482177734375 0.38018798828125 -0.1497802734375
-0.029510498046875 0.487518310546875 0.3624267578125 -0.26422119140625
-0.1934814453125 0.5992431640625 0.306304931640625 -0.431976318359375
-0.2493896484375 0.6551513671875 0.4117431640625 -0.6573486328125
-0.321533203125 0.6365966796875 0.43951416015625 -0.732177734375
-0.53564453125 0.60870361328125 0.40087890625 -0.6405029296875
-0.397705078125 0.75250244140625 0.081329345703125 -0.45806884765625
-0.26824951171875 0.790771484375 -0.264892578125 -0.23480224609375
-0.114990234375 0.8651123046875 -0.462921142578125 0.0769042968750001
0.189697265625 0.6746826171875 -0.258621215820313 0.253448486328125
0.3994140625 0.534942626953125 -0.04150390625 0.345855712890625
0.516845703125 0.36212158203125 0.0164794921875 0.4267578125
0.60443115234375 0.2088623046875 0.0106201171875001 0.66656494140625
0.2515869140625 0.131881713867187 0.83251953125 -0.20111083984375
0.12628173828125 0.178955078125 0.6546630859375 -0.14385986328125
0.084228515625 0.194564819335938 0.365814208984375 -0.064056396484375
-0.0470428466796875 0.22955322265625 0.32672119140625 -0.20758056640625
-0.108856201171875 0.304107666015625 0.281494140625 -0.43426513671875
-0.12127685546875 0.358612060546875 0.39117431640625 -0.71783447265625
-0.171356201171875 0.351165771484375 0.4613037109375 -0.89813232421875
-0.294464111328125 0.357147216796875 0.4761962890625 -0.8450927734375
-0.221923828125 0.447418212890625 0.111083984375 -0.68328857421875
-0.136138916015625 0.454437255859375 -0.291168212890625 -0.43328857421875
-0.0655517578125 0.4912109375 -0.506195068359375 -0.03564453125
0.096923828125 0.37506103515625 -0.25921630859375 0.236831665039063
0.239776611328125 0.2933349609375 0.026336669921875 0.39990234375
0.30096435546875 0.208587646484375 0.1678466796875 0.47027587890625
0.338623046875 0.1231689453125 0.17730712890625 0.7135009765625
0.00810098648071289 -9.5367431640625E-05 -0.31744384765625 -0.61700439453125
-0.0291080474853516 0.0206375122070312 -0.30535888671875 -0.469451904296875
-0.0171566009521484 0.0148534774780273 -0.113250732421875 -0.39544677734375
-0.0260982513427734 0.0170726776123047 0.194137573242188 -0.218887329101563
-0.031829833984375 -0.0173778533935547 0.4273681640625 0.1025390625
-0.046173095703125 -0.0825424194335937 0.31195068359375 0.414306640625
-0.0507354736328125 -0.0753326416015625 -0.0931396484375001 0.74749755859375
-0.04229736328125 -0.090240478515625 -0.4808349609375 0.865234375
-0.0234222412109375 -0.100311279296875 -0.47515869140625 0.903076171875
0.00628662109375 -0.07232666015625 -0.3798828125 0.74395751953125
0.045928955078125 -0.0445709228515625 -0.234771728515625 0.451202392578125
0.00906181335449219 -0.0120086669921875 -0.252029418945313 0.199920654296875
0.0217494964599609 -0.00670623779296875 -0.346527099609375 0.0411071777343749
-0.0150642395019531 -0.0370597839355469 -0.5875244140625 0.0925903320312501
-0.0048980712890625 -0.0660018920898438 -0.8974609375 0.17529296875
0.328765869140625 0.07958984375 -0.28106689453125 -0.60369873046875
0.238037109375 0.159942626953125 -0.266815185546875 -0.481109619140625
0.248947143554688 0.262969970703125 -0.0872802734375 -0.4283447265625
0.0836181640625 0.373443603515625 0.215103149414063 -0.262115478515625
-0.077392578125 0.409698486328125 0.4200439453125 0.071441650390625
-0.172821044921875 0.3524169921875 0.348052978515625 0.37225341796875
-0.218963623046875 0.321502685546875 -0.0192260742187499 0.703857421875
-0.31768798828125 0.226593017578125 -0.4085693359375 0.80810546875
-0.209823608398437 0.215835571289063 -0.42706298828125 0.87322998046875
-0.138442993164063 0.20501708984375 -0.36175537109375 0.7467041015625
-0.0697174072265625 0.2318115234375 -0.243194580078125 0.465667724609375
-0.020355224609375 0.210189819335938 -0.249176025390625 0.209991455078125
0.0597076416015625 0.190017700195313 -0.330352783203125 0.02734375
0.109611511230469 0.139900207519531 -0.58819580078125 0.08306884765625
0.237747192382813 0.056182861328125 -0.8797607421875 0.1962890625
0.5909423828125 0.15460205078125 -0.13787841796875 -0.57391357421875
0.452056884765625 0.2845458984375 -0.127197265625 -0.48797607421875
0.463653564453125 0.4749755859375 -0.00253295898437499 -0.4478759765625
0.1717529296875 0.6787109375 0.257415771484375 -0.320892333984375
-0.1173095703125 0.7830810546875 0.40594482421875 -0.0266418457031249
-0.2760009765625 0.73345947265625 0.37994384765625 0.214019775390625
-0.3558349609375 0.65997314453125 0.080230712890625 0.513336181640625
-0.550933837890625 0.509674072265625 -0.2779541015625 0.62445068359375
-0.37677001953125 0.523468017578125 -0.341552734375 0.749755859375
-0.271820068359375 0.501434326171875 -0.334228515625 0.70367431640625
-0.167694091796875 0.540618896484375 -0.266876220703125 0.478240966796875
-0.01446533203125 0.45965576171875 -0.2557373046875 0.232177734375
0.13531494140625 0.397369384765625 -0.3236083984375 0.049774169921875
0.260528564453125 0.308441162109375 -0.57147216796875 0.1192626953125
0.466583251953125 0.169677734375 -0.80352783203125 0.26568603515625
0.746337890625 0.212158203125 0.0802001953125 -0.5223388671875
0.558929443359375 0.3770751953125 0.08050537109375 -0.470458984375
0.567138671875 0.6163330078125 0.1251220703125 -0.434173583984375
0.2047119140625 0.86676025390625 0.30877685546875 -0.3697509765625
-0.1512451171875 1.01849365234375 0.3841552734375 -0.16790771484375
-0.339599609375 0.98419189453125 0.40350341796875 -0.0293884277343749
-0.43792724609375 0.8807373046875 0.190704345703125 0.215011596679688
-0.70513916015625 0.71417236328125 -0.10504150390625 0.341705322265625
-0.492919921875 0.7772216796875 -0.223480224609375 0.5262451171875
-0.36285400390625 0.7845458984375 -0.29595947265625 0.576171875
-0.2103271484375 0.85491943359375 -0.2962646484375 0.45318603515625
0.0569458007812499 0.7042236328125 -0.26031494140625 0.257843017578125
0.26324462890625 0.58685302734375 -0.29925537109375 0.109893798828125
0.430999755859375 0.43487548828125 -0.505584716796875 0.195831298828125
0.65582275390625 0.24359130859375 -0.65509033203125 0.36932373046875
0.76727294921875 0.2440185546875 0.32366943359375 -0.451141357421875
0.5418701171875 0.417694091796875 0.305633544921875 -0.416961669921875
0.52740478515625 0.64837646484375 0.256591796875 -0.372222900390625
0.1551513671875 0.8846435546875 0.356353759765625 -0.37677001953125
-0.18792724609375 1.05169677734375 0.356353759765625 -0.305511474609375
-0.35601806640625 1.0426025390625 0.41241455078125 -0.299560546875
-0.45806884765625 0.94439697265625 0.292266845703125 -0.136810302734375
-0.75030517578125 0.80560302734375 0.0819244384765625 0.00190734863281255
-0.53875732421875 0.92626953125 -0.0997161865234375 0.213027954101563
-0.3897705078125 0.97100830078125 -0.264892578125 0.34539794921875
-0.19732666015625 1.06768798828125 -0.342559814453125 0.36676025390625
0.1580810546875 0.86181640625 -0.260452270507813 0.273773193359375
0.39691162109375 0.69378662109375 -0.234130859375 0.190948486328125
0.57073974609375 0.4873046875 -0.36798095703125 0.285797119140625
0.76324462890625 0.27197265625 -0.450164794921875 0.4837646484375
0.66455078125 0.24273681640625 0.549285888671875 -0.3638916015625
0.42449951171875 0.392486572265625 0.492950439453125 -0.3282470703125
0.379638671875 0.56427001953125 0.34820556640625 -0.26776123046875
0.0571289062499999 0.7322998046875 0.374114990234375 -0.334716796875
-0.20916748046875 0.8785400390625 0.325469970703125 -0.395416259765625
-0.32421875 0.9083251953125 0.411224365234375 -0.521148681640625
-0.41558837890625 0.8521728515625 0.37530517578125 -0.469390869140625
-0.6885986328125 0.76763916015625 0.25421142578125 -0.3436279296875
-0.499267578125 0.92333984375 0.00546264648437497 -0.137710571289062
-0.34954833984375 0.97955322265625 -0.253738403320313 0.0510559082031251
-0.14990234375 1.075439453125 -0.400726318359375 0.2303466796875
0.2220458984375 0.849853515625 -0.25738525390625 0.272003173828125
0.4588623046875 0.672607421875 -0.136260986328125 0.272781372070313
0.6114501953125 0.45611572265625 -0.17706298828125 0.365386962890625
0.7491455078125 0.25482177734375 -0.20880126953125 0.58746337890625
0.47711181640625 0.202545166015625 0.72003173828125 -0.27496337890625
0.267333984375 0.30621337890625 0.6046142578125 -0.22833251953125
0.20843505859375 0.393768310546875 0.375030517578125 -0.152740478515625
-0.024658203125 0.483428955078125 0.35650634765625 -0.2669677734375
-0.18341064453125 0.59442138671875 0.29766845703125 -0.430755615234375
-0.23846435546875 0.65045166015625 0.3994140625 -0.65496826171875
-0.3115234375 0.6343994140625 0.4302978515625 -0.72967529296875
-0.524658203125 0.61138916015625 0.3905029296875 -0.63958740234375
-0.38531494140625 0.74993896484375 0.0765075683593749 -0.454742431640625
-0.25579833984375 0.7855224609375 -0.264205932617188 -0.229736328125
-0.10382080078125 0.8587646484375 -0.457763671875 0.0824279785156251
0.19610595703125 0.6680908203125 -0.252853393554688 0.253082275390625
0.40167236328125 0.5242919921875 -0.037841796875 0.341339111328125
0.514801025390625 0.3533935546875 0.01910400390625 0.42401123046875
0.60015869140625 0.19879150390625 0.0184326171875001 0.662353515625
0.250808715820313 0.128555297851563 0.820556640625 -0.2081298828125
0.126983642578125 0.177093505859375 0.64697265625 -0.1517333984375
0.0844268798828125 0.19219970703125 0.3623046875 -0.067718505859375
-0.04522705078125 0.227554321289062 0.321441650390625 -0.20904541015625
-0.104034423828125 0.30224609375 0.275421142578125 -0.43341064453125
-0.114990234375 0.355987548828125 0.37933349609375 -0.716064453125
-0.164337158203125 0.349639892578125 0.44720458984375 -0.89581298828125
-0.288787841796875 0.358306884765625 0.46441650390625 -0.84454345703125
-0.21380615234375 0.446685791015625 0.10418701171875 -0.677490234375
-0.129486083984375 0.44970703125 -0.2916259765625 -0.424835205078125
-0.05902099609375 0.488433837890625 -0.501800537109375 -0.028533935546875
0.099761962890625 0.37164306640625 -0.253433227539063 0.236587524414063
0.24041748046875 0.286346435546875 0.0306396484375 0.394073486328125
0.30023193359375 0.2030029296875 0.17047119140625 0.46331787109375
0.336151123046875 0.118621826171875 0.18463134765625 0.7086181640625
0.00768184661865234 5.43594360351562E-05 -0.32049560546875 -0.6104736328125
-0.0286655426025391 0.0209560394287109 -0.30535888671875 -0.46282958984375
-0.0165882110595703 0.0141754150390625 -0.115264892578125 -0.389739990234375
-0.025177001953125 0.0169048309326172 0.190887451171875 -0.21759033203125
-0.0318717956542969 -0.0167961120605469 0.42333984375 0.098052978515625
-0.0471878051757813 -0.0811996459960937 0.311920166015625 0.406951904296875
-0.0524520874023437 -0.07403564453125 -0.08709716796875 0.74188232421875
-0.0436325073242188 -0.0889511108398438 -0.4697265625 0.8648681640625
-0.0246353149414062 -0.0984573364257813 -0.46417236328125 0.90167236328125
0.005279541015625 -0.0719070434570313 -0.368896484375 0.73870849609375
0.044769287109375 -0.045166015625 -0.22882080078125 0.4490966796875
0.00903034210205078 -0.0118675231933594 -0.248306274414062 0.200775146484375
0.0218982696533203 -0.00728416442871094 -0.342193603515625 0.0435791015625
-0.0154304504394531 -0.0363426208496094 -0.5811767578125 0.09771728515625
-0.00619125366210938 -0.0658645629882813 -0.884521484375 0.18194580078125
0.326385498046875 0.076019287109375 -0.283203125 -0.59564208984375
0.237106323242188 0.15716552734375 -0.267303466796875 -0.47650146484375
0.249664306640625 0.25714111328125 -0.09112548828125 -0.422271728515625
0.087493896484375 0.368682861328125 0.21026611328125 -0.260391235351563
-0.072235107421875 0.4068603515625 0.4166259765625 0.0665283203125
-0.168060302734375 0.35137939453125 0.3468017578125 0.36309814453125
-0.214019775390625 0.320831298828125 -0.0134887695312501 0.695556640625
-0.313507080078125 0.22857666015625 -0.3975830078125 0.80419921875
-0.20660400390625 0.215621948242188 -0.41497802734375 0.87158203125
-0.135162353515625 0.203323364257813 -0.35150146484375 0.74176025390625
-0.0662841796875 0.229415893554687 -0.2373046875 0.463592529296875
-0.017242431640625 0.208648681640625 -0.244735717773438 0.209945678710937
0.0612335205078125 0.186065673828125 -0.32672119140625 0.02923583984375
0.110221862792969 0.137611389160156 -0.581787109375 0.08807373046875
0.235382080078125 0.052825927734375 -0.86907958984375 0.2030029296875
0.5863037109375 0.14764404296875 -0.14080810546875 -0.5682373046875
0.44970703125 0.2794189453125 -0.1297607421875 -0.48358154296875
0.46453857421875 0.464111328125 -0.006011962890625 -0.443389892578125
0.17767333984375 0.67010498046875 0.25164794921875 -0.31964111328125
-0.10693359375 0.77532958984375 0.4022216796875 -0.0299072265625
-0.26702880859375 0.72998046875 0.377410888671875 0.20819091796875
-0.34771728515625 0.658203125 0.0836486816406249 0.506927490234375
-0.540924072265625 0.510772705078125 -0.2696533203125 0.6209716796875
-0.3690185546875 0.521087646484375 -0.33087158203125 0.7469482421875
-0.26556396484375 0.498199462890625 -0.32391357421875 0.6993408203125
-0.160308837890625 0.537261962890625 -0.259490966796875 0.47698974609375
-0.0100097656250001 0.4552001953125 -0.250076293945312 0.231842041015625
0.137237548828125 0.389739990234375 -0.319793701171875 0.0505065917968751
0.259552001953125 0.30364990234375 -0.56475830078125 0.124267578125
0.463623046875 0.161285400390625 -0.7918701171875 0.2711181640625
0.74029541015625 0.20489501953125 0.0753479003906251 -0.519439697265625
0.55755615234375 0.36993408203125 0.075836181640625 -0.46875
0.5653076171875 0.604736328125 0.11968994140625 -0.4306640625
0.21240234375 0.8563232421875 0.30242919921875 -0.3682861328125
-0.13818359375 1.01031494140625 0.378692626953125 -0.16973876953125
-0.32562255859375 0.97821044921875 0.39727783203125 -0.0341491699218749
-0.42559814453125 0.87823486328125 0.191696166992187 0.21014404296875
-0.69171142578125 0.7125244140625 -0.099822998046875 0.33990478515625
-0.47991943359375 0.7767333984375 -0.215911865234375 0.523345947265625
-0.35028076171875 0.77923583984375 -0.28582763671875 0.5740966796875
-0.19952392578125 0.8489990234375 -0.290557861328125 0.452301025390625
0.0630493164062501 0.69830322265625 -0.2557373046875 0.257492065429688
0.265869140625 0.57781982421875 -0.294921875 0.10919189453125
0.430023193359375 0.42645263671875 -0.498291015625 0.200714111328125
0.6519775390625 0.23284912109375 -0.64544677734375 0.37469482421875
0.76129150390625 0.23443603515625 0.31744384765625 -0.45025634765625
0.539825439453125 0.410491943359375 0.29986572265625 -0.417388916015625
0.529296875 0.63653564453125 0.2501220703125 -0.37152099609375
0.16094970703125 0.87518310546875 0.349517822265625 -0.3759765625
-0.17449951171875 1.04229736328125 0.3494873046875 -0.305938720703125
-0.343017578125 1.037353515625 0.40460205078125 -0.30120849609375
-0.4447021484375 0.94134521484375 0.28875732421875 -0.139678955078125
-0.7362060546875 0.80377197265625 0.081329345703125 0.00135803222656255
-0.5250244140625 0.92376708984375 -0.0962677001953126 0.212814331054688
-0.37933349609375 0.9642333984375 -0.258087158203125 0.345367431640625
-0.1820068359375 1.058837890625 -0.33514404296875 0.367919921875
0.165283203125 0.85235595703125 -0.2545166015625 0.271286010742188
0.3990478515625 0.681884765625 -0.230392456054687 0.188812255859375
0.56982421875 0.47894287109375 -0.3624267578125 0.289154052734375
0.75909423828125 0.2589111328125 -0.4398193359375 0.485595703125
0.65985107421875 0.23388671875 0.541656494140625 -0.36541748046875
0.42376708984375 0.38690185546875 0.485107421875 -0.33135986328125
0.380126953125 0.55670166015625 0.341888427734375 -0.269012451171875
0.06146240234375 0.72589111328125 0.367279052734375 -0.3343505859375
-0.19976806640625 0.87298583984375 0.3192138671875 -0.394683837890625
-0.31243896484375 0.90191650390625 0.401123046875 -0.520904541015625
-0.40179443359375 0.84710693359375 0.367340087890625 -0.469207763671875
-0.67742919921875 0.76837158203125 0.249359130859375 -0.34295654296875
-0.4849853515625 0.91949462890625 0.00537109374999997 -0.135643005371094
-0.3338623046875 0.972412109375 -0.24920654296875 0.053436279296875
-0.13763427734375 1.067626953125 -0.39404296875 0.2327880859375
0.2255859375 0.84027099609375 -0.250885009765625 0.27032470703125
0.460205078125 0.65936279296875 -0.133132934570313 0.269149780273438
0.61016845703125 0.4453125 -0.17242431640625 0.365325927734375
0.74481201171875 0.2440185546875 -0.20037841796875 0.5855712890625
0.4749755859375 0.19683837890625 0.7103271484375 -0.2794189453125
0.266815185546875 0.30169677734375 0.5966796875 -0.23248291015625
0.208770751953125 0.389617919921875 0.370758056640625 -0.154541015625
-0.02130126953125 0.47869873046875 0.348968505859375 -0.26800537109375
-0.17633056640625 0.58843994140625 0.2899169921875 -0.42950439453125
-0.22979736328125 0.646240234375 0.38909912109375 -0.655029296875
-0.29986572265625 0.6319580078125 0.4171142578125 -0.72955322265625
-0.515380859375 0.6114501953125 0.38153076171875 -0.63824462890625
-0.37493896484375 0.74847412109375 0.07421875 -0.450714111328125
-0.24554443359375 0.781982421875 -0.2628173828125 -0.223968505859375
-0.0916748046875 0.85260009765625 -0.4521484375 0.0862731933593751
0.20135498046875 0.66131591796875 -0.247817993164063 0.252059936523438
0.40252685546875 0.514190673828125 -0.0341796875 0.336151123046875
0.513336181640625 0.344451904296875 0.02301025390625 0.4208984375
0.59625244140625 0.19183349609375 0.02532958984375 0.65777587890625
0.250015258789063 0.125198364257812 0.81036376953125 -0.2135009765625
0.1268310546875 0.17510986328125 0.638427734375 -0.15655517578125
0.0845947265625 0.189712524414063 0.359039306640625 -0.070892333984375
-0.0435028076171875 0.226150512695312 0.316497802734375 -0.21044921875
-0.0997314453125 0.29901123046875 0.268157958984375 -0.43212890625
-0.110137939453125 0.351837158203125 0.3673095703125 -0.7117919921875
-0.159027099609375 0.34869384765625 0.43475341796875 -0.89129638671875
-0.2825927734375 0.3590087890625 0.45074462890625 -0.84075927734375
-0.20806884765625 0.443817138671875 0.0989990234375 -0.67315673828125
-0.12371826171875 0.446868896484375 -0.2926025390625 -0.41815185546875
-0.052642822265625 0.48516845703125 -0.4967041015625 -0.022735595703125
0.10333251953125 0.368072509765625 -0.248977661132813 0.236083984375
0.240005493164063 0.280654907226563 0.0343017578125001 0.388763427734375
0.300140380859375 0.19683837890625 0.17156982421875 0.45892333984375
0.33404541015625 0.115264892578125 0.19140625 0.70361328125
0.00743770599365234 8.86917114257812E-05 -0.32318115234375 -0.604248046875
-0.0281486511230469 0.0210323333740234 -0.305816650390625 -0.459564208984375
-0.0161199569702148 0.0134038925170898 -0.117431640625 -0.38336181640625
-0.0236015319824219 0.0169048309326172 0.187469482421875 -0.215957641601562
-0.0319118499755859 -0.0161514282226562 0.420318603515625 0.094757080078125
-0.0484542846679687 -0.0801239013671875 0.312347412109375 0.399688720703125
-0.0536880493164063 -0.0730667114257813 -0.08203125 0.73675537109375
-0.0445938110351563 -0.08758544921875 -0.45806884765625 0.86175537109375
-0.0263442993164063 -0.0969009399414063 -0.45196533203125 0.897216796875
0.0035400390625 -0.0717315673828125 -0.36053466796875 0.7342529296875
0.0440025329589844 -0.045623779296875 -0.22235107421875 0.44683837890625
0.00947856903076172 -0.0120143890380859 -0.244354248046875 0.201416015625
0.0224494934082031 -0.00810432434082031 -0.33740234375 0.0458984375
-0.0157737731933594 -0.0362358093261719 -0.57415771484375 0.10198974609375
-0.00745010375976562 -0.0660400390625 -0.8753662109375 0.1884765625
0.323760986328125 0.073516845703125 -0.28436279296875 -0.59039306640625
0.235595703125 0.154281616210938 -0.2686767578125 -0.470367431640625
0.249649047851563 0.252426147460938 -0.0927734375 -0.41607666015625
0.09039306640625 0.3643798828125 0.206878662109375 -0.259292602539063
-0.06744384765625 0.404083251953125 0.4139404296875 0.062408447265625
-0.16497802734375 0.34954833984375 0.345123291015625 0.35601806640625
-0.211273193359375 0.31976318359375 -0.00921630859375002 0.6912841796875
-0.31011962890625 0.2288818359375 -0.388671875 0.80267333984375
-0.203857421875 0.215789794921875 -0.40557861328125 0.865234375
-0.132827758789063 0.201248168945313 -0.34210205078125 0.73760986328125
-0.0633087158203125 0.22674560546875 -0.23162841796875 0.46343994140625
-0.0156707763671875 0.207427978515625 -0.240463256835938 0.210952758789063
0.061798095703125 0.18267822265625 -0.32293701171875 0.030426025390625
0.109481811523437 0.135780334472656 -0.57489013671875 0.0926513671874999
0.232864379882813 0.049896240234375 -0.8590087890625 0.2078857421875
0.58306884765625 0.14208984375 -0.1422119140625 -0.56396484375
0.4483642578125 0.273681640625 -0.131988525390625 -0.479248046875
0.46319580078125 0.456451416015625 -0.00955200195312496 -0.437713623046875
0.1817626953125 0.6627197265625 0.2474365234375 -0.317901611328125
-0.0994873046875 0.76953125 0.397796630859375 -0.033172607421875
-0.259033203125 0.72552490234375 0.3739013671875 0.20391845703125
-0.340576171875 0.65478515625 0.0875549316406249 0.50225830078125
-0.53466796875 0.510955810546875 -0.2623291015625 0.62078857421875
-0.362091064453125 0.519378662109375 -0.32177734375 0.74310302734375
-0.25799560546875 0.493804931640625 -0.31488037109375 0.69647216796875
-0.152923583984375 0.5333251953125 -0.25421142578125 0.474884033203125
-0.00524902343749999 0.453277587890625 -0.245468139648437 0.23138427734375
0.1383056640625 0.384307861328125 -0.316314697265625 0.0512390136718751
0.259552001953125 0.298492431640625 -0.55908203125 0.128326416015625
0.459381103515625 0.155670166015625 -0.78106689453125 0.275146484375
0.73529052734375 0.19805908203125 0.072906494140625 -0.516632080078125
0.554412841796875 0.363037109375 0.073455810546875 -0.465911865234375
0.56591796875 0.5947265625 0.114471435546875 -0.42706298828125
0.21636962890625 0.84765625 0.297576904296875 -0.366973876953125
-0.13018798828125 1.00311279296875 0.374237060546875 -0.1712646484375
-0.3165283203125 0.972412109375 0.39276123046875 -0.0370483398437499
-0.414306640625 0.87249755859375 0.192474365234375 0.206268310546875
-0.6805419921875 0.713623046875 -0.09576416015625 0.338958740234375
-0.4705810546875 0.77178955078125 -0.2081298828125 0.521728515625
-0.341552734375 0.77490234375 -0.27874755859375 0.57122802734375
-0.18963623046875 0.8419189453125 -0.28302001953125 0.451629638671875
0.06671142578125 0.693115234375 -0.250839233398438 0.255905151367188
0.26751708984375 0.5675048828125 -0.291900634765625 0.10791015625
0.4290771484375 0.42169189453125 -0.491729736328125 0.203582763671875
0.64593505859375 0.2269287109375 -0.63623046875 0.3770751953125
0.75897216796875 0.228271484375 0.312744140625 -0.4498291015625
0.5384521484375 0.403839111328125 0.295684814453125 -0.417724609375
0.5274658203125 0.62603759765625 0.244049072265625 -0.3690185546875
0.1666259765625 0.86627197265625 0.34295654296875 -0.375579833984375
-0.165771484375 1.0361328125 0.34429931640625 -0.3062744140625
-0.33306884765625 1.02911376953125 0.396697998046875 -0.301727294921875
-0.4344482421875 0.93609619140625 0.285858154296875 -0.141387939453125
-0.72540283203125 0.80401611328125 0.0811004638671875 0.000953674316406299
-0.51373291015625 0.91943359375 -0.0933380126953125 0.21221923828125
-0.364013671875 0.9586181640625 -0.2515869140625 0.344451904296875
-0.17095947265625 1.05194091796875 -0.329986572265625 0.3671875
0.17108154296875 0.84442138671875 -0.249481201171875 0.2711181640625
0.4005126953125 0.67156982421875 -0.226959228515625 0.186996459960938
0.567626953125 0.46917724609375 -0.356964111328125 0.290679931640625
0.75274658203125 0.2513427734375 -0.43157958984375 0.48583984375
0.65594482421875 0.22857666015625 0.53436279296875 -0.3663330078125
0.42230224609375 0.38201904296875 0.478668212890625 -0.333282470703125
0.380218505859375 0.5487060546875 0.337432861328125 -0.2685546875
0.067138671875 0.71881103515625 0.36041259765625 -0.333831787109375
-0.18914794921875 0.8671875 0.313262939453125 -0.394805908203125
-0.3028564453125 0.896728515625 0.391326904296875 -0.519866943359375
-0.39154052734375 0.84320068359375 0.36151123046875 -0.470672607421875
-0.6656494140625 0.76934814453125 0.245269775390625 -0.342254638671875
-0.4759521484375 0.9161376953125 0.00507354736328123 -0.134140014648437
-0.324462890625 0.96502685546875 -0.24560546875 0.0558166503906251
-0.12481689453125 1.05859375 -0.38763427734375 0.23468017578125
0.23199462890625 0.8328857421875 -0.246536254882813 0.269195556640625
0.46136474609375 0.65045166015625 -0.130477905273437 0.265029907226563
0.6070556640625 0.438232421875 -0.169281005859375 0.36590576171875
0.73895263671875 0.23486328125 -0.19439697265625 0.58306884765625
0.47216796875 0.1917724609375 0.7020263671875 -0.28265380859375
0.2664794921875 0.299346923828125 0.59002685546875 -0.2369384765625
0.2080078125 0.3837890625 0.36810302734375 -0.15679931640625
-0.017425537109375 0.474761962890625 0.345306396484375 -0.267547607421875
-0.169189453125 0.5836181640625 0.28436279296875 -0.42877197265625
-0.2232666015625 0.64044189453125 0.37841796875 -0.6512451171875
-0.29364013671875 0.62957763671875 0.40948486328125 -0.72540283203125
-0.50640869140625 0.61102294921875 0.37353515625 -0.63604736328125
-0.3658447265625 0.74285888671875 0.0721435546875 -0.447723388671875
-0.23724365234375 0.77484130859375 -0.261032104492188 -0.219940185546875
-0.0831298828124999 0.8468017578125 -0.44696044921875 0.0911865234375
0.2049560546875 0.6546630859375 -0.243576049804687 0.250503540039063
0.402801513671875 0.503936767578125 -0.03143310546875 0.330810546875
0.512359619140625 0.336669921875 0.024688720703125 0.41949462890625
0.59228515625 0.1859130859375 0.030029296875 0.65643310546875
0.248672485351563 0.122817993164063 0.80303955078125 -0.21710205078125
0.126617431640625 0.173858642578125 0.6298828125 -0.1614990234375
0.08441162109375 0.1875 0.35546875 -0.073516845703125
-0.0428009033203125 0.224105834960938 0.312103271484375 -0.21099853515625
-0.095703125 0.29608154296875 0.261993408203125 -0.42938232421875
-0.1070556640625 0.348541259765625 0.35748291015625 -0.70892333984375
-0.154754638671875 0.346771240234375 0.42242431640625 -0.88787841796875
-0.277679443359375 0.359832763671875 0.44061279296875 -0.83843994140625
-0.202728271484375 0.4422607421875 0.09588623046875 -0.6676025390625
-0.119598388671875 0.445159912109375 -0.291839599609375 -0.41168212890625
-0.047027587890625 0.48077392578125 -0.491912841796875 -0.0173339843749999
0.105621337890625 0.36529541015625 -0.244674682617188 0.235137939453125
0.240341186523437 0.274444580078125 0.036651611328125 0.383880615234375
0.298828125 0.19293212890625 0.1724853515625 0.456207275390625
0.331085205078125 0.11102294921875 0.19525146484375 0.6976318359375
0.0072021484375 0.000552177429199219 -0.3233642578125 -0.60076904296875
-0.0279655456542969 0.0211067199707031 -0.305908203125 -0.454315185546875
-0.016016960144043 0.012974739074707 -0.11895751953125 -0.378997802734375
-0.0226020812988281 0.0162601470947266 0.18402099609375 -0.215164184570313
-0.0316562652587891 -0.0156478881835937 0.417633056640625 0.091156005859375
-0.0490570068359375 -0.0784912109375 0.31243896484375 0.39312744140625
-0.0549087524414062 -0.0718841552734375 -0.07647705078125 0.73016357421875
-0.0457382202148438 -0.0861053466796875 -0.4482421875 0.8585205078125
-0.0280685424804687 -0.095001220703125 -0.44171142578125 0.89349365234375
0.002838134765625 -0.0714187622070313 -0.350830078125 0.73004150390625
0.0432014465332031 -0.046112060546875 -0.21868896484375 0.445465087890625
0.0100517272949219 -0.0121345520019531 -0.241424560546875 0.202194213867188
0.0227413177490234 -0.00880813598632813 -0.333526611328125 0.0479431152343749
-0.0159072875976563 -0.0358238220214844 -0.56866455078125 0.1053466796875
-0.00844573974609375 -0.0659751892089844 -0.8677978515625 0.19256591796875
0.3218994140625 0.071075439453125 -0.2857666015625 -0.5859375
0.23516845703125 0.151885986328125 -0.26800537109375 -0.466400146484375
0.249725341796875 0.248123168945313 -0.09619140625 -0.410186767578125
0.092559814453125 0.3603515625 0.20355224609375 -0.257736206054688
-0.064910888671875 0.401519775390625 0.40966796875 0.05950927734375
-0.162322998046875 0.3485107421875 0.34515380859375 0.349884033203125
-0.207855224609375 0.31781005859375 -0.00488281250000003 0.68353271484375
-0.30706787109375 0.2303466796875 -0.378173828125 0.8004150390625
-0.202011108398438 0.215972900390625 -0.39605712890625 0.86181640625
-0.130859375 0.199935913085938 -0.33416748046875 0.73321533203125
-0.061370849609375 0.224624633789063 -0.227294921875 0.46087646484375
-0.0140533447265625 0.205917358398438 -0.236709594726563 0.210525512695313
0.0626068115234375 0.1796875 -0.31964111328125 0.032257080078125
0.108650207519531 0.134201049804688 -0.56903076171875 0.0975952148437499
0.23052978515625 0.0471038818359375 -0.85052490234375 0.2127685546875
0.5797119140625 0.136962890625 -0.1446533203125 -0.55950927734375
0.44622802734375 0.26885986328125 -0.13360595703125 -0.47637939453125
0.462646484375 0.449859619140625 -0.0123901367187499 -0.433746337890625
0.1837158203125 0.65545654296875 0.242431640625 -0.31622314453125
-0.09332275390625 0.76531982421875 0.393890380859375 -0.035369873046875
-0.25274658203125 0.7220458984375 0.372314453125 0.197662353515625
-0.33203125 0.6494140625 0.090057373046875 0.49591064453125
-0.52783203125 0.511566162109375 -0.2548828125 0.61669921875
-0.355682373046875 0.517425537109375 -0.3134765625 0.73956298828125
-0.2540283203125 0.489898681640625 -0.3067626953125 0.6932373046875
-0.147979736328125 0.529022216796875 -0.24920654296875 0.4730224609375
-0.00253295898437497 0.44927978515625 -0.2423095703125 0.231109619140625
0.140380859375 0.37884521484375 -0.312347412109375 0.051177978515625
0.25799560546875 0.2947998046875 -0.55242919921875 0.13287353515625
0.455718994140625 0.150115966796875 -0.77227783203125 0.2789306640625
0.73052978515625 0.19232177734375 0.0686035156250001 -0.5142822265625
0.552154541015625 0.35662841796875 0.069610595703125 -0.464263916015625
0.56390380859375 0.5838623046875 0.111114501953125 -0.42474365234375
0.2210693359375 0.8385009765625 0.29254150390625 -0.365966796875
-0.12127685546875 0.99798583984375 0.37030029296875 -0.172454833984375
-0.305908203125 0.96697998046875 0.38671875 -0.0402832031249999
-0.40625 0.86749267578125 0.192840576171875 0.201873779296875
-0.6689453125 0.711181640625 -0.0927734375000001 0.337554931640625
-0.4627685546875 0.7684326171875 -0.201904296875 0.520233154296875
-0.33404541015625 0.76812744140625 -0.27178955078125 0.5689697265625
-0.182861328125 0.83587646484375 -0.277557373046875 0.450103759765625
0.07098388671875 0.6873779296875 -0.245620727539062 0.255203247070313
0.269195556640625 0.559112548828125 -0.28857421875 0.106689453125
0.428558349609375 0.412994384765625 -0.486572265625 0.20758056640625
0.64178466796875 0.2183837890625 -0.62689208984375 0.37786865234375
0.75225830078125 0.220703125 0.308563232421875 -0.448394775390625
0.535369873046875 0.398712158203125 0.290740966796875 -0.416839599609375
0.52685546875 0.61773681640625 0.240997314453125 -0.368377685546875
0.1717529296875 0.85614013671875 0.3380126953125 -0.37457275390625
-0.15399169921875 1.0277099609375 0.33880615234375 -0.3046875
-0.32318115234375 1.024169921875 0.389678955078125 -0.302032470703125
-0.421630859375 0.93194580078125 0.283660888671875 -0.14312744140625
-0.7142333984375 0.80548095703125 0.0808563232421875 0.000541687011718799
-0.5029296875 0.91607666015625 -0.089996337890625 0.211502075195313
-0.35302734375 0.95074462890625 -0.24591064453125 0.34417724609375
-0.1607666015625 1.04302978515625 -0.322601318359375 0.367828369140625
0.175537109375 0.83837890625 -0.244842529296875 0.269760131835938
0.40155029296875 0.65985107421875 -0.224349975585937 0.184539794921875
0.56573486328125 0.46185302734375 -0.35235595703125 0.292755126953125
0.74835205078125 0.24420166015625 -0.422393798828125 0.4873046875
0.65301513671875 0.22198486328125 0.52935791015625 -0.36761474609375
0.419586181640625 0.377227783203125 0.47235107421875 -0.334991455078125
0.37884521484375 0.540130615234375 0.333770751953125 -0.268310546875
0.0703125000000001 0.7127685546875 0.35498046875 -0.3326416015625
-0.182373046875 0.86065673828125 0.307159423828125 -0.393768310546875
-0.293701171875 0.88885498046875 0.382965087890625 -0.51983642578125
-0.38299560546875 0.8377685546875 0.35491943359375 -0.468658447265625
-0.656982421875 0.76776123046875 0.24066162109375 -0.34136962890625
-0.4658203125 0.91070556640625 0.00555419921874997 -0.13250732421875
-0.31549072265625 0.95806884765625 -0.241485595703125 0.0572814941406251
-0.114501953125 1.05035400390625 -0.381256103515625 0.236907958984375
0.2371826171875 0.8250732421875 -0.241943359375 0.266494750976563
0.46136474609375 0.63800048828125 -0.128067016601562 0.261688232421875
0.60479736328125 0.429443359375 -0.16558837890625 0.3658447265625
0.73297119140625 0.2276611328125 -0.18792724609375 0.5814208984375
0.46905517578125 0.189117431640625 0.69482421875 -0.2860107421875
0.26593017578125 0.296539306640625 0.582763671875 -0.240478515625
0.20721435546875 0.378448486328125 0.364349365234375 -0.158050537109375
-0.0152587890625 0.469085693359375 0.339569091796875 -0.267303466796875
-0.162841796875 0.58001708984375 0.279052734375 -0.426177978515625
-0.21575927734375 0.634765625 0.36810302734375 -0.64947509765625
-0.2857666015625 0.6258544921875 0.40087890625 -0.72332763671875
-0.49871826171875 0.61090087890625 0.36444091796875 -0.63360595703125
-0.35809326171875 0.74029541015625 0.0702819824218749 -0.444366455078125
-0.228515625 0.77069091796875 -0.258560180664062 -0.215576171875
-0.0753173828125 0.84002685546875 -0.441436767578125 0.0932922363281251
0.20794677734375 0.64886474609375 -0.23980712890625 0.249069213867188
0.402587890625 0.496002197265625 -0.02984619140625 0.326751708984375
0.509307861328125 0.330322265625 0.0272216796875 0.418060302734375
0.5875244140625 0.17828369140625 0.03582763671875 0.65234375
0.24749755859375 0.12066650390625 0.79266357421875 -0.2216796875
0.126861572265625 0.173126220703125 0.62420654296875 -0.16632080078125
0.0837554931640625 0.185638427734375 0.35272216796875 -0.07489013671875
-0.042022705078125 0.222640991210938 0.30767822265625 -0.211151123046875
-0.092987060546875 0.292877197265625 0.255859375 -0.42718505859375
-0.1025390625 0.344696044921875 0.34735107421875 -0.705322265625
-0.15008544921875 0.34527587890625 0.4114990234375 -0.8817138671875
-0.27362060546875 0.35870361328125 0.430908203125 -0.83575439453125
-0.197540283203125 0.438201904296875 0.0926513671874999 -0.66363525390625
-0.11566162109375 0.440093994140625 -0.288787841796875 -0.40484619140625
-0.041839599609375 0.477569580078125 -0.48760986328125 -0.0127868652343749
0.106689453125 0.362548828125 -0.241256713867187 0.233428955078125
0.239669799804687 0.269119262695313 0.038543701171875 0.379150390625
0.298583984375 0.1888427734375 0.17462158203125 0.45294189453125
0.32891845703125 0.10882568359375 0.19842529296875 0.69384765625
0.00658082962036133 0.000482082366943359 -0.3262939453125 -0.5965576171875
-0.0273036956787109 0.0214366912841797 -0.30535888671875 -0.451324462890625
-0.0155429840087891 0.0123958587646484 -0.11981201171875 -0.375030517578125
-0.0217990875244141 0.0157279968261719 0.182098388671875 -0.21429443359375
-0.0316181182861328 -0.0152015686035156 0.414337158203125 0.086761474609375
-0.049957275390625 -0.0775680541992187 0.3114013671875 0.387115478515625
-0.056365966796875 -0.0710525512695313 -0.073486328125 0.7259521484375
-0.0466537475585937 -0.0849838256835938 -0.4390869140625 0.8564453125
-0.028961181640625 -0.0934295654296875 -0.43438720703125 0.8885498046875
0.001861572265625 -0.0712738037109375 -0.34576416015625 0.72601318359375
0.0428047180175781 -0.0462265014648438 -0.21441650390625 0.44287109375
0.0104398727416992 -0.0121059417724609 -0.238540649414063 0.201507568359375
0.0225467681884766 -0.00941848754882813 -0.329864501953125 0.0491943359375
-0.0164642333984375 -0.0358467102050781 -0.56329345703125 0.108642578125
-0.00960922241210937 -0.065765380859375 -0.8582763671875 0.19561767578125
0.319580078125 0.069671630859375 -0.28704833984375 -0.5833740234375
0.234359741210938 0.1497802734375 -0.268890380859375 -0.4635009765625
0.248382568359375 0.243942260742188 -0.0958251953125 -0.406463623046875
0.09423828125 0.356414794921875 0.200576782226563 -0.2559814453125
-0.0615234375 0.399261474609375 0.40625 0.05645751953125
-0.158935546875 0.34661865234375 0.343353271484375 0.344573974609375
-0.204925537109375 0.31622314453125 -0.000488281250000006 0.67852783203125
-0.304351806640625 0.229461669921875 -0.37164306640625 0.79656982421875
-0.199691772460938 0.215316772460937 -0.38836669921875 0.857177734375
-0.12896728515625 0.197998046875 -0.32537841796875 0.73065185546875
-0.059234619140625 0.222793579101563 -0.223114013671875 0.458831787109375
-0.012725830078125 0.204437255859375 -0.23382568359375 0.210418701171875
0.062957763671875 0.177108764648438 -0.3155517578125 0.032745361328125
0.108261108398438 0.132614135742188 -0.5638427734375 0.101318359375
0.227554321289062 0.044342041015625 -0.84149169921875 0.2158203125
0.57513427734375 0.13330078125 -0.144683837890625 -0.556640625
0.4434814453125 0.2655029296875 -0.134918212890625 -0.473358154296875
0.461944580078125 0.44317626953125 -0.0142822265625 -0.429779052734375
0.18701171875 0.64990234375 0.238983154296875 -0.31475830078125
-0.0888671874999999 0.76007080078125 0.390228271484375 -0.037811279296875
-0.246826171875 0.7186279296875 0.36920166015625 0.193267822265625
-0.32623291015625 0.64678955078125 0.0932922363281249 0.49017333984375
-0.52008056640625 0.51031494140625 -0.24993896484375 0.614990234375
-0.35125732421875 0.514678955078125 -0.306396484375 0.73516845703125
-0.24822998046875 0.4853515625 -0.29925537109375 0.68792724609375
-0.142974853515625 0.525299072265625 -0.2445068359375 0.471099853515625
-0.000518798828124977 0.4461669921875 -0.238235473632813 0.22991943359375
0.140350341796875 0.373992919921875 -0.30950927734375 0.05059814453125
0.256439208984375 0.290008544921875 -0.548614501953125 0.1358642578125
0.4512939453125 0.146087646484375 -0.76495361328125 0.28125
0.7249755859375 0.18798828125 0.0667724609375 -0.512359619140625
0.549163818359375 0.35357666015625 0.067962646484375 -0.463104248046875
0.5634765625 0.576416015625 0.10919189453125 -0.421295166015625
0.22320556640625 0.8309326171875 0.2882080078125 -0.36419677734375
-0.114501953125 0.99029541015625 0.365875244140625 -0.172515869140625
-0.298095703125 0.96087646484375 0.38348388671875 -0.0429077148437499
-0.396484375 0.86199951171875 0.193069458007812 0.19818115234375
-0.6611328125 0.71319580078125 -0.0895080566406251 0.335845947265625
-0.45587158203125 0.764892578125 -0.1981201171875 0.51763916015625
-0.32818603515625 0.76226806640625 -0.26373291015625 0.56591796875
-0.17413330078125 0.8289794921875 -0.272918701171875 0.449493408203125
0.07501220703125 0.68194580078125 -0.242507934570312 0.253372192382813
0.268341064453125 0.551239013671875 -0.285888671875 0.105377197265625
0.42535400390625 0.406463623046875 -0.482696533203125 0.208526611328125
0.63641357421875 0.2125244140625 -0.61920166015625 0.380615234375
0.748046875 0.216064453125 0.304595947265625 -0.447723388671875
0.532012939453125 0.3931884765625 0.287445068359375 -0.416259765625
0.52508544921875 0.6094970703125 0.238311767578125 -0.36669921875
0.174072265625 0.8502197265625 0.332550048828125 -0.373931884765625
-0.14739990234375 1.02008056640625 0.334136962890625 -0.30517578125
-0.31353759765625 1.0147705078125 0.38299560546875 -0.303466796875
-0.4122314453125 0.92559814453125 0.280746459960938 -0.144866943359375
-0.7041015625 0.802490234375 0.0808258056640625 0.000724792480468799
-0.49530029296875 0.91082763671875 -0.08734130859375 0.21099853515625
-0.34735107421875 0.9437255859375 -0.239593505859375 0.34307861328125
-0.1512451171875 1.0360107421875 -0.316802978515625 0.36810302734375
0.1795654296875 0.8316650390625 -0.241317749023437 0.267990112304688
0.40155029296875 0.65057373046875 -0.222686767578125 0.181732177734375
0.5633544921875 0.45489501953125 -0.348785400390625 0.294281005859375
0.74053955078125 0.23602294921875 -0.416748046875 0.48785400390625
0.6495361328125 0.21868896484375 0.523406982421875 -0.36920166015625
0.418121337890625 0.373626708984375 0.468048095703125 -0.33648681640625
0.37750244140625 0.533905029296875 0.330047607421875 -0.26904296875
0.07275390625 0.70635986328125 0.351593017578125 -0.33209228515625
-0.17608642578125 0.85302734375 0.301605224609375 -0.3912353515625
-0.286376953125 0.883544921875 0.375213623046875 -0.517242431640625
-0.3736572265625 0.8330078125 0.349884033203125 -0.466705322265625
-0.6463623046875 0.7662353515625 0.23785400390625 -0.3397216796875
-0.45703125 0.90679931640625 0.00666046142578123 -0.131340026855469
-0.30621337890625 0.951171875 -0.237701416015625 0.0586700439453126
-0.107421875 1.04400634765625 -0.377044677734375 0.237823486328125
0.23956298828125 0.819091796875 -0.238311767578125 0.265029907226563
0.4599609375 0.6290283203125 -0.126663208007813 0.25750732421875
0.6029052734375 0.422607421875 -0.16363525390625 0.36566162109375
0.72796630859375 0.22161865234375 -0.18304443359375 0.58087158203125
0.4664306640625 0.185302734375 0.68768310546875 -0.28704833984375
0.264373779296875 0.294403076171875 0.5758056640625 -0.242431640625
0.206756591796875 0.375213623046875 0.36090087890625 -0.158843994140625
-0.01422119140625 0.466522216796875 0.33624267578125 -0.2664794921875
-0.1583251953125 0.5748291015625 0.27313232421875 -0.42425537109375
-0.2100830078125 0.63079833984375 0.35968017578125 -0.645263671875
-0.27874755859375 0.62127685546875 0.39239501953125 -0.72119140625
-0.49127197265625 0.61004638671875 0.360595703125 -0.63201904296875
-0.35186767578125 0.73583984375 0.0686340332031249 -0.4420166015625
-0.22283935546875 0.76361083984375 -0.256423950195312 -0.212081909179687
-0.0681762695312501 0.834716796875 -0.4373779296875 0.0966186523437501
0.2093505859375 0.6434326171875 -0.236404418945312 0.2470703125
0.4005126953125 0.48779296875 -0.028900146484375 0.3226318359375
0.50738525390625 0.3245849609375 0.0271301269531251 0.41717529296875
0.5831298828125 0.17388916015625 0.0399780273437501 0.64886474609375
0.246078491210937 0.118179321289062 0.786865234375 -0.2249755859375
0.126495361328125 0.1719970703125 0.6165771484375 -0.1697998046875
0.08331298828125 0.183547973632813 0.349884033203125 -0.076416015625
-0.0411224365234375 0.221221923828125 0.30426025390625 -0.21063232421875
-0.090423583984375 0.290283203125 0.25140380859375 -0.424835205078125
-0.100067138671875 0.342376708984375 0.33941650390625 -0.701171875
-0.1463623046875 0.34307861328125 0.404052734375 -0.87860107421875
-0.269927978515625 0.358642578125 0.42437744140625 -0.8309326171875
-0.193939208984375 0.436920166015625 0.09088134765625 -0.6585693359375
-0.111724853515625 0.436737060546875 -0.288360595703125 -0.400054931640625
-0.0384521484375 0.4742431640625 -0.482269287109375 -0.00915527343750005
0.107940673828125 0.360382080078125 -0.237655639648438 0.232345581054688
0.239166259765625 0.264495849609375 0.039520263671875 0.37408447265625
0.29644775390625 0.185546875 0.174224853515625 0.45037841796875
0.326263427734375 0.106903076171875 0.20037841796875 0.6900634765625
0.00633096694946289 0.000887393951416016 -0.3255615234375 -0.5919189453125
-0.0269317626953125 0.0216217041015625 -0.30615234375 -0.447998046875
-0.0153408050537109 0.0120477676391602 -0.120025634765625 -0.369659423828125
-0.0208969116210938 0.0157527923583984 0.179931640625 -0.212265014648438
-0.0313739776611328 -0.01458740234375 0.411590576171875 0.084228515625
-0.0502243041992188 -0.0762710571289062 0.30902099609375 0.38226318359375
-0.0574722290039063 -0.0703201293945313 -0.07061767578125 0.7222900390625
-0.0476226806640625 -0.0838470458984375 -0.43218994140625 0.8531494140625
-0.030303955078125 -0.0919723510742187 -0.42779541015625 0.88446044921875
0.00098419189453125 -0.07086181640625 -0.33770751953125 0.7203369140625
0.0420951843261719 -0.0468826293945313 -0.211578369140625 0.440521240234375
0.011021614074707 -0.0122003555297852 -0.236221313476563 0.201416015625
0.0230960845947266 -0.00989151000976563 -0.32672119140625 0.04962158203125
-0.0166664123535156 -0.03515625 -0.5572509765625 0.110687255859375
-0.0104255676269531 -0.06597900390625 -0.85064697265625 0.19940185546875
0.31768798828125 0.06781005859375 -0.286376953125 -0.57952880859375
0.232833862304688 0.148162841796875 -0.267822265625 -0.46112060546875
0.248245239257812 0.240188598632812 -0.098297119140625 -0.4029541015625
0.09649658203125 0.353271484375 0.19775390625 -0.254364013671875
-0.058837890625 0.397491455078125 0.403289794921875 0.053924560546875
-0.15679931640625 0.344940185546875 0.34161376953125 0.34002685546875
-0.2030029296875 0.31494140625 0.00244140624999999 0.67449951171875
-0.302276611328125 0.23040771484375 -0.364501953125 0.7945556640625
-0.198638916015625 0.214920043945312 -0.38287353515625 0.85467529296875
-0.127777099609375 0.196395874023437 -0.32080078125 0.72528076171875
-0.0575103759765625 0.220260620117188 -0.21978759765625 0.456634521484375
-0.0110321044921875 0.203262329101563 -0.231277465820313 0.209442138671875
0.0631561279296875 0.174392700195313 -0.3125 0.032318115234375
0.107513427734375 0.131256103515625 -0.559051513671875 0.101898193359375
0.225448608398438 0.0425872802734375 -0.83416748046875 0.21966552734375
0.57244873046875 0.1314697265625 -0.145233154296875 -0.55499267578125
0.44122314453125 0.261962890625 -0.133087158203125 -0.471160888671875
0.459259033203125 0.437591552734375 -0.0162963867187499 -0.425262451171875
0.188720703125 0.64453125 0.235382080078125 -0.3128662109375
-0.08447265625 0.75518798828125 0.386871337890625 -0.038818359375
-0.2412109375 0.71417236328125 0.366119384765625 0.189239501953125
-0.32159423828125 0.64276123046875 0.0944213867187499 0.48541259765625
-0.51568603515625 0.51055908203125 -0.24383544921875 0.613037109375
-0.34698486328125 0.512786865234375 -0.30157470703125 0.73126220703125
-0.244659423828125 0.482666015625 -0.29345703125 0.68560791015625
-0.138763427734375 0.52105712890625 -0.241455078125 0.470428466796875
0.00225830078125003 0.44354248046875 -0.235641479492187 0.2288818359375
0.14111328125 0.368499755859375 -0.3070068359375 0.04998779296875
0.25640869140625 0.28863525390625 -0.5439453125 0.136505126953125
0.4483642578125 0.1419677734375 -0.7568359375 0.2843017578125
0.7222900390625 0.18438720703125 0.0657958984375 -0.510528564453125
0.547149658203125 0.348785400390625 0.0664367675781251 -0.462554931640625
0.56048583984375 0.56927490234375 0.106201171875 -0.418548583984375
0.2264404296875 0.8228759765625 0.285125732421875 -0.363067626953125
-0.10784912109375 0.98394775390625 0.3626708984375 -0.173736572265625
-0.29345703125 0.9552001953125 0.379180908203125 -0.0455627441406249
-0.390869140625 0.858154296875 0.19317626953125 0.19439697265625
-0.65478515625 0.7125244140625 -0.0868225097656251 0.334381103515625
-0.448974609375 0.7603759765625 -0.194732666015625 0.514739990234375
-0.321533203125 0.75775146484375 -0.25927734375 0.56365966796875
-0.168212890625 0.8228759765625 -0.26873779296875 0.448760986328125
0.0770263671874999 0.67840576171875 -0.238815307617187 0.252334594726563
0.2684326171875 0.54412841796875 -0.28387451171875 0.103729248046875
0.4246826171875 0.40374755859375 -0.47760009765625 0.2119140625
0.63140869140625 0.20721435546875 -0.6129150390625 0.3812255859375
0.7445068359375 0.21197509765625 0.3016357421875 -0.446502685546875
0.528472900390625 0.388824462890625 0.284423828125 -0.417022705078125
0.52423095703125 0.60125732421875 0.2349853515625 -0.364715576171875
0.1754150390625 0.8419189453125 0.329864501953125 -0.370849609375
-0.14154052734375 1.0146484375 0.33148193359375 -0.304473876953125
-0.307861328125 1.0098876953125 0.377899169921875 -0.302581787109375
-0.4052734375 0.920166015625 0.279190063476563 -0.145584106445312
-0.69671630859375 0.80194091796875 0.0804214477539062 0.000488281250000049
-0.48760986328125 0.9058837890625 -0.0843658447265625 0.210601806640625
-0.34063720703125 0.93768310546875 -0.23583984375 0.34197998046875
-0.14593505859375 1.02862548828125 -0.3126220703125 0.368133544921875
0.17987060546875 0.8258056640625 -0.238815307617187 0.264938354492188
0.3994140625 0.642822265625 -0.220657348632812 0.179061889648438
0.561920166015625 0.4500732421875 -0.344451904296875 0.294921875
0.73626708984375 0.23028564453125 -0.410369873046875 0.487701416015625
0.64556884765625 0.2144775390625 0.51873779296875 -0.368743896484375
0.416534423828125 0.370330810546875 0.463897705078125 -0.3369140625
0.37689208984375 0.528900146484375 0.32806396484375 -0.26837158203125
0.07470703125 0.70098876953125 0.347137451171875 -0.330108642578125
-0.169677734375 0.8475341796875 0.298095703125 -0.390045166015625
-0.2802734375 0.87646484375 0.368621826171875 -0.51409912109375
-0.36737060546875 0.8287353515625 0.345306396484375 -0.4664306640625
-0.63909912109375 0.7637939453125 0.23504638671875 -0.33837890625
-0.4508056640625 0.90142822265625 0.00711059570312497 -0.13031005859375
-0.301025390625 0.94512939453125 -0.234695434570313 0.0597381591796876
-0.1005859375 1.03753662109375 -0.372772216796875 0.238983154296875
0.24151611328125 0.81451416015625 -0.235443115234375 0.261428833007813
0.458740234375 0.62030029296875 -0.125381469726562 0.253799438476563
0.60015869140625 0.4168701171875 -0.160858154296875 0.365203857421875
0.72320556640625 0.2164306640625 -0.178466796875 0.579833984375
0.46405029296875 0.181854248046875 0.68389892578125 -0.28778076171875
0.26373291015625 0.29254150390625 0.57122802734375 -0.24493408203125
0.2064208984375 0.371551513671875 0.35845947265625 -0.160003662109375
-0.01422119140625 0.463165283203125 0.33294677734375 -0.266021728515625
-0.15423583984375 0.57049560546875 0.268890380859375 -0.42303466796875
-0.20556640625 0.6258544921875 0.3529052734375 -0.64471435546875
-0.274169921875 0.61700439453125 0.386962890625 -0.717529296875
-0.48541259765625 0.60809326171875 0.35455322265625 -0.62945556640625
-0.34515380859375 0.73223876953125 0.0684509277343749 -0.438751220703125
-0.21844482421875 0.7584228515625 -0.254302978515625 -0.20904541015625
-0.0642700195312499 0.82708740234375 -0.43243408203125 0.0984497070312501
0.21112060546875 0.638916015625 -0.233688354492187 0.245285034179688
0.399749755859375 0.48138427734375 -0.02801513671875 0.317840576171875
0.50555419921875 0.318023681640625 0.0289306640625 0.41558837890625
0.5775146484375 0.1695556640625 0.0438232421875 0.6483154296875
0.24505615234375 0.116241455078125 0.779296875 -0.2259521484375
0.125946044921875 0.171234130859375 0.61065673828125 -0.171875
0.08258056640625 0.182083129882813 0.3475341796875 -0.07830810546875
-0.0410919189453125 0.219741821289063 0.3017578125 -0.20989990234375
-0.088592529296875 0.28765869140625 0.24664306640625 -0.42303466796875
-0.097869873046875 0.339080810546875 0.331298828125 -0.69818115234375
-0.143798828125 0.341583251953125 0.3963623046875 -0.8734130859375
-0.265869140625 0.358306884765625 0.4166259765625 -0.8282470703125
-0.191009521484375 0.434783935546875 0.0901489257812499 -0.6552734375
-0.108673095703125 0.4327392578125 -0.286773681640625 -0.395721435546875
-0.035736083984375 0.470733642578125 -0.47808837890625 -0.00698852539062493
0.10894775390625 0.358612060546875 -0.235275268554688 0.230728149414062
0.23858642578125 0.2608642578125 0.04052734375 0.370574951171875
0.295806884765625 0.182342529296875 0.174530029296875 0.448394775390625
0.324066162109375 0.10455322265625 0.20379638671875 0.6875
0.00595760345458984 0.00107860565185547 -0.32623291015625 -0.5902099609375
-0.0262374877929688 0.0214481353759766 -0.30511474609375 -0.44647216796875
-0.0154237747192383 0.0116806030273437 -0.1201171875 -0.366607666015625
-0.0198211669921875 0.0151939392089844 0.178741455078125 -0.211563110351562
-0.0313968658447266 -0.014068603515625 0.409393310546875 0.08160400390625
-0.0509872436523437 -0.0756378173828125 0.30810546875 0.37774658203125
-0.0585594177246094 -0.0695762634277344 -0.0692138671875 0.71929931640625
-0.0481414794921875 -0.0828628540039062 -0.42755126953125 0.8516845703125
-0.0312728881835938 -0.0902862548828125 -0.42364501953125 0.880615234375
2.28881835937455E-05 -0.0709762573242188 -0.3331298828125 0.7183837890625
0.0416297912597656 -0.0472145080566406 -0.208648681640625 0.438262939453125
0.0112543106079102 -0.0121078491210938 -0.234054565429687 0.20166015625
0.0235195159912109 -0.0109596252441406 -0.323822021484375 0.0498046875
-0.0168228149414063 -0.0350093841552734 -0.5540771484375 0.113006591796875
-0.011199951171875 -0.06610107421875 -0.8453369140625 0.20172119140625
0.31640625 0.066925048828125 -0.2864990234375 -0.57745361328125
0.233108520507812 0.147003173828125 -0.267303466796875 -0.458404541015625
0.247222900390625 0.237411499023438 -0.097381591796875 -0.398712158203125
0.09710693359375 0.35101318359375 0.19635009765625 -0.252975463867188
-0.05718994140625 0.3956298828125 0.40130615234375 0.0523681640625
-0.155242919921875 0.34454345703125 0.339202880859375 0.3358154296875
-0.202362060546875 0.313873291015625 0.00579833984374996 0.6688232421875
-0.300384521484375 0.2303466796875 -0.36016845703125 0.7926025390625
-0.197021484375 0.214370727539063 -0.37640380859375 0.85064697265625
-0.127059936523437 0.194732666015625 -0.31610107421875 0.7242431640625
-0.0556640625 0.218658447265625 -0.216949462890625 0.4544677734375
-0.0099334716796875 0.2020263671875 -0.228500366210938 0.209121704101563
0.063201904296875 0.172088623046875 -0.309967041015625 0.0321655273437501
0.106956481933594 0.129844665527344 -0.555328369140625 0.10528564453125
0.223358154296875 0.04095458984375 -0.8284912109375 0.2222900390625
0.56964111328125 0.12890625 -0.14501953125 -0.552642822265625
0.439666748046875 0.25970458984375 -0.1334228515625 -0.469970703125
0.459075927734375 0.432159423828125 -0.0167236328125 -0.42254638671875
0.19024658203125 0.64044189453125 0.23345947265625 -0.3125
-0.0806884765625 0.7523193359375 0.385589599609375 -0.039520263671875
-0.2376708984375 0.71112060546875 0.364288330078125 0.1856689453125
-0.3182373046875 0.6397705078125 0.0960693359374999 0.482147216796875
-0.512237548828125 0.508758544921875 -0.239501953125 0.61016845703125
-0.34442138671875 0.5098876953125 -0.29736328125 0.730224609375
-0.242095947265625 0.480621337890625 -0.28857421875 0.683837890625
-0.136077880859375 0.518341064453125 -0.23699951171875 0.468505859375
0.00396728515625003 0.44073486328125 -0.233322143554687 0.228424072265625
0.13983154296875 0.36407470703125 -0.30523681640625 0.0493164062500001
0.25457763671875 0.28546142578125 -0.53936767578125 0.13909912109375
0.445526123046875 0.13800048828125 -0.75018310546875 0.284912109375
0.718994140625 0.17974853515625 0.063934326171875 -0.50921630859375
0.544189453125 0.345458984375 0.0650634765625 -0.460113525390625
0.55902099609375 0.562225341796875 0.1041259765625 -0.415618896484375
0.22784423828125 0.818603515625 0.282196044921875 -0.36083984375
-0.1038818359375 0.98028564453125 0.359100341796875 -0.173614501953125
-0.28857421875 0.95135498046875 0.376068115234375 -0.0470581054687499
-0.38623046875 0.85272216796875 0.19342041015625 0.19189453125
-0.64874267578125 0.71002197265625 -0.084564208984375 0.3338623046875
-0.4456787109375 0.7581787109375 -0.191497802734375 0.5133056640625
-0.3173828125 0.75091552734375 -0.253814697265625 0.562225341796875
-0.16448974609375 0.81805419921875 -0.264495849609375 0.447784423828125
0.0803222656250001 0.675537109375 -0.237258911132813 0.25115966796875
0.26715087890625 0.538848876953125 -0.28204345703125 0.1014404296875
0.42242431640625 0.3988037109375 -0.474945068359375 0.2125244140625
0.62750244140625 0.20318603515625 -0.606201171875 0.38348388671875
0.74041748046875 0.20867919921875 0.299774169921875 -0.445648193359375
0.527008056640625 0.386444091796875 0.28204345703125 -0.418365478515625
0.52056884765625 0.59619140625 0.232391357421875 -0.363311767578125
0.17742919921875 0.836181640625 0.326446533203125 -0.369110107421875
-0.13555908203125 1.0086669921875 0.328125 -0.30255126953125
-0.30316162109375 1.00372314453125 0.373931884765625 -0.3028564453125
-0.39886474609375 0.91680908203125 0.27789306640625 -0.147476196289062
-0.69097900390625 0.8004150390625 0.0804824829101562 0.000488281250000049
-0.4820556640625 0.90234375 -0.0821990966796875 0.209869384765625
-0.3348388671875 0.93231201171875 -0.23162841796875 0.341705322265625
-0.140625 1.024169921875 -0.310272216796875 0.36761474609375
0.182861328125 0.8221435546875 -0.235748291015625 0.263900756835938
0.3995361328125 0.63714599609375 -0.220077514648437 0.1761474609375
0.559844970703125 0.444244384765625 -0.34124755859375 0.296478271484375
0.73297119140625 0.22607421875 -0.405059814453125 0.48681640625
0.6422119140625 0.21160888671875 0.51611328125 -0.36883544921875
0.4140625 0.3680419921875 0.45928955078125 -0.339080810546875
0.37469482421875 0.523712158203125 0.324676513671875 -0.268402099609375
0.0754394531250001 0.6971435546875 0.343414306640625 -0.329193115234375
-0.164794921875 0.84112548828125 0.294891357421875 -0.38812255859375
-0.27435302734375 0.8734130859375 0.36358642578125 -0.5126953125
-0.36041259765625 0.8240966796875 0.342864990234375 -0.4658203125
-0.632080078125 0.76513671875 0.233428955078125 -0.337738037109375
-0.44415283203125 0.89678955078125 0.00819396972656248 -0.129127502441406
-0.29559326171875 0.9388427734375 -0.231842041015625 0.0600433349609376
-0.09619140625 1.0301513671875 -0.36883544921875 0.2393798828125
0.24273681640625 0.80926513671875 -0.233200073242188 0.260589599609375
0.45611572265625 0.61383056640625 -0.12469482421875 0.250656127929688
0.5975341796875 0.41363525390625 -0.1585693359375 0.365875244140625
0.71942138671875 0.21185302734375 -0.1729736328125 0.57818603515625
0.46136474609375 0.178955078125 0.679443359375 -0.288818359375
0.262664794921875 0.291412353515625 0.56768798828125 -0.24639892578125
0.20452880859375 0.3682861328125 0.356170654296875 -0.16064453125
-0.013824462890625 0.4609375 0.33087158203125 -0.264862060546875
-0.15093994140625 0.5662841796875 0.26483154296875 -0.419158935546875
-0.20208740234375 0.62237548828125 0.34552001953125 -0.63983154296875
-0.268798828125 0.61468505859375 0.3817138671875 -0.71551513671875
-0.48065185546875 0.607177734375 0.35003662109375 -0.62738037109375
-0.3416748046875 0.7288818359375 0.069000244140625 -0.4365234375
-0.21337890625 0.75360107421875 -0.25213623046875 -0.206283569335937
-0.06024169921875 0.8236083984375 -0.429443359375 0.10107421875
0.21270751953125 0.63623046875 -0.231704711914062 0.243377685546875
0.397705078125 0.47528076171875 -0.02783203125 0.314178466796875
0.5030517578125 0.315399169921875 0.028350830078125 0.41546630859375
0.575439453125 0.167236328125 0.0461425781250001 0.64642333984375
0.244384765625 0.115264892578125 0.77239990234375 -0.22650146484375
0.12603759765625 0.171279907226562 0.60626220703125 -0.1746826171875
0.0820159912109375 0.181045532226563 0.345367431640625 -0.079315185546875
-0.0410003662109375 0.21923828125 0.299224853515625 -0.209808349609375
-0.08660888671875 0.28558349609375 0.243560791015625 -0.419097900390625
-0.096160888671875 0.335113525390625 0.32562255859375 -0.69329833984375
-0.140228271484375 0.33990478515625 0.39068603515625 -0.86907958984375
-0.263885498046875 0.35791015625 0.41033935546875 -0.825927734375
-0.187957763671875 0.433746337890625 0.09033203125 -0.6514892578125
-0.105682373046875 0.42987060546875 -0.285186767578125 -0.392364501953125
-0.0321044921875 0.46820068359375 -0.47479248046875 -0.00424194335937495
0.110107421875 0.357330322265625 -0.233367919921875 0.228805541992188
0.236541748046875 0.257186889648438 0.040863037109375 0.366729736328125
0.294525146484375 0.17999267578125 0.173675537109375 0.446441650390625
0.32196044921875 0.103515625 0.205810546875 0.684814453125
0.00583028793334961 0.00135040283203125 -0.32843017578125 -0.5897216796875
-0.0263004302978516 0.0217247009277344 -0.304046630859375 -0.44549560546875
-0.0151348114013672 0.0111284255981445 -0.1202392578125 -0.363861083984375
-0.0191726684570313 0.0150222778320313 0.177642822265625 -0.209793090820313
-0.0311355590820313 -0.0136623382568359 0.407257080078125 0.08001708984375
-0.0515289306640625 -0.0749282836914063 0.308319091796875 0.373199462890625
-0.0597343444824219 -0.0685920715332031 -0.0689086914062499 0.7152099609375
-0.0488662719726563 -0.082061767578125 -0.4210205078125 0.851806640625
-0.0319290161132813 -0.089080810546875 -0.4178466796875 0.87921142578125
-0.000465393066406249 -0.0709609985351563 -0.33026123046875 0.716064453125
0.0410385131835938 -0.0476303100585938 -0.20697021484375 0.436920166015625
0.0118389129638672 -0.0120849609375 -0.232574462890625 0.201614379882812
0.0234565734863281 -0.0114612579345703 -0.32171630859375 0.050262451171875
-0.0171489715576172 -0.0350112915039062 -0.55029296875 0.11492919921875
-0.0119819641113281 -0.0663871765136719 -0.84124755859375 0.2042236328125
0.31561279296875 0.065399169921875 -0.286865234375 -0.575927734375
0.23175048828125 0.145584106445313 -0.266632080078125 -0.456451416015625
0.246444702148437 0.23504638671875 -0.0987243652343749 -0.39544677734375
0.098358154296875 0.34893798828125 0.194488525390625 -0.252212524414063
-0.055938720703125 0.394073486328125 0.4005126953125 0.051177978515625
-0.154052734375 0.34344482421875 0.338623046875 0.331024169921875
-0.20147705078125 0.312164306640625 0.00610351562499995 0.666259765625
-0.299163818359375 0.231201171875 -0.35662841796875 0.7918701171875
-0.196685791015625 0.214492797851562 -0.37469482421875 0.84722900390625
-0.126312255859375 0.193267822265625 -0.3111572265625 0.72039794921875
-0.0547027587890625 0.216827392578125 -0.214630126953125 0.453826904296875
-0.00907897949218751 0.20123291015625 -0.226959228515625 0.208511352539062
0.0630035400390625 0.169754028320313 -0.308319091796875 0.0316467285156249
0.106491088867188 0.129142761230469 -0.5513916015625 0.10699462890625
0.221282958984375 0.0394134521484375 -0.824462890625 0.22454833984375
0.56884765625 0.126708984375 -0.145416259765625 -0.55126953125
0.437530517578125 0.25921630859375 -0.13360595703125 -0.46826171875
0.457672119140625 0.42730712890625 -0.0181579589843749 -0.419097900390625
0.19207763671875 0.63568115234375 0.232147216796875 -0.310577392578125
-0.077392578125 0.74920654296875 0.384033203125 -0.040740966796875
-0.23516845703125 0.70941162109375 0.361663818359375 0.182708740234375
-0.31494140625 0.63818359375 0.0966796875 0.47955322265625
-0.509368896484375 0.509033203125 -0.23614501953125 0.60980224609375
-0.340850830078125 0.509368896484375 -0.29425048828125 0.728759765625
-0.2401123046875 0.47711181640625 -0.28582763671875 0.6807861328125
-0.132415771484375 0.515106201171875 -0.235107421875 0.467529296875
0.00503540039062497 0.43963623046875 -0.2313232421875 0.227630615234375
0.139923095703125 0.3612060546875 -0.3033447265625 0.047760009765625
0.25323486328125 0.283782958984375 -0.536956787109375 0.1412353515625
0.443389892578125 0.13629150390625 -0.74615478515625 0.28759765625
0.71600341796875 0.17767333984375 0.0630187988281251 -0.50885009765625
0.541839599609375 0.343597412109375 0.06439208984375 -0.460357666015625
0.559600830078125 0.55999755859375 0.102386474609375 -0.415069580078125
0.22955322265625 0.81292724609375 0.279998779296875 -0.358856201171875
-0.0985107421875001 0.97552490234375 0.357666015625 -0.173980712890625
-0.28448486328125 0.94940185546875 0.373748779296875 -0.048919677734375
-0.3814697265625 0.85101318359375 0.194015502929687 0.188751220703125
-0.64337158203125 0.71038818359375 -0.0821533203125001 0.332550048828125
-0.440185546875 0.7548828125 -0.18682861328125 0.51171875
-0.314453125 0.74920654296875 -0.251434326171875 0.5599365234375
-0.16021728515625 0.81390380859375 -0.262054443359375 0.446929931640625
0.0816650390625001 0.67230224609375 -0.234954833984375 0.249588012695313
0.266448974609375 0.533599853515625 -0.281219482421875 0.0995788574218751
0.42132568359375 0.3963623046875 -0.47119140625 0.215087890625
0.62445068359375 0.20001220703125 -0.6005859375 0.3837890625
0.73822021484375 0.2059326171875 0.298736572265625 -0.446075439453125
0.525665283203125 0.38543701171875 0.278594970703125 -0.417877197265625
0.52032470703125 0.59197998046875 0.230926513671875 -0.3631591796875
0.17852783203125 0.83319091796875 0.323883056640625 -0.368072509765625
-0.13092041015625 1.00372314453125 0.324615478515625 -0.30267333984375
-0.2982177734375 1.00115966796875 0.369598388671875 -0.30316162109375
-0.393310546875 0.91021728515625 0.276702880859375 -0.148910522460937
-0.6859130859375 0.798095703125 0.0812454223632812 7.62939453125489E-05
-0.47698974609375 0.90069580078125 -0.0803375244140625 0.209991455078125
-0.331298828125 0.92852783203125 -0.22796630859375 0.3397216796875
-0.13568115234375 1.01934814453125 -0.305999755859375 0.367401123046875
0.1859130859375 0.8194580078125 -0.234283447265625 0.262542724609375
0.397216796875 0.63079833984375 -0.21954345703125 0.1737060546875
0.55706787109375 0.440338134765625 -0.339569091796875 0.298004150390625
0.72918701171875 0.2237548828125 -0.400360107421875 0.487640380859375
0.63946533203125 0.2091064453125 0.513153076171875 -0.368927001953125
0.413818359375 0.3675537109375 0.456634521484375 -0.340850830078125
0.37274169921875 0.520538330078125 0.32391357421875 -0.267791748046875
0.07623291015625 0.69207763671875 0.34271240234375 -0.328460693359375
-0.1617431640625 0.83673095703125 0.292877197265625 -0.386444091796875
-0.2713623046875 0.86865234375 0.358001708984375 -0.51129150390625
-0.35626220703125 0.82110595703125 0.339691162109375 -0.465850830078125
-0.62750244140625 0.76324462890625 0.231109619140625 -0.33758544921875
-0.43792724609375 0.89556884765625 0.00944519042968746 -0.128616333007812
-0.2918701171875 0.93426513671875 -0.229110717773438 0.0612030029296875
-0.0905761718749999 1.0272216796875 -0.364837646484375 0.2396240234375
0.24603271484375 0.80633544921875 -0.23199462890625 0.258285522460938
0.455322265625 0.60845947265625 -0.12469482421875 0.247421264648437
0.59564208984375 0.408935546875 -0.1578369140625 0.36676025390625
0.71563720703125 0.20849609375 -0.170654296875 0.58038330078125
0.46148681640625 0.17730712890625 0.6756591796875 -0.28887939453125
0.2630615234375 0.2916259765625 0.56280517578125 -0.24908447265625
0.202728271484375 0.3673095703125 0.3544921875 -0.161041259765625
-0.012786865234375 0.459259033203125 0.327789306640625 -0.264434814453125
-0.14862060546875 0.5648193359375 0.262939453125 -0.4178466796875
-0.198974609375 0.61669921875 0.3419189453125 -0.6375732421875
-0.26458740234375 0.6124267578125 0.3770751953125 -0.7135009765625
-0.477294921875 0.60736083984375 0.3468017578125 -0.6263427734375
-0.33697509765625 0.72674560546875 0.0680236816406249 -0.43548583984375
-0.2105712890625 0.75030517578125 -0.250656127929687 -0.2042236328125
-0.05633544921875 0.822021484375 -0.42449951171875 0.10247802734375
0.212890625 0.6346435546875 -0.229843139648437 0.241897583007813
0.395751953125 0.469818115234375 -0.0274658203125 0.311279296875
0.502044677734375 0.31134033203125 0.030181884765625 0.41558837890625
0.57281494140625 0.16436767578125 0.0494995117187501 0.6461181640625
0.2435302734375 0.113937377929688 0.76953125 -0.22900390625
0.125732421875 0.171356201171875 0.6004638671875 -0.1766357421875
0.0809783935546875 0.179931640625 0.3441162109375 -0.080352783203125
-0.0409393310546875 0.218719482421875 0.297607421875 -0.20965576171875
-0.085662841796875 0.283477783203125 0.2410888671875 -0.41851806640625
-0.09429931640625 0.3326416015625 0.3209228515625 -0.6900634765625
-0.138641357421875 0.33837890625 0.3863525390625 -0.86700439453125
-0.261932373046875 0.35784912109375 0.40771484375 -0.8240966796875
-0.186370849609375 0.43206787109375 0.0896606445312499 -0.65118408203125
-0.1041259765625 0.427490234375 -0.283538818359375 -0.3885498046875
-0.029541015625 0.46575927734375 -0.47216796875 -0.00119018554687491
0.110870361328125 0.356292724609375 -0.231719970703125 0.227706909179688
0.235794067382813 0.254318237304688 0.041656494140625 0.363525390625
0.293060302734375 0.178375244140625 0.174041748046875 0.4468994140625
0.32098388671875 0.102783203125 0.2088623046875 0.68450927734375
0.0058436393737793 0.00156927108764648 -0.3282470703125 -0.5887451171875
-0.0256118774414063 0.0219974517822266 -0.304290771484375 -0.44403076171875
-0.0151309967041016 0.0107097625732422 -0.11956787109375 -0.361236572265625
-0.018341064453125 0.0143852233886719 0.177459716796875 -0.209320068359375
-0.0312442779541016 -0.0134048461914062 0.40667724609375 0.0784912109375
-0.0518264770507812 -0.0740890502929688 0.3052978515625 0.370208740234375
-0.0611419677734375 -0.0677261352539063 -0.0667724609375001 0.714111328125
-0.0495758056640625 -0.0816802978515625 -0.41845703125 0.85211181640625
-0.0327835083007812 -0.0876617431640625 -0.41473388671875 0.87860107421875
-0.00143432617187501 -0.0710601806640625 -0.32708740234375 0.71368408203125
0.0408935546875 -0.0482635498046875 -0.206329345703125 0.4365234375
0.0121316909790039 -0.0121250152587891 -0.231475830078125 0.2021484375
0.0235137939453125 -0.0120506286621094 -0.319915771484375 0.0505371093749999
-0.0171356201171875 -0.0349292755126953 -0.547088623046875 0.11541748046875
-0.012664794921875 -0.066436767578125 -0.83843994140625 0.20501708984375
0.315032958984375 0.06463623046875 -0.287109375 -0.57470703125
0.2318115234375 0.145477294921875 -0.266510009765625 -0.45733642578125
0.246505737304687 0.233566284179687 -0.098663330078125 -0.393402099609375
0.099090576171875 0.347808837890625 0.193984985351563 -0.2510986328125
-0.05419921875 0.394012451171875 0.399322509765625 0.050323486328125
-0.15289306640625 0.34307861328125 0.3367919921875 0.3277587890625
-0.200897216796875 0.311859130859375 0.00634765625000003 0.66400146484375
-0.298248291015625 0.231048583984375 -0.35101318359375 0.7916259765625
-0.19647216796875 0.214813232421875 -0.36993408203125 0.8468017578125
-0.126144409179688 0.192184448242188 -0.3099365234375 0.71697998046875
-0.0539093017578125 0.21533203125 -0.213897705078125 0.453643798828125
-0.00794982910156252 0.2005615234375 -0.225601196289062 0.209030151367188
0.063079833984375 0.167831420898438 -0.307525634765625 0.031036376953125
0.105857849121094 0.128334045410156 -0.54937744140625 0.10931396484375
0.219863891601563 0.0378875732421875 -0.81903076171875 0.22540283203125
0.56719970703125 0.124267578125 -0.146392822265625 -0.550811767578125
0.437103271484375 0.256805419921875 -0.13482666015625 -0.46923828125
0.45660400390625 0.425048828125 -0.01904296875 -0.41754150390625
0.19268798828125 0.63311767578125 0.230865478515625 -0.3096923828125
-0.0742187500000001 0.74798583984375 0.382720947265625 -0.041412353515625
-0.23394775390625 0.70794677734375 0.360595703125 0.17974853515625
-0.31427001953125 0.63519287109375 0.0972900390625 0.475799560546875
-0.507415771484375 0.50921630859375 -0.23291015625 0.60858154296875
-0.33917236328125 0.5079345703125 -0.29180908203125 0.72772216796875
-0.2393798828125 0.473968505859375 -0.28192138671875 0.67877197265625
-0.1314697265625 0.513580322265625 -0.2318115234375 0.46820068359375
0.00622558593750003 0.438629150390625 -0.229415893554687 0.2265625
0.13885498046875 0.35809326171875 -0.302581787109375 0.04656982421875
0.253448486328125 0.28204345703125 -0.53338623046875 0.14459228515625
0.4412841796875 0.13385009765625 -0.74176025390625 0.2899169921875
0.71600341796875 0.17510986328125 0.06268310546875 -0.50958251953125
0.540863037109375 0.3421630859375 0.0634765625 -0.4613037109375
0.556488037109375 0.553192138671875 0.101654052734375 -0.4132080078125
0.23004150390625 0.81048583984375 0.2794189453125 -0.3590087890625
-0.09503173828125 0.9732666015625 0.356842041015625 -0.174163818359375
-0.2806396484375 0.94561767578125 0.3712158203125 -0.0508117675781249
-0.37835693359375 0.84698486328125 0.193878173828125 0.186370849609375
-0.64068603515625 0.70965576171875 -0.080596923828125 0.332305908203125
-0.43914794921875 0.7535400390625 -0.1854248046875 0.511322021484375
-0.3114013671875 0.74627685546875 -0.24810791015625 0.559478759765625
-0.15594482421875 0.81256103515625 -0.258758544921875 0.447052001953125
0.083740234375 0.671142578125 -0.233871459960938 0.248550415039063
0.26531982421875 0.5296630859375 -0.280380249023438 0.09808349609375
0.419525146484375 0.3939208984375 -0.468902587890625 0.215545654296875
0.62158203125 0.19757080078125 -0.5972900390625 0.38671875
0.73681640625 0.202880859375 0.298095703125 -0.447174072265625
0.5252685546875 0.38336181640625 0.27642822265625 -0.41888427734375
0.51861572265625 0.58856201171875 0.230682373046875 -0.36285400390625
0.18011474609375 0.8304443359375 0.322418212890625 -0.368377685546875
-0.1302490234375 1.0006103515625 0.322906494140625 -0.301727294921875
-0.29449462890625 0.9979248046875 0.36602783203125 -0.30291748046875
-0.3895263671875 0.90936279296875 0.27618408203125 -0.151046752929687
-0.6839599609375 0.80169677734375 0.0818099975585937 6.10351562500491E-05
-0.47369384765625 0.89788818359375 -0.0788116455078125 0.210159301757813
-0.32861328125 0.92431640625 -0.226898193359375 0.341827392578125
-0.1304931640625 1.01507568359375 -0.30322265625 0.36822509765625
0.1871337890625 0.81719970703125 -0.232986450195313 0.26141357421875
0.39678955078125 0.62591552734375 -0.218612670898438 0.171340942382813
0.555572509765625 0.438446044921875 -0.338287353515625 0.298919677734375
0.7257080078125 0.218994140625 -0.39788818359375 0.48944091796875
0.6390380859375 0.20587158203125 0.511260986328125 -0.369659423828125
0.414337158203125 0.367401123046875 0.455596923828125 -0.34197998046875
0.37213134765625 0.5185546875 0.32275390625 -0.268463134765625
0.0765991210937501 0.68988037109375 0.341064453125 -0.32843017578125
-0.157470703125 0.83526611328125 0.2899169921875 -0.38482666015625
-0.26776123046875 0.8656005859375 0.352935791015625 -0.511749267578125
-0.353515625 0.8199462890625 0.3380126953125 -0.465728759765625
-0.625244140625 0.7630615234375 0.23004150390625 -0.337005615234375
-0.43585205078125 0.89044189453125 0.0104904174804687 -0.127891540527344
-0.2890625 0.93182373046875 -0.227081298828125 0.06219482421875
-0.0859985351562501 1.02392578125 -0.362335205078125 0.24102783203125
0.24761962890625 0.80560302734375 -0.230377197265625 0.256866455078125
0.45391845703125 0.60345458984375 -0.124893188476563 0.24444580078125
0.5946044921875 0.4052734375 -0.155792236328125 0.368133544921875
0.714599609375 0.2064208984375 -0.16656494140625 0.5797119140625
0.459808349609375 0.17633056640625 0.67254638671875 -0.29058837890625
0.262298583984375 0.290771484375 0.56109619140625 -0.249847412109375
0.20294189453125 0.366180419921875 0.354248046875 -0.16217041015625
-0.012237548828125 0.4578857421875 0.32708740234375 -0.265106201171875
-0.145751953125 0.561767578125 0.26019287109375 -0.415557861328125
-0.1962890625 0.61456298828125 0.33544921875 -0.63739013671875
-0.26336669921875 0.61102294921875 0.374267578125 -0.71270751953125
-0.47467041015625 0.60772705078125 0.34521484375 -0.62603759765625
-0.33319091796875 0.725341796875 0.069549560546875 -0.4354248046875
-0.20733642578125 0.74835205078125 -0.248306274414063 -0.203170776367187
-0.05133056640625 0.819091796875 -0.423095703125 0.103424072265625
0.216064453125 0.63519287109375 -0.228775024414062 0.240585327148438
0.3946533203125 0.467559814453125 -0.02825927734375 0.30792236328125
0.500518798828125 0.309356689453125 0.03033447265625 0.416717529296875
0.5716552734375 0.1640625 0.0513916015625 0.6456298828125
0.243255615234375 0.112838745117188 0.767822265625 -0.22918701171875
0.125823974609375 0.170944213867188 0.598388671875 -0.1783447265625
0.0803375244140625 0.179443359375 0.34356689453125 -0.081451416015625
-0.0413665771484375 0.218597412109375 0.296722412109375 -0.209930419921875
-0.08416748046875 0.281646728515625 0.23797607421875 -0.417327880859375
-0.093170166015625 0.329986572265625 0.3165283203125 -0.6888427734375
-0.136260986328125 0.3380126953125 0.380859375 -0.865478515625
-0.2598876953125 0.3577880859375 0.40576171875 -0.822265625
-0.183868408203125 0.43096923828125 0.0911865234375 -0.65093994140625
-0.101959228515625 0.4259033203125 -0.2830810546875 -0.387420654296875
-0.029388427734375 0.4658203125 -0.470458984375 0.000610351562500007
0.11236572265625 0.3564453125 -0.229904174804688 0.226287841796875
0.23529052734375 0.251693725585938 0.041961669921875 0.35980224609375
0.29205322265625 0.17633056640625 0.173675537109375 0.446685791015625
0.320281982421875 0.1021728515625 0.21002197265625 0.68475341796875
0.00571870803833008 0.00203037261962891 -0.33087158203125 -0.58892822265625
-0.0254955291748047 0.0224113464355469 -0.305877685546875 -0.443817138671875
-0.0153417587280273 0.0102434158325195 -0.11920166015625 -0.359619140625
-0.0180149078369141 0.0141963958740234 0.1768798828125 -0.208770751953125
-0.0308685302734375 -0.0125160217285156 0.405975341796875 0.076080322265625
-0.0523757934570312 -0.073455810546875 0.3052978515625 0.36505126953125
-0.0624122619628906 -0.0672340393066406 -0.06524658203125 0.7142333984375
-0.0502395629882813 -0.0807418823242188 -0.41168212890625 0.85235595703125
-0.0335006713867188 -0.0866165161132813 -0.41082763671875 0.87744140625
-0.00263214111328125 -0.0712966918945313 -0.32403564453125 0.712890625
0.0401496887207031 -0.0486679077148438 -0.206146240234375 0.4375
0.0126829147338867 -0.0125083923339844 -0.230270385742188 0.202178955078125
0.0235919952392578 -0.0129203796386719 -0.318389892578125 0.050933837890625
-0.0174140930175781 -0.0345401763916016 -0.544891357421875 0.11767578125
-0.013763427734375 -0.06707763671875 -0.836181640625 0.2083740234375
0.314788818359375 0.064453125 -0.287841796875 -0.57501220703125
0.231536865234375 0.144851684570313 -0.267486572265625 -0.456939697265625
0.246231079101562 0.231399536132813 -0.100341796875 -0.39141845703125
0.099945068359375 0.346527099609375 0.193832397460938 -0.250106811523438
-0.052581787109375 0.39361572265625 0.3985595703125 0.048675537109375
-0.151458740234375 0.34332275390625 0.33624267578125 0.32501220703125
-0.200225830078125 0.311370849609375 0.00781250000000001 0.6610107421875
-0.298065185546875 0.231658935546875 -0.345947265625 0.79107666015625
-0.195831298828125 0.21502685546875 -0.36669921875 0.84539794921875
-0.12554931640625 0.191253662109375 -0.30377197265625 0.7181396484375
-0.0523681640625 0.214126586914063 -0.209869384765625 0.4541015625
-0.00701904296875 0.20037841796875 -0.224594116210938 0.20904541015625
0.0630645751953125 0.166015625 -0.30596923828125 0.0308837890625001
0.105354309082031 0.128211975097656 -0.54644775390625 0.111968994140625
0.218887329101563 0.03717041015625 -0.81634521484375 0.2281494140625
0.567626953125 0.12335205078125 -0.1468505859375 -0.551910400390625
0.437225341796875 0.256378173828125 -0.1351318359375 -0.469757080078125
0.455841064453125 0.421661376953125 -0.0193481445312499 -0.4169921875
0.19512939453125 0.63189697265625 0.2301025390625 -0.309722900390625
-0.0724487304687499 0.7467041015625 0.381683349609375 -0.0430908203125
-0.23028564453125 0.7086181640625 0.36004638671875 0.1781005859375
-0.3116455078125 0.63421630859375 0.099853515625 0.473175048828125
-0.50531005859375 0.51019287109375 -0.2305908203125 0.60858154296875
-0.3367919921875 0.50872802734375 -0.28851318359375 0.7276611328125
-0.238006591796875 0.473358154296875 -0.2779541015625 0.67730712890625
-0.128448486328125 0.510772705078125 -0.2298583984375 0.46795654296875
0.00872802734374995 0.438751220703125 -0.22918701171875 0.227020263671875
0.13922119140625 0.355377197265625 -0.30218505859375 0.0457153320312501
0.251556396484375 0.281158447265625 -0.531829833984375 0.146148681640625
0.43975830078125 0.132049560546875 -0.73876953125 0.2911376953125
0.7138671875 0.17327880859375 0.0629577636718751 -0.5091552734375
0.5408935546875 0.341705322265625 0.0622863769531251 -0.463287353515625
0.55712890625 0.551544189453125 0.1019287109375 -0.411468505859375
0.2327880859375 0.80877685546875 0.27691650390625 -0.3590087890625
-0.09027099609375 0.9710693359375 0.35491943359375 -0.17413330078125
-0.278076171875 0.945556640625 0.36895751953125 -0.053009033203125
-0.37451171875 0.847412109375 0.194900512695312 0.183975219726563
-0.63836669921875 0.7113037109375 -0.0785217285156251 0.332305908203125
-0.43524169921875 0.75469970703125 -0.1832275390625 0.510986328125
-0.3101806640625 0.74371337890625 -0.24444580078125 0.5589599609375
-0.152587890625 0.81036376953125 -0.25689697265625 0.44732666015625
0.087646484375 0.67095947265625 -0.2327880859375 0.248779296875
0.266876220703125 0.526397705078125 -0.2803955078125 0.096343994140625
0.419403076171875 0.392730712890625 -0.4664306640625 0.21893310546875
0.62091064453125 0.1944580078125 -0.59466552734375 0.38848876953125
0.73626708984375 0.1998291015625 0.29644775390625 -0.447265625
0.52410888671875 0.383148193359375 0.275390625 -0.41961669921875
0.5186767578125 0.585205078125 0.230377197265625 -0.36297607421875
0.18048095703125 0.82977294921875 0.321014404296875 -0.36761474609375
-0.12530517578125 1.00018310546875 0.321075439453125 -0.301727294921875
-0.290771484375 0.99639892578125 0.36181640625 -0.304931640625
-0.386474609375 0.9072265625 0.275848388671875 -0.152725219726562
-0.6783447265625 0.80035400390625 0.08172607421875 -0.000305175781249951
-0.4703369140625 0.8963623046875 -0.0769195556640625 0.2098388671875
-0.32550048828125 0.92327880859375 -0.223114013671875 0.341583251953125
-0.12744140625 1.0147705078125 -0.30029296875 0.36907958984375
0.19091796875 0.81646728515625 -0.232177734375 0.260147094726563
0.39727783203125 0.622802734375 -0.218780517578125 0.1690673828125
0.55523681640625 0.435638427734375 -0.335723876953125 0.300201416015625
0.72576904296875 0.2161865234375 -0.3935546875 0.49114990234375
0.63848876953125 0.2041015625 0.509735107421875 -0.371795654296875
0.41241455078125 0.36602783203125 0.451995849609375 -0.343719482421875
0.372344970703125 0.516265869140625 0.32244873046875 -0.269500732421875
0.0776977539062501 0.6898193359375 0.340850830078125 -0.328643798828125
-0.15362548828125 0.83367919921875 0.288299560546875 -0.3861083984375
-0.26458740234375 0.86383056640625 0.348785400390625 -0.510986328125
-0.34747314453125 0.81689453125 0.335418701171875 -0.468109130859375
-0.62158203125 0.763916015625 0.228851318359375 -0.337493896484375
-0.4320068359375 0.89105224609375 0.01141357421875 -0.1278076171875
-0.28564453125 0.93084716796875 -0.224334716796875 0.0627441406250001
-0.0813598632812499 1.02239990234375 -0.360107421875 0.242919921875
0.24969482421875 0.8033447265625 -0.229034423828125 0.25634765625
0.4532470703125 0.59942626953125 -0.125564575195312 0.242568969726563
0.59307861328125 0.40289306640625 -0.1544189453125 0.369873046875
0.7130126953125 0.20306396484375 -0.1632080078125 0.5811767578125
0.459075927734375 0.174102783203125 0.6700439453125 -0.2928466796875
0.2613525390625 0.2901611328125 0.55828857421875 -0.2535400390625
0.2017822265625 0.363983154296875 0.353546142578125 -0.16339111328125
-0.01287841796875 0.45684814453125 0.32611083984375 -0.264892578125
-0.144622802734375 0.56072998046875 0.2581787109375 -0.416015625
-0.19439697265625 0.61236572265625 0.33203125 -0.63409423828125
-0.25921630859375 0.6099853515625 0.3712158203125 -0.71258544921875
-0.47296142578125 0.60791015625 0.3431396484375 -0.6258544921875
-0.33184814453125 0.72418212890625 0.0707092285156249 -0.435516357421875
-0.2044677734375 0.746337890625 -0.247406005859375 -0.20135498046875
-0.04864501953125 0.816650390625 -0.42059326171875 0.105865478515625
0.21826171875 0.63226318359375 -0.226898193359375 0.239593505859375
0.394683837890625 0.462860107421875 -0.0284423828125 0.305694580078125
0.50067138671875 0.30682373046875 0.0317382812500001 0.416961669921875
0.57080078125 0.1595458984375 0.054443359375 0.6456298828125
0.243118286132813 0.112106323242188 0.7650146484375 -0.2322998046875
0.1260986328125 0.171401977539063 0.5950927734375 -0.1807861328125
0.0801544189453125 0.17901611328125 0.342864990234375 -0.083099365234375
-0.041717529296875 0.218505859375 0.29595947265625 -0.20977783203125
-0.0833587646484375 0.281021118164063 0.234344482421875 -0.416412353515625
-0.092254638671875 0.328460693359375 0.31097412109375 -0.6868896484375
-0.134857177734375 0.3377685546875 0.3765869140625 -0.86529541015625
-0.257904052734375 0.359161376953125 0.40087890625 -0.822998046875
-0.1826171875 0.42999267578125 0.0906982421875 -0.6495361328125
-0.100555419921875 0.424957275390625 -0.282928466796875 -0.385345458984375
-0.02587890625 0.465545654296875 -0.4688720703125 0.00286865234374995
0.113616943359375 0.356048583984375 -0.229446411132813 0.225723266601563
0.23486328125 0.249359130859375 0.041412353515625 0.358001708984375
0.2923583984375 0.175140380859375 0.173828125 0.44854736328125
0.319610595703125 0.10162353515625 0.21319580078125 0.6851806640625
0.00575351715087891 0.00245141983032227 -0.33343505859375 -0.58892822265625
-0.0255718231201172 0.0226459503173828 -0.305999755859375 -0.4437255859375
-0.0153865814208984 0.00978469848632813 -0.1199951171875 -0.357940673828125
-0.0173244476318359 0.013798713684082 0.176223754882813 -0.208206176757812
-0.0306777954101563 -0.0121917724609375 0.405426025390625 0.073760986328125
-0.0533981323242188 -0.0727996826171875 0.30413818359375 0.363616943359375
-0.0637397766113281 -0.0665435791015625 -0.0645141601562499 0.71441650390625
-0.0511016845703125 -0.0801849365234375 -0.40875244140625 0.854248046875
-0.0347061157226563 -0.0853652954101563 -0.40802001953125 0.8782958984375
-0.00310516357421875 -0.0713043212890625 -0.32073974609375 0.71295166015625
0.0401039123535156 -0.0491104125976563 -0.20281982421875 0.437713623046875
0.0129842758178711 -0.0127773284912109 -0.229949951171875 0.203414916992187
0.0239067077636719 -0.013580322265625 -0.317108154296875 0.05096435546875
-0.0177459716796875 -0.0345115661621094 -0.544219970703125 0.120391845703125
-0.0146522521972656 -0.0673141479492187 -0.83282470703125 0.21282958984375
0.31402587890625 0.063751220703125 -0.2904052734375 -0.57647705078125
0.232223510742187 0.144866943359375 -0.269287109375 -0.45709228515625
0.246063232421875 0.229507446289063 -0.099273681640625 -0.390472412109375
0.101959228515625 0.344970703125 0.19244384765625 -0.250213623046875
-0.051025390625 0.393707275390625 0.3985595703125 0.046600341796875
-0.150726318359375 0.343170166015625 0.33489990234375 0.322296142578125
-0.20013427734375 0.3118896484375 0.00946044921875002 0.66168212890625
-0.297454833984375 0.233551025390625 -0.34234619140625 0.7913818359375
-0.19580078125 0.215850830078125 -0.36175537109375 0.84698486328125
-0.125885009765625 0.190536499023438 -0.30230712890625 0.717529296875
-0.0520172119140625 0.213088989257812 -0.208648681640625 0.455078125
-0.00601196289062498 0.200088500976563 -0.223220825195313 0.209503173828125
0.0628814697265625 0.164627075195313 -0.3056640625 0.0298461914062501
0.105232238769531 0.127677917480469 -0.545501708984375 0.113739013671875
0.217864990234375 0.03564453125 -0.8145751953125 0.23150634765625
0.56707763671875 0.12127685546875 -0.14849853515625 -0.552490234375
0.43841552734375 0.254791259765625 -0.13604736328125 -0.471954345703125
0.45703125 0.41925048828125 -0.020477294921875 -0.415924072265625
0.197509765625 0.6295166015625 0.229156494140625 -0.309326171875
-0.068359375 0.74627685546875 0.380767822265625 -0.044525146484375
-0.2281494140625 0.70758056640625 0.358551025390625 0.175445556640625
-0.30908203125 0.6334228515625 0.10028076171875 0.471527099609375
-0.5032958984375 0.51214599609375 -0.22607421875 0.609375
-0.336761474609375 0.509185791015625 -0.2833251953125 0.72802734375
-0.236114501953125 0.4720458984375 -0.275390625 0.67718505859375
-0.126312255859375 0.5087890625 -0.22869873046875 0.46868896484375
0.0106201171875 0.438079833984375 -0.227386474609375 0.226806640625
0.13970947265625 0.352935791015625 -0.3021240234375 0.04437255859375
0.252822875976563 0.28009033203125 -0.529388427734375 0.14910888671875
0.4384765625 0.12884521484375 -0.7340087890625 0.29534912109375
0.71502685546875 0.17095947265625 0.061309814453125 -0.51123046875
0.54052734375 0.339385986328125 0.061004638671875 -0.464324951171875
0.55706787109375 0.54888916015625 0.100341796875 -0.41180419921875
0.2344970703125 0.80718994140625 0.277557373046875 -0.359100341796875
-0.0865478515624999 0.97052001953125 0.35430908203125 -0.174560546875
-0.27374267578125 0.94482421875 0.366180419921875 -0.0539550781249999
-0.3714599609375 0.8458251953125 0.195114135742187 0.181381225585938
-0.63604736328125 0.7127685546875 -0.076507568359375 0.331878662109375
-0.43304443359375 0.75372314453125 -0.180328369140625 0.511138916015625
-0.3070068359375 0.7412109375 -0.2413330078125 0.559112548828125
-0.14813232421875 0.80755615234375 -0.25390625 0.449554443359375
0.0887451171875 0.66937255859375 -0.23150634765625 0.247955322265625
0.265960693359375 0.523681640625 -0.280258178710937 0.0951080322265626
0.419586181640625 0.390625 -0.46527099609375 0.221160888671875
0.6207275390625 0.190185546875 -0.59130859375 0.39111328125
0.73486328125 0.19781494140625 0.295166015625 -0.449859619140625
0.524261474609375 0.382080078125 0.273590087890625 -0.423095703125
0.5185546875 0.582275390625 0.22821044921875 -0.362884521484375
0.18255615234375 0.8271484375 0.320709228515625 -0.36859130859375
-0.1199951171875 0.99786376953125 0.320037841796875 -0.301605224609375
-0.28759765625 0.99468994140625 0.360107421875 -0.30584716796875
-0.3826904296875 0.90618896484375 0.275299072265625 -0.154510498046875
-0.6756591796875 0.80401611328125 0.0825881958007812 -0.000778198242187451
-0.4676513671875 0.8973388671875 -0.0750885009765625 0.210205078125
-0.32122802734375 0.922119140625 -0.22100830078125 0.342437744140625
-0.122802734375 1.01239013671875 -0.2982177734375 0.369781494140625
0.194091796875 0.81488037109375 -0.2305908203125 0.259323120117188
0.39666748046875 0.617431640625 -0.21966552734375 0.166839599609375
0.554534912109375 0.433502197265625 -0.33453369140625 0.304595947265625
0.72369384765625 0.21197509765625 -0.391021728515625 0.494873046875
0.6375732421875 0.20233154296875 0.5078125 -0.374725341796875
0.413238525390625 0.3653564453125 0.450408935546875 -0.34747314453125
0.371673583984375 0.513427734375 0.320556640625 -0.270599365234375
0.0782470703125001 0.68878173828125 0.339080810546875 -0.329376220703125
-0.15020751953125 0.8314208984375 0.28680419921875 -0.385009765625
-0.26080322265625 0.86053466796875 0.3463134765625 -0.51019287109375
-0.34442138671875 0.8165283203125 0.33343505859375 -0.46893310546875
-0.61810302734375 0.76715087890625 0.2281494140625 -0.338531494140625
-0.429931640625 0.89013671875 0.0124053955078125 -0.127952575683594
-0.28314208984375 0.92828369140625 -0.223342895507813 0.0639801025390625
-0.0783081054687499 1.02001953125 -0.358184814453125 0.245269775390625
0.25103759765625 0.80279541015625 -0.228530883789062 0.255523681640625
0.4539794921875 0.59552001953125 -0.125961303710937 0.240203857421875
0.59417724609375 0.40057373046875 -0.15350341796875 0.3717041015625
0.71307373046875 0.20062255859375 -0.1605224609375 0.58270263671875
0.459228515625 0.1727294921875 0.6689453125 -0.29498291015625
0.26226806640625 0.2911376953125 0.55615234375 -0.2552490234375
0.201629638671875 0.3634033203125 0.353302001953125 -0.16546630859375
-0.012054443359375 0.457550048828125 0.325714111328125 -0.266021728515625
-0.14141845703125 0.557861328125 0.256134033203125 -0.41522216796875
-0.19207763671875 0.61181640625 0.32672119140625 -0.6341552734375
-0.2564697265625 0.6087646484375 0.3681640625 -0.712646484375
-0.4693603515625 0.6097412109375 0.33892822265625 -0.62603759765625
-0.32904052734375 0.72540283203125 0.07080078125 -0.435333251953125
-0.20196533203125 0.74603271484375 -0.246429443359375 -0.199966430664063
-0.0460205078125 0.81536865234375 -0.41925048828125 0.107757568359375
0.2196044921875 0.63201904296875 -0.226730346679688 0.238723754882813
0.394378662109375 0.462127685546875 -0.0289306640625 0.303253173828125
0.499481201171875 0.3052978515625 0.032318115234375 0.418609619140625
0.56988525390625 0.15814208984375 0.057861328125 0.648681640625
0.242584228515625 0.111373901367188 0.76251220703125 -0.23345947265625
0.126739501953125 0.171722412109375 0.5927734375 -0.18170166015625
0.0802001953125 0.178070068359375 0.342620849609375 -0.084686279296875
-0.042022705078125 0.21881103515625 0.29522705078125 -0.210174560546875
-0.08319091796875 0.27972412109375 0.2340087890625 -0.41558837890625
-0.091400146484375 0.3267822265625 0.30706787109375 -0.68548583984375
-0.132904052734375 0.337982177734375 0.3721923828125 -0.86383056640625
-0.256988525390625 0.360748291015625 0.39666748046875 -0.8243408203125
-0.180694580078125 0.430450439453125 0.0904541015625 -0.65008544921875
-0.098968505859375 0.423553466796875 -0.282012939453125 -0.3839111328125
-0.02374267578125 0.464141845703125 -0.467071533203125 0.00546264648437494
0.11529541015625 0.356903076171875 -0.228759765625 0.22503662109375
0.23406982421875 0.247207641601563 0.04150390625 0.355743408203125
0.291839599609375 0.17401123046875 0.1754150390625 0.448638916015625
0.319488525390625 0.1005859375 0.21624755859375 0.687255859375
0.00574111938476563 0.00246238708496094 -0.33642578125 -0.5888671875
-0.0250778198242188 0.0227127075195312 -0.307952880859375 -0.444671630859375
-0.0155067443847656 0.00953388214111328 -0.120819091796875 -0.356475830078125
-0.0167398452758789 0.0133886337280273 0.176132202148438 -0.208770751953125
-0.0305290222167969 -0.01190185546875 0.405792236328125 0.071868896484375
-0.05401611328125 -0.0720596313476563 0.30535888671875 0.36041259765625
-0.0652351379394531 -0.0659751892089844 -0.061767578125 0.71197509765625
-0.0519180297851563 -0.0797119140625 -0.40301513671875 0.8548583984375
-0.03558349609375 -0.0848159790039063 -0.40423583984375 0.8800048828125
-0.00392913818359375 -0.0715713500976563 -0.3153076171875 0.71417236328125
0.0398826599121094 -0.050140380859375 -0.201416015625 0.438995361328125
0.013524055480957 -0.0131940841674805 -0.228836059570312 0.204544067382813
0.0240974426269531 -0.0143280029296875 -0.316314697265625 0.0520324707031251
-0.0180244445800781 -0.0347137451171875 -0.542388916015625 0.122406005859375
-0.0156211853027344 -0.0675125122070313 -0.8310546875 0.21710205078125
0.31512451171875 0.06268310546875 -0.2938232421875 -0.5771484375
0.232803344726563 0.1439208984375 -0.269622802734375 -0.458892822265625
0.246841430664063 0.228378295898438 -0.10076904296875 -0.387939453125
0.10321044921875 0.344573974609375 0.192672729492188 -0.250442504882813
-0.0489501953125 0.393890380859375 0.399169921875 0.04443359375
-0.150054931640625 0.344390869140625 0.33575439453125 0.319488525390625
-0.19976806640625 0.31219482421875 0.01251220703125 0.6607666015625
-0.2962646484375 0.234954833984375 -0.33660888671875 0.793701171875
-0.195266723632812 0.216949462890625 -0.3590087890625 0.8485107421875
-0.125518798828125 0.189956665039063 -0.2982177734375 0.71795654296875
-0.050140380859375 0.212890625 -0.20758056640625 0.45587158203125
-0.00457763671874999 0.200241088867188 -0.222808837890625 0.210296630859375
0.063079833984375 0.163070678710938 -0.30487060546875 0.030487060546875
0.10498046875 0.127395629882813 -0.543853759765625 0.117095947265625
0.216796875 0.03424072265625 -0.8126220703125 0.23602294921875
0.56658935546875 0.11883544921875 -0.149383544921875 -0.555419921875
0.4385986328125 0.25360107421875 -0.13836669921875 -0.4718017578125
0.45880126953125 0.416412353515625 -0.02166748046875 -0.414825439453125
0.2003173828125 0.62939453125 0.2291259765625 -0.309295654296875
-0.0645751953124999 0.7464599609375 0.381805419921875 -0.04534912109375
-0.22625732421875 0.708740234375 0.35711669921875 0.1739501953125
-0.3082275390625 0.63519287109375 0.10235595703125 0.470184326171875
-0.502655029296875 0.513458251953125 -0.2225341796875 0.61004638671875
-0.334716796875 0.509613037109375 -0.2818603515625 0.72845458984375
-0.235076904296875 0.47137451171875 -0.271240234375 0.6796875
-0.12286376953125 0.5089111328125 -0.22601318359375 0.469451904296875
0.012176513671875 0.438079833984375 -0.22674560546875 0.227096557617188
0.139892578125 0.350677490234375 -0.3016357421875 0.043731689453125
0.25341796875 0.278900146484375 -0.528961181640625 0.153228759765625
0.438079833984375 0.12603759765625 -0.73388671875 0.29986572265625
0.71490478515625 0.1673583984375 0.0591735839843751 -0.5126953125
0.54248046875 0.339691162109375 0.059356689453125 -0.466400146484375
0.558074951171875 0.544525146484375 0.099578857421875 -0.41180419921875
0.2374267578125 0.80511474609375 0.2757568359375 -0.35931396484375
-0.0807495117187501 0.971435546875 0.354522705078125 -0.176055908203125
-0.26995849609375 0.9454345703125 0.365020751953125 -0.0572509765624999
-0.3682861328125 0.8446044921875 0.196868896484375 0.17913818359375
-0.63336181640625 0.71630859375 -0.0739746093750001 0.332061767578125
-0.42803955078125 0.75592041015625 -0.177459716796875 0.51312255859375
-0.30450439453125 0.74139404296875 -0.238800048828125 0.55938720703125
-0.14398193359375 0.80828857421875 -0.251373291015625 0.4498291015625
0.0922851562499999 0.6702880859375 -0.230484008789063 0.247650146484375
0.266510009765625 0.5208740234375 -0.280715942382813 0.09381103515625
0.42047119140625 0.38848876953125 -0.464263916015625 0.225128173828125
0.61968994140625 0.18853759765625 -0.58782958984375 0.394775390625
0.73590087890625 0.19482421875 0.2947998046875 -0.45269775390625
0.526153564453125 0.38104248046875 0.272674560546875 -0.425018310546875
0.5211181640625 0.5791015625 0.2281494140625 -0.36383056640625
0.18707275390625 0.82562255859375 0.320343017578125 -0.369903564453125
-0.11474609375 0.9981689453125 0.3184814453125 -0.3031005859375
-0.282958984375 0.99554443359375 0.357208251953125 -0.307037353515625
-0.37933349609375 0.9071044921875 0.274566650390625 -0.15753173828125
-0.67156982421875 0.80535888671875 0.083038330078125 -0.00135803222656245
-0.46307373046875 0.89739990234375 -0.073394775390625 0.210525512695313
-0.3179931640625 0.92266845703125 -0.21856689453125 0.342803955078125
-0.11737060546875 1.00927734375 -0.2957763671875 0.371612548828125
0.1964111328125 0.81646728515625 -0.230056762695313 0.2593994140625
0.39593505859375 0.61468505859375 -0.220382690429688 0.165252685546875
0.5556640625 0.430816650390625 -0.33319091796875 0.306732177734375
0.72393798828125 0.208251953125 -0.386871337890625 0.496124267578125
0.638916015625 0.19952392578125 0.506622314453125 -0.377471923828125
0.414520263671875 0.36419677734375 0.44879150390625 -0.349884033203125
0.37274169921875 0.511993408203125 0.320587158203125 -0.2720947265625
0.08062744140625 0.68902587890625 0.3389892578125 -0.329833984375
-0.14630126953125 0.83233642578125 0.28448486328125 -0.385955810546875
-0.25732421875 0.8612060546875 0.341278076171875 -0.51214599609375
-0.34136962890625 0.8177490234375 0.331573486328125 -0.471710205078125
-0.614501953125 0.76837158203125 0.226776123046875 -0.3397216796875
-0.425048828125 0.89227294921875 0.013580322265625 -0.127861022949219
-0.2789306640625 0.92919921875 -0.220901489257813 0.0649871826171876
-0.071044921875 1.01959228515625 -0.355743408203125 0.247161865234375
0.257080078125 0.8031005859375 -0.227340698242188 0.254989624023438
0.45269775390625 0.592041015625 -0.1265869140625 0.238662719726563
0.5931396484375 0.3978271484375 -0.1522216796875 0.374420166015625
0.7125244140625 0.19744873046875 -0.156005859375 0.5853271484375
0.45855712890625 0.17108154296875 0.666748046875 -0.29864501953125
0.263458251953125 0.291290283203125 0.55419921875 -0.258697509765625
0.202423095703125 0.3623046875 0.352142333984375 -0.166778564453125
-0.011810302734375 0.457061767578125 0.32537841796875 -0.265960693359375
-0.139495849609375 0.557708740234375 0.25335693359375 -0.41461181640625
-0.189208984375 0.6090087890625 0.32122802734375 -0.63519287109375
-0.253173828125 0.60882568359375 0.3642578125 -0.71490478515625
-0.46624755859375 0.61334228515625 0.3369140625 -0.62908935546875
-0.32598876953125 0.7254638671875 0.0703125 -0.43695068359375
-0.1990966796875 0.74444580078125 -0.245941162109375 -0.198974609375
-0.04144287109375 0.81658935546875 -0.41741943359375 0.11102294921875
0.22479248046875 0.63214111328125 -0.225921630859375 0.238388061523438
0.39453125 0.45672607421875 -0.02886962890625 0.301727294921875
0.501678466796875 0.3033447265625 0.034210205078125 0.42083740234375
0.5693359375 0.15643310546875 0.0628662109375001 0.65069580078125
0.243438720703125 0.1099853515625 0.7603759765625 -0.2374267578125
0.127410888671875 0.172042846679688 0.590576171875 -0.185546875
0.07958984375 0.178466796875 0.34222412109375 -0.086395263671875
-0.042022705078125 0.2193603515625 0.295074462890625 -0.21148681640625
-0.0818328857421875 0.27923583984375 0.231658935546875 -0.415435791015625
-0.089996337890625 0.324981689453125 0.30224609375 -0.68572998046875
-0.131195068359375 0.338104248046875 0.36700439453125 -0.86480712890625
-0.25494384765625 0.36260986328125 0.39361572265625 -0.8265380859375
-0.178619384765625 0.43072509765625 0.0886840820312499 -0.65130615234375
-0.0982666015625 0.4241943359375 -0.281280517578125 -0.381591796875
-0.021270751953125 0.4637451171875 -0.465576171875 0.00802612304687498
0.117340087890625 0.357086181640625 -0.228424072265625 0.225006103515625
0.234390258789063 0.245376586914063 0.04205322265625 0.3544921875
0.292388916015625 0.17266845703125 0.177001953125 0.450897216796875
0.31982421875 0.099853515625 0.221923828125 0.687744140625
0.0057368278503418 0.00273561477661133 -0.33953857421875 -0.59051513671875
-0.0241832733154297 0.0231494903564453 -0.31060791015625 -0.4449462890625
-0.0156879425048828 0.00992488861083985 -0.122222900390625 -0.355316162109375
-0.0160646438598633 0.0126590728759766 0.176193237304688 -0.208953857421875
-0.0304985046386719 -0.0114192962646484 0.406494140625 0.06964111328125
-0.0544204711914062 -0.0712814331054688 0.30572509765625 0.35693359375
-0.0670738220214844 -0.0646514892578125 -0.0599365234375 0.71551513671875
-0.052703857421875 -0.0792922973632812 -0.39825439453125 0.85888671875
-0.036224365234375 -0.0837631225585937 -0.39764404296875 0.881591796875
-0.004974365234375 -0.0719833374023438 -0.3143310546875 0.71575927734375
0.0396728515625 -0.0510177612304688 -0.198638916015625 0.44036865234375
0.0137386322021484 -0.0134029388427734 -0.228179931640625 0.205642700195313
0.0240497589111328 -0.0152702331542969 -0.3155517578125 0.0531616210937501
-0.0181083679199219 -0.0345363616943359 -0.541046142578125 0.12542724609375
-0.016754150390625 -0.0683670043945313 -0.82977294921875 0.22119140625
0.315643310546875 0.0621337890625 -0.2960205078125 -0.57806396484375
0.233917236328125 0.143402099609375 -0.27252197265625 -0.4586181640625
0.247909545898438 0.226486206054688 -0.101959228515625 -0.388214111328125
0.105255126953125 0.34332275390625 0.191604614257813 -0.250900268554688
-0.046112060546875 0.394775390625 0.398956298828125 0.042388916015625
-0.148345947265625 0.34637451171875 0.334686279296875 0.316650390625
-0.199462890625 0.312896728515625 0.014892578125 0.65972900390625
-0.2962646484375 0.23687744140625 -0.3326416015625 0.795654296875
-0.1947021484375 0.218841552734375 -0.35302734375 0.85101318359375
-0.125137329101562 0.190109252929688 -0.2940673828125 0.72003173828125
-0.0493316650390625 0.211944580078125 -0.204742431640625 0.4566650390625
-0.00334167480468749 0.200210571289063 -0.22174072265625 0.21124267578125
0.0637969970703125 0.16168212890625 -0.305023193359375 0.030029296875
0.105400085449219 0.127182006835938 -0.5411376953125 0.1199951171875
0.216079711914063 0.0325469970703125 -0.80999755859375 0.23980712890625
0.56756591796875 0.116943359375 -0.1529541015625 -0.556243896484375
0.439971923828125 0.252105712890625 -0.139404296875 -0.473175048828125
0.459686279296875 0.41424560546875 -0.02294921875 -0.415008544921875
0.202880859375 0.62762451171875 0.227752685546875 -0.310546875
-0.0592041015624999 0.74737548828125 0.382080078125 -0.0469970703125
-0.22418212890625 0.7105712890625 0.35699462890625 0.16876220703125
-0.306396484375 0.6353759765625 0.10479736328125 0.46728515625
-0.49993896484375 0.517120361328125 -0.21820068359375 0.61029052734375
-0.332855224609375 0.512237548828125 -0.27655029296875 0.72998046875
-0.23272705078125 0.4722900390625 -0.2667236328125 0.6810302734375
-0.119598388671875 0.508148193359375 -0.223541259765625 0.47222900390625
0.014404296875 0.439300537109375 -0.225204467773438 0.228469848632813
0.14056396484375 0.34844970703125 -0.301910400390625 0.04302978515625
0.25341796875 0.279006958007813 -0.526641845703125 0.156463623046875
0.4359130859375 0.123626708984375 -0.7301025390625 0.3040771484375
0.7149658203125 0.16363525390625 0.0579223632812501 -0.51568603515625
0.543548583984375 0.337646484375 0.057586669921875 -0.469451904296875
0.561065673828125 0.542999267578125 0.097564697265625 -0.412750244140625
0.24169921875 0.80419921875 0.27435302734375 -0.361083984375
-0.07659912109375 0.971923828125 0.35333251953125 -0.177978515625
-0.26568603515625 0.94744873046875 0.363800048828125 -0.059783935546875
-0.3648681640625 0.84613037109375 0.197219848632813 0.176300048828125
-0.62939453125 0.71942138671875 -0.0707092285156251 0.33245849609375
-0.4273681640625 0.75775146484375 -0.174407958984375 0.513916015625
-0.29986572265625 0.74188232421875 -0.233642578125 0.561614990234375
-0.1397705078125 0.80767822265625 -0.24884033203125 0.45208740234375
0.0951538085937501 0.67108154296875 -0.229476928710937 0.248382568359375
0.267364501953125 0.517547607421875 -0.281829833984375 0.093231201171875
0.42181396484375 0.38726806640625 -0.462005615234375 0.228790283203125
0.61962890625 0.1839599609375 -0.58428955078125 0.4000244140625
0.7381591796875 0.19207763671875 0.292022705078125 -0.4560546875
0.5274658203125 0.37933349609375 0.27020263671875 -0.4287109375
0.52166748046875 0.57574462890625 0.226226806640625 -0.364837646484375
0.1885986328125 0.82537841796875 0.31842041015625 -0.371429443359375
-0.10980224609375 0.996826171875 0.318206787109375 -0.30377197265625
-0.27716064453125 0.997802734375 0.3546142578125 -0.307769775390625
-0.37481689453125 0.90802001953125 0.274017333984375 -0.159820556640625
-0.66888427734375 0.81024169921875 0.0843887329101562 -0.0018234252929687
-0.45849609375 0.90118408203125 -0.07080078125 0.210952758789063
-0.31451416015625 0.9228515625 -0.215179443359375 0.3443603515625
-0.11053466796875 1.01153564453125 -0.292388916015625 0.374786376953125
0.20269775390625 0.81640625 -0.22845458984375 0.259384155273438
0.39715576171875 0.6104736328125 -0.22119140625 0.164443969726563
0.557220458984375 0.42962646484375 -0.330810546875 0.310089111328125
0.72467041015625 0.20343017578125 -0.38323974609375 0.500274658203125
0.6395263671875 0.198486328125 0.505126953125 -0.380401611328125
0.415557861328125 0.364227294921875 0.446075439453125 -0.353729248046875
0.373779296875 0.5101318359375 0.319366455078125 -0.274932861328125
0.08282470703125 0.68939208984375 0.337249755859375 -0.33172607421875
-0.142822265625 0.832275390625 0.282196044921875 -0.3865966796875
-0.251953125 0.86187744140625 0.337615966796875 -0.51324462890625
-0.33740234375 0.8184814453125 0.32952880859375 -0.473480224609375
-0.61309814453125 0.77294921875 0.225830078125 -0.3408203125
-0.42156982421875 0.8955078125 0.0143508911132812 -0.128753662109375
-0.2747802734375 0.92974853515625 -0.21966552734375 0.0664520263671875
-0.0648193359374999 1.0189208984375 -0.353271484375 0.249267578125
0.262451171875 0.80419921875 -0.226486206054687 0.254898071289063
0.4559326171875 0.5872802734375 -0.126907348632812 0.237106323242188
0.59637451171875 0.3948974609375 -0.150390625 0.376708984375
0.71246337890625 0.19281005859375 -0.152099609375 0.588623046875
0.460601806640625 0.16778564453125 0.66497802734375 -0.3016357421875
0.2647705078125 0.290985107421875 0.551849365234375 -0.261444091796875
0.200775146484375 0.361236572265625 0.3521728515625 -0.16943359375
-0.01025390625 0.45770263671875 0.324676513671875 -0.26702880859375
-0.135406494140625 0.55841064453125 0.253021240234375 -0.415557861328125
-0.1865234375 0.6090087890625 0.31689453125 -0.6339111328125
-0.250244140625 0.610107421875 0.3604736328125 -0.71673583984375
-0.4644775390625 0.615478515625 0.3336181640625 -0.6326904296875
-0.3223876953125 0.72662353515625 0.0689697265625 -0.43768310546875
-0.19598388671875 0.74468994140625 -0.245773315429688 -0.19732666015625
-0.03558349609375 0.81536865234375 -0.41595458984375 0.11322021484375
0.22772216796875 0.6324462890625 -0.225143432617187 0.238983154296875
0.39593505859375 0.453826904296875 -0.0291748046874999 0.300048828125
0.501617431640625 0.30035400390625 0.03546142578125 0.422393798828125
0.5712890625 0.1529541015625 0.0662841796875 0.65191650390625
0.243698120117188 0.109085083007813 0.758544921875 -0.2408447265625
0.128082275390625 0.1724853515625 0.5887451171875 -0.189208984375
0.0796356201171875 0.178436279296875 0.342132568359375 -0.0885009765625
-0.0415802001953125 0.220794677734375 0.294830322265625 -0.213134765625
-0.08013916015625 0.279098510742188 0.230316162109375 -0.417144775390625
-0.08929443359375 0.32403564453125 0.296630859375 -0.68450927734375
-0.128997802734375 0.338043212890625 0.36187744140625 -0.86627197265625
-0.25347900390625 0.364959716796875 0.38922119140625 -0.8282470703125
-0.178131103515625 0.432037353515625 0.0888671874999999 -0.6544189453125
-0.095947265625 0.422515869140625 -0.282562255859375 -0.379547119140625
-0.01824951171875 0.46405029296875 -0.463470458984375 0.0104675292968751
0.119476318359375 0.358062744140625 -0.227142333984375 0.225173950195313
0.234695434570313 0.243026733398438 0.04302978515625 0.352294921875
0.29296875 0.17132568359375 0.178497314453125 0.451690673828125
0.320556640625 0.09820556640625 0.22515869140625 0.68951416015625
0.00578594207763672 0.00279092788696289 -0.344970703125 -0.59100341796875
-0.0239295959472656 0.0234451293945313 -0.312469482421875 -0.44580078125
-0.0157041549682617 0.00932407379150391 -0.122650146484375 -0.354705810546875
-0.0154075622558594 0.0125303268432617 0.17547607421875 -0.209579467773437
-0.0297183990478516 -0.0108623504638672 0.406982421875 0.0670166015625
-0.0552444458007813 -0.0706558227539062 0.30548095703125 0.353240966796875
-0.0684127807617188 -0.0639762878417969 -0.0572509765625 0.7158203125
-0.0538864135742187 -0.0786209106445313 -0.39178466796875 0.86248779296875
-0.0373001098632812 -0.0825653076171875 -0.393798828125 0.885009765625
-0.0059967041015625 -0.07183837890625 -0.3082275390625 0.71624755859375
0.0390663146972656 -0.0519180297851563 -0.196563720703125 0.442413330078125
0.0141563415527344 -0.0138072967529297 -0.227996826171875 0.207901000976562
0.0244178771972656 -0.0163173675537109 -0.31494140625 0.05401611328125
-0.0186443328857422 -0.0343723297119141 -0.54119873046875 0.130523681640625
-0.0179634094238281 -0.068572998046875 -0.82904052734375 0.2274169921875
0.31634521484375 0.05950927734375 -0.30029296875 -0.57781982421875
0.2344970703125 0.142562866210938 -0.276275634765625 -0.4598388671875
0.249313354492188 0.223770141601563 -0.103302001953125 -0.3868408203125
0.107269287109375 0.34246826171875 0.191024780273438 -0.25201416015625
-0.042694091796875 0.39520263671875 0.400177001953125 0.03973388671875
-0.146697998046875 0.347015380859375 0.3360595703125 0.31201171875
-0.19903564453125 0.31402587890625 0.0176391601562499 0.658203125
-0.29547119140625 0.238616943359375 -0.32708740234375 0.79833984375
-0.193740844726562 0.2205810546875 -0.34844970703125 0.85345458984375
-0.125198364257812 0.189926147460938 -0.28924560546875 0.721923828125
-0.04791259765625 0.21142578125 -0.202178955078125 0.459075927734375
-0.00172424316406252 0.199996948242188 -0.220367431640625 0.212371826171875
0.0641021728515625 0.159896850585937 -0.30474853515625 0.0310668945312501
0.105247497558594 0.126594543457031 -0.541656494140625 0.124755859375
0.215499877929688 0.030914306640625 -0.80908203125 0.24639892578125
0.56915283203125 0.1124267578125 -0.155975341796875 -0.55645751953125
0.440826416015625 0.2510986328125 -0.14190673828125 -0.47412109375
0.461578369140625 0.40972900390625 -0.024017333984375 -0.414459228515625
0.2073974609375 0.62774658203125 0.226959228515625 -0.312286376953125
-0.0534057617187499 0.74810791015625 0.382293701171875 -0.0495605468749999
-0.21844482421875 0.7125244140625 0.356903076171875 0.166717529296875
-0.30352783203125 0.6383056640625 0.107696533203125 0.46600341796875
-0.497589111328125 0.52008056640625 -0.2152099609375 0.612548828125
-0.330322265625 0.51324462890625 -0.2733154296875 0.73345947265625
-0.231658935546875 0.472198486328125 -0.2618408203125 0.68194580078125
-0.116973876953125 0.508758544921875 -0.21917724609375 0.4742431640625
0.01800537109375 0.4383544921875 -0.224273681640625 0.229446411132812
0.140869140625 0.34698486328125 -0.30303955078125 0.0433349609375
0.253952026367188 0.277923583984375 -0.526275634765625 0.160400390625
0.437744140625 0.1212158203125 -0.7274169921875 0.309326171875
0.7183837890625 0.15936279296875 0.0555114746093751 -0.517578125
0.544921875 0.335052490234375 0.05523681640625 -0.470672607421875
0.56365966796875 0.53759765625 0.09521484375 -0.413299560546875
0.2451171875 0.80438232421875 0.27374267578125 -0.363525390625
-0.0704956054687501 0.97265625 0.353363037109375 -0.180450439453125
-0.25848388671875 0.948486328125 0.362457275390625 -0.06158447265625
-0.36077880859375 0.8480224609375 0.198532104492187 0.173812866210938
-0.6256103515625 0.72344970703125 -0.067962646484375 0.332977294921875
-0.4229736328125 0.76031494140625 -0.1697998046875 0.516326904296875
-0.29742431640625 0.743896484375 -0.22979736328125 0.56353759765625
-0.1341552734375 0.80889892578125 -0.24462890625 0.45550537109375
0.1009521484375 0.6702880859375 -0.227615356445312 0.248855590820313
0.268768310546875 0.51470947265625 -0.28271484375 0.09283447265625
0.4224853515625 0.38555908203125 -0.459381103515625 0.23333740234375
0.6202392578125 0.17919921875 -0.58203125 0.40216064453125
0.73828125 0.18878173828125 0.2904052734375 -0.459686279296875
0.529449462890625 0.37628173828125 0.2684326171875 -0.43218994140625
0.52410888671875 0.57373046875 0.2252197265625 -0.367919921875
0.19305419921875 0.8243408203125 0.31683349609375 -0.373046875
-0.10455322265625 0.9986572265625 0.316497802734375 -0.306793212890625
-0.2724609375 0.9969482421875 0.35137939453125 -0.311370849609375
-0.36944580078125 0.908935546875 0.272750854492188 -0.16326904296875
-0.6656494140625 0.8138427734375 0.0850296020507812 -0.00271606445312495
-0.454345703125 0.90478515625 -0.06903076171875 0.2117919921875
-0.309326171875 0.9237060546875 -0.21124267578125 0.345672607421875
-0.10504150390625 1.0130615234375 -0.29022216796875 0.3770751953125
0.2073974609375 0.81610107421875 -0.22784423828125 0.260040283203125
0.400146484375 0.6070556640625 -0.22186279296875 0.163421630859375
0.55889892578125 0.42645263671875 -0.328704833984375 0.314666748046875
0.7247314453125 0.1998291015625 -0.378082275390625 0.50299072265625
0.6417236328125 0.19287109375 0.5042724609375 -0.384918212890625
0.41741943359375 0.364166259765625 0.445220947265625 -0.35711669921875
0.376251220703125 0.509063720703125 0.318939208984375 -0.276702880859375
0.08447265625 0.689453125 0.33746337890625 -0.333648681640625
-0.13629150390625 0.831787109375 0.28106689453125 -0.389068603515625
-0.2490234375 0.863037109375 0.332794189453125 -0.514007568359375
-0.3331298828125 0.81939697265625 0.32720947265625 -0.476837158203125
-0.60919189453125 0.777099609375 0.224609375 -0.34283447265625
-0.416748046875 0.89801025390625 0.0148773193359375 -0.12945556640625
-0.26983642578125 0.93096923828125 -0.218154907226563 0.0680084228515625
-0.0596923828125 1.02056884765625 -0.351715087890625 0.25201416015625
0.26812744140625 0.8035888671875 -0.225448608398437 0.2554931640625
0.45684814453125 0.58502197265625 -0.127883911132813 0.236068725585938
0.59716796875 0.3924560546875 -0.147552490234375 0.38006591796875
0.71240234375 0.1893310546875 -0.14697265625 0.59100341796875
0.4620361328125 0.166229248046875 0.66485595703125 -0.306884765625
0.265838623046875 0.290008544921875 0.54925537109375 -0.265960693359375
0.20391845703125 0.360565185546875 0.351409912109375 -0.172027587890625
-0.00958251953124997 0.45880126953125 0.3232421875 -0.26959228515625
-0.132598876953125 0.55841064453125 0.248992919921875 -0.416961669921875
-0.18280029296875 0.6083984375 0.31280517578125 -0.6341552734375
-0.24554443359375 0.61041259765625 0.35491943359375 -0.718017578125
-0.46173095703125 0.61981201171875 0.33038330078125 -0.6337890625
-0.31817626953125 0.7294921875 0.069488525390625 -0.43878173828125
-0.19183349609375 0.74560546875 -0.245376586914063 -0.195465087890625
-0.03009033203125 0.81732177734375 -0.414581298828125 0.116912841796875
0.23223876953125 0.633544921875 -0.224334716796875 0.238800048828125
0.397186279296875 0.4505615234375 -0.0291137695312499 0.298431396484375
0.503204345703125 0.298431396484375 0.03875732421875 0.425689697265625
0.57171630859375 0.15045166015625 0.0728759765625001 0.65478515625
0.244338989257813 0.107650756835938 0.7579345703125 -0.245849609375
0.1290283203125 0.17242431640625 0.5869140625 -0.19384765625
0.0800018310546875 0.178314208984375 0.3416748046875 -0.09088134765625
-0.0412139892578125 0.221542358398438 0.29400634765625 -0.215087890625
-0.079437255859375 0.279098510742188 0.226531982421875 -0.41619873046875
-0.087554931640625 0.323760986328125 0.29193115234375 -0.68505859375
-0.126495361328125 0.33868408203125 0.3575439453125 -0.8673095703125
-0.25177001953125 0.36627197265625 0.3858642578125 -0.8321533203125
-0.1748046875 0.433868408203125 0.0866699218750001 -0.65618896484375
-0.094573974609375 0.42352294921875 -0.28326416015625 -0.3780517578125
-0.0152587890625 0.46490478515625 -0.463104248046875 0.0138244628906251
0.12274169921875 0.35888671875 -0.226730346679688 0.226089477539063
0.234893798828125 0.241073608398438 0.04327392578125 0.351318359375
0.29364013671875 0.1700439453125 0.1817626953125 0.45306396484375
0.32098388671875 0.0968017578125 0.2322998046875 0.69195556640625
0.00607919692993164 0.00321626663208008 -0.3507080078125 -0.59002685546875
-0.0232467651367187 0.0239009857177734 -0.318084716796875 -0.445404052734375
-0.0158615112304688 0.0091848373413086 -0.124237060546875 -0.353363037109375
-0.0152387619018555 0.0120744705200195 0.174606323242188 -0.210647583007813
-0.0294113159179687 -0.0100917816162109 0.407989501953125 0.06439208984375
-0.0559616088867188 -0.0699615478515625 0.3060302734375 0.350677490234375
-0.0701713562011719 -0.0625534057617188 -0.0535888671875001 0.71612548828125
-0.0550155639648437 -0.0780792236328125 -0.386474609375 0.86541748046875
-0.0381317138671875 -0.0815505981445313 -0.38671875 0.8895263671875
-0.00742340087890624 -0.0720443725585938 -0.30450439453125 0.71966552734375
0.0386199951171875 -0.0524749755859375 -0.19354248046875 0.4429931640625
0.0145349502563477 -0.0140562057495117 -0.226181030273438 0.20953369140625
0.0243320465087891 -0.0171127319335938 -0.3140869140625 0.0557250976562499
-0.0188064575195312 -0.0344505310058594 -0.5374755859375 0.134124755859375
-0.0191421508789063 -0.0688743591308594 -0.82733154296875 0.233642578125
0.31787109375 0.0574951171875 -0.30450439453125 -0.579345703125
0.236007690429688 0.1412353515625 -0.2786865234375 -0.459503173828125
0.250274658203125 0.222183227539063 -0.104461669921875 -0.386932373046875
0.110382080078125 0.342071533203125 0.190292358398438 -0.253402709960938
-0.039642333984375 0.395751953125 0.401580810546875 0.037200927734375
-0.145050048828125 0.34881591796875 0.336151123046875 0.30914306640625
-0.19818115234375 0.315948486328125 0.0229492187499999 0.6588134765625
-0.29498291015625 0.24151611328125 -0.32025146484375 0.8001708984375
-0.193511962890625 0.222259521484375 -0.34295654296875 0.8560791015625
-0.124069213867188 0.1903076171875 -0.283935546875 0.7236328125
-0.0462799072265625 0.210891723632813 -0.19830322265625 0.460906982421875
0.000320434570312496 0.199951171875 -0.218841552734375 0.214019775390625
0.064239501953125 0.158706665039063 -0.305023193359375 0.032440185546875
0.105819702148438 0.126480102539063 -0.53955078125 0.12750244140625
0.214599609375 0.02911376953125 -0.80596923828125 0.252197265625
0.571533203125 0.10888671875 -0.159423828125 -0.558837890625
0.443115234375 0.248687744140625 -0.1461181640625 -0.47515869140625
0.464324951171875 0.4066162109375 -0.025390625 -0.413482666015625
0.2103271484375 0.62579345703125 0.226043701171875 -0.3138427734375
-0.0482177734375001 0.75042724609375 0.382232666015625 -0.0522460937499999
-0.21380615234375 0.7144775390625 0.357452392578125 0.163482666015625
-0.29931640625 0.63934326171875 0.110595703125 0.464324951171875
-0.494781494140625 0.524932861328125 -0.2091064453125 0.61419677734375
-0.327239990234375 0.516448974609375 -0.26763916015625 0.73431396484375
-0.228363037109375 0.472991943359375 -0.25640869140625 0.68426513671875
-0.113372802734375 0.5086669921875 -0.2164306640625 0.476898193359375
0.021484375 0.439117431640625 -0.222488403320312 0.230667114257813
0.14300537109375 0.344085693359375 -0.302734375 0.043304443359375
0.254486083984375 0.276443481445313 -0.52410888671875 0.165679931640625
0.437042236328125 0.118682861328125 -0.7254638671875 0.31494140625
0.7197265625 0.1552734375 0.0523376464843751 -0.52044677734375
0.548309326171875 0.33306884765625 0.05194091796875 -0.4736328125
0.56573486328125 0.53350830078125 0.094085693359375 -0.41424560546875
0.24969482421875 0.80218505859375 0.271240234375 -0.365264892578125
-0.0645141601562501 0.97406005859375 0.35162353515625 -0.182220458984375
-0.25286865234375 0.9503173828125 0.361480712890625 -0.0635681152343749
-0.35546875 0.84954833984375 0.199691772460937 0.17059326171875
-0.6217041015625 0.72900390625 -0.064971923828125 0.333251953125
-0.4183349609375 0.76251220703125 -0.165863037109375 0.51776123046875
-0.2935791015625 0.74444580078125 -0.2252197265625 0.56549072265625
-0.1282958984375 0.8084716796875 -0.24072265625 0.457000732421875
0.10589599609375 0.67095947265625 -0.226470947265625 0.249954223632813
0.2718505859375 0.511322021484375 -0.283355712890625 0.0919799804687501
0.42425537109375 0.383392333984375 -0.459228515625 0.23846435546875
0.62054443359375 0.17633056640625 -0.57763671875 0.40850830078125
0.74169921875 0.1834716796875 0.2874755859375 -0.46258544921875
0.531341552734375 0.37652587890625 0.264251708984375 -0.434814453125
0.526123046875 0.57025146484375 0.22308349609375 -0.370452880859375
0.1981201171875 0.82440185546875 0.3160400390625 -0.3756103515625
-0.0965576171874999 1.0003662109375 0.315582275390625 -0.308685302734375
-0.26531982421875 0.99993896484375 0.3480224609375 -0.3133544921875
-0.3636474609375 0.9102783203125 0.272781372070313 -0.166549682617187
-0.65972900390625 0.81982421875 0.08544921875 -0.0037612915039062
-0.4482421875 0.90814208984375 -0.0663299560546875 0.2119140625
-0.30621337890625 0.9268798828125 -0.20831298828125 0.34674072265625
-0.09686279296875 1.01165771484375 -0.28619384765625 0.3802490234375
0.2154541015625 0.81658935546875 -0.226119995117188 0.2608642578125
0.401611328125 0.6024169921875 -0.222488403320312 0.1624755859375
0.5609130859375 0.42279052734375 -0.326507568359375 0.317413330078125
0.725830078125 0.194091796875 -0.373504638671875 0.50811767578125
0.6422119140625 0.18896484375 0.502716064453125 -0.3900146484375
0.41864013671875 0.36248779296875 0.440887451171875 -0.3623046875
0.37750244140625 0.50579833984375 0.3177490234375 -0.279296875
0.0889892578124999 0.68902587890625 0.335723876953125 -0.335968017578125
-0.13037109375 0.83294677734375 0.2783203125 -0.389678955078125
-0.24383544921875 0.86419677734375 0.328338623046875 -0.515716552734375
-0.3243408203125 0.8218994140625 0.32391357421875 -0.48028564453125
-0.602783203125 0.78143310546875 0.222259521484375 -0.345672607421875
-0.41168212890625 0.90142822265625 0.015167236328125 -0.129798889160156
-0.2633056640625 0.931396484375 -0.2161865234375 0.0698394775390625
-0.0521240234375001 1.0205078125 -0.34796142578125 0.255645751953125
0.27447509765625 0.80340576171875 -0.224472045898438 0.255874633789063
0.45941162109375 0.58135986328125 -0.127822875976562 0.235015869140625
0.60089111328125 0.3900146484375 -0.145111083984375 0.38348388671875
0.71429443359375 0.1827392578125 -0.1414794921875 0.593994140625
0.46234130859375 0.1641845703125 0.66241455078125 -0.3115234375
0.26824951171875 0.29083251953125 0.54681396484375 -0.271240234375
0.20477294921875 0.359527587890625 0.35137939453125 -0.17498779296875
-0.007598876953125 0.458587646484375 0.322784423828125 -0.27197265625
-0.128936767578125 0.557464599609375 0.246063232421875 -0.418060302734375
-0.18072509765625 0.6099853515625 0.30548095703125 -0.636474609375
-0.24072265625 0.6107177734375 0.3505859375 -0.72161865234375
-0.45721435546875 0.622802734375 0.32720947265625 -0.63739013671875
-0.3145751953125 0.73260498046875 0.0677490234375 -0.4410400390625
-0.18719482421875 0.7476806640625 -0.245269775390625 -0.193954467773437
-0.0232543945312499 0.8157958984375 -0.412200927734375 0.119873046875
0.238037109375 0.63323974609375 -0.222885131835938 0.239410400390625
0.398956298828125 0.4473876953125 -0.0289306640625 0.297576904296875
0.504364013671875 0.29534912109375 0.0403747558593751 0.4276123046875
0.5728759765625 0.1468505859375 0.07855224609375 0.6568603515625
0.2445068359375 0.105712890625 0.75665283203125 -0.25067138671875
0.130661010742188 0.172821044921875 0.583740234375 -0.19818115234375
0.0803680419921875 0.177658081054688 0.34161376953125 -0.09381103515625
-0.04071044921875 0.22222900390625 0.29376220703125 -0.21746826171875
-0.0772247314453125 0.278854370117188 0.223785400390625 -0.417449951171875
-0.08685302734375 0.32305908203125 0.28570556640625 -0.6856689453125
-0.1240234375 0.3388671875 0.350341796875 -0.87115478515625
-0.249725341796875 0.369384765625 0.37957763671875 -0.8360595703125
-0.17266845703125 0.434722900390625 0.08355712890625 -0.65863037109375
-0.09149169921875 0.42388916015625 -0.284027099609375 -0.376373291015625
-0.010528564453125 0.46466064453125 -0.462127685546875 0.018280029296875
0.12554931640625 0.358184814453125 -0.226043701171875 0.226348876953125
0.235946655273437 0.23944091796875 0.044342041015625 0.34991455078125
0.2947998046875 0.16839599609375 0.184051513671875 0.455596923828125
0.322357177734375 0.09539794921875 0.23785400390625 0.6934814453125
0.00638771057128906 0.00352764129638672 -0.35614013671875 -0.5902099609375
-0.0228252410888672 0.0241203308105469 -0.32080078125 -0.4443359375
-0.0160436630249023 0.0092782974243164 -0.12603759765625 -0.352294921875
-0.0146074295043945 0.0114755630493164 0.174148559570313 -0.211105346679688
-0.0290317535400391 -0.01043701171875 0.40655517578125 0.060943603515625
-0.05712890625 -0.0690383911132812 0.306671142578125 0.348358154296875
-0.0719833374023438 -0.0616378784179688 -0.04925537109375 0.71783447265625
-0.0562896728515625 -0.0771636962890625 -0.3785400390625 0.87109375
-0.0393295288085937 -0.0807266235351563 -0.38153076171875 0.89312744140625
-0.00854492187499999 -0.072540283203125 -0.298583984375 0.72113037109375
0.0381813049316406 -0.05322265625 -0.1905517578125 0.4459228515625
0.0150346755981445 -0.0143699645996094 -0.224884033203125 0.211654663085938
0.0242786407470703 -0.0181503295898438 -0.3135986328125 0.05712890625
-0.0192356109619141 -0.0342750549316406 -0.536376953125 0.138824462890625
-0.0202980041503906 -0.0692062377929688 -0.82635498046875 0.2403564453125
0.3182373046875 0.055572509765625 -0.30987548828125 -0.57952880859375
0.237213134765625 0.14007568359375 -0.281951904296875 -0.46026611328125
0.251571655273438 0.220413208007813 -0.10687255859375 -0.386383056640625
0.11334228515625 0.341278076171875 0.189453125 -0.254638671875
-0.03607177734375 0.39630126953125 0.4017333984375 0.034088134765625
-0.142791748046875 0.350006103515625 0.33770751953125 0.306427001953125
-0.19708251953125 0.3177490234375 0.0257568359375 0.65802001953125
-0.294219970703125 0.24371337890625 -0.31488037109375 0.80389404296875
-0.192001342773437 0.223495483398438 -0.33636474609375 0.8609619140625
-0.123809814453125 0.190887451171875 -0.2783203125 0.7254638671875
-0.04486083984375 0.21087646484375 -0.195709228515625 0.46343994140625
0.00160217285156252 0.200332641601563 -0.21795654296875 0.2159423828125
0.064727783203125 0.1571044921875 -0.305389404296875 0.033477783203125
0.106094360351563 0.126296997070312 -0.537933349609375 0.132904052734375
0.214263916015625 0.0269775390625 -0.8045654296875 0.259521484375
0.57257080078125 0.1072998046875 -0.16351318359375 -0.560028076171875
0.443939208984375 0.24603271484375 -0.148590087890625 -0.4766845703125
0.46588134765625 0.40289306640625 -0.0286560058593749 -0.414520263671875
0.21697998046875 0.62493896484375 0.224090576171875 -0.31536865234375
-0.0423583984375 0.75115966796875 0.38232421875 -0.0561218261718749
-0.20867919921875 0.7169189453125 0.356231689453125 0.160003662109375
-0.2960205078125 0.640380859375 0.112457275390625 0.46270751953125
-0.493499755859375 0.528594970703125 -0.2025146484375 0.6162109375
-0.324462890625 0.518890380859375 -0.26123046875 0.7376708984375
-0.226104736328125 0.473968505859375 -0.25152587890625 0.6866455078125
-0.10888671875 0.508209228515625 -0.2119140625 0.479644775390625
0.0245361328125 0.43994140625 -0.2216796875 0.231842041015625
0.143707275390625 0.3416748046875 -0.304351806640625 0.044097900390625
0.255874633789063 0.275177001953125 -0.52203369140625 0.1697998046875
0.438018798828125 0.1151123046875 -0.7210693359375 0.32171630859375
0.72174072265625 0.1495361328125 0.04852294921875 -0.52301025390625
0.55096435546875 0.330322265625 0.04876708984375 -0.476409912109375
0.56842041015625 0.53082275390625 0.0909423828125001 -0.415863037109375
0.25640869140625 0.801025390625 0.270050048828125 -0.36700439453125
-0.0557861328124999 0.97418212890625 0.351654052734375 -0.18475341796875
-0.24609375 0.95355224609375 0.358306884765625 -0.0679626464843749
-0.350341796875 0.85296630859375 0.201187133789062 0.167800903320313
-0.61749267578125 0.73431396484375 -0.061859130859375 0.333160400390625
-0.4132080078125 0.76806640625 -0.16143798828125 0.518524169921875
-0.28985595703125 0.74578857421875 -0.2198486328125 0.56756591796875
-0.1217041015625 0.80999755859375 -0.237457275390625 0.460235595703125
0.1097412109375 0.67254638671875 -0.22564697265625 0.251144409179688
0.27178955078125 0.509918212890625 -0.284454345703125 0.092132568359375
0.4267578125 0.38201904296875 -0.4573974609375 0.242645263671875
0.621337890625 0.17108154296875 -0.573486328125 0.41546630859375
0.74273681640625 0.177978515625 0.28497314453125 -0.467132568359375
0.5345458984375 0.374908447265625 0.261962890625 -0.438873291015625
0.52960205078125 0.56658935546875 0.221710205078125 -0.371978759765625
0.20361328125 0.82354736328125 0.314544677734375 -0.3780517578125
-0.08856201171875 1.001708984375 0.313323974609375 -0.310516357421875
-0.25994873046875 1.001708984375 0.344451904296875 -0.316375732421875
-0.35809326171875 0.91375732421875 0.271347045898438 -0.169586181640625
-0.65460205078125 0.8251953125 0.0862121582031249 -0.00483703613281245
-0.44329833984375 0.912353515625 -0.0636444091796875 0.212600708007813
-0.2989501953125 0.92657470703125 -0.204254150390625 0.3489990234375
-0.0904541015625001 1.013427734375 -0.281768798828125 0.38360595703125
0.22119140625 0.81640625 -0.224868774414062 0.261688232421875
0.40545654296875 0.5997314453125 -0.223648071289063 0.162368774414062
0.56402587890625 0.4202880859375 -0.32415771484375 0.322662353515625
0.72802734375 0.19061279296875 -0.3685302734375 0.5133056640625
0.644287109375 0.186279296875 0.49945068359375 -0.39422607421875
0.4217529296875 0.362701416015625 0.4395751953125 -0.36541748046875
0.380279541015625 0.5037841796875 0.3167724609375 -0.28277587890625
0.09185791015625 0.6884765625 0.3349609375 -0.339263916015625
-0.124267578125 0.833740234375 0.2769775390625 -0.39093017578125
-0.23822021484375 0.8653564453125 0.3240966796875 -0.518524169921875
-0.3197021484375 0.82275390625 0.319854736328125 -0.48388671875
-0.59796142578125 0.7900390625 0.220184326171875 -0.347747802734375
-0.40484619140625 0.90399169921875 0.0157699584960937 -0.130828857421875
-0.25872802734375 0.933837890625 -0.214691162109375 0.0712280273437501
-0.042724609375 1.02056884765625 -0.344146728515625 0.25897216796875
0.28070068359375 0.8028564453125 -0.222610473632813 0.25689697265625
0.4630126953125 0.5770263671875 -0.127975463867188 0.234512329101563
0.6033935546875 0.38739013671875 -0.14166259765625 0.38629150390625
0.7156982421875 0.17901611328125 -0.1351318359375 0.5972900390625
0.463470458984375 0.16156005859375 0.65960693359375 -0.31719970703125
0.270263671875 0.289520263671875 0.5450439453125 -0.275421142578125
0.2061767578125 0.358367919921875 0.35101318359375 -0.17767333984375
-0.00500488281250004 0.45989990234375 0.32208251953125 -0.27410888671875
-0.12603759765625 0.55926513671875 0.2435302734375 -0.41796875
-0.1763916015625 0.61053466796875 0.30157470703125 -0.637451171875
-0.23724365234375 0.6138916015625 0.34466552734375 -0.72650146484375
-0.45318603515625 0.62786865234375 0.32257080078125 -0.6416015625
-0.30975341796875 0.73541259765625 0.0665283203125 -0.443206787109375
-0.18450927734375 0.7486572265625 -0.245437622070313 -0.191909790039062
-0.0184326171875 0.81781005859375 -0.4105224609375 0.12371826171875
0.244384765625 0.63372802734375 -0.221939086914062 0.240020751953125
0.40130615234375 0.443115234375 -0.0286254882812499 0.29620361328125
0.5078125 0.292755126953125 0.04376220703125 0.428985595703125
0.57403564453125 0.14361572265625 0.083740234375 0.65875244140625
0.245559692382812 0.104400634765625 0.75439453125 -0.25653076171875
0.13177490234375 0.173019409179688 0.5826416015625 -0.2025146484375
0.0804901123046875 0.177963256835938 0.341705322265625 -0.09686279296875
-0.0397491455078125 0.223724365234375 0.29254150390625 -0.219970703125
-0.0753631591796875 0.279693603515625 0.221282958984375 -0.41864013671875
-0.0858154296875 0.322845458984375 0.28021240234375 -0.68670654296875
-0.121490478515625 0.340240478515625 0.34356689453125 -0.87054443359375
-0.2464599609375 0.372100830078125 0.3714599609375 -0.84124755859375
-0.169891357421875 0.437225341796875 0.08123779296875 -0.6611328125
-0.08941650390625 0.424072265625 -0.285797119140625 -0.374298095703125
-0.006805419921875 0.46636962890625 -0.46258544921875 0.0222167968750001
0.12890625 0.35870361328125 -0.224868774414063 0.227294921875
0.236053466796875 0.237152099609375 0.045379638671875 0.349334716796875
0.2958984375 0.166473388671875 0.188201904296875 0.45501708984375
0.323455810546875 0.093658447265625 0.24493408203125 0.6934814453125
0.047628059331516 0.0544233158843901 0.318263704241551 -0.622689067146709
0.0737719630245362 0.0402341144211633 0.272268980761642 -0.5149766574246
0.0371592656033736 0.0373424504290478 0.269265252436973 -0.299949664740078
0.00672204580226887 0.0247008723423035 0.273002522098318 0.0538791433341415
-0.0285203276410911 0.0276696526168086 0.162045457983448 0.406646082976252
-0.0435051022699508 0.0457847736250354 -0.170981560564338 0.412953974114887
-0.0136622225428627 0.0529346675561592 -0.679006009132785 0.183079925111659
-0.00201861042679078 0.0273374734728148 -1.00169750111445 0.0202099004954673
-0.00266866582251979 0.0288521911752658 -0.968359067586939 -0.0100007070513927
-0.0454902535760228 0.00760476992775074 -0.741696265191628 0.0716528731828578
-0.0522169958493484 -0.0128356038876018 -0.501530464604437 0.0347937447835491
-0.00807631734803966 -0.0157792340932705 -0.300546216877097 -0.107385859500417
-0.00753171439135809 -0.000995531882089344 -0.209661175605264 -0.226289135288516
0.0135790076120393 0.0298084794946704 -0.36695099498084 -0.399248269063632
-0.00668903500731392 0.032366329462799 -0.648141355170896 -0.491350003788663
-0.0702386739537678 -0.22523073968273 0.299196625792671 -0.543308808950255
0.00782767015018536 -0.242762218090108 0.251844614806513 -0.461895083319276
0.0654606116352519 -0.302207436504923 0.232636711244935 -0.264362140749369
0.206444517999206 -0.304479354514232 0.218916390088667 0.0374918938819547
0.279094571739381 -0.249658975383216 0.122465854971629 0.371433933356877
0.327562279205889 -0.135348546330683 -0.173415302996065 0.384269453824404
0.382550564390565 -0.0190842739645867 -0.617637140387888 0.173028428345526
0.374232293609173 0.0121142568442725 -0.924396392877558 0.0169017544552683
0.341027583970811 -0.00321818824897614 -0.931737673437293 -0.0213828559376829
0.232293497042253 -0.0621503394593957 -0.745198286997761 0.0501510664674447
0.198608701033318 -0.122262615886809 -0.535585438847657 0.00416063089590614
0.185019462084127 -0.13009031599336 -0.320043176017817 -0.127996774812308
0.0828861552781565 -0.146748232380689 -0.201004596785338 -0.242450628008041
0.0646288993055969 -0.155113670759655 -0.381654626858525 -0.412852051333325
-0.0420938622772515 -0.194568588143944 -0.673902095588205 -0.475059893898324
-0.171403384732241 -0.456036167594987 0.331782600634851 -0.380243101245974
-0.0427973550123702 -0.474606972595657 0.283989292887483 -0.326472747675389
0.0929152651486116 -0.580516364188523 0.231860754150521 -0.179197351671637
0.381317888889882 -0.578592247927976 0.20524543872718 0.0291935512504546
0.549225447021298 -0.48508391034232 0.142612859734241 0.293800575659928
0.645996173830231 -0.289578059690506 -0.081157673005768 0.307371148767094
0.715361787991059 -0.0776534111153937 -0.420967377129095 0.141259251326834
0.69840357645591 -0.00155130619993261 -0.708339930803358 0.0112156340830691
0.663223923566165 -0.0436140330559029 -0.798823401649328 -0.0331422449218282
0.517987035160637 -0.152183683781978 -0.710737689353198 0.0153114442751953
0.464765282024517 -0.26726018882665 -0.577673992251962 -0.0429240572869326
0.378179621702698 -0.290012131691517 -0.362961602581311 -0.15237755736397
0.154504996491006 -0.329368742468693 -0.228639143450745 -0.243712241945026
0.0930778718445057 -0.354582365011517 -0.428325739681326 -0.390938777327877
-0.0813821320767744 -0.411121377367482 -0.698647807375517 -0.385117333314131
-0.233989419684949 -0.601064954356834 0.395373550662214 -0.161651018071798
-0.05531692549604 -0.609320707008893 0.346596591391808 -0.136183662218299
0.132284892028718 -0.733954674443134 0.253808407557906 -0.059007613064403
0.505147494801627 -0.729933281485285 0.22356578087608 0.0347438058203715
0.72720134989589 -0.619900547877831 0.215510028214155 0.186308314468669
0.848634780936346 -0.380137635429165 0.0937785030255838 0.194322392115139
0.922478179459134 -0.11784802504574 -0.126860249446349 0.0978065877733573
0.919135633577805 -0.0140690516802867 -0.384675338356766 0.000217582616749006
0.913540241595066 -0.0890284285360843 -0.567664859275677 -0.0528179013508744
0.772996045050151 -0.263616643265733 -0.611367870263175 -0.0467306092904933
0.698298219069723 -0.451542933885462 -0.598549612773177 -0.108713198194466
0.530100747118306 -0.500471014295517 -0.415720738895189 -0.167839023136635
0.179946784007109 -0.53366236100928 -0.279630116189474 -0.205671666134349
0.074910483007563 -0.547040472790972 -0.483443924629791 -0.30190757016312
-0.129794632361772 -0.583770460700476 -0.703838484586216 -0.223107588113771
-0.249215004947777 -0.635364114792654 0.465440353422033 0.0720584409152876
-0.0313246656943932 -0.620807606619917 0.405642437167661 0.0731808294609317
0.171786101473966 -0.722349629157275 0.274697217678669 0.0725270040397486
0.557148943210912 -0.696353636587892 0.255877898629581 0.052990769849888
0.775094668503011 -0.603542867435337 0.306868100427724 0.0789670506742991
0.889210034871661 -0.373133991669214 0.30525990866458 0.0732914540615246
0.975811481275308 -0.121646506992397 0.21076127276175 0.0484876024696216
0.999257616761421 -0.0176366605504626 0.00257786631462631 -0.0137563918984621
1.04459943237606 -0.12597118185623 -0.253916124096581 -0.0943765833662874
0.924966896485754 -0.353734411254355 -0.432307028962588 -0.152390247061055
0.829670837991915 -0.605268024556253 -0.569670860312139 -0.202965771230326
0.590266128201908 -0.682657799880784 -0.454841818528356 -0.171199706072175
0.147355248856068 -0.693984394787951 -0.322769054104315 -0.115493014468847
0.0214327004908994 -0.677674000835145 -0.507862948227081 -0.14716906382184
-0.174587081526166 -0.678040236327165 -0.675049089097788 -0.01219933743947
-0.219424637189448 -0.563614756944954 0.525201387484342 0.282792169526424
0.0085711228547832 -0.525357182221753 0.4351890238419 0.258920140815088
0.192096567366507 -0.565725145039267 0.269697835502115 0.181885073286746
0.514008408483313 -0.510509304113989 0.279347599555764 0.0767195558905548
0.682149056933975 -0.450522412201728 0.387868114780466 0.0029823635103083
0.768614661308813 -0.287227792117117 0.493277406714374 -0.0161920645125691
0.873007888358313 -0.0916718919269867 0.526424900998385 0.0102401601858763
0.929969150011996 -0.0143610472717907 0.393451259611563 -0.0298822837757875
1.0031939898565 -0.133500523777299 0.0942529703968115 -0.14791179934676
0.908979278194064 -0.3737305112703 -0.204750314678356 -0.281089881441241
0.809273268318537 -0.639038688396705 -0.487527097997936 -0.315476772804549
0.545158441911494 -0.724819151648227 -0.454817864356341 -0.164253045127014
0.088184989997344 -0.723123065180818 -0.334770900923501 0.00638610361371869
-0.0354348469825537 -0.691974649523576 -0.482517442805232 0.044965539230412
-0.19075512240784 -0.666356308157137 -0.608472305431584 0.215771980677428
-0.169860663362659 -0.411147653856799 0.563169756139369 0.442520839714512
0.0299546613442892 -0.361837632122603 0.430080816750175 0.385653308859483
0.160085546768915 -0.346683999691005 0.241706340548354 0.24437988850052
0.380096359174468 -0.277909144863665 0.284759625419014 0.103308450762799
0.483503507991547 -0.253937297705234 0.43723407362263 -0.0333811638488765
0.535950736305894 -0.169127326650042 0.622715110662386 -0.0598022463925985
0.643004763385141 -0.0494779822123466 0.768479371964723 -0.00805256873795035
0.719982155442761 -0.00369292100347995 0.729958872787305 -0.0403306983655981
0.793121760138915 -0.105702978369261 0.40963669841213 -0.197073038149717
0.721292496974835 -0.306306049111689 0.0130555536425186 -0.396047242773624
0.642031572654312 -0.518124885883777 -0.376466869906762 -0.413796702403294
0.419042033676927 -0.592912807155567 -0.417520403811427 -0.152936633159652
0.034684678182266 -0.595096614081259 -0.320423030750643 0.126383524607447
-0.0613242775416477 -0.570881815002695 -0.419315056914899 0.231211237046405
-0.163632431866543 -0.542294188662384 -0.518198256196801 0.423901198340708
-0.118644847647803 -0.211902334487093 0.586493442096823 0.535066182860162
0.0118533955672354 -0.182353071680615 0.414751793003986 0.448210237009955
0.0765982360044338 -0.149149283777413 0.214672215245474 0.270336470086139
0.199580630382304 -0.0941575034616614 0.285815505786446 0.123531037379714
0.242913204953884 -0.0952287127701556 0.4639260062246 -0.0358801942065188
0.260473322245704 -0.0624641782486742 0.68982423921548 -0.0657637526319735
0.342041701668636 -0.0092235853428889 0.917329377890814 -0.0090036648080981
0.404272868133089 0.0136243074521793 0.957995999860465 -0.0508308973435457
0.452307311976108 -0.0494091883362591 0.630384256165681 -0.230003853685372
0.411328674378328 -0.173348569330626 0.167854863815326 -0.464500325010671
0.374535067678679 -0.294491636092145 -0.274397753177891 -0.46862121242381
0.248364138028762 -0.334239299488774 -0.366125753067428 -0.137026307984517
0.00332754404193085 -0.346866902012576 -0.298958713477137 0.218461961177198
-0.0468111797845959 -0.342228977955493 -0.348162159308497 0.371750600153914
-0.0931833371375703 -0.325837647932083 -0.429779381700269 0.572120697387298
