TRXV5
3
4
4
9
string Extension=J
integer IsArchMeasurement=1
integer IsSpherical=1
string Generator=SPM
string GeneratorVersion=1.3.1 Dev
double ArchRadius=0.449999988079071
integer FrequencyAxisIndex=0
integer AzimuthAxisIndex=1
integer ElevationAxisIndex=2
Frequency
5 201 800000000 900000000 LIN
Azimuth
7 8 0 2.74889357189107 LIN
Elevation
7 15 -2.74889357189107 2.74889357189107 LIN
Polar H Real Part
13
Polar H Imaginary Part
14
Polar V Real Part
13
Polar V Imaginary Part
14
Polar H Magnitude (dB)
12 0xC0000002 0 1
Polar H Phase
7 0xC0000003 0 1
Polar V Magnitude (dB)
12 0xC0000002 2 3
Polar V Phase
7 0xC0000003 2 3
-0.00594441393630755 -0.0273048205323904 -0.119833762515829 0.00520300019010148
-0.00168680925152235 -0.00902756847077311 0.0157187913092854 -0.0790416635067359
0.00191971714600801 0.0107013652378412 0.204089021812628 -0.00398816046339263
-0.0157141897223177 0.0155018679657073 0.163045644480397 0.245316846285135
-0.0295239737081533 0.00108161970107936 -0.202043789180143 0.375206631839634
-0.0164036159237545 -0.0346136633583148 -0.477670027119262 0.0575207369029309
-0.0146937037359473 -0.0452151460160201 -0.259876579165585 -0.227498848583693
-0.0152133675685421 -0.0468591516727828 -0.0511123199076708 0.00165038653917336
-0.0475486658081874 -0.0347470139835943 0.241405398384451 0.277550470959191
-0.0354246411421634 0.0191181674629935 0.495084757113131 -0.00495468664339536
-0.00828422093286377 0.0371859490348587 0.247884250786756 -0.382468471176881
0.0140582592917503 0.0178502915908164 -0.168488440148887 -0.266468440530194
0.0142865181645189 -0.0147156941191036 -0.203138991093335 0.00341807691076168
-0.00112627930933382 -0.0126243295348497 -0.0167969383488676 0.0755729479308003
-0.00750471583039453 -0.0154344040208467 0.122744776217305 -0.0283899839393709
-0.00399431068012224 -0.0276132503267133 -0.121273730343971 0.00705612292308901
0.00117028524620878 -0.0113522071943965 0.0100300757120428 -0.080953855659069
0.00715464041156341 0.00826545325939463 0.199656132657949 -0.0130893501982248
-0.0121954118289421 0.0151223851295309 0.16923980618794 0.234547594422088
-0.031500655449391 0.00224575382960228 -0.185296572642662 0.380177738390499
-0.0212659261980326 -0.0348204810602274 -0.475158446370574 0.0751036373197404
-0.0177572689606852 -0.0474278921413148 -0.272691657009256 -0.225733034361641
-0.0159151469516661 -0.0497590601738211 -0.0592358009752126 -0.0107580855946466
-0.0494743320638018 -0.0392392505895042 0.227548335171566 0.277946781594868
-0.039613839034183 0.0167642940730321 0.49332745450136 0.0122668311354179
-0.0110552076157289 0.0378171266233589 0.263371567983338 -0.375850154064075
0.0160589356224907 0.0184739207287677 -0.160344901258786 -0.277617851984928
0.0195056137535117 -0.0154519045029301 -0.20683989873362 -0.00490611731882925
0.00284716810799794 -0.0135923790673064 -0.0216496883668865 0.0746642210970923
-0.00556597805411001 -0.01586001261751 0.12291755104598 -0.0264148869579693
-0.00247988610494826 -0.0256256581908265 -0.121306074383519 0.00867276813041983
0.00422194965754341 -0.0121228415548182 0.00628822081198076 -0.0820989281360105
0.010605918819828 0.00664955504241767 0.194563659142045 -0.0209069313990578
-0.00946907978470847 0.0132010865079891 0.17338790247427 0.224588862762737
-0.0310805501832877 0.000970173464627667 -0.172811528294569 0.382573547483776
-0.0215024697668252 -0.035537999448001 -0.47605118067403 0.0889008183508525
-0.016382723705626 -0.0463773768876707 -0.284785157049494 -0.225198043339808
-0.013824139015538 -0.0476334817141155 -0.0661047469570447 -0.0229613661507455
-0.0466970566167773 -0.0394523247948638 0.214699441312244 0.275797398914757
-0.0394317967472701 0.013742184954197 0.489318958835076 0.0260130056713674
-0.0123762016748575 0.0360519647446098 0.274417201785997 -0.372562863465284
0.0172824227607557 0.0178807360733525 -0.154442206825602 -0.288144553450167
0.0229221014185499 -0.0160504723942722 -0.211372483102151 -0.0126327671662539
0.00653682825912264 -0.0137361388165583 -0.0267310014338641 0.0738199352315146
-0.00381269399990483 -0.0145508262819407 0.121418977796183 -0.0221597158988418
-0.00115522333755489 -0.0214657274100052 -0.121096027042859 0.0109960943090211
0.00594008271574997 -0.0115195441578453 0.00317058049377176 -0.0824560179633487
0.0128407132856929 0.00600690272725202 0.191149089096711 -0.0256619521431803
-0.00828818817538165 0.00959327975745008 0.174138192411657 0.217695066790531
-0.0290850731073759 -0.00269369576331926 -0.167721121876427 0.381808520163371
-0.0167852429597598 -0.0369393445323125 -0.476820769069653 0.0956197031882258
-0.0108191100874267 -0.0421537254949874 -0.292785718879558 -0.227161028606955
-0.00801193580303204 -0.0405885909725887 -0.0716363735022506 -0.0334531571072166
-0.0400862639687755 -0.0353009276552476 0.204748844456578 0.272058750526762
-0.0344913577831455 0.012112946090231 0.485554958493678 0.0345903420203659
-0.0114101549897348 0.0320862537086641 0.282071606542122 -0.368882000350222
0.0176491557538786 0.0151252287436741 -0.150270670893009 -0.295627888987372
0.0254623337782163 -0.0157706113037199 -0.214349306066251 -0.0193626897810621
0.0086666454988899 -0.0125296777342852 -0.0301899597198939 0.0734594364347057
-0.00248423113576886 -0.0102975908310085 0.122192239631573 -0.0184475471308304
-0.000626334146628533 -0.0169750144012935 -0.120157628514866 0.0150681529125122
0.00676513415649717 -0.00894923765322606 0.00328355879534172 -0.0810158387093638
0.0122814676812866 0.00653496792219927 0.190221497968627 -0.0277243854879992
-0.00889756794955718 0.00588348955250765 0.173669589051551 0.213444851138244
-0.0263002664872855 -0.00817785774039298 -0.168348898996565 0.378992068413532
-0.00912774137668998 -0.0389834427190916 -0.481500566489501 0.0968246631507256
-0.00165516625129045 -0.0359120596096301 -0.297436069702386 -0.231796898172956
-0.000984983595878772 -0.0307291502214762 -0.0752708108584313 -0.0406786400613303
-0.0318913362733126 -0.0281225158781741 0.20035094400475 0.268066189137683
-0.026701981644152 0.0105604597657807 0.482127173917413 0.0355729155635434
-0.00784466654088324 0.0269794242235005 0.283052371849668 -0.370640889505966
0.017119750016442 0.0119787311506724 -0.150354836931262 -0.300170501311943
0.0254780340812523 -0.0156039107962269 -0.216486614709832 -0.023274213047616
0.00926618061718957 -0.0103988358250072 -0.0316130388708911 0.07348066291867
-0.00143286690165432 -0.00571031908038711 0.122020868404322 -0.0151476587518842
-0.000902284041763324 -0.011462714982977 -0.118956731801074 0.0178373069422051
0.00629969760317275 -0.0054285976330617 0.00548887403181552 -0.079263044651535
0.0101491697112356 0.00794278571585644 0.190582444357829 -0.0270156958275348
-0.0101320802325591 0.00183451246499323 0.16960186569153 0.213233224880633
-0.0228760693158342 -0.013631807961554 -0.174485881837253 0.375847053690542
0.00134513269572397 -0.0409021834022359 -0.486891876202667 0.0900005345120872
0.00911798465780002 -0.0279353012571491 -0.297366868644193 -0.236923790809515
0.00699606955727969 -0.0182811841533205 -0.0750233080363719 -0.0424084766917617
-0.0219987260112899 -0.0187021508066188 0.200497529992473 0.263270187856073
-0.0158868083903942 0.0110385736415172 0.479994128186353 0.0274535820455659
-0.00322826294353598 0.0211167701365403 0.277584021511708 -0.37777114913266
0.0156082140259722 0.00720866875828645 -0.153947960146488 -0.301543272821126
0.0233061208927269 -0.015128503264746 -0.216982452364042 -0.0239492066976409
0.00839293524886646 -0.00752214023117212 -0.0302988524611338 0.0746812148718843
-0.00162430300354894 -0.00027392127505699 0.122739669227248 -0.0119340385302032
-0.00125966312820568 -0.00566598167958554 -0.116418152429764 0.0198167395754836
0.00386777523366768 -0.00136926272427538 0.0100292880835545 -0.0779400368321777
0.0061427800214741 0.00960292685530229 0.194293001545822 -0.0228561664575142
-0.0128818006659008 -0.00237596815855806 0.165030311297483 0.218557525931481
-0.0183797046686067 -0.0194233425687632 -0.185929645580552 0.37193457230276
0.0139746891728289 -0.041405100218657 -0.490376700191424 0.0752374348018639
0.0202017452482993 -0.018161058147052 -0.292305484119042 -0.242863044542158
0.0148746608546392 -0.00588244995985108 -0.0722996518755432 -0.0392995663110484
-0.0114542071087878 -0.00838895049372763 0.206015775028446 0.259863685633189
-0.0039789096458422 0.0118096259144301 0.479132273700323 0.013455444195173
0.00242472149413294 0.0151325595969464 0.266824277246857 -0.384454049783531
0.0134851493606407 0.0029141874411891 -0.159994111165511 -0.298897122332009
0.0196160940027428 -0.0141055999282759 -0.216213622306364 -0.021118640417456
0.00606491528933712 -0.00403489837901629 -0.027755610131016 0.076147557718896
-0.00274780204736231 0.00483301630087018 0.123846423659456 -0.00997169064524579
-0.00335237017951797 -0.0021903857558585 -0.115479325624844 0.0201640590222576
0.00103332495146982 0.00183609480268406 0.0157793001656111 -0.0757506480443451
0.000533428078809698 0.0116553940278491 0.198452334986061 -0.0153380440141618
-0.0155145228300681 -0.00502926326872018 0.157272504788674 0.226586688246978
-0.0140113939618775 -0.0241951804140169 -0.202584478677969 0.365187740343553
0.0243801135772606 -0.0409412629697166 -0.495170094275353 0.0576321894971948
0.0281067967916351 -0.0100413873524665 -0.281934970603063 -0.247457996497139
0.0209577522952921 0.00417140433279119 -0.0666025277174337 -0.0311084546483841
-0.00348207378445463 -0.000814365895960327 0.216689975014896 0.256282584301506
0.00523183732308769 0.0124057670380607 0.479233460273742 -0.00644807533624008
0.00658422894078256 0.0108214476280712 0.250605401277104 -0.39264236752947
0.0111725518110815 -0.000526884450018843 -0.169345728977021 -0.290810010780288
0.0151154446675352 -0.0123326015603516 -0.213227278813815 -0.0147401648116125
0.00243062572570966 -0.00144671999780296 -0.022552493227932 0.0778956099100619
-0.00460177705911093 0.00856311440897964 0.124814190874315 -0.00913017093428055
-0.00626223330649708 -0.0274618405450837 -0.120084293007893 0.00627128137484783
-0.00199434755968944 -0.00923967917237845 0.015459236947041 -0.0797895342755106
0.00192750195911897 0.0102980774175302 0.205493322672451 -0.00627262796141035
-0.0157155341502774 0.0158059509326956 0.166540043331034 0.244814662825165
-0.0300936971733719 0.00176950965739033 -0.198649914260991 0.379916639102045
-0.0170991691704385 -0.0342275834889349 -0.48021411053572 0.0627450787049871
-0.0155144228657237 -0.0448295834431424 -0.263180912525596 -0.226736827771563
-0.0157697075415342 -0.0471503488384072 -0.0523823957029485 0.0018437988361391
-0.0483982839390636 -0.0345576976048559 0.245203756631527 0.276842886139496
-0.0357820791325096 0.0196149353736173 0.498732373836152 -0.00940851532077434
-0.00748200338530813 0.0377625356131979 0.244826625779491 -0.389283821722787
0.0145220586126194 0.0185403190057984 -0.172104275508751 -0.267371562741379
0.0146686090774307 -0.0150597030233858 -0.204888211674697 0.00554051836623613
-0.00127816372890155 -0.012716534289153 -0.0163988173068834 0.0768394211785831
-0.00806933639398729 -0.0156204374037538 0.123244366801472 -0.0288721367686442
-0.00422544935582009 -0.0275061768482359 -0.121337657039535 0.00792265863862593
0.00100336317609567 -0.0115403313426476 0.00948302776010978 -0.081265934399453
0.00722368076922012 0.00828482261270639 0.200537260478776 -0.0155734076650388
-0.0121910709482276 0.0157011028258158 0.172758588168376 0.234273076643623
-0.0313278977345765 0.00274666559234989 -0.183362305970855 0.383918033471114
-0.0220453795608638 -0.0347763439277536 -0.47663152880324 0.0804444908268926
-0.0182788733696801 -0.0474028356802022 -0.276250460553413 -0.224344221176481
-0.0170224770007839 -0.0496596074178893 -0.0596735128306355 -0.0102417124691417
-0.0502095916844922 -0.0391501113101025 0.231549593965206 0.277436563273298
-0.0401542442264919 0.0168046677954735 0.496604638378583 0.00877705456024593
-0.0110399201999375 0.0383537861798078 0.26033056219235 -0.382144600211705
0.0164446541840036 0.0191611857140201 -0.165686743807865 -0.277835124817539
0.0193505696779493 -0.016063413339533 -0.209342699691647 -0.00195591974610466
0.00244250296605031 -0.0141801004014748 -0.0216543153851022 0.075258435292381
-0.00607544814404462 -0.0156985811653473 0.122652002876384 -0.0271958459519572
-0.00261657071353384 -0.0253165139556317 -0.121523763979973 0.00999412192718137
0.00371484022592242 -0.0119835264552891 0.00541067660199606 -0.0828633210772278
0.0110938395369401 0.00708633992859046 0.196260324619628 -0.0232846541575404
-0.00982111733164866 0.0136504094143575 0.177050833721632 0.224138830974124
-0.0312831523007814 0.00094663999222332 -0.171683465838297 0.386537530747959
-0.0217610303974789 -0.0355519225389574 -0.477045846540861 0.0933139929196262
-0.017020084792212 -0.0459229593180665 -0.287290202725633 -0.224378078833982
-0.0143063501221672 -0.0475694275438714 -0.0670970571251994 -0.0223469516360338
-0.0476258707732462 -0.0393183385338985 0.21802958726634 0.275419873386335
-0.0396566164991699 0.0144028363915868 0.491611968189391 0.0215918562880554
-0.0121468633672906 0.0362968883825125 0.272519655217652 -0.376802750931805
0.0178877685145483 0.0181618828525408 -0.158897529817717 -0.288370727897063
0.0231137716137297 -0.0164969366558382 -0.213390543205351 -0.0105386863212139
0.00604271477733112 -0.0142894487080658 -0.0262444991660815 0.0745177529992813
-0.00417929032002587 -0.0142429418035132 0.122140881678627 -0.0232706103452131
-0.00182985011692219 -0.0216119708838084 -0.12217953007693 0.0125487253166297
0.00588342230057782 -0.0111423134929072 0.00303485931837347 -0.0827551573674741
0.01243808554903 0.00568813994329368 0.192432428358871 -0.0287211764576872
-0.00832248619166651 0.00968671804092323 0.177441358209793 0.216835873938538
-0.02877893762902 -0.00248228687952341 -0.164863235457878 0.385054923504213
-0.0173752336575581 -0.0370050779941293 -0.47981692163223 0.101458263182245
-0.0110618809760719 -0.0420071684876113 -0.297256608704169 -0.225543872535941
-0.00856050149159693 -0.0406860008627108 -0.0730381532095607 -0.0331390194639456
-0.0413471087783104 -0.0356167978648555 0.208012911379933 0.272164464067563
-0.0349797888735633 0.0120164092290384 0.488597953630639 0.0303528139330573
-0.0110600578972442 0.0320936642569749 0.279442574979245 -0.375880445220408
0.0176073037674974 0.0154492075564388 -0.155382178957616 -0.296053103399967
0.0252060335724716 -0.0161544094879212 -0.21661817690374 -0.0169899296681282
0.0084144819421601 -0.0133865071891505 -0.0297489699343381 0.0741220314665547
-0.00255840235455217 -0.0104029494636534 0.122464737487955 -0.0187178218423677
-0.000860955126216728 -0.0162836562740376 -0.120418332709227 0.0158412509411515
0.00601653316825735 -0.00902477859837646 0.0025701924626324 -0.0817969570481159
0.0125812418843894 0.00626643580831898 0.191264554405822 -0.0306060341425497
-0.00841269421130273 0.00581747776811826 0.176994130083561 0.212576219758217
-0.0266533928654534 -0.00763466385220063 -0.163214917103916 0.383180693010845
-0.00974835813612406 -0.0393127287557843 -0.48295152274514 0.102358476106147
-0.00240378903757043 -0.0355276151617182 -0.300713953196971 -0.230769402551762
-0.00138859588202342 -0.0308924178614731 -0.0760499583365338 -0.0399263302156228
-0.0325286103367324 -0.0281089576109338 0.202818180530291 0.268988506873806
-0.0268079342962558 0.0114742511939556 0.485119686428843 0.0310257153706129
-0.00756123081697397 0.0268014123492669 0.279837504906908 -0.376834269248861
0.017629906574186 0.011711562955943 -0.155336504842735 -0.301135022705074
0.0254671122231258 -0.0158386571568482 -0.218528972684217 -0.0208142413520945
0.00894418434129688 -0.0107907801599735 -0.0309860063806976 0.0743928061532921
-0.00198723256010641 -0.00582412910942809 0.122690119849671 -0.015798171007095
-0.00118103829595103 -0.0110299674166456 -0.118729424574101 0.0187494795481561
0.00554213786512687 -0.00553869613821936 0.00475814643006883 -0.0800095943629372
0.00979875302973319 0.00754366531754468 0.192063206804186 -0.0294724312047881
-0.0103068399073566 0.00207992480570048 0.173719656955495 0.213491444516087
-0.0230041645184284 -0.0133972517359011 -0.170628593186228 0.379422419462587
0.00104183870022727 -0.0407494281289037 -0.488056488103014 0.0943346851015023
0.00805920278868849 -0.0275053222711682 -0.301358827490937 -0.235258731031085
0.00679142201768316 -0.0187343850788747 -0.0762025333757891 -0.0417966482449703
-0.0221574455604083 -0.0182876684510596 0.204192028237522 0.263976450699935
-0.0160814691424996 0.0114409238539947 0.48256959491489 0.0223737392312599
-0.00289038315308017 0.0212098719833904 0.274756346723718 -0.383685968282811
0.0163681478064578 0.00762936893814837 -0.158286769122588 -0.30159821082149
0.0231216366270797 -0.0154062772429758 -0.218978529648702 -0.021362473426943
0.00819085022696369 -0.00789013037678811 -0.0302582176038194 0.0751016313861199
-0.00179796371658935 -0.000700567977077891 0.123545743434023 -0.0128967454175273
-0.00164018391648131 -0.0056346664628038 -0.116789381074056 0.0206026270044214
0.00359967024624367 -0.00144417511397411 0.00949853104560189 -0.0783934808710513
0.0055535306556196 0.00979675969024862 0.195309977638083 -0.0254240396672395
-0.0134966823680645 -0.00197070200486485 0.168484122787644 0.217656829640574
-0.018243229729118 -0.0195601142762722 -0.182864338821858 0.375062978279459
0.0133502044724926 -0.0419738015730935 -0.492140549251625 0.0829713921848576
0.02004646859811 -0.0183674674512106 -0.295324898541349 -0.241592931461659
0.015269673251504 -0.00555592908608051 -0.0735383830128875 -0.0388941293798561
-0.0114875958502209 -0.00813175255305979 0.209272103885118 0.2587177671439
-0.00406930171735826 0.0117380518240844 0.482015151099153 0.00960452235342053
0.00270427342104338 0.0148581199339765 0.264687255528832 -0.391210609103077
0.0138411431311993 0.00257020253508967 -0.164176248700168 -0.299537342921244
0.0194908744798195 -0.0143734808299849 -0.21827362035299 -0.0187254019698206
0.00587369261738602 -0.00447020009594526 -0.0273844030379441 0.0767714759879987
-0.00289597002635802 0.00506709190196902 0.124693354206232 -0.0109435851652052
-0.00309572885285314 -0.00150393778826701 -0.115841368166569 0.0210403633224954
0.00119018765759965 0.00185329803622599 0.0153176204743876 -0.0771894908201299
0.000253979588608939 0.0117456418504701 0.199755302722654 -0.0177084515672271
-0.0160100420079345 -0.00451127924241769 0.16096805858273 0.226265107364759
-0.0142498173841336 -0.0238489695240575 -0.199793625025571 0.369187449843097
0.0242818536430408 -0.0415969528958131 -0.497178325966236 0.0630045912761626
0.028545984040887 -0.00988766358302462 -0.284544851992626 -0.246630126425933
0.0212098285847606 0.00427858795057626 -0.0674360788051168 -0.0307188875281278
-0.00321310608533939 -0.000934533042283328 0.220067650159997 0.256259002078313
0.00528480318772056 0.0122069412292115 0.482147424895898 -0.00920161337407279
0.00737369200897834 0.0107776569993914 0.247910990298015 -0.399535237674958
0.0115966279762286 -0.000950787246320405 -0.174394071908492 -0.291563873722089
0.0148213187987803 -0.0130592638618049 -0.215104814735203 -0.0121574922861229
0.00231030857889364 -0.00184067680906424 -0.0222500170059995 0.0788742030300105
-0.00467194977370089 0.00861669804505941 0.125212384682034 -0.0103500369669956
-0.00678172509440872 -0.0269631336889378 -0.120912756760712 0.00741028260107919
-0.00223191362059037 -0.00952081801270807 0.0144398315697243 -0.0802475271576688
0.00157952264593139 0.0106259868958312 0.207065328033545 -0.00912295100453205
-0.0155834025679563 0.0160856493424579 0.17028974639519 0.244828190107043
-0.0299321040820107 0.0023181155714878 -0.195810281243668 0.383818013690287
-0.0178089704221378 -0.0342605451262512 -0.479918542608218 0.0679873332081896
-0.0162010419982232 -0.0444877494140318 -0.2667620397489 -0.225843130990348
-0.0162737040552473 -0.0469417288584707 -0.0524869628142637 0.00251872963468045
-0.0491121244129683 -0.034427444842553 0.249067275077586 0.275167785316936
-0.0358714609560994 0.019654637369258 0.500627908984045 -0.0134324938169328
-0.00727006036116074 0.0378396823500086 0.24117465777323 -0.394782648190071
0.0150957929400527 0.0179930992983216 -0.177271833101255 -0.266076306477284
0.0142277810297755 -0.0156780214572783 -0.206329338025393 0.00797704204626527
-0.00133924635991636 -0.0131558707786936 -0.0165340690942882 0.076862292022797
-0.00825048753849623 -0.0150485209604584 0.123259360656273 -0.0302431980744079
-0.00488408297192865 -0.0266581105237867 -0.12201772630527 0.00872344283799897
0.000832506488791702 -0.0111680582435355 0.00940248985738186 -0.0821333338320535
0.00704167019253033 0.0081317829703776 0.20178444888916 -0.0183717903243691
-0.012465054569149 0.0160489297073041 0.176713053991016 0.233172836125232
-0.0311168327690565 0.00341774102512074 -0.179337329303308 0.38733675899593
-0.0228610465457715 -0.0345908204227254 -0.478517015019638 0.0860437321675784
-0.0194599887116149 -0.0467279063130654 -0.279464878530722 -0.223511533011793
-0.017155927565428 -0.049791425972135 -0.0602966214348234 -0.00958537595999302
-0.0506689850583602 -0.0385983023591289 0.235942139428756 0.276351276313047
-0.0399830504198722 0.0173070795784378 0.498708951359115 0.00301165527258318
-0.010261967980166 0.0385884774395838 0.257669996542524 -0.387458242657151
0.0169234645873504 0.0187004974656226 -0.170678755762216 -0.27754680544295
0.0192723708424446 -0.0164431265294077 -0.210800505164753 0.000292900369795926
0.00252744278241985 -0.0146014749536646 -0.0211434795840801 0.0758662761259711
-0.00634967657853587 -0.0158328723797907 0.123114384698526 -0.0278211911002531
-0.00313837036907108 -0.0248170089709309 -0.122431691415357 0.0110753196311725
0.00353046023716299 -0.0120295241416595 0.00493306535036046 -0.0832280823097903
0.0109743830418644 0.00634462906141599 0.197248460698173 -0.0261249892340393
-0.00951447757960714 0.0137628839386804 0.180742144659116 0.222915358702355
-0.030787261259925 0.00181120822180783 -0.167389026475487 0.389792391845284
-0.0227708143802392 -0.0353725327326191 -0.478638079524364 0.0996292440499389
-0.0177887076535595 -0.0460825245849713 -0.291873857553613 -0.223570039683531
-0.0147751473322662 -0.0478438861226997 -0.0680480145560727 -0.0216830799635582
-0.048139627411915 -0.0389901782072859 0.222106381725451 0.275089271834163
-0.0399560213316219 0.0145012593276465 0.494314226665694 0.0167326004655723
-0.0119100456362223 0.0367231417300874 0.26862390667351 -0.382477538495176
0.0182529119273839 0.0180912924266227 -0.163995565835009 -0.288126202009484
0.0228206759121834 -0.0167985237492358 -0.215169108945561 -0.00828898228661388
0.00629628260333778 -0.0146233523572346 -0.0261223262097667 0.0750591846314076
-0.00476264232336034 -0.0146122224766295 0.122335681377812 -0.0241184404772339
-0.00187557240505836 -0.0209289244163833 -0.122122823965321 0.0134575416571673
0.00538952058795706 -0.01152493861513 0.00216585794476644 -0.083706059572556
0.0124343252830555 0.00589920812058104 0.19355381732906 -0.0308787868243283
-0.00900324715677975 0.00979179002922884 0.181062361758274 0.215696180800709
-0.028725857380499 -0.00197692877502755 -0.161329500299251 0.3882974832067
-0.0182442155779008 -0.0367544483291832 -0.480163182248199 0.106757505846684
-0.0116507018711863 -0.04165433454641 -0.301525317761805 -0.224438535982443
-0.00916657080046719 -0.0409896558601956 -0.073850062042645 -0.0324424481940927
-0.0413905709516168 -0.0348341975025055 0.211708954981848 0.271943628935132
-0.034959378840424 0.0125114755430326 0.491847812775195 0.0263424934789434
-0.0109601580601437 0.0327206684442477 0.277269087060371 -0.380711331572001
0.0183197403123391 0.0156289038128629 -0.159951926522741 -0.296351419470254
0.0253924409958476 -0.0169078771025794 -0.218663864083878 -0.0150555858030711
0.00851313357152791 -0.0136868113235295 -0.0298230442523638 0.0748876771095824
-0.00327670388978773 -0.0107094389051934 0.122777440781455 -0.0203710570741032
-0.00084917351588726 -0.0161563079525982 -0.120721299489176 0.0167640759763976
0.00608948305375245 -0.00907913543848207 0.00199466337932033 -0.0822266750841342
0.0123031946364934 0.00625737722321491 0.19175044969942 -0.0331840859633942
-0.00866135047664982 0.00650605605859299 0.180351756744186 0.211688273788498
-0.0262454249294547 -0.00678656253937805 -0.16074475302131 0.387056871963432
-0.00988383012751159 -0.0393256727417921 -0.484146043297044 0.107624368341268
-0.00274613124461177 -0.0356276581688768 -0.30508802823013 -0.2292082390591
-0.00134959851913228 -0.0308010940530086 -0.0771940313347645 -0.0393558694914674
-0.0327474322912101 -0.0278445436146562 0.206813501580475 0.267400724142951
-0.026339961177029 0.0115150666439405 0.488632346145213 0.0256062000580123
-0.00755696208434999 0.027519143947239 0.278385035633149 -0.383079064107357
0.0179355344798383 0.0117237485885949 -0.160082522824316 -0.301257738545492
0.0251183168598733 -0.0165248605451395 -0.220867334638413 -0.0185479404488604
0.00915837500140451 -0.0111092104390603 -0.0306701872129733 0.0752394462305651
-0.00207798370749795 -0.00575446194794834 0.12308802214283 -0.016781622368139
-0.00131764467141918 -0.010809553290756 -0.119553883284497 0.0196112041267908
0.00533980152508375 -0.00532028139098343 0.00464559699649793 -0.081089273235321
0.010069416553498 0.00804986056813292 0.193191266948145 -0.0320535988187821
-0.0103035771604162 0.00184931287632789 0.176632870466429 0.212183438757039
-0.0230117878480094 -0.0129618965986819 -0.167106741095881 0.381801583972529
0.000523688962420638 -0.0411013752858939 -0.489200590486352 0.100265937743605
0.0084395232728023 -0.0270998025856984 -0.304710376786719 -0.234485363700351
0.00679461643985222 -0.0190394141775185 -0.0775910744065272 -0.0409018318653543
-0.0228847275716976 -0.0185405270037536 0.207038908133361 0.263891305956057
-0.016193272323573 0.0112951274265993 0.485744570172714 0.0174560527550881
-0.0026068204451223 0.0216144493998072 0.272251490925216 -0.388223094389233
0.0166313481148564 0.00712023163018329 -0.163853195670857 -0.301937910532861
0.0233552291547442 -0.015841459480874 -0.221204233111572 -0.0188787296297308
0.00813260463617974 -0.00816458919732565 -0.029773409847919 0.0763435176116299
-0.00221008227173794 -0.000664552953412355 0.123559098955535 -0.0137582131013446
-0.00190854731706038 -0.00531565401304209 -0.117435582877398 0.0215876630529607
0.00363370891012183 -0.0016875031120902 0.00845220062945791 -0.0791078815270929
0.0057957207238546 0.00985867860025817 0.196319623110543 -0.028202680488322
-0.0134591084529393 -0.0015976088446216 0.172296177808077 0.216897376375989
-0.0189042358466121 -0.0192374074814836 -0.179851327671173 0.381252615114511
0.0128832505555324 -0.0420515989911998 -0.493882131573661 0.086553646175301
0.0195979888108711 -0.0183287692718062 -0.299179060268456 -0.240054413876921
0.0152746434786875 -0.00572650286389139 -0.0743889413268804 -0.0383815566905419
-0.012055364112966 -0.00831971478858216 0.212698903019419 0.259137422260191
-0.00439369970390407 0.0115491575989629 0.48408125358641 0.00518234680154854
0.00269285729533685 0.0149843884172048 0.261074373848194 -0.395888426961436
0.0143627005082033 0.00252244048411584 -0.16979091029098 -0.299236906497245
0.0195045707093871 -0.0147672357899345 -0.220425167305324 -0.0160519158005249
0.00548463439293079 -0.00470145951346154 -0.0267828213555392 0.0773196518775086
-0.00286604040364716 0.00486902319164157 0.124837530940762 -0.0119447421822081
-0.00324286373501316 -0.00158657081484314 -0.116261389509461 0.0219156776786323
0.0008353460501391 0.00192153547758762 0.0150360344266255 -0.0773143958905393
0.000558567636550927 0.0118834326339465 0.201120451564554 -0.0208137716042565
-0.0166456062099967 -0.00428806408785271 0.164517833005796 0.225388754198441
-0.0146314368236502 -0.0235607498828264 -0.197465034175709 0.37442315355226
0.0239323867168124 -0.0417908161682365 -0.49865420569235 0.0673598795633909
0.0283569317468125 -0.0100325234478215 -0.288592091258617 -0.246093214611769
0.021583545231023 0.00383237784630221 -0.0686429216502961 -0.030115932986144
-0.00356719656265575 -0.00047985399734733 0.22392016528258 0.255245488396928
0.00538025137493245 0.011997436053608 0.484158744454564 -0.0153232392919232
0.00754891776853603 0.010414970591324 0.243013933832396 -0.405086411107237
0.0116137035120589 -0.000206097130141106 -0.17897343353523 -0.290837656600092
0.0146405465029588 -0.0135569686860223 -0.21726355716173 -0.00929034292458492
0.00243315800073655 -0.00175398544178858 -0.0217585291270861 0.0792697690492367
-0.0046676844853731 0.00867287164247574 0.126019596425402 -0.0110819888280927
-0.00705672649972315 -0.026930341604696 -0.121028686634541 0.0081723276405854
-0.00284130476820055 -0.00904177145361019 0.0142782053654962 -0.0807851948088933
0.00164426128282203 0.0106448604119356 0.207830173832542 -0.0124257768618361
-0.015599146906082 0.0163774056830007 0.174085412473875 0.242227563366001
-0.0297438904273256 0.00237178612445418 -0.192528938629563 0.387146016433788
-0.018071935219874 -0.0340655157454136 -0.480826537328955 0.0730132258215472
-0.0168301274250761 -0.0442925243874312 -0.270359490766087 -0.224259332439535
-0.0168152594223682 -0.0468938111551481 -0.0529659993485872 0.00370109747155757
-0.0501337623191426 -0.0342236084968078 0.252392066943864 0.275168295549006
-0.0351601157371719 0.0203465547528728 0.502348335193146 -0.0204032684109613
-0.00681535398868624 0.038398670913078 0.237944031006029 -0.399226740404106
0.0159746605054409 0.018112673269717 -0.181486000564188 -0.266789062286324
0.0142897887190798 -0.0158572725832719 -0.20777798082109 0.0107795039559782
-0.00176105946174579 -0.0133358630054729 -0.0159315148235736 0.0771678090012006
-0.00876625320801232 -0.0148881264031991 0.123094123224051 -0.0310699522976398
-0.00509924062215493 -0.0260800772446532 -0.122151390703517 0.0100606319637374
0.00025936096667253 -0.0114725322513925 0.0082259445168441 -0.0824366669753804
0.00683283641315522 0.00787414658502261 0.202027852430071 -0.0210403361053232
-0.0120667733125311 0.0156544473712984 0.18007868809122 0.23227174639728
-0.0306063584589936 0.0035616650020091 -0.175744414175247 0.391206855662797
-0.0231299682791957 -0.034501549495784 -0.479400372915259 0.0907337570650562
-0.0202309875187188 -0.0463090510554705 -0.282785797611618 -0.222051892682957
-0.017566599735646 -0.0501293107253011 -0.0613180061663578 -0.00886581170144287
-0.0517853553958694 -0.0383765819132579 0.239360933771795 0.276259832110397
-0.0400809955136382 0.0178297072717281 0.500015587137421 -0.00338445947130088
-0.00950787687270914 0.0390819822283894 0.253450796641935 -0.392450406088177
0.0174130846813982 0.0186568239387968 -0.175069674045334 -0.275959115053438
0.019184367132971 -0.0170097281730883 -0.211910665728441 0.00268091286124212
0.00233187719413396 -0.0150687814410375 -0.0208439897028672 0.0764495951134774
-0.00709583904650488 -0.0157494579399411 0.122914090149315 -0.0290323263654433
-0.00312322619494323 -0.024805178281329 -0.122461324611686 0.0116503381986493
0.00346654818811721 -0.0120829844595985 0.00376830784015826 -0.0837372337381144
0.0104110783774272 0.00662786386162352 0.197827273511971 -0.0285111224915832
-0.00963361300963428 0.0136236719381601 0.184385069095865 0.221376604636024
-0.030695649155298 0.00238239790178615 -0.163178609601559 0.392579446831569
-0.0230211468889601 -0.0355024382071617 -0.47822855636538 0.105164713865978
-0.0180972665385802 -0.0455543048553887 -0.294833259538695 -0.22198364909022
-0.0153526692235963 -0.0473971242738259 -0.0686924335430472 -0.0209604053968864
-0.0489554207165539 -0.0385098989812996 0.225423037897607 0.274647243738192
-0.0397525147652013 0.0151574866765882 0.496005654003819 0.0103034024294174
-0.0111700277383949 0.0372541795922138 0.264569930436849 -0.387859995445631
0.0185505665338297 0.0182273822558616 -0.168044659327412 -0.287082469331802
0.0228848153639433 -0.0171569057463915 -0.216711264338744 -0.00501869550274356
0.00601905097781891 -0.0147685341109949 -0.0255480663979214 0.0756009630508284
-0.00490813906592275 -0.0140616677284802 0.122392743497733 -0.025300629632659
-0.001988044090794 -0.0212348756100211 -0.122516935884794 0.0145882629315114
0.00494864978330373 -0.0110289806969773 0.00172532138865138 -0.0840708607404528
0.0122958497481632 0.00564643180279944 0.193500761060899 -0.0332529240079538
-0.00851592908424184 0.0100344025729009 0.18511151950574 0.21429109957265
-0.0292018561588547 -0.00131556342777337 -0.157184814735442 0.392649499816975
-0.0184234312615071 -0.0367255731174545 -0.480122382397056 0.11156649558789
-0.0123659842069316 -0.0416705149167192 -0.303236944879963 -0.222708398757505
-0.00912248168129521 -0.0409571849697701 -0.0749275002914072 -0.0317479141522844
-0.0418701909491664 -0.0344545109237756 0.215380086578179 0.271082937907529
-0.0348098044327568 0.0126156131977165 0.492886752588829 0.0198849356884605
-0.0101135384301624 0.0329454016812913 0.272381521185302 -0.386006570729017
0.0187092655315164 0.0154281228968797 -0.165060981115702 -0.29545131468699
0.0248189706729502 -0.017246112086643 -0.220331477524675 -0.0121468158731746
0.00821589224151706 -0.0140542135950411 -0.0293437694601086 0.0757039931947256
-0.00345065757917765 -0.0106938688656161 0.12280911609108 -0.0211984378182622
-0.00128455181600019 -0.0160333227227105 -0.120981386671182 0.0180725396553515
0.00585718674560774 -0.00899515094384468 0.0012241441995734 -0.0826557148701483
0.0121912659408163 0.00624143702406258 0.193083828384457 -0.0359935355950019
-0.00898225747892839 0.00672647633551847 0.184220626878068 0.209446756748324
-0.0262443810577819 -0.00690961318923512 -0.157675581157444 0.389985931533096
-0.0109861625551341 -0.0391132508299539 -0.48301353340755 0.113890261847652
-0.00346346308997616 -0.0353521236377432 -0.30890275893378 -0.226677543343365
-0.00170501936768243 -0.0309466251550256 -0.0781259611856635 -0.0385449107102488
-0.0334794295190708 -0.0276205941742168 0.210404993925651 0.266895504321592
-0.0268542954911848 0.0113822520648299 0.490017958571452 0.0199295442623162
-0.00696672302648037 0.0276534691681898 0.274820347144044 -0.388180096312966
0.0179076911159399 0.0116239382127211 -0.164286820433803 -0.300693896412126
0.0250275424451933 -0.0168923338475794 -0.222352986886992 -0.0158410784418841
0.00842796303996609 -0.0118158444793431 -0.0305693450547189 0.0761649153089983
-0.00229625988796311 -0.00579811331838635 0.122893583727972 -0.0180683799888753
-0.0010413393269892 -0.0106578679269216 -0.119549259237112 0.0204938661951548
0.00512224996866501 -0.00557635825182734 0.00420263433294214 -0.0813483166477056
0.00997111225268364 0.00718315498996762 0.193444101981056 -0.0347540149857996
-0.0110265487764586 0.00238651006067015 0.181096155008044 0.210837970606973
-0.022865921671779 -0.0128768060061999 -0.163944890083505 0.386561282948911
-0.000159510115765923 -0.0408114307279005 -0.487821665195064 0.105041353015373
0.00766082808114972 -0.0275126561015654 -0.308269395945925 -0.231989178383373
0.00681392941585489 -0.0188908884159489 -0.0785081217390089 -0.0405986488547113
-0.0229053864472944 -0.0182747256928523 0.211036896378276 0.262377048488236
-0.0157389184058361 0.0114681500747402 0.486856128006744 0.012034245536964
-0.00250940938654631 0.0216431687589094 0.267205556374733 -0.393173884553547
0.0167227719110373 0.00725157196605557 -0.168148220330738 -0.301507859456257
0.0230522502360121 -0.0167699832875531 -0.223059211788568 -0.0156382849233115
0.00797732896992401 -0.00867177150177432 -0.0292671119543713 0.0768225038217091
-0.0024732355262295 -0.000408076180379573 0.12419534627743 -0.0151864693098459
-0.00189618844947323 -0.00491982242420397 -0.117832610147784 0.0222735190393841
0.00316737357855619 -0.00158444149950904 0.00838031556582887 -0.0796604794996078
0.0058562111027819 0.00933110715732954 0.19594313266396 -0.0309132762946344
-0.0141718693033963 -0.00145351054191895 0.175450275587186 0.215388169737329
-0.0183525418400717 -0.018679449252936 -0.176399790525324 0.382948736078068
0.0124274265992956 -0.0421366243379495 -0.493825130097831 0.0928722536968025
0.0189649764090211 -0.0180942442616399 -0.30324809281341 -0.238185702042886
0.0151754501622396 -0.00595247483867442 -0.0755174977185464 -0.0374189571612849
-0.0118902064593769 -0.00797168251810357 0.216052215243975 0.257864442557143
-0.00414995634065211 0.0116035560617226 0.485822561943624 -0.000540554547282624
0.00340780919196255 0.0154236957238609 0.256583436715911 -0.400047433171248
0.014531042639987 0.00210128486192603 -0.174388045671398 -0.297974466215482
0.0194185557118364 -0.0153051748112533 -0.221872126979199 -0.0134509649095961
0.00546042101600986 -0.00513037603493555 -0.0267319959760837 0.0781899608154966
-0.00294051097292089 0.00528892346964621 0.12485038760405 -0.0128822919287839
-0.00320276988310753 -0.00103657942235983 -0.115683663707946 0.0229585198292655
0.00104654407163356 0.00183984993126583 0.0136498475691769 -0.0781387147737986
4.07015503033239E-05 0.0117816386958981 0.201539710095345 -0.0230202690233376
-0.0168505373713447 -0.00434648146214938 0.168164991775043 0.224420836692791
-0.0148509075643963 -0.02370095327859 -0.192501688836264 0.37759023284078
0.0230425984215774 -0.0419359345986802 -0.499870533353006 0.073909335626389
0.0278231131889267 -0.00986694620156775 -0.292522491165732 -0.243685059169247
0.0217414747734258 0.00427816690000271 -0.0691473853509861 -0.0291458066400212
-0.00388336944349409 -0.00059785990761952 0.226686707333457 0.254487263697121
0.00537107056913558 0.0123327860406402 0.485251605524533 -0.0208204426371071
0.00776125184922316 0.0104694086509226 0.238824172619457 -0.409521680446791
0.0115869143093795 -0.000659738167036316 -0.184298470242333 -0.289955713776575
0.0148957163902742 -0.0138710682025734 -0.218554533923601 -0.00631765657444959
0.00196662357714596 -0.0022843616319241 -0.0216942967600159 0.0799531391921064
-0.00487132626519857 0.00871075063896563 0.12613481479364 -0.0118401461488478
-0.00722400628223337 -0.0256467772826259 -0.120589996294932 0.0092977090668559
-0.00300674284876447 -0.00883242140446904 0.0135361978077212 -0.0816709698405916
0.00175218893192755 0.0109393238484897 0.20835238154829 -0.0149892032388591
-0.0158723733891673 0.0166342655499351 0.177581439513602 0.24108500826721
-0.0292222535446082 0.00320025229399852 -0.188241677394736 0.390731362328693
-0.0192967894182551 -0.0335924928971361 -0.480818546390434 0.079288491388337
-0.0177891182801887 -0.0439901236298253 -0.273200626906999 -0.222232495289558
-0.0173548270006342 -0.0467518424104699 -0.053777007600838 0.00444439458731801
-0.0502920237042623 -0.0336496643769453 0.256847353540693 0.272505303297023
-0.0356387498931528 0.0206020396501546 0.501991647743508 -0.0264060580515422
-0.00621691551537592 0.0385979571185018 0.234497905191398 -0.402947264007981
0.0160644216352827 0.0174942140282417 -0.186110306395182 -0.26387462552052
0.0143003571008086 -0.0161032663974558 -0.209185642014361 0.0130487542576866
-0.00190364690432366 -0.013501757985031 -0.015381117327138 0.0775584935501596
-0.00912936727627616 -0.0150889533789549 0.122939548034858 -0.0322277612575142
-0.00506065460333143 -0.0259713219447772 -0.12212565103365 0.0109734547824568
-0.000293285387473814 -0.0109391552178131 0.00808719775391528 -0.0831382606049028
0.00707431192590149 0.00835239009082844 0.202595902320029 -0.0236480941838628
-0.0126942466433679 0.0166577514053262 0.183647556354612 0.230106851822174
-0.0303767164128461 0.00448254749730133 -0.170458755076631 0.393774452411166
-0.0236873701998174 -0.0341626055072572 -0.478472268248598 0.0975847727162138
-0.0208011886037306 -0.0460585406234934 -0.285202488480171 -0.220293949333713
-0.0180932754285546 -0.0497000782637368 -0.0620955894332157 -0.00803181850508963
-0.0522806122077693 -0.0375485915724163 0.242663434745622 0.274113366138986
-0.0397027472599442 0.0182019754188224 0.500895342482647 -0.00879225537238031
-0.00925291466615287 0.039492913048815 0.248259329064793 -0.397186428106386
0.0182651751198617 0.0188777676534317 -0.179890816740581 -0.275665381815092
0.0188767474130077 -0.0175630908253952 -0.213169012767254 0.00588739070499341
0.00199933124557653 -0.0149766922574966 -0.0199513228987159 0.0768362316073099
-0.00715531242957748 -0.015684121420103 0.122254727029296 -0.030217793707017
-0.00351288808968863 -0.0245951426631072 -0.122369722962553 0.0130409788234512
0.00308662590314536 -0.011935684597195 0.00338415179731903 -0.0841080923859303
0.0101539726094295 0.00650706420708518 0.198146102625279 -0.0314572208218371
-0.00949260307477223 0.0143410103309608 0.187789423918319 0.219376748738876
-0.0305039490368599 0.0028687301608911 -0.158810476933339 0.396144337883197
-0.0238537230374667 -0.0349258934329878 -0.477461805908669 0.110993442540391
-0.0195217317135033 -0.0449321573789261 -0.298203180715599 -0.217915818437241
-0.0156045973076153 -0.0476439259954625 -0.069552309204513 -0.0200921431387738
-0.0492494238102529 -0.0379477129075823 0.2294416895578 0.272869892619869
-0.0395318674375253 0.0156571440827755 0.49812880886603 0.0037370336272982
-0.0106624731781471 0.0375170206205209 0.261262173978421 -0.392889771618936
0.0187842108743339 0.0180229149875352 -0.17299982030071 -0.285989178622427
0.0228732677618026 -0.0177570839813633 -0.217820091946525 -0.00251895828334151
0.00545521306016994 -0.0152949355899992 -0.0252922305523574 0.0760533427985529
-0.00517406050736743 -0.0142819100814945 0.122021773570422 -0.0263895487369925
-0.00207171914528781 -0.0206632761767028 -0.12212570379674 0.016185549348327
0.00437697988851536 -0.0111277541243998 0.00116690561924075 -0.084329886707844
0.0123764394258853 0.00559390894135517 0.193941405734047 -0.0365185535521234
-0.00872005573461546 0.0107178035389904 0.188184559954341 0.212371265113985
-0.0283492848496478 -0.000501717996992279 -0.152202984738881 0.394251348124719
-0.0190909184851765 -0.0367400030051255 -0.479177928514258 0.117582823794319
-0.0132713719712897 -0.0411207490917983 -0.306863550551894 -0.219627860185757
-0.0100349115129904 -0.0407608439225625 -0.0758374709852516 -0.0311079475994799
-0.0426580798505204 -0.0345699217700672 0.218308813862514 0.269295166814376
-0.0350150506079135 0.0132243257612656 0.494649863070526 0.0122646537735087
-0.00988515446646607 0.0334629262425421 0.269149233724255 -0.390770472987894
0.0197744761211298 0.0158070033170893 -0.169670730580417 -0.294239079722777
0.0248461663155967 -0.0179318128737408 -0.221713090208504 -0.00920491057944827
0.00816227749548985 -0.0142415256025535 -0.0288710273467421 0.0759215816222063
-0.00373518745765187 -0.0102295934132561 0.122726095373056 -0.022345200397868
-0.00143013118130336 -0.0154567884550337 -0.12067316398348 0.0189504737464175
0.00527706560543559 -0.00899097569369375 0.000481947905259848 -0.0831065769818176
0.0120671164332749 0.00595496723011191 0.193198702112791 -0.0391043102639691
-0.00928122243831312 0.00668456706846941 0.187249836180832 0.207656422678623
-0.0263713423061435 -0.00633043984655394 -0.152263130964598 0.39254895310576
-0.0116198029037311 -0.0387083569335696 -0.482370988193631 0.119872525198517
-0.00385008638542895 -0.034902276511294 -0.312639908726589 -0.223743716479801
-0.00234652491589209 -0.0308451172362376 -0.0788727643233878 -0.037597958267469
-0.0338804733374991 -0.0270659757968338 0.213680224652716 0.265894261765206
-0.0264879507824637 0.0118518720010574 0.492301354870305 0.0142383980578429
-0.00697712179155508 0.0276293509992948 0.269870360595493 -0.392395962774892
0.0185513008796533 0.0115032442192281 -0.169293069687328 -0.299147412428012
0.0248597988020794 -0.0177551211285061 -0.224147225139669 -0.012333044504213
0.00869280233305929 -0.0119006973528459 -0.0301790578503689 0.075763059345478
-0.00309602505200892 -0.00567712284426196 0.122940558210008 -0.0191915784791156
-0.00126409328453799 -0.0105536656734224 -0.119209872693757 0.0221703478944321
0.00431016074813318 -0.0058364600266566 0.00269770222013561 -0.0810966585137923
0.0100110985271661 0.00732261916847565 0.194194918663371 -0.0381152888282926
-0.0109973642246337 0.00227021633106272 0.18399191289051 0.208146744067266
-0.022490945429005 -0.0122479373868393 -0.160283597890234 0.388941911502828
-0.000538823996668224 -0.0407726405339469 -0.487789418000319 0.111259348571246
0.00717124563955013 -0.0270208852546453 -0.311187751043804 -0.228799260174445
0.00652947278656714 -0.0186465529925489 -0.0792109775352484 -0.0396715112379455
-0.0234609502358093 -0.0185485939003745 0.214369165344055 0.260722028376807
-0.0162076401417904 0.011603657471053 0.488776760952871 0.00655587108923565
-0.00216187721470388 0.0218686111193312 0.263636362156615 -0.397986933891498
0.017199383572305 0.00709515677545633 -0.172888616975688 -0.300451180455307
0.0230001852489942 -0.0171406207381174 -0.223939201337633 -0.0130876815475643
0.00756404371283605 -0.00888844120874914 -0.0291611083172839 0.077619847260389
-0.00249974896629553 -0.000369099431143663 0.123883378908814 -0.0160827437828046
-0.00200815272880988 -0.00463078244188703 -0.117349265861383 0.023847288121492
0.00289224576704469 -0.00158583557706135 0.00743000839330585 -0.0796328082601711
0.00547166353065893 0.00962660196281154 0.197242272761508 -0.0336485906460145
-0.013892251290427 -0.0010108664389061 0.178768136579138 0.21344085386871
-0.0185777929915503 -0.0187804930620096 -0.172125682432744 0.385322822239816
0.0116213153437168 -0.0423570298012998 -0.494276621136475 0.0987659203293134
0.0189201483664888 -0.0179539021804482 -0.305856790995153 -0.235277895142203
0.0156432767225702 -0.0061242169453951 -0.076106356602636 -0.036611894506018
-0.0127133618092219 -0.0079119498583788 0.219724775670619 0.256640786300405
-0.00397718279864634 0.0121940085369266 0.487495256502498 -0.00800637943506157
0.00336257015870605 0.015331090879494 0.251471403952126 -0.405584219228424
0.0148051330604915 0.00265629882324117 -0.178889595780034 -0.296991228230154
0.0190357636115925 -0.015770389679727 -0.223536717745746 -0.0101163365922361
0.00499513615675781 -0.00576578036903009 -0.0259856592575215 0.0785495685507882
-0.00331389297026786 0.00468765180700011 0.124965364575086 -0.0137488991144293
-0.00340669837426082 -0.000748833280206446 -0.11540229907583 0.0240150059598718
0.000189146906920948 0.00221951319631244 0.0135563679806764 -0.0786265018071895
0.000266014708670504 0.0116392652802836 0.201560106594285 -0.026109627069993
-0.0173009745904372 -0.00369291449163502 0.171824538385238 0.222531879610282
-0.0145803256189277 -0.0232218441671594 -0.188632367647405 0.380059133115163
0.0229944515147029 -0.0419955825519649 -0.498927038348223 0.0792316090900572
0.028297190300027 -0.0103330220589268 -0.295395748260142 -0.241621310854214
0.0214686199517667 0.00355327040770954 -0.0702259340709516 -0.0282894320071966
-0.00367454449497881 -0.000575551671124999 0.230102551155581 0.252976604625905
0.00505073724580638 0.0121083954421717 0.486766973644211 -0.0266307229270787
0.0079229626069622 0.0104170829455906 0.234275997655589 -0.414658366020954
0.0119162169733921 -0.000137440292933512 -0.188569105514564 -0.288783034125612
0.0142831697736995 -0.0141343341206026 -0.219709674233197 -0.00301992548451882
0.00198166680651483 -0.00254884851034985 -0.0211196995102951 0.0803827036692808
-0.00519997381975572 0.00899184291853276 0.126048200418243 -0.0130322860912673
-0.00764109750620459 -0.0254397589967755 -0.12016736480966 0.0105631627137163
-0.0032591960567228 -0.00879215567357238 0.0128256036323756 -0.081817710076216
0.00181981629742224 0.010899875253346 0.208593700164668 -0.0185796246894934
-0.0155621980367532 0.0169307326773234 0.180578791341054 0.238588751263916
-0.0288979953032337 0.00343787151749264 -0.184138268801734 0.39277071287989
-0.0195106072258363 -0.0335341336747895 -0.48005326807862 0.084458869249977
-0.0182231857870032 -0.043553711856148 -0.276144582277969 -0.220252585628822
-0.017955812808528 -0.0466629706365593 -0.0548262374994502 0.00491660660810147
-0.0506686689590165 -0.0328499120779859 0.259751103444561 0.269945150313134
-0.0354112897568791 0.0204071152159401 0.501188902623249 -0.0332635191712065
-0.0056664126136602 0.0387079180302 0.227537609693655 -0.407099643421714
0.0166459129130088 0.0178376572325321 -0.190490148114992 -0.2614797965891
0.013900899468777 -0.0166232517783395 -0.209303351304819 0.0162880439854354
-0.00222200789511186 -0.0135705362209836 -0.0149431188817656 0.0781789701070771
-0.00953617926102276 -0.0147573967763539 0.122118640975847 -0.0335569105470444
-0.00536182267560357 -0.025776228632828 -0.121830369909967 0.0124364860766575
-0.000366257900628026 -0.0110611111161837 0.00675383665538612 -0.0833417021122409
0.00681862883959972 0.00844757683931353 0.202351098415989 -0.0263418236449257
-0.0118647049801727 0.0169618232586339 0.186657623630013 0.227555525379551
-0.0302433940328727 0.00496410609558809 -0.16609949524335 0.395665210992573
-0.0238974192871539 -0.0334147839803075 -0.477516454564183 0.102337497872406
-0.0215677124684893 -0.0457023092275078 -0.287908294772075 -0.217038467550287
-0.0184819058050189 -0.0493960868761458 -0.0624045178144749 -0.00725592730416463
-0.0526556147061084 -0.0371365835228991 0.245735442331064 0.272165797925857
-0.0399259807861741 0.0181765881009631 0.500264328391903 -0.014908904692889
-0.00862113731876388 0.03930632602752 0.242892624939566 -0.40151307222168
0.0182173697009452 0.018562363204262 -0.183303180157912 -0.272990714929608
0.0190563473903309 -0.017698274654083 -0.213895605843779 0.00836762593680059
0.00155453868246893 -0.0152967121141422 -0.0198819849387111 0.0769652975489143
-0.00766990934311683 -0.0157919328754545 0.122044346616971 -0.0315929082138475
-0.00346082875567399 -0.0239467078506539 -0.121818734976861 0.0142428314308103
0.00242396839182784 -0.011841217625334 0.00252289719259962 -0.0841311821029733
0.0105791812900815 0.00661998017906616 0.197603646880444 -0.0342069311958148
-0.00948762366082472 0.0146165628024026 0.1905840197194 0.217003566012091
-0.0300698593601685 0.00322053875246374 -0.153920746926033 0.397581177809666
-0.0246107926977056 -0.0344004454095734 -0.476766811319509 0.116254681226043
-0.0198144570666662 -0.0445722360680593 -0.300980530417558 -0.215889487484873
-0.0163475355804509 -0.0472710260641911 -0.0699741804229555 -0.0191191848869734
-0.0498880174604395 -0.0375908442544288 0.232537965168117 0.27044890445327
-0.0397963034285965 0.015428396784648 0.49748949755056 3.23825982207526E-05
-0.0100106231408734 0.0375549234822779 0.25656385016267 -0.39742229878224
0.019756327250166 0.0178646323447303 -0.177766035436799 -0.284127399396481
0.022398481064193 -0.0183188793575999 -0.218410407198053 0.000373147349074802
0.00511853204583311 -0.0154837187372883 -0.0246898673213383 0.0766502842922244
-0.00550012340419772 -0.0139191121635287 0.12104272395564 -0.0275951384208555
-0.00246411595418195 -0.0200642960161071 -0.121572575386027 0.0173253095859174
0.00426293141192846 -0.0110006842623722 -8.84814288720321E-06 -0.0846830382771936
0.0116272018376018 0.00550709065712094 0.193336753050373 -0.0391207681257836
-0.00839946793308376 0.0109490939577529 0.191152558306121 0.210023155689046
-0.0284024044362706 -0.000449949950651483 -0.148214375423206 0.396862127300071
-0.0197545089943445 -0.036018664261236 -0.476772856745872 0.123516899300372
-0.0132683155700051 -0.0406962682017354 -0.309397823773076 -0.217505367258267
-0.0100892413900856 -0.0405731843862221 -0.0762219776472657 -0.0300004923493993
-0.0433379684633575 -0.0339256967016766 0.221527198087399 0.267496891475392
-0.0347178559585405 0.0133691431047023 0.495056634713445 0.00862800254479357
-0.00947088602284485 0.0333800725786096 0.263582343362619 -0.394787044566624
0.0197653406799545 0.0154258074484389 -0.173433277522672 -0.293041802726472
0.0241759281271394 -0.0184886356298987 -0.222391761071788 -0.00590325751738109
0.00729286953930952 -0.0143202410709979 -0.0285229748451951 0.0765601158908876
-0.0039882066741362 -0.0108818252535073 0.121968579426312 -0.0237022268481805
-0.0017359340179589 -0.0155509463071173 -0.120683003025795 0.0203071844140803
0.00486845142574922 -0.00876346745012521 -0.000285831486140532 -0.0832393085207278
0.011746520656265 0.00600668125709568 0.19280369575067 -0.0416483584674485
-0.00932752428001402 0.00650721732588726 0.189864021179344 0.205762232772088
-0.0258278334286636 -0.00593488877623316 -0.148288365504333 0.394179187030091
-0.0116640175130599 -0.0383346644947319 -0.481359619055766 0.123888141947982
-0.00437381903075124 -0.0343037489883972 -0.314748183607724 -0.22084402547654
-0.00256980605463908 -0.0310850458182607 -0.0800973057411744 -0.0366181351467885
-0.0343174311163648 -0.0267040806097707 0.216490437589065 0.263564833782454
-0.0266223308163613 0.0123538277536274 0.492603790411486 0.00793431056348799
-0.00612029199560437 0.0280820081513719 0.265696769431244 -0.397007808648562
0.0190542602982469 0.0115783020849559 -0.17376876523823 -0.296849916773572
0.0247398866353079 -0.0185122242368817 -0.224875304953296 -0.00972012073426113
0.00821215786929023 -0.0121052764557642 -0.029784572752651 0.0767459444250978
-0.00298780129537052 -0.00565255386762188 0.122430904575395 -0.0201235543410314
-0.00136974951524223 -0.00976184947205274 -0.119136978228412 0.023119201349566
0.00451021592333592 -0.00552751096163445 0.00227670438416177 -0.0815522187786383
0.00924220692677946 0.00704477999033428 0.192998794421022 -0.0402626559092303
-0.0109266614756468 0.00279198520887237 0.186227596532351 0.206586958279849
-0.0225158783422467 -0.0118377244933333 -0.155449993212546 0.391442755082539
-0.00108694525159796 -0.0407001312488446 -0.48730044113508 0.117820671222837
0.00662394960285567 -0.026990126677082 -0.313974179209677 -0.226707961652119
0.00630054199068441 -0.0190471140914714 -0.0798276264492193 -0.0380047515843733
-0.023590977913556 -0.0178817357397189 0.216561497260173 0.259273548602041
-0.0157496778765696 0.0112401309454738 0.488438166485889 0.000362880852292485
-0.0015979790361817 0.021673609417241 0.258280344552284 -0.402134746402983
0.0174658649995706 0.00740846919716749 -0.177069147708531 -0.298663789606382
0.0226659625533817 -0.0175180513494101 -0.225410589725977 -0.00985618134291377
0.007012324523065 -0.00907954225686183 -0.0284928979669232 0.0778647237663194
-0.00291678475268453 -0.000600709750296284 0.123930465868306 -0.0168772427782899
-0.00181691780897307 -0.00460212860166385 -0.116766543297166 0.0248169835795183
0.00296380381008105 -0.00151171569035751 0.0069419756401894 -0.0805807376059168
0.00566483922773127 0.00983898961073968 0.196841806865387 -0.0363889556874042
-0.0142612442038228 -0.000797857681060775 0.181878288846006 0.21156354842426
-0.0187633274594362 -0.0186285948153567 -0.167268778038696 0.388539320286616
0.0112717503777968 -0.0420616216915459 -0.492290996556974 0.103729446288622
0.0185408179018962 -0.0179107889422852 -0.307978598687266 -0.232352709555368
0.0152243413325069 -0.00629064802122693 -0.0767813614536746 -0.0359222098465997
-0.0127177096773045 -0.00832499228346153 0.222963622460149 0.255083998082219
-0.00418341207126593 0.0115212536448485 0.487873987531016 -0.0129926899057629
0.00404516475754712 0.0151998206730575 0.247087679949871 -0.409060691612006
0.0148774839496707 0.00249175443099143 -0.18350515213163 -0.295269206208039
0.0188081428804829 -0.0161112653691101 -0.224484981135515 -0.00704651241691372
0.00488531387226644 -0.00594319248282038 -0.0254382683419419 0.079331441242415
-0.00387120276331714 0.0047288766682073 0.124476724354371 -0.0150169781785824
-0.00303736907326679 -0.000112611164038681 -0.11509682932023 0.0250935577540763
0.000455932694949831 0.00212491088563747 0.0128421672950898 -0.0789765224176952
9.05355990782472E-06 0.0121724239775799 0.201336316989054 -0.0291758089782274
-0.01749648728821 -0.00385566554767368 0.174930543066 0.220859659938035
-0.0144536898130315 -0.0230122442701595 -0.185535050641366 0.383203877462926
0.0220932359106373 -0.0419041194786235 -0.497656574066104 0.0844869016052871
0.027649328449879 -0.0104307137474524 -0.29824890464122 -0.239273543331628
0.0215277767515331 0.00335745506029396 -0.0708024482979964 -0.0274947669988551
-0.00396108379483668 -0.000448279198189366 0.233262257416162 0.250513164311069
0.00610687833036272 0.0117010333189704 0.486840002891747 -0.0329917332710276
0.00786055460614913 0.0108375719417908 0.22928475843012 -0.417276248691449
0.0119927287496878 -0.000533416551968551 -0.193181550262372 -0.286624967555234
0.0143796050556226 -0.0143623618579207 -0.220931037872589 0.000317178286763261
0.00182110832829373 -0.0025104278967383 -0.0204576744319455 0.0810599385103108
-0.00482783527601185 0.00878125949805411 0.126045980513759 -0.0142696312985808
-0.00737654478494127 -0.0250913310443172 -0.120202375422854 0.0115400567873382
-0.00337604223195513 -0.0083838569206422 0.0123993496335257 -0.0827289302417611
0.0017226884804231 0.0108116856233218 0.207988114468511 -0.0208257099839892
-0.0152647375082108 0.0173922442433776 0.183631245658865 0.236309068356867
-0.0285967289979642 0.00368189895320032 -0.179310916253769 0.394523323385597
-0.0199564870879907 -0.0334045360025416 -0.478231506383574 0.0901998599879383
-0.0190205922153176 -0.0425774773483281 -0.278199434689232 -0.216868165891797
-0.0182052847287862 -0.0464448098254131 -0.0546538753029848 0.00546518752746449
-0.0514768256458206 -0.0325256399679932 0.262006718437104 0.268478528591418
-0.0356400943485216 0.0213739904910542 0.501802500757661 -0.0383703692758903
-0.00526493357011315 0.0389881332306442 0.2223709647306 -0.41082798688029
0.0170671827324225 0.0178344541641642 -0.19407861652755 -0.259540445748934
0.0136983497674683 -0.0166572334859181 -0.209529650208382 0.0194482063882922
-0.00269274440711656 -0.0135518507491309 -0.0140338350762272 0.0782976539348071
-0.00986249297086741 -0.0147243671792494 0.121503230736477 -0.0340650624545155
-0.00552086947487029 -0.0255418035253735 -0.121326897039636 0.0134634647001268
-0.0007489758353223 -0.0107402011686581 0.006183836047409 -0.0838138675632705
0.00693070084262695 0.00843173452391369 0.202607936382415 -0.0292166791270996
-0.0119487469332713 0.0169127586834032 0.189398671473087 0.22509595615901
-0.030230342736811 0.00516684530768755 -0.16189198664138 0.398692339072647
-0.0245648939033101 -0.0326493903010129 -0.475378236458884 0.10702295526696
-0.0220555378296206 -0.0450570325797332 -0.289826747605673 -0.214841287609079
-0.0195850296144223 -0.0490488220758236 -0.0629009087471221 -0.00617352553366036
-0.0533179878691671 -0.0366298120665855 0.248431203785369 0.270013435237201
-0.0397820628671073 0.018387730017164 0.500114897188883 -0.0206520676966979
-0.00825038519376451 0.039668051838484 0.2395703690896 -0.404270162700656
0.0193377890056486 0.0182694096969819 -0.187224410149783 -0.271088332550712
0.0181984075863408 -0.0181481600788018 -0.214394594291557 0.0115656503093237
0.0012845234913162 -0.0154651579560595 -0.0193431227517891 0.0770994984440228
-0.00785712176521943 -0.0154722079033652 0.12149446240795 -0.0322538432756345
-0.00387773322867137 -0.0236329446705096 -0.121318170298821 0.0154284867893897
0.00229190583726872 -0.011600393698764 0.00201238671505333 -0.084271761601643
0.0100007890006639 0.00647199744270392 0.197238862484861 -0.0372494904041378
-0.00955286262336946 0.0147849353593071 0.193381906661275 0.21469961935592
-0.0297172008601771 0.00358659061234932 -0.14988778021143 0.399653027049663
-0.0246767766398844 -0.0343455115430255 -0.475218427461236 0.121499908848894
-0.020546666399879 -0.0438271648037539 -0.303329674413157 -0.212807685185578
-0.0165721033251315 -0.0470765049422406 -0.0706082289482986 -0.0182828876014512
-0.0504720827048079 -0.0366984282854531 0.235385368279781 0.268466961180178
-0.0395315292840466 0.0156825048640284 0.497043374048332 -0.00619374852912676
-0.00956500351495606 0.0378525824527789 0.251521483669384 -0.400761027981807
0.0199401683513542 0.0175951549406713 -0.182126458064606 -0.281369761860935
0.0220964487528167 -0.0189664606265613 -0.218854940579328 0.00360608680473923
0.00455482793887277 -0.0156334548126064 -0.0242579400251418 0.0766989070666934
-0.00627002437704385 -0.0137170723875397 0.121078871678277 -0.0285224229506438
-0.0022755596198302 -0.019808331658513 -0.121449932201547 0.0179069697627677
0.0038837480437903 -0.0107764859041984 -0.000899493471126866 -0.084493322991181
0.0119440860928033 0.00557929325182546 0.19322875297743 -0.0416683946238004
-0.00876668802889249 0.0111398924305196 0.193775642505617 0.207399927683127
-0.0282305162812195 -0.000297446239498515 -0.14458295790841 0.398602514995916
-0.0204812806491169 -0.0353644606575555 -0.47568346691005 0.128233734379794
-0.0138291451501019 -0.0401280070122951 -0.312320590686139 -0.214839980761461
-0.0108241423897513 -0.0405051012564945 -0.0772354063508977 -0.0289191917340304
-0.0439092256919305 -0.0332399142157585 0.223737950639026 0.265469418666561
-0.0348063345942617 0.0139504577747999 0.493798522690981 0.00256561999228734
-0.00892504887937593 0.0335528613224002 0.258948273806392 -0.39841646994426
0.0201052914188294 0.0153381949988476 -0.178307922884809 -0.291055926872229
0.0245648029456276 -0.0186394810212856 -0.222667218671269 -0.00283462669457237
0.00688084967064244 -0.015013390277502 -0.0279020048805522 0.0768613257272015
-0.00446161874332563 -0.0104500193279197 0.121978907644334 -0.0243641277164749
-0.00151412084921611 -0.014953759068314 -0.120163777432777 0.0213620261854862
0.00432393017562319 -0.00860929450868216 -0.000686316214121198 -0.0838105704276862
0.0118996396882048 0.00648029186553171 0.192107476339631 -0.0444783552615562
-0.00919477055705801 0.00699699054834335 0.192711441674661 0.202625516108596
-0.0255686309812241 -0.00569118491838547 -0.143748184135657 0.39620817412982
-0.0124897996995051 -0.038191973304597 -0.479393621903489 0.130151390003293
-0.00464008778004838 -0.0340500032848306 -0.317589753763441 -0.219058635397907
-0.00306955916296397 -0.0308438838723816 -0.0801919013211118 -0.0353866173692788
-0.0345341441205348 -0.026764924485195 0.21888290293293 0.260805819270474
-0.0267652296086081 0.0125216078891415 0.491716414284642 0.00348775413425442
-0.00594735385035659 0.0282070699683181 0.260942201195237 -0.400529199868472
0.0194090360609462 0.0114300349599062 -0.177444015074592 -0.295599051688427
0.024525574091394 -0.0184924476755645 -0.225792785801131 -0.00699854279403425
0.00777407974633649 -0.0125136304705015 -0.0290929283961616 0.0773462282998342
-0.00331742642611589 -0.00578470461122988 0.121894121149471 -0.0213372383876059
-0.0014459094499478 -0.00962573623401955 -0.118312996812306 0.0240129290256976
0.00414536177595699 -0.00485160929804024 0.0021235366898941 -0.0822316818112423
0.00987649842533685 0.00756788365450064 0.193120623884547 -0.0437568131484969
-0.0110984861345232 0.00328178969601311 0.189509204358959 0.204379417841321
-0.0226990145536816 -0.011626942908627 -0.150489026769207 0.392507423373884
-0.00182963264190212 -0.0405001942113113 -0.485327920180082 0.122499957693714
0.00651386772694185 -0.0269860316486213 -0.316060787015338 -0.223204049514938
0.00592810920708502 -0.01911104825434 -0.0807833779036288 -0.0377113710062243
-0.0238277792965446 -0.0175656957395792 0.220200849119075 0.256713476706632
-0.0155884977664554 0.0117538702158564 0.488013410227037 -0.00466319668452449
-0.00157726954660395 0.0219109707356004 0.253126321271108 -0.40620294557824
0.0174838051646873 0.00729406623643771 -0.18143979637962 -0.296736267899675
0.0224276675268831 -0.0176636298925568 -0.226227894557701 -0.00660927590856678
0.00690364383260631 -0.00987440625887021 -0.028166235989019 0.0787480556953417
-0.00307744583786718 -0.000282108018674764 0.122924425157365 -0.0183555771804531
-0.00187999110217435 -0.0044333810775598 -0.116382325485224 0.0261453190295241
0.00232480091918725 -0.00145460622055939 0.00595998963151398 -0.0807051867849571
0.00486938135239915 0.00990609208798073 0.196100018317198 -0.0388188480164821
-0.0145407541537764 -0.000573801262470426 0.184164277204899 0.208760875330037
-0.0184654307850452 -0.0181899227189723 -0.163033920318441 0.389957099476986
0.0111252182972261 -0.0420471800075657 -0.490369094384371 0.108949427440891
0.0184172039856828 -0.0179636591714233 -0.310176038511504 -0.229924122356311
0.0148801997154692 -0.00628282415732998 -0.0774326743015495 -0.0348000768160658
-0.0125966325937207 -0.00773151445652889 0.224801053969012 0.252197852790289
-0.00383715493462206 0.0114989891519 0.487039416981644 -0.0174850789426667
0.00398043440988654 0.015441964043902 0.241328923231926 -0.413138439287471
0.014820996627375 0.00227142139819255 -0.188241297853327 -0.293331493361853
0.0188600094037994 -0.016400789880174 -0.225004280967835 -0.00383345100710815
0.0045052076561561 -0.00589357232085704 -0.0250030135829846 0.079614087008248
-0.00375010228965937 0.00517088106195261 0.124716955721609 -0.0161094378250815
-0.00305848704033447 -3.92078149464379E-05 -0.114863926295045 0.026112526159566
0.000452181627560264 0.00201175840292798 0.0122797729496973 -0.079299114616676
0.000207606087435138 0.011857144606786 0.201161889953489 -0.031886907899163
-0.0175213796075013 -0.00361961019303554 0.177076774237678 0.218310286068695
-0.0145320471131032 -0.0229393190407222 -0.181338958789472 0.383794402344592
0.0216697902081274 -0.0419906128242996 -0.496068792553931 0.0895812316598344
0.0275133752724151 -0.0102043240310456 -0.301320304562129 -0.236067955816345
0.0219220018357953 0.00324573245055053 -0.0712250595636014 -0.0264397860773717
-0.00415214647314073 -0.00055015377540229 0.236056867037772 0.248674095860097
0.00528593560422842 0.0118180795378125 0.486185101712226 -0.0378894417519031
0.00805803576695891 0.0103749328468787 0.222730029157577 -0.420950106549129
0.0123732186099036 -0.000594255347710045 -0.196975626190848 -0.28451210567091
0.01399852175793 -0.0147412401878911 -0.221287397436663 0.00273120000362353
0.0014073546165318 -0.00293883823046614 -0.0199790789403152 0.0812817057069287
-0.00540117892366315 0.00926491963268394 0.125696137763673 -0.0149446656857488
-0.00735849535915807 -0.0250244006757508 -0.119752007075175 0.0122594843950042
-0.00374122014361656 -0.00796620560007786 0.0114619448961762 -0.0828056542447164
0.00175907382222536 0.011032990844647 0.207212529063227 -0.0231854079643391
-0.0151123799492098 0.017485033491943 0.185848069638925 0.233944791348353
-0.0283318824118416 0.00434769489434611 -0.173791858212249 0.396995583358725
-0.0201006530127937 -0.03261912760023 -0.476368496669555 0.0937776236034328
-0.0191362362012467 -0.0422169501804687 -0.280092939159209 -0.214686036397804
-0.0186955208518462 -0.0461549894792361 -0.0549873305622988 0.00621047407739084
-0.0516860613735872 -0.0317409436335 0.264331096684669 0.265539454305071
-0.0352995796713149 0.0215867122306504 0.500666780209076 -0.0439640189361691
-0.00460315264420543 0.0386657286203155 0.217550725123893 -0.413123769406053
0.0173048213854598 0.0173830603522115 -0.196768435083925 -0.25758908094601
0.0133676322933196 -0.0167282504968509 -0.209747522261055 0.0214391098086939
-0.00259084800188556 -0.0139830674195042 -0.0139117753844028 0.0782743202123323
-0.0101470757280013 -0.0143584740225769 0.120886040021485 -0.0348542038412417
-0.00526883431003892 -0.0248900002699477 -0.120772571419986 0.0138713073750635
-0.000806449907184977 -0.0108448745775211 0.00583004545115642 -0.0845338109685785
0.00657514775036419 0.00828410749635978 0.200765372849986 -0.0318484680607918
-0.0119666756690604 0.0169195950549988 0.191340541741824 0.222646258321073
-0.0295005431352346 0.00542380414525376 -0.159140146343974 0.399023103842765
-0.0248630146222024 -0.0329842002558879 -0.473997032751934 0.111114195677417
-0.022459149316425 -0.044467565178553 -0.291997116124393 -0.211464295652305
-0.0200366375412723 -0.0488468124982849 -0.0634209284831506 -0.00573392403346586
-0.0535165570446628 -0.0360307719354213 0.250373466598407 0.266432019324618
-0.0393565271233798 0.0192580112597587 0.500078129117199 -0.0260170401551651
-0.00795709558867098 0.0397455650065447 0.23469435548857 -0.406528556665651
0.0191193921432613 0.0184290690088299 -0.191035598671016 -0.26864769060263
0.0177946297652301 -0.0185422272671293 -0.214502825240068 0.0144918690879555
0.000932214895633827 -0.0151926406408736 -0.0187616170015809 0.0771390307289874
-0.00839019099624635 -0.0148682509211517 0.120672379291373 -0.0331013132648507
-0.00377748594528909 -0.0235911646050047 -0.120898203289406 0.0159993839666645
0.00160903966982418 -0.0114333319990063 0.00121347715589179 -0.0846301103910724
0.0101191347919791 0.00661591179819197 0.196623566181438 -0.0394987155381926
-0.00958839108475792 0.0151090774619981 0.195605380546194 0.212285956082548
-0.0295891637816398 0.00403182823616347 -0.145053869378489 0.400621415571162
-0.0252606312501709 -0.0332277741886614 -0.472190926891994 0.125568371176732
-0.0211069852076038 -0.0432124809417173 -0.305261117846358 -0.210627231098442
-0.017103668903821 -0.0466141181915403 -0.0707398326817483 -0.0178703016371638
-0.0512860424867041 -0.0360395850093426 0.237355440759754 0.265709365736338
-0.0394709122832923 0.0166747002705605 0.497829833098783 -0.0114607518595545
-0.00914779657854859 0.0378011241508882 0.245156092402169 -0.402534688935823
0.0206265274026777 0.0177123011721311 -0.184986517742166 -0.279299720809491
0.0218046910443494 -0.0192018083298083 -0.219144340162823 0.00606563895495594
0.00444359088131508 -0.015781042132322 -0.0239019811121413 0.0767377119947151
-0.00620051548195415 -0.0135373508219833 0.120099379065982 -0.0294764838542216
-0.00275010003630604 -0.0197731046640395 -0.120561643654158 0.0193656421884264
0.00357653365563932 -0.0103711960569621 -0.000907747252180197 -0.084820473724664
0.0117956025580854 0.00577929755827223 0.19259729066197 -0.0447505163422803
-0.00863070629016946 0.0110853741739278 0.195200937439983 0.20480747385892
-0.0275426126044084 1.18795170484416E-05 -0.140136630849535 0.39932369781158
-0.0206431894556717 -0.0354705048503936 -0.473249184535241 0.133191289274108
-0.0147252080114465 -0.0393456743439298 -0.31260896121452 -0.21196625799094
-0.0113615118847333 -0.0400464125672146 -0.0778249748237074 -0.0278012194588847
-0.04452787465754 -0.0327099335546874 0.226712326245155 0.263100369236442
-0.035165060714081 0.0141875044021912 0.494171763334778 -0.00157434428746455
-0.00846098736717255 0.0335199268160819 0.252720667307189 -0.400857039599817
0.0205551766255978 0.0152211436822044 -0.180941904868906 -0.288063133018369
0.0241236234777636 -0.0191922147772147 -0.223426356197725 -0.000663861792381778
0.00667281709927799 -0.014898945662961 -0.0274757183501854 0.0770224726780841
-0.00466615410346529 -0.00980984371798248 0.120950663339033 -0.0249761169256591
-0.0017215967425555 -0.0146805954382842 -0.119378725062677 0.0223167797360769
0.00418974310032532 -0.00850578481893888 -0.00162684260333118 -0.0837338782530315
0.0118326433603225 0.00619135168471426 0.19138622989069 -0.0464206670165019
-0.00909546601612242 0.00735543123621305 0.194522472369269 0.200894973102191
-0.025318610091015 -0.00530060366060773 -0.139648968349143 0.397195794682766
-0.0127299543650404 -0.0374398474584733 -0.476712447882415 0.133961028452584
-0.00523214322383942 -0.033697580679652 -0.319357567578304 -0.214711657946805
-0.00332060166193003 -0.0303582582684113 -0.0808885846096287 -0.0346154571800839
-0.0347928017516506 -0.0257264753733709 0.221914249577528 0.259372528499073
-0.0261409548681509 0.0124699368019509 0.489658349714968 -0.00221806079933979
-0.00549891439327727 0.0281637397946738 0.254223280671004 -0.402100529821442
0.0196447752304329 0.0115043871706154 -0.181484221334425 -0.293089219491838
0.0240597476961715 -0.0187734871587194 -0.22568284686826 -0.00407262059427796
0.00736276691053281 -0.0130813300705636 -0.0287893060247661 0.0776398670988886
-0.00366566658865034 -0.00521603844504523 0.121166764604939 -0.0219362950610708
-0.00133313529536706 -0.00956067710592215 -0.117682581023501 0.0244986386353604
0.0039018733438732 -0.00496586929073158 0.00130604792992697 -0.0824154026218409
0.00929158984288143 0.00770863329523353 0.192136865562959 -0.0454035168211059
-0.0113043333488904 0.00345255664304607 0.191289607274606 0.201486072731973
-0.0222757082178637 -0.0114853502885178 -0.146136406902354 0.393768736772969
-0.00213707690000765 -0.0401191931410885 -0.482295883688173 0.127436332589166
0.00578689023994264 -0.026351950439989 -0.318293922086191 -0.220101676244626
0.00574316844618187 -0.0189429447896517 -0.0808301622252332 -0.0365150805629134
-0.0242184919919473 -0.0171801884845669 0.222158006632181 0.254626518101813
-0.0154181606614484 0.0117061250496062 0.487853851106346 -0.0102942988122161
-0.000843003866001359 0.0216980323374511 0.247574705472036 -0.408462074668004
0.0178135097779866 0.00703968008351965 -0.185268169573187 -0.293913629845913
0.0216377507767511 -0.0180010286725692 -0.226262149158058 -0.00370272703250262
0.00697038736123689 -0.00981768188639431 -0.0275268851727399 0.0784457931844917
-0.00309550270887643 -0.000190461340254555 0.122821076485336 -0.0191551402392401
-0.00128249006500585 -0.00399105491066607 -0.115539345478393 0.0265203280163223
0.00228056954851337 -0.00131685858174543 0.00554551433047866 -0.0806548605392931
0.00521688602309337 0.00985153070141417 0.195804008818796 -0.0413133783903933
-0.0144551662854596 5.0256604033674E-05 0.186471840253795 0.206237530271346
-0.0184844019729277 -0.0179384704249335 -0.158540103322841 0.391031317234499
0.0103746663413763 -0.0421668289581527 -0.488306228519878 0.113231884485532
0.0178420894519661 -0.0174158727087955 -0.312827746865785 -0.226234473728773
0.014781749266866 -0.00629419707545745 -0.0782430001376458 -0.0334577516149653
-0.0125137616282126 -0.00758020527393382 0.227340453746897 0.250040506633318
-0.00372753099139674 0.0113355876689668 0.486097324025424 -0.0228799707878506
0.00376567540443363 0.0154284585889677 0.236938065883403 -0.414656215223674
0.0152516566556175 0.00280596439865544 -0.191586033447115 -0.290362446291863
0.0185167373520764 -0.017027761901719 -0.224975279119032 -0.00124269906616158
0.00474309563299601 -0.00642168371520711 -0.0245984861493343 0.0792326231195034
-0.00379615530957271 0.00530517438532743 0.123929436169898 -0.0169606266950877
-0.00280435192356111 0.000299097330333896 -0.114156392914193 0.02714582401147
-4.60796181398432E-05 0.0025717106894212 0.0121070557577027 -0.079898855222954
-7.75301053492156E-05 0.0124284731192726 0.200800361187355 -0.03429995662746
-0.0176048296575621 -0.0027733051356477 0.179376445091992 0.216355109172726
-0.0142944217885795 -0.0224752830198308 -0.176340017044085 0.386782137955691
0.0219914545697284 -0.0422041709667709 -0.494121491648724 0.0937308719587493
0.0272639351155573 -0.0101487894507206 -0.302672179228854 -0.232178591635568
0.0214749970540773 0.00314591246700274 -0.0717336034157179 -0.0253261647696206
-0.00435179469180533 -0.000388895394251242 0.238197603921904 0.247174898054183
0.0054955121286372 0.0116418015553701 0.483978446664605 -0.0419345362991064
0.00823337764391478 0.0103954737174792 0.218514932185234 -0.423760720829377
0.0125042753010005 -0.00075051481682522 -0.200940454310633 -0.281688883731354
0.013787561755302 -0.0150940946235266 -0.221515427883149 0.00594294462616019
0.00105655716172938 -0.00306429422148627 -0.0195389052546935 0.0817384668815436
-0.00520830519428071 0.00902548224549591 0.125377760918296 -0.0158926192194633
-0.00733515962276397 -0.0242800268898191 -0.119279059419724 0.0133926223468633
-0.00405312893192942 -0.00795778912858562 0.0111520237371874 -0.0833210074554894
0.00182945286168271 0.0110609665649255 0.206476926643463 -0.0254662202477294
-0.0151677983712344 0.0176653815624086 0.188124907679197 0.232124469376699
-0.0280516639411246 0.00436541510375785 -0.170533255805668 0.396979239977602
-0.0204345146140751 -0.0321526672508196 -0.473730885537301 0.097886032838729
-0.0199980890531895 -0.0414868043333974 -0.280580185302914 -0.212103507663055
-0.0190429794808109 -0.046088852791608 -0.055387390235368 0.00699073544502566
-0.0521194033166745 -0.0309715176088353 0.267076064813533 0.262357802331598
-0.034757944670389 0.0215880503385602 0.498009247112431 -0.0491189490072217
-0.00413844204548562 0.0385903631799364 0.213061277138784 -0.414274854620113
0.0174103978029964 0.017527064820525 -0.200306090499546 -0.255126414549695
0.0132505503740082 -0.0171457296657543 -0.209322545040183 0.0237360544311626
-0.00267862855537818 -0.0136884135544123 -0.0132686177835989 0.0782308239558531
-0.0105421645975443 -0.013927694432466 0.119985318722519 -0.0351183612312064
-0.0056878307821673 -0.0243182328086647 -0.119680344662231 0.0152647111033128
-0.00111596066578582 -0.0100469330284982 0.00525856211871687 -0.0846129534679344
0.00662301956044063 0.00864467355481139 0.200923885813257 -0.0343878373413838
-0.0117765380881954 0.0174731644027864 0.193304890265955 0.219889511741453
-0.0290843136023271 0.0053078475080008 -0.15534598526567 0.39975346179274
-0.0252118967510055 -0.0321887101855071 -0.471712591551959 0.11489456222854
-0.0230847410254731 -0.0437583822292743 -0.293836337353278 -0.209236893959791
-0.0202079747982488 -0.0484201372214096 -0.0631594701834742 -0.00515820877402265
-0.0543267738427211 -0.0351489281699011 0.25242102277176 0.264934060981877
-0.0391663287522621 0.0193649734959656 0.49758979195722 -0.0297301474016474
-0.00720301142487275 0.039842553630151 0.229751627449863 -0.410008417160306
0.019702513994782 0.0180915531872698 -0.193152151266037 -0.266677055986512
0.0176638052116222 -0.0184601981445326 -0.21392591159045 0.0161658889847229
0.000904928701177329 -0.0154659762187625 -0.0185509090423353 0.0773539291293122
-0.00859438590164416 -0.0148803878023881 0.119483503437266 -0.0336890921862076
-0.0040650290692955 -0.0233335631514661 -0.120246109027232 0.0169339721471122
0.00150351292208518 -0.0107964150580157 0.000737293776327087 -0.085059480104025
0.0102545152164716 0.00658065087110028 0.195858616088948 -0.041836117984689
-0.009323215731381 0.0150823460502595 0.196728148985324 0.209415992873984
-0.0292155675826162 0.00420065449981631 -0.142023264499964 0.402071993626386
-0.0249203670720433 -0.0330025010757383 -0.469652515615518 0.128268569294411
-0.0215635431376463 -0.0425979752853632 -0.306013589213479 -0.207582151736205
-0.0177888749856112 -0.0464859972863248 -0.0714637267755031 -0.0168489997813361
-0.0511004140160855 -0.0358696102604305 0.239530921353279 0.263292236308969
-0.0392332170779172 0.0168937752075147 0.495078669339962 -0.0158543862369347
-0.00867464422810718 0.0377961936212332 0.241536734744009 -0.404873191428329
0.0208330880711783 0.0173436275397565 -0.187775086624056 -0.277359225088321
0.0218810616485401 -0.019211249210545 -0.219590425663491 0.00828362128330584
0.0038985084535219 -0.0160524815193871 -0.023511812029054 0.0767917875067126
-0.0065974135874387 -0.013536282303605 0.119267293124728 -0.0300336683925842
-0.00231424777804201 -0.0194603533305153 -0.120352755173783 0.0195485570391697
0.00326344998634842 -0.0103169842795081 -0.0021986303752347 -0.0848880731082545
0.0113605648638399 0.00581217214647129 0.191245499058665 -0.0462491495599178
-0.00856921688635354 0.0115438078644117 0.197098623284736 0.202617240344757
-0.0273521665895319 0.000258901531808887 -0.13589606739762 0.399216943136554
-0.0209530080449131 -0.0347686866478939 -0.470530906000496 0.137029046207765
-0.0151715064897328 -0.0389658546451004 -0.31464931763094 -0.208568895382443
-0.0118027588577464 -0.0402134750910483 -0.0778035171648728 -0.0273326823860715
-0.044415125764725 -0.0325788059202551 0.22837458163548 0.260734669292297
-0.0341314734082483 0.0144717896909742 0.492821672998632 -0.00796811329853418
-0.00846081928732093 0.0334916791202541 0.248695447503791 -0.402513502095105
0.021019758550608 0.014850466956336 -0.184395442952718 -0.285593266855618
0.024007255576504 -0.0194412444556688 -0.223477553700032 0.0020478326074275
0.0063098439077046 -0.0148598986904298 -0.0271870267862198 0.07672352271914
-0.00487657600711832 -0.00993739930297966 0.120608403896186 -0.0262024801251093
-0.00131142814245257 -0.0142542576171931 -0.118716729613032 0.0229339131263468
0.00390324822861773 -0.00805314732865911 -0.00197454838839974 -0.0840479210237731
0.011534562412468 0.00625882648341506 0.191065052392983 -0.0488295808192515
-0.00937047550468153 0.00745473324460852 0.196247497577816 0.198305824758834
-0.0254956835046436 -0.00480783001915519 -0.135516186868954 0.397539302674835
-0.013098322656701 -0.0371748069924946 -0.473641059390838 0.138597061402659
-0.0058728562682104 -0.0333929046577011 -0.32054380829666 -0.21271139901851
-0.00366241596275249 -0.0305257914393039 -0.0811303769933673 -0.0334920612636156
-0.0350686051366342 -0.0255539686573577 0.223549514325202 0.257198416781196
-0.0261239604890766 0.0123225649585952 0.489090031411766 -0.00674409375727333
-0.00519995897918844 0.028211829319617 0.250377101660301 -0.404825545603616
0.0199568839202348 0.0112508522183305 -0.185004737777405 -0.290205719328534
0.0241699819686727 -0.0192790251985212 -0.225920262689043 -0.00144230968387756
0.00742774599464303 -0.0126842604998142 -0.0286584324471544 0.0776322049270296
-0.00380133799293901 -0.00479039741308225 0.120846621460351 -0.0229146959121716
-0.00134908259371622 -0.00901833133387715 -0.116567155417833 0.02564218141158
0.00378913513467997 -0.0050439252567052 0.000294552587377517 -0.0825711453175617
0.00901389460538312 0.00745902931798582 0.191535407155525 -0.0472767812741783
-0.0113966591243888 0.00380081224084629 0.192797773583383 0.199605562106007
-0.0224203084376674 -0.0111283561779284 -0.142215657516045 0.395364083504701
-0.00237622989520552 -0.0400524602966028 -0.479972361362955 0.131151475786095
0.00536647802900725 -0.0262027681922642 -0.320218990307143 -0.216436747199133
0.00537148676019127 -0.0191198184682692 -0.081601322766389 -0.035800958227996
-0.0243790139195882 -0.016596324858499 0.223416043850756 0.251878038978265
-0.0155387582288763 0.0117206512353872 0.486264659271611 -0.0151160027432151
-0.000822162489161147 0.0221395821096757 0.242968195456173 -0.410087016062588
0.0182347544699937 0.00668063205097392 -0.188257155969471 -0.291489929842241
0.0217008279343325 -0.0182932791083767 -0.226382715425075 -0.00105686934762435
0.00657659243161885 -0.0100743356029095 -0.0274199524368464 0.0785213664924346
-0.00318345599519844 -0.000190529271707476 0.121789961556551 -0.0197815493534417
-0.00159787301713166 -0.00340677572717702 -0.114719647607555 0.027456614498253
0.00169704931446732 -0.000756612517071959 0.00506174444475045 -0.0809868322719483
0.00529048603176247 0.00998064962249042 0.195295398428912 -0.0437664594006767
-0.0144600356558937 -0.000333011051214426 0.18814491762821 0.204156540815765
-0.0184987157506154 -0.0175835284361603 -0.154654463696552 0.392036194345823
0.0101951513996222 -0.0417435766647294 -0.486678474866075 0.117577534541713
0.0174769479950763 -0.0173340104568822 -0.313951212889944 -0.223385927080855
0.0146623991156219 -0.00624878026601408 -0.0780830283361766 -0.0327067856678168
-0.0130612991431797 -0.00749771893956236 0.229161401348052 0.247558139620887
-0.00353559558648245 0.0115486516216722 0.484756121340338 -0.0280861162542761
0.00434975224591524 0.0150849270247203 0.231642727570311 -0.417482097553782
0.0151937895738088 0.00245311798794257 -0.194022829066066 -0.287888888240745
0.0181895801439672 -0.0173650679533762 -0.225485311431536 0.00180842804067459
0.00389603222635752 -0.00623293364716322 -0.0242947635931788 0.0799324367263593
-0.00388830305194313 0.00542380049951615 0.122943130535119 -0.0177924004427922
-0.00283014626565653 0.000271642459824481 -0.113569414208901 0.0278142292549299
-0.000594661425744022 0.00253696577230181 0.011187251644012 -0.0797812803137722
-3.65586744986999E-05 0.0125101350949009 0.199944976145427 -0.0365291720033117
-0.0177768370461161 -0.00274736397863006 0.181531915010263 0.214115883017822
-0.0141993393605543 -0.0225125301341954 -0.172690611712293 0.387683588399298
0.0208147720901354 -0.042111878116371 -0.49210382875079 0.0994770422413746
0.0267150246701031 -0.0100058467463063 -0.303893150204758 -0.230886441761796
0.0217770133981145 0.00289848149996896 -0.0717876187935657 -0.0246960595287617
-0.00436380036523563 -0.000286770223306136 0.239591016412625 0.244570316947959
0.00568680456421699 0.0116976798032611 0.483014145740966 -0.0475740667286792
0.00831599359826996 0.010433577664574 0.213643656378564 -0.424594652079817
0.0122901210757581 -0.000769423907834256 -0.203534865785156 -0.279056264228831
0.0136400712397259 -0.0155157063130371 -0.221485189677872 0.00878862663309447
0.000866483521395402 -0.00277688286737046 -0.0190021558798177 0.0813120923149923
-0.00554206925584752 0.00947709829624025 0.125051199614269 -0.0168345191432245
-0.00746821332661917 -0.0241424526529478 -0.118491314727522 0.0141414048702696
-0.0042968747649969 -0.00760162220735634 0.0103452929517387 -0.0834287099693135
0.0018672073731771 0.01095859257548 0.205818932402117 -0.0275255831140353
-0.0149017283101489 0.0176928437727817 0.189893871351347 0.230329774556298
-0.0277006690763881 0.00422706285487122 -0.166914220904143 0.397597723851338
-0.0205365477107614 -0.0319000321000816 -0.471727524879145 0.101330447489777
-0.0203227017983295 -0.0408985588117468 -0.282366977588849 -0.210073695457555
-0.0195513479798828 -0.0454093620409888 -0.0553268414031609 0.00707666366195903
-0.0525429388834749 -0.0305630291558585 0.268010337213764 0.259207823672805
-0.0348679569513949 0.0218567918032227 0.496252218245703 -0.0520397975626978
-0.00396048797330793 0.0387796608408639 0.208766531092365 -0.415565924430021
0.0178202009862974 0.0167663756169766 -0.201954430854009 -0.253106688180693
0.0130322675089834 -0.0176923026970561 -0.208838160560986 0.0262435972079322
-0.003333615622116 -0.0140912100430669 -0.0131588999513087 0.0786703944812333
-0.0109150916940316 -0.0137047375522234 0.118952653900881 -0.0359597924616636
-0.00508441286723549 -0.024270749676597 -0.119700792453147 0.0149974595805993
-0.00139109197704033 -0.0097315753240685 0.00448798978044515 -0.0845332134944604
0.00662691276924573 0.00880690417423504 0.199830273944597 -0.0362870484333057
-0.0112512924229462 0.0173040869389507 0.195129356305707 0.21821194932064
-0.0290088833214513 0.00580652322491731 -0.151236794189152 0.40032357812622
-0.0252315289445722 -0.031950227314081 -0.469942996020896 0.118692185962406
-0.0233894676963417 -0.0429752147957857 -0.294792445558876 -0.206810802011364
-0.0205588001802657 -0.0480706773829298 -0.0636418404301493 -0.0044457533871203
-0.0542879634842356 -0.0348842146561143 0.254039196139719 0.261775220881233
-0.0391004632088079 0.0193820973307562 0.496374752595411 -0.0350633749493062
-0.00668806875937451 0.0402567306867671 0.22386004279924 -0.410593311586687
0.0200901419117879 0.0175356885051616 -0.196130299947725 -0.264091778294523
0.0176958830346113 -0.0187119020950265 -0.214435258150425 0.0182723062004643
0.000413332787864723 -0.0154128481071596 -0.0183193324276365 0.0774214259952642
-0.00861144077877534 -0.0145405434707312 0.119222117532542 -0.0342434978510634
-0.00392725296067409 -0.0226582067024098 -0.119163374717962 0.0180193954669637
0.00137125645652497 -0.0106292050947501 0.000279231949322242 -0.0854205846648425
0.0101022010402933 0.00657392646862895 0.19501591057746 -0.0438554263449434
-0.00927379258218291 0.0152749443778243 0.19838379803642 0.207880004762489
-0.0286791410059243 0.00463693253221774 -0.138167787996718 0.401749344185293
-0.0256359133914467 -0.0326501530127299 -0.468368190757791 0.133027020806246
-0.0218148915946447 -0.0422443764307515 -0.306981045370417 -0.205080377706725
-0.0179983503392617 -0.0459069150734827 -0.0715230971803143 -0.0162086444949753
-0.0516272656930517 -0.035129471052765 0.241099175232749 0.260961470064084
-0.0388592199402843 0.0169488262627579 0.49406133159543 -0.0202186578827296
-0.00815561732049116 0.0379690077729868 0.236516403992692 -0.40691217553426
0.0213994428103047 0.0172596004163069 -0.19038404149691 -0.275406462071084
0.0211300140297119 -0.019418396866719 -0.219276489451153 0.0107129476445211
0.00342838433315142 -0.0157256091625147 -0.0233113988607879 0.0772403757145217
-0.00664205976261583 -0.0132944150277894 0.118599810834001 -0.0304564396253951
-0.00271582544396139 -0.0192335676917606 -0.119078572786975 0.0205426583432151
0.00303904873181894 -0.00995656581141034 -0.00177404128723851 -0.0849556495689893
0.011356160873907 0.00587421552113207 0.190608749397656 -0.0481830058911307
-0.00872217799343275 0.0116635824252347 0.198532410331768 0.200756031170372
-0.0274122475397441 0.000533159793859303 -0.13116609007282 0.400975056427724
-0.0211284099125342 -0.0345645196029957 -0.469257003988327 0.140035283101721
-0.0155730027328398 -0.0382030427326124 -0.315205824109145 -0.206259776719737
-0.0118117812364954 -0.0392466172146726 -0.0776928059849039 -0.0264715488399622
-0.0444116031046792 -0.0317880749678527 0.230229645024637 0.25865227783601
-0.0343096227976876 0.0145605096500541 0.491261801265856 -0.0106345964378306
-0.00764493954019504 0.0338027396427929 0.244446588357231 -0.404993633150188
0.020852373237417 0.0150475511018691 -0.187061460574981 -0.284034746989262
0.0232951204523406 -0.0198371588996989 -0.222945998474908 0.00423668199543302
0.00569398832738353 -0.0154553424631734 -0.0272481544639147 0.07705500525239
-0.00509390164785628 -0.00968398605726509 0.119651430982795 -0.0263773045606551
-0.00119723751051222 -0.0146143358518991 -0.118302301647998 0.0236180951976508
0.00363342835377774 -0.00793321287653481 -0.00244397968150976 -0.0841067603548842
0.0109049612768521 0.00615519874936068 0.189436443825251 -0.050166141383269
-0.00893962980919791 0.00749879735178768 0.197404828241096 0.195798257526931
-0.0250383775347789 -0.00506685009294831 -0.132932999109727 0.398714465853708
-0.0133312523471898 -0.036828003800719 -0.471711622246414 0.140694171010764
-0.00641290859302135 -0.0329044383622364 -0.321132734645593 -0.209869960779767
-0.00369369623235392 -0.0301359635816571 -0.0816007892590144 -0.0332984225345467
-0.0355999877205566 -0.0254572878021982 0.224981032267271 0.254806667008627
-0.0260324252682166 0.0128921563019447 0.488141125758217 -0.0115861121104565
-0.00479307702048354 0.0283400243211897 0.246144766525268 -0.407303310045836
0.0199423381124532 0.0108571285982533 -0.187106301408402 -0.288603859170566
0.0237058202752934 -0.0195173461767968 -0.225915634355667 0.000833185344492447
0.00689781992980185 -0.0130414569342227 -0.0282886420821855 0.0779337835139065
-0.0039912726901447 -0.00530776923409996 0.120118087988455 -0.0232660398432479
-0.00127995620524128 -0.00902519417863198 -0.116189262852991 0.0263939914020242
0.00343600238400006 -0.00458883339320468 0.000128693646583166 -0.0826273541901768
0.00927676191080106 0.00778507739380439 0.190805631010989 -0.0497063583286364
-0.011019287189763 0.00390228707659147 0.19415817411042 0.196994030725663
-0.0219926984262022 -0.0105168187205127 -0.138550910509899 0.395236972204154
-0.00304232734135336 -0.0395054896857256 -0.478231751830123 0.134974725523318
0.00517290346958112 -0.0259225477011709 -0.320088878933163 -0.215199311874179
0.00542523460411102 -0.0184775140462414 -0.0816700832276113 -0.034982619799555
-0.0247558036035932 -0.0167723394509711 0.22532765726583 0.25025336421743
-0.0156582006838614 0.0118400576670315 0.484530473187432 -0.0189081944957716
-0.000843343696913138 0.0222195429996041 0.239391521399976 -0.412579909103155
0.018278667153054 0.00737294769274111 -0.190909974566365 -0.289241978327793
0.0216410801768259 -0.01906784859392 -0.226561440953883 0.00158978920728198
0.00603015393955222 -0.0103864862732506 -0.0270520152381206 0.0787574938420022
-0.00384799380581549 0.00021108043255372 0.121264241278933 -0.0202447876851256
-0.00115824635162667 -0.0036889075294485 -0.11430080628387 0.0280354104920143
0.00180745936817028 -0.000661708845275548 0.00477559385058063 -0.081682012334936
0.00521348540642412 0.0100309920317194 0.194102998920988 -0.0454836496380839
-0.0145301204629118 2.10731455005716E-05 0.189702093273574 0.202706575407939
-0.0182363151500333 -0.0173532544904699 -0.151852375006488 0.392787056151904
0.00978038319814596 -0.0416670079481114 -0.484351712487656 0.119787981965445
0.0170020011537334 -0.0173653489598299 -0.315060114075579 -0.221195505217037
0.0147747137477123 -0.00620118166627472 -0.0785753834088104 -0.0319638117648491
-0.0132947454768011 -0.0071904740669673 0.230319796017823 0.245708071199152
-0.00392299259888206 0.0112657880214823 0.482619253203377 -0.030979527016565
0.00362785069805154 0.0153659649060511 0.227812851341111 -0.418793978366491
0.0158022698151104 0.00278462874829797 -0.197913936287018 -0.285634629879805
0.018000776827585 -0.0175327764638436 -0.225681148922923 0.00425542108715094
0.00360949607733019 -0.00670598862064081 -0.0237888637710973 0.0803135627541648
-0.00435206074125371 0.0054566440802848 0.122534526378405 -0.018300091416279
-0.00224363732945447 0.000666543103361313 -0.112860850708212 0.0283337729786658
-0.000855522661231765 0.00275256033564873 0.010590994831525 -0.0797761186259914
-4.28684503458203E-05 0.0125637665198744 0.199309530879212 -0.0382117297167472
-0.018414202150067 -0.00232575563061855 0.183185709194857 0.212286753945943
-0.0141280696471343 -0.022185727571209 -0.169797337257419 0.38790153656835
0.0207048035163842 -0.0419387774871071 -0.489735441934973 0.102104582757824
0.0262323402873299 -0.00986749783861462 -0.305262513422511 -0.228316894734082
0.0214792196425069 0.00298985006293528 -0.0718320276397134 -0.0240364902192748
-0.00480569255424891 -0.000277245149302394 0.241160171506752 0.242537668083819
0.00610308674478072 0.0112303434056424 0.482839878235751 -0.0511087885262013
0.00863636467959304 0.0104330778354899 0.208973485676262 -0.426192282204686
0.0125548429012883 -0.00059221911561024 -0.206355955038103 -0.276515570973667
0.0135121853635001 -0.0158280790196133 -0.221794646137714 0.0107650211001181
0.00084207640471536 -0.00328973806600682 -0.0188454218388257 0.0816065627613064
-0.00532096975609595 0.00930788693810047 0.123892481749013 -0.0177649097602629
-0.0151280461472182 -0.0192132465553106 -0.107164383802279 0.0498167014251471
-0.00723559259045716 -0.0058898569891383 -0.0148558765122452 -0.0832794880333937
0.00620930952553784 0.00888619779891702 0.186398286985922 -0.0899987068392757
-0.00698917934395856 0.0227192253879586 0.25095630811435 0.160755529743868
-0.0248330070479091 0.0170573400308142 -0.037678339982287 0.428512901785645
-0.0354804824128508 -0.0220540926815189 -0.412600593431964 0.244714394284801
-0.0350807132379611 -0.0342122720663531 -0.334204370178898 -0.106628545124497
-0.0322634404116956 -0.0366327312159494 -0.0486705731197268 0.0250331408561955
-0.0587634323801198 -0.0122980844014741 0.333851183743442 0.163987083392257
-0.0275064812043496 0.0300662179003929 0.454524735571655 -0.200394331348932
0.00950055011938399 0.0379256546724046 0.0654214271474062 -0.455261767330451
0.0229750728521092 0.0107692775114849 -0.267588657824415 -0.177829489193191
0.00689648514205829 -0.020205342003932 -0.19075505758392 0.0885477851858023
-0.00756990378612468 -0.0131107048220597 0.010158965737232 0.07893273754608
-0.0145931365804536 -0.00944080719414532 0.101667777382195 -0.0667489404991513
-0.0136799155963467 -0.020481096980327 -0.10787809071912 0.0515801469005722
-0.00564133348706338 -0.00913310189212883 -0.0209844538604003 -0.0824397674398488
0.00974231984196226 0.00470479185494407 0.178538029111763 -0.0956339058764386
-0.0036389340914563 0.0209840171329925 0.253147103424041 0.148113855877108
-0.0256764700372408 0.0192852633414847 -0.0214898440852203 0.426559686261944
-0.039780080994893 -0.0204262275146745 -0.405181266397727 0.259479576811536
-0.0384226871912514 -0.034930290552896 -0.344630844060575 -0.0996111426900066
-0.0342332992463499 -0.0386056413057789 -0.0601637139119076 0.0161442682385718
-0.061773111262648 -0.0150523652218231 0.320721368945905 0.168587829989862
-0.0322949731168479 0.0288177485963624 0.459439287549341 -0.182466307422533
0.00702561777153793 0.0397514245553431 0.0819663707658541 -0.454959479837357
0.0249352835043792 0.0107778599504681 -0.264738677387403 -0.19047529613351
0.0108478150708124 -0.0228572747955204 -0.197631841591015 0.0830655661238239
-0.00460458823144624 -0.0157625345628388 0.00501416441994752 0.0797702362043571
-0.0133106543264478 -0.010377291931324 0.101667634803023 -0.0654270547770367
-0.0114472835783005 -0.0195711566699737 -0.107285772923577 0.0540565591753254
-0.00318393281190684 -0.0108040282059435 -0.0257652831789552 -0.0819177977041587
0.0121944738212947 0.0016111033003072 0.171791475800675 -0.101279004302919
-0.0015401593345871 0.0186261086980808 0.253196701528468 0.13588162844118
-0.0255500754753186 0.0178882058533918 -0.00907034821062477 0.424054822526667
-0.0397735946902387 -0.0207771129029107 -0.399312094042189 0.272328503135028
-0.0369998691637754 -0.0345012352686526 -0.355893500488479 -0.0935102669609883
-0.0313730650143868 -0.0374952753418302 -0.0714358371786038 0.0077881654154873
-0.0590400837525359 -0.0167212683841838 0.308471533917975 0.172429320011415
-0.0330130793293559 0.0261067340980266 0.462155332504701 -0.168252447895854
0.00480338355767931 0.0388031496340588 0.095913929904478 -0.455603849546318
0.0260136988009375 0.00965775252022336 -0.263052790949595 -0.202716818303973
0.0142297606847869 -0.0249016640070787 -0.205303066402218 0.0772994099164587
-0.00171753375701691 -0.0171530932186746 -1.90349987202999E-05 0.0804866544775403
-0.0109733039689716 -0.0100109682824896 0.102423492172721 -0.0616241425695339
-0.00921969262452439 -0.0163792006513545 -0.10662235534182 0.0562816687566206
-0.00130668191559426 -0.0109316338424257 -0.0282303661259418 -0.0803352220270052
0.0130821616341269 0.000552116043508617 0.16623470618025 -0.104442450107267
-0.00251771633883383 0.0146318685807255 0.251559570519304 0.129519587729003
-0.0254758507307415 0.0137114614162674 -0.00330795748258628 0.420818116305811
-0.0370878036828086 -0.0242103656791725 -0.397876699725251 0.280933539985291
-0.0299009549906228 -0.0332993615673403 -0.364953146724942 -0.092644113363685
-0.0235835953945878 -0.0336902144195651 -0.0811431895177493 0.000639740097292857
-0.0519079779280947 -0.01520476199347 0.297607149653037 0.172665294499383
-0.0292114635287632 0.0227328452377598 0.461704923761954 -0.15900963203681
0.0044978804601021 0.0345173091563669 0.103352432160443 -0.456237015671466
0.0252350425262689 0.00784102454719902 -0.262514177856195 -0.211696324018769
0.0163424381995033 -0.0250796969498538 -0.211077694109641 0.0723661305895161
0.00121411101454968 -0.0169404006712979 -0.00341099320132535 0.0818350008149999
-0.00844161950009151 -0.00738032755390436 0.104138617830498 -0.0579323601965035
-0.00607388590617992 -0.0123364073615529 -0.104538965272552 0.0585845477043281
-5.64803272088289E-06 -0.00881419982329343 -0.0281302710735331 -0.079603377262431
0.0129217004838996 0.000761874806011781 0.164261331434741 -0.10611499998323
-0.00457724336700065 0.0115335451097205 0.249714158872989 0.12582118865081
-0.0252800081228297 0.00790907504267317 -0.00412618796163764 0.418210054007839
-0.0298703514802101 -0.0290577042947103 -0.399964146274174 0.283177749624033
-0.0187348444162116 -0.030956908146442 -0.371752297034804 -0.0927877381179861
-0.0130416622836951 -0.026826985949101 -0.0866670429380908 -0.0047391689559536
-0.0411358373718717 -0.0125003015602926 0.291133054057976 0.170802538781494
-0.0219017562885191 0.0186424001917548 0.458740282288624 -0.158377892459005
0.00568241552669985 0.028367795183582 0.103585091254272 -0.458733219484147
0.0230792397780062 0.00456355902399637 -0.263484891988719 -0.215626732343712
0.016285103709267 -0.0249857134901218 -0.214504649018261 0.0699906939303261
0.00217935645879415 -0.014979788062974 -0.00409631959513493 0.0822792592948959
-0.0060066229544168 -0.00303066253439017 0.105751945585573 -0.0557136294781387
-0.00463761570390633 -0.00675814913829206 -0.102148000016193 0.0606234046502189
0.000751259275989046 -0.00598039262945334 -0.0257134098872667 -0.0788658620974518
0.0116105734479103 0.00264017712056727 0.165372936987983 -0.10556009038783
-0.00843579468162963 0.00821556815525317 0.246945847340525 0.127772386123247
-0.0242935315618294 0.00111999155516038 -0.010770048703088 0.417903322782229
-0.0208846155728737 -0.0351003025062522 -0.408558635861693 0.277666727492568
-0.0058641398048189 -0.0278314488370533 -0.372623342132842 -0.0990683680362785
-0.0011323740957799 -0.0187407125433933 -0.0880226782100609 -0.00594505974616288
-0.0282782436630868 -0.00755836681028477 0.2897007193421 0.167388991471867
-0.0123910895204661 0.0142627727506016 0.452878082148881 -0.163425607635565
0.00725624311229226 0.0216266732507806 0.0960373533132195 -0.461254684627005
0.0199465398732897 0.000935390999093454 -0.267426297608378 -0.215507561724124
0.0147785131181854 -0.0237499508773588 -0.215104641766089 0.07100804774818
0.00242913190640166 -0.0123016812089534 -0.00277701992120154 0.0833948200052381
-0.00433507223089486 0.00169864967074148 0.107592514074305 -0.0531264904295568
-0.00228195711917911 -0.00134024156052063 -0.0995795485908368 0.0619863918221636
0.00106452010768039 -0.00180107241587827 -0.0210460993310356 -0.0794589656099081
0.0086440492734618 0.00654376089275872 0.169891863122657 -0.103107450841823
-0.0123707869397421 0.00615648358569555 0.244232494617981 0.133919301768013
-0.023083622332954 -0.00617506974084361 -0.0236217973912744 0.419384748665612
-0.0101661737367024 -0.0404158234202888 -0.41767348774414 0.267091680652195
0.00873414144976335 -0.0232588003761079 -0.37076300888607 -0.106723618572259
0.0113018308246326 -0.0103050845409722 -0.0843287037836754 -0.00475228675127124
-0.0148407499371728 -0.00233664767647768 0.292933664936623 0.161427810615873
-0.0013411505760504 0.0104182103972494 0.448683567538903 -0.175371124506035
0.00981824629789982 0.0135129365997976 0.0828708724730708 -0.463321788913126
0.0159926955873025 -0.00230272151329119 -0.271695285520695 -0.209422904967816
0.0115120353494637 -0.0216888878292775 -0.213042755047798 0.0729297813568322
0.00147453693157723 -0.00841612069339298 0.000331295817844056 0.0834855053460263
-0.00286638461407691 0.00678351865694334 0.110349059360407 -0.0517180413912737
-0.00199005661474433 0.00242261508624849 -0.0988667444505682 0.060871912227836
1.178402875417E-05 0.00250700603798688 -0.0148324546062123 -0.0805880699459667
0.00444421176721925 0.0106443397702999 0.177095859626423 -0.0982341857836702
-0.0166170861325013 0.00503221436656937 0.240886755869123 0.145595374661417
-0.021410688295274 -0.0118736353503228 -0.0410027602856554 0.420543895450387
7.60150881222313E-05 -0.0443728297771535 -0.43032452645386 0.25332457303511
0.0195571632115314 -0.0192246284639066 -0.364270924188612 -0.116218901529046
0.0206706232494357 -0.00335282958095154 -0.0755732385734879 0.0012602107249454
-0.00448382082537381 0.00148339252195461 0.302037261146063 0.154608171593326
0.00759507571960087 0.00749267690699513 0.439208560228644 -0.193745625505792
0.0123385379933943 0.0072972092479156 0.0630792605645799 -0.464515317174989
0.0121386645280845 -0.00430575650491152 -0.277412555311661 -0.198520707701488
0.00778721414868577 -0.0185208068130243 -0.20726765052495 0.0779090303124808
-0.000500720008838729 -0.00418602043517769 0.00559575070695909 0.083271879868314
-0.00312567987021681 0.0113372192803796 0.111733147102094 -0.0511869332258508
-0.0150633536793751 -0.0195516824649135 -0.10678238730009 0.0494753419324573
-0.00731417877843409 -0.00529917888296369 -0.0156317753780923 -0.0835405553781481
0.00622291807311286 0.00859152534175316 0.185581738209362 -0.091481056631296
-0.00647492666183249 0.0226083798253361 0.252220652107911 0.158275105282041
-0.0244652028021518 0.0172042237862975 -0.0348670367885554 0.428012244642022
-0.0354316521782134 -0.021897111930094 -0.411211497401191 0.245935056986375
-0.0347101575054851 -0.0332967185800129 -0.334122341594687 -0.105117089475708
-0.0323234658773325 -0.0358669766484549 -0.0481529632649928 0.025216095899019
-0.0586047035144851 -0.0119672799064795 0.333653798648332 0.161072293458312
-0.0271916273427339 0.0297782122599613 0.450812564824857 -0.201953834955942
0.00971929240794013 0.0378964152692667 0.061045288159206 -0.455175343048104
0.022596931727051 0.0107431193372245 -0.268517809433487 -0.175777631643725
0.00649535598326227 -0.0206966510191222 -0.190029384523576 0.0899723554241052
-0.00769658049481285 -0.0125714836801363 0.0097339423470471 0.0787729727963837
-0.0149455490147872 -0.00902070310630072 0.100515738221511 -0.0668492969833532
-0.0133949766293483 -0.0202971828410013 -0.107298761948301 0.0518245036906572
-0.00519991766728919 -0.00881315959475109 -0.0216569484021678 -0.0827776822064934
0.00975406011533729 0.00490911104977008 0.177203913656198 -0.0967528651717951
-0.00341180673313802 0.0215632805946923 0.253439713406414 0.145847984805693
-0.0249325455385323 0.0192834627312931 -0.0189536310205285 0.426409638776404
-0.0398398730957232 -0.0199646057602703 -0.401830721969537 0.262075199969426
-0.0388486381113735 -0.034243174307279 -0.345567510671181 -0.0976148889750522
-0.0341334875132874 -0.0384850556729602 -0.0602753660582935 0.0170152618702066
-0.061775320741431 -0.0147553860333654 0.321290023823091 0.166042167350708
-0.0324749789251875 0.0292093058819441 0.457296047191611 -0.184954279238351
0.00755631291375899 0.0394262518241161 0.0788900600213246 -0.454984821022646
0.025419208977276 0.0107799492458879 -0.266332403105615 -0.187609970212608
0.0104865087531448 -0.0232888878013783 -0.19744255552517 0.0843897499811132
-0.00486497523226321 -0.0155343408653492 0.00466192853731274 0.0792679402186792
-0.0134820781710749 -0.010507376225162 0.100870787963504 -0.0654831455413921
-0.0111509516450506 -0.0194665767902768 -0.106572308383267 0.0538048726713313
-0.00332338208986801 -0.0102129666824984 -0.0260363305366104 -0.0818362829688403
0.0119900021134932 0.00170897410334471 0.170516988740308 -0.1022533246895
-0.00212716760269777 0.0185222012504222 0.253761445894425 0.134254023263903
-0.0253899400873477 0.0172519124660724 -0.00660283312063177 0.422755091724035
-0.0398899973589154 -0.0207697144531756 -0.397009578417806 0.274318061125502
-0.0366060457660974 -0.0340037229614177 -0.356314849608142 -0.0918059458273164
-0.0311345604195844 -0.0372264554453658 -0.0717477861606453 0.00875048503762899
-0.0594490301796789 -0.0160104715148275 0.308079273370393 0.169928873361933
-0.0327829336604575 0.0261044280092503 0.459194285090124 -0.170902116977668
0.00548835919306788 0.0387731374685684 0.0921346470798711 -0.456115370737922
0.0260689782411633 0.00960732277573838 -0.26383756230992 -0.200243286097054
0.0140413088934324 -0.0247286416399483 -0.204157709573662 0.0786501047092055
-0.00171898451449184 -0.0166979900815935 -0.000178103400549517 0.0803881296318873
-0.0112316146165067 -0.00957381482772978 0.101504710193913 -0.0617143148025389
-0.00872103027543489 -0.0168104781195495 -0.105596341164216 0.0563404825830821
-0.00150706336814889 -0.0100235313157209 -0.0284832559886011 -0.0802975536378991
0.0129846829638621 0.000644510368397631 0.164828911582913 -0.10534420221867
-0.00242823865944799 0.01511172944846 0.251883265365088 0.127436151915762
-0.0252882004390673 0.0136292025706278 0.0001678742726661 0.419570205331569
-0.0366055017965752 -0.0238860989149743 -0.394752419832455 0.282337007963353
-0.0298358023547117 -0.0326731500277542 -0.365345068217472 -0.0902468982384388
-0.0237364952737659 -0.0330837317034569 -0.0808716793189421 0.00161973652393385
-0.0515169231690362 -0.0149464138232741 0.297847873572292 0.171365992995757
-0.0290950595423156 0.0230993952223339 0.458436421072173 -0.16069211224107
0.00480443329584198 0.034633570391916 0.100075509983642 -0.456249685369271
0.0254161743034025 0.00724237587212096 -0.263156424179902 -0.209613926366455
0.015717912438898 -0.0253518139129711 -0.210317095395575 0.0738763722938117
0.000596413593668012 -0.0169291611766838 -0.00369435387737505 0.0817657148725122
-0.00867292153541556 -0.00714142427334845 0.10348132863749 -0.058500353648311
-0.00637154566731726 -0.0125887320567418 -0.103600173377912 0.0590846807968949
-0.000352080460036747 -0.00880818035085788 -0.0286681935670553 -0.0791810489975458
0.0136109013119086 0.00094986167102503 0.162933752470757 -0.107256934170552
-0.0048776369400153 0.0116025169936077 0.249854969190144 0.124369403181139
-0.024483559633437 0.00771481507894111 -0.00204697863607236 0.418063106848625
-0.0298421432168047 -0.0286621229165651 -0.397047547630615 0.28429798422029
-0.0187914143591802 -0.0301446146647804 -0.371952977065183 -0.0917443008977441
-0.0131574720858212 -0.0269614297508561 -0.086361350761129 -0.00379547917842256
-0.0411113366348286 -0.0120385643609924 0.291678069807227 0.168914573488116
-0.0216463130325158 0.0186217204113627 0.456032297804625 -0.160228783839397
0.00586019985441358 0.0282778211251027 0.100914966689506 -0.457474307989377
0.0231825486126132 0.00443822444026489 -0.26563062267555 -0.212868421995674
0.0161272081783256 -0.0251277132671784 -0.213970869587032 0.0715343903266159
0.00204470138732474 -0.0150788737800953 -0.0043159552220302 0.0827194311324666
-0.00568145054851694 -0.00289088478129553 0.105463870905165 -0.0559030420955637
-0.00395964505354836 -0.00700413430532636 -0.101255098997939 0.0604901487076746
0.00044262688106885 -0.00542248258012579 -0.0259451618452598 -0.0793567633902485
0.0111392560060928 0.00299362840102711 0.164432838275422 -0.106480730610014
-0.00837172715352413 0.00915099749510108 0.247508411127842 0.126001116166165
-0.0243088496076329 0.00111962739589138 -0.00820240298783195 0.416481037286214
-0.0208039063583648 -0.034316692210644 -0.405187596991559 0.27933130459372
-0.00618121630320754 -0.0271878217847892 -0.37272271169492 -0.0975689537466015
-0.001359225177474 -0.0189151927622523 -0.0877562204453708 -0.00571504776201299
-0.028139886730407 -0.00706943497140012 0.290043665429786 0.165340266197416
-0.0121909248063442 0.0148343056911831 0.451430550223182 -0.166103909058296
0.00723219333572106 0.0214250119889705 0.0924674481682852 -0.460539006954845
0.0202892357599235 0.00120714999090528 -0.268987136860085 -0.213683063209725
0.0140789987346988 -0.0241731792132719 -0.214103976280832 0.0723209989180599
0.00240122044143002 -0.0120388998944853 -0.00288000672813527 0.083187567369557
-0.00436615791807986 0.00164367705692759 0.107392706973385 -0.05322720671687
-0.00220693633637892 -0.00188185281877857 -0.0987184107103786 0.0616176787290244
0.000676547179831085 -0.00111006790174523 -0.0211245116931076 -0.0795294394671858
0.00842392295035715 0.00657325945721441 0.168950682825793 -0.104475383265469
-0.012813210315703 0.00620906576369206 0.244950763148625 0.132058625292473
-0.0229522507293834 -0.0063260770951388 -0.0209449063631763 0.419124284608167
-0.010167739430353 -0.0402226139730437 -0.414847932227837 0.269347425818446
0.00832003406590626 -0.0227718975535856 -0.370730706532848 -0.10504878889019
0.011213295683057 -0.0104546621674933 -0.0842156799052516 -0.00382668494659289
-0.0147777141206512 -0.00196811218858141 0.293755817188363 0.159457169448958
-0.00115702477600663 0.010480710155197 0.444391176613762 -0.177233929152567
0.00999669650624335 0.0131324878375324 0.0786018588536085 -0.463151810817992
0.0158414938825142 -0.00248408518894263 -0.273838760023487 -0.207479887750245
0.011338638697422 -0.0218023059211149 -0.212606449286281 0.0745246648362202
0.00100780934263989 -0.00808920392227539 0.000572406859063619 0.0838259400292866
-0.0029724435419655 0.00701374709874941 0.108936885024768 -0.0519674502113668
-0.00239512217493741 0.0025299294352061 -0.098262477786766 0.0612760166428484
-0.000110405899142249 0.00295061689425972 -0.0150973636190745 -0.0806841107114718
0.00442831264342438 0.0110517998595284 0.175949981972971 -0.0996397199158415
-0.0164346700497844 0.00524604008671364 0.241390668666383 0.143121554686144
-0.0211134302021044 -0.0121364043292879 -0.037978043261075 0.419793440834135
-9.28975123621022E-05 -0.0441190756653413 -0.426339198388428 0.254191534489082
0.0196368680920817 -0.0186359241027995 -0.364539925431043 -0.114560852802251
0.0205557912947375 -0.00373881442584257 -0.0759234749303374 0.00140500828062515
-0.0044453083397319 0.00174973331083508 0.302028010043765 0.153127260376201
0.00736326032176298 0.00727403525935159 0.437797974418195 -0.195959664621056
0.0125360338360784 0.00727317556883402 0.0589954945850036 -0.464617531368314
0.012141700327277 -0.00435136350194701 -0.279196482183885 -0.196332088012986
0.00735108851243349 -0.0185404559211268 -0.206736782470549 0.0800107725659727
-0.00119446297365972 -0.00405526728690707 0.00604900402227411 0.0836118819400506
-0.00333391003577824 0.011282806284561 0.110784382124321 -0.0514020860379426
-0.0145941853457077 -0.0192884837691023 -0.106363487557386 0.0496565066087294
-0.00676026675284536 -0.00508363166081138 -0.0160891137868659 -0.0838218501882413
0.00591767814839428 0.00872146829226626 0.184905904341673 -0.0922241255984733
-0.00653749829021823 0.0234790063792997 0.252941189772079 0.156517687343703
-0.0241490538626144 0.0170351125942372 -0.0316140760532644 0.427996687190906
-0.0353453625699415 -0.021806208448849 -0.409489893160655 0.248415663263512
-0.0349920183569796 -0.0329523356681547 -0.334484670601083 -0.102880841834392
-0.032248702247145 -0.0357864752382456 -0.0489212897741201 0.0255790281908665
-0.058883668279796 -0.0114301743461053 0.333827089945819 0.1606014590861
-0.027355973878556 0.030030656908184 0.44935585289026 -0.203592912514246
0.0100792413940035 0.0376776398419686 0.0587513584166718 -0.453971890529227
0.0228569562731589 0.0100542128559973 -0.26913123059329 -0.173747239618821
0.0062584912571206 -0.0204411319521315 -0.189350154878609 0.0918158178759479
-0.0081247894507968 -0.0125533614135485 0.0100228543012302 0.0787033804738102
-0.0149625834974853 -0.00848476300576818 0.0997027457602027 -0.066496967744357
-0.0128203576792334 -0.0203230627677564 -0.106611686525322 0.0514515768793728
-0.00548984963931216 -0.00828092009900876 -0.0221469430104552 -0.0827416945197539
0.00963649870031291 0.00477031105844647 0.176457029636234 -0.098236311186812
-0.00324594948072911 0.0217003809867778 0.253913865086209 0.143877476867247
-0.0248688821224744 0.0187993714385664 -0.0176820768726457 0.426564544091202
-0.0393238750345822 -0.0200639956257836 -0.400129192611176 0.263116654574646
-0.0387199668045477 -0.0338504232629849 -0.345057481752507 -0.0960303689500826
-0.0342929168302669 -0.037914263371271 -0.059788177843796 0.0178251781237521
-0.0618455697328309 -0.0143709182764293 0.32184704382584 0.165138263148022
-0.0320622522297033 0.0290346028154888 0.453918204492693 -0.187569635226131
0.00741394000901051 0.0395547783826924 0.075133399995952 -0.454641757983397
0.0256020422738797 0.0105616435601384 -0.267110260141584 -0.185654945254441
0.0100755568438375 -0.0230288454214521 -0.197002487570506 0.0856951808176517
-0.00526291805465645 -0.0150209225675957 0.00478680955407115 0.0793920435730419
-0.0133388342390644 -0.0104296140403998 0.100058516073576 -0.0649907146082637
-0.011199421071746 -0.0198542271683706 -0.105955830592501 0.054424002197463
-0.00320297060917285 -0.010261091011571 -0.0264769647053578 -0.0818888593188719
0.0121839951791085 0.00173492934666281 0.16923685871395 -0.103216922967133
-0.00165776560842066 0.0185778639652238 0.254057580726919 0.133039854271663
-0.0248582130332966 0.0175880813377469 -0.0042170484037914 0.422569374396921
-0.0398018852816348 -0.0202379932198015 -0.395141408190086 0.274128575581026
-0.036907189428003 -0.0334643525111459 -0.355758223085398 -0.0904650212261256
-0.0312869575166506 -0.0371590408802439 -0.0711383880879597 0.00920000622604788
-0.0593778272269341 -0.0155932736517852 0.308674780102659 0.169056057016863
-0.0329634785110585 0.0265446369364123 0.456747242473249 -0.173128580292631
0.00567280094429241 0.0383244762605604 0.0874320543677064 -0.455712372792754
0.0263952013242813 0.00947736887592466 -0.265245624412745 -0.198222021996218
0.0133384758879249 -0.0249075106866763 -0.20400121584606 0.0804782874037945
-0.00218642561699826 -0.0165938190869461 -0.000375771234993725 0.0810901613765265
-0.0109505098797873 -0.00939893708168945 0.100897257329505 -0.061441990193628
-0.0083938275766368 -0.0166936337724682 -0.105004060958693 0.0563946811129712
-0.00140877911582158 -0.0100757604681182 -0.0289608801988285 -0.0808728344129137
0.0127784616855861 0.0008541761217487 0.163914610631219 -0.106356193036006
-0.00241917837453956 0.015174568659344 0.252479922409937 0.125888617053497
-0.0250179941399587 0.0138335865616121 0.00197202804660505 0.419163297746423
-0.036516187499432 -0.0231498790567684 -0.392468250674029 0.283219505613658
-0.0297608463033707 -0.031909395942793 -0.365355904531708 -0.0886936114783601
-0.0237967846169513 -0.033021170210664 -0.0808618604902014 0.00158681663117186
-0.0520123643313057 -0.0146106463471074 0.297712262008908 0.169903780651733
-0.0288030559723553 0.0230188302250885 0.456841373256672 -0.163802459121424
0.00493285995811743 0.0342131203367083 0.0967716714244632 -0.456048660005564
0.025449757142811 0.00742772825225226 -0.264684235730419 -0.206749897656142
0.0150554579797836 -0.0255881251044441 -0.209808417585062 0.0757359204981226
0.000710967078098472 -0.016719548947501 -0.003292636868464 0.0820485153146993
-0.00861444388102326 -0.00681956399464015 0.102962845452499 -0.0580771556377994
-0.00608238402147306 -0.012347262970403 -0.102774241850548 0.0590261031775163
-0.000692261345689197 -0.0082643445849781 -0.0286940101175164 -0.0793066691912135
0.01290409482908 0.000936013710016724 0.161694518836901 -0.108195712597823
-0.00496203015606503 0.0123088916174556 0.250158254669278 0.122416795767013
-0.0246084563496255 0.00796037046766504 0.000782497140824527 0.41657337038672
-0.0298446546662288 -0.0281771353832121 -0.395527358254962 0.284444269004973
-0.0191802781406486 -0.0296281186047647 -0.370249579126904 -0.0905242731792031
-0.0130357625494393 -0.0265225258024221 -0.0864243486108243 -0.00305990504233743
-0.0412272598689088 -0.0114432133484775 0.291882303012354 0.167414247743045
-0.0218170229803113 0.0187897351871186 0.453881318243802 -0.161321243362009
0.00590653377031338 0.0284546883799406 0.0963486978122921 -0.458235010917718
0.0233067553366765 0.00416390920109608 -0.266190248136306 -0.21184024567775
0.015327086954867 -0.0257832431970103 -0.213269194884016 0.0734094954533504
0.00158585126029388 -0.0152289761291504 -0.00423253157066231 0.0831540417723846
-0.00606013601704245 -0.00245933481900674 0.104743214158464 -0.0553543648277365
-0.00368354673745638 -0.0073106977766849 -0.100567412415354 0.06063359145051
0.000674827845242116 -0.00507159751626579 -0.0258033874775687 -0.0789878712035155
0.0115585903898706 0.00330017231907413 0.163223575186409 -0.107559886893416
-0.00833139998760941 0.00911932825009232 0.247639517258595 0.124226686872911
-0.0238719751185132 0.00131443273060938 -0.00564538042663137 0.416976699469205
-0.0209652295999274 -0.0342515492981834 -0.403495738887167 0.280155340003008
-0.00616065060702543 -0.0264687879323108 -0.37333930956574 -0.0954431227800833
-0.0012419669370896 -0.0188521003643579 -0.0874618961296891 -0.0048156850281397
-0.0285484593403894 -0.00675249654077763 0.290517923289629 0.163991184338858
-0.0119583831828766 0.0145777668662984 0.448366980565531 -0.16827929779255
0.00759759307293002 0.0209513301592007 0.0888060623627343 -0.459781267642741
0.0204920282707169 0.000919085867732371 -0.270173106877419 -0.210928153102411
0.0140456692954189 -0.0242653931647866 -0.213749377886291 0.0740625684270641
0.00210278632080755 -0.0123891737410294 -0.00280585250345654 0.0832616865694735
-0.0043796718814955 0.00215363382154873 0.106625758234666 -0.053468204611452
-0.00203764973820939 -0.00191646398403131 -0.0982233247730511 0.0616952288968214
0.000397082893179271 -0.000777156851038358 -0.0214981566189437 -0.0794411341028001
0.00863788119900379 0.00696183461146987 0.167853876765011 -0.10530428448571
-0.0124597739520846 0.00673663365527052 0.244815711145672 0.130401344783394
-0.0226674111006451 -0.00658192848624209 -0.0192543950279635 0.419770821807065
-0.0100972112651586 -0.0397378723342155 -0.413153671857082 0.270609718771779
0.00804550618255669 -0.0222079226435716 -0.370421257349913 -0.103338400288555
0.0112274609846613 -0.0103156835089027 -0.0839095122085138 -0.00325081764547709
-0.0146904886138576 -0.00190935311168094 0.294205904211664 0.157892016741121
-0.00147440581405727 0.0105488982615025 0.443432210743496 -0.179517879198167
0.0103614113556725 0.0133150068137398 0.0746543688638446 -0.462484841186028
0.0159663270817011 -0.00251019294689598 -0.275021952813388 -0.204853881086243
0.0111734942410154 -0.0218107889614609 -0.211412513040336 0.0761117279550869
0.000960030943946226 -0.00798126176148374 0.000345983459005459 0.0834093892752458
-0.00287714715954028 0.00698425996836108 0.108613395986107 -0.0519326556786093
-0.00159598679823406 0.00299309934773873 -0.0970738526691591 0.0608487849981717
-0.000133358354039603 0.00320658133414632 -0.0158169642491919 -0.0806953042152241
0.00411382997359756 0.0108574442315257 0.174924135574275 -0.100265060950701
-0.0167212416307178 0.00520534368701596 0.242055730661976 0.142244569776284
-0.0208821228340974 -0.0116012884746959 -0.0350769821366886 0.419968205081305
-0.000138081974021679 -0.0440185188489974 -0.424580990207354 0.254770795646833
0.0194068987283155 -0.0182334158084375 -0.36319762555929 -0.112845582392067
0.0202541261703769 -0.00363132084558102 -0.0754205374628425 0.00228850255116979
-0.00470588006221353 0.0022568911646147 0.302554432653374 0.151135629395841
0.00740392782635072 0.00727743354003075 0.434883458396465 -0.197087770611856
0.0125951291579504 0.00728224804115857 0.0565743999804972 -0.463868652017039
0.0122419065718937 -0.00478119135938738 -0.280214845851974 -0.194671420840893
0.00734771854255961 -0.0184819660034902 -0.205818745321249 0.0811999685338657
-0.000833933913872884 -0.00402601411415628 0.0062690152126532 0.0835838337751898
-0.00298501372904454 0.0112028964644864 0.110713291957548 -0.0514996156799738
-0.0147307092954824 -0.0194140624858555 -0.105634522341141 0.0497983980237937
-0.0067353386631968 -0.00476845601874767 -0.0165274122883127 -0.0836432691498404
0.00644283369738739 0.00903405790310689 0.18387401876553 -0.093241974031591
-0.00623609052160099 0.0231520768947596 0.253371196908538 0.155468650715062
-0.0241427791236174 0.0169046392147245 -0.0314580054456077 0.42843966700531
-0.0353970942019096 -0.02151210310187 -0.407739973043218 0.248723127029914
-0.0350350588346011 -0.0323542002764149 -0.334568032366016 -0.101827711643976
-0.032659451913452 -0.0353078574926953 -0.0489291152938964 0.0261159761256308
-0.0586050006247591 -0.0107611254484741 0.333210431748718 0.157882103075249
-0.0269096440872731 0.0300482232839506 0.447735814787292 -0.20551843909072
0.0102359657000915 0.037349779592083 0.0537667566822157 -0.453068391986401
0.023330110046043 0.0100005910004531 -0.270379076387878 -0.17172454287677
0.00638041700146048 -0.0206591755558447 -0.188952431883851 0.0929691624552692
-0.00800271530324246 -0.0124452454188491 0.00974660591142499 0.0788291307328308
-0.0151398868233699 -0.00853318040477112 0.0995867736519958 -0.066591263822115
-0.0132326677061402 -0.0205023666986778 -0.105872350506695 0.0517576419084706
-0.00519544167104083 -0.00804133552079419 -0.0226186647921985 -0.0830873248142087
0.00987063205334812 0.00489026556587284 0.175299500367402 -0.0990390028234979
-0.00328593945566943 0.0219309612394575 0.254593609884962 0.142294473595767
-0.0249154221841237 0.0188120206723751 -0.0145673654715908 0.425974792195828
-0.0396608234046725 -0.0191418999349464 -0.398004659024991 0.262861254327551
-0.0383522410820223 -0.0331183994447324 -0.345347941664223 -0.094970361581604
-0.03448045577951 -0.0377570532954065 -0.0603325232295462 0.0179854890973532
-0.0614775845657136 -0.0139630594479808 0.321366913005416 0.162949478284254
-0.031673960486785 0.0290831557212272 0.451504631587012 -0.189477370224377
0.00775793326063635 0.0391610545545502 0.0726863723502486 -0.455330754047092
0.0258561087234364 0.0104198924205434 -0.268440648105774 -0.184761745273859
0.0101751148837282 -0.0234482943601369 -0.196189929969688 0.0873668348060035
-0.00577035224000671 -0.0153383491702808 0.00462021449227334 0.0798608376974572
-0.0135116268231908 -0.00998318844191259 0.0993048097530124 -0.0644200513100505
-0.0107911819574323 -0.0196575250225848 -0.105379545495106 0.0538563790654196
-0.00332783793820749 -0.0097686036180035 -0.027026215102308 -0.0818500619200546
0.0120658833978923 0.00193337806818624 0.168360651744191 -0.103640530998165
-0.00164964635654291 0.0188703401147572 0.254405455073311 0.131423501984774
-0.0244512610730607 0.0173893684075734 -0.00117113620109467 0.422006046313515
-0.0394860307385433 -0.0200722842978964 -0.393249312211393 0.275763246779987
-0.0371012672921956 -0.0327585437044141 -0.355836285470361 -0.0889638183699419
-0.0317608725908642 -0.0365208291058708 -0.0715596188592119 0.00972833691109951
-0.0592433180383005 -0.0151968885987694 0.309167301795343 0.16715434649983
-0.0325031896841628 0.0266154815173955 0.454833154454653 -0.175531814299424
0.00578721938123734 0.0385134758834996 0.0856589242058396 -0.454408922161087
0.02683514681319 0.00905652260752423 -0.266707922803797 -0.196758532638199
0.0131057850427024 -0.0250772946332525 -0.203742635779706 0.0816219700953511
-0.00217655037144199 -0.0164651415742498 -0.000113089314259028 0.0809784611176428
-0.011269877432452 -0.00976721021441428 0.100310492459914 -0.0613202788909766
-0.00874698194392263 -0.0167154567897082 -0.104275532046505 0.0562210761351309
-0.00149018772054188 -0.00964629294600522 -0.0290707316391391 -0.0810108885949578
0.013228357881864 0.000408091259042934 0.162639894326891 -0.107506698969837
-0.00237324630264478 0.0148415153126377 0.252142420148773 0.124705142082686
-0.0245234076324323 0.0136001021453503 0.00355053588832235 0.418764442330854
-0.0364998249142943 -0.0231030648350005 -0.391690546884834 0.283795515185614
-0.0298345243613015 -0.0313233902483358 -0.365365241907576 -0.0881438352049146
-0.0238799471572119 -0.0325002127062905 -0.0808200795964663 0.00236885505678606
-0.0518549592727325 -0.0144801792074466 0.298639308181162 0.167898697281187
-0.0288568522773747 0.0229072626461695 0.45525894177744 -0.166106694753368
0.00517394527880861 0.0342423510553034 0.0926864359003064 -0.455849509447045
0.0256689806490553 0.00719908173976058 -0.265470678314604 -0.205349295635157
0.0152125964390675 -0.0255147237653511 -0.209016599533207 0.0769152944239333
2.67058614660358E-05 -0.0165284219171063 -0.00309016754641193 0.0826468388290696
-0.00888418839041974 -0.00704099223246822 0.102251964557614 -0.0580473818075511
-0.00583472485900966 -0.0121076532792612 -0.101944073196813 0.059064762264248
0.000127142057307152 -0.00738532389843444 -0.0292835998671495 -0.0803745249328717
0.0130523429144796 0.00122373837076219 0.16135986017402 -0.10856237864967
-0.00461030280817617 0.0116182124016968 0.250640751715861 0.120638967284647
-0.0239825809064131 0.0078391505508933 0.00202585619216161 0.417660942471518
-0.0298697689420715 -0.0279952281769317 -0.393693266920056 0.286764387808551
-0.0191049831715777 -0.0292088806531522 -0.370601015379636 -0.0883234882274713
-0.0132203608847793 -0.0264110985824119 -0.0864545271564303 -0.00283196854347121
-0.0414990162721846 -0.0108985348650226 0.292298715277101 0.166188583793196
-0.0218121415090606 0.0186633209346948 0.453346512755891 -0.162514079305845
0.0058709736200876 0.0280634958058088 0.0938790761308611 -0.45755215173098
0.0232068274300575 0.0042168555615602 -0.267406696019616 -0.209644631008609
0.0152154965829811 -0.0255301558351152 -0.21297154182607 0.0748157115034794
0.00126623619994681 -0.01486638835821 -0.0043685210181755 0.0832220875121378
-0.0062262245875912 -0.00280244018696757 0.103669026048383 -0.0556679659302453
-0.00376927905208479 -0.00746160766476486 -0.0999467237949661 0.0608863005109457
-7.02839221602674E-05 -0.00445388581063974 -0.0264134387204105 -0.0798290755538502
0.0115222600837168 0.00317788731954599 0.16210292537869 -0.108880227692572
-0.00818451940903845 0.00934236378942315 0.24866527395227 0.123124857381485
-0.0235047057837746 0.00145131070567339 -0.00377218819903612 0.416338408238557
-0.0210479564145162 -0.0337664775427438 -0.40128958516062 0.282552208606817
-0.00597261494876954 -0.0260731138678929 -0.372423730188016 -0.0945878645191886
-0.0012775790205169 -0.0188291551539514 -0.087919233545675 -0.00435336716517471
-0.0285298899689327 -0.00666337747203466 0.290257003371062 0.162710999254541
-0.0122324175828124 0.0146386075197101 0.446070881265137 -0.170237920491785
0.00810130815970255 0.0207885529081796 0.0843914202702399 -0.460060294686596
0.0204704117308961 0.000608702312407637 -0.270767246882078 -0.208735532160492
0.0135992508728461 -0.0244454753674638 -0.213310076038454 0.075365294137127
0.00167125087921599 -0.0120789476600275 -0.00247422709495342 0.0839165447352302
-0.00464353183926309 0.00227808698398543 0.105864684172189 -0.0531253713183358
-0.00176134573733383 -0.00169110319565013 -0.0973020289289609 0.0615413679228353
0.000829097024409284 -0.000758183002659225 -0.0221641480406777 -0.0802972768692108
0.00825299612453749 0.00678120586573739 0.16680754832218 -0.105999213959661
-0.0127865605102719 0.00678419889345253 0.245418202482468 0.129387970701501
-0.0221929992630012 -0.00616223845923572 -0.0165333612406082 0.417614687561092
-0.0100344959741959 -0.0397848794594278 -0.410914211482532 0.271129543271346
0.0080996186690954 -0.0221300203779601 -0.370107016936321 -0.102029019145406
0.0111721588161814 -0.0101272017123362 -0.0839939160534622 -0.00247625337189636
-0.0150242316563711 -0.00136682197127512 0.29430849530903 0.156816154170506
-0.00147785103626488 0.0105880790399548 0.44103608158379 -0.180695448634704
0.0101966716337752 0.0131822677255335 0.0723883324474174 -0.463197727984041
0.0164209244242326 -0.0026109210020738 -0.27646431538098 -0.20316175234161
0.0103833186879298 -0.0221138331947743 -0.211707847551414 0.0779863574343925
0.00081022554903981 -0.00819324063079918 0.000944793399103958 0.0840401770811655
-0.00323790555968318 0.00727624088349766 0.108134973316071 -0.0515542176492877
-0.00123835078089641 0.00230176352921763 -0.096688532341594 0.0614497886087602
-0.000226054751827809 0.00333778858272038 -0.0161904643059665 -0.0811958022894348
0.00449079056172722 0.0110279344046438 0.174183191229549 -0.10080269863981
-0.0167232125791253 0.00555439472792365 0.242584237888746 0.141059459992664
-0.0205305608880996 -0.0119127318189354 -0.0340132791632929 0.419625678392972
8.38663903497184E-05 -0.043678242305723 -0.423491451495098 0.256151416433391
0.019319538949686 -0.017698487732955 -0.363725354794853 -0.111607810014402
0.0199017085314071 -0.00380087567976327 -0.0753527942585252 0.00268983097693556
-0.00458706477856798 0.00254437726949715 0.302812863986191 0.150015673163587
0.00698189856321968 0.00718689626528652 0.434120035948952 -0.198594037958036
0.0125465411086911 0.00746507938908532 0.0540132985095903 -0.463554536423699
0.0121809896706305 -0.00455667080831155 -0.281684705852459 -0.1919682390525
0.00699225585371069 -0.0192607124501694 -0.205902358267936 0.0827992577338636
-0.00133450659497576 -0.00411351457676531 0.00586380590997419 0.0839296511612452
-0.0029133603119757 0.0115555467690383 0.10979800310254 -0.0514560949524353
-0.0148651318846041 -0.0192424714979178 -0.105437991288885 0.0498915265068253
-0.0069537893424492 -0.00458808027466467 -0.0171224645084779 -0.0848170390617595
0.00628537669590747 0.00919388967014754 0.183169929388136 -0.0941173277215052
-0.00607475989586067 0.0237085240731116 0.253708951577275 0.154296090636804
-0.0240381965606339 0.0168200303561806 -0.0291870334983227 0.428981015187505
-0.0351238873925469 -0.0210344364345154 -0.406603945641658 0.249286300520053
-0.035223427753752 -0.0312459605514317 -0.334829844594031 -0.101034211394168
-0.0325182346688434 -0.0351443436289887 -0.0491854648440578 0.0267984998586364
-0.0587262639515467 -0.0100554933910744 0.334626794702605 0.156922205395944
-0.0268942858627544 0.0300099647607893 0.44519288963145 -0.207292873445618
0.0106520048559312 0.0373309809792636 0.052176777446652 -0.453513829518399
0.0235553393523007 0.00982028773894986 -0.271865440799637 -0.170171391053058
0.00567181606800015 -0.0206775691158478 -0.189123829800564 0.0936984882911027
-0.00802920866021017 -0.0119216383906449 0.0106269115971024 0.0794201101805827
-0.0150030493150339 -0.00854786572358573 0.0989475793341085 -0.066167574592917
-0.0130141149253365 -0.0202811703088709 -0.105458982320437 0.0521971321923845
-0.00569779072384944 -0.00776814005111998 -0.0230396601141078 -0.0829879468258206
0.00957951916912105 0.00492583316163294 0.174559453848015 -0.0997022118356509
-0.00343552501202463 0.0219217971578653 0.255160069305977 0.141254952036873
-0.0241253338079926 0.0184796345663384 -0.0131065770874589 0.425219100314602
-0.0395247329158778 -0.0192838416836543 -0.397345851585724 0.264890899357485
-0.0383824679716479 -0.0324734257848647 -0.345739557664713 -0.0939893476393237
-0.0344787043368756 -0.0372084034089247 -0.060198065835641 0.0187264567160593
-0.0619811825810709 -0.0135298910270624 0.321554658973432 0.162528228186107
-0.0318429980134535 0.0289448141688269 0.451199758793992 -0.189291470988689
0.00792180693215133 0.0392781986085372 0.0694250270455725 -0.454001783502363
0.0257681831930277 0.0100059585090158 -0.269130806565902 -0.183502328560108
0.00985045744956431 -0.0233361237205035 -0.19646451792911 0.0884976260915713
-0.00550411391607283 -0.0148499058219461 0.00468467086414394 0.0799946125551821
-0.0135344792675774 -0.00969489703839853 0.0990927228377498 -0.0643047490467618
-0.010766333141673 -0.0196428876661851 -0.104824332955402 0.0541556786371009
-0.00301034593825865 -0.00914993671485177 -0.0274816727568274 -0.082425849666704
0.0122967382092128 0.00223235162475362 0.167621153527709 -0.104604173193995
-0.00144523257528453 0.0193454681831373 0.255264627741031 0.13030479300038
-0.0245038408034191 0.0171378525044231 -0.00108973033458227 0.422401075157715
-0.0396953310238211 -0.0197429986468829 -0.391500764684397 0.277473972155501
-0.0371283585565373 -0.0323477795075409 -0.35587829056468 -0.087503100908548
-0.0313679218076676 -0.0364004142413211 -0.0717908860059304 0.00973809201558848
-0.0595828182851296 -0.0145923889059543 0.309540140119033 0.166490121816286
-0.031994919352768 0.0268777901523966 0.454392886724731 -0.175878680207027
0.00615234019230074 0.0380574279343338 0.0819405723467008 -0.454843257349236
0.026591482545624 0.00917268139235366 -0.267558645939924 -0.195300911965066
0.013062601981696 -0.0252350924648889 -0.203680162180249 0.0828102416976862
-0.00257142311765779 -0.0165121647403454 -0.00048506136406355 0.081897088879712
-0.0114335215662579 -0.00957242613101012 0.100162254617685 -0.0607246498291622
-0.00843187816018739 -0.0166024567470471 -0.103798251236529 0.0566525896126685
-0.00163641219902205 -0.0094257264620737 -0.0297689099630621 -0.0811076714203601
0.0131969763933982 0.000916225430900414 0.162111222589056 -0.108161259522068
-0.00232811848707731 0.0154488203607626 0.252598872101131 0.12313566929704
-0.0239253127488631 0.0138469168411116 0.00637510058434252 0.418526762410578
-0.0361206056341588 -0.0229599750207627 -0.390138337073942 0.285768293452335
-0.030222838355531 -0.0310909699969333 -0.364877190384282 -0.0864519607833728
-0.0235944966806537 -0.0321902295823351 -0.0807725112668429 0.00227080567370257
-0.0520688812331692 -0.013782492785152 0.298684855659665 0.166864413405118
-0.02897103037858 0.0228448359387616 0.453580061920461 -0.166643567191492
0.00543148551593626 0.0343822053335492 0.0904862816509482 -0.455543745375799
0.0259164770406031 0.00696213786288001 -0.266578717732952 -0.20429152854919
0.0148245312767251 -0.0258186929621844 -0.208798576240874 0.0786805530524345
-7.67484077761958E-05 -0.0162340593306186 -0.00328061761968404 0.0826717411118041
-0.00921124696001091 -0.00631549017265187 0.101732452161173 -0.0581485139601273
-0.0055640507036019 -0.0122574982999936 -0.101684295379698 0.0588026692560418
-0.000414576674112196 -0.00731505648125415 -0.029448732634884 -0.0799471589499008
0.013091291137372 0.00115789430716402 0.16025597339234 -0.109132404995032
-0.00464877123023724 0.0122389181651208 0.251272199383585 0.120108305356723
-0.0237099017454193 0.00755842355861483 0.00441508796418586 0.41594909323411
-0.0299687582358645 -0.0274993763931286 -0.391824809816218 0.288304435945711
-0.0188931416860646 -0.0287595856470052 -0.37111461922211 -0.0874247145373661
-0.0135683136050723 -0.0258299777245106 -0.0863885182301442 -0.00200395349122227
-0.0412961788945436 -0.0104647428061555 0.292787561247724 0.165270264798089
-0.0217314623375425 0.0187654790820243 0.451358353013616 -0.164620828336799
0.00614599195847985 0.0280846524535527 0.0908472092324129 -0.45724357008066
0.0238457672939113 0.00403821155505193 -0.267844660818199 -0.208387792864348
0.0151232560418998 -0.0258716773581525 -0.212796926735627 0.0761077155326014
0.00137317076993957 -0.0148202555677898 -0.00420489766170077 0.0835443353867199
-0.00619925655512192 -0.00231556064851464 0.103727406176055 -0.0555153245239645
-0.00344160532163095 -0.00730018443444638 -0.0993661003287377 0.0602723329231084
0.000455384416115939 -0.00400869957501455 -0.0266753605617338 -0.0798583821090495
0.0119031633133383 0.003409377381128 0.161576206923933 -0.109426778858726
-0.00839017008146162 0.00925739085789581 0.248853567090152 0.122232530812312
-0.0234241384964027 0.00124415080906425 -0.00283592745006184 0.416696966762408
-0.0210925684157801 -0.0335545649706962 -0.400658230658416 0.283638091759551
-0.00625007500056207 -0.0254562591662492 -0.373299214797913 -0.0930107794493118
-0.00139789414345099 -0.0183789725414633 -0.0873560209785992 -0.00378909884382071
-0.028875833996709 -0.00642991529817956 0.291315615841437 0.161455918017167
-0.0123257656733261 0.0147200085927547 0.446189503662139 -0.17049135408605
0.00807363994199797 0.0212282953940904 0.0822880512550011 -0.460890987580258
0.0205743793198884 0.00066492008933331 -0.272741975665962 -0.207867084088445
0.0132743414989522 -0.0248328239132688 -0.213528742947634 0.077052261001174
0.00120597949130612 -0.0116856087341556 -0.00276241578213592 0.0840622632491708
-0.0041009555078049 0.00172289067306944 0.105538274495698 -0.053211722546339
-0.00134985569404557 -0.00181959460378237 -0.097598672778776 0.0612582981438874
0.000659348250216643 0.000143864459179455 -0.0225975095289623 -0.0803148366562121
0.00849469367762091 0.00720010536598556 0.165915300702821 -0.106700237839227
-0.0124292961072291 0.00719815007209695 0.246114570338027 0.128159721915152
-0.0220542702747249 -0.0062055867992433 -0.0145436256699104 0.417789950261811
-0.0102502787104864 -0.0392358920096995 -0.409400510485344 0.272050261955498
0.00818979507991478 -0.02157929690128 -0.370211028296723 -0.100951792231574
0.0111991377624639 -0.00997646958995259 -0.0838132438247508 -0.00221771731619611
-0.0151835756505189 -0.00122910806289551 0.294006638981363 0.15563484139159
-0.00119757839922525 0.0105062925556864 0.439574253958893 -0.183003771372456
0.0103540350860501 0.0128860199015417 0.0698514917809015 -0.462169761934906
0.016498068753383 -0.00276579758347772 -0.277287356872225 -0.202204137570973
0.0103054390802203 -0.022329115810447 -0.211224484016803 0.0791362797850532
0.000654113952381688 -0.00803312914621854 0.00089098028080908 0.084283064785777
-0.00301097808227723 0.00728773779815035 0.107914354647754 -0.0514185405165427
-0.000967148671141024 0.00235937757476217 -0.0963009591375822 0.0608321480599298
-0.000392864741318499 0.003787058643699 -0.0167667274552836 -0.0816981075164426
0.00451767554891129 0.0110951138254111 0.173345452523692 -0.101945875829869
-0.0168433278679443 0.00569308517388366 0.243309551257207 0.139690520402774
-0.0207845680710878 -0.012461781622346 -0.033682596338649 0.421297115099711
-2.32626224361378E-05 -0.043586575870478 -0.42201832906654 0.257567756864003
0.0194028653269151 -0.0176738234603708 -0.363344796500374 -0.111414919156731
0.020098836827873 -0.00367366585899021 -0.0755556128826524 0.00298277215438673
-0.00467530906214484 0.00251619219963631 0.303125772285704 0.14873919382975
0.00727705397417046 0.00703599820861071 0.432912261114188 -0.200715538931667
0.0127150934284572 0.00719682291080437 0.0504621442735741 -0.463280746205663
0.012904766393991 -0.00457179847901804 -0.282353575719946 -0.190319711700305
0.00694520708590364 -0.0191697098179747 -0.205021108535397 0.0850884534054387
-0.0012676587731447 -0.00367261973910062 0.0064453013248469 0.0842423407491943
-0.00305090896381455 0.0114358813591845 0.109339990061002 -0.0517077866769115
-0.0143697070744124 -0.0196188799127235 -0.105162941207274 0.0497691035846115
-0.00670755069267933 -0.00415115449861988 -0.0180149653957804 -0.0852191084303845
0.00652412311823231 0.00952660940562423 0.183193495065764 -0.0947088409342119
-0.00627423838046196 0.0238031866480693 0.255135199646712 0.153621387586398
-0.023497146888661 0.0168578114011848 -0.028867604071864 0.428393872679627
-0.0347694130404082 -0.0206254512585789 -0.406006666358256 0.250244498356695
-0.035115278399807 -0.0312870545908729 -0.335439335167951 -0.0999236876927605
-0.0327497297169611 -0.0346945907145331 -0.0488722943007982 0.0269847036154563
-0.0587202764625448 -0.00983736954505861 0.335029093898531 0.155613958532982
-0.0272145617062441 0.0301356414060878 0.445177473332186 -0.207456173250355
0.0105402449237842 0.0373807820143662 0.0494907460530004 -0.455064360010912
0.0235285831693409 0.00945733764749023 -0.272843904022348 -0.169370751650993
0.00560093399643907 -0.0206403206334992 -0.188525027603959 0.0954037371290109
-0.00831485538407388 -0.0122893226886626 0.00998657957820008 0.0794912775575973
-0.0145987486779614 -0.00805792342569283 0.0987007237571972 -0.0663543184083256
-0.0128849591568943 -0.0202752564386039 -0.105291127618608 0.0515358208035304
-0.0052556034237424 -0.00686914881806607 -0.0236059076754151 -0.0837280378017498
0.0100963349917663 0.00536032531858552 0.17452526448425 -0.100595813238273
-0.00297145766798048 0.022064227821217 0.25527780837463 0.140864510857997
-0.0241268694959957 0.0184716146559955 -0.0120759470400309 0.426518854056388
-0.0395421250667006 -0.019491877881597 -0.39619598286287 0.266018284867439
-0.0387937658641812 -0.032160100551072 -0.346016102017643 -0.0933428497533469
-0.0348238183128319 -0.0371871726936516 -0.0603948753114043 0.0190558182164756
-0.062091069647763 -0.0133052439212035 0.322745424524282 0.161606702509024
-0.0315206591081191 0.0296708340915821 0.450314103651452 -0.191183735985593
0.00826718985348262 0.0391629726711822 0.0673606959646665 -0.455328460387758
0.0260096758909294 0.0098179864381473 -0.270278840071717 -0.182314782058152
0.00945950366412231 -0.0237246933312408 -0.196605344826978 0.0894200118525103
-0.00564925718868405 -0.0146711188917962 0.00483116128823332 0.0804715587752322
-0.0134154970606798 -0.00988143205938908 0.098618744764153 -0.0645885694008353
-0.0108849082529564 -0.0194454853679171 -0.104565680312852 0.0538510826279245
-0.00348700414926328 -0.00881492199470248 -0.0277997004839878 -0.0826619451015235
0.012154105749353 0.00218941120939081 0.167515056944393 -0.105379533259084
-0.00166427411775267 0.0192692436635413 0.255688905753742 0.12993897872047
-0.0244850673790299 0.01697720014707 0.000333291855001946 0.423661163103995
-0.0398375504998333 -0.0196198578527133 -0.391263921277581 0.277971973017864
-0.036774531376585 -0.0314809782452172 -0.356664357747358 -0.0876494812040139
-0.0314878056262026 -0.03617867147746 -0.071891995353752 0.0107168679976316
-0.0593609617766107 -0.0140914772792902 0.310374551114248 0.16516819403935
-0.0323618012044923 0.0267328292231107 0.453124886077322 -0.177029280425547
0.00663071433945898 0.0380725580025457 0.0810894542213113 -0.456558346703338
0.0270310924780276 0.00904757877180569 -0.268989628654888 -0.194856907120106
0.0130843655252972 -0.0256839421164219 -0.203766137154724 0.0838993682308785
-0.00254898919389839 -0.0165278245091496 -0.000473549085642327 0.0819756221777161
-0.0115975086595627 -0.0092696345850755 0.0998168714863923 -0.0608694650697386
-0.00864538746396341 -0.0168917178040879 -0.103521313246017 0.0561612617662839
-0.00130286177815054 -0.00848894431040024 -0.030146329077246 -0.0813688367533021
0.0133668553106758 0.000894105884162433 0.162083735926961 -0.10861849472995
-0.00260535396006642 0.0158331514642812 0.254218507395478 0.122741179774419
-0.0243303794011976 0.0134733285288977 0.00631988935450776 0.41979211324661
-0.0364184295165592 -0.0228420026559898 -0.389580950173697 0.285561051221855
-0.0302621742194514 -0.0296849359053081 -0.365579606701841 -0.0855293239768827
-0.0238365707879972 -0.0318196812012705 -0.081045406932233 0.00298343304315859
-0.0522650946519847 -0.0131626868859389 0.299625972631144 0.166776930061759
-0.0288252154312025 0.0232834581576415 0.453606430059724 -0.167409002875147
0.00523388431208133 0.0340141701533195 0.0879975284608028 -0.456493774598418
0.0263931752902962 0.00702972371362989 -0.268405018796154 -0.203630013714789
0.0144256147830104 -0.0261457895561209 -0.209020164750504 0.0798196831337303
-7.15118420664255E-05 -0.0167473693696873 -0.0031771121123925 0.0831590008027055
-0.00882080206500663 -0.00642761303686913 0.10143725290744 -0.0578926132413449
-0.00560464205034336 -0.0123786978133325 -0.10157728388002 0.0588919454392876
-0.000445524714134068 -0.00710899821126011 -0.0300241185298462 -0.0805544158058969
0.0128765823852108 0.00130622406902131 0.159548226420802 -0.110166435490221
-0.00503145336721311 0.0122554979182919 0.252333399254025 0.119116102108409
-0.0237666501698155 0.00770793118173246 0.00562230833235125 0.418099009905933
-0.0297560649027037 -0.0275287341163682 -0.391476526037288 0.288910708688281
-0.0195606533844516 -0.0287172620182657 -0.371910616851715 -0.0867738486225942
-0.0133990864861608 -0.0261508619786003 -0.0868313053622271 -0.00210494514160845
-0.0416717479419686 -0.0103850792135307 0.29332428836848 0.164600729227559
-0.0216089985802411 0.0187496984684689 0.451094954344684 -0.166811541324684
0.00602650137769099 0.0283279638785501 0.0888049778754571 -0.457923113641779
0.0236950868798629 0.00424523935806021 -0.269505050652369 -0.207410497435754
0.0144586588685423 -0.0262049422037418 -0.212837901867303 0.077800703545988
0.00109325418487815 -0.0148361798993453 -0.00459858297245409 0.0838441955824664
-0.00618007549290183 -0.00246042617354463 0.10346665911795 -0.0551362208903221
-0.00385449724348933 -0.00761229613815195 -0.0989569729943385 0.0602652582950688
0.0003866692917099 -0.00387915991047518 -0.0272198724817761 -0.0804913276156818
0.0114803015974571 0.00345194150898077 0.161129198838208 -0.109930656652151
-0.00812048792555937 0.0098274457770273 0.249673447743264 0.121456987314474
-0.023216029774468 0.00122151440795415 -0.00180953347155179 0.417864343441732
-0.0209658548715633 -0.0339772978554336 -0.399887448004297 0.284396416286547
-0.00628805862165757 -0.0254009900906203 -0.37379445695215 -0.0920640333629936
-0.0018956711948147 -0.0183680297204337 -0.0875135691062781 -0.00357956971085189
-0.028878889374999 -0.00611177286781297 0.291606893546455 0.160760107026326
-0.0121003627019535 0.0145381171688243 0.444947007958045 -0.171722485091054
0.00818087370295938 0.020942692783665 0.0811883575829699 -0.459932112081911
0.0203193160911792 0.000507238808868138 -0.274232743541329 -0.20621922376172
0.0130986254506106 -0.024744711399564 -0.212806623161852 0.0780882212676103
0.00129914489501803 -0.0117779836764617 -0.00291841436853171 0.0846151881582832
-0.00441511482216373 0.00235237159926269 0.105487672744275 -0.0528430676423033
-0.00185340020449665 -0.00225349245938772 -0.0970852429340926 0.061239108309285
0.000389592254190725 0.00048049595746805 -0.0225684325854203 -0.0809021436237077
0.00851048618657919 0.00721135175849913 0.165635286905561 -0.107489378704416
-0.0127628683343095 0.00721683352818641 0.24706992847508 0.128091898012917
-0.0220887294171726 -0.0062416978835148 -0.0127053628110197 0.419510971815549
-0.0098478069084472 -0.0396022935545697 -0.409210485621875 0.272599561392367
0.00791075887709171 -0.0209657352369655 -0.371167032151639 -0.100901575032879
0.010942316376491 -0.00988223256476974 -0.0838278010764706 -0.00214763368651408
-0.0153483020981191 -0.000602308065069324 0.295380177159916 0.155066442592929
-0.00139602594486 0.0100140831547212 0.439068205553261 -0.183669702770985
0.010567454489786 0.0130569249893581 0.0678648955369864 -0.462272652342032
0.0163624585571191 -0.00269475050372111 -0.278517552467333 -0.201650944858808
0.0098257036192804 -0.0226108644742532 -0.211570810034928 0.0807565333080507
0.000281777040650598 -0.00773623201442198 0.000565028313270283 0.0849580519707494
-0.00293410986799335 0.00752909648593654 0.107686164705919 -0.0515091228584043
-0.00119405642880787 0.00169592710803287 -0.0963760695804588 0.0609700686612473
-0.000595814371279803 0.00430889873342793 -0.0166422028588333 -0.0819170133552655
0.00402132802430495 0.0114005056857384 0.173260331202881 -0.10225998482862
-0.0174266960172871 0.00634538514182436 0.2439270794937 0.139204825242098
-0.0205895043788511 -0.0122753404011011 -0.0317807387098683 0.420897206516854
-0.000230619421073624 -0.0434992281652021 -0.42147374343422 0.257837552143321
0.0190982981979613 -0.0173801714157637 -0.364521845158673 -0.11045960280358
0.0202837582427335 -0.00341196537122856 -0.0758810578355708 0.0032062693834312
-0.00490992094840897 0.00304971645486032 0.304045270901629 0.147643111822901
0.0071110678446248 0.00697637454524848 0.431279788826221 -0.201572409484101
0.0127208341720078 0.0070742684047925 0.0490476961579937 -0.463797352120397
0.0126557415200645 -0.00510013776458377 -0.283750806259168 -0.189315771430395
0.00646230025011695 -0.0194931277639621 -0.205642499728735 0.0856595410260821
-0.00157116014262498 -0.00371591049058924 0.00582815100308257 0.0848162345614965
-0.00289129474375717 0.0115472745300544 0.108990486974663 -0.05133220126835
-0.014147222313175 -0.0194678291078729 -0.104755725609746 0.0492840433382088
-0.00652125708022039 -0.00359434473657258 -0.017818353441029 -0.0853834053127965
0.00658583779676096 0.00928758689654048 0.182464364741903 -0.0951632943119967
-0.00625613665437579 0.0243233586057904 0.256174837709536 0.153056262776964
-0.0234928101240812 0.0165317314495576 -0.0260426258119326 0.430849865906764
-0.0346617053291115 -0.0207641469970974 -0.406064683555376 0.250960125982428
-0.0351090955944742 -0.0308386826249679 -0.335898386249008 -0.0994410169614653
-0.0329042378046884 -0.0347338993273636 -0.0493183854035873 0.0277676260464861
-0.0590338974984484 -0.00958603376719326 0.335223682277605 0.155309908441331
-0.0271826687178131 0.0301968301656609 0.445096246786182 -0.208507217993082
0.0112050338380041 0.0369852446257977 0.0481566027060895 -0.455658376820483
0.0241052817575751 0.00968155115445454 -0.273682483943477 -0.168745064915123
0.00533192131403021 -0.0205843286474488 -0.189258672017926 0.0962591398026442
-0.00841940079260948 -0.0122544327931018 0.00930757731151385 0.0799376751709658
-0.0149009026797312 -0.00829504977575741 0.0979520083595918 -0.0657723071888798
-0.0127889150482977 -0.0210910910625246 -0.105033269518606 0.0515245391366241
-0.00481855761664349 -0.00682892160458458 -0.0240086895110208 -0.0847594549044907
0.00987336138005747 0.00516204240912522 0.174416192256076 -0.101367531940296
-0.00355752827779378 0.0222324888947832 0.257141613315203 0.140345818423943
-0.023601938180981 0.0183845761855045 -0.0109498638342437 0.427842855249462
-0.038969707711747 -0.0190236913792992 -0.397155882736672 0.266139888978471
-0.0384002139617394 -0.0315166281513954 -0.34710734739348 -0.0929814949405383
-0.0344167054144168 -0.0369971480550884 -0.0604691297405709 0.0193517107999752
-0.0617854273479915 -0.0123584532679115 0.323411655663988 0.161624782715668
-0.0317950166590505 0.0294579651664933 0.450001393029827 -0.192640821286999
0.00844742294735359 0.0391226646761823 0.0669588027221449 -0.455537161710655
0.0262653323345195 0.00978970844339436 -0.271847878311651 -0.180927761327538
0.00912343517657356 -0.0239747243048627 -0.196335313533676 0.090691478470257
-0.00535950611114577 -0.0148618472052035 0.00424961347452774 0.0809168373884348
-0.0133698685972056 -0.00963426879005811 0.098514142496294 -0.0644268555060634
-0.0109901435617376 -0.0199581313084951 -0.104291983257073 0.053802260126167
-0.00319424704547314 -0.00818721763473152 -0.0281981291177172 -0.0830034553910646
0.0120571813798223 0.00242862681127701 0.166757367021413 -0.106039428230337
-0.00194364778481114 0.0193160464124962 0.256612388409203 0.129627905030153
-0.0238938311233892 0.0167673085612917 0.00161986795683379 0.423826537069076
-0.039724434939228 -0.0194971175651934 -0.390837545061758 0.278366679506849
-0.0370194909260689 -0.0319090752795064 -0.357543357764388 -0.0872760146798684
-0.0317669431703485 -0.0358664604004842 -0.0723046491675333 0.011125247480722
-0.0596430158989143 -0.0136218629019726 0.311302233258431 0.165093640934166
-0.0323645931201717 0.0267565894342965 0.452492756940683 -0.178593811860589
0.0067116387477433 0.0380177742638462 0.0788580323930627 -0.45673176698756
0.0269727011687289 0.00857333452817365 -0.270092612398937 -0.193348496095075
0.0121925735108004 -0.0255968356046502 -0.204382603655857 0.0849364681808182
-0.00259510362257832 -0.0163417568062858 -0.000305431738418649 0.0823790335840414
-0.0112188855661014 -0.0092333312521207 0.099287054064027 -0.0611670340532996
-0.00854556519600592 -0.0170086353607874 -0.103189572964592 0.0562168660983239
-0.00130177090636134 -0.00822901109023846 -0.0309578292995206 -0.0824184265757734
0.0133162025847773 0.00115955778144077 0.161768414204736 -0.109707962506583
-0.00245136835604516 0.0157511164005085 0.254730944399661 0.122251716587811
-0.0239801480588735 0.0132134307389927 0.00761918121060622 0.42060094393462
-0.0363159760324519 -0.0224213788229979 -0.387913963694348 0.287204141223819
-0.0295626012853599 -0.0300093912061662 -0.367142184394989 -0.0848625032062216
-0.0244731955796986 -0.0321014619938189 -0.081539578084111 0.0033516232619917
-0.0522601781836661 -0.012874308338898 0.299575785298786 0.166006545050569
-0.0287320038120722 0.0232242223734747 0.453579097104983 -0.169264183176106
0.00596310207414449 0.034048495643036 0.086730575040072 -0.456687517192874
0.0263151096895365 0.00669997011813495 -0.269093507828701 -0.202748302936898
0.0145154795288562 -0.0263181028079093 -0.209188174178036 0.0809152318339748
-0.000589151887507586 -0.0163205375067982 -0.0031563652745782 0.0836663053633128
-0.00878152799931653 -0.00605837771449666 0.101401535611772 -0.0578535545379071
-0.00569187310453922 -0.0124133652738727 -0.101455953496691 0.058725059675857
-0.000405236341874181 -0.00651603308568323 -0.0305545650549381 -0.0808347606525765
0.0133152468237377 0.00147914761307754 0.159446508325699 -0.110949962163208
-0.00514007319719012 0.0126211712856458 0.252650412805984 0.118881644877394
-0.0233848087068305 0.00742646585467998 0.00645358244351943 0.418598494731587
-0.0297151175893645 -0.0273242754655857 -0.390558941977028 0.288105766514114
-0.0190435525456685 -0.0274258684791635 -0.371987338925248 -0.0880205689092622
-0.013728480589208 -0.0256242825735964 -0.0868113811912231 -0.00125429016587571
-0.0415819385545139 -0.00967229449946864 0.294594271726132 0.16444653104082
-0.0219192494807852 0.0188578029537449 0.449810030368236 -0.167196809650971
0.0067068101222797 0.0282279338753591 0.0873837672021128 -0.458793801317846
0.0236763611702801 0.00399563077485925 -0.271382582270807 -0.206817061724814
0.0143259809202365 -0.0261638311922724 -0.212764485287684 0.0790814314232904
0.000499211645492311 -0.0148881639282584 -0.00426557929691217 0.0847396646621623
-0.00623533329559679 -0.00245075887138466 0.102930739606798 -0.0553229709147177
-0.00306642413983243 -0.00817799842783091 -0.0989560473919655 0.0604142205910039
0.000291591004169963 -0.00356037456115119 -0.0278878637125778 -0.0804804616983042
0.0111571222889382 0.00386977668659583 0.160776842941759 -0.110463508471573
-0.00824564451662194 0.00953972444101517 0.250189735343915 0.120745975637228
-0.0228479007147413 0.000963240195215501 -0.000206450421399845 0.419097475878208
-0.0205853361756585 -0.0331755466235148 -0.399646519626601 0.283864393170046
-0.00595561995996828 -0.0250938829522516 -0.374107502653494 -0.0908183399416677
-0.00150975060297124 -0.018323129278778 -0.0878383090760689 -0.00324438706623499
-0.0287241147270967 -0.00524409389061268 0.29258542391516 0.159941208234089
-0.0122108766207161 0.0143276026811245 0.443734978416105 -0.173541276268745
0.00808758373184077 0.0208940379889008 0.0796119547790663 -0.460529775301964
0.0206233252928493 0.00077247200483235 -0.274173944159943 -0.205702533653545
0.0127069052722964 -0.0251417263849019 -0.213145819725115 0.0795826453168272
0.000851643700168236 -0.0116210891520376 -0.00299782670885767 0.0852630913699427
-0.00391464114726711 0.00216479161942598 0.105133343233502 -0.0527904005327021
-0.0016360738958912 -0.00246642053070175 -0.0969110788344167 0.061211209189357
0.000764682674286437 0.00133038959046525 -0.0231376670306148 -0.0812922102651415
0.00849746919359278 0.00732043831491897 0.165294604109456 -0.107823587401506
-0.0129431567390341 0.00759931348408909 0.2480362549977 0.127485655699038
-0.0219543330574733 -0.00651805967443279 -0.0123513558209744 0.419861930255453
-0.00976633504718237 -0.039279468818941 -0.408566172581085 0.273850762642243
0.00775085869881784 -0.0209547852414267 -0.371619875297604 -0.100078736138444
0.0110262113735833 -0.00961308171190163 -0.0840266524501238 -0.00167236462689209
-0.0150066279968729 -0.000481745471669104 0.295870513572292 0.154662980432422
-0.00145098255977067 0.0101008453182006 0.438026270793755 -0.184455257129403
0.0108177452319519 0.0128381738780349 0.0658472345742524 -0.463252245221542
0.016454313047336 -0.00280699807046186 -0.279331159370405 -0.200060021618899
0.00991984552845239 -0.0226376150028852 -0.211774362480922 0.0821156998146955
0.00011978931235846 -0.00796680856681015 0.000697238043397076 0.085167253488414
-0.00285633158738363 0.00771502274543154 0.107174903658798 -0.0516524827641571
-0.000908434215883747 0.00212992420036739 -0.0953527777989199 0.0607315437436435
-0.000270674094797028 0.00516474746424263 -0.0173315898690933 -0.0824042476119261
0.00467964448248698 0.011155508610107 0.172600721297879 -0.103360415944963
-0.0170110133436896 0.00637690425016528 0.244317326202984 0.138516871171633
-0.0206925438706244 -0.0122926590774088 -0.0302521152715255 0.423654925077841
-0.000128933477968817 -0.0435000605571461 -0.421106717280337 0.258811795229037
0.0191876357073258 -0.0169628779444225 -0.36421459661144 -0.10996162821963
0.0199448144450035 -0.00348662361893862 -0.0760961507771029 0.00404099565434101
-0.00504834283728896 0.00271232183364212 0.304110188170447 0.148020496339174
0.00719095787114407 0.00732482368585103 0.430888994667321 -0.202619043553635
0.0129221017385094 0.00729040042852475 0.0458336042094137 -0.4648333102592
0.0125454240822666 -0.0045730586407888 -0.285258588591612 -0.188922342601023
0.00644857452533096 -0.0197603743158371 -0.205546975530875 0.0871785821610335
-0.00185894732478135 -0.00364294313686802 0.00630085802227501 0.0851939967754013
-0.00296382982042183 0.0116917363726434 0.109277692048325 -0.0512150172572608
-0.0144091012095825 -0.0200198796905604 -0.10487341161558 0.0499826626541153
-0.0068096508220588 -0.00315578512947054 -0.0183782974097129 -0.085873193241964
0.00674775740122678 0.00931143687176141 0.182655467147523 -0.0965785101900916
-0.00620946870044319 0.0243634526017379 0.257313303761734 0.152577924715043
-0.0234600138400177 0.0166058973551922 -0.0260536588736297 0.432251576317225
-0.0348642976427923 -0.0208878773758124 -0.406929698234471 0.252555949588938
-0.0351402506353738 -0.0304748868616594 -0.338263753114054 -0.0994629401744938
-0.0327499664368937 -0.0346150828115819 -0.049095573188383 0.0278068357322955
-0.0591007933264025 -0.00901361407652279 0.33673086389343 0.155759514525535
-0.0274470317147901 0.0305894249808336 0.444885611244934 -0.211450535806923
0.0113842120344576 0.0370098648896914 0.046792985769544 -0.455847910321004
0.0241819258636361 0.00949367263808232 -0.275372753738096 -0.16833860585199
0.00512983926965824 -0.0211835335767607 -0.18964948605877 0.0975576272084195
-0.00831573193656844 -0.011706531502172 0.00955264590736801 0.0805086126663602
-0.0146948983396287 -0.00839029548048478 0.0980722423594593 -0.0656097164645423
-0.0128273415883549 -0.0207516332100604 -0.105220819188791 0.0519738236904549
-0.00481343709323136 -0.00629030571301238 -0.0244838518994322 -0.0853575231442676
0.0103256847617634 0.00542296640217358 0.174088539933303 -0.102043311477245
-0.00329979607268691 0.0229373991740378 0.258146756822732 0.139979774139765
-0.0237450422485589 0.0180830465357977 -0.00932173482202981 0.428924143615754
-0.039307957107481 -0.0190182109519186 -0.396650342401973 0.267841179162883
-0.0387202347433942 -0.0310938081057289 -0.348245295694733 -0.092006306440025
-0.0349022004572017 -0.037098631156077 -0.0606935234397709 0.0199682687059423
-0.0619658244449875 -0.0124209458392315 0.325125327561509 0.161286947727897
-0.0320783476868443 0.0295206461414823 0.449767799169092 -0.194100964963805
0.00895467731596147 0.0391129449151199 0.0635785524429154 -0.456743549083385
0.0264454770464159 0.0092427638027241 -0.272994715075651 -0.180838032699755
0.00861646066232997 -0.0238072422587001 -0.196731793365131 0.0920423666405891
-0.00579821015083323 -0.0149300914832387 0.00471023579732934 0.0819764055442882
-0.0136787131229964 -0.00936717725403736 0.0988138189929673 -0.0642860460489239
-0.0106630565593167 -0.0200642911968663 -0.10475125609109 0.0540151404858609
-0.00311267850362168 -0.00777108556949557 -0.02850971225111 -0.0835868871601943
0.0125502869098629 0.00278121345066032 0.166964213266699 -0.107255568637902
-0.00209721246126338 0.0198346160150694 0.258106598780316 0.128612295095349
-0.0239281325558786 0.0170203233884616 0.00288890100783717 0.426371851212211
-0.0396979657055984 -0.0194791185967436 -0.391724752753134 0.279817194028909
-0.0370584513405229 -0.0307221647111822 -0.358832148305458 -0.0861193460098194
-0.0317578697461849 -0.035665281236783 -0.0722973142239854 0.0112294158656734
-0.0597238290550701 -0.013636346773102 0.312314672462331 0.164657243261484
-0.0325583376127392 0.0269913650700819 0.453571581917593 -0.180073403500546
0.00646047335674227 0.0378937053841213 0.0769455373922921 -0.457336781610691
0.0271754940473467 0.00844491828691173 -0.272032389924788 -0.192509661085441
0.0122332328588554 -0.0258968504407495 -0.204278916076336 0.0870261069432491
-0.00280831318160628 -0.0164266102430909 -0.00084209080573364 0.0832727564462924
-0.0113742746510859 -0.00901381522585463 0.0994836601218758 -0.0608758367089758
-0.00860938404292804 -0.0173192119993286 -0.103081095477626 0.056265170404324
-0.000873882517700333 -0.00808511060151776 -0.0313071807894971 -0.0827006911278033
0.013239968835238 0.0011156098979642 0.161229640746845 -0.110054227136346
-0.00302835830223118 0.0162663867242539 0.256727364941733 0.121552491589419
-0.023906084045799 0.0130913477567248 0.00913885676837446 0.422213966093693
-0.0363875024897588 -0.0226505933976836 -0.388642061194442 0.288486671341295
-0.0299931187969912 -0.0295735799532452 -0.367894975726235 -0.0843785808110157
-0.0240290027488461 -0.0320145117652103 -0.0815171014812708 0.0039397055552965
-0.0523097095782063 -0.0126292922602056 0.301103872366179 0.165864265623631
-0.0294097268600282 0.0228796763245223 0.452924536146353 -0.170421780233762
0.00605824766135434 0.0338675715229073 0.0844441704109634 -0.458932640625635
0.0262193032983794 0.00664493687405678 -0.270485003858359 -0.201894100693942
0.0138170696296444 -0.0267518060037632 -0.209905720943061 0.0818882640914643
-0.000801479019882984 -0.0162065287784344 -0.00374850143530269 0.0844400469407503
-0.00906710244802821 -0.00628751197641063 0.101417426534113 -0.0578929667928725
-0.00564378681888074 -0.0131806455332547 -0.100958678496593 0.0586622549923189
0.000234648239757666 -0.00596859781142279 -0.0309001778046208 -0.0819834419557551
0.0128711984310657 0.00164684267989604 0.159468275162746 -0.111705301743991
-0.00460457116712149 0.0128757304888535 0.253612777519951 0.117972136783352
-0.0236038228764892 0.0073777404520322 0.00847597159241433 0.420585165437994
-0.029680887979651 -0.0276033004507743 -0.391104939627495 0.291537930438789
-0.0194140739899563 -0.0278010097163556 -0.374298620106283 -0.0860229132782456
-0.0137423759354422 -0.0254837628155266 -0.0871905700231735 -0.00110464511277553
-0.0412314405315615 -0.00978591466806373 0.295484026164755 0.163893595909744
-0.0217456313988859 0.0189681668794839 0.450485857408722 -0.169487453980591
0.00662479105333121 0.0280489630838955 0.0854727694903052 -0.459948559247503
0.0241530111874155 0.00396143673911491 -0.273477576992537 -0.206511165222802
0.0137108850666235 -0.0265273036332543 -0.213582689383315 0.0798730714158737
0.000554514723041745 -0.0145833258992218 -0.0046812798271745 0.0851051388905937
-0.0061739109644302 -0.00272295261198757 0.10286601504467 -0.0549472279665918
-0.00338447846473772 -0.00784699587024947 -0.0989878871930334 0.0601927277828118
0.000653634988707011 -0.00280595190493388 -0.0285407815253862 -0.0812936913432017
0.0116746727043541 0.00395464867672676 0.16092161308271 -0.111495411197044
-0.00837718341870074 0.0100814790428613 0.251374497197416 0.120197355128389
-0.0231247970731929 0.000434025659970196 0.00141714249850525 0.420307495066738
-0.0208426912545058 -0.0328700379743202 -0.398552986576473 0.286142857796761
-0.00608277494943292 -0.024661264717458 -0.375255140700588 -0.0914977973985418
-0.00172354914576305 -0.0178597684660408 -0.0878580736431538 -0.00240611073674314
-0.0288489849174175 -0.00497134879681202 0.293807587973239 0.159669385334182
-0.0124372817477887 0.0149232514702747 0.445018591530416 -0.17428345389469
0.00864481259310466 0.0208503231145234 0.07737791345987 -0.461978559079856
0.0208706935191068 0.000937348696877168 -0.276271236524969 -0.205500270180799
0.0125462704327351 -0.0253293865769312 -0.214231587422119 0.0808950569849734
0.000769243251389818 -0.0121054868175329 -0.00337507101828743 0.0855850881198209
-0.00437338199609061 0.00236288497389488 0.105395089339444 -0.0526874746545562
-0.00126793381479865 -0.00255083786629544 -0.0970410849454013 0.0610164342244067
0.000649755013745225 0.00124958475854137 -0.0237011845469579 -0.0817500807352408
0.00867680031763676 0.00759900923922338 0.165435455652434 -0.109145068677722
-0.0131281438726697 0.00775662595554271 0.249393406000015 0.127026672137601
-0.02194326351802 -0.00667068975067409 -0.0103874826359204 0.422841569687236
-0.00964632160889555 -0.0389904652719905 -0.409603717549772 0.275341402136139
0.00800577611143989 -0.0205487430872963 -0.37404331631944 -0.0998083981031463
0.010644559260869 -0.00947807346145709 -0.0843347178777312 -0.00141454716377944
-0.0153122455850679 -0.000537742906649116 0.297332032590483 0.154077052307625
-0.00162483374471232 0.0101898833990929 0.438420647918223 -0.186865051344303
0.0109631472478204 0.0130507257835101 0.0646358054332885 -0.465025749542034
0.0161041298404337 -0.00303220030000807 -0.280943082230906 -0.199013575368436
0.00933569022430361 -0.0229347123974425 -0.21174821083071 0.0835414450278806
-0.000211254630352975 -0.00740543451972373 0.000116703039555992 0.0858262786831247
-0.00289113588124968 0.00733171871907405 0.107305915480326 -0.0512679447114622
-0.000690763810157172 0.00165883624813869 -0.095613590652008 0.0607700238951952
-6.7534139006507E-06 0.00488342572778001 -0.0178593871389083 -0.083150826718932
0.00437787122501788 0.0115003120410743 0.17279987929186 -0.103860029201427
-0.017747111353387 0.00680263038116247 0.24687709756053 0.138433971684848
-0.0203118294226356 -0.01268834994257 -0.0287280791448097 0.425062961933589
3.46786545151632E-05 -0.0433732859626701 -0.421082172761939 0.261014575030166
0.0188366171235144 -0.0169229751995075 -0.365082977192628 -0.109129981152804
0.02003379319551 -0.00309474697582949 -0.0761266105435679 0.00445036027060018
-0.00514628589961339 0.00327990324439282 0.305701508711895 0.147338236262948
0.00692495839812923 0.00738872514398699 0.430900457535901 -0.20403752469698
0.0128483128807026 0.00679315094827785 0.0440481718628316 -0.464721096167575
0.0125944823744506 -0.00490162142768226 -0.286441892920745 -0.188535784039093
0.0059978111576964 -0.0198176320029021 -0.205510350537259 0.0887850004243254
-0.00190551610729033 -0.00401782023696075 0.00567183757771166 0.0858536951601165
-0.00319372564721675 0.0116450509078928 0.109029571841578 -0.0508988882371656
-0.0143613034391933 -0.0198267927180135 -0.105091263486426 0.0496397229876076
-0.00641348396337784 -0.00298101811604262 -0.0192166116897334 -0.087169880766806
0.00697237037520966 0.00972582552402636 0.183350666030286 -0.0966317235309997
-0.00612193908431464 0.0245296193251239 0.259338627215836 0.152215793236746
-0.0234580593165221 0.0161315062006057 -0.0237180244883665 0.434848585010752
-0.0352665945930177 -0.0207088348958451 -0.406009196742728 0.255423575004205
-0.0352635819661556 -0.0299660706101416 -0.339058077200455 -0.0989279706325967
-0.0331965622816749 -0.03466884509301 -0.0498368405816735 0.0281673871857071
-0.0596265238292593 -0.00885065224089124 0.338536753062592 0.154810365647262
-0.0271184125648167 0.0308140318093774 0.445628889220297 -0.213210925049164
0.0117024666487969 0.0369912910554568 0.0432729363807313 -0.458399148569348
0.0245233602121079 0.00932535842980289 -0.277718381623417 -0.166762988717353
0.0044741595918646 -0.0214259714370113 -0.18989991105351 0.0987084383189958
-0.00828883700499377 -0.0121118083235786 0.00990031242313867 0.081061597493141
-0.014917031824317 -0.00796948225683093 0.0983211954459937 -0.0656456649438311
-0.0127484096023153 -0.0208861719084818 -0.104849894301426 0.051976917435769
-0.00430590799971894 -0.00602832692557994 -0.0250846957975667 -0.0857714396822002
0.0102211685427385 0.00563555745754269 0.174008921668623 -0.102784956573071
-0.00312938906999555 0.0224363883965984 0.260115644714152 0.139098969064446
-0.023811429628515 0.0182682417864353 -0.00753423475826473 0.43135450354807
-0.0391344938618673 -0.0191571638846742 -0.397778942694961 0.27020723208423
-0.0385368047838485 -0.0305699595315495 -0.349186424849471 -0.0916477217946427
-0.0350553127846086 -0.0365915868851314 -0.0612939283565174 0.0202134027327143
-0.0626559891265936 -0.0116193674710281 0.326807871557953 0.160341669402443
-0.0319704510251487 0.0297902013899699 0.449963860240373 -0.195490628608061
0.0090888509939528 0.0390039451389054 0.0616316898119485 -0.459009580197647
0.0263786521621398 0.00978831691026357 -0.275367531443608 -0.180103968211699
0.00869739850679473 -0.0241874218333584 -0.196953344774544 0.0935858040585789
-0.00563675066850691 -0.0148554875924229 0.00448839119456148 0.0821649401439299
-0.013574721164606 -0.00973367773878652 0.0986047783896978 -0.0644009242137288
-0.0113529366952726 -0.020581820287505 -0.10445322723352 0.0541875553781492
-0.00244969137594704 -0.00782198046343079 -0.029854317935506 -0.0843602912626786
0.0129307786031052 0.00235478193591098 0.167142604333453 -0.107946683194509
-0.00161910060599253 0.0200509020501709 0.259978104307365 0.128122798166235
-0.0239254457731745 0.0169342450479969 0.00527099029431992 0.428356116156195
-0.0398793953937683 -0.019243773076989 -0.39208672934776 0.282281710593645
-0.0368962625062044 -0.0302874251620881 -0.359580743663898 -0.0855278799671704
-0.0317704722760781 -0.0359602103160063 -0.0726885135822237 0.0118742512384429
-0.0598401723076248 -0.0130236266272211 0.313665159634542 0.164535168825779
-0.0328712166403456 0.0273987126343035 0.453488165787306 -0.18151371913979
0.00697238311098015 0.0383381342299281 0.0757474614333045 -0.45881183701361
0.0277036327519524 0.00883826635560367 -0.273676534532474 -0.19267458626727
0.0114636111443081 -0.0260362833891771 -0.205218403810244 0.0884636575694149
-0.0032462140805636 -0.0163595768665392 -0.000410668715305458 0.0839445178584874
-0.0116127752062904 -0.0091312782813514 0.0996929456201859 -0.0606897966346792
-0.0084724852017345 -0.0172701071790569 -0.10354037493031 0.0562629960474924
-0.00124351664023523 -0.00754133354070631 -0.0317630200660529 -0.082763518017575
0.0136908807619024 0.00127178334496616 0.161501201401473 -0.111482250486206
-0.00253452652183135 0.0167058563334912 0.257972843964226 0.120453975930089
-0.0235354972414286 0.012940329317253 0.0114377935847333 0.424581894249098
-0.0362279754422914 -0.0224686435445971 -0.390230759027998 0.291117168325753
-0.0299422875732481 -0.0290471163917651 -0.368902033587554 -0.0837936186552888
-0.0239513054724046 -0.0316045979352998 -0.0818846464278761 0.00468702001217144
-0.052642760230735 -0.0122289802742638 0.302652599911034 0.165315912226183
-0.0288837384916574 0.023282797135888 0.452956015567594 -0.172549497242378
0.00591171413628069 0.0338936962517071 0.0832431283182558 -0.460001150201068
0.0267154664629963 0.00689726223078218 -0.272988761428596 -0.201898679825331
0.0138571484644441 -0.0267299190246861 -0.210145806673151 0.0835084514073438
-0.000885692561576929 -0.0163350001144823 -0.00362330605339812 0.085432816414161
-0.00857780090180011 -0.00624220674355911 0.101344492580678 -0.0577594655814368
-0.00567373552376847 -0.0137126723256041 -0.101452365257236 0.0589969965215551
0.000563414294856034 -0.00565020980126996 -0.0314540813647756 -0.0822544689109263
0.0132548081928053 0.00152078249141868 0.159483521314172 -0.112659730620924
-0.00456543776317093 0.0132823979738117 0.255725826981801 0.117444335389027
-0.023704065919652 0.00710514193120117 0.0104429092711678 0.423679549578504
-0.0298837212421947 -0.0272325235073298 -0.390796933532527 0.292589374868277
-0.0194659846832599 -0.0270670501013846 -0.375072993475655 -0.0857292024018433
-0.013683304792169 -0.0255977367076552 -0.0875242022760324 -0.000977347741479747
-0.0420848866025373 -0.00911793343310641 0.296600067955849 0.163391669754442
-0.0220988859458701 0.0188280976344588 0.451060611042943 -0.170575648420591
0.0064954860075427 0.028095774672438 0.0821472399721558 -0.462393856255433
0.024119321880556 0.0036397651099559 -0.274653432667069 -0.206243686122457
0.013483371930105 -0.0265942378735734 -0.213966978831253 0.0815060152882788
0.000447257296736174 -0.0148381041615994 -0.00458627150025267 0.0860111361898007
-0.00623899167104597 -0.00239705681289651 0.102802985255596 -0.0546407335466106
-0.00314183072077053 -0.00849270287048519 -0.0993072297886413 0.0606193734884667
0.000944468547156989 -0.00250832877854996 -0.0289278508434479 -0.0818754118891922
0.01154764164197 0.00406980296584405 0.160873295716311 -0.112081815268365
-0.00859552718529883 0.0102601166966701 0.252931956226368 0.120070623602643
-0.0228689917765762 0.000434217804206542 0.00235609103323575 0.423839348701501
-0.0210150453761355 -0.0332187853224851 -0.399505972466728 0.288617418757495
-0.00624877800003988 -0.0239265209788969 -0.377340531844021 -0.0904692965625535
-0.00143254289826143 -0.0182476689196491 -0.088200184808162 -0.00235993752051214
-0.0289414484480762 -0.00503381174234616 0.295478336879902 0.160224379256827
-0.0127419858909318 0.0147398637429423 0.445312868226531 -0.176405029872912
0.00860260023115531 0.0208874188597967 0.0761262786157407 -0.463745618862725
0.0215108423474187 0.000234992746456606 -0.278657544885244 -0.204941034782719
0.0120445473935089 -0.0256963709039882 -0.214786819609549 0.0827973021245518
0.000648085632839772 -0.0118373961374623 -0.00337028995795186 0.0867889042251021
-0.00420856237282064 0.00240090364019992 0.105286871637164 -0.0531581262798017
-0.00114560291174931 -0.00246288507645831 -0.0966908540474058 0.060975295142951
0.00105011424279078 0.00188798550346831 -0.0244432104175674 -0.0823896018232612
0.00879325186572891 0.00735377907783733 0.165037875347199 -0.109696984272243
-0.0129719264251876 0.00831021838534506 0.250797862136356 0.126641811030016
-0.0217201497577958 -0.00670848493607788 -0.0100312678039212 0.424753057660716
-0.00992746069026373 -0.0393774178147791 -0.409947075877125 0.277522071584677
0.00815476324159487 -0.0202410029210396 -0.375112621408569 -0.0996635608150391
0.0110407595535299 -0.00960796358596165 -0.0845581475902338 -0.0011107173341291
-0.015409848948911 0.000140960593173908 0.298205697453908 0.154510278836523
-0.00125520360626056 0.0105829968174447 0.439947445963259 -0.188890602814778
0.0107964510304559 0.0127026786771811 0.0615127880758917 -0.466105960083123
0.0167425926151517 -0.0025835766605646 -0.283892552166282 -0.198686637032801
0.00922821853334449 -0.0233094510844411 -0.212813862914106 0.0851413540309474
-0.000322779688629339 -0.00798897917120367 0.000437317404252193 0.0869055696694452
-0.00297761156419178 0.00750658320883583 0.107192138298739 -0.0513944458513929
-0.000665544715794898 0.00113673953712519 -0.0957506414984151 0.0610675827384997
9.71444329437464E-05 0.00585193422834449 -0.0187546001470022 -0.0837475025800884
0.00493287056440829 0.0115951575758599 0.172784182123468 -0.105354784996276
-0.017735729918185 0.0068932932800858 0.248378044057514 0.137981604016926
-0.0201602782731552 -0.0127385238934008 -0.0281029147632388 0.426475459240706
-8.11804576641251E-05 -0.0435823370142965 -0.421546646429649 0.262669715888423
0.0193286299594743 -0.0164815494815271 -0.367363833299735 -0.108292122408719
0.0200563162040179 -0.00333081170591675 -0.0762278944343568 0.00443855974280864
-0.00488749372940299 0.00340002592905387 0.307099066734 0.147415669537784
0.00714751285445467 0.00721460525187323 0.430858139702515 -0.206154249495516
0.0133397193925603 0.00670608686063722 0.0425973673561264 -0.467728072497147
0.0129169047681088 -0.00474193944929765 -0.28837631011883 -0.187264134408362
0.005578471272523 -0.0198504200740322 -0.206290277388233 0.0907970132907816
-0.00217229046524459 -0.00381624730688109 0.00601892681466317 0.086616532006788
-0.00292670854185907 0.0116832796211138 0.109131975775465 -0.0511344993735129
-0.0146595621648632 -0.0204376536245042 -0.105177751983061 0.049659013276417
-0.00605925662712913 -0.00250959925372714 -0.0201890598025047 -0.0872930156924966
0.00735985781954407 0.0096503003339841 0.183492675817806 -0.0985473630504265
-0.00591943858444847 0.0247127156752367 0.26167691685401 0.151855126635684
-0.0233998321715979 0.0161192208665946 -0.0223999751615191 0.437093665049547
-0.0355932517394254 -0.0209839375651989 -0.407408348580726 0.257571501033727
-0.0356538088666306 -0.0297939077169754 -0.341436258633633 -0.0982776934353636
-0.0333619922692173 -0.0348264923735777 -0.0501335216184392 0.0290530039721152
-0.0593803994020163 -0.00834826977165384 0.340585660906349 0.15456914808128
-0.0270088416658433 0.031135493738226 0.445851336395699 -0.216116949444139
0.0116278462834989 0.037172973552539 0.0421939505543646 -0.459191847747266
0.0244021085093209 0.00875272688472606 -0.279815560861187 -0.166236752965169
0.00438078603401123 -0.0216075716752792 -0.190247031995526 0.101016226742613
-0.00884132665474423 -0.0120186675247893 0.00996264525477793 0.0822551670515921
-0.0152405243218721 -0.00810591667396954 0.0983129014766403 -0.0658546991299194
-0.0130572904279179 -0.0210608159477274 -0.105328966140937 0.0515660057020153
-0.00406969244531187 -0.0059611516044182 -0.0262240001134748 -0.0860546261103487
0.01058698899205 0.00563435317550099 0.17448267585786 -0.104297909062491
-0.00296508354034676 0.0229715181392965 0.261927806068794 0.138785845496779
-0.0237160690565592 0.0180523488059829 -0.00582652973111192 0.434771463193193
-0.0392668419273395 -0.0188439208350958 -0.398368949499094 0.272669413597006
-0.0393165376670099 -0.0308164275906358 -0.35199050422156 -0.0911216503413817
-0.0353876408048414 -0.0366902217852105 -0.061570793822225 0.0209780851279276
-0.0627750273873606 -0.0114692145696972 0.32867486749429 0.159723774297015
-0.0320427025927328 0.0302379805517961 0.450953412059322 -0.199101549004811
0.00942449405438681 0.0392250791165859 0.0594605342410425 -0.460456897482092
0.0268851324011224 0.00918558469449745 -0.277950656565746 -0.180389855342476
0.0083013051145119 -0.0245331681652369 -0.198134208587155 0.095386879649921
-0.00583283459652426 -0.0149758429464966 0.00442755573017807 0.0831618064872289
-0.0135686957252832 -0.00973381812209718 0.0984859636081028 -0.0643401492693963
-0.0110467603812244 -0.0207395972663576 -0.104869659206929 0.054388338829469
-0.00257053291210709 -0.00737527043529266 -0.0304919357714899 -0.0852378774208455
0.0126378562065181 0.00245869341725371 0.166531063488472 -0.1091642377507
-0.0014916815428969 0.0206176159898123 0.2621968141826 0.127534699210289
-0.0238159264551244 0.0167168342934944 0.00737282747701919 0.431125205749796
-0.0396585793725309 -0.0192427872390624 -0.392221407597666 0.286189444942582
-0.0373343266653121 -0.0302024859122797 -0.36236735501531 -0.0857029836250971
-0.0322743948449043 -0.0353760706431669 -0.0730665520524245 0.0120770549249686
-0.0605179568487986 -0.0128763164528531 0.315957893984684 0.164423693250965
-0.0327122009469119 0.0280438042475461 0.454974701232452 -0.185379239261446
0.00745387394157017 0.0384369840428631 0.0722946737006238 -0.462774750771769
0.0279077317017074 0.00877103643927101 -0.275818594717792 -0.192107520168254
0.0114781031055916 -0.0264042704577859 -0.205509625589742 0.090030933780967
-0.00331053651517161 -0.0164330798343937 -0.000641658274039392 0.0846873453463672
-0.0115891308304367 -0.00893906273390219 0.0994036977021658 -0.0609422570272962
-0.00864654274602527 -0.0177993632407832 -0.103323571049279 0.0566069021162818
-0.000911840093476435 -0.0071228593961514 -0.0326535867995561 -0.0838483039143104
0.0136918140716616 0.00144163928924462 0.161413765629632 -0.113041356840238
-0.00255298995089885 0.0166934107417326 0.259832339581257 0.120516363240653
-0.0235849007471799 0.0126129275621911 0.0123688202511505 0.426652122387567
-0.0362627453027248 -0.0225642428694318 -0.390732234395731 0.292750474589713
-0.0304446448031549 -0.0289884043680835 -0.370619347599242 -0.0831298476846097
-0.0248224143649861 -0.031346827418464 -0.0822253532168838 0.00469142643790814
-0.0526236609368904 -0.0119390042696984 0.305342636464747 0.164992515429927
-0.0292754648522234 0.0236188026498051 0.45392116242533 -0.174967742274219
0.00650547177924798 0.034373563013835 0.0804498141888305 -0.461945371418846
0.0266223067683236 0.00649510611194225 -0.276198032893947 -0.200778519080925
0.0129870317879213 -0.027136728899625 -0.210935588591715 0.0855262727042816
-0.000861689991724532 -0.0164964582486014 -0.00395113210214304 0.0862280048043789
-0.00909975059319604 -0.00668755934607656 0.101064478523976 -0.0575374300960109
-0.00567233102418135 -0.0134000968980122 -0.101320179313589 0.0589082144500606
0.000381280513171243 -0.00548344538175925 -0.0327626270920377 -0.0829764881301112
0.0132433870308025 0.00176546498842368 0.159806005114301 -0.113828756370862
-0.00510417342430354 0.0136729786207813 0.257774925334408 0.117126296567653
-0.0234405011502867 0.0068523545789879 0.0115346190960748 0.42598151544649
-0.0297950866329007 -0.0276648277647 -0.393752365944337 0.296196416096218
-0.0193436442560749 -0.0262379769162845 -0.376219480988751 -0.084808416831121
-0.0138697697460294 -0.0248568588780173 -0.0879826398843502 -0.000532713217670353
-0.0417084346882707 -0.00892320591377683 0.298208656922411 0.163323030027198
-0.0219536741874773 0.019639358683772 0.452033168365803 -0.172462504353208
0.00674360806465309 0.0282339777473366 0.0815541998455789 -0.464736973726498
0.0245266736039032 0.00332279851708557 -0.278436573061531 -0.205176179618727
0.0135961435351155 -0.0272642308364641 -0.215127765212437 0.0838554693474584
0.000387880003062353 -0.0149896832177249 -0.00468790890431734 0.0870236112207864
-0.0060590082269804 -0.00250517945772748 0.103052504307111 -0.0553631267317403
-0.00345942162202691 -0.00853229703680332 -0.0994269744274965 0.0605369177127603
0.00112174774797819 -0.00213955736772253 -0.0300406886572293 -0.0825253436697353
0.0114509277618668 0.00396732001845448 0.16109493110542 -0.113694071376962
-0.00843228921388484 0.0112363020706627 0.255678488976904 0.119641151457056
-0.0230925066307667 0.000865150394594285 0.00425690374505524 0.425435448203756
-0.0206886922465044 -0.0336835369678852 -0.400729729086075 0.291037487405546
-0.00630699554096498 -0.0238147185536387 -0.378331828181351 -0.0905056227897603
-0.00148470364937987 -0.0175286347478085 -0.0886884964115963 -0.00171489591621693
-0.0293146601272787 -0.00381316741779614 0.297503162494036 0.159414380211602
-0.012471759441354 0.0150578245173655 0.446666188972373 -0.178335734224278
0.00894044621508034 0.0211499007424238 0.0726869815537025 -0.466305106629486
0.0215831903066495 0.000248933981663924 -0.281370915486783 -0.20452704539498
0.0120907103400506 -0.0258060504701196 -0.21543139761601 0.0845540273809241
0.000631403005665495 -0.0118311161375115 -0.00318335546826624 0.0874960228795925
-0.00433322101647831 0.00253270952286755 0.105258630284832 -0.0530041842521891
-0.00151194844281365 -0.00286402770622425 -0.0969396257752399 0.0615540870558859
0.00142742361931499 0.00230704674596218 -0.0251888570236365 -0.083242104260014
0.00853655390034865 0.00770568685808924 0.166006357738366 -0.110791517269975
-0.0132802418993594 0.00870464128314497 0.252922974361358 0.126345465330256
-0.0220781298915207 -0.00703731217379446 -0.00860080393683711 0.427297728049336
-0.0100017585977888 -0.039651272080937 -0.41035154097202 0.280403268903329
0.00823261765754052 -0.0202482594647264 -0.376321655345023 -0.0984004884276181
0.0109667759309724 -0.00916933318114732 -0.0851788002035804 -0.000760205899341278
-0.0154424107208928 0.000521722985729903 0.301074124774652 0.15401134474849
-0.00169841267198428 0.0105555288039344 0.439984190973221 -0.191408962124349
0.0107977449052005 0.0129741902271504 0.0588651053196015 -0.468161378964645
0.0168169526159048 -0.00296470838819135 -0.285915863901162 -0.198414546076978
0.00884750884891201 -0.0234886618692189 -0.213637716080594 0.0870902143618658
-0.000604893295953349 -0.00779949140702404 0.000544845706204843 0.0877912494915331
-0.0028132400411528 0.00770954244459663 0.107564873334134 -0.0515668912016263
-0.000615750273679715 0.0014032518868978 -0.0960234477722586 0.0611384346875348
0.000691564710194423 0.00615557151825 -0.0193172575827588 -0.0848089997068436
0.00483777284292668 0.0117684478480633 0.173229253147999 -0.105987016132144
-0.0178080023220444 0.007523192224481 0.250677001841559 0.137706411262965
-0.0202577045256822 -0.0129242489309769 -0.0252597478453185 0.429677520280865
0.000164102434323729 -0.0441518139339003 -0.42334469687647 0.265146416211425
0.019374267471511 -0.0164516717218428 -0.369975011269788 -0.107751466222089
0.0200817677031587 -0.00334834942937502 -0.0766387914914689 0.00505153194289672
-0.00477403869673139 0.00402783627613016 0.309425136288901 0.147166068570497
0.00679504933863655 0.00711247748842966 0.432327247762559 -0.209525597111663
0.013123978568902 0.00675301308402967 0.0398189266374396 -0.469002573475853
0.0128105588089506 -0.00450648642643592 -0.291321757904306 -0.187298426018081
0.005279659595025 -0.020399183360288 -0.207270747789197 0.0923938907304164
-0.00223350128243698 -0.00382024467229705 0.00616592833459394 0.0878728281273584
-0.00271797175005974 0.0115535849447689 0.109503069421445 -0.05120092617561
-0.0148161094054059 -0.0205425245501652 -0.105499754800566 0.0501962876127642
-0.00543256339155723 -0.00224889661387817 -0.0210290502210607 -0.0882034515563712
0.00725362212030747 0.010013228626093 0.184271311982168 -0.0999542158015807
-0.0059656003708505 0.0256283474518028 0.264106992909507 0.151263553885698
-0.023552601907523 0.0163258909509674 -0.0191457166175743 0.441457066789358
-0.0353665402584708 -0.0209802695493011 -0.408839828347113 0.260809322499856
-0.0356368828397263 -0.0290200940614091 -0.343841534689784 -0.0968930017539424
-0.0334319214655496 -0.0344366118465136 -0.0501005323611319 0.0297248886894679
-0.0599700594085045 -0.00805793732231258 0.342902930982126 0.154316399679128
-0.0270867933483491 0.0311807264465302 0.44630072392276 -0.218640805103414
0.0119857733863966 0.0369016785872739 0.0400394665721159 -0.463119048088051
0.025044159084766 0.00922788546075113 -0.282284807058084 -0.165677652197818
0.00420953967436902 -0.0219190669477887 -0.191385872462632 0.102786539694548
-0.00921064110505032 -0.0120897705125407 0.00968075394348603 0.0828982399693304
-0.014884973029095 -0.00826660859425724 0.0982772932770865 -0.0660391951212914
-0.0134350426487198 -0.021662861156892 -0.106049750075905 0.0523402662164839
-0.00355081660462459 -0.00535655849667415 -0.0271681217761918 -0.0872816180696072
0.0109513286066422 0.00564775633130723 0.17466443741326 -0.105882532130659
-0.00302256475080947 0.0234063529444425 0.264362324067209 0.137613144539594
-0.0238656674122588 0.0177129526069316 -0.00373167239260035 0.436485131809975
-0.0394206146396758 -0.0187012108632011 -0.40009157303133 0.275605479331033
-0.0393737344627397 -0.0302213086704465 -0.354516952827402 -0.089643506404059
-0.0356720635310364 -0.0366481711702836 -0.0621680954166145 0.0216996100743985
-0.0632433443921483 -0.0109294401211319 0.330813098833554 0.159303625695891
-0.0318766269566572 0.0305622809097098 0.453009774477258 -0.201336766634219
0.00929795092902077 0.0392557278442204 0.056745185643475 -0.463614717937892
0.0271495616757782 0.00933258178060156 -0.280701508284297 -0.178979066999748
0.00826371350553137 -0.0245713254593978 -0.198539127468974 0.0971346895028917
-0.00591363975200557 -0.01514164495314 0.00450080932271157 0.083841892053706
-0.0135516453880189 -0.00942483926312001 0.0985038605060539 -0.0646401862262175
-0.0116452414088819 -0.0213531283039193 -0.10511239233973 0.0548631189672217
-0.00177078676249406 -0.00715776344895029 -0.0316370323148673 -0.0858530446356019
0.0131634687172444 0.00298425557640563 0.167513852997081 -0.110771626895802
-0.00189996983520633 0.0209113977634847 0.26419232258834 0.127629206081777
-0.0239183943506989 0.016678084068828 0.00974337487960362 0.434960250321629
-0.039814732061749 -0.0190714867526129 -0.394106091448916 0.288589164691683
-0.0377417154095182 -0.0297858353488758 -0.364565843489167 -0.0835051915809144
-0.0324550118163983 -0.035590779291787 -0.0733103164981053 0.0133679712728407
-0.0607530461033291 -0.0120163218394382 0.31878215158951 0.163147657720791
-0.0330233531843127 0.0277555519827632 0.456286671199925 -0.186522450997332
0.0075054399544573 0.0383496789123802 0.070815794985604 -0.46504120259285
0.0279562585937459 0.00844056736224426 -0.27960973933469 -0.191906973178557
0.0109879792015102 -0.0265809476157874 -0.206658943759735 0.0919656620615106
-0.00340174583709952 -0.0165842954596459 -0.000461444083015462 0.0855961796075844
-0.0115201004876277 -0.00882517147979516 0.0993408093632617 -0.0610517468278907
-0.00904869726802125 -0.0178359914055358 -0.103609799831088 0.0572440050626096
-0.000451833403302076 -0.00691859438675956 -0.0337539328327328 -0.0846859133057324
0.0141470626257018 0.00134252006528805 0.161718171744374 -0.114078780301584
-0.00287238683002571 0.0174455520272135 0.261988805105108 0.119844669573282
-0.0238723628879096 0.0127538546555814 0.0140974100884299 0.430681938783114
-0.0364422981751158 -0.0222496852655308 -0.390068315110523 0.296937592817755
-0.0305982588974046 -0.0284090361445805 -0.373650993757561 -0.0820130862787692
-0.0248727870477092 -0.0318295092903837 -0.0826925929948959 0.00536990748391311
-0.0534682913152288 -0.0117075817967616 0.307446194760322 0.164985305995513
-0.0293799155962934 0.0241668201505377 0.456631554757153 -0.177489364743011
0.00656022762354933 0.0341486927765067 0.0794908099685019 -0.465496380902893
0.027120237517802 0.00619105349684056 -0.279041226421202 -0.200356577044712
0.0128049699085548 -0.0272573524135021 -0.212009445561921 0.0878374466703322
-0.000847709671051822 -0.0163248659383344 -0.00363073435818834 0.0867447804002396
-0.0091448701143307 -0.00659614381817923 0.101456684948599 -0.0578630538460016
-0.00639624368054085 -0.0135683505574561 -0.100996408540625 0.0599578060902502
0.000614209584300886 -0.00464846092719374 -0.0333587709586411 -0.0834496627438252
0.0135352494294454 0.00200070738512798 0.159742637024383 -0.115549910222024
-0.00527853429792003 0.0142045885041499 0.260600420775032 0.1170330959094
-0.0235659659301078 0.00701044933931681 0.0139282716768614 0.428862782655421
-0.0301104446825071 -0.0273127550794668 -0.393616649682185 0.298475510768581
-0.0192520088781237 -0.0264605141388354 -0.380304518351206 -0.0836479495168194
-0.014104239893556 -0.0256061156941803 -0.0887347299138409 0.00059595740529632
-0.042253840150539 -0.0083445018044869 0.301585212793304 0.163110574617185
-0.0218697592134858 0.0195612902727884 0.45326414450208 -0.175221619336706
0.00742248139672303 0.0282411640378986 0.0789358421474861 -0.467468839278203
0.0246929901659131 0.0035411260894377 -0.280568303446035 -0.20492045182064
0.0129848258868064 -0.0271413344207128 -0.215906792749811 0.0853434031521854
0.000335628590779745 -0.0150963797372999 -0.00459613492648047 0.0880337079601914
-0.00643419343634793 -0.00280778903120791 0.103205670198549 -0.0556031864642998
-0.00361803564642969 -0.00891911891078813 -0.0993704227258597 0.0609751050122452
0.0016289163711057 -0.00180278135058653 -0.0309813951541839 -0.0832754742680658
0.0114913109687351 0.00372763136835206 0.161223702833177 -0.11478712115743
-0.00843540985325912 0.011645808376563 0.257629776997361 0.118683791770732
-0.0232777380005516 0.000456700969728179 0.00660010606074688 0.428202617380002
-0.0209191697654629 -0.0333555931997996 -0.401621840379858 0.293916375024377
-0.00615962796361398 -0.0235852125998692 -0.381333515651843 -0.0886232319006991
-0.00176041006494841 -0.0176904533945473 -0.0892501486154864 -0.00106839721692553
-0.0293461233012634 -0.00387058299529352 0.300213352215814 0.158743912752454
-0.0127418129159485 0.0149908991409083 0.448300438308289 -0.181553174864228
0.00930168333374726 0.0209586121845974 0.0710966930799305 -0.468524036255941
0.0211338786287079 0.000230626978436684 -0.284473355534021 -0.203867634254215
0.0113813701361248 -0.0263624236779653 -0.215952747553619 0.0866273135064057
0.000531460181575332 -0.0118446789228822 -0.00315434853223585 0.0885987341928078
-0.00413022604612619 0.00229788313687713 0.105854491746178 -0.0530453010693704
-0.00170171509474225 -0.00350612569025135 -0.0971367960550298 0.0620558741927617
0.00177549013481729 0.00210382578779231 -0.0266024783346064 -0.0840721840732165
0.00874478445105326 0.00797869689234489 0.165781187739258 -0.112595800488789
-0.013493402042014 0.00902803738815235 0.255114491379617 0.12554169221966
-0.0220532487519208 -0.0073881107212247 -0.00646877472799703 0.430567192221824
-0.0101573230543948 -0.0394514934736945 -0.411357566238612 0.283934587687139
0.00823850548712367 -0.0197414688633896 -0.378587497571883 -0.096605497959078
0.0106746296146298 -0.00918900640322132 -0.0858709177066512 0.000211920299873028
-0.0157793719842656 0.000909836745059742 0.303452691822329 0.154036898501328
-0.00172449979217751 0.0103686072078673 0.44141508112121 -0.193185767881439
0.0113823800798521 0.0126381628921261 0.0567646313501771 -0.470374064503115
0.0174008414490897 -0.00270671085996831 -0.289751920769153 -0.197988718418685
0.00826718336721347 -0.023736544401114 -0.214337861994574 0.0892327697667423
-0.000190946449033467 -0.00738439518514668 0.000794458913844711 0.0886932675523446
-0.00342442620187382 0.007590325696576 0.107311487469991 -0.0519276658288988
-0.00123524832591574 0.000947254288397538 -0.0961656384826849 0.0613258963916464
0.00079496633323402 0.0063336442415492 -0.0201797919551907 -0.0854842951978753
0.00494728940569808 0.0119393802550055 0.173456196407914 -0.107869705543443
-0.0178205446936332 0.00794238183779905 0.252748406906672 0.136957704373959
-0.0201597385787609 -0.0131576009114699 -0.0243868889156344 0.432522162912353
0.000360728631715191 -0.0443782808689168 -0.423618567063142 0.268378450007386
0.0196272851815389 -0.0162356254860472 -0.372326074430236 -0.107131115639571
0.0203301667072908 -0.00306857665161171 -0.0774117733186983 0.00556265178114292
-0.00521154823132389 0.00401884484073611 0.311971638196269 0.146843599546676
0.00750297214484397 0.00724270526935068 0.433074215729491 -0.211561631404477
0.013333333092239 0.00711486505061239 0.0370083822697934 -0.471356279745758
0.0129277488706324 -0.00503325448766697 -0.29448049586395 -0.185809431926694
0.00472419553956296 -0.0207142887543372 -0.207801068407016 0.0946678600167
-0.00236817000382942 -0.00361160600050876 0.00654627213781577 0.0882464131996914
-0.00271218736392338 0.0114436475948599 0.109727989248885 -0.0515996301729834
-0.0148266678313874 -0.0209265417858516 -0.105505080719765 0.0506135998330762
-0.005218502057223 -0.00207097932043111 -0.022091384421844 -0.088696438922805
0.00788010531802597 0.00980567568462441 0.18486455066623 -0.101854087492618
-0.00615472450343168 0.0258924597781552 0.266701799596462 0.150099201912633
-0.0233592130150739 0.015800956843755 -0.0171112235563053 0.443956679203219
-0.0350963785431233 -0.0208226793192589 -0.410536350043289 0.265531212251219
-0.0357911692571826 -0.0290142319159134 -0.346967518200889 -0.0961578519636545
-0.0342524076050361 -0.0343853668611579 -0.0505125194840843 0.0308702452423423
-0.0598927667082782 -0.00756137767464552 0.346332643049642 0.151805374676556
-0.0273041311480328 0.0314170787187478 0.448809495384572 -0.223007064718901
0.0125033902022645 0.037395510356221 0.035650942716106 -0.464563258664141
0.0252146367118569 0.00868396161616855 -0.286837801137928 -0.164720138251623
0.00382324434775207 -0.0223890775950073 -0.191349847296509 0.10503948705904
-0.00888760316027364 -0.0119619489481624 0.0104687523865548 0.083635264819882
-0.0150503399914352 -0.00819890808100415 0.098365102387263 -0.0668565605848105
-0.0134465182613545 -0.0220505560970911 -0.105697236002696 0.0530208121494622
-0.00375569687679514 -0.00544504655333154 -0.0283265407700358 -0.0878116858973204
0.0110001699678727 0.00585265286139364 0.175210474789518 -0.107292939020257
-0.00271971531118727 0.0242347542927108 0.267229161422497 0.137593223296942
-0.023511865052048 0.017972788180176 -0.0010829318856777 0.440442961047543
-0.0397216358630178 -0.0190903111375967 -0.400222978197213 0.280135452241761
-0.0396733379605146 -0.0297829180903066 -0.356861165817018 -0.0881125350731472
-0.0360091078180964 -0.03602881403676 -0.062442234806503 0.0220259006314555
-0.063563236439241 -0.0104014392875865 0.334304548627575 0.158174857219821
-0.0324181739569556 0.0306740113525409 0.454566689548564 -0.205790953716254
0.0100792644550255 0.039716227406914 0.0535428144514566 -0.466276305855045
0.0273167422652444 0.00901745988162335 -0.283791119147547 -0.178052097912997
0.00766247769212684 -0.0250919405535689 -0.199398326665435 0.0998192497465417
-0.00617936765806129 -0.0148806267522671 0.00479732582839512 0.0848907800529981
-0.0140679623611167 -0.00954841578263031 0.0983963980707956 -0.0652096838636247
-0.0119679780476867 -0.0210457823217994 -0.104775657458281 0.0553443482530198
-0.00198526001790449 -0.00682480720663133 -0.0324281180970309 -0.0863034509880703
0.0133534767438985 0.00280005997298135 0.167690274641332 -0.11268184478276
-0.00174113763112378 0.0212726866126122 0.267594734902393 0.126340605384141
-0.0239307567396189 0.0167628037960467 0.0127422611817817 0.437232830917257
-0.0401190268276531 -0.0191917593974141 -0.394306563806279 0.292499767780997
-0.0377762618982963 -0.0294298387483022 -0.36753343259981 -0.0831159825556648
-0.0329445729396124 -0.0353939723781843 -0.0739062905868593 0.0140900933679593
-0.0608846996885375 -0.0116518120812956 0.321703557261944 0.161866384291949
-0.032829760694271 0.0282195018477517 0.456707244684943 -0.190709984612061
0.00794719836771807 0.0388864598569151 0.066752772432967 -0.466865459315477
0.0285045760758666 0.00835652170135874 -0.281905003516059 -0.191857724068066
0.0105595601149081 -0.0270619948262394 -0.207360572364912 0.0946062998369812
-0.00363987168398541 -0.0163711099218059 0.000122614171715228 0.086374265259979
-0.0118614295099421 -0.00881266972577383 0.0994120811995271 -0.0610510362964781
-0.00932116059085835 -0.0183794237646412 -0.103602694395212 0.0579998892347691
6.52810406332506E-05 -0.00696811730601567 -0.0350749223397271 -0.0851334970071734
0.0141631254301223 0.00128944251928543 0.161874629785291 -0.115775111065598
-0.00230557425119299 0.0180106609110774 0.265052089155893 0.118846765626806
-0.0234931905458416 0.0126968847506259 0.0183859955836011 0.433017694168416
-0.0368235965382223 -0.0222807202682137 -0.392011004611842 0.300642850240268
-0.0308082028274798 -0.0276295638223066 -0.376758431480441 -0.0805894150355905
-0.0251207467186293 -0.0312788026258237 -0.0832446963159733 0.00602010855201477
-0.0535608429283753 -0.0107639327142109 0.310302322466154 0.163867195499391
-0.0294461430400471 0.0243255544592487 0.457334379302692 -0.181017282249721
0.00653428822780256 0.0343109551328767 0.0766014216625256 -0.468146230773147
0.0271407015188155 0.00632886455567532 -0.281362858292736 -0.199861630618908
0.0127288195268075 -0.0281238734844637 -0.212879011202493 0.0901678410721932
-0.00138792238443411 -0.0167584554551736 -0.00299081822596573 0.0878602954865276
-0.00895367173072684 -0.00641649182123481 0.101885589213614 -0.0586428901411578
-0.00660166193951203 -0.0141309836807232 -0.101691981081773 0.0605964508866351
0.00105376571719224 -0.00468472987041215 -0.0348240286010796 -0.0838405244378006
0.0137350343372537 0.0016268793856195 0.159947810153838 -0.116479011791126
-0.00484914312871687 0.0142391081572813 0.262349871739754 0.115446251325189
-0.0229382204100468 0.00675229247587202 0.0166069210005001 0.430548474903762
-0.0300318668182487 -0.0274256790162079 -0.393841034786071 0.303016715595487
-0.0198597740454914 -0.0261587103813631 -0.382460339560507 -0.0819034540090713
-0.0142009199259405 -0.0255975108957371 -0.0893156969681017 0.00127750784975064
-0.0420165123680197 -0.00825243618670099 0.304113486903204 0.162368826812488
-0.0223210986681315 0.0198726262651689 0.454696657776127 -0.179140708276083
0.00733357320271637 0.0283881699886914 0.076397183233493 -0.470961118014768
0.0250352494225573 0.00331646015715532 -0.283988038660763 -0.203703809562618
0.0127391274268121 -0.0277710626106633 -0.216882958899651 0.0884883136272487
0.000321751601351087 -0.0144940696339595 -0.00404347205377563 0.0890201062336152
-0.00659329605361192 -0.0025862638224162 0.10328892852397 -0.0560546342102879
-0.00443357725083093 -0.00882178442802337 -0.0994359617834746 0.0617973762244012
0.00183509398482222 -0.00164983432558224 -0.0321102891504447 -0.0837170893760969
0.0120337691939767 0.00382110205677402 0.161121208558395 -0.11671130114629
-0.0089455434536781 0.0115285466549342 0.26071621049217 0.117816223931841
-0.0230467411353919 0.000198908183437978 0.00994169725475581 0.432167394092507
-0.0209297644391046 -0.0338724477668404 -0.402401923502077 0.298335401534629
-0.00614162466822195 -0.0234382245507791 -0.384485604097758 -0.0870621142039297
-0.00171000450916592 -0.0176739666041665 -0.0903041746245446 -0.000561379341295703
-0.029528601110988 -0.00363409569743971 0.302766424627586 0.158753800449676
-0.0127019943915649 0.0156879829065484 0.449912839636648 -0.184910177568699
0.00943445870184816 0.0209631031711961 0.0676129430625282 -0.472240856084202
0.0214125870567035 1.18614463672177E-05 -0.288283859068032 -0.20269681054647
0.0110702837933951 -0.0263598880351792 -0.21690835200146 0.0893115705305137
0.000120862877010725 -0.0122462418842639 -0.00253916924767845 0.0897453494092212
-0.00425138485648701 0.0024377874629124 0.105787031507889 -0.0533898243192957
-0.00178660115081482 -0.00371639920989086 -0.0970799832619796 0.0624861057202735
0.00199755810235442 0.00263493668932652 -0.0275714557615861 -0.084681972935698
0.0091363838092986 0.00786163580498973 0.166366110351348 -0.113890435411438
-0.0134793670002327 0.0096780723393727 0.258185705179744 0.124615492806557
-0.021877498935799 -0.00757954029790347 -0.00269375375189818 0.433996470203433
-0.00998169371143933 -0.0402366231965026 -0.413568812001035 0.288211802485557
0.0081041190435686 -0.0194062212599135 -0.38290784248902 -0.0950767040770399
0.0106660909848579 -0.00915213586832886 -0.0862702009770144 0.00102674081598357
-0.0154848580847701 0.0012214808528288 0.305637833666491 0.152796645267511
-0.00169281844665174 0.0105093832138589 0.442771030204977 -0.196882357599605
0.0111272437104509 0.0124134241205695 0.0525366381856758 -0.474205913756915
0.0169878670126899 -0.00323234695682671 -0.292765942512356 -0.197050987604286
0.00775694284817677 -0.0236884089417374 -0.214883085865487 0.0919721228808232
-0.00116703050413119 -0.00747768055453743 0.000641368620508144 0.0897456846580082
-0.00303394653768595 0.00715396709818806 0.107632585527138 -0.0523438447497617
-0.0010942172009134 0.000763998268977797 -0.0959680134746084 0.0621476536485601
0.00117385107888066 0.0071683404408971 -0.0215269636003999 -0.0862521663290013
0.00527382676164571 0.0119595501045524 0.173369569281713 -0.108905497197047
-0.017940078173869 0.00861308521683907 0.25577012069233 0.136597259737307
-0.0203335088173059 -0.0130352533206408 -0.0208495612685382 0.435523380705336
-0.000164590276192109 -0.0443900900695285 -0.425573278750438 0.273655087938307
0.0195014578448941 -0.0156144062829124 -0.375841378495427 -0.104749896584595
0.0201326325073012 -0.00262356206395352 -0.0774926700043587 0.00624731472575372
-0.00500869471627534 0.0043969112059786 0.31487373381191 0.145655300545356
0.00720701738285473 0.00706766417177133 0.43425498262191 -0.215680277265642
0.0132082460360745 0.00640241546779411 0.033738158055512 -0.473846316008836
0.0128388458697422 -0.00475699934158746 -0.297576231835997 -0.185017824656679
0.0044644022019988 -0.0206055762448687 -0.208516736339418 0.0974420552672847
-0.00286063905307716 -0.0039069947635391 0.00679872626268143 0.0895850342634055
-0.00265149387532687 0.0118324094870621 0.110041825501992 -0.0521778903789151
-0.0154010943396356 -0.0204852730001535 -0.105574690208081 0.0513222427645691
-0.00473482541340927 -0.00222621813477599 -0.023455652089577 -0.08943875325427
0.007701097330885 0.00959990647143001 0.184514423163608 -0.103621001524747
-0.00593356630072333 0.0261942837547465 0.270150756776801 0.149514906843649
-0.0235967519391064 0.0160870156463947 -0.0133179041372543 0.448239365056029
-0.0356435568885403 -0.0207415677760933 -0.409657694137773 0.268948911368817
-0.0365677463926157 -0.0280623530330245 -0.349473511203878 -0.0943804078637885
-0.0345350229356117 -0.034370554490292 -0.0507744435681903 0.0317473276201775
-0.0607253129318746 -0.00686179833558868 0.349892063654829 0.15195834170291
-0.0274230858813546 0.0318819684964181 0.450297810607316 -0.226933212816139
0.0126594893866751 0.0372850645598055 0.0315571925194416 -0.468316846158975
0.0252659510796659 0.00855306073624336 -0.2896960645029 -0.163840961601547
0.00355630988211385 -0.0220493555585017 -0.192476337968639 0.107161893153798
-0.00927123861176271 -0.0120595141005024 0.0106631531430504 0.0844227529899764
-0.0152272689187493 -0.00812853735084756 0.0985328897978717 -0.0670265592707313
-0.0142959268366282 -0.022148680603156 -0.105896078508007 0.0538886911875135
-0.0030079544650974 -0.00481081331927103 -0.0295676701791792 -0.0884451392675934
0.011343821292749 0.00542957903594929 0.1753789842651 -0.109204159676012
-0.00307419032594778 0.0241073554907692 0.27064133111232 0.136571133353688
-0.0234907301453277 0.0178269559683995 0.00305135767382045 0.444740026834727
-0.0397263841876928 -0.0189136859829144 -0.400358412192457 0.284049918603883
-0.039898768776462 -0.0292029585061886 -0.360005143491632 -0.0866334854367925
-0.0364926509741652 -0.0365970773159426 -0.0625796111569147 0.0230299750529019
-0.0639146794196336 -0.0103965795069228 0.336707417101392 0.157290608714066
-0.0322436156959717 0.0312844413553418 0.454954358374831 -0.208996095685133
0.00998948447445931 0.040145275034756 0.0500723570609606 -0.468894980034571
0.0279387592292189 0.00894919109077131 -0.287104952417277 -0.176968589035439
0.00717981526500009 -0.0249552105055816 -0.200031422327142 0.10237233345468
-0.00651370875119215 -0.0149854939341633 0.00549042904401189 0.085769892658283
-0.0142982295135407 -0.00996030674986708 0.0987647995996159 -0.0657972218024261
-0.0123525375064687 -0.0215038473396772 -0.105142625826995 0.0563490999703248
-0.00127165403387372 -0.00653417336231274 -0.0336209801520825 -0.0870969352780387
0.0136191893074384 0.00263368522588844 0.168152193344284 -0.114401957402152
-0.00159411885556262 0.02146959563728 0.26997399831457 0.124498883976761
-0.0236026392098049 0.0167419198010433 0.0151076327444395 0.439771559620537
-0.0399975723186144 -0.0192690118000911 -0.395081200912619 0.297092229175424
-0.0381369502106472 -0.028605059937191 -0.370233727279201 -0.0810942715316496
-0.0332790164889107 -0.0351204717026105 -0.0743069798259509 0.0145595947836618
-0.0614329996430591 -0.0109647265898322 0.324959707526099 0.161445040080671
-0.033194997090247 0.0285606616250538 0.458199891408107 -0.194333551152421
0.00835971455516757 0.0385581371270935 0.0631754837988891 -0.469752714461738
0.0285994140161373 0.00826352847679113 -0.285914274195413 -0.189768649272397
0.0101991002849718 -0.0269744354699706 -0.208083587904707 0.097036388818204
-0.0038787224720891 -0.0167284426535855 0.000190223992341146 0.087722838856053
-0.0117321588130658 -0.00908681912102943 0.0994243541485162 -0.0622811012958355
-0.00962941919501306 -0.018552591468066 -0.103546862688822 0.0583914371172199
9.62630430527064E-05 -0.00666660733370514 -0.0361818043313769 -0.0854245087790049
0.0142916555178039 0.00141618822556195 0.161886613240729 -0.117632719909366
-0.00273282773052046 0.0178930867165051 0.268328202873993 0.117530807867576
-0.0237470249173737 0.0126697172518645 0.0207389739472844 0.436296792743627
-0.0369505554993244 -0.0222225786370065 -0.391909163383278 0.304887922520135
-0.0310367824093667 -0.0276777847237088 -0.380148973173755 -0.078059058596177
-0.0251492163800516 -0.0312674750221195 -0.0843966823686192 0.00698162292422234
-0.0537385264491892 -0.0101856773267808 0.313452255052412 0.163164855721734
-0.0294640702651441 0.0246684000417231 0.460011917023436 -0.184919403820521
0.00691121003887289 0.0344634447444009 0.0710995674664245 -0.470823958169372
0.0274928641980811 0.00586057046239268 -0.285805825685334 -0.198733795436229
0.0120272209186521 -0.0278411586309409 -0.213789648468266 0.0925472261610926
-0.0015062867167469 -0.0166725670405386 -0.00267498757982627 0.0892001181756025
-0.00921119418441117 -0.00668567162785749 0.101729175461208 -0.0589248983633601
-0.00644519189405033 -0.0142988314930798 -0.10153332290623 0.0614715989661073
0.00152370982405297 -0.00424136813930454 -0.0361457747335388 -0.0847908716491856
0.0142418190543887 0.00175885618659297 0.159983065505781 -0.118549809320934
-0.00498076134407984 0.0145278327068134 0.26571158641158 0.114418850433673
-0.0235841934896407 0.00711827301578423 0.022444630956352 0.43529504134136
-0.0301410113930161 -0.0270851924977541 -0.394184696875705 0.307506267982722
-0.0195966631427007 -0.0254264841161962 -0.385359131186538 -0.0801262564718314
-0.0143615091331076 -0.0251213666334396 -0.0899598830758339 0.00202685643432541
-0.0426750042893007 -0.00751066992740749 0.30707278049037 0.16106654128985
-0.0221084810764055 0.0201343744249155 0.455580951970062 -0.183362038564892
0.00778370218898143 0.028547569722214 0.0715026067498532 -0.474185005489423
0.0251008296615819 0.00329337781880676 -0.287972230907205 -0.202819661736123
0.012186642750413 -0.0277687384812995 -0.217188950002915 0.0908576311720906
-0.000515189249233954 -0.0149122451872487 -0.00388829712091605 0.0902957498092728
-0.00627166740467397 -0.00258878318321103 0.103813369288971 -0.0560903714643957
-0.00421009952209046 -0.00941132093382897 -0.0998233924133933 0.0623670546201919
0.00225129591594496 -0.00126428125372117 -0.0332678289046134 -0.0845422941637258
0.0121604648606606 0.00442034066634887 0.161234639092454 -0.118073255614979
-0.00860658837669473 0.0120035751436253 0.263282232292352 0.116944436783196
-0.0230380432379167 0.000592949671254022 0.0144804525038765 0.433800838858251
-0.0210495498815997 -0.0341690807897312 -0.402362638879202 0.302633576527967
-0.00620074618715458 -0.0228346232519278 -0.387333593834559 -0.0850033931343439
-0.0020901176952509 -0.0173827883858067 -0.0907172255060062 0.000416518879774856
-0.0296328648316757 -0.00278237373185222 0.306252561651575 0.156792898673298
-0.0128589765144516 0.0154539510132823 0.451167026035884 -0.189209728452857
0.00989825590025472 0.0209908820165448 0.0639760178144129 -0.476248055279351
0.0219337909294225 -6.39159030406001E-05 -0.291964975630786 -0.202486653828468
0.0106766677613707 -0.0263608491228065 -0.217948090269758 0.0919913516313536
0.000103567295228634 -0.0119997891425816 -0.00246375132802225 0.0909272176630822
-0.00422364818966005 0.00250920662268515 0.105672221609698 -0.054528398316786
-0.00208677525798174 -0.00373317667339554 -0.0975991234530203 0.0632048742638402
0.00210517646237432 0.00302854778377223 -0.0289141440012458 -0.0850232305936267
0.00949743147829147 0.00804812207438209 0.166206187376822 -0.115968351602601
-0.0136870399790435 0.00992540352256286 0.261066823158177 0.123972101753885
-0.0225696315320665 -0.00757492766102509 0.000411863063261938 0.438117832327167
-0.00980274591402287 -0.0404404616669857 -0.412681671392808 0.291474643381952
0.00804677626599289 -0.0192364525293899 -0.38545355496731 -0.0931577583650689
0.0110761553418361 -0.00953176310759953 -0.0870744574163884 0.00199371244924851
-0.0151634454783809 0.00151754638458446 0.309231859722147 0.151685005587079
-0.00164313723911251 0.0107708922622205 0.44423198736403 -0.201114875141983
0.0111723697529916 0.0128668261196207 0.0496959378191623 -0.476453047122041
0.017546611105266 -0.00300444652863314 -0.297169133259175 -0.196131818524115
0.00775093280181802 -0.024521850721975 -0.215895946683461 0.0945778537758082
-0.00110316419780339 -0.00790642595036023 0.00107316620871739 0.090813254470228
-0.00272221052300674 0.00755688874319327 0.108187019668956 -0.0530840524026725
-0.00147886564505372 0.000390783541943617 -0.0962755609425811 0.0629846413263004
0.00130778082954915 0.00703194923205065 -0.0230704938470481 -0.0868623127391869
0.00555682293860492 0.0120408102739817 0.174181144154731 -0.111243694579296
-0.0178415030150329 0.0085168897282814 0.258978064974384 0.135840398228092
-0.0206012780333012 -0.0138892673545899 -0.018043100453006 0.439133931598673
-9.89603253652681E-05 -0.0449947817069397 -0.426728717056659 0.278078862444463
0.0200843655230282 -0.0154392084223643 -0.377849435274773 -0.103280946837049
0.0205519475619775 -0.00316705909072097 -0.0783248731339936 0.00729624115430449
-0.00503161168158785 0.00451036965690639 0.318030107219406 0.144544760223514
0.00690031018730318 0.00740235690313528 0.435154252725305 -0.219503633923911
0.0135857398469163 0.00686878058732263 0.0291104656720303 -0.477238840223195
0.0134163501303287 -0.00539937356945966 -0.30172450222313 -0.183887856909786
0.00389456068697421 -0.0213693413727489 -0.209527539374837 0.100587966975822
-0.00302936621013355 -0.00330573058596595 0.00750862383635241 0.0908109941493382
-0.00247253993980282 0.0116056077339535 0.110016626280936 -0.0528714874550494
-0.0160458641281296 -0.0211493252625851 -0.105882785660605 0.0527255747858402
-0.00450785035380816 -0.00222201637442521 -0.0248660926665829 -0.0900765184076329
0.00848454766074788 0.00957075346674662 0.184992445450836 -0.106109387037512
-0.00596333922579202 0.0266847505442758 0.27390914671443 0.147432591371182
-0.023313260158476 0.0162410145984182 -0.0091865090682332 0.452387710040591
-0.0354642584815898 -0.0207540981921807 -0.410404388934266 0.27435111890338
-0.0364530510300473 -0.0274127633595635 -0.352494052759675 -0.092073059777576
-0.0347943395592413 -0.0339333582348435 -0.0509697734318932 0.0326484388599831
-0.0605348328844332 -0.00601819458643075 0.35249319866092 0.148720900005324
-0.0271507384927128 0.0325408757049013 0.449113626854353 -0.231770113577039
0.0132095537693025 0.0375634376175087 0.0268308452018894 -0.470671374835939
0.0259672204443475 0.00884596104869802 -0.292675146582315 -0.161894159351859
0.00280205397098809 -0.0222765892312922 -0.192507421193719 0.110439327025818
-0.00928809562708829 -0.0120691858343362 0.0117238287989716 0.0853153708102847
-0.0158625610736327 -0.0080765763565512 0.0983688720662347 -0.0677364543682385
-0.0149529968132034 -0.0220304739786589 -0.105855635471478 0.0547517782625552
-0.00278870297895712 -0.00465498376200483 -0.0310776445501613 -0.0885443315287126
0.0118446706706081 0.00564483316874357 0.175568164573521 -0.11173995164674
-0.00235192622700121 0.0251855817724637 0.273493070163769 0.134248535890232
-0.0239738187423061 0.0177232478911264 0.0067007951500874 0.448157491128098
-0.0400936852332366 -0.0187637942636018 -0.401668206691927 0.289069533249112
-0.0406043894776412 -0.0288062900291217 -0.363222327777009 -0.0839973719667027
-0.0366498562813077 -0.0359975199036904 -0.063255844775956 0.0241373218184019
-0.0640575280816464 -0.00900951756358699 0.341451892413896 0.155388029145956
-0.0322801817366351 0.0317834909004247 0.456111124399891 -0.213982903717928
0.0108087735917691 0.0398977716716213 0.0453901581568137 -0.472592116873398
0.0282504408375026 0.00866189235441861 -0.291083825589997 -0.175695557821931
0.0064067228534277 -0.0247550570394467 -0.200046460885225 0.105048906714847
-0.00693485010416202 -0.0151935939512897 0.00645546889676722 0.0868617560031218
-0.0139848780559873 -0.00959490813391089 0.0983189779527333 -0.066026289031828
-0.0127162980307921 -0.0217229165079594 -0.105111221320212 0.0572075984523191
-0.00114380334051645 -0.00657239389686497 -0.0354221684689305 -0.0870467527852074
0.0138876187066397 0.00250583469594068 0.16784041649649 -0.116734214684944
-0.00110919542383874 0.0221146063956215 0.273289801796018 0.122899292262749
-0.0239244941653541 0.016907579302026 0.0214020547150409 0.443928984611327
-0.0405721302235559 -0.0189333196064777 -0.394480193528413 0.301738291180684
-0.0382384163965568 -0.0281983782179067 -0.373301232532847 -0.0780071391163579
-0.0339068953117876 -0.0350713288885765 -0.0747585202304604 0.0159505442016879
-0.0615937215093284 -0.0106006964115402 0.327925500648551 0.159696410247492
-0.0333386418422355 0.0291761515622245 0.459192128000598 -0.19945329840579
0.0086235124999356 0.0384648800212489 0.0586431411264575 -0.472716025640998
0.0292225364727421 0.00784973502212721 -0.290024080060475 -0.18805970702942
0.00958706723534598 -0.0272475749984106 -0.20818205134666 0.100207637863978
-0.00382797281358813 -0.0169736760226717 0.00106828299777257 0.0886329924180747
-0.0119115324318781 -0.0090576739627116 0.0992989595503217 -0.0627454850321725
-0.0102460622172726 -0.0186506072404608 -0.103509778512782 0.0594349062139108
3.46303461084413E-06 -0.00610051392204914 -0.0377774523064378 -0.0859018617692282
0.0148219747083843 0.0015183699050834 0.162233012226496 -0.120087215561959
-0.00213191143157028 0.0184299809709115 0.270753295103253 0.116304521931034
-0.0234422956265102 0.0130755253950132 0.0267407695241227 0.440579584278559
-0.036955016579065 -0.0223620540015739 -0.393297027503006 0.3110730582849
-0.0310963181264884 -0.0272550993091327 -0.383102867785366 -0.0763484592385604
-0.0257993986289686 -0.0311727537917663 -0.0848312428892375 0.00796247286032648
-0.053752615707756 -0.00966784366016692 0.317430170851274 0.161079913983551
-0.0296512588684033 0.0249696624455368 0.458827386121525 -0.189686146554693
0.00728702892965668 0.0345792972001669 0.0676172567850185 -0.474267177095263
0.0283479778825078 0.00588974590125393 -0.28976405417715 -0.197159380518026
0.0111722835188732 -0.0283196915683939 -0.214541369861811 0.0957159552717047
-0.0013967673727729 -0.0167722424298434 -0.00243887277819871 0.090112744283921
-0.00926719581374371 -0.00668534203428672 0.101896017403126 -0.059561162158932
-0.00714342996930707 -0.014607213781486 -0.101275956716727 0.061830712563352
0.00209535739839261 -0.00468008380645488 -0.0376922037393163 -0.0853399376582761
0.0142116701447882 0.00179873763782296 0.159677812990921 -0.120856582357413
-0.00451309083122743 0.0150560948136999 0.268762178721032 0.112455187386876
-0.0235014742824579 0.0070295975675166 0.0255412339197992 0.438053578868068
-0.0304251161228934 -0.0273355832606797 -0.394870028557332 0.312943156459287
-0.0197744742589016 -0.0253052603376396 -0.389567668073167 -0.0777790280002533
-0.0148183383557622 -0.0248367097200126 -0.0902794494575248 0.0033053048590421
-0.0423333226708638 -0.00661782972543765 0.310865784667458 0.159389058675039
-0.0222828600987666 0.0207823309065371 0.457947752799373 -0.18827639603225
0.0082049089939892 0.0286121575790127 0.0677493066425492 -0.476779744785452
0.0257971590968985 0.00325610152596157 -0.291846266573962 -0.202028542155959
0.0117054441419788 -0.0282380385920401 -0.21823653983656 0.0942978734531415
-0.000188082801900314 -0.0150708484959369 -0.00341521700186056 0.0912394955127127
-0.00665569560662253 -0.00256223112027726 0.103312312881525 -0.0571785295739751
-0.00478980641065039 -0.00954805941567271 -0.0993429125016231 0.0633685423206189
0.00274221400917405 -0.00121461918670289 -0.0347937578410228 -0.0846767103105454
0.012372647688446 0.00416016278099319 0.160896981263922 -0.120318870633286
-0.00832240512694769 0.0127282214777851 0.266437327969968 0.11520644190233
-0.0233469843012498 0.000237832976194449 0.0185404741718636 0.438153892856227
-0.0213464160285255 -0.0337329615275415 -0.402398549408798 0.307484602393099
-0.0065461236180568 -0.022475534092942 -0.390458549984058 -0.083075649659588
-0.00199082296788507 -0.0176945492101383 -0.0915732972837678 0.00122713319332901
-0.0294996084324869 -0.00261717383340401 0.309406256471154 0.15570743638713
-0.0125005898736062 0.0156239441055167 0.450966241527715 -0.19467143551554
0.0097931334430421 0.0210905639134795 0.0595286298940412 -0.47852676614004
0.0224222768634528 -0.000164476561861209 -0.296386214179445 -0.200338011866764
0.0100999290653529 -0.0267387953562437 -0.219007322412986 0.094991808694804
1.98888246333083E-05 -0.012241073709611 -0.00165127081957024 0.0917653345727354
-0.00427896095631429 0.00191841829417025 0.105394365094667 -0.0546961109559031
-0.00216968349240411 -0.00399239216029925 -0.0972966793269294 0.0644986537054192
0.00278421886974661 0.00295025762229277 -0.0302528107644846 -0.0856458397180077
0.00985777220490342 0.00768706584558124 0.166022570199907 -0.118438709236667
-0.0136614871615261 0.0105896850013192 0.264126677697098 0.12150778916657
-0.0227178698846833 -0.00788979040132029 0.00555232639806492 0.440422187942928
-0.0104155480274598 -0.04076532075383 -0.41455490793233 0.297659221638514
0.00854047193516438 -0.0184753564311265 -0.388310509923131 -0.0917572994432044
0.0112126556553242 -0.00941688496108248 -0.0877062843106402 0.00239851860483859
-0.015216763243315 0.00175349080553681 0.31301823083823 0.149510184443854
-0.00153795128891228 0.0111352990083888 0.445228714683102 -0.204850932719735
0.0116896031502993 0.0127178087556934 0.0456152755242448 -0.480451189453653
0.0171359733530202 -0.00362137046030411 -0.300879166618929 -0.193652599337574
0.00707330404663174 -0.0244690783293184 -0.215970262857349 0.0978156484801624
-0.0011410667799574 -0.00737821272930033 0.00253370023226124 0.0919343201460014
-0.00260021188112864 0.00724216707964545 0.10810316541704 -0.0531531865945894
-0.00105822903097349 0.000305135426890576 -0.0961944457285182 0.0635099763920999
0.00199565748718966 0.00700069703727623 -0.024458866901203 -0.0869721751184138
0.00567709441686724 0.0122226759818998 0.174035787586126 -0.113506488055852
-0.0180878010380865 0.00956793816580945 0.261861389927868 0.133892068766793
-0.0208730974953449 -0.0141609321383387 -0.0130250257236347 0.444387391614684
-7.61808600050293E-05 -0.0454683056222992 -0.427192826845435 0.28252519607944
0.0200136925485407 -0.0151237055067038 -0.380544635576097 -0.102258943209021
0.0204127130791358 -0.00298802241718477 -0.0782765538779685 0.00799815557311073
-0.00517629063001137 0.00478889560698434 0.320590205625244 0.142652080336587
0.00715811027089988 0.00763401624293608 0.436531795843808 -0.224256800912798
0.0135239503842851 0.00614694498914126 0.0249938347790319 -0.480396664618005
0.0133671329669927 -0.00477515024638471 -0.305812950535614 -0.181913968318647
0.00368047735654933 -0.0212178442033936 -0.2097956290214 0.103248217056738
-0.00248938677487277 -0.0036656091571275 0.00807324821808103 0.0917357720958854
-0.00229827568188956 0.0114087769411657 0.110244386198114 -0.0536774389078151
-0.0162993980692803 -0.0212787208878834 -0.105465375259492 0.0534933190016536
-0.0042330066765484 -0.00176020064674973 -0.0264251101284478 -0.0905525326551581
0.00876806167252157 0.00976993334953397 0.184914555299639 -0.108152800743045
-0.00500104091034529 0.0272714045563981 0.276969808699918 0.145920904594701
-0.0233757808351002 0.0161777077521291 -0.00357863803465846 0.45558044785846
-0.0360709032309253 -0.0207055963832754 -0.411142694961265 0.280064253787206
-0.0363427700044479 -0.0272763595349978 -0.356068519248409 -0.0893090944289086
-0.0361446386059531 -0.0334838361166284 -0.050925232522222 0.0339522282016838
-0.0611689906590746 -0.00512912682408942 0.356225092865862 0.147611943979662
-0.0273645370473708 0.033494936247048 0.450244021098116 -0.237540292820163
0.0136988409702121 0.0371769851335445 0.021954470794551 -0.474017415827666
0.0261469648368417 0.00804902686182173 -0.297666032850392 -0.159317110442899
0.00224913882965498 -0.0226286027376849 -0.192902148297833 0.113847429944724
-0.00951255285622067 -0.0119100546044335 0.0124563910181425 0.0863836017172081
-0.015758252809772 -0.00803640901249011 0.0983767369488906 -0.0687647849254042
-0.0153037960293566 -0.0221790805338894 -0.1058927160511 0.0555965287555025
-0.00245192533935773 -0.00483728485945051 -0.0327090488153232 -0.0892531822278341
0.0117610937942777 0.00577083345383968 0.175696021882296 -0.114320888501322
-0.00188405566552568 0.0253412685521233 0.27724350125368 0.13238035956442
-0.0235426609798676 0.0180028609381909 0.0127590076928165 0.451005128344472
-0.0402267806745376 -0.0186600565451725 -0.401658235576201 0.295012229038941
-0.0407760622803565 -0.0283499391644474 -0.365857267621452 -0.0818580214344149
-0.037378388171786 -0.0360326473588403 -0.0633061552418412 0.0253905769323139
-0.0639279910555378 -0.00834353231374917 0.344291748392409 0.152659836417847
-0.0319840472577589 0.0322848382222529 0.455610342758771 -0.219548619524588
0.0111421901207419 0.0394939861593785 0.0389614682424132 -0.475469846197802
0.028470183447588 0.0085965495698393 -0.295404202369575 -0.172735441559219
0.00610168872823036 -0.0255662465846007 -0.200432911552818 0.108765953178418
-0.00638558289279446 -0.015329626495785 0.00725013534183529 0.0879011897060182
-0.0142481318797065 -0.00974798663002594 0.0982069707037434 -0.0671507329026401
-0.0136646571093711 -0.021794027478356 -0.105107508437042 0.0583431169273727
-0.000702137784856473 -0.00647709324802659 -0.0369713025657703 -0.0874796409489344
0.0140265871304703 0.00287773074708522 0.167982435067628 -0.118358240289494
-0.000961511413528177 0.0228032166487724 0.276036987270123 0.120893516578753
-0.023911913596935 0.0166960925309687 0.0257447921637434 0.44759140559798
-0.0411273587287002 -0.0188481540772343 -0.394782687469057 0.307567071844864
-0.0390026810870442 -0.0275703811092669 -0.377076049565692 -0.0744003554580063
-0.0340704420647797 -0.035145666576149 -0.0755062415750236 0.0173377975702067
-0.0615460367994272 -0.00977868837052589 0.331486539245594 0.15753392661297
-0.0332227528459095 0.0291360791088969 0.459197307141325 -0.205305017930706
0.00905420845902027 0.0388574469111041 0.0538635540292693 -0.476668273354897
0.0294861893761651 0.00794372675273928 -0.29446974622989 -0.186037828078646
0.00917205271148935 -0.0272841500461784 -0.208783954141999 0.103171514203243
-0.0040928990776258 -0.0169795274441291 0.00200792034476608 0.0896531626035244
-0.0123351568517702 -0.00949581956188535 0.0994065222890117 -0.0635728106187729
-0.0109073040588282 -0.0188797102108928 -0.103411068765562 0.0606315013060332
0.00042529977144009 -0.00619600390717229 -0.0394356598223108 -0.0861126848410714
0.0147873466649167 0.00129624197393361 0.161323225183762 -0.121641055672268
-0.00178641523994317 0.0194182091943202 0.274051274181864 0.113474475630682
-0.0236263516444259 0.0128884899606756 0.0311804694660189 0.443435852678521
-0.037151697168433 -0.0225003771714894 -0.39201066518622 0.315819844706331
-0.0313980755644237 -0.0265961754361247 -0.386243253245605 -0.072698399241274
-0.0257010436469416 -0.0307464183463762 -0.0850021344404063 0.0093560812854161
-0.0541823597766822 -0.00886493565263291 0.3202210363423 0.158550285649188
-0.0293744653645806 0.0250543794950331 0.459460204059159 -0.195472531466115
0.00773137589195361 0.034752294947444 0.0632812056014403 -0.477719603929377
0.0280338285768525 0.00522560860755894 -0.2947665333573 -0.195148357398866
0.011097370666109 -0.028546701150193 -0.214656369884412 0.0986550073257366
-0.00168564744328061 -0.0169397067706617 -0.00170865626506047 0.0913724949997598
-0.00938507133547315 -0.00697558914002892 0.101372854102847 -0.0608198999698433
-0.00794549663355571 -0.0148328829524659 -0.101668029933647 0.0629483149580077
0.00239333305746055 -0.00431289256075397 -0.0394734322298589 -0.0855343257548894
0.0144768226979762 0.00186217890728935 0.158854241694549 -0.123129676544884
-0.0041286137839176 0.0161503637478095 0.271936297696649 0.110231672253889
-0.0234125187996598 0.0073125477163643 0.0301627664671329 0.441216080496912
-0.0307399628920434 -0.0276818310463804 -0.394069463535757 0.31795445433793
-0.0201500032520831 -0.0248166209732242 -0.392482080323722 -0.0741803731046768
-0.0148006797252687 -0.0246105904064441 -0.0909380872361342 0.00435722617741856
-0.0426813996403934 -0.00645963813825957 0.314336567827139 0.157390359929404
-0.0222416105223755 0.0207409479834421 0.457618633851402 -0.193507681257722
0.00864950714655038 0.0287952746504909 0.0629223304768845 -0.480839495882701
0.0258397166513291 0.00250751815205372 -0.296911969690468 -0.199478254057498
0.0110999858645966 -0.0285461097336808 -0.218663714853183 0.0974834813930929
-0.000542469380975216 -0.0151759110217936 -0.0027514592622945 0.0920130133157183
-0.00667839503204542 -0.00303510531291041 0.103425528281322 -0.0578571891465969
-0.00490077913088871 -0.00991984111305191 -0.0992824025524725 0.0645453371808929
0.00325444114420522 -0.00128425681729326 -0.0366955433627878 -0.0852197751004256
0.0129060984858561 0.00393456430155238 0.160788904808744 -0.122691841619955
-0.00876158152956582 0.013266051432606 0.269180700762179 0.112768828901636
-0.0233227296549507 0.00020558768711946 0.0230313138158857 0.441610242677207
-0.0216562782444949 -0.0339953584042286 -0.402429922946201 0.313860380563745
-0.00602123750628278 -0.0224049326428245 -0.395109455684382 -0.0797460106089537
-0.00232266425193062 -0.0176721854367181 -0.0919916691280622 0.00257591283895616
-0.0295173421414347 -0.00204389031325491 0.312100555615861 0.152876272864722
-0.0127268212334277 0.0159502410904132 0.451773317313309 -0.19951036990489
0.0100939752947448 0.0207011754194754 0.0538031226434806 -0.482110943615586
0.0220482009908275 -0.000778278599590451 -0.300700904217707 -0.198233547285249
0.00957807592658337 -0.0268081533185778 -0.218967262930561 0.0981503405299521
-0.000282008598312137 -0.012422566394687 -0.000838783441413241 0.0930635457748997
-0.0044800620113815 0.00187311909919991 0.105943658207878 -0.0561016013854101
-0.00282534699121386 -0.00429760219735034 -0.0967362368928445 0.0649886001274168
0.00305307518393298 0.00357941673812467 -0.0318125274691136 -0.0859559494901384
0.0101370546136339 0.00800664373275431 0.165795541336484 -0.120443980859032
-0.0134986444248252 0.0111866447034973 0.267448904397589 0.119770062700161
-0.022335460679511 -0.00759222764793543 0.00959226718708116 0.443385501761283
-0.0108536973263563 -0.0408876698373351 -0.412954012187656 0.303013238246103
0.00878549652191549 -0.0187361769228094 -0.391345777037018 -0.0878219489512549
0.0112423882634115 -0.00944686771989817 -0.0877961123724481 0.0033218586814722
-0.0155035486193721 0.0024043575150456 0.316134161438556 0.147670184695654
-0.00163778420211798 0.0112079645259138 0.444258479060831 -0.211363324978311
0.0118749493802342 0.0124067872204857 0.0397182816079819 -0.482770063624926
0.0174040803147454 -0.00360945844728611 -0.304528544223272 -0.192263946640614
0.00648210131888021 -0.0241586923635073 -0.216387748723654 0.101109461321485
-0.0011104681794659 -0.00782156755502587 0.0030419077516208 0.0931010474054072
-0.00258518675139768 0.00716952524690362 0.108275753640104 -0.0546020628637853
-0.00142620621369355 -0.000505926900469959 -0.0960627565115684 0.0645138077806762
0.00227361881515267 0.0076339406929504 -0.0256883260253818 -0.0873008279942932
0.00617268766249536 0.0122448271452059 0.173316101579923 -0.115573874129991
-0.018187889811186 0.00964373427583959 0.265193732476605 0.132486483812858
-0.0213469832295705 -0.0141443066501854 -0.00963158075429641 0.448115585934791
-0.000706987603241755 -0.0455863181456422 -0.426610153434831 0.28848555284672
0.0197734211441938 -0.0148132367684673 -0.384803616551297 -0.098451850068778
0.0207673181527132 -0.00297918061795965 -0.0786824195632824 0.00900025136924354
-0.00469567590905434 0.00531840916539324 0.324758667934296 0.140426081483306
0.00730664321213174 0.00729406270202039 0.435159678038466 -0.229776603391062
0.0138936802928691 0.0063947479976591 0.0195347876351086 -0.483405620499991
0.0135564005474892 -0.00551458408571445 -0.309467334658699 -0.179696505322787
0.00288326557235798 -0.0212205524082958 -0.210022026978991 0.107447284109932
-0.00270960700876518 -0.00368099239160023 0.00920041859928386 0.0923727496411781
-0.00190925808829811 0.0114766473762041 0.109786142563464 -0.0546604131146137
-0.0174293582860671 -0.0209567938105881 -0.105880104900023 0.0549834155690491
-0.0035475824446922 -0.00172705307202484 -0.0278939310811161 -0.0904521091524264
0.00888621301565866 0.00972855200937428 0.184665348625067 -0.11083544574637
-0.00523810031816141 0.0277948589044199 0.280592189351381 0.143697606686954
-0.0232209328878311 0.0160746654886107 0.00202581882026697 0.458825044394715
-0.0366820474580224 -0.0205310054484314 -0.409561118470566 0.286480236466365
-0.0367215791699926 -0.0263313479628168 -0.358884813221068 -0.0865096397746623
-0.0360594815124769 -0.0331794549628561 -0.0505820112751257 0.0347818409128338
-0.0615027265900804 -0.0044842503937211 0.359847885159185 0.143343868674982
-0.0267262820777233 0.0333453800410629 0.447976252953335 -0.243777438033911
0.0142657069705633 0.0372995037935851 0.0161960762444155 -0.475579379693721
0.02652460401295 0.00777712494802022 -0.301293329248652 -0.156551290543772
0.00160495742701835 -0.0227646969634209 -0.192815081382031 0.116755149785712
-0.00982386677398052 -0.0118922690492838 0.013559231344467 0.0873129460369221
-0.0159801110501575 -0.00801988467598693 0.0975517389269093 -0.068985057771656
-0.0159648182460242 -0.0220247534282493 -0.105735462852888 0.0570010238622247
-0.00180836112252619 -0.00472213974984439 -0.0341174866883521 -0.0892905225331999
0.012470234105465 0.00532074269997212 0.175023163482863 -0.116737913612529
-0.00153831359162786 0.0261111102066796 0.280832032075244 0.129922757522262
-0.0234482286596351 0.0180560632083779 0.0193958387534799 0.45462592985106
-0.0407365381620775 -0.0182396585389512 -0.399495267087076 0.301039664841374
-0.0407871420704253 -0.027469292899512 -0.368877855041138 -0.077470977013789
-0.0377816894530378 -0.0352221287960916 -0.0628720351138958 0.0265408644550355
-0.0644608222346482 -0.00742119196161289 0.347592494914668 0.14968773150382
-0.0318425633185463 0.0330586963032033 0.455099093838505 -0.225938062855768
0.0116906526340772 0.0398441937769994 0.0338792382783995 -0.478209441834501
0.0287245962308431 0.0083979040182234 -0.29971462994134 -0.170105044700928
0.00576746248094235 -0.0255193524727821 -0.200613468362987 0.111623842122374
-0.00684278362785536 -0.0151136331527547 0.00803560779227809 0.0887770109673627
-0.0145795483771479 -0.00996497383139662 0.0981706475973493 -0.0678437036757113
-0.0141358308003666 -0.0215142261305635 -0.104796662479185 0.0588747830115482
-0.000520333750051734 -0.00615598737555556 -0.0388609841785003 -0.087375861597964
0.0141603707358982 0.00230010063499815 0.167026500790741 -0.121169136160085
-0.00077394545237376 0.0229524284480889 0.279541221968012 0.118391308912255
-0.0235878166722115 0.0166691180504155 0.0316504889663231 0.450531447505963
-0.0409816781553996 -0.0187816859168812 -0.393833748468969 0.313925677803774
-0.0390206891509122 -0.0268180882494942 -0.380409815313972 -0.0711092088730235
-0.0348587971410194 -0.0340557263499174 -0.075630940570253 0.0183565816102958
-0.062245379200717 -0.00888252438957422 0.335064467851964 0.154864291210163
-0.0327937929456339 0.0305284722621546 0.459668855147651 -0.211856332676302
0.00957089054979632 0.0388783484649682 0.0478218678585027 -0.479770655164369
0.0300149493103375 0.00737363159582188 -0.298267742848296 -0.183684967202459
0.00845373476411512 -0.0276203672803606 -0.208618325035013 0.106451255767003
-0.00443169919788976 -0.0168138534818469 0.00275488541879094 0.0906099280312061
-0.0123297480890058 -0.00966324313862784 0.0988788888227698 -0.0641861616738672
-0.0114746994749835 -0.0189144476591983 -0.103032441863494 0.061948855533335
0.00125358287515556 -0.00597975420870884 -0.0408262322490917 -0.0863214889920622
0.0147300517326597 0.000940978272211648 0.16112463063873 -0.123961218125794
-0.00135765549998789 0.0193902423358056 0.276830080136561 0.111290272910252
-0.0236207275169559 0.0129033047153013 0.0371931604546962 0.445351496508062
-0.0374533475851678 -0.0220360115087666 -0.390447680452094 0.320782588127968
-0.0314590059174682 -0.0259546261983337 -0.388856465453915 -0.0682047016627775
-0.0264883073695199 -0.0304518745667334 -0.0851245234489244 0.0105025475971056
-0.0542890718193201 -0.00846737990456635 0.323501530964421 0.15598305950803
-0.0295612123647822 0.0261369583724933 0.460623905000603 -0.200900336669685
0.00899685680930877 0.0351381806542548 0.0565251499889504 -0.481124103370064
0.0285639983821492 0.00536564046932599 -0.298093700539012 -0.193158179522509
0.0104223656899755 -0.0286243485112291 -0.214726896135114 0.102554782597748
-0.00195735596768899 -0.0171111873174902 -0.000487108838232235 0.0920922085425888
-0.00981831367020448 -0.00662523876025013 0.101230876523226 -0.0612623993061508
-0.00850345991998983 -0.0150079328543434 -0.100998322546541 0.0641322094267639
0.00258940733957623 -0.00401593849182303 -0.0411202577474134 -0.0854896598657717
0.0149226698034028 0.00150656809112121 0.158307784623173 -0.125833170260682
-0.00453296376271497 0.0163819588280891 0.274955240871239 0.107650247623102
-0.0233747790021754 0.0070589508655835 0.037013193912007 0.443184757690463
-0.0310873502102327 -0.0274545102662394 -0.393482536538927 0.324018108536275
-0.0204045338251665 -0.0245583072010281 -0.394953450069531 -0.0707990092849177
-0.0150214542256113 -0.0245994653163667 -0.0912794122509062 0.00539712145708224
-0.043160342369724 -0.00536112395342999 0.318051095831642 0.154315417780849
-0.0221071029312474 0.0206924556602452 0.457451752821137 -0.19883152797643
0.00863990820931044 0.0283793300474963 0.0579468269657926 -0.482424247056782
0.0262408716118567 0.00247902707908861 -0.300112114926579 -0.197304944673238
0.010489064875722 -0.028783145269871 -0.218717563401755 0.101175925689636
-0.000737073077971396 -0.0153885459542799 -0.00152177716953106 0.0937534858482905
-0.00673234474930677 -0.0032071294194531 0.102919590547874 -0.0585430963140265
-0.00539333183290584 -0.00990690743310806 -0.0988263395571577 0.0656437244957824
0.00324211273659244 -0.00118549215765536 -0.0382902728692922 -0.0849950269682594
0.0132376340832063 0.00398028429530327 0.16015581164302 -0.124859074932811
-0.00812280547140542 0.0134021565194337 0.272137998494673 0.110327413697532
-0.0235550549328538 0.000184705529557627 0.0290070100632067 0.444966059297853
-0.0223344023835335 -0.0341129417951539 -0.401307927609761 0.321513630754251
-0.00651264117304464 -0.0220240252421143 -0.396886438433861 -0.0750898367564497
-0.00294347150665936 -0.0173826091716695 -0.0923980706800251 0.00366637077652142
-0.0295595796151671 -0.00208834434119589 0.315799591097213 0.150400393822631
-0.0125445670392263 0.0163482400366912 0.450828974298276 -0.20496165567489
0.010130287060576 0.0208593583728622 0.0486077511338572 -0.485199437800833
0.0224879137660634 -0.000574647474804259 -0.304961356761894 -0.195424649368006
0.00881292561364044 -0.027170338272192 -0.21931770902326 0.10199036959777
-0.000409904619085999 -0.0124135923100281 8.7543568277022E-05 0.0938469723109858
-0.00448473786238767 0.00171444822600769 0.105898624120243 -0.0569550448745286
-0.00315436895184761 -0.0046270785429908 -0.0967073932352266 0.065905892953978
0.00341587004914655 0.00327651578200768 -0.0337423084295003 -0.0865740791887268
0.0102084528584523 0.00796387708511829 0.165504791652519 -0.122551079557337
-0.0135341258690361 0.0119504075332331 0.270597840865567 0.117608808887414
-0.0231030045494281 -0.00781565757366773 0.0153245715211091 0.447389625539458
-0.0111614094579909 -0.041212655248042 -0.412130792175173 0.309896780776816
0.00821733209613704 -0.0187566582088039 -0.393770743693054 -0.0845826328176924
0.0110496301476319 -0.00914932331738314 -0.0881986374194505 0.00492020716165117
-0.0155882440375259 0.00302810525831123 0.319527668569793 0.144822683127786
-0.00165351538827697 0.0111991295933803 0.444653846817951 -0.216762495926267
0.0116504103494659 0.0125296966056567 0.0349426560816587 -0.484887341464242
0.0179164796608688 -0.00383657681470048 -0.309102223763119 -0.189350461394215
0.0056553621222756 -0.0245465250770066 -0.216801239176037 0.1049830256533
-0.00147157078826059 -0.0080442658488694 0.00404860784349605 0.0941267030111311
-0.0023931659792841 0.00694879995935109 0.107982432032021 -0.0557193452498699
-0.00140224316856618 -0.0003814644672185 -0.0961550252817861 0.0655125112412289
0.00279462355316326 0.00771633435201953 -0.027288273277663 -0.0874788128266019
0.00680228934237929 0.0124562747287578 0.173507380543046 -0.118085774985131
-0.0183526848680673 0.0105889288635231 0.268666417960883 0.129610130946497
-0.0214534115304525 -0.0141707557931056 -0.00240792474916517 0.449814643295845
-0.000903795541814908 -0.0458340675814441 -0.425401533901057 0.294229558137552
0.0199568507769331 -0.015029620278166 -0.38778628281825 -0.0945030377492574
0.0208401434633931 -0.00320359049904306 -0.0791891007969587 0.0103407457746911
-0.00446608113428198 0.00582021697460112 0.328297780222611 0.137844779154205
0.00755095928328911 0.00737041859611982 0.434625560170581 -0.235634622355911
0.013940294491861 0.00588895844927393 0.013104049623611 -0.484611786957899
0.0134598191541334 -0.00521364505974017 -0.313613755855022 -0.17662975509959
0.00213394715969144 -0.021646461245224 -0.209890804019774 0.110419105956941
-0.0032109763640701 -0.00345909970148975 0.00988784968668965 0.0934417358417121
-0.00215759521877827 0.0114313827968842 0.109736428991344 -0.0554927872083428
-0.017787651621927 -0.0208379815668671 -0.105512733280068 0.0560073628953389
-0.00309935833683245 -0.00161448095685865 -0.0295302670597116 -0.0912145754029505
0.00940831826135911 0.00985019048312877 0.184313991272039 -0.113544997044445
-0.00439404147203828 0.0285082991680969 0.284067787551439 0.140237758087256
-0.0238232755472091 0.0157511849870751 0.00853341124354629 0.461007027313156
-0.0367892060655676 -0.0203925290269067 -0.40812111948612 0.291554424222609
-0.0372831365103306 -0.0257303250713049 -0.36122252477295 -0.0822014205475411
-0.0363092965424577 -0.0331262513868226 -0.0505560978843664 0.0362585660690754
-0.0616411878798859 -0.00344589390746432 0.362321165762453 0.138805556816384
-0.026506878393165 0.0342883196691608 0.448526295210402 -0.249778270342418
0.0150046602098146 0.0371499848723039 0.00915315483201675 -0.47765060435572
0.0266687669555957 0.00753433676814029 -0.30495929711436 -0.153532230456255
0.00102472430601761 -0.0228911607828842 -0.192101414585322 0.120289231238698
-0.010091517633236 -0.0120631286455579 0.0142162084293902 0.088063093482365
-0.0163595156168051 -0.00819124066983189 0.0971545056169605 -0.0705784629349777
-0.0166509194288622 -0.0219558322876053 -0.104777478683341 0.0581407726238463
-0.00162513131719861 -0.00417677724745498 -0.0357385213455262 -0.0889673125248131
0.0126554813449039 0.00493442912509775 0.174315822999117 -0.118927425539139
-0.0012349902083449 0.0263314035099152 0.283572716696364 0.126518846408568
-0.0235494823493953 0.0180957587780068 0.0264833075278521 0.457117799231109
-0.0408429805989072 -0.0179837150071739 -0.398444535375536 0.307558503525698
-0.0407100565274465 -0.0268091361155075 -0.371439742503761 -0.0733814121020662
-0.0382874660464974 -0.0347441345467032 -0.0632618561016085 0.0280075023966768
-0.0652120668385363 -0.0066602626070568 0.351054546046523 0.146047023054062
-0.0315185679128413 0.0335445286867856 0.453602510373727 -0.232318664014221
0.0124257586187456 0.0394907838685126 0.0266934358728636 -0.480035629244675
0.0294168659710018 0.00824093501616978 -0.302848581181059 -0.167464905935371
0.00511436942369456 -0.0254928861390132 -0.200232085967759 0.114687163668192
-0.00718010626548274 -0.0154733851399556 0.00876131578614576 0.0894796172799667
-0.015253542165442 -0.00958802652381931 0.0975588108998611 -0.0685912341287255
-0.0146731098269225 -0.0217044247327299 -0.104619626564524 0.060187370432319
0.00038216810736744 -0.00639621523595687 -0.0403140506776706 -0.0872534628887718
0.014290112945428 0.0016016078939087 0.166230345978133 -0.123664756906198
-0.0001122633803275 0.0234255406421282 0.283104755739735 0.115023846071204
-0.0237459852817932 0.0167944093632865 0.0381733512333046 0.452599082110826
-0.0410307969899253 -0.0185322989691998 -0.391786166496582 0.320610158652054
-0.0390076421294837 -0.0260684438123381 -0.382416006297291 -0.0666975997859517
-0.0351871468990293 -0.0341154293950839 -0.0760615878216104 0.0193168045711061
-0.0624776144690949 -0.00811113485285854 0.338108862034924 0.149492408156217
-0.032669395700916 0.0306983355503327 0.457445801463495 -0.21737295101206
0.0104200004025724 0.0386673974264466 0.0411753762447262 -0.48228594794133
0.0303430641889304 0.00702466090063076 -0.302371922851226 -0.180725187993524
0.00803717306331847 -0.0277051300807949 -0.208546359017894 0.110329763781173
-0.00476813763087236 -0.0171403027133347 0.00368795504920927 0.0914901857541199
-0.0127158988291125 -0.00923080517354542 0.0987711643769905 -0.0653508920179961
-0.0120033198459279 -0.0192081175960707 -0.102744853006529 0.0627801294854607
0.00138713734466669 -0.00620841578138492 -0.0422589091249444 -0.0856906710239477
0.0151187529376133 0.000817896583353774 0.159911421853776 -0.126592130871897
-0.00133136837202701 0.0203337338305535 0.279424363276471 0.107746110676734
-0.023216241479276 0.0133516477645649 0.0443400898999786 0.447111289520495
-0.0379990834723595 -0.0217933503459482 -0.388061164161776 0.327578844184467
-0.0313110670240231 -0.0250549232374706 -0.390856853463472 -0.0643432735759683
-0.0265481117490512 -0.0300955011958144 -0.0860903848983389 0.0117553780753341
-0.0542645583409933 -0.0069783918324595 0.32732651912216 0.152184345488157
-0.0294402113782778 0.0264416366175668 0.459303356241549 -0.206673841735102
0.00889319978973066 0.0346057402301497 0.0504231616281795 -0.483139386873754
0.029044754095243 0.00490226248815112 -0.302019534237498 -0.190322366354156
0.00974215624447853 -0.0287600859340567 -0.214770602680785 0.106348559895697
-0.002503099798598 -0.0169786705062803 0.000541341686801342 0.0930652867599989
-0.010367399032684 -0.0068940574345964 0.100675762838087 -0.0627654151240117
-0.00893376427045408 -0.0146497457798676 -0.100243504468392 0.0649740591606726
0.0032949453608853 -0.00393229493877717 -0.0424202521260479 -0.0852344346721787
0.014740795527211 0.00153940679895613 0.158113378260007 -0.127748990488415
-0.00383050579506039 0.0164117151798802 0.278100361392664 0.10439865943511
-0.0237904646593405 0.00771892881367195 0.0434808783567273 0.445357168329574
-0.0314801372775013 -0.0274501505243055 -0.38991824880431 0.329463864549575
-0.0204108502742762 -0.0240749243425339 -0.396995974036437 -0.0677336965281903
-0.0153348328131083 -0.0243750597918133 -0.0917580935897278 0.0068235921652231
-0.0433388911805936 -0.00496959992760427 0.320980643057048 0.150903635964738
-0.0220605657791703 0.0217748504418579 0.456548301378508 -0.206324695537142
0.00934800212141752 0.0283592147565574 0.049475323506996 -0.484838104422041
0.0265117475285858 0.0023180806131109 -0.304533255810214 -0.193715482193408
0.0101908737872541 -0.0287788324547476 -0.218640123846152 0.1051334797335
-0.000923534290230664 -0.0154093458372383 -0.000652691159782779 0.0939844877606368
-0.00744271985881604 -0.00297653156467019 0.102637143120906 -0.0593850549811306
-0.00611180403864341 -0.0102185623942222 -0.098424053319694 0.067023668862305
0.00402090516824553 -0.000922527314638328 -0.0400956537024047 -0.0853200273070262
0.0131081064759434 0.00353045859420254 0.159294740272021 -0.1273601557609
-0.00794185870021098 0.0143965851967616 0.275477778207252 0.107038974201927
-0.0236604965689234 0.000324764935853867 0.0360487245475896 0.446992786145398
-0.0228268898928208 -0.0342407679497163 -0.398824773437749 0.326555782709488
-0.00659931724633866 -0.0214444523085708 -0.399134528280753 -0.071811731314352
-0.00264381828147912 -0.0173376204853174 -0.0922961763191409 0.00549791347493446
-0.0297113152342649 -0.00108510413340861 0.318850102984045 0.14727697697661
-0.0122341782951203 0.0165246469465231 0.45112610148911 -0.21239703943805
0.0105399984261409 0.0207382979443292 0.0409898512753427 -0.486668931388175
0.0225341756817274 -0.00095405071669283 -0.308682862527368 -0.192606984233533
0.00846645091810501 -0.0277054277179235 -0.218627996111144 0.105879204716853
-0.000904686923242221 -0.0124361226831242 0.000800928074933422 0.0949890922877495
-0.00474314599616502 0.00188913135438867 0.105117204073355 -0.057853608962765
-0.00304144514749017 -0.00438280475489007 -0.0964230908515197 0.067317737221595
0.00411903007001567 0.00339753451652704 -0.0352713436110469 -0.0864690509198361
0.0102244313500444 0.00746863414373181 0.164604409558234 -0.125467635970247
-0.0134348436747233 0.012316703226258 0.273352932676864 0.1141577576956
-0.0230488467960503 -0.00782273429339972 0.0229603591850371 0.449882307103726
-0.0115465538457758 -0.0409248767273779 -0.409643988898906 0.31608602378538
0.00859348754238781 -0.0179797999933115 -0.397172479812322 -0.0805607036342449
0.0115094124663643 -0.00922279226006834 -0.0886229434186308 0.00677504225662635
-0.0147504414107997 0.00300554408718015 0.322612428003466 0.141444337407584
-0.00150134519150675 0.0115185189339451 0.443703870458027 -0.222576825618558
0.0120538133552236 0.0125465619876363 0.0276460588422077 -0.4870352585602
0.0176127198414749 -0.0038654286367279 -0.313845434157158 -0.185379508726694
0.00513329008590819 -0.0247697026056278 -0.216198220663498 0.108193822956974
-0.00148614429633443 -0.00792228141888348 0.00498701225280391 0.0948448667467097
-0.00267874163551805 0.00694909716351719 0.107982593927155 -0.0565815692469319
-0.0021682358933926 -0.000227610515344336 -0.0949286717548092 0.0667622384852013
0.00334672687127332 0.00768747592458284 -0.0293880378986634 -0.0876918548188107
0.00710379319926532 0.0119667932720811 0.172199873465157 -0.12082742818157
-0.0178981958935235 0.0112890970926492 0.271720823101624 0.126688805795074
-0.0218775704238086 -0.0141897059249964 0.00384918049586648 0.453615360969696
-0.00103298338214712 -0.046754442543189 -0.424298448399875 0.301018771653758
0.0203452952743378 -0.0147866977505633 -0.390906715113563 -0.0910293003872977
0.0209503830876102 -0.00255687573298383 -0.079476033439325 0.0117606330196715
-0.00425469264556395 0.00596189404670218 0.331257522172036 0.134146212511692
0.0073805039733288 0.00744282269144649 0.433611928037651 -0.241851125458513
0.0141823869855522 0.00619019832092819 0.00676207918049668 -0.488045566417664
0.0134632578229567 -0.00543817414037382 -0.317546154150922 -0.17324622253584
0.00151965159274394 -0.0216438609173856 -0.20942443437403 0.114080415592664
-0.00369193687576006 -0.00373306964063302 0.0112389759725791 0.0943716706245945
-0.00216460490445642 0.0111456803353095 0.109207234345964 -0.0563155992832455
-0.018354077935524 -0.0205969939057286 -0.104815479424504 0.0568588499877584
-0.00242161288150148 -0.0016216753218556 -0.0315148376807528 -0.0905793774755927
0.0094298028863165 0.00915122512628167 0.18310276568942 -0.115978789157208
-0.00384904232874478 0.0285875411829384 0.28724474752287 0.137009534993385
-0.0233812335248522 0.0159540358130101 0.0153930226094753 0.463388533516711
-0.0371844429469174 -0.0202320657587106 -0.406140986538604 0.298892928618221
-0.0370513901143342 -0.0249715407760188 -0.36435313749561 -0.0780521325323716
-0.037054433698466 -0.0323470532897235 -0.0503722260329447 0.0375623744758154
-0.0616480362999523 -0.0022838073282668 0.365670198088925 0.134675715261674
-0.026351509180969 0.0346408965222006 0.445360668364726 -0.256543403505285
0.0153427668825673 0.0369348249745493 0.00118593698040482 -0.479689663182498
0.0271698187096922 0.0073354012442378 -0.307823989605413 -0.149579832354554
0.000278814447592705 -0.0226084307772237 -0.190377060751014 0.123877659432932
-0.0101784900128367 -0.0117893243623496 0.0154007917414177 0.0881346208109224
-0.0163394785239673 -0.00782085685053216 0.0964442693286802 -0.0713232137261585
-0.0172460049331308 -0.0220199134681984 -0.104652696139144 0.0593242232798857
-0.00107623600898812 -0.00462173682509532 -0.0377287031265476 -0.0892590082873343
0.0125266846020364 0.00503461539671722 0.173322654767408 -0.121536713556776
-0.00102679658756223 0.026706478401246 0.286328972716727 0.123567854516381
-0.0234710753383074 0.0178451350641359 0.0307455609465504 0.458660948192563
-0.04139054401671 -0.0179269839122254 -0.395741065503698 0.313419237086501
-0.0410222285637917 -0.0257346006594451 -0.373595677328543 -0.0690762430356503
-0.0387626951954296 -0.0343693669072242 -0.0632801423677392 0.0292808084319909
-0.0648961345548441 -0.00565771911949605 0.353728538113647 0.142150816269683
-0.0314638390513689 0.033786346149718 0.451698519798608 -0.237884455163794
0.0131007291236198 0.0389239751502359 0.020298742440412 -0.481035447026348
0.0295858335367889 0.00699695002883919 -0.307059358054148 -0.163112977618823
0.00405186981779332 -0.0255976841124804 -0.199075564446003 0.118297830557909
-0.00751077535749062 -0.0150955161354594 0.00984336745451535 0.0897172192252057
-0.0155205085431338 -0.0100338224462074 0.0966164444364434 -0.0693851831772498
-0.0156559131570827 -0.0212704078111946 -0.103304993142861 0.0618637668354078
0.000723080216320462 -0.00609907710526837 -0.042400650057248 -0.0874480930501886
0.0149328155099826 0.00180146899507743 0.1654772016162 -0.126488676105634
0.000580181918927478 0.0234751390974862 0.285740114128978 0.112058301629585
-0.0230315607258459 0.0170385623388801 0.0441001363738467 0.453102235006604
-0.0421037762983506 -0.0178946030720166 -0.388576441934115 0.326681683522676
-0.0392009708288479 -0.0254017211114242 -0.384806756125929 -0.0620021032856504
-0.0357096824042694 -0.0336623287428604 -0.0752837148912774 0.0212639460929214
-0.0623330477371103 -0.00717435315937411 0.340832904454743 0.146677465382577
-0.032160541667861 0.0314148932846642 0.456922308964504 -0.223975873738978
0.0106208236643232 0.0388793303510156 0.0349808287526948 -0.484055171333424
0.0306732305555199 0.00652413585565297 -0.306753635559115 -0.176582794041187
0.00765829443709156 -0.0276118042177396 -0.207575330232154 0.113744343135272
-0.00484498614623635 -0.0168091633385283 0.0049428943162971 0.0921422216637903
-0.0134060139938299 -0.00939659932024949 0.0977941432831023 -0.0664494594017297
-0.0124464480790204 -0.0185960873427663 -0.102074254090554 0.0637922600115246
0.00210483840509155 -0.00637611003690085 -0.0446500925506905 -0.085950946399779
0.0152358683237541 0.000788872905669312 0.158948767961911 -0.129155486813278
-0.000777198192916133 0.0201165753134225 0.282275109872043 0.104239123226287
-0.0237759437189719 0.0130208595446843 0.0507187340397627 0.449885216735282
-0.0380747933808385 -0.021585359680167 -0.385857471527912 0.333561421603826
-0.0313363849301412 -0.0243156423549565 -0.39417032445552 -0.0603109470832158
-0.0269814631268265 -0.029739039628008 -0.0858768723488868 0.0131050065493816
-0.0543709270902935 -0.00642833310296207 0.330322344901671 0.14820490558715
-0.0290862286395878 0.0269991832790082 0.457290530524604 -0.213598973706015
0.0094839135087711 0.0346623663632755 0.0422097530686261 -0.48474012053414
0.0293235649324622 0.00482074886101016 -0.305851078649753 -0.186214606732396
0.00911500095837402 -0.0287940875211196 -0.214170399080675 0.109623337693092
-0.0025956182699312 -0.0172652414196676 0.00184664987142966 0.0937115930148585
-0.0104666305084114 -0.00719697864328214 0.100185517284361 -0.0631562783502712
-0.00974016880059371 -0.0150032288753131 -0.100125641186919 0.0664419599899812
0.0036809178245429 -0.00401599902624775 -0.0443431359807453 -0.084583227812137
0.0147806733183828 0.00116600591904953 0.157117103706984 -0.130734325930148
-0.00365656144155249 0.017201877727435 0.280320184396441 0.10066943043304
-0.0236634710493007 0.00751795425413049 0.0509559922574328 0.446933226353369
-0.0317186463742505 -0.02716283781607 -0.3873272461843 0.337221300053222
-0.0203491559356979 -0.0223828828899755 -0.39956725158478 -0.0611881713642621
-0.0156028278226794 -0.0239670524822946 -0.0914109476599736 0.00868984124253116
-0.043027822391768 -0.00433966945074139 0.323638279607976 0.147472738558922
-0.0221661848952707 0.0220287709994635 0.453811609824016 -0.212063533139822
0.00946177840844559 0.028061056594698 0.0431940692797724 -0.485702458512631
0.0264035539055012 0.00202796406691276 -0.308043853653194 -0.189948842118788
0.00904766358084264 -0.0287838470887739 -0.217582916455718 0.107973231842766
-0.00161440872175775 -0.0152986730483694 0.000715680530694882 0.0947998194462684
-0.00738585119997662 -0.00305735040033632 0.101929946327442 -0.0605348779541181
-0.00658757816302905 -0.0100678743581707 -0.0973650421633582 0.0676681753534158
0.00456250200167017 -0.000737841839094683 -0.0416184884352531 -0.084702405957936
0.013868235628292 0.00387521591741398 0.158151430930537 -0.130239996120689
-0.00784842911882581 0.0146592120307941 0.278169628715395 0.103646660573248
-0.0239956089246819 0.000263444499717659 0.0428480647641582 0.448111766049906
-0.023061791210841 -0.0339285619427679 -0.395951937131037 0.33324906334333
-0.00674445497525161 -0.020881390514526 -0.4014739633157 -0.0662636436678958
-0.00264800767341605 -0.0172842062442838 -0.0929265684161469 0.00621881146867606
-0.0295552564289556 -0.000433886729553591 0.322066469048757 0.143718906775152
-0.0124788161691849 0.0166850138287847 0.449347811961145 -0.218614735771624
0.0105877685051406 0.0206345583515413 0.0342457614383289 -0.488224374362145
0.0225880231396312 -0.00162617952468416 -0.313180638338871 -0.188068251016176
0.00744933252422957 -0.027392893536491 -0.217531406635035 0.109559247362099
-0.00124429984390123 -0.0124572481793999 0.00230504903177168 0.095420467714205
-0.00463471339128093 0.00144570369752534 0.10483606830465 -0.0586411759227053
-0.00399643422639331 -0.00465001387763278 -0.095533625041869 0.068324748969853
0.0044289677610507 0.00340828787495001 -0.0377600603643958 -0.0858047403450134
0.0106929652926685 0.00759657317552727 0.16291995068432 -0.127608609989649
-0.0129506743329134 0.0128495514683752 0.276066633431965 0.111228645725346
-0.0235269287368966 -0.00774840759085062 0.0284470458544348 0.451143252091252
-0.0120049535067382 -0.0414358653258216 -0.406125747257546 0.321462226301109
0.00860544068354074 -0.0179369620528171 -0.398660657773071 -0.0755217692215101
0.0113442892520003 -0.00915169271853389 -0.0890072085427292 0.007978813773134
-0.0148640995657205 0.00331689175509332 0.325326457670348 0.137685318873281
-0.00139331894937996 0.011221584835849 0.441315717146571 -0.2298045698645
0.0122877852017724 0.0121341876709262 0.0206117181651008 -0.488503661519498
0.0181970344507578 -0.00421684015002967 -0.317316351704344 -0.181869487619645
0.00494243089122671 -0.025130229631432 -0.215467463905446 0.113035871953881
-0.0016151798837979 -0.00811793507076336 0.00625041217902395 0.0957406241127347
-0.00289983598111423 0.00680436743158667 0.107240271191691 -0.0577289252624163
-0.00257593886514723 -0.000343000907178615 -0.0944395707536571 0.0677389090600276
0.00398063532639489 0.00737371903382885 -0.0311094148371104 -0.0874232864381291
0.00686657828858725 0.0120496349449655 0.171498739178503 -0.122426356458103
-0.0178847754015862 0.0117233373469852 0.274458247146572 0.123200622374065
-0.0220726461208206 -0.0142184496606654 0.00917747893740218 0.455729601578104
-0.00166960338036575 -0.0465545350472416 -0.422181488405116 0.307353762419342
0.0201925538082528 -0.0147094843121374 -0.393384033309547 -0.084878832515925
0.0212588088973434 -0.00342503050316524 -0.0790052405628366 0.0126666719474674
-0.00387443239401526 0.00624454987434714 0.334213027834043 0.12988577168681
0.00748999923753933 0.00756869735093665 0.432270560098455 -0.247906581750562
0.0141972768589075 0.00575066210440062 0.000201218688347278 -0.488943921533127
0.0133498203813381 -0.00606424946162326 -0.322104593812116 -0.168443682916523
0.000938893411845698 -0.021695965496835 -0.208051368088305 0.117741578724824
-0.00278056433608064 -0.00368061440563286 0.0119350180103579 0.0947551630887472
-0.00196510461713251 0.0110464155177919 0.108879584783637 -0.057457056814909
-0.0188944006550999 -0.0204771611539282 -0.104416437080716 0.0581315482034474
-0.00225677960425861 -0.00149338307329743 -0.0332696604508359 -0.090212021641453
0.0098857692728305 0.00897453323489393 0.18231591452327 -0.119212283394254
-0.00298891211446404 0.0294521116412415 0.289471629075214 0.132921047928435
-0.0229000306772838 0.0164383890418538 0.0225117174395955 0.464089595473837
-0.0374495112736126 -0.020076762398077 -0.402161050044018 0.30453897641452
-0.036882255930974 -0.0241801118726279 -0.365685040865364 -0.072810603132604
-0.0368670994260857 -0.0319269183192288 -0.0503134698944715 0.0381884228837763
-0.0617344691653904 -0.00152844979529078 0.36850319263411 0.12918363695929
-0.0258806403587405 0.0350802319735221 0.442577786958288 -0.262345304578812
0.0157601094108984 0.0369712280948904 -0.00359239697794536 -0.479244155600398
0.0270735272675741 0.0067167315375816 -0.310851938330561 -0.145284315440323
-1.05690562769087E-05 -0.0224277626659872 -0.18991746273366 0.127204691590438
-0.0101809319865346 -0.0120484897084886 0.0165637953442986 0.0888222588225791
-0.0167450493848136 -0.00766790138023885 0.0956291664791434 -0.0719623829932311
-0.0180409668498027 -0.0213929033577917 -0.103722219729963 0.060363815356297
-0.000647563592566463 -0.00479347758690723 -0.0393618107494315 -0.0882789647015385
0.0129696947427066 0.00452903161246253 0.172215276901586 -0.123845085553055
0.00017770620996933 0.0273284878425263 0.289004369258152 0.119432680837126
-0.0230878597329963 0.0180320851686738 0.0380215064296472 0.458010278087121
-0.041816839046931 -0.0172123077332928 -0.391064437373954 0.319794902416711
-0.0414111469224462 -0.0247655082737119 -0.375128044594466 -0.0646606312501827
-0.0390137961569999 -0.0339698488160542 -0.0625932608837755 0.0308224497672233
-0.0646997344415714 -0.0046283408301827 0.35670964958858 0.137345431546187
-0.0308259925384832 0.0345687855731134 0.449794177104612 -0.24489258404722
0.0135616922696661 0.0394845853159368 0.0137228596301027 -0.482747405764465
0.0295836471965474 0.00685563720126094 -0.309297772418694 -0.159396440187013
0.00389887026512638 -0.0254396786834488 -0.198052352090033 0.122037538881011
-0.00785408192441826 -0.015031442800336 0.0108304046726401 0.090509115171998
-0.0160504849947568 -0.00941812892876309 0.0957727008159221 -0.0700120099072427
-0.0162735778632715 -0.0212389519873498 -0.102934351523887 0.0628691012816397
0.00112054102301945 -0.00655492962696434 -0.0441372620207075 -0.0864933182986541
0.0147987411946596 0.00182232823342307 0.164150290438628 -0.12851911519237
0.000867827253845382 0.0240611050994611 0.288140697117741 0.107740901588997
-0.0233275472029152 0.0172052212244473 0.0518840486946387 0.454672291363858
-0.0418694648788309 -0.0179427475191438 -0.385078603031349 0.332546193343707
-0.039293222691072 -0.0245447908935191 -0.38630565501992 -0.0576388124108417
-0.0358462386904902 -0.0330687253820995 -0.0754987539592754 0.0225239266074364
-0.0626227794691969 -0.0060860590063486 0.344295453291633 0.142050536043389
-0.0317387489999495 0.0318070710070754 0.454452028775131 -0.229028882543472
0.0115905178618845 0.0387447618836533 0.0272254802877414 -0.484190678214014
0.030630729230655 0.00640693103530679 -0.309912402290946 -0.172756122300786
0.00661764561977259 -0.0279052961649334 -0.205984183418397 0.117026241069469
-0.00508615733000114 -0.0170354531389673 0.00585244813677299 0.0923338812939045
-0.0131943576745692 -0.00921886028560021 0.0969027145038187 -0.0667165090480547
-0.0133381111192776 -0.0185337148733232 -0.100954890055863 0.0650027591012585
0.00250308821321233 -0.00617184027594397 -0.0463792934316634 -0.0853972419112507
0.0156095627608273 7.74950922151612E-05 0.157506914524017 -0.130843198686767
-0.000101986619816787 0.0208919904707322 0.284847402888452 0.100257735488943
-0.0235076943345173 0.0127225581474849 0.0578838021311905 0.450918265848366
-0.0381245652549696 -0.0210793418705532 -0.381287206923448 0.339554537475203
-0.0318397808588043 -0.0238309217573755 -0.395048160675958 -0.0548800132128774
-0.0274235126584684 -0.0294448768332858 -0.0854959128341665 0.0152176158799604
-0.0541835620477313 -0.00607881443773974 0.33205985472291 0.144668190872314
-0.0284703091604082 0.0275112434428533 0.454936113824902 -0.22031789242241
0.00979184108399915 0.0349327391058498 0.036236389579287 -0.486343338977
0.0298425487294474 0.00402341281533843 -0.309978495096136 -0.1820393948893
0.00846854794203598 -0.0287221162697513 -0.21267703013878 0.11300917330236
-0.00249216117237565 -0.0170650734255419 0.00268713490018268 0.0943366079691986
-0.0105089520994509 -0.00696129735851301 0.0996225535581816 -0.0640235990903499
-0.00961107511352864 -0.0146147217830439 -0.098828294793562 0.067128794707977
0.00393464013181023 -0.00414262902708506 -0.046359562948128 -0.0841843117361478
0.0153552379771718 0.00103960440085554 0.155485428822535 -0.132740563499911
-0.00278130048410891 0.0180418527082757 0.28258955519383 0.0969628643708987
-0.0234606358998938 0.00738663607175648 0.0565415764159585 0.44865012611193
-0.0322815034454318 -0.0269214719271815 -0.382895028946564 0.342111079473267
-0.0202835941196504 -0.022623988060209 -0.400648153571689 -0.0561411696451913
-0.0158197418876778 -0.0236828213585635 -0.0919726764351714 0.0100989187299857
-0.0428174182953621 -0.00353424459953676 0.325642437207469 0.142949931530734
-0.0215313407671217 0.0223584799308848 0.45214602711576 -0.218588483556851
0.0100447450128739 0.0287224322875372 0.0354818721674465 -0.488320361515803
0.026790007438308 0.0015058713361903 -0.312345428133556 -0.185724145979908
0.00825366786266057 -0.0290302274219497 -0.216712668924168 0.112477669558486
-0.00137463322086699 -0.0157275999531014 0.0015023170417294 0.0957365056375355
-0.00752122024287389 -0.00321635899051819 0.10183276058545 -0.0614883186375663
-0.00689416473284153 -0.0100090103138125 -0.0968332415568349 0.0689064927793661
0.00482009047849267 -0.000945306441042907 -0.0435371923202154 -0.0844449908969709
0.0138502637791152 0.00329439035936327 0.15663398435795 -0.132039866193422
-0.00770919537078153 0.0155472365810098 0.280621163297065 0.0998151064067643
-0.0239782350217032 0.000145989851876187 0.0484565458459072 0.448864730362041
-0.0231413446368509 -0.0342993410033464 -0.392966420962617 0.337788148583132
-0.00669658887172252 -0.0203526624087773 -0.403482656607695 -0.0610397379484993
-0.00291164160095426 -0.0170830007345611 -0.0930241691575629 0.00832540562726014
-0.0295783052973751 9.40225047279999E-05 0.324867783177674 0.139454906107501
-0.0122843726049485 0.0170505954115766 0.446577202833667 -0.224151722966047
0.0110275455388338 0.0205721056811223 0.0271315709335618 -0.488364713209451
0.0231405157876837 -0.00172481362331391 -0.316414033700428 -0.183808689935823
0.00698640499847619 -0.0276192785287127 -0.216985925993211 0.112987869138795
-0.00133885373373211 -0.0126008129087231 0.00365010926024054 0.0961651281049139
-0.00534431760727983 0.00136045766779961 0.104078832378872 -0.0595628834283807
-0.00403101895102148 -0.0044227751606368 -0.0944253712462787 0.069291393561574
0.00545937849646481 0.0038548328588963 -0.0389413751029543 -0.0854934316122894
0.0108060202316943 0.00750813684373556 0.161832942039471 -0.129935781022273
-0.012686268248862 0.0131918860698517 0.279275389894131 0.107516163904041
-0.0230796978168239 -0.00785116201944594 0.0351339364026384 0.452216865623304
-0.0124833422464037 -0.0418850410439997 -0.403715864345738 0.329669428539197
0.00868805938045407 -0.0177341944115901 -0.401436696012497 -0.0704336925528567
0.0113221124506104 -0.00896868072777736 -0.0890233304994026 0.00922086547829779
-0.0147694432355624 0.0042606361402789 0.327861747502375 0.132981416526101
-0.00105461281263957 0.0115922956784934 0.43812544749268 -0.234711518433632
0.0127382358391317 0.0118603886601585 0.0130156375041282 -0.489929762089071
0.0180639500275514 -0.00435413819168706 -0.320907619542865 -0.176767311687738
0.00370144960160519 -0.024729873150427 -0.213797824298518 0.116089040148653
-0.00209106666481811 -0.00825757963331207 0.00746664028661922 0.0963717557827133
-0.00282782534418599 0.00657598566783614 0.106235379955178 -0.0586980037653166
-0.00265082299041846 -0.000148247206819106 -0.093304410006037 0.068392617144377
0.00450077965741181 0.00753229529729006 -0.0329704323172551 -0.0872865669105294
0.0073628230851054 0.0120990572363819 0.169985800102263 -0.12598925034975
-0.0175177928930537 0.0126953482159082 0.277575318867187 0.119594137808144
-0.0222767385588029 -0.0143737416686311 0.0173534528340232 0.456268932299765
-0.00199622928074286 -0.0467524672336092 -0.41852730378062 0.313911721337233
0.020328997758457 -0.0148987113270047 -0.394173350718815 -0.0806264560756913
0.0210897221419771 -0.00318116957560808 -0.0792426239425953 0.0139407096342315
-0.00380170093076165 0.0062001283030993 0.33607380084483 0.125329651179773
0.00792732222016488 0.0071441155812204 0.429186117971976 -0.253793476392836
0.0140962540338451 0.00554263278707056 -0.00760148445840117 -0.488144121333252
0.0135731813102651 -0.00592600636085531 -0.324611901171255 -0.164098728446289
0.000300378336955289 -0.0215786340171879 -0.20712756125979 0.121432609651643
-0.00333509834079817 -0.00362525663455526 0.0132967270937174 0.0952901385799653
-0.00215330140114069 0.0110988181280679 0.108566025824991 -0.0587845459053053
-0.019715337969285 -0.0198101968991879 -0.103533220868287 0.0595691971895306
-0.00173572231587352 -0.00196833285073014 -0.0349539377121539 -0.0900393154905039
0.0103391920284537 0.00876563743381782 0.180937880912018 -0.121115550491639
-0.00246378050932167 0.0297786903001786 0.291889720855696 0.128345715849927
-0.0229164073188128 0.0159765420974583 0.0294833892729119 0.464966888161188
-0.0378060091121881 -0.0197887683520341 -0.398848856119856 0.310572706691998
-0.0368120194049949 -0.0235048718438584 -0.366962225399263 -0.0678623668803471
-0.0377454027827414 -0.0310891449389591 -0.0494001721639669 0.0393655311051279
-0.0610210090607562 -0.000503849352848872 0.370630771534131 0.124073877745799
-0.0251257206578666 0.0356595440458322 0.437836788522936 -0.267681437743019
0.0162429319519545 0.0367930760857591 -0.0118145988683267 -0.478906898135894
0.0277917054354055 0.00658242977281938 -0.313409266168619 -0.14050212466063
-0.00047833559349049 -0.0221854663311676 -0.187990945152461 0.129967030136229
-0.010291871613008 -0.0118660455118536 0.0178207444483 0.0885362126672086
-0.017047812833229 -0.00773506556314407 0.0952325636830239 -0.0728712040345813
-0.0182518269951429 -0.021419571508815 -0.102771091312085 0.0613632223040883
-0.000193951051720251 -0.00458842039655202 -0.0407327946158651 -0.0875432062037966
0.0130674236387072 0.00393413205385058 0.170365882940946 -0.126776800585549
0.000237659870080703 0.0273321710279593 0.291750306942965 0.115149337815672
-0.0231017577985545 0.0182744314965972 0.0461874165433772 0.45832903453952
-0.04172800505168 -0.0174549769963787 -0.387716258807533 0.325098346122966
-0.0410190642555918 -0.0239663093676968 -0.37668013827096 -0.059279263306958
-0.0394153567310367 -0.0331597014176616 -0.0622652152049467 0.0318570235210464
-0.0646948842261309 -0.00330463726596112 0.358052638152659 0.131534248246986
-0.0302826416410237 0.0349279563333912 0.446747534816471 -0.250255732647485
0.0143793565341308 0.0390733102240432 0.00639145086142157 -0.481698952620537
0.0300801683796399 0.00652535580962479 -0.312800746344442 -0.155325680145165
0.00306466189816483 -0.0255732553928049 -0.19618869879598 0.124946589081225
-0.00830249316261649 -0.0151107215192359 0.0125155102870803 0.0901832668324409
-0.0160034690569973 -0.00953082528978327 0.0947948195485951 -0.0712134801994337
-0.0170176010187351 -0.0206360796424126 -0.101699915473273 0.0637918416895261
0.00178094924012893 -0.00639982307741445 -0.0458405238615416 -0.0860939806561578
0.0148607912990607 0.00127232767831811 0.162662108549035 -0.130734583755059
0.00203247397323095 0.0248084615107718 0.289605092575968 0.102828823904563
-0.0228890932972969 0.0173620286644137 0.0597289689065783 0.454394348871306
-0.0424026609570649 -0.0174615842275994 -0.379300682215413 0.338458920275626
-0.0391413426476066 -0.0234837159026241 -0.387330842214914 -0.0524353092484839
-0.0362712456430625 -0.0323902779465522 -0.0753044384345539 0.0237530609528637
-0.0623460385112737 -0.00527172485576567 0.346134769601933 0.137893529144295
-0.0312016691845803 0.032527979896966 0.449989529338401 -0.236689318409454
0.0118119292666687 0.0385197242195201 0.0196501729216501 -0.484132692272756
0.0312787885355713 0.00565331557151511 -0.31302836099779 -0.167804090695206
0.00618856929382158 -0.0278180767269005 -0.204809088548889 0.120368186354289
-0.00573623242468701 -0.0167198153780193 0.00738336714540214 0.0930349410787939
-0.0143989305876172 -0.00948593173840674 0.0959922319815168 -0.0677041378113977
-0.0137530966312644 -0.0179343025049608 -0.100154225102917 0.0667282923694347
0.00334903180175643 -0.006490944485188 -0.0477965382267883 -0.084587404066508
0.015992077180169 0.000109731760369595 0.155798116650193 -0.133272616727057
3.02503313270169E-06 0.0214494918665491 0.286311024305116 0.0959887683592916
-0.0236079448756432 0.0135027627099295 0.065298917575873 0.450588495519938
-0.0388561175875522 -0.0209818918057356 -0.377087491334287 0.345898490421209
-0.0317545934825287 -0.0226930162077473 -0.395716943896888 -0.0491873538256773
-0.0276344435758691 -0.0289373179904314 -0.0854091823900181 0.0165584927473185
-0.0541696292430684 -0.00439301488051936 0.33420317247333 0.138529128254436
-0.0283192041774794 0.0278259516349255 0.451121995767987 -0.226414134679652
0.0106115075029631 0.034410170117478 0.0285818134599206 -0.485299956619898
0.0298207761581363 0.00392679952066114 -0.313419834532342 -0.177478325194646
0.00775210976728742 -0.0286778679378082 -0.21114383105685 0.117083206013888
-0.00343789734264975 -0.0172005727167026 0.00431602026223329 0.0950512547431233
-0.0112088933194827 -0.00684190552176202 0.0983153539792957 -0.0647487432024919
-0.0105800984556231 -0.014377291717509 -0.0978186740760457 0.0686073162640554
0.00456989799498067 -0.00447895956782591 -0.0479411880388618 -0.0833672532109636
0.0155411069527986 0.000757307431216067 0.153794673034802 -0.134497468494671
-0.00288450778094956 0.0180039183914181 0.28365929098721 0.0931188792265962
-0.0234993045614511 0.0072082311517316 0.0639685230671712 0.448167315342808
-0.0321524034417995 -0.0269911270889018 -0.37933125554686 0.348097388984532
-0.0205144414889212 -0.021424904890664 -0.401239636950203 -0.0492690581716221
-0.0160280689682463 -0.023351155993526 -0.0917371136145995 0.0114367736080004
-0.0430020467707414 -0.00251835902839682 0.328333284768063 0.137919746221257
-0.0208996250636147 0.0228448489526486 0.449059421804337 -0.224396820353021
0.0104435840192172 0.0281759542653429 0.0279610430438496 -0.486997272403381
0.026871533081303 0.00105507100584782 -0.315067061288974 -0.181474784841833
0.007948065050906 -0.0289824340614125 -0.214699744663984 0.115456728430554
-0.00161125684623145 -0.0156855861101616 0.00350285501065282 0.0958607589398412
-0.00784398049555879 -0.00331849399459139 0.100549366287856 -0.0625597938813902
-0.00762851431566084 -0.00986638994424957 -0.0957532717515912 0.0698058100279369
0.00534766259353852 -0.000786606648168952 -0.0450559796243413 -0.0833757433110677
0.0140181510743647 0.00336296834484128 0.155194114137624 -0.134958702212799
-0.00748356708810259 0.0158585170754833 0.283038795618882 0.0958539323686669
-0.0239122115485699 -3.77506704562786E-05 0.055080778408891 0.449711682698691
-0.0237795847312315 -0.0341886853978686 -0.388456783902628 0.3445557723816
-0.0064190000403652 -0.0199414483947952 -0.404347092134849 -0.0555873415743615
-0.00280893504153312 -0.0164758811553422 -0.0930353955750983 0.00943300855727652
-0.0291365026067506 0.000468003318793651 0.326989197057154 0.134266364791823
-0.0120974496156092 0.0175627008698646 0.443834221832738 -0.230263561448179
0.0116689089335431 0.0201860592081587 0.0201588030673203 -0.489048386434291
0.0229762281330506 -0.00185455930386561 -0.319408346327702 -0.179518918927175
0.00613205107683155 -0.0276370680439592 -0.215110907549734 0.117084208240595
-0.00179801254172431 -0.0125462380447075 0.00474488891596383 0.0964602710516274
-0.0051459310563803 0.00134510683427342 0.102965602707778 -0.0603304854246099
-0.00481165941123873 -0.00427025892341769 -0.0929903700609031 0.0704102726209244
0.00596070280255946 0.00327096674780229 -0.0407603963931795 -0.0846145300543396
0.0110122017686859 0.00714256687440508 0.16058128795849 -0.132157713869502
-0.0124833174362575 0.0138585360873127 0.280303588903924 0.102956855690566
-0.023727230531699 -0.00744121324275714 0.0435120077702704 0.452117942818875
-0.0126440703958401 -0.0412605205156095 -0.3983159832657 0.334604966563761
0.00869628372285367 -0.0171866053356228 -0.402223641316322 -0.0647887520981394
0.0111116050402655 -0.00898669395759157 -0.0885527525328069 0.0106329058832637
-0.0143972004550428 0.00411117829071661 0.329785660459152 0.128210276836098
-0.00119809694699317 0.0114658917676034 0.435808165538397 -0.24045297626122
0.0128322472723665 0.0115089710278585 0.00517314696132636 -0.489395169839342
0.0179386449209373 -0.00449593644377154 -0.323646852329363 -0.172299962579207
0.00315189249291636 -0.024662939463515 -0.212335611559117 0.11949708140903
-0.00253255370653923 -0.0078312219504134 0.0087740856429556 0.0968363505203829
-0.00305411969720663 0.00656568863550799 0.10589189735361 -0.059715804608884
-0.00334141656417261 -6.30445364707046E-05 -0.0921458493500282 0.0695831580314846
0.00526301676913249 0.007325104821289 -0.0347968025137172 -0.0863691133243314
0.00767943523055408 0.0116354766382256 0.168596168771667 -0.127841232038432
-0.0170984446918319 0.0133442738641822 0.279351352567703 0.115092892420526
-0.0225442770327567 -0.0141512736597036 0.0242125473586528 0.456096233445416
-0.00291132737268935 -0.0470340948469754 -0.41385447174815 0.319534701879822
0.0209287375989625 -0.014412794809628 -0.396610971393496 -0.0757604062249642
0.0213396922013622 -0.00354218376278586 -0.079123029647226 0.0157073785705121
-0.00350069810300604 0.00649931154129156 0.337905824513142 0.120907703497793
0.00814352825035975 0.00719623997537141 0.425125198895536 -0.259528142924916
0.0139767433605907 0.00592681451586653 -0.0145346892466897 -0.48815244091511
0.0133956623112815 -0.00584190868474477 -0.327821215077764 -0.159579190797628
-0.000476960174736625 -0.0214218135186482 -0.205086781540809 0.125505450335102
-0.00368807041645427 -0.0035364448996277 0.0143664323268125 0.0957197835009994
-0.00190322812016744 0.01043208229152 0.107609115987277 -0.0593203526626104
-0.0240227219429859 -0.0144021866063176 -0.0928189337162178 0.0697362664186717
-0.00319660167010854 -0.00289154397326898 -0.0458832792372685 -0.0840018329103566
0.0131045720422369 0.00362998782953593 0.162932395863734 -0.141942193224007
0.00813304446834173 0.0297947623579842 0.302930495940612 0.0909657060046028
-0.0158760125910545 0.0287044198505393 0.0852696615486449 0.456690430924618
-0.0451429417570278 -0.00291770164357073 -0.354228839322445 0.350384894737586
-0.0456070491434485 -0.0156187938782071 -0.36866604651733 -0.0238612093696353
-0.0400064389934909 -0.0254430407917347 -0.0435221409313318 0.0443094492595767
-0.0571970224443283 0.00365541957095238 0.379985562841043 0.0887635311809627
-0.0242955803271843 0.0328611961717031 0.414267024345372 -0.308205786317102
0.0155786668162463 0.0335631169062246 -0.0572434103046765 -0.474108677164787
0.0277828548842246 0.00773593639095562 -0.32557496362798 -0.112275082257437
-0.000302765142567457 -0.0198696207002899 -0.174882418670914 0.148036269867879
-0.0113631362308257 -0.0122546856193322 0.025775787280203 0.0882069751635609
-0.0189785427369831 -0.00677832041756442 0.0875856681584538 -0.0784149804934482
-0.0229046874770641 -0.0159711331342444 -0.0925034037432821 0.0721994713386915
-0.00278323029216884 -0.00611576908332512 -0.0512897530266511 -0.0810058832718945
0.0151530123286098 -0.00130773552768867 0.152403511823325 -0.144799760726608
0.0106806020454549 0.0272586674954051 0.301509140836698 0.076837670421236
-0.0154679194409358 0.0305395661231454 0.101321778999279 0.449648616960706
-0.0487154902412422 0.000754690977863709 -0.340651294609286 0.364203317100658
-0.0491104376260185 -0.0153305740186461 -0.376699666655103 -0.013945649238416
-0.0426129531793272 -0.027292839179908 -0.0561732464708605 0.0381269673408949
-0.0605558191463932 0.001400009105847 0.369471462539783 0.096400934571195
-0.0292022527679954 0.0322803116935511 0.4230545494128 -0.291894762373279
0.0135424560446437 0.0364560648647105 -0.0395852656738403 -0.478669876319499
0.030342408663267 0.00791291097532231 -0.327119935715115 -0.126742566495084
0.00301658385770442 -0.0232658299535681 -0.184222029502661 0.143624204112282
-0.00907155714253118 -0.0150345652802418 0.0210415332757162 0.0904492029910019
-0.0180752697916828 -0.00903001488129788 0.0879070649934268 -0.076838365318845
-0.0208926243528004 -0.0157202456185168 -0.0908795159934563 0.0741797080610144
-0.00095119152663245 -0.00770951809797887 -0.05606761676468 -0.0791970094334279
0.0164088564568427 -0.00468948611933582 0.144120343520312 -0.148296627023586
0.011575059066864 0.0239060468580062 0.297692141969465 0.0661121958455294
-0.0155448582027046 0.0290322306824773 0.11401000176418 0.443667505747102
-0.048156333282237 0.000115567269784032 -0.332086034528902 0.375424457083497
-0.0475440784777041 -0.0153079482759384 -0.38694785983357 -0.00548317002077037
-0.0394568530190247 -0.0268416257715769 -0.0703394777722149 0.031217801464802
-0.0584961388260367 -0.000117658928773723 0.357937678801617 0.103602971607955
-0.0305610215180683 0.0301907106441432 0.429134144449943 -0.277885970548226
0.0110118078254485 0.0354562132776134 -0.0258916538782036 -0.482256707913239
0.0305957907168288 0.00708764171951097 -0.328095976401822 -0.140118930708408
0.00564318737612743 -0.0260602391633151 -0.192810585898321 0.140391669895405
-0.0066297623911809 -0.017139662206621 0.0155831261656527 0.0929974753821895
-0.0162736336293328 -0.00847077187115651 0.0894811046735453 -0.0736001451495339
-0.0176907398372531 -0.0133917674041863 -0.0892684640818341 0.076280777613025
0.000747609613825663 -0.00771664721135435 -0.0578036652183215 -0.07680347042185
0.0165113900893731 -0.00620868802068711 0.137972728494916 -0.149307130061512
0.00970279020798499 0.0204513899067129 0.29424509083405 0.0591781837341285
-0.0162078179364045 0.0251264537088852 0.119584898618324 0.438956467601218
-0.0453215884794888 -0.00369842913673954 -0.328432917519085 0.382825849398997
-0.0401798361007206 -0.0152272223745753 -0.394910861381317 -0.00257733020694536
-0.0310153091554524 -0.0242479715284547 -0.0817037147788049 0.0258435372747297
-0.0505212929726154 -0.000754036430994981 0.346043214249994 0.105585502723555
-0.0274937890465216 0.025089553897489 0.430522153927888 -0.267171938901344
0.00907917540966632 0.0317258349389889 -0.0172078279822635 -0.485537935183225
0.0294337667243562 0.00509835838836686 -0.329313358894823 -0.148903709497253
0.00761795169935053 -0.0269394393491258 -0.199836631842857 0.137276002108175
-0.00434261660060196 -0.0178736713369068 0.0123321769810238 0.0947737410226355
-0.0129528550234662 -0.00685154828508293 0.0919807881462065 -0.0710880904422065
-0.0137430894152478 -0.0102491755743926 -0.0871824592783862 0.0780794724604387
0.0021702738762844 -0.00554369175611005 -0.0577161452556628 -0.0761474468211144
0.016543913702231 -0.00511201925986386 0.13471912438837 -0.150737559470597
0.00606783555772375 0.0179017168252927 0.291271677673154 0.0563293949704636
-0.0169661788694321 0.0192351023935423 0.118021101843195 0.436102874604357
-0.0395549382535674 -0.00990643686455025 -0.330240181236662 0.386026774045267
-0.0284523103411568 -0.0152334053310719 -0.402356808518583 -0.00222973375694231
-0.0190639867168758 -0.0200607882240829 -0.0879519265614375 0.0215201268205531
-0.0388677271188824 4.79983384501156E-05 0.339735995046282 0.104732879061088
-0.0210364366225397 0.0192788837291928 0.428010991705794 -0.264925557742108
0.00845324355773983 0.0256209174585402 -0.0181600183827591 -0.486834300547434
0.0257593764508094 0.00282100333807254 -0.331921132317576 -0.152424275619853
0.00759984635455555 -0.0269228818458299 -0.203848607342919 0.136252893029371
-0.00289974423310375 -0.0157898337936518 0.0120116092078414 0.0963686599885728
-0.00945863016107965 -0.00338078801014675 0.094374654893444 -0.0692864969995535
-0.0100830410098797 -0.0061682515013312 -0.0846220857838802 0.0798316283366882
0.00347147525737934 -0.00261288418242993 -0.0548744416940768 -0.0761230719267954
0.0153767318295142 -0.00240831672506958 0.136361839565124 -0.150610207710082
0.00215698783877907 0.0164382822264581 0.29024718516005 0.05906346239857
-0.0183336660946653 0.0121589257005589 0.111358649387079 0.439469319673581
-0.0323258205955988 -0.0174903997651748 -0.338916356899126 0.383244416335574
-0.0147572032123509 -0.0153788118366274 -0.404746489270576 -0.00732091335265568
-0.0053427638153589 -0.0146054842652911 -0.0893937455133857 0.0203447748096257
-0.0247597457503181 0.00163806529357032 0.337484419349066 0.102350344780675
-0.0126732828327108 0.0126545090099526 0.422297535613547 -0.26993226136489
0.0079902188057547 0.0174812011014016 -0.0272869755318555 -0.486663684566378
0.0219686081644132 0.000655576294008406 -0.334654655583971 -0.151004212022383
0.00597657427509892 -0.02553964530973 -0.204027483915965 0.137758285791286
-0.00211172493955438 -0.0131946889675885 0.013419700476262 0.0968424812098314
-0.00601615304876723 0.000969681729919817 0.0974015401882147 -0.0677558149975365
-0.00648974624643422 -0.00110096059878535 -0.0827911638586369 0.0794808117024151
0.00451044363265401 0.00135462418442527 -0.0513381794626239 -0.0778659592813179
0.0134057601852298 0.0020542316165699 0.141356450130668 -0.149203850056765
-0.00413620298106271 0.0151055466107057 0.290181466208019 0.0668661121390299
-0.0194508751885058 0.00502414227708059 0.0976268420032098 0.443245616617157
-0.0230962507948529 -0.0265717374871448 -0.351251369899479 0.375386729575073
0.00119430781784253 -0.0149592205881724 -0.405780992214547 -0.0161663815358766
0.00959154110284797 -0.00910968841293516 -0.0856577605271029 0.0210049910433964
-0.00968556554169728 0.0033847433437286 0.340631399874513 0.0959891195003886
-0.0027752329890734 0.00621605891476242 0.41358369262529 -0.280647034878644
0.0084782760800285 0.00941244308079842 -0.0416332027019815 -0.485951157149671
0.0164511394467253 -0.00168299491678124 -0.338620750093458 -0.142426578607656
0.00323642075074861 -0.0224445929775917 -0.200551763463924 0.139745575066842
-0.00234247973228268 -0.00863700898602707 0.0176734129331448 0.0965593162926678
-0.0034305442243415 0.00614227705028721 0.0996748498454164 -0.0669473244515099
-0.00449512888027833 0.00266683765933924 -0.0825164875055782 0.0784970503579603
0.00507866321179716 0.00535515968919884 -0.0454056093561977 -0.0810550296579531
0.0103038099249692 0.00720809354324042 0.150279853672412 -0.145916209218674
-0.00903091473420826 0.0158954237464885 0.290853528793798 0.0799789636237319
-0.0199389084490696 -0.00170375988545078 0.0808655795944709 0.451147419082173
-0.014306706538295 -0.0337168781988067 -0.367594488446101 0.362654031788781
0.0135794692770067 -0.0140439456580627 -0.401401492121712 -0.0283572708940961
0.0199781307801704 -0.0040734591707719 -0.076011807337784 0.0245329994450828
0.00120170463115596 0.00436528447262256 0.348041667282023 0.0876757325112571
0.00520390151815704 0.00088133021661492 0.400749576395767 -0.296424871989353
0.00908303072105619 0.00322541074508629 -0.060510712793091 -0.48214304425512
0.0121846931783133 -0.00248565141230534 -0.341347370424693 -0.129185798732147
-6.31317814088674E-05 -0.0184577339973314 -0.192491818404554 0.145038437656608
-0.00322592390193807 -0.00397480611818223 0.0233982241370427 0.0947344795232748
-0.00186369180283 0.00989428873133914 0.101417183991282 -0.0672801855063098
-0.0240966976602995 -0.0136866684076939 -0.0908762304214053 0.0704025347749227
-0.00300342562397049 -0.00318195079187802 -0.0469387416562423 -0.0833369937305713
0.0129134291582546 0.00325890799578533 0.15990873200055 -0.143412250631891
0.0093253178167029 0.0303404854840846 0.303620827569508 0.0857514586517397
-0.0157783689258686 0.0283212896040988 0.0920316519235378 0.454456874691308
-0.0452729264842752 -0.00227389255945108 -0.347558138498452 0.354729853949189
-0.0446156572308726 -0.0145648525569397 -0.368503082567172 -0.0184119741937126
-0.0401423038919315 -0.0243835225772566 -0.0424049790197313 0.044738537258438
-0.0563477125326342 0.00440651233344332 0.379752448624997 0.0834868286295075
-0.0236686876345665 0.0329278297917812 0.406639763881004 -0.312933633429668
0.0158287883544973 0.0333270556467365 -0.0646958524927811 -0.470142323587931
0.0281118398333554 0.00774347563512915 -0.327008741625486 -0.10762732892492
-0.00084268545250421 -0.0195956997524569 -0.172707064157707 0.150316150532586
-0.0112811450602655 -0.0117465997749175 0.0268943491100261 0.087791503913184
-0.0195498783195452 -0.00638187801472176 0.0864665568982946 -0.0787986141584074
-0.0230348183140221 -0.0152349279255964 -0.0913398787421564 0.0726836945971543
-0.00222571035085367 -0.00627026021099911 -0.052684680773565 -0.0797889850140656
0.0151720258596025 -0.00179336707970506 0.150026776857302 -0.14634743829525
0.011564553654459 0.0272736732087508 0.300931237258474 0.072676975867922
-0.0148177937051918 0.0303660716256986 0.108712797090876 0.447154438899189
-0.0483624405394568 0.00135524165503133 -0.33502023324365 0.366415211736909
-0.0485522273592608 -0.0143905924276607 -0.376643922471669 -0.00918716403583115
-0.0425582050783864 -0.0262275481681727 -0.0561437541787016 0.0391293626200333
-0.0600224876159107 0.00224192540481568 0.369497315037284 0.0907465003558041
-0.0289618143827938 0.0330220592262389 0.417535095919017 -0.295954917067286
0.0134683137633259 0.0358768276086633 -0.0462579348394325 -0.475136469218593
0.0304762643344703 0.00751575661188184 -0.327858766507969 -0.121613996642478
0.00291961176729554 -0.0229836823561219 -0.181366488678072 0.146479840107848
-0.00937466707527892 -0.014893234996774 0.0212212627542427 0.0904021862205646
-0.0185378696435561 -0.00812790225525181 0.0867760130704095 -0.0771842819577557
-0.0214877414574904 -0.0153335878949955 -0.0894705886976652 0.0748124021993983
-0.000815585065053337 -0.00761369615637849 -0.05680088240584 -0.077871450293526
0.0162830413513021 -0.00469430952640889 0.14142566876961 -0.149084838371453
0.0125762068934309 0.0239499349521541 0.297758154587671 0.0610135721044162
-0.0150492069785452 0.0292740704535527 0.120416257984167 0.440497382220374
-0.0482781213986772 0.00084830553943243 -0.326729993696726 0.37830793425521
-0.0472677529806203 -0.0140284121219864 -0.385304281439394 -0.000498765563870079
-0.0394023481994002 -0.0262827410191821 -0.069895095404303 0.0327591994845768
-0.0580270078886031 0.000616769428916877 0.357744744031093 0.0974813734212857
-0.0296168235061845 0.0302286193222755 0.424189590089853 -0.282848412933644
0.0113390256744108 0.0352378615900678 -0.0324919171200685 -0.479628486036465
0.0307735601824177 0.00644049066195261 -0.329286334723898 -0.134303270259914
0.00506225599890276 -0.025368583179405 -0.190968555599368 0.142413740555913
-0.0069165444629586 -0.0174752152843775 0.0165893215201111 0.0928674617652642
-0.0163605279494221 -0.00852242745759951 0.0881611304884517 -0.0741490487506914
-0.0181987466908949 -0.0127447060239205 -0.0874470287540037 0.0768224718106486
0.000345547149483393 -0.00812252833867931 -0.0590839780859923 -0.0750531814307433
0.0163073919672229 -0.00592583472868116 0.135113106857817 -0.150685824440119
0.00979592149727182 0.0210184098887799 0.294438496936773 0.0550581892610814
-0.0157279095969636 0.0248592230887473 0.125559383510601 0.435743771138545
-0.0452421479484742 -0.00317856405779419 -0.322082942627927 0.385488567345395
-0.0396771758487255 -0.0142439030535801 -0.394911678304464 0.00278260145577836
-0.0307238796405791 -0.0235278592818192 -0.0808188636912904 0.0268261778103614
-0.0500989122934375 0.000121048605364124 0.346819865546974 0.100746773554903
-0.0270699072458101 0.0258059167661934 0.424914659361942 -0.271519686737075
0.00984396544069868 0.0314311420909317 -0.0241943471771193 -0.482699583244205
0.0296824036474057 0.00453547733794252 -0.330863141059964 -0.144410778922119
0.00663154814297734 -0.0267621770735705 -0.197386490411347 0.139980509402521
-0.00468069616430346 -0.0172738251904791 0.0138138302782001 0.0953658630553689
-0.0135027718650675 -0.00650052156523444 0.0910457021195087 -0.0719051049323691
-0.0142187907870424 -0.00987257630433065 -0.0856899791243939 0.0792725451559046
0.00258512285624129 -0.00591286301894209 -0.0589090039543351 -0.0746323082225575
0.0161729127276407 -0.00586328678230187 0.132303286340617 -0.151483753447669
0.006584246716926 0.0184153900582045 0.292061687960202 0.0517952349723198
-0.0167649746875551 0.0194902590761679 0.125113734652618 0.433856591055106
-0.0399480425681841 -0.00942179361285789 -0.323273049624432 0.389116875254711
-0.0284105911602995 -0.014901159060421 -0.400251518807781 0.00377649222022971
-0.0192595152188594 -0.019406045352201 -0.0874515199419159 0.023176648980569
-0.0380151496076672 0.000703065823818304 0.339954685547787 0.100540787737052
-0.0206069395242184 0.0199410514989782 0.423294296272714 -0.269453805785948
0.00883387714341877 0.0253660272266576 -0.0245321223613978 -0.483959799815558
0.0261145307013184 0.00252956262898488 -0.333491898715201 -0.147297446084139
0.00696850656084226 -0.0265618534992011 -0.201992395354853 0.139052014505325
-0.00346348422010235 -0.0159470388519458 0.0130900367090786 0.0964374695813483
-0.00981186204816347 -0.00357177900179837 0.0930931650290515 -0.0696619582489279
-0.0103016687706538 -0.00542779259233039 -0.0829184827045609 0.0798624000082748
0.00432283741048805 -0.00307848272980134 -0.0565339726010449 -0.0745280678972622
0.0151375051350735 -0.0027987584872924 0.134114447322232 -0.151567860401265
0.00218473278644538 0.0170433755673981 0.290562900495362 0.055254668834471
-0.0180944383339919 0.0124073682737574 0.118429959835782 0.435654177809677
-0.0322141753890194 -0.0177559289600284 -0.33234835277117 0.386917929352846
-0.0143623470863406 -0.0150227560718097 -0.404226470703533 -0.0010069788016637
-0.0052034395005733 -0.014689061545145 -0.0886665519046996 0.0213690557308716
-0.0246539937951249 0.00198053137733655 0.337878320863459 0.0970359980040599
-0.0119375914082164 0.01320136017201 0.416389344609161 -0.274630249074989
0.00887693034669092 0.0177459449052194 -0.0341618027907666 -0.484239058501495
0.0217546243969029 -1.04477708476143E-05 -0.336668392422173 -0.145176112500235
0.00526345502684872 -0.0251777221677337 -0.201219312575775 0.140375501942876
-0.00233094961053844 -0.013161418852702 0.0147764845992089 0.0969372250888031
-0.0062348451761364 0.000738373095568022 0.0960946944274447 -0.0678706333812885
-0.00674984281997722 -0.000682421970498233 -0.0818317692240623 0.0800469685140619
0.00526261710617293 0.00107393997814836 -0.0524887351220459 -0.0772129939925391
0.0129527907337795 0.00197460515337806 0.139360618496418 -0.15050505310464
-0.00337851448978203 0.0162530787749512 0.290267286160422 0.0622547529693956
-0.0192334730533159 0.00474507868842855 0.104054917687703 0.441887699374021
-0.0232483557847924 -0.026705982457078 -0.344633436673728 0.379945697400371
0.00141142531987814 -0.0148738207658868 -0.40448254609433 -0.0110747068932634
0.0091419888767347 -0.00850511612154512 -0.0849393081591512 0.0220443460429001
-0.00958656348011141 0.00364542816602924 0.34030591339302 0.0907339766242071
-0.00220660733913936 0.00601259762965885 0.406717750458174 -0.285202643697793
0.00861801989309446 0.00934783170561343 -0.0475708676971252 -0.481398163807984
0.0166824525905457 -0.0017643073260769 -0.339497583163989 -0.137453809799346
0.00242699018213406 -0.0219274710527215 -0.198070999659742 0.142904063430666
-0.00224056203941807 -0.00871822979910876 0.018589310981084 0.0959665735439445
-0.00366106534847391 0.00591736976817367 0.0986618537001352 -0.0671813633632654
-0.00482045918702037 0.00350310327341349 -0.0806621108389149 0.0794338245846972
0.0052251523565499 0.00524669250291287 -0.0468476154818051 -0.0795381823148828
0.0105868551150962 0.00623502630800449 0.148312718215851 -0.147234019213528
-0.0085633070724668 0.0161147448754956 0.291001611204367 0.0747603044339519
-0.0195120808776882 -0.00146290157731723 0.0872063869150728 0.446859503281504
-0.0148022819286142 -0.0339136773169017 -0.361883480867134 0.366926070934955
0.0136399414020508 -0.0137073017184551 -0.399661620424944 -0.0223481738046148
0.0199087900850019 -0.00437599126099933 -0.0752427812737673 0.0255310223393397
0.00221443859973339 0.00459819127708695 0.348227990467041 0.0823159579665508
0.00562141735069912 0.000636634021425712 0.394733774281778 -0.30090987831858
0.0094949225463056 0.00277285176700831 -0.0667855454790924 -0.47902939189158
0.0122072662864545 -0.00262155259344746 -0.342560054790847 -0.123853098975791
-0.0005368453321698 -0.0184619960466373 -0.1899286573827 0.147061258281194
-0.00349103841909415 -0.00413858645153136 0.0249388659328725 0.0947301911028035
-0.00228924699225486 0.0100534055114531 0.10079528773355 -0.067704180318074
-0.0243419955257813 -0.013186542276563 -0.0899850376026809 0.0706552141654486
-0.00255054255462104 -0.0033536467799581 -0.0479809222632405 -0.081754813413964
0.0129430661943095 0.0028327503819717 0.158564629206741 -0.144632522122034
0.0097447070564025 0.0297301891803229 0.303707925050369 0.0814345082581823
-0.0153328431791029 0.0278750194084507 0.0980253412061521 0.451820192867982
-0.0449286595244951 -0.00222024897570162 -0.34162642642054 0.356438940787673
-0.0442824302783259 -0.0140483569269771 -0.36631362424285 -0.0141653483002553
-0.0401837116969074 -0.0242672990293495 -0.0414193485221056 0.0457569195528437
-0.0561532470838242 0.00538834194195751 0.379113329774126 0.0777248824301512
-0.0232039471430637 0.0329584343582634 0.401607698951763 -0.315860610429182
0.016134349425856 0.0327039632569331 -0.0707731024318377 -0.466314702676294
0.0277795237643545 0.00701100619738191 -0.327234080183019 -0.102631851695979
-0.00084094641891069 -0.0187410231611541 -0.169797447050562 0.151947114840984
-0.0114267863542967 -0.0117946762659571 0.0279566891100702 0.0876707844964454
-0.0195045789997169 -0.00667283494385142 0.0851268378187605 -0.0786449539836602
-0.0235664705552677 -0.0143254660054066 -0.0893072529238973 0.0732248781608957
-0.00171996206304594 -0.00627885738547321 -0.0536800034027486 -0.0784111870815908
0.0152103269665347 -0.0023024618563482 0.147771161450417 -0.147872164798237
0.0117578328717939 0.0268124792861281 0.300735471434409 0.0685431120933489
-0.0146875093829684 0.0297398450906038 0.114354734955626 0.443729906706283
-0.0481708385520046 0.00163595606594919 -0.328004786015948 0.369557167766779
-0.048341078479666 -0.0133779697460536 -0.374757573004441 -0.00413628373289155
-0.0424721609845392 -0.0258187341170107 -0.0550416996639315 0.0398947273362804
-0.0595771864301729 0.003130062843449 0.368729897084135 0.0853702806079965
-0.0276477074277854 0.0333995086630775 0.411633352785968 -0.300955680408149
0.0138573131265265 0.0355343733979007 -0.0517379462039477 -0.471493710557103
0.0306507086870092 0.00658453714346275 -0.328781324778154 -0.116680035680785
0.00220523527075819 -0.0224600046366754 -0.178667245235693 0.148132388447712
-0.00971880809175052 -0.0147427080262033 0.0226801448790395 0.0895725218172
-0.0187302307690847 -0.00797265508445048 0.0853579862250982 -0.0771354046915009
-0.0220493175381986 -0.014382498215396 -0.0880828676099007 0.0749747495710359
-0.00045112324574871 -0.00792083074766196 -0.057558569434114 -0.0761681406421195
0.0164422069250407 -0.00518808635469256 0.139037161221296 -0.150616186536847
0.0125365216723853 0.0237886676555059 0.297658381705717 0.0577930504049097
-0.0145801580433717 0.0286203671704613 0.125764521377262 0.437644013473977
-0.0481450446319203 0.00105499385200921 -0.320072381485643 0.381777146201369
-0.0467945983642211 -0.0133580122090293 -0.383967194900026 0.00411603612882415
-0.0394757864356104 -0.0253078566849556 -0.0684963000328081 0.0340501627060837
-0.0575384808962819 0.00149372729053439 0.356651261589363 0.0921620582459269
-0.0295335514942585 0.03072602486358 0.41849948384563 -0.285878149024449
0.0121029790868036 0.0349895585018303 -0.0387438944241201 -0.476391039374691
0.0312208793100478 0.00611633257554391 -0.329584827181543 -0.129623067152794
0.00466276320876274 -0.0249752507927321 -0.187870324389596 0.144451409683208
-0.00691355726766999 -0.0170092743775514 0.0178389101446499 0.0922659058180376
-0.016778179028123 -0.00802087454132487 0.086987625606198 -0.0742433366817321
-0.0185111333690536 -0.0122066559504584 -0.0862691621817633 0.0773175223260303
0.00112904290340944 -0.00811799517166932 -0.0600588874519924 -0.0739219687749392
0.0167498796811002 -0.0067395036668404 0.132235816578285 -0.151835139989783
0.0107266253506782 0.0206955477560567 0.29389311317257 0.0508857732258852
-0.015101264655536 0.0248478507833031 0.132018949894097 0.432173240039602
-0.0452697867178032 -0.00287266416179205 -0.315281553281951 0.388471052395222
-0.0396539851029536 -0.0135284915557793 -0.392562415643846 0.00793007669374787
-0.0307065554944027 -0.022568752909319 -0.0801837063419703 0.028281686993782
-0.0497978373438561 0.000900454100357058 0.346325287387082 0.0954124278076582
-0.0263942602009562 0.0258148853881858 0.420002767018786 -0.274710025867958
0.010046485152233 0.0316832487096621 -0.0306324396018134 -0.479901696996723
0.0294302635453009 0.00413856030026631 -0.330903720316738 -0.1383922995318
0.00609725961802678 -0.0263888802801041 -0.194335828511415 0.142257624200188
-0.00519894327305973 -0.0174284862445842 0.0147591695266781 0.0951442736307862
-0.0138665763154674 -0.00622051618428529 0.0896250870016873 -0.0719463260857997
-0.0146474131110145 -0.00958718614158146 -0.0840351431950712 0.0789735208743085
0.0025265688296227 -0.00615791551921627 -0.0598644889010134 -0.0732117903674844
0.0158917420052514 -0.00594106560432417 0.130496883586302 -0.152213910742655
0.00729090148656462 0.0184238697798154 0.290814566018578 0.0474429530369399
-0.0164227932337163 0.0190806267734264 0.130445074049131 0.430614936827248
-0.0397399730119159 -0.00912707449206547 -0.316940891004263 0.390976885393454
-0.0278095209626643 -0.0140931042013459 -0.399136917873731 0.0087785818745103
-0.0185786860941333 -0.0189743641667874 -0.0872088092495723 0.0242062678332252
-0.0379580632823084 0.00143619465669929 0.339499579878179 0.0957060524275606
-0.020318009288371 0.0200747782423454 0.417997616823673 -0.272921276009494
0.00875948700492514 0.0250136245035382 -0.0311491757775479 -0.480745160923819
0.0259956608220232 0.00228802379100159 -0.333848085965159 -0.142793364982101
0.00623277672544021 -0.0263880669767105 -0.198577684542581 0.141494659274584
-0.00348987935330387 -0.0159265317165586 0.0146839524422785 0.0965734484642769
-0.0097263013785303 -0.00333524311444694 0.092223912683027 -0.0698141180962936
-0.0107089369768202 -0.00496035540700612 -0.0816668927964587 0.0801450314332024
0.00419663914789789 -0.00377595675401661 -0.057593366937997 -0.0738846448090592
0.0150778057436134 -0.00309481307557014 0.13163689102688 -0.152384420314656
0.00234485299952905 0.0165851128131344 0.290290891687168 0.0514176475216515
-0.0177121570260668 0.0122387717187848 0.123660911257088 0.431354099886599
-0.0324766552533767 -0.0175625598847297 -0.325802302756804 0.389215033646432
-0.0140028541731763 -0.0148324792543416 -0.402184092029049 0.00324980323193175
-0.00537498363554713 -0.0141972935813111 -0.0882538150833441 0.0228378875092977
-0.0239792132644234 0.00230695515004523 0.337473239634526 0.0922600645830761
-0.0116733246582584 0.013006380297711 0.409683095691575 -0.278431072867532
0.00893753384611896 0.0174176692649578 -0.0403174932045215 -0.481046262036188
0.0214978121569294 0.000111271042398705 -0.337331628215911 -0.139615217324551
0.00461101502343079 -0.0247597113239651 -0.198026857269158 0.142890532897186
-0.00292843482512173 -0.0129235016668986 0.0160494380390437 0.0968647252300902
-0.00694032569007815 0.000753514453233056 0.0948249064112188 -0.068436555979052
-0.00713305729611705 -0.000818999365172718 -0.079812080284813 0.0803042488914048
0.00569845889736161 0.000675171466724576 -0.0532082525838867 -0.0758888117722646
0.0127780557031514 0.00119074319076665 0.136325318713723 -0.15147325281557
-0.00302703058439727 0.0160873996828886 0.289708949814577 0.058310180606331
-0.0187272640867773 0.00482856398062891 0.111432083611746 0.43810416295918
-0.0231270657837072 -0.0260581019042912 -0.338123182498041 0.382372221026503
0.00158500110805315 -0.0143284988542549 -0.402164915486031 -0.00610584097337267
0.00934790925611342 -0.00891606008856383 -0.084204300841652 0.0233662091403172
-0.00893362797764321 0.00353103322450807 0.338955854604619 0.0857459843704091
-0.00229779813774383 0.00610983006522801 0.401895224921106 -0.287779327578191
0.00859306456874338 0.00901767012045114 -0.0534024900198786 -0.479161374706558
0.0165393471763521 -0.00190582179870189 -0.34014401178865 -0.132429502820074
0.0019187903920813 -0.0218950568131684 -0.195497002486336 0.145631706589978
-0.00269208215432864 -0.0089428331864692 0.0198586287532803 0.0961072543711547
-0.00419069370655136 0.00605867142822062 0.0972386233144168 -0.0676138224800411
-0.00483443932625232 0.00337486194332366 -0.0789036887827152 0.0795851636930035
0.005337305051524 0.00489485680479071 -0.048016655897407 -0.078339208012768
0.0106309732814575 0.00604498303732184 0.145557815967555 -0.148511409391498
-0.00760294923813329 0.016271125444404 0.29057339340065 0.0699590548661788
-0.0190797387301979 -0.00107677728469314 0.0938392319661495 0.444778209479513
-0.0149963862567589 -0.0336538289877561 -0.35537403804459 0.370405856298056
0.0139259511630251 -0.0132069259138137 -0.398268464877042 -0.0177089212143679
0.0199942058377658 -0.00425215202679689 -0.074337077590575 0.0264601631237277
0.00215455961204368 0.00458907234383281 0.346907151414075 0.077395446401748
0.00555215129357468 0.000922112606730818 0.389979591547964 -0.30442871701891
0.00903307120354857 0.00267278282291439 -0.0740451223878068 -0.473882455845809
0.0119552343872984 -0.00243157097041485 -0.342747728682748 -0.119222679790615
-0.000815283133124062 -0.0181505222051989 -0.187369412418956 0.149477570477051
-0.00382394276944896 -0.00436128161688843 0.0263206590653801 0.0940742681753483
-0.00234641677840984 0.00971190017307237 0.0994502152581802 -0.0680875291235643
-0.0242682098520587 -0.0124485906519382 -0.0884323910819339 0.0706142186434692
-0.00185979126168575 -0.00396865263436224 -0.0492178035089954 -0.0805194985929872
0.013197771869662 0.00252580659546741 0.15560139133394 -0.14564868445496
0.0105829658918676 0.0295203290554829 0.302713693937954 0.0767757797050549
-0.0156168741938897 0.0282212921833582 0.104082064111203 0.447998133956662
-0.0445871242330539 -0.00178379008970274 -0.335631640205967 0.359003984397337
-0.0438896149007528 -0.0130035860108041 -0.364643449913359 -0.010127892892412
-0.0397553515979453 -0.0233530026399265 -0.040542118001252 0.0462640202641777
-0.0549153586707634 0.00589415163910738 0.377293028067683 0.0725706926307377
-0.0225515268670532 0.0332004413085596 0.395808598681103 -0.317259462758336
0.0163883561899817 0.0325039965165172 -0.0757509521024963 -0.462775072396028
0.0280620262212154 0.00657437028887187 -0.327379106188747 -0.0972653869964659
-0.00136311560889328 -0.0187825511629917 -0.167280048279918 0.153707866199782
-0.0117202022593182 -0.0117338808165841 0.0287167191264172 0.087146774823597
-0.0195471422995326 -0.00581190610584355 0.0836548506288236 -0.0785878371862314
-0.0241280255827378 -0.0138253918449657 -0.0879017476296261 0.0733427291798897
-0.00169439027816989 -0.00672152157044472 -0.054185347890863 -0.0769602152781093
0.0150895261308341 -0.00254578644217006 0.145533635486676 -0.148302726717152
0.0131614970157437 0.0266464625696277 0.29988714159398 0.064227531488562
-0.0143212239524606 0.0297535015850902 0.119352828037884 0.440200126202459
-0.047768858560762 0.00145213018486233 -0.323178878591118 0.371079544429499
-0.0476724426365501 -0.0125634772902363 -0.373087614781249 1.11206652268874E-05
-0.0420222577350322 -0.0250540065091973 -0.0537924632755534 0.0403774401832549
-0.0589670396124132 0.00350827988464113 0.366518937413266 0.0808799140505241
-0.0272508791520858 0.033327468131642 0.405032479862536 -0.301703049349352
0.0141436654099497 0.0350261563211455 -0.0575593624057967 -0.468497886795611
0.0305424044500234 0.0063565419072074 -0.328335871556537 -0.111574969454388
0.00185026433206624 -0.0221512482198982 -0.176204099341687 0.149531583895935
-0.00946294901373398 -0.0152378556863456 0.0234706651209976 0.0893096535033869
-0.019075092876745 -0.007729826438596 0.0843218527623109 -0.0769317395032574
-0.0220119906314158 -0.0138482402550658 -0.0860672786834994 0.0752699684878433
-1.10664100052144E-05 -0.00821136034325686 -0.0582410939215832 -0.0748345916494466
0.0159321154250257 -0.00570449775603098 0.136474488703691 -0.150910492237932
0.0132930936678055 0.0236831763680353 0.296815012972228 0.0532489644421613
-0.0144604860960193 0.0290233570533515 0.131795268886944 0.433074276953404
-0.047922704072766 0.00179073884706902 -0.312751350845404 0.382734725112408
-0.0461302059148167 -0.0123444223749288 -0.382277436115473 0.00874943660243273
-0.0391672187658103 -0.0245228924810115 -0.0676643640635443 0.0347847109117284
-0.0568761084780394 0.00233229492467655 0.355004707358309 0.0873588327742087
-0.0284836305199526 0.0312212682266964 0.412258257615565 -0.288445953686776
0.0123455221572705 0.0351405180092373 -0.0440473274699515 -0.473570433918923
0.0316060196457845 0.00558083373607504 -0.330207272338767 -0.124599648223646
0.00419813248185453 -0.0244774711785509 -0.18483659581502 0.146453205248692
-0.00721341937639817 -0.0172576732362167 0.0191149520997891 0.0924774197475274
-0.0172518622481895 -0.00821900621616025 0.0857293841797176 -0.0741558832131182
-0.0188439616178535 -0.0118243908815946 -0.0848316729361097 0.0775791785222186
0.00128524385309021 -0.00857300707999177 -0.0605721010909043 -0.0726265912413589
0.0166635410283284 -0.00664705416442984 0.13000727104926 -0.152043224345591
0.0112782442365318 0.0202178235511984 0.292499768815982 0.046880922631041
-0.0147317303505439 0.0250759826957836 0.138267494034151 0.428018155352622
-0.0450516961582721 -0.00218839626715596 -0.309046923216795 0.388472400371692
-0.0385713311986402 -0.0126284265712978 -0.389788856060676 0.0124515198265015
-0.0307896026181318 -0.0224850535175744 -0.0791727103130079 0.0291393721205803
-0.049077691319844 0.00163041630396126 0.344041646948969 0.0906206774381271
-0.0260543451509297 0.0261360441101381 0.414372959860266 -0.278270820439687
0.0100434076108124 0.0310335858830649 -0.0360608763192632 -0.474833791413754
0.0291366291175547 0.00419226117342186 -0.331439842562413 -0.133711093822521
0.00581345228066861 -0.0256529523576717 -0.19169532494575 0.143738809143751
-0.00535635521149406 -0.0172522832841459 0.0157437209645979 0.0946062149186963
-0.0138218187520779 -0.00636314512524888 0.0880936915396898 -0.0719536448128584
-0.0146473663371582 -0.00895147925073415 -0.082565635632274 0.0787262615947515
0.00307899734081386 -0.0067955913252829 -0.0605107509965138 -0.0716849656230624
0.0157098410997596 -0.00587665662676556 0.127988484676659 -0.152933465154955
0.00764798010715754 0.018073587302401 0.290152755636964 0.0441495204098275
-0.0161178139540455 0.0188698783002037 0.135201581545967 0.426524729974283
-0.0400325277906583 -0.0087156142409017 -0.309932031098265 0.392932836595695
-0.0273985293506241 -0.0131547388209164 -0.395975438925538 0.0128541234971942
-0.0188474855906752 -0.0186901685870331 -0.0856602931930165 0.0254952729507357
-0.0376138065704811 0.00190860405622089 0.338304171614635 0.09051859353372
-0.0198484467941457 0.0202816721707855 0.412035556256185 -0.276537932568825
0.00943338846454357 0.0249691282791698 -0.0369795046783354 -0.477194634226276
0.0261388471178338 0.00215022900263692 -0.333950069945592 -0.13717750167124
0.00580150969576058 -0.0259468086002149 -0.195594210631901 0.143703023043335
-0.00387344949265503 -0.0157303130241044 0.0152313821311402 0.0957590220181515
-0.0103732320824329 -0.00293826661959221 0.0909438494923496 -0.0696774379272374
-0.0107023356702697 -0.00473990246045196 -0.0804258184748766 0.0796358977147932
0.00468360236270411 -0.00345611346263691 -0.0581993577232376 -0.0722373044152303
0.0150441723709982 -0.00308818465673863 0.129340149452656 -0.153160362042195
0.00323575118894485 0.0167553322010508 0.28875075271631 0.0472323285347008
-0.0176262373450332 0.0123872100403198 0.128866759558755 0.428562653527762
-0.0323300878378118 -0.01691744887379 -0.319896639389028 0.390670112658088
-0.0134870121055354 -0.0139353527624627 -0.400367455582484 0.0073429534183925
-0.00515159235844989 -0.0139122654589932 -0.0873936010149028 0.0236687407527183
-0.023712201011743 0.00293662225182236 0.336196241955367 0.0881950439154243
-0.0117930991443089 0.0133399215672069 0.404689953535592 -0.279013251464622
0.0086659635641398 0.0172000709205028 -0.0447254365679329 -0.476234203674518
0.0216628578161189 6.94953018282951E-05 -0.336986542352449 -0.134667653481183
0.00442537399362715 -0.0243051259385602 -0.195309386990797 0.144510688462507
-0.00291088024026228 -0.013155884855736 0.0168367891577402 0.0964026763919954
-0.00713367686032521 0.000868955167531127 0.0933890293825603 -0.0678173044675092
-0.00726972575543961 0.000254051908668002 -0.0782794230213435 0.0798378312952359
0.00594930680459694 0.000943936315871398 -0.054243733328418 -0.0743427908124646
0.0129705765355918 0.000978154615793184 0.134636030160017 -0.151645969381526
-0.00245933850762564 0.0164896535385713 0.289062166356984 0.0541587201874544
-0.0189934522571075 0.00527576577552713 0.116977484163459 0.432233211174089
-0.0235553888501474 -0.0261465978180574 -0.33287269832968 0.383408167388825
0.00218476481249209 -0.0140650560582396 -0.400396601213526 -0.00173134216056491
0.00976597369044342 -0.0087917755696648 -0.0830473619713344 0.0241377915826046
-0.00843367427137628 0.00416128750775973 0.338685296036005 0.0816481807362875
-0.00225493923037885 0.00596534071454073 0.395927477237794 -0.29056442002376
0.00838142725164135 0.00882459754618769 -0.058654042122158 -0.474067880949351
0.0164853201026625 -0.00175096017458862 -0.340649791628401 -0.127681906588634
0.00154280939545154 -0.0213467641199549 -0.191877868560937 0.14659107366797
-0.00292420738394524 -0.00844091796712943 0.0210806581970267 0.0955195324761103
-0.00420451299420179 0.00567309250309054 0.096125189269273 -0.067448087558707
-0.00537513580060284 0.00344630271083356 -0.0778682368327941 0.0795197061909705
0.00631693469993368 0.00478687453414448 -0.048943885291649 -0.0770254883424571
0.0106288478500902 0.0059267837716163 0.143428719325934 -0.149424907391388
-0.00719479069184938 0.0165585664540613 0.289798947487144 0.0661385393394811
-0.0195023832546864 -0.00164492943150807 0.0988445863635887 0.4408667437406
-0.0154372430876204 -0.0331896371191247 -0.348457361085634 0.370803973120967
0.0141253110443763 -0.0134817079402607 -0.396260144891904 -0.0139001797824873
0.0198487206512686 -0.004503261477062 -0.0730393199710242 0.0279256273896863
0.00241996681295417 0.00446673927036995 0.344923906690649 0.0721368418877082
0.005575873479837 0.000731419393057535 0.383307815304387 -0.306813651763563
0.00972995959266331 0.00284458432400277 -0.0792450805372674 -0.470597214325257
0.0124192950156103 -0.00270232944847982 -0.342948281514376 -0.11353684088031
-0.00131132303300406 -0.0177940798106922 -0.184337940919495 0.151316370967997
-0.00363519691175104 -0.00381428311683354 0.0272071190801992 0.0934370923397522
-0.00271735965858684 0.00953164668378408 0.0979749131792227 -0.0683075242571319
-0.0242071252192037 -0.0119156194365741 -0.0872786836741915 0.0708762792118966
-0.00194267991995493 -0.00428580979728723 -0.0496557216361905 -0.0791992585534512
0.0134153335470346 0.00232783682320615 0.153074893797656 -0.146403230113062
0.0113694224833845 0.0292295697082478 0.301290380954177 0.0739299812565042
-0.0147918285868759 0.0278291028523581 0.108029913203981 0.443420069195155
-0.0445544775494395 -0.00165383615387354 -0.330289943341697 0.359615046199123
-0.0432689202134797 -0.0122175819198042 -0.362361285005048 -0.0062663110916544
-0.0395497891666649 -0.0226156971707401 -0.0395385788538257 0.0469280377095386
-0.0542928686249186 0.00638108612733905 0.375431076816673 0.0685971430804841
-0.0218495152611623 0.0330659820427387 0.390333342883028 -0.319566335791911
0.0169393979703847 0.0323268136480909 -0.0796302383143011 -0.458033708195673
0.0279286277433642 0.00579722770098381 -0.326313741322046 -0.0931310195978764
-0.00154277854823647 -0.0185296647098979 -0.164348264302627 0.154573241640385
-0.0118369913734325 -0.0111038802164016 0.0292639080078744 0.0859570934160725
-0.0198990794537222 -0.0057103762379998 0.0824775217282545 -0.0783488729879269
-0.0238237615691105 -0.0129604713437887 -0.0867350695863303 0.0731339258127968
-0.00106702623037095 -0.00764112321864535 -0.0549814506816487 -0.0755805663010516
0.0151014402691875 -0.00241973941540631 0.143258577871006 -0.149073487238726
0.013718780845847 0.0264496795826954 0.298478786356408 0.0601453869206744
-0.0138647455046104 0.0298690838204344 0.124064124281294 0.435903305024842
-0.0474009333410795 0.00231653915692456 -0.31662237782899 0.372286023509544
-0.0473729672017315 -0.0119276970695513 -0.370034072443263 0.00355944533481289
-0.0421045483306667 -0.0243641307669108 -0.0533480392488846 0.0412074715306122
-0.0582846077323222 0.00456505050245094 0.364951236105438 0.0766512199972428
-0.0266533773609311 0.0335885805868992 0.400026317752341 -0.304344839452661
0.014940708952898 0.0346463030195321 -0.0620820775834965 -0.463613908473659
0.0305016029584387 0.00618097869199326 -0.327533752008239 -0.1074703713061
0.00166197469107196 -0.0218709048180708 -0.173297771161166 0.150614539616922
-0.00970478562880505 -0.0145472345853501 0.0241635085104443 0.0884080017946029
-0.0192685455897743 -0.00714053250739801 0.083143597067669 -0.0767064912800952
-0.0221176767814991 -0.013047865639743 -0.0851175349972499 0.0749608820428992
0.000157610268336628 -0.00890392997162857 -0.0590740283121583 -0.0731714584620736
0.0157735352667277 -0.00560777177219613 0.134685638564899 -0.151404693330652
0.0136517562865659 0.0236008678702486 0.295307594661575 0.0496731387932127
-0.013931745456947 0.0283254549876165 0.135663802903909 0.428841843704683
-0.0475476929385975 0.0017536411374079 -0.308119372212516 0.382831209267213
-0.0452460752265712 -0.0121636300201349 -0.379591610976222 0.0112650986740403
-0.0390416796704483 -0.0241647008726841 -0.0662790029047775 0.0348985849330518
-0.056139868874318 0.00245948484310988 0.353343953080226 0.083149407232947
-0.0281273914137093 0.0311192865777588 0.40585704241922 -0.289902922587451
0.012457245058196 0.0345186595229945 -0.0487089872890669 -0.469002401557643
0.0311152060517546 0.00541384166261237 -0.328962027466906 -0.120929900966823
0.00440655545761482 -0.0241826650128902 -0.182380946500921 0.147882123558607
-0.00798218600840712 -0.0172900233517781 0.0195976715163047 0.0916628602709293
-0.0169451718773502 -0.00736558791629058 0.0845482922072053 -0.0740685142954773
-0.0191649677971782 -0.0112602814991923 -0.083342569667022 0.0770836627787302
0.0014336557572308 -0.00846829431117191 -0.0609479597709249 -0.0710043752149537
0.0163268197816056 -0.00709232047001308 0.127199930593942 -0.15276035955898
0.0124009644014794 0.0201682166948398 0.290898032276423 0.0431896118136296
-0.014814145863235 0.0244739276211901 0.141338809247209 0.424311431990055
-0.044840958871921 -0.00181042437953684 -0.302303307592944 0.389733647968003
-0.0380174135547534 -0.0120004565130045 -0.387324741700584 0.0148995670488181
-0.0304243231990641 -0.0214042979052702 -0.077992780919549 0.0301978504527789
-0.0482900594202756 0.00192387482219816 0.342392928162797 0.0866602477353171
-0.0253636909661718 0.0260894844975001 0.408230702769011 -0.280204693721937
0.0106631474802648 0.0307872665558432 -0.040954176917737 -0.471455065735041
0.0293242664433564 0.00377539103149076 -0.331091485616682 -0.128816543421128
0.00547569979383626 -0.025229111993596 -0.188445024667168 0.144700300785245
-0.00537922515644874 -0.0173174008597425 0.0165135170120077 0.0935325126109362
-0.0145118997159359 -0.00601423258260773 0.0868813195274316 -0.0713356359187166
-0.0147211864800155 -0.00797033041515771 -0.0806704100624753 0.0785039481709062
0.00315160865249106 -0.00674115412339261 -0.0604893064574408 -0.0700711466753477
0.0162256375714461 -0.00593298550905629 0.125891442261402 -0.153993343731532
0.0079870524560091 0.0180878433393364 0.288489762128741 0.0404555603548717
-0.0163755811152225 0.0187050217550758 0.140386526646984 0.422690641073698
-0.0396259650321933 -0.00847875337096584 -0.305117047970253 0.392944576282385
-0.0264779020726423 -0.0128050660799656 -0.393623354078453 0.0161698236439997
-0.0187059386095078 -0.0181144432035167 -0.0846488690505709 0.0261699671904062
-0.0367659563558243 0.00219709339426453 0.336538941133085 0.0871326390650564
-0.0192940991583279 0.019804147643832 0.406275356744358 -0.277123753573923
0.00935602931048935 0.0243273553215757 -0.0407701057991732 -0.472495781739034
0.0260663628629067 0.00166910696587372 -0.33333019714888 -0.133134014549369
0.00546086863217719 -0.0251516698013328 -0.193104450063243 0.144778516133489
-0.00428630166069597 -0.0152673196346607 0.0160535321134267 0.0954009509640507
-0.0102865051184521 -0.00296764016747879 0.0891898244980244 -0.0698118757714314
-0.0111334801062153 -0.00467032246631025 -0.0787041618810723 0.0798313194969431
0.00506454205162918 -0.00378364365377752 -0.0585179412816158 -0.0707563333607333
0.0148329812171883 -0.00369297372538831 0.126880214042246 -0.152946496980292
0.00357108192085521 0.016695491801677 0.287325470537583 0.0433975061449409
-0.0178075027368672 0.0124436831106589 0.133421339221966 0.424084117914487
-0.032675135588942 -0.0163412744008766 -0.312962045220862 0.390669913622943
-0.0130871603886204 -0.0135568174266067 -0.397251230672268 0.0105715594233444
-0.00500103884230901 -0.0136987684769434 -0.0858742524047081 0.0245626266909437
-0.0229652476554914 0.00294805501808654 0.334554068814405 0.0832340394757991
-0.0109166871033989 0.0132471495523857 0.399020221877163 -0.282449018049895
0.00874920617650288 0.0171386148394559 -0.0490986689416234 -0.472158666440698
0.0216025177066693 -0.000203400575162398 -0.336695223660122 -0.13079698648383
0.00356140491143565 -0.0239997985973147 -0.192504286961427 0.14606478364429
-0.00317742476969357 -0.0128770471044182 0.0181297461270496 0.0954818023909542
-0.00727355025284383 0.000865423981200861 0.092449971434768 -0.0679456763372991
-0.00727943980153168 0.000185711974874884 -0.0772250420292757 0.0795278657491571
0.00593239300362389 6.65093007368948E-05 -0.0548679856660663 -0.0727878022703958
0.0131787428007588 0.000518530049943686 0.132219068480801 -0.151864387950381
-0.00236454832926515 0.0162970517087856 0.287427336076852 0.050372532117629
-0.0190874376833246 0.00441286631580322 0.121785343293309 0.430322338717739
-0.0233687302620169 -0.0257033454930176 -0.326612175845356 0.384148512812938
0.00232082852622864 -0.0137314144080538 -0.397346853527787 0.00198719340959236
0.00915664857494779 -0.0085727472211323 -0.0820228038388071 0.0251712760127073
-0.00816324329710448 0.00398220604741243 0.336339234651527 0.077463490550199
-0.0016717742472554 0.00581907906150472 0.390626193818452 -0.291459842048182
0.00872638568091193 0.00919228404978148 -0.0630632472909868 -0.470698913033576
0.0167699615089629 -0.00241597829277332 -0.339684574650868 -0.122819812258298
0.00103133424311592 -0.0211039572728434 -0.189224912886294 0.148153422775171
-0.00310331802875104 -0.00838037427916106 0.02194241183706 0.0948839844779493
-0.004340227683903 0.00604154282244426 0.0949193301402384 -0.0676560313569433
-0.00509396931708895 0.00398635785098006 -0.0761305838192594 0.0790683209789833
0.0066764311824936 0.00418653325300342 -0.0495177373989989 -0.075582590980064
0.0107322368618228 0.00556893803633489 0.140755844168249 -0.149676015824473
-0.00653610538158916 0.0164658741015648 0.288715512354793 0.0625945898073246
-0.0195395243797378 -0.0010580823196816 0.104169362841391 0.437022163009895
-0.0158985369103349 -0.0333435888211107 -0.343375382577575 0.37221570696276
0.0147219386124458 -0.0128243864968804 -0.392999489530836 -0.0100138102660713
0.019998941279823 -0.00457551104049492 -0.0718235777013211 0.0279176191192706
0.00271234080716572 0.00456458935854913 0.343671980777768 0.0687735958947
0.00571279746271152 0.00075721853478912 0.377681715512345 -0.30684571185888
0.00917221961323256 0.00268727035242674 -0.0827637905067758 -0.467145941604163
0.0122822886369936 -0.00290110324051042 -0.342181556621973 -0.108774305008611
-0.00157175006825102 -0.0171420355336842 -0.181630958806044 0.152285110345645
-0.00409571095164716 -0.00418253003727783 0.027496475759042 0.0932936903721852
-0.00273681628510306 0.00934366371427506 0.0966922957901789 -0.0684006802155365
-0.0243369375132885 -0.0114933501798792 -0.0859424928833951 0.0709274137216984
-0.00139135049798102 -0.00407074692705487 -0.0499342176159218 -0.0777088902410225
0.0128708131847934 0.00165445899967459 0.151258679773319 -0.146480169802629
0.0119168196332652 0.0286883726042096 0.299975554063833 0.0704104057404816
-0.0144848620780502 0.0274086777917317 0.111641646075031 0.439340484749823
-0.0442284945799092 -0.000950467087836311 -0.32401919282249 0.359686590062988
-0.0427028887298566 -0.011856236120672 -0.360233706193044 -0.00364828807496876
-0.0393652354860305 -0.0223031589091682 -0.0387086964047801 0.0466785332906262
-0.0536082914248136 0.00663547918551908 0.372944991078933 0.0643150981597936
-0.0209813058361216 0.0326576272260147 0.384257956215441 -0.320589900881896
0.0167829811528383 0.0316138403142093 -0.0830946291053228 -0.453693884859209
0.0280446719022352 0.00602805527310684 -0.324419786873742 -0.0905321112643758
-0.00185066680490836 -0.0177607966720955 -0.162077640979868 0.155232355977247
-0.0119208450377602 -0.0110130457064663 0.0296308390071169 0.0852448554117796
-0.0204143252523366 -0.00556160123010684 0.0813930331806686 -0.0775796081353876
-0.0237166841161562 -0.0124853717092484 -0.0851742460483613 0.072543450318261
-0.000946339512352268 -0.00726839089891213 -0.0550670118938301 -0.0745767843397245
0.0152244908289314 -0.00281312409427598 0.141615047372793 -0.149324270973562
0.0142240149905214 0.0264352167093011 0.297003180509632 0.0575161034599212
-0.0137709141668226 0.0291599586329435 0.128425027780002 0.433301899664476
-0.0473632308371667 0.00258773914746865 -0.311697159706585 0.370958586285224
-0.0463417153048678 -0.0114237223153418 -0.36816255869337 0.00662058786641796
-0.0419998650842118 -0.0238698916406165 -0.0524284660731392 0.0416599073210121
-0.0576076315780123 0.00516769327243862 0.362215440551412 0.0727236208155658
-0.0262254548221265 0.0332708833605431 0.394163561364974 -0.305303419294191
0.0149967633900413 0.0343576204046966 -0.0646435588385368 -0.459386582128915
0.0303078247771277 0.00526096470432962 -0.326212348652013 -0.103574477206779
0.00172175041675468 -0.0212835126364497 -0.170787887308352 0.151507380424561
-0.010009754397515 -0.0143330732203618 0.024179643196994 0.0881041208246844
-0.0193870177107217 -0.00704727160567648 0.0817633529952002 -0.0764798185185936
-0.0221871769022085 -0.0124412253187739 -0.0837095382326398 0.0748709148805206
0.000337475695247577 -0.00902022627753329 -0.0588572145344149 -0.0721304674748539
0.015809862945763 -0.00586887173325179 0.132402186238174 -0.151553974152805
0.0146089763521456 0.0234042418035304 0.293837508127726 0.0467985359573024
-0.0138853286764074 0.0281121125826407 0.139582526711927 0.424992826918888
-0.0475045982820665 0.00239876392910948 -0.302162947503067 0.382470497911586
-0.0445868045869045 -0.011012381359535 -0.377053293922659 0.0145509681883547
-0.0388365624129098 -0.0230247529264866 -0.0655972796555636 0.035906915364731
-0.0557621630570291 0.00333225881619205 0.350963520212716 0.079441754003744
-0.0275060828378023 0.030921936657444 0.400144627460695 -0.289990344750237
0.0130335564073127 0.0336648473871437 -0.052839354673317 -0.465598567115581
0.0311234373292196 0.00494352664157703 -0.327759975384974 -0.116661551471162
0.00383354066282344 -0.0239248040430814 -0.180177647059243 0.148129696707358
-0.00792086488426735 -0.0163742187804224 0.0199332625028344 0.0912773437167294
-0.0173714067657246 -0.00766953485382779 0.083480284191955 -0.0731155095694287
-0.0188747064958886 -0.0103481663474077 -0.0816779524307216 0.0769488064248965
0.00178810664200441 -0.00906359703691233 -0.0614105517881626 -0.0698213148875819
0.0158483266621037 -0.00724365440253214 0.125799921322471 -0.15274961606897
0.0121518195725678 0.0198009106041112 0.289516491559605 0.0403312318658062
-0.014642092246849 0.0240011414224081 0.143872713715817 0.420547359048053
-0.0443613746565433 -0.00150198635479043 -0.297687180010496 0.388884518202533
-0.0371207552016601 -0.0115458219853269 -0.384554338963242 0.0173481692574572
-0.0303157728125546 -0.0213527242421061 -0.0770432558144223 0.0309068206130799
-0.047560885398395 0.00220955478885153 0.340322534776687 0.0838425607522278
-0.0250290976703998 0.02598029174301 0.403622244845754 -0.280780517695736
0.0108913625272779 0.0303869204439558 -0.0430409500782942 -0.466677289098204
0.0293889015092465 0.00322735157591313 -0.329700441189777 -0.124915402366056
0.0051789833125097 -0.02502847844291 -0.186809604684857 0.145745461277537
-0.00585100799649183 -0.0170874594903128 0.0171105602148595 0.0933861478292696
-0.014413198826911 -0.00551738811562848 0.0860800689974906 -0.070982742102266
-0.0150279497071059 -0.00746795457270966 -0.0796291538125536 0.0784546699361877
0.00370912556837067 -0.00724422055790584 -0.0614409956597409 -0.0688264938393017
0.0154201380066277 -0.00648426583066982 0.123904596002658 -0.15311153336474
0.00862313013302442 0.017349521517341 0.286911682391443 0.0380385957602945
-0.016090248640159 0.0188993376246894 0.142581625476645 0.419087652540624
-0.0396227923380819 -0.00796431099973397 -0.300151119809589 0.393308802802143
-0.0257374562722968 -0.0123141143678023 -0.391941354240898 0.0189990333427785
-0.0186824217886672 -0.0181463415619535 -0.0838681254716519 0.0266472875839162
-0.0364323549334275 0.00208883314231011 0.334299640738866 0.0834795497419961
-0.0191355612594601 0.0197509474189773 0.400231314583032 -0.278019418725848
0.00982570944546185 0.0243977156182126 -0.0452091172194665 -0.468117232223157
0.025898504847919 0.00180682451290303 -0.332973156912826 -0.129356115415044
0.00530836087775068 -0.024673829823962 -0.190188813649324 0.145415083660342
-0.00453029369881002 -0.0153464399097207 0.0169837247405895 0.0951289249967138
-0.0108381734399741 -0.00261124173220992 0.088499103275936 -0.0690519475176459
-0.0112086216574345 -0.00397929954053185 -0.0770442539710506 0.0791897627753269
0.00531954823519918 -0.00442282454048543 -0.0589640013647249 -0.069232486832208
0.0148882697084578 -0.00389319772853327 0.1252779092124 -0.152847866131223
0.0040731862246091 0.01705895343052 0.286226746314091 0.0409472350490437
-0.0174448651612958 0.0121939263157151 0.136960347201747 0.420658375026532
-0.0324737967058435 -0.0162122084890837 -0.307899568246354 0.390403329542968
-0.0127964998539248 -0.0130603010055676 -0.394532832851156 0.0142380738150197
-0.00482838380140507 -0.0136801496437296 -0.0850979615078002 0.0252648074869738
-0.0227449230123296 0.00309928753393313 0.332466579018045 0.0801036679971912
-0.0106823320195873 0.0133744841040547 0.394025143543047 -0.282495610461738
0.00910763687704702 0.0171054605570576 -0.0530979957669991 -0.467235511674977
0.0217849276531181 -0.000192107887903041 -0.335404847999023 -0.126096517378845
0.00335851206047774 -0.0232547622471532 -0.189675937117596 0.146515073039374
-0.00369084456720107 -0.0128108746500864 0.0181531061126906 0.0956541516190139
-0.00760861841734023 0.000957609807772133 0.0913661090812677 -0.0678518176092147
-0.00750178217398531 0.000521517788450481 -0.076101241848723 0.0793901302024608
0.00670403085154852 -0.000387011416481254 -0.0554354519383031 -0.0712394951411243
0.0127358095589644 0.000591754223815974 0.130389751736299 -0.151852769082103
-0.00136845836949362 0.016325600855497 0.286644629349246 0.0475998209987104
-0.0190352225206922 0.00499100278884857 0.123893982997073 0.426330249204117
-0.023873078708441 -0.0253364652694883 -0.320003196936904 0.382905469053317
0.0026534907028612 -0.0133720896776157 -0.394812576282803 0.00436751605832567
0.00942082574540293 -0.00845728243135808 -0.081356668445182 0.025859211955805
-0.00821330929829733 0.00468866996495685 0.335029620835657 0.0739010331195294
-0.00165236684528636 0.00579514674682176 0.384657938719535 -0.291928507210434
0.00900026737615343 0.0085276676963596 -0.0669283931564577 -0.466305391402631
0.0169188322783797 -0.00167683568809744 -0.338466225157114 -0.11887185769106
0.000712655680461534 -0.020885805352133 -0.186554540709448 0.149197155793151
-0.00378411640910488 -0.00832342072589167 0.0222827071091099 0.094555596863012
-0.00455240584718706 0.00552093921109604 0.0931124270007436 -0.0672848790825459
-0.00526623082865769 0.00413234496081916 -0.0753914498443679 0.0784614123393195
0.00665223198968079 0.00398361519131506 -0.0502042822056031 -0.0741169618149554
0.0106240668673469 0.0054773003103742 0.13923013336843 -0.149921832560324
-0.00650705172189559 0.0169833810696629 0.286895496734899 0.0600040809347967
-0.0198446064498595 -0.00139257210394992 0.10712428742702 0.434028704962165
-0.0160487833680824 -0.0327480355678149 -0.337521525317984 0.373746864942499
0.0149784646259214 -0.012932872058408 -0.391677356134744 -0.00726489730509705
0.0201798508362022 -0.00466407034595461 -0.071434790709727 0.0290091172019976
0.00275014189612503 0.00462618661597224 0.341477033463685 0.0652961902937743
0.00582044271353938 0.000421853003521978 0.373096432109325 -0.308276117829889
0.00921702953807069 0.00207095209812973 -0.0857182469302749 -0.462090996645384
0.0121282798513851 -0.0030974908522754 -0.340105851142171 -0.105812647219012
-0.00223353586986755 -0.0167678990320931 -0.178870820988101 0.153114601489931
-0.00412707628747744 -0.00401469908626815 0.0285318306879364 0.0926192684712093
-0.00311486295725687 0.00931506230593534 0.095669526015632 -0.0677830467639364
-0.0241869916275414 -0.0101683386681832 -0.0847799528307787 0.070179089525036
-0.00126721017965927 -0.00467648119509463 -0.0498740907039798 -0.0766160673177897
0.012906176444435 0.00177488585258053 0.149640067226604 -0.146362663654032
0.0124425962860281 0.0286949032482025 0.298349290775589 0.0675692560162615
-0.0143453534477535 0.0273623637481295 0.115105367323663 0.435361025631709
-0.0441869475928372 -0.000829078136696602 -0.319543405214891 0.359490221171098
-0.0416521070315362 -0.0115662855538244 -0.358010587651487 -0.000822690119374273
-0.038477190460544 -0.021994146846296 -0.0382846222542347 0.0472195465406988
-0.0534028658975042 0.00713787172258121 0.370605275821432 0.0617982716822769
-0.0211184657008505 0.0330430421895253 0.38029862180228 -0.319024372981701
0.0168881063809815 0.0312900642218866 -0.0845406795548207 -0.450725937288921
0.0281332912436172 0.00585358985147787 -0.323782643170447 -0.0870143299467701
-0.00173339277903196 -0.017398615155396 -0.159988404496711 0.154612769553252
-0.0121310738123717 -0.0109537734053986 0.0300810865333593 0.0846892435153122
-0.0204844500487555 -0.00480677794890976 0.080633342094446 -0.0770655873325686
-0.024103048097391 -0.0119160098207971 -0.0837919602632403 0.0725842651548774
-0.000549783762080205 -0.00751887134016802 -0.055127770264061 -0.0735266802427649
0.0147827113392228 -0.00287117506423406 0.139564434979217 -0.148834613735423
0.0144991238690147 0.0257457617885777 0.295045553127648 0.0552534742388283
-0.0136582764618744 0.0292139555408251 0.13054669520399 0.428675846975931
-0.0471245212968332 0.00282435786611631 -0.306961619697135 0.371094343890486
-0.0454717525441133 -0.01086228021576 -0.365071460331819 0.00849810571399003
-0.0410008902075057 -0.02330821478397 -0.0511852973962918 0.0415957265910508
-0.0566465205671737 0.00514322397200225 0.35976223733898 0.0700165042857662
-0.0254345602838131 0.0329304073554517 0.389667578579879 -0.304433792088447
0.0149239664989824 0.0336712738347432 -0.0675494961342186 -0.456524075866656
0.0305217290945881 0.00548536419970286 -0.324855087471543 -0.101010341218804
0.00127919863837097 -0.0204653966710767 -0.168906867984191 0.151394515194755
-0.010136059754089 -0.0140516581175141 0.0249026179096417 0.0877506673187633
-0.0197211456572092 -0.00660574444451591 0.080919566159557 -0.0759490708505138
-0.0221961774229923 -0.0113439001950895 -0.0825865666439005 0.0739799808123732
0.000724354471756001 -0.00932806832402227 -0.0595473050393476 -0.0707037641207668
0.0158568858136859 -0.00597939816694345 0.130939326685082 -0.151905534688718
0.0152979946192347 0.0229683783915317 0.291540809211103 0.0443140382764205
-0.0139103305023847 0.0278782451189706 0.14184979230664 0.420808757127794
-0.0469121977417339 0.00226124990317325 -0.297160746732642 0.382285730785355
-0.0435615496812359 -0.0107681049015131 -0.373059717027796 0.0169450707728292
-0.037967892549828 -0.0229741483247594 -0.0645290051805028 0.0363696175090167
-0.0550056063769416 0.00360945625420695 0.348435523147582 0.076939421079736
-0.0270143781015573 0.0310125194194493 0.395972605613051 -0.289606765445014
0.0132177740082526 0.0334754795795227 -0.0543035612390563 -0.460458882019698
0.0312707194256064 0.00458540627284054 -0.327201841142249 -0.113692898031815
0.00335898906638721 -0.0231140000807755 -0.177399924983498 0.148507410264684
-0.00811458803108245 -0.0164121272458353 0.020782327807792 0.0906846331888105
-0.0177277496924816 -0.00668211427875745 0.0822678382213208 -0.0727202376010833
-0.0189509427719472 -0.00997087607431135 -0.0804014988593887 0.0762421625585681
0.00223132533614793 -0.0094535994041057 -0.0615438669515191 -0.0686082714354763
0.0164160154008143 -0.00678946552197182 0.124222477941536 -0.152496694528681
0.0126823480902093 0.0199912111715914 0.287960728766631 0.0385152775739022
-0.0146524817672512 0.0244143108243293 0.147586657063031 0.417043906774302
-0.0444342214116082 -0.00106595977825245 -0.29321011780429 0.38839210942345
-0.0363357929015111 -0.0111058863140525 -0.381401496562952 0.0205803740112279
-0.029671808556445 -0.0209353062220959 -0.0758313612809104 0.0309839766547315
-0.0471326790168394 0.00258440692692452 0.338313960110961 0.0808803782816405
-0.024235602290711 0.0260954157174606 0.398294277747004 -0.280633569998531
0.0110799690830092 0.0302595005482449 -0.0462692174202387 -0.463626364396728
0.0293205838643821 0.002864029193195 -0.32824973256301 -0.121445632741773
0.0050776318762145 -0.0246590474941936 -0.184368514949503 0.145770875444141
-0.00579768916900482 -0.0167434597234494 0.0178957544647462 0.0932844717812634
-0.0149151182205629 -0.00544684968718911 0.0854624028062819 -0.0706183144105899
-0.015229073412753 -0.00720518473435613 -0.0779539258998401 0.0777917668790725
0.00365687384034988 -0.00742240161678232 -0.0613795783860199 -0.0678668745363188
0.0156730444568491 -0.00681112851218581 0.121591544839404 -0.152765097825155
0.00920345105074961 0.0179173244115987 0.285459756043333 0.0355531312119819
-0.0159627889139945 0.018898938359715 0.145846616789599 0.415682859018963
-0.0394396676895524 -0.00788869477321186 -0.292972254860691 0.391689447499591
-0.0251731941068472 -0.0121132838925042 -0.387995472660006 0.0213770593905995
-0.0178507386722183 -0.0171695095803946 -0.082559733092832 0.0274393357207929
-0.0357645197066583 0.00267097704082252 0.331300114717298 0.0798519309708309
-0.0187147613273434 0.0196204519439077 0.396127339354651 -0.278390583886295
0.00990164732055938 0.0236548895549779 -0.047762271814529 -0.465446447927013
0.0259207202595315 0.0012752881043388 -0.331193013023661 -0.125731655743458
0.00486679468894636 -0.0243929547570042 -0.18807493846808 0.145966797729246
-0.00410986328303171 -0.0150178679490716 0.0171435295304738 0.0946279157077383
-0.0111305878031708 -0.00255754056965471 0.0875312949566347 -0.0684260515834674
-0.0116521742584148 -0.00320253860981751 -0.0764686094030309 0.0790508364317878
0.00528380340888123 -0.00471836647726396 -0.0593274363215271 -0.0677913677381803
0.0144716268443166 -0.00386677160856389 0.123582532663981 -0.152754669620198
0.004511033016076 0.0167854631251673 0.28403102357058 0.0389409068826832
-0.0175014612370322 0.0121266915074794 0.139554250904691 0.414936809319699
-0.0323870030891956 -0.0158797894630633 -0.302564852842679 0.390339252950783
-0.0121913211138221 -0.0123781673770999 -0.391715105420952 0.0170096956763919
-0.00480060105636882 -0.013351040088571 -0.0843597066731019 0.0256716203119171
-0.0222258214526683 0.00344078348380402 0.32976059930144 0.0773408003848047
-0.0105149837896483 0.0133355639448453 0.388283351359168 -0.282895154826868
0.00966351919598412 0.0168661733761261 -0.0559737873183449 -0.464138020928771
0.0219678911451017 -0.00077440985391084 -0.33438211190457 -0.123255044915078
0.00350906737715512 -0.0233049974598004 -0.187914476363012 0.146812324079632
-0.00348087476028394 -0.0124784168088659 0.0189945931020699 0.0952077889942105
-0.00797353869535185 0.00146477218679483 0.090561060861016 -0.0670892970120121
-0.0076870387948334 0.0010261844886263 -0.074358674908328 0.0784338392442539
0.00682661229308429 -0.000341998393634357 -0.055566798814811 -0.0699564940138186
0.0130392263273544 0.000379767624469521 0.129280796233081 -0.151633640394678
-0.000969877277561841 0.0165591287969303 0.284512093730665 0.0455133410733266
-0.0191554847018871 0.00485394391886305 0.127133671717657 0.423286122750752
-0.0239863426880561 -0.0250079744774989 -0.315682359494512 0.384824492082174
0.00291701913260852 -0.0135168480769556 -0.391851333236157 0.00823751336444859
0.010033658291376 -0.00816633907322379 -0.0801513595523682 0.0261386650132453
-0.00785248940281975 0.00421410742289968 0.332676648237292 0.0713095600553916
-0.00127885324440583 0.00600350144064837 0.380055846970157 -0.291772860589256
0.00927426085040726 0.00829667666582746 -0.0700527422902852 -0.461899898454972
0.0164000309345119 -0.00223987267884566 -0.3369180883575 -0.115436442882262
0.000724080708679635 -0.0199624373032591 -0.18445844261127 0.149932570679401
-0.003645577094014 -0.0083545843996501 0.0227034971585336 0.0940029207746484
-0.00441179209829852 0.00565288334166446 0.0927984920189855 -0.0672263246128143
-0.00518253045287731 0.00446249189443386 -0.0740415637414661 0.0776745223977976
0.00735439790493844 0.0038250281015022 -0.0505408683942098 -0.0733365710711077
0.0107198005544436 0.00563801908890113 0.137387438015413 -0.149500469055767
-0.0057900805058248 0.0167940986128291 0.285966174312246 0.0574585442269803
-0.0196753862117788 -0.00133888171570419 0.109611090437267 0.430506182646485
-0.0159911638560087 -0.0325713827848958 -0.332382738439592 0.372310544828257
0.0145724877724375 -0.0125405075661751 -0.388269021723044 -0.00300760596967759
0.0205068849392855 -0.00466645455848203 -0.0705837588454204 0.0291100657489115
0.00287261107066588 0.00485204173827234 0.339845544989331 0.0627171857530325
0.00572269038363394 0.00052978636986745 0.367565008588285 -0.307084810199977
0.00903059180849572 0.00233337389464972 -0.0877460557749759 -0.457613665246454
0.0123764106884958 -0.00290737185081782 -0.339336045328335 -0.102430973724694
-0.00248027428284861 -0.0163985590854691 -0.176129824600522 0.15374064171098
-0.00423630797928725 -0.00362905611319025 0.0287139385208784 0.0922342184346751
-0.00329185401617552 0.00960258604846275 0.0945828578300875 -0.0671841306803356
-0.0243617627033087 -0.00998058972698243 -0.083562954400405 0.0695401115777664
-0.00095676467274605 -0.00460152261499527 -0.0504544853265998 -0.0757875875480805
0.0131938702990157 0.00141444164604202 0.148496890585554 -0.146625878522387
0.0126108281543727 0.028536031307627 0.296897654034461 0.0659486386500428
-0.0147697756618965 0.026883432994892 0.116344269402636 0.43245183317233
-0.043865965503401 -0.00043547563030339 -0.316478897312641 0.357480709191107
-0.0411368224905547 -0.0111338089193001 -0.354519661114158 0.00055743841675695
-0.0382961488766789 -0.0215701084329576 -0.0371545611155794 0.0474021620544304
-0.0527543110184211 0.00730136824463894 0.36687709326695 0.0599204651386041
-0.0207736944748691 0.0325332158672827 0.373992149997113 -0.317809064195933
0.0171393769586291 0.0308144430287628 -0.0864566886691959 -0.445075655341916
0.0282188251493419 0.00491591676150247 -0.3226502852914 -0.0844995016114692
-0.00182513164354569 -0.0169013496114768 -0.157795104515851 0.155046234107645
-0.0121739109450914 -0.0108549728450839 0.0302728865575626 0.0849779010069829
-0.0201800980486187 -0.00471162000734638 0.0798939803056227 -0.0766072962185151
-0.0234423072330776 -0.0111834175008447 -0.0828483202636197 0.0714412643420317
-0.000764225855911385 -0.00789207731083532 -0.0558244986143135 -0.0726750563660784
0.0147201737071538 -0.00315222338800639 0.137945185039811 -0.148646373723306
0.0148280930945418 0.0258694326647784 0.293530105775349 0.0532926101622421
-0.0137937545992196 0.0289313304712487 0.132500810132235 0.424130121259621
-0.0466415497525168 0.0028272861363511 -0.303256741277367 0.370163768213806
-0.0449057814201925 -0.0105946823337655 -0.362743662212916 0.0101052218078075
-0.0408739195418246 -0.0229161827223498 -0.0506443440944996 0.0415874902837941
-0.0561403463165704 0.00542231655751831 0.357368277113557 0.0677126042172376
-0.0251045285347186 0.0331335161280075 0.384737594348577 -0.302617589564501
0.0149700631655803 0.0335474115318346 -0.0688549087334252 -0.451531863012819
0.0308864171674446 0.0053184688521488 -0.324095383572764 -0.0984250745525977
0.00132898573022511 -0.0203265231820596 -0.167024526661129 0.151874736154326
-0.0103577496900795 -0.0139356992509583 0.0253940387796581 0.0869978696589054
-0.0196926239141706 -0.00635116218665675 0.0807017856051673 -0.0747318739195896
-0.0224407469560893 -0.0110300170105425 -0.0809335354105555 0.0735707275683803
0.000678667262442975 -0.00924269243166141 -0.0593099051991118 -0.069719968265454
0.0152057265230626 -0.00577670291983063 0.129932935559473 -0.151513482645829
0.0153763654328241 0.0227674187869352 0.289936511490573 0.0427404800694808
-0.0134425410658302 0.027882311879943 0.144474315014276 0.41831558074302
-0.0470138901736272 0.00273727652904864 -0.293305772926251 0.381074322551634
-0.0427899708993282 -0.0103549783801471 -0.370839548654101 0.0173362924868119
-0.0375413331077274 -0.0225101206866051 -0.0639575022262042 0.0366409169164888
-0.0541531266170569 0.0041732992479718 0.346079768620985 0.0747879501475784
-0.0264380038501828 0.0307192117170473 0.39204263275148 -0.289117362208933
0.01320545884191 0.0332049795225023 -0.0568553071600033 -0.456135534310107
0.031342563461754 0.00446326926795121 -0.325830257683033 -0.111201596533525
0.00369455479936728 -0.0227298011033345 -0.175881106813841 0.148660486562334
-0.00823387934073925 -0.0162370156436718 0.0205866005763694 0.0902011847041507
-0.0178220771168836 -0.00670430553820632 0.0816244252444625 -0.0719776760044905
-0.0188504512514233 -0.00969231806903157 -0.0796945025945793 0.0752705562687644
0.00212451935490363 -0.00963221533138735 -0.0613281803685012 -0.0675964906830748
0.0160931325490734 -0.00698435920719605 0.123268914689774 -0.151817158199968
0.0128482440612113 0.0198201077087197 0.286064872002087 0.0364892316874597
-0.0149599137978296 0.0239123681010015 0.148921200838521 0.412662752414643
-0.0438104675641614 -0.00107675015656319 -0.289350248863829 0.387169397383762
-0.0356919535097786 -0.0107163788708006 -0.378528254872549 0.0224552748039242
-0.0294330538801609 -0.0208969164571336 -0.0746378368820432 0.0313549009509239
-0.0462286747210885 0.0028722148998837 0.336189588793419 0.0786048921889518
-0.0236380403529807 0.0257837362072448 0.394135956265245 -0.280111369011691
0.0107794248135044 0.0293103828346421 -0.0478954675525103 -0.459098799254508
0.0292782592466063 0.00305837242257023 -0.327218333663647 -0.119398372499215
0.00481187974739857 -0.0241591697030297 -0.182219293271324 0.146575973316405
-0.006174254042434 -0.0162623706814422 0.0183232763129179 0.0926104436164085
-0.0148178707611819 -0.00510061695440636 0.0843211818636624 -0.069765386012585
-0.0152339514734239 -0.00667262231608196 -0.0770206932209603 0.0771478624946329
0.00395609226401621 -0.00777635598472128 -0.0613331432641362 -0.0672839199674654
0.0158909611853384 -0.00646442006917207 0.120272679236364 -0.152526468016512
0.00999760043963042 0.0175374956704258 0.282785965227255 0.0341604233751774
-0.0156717658999056 0.0183916888238445 0.147571358752743 0.41114103740691
-0.0393218862866975 -0.00783416398683287 -0.290307551822628 0.390134406969531
-0.0246347170781356 -0.0118656332981332 -0.385005458615182 0.0222575162094287
-0.0175580490812777 -0.0173979353114229 -0.0814165256402068 0.0272288946243578
-0.0355489737588686 0.00274836582119527 0.330241117658217 0.0784377211976942
-0.0184962048320838 0.0198392760502336 0.392479745882884 -0.277613346055989
0.00948239619168588 0.0237669067227963 -0.0492466779851992 -0.460104249988098
0.0264762237161087 0.00128930092991963 -0.330358870963914 -0.122923394852317
0.00479336531937908 -0.0240054506700061 -0.186339691813993 0.146025220064167
-0.00441939986239843 -0.0152638496469996 0.0171374513916928 0.094290197017055
-0.0115653432114443 -0.0025129155561557 0.0866857958293445 -0.0680520741378568
-0.0114576215518893 -0.00255255179302533 -0.075115057630037 0.0778270841083237
0.00591298691908278 -0.00493470401234716 -0.0592034722350198 -0.0670572226237981
0.0144951446749264 -0.00368404974779405 0.122288482307989 -0.151915089046297
0.00514013753045815 0.0164047848419307 0.282873515818036 0.0372063789994342
-0.0176173562965847 0.0117511265133659 0.140051477629606 0.412965344658853
-0.032632507389923 -0.016223153802306 -0.299719716906011 0.388219623704465
-0.0114942813702889 -0.0123234118908997 -0.388717430761236 0.0182068539574368
-0.00452642638057472 -0.0130272438667777 -0.0832268386088405 0.0262271783947204
-0.0219832804038056 0.00370427949156499 0.32778428925994 0.0748095854113783
-0.0104711221258873 0.0128255363364216 0.384852764767504 -0.282732405881955
0.00953718869907049 0.0162059709309799 -0.0563671691152152 -0.460240045973181
0.0220317278985252 -0.000536254086775404 -0.333330062075351 -0.12032270226822
0.00344576094078949 -0.0224506318903639 -0.185871722080134 0.147195307576769
-0.00358197160734352 -0.0127446991580576 0.0191987867656054 0.0945101484110497
-0.00783937166938395 0.00133837173457418 0.089569116804884 -0.0667303322424754
-0.00791308573198383 0.00149591410422855 -0.0732200106825216 0.077883520028665
0.00700196598512129 -0.00104893922935697 -0.0552999312508526 -0.0688537178574857
0.012626687582139 4.75341172888333E-05 0.12744836292157 -0.151135720064947
-0.000837254046785119 0.0163320583673718 0.282724318982625 0.0437546360204641
-0.0190322167148244 0.00451731352715118 0.128932442104961 0.418887227281461
-0.0239747174226912 -0.0255526921804353 -0.310613717008576 0.382468433086041
0.00359908960506363 -0.0128917068141777 -0.388314936554661 0.00934124570750885
0.0101218794360932 -0.00831098416304225 -0.0795557423920472 0.0261848194293637
-0.00770079854432911 0.00429981160760215 0.329982106993202 0.0690531132993812
-0.00154570330680472 0.00605055624365507 0.37528394612256 -0.291246676988792
0.00904523134842584 0.00820045425018715 -0.070642107684262 -0.458126836036389
0.0166043681232754 -0.00245199193167827 -0.336325174301379 -0.112639506090979
0.000673287938882392 -0.0194867360376992 -0.182038117520675 0.149739466784866
-0.00395193895341325 -0.00784522381990332 0.023046804502571 0.0941424437847695
-0.00500630202903583 0.00584712253281567 0.0918072247010229 -0.0661540817723989
-0.00513741258081074 0.00498693890570972 -0.0731683721809442 0.077378721439288
0.00739801101363303 0.00308676699353055 -0.0506117799569105 -0.072054835573155
0.0105535471151546 0.00525175428957756 0.135874617252153 -0.149073536168971
-0.00544769294963762 0.0167858835505028 0.283981125189655 0.0562495352405514
-0.0196775180825748 -0.00148213088610412 0.111734546694235 0.4269741276063
-0.0159257538304025 -0.0323445262908357 -0.327621339367525 0.370450641106987
0.0151493632078678 -0.0122748044747023 -0.383440037005012 -0.00156434998298039
0.020146118701549 -0.00455975599366987 -0.0699471873788858 0.0295672426638211
0.002768145749532 0.00448731125824169 0.336846430833217 0.061227194420514
0.00604445120777333 4.90132173051397E-05 0.363143749100881 -0.306855932385203
0.00888394918141468 0.00228028576853223 -0.089574863042875 -0.453959829166623
0.0123039983190287 -0.00256243930558846 -0.33676464260457 -0.099595610979845
-0.00203702082671125 -0.0158995772917065 -0.174065570478225 0.153822294998141
-0.00431156918869446 -0.00336892695685732 0.0288191902187211 0.0916534897313867
-0.00360600058809665 0.00923397441295912 0.0937837724310035 -0.0668701121920449
-0.0242502522707124 -0.00898299250849799 -0.0830017140916206 0.0690580483536204
-0.00108782906176058 -0.00556991920513824 -0.0500464530064186 -0.0746531703371299
0.0130491233244538 0.00159841324329926 0.147082311782376 -0.146239989969564
0.0131302975378564 0.0280112152491011 0.294953319964636 0.0641861813102364
-0.014218012235513 0.0266758202399652 0.11866249406208 0.429025375677242
-0.0441070519640928 -0.000262536533377489 -0.311731623005123 0.358104113871356
-0.0401482270911583 -0.0107514243744083 -0.352156731113362 0.00103291456066287
-0.0377872110668372 -0.0213900579691977 -0.036362532908275 0.0473363560790155
-0.0517550892440996 0.00721499232692414 0.365164871482183 0.0577153406256626
-0.0199413393521913 0.0320976793864863 0.370483829516295 -0.315827353801349
0.0170994087548922 0.0307224790921777 -0.0866591358579247 -0.442187389067916
0.0285894272374165 0.00511035331467269 -0.321001974792185 -0.0830315313189482
-0.00154374942843908 -0.0167184500537397 -0.156365589874996 0.154468991173177
-0.0123418870776164 -0.0108957796110438 0.0301841302651703 0.0842036842832244
-0.0204369553262945 -0.00425674235170587 0.0795103657781202 -0.076169688825842
-0.023602739208122 -0.0104619880299799 -0.0815914395848881 0.0709464764255023
-0.000248327916498003 -0.00852240831653938 -0.055335600080671 -0.0715449651524398
0.0150601146969394 -0.0030070673490171 0.13696107933495 -0.148882013450979
0.0149265740088734 0.025478292727463 0.292255494356228 0.0525913143288121
-0.014019711085881 0.0287731027399249 0.134166861821743 0.420604963937423
-0.0466365633793621 0.00274303439377116 -0.299765700163787 0.368417238679351
-0.0438014753138027 -0.0105400208625041 -0.360098261995503 0.0111208129970754
-0.0402062424130567 -0.0227177190256064 -0.0502654865391976 0.0420221649197062
-0.0555830393737928 0.00523090175967339 0.354573989494012 0.0661013254826493
-0.0251698261700016 0.0328922319233103 0.380765498800155 -0.301832521981112
0.0153714940386158 0.0326884153455957 -0.0710128105580511 -0.44806100878278
0.0309523446919112 0.00528311658199114 -0.323089737124002 -0.0970013777757451
0.000769494052066032 -0.019910951568736 -0.165196741364252 0.15149585352841
-0.0103189238883239 -0.0139525360283797 0.0255667535559281 0.0869028409986524
-0.0202890039231757 -0.00619636627558551 0.0798586732947125 -0.0735845134802416
-0.02205878641572 -0.0100034756378708 -0.0804864872287079 0.0729445944516187
0.00118610992873298 -0.00958576337512057 -0.0594200215568323 -0.0688125868010686
0.015692939759901 -0.00655972805649583 0.128121566170901 -0.150354511309177
0.0156660989612509 0.0225846055427591 0.28841789424683 0.0419521468520132
-0.0137225491767624 0.0272552170994213 0.144234176626752 0.415072862601216
-0.0467272656775673 0.00269240404153775 -0.290724432550966 0.379268853403497
-0.0417027820587479 -0.0101318069422681 -0.36869494494586 0.018660079625152
-0.0367826625802948 -0.0225304001345334 -0.0630756180186821 0.036104744124608
-0.0538034672279204 0.00372080722872188 0.344106467758033 0.0731060857678397
-0.0260029922643011 0.0305466861671882 0.387172814886152 -0.288758207647639
0.013027532328466 0.0326350074770905 -0.0576695805024809 -0.45329147840982
0.031548527762681 0.00448825454650991 -0.323975175624898 -0.108650016873277
0.00349449081307759 -0.0222691905862559 -0.17454883092735 0.148447706319948
-0.00834892038783133 -0.0161607021404679 0.021006735654492 0.0898684198288692
-0.0177133122273443 -0.00643961984388997 0.0814312588317568 -0.0713042714850358
-0.0191417555524753 -0.00891373391698616 -0.078364256731369 0.0747720245745921
0.00252626279600057 -0.0098890060831586 -0.0612053119900108 -0.0668565580383792
0.0155219385817196 -0.00739200893210211 0.122184430554041 -0.151519622789767
0.0135774884194325 0.0197671855678583 0.284343670738518 0.0355693993985284
-0.0143248834293874 0.0233394250955424 0.149852061785387 0.409499164681131
-0.0436657858557717 -0.00134723833386061 -0.285641805556496 0.386443929802266
-0.0351788179388382 -0.0103081333346784 -0.376747400935045 0.0226520879969094
-0.0287209720337081 -0.020215206050408 -0.0743137240201281 0.031446785636976
-0.046194610564065 0.00311757836431143 0.333763704356955 0.0761756167677461
-0.0236068985378782 0.0257443285514393 0.391510343894977 -0.279037158586676
0.0114097709956065 0.0292618625653199 -0.0493512753212672 -0.455477941705688
0.0299030479445888 0.00353503345166151 -0.326260945848906 -0.117841439878744
0.00482109919165072 -0.0233783170734131 -0.180355463939228 0.146371916530888
-0.00614883662718658 -0.0164319255598724 0.0183927249547392 0.0923978538727073
-0.0151005861383841 -0.00487332034361723 0.0838861260377957 -0.0690884016899011
-0.0149294884469534 -0.00623063792473716 -0.0766647254234258 0.0763605525552154
0.0039366513722339 -0.00801367244895212 -0.0613790986897531 -0.0654865996356562
0.0154920022545059 -0.0065505445091224 0.119471231763114 -0.151755721766277
0.00981006498608003 0.0176878597290033 0.282105490723631 0.0328299468721847
-0.0157688694227254 0.017731495059912 0.148331731624922 0.40815386879405
-0.03869416710396 -0.00760056716261517 -0.286077407630318 0.388444567858737
-0.0239904243455414 -0.0114047713201087 -0.382776327970784 0.0239056739778379
-0.017361971666882 -0.0169782758560905 -0.0811413814203095 0.027873856958089
-0.034971736102399 0.00322582371072294 0.327767536480516 0.0761527565106366
-0.0179951404297871 0.0195688961189683 0.387833963959689 -0.277399336016128
0.0100174634534635 0.0233409536912785 -0.0495003619856296 -0.457056753633214
0.0264796352210405 0.00127848204396826 -0.32824176040781 -0.120990094902528
0.00470397223017968 -0.0235412844832756 -0.184224071852548 0.146535112909975
-0.00496719973602093 -0.0149001119454702 0.0178667405456429 0.0939575519681945
-0.0113560318268868 -0.00200317461806779 0.0858558715364674 -0.0669281684621695
-0.0113836404908635 -0.00240964948956531 -0.0742888865464195 0.0770201334660042
0.00590906574957445 -0.00510207179528756 -0.0589265082040578 -0.0667197769091213
0.0144068907555776 -0.00372227727257037 0.120865161917255 -0.151761348718291
0.00500664221455234 0.0165788264273603 0.281093456155379 0.0356361372323381
-0.0171946570071268 0.0115398440458717 0.142145161822852 0.409646420002319
-0.0325587547064306 -0.0158063320907725 -0.295412815420334 0.387621825638029
-0.0114833862740727 -0.0123350562284878 -0.386237180887279 0.018760655256906
-0.00408266745457658 -0.0130886843616302 -0.0825851756922721 0.0262168086949795
-0.0217219150163804 0.00350023030145216 0.325051707787226 0.0740470076184853
-0.010127572445772 0.0127444466321934 0.381264482981219 -0.280666423455587
0.0093029034723012 0.0160068895079583 -0.0577868901913395 -0.455688567541457
0.0222844474271482 -0.000993636932037276 -0.331981482678441 -0.118439775199875
0.00292678567698143 -0.0221483037961781 -0.184217694725586 0.147436362989751
-0.00421799077305959 -0.0121923112564129 0.019956691696874 0.0943341994754766
-0.00834430010652068 0.00142834667754695 0.0891090460958612 -0.0660320004623636
-0.00786579118154247 0.00176853162791373 -0.072234515008057 0.0773325525399507
0.00713736309879914 -0.000948426880337416 -0.0548906342479462 -0.0683164507129957
0.0127985377072604 0.000370674987502593 0.126834286258745 -0.150627849039278
-0.000184816867896506 0.016451764416164 0.280916097818955 0.0423904456631992
-0.0193062678961216 0.00427863383272714 0.129467169933195 0.415358595339357
-0.0238612735741264 -0.0250515089306442 -0.308221955491198 0.380232850233303
0.00447828941050599 -0.0127929621016321 -0.387121850530423 0.00989603627845006
0.00981112523726743 -0.008543793694139 -0.0783836064696713 0.0267650947530427
-0.0075953412629012 0.00413824939534196 0.328137240693364 0.0677010552620817
-0.00171260969322938 0.00567799606757504 0.37176020086266 -0.289025953955936
0.00917629631736852 0.00786186455422938 -0.0708903930577038 -0.45421350113227
0.0166614649627894 -0.00189616271005073 -0.334757175051118 -0.111112374761012
0.00075732936681929 -0.0189092041374894 -0.180492564205825 0.149930319492506
-0.00392262129141022 -0.00815097203874741 0.0233985262168541 0.0935127682151471
-0.00480841661061529 0.00560963884705369 0.0912139519017942 -0.0656721786018506
-0.00548174969092837 0.0047094021182166 -0.0723633816151026 0.0764147818780229
0.00749777290830314 0.00272170856944272 -0.0506634593210236 -0.0714318695213693
0.0101763958195841 0.00528672210095706 0.135421783896212 -0.148487579872332
-0.00508894717702746 0.0167130755425215 0.282395033494388 0.054529517189116
-0.0196662124411762 -0.00138683457025091 0.113198244474396 0.423219227432888
-0.0167515702726884 -0.0320254939173989 -0.323634105215684 0.370756185335398
0.0159585968193888 -0.0122496363875301 -0.382233802983963 -0.00142021876885197
0.020529799523667 -0.00423801678723226 -0.0689428951026674 0.0296590911689654
0.00353137171266965 0.00466754643807291 0.334250985436361 0.0590599831768899
0.00594336028920452 0.000166344613310929 0.360610810249083 -0.305359644127245
0.00912889366057442 0.00197404970828294 -0.0914352016297509 -0.449287927305838
0.0123891619431065 -0.002561367785046 -0.335876358054639 -0.0979505367503793
-0.00231772453184635 -0.0153173848724046 -0.172647321933336 0.153700662975508
-0.00420786273867544 -0.00367800338531584 0.0291862653338164 0.0913311702628792
-0.00368897697313909 0.00944957912709789 0.0930557214025813 -0.0660544132018343
-0.0236034827363238 -0.00872714644204916 -0.082227030427182 0.0681516283256692
-0.000877377464217409 -0.0057477550478923 -0.0498382762023755 -0.0742037214522418
0.0127986970591657 0.00116406099132979 0.14593862041658 -0.145397085646757
0.0132081536995458 0.0279513929913622 0.293461305164274 0.0636854512366703
-0.0149006665906246 0.0267095802054797 0.11901785727298 0.42643831522696
-0.0434939912813727 -0.000629743840032899 -0.309463148069902 0.356323169430103
-0.0393950416599029 -0.0108038119413471 -0.350608410425621 0.0013034021571748
-0.0373424932875264 -0.0209561650409793 -0.0361352480925838 0.0468101935713224
-0.0513883636375441 0.00772069982910337 0.362320422789061 0.0575031464855955
-0.0197872589357388 0.0321638997079609 0.36905074378536 -0.31439354749978
0.0169772841272711 0.0304952149241191 -0.0866740555729338 -0.439228780193104
0.0283489840404301 0.00518638582920805 -0.319901888420534 -0.0816789472857038
-0.00150909331361077 -0.0161386782904244 -0.155271356750729 0.154759366437792
-0.0119760503878233 -0.0102574441565733 0.0300239039402071 0.0836503822241182
-0.0207486301481946 -0.00389630358218064 0.0791976560762759 -0.0744425502256956
-0.023702103956784 -0.0101769757119001 -0.0816105668067352 0.0700567810447126
-0.000366213115709442 -0.00853293442814964 -0.0551292778185154 -0.0705967065950775
0.0147859134169333 -0.00291229423157129 0.136653055863099 -0.147800003891468
0.0157745021980539 0.0255244522441008 0.290393555302657 0.0508821793843572
-0.0139247089107275 0.0281131499302699 0.135012780000694 0.418470502282107
-0.0464187368009154 0.00332666318658508 -0.295692338307777 0.366357898491653
-0.0434048030918297 -0.0105453379215893 -0.35759636245849 0.0115863063965262
-0.0397858035213029 -0.022348449989543 -0.049552923328834 0.041986359224221
-0.0550369334074873 0.00543230302272633 0.351655720785831 0.0655343851486234
-0.0245237006249281 0.032527062975036 0.378542305916152 -0.299371514902459
0.0152352454458754 0.0326391754637302 -0.0708236740461947 -0.445028968283104
0.0305259668426284 0.00500771840207137 -0.321039927561436 -0.0960442192414592
0.0012825572841161 -0.0196123585640988 -0.164233055339112 0.151128375520333
-0.0109415643469011 -0.0139824486686495 0.0250764083592401 0.0868252898880316
-0.0199080628214645 -0.00546201998343306 0.0795352456710636 -0.0732592574180273
-0.0217215098249536 -0.00975621603613602 -0.0796535682889397 0.0716015977751916
0.000746856107627595 -0.00991494523030215 -0.0586657130009832 -0.0683980767041526
0.0154516634136625 -0.006318140939957 0.128036125400123 -0.149815294628989
0.0158854417040093 0.0226760085509324 0.287401424832764 0.0408775780328205
-0.013799792510942 0.0271087825372728 0.145227992696457 0.412383634324315
-0.0462725528890813 0.0027435405038808 -0.286943821761755 0.377367860576314
-0.0413084713288257 -0.01019993124099 -0.366612947235875 0.0199817552362904
-0.0368569934319699 -0.0221347214536476 -0.0623475477362046 0.0366986708986356
-0.0529033643586882 0.00357160728698033 0.341151770661223 0.0718673769930448
-0.0260564928097291 0.0303324970782047 0.384785873938452 -0.28619491103268
0.013018520844709 0.0324981389767232 -0.0584457348589806 -0.449491035132249
0.0312835281552353 0.00442127606940259 -0.322981389285894 -0.107701530131569
0.00317993495243337 -0.021783415786997 -0.172799852578451 0.148546252962761
-0.00848740674454152 -0.016117047573097 0.0211639017968319 0.0895269189049118
-0.0186414460569717 -0.00609218155713528 0.0810499979159151 -0.0704016618512745
-0.0185385745290428 -0.00845810305841451 -0.0782397019788239 0.073881001746626
0.00273398792400894 -0.00990456339859173 -0.0608156850687619 -0.0662104808689415
0.0157249791056742 -0.00726716950586443 0.121680579143482 -0.150492317145514
0.0136106273108495 0.0199398415908569 0.282845252804437 0.0346127910152932
-0.0141042773398919 0.0233460448771394 0.151134475228425 0.407102549086956
-0.0438994824872536 -0.00118934670636592 -0.283813337952448 0.384120038100983
-0.0342663785404423 -0.0101691565404716 -0.372935220563631 0.0231371183742919
-0.02842967769963 -0.0202622464513099 -0.0733422982606415 0.0312859665636864
-0.0454663882063752 0.00297794759996205 0.331300134365732 0.0757993235244873
-0.0236296242498689 0.0252845877826814 0.388739801160755 -0.27708897615414
0.0111994084432653 0.0289906793438508 -0.0507460030475587 -0.452275070750858
0.0301404445770231 0.00272376945996163 -0.325303424328081 -0.116540131997319
0.00466805925044845 -0.0231867616538509 -0.179155914695858 0.145763454433551
-0.0064314604245266 -0.0158279970831149 0.0183372598786021 0.0923597318637371
-0.0154325601726613 -0.00450129748601388 0.0833602943088222 -0.068309402284037
-0.0149475188388873 -0.00560069686109894 -0.0758659625235572 0.0754650883623537
0.00446870125598669 -0.00847341608239458 -0.0609404373746738 -0.0649586110927943
0.0150068320205542 -0.00692589051035396 0.118954832075374 -0.151272089461219
0.0100413927169435 0.0177110719452418 0.279921107812278 0.0326494157948045
-0.0161996429143401 0.0178291619925975 0.148822220306413 0.404485124180204
-0.0390661224017058 -0.00774256505352209 -0.285212532259193 0.388085253597533
-0.0234066528844423 -0.0112581478931334 -0.379984432731919 0.0244594056619654
-0.01679382721453 -0.0166557618148129 -0.0801102200311314 0.0277314136318265
-0.0344523512096948 0.00281040494238156 0.325445709558001 0.0756446755889462
-0.0177408116766599 0.0192863536951631 0.385975939716569 -0.274393232826274
0.00969935069726559 0.0231518783222633 -0.049990827224842 -0.453716365624815
0.0261536207867299 0.00123073235914088 -0.327137175993241 -0.118713717232588
0.00433956263085346 -0.0229022763909129 -0.183146078470263 0.145818054948021
-0.00468289446748155 -0.0147470304091874 0.0180524741105684 0.0931766091254715
-0.0119277548730047 -0.00179706758740848 0.0857576319916331 -0.0660962979941135
-0.0112412956968236 -0.00216367161010691 -0.0737074534131057 0.0758078199477766
0.00627599144222865 -0.00564408258468679 -0.058780802583467 -0.0658053844510525
0.0142718853353177 -0.00383333028398694 0.120592147669329 -0.150816763686812
0.00555939450299968 0.0168609399577517 0.279085672580774 0.0348397033241678
-0.0175274858038631 0.0115178508811131 0.143198674334924 0.40692913975968
-0.0320382120009003 -0.0159627256166717 -0.29331593372819 0.384936024639573
-0.0102170483176974 -0.0124241225377891 -0.383442885437262 0.0189369717449807
-0.00436096154695896 -0.0126593043008421 -0.0811186488068696 0.0264560699262498
-0.0206812194771397 0.00361074980597192 0.323620658602165 0.0723849312016204
-0.00994485974019664 0.0127651527132809 0.379052296053987 -0.279992158612623
0.00915849724670259 0.0159772912456308 -0.0588111678042326 -0.452698616068124
0.0223489031124564 -0.000392910833279332 -0.330048430366774 -0.116800151205644
0.00297316983946564 -0.0214178075398796 -0.182262719239162 0.14671343376825
-0.00401677027973561 -0.0125082737306005 0.01920804861212 0.0939236551369077
-0.00869504638552826 0.00165640676849945 0.0886448662614351 -0.0650215576582549
-0.00756383157841265 0.00224201088839285 -0.0722173829738968 0.0760408276908992
0.0072069771783918 -0.00153533030366264 -0.0552918697679117 -0.0669665154764031
0.0124769123750101 0.000414721655828475 0.12606717850989 -0.149802651711813
8.40296638697849E-06 0.0162242321579626 0.279749428997917 0.0420091331020368
-0.0188220164380376 0.00422129164170212 0.131573695170964 0.413376733939537
-0.0236804950965497 -0.0250547408223112 -0.305021482600384 0.378374744255434
0.00469936734771135 -0.0124641518251784 -0.383818775957447 0.010442876710205
0.0104040085623564 -0.00800691654027457 -0.078086645194318 0.0265131442201004
-0.00689774696531669 0.00423446819602484 0.325432870986367 0.0669415102391478
-0.000729368110725747 0.00565147534534827 0.369137129942154 -0.288247273843416
0.00876064992399732 0.00778978004467365 -0.0717682721028566 -0.451018903554403
0.0171100017468018 -0.00229165190682005 -0.333127913165176 -0.109386506486049
0.000385203767001812 -0.0188273894597942 -0.179568919797825 0.149397911095954
-0.00410656449592028 -0.00766278788392507 0.0234051677871756 0.0930979073922438
-0.00551686919670596 0.00547097167704363 0.090638931101618 -0.0644558408485518
-0.00558481110198029 0.00560940150442704 -0.0717511658915441 0.0755990322960322
0.00737140671791533 0.00243045663559202 -0.0494633707978423 -0.0698675704139539
0.0104984018360199 0.00539580352481757 0.134762377801939 -0.147869617025269
-0.00474426523911391 0.016570751172786 0.280689748836156 0.0538739897697295
-0.0200544467510247 -0.00123005961288613 0.113804883810728 0.421187423091823
-0.0162781504526554 -0.0320596522577557 -0.32169641369953 0.368301110643991
0.0163404808967696 -0.0118105102357927 -0.379222240261927 -0.00028771936013135
0.0208320719647938 -0.00452366061416824 -0.0681947802869355 0.0296430248804376
0.00395898374319213 0.00476741159098553 0.332377800413784 0.0578841405918118
0.00602818594510602 0.000615169172042612 0.357669618216154 -0.303125735128583
0.00887722622873232 0.00215480460399072 -0.0907728385948186 -0.447068749698687
0.0127455472956843 -0.00310506081241141 -0.33543971514942 -0.0963031940016309
-0.00227552992186934 -0.0151195285219563 -0.171643717519901 0.152947018490545
-0.00434535895010079 -0.00355518803259033 0.029155572673266 0.0912258098801376
-0.00375142300326166 0.00960246427994278 0.0929344621551144 -0.0652205547562951
-0.0238397155735984 -0.0083174871786656 -0.0819157185023182 0.0672511564589228
-0.000728464067598174 -0.00581368130886808 -0.0498896806748462 -0.0735191898505569
0.0129067690966534 0.00128224374329614 0.145677907177662 -0.145371897245976
0.0133266661124849 0.0279248107657275 0.29263210581298 0.0629032465466818
-0.0145879257148828 0.0259712525550689 0.119726438112182 0.424385009400187
-0.0433787864620257 -0.000409353617244028 -0.308773448636063 0.354050194007554
-0.0387766641162865 -0.0106522258169217 -0.349234307678437 0.00214534682889495
-0.0369802548582183 -0.0207964291384111 -0.035874022737642 0.0464709005894887
-0.0511111781939151 0.00729127999549723 0.359680886063762 0.0560569966489485
-0.019732290264141 0.0316447781452809 0.366378392502314 -0.313991044179713
0.0167424674931902 0.0298998392333569 -0.0875457610485446 -0.436594119034861
0.0284418892295308 0.00496616677219972 -0.318469685729884 -0.0806348790410389
-0.0013397164183547 -0.0159187460148081 -0.155235025335289 0.153672482092902
-0.0122504726567432 -0.0109365477352806 0.0302612967456679 0.0838026435010434
-0.0207443341825471 -0.0033832065998311 0.0791535368264745 -0.0736497476658551
-0.0231429400123155 -0.00925882268343168 -0.0811207240113095 0.0691913926698663
8.74456086971155E-05 -0.00890917078243501 -0.0549546977229756 -0.07033259888425
0.0149530542765611 -0.00361600450551468 0.135560636777736 -0.147388419578051
0.0158087201232184 0.0254973221657305 0.288788825303734 0.0510399464684328
-0.0142916057767046 0.0277349518788295 0.13460129238808 0.417095046878725
-0.0465608331716429 0.00277490764892965 -0.294608755629672 0.365402314451582
-0.0420543813554429 -0.010025567192436 -0.355881799269966 0.0118613755582667
-0.0395635257463004 -0.0223906704066559 -0.0484642311336872 0.0420749648629282
-0.0543801781951505 0.00551054096947894 0.350191468463545 0.064589082512937
-0.024680749312157 0.0321938735411575 0.375962922819072 -0.298309294050763
0.0153196235957701 0.0327898404976883 -0.0711321196938358 -0.442952526003935
0.0310360230453107 0.00484513137419845 -0.320882319333016 -0.0949111837962227
0.00128390102413229 -0.0193556269661668 -0.162832907166482 0.151008345382847
-0.0106639028889761 -0.0136609477018718 0.0248749742446789 0.0866260341185844
-0.0202974804771521 -0.00540980308884211 0.0798102566254494 -0.0723648988009629
-0.021491791230419 -0.00928187740603232 -0.0796019722828839 0.0706871030712093
0.00135542616741409 -0.0104417918617472 -0.0585407393404044 -0.0669497877778361
0.0150748630818998 -0.0061482413528545 0.127941315335658 -0.14926603534432
0.0162549982025156 0.0221947843195787 0.285876964496537 0.0405946057308666
-0.014021076156189 0.0273754543238995 0.146188057808577 0.410327483178421
-0.0461781934076094 0.00315892577670129 -0.286263073382159 0.37568361138761
-0.0405081858699616 -0.00988805747664177 -0.364200168252984 0.0191975876395106
-0.0364065865581386 -0.0220192052241227 -0.0620721438476631 0.0363554142104844
-0.0525182308500855 0.00331143234475127 0.339117147392498 0.0714469292792328
-0.0257345015113889 0.0298219281148439 0.383671493766926 -0.284956611196752
0.0131775019769906 0.0324079417045925 -0.058028534526947 -0.447656257776836
0.0314797336142799 0.00396800164546755 -0.32239130032027 -0.106547491162733
0.00373548017333714 -0.0216467938289826 -0.172069113678614 0.148265914826424
-0.00838950159311159 -0.0156390555472247 0.0209959094391618 0.0897163890726616
-0.0184131044838134 -0.00576628854560314 0.0813241989568664 -0.0696818061105745
-0.0186495477297467 -0.0080030653826698 -0.0776555441497512 0.0730615716473094
0.00262028385724299 -0.0103246898576021 -0.0610188084514637 -0.0652913847874828
0.015415735188539 -0.00730317849555476 0.121262509062442 -0.150021901885923
0.0140234363901804 0.0195611528522949 0.281603425807476 0.0343128063576408
-0.0143956978230373 0.023261076177249 0.151288183710246 0.404643803287671
-0.0437147311693952 -0.00111664071147695 -0.281572040621608 0.382226162933371
-0.0332336777471993 -0.0104389652450407 -0.371660460002413 0.0236863674766261
-0.0280401389062868 -0.0200706723697421 -0.072601626712997 0.0312217344599391
-0.0450965187012012 0.00292969344139762 0.329468754321609 0.0754738215906063
-0.0234243451059707 0.0251940951770302 0.385042414260244 -0.275141728338577
0.0112754060647112 0.0291384894492153 -0.0490790715434789 -0.449601584957327
0.0296292580588548 0.00285980965419268 -0.323495256215005 -0.115621155208582
0.00518032901239991 -0.0227830639145321 -0.178753056534942 0.145727713934647
-0.00664776186433942 -0.0160189028230458 0.0180120273396411 0.0920928683987903
-0.0156434786362782 -0.00433084515326235 0.0833789419815226 -0.0670769091484357
-0.0153712911151488 -0.00486699971989276 -0.0751803165882514 0.074270829647691
0.0044423901853328 -0.00841851233441667 -0.0606859139108665 -0.0644351237143961
0.01515047206007 -0.00634976975650646 0.119286513857646 -0.150956713426759
0.0106347855122348 0.0178240042001487 0.279327035998534 0.0318957040834656
-0.01605623481132 0.0175420894402134 0.149243666435968 0.403925458024903
-0.0384105711064248 -0.00754478373079652 -0.282598959402122 0.385361225184543
-0.022823760711577 -0.0111638279893602 -0.378945429675638 0.0242374998085674
-0.0169205934310301 -0.0166860158912822 -0.0791462707225961 0.0277786252151977
-0.0335540957427744 0.00315265018424585 0.323929493613143 0.0752709060738354
-0.0177732585327757 0.0191320463621788 0.382791796835327 -0.27374766478255
0.0101532131394185 0.0226347943882203 -0.049070206760006 -0.451604086252562
0.0270189264610599 0.00106410355458453 -0.32656757771074 -0.118339870417143
0.00459629350887793 -0.0226510877406022 -0.182470317199641 0.145862489085252
-0.00521973895454382 -0.0148237571862456 0.0177644607973459 0.0934899811264622
-0.0116285764039546 -0.00174722674532427 0.0856857181733915 -0.0656274026395309
-0.0110243571087792 -0.00145692931977361 -0.0733281087676188 0.0751844118175509
0.00598325961173928 -0.00559094260498099 -0.0582827923450548 -0.0647991716256795
0.0145488189417185 -0.00384407967110014 0.120469501912856 -0.15076299174467
0.00561462881730317 0.0169789166320489 0.278551326204937 0.0347404299982257
-0.017487909936655 0.0116665462495605 0.143277611305059 0.404797274977707
-0.0320385358248036 -0.0155991991569064 -0.291661451202226 0.38368987193138
-0.00944624999464379 -0.0120235477664386 -0.381295659400337 0.0189836823728223
-0.00341862154025959 -0.0129979671378369 -0.0809585377701272 0.0259753938134477
-0.0209441404376161 0.00349295318610604 0.321315168276167 0.0720641813523548
-0.00948479858410638 0.0127933186216013 0.376931483823804 -0.278451830861073
0.00917709484534361 0.0161231559100891 -0.0585395106263501 -0.4501383439703
0.0226949255321229 -0.000269597321150231 -0.330017810072142 -0.115736460704569
0.0029084177388899 -0.0210504877690469 -0.181940367934703 0.146941417357502
-0.0041204227069137 -0.0120764019943542 0.0195067674829123 0.0938398228289537
-0.0089136360381009 0.00164860079455357 0.0881213157229487 -0.0641363422442001
-0.0074893463715741 0.00257560424161264 -0.0716154329660893 0.07544899759463
0.007618159326928 -0.00182763825945925 -0.0549026206067684 -0.0664173952421684
0.0123869127872355 0.000295159335685311 0.125932551044122 -0.149424799963706
0.000415394652941979 0.0164385412726576 0.278312403335961 0.042049445934288
-0.019118814551703 0.00433112381714477 0.131783994874772 0.410887154110294
-0.0239597259917978 -0.0245550494366215 -0.30318979326005 0.377651364057151
0.00560872028750784 -0.0126135696179332 -0.38172428785749 0.0100264925598299
0.0107462802019948 -0.0080641105961712 -0.0770761982453672 0.0265113963419739
-0.00630961652240701 0.0038534049880501 0.323503793233789 0.0661287049922929
-0.00109015402549656 0.00568357219126994 0.367911071485421 -0.285949357705999
0.00889790505159067 0.00790744228420849 -0.0707701566362667 -0.449153720144816
0.0171605206363193 -0.00174160232648368 -0.331914032842082 -0.108349436699857
0.000316073522012763 -0.01828191390036 -0.178374768654858 0.149261782943375
-0.00440516605513746 -0.00771347256558977 0.0233645456177644 0.0928743280976237
-0.00580850830167549 0.00584392055784709 0.0906637547086373 -0.064035446882046
-0.00510507713209173 0.00555687808300654 -0.0715811141435573 0.0745370048219847
0.00793339036445166 0.00184214384564649 -0.0499952618661965 -0.0697885678979964
0.0105456269760874 0.0056857543091361 0.134512040507676 -0.147865604449196
-0.00410212214812578 0.0169903077316272 0.280439411744045 0.0537537541504229
-0.0197093474322018 -0.00163314296979874 0.114426992708208 0.419748026023308
-0.0161120934508421 -0.0318852875512518 -0.318848218227322 0.367283618193947
0.0166681111633754 -0.0123663185986545 -0.377958796112707 -0.00167577816512967
0.0210940378501628 -0.00444585097697719 -0.0680226469276178 0.0289611292869451
0.00383811275521028 0.00475163987613634 0.330207341115135 0.057591265529935
0.00604471823499738 0.000425963711921197 0.35517419410933 -0.302612747370215
0.00902984758903988 0.00213434262080062 -0.0913447105695539 -0.443745423105573
0.0128315095090835 -0.00248051106265869 -0.333289063474548 -0.095273900322132
-0.00219423951070065 -0.014462122825142 -0.170384834338349 0.152937383468214
-0.00497212126136029 -0.0036822699599275 0.0287483830488984 0.0911125193900543
-0.00406984529648126 0.00957042871522409 0.0929990269873731 -0.0648736011599017
-0.0232756691687747 -0.00754407274460456 -0.0815557308195107 0.0656991391588209
-0.00039149984740132 -0.0063945580310355 -0.0492601645572779 -0.0732426161380378
0.0132762769512999 0.00153500241310842 0.145876665993072 -0.144964273389645
0.0141967000588843 0.0280581799812295 0.291490277910065 0.0624673180018887
-0.0152974185458244 0.0259959417394002 0.120683164214205 0.423409126889913
-0.0432457892795418 -0.000286129848473517 -0.306036172380544 0.352586900294277
-0.0379555543435679 -0.010780718674122 -0.347701391508912 0.00185549287401528
-0.0363671048650189 -0.0210265106293564 -0.0350202539089434 0.0472535433694242
-0.050671986289086 0.00708913369008507 0.358048044972055 0.0566467183052149
-0.019384259557052 0.0314804915784092 0.365093237481269 -0.311946824828997
0.0168792257302271 0.0298718129659708 -0.0868120781924066 -0.435570507794294
0.0287953486156306 0.00487783238525515 -0.318027368401182 -0.0804423884150061
-0.00126136677010954 -0.0157468413378783 -0.154619621473967 0.153720727327595
-0.0122306157904641 -0.0103645926035111 0.0297645556471704 0.0840012975858104
-0.0208414579083275 -0.00332744165413844 0.0787878166269497 -0.0734605498957962
-0.0228569583402315 -0.00917101026826528 -0.080901984037887 0.0681122280149679
9.31168086823215E-06 -0.00943138925990854 -0.0546728528772704 -0.0699142998726761
0.0145330190713233 -0.00340963171881735 0.135931215062708 -0.146761227751591
0.0160662813050224 0.025344255362936 0.288822796475611 0.0508313583017046
-0.014232856772344 0.028091448394532 0.135347943451458 0.41593575062116
-0.0464031875942226 0.00320988423060412 -0.293859810933181 0.364606876460644
-0.041502462410462 -0.0104209012993685 -0.354453046748531 0.0119424436051899
-0.0390425560316763 -0.0226263685193859 -0.0488296843697253 0.0419392050758027
-0.0541417356489831 0.00557971069841789 0.348209483023876 0.0646269375873547
-0.024117920520481 0.0318346829589202 0.374838530554696 -0.296817105424741
0.0151974238133444 0.0323171250293612 -0.0704927364962021 -0.440751497340171
0.0312091127408627 0.00472502688068625 -0.319901569988689 -0.0936319325723466
0.00161720759340857 -0.018881152506151 -0.162960203347229 0.150835259229752
-0.0108866125769623 -0.0139153789327941 0.0249136326885352 0.0864310078637492
-0.0202029949021144 -0.00499524012917417 0.0793008741157628 -0.0718559061304
-0.0215695978366551 -0.00895973043986368 -0.0792541991803581 0.0700214895058554
0.00104368120743216 -0.0107708343193211 -0.0580533471935188 -0.067126644350302
0.0153597789901782 -0.00615617853820075 0.127575005971694 -0.148687139820253
0.016167864937893 0.022289904680602 0.285430638785763 0.0402961148383573
-0.0142503437774451 0.0263969013159084 0.14602459344032 0.409007540479922
-0.046399497383017 0.00287037280867179 -0.284204211489888 0.375465985923027
-0.039826829567218 -0.00979118494312249 -0.36301586506206 0.0191278015359683
-0.0361324981375666 -0.0224299576645334 -0.0613086303508176 0.0364807694059432
-0.052057305382992 0.00399808066331819 0.3379917982202 0.0710465440492376
-0.0251491634175692 0.0298580068167201 0.381642484780326 -0.282922434377532
0.0131013736102766 0.032362351600663 -0.0569760906733775 -0.445739665263972
0.0313894569857233 0.00401227296648532 -0.32150360685445 -0.106200675451354
0.00399258067003607 -0.0210307390500568 -0.171615044508046 0.14813652285269
-0.00898227060319702 -0.0157506595470622 0.020653176625265 0.0896305432731929
-0.0184770309596782 -0.00510443360940959 0.0808146315263916 -0.0687591744883343
-0.0184884631618085 -0.00755317515126557 -0.077216180751508 0.0722588555058367
0.00255568147276893 -0.0112321177700382 -0.0608281690774723 -0.0647157445789668
0.0155278439036032 -0.00770582160818818 0.121255129370863 -0.150448535872411
0.0139061622620428 0.0196677161007021 0.281269897903484 0.0348063305193938
-0.0147683645991468 0.0226907582235614 0.151148775925838 0.404411779128954
-0.0431764854095299 -0.00114664807988825 -0.279930887243429 0.381248281777333
-0.0328275306272929 -0.0107322558603447 -0.371477275524698 0.0229983330234655
-0.0276415963372743 -0.0202371646243306 -0.0722003051271666 0.0312877236823124
-0.0448899475464731 0.00313364082592663 0.32777723667188 0.0749005409201567
-0.0233680926395931 0.0253165699638012 0.383854824983047 -0.27325664547396
0.011481343155163 0.0290754646908698 -0.0487644952024268 -0.449246616513919
0.029854874975515 0.00286880114938804 -0.32311207949682 -0.115255585957811
0.00524851928790886 -0.0222841286735964 -0.178186843149663 0.145715337966092
-0.00658437947387133 -0.0161646756054851 0.0179504154367121 0.0918479545599219
-0.0157428951230266 -0.00381467882420624 0.0831267496833646 -0.0666939346794805
-0.0147925667750124 -0.00462797442062097 -0.0754584577467087 0.0734413403998401
0.00470491951577136 -0.00896788039792667 -0.0601137956072737 -0.0639402113581702
0.015204808597445 -0.00667402873944795 0.118935386610376 -0.149824712097572
0.0109299608494754 0.017652233418324 0.278367198992363 0.0320492313708172
-0.0163830242155359 0.0173428426945026 0.149443448672254 0.402216063510405
-0.0382915502837084 -0.00783159531442636 -0.282102667666793 0.384116883920975
-0.0220518428497829 -0.010801860542452 -0.376983044242609 0.0239585990778513
-0.016278941404273 -0.0171714028313639 -0.0791145245688293 0.0273309509008994
-0.0337682703172363 0.00266218270571476 0.321976910088088 0.0746797006212879
-0.0172904151756238 0.0190301277813961 0.383076794518501 -0.272133692521322
0.00977616956697032 0.0229850061986406 -0.0502803306652823 -0.450571253867851
0.0265612641687688 0.00106392572556034 -0.326208283163352 -0.118173399347925
0.00473011177045443 -0.0221634801224928 -0.18143393184285 0.145543307143736
-0.00511398142188517 -0.0146785291887444 0.017360970940623 0.0934562531964357
-0.0121802001603397 -0.00102428174440167 0.0856232799547553 -0.0646518367125024
-0.0115365077477772 -0.00129184658804478 -0.0730987907031824 0.0744679703324411
0.00620005954083552 -0.00648034518421728 -0.0580229838614381 -0.0645753679139609
0.0140119292570394 -0.00375112202434887 0.120980006213342 -0.150136732749711
0.0060355470086687 0.0166889553041333 0.277738411276127 0.0345494617776649
-0.0174227278760427 0.0113262367242588 0.143377856546911 0.404567796790971
-0.0322422847763997 -0.0154112865455044 -0.289986063188706 0.382688410971729
-0.00889605820967534 -0.0119179643439532 -0.380842480568007 0.0180339212386751
-0.00337554300633763 -0.0128584908605372 -0.0805549189255825 0.0259446018816776
-0.0202746895473005 0.0034165920318485 0.319562406466194 0.0723679264032154
-0.00981768433126349 0.012759493213241 0.375801760975783 -0.275790159713318
0.00944677360593856 0.0159107326847426 -0.0577718119397103 -0.449194538869252
0.0224580020365313 -0.000508697370354427 -0.328670091657406 -0.115109850227276
0.00310254797626818 -0.020962041305059 -0.18161386964984 0.146797349381029
-0.00466604446121088 -0.0119980924513082 0.0193273350072396 0.0940709779684895
-0.00912856199711054 0.00211814816131613 0.0880589223780144 -0.0637073190570313
-0.00744286731529113 0.00283129511202057 -0.0712814732967886 0.0744414306791099
0.00778585090323309 -0.00253121410235775 -0.0548211969066739 -0.0660399082401069
0.012402364134013 0.000433766252332704 0.125988469210058 -0.149273710294459
0.000620183182450319 0.016227820749829 0.27810970667854 0.0417823888171289
-0.0188393515577503 0.00402607733888534 0.131391488407925 0.409339361917196
-0.0239490839401925 -0.0247742094748711 -0.30286006199622 0.376481839482804
0.00527579482632431 -0.0128363428797863 -0.381007118708453 0.0112833048786987
0.0109882400097275 -0.00806630671747663 -0.0767376545471028 0.0268132189853229
-0.00636432782031833 0.0043682433118116 0.321991447404131 0.0654345864833542
-0.000866361310924877 0.00568635148474091 0.367967525384235 -0.285962823371533
0.00875267546497966 0.00790071918044314 -0.0703932583563619 -0.446419176277665
0.0172676568840375 -0.00242545754600928 -0.332187314945791 -0.107506477070914
0.000575217817452058 -0.0179216580271437 -0.177821341567566 0.149110400860787
-0.00450836008234405 -0.00821605175610179 0.023576987050151 0.0933703540201587
-0.00626202815696124 0.00630060099036896 0.0906597011700719 -0.0633808242115485
-0.00530032572780084 0.00608077387260528 -0.0709760115421825 0.0737762730049719
0.00794102220000082 0.0014511181148899 -0.0495749770672378 -0.0692914365952841
0.00999131618444251 0.00480927306108252 0.134377543718969 -0.146950043508887
-0.00410572726900441 0.0172692880149701 0.279567027346336 0.0536262201400774
-0.0197827035879375 -0.00163916810636785 0.115318130659326 0.418347119402544
-0.0160744076426981 -0.0314918559340857 -0.319567214977887 0.365228376951231
0.0168038762773048 -0.0122624835682681 -0.376624256299221 -0.00126371196024557
0.0212475138239084 -0.004654677956072 -0.0670360212184005 0.0291180260765043
0.00390725632792991 0.00469909168286142 0.328664730133132 0.0571910749781486
0.00622975019253612 0.000191005883303161 0.354490242751051 -0.300128206758634
0.0090404510129096 0.00197392600695702 -0.0894054070264263 -0.441444774444411
0.012923354506721 -0.00262877804467487 -0.332881428169793 -0.094925278388716
-0.00226224148229161 -0.0142128004992373 -0.170011433972542 0.152851248494344
-0.00489753375797184 -0.00338204851944133 0.0287845021349941 0.0909367263969366
-0.00450186335902879 0.00980600867706821 0.0923406622838197 -0.0641144821703619
-0.0232572892000377 -0.0076098848377441 -0.0820016561592882 0.0655632313750083
-0.000488059817679787 -0.00689009655135571 -0.0493844787897708 -0.0731703617473758
0.0128084707960416 0.00122646113349877 0.146107313630462 -0.144491149481465
0.0142973005459405 0.0276701328956159 0.291369226356479 0.0635852573200493
-0.0146263562319698 0.0259547729670498 0.12013623375401 0.422328937197934
-0.0431947746212558 -0.00041929898884397 -0.307091116627146 0.35203062206888
-0.0377585897106716 -0.0112010644294037 -0.346690343335097 0.000613054697206005
-0.0362142534165945 -0.0212809927955558 -0.034759598795631 0.0468144676283126
-0.0501639905846661 0.00678835844935965 0.356925069846346 0.056850570642858
-0.0192260995077266 0.0311198186517609 0.364827914407628 -0.309771995075103
0.01663427015513 0.0296361633435133 -0.0858988925005668 -0.434611859524695
0.0289992372936498 0.00472106390129857 -0.318267193358361 -0.0803573462866534
-0.00108030257231075 -0.0157481728394978 -0.154635706469439 0.153506613065156
-0.0123416638443832 -0.0104906910150787 0.0293543654527154 0.0845864093203527
-0.0210791594003488 -0.00275329682826004 0.0795678210260796 -0.0724589174631744
-0.0223736908549696 -0.00890624204445909 -0.0808220880920586 0.0674573985094998
6.32782591840266E-06 -0.0101991997663943 -0.0543850427726015 -0.0695680902079193
0.0150824304216082 -0.00337440347118529 0.13580660192129 -0.147233798394783
0.0163425324358364 0.025482574136282 0.288075629260772 0.0507875508641266
-0.0138485688761827 0.0280981488372296 0.134598470289039 0.415495975475682
-0.046500554101566 0.00301742750822052 -0.294247477379634 0.363109205706163
-0.0410773313770014 -0.0100483464118268 -0.35492302515658 0.0109789594272277
-0.0384654985262312 -0.0228801665989035 -0.0482843422619002 0.0419934658178486
-0.0538622184277856 0.00495200869047892 0.347935644202189 0.0655398679488411
-0.0240511116192549 0.0320581832924158 0.375044376066572 -0.295665791662683
0.0149298019775349 0.0319329637691246 -0.0698470927134149 -0.44030025548048
0.0315456332887923 0.0048171321894522 -0.319718501256271 -0.0934771559561228
0.00180697390694737 -0.0189221025592971 -0.163308672324991 0.150641336059991
-0.0105832084899527 -0.013780294824559 0.0246499700004166 0.0865522958079017
-0.0205915549535513 -0.00506621320691098 0.0796642473401698 -0.0709727792851408
-0.0210348955449669 -0.00823719784130017 -0.0792070127299875 0.0691299847523039
0.0015102595370069 -0.0111626249132615 -0.0581528209396998 -0.0672015875039088
0.01543967796462 -0.00645729666566242 0.127839558931151 -0.148549621847928
0.0165210171064614 0.0222368736372794 0.285606754334443 0.0408960335963983
-0.0139241770520066 0.0266863628890192 0.145927991215369 0.408407315512607
-0.046390260192324 0.0026771251115484 -0.284689775506662 0.374278987755045
-0.0392182307759351 -0.0103424103238835 -0.36269685826576 0.0184402793768023
-0.0353212346064123 -0.0222922979936689 -0.0609532822919021 0.0360060799453542
-0.0517158256558953 0.00330043820108287 0.336781043846473 0.0721383244011075
-0.0252040948374531 0.0298407129462876 0.382012580187362 -0.282938200852059
0.0132104816961041 0.0322472661764916 -0.0572500000609753 -0.445183292903574
0.0320974586550795 0.00403063665301622 -0.32182993180811 -0.105945724617902
0.00415631734848124 -0.0208555618230373 -0.171990699164545 0.147914646261856
-0.00870160541571459 -0.0154350171792862 0.0206530193236807 0.0896925258285356
-0.0187353108651338 -0.00477385140169855 0.0809608503674693 -0.0683043577448221
-0.0181814736059872 -0.00671906833239601 -0.0775104001314142 0.0714514670133964
0.00318989010892912 -0.0107785569882694 -0.0602389225397777 -0.0648886467261289
0.0158564094421256 -0.00729957151819986 0.121581858256231 -0.149857267455006
0.0140550926107471 0.0200113044296095 0.280452250802001 0.0348235810306876
-0.0149259409603032 0.022593022263285 0.150613414891659 0.402656679304289
-0.0434406306775543 -0.00100485064362736 -0.279774590514932 0.380367394795101
-0.0325660603575226 -0.0103632298783697 -0.371192657795029 0.0225300628672155
-0.027304981843742 -0.0200993813536829 -0.0718926255645775 0.0309177645167815
-0.0442107263475178 0.00279578649703782 0.326762418031095 0.0752729418449863
-0.0228761073678509 0.0250948177021338 0.383852604477393 -0.272966918249003
0.0111997477817784 0.0284655571737993 -0.0483471119516174 -0.447626505473983
0.0299902643031821 0.00258822682207136 -0.323388079400762 -0.114876568561397
0.00547583495617984 -0.0220733003125183 -0.178367851106945 0.145623471659409
-0.006870321502818 -0.0162177348770508 0.0174697065706395 0.0922763883762335
-0.0159554819403877 -0.00372320931733346 0.0835948320375056 -0.0661479558261678
-0.0145832562738877 -0.00436478261281862 -0.0749407062489753 0.0726439751739921
0.00478519435171793 -0.00963325968731536 -0.0602634104676697 -0.0638404813788843
0.0152698152119944 -0.00665699032799433 0.11952241570041 -0.149577886695159
0.0108238221236192 0.0174262310777632 0.278009542750243 0.0322021171995021
-0.0159485959442219 0.0174840314523595 0.149143116397632 0.40165254480307
-0.0382772068178379 -0.0076546051084245 -0.281876470859331 0.383455151259578
-0.0209565093359444 -0.0111663208238287 -0.375041049996508 0.0224364412568687
-0.0163192193063136 -0.0168449318581337 -0.0785543955011533 0.0277183760777953
-0.0332097443434735 0.00256034504246753 0.320911540762767 0.0751968836417376
-0.0171364461491114 0.0188726037478341 0.382741558753269 -0.27051676357468
0.00993634143420888 0.023152485357115 -0.049146073905081 -0.449137435219621
0.0269007543067825 0.00102026914810805 -0.325469938252599 -0.117950137593331
0.00516781807352738 -0.0217870843573259 -0.181944472791731 0.145333039209626
-0.0053378280935047 -0.0144393950072575 0.0175439135623674 0.0938322136801129
-0.0125066413332447 -0.000971481674702623 0.0855510570775385 -0.064023864782519
-0.0111701978561241 -0.000788922893875492 -0.0734520219349288 0.0733169783237288
0.00615659675259534 -0.0067404976099344 -0.0579136965475918 -0.0642682324668529
0.0140647915112622 -0.00383012629254585 0.120770169225759 -0.149870121772648
0.00638708666201607 0.0163953365770664 0.277938158044448 0.0346604381160487
-0.0180799818164956 0.0108570421309961 0.143626640861948 0.405055445357765
-0.0320840488845033 -0.0158312683439298 -0.289372349290724 0.380505690901857
-0.00823970326052101 -0.0118217708737638 -0.379680044702412 0.0187916646803064
-0.00272257316807301 -0.0131462474465839 -0.0798997145880938 0.0261650943825239
-0.0203681412157354 0.0033721467294761 0.319173309724537 0.0723307436941491
-0.00980014245684566 0.012734601657082 0.376472713464037 -0.274614831424867
0.00905127293304397 0.0157195891916845 -0.0566274363298614 -0.448230693375325
0.0221760008671387 -0.000490259793576107 -0.328739731403752 -0.115526222936545
0.00350701447400456 -0.0207046839631441 -0.181316785361901 0.147083323034778
-0.00467186111384122 -0.0120538479150135 0.0193035233721929 0.0940185514717455
-0.00926783256848509 0.00254846690096671 0.0882825885082991 -0.0629803881061314
-0.00746192898650531 0.00324446329085006 -0.0716258676755997 0.0736783545383964
0.00747588228440552 -0.00284793599985852 -0.0548077781520535 -0.0655847240534387
0.0124988262796362 0.000460200974652557 0.126337763288988 -0.149305231046641
0.000672136867908934 0.0163288722156031 0.27768004330416 0.0417752267513055
-0.0195463634697257 0.00386329631410785 0.131450071001734 0.409747908591353
-0.0236972414572246 -0.0246992339848659 -0.302177634421617 0.375615973587124
0.00584373541620692 -0.0128128774867288 -0.379958968198791 0.0096140289151988
0.0110328618007277 -0.007990432746543 -0.0767256557835068 0.0260698763249643
-0.00643077999035535 0.00430664209405279 0.321469130322546 0.0664599573007938
-0.00103951443626242 0.00529776393947271 0.366980612977345 -0.283489367884968
0.00892360919393833 0.00782973238716579 -0.0705487904803394 -0.445393166768857
0.0172476443209829 -0.00208310530030729 -0.331261136092224 -0.108245348393849
0.000745305448962487 -0.0172949619302906 -0.177348186774309 0.149149504966291
-0.00439548657675635 -0.00762021947413556 0.0230755680647998 0.0932189682923941
-0.00659292406046286 0.00673912378579279 0.0909647040372847 -0.0629509824545791
-0.0049793861088618 0.00622313047345702 -0.0709426851564084 0.0730567778725151
0.00801358075404908 0.00110178174887055 -0.0495484912778973 -0.0689687779138437
0.0101820784445045 0.00543228189173689 0.134443908095627 -0.146987232904418
-0.00367636670268054 0.0169300487345537 0.279432255987198 0.0536526943302194
-0.0205634345267581 -0.00201161555103618 0.115887745331935 0.417382333010565
-0.0163920255607091 -0.0318615057912867 -0.31807616153198 0.3645586841812
0.0176720354937006 -0.0120124837887472 -0.376358480788066 -0.00204596991470862
0.0210671094509241 -0.00423207986634116 -0.0669037836417425 0.0287635876016693
0.00375176793677976 0.00467743943716372 0.327859063856287 0.0581238750973407
0.0061107143035835 0.000415572543982511 0.35486504162776 -0.299313930489624
0.0088321465960796 0.00214194495945287 -0.0896754635589488 -0.440061518253336
0.0133299430459853 -0.00241058023287146 -0.332905404753161 -0.0943584984488652
-0.00215758502250931 -0.0139780644912461 -0.169964786967349 0.152750573090172
-0.00522002444711353 -0.00364691281708072 0.0286645068465518 0.0913677721823433
-0.00478695904283829 0.00981828057225215 0.092836727866834 -0.0632259260697868
-0.022546354267127 -0.00696868623818797 -0.0818580603688443 0.0645673900073111
-0.000624826008521246 -0.00709905040295655 -0.0492184244424686 -0.0735317491348926
0.0128520727158575 0.00131523070541921 0.14687385829819 -0.144967379348754
0.0146927551198214 0.0275449079679462 0.291493866235052 0.0632418697847101
-0.0151549713075761 0.0260636077330633 0.120087213333207 0.422820708780026
-0.0435390962270417 -0.000244791234938646 -0.306724369185991 0.350973298767968
-0.0366510973432354 -0.0110373290302546 -0.346963336691344 0.000595251760237148
-0.0360664626072472 -0.0213414631834975 -0.0347823375464077 0.046891582700835
-0.0501163725255481 0.00678879100320153 0.357024305118225 0.0574717174519737
-0.0193702870317161 0.0315721754754336 0.364748561134776 -0.309116576725304
0.0163930775144875 0.0297058739461353 -0.085564442800477 -0.434049732345496
0.0293751179157281 0.00459905644524932 -0.319405816465315 -0.0810544544236199
-0.00121036124408409 -0.0149862706378165 -0.154630269115909 0.153328982571299
-0.0128697606744854 -0.0101776670911627 0.0293608482622914 0.0844606629649853
-0.0209984765734379 -0.00260724627914623 0.0798145342276559 -0.0720793228446728
-0.0225636774585606 -0.00846915109596296 -0.080853649616553 0.0670050599904744
-4.53945400959912E-05 -0.0100326132175315 -0.0542109923294443 -0.0695440805962217
0.0150027278425915 -0.00292723019781917 0.136955702087773 -0.147027608265575
0.0169821915797322 0.0252567878176648 0.288962842247947 0.0513663105345852
-0.0148870640821837 0.0274015465605703 0.136707513866311 0.414946157061902
-0.0460181106342972 0.00292428473017654 -0.294792599243367 0.362690468237925
-0.0405039888956383 -0.0109872683970391 -0.354767495611889 0.0106156359470286
-0.0383684682753521 -0.0228461472549796 -0.048320438844118 0.0414582502484812
-0.0538322456961826 0.00507117244856284 0.34710286919487 0.0658470993550938
-0.0241736182256842 0.0318507612264197 0.375260576709404 -0.294148692277756
0.015012397311461 0.0323916306750296 -0.0687746504805257 -0.43950161641591
0.0317184194729131 0.0043809006637423 -0.319827971857034 -0.0941860741105949
0.00197792631484878 -0.0183766250226576 -0.163633231751324 0.150754835963133
-0.0105385102049648 -0.0139181655163878 0.024653013277304 0.0868502666692751
-0.0205025085137985 -0.00436257159335158 0.0801763764651317 -0.0706558690860708
-0.0212141617162137 -0.008468051173143 -0.0792678172572727 0.0689175248785436
0.0016055577020912 -0.0114787228306437 -0.0581551162414 -0.0669220854018804
0.0154212159472184 -0.00599718942065581 0.128617790631037 -0.148875392508486
0.0172448737712139 0.0225854422472878 0.284960754840866 0.0411491699712996
-0.0143522400046816 0.0266359465351274 0.146599388578366 0.408219182249231
-0.0465121418387994 0.00257659036872208 -0.285079534055153 0.373632282603545
-0.0383455627616752 -0.0103326662873906 -0.364134796980453 0.0181010729262636
-0.0354582051276386 -0.0224618921230423 -0.0610393111528171 0.0361912737152147
-0.0514862027779563 0.0036192011531178 0.336250399282192 0.071756164678422
-0.0252032170321801 0.0294971573382112 0.381609011069926 -0.280754190974985
0.0131985940221661 0.0319416882506033 -0.0560585259479009 -0.444488900866561
0.0320062195431901 0.00408454233661847 -0.322104050540771 -0.10594319394623
0.00448414746053831 -0.0204255952186085 -0.172143396630371 0.147619437657723
-0.00896467408227461 -0.0154115491540759 0.020316555891099 0.0901619004187158
-0.0188022472474114 -0.00454151403156823 0.081231297029008 -0.0675645454629077
-0.0181197954189135 -0.00697147796934088 -0.0777576963642836 0.0706917479885907
0.00292814164716955 -0.0115517683592988 -0.0598058020371654 -0.0645518217495597
0.0157137544128221 -0.00709455755013456 0.121567634754056 -0.149744139210181
0.0150085068477332 0.0192440060825468 0.281087301987935 0.0356339453577651
-0.0152191685163264 0.022703113543389 0.15120471315901 0.403326770447747
-0.043504757554773 -0.00152109955202853 -0.280309776688877 0.380815765584606
-0.0316562595044179 -0.0110394089831688 -0.370976664418677 0.0211418727246728
-0.0270533275478795 -0.0201695961977704 -0.0718528844549186 0.0309709891387011
-0.0443603022103943 0.00308819901776157 0.326143561937651 0.0757463051212819
-0.0228223987468638 0.0250158767243461 0.384275073491855 -0.271345170766867
0.0110654445635248 0.0284293417031625 -0.0473932358999303 -0.447131712881833
0.0306256910158356 0.00256978887568341 -0.323376928125643 -0.114425289284575
0.00551766134788857 -0.0215656727082651 -0.178736135443654 0.14561349302427
-0.00635443098317474 -0.0157865572881944 0.0179241176612825 0.0924240702095374
-0.0161470969061843 -0.00345231440027723 0.0839716610834473 -0.0656508509636528
-0.014707433257534 -0.0039392737124402 -0.075574588559057 0.0720556134254251
0.00462328865523804 -0.00970047198793873 -0.0601277518618389 -0.0635146974594659
0.0153864774142497 -0.00620535048997529 0.119855367843077 -0.149785108076916
0.0115552961426192 0.017689475745532 0.278784774108461 0.0329602287911981
-0.0167224046840924 0.0173501422543715 0.150832117335875 0.401553412527355
-0.0386228462929288 -0.00757983923320052 -0.281812157112319 0.383452507597647
-0.021013847639444 -0.0112876865960932 -0.376672819662277 0.021723557197822
-0.0157525611072027 -0.0169242498986923 -0.0784601856443092 0.0272195296605059
-0.0327937034845587 0.0022946679068185 0.320671116123062 0.0750420657916926
-0.0169915699795446 0.0186961443045949 0.382674829503933 -0.269514981574804
0.00974151893274206 0.0228385962300442 -0.0481336771390959 -0.448960926894716
0.0271835628277613 0.00116023394109692 -0.326076662968838 -0.118392817290475
0.00503744267376776 -0.0219722665979381 -0.181946421242232 0.145333519970224
-0.00611659348108106 -0.0144689502762459 0.0167600558057118 0.0939573177355129
-0.0126440387101591 -0.000744967434571452 0.0860603384399429 -0.0638977189404962
-0.010642600775372 -0.000475530857928014 -0.0734040942613265 0.0728806947856112
0.00629964932855243 -0.00663873170736687 -0.0573749943346693 -0.0640270476248374
0.0144052102813307 -0.00397599520927434 0.120921233573955 -0.150298437228324
0.00684616870841692 0.0167494575871786 0.278018969893206 0.0355583177976772
-0.0179487988608211 0.0105549086699385 0.143224478581124 0.403288121542268
-0.0319550279243591 -0.0153265622188608 -0.289697197364049 0.381234319116329
-0.00773671339441231 -0.0121660866074535 -0.379286187695148 0.0167750266321
-0.00251150688221758 -0.0129759503858206 -0.0798067537109009 0.0258784342315121
-0.020299115874031 0.0037392410138305 0.319016234498678 0.0730336394809093
-0.00965243592357131 0.0126808134101626 0.376319791773627 -0.274251745330509
0.00926587374927444 0.0158138774187256 -0.0565511875109049 -0.448155093770944
0.0230514566854969 -0.000462424288324924 -0.32975219223423 -0.115664059641845
0.00314501880691689 -0.0203424150949246 -0.181397933797075 0.146682136663911
-0.00494528783554102 -0.0113504291974041 0.0194971944898308 0.0941602386552172
-0.00934261092155498 0.00272750040314725 0.0888021186755902 -0.0625656877779533
-0.00698133519586615 0.00346699263636057 -0.0715521663254652 0.0727301263781313
0.0073409346835762 -0.00269651040888574 -0.0540216721171022 -0.0658500076713558
0.0125846045060102 0.0004295398061516 0.126674129580418 -0.148731188291523
0.00101548440803966 0.0165433768633862 0.27806323670859 0.0425667245021192
-0.0201395669006773 0.00418969898754949 0.13245881609035 0.410566812526336
-0.0238835280005329 -0.0249062039191214 -0.302382153355848 0.375310414612513
0.00664364245588662 -0.01211950168889 -0.379289481943614 0.00958793069981856
0.0114839380131119 -0.00825046578042356 -0.0762204306583387 0.0257307306171783
-0.00571071898660313 0.00458108418572965 0.320717664417877 0.0659313329980648
-0.000777930338696773 0.00582492308885091 0.36725701949037 -0.282458715105379
0.00913795108807603 0.00745921198031707 -0.0695782702627029 -0.44561856930414
0.0180211890636683 -0.00222103267951515 -0.33222185352825 -0.107743972072966
0.001230100197846 -0.0173104810167582 -0.177775884403364 0.148937378403484
-0.00437549020222469 -0.00746128614609192 0.0228582595302242 0.0933875763669768
-0.00672826559666502 0.0068898997883417 0.091122611480845 -0.0619792450837393
-0.00495805738952994 0.00689581852985059 -0.0715668966165762 0.0720394036878715
0.00821558230253348 0.000488683140926769 -0.0494556932655347 -0.068789682762562
0.0102666096837628 0.0053914377959769 0.135390970082539 -0.146451039077246
-0.00361031653000174 0.0169029987683104 0.279271197553047 0.0540876070728924
-0.0205709224679097 -0.00191875458465981 0.11601127450421 0.417748054935125
-0.016272007883848 -0.032089454646586 -0.319286401857792 0.363764409172443
0.0185161470277269 -0.0121666136779618 -0.375901741897649 -0.00388158121103011
0.0217503797389743 -0.00471781604876217 -0.0668805268000203 0.028667097234683
0.00410146807374994 0.00461867094088129 0.327589724292935 0.0586588460956731
0.00643588800221682 0.000239183244811324 0.355482389337179 -0.297573952220588
0.00891631291785247 0.00226999694752818 -0.0885919754793007 -0.441460891303113
0.0135809990131083 -0.0025731657036084 -0.333391635395086 -0.0950087042710167
-0.00181036188388435 -0.0138990836546869 -0.169774249853682 0.1533200258284
-0.00495858801111953 -0.00299117621494306 0.0285830367588922 0.0916211318879562
-0.00481818611210274 0.0103060341225003 0.0932166085875936 -0.0626392673630328
-0.0225670540464991 -0.00703415221953752 -0.0822306304435266 0.0641404464275483
-0.000326412320164613 -0.00750802468992559 -0.0491144724454919 -0.0732950949969085
0.0126215047942182 0.00119633778835141 0.148146970857978 -0.144439611619906
0.0148771568742195 0.0278053799432392 0.292030364113749 0.0641483565817218
-0.0157666056866764 0.0254776301912845 0.120956278891673 0.423032347160244
-0.0434776501933571 -0.000422207752264467 -0.307936223400373 0.351037359204698
-0.0366111165960932 -0.0111575720676027 -0.347670208076295 -0.000168016295935754
-0.0357655339043566 -0.0216275992924476 -0.03421342119539 0.04614192636716
-0.0500435721906466 0.0071395917595259 0.356603412339063 0.0575577166674365
-0.0193315256577247 0.0315141836656414 0.36704088571893 -0.308377802070126
0.0166227754417607 0.0296387150936515 -0.0850770984375516 -0.435715712611374
0.029526566835891 0.00473237874068696 -0.31949334677503 -0.0806280572107871
-0.000485569762968005 -0.0148027006083722 -0.155683308986141 0.154062258404026
-0.012810161586204 -0.0103837269719623 0.0294299914928209 0.0847114838950335
-0.0211728116883824 -0.00226013381039362 0.0804172357320178 -0.0718663565616622
-0.022330176165851 -0.00823548916665261 -0.0809026410238478 0.0658871577157333
-0.000102628037379145 -0.010479076553922 -0.0541349788476253 -0.069686314128606
0.0147688085809609 -0.00299417034721159 0.137519342063879 -0.147382027133962
0.0173039933380272 0.0252832701093647 0.289203724442866 0.0517558248817991
-0.0148569887664038 0.0276899333433147 0.137306000260981 0.415524471433292
-0.0463122916272666 0.00279676479912875 -0.294603069713822 0.361650622056603
-0.0401370402070395 -0.0108245808507902 -0.355449989560385 0.00952165525384087
-0.0381207801029675 -0.023318493578455 -0.0477006758172043 0.0415857164910132
-0.0535122896445458 0.00493649765807574 0.346803388047307 0.0656220329681457
-0.024032426945413 0.0322633321415694 0.377240362195738 -0.293766150457929
0.0148043162445678 0.0324558093104134 -0.0670648965496574 -0.439969433627516
0.0319246200613447 0.00420523420114725 -0.321127381721251 -0.0937981884339783
0.00229490744740234 -0.0179698319880349 -0.164292251535156 0.150978040453831
-0.0111569062690857 -0.0136373132435896 0.0244900079301944 0.0877284264313062
-0.0207772318019702 -0.00416464381349523 0.0805698530317469 -0.0704275044761166
-0.0208421851493553 -0.00801813660907367 -0.0799301970184984 0.0681236619218784
0.00172318256464945 -0.0115519596581088 -0.0574689378808448 -0.066599457179718
0.0157541485712267 -0.00623239104566527 0.129331843801021 -0.149482061282012
0.0174849080181728 0.0222559075293906 0.286052396466531 0.0410710521156517
-0.0146291396135558 0.0264644661167899 0.147189945529065 0.407791727853673
-0.0457875192716889 0.00245777740844374 -0.285943520923041 0.372899878907737
-0.0382952633573942 -0.0106977016992901 -0.363247440458808 0.0182834761824897
-0.0353494167287631 -0.0226379673688055 -0.0607335581682506 0.0362710010066984
-0.0516834158201116 0.00364698548677504 0.336416676985394 0.0729829986389951
-0.0256346000531391 0.0298110003521203 0.383468123094454 -0.281607121771012
0.0130551222349748 0.0320865481944365 -0.0549645479898254 -0.445859976744254
0.0324754245765723 0.00383612650735093 -0.323435822057817 -0.106232263710501
0.00453071411070764 -0.0204146033015009 -0.173193915495218 0.148172820220708
-0.00902894868326609 -0.0155214226451603 0.0198817608607123 0.0905177613977246
-0.0186610807939901 -0.00426329512298743 0.0820078458116087 -0.0673894116345283
-0.0178749713817554 -0.00641306673251091 -0.0780005656729532 0.0696004203934183
0.00285516499550601 -0.0120048686568545 -0.0598586971104062 -0.0644692649671066
0.0158983600131422 -0.00740748662100493 0.122366479444863 -0.15032471271772
0.0155434007374093 0.0194784582335908 0.281175004666637 0.035891530205255
-0.0150441508109189 0.0225592338207215 0.153578111936219 0.403720843740756
-0.0432082616881803 -0.00138235727956813 -0.28094314237522 0.379639723707337
-0.0312287659601053 -0.0105980160796194 -0.370796929752373 0.0215162983766653
-0.0269614166636543 -0.0207084405552173 -0.0717884704339598 0.0307335677906316
-0.0440755006188666 0.0027362617006744 0.326331271745995 0.0763333464389858
-0.0226480464791639 0.0244145390839049 0.385770723377632 -0.271512784313998
0.0109864596250565 0.0289550069738922 -0.046420538126749 -0.447963865788854
0.0308399011095555 0.00247169440402683 -0.324262532174762 -0.114899773598822
0.00564663965822174 -0.0216674833253679 -0.179288080975037 0.145525170039087
-0.00697325281360379 -0.015682985733054 0.0176023600675037 0.0924545007492362
-0.0161366938821659 -0.00306563503956396 0.0847089109364989 -0.0650932309276061
-0.0145264451304568 -0.00327269282841449 -0.07535027615993 0.0712006522680668
0.00501661937977631 -0.0102101809709766 -0.0598225981119203 -0.0633687246137602
0.0154095266418294 -0.00639800723464634 0.12053683626043 -0.150167897145741
0.0120290431444276 0.0173724113785979 0.279366281203728 0.0330736237847948
-0.0169657587989178 0.0169615785041278 0.150297597390795 0.402587065782678
-0.038545166638545 -0.00779991610595825 -0.283093110840373 0.383146866206834
-0.0207833679392309 -0.0118640147943347 -0.376297363031811 0.0209676284399056
-0.0153335651692376 -0.0174483530000879 -0.0786309594439861 0.0269019398008042
-0.0334374578165612 0.00282893709008312 0.320374560473964 0.076024186321665
-0.017562819463902 0.0189839738368882 0.383943369866727 -0.268925116528484
0.01015204773144 0.0227715550372522 -0.0469066365046515 -0.448352174471617
0.0273830732421752 0.000754738889943289 -0.32615043223268 -0.118402778399158
0.00553087075548299 -0.0214195146764135 -0.182753686545007 0.145521124576042
-0.00602127415931772 -0.0142771617794317 0.0170200017143422 0.0946650571198538
-0.0126151339163445 -0.000119994665579036 0.0869391434602364 -0.0635447421261986
-0.0106502062809544 -0.000267377898984495 -0.0735982841720802 0.0722144169700395
0.00647357057226076 -0.00731170919592086 -0.0573820045810455 -0.063837233897113
0.014398007804589 -0.00395547108367279 0.122170712117571 -0.150611320193275
0.00684167413514577 0.0168769245221904 0.278616026580206 0.0357353270689719
-0.0184369569164678 0.0108549184029575 0.144809608820165 0.405298732655
-0.0321112133744743 -0.0156438944010036 -0.29090337852213 0.380494364884242
-0.00692620577195145 -0.0124816776778291 -0.380460005905603 0.0162940740082157
-0.0022385749019186 -0.0128432215160055 -0.0800022872542449 0.0257020790780618
-0.0205142426438398 0.00368658774016479 0.318520606593856 0.0731151097358215
-0.0093903140428673 0.0122843095358333 0.376502918352683 -0.273359588088033
0.00921686454561788 0.0157527208707145 -0.0557930164087545 -0.447505149579299
0.0233692594716208 -0.000810606461166314 -0.329877333643031 -0.11591370663881
0.0039521419012567 -0.0198570510216609 -0.181980596786759 0.146568413612842
-0.00519583384828267 -0.0115565690656201 0.0189918500965167 0.0950446759533166
-0.00940792606284895 0.00324622301369738 0.0896039072295898 -0.0623605760246468
-0.00707778029273289 0.0038758874497635 -0.0722843400354463 0.0724182755308713
0.00753448801907305 -0.00335538953207115 -0.0542568615008162 -0.0654852276707618
0.0125728841707813 0.00112686309774924 0.128242428944563 -0.149019259851341
0.00125021514442365 0.0168354815542603 0.278719723851036 0.0431419908211396
-0.019289961370462 0.00367891158551027 0.132997636878034 0.410824072020154
-0.0240812220245196 -0.0248776685736814 -0.303909404227443 0.374220887290752
0.0072870776393203 -0.0125904912843948 -0.380350308442226 0.0082940653081403
0.0115844303508121 -0.00797791109813962 -0.0759610810482965 0.0260100088667908
-0.00583849786074419 0.00444351764339847 0.320985640018078 0.0670386071016004
-0.000771356575265996 0.00505543480453564 0.368231494890462 -0.282070085152523
0.008824514125448 0.00791987656127028 -0.0683190858684723 -0.446037285793388
0.0178017430132265 -0.00185347347022615 -0.332214353275879 -0.108586804171683
0.00109662823914313 -0.0171213677477603 -0.178782673042651 0.14938849626818
-0.00520470198426549 -0.00754096501018884 0.0229475204146022 0.0940753048165513
-0.00650644532524047 0.00713749826268712 0.0921382716259976 -0.0618455544896006
-0.00459100429335706 0.00742802434367928 -0.0718853178780603 0.0715752982364224
0.00803650758781533 0.000148593312008195 -0.0490293769066841 -0.0687714326983749
0.0105032862974963 0.00577302121729237 0.136436406500488 -0.147421221996332
-0.00295539822378185 0.0173030075536749 0.279989956312848 0.0547983209614686
-0.0204310043146247 -0.00228268229444155 0.11589997404176 0.418836031435808
-0.0161161196872847 -0.0317758485273616 -0.318713917055939 0.364060469594586
0.0185394425870445 -0.0120120299706837 -0.376820456209061 -0.00319928537710078
0.0218906332228766 -0.00469544029979433 -0.0668241456897527 0.0286872765426004
0.00412836319365089 0.00446002101287163 0.327516159876231 0.0589505285863256
0.006382489356257 -3.8413459897628E-05 0.356250441419181 -0.297278567436869
0.00881054426007701 0.0022898949836883 -0.0878449019527839 -0.441621983943318
0.0136640855198224 -0.00285197307814335 -0.334077188767632 -0.094955811433312
-0.00173183276320724 -0.013278822684137 -0.170093116528621 0.15292258626963
-0.00504537058140833 -0.0032694179018995 0.0285873774468282 0.0920687653010381
-0.00544285011000241 0.0101623010666222 0.0932495985424011 -0.0619894439738387
-0.0223228225765245 -0.00635405018589176 -0.0825986628648033 0.0635043348334413
-0.000400426535494838 -0.0079888033928511 -0.0491850719294734 -0.0732534248019894
0.0134101139892771 0.00147926513582672 0.148136704428319 -0.14598143829138
0.0152443024873613 0.0277171419855571 0.293643448726182 0.0647500845410294
-0.015571972624853 0.0258940883176261 0.122489461782464 0.423786844824441
-0.0438689535360267 -0.000405804315195747 -0.308048198942623 0.352311740807801
-0.0363613362674756 -0.0114573085909239 -0.348208072444899 -0.00044518924429287
-0.0354470794191825 -0.0217861837230277 -0.0347770317459577 0.04671019675341
-0.0500448315827986 0.00661977613885215 0.357497705525618 0.059628930844016
-0.0192797315056108 0.0312151212843088 0.368519560078451 -0.309175550452024
0.0167705451056432 0.0298117764242868 -0.0843714989451114 -0.436838678584436
0.0304444672736165 0.00469506660704968 -0.320729531443993 -0.0810463335845793
-0.000194384440509695 -0.0148198975285446 -0.156368893538807 0.154822466142193
-0.0126802771616794 -0.0103387484355256 0.0294087093875876 0.0851800666542732
-0.0211752749602385 -0.00167302244118913 0.0814144770540449 -0.0718024534793222
-0.0218457184253698 -0.0077426439439647 -0.081851199414233 0.0656150649919856
-0.000218053447300019 -0.0107378516901243 -0.0542861127275073 -0.0699783816917399
0.0146144092433187 -0.00329993258256346 0.13880038057926 -0.148054940420266
0.0178405947378428 0.0251364376269094 0.290171744925109 0.0519379319247476
-0.0148604008135423 0.0275086886093194 0.137612151956585 0.41656969924952
-0.0464092647444806 0.0025527797317629 -0.296313150565343 0.363021357075972
-0.0399012088852824 -0.0110244897062715 -0.356082378417771 0.0098328867077989
-0.0376754918549378 -0.0231662074782637 -0.0476641705888029 0.0417797696321554
-0.0536680095501627 0.00507056538743263 0.347642981281963 0.0671727766025576
-0.0244136187295299 0.0318680507598539 0.377957313728494 -0.293813068022389
0.0148705660320403 0.032200390652394 -0.0676175968654593 -0.442521712500192
0.032409231156591 0.00445974413196146 -0.322416546787072 -0.0944012516301267
0.00258309634939033 -0.0181125759072162 -0.164987926855292 0.151380694469329
-0.0111416804229815 -0.0137516153200871 0.0244742776982523 0.0880920488614165
-0.0206793338826984 -0.00320809982182069 0.0811252017274639 -0.0701749104634577
-0.0209336024640783 -0.00774997767509398 -0.079853019140955 0.067712918742284
0.00116540122752129 -0.0126658111641443 -0.0578221264369657 -0.0668193974624539
0.0157510815906184 -0.0060259804984225 0.130155996678358 -0.149863191799455
0.0178669309493061 0.0222980047240305 0.287442156483733 0.0416481757655229
-0.0150084039285164 0.0265495769322347 0.147486608629861 0.41114028661774
-0.0465854263524577 0.00225122364367765 -0.286219478657208 0.373824386855771
-0.0377517828238733 -0.0107587110061619 -0.363721737424475 0.0164117247642023
-0.0345826519617608 -0.0227618836622467 -0.0603349322374165 0.035973739284409
-0.0515095361936427 0.00335218359053529 0.337156394922962 0.073154942589991
-0.0254003799793106 0.0295140098673738 0.384413894183494 -0.280327907563394
0.0130002333844279 0.0323054470821403 -0.05400871503827 -0.44745765837989
0.0327086708844865 0.00388175508744222 -0.324259963255322 -0.106807347162871
0.00479273850909146 -0.0207310957394738 -0.173633871668928 0.148861080970645
-0.00910443400453632 -0.0152001473793965 0.0201367054436126 0.0911075874038764
-0.0187636394648082 -0.00412929595401814 0.0824811007205344 -0.0673133561140449
-0.0177269014954713 -0.00615006687406147 -0.0787984350925965 0.0693035039577851
0.00301105292702949 -0.0122785110386215 -0.0597875919213371 -0.0648062040965235
0.01579332963805 -0.00734289425239008 0.123986868497302 -0.150246775149354
0.0156651608709498 0.0197953624195299 0.282731163675434 0.0363660586494612
-0.0154851253630913 0.02286084873237 0.15252149132702 0.405696786243026
-0.0441278057672937 -0.00107372417936788 -0.281785143807172 0.380992714421225
-0.03001269427407 -0.0110993401344841 -0.371641933111954 0.0198078031804071
-0.0266321670955069 -0.0206867750513499 -0.0715243275764578 0.0314423059831951
-0.0439057209917338 0.00217222090288207 0.32699083828906 0.0765014184873625
-0.0229641085285838 0.0247395586726596 0.38716507887589 -0.270883840281376
0.0105737137179052 0.0289673449703425 -0.0466732440309413 -0.449574146408008
0.0312681370157931 0.00240869472954712 -0.326084870202296 -0.115499271052548
0.00580527201299288 -0.0212544415563336 -0.180097304800448 0.146187778579573
-0.00723088933944213 -0.0154796165961332 0.01716443569894 0.0936471409161105
-0.0159521774810632 -0.00279750834267943 0.0850241725749667 -0.0649746420960694
-0.0140385838065763 -0.00314023876972444 -0.0757607829306007 0.0708173265093026
0.00453146923381621 -0.0107412223373514 -0.0600023467371905 -0.0636356031169698
0.0155706063926949 -0.00642955914478484 0.121542510188852 -0.150950580511688
0.0121894274153105 0.0177667884521355 0.280649806565679 0.0338390311139943
-0.0165327846416491 0.0173708601065308 0.152619263289395 0.403963432356228
-0.0391035524530268 -0.00777339949775499 -0.28343112342107 0.383819808648619
-0.0197587736388863 -0.0117922327203587 -0.377513878725782 0.0203311438902841
-0.015098471297105 -0.0175220492056505 -0.0781888588421969 0.027058561186608
-0.0328469217602948 0.00279694807148666 0.321300387181321 0.0771732924119418
-0.0170640575713177 0.0186283904644042 0.383985216843464 -0.268305228145313
0.00989559265273244 0.0232165022751529 -0.04665203899119 -0.450884498996269
0.0279941006664578 0.000771644822205882 -0.328883895177769 -0.119235877951663
0.00569366243204112 -0.021403115647925 -0.183532494868847 0.146387782301828
-0.00574480806179856 -0.0143659112636795 0.0173122453414656 0.0948464811000666
-0.0129915158331504 1.37174685655135E-05 0.0876254789038863 -0.0630841259275943
-0.0107241841300455 0.000452957963030231 -0.073916970765817 0.0718406851501884
0.00664093147863433 -0.00807334960428857 -0.0575194856147608 -0.064138817867723
0.0149483419587922 -0.00361971366915614 0.123125628608509 -0.150435619736041
0.00729865884380007 0.0169126636134649 0.279412005929124 0.0366621152216354
-0.018654002196066 0.0110437756130856 0.146649677170235 0.405655396712794
-0.0324555932873366 -0.015786682775497 -0.292378775352478 0.382050446080681
-0.0064452079249021 -0.0124167553090665 -0.38224623519043 0.0161422742638783
-0.00208912331233429 -0.013153137750273 -0.0798479730260711 0.0257531435735612
-0.0199386014794912 0.00378375971055989 0.318601281051443 0.0739722901534707
-0.00952594234026902 0.0123261435926724 0.379551090868967 -0.27304050619755
0.00918478650434105 0.015619966813641 -0.0549258288783166 -0.45026011153878
0.0237268905493199 -0.000748443178388852 -0.331297818688815 -0.11595226899413
0.00419408606364452 -0.0198976198605034 -0.183011474905245 0.147784307083364
-0.00518942302423638 -0.0115450475462017 0.0192325542868642 0.0957033941981556
-0.00969692015111513 0.00349352800070972 0.0899752731860176 -0.0618914878785029
-0.00666081981665414 0.00464195860397986 -0.0727003551806483 0.0716753720112593
0.00730227610723703 -0.00380355836273705 -0.0544924107933498 -0.0656602006464893
0.0126852205000294 0.000966712474444662 0.129088634835312 -0.149585710307695
0.00196926256219355 0.0167413929355952 0.279334480060786 0.0432735075984346
-0.02029537724744 0.0034785723909791 0.133345383584292 0.413044886080625
-0.0241223491455373 -0.0249777061672749 -0.304389078261749 0.375394201019904
0.0074968670428364 -0.0128191900760531 -0.380932154370443 0.00761786929612873
0.0118837229896221 -0.00864236583923133 -0.0759391820171274 0.0259412520866821
-0.00567207466478635 0.00433679520734126 0.321456860579379 0.0678276732691859
-0.000482829582509149 0.00574252816191934 0.369835966244324 -0.282268873944945
0.00886116275305345 0.00790332646425948 -0.0685553275557183 -0.447838052285778
0.0187770873627257 -0.0022368409329678 -0.33394805616499 -0.108975773008636
0.00098934579061175 -0.0168490837699817 -0.179437216265486 0.150246999783452
-0.00491555419457345 -0.00754818382995837 0.0227615619622699 0.0948663912359832
-0.00684114487904929 0.00732425697319037 0.0924593641415547 -0.061415374522448
-0.0046597914867859 0.00757121670194484 -0.0719603259565152 0.0710704257576545
0.00791779609084205 3.46065664030195E-05 -0.0495608125178113 -0.068858418640758
0.010944413908086 0.00582402234370736 0.137014741250048 -0.148135126927288
-0.00265633937112586 0.0175978634403493 0.28147229138078 0.0551764148440973
-0.0207853658123616 -0.0022104480939589 0.116912911965005 0.419876622671743
-0.0161307550678685 -0.0318201136895595 -0.320674976869452 0.364223822725828
0.018740758797777 -0.0123518909163865 -0.377185162640295 -0.00405806890906856
0.0221028399259434 -0.0047496049939581 -0.0665185630204679 0.0285266423035283
0.00435958130044463 0.00483230231511052 0.32849117429416 0.0592088742501613
0.00670222156476277 -0.000271953534079314 0.357584077771231 -0.297153836760439
0.00886864280072343 0.00222616468021051 -0.0867812524688364 -0.443342253203384
0.0144507913778716 -0.0026157693265653 -0.335602393207422 -0.0960144587718812
-0.00166590238779528 -0.0132065442231218 -0.170899942928275 0.154157306384866
-0.00589000876914213 -0.00300553845720842 0.0286585902839686 0.0927928722353771
-0.00544187581007708 0.0107217639482131 0.0939058751752974 -0.0618945024872308
-0.021878163936861 -0.00609178731243226 -0.0831708751034483 0.0634288254356109
-0.000435008237201892 -0.00829654158094855 -0.0493815640450923 -0.0738285172926114
0.0134252914478308 0.00117625794697596 0.149398814353198 -0.146563593705127
0.0156380673341477 0.0280966585028545 0.295517115850914 0.0651061733587501
-0.0161135644242969 0.0260063944407126 0.123057960012111 0.426924004926948
-0.0438378681106577 -0.000490937753981811 -0.310363835151446 0.352286963124307
-0.0361921857215052 -0.0117242202546471 -0.35034574676476 -0.000588240834993035
-0.0355515221151638 -0.0220990387738084 -0.0347168688475345 0.0468824240048088
-0.0500778654752153 0.00672694746968101 0.358373660960357 0.0593808820841657
-0.019434467177021 0.0313577012589623 0.369536411691283 -0.30980166875437
0.016791107318942 0.0298223675693828 -0.0860497555122906 -0.438844520229727
0.030321671674114 0.0046608493944041 -0.323068957377342 -0.0810505164272115
7.24269132895061E-05 -0.0146470321287148 -0.157160551318269 0.155684521223372
-0.0132576231036495 -0.0100932081659446 0.0290301599045262 0.0855441289266883
-0.0209303574791138 -0.00163121040886092 0.0812097739799767 -0.0717355644166772
-0.0215083410409096 -0.00742095965075733 -0.0826832731724454 0.0653186131465865
-5.0205964016504E-05 -0.0108207662277384 -0.0541247059199451 -0.0703294966648082
0.0151850805779581 -0.00325852324962505 0.139753298835284 -0.148892942350709
0.0184877778179893 0.0256196167186408 0.292384331624733 0.0521811528328535
-0.0152382935993743 0.0277098640355529 0.138532270628397 0.41931620943328
-0.0466833072310513 0.00285625162290412 -0.297438881628804 0.364649513431686
-0.0397569300734746 -0.0116002935635813 -0.358275821095671 0.0087242968036131
-0.0381735978016493 -0.0235710089568041 -0.0473614375039969 0.0420323159902205
-0.0534192343251981 0.0047409209895409 0.349049208562798 0.0669798500348962
-0.0242352352013985 0.0318268359684094 0.380047648728921 -0.294280116024876
0.0149677263844239 0.0325344128034994 -0.0680435872835067 -0.443756252978459
0.0329424991813044 0.00397112157585685 -0.324495944790682 -0.0946995167437572
0.00282878281597675 -0.0183243917855691 -0.165648146437678 0.152668240335946
-0.011616466123535 -0.0133166532714062 0.0245177189483622 0.0885090144271041
-0.0208637194074607 -0.00356242125105114 0.0819178939183026 -0.0700580202046694
-0.0199027889660072 -0.00765607194146436 -0.081328647508016 0.0672661077800544
0.000856252021667584 -0.0129082080622374 -0.0581919027108886 -0.0670772383542633
0.0157488900755876 -0.00594964951698272 0.130898674687944 -0.150852802370596
0.0181673076158591 0.0226615512943401 0.289059793371171 0.0424185606712012
-0.0153115694050024 0.0265710564872485 0.149652656135071 0.41152804114371
-0.0468412870933918 0.00226235206235234 -0.28874803887159 0.375920849132861
-0.0375673874353383 -0.0110257131768117 -0.366230032243815 0.0161330247869178
-0.0348852038228859 -0.0232745571395876 -0.0608746508345972 0.0362128385227349
-0.0518400528846009 0.00368398598771764 0.33764539483195 0.073593216738616
-0.0254648930797998 0.0291320735201053 0.38616021246884 -0.282303678471473
0.0128763104948201 0.03239025061902 -0.0555779691904969 -0.448945532760453
0.0335298512045616 0.00385449122876249 -0.325782058607528 -0.10781557593222
0.00533599635621374 -0.0203392935867023 -0.174718908173663 0.149525021203588
-0.00914583215161965 -0.0155106199395113 0.0201055164929505 0.0918969287986337
-0.0189272149999604 -0.00351711472558228 0.0832314895085106 -0.0671392082333842
-0.0173395427431596 -0.00553351741812177 -0.0789150961303516 0.069272220768019
0.00259505160607119 -0.0129535328838734 -0.0600165523071412 -0.0651720339561754
0.0161308453052906 -0.0070426277399721 0.124281620558487 -0.151471789182474
0.0158212929529033 0.0203269891538535 0.284728338654133 0.0364203240848743
-0.0158121229909204 0.0227446726714239 0.154313701647188 0.407905426952802
-0.0439386563120918 -0.00122054617150616 -0.283811595008696 0.381634788221566
-0.0303423607879262 -0.0114217202652234 -0.374533111514416 0.0204289347009636
-0.0267138178114473 -0.0212785246676266 -0.0715304689692515 0.0308276010535101
-0.0439233911749755 0.00259504274998713 0.327990714295666 0.0774939674226725
-0.0227192136446879 0.0250284462561736 0.38941945914598 -0.270757601596118
0.0109655288761495 0.0289673230419364 -0.047099995498908 -0.451079552798878
0.0317771808730267 0.00283955124950222 -0.328140598525157 -0.116079036291821
0.00653084948603387 -0.0215192956625805 -0.180949337136029 0.147844509828597
-0.00745956184470708 -0.0154096078095734 0.0175055722658578 0.0944759262652428
-0.0162738694180089 -0.00243068644215093 0.0855682736552491 -0.0642816451028617
-0.0139210713941694 -0.00330262919627684 -0.0768116398462782 0.0706050618877358
0.00487395151506042 -0.0107250105820649 -0.0601346348295097 -0.0642160976071718
0.0155619533746768 -0.00646950464128505 0.122455652780293 -0.152347646203895
0.0124807684247328 0.0181529563971992 0.28291301321708 0.0339565310381895
-0.0170253990255235 0.0173897097874042 0.152543284366476 0.404328686922393
-0.03881262865482 -0.00777091835380362 -0.285614075806758 0.384257781859608
-0.0195863875198286 -0.0118739504896609 -0.380782007498434 0.0204545017831753
-0.0149938745402347 -0.0175178677016806 -0.0785615551962114 0.0272275809794534
-0.0326567247882962 0.00316265343872888 0.322343946622577 0.0771350713552917
-0.0174712612956679 0.0190341845032425 0.386203784100859 -0.269868884962799
0.00950917665217316 0.0229449292501338 -0.0472585157654971 -0.453021753652743
0.0279489382804958 0.000839585760690691 -0.330372527913646 -0.119251835812442
0.00601757274483198 -0.0209429128728495 -0.184879389499271 0.147867336970806
-0.00620705555196756 -0.0144657563778005 0.0170175407159336 0.095906202311941
-0.0133399383493465 0.000232326529584285 0.0880517485226707 -0.0631123486594624
-0.0102968656202815 0.000333870965160372 -0.0745198443896469 0.0713216149660653
0.00603927559288535 -0.00818914847609866 -0.0576411260693149 -0.0640400886397681
0.0140619563959461 -0.00340932366309379 0.124463837476687 -0.151824534926156
0.00753223443164287 0.0172711954113831 0.28111420915032 0.0365829672814394
-0.0189166504064989 0.0107646348807454 0.147349837008127 0.407419170954498
-0.0323793395571867 -0.0163815311235793 -0.293409771891167 0.383340877644804
-0.00642193483363275 -0.0129308703230667 -0.383218864998458 0.0155253954095754
-0.00190336730172263 -0.0134370776430998 -0.0801901178703933 0.0254262724999896
-0.020255815746478 0.00384286362428089 0.319962495128562 0.0739422142441235
-0.00938377972258984 0.0119267525217804 0.380351783528197 -0.274818194233669
0.00912248950996368 0.0158758772438831 -0.0545113640926965 -0.451761479295324
0.0240242411184358 -0.000525339023296267 -0.333571299419982 -0.116920492567071
0.00421199324820939 -0.0196577392080525 -0.183901324999031 0.149014488497375
-0.00507964383766965 -0.0114839666933615 0.0190746046165209 0.0961757364670973
-0.0099317083412337 0.00366843998850976 0.0908925721880875 -0.0619101572029291
-0.0065874044191939 0.00453068135397315 -0.0729759520200428 0.0714541003688703
0.00727857618437577 -0.00434882522055018 -0.054570338182617 -0.0660836821113549
0.0127457342421903 0.00103856668028599 0.130000798021853 -0.150703725089034
0.00230802538860229 0.0167461791939438 0.28117843544974 0.04413943922624
-0.0202597491437157 0.00353488257657102 0.135831258421419 0.414794801603541
-0.0241399131699941 -0.025245009561914 -0.305884018418943 0.37739700415321
0.00797625544012292 -0.0127533831198284 -0.382635048327232 0.00701988056109909
0.0117003266423113 -0.0084796031762908 -0.0761691481770723 0.0258885045894367
-0.00562216837397156 0.00486344908887 0.322795834229933 0.0672313879097707
-0.000590945116904594 0.00513485790928208 0.371393965944364 -0.282195080600915
0.00901186415947721 0.00808618494678287 -0.0691079416676322 -0.450171444128981
0.0188573079944647 -0.00211116911517084 -0.335853675067457 -0.109017180330795
0.0016734580161565 -0.0163854759806419 -0.180034909705622 0.151589887200038
-0.00541395679955105 -0.00720976989568258 0.022811351856849 0.0959083210701968
-0.00722994654832429 0.00787856719567757 0.0934205520394867 -0.0613747586054597
-0.00397617273157896 0.00827335503303721 -0.0729443730355632 0.0700378243645877
0.0077028581315909 -0.000516142901150411 -0.0493753912321139 -0.0688886108912273
0.0108257724189382 0.00580277934682594 0.138063572848726 -0.148415536451259
-0.00226948120133275 0.0178101189276388 0.282891601990029 0.0558870121172777
-0.0209118018014829 -0.00222797031009417 0.118526094611414 0.421366315047096
-0.016438069613296 -0.0319350401456526 -0.321106438263406 0.365398126285093
0.0192210486079444 -0.0122470357138885 -0.379691017423596 -0.0052935019349419
0.0224034855073922 -0.00484964161146648 -0.0667898233078846 0.0287709787866469
0.00488085627297271 0.00492364719433325 0.329326044590559 0.0601233805083517
0.00663779553344484 0.000220985746209129 0.359481115865379 -0.298311377201697
0.00863118529934681 0.00222260352606167 -0.0868456302762668 -0.445007278202977
0.0146699872872007 -0.00244040139385808 -0.338055065230174 -0.0959888704082049
-0.00122028916111706 -0.013003856845329 -0.172145969658613 0.155236212000822
-0.00569037529313093 -0.00309513524404852 0.028859688831269 0.0932072147801837
-0.00537159771337371 0.0115635985631033 0.0945786057553191 -0.0618596702444596
-0.0220480110253624 -0.00601422666835399 -0.0838665411503463 0.0639733812456759
-0.000853982325403484 -0.00888746064153785 -0.0492855028114573 -0.0746618369921959
0.0130647789298391 0.00164620448433702 0.150780703036094 -0.148476753496688
0.0163830018934025 0.028118579958729 0.297731805503077 0.0649683711189091
-0.0167659619103121 0.0261156063100683 0.124677435463104 0.429149926898814
-0.0443053402440445 -0.000727463297346943 -0.31142782496241 0.355766089254402
-0.0358749433749754 -0.01248731334662 -0.351793105971936 -0.000869691806560957
-0.0356313555076236 -0.0223130838526911 -0.0344633713033167 0.0470335345756468
-0.0500927918320734 0.00712359996075934 0.360283721147878 0.059673580119519
-0.0194221132422092 0.0318469395202748 0.372157916086028 -0.310912466427042
0.0167590328317861 0.0300244049325428 -0.0851632739297482 -0.441632542469021
0.030868205086105 0.0042512894584427 -0.325531096322383 -0.0812927738958404
-5.29386223501382E-05 -0.0146981193339366 -0.158188141189487 0.157291601964096
-0.0131894790920417 -0.0101692084481113 0.0291056104798203 0.0868334204162033
-0.0211392975620621 -0.00158326145069639 0.0821407286111181 -0.0718360803441674
-0.0214987237665966 -0.00728629752313912 -0.0828463758680744 0.0654571380479861
-0.000268796133757441 -0.0114161030887853 -0.0545280808081399 -0.0705256557967408
0.0151130005569854 -0.00314752086744545 0.140866554232781 -0.150771508867142
0.0187088343869439 0.0254307829144415 0.29404692736208 0.0528958458930745
-0.0156030514494789 0.0277204937201237 0.140754291431071 0.421710809149523
-0.0472494441288628 0.00300192241718648 -0.298019183978085 0.367774652033669
-0.0394191124845611 -0.011977931913355 -0.360232327123656 0.00911020312935718
-0.0378357936661089 -0.0235445698847974 -0.0475439735456019 0.0421853301600468
-0.0538368821444649 0.00498910642436185 0.350795277157218 0.0681113308434808
-0.0244528795047575 0.0313233087479236 0.382493177053738 -0.296111503116508
0.0153465277114441 0.0322790530479554 -0.0687011645266317 -0.448020320349877
0.0329766174084343 0.00406514264366312 -0.327645463600685 -0.0948517317071916
0.00329392385626266 -0.0180347592951128 -0.167235237269859 0.154073543228164
-0.0116027084728667 -0.0133431729321918 0.0240179449320548 0.089469178238242
-0.0211395468291585 -0.00316473172543274 0.0825914290663034 -0.0703291353465633
-0.0204710335571069 -0.00755919918441609 -0.0812660357415883 0.067233206945115
0.00146212509895143 -0.0129549655966409 -0.0583798830952592 -0.0678284332835049
0.0159295955712451 -0.00636020840650856 0.132289298824578 -0.152537575441099
0.0186814717955603 0.0223889017618347 0.290758652583701 0.0427650343029429
-0.0157662569076595 0.0264751411609809 0.151251607530453 0.414437363059968
-0.0470422866870707 0.00246962550756279 -0.289801276185007 0.377988428750902
-0.0375009318716238 -0.011134334649075 -0.368932251737932 0.0169516267633343
-0.0353879734480889 -0.0233153556265744 -0.0606938558991698 0.0366824521499277
-0.0519701414386166 0.00350759834784255 0.340322457013154 0.0737495952387918
-0.0254285519891211 0.0297282736801894 0.388380803241421 -0.283435926495536
0.0132864596529141 0.0324572589962094 -0.0565240466918222 -0.451595977146621
0.033635907927809 0.00377493158115794 -0.328923270586202 -0.10759656858639
0.00536774152856134 -0.0201697838422588 -0.175881856497667 0.15124478322323
-0.00987686753428024 -0.0155529286641205 0.0203600057056068 0.092872456051741
-0.0190759547884021 -0.00363725989790838 0.0840444287492339 -0.0675742785216095
-0.0178855717525662 -0.00556650203372206 -0.0799457146602743 0.0687046907720875
0.00247646722333463 -0.0131022834508451 -0.0603283678371175 -0.0654901158506865
0.0159126208957859 -0.00712717782181838 0.12608758808669 -0.153230107494817
0.016723232370064 0.0200468756893403 0.286610890541393 0.0364770778853913
-0.016579350271265 0.0227839895062606 0.157218578430075 0.409821880175479
-0.0442668225856313 -0.0016793204345956 -0.285395212234011 0.383983525197324
-0.030717942752368 -0.0116009735050877 -0.37528401802815 0.0201693917747302
-0.0267639683753212 -0.0215106570728961 -0.072088077795567 0.0310906919628406
-0.044063778003659 0.00253545304859935 0.329581369893398 0.0776140049471513
-0.0227564390951032 0.0248119292166478 0.39109512335607 -0.272240069350363
0.0110912022791822 0.0288268393685061 -0.0473398826916819 -0.454587311777733
0.0322038687444289 0.00238560658791928 -0.331058823416065 -0.116124896508268
0.00668355816105383 -0.0211762817867203 -0.181601338616125 0.148888758330406
-0.00769302721986598 -0.0156666221795163 0.0172312169691829 0.0955408086022642
-0.0166784508610034 -0.00208816381091062 0.0865030638913379 -0.0650278034772891
-0.01393921159469 -0.00211903597393398 -0.0772652991947378 0.0702831117722645
0.00450268589776552 -0.0113630324003359 -0.0602820653347857 -0.0642385928028207
0.0157822863990184 -0.00636955549770156 0.123791463587208 -0.153559948866655
0.0127144433654306 0.0179479747602236 0.284360423077168 0.0338157726113853
-0.0174940701047256 0.0173055472888215 0.155840307039405 0.40822054633858
-0.0391346284005775 -0.00769036671071733 -0.286575591435184 0.386427829487199
-0.0196465310744011 -0.0119454971321826 -0.382310619308712 0.0215410529348584
-0.0153857298095219 -0.0179516527161709 -0.0785968418058888 0.0269393874948976
-0.0331078101816777 0.00270412485107841 0.323741581060858 0.0773267155217709
-0.0169673646235666 0.0192514043458609 0.389504243188909 -0.271249214113715
0.00987763033027561 0.023299594238206 -0.0466239872989833 -0.455719495684695
0.0287373657487664 0.000525617043603812 -0.332999666020991 -0.119816109668701
0.00593950436884648 -0.0214112166441141 -0.185767585899778 0.148910617589356
-0.00631005641998294 -0.0143304974756486 0.0170544610417996 0.0965541950689418
-0.0133078970943209 0.000789837722402438 0.0888573103487672 -0.0628726913831792
-0.0101351470574223 0.000982714606557088 -0.0754041106731655 0.0717929026374706
0.00613774121679227 -0.00810878566726208 -0.0579961495621818 -0.0644829349004584
0.0144311031169002 -0.00376099056743187 0.125203704071425 -0.152955491401775
0.00806975819570963 0.0173092202446509 0.283473072966977 0.0371432614001124
-0.0191894878200177 0.010835456354416 0.149665629605916 0.409880229217183
-0.0325453185280711 -0.0162309556195904 -0.294665443742255 0.385318697755937
-0.00630830494117398 -0.0129720383208358 -0.384600491515757 0.0163970200749063
-0.00178902375215724 -0.0135394431195786 -0.0802568938471185 0.0255388358507964
-0.0195096655002336 0.00339172535870801 0.321696605676748 0.0739122023509014
-0.00944585827897372 0.0123188919026022 0.382735651119056 -0.275260443135736
0.0091543895795097 0.0161431385091542 -0.0570098259146293 -0.455209238972587
0.0245443462076759 -0.000946140558907602 -0.336201922614978 -0.116973775170143
0.00471357397643493 -0.0195212413158126 -0.185251090505532 0.150443823778347
-0.00576551500475501 -0.0115214747666559 0.0193776198700533 0.0973327256238361
-0.0101164545731195 0.00416018339691665 0.0916232592905419 -0.0620964581466608
-0.00658449506961325 0.00533836117623486 -0.0737966181973977 0.0710897672122301
0.00745614478669667 -0.00493718439476793 -0.0547785214929784 -0.0659603728444275
0.0129985324191797 0.000836896113788288 0.131010731094418 -0.152053153762365
0.00269320315939881 0.0170488904581307 0.283803227951344 0.0442208967775828
-0.0206753458786197 0.00394794135150462 0.138026813804699 0.416892925312505
-0.0243195495189284 -0.0251894089555334 -0.307204669273994 0.380520789119434
0.00858458181794091 -0.0132174736473296 -0.386083541546373 0.00657250081503397
0.0122835767158453 -0.00856249757796159 -0.076330727256414 0.0257451004928064
-0.00550253469324492 0.0044314087327403 0.324116788947446 0.06825928071612
-0.000154987060491264 0.00554457303455951 0.374918660731949 -0.284060464096182
0.00923131388171175 0.007963260258327 -0.0693165915426457 -0.451530730491459
0.0194655459224486 -0.00276010938933154 -0.338559685265156 -0.109357591157049
0.00167265945697276 -0.0166994779787915 -0.181564656064774 0.152891457233941
-0.00543059393545083 -0.00695599940321473 0.0234547415798325 0.0961837513290373
-0.00730830172587855 0.00850996334367204 0.0941739597660396 -0.0615810612862136
-0.00409426194213846 0.00868410572340292 -0.0737079606144832 0.0702229718752477
0.008084706751161 -0.000710785099312848 -0.0496488742314271 -0.0692041783444479
0.0109816147012085 0.00560119670111751 0.13955570055217 -0.150450281075198
-0.00206174870942062 0.0172472473995437 0.285678330002011 0.0560453128145497
-0.0216738279036769 -0.0023188484494809 0.120815174367769 0.424139040687068
-0.0167024685061135 -0.0325563637109186 -0.323274914766392 0.368128200571084
0.0197196711784178 -0.0126229601239509 -0.381499984716682 -0.00444310898044594
0.0231171754328094 -0.00489085724431624 -0.0673349641995897 0.0285839950775838
0.00517716592676645 0.00486777461319243 0.331519981966834 0.0601535427253091
0.00683542742018342 -2.7565787169663E-05 0.361044325216223 -0.300107406364723
0.00897389904351799 0.00201773728351862 -0.0888360640268146 -0.448377138477728
0.0151513904923461 -0.00338631104874676 -0.340305038093968 -0.0955883761944511
-0.00108551296149959 -0.0133146509564953 -0.173582230394015 0.156536051577671
-0.00631862117831476 -0.00296811702642229 0.0290900490898503 0.0945797636548107
-0.0056113289591192 0.0117769829834355 0.0957393919947226 -0.0620424784347272
-0.0220608071874093 -0.00548253752224453 -0.0847420919286107 0.0637134166638732
-0.000990748524443309 -0.00900104997692946 -0.0501557552143148 -0.0746548958910562
0.0137546693956148 0.0012180704004511 0.151903721151121 -0.150239713011628
0.016937405811068 0.0282795754509821 0.301385304407293 0.0652441922352022
-0.0165774958823091 0.0258929811069531 0.128170701692449 0.431856321018819
-0.0449398669514703 -0.000359435559434566 -0.313735550789219 0.357907111145657
-0.0358884179803158 -0.0121803373763939 -0.354505423625682 -0.000475481956624072
-0.0363024473735174 -0.0228296912459165 -0.0338309659038999 0.047975879770255
-0.0502209253016829 0.00700831344607374 0.362911376235034 0.0590304934126752
-0.019528350299987 0.031776803005252 0.37345307289646 -0.313832711731169
0.0171030586364263 0.030279507191804 -0.0876012349839855 -0.444593932210476
0.0314993197810646 0.00381745303784172 -0.328662969681822 -0.0810532004780445
0.000299500618214613 -0.0147734806695197 -0.15912070061289 0.15890295340468
-0.013460026464298 -0.0102318791683754 0.0296237967343616 0.0875491412799644
-0.0213510069421324 -0.000951406436653941 0.0827461206175361 -0.0722963421617803
-0.0218105337678293 -0.00693005823743732 -0.0838067842682162 0.0657470249981622
-0.000275537814658345 -0.0119732501726956 -0.0549707636004502 -0.0713049361041246
0.0157149366356219 -0.00320007327395894 0.141645350923877 -0.152344485959408
0.0191338914509935 0.0254082644812912 0.297395866685954 0.0527147120017217
-0.0162405857019021 0.0282034485158673 0.143659083185969 0.424048335250365
-0.0473715505060963 0.00301814452529466 -0.300113008529762 0.370021792176425
-0.0390070188679449 -0.0118064140403041 -0.362581581285677 0.00937382418711008
-0.0386103756883923 -0.0242571297600961 -0.0476900494242936 0.0424175547570768
-0.0537697227383588 0.00520555252824184 0.353022703526965 0.0671767755391398
-0.0240801200563364 0.0319401378491309 0.384410593557604 -0.298676777424354
0.0154939745200777 0.0332559062462379 -0.0691724736598303 -0.450734458944913
0.0337425670284342 0.00387965093997506 -0.330008095425836 -0.0954082914670594
0.0031441556053796 -0.0181487433569941 -0.168048139428593 0.156215243861395
-0.0118783755056155 -0.0133278429498515 0.0250084254003829 0.0902632936465173
-0.0209446515208246 -0.00259100290330479 0.0833137960556844 -0.0705146937256281
-0.020161558684864 -0.00666338929842531 -0.0818983933282319 0.0673258586167107
0.00121253193142153 -0.0135180338843794 -0.0588801553352825 -0.0683021073755915
0.0162103637647498 -0.00607589758715179 0.133531459232084 -0.154270632205321
0.0192042346075634 0.0225090178807459 0.29402134750027 0.0422678465424721
-0.0156633429241353 0.0270628492398705 0.153820167394345 0.416245083292009
-0.0475576627862492 0.00248017843986682 -0.291942379302976 0.380859526515653
-0.0377231523657827 -0.0116748269909544 -0.370514689043651 0.0170330005511332
-0.0355735579956828 -0.0234771576375515 -0.0609670210001281 0.0364905717208923
-0.0516278724584826 0.00317833354274655 0.341998506970681 0.0742183679135844
-0.0257291506544659 0.0295658733030523 0.391092027708158 -0.285425508166084
0.0135529273464411 0.0327002195558995 -0.0576056052755164 -0.455969032219619
0.0343726944915775 0.00309314370762562 -0.332475991180175 -0.107872941305462
0.00559692054427747 -0.0205131441414168 -0.177013312576485 0.153165019248195
-0.00982089261508154 -0.0150151126720138 0.0203906770093353 0.0938560011916222
-0.0192931577682389 -0.00288971931879779 0.0846350398179562 -0.0674277480883664
-0.0174019693138015 -0.00518980713740705 -0.08042735880987 0.0690706305140545
0.00277722500941047 -0.0134330448096811 -0.0611313492466192 -0.065699734989566
0.0161717865350686 -0.00752604577428977 0.127303902095348 -0.154499888806905
0.0172156270239944 0.0199754263519994 0.289589046757916 0.0361623690399852
-0.0163665153130087 0.0230335403740983 0.159915317518827 0.412201086553943
-0.0444488688705907 -0.00145937091225974 -0.285928968525342 0.388132486057162
-0.030490264731421 -0.0119552713871893 -0.378738653092836 0.0221234461362818
-0.0270954457586685 -0.0215860768203367 -0.0722004848137815 0.0313439398958912
-0.0440768377657308 0.00297885021715287 0.331529258648481 0.0768932438008099
-0.0228961405936294 0.0249481842525586 0.394638735299031 -0.276668839923489
0.0110115848755367 0.0288982757517496 -0.048310563968819 -0.458342999272252
0.0329634651595545 0.0017304222813935 -0.334305950828805 -0.115581457843664
0.00663616416586786 -0.0213975312699398 -0.183045860322337 0.150373183039118
-0.00774709925321926 -0.015729697917929 0.0177745001164902 0.0964873243002755
-0.0166121441307322 -0.00183033902138789 0.0873524162213692 -0.0654893935990836
-0.0135934048077828 -0.00201316918863662 -0.0779816179517318 0.0703300660035245
0.00388273816845943 -0.0118891732347405 -0.0608480809127902 -0.0642923012873859
0.0161342066890424 -0.00633971018099735 0.125134711442348 -0.155384837987658
0.0134334652527829 0.0181968529367847 0.28729191318847 0.0338645046451379
-0.0182305823215508 0.0171635102969258 0.158267606683202 0.411764945104264
-0.0395923188316457 -0.00792115260672452 -0.287686772594304 0.391604434448965
-0.0191308452910179 -0.0123585559793467 -0.384095154936251 0.0216437442010103
-0.0151910205330383 -0.0181595709549528 -0.0785898558516375 0.0273712247549864
-0.0329594848096712 0.00269424152840191 0.326314354171138 0.0770083455593696
-0.0170076037509228 0.0189452766175265 0.391184580701095 -0.273763433786835
0.0102948186954196 0.0235036425970497 -0.0476400609832141 -0.459540695317857
0.0295721362637457 0.000527390823796832 -0.336531584521671 -0.119499812787401
0.00622967509103564 -0.0212595266850953 -0.187493684302679 0.15115226759482
-0.0066719946861939 -0.0140937233241195 0.0175240401073764 0.0978533526141825
-0.0137815815415366 0.00129974811738394 0.0898088137325217 -0.0633753527710826
-0.0102777810630408 0.00131436563120054 -0.0757224681750541 0.0717596942835039
0.0059068646155092 -0.00905721806585627 -0.0590716654317296 -0.0645914978121926
0.0151599967571053 -0.00359399786624806 0.126818262445271 -0.155046038436917
0.00853507768138905 0.0173302456231092 0.286600430900885 0.0368045962038704
-0.0196240175136341 0.0110706513501095 0.152543298767557 0.413599404427807
-0.0329994824212237 -0.0159591063586334 -0.295194075226051 0.38898292045807
-0.00576767071065193 -0.0132595987490315 -0.388112833126486 0.0161971960913131
-0.00200863663723211 -0.0140851182649598 -0.0806591001909339 0.0258883868469879
-0.0196520713700051 0.00352384266067562 0.32388424472838 0.074335644005797
-0.00947903341929456 0.0125222087227523 0.385222920649837 -0.276908261164667
0.00989067666849227 0.0162517939714169 -0.0566925401103708 -0.457686682035238
0.0249254599753604 -0.00174162057942425 -0.339265259840955 -0.117122760274353
0.0044197884530625 -0.0193145254558675 -0.186116541390778 0.152224833871035
-0.00600117464000203 -0.0111489433280092 0.0197318913279751 0.0981981124032187
-0.0102136315882828 0.00488881620457122 0.0923644304815607 -0.0623473442409618
-0.00659369508732789 0.00531933173697857 -0.0743636368834919 0.0721584064793822
0.00730098023918635 -0.00492568246402453 -0.055459777005242 -0.0659927452504339
0.0131210753158291 0.00110665557928799 0.131975142265561 -0.15417697691745
0.00314803309910999 0.0171788763227663 0.287309107371701 0.044324250196333
-0.0211268088947871 0.00396627898643399 0.140414231895108 0.419410010154001
-0.0247200381627681 -0.0251942077795061 -0.308139721107664 0.382768074382017
0.00885701539750316 -0.0131400177384936 -0.38871131931456 0.00707867976993105
0.012485598584075 -0.00903466578356698 -0.0770774387734773 0.0263698622817795
-0.00569652324620628 0.00428080125487478 0.326734216114187 0.0683559134352355
-0.000195983534235763 0.0049965358462156 0.37645524805363 -0.287014805176041
0.00895750480535143 0.00801472889907194 -0.0711189709836793 -0.456008812221909
0.0197424488662954 -0.00266550474222622 -0.342669808908778 -0.109526382181828
0.00243455127089019 -0.0162946744776383 -0.182826703378026 0.154468127149008
-0.00564530737088134 -0.00671998253717955 0.0236978659824367 0.097600213503436
-0.00773189712761515 0.00862395621217371 0.0950483308927841 -0.0618562114333135
-0.0041988848300393 0.00904555480284954 -0.0741716449502817 0.0710829344093326
0.00782998391648342 -0.000875608925020152 -0.0502918316128605 -0.0695182116466593
0.0110261487599423 0.00573170779484252 0.141068977415523 -0.152378742853413
-0.00179503330010804 0.017819641264899 0.288535272374609 0.0562794304439612
-0.0219428446674929 -0.00225063902998847 0.123058025207795 0.427117346070658
-0.0165748814231873 -0.032838247555519 -0.324698821420008 0.371267464746799
0.020494592892017 -0.0126513899893496 -0.383909540789966 -0.00425905440207664
0.022776383137035 -0.00492579927953067 -0.0670519817257134 0.0292291455547659
0.00534206421054331 0.00519862143962549 0.333183220872857 0.0593827876975009
0.00681597990839003 -0.000317751826160048 0.364702319529669 -0.302440975819345
0.00902702715101313 0.00208463540686455 -0.089633480598251 -0.451320851759514
0.0150073255175998 -0.00324825906547402 -0.34378182981521 -0.0959862219792945
-0.000510873004628326 -0.0127618517255367 -0.175046795593722 0.158295762070222
-0.00636302359726843 -0.00275711908335537 0.0294040819265491 0.0952472397815526
-0.00579418027905357 0.0122896956671032 0.0965812922520361 -0.0629580637671366
-0.0215786841651566 -0.00529672473627199 -0.0856279218571498 0.0637825616158733
-0.00101457970161595 -0.00911041244697999 -0.0506163253079143 -0.0752808240477967
0.0140857758192837 0.00110822094402505 0.153365309089008 -0.152859829984984
0.0171342062628889 0.0284426677218338 0.303959716714125 0.0650671735261076
-0.0170915850293174 0.0266859679857336 0.132275528799586 0.435401533031043
-0.0450519031479606 0.000211309270419777 -0.314153167557379 0.361858984736193
-0.0359653378696131 -0.0121516197199278 -0.357512542569716 0.000498923712366164
-0.0363105654352731 -0.0228616403769778 -0.0342845968675812 0.0483399815269865
-0.0508485280214913 0.00742690029856947 0.365945474367634 0.0587711310200137
-0.0191798063686833 0.0321492720964708 0.376886873800403 -0.318367691294978
0.017089625519356 0.0311263967332281 -0.089749211180923 -0.44747669725059
0.0316344860595867 0.00363179274109266 -0.332699989956856 -0.080241234024019
0.000635360545980774 -0.0150413060284818 -0.160045102140649 0.161136100567431
-0.0138007599447563 -0.00988613745636509 0.0303634214085007 0.0882504724261837
-0.021564211652437 -0.000346822664434207 0.083760273587487 -0.0725182563346277
-0.0213720089025986 -0.00683192964148095 -0.0847403749795143 0.0658544821471709
-0.000321682323862639 -0.0122611404736332 -0.0557569659198156 -0.0716418576116375
0.0158247643351293 -0.00335039969473285 0.143046231635638 -0.154862215742084
0.0194982934016495 0.0251595955514302 0.300135503626604 0.0520561278377035
-0.0159566805017489 0.0285689799782386 0.146261973119077 0.426420285215821
-0.0476671212650067 0.00319855876456412 -0.301759225032456 0.373978142542327
-0.0394151154475154 -0.0115572240431283 -0.365208153914488 0.0112165850150433
-0.0386835876185784 -0.0241253257464573 -0.0473014714620537 0.0427124394902213
-0.0539579341969639 0.0051444878104376 0.355887969708413 0.0670793750447994
-0.0238820132390695 0.0325985942806475 0.387005021326862 -0.302771964719033
0.0155056362450565 0.0332576764324683 -0.0713338286108446 -0.455051301448332
0.0341871410736965 0.00371858193506268 -0.333768124622428 -0.0945929913905556
0.00356120747806005 -0.0186018331320083 -0.169153248461559 0.158554246697978
-0.0123157143580773 -0.013119544640923 0.025420766328266 0.0917381752850714
-0.0211191418468752 -0.00231436678517468 0.0841182103255539 -0.0711785692132008
-0.0199112706643747 -0.00676542204544874 -0.0831003344046174 0.0678200444491232
0.000911437522072041 -0.0137070823490435 -0.0593907607721299 -0.0681916594392623
0.0163701493898842 -0.00657162218440158 0.13416706713951 -0.15667035713041
0.0200216633213274 0.0227361567061778 0.297859679575788 0.0407306969162491
-0.0158283388649424 0.0271174514422211 0.158836937988829 0.419901420533504
-0.0474488837480459 0.00314392041808317 -0.292244611193232 0.385257049952432
-0.0380472696567895 -0.0116882322520408 -0.374585584226752 0.0187525477796234
-0.0354017577459929 -0.0236526191905813 -0.061190053143217 0.0370450102871916
-0.0522741747165738 0.00394751462106385 0.344797897709163 0.0730652753823717
-0.0256621522313317 0.029779923026885 0.393722117195789 -0.288709226940907
0.0135994287635613 0.0324325251319411 -0.0594291835931397 -0.458734307328833
0.0347260202360899 0.00330705289509979 -0.335938317463447 -0.106764764782278
0.00599592752102677 -0.0203286992121802 -0.177522698297543 0.155815694439143
-0.00993096680044977 -0.0147722921933302 0.0209424878958666 0.0947939390190868
-0.0195736500868686 -0.00227062792170953 0.0855290565340515 -0.0680508693578361
-0.0173224369365921 -0.00512470432594233 -0.0810542758716535 0.069663562288599
0.00248494804574931 -0.0138316102213025 -0.0619160143802002 -0.0660446222057998
0.0163565741150901 -0.00751115347095697 0.127633348606065 -0.156901081235591
0.0176551491087084 0.019817703862197 0.292583565870156 0.0350259890918216
-0.0168203279373081 0.0234771727127963 0.163363578207678 0.415014972101714
-0.0449194657078431 -0.00105966463205779 -0.286546181791098 0.390784524531325
-0.0298596591653945 -0.0117953875928884 -0.381118315685547 0.022322760851368
-0.0273026539889465 -0.022171398229882 -0.0726566864522712 0.0314944624858613
-0.0443008417032493 0.00262171034397261 0.334658333640582 0.0776291390976934
-0.0230113857073972 0.0251440058347481 0.396587771908307 -0.277691943757059
0.0111687583156411 0.0293254538796557 -0.0503298123995091 -0.461021851275592
0.0332440892121569 0.00207727814774203 -0.337508884221075 -0.115605174614303
0.00713114468571389 -0.0216418900920885 -0.184776447860208 0.153360630857955
-0.00810196579473292 -0.0155703022264816 0.0187232947236914 0.0976490706057728
-0.0170700072907274 -0.00149128510645787 0.0878462018729763 -0.0658360675669472
-0.0131570853416969 -0.00175328107931276 -0.0786399503870223 0.070917606673052
0.00433506875888841 -0.0122368363032403 -0.0617444839019158 -0.0648777556104833
0.0158974923762445 -0.00637917482980615 0.125464413402586 -0.157510047625353
0.0139650938428603 0.0184152548269251 0.2905402909262 0.0331653310831129
-0.0182964884369827 0.017808494411765 0.163248860305761 0.41329170730889
-0.0400572085761392 -0.00766524422135853 -0.288296520305819 0.394961969047595
-0.0192169495012009 -0.0126359161632932 -0.387753361417515 0.0227924470950144
-0.0151973301564326 -0.018356475854937 -0.0794135092329482 0.0278900558316783
-0.0329923756112185 0.00300634962138615 0.328359173963495 0.0770805220456612
-0.0168547986004115 0.019230862441866 0.394458724518073 -0.276150414219397
0.0103428308309652 0.0236201824552234 -0.0510601822946985 -0.462537326155247
0.0296453030468064 -0.000308617573773999 -0.339877324872105 -0.119232078643164
0.00656833447439586 -0.0213806818632948 -0.188291793796164 0.152979226957914
-0.00676455405121129 -0.0139924875469998 0.0179104508207248 0.0986633974387834
-0.0133997237176089 0.00113024552300677 0.0903152133230044 -0.064127923134172
-0.00975289632626971 0.00145861893445627 -0.0767081354657571 0.0719324649461905
0.00578559269919259 -0.00878845391870872 -0.0591636031585879 -0.0651925578296517
0.0148896664030186 -0.0035610347626545 0.127204375738681 -0.15700187150848
0.00929733495326038 0.0177214744886305 0.289411330922493 0.0363089190223201
-0.0196750052171461 0.0110381378035819 0.156058248797637 0.41541927562076
-0.0332822005104375 -0.0159084267810715 -0.297723692723121 0.393443804350259
-0.00592178311269573 -0.0132970214599117 -0.391277244682723 0.0172896545857871
-0.00141025934864106 -0.0139131140239344 -0.0811276859065062 0.0261415600811061
-0.0198359472254764 0.00370873868443626 0.326604332041306 0.0739708606747296
-0.00951988015119132 0.012607479750073 0.387447326283529 -0.281451167336233
0.00930116294093784 0.0159073658826015 -0.0582316248270268 -0.461840096817293
0.0250047783807897 -0.00175235701790326 -0.343265981440949 -0.116179078239255
0.00510589226933879 -0.0197262387065909 -0.187603921986235 0.154160553396863
-0.00636707883151836 -0.0112771569279689 0.0199146320786379 0.0996420960385082
-0.0103985841473083 0.00501463072190001 0.0930973267489796 -0.0629030787058663
-0.00597153861217603 0.00574377435742743 -0.0750153814609516 0.0713371853628011
0.00706930186229661 -0.00520542351445484 -0.0559170516593022 -0.0668336432467492
0.013455198113834 0.00126771136852662 0.133245299567397 -0.157154392635895
0.0039947564710999 0.0171434376750851 0.289793362312396 0.0428835195760732
-0.0219527307370827 0.00367616483374496 0.143248193298774 0.422880689589528
-0.0248256613357488 -0.0257271985411772 -0.310620773245667 0.386393701946288
0.00923958507817151 -0.0134658327324729 -0.391638756660733 0.00847259842327573
0.0126654721326827 -0.00919909949381589 -0.0771426827428879 0.0260943571168476
-0.00511374513943364 0.00489129802540981 0.329835237299702 0.0675745878879607
-0.000139387335545169 0.0055063723077537 0.379557416893332 -0.289692980161676
0.00925756249978037 0.00855487375682292 -0.0727491958302097 -0.459415347863988
0.0202721169723203 -0.00264800194299263 -0.34614817374533 -0.108877960652497
0.00222429831870256 -0.0161950668975931 -0.183750859308518 0.157057643450306
-0.00611635334735432 -0.00665201622459046 0.024470315079874 0.0981770487769113
-0.00757489618696958 0.0093879804864511 0.0957541495572285 -0.0631484240609057
-0.00359136970474583 0.00904060239384946 -0.0747398447123029 0.0708903900968134
0.00748943320586615 -0.0014927960391275 -0.0506919002602005 -0.0700157729559105
0.0107500108517358 0.00617550181747789 0.142116176073577 -0.154265522781647
-0.0016419383513826 0.0178966696340483 0.290940422381276 0.0549459945380913
-0.022678692595803 -0.00233199279502016 0.126300321713874 0.430503726411073
-0.0169004500594711 -0.0326758367044754 -0.32593066788952 0.375476183253637
0.0214336161471054 -0.0130832787669062 -0.387269227496767 -0.0028690819665054
0.0232587700246817 -0.00549525594565996 -0.0673917087415677 0.0288940106121569
0.00582662960666428 0.0050986776935487 0.336039012494472 0.0591017634120076
0.00704937796627025 1.31525974886408E-05 0.366066898965238 -0.305979350456986
0.0092536450159355 0.00204059529476238 -0.092283596190669 -0.454290518580483
0.0154278351643239 -0.00330037105483497 -0.347480363464302 -0.0947113848098382
-0.000803007922375701 -0.0130159337290468 -0.175369759775846 0.160882432580204
-0.00655636692586321 -0.00285057925032312 0.029595249292022 0.0963172388342997
-0.00563182167440925 0.0127038078464833 0.0973627352512559 -0.0634391533148342
-0.0207605350373754 -0.00163960387740937 -0.0830696260809781 0.0658023518097121
-0.00368071898174087 -0.00901350740924926 -0.0537846579466809 -0.0732006001275026
0.0130491186024188 -0.00277141396599997 0.144617421978915 -0.160703311540075
0.0252707324456637 0.0243719178859614 0.305347559843227 0.048535107265179
-0.00799187956506294 0.0318966513031993 0.157837984249162 0.42725118041466
-0.0431254557870725 0.0112439259495403 -0.296154273259752 0.375891215402119
-0.039251648575651 -0.00762043645373263 -0.355926577144561 0.0226966480899813
-0.0369056860493853 -0.0201266543032678 -0.0310154354009659 0.0497643371268611
-0.049479883469925 0.0120572826850937 0.378321426864211 0.0379430188351879
-0.0164195348933376 0.0378192016708989 0.370703083259919 -0.349773538213356
0.0255032469113016 0.0291837796660847 -0.119453669156999 -0.455925402753513
0.0362663935798883 -0.00418981701133284 -0.349761445814116 -0.0619947222134211
-0.00231305251368301 -0.0185879445196882 -0.156083713159984 0.176818157375389
-0.016949057824675 -0.00921265221756258 0.0363594654588127 0.0914173741360975
-0.0213623025020952 0.00236342526144025 0.0839739104424368 -0.0772227690052459
-0.0209622809347332 -0.00291960251517844 -0.0816577851069561 0.0676065765511779
-0.00343399849437367 -0.0118447188172758 -0.05875978935354 -0.0688911941145126
0.0142477236341481 -0.00725952305936384 0.134813039519464 -0.162203669540157
0.0270477566149799 0.0209315914528162 0.301576827291603 0.0371400910593803
-0.00685946706162526 0.0334930748146719 0.172098821963375 0.418248521322901
-0.0454137993751764 0.0141080418610656 -0.281728140812499 0.387405408433629
-0.042861131047482 -0.00686336938885738 -0.362566209050865 0.0326763594045325
-0.0398846673977386 -0.0213825517647555 -0.0450557049267051 0.0453041242694173
-0.0531801405490646 0.00992568124685471 0.368371195672471 0.047182787840692
-0.0209278457890159 0.0386736453356967 0.381985024943987 -0.335326824761176
0.0239736656947418 0.0322764267032484 -0.102343188324944 -0.464134545179262
0.0386017794353953 -0.00486681357623687 -0.352548638796906 -0.0762780316774451
0.000744368826239566 -0.0220478586965949 -0.165622245558788 0.174516675347691
-0.0153537379654268 -0.0123526940980925 0.0315732624876345 0.0947518188455721
-0.0207817026383027 0.000598321186572045 0.0842822652901197 -0.0753135001624161
-0.0190769388997824 -0.0029190285736087 -0.0799940762439245 0.0696629699008356
-0.0022216093425331 -0.0132309843795982 -0.0620848663963479 -0.0653793898407064
0.0147987531682315 -0.0105337392267083 0.126097557590682 -0.162975517130664
0.0268555815169041 0.0183612379581966 0.297249516590782 0.0262811041246858
-0.00643770761466144 0.0315183104318106 0.182644447136365 0.41029419081087
-0.0450525465818159 0.0141851673364788 -0.27036610027225 0.398621297254184
-0.0410012473910365 -0.00666724027178847 -0.370985187284374 0.0409192045288962
-0.0366618957064297 -0.0213376429529369 -0.0585672428522566 0.0403750323326628
-0.051070351778529 0.00857223827088738 0.357398981127964 0.0545545761652991
-0.0222685254473681 0.0366843057749766 0.391161336611177 -0.32008358670852
0.0217917334329378 0.0323059670424444 -0.0882827990770705 -0.469273978484015
0.0393637281471931 -0.00531541720358178 -0.355900782527621 -0.0896666381687046
0.00299514565393326 -0.0246646632207954 -0.1748013125059 0.171555578565457
-0.0136541620534988 -0.0147388160977487 0.0271633515741524 0.0981256142025683
-0.0195399483647317 0.00022498635204981 0.0859657889876604 -0.0720867135650311
-0.0165421984852363 -0.00115170895412258 -0.0786134079694664 0.071029587816876
-0.000395063991630195 -0.0134017417276753 -0.0641705970250861 -0.0631485796759386
0.0146015730373124 -0.0116937941423648 0.119784000474116 -0.163327064337313
0.024190596332169 0.0153781825337565 0.293258722664129 0.0207795639090026
-0.00760229088470269 0.0280996481122338 0.187987424279752 0.405729864499013
-0.0426973828666208 0.0095317617911282 -0.266120722727731 0.405127649016132
-0.0338899469468035 -0.00785091577596534 -0.37910935720855 0.045992319636098
-0.0278400371009987 -0.0198673038422728 -0.0706139858100204 0.0358671920497604
-0.0435072619951349 0.00703088687951005 0.346591097854817 0.0586416391857582
-0.0205611589936715 0.0313917332624378 0.392641750933982 -0.310734660857535
0.0192442366051781 0.029190492702464 -0.0792975902214431 -0.471880954879577
0.0376923747993955 -0.00654632810343616 -0.357174382525589 -0.0982261823361796
0.00411067683530248 -0.0260066760068038 -0.181796052374899 0.170549383112972
-0.0112356136034798 -0.0152389656167567 0.0246026185938699 0.101095764396019
-0.0163426208162962 0.00123523368927698 0.0885176486444421 -0.0703332802630996
-0.0128195310153015 0.00125529037160767 -0.0765662129922775 0.0731542615514149
0.00131123799391269 -0.0120534586492883 -0.0638772796509934 -0.0616371420347636
0.014166426272753 -0.0107317417061935 0.117307758402518 -0.16354681639884
0.020367576896417 0.0139042902405167 0.290614344581623 0.0184938082741182
-0.00970103599580384 0.0226358552484029 0.187229061547698 0.405771616334561
-0.0374783940806613 0.00310173350797287 -0.265740525322654 0.40821733170012
-0.0227475190434211 -0.0091927871659933 -0.385229632852333 0.0470728380790912
-0.0163854030195505 -0.0166831096785215 -0.077744609628011 0.032704562079959
-0.0326426407472665 0.00615551370561846 0.34022708994202 0.0589433749832785
-0.0151017797220083 0.0252542509960027 0.391987418841567 -0.308456229757679
0.0182234615872106 0.0236179953599235 -0.0804459378000849 -0.473616667090638
0.03424070632992 -0.00728657257104187 -0.360356840687994 -0.10232195673593
0.00354486661175961 -0.0258766373836309 -0.185196007284075 0.170307738669648
-0.00994961099033152 -0.0139102319343406 0.0242285625347391 0.102652081103177
-0.0133416534873364 0.00421656048709983 0.0912501858146488 -0.0685175251127645
-0.00844944656405066 0.00399869082747378 -0.0744009911809256 0.0739157303208199
0.00345646915677342 -0.0091580435991641 -0.0619727705332977 -0.0618325876690944
0.0135124232775059 -0.0075687805426668 0.118918883413333 -0.163587182303517
0.0156964730839314 0.0141172203682821 0.290457716416919 0.0206204966453422
-0.0120021957134395 0.0164630320569451 0.183638727173097 0.406761167340244
-0.0318299565076203 -0.00581334479662699 -0.274168680739868 0.407491446122059
-0.00887351041219957 -0.011212705120979 -0.390485030980315 0.0425997778183564
-0.00271817228076447 -0.013356646147377 -0.0794353439440342 0.0311003690021301
-0.0191643418994711 0.00596811438025032 0.338616543766713 0.0559011469244042
-0.00778588708269051 0.01742578387173 0.385293733602839 -0.311769593989074
0.0166078704464265 0.0160705739083131 -0.0879229267467117 -0.472026442842994
0.0297265529265581 -0.00916543738561135 -0.363613109875857 -0.0988908887476126
0.00195833664758181 -0.0240158841192382 -0.184728007222957 0.171494896395804
-0.00912561257100096 -0.0109671139452355 0.0266177211858712 0.10261270956136
-0.00976587634372956 0.00746378046769101 0.093556322706958 -0.0678592179034278
-0.00424807106727874 0.00797692168411083 -0.0733105737299502 0.074198825901773
0.00524442336132496 -0.00558989679419188 -0.0589544216638034 -0.0637645403635606
0.0125464694500529 -0.00289660085204547 0.124443140322112 -0.163065668449013
0.0100733412378629 0.0144236308122238 0.290911437625716 0.0279854310425185
-0.0136299154547319 0.0092671236199689 0.169948140069692 0.413369940700242
-0.0243128167852914 -0.0158349006725869 -0.287864797758357 0.402777750366554
0.00573232230663607 -0.0126380558065723 -0.391082224567833 0.0341104027533295
0.0121148364518467 -0.00960368232944774 -0.0752752716690128 0.031555147673002
-0.00455483044769335 0.00569586003555951 0.340609930164594 0.0493818879537396
0.000745729341316606 0.00963223721054703 0.374204246051903 -0.320832822173756
0.0155173721342908 0.00827569727436667 -0.102508607492674 -0.46938451031022
0.0243844767596194 -0.00970392583205301 -0.365604131781697 -0.0909880836598074
-0.000320242375894903 -0.0203335282436127 -0.180574704988698 0.173678818952293
-0.00906105193583303 -0.00666621608154024 0.0308282010049144 0.101870309230906
-0.00650976739175098 0.0118315555646224 0.0965661950115437 -0.0681216458278967
-0.00161164908150235 0.0109274367730492 -0.0732963023587636 0.0735289496144232
0.00567935222220364 -0.0021001584839449 -0.0539948741943898 -0.0672806092645331
0.0108288296055452 0.00168303661119138 0.133034891946525 -0.161671981179703
0.00531179611229497 0.0157762567493457 0.293475983328922 0.03900560052456
-0.0157033112684921 0.00366899250656549 0.153475423025435 0.422602365190517
-0.0169624355598178 -0.0231995963831051 -0.304549525491131 0.392999300103024
0.0171142767380647 -0.013456052977103 -0.388425225981574 0.023400858916797
0.0226732960542573 -0.00625853975298849 -0.0653305204108815 0.0341095374117304
0.00608532187230236 0.00491834762912276 0.346986644449288 0.0401741313564297
0.00788491461791643 0.00363162307534323 0.36129959000302 -0.336409307636217
0.0152966434195682 0.00205755256813187 -0.121210179936538 -0.4614952154155
0.0197916720192568 -0.0099993114186552 -0.365849002116719 -0.0771290771864917
-0.0030204330114664 -0.0163484154549821 -0.171680391610182 0.177075564636054
-0.00884641720120839 -0.00237663753661612 0.03633083578571 0.0986893869287965
-0.00466887337512007 0.0155450444943775 0.0987367120686157 -0.0691224442774548
-0.0205446758300151 -0.00067640007963334 -0.083829757191146 0.0663668468606119
-0.00417690088938662 -0.00913592856393806 -0.0546857178474499 -0.0729860789701686
0.0131243878740318 -0.00323694000349091 0.145318085145337 -0.163436379386219
0.0256525812147626 0.0233132006904726 0.309048337909387 0.0475833393324102
-0.0082884816555897 0.0326161547493396 0.163274904778008 0.429970497159381
-0.0434117658131083 0.0113799392671321 -0.294319277177965 0.381216477056253
-0.0394717681906832 -0.00788147506494569 -0.358691259234169 0.0251819418459805
-0.037643933754207 -0.0204561909412601 -0.0307324393992427 0.0499504766804016
-0.0497142684686787 0.0125799818162407 0.381116793119388 0.0352085800700606
-0.0158371874229991 0.0384754857009839 0.371009940423345 -0.35663381720868
0.0258129938978798 0.0295933900986611 -0.124077745076434 -0.46014100574587
0.0367880351448626 -0.00521615882805766 -0.353864675154958 -0.0599963253018064
-0.00185433482927296 -0.0185484192099355 -0.156319226141714 0.179396266125377
-0.0169226267644798 -0.00896365695985605 0.0377296052591238 0.0921302486419533
-0.0213655114730614 0.0032932039599253 0.0848594428979431 -0.0781170346933351
-0.0208615317381625 -0.00203583834613146 -0.0824958907739349 0.0683782721271787
-0.00361657793314564 -0.0120963812137371 -0.0594904678632169 -0.0693607540499829
0.0143483441520635 -0.00758541800786209 0.135074864692632 -0.165011519167925
0.0276216162630547 0.020857847948955 0.304575566840584 0.0350294746871254
-0.00674473297834606 0.0340393001419551 0.17741126481777 0.419729318735184
-0.0456511327875416 0.014781338242433 -0.280939440618462 0.392759016818449
-0.0432996784091114 -0.00650781903591775 -0.365803058541271 0.0355768439863423
-0.0402112433767481 -0.0214093888296725 -0.0448058858357176 0.0460559705185375
-0.053161961565069 0.0104375044417129 0.370972859480608 0.0452198413390283
-0.0210577371237005 0.0393791754343582 0.38378811468177 -0.341092282305491
0.0242104126957703 0.0327173212686963 -0.106284460242799 -0.466697150478085
0.0394100297905831 -0.00518348207776617 -0.356511770109996 -0.073999979950613
0.0012195060386038 -0.0225520959051641 -0.165659098115759 0.177332489982398
-0.0153231638417498 -0.0124793085407784 0.0326293113676879 0.0956592961927541
-0.021306537342617 0.00125430498343535 0.0849299609311427 -0.076446288898833
-0.0191511906565848 -0.0020186290720912 -0.0803206493362146 0.0702424295695507
-0.00268662288608948 -0.0136259717619811 -0.0631667155016156 -0.065725327321718
0.0148987412352726 -0.0107932309750784 0.126193927799088 -0.165781690091686
0.0277618973590132 0.0178564177988593 0.300901420597567 0.0242191230281759
-0.00698941934471206 0.0324466605702626 0.189188565559965 0.413133517313897
-0.0453534960209775 0.0147056012755009 -0.270645512400037 0.403777066889927
-0.0412547101096296 -0.00688834375725208 -0.373890784704669 0.0440345940017464
-0.0368834319872941 -0.021269891710826 -0.0585134759323894 0.0409570993274623
-0.0512095448417376 0.00875664269020717 0.360210190093079 0.0520362062571793
-0.0227446616539536 0.0366810835231658 0.391081392364639 -0.325754143030226
0.0223045253364509 0.0326708952543488 -0.0932711901709355 -0.473382978393733
0.039758287619098 -0.00572051253342582 -0.359793281142151 -0.0865773545128261
0.00299057594253236 -0.0249186686852117 -0.175016159125132 0.17515696488911
-0.0138527418381075 -0.0147272741053211 0.0280433078526015 0.0995366315703731
-0.0194323112327466 0.000759831399595805 0.0859043551301773 -0.0735174124100385
-0.0162263150816657 -0.00094208907405273 -0.0789011425316215 0.0721547053407882
-0.000955343567222765 -0.0132273598112839 -0.0647904235532281 -0.0628112121674001
0.0144697838400732 -0.0120617254950183 0.120315609119702 -0.165612858834004
0.0250515562860171 0.014926657435117 0.29665992119797 0.0187044161300193
-0.00796230875028593 0.0282372121831043 0.193425806829284 0.407064803304072
-0.042731096254971 0.010368198966605 -0.264688256199419 0.410005873459259
-0.0341958586066864 -0.00720102875499462 -0.38139084896911 0.0497078369655997
-0.0284347987416498 -0.0197633119943661 -0.0704525662665962 0.0363130795155227
-0.043709975144571 0.00747998444082296 0.349924347948902 0.0569135694755577
-0.0207303295648889 0.0322726492773167 0.39560759664135 -0.315484631672212
0.0201375356608166 0.0294201339504987 -0.0833647991039781 -0.475746112764423
0.0384718873616164 -0.00675102422365377 -0.36183201440362 -0.0962917679791719
0.00437715216868324 -0.0259725545826612 -0.181997542509232 0.172929815937159
-0.0117120133524751 -0.0153104239455032 0.0254623500461424 0.102477133463493
-0.0164803444230099 0.00233709214073992 0.0889738982442171 -0.0714701620555218
-0.0127485024368657 0.00151942887368766 -0.0764555419232036 0.0736788988843122
0.000669035798979307 -0.0122911676443782 -0.0650009744601371 -0.0616423254879649
0.0142852910368162 -0.0108855799561239 0.117823314808945 -0.165891264012579
0.020877335221202 0.0138495301688823 0.294257172098953 0.0164933366150173
-0.00970654712727686 0.0226504847352238 0.192212135385782 0.405666891373433
-0.0380533491958829 0.00328784090063407 -0.266098234639848 0.41307701549823
-0.0228255878349618 -0.00962523683137589 -0.388534299759849 0.0495646178373597
-0.0166564449362653 -0.0170976862136259 -0.0779397709306756 0.033328513534697
-0.0322795033823267 0.00613015556049338 0.343385949206907 0.0566043435679765
-0.0149996538246463 0.0250201406891665 0.393455767815933 -0.312609193682897
0.0182825505427693 0.0236957943061811 -0.0841344791961062 -0.478521840874662
0.0353418995178314 -0.0080113964348562 -0.364290357294285 -0.0995882586174024
0.00382249604295011 -0.025489175120461 -0.185759901709307 0.173642428379913
-0.0104305615717418 -0.0139080476432859 0.025328790559502 0.104118503812278
-0.0129244170438182 0.0046929250460645 0.0915647936801073 -0.0699777877247204
-0.00870982567105874 0.00493968938964437 -0.0747632282377179 0.0747265125282234
0.00292325892226202 -0.00982523177603763 -0.0630291422870637 -0.0617223603708968
0.0136361546003645 -0.00779576227527408 0.119662561600922 -0.166478813980987
0.0162477428958636 0.0137767382792606 0.293698221097879 0.0193177985545905
-0.012184015126789 0.0166750764575096 0.18735458825672 0.407586010485871
-0.0323404820384218 -0.0057280557999188 -0.273913149081434 0.412900353458279
-0.00928596630866299 -0.0118681977588764 -0.393759401150781 0.0455854476765517
-0.00275752635124011 -0.0138888971404154 -0.0795955081026404 0.0318899648921782
-0.018820856277767 0.00556070733320667 0.341147285046547 0.0538945468780635
-0.00775006636041886 0.0179523196576877 0.386520495471562 -0.317102806998916
0.0167420896949827 0.0160006700804924 -0.0924397039817051 -0.476234715568193
0.0306299078552953 -0.00945059730728317 -0.368151900346279 -0.0966869529498323
0.0018428769515261 -0.0242515291059565 -0.184992904318654 0.175286678601793
-0.00939805909314374 -0.0108398475923 0.0277652671517889 0.103744856144395
-0.01018565055972 0.00796872304315423 0.0941397746758618 -0.0688971013964607
-0.00402542795767139 0.00810752530145587 -0.0738845765910222 0.0748365778370447
0.00447788713755951 -0.00566903170555183 -0.0596298519387666 -0.0637540183000233
0.0127162157611426 -0.00285966211952894 0.124663909609455 -0.165804470748863
0.0106976383293194 0.0143093409055464 0.294200743911594 0.0260110611124491
-0.0144767777812821 0.00950896445740559 0.176849376660292 0.416591720896618
-0.0246369386190117 -0.0155228512661919 -0.288343029702295 0.408860057497937
0.00550105883851318 -0.0131123876362912 -0.394866061980195 0.0376144176165295
0.0118639351422803 -0.00978162890376582 -0.0757584653445707 0.0321423058470707
-0.00413337716415509 0.00561822119690065 0.344214698412568 0.0476442402786114
0.00107430234832387 0.00928627858335735 0.376011068952764 -0.326477302989391
0.0156212217369242 0.00811537526311206 -0.106134950561204 -0.472165951429364
0.0246942075064196 -0.010177022633577 -0.369671026457102 -0.0884763566950089
-0.00049511405002708 -0.0206299971293707 -0.180924844369062 0.177248358071376
-0.00935360557508998 -0.00658612454659518 0.0316766596730557 0.102764850838307
-0.00648010292067302 0.0123144925871966 0.0969167890276523 -0.0691358008597709
-0.00137388892979028 0.0117646062959879 -0.0734870091969581 0.0747470355166988
0.00526072707802341 -0.00201064446767689 -0.0548576067761793 -0.0672103081048465
0.0108623425652366 0.0020123874655781 0.133626932094832 -0.164695090507094
0.00545546108920711 0.0153897383541548 0.297032490508444 0.0380422682064275
-0.0159536309986824 0.00367947027453062 0.159035568697235 0.425070729951473
-0.017553480899542 -0.0234852774446174 -0.304068973844242 0.397467276223111
0.0174279741413851 -0.0138536685516156 -0.391989990580256 0.0261482461984578
0.0227335697524343 -0.0065633376245669 -0.065628565679488 0.0342330066199406
0.00615306094459711 0.00490621076214135 0.350670178409722 0.0389287379275681
0.00807957377826031 0.00357790534864309 0.362400554771279 -0.341730457031485
0.0153696642824719 0.00181642911651441 -0.126168729674112 -0.464804322628024
0.0201335909358344 -0.0102261688171666 -0.369311594692315 -0.0748338614626818
-0.00315219047236525 -0.0164662976391069 -0.171651619711181 0.18029741010889
-0.00966082835411766 -0.00177925605661397 0.0377891991007336 0.0999166865203415
-0.00453084413526955 0.0160870107702986 0.0989019816871362 -0.0702515122073154
-0.0202449291887621 -0.000843518844619426 -0.0842833157862918 0.0675736655653231
-0.00461102320702191 -0.00934070625512815 -0.0560048736748039 -0.0734101488317075
0.0132427286231386 -0.00360937986619705 0.145056714106687 -0.16706948798746
0.0268999180741657 0.0234280061540598 0.312533269761135 0.0446010824874597
-0.00797850492000834 0.0328546106486419 0.16993883887877 0.431381907240261
-0.043488375263276 0.0118768862253451 -0.294111656137008 0.386479237051586
-0.0398198922180127 -0.00741710900128357 -0.361192457214744 0.028077546772488
-0.0377531003519124 -0.0202243141349633 -0.0300937646256039 0.0507716903666428
-0.0499445119471814 0.0128216867328536 0.384763357044578 0.0320277794340617
-0.0161650947915722 0.0384732454794245 0.372576328546288 -0.36070440557114
0.0262170027089584 0.0295929315138065 -0.128842652037175 -0.461802819394191
0.0371589731559654 -0.00572558027813267 -0.358142599098739 -0.0562919285072659
-0.00184620607745983 -0.0183814153455269 -0.155859412073986 0.183149529897025
-0.0176321310491739 -0.00827292742132939 0.0389259348532729 0.0929358115405654
-0.0214504839915435 0.00367352430233525 0.0847727219661644 -0.0794592658030109
-0.0205576427914148 -0.0020427826295012 -0.082887685132281 0.0694486201339812
-0.004571380673405 -0.0117007093468782 -0.060263566666652 -0.0690055552037622
0.0143955034413968 -0.00758740716791988 0.135359615412413 -0.167982588843594
0.0283763403597442 0.0204317532884868 0.308249320137829 0.0326268794141636
-0.00708650518108457 0.0341101443014472 0.183298246979931 0.42213051904393
-0.0461000088844288 0.0155051313213818 -0.279917904074778 0.398656304224422
-0.043206436685712 -0.00700782108843902 -0.368983111071584 0.0384629771422024
-0.0405197791835733 -0.0213648560143557 -0.0448499207324671 0.0462061983553532
-0.0536837807792743 0.0110652640368549 0.374457606815878 0.0417825305696345
-0.0203215539600474 0.0394341476691423 0.383842640856596 -0.345860731183781
0.024918420123732 0.0327796738199335 -0.110850272027241 -0.469822824112314
0.0397811882927417 -0.00615738586190406 -0.360670130560386 -0.0715910486898786
0.00109566272225767 -0.0222438311105954 -0.165547353801498 0.180337166940874
-0.0163659096657194 -0.0121681112517371 0.0342270515610711 0.0965787591247156
-0.0210904785735929 0.00187799317453975 0.0852558270017712 -0.0777457811909024
-0.019190235390244 -0.001916690313013 -0.0808278396891882 0.0709498803319701
-0.00297957061583742 -0.0138431262851665 -0.0639839844562041 -0.0654160497280591
0.0147854464637587 -0.0107470894015936 0.126772373728558 -0.169216659219782
0.028322049668538 0.0170372669382252 0.3042910785106 0.0219628443257325
-0.00684842784714398 0.0324912793591806 0.194252888089967 0.414589395645372
-0.0456157881681443 0.0152971179325075 -0.268293826962992 0.409452474112399
-0.0413932358212933 -0.00638891744796954 -0.377207703560174 0.0482179152034398
-0.0374386848910699 -0.0213725776013908 -0.05880011066717 0.0419690024939562
-0.0514881688505955 0.00941462686436272 0.363777431100676 0.0495782088447687
-0.0225864187010567 0.0371641739952976 0.392081698975574 -0.331119290366661
0.0228984827242479 0.0326104978274076 -0.0991200881655907 -0.476984384730068
0.0406904563775195 -0.00691708524546162 -0.364312804840272 -0.0843408536695254
0.00313838693268267 -0.0252408044879622 -0.175392048409688 0.179124128946508
-0.0139796840607588 -0.0141906877967007 0.0294214968495371 0.0999101715565999
-0.0193918011693938 0.00125696281695937 0.0869179757150975 -0.0746187434837049
-0.0159953891390153 -0.000257211108069031 -0.0790525534820767 0.0728158223346064
-0.00135857691309575 -0.013546752028523 -0.0660614554160306 -0.0630974493459329
0.0150147522108357 -0.011940190535573 0.120134145580179 -0.168987219127234
0.0255062950534406 0.0151940971763342 0.299860189414777 0.0156486500194941
-0.00754051971752323 0.0285464044787415 0.199387570307097 0.408152034798025
-0.0431744975812134 0.0111662611512 -0.262987715740605 0.415191965243635
-0.03429664093937 -0.00765113871761348 -0.384497626153857 0.0524788582420717
-0.0287729967766358 -0.0194250030738306 -0.0707362445950596 0.0371169702070661
-0.0438148933682606 0.0077517673702026 0.353114760203939 0.0543520528510857
-0.0203785666846664 0.0317818014291492 0.396393304672041 -0.321691518064944
0.020472633265677 0.0290213935550606 -0.0896782098613563 -0.478753875351635
0.0388160220310412 -0.00772487121747138 -0.366737137054147 -0.0934204569582985
0.00400938126132524 -0.0263709893640555 -0.18209935024865 0.177183230532662
-0.0120710052508342 -0.0152467038440028 0.0270914360653535 0.103558396759993
-0.0164049309101194 0.00266745542040413 0.0894737424247801 -0.0726024718378632
-0.0121689799179648 0.00181775228275268 -0.0772119616711978 0.0743907795779647
0.00091357221756273 -0.0123392593791888 -0.0659652545788795 -0.0617315203930644
0.0146270135486367 -0.0110361568464167 0.117284939411291 -0.169461921431259
0.0215009893637548 0.0136325261202185 0.297566135499088 0.0140415982901097
-0.00995268906863656 0.0234123995781546 0.199166686481282 0.406681350204715
-0.0384471204528983 0.00337840076692855 -0.26488843611895 0.41948578841277
-0.0230777638669583 -0.00933980120886431 -0.391820832631227 0.0534480495106988
-0.0164488892511596 -0.0176044860086756 -0.0781673000266983 0.0340259634410071
-0.0323908719146886 0.00679642977113369 0.346561219909315 0.0542767596934934
-0.0148782147062295 0.0253309835606265 0.394419468517347 -0.319959441833996
0.0188326607078456 0.0234348852307908 -0.0898852458848937 -0.480582095687649
0.0357259970415044 -0.00830534428466317 -0.369005428908565 -0.0974451337216682
0.00385804735441728 -0.0259719135659916 -0.185768982218866 0.177612917569842
-0.0109646420461852 -0.0137800679860385 0.0268947477747236 0.104995369476333
-0.0129773533274631 0.00529471349287604 0.0917506922120144 -0.0711682740221563
-0.00812069476662067 0.00510384739863553 -0.0750271239684668 0.0755638994513286
0.00259946346907935 -0.00990924158989034 -0.0639033238970689 -0.0613497899729709
0.0139265567558772 -0.0078876147868624 0.118893735847784 -0.16905000036184
0.0168844699465312 0.0137325188723319 0.296782757783166 0.0168642192210672
-0.0122813111242865 0.0164699307540228 0.193277021840337 0.409247658535685
-0.0324545077153496 -0.00511864438131028 -0.273173289379716 0.418156457471453
-0.00945578316975823 -0.0118856699323806 -0.396078791514744 0.0499774282687442
-0.00275589192808136 -0.0137496559517668 -0.0798253931108945 0.0327391250984157
-0.0188969904085739 0.00609540190235263 0.344846252696623 0.0507989294593594
-0.00798029806545232 0.0177631048413694 0.385768133261268 -0.323149395700375
0.0174646625577129 0.0160767561269452 -0.0982097832956763 -0.478373356809148
0.0304481783445482 -0.0100721834872061 -0.371889798803812 -0.0934637976351118
0.00251947247260527 -0.0242250905885401 -0.185135797176595 0.179052936475789
-0.0101230445645021 -0.0107451214188146 0.0287104996738719 0.104680422856998
-0.00951509000905822 0.0085044887634066 0.0948393248982399 -0.070672681776068
-0.00371439510735217 0.00874666750365018 -0.0739648737038727 0.0756094322004555
0.00435342907525724 -0.00622536106913609 -0.0612508423384109 -0.0635508887499794
0.0125171880458769 -0.00309552521879522 0.124451102372873 -0.16906796878031
0.0110700388993317 0.0147011939394397 0.298177174510722 0.0233474322378663
-0.0143061519231387 0.010068170578012 0.182174930054052 0.417299846913563
-0.024715414994037 -0.014934558430513 -0.286475563947397 0.413365789668982
0.00609182044533303 -0.0134212666995562 -0.396861528548025 0.0401871612803192
0.0118368774805547 -0.0100484987712463 -0.0755786740664166 0.0329267299540532
-0.00434332379573299 0.00579235730077373 0.346923660394669 0.0442387572569279
0.00108850713596287 0.00982437002706664 0.376233361178049 -0.332799475326286
0.015864084983591 0.00811978032107831 -0.111278151532438 -0.475305312268628
0.0250354626838378 -0.011038083741617 -0.37439239744087 -0.0850632371314197
-0.000486866214201671 -0.0205302685028477 -0.180661929039719 0.18115617286929
-0.00963634482407412 -0.00592967764468571 0.0331950614949958 0.103690567773223
-0.00642985948598605 0.0126867649343716 0.0974635714687101 -0.0703411903651657
-0.00099672442298569 0.011681646140344 -0.0739810691538531 0.0753144826229419
0.0052152067439564 -0.00241196575179629 -0.0561265002043805 -0.0673056440794375
0.0106221850217691 0.00177323911256107 0.133118831170907 -0.167406400728982
0.00626730914071696 0.0155332757658042 0.300338679319723 0.0351404543502221
-0.0164665860186837 0.00404270645437649 0.164984205244239 0.427655250828019
-0.0182780557760219 -0.0232113684926025 -0.303678969044555 0.404377875930982
0.0179274048410779 -0.0142537717506042 -0.395706489220778 0.0290490115299626
0.0226312215737546 -0.00673068733426193 -0.0653253172826933 0.0352437257202502
0.00645736100440912 0.00512886847509099 0.354078920098497 0.0348370206071677
0.00811050441776697 0.00330544393362983 0.361870146331842 -0.346962978609605
0.0155718269291282 0.00186051095984192 -0.131105611377564 -0.468188749885478
0.0201574241950343 -0.0108947573290363 -0.374123514295688 -0.0710131236554325
-0.00290481375473196 -0.0169507809607983 -0.172180964919855 0.184510117840837
-0.00934937250830127 -0.00166320991521768 0.0396083577547334 0.100354406996365
-0.00425936123282459 0.0159027124881112 0.0994885503476868 -0.0711777030177019
-0.0201341236054372 -2.85698108918953E-05 -0.0843893067709345 0.0687892961977439
-0.00461329196566589 -0.00929610368245241 -0.0572425425193396 -0.0735233711843384
0.0136211752803218 -0.00317753886363232 0.144684770494327 -0.170493640390831
0.0274575686590244 0.0231106485056343 0.316548354196689 0.0413953338374554
-0.00810917625623417 0.0330065906223278 0.17671525920881 0.432953810488918
-0.0437732516367279 0.0129155573312334 -0.290807137058553 0.393193217553826
-0.0399991443070413 -0.00748800346745096 -0.363838061520833 0.0323765379823977
-0.0384126014416193 -0.0199268846393528 -0.0297066486674109 0.0512561797318177
-0.050212839891623 0.013465472484257 0.387599346304972 0.0288978961728664
-0.0159737219626728 0.0388798716920149 0.37215047739156 -0.367461645144523
0.0266599489070677 0.029525272132114 -0.135363680550755 -0.464136672589969
0.0373875837968443 -0.00653138685774957 -0.36206662081106 -0.0523079092489543
-0.00200279850256194 -0.0189736011560155 -0.155116695531849 0.186810484965846
-0.0173586108801391 -0.00782585963124329 0.0404216738181576 0.0934229772274256
-0.020963525676847 0.00428862464699036 0.0847372049366603 -0.0804452473571495
-0.0201151015691976 -0.00138563312851251 -0.0830863249341862 0.0707443731086113
-0.00447905911936459 -0.0123562587003214 -0.0616198652938953 -0.0691164045483517
0.0148153518068936 -0.00813152610051873 0.134362590796295 -0.171334275422665
0.029681218119357 0.0203435580494958 0.312588676039008 0.0287100731908174
-0.00679510159764753 0.0344552760849577 0.190584225795203 0.422854686580319
-0.0465729734566952 0.0160115257678637 -0.277216305169497 0.403894177068301
-0.0438359267068696 -0.00634306612210056 -0.370776745374017 0.0430576189298534
-0.0410361015324888 -0.0215566582898896 -0.0440693856402569 0.0473389454899334
-0.0533505360462754 0.0117013919375584 0.378043278776537 0.0380332649174423
-0.0205169975734347 0.0398702028188398 0.38252534528164 -0.353676922794645
0.0254479867657692 0.0326293294251535 -0.118290953722683 -0.471748059763478
0.0402860604479683 -0.00667492447223392 -0.365488935292405 -0.0675139684033088
0.000884619713898239 -0.0228865639058831 -0.165114030241185 0.184479487585033
-0.016203169582953 -0.0115395275469021 0.0349958844121269 0.0970781667073068
-0.0208197109175203 0.00215540112559642 0.0851618109064858 -0.0789416266507146
-0.0185805684537035 -0.00190051768612163 -0.0812774239086591 0.0719686757288075
-0.00342343580502301 -0.0133556234454584 -0.065412578106613 -0.0656990153551384
0.014708272672659 -0.0112838398000837 0.126146741554975 -0.172403609162798
0.0289944226161221 0.0171598090677103 0.307786681170838 0.0185273359708693
-0.00698254818076193 0.0330736953299677 0.202289174500418 0.413869433402564
-0.0457769896912076 0.0157743226129521 -0.267117217723071 0.415453285815049
-0.0415882312705154 -0.00623742455275095 -0.378709767639437 0.0516365876499538
-0.0376335596227588 -0.0209760141767914 -0.058658123159723 0.0420650675670713
-0.0514962103991083 0.0101145457316185 0.366413630634145 0.0458585090600217
-0.0219806225936608 0.0374330670335078 0.391846201623173 -0.339461043559612
0.0233700783307809 0.0329199619781042 -0.104097090863562 -0.47821476294279
0.0409125834535249 -0.00736336104690602 -0.368423015268861 -0.0807474630124634
0.00288083316419689 -0.0252076649966159 -0.174007547220575 0.182763163011486
-0.014477128716217 -0.0145619786266545 0.0307413036082326 0.101186535007337
-0.0196378345742635 0.00176306132155261 0.0866464276523098 -0.0765418531878704
-0.0159402878072937 2.46056231084134E-05 -0.07922409974364 0.0742717750724177
-0.00184555924419023 -0.0143122294797349 -0.0673835337625156 -0.0627486119297868
0.0148533176012602 -0.0121720130719864 0.119483697461003 -0.171935597858786
0.0264411640446676 0.0147598534765477 0.303062592241166 0.0122514124543894
-0.00797690816513979 0.0290934382149462 0.207125267928518 0.409124651757728
-0.0433289544927792 0.0109282512425948 -0.261445840121003 0.42215739281567
-0.0342255686559844 -0.00741472500868222 -0.386352343738217 0.0569298417939467
-0.0290687141373128 -0.0198440665154579 -0.0707370354185404 0.0375694303806554
-0.0439993496786309 0.00856032007514895 0.355717389500361 0.0505180780011948
-0.0198640357759608 0.0321925230243454 0.394647710861623 -0.329108094886533
0.0205367736192482 0.0296994251727154 -0.095199746074196 -0.481835718641583
0.0394399547371977 -0.00849380456640704 -0.370883696447683 -0.0894102495302983
0.00438988639943421 -0.0263854639103611 -0.181826217533469 0.180689081277156
-0.0126536932009702 -0.014537792197693 0.0278395176018648 0.104149310178916
-0.0168116497661212 0.00277239303470552 0.0895325010043608 -0.0742967151482687
-0.0119870844727541 0.00221219287048478 -0.077274687275033 0.0756283547571592
0.000161747085619843 -0.0124079802715947 -0.0673345879194045 -0.0609752870927155
0.0146904888791336 -0.0111622563271411 0.116926071376868 -0.172299806870361
0.0224361393342992 0.0132683801669556 0.300642890325028 0.010243111754676
-0.0101324584388465 0.023444686303097 0.205075522417481 0.407429895111793
-0.0386734341864903 0.00437013932693367 -0.261507792694645 0.425251956767252
-0.0228537341070402 -0.00970300473755001 -0.39396471292511 0.05856829775124
-0.0169093402014791 -0.0172190158994777 -0.0784518339965148 0.0349677251932309
-0.0327096306047301 0.00719729732669019 0.349623561001681 0.0508409717692442
-0.0147159988021479 0.0256725764787779 0.394338811298648 -0.326047854512888
0.0195975741060571 0.0242767833929026 -0.0954187136186157 -0.484321264016515
0.0357076817466118 -0.00950533993345651 -0.37373898386845 -0.0927052943164245
0.00382355086924407 -0.0262029810871623 -0.18535631237248 0.181568491937628
-0.0110232626283825 -0.0133146165233087 0.0281700450711112 0.105407227638561
-0.0129610250187785 0.00569256034816592 0.0924448977161691 -0.0726688587498549
-0.00760461282647882 0.0053095816791008 -0.0754863949850862 0.0765613589185668
0.00218032123599015 -0.00965209736936786 -0.0650820551983094 -0.0617082429316727
0.0142319283249923 -0.00832628821278654 0.118174490815117 -0.172352437020851
0.0170726511682577 0.0132452957032274 0.300276482418473 0.013114558132094
-0.01235819945928 0.0170777664205654 0.200563644870787 0.410057029876507
-0.0329676347395617 -0.00501922146459348 -0.269753378011587 0.423386172232335
-0.00930862286609554 -0.0117362410975362 -0.397988318461026 0.053600586971963
-0.0029305661771826 -0.013622474502093 -0.080116635420565 0.033230391424841
-0.0188713771985355 0.00615724094660982 0.347641589746486 0.0477625853859183
-0.00743454640404135 0.0180389088334869 0.386043131199572 -0.329286162940751
0.0174416759199561 0.0165622283583719 -0.105191049219999 -0.480962347326562
0.0310860153834177 -0.0106234947705752 -0.376333233850915 -0.0895775722390573
0.00212879415823212 -0.024133289239633 -0.184236937201901 0.18281025436039
-0.00994869799831416 -0.010333428161581 0.0301383853223072 0.105333940630064
-0.00972147089454497 0.00918669859504002 0.0948718772922492 -0.0717109914402376
-0.00303032103955144 0.00901093461895114 -0.0742715911919054 0.0764273137608439
0.00433446846017848 -0.00635293980523494 -0.0615597693630711 -0.0633325235613697
0.0125279137851189 -0.00334381085152978 0.123980791195105 -0.172477816874207
0.0116142714004232 0.01425833421926 0.301314374702856 0.0203016889736169
-0.0149599419078243 0.0101267438525588 0.188194550312923 0.416775092976457
-0.0254167146325733 -0.0151357358026549 -0.283287285739902 0.419083137720293
0.00602454687381126 -0.0138813714151931 -0.400222162896924 0.0447745669135839
0.012090756688243 -0.00975572551395562 -0.0758726192463089 0.0335315813571358
-0.00401427914259732 0.00538358497735402 0.349106298439429 0.0412396509058118
0.00145315917688021 0.00966019474283313 0.375996127335823 -0.339221189690836
0.016468907479712 0.00809381303950641 -0.118231832093699 -0.478699829518465
0.0252610597353711 -0.0114228582292951 -0.379089426343407 -0.0813040048783869
-0.000698393858354953 -0.0206678203051747 -0.180328474881559 0.185511345524605
-0.0098980824246368 -0.005554839705018 0.0345374456664501 0.10445919474258
-0.0061900136457273 0.0130135154627495 0.0978957360350475 -0.0717132294164602
-0.000633884525003107 0.0115359535067721 -0.0737987551188927 0.0765128595589605
0.0049518250481239 -0.00301760431081945 -0.0571037658610386 -0.0671492986899642
0.0111529503964351 0.00195917232635254 0.133149952437823 -0.171155859601472
0.00683944885545817 0.0157635354232378 0.304496590414987 0.0315148608540727
-0.0168135583548449 0.00400680293836153 0.171192672807454 0.427383505853113
-0.0183011468103138 -0.0231292622399956 -0.300598771718347 0.409519803955095
0.0185593659168724 -0.0144184280273497 -0.397648599769445 0.032983906512862
0.0229730668273994 -0.00733198316712945 -0.0656498498344752 0.0357708998479315
0.00699841348342637 0.00475674811264006 0.356087458942693 0.0318882450351399
0.00853629517544187 0.00334718368031956 0.362316338700678 -0.35452069448021
0.0153836328171512 0.00166861926391088 -0.137898163388629 -0.471043673011877
0.0204733678325254 -0.0115508411380944 -0.378990900976951 -0.0673462939997008
-0.00301893768443951 -0.0166055387095147 -0.171276038577631 0.187717980315517
-0.00992755871735126 -0.00107174064795607 0.0408992796988476 0.100983822780003
-0.00428078675495443 0.0166111126187678 0.0995236377404262 -0.0729099961994004
-0.0198297102056462 -1.47487325779889E-05 -0.0842998417409394 0.0701710693741774
-0.00510561934513102 -0.0093974364757953 -0.058620810328423 -0.0726949846530738
0.0137092513505908 -0.00393607267593438 0.14410998920123 -0.173991268395975
0.0278139067908942 0.0225541545975471 0.320061208145 0.0376696305639395
-0.00763557729118206 0.0336037790884991 0.183214823357424 0.432808171098133
-0.0439454962669533 0.0130158350645865 -0.289438125529785 0.398798666676844
-0.0404579035015425 -0.00706555356331156 -0.36588401255363 0.0363500119290985
-0.0390875796577358 -0.0197118392391789 -0.0291828803461696 0.0518976235953004
-0.0498704526552069 0.0141495407117282 0.389760703909432 0.024000119932458
-0.0149815923222164 0.0390474438278961 0.369658097018505 -0.373722260109305
0.0273459214182747 0.0293869018602501 -0.142428932556482 -0.466099565117338
0.0373485455575534 -0.00737422522222421 -0.36559450017905 -0.0483413335425439
-0.00172651344389127 -0.0193011508904819 -0.15385720655648 0.190821982355606
-0.018014230776181 -0.00780917966882866 0.041852738958741 0.0938575910349001
-0.0213880017884737 0.00497114603327548 0.0846404014013023 -0.0820980422269481
-0.0198866569393085 -0.00105879755164878 -0.0826134983601485 0.0716133041907096
-0.00498814004594186 -0.0124102627382076 -0.0627771874459165 -0.0689956916868016
0.0143738486218428 -0.00846860473510205 0.133019999033533 -0.174909110267241
0.0303267035205645 0.0197748382323187 0.315189212538871 0.0248194900178751
-0.00679505623757722 0.034966610569749 0.198296245260308 0.422248802315323
-0.0464443318737736 0.016882935163422 -0.275045175361565 0.409559914224212
-0.0438256530992643 -0.00612776575680146 -0.372435483650708 0.0473655511526563
-0.0418172620836395 -0.0214271391145929 -0.0440715840387128 0.0477499758575306
-0.0533554718804935 0.0122573654982897 0.380163129286889 0.0338555233508858
-0.0198298499970526 0.0406555033702593 0.380879416434195 -0.360247359661974
0.0258976718880322 0.0323593477831015 -0.124080113286867 -0.474402102471411
0.0398737346585223 -0.00770347823238651 -0.369321519540953 -0.062449841061672
0.000953207219149234 -0.023025971246437 -0.164202777259346 0.188683175425775
-0.0165346416963729 -0.0115152891629419 0.0364240076766187 0.0978609503696692
-0.0207337936388808 0.00297592918331437 0.084745018321886 -0.0806965221640632
-0.0185245415940133 -0.00115193264797785 -0.0812389197616614 0.0733125919174017
-0.00349345886682229 -0.0139927907187522 -0.0664460692902275 -0.0650163985293698
0.0150352828870762 -0.0115925972512313 0.124468687323104 -0.176040797047678
0.0299953299195703 0.0168828305930473 0.310882450197359 0.0147244305226491
-0.00676336829340707 0.033394515465929 0.209475810868472 0.414127786426395
-0.0459281733268488 0.0164707871681704 -0.262824956879945 0.420564694623685
-0.0421518479213127 -0.00615389333413714 -0.381673993115626 0.0569643734012777
-0.0385989900904529 -0.0207667286804282 -0.0581642077937469 0.0433312984742926
-0.0514279248710399 0.0108821292907314 0.36935116737815 0.0413495568562251
-0.0217782941276462 0.0382236385107602 0.39004447506297 -0.34530924393686
0.0239398579832473 0.0326032851652915 -0.111671352416581 -0.482430669462738
0.0410086547127546 -0.00827000435618176 -0.372285322349719 -0.0760619288750595
0.00338876316949137 -0.0257164614657371 -0.173512947752047 0.186504745171842
-0.0148178677716514 -0.0135014266479839 0.0323083940132357 0.101737376747945
-0.0192686818969607 0.00241927534157166 0.0867330222765908 -0.0777745688521645
-0.0155988689316086 0.000161232588313425 -0.0793068963989195 0.075263158018819
-0.00228746253340885 -0.0142173582249088 -0.0680830144378962 -0.06260043677384
0.0145299563016489 -0.0124882202572204 0.117923722187026 -0.175010820998536
0.0276206303567115 0.0140285271956054 0.306660955644497 0.00911081674948981
-0.0078723419601042 0.0298651813984884 0.215211233512741 0.407574982769603
-0.0432951798143319 0.0123509556530914 -0.258386605605208 0.428147909383473
-0.0344090833285552 -0.00733313444852236 -0.389359039338611 0.0615981634655726
-0.0299324623023106 -0.0193000874274597 -0.0704682164001616 0.0389157431701909
-0.0439087871393377 0.0089319695279127 0.358035714104319 0.0458219311702302
-0.0199109467720816 0.0327091900194659 0.394948738787986 -0.335664254743546
0.0216035733672975 0.029533475983616 -0.10187612009125 -0.483999444623453
0.0388401613999701 -0.00920552589749352 -0.375128890120268 -0.0850240047439859
0.00436249854047632 -0.0266739423829135 -0.180915433409331 0.184761665199094
-0.012722720503182 -0.0144595426124451 0.0298783153148651 0.104722752884575
-0.0164229420553862 0.00379842227351826 0.0894150734571311 -0.0757530198595563
-0.0115621313714207 0.00265098878602382 -0.0770616455659864 0.0765925339539397
-0.000230266482686955 -0.0127139898346135 -0.067719101632308 -0.0608728954373832
0.0149364994439847 -0.0112197188402213 0.11589902892568 -0.176021548155845
0.0230825404380086 0.0131724515873271 0.303465327437301 0.00606860880334977
-0.0102654443232355 0.0240601831595771 0.213402177259616 0.40588425679018
-0.0394332541051053 0.0046021209283379 -0.258110066146099 0.430919548721306
-0.0230325973598969 -0.00954661061751506 -0.395302203362994 0.0630278894902437
-0.0173233949174515 -0.0170291513415892 -0.0780883636244903 0.0359729220076976
-0.0321516112877365 0.0078175261669358 0.351923258571243 0.046903140601719
-0.0145331926415592 0.0261128535722022 0.39246511528167 -0.331554290237631
0.0197223933390009 0.0237758708594793 -0.101995278557289 -0.485958645407738
0.036183586048142 -0.0102054903191989 -0.378363509726897 -0.0889251075211988
0.00400295341901829 -0.0264994067729565 -0.184024696962343 0.185720086057816
-0.0112220401950655 -0.0129812324650275 0.0293181138852616 0.106353721520146
-0.013121620211374 0.00634960625750831 0.0922988597284001 -0.0742866030079194
-0.00747020281357827 0.00573165290142456 -0.0748168998333329 0.0778194179720035
0.0018892150161535 -0.0100876904596237 -0.0659688051928926 -0.0612571821401165
0.0140799427789127 -0.00839227257345394 0.117530218436876 -0.175927764290536
0.0181047111988165 0.0129508049524223 0.303198142505371 0.00968710131315827
-0.0127309062174748 0.0174483891893846 0.206440843394156 0.41020910929956
-0.0333072397818092 -0.00423095013326554 -0.266191458459928 0.429433637178289
-0.00930999741503118 -0.0120870777763621 -0.400493625628902 0.0581090640715857
-0.00328946878096531 -0.0142585789506969 -0.079634209256598 0.0343975560252283
-0.0186491289546045 0.00688994175574021 0.349878037791984 0.0436952066706251
-0.00698531049065372 0.0182643612620631 0.385193233773833 -0.337598618752664
0.0178418224357582 0.0159501538058578 -0.110208639165362 -0.483430535104783
0.0310968948065848 -0.0110268341170088 -0.380518041710038 -0.0853349779085834
0.00192198340657609 -0.0249175851999801 -0.183504466215935 0.186754409249074
-0.0106964645254049 -0.0098229710043315 0.0318220938953141 0.106017758185423
-0.00977374611163846 0.00981782854017037 0.0953756692528945 -0.0734114545377492
-0.0026682651261854 0.00948387065486058 -0.0739204582636757 0.0777440281234037
0.00393365427392291 -0.00583434593916987 -0.0626059424819986 -0.0634477511026025
0.0126498447292245 -0.00344637267633403 0.123203869085309 -0.175522915662263
0.0124405198010318 0.0139105776459823 0.304098518895297 0.0158297767297556
-0.0155169870344222 0.0102935018224798 0.196537731064521 0.417690639804859
-0.0257306540501186 -0.0148054373736217 -0.280372644652112 0.424981209830945
0.00625017882680171 -0.0144562534052943 -0.402205375978938 0.0493878303252465
0.0116527345516385 -0.0106756514283213 -0.0755064482025001 0.0342819469555889
-0.00426881711118348 0.00633189347613781 0.351790237339444 0.0371324508399719
0.00152642652965366 0.00974666731149059 0.374151546438003 -0.34464033006801
0.0160824893213309 0.00776092135062851 -0.125333291019122 -0.479930513846063
0.0257263651438559 -0.0120777068451262 -0.382671157883455 -0.0766744512132718
-0.000439719758896703 -0.0207851628615341 -0.179084139028806 0.188826368590979
-0.00987807813301041 -0.00498911335643252 0.0365245019742856 0.104393640978587
-0.00610136509934008 0.013287348698458 0.0975662168159416 -0.0735101833183493
0.000114063539950957 0.0122289540383515 -0.0742035164214943 0.0773062366285635
0.00487692549440897 -0.00252512532516935 -0.0582501211147799 -0.0668626767063526
0.0113985931084337 0.00159705937655791 0.132341441767304 -0.173894477395475
0.00742437839463628 0.0152735254671589 0.307727162653914 0.0277468543394673
-0.0172496343218445 0.0048966687847932 0.180289684204932 0.428384238105349
-0.0191868406457705 -0.0233026646885245 -0.297724971659619 0.416177007239467
0.0182855888174111 -0.0147684274382645 -0.400361150869896 0.0381656765331738
0.0227531086474568 -0.00760781026461188 -0.0654795039411162 0.0367122490497919
0.00720754596514546 0.00487873548606818 0.358638458400364 0.0274057673637417
0.00856935643590157 0.00313380396682629 0.360286049473504 -0.361030779892452
0.0157725074788061 0.00142004605387873 -0.144723518388905 -0.472448428927816
0.0204615638229525 -0.0121617755696145 -0.382746983413014 -0.0618807974156573
-0.00312379545078577 -0.0167436897759512 -0.169645836206419 0.192114647834028
-0.0098293466480738 -0.000909915889048741 0.0424465523774705 0.101923470704785
-0.00381951906984581 0.0172819681920583 0.0997114250351047 -0.0744454552189998
-0.0198944211460488 0.000431882188688896 -0.0838234120594226 0.0708281727371881
-0.00529101340397231 -0.00928121251918721 -0.0599301298821259 -0.0729093805511311
0.0133483961333612 -0.00442150118179009 0.142320010197753 -0.177475419296747
0.0290917166685393 0.0218777132569993 0.322565558006622 0.0327752162266147
-0.00804153772952892 0.0344158736067145 0.191627394526793 0.432014408245571
-0.044190266470034 0.0138013367935721 -0.285037330686373 0.404960063690189
-0.0405280511921157 -0.00682592959694055 -0.36757384181587 0.0418379147588413
-0.0398074603605491 -0.0193663045373091 -0.028705715734575 0.0519803398564056
-0.0496039165810136 0.014882777488763 0.392105066038598 0.0185972322441057
-0.0143398999854382 0.039307138661277 0.367357834981858 -0.3814919977533
0.0277279557828052 0.0293040629290889 -0.150695320902447 -0.465749022610164
0.0377035196120972 -0.00800669372904078 -0.368889138552674 -0.0422730112270637
-0.00207348654790091 -0.018875456498119 -0.152338853274853 0.193909494496905
-0.0185937671200709 -0.00731856664713552 0.0434979352924279 0.094446685885442
-0.0210070960885104 0.00562412487596841 0.0843757288492215 -0.0836154503423221
-0.0197408377968005 -0.000853824535662939 -0.0824953218789154 0.0732748461326236
-0.00549446215003543 -0.0121884514357416 -0.0644807357552168 -0.0685588019285543
0.0144893981244825 -0.00881910021200233 0.132008292649906 -0.178978156199948
0.0313312218197829 0.0189665125685273 0.317689333484552 0.0206505543660328
-0.006672137540839 0.0355987542458 0.206457886073923 0.422146505231808
-0.0467186579781269 0.0176181731734469 -0.271213614816959 0.41625129762721
-0.0444602182829382 -0.00559127356925454 -0.374637534404921 0.0526042924869634
-0.0422818180615792 -0.0208380429763898 -0.043492343659356 0.0478543097644506
-0.0540081802735031 0.0135105454454564 0.382471346814146 0.0289763394267539
-0.0197082114538424 0.0405515247516207 0.379632788243722 -0.365777700226431
0.0261604624617934 0.0322858381996326 -0.132399060756171 -0.475433889803985
0.040451521898566 -0.00859777456658178 -0.372702175475659 -0.0571608045003974
0.00128130084080851 -0.0228133652801191 -0.161860160955436 0.19194820780873
-0.0171648363586414 -0.0112361151155626 0.0379832753789232 0.0981579121416295
-0.0207831419307262 0.00357614792496606 0.0846431672103438 -0.0819287113984871
-0.0186078012671328 -0.000809451715700786 -0.0805512595371749 0.0749163248020063
-0.00391931587012651 -0.0139615592219947 -0.0673443778062477 -0.0649748450101908
0.0148123798726098 -0.0119872703074197 0.123138691070146 -0.179236394893927
0.0303825485279905 0.0159013846430123 0.312781111343725 0.00989809204764996
-0.00639458514468799 0.0336293403015589 0.217222527909005 0.411733958332247
-0.0462139035056279 0.0176839160149754 -0.25912680047509 0.426398749410858
-0.0421458462951462 -0.00571843860559758 -0.383119717167966 0.0610465389036671
-0.0391108066260506 -0.0202253857903174 -0.0578070871126203 0.0436055249675741
-0.0514099935098321 0.0114477482767342 0.371207874295437 0.0366320920519729
-0.0213034343733277 0.0383623960634243 0.388719909957072 -0.35356801125302
0.024224584345052 0.0324596005238007 -0.119078151602967 -0.481208391853352
0.0411865851969898 -0.00920391752936413 -0.375668092316189 -0.0707763143180223
0.0032881408878808 -0.0256721866567171 -0.172350412942217 0.190111613136786
-0.0146657654804073 -0.0131081500772266 0.0337859690597236 0.101871555664216
-0.0196077836731826 0.00307362755251213 0.0862615454992311 -0.0791030554251163
-0.0150854444190567 0.000527164175927023 -0.0788873929891628 0.0764500197996245
-0.00240722255708848 -0.0140184936286685 -0.0693503394943649 -0.0617788098395043
0.0149038382200245 -0.0129559071141001 0.116545243351529 -0.179079277433702
0.0275123642737832 0.0139058615482659 0.309324027433101 0.00439131982032777
-0.00784623381562701 0.0298091989569234 0.222524290908866 0.406887979013144
-0.0436077733910223 0.0130079636975513 -0.254608261542017 0.432615294411444
-0.03457900638007 -0.00703393471810358 -0.390416112711941 0.0666727781264896
-0.0299952505504375 -0.0192627986325062 -0.070229103464735 0.0397848392438058
-0.043785959928991 0.00932035150985521 0.35993449018906 0.0420823122543931
-0.0196324761634025 0.033165471734782 0.392381208915319 -0.341275156897628
0.0219943830387267 0.0294655536225252 -0.108392132591512 -0.485467922503926
0.0395404265039821 -0.0100290602498728 -0.379146896697059 -0.0797872770533687
0.00400539057193401 -0.026943218450347 -0.179461649351579 0.188866952494599
-0.0130093030705791 -0.0136713078890453 0.0318580680061192 0.105269741593561
-0.0166787237117356 0.00418709918251235 0.0888863006157351 -0.077192808790344
-0.0112054155577187 0.00299144887578941 -0.0764962004807736 0.0781046250922132
-0.000777504764702347 -0.0124566716024533 -0.0692581393673369 -0.0604327109512543
0.0147498236518082 -0.0116532778536646 0.11463117439836 -0.179119608335822
0.023462768057119 0.0124072588485837 0.305883762185834 0.00194129233642454
-0.0100003742864301 0.0240529235730746 0.221764322127247 0.406017534245326
-0.0391196220782318 0.00532494211649119 -0.255070798802068 0.437316227645693
-0.0229964536903744 -0.00948476305806973 -0.397156073782768 0.0684035565586886
-0.0179594103652586 -0.0171234219130461 -0.0781771516338289 0.0370341353879695
-0.032113574040436 0.0081218351110937 0.354561622211026 0.0421347749462989
-0.0142220617651691 0.0265199245517085 0.392026863835389 -0.338943540071215
0.0196816294595888 0.0234250170725705 -0.109332791233512 -0.486708125963784
0.035975029918621 -0.0109390025508086 -0.381105686354765 -0.0837011155002313
0.00387434929960601 -0.0265716758756061 -0.182972775278173 0.189711508272493
-0.0116109026669908 -0.0124149596398971 0.0311721747696677 0.106910306475871
-0.012708287982741 0.00685875087396525 0.0918168075741659 -0.0755119334731825
-0.00700680143046704 0.00601391118026278 -0.0752902084050739 0.0790372420256617
0.00166873954771164 -0.0101477715490616 -0.0674841637754278 -0.0601987015661938
0.0143451178501367 -0.00837438451020279 0.115972622552412 -0.179183523736706
0.0186283226570886 0.012446441987562 0.305669535069517 0.00505961438411495
-0.0127607965232758 0.0180266750672105 0.215618923682828 0.40844065988379
-0.0331314994808892 -0.0037966659331181 -0.262946609936183 0.435575532897635
-0.00914548692738401 -0.0121620914856284 -0.401560886008518 0.0639894245118568
-0.00347509457996077 -0.0141153104081583 -0.0802172417152983 0.0351553078299213
-0.0182912063371149 0.00718441960283059 0.352492958977785 0.0398706238326078
-0.00664154590935433 0.0179646976717469 0.383304607089461 -0.344164495786107
0.018026621506668 0.0160292476994855 -0.117589244030936 -0.485193570439894
0.0314084286759654 -0.0119657600506108 -0.384505241024863 -0.0801014775898089
0.00231604364103007 -0.0248336268114501 -0.181878681044473 0.190945419086358
-0.0106122651672415 -0.00933885172282988 0.0337964984269555 0.107036281212309
-0.00925581627118923 0.00997290162397781 0.0946079471040034 -0.0750672390309422
-0.0019976036908314 0.00959204408349342 -0.073254315414908 0.078940066960389
0.00374066006545103 -0.00660758558903199 -0.0640522448438533 -0.0627999933540046
0.0133169630204939 -0.00373179365152403 0.122341410652638 -0.178873371589316
0.0130272460092639 0.0134604167040234 0.30728576605409 0.0122687610217623
-0.0153557232936349 0.0107129054607748 0.204535085813097 0.415856252930999
-0.0262638466770532 -0.0144440058617165 -0.276441858080717 0.430732839287483
0.00621398183660606 -0.013798269455192 -0.404374812317289 0.055696793277802
0.0114359787127258 -0.0106956282947908 -0.0760436848328498 0.0356469391470901
-0.00363615793019455 0.00616155241883187 0.353995341683354 0.032922931310973
0.00171448601470233 0.00941809634176215 0.372130422701323 -0.35144540812554
0.0164127321913937 0.00721034003650376 -0.131921062427964 -0.480278105929271
0.0256931078193714 -0.013009894131931 -0.386474117513944 -0.0714288043135042
-0.000561443766212056 -0.021140955611515 -0.177399924932019 0.19336859878624
-0.0100329289231624 -0.00512912977623748 0.0380270847763162 0.105114965797759
-0.00601520640616919 0.014048911309857 0.0974008291562967 -0.0753066936029303
0.000722577522336705 0.0126298783640431 -0.0740401151386407 0.0785153323535048
0.00470849791517612 -0.00234570347132476 -0.05933011861829 -0.066533555864588
0.0115261464226168 0.0016668807173659 0.13077674677265 -0.178129750849471
0.00787086486101882 0.0149519163907753 0.310171768090018 0.0248535089536099
-0.01737554485235 0.00535585902429356 0.188296628171697 0.42726788017497
-0.0191255572549081 -0.0227917366835575 -0.294324696927051 0.421669968682505
0.0186422850421043 -0.0156122764616665 -0.401788385729982 0.0431346906825687
0.0232647807545128 -0.00798515618490132 -0.0655090634262451 0.0372785097992709
0.00756027738145929 0.00495805859189861 0.360941551148324 0.0224154409013601
0.00886019503117545 0.00291096753040831 0.357225544463709 -0.367160061303721
0.0158291658884213 0.00149585435396702 -0.151631771206113 -0.473861988647316
0.0205029125401355 -0.0127046357025154 -0.386105089017249 -0.0570564213404625
-0.00301781688062669 -0.01680001870061 -0.168217749540965 0.195805229010993
-0.0106034954487558 -0.000159969626332713 0.0442859009148444 0.102503984184323
-0.0035538467882249 0.0177962300126375 0.0995730805272639 -0.0761183561270867
-0.0191446612012106 0.00134169953517595 -0.0835363471937472 0.0725471677434747
-0.00606195120044184 -0.00920593493466146 -0.060700314092732 -0.0722352797654634
0.0137474495248965 -0.00417883577276459 0.140188804835191 -0.18107279974094
0.0293856219779286 0.0216499327294269 0.324977355871666 0.027900479543911
-0.00776092753128253 0.0344142821409465 0.199677375290076 0.430715338946011
-0.0443766041279492 0.0147888426739878 -0.280617494800719 0.410506853402401
-0.0408989612460497 -0.00598855485976363 -0.36802822595343 0.0471485581568051
-0.0397620204964078 -0.0188548230329744 -0.0282995957952456 0.0527431974725086
-0.0498286450077942 0.0158256517895507 0.393912703356716 0.0132190595341363
-0.0137035657100741 0.0402134557707228 0.36290923066168 -0.388355993604289
0.028243249206775 0.0288672210903336 -0.156331087784206 -0.46613637085002
0.037661878088487 -0.00917302677039234 -0.37131830848042 -0.0367585815360622
-0.00213528728402495 -0.0194294643461223 -0.149703088907162 0.197705965183192
-0.0187328822508614 -0.006601490437 0.045213192853933 0.094046555763407
-0.0209113506698393 0.00611798724977241 0.083253297530573 -0.0849376664605155
-0.019571009987664 -0.000111545080767179 -0.0825191882805155 0.0749100787271369
-0.00546535141901833 -0.0120840914443945 -0.0653598204641789 -0.067482414953283
0.0147283505611734 -0.00897892094887835 0.13051040666839 -0.18193329545234
0.0316044651756371 0.0187015684680215 0.320024901035411 0.0160152981702765
-0.00619530713557136 0.0358747662810209 0.214274039727931 0.42008156755872
-0.0465394001441921 0.0184233730963811 -0.26571286836632 0.421999005640572
-0.0442993823569776 -0.00520961789376645 -0.375097991081278 0.0585824162292306
-0.0426373037764587 -0.0202379949565603 -0.04267732187926 0.0488628010557853
-0.0534805202941315 0.0140551157867113 0.383426333344172 0.0229287612961312
-0.0185374908899917 0.0411951691608052 0.374914929411934 -0.373781591159178
0.0272669938248619 0.031841632288386 -0.139196537780548 -0.475451823773434
0.0403572393409909 -0.00951451925348357 -0.374756926093573 -0.0512607479049415
0.0011869300101616 -0.0229676859606526 -0.16056437862884 0.195547990113894
-0.0175407192464477 -0.0101967286228873 0.0399024385456683 0.0980645163201692
-0.0207995072592784 0.00415021212750847 0.0841975172331941 -0.0831379469291887
-0.0177770275682797 -0.000265540580429485 -0.0801325924379828 0.0757417192585852
-0.0042137692703848 -0.0140416827578266 -0.0691654334906357 -0.0640858753808007
0.0146906677252533 -0.0122399317586214 0.120987390798556 -0.182008890423866
0.0316137825205308 0.0153988112281022 0.315773649228301 0.00491858099106142
-0.00616991202983041 0.0343378391902934 0.226103882031597 0.410556698268924
-0.0460227384240352 0.0186743732184087 -0.253826968252754 0.431392374732323
-0.0423156440833343 -0.00511521010579363 -0.38270269630319 0.0681042838154287
-0.0395301386461136 -0.0198210466898074 -0.0573691404200179 0.0448329985761628
-0.0517207842873918 0.0123073838556496 0.372818609399919 0.0324786538832944
-0.0208156355354211 0.0387088226424468 0.384958828099147 -0.359748208798711
0.0249644200715703 0.0320393160539306 -0.126177844326749 -0.482099472451941
0.0409939781230845 -0.0103937953386907 -0.378756242969916 -0.0648780296647728
0.00287204240915062 -0.0259174775370546 -0.169650039331748 0.194324999916142
-0.0152398428343066 -0.0133064757823418 0.0353739238949513 0.101983395694331
-0.01942301317113 0.00374535964991414 0.0853794150896167 -0.080754646855763
-0.0149916213799414 0.000992473393310917 -0.0786003915155355 0.0775668989657059
-0.00264809127079178 -0.0136025656994595 -0.0705437118714033 -0.0610163668023357
0.0152269858304835 -0.0129392264817379 0.114767837995839 -0.182134257504153
0.0286181120379001 0.0129850988462481 0.310941797219669 -0.000905207610131552
-0.00740032877631768 0.0302650549956284 0.231089033574014 0.40354427970909
-0.0435344119882957 0.0137569317763477 -0.249057845222093 0.437384715750712
-0.0346274940926831 -0.00644660358509938 -0.389696722654758 0.0737786864004107
-0.0307666955650169 -0.0189559853599592 -0.0702056012110058 0.0407090596955529
-0.0436256753277005 0.00982701667411901 0.362265734302317 0.0368712427410257
-0.0186882765182649 0.033684751825635 0.388482457235029 -0.349848279601473
0.0223339415939332 0.0291043148408341 -0.116784085096652 -0.486398888645546
0.0394284590591726 -0.0112625646159277 -0.382685749691223 -0.073967970948551
0.0039767591058579 -0.0273663272190029 -0.177414307418136 0.193015931552102
-0.0139725509090194 -0.0133455985060472 0.0336626897893666 0.105221676075428
-0.0167418199583065 0.00450064445525445 0.0886969760891216 -0.0785432103690581
-0.0103285698202847 0.00346810470823893 -0.0760793394726561 0.0789141934809125
-0.000834616823761917 -0.0124109177893223 -0.0704592322698879 -0.0590198167262182
0.0145620444059115 -0.0121119796250066 0.112300073451449 -0.182139605516635
0.0243615254936292 0.0123965904067677 0.307896413657155 -0.00304096168658132
-0.0100646686919637 0.0244613202314035 0.229097008110155 0.403309978642534
-0.0391524332028355 0.00613339411940284 -0.248224176969364 0.442695983385921
-0.0232600087385131 -0.00876593622540568 -0.397192458714544 0.0735628289913811
-0.0182852381129708 -0.017050414994356 -0.0773256864210893 0.0376829699745123
-0.0319791281142464 0.00844146091007265 0.355813365782553 0.0375125242214872
-0.0138109055192146 0.0262101109591026 0.387405018561967 -0.346120579464582
0.0205108775008908 0.0234654125041984 -0.117011204497221 -0.486956219621796
0.0359736902682977 -0.0113526220441568 -0.384708451495397 -0.0771997614080554
0.00348035725776052 -0.0267477890065792 -0.181334804654293 0.193416737298987
-0.0119708032098147 -0.0118160309745139 0.033107194334797 0.107235856828829
-0.0126707216228378 0.00682862844137941 0.091014909574691 -0.0772656362598047
-0.00629690016281439 0.00612370477176393 -0.0744038257684559 0.0794313856796091
0.00130189880700502 -0.0101093812928287 -0.0681107633479941 -0.0595099396329529
0.0142076825384618 -0.0094348770800418 0.11353007597051 -0.182099378239495
0.0190329206191508 0.0120761871838204 0.308032099172079 1.92001480120155E-05
-0.0123836680649802 0.0179101035321131 0.222928292672595 0.406106004294751
-0.0334633389659071 -0.00293952636912822 -0.25607230161063 0.441253284675086
-0.00943590398972652 -0.0119648400769843 -0.402803131337741 0.070460573274827
-0.00370665844439303 -0.0141556847765906 -0.0794636473539922 0.0364299952166154
-0.0178913814861573 0.00717583539287689 0.353734419096776 0.0333210613504157
-0.00655057681673358 0.0181739765363721 0.379511115901125 -0.350580044331806
0.0183943741641314 0.0160489831652711 -0.125891705633367 -0.485090427807314
0.0309477426180088 -0.0132814536180608 -0.387685271781677 -0.0737362112909883
0.00191991486773904 -0.0250858688535158 -0.179274691547901 0.19502290320186
-0.0109873293753244 -0.00903436060404013 0.0355294792128395 0.106940217658166
-0.00864969115432323 0.010681010428429 0.0944763952353213 -0.0767192716315262
-0.00170979447190326 0.00962579173992645 -0.0730352729202629 0.0799874775762212
0.0035512078331373 -0.00650781409582313 -0.0650614272811817 -0.0621103760500074
0.0129964640926999 -0.00368374947688696 0.119914685539718 -0.181541000859438
0.012931083005506 0.0130393352936901 0.309098199550688 0.00698853662830921
-0.0157133259414835 0.0109360581693568 0.212959880667118 0.414326819072115
-0.0263487443461015 -0.0141286399489999 -0.270943563632778 0.43657080302719
0.00612704593999279 -0.0145811926661714 -0.40436092480027 0.0610664999448341
0.0116065167403577 -0.0105015580496404 -0.0752253815192097 0.0360732950057693
-0.00310498291466694 0.00621220515024315 0.355521234987711 0.0268070874081427
0.00197607351745337 0.00925382867866396 0.368659437236409 -0.358823615407762
0.0167475848567095 0.00734144766222435 -0.140470185278613 -0.480714365572885
0.0255938108894188 -0.0135666673514243 -0.389350763911883 -0.0649960582770323
-0.00087111641278414 -0.0210076209625468 -0.174936790863285 0.197047074147461
-0.0104727308130952 -0.00423909224750007 0.0396206573108388 0.105286124292329
-0.00546194509402359 0.0144504654510455 0.0969118921569272 -0.0767176059683206
0.00122964586044479 0.0124556320477804 -0.0729917187300378 0.0791454258382353
0.00431586878063153 -0.00245087873186022 -0.0600652634127631 -0.0655857840957082
0.0119334092956005 0.00156584696428149 0.129337655742582 -0.181415881473826
0.00869320148667485 0.0149766316016472 0.313082329157455 0.019186771574547
-0.0178758490877895 0.00550743294064305 0.195485219682545 0.425745275399359
-0.0199073271410755 -0.0229851303250945 -0.288837328195379 0.427641827273612
0.0183754422837546 -0.0157482516661103 -0.40230804999213 0.0492110276872317
0.0226913756937251 -0.00878154599321183 -0.0646970011798284 0.0382285034016676
0.0077606956029826 0.00458777142496463 0.362032156625786 0.0175120289359263
0.00892351727890035 0.00258707348954826 0.353211568835826 -0.37431606053053
0.0155571213368376 0.00131785911810951 -0.159410716042415 -0.472280723721713
0.0205419474063517 -0.0133741903542743 -0.388497893535467 -0.0505031341055542
-0.00360803784891632 -0.0168858043686176 -0.165747557045447 0.200018170277051
-0.0104193580996509 0.000621841824544488 0.0461695084372193 0.102116105917011
-0.00312772760876773 0.0182764763794782 0.098807133270476 -0.0776771230912213
-0.0185083491203445 0.00116809603387233 -0.0828415865482758 0.0741174771436755
-0.00593709716772875 -0.00928190439515157 -0.0625630658635105 -0.0714950428452206
0.0140167952150248 -0.00472768097343687 0.138268450430999 -0.184816445341699
0.0301587317351069 0.0207994645871095 0.32692819547532 0.0226035455244027
-0.00744053673160801 0.0345865807138585 0.206622388286154 0.426082381326879
-0.044155791987996 0.0157863815280576 -0.274935327794014 0.415770715643942
-0.0409661738613853 -0.00565682029579914 -0.368291807783436 0.0531125580303094
-0.0405069203332125 -0.0180356115668429 -0.0267833218241995 0.053100854491656
-0.0493494149628805 0.0166700765043236 0.394390748612538 0.00653212705198047
-0.0133917693320398 0.0400019647168452 0.357876812329928 -0.39368847346898
0.0284528000312032 0.0288443837862416 -0.164548350964844 -0.46357842339921
0.0374773654265406 -0.0101196407935352 -0.373088546747946 -0.0302807356876596
-0.00197806202710049 -0.0189597248124495 -0.147023703831323 0.200363484645235
-0.0184232388734213 -0.0060190838542411 0.0460927892488853 0.0939902866639867
-0.0206385381352095 0.00694740334848068 0.0828658311731579 -0.0866502507219397
-0.0188008979228803 -0.000261003469637053 -0.0815289781433246 0.0759821979744652
-0.00591628941190975 -0.0124590230136401 -0.0664207630027949 -0.0667793243123118
0.0150320509062685 -0.00962687494529448 0.126890774161636 -0.185272374037106
0.0321320928559786 0.01752234356845 0.322015664975245 0.0100117226892708
-0.00597936122938274 0.036297512329115 0.223099801688288 0.415837053537779
-0.046411863674495 0.0196703931951117 -0.259641993198404 0.426399854119861
-0.0444125165512862 -0.0043829384239016 -0.374627053971573 0.0640009559686639
-0.0430226389028377 -0.019530806998899 -0.0423288635893478 0.0491141699302107
-0.0531552386534023 0.0152669381260679 0.384260521467149 0.0169584595691286
-0.0182445123089266 0.0414660678779516 0.369412561299578 -0.379712181763029
0.0273273573994638 0.031681119013963 -0.146286930660776 -0.473669883077378
0.0403889166816513 -0.0103373112707828 -0.376619779239371 -0.0453144706109928
0.000365270388164161 -0.0230791926465781 -0.156652025722126 0.199275117511505
-0.0172120271620657 -0.0101545700601656 0.0418811746355555 0.0982358898434205
-0.020688246401361 0.0051827945613144 0.0832494979521966 -0.0844374259145861
-0.0175682910063586 -0.000393344683411042 -0.0794141840314207 0.0774237456412522
-0.00453845141423229 -0.0138125748199674 -0.0697282618515582 -0.0628043167686174
0.0147819079655142 -0.0125541322868172 0.118622273665573 -0.185279483573639
0.0317728011652828 0.0148682901324201 0.316760309087507 0.000196345081139794
-0.00628808445571658 0.0346061930324022 0.234102756423406 0.407141888933075
-0.0453337412718814 0.0192951098893101 -0.247507626948994 0.435667153322898
-0.0424327777293826 -0.00435021864701397 -0.382193269514095 0.0749614995647157
-0.0398341576691841 -0.0195117767793358 -0.0573526077126337 0.0453119993305362
-0.0509494318458888 0.0130839281298571 0.372692130161682 0.0258101135237015
-0.0202730754201812 0.03890405390477 0.37925372945835 -0.366729789211995
0.0257189230132819 0.031741103449674 -0.134305077061901 -0.480489075953519
0.0409230548401065 -0.0111541033141866 -0.380528774332461 -0.0584074035346774
0.00266099688138818 -0.0258952314174304 -0.16702544636664 0.197412796188179
-0.0157149292727312 -0.0123228292949515 0.0376734207073064 0.102570308864995
-0.0191489532544637 0.004299885925822 0.0845670921770766 -0.081841703009967
-0.014154397001796 0.00168991019469935 -0.0775305133640509 0.0785969488371055
-0.0033076981140925 -0.0139898507616684 -0.0715482885485692 -0.0597063598170422
0.0145975350896686 -0.0132015745100609 0.111890223793611 -0.184533740188753
0.0287975391869539 0.0124138173173279 0.31181052172118 -0.00578106118743734
-0.00709377562832374 0.0305234153408888 0.238683056336198 0.400524856476851
-0.0433179643355483 0.0149279752494784 -0.2411409712068 0.440981748793649
-0.034599381989024 -0.00577648997562548 -0.391039875524748 0.0801723219160252
-0.0309067703722307 -0.018607811589541 -0.0695886564561543 0.0415938665746285
-0.0434059131943163 0.0109682821531849 0.362996035255783 0.0311588622944222
-0.0184681027732162 0.0336668803694473 0.383259469261214 -0.356918928405703
0.0225119409851007 0.0291423311437677 -0.124765018442108 -0.48508643846168
0.0395548250693197 -0.011768333517263 -0.384244334765342 -0.06742977898197
0.00355422824481419 -0.0277048516621045 -0.174359869219042 0.196261972377691
-0.013897923386554 -0.0129659405967719 0.0350845996684802 0.105202542240649
-0.0160111983758312 0.00541724118693527 0.0874633920504416 -0.0800143357020884
-0.0104039640779118 0.00353896440646971 -0.0746975627598313 0.0802086514722538
-0.00100366366119621 -0.0129252507538143 -0.0708935653651396 -0.0580851307800173
0.0146373635971046 -0.0123451122299718 0.11036066459405 -0.184862027981089
0.0247635534756892 0.0114979619657145 0.309330138889367 -0.00864150729145838
-0.00990893385571579 0.0251431403218165 0.236946884247603 0.400396454700932
-0.039466142346067 0.00693792273071829 -0.242108507376017 0.446451498839074
-0.023218729734395 -0.00884016193547121 -0.396697360857219 0.0799435234425472
-0.018187629948628 -0.0163399571048277 -0.0773629566299978 0.0389415473925361
-0.0320787938079403 0.00907306874381605 0.3569453329676 0.0312245148573236
-0.0133601468206183 0.0261108878221423 0.383241630542559 -0.352319916821675
0.0204329235119149 0.0232203599025697 -0.125156230471555 -0.486939853406522
0.0356046872851911 -0.0125140525737398 -0.386566222155136 -0.0709425039841904
0.00361020209766353 -0.0272059646757379 -0.177755162594441 0.197617850416023
-0.0123032899940287 -0.0116582932190039 0.0350797722022861 0.107050630866486
-0.0126740264139289 0.0075599056233932 0.0899466340264509 -0.0784215588404347
-0.00602931672177556 0.00650321576183239 -0.0734389535193876 0.0813021507153535
0.00102097891145914 -0.0104574378352516 -0.0687784562284963 -0.058869430586675
0.0140754195898407 -0.00928331026601801 0.111538132252579 -0.185029261772315
0.0192899004998061 0.0118355034757969 0.309553660603387 -0.00544716195726543
-0.0126298111768952 0.0188098462844887 0.231828959384456 0.403021336635031
-0.0339865968634959 -0.002679862416316 -0.250032126843622 0.445278495086515
-0.00960779403617792 -0.0114220763323161 -0.402080506213771 0.0756861422551813
-0.00407216743041694 -0.0144024973892365 -0.0791877795631743 0.0373456629821868
-0.0179895219568222 0.00754544670134165 0.353969101764958 0.0279857926246493
-0.00606208497253253 0.0182176821464536 0.37482571412984 -0.357410480543331
0.0186886767165863 0.0156054053807391 -0.133389895513247 -0.483530380922921
0.0314336941936626 -0.0140141325784713 -0.389808240076059 -0.0677274315140434
0.00175263797380054 -0.0244936597560584 -0.176853048136932 0.198477627713562
-0.0112004179000009 -0.00885205639120047 0.037005354371119 0.107340657052629
-0.00865942014372192 0.0111467577962331 0.0934709271583582 -0.0781923798538662
-0.000826828007282883 0.00974151794984252 -0.0723280849411083 0.0810583486883044
0.00288607301167108 -0.00668276677732338 -0.0658607606638499 -0.0605923382940193
0.0134157349838271 -0.00409588780248484 0.117503035675503 -0.184732912443431
0.0137276866820781 0.0128209589176548 0.310922475551701 0.00225869298180296
-0.0162437240479927 0.0117412222233487 0.219370908774971 0.411159196119498
-0.0266468662053623 -0.0132822859605659 -0.264576328641581 0.44071210944979
0.00608390249162403 -0.0147894275120033 -0.405607856399501 0.0681436676545658
0.0112514118132836 -0.0110638964857837 -0.0750738258492603 0.0375418088941299
-0.00317433721857469 0.00606180589505534 0.356173943447796 0.0214955712500822
0.00233963625973829 0.0089186958243271 0.364301928198147 -0.364789451333933
0.0170165931805847 0.00768144388303158 -0.145431436285852 -0.479185976486347
0.0256596718699934 -0.0144226949216814 -0.391071775994949 -0.0586811494506269
-0.000635960078039521 -0.0213784512309177 -0.172484104178397 0.200597692345807
-0.0104498181304807 -0.00404362384720873 0.0418175196808057 0.105204007835191
-0.00530225160835338 0.0150917052634637 0.0960825218730373 -0.0782526315202548
0.00169885434507009 0.0129955406929569 -0.0723828348430022 0.0805904287436707
0.00386111696320208 -0.0029262208392153 -0.0617125355601339 -0.0648381006267234
0.0116971784442183 0.00151269856685553 0.127058204064368 -0.184893484078889
0.00884952356268428 0.0144993286130937 0.314291845287945 0.014752591411702
-0.0179449946282173 0.00599175139978903 0.204737650450159 0.421324821633958
-0.0202896164047718 -0.0221571522706223 -0.281694888908616 0.432856256263751
0.0184797293203973 -0.016400176012665 -0.402275804618843 0.0551604683881159
0.022671973786673 -0.00873864853581214 -0.0645371005385028 0.0390188497447038
0.00820433524072073 0.00426513216374083 0.362676326778939 0.0118994715708286
0.00930486359214713 0.00267922999829001 0.348467020189894 -0.379892616270007
0.0158286721806156 0.00111739528938876 -0.168475986845941 -0.471486232967211
0.0200936449677419 -0.0139492227765936 -0.390272817801222 -0.0432155814429026
-0.00384671126113499 -0.0169113276849894 -0.162488288770396 0.203440225991518
-0.0104385797602123 0.000660420763845406 0.0485248390681074 0.101548620595265
-0.00303932191643492 0.0187446434355534 0.0977068040738661 -0.0793446844949637
-0.0180695725577901 0.00141310389150901 -0.0817923228940457 0.0747818776049092
-0.00624424369103818 -0.00936491820713753 -0.06304214843524 -0.0699748965375278
0.0138214007289848 -0.00501440750011077 0.135089790690023 -0.187805688978471
0.0310919891609594 0.0196778675779794 0.328481031712457 0.0165502258889715
-0.00738015913757614 0.0354475318697354 0.213623301770272 0.421882693974131
-0.0436850113926071 0.0164001165089358 -0.269292109871688 0.41937606891006
-0.0404849138432613 -0.00499702556183045 -0.366639855755797 0.0585986374285057
-0.0406261876651516 -0.0174436510738368 -0.0257686344522896 0.0531162040664805
-0.048749821853706 0.0171923040791771 0.392912639628057 0.000852982173507103
-0.0126588661364329 0.0400198999318379 0.351927508919124 -0.399747288195842
0.0290978216340001 0.0283883604831672 -0.17320612225081 -0.461506248601242
0.0370098888472944 -0.0108856800718134 -0.373309200878935 -0.0237409357697064
-0.00225563085310984 -0.0190319969931693 -0.143544185056882 0.203341965516935
-0.0185644097706796 -0.00559709444989367 0.0484083210520791 0.0931603612610784
-0.0201080481284832 0.00741547814054376 0.0812709632768439 -0.0875011061446898
-0.018440784718605 0.000365038039098422 -0.0808768737591853 0.0764529784526278
-0.00632933538139542 -0.0122869074006187 -0.0677569484566723 -0.0662028217126705
0.014163360251649 -0.00985817659790194 0.124631149145509 -0.187308324566152
0.0325551413480919 0.0171422073794814 0.322265390520933 0.00526993803345151
-0.0057581238381335 0.0365316804074248 0.230338140011245 0.412213062487648
-0.0460640915363481 0.0200579916252113 -0.253803515732277 0.430413704804008
-0.0440852292919826 -0.00379898961683994 -0.372613093617368 0.0699354317526261
-0.0435434108507692 -0.0187705846112559 -0.040704250396634 0.0498480818676591
-0.0522363806807157 0.0158860533534723 0.383663144905479 0.0118214461121859
-0.0172525399055473 0.0416184903704986 0.364483758056614 -0.38511909110092
0.0277824410741165 0.0318363536244021 -0.154800591780856 -0.470823574905767
0.0402025832585931 -0.0118347427637284 -0.377890429255283 -0.038190215710407
0.000652568518514852 -0.0237298359280049 -0.153865195659329 0.201962720231758
-0.0179061550344561 -0.00919744271877329 0.0437931143737001 0.0977890377846158
-0.0199430361429845 0.00552891544875902 0.08167015227119 -0.0854465636650621
-0.0170931877102342 0.000219078933674132 -0.0781981134797708 0.0786503928255427
-0.00537597884995213 -0.0136656800591962 -0.0707065057261222 -0.0621468665164138
0.0146459442388926 -0.0127737044914115 0.116062052377605 -0.187925254000881
0.0323405249236666 0.0139648304111451 0.317608814867662 -0.00621712612115096
-0.00535432829798839 0.0348797824499552 0.240464077678714 0.40168620062215
-0.0454426961867745 0.0200874863597396 -0.24041005682365 0.439433359217162
-0.0421309895528483 -0.00405068598979635 -0.380347187182653 0.080129871205856
-0.0401967581930511 -0.0188564891599853 -0.0562043677932852 0.0463961072321843
-0.0503964945543821 0.0136981578312327 0.372619899507671 0.0199437043436012
-0.0195074067563399 0.0393879593051777 0.3733887409517 -0.370924608395063
0.0264008418660667 0.0320314618430555 -0.142799658315646 -0.479419965423938
0.0407465746352618 -0.0121622620462196 -0.382233126086105 -0.0516156049122124
0.00189691417145698 -0.0259328484300891 -0.163594332642317 0.200899246678237
-0.0157000455564164 -0.0119980314188582 0.0392033140594817 0.101943730736856
-0.0184577258760807 0.00464390319998509 0.0834750876987625 -0.0831672559063156
-0.0141240170252308 0.00160709177793751 -0.0765032301529917 0.0797874945058932
-0.00342059087188556 -0.0141685882797087 -0.0726519009703885 -0.0589341086541358
0.0143694857819892 -0.013802606730865 0.109465434667002 -0.187394790612415
0.0289742667108738 0.0117189001565782 0.312215085985254 -0.0111275517355185
-0.00711236029460662 0.0311481658844496 0.245620910479085 0.396068179767586
-0.0427686182611484 0.0152452159448903 -0.235168295240719 0.44512663175066
-0.0346633099169632 -0.0055634909898008 -0.387600069362673 0.0849611195022149
-0.0311034291431424 -0.0182510860150261 -0.0689968018962496 0.0421829500193899
-0.0433117093425083 0.0115577612541871 0.362415177594792 0.0250107653105618
-0.0176553045036982 0.0336998565816511 0.378763563710827 -0.361985156890319
0.0232087206521829 0.0289054149969483 -0.131982523871013 -0.482054213681684
0.0392073759806487 -0.0129618885721424 -0.385624324745174 -0.0608574109529948
0.00321793213947399 -0.0275342502174417 -0.171174772997863 0.200317440936291
-0.0139896142650749 -0.0124061107632859 0.0363087944902248 0.105330404795639
-0.0162175559502366 0.00582670231963754 0.0867025573389179 -0.0812445198060723
-0.00965720196189408 0.00390719431071139 -0.0744749077374612 0.0810085181117972
-0.0014842074988089 -0.0125200938682118 -0.0717975022393883 -0.0573461797410887
0.0147025357923301 -0.0120960617422999 0.107251831561917 -0.187071313589906
0.0248850451382401 0.0110437463507221 0.309298949755849 -0.0138441011889981
-0.0095384700293325 0.0253235590838014 0.244973989343663 0.394980971757894
-0.0391111979713641 0.00771083005604056 -0.234967171915774 0.448435204421165
-0.0236393103611749 -0.00850704429927381 -0.395212193445755 0.0867073068120514
-0.0188342903579641 -0.0161961624015434 -0.0765218574931451 0.0400145538307599
-0.0313266773850073 0.00944609829362634 0.356279226005327 0.0268035304265483
-0.0126017316498606 0.0262596782399679 0.378394346342182 -0.358938192027513
0.021228775311598 0.0229092718484323 -0.132460543501401 -0.482912210077569
0.0355151757810467 -0.0135460433744059 -0.388150780301329 -0.0642195381430902
0.00292718122105206 -0.0272654445243709 -0.174356656149401 0.200409483657843
-0.0121779551897146 -0.0109986550415358 0.0370514760792007 0.106470549057233
-0.0122202331392349 0.00835672165667558 0.0889698834578023 -0.0797553776055287
-0.00518390868612984 0.00638664541455153 -0.0724925924225139 0.0819657984331696
0.000811898082031575 -0.00981297177808718 -0.0700971708981673 -0.0571978369629135
0.0141113120892265 -0.00910003174019759 0.108508284619763 -0.186950420761528
0.0199372002952953 0.0110583121000655 0.309414329883667 -0.00992105750985993
-0.0128823513954297 0.0187341923765221 0.237511898006971 0.398197986407511
-0.0338773871978965 -0.00186365956790807 -0.242541584718424 0.449031071645292
-0.00972623919492964 -0.0114816817491732 -0.399246054941562 0.082684717040759
-0.00458623649873014 -0.0139903556573679 -0.0781735894828957 0.0382754740353605
-0.0173486368198704 0.0079394951572455 0.353678743278505 0.0227380292534128
-0.00590322727273954 0.0180019397271646 0.370473462395178 -0.362416720682107
0.0187981726944718 0.0155819278265053 -0.141059107817637 -0.481381085950253
0.030899197789321 -0.0147510042813736 -0.390762143754495 -0.0604275830854228
0.00158572421577716 -0.025340483124041 -0.17350242012284 0.202254485485856
-0.0111161178972903 -0.0079714724840911 0.0395849478134707 0.106650787172628
-0.00872163782952409 0.0113299819972417 0.0923808575894573 -0.0789390108000335
-0.00068584087213335 0.00999571469163082 -0.0714196730530729 0.0822810098143483
0.00284876384995313 -0.00641988666252863 -0.0663318352632323 -0.0594107013289687
0.0131231641471269 -0.00396437176105341 0.114462791639596 -0.187095274313765
0.0137424093148133 0.0121600980313964 0.311088432729497 -0.00299805919738871
-0.0163127611988635 0.0119851951009374 0.226697323802052 0.40728923331869
-0.0271444782642093 -0.0131813207558458 -0.257492304359566 0.445185249385499
0.00598444250679933 -0.0146825951614281 -0.40337735187213 0.0738032433101803
0.0109354813859475 -0.0111577631027482 -0.0741872924962713 0.037887672769333
-0.00268103352813088 0.00602800963428311 0.356163315333211 0.0157892824996279
0.00252241958277314 0.00893949194095655 0.358988015933104 -0.371782048625625
0.0169622663542094 0.00740608407665172 -0.155325301719575 -0.475838711918545
0.0255074004029451 -0.0146785500044952 -0.392437812332785 -0.0523850096618612
-0.00114676930181127 -0.020396035120454 -0.168785152902737 0.204340799793956
-0.0105146864103299 -0.00334081933869782 0.0437919786913929 0.104661649400412
-0.00490383609732292 0.0152905920253814 0.0949400995916267 -0.0795641956738044
0.00249814698135782 0.0127122727856937 -0.0716590437774402 0.0817986141508116
0.00356579660378767 -0.00318917338435506 -0.062521078934529 -0.0635994810849104
0.0118812701080825 0.00110054464476205 0.123946661516996 -0.186918498753965
0.0094311828570973 0.0139240628500732 0.315170763957964 0.0090841914707368
-0.0183353833359098 0.0062425395148755 0.211575376710055 0.418223110203728
-0.020469362585327 -0.0219472535415445 -0.275383000880758 0.435920703858031
0.0180832359735342 -0.0163269302078918 -0.402217564174072 0.0614472390116142
0.0221549099135019 -0.00917008420142188 -0.0637444254651441 0.0396793727037467
0.00824649920887562 0.00504814702052546 0.362086948245831 0.00635584088217883
0.00908606356116061 0.00208268265258117 0.342197679808056 -0.384572671528154
0.0158648550161587 0.000686793674835136 -0.174292062543721 -0.467656265332485
0.0196969135722152 -0.0145526169176135 -0.390884142968102 -0.0367049875142793
-0.00355869416477035 -0.0166431954997026 -0.159090378472229 0.207243685990119
-0.0105288017225326 0.000900637843816186 0.049174554613666 0.101096492986136
-0.00255763099426875 0.0187428308413598 0.0969033748565606 -0.080650634390243
-0.0176218484214013 0.0018913442464852 -0.0806292794168161 0.0757755475738569
-0.00632232251122515 -0.00867790521441166 -0.0642271534168028 -0.06919796788155
0.0134722871113642 -0.00514884555153846 0.132332132969748 -0.189745696400352
0.0310910249661249 0.0190933227708071 0.327838591710202 0.0117794615313055
-0.00666523100896431 0.0349178155898282 0.221668910736104 0.416882695548437
-0.043225943080576 0.0172957987717957 -0.262279739880144 0.421773635505479
-0.0402238588057223 -0.00482190375932066 -0.365142749343404 0.0637944147111879
-0.041263554665465 -0.0168845345092509 -0.0254114417861357 0.0530069634072735
-0.0482460762899108 0.0176674762079789 0.392095649629483 -0.0054676224655324
-0.0118479075363284 0.0399954856936643 0.344998093931492 -0.404256386356901
0.0295001016753471 0.0279690992691035 -0.177849145976511 -0.457577006507236
0.0367335272598748 -0.0119127178190001 -0.373467011352386 -0.0171737767269853
-0.00249856351455439 -0.0193042499057518 -0.139914016932141 0.205724409506552
-0.0183070099988065 -0.00486117107922501 0.0495920255399229 0.0926674905424744
-0.0198342731532267 0.00813217029555301 0.0800303722048852 -0.088599742577577
-0.0177074819585688 0.000310301467440607 -0.0796231768789401 0.0770946120967117
-0.00610287952669616 -0.0119727924112495 -0.0684363666509329 -0.0648392389508444
0.0144450857919128 -0.0101791327658924 0.121511430742761 -0.189905519311873
0.0331292328293347 0.0159666214432641 0.322197489422385 -0.000569062319498208
-0.0055136294094351 0.03705157153061 0.235314443063492 0.405266775057568
-0.0453381811880761 0.0210882962169093 -0.2456118078937 0.431565946523287
-0.0443654137768426 -0.00333439612259745 -0.370822658431184 0.0747821226849963
-0.04387858638423 -0.0182493201907573 -0.0402754649890076 0.0501907633022785
-0.0523552676133515 0.0165980816850293 0.382774767688759 0.0057712900618625
-0.0165460309630675 0.0415653065015473 0.358475554112149 -0.389569381279202
0.0283277183221603 0.0311029533940591 -0.160683956982931 -0.467285328583831
0.0396729062831521 -0.0122794907498332 -0.377455106779811 -0.0324520149712859
0.000126078726009611 -0.0235314085586283 -0.150554764662862 0.204296984269314
-0.0176308443147411 -0.00902781124280954 0.0448167912547317 0.0975726800192666
-0.0201498728925332 0.00623897507212709 0.0806234941804327 -0.086769610072882
-0.016390073554529 0.000939873127627232 -0.0772220420190926 0.0787058075687333
-0.00523041297952255 -0.013734520893045 -0.0711016383152829 -0.060928460576979
0.0145613862999368 -0.0128452456748071 0.112512874294733 -0.190335992329477
0.0324699991115598 0.012701845733745 0.317002458889346 -0.0110244139341464
-0.00548637974667782 0.0349930762891648 0.245588580339358 0.396937728270329
-0.0449610026470987 0.0207258110925668 -0.23361448302051 0.441318154780829
-0.0420759576894642 -0.00316544467754839 -0.378139546784372 0.0857500098526764
-0.0403803264887166 -0.018395238118804 -0.0551185749387923 0.0465924595838955
-0.0503794180823244 0.0144132010065647 0.371782121337453 0.0135923134446721
-0.0188285599598772 0.0391762431434849 0.367375971951099 -0.376535554454616
0.0265947489883421 0.0312043369651064 -0.148825569825829 -0.475344172566118
0.0404650547483218 -0.0133110450156968 -0.383296317368793 -0.0455407977023238
0.00177769452861481 -0.0264779032612486 -0.160071534842808 0.203465177190804
-0.0160503177013913 -0.0107176611196203 0.0412770382638701 0.101357000879745
-0.0185861568892015 0.00562067744763337 0.0821068029728413 -0.0838887069423615
-0.0132841518220736 0.00188090439273373 -0.0753505226730041 0.0807808309979279
-0.00399140540972445 -0.0138600493369297 -0.073470223350023 -0.0573183685043588
0.0140062719462761 -0.0140788304798676 0.106671372527176 -0.188478941524389
0.029659169187104 0.0109967908223465 0.312679614091006 -0.0165242898992301
-0.00697586014120837 0.0308859461474368 0.251064112069766 0.390122729828096
-0.0428278918083081 0.0159759435120529 -0.227805499689845 0.447947455164958
-0.0347839671051611 -0.00488726074646238 -0.385666757405763 0.0893530733668297
-0.0318386917122942 -0.0171303691779408 -0.067585785418156 0.0434121162812497
-0.0421878083254275 0.0120142712509237 0.36134720449098 0.0196125929748625
-0.0176000774963042 0.0337491225727883 0.37215830932302 -0.365643230898432
0.0238923553668228 0.0281932674315385 -0.139185627025811 -0.47897959183823
0.0388244904517608 -0.0137116643435452 -0.385779944061291 -0.0543154261632817
0.0035286602340951 -0.0276279519439534 -0.167538195225336 0.202486218751509
-0.0141209281703007 -0.0113105715859592 0.038744954779588 0.104812313788053
-0.0159001059649005 0.00635831480093704 0.0857404216735901 -0.081744167521588
-0.00920509005626155 0.00395778762913141 -0.0730628001866429 0.0818491381434339
-0.00173342833373372 -0.0125719226808591 -0.0725700289724621 -0.055620490002544
0.0142622001974945 -0.012593507381373 0.10434441727571 -0.188569347300913
0.0253031336929994 0.0102620693670436 0.309850010821242 -0.0183887636332955
-0.00984574429587092 0.0256785967084161 0.25113430846882 0.38901072790805
-0.0389210881600213 0.00793235533433809 -0.227851598948925 0.450619095564567
-0.0233048167317542 -0.00751651240363842 -0.392207663442892 0.0918211851784174
-0.0191796987638616 -0.0162855571312117 -0.0760528248071877 0.0405691197568129
-0.0310552491181919 0.00949471947920376 0.355105015346451 0.0204762153143647
-0.0127395024573924 0.0264206230609706 0.372117346767881 -0.362334557459257
0.0216136298606863 0.0224322883921383 -0.140611945516988 -0.480205809853343
0.0353726519878834 -0.0144449809496331 -0.389290138771025 -0.0580622683584915
0.00281057783357277 -0.0274625821325143 -0.170815215086162 0.203708836632706
-0.0124382809395142 -0.0102273240285919 0.0379533999606027 0.105953055907082
-0.0119631132253648 0.00871971803363601 0.0880922401008486 -0.0810508152302289
-0.00495819648770676 0.00682512608206166 -0.0712604619542401 0.0827275794252925
0.00068518510332643 -0.0105628066504937 -0.0706797977758112 -0.0565122431012998
0.0141786785699439 -0.00940744222240144 0.105866522702989 -0.188647249453427
0.0201875166055109 0.0102533084893101 0.309782509228024 -0.0151844830152948
-0.012673045330612 0.0193047317362904 0.244727395139988 0.392391726810737
-0.0335585583524012 -0.00150203071980234 -0.236122518716883 0.451436313822345
-0.00966033396795478 -0.0118520183650242 -0.397235009692834 0.0873289329548419
-0.00467512260727268 -0.0139389668747849 -0.0778200409724692 0.0390098499362119
-0.017245798453295 0.00789966415219539 0.352121843260699 0.017092750240022
-0.00534219297669393 0.0180695281244035 0.363956487866879 -0.366665301071591
0.0190200818651213 0.0155476978684749 -0.148239626206915 -0.479049123321595
0.0302835039944865 -0.0152836278202769 -0.391300271892257 -0.0538951000353738
0.00119188453005769 -0.0255338325501908 -0.169648791754007 0.204509478277433
-0.0116862599993972 -0.00742846606314154 0.0406515725377907 0.106141127140406
-0.00828204250753877 0.0114217798100088 0.0909812943325184 -0.0803943975446868
-5.885207496697E-05 0.00963108203000843 -0.0705569433224682 0.0827973274930029
0.00272665790899837 -0.0067298198173511 -0.0674344197987232 -0.0584452537286511
0.0133727389839998 -0.00445958970607673 0.111685877331547 -0.189047555702578
0.0145859631188317 0.0118777724431993 0.311292488307085 -0.00890755798409327
-0.0163966196362441 0.0122293311584207 0.233553043492411 0.401482267638745
-0.0271772579992555 -0.0125437024392048 -0.250887446827444 0.446883849060497
0.00580408026500882 -0.0150149543344203 -0.400350493344183 0.0808007232652985
0.0107616754449067 -0.0114628562058604 -0.0733654434935675 0.0387215642599416
-0.00239023899546266 0.00619933357253529 0.354417940915319 0.0104567361229077
0.00244318532237914 0.00859508083893762 0.351957262592074 -0.374636489008042
0.0170714261679165 0.00682080823693609 -0.162394546996471 -0.473776032527467
0.0246887003007864 -0.0150387947886229 -0.392398948368476 -0.0452314525163074
-0.00124383319836705 -0.0211976471633721 -0.164918208623224 0.206538247594613
-0.0108277533904529 -0.00278621704090852 0.0454210451152295 0.10456645797775
-0.00432842171661116 0.0157810541241321 0.0938000451456169 -0.0810763573174524
0.00311988497309801 0.0126305626928667 -0.0700598521388286 0.0823118781568761
0.00357741584693322 -0.00317705555781321 -0.0630245021759426 -0.0622306370695431
0.0123143908134737 0.00111385332401905 0.121138877985543 -0.189411288128736
0.00984695829932679 0.0137984398098825 0.31485479505092 0.0035420920693729
-0.018769268499509 0.00655819287179518 0.218968769632747 0.413173095122481
-0.0205357155757143 -0.021710404013549 -0.268920559138923 0.437787780157009
0.0182071380386247 -0.0171601961507297 -0.399948623470012 0.0671701054962263
0.0221440013248354 -0.00918201049118089 -0.0631262734065635 0.0401605586456271
0.00835004988029335 0.00461790473790216 0.360633751209122 0.00074750097096033
0.00896635910919602 0.0018459550525089 0.336248025805623 -0.388719094358224
0.0157078843714609 0.000468068475669194 -0.182587437137283 -0.464900885887338
0.0197053565915669 -0.0145643235071004 -0.391285345678941 -0.030090617390017
-0.00403907998187743 -0.0168187209196293 -0.155170714680354 0.209255447999485
-0.0100993758848946 0.00199894863977953 0.0510466672484087 0.100600089237384
-0.00217796674920404 0.0195302290525694 0.0953061666660471 -0.0823250062368529
-0.0173343045967597 0.00202979802175861 -0.0797864029562128 0.076854092863084
-0.00654357090625162 -0.00894341031901011 -0.0644651909716945 -0.0684409747380922
0.0133412267071039 -0.00549004012888749 0.129105458756155 -0.191683285634167
0.03157932283699 0.0180915870076533 0.327301357722822 0.00617083651679166
-0.00664916946988073 0.0358588822515824 0.227720639537693 0.412288941982025
-0.0428701203906247 0.0180097831087698 -0.255059133937821 0.42450938780715
-0.0404581207067393 -0.00370710960845372 -0.362866162497952 0.0683242259619267
-0.0414607205530553 -0.0166146019107789 -0.0245003008292744 0.0535466122935154
-0.0476218563508181 0.0185643316942436 0.389284529109795 -0.00985220896466595
-0.0112446062261659 0.0397867662254714 0.338195134537705 -0.407128325875096
0.029698142089541 0.0275873857622158 -0.185366506341558 -0.452318877267319
0.0366475927759781 -0.0121808956461313 -0.372772012202343 -0.0117680429998658
-0.00306658329270055 -0.0197207422545442 -0.135833667654869 0.207289954752855
-0.0189947954063807 -0.00393702398302386 0.0512234410904281 0.0918927431852662
-0.0194023873786003 0.00837154935196328 0.0785880176878952 -0.0890584408911378
-0.0173253376254792 0.000571402814679212 -0.0784332725606211 0.0780801133276393
-0.00669910285324616 -0.0116031272293001 -0.0691225640835689 -0.0636017633569411
0.0142609056535292 -0.00998166736621462 0.118527858340492 -0.191361620999103
0.0331915596214606 0.0150282226362681 0.321828808546951 -0.00536389482783601
-0.005605730497884 0.0370902266835365 0.241488748138093 0.40082337310353
-0.0447559421303556 0.0218205052776226 -0.239179731768385 0.43364242864495
-0.0439406501085893 -0.00247933698792698 -0.36750312191177 0.0799426394672861
-0.0439444992848709 -0.0174027548087803 -0.0392986022268147 0.0504474927044809
-0.0517075827684211 0.0168392747882549 0.380769227564568 -5.36356587198581E-06
-0.0158096967568804 0.040844145536457 0.350726920434304 -0.393547024731488
0.0290507864652453 0.0301971894998256 -0.168148401597015 -0.463252008163401
0.0390585469540879 -0.0129344813729068 -0.376938620604044 -0.0256060371902687
9.12024682112967E-05 -0.0238889162465355 -0.146427660838839 0.206077605284969
-0.0177867168689276 -0.00780748452837214 0.0465097717950571 0.0963968004683552
-0.0195378221067671 0.00636508234220807 0.0790315294887385 -0.0876178166336971
-0.0157604868436459 0.000985894734412334 -0.0763735432868144 0.0795405292645574
-0.00564449790609978 -0.0133257459676201 -0.0717822485912325 -0.0596603832497486
0.0145076807081058 -0.01299248239394 0.109262672607636 -0.191696333444498
0.0327229539779025 0.0125539857379882 0.316618686244258 -0.0166988557104102
-0.00511747706669791 0.0352287263747156 0.251845863017012 0.389863016120205
-0.0447103133717904 0.0212875806740461 -0.227679346426979 0.442394791927015
-0.0419083485961 -0.00261549026640284 -0.376018303534635 0.0905734410357052
-0.0406785257971661 -0.017503683153848 -0.0542731056900048 0.0469655634073562
-0.0495731510564625 0.0152731029513402 0.369795581664849 0.00839898875605135
-0.0183782021987294 0.038904604219187 0.361247195951588 -0.379993536334796
0.0268982243875907 0.0310315087330154 -0.155252519811187 -0.471288377692149
0.0400161256988112 -0.0139420930036369 -0.381868329027038 -0.0390375042995246
0.00198461392454397 -0.0263466550708444 -0.156110287897841 0.205218175720936
-0.015907499303095 -0.0106073211192809 0.0420765957976405 0.100778212562631
-0.0180068722456896 0.00616683650779256 0.0804968960137741 -0.0846740055336042
-0.0128053693171456 0.00183123323004937 -0.0745682030988772 0.0815240323134612
-0.00388008659805843 -0.0138790675449899 -0.0727104343971108 -0.0559778374467474
0.0142520464820766 -0.013963825438051 0.103332110493268 -0.190630636702326
0.0297933340316627 0.00987219789743637 0.311254080051673 -0.0210224970911394
-0.00682126279083471 0.0314601031008639 0.25636530565115 0.383226768158118
-0.0423363567385531 0.0163244665318755 -0.220991440799275 0.449172530041032
-0.0344424913823232 -0.00455606524057238 -0.38359150989591 0.0956190716764084
-0.0318297253422111 -0.0168975668848593 -0.0671894683447246 0.0437859460524642
-0.041985528645915 0.0127374894071382 0.359586662007297 0.0146067506601808
-0.0166599986252685 0.0336662557321781 0.364943253550325 -0.369007651895057
0.0241358235062718 0.0274588192006027 -0.145520522932318 -0.47512921480707
0.0383500907670706 -0.0147054838207111 -0.385351931073025 -0.0472781463591133
0.00294755073505917 -0.0274527177388958 -0.163309748055277 0.204703274111161
-0.0144827823892288 -0.011036819760181 0.0397242882680306 0.104090936951302
-0.0150309753833689 0.00706618494374711 0.0834651699345024 -0.0829415054293515
-0.00864322045023608 0.00398337534960731 -0.0715792920144556 0.0822677254119415
-0.00195054091922987 -0.012500101790979 -0.0725113906998927 -0.0541912433901625
0.0141207500480027 -0.012976578498896 0.101283460913025 -0.190238310771439
0.0258983717482557 0.00943489256500383 0.308927724300125 -0.0233840452500908
-0.00922406600046475 0.0258411826048744 0.255050275490178 0.383187464696338
-0.0384159271787911 0.0087723692631106 -0.221125357762161 0.452193711619857
-0.0233179078621831 -0.00780121469890234 -0.390759417624247 0.0973677731997299
-0.0196231269978923 -0.0159456606354798 -0.0746728690592079 0.0409905134531435
-0.0303598198086107 0.0104633935922824 0.353667303614896 0.0157624313793503
-0.0119619886480761 0.0264302614924909 0.364128381262596 -0.365740266285741
0.0220859715444233 0.0219052441686672 -0.146119709187109 -0.4765945649621
0.0347212244843378 -0.0155334720502463 -0.388100563289227 -0.0508613664873059
0.00270339944222131 -0.0271061493989908 -0.167028985910268 0.205170920769337
-0.0124117088042377 -0.0100439682766742 0.0401487276058931 0.105666785610199
-0.0114652706587823 0.00889786653444331 0.086579745889428 -0.0817429692758428
-0.00409448847211736 0.00682885820046101 -0.0702400460781603 0.0830979493807635
0.000443191642852399 -0.00988496897038674 -0.0707259432786592 -0.0548035658680487
0.0138197622620192 -0.00967768557190176 0.1031936501547 -0.190790853419758
0.0200611316209062 0.00992436185892823 0.308290049411722 -0.0203619708813805
-0.0128360521177256 0.019773953462156 0.250186429577566 0.386881575306028
-0.0332133926852664 -0.000972673803577455 -0.227806734616197 0.45141513540867
-0.00947710911298782 -0.0111670667539968 -0.395791009706739 0.0930607711030702
-0.00522123655905817 -0.0137170710820625 -0.0768536284833789 0.0403886176800603
-0.0167674760065038 0.00821931727338916 0.350135076155673 0.0120107701148624
-0.00505299505956332 0.0178888707764269 0.356061061905083 -0.369540500890234
0.0195283356033565 0.0148262401753533 -0.154638173422901 -0.474863165947807
0.0296471803526058 -0.0158259636593357 -0.391136849138893 -0.0476085084691599
0.000807733960197576 -0.0251010260313579 -0.165898130268501 0.206827337469144
-0.0114865400157715 -0.00697887925102656 0.0424891129886858 0.105151071258543
-0.00793320769901132 0.0121460557253633 0.089321599913903 -0.081249077320047
0.00057993164939166 0.00989518322424862 -0.0686532180444185 0.0836129579673814
0.00213166121196057 -0.00646537201505925 -0.0680766525802367 -0.0569444817882885
0.0132124965128494 -0.00439220958040371 0.108408444908004 -0.19060682492884
0.0143455215934742 0.011664515787378 0.310741027435719 -0.0133379478825671
-0.0162887431115159 0.0131016200903472 0.239144395901106 0.3957252518403
-0.0271038051423978 -0.0122351209157587 -0.242527702829822 0.449178434179301
0.00618702047866002 -0.0146420002892593 -0.396626237722145 0.0848309145902582
0.0103314511651786 -0.0113895005084121 -0.0726014691103329 0.0391076202020869
-0.0023360826483531 0.00638104257551779 0.35324241064869 0.00549739397423313
0.00278886780670582 0.00878325905305728 0.346979952909265 -0.37865278248025
0.0170250517989974 0.00652322667583026 -0.168662184867535 -0.468445147788694
0.0239501255055967 -0.0161820115628647 -0.391785953683748 -0.0385694737846827
-0.00130401421541296 -0.021176032305465 -0.161318224598706 0.208982668782971
-0.0107040125698878 -0.00243657053214038 0.0467218800784475 0.103876356610136
-0.00401260305352024 0.0157985386115342 0.0923444715971379 -0.0817491002857244
0.00383392615490586 0.0125430333111842 -0.0686780307121319 0.0825987504821408
0.00345055155714787 -0.0028086770131575 -0.0633171047105328 -0.0613082208638767
0.011948841704661 0.000691491162377873 0.117942577020075 -0.190953487873654
0.0101033197351048 0.0132489533897534 0.314616426403511 -0.00147522008220576
-0.0184905035043564 0.00686531719508545 0.223311930380228 0.40700032453751
-0.0211599905857891 -0.0210678221839234 -0.260959964617527 0.44091426878995
0.0179515468856396 -0.016438501153763 -0.397089563645898 0.0718969746428641
0.0217167694029943 -0.00929593791592625 -0.0623072953328485 0.0408168291558342
0.00863219855370838 0.00420811402211778 0.358164863053417 -0.00499090327065972
0.00929908703381014 0.00115492902703763 0.329786132411548 -0.39183227628827
0.0157313873463698 0.000400477672563369 -0.187604321830838 -0.458275540493431
0.0192411863162701 -0.0151609411601075 -0.390923707167683 -0.0238915890640767
-0.00399792760184364 -0.0170054847150323 -0.151499968521815 0.210902803362131
-0.0105235737047388 0.00233439702059801 0.0527884917787104 0.0998907853212166
-0.0018919589960211 0.0191585677351375 0.0939118152939252 -0.082544941468049
-0.0162527614763978 0.00209476961921481 -0.0783745030321359 0.0772755318291687
-0.00689332448948716 -0.00836028350271184 -0.0650331046693187 -0.0671918665498446
0.0131978932479929 -0.00586414135733043 0.126324950451486 -0.193465719677162
0.0315354405599676 0.0173388245910536 0.325973685388115 0.00159897575484428
-0.00642705787884717 0.0357166272116373 0.23144806896315 0.406176140240522
-0.0419955860740873 0.0184313635058109 -0.249085256151509 0.423978438209418
-0.0397569676943227 -0.00334978480836089 -0.359632806280175 0.0725647480547968
-0.0410911185660873 -0.0155812371968749 -0.0235607093114618 0.0534135926428984
-0.0468375345895665 0.0186973525653655 0.38732775782277 -0.0149081994262377
-0.0109892900279513 0.0397043632743633 0.331128748950982 -0.407905436446835
0.0296277576703564 0.026501131418789 -0.18904603959852 -0.447683883377361
0.036115763242187 -0.0130836071162698 -0.370286940410408 -0.00602815501472564
-0.00284036700549619 -0.0191300087560591 -0.133021736348144 0.208576071046966
-0.0183608697915644 -0.00344331083155404 0.0521475402621714 0.0906705450829334
-0.0192527434689969 0.00881654055856684 0.0769074916069444 -0.0892059316711881
-0.016819505055757 0.000774094601179469 -0.0773538873538899 0.0789907134971705
-0.00707964380480675 -0.0119390727897171 -0.0691885110072285 -0.0617840540081858
0.0140725090911377 -0.0100128975938612 0.115378733490051 -0.192885514077548
0.0332344532069227 0.0140359364142786 0.319658188360632 -0.00977090157424862
-0.0052696119457032 0.0369404029845948 0.246135644444995 0.394610554541401
-0.0442513353398761 0.0222131706914742 -0.231770194865118 0.433603189254034
-0.043229020249913 -0.00221127570309194 -0.364943810759426 0.0827964391075134
-0.0438591009224691 -0.016703092870716 -0.0386960947019934 0.0500590154080919
-0.0509283840535166 0.0176632558073496 0.377625640250282 -0.00421514187804966
-0.0155897564881382 0.0411105874409994 0.345134319206866 -0.395074021731053
0.0292379480682281 0.0297926356281797 -0.172586017487761 -0.458776193734914
0.0388049343441246 -0.0139080743986868 -0.375358549339588 -0.0201222755344573
-0.000478048594099665 -0.0236376960659775 -0.142914043191003 0.207396821234091
-0.0176533729640065 -0.00751465886022678 0.0469775630905233 0.0952300775726384
-0.0191626997374212 0.00725357483758038 0.0778756591003038 -0.087376917535286
-0.015195937295114 0.000478620530770465 -0.0750989591587577 0.0804609126093309
-0.00591480014576538 -0.0129236499354184 -0.0720788332831356 -0.0581453493617179
0.013823796536999 -0.0134739238457824 0.106678850038772 -0.192074033147607
0.0330128656875544 0.0114381138336762 0.314971550565923 -0.0204718591019355
-0.00507937543811568 0.0352778971475356 0.255487287822352 0.384393576596089
-0.0442654663033343 0.0213452081048478 -0.220295970396565 0.442190758738522
-0.041264536356761 -0.00225948116258401 -0.372267995580848 0.0932963493055659
-0.0407057218631181 -0.0165318358773802 -0.0533927936003365 0.0472306140265305
-0.0484654570330242 0.0156476487612384 0.367526357500012 0.00409569978835663
-0.017363423493363 0.0390376920918071 0.354547877414604 -0.381689630493212
0.0269278181791614 0.0302631617996107 -0.160173418874607 -0.466115233260083
0.0395571818649631 -0.0142314722544548 -0.38029454671537 -0.0336810288358292
0.00191454855062414 -0.0263306451899087 -0.152724527937163 0.206327586844237
-0.0157927254708878 -0.00956456317542912 0.0436577193426367 0.0999480969869429
-0.0178676017260015 0.00653404723598704 0.0797134138089518 -0.0852995212209244
-0.0120055385037568 0.00187608813847327 -0.0729932669877943 0.0812362941827268
-0.00418577203559607 -0.013182828701313 -0.0732735054477056 -0.0552154548314034
0.0141514374887274 -0.0144354587682703 0.0999061692778528 -0.191019200833281
0.0299677437078983 0.00971835069947661 0.309887946670736 -0.0253629379314767
-0.00646794343460093 0.0315170676427917 0.258982642522581 0.377358567392385
-0.0415710354040104 0.0171229058234961 -0.213735246391558 0.447646017931359
-0.0337834392961897 -0.00426740819490538 -0.380679742534403 0.0985554052416947
-0.0319544456862591 -0.0161344171941451 -0.0658982815833362 0.0436273458787011
-0.0411613806809241 0.0128078487334594 0.356720989746737 0.0102764721366643
-0.0162285313791056 0.0337495045800779 0.358954464301404 -0.371299387521457
0.0245768513064015 0.0274259702145229 -0.150554259996422 -0.470635796932622
0.0377766995294258 -0.0151441046690165 -0.383805364164906 -0.042276751358959
0.00255509985825499 -0.0276894902173573 -0.160004454240834 0.206099375959297
-0.0143649100079189 -0.0104528274086059 0.0414535430095662 0.1033294016592
-0.0147791864365096 0.00737976376769459 0.082423376485432 -0.083266158936274
-0.00812384673355101 0.0038992984857951 -0.0709054705738664 0.0826043432222895
-0.00276625908369416 -0.0121799347346919 -0.0729554506369785 -0.0533398756394386
0.0140386412106672 -0.0130170792084854 0.0980515628275432 -0.191276748558596
0.0254722802031036 0.00858100008419914 0.307537739350085 -0.0277312274334771
-0.00943185397484726 0.0263131781168455 0.258759987987525 0.376859633128746
-0.0382104130564517 0.0093197087000632 -0.214349572567497 0.45152805683915
-0.0228778395832985 -0.00738250402034463 -0.38594956591175 0.101389147346547
-0.0195947154562668 -0.0150969479796412 -0.0736250727021102 0.0418533804049173
-0.0300310513060763 0.0104193713915093 0.350894878039196 0.0110653512102555
-0.011674439613234 0.0259364520694618 0.358575556877532 -0.367851421337529
0.0218580918172815 0.021546542783747 -0.150711204253449 -0.472708818504895
0.0344183030838462 -0.0155495330859256 -0.386930104564517 -0.0457802557205443
0.00228602773217022 -0.0273085704396358 -0.163731759736967 0.206811779842912
-0.0126348749265393 -0.0088339906409544 0.041517219811591 0.105141104540397
-0.011451573639416 0.00948259623600064 0.0852359296643861 -0.0818620746904758
-0.00377480039833823 0.00667759415644076 -0.069235216687976 0.0831444121894194
0.000333033587811794 -0.00963451180386653 -0.0707684877735706 -0.0539951973143674
0.0137856543485701 -0.00965264476986536 0.10010238792155 -0.191855991583638
0.0204224794770652 0.00951565642863619 0.307373738641148 -0.0236317698551265
-0.0130480442934778 0.0200775977792436 0.252785358756473 0.380595392298877
-0.0334172808168727 -0.000497227317220909 -0.221258401469428 0.452287975653226
-0.00956173602532937 -0.0114008150271532 -0.392065453619897 0.0972262853153026
-0.00497891870289767 -0.0134167052998585 -0.0756962869356535 0.0405334799505676
-0.0166024593979494 0.00804082407613649 0.348136476784604 0.00824403907952495
-0.00489333268031134 0.0180424232968931 0.351300717261839 -0.372789042067896
0.0195498834739418 0.0148964880283743 -0.158995682240643 -0.468992967947744
0.029564556766012 -0.0164357700197678 -0.389961942087269 -0.041387969801138
0.000884587716657295 -0.0248314028406362 -0.162111910282385 0.208398473749094
-0.0113944342098148 -0.00649406672305872 0.0438574230233815 0.104221722975647
-0.00732720092065521 0.0122688334089715 0.0883011143190742 -0.0817200649791464
0.00120847309746825 0.00965556817054053 -0.0678484864960315 0.083585640424008
0.00210937413086651 -0.0062105017023296 -0.067976718520024 -0.0560931565466684
0.0130948404305424 -0.00483624844507871 0.105621114477996 -0.192217203443498
0.0149153371255749 0.0109089947736541 0.309146515759121 -0.0174366201534348
-0.0164377755813545 0.0132335335482609 0.242765463327123 0.390250830623468
-0.0270833283997509 -0.0115904806297886 -0.236305262651329 0.448193233697752
0.00571594847179729 -0.0146941607747242 -0.394810614145562 0.0891081502580463
0.0103949942872617 -0.0113423467918865 -0.0719210724010069 0.0398871808497482
-0.00186529163068938 0.00646152388966511 0.350025799339857 0.000954919061551639
0.00280838038039039 0.00815756316838241 0.339838695279225 -0.379690105937989
0.0171350998673078 0.00676105880775455 -0.172983838542835 -0.464496579616239
0.0235141835164472 -0.016723843197628 -0.390769391005529 -0.0324649676618635
-0.00173725259501913 -0.0212936480195081 -0.157467870434921 0.209902263745433
-0.0106146656682964 -0.00121972101871629 0.0481958701196196 0.102800961184292
-0.00386429511879956 0.0157943945550392 0.0907660723390034 -0.0818644493878862
0.00472962676201042 0.0121809812298696 -0.0680150263017371 0.083359885915838
0.00320976290575192 -0.00238187422060278 -0.0635355073804614 -0.059885726382348
0.0120910930399111 0.000852505493302435 0.114940796482833 -0.192403894977033
0.0102670167017092 0.013183570048469 0.313895647149793 -0.00552717799032062
-0.0186141340961349 0.00748544814425973 0.227964067633729 0.401547423382739
-0.020894489868228 -0.0209056175069104 -0.255295295390115 0.441228691822834
0.018152763064035 -0.0166119021576954 -0.39414821036189 0.0771457532146159
0.0213742699878208 -0.00934089730105755 -0.0616113066600676 0.0412006721822093
0.00895661871226074 0.00395063435334023 0.35588460697702 -0.00971437550465781
0.00890824741053236 0.0012458820971468 0.322878086257556 -0.393481171106034
0.0155946411206872 2.44256172246011E-05 -0.191742462963415 -0.453906384935104
0.018707149622391 -0.0157253361971149 -0.389022609352939 -0.0175844675743524
-0.00407119985734081 -0.0165640577068568 -0.147759206461169 0.211991942944219
-0.0104969260749918 0.00308552455670376 0.054154528622541 0.0991672128830092
-0.001609893222351 0.0192785538881872 0.0926003877734363 -0.0832368693162716
-0.01575523089461 0.00192073797388777 -0.0773029908949405 0.0770988328627691
-0.00739639432789748 -0.00847247838720725 -0.065364348052291 -0.065994805622805
0.0132962309800967 -0.0057272931740353 0.122544075237709 -0.193645360422529
0.0317200371587581 0.0167683746305752 0.325138100604292 -0.00252083191231782
-0.00632548820816659 0.0358630475540776 0.234818798772294 0.400160585930535
-0.0419549527104269 0.0187990351140631 -0.24326544715646 0.423277941866025
-0.0395579357157543 -0.00292258673716368 -0.356707879273269 0.07538218715371
-0.0410195573498193 -0.0150049924319761 -0.0230264033641074 0.0527075472116077
-0.0465009907694717 0.0192461839886112 0.383783584702573 -0.0193346362477747
-0.0102635820790118 0.0392502713852877 0.325129023001374 -0.410494794593057
0.0300528062053581 0.0262193650881109 -0.193417459208851 -0.443272240105524
0.0352861532616066 -0.0134136823453822 -0.3679710246385 -0.00116017698182858
-0.0027097876886523 -0.0192536394240913 -0.129202282197771 0.208870686319508
-0.018715453642909 -0.00303858716895378 0.0525365022881404 0.0899475120149126
-0.0181069669558682 0.00927848642866405 0.0759467971311418 -0.0893389931839005
-0.0159252174654969 0.000874410991863949 -0.0754217580787822 0.0792492488325844
-0.00663170183063924 -0.0115470072472793 -0.0694325672449623 -0.0610807565266734
0.0137814791903729 -0.0107011603515763 0.112386337068343 -0.193615699404619
0.0336754987892813 0.0134709843794251 0.318834444447642 -0.014405341497565
-0.00493190896881482 0.0372272360257355 0.248807048080793 0.389259130649952
-0.043844938033642 0.0223958320908827 -0.226410377455434 0.433376712424436
-0.0431371339834646 -0.00162510182131106 -0.361809464196459 0.0873291433958734
-0.0440937267784409 -0.0160497751254923 -0.0382731885881551 0.050628897745267
-0.0499701049705066 0.0180995498225576 0.374547220055938 -0.00843774695882241
-0.0152146731425416 0.0407983085783184 0.337664786869786 -0.395345607273955
0.0291793010217149 0.0292152091786752 -0.177436308283011 -0.453200588638731
0.0382578721999743 -0.0142771727193387 -0.37378827764728 -0.0155514406982563
-0.000604230137990932 -0.0226976176419797 -0.139822955189979 0.20805454077401
-0.0176373472232684 -0.0068178450674205 0.0477868505286727 0.0946253157358703
-0.0186335308186016 0.00741519690538741 0.0761562049536055 -0.0877011608579363
-0.0150367484440833 0.000991600654119581 -0.0734112622793724 0.0803685022681191
-0.00635887763306651 -0.0131621865270302 -0.0720204494444863 -0.057170997391919
0.0140471120867029 -0.01359963745219 0.103821502642557 -0.193225132800549
0.0327406664873881 0.0109543156039825 0.313695333029441 -0.0240326576995425
-0.00468507149419839 0.0355912922180856 0.257941874688072 0.378030756316805
-0.0433062469240959 0.0219788530723065 -0.214705482326278 0.443138928711015
-0.040918035503294 -0.00178691837535562 -0.369243939240972 0.0979256989994433
-0.0408169938686295 -0.016194216474895 -0.0523842832703073 0.0475860810768494
-0.0478987201904063 0.0158366706315487 0.363831812786645 0.000755751262726824
-0.0172535961619625 0.0385566043644963 0.347798022406959 -0.383171893660105
0.0273740230303962 0.0297557773272982 -0.165020276461696 -0.461441987033356
0.0386438986674115 -0.015253588998155 -0.378270878197506 -0.0286795737620212
0.00112077507736635 -0.0265824829593314 -0.149531542610223 0.207774578572201
-0.015968170165517 -0.00920944091667302 0.0443991923836687 0.098713959687951
-0.0174619923436965 0.0067532511911857 0.0778498316871291 -0.0852235828110357
-0.0113267764392977 0.00213405134242014 -0.0720919045977848 0.0818784266332083
-0.00459571176775807 -0.013261511607985 -0.0735267816286175 -0.053629099192155
0.0136495271380984 -0.0144884458461233 0.0978509795555787 -0.192339905998727
0.0301334392870367 0.00861108217569365 0.308124982839186 -0.0292716100349534
-0.00634367433996685 0.0313829294703659 0.263115744928996 0.371985590087081
-0.0412438663996983 0.0178807145164434 -0.208035143765413 0.447528362989351
-0.0334555644718584 -0.00372636147327129 -0.376686423537053 0.103097507923126
-0.0316346056224422 -0.0156292596225656 -0.0654731659686336 0.0445070561947107
-0.0408407591421089 0.0129865234784761 0.35437004145528 0.00619367303811343
-0.015777334277569 0.0334414914914242 0.353187129392839 -0.372669874356957
0.0241816874819909 0.0270084330591247 -0.155339538193118 -0.466027550561853
0.0371776250721115 -0.0154300393250573 -0.381250387244638 -0.0374252742044829
0.00202598145408891 -0.0279392032537087 -0.156572030102933 0.207029228979062
-0.0143332430277478 -0.00987531862316094 0.0426087836624393 0.102648995045465
-0.014220575626331 0.00794537277076483 0.0811762235994572 -0.083227778860617
-0.00715362717270911 0.00401403780637468 -0.0696324752342109 0.0823890859663339
-0.0025834763351815 -0.0121211039178945 -0.0728305539537518 -0.0520517062437013
0.0138184476997182 -0.0129559366647571 0.0959098250026093 -0.191692404893657
0.0260208847270815 0.00826672580756613 0.305950618401896 -0.0313070495844068
-0.0090177219831117 0.0263609146325223 0.261826329272314 0.370443958861948
-0.0377766362733579 0.0096759665864113 -0.207950116377298 0.45215090773168
-0.0226700532420274 -0.00761530194990923 -0.381721302652053 0.104831463851959
-0.0194076393507613 -0.0149790708374833 -0.0732887642489314 0.042037129050202
-0.029791636935587 0.0106665738989968 0.347652483618193 0.00773912646049835
-0.011387121945367 0.0256125378485119 0.352509187063949 -0.369632873437946
0.02180301364209 0.0210269164733268 -0.154850404136719 -0.466896113371477
0.0337901679205596 -0.0159359996684192 -0.38516066331472 -0.0397752575098899
0.00190648523966324 -0.0274515330700575 -0.159827489166115 0.208020539639518
-0.0126826302300618 -0.00850859019167594 0.0429839693745347 0.10440873303887
-0.0105805378879675 0.00968497993144769 0.0838371998580033 -0.0826814967179629
-0.00271202835892845 0.00671676959988351 -0.0679137736686108 0.0838073746599604
-0.000328545844607997 -0.0098626218584892 -0.0709334411650943 -0.0527700985384895
0.0138839855239914 -0.0100209584972631 0.0967540825413776 -0.192292493541478
0.0204989263400195 0.0091005267147192 0.305414283272612 -0.0276640094461357
-0.0126526160679303 0.0203213189056328 0.256119295584424 0.373708184162062
-0.0330700199896557 0.000118799389748837 -0.216072081547115 0.450420146707975
-0.00927287093292557 -0.0108614944184658 -0.388156071808406 0.100215872441933
-0.00530525382815291 -0.0131490344795239 -0.0750879582952871 0.0407571030527162
-0.0157501398325643 0.00812974867596847 0.34573613470599 0.00452687916749095
-0.0049719739025291 0.0174049295537236 0.344267130840965 -0.373271658708584
0.0195156389225425 0.0142543322638391 -0.164333865106367 -0.464292384780993
0.028660279563853 -0.0169926131011025 -0.387849020374882 -0.0362012746356681
0.000320089112403292 -0.0250595971802718 -0.158051311834689 0.209266569157528
-0.0113417187630677 -0.00550246600576675 0.0446122832971843 0.103253171881927
-0.0071331023311157 0.0124963885807065 0.0869315602278661 -0.0816757859813415
0.00157831385198764 0.00934231467914746 -0.0667315256372648 0.0836146575217176
0.00196482188019514 -0.00630424981100044 -0.0682707707523236 -0.0550558760625496
0.0128744736571459 -0.00496207950479198 0.102607388053566 -0.192633793408081
0.0150703414849485 0.0104928026122103 0.307413633926737 -0.0210817359174239
-0.016569019918183 0.0136409922863677 0.245929010286611 0.383798694600442
-0.0268260646545243 -0.0114567081822353 -0.231637233498505 0.4480127827512
0.00541684467729752 -0.014435948907857 -0.390294088190037 0.0921483149694543
0.00986119812727312 -0.0111627136620798 -0.0711321580324559 0.0400488540957697
-0.00129521100162385 0.00597366452883086 0.34740781572522 -0.00196611565177738
0.00291050007007879 0.00772565413983976 0.333480989538468 -0.380409274011491
0.0170065047329502 0.00636982962225634 -0.178682843226335 -0.458851135229716
0.0229083679325593 -0.0169672302207878 -0.389512772940813 -0.0265818573313255
-0.00195175815889213 -0.021024100402651 -0.153913939930677 0.211126602257026
-0.0103428486667103 -0.000919300377226343 0.0491489657339507 0.101757831564431
-0.00316905715238487 0.016219760716608 0.0897584950720271 -0.0825741844302938
0.005005744110424 0.0117416202367622 -0.0665564300214228 0.083643658098654
0.00312346582545557 -0.00305323684194977 -0.0637609117792029 -0.058899323008942
0.0121788866950773 0.000581791256889374 0.11243116580441 -0.192725154407707
0.0104799705015706 0.012552531575217 0.31261940218979 -0.00988383436457585
-0.0189275994184855 0.00807515560745439 0.232062424743679 0.394714609404092
-0.0209313297840619 -0.0201080221401037 -0.247571814919338 0.440441443171306
0.017732780557107 -0.0169881446993576 -0.390022989954364 0.080336444000161
0.0208909735086693 -0.00953695673025116 -0.0608712811236766 0.0413589047250317
0.00875600913292563 0.00390585556495266 0.352714049074161 -0.0134522357600225
0.00867250706510517 0.000998017235551242 0.316469111336034 -0.393665061544622
0.0155492334151317 0.00026196537327551 -0.196153238346883 -0.448956461408256
0.0186398536407337 -0.0165643652774104 -0.386771800631198 -0.0127480890312366
-0.00443542500745277 -0.0167411604388035 -0.144469415652859 0.213383869775416
-0.0102149023962268 0.00366048300514118 0.0549454648058065 0.097344887667632
-0.000973825810959408 0.0196721535261437 0.0912574583066781 -0.0836730429671447
-0.015545446766089 0.00188613364857784 -0.0760020102785184 0.0775773496524298
-0.00755473941390513 -0.00840491963601774 -0.0657013997411374 -0.0651188586879802
0.0132472483839035 -0.00603280790662432 0.119877181433158 -0.194541111738174
0.0319254364609223 0.0159942133994346 0.322913715983031 -0.00672688139220545
-0.00633199821778 0.0361958994868831 0.237514321246132 0.393919392418525
-0.0412251612163953 0.0191785569122162 -0.237527633434884 0.422365378044984
-0.0389093243108084 -0.00266643634961427 -0.352759611816465 0.077859104346535
-0.0409311237636653 -0.0145691459796321 -0.0223311118445288 0.0526570442904485
-0.0456351677134391 0.0193089052677544 0.380250770506381 -0.0225340876038618
-0.0100966413081363 0.0387596301822246 0.318637080744628 -0.408950104320096
0.0303934824029358 0.0258393583668639 -0.195947768233833 -0.43743887325296
0.0345434420968563 -0.0139512983113827 -0.365806364936622 0.0025440286421658
-0.00314646479085745 -0.0191169942475108 -0.126617701281551 0.209011422761752
-0.0182564375158007 -0.00240865036521927 0.0534770250184771 0.0892314042498923
-0.0177175106419148 0.00945957188586679 0.0744569965824599 -0.0890264031758476
-0.0157443972040566 0.000447995011037927 -0.0743316512403248 0.078888002930441
-0.00750190921446972 -0.0109643684819014 -0.0691933650210085 -0.0602346869102601
0.0134852883045282 -0.0104106153387184 0.109603891152624 -0.194106378525046
0.0334400043818692 0.0132014494595999 0.31645072280625 -0.017930255644876
-0.00479532624113894 0.037422032473345 0.250924687763886 0.381512940298234
-0.0427120793291174 0.0232038193969604 -0.220565716319712 0.430625300020823
-0.0423854560741418 -0.00137034157547752 -0.357386049941766 0.0897233064420059
-0.043555306744954 -0.0152112029211711 -0.0370425304789284 0.0503522815122722
-0.0495845167530601 0.018604711853586 0.370932992058773 -0.011517035059506
-0.014752020869496 0.0406060659841314 0.332713746570875 -0.397155337221196
0.0291011872576566 0.0291389239371749 -0.179390618084019 -0.449245012411547
0.0369840116964939 -0.0143198312797005 -0.370605433292121 -0.011625748738513
-0.000826275178386218 -0.0234575356061876 -0.136466961743303 0.208379553429414
-0.0175191370901035 -0.00633249867820047 0.0488929446655735 0.0933726971477598
-0.0180577006837433 0.00789973298111639 0.0751144894819551 -0.0878597296046068
-0.014426798178957 0.00066871004559734 -0.072336787693721 0.0805196741058504
-0.00634597105706617 -0.0127654454942986 -0.0723860046990096 -0.0556657031592919
0.013825803853506 -0.013975981949091 0.101125464904436 -0.193449276474399
0.0329761382187454 0.0102586685573578 0.311587796098926 -0.0277465834914766
-0.00481931403823919 0.0354724445973395 0.259410366666578 0.371381817611294
-0.0428537439943518 0.0227791630461313 -0.208017821394103 0.441248608784852
-0.0404124903712021 -0.00116024546777014 -0.365502512122761 0.0997295130362753
-0.040678550939495 -0.0155842980423597 -0.0516668311811619 0.047348048641982
-0.0476529050765565 0.0166660241554833 0.361251555710949 -0.002852469930393
-0.0165077122686272 0.0384588598876818 0.341878452904176 -0.383806287734485
0.0274047542233062 0.029314294563531 -0.168473269654199 -0.456033778005247
0.0380580392002011 -0.01519516191365 -0.375488477484586 -0.0241249755369259
0.00138211444588699 -0.0264252257352083 -0.14616820020325 0.208239786716336
-0.0155986425532723 -0.00859925348521128 0.0447598858044023 0.0979703386193442
-0.0169249946312592 0.00671375918866329 0.0765136779487708 -0.0849522022279237
-0.0112870699009629 0.00188381969627232 -0.0705404758919303 0.0815051326562094
-0.00489444326779691 -0.0127825748053934 -0.0729863931340314 -0.0526202096331988
0.0137923764695333 -0.0144179554634047 0.0947889250427869 -0.192507715907222
0.0300562647709698 0.00828259654615397 0.306598687571919 -0.0325298750615526
-0.00643764938314522 0.0322171632878658 0.265143593659526 0.365171102486455
-0.0406720145576573 0.0180368334035582 -0.20081360164932 0.446319605631753
-0.0333227104934791 -0.00347198459641398 -0.372631939488281 0.10507402515755
-0.0315255535844715 -0.0149717394433048 -0.0643674163738236 0.0452095073280472
-0.0400687830699952 0.0133716038362861 0.35099069364452 0.003461927589211
-0.0155441685228373 0.0333601764876349 0.345508151715326 -0.372671769067504
0.0243263718081098 0.0266561242157718 -0.15829506291257 -0.46109787414501
0.0366414792902787 -0.0160397496405204 -0.380338974330278 -0.0321294562328749
0.00214042146678357 -0.0273000570030717 -0.153081240075917 0.207671643743165
-0.0136637823589148 -0.00912861717638521 0.0439906796975005 0.101678932955085
-0.0137388097472278 0.00794409459615396 0.0798710413521146 -0.0841148425076999
-0.00703439588087711 0.00384746263144267 -0.0683587396836535 0.0829545724589614
-0.0024965988796927 -0.0118224259614839 -0.0727233462135959 -0.050979168232795
0.0136892289309562 -0.0129782394815636 0.0932431584484019 -0.191949987234373
0.0260233301306959 0.00801064053094835 0.304435969781211 -0.0343590540643747
-0.00900602728868442 0.0264997888245913 0.26437851448631 0.365349029162995
-0.0370409617082075 0.00983961932699264 -0.203440531336857 0.450057020665749
-0.0220121768089837 -0.00701832661725715 -0.379327703124535 0.106644667189183
-0.0196546527118163 -0.014546329338961 -0.0716879253155566 0.0422982874449081
-0.0285665545807423 0.010477338988616 0.344940009904234 0.00451770034949746
-0.0107738096548875 0.0260114490290609 0.347274362108994 -0.37123771330476
0.0222672559316432 0.0204685808166966 -0.158657120960545 -0.461950683716124
0.0329196704213022 -0.0167988313529009 -0.38267712117968 -0.0356295892620738
0.00187442106160086 -0.0268776963857645 -0.156424709945969 0.208355743201822
-0.0121952310789056 -0.00823128293583192 0.043168672380338 0.103334552107758
-0.0106432906257593 0.00997639697809094 0.0821849027370731 -0.0822311168382686
-0.00295156781777035 0.00655921374181479 -0.0666437991309995 0.0837267101504563
-0.000212044335889177 -0.00958971970431967 -0.0705739297839685 -0.0514125969883038
0.0132387630796192 -0.00996170320718033 0.0943334910495216 -0.19229847965952
0.0204429111764495 0.00813235761999725 0.30325533759695 -0.0315172956106416
-0.0127556591808768 0.020276079061477 0.259073545285127 0.367566125150949
-0.032765136502248 0.00043212182186024 -0.209898950087376 0.449424205840008
-0.00908990413911577 -0.0107770908985804 -0.383789002917257 0.103294261292261
-0.00512259817186463 -0.0128722794039562 -0.0738720398792746 0.0412463555906759
-0.0156626485073025 0.00863049877574232 0.343278218670361 0.00116723206496379
-0.00466688258016014 0.0173869581725419 0.337950320982902 -0.373696640595345
0.0196208150298437 0.0141931963073645 -0.167299730880428 -0.458758118426712
0.028674331435967 -0.0171469711237677 -0.385164348703342 -0.0318967878400922
1.59318696621067E-05 -0.0250165632881396 -0.155042136800898 0.210016565758709
-0.0112108639622043 -0.00555954903476803 0.0457034145672623 0.102424289455866
-0.00673809350420012 0.0125251305267977 0.0853750894751278 -0.0821134319071565
0.00180184511440602 0.00923273021918465 -0.0657111247203806 0.083876518377326
0.0019011909313844 -0.00633643402399257 -0.067547408168808 -0.0537343350135787
0.0128408581711725 -0.00522060429539521 0.100599243006438 -0.193116350087054
0.0152732839041569 0.0104094070348536 0.306308365847291 -0.0249158370615531
-0.0165990095114252 0.014020963826263 0.248460909704041 0.377279025377417
-0.0268126211285106 -0.0110130953304523 -0.223321609896711 0.445943490065297
0.0055998776622182 -0.0146881376200585 -0.386996957047558 0.0946931644703607
0.00988289754887622 -0.0114160455284955 -0.070215796176032 0.0410745944659828
-0.0012792459337341 0.00594998724975413 0.343781483835613 -0.00553242811543726
0.0028808281662453 0.00798752053118368 0.328604495867193 -0.380579603020457
0.0165116055739187 0.00608186104060998 -0.179885127034233 -0.453084490896244
0.0228365351185823 -0.0169300226512473 -0.385751458937175 -0.0229941475452576
-0.00195150885666287 -0.0210479717461444 -0.150473330052577 0.211602201361173
-0.0102563744769684 -0.00115253792902921 0.0498419066029493 0.100593686526406
-0.00325987213278524 0.0165348694537054 0.0877794695960181 -0.0829977996087947
0.00555115467848376 0.0115543728770629 -0.0656648537742583 0.0835254396445583
0.00285893630627265 -0.00300260686670342 -0.0634367554780902 -0.0577696267578326
0.0120805305018339 0.000511763809479656 0.109831081331776 -0.193374827486359
0.01052251944563 0.0120177745082921 0.31085474829175 -0.0128752004197328
-0.0189279905678647 0.00833383490575155 0.234755387791455 0.389228446870525
-0.0208330371265699 -0.0198886484449732 -0.242400699551313 0.438716533812306
0.0176748008283493 -0.0167559276107249 -0.385287552264941 0.0820055689991603
0.0206747222024207 -0.00955594546140228 -0.0596638825813815 0.041539147518218
0.00908232018295242 0.00398439517605173 0.349539687049792 -0.015734248711823
0.00914775315331401 0.000682172916299302 0.310711050742525 -0.394380036157135
0.015556272926586 0.000316290792594171 -0.198986308124349 -0.444876760720493
0.0179824614162978 -0.0160295895433561 -0.38438814179236 -0.00890139472995184
-0.00424204692809724 -0.0163687646467928 -0.140569128454704 0.213625287858379
-0.00985136099341387 0.00404660616553245 0.0549977184306371 0.0967749966993535
-0.000548047510534483 0.019980279561824 0.0898906679778497 -0.0843713498615227
-0.0147271384264372 0.00173242157429118 -0.0746650112747303 0.0776247409388703
-0.00712976931146263 -0.00803248833237095 -0.0652865931783486 -0.0637699955520605
0.0130273258408291 -0.00641249631707707 0.117904826890078 -0.194808231985009
0.0318787425232274 0.0152786175271878 0.32116056378523 -0.00976390350585825
-0.00614373664167262 0.0362538910652195 0.23961703371323 0.388543601129517
-0.0404392457703563 0.0195742504842621 -0.23195708005862 0.421508518091456
-0.038648420873515 -0.00166997278061724 -0.349749082321519 0.0800341266592438
-0.0406010942383307 -0.0137521874417721 -0.0218635348456413 0.0519409210747805
-0.0452609185129255 0.0196643894955777 0.376745078407048 -0.0244843782063058
-0.00990783748342755 0.0384949340699885 0.313593372145862 -0.408773139814178
0.0298513835440459 0.0255179571211461 -0.198193970793561 -0.433361837566871
0.0337597958910459 -0.0142065237768287 -0.363172573846407 0.00709679268500005
-0.00307160081244399 -0.0193030900037944 -0.123655032579547 0.209014720683675
-0.0180111536834656 -0.00199598925073811 0.0538139089287268 0.0880591929498096
-0.0173685716959698 0.00956214498557534 0.0729261126005183 -0.0892545601226668
-0.0146912753258551 0.000817704386265087 -0.0733047457351436 0.0788850411739814
-0.00755566086849327 -0.0109865219869899 -0.0689877757611805 -0.0590232536418405
0.013845133079139 -0.0106173166866186 0.107306536448375 -0.194380795259553
0.033525713382329 0.0126753473339173 0.315308356599255 -0.0210490858602909
-0.00437854240330338 0.0376121766084422 0.252689915209429 0.376107869295779
-0.0421007967310552 0.0231572516120544 -0.216821545320988 0.429147616569215
-0.0422534888813198 -0.00102483947793416 -0.354815660923482 0.0917112626070091
-0.0435953058351528 -0.0148662016457361 -0.0366950833800469 0.0499329216730037
-0.0485858346908314 0.0183478825609883 0.367693720961238 -0.0139133565878498
-0.0144413694349573 0.0397265063817894 0.327377802879877 -0.395600583779451
0.0294559072964153 0.0288804184366471 -0.181796096188196 -0.444065184178521
0.036676230205475 -0.0152692074251339 -0.368405799782684 -0.00730669064511192
-0.00112989930083695 -0.0232244956553472 -0.133796604061186 0.208477372732295
-0.0169403434323901 -0.00542146444324443 0.0493778854497103 0.0928678194730574
-0.0174807371956281 0.00831060905399781 0.0740784571609625 -0.0871951154609704
-0.0135147907673721 0.000897694717922099 -0.0713104818570213 0.080547416624603
-0.00632369230387861 -0.0121023692293239 -0.0717149030002381 -0.0550819432611888
0.0135122035529287 -0.0136517575399221 0.0985177564595316 -0.193366688737753
0.0326568556569751 0.00950495680169645 0.309202767820469 -0.0304586393299984
-0.00481034899018706 0.0355556953335201 0.261184826440406 0.366740142066299
-0.0418412576571615 0.0225398819687694 -0.203400521617211 0.438109450675559
-0.0396442269134215 -0.00105996760523028 -0.361601535548813 0.101361989680137
-0.0402051846505156 -0.0150482833339311 -0.0509789850530966 0.0473321291419442
-0.0470660287150636 0.0161988942145127 0.357110494205885 -0.00553686466519467
-0.0163100007810589 0.0384122770576582 0.337295055463622 -0.382839385280357
0.0275549615866568 0.0288491031339783 -0.17092988153241 -0.451380101875015
0.0374593353198175 -0.0158320676290346 -0.373365013124236 -0.0198880749035105
0.000921741164949802 -0.0260831300747037 -0.143183019909411 0.208047685326185
-0.0154947089787094 -0.00812985901461044 0.0459469672184004 0.0970677701527549
-0.0163760426919549 0.00724212781744031 0.0756751554326305 -0.08507952163165
-0.0108086566039178 0.00166610147960519 -0.0696920473245389 0.0813324789784295
-0.00498270752609606 -0.0128055985160944 -0.0732835731167735 -0.0520487228619536
0.0137316838901403 -0.0144397092236903 0.092617682891096 -0.192653586702874
0.0297122280859955 0.00747675007647018 0.304589371815175 -0.0355239657277108
-0.00650391839887831 0.0315162002514825 0.265729496025236 0.359764373101136
-0.0405052930135571 0.0181855810649136 -0.197288957559191 0.444193101996049
-0.0327218047072059 -0.0035033213616209 -0.369107182960942 0.10796592665428
-0.0313760212982949 -0.014808075927914 -0.0636059269829522 0.0446561248431075
-0.0393309014117029 0.01370767789494 0.34772212012637 0.000861697535575496
-0.015018956109752 0.0328759737895193 0.341741839434851 -0.373615773759975
0.0247904524272757 0.0263437460867568 -0.160319346859065 -0.456264445644345
0.0356308375102879 -0.016582812526904 -0.377217952021231 -0.0287941266146585
0.00207256406114417 -0.0274451606347934 -0.150052710014539 0.20750460125339
-0.0136262599278842 -0.00858211247859897 0.044160425374042 0.100410423311673
-0.0137553163295566 0.00812258886382712 0.0790507662803903 -0.0833688364998103
-0.00619419984933098 0.00343738585728795 -0.0679341165980907 0.08248090740438
-0.00279518282169759 -0.0118177749360602 -0.0726726130339605 -0.0502198544656731
0.0139753891662644 -0.0132988037875999 0.0906515950511553 -0.192162675815353
0.0255411166761274 0.00722734448227634 0.301831829233027 -0.03710386509795
-0.00889252870496123 0.0265124972545072 0.266062388408859 0.35815015934014
-0.0372359060866721 0.0102837227573435 -0.19822623115119 0.447937530739988
-0.0216636682376764 -0.00640836915814792 -0.37509778164861 0.108374591957137
-0.0197852346858566 -0.0140712470502145 -0.0711284919207941 0.0427280165100864
-0.0281111440212245 0.0112325380049097 0.341567936479275 0.00166783800214719
-0.0108247114122235 0.0256201424064532 0.341602854803982 -0.37014340242234
0.0216661635336859 0.0211047724454818 -0.160407160506733 -0.457326324179828
0.0327265238535736 -0.0169729872815707 -0.380623670280277 -0.0318652072184738
0.00133675963803965 -0.0270512892937433 -0.153586575511478 0.208957656381659
-0.012020147290965 -0.00765314455870976 0.0437357698112676 0.102448924372035
-0.0098493483775902 0.0103370513872964 0.0815293996531123 -0.0827266158250413
-0.00205166514486838 0.00584600966861931 -0.0654035403163865 0.0835360896333543
-0.000888724333858457 -0.00990717855407325 -0.0703207216414047 -0.0507867935509096
0.013066105040394 -0.00989281283828386 0.0919043691636913 -0.19222965564712
0.0209002947177513 0.00817521171863658 0.302172975775836 -0.0338709342313824
-0.0124985128968651 0.0210207706108329 0.260091464430873 0.362107876389351
-0.0325314282378932 0.000353363202594496 -0.205851979682103 0.447452682407701
-0.00887022428282492 -0.0103463954663733 -0.380328315648203 0.105075617786197
-0.00514444192431853 -0.0123759934141064 -0.0734562943718581 0.0407649173415022
-0.0156138668513847 0.00881362346044383 0.338887424233243 -0.000982905987239658
-0.00470187450413502 0.0170908561145614 0.333177916758877 -0.373965893861563
0.019391089992343 0.0141106119627274 -0.170161474291622 -0.454459521840602
0.0279564522434851 -0.0175797487109486 -0.382942033003802 -0.0279823606427917
-3.84689756551839E-05 -0.024855262777244 -0.152198772641473 0.21016574574185
-0.0112716381264152 -0.00476063109701485 0.0462991091484641 0.101796628515462
-0.00613991365275346 0.0127871254997009 0.0841448784109896 -0.0817313024407435
0.00268142744113739 0.00928741176536597 -0.0646848952456856 0.0835671096894356
0.00160335300279519 -0.0060541956686861 -0.0674925422849 -0.0529470297500663
0.0130421859372881 -0.00506925913225843 0.0981411235413258 -0.192895276482531
0.0149638193163488 0.00959520253875047 0.304279002769246 -0.0277668330071005
-0.0164737645404974 0.0143065479141509 0.250163715580233 0.371434490929235
-0.0267015869346352 -0.0108546238232323 -0.21921015746949 0.445869368315993
0.00643210842701883 -0.0145816506924468 -0.383726358663737 0.0961358991226648
0.00964753187561496 -0.0107551488913433 -0.0694573702601256 0.0408295585699703
-0.000739302397837567 0.0055827082645798 0.340978704700996 -0.00794100011087728
0.0026707843903001 0.00767681226564642 0.321649577085658 -0.38061734938498
0.0171231095288973 0.00627500758789768 -0.183133542465222 -0.448587880902278
0.022611062678658 -0.0171930810634115 -0.383866197074075 -0.0189756370994251
-0.00215627454930685 -0.0211156038014366 -0.1470221831385 0.212053505822816
-0.0101491106488911 -0.000225746728803105 0.0504065529376363 0.0996170552237964
-0.00258037205048526 0.0165974894682236 0.0868215470737791 -0.0825831686289391
0.00574592481782055 0.0109117717767014 -0.0645767156832498 0.0834031356851015
0.00291269167576931 -0.00282443665868699 -0.0636811146454067 -0.0568154832197005
0.0122056559374679 0.000166830410198121 0.107223158691126 -0.193213105125437
0.0104252083045489 0.0120711734188643 0.308849055266382 -0.0162879200307122
-0.0186963349112964 0.00896824575357597 0.236419835217489 0.383480753003521
-0.0209174396144892 -0.0194849828351125 -0.237999031127225 0.437920906085817
0.0172847941549252 -0.0168269665202905 -0.382699261047519 0.0847270922963549
0.0209161367756087 -0.00947987042001306 -0.0590904866291498 0.0414815861244639
0.00916934648570139 0.0043448456248341 0.346859490934023 -0.0177660900406051
0.008475031212173 0.000683118438756937 0.305998395885616 -0.393366065627543
0.0151487630204811 0.000297263760223977 -0.199793727801067 -0.439287730315651
0.0176257330836631 -0.0167296471399407 -0.381279131534224 -0.00452146840693096
-0.00458868245944643 -0.016129842921101 -0.137520224791249 0.213682737479019
-0.00975396998369338 0.0045039798328186 0.055786851852521 0.0960467217080861
2.60801795572462E-05 0.0199041822698345 0.0885986112435734 -0.0840245617262736
-0.014185402039746 0.0016727501504865 -0.0738663023688584 0.0774178062019976
-0.00735957545678345 -0.00790745507477304 -0.065585268166356 -0.063004764359415
0.0130268206902446 -0.00621151092127072 0.114941809013416 -0.194433273909442
0.0316489913425361 0.0150573970223049 0.319739673290428 -0.0118656431063536
-0.00600268703394741 0.0366852242604459 0.240483088244794 0.382576768999639
-0.0402248343389872 0.0191487751144669 -0.228479182362036 0.419242490177353
-0.0381365295074551 -0.00259562656325627 -0.346713981265918 0.0816592438300455
-0.0403106198259595 -0.0131575446755904 -0.021608680750792 0.0518568297621619
-0.0446013133661381 0.0193681055612562 0.372042784751759 -0.0265536868486768
-0.00946338074446667 0.0387591294590834 0.30954346973133 -0.407719875399956
0.0301262618752155 0.0251570054806387 -0.199487969045332 -0.428694948976589
0.0329908301002012 -0.0148303906715897 -0.36080755109282 0.00960091428288753
-0.00328659266357856 -0.0189721801458827 -0.121192699253892 0.208753885724455
-0.0174180146128361 -0.00182190123117074 0.0539255632036841 0.0873862141438331
-0.0165411887884126 0.0095593297152627 0.0724427997366125 -0.0884495236502677
-0.0144955948220938 0.000581844738524561 -0.0720616089224812 0.0785603987272182
-0.00756857655530442 -0.010892130425071 -0.0690491905555746 -0.0581324721543167
0.013235404956469 -0.0110492232709299 0.105265921005973 -0.193693221881819
0.0327896078839885 0.0112804051296593 0.313156447913157 -0.0233861944276198
-0.0045799864942312 0.0373442218191342 0.253294354666103 0.370918947675549
-0.0415442832575728 0.0230346331509575 -0.212179990811404 0.427038925946656
-0.0413272273994931 -0.000802269571823739 -0.351547337787128 0.0930422516156187
-0.0430477523389511 -0.0144659610112835 -0.0361184346728739 0.0498872997748528
-0.048215981374237 0.0183631103677294 0.364667688094294 -0.0156127151953554
-0.0144606856122093 0.0399411755895788 0.322713779478535 -0.394412025224698
0.0291993674907204 0.0281910620897622 -0.183057761141194 -0.438508421926371
0.0364347354804789 -0.0152018104396705 -0.365507237118534 -0.00471054687482474
-0.000889767839825112 -0.0236079067662832 -0.130961833949026 0.208000265756036
-0.0170937701201167 -0.00509214903348087 0.0498021437684655 0.0923641098264147
-0.0171060801591769 0.00817697742543643 0.0726733235708877 -0.0870690731998294
-0.0131758678195587 0.000668683907244344 -0.0704623458159852 0.0800346685133899
-0.0061042352889707 -0.0126254021396334 -0.0714714199934572 -0.0546391699534139
0.0136421842257629 -0.0132688694378335 0.0960238201420477 -0.193292213358588
0.0327559768587486 0.00893045174037771 0.307711269199442 -0.0326538156048859
-0.00433118397335755 0.0360932314174904 0.262229741018019 0.361232568146079
-0.0416390010588751 0.0229719631022107 -0.200478331445704 0.436139673762631
-0.0390435758652921 -0.00092145206547777 -0.357770666152964 0.102240004576582
-0.0397673104963217 -0.0149185225530021 -0.0503318698199245 0.047113426338614
-0.0462070822948114 0.0166971187928846 0.354323169238483 -0.00744964274255286
-0.0159785813381688 0.0375694290329464 0.332479541244311 -0.381795051113217
0.027512601122676 0.0288244238164323 -0.171863862707637 -0.446817374019388
0.0369544942364064 -0.0160514899923914 -0.370511762275528 -0.0176016343277988
0.00089511599696238 -0.0260761282867407 -0.140989602612909 0.207723248191445
-0.015369331861235 -0.0079605502549896 0.0460155942802718 0.0960263643312016
-0.0159459345058585 0.00739368021629588 0.0745779650247486 -0.0844455328274882
-0.0103123682332503 0.00170212035815996 -0.0686694689420509 0.0810476399229973
-0.004854821513176 -0.0127552930984919 -0.0725630822862265 -0.0513738655428931
0.0138866311151172 -0.014499642872833 0.0907483454493318 -0.192114414664557
0.0298334862352189 0.00746552016662022 0.303386927215524 -0.0373405439440573
-0.00614153177005223 0.0321730916184758 0.266634288533376 0.355547191015747
-0.0398155539421745 0.0181244711451666 -0.193258551350176 0.44178189219951
-0.0317056051095396 -0.00298542468455781 -0.365589558025934 0.107662265947923
-0.031279769105754 -0.0143571514199875 -0.0624191413380283 0.0442805580660112
-0.0390701106600961 0.0133776570167423 0.343934535275954 -0.00121473938755573
-0.0147576330852725 0.0325351013992406 0.336751895577262 -0.372856560221751
0.0246195068155121 0.0258195817108691 -0.16207351685607 -0.452074262304013
0.0357509879720028 -0.016717203086487 -0.374910823931005 -0.0257630794798985
0.00147048158301095 -0.0272595332917018 -0.147761919353293 0.207421693203193
-0.0135814561613406 -0.00866498413518373 0.044336335392877 0.0997346682163336
-0.0130847686107005 0.00803176996082837 0.0778458571573862 -0.0828152883971076
-0.0060747888453525 0.00371308350574945 -0.0665354443699643 0.0826386188514572
-0.00294409933582265 -0.0117010164814722 -0.0718334699563671 -0.0499683527122884
0.0136607873364538 -0.013784365994259 0.0887139661037473 -0.191379556309188
0.0253748682689401 0.00648920649473339 0.300329817411179 -0.0393576672434023
-0.00925134193721447 0.0268997370118906 0.266197517223943 0.353401243346919
-0.0366390074718325 0.0104271494179806 -0.193347323507041 0.446209862415978
-0.0211100304347552 -0.00675788546967382 -0.371982064562519 0.11014845840713
-0.019105581886409 -0.0137965446653002 -0.0704299418119793 0.0422555223106842
-0.0279428198627368 0.0109143120049501 0.338930239436571 0.000276317528484116
-0.0102518661182066 0.0248683594473225 0.336443037776766 -0.370287261744224
0.0218154532368938 0.0207386380108067 -0.162705425034221 -0.451947336071179
0.0318554616451813 -0.0171907405263044 -0.378510055496374 -0.0288154044921625
0.00146277176622605 -0.0268965282020109 -0.150654986709153 0.20800928981769
-0.0122792527999294 -0.0070696217638524 0.0447338741466968 0.101016245645778
-0.00979019899464794 0.00978645542478241 0.0805124245582061 -0.0818755014965167
-0.0018050645654317 0.00570910533155518 -0.0645622098926501 0.0831988410698559
-0.000429587084194452 -0.00887728274436497 -0.0699579771994198 -0.0499488399931033
0.0130870601476052 -0.0104235303054451 0.0905259494937152 -0.191826237418692
0.0208028691746386 0.0076275755236584 0.30030153831666 -0.0359291710295226
-0.0127324293513546 0.0210565364025675 0.260264386271135 0.356421793622125
-0.0318926207302132 0.000498058541041433 -0.202557606731755 0.44468126093402
-0.0082789870697626 -0.0105390030835771 -0.377465583697294 0.106315304505325
-0.00534900343928076 -0.0125097455558168 -0.072371721632775 0.0412203502605302
-0.0151830893171784 0.00827064966917205 0.336418322249851 -0.00316009023710215
-0.0042368998088107 0.0172088530808556 0.328421349701089 -0.372957382447124
0.0193177658735935 0.0139154488431919 -0.170248430599336 -0.450248698470687
0.0273828073535686 -0.0175980243748898 -0.380349655201086 -0.0250158973223354
-0.000202820602238989 -0.0248385637350322 -0.149099540107346 0.210406078143978
-0.010948100248007 -0.00427421660105724 0.0467914784771658 0.100775504402801
-0.00609490521192746 0.0130141013382216 0.0835715823612649 -0.0817717001373273
0.00306989022962662 0.00870892797428634 -0.0636745441179307 0.0831694560149706
0.00163775295743283 -0.00557894000802394 -0.0668416962888948 -0.0521974406920116
0.0128868733555417 -0.00535556140029233 0.0963920207566457 -0.192797404526913
0.0152120873461507 0.00979750868022482 0.30222838171225 -0.0300771192991391
-0.0161807370446417 0.0149775077204875 0.250400634067188 0.366315732167497
-0.0263820816024279 -0.0103720702896402 -0.215589281389734 0.442346340803779
0.0061801887842558 -0.0146405412935164 -0.379623517111827 0.0972578263889726
0.00971778848797998 -0.0105396222278392 -0.0688280562442041 0.0406966203932425
-0.00136502772633115 0.00553466519948446 0.337481348213549 -0.00920957853509504
0.00266085009247568 0.00731453222713626 0.317327626063961 -0.380024414401873
0.0171432263505459 0.00594624781507758 -0.183868832290584 -0.445376130348808
0.0217453863703004 -0.0178144874584711 -0.381080200187648 -0.0158288378418358
-0.00243034643808592 -0.0207115961282283 -0.144524936202918 0.21173530421514
-0.00970613155530202 0.000379856001862178 0.0509333099810704 0.0990572046734812
-0.00221145931696586 0.0164235955644195 0.085690355650596 -0.0826804038924144
0.00621224349382174 0.0108589721824031 -0.0634741119340155 0.0830376328593131
0.00256181951605578 -0.00278672488915628 -0.0635198487025971 -0.0562361476332691
0.012462761976642 0.000103636126071572 0.105286757903047 -0.193128137493729
0.0110581445244685 0.0116577099271942 0.307329723605571 -0.0181857612038552
-0.0191500094128481 0.00934319831735265 0.236536705003473 0.378435864961374
-0.0206498744253795 -0.0192573442220475 -0.233977888593125 0.435621781285873
0.0176163005110901 -0.0172191144505143 -0.378832531749773 0.0864335084895823
0.0200800009203654 -0.00909644583998102 -0.0584373212090949 0.0410993166114126
0.0093272871036715 0.00317250415446897 0.342571711883225 -0.0198147772466295
0.00856251085791568 0.000316480154546075 0.301928611757903 -0.392581093460799
0.0156128045669639 9.94214794256183E-05 -0.202109222350119 -0.433930038352058
0.0171092914768651 -0.0164855547214586 -0.378942844481191 -0.00153393930052308
-0.00418006000157579 -0.0164507586599794 -0.135062408700197 0.213080813977138
-0.00974790446517741 0.00487521630708131 0.0566132306535984 0.095018278201186
0.00018118625617369 0.0198134204397695 0.0873204860135987 -0.0837607919477335
-0.0141665925693254 0.00192625976953884 -0.0729142381726032 0.0771370680248435
-0.00735522540083465 -0.00759510088673806 -0.0647774558241402 -0.0626473407079575
0.0127898205903953 -0.00675362972685384 0.113668489450021 -0.195061949272967
0.031554065801233 0.0145013378267062 0.317595737554539 -0.0132805846800878
-0.00617263821925172 0.0364793581131045 0.241128664294003 0.377883001095639
-0.0398371811385559 0.0192092298267316 -0.225219446526554 0.417647762707194
-0.0374747106262995 -0.00214191834022771 -0.342611050807327 0.0819272780420153
-0.040036831730674 -0.0126713341570868 -0.0208428760545363 0.0513678181133315
-0.0437555459049368 0.0193045937120929 0.369573634628714 -0.0281263745224446
-0.00974834862391367 0.0374780026626972 0.304376975889932 -0.40549390567713
0.0303087728052294 0.0250123283536665 -0.199794829544369 -0.425014238592065
0.032855759263811 -0.0144998863135107 -0.358422712490696 0.0108863955275698
-0.00316845801531956 -0.0189443999124443 -0.11895858037923 0.208332558562161
-0.0169752642999025 -0.00113627517436044 0.054077048932 0.0867376738401009
-0.0164299122995341 0.0104695900448938 0.0718444170352123 -0.0883709570174167
-0.0143515754193341 0.000602248952221835 -0.071699870921429 0.0783593526618892
-0.00740520652394726 -0.0104139227708175 -0.0680709697900386 -0.0578863816409897
0.0134179325976136 -0.0114197619504185 0.103251708008651 -0.193817412595061
0.0335566052675089 0.0109106583089557 0.311300859923622 -0.0252708070603607
-0.00439203026611479 0.0372080899397935 0.252906145564181 0.367191485273146
-0.0413970256567321 0.0234584775726341 -0.209767318866658 0.425526050476336
-0.0406859240559463 -0.000791591791840898 -0.348342368715298 0.0933887484062872
-0.042876811404623 -0.0139030805829613 -0.0352510260553839 0.0496553432945852
-0.0479154949209887 0.0185732680382046 0.361332333476781 -0.0168358299606619
-0.0143601690346566 0.03946502311036 0.318362082194485 -0.392422674006657
0.0292328408117046 0.0278746318465719 -0.184649342722476 -0.434437443205008
0.0354104984486304 -0.0153805768472407 -0.363382817849657 -0.00311467355209028
-0.00105917915190577 -0.0227673301921636 -0.129321856342316 0.207548319623824
-0.0164266149598105 -0.00499104749125243 0.0501760351712137 0.091366993737763
-0.016880981782864 0.00826468038562423 0.0722883795397026 -0.086528251439328
-0.0126593970958909 0.000516980931893944 -0.0697154504292909 0.0796165273221307
-0.00654603254547233 -0.0119264674844128 -0.0710180884453296 -0.0534055853094093
0.013489161706695 -0.0138523070558205 0.0948724204799919 -0.193082360208501
0.0327183407058998 0.00834889901595875 0.306205620813965 -0.0343473562793858
-0.00471508709717368 0.0362058450263077 0.262793849995075 0.357047878295866
-0.0412124582184997 0.0229034554871288 -0.19745617238479 0.433997798321418
-0.0389349729938386 -0.00139832642129947 -0.354969622458787 0.104021070008624
-0.0394925797034764 -0.0145543117729388 -0.0498602507825369 0.0467185587371332
-0.045724238839454 0.0163577579746631 0.351741267497289 -0.00807527691242472
-0.0160965780081384 0.0370731618281635 0.327663973032556 -0.381296625387289
0.027225966821896 0.0279927138712671 -0.172602350501135 -0.443388284674929
0.0363455452631905 -0.015839752927729 -0.368931979999561 -0.0144786070500535
0.000432070992902533 -0.0263704791962822 -0.138681705306953 0.207521630304715
-0.0151462453118314 -0.0068233191934269 0.0463865843312194 0.0956899733911306
-0.0153761128608148 0.00749562247948375 0.0737352673964965 -0.0845027799559089
-0.00955778455474546 0.00188800060402087 -0.0680056786531536 0.0808543249086694
-0.00481698838454149 -0.0131603540607267 -0.0726826036394894 -0.0503356672568146
0.0132901185144028 -0.0144758509829855 0.0887872453024885 -0.192245919691248
0.0297295365791046 0.00683122916771259 0.301248564935612 -0.0396733413578943
-0.00637244709464881 0.0326689408378896 0.266644976352842 0.350083167797827
-0.0391072298807046 0.0179715965753512 -0.189375550766723 0.439229093717889
-0.0313441240759589 -0.00318732948433109 -0.36264142364476 0.108307783625613
-0.0311981408485558 -0.0142134179450957 -0.062244009730182 0.0444617154577358
-0.0386275624029993 0.0133983423189837 0.341816811270718 -0.00187429168741336
-0.0147757800438341 0.0321634358176877 0.333703825548829 -0.370790820512065
0.0247854721630509 0.0256006289530859 -0.163541153703927 -0.448172734747391
0.0351093384656005 -0.0166800478889324 -0.372610921707145 -0.023373606631541
0.0014224861980162 -0.0271055665962098 -0.145294002475934 0.206727880666569
-0.0134259962067819 -0.00794759126000533 0.0447205630251502 0.0990472911658116
-0.0126149355695137 0.0080176419953199 0.0768107780013394 -0.0824769554923423
-0.0057851012211707 0.00294486734498668 -0.0656553628731065 0.082367968745468
-0.00296057435542858 -0.0115388257659776 -0.0716847481373071 -0.0489625065831091
0.0133431966860113 -0.0136570125474719 0.0872530102112766 -0.191756642705551
0.0257546956064303 0.00627039440191336 0.298744722445062 -0.0409683128121383
-0.00908284552798784 0.027346248504194 0.266434009024326 0.349594834616244
-0.0359045409334053 0.0107495847695514 -0.190235941710974 0.44236538177022
-0.0210804219784806 -0.00710059207991739 -0.368538842124837 0.11045741428826
-0.0193098064805321 -0.0132752109227076 -0.0694486460694821 0.0421493674045654
-0.0278290214318132 0.0109869906646251 0.336098179738941 -0.00125244060421241
-0.010583676896258 0.0246201793355592 0.333327923774638 -0.368302768105053
0.0217192043828937 0.0201752841484508 -0.164099843602688 -0.44959035697402
0.0314123984938092 -0.0172148854542575 -0.374866937121679 -0.0259030167938283
0.00147982636364618 -0.0270127069853699 -0.148329707292018 0.208150901444307
-0.0118446973434957 -0.00648452241209604 0.0446544742528434 0.100861856489173
-0.00946278946771542 0.0101996886967953 0.0792594987920077 -0.0820341348187045
-0.00139809905631013 0.00540187762454021 -0.063903207149255 0.082469449789754
-0.00107893591607549 -0.00954284084251759 -0.0699857300091193 -0.049437721354421
0.0132667741107404 -0.0100780634297811 0.0889835098731443 -0.192090187896456
0.0206508083619692 0.00735634453511361 0.298268360841836 -0.0383388325348456
-0.012752839500918 0.0217193766267358 0.260730281920274 0.353197334105843
-0.0316012807064937 0.000979589976632826 -0.198317075632456 0.443353625160546
-0.00814200371082814 -0.0104020793228582 -0.374073167436 0.10646122619852
-0.00545435604291106 -0.0121651348933497 -0.0721731079498501 0.041009292160123
-0.0148370120531352 0.0083504568362704 0.333672158286132 -0.00410268935969349
-0.00440563123365437 0.0166094099540844 0.32583615770834 -0.370895117828276
0.0197367557837585 0.0136060574597191 -0.173315995584444 -0.447559075880348
0.026679063442342 -0.0181133803390017 -0.378212197408006 -0.0220648421995818
-0.000498624003777198 -0.0243955451952678 -0.147094922193591 0.209325913274111
-0.0104764072165516 -0.00374433210276245 0.0473594839703499 0.100479774580174
-0.0057730032688665 0.0133541887317513 0.0826996735622357 -0.0810702123592161
0.00347403391938237 0.00814185302909059 -0.0628299319241364 0.0831590980854826
0.00131822627453721 -0.00611635692533163 -0.0666343711354711 -0.0518887315815956
0.0131360285809677 -0.00548913171366765 0.0943797245191913 -0.192732397735263
0.0147237600614312 0.00943042217834535 0.301161735387765 -0.0314483066242058
-0.016718767175844 0.0147804107979454 0.251389357598417 0.361818834337527
-0.0264635960784201 -0.0103724283212943 -0.212958449350823 0.439885251391224
0.00630130943341857 -0.0145777826074033 -0.37712205948759 0.098113343931414
0.00931421899545688 -0.0103114150924759 -0.0680394874336567 0.0402008426026639
-0.00069743579192418 0.00575101601539996 0.33467654385968 -0.0109422940651234
0.00260597252868807 0.00695955671816801 0.314471381537855 -0.377614437989955
0.0168043117870973 0.00587676734435815 -0.185139441194424 -0.440851768746178
0.0210680624671965 -0.0175737417287667 -0.37946519453332 -0.0138344060998993
-0.00237890162347212 -0.0206891977029436 -0.142204534784321 0.211031927658216
-0.00954596841285632 0.000644601974990177 0.0513426081975313 0.0982449906805671
-0.001940609343953 0.0166479482510118 0.0849067400475359 -0.0817749757937673
0.00653335210337653 0.010262875885483 -0.0631412389354449 0.082837058958013
0.00268038991116784 -0.00209397988482485 -0.0624620433337222 -0.0556914434988871
0.012089790974673 -1.36206661161442E-05 0.103079376753941 -0.192436674281372
0.010474516643469 0.01148409316088 0.306007511117359 -0.0202481181314021
-0.0190630731176678 0.00965112050474694 0.238337761372574 0.374106021811446
-0.0207835699459446 -0.018910792093983 -0.229779822347317 0.432930707352533
0.0180918991986106 -0.0168509998917477 -0.376761967485633 0.0867239331743676
0.0205196531826755 -0.00869397763582457 -0.0578060052894604 0.0414538208173517
0.00934689325841408 0.00321481097133582 0.339987928656071 -0.0206199814363881
0.00856196896541701 0.00023535121919644 0.296554039268355 -0.390920950078613
0.015173545607072 0.000149257649927928 -0.20336483740878 -0.431118836353158
0.0167515643263151 -0.0166500530671207 -0.376459327619649 0.00104553449230897
-0.00467183398750245 -0.0159754845777404 -0.132600548285506 0.212853223113745
-0.00941570723371822 0.00505286865468283 0.0566243192524443 0.0944107146447399
0.000464306525063918 0.0195818487989636 0.0869865771264883 -0.0832707654742307
-0.0135461130494116 0.00142498140219344 -0.0726170801022376 0.0766808515939636
-0.00727850859673132 -0.00780929064848384 -0.0647068596940941 -0.0619619445397615
0.0127866712265744 -0.00667915543396429 0.112214892452862 -0.194462512937435
0.030847920506808 0.0136662198049378 0.316822568464727 -0.0157446028985048
-0.00630797595980747 0.0368547206763026 0.24076654210954 0.374898862740804
-0.0392194379074891 0.0197316865995654 -0.223474533947118 0.415274509052844
-0.0364473211100853 -0.00198135255319467 -0.341340854307983 0.0824343598012528
-0.0398196882964133 -0.012747727255534 -0.0205917425085288 0.0511150052450817
-0.043674720094755 0.0196437996127306 0.366796543304385 -0.0282237301293492
-0.00937783601500279 0.0374285648390001 0.303109288865981 -0.40450424624063
0.0300071813078599 0.0246688621377543 -0.19963171706228 -0.421338937464142
0.0329275256900549 -0.0146755364100199 -0.356574341975654 0.0124984932466029
-0.00338023069073094 -0.0188631662165475 -0.117145575298231 0.206981758670031
-0.0169181655927408 -0.000998810664721688 0.0538428555234806 0.0865034639462719
-0.0159076254209638 0.0101785460534217 0.0707474510190727 -0.0872104547801651
-0.0142614485648217 -5.65003441807353E-05 -0.0710261986167469 0.0780260823383792
-0.00749208304578658 -0.0103974364626811 -0.0685403542990274 -0.0570858058179516
0.0128780774378865 -0.0109016970632846 0.102514820278907 -0.194053880000435
0.0329666802872313 0.0108887331050585 0.310554666495224 -0.0269593454026918
-0.00476658886955149 0.0378159387811496 0.253655998126298 0.363857733688272
-0.0412592979422515 0.0231982072348002 -0.207318280539195 0.423084236288112
-0.0402859009426801 -0.000636177527640254 -0.346173292508088 0.0939502381281543
-0.0422227892526736 -0.0135277485450055 -0.0350550554170252 0.0490296339486245
-0.0470407163560562 0.0181180996388208 0.358344978651595 -0.0174935226907078
-0.0137980394328182 0.0388469871047009 0.315361496524298 -0.391710095833945
0.0291120693531588 0.0280345703458371 -0.183732694508802 -0.432040113456316
0.0346295887278568 -0.0158377658211525 -0.361338684723335 -0.000452661620255765
-0.00109785928532358 -0.0230280621014221 -0.127424427147289 0.207148719617273
-0.0161179588473724 -0.00426262349572963 0.0498284865064731 0.0908764049937505
-0.0161290180386485 0.00801983920498099 0.0715883690797521 -0.0858810713070085
-0.0125506378075993 0.000221389168005155 -0.0689438055382215 0.0791954628981653
-0.00651790714552096 -0.0123614532737718 -0.0708462817050417 -0.052986385583193
0.0131148995245605 -0.0142269018683955 0.0940638465594187 -0.192809845966772
0.0325013749728683 0.00777350670354102 0.304668304647749 -0.0359623079601855
-0.00459212165786466 0.0365688717128694 0.262324993721356 0.354058075038066
-0.0405908703846118 0.0229027388431936 -0.19451621410043 0.432434506250415
-0.0382392347843697 -0.00127467089950585 -0.353352027881644 0.103603111616777
-0.0397929025378695 -0.0138831690510601 -0.0495038693966303 0.0469946766858116
-0.045008295080342 0.0160340722981523 0.348336919267315 -0.00836221202612964
-0.0155174652962193 0.0375179538315742 0.325682356241553 -0.37982350450036
0.0271544033905448 0.0283477521537849 -0.173222151346679 -0.440341765546847
0.0356277806891186 -0.0166144604318931 -0.36714092016393 -0.0129366800068251
0.00100602431647863 -0.0259703266720262 -0.13696872834439 0.206770853345055
-0.0146959460090304 -0.00698522223599029 0.0462796362631805 0.0952065544480769
-0.0152626270775864 0.00778402642099603 0.0732749745118648 -0.0838684020317432
-0.00965647634447893 0.000971993182765537 -0.0670965418600885 0.0808740200678008
-0.00550296115462235 -0.0124970149152128 -0.0716763656514477 -0.0501293612476169
0.0131179401197541 -0.0149996525574595 0.0881232279825858 -0.191082004475221
0.0296297956548628 0.00634715399640061 0.299744255180867 -0.0407417378925514
-0.00628589035162097 0.0320963151743039 0.266470687988175 0.345959465084365
-0.0386913947069056 0.0182803639846047 -0.187527096613116 0.437485866352966
-0.0312034470699068 -0.00279385495436121 -0.359346800647645 0.108632636971145
-0.0308130168608807 -0.013491358752201 -0.0614351023034351 0.044137201061588
-0.0376767155021401 0.013472590249751 0.338816406353141 -0.00280288110459599
-0.0143833114069933 0.03176205046041 0.330231001205646 -0.370050827480022
0.0241013163886748 0.0250295521567045 -0.163585456672863 -0.443581604458181
0.0342390631810136 -0.0168013811458374 -0.370451893876498 -0.0211738437056023
0.00158188872587291 -0.0272307067973354 -0.143473649776339 0.206439312017921
-0.0131274910244025 -0.00787568996989539 0.0447799592731568 0.0982971948139582
-0.012582926085633 0.00897751803864267 0.0762493731116664 -0.0821392272837973
-0.0057984001065736 0.00302113623967759 -0.0650928995162663 0.0817938618617896
-0.00322181121294224 -0.0115646854977887 -0.0707857794994607 -0.048138944981102
0.0137830383859801 -0.0131967996865061 0.0859340700111381 -0.191721449272748
0.0253572002912771 0.00603636929429851 0.297391826685506 -0.0423340576620257
-0.00960883481929664 0.0276875011572483 0.266522243058703 0.346491688237839
-0.0356030527568604 0.0104848317682316 -0.189318165660434 0.441612393563567
-0.0205908516839515 -0.00660584392743719 -0.366814387751017 0.111054500898187
-0.0193066091603615 -0.012945956170036 -0.069413958964943 0.04224770146406
-0.027281503625714 0.0107483306419014 0.333427325518079 -0.00212439813308219
-0.0104142080629307 0.024629733255198 0.330803282462385 -0.365782070553617
0.0218465085879145 0.0203320123926015 -0.164024427167687 -0.446295853720698
0.0312160260072424 -0.0171838736849522 -0.373536681253189 -0.0243037259041601
0.0011545034824792 -0.0269830721328416 -0.147199455352286 0.207840027712006
-0.0116693520110129 -0.0061016333923954 0.0450569909722226 0.100069379435642
-0.00906505548720802 0.0103102164716024 0.0787406320485679 -0.0807644482701499
-0.000876698154967946 0.00524101381497166 -0.0637325214241341 0.0826151080341479
-0.00072911211001913 -0.00909454087986111 -0.0695387392378244 -0.0490923192747041
0.0131199147025282 -0.0105110756522491 0.087532650878279 -0.191600297551998
0.0206649672715021 0.0070618056195623 0.29748008927666 -0.0396225235127877
-0.0127624554470248 0.0219774304845025 0.261123372968343 0.349111613735291
-0.0318046835722951 0.000948981254206244 -0.196882263263356 0.441136746004993
-0.00798082080012163 -0.0104633157450205 -0.371713084194871 0.107673498892899
-0.00499533707667469 -0.0117709753803932 -0.0713182935608639 0.0407519414596393
-0.0144114091556744 0.00824450041723163 0.33081922383673 -0.00500118994599117
-0.00443201545206391 0.0164278825948848 0.322127545587948 -0.368695216797293
0.0195090195594578 0.0134518233119773 -0.172254555722809 -0.442663183170853
0.026490783367095 -0.0175931667998027 -0.375900981290802 -0.0207087658281174
-0.000694631694362198 -0.0247806522390419 -0.145664108896456 0.208944487546413
-0.0102299725519872 -0.00328742752044016 0.0475695052616308 0.0999127141162043
-0.00566388378064035 0.0130098022107916 0.0818279432699421 -0.0811353687222384
0.00349384109340721 0.0076604395832766 -0.0628006638954579 0.0829704843613496
0.00130048786526827 -0.00613457161340623 -0.066464604016188 -0.0512487660013624
0.0132008679095502 -0.00533273191844938 0.0934598510273978 -0.192407968666552
0.0152274366656054 0.00925176249850951 0.300418950214501 -0.0330240997429033
-0.0165054021898663 0.0153684146507732 0.25018361056886 0.357908664546016
-0.0260192517153694 -0.0104699188706333 -0.210970320045026 0.438277561081574
0.0063023405944017 -0.0144184130577206 -0.374484946957837 0.0990730125211619
0.00946363704767032 -0.0106006444672401 -0.0674694055073226 0.0403435359917244
-0.000119954320503723 0.00532778740097778 0.331967795028354 -0.0111978921586917
0.00255071632510134 0.00692676106661141 0.312589132237288 -0.377305379775545
0.0166062607525004 0.00570221798964917 -0.185285408862849 -0.437049802084096
0.0206370789962553 -0.017506140525918 -0.377089824337333 -0.0117362857240396
-0.0025875587645719 -0.0203355953823901 -0.140503073596057 0.210160755116182
-0.0094627520849804 0.000982818911303296 0.0518808824269225 0.0978440775732471
-0.00193531923518449 0.0165154306466969 0.0845757627998275 -0.0816334895539811
0.00689598299118512 0.0103616600475441 -0.062677966334271 0.0821070345009146
0.0022304764096361 -0.00235968884593442 -0.0623799476758152 -0.0548849416432986
0.0119168441721848 -0.000200782845926823 0.101994621770138 -0.193064195607285
0.0100785558328789 0.011528425312089 0.304856368629428 -0.0216504078488805
-0.0191980454051957 0.0105508080523014 0.238614438950589 0.370001322591363
-0.0205724584134256 -0.0192512339738014 -0.228168074302309 0.431947401645747
0.0179716974737744 -0.0174647239516394 -0.374314431554368 0.086718793862394
0.0207428201274997 -0.0087392518133799 -0.0579661247499013 0.0408515294233127
0.00922367078378807 0.00304502301708258 0.337206051848542 -0.0212550856765049
0.00830205660444036 -0.00043903754146634 0.295534986094136 -0.389427129957128
0.0150603003872362 -0.00016476889110765 -0.202598873359909 -0.427058029715384
0.0159488647273296 -0.0166094730125651 -0.374368250735524 0.0022215017832483
-0.00482024851672843 -0.0161140958779068 -0.131223482220599 0.212210404427498
-0.00949241992088984 0.00549454811819332 0.0564159702556304 0.094243680708335
0.000823915563077051 0.0199645859324045 0.0862768735807648 -0.0829802207666869
-0.0133821395620958 0.000655632728716861 -0.0715193534315048 0.0769067465766613
-0.00768938414369034 -0.00785322087284529 -0.0647325473435508 -0.0617292362790719
0.0131070137770345 -0.00646114750462204 0.11091175694771 -0.194785216747896
0.0312654468397282 0.0138109480597673 0.315914142209805 -0.0163049012792896
-0.00611288353201022 0.0370971574799354 0.241698907287143 0.371876205881434
-0.0389985861895286 0.019734671038459 -0.221018745427039 0.413258205891249
-0.0364628218585234 -0.00265863670719413 -0.339812584447127 0.0823561772935739
-0.0397246416687491 -0.0123914562913414 -0.0207339927190789 0.0512842470598484
-0.0431934795620083 0.0191484478439066 0.364858054791889 -0.0282806593998324
-0.00923228627385702 0.0370987791355188 0.300846037943456 -0.403020154981901
0.0299043235718531 0.0242986980911837 -0.199941525223843 -0.418585954525959
0.0318239350047257 -0.0148858994686405 -0.354512670816723 0.0139107847224748
-0.00336650485530089 -0.0191632121665145 -0.11658193349478 0.207689387912008
-0.0169138421338285 -0.000617185115201277 0.054686351100036 0.086392225618524
-0.0154743480054341 0.00981847636867826 0.0703130394281944 -0.0872162161915075
-0.0136292093468784 9.1698411524504E-05 -0.0704475775222927 0.0777037877294469
-0.0076132604979026 -0.0106181308141682 -0.0676851078258141 -0.0570069508842249
0.0136425497274821 -0.0115707025738466 0.101449802911361 -0.194110841571466
0.0329189267288991 0.010446181510131 0.309153294713741 -0.027342744170599
-0.00481896115312767 0.0380701911295231 0.253630883397606 0.360501456931946
-0.0404929223947406 0.0230346880026885 -0.207017088700918 0.42154899774873
-0.0398971322517704 -0.00132322095461702 -0.344383962356451 0.0937611681724144
-0.0424271095821114 -0.0131544422705179 -0.0347472041951696 0.0489690021425899
-0.0468135902010794 0.0184392924214133 0.356627854591807 -0.0175510830682356
-0.0137292861072148 0.0387371226831493 0.31432926419738 -0.389235963060194
0.0291698941898626 0.0277050970072583 -0.184250056889898 -0.429308848698702
0.0346721194623236 -0.0159101051451519 -0.36027194998265 0.000167366965183245
-0.00164606178796848 -0.022776393072135 -0.126170134391232 0.206953417724275
-0.0159137288808621 -0.00420367855448119 0.0499715996766479 0.0903654530170096
-0.015717749805786 0.00849126656637618 0.0713702953269602 -0.0853428422933821
-0.0121096487587001 3.82113443088096E-05 -0.0685229870898561 0.0790611974376178
-0.00659859795954422 -0.0120105077505932 -0.0703613834811048 -0.0529023420729547
0.0132732789807536 -0.0139374493169518 0.0930865960282918 -0.192886266367749
0.0323836825546181 0.00795748172351424 0.304456864655252 -0.0370613772260377
-0.00490427911688021 0.036435815918726 0.262883380871099 0.351558990540026
-0.0408841794409184 0.0226534391175628 -0.193453148590021 0.431795468312362
-0.0375707905160267 -0.000812169764736883 -0.351679032065372 0.102777136636378
-0.0390554487588647 -0.0135046213091239 -0.0491351206264185 0.0468672593814257
-0.0450851028533745 0.0161586472399661 0.346559696213812 -0.00874337413201557
-0.0156319760417585 0.0365064537585521 0.323357319014455 -0.377954861273049
0.027400379149351 0.0279659784104741 -0.172590368049756 -0.437099572068259
0.0353378541573098 -0.0163767799964847 -0.365229943020886 -0.0124025161001159
0.000544795978900211 -0.0258504856441706 -0.13583555461523 0.206584248110423
-0.0143392838407276 -0.00622592302519869 0.0468074400656348 0.0947132476693555
-0.0147141877554343 0.00773554889995646 0.0729750955187502 -0.0833766465948871
-0.009517835040134 0.000881328621798814 -0.0669447311853845 0.0802450126010043
-0.00515551122557713 -0.0126701341562817 -0.0713582324315893 -0.0496229719184224
0.0136254891993138 -0.0147046525271896 0.0872197225233284 -0.191290980347794
0.0293778089973605 0.0060592864831127 0.299184070024674 -0.0417763103380329
-0.00635209795958565 0.0327714070913998 0.266693229974543 0.343779030469002
-0.0387660073503635 0.0186027281262885 -0.186901990884462 0.435708215874305
-0.0307689792541339 -0.00336681721213982 -0.358263560698555 0.109288038929972
-0.0305361133850102 -0.0138214103192583 -0.0612589629946188 0.043970997640706
-0.0377973370366569 0.0131223128338065 0.337103933171335 -0.00257998281537019
-0.0148877017069115 0.0317093596525574 0.329382197289427 -0.367882958026637
0.0246506841571124 0.0255226930218281 -0.162965434089992 -0.442379582669392
0.0336001766727303 -0.0168473310859434 -0.369309652653489 -0.020525794422212
0.000883694169615636 -0.0271032513094727 -0.142208854318897 0.20555801081421
-0.0130917391217026 -0.00697209287588642 0.0449400308816512 0.0986424934114234
-0.0120255952318904 0.00883228645072832 0.0758311743684345 -0.0818705641380132
-0.00536803971960645 0.00259949729346748 -0.0650320868726606 0.0816665370354095
-0.00284491980015873 -0.0109745924206871 -0.070648213636576 -0.0484135497025829
0.0130341007281417 -0.0137094413118128 0.0851271975808136 -0.191232366918476
0.0255448917899213 0.00592806306879858 0.296876290310882 -0.0430852564665856
-0.00893985086719325 0.0279293786991675 0.266343812340212 0.343224650790567
-0.0354495852020956 0.0106091098043822 -0.187531425583957 0.439867388212792
-0.0201483657081853 -0.00675289156372435 -0.364642637842047 0.110223170647498
-0.0187849404546697 -0.0128118130662903 -0.0688740829345628 0.0417751608177731
-0.027212423530517 0.0106466295837352 0.331319057962326 -0.00218404525165373
-0.011050905605916 0.0246096475279089 0.328709664638808 -0.364901679575432
0.0222003544388778 0.0202553177000655 -0.163971610284642 -0.44369568708856
0.0306180521133175 -0.0171322087560162 -0.371953509876938 -0.023212677541963
0.000828724020333122 -0.0266051264544123 -0.145723920849121 0.20804105104829
-0.0113146912039497 -0.00610824150271454 0.0450904707346867 0.099663714223471
-0.00880073978826816 0.0107575113415474 0.0788274621416841 -0.0811842367060149
-0.000742668706397595 0.00494198615175478 -0.0629502390019009 0.0825729365310165
-0.000934938169389597 -0.00940454692416621 -0.068952999971834 -0.0487811011340426
0.0131977087716935 -0.0103573525500776 0.0871696955454802 -0.192013563494106
0.0206253250149225 0.00681771429611419 0.296865887386575 -0.0404074329834644
-0.0128980932684631 0.0219772885651439 0.260963625704355 0.346118913825856
-0.0313794458104514 0.000913630189006323 -0.195496754521815 0.439525590951158
-0.00724374921308393 -0.0109529935284833 -0.368968040070477 0.107531666299106
-0.00482421009727497 -0.0115124806792311 -0.0707793726320913 0.0407468236539835
-0.0141712606759778 0.00828996117273793 0.329125103429951 -0.00513182486844786
-0.0046465947270995 0.0154190589602185 0.321365317268875 -0.368821599954432
0.0194943086506657 0.0136916252874616 -0.170772543621079 -0.441994335784809
0.0262787051235598 -0.0178343171464531 -0.374658582563958 -0.0191254596713452
-0.000416543394296301 -0.0246695815569556 -0.144189381557251 0.209015924310984
-0.0100873955872006 -0.00308354044549044 0.047339062106594 0.0994791963929555
-0.00520260706573987 0.0135072662800921 0.0818552167650252 -0.0804757581315249
0.00406659411159655 0.00760033978112952 -0.0620261815454581 0.0826140898884
0.00080504891796845 -0.00601185627018133 -0.0658719676043698 -0.0509569006196895
0.0131703362458823 -0.005630759410451 0.0923641175065411 -0.192430696848799
0.0153094963234994 0.00879810924812912 0.299772037062138 -0.0338670624868453
-0.0166570068494202 0.0159281855197293 0.25060261654815 0.355476645561564
-0.026179316418066 -0.0100126378389045 -0.209036283573613 0.437601702815863
0.00700742988963683 -0.0143091899689249 -0.372603477426143 0.0979900050293592
0.00943744430165892 -0.0100926951832445 -0.0674452637320078 0.0404014296296912
-0.000365855077327547 0.00556396199459023 0.330074576603282 -0.0113070395880809
0.00244321275245384 0.00634104589670238 0.309654032100093 -0.376254510564096
0.0167813070355152 0.0055802722754296 -0.185332775896503 -0.434347060447709
0.0207036035063331 -0.0175026503848557 -0.374620866099991 -0.0105587272519124
-0.00298514572673269 -0.0209029517090004 -0.139298827660129 0.21071091225407
-0.00921225950899748 0.00141411528059275 0.0514895301451996 0.0975582791505444
-0.00148553636499779 0.016883699257266 0.0843715138544094 -0.0813348517706648
0.00709890377747613 0.00948439042385935 -0.062191558322367 0.0817078322879426
0.00226222057648955 -0.00187903426897951 -0.0616644536467314 -0.0551809581286399
0.0123683862204789 -0.000660442019903098 0.100955573265088 -0.192488107205411
0.0100331505975136 0.0113318775335947 0.30398974302917 -0.0227918100018871
-0.019517396338834 0.0103641576039947 0.238316853089455 0.368411656678779
-0.0204216055629181 -0.0188578925507851 -0.226896510567725 0.430164524798199
0.0183681178148925 -0.0169171658137163 -0.372914072352942 0.087238518271599
0.0201775590158323 -0.00904484915736514 -0.0574107049187478 0.040557983753633
0.0100603318213622 0.00320991562309406 0.335106076508881 -0.0213782098678155
0.00822369985734729 -0.000407344828418737 0.293010831826733 -0.387001016493559
0.0153563050667229 -9.61546456337212E-05 -0.201820066462009 -0.424625553784383
0.0155225760554617 -0.016618272392542 -0.373006125860124 0.00393523071983098
-0.00458577655994703 -0.0161277919690083 -0.129830457257516 0.212125786011604
-0.00883025316318178 0.00605526020624582 0.0570273321644683 0.0934748068071616
0.000894479422812474 0.0198543548559153 0.0860762980459689 -0.0824099394865407
-0.0131788504766495 0.000727252738642872 -0.0714260775887003 0.0762010426227457
-0.00752400257355456 -0.00771269612518031 -0.0644387151677781 -0.0612358257619668
0.012749939295142 -0.00643694366834105 0.110510254713405 -0.194287152194552
0.0315580388078627 0.0134674400189518 0.314999714280458 -0.0181528877318443
-0.00600945553135822 0.0376292641708649 0.240362615722371 0.37046517698257
-0.0385399163260041 0.0195080551144022 -0.221402050526699 0.412824059305122
-0.0361511524409492 -0.00239147539900324 -0.338103876672981 0.081979887769208
-0.0396677790300789 -0.0122098842406901 -0.0205826469080601 0.0508366469978274
-0.0425642668703825 0.0193404570883215 0.362921238190498 -0.027819700372921
-0.00959720680809419 0.0368639305092205 0.299384416155122 -0.401859035995031
0.0301030498631993 0.0249704011710378 -0.199540197043817 -0.417234059852356
0.0317476786176478 -0.0145339400735232 -0.353250855334889 0.0146148637823922
-0.00385207578420871 -0.0189158560583898 -0.115833741955367 0.207086670763982
-0.0164053117077034 0.00015111222255777 0.0541173357474355 0.0857473178042781
-0.0150610242237071 0.0103222361987068 0.0705674986581604 -0.0870261716501985
-0.0130019110597485 -0.00021333645308378 -0.0701966934653508 0.0778115510569517
-0.00781716111079196 -0.0102973396022021 -0.0677225991539481 -0.0567704418903611
0.0131316385299319 -0.0112457061551929 0.100539757620751 -0.193852399245187
0.0332395640346951 0.0101256095255307 0.309156592472962 -0.0288123181651131
-0.00473240458487413 0.0381596582802633 0.253393466052328 0.358763588288764
-0.0404516628073038 0.022813292821251 -0.20492584354048 0.420507188875504
-0.0392489062598869 -0.00143190640850248 -0.343395115853818 0.0925797116440671
-0.04226778387024 -0.0128572867612154 -0.0345073729037993 0.0490084332038322
-0.0461986185458496 0.0181409970162299 0.354580197110925 -0.0174899959765277
-0.0137062826994138 0.0388059525282696 0.314669651904496 -0.388939904023082
0.0291098469531122 0.0272840016689866 -0.183735266205876 -0.427643174947793
0.0344912300283097 -0.0156677408025717 -0.358874461470182 0.00155070383692537
-0.00136352638654481 -0.023202927319764 -0.125827424841755 0.207027432966154
-0.0150518324655821 -0.00377675317809601 0.0503799833881272 0.0898087923531006
-0.0155242940922035 0.00837312718956497 0.071174440739992 -0.0851373100524798
-0.0123722289312756 -0.000607015137213446 -0.068331887845428 0.0789509585285558
-0.00669886406282768 -0.0115621464897828 -0.0700326368978754 -0.0528979783067335
0.0131161886392996 -0.0141102767833185 0.0921221557912855 -0.192577157434841
0.0325066882638111 0.00753247184478722 0.303545928884874 -0.0377233588562697
-0.00465255012043916 0.0369528947986257 0.261649773510009 0.349175242368178
-0.0402463271533189 0.0221850963159181 -0.194802612241761 0.428555095726833
-0.0377130267921713 -0.00148369074901249 -0.349319482638477 0.104128751862726
-0.039050136006824 -0.0134264631864219 -0.0488902007698185 0.0464680954145408
-0.04439738021405 0.0161780615662503 0.345142231342209 -0.00877772937127439
-0.0157324141583709 0.0363939969832124 0.32286863142634 -0.377285710305907
0.0273988550588625 0.0278268410511761 -0.172413013782497 -0.435506875504165
0.0350926574827183 -0.0164854494882372 -0.363868444917948 -0.0109933731927539
0.000287608031531869 -0.025613760930403 -0.134560204300143 0.205947485624887
-0.0140495051089267 -0.00610760918788154 0.0469797222794866 0.0943353848393239
-0.0144974308067169 0.00821034256105015 0.0729849897468217 -0.0830610215267415
-0.00884294717028493 0.000534302251326638 -0.0667937618766325 0.0798630437864811
-0.00516470678660048 -0.0124070204870384 -0.0709961064405179 -0.0498922463068382
0.0137938111490815 -0.0153122723979728 0.0864540242375007 -0.192167644032433
0.0293393703975628 0.00634767912530921 0.29925186883584 -0.0430530161519429
-0.00615302260084958 0.0331318269105207 0.26632598048178 0.340513901778636
-0.0384930516393474 0.0187148864495258 -0.186326504730158 0.43451016406432
-0.0302527522953292 -0.00332565166501596 -0.356753087558641 0.10785680753558
-0.0302522800294318 -0.0135115700175541 -0.0611841461848748 0.0441073457028254
-0.0376742962314432 0.0136302904008502 0.335363923971155 -0.00317798947415119
-0.0149953718002077 0.030997121466728 0.32759828396668 -0.366661633480032
0.0248661299827953 0.0250776998938282 -0.163673731144042 -0.441225606572184
0.0332835540453641 -0.0165908412487258 -0.367543172520736 -0.0190790362883346
0.0014810410660356 -0.0272500664814348 -0.14182284283812 0.206350649151724
-0.0128573003196681 -0.00692978137791682 0.0449322577963921 0.0977599270674354
-0.0119100421878098 0.00850754616152493 0.0760723066801037 -0.0814174483407871
-0.00501851113102829 0.00216914596927323 -0.0642474815851936 0.081666036141397
-0.00348128387959725 -0.0109950154294472 -0.0701355582213585 -0.048344367941995
0.0135644210684391 -0.0137671217312065 0.0844299745405846 -0.191442668776873
0.0259152214327946 0.00577885431033058 0.296281954425176 -0.0444309714131488
-0.00952463484708378 0.0282173870716436 0.265278181217353 0.341016653507987
-0.0351603395262346 0.0104480670039388 -0.188193283357035 0.438207203753817
-0.0194014451735056 -0.00705523646410424 -0.362302411274111 0.110274210008812
-0.0187066348801343 -0.0124240312478741 -0.0684801437129445 0.0422342069160122
-0.027072614734489 0.0107820199431749 0.329402794810639 -0.00134329638826476
-0.0102701534562378 0.0246079710360084 0.327308407953112 -0.36352886607858
0.021812473835398 0.0205157050171143 -0.164553476486472 -0.442826902749239
0.0302735993872703 -0.0171403082386556 -0.370694457508667 -0.0228507628158453
0.000743662302418405 -0.0267868736184664 -0.144390295992947 0.207970507488566
-0.0112681378735429 -0.00564301178715031 0.04518226114975 0.100032701532849
-0.00875920477605066 0.0104233075740736 0.0785716221619137 -0.0802947279971941
-0.000577388354815527 0.00463445406029295 -0.0632788832156926 0.0818349152016167
-0.00120931623045824 -0.00904077353786721 -0.0686378204923072 -0.0488362333173725
0.0132555128048088 -0.0105789326634559 0.0865347671514786 -0.191352799551587
0.0207109630344861 0.00707112729554233 0.296912216977839 -0.0416448240245043
-0.012663429052054 0.0221706632401071 0.260081010790487 0.343506237653061
-0.0312294513562717 0.000615794111933736 -0.1951036656277 0.438421732090399
-0.00723653030040763 -0.0108962778724766 -0.368595453287082 0.1064922762453
-0.00501638319029725 -0.0114356732170105 -0.070355161293679 0.0403121442414884
-0.0142699806156884 0.00825023825369803 0.327101377656276 -0.0049816799107563
-0.00460073745752848 0.0158901298230215 0.320352583141516 -0.368366050225376
0.0196913205624952 0.0136041974094581 -0.171631572063183 -0.439298642067856
0.0257986426068144 -0.0175913324036448 -0.373326594812154 -0.0180410703272005
-0.000808842172366057 -0.024433306453036 -0.143453568146225 0.208961834766281
-0.0102371633943036 -0.00270281043861841 0.0474782978184907 0.0991164359074036
-0.00495148142210196 0.0134740438165892 0.081378303121068 -0.0802941514381217
0.0042082459769206 0.00732036508122777 -0.061699738053556 0.0822716770688388
0.000948065911161514 -0.00569400961207176 -0.0658923085975573 -0.0503698713991768
0.0127238231993304 -0.00571137162337605 0.0918197396751733 -0.192614196429907
0.0147840749416712 0.00822999449465181 0.299140781192848 -0.0349949429792477
-0.0170172067109111 0.0163880901831208 0.250493843914853 0.353693616320926
-0.0252380661872358 -0.0103289653552745 -0.208800124257908 0.434952666795733
0.00726524769193742 -0.0146153869214811 -0.371275885429746 0.0985594782071345
0.0095828870963064 -0.0100016627589415 -0.0669685363097987 0.0397768597955199
-0.000591828247728533 0.00544377397930763 0.328562080928487 -0.0113825434312287
0.00232335538994447 0.00635636047216139 0.308032922563144 -0.373180763174994
0.0167751454055406 0.00541246394759065 -0.184936909786232 -0.432165493169918
0.0202091135545606 -0.0174648986984345 -0.373881116165475 -0.010001456924285
-0.00268287397793877 -0.0203823369268542 -0.1381736137533 0.210610429826495
-0.00896204148175589 0.00189518973905732 0.0519013782358055 0.0970246579304613
-0.00128055040888881 0.017370648317851 0.0841024330435058 -0.0810544197603028
0.0071525074290842 0.00940776515417036 -0.0614767972256047 0.081810004202323
0.00170935143611882 -0.00241859225053907 -0.0616201327772207 -0.054782984294494
0.0121356262679523 -0.000399851455127479 0.101053722047548 -0.193310008945014
0.0105905140179447 0.0107126719099172 0.303759813862205 -0.0234976111605989
-0.0191352001791026 0.0110127412637087 0.237128135433438 0.365348224572219
-0.0206338102533961 -0.0185983891769598 -0.226502229490066 0.429221350109896
0.0184276225208645 -0.0165920269843364 -0.370906849530772 0.0869194474323066
0.0202765070179861 -0.00851613423445803 -0.0570108114645411 0.0406669825905462
0.00970686032329408 0.00304493277252488 0.333761925605585 -0.0215781317077673
0.00807877737504335 -0.00044429856451313 0.291739669378863 -0.386579242569731
0.0153032790648535 0.00022210005790842 -0.203335870932976 -0.424174661155663
0.0156529685678619 -0.0165276773696921 -0.371479395230996 0.00547225877230877
-0.00469656636590065 -0.0161797615521867 -0.129156419194579 0.211948959368196
-0.00841241101452533 0.0063160085257616 0.0571531958878346 0.0930716803245672
0.00124380699379892 0.0193612675758961 0.0853608882711055 -0.0820077297360316
-0.0124279625418007 0.00267320224571418 -0.0584541226685022 0.0908882197954928
-0.00934611083839313 -0.00507517088410645 -0.0767120053066535 -0.0511491475466981
0.0101382199791997 -0.0106314177217514 0.0747861159196839 -0.215727202001456
0.0349330348872819 0.00236757166544624 0.313329583226404 -0.0735340320359473
0.00753207033540231 0.0374530073697467 0.30894145743225 0.327035057657998
-0.0290770998645113 0.0292673606350334 -0.148361510087426 0.450421859675732
-0.0367644861824689 0.00695317671211762 -0.319566900810827 0.137779530393495
-0.0402229736981964 -0.00481514333795172 -0.0105769458979865 0.0539771603545955
-0.0349240441670819 0.024910842102621 0.358883685580783 -0.0962766125945921
0.00137490458011983 0.0339698916863362 0.222201218469319 -0.464896193185249
0.0319603624997949 0.0121480766047615 -0.283282732102342 -0.378419343304262
0.0230329193540746 -0.0241571366706442 -0.351856412408009 0.0877621028145893
-0.0100024437135373 -0.0162977707654822 -0.0740463094508469 0.2323193950829
-0.0160628789046356 0.00461950142816411 0.0734984741121373 0.0747312276039662
-0.0112106572418454 0.0123692117603886 0.0549426015917525 -0.101692493516627
-0.0130356021469127 0.00174418995078401 -0.0567453566517542 0.0918010035567241
-0.010313563890451 -0.00769685860007159 -0.0790653083826798 -0.0451960038090805
0.00959399692845354 -0.0149577661297764 0.0657067299144162 -0.212699831918971
0.0354177881029455 -0.000629904880290955 0.305862728394383 -0.0830061015650016
0.00937299122142706 0.0375616638020285 0.319778966200481 0.311067684272054
-0.0299112236875026 0.032598815325799 -0.130726490666776 0.455685554072993
-0.0393461555227115 0.00913396733615317 -0.32290352409891 0.149184226353042
-0.0429852065751133 -0.00521091190394988 -0.0250095274676058 0.0546070113804828
-0.0382009099598966 0.0247987968632935 0.351988658102562 -0.0841790410456505
-0.00256596933868405 0.0367169432656171 0.239060816697347 -0.455167063616745
0.0322357948744085 0.0153295133562297 -0.270639941899704 -0.392146053315926
0.02540388347551 -0.0254458652401857 -0.360828047030207 0.0748147097777021
-0.00864355243289345 -0.0211346451029772 -0.083480833119824 0.233679559656842
-0.0161915636495061 0.000868229514272601 0.0705852603825476 0.080023494236831
-0.0117420050557854 0.0105281421742399 0.0555348325263298 -0.100194644800564
-0.0116790061225152 0.00173032438562337 -0.054272241703719 0.0929076850152042
-0.00954191470866039 -0.00908523856920259 -0.0808628157274136 -0.0412631766141174
0.00925864561202618 -0.0177976150448241 0.057403266037897 -0.211183971453475
0.0347676312704217 -0.00338230631937875 0.298909132180101 -0.0918699356135642
0.00888397309852208 0.0354453267901101 0.325326868400201 0.299903592925443
-0.0295446860623382 0.0325042811417305 -0.118027294688651 0.462367962176229
-0.0375710026232913 0.00882852009434348 -0.327380953996699 0.16045372343305
-0.0396533691510434 -0.00607938602759595 -0.0390292989697261 0.054557840973099
-0.0368977026615675 0.0230236208109981 0.343974980216102 -0.0732193544697934
-0.0048117016598031 0.0354802925626067 0.251461069398159 -0.445365853955188
0.030219404766367 0.0158460059024664 -0.259986428446723 -0.403334841434683
0.0259931567920383 -0.0259156151969938 -0.367232319755513 0.0635792416214605
-0.00746031842161026 -0.0242291299121912 -0.0925794443858333 0.235333402994797
-0.0154460842434147 -0.00175267701224987 0.0680604228691301 0.0857972470719285
-0.0107988422852186 0.00989055578882466 0.0578892852021382 -0.0980024006736751
-0.00873278315853841 0.00177387617397265 -0.052875413443081 0.0937862684534645
-0.0082674351409289 -0.0096623600854275 -0.0811623902438945 -0.0384785966941523
0.00890896345026626 -0.0183084322890026 0.0519802512925968 -0.208651145243251
0.0324221932071711 -0.00409657841852313 0.292444346689536 -0.0960304583442392
0.00698826360316704 0.03241977252699 0.32909146051079 0.289657237822557
-0.0286107007449084 0.0275337559298246 -0.109272509783264 0.466093338895167
-0.0309001041552199 0.00512488664128754 -0.333360230196803 0.167024260013835
-0.0318312759892575 -0.00699232464759071 -0.0520191845434865 0.0546942302297471
-0.0308690077469039 0.0190138697480517 0.335263036527217 -0.0660859594767691
-0.00432754077631843 0.0305986226955461 0.258717426977007 -0.43646831577887
0.0270738741339217 0.0140346609598593 -0.252913792299525 -0.408895526821503
0.0245926135349026 -0.0260824413497028 -0.372305072375927 0.0567622601491318
-0.00694492520250036 -0.0254880194001389 -0.0998440156327557 0.236803209652486
-0.0141634990366965 -0.00251984571252696 0.0668975306230229 0.0892386163950305
-0.00832733132232411 0.0104183470354364 0.0613973200411436 -0.0974736765876715
-0.00456430301656482 0.00301613141340422 -0.0502135395859119 0.095415264262479
-0.00589944865652242 -0.00930502896398069 -0.0803175110674587 -0.0366815785640607
0.00920832005809709 -0.0171865182293965 0.0500506402390993 -0.208352297561453
0.0278416887476748 -0.00399053998490686 0.289559072494758 -0.0972861503906955
0.0026666052548368 0.0282570204987804 0.328295942642949 0.290645028216273
-0.0270968012909127 0.0198302370286766 -0.109586023301226 0.469277087356453
-0.021830427536234 -0.000130157265002281 -0.338343572615183 0.170930387878633
-0.0203476573429032 -0.00863039734271451 -0.0597027779763274 0.0539187364413263
-0.0208226682875566 0.0145843997198811 0.329381024344446 -0.0638169629285293
-0.00192190639164849 0.0222456938988474 0.25876507131214 -0.431867727642872
0.0245362117614766 0.00942436197513198 -0.252109260820727 -0.410347261901211
0.021785275799818 -0.0263427378511449 -0.376344212020795 0.0534654113038193
-0.00750222605264922 -0.0246984010776968 -0.102020811967113 0.23875126784327
-0.0122151293478542 -0.0018365963465396 0.0672590068091556 0.0904853963763008
-0.00454512064546848 0.0112244707561125 0.0638435526112171 -0.0964215898674992
-0.000302111306153507 0.00399015582126091 -0.0485099453371733 0.0959509048050664
-0.00376539916954325 -0.00777347289773085 -0.0782256238180412 -0.0374255556395783
0.0101847059147412 -0.014121068517055 0.0518388300623465 -0.208185497456552
0.023298428941564 -0.00129220804967278 0.291043213726425 -0.0951562026066107
-0.0017331682560521 0.0235545825144101 0.323955706723323 0.29313123099831
-0.0248954665074269 0.00970033196285412 -0.115931753558294 0.470890503972383
-0.0106421244779203 -0.00623901343255314 -0.34439228738723 0.169962070514909
-0.00672160348513501 -0.0101493994916675 -0.0619777553647757 0.0532254994446238
-0.00900824308494671 0.0095740357092086 0.326844458434235 -0.0658092608748053
0.00209241059111046 0.0133669903723787 0.250070884135999 -0.433267735542634
0.0206704678136325 0.00345332858481935 -0.259164691284344 -0.405979267659367
0.0170435967863781 -0.0264792970686435 -0.378153370437299 0.0578792064159771
-0.00828172065265226 -0.0226384801304414 -0.100166443660934 0.239171223971493
-0.0107998721691576 0.000897021762730433 0.0694266538215088 0.0898063138888513
-0.000277169937425887 0.0139983263879423 0.0662703457593123 -0.0968385384911105
0.0047701226226662 0.00590767094853192 -0.0473417177928243 0.0961789389578504
-0.00110974627812318 -0.00487992556188232 -0.075528487508618 -0.0398488329585766
0.0105759171343159 -0.00952520503648037 0.0566382759432798 -0.210354638561358
0.0185724690003702 0.00149815123675053 0.294197372293039 -0.0894459541775633
-0.00650398256669673 0.0188198756179205 0.315719014620061 0.304963374529792
-0.0215325018976577 -0.00145685125538801 -0.129588278539724 0.470462452019151
0.00212034497213798 -0.0126961040525827 -0.347958240470233 0.162732962692139
0.00727754837300859 -0.0108254244033492 -0.0587873848616367 0.0517254488908489
0.00376703360002166 0.0046251791726935 0.326312937790804 -0.0735382807080684
0.00751977940492012 0.00333437137838957 0.237037056541919 -0.438967117551908
0.0165092133283487 -0.00329827056224783 -0.271461760869794 -0.396513721959392
0.0117027703308156 -0.0247108106780024 -0.376383193451693 0.0667373433688996
-0.00952657764043764 -0.0184788721886283 -0.0955704094135284 0.240582040281063
-0.00879296458997863 0.00510382329176504 0.0726085211884534 0.0867617900892165
0.00385407819569677 0.0165901672409426 0.0688923359107045 -0.0981407845079818
0.00819795126452932 0.00748300991851865 -0.0474512392550397 0.096206210501773
0.000750631507534197 -0.00234286199138036 -0.0728760709272693 -0.0439313697145267
0.0104984082208107 -0.00471554594714217 0.0653584324875328 -0.212483134258086
0.0150475843624394 0.00475546858350471 0.300531621361057 -0.0796602821930376
-0.0100980421110503 0.0145391532225462 0.306030091119671 0.320118975024354
-0.0177750541640469 -0.0108889349813276 -0.147470001797342 0.466751397788277
0.0123096773586137 -0.0170988160211071 -0.350014231911296 0.152043800728783
0.0184423170374417 -0.0111735616277233 -0.0489792153882644 0.0511204169496178
0.0125375825431097 0.000772436105561543 0.330476681505752 -0.0835884380613263
0.0117005940598736 -0.00441134640392778 0.219430982193625 -0.447991316568685
0.0137832724576464 -0.00838813057734143 -0.287618907041282 -0.384776796737524
0.00697636653320005 -0.0230075284767 -0.370968077827437 0.0810046695193427
-0.0105839429947412 -0.0134938452065279 -0.0860045837447231 0.239641139537132
-0.00746186524465719 0.00960708549201562 0.0770786283798103 0.0816098437304656
0.00745886502555835 0.0190981084236806 0.069617254367364 -0.0997912273455121
-0.0124738797325437 0.0020948846243013 -0.0583309519751876 0.0909984644144065
-0.00971758854588099 -0.00518775957248825 -0.0765534791122896 -0.0508293040577181
0.0100740841248097 -0.0110126488216449 0.0742443426451123 -0.216382744024976
0.035240347525672 0.00243890080607296 0.313736258991718 -0.0749731417145843
0.00793584457172316 0.038077724028002 0.308067093117568 0.323627028427433
-0.0293075196827621 0.0291582068329521 -0.148725309397813 0.450014835716377
-0.0364586589384535 0.0064991190874733 -0.319606137392198 0.137807939435331
-0.0399162459652896 -0.00465436454947895 -0.01063107503568 0.0535970857002926
-0.0339997715339297 0.0253832860769249 0.35774098404697 -0.0956843797279298
0.000945254066066163 0.0340594895645565 0.222580408543087 -0.465161697474337
0.0316846138391463 0.0121341461927766 -0.284543555396126 -0.377991631852338
0.022416290636934 -0.0240248509267351 -0.351607911501827 0.0885519845603792
-0.00981909642285822 -0.0163693772739136 -0.0737390239915068 0.232107454713459
-0.0159623453997871 0.0045600834848568 0.0735615112720763 0.0747487602665995
-0.0105194320373072 0.0127733776719252 0.0553598845054871 -0.101326387544082
-0.0126712022952048 0.00143529753837348 -0.0568642139657672 0.091642985341378
-0.00963460762390152 -0.00805454681194152 -0.0791615928894464 -0.0455929112245891
0.00958662243719136 -0.0152671571022823 0.0650484585540522 -0.213561644743799
0.035845423017374 -0.000743194593037885 0.305660504964705 -0.0838767399140924
0.00921186130307877 0.0383020517188767 0.318640484689645 0.311109016018048
-0.0294734173962303 0.0328889199591279 -0.131082365286702 0.456110876442547
-0.0389133872246744 0.00849950076057316 -0.322799561976282 0.149748017599456
-0.0422729494503519 -0.00522290304953143 -0.0247307023609087 0.053795573083146
-0.037992634414074 0.0247069004133767 0.351411237049202 -0.0837819427400222
-0.00262477047343759 0.0368099290677176 0.23878360176494 -0.454937495320529
0.0318295024571605 0.0155329503222624 -0.269369340214615 -0.391988953768941
0.0253347570079276 -0.0254721904321274 -0.359287766137582 0.0750397016378098
-0.00854527006080616 -0.0207123953316225 -0.0834050159665922 0.233845117799483
-0.015669319964887 0.00105610748678868 0.070394453048742 0.0800712892277538
-0.0116436340984384 0.010632782104683 0.0561574643838855 -0.100164735174561
-0.0115573299120025 0.00128412077111555 -0.0543269769098938 0.0926291088750245
-0.00957261613185862 -0.00962853693803531 -0.0807213145237536 -0.040669502497865
0.0088075101900357 -0.0177183251697889 0.0573668492480557 -0.211765172560061
0.0345022608155926 -0.00327802231025415 0.298706605548568 -0.0931740362434184
0.00884346794994169 0.0361657176438548 0.325461664814305 0.297853237963266
-0.0292660767360406 0.0324242802495853 -0.118042289698652 0.462047186871926
-0.0372299512254311 0.00841415782694088 -0.327591931974765 0.160399099397531
-0.0392891674662301 -0.0061123410754352 -0.0394079481318385 0.0550053574730508
-0.036434111507621 0.0223274671968596 0.34321718735167 -0.0730189311827592
-0.00476382535601186 0.0355276874164893 0.251608440040372 -0.444987196277479
0.0303072400311514 0.0160492387397821 -0.259447268561521 -0.402529905891178
0.0260555697740302 -0.0260658264182973 -0.367266281876253 0.0646023759567272
-0.00768114032088462 -0.0239224750307867 -0.0923946807938009 0.235997399348184
-0.0150955195948361 -0.00135643381639833 0.068137363252193 0.085470226536212
-0.0103439993455033 0.00960887425307945 0.0581281798813915 -0.0979497721981779
-0.00851011251647488 0.00201092592300601 -0.0519406572811771 0.0940870149549819
-0.00805373213441258 -0.00985193134564884 -0.0813238936425957 -0.0377745652240008
0.00823219457030973 -0.0183661216513507 0.0514348317041027 -0.208970022896444
0.0315999755611744 -0.00460258788064375 0.293430349863454 -0.0967202094676142
0.00686681790891742 0.03338862483674 0.328304057170418 0.291210748597949
-0.0287828036312078 0.0277694306285068 -0.109060086553738 0.466073475225935
-0.0309426252395171 0.00524285762255748 -0.332798414212172 0.16781971895361
-0.0315623938243654 -0.0069076032536449 -0.0519489535758718 0.0546761931861358
-0.0308389935417779 0.0186602811717992 0.334691553721899 -0.0648947602938039
-0.00508772031760536 0.0303603778453332 0.25949012145501 -0.436386329716459
0.0274969925939611 0.0139562394403978 -0.251987901029816 -0.408872640675917
0.024763161622419 -0.0263520522221006 -0.372592058691496 0.0572718679767813
-0.00706437954777009 -0.0252262330228641 -0.0994832267988012 0.237488886002391
-0.0137441091044116 -0.00283127525582118 0.0665088119667914 0.0895277780433839
-0.00798316130816684 0.0107211020711704 0.0614430632757849 -0.0970534438938045
-0.00424451748322412 0.00304911743068577 -0.0502051210927323 0.0948845920606688
-0.00612705370779904 -0.00966063087529303 -0.0804192536531586 -0.0360650612002317
0.0093227289232479 -0.0177169948180163 0.0497759159135201 -0.208802040286599
0.0278180652411782 -0.00378835771492449 0.290557791010948 -0.0985349380135004
0.0027890198193263 0.0291155184298571 0.328397268786533 0.289346054938243
-0.0264042597001825 0.0196337581377485 -0.109014929837069 0.468259730816988
-0.0216452654459671 2.57410836200841E-05 -0.338271974993846 0.170928796152418
-0.0201047216627829 -0.00839144560092116 -0.0598535869007539 0.0540349893774334
-0.0204154951781392 0.0140160410710283 0.328891253349089 -0.0638691764953113
-0.00204539616472384 0.0227848192252977 0.258830032125762 -0.432940528141462
0.0245612838494857 0.00927350557583103 -0.25223024707165 -0.410283982982505
0.0209106411045597 -0.0267444842138405 -0.376470607282509 0.0551305627519011
-0.00767754102262001 -0.0246169098860531 -0.101770892472009 0.238748363467289
-0.0118028958624706 -0.00109181724014137 0.0670703803405488 0.0906763066218646
-0.00442662748820968 0.011551297387208 0.0637558515919269 -0.0965199332721578
0.000106069615625251 0.00416005646126493 -0.0485007648139816 0.0954388819814701
-0.00362413854233264 -0.00763603123219071 -0.078104417410264 -0.0365899267988767
0.00975374973334229 -0.014439928272864 0.0515605702644124 -0.208978517291395
0.022870696080893 -0.00160289123324076 0.291246250690212 -0.0961900698170882
-0.00196503567292203 0.0246135289175188 0.32384857845732 0.292802206679786
-0.0242880436954777 0.009878656998322 -0.116302841695462 0.470073262974394
-0.0105385884946167 -0.00674382507662587 -0.343524073371201 0.168693891624085
-0.00669525231144079 -0.0098490722298743 -0.0621569184157466 0.0528619269248644
-0.00890195755560864 0.00954852351678422 0.326065691139263 -0.0656300230542817
0.00218799447620193 0.0135677578673628 0.251544491926648 -0.433890721527366
0.0202091855628043 0.00334539842276083 -0.260820474123299 -0.406102542894959
0.0168032945752194 -0.0259659719461804 -0.377371539120615 0.0590277263492918
-0.00845966557774723 -0.0225216862939288 -0.100319576719262 0.239505730065613
-0.0104587366087773 0.000894580483042047 0.069411941649246 0.0903157339715286
-6.95228191553848E-05 0.01380918133284 0.0668329849287163 -0.0968587339236974
0.00487098318141593 0.00576949212217552 -0.0468616861236345 0.0964129623421021
-0.000748862587852001 -0.00470776739706368 -0.0753879260542688 -0.0397404200429139
0.0104885448026445 -0.00950583223056938 0.0565025541418952 -0.210196441257224
0.0183022022900329 0.00135579419732116 0.294006982035525 -0.0902037651740607
-0.00651208659306653 0.0193356068281919 0.315155446555596 0.303813574362658
-0.0211804876913699 -0.00172036318761892 -0.130084663029461 0.470480157349407
0.00242536391855943 -0.013088491347025 -0.34713505474395 0.162343847091237
0.00781192972170809 -0.0107266687515074 -0.0583999888810672 0.0521060743818367
0.00393358407618457 0.00483648264010849 0.326534192881857 -0.072729109391366
0.0071485110182051 0.00307825430777845 0.23694166289306 -0.438325182000963
0.0164014958880795 -0.0032110963379802 -0.271862407552925 -0.39753726504604
0.0115556042109125 -0.0247847995403043 -0.376448618913061 0.067171714795945
-0.00950717635874133 -0.0183753225636606 -0.0951387520316885 0.240352772269627
-0.00852026571425793 0.00547389202030611 0.0729280842345464 0.08708038699563
0.004076451592335 0.0165614757322972 0.0686457359020168 -0.0977429178323763
0.00814542160973511 0.00708355236941749 -0.0471900373359413 0.0961610325817958
0.000685113365130035 -0.00211245127300256 -0.0726475064088192 -0.0442881683740873
0.0104128164366658 -0.00447478220297189 0.0648002012591219 -0.212092783777221
0.0146476177038886 0.00431713293632268 0.300840504039132 -0.0804733957480746
-0.00987890321685509 0.014971247755144 0.305204953909804 0.318238073203376
-0.0177872717536402 -0.0108280915351242 -0.148677833861364 0.46646703845542
0.0124434253293743 -0.0175863031176707 -0.349698103931601 0.153110579036809
0.0185838923200438 -0.0112801638570643 -0.0487447033388593 0.0509609568478544
0.0131115176453928 0.000739444689424641 0.329344468789242 -0.0841531403044
0.0113418929491846 -0.00462643651672431 0.219240527566943 -0.448030674102757
0.0135747934096297 -0.00822301842006323 -0.287056956821009 -0.383602064003498
0.00664238535841123 -0.0230061500270942 -0.371066630500006 0.0815713678557317
-0.0110269889712134 -0.0133866983043986 -0.0854342969353791 0.239946064433947
-0.00709391551151573 0.00999047940047169 0.0771573861166229 0.0817953921368119
0.00710416975033646 0.0188631047331824 0.0699853308110133 -0.0993262685909406
-0.0122742923242701 0.00206746656298439 -0.0579125166456667 0.0911776463583187
-0.00961517463733734 -0.00532242099617625 -0.0764415732021732 -0.0510396544825658
0.00978043960644681 -0.0108691570755809 0.0742022917853934 -0.216943281338001
0.034913907643189 0.0023003979425045 0.314851735135435 -0.0750489429737256
0.00762031533357573 0.0385159896276652 0.309446160480494 0.323948957492052
-0.0290489613064618 0.029594726145359 -0.149027305022339 0.451733856026206
-0.0363317327205546 0.00673551302348185 -0.319598688739872 0.137527248366485
-0.0397683454484066 -0.00478213362578372 -0.0105545505589862 0.0539860053546528
-0.0343524271992062 0.0248028102052531 0.358745251281844 -0.095335690063484
0.00123686067067473 0.0341890395808807 0.223142723480235 -0.465432104886765
0.0320234093849293 0.0122941841386789 -0.284315317061299 -0.379462971803687
0.0226558183083121 -0.0237829842252826 -0.351747789223488 0.0890474527586601
-0.0101281800847462 -0.0164585411030267 -0.0730973188281975 0.233371662265721
-0.0155546581874639 0.00486453576329149 0.0736168731105501 0.0750542029276834
-0.010764048849543 0.0120741678675116 0.0552824943812145 -0.10126709811703
-0.0131185378643468 0.00125641359116728 -0.0568389054987964 0.092328760888192
-0.0100779113243424 -0.00807147117716736 -0.0786094505815688 -0.0458140308585256
0.00936567088039368 -0.0155785119861153 0.0649101081855423 -0.214304205628701
0.0358287557615078 -0.00109190293325691 0.306594569289766 -0.0852960217097211
0.00943651914154744 0.0386021119549019 0.319227907394343 0.309246123257715
-0.0297801219316226 0.0327441887626203 -0.131459638301908 0.45725586048759
-0.0391319337056324 0.0084356479951261 -0.323311118498204 0.150022288518066
-0.0422877006542415 -0.00504701866472221 -0.0246155283580088 0.0541593600135748
-0.0380696626841548 0.0246172589997558 0.351748533345172 -0.0835735006418669
-0.0033319143965175 0.0367290039765441 0.240445076781088 -0.455217787539567
0.0318744127319622 0.0150279855858135 -0.270717483092171 -0.392308210333687
0.0247994967046753 -0.0251106189927178 -0.359372426921006 0.0769408281591794
-0.008817949139924 -0.0208827564146221 -0.0829590871916841 0.234569112026123
-0.0152835414424307 0.000958546704989737 0.071174832816676 0.0805359282591398
-0.0116324089106015 0.0107616939317946 0.056768648066914 -0.1003978662064
-0.0118126487081689 0.000939119897727441 -0.0544460951258803 0.0927825759244806
-0.00944785033589956 -0.00950240729880193 -0.0808039255239798 -0.0409089352096
0.00876969076569074 -0.01818002598557 0.0569550549995016 -0.212306760329569
0.0348386005061074 -0.00325276037496792 0.300191144974641 -0.0942745535982029
0.00881791521710623 0.0368665579915736 0.326077785731475 0.29717066247415
-0.0296422896456538 0.0325719198579718 -0.116664322406433 0.463497924907207
-0.0368245620453057 0.00826144376011897 -0.328259043707397 0.160439109963885
-0.0392953059219646 -0.00607881716549516 -0.0392709476560289 0.0546261960480045
-0.0365813181638245 0.0223180442368759 0.343355002995263 -0.0729754519859654
-0.00514121280359837 0.0353676085712411 0.252230370178029 -0.444505549261896
0.0306794534123514 0.0159547877542419 -0.26072458942302 -0.403843133001787
0.0256790608829465 -0.0262502443212216 -0.367346457875479 0.0651213810654933
-0.0072549302988541 -0.0236754727767617 -0.0923583086689073 0.236828601715818
-0.0148193907385746 -0.00140062203080762 0.0687474856867465 0.0855585302231808
-0.010396700086417 0.0100265745169465 0.0578613070333952 -0.097779773577044
-0.00853283848683259 0.00174390852490743 -0.0523908083669826 0.093908112893961
-0.00776571965165223 -0.00969914934249911 -0.0810243558144638 -0.0378117821653625
0.00867016195212902 -0.0187462637614291 0.0513771915247142 -0.20956108952665
0.0314719007870972 -0.00465987541090653 0.294150090318363 -0.0976440905943335
0.00669661355976408 0.033974304253345 0.329322194113245 0.289831140103892
-0.0281382798628622 0.027602406353477 -0.109971370246171 0.466423082620065
-0.0313567148893823 0.00472699102898633 -0.334396205976897 0.167349800457954
-0.0310986282724919 -0.00738833910729378 -0.0521202742430934 0.0545247900586563
-0.0303541307545596 0.0184203707525878 0.334895384737084 -0.0653407416817882
-0.00457803796185236 0.0304154309674647 0.259131185937883 -0.43582457760786
0.0276886586519044 0.0136331233306453 -0.252394426493277 -0.410571691527711
0.0246037213170504 -0.0266248569790616 -0.372860935341498 0.0575763671021104
-0.00730646819874218 -0.0252910094840688 -0.0989970977996186 0.237656618198243
-0.013668137688332 -0.00236652815203984 0.0671914290428684 0.0895231240375884
-0.00762934799119849 0.0101438600162074 0.0613491129345795 -0.0965806268486055
-0.0044307585462523 0.00247573029080915 -0.0502051053180908 0.0948922483028833
-0.00633196961305004 -0.00952374488461154 -0.0803908994987623 -0.0361513979534163
0.00930312122710032 -0.0176599375122332 0.0493478247952679 -0.209650481565607
0.0270696888891678 -0.00353641724108265 0.290898910423959 -0.0994599337718874
0.00298401270235125 0.0293746674778727 0.329435504269506 0.288113095262902
-0.0266567327093975 0.0193856776309963 -0.10881734244027 0.470169005607193
-0.0210874953036866 -0.000795534350346816 -0.340085050346323 0.171447952053322
-0.0199146087678083 -0.00823591393844891 -0.0600394382326028 0.0534150292186453
-0.0206649281014739 0.0143787684552227 0.329658872074962 -0.0627943231373724
-0.00229463784059218 0.022715170743252 0.259334780350112 -0.433654325200838
0.0240299959301497 0.00919417082035866 -0.252609759251628 -0.411834760398791
0.0207345375711035 -0.0261757748538624 -0.376248335385743 0.0549249487252122
-0.00746384610409571 -0.0249417580672037 -0.101749814901196 0.239870254633633
-0.0121359854325791 -0.000869158532484779 0.0679068031593503 0.0912432574246588
-0.00410032418019153 0.0120100396152867 0.0640092310660916 -0.096825565544071
0.000369400471013734 0.00395127678888935 -0.0480541823760021 0.0959136980185911
-0.0035350618209793 -0.00754795860313124 -0.0780098887576898 -0.0366676542053093
0.00972177294053446 -0.014756804123051 0.0512602604975268 -0.210049901909336
0.0233271366448138 -0.00198866274246402 0.292020249773298 -0.0973619460749113
-0.0015889500959187 0.0247423782957515 0.324084603548671 0.292580473121182
-0.0244795737840629 0.00941225913029091 -0.116151577721108 0.472150478765462
-0.00995959673936923 -0.00666557090664364 -0.344275076313103 0.16857848251556
-0.0067125462677495 -0.00959278236012481 -0.0616734786377965 0.0529327436233795
-0.00873063549342898 0.00974707051793666 0.326046697123745 -0.0657531529536802
0.00200366993993185 0.0134270115003166 0.250727243114112 -0.434628503779539
0.020452507045153 0.00351120106336808 -0.259532023256968 -0.406273792175885
0.0167097223810272 -0.0260611522205107 -0.377791484678361 0.0585474923885634
-0.00884705463638025 -0.0223337434940939 -0.0999306822333914 0.241086037253177
-0.0102882788388835 0.00114247713652082 0.0701064134944468 0.090516628696329
0.000231024404054072 0.0135690231891745 0.0662338439032199 -0.0966127152953865
0.00488787231318456 0.0052465319662882 -0.0472752694392664 0.0958258338037435
-0.00109444587066979 -0.00497872688034794 -0.0754421642708151 -0.0396631964990804
0.0100949585619031 -0.010134643419689 0.056413419311888 -0.21133305505682
0.0181902678200005 0.00167884012220512 0.295995060448602 -0.091481756516323
-0.0065376382480765 0.0194186405913458 0.316952910812085 0.303477406338604
-0.021359342374131 -0.0018122173570333 -0.129964951512239 0.471117028563091
0.00247866145652126 -0.0133539227332902 -0.348413504244348 0.162407486451727
0.00806970204343061 -0.0103481407623013 -0.0584591876151595 0.0519283029821037
0.00347656430614328 0.00480017698581438 0.325832241109691 -0.072453486100492
0.00727103110309752 0.00334418744788796 0.23831306484241 -0.439082150446278
0.0170259803246288 -0.00346351342073468 -0.271771009485089 -0.398941229784368
0.011160994153711 -0.0250813620540666 -0.377175230218057 0.0686072862367945
-0.00985286769045108 -0.0179286634818156 -0.0946340596842385 0.240913048446544
-0.00821122447490146 0.00580708204006081 0.0734953495039886 0.0872292500614644
0.00409801796225679 0.0165831061520179 0.0689482541298084 -0.0978932188278644
0.00819762133594404 0.00699860921758152 -0.0474555334983309 0.096003559838424
0.00068601624768836 -0.00210958186473008 -0.0725439903118645 -0.0438740963656036
0.010858447441877 -0.00523579514330519 0.0643797317004225 -0.213662388944806
0.0146796244914256 0.00450390607840083 0.301976255348863 -0.0818396772393894
-0.00984150120199456 0.0154259913452539 0.306424126130231 0.317304644704384
-0.0178679778118393 -0.0108008395360939 -0.148716306471152 0.467931923858226
0.0127675653626901 -0.0175767843196738 -0.348770139145491 0.152034159559293
0.0185573724331881 -0.0111725865338778 -0.0490909188649205 0.0511600165539093
0.0125810721034762 0.000639376151173848 0.329343181944401 -0.0835013963299125
0.0112334267901204 -0.00452485585933121 0.220880908399571 -0.447667938579156
0.013911563243506 -0.00849762119225987 -0.287745502762498 -0.383108148229425
0.00664678336194663 -0.0230304394836778 -0.371354084218116 0.0822742846614392
-0.0105101090458898 -0.0132901330647023 -0.0852213565872808 0.240495398659532
-0.00674507858459131 0.0103638518357003 0.078096067856448 0.0820859881910422
0.00700900356025851 0.0191154556464781 0.0699123276656441 -0.099237245807225
-0.0120728435169095 0.00219133338884809 -0.0577156335098141 0.0911497614849285
-0.00967575228242233 -0.00519377826482536 -0.0768273379202442 -0.0506685122619712
0.00977018399664526 -0.0113971888888041 0.0738617559518168 -0.219027663893128
0.0355773352352516 0.00189204555864631 0.315670195983956 -0.0775492727169354
0.00825836833615273 0.0391435209969241 0.310755342751243 0.32217623455095
-0.0289327164877069 0.0287307134148735 -0.149355165588205 0.453507007956231
-0.0365108990387944 0.00624461919855659 -0.321317017947113 0.138157689540366
-0.0394011856418452 -0.00506608523513292 -0.0105804857511986 0.0534566808409595
-0.0340209315076074 0.0250107885229167 0.358700058541454 -0.0958626864975001
0.0010741221316338 0.0341531857499064 0.222692695463083 -0.467731337058704
0.0322536866942435 0.0123510806779044 -0.285953858087959 -0.379684506106778
0.0223460076452289 -0.0237986409352697 -0.35260013741684 0.0899710100954683
-0.0100398644314004 -0.0161636493153271 -0.073367016207475 0.233922012018149
-0.0154095642210893 0.00514694596715382 0.0745629426593501 0.0754282595609249
-0.0106243220010666 0.0122295283440185 0.05527299075725 -0.102280016031513
-0.0126194587932005 0.00123658623599257 -0.0564951952411688 0.0919610688659667
-0.0105838117363202 -0.00749896608177422 -0.0794361090220764 -0.0459806877410217
0.00925917497776917 -0.0156826659988206 0.0645585447932631 -0.215929919470893
0.0358536965140127 -0.00172790955215687 0.308178405068296 -0.0872811774740427
0.00929440851964812 0.0391682272330448 0.32004779260854 0.310450752351505
-0.0297575954487518 0.0328297841498516 -0.131804694721917 0.458761366723465
-0.0389214192820334 0.00828600015844951 -0.324388480971773 0.149956557466591
-0.0425456329515141 -0.0052295247802807 -0.0247838726605537 0.0544462213051601
-0.0379431834961099 0.024811812239133 0.352558242034926 -0.082895316049777
-0.00302702859921858 0.0368234863408028 0.240169838603021 -0.456823293581868
0.0323579523508826 0.0151535272147971 -0.272787239277532 -0.394772348443129
0.0253609393782599 -0.0250596988762104 -0.360780648719228 0.0778016231809928
-0.00889339756124359 -0.0206810838956922 -0.0827644840673995 0.236018959445454
-0.0154962449491878 0.00148865084541222 0.0707183880040383 0.0806516735152098
-0.0109847940782931 0.0107840233587996 0.0562955850338044 -0.100390551617976
-0.0116169218039913 0.000657253296669274 -0.0543217064987806 0.0929744582040753
-0.00956251391335815 -0.0093769315210368 -0.081303701129402 -0.0412349497527386
0.00884505117125202 -0.0184136180254936 0.0564111059986819 -0.213678178212841
0.0345913051305178 -0.00382019907643172 0.300891465912737 -0.0958395209744347
0.00934637362895462 0.0376782114601459 0.328502001793356 0.297339565815795
-0.0292485190847385 0.0324024479520984 -0.118228136148607 0.464971521445656
-0.0371107125536594 0.00795171354739869 -0.328667962927697 0.160817265591172
-0.0395114949438684 -0.00579711458824545 -0.0395343182650816 0.0549157114305682
-0.0364606685405173 0.0225805103281015 0.344115156291362 -0.0728948826454635
-0.00546820341129292 0.0354069128530049 0.253109222221399 -0.446700073658942
0.0303143467969441 0.015402597120431 -0.261911503559494 -0.403820947978849
0.0256178378552429 -0.0262483196464283 -0.368152107797985 0.0656393586215132
-0.00784526745284753 -0.0240804197423771 -0.0917073988054147 0.237921946026349
-0.0147539854119516 -0.00129741163899077 0.0687594285820956 0.0863761075918344
-0.00998174981722318 0.00984867786030894 0.0586283619445049 -0.0984786050539207
-0.00864205137633815 0.000973469729429784 -0.0524558208671301 0.0939632168210161
-0.00809291239936266 -0.00986608852738637 -0.0813080604908328 -0.0378483524890896
0.00878638143172841 -0.0190562893140371 0.0510565645292355 -0.211586371720083
0.0314403568616835 -0.00485373091303305 0.294933752868324 -0.0998031395031714
0.00679400998961785 0.0341668527456072 0.330757337488833 0.289450544339756
-0.0285611859039328 0.0275572061792968 -0.110129710930297 0.468551977842961
-0.0306393918434761 0.0045813960437615 -0.334464167002659 0.168872164907735
-0.0312240842700948 -0.00726579576273519 -0.0521169497597617 0.0547037618399891
-0.030439025670603 0.0184655134049333 0.336014416834316 -0.0650504417095096
-0.0050131023035917 0.0299896133016743 0.260141631779811 -0.438050392084086
0.0276020626601657 0.0133943495836428 -0.254081907382217 -0.410318079870038
0.0241932033920115 -0.0264141078291862 -0.37402580236442 0.0590432611574642
-0.00704435105427489 -0.0254551121292329 -0.0985835139572274 0.238893827520745
-0.012941657202626 -0.00205284381115448 0.0682253120880264 0.089904414356363
-0.00761520741594816 0.0103785203819768 0.061791287298764 -0.0969311925610531
-0.00464529187621646 0.00209531809093012 -0.050264900945604 0.0951863683423883
-0.00601878240142889 -0.00914406821952425 -0.0802194021851098 -0.0363079271314526
0.0088863440935475 -0.017927870716707 0.0493021916591559 -0.210718607715467
0.0277460768539727 -0.00409252802351129 0.291797832958425 -0.101256966674921
0.0030556628373268 0.0295158579721719 0.331100769882425 0.288374765707606
-0.026941151896966 0.0191718546115561 -0.109510741381898 0.47328977162368
-0.0216122761990163 -0.000796256388251117 -0.339734408821083 0.171431480525618
-0.0200200558440777 -0.00846446291790253 -0.0598033635164028 0.0543383329005571
-0.0205537358219161 0.0138887216544444 0.329673400046021 -0.0631125438290842
-0.00243802236773868 0.0226761691861395 0.259306065576239 -0.434033888188629
0.0240671610440917 0.00920829635905214 -0.254979783585286 -0.41153722898032
0.0213226834438187 -0.0263177813904755 -0.377958928485714 0.056173859916586
-0.00750713710095409 -0.0250759061841549 -0.101949422988536 0.240989832505877
-0.0114445725516044 -0.000981755735413554 0.0685278319380421 0.0912714048699601
-0.00385090300180865 0.0115970423347184 0.0644306196336656 -0.0965944961122928
2.64911390462485E-06 0.00375715467652102 -0.0483371660335032 0.095910583625436
-0.00343596531488095 -0.00754505607316506 -0.0781850558322823 -0.0370539243003969
0.00970857459148059 -0.0147980121393768 0.0504011875652343 -0.210961389033877
0.0232074141941322 -0.0017676009576993 0.293325701898699 -0.0990143623242076
-0.000967915387632675 0.0253773141797407 0.325087906802531 0.292652828893527
-0.0244321422884749 0.00961231791990914 -0.116760404904946 0.473811115085963
-0.0103327131503125 -0.00711954706776608 -0.345145155559684 0.170383341565461
-0.00608393709011981 -0.00969384359096534 -0.0624554711729871 0.0535105201817792
-0.00831654176901287 0.00938133727436395 0.326241741457531 -0.0653825472211857
0.0021014008423302 0.0133289259052114 0.251676839316565 -0.435760615833876
0.0203150228732858 0.00328022286180982 -0.260500555493653 -0.406744782115704
0.0167295781725171 -0.0258484229637357 -0.378609008781972 0.0606122475652157
-0.00829010484173513 -0.0222881401754979 -0.0996804875091798 0.241605238902142
-0.00981688653416211 0.00167050381572975 0.0703457701892071 0.090396742165894
0.000168832182339005 0.0138967824203382 0.0671558290424433 -0.0971271928433452
0.00517683039034962 0.00508784869039228 -0.0471835982356848 0.0960156827350882
-0.00116514117350317 -0.00480873214066182 -0.0754976948117364 -0.038974443604375
0.0101644584613551 -0.0101494141775587 0.0564235145883447 -0.212999633983882
0.0182627167679675 0.00087395277185957 0.296265972747035 -0.0932238890492799
-0.00631353955508831 0.0202357439741038 0.318012466054546 0.303190869903831
-0.021465755263947 -0.00191337426605091 -0.13060850626899 0.473724498878829
0.00322332374520754 -0.0136171663289308 -0.350394418725782 0.16259042594029
0.00806992795821644 -0.0106572382143315 -0.0590263988871071 0.0522936616653042
0.00388459081302105 0.00419791877582036 0.326618003847677 -0.0730299191742
0.0069155067980782 0.00295982677476314 0.238682957518555 -0.440959355374667
0.0167752917578037 -0.00331293834030063 -0.272793231188958 -0.399441256001137
0.0109345716507687 -0.0249653895742775 -0.377745784577596 0.0699314125695175
-0.00979914734448225 -0.0179319697345819 -0.0945207503049895 0.241781062949545
-0.00773210311744205 0.00538253530923116 0.0733692059195076 0.0875596923820854
0.00472410882252458 0.0166676082362977 0.0692490658265094 -0.0981464885843567
0.00876909759877207 0.00654683188633509 -0.0469707067915317 0.0961886393312242
0.000668797160606069 -0.00177876229261636 -0.0722219130728225 -0.0444034170489133
0.010860945511888 -0.00540738566138994 0.0642493345548247 -0.2149798410258
0.0147651852000168 0.004231987439878 0.303011619169934 -0.0832677607239336
-0.00985256565071626 0.0159039931177124 0.306972915819746 0.317078357886416
-0.0179752535432259 -0.0111264911395442 -0.149057521725266 0.470008895016995
0.013442335789971 -0.0181717494438572 -0.350257298213108 0.152890225590098
0.0184540997962595 -0.0109979097275844 -0.0487763055675705 0.0509863266863273
0.0129069709006312 0.000373925428343235 0.329762758832069 -0.0831623556527932
0.0106052709519568 -0.00485085592542571 0.219983286096583 -0.449496030236593
0.0140650757726638 -0.00846980431785086 -0.289508492636432 -0.38574355450851
0.00632356221690954 -0.0229260701877005 -0.372148974483966 0.0835616922309686
-0.0106344167351998 -0.013085557340095 -0.0844038349780722 0.241962881352077
-0.00637594260202194 0.0104060961938288 0.0783019875408608 0.0820909130724687
0.00786914148012599 0.0190416007465902 0.0700566590782345 -0.0998959554478499
-0.0120413108089503 0.00152293045970011 -0.0582923492514614 0.091740289382747
-0.00967348387483212 -0.00493121009751495 -0.0774146725957643 -0.0514499665376245
0.00940296452572668 -0.0113945133343366 0.0736083952394022 -0.219999076547373
0.0353372313457965 0.0019731228460281 0.317566096140122 -0.0803844527331379
0.00792351753507389 0.0392469420510169 0.312241988862265 0.323575789929474
-0.0292398785163665 0.0291237238119425 -0.150013424471089 0.456423009025979
-0.0364723461776915 0.00596568251520107 -0.322251248432529 0.13885649244184
-0.0395903976075155 -0.00492851198825629 -0.010423621104849 0.0545678903453305
-0.034064036220321 0.0251191686753072 0.360474854313609 -0.0958450631240499
0.000690104409677768 0.034352567621603 0.223034155717533 -0.470987151149747
0.0322294340997192 0.0119243262415159 -0.289148037705974 -0.381862141656002
0.0226964047268576 -0.0238154469120079 -0.354245748232723 0.0914003825090637
-0.0103470265644637 -0.0160935676709585 -0.0723932722647315 0.235885731986228
-0.0148083656846998 0.00516427797646088 0.0749496788711643 0.0755539835185381
-0.0102299766792921 0.0125568211014242 0.0558632310915629 -0.102403147579985
-0.0127220354320941 0.00066536394432622 -0.0567189092485016 0.0924926578803768
-0.0105187287508776 -0.00757396203644562 -0.0797422178056764 -0.0460227675744241
0.00899461959834461 -0.015941930156313 0.0638760389557819 -0.218138250486124
0.0362911472672301 -0.00155310682873115 0.310145152351266 -0.0889181319471571
0.00957432023210645 0.0400875285654253 0.323018224374922 0.309633796009583
-0.0301702976492784 0.0326540230832348 -0.133042770466415 0.461711604207706
-0.039403914647914 0.00781154649098932 -0.32524268276829 0.151439238607493
-0.0423534927010041 -0.00532454449130808 -0.0246409858516037 0.0548578966889971
-0.0379955405253519 0.0244338627726325 0.354030454680831 -0.0845778799122846
-0.00349515699329695 0.0369201347295432 0.241982579581142 -0.45943070910991
0.0323758166553022 0.0152640424041995 -0.274251789723391 -0.395409100462416
0.0251528339355417 -0.0246135128265042 -0.362435752056644 0.0785964202198369
-0.00839061774570302 -0.0206388038238211 -0.0832362769121245 0.23759689817546
-0.0149948027753355 0.00135022397578534 0.0717032466806676 0.0812061848775033
-0.0108022201518887 0.0110348779535505 0.0568690377467985 -0.100843249055899
-0.0113093143446293 0.000228998464702109 -0.0544774228636919 0.0934112025509145
-0.0100257440630216 -0.00922977684211755 -0.0811608726441036 -0.0416075953932861
0.0086024064208916 -0.0184721883682859 0.0562232452239911 -0.215987508065002
0.0352532914589595 -0.00390000252560104 0.302340793663707 -0.0981065919723195
0.0094925132956861 0.038040310412809 0.329502563339003 0.298059073527699
-0.0295343712435656 0.0325172031983471 -0.118071748470661 0.468047046241863
-0.0370653552612533 0.00801107087528821 -0.331197817956216 0.162767378461315
-0.0396760596208983 -0.00608281317323477 -0.03935742921032 0.0553825947422676
-0.0368709232381745 0.0221988161821761 0.345338263487161 -0.0729493166421864
-0.00518269420307133 0.0357576530881698 0.253171159252603 -0.449240605032304
0.0309898951620186 0.0156828590555666 -0.264272095440742 -0.406875797928648
0.0258793221371638 -0.0260026065460853 -0.369790593285631 0.067053026314327
-0.00778344060622728 -0.0242033139324831 -0.0923218310324896 0.239658136346012
-0.0146280392414891 -0.00091997355833068 0.0691925349421088 0.086151768326673
-0.00994955960768606 0.0101855565952024 0.0587627297078333 -0.0985281526094737
-0.00822534139024084 0.00134289850267635 -0.0525522684099509 0.0948490452528437
-0.0085262929263797 -0.00989711792913034 -0.0821897873958695 -0.0379227213978612
0.00874152417922141 -0.0195990928991375 0.0504031089998774 -0.213152777889816
0.0322015675230835 -0.00532328450918216 0.296465210390277 -0.101575657953581
0.00737427770878922 0.0345975871985267 0.333219287965785 0.289380649816547
-0.0287661444826277 0.0275632689870203 -0.110268288495503 0.471483512707095
-0.0312219283106595 0.00476243254157852 -0.335519058454984 0.169963032020987
-0.0317306953235394 -0.00750953424792863 -0.0521543863857597 0.0547272372620691
-0.0300411359960042 0.0185145080635133 0.337196497041345 -0.065545037459769
-0.00502303109861512 0.0308673750522095 0.260559154574447 -0.440176913184087
0.0277861032581328 0.0137037443646504 -0.255265805003921 -0.413532639687006
0.0244266945315622 -0.026588671540713 -0.375209775460147 0.0596621132563155
-0.00710743266555915 -0.025257422986107 -0.0987160979100721 0.24064930242153
-0.0126986092805434 -0.0019073202544107 0.0679420487420035 0.0902632974810166
-0.00715111153057944 0.0104072312028061 0.0617313527544024 -0.0975921903612317
-0.00423329663046424 0.0019379633442319 -0.0500988272236854 0.0958473487400422
-0.00635917112869375 -0.00894674867956095 -0.0804116106086853 -0.0364921902487009
0.00897116994684348 -0.0181748353927968 0.0492965695748855 -0.212913815593678
0.0276621958572655 -0.00420841652729493 0.293591762013173 -0.103247571853883
0.0032944290278719 0.0303202144119603 0.331670061314015 0.289533091566756
-0.0271955885624059 0.0193023965782991 -0.110109470369332 0.47517793190551
-0.0215318756618082 -0.00147664291935353 -0.342095218158663 0.172810276621222
-0.01971738832982 -0.00850254433631731 -0.0601966985732776 0.0545390053229529
-0.0204051483932389 0.0143510540239014 0.331172000408959 -0.0635656429541177
-0.00227703559856354 0.0225804376569316 0.260531974002119 -0.437180641164311
0.0244719626079397 0.00935355996924397 -0.255907702114951 -0.413840100210348
0.0211250071938916 -0.0259799257879533 -0.379604395847512 0.0576224510795353
-0.00756367266550367 -0.0247874812494623 -0.101149865019076 0.241861993354367
-0.0114152022950833 -0.000956420961537804 0.0688242208366769 0.0922015954859017
-0.0032738874830969 0.0121510213334255 0.0644116148211033 -0.0975725823073957
0.000358720174345056 0.00325295153602183 -0.047938013221199 0.0966284674760274
-0.00397119127042095 -0.00736419956341412 -0.0784092535131682 -0.0376256388395989
0.00941482472472121 -0.0151918653091373 0.0502338506382667 -0.212886397498033
0.0235154319605399 -0.00238852270820569 0.294581918557373 -0.100773555330984
-0.00135942323486807 0.0259718685174644 0.327338490316247 0.29153597990656
-0.024711313181362 0.00941743621255769 -0.116844263737759 0.475358346018007
-0.0102967862358543 -0.00735181169169434 -0.34746278187868 0.172156143614989
-0.00616662233013057 -0.00969855535833366 -0.0628601845324627 0.0535343782229602
-0.00879913093410424 0.00937933030352217 0.328029570142145 -0.0661282018741624
0.00181735128241703 0.0134663620182504 0.252056663356065 -0.438926681907109
0.0207079442038673 0.00354098396652441 -0.262996754494605 -0.409479464890996
0.0168013589089153 -0.026124319594852 -0.380668588120484 0.0617927437514609
-0.00852979257707651 -0.022540295531396 -0.0993497947625637 0.24321867881992
-0.00943598915154836 0.00178910482652997 0.0707874259236928 0.0912962192781212
0.000668738537285272 0.0141401496144435 0.0670567740612498 -0.0979054952221332
0.00530729607883115 0.00444146344416944 -0.0465030539868245 0.0967210120495458
-0.00144275741481128 -0.00492729659876098 -0.0758222398785692 -0.0392766639729098
0.0104559756689184 -0.0104329982096277 0.0557527705924535 -0.214962307130912
0.0184738336040077 0.00115408042035394 0.298537056885556 -0.0951172870314908
-0.00617932989940656 0.0206555114741653 0.320464033478637 0.303137068939943
-0.0212952777052574 -0.00198667715150719 -0.129720639892428 0.475647905742376
0.0027581175583815 -0.014177640842069 -0.350810293308978 0.164785108693841
0.00811093213259615 -0.0107046708992358 -0.0590087661887786 0.0525283950001827
0.0042496868697467 0.00414153032707236 0.327591925683226 -0.0735279668078399
0.00714701740975275 0.00327160115759172 0.238969096026201 -0.442921825476115
0.0169402055634772 -0.00335288112798057 -0.275702274771419 -0.400608573622635
0.0109719694442774 -0.0248292992893399 -0.3796527087558 0.0705878325139316
-0.00988995171233659 -0.0182119468614487 -0.0942700367178025 0.244620754008627
-0.00783000941141471 0.00587254950928236 0.0744768948828608 0.0884003743315469
0.0051474919276109 0.0163370653980804 0.069270965162191 -0.0988132516589928
0.00867141077205031 0.00632948583736202 -0.0465608415735627 0.0968975479814227
-0.000108032483287461 -0.00176071230860015 -0.0730067510776789 -0.04424429165105
0.010793559198084 -0.00530576694695226 0.0638956941928137 -0.216997421053727
0.0148105805717708 0.00411554544855519 0.304816430948179 -0.0850135888301808
-0.00987770344361063 0.0166205205926909 0.309028076824208 0.317135142053812
-0.0180922522658995 -0.0116018567848974 -0.149125125409068 0.473739473123991
0.0133046704259258 -0.0186434638281729 -0.351722914576082 0.154275531198583
0.0193604308102048 -0.0114023136034465 -0.0489670347784064 0.0515887726509467
0.0134389154075716 0.000390943110165356 0.331049467696744 -0.0838230941078319
0.0108016902204189 -0.00466184859505264 0.220454337190517 -0.452557552354669
0.013979630591584 -0.00857150059281267 -0.29070581879427 -0.387385587797513
0.00631557084999388 -0.0227791120567294 -0.373942767388186 0.0850598484236137
-0.0112685928620426 -0.0128616989187769 -0.0840323096222743 0.243931060473011
-0.00666801113773153 0.0104377031411647 0.0791149051113984 0.0830348606960095
0.00787821158049893 0.0188596652252955 0.0704854135027167 -0.0999949792224851
-0.0122227228844744 0.00131186963711218 -0.057858663380226 0.0920797210406987
-0.0101548658697511 -0.00541686491442052 -0.0776736993041764 -0.0515434349742948
0.00975733149133522 -0.0116816243898722 0.0727300024042094 -0.22279518349081
0.0355825167294797 0.00167576735135358 0.31940828030169 -0.0821479245495196
0.00898799058818302 0.0401716835247401 0.314547909074187 0.324143856852993
-0.0293867358431628 0.0291062703098053 -0.149185976593178 0.459508495741463
-0.036933711974796 0.00591025520950104 -0.323998194591678 0.140697735753073
-0.0400286605829517 -0.00488146343266393 -0.00994741354164483 0.0544976536057526
-0.0341533761869154 0.0249530689103972 0.362097886725221 -0.0975847337034757
0.00086343003185892 0.0345332317332001 0.223759969047211 -0.47273232744398
0.0327117208232798 0.0120448237962344 -0.291115482714025 -0.382908833484298
0.0223401756147121 -0.0237980103347257 -0.35525716275008 0.0935723622165055
-0.00975140727277236 -0.0161947405428824 -0.0720895348903713 0.237741893314073
-0.014642232601247 0.00505693680985083 0.0753630882075525 0.0757760410873578
-0.0100432354575883 0.012345681725097 0.0561383981166528 -0.102993062673543
-0.0127449420685678 0.000249677742031804 -0.0563934497694134 0.0933173753886232
-0.00999760871468864 -0.00764230328654807 -0.0803685733081194 -0.0461623054123842
0.00901679956422709 -0.0161005145120064 0.0636275564903761 -0.220162920244022
0.0361019507802408 -0.00189125814701281 0.311110882937934 -0.0925892307264251
0.0102490399169032 0.040403320295337 0.324674726121154 0.310346267576529
-0.0302427419160665 0.0326827113554124 -0.131517242271291 0.464869528656648
-0.039710505202791 0.00830130812844649 -0.326285627902806 0.152799039825972
-0.0427122310079046 -0.00495723313504099 -0.0244434312398813 0.0553801036730174
-0.0378357037951104 0.0244400435098081 0.354880999311942 -0.0850122136725221
-0.00295105188455255 0.0374109553385769 0.240931461979065 -0.464015442689501
0.0324378870454139 0.0152368380958536 -0.277473820512007 -0.395114013180205
0.0247849215865751 -0.0251414476531408 -0.363870130699083 0.0808583483332177
-0.00875402276576244 -0.0210508279347358 -0.0819572761482461 0.239386909910362
-0.0148678215350537 0.00164880481464968 0.072673029631893 0.0813974254830068
-0.0107982137604196 0.0108817515669311 0.0569823989966813 -0.101507485438145
-0.011528856656836 -6.37290003554537E-07 -0.0543710528949244 0.0942684701637403
-0.0101515429051771 -0.00896355939044187 -0.0820616669356336 -0.0418752329923327
0.0085950123280774 -0.0189508129309956 0.0556230154715973 -0.217011028056453
0.0352352005502251 -0.00459295024415296 0.304283619828402 -0.100713990397204
0.0101700670319027 0.0387154773391468 0.332692525109343 0.296825731068994
-0.0298913735656082 0.0325969014920516 -0.117533443842569 0.471122878617869
-0.0373517878193075 0.00741888608380229 -0.332209599987526 0.164394590429217
-0.0398948602034917 -0.00612598892082613 -0.0392221699799426 0.0558901078066319
-0.0364985226746046 0.02228181714035 0.34683342501203 -0.0741454082478858
-0.00526167599590896 0.0357788293007906 0.253846813099035 -0.452114595567939
0.0309503722718852 0.0158787325817126 -0.267027779110745 -0.406502468204073
0.0258308174475842 -0.0260424176927386 -0.371663522544299 0.0698241387639472
-0.00780344687226626 -0.0241025741115893 -0.0915383103898787 0.24157602015284
-0.0140720746999385 -0.000885575209477675 0.0704566421157913 0.0866903094936355
-0.00978908899403059 0.0101973718055052 0.058662614744103 -0.0995296417126695
-0.00814218258856307 0.00080594026287706 -0.0527410967422302 0.0951661106742365
-0.0090151285166259 -0.00946741870776214 -0.0821677394601712 -0.0381411030270871
0.00835139332201677 -0.0199641896068523 0.0502574294162764 -0.2155877065885
0.0319754967679367 -0.00522741622821908 0.297640739852222 -0.104596447818444
0.00785374338237772 0.0353204993778448 0.336369753853153 0.28907638963952
-0.0286892785051937 0.0278442141392161 -0.109169323752608 0.475248918491836
-0.0313845314478308 0.00420384663373886 -0.336891806676468 0.171496215111391
-0.0314007334216908 -0.0073709979403548 -0.0525829146739006 0.0553298616899696
-0.0303905788025711 0.018297979738982 0.338037458025559 -0.0662906681933857
-0.00486376016583172 0.0304704597374018 0.260740861845921 -0.444033520673672
0.0280002460228899 0.0135557778680515 -0.258353475848922 -0.414526540007131
0.0242852611683094 -0.0266724296522675 -0.377159644557801 0.0617016461071271
-0.00691818467791275 -0.0252294449503055 -0.0985745289964389 0.242863409629153
-0.0129125784457317 -0.00155458096937474 0.069185718725669 0.0910422827983321
-0.00718832616854809 0.0107630699683556 0.0621013877131537 -0.0982696485695839
-0.00440626357143803 0.00228355734844393 -0.0496751863428915 0.0961227502571008
-0.00621122695792183 -0.00865642922820815 -0.0810517339141424 -0.0361586056245348
0.00853306722121677 -0.0182987663049463 0.0480439568016772 -0.214693016005885
0.0281050654837619 -0.00470259371737548 0.295365551089864 -0.10597566305852
0.00367652329888208 0.0312726884906868 0.334972271579314 0.28703368584033
-0.027090687841716 0.0199617761039824 -0.109392794865743 0.47884222612931
-0.0214070502358356 -0.00123190243940724 -0.342499668944114 0.174555818642347
-0.0198161810352958 -0.00865677209304428 -0.0606982393157939 0.0551767064564012
-0.0201837065639909 0.0135878258069138 0.332258219651778 -0.0641632500665044
-0.00267383582000357 0.0227710234509999 0.260112460584349 -0.440240033716606
0.0246135150917368 0.00933519057480315 -0.258201331477391 -0.415679578845055
0.0209046356449693 -0.0264287112434438 -0.381465832758819 0.0600566092376575
-0.00770878589335534 -0.0252600434922288 -0.10092798409314 0.244266685402249
-0.011384472545114 -0.000617922370181529 0.0694814865616859 0.0923184005321167
-0.00293264524366809 0.0116634121717824 0.0644475630239601 -0.0976902677679832
0.000198573170743516 0.00258993442690063 -0.0480138549428178 0.0971579595855932
-0.00382767092462909 -0.0073202237287533 -0.0783975381416609 -0.0370683711191348
0.00957990658498862 -0.0156596390175702 0.0497158802194436 -0.215011786119601
0.0234776984768824 -0.00235591354537891 0.296016616996443 -0.103883424911227
-0.00134541722374881 0.0266071131516389 0.330232089540699 0.292980494592126
-0.0246077262412199 0.00928050313501225 -0.116568774878801 0.478310023418479
-0.0101774976540524 -0.00783462336139468 -0.347981552633161 0.174086451185487
-0.00621459034589774 -0.00968587690517076 -0.062424326336659 0.0541258330802655
-0.00839704932059928 0.00984254811874511 0.329235560011192 -0.0666361086973607
0.00186081526193656 0.0134107124886656 0.252010802890031 -0.441793809939085
0.0208680880875756 0.00305865965700342 -0.266614319138204 -0.409639261814317
0.0162242160820507 -0.0260603165812341 -0.382355406671299 0.0642977380112324
-0.0088234339332625 -0.022479263809943 -0.098963221073813 0.24600662954811
-0.00934059105926012 0.00189211958734154 0.0719970819680497 0.0914741070941997
0.000896693391035228 0.014251918562697 0.0672296875034184 -0.0985325350646725
0.00527984370361904 0.00437259937376626 -0.0469404926568811 0.0976146377252239
-0.00101437585506858 -0.00456026817704925 -0.0764972914865341 -0.0397208782177179
0.00989307396987478 -0.0107571645222664 0.0543293685245808 -0.2166405330793
0.0188111080525495 0.000692140882889682 0.299711782721093 -0.0980891268459832
-0.00601965318472025 0.0211304223472245 0.323048146614862 0.303500963283555
-0.0215359393758598 -0.00237198452437273 -0.130535067670244 0.479637917680885
0.0031724428152611 -0.0143526275069428 -0.351831345187395 0.166493482211547
0.00807759579006665 -0.0109401542119911 -0.0591852693325029 0.052889905883576
0.00428745340660941 0.00408609054862315 0.32919062285898 -0.0738324666040259
0.00726980546750951 0.00307825470561935 0.239630958815794 -0.446657970774129
0.0168140823887574 -0.00357483948381298 -0.277792538728053 -0.402591787595527
0.010839015680407 -0.024822449708249 -0.380585366866357 0.0734729706867309
-0.0101141790725032 -0.0176683412841348 -0.0933603514377065 0.246232533286102
-0.00727806753938986 0.00611207721718181 0.0756257844205889 0.0882395745489051
0.0051644769727247 0.0168021174473042 0.0694425193200116 -0.099958513712142
0.00916397669767993 0.0057391261003284 -0.046773780418749 0.0976007277807576
0.00057567548508075 -0.00215844094076667 -0.0737944858483544 -0.0446061267783741
0.010685730691131 -0.00574381874620147 0.0636143192213405 -0.218662137390541
0.0151751877491886 0.0039169532343357 0.306869146733333 -0.0876840365334459
-0.00974536247867984 0.0173178025278516 0.312304182528958 0.317099533540037
-0.0179220232206606 -0.0116565115215007 -0.148400260273792 0.476591779840103
0.0130690122791723 -0.0192333877901738 -0.353742280910427 0.155593686813863
0.0190636503417845 -0.0113136995211976 -0.048959730396551 0.0522592818033982
0.0134852354842639 -9.63398912391146E-05 0.332128437577126 -0.0846094105419487
0.01080157483281 -0.00507631116175095 0.220075621596584 -0.456898581718974
0.0143087317912512 -0.00886856203028478 -0.294695108496789 -0.388954177306952
0.00634967568335743 -0.023081035008135 -0.375762642213686 0.0875639910591991
-0.011384868868312 -0.0129821840493668 -0.0839002094731315 0.245842594560278
-0.00583910112064831 0.0107108755486206 0.0798908531802388 0.0829915569820128
0.00830776936119662 0.0194696088461461 0.0708669185897386 -0.101168356318293
-0.011994764566049 0.0010560686235653 -0.0575730522213207 0.093084318438889
-0.00978188890916533 -0.00489495715500844 -0.0785275444436023 -0.0520445304084178
0.00917533863657286 -0.0119366487276233 0.0712881050827172 -0.225651975916472
0.0355704235144421 0.00115545736200644 0.320711427157058 -0.0854421852259609
0.00905426154535801 0.0409114170012041 0.318874344468229 0.322865332364371
-0.0293081217943819 0.0295241370940018 -0.147203384139874 0.46312788503269
-0.0367909845580104 0.00593221567540464 -0.325427059400954 0.143656528756225
-0.0400784082078449 -0.00427899057846084 -0.00970803211775213 0.0548202126253951
-0.0345301402786521 0.0251314068623721 0.363375379895858 -0.099927744505189
0.000518490176707968 0.0346594970554659 0.222512452251438 -0.476426488644552
0.0331735726854676 0.0120566638156379 -0.293994994409283 -0.38335185783276
0.0221396875622498 -0.0244437677316203 -0.35715249065872 0.0957236881051463
-0.0102109838874779 -0.0163509296884077 -0.0714288944095292 0.239923497970975
-0.0143986859742373 0.00528499510893173 0.0762881902182826 0.0765057779620033
-0.00988102762247424 0.0122900001197286 0.0556275821489848 -0.103709845661844
-0.012859614149279 0.000372546987602418 -0.0556393579384074 0.0941097628055626
-0.0106522219280617 -0.00742664219539664 -0.0809097436441683 -0.045745783886921
0.00875231136322616 -0.0167804145753425 0.0623188687152335 -0.222674867357848
0.0364336734778009 -0.00259109753162371 0.313071511337622 -0.096283526477745
0.0108320475189509 0.0414162523014961 0.330151040840484 0.309001581110286
-0.0303313399619786 0.0333231721375685 -0.130563559864306 0.469260590419721
-0.0401392790852002 0.00803082440334566 -0.327860866873269 0.15526759448838
-0.0429067128506788 -0.00480534970514987 -0.0240101550738423 0.0560964489219667
-0.0379499799358224 0.0247006139677021 0.356572236205763 -0.0872773865610148
-0.00301132918661327 0.0373836902143353 0.239212408457988 -0.466637829853375
0.0333487887654069 0.0151836793440528 -0.280883355344883 -0.398586546303763
0.0247361357845659 -0.025348936490631 -0.365816965574635 0.083915424220272
-0.00904265726457511 -0.0210623585101176 -0.0814818083066492 0.241901269609111
-0.0150413556919493 0.00178815720994747 0.0736949168975359 0.0823195624627191
-0.0107776413863023 0.0111402572872283 0.0568027067576997 -0.102596788688804
-0.0113651014134695 2.47037483623157E-06 -0.0539304344450584 0.0947061977626199
-0.0100845649037111 -0.00859383329743572 -0.0822368106046687 -0.0412042059574903
0.00876889189571493 -0.0190482002719834 0.0544624672219011 -0.220026906864679
0.034928269996761 -0.00475934794292194 0.305463622348648 -0.104690594336337
0.0106312702310946 0.0392911815354337 0.336453615640048 0.296978197581738
-0.0293816346563211 0.0325170223493258 -0.115347993677575 0.474552020979055
-0.0378039337399153 0.00760560919175078 -0.332189548893254 0.167935167851269
-0.0400679967651678 -0.00605406046317106 -0.0395800896475065 0.056055716261819
-0.0368925743492134 0.0222683544312127 0.348360618616466 -0.0761043760172991
-0.00526133493899564 0.0361865260274381 0.253028015505505 -0.457146632719788
0.0313502855773644 0.0159053442860191 -0.271531096567887 -0.408606323230047
0.0258914411765467 -0.0263476086937098 -0.374239063657457 0.0725517093748579
-0.00783060690342549 -0.024261571762309 -0.0903299578457535 0.243619387880171
-0.0141051495831453 -0.000882504710741356 0.0709999960525212 0.0874002687721181
-0.0096701835709631 0.0102753311579667 0.058547725105662 -0.100310131148634
-0.00838901594106303 0.000600292884271207 -0.0521728441946557 0.0959550691649234
-0.00871512866941528 -0.00940718251744532 -0.0824270734521151 -0.0378183887187305
0.0081399483725718 -0.0200841573121536 0.0488816815734927 -0.217186997011097
0.0322217527338327 -0.00574426718941755 0.300246308178356 -0.107958568610274
0.00800298085525626 0.0357663398796782 0.339330928979166 0.288345522349969
-0.0287617147562179 0.0277079612467587 -0.10738427894019 0.479206126765602
-0.0308840879787694 0.00389464087572992 -0.338443123200813 0.173386833923006
-0.0316121003164168 -0.00713159647757971 -0.0520461861882676 0.0557765539791056
-0.0303507637045986 0.0183989234308693 0.339879450578271 -0.0672630302775227
-0.00506667573213191 0.0304433993736432 0.260266228524682 -0.447940769612536
0.0285073668753661 0.013183359766765 -0.261900366544981 -0.415866647317409
0.0241372959279151 -0.0268985331336329 -0.379264030419138 0.0646664943722922
-0.00752349076826176 -0.025234357694034 -0.0973734656530559 0.245029630115494
-0.0124087561600392 -0.00202277908350109 0.0700192564562478 0.0907577515084939
-0.00648501342966437 0.0105416717714083 0.0617425366126937 -0.0993091322220296
-0.00405578617588868 0.00135930775131376 -0.0495556106028175 0.0968237266093014
-0.0065235755031771 -0.00895646093231281 -0.0819933200923769 -0.0360307475153579
0.00901669238433729 -0.0187476920709109 0.0467244017447538 -0.216576683957691
0.0277857962488377 -0.00474066582581404 0.297211185644295 -0.109610703781373
0.00411529753152505 0.0318192666462894 0.338904794015236 0.287873523840246
-0.0269829789090862 0.0193431235328854 -0.107076757769552 0.481850350690217
-0.0216614860988353 -0.00199305957468667 -0.345244139235332 0.177570713605066
-0.0202548786476964 -0.00848285642929518 -0.0602169475821115 0.0555384695723299
-0.0204043920917709 0.0139368252458273 0.334549559101219 -0.0656258303128548
-0.00250400411609343 0.0229295028028978 0.259862462696019 -0.443114896037962
0.0247172547774184 0.00904518077945553 -0.263362399245036 -0.416227323440443
0.02092396784058 -0.0271959314680726 -0.383780221111709 0.0632110623509349
-0.00814804664427341 -0.0248447287508833 -0.0995324436096163 0.247114267438181
-0.0104850053820648 -0.00054350695085354 0.070883182160172 0.0923030141794818
-0.00303375758922895 0.0121337042136823 0.0649809495156544 -0.0990199761405859
0.000861223274166763 0.00237995633989843 -0.0478163601800367 0.0976322232174374
-0.00333826539232399 -0.00711148041189379 -0.0795556222467474 -0.036763439832433
0.00951374338065219 -0.0157015000426465 0.0487136107095904 -0.217117400088498
0.0240360826567751 -0.00305437936508992 0.297378739674603 -0.107066831405253
-0.000675681755373916 0.0272913293797421 0.334537025664754 0.291586862012247
-0.0248639800807674 0.00933488237757223 -0.114222716531344 0.484000154611359
-0.0103213406122511 -0.00817030308291478 -0.349386249432031 0.176185797018212
-0.00601469181329263 -0.0098315236006121 -0.0625109305132444 0.0546699539356094
-0.0085693602977407 0.00903914678526316 0.33027327766715 -0.0684947603938195
0.00164608514729886 0.0135042528326541 0.251587317716207 -0.444509631697341
0.0213054009353734 0.00306465673222578 -0.270177917622147 -0.412281090941616
0.0161938581663566 -0.0263476163496641 -0.384131979969595 0.0673657501390521
-0.00861317659053143 -0.0226072731573587 -0.0980296079397036 0.24802316046166
-0.00933630067292829 0.00232447649597422 0.0733731281357881 0.0912752858254866
0.00128608258583539 0.0139721379402157 0.0674420484575838 -0.0996878138649362
0.00579878711257291 0.00376313936769453 -0.0464694997152373 0.0983229610645634
-0.0014399289689459 -0.00446120147397789 -0.0771364512024994 -0.040068015124259
0.00964993327186408 -0.010895431424987 0.0539307006232468 -0.219399262910541
0.0191021094145254 0.000549886103232937 0.301969103417701 -0.100797527491763
-0.0056425624629735 0.0221068006784953 0.325597684979324 0.30311903135176
-0.0218423667415151 -0.00228857900657858 -0.129411135934761 0.483066963355276
0.00295661229273248 -0.0150250005464112 -0.353254152332876 0.168885742270522
0.00798385792521866 -0.010715614406958 -0.0593062198941296 0.0533710084842292
0.00409987429525225 0.00408380711667156 0.330652962828107 -0.0761116019785623
0.00676782809380199 0.00296391211518265 0.236947063025695 -0.450324140550138
0.0170495206195761 -0.0037932880101406 -0.282041389444592 -0.402862695610879
0.0102733900569318 -0.0249204829377545 -0.382973449738387 0.0759436073477484
-0.0105707799669023 -0.0182350888447439 -0.0922288522422796 0.248276760749703
-0.00689375105544672 0.00633688092084085 0.0769174558414531 0.0884925074112139
0.00539711034110422 0.0169955498061863 0.0695769536847498 -0.100847566314744
0.0082685098718322 0.00519725863034749 -0.0461497327523315 0.0984534381154057
0.000228455955264647 -0.00152771206469492 -0.0735181192029626 -0.044469293291923
0.0106883047159195 -0.00593313273849036 0.0627551498027151 -0.22162642485112
0.0148482006005751 0.00379037140988643 0.307891725014671 -0.0913441089098387
-0.00943309098358924 0.0180799552643909 0.315872545291188 0.317172784949666
-0.018442237436807 -0.0116161044711592 -0.147278676766838 0.479498758873904
0.0133289357822432 -0.0200279704512925 -0.356347923895512 0.15844688725411
0.0189503116920015 -0.011113391661911 -0.0491214034176543 0.0522951366797917
0.0134952037012365 2.57555770803962E-05 0.333953502660487 -0.0864128700167216
0.0109895373323864 -0.00501956293538628 0.219691671060897 -0.460004130395912
0.0140783891492945 -0.00875676086310631 -0.297939757004836 -0.388739982409359
0.00591611456660862 -0.022969435786442 -0.377360259920452 0.0899676170919375
-0.0111239546945851 -0.0131991579339615 -0.0827031661385377 0.248177624885917
-0.00581473815598707 0.0104255638800225 0.08091604214152 0.0830055864753732
0.00853073293351012 0.0189689728418911 0.0706090657623561 -0.102010959157879
-0.0122028659064718 0.000800978862959606 -0.0571753741260581 0.0936064770906149
-0.0102987147943412 -0.00434866287072355 -0.0795321548829979 -0.051435977659173
0.0090198125834663 -0.0124251602138433 0.0703609089332962 -0.228055846983066
0.0356489191590289 0.00066804346354175 0.322905376611199 -0.0894690752118859
0.00940336740136228 0.0416079792064789 0.323324642514186 0.32373143414579
-0.0298140728524114 0.0296933189600275 -0.146184370609108 0.467904530133028
-0.0368602844901128 0.00583273977128901 -0.326174910671755 0.146969632410563
-0.040025273764487 -0.00451648569851711 -0.00879751550809762 0.0551867278787889
-0.0341357112845252 0.0252306368062093 0.365120874970929 -0.101885140953417
0.00116184473508798 0.0351978242891923 0.221159559966101 -0.482051313889251
0.0333401258743725 0.0113854793827656 -0.300013086280396 -0.383387639418627
0.0221414765202839 -0.0244483078940015 -0.358706228257445 0.100307599860942
-0.0106139987626276 -0.0163613662618108 -0.0697148922536044 0.24245492314989
-0.0141807105979935 0.00495072711018675 0.0777724573918649 0.0765648846157628
-0.00961148360185741 0.0123873055167488 0.0558466463479217 -0.105135929062167
-0.0127606108461013 -0.000389313794784456 -0.056044268354964 0.0948180296027399
-0.0106236414404927 -0.00743750915931432 -0.0816169361114626 -0.0458784965130598
0.00852860943673006 -0.0168027606065371 0.0608679575950682 -0.225266888263731
0.0371377540460371 -0.00311080589705184 0.314197142590595 -0.0997135431355503
0.0117324118470471 0.0415243171138138 0.333476744407438 0.308722759632477
-0.0299988131167058 0.0335018350719306 -0.127792010164679 0.473548127389907
-0.0397616681039772 0.0081910477510721 -0.329057489047254 0.158302188872698
-0.0433490410106175 -0.00483211228475101 -0.023687890333523 0.0563091854333934
-0.0381383707073219 0.0249759793219566 0.35835070095509 -0.0891291808836135
-0.00322073961892924 0.0380483877137297 0.238882146678787 -0.470843601647296
0.0337121609788482 0.0146756404703629 -0.285478185040909 -0.398829534806803
0.0250994608935644 -0.0258372358205623 -0.367816784095728 0.0870713004024433
-0.00926420012181469 -0.0210679911684872 -0.0799902272057255 0.244585206669682
-0.01401954351102 0.00172828174930023 0.0747479995876318 0.0821221562070443
-0.0103110490056009 0.0107464743364976 0.0562307060446363 -0.10331572751484
-0.0112101000287015 -0.000104890762109136 -0.0531592248893799 0.0956377165434599
-0.0102444175769413 -0.00894753035249676 -0.0834553468858964 -0.0409654254944666
0.00805288587225652 -0.0197095759947819 0.0525462161424286 -0.222064110480872
0.0354974667361876 -0.00558119702005496 0.307673501695475 -0.108252368279968
0.0114090171428693 0.0395517120191852 0.340249027440219 0.295691474253813
-0.030066570317891 0.032876042105865 -0.1137438338526 0.480701583486329
-0.0378743637277841 0.00764729265857642 -0.334459819096909 0.169909091856021
-0.0399759210819872 -0.00565173805254696 -0.0388434284238806 0.0565958105170332
-0.0367403976702202 0.0229504664649382 0.350078280959716 -0.0791501460766983
-0.00522218866220156 0.0361260181366252 0.251860662585422 -0.460527151684523
0.0317498069489899 0.0154602969947225 -0.275262322718108 -0.409510930311936
0.0255954542865751 -0.0268843666763016 -0.37590409392929 0.076151419855475
-0.00802623504363616 -0.0241418838770577 -0.0892087926358571 0.246268944630157
-0.0137575545564657 -0.000758459785972155 0.0720959011082631 0.0874037260313006
-0.00919895802966397 0.01025399526751 0.0585679862948998 -0.101243003859199
-0.00868059919745012 0.000197984486732297 -0.0510187151165131 0.0963304924187885
-0.00892132945619571 -0.0095750876368808 -0.0836980515241465 -0.037738773644085
0.0078639484012863 -0.0201411981650597 0.0474645908408648 -0.220467251494126
0.0325154724575168 -0.0062267111251335 0.300837292178834 -0.112136159158922
0.00863371272880063 0.0365336699162808 0.34420545717034 0.287443997877568
-0.0292349580467581 0.0277757131838753 -0.10517378943217 0.483041104640787
-0.0315878020231048 0.00364137088999798 -0.338905365782909 0.176657180740508
-0.0316645694827803 -0.00712236587441034 -0.0518470729231894 0.0570594110704552
-0.0303085022880319 0.0184899670384135 0.341276494368473 -0.0701535664108442
-0.00480604877819698 0.0309424960528964 0.258810594450832 -0.453338734361014
0.0289115768987129 0.0132348663073341 -0.267041273045247 -0.416614278005944
0.0238070182971502 -0.0269933250613456 -0.381091467132163 0.068643893002869
-0.00780716349412423 -0.0254547996761131 -0.0965465789655296 0.248271359657473
-0.0122065032265809 -0.0012932756938643 0.0716429623032046 0.0911568954614094
-0.00657975909994011 0.0107573862562707 0.0618144009263685 -0.100004320884758
-0.00413461170226344 0.00114832239165849 -0.0490974955201513 0.0980282836938068
-0.0069853057379079 -0.00823351591539279 -0.0818165955457454 -0.0365394652040823
0.00821872082643332 -0.0188101707792702 0.0452141932533089 -0.21944654197683
0.0284923093082897 -0.00575209476504849 0.298336629264192 -0.114228718105972
0.00460260985302476 0.0323940064177151 0.342332867395374 0.286729626829081
-0.0276295410213799 0.0196987221571382 -0.10501222831081 0.487266815404645
-0.0214894868934585 -0.00198636605092839 -0.345300882726184 0.181529845270516
-0.0202449517552739 -0.00877853298163668 -0.0601081342805031 0.0565983801251848
-0.0203705568256984 0.014169514685303 0.335231337356537 -0.0687542805986752
-0.00246198700726578 0.0236157805830808 0.258851999960973 -0.448879330860174
0.0254143441582731 0.00900678445820326 -0.267746919257874 -0.417582773676272
0.0207230745762202 -0.0266387176680814 -0.384599688754049 0.0664018611634304
-0.00797168496706783 -0.0250793588291509 -0.0985797370672891 0.249290528070804
-0.0104166028834516 9.89315148011575E-06 0.0721333273815177 0.0926664869272028
-0.0026917800729691 0.012084842307476 0.0644816177661179 -0.0999246506734634
0.000718550255447359 0.00211834539251057 -0.0472912791527685 0.0987377226998356
-0.00399200206622845 -0.00707440864704188 -0.0799719387693953 -0.0367688058293707
0.00919395762239836 -0.016172784938323 0.0470780516087402 -0.219915312852352
0.0243610242238543 -0.00316014499021965 0.299411463989253 -0.11082399185081
-0.000309933376502058 0.0275747264997792 0.338247487169547 0.29071750290711
-0.0250816696970857 0.00952667429546492 -0.112130315709218 0.487745024856388
-0.00986225597902661 -0.00847705653343216 -0.35058227670557 0.179080649996498
-0.00619563504601867 -0.0101186641256307 -0.0625600768468085 0.0554395854841965
-0.00826193891373766 0.00931380671666594 0.332571818040393 -0.0706415559656484
0.00242691328696277 0.0133342699160515 0.249313602466338 -0.451116861220101
0.0212224497435294 0.00312301806297778 -0.273884976098313 -0.413050956311597
0.0156907168951813 -0.0258956110603711 -0.38622090527394 0.0710667333639014
-0.00927736329688934 -0.0224723012568881 -0.0967612948208021 0.250855517982877
-0.00860577726074045 0.00244893245756858 0.0739325055937817 0.0920486287248455
0.00126143932278424 0.0141821025921914 0.0671194475757042 -0.100448630897713
0.00558060595121408 0.00320331176444091 -0.0462497800806002 0.0990796275144011
-0.00111846423668739 -0.00489567472650691 -0.0773694882528845 -0.0393643885347395
0.00980818558427908 -0.0111485751732928 0.0525006770815167 -0.22143600758229
0.0189196118478809 0.000251850693021593 0.303503642896421 -0.10547587037772
-0.00511276215068186 0.0223314477174477 0.328744615144488 0.3018812495218
-0.0223370656107599 -0.00220354129999982 -0.125342019162068 0.487799879004996
0.00276552781102609 -0.0154935805416045 -0.354615858580918 0.173446660076314
0.00854182215136035 -0.0108875936834443 -0.059164804548106 0.0546316817856412
0.00456451878102076 0.00351593168879132 0.331634186068834 -0.0775444885235398
0.00679363933857402 0.00274273630438491 0.236097185717192 -0.454870118394738
0.0168808565844161 -0.00409230457463686 -0.285916209637399 -0.403413524444501
0.0107413760717257 -0.0250006158188195 -0.384677365974607 0.0801635809350616
-0.0105651548846409 -0.0176928001075557 -0.0910610955782116 0.251377554231631
-0.00672379697581387 0.00690515756211711 0.0780307379496828 0.0888341341084419
0.00591763835177858 0.0170977651129732 0.0690086398332695 -0.101799034230998
0.00892603295733464 0.0053719540048184 -0.0455500325994548 0.0991080347540107
-4.44015696736867E-05 -0.00146196591523961 -0.0743380628866439 -0.0439468323608689
0.0102669897274456 -0.00624802710987935 0.0611315410561402 -0.224182974582372
0.0153298853371017 0.0040567996742861 0.310715828035721 -0.095258348823643
-0.00918871002282169 0.0184951951391832 0.318426223122484 0.316132009020728
-0.019016438779915 -0.0120948228904281 -0.144519920553264 0.483601586014895
0.0138576733449218 -0.019742163755244 -0.357440215623128 0.162638669324294
0.0195408703777431 -0.0118175612178166 -0.0486583317832207 0.0534369848944772
0.0138405787743676 -0.000431946754202838 0.33562032957127 -0.0895650269017097
0.0111132997778579 -0.00539026465873832 0.21789987952676 -0.464124955578894
0.0140427329360845 -0.00923051997511414 -0.302410848878287 -0.388561335133619
0.0059112182652142 -0.0232100794143738 -0.379342883940201 0.0936942328835587
-0.0115278616395772 -0.0127762994755025 -0.0806223829924745 0.250524267559086
-0.00496533389748506 0.0111018918287524 0.0823460604415359 0.082926801038104
0.008980995299812 0.0194987196036278 0.0705100550698838 -0.102872295964739
-0.0127943386303855 0.000459588625038609 -0.0559812726146022 0.0946438032776998
-0.0102997286222637 -0.0043141830476429 -0.079791203345668 -0.0515398592075532
0.00924435985114359 -0.0127628584992189 0.0679375523330344 -0.230438892527586
0.0360396843777576 0.000299663810528053 0.323859316193773 -0.0940425852191116
0.0105460772774291 0.0421877612961644 0.328097686940274 0.323110694131057
-0.0296796082673061 0.0295723704357271 -0.142220907684616 0.472948701896504
-0.037237944074579 0.00617152556246194 -0.326657413064165 0.150518515366788
-0.040634709105307 -0.0040174761765243 -0.00831581902390835 0.0557870738102816
-0.033996890747753 0.0254405760145261 0.365647579476121 -0.105862694730955
0.000957053733698133 0.0348369957656923 0.218499045496824 -0.487015177224154
0.0339720357634882 0.0115718742904915 -0.305196761102056 -0.384227493919428
0.0221034310978912 -0.0243736114396162 -0.35992300856902 0.104115758877673
-0.0110103405911525 -0.0160795076509567 -0.0676061733446079 0.2452538183337
-0.0139532052638736 0.00564258647387659 0.0787807682296734 0.0763584066419665
-0.00900114304780603 0.012966114629027 0.0548912383839994 -0.105935819443784
-0.0128171652102473 -3.20246291419498E-05 -0.0548211380136877 0.0953696675017419
-0.0108835945988576 -0.00720683116648266 -0.0820992701816197 -0.0457758050668515
0.00867229231686489 -0.0167770080070018 0.0586104346294938 -0.227818260616605
0.0366331607188528 -0.00371143157016125 0.315324111189696 -0.104597911796731
0.0122175531067445 0.0424024281589507 0.338303243632055 0.306694200866953
-0.0304318871457924 0.0339896543764893 -0.124952774721906 0.478232154638758
-0.0402127263483207 0.00822499259702029 -0.32994569894411 0.162500044336201
-0.0433258336100925 -0.00438210118222591 -0.0234094835149404 0.0568360407878393
-0.0381451360287439 0.0252996276158275 0.359867013819787 -0.0936645482861515
-0.00274250870305681 0.0379727918996022 0.236938183565744 -0.477788026270523
0.0335128299971691 0.0142554518437263 -0.290399827027361 -0.399360967837565
0.0251090433013562 -0.0261445715441851 -0.369309976694953 0.0912195578143503
-0.00946841709140781 -0.0206261466637999 -0.0778506456015334 0.246841248790111
-0.0141220674848815 0.0021334137011725 0.0759629443939633 0.0821384928156753
-0.00990161740735019 0.0115396042393203 0.0562479185284572 -0.104616409389803
-0.0118513649650016 -0.000490508436062511 -0.0526631798057137 0.0964309117108246
-0.0100349784046402 -0.00866570126097501 -0.083957720728112 -0.0406952678325637
0.00733578274529658 -0.0195242357988916 0.0509448486560623 -0.22497349632277
0.0356584069286173 -0.00596737658731974 0.308191925781527 -0.113129058987994
0.0117931603415714 0.040435910684922 0.344149058282554 0.29562197564161
-0.0300846307026454 0.0335129758471337 -0.109736197039063 0.483826106679718
-0.0380177005852436 0.00778470936040781 -0.33429123905275 0.173649957392707
-0.0404645382014851 -0.00530319810892043 -0.0385363228275251 0.0577042499220062
-0.0367293154980136 0.0226874742798158 0.351922308196592 -0.081663299278923
-0.00511296134692749 0.0365950291544131 0.249410989083791 -0.466981448952138
0.0322591726961292 0.0154133216928371 -0.280404353037774 -0.408891997081999
0.025829407136715 -0.0266839453001866 -0.377200136240709 0.080004027376159
-0.00842517783746304 -0.0242724144693495 -0.0877860108120725 0.249171583279697
-0.0134774393723531 -0.000480585391088303 0.0738588292206462 0.0875564208742928
-0.00900592443076288 0.0102639381761369 0.0583328259888517 -0.102892233875648
-0.00859344218969043 -2.15077183322102E-05 -0.050562459405373 0.097503275804586
-0.00910510918863784 -0.00957838323747481 -0.0841087055154735 -0.0370645504765466
0.00753402320744183 -0.0209109452676887 0.0449850102835531 -0.22226604800547
0.0325314215498115 -0.0065256086092677 0.301947531541502 -0.11628884005628
0.00940243763353 0.0368626260859319 0.348539168403975 0.286063596040288
-0.0293278172349519 0.0280467480199958 -0.102632819255137 0.488252245748701
-0.0319116599295659 0.00404594400975427 -0.338870215661946 0.18197390550373
-0.0319606838390401 -0.00704327204145954 -0.051242506941964 0.0570254600010941
-0.0303246109977348 0.0186418068650915 0.342340522668091 -0.0733285381324019
-0.0046677226953809 0.0313415136790902 0.25687131832374 -0.457123987717114
0.0290102020567709 0.0129727141514057 -0.272569921452883 -0.41757915831267
0.0241667433170218 -0.0271250236267839 -0.383383510885976 0.0718787651372516
-0.00831908743564659 -0.0257284213481425 -0.0940781703968911 0.250898696835503
-0.012326489587385 -0.00140455716723406 0.0728463453528027 0.0918313981528259
-0.00601639432915976 0.0110605110721549 0.0613078546000144 -0.101735884148282
-0.0039004754903275 0.000696013100956383 -0.0482060629491625 0.098868387014013
-0.00709503927435524 -0.00919975233695705 -0.083053150613863 -0.0358378483072003
0.0082393785005614 -0.0191455667424111 0.0432265146472141 -0.222256371192349
0.0287299789317956 -0.00564768530500006 0.298868238419375 -0.118326376920466
0.00505330510005798 0.0328366658714856 0.346807574606329 0.284392974502743
-0.0273451956796935 0.0197036600634519 -0.102509804011209 0.491454642712838
-0.0221950406852225 -0.00179744326237651 -0.345187937114151 0.18537273442298
-0.0203585807864361 -0.00840014413747747 -0.0598739711020022 0.0574354607257986
-0.0199238679479906 0.0137771550440511 0.336710422777905 -0.0708084900900377
-0.00270717637513872 0.023425640507778 0.256305995669207 -0.453491494491895
0.0255912754363009 0.00865476705268634 -0.272363985064734 -0.418910877506136
0.0206722778139695 -0.0271977965226289 -0.38698252106177 0.0705654739161901
-0.00839086524378309 -0.0249802177025882 -0.0965519055088021 0.25285895554476
-0.0102067502040552 -0.000744146488860499 0.0730804335371386 0.0931103117323113
-0.00252137258197072 0.0122266794832139 0.0638474104994244 -0.101360776472938
0.000671241361337321 0.00179627578065043 -0.0463235537600809 0.099765750827593
-0.00438742419700922 -0.00720813584135328 -0.0806745240516377 -0.0363494372460202
0.00869044723627834 -0.0162358294958472 0.0455067383307677 -0.223399435334259
0.0236821488794264 -0.00374630461509719 0.300487300851145 -0.115223280807554
0.000620622742494138 0.028073864329559 0.343231083175564 0.289016980343073
-0.0254112131314424 0.0097338916768198 -0.108741414015115 0.49268932755257
-0.0104951943643234 -0.00859872920104262 -0.351400547709098 0.183558373912597
-0.00627094137621251 -0.0100500340919053 -0.0622932640761662 0.0565813178177498
-0.00816797838936909 0.00902196359915724 0.33289762943215 -0.0739383370706329
0.00170393859332263 0.0138034649996571 0.247869547670521 -0.456145080543685
0.0213859038468208 0.0026515689250501 -0.27985507167391 -0.412238083443893
0.0159861795637825 -0.0267778819156982 -0.388560171461208 0.074577043036678
-0.00940136774582117 -0.0224060357401422 -0.0941650144452121 0.254238390901836
-0.00820395042485512 0.0022493693127304 0.075636186331964 0.0920859228636028
0.00184255753389219 0.0144914412003701 0.0668884259776292 -0.101604778815024
0.00562399537635603 0.00332660171407863 -0.045213146115399 0.0998711822777495
-0.00141951104501488 -0.00437465704841518 -0.0779770432834539 -0.0396364664614585
0.00954498144841048 -0.0118829555107586 0.0500269475483131 -0.22429735207085
0.0191331153851364 9.91557705617603E-05 0.30423334049976 -0.110165176087188
-0.00485559059208346 0.0231395200231951 0.335798908236657 0.299512532846836
-0.0225078499550293 -0.00247094550549601 -0.122850650196708 0.493941770110985
0.00291947082323555 -0.0157201408968554 -0.355163114410689 0.176855735788834
0.0083412769307471 -0.0112085983453268 -0.0586838072244243 0.0556017586639379
0.00506738348985559 0.00324205574425008 0.332676967499225 -0.0813438902473057
0.00715452657737245 0.00295385402749202 0.235171701803476 -0.460758923433398
0.0173289611986019 -0.00410120543909905 -0.291164737617144 -0.403624236496336
0.0104429772093082 -0.025206400146989 -0.386725929715813 0.0845953809839068
-0.0104979706760614 -0.0177468775709389 -0.0888902042264254 0.254394496520709
-0.00621218131006078 0.00688692150154772 0.0795138216575089 0.088523459926433
0.00655489599208632 0.0167875930460064 0.0690279763732692 -0.102973257132518
0.00902166956647084 0.00454847176222358 -0.0452499821405571 0.100010356566293
6.35718692878436E-05 -0.00130286300002106 -0.075379883063113 -0.0439045847269595
0.00982921225846425 -0.00674044066370491 0.0588405495505485 -0.226850847609082
0.0156068466669118 0.00331347327046556 0.311088531480459 -0.0994074760741423
-0.00905666904061128 0.0190068604008253 0.324680382974826 0.314535093386682
-0.019371198393841 -0.0121230954513847 -0.142447457073908 0.488567060000594
0.013086395598783 -0.0208701287414817 -0.35773979601411 0.165275255937771
0.0196550871879914 -0.0116277112112778 -0.0488290365245536 0.0540918941243797
0.0142994350037547 -0.000879630073352039 0.336082468336959 -0.0929576426001976
0.0107055315272419 -0.00543229436991294 0.215285177030558 -0.469405057050858
0.0141549560707788 -0.00954261013128612 -0.308903739406399 -0.389033200044258
0.00566029560648644 -0.0228663670354631 -0.380535354503799 0.0991187283821485
-0.0116865618628687 -0.0129205440439658 -0.079242137946252 0.253735690481422
-0.00481192582742953 0.0110432531766013 0.0832585966837434 0.0834117638718206
0.00968999647831445 0.0192397294225917 0.069865627991674 -0.10435647284303
-0.0125466082236836 0.00056411474351455 -0.055501134203682 0.0954246344378131
-0.010465430795302 -0.00445210487603978 -0.0810732345570299 -0.0507862684418667
0.00874069356592239 -0.0128003807093098 0.0655223376608906 -0.233372902051273
0.0364371456828907 -0.000616042054385172 0.325177794454117 -0.0991885940808633
0.0117235024186348 0.0425079274490967 0.334287682836962 0.318918676729563
-0.029633369622913 0.030166282740316 -0.1393314859206 0.478329928670774
-0.0378215971282672 0.00637427414943852 -0.326796320647607 0.154270622861229
-0.0407390231718844 -0.00376908925952849 -0.00804571922565778 0.0558287158665665
-0.0344083984693971 0.0256255809343849 0.366752139044356 -0.109654391108074
0.00139799280010983 0.0353854491104491 0.213976317839727 -0.492365042536551
0.0340859134546516 0.0109249049187615 -0.311194679737636 -0.383514983851099
0.021857923755216 -0.025030016788515 -0.361328028427877 0.109615818001355
-0.0111885556011379 -0.0159590832297442 -0.0651854887995618 0.247971779563491
-0.0134202806189843 0.00585636598324556 0.0803630690019717 0.0761948837982283
-0.00883926372174324 0.0128763214971959 0.0544097310443962 -0.10723669116366
-0.0127139196355295 -0.000781167086813166 -0.0538581924695486 0.0963179428591381
-0.010884628967761 -0.00744618409392874 -0.0835922614628728 -0.0451937547426471
0.00763467522980821 -0.0171836494785568 0.0557340277128921 -0.230550553373436
0.0372855214349339 -0.0039426165861576 0.316286278000815 -0.110052171347021
0.013022200576887 0.0428044519355799 0.342893451938812 0.304704830418743
-0.0302061302290477 0.0342813529397394 -0.121635083251482 0.482830927817331
-0.0403975220820351 0.00859282390049629 -0.32944741651882 0.166935601606561
-0.0439588633016041 -0.00415780335048053 -0.0221679719910808 0.057351262357387
-0.038395887088648 0.0255951307592537 0.360832578258335 -0.0976062079227978
-0.00267600790239437 0.0376322175100441 0.231824395820594 -0.482978039698502
0.0340553748597624 0.0140591485830815 -0.296751869455823 -0.398220261310189
0.0247082687757229 -0.0260381514734919 -0.370662760533202 0.0966103828004657
-0.0100121812930254 -0.0209923535163024 -0.0751756066612632 0.250374968804738
-0.0140587520234737 0.00219655168696053 0.077276540343507 0.0821929226795412
-0.00967644094172354 0.0111656848380247 0.0553253173722555 -0.105839580178607
-0.0115891205234046 -0.000425397317734236 -0.0516075592157749 0.0973006334040773
-0.0102581851826745 -0.00874760295354003 -0.0847324032618322 -0.0399845948917236
0.0072517523219221 -0.0199791332108866 0.0481950921436439 -0.227452091195417
0.0361198010225002 -0.00649980718592622 0.308559918249664 -0.118784131199026
0.0129186424103766 0.0409526457682576 0.34971877140198 0.290993330539221
-0.0301425409456997 0.0335060224572317 -0.106551409305747 0.488630266061163
-0.0382810230426922 0.00782805911015761 -0.334202146422675 0.179612942443366
-0.0407583584257847 -0.00517346815475698 -0.0379781946285545 0.058181005673666
-0.036514806102016 0.0231668359822133 0.352911965722048 -0.085015431734146
-0.00490111333979667 0.0367660050086988 0.245335323483173 -0.471054619454719
0.0324366908726705 0.0149332577161181 -0.286506914902847 -0.408111877365002
0.0251687919360453 -0.0274040983069404 -0.378833676227998 0.0850165630752938
-0.00878001358256259 -0.0243207420218079 -0.0848296832350374 0.252105823560983
-0.0131523457602154 -0.000672324707469282 0.0748794825916069 0.0877565421473364
-0.0085012487795512 0.0104485546653139 0.0573707969104439 -0.103520939786706
-0.00863667916821504 -0.000478672792807318 -0.0498371422213651 0.0984188802499748
-0.00874624123212517 -0.00925663368288352 -0.0845192483088364 -0.0367382132252674
0.00736173305700224 -0.0210720906798544 0.042741245006036 -0.225191556417605
0.0328522058756374 -0.00757123559201067 0.302434134213051 -0.121901583110341
0.010039848203432 0.0371232628011403 0.352574991512279 0.282775978788781
-0.0289882931363037 0.028255370081185 -0.0967796823541889 0.491416521216444
-0.0317440728970468 0.0042153803766281 -0.339583923407645 0.187330745391803
-0.0319180832780029 -0.00664158151306951 -0.0507777499374482 0.0584426214969398
-0.030243963958668 0.0189882709223213 0.3433445105708 -0.077055900523428
-0.0044941146597982 0.0313744726626493 0.253834152276537 -0.463203674699174
0.0292548646392057 0.0126588531584561 -0.279469770454057 -0.416395605776176
0.0238664313694435 -0.027607900510152 -0.384666761690626 0.077678506485709
-0.00826544694915432 -0.0257056742465483 -0.0918113436013346 0.253859634384049
-0.0119609323518275 -0.00177200814183428 0.0741181824374048 0.0919393805237215
-0.00581573321191892 0.0109126059770746 0.0602218839924954 -0.102501338463743
-0.00386528570362218 0.000434904939786147 -0.047052207163672 0.0995399269659064
-0.00706354669796802 -0.00853713659021167 -0.0838491836787592 -0.0352507532291887
0.00768678422302569 -0.0196777269689248 0.0403822185758715 -0.224362516890212
0.028623586595236 -0.00657981828196477 0.299859114285472 -0.124096136303929
0.00623020617332246 0.0332278525742234 0.352365066935827 0.281539601601484
-0.0274279192182065 0.0202720251299754 -0.0960997086979608 0.495808793343895
-0.0220656444658213 -0.00175465592710055 -0.345123582608506 0.190246319594224
-0.0201821282739237 -0.00810130764110299 -0.0593157902410695 0.0579207942809606
-0.0202535267827447 0.0137986679182161 0.337544853711518 -0.0751303390742665
-0.00218005371430092 0.0233393427402446 0.253093142524805 -0.459814304399792
0.0257934331453062 0.00829495041939085 -0.279105042397931 -0.417745761114928
0.0202667609674765 -0.0282436896389713 -0.388928514166828 0.0754089975295898
-0.00883902327851568 -0.0248951666010398 -0.0939820261471875 0.25600992498684
-0.00983263487148551 -0.000110247927094708 0.0748487804013529 0.09334193594986
-0.00218413864987892 0.0122903151819743 0.0631872779567258 -0.102213814537557
0.000587472068498311 0.00159839576411223 -0.0454063992538007 0.100122648878047
-0.00407307818989063 -0.00699792089921933 -0.081439406765272 -0.03579366892961
0.00841627737596065 -0.0169487039418892 0.0421245444972241 -0.224928716682182
0.0243377749518547 -0.00347326712142694 0.300652852283951 -0.120892061056002
0.000896374963559925 0.0291030840317628 0.347463530027655 0.285791341031408
-0.0255787128581044 0.0099797213789502 -0.103664905367124 0.497432091929116
-0.0105111614718583 -0.00841101924013696 -0.350774005458659 0.188704764263641
-0.00659644634525731 -0.0101735245874125 -0.0616823784522385 0.0573966714110062
-0.00819393829306797 0.0087568632756934 0.334430928715835 -0.0767540354845914
0.00203591461418346 0.0134039722736224 0.245320157001684 -0.461472282641785
0.0214735284887073 0.00229928688038386 -0.286026762051004 -0.412129332353236
0.0153969059808201 -0.0267218495235369 -0.389366565394501 0.0804888532394139
-0.00993548238216575 -0.0222845158580931 -0.091935235817352 0.257099989799393
-0.00797684146171215 0.00261338235870587 0.0771264340235147 0.0924255443681844
0.00214699762987506 0.0143826247312267 0.0659334215276016 -0.102442335617092
0.00560639752297887 0.00311413422478953 -0.0443101937899805 0.101135728349366
-0.0016244406161302 -0.0041525590225678 -0.0791894065429617 -0.038774729416058
0.00932947445315631 -0.0117269929494577 0.0476537447784653 -0.227268125852145
0.019581354113768 -0.000417292267773971 0.304681554068983 -0.115555713601148
-0.00444028395981656 0.0235816352555572 0.340078193310346 0.297626454435254
-0.0226812004826027 -0.00239933419153631 -0.119068309243746 0.497457702723911
0.00266680247484271 -0.015861807039056 -0.356436173850931 0.182737432875976
0.00805304904885988 -0.0112237799270293 -0.0585513328705118 0.0562376959900998
0.00485537341162085 0.00322966471702322 0.333345469675828 -0.0846189988732944
0.00710674164373648 0.00249286650982511 0.23115923465793 -0.4662521115425
0.0173941856293394 -0.00417877090708096 -0.297528719275067 -0.403316423812045
0.0102875181202283 -0.0254944626397095 -0.38754804916758 0.0897260035474681
-0.010934159403337 -0.017729667850414 -0.0862954729266274 0.257261830802337
-0.00587978000175298 0.00698340425385475 0.0806510372065864 0.0890923374046854
0.0071159791693397 0.016868743761043 0.0683487206896565 -0.103820543781401
0.00939345437024542 0.00418095660985162 -0.0442089350524859 0.101184497597013
0.000132878042772774 -0.00133771133272555 -0.0760265423055953 -0.043531724683717
0.00997077724133894 -0.00688180798265757 0.0568313173613957 -0.22954578702838
0.0153714463723508 0.0033619989584786 0.312503266787096 -0.105079481523791
-0.00815753689814128 0.0198210592157664 0.330788131407108 0.312329655366037
-0.0192772413098814 -0.0120882998784142 -0.137478018168537 0.494375311946857
0.0132071261455332 -0.0209987419215915 -0.358269270680237 0.170288295156
0.0196770878823234 -0.0116971384465167 -0.0481512162869625 0.0549344382788629
0.0142580983122289 -0.000521465324642392 0.336999152331125 -0.0965813857943909
0.0108871019576219 -0.00601088638223183 0.211385017767407 -0.474460476322661
0.0142192144846308 -0.00981151080745601 -0.314106983021239 -0.3894185678578
0.00518075330386764 -0.0231339594920952 -0.38122903416358 0.103356810918052
-0.0122505711325633 -0.0123058149268984 -0.0757232460974116 0.25627216315543
-0.00391550836641694 0.0113878271178267 0.0848411698635278 0.0833772502523719
0.00991895842518007 0.0193966497700501 0.0693302361045792 -0.105630932223372
-0.0128606615895118 0.000143559284905087 -0.0537639891438078 0.0966174230492174
-0.0108282590310368 -0.0045027233241297 -0.0820133510214792 -0.0497355973216596
0.0078890590869692 -0.0128527282338958 0.0628207662246135 -0.236494173452469
0.036117510471073 -0.00103087818081904 0.325356643726755 -0.105517435603488
0.0127039226235107 0.0428832608867424 0.339532769194279 0.315581836513386
-0.0298214502079414 0.0309140076794408 -0.133177239001289 0.48208169901568
-0.0377917371552289 0.00673104704590801 -0.326490630264443 0.159323533197003
-0.0410467424464307 -0.00304106790742003 -0.00701592702165919 0.0567321379277502
-0.0336485294940624 0.0262038014370787 0.366832630912275 -0.115011107048384
0.00196282709873397 0.0355490606791865 0.208602136990732 -0.497107839276051
0.0341954236836664 0.0106203200517876 -0.317674800020864 -0.38022340683752
0.0217639537148691 -0.0247437522499514 -0.361568650082462 0.114936879917344
-0.0113211392474331 -0.0160797229306494 -0.0617279232727311 0.250282231387212
-0.0132861549055782 0.00608118489753923 0.0817699033013732 0.0757539877144709
-0.00867936456181055 0.0129497620464186 0.053466927716786 -0.108094749471495
-0.0131285417906481 -0.000675038141170274 -0.0523945131316342 0.0971473591097786
-0.0112320081772857 -0.0067520784615978 -0.084374276188744 -0.0442958819068584
0.00769596618966114 -0.0174469635929943 0.0527769689143793 -0.233289415486865
0.0374673321298497 -0.00488881297396056 0.316322007200135 -0.115287626169733
0.0146129767195994 0.0430214861812504 0.348164477938587 0.300597088961558
-0.0300391506073861 0.0347031365798968 -0.115962124658574 0.486580203109773
-0.0405069928733602 0.00873800171444983 -0.327993157472596 0.172237204898373
-0.0438064573851234 -0.00375066545901015 -0.0218113693479744 0.057889657315088
-0.0377090096621394 0.0255989649673711 0.361931847982929 -0.10119315527977
-0.00274746582360509 0.0384930713647194 0.227880151767687 -0.487784622005335
0.0345401838321077 0.013775267447922 -0.302093777479945 -0.395355245008827
0.0244221144392888 -0.0267535897927234 -0.370390692445971 0.102412302918516
-0.010039153187852 -0.0206463581261116 -0.071914273062318 0.252902735352026
-0.0138609844835023 0.00214963662447773 0.078213920003076 0.0818165484818837
-0.00897442068471073 0.0114027196995644 0.0541710506139212 -0.106813208869556
-0.0116489660852575 -0.000658579918472266 -0.050330633980123 0.0977935598414082
-0.0106972110188975 -0.00885774172998217 -0.0861068397175674 -0.0391586580940473
0.00712087672055644 -0.0204160817573277 0.0442884791931846 -0.230220401696418
0.0358049760768837 -0.00737568750894029 0.307909438498364 -0.123414009482648
0.0137303113304427 0.0411551618534515 0.3547281247828 0.288266072461001
-0.0297388626318255 0.0344014456356849 -0.0995518356341086 0.493784284746926
-0.0378896797622481 0.00776703449307692 -0.333626405387388 0.183619608726099
-0.0407901008568779 -0.00472886378619129 -0.037127164229656 0.0590057804604238
-0.0364060909035454 0.0235592075474386 0.353254986832216 -0.0901327948744464
-0.00438184405958196 0.0370709607544506 0.24170205130932 -0.477372402775357
0.0328673741623802 0.0144202753183436 -0.293186063543052 -0.406507303598978
0.0252977138391742 -0.0274460106399386 -0.378873429390442 0.0902246288517879
-0.00937448436847975 -0.0244244573936972 -0.0816114948041665 0.254762448703984
-0.0131000528169978 -0.000504343576162154 0.0768802290924908 0.0871227899739326
-0.00852322374571078 0.0104394448445985 0.056153005278492 -0.104684687584541
-0.0081954644025244 -0.000592411478025946 -0.0483683167164976 0.0992408606916316
-0.00898336990581694 -0.0090791922986463 -0.0857139040198343 -0.0357799026653536
0.00696161969886152 -0.0210700374951707 0.0391131203323954 -0.227219772457808
0.0326732292759781 -0.00821563792476114 0.302591078683431 -0.127112110643911
0.011381231048127 0.0377948505141178 0.358197060076545 0.277788285364295
-0.0292016654151039 0.0290044781607871 -0.0915164313126233 0.496383089261765
-0.0319399353543342 0.00424372608562358 -0.338827860942831 0.192505134120089
-0.0323978493733906 -0.00626601626251401 -0.0504429296331202 0.059110205688063
-0.0299604287275109 0.0188902327257093 0.343899345473315 -0.0815343098435771
-0.00398789800252727 0.0318149092814737 0.247907427249424 -0.468892894828793
0.0292092423417257 0.0124184021136708 -0.286191443446544 -0.415474403970664
0.0236049434977575 -0.0281287909798194 -0.385810421971999 0.0836494845764716
-0.00869020044034659 -0.0257470795466958 -0.0883251797864212 0.25684183269616
-0.0113516088676835 -0.00164102812713291 0.0762443259088385 0.0908430352854943
-0.00592967229428945 0.0112049250804852 0.0593303678989717 -0.103942483900833
-0.00430639286366182 0.000121042302292631 -0.0458339734219283 0.100500911487683
-0.00705210378792274 -0.00826816094733399 -0.0846992940356206 -0.0341432269935978
0.00759987138885786 -0.0197270389914166 0.0376026375501719 -0.226559895981592
0.0285231430374464 -0.0071294862330997 0.299298736684031 -0.129184462510298
0.00685348211141827 0.033742974759681 0.357981630283964 0.277377404338611
-0.0279331157506826 0.0204135261258618 -0.091132491283462 0.500884855167306
-0.022316640958365 -0.00168321937742774 -0.344511496862241 0.195752554862665
-0.0204818909870906 -0.0080998358688615 -0.0592140788197589 0.0587205806281305
-0.0199962853382197 0.0146826303748222 0.338514960350561 -0.0794203240658402
-0.00195728948338366 0.0232224233413644 0.249356823127333 -0.464921654551484
0.0255527753720152 0.00792501071965622 -0.28534557647885 -0.415399925618496
0.0200254380105227 -0.0278225600329983 -0.388529314023422 0.0812291167814777
-0.00910841664156111 -0.0247411060891973 -0.0902852526340747 0.259023390834757
-0.00978798200732225 -8.51090847836071E-05 0.0770770288464753 0.0924734207117012
-0.00192415381401072 0.0121959389641329 0.0625514068575774 -0.103082414464392
0.000515276158640942 0.00102735368780558 -0.043846894478567 0.101220888995658
-0.00465283859568298 -0.00681052439736043 -0.0821255689988465 -0.0354310412130589
0.00800523024267493 -0.0170189778146523 0.0390872733931558 -0.227115559207338
0.0244016384212281 -0.00459095942101591 0.300483107626256 -0.126945079652343
0.00181213594663676 0.0289983055819237 0.352876611153183 0.282374412340792
-0.0256696767967607 0.00974170114284949 -0.0978650077843394 0.500948862093934
-0.0105773301915532 -0.00900046223932724 -0.350280944384614 0.193698866328505
-0.00671378792019592 -0.0101408420223725 -0.0614791924528157 0.0583723098137593
-0.00771220801643752 0.00879429791410037 0.334440093324819 -0.0819593005474488
0.00169577393107315 0.0139157754212002 0.239561937798056 -0.466179992094365
0.0218439571062605 0.00163044457861926 -0.292730944905281 -0.410625242164589
0.0152094047176324 -0.0270016919346027 -0.390109746368582 0.0860711691498225
-0.00988490874237025 -0.0222701904729749 -0.0881607212450165 0.259744416713537
-0.00761956815374041 0.00296921201578414 0.0789805424242679 0.0917156096675825
0.00288643066041074 0.0140823800356306 0.0649168707908612 -0.103989342347292
0.00563164903865284 0.00252361775790457 -0.0427013277255141 0.102033256026724
-0.00188398438351112 -0.00439946007802555 -0.0796779964747466 -0.0377204468375942
0.00906663916260541 -0.0124263526342511 0.0445891173158326 -0.228863468543742
0.019849486128888 -0.000951641782323265 0.304699316349187 -0.120433697250259
-0.00370107007651647 0.0242489313964246 0.345512676425705 0.293819525518815
-0.0231260275165833 -0.00236030201144599 -0.112914719236159 0.502100645939705
0.00234895661803548 -0.016081798960856 -0.35540104764117 0.187875269313523
0.00859373545902873 -0.0111473667709852 -0.0580149179129929 0.0569794684317808
0.00506781903141491 0.00276773320087113 0.334458232959286 -0.0894296652525702
0.00662031723363599 0.00278047180802537 0.226630894266899 -0.471317835434208
0.0174379429292274 -0.00431554915636621 -0.304252379363339 -0.402046919267397
0.00976539291008941 -0.0255369223958146 -0.388384094910848 0.0957263031127805
-0.0113083388668149 -0.017927189122793 -0.0826618620795555 0.260340469194286
-0.00494019069845742 0.00694114702063282 0.08238785087317 0.088521356792855
0.00756580746473722 0.0171053542278739 0.0673419394854818 -0.10565598775259
0.00927896241265742 0.00363125910410617 -0.0426813678421198 0.101645476213665
3.35778504635065E-05 -0.00103788612820834 -0.0767047442123968 -0.0429194359049143
0.00946202677870461 -0.00707376385097041 0.0533044963993615 -0.232010981354544
0.0157843147715578 0.00291957732424596 0.31270543584286 -0.111137920532973
-0.00755319218355916 0.0202927525833418 0.336079337865323 0.309250576364083
-0.020013031233742 -0.0117200313210713 -0.133168589959675 0.499230175727271
0.0130168488483033 -0.0214887503007351 -0.357902019401829 0.175979008322802
0.0195665775871694 -0.0126704895758498 -0.0475978483119364 0.0554732373628413
0.0142464160409586 -0.00148310993777338 0.33724321831348 -0.100535188858617
0.0107051726707876 -0.00615709419434018 0.206429439382579 -0.479123151590976
0.0142565930071934 -0.00996838226640536 -0.32129131463654 -0.386362146963587
0.00479442956670792 -0.0230574319190436 -0.381540085056742 0.109700838937457
-0.0123043593033725 -0.0124936148842622 -0.0724484085700725 0.259541276932297
-0.00347211659808614 0.0115982520148026 0.0864974361553762 0.0828923365606541
0.0108546160575464 0.0192031024584312 0.0686011747486626 -0.106982909967478
-0.0127452643283734 -0.000632855290576796 -0.0525614318323552 0.0975828556276796
-0.0105253296274323 -0.00403410676270718 -0.0829931217526816 -0.0494597678953523
0.00808978190679241 -0.0132155636047883 0.0586874499801049 -0.238916145217586
0.0364917194005375 -0.0017947863353093 0.324520488106757 -0.111612721897426
0.0138045525833622 0.0432678914222982 0.34445416181893 0.311647704852926
-0.0294331346752888 0.0313352051306536 -0.128653283372986 0.486415118891437
-0.0379887592336283 0.00733926314864745 -0.324852131692345 0.165035777663259
-0.0411615446851353 -0.00254000806152519 -0.00543109115234501 0.0568655037186685
-0.0336883082189386 0.0263824895129756 0.367290738357641 -0.12037454435368
0.00208147030669642 0.0353071110867889 0.203579571614051 -0.502337891087538
0.0344781231916658 0.00996841753796507 -0.323893475627391 -0.377096853280482
0.0215577262046219 -0.0254470704104011 -0.361322185902791 0.120382735421412
-0.0115602403422274 -0.0161083511107036 -0.0582885528409617 0.252897287447803
-0.0127672902439949 0.00594403907454713 0.0832286116278312 0.0752563614877701
-0.00777387602180002 0.0133368042709147 0.0521022087024867 -0.109227964460326
-0.0136859776021769 -0.000959345779409398 -0.0510195017021927 0.098120284170243
-0.0114223817197393 -0.00670307830681997 -0.0857923079671091 -0.0431645017271343
0.00706026515152962 -0.0178224234828259 0.0492162866296507 -0.235338066305874
0.0374525809357675 -0.00577575099486099 0.315663237612031 -0.121530784354416
0.0154137764534933 0.0435026117055855 0.35514973639206 0.296663058747439
-0.0297565738392903 0.0350500089312839 -0.109322208977964 0.491171456285425
-0.0402533966326501 0.00938959839499711 -0.327421932130918 0.176923719988359
-0.0441238573892891 -0.00297642981196574 -0.0209872784758933 0.0581101742047147
-0.0374241803171415 0.0265670500458909 0.361181967669204 -0.106904370456099
-0.00180463613098406 0.0383185707337238 0.221544142236107 -0.492769384167339
0.0348765126903593 0.0129876253975454 -0.310809669560074 -0.39297575965784
0.0243038759261899 -0.0271863908622617 -0.370759193303842 0.10801260516771
-0.010503011982043 -0.0209483947396574 -0.0685318978689863 0.255496194047666
-0.0136062601625042 0.00243315655896181 0.0804075001306697 0.0808043693704791
-0.00862335605894878 0.0116558759156638 0.0531858395653827 -0.108131280772976
-0.0118399444045708 -0.00145707131188999 -0.0489960032446461 0.0993558519406517
-0.0106049485565428 -0.00843346099963823 -0.0868283885023044 -0.038542366366328
0.00654874268145213 -0.0203555490417625 0.0411049493561291 -0.232225254765456
0.0358511777524034 -0.00797560708461966 0.307601746604309 -0.129550437089824
0.0148496320601743 0.0414908788387488 0.360768711405097 0.282450952032427
-0.0294653974321469 0.0342500346890621 -0.093201671362399 0.496903579360355
-0.0388243026543128 0.00832822969027813 -0.331330327074987 0.189076839427503
-0.0409325918630773 -0.00409085904406612 -0.0361469037386298 0.0600019477062107
-0.0363885922146546 0.0238089965709756 0.352647234166457 -0.0947755660348201
-0.00425402242190428 0.0368671857843435 0.235196523308785 -0.481818008910487
0.0329180901526706 0.0137320617306263 -0.300395813140299 -0.405022076554294
0.0246168447696748 -0.0280987881418615 -0.378926794911662 0.0968367024237845
-0.00949137387740978 -0.0242762373468623 -0.0778912826847328 0.25782865737495
-0.012573473570359 -0.000184632593840533 0.0784320276624116 0.0865654564347993
-0.00793153640425811 0.0105434316310035 0.0551219420814442 -0.105500218665156
-0.00840298328148504 -0.000702665233014039 -0.0471690099521984 0.099689381087099
-0.0094886598411819 -0.00922036742887859 -0.086638244798785 -0.0346399381774829
0.00612686129512341 -0.0213952365547445 0.0358425614514442 -0.229175714451987
0.0327552569039864 -0.00869940750824037 0.301032526436777 -0.13310144346541
0.012409430889001 0.038251705855318 0.363699111043506 0.27359121960004
-0.0288765545295221 0.0295738056263296 -0.0858691836750772 0.49950597649508
-0.0317879080430629 0.00478206119308248 -0.33691570126969 0.197190633831091
-0.0323930885252528 -0.0059733853206812 -0.0494673999332283 0.0600169452056688
-0.0295394902669133 0.019043672344752 0.343917861000381 -0.0856225986907385
-0.00421317193700314 0.0317384024538564 0.243193488867772 -0.474130367252546
0.0299222319980189 0.0118788915215793 -0.29334559711405 -0.41163191539112
0.0231975258650321 -0.0285001308564414 -0.385150531052322 0.0896472787859323
-0.00906829357272149 -0.0257550340736948 -0.0849655073261718 0.25983300467733
-0.0112407170842327 -0.00134781321684734 0.0773718426719273 0.0911495434872596
-0.00534277381263845 0.0112144501409721 0.0580435597132613 -0.105174960522141
-0.00397488386665896 -0.000342534468831381 -0.0444683225087733 0.101322995524216
-0.00743201946298228 -0.00839859760314314 -0.0849207833485198 -0.0329807339717788
0.00676677064465873 -0.0204271741613969 0.0341096073045809 -0.228615562842869
0.0286564136717644 -0.00788982004809575 0.298592576631168 -0.135270401872552
0.00773046939152898 0.0338222179855437 0.360978640231637 0.272773247667612
-0.0277014275545437 0.0208257440458808 -0.0842663132934181 0.503042731820808
-0.0223662525506305 -0.00190692585758169 -0.343385904628953 0.200529665766431
-0.0207692284997713 -0.00806858691053355 -0.0580847134141205 0.0603216299989962
-0.0197873292612428 0.0144518552691754 0.338266867712091 -0.0836327657368451
-0.00142274776102912 0.0237504592785772 0.243105218424919 -0.470447336920217
0.0263250452397322 0.00741472838472288 -0.293258853202913 -0.414469103884131
0.0198004060518859 -0.0279182050408705 -0.389388688411183 0.0874810780849024
-0.00961505322492953 -0.0250132033507228 -0.0867594869542553 0.261739851627545
-0.00965834596082946 -7.37339729772401E-05 0.0780881946754765 0.0925123974683044
-0.00118691953428812 0.0124154893383312 0.0610361679257152 -0.104985911344508
-8.32164930062319E-06 0.000745238661317698 -0.042475812511588 0.102092336188709
-0.00456546024628317 -0.00688085300120529 -0.0833767185443105 -0.0339354352233748
0.00751168061438644 -0.0176432885844438 0.0353201046495288 -0.228955490339382
0.0244850214801882 -0.00502742307980569 0.299030602148301 -0.132626725689303
0.00247119521382939 0.0299303949679984 0.358192186821123 0.277550250647864
-0.0260212662720084 0.0102292141631026 -0.0916252400272682 0.504791492220522
-0.0109290903763572 -0.00910823786964758 -0.3484669243142 0.199743043194991
-0.00671802118394535 -0.010040279998005 -0.0606482214515983 0.0594995332985176
-0.00763537743109563 0.00898847144311403 0.334591787643976 -0.0864624162724247
0.00209819233600806 0.0137233002092739 0.234910950714145 -0.471524869426032
0.0220266108979487 0.00152108065383731 -0.300303148603202 -0.408820422615626
0.0152314334779472 -0.0272298879032094 -0.390469076946556 0.0922611609988978
-0.0103530036491905 -0.0218974992350114 -0.0848474721260124 0.262682763158852
-0.00737184390558575 0.00276727622363718 0.0809291303320134 0.0909941067377375
0.00300789715841516 0.0143752856678317 0.0640110012083325 -0.105241071611667
0.00591456162958548 0.00189217402477128 -0.041257025330578 0.10257785637399
-0.00224787500443557 -0.00449824056173108 -0.0806712144952012 -0.0367941413984014
0.00858750007940622 -0.0122782666126478 0.0406719168059782 -0.230971081649688
0.0198123452204401 -0.00139294968228638 0.303825132372149 -0.126838033059101
-0.00294814111348557 0.0247738001093544 0.351477289945144 0.288923836431797
-0.023376936183512 -0.00188643505724376 -0.105797246126846 0.504931445895616
0.00217526726688106 -0.0171117827272326 -0.354685351386484 0.192387332106955
0.0083118688254883 -0.0115485770633903 -0.05722098059488 0.0585022810623388
0.0055665082094079 0.0027085726156829 0.333609364017599 -0.0940234210204952
0.00691738874342595 0.00201592900897212 0.221345494649407 -0.475307180454764
0.0177290928379951 -0.00501757808539815 -0.31103426099027 -0.398768808067702
0.00947195460403641 -0.0251039930842157 -0.387955136219173 0.101267591532785
-0.011497122699536 -0.0170579471315049 -0.0790717635965719 0.262764445497865
-0.00512190679145176 0.00689199407147935 0.0842803133654322 0.0880552503422949
0.00788891745674547 0.0170067290457479 0.0660922481495872 -0.106570779136137
0.00945630672273125 0.00300623169436034 -0.041437677054879 0.102617686718367
-0.000310382432650511 -0.0013483624278209 -0.0779602394942036 -0.0426620286192033
0.00931274539718255 -0.00764223285466854 0.0492109294150264 -0.23409019656883
0.0158636233886056 0.00254540497211831 0.311697658698552 -0.11722558222311
-0.00716465935002653 0.020901511505309 0.340987304915197 0.305319539264134
-0.020439400125217 -0.0124615457048441 -0.125444718962286 0.502887864011478
0.0124057524752714 -0.0221804022661534 -0.35675125754638 0.181982872544191
0.0196389291519346 -0.0128297593450225 -0.0471844954118291 0.0567225606978193
0.0144635225922678 -0.00173868121372106 0.336632530893822 -0.105904449721777
0.0108484361331377 -0.00624895667664528 0.200672949797833 -0.483126225814903
0.0139642232051389 -0.0102960736554695 -0.32776716021984 -0.382078341137119
0.00483187553666314 -0.0234583345031228 -0.381539296672571 0.116261129416528
-0.012626248419382 -0.0122351795613126 -0.0685478435279516 0.261580907904446
-0.00326007127319904 0.0116108260944564 0.0880179052718499 0.0816929399996644
0.0108366598531107 0.0192316575823787 0.0674260777440787 -0.108348481447849
-0.0129565029366643 -0.000513442785351599 -0.0514192664423363 0.0981558720666049
-0.0109492523838248 -0.00415680182819173 -0.0836438239103934 -0.0483138830547856
0.00749841676073723 -0.0132073581726673 0.0542950388081684 -0.240643150986882
0.0367106959148747 -0.00263444566078346 0.322959634360154 -0.117804005216485
0.0149052633960777 0.043121729774863 0.349751565538754 0.306835127000734
-0.0293508302168654 0.0315548393966162 -0.120674976414599 0.489518470756155
-0.0376781751081241 0.00707174508251203 -0.322826178106507 0.169752973816522
-0.04123027138056 -0.0020133996423275 -0.00441752438034744 0.0567862308482086
-0.0333864883942949 0.0270432067423449 0.365034122751877 -0.125090839161373
0.00264977742938275 0.0352612844123368 0.195042795054275 -0.505642560594394
0.034747608013317 0.00906748941475361 -0.329547837386552 -0.372832418563525
0.0212767105753238 -0.0255308038201898 -0.359997295338844 0.127216568088346
-0.01175889674214 -0.015854202192836 -0.0543750533296321 0.254734288610855
-0.0125859228696906 0.00638726228944997 0.0844390550091756 0.0736521550008532
-0.00768856081182101 0.01281114123147 0.0500370079138897 -0.110116107185702
-0.0135925150392895 -0.0014055343769918 -0.0495777901669781 0.0986853137921204
-0.011582715696924 -0.0065447787826922 -0.085883516005516 -0.0420062768009455
0.00696165368123672 -0.0181308528859204 0.0446176180400491 -0.237641677442412
0.037338490940814 -0.00685052780952015 0.313901840757318 -0.127891529614926
0.0162798276744397 0.0433481994976202 0.358518017441763 0.290867849746541
-0.0296342074901748 0.0358123880084857 -0.101827381948861 0.493834190573759
-0.040642088589765 0.00981732830961718 -0.32470088367156 0.182502772873312
-0.0443083939641068 -0.0026516552457437 -0.0198529937891858 0.0586331259424605
-0.0373805014893993 0.0266995502696821 0.35919162691485 -0.111504012814116
-0.000982817534446036 0.0383881127892249 0.214496030315452 -0.497315460900359
0.0350758079249953 0.0126501227613834 -0.315794487582796 -0.388348585139328
0.0238931235499963 -0.0274727153075057 -0.369054983561039 0.114946666867588
-0.0106798806724687 -0.0205201892405417 -0.0640275764001002 0.256383447156596
-0.0130728494683428 0.00201811767806834 0.0818159031967746 0.0804685153595766
-0.00847716635966439 0.0113212526078479 0.0511041910228491 -0.10882112187579
-0.0123885553911622 -0.0015482597616299 -0.0473273476432344 0.0997279983187067
-0.0111752032441081 -0.00824217045690089 -0.0869174311419196 -0.0367484093585448
0.00594017350242236 -0.0205109234064806 0.0366845018244911 -0.234609564613251
0.0358624501730998 -0.00872458337214703 0.305257768275932 -0.135974017020698
0.0159554059171866 0.0416606210461599 0.365317906333086 0.277287939553004
-0.0295598185281926 0.0350587767187178 -0.0858383087226131 0.499272201103108
-0.0386283624696147 0.00927292681035577 -0.328524312320369 0.194887038044854
-0.0410401646572628 -0.00359353182211404 -0.0355119747349811 0.0601566429148497
-0.0359646071974598 0.0245138893428021 0.350685106680052 -0.100069273423444
-0.00360305111891344 0.0373284191385772 0.228613193521377 -0.487482035902265
0.0331002864600301 0.0135984735073654 -0.306046163402178 -0.400988909743492
0.024606254871526 -0.0283606688178272 -0.378006226312872 0.103240108944994
-0.0102310958735017 -0.0241414312350377 -0.0733268057633131 0.259233564286845
-0.0128576221826083 -0.000211705625510702 0.0800852403600633 0.0858349556705905
-0.00740403636970888 0.0109155431419157 0.0532434033233915 -0.106742411676995
-0.00905408191920033 -0.00121356429323482 -0.0453343666045447 0.100756452745188
-0.00966707399792719 -0.00868386966878782 -0.0868163571830335 -0.0337622506413498
0.00557824891412019 -0.0213602421931782 0.0316137520494868 -0.231113720047085
0.0326845513281753 -0.00968245071190602 0.299503335883326 -0.139536466655554
0.0128258778244012 0.0383412238674101 0.369089247990955 0.268614606862229
-0.0284171296788795 0.030077129394067 -0.0777058120131088 0.502168459756123
-0.0322097903222013 0.00509004284650033 -0.333921281411739 0.202055936122039
-0.0322141364414382 -0.00520702660194519 -0.0486468054551792 0.0612007857154008
-0.0294189878964993 0.0198901478335174 0.342965645771098 -0.090817197476285
-0.00342494052399533 0.0317600290936823 0.236226960702522 -0.477964735751281
0.0299883623332863 0.0110997623188348 -0.299445561574012 -0.408559162896857
0.023393202104896 -0.0288676430725422 -0.385142224598257 0.0952843354842692
-0.00979646492988619 -0.0255638415725745 -0.080485520427828 0.261868209350798
-0.0107282262645603 -0.00119146798854028 0.0789571618351187 0.0897907792160906
-0.00477650286471713 0.0109552622322011 0.056763630260929 -0.105777418848939
-0.00416507404923913 -0.000747246595762965 -0.0422115540586419 0.101718035500303
-0.00757664861737003 -0.00853967365538139 -0.0859966986218931 -0.031923756592686
0.00631157841612699 -0.0202516319238009 0.0297734555812182 -0.230238841545428
0.0284753155955847 -0.00845063431664283 0.296280418663565 -0.141361148032854
0.00865278630009555 0.0342647433138537 0.367254525453387 0.268148061703062
-0.0275677134848846 0.0211656970262427 -0.0758721338563082 0.505854520691299
-0.0231064622761732 -0.001557408100764 -0.340259909702061 0.206956797249947
-0.0205563176555955 -0.00760866652540007 -0.0568720382027403 0.0607664935108709
-0.0193477327478347 0.0143316146142339 0.337066236087795 -0.0889751889255976
-0.00149024671219607 0.0232995975041731 0.235158651916738 -0.474446600123155
0.0263094560222332 0.00701847347575836 -0.298983298454297 -0.409655162453287
0.0197171899827798 -0.0282943375969377 -0.388632516474452 0.0945079756175586
-0.00963637028746089 -0.0246674758416519 -0.0826252871604172 0.263895514390834
-0.00904122677010386 8.35088624360343E-05 0.0803074108241013 0.0917559067929173
-0.000594529712590766 0.0123769667495807 0.0594358486075005 -0.106222829822393
0.00066854491428852 0.000326404441387954 -0.0402993542616241 0.102570508148758
-0.00477665630719828 -0.00681948760883937 -0.0832341678416277 -0.0331880566956066
0.00722752036125416 -0.0174878681975936 0.0313887118471434 -0.230798651133147
0.0247434812216917 -0.00564938230432962 0.297613098965819 -0.13824038594125
0.00337830226018935 0.029721728423803 0.361523114799803 0.272504017981645
-0.0263203266977953 0.0106293879399257 -0.0834056373097792 0.508491448957463
-0.0111596869846337 -0.0092747258971236 -0.347017814385949 0.204022220734102
-0.00710260421801254 -0.0100928772460019 -0.059665234406703 0.060496595836664
-0.00813154479824134 0.00850622016087282 0.332923673066451 -0.0914739817762801
0.0028907998111888 0.0135672104252045 0.22745901935338 -0.475656989163695
0.0219379476493704 0.00101834217665411 -0.306965413637262 -0.404112667503218
0.015082869015528 -0.0271428619434327 -0.390109322512726 0.0988708870239437
-0.0101651888361373 -0.021878068707058 -0.0804675899209826 0.264486082260109
-0.00688989270833602 0.00284474614789547 0.0823653445748814 0.0900925217340716
0.00352443767064578 0.0142166301686049 0.0622416515273596 -0.105933378342816
0.00547084004724212 0.00137984276137078 -0.0397559122216556 0.103130656591284
-0.00215323589287043 -0.00410161941362213 -0.080923405166914 -0.0358619908415332
0.00805667630181656 -0.0130828275590998 0.0362390416016463 -0.233031598066248
0.0196732933374406 -0.0019684653843126 0.301849725043551 -0.132842241310135
-0.00201231603161004 0.0248547009778425 0.356422778114304 0.284714128864742
-0.0238797473473825 -0.00201637582125693 -0.0973536352900204 0.508885291268492
0.00179926718578296 -0.0169403689669975 -0.351006223584917 0.198140186010035
0.00847727569614001 -0.011933661506514 -0.056210636943691 0.0594079112063372
0.00514207319116084 0.00261889167924496 0.333030178966225 -0.098349359286711
0.00647787044327018 0.00200340519544045 0.213403304929038 -0.479612143116564
0.0171121689477841 -0.0053974417718782 -0.318131381681765 -0.392534285143117
0.00910737730425667 -0.0255519999547984 -0.386673231158143 0.108258702459694
-0.011569720727061 -0.0174726674727072 -0.0743810442945548 0.264669355117321
-0.00449988072114251 0.00704174974939988 0.0856794468151675 0.086803204339696
0.00868080744027482 0.0166153479895814 0.0644239086696763 -0.107764062563454
0.00913274107474128 0.00263040891449813 -0.0394444130574493 0.102833573611392
-0.000141052356204968 -0.000918927008889416 -0.0781249156177043 -0.0413538325304566
0.00882012997384034 -0.00759934071274336 0.0453599457288174 -0.236385390006714
0.0165765689535271 0.00177555898199551 0.310297989172971 -0.122922630669775
-0.00627886776402072 0.0211947126488226 0.346407703605589 0.300144526840176
-0.0210534211239572 -0.0120849051640472 -0.11739454176378 0.506577785067469
0.0123366940229669 -0.0226361942120357 -0.353701660064039 0.186699613703814
0.0196604187800545 -0.0130799064218059 -0.0457127378818847 0.0573360258558431
0.0144793799063693 -0.00216108404001316 0.335507568494369 -0.110645234613264
0.0104802019658063 -0.00668354969814104 0.19284139270422 -0.488397133836823
0.0137007002493206 -0.0106145764232221 -0.333958624174688 -0.378200902184049
0.00443168787718331 -0.0231696272115216 -0.379983494728078 0.122273809311405
-0.01297313808765 -0.011867058474294 -0.0643543573164806 0.263084334644132
-0.0029092022119966 0.0113257395754516 0.089367537474868 0.0809265152049688
0.0119127861190949 0.0189543888450889 0.0656490862898683 -0.109511842725006
-0.013245537876882 -0.000419246910352453 -0.0492887555227432 0.0985139070196663
-0.0110450368197301 -0.00390697283471947 -0.0838764542069235 -0.046381640372846
0.00739785444201277 -0.0132750590423118 0.049710323348121 -0.241551559083035
0.0363266959974468 -0.00330790932132894 0.319473603901343 -0.124581154458452
0.0158586736946131 0.0433700080118087 0.354274513841474 0.299439007960897
-0.0286257678992478 0.0321299866619375 -0.111861851179365 0.491050544806932
-0.0378874340851788 0.00822198289802811 -0.319195849351217 0.174523015493799
-0.041567380170683 -0.00139980059886138 -0.00358209323912796 0.0562963092295131
-0.0327345017688077 0.0268769628017969 0.362126638682846 -0.131268975459718
0.00361446273087953 0.0350988273634854 0.18662637225744 -0.508102598353066
0.0348507964402651 0.00883462225068825 -0.337179957747526 -0.366986249045629
0.020852303583369 -0.0255879699739265 -0.356767951609184 0.13307616928388
-0.0117761047297431 -0.0155673451499989 -0.0493231610952974 0.255063496890918
-0.011760820843637 0.00586821148550237 0.0854749015555498 0.0726254212693525
-0.00716461017557684 0.0129838959625021 0.048673802218583 -0.110923294374458
-0.0136985980894247 -0.00115433955888932 -0.0476486889375649 0.0993223127915714
-0.0117352378764082 -0.00639425438097801 -0.0869447655354588 -0.04103753589373
0.00572154755460887 -0.0186063947264357 0.0401169350573792 -0.238557327927827
0.0373259163261372 -0.00757521784430303 0.310619856098316 -0.133875598139707
0.0179840663590652 0.0429034937960698 0.36378489967455 0.283647017220142
-0.0290034531144171 0.0361367033695612 -0.0932272962374891 0.495809409087153
-0.0407455614139522 0.0102664368738388 -0.321538327694926 0.187954291988899
-0.0442427557600806 -0.00154367274882756 -0.019018724295035 0.0587735980648625
-0.0372238534069978 0.0271308609906374 0.356913535967283 -0.117445406382793
-0.000968389493655589 0.0381898258502247 0.205698004740838 -0.499994366164613
0.0353830810937614 0.0117507270106826 -0.323216487825289 -0.384794804852779
0.0235336667640441 -0.0276701247853581 -0.36700540561714 0.120785278822633
-0.0106154388626233 -0.0203667790569118 -0.0591584790403249 0.25845503756679
-0.0127268189005286 0.00243055221710913 0.0827907933279682 0.0788284649685814
-0.00791928696278917 0.0113426838141304 0.0491792622048818 -0.109238007498299
-0.0122077838005905 -0.00143261449850856 -0.0454822312148641 0.100174746305245
-0.0113569860260931 -0.00793104513779362 -0.0875330543986238 -0.0359766112879127
0.00529060503866995 -0.0206091773948701 0.0323538581297972 -0.235138964095936
0.0360013357801906 -0.00979998072194999 0.302245666780692 -0.141302753611682
0.0169054876599148 0.0414137226497987 0.369145579300786 0.271278501264298
-0.0286560249148279 0.0355933337080427 -0.0779775172070365 0.499525891788914
-0.0387805433084696 0.00963120369527182 -0.325584463348518 0.200200145879498
-0.0413533616581121 -0.00295272951255444 -0.0339335571824034 0.0604904232399648
-0.0357094628191288 0.0242472781332845 0.349048775234268 -0.104998992614902
-0.00300534425270682 0.0373370511305343 0.219555033640032 -0.490651492948454
0.0334107862978447 0.0125337325976431 -0.313361752341415 -0.395628174599592
0.023813902082876 -0.0286636073720928 -0.375948969403929 0.109394587357574
-0.0103172393232882 -0.02369243526767 -0.069028673179695 0.260602102477704
-0.0122817871473761 -0.000307397715055694 0.0813484527725239 0.0843707698361445
-0.00704905964173087 0.010677448647011 0.0515947933134216 -0.107316197130892
-0.00922520276720743 -0.000940608402034951 -0.0436986491995427 0.101190061721998
-0.0095613954102107 -0.00870693594424818 -0.0870486341334473 -0.0320366609301643
0.00535830255462158 -0.021787717722437 0.0270610060855659 -0.231671310649998
0.0328994635907166 -0.0104614334198528 0.29600164476551 -0.145794554462895
0.01414306628202 0.0381053000910561 0.371378914915423 0.261286865160758
-0.0282755388867622 0.0300765635281855 -0.0697284833796175 0.502273048088905
-0.0318764988640788 0.00552918609175609 -0.330052952567436 0.207389247921111
-0.0326440624282939 -0.00480603416505266 -0.0474424219446788 0.0618794285677329
-0.0292322442006353 0.0199752705409386 0.340881411795121 -0.0959857086566034
-0.00330723636266171 0.0319688515747475 0.227817981691282 -0.481687057171501
0.0301025356074491 0.0110159009798702 -0.306371572921611 -0.402986988470957
0.0227099784925315 -0.0286454728734614 -0.382435036310859 0.101652175026516
-0.00995832376391735 -0.0254277155884851 -0.075714727827485 0.263679022372287
-0.0108890330218235 -0.000989150297896623 0.0811013726328259 0.0891279085407687
-0.00409012426779121 0.0109349221941435 0.054851231424976 -0.10651049706298
-0.00412888749171998 -0.00124085798201208 -0.0408683559875221 0.102336587368561
-0.00782974673485798 -0.00805363008290486 -0.0864180995381408 -0.0305344715610845
0.00574731048929813 -0.0206342094688822 0.0247676719638672 -0.230837772698424
0.0286512879168863 -0.00899314808899903 0.29356361073846 -0.146713702926887
0.00942953414759002 0.0343632955561254 0.372194863548215 0.259952247144945
-0.0276111051601522 0.0216103600309375 -0.0679533905480056 0.507233836055395
-0.0225444384320905 -0.00147378267580041 -0.335858960853985 0.211694905509327
-0.0207264880556862 -0.00750236744419371 -0.0562047229376046 0.0616275920453619
-0.019517353428691 0.0144692883234908 0.335248282063129 -0.0936923825359924
-0.00108642264271758 0.0232896836354418 0.227538001723737 -0.477126749879099
0.0262107657313014 0.0064001314756516 -0.305159186656263 -0.405045580996901
0.0194586692275222 -0.028737290058789 -0.386965803375097 0.0999896223200585
-0.0102725743664738 -0.0247077027394014 -0.0774690345140661 0.265525457371445
-0.00891663964407101 5.40432750615119E-06 0.0814476324387406 0.0904346819763314
-0.00017984161111129 0.012311823546325 0.0581801809151282 -0.106746943262928
0.000369403416853634 -9.72198280218975E-06 -0.0393383528007762 0.102808820804355
-0.00495542334470365 -0.00614136598091853 -0.0837057262831064 -0.0320566777615389
0.00667447193566264 -0.0178237029164899 0.0267900742638396 -0.231733425725701
0.024282691215992 -0.00675631323310391 0.294326503819014 -0.144153646909687
0.0042202738712361 0.0300865812689224 0.365881086719164 0.264978117172079
-0.0261753712123027 0.0108117583774207 -0.0758891964763317 0.508229978900028
-0.0113278192607394 -0.00903412900573687 -0.342379902589477 0.20965376475675
-0.00668049283954639 -0.00968208975181413 -0.0582230515655994 0.061453755415838
-0.00754241529933491 0.00837028810079834 0.331109665572096 -0.0963707846908614
0.00286825340313959 0.0132745034425297 0.219004848847261 -0.479668511425974
0.0221164616456335 0.000581178777745387 -0.31293958730227 -0.397892038347448
0.0139784987200673 -0.0275028643456442 -0.387269586944486 0.105387107051446
-0.0112166740213227 -0.0218562700328194 -0.0760196143145625 0.265944341609185
-0.00694980211946116 0.00279010947945514 0.0835403403610759 0.0892608309720183
0.00421780022243806 0.0140538377432361 0.0603168812302432 -0.107246429219863
0.00560903087992609 0.00112419025628816 -0.0376418122958536 0.103177068112125
-0.00212687549490622 -0.00420779703835457 -0.0810210673886823 -0.0347031149209791
0.00785121562823305 -0.013121660773387 0.0325228695684307 -0.233648207993765
0.0197963467153856 -0.00217777620894196 0.299540937975544 -0.138799120675921
-0.00122961616493488 0.0256341954276742 0.359967008028957 0.277299018842712
-0.0239613058039439 -0.00137205400017621 -0.0899096938721419 0.509173700395324
0.00144500993864667 -0.0170028324227899 -0.347480103728595 0.203865256453289
0.00794966458318489 -0.0119950201230283 -0.0550555497991121 0.0596005189335166
0.00500282264034001 0.00229622579042709 0.33094518012334 -0.103184089691621
0.00692638839027309 0.00188605257735081 0.205899330942421 -0.482011940172047
0.0167979539543996 -0.00568600615843297 -0.323370095086527 -0.38856137300377
0.00884181218581952 -0.0261744431801108 -0.38468248169481 0.115392989596745
-0.0120223893420699 -0.016976074146325 -0.0700951462404836 0.266499769050878
-0.00409456490274656 0.00722490838096079 0.0872109796918643 0.0854731933261545
0.00858867432943545 0.0162336673490382 0.0629277366479527 -0.108647467580408
0.00867262448053315 0.00248714128941432 -0.03759508954246 0.103723390499342
-0.000363743432735749 -0.000784795323540006 -0.0786008950093804 -0.0398905485431723
0.00861346617615872 -0.00804285435247956 0.0406607011593632 -0.236864540866447
0.0159430357081816 0.00112559410619882 0.307176223866791 -0.129349359687175
-0.00543324352024293 0.0216444426086674 0.350378876846341 0.292983656681761
-0.0214758245509485 -0.0115524699788163 -0.109778149741765 0.507182185163717
0.0121111365795026 -0.0223863186459842 -0.34972868717095 0.192244663438239
0.0193054982674245 -0.0135355773724777 -0.0446505150861233 0.0573693076964129
0.0140552018679214 -0.00257622354502689 0.332715419279036 -0.115085143463737
0.0100311169182209 -0.00648478641027965 0.184894254975542 -0.490788767078051
0.0136909292315064 -0.011125013566673 -0.339860535068991 -0.372435423199578
0.00438611521948875 -0.0229190173958057 -0.37714682907659 0.12906461585627
-0.0125228980739041 -0.0117976468846939 -0.0591788238402067 0.264244720034835
-0.00217555767661554 0.0112850783728267 0.0911307496489822 0.0799561916667028
0.0122162293277471 0.0180208044279441 0.0638225824936471 -0.110298052971175
-0.0129792502506393 -0.00069228458519354 -0.0476362816070781 0.0980066750972389
-0.0111228514815344 -0.00323955406220152 -0.0844965718965617 -0.0453904476853574
0.0069202008685364 -0.0139192875810052 0.0448198242480609 -0.242026290970517
0.0362830344874138 -0.00478366066732837 0.316624962207576 -0.129184614234659
0.0170622595020968 0.0427199922110006 0.358640803500956 0.291778353253946
-0.0286975275308964 0.0325921944551934 -0.103556313090682 0.492533164998332
-0.037905584560856 0.00858477273215913 -0.315218940976452 0.179078029990861
-0.0410759701117584 -0.00109062780531353 -0.00218232444980763 0.0562280590563959
-0.0323270548303368 0.0276281992540839 0.358963647904352 -0.135078019939756
0.00363056401465979 0.0349358285512885 0.178969116520311 -0.510366271591175
0.0347598377172016 0.00775511148287675 -0.341092264396691 -0.359879912050385
0.0203877708111011 -0.0260122803677925 -0.353142829414356 0.138676422491156
-0.0117610554299848 -0.0149395308153718 -0.0444810128467127 0.255862459956934
-0.0120148530734378 0.00607870714743148 0.0863110905679344 0.0719824737533051
-0.00643402660124708 0.0129459798390708 0.0464499573967896 -0.111172334085267
-0.0141577864115764 -0.00112075609297961 -0.0456619854256665 0.0990473877242959
-0.0119044106136898 -0.00535793624173125 -0.0864781461552193 -0.0392360539616671
0.00492745410070983 -0.018031910735359 0.035837864534735 -0.238227568184473
0.0371258711450641 -0.00834151865108597 0.307190060776963 -0.13923711199688
0.0190002196255551 0.0426234121918865 0.36476714663136 0.275172147826083
-0.0284850360360776 0.0361942286046366 -0.085226610604075 0.495676915677384
-0.0405582363375248 0.0106162710994225 -0.317055488959632 0.191437812517168
-0.0436311910615055 -0.00127136487948081 -0.0175614485249061 0.0586285684784609
-0.0359645876298823 0.0271480944211105 0.353135789543335 -0.121776376870295
-0.000156569311537267 0.0379761488702595 0.196481082781598 -0.502017932712287
0.0353340522038579 0.0111236695531696 -0.328508882597314 -0.377181820033675
0.0228928767413676 -0.0274581266966854 -0.363331393651883 0.125407244173085
-0.0112089817149055 -0.0202482851416056 -0.0539127540368535 0.258782800145306
-0.0121509067771171 0.00221475379213338 0.0839410187381296 0.0778151569552373
-0.00776847528481095 0.0114881464640807 0.0476599259070804 -0.109961282439886
-0.0122507091841484 -0.00135146683124654 -0.0431495349227812 0.0998439116083575
-0.0108870604479839 -0.00799990648910981 -0.087910218918217 -0.0345375518747411
0.00463750056563213 -0.0211935584696204 0.0274845597895295 -0.234817468726119
0.0352187647244426 -0.0112546185285007 0.297826411819878 -0.146561654791616
0.0179806878482928 0.0415926044944816 0.371444247573458 0.263284546765321
-0.0284407673088785 0.0358243711300528 -0.069717036043445 0.500447516122295
-0.0385700138040242 0.00972876250405152 -0.31955865821753 0.204616719878598
-0.0410134429792042 -0.00246324444938535 -0.0329498980220445 0.0602581351864625
-0.0349390761061242 0.0246669863696275 0.34550755485378 -0.109746080922485
-0.00265188700748716 0.0372718379839806 0.211819035245107 -0.491504685617756
0.0337562375529052 0.0116015874323706 -0.319252816325902 -0.39016375222289
0.0237364646193228 -0.0287845459397439 -0.373118164364645 0.115357883829507
-0.0103479859175986 -0.0233921012307957 -0.0638418248647502 0.26135472534622
-0.0120698007860453 -0.000128160929073714 0.082417997802933 0.0829678758749839
-0.00630289754652852 0.0105321329525157 0.0498046291983176 -0.107774956440822
-0.00932517775102263 -0.0014106668458489 -0.0411671327073726 0.101031325720443
-0.0101696635458411 -0.00805310089818935 -0.0875237991005747 -0.0312810624515085
0.00424393192542605 -0.0216951084440501 0.0225382696000498 -0.231719162964699
0.0328059213807402 -0.0114799142375899 0.292154743124683 -0.150532529042414
0.0152913817499307 0.0378693359355936 0.374718747387395 0.25422062485205
-0.0275869554088137 0.0306252385739472 -0.0602227640432212 0.503160011557903
-0.032034814860323 0.00571033942410892 -0.325113706672858 0.212684792514689
-0.0327788249030864 -0.00410496197114276 -0.0456460323368611 0.0622894713964992
-0.0285247936316932 0.0203577592278012 0.337673918867554 -0.101261052799226
-0.00261791188186641 0.0318291309590649 0.219093529033005 -0.483211290034239
0.0304119908301746 0.0102859938489899 -0.311832569379831 -0.396692087619476
0.0214495139643012 -0.0294802928490275 -0.379880041137044 0.108610099048071
-0.0101556331294733 -0.0250459527654939 -0.0706429812747526 0.263995026110947
-0.0101942790926286 -0.0013299548633247 0.0816494053606852 0.0869518606215699
-0.00357689224505332 0.0109093669478842 0.0528689480036474 -0.107110728534468
-0.00494675949057255 -0.00111375722348547 -0.0386413097626546 0.102162904128128
-0.00821432198577494 -0.00768961189039967 -0.0861092566134655 -0.0292921226346147
0.00510495197607094 -0.0205007028039803 0.0199545868183571 -0.230749156354701
0.0282110659252072 -0.00974443462020764 0.289257571025228 -0.151814223540636
0.0107723104866804 0.0338032746710113 0.374179440748582 0.253237013920194
-0.0273849144678773 0.0218220900133414 -0.0596153113767134 0.506502320263574
-0.0225520431465247 -0.000979562521158368 -0.331854327350528 0.216248334037858
-0.0207536409762916 -0.00663286068644359 -0.0543449093033064 0.0619384481785552
-0.0188504528316957 0.0144983258113525 0.332074368631929 -0.0978964870636342
-0.00065495044282354 0.0231082979743764 0.219660351284855 -0.47981492187961
0.0264496955089226 0.0061165629791761 -0.309389704041523 -0.399331574285365
0.0191859145723565 -0.0286180275833447 -0.383496085602364 0.105620777468331
-0.0101246033198447 -0.0244424807794908 -0.0722100532542289 0.2655286608303
-0.00881293701254382 0.000237888658833331 0.0827308405758026 0.0893717279953856
0.000108079570683525 0.0121160998361458 0.0556991500022539 -0.106530411035187
9.79550022696483E-05 -0.00031984521627265 -0.036830778747411 0.102784024593982
-0.00518171928839411 -0.00629799438279841 -0.0842210915925684 -0.0303341192531549
0.00572097649659913 -0.0181471435893759 0.0221687414087176 -0.231618528940965
0.0244321191771631 -0.00688326227852155 0.290226427171119 -0.149752594285592
0.00518979860865932 0.0298938661994894 0.368652568324503 0.257746287259749
-0.025877930510577 0.0112719128817989 -0.0667355558611807 0.507956099991853
-0.0118503438299161 -0.00924871509122842 -0.337757119611569 0.215325261915644
-0.00679448651066728 -0.00991874396532808 -0.0569259546060464 0.0619121770975129
-0.00760602711150461 0.0082268232995024 0.328622492780871 -0.100252071965307
0.0025135688295027 0.0126337744274139 0.21039529240356 -0.481080484255609
0.0214215558412484 0.000239412658342051 -0.317199514743429 -0.391565544001486
0.0138995929656894 -0.0275276493584087 -0.383903743550971 0.110990567996205
-0.0113231930955118 -0.0214862155851855 -0.0702632728551754 0.267408415842805
-0.00637229761031172 0.00255791497051297 0.0854018321778946 0.0879958788669112
0.00469198156967434 0.0136145856973208 0.0587619973043668 -0.107374600006035
0.00517053714630163 0.000665003462556977 -0.0352414801434424 0.103102838441722
-0.00216083164476984 -0.00377922209897804 -0.0807994741311945 -0.0335260443035475
0.00747467784213227 -0.0130520157720454 0.0276668649839551 -0.233886677789089
0.0193013563760061 -0.00286823555624756 0.295013656399912 -0.144149606268285
-0.000508530538016028 0.0252747167354845 0.361856486022479 0.269698363394308
-0.024486069540856 -0.00116461260076738 -0.0817115066876793 0.5109614571837
0.00141957881448032 -0.0174086725459209 -0.342746090664572 0.209380506402142
0.00811033481227354 -0.0120678978403137 -0.0534615260191044 0.0599725211061503
0.00531311771560024 0.00182059480225921 0.327532857906353 -0.107338528330529
0.00667606810630417 0.00160138389757264 0.196715879222965 -0.484093525060348
0.0170011745231231 -0.00631558136824692 -0.329810699537663 -0.381275128303645
0.00816904026013167 -0.0260064137698484 -0.380984163748419 0.120353481026112
-0.0119048063088511 -0.0171757015858547 -0.0642443782606459 0.26607060912053
-0.00374968170230758 0.00710123648043908 0.0882701150339366 0.0842829313171277
0.00934065628425594 0.0161272129048412 0.060655665533211 -0.108988547616029
0.00895977612385156 0.00145337628664743 -0.0355807638323378 0.103522367474668
-0.000515391804613329 -0.00118998853743599 -0.0790726367171097 -0.0382920818065092
0.00829409638722326 -0.00794681859645979 0.0369615418520271 -0.237090536457789
0.0161642753821126 0.000980717289379512 0.303597480177386 -0.134361961733197
-0.00432192282860634 0.0213598648279404 0.352910468353462 0.285561376910581
-0.0215961374932214 -0.0110753180883353 -0.10178753001074 0.508184593632413
0.0117800208267965 -0.0227309850682076 -0.345919899237522 0.1980598473138
0.0188489766143879 -0.0135175322175131 -0.0435996229541557 0.0579485326519838
0.0144397119468678 -0.00243458033445901 0.329668033809886 -0.120113151415093
0.010426959746522 -0.00740869184200089 0.176197057481314 -0.493345729513343
0.0134743788985717 -0.0112720234922273 -0.343816239404686 -0.366560128611073
0.00386957889431508 -0.0231874364962064 -0.373437524261068 0.135411026676265
-0.0131455320316863 -0.0111779898635756 -0.053757769478521 0.264756503494984
-0.00175223895273723 0.0114966649266257 0.0925269423236472 0.0782351478498252
0.0131742776891721 0.0183409391217289 0.0617428319447374 -0.110820734659826
-0.0136329323423329 -0.000777204000818263 -0.0450561176542896 0.0980426598034639
-0.010838969351983 -0.00322093103680214 -0.0847688018533285 -0.0435397642460408
0.00628181068637949 -0.0136004348331275 0.0396036701785884 -0.242268481791643
0.0355653942685158 -0.0057757714685894 0.311875337494836 -0.134939694674375
0.0182894571232636 0.0426141071765058 0.359733084242283 0.284121007442345
-0.0277367557161639 0.0325919514642239 -0.0958666946468465 0.4903343254492
-0.0376812931210999 0.00902191113031747 -0.310460151911736 0.182406349222386
-0.0405980036589961 -2.26806697822365E-05 -0.00151868800961001 0.0553803133844009
-0.0318257479658616 0.0271031675221457 0.354416920094045 -0.140025705479762
0.00371313508150812 0.0347150867105227 0.169365838080733 -0.509786162943817
0.0348404997146244 0.00720877481309717 -0.345924426892265 -0.352670574129875
0.0199198746262222 -0.0264852870234379 -0.349214998406889 0.144225241883965
-0.0123407208381919 -0.0153343799691265 -0.0396119396203706 0.255591022970925
-0.0118111165506799 0.0063554798817413 0.0872808524450095 0.0701449272789664
-0.00624850753709351 0.0127196089915215 0.0440481639297363 -0.110914936078222
-0.0141865898599166 -0.00164849249068184 -0.0435133285800568 0.0991312200601864
-0.0119564755690752 -0.00557745578044137 -0.0874508367784088 -0.037902322144064
0.00466064944624941 -0.0184102070501775 0.0298278235642987 -0.237886261346109
0.0362950251187969 -0.00959892575754229 0.301944899543209 -0.144616712239939
0.0201738795598153 0.0426281023731723 0.368994092860479 0.267905123783722
-0.0282539210629904 0.0367761006909569 -0.0759083182528022 0.494526059511269
-0.0400485088226885 0.0114502286545294 -0.31205894404571 0.195722285933304
-0.0436900836875432 -0.00033869712896885 -0.0160618357251262 0.058192180235727
-0.0352802805091864 0.0272450353162937 0.349121346186443 -0.126719454548232
-5.55561702749036E-05 0.0379229124023414 0.188713106770494 -0.500472480533239
0.0351954262754432 0.0103484325438629 -0.33158900084787 -0.369081999526289
0.0223629100200394 -0.0283202449746667 -0.358831494235801 0.131650394027599
-0.0114775099218972 -0.019935249620473 -0.0494520560826814 0.258209911847071
-0.0118147297614857 0.00222739871681531 0.0850772677660418 0.0758019506179047
-0.00719917572911551 0.01122886294098 0.0452611222947096 -0.10961969602263
-0.0128689679405425 -0.00174384725797362 -0.0410233092059989 0.0997239006803168
-0.0115447185182519 -0.00720720237891506 -0.0874894472214535 -0.0325769069656055
0.00395299937350833 -0.0208340973362537 0.0230909160517299 -0.234316044045281
0.0351641347944638 -0.0117077228829112 0.293388152815115 -0.151315119630979
0.0191074740841648 0.0406861702901288 0.37380126127935 0.255110475804443
-0.0283774948125303 0.0362126030938414 -0.0606884498748519 0.49938271013747
-0.0380239362509388 0.0108140125995143 -0.31519295504445 0.207305129516622
-0.0405585427624787 -0.00138846576324379 -0.0310429174182932 0.0607624631403844
-0.0343102551647805 0.0250362617466213 0.341873070667998 -0.114235438507084
-0.00206322126024891 0.037219830558822 0.202490927292447 -0.492895640056531
0.0333763689906367 0.0111082956385641 -0.322664036882208 -0.38218051479695
0.02319874363764 -0.0294445927640203 -0.368455482490234 0.120708136696083
-0.010786983995138 -0.0234123439038152 -0.0587750981061836 0.261050237220451
-0.0114561946762122 0.00028031570650938 0.0836940797886772 0.0813220144223272
-0.00647066863361306 0.0103673758951377 0.0476667532865359 -0.107617938529704
-0.00950590770122036 -0.00152705895156296 -0.0395867268866507 0.100714219655951
-0.0100096265031461 -0.00816331063374401 -0.08761500438101 -0.0296733678999778
0.0038090312582417 -0.0215906890920264 0.0174978332688439 -0.231786190266755
0.0320589988311183 -0.0123282685688132 0.287208947412306 -0.15506162498059
0.0165197417272464 0.0375640289990548 0.37535162528973 0.246267503367687
-0.0276481423815807 0.0309935189463297 -0.0520708778414307 0.500596545566868
-0.0322500056141699 0.00579692125717045 -0.319708885602948 0.216548962774012
-0.0326958384917758 -0.00376639083975722 -0.0442476703828782 0.0620547524948304
-0.0283771269270114 0.0204092938679308 0.333877617335656 -0.105327768392777
-0.00198272903565095 0.0313214827141137 0.210154745580262 -0.483367620916863
0.0306429074390416 0.00909454733403114 -0.316205153928677 -0.388658863239213
0.0216236206756891 -0.0293534768190546 -0.376033946076104 0.113813423134061
-0.00999193838998549 -0.0244427230065878 -0.0652241194941247 0.263389668698367
-0.0102004192431912 -0.000645402153740115 0.0831338666153339 0.0858641433492706
-0.00323996564043275 0.0109394810535632 0.050665270416483 -0.10724075713599
-0.00526188749091659 -0.00148869860772282 -0.0370001003585161 0.101810001309707
-0.00791909329948638 -0.00727341659588482 -0.0859807365134475 -0.0279357980920909
0.00441489759835808 -0.0205233100649566 0.0157503874768646 -0.230222323603902
0.0278063492159797 -0.0105061388815412 0.284332662034652 -0.156427353065778
0.011619767935781 0.0340532675802224 0.374896774816318 0.244840895337538
-0.0270816680756298 0.02276736201456 -0.0501961619175456 0.505922867152767
-0.0227094622369661 -0.000945269291075617 -0.326679792175335 0.22055488082294
-0.0207861171499501 -0.00644238160484323 -0.0530449329859421 0.0623358144414104
-0.0186978395899205 0.0143361998148748 0.327586318342808 -0.102707176754701
-0.000641540115128274 0.0228125279606567 0.211132519756274 -0.480360195807446
0.0261679083254883 0.00538392973319372 -0.315222509903233 -0.390020375549459
0.018238938043775 -0.0286820442108814 -0.379255681937878 0.112251076845922
-0.0108518628342877 -0.0239220540005584 -0.0669208431668075 0.266141981925343
-0.00786108883353339 -6.58114712764842E-05 0.0838116046333067 0.0871470008517028
0.000531634171719992 0.0117543285604551 0.0534669649918918 -0.107069801564827
0.000297628799878016 -0.000921251551337138 -0.0346086564195208 0.101969286415221
-0.00547076412973077 -0.00594917397995643 -0.08414434486175 -0.0292296611057145
0.00563918101641601 -0.0176954178731082 0.0177684902084916 -0.230948683468174
0.0239566360002441 -0.00768626830534845 0.285786121667416 -0.153822408171232
0.00639874786993884 0.0300578550605236 0.369479666297649 0.250131444705976
-0.0260955950720131 0.0119360013589358 -0.0579913740635122 0.50767849950363
-0.0116661860762666 -0.00869368254318498 -0.33203339129553 0.219610598888363
-0.00713547884716878 -0.00946367793507186 -0.0554017966285275 0.0620740907809878
-0.00756802386530599 0.007872388409515 0.32420738034194 -0.10425861652126
0.00275501030979846 0.0132008887772122 0.201617935581222 -0.481269868086682
0.021779481978606 -0.000195312727863453 -0.32278372849332 -0.385006105240628
0.0134407274601261 -0.027857091914088 -0.379540821957111 0.117267276081436
-0.0116570025870835 -0.0211805276267331 -0.0649859551181157 0.267337543113466
-0.00594842554580142 0.0025616048262868 0.0862723911780988 0.08616898916001
0.00470443239811133 0.0135186395919775 0.0565558764762928 -0.10775125674143
0.00471197994080575 0.000208470994314448 -0.0335308901499211 0.102709064143936
-0.00250704305483463 -0.00353251919597037 -0.0815350282718462 -0.0325094293809329
0.00695569828723167 -0.0129946865674539 0.0230752133605631 -0.233342245957194
0.0198500552344869 -0.00355225170547865 0.290542760599948 -0.149423036990036
0.000793221322916371 0.0256799532054513 0.36479437594286 0.261383215775082
-0.0243452942859303 -0.000522190971822219 -0.0728907440190964 0.508851502852403
0.00073071246676684 -0.0171567469239445 -0.337062669974243 0.213851633851899
0.00798356413521907 -0.0119233464343991 -0.0523820764002425 0.0611467163361629
0.00512593675044385 0.00172115669816931 0.323263009771964 -0.111413370577583
0.00660485882680936 0.00126108617990129 0.188140689319232 -0.484198797819025
0.0167684282277296 -0.00637026316113781 -0.332790097253654 -0.374086381873461
0.00786018615935938 -0.0256838864226518 -0.376894126607504 0.126805307847834
-0.0121316906017202 -0.0161911243371299 -0.0593522263508005 0.266379051069623
-0.00320892819774307 0.00692857489146433 0.0892802517382148 0.0821310554817479
0.00968802277386894 0.0158418395818671 0.058548377200609 -0.108997353639858
0.00848253723644668 0.000847498393219291 -0.0337373711694968 0.102771777362958
-0.000430725210182057 -0.000492203182002612 -0.0790914607812411 -0.0374257386984951
0.00754284362273534 -0.00793076051513066 0.0315923080074994 -0.237440426254675
0.015933861174579 3.36060394346693E-05 0.299326899976644 -0.139160748847292
-0.00351358496515512 0.0216048564192417 0.355155665518014 0.277796334092229
-0.0221039934799051 -0.0109507060820276 -0.0929093728527964 0.507461904911244
0.0107162646496252 -0.0231676536980365 -0.340456472856511 0.202249457018449
0.0189264131027499 -0.0139517709976531 -0.0418676231389299 0.0583824652141963
0.0140603058715277 -0.00356901388831363 0.325073910703479 -0.12392231465374
0.00994820228644286 -0.00724209889726127 0.166985317127887 -0.492638564153279
0.0129246675932223 -0.0114230109396696 -0.348088059724028 -0.358394770434759
0.00354898451464401 -0.0230514052017114 -0.368375418375504 0.141100559924849
-0.0127126946517317 -0.0108568334915106 -0.0490272894768869 0.264304642572158
-0.00124596238538113 0.0112319193011762 0.0932778981892327 0.0757481855339611
0.0132968617198867 0.0172502706576375 0.0590605326226807 -0.110855887693292
-0.013512880096088 -0.000867314437375944 -0.0431711737928064 0.0972229131471816
-0.0113928169675188 -0.00281947201981222 -0.0850810645314729 -0.0423103157737843
0.00580593707101544 -0.0136599496016789 0.0350272624600268 -0.24095258398613
0.0353431768686608 -0.00641405060464253 0.306038305872878 -0.138557580686727
0.0192839438014542 0.0418323679719909 0.361257587322101 0.276025337351913
-0.0272852653783732 0.0331455421263655 -0.086315874872207 0.488783926087556
-0.0370315968101498 0.00920945193051072 -0.304655123458496 0.185407268383815
-0.040334090594208 0.000639213996711073 -0.000379551424236288 0.0548678017570823
-0.031378250976343 0.0273005047972363 0.348514263652325 -0.143770264805286
0.00427399703388532 0.0341730390842349 0.159325817056862 -0.508213044528836
0.0342451573945109 0.00618574097480449 -0.348481609919757 -0.345706224838912
0.0187768739832597 -0.0266188371916766 -0.343334195593829 0.147923204823674
-0.0120895836781187 -0.0147687192502074 -0.0349510753180712 0.25390678830376
-0.0110690885802291 0.00655288210831027 0.0880555099101 0.0683342831202737
-0.00610860567893491 0.0121621511508546 0.0422026870156883 -0.110468714600908
-0.013940213830707 -0.00129964089105244 -0.0416018121467145 0.0980265007971331
-0.0117899085015467 -0.00514164548730331 -0.0867680295504525 -0.0364876792076749
0.00402250149416998 -0.0180123737663164 0.0260292885719755 -0.236650037650335
0.0357741370066591 -0.010224171543791 0.297009090480706 -0.147881830278102
0.0209257816157101 0.0421276280556386 0.369873241044348 0.25976596896091
-0.0275827830922348 0.0373058176382746 -0.0688842053360782 0.491460399371301
-0.0397053197343763 0.0114265748303324 -0.306415338781069 0.197641225760449
-0.0429523792117689 0.000370706612278524 -0.0147004209295622 0.0575385855130984
-0.0348883753187336 0.0277047501596326 0.344112508947439 -0.129818935437303
0.000711598725388875 0.037124780363046 0.17965115854995 -0.498406326616802
0.0351032219035519 0.00981612518616163 -0.33635619029119 -0.36083294251247
0.0216926487661844 -0.0284562128972368 -0.354849845799453 0.136072867623281
-0.0115906813993719 -0.0197902147056228 -0.0446254566135662 0.257026702746847
-0.0113467428738466 0.00263545289903217 0.085668797624703 0.0741440476931497
-0.00702935849092967 0.0110895392850196 0.04315812373693 -0.108806710032195
-0.0125477975548068 -0.00183658187241024 -0.0391017004074309 0.0988729763993293
-0.0111556838448512 -0.00681615746331852 -0.0870415550985585 -0.0315636036962412
0.00351129419886505 -0.0207445754429633 0.0184842383792875 -0.233432943593501
0.0346852615699305 -0.0124544184204521 0.28843534811017 -0.155634559603753
0.0200176037430337 0.0399536938191599 0.374259479391916 0.247145558532968
-0.0274013554344579 0.0366247319768877 -0.0520020959301082 0.496600801992264
-0.0371133304204676 0.0104077767723496 -0.308935677680112 0.210062518444793
-0.0404340361776076 -0.000891312793445079 -0.0299395770989109 0.0601552627799705
-0.0335890209383896 0.0248343510536388 0.336855063168607 -0.11824513214009
-0.00153621218548267 0.0360374174126772 0.193673264416039 -0.490628776352096
0.0334970377035127 0.0101021816943142 -0.327147691806908 -0.373814683138353
0.0221857172166152 -0.0297492957957078 -0.363763595176594 0.125827647339941
-0.0107985345674974 -0.0226913537273284 -0.0533872324000868 0.260559050256292
-0.0111511489362951 0.000245930967762541 0.0843396133410612 0.0801329379097836
-0.0053294922349889 0.0106574934189632 0.0460611558630573 -0.10753218044202
-0.00975901566338478 -0.00177935127320758 -0.0373489583698092 0.0999716412931554
-0.00957521422770564 -0.00747370755641137 -0.0870883048320489 -0.0282531383917029
0.00336519480641638 -0.0212849210676006 0.0133468217347193 -0.229708367330824
0.0317023302599278 -0.0128077606615592 0.282440871878719 -0.158644955027406
0.0175869857904004 0.0374280445488297 0.375914617656179 0.237388018477305
-0.0268483814473032 0.0312219712507682 -0.0433103713434223 0.499114008220597
-0.031523040368789 0.00587755378993228 -0.313744800508615 0.218434883520683
-0.0321737926150613 -0.00335549159422462 -0.0427164032561725 0.0617254304824094
-0.0275098783734013 0.020156159619282 0.329292225270851 -0.109017922215282
-0.00167502594435297 0.0307192368503179 0.200262393285512 -0.482486849342251
0.029795371522535 0.0089432977452883 -0.319086385392488 -0.380477797413748
0.0206783123531515 -0.0295754125267792 -0.370257125058933 0.119217888049086
-0.010747990754131 -0.0244419323493112 -0.0606980262885884 0.263082870561972
-0.0100138340225028 -0.00110921007216267 0.0839547556138377 0.0839938327226292
-0.00312124406110841 0.0107799505583719 0.0486123550101071 -0.10661179439662
-0.00533787329919204 -0.00138609855149521 -0.0343746846541212 0.100916801832547
-0.00779287564384568 -0.00706205144783976 -0.0854553462244106 -0.0266087142347169
0.00374093174032584 -0.0208234796062284 0.0118298443229517 -0.228989196603488
0.0279367165982365 -0.0113472611263949 0.279038178364294 -0.161271350219218
0.0128570854395157 0.0334257741043683 0.376416922226624 0.237085176953579
-0.0264299496406427 0.0227299940984594 -0.0430149189563424 0.502140795907447
-0.0222450230883988 -0.000513392752024217 -0.31941345970547 0.222220062366532
-0.0209161099809895 -0.00591828801966879 -0.0518990189503838 0.0626170879831531
-0.0185108034183432 0.0143283168358667 0.323817343539547 -0.106026058415293
-0.000815837555778479 0.0224469545181423 0.201954515982772 -0.478683754892219
0.0255660290489497 0.00465810707506203 -0.320012422562913 -0.383601356573042
0.0170333513179213 -0.0289815690970402 -0.374350627316056 0.11679420539922
-0.0110133367596723 -0.0232673846704711 -0.0617649689264484 0.265019491263764
-0.00795054443386256 0.000234737532751979 0.0848490918444766 0.0857510687772076
0.00105260541869224 0.0114763900633963 0.0517162085696507 -0.106826022215783
-0.00043575238481806 -0.00132518330072584 -0.0329086789577854 0.101964410359386
-0.00535706860233066 -0.00635897717795829 -0.0839496681565157 -0.0272365331084403
0.00511821857770838 -0.0179754144244628 0.0138144395457637 -0.230117200875102
0.0232144329539483 -0.00803012427942701 0.280902520012265 -0.157468649490028
0.00739128862289309 0.0296139885555252 0.370615716326421 0.242994206544655
-0.0254276163137994 0.0117128080938846 -0.0509904726022471 0.504189759901354
-0.0117995613531511 -0.00881479198854599 -0.324721153449298 0.222161889611847
-0.00675037080184038 -0.0090452526923403 -0.053617508533998 0.0620600674612371
-0.00711059516108589 0.00811432526416192 0.320066593754148 -0.108401229710185
0.00256379415874352 0.012375345003398 0.193715359024075 -0.480044511131518
0.0212876000979409 -0.000777019804473603 -0.324850662680114 -0.375781995064344
0.0131264757442626 -0.0274550295844398 -0.374799548949658 0.121829170726548
-0.0114364317428685 -0.0206044445234834 -0.0596359628001399 0.26537578977444
-0.00528441201525433 0.00280746421789918 0.0872184639132179 0.0840474597470852
0.0051827670768516 0.0128817006803994 0.0538552564514723 -0.107434444978215
0.00458518854529138 -2.29244467672327E-05 -0.0313372417807611 0.102124150372496
-0.00226540385438557 -0.00302165852227458 -0.0816074229529175 -0.0304867678012279
0.00564470138185583 -0.013147620371849 0.0181306712725823 -0.232541511364064
0.019616719678627 -0.00501072808258406 0.285415360050862 -0.152879196495737
0.00124393001239481 0.0251865602487032 0.364428780962807 0.254319054211101
-0.0242030168676054 -5.69683242358163E-05 -0.0642337664140913 0.50568405099655
3.05044104206061E-05 -0.0173647866966417 -0.330213993477299 0.216581539914391
0.00765902357860629 -0.0121107544751723 -0.0504623647881253 0.0608344699622736
0.00551083313247532 0.00153394137211674 0.318705518422412 -0.115500709844879
0.00645886342844566 0.00130118881626294 0.179926001368379 -0.482114459698076
0.0163392622249193 -0.00671563358958391 -0.334609733184417 -0.365244283582903
0.00758550446292234 -0.025305441004956 -0.371372747412653 0.131453212846314
-0.0119553087558985 -0.0162149006380397 -0.0538381155450904 0.265701194554283
-0.00323380326964443 0.00665930628288402 0.0899547868149992 0.080275090616248
0.0101154828367182 0.015339920158651 0.0564100436064842 -0.109279191070308
0.00826174492185511 0.000641200572095895 -0.0316895663778525 0.102228744554334
-0.00071843241986972 -0.000449094074143268 -0.0789134770852114 -0.0360320220749393
0.00702802534500989 -0.00810112188257793 0.0268601972915985 -0.235913832231449
0.0165320916133254 -0.000318211582790726 0.293936341628355 -0.143652611616275
-0.00288674333044781 0.0216308615469279 0.355712158252103 0.268959155830593
-0.0223996417153733 -0.0103991356447879 -0.0837529772858771 0.50500046247052
0.0104857538646412 -0.0232899112963882 -0.334172214670232 0.204176567276345
0.0184512793105593 -0.0141759435974571 -0.0408443385680177 0.0583234323668705
0.0140016938214365 -0.00386962624091318 0.320434574337824 -0.127096918937555
0.00978784034459512 -0.00751809129651249 0.157755406101927 -0.489717992219539
0.0124818146558345 -0.0115774078688856 -0.350979458917211 -0.348885302637067
0.00320719494776391 -0.0226710857818766 -0.363404350269152 0.145309361897907
-0.0129980974084585 -0.0105499540919304 -0.0439230621731493 0.26310094866953
-0.00097709214648603 0.0107115697628634 0.0933969212231702 0.074875963558648
0.0133397029619424 0.0170335852945405 0.0572574788036989 -0.110547315679203
-0.0139932618681643 -0.000797193935177732 -0.041327728008915 0.0964090577467809
-0.0104095520528721 -0.00241142212671402 -0.0846795412184981 -0.0408425251570227
0.00563599004921527 -0.0133905627084301 0.0307559802128518 -0.239766579778685
0.0348594337182894 -0.00701983795650737 0.300891143381125 -0.142896439121271
0.0202972506296054 0.0410800785923665 0.35983217377249 0.266020996325397
-0.0269727084219036 0.0331141942029542 -0.0791545481236476 0.484966359966653
-0.0367948035559496 0.00924686447031611 -0.299028355755251 0.187261913843388
-0.0404244566375679 0.00110276113450495 0.000622633690418566 0.0540718592137428
-0.0305144773584067 0.0270573754212163 0.342317222122837 -0.146639539226775
0.00475075004805289 0.0339302036761156 0.151171880448846 -0.504789871678006
0.034042793595173 0.00548927039295012 -0.348279243074219 -0.335555046071748
0.0187275634156496 -0.0262080249082042 -0.338187398251923 0.151715868511693
-0.0116241147051131 -0.0144691908915541 -0.0306734183895644 0.252684765731148
-0.0106789483735176 0.00588598347719521 0.088242613319471 0.0669465422380651
-0.00549169568742837 0.0119447666499536 0.039928307294627 -0.109420959134209
-0.0144283959465577 -0.00103666561639606 -0.0398586397155164 0.0969746643891438
-0.01183376901615 -0.00494854509502155 -0.0865195143970913 -0.0348286726261521
0.00340180725165307 -0.0175055596917885 0.0216509137888729 -0.235363640381941
0.035324252261093 -0.010881025537836 0.291580752659362 -0.151521671402623
0.021733527294509 0.0411166663607488 0.368694794181034 0.251269739871447
-0.0269491571180599 0.0369554521866971 -0.0598551601487126 0.487003553531709
-0.0389876518175531 0.0119466477160522 -0.299756973239896 0.200033428770988
-0.0426484233248254 0.000997550946196238 -0.0139414370112256 0.0570957364066328
-0.0341615369426328 0.0277556609607424 0.338463483161602 -0.133262914503678
0.0011830769712118 0.0369780275391618 0.170156940517736 -0.496527276273684
0.0342591277263083 0.00886927611498215 -0.337600434153541 -0.352654003632623
0.0213771419682109 -0.0282149852495527 -0.348382666383791 0.139678429194675
-0.0115699853240374 -0.0192148091042709 -0.0400887069620745 0.256111036119348
-0.0113181347616912 0.00234911617396097 0.0857360854479066 0.0729500582187232
-0.00655006816090816 0.010372262391899 0.0412969399128815 -0.108095937284956
-0.0126830802931865 -0.00171421746556855 -0.0375418037946358 0.098146223534654
-0.0114871062973638 -0.00671865032238836 -0.0873393108457335 -0.0303267601020328
0.0027147963825549 -0.0205924726619006 0.0143258042100766 -0.231188180733609
0.0338883855882119 -0.0133090085662926 0.282760545424374 -0.158929951627721
0.0209311460269648 0.039269724024394 0.372059957042022 0.238982800315841
-0.0269103580221966 0.0367484299901531 -0.0453422600467919 0.492342285933337
-0.0370182379233433 0.0106747686500423 -0.302400269476585 0.212373185143637
-0.0399179604231957 -0.00017015193602369 -0.0286550295758419 0.059802473390092
-0.0327469493055799 0.0249035226309759 0.331232099791675 -0.120733337674526
-0.00146528679499721 0.0356472609563684 0.183676506293766 -0.488249650140195
0.0330139839431316 0.00989385909579104 -0.32713439826333 -0.363101171177883
0.0217913603428294 -0.0293861787701808 -0.358176420156981 0.129836379615364
-0.0111992196949464 -0.022618708981889 -0.0490787361965944 0.258334406675268
-0.0107674711535988 -0.00012369484456233 0.0841718832714316 0.0786025471843551
-0.00566603828894721 0.0100994866567931 0.0436823021631062 -0.106385435280264
-0.0100695308758419 -0.0019947749366142 -0.0354628609894634 0.0989158950567793
-0.00995564955228008 -0.00731983738679075 -0.0866102666445855 -0.0265574821827088
0.00287018407942555 -0.0213392315949458 0.00896993649638162 -0.227594985195079
0.0310929365178663 -0.0137782145933978 0.276588462440572 -0.161920755210557
0.0179594025485009 0.0365612458703615 0.375731309849385 0.230349040713836
-0.0264154381786963 0.0312892672888431 -0.0368182392130627 0.495308912838899
-0.0311941051693671 0.00671121932273808 -0.307062927414166 0.220256479640945
-0.0319871282114036 -0.00270618767284263 -0.0418075002820905 0.0620406752991373
-0.0273270716158191 0.0206231597780763 0.32338270126411 -0.111860965436845
-0.00169218521840228 0.0301725227105977 0.192822700291511 -0.479684865973454
0.0298233967260369 0.00814676073706984 -0.32177436095517 -0.37295516790414
0.0206364411835048 -0.029401823559801 -0.365416042867781 0.122886459009773
-0.0102540526664754 -0.0239281990498044 -0.0558662561642041 0.261714765602742
-0.00957753546183983 -0.000778652461486945 0.0843008975454972 0.0823930929087675
-0.00287217525746406 0.010425894760838 0.0472700988855235 -0.106305393867184
-0.00571090297392274 -0.00196651478065059 -0.0325898539354252 0.0998069842753413
-0.0082427304037166 -0.00735408955121923 -0.0852372607981921 -0.0254557451876787
0.00313171765784171 -0.0204957742336975 0.00793172704874178 -0.227388767795453
0.0270464425809901 -0.0120899994258145 0.273453395647768 -0.163284793602808
0.0135264976693387 0.0332339151917794 0.37447137767498 0.228826619159994
-0.0259542811561848 0.0228817886859989 -0.0351434837902932 0.497208456099348
-0.0224160306059393 -0.000484143024815156 -0.313013344529499 0.223729164219818
-0.0203663059001558 -0.00584712838182301 -0.0492494699819359 0.0621150898025475
-0.0178365627618545 0.0142981263283106 0.318660040080536 -0.108795173254943
-0.000272871479382725 0.0227750211000186 0.193292219923776 -0.476478442176455
0.0257484738559081 0.00434445065952642 -0.32101266900715 -0.374561529413182
0.0171676421745665 -0.0290314903537944 -0.369163588203228 0.121767876448762
-0.0111065393488284 -0.0230432071313205 -0.0576367078970681 0.263609460793645
-0.00753560760563056 9.02985864267112E-05 0.0854011230827785 0.083504267910257
0.00116340597501485 0.0106024599098808 0.0494972352407983 -0.10606970746454
-0.000817100613720863 -0.00135058316513472 -0.0307467817249735 0.100719979340486
-0.00556583702863058 -0.00546763618144367 -0.0829083025335546 -0.0263516877456466
0.00428966543136669 -0.0178319381023378 0.00942436894192503 -0.228093438962864
0.0232830598704878 -0.00891747575904007 0.274880900381256 -0.160754556706871
0.00799949455017089 0.0293855521603957 0.370281742966912 0.23428602327579
-0.0251494264163761 0.0122806278673053 -0.04288513284118 0.498926232232537
-0.0116313962602086 -0.00893484475665638 -0.318867628388227 0.223275203888067
-0.00722345027538569 -0.00871568293149289 -0.0522573499855971 0.0617937196115065
-0.00720633421264308 0.00798685036723563 0.314740927323687 -0.110416623229362
0.00272441871348609 0.0124052769261114 0.185274858178474 -0.47747676573079
0.0211020671482153 -0.000675709655325613 -0.326952320802887 -0.368780561549328
0.0127404456563569 -0.027185312177402 -0.369588271931096 0.126245102535335
-0.0114565748415602 -0.0201340237126317 -0.0549994132615263 0.264046618881254
-0.0054909014588002 0.00252267693514823 0.0870816571374334 0.0822667088981008
0.00617204373745373 0.0126991412088464 0.0521730087866686 -0.107132863313664
0.00406078735947182 -0.000576145231861693 -0.0296062247455128 0.101030853523281
-0.00288018561211846 -0.00326338707662542 -0.0805173518830985 -0.0295908204049447
0.00610122597404444 -0.013193651664947 0.0152003171271024 -0.230148986075434
0.0188795221635909 -0.00494676280956779 0.28016355349445 -0.155293370431681
0.00234083523769799 0.0250272260490299 0.364609205207035 0.246393710545413
-0.0240346695244139 0.000257960828721844 -0.0563656182664216 0.502547158903304
8.05864679583393E-05 -0.0171514577996382 -0.322915648041493 0.21875257852033
0.00737843641978449 -0.0120458468159276 -0.0490408692209786 0.060347863359035
0.00497884032377793 0.00126732240087459 0.313195229249688 -0.117877577442053
0.00657551306522118 0.00122900858618497 0.170345378897926 -0.480296021117889
0.0156690660628799 -0.00729228815843815 -0.33727434186834 -0.35687431401573
0.00725612961651298 -0.0251671490310637 -0.3657068893556 0.135296494786598
-0.0121980552735808 -0.0156785383222044 -0.0490349222393706 0.264340321481405
-0.0025157274667051 0.0067288594108257 0.0901104011945592 0.0786915013669867
0.0106029687032056 0.0143558144319158 0.0541164342793609 -0.108221289535324
0.0078379461338177 -0.000136436159353326 -0.0299925586810042 0.101539135310592
-0.000628680190072139 -0.000292696759591871 -0.0785792283030092 -0.034717820218149
0.00707071495921418 -0.0079340699729763 0.0224975810742598 -0.234625326211324
0.0156337499567113 -0.000588316375640562 0.28886512602544 -0.147015145532163
-0.00199771123734002 0.0212317588116832 0.35539612093681 0.261276719400541
-0.0221204532365303 -0.00989618735663055 -0.0764063453532908 0.500962803686874
0.00998678141632159 -0.0235672573764419 -0.327934194109605 0.206848634269914
0.0179724361911783 -0.0141132996682212 -0.0394441405345275 0.0580454142857386
0.0134914826803366 -0.00400227472433733 0.314914290918382 -0.130280255867832
0.00932788158916065 -0.00766728641458574 0.149736166802328 -0.486020992261291
0.012055977510711 -0.011839547508032 -0.352279604872073 -0.34151189686059
0.00313620091350692 -0.0225906428029861 -0.357539009745907 0.148655764850794
-0.0127448465054471 -0.0105118537626934 -0.0392330214666048 0.261858991892514
-1.71651303429131E-05 0.0109085529072605 0.0941066893418072 0.0722699696529325
0.0139314608204534 0.0160725134599622 0.0549895886483098 -0.109828659061666
-0.0139894557729327 -0.00116104101305206 -0.0395606131504879 0.0956352539881225
-0.0105807337693172 -0.00233568595244951 -0.0842952589425539 -0.0399680938778016
0.00474446685342477 -0.0135237882886585 0.0271567162446804 -0.23716345259616
0.0340202268102388 -0.00782521306522533 0.29538056390509 -0.14450463649616
0.0206067915753957 0.0404119298458695 0.359183774690936 0.260161714264463
-0.0260408750514287 0.0330954882187942 -0.0730930098108946 0.480632510596842
-0.0362076708414878 0.00948128902584699 -0.293472168477098 0.187706170964349
-0.0395731148654508 0.00140344860519101 0.00136048763326127 0.0531309099155986
-0.0300195435806048 0.027483485590743 0.336794567005467 -0.148162215634358
0.00470160156890793 0.0330895125371038 0.144141617271471 -0.500411564677326
0.0341485697398948 0.00558216096876695 -0.348888119907944 -0.329078924902319
0.018255063538157 -0.0261613422661121 -0.333226569565567 0.153518921588345
-0.0120884735749652 -0.0145229303091296 -0.0275517928375515 0.250070854483476
-0.00975229822532983 0.00617641859477774 0.0876063868937195 0.0654224062253483
-0.00476800781817409 0.0118056447649662 0.0384869194814901 -0.108678874788821
-0.0147348980456023 -0.00159813998938385 -0.0378126242913523 0.0961191528097266
-0.011385153354253 -0.00501559873275927 -0.0851461815294408 -0.0339578569287187
0.00334433010659482 -0.0176364495265171 0.0175205433194428 -0.232877606409458
0.0346843984810796 -0.0114948066455195 0.286084034591622 -0.153513409076334
0.0221848095218905 0.0402827357335047 0.365562050575327 0.243950718183554
-0.0264590600999095 0.0371153084103054 -0.0555476573583194 0.483136174276385
-0.0388901861790558 0.0116907325946343 -0.293810381971179 0.200385091077103
-0.0422851239784361 0.00169364327019366 -0.0130635178467437 0.056333143312658
-0.0335123870587752 0.0274133115038228 0.332686354051535 -0.134777788430209
0.00125334900335769 0.036562721611708 0.162743483059724 -0.49224407221858
0.0338099404451166 0.00811307176615278 -0.336832795371457 -0.344722359114289
0.0208764380557194 -0.0283637800449089 -0.343411862500582 0.142376086374111
-0.011478158854997 -0.0190600858694281 -0.0369242497277331 0.252882292188382
-0.0111464691649438 0.00227820116363935 0.0855893954162467 0.0713566476587227
-0.00635714970903953 0.0106642135568881 0.040057251871251 -0.106890265714977
-0.0131324468999007 -0.00197807175051653 -0.0357475375931658 0.096878587956876
-0.0111579197666009 -0.00647012051217852 -0.0862305708552398 -0.0292907759163337
0.00221353734021186 -0.0201367863923091 0.011114260497379 -0.229197107043057
0.0331678128406172 -0.014074806713501 0.277347765733458 -0.160399380182023
0.0217303223045587 0.0385060335088542 0.370072824299049 0.231770473443945
-0.0261745833607002 0.036371734657196 -0.0400959221684917 0.487144141679486
-0.0364586379500662 0.0107548673586966 -0.29669293628113 0.212722414341085
-0.0393291610866496 4.02295003850944E-05 -0.027729148717159 0.0587666524356609
-0.03238963245202 0.0247810219814013 0.326156225443311 -0.121885277986608
-0.000882464630622547 0.035075096117155 0.176449819760412 -0.483820495369956
0.0325991379972256 0.00930581394134182 -0.328014609925417 -0.358047316633703
0.0213241485982045 -0.0291898425381606 -0.352362468060374 0.131867496514869
-0.0111160602955056 -0.0224110586357734 -0.0452169296456979 0.256725920126669
-0.0101562689015652 -8.3260470270526E-05 0.0846294891700651 0.0764269523955615
-0.00533412525639044 0.00955452772618336 0.0417448380864081 -0.10583783525583
-0.0102366791218505 -0.0020456160939218 -0.0334209449833607 0.0982066317483144
-0.00978927687223905 -0.00728896980362952 -0.0857216470936975 -0.0253961860986358
0.00197718002354605 -0.0213230140446529 0.00583120132936077 -0.22564536915272
0.0299445203457595 -0.0141065811696316 0.271353039801718 -0.164354180454719
0.0187802286862835 0.0358501523192609 0.372748740282277 0.222842293782879
-0.026142649999253 0.0313421695340156 -0.0299424537001906 0.489561822657323
-0.0306181779302168 0.00653468655823383 -0.302047534505591 0.22062112492696
-0.0312203220534873 -0.00247536142304494 -0.040525760690537 0.0610164426644506
-0.0268763590911734 0.0201721477395511 0.318678799392372 -0.113311151977859
-0.0016643848342566 0.0299260847606282 0.186048115859538 -0.476790552758711
0.0293639671103896 0.00789658827315294 -0.32071708882962 -0.36585248339385
0.0200303972028757 -0.0293611355960127 -0.359559677840034 0.125274797214683
-0.0109345232056624 -0.0234685107493461 -0.050811000446891 0.259042414134337
-0.00971287983695525 -0.00114072101424153 0.0845640375049853 0.0806862748889701
-0.00254068384943188 0.0102998677065263 0.0448316369132689 -0.105053961651235
-0.00601291839411135 -0.00210942187367446 -0.0311397956485264 0.0988284671273499
-0.00797666256923927 -0.00705941754675014 -0.0846806388449447 -0.0243583245296929
0.00250191661226731 -0.0201328608303962 0.00462932867666517 -0.224842534539531
0.0268345326408317 -0.0123652743761378 0.267999836260491 -0.165162905468582
0.014129546383104 0.0324165134804314 0.371884841620557 0.221547973157786
-0.0259932834871769 0.0229889136328632 -0.0294810536792805 0.491424788784134
-0.0221581305876756 -0.000678849230129805 -0.3065668651125 0.224490561413395
-0.0202088742614424 -0.00546310243488787 -0.0485229628502402 0.0618032044906002
-0.0179218769124875 0.0140832744885388 0.312657313501129 -0.109769496891322
9.691511818892E-06 0.0216696312588266 0.185003518270808 -0.472815428797817
0.0252694284437233 0.00380268313877164 -0.320910084250572 -0.367150299272001
0.0165195978110399 -0.028524143630502 -0.362928769289445 0.12443115045334
-0.011287015526382 -0.0226316519535846 -0.0528205528374577 0.261258961212622
-0.0071168218047703 -5.32473064369205E-05 0.0854075854057547 0.0820329558682909
0.00132225626123585 0.0110893153878877 0.0478413872225 -0.105073722483761
-0.00109688776279261 -0.00144883080127338 -0.0291633736038338 0.0991996839863499
-0.00543759142051239 -0.0053166627646047 -0.082358817417531 -0.0255216869746659
0.0034710119496689 -0.0175909614879463 0.00638786860085111 -0.225635975119175
0.0229732204792052 -0.00952736042336712 0.269814453338548 -0.162927337105907
0.00904926326606928 0.0288337426661129 0.366268914460019 0.226666470419416
-0.0249924670751203 0.0126541973853928 -0.037119239409265 0.495463988885502
-0.0121174689070949 -0.00844487448176781 -0.313323066629442 0.223640244634743
-0.00718638308210446 -0.00838061104026398 -0.0508575278097952 0.0612705110794661
-0.00708984375023331 0.00754513441226891 0.310052333718426 -0.112128701754127
0.00249614634812648 0.0119326365372324 0.177354506280331 -0.473216310415256
0.0201449201577009 -0.00116956363306987 -0.32642394024741 -0.361853136465961
0.0120266377030206 -0.027190902130138 -0.363411470720978 0.12885904395136
-0.0116800881175545 -0.0204717857951026 -0.0511062179188676 0.261940882524834
-0.00498461670518769 0.00234790920114712 0.0874648658551361 0.0806890025741716
0.0064556413018788 0.0125230132816306 0.0504791288441789 -0.105851754168653
0.00387244987230099 -0.000800531432781356 -0.0279359571018645 0.099504560875018
-0.00255567772547856 -0.00325653621073956 -0.0807243978718038 -0.0285335136550839
0.00507298580571897 -0.0131667419017733 0.0109244172437926 -0.228234283881883
0.0185832241606796 -0.00549242327607449 0.274433631020531 -0.157914464152536
0.00316380121681903 0.0247405382739117 0.361981152472193 0.238868926901301
-0.0240448871486299 0.000262830995032248 -0.0510386197583082 0.497645811949947
0.000225820792941034 -0.0170098635915568 -0.316369272294544 0.217837801518552
0.00714783301515585 -0.0117469051470209 -0.0474157610886357 0.0602118343318221
0.00506966095069288 0.000641674549356985 0.308361848280474 -0.119079037737492
0.00566258195246012 0.00110205202624032 0.165233215364235 -0.475988536007627
0.0155962436591125 -0.0073319789012888 -0.336962635846272 -0.350585384441569
0.0069307214883435 -0.025339204755517 -0.359578562952316 0.137196058788509
-0.0119762706080765 -0.0149560215761307 -0.0447779056133133 0.261142287170088
-0.00253242033282204 0.00651195229967045 0.0907295438159272 0.0774517753457304
0.0104907682811203 0.0141417591269992 0.0523687280789683 -0.107388423336925
0.00751176985029611 -0.000447243155258866 -0.0277634655233663 0.0999367777218811
-0.000334489967608154 -0.000125600322846605 -0.0776574566282081 -0.0335974369246353
0.00625700883317613 -0.00781671136124388 0.0193441549599104 -0.232239411647687
0.0153894187582645 -0.00112686500236106 0.283104566586322 -0.149208939251915
-0.00112256343461929 0.0209471494736595 0.353765290786448 0.254015888750494
-0.0223151287877892 -0.00939251579967113 -0.0697868558770612 0.49683839576224
0.009449152628017 -0.0235696592826668 -0.321404196243039 0.207329625523886
0.0178011728740789 -0.0140882774468479 -0.0381140143289396 0.057163838999429
0.0133770326928235 -0.00449420085518649 0.309931824720987 -0.131516649100125
0.00872470753617922 -0.00799622837440257 0.143126778287175 -0.482421138783278
0.0120803785147389 -0.0117657673339658 -0.351484446100564 -0.334326664498771
0.0028711453176583 -0.0221670915608079 -0.351725206549144 0.150724768224708
-0.0126643465214837 -0.0100757364669788 -0.0351816165258327 0.259435296146858
-0.000262031809408307 0.0105284738932406 0.0941718293246172 0.0711299362982619
0.0140305507287272 0.0156169289137235 0.0533029974230196 -0.109107349781151
-0.0140810467197118 -0.000985851885872722 -0.038133859181575 0.0938333261957278
-0.0102280767945517 -0.00229598282786449 -0.0834333618058488 -0.0382192262381419
0.00431439278414189 -0.013069058028688 0.0237700033042321 -0.234489870020299
0.0332333508984432 -0.0088071992018189 0.289625603976433 -0.146178556678855
0.0213882806822335 0.039289911254888 0.355828922779174 0.252551786836284
-0.0264166532715565 0.0331076823723622 -0.0674523383860431 0.476654484967543
-0.0356023657637675 0.00996223140582646 -0.287563468870446 0.187544649113047
-0.0389674523029505 0.0021032437822547 0.00156895838839456 0.0518725704318371
-0.0295161649170032 0.0273471431256984 0.331196359999604 -0.148625103923682
0.00471922271820836 0.0327542469769982 0.138142273194779 -0.49414884416392
0.0331467639595757 0.00481702020168712 -0.345628717887038 -0.321417413055965
0.0176241464712303 -0.026068997168524 -0.32681721568978 0.153822427322537
-0.011888067708734 -0.0143879146605023 -0.0241543357554785 0.246764882685581
-0.00973613768910621 0.0058667261828746 0.0871970313303679 0.0637903794053264
-0.00476909003019933 0.0114757657101438 0.0368214222446451 -0.107232624703189
-0.0145487940257482 -0.00144522737773401 -0.0363587831708012 0.094789456084554
-0.0116184549887514 -0.00435577505585764 -0.0851616352971363 -0.0328054874912611
0.00270794756762775 -0.017198358710568 0.0147007315536927 -0.230257999621607
0.0337762913561595 -0.0118157380158482 0.279755178765594 -0.15501478431993
0.0228276823734794 0.0395319709415575 0.363136885412925 0.236526722806167
-0.0261333766767299 0.0368915327505172 -0.0487879666192865 0.478576262281141
-0.0381691252878545 0.0121743850608642 -0.288791416348684 0.199778288071929
-0.0417743561727475 0.00181549631925999 -0.0123573146644797 0.0556473606456586
-0.0331013681848256 0.0274074473033574 0.327165161263763 -0.135479284590408
0.00134902943456891 0.0354905539134569 0.156782741294311 -0.486594229615678
0.0338085732662126 0.00782370621685555 -0.337088152733862 -0.337896102097421
0.0202760526325998 -0.028190874093013 -0.338165658424132 0.143188964435451
-0.0113232774003498 -0.0188352947880231 -0.0332985762451612 0.250583258331502
-0.01059441994976 0.00241782217624663 0.0856026103347267 0.0693095825935381
-0.00573038876532649 0.0102930928050609 0.0381872988884915 -0.105867624772854
-0.0132509155359207 -0.00228102882956864 -0.0344437188388171 0.0951877212747994
-0.0110895516990379 -0.00663275028611694 -0.0854477998355715 -0.0281295651102391
0.0015424618858511 -0.0201639087467747 0.00841044014898046 -0.226106777510211
0.0324176613913001 -0.0145973187263949 0.271697460532222 -0.161597578464666
0.0220662612214965 0.0376258415785916 0.367284247956371 0.225421276578943
-0.0256401184056649 0.0361084556745407 -0.0349181705051907 0.482971196417475
-0.0358868390734361 0.0109063410216758 -0.291524718498306 0.211198533658956
-0.0388440552514395 0.000391910392829139 -0.0265395388177778 0.0579545027325492
-0.0317032153776697 0.0246203265029016 0.320312433062912 -0.122737901221492
-0.000950038297439018 0.0346235036855241 0.168807584840083 -0.477799491979477
0.0318464308076264 0.00895184414258295 -0.326029712875227 -0.34950233925639
0.021296555338679 -0.0289816603433113 -0.346474058721405 0.133586751687883
-0.0112018814943725 -0.0218931143579882 -0.0419032825343608 0.254742171574269
-0.0104217379958644 -0.000136732950885878 0.0840725393883885 0.075108386989223
-0.00450391430783104 0.00961362911131309 0.0405183312682976 -0.104256293961455
-0.0105237202830522 -0.0021627555408682 -0.0320450428605147 0.0964324720575164
-0.00965308005393746 -0.00681327699840733 -0.0846442907476565 -0.0243216524912845
0.0013431490648039 -0.020619386832107 0.00335728705004441 -0.223011548134744
0.0297150463731874 -0.0145771285580324 0.265493190202833 -0.164006356398764
0.0194293699951365 0.0348836961755048 0.370923816092453 0.216815102441833
-0.025602323793949 0.0310935913466852 -0.0268559010185491 0.482969670909148
-0.0305261014443722 0.00694435252008653 -0.295118763741574 0.220539509750066
-0.031044238307342 -0.00209656824345137 -0.0391061420489998 0.0601769031683181
-0.0261611861244456 0.0197222100973545 0.313316757737794 -0.113814293959325
-0.00151425324567949 0.0295065118802192 0.178829748602253 -0.471370092356184
0.0289090075676909 0.00743303785801383 -0.320846465677824 -0.358905849558001
0.0193903849825696 -0.0294145717567004 -0.353904558456882 0.126998661322456
-0.0107385527589606 -0.023251287070797 -0.0477731679289596 0.255680661588579
-0.00889090978225156 -0.00101040855445301 0.084334411183195 0.0786605718887123
-0.00210179850321631 0.00986764496435834 0.0436980401343376 -0.103857146609846
-0.00619608536353409 -0.00222726364961295 -0.0302204615247526 0.0970681384909416
-0.00804317794207169 -0.00615278872569379 -0.0833560435437639 -0.0234979386576233
0.00240750131931767 -0.0200068344563336 0.00146496998432529 -0.222716927022556
0.0258968762600307 -0.0133410829815282 0.262393622509422 -0.165632749136387
0.0146382054295569 0.0317102310155076 0.369547980235673 0.215080881853755
-0.0253912381886772 0.0231134968893456 -0.0257493273005728 0.486409067054877
-0.0224280866554812 -0.000104589674998982 -0.300900954080829 0.223474057220513
-0.0202370557700674 -0.00516004807400658 -0.047039177620346 0.060992128859954
-0.017317002367896 0.0137804924912167 0.3073210690328 -0.110842010397979
-6.46626840904059E-05 0.0214546010914596 0.17969096547672 -0.467627962931988
0.0244287610288312 0.00361337236884779 -0.319044799902043 -0.358755233768682
0.0167374479164719 -0.0284486463312602 -0.3577284292263 0.125710154125814
-0.0111334679487681 -0.0225743709740936 -0.0496207041739264 0.258324769297296
-0.0069515060193627 -7.82114273286886E-05 0.0851851123294709 0.0801574519849999
0.00135143598620381 0.010403812368063 0.0463564279852146 -0.103850638417417
-0.00136009471598587 -0.00172106929640184 -0.0279277952846895 0.0977231333414801
-0.00539984077139083 -0.00477503327082426 -0.0814480664541307 -0.0246547738314307
0.00314654717075036 -0.0165285032291243 0.00331943243208949 -0.22322338560627
0.0217444759874459 -0.0103519251639006 0.264096232598688 -0.163365709913426
0.00952015415672866 0.0280175604300201 0.364940590864958 0.220645853937108
-0.0253025930676453 0.0122812492028462 -0.0321275064173176 0.48964604241144
-0.0116075507430302 -0.00878429215585312 -0.306826698365633 0.223193609456178
-0.00666151703763839 -0.00831299927787382 -0.0491782162010865 0.060910883827483
-0.00662908333770804 0.00748269392328124 0.304096903708116 -0.112539556577949
0.00259988612905119 0.0116907313059391 0.172173759179096 -0.467867106519588
0.0204770073810053 -0.00197530062178448 -0.327735980582068 -0.3534445457035
0.0119455596451133 -0.0274354326746937 -0.357144745493725 0.130585058983839
-0.011878999924043 -0.0196236339562694 -0.0474598795510398 0.2592578731157
-0.00476175247221598 0.00253760814650288 0.0870783711382289 0.0788126704263594
0.00593309990380076 0.011893302080219 0.0487392048134822 -0.10442509774456
0.00315995351702494 -0.00125590810254189 -0.0268322270596506 0.0984372058915254
-0.00243492095152909 -0.00273199088647869 -0.0792806316722159 -0.0275749385169618
0.00465127273157792 -0.0128836355255693 0.00788851542554737 -0.225996841354286
0.0182304383408246 -0.00586420643361796 0.269090585893706 -0.15832290542153
0.00348187472188348 0.0236767021196276 0.358809949456695 0.231966061068654
-0.0237192296943047 0.000812024825978467 -0.0457288930688178 0.491014725478934
-7.74521844663454E-05 -0.0170936705250885 -0.312363170248717 0.217563415016969
0.00719636440968776 -0.0116762001098385 -0.0465492114623433 0.0592569477857238
0.00494745966384255 0.000781418844030688 0.303060802500666 -0.119987788815228
0.00591192838122762 0.000943152619969441 0.157207722143397 -0.471137042067851
0.0151356796935099 -0.00749549823946539 -0.335897958862899 -0.341941982288193
0.00668401261952131 -0.0250107954380527 -0.35348321429405 0.139653834447943
-0.0121165933508602 -0.0150835041053651 -0.0411478409934513 0.258642864408193
-0.00193598478102301 0.00620814571588007 0.0901808511178498 0.0755973360078582
0.0110291981639234 0.0139713404608683 0.050712684019302 -0.106161657701933
0.00657744150917121 -0.000608493982880395 -0.0265499515948381 0.0980923660423379
-0.000656226796541889 -0.000233169111273258 -0.0776315508224594 -0.0327757313126863
0.00588898259626791 -0.00802176482731998 0.0162682663445483 -0.229268020688309
0.0146916337433393 -0.00170937641805134 0.277316948654603 -0.150389368347607
-0.000854701849619346 0.0205451039343057 0.351412788713998 0.247131943822935
-0.0223980359570949 -0.00905083550904588 -0.0648229186873837 0.491129776020554
0.00920278370391286 -0.0229992680097063 -0.315451705986001 0.207459136856635
0.0174465189918913 -0.0139036692749615 -0.0372289035116667 0.0566941387908888
0.0132037969594615 -0.00418574666605195 0.304548109613072 -0.131633726724691
0.00906630174085695 -0.00796887171762985 0.137358870194402 -0.477365481076286
0.0115986081098943 -0.0119361258982287 -0.350739155283837 -0.327174848224089
0.0021837236945639 -0.022074469473256 -0.345672105113173 0.152158643961343
-0.0124428452001771 -0.00986655783024091 -0.0313617966664036 0.256085654378006
-1.7026015599695E-06 0.01026500427647 0.0935455361484041 0.0694731838595926
0.0143345338322174 0.0150537806925467 0.0515086433487061 -0.107591605603082
-0.0134269911276735 0.00192814719744278 -0.0228346256352003 0.0968743531646517
-0.0112919127736433 0.000725142272595521 -0.0888778846076943 -0.0254041207099337
-0.00144041776546772 -0.0151135274580884 -0.0125374372338441 -0.234558352122093
0.0293017357622032 -0.0198023430464324 0.26758895614458 -0.186556440781566
0.0326429799029043 0.0293069289128925 0.390070668818549 0.199140124803874
-0.0154406337233993 0.0363162386503646 -0.000568292949624198 0.482853596818216
-0.0319885361606098 0.0167400865811698 -0.26508439104808 0.225007791270951
-0.0372686878356846 0.00608431952648473 0.0084750030471214 0.0508569768026923
-0.0258956229353465 0.0270087085348154 0.3080705974987 -0.196097309829863
0.00736367133396731 0.0277938187629829 0.0603398846062749 -0.510634650089127
0.0282988717537987 0.000531168732852343 -0.390161932671664 -0.263947746002727
0.0100329063639663 -0.0264431903540888 -0.298031922408319 0.20097491447909
-0.0136462017922281 -0.00994502420853951 0.0146094330849748 0.246001356258571
-0.00797099597176998 0.00810251789675259 0.0950151180933905 0.04868594308906
-0.00324665128636222 0.00979497905707278 0.02222717341162 -0.109613826877805
-0.0140338534787427 0.00181068510719942 -0.0210372154104202 0.0971968448307537
-0.0123739836869561 -0.00183168403958501 -0.089713692127194 -0.0192502964537307
-0.00310282879429484 -0.0184756575683492 -0.0200635257581281 -0.229751146218501
0.0290726594977634 -0.0233913636851339 0.256743123250496 -0.19328010856513
0.0339795536588484 0.0284926188592925 0.394769251021117 0.182707130037079
-0.0148168287753826 0.0399372461033287 0.0177122724615624 0.482399214593648
-0.0336663429227502 0.0194442871123669 -0.264542813528878 0.237270764164217
-0.0399831157667021 0.00629399687166926 -0.00464593335506247 0.0555550216665518
-0.0294818962621932 0.0276357695944881 0.305352346523268 -0.18237417492517
0.00444911614874348 0.0311671649750146 0.0798158746784074 -0.506302127269528
0.0290090379728149 0.00338908560963935 -0.381359166299497 -0.281321183796944
0.0120179350635386 -0.0287280438481003 -0.309181192006932 0.191634617222742
-0.0138839555622341 -0.0148798868345571 0.0057789372376624 0.250790887451924
-0.00880840978105688 0.00466692126655021 0.0940597206554631 0.054241267691665
-0.00420560903918445 0.00892736631523791 0.0234146862954354 -0.108320969726747
-0.012525593529402 0.00128177963020801 -0.0189791845887143 0.0977956528692967
-0.012462302968622 -0.00319884589926053 -0.0890935019648191 -0.0146969428381249
-0.00423052541224595 -0.0212116458733206 -0.0268771954442004 -0.225354327055851
0.0275326401918021 -0.025262388132776 0.247245657519089 -0.198807654801852
0.0331196447627072 0.0266695920562314 0.396956853607327 0.17058015516837
-0.0147839600254759 0.0390570776602558 0.0321311397025859 0.48477155987339
-0.0321263606274166 0.0183564030050216 -0.265146252763276 0.248995053877258
-0.0375931280718777 0.00489435089372524 -0.0183133848349613 0.060427843079926
-0.0287222009677714 0.0250109308109156 0.300714821075554 -0.169348698298547
0.00213922507505823 0.0304898835811544 0.0949378759592293 -0.500615524851689
0.0274556986212037 0.00419440029780871 -0.376620417457145 -0.294497842785571
0.0124929958159742 -0.0301462268574962 -0.319877837721952 0.18334033716465
-0.0136780360015008 -0.0181904955900466 -0.00236780817637454 0.255358949448349
-0.00901669701314218 0.00249912112613383 0.0940499824503181 0.0600816034458717
-0.00353141050588871 0.00805782107042912 0.0256772441868283 -0.106848555111596
-0.00940160172527292 0.000455551232482198 -0.0169394559804915 0.0983559854452227
-0.0113674480305834 -0.0039546647401993 -0.0880455416199542 -0.0117340525561377
-0.00471524860792734 -0.0215701774130136 -0.0298903074092786 -0.22108130825844
0.0244924414972346 -0.0249733559317136 0.240348153122724 -0.201281389268677
0.0295159842519408 0.0246551146115864 0.397327838044739 0.161571578625721
-0.0151577409674662 0.0339360599166514 0.0414543724354538 0.485259151992126
-0.0267280059374832 0.0136926459398137 -0.268319659242748 0.258501023571857
-0.0303277436491339 0.00195011220712181 -0.0305621169018333 0.0648716059556799
-0.0240268523741614 0.0196875050662707 0.294574258297987 -0.159075342065876
0.00110365901753717 0.0256452148944949 0.103190683177791 -0.494140374820055
0.0247198633784721 0.00315591422532728 -0.369751448070099 -0.304392268152237
0.0111217454253178 -0.0302378056689222 -0.328521371872091 0.178341118666759
-0.013886686501064 -0.0193794806096617 -0.00732697226715349 0.258594019454639
-0.00803746820346915 0.00169530725196831 0.0941434684671457 0.0641840755739651
-0.000818996208018033 0.00802587918057969 0.0283991414588726 -0.106656936267614
-0.00567005260996157 0.000455907064306519 -0.0139811679750795 0.0989015418176582
-0.00918804813322867 -0.00357681069087984 -0.0863716672738696 -0.0103159098281584
-0.00417395137202692 -0.0209969080425883 -0.0323260437844236 -0.220358307992742
0.0210994198851655 -0.0228243026243131 0.237710004647583 -0.201795543714716
0.0251540917091156 0.022064006059551 0.395933824430278 0.160230403015672
-0.0158417881897657 0.0258152545234871 0.041586302824589 0.487690359593493
-0.0194731914955869 0.00538628730663861 -0.272472881146706 0.262973582652536
-0.0200606627640004 -0.00225240131394842 -0.0380446748311142 0.0661237681506367
-0.0156428586238694 0.0130845172158706 0.289576176748365 -0.154472023352701
0.00128615400765941 0.0173664822779495 0.104413644772746 -0.490766188359598
0.0200135807493078 -0.000223657110206998 -0.371070515406811 -0.303653196083231
0.00824633440068235 -0.0291244425859418 -0.331561804609002 0.176703454972654
-0.0142132869442824 -0.0188360470947742 -0.00817201430433379 0.260508893190375
-0.00611946760967701 0.00232453859512361 0.0958486550617668 0.0647510445628255
0.00311834188895104 0.00809390286442166 0.0310611818818805 -0.107524141791944
-0.00148798257025702 -2.11628663477471E-05 -0.0118958822250786 0.0990255261149409
-0.00668171471304494 -0.00268985694911626 -0.0843553901747636 -0.0115742755607071
-0.00254294596937353 -0.0185234653227883 -0.0306946310239005 -0.220455461622588
0.0182932976482787 -0.0196069210418453 0.238790241397885 -0.199928987641506
0.0193150051266056 0.0194218801931758 0.392582391138287 0.165316852076486
-0.0167444201731996 0.0156667991581145 0.0363978194861622 0.489819225856096
-0.0110394065571003 -0.00382072750497971 -0.277819582422708 0.262893310671795
-0.0074464775426749 -0.00711734444714416 -0.0408210230240008 0.0661574352140954
-0.00590625577868123 0.00532118587207926 0.285398651147436 -0.156359487655827
0.00317005168432214 0.00729266544013396 0.097683805465873 -0.488165512384438
0.0152128895139877 -0.00452345741658288 -0.374879004979644 -0.298567534347944
0.00408466202567735 -0.0270005332416578 -0.33154900047264 0.18132875913178
-0.014480351548855 -0.0155864343802173 -0.00537643690774203 0.261312755867957
-0.00380981185299736 0.00408471833456155 0.0971575320426762 0.063556123865562
0.0074290067295581 0.00897182185591539 0.0338300799489122 -0.108372237270928
0.00357575935868609 -0.000266501112274303 -0.0104472173405373 0.0992978052114097
-0.00383420136966988 -0.000843455553912979 -0.0827925325309668 -0.0151924272858337
-0.000957827410810755 -0.0147180759984734 -0.0257045082635876 -0.223941074493251
0.0151296960502935 -0.0148934581146606 0.24375179165621 -0.1960826211316
0.0135946154955831 0.0165626386163347 0.389559802116659 0.177457153525851
-0.0170089904467255 0.00428517531806742 0.0223492294047198 0.493794135822836
-0.000792064756595202 -0.0133708972131179 -0.282493944438773 0.258583803582939
0.00617128947601438 -0.0116317656505356 -0.0378189195451451 0.0646169020296204
0.00416096378760341 -0.00269010329769572 0.283282222824389 -0.16264185670181
0.004774939299425 -0.00353137871387678 0.0837948750366934 -0.489447677145338
0.00948800716349883 -0.0101066823509831 -0.383583938769674 -0.286164497423817
-0.000682519803871632 -0.0241131778086304 -0.326422745822442 0.189754676852761
-0.0143259296978529 -0.0110212950941342 -0.0005969390077993 0.259933869831981
-8.35431901356608E-05 0.00738973602471588 0.0996392623015083 0.059588107247547
0.0127320485967127 0.010420768328416 0.0353296021032831 -0.110173544692786
0.00662887533262923 0.000105208748190699 -0.00984517153537392 0.0998601659936593
-0.00138353206202889 0.0011195636787739 -0.0814533575911054 -0.0205866664360523
0.00128073873230748 -0.0103859276286436 -0.0184687598020249 -0.228188209403773
0.0127375190967814 -0.0105050984387272 0.253408263878221 -0.188954999277734
0.00958390688835048 0.0138755945654269 0.384607649145501 0.19360212347303
-0.0166427974399062 -0.00484159893594806 0.00454695489575238 0.495485879595332
0.00733175131960708 -0.0208998049961092 -0.287768650795573 0.246969258684816
0.0158214768571416 -0.0146670779658503 -0.0283894774806583 0.0607787257448129
0.0121022542758145 -0.00893666003041562 0.283088043570023 -0.174258974841772
0.00610093654023685 -0.0125649686859937 0.0623800850704445 -0.493070168140629
0.00600332090229052 -0.0134667423590861 -0.393908516061802 -0.268456884693698
-0.00496028680258579 -0.0203185990523365 -0.315488811658316 0.20065335939678
-0.0140427213462344 -0.00634642625222763 0.00839746961935534 0.255860763517433
0.00260948665024163 0.0110658550312839 0.10153011839724 0.0533709353552334
0.0158956396292937 0.0114088554300253 0.0358784842114438 -0.111437484671913
-0.0136012556388041 0.00243198470515435 -0.0224855741614297 0.0953031068957428
-0.0112793105504516 0.000546768935628447 -0.0870314183321855 -0.0249507576128863
-0.00158689730036041 -0.0145768631308265 -0.0136421531824142 -0.231692460021295
0.0286769948325652 -0.0200114047954012 0.262199588241744 -0.184977639236591
0.0325312390303404 0.0283951763683655 0.38527386366941 0.195189190655444
-0.0153049610837382 0.035951171570961 0.000140368944360563 0.477890401155821
-0.0316161172748423 0.016568367679324 -0.260345974934063 0.222242803157684
-0.0369317167908859 0.00654118682093315 0.00858487169160621 0.0496764755071419
-0.0256179425607054 0.0264884849118865 0.302644403036652 -0.193105623253146
0.00688634733151243 0.027160018217241 0.0579704226374155 -0.503618567322725
0.0277007938106405 0.000243174958051174 -0.38559365695634 -0.258879741647545
0.0103276433053698 -0.0262427880527561 -0.292821377499002 0.198795156796447
-0.0140006204603122 -0.0105171446372789 0.0156893002261493 0.243454755677159
-0.00730792950725206 0.00745966482340988 0.0941544699675754 0.0473383649821539
-0.00279951432378411 0.00956611436081868 0.021142658506355 -0.107566859240389
-0.0144429026020171 0.00175612831191433 -0.0204103875574472 0.0955040136978914
-0.0124067467003916 -0.00184595019986662 -0.0885206624898396 -0.0188248251790441
-0.00368743730043495 -0.0181308560205482 -0.0210150663635789 -0.226084399935603
0.0276752276464905 -0.0234590315586759 0.252070788320343 -0.191379913178285
0.0339906946501543 0.0276839112306074 0.389426312303526 0.178687230534933
-0.0145059794472132 0.0395979814798485 0.0194521042327928 0.476047862596807
-0.0331157503366377 0.0192556523860188 -0.259893656722031 0.235063799647092
-0.039779215822339 0.00652206107671223 -0.00408525314404044 0.0545053066477247
-0.0287498938892981 0.0269826583606725 0.300159592280656 -0.179048885028303
0.0038596420896681 0.0304208026825085 0.0774781095840238 -0.497629490682173
0.0286225787348436 0.00310265846586727 -0.37699714238002 -0.276831462470701
0.0119128942602528 -0.0283337347540076 -0.30495535348978 0.190126070667976
-0.0137073920371472 -0.0145946416422393 0.00730790723582861 0.247506274519537
-0.00891532004465235 0.0047266555140911 0.0933417760934381 0.0537468611166928
-0.00407800981696123 0.00863192399999323 0.0225479708909657 -0.106541087113395
-0.0131115488091707 0.00150524772968634 -0.0181568682222785 0.0959016489994476
-0.0123599452966285 -0.002639127946383 -0.0876442304057117 -0.0142077419609301
-0.00506307827154881 -0.020713294945773 -0.0274877433992836 -0.221927130495238
0.0264392376493673 -0.0254722362990936 0.242788812305729 -0.197531665427976
0.0322678696551729 0.0261265776591486 0.391636261376688 0.166403717470057
-0.0145890700290684 0.0389318429695916 0.0345314536404677 0.478458984544695
-0.0314013666920332 0.0177545788217655 -0.260165177994258 0.246136491388839
-0.0369010782346984 0.00472340754984568 -0.0184548330100907 0.0592281335975877
-0.0279217728507155 0.0247939003557867 0.296049913420714 -0.166759901859817
0.00224526965328049 0.0303119320574872 0.0915588545071956 -0.493778062175455
0.0271156324285329 0.00404426233403762 -0.37065180348529 -0.288486243601876
0.0123103909218082 -0.0297262891886494 -0.314970755624609 0.181399650410194
-0.0137987297744541 -0.0176301261094828 -0.000480817982699581 0.252077699282121
-0.00877622290801349 0.00223339334921618 0.092930291832847 0.0590247507695445
-0.00320776642787867 0.00751435593195641 0.0248964213735302 -0.105428163039002
-0.0100581152717028 0.000675623831654673 -0.0161502099544873 0.0963780659831277
-0.0110974192848856 -0.00377568409931204 -0.086969758214223 -0.0114038154432555
-0.00527275390392576 -0.0208046800014612 -0.031587050619023 -0.217353086378627
0.0238399789103118 -0.0249104007005684 0.235834638008867 -0.19971704790313
0.0296153783193603 0.0236391290254685 0.393566200828376 0.157410027807563
-0.0146531888930531 0.0334737288525324 0.0420899089017493 0.479253473878833
-0.0270969384477645 0.012986137006209 -0.263850217640351 0.255163605338214
-0.0294792617852236 0.00195291468013931 -0.0299555411744703 0.0629413401203845
-0.0234509919453597 0.019115168368161 0.29014278492916 -0.157051593548226
0.000949379189105339 0.0252367988979833 0.10209103529371 -0.487133220902578
0.0237910343342711 0.00283570010041413 -0.365699934486248 -0.298146723930258
0.0110751366952334 -0.0301232834414254 -0.323133396088738 0.176775677879514
-0.0142823058343183 -0.0192395509375471 -0.00558553063013217 0.255360497612555
-0.0076763246774685 0.00149424885247729 0.0935925388949823 0.0630305104688899
-0.000876733831678127 0.00725931543953501 0.0277352566586219 -0.104654563445627
-0.0061787368366658 0.000143726162363636 -0.0135360963576899 0.0975032293502544
-0.0090110868899239 -0.0039073855227039 -0.0849029809830533 -0.0102119862664202
-0.00424515602531986 -0.0205432332126066 -0.0330251063844368 -0.216631288950365
0.0206101364136745 -0.0229492582623893 0.23292817699338 -0.201258095379434
0.0251750205066019 0.0216096289309558 0.390450390435102 0.156584723798878
-0.0160011880418679 0.026115659040738 0.0431618999659403 0.480968016249786
-0.0195130074472241 0.00507427926225413 -0.268122758902795 0.260179742694126
-0.0193955543240164 -0.00244336035960169 -0.037138020209102 0.0648842542157408
-0.015375942925678 0.0128121584531374 0.285000158268917 -0.152435507581055
0.00144945634026839 0.0168580410220358 0.101990922092639 -0.483229387428871
0.0199446536584856 -0.000724568305089622 -0.36658126914416 -0.30107785834197
0.00789290145109271 -0.0285684463252721 -0.32611613835166 0.176368324856895
-0.0138666306865343 -0.0186464740296444 -0.007060763978546 0.258178153643347
-0.00567020228819307 0.00194835251876877 0.0945025783629559 0.0642937866183946
0.00336971129186253 0.00788841642457727 0.0304259475466974 -0.10535816207328
-0.00139182077578907 6.28308038227965E-05 -0.0115849963560035 0.0972441319426935
-0.00636273812550143 -0.00248655219767377 -0.0834467707601977 -0.0114261679893705
-0.00307252124851053 -0.018048971977569 -0.0317105953709514 -0.217469009242718
0.0173793494067973 -0.0196725953510264 0.234489451500063 -0.198620295448941
0.0195619982768739 0.0189773159903604 0.38881526557941 0.161579374261085
-0.0161161137904596 0.0156027214812751 0.0375514148773744 0.48383534829989
-0.0105239776277996 -0.00376920015194167 -0.272431283749496 0.261136168176134
-0.00748008737586709 -0.00692383862931032 -0.0393849185774049 0.0653051209971383
-0.00591598780448405 0.00521115557992069 0.281089654632854 -0.154114096421637
0.00286658222222765 0.00722912832792159 0.0940126851355141 -0.481847456854132
0.014684312018748 -0.00488559601852961 -0.370557079854477 -0.292533536998737
0.00318358542349234 -0.0269540087566035 -0.326009269151508 0.181123498962224
-0.0142875331496922 -0.0151356707577022 -0.00423178104158384 0.257703888274551
-0.00283009816191669 0.00403214518713126 0.096166565506814 0.062691695455634
0.00739383961192089 0.00876482610473009 0.0328988244564631 -0.106518884104481
0.00338012757049567 -0.000265168743282911 -0.00969385368189915 0.0977320635271677
-0.00381562285956792 -0.000866639487001367 -0.0815322398379819 -0.0147427644108627
-0.00133227124239499 -0.0141926426548279 -0.026875158132455 -0.22051212355258
0.014768677483957 -0.0151756937322647 0.23920096522062 -0.195538616571883
0.0138921343119306 0.0158366833711199 0.384096844136088 0.173330104429912
-0.0169443760340455 0.00430137118869107 0.0241700178787898 0.486862656163668
-0.000732105739893745 -0.0133645213723443 -0.278460403407607 0.255742600577904
0.00552310071761352 -0.0117796710784957 -0.0369134271921286 0.0633041316965838
0.00456080858397845 -0.00264852971657653 0.278275194570983 -0.160770656141622
0.00436842470046927 -0.00372046672901342 0.0815448496779208 -0.482815543935687
0.00976130637872333 -0.0098898609260786 -0.379294530568441 -0.281668112623801
-0.0009157294929732 -0.0235877078907186 -0.32134123115866 0.188389019714783
-0.0138492148303007 -0.0110712146001397 0.00089473698931858 0.256374450360995
3.67385193170231E-06 0.00718820376042578 0.0978288900187465 0.0584247300267481
0.0126354384461485 0.0096267427629748 0.0346282607550576 -0.108172056926118
0.00626513296970612 0.000231940538478499 -0.00925585964878654 0.0976680057761394
-0.00131795271265823 0.00105566980308653 -0.0805026386572116 -0.0199096437857068
0.000485386829130634 -0.010334371855328 -0.0198510163931582 -0.224989613128276
0.012474016856527 -0.0104241623442751 0.248391146345581 -0.187341272810606
0.00961380304689606 0.0138041961506417 0.377930034047575 0.189625632792226
-0.0165345099910048 -0.00509293130939734 0.00660028168375236 0.489433043128322
0.00709706468541408 -0.0204920680586616 -0.2821381980461 0.24581451286235
0.0156056530595602 -0.0143007711617035 -0.0277257316802723 0.0596579519036645
0.0118602431638387 -0.00911351465473602 0.278362113059433 -0.172775806624359
0.00573788223461618 -0.0125788624454431 0.0597016695159948 -0.485947836913052
0.00545782017170969 -0.0134258750046334 -0.389962901401256 -0.263752586300615
-0.00476094231806079 -0.0203106800757639 -0.310873691044333 0.199434689457241
-0.0137033901430163 -0.00607468909171733 0.00990465674384766 0.252580080248659
0.00281489560381212 0.0109476030786504 0.10057227979007 0.0520893271460028
0.0159965734705328 0.0110126814931273 0.0354080275101335 -0.110054713318827
-0.0139450210264817 0.00213209417985546 -0.0216163907607803 0.0933436550536706
-0.0111111477448713 0.00107765686290495 -0.086241494088417 -0.0247157095218597
-0.00166259738290188 -0.014342723412523 -0.0142441505431555 -0.229222982169335
0.0273560265202488 -0.020324609367582 0.257637537167633 -0.183323129097603
0.0326204189469263 0.0277655345380502 0.380017807942998 0.191787635430509
-0.0149630530649537 0.0359509109294929 0.0018760644033946 0.47055234539484
-0.0312687679542211 0.0162821889742428 -0.257132892239529 0.218860022774535
-0.0361085282072762 0.00613828098099547 0.0082783216060699 0.048719555936217
-0.0254023266638515 0.025781248409933 0.29834239074602 -0.190471577631063
0.00648449811226665 0.0268017391596992 0.0570911678461715 -0.49513340166979
0.0274933852693936 5.5783624544262E-05 -0.381250945486214 -0.25547095425123
0.00992092155956664 -0.0260125864823913 -0.289220344983496 0.196707181851607
-0.0137086909685104 -0.0102639623392731 0.0165014420472488 0.239250959567938
-0.00711050721533093 0.0070491145883624 0.0927794243196888 0.0467111927380269
-0.00280105638574752 0.00881537160052642 0.0208344045243451 -0.105919284411143
-0.0147115721837497 0.00179486859878556 -0.0201959544809735 0.09386901830117
-0.0122147246565319 -0.00105533937383811 -0.0872047492212481 -0.0184483353319755
-0.00329988695329842 -0.0176719843193925 -0.0218183459563556 -0.223829561333783
0.0275133782502435 -0.0235568334264055 0.247324667649266 -0.189661911669332
0.0341304762500935 0.0272536421316444 0.384611258570421 0.176620647671301
-0.0145582509389981 0.0390689609989602 0.0188475073944979 0.470135444530543
-0.0331783886288994 0.0186316302625563 -0.256400996388055 0.231521235659394
-0.0388741904819782 0.00617963417898384 -0.00428492311255654 0.0537254129397144
-0.0288936756625977 0.0262393489093725 0.296116892516769 -0.176517184480236
0.00380571994388753 0.0300557700862477 0.0760347374889804 -0.492343957938813
0.0280992534901771 0.00328027825164349 -0.371956115045397 -0.271936216911145
0.0119986654636222 -0.0283187372540151 -0.300103205184923 0.188266270389255
-0.0133468677817405 -0.0143219721463842 0.00772936258715922 0.244221678556264
-0.00851804792660748 0.00464136580119504 0.0922445145944914 0.0528563653244447
-0.00411527482192618 0.00798350614610923 0.0225467427269835 -0.104680381215767
-0.0131607118210965 0.000969545325734669 -0.0183947213658555 0.0942449126071912
-0.0117728556721835 -0.00298224690332529 -0.0868017959126679 -0.0143373476409328
-0.00494130399177556 -0.0201312853722077 -0.0282284159728483 -0.218827064317553
0.0256641946673082 -0.0251513246787947 0.238781981862146 -0.195337320188857
0.0327757365488958 0.0255138248383388 0.386752831193343 0.163010508807232
-0.0143104396146168 0.0386767007751719 0.0335962249420815 0.471454792694328
-0.0311134999173527 0.0179075468550893 -0.256751047496173 0.24238901683656
-0.0363699698670428 0.00520295473051897 -0.0175156095785735 0.0584102160040008
-0.0279455531795991 0.0241885485393734 0.291372534939059 -0.164198888664188
0.00196899253154156 0.0296606592035194 0.0911291676973626 -0.486600626752675
0.0270246669720013 0.00383787540513723 -0.365508184849952 -0.28490927950445
0.0123939626359159 -0.0295515841980401 -0.311269266742338 0.179704703598859
-0.0135479698119675 -0.017521659568271 0.000192408229614597 0.24897698281304
-0.00827026162318089 0.0022443883967686 0.0913352928196958 0.058331179598626
-0.00300185646078224 0.00754748057267541 0.0246204028302268 -0.103928263127319
-0.0104777596439059 0.000522878076346324 -0.0155279212707844 0.0949303034034139
-0.0108156871448599 -0.00338261206881926 -0.0861198634492264 -0.0113841522665711
-0.0050458199082013 -0.0208724510543061 -0.0324385006892418 -0.215027679082506
0.0234129545974421 -0.0252198750460086 0.232037123026049 -0.198118017337087
0.0292986795702186 0.0234157132860379 0.386965067740217 0.154732957549646
-0.0149477577556014 0.0333840831305081 0.0426184787146649 0.472796061549126
-0.0262883411284153 0.0130338261469982 -0.259850080998773 0.251470956264781
-0.029340239868122 0.00184338302118823 -0.0294978803279525 0.062420881328716
-0.0229462694412098 0.0186450508469403 0.285756897093068 -0.154183681224313
0.000657297009692793 0.0244199624006479 0.0999595541188627 -0.480620676890041
0.0236294209542575 0.0029500559116841 -0.361158015368757 -0.295055557407043
0.0108866140515575 -0.0293841125526576 -0.318751203804143 0.175096539823808
-0.0134125738482982 -0.0190246008469375 -0.00489595697393926 0.252233758671798
-0.0073240312704559 0.00153932308158574 0.0925145851777095 0.0621818933320972
-0.00052053078200693 0.00713127045504829 0.0274571207836257 -0.103363940346265
-0.00650313927874516 0.00042590663886981 -0.0130293195223657 0.0954476213979247
-0.00870085728358587 -0.0031710883145517 -0.0839547674935951 -0.0100562406058976
-0.00428477273473961 -0.0198484601424262 -0.0335754337866618 -0.21435636307724
0.0196817902162812 -0.0232607325854188 0.228676517452029 -0.198407052235425
0.0249487248479548 0.0206105589339409 0.385285010190144 0.154387929885065
-0.0155265512023805 0.0254487740688594 0.0435423510728069 0.474549531841903
-0.019158998757425 0.00531026334980057 -0.263908817938885 0.256342367129871
-0.019055871505094 -0.0023520073078328 -0.0371330450883557 0.0637327679325823
-0.0152882994597561 0.0121281683288754 0.281438501080228 -0.15075472342543
0.00103782331196841 0.0161633473285627 0.100207329947219 -0.477466147576428
0.019800269726933 -0.000242678187517789 -0.360879970709808 -0.296225280222873
0.0078419287930478 -0.0282482237143279 -0.322046233096519 0.173760467261941
-0.0137847703691598 -0.0181790912958964 -0.00604750256786299 0.25376481858016
-0.00546619730105793 0.0019266256393396 0.0937372376509034 0.0633404458598351
0.00308491827349587 0.00737966192584652 0.0303921381479455 -0.104205530852545
-0.00177800163944782 6.20295869287488E-05 -0.011266578925439 0.0955087604343194
-0.00626235157185943 -0.0026306883346136 -0.0821435925305777 -0.0115141311228786
-0.0035142851182078 -0.0177222064848136 -0.0319171743012225 -0.215140936197138
0.016790516271686 -0.019582968254277 0.23041004400325 -0.197178633639582
0.0193330353166318 0.0181638214906432 0.382605304845637 0.158332793501716
-0.0163997758492086 0.0158382952636977 0.0368976440268894 0.477634075514133
-0.0109180706599861 -0.00377675757831517 -0.269624836430501 0.25612335926257
-0.00675942246712798 -0.00660612441556664 -0.0391307656865333 0.0647966041059543
-0.00593596988231987 0.00469646388087902 0.277030722756048 -0.151817943510645
0.00268995602620408 0.00698598934940238 0.0932847090716768 -0.475493724114061
0.0146930744626551 -0.0045008791239132 -0.366375200094488 -0.288807551620104
0.00368115745716648 -0.0264603853326725 -0.320987044120195 0.178756051272097
-0.0142961236792518 -0.0153940037102256 -0.00382789837941062 0.255034315302863
-0.00306849971368822 0.0040174868420078 0.09529447625173 0.061529663724456
0.00759860074887834 0.00839340216089584 0.0322608886334503 -0.104883144976789
0.00262050942400111 1.30042360790753E-05 -0.00920877410418347 0.0956495769637443
-0.00347265312824194 -0.000387571972918679 -0.0805656320769242 -0.0142409541869005
-0.00119887158157134 -0.0137583585154501 -0.0274604094638072 -0.218158047329842
0.0142981211760067 -0.0151810218380939 0.234984449632484 -0.192741383140409
0.0139575627386932 0.0153640666600293 0.378133810233282 0.171182252477602
-0.0170322168247716 0.00437400460422992 0.0249385631762353 0.480498711107789
-0.000978815307521141 -0.0133689938202855 -0.274265999115334 0.25126157077062
0.00559924903509787 -0.011273643364588 -0.0363648791556001 0.0624699412355741
0.00399517858403518 -0.00301164920867728 0.27526645697694 -0.157896738071666
0.00451773001074237 -0.00402677449003587 0.0804608877280833 -0.476233358875263
0.00914300681269126 -0.00964484445226174 -0.373848314242567 -0.277086083025185
-0.000643377226520392 -0.0230153386186898 -0.316601730726266 0.186342643459966
-0.0137304204647563 -0.0108186031116907 0.00156139382085738 0.253131922683006
-0.000109434927892183 0.00727297857827575 0.097572343867404 0.0576649244553928
0.0124762644251196 0.0095905051938011 0.0338637892262681 -0.106604472441115
0.00601756789444453 2.92623835597291E-05 -0.00910826512183487 0.0965297371150134
-0.00141731773328097 0.00188737645194999 -0.0794081059456034 -0.0197014962159538
0.000570700912033049 -0.00986108354411533 -0.0200864928038496 -0.222483830164137
0.0124080777457295 -0.0112380399070961 0.24413079330888 -0.185414948177335
0.00953327746569323 0.0130976895666085 0.372476785443659 0.18622168966494
-0.0165143734231645 -0.00487617450717593 0.00601280256087213 0.482851017799972
0.00752525879233638 -0.0201864022357973 -0.278681791323988 0.241523198876423
0.0151628555981905 -0.0147865731193508 -0.0277545039218148 0.0590191363494843
0.0115859297433616 -0.00894744054059449 0.274249858948831 -0.16923587923454
0.00524768830491217 -0.0123729296931036 0.0594488050642639 -0.480195405156775
0.00548357623210627 -0.0133826424868199 -0.384203738033503 -0.259717839710836
-0.00416246911514529 -0.0201645945952851 -0.307161246900271 0.197270399646564
-0.0135067389910814 -0.00642658690565831 0.0109394658075905 0.248979023880241
0.00278969417010002 0.0103001270427823 0.0993220443363094 0.0518412431663223
0.0157899240107218 0.0107029236416783 0.0345097904600286 -0.108446872302837
-0.0140440742369745 0.00210865935995926 -0.0218429744624865 0.0920831207290755
-0.0110277335415986 0.000589134650640481 -0.0854839132673902 -0.0245878727257045
-0.0022488906123032 -0.0140522235401025 -0.0140472745485769 -0.225472820044328
0.0268655539102193 -0.0200322527893385 0.255153053536262 -0.180241715838446
0.0320559179364523 0.027133801734197 0.374887615431001 0.189457888874495
-0.0150984362462456 0.035569411675371 0.000688294440066821 0.466614931882842
-0.0311384562057018 0.0164511997504321 -0.254204595859619 0.215693484980789
-0.0357821320128459 0.00622347533440323 0.00800275291086742 0.0475818468437662
-0.0251380416787353 0.0253543325501005 0.294492425576145 -0.187034903160874
0.00607365998785859 0.0268710998242624 0.0586501088110707 -0.489307157580317
0.0269064174057414 9.66197966193842E-05 -0.375498796923574 -0.252719810410167
0.00988157325795836 -0.0256290892478212 -0.285781035392537 0.194347266774184
-0.013374972491826 -0.0097895234700659 0.0162611404844232 0.236689551715944
-0.00737651700178651 0.00686695489661028 0.0923280795639332 0.0469318181823114
-0.00308220363650028 0.00847307677843982 0.0203002761393333 -0.104610719857489
-0.0143771286232887 0.00185055264816261 -0.0206144709710464 0.0925001829521231
-0.0120546855779926 -0.00124413520057717 -0.0858148906826984 -0.0190458688214069
-0.00367311748847489 -0.0176689495745169 -0.0220674239467923 -0.22056810462343
0.026950602614142 -0.0232467811229105 0.245009507550191 -0.18787811985986
0.0332795634620239 0.0267160375582054 0.378943672106562 0.174457703898423
-0.01451796215808 0.0385285716453525 0.0178224561736847 0.465075082908724
-0.0328624124947662 0.0187591636302455 -0.253434331354169 0.227622349655077
-0.0380959991262149 0.0058088701134985 -0.00439396152151454 0.0523818681649847
-0.028379197161022 0.0263825958478649 0.292441838971397 -0.172889110123171
0.00346829453185301 0.0296293299111419 0.0771249356646746 -0.485760100367628
0.0276092494436852 0.00294227608954832 -0.366645315962438 -0.270038598303003
0.0113527319381328 -0.027954807152915 -0.297104086129593 0.185953985972358
-0.0133766030486729 -0.0143965294972119 0.00826388539126974 0.240591151279834
-0.00827166264272043 0.00411422998850595 0.0911001550363232 0.052321256092951
-0.00365125189871707 0.00796685803331134 0.0219494517547106 -0.103524322597287
-0.0136471228918434 0.00118044897854509 -0.018278695136185 0.0924868390881432
-0.0117266394469621 -0.00259618695119746 -0.0857857402072518 -0.0140501340271152
-0.00507186432756913 -0.0197589958949976 -0.0279003209064013 -0.216328965006641
0.0252701202005281 -0.0252172406353028 0.235450591707824 -0.192635542184438
0.0324838982178558 0.0251482267705654 0.381154312234642 0.162272531170021
-0.014489390631539 0.0377152798186465 0.0332344486656644 0.466520650201942
-0.0307763169537757 0.01750730692284 -0.253549535171545 0.238559061578307
-0.036026094822266 0.00463678614098997 -0.0174935114545052 0.0569723244937962
-0.02741450231548 0.0235542909123943 0.287876209318329 -0.161536922802462
0.00159142829760077 0.0292437714216376 0.0912607620805801 -0.479815850404436
0.0262157090739613 0.00391688519386677 -0.361218295447181 -0.282096853837373
0.0118787797098215 -0.0291370271521989 -0.308356409430711 0.177482006889552
-0.0136577635588143 -0.0175624581984706 0.000698758050346792 0.246116434162698
-0.0079889867953805 0.00187773081290631 0.0906342061360351 0.0577314334535067
-0.00306573494812055 0.00688754717190314 0.0243640701158081 -0.102011131360805
-0.0105797173646405 0.000467838409792945 -0.0158229520032434 0.0933884171369076
-0.0104455730092409 -0.00354410035430624 -0.0849782795826699 -0.010904849269649
-0.00509690730574059 -0.0203397608119111 -0.031958216665878 -0.212421599540215
0.0227551748719081 -0.0249454204382823 0.229157584451086 -0.19504561305393
0.0293510674496023 0.0226902951889898 0.381311091265307 0.154952658968458
-0.0145448749290294 0.0329332674787815 0.0410105414467891 0.46733648245719
-0.026046985185873 0.0126807251317943 -0.256693091851823 0.247121372001799
-0.0289693447130263 0.0017444146870438 -0.0292154721519053 0.0608573386082872
-0.0234752750262791 0.0185969719786932 0.282572583002121 -0.151389989767647
0.000539547440479776 0.0243050928572895 0.10000028669951 -0.4732261277972
0.0232086609384789 0.00261923391553134 -0.355577087814682 -0.291950596012872
0.0106998986251649 -0.0293202964714045 -0.315257512187627 0.172157499767194
-0.0132753929075255 -0.0187845283119925 -0.00475752853079445 0.248686560419514
-0.00697426668031491 0.000935059209398317 0.0912030359603847 0.0618583570505459
-0.000716130404826387 0.00724407283685727 0.0273183477470003 -0.101775603488481
-0.00664432727699208 0.000106991454988184 -0.0133086768111131 0.0935645555181916
-0.00866092688136179 -0.00318003675807426 -0.082965792503594 -0.0102884674999953
-0.00467033087514824 -0.0196005356422968 -0.0334179378538109 -0.211474307125797
0.0194720302076876 -0.0227617904261125 0.225290840101444 -0.196214768291292
0.024572333697151 0.020271101838564 0.380262327005096 0.15255458520849
-0.0153334310398229 0.02504393979843 0.0416064501140658 0.469894601480247
-0.0190946623459525 0.00502992359510058 -0.260704857172045 0.251581861732619
-0.0189732941781594 -0.00244997444987522 -0.0365342483977536 0.0629920469554987
-0.0152299564567111 0.0119702094316343 0.277444077432909 -0.147574058546308
0.00119693213948472 0.0166921859022543 0.100504054642541 -0.472137321434405
0.0185976343436503 -0.000151918964475927 -0.356713140910223 -0.293531594035167
0.00796000129565009 -0.0280979465128436 -0.318979078550856 0.171432216067997
-0.0134682949998921 -0.0178302658520221 -0.00586619357934518 0.251046351051686
-0.00550907266906629 0.00168461240102271 0.0927507036794987 0.0630405058205997
0.0034748608683426 0.00736798036105939 0.0296609931625188 -0.102185597078185
-0.00249332651887017 -8.84415798555314E-05 -0.0112326312370085 0.0943174660395562
-0.00650600932770537 -0.00260396123414008 -0.0815708638889308 -0.0116583940757826
-0.00347251407035131 -0.0171094764502182 -0.0313664471050808 -0.212478049453007
0.0166834346228855 -0.0191747444059239 0.22737341917041 -0.193925267117564
0.0193918896191508 0.0176608140212969 0.376746547091676 0.158080080946652
-0.0162707913056124 0.0154743728572944 0.0368467112891715 0.472190839585271
-0.0107426315143456 -0.00386072669738418 -0.265668980404081 0.251831351636262
-0.00701959679113203 -0.00675864875377792 -0.0388299665715109 0.0635428041836164
-0.00590462433088725 0.00500681121648545 0.274363214666234 -0.149156171946782
0.00220654213860361 0.00685920480914199 0.0926647584004022 -0.469031062307422
0.0143941917022087 -0.00468873084468913 -0.360484895378163 -0.285794851391576
0.00357187989488274 -0.0260311715235254 -0.318410658261374 0.175973102418319
-0.0139867928562609 -0.0152178744358776 -0.00398041778302445 0.251383394711539
-0.00295273121768146 0.00339535019808419 0.0936665327398489 0.0613150461287756
0.00751327712843787 0.00802034676543886 0.0322947197152676 -0.103331360196915
0.00257424300432183 -0.000141931989675561 -0.00952574617516335 0.0943116689037453
-0.00341732944182331 -0.00052939303166587 -0.0796432904130878 -0.0145845712213254
-0.00146735161946482 -0.0137433893278658 -0.0278781769886528 -0.215387768782146
0.0133517781960686 -0.0152031640499601 0.232282639840066 -0.190119513220535
0.0138209388801998 0.0150387035488245 0.373112614794289 0.169581987593201
-0.0167318416852054 0.00462477770286394 0.0236775200808643 0.475588683161828
-0.00122768683366617 -0.0127167514556062 -0.27089412934927 0.247308736483937
0.00576371300119291 -0.0111156062212635 -0.0363488839024502 0.0614275874451896
0.00403801759583002 -0.00319846765210463 0.271680037754941 -0.155236653518392
0.00367581529071593 -0.00417967438219957 0.0798502570449407 -0.470536328368856
0.0088714631224009 -0.00943551284340348 -0.369941030499584 -0.274323862300255
-0.00101884959373439 -0.0234425715888614 -0.313320231547338 0.183775383250493
-0.0134787935107765 -0.0111582332859887 0.000994880547476139 0.249771699320644
-3.42621991789903E-05 0.00702080051777444 0.0959394122871354 0.0572977129279336
0.0119827112873354 0.00905062436354115 0.0335873439567197 -0.104789091490288
0.00570516004376977 2.03747768431556E-05 -0.00955514647858476 0.094301302866083
-0.00130242321376054 0.00182458079721228 -0.0783310640951853 -0.0190941055665142
2.4707746153884E-05 -0.00935788230911477 -0.0208687922675505 -0.220203203125567
0.0113353831403915 -0.0112236364046025 0.241182016179229 -0.183226988049843
0.0100415698883853 0.0128300761102983 0.36783091370068 0.18334035220873
-0.0160909783131955 -0.00471107719556247 0.00616141049624754 0.477896394101274
0.00729409434116695 -0.0197063923102356 -0.275617936285291 0.237782060878136
0.015161825841301 -0.0139991740075952 -0.0273443326966499 0.0577963566424473
0.0111128097006444 -0.00878166180147886 0.271168435356966 -0.166335668257181
0.00519104479290503 -0.0121381911499505 0.0599277343147753 -0.474122864457727
0.00545842693667111 -0.0130308791932391 -0.37783368376919 -0.255745152957616
-0.00437346725803416 -0.0200827684554259 -0.303632426025391 0.19492093716393
-0.0134059339022886 -0.00601772933649175 0.0110891162324176 0.24651589264172
0.00287531668906172 0.0101496136807958 0.0987017335343214 0.0518328778834506
0.0158304973898098 0.0100687458765353 0.0341247091226616 -0.106684364002201
-0.014662811384046 0.00180536944663641 -0.0218336654081351 0.0903651663970007
-0.0109029304468833 0.000318246423147677 -0.0848486990254608 -0.0246208165528276
-0.00227347755148564 -0.0140488220509685 -0.0143632014278811 -0.22371540531039
0.02620204266235 -0.0195114561750944 0.252001067369942 -0.177778631749873
0.0316667719538578 0.0267080183373488 0.370005287545206 0.190290018476437
-0.014606741985068 0.0350105310361699 -0.00125473537572704 0.460325327854066
-0.0310647743779845 0.0154554299147713 -0.252615368389095 0.211656298736089
-0.0357228620959127 0.00605918146562114 0.00791764600651703 0.0470947066727352
-0.0251253107908687 0.0249217636847122 0.29268807105265 -0.183093092325561
0.00567421241094967 0.0262857380430423 0.0604440338266157 -0.484577727595847
0.0266903051889969 0.000564271826228578 -0.37046220451106 -0.25284856140701
0.00952344847631085 -0.0251149385706885 -0.283828735946693 0.191586208498197
-0.0129440269383068 -0.010253738370232 0.0149803211401376 0.233891220744807
-0.00712757656304228 0.00653220206342917 0.0909578778538401 0.0467197781351816
-0.00288824765948087 0.00828467442793905 0.0212513833943503 -0.102544750105089
-0.014854913744241 0.00124653168096967 -0.0202943875927288 0.0906997080478237
-0.0115381137247752 -0.00115121986769627 -0.0852872479402048 -0.0192944983534179
-0.00386773981944641 -0.0170268818569824 -0.0216174326385335 -0.218131078083581
0.0261116242902089 -0.0232182014497956 0.24268011425307 -0.184608204400667
0.0333884886122952 0.0263461115962317 0.373811248582306 0.17364835317714
-0.0146036852951016 0.0383601365039689 0.0160293644781558 0.460385278278593
-0.0324395682939777 0.0178705323094385 -0.252827201051142 0.223725171939378
-0.0376954340151327 0.00631668891321455 -0.00506896053441117 0.0518451440071428
-0.0279900470963411 0.0249760911761112 0.289886376304672 -0.169730636819709
0.0029310602328129 0.0296525552478136 0.0770709992179895 -0.479448921944884
0.0273603843972026 0.00334479222259366 -0.361300850318521 -0.268650986052372
0.0115078897998987 -0.0278837149379309 -0.295260519630453 0.182435865767689
-0.0133699339875054 -0.0145401480524821 0.00721413204199444 0.239271549417961
-0.00841640980798963 0.0040981893678251 0.0900319342245276 0.0529300153812852
-0.00341635152496009 0.00732805317730935 0.0228043008617927 -0.101834874364913
-0.0135046432571326 0.000559007431577057 -0.0184922959619308 0.0909463442143284
-0.0115680268900161 -0.00311728545741586 -0.0843770197829573 -0.0148484982530424
-0.00513897183046168 -0.019433594196999 -0.0275765149080802 -0.213822525635406
0.0243582995236637 -0.0249783819474076 0.233187306047759 -0.190200210251894
0.032319236660782 0.024866231371878 0.376668953692333 0.162856072766369
-0.0141325917613823 0.0379099096139305 0.03081401040674 0.462023283881069
-0.0305403664655804 0.0173155882826126 -0.253062562444873 0.234380868168899
-0.0355502498041482 0.00483711399422324 -0.017467889591824 0.0559537196237748
-0.0275692153740389 0.0229144581906547 0.285735805452899 -0.157109406523348
0.00137644332996045 0.0283006184557052 0.0916219067851552 -0.474719257137592
0.025896414027662 0.00383090422801406 -0.355679416527206 -0.280650730434541
0.012016198081265 -0.0291200917582785 -0.305618821633154 0.174389117626695
-0.0132254078548005 -0.0175670485818732 0.000239174671128553 0.243637050852307
-0.00822605206872767 0.00186563332765846 0.0900957126451565 0.0579696071927083
-0.00312891366354049 0.00672218362151552 0.0246526624082547 -0.10092967674099
-0.0110046789325693 0.000184073697250957 -0.0163866299292635 0.0916961286076309
-0.0104557449775843 -0.00372109212682988 -0.0841437928974801 -0.0112859661217395
-0.00516912315615712 -0.0199639460574228 -0.0312038404423027 -0.21032057627509
0.0221347001130918 -0.0248576628182233 0.226673502921343 -0.19262261089392
0.0290608748398628 0.0220962290911229 0.377331169976391 0.152691427865817
-0.0146848238313686 0.0329445662181454 0.0382276490695925 0.462589017295192
-0.0261614813077877 0.0120792828397972 -0.255251972913597 0.24309850092736
-0.0285533701208936 0.00155469720674538 -0.0289908729276065 0.0597098972796002
-0.0227344343116903 0.0181642272921957 0.280617368847254 -0.148043871313586
0.000115348947794358 0.0238265972684851 0.102001078268894 -0.469066907034358
0.0226407975425904 0.00272082850371472 -0.351340992961323 -0.290157412190247
0.0107200833108333 -0.0287203441381982 -0.31278014050457 0.16933387882896
-0.0133052481982569 -0.0184117364498881 -0.00518553908556025 0.246128048130831
-0.00667432400257648 0.000584429240751586 0.0902127252534956 0.0613042036144723
-0.000700122239138541 0.00649794221470476 0.0278743117540602 -0.100382731464039
-0.00701930872458166 -0.000166067442578734 -0.0135227081819224 0.0919172459530744
-0.00840131108424117 -0.00324814204938215 -0.0823946799255049 -0.0107407378287717
-0.00451824935026006 -0.0192487591584779 -0.0326366950773499 -0.209240476935069
0.019053001401544 -0.0229341523028022 0.223754003468377 -0.193410456837943
0.0246289326190245 0.0200037457322727 0.37523837221313 0.151941518533531
-0.0152913033873482 0.0252185128056168 0.0400209828997775 0.463297325141509
-0.0190191201880735 0.00466537455644081 -0.259396122492722 0.24803513699184
-0.0187541081466836 -0.00216505161109585 -0.0368644969303079 0.0616404744508491
-0.0151306919632906 0.012094813449437 0.275711296139647 -0.143844694798822
0.000580379672597189 0.0157784069948464 0.101245885929652 -0.465494747651712
0.01893433772034 -5.99156545871143E-05 -0.350688371866517 -0.29184663236654
0.00776286119505655 -0.0281820944807752 -0.31609098388529 0.16835044707179
-0.0134266013221523 -0.0175557394537757 -0.00597595069045896 0.247779987289766
-0.00521186713355844 0.00137168896796195 0.0914773519950671 0.0625583191148073
0.00338799847506255 0.0071175295292918 0.0302107593129312 -0.100876838297323
-0.00229023760801725 -0.000233559468426965 -0.0111656741474342 0.0923002054717847
-0.00635805035348825 -0.00234652288581859 -0.0803646440510815 -0.0116818357055462
-0.00350836795603306 -0.016911892336918 -0.0309426976826216 -0.209599883906668
0.0162115357350695 -0.0194296469602867 0.22514010099043 -0.19166611404298
0.0194077091674571 0.0175948339376183 0.373175099172673 0.157514793991882
-0.0164980769907192 0.01559753719002 0.0348711355893032 0.468223692054677
-0.0104318520132551 -0.00374910968150753 -0.264424432879907 0.247276243779172
-0.00667094507914523 -0.00687126792260975 -0.038805422054366 0.0619329003862703
-0.00605418993095814 0.00447923554484829 0.272107888765918 -0.145287110319581
0.00181426165393184 0.0068313616167073 0.0941884160548119 -0.464664389855768
0.0137617087987584 -0.00424485510923796 -0.35577424377895 -0.285862702180765
0.00386421471543152 -0.0257291508269108 -0.315751241026127 0.172843045312258
-0.0133823670079752 -0.0147740559321346 -0.00393899583540048 0.248312892357129
-0.00254303112966779 0.00317763025813406 0.0931348028532615 0.0611024973164684
0.00748092567928219 0.00760847559528306 0.0321928388438051 -0.101982689955324
0.00210532245941631 -0.000406923464617802 -0.0100931909110811 0.0928091175755093
-0.00311720516544126 -0.000611343942935158 -0.078648443917795 -0.0148530853214125
-0.00158422274120009 -0.0136798567344883 -0.0274251758459166 -0.213269228844901
0.0130556049137762 -0.0149122620995007 0.229699724899184 -0.187928162421725
0.0143109620965774 0.0145204281670348 0.369216900745835 0.169223536666927
-0.0164786307485357 0.00446900441912366 0.0221360459217969 0.470879848255116
-0.000843958059162635 -0.0130762112341171 -0.269073018988363 0.243026230001906
0.00610293739414819 -0.0111621849265899 -0.0359650401735107 0.060416252307431
0.00426847005794197 -0.00319012365479167 0.269261808356117 -0.151526275861609
0.00370986194379137 -0.00414694545589436 0.0808988080120118 -0.464744885351842
0.00870722774950825 -0.00926649661444931 -0.362352686200424 -0.272831529858094
-0.000433856447523249 -0.0233251358567215 -0.310975378424808 0.18080166691601
-0.0136940637274918 -0.0104684465481775 0.00106314507555539 0.247400528725328
0.000144697956373069 0.00679496280845103 0.0956245824047583 0.0576419358980716
0.0122867184962695 0.00863615794609119 0.0342711168008548 -0.103325739683291
0.00512167348134678 -0.000203150331660344 -0.00958100033914347 0.0929443401523441
-0.00103165402152533 0.00185903280928138 -0.0777982694918683 -0.0201174172180034
-0.000144784303424493 -0.00946412373302764 -0.0198843806794241 -0.21729107161421
0.0107013923466622 -0.0111408851692188 0.239654008133095 -0.180688831750718
0.0105461800650114 0.0124292418795989 0.363612317785955 0.184864231783889
-0.0163723458193045 -0.00454817866816642 0.00299437831983207 0.473218289287846
0.00705962978760696 -0.0196830646257011 -0.273606943212477 0.232861672955951
0.0154605388599758 -0.014150809612293 -0.0275449812960131 0.0567239554822064
0.0111978178779386 -0.00879077285763692 0.26887110436318 -0.162665195347777
0.00487485108977838 -0.0119974581067691 0.0619461918439531 -0.466959934096613
0.00510722025149958 -0.012915608816179 -0.374443725528527 -0.255699926534972
-0.00421919611161195 -0.0200058361213198 -0.301018346622858 0.191596126201662
-0.0130679818001603 -0.0059788158958435 0.0104112078292298 0.243724676429982
0.00284713407045919 0.0101882734852744 0.0976090932535931 0.0513466857487614
0.0155435040464628 0.00988677393115004 0.034550607559237 -0.10496070811767
-0.014129643714294 0.00177879408632409 -0.0224895635802653 0.0889212805890674
-0.0104956345489454 0.000710611751788186 -0.0837662335968771 -0.0249134597764619
-0.00205438496120649 -0.0134842815529905 -0.0133732189523019 -0.221344772141878
0.025856085427355 -0.0194127056735511 0.250745605355467 -0.175160496882821
0.0318200461847305 0.0262597154661735 0.364668236266091 0.190881769652508
-0.0148252147852863 0.0348612648750002 -0.00293159059440098 0.456547025536873
-0.0309335297207894 0.0155980812208386 -0.251536100842173 0.208293198338854
-0.0348726413678167 0.00540426874111811 0.00748543505492569 0.0463153769217156
-0.0251519684407382 0.0244865486951739 0.290723799955547 -0.179060417240065
0.00544478937579825 0.0260996061839418 0.0621116180098318 -0.478892543756172
0.0260789752249311 0.000837032818186954 -0.366850547183007 -0.252618497603327
0.00974356693676896 -0.0254408559254478 -0.28241163787201 0.188448010310769
-0.0131914746576848 -0.0105750275120077 0.0139710256261406 0.23229325057113
-0.00649414354789911 0.00651307421686711 0.0895978731824975 0.0469766896865677
-0.00306574378705021 0.00774035383847823 0.0216650656661395 -0.10152167136074
-0.0149444321194353 0.00136332369861146 -0.0212454042931631 0.0893654733835649
-0.0115657871971457 -0.00111498310780031 -0.0840490028475403 -0.0196529088187533
-0.00341388441279336 -0.016412298561421 -0.0206510693014166 -0.216938674412776
0.025524055408357 -0.0229074728078862 0.240879644199957 -0.181428092883797
0.0327187572805678 0.0257793561618359 0.370010528666684 0.174507524834907
-0.0147807045989383 0.037743175336891 0.0128471270203424 0.457392506049447
-0.0322837944640911 0.0176706344910666 -0.250830108062527 0.219537551152
-0.0376028453154059 0.00549917648817778 -0.0051154348310704 0.0511135020347364
-0.0285548434659723 0.0246269948414118 0.288331814623084 -0.166193382071482
0.00244160159774231 0.0294202313164254 0.0801687573616637 -0.474076049449838
0.0269597218778969 0.00340813839971645 -0.357262921596171 -0.268754248238782
0.0118760719334827 -0.0278821219093827 -0.293959131696346 0.179327587330045
-0.012980790217489 -0.014620710747671 0.00636598315766558 0.236596985696276
-0.00790796280541983 0.00368159204842352 0.0893925603861743 0.0532993301271473
-0.00325337539764888 0.00705085768353581 0.0229715992781729 -0.101037680117194
-0.0139877167890464 0.000806880994345127 -0.0190805936534383 0.089527396449476
-0.0114519222111362 -0.00254844124920916 -0.08371651638722 -0.0148361584192023
-0.00522605720335693 -0.019048267924997 -0.0272630325599339 -0.21240972532446
0.0239126020684564 -0.0247033889631799 0.232145987980628 -0.186969799846338
0.0318899232642544 0.0242259100305357 0.372178313095095 0.163102090298714
-0.0143801520980868 0.0369298371670526 0.0272307773459906 0.458599994705996
-0.0304632854783752 0.0167034135908726 -0.251600293681481 0.230693186813681
-0.0351321206046953 0.00422417042267164 -0.0178462159795374 0.0552601571148353
-0.0273233192410601 0.0226058823425522 0.284143544956563 -0.153880563727877
0.000749185479674466 0.0286692254564767 0.0944271540908811 -0.469679686432429
0.0256136003595906 0.0037765022738953 -0.351123851848687 -0.281198397536882
0.0120193761320652 -0.028958498884276 -0.30379980050518 0.170981009491432
-0.0130682917190183 -0.017596284974912 -0.000967225353674218 0.240833660249314
-0.00798225468217976 0.00117237489607862 0.0886907702566535 0.0582758765925329
-0.00290914024068731 0.00660956742762138 0.025134366791015 -0.0993002208385342
-0.0106585556814142 0.000639653669351537 -0.0168188674779082 0.090467548173326
-0.0105951473522071 -0.00313832591102152 -0.0830962477346974 -0.0121384362220113
-0.0052597021540511 -0.0195888914564585 -0.0302672601661615 -0.208749582688693
0.0215443950956298 -0.0246676778490983 0.225680085506034 -0.190118257092894
0.0290186382443297 0.0223055170821783 0.373011177611362 0.154366359841497
-0.0147819853402398 0.032565318935709 0.0356451749485781 0.459426388560625
-0.0259205860056616 0.0119070440208716 -0.255100931199806 0.239584946018645
-0.0282980924637416 0.00129730250856833 -0.0290041578699345 0.0587787487258069
-0.0229861673273009 0.0174102777089548 0.278503544657124 -0.144503455158971
4.12889059068708E-06 0.0240384219591044 0.103676723425906 -0.462508630761676
0.022447093775568 0.00305961909444328 -0.346025132153178 -0.290420558401567
0.0107331501047724 -0.028808122506206 -0.311044657048759 0.166287505960052
-0.0134261802476251 -0.0191275417607231 -0.00632823526129666 0.244394331968736
-0.00711168251758167 0.000648393597616938 0.0890623737465512 0.0616893119342088
-0.00050467862778569 0.00642683300257711 0.0278984664490339 -0.0989566066640577
-0.00717995581181095 -5.80274999537419E-05 -0.0141268241641545 0.0903961433050843
-0.00869960828784134 -0.00300612687253502 -0.0812668845240412 -0.0106872515844062
-0.00454294317863631 -0.0190115410522837 -0.0317713299215498 -0.207140268545324
0.018685369379603 -0.0226857273717517 0.221895096338163 -0.190525546124785
0.0245249323118524 0.0194509715244697 0.371134514583744 0.152120152095229
-0.0154137441965068 0.0247551920148461 0.0373995561121302 0.460511337049526
-0.0186144554978717 0.00472897785148512 -0.258968446772524 0.243775110133314
-0.0183410610103597 -0.00241934913988159 -0.0368326966597287 0.0608278850997121
-0.0153302036171429 0.0113439185842329 0.274109026337834 -0.140751775669365
0.000151681298759566 0.0163322229014708 0.104123926140975 -0.458974737268122
0.0185413258032722 1.17842751563273E-05 -0.345792769668173 -0.290602460805434
0.00776757902510727 -0.0272673965152507 -0.314351891474353 0.165274037416413
-0.0136437060228298 -0.0180331243379068 -0.00723542620291884 0.245961435056577
-0.0049284313783937 0.00147601884577653 0.0906043740024904 0.0625716454263584
0.00339255387624866 0.0070274990457504 0.0306936530248849 -0.0995833676998178
-0.00303985463159443 -0.000530783011808104 -0.0122392584365874 0.0915603450657236
-0.00580620239844272 -0.00222853236882703 -0.0793292976205896 -0.0120874769434071
-0.00346369909383818 -0.016956900339473 -0.0301203809959124 -0.208083372925157
0.0158413065245432 -0.0190977357459468 0.22426788114522 -0.188279152509393
0.0192995700385392 0.0172047755564457 0.368044849836125 0.15872300783018
-0.0164252290255186 0.0158039172173559 0.0318826397379572 0.464406203396166
-0.0103382449916503 -0.00388693575008232 -0.263491882994158 0.243135102749041
-0.00652867709225798 -0.00673101306076025 -0.039625230671781 0.0608776912268763
-0.00600044217586061 0.00409555377345976 0.269560493951908 -0.141702015170505
0.00158630653247123 0.00652257280461894 0.0964761651280093 -0.458782987837443
0.0136854546077972 -0.00432445190175752 -0.350552714081511 -0.285386392638018
0.00382407085282178 -0.0258740870323331 -0.313974696740656 0.170175934253936
-0.0136238826772552 -0.0149820734388193 -0.00470457780137521 0.246128272771036
-0.0024534252961097 0.00342569834298698 0.0922096441856374 0.0615434162938153
0.00732505100936961 0.00739475727583106 0.0322632317126208 -0.100118004482809
0.00156421948534437 -0.000495578171630206 -0.0108960172418166 0.0914243351010227
-0.00348020200552731 -0.000445199317547628 -0.078294991042263 -0.0155291793908276
-0.0020780125537626 -0.012691184990871 -0.0259416171888365 -0.211516453677809
0.0127153062413644 -0.0148973782091862 0.228835885036058 -0.185000872963804
0.0138189052136096 0.0144594767176459 0.363809762186768 0.169689867218477
-0.0163802884097258 0.00423815356903686 0.0180292034752594 0.468023543520157
-0.00104070431287618 -0.0126641574602353 -0.268584304767015 0.238938098920763
0.0064394677765004 -0.0111793017243934 -0.0362012698008281 0.0587687750754453
0.00352691437518321 -0.00277635361143026 0.267726442477918 -0.147787261971654
0.00323915008976234 -0.0039778658328956 0.0844515811944158 -0.459565015824578
0.00887103335693388 -0.00921517949098122 -0.358843991847983 -0.274106432753431
-0.000359999791118012 -0.0231132527278658 -0.309404996764582 0.177428535916784
-0.0132914675928056 -0.0106422000770471 0.000778027505801146 0.245115113114076
0.000308392866408023 0.00644727064320246 0.0947100356499065 0.057602705626761
0.0123344141563592 0.00856238903230441 0.0339335032938238 -0.101815394757752
0.00447606214922767 0.000103979052740598 -0.00985053309563554 0.0918325767603064
-0.000861867656039763 0.00200781903321148 -0.0770414661444363 -0.0203609007494163
2.38275933076059E-05 -0.00938334522443479 -0.0196740165250217 -0.215533945304613
0.0105345750687358 -0.0111095341910439 0.23763424046125 -0.178451883895433
0.0100159133643498 0.0123873762469179 0.358883590636641 0.186377268326712
-0.0161346481298038 -0.00453227126347343 0.00105073929112817 0.46886914384677
0.00669160416169836 -0.0192264892986374 -0.272935005954036 0.229269752280278
0.0153891868465197 -0.0135683657362435 -0.0276811610892589 0.0557849206392596
0.0110962551772668 -0.00892244468647983 0.267258691008864 -0.159157605646384
0.00497675343436756 -0.0120073648875802 0.0639265802422444 -0.463133018365442
0.00495550585164463 -0.0129700917697614 -0.369365351696691 -0.256284814878345
-0.00418913406954609 -0.0197264206981754 -0.299635540176557 0.188531513988094
-0.0129793369912298 -0.00601204190482948 0.00932886397760582 0.24124656516812
0.00295940505157993 0.00994984100454695 0.0963457487127106 0.051537056543947
0.0158710712419563 0.00990260937147351 0.0349709692320312 -0.103798878649201
-0.0146563710578108 0.0021091259162088 -0.0233462313051511 0.087569588521046
-0.0104400457851511 0.000964461660176319 -0.0829166061725806 -0.0256303691139472
-0.00261358337822298 -0.0131444962124726 -0.0117661619887841 -0.220016823283438
0.0255216337759838 -0.0195579396163084 0.249498672425875 -0.172457719359419
0.0314472418355358 0.0261664506875528 0.361303374938049 0.191473317155019
-0.0150795352837983 0.0346640944473348 -0.00721980259877195 0.45412248436936
-0.03048525181307 0.014855525831246 -0.251461265822879 0.204810753624511
-0.0348767033968832 0.00499683904831682 0.00670413048125679 0.0455671225459983
-0.0254871076527988 0.0236421239685554 0.290244201770811 -0.174582378108215
0.00467343319546264 0.0263713204071253 0.066410048535472 -0.47411157074136
0.0258172887585902 0.000621480803312199 -0.360615378373621 -0.253611644644265
0.00990793259084424 -0.0252129272591254 -0.281870843162174 0.185073732348966
-0.0124218505858174 -0.0101442772782956 0.0127689477945206 0.230938578415298
-0.00663004934823629 0.00624409846124383 0.0889342590941048 0.0479327506376584
-0.00231176709462687 0.0074493428941754 0.0224120892878995 -0.100625903500805
-0.0158848016556782 0.00132302954499125 -0.0215675244812315 0.0877581306430578
-0.0112470275331948 -0.0011677053515496 -0.0836259339972641 -0.0200174450482498
-0.00370499075163275 -0.0164103497415977 -0.0194440604670828 -0.214855128116477
0.0254047265338399 -0.0224324138594637 0.240092171363118 -0.178832970849114
0.032879196019289 0.0259809668174027 0.365930892924428 0.175682347630138
-0.0148125972180914 0.0376009007305442 0.00968601869167515 0.45400591307193
-0.0322391425150659 0.0171556842591187 -0.251242400938483 0.216043718513745
-0.0372046968973247 0.00571593034603067 -0.00572039165757654 0.0502508228197951
-0.0285475343596384 0.0243664936991821 0.287709723009485 -0.161902901248161
0.00242945566273582 0.0289039469872047 0.0834708784747229 -0.469522968264447
0.026524378200183 0.00352835104028813 -0.352955234912814 -0.270305674832196
0.0119069014424834 -0.0275680393243101 -0.292825605183443 0.176568580582719
-0.0130009551757889 -0.0144722570651206 0.00527064426447569 0.234940482621785
-0.00748610149790743 0.00345838139356398 0.0883987708929368 0.0533066455846662
-0.00373931695342909 0.00692146592165342 0.0235745071506282 -0.0989304544818135
-0.0146717430634897 0.000679473151843601 -0.0193576620796033 0.0883432126708461
-0.0109960822195639 -0.00243728621713109 -0.0832109084922894 -0.0156890716701319
-0.004651671876891 -0.0188597130561291 -0.0254353966715346 -0.210748447373163
0.0239478414234484 -0.0245425669222177 0.230925801869837 -0.184667622213815
0.0316448502914 0.023969152110584 0.367986568759644 0.164621976516
-0.0145459945869841 0.037303124205726 0.0236672683988373 0.455455490680003
-0.0309487978774678 0.0162770976212343 -0.252098137661591 0.227606364610426
-0.0347658535899922 0.00396416750152526 -0.0185862560738608 0.0544533694636746
-0.0277498287401578 0.0224058486845803 0.283041743361617 -0.149744170278785
0.000164805351300118 0.0285771193309469 0.0968233309090609 -0.465190164363189
0.0250077086784947 0.00423768628831628 -0.34616108133481 -0.281391954023138
0.0125390398773131 -0.0286006126400711 -0.303217091088033 0.168167264140377
-0.0130706296137143 -0.0173327686170635 -0.00218066059809081 0.239683679354732
-0.00741662563590353 0.00117265650282345 0.0883494056154623 0.0587170743777104
-0.00276653212317773 0.00623943251376445 0.0255477372604893 -0.0978773696048436
-0.0115624994854417 0.000320228052362297 -0.0170515269968401 0.0889769769340465
-0.0100263339786965 -0.00315363736244325 -0.0822234426484136 -0.0125313072641933
-0.00534427850248697 -0.0190539907167561 -0.0295754011519534 -0.207044355250012
0.0210120112969918 -0.0244369281960908 0.224273848522644 -0.187061533287719
0.0290232563187452 0.0219077132428748 0.369475897980707 0.156059862359232
-0.0151438969046737 0.0323979861901971 0.0329457130169575 0.457526923289981
-0.0258841790962423 0.0114280687362684 -0.255081102695402 0.23599112730329
-0.0276224092336221 0.00129301566582457 -0.0295044015456121 0.0580446073527048
-0.0229232860649706 0.0173312152466436 0.277121175524252 -0.140434079104166
-0.000398147789184247 0.0239061413651765 0.105535565391866 -0.45884113508696
0.0226031577363633 0.00288547624270004 -0.342230473888198 -0.290660235746315
0.0106363955020748 -0.0283499199672738 -0.309975477029777 0.162789742632316
-0.0129100660796262 -0.0186179595315157 -0.0071958295029297 0.242201705768339
-0.00666298467247717 0.000757375062739344 0.088166671804404 0.0617227891321778
-0.000299892446417188 0.00597551294396092 0.0291570805101952 -0.0982451023239106
-0.00759952782038657 -0.000213422044804861 -0.0148386970125168 0.0897040908699353
-0.00820920479601636 -0.00378956132172689 -0.0807175252898196 -0.0116367269736892
-0.0052091456007956 -0.0185157363484243 -0.0303858088365442 -0.205886613331514
0.0185120874381291 -0.0227055895610577 0.222285885594843 -0.188138104149235
0.0242468449250996 0.0190416176306524 0.366518213358386 0.15448908911233
-0.0156278161656165 0.0248434904564805 0.0339956208162992 0.458797760829277
-0.0190805498969849 0.00467275387025613 -0.25838235897888 0.239943669911934
-0.0182482498412076 -0.00245830237307566 -0.0370538192858527 0.0601092510616867
-0.0154466122312487 0.0108922845591851 0.272624241444722 -0.13690371256383
4.40167247487827E-05 0.0161064182789274 0.106928079484724 -0.455386185478473
0.0180464225265413 0.000353708704122293 -0.341237784762932 -0.292192712764936
0.00818821873935847 -0.0273338427951722 -0.314516772971453 0.161969789080607
-0.0132222168207578 -0.0176643442783714 -0.00858798511485553 0.244321648549062
-0.00497424754237506 0.00104225406367541 0.0891392167308115 0.0632148316263264
0.00305768142817664 0.00679776816493825 0.0312232763883779 -0.0980123225957464
-0.00360978423326999 1.60776303990642E-06 -0.0126449084427401 0.0899413945330858
-0.00548051709379148 -0.00222499070844596 -0.0790341158766343 -0.0128151342731733
-0.00356338856605163 -0.0162718012755193 -0.028902998493751 -0.207004918302297
0.0153763048175189 -0.0191538113207353 0.223271942517219 -0.186104077625907
0.0191925527013718 0.0168282807928061 0.364864145036578 0.160882345610231
-0.0164890967722927 0.0154127771168337 0.0277182196132328 0.461138036489972
-0.0107204864445888 -0.00415741661570717 -0.263847194664728 0.239865859450903
-0.00663328639848226 -0.00694756788771694 -0.0393926592415417 0.0598261202150991
-0.00616394388213963 0.00405399691517969 0.268988139941688 -0.13768404503099
0.00114185913588197 0.00693198990465437 0.0998160305603869 -0.454006857103094
0.0138785196200891 -0.00384140530650497 -0.346281220186315 -0.285955943029022
0.00398154332728603 -0.0257569088772752 -0.313153359276974 0.166923817152847
-0.0133916429543857 -0.0153005489542438 -0.00608759256058016 0.24455999033807
-0.00239606677646919 0.00333479940315763 0.0911287309661823 0.0618504441970415
0.00766389447671967 0.00711494923516763 0.0330553449928971 -0.0994731473085486
0.00133230624775224 -0.000275495404983501 -0.0110737935579924 0.0902382012173208
-0.00317207105301874 -0.00053055217201258 -0.0773887054498766 -0.0160471800735681
-0.00202201252896409 -0.0128387032913119 -0.0245279022256962 -0.2099966800885
0.0122220702283852 -0.0148326976687905 0.227944946981406 -0.18275796092638
0.0137592933815322 0.0141610866020232 0.35993610304962 0.171697512772074
-0.016879520995832 0.00456819789104785 0.0156574247083178 0.46304277768943
-0.000628538845358207 -0.0128497872573414 -0.269032309981174 0.234367860374102
0.0060517146742591 -0.0106957419926948 -0.0363562459165331 0.0581820538690564
0.0037026484861585 -0.00297616731290448 0.266940881819961 -0.144312345577837
0.00310525447358247 -0.00411070622565928 0.0871319556660202 -0.454438170399036
0.00879423464636627 -0.00919838513916249 -0.35370283228274 -0.273878864734769
-0.000188507809557418 -0.0231544601006718 -0.308719378416229 0.173645009018693
-0.0133057704450081 -0.0110338829877266 -0.00057331749170967 0.243592825137832
0.000712910853705707 0.00635327622887829 0.0933291483427466 0.0580859142520215
0.0121904602256903 0.00824011501067735 0.0352865583156061 -0.100522959050312
0.00505225911519522 0.000127994340615607 -0.0110391805255741 0.0904714250946719
-0.000723350796782985 0.00202823707683782 -0.0761996851802354 -0.0210923014941169
-0.0004844401040377 -0.00865973128334192 -0.0178958199840461 -0.213822466646397
0.0106942073082565 -0.0112677267078356 0.236224027519249 -0.17543915806952
0.00986425615065814 0.0119375559028804 0.354373757190076 0.186611169434573
-0.0155895707300898 -0.00440552838892885 -0.00231581979805738 0.465584629574221
0.00730854805865107 -0.0195115674590268 -0.272376604452744 0.225366152938255
0.0155229691885942 -0.0133511007193032 -0.0285771872037701 0.0550807918000076
0.010832650545656 -0.00887820235367327 0.266970198398525 -0.155103963921112
0.00446747828877862 -0.0116016452591499 0.0679349396813355 -0.458254073386619
0.00466508395377082 -0.012998075023683 -0.365763141020718 -0.257098194971813
-0.00368165535442639 -0.0197608599887138 -0.29863245884091 0.184346187232398
-0.0130142730686388 -0.00634546332868044 0.00809610114825768 0.239860007867985
0.00300817637044554 0.00948181631268632 0.0954713692718105 0.0524081543181533
0.0153344879820845 0.0093944812435447 0.0354665968234949 -0.102285373630514
-0.0147569161161375 0.00194668261412044 -0.0239956675777381 0.0863518602575925
-0.0103547527664 0.000401567980464989 -0.08245985264964 -0.0261456313332922
-0.00234345832623978 -0.0129310451153922 -0.0112424508483854 -0.218561967991173
0.0247323641707301 -0.0192265430031643 0.249268685905178 -0.170087912372462
0.0311166361090782 0.0260479669659494 0.358068675318477 0.19449081944198
-0.0157485822119346 0.0343499966007925 -0.0105560040258573 0.452850206907259
-0.0307620241626973 0.0145077671783835 -0.252493473599422 0.201005630387596
-0.0346697119576412 0.00485136917717587 0.00609572755754687 0.0452084262143365
-0.0254722797934404 0.0234209884172775 0.290236875450443 -0.170676628455041
0.00471535572332269 0.0257793948251621 0.0703715730764224 -0.472175465125987
0.0254441042207765 0.000920734255953997 -0.358336360810572 -0.255442603810688
0.00963598258287061 -0.0252040324901525 -0.282776393772454 0.182555795095436
-0.0126328462513523 -0.0103441475365396 0.0110626507529235 0.229689710253694
-0.00670702235076271 0.00607035608976422 0.0879732595121855 0.0485238795312583
-0.00248470782999505 0.00733860621291736 0.0232476328828344 -0.0996896511938074
-0.0155052242662201 0.00132746393788953 -0.0223093209971797 0.0868334729367857
-0.0109359325396272 -0.00130306647937105 -0.0830674439759711 -0.0205923847409349
-0.00382714005725231 -0.016511533193002 -0.0181042380811677 -0.213893415420499
0.024911856230637 -0.0223993319784837 0.239964388592783 -0.176753074793326
0.0323174114582988 0.0257982562239745 0.362641389378923 0.178176865671828
-0.0150972696140081 0.0373642669693302 0.00622739570115928 0.453610984354056
-0.032354225758076 0.0170407925949626 -0.252054520946002 0.211951175237364
-0.0371379287473579 0.00476624740349157 -0.00642540668483012 0.0495620425063399
-0.0286081001436563 0.0235821561408978 0.28788494128927 -0.15756574449629
0.00164481481226485 0.029139136007047 0.0875876816280242 -0.466522797421918
0.0263850578868755 0.00356290344039727 -0.349074787767864 -0.271949808233974
0.0119701935827759 -0.0273535181035474 -0.293785833838139 0.174039056170433
-0.0126323363603529 -0.0143053573373276 0.00364563736768119 0.234346934139841
-0.0076276253733 0.00299319519359252 0.087535763841862 0.0541561948485036
-0.00344132857196158 0.00644441240351903 0.0244786648177215 -0.098467127946656
-0.0145538877670495 0.000853692574217471 -0.0204535437575214 0.0870225919485232
-0.0112087925759838 -0.00265117779721671 -0.082719664250509 -0.0158032334805451
-0.00485890836817989 -0.0184653534126517 -0.02432893143355 -0.209755889462654
0.0235592501054557 -0.0244346476002594 0.230917408221838 -0.182043797149563
0.0313458081096509 0.0244623810986312 0.366075643088191 0.167241121251407
-0.0149384621326848 0.0364905719733036 0.0209064405244726 0.454239277556226
-0.0309157081460077 0.0155878862221369 -0.252854062444465 0.223086693984605
-0.0344803199106841 0.00401224928605665 -0.0193009969484492 0.0534244472564592
-0.0278997804769364 0.0214084262263655 0.283182238775897 -0.146134391078878
2.81910065446853E-05 0.028532296957959 0.101794634641202 -0.461305475570137
0.0252723581213024 0.0041446170996323 -0.343423299171257 -0.283627331118624
0.0128676889711681 -0.0281077370108318 -0.303482920185718 0.165350232509903
-0.0125637442018739 -0.0173642744252642 -0.00432975673540748 0.237994007608099
-0.00740509718905819 0.00113951638715555 0.0870503775384849 0.0590775199239776
-0.0029437824914462 0.00573753755889904 0.0263034881418345 -0.0968966597567011
-0.0116962285414675 -2.35079715637933E-05 -0.0181547817866778 0.088319679657372
-0.00984727822858508 -0.0034504578155307 -0.0819122593002547 -0.0132006762516977
-0.00493354484226766 -0.018799258687339 -0.0289973094511947 -0.206321065919813
0.0206375877876964 -0.0241574483950906 0.225392067831801 -0.184386376844172
0.0284497429214228 0.0218608789989394 0.366072531122698 0.158036647435763
-0.0152742621980217 0.0322642093519016 0.0284322563874231 0.455507492508702
-0.0259110126908364 0.0111831433427119 -0.25504021269752 0.231997681299166
-0.0278212584292975 0.000805725709579927 -0.0303391954748589 0.0573226534815974
-0.0235403746245483 0.0163100648756776 0.276628028702153 -0.136558366813448
-0.0010745080796981 0.0234595022764873 0.11051795509033 -0.455828116587479
0.0221251461970978 0.00329200076348469 -0.33855806856335 -0.29221788800692
0.0108966108968706 -0.0284582560928065 -0.311378651696931 0.160208227445766
-0.0125174664587192 -0.0188062942367339 -0.00914256875585343 0.241039313680829
-0.00631009706093865 0.000482764145802174 0.0877813693471571 0.0627688330735753
-0.000347669291955539 0.00575042310275294 0.0295536408534323 -0.0968074014348431
-0.00814511984740758 -0.000486765004030799 -0.0153478468190909 0.088583245427436
-0.00827217700301629 -0.00292547179580916 -0.0803412366239736 -0.0125387134122967
-0.00475979101923909 -0.0183614691956582 -0.0290042979404338 -0.205075399393575
0.0178691511562176 -0.022806623887935 0.222068668031265 -0.185697505379321
0.024325386534667 0.0193415263256891 0.363715950201668 0.156766357731081
-0.0160570354765236 0.0249965842614821 0.0307608854654471 0.457426124299886
-0.0187562616499829 0.00391059294217673 -0.259600220692388 0.235806270471278
-0.0180672358042511 -0.0025293091339715 -0.0372210797269829 0.058828963190926
-0.0155992507793449 0.0106526478220921 0.272680282581098 -0.1332207548689
-0.000327179649705939 0.0159289809781528 0.11106076050655 -0.452852755058812
0.017928234578093 0.000190404227228954 -0.33773146680963 -0.293317493462676
0.00851504613393686 -0.0278967682760589 -0.31465863952486 0.158731542214984
-0.0129787599217493 -0.017802388664834 -0.0101265806285076 0.243097505392646
-0.00487225917419349 0.00109477298154184 0.0886376634814567 0.0639914405966476
0.00331280084128298 0.00623359502726107 0.0317365906067554 -0.0969092358546905
-0.00409592104428822 -0.00044487531852727 -0.0132887658285449 0.088936661143748
-0.00557292051515382 -0.00239214650043761 -0.0785086127456432 -0.0135762663509368
-0.00400071983350279 -0.0162091582784072 -0.0279392734604557 -0.206338387905796
0.0149163073930892 -0.0192862698770236 0.223666566946241 -0.183743145217805
0.019272457888231 0.016399332979424 0.361133987056096 0.162288468316246
-0.0164148664029246 0.0151074966058365 0.0240549655779621 0.459098504927092
-0.0101133905138386 -0.00406394724769091 -0.264872396188572 0.235474296489429
-0.00637278488712224 -0.00660072992543216 -0.0400830543561321 0.0589892804163704
-0.00595697871019231 0.00367694308484501 0.268821746893106 -0.134287066362509
0.000913667654856919 0.00672046103334297 0.103541130488712 -0.451983723870836
0.0136951143948366 -0.00437489005247396 -0.342619729517323 -0.286385204282547
0.00408974146296954 -0.0257000254947514 -0.313041570351473 0.163706615490311
-0.0130726469248191 -0.0152502778457267 -0.00756974882974781 0.243305964160179
-0.00251244121583148 0.00299474274106599 0.0907965796707494 0.0624784400207322
0.00787960406451957 0.00690755086200842 0.0339483294577609 -0.0980286884326866
0.000464982074155892 -0.000491031260446827 -0.0117132288355895 0.089172380824167
-0.00279334364931324 -0.000138537919593608 -0.0767113907533372 -0.0162273155853117
-0.00178317605422616 -0.012514478426639 -0.0234617715247571 -0.208593752739662
0.0119991149332534 -0.014881795191126 0.228292997017281 -0.180671289805381
0.0141208822528012 0.0135371001842271 0.356158567263334 0.173467786173917
-0.0166979406956078 0.00438713073434501 0.0116184996644165 0.46232096583829
-0.00100573138610891 -0.0126193771186321 -0.269347893692307 0.231380824326639
0.00654403645487258 -0.0105282390779477 -0.0368357005757932 0.0573119071379063
0.00368524124109393 -0.00314775794954466 0.266440881161712 -0.140275839548489
0.00282551776145359 -0.00408419932055629 0.0905232141731196 -0.451960214721903
0.00846744102177833 -0.00910674097905549 -0.350497376503523 -0.276520231576994
4.36875478977174E-06 -0.0230361074127492 -0.309185762127659 0.171407508241277
-0.0133891813848882 -0.0112408962144442 -0.00195965346824149 0.242560748051515
0.000674660857144576 0.00635170591078167 0.0927689036777818 0.0586715463065606
0.0122780312573499 0.00859456947211969 0.035745541617942 -0.099815854966612
0.00400890074479879 0.000314594324578359 -0.0118086676818342 0.0896296640882269
-0.000710644284802826 0.00192204912431201 -0.0751511964658684 -0.0214642942628943
-0.000347519741593628 -0.00841048054080797 -0.0166369758078513 -0.213273496938403
0.00992312884462152 -0.0107358834163672 0.236851974225803 -0.172521899535926
0.0098303490337028 0.0116378564259186 0.351509390523302 0.187965722823464
-0.0158803550839756 -0.00473359753452304 -0.00534498102739535 0.464576505268705
0.0073193117606173 -0.0191555904195531 -0.273396215910068 0.220918817975971
0.0156395721781969 -0.0130769266556419 -0.0283963701433692 0.0541651905983531
0.0105514875346309 -0.00905045480687758 0.265884537489605 -0.150956110469592
0.00453131877622191 -0.0117053644445409 0.0726689067207921 -0.455782779408945
0.00507571052229274 -0.0125537089765205 -0.361232322749148 -0.258988460558429
-0.0035001605920622 -0.0198771463860937 -0.299457828821994 0.181895982917153
-0.0129638005803527 -0.00619621002264719 0.00664134269637551 0.238517572663014
0.00307259025186496 0.00944397014389639 0.0950537285584247 0.0533212980245764
0.015397651928919 0.00928129271655286 0.0360247714590725 -0.100903504492354
-0.0156414894630248 0.00144833044729211 -0.0249895657196112 0.0854478567075948
-0.0103378191299882 0.000844351653975536 -0.0821013337701858 -0.0265289329838732
-0.00199070972384218 -0.012844358602905 -0.00924164345627467 -0.218095200165223
0.0248711933497044 -0.0187617415555268 0.249616835647531 -0.167512309060586
0.0309199699639758 0.0264903523280544 0.355976707746929 0.196276271017629
-0.0156884679320045 0.0344653214893139 -0.0152010957616816 0.45233621295136
-0.0303297771096622 0.0140979610251355 -0.254656806703338 0.197719685875631
-0.0346238808324587 0.00450106394826874 0.00556848154784201 0.044946639274617
-0.0258915272903204 0.0227379590505967 0.290764324177385 -0.167422415910586
0.00384186087037275 0.0261134489186222 0.0746993377331812 -0.469639468305447
0.0251788281179492 0.00130265718393324 -0.354309042401245 -0.2575893371079
0.00999874444671446 -0.0252969493538316 -0.283316212424145 0.179771474059925
-0.0128588686058006 -0.010885661787619 0.00959832253049157 0.22938355293352
-0.00634954034429031 0.00569100821121117 0.0878649812700499 0.0490906702078198
-0.00231895373959732 0.00726380077120786 0.024445471850941 -0.0984354319106158
-0.0160006311607382 0.00121806885480247 -0.0235384187784624 0.0858104439066099
-0.0110125714193604 -0.00134907057325629 -0.0829086416788844 -0.0212348176477198
-0.00381260515696196 -0.0162327391598901 -0.0168735788192887 -0.213950923060974
0.0247266911515216 -0.0226014726886858 0.240914301356229 -0.174477825201099
0.0321174059711477 0.0253813327939612 0.360403029681396 0.181830517774909
-0.0157558659034823 0.0377136288178488 0.00265434062889092 0.45270868388295
-0.0326330774847774 0.0164119936650625 -0.254089923428463 0.209201548914827
-0.0369572225011753 0.00488849584125549 -0.00691733661250901 0.048922015907299
-0.0283405415551339 0.0234352807557641 0.287879933451754 -0.153755754247342
0.00119152872982394 0.0291601254412524 0.0925696697000588 -0.464942267170963
0.0261270557898385 0.00413723262122371 -0.34598770396407 -0.27416769233806
0.012424963032996 -0.0273011038461156 -0.294631496357814 0.170690396124189
-0.0129077478986917 -0.0146752978885241 0.00162026806959025 0.233611974344336
-0.00743004416788787 0.00284176155577577 0.0869718715082457 0.0551312650976899
-0.00334914349144114 0.00636260229552189 0.0254835322826005 -0.0975445587852989
-0.0146257864669721 0.00056724614244125 -0.02134672044524 0.0867467437392591
-0.0108055986011321 -0.00276432403580009 -0.0830642741288563 -0.017017947009884
-0.00539145766725972 -0.0179446746017988 -0.0228184973276071 -0.209400339075794
0.0229663315092664 -0.0238041760843263 0.232847827349028 -0.180254713657359
0.0311303223390151 0.0239424875744958 0.36214272265926 0.169805601757315
-0.0154421934465676 0.0368700632029414 0.0178745706152221 0.454032744323232
-0.0309100693423571 0.0155551430718664 -0.254920764276269 0.220762678272003
-0.0344287682167395 0.00327335072777904 -0.0195540210784438 0.0534623389829651
-0.0280978185918019 0.0210339225129291 0.283226124840139 -0.142474048139597
-0.000706749111360479 0.0278357395539669 0.106061754456773 -0.458934941709603
0.0244298472535687 0.00485942763146747 -0.339505792874054 -0.285700292845468
0.0124791329795009 -0.0283107956975983 -0.305381610722479 0.16244456734573
-0.0125925711393138 -0.017754405922521 -0.00556406286027312 0.23747133722873
-0.00756410110943966 0.00072986214530579 0.0864598930500022 0.0598318796258356
-0.00253773883391979 0.00511131865064557 0.0274879969219151 -0.0958795171130672
-0.0123598289133621 0.000293240989930463 -0.0187422884518823 0.0871550111420705
-0.00975510076430453 -0.00340657431102181 -0.0817038521498591 -0.0136643069953811
-0.00517905601299728 -0.0190322354243824 -0.0265896722066671 -0.20590603211089
0.0203938493562859 -0.0238918469125288 0.22587610763171 -0.182581397257765
0.0282912238635882 0.0220900657097957 0.3635937901877 0.162314475143668
-0.0153908703007899 0.0322796972390036 0.0248364067606592 0.455512555962366
-0.025927875826855 0.0111105733522188 -0.257088319932021 0.228746099244106
-0.0273731774489479 0.000948624497507805 -0.0305676402840076 0.0561886779525681
-0.0229782355470207 0.0166140026974098 0.277851602854536 -0.133208302333974
-0.000754644847660094 0.0240269198285537 0.114615334008723 -0.45397595401465
0.0218964332331657 0.00317028777744121 -0.334686094463615 -0.295344225286856
0.0114205335882941 -0.0286309171702794 -0.311467322980071 0.156959486605483
-0.0121722264356146 -0.0188840028373935 -0.0106352934745516 0.240056050825175
-0.00593418847804079 -0.000115594474861801 0.0871530901076153 0.0635941314099785
-0.000352689343630426 0.00545972552972116 0.0303774913870579 -0.0958104175641146
-0.00841409869539983 -8.83849487795789E-05 -0.0167913388853625 0.0880378247644393
-0.00796374424478061 -0.0032343003537205 -0.0801869278089737 -0.0129814322377661
-0.00478086625913379 -0.0182330061002044 -0.0276676890072014 -0.20508973749326
0.0173168808208913 -0.0223996583521412 0.222858330516625 -0.182708760019869
0.0237513882472374 0.018985146576041 0.360698209760537 0.160476702423352
-0.01602914037362 0.0244470874025397 0.0267303564040446 0.456488449280917
-0.0193065377248878 0.00389781438692563 -0.26159583508129 0.233521240014629
-0.0178805573757627 -0.00270088473762165 -0.0379191651863793 0.05840031857317
-0.0156640703598043 0.0101211336834251 0.272685003175891 -0.129728917443538
-0.0010650267659237 0.0160678698243455 0.115157864390404 -0.45021492051784
0.0182218996596937 0.000499967095722148 -0.333075575326136 -0.296958302902524
0.0082972879578153 -0.0275462143199602 -0.314775345240908 0.156211535614863
-0.0126913738579014 -0.0180910782979789 -0.0120955535344019 0.242999509558653
-0.00454038903163433 0.000885956000649305 0.0878685556317454 0.0650011793037035
0.00300621050172433 0.00618048397517657 0.0325297955218835 -0.0961450482665352
-0.00437150192669846 -0.000339161047260922 -0.0144128755443839 0.0880285468568398
-0.00515181074534561 -0.00197803425737334 -0.0784233989675411 -0.0139990467240371
-0.00377264482474172 -0.0158749620445838 -0.0264070077510345 -0.205945802280381
0.0147945822883294 -0.0187967915250603 0.22434629530635 -0.182226742653174
0.0187364243253498 0.0162270694850291 0.358548836042709 0.165359657759358
-0.0169429135684785 0.0151895056994681 0.0193349718843204 0.459890248383658
-0.0107850364553928 -0.00465855053996053 -0.266519360678403 0.232582453172836
-0.00608432332426538 -0.00680155825178506 -0.0403719164858643 0.058954141329522
-0.00643263506265916 0.00355379086587494 0.270059468851678 -0.131057126112557
0.000724673006509375 0.00693110976478777 0.108281778002323 -0.448803989490674
0.0133020984875783 -0.00407229904480816 -0.338158480321854 -0.290249868999411
0.00472975912317359 -0.0253410469260445 -0.313841120567415 0.160114996297134
-0.0131006137235972 -0.0153226909227278 -0.00950534893596845 0.242607396817159
-0.00258924172732562 0.00342073536727989 0.0900587817219164 0.0635378548066214
0.00747281911655547 0.00676271635400244 0.0346893724507571 -0.0969354891577007
0.000238260169360162 -0.000387269536955532 -0.0127600648761545 0.0889470852035031
-0.00298446756287759 -0.000159372027765122 -0.0766507214189464 -0.0177988224659167
-0.00215960790708548 -0.0118700365536049 -0.0221654153408182 -0.208181605442432
0.0118470261214394 -0.0144523320448002 0.228637738460856 -0.177764608073743
0.0138997462018242 0.0138636108120305 0.353774787843482 0.176485112339964
-0.0167901141286978 0.00451065480056562 0.0071801128143246 0.461876727756442
-0.000958778104448317 -0.0131529386858281 -0.270676684684804 0.2272886867953
0.0064126573864317 -0.0103031314723633 -0.0377056098067897 0.0567963184413803
0.00371123026416216 -0.0032673397317491 0.267044519302722 -0.136816626474292
0.00293382802299555 -0.00348001324228745 0.096239131404084 -0.450103787217283
0.00831756721326641 -0.00880263911939761 -0.34723970162294 -0.27932087936382
0.000386997596237226 -0.0230450795533454 -0.309807726137592 0.167946718972402
-0.0126940400484286 -0.0109886771971784 -0.00414191256214052 0.241109242727251
0.000629913809812057 0.00631170310430358 0.0920959317276446 0.0594445876217781
0.0119604375633646 0.00811875867366133 0.0366086045122718 -0.0983299365468763
0.00348113339465714 0.000412262746151471 -0.0127810724525833 0.0885758851264756
-0.000747601925908857 0.00204010450883878 -0.0748893036419213 -0.02198430980546
-0.000593933962526919 -0.00811503238325882 -0.0151608611367867 -0.212883706388369
0.00946064159090098 -0.0106465568680075 0.237176873882662 -0.170514639203498
0.00975093259475554 0.0114943659308243 0.348383231434472 0.190590425279831
-0.0160086503386094 -0.00467852654241668 -0.00910795998735108 0.46364137846778
0.00713121721719049 -0.0189697003534501 -0.275829155924395 0.21719438823922
0.0158516813043904 -0.012921586289912 -0.0291045844049226 0.053240089607746
0.0107651507367883 -0.00875480444438028 0.26725165123567 -0.147922726208628
0.00449068202372295 -0.0111778704951197 0.0768046222473635 -0.452861348106392
0.0050900802228475 -0.0123290061562712 -0.358101607589728 -0.26239682205763
-0.00383161451439532 -0.019951918672782 -0.300889626284151 0.178959441270031
-0.0128643926120166 -0.00606260225676923 0.00481194974499752 0.237828522816687
0.00314459563821634 0.00958692434691496 0.0944444182009778 0.0530904229433643
0.0150452391765663 0.00935378416981785 0.037293821935146 -0.100477223058964
-0.0156989453024211 0.00177067224858037 -0.0256053739541807 0.0851299635781565
-0.0100279789946634 0.000490426335005081 -0.0818046458554716 -0.0273044296517653
-0.00222218699483749 -0.0122854138280332 -0.00763943098696882 -0.218359718612519
0.0245194346505409 -0.018485768163591 0.25152923867127 -0.165058684579813
0.0306262037685477 0.0261398014386073 0.352022887946352 0.200865025295158
-0.0158875446664369 0.0341382006659124 -0.0179157417028923 0.452034116572327
-0.0306610173860454 0.0137940319109475 -0.256008336948892 0.195939402910425
-0.0348157830464429 0.004431749684959 0.00510000166735675 0.0450913529383555
-0.0262928174360566 0.0222397961799391 0.293240506090047 -0.163799351272884
0.0034995842011766 0.02595119074687 0.0791940602237389 -0.469603404066314
0.0255266642119957 0.00167800292350157 -0.352899265830773 -0.262551377932701
0.0105133303736213 -0.0249027932767181 -0.285611805160485 0.176984977096326
-0.0128222938854848 -0.0110771053076178 0.00784105617752272 0.229564433253734
-0.00651443211442161 0.00577352453707103 0.0878360137372124 0.0501459297282185
-0.00286499547905344 0.00668233727734045 0.0252212268165851 -0.0981407509759346
-0.0166916590789741 0.00140936671971382 -0.0241235146531377 0.0853449138541717
-0.0109266419842862 -0.00135561234905908 -0.0826263218531222 -0.0221598498057982
-0.00349240405080839 -0.0157308568699669 -0.01571158945071 -0.213490516489292
0.0243888071906654 -0.0222795498159906 0.241798359015015 -0.172033883951593
0.0320403847336194 0.0258198738714208 0.3586068273303 0.185680619572692
-0.0154677853452826 0.0377483451024096 -0.00229184445526754 0.452550077109968
-0.0325440690752911 0.0160358891633745 -0.255412909078592 0.206525548153628
-0.036669143164841 0.00388461373548977 -0.00736603240117761 0.0485623646994331
-0.0292993832778062 0.0226430409458305 0.290495090706733 -0.151305753838539
0.000919673644440063 0.0291777622635279 0.0977534242288589 -0.464397318542766
0.0261233145688519 0.00396150394505888 -0.34325305841018 -0.278926970207036
0.0121648999284546 -0.0272997589241156 -0.296624093932874 0.168072961380281
-0.0124087524123751 -0.0147676033277695 -5.52763447183149E-05 0.233775650045952
-0.00760948848521695 0.00275908833592207 0.0870184021599289 0.0558303305336546
-0.00338206004140749 0.00569716537706472 0.0264437514712112 -0.0974644542849664
-0.0153342974615118 0.000989825902727928 -0.0221587057919389 0.0859007885695825
-0.010721931803507 -0.00310307441962174 -0.0825631410256592 -0.0176626721350396
-0.00482435977958325 -0.0175000734352433 -0.0212843968880086 -0.209813562181295
0.023110355573861 -0.0232880780491559 0.233662346718076 -0.17783286365056
0.0307918947870773 0.0241217532899975 0.361753046743133 0.173049148260011
-0.0155434165642329 0.0365210556343408 0.0129172338459485 0.455033820253877
-0.0311106284238201 0.0153083818811756 -0.25713051982134 0.217542275970352
-0.0346375782407754 0.00302811994019418 -0.0203338196210971 0.0526926998647975
-0.0282581228633745 0.0206586124105586 0.285277920409624 -0.13924718328609
-0.00103584950140971 0.0284451021127797 0.111667572275783 -0.457751569597638
0.0245190034321889 0.00487795828726968 -0.335919886656958 -0.290680677796938
0.0128555358837147 -0.0284413263054274 -0.307269310962725 0.160170877609872
-0.0123854472567476 -0.0174118479430362 -0.00750455393546616 0.237435909010925
-0.007164276053954 0.000684553298341389 0.0858801052788333 0.0611743752167533
-0.00288576405356441 0.00502788238664338 0.0285822935745964 -0.0957909758143283
-0.0125066612821869 0.000315220215541911 -0.0200737360482806 0.0864661249712928
-0.00943867560430115 -0.00324400931968459 -0.0818985411151277 -0.0148700990782256
-0.00507531608804273 -0.0183634835087656 -0.0255036935669268 -0.206465592784964
0.020587867301139 -0.02376599878762 0.227608321097766 -0.180054124367076
0.0283466852336705 0.021455090331535 0.36157318250492 0.165503757149886
-0.01593993248491 0.0323071035712473 0.0204891490272565 0.454630243338024
-0.0259930721306095 0.0108604305114347 -0.259910349488467 0.22567769211764
-0.0275567785421371 0.000652337778233805 -0.0313188534784542 0.0564257230210029
-0.0239687043466398 0.0156065471350211 0.279791095198046 -0.129266837982205
-0.00189321326922619 0.0235799784281635 0.119157794490597 -0.453073346073548
0.021987072547827 0.00374618939034855 -0.331527910840421 -0.299278063058725
0.0113996531056954 -0.0287149990671102 -0.313624226695372 0.15499585041505
-0.0125355200825698 -0.0188535784629836 -0.0122322791238914 0.240900475535034
-0.0062614885988311 0.000249794145852675 0.0872740071991976 0.0647410075313728
-0.000180207848819585 0.00504448053634165 0.0316466652743657 -0.0955124359001424
-0.00871279960431103 0.000164527047564104 -0.0168918646595031 0.0875835780277388
-0.00784102210569742 -0.00296081509442211 -0.0799264449340064 -0.0138784343649517
-0.00493103565799297 -0.0180286056069292 -0.0266450350661461 -0.205407848317003
0.0173893503707135 -0.0216445320043288 0.22442342818946 -0.181620773541863
0.0235629679287275 0.0187593309718393 0.360443436653527 0.164260699203708
-0.0166518061921814 0.0242229011049785 0.0224468468597859 0.45780881567512
-0.0187730744345855 0.00357043477830507 -0.263811286395143 0.230171200418919
-0.017640205119657 -0.00298088757754641 -0.0391012796218655 0.0579253812754465
-0.0163240199400272 0.00961988711257973 0.274822491443312 -0.126273233638958
-0.00140394057747379 0.0162011353512708 0.120217774285825 -0.448496495120485
0.0183269050881902 0.000679450334570694 -0.331782437350173 -0.30045142433123
0.00880880759986378 -0.0274790768801431 -0.316906014394866 0.153384130370151
-0.0129608496954586 -0.0181020768778369 -0.0133823046220593 0.24283468724401
-0.00448866630216038 0.0003245366706037 0.0877423674490349 0.0658301014770807
0.00348907225064259 0.00544035479554459 0.033692799239379 -0.0958216589917808
-0.00419198941359396 -0.000119461626550872 -0.0154267342209886 0.0876970412451064
-0.0055061914920495 -0.00222554045783593 -0.078165456523326 -0.015050928146272
-0.00341285348383034 -0.0158853596523854 -0.0247724262682188 -0.206442279600736
0.0148212851177616 -0.018987987961058 0.225337363981326 -0.179752561864482
0.0186736217702782 0.0162439552527018 0.357776216108223 0.168666698720361
-0.0168830291764834 0.0149853701205989 0.0152954164564919 0.460913589590953
-0.0102404431807375 -0.00401949347297993 -0.26904602122349 0.230300107551606
-0.00605107335007158 -0.00681258478503845 -0.0409832586103626 0.0578530184098388
-0.00664407420526455 0.00327887327726204 0.270297860102512 -0.127655831364385
0.000375795581290691 0.00647050000913622 0.112130118199923 -0.448389556383421
0.0134502308278127 -0.0038536952522556 -0.336255749251001 -0.294691702219682
0.00486345048182226 -0.0256546152095523 -0.316387164256284 0.157178179654959
-0.0128181651859858 -0.0152330464577071 -0.0110042889069844 0.242592320063183
-0.00194688799729172 0.0029424549366295 0.0898943025782168 0.0641558912888631
0.00746340865966001 0.00670006816309105 0.0360926291680901 -0.0966919679330764
-0.000262311252582773 -0.000121336455956615 -0.0141151885462347 0.0877311245386664
-0.00237026849291217 -5.44141318358166E-05 -0.0766886116796992 -0.0181749646359072
-0.00198254281080474 -0.0119798597222152 -0.0210776221535756 -0.208664026202859
0.0117529572111388 -0.0146199983757715 0.229946661128744 -0.175904626873269
0.0137370067980478 0.0137968959525769 0.353040965982802 0.18069184514652
-0.016825228390308 0.00427201661177961 0.00273818810725444 0.462778191835737
-0.000502186436574197 -0.0129820198441006 -0.273527169834835 0.224956320958014
0.00690141443226285 -0.0103245553933122 -0.0383823268249905 0.0563756514454175
0.0034384106142806 -0.0034791521105578 0.268618913348674 -0.133812334565571
0.00240816785579659 -0.00356794227637386 0.100123454211308 -0.449082531700524
0.00862169099335949 -0.00863156785118603 -0.345267917730642 -0.283220737851256
0.000147109797933902 -0.0230163427460969 -0.312281650468508 0.165444670769905
-0.0130511735935997 -0.0109284085078735 -0.00542807368117555 0.241069870690091
0.000525525972727528 0.0062278850746438 0.0922703609962138 0.0605728302829246
0.0118030844871399 0.0076710132712439 0.037266036526969 -0.0979499621814355
0.00299032383225262 0.000173368048314344 -0.0138700430540301 0.0881090376691367
-0.00104374128212146 0.00161657454183656 -0.0751233728596635 -0.0230392512704635
-0.000438861407262767 -0.00773047883934743 -0.0138190782530552 -0.212870119084377
0.00968755316031616 -0.0105241522583071 0.23861600724665 -0.168888616492151
0.00984072096429303 0.011110178679335 0.346969622105202 0.194743313572294
-0.0158209126312561 -0.00472152823042585 -0.0149203942802334 0.463739349302373
0.00738185677434443 -0.0190536256858591 -0.277921915560221 0.215223602222306
0.0160298184780087 -0.0129451613606267 -0.0299302187908341 0.0528582414428937
0.0106964906584359 -0.00894475782102222 0.269173444825937 -0.144674735315329
0.00419879321298278 -0.0113815633818449 0.0805766960669797 -0.452774439429781
0.00499568717550431 -0.0123642507857798 -0.355358818647449 -0.265518390448963
-0.00350858296473071 -0.0198068164442192 -0.302740023566094 0.176428601466861
-0.0128395124241476 -0.0065395027488481 0.00341214273728131 0.23814760050482
0.00366861725684809 0.00993448970985241 0.0941582781371899 0.0551380041950247
0.0152560779269381 0.00921763356767833 0.0381783457307603 -0.0999509952154889
-0.0162771304533559 0.00149287019402425 -0.0265620846168548 0.0838283931052246
-0.0101097116130898 0.000344619253135526 -0.081705084007473 -0.0284779465834648
-0.00172049112636459 -0.0120808271999084 -0.00684947365704401 -0.218281077549967
0.0242510676675641 -0.0183192071425916 0.25358017317772 -0.163328571506864
0.0306107181295913 0.0263130093544217 0.351820121555163 0.204678201110932
-0.0169348948911788 0.0345598925679506 -0.0221393783438388 0.454625537941775
-0.0311231251902574 0.0138564379347643 -0.258957716954534 0.193241117021007
-0.034973465546061 0.00399122106575147 0.00427173138862343 0.0446618611831014
-0.0265958712323832 0.0221599503779631 0.295867046747983 -0.160551101915041
0.00330996124562794 0.0260945729585341 0.0842448023070555 -0.470119913469426
0.0253549555310641 0.00193329451265704 -0.3512406762687 -0.266183608271219
0.0108487508136649 -0.0254437066130681 -0.288439742752482 0.175824576211277
-0.0124134832496639 -0.010951529496141 0.00577935184166233 0.230082197687185
-0.0064402828085051 0.00514480191342823 0.0876438731837466 0.0519668420980113
-0.00300232378911015 0.00636399784064307 0.0266738837367945 -0.0981289360289701
-0.0166433335052067 0.001238257495657 -0.0249471971422732 0.0849329828342246
-0.0107406625740937 -0.00143882345784076 -0.0827282959815347 -0.0233801534237959
-0.00361988214906039 -0.0153162218344326 -0.0143614489912237 -0.214601772103496
0.0244724431023914 -0.0217197295959436 0.243617117627522 -0.17105500357159
0.0317184572542022 0.0263362508016578 0.3584935046442 0.189171900814603
-0.0159225881348477 0.0376040110056546 -0.00568811642401533 0.454240869792393
-0.032886326100955 0.0158405891455669 -0.258862052293699 0.204269940861568
-0.0373429582711079 0.00430084332952687 -0.00786219959156014 0.0491048126644178
-0.029984948555385 0.0224428154405676 0.292336729527082 -0.147765921797254
0.000254039030201256 0.0297972510887979 0.103178179514404 -0.464581605464764
0.026078420534444 0.00445021950699885 -0.341500526787937 -0.283017117817222
0.0125553152446425 -0.0275663380264381 -0.299895379836029 0.166051027332553
-0.0124548034470094 -0.0150133224747393 -0.0019158986419074 0.234751775277891
-0.0071196278568212 0.00273366783540434 0.0865242230024653 0.0569437767823144
-0.00352565126903864 0.00515613940062001 0.0273045933706597 -0.0966406473837165
-0.0154310076285872 0.000635625008459944 -0.0230188456660372 0.0853360547360283
-0.0107948165743447 -0.00316521642367138 -0.0825183345943681 -0.0189828853611341
-0.00455097991467384 -0.017447809892639 -0.0198481574765348 -0.210160645681862
0.0229309860808386 -0.0242142595034645 0.235512819354411 -0.176916906451514
0.0309905325162746 0.024443491128302 0.360606846752517 0.177211915937226
-0.0160085286010038 0.0367627186009351 0.00817845282587434 0.456106646887012
-0.0312307775111849 0.0147205650090688 -0.26014573529974 0.216357576973982
-0.0346260574557153 0.00331484336626927 -0.0209959539988472 0.0527489894046502
-0.0288310423702133 0.0199376128784568 0.286825766668013 -0.135912232164583
-0.00215776122881639 0.0283718481523669 0.117349249222075 -0.458260628252843
0.0247244406695675 0.00524541743075396 -0.335165133421918 -0.295125369777329
0.0132080093073442 -0.028861610230548 -0.309153576537273 0.157932558479072
-0.0124917153237432 -0.017825502991372 -0.009025321040142 0.237935366969695
-0.00725790900440189 0.000513069506075301 0.0861966878347766 0.0617277748104336
-0.00284554960015312 0.00490847593377336 0.0298962604642332 -0.095327680276723
-0.0125312903788432 0.000176723767278585 -0.0207971715367902 0.0862504750344394
-0.00926796613888959 -0.00334685500050799 -0.0819445650100023 -0.015745868466109
-0.00521085709281267 -0.0182169436738953 -0.0239044035106366 -0.206857522214435
0.0203376962324767 -0.0236968993265151 0.229756221998147 -0.178698520357952
0.0277845645738868 0.0219373006590786 0.361407272190492 0.168955461891314
-0.0163507071503134 0.0321012930212327 0.0164561615905571 0.457415765545111
-0.0265138120499621 0.010619407786127 -0.263327232262093 0.223468322728468
-0.0277005506230492 -5.87091510902507E-06 -0.0321490112939362 0.0558761640735527
-0.0240409908653038 0.0154352124564521 0.281253340411446 -0.126649088121036
-0.00259492933185664 0.0236908476335334 0.124642189955498 -0.451016231935803
0.0215570240631367 0.00397726055248337 -0.329899025364777 -0.303247637740526
0.0116806608792555 -0.0283231552095184 -0.31586605223932 0.153368567478039
-0.0122040551462193 -0.0192209219115115 -0.0142741156370394 0.241132092622603
-0.00587078908204781 -6.17749801952007E-05 0.0865912061183815 0.0658273279696938
-0.000745364382075461 0.0050526390672642 0.0322591266280045 -0.095323599328853
-0.00927249226134304 -0.000142519894476514 -0.0182192407620267 0.0868578217482355
-0.00734824557389395 -0.00315611597338298 -0.0802274738602922 -0.0145298791892544
-0.00467339339500136 -0.0173645335006777 -0.0246907172318343 -0.206150603837543
0.0173424961821407 -0.0224608761343037 0.226135543604937 -0.180214746063335
0.0238274610933054 0.0191247985086963 0.360193136933229 0.167535612669467
-0.0164719229651056 0.0248155472324117 0.0183166366859286 0.460164446208229
-0.0194056041341538 0.00313178746123808 -0.266992968090755 0.227607163654424
-0.017752409903127 -0.00304861218891021 -0.0392069317997145 0.0572228690041776
-0.0164945109963724 0.00953180471872032 0.276168316413043 -0.123356289274282
-0.00168910889690252 0.0158556048931195 0.125285990271813 -0.448640923645507
0.0176106938297298 0.000798728273988898 -0.329920681699008 -0.304619559739925
0.00875513224883132 -0.027531972779876 -0.319145209971112 0.152385834168558
-0.0124550931628235 -0.0184953344739568 -0.0153288870950843 0.243180251427258
-0.00439774641047871 0.000516224139533245 0.0877791687216863 0.0671794576528489
0.00295784264240984 0.00574890431900696 0.0348420601439978 -0.0957198073970404
-0.00500948853014347 -0.000340471071277186 -0.0160346446220201 0.0873033495048406
-0.00504824151294851 -0.00220084491712324 -0.0782203312871973 -0.0159276804417617
-0.00367672499466689 -0.0155269549928574 -0.023769890395442 -0.206927787343308
0.0148232443363855 -0.0189710932830624 0.22778525464344 -0.178773380442323
0.0189470262334668 0.0163706515212261 0.356309460391684 0.173062018185316
-0.0170626409594649 0.0153888871491457 0.0119431336973428 0.462384556603009
-0.0103388864295732 -0.00444704854264373 -0.2731033145407 0.227775282846302
-0.00576004962865723 -0.00698797494163045 -0.0422861121381972 0.057593804175617
-0.00698473803050853 0.00353630599821298 0.272872342093228 -0.12462429675455
0.000262831183958645 0.0069749593823328 0.11751208373901 -0.448577013512496
0.0135116193219003 -0.00356227790759073 -0.334944324262082 -0.297698058481717
0.00524167522827905 -0.025699280751268 -0.318901333770737 0.155868847549879
-0.0127944069038913 -0.0154541430807322 -0.0128699395837784 0.243155954430727
-0.00182176846685523 0.00281176557565402 0.0892332191990857 0.0652730494322323
0.00725889646659332 0.00710497252870626 0.0371943336601749 -0.0963235388755189
-0.000285271864564375 1.43353622104354E-05 -0.0145744005485087 0.0880420564378262
-0.00259046544605134 0.000148831336466823 -0.0763267870731904 -0.019427598928561
-0.00207688165619086 -0.0115940197347428 -0.019378025408682 -0.209404253206857
0.0113114451110214 -0.0145909536060464 0.232707929505598 -0.174693346195923
0.0138868727692293 0.0135171631470136 0.351414443899365 0.18306302447211
-0.0169409833790164 0.00423608827929616 -0.00116939368479356 0.464483669866935
-0.000335211026310837 -0.0128223509229769 -0.276974402266616 0.22297082997905
0.00674270244495962 -0.0104187421191275 -0.0390681860678797 0.0556386592719914
0.00357371246839694 -0.00387178679947635 0.2709624976389 -0.130721927606378
0.00238110003045929 -0.00380524223699541 0.104850450825941 -0.44917628384454
0.00856070866740358 -0.00864090818990855 -0.342431223434589 -0.285615556821314
0.00034548558832817 -0.0232520338454808 -0.314650864373572 0.163447215082442
-0.0129841103923119 -0.0113555111400167 -0.00738922582280105 0.241827819056616
0.00116631111765031 0.00585945975165507 0.0914333912531781 0.0618190627300006
0.012033643961077 0.00774591227151663 0.0384926769980701 -0.0974408048453107
0.00294131379934656 0.000323689103283496 -0.0147021628553826 0.0878529077512015
-0.000619955914876422 0.00233478485005616 -0.0750850030985661 -0.023733190565333
-0.000682056683627709 -0.0078665330399351 -0.0123769723196973 -0.213534901769147
0.00951044085829717 -0.0103882090595029 0.240372007780973 -0.168018270495155
0.00954863945254799 0.0108879864794649 0.345753921624403 0.198251995610608
-0.0161862585000256 -0.00461252195141323 -0.0189184922451966 0.465522126950584
0.00746288538582239 -0.0195358237751433 -0.280691272325985 0.213013816326457
0.0163057552283561 -0.012561767989969 -0.0310754874750673 0.0526801916315654
0.0106533920134248 -0.00916381718368107 0.270679678741804 -0.141892909823736
0.00425899844740483 -0.0116005531167895 0.0863311534000476 -0.453184507440547
0.00492437286270453 -0.0127742241263951 -0.353920852695298 -0.269999898287608
-0.00320045728076883 -0.0202212298732188 -0.304990106251824 0.174829517523204
-0.012752161319497 -0.00627655872951651 0.00169663002052746 0.237826617539149
0.00322020459077938 0.00919000829841379 0.0943123187915389 0.0558499316607479
0.0153618555321215 0.0089184083068456 0.0393377061061476 -0.0993566530939046
-0.0165626614771024 0.00163098346747636 -0.0279241957890305 0.0840157811384523
-0.010013221567503 0.000158144463561518 -0.0824926350923096 -0.0293973757678689
-0.001727067279177 -0.0119362639191199 -0.00503626642289179 -0.219851194033289
0.0243614710640021 -0.0182425056762735 0.25591001678524 -0.16205024977415
0.0305714070641969 0.0261661390823044 0.353278532159023 0.207980516006372
-0.0168281635781487 0.0340608936109833 -0.0261801254479409 0.456376247195737
-0.0314676530852041 0.0134266069177881 -0.262520029333776 0.191996709295899
-0.0349284858600694 0.00361353785884727 0.00333325225755799 0.045234792828158
-0.0273518709860384 0.0217624901743022 0.298658913509076 -0.157691885955589
0.00268479800659343 0.026592194953227 0.0897003626720366 -0.471871872471065
0.0250008176366804 0.0019959965006942 -0.352011118940764 -0.270454273945194
0.0108033770610357 -0.0255747138137902 -0.29253570786408 0.17461527569138
-0.0127027471381966 -0.0110357527947073 0.00448719262305423 0.231948760308141
-0.00609056589192835 0.0050542546749411 0.087707805514258 0.0528518367893785
-0.0028590819492748 0.0056654606818667 0.0275786463797722 -0.0973860897522652
-0.0171203789602164 0.00147430219232586 -0.026667157296895 0.0848433653717124
-0.0105145120721879 -0.00131047836119519 -0.0839109172575873 -0.0242721399887605
-0.00319872665039096 -0.0154498934055977 -0.0125862907651669 -0.216431425230389
0.0243941148386219 -0.0219429694595345 0.245732434923512 -0.170297920744046
0.0316081898479705 0.0264145334750212 0.358300786586779 0.192736624414098
-0.0167730629793869 0.0376389787793213 -0.00947409727480931 0.45724943360759
-0.033724000425299 0.0153789292696526 -0.262236330840598 0.203793342821703
-0.0370121120583721 0.00375657342683951 -0.00881252449757875 0.0491379441268621
-0.0306897136448924 0.0225509380832349 0.295210621611878 -0.145459536036749
-0.000598388832458205 0.0294157520073861 0.108111779373803 -0.466056826706996
0.0260495524742687 0.00481620886347039 -0.341368296525202 -0.287206470267678
0.0131255206841812 -0.0277531366178126 -0.303213567740178 0.164999845822956
-0.0123329098400626 -0.015262640099874 -0.00334706263254987 0.234932918717092
-0.00754814987419392 0.00219780528695941 0.0868401463943525 0.058436267029661
-0.00326322520967181 0.00500584277961214 0.0287199140646717 -0.0966122721882921
-0.015897178698116 0.000739493851346446 -0.0246868758543856 0.0854268991468655
-0.0107874880037858 -0.00313753756013395 -0.0832503888960339 -0.0195461698683317
-0.00459204153047908 -0.0169494177470778 -0.0186092888277241 -0.211908207643921
0.0225836008746332 -0.0234918270042754 0.237753564508227 -0.175317521936695
0.0308948268979322 0.0243516984565945 0.360995602991541 0.181492733749046
-0.0165541203715244 0.0370574411246962 0.00529557534734386 0.459490793742532
-0.0312983011001563 0.0145277136798732 -0.263485532474722 0.214658638967646
-0.0345263345997923 0.00266897289348633 -0.0220160155049224 0.0525538289766911
-0.0292890295236436 0.020057910480477 0.289976137389388 -0.133413333480903
-0.00254551178974389 0.0287237033707043 0.122565359847161 -0.459528880781677
0.024415863919406 0.00524733910273796 -0.334254443170683 -0.297930748151798
0.0132357530431399 -0.0288507702957901 -0.312860996959773 0.156327401857386
-0.0121846928996366 -0.0175651909214654 -0.0107475555843924 0.239073825927423
-0.00708494708080707 6.54573868678113E-05 0.086323676610979 0.0634334907004503
-0.00278202293842549 0.00469204260747328 0.0309938125651021 -0.0957212073420711
-0.0132181258622488 0.000245993501770767 -0.0221701716593 0.0859662640248511
-0.00962691721357133 -0.00383824463847943 -0.0824620047402324 -0.0163529931440517
-0.00522120169516577 -0.0187335031304039 -0.0226348174201783 -0.207985463058248
0.0199672571142046 -0.0235339045425702 0.232001645107442 -0.17827443607017
0.0281274622597159 0.0217522986758012 0.361816157497289 0.173185287112928
-0.0165835379876662 0.0321021051112574 0.0140410527283178 0.46145707991069
-0.026830483073123 0.010185912172956 -0.266560302727491 0.222878724038795
-0.0276760457343251 0.000126705670645618 -0.0335105862951661 0.0554692020847844
-0.0245044664390926 0.0151701547942942 0.284108532617564 -0.124697836684813
-0.00238402075347655 0.0238419089362318 0.129971723165644 -0.453253470174774
0.022197517444724 0.00450610929095506 -0.329551820708309 -0.308131506251024
0.0123625358962343 -0.0287587771828404 -0.320207830889079 0.151083828625336
-0.0126412852037176 -0.019409766865081 -0.0162745116657452 0.241894191890739
-0.00627633447180216 -0.000650642692864796 0.0865632645178954 0.0672170352027844
-0.000380643638821756 0.00475352831294339 0.033623751673165 -0.0952153844504825
-0.0095091909349534 -0.000378726719133163 -0.0194525742544353 0.0866759473294639
-0.00742205462860346 -0.00322428747216936 -0.080505585696431 -0.015752230499824
-0.00421346593052627 -0.017450413498614 -0.0246841224086073 -0.207064446313809
0.0173457734121684 -0.0220749172450356 0.228901196821855 -0.179226291621939
0.0239807786081504 0.0192165341003708 0.360680043130551 0.172386775647559
-0.0169960246234089 0.0242667810319929 0.0137953151688141 0.46309959600546
-0.0195116154629237 0.00359712520601119 -0.270386573281101 0.226368597881492
-0.0173698698896884 -0.0033834186596696 -0.0408481752903165 0.0571467597093936
-0.0164826250453863 0.00917863550579839 0.27911075482033 -0.120701398009836
-0.00180689969620075 0.0160500719715766 0.130958332185075 -0.450014683963146
0.0177029525859905 0.00109690072432037 -0.329779925899896 -0.309087453717085
0.00941860792410387 -0.0280209639882563 -0.322829774100459 0.15026450844439
-0.0125768671134075 -0.0184256354344454 -0.0170936343949199 0.243934177085622
-0.00416925137711512 0.000321969729952157 0.0877414379135147 0.0689867344448554
0.00322748662666916 0.00515103074893278 0.0354474357672337 -0.0952066991688808
-0.00545034720123434 0.000301114878290869 -0.0171551333505939 0.0869764329038942
-0.00463562311542082 -0.002249983736592 -0.0786254200245436 -0.0168959672486064
-0.00360293135396886 -0.0151424673778953 -0.0223440294177871 -0.208391283036235
0.0146968469541305 -0.0189765261822808 0.229999111300412 -0.178098944708046
0.0189523371173731 0.0162632413805966 0.357579255052241 0.177284850276613
-0.0173787352591862 0.0149159061897453 0.00837482032109767 0.464906594867977
-0.0104009035998529 -0.0047814279054037 -0.27584569483951 0.226148052953648
-0.00572655630719493 -0.00673467730927478 -0.0422876707375085 0.0572348817616581
-0.00733145186333045 0.0029251594846777 0.276024011923467 -0.122193222608434
-7.8721910439037E-05 0.007087425501379 0.122679455889258 -0.45063047831042
0.0135087282408517 -0.00364336518498486 -0.334703840600775 -0.303304991611313
0.00532359904450365 -0.0262455193824003 -0.32237460969435 0.154388175878106
-0.012988568385997 -0.0161004664885812 -0.0147376785186408 0.243880335011653
-0.00145324742260481 0.00283865346638486 0.0895140207595233 0.0666459410869353
0.00741003094842281 0.00613783583807879 0.0382663136747856 -0.095801197452781
-0.000523956327752794 -1.87587520537733E-05 -0.0159136263796251 0.0872120285253164
-0.00236810661968549 -1.30302325024334E-05 -0.0768590960468167 -0.0196200173536408
-0.00227242258964101 -0.0117033054166266 -0.0186525653785255 -0.210890007297379
0.0111688767615767 -0.0149054748580446 0.234926818658966 -0.173845654938663
0.0137966815530374 0.0134985809397727 0.353102483646977 0.18749375713294
-0.0169919152838669 0.00436836521210151 -0.00473084636818873 0.468000815083207
-0.000322450820061349 -0.0130733338339033 -0.281100668342764 0.221095276033914
0.00683429935829599 -0.0101263553559168 -0.0397218338294465 0.0556926406969993
0.00361788325955311 -0.00366041825828568 0.273377954498669 -0.1283485927124
0.00237923033943811 -0.00368247494597971 0.109128289280565 -0.450598946913131
0.00870502775118374 -0.00886211518161504 -0.342717219147811 -0.292696107278436
0.000790881620470314 -0.023236252728688 -0.317887873625202 0.161174869731025
-0.0127728166884631 -0.0114217747235022 -0.00941229239802845 0.243117255448642
0.00124389222831943 0.00564303709674303 0.0919138475909532 0.0628069173950082
0.0122106995331005 0.00779465622972731 0.0397962156999222 -0.0977061370968138
0.00226339622694125 0.000257658448184806 -0.0152453592304258 0.0876359205159255
-0.000643413694733416 0.00229383670122817 -0.0755152683409448 -0.0252814233169416
-0.00055602914964957 -0.00736241972308218 -0.0106802093180093 -0.21514482260171
0.00910874254167327 -0.0106263561486668 0.242941668709078 -0.167035712792449
0.0102172229177706 0.0111070188084517 0.345987966018209 0.203329015764393
-0.0159207117162176 -0.00472943977292505 -0.0222902312035701 0.468358582130209
0.0077522591539808 -0.0190796252911693 -0.284640620669501 0.211970095041532
0.0164147904829618 -0.0127121806133474 -0.0312457256654974 0.0528726547412665
0.0107731093635726 -0.00917756885869382 0.274073409059911 -0.139311890787182
0.00417542259324026 -0.0113653733543347 0.0907959774900594 -0.454617748186421
0.00490589929727741 -0.0124463821653101 -0.354423256969877 -0.275386814771718
-0.00272964309080992 -0.0205022781201874 -0.309183451612549 0.173324635250322
-0.0127297730664787 -0.00695493289363795 -0.000428743898411661 0.239905253835899
0.0034431224947571 0.00943682051717363 0.0943052940548049 0.057350728792355
0.015662376386072 0.00878891475213113 0.0405689135492911 -0.0994790919123243
-0.0171879999920111 0.00178503036386486 -0.0287161117301264 0.0845149236569641
-0.00976674081734532 0.000643909827460051 -0.0827009374418492 -0.030505273268576
-0.00235829643950044 -0.0117672140985086 -0.00394671164473397 -0.221631099260985
0.0247592197788943 -0.0188534617182427 0.259165143824944 -0.162573884592936
0.0306369967292303 0.0265699812566807 0.35361316659136 0.212639554762421
-0.0173155012959157 0.0350417478256274 -0.029807952798382 0.461561778306406
-0.0319617213607085 0.0133635729887969 -0.26604013467239 0.190936856334272
-0.0344588404464636 0.00330359336951552 0.00287872263477993 0.0451917750875507
-0.0280271644873372 0.0216274048961947 0.301897296437811 -0.156964685374066
0.00232412243653575 0.0266740424335531 0.095157722999274 -0.474284200669829
0.0251779550664603 0.00257213317205418 -0.352502571695561 -0.275880497593144
0.0111589158823212 -0.0257344801769768 -0.295897539158795 0.174891308374829
-0.0124795629782204 -0.0107745738467471 0.00361582659220221 0.232956764326514
-0.00620166470444039 0.00565436729708649 0.0882558006101248 0.0539019441292382
-0.00279600280364054 0.00547979291502549 0.0287447374438916 -0.0981677264947876
-0.0176674335775091 0.00130228380091323 -0.0272104039142841 0.0849284216531094
-0.0107973776026488 -0.00180404403389839 -0.083410570778857 -0.0248741197471055
-0.00347907983259774 -0.0151177289923781 -0.0119949064035987 -0.217300573167092
0.02443041934641 -0.0215513612009964 0.249502288655076 -0.169663291318526
0.0318660729385943 0.026445529962739 0.360098781461391 0.197994576959739
-0.016948532884121 0.0382199067845149 -0.0119626148012724 0.46140374402263
-0.0339731141512452 0.0151264700004939 -0.266352859793364 0.203266420415133
-0.0375789246628198 0.00349110925793299 -0.00977142377435281 0.0494467457030207
-0.0306666657878694 0.0218184044528589 0.299615551037613 -0.143772777106835
-0.000454101297248169 0.0301345076986979 0.112973858073145 -0.469881448314038
0.0261373029263481 0.00459502109570142 -0.343699357907461 -0.291920048730288
0.0131919080240428 -0.027907693754326 -0.30701677148301 0.164943635169484
-0.0125746400316768 -0.0153864702129848 -0.00515802556663896 0.237307906900651
-0.00744691436090133 0.00223377246915763 0.0868390566465554 0.0597297688837952
-0.00403223659396595 0.00504691209819329 0.0297542236206463 -0.0967429650740074
-0.016629661903453 0.000690016032317008 -0.0251545857970604 0.0852728176846485
-0.010472399508514 -0.00346708533006543 -0.0838612952613978 -0.0202806743825623
-0.00502527150048943 -0.0174712981566253 -0.0177449063890505 -0.213437409662367
0.0229972744783257 -0.023856591098879 0.240491701090028 -0.175823473712231
0.0307078462603816 0.0247458333120394 0.363546454163712 0.186527319840075
-0.0171027305839689 0.0372661471291881 0.00196032710750338 0.464005174994901
-0.0322087105127258 0.0146966907385317 -0.267422451302287 0.213795685355837
-0.0349309476893362 0.00231888458939793 -0.0225932117470047 0.0525799830766387
-0.0300390882470346 0.0197809704915269 0.294182724427583 -0.131651344073403
-0.0025073803344293 0.0288535478011691 0.126615808629646 -0.462226765261069
0.0246174131831663 0.00594794861314519 -0.335102675902899 -0.303917266907076
0.013785832772497 -0.0290259796937338 -0.316878868083794 0.1558605138982
-0.0124101603805973 -0.0183468034788421 -0.0121949127934109 0.241196140126941
-0.00699864396415461 0.00024019162750217 0.0863445307380902 0.0651466280246608
-0.00314586310372458 0.00416087875724659 0.0320652591543252 -0.0954759303238824
-0.0136183321496172 0.000514684670495792 -0.0233620105442332 0.085907990666846
-0.00924124548013946 -0.00352511753902067 -0.0824113688989948 -0.0176484554549138
-0.00466984455223128 -0.0181855511302951 -0.0222481357271979 -0.210000949077166
0.0203345941439949 -0.0237963232948458 0.234883588991008 -0.178513963039758
0.0278193276803122 0.0219865821677709 0.363843455473998 0.177926127352065
-0.0170253016206704 0.0326597752744377 0.0106087332242535 0.464531786189867
-0.027038942303309 0.00979079729392801 -0.270889425845034 0.222366041184166
-0.0278778673767878 -0.000470035103322672 -0.0341530733171794 0.0559695074981389
-0.0251305387273169 0.0151179582719278 0.287331407253433 -0.122347623834937
-0.0035585425394467 0.024245703455176 0.135987861275394 -0.455294688788904
0.0217065347493532 0.00437286790740238 -0.329600301310497 -0.313166254958391
0.0127400360739974 -0.0291870511677064 -0.323903610192509 0.150529058976293
-0.0121469900842916 -0.01930990636385 -0.0174490554060536 0.243918755047257
-0.00573158380163367 -0.00031816960511035 0.0870095009617132 0.0686880003668175
-0.00039688515709495 0.00419403851290498 0.0342040390265166 -0.0952335485311354
-0.00975043979165837 3.18062711995778E-05 -0.0205347164953699 0.0862658938731366
-0.00750174768517489 -0.00316077803295541 -0.0807959624918474 -0.0164879169660064
-0.00469973091160753 -0.0176035176124881 -0.022642073396378 -0.209042499289121
0.0175076505868281 -0.0219512554273347 0.231820858892087 -0.179502410184797
0.0238353082961251 0.0190909582851347 0.362191512449493 0.17624542810322
-0.0175573578770572 0.0249170503732482 0.0109376400749263 0.46835758514088
-0.0192774814996965 0.00305267964394753 -0.27572228495444 0.226536957017722
-0.0177510192202749 -0.00320992259667243 -0.0416181827307289 0.0567557499836281
-0.0166011640922013 0.00926041982290758 0.282512218141741 -0.118976013367445
-0.00210755137007971 0.0163365593364994 0.134897746561909 -0.451853578805699
0.0178360072298964 0.0010425300098595 -0.329176365817224 -0.315070613661904
0.00968724901864813 -0.0285175757150265 -0.32667524199248 0.149149900311742
-0.0125787533086763 -0.0188329738162994 -0.0187052543716221 0.246169098433266
-0.00459794230527599 0.000139189472629015 0.0879940073136243 0.0698236669130705
0.0034315727331263 0.00487071432936426 0.0370761556274021 -0.0955746542940874
-0.00536378259074183 5.61416284317189E-05 -0.0184237947398542 0.0869158074881144
-0.00459955587671594 -0.00221667603885597 -0.0793622666820079 -0.0176012156748136
-0.00349054817824381 -0.0151195654676514 -0.0213889725316181 -0.209688730926517
0.0145535705624638 -0.0192013423339497 0.233097192422559 -0.177643173944815
0.0190557405101044 0.0165801105347233 0.358869935571349 0.18113987645639
-0.0175610661987716 0.015437910826721 0.00469116911123484 0.469748884807974
-0.0105669504032852 -0.00478873003726642 -0.280165190442416 0.225359081918662
-0.00574533924189987 -0.00676129497525855 -0.0436377015120052 0.0574217508979812
-0.00722971925923624 0.0031837843623441 0.278218040748972 -0.120598911323781
-0.00034906004688243 0.00696015099962199 0.127372470685193 -0.451860902107103
0.0136004853002949 -0.00335663693170574 -0.334193316432443 -0.307432466133232
0.00563892403517755 -0.0264816564564856 -0.326438342396914 0.15342555326298
-0.0123857885095854 -0.016019356949415 -0.016208807533125 0.245732902060966
-0.00200187557097324 0.0029304948124972 0.0897111809030092 0.0680457920754257
0.00736038111491828 0.00630773189063032 0.0393183088439124 -0.0959573468814104
-0.00103250903085841 6.37802593011356E-05 -0.0167322320470849 0.0877139927385375
-0.00200825625388326 0.000185013052767289 -0.0777529473705616 -0.0206864098096051
-0.00177716989984607 -0.0111323282233419 -0.017155718248626 -0.212535973720169
0.0114851055110049 -0.0147500870928394 0.237450671599711 -0.173856934230559
0.0135978732646745 0.0134842316218651 0.35429413333767 0.191845569000713
-0.017287377940898 0.00416566753432454 -0.00889851461858371 0.472426911542843
-0.000401077386455104 -0.0134265860072137 -0.284733626548917 0.220413339830753
0.0071046208323015 -0.0104450911879647 -0.0412250616340652 0.0556025589843747
0.00356006742835712 -0.00419409333156046 0.276727271290294 -0.127412862622375
0.00218151227863143 -0.00329163877366977 0.116045843324305 -0.452921440011647
0.0090900212522587 -0.00879465117796195 -0.344582799781403 -0.297372468383063
0.00093911475907782 -0.0241680038621858 -0.322625173032495 0.161551995105357
-0.0131130026380008 -0.0115907434830336 -0.011052718796755 0.245026370208364
0.00105381130094262 0.0058899958769952 0.0924135622344517 0.0649865552753807
0.0125428467538161 0.00753321138029696 0.0408859501844249 -0.097709744311753
0.00219120422879963 0.000725668741695763 -0.0165399297215514 0.0883433799918062
0.000109249319998984 0.00235625126747192 -0.075691337498993 -0.0249585537856757
-0.000549159541508495 -0.00707284335733353 -0.0102971594949525 -0.216135718546693
0.00887417994221087 -0.0105310419305628 0.245853321481617 -0.165815158283416
0.0100474524951579 0.0110286799469137 0.347748076348987 0.206769077860559
-0.0161321270758668 -0.00463151346000494 -0.0275542829012136 0.472202515758018
0.00829926536624373 -0.0193187689449024 -0.288127388808375 0.210373844071287
0.016814862718602 -0.0124236185539832 -0.032054242367226 0.0527634022796893
0.0107238264678992 -0.00926394537987948 0.277134175387212 -0.137936443120283
0.00409207168786373 -0.0119601320935141 0.0948019834436195 -0.45862401229576
0.00500275495041797 -0.0127947615302595 -0.354554679772998 -0.280821605266528
-0.00320144909061237 -0.0208506507593137 -0.313124954920554 0.172995685309419
-0.0130350385134197 -0.0069017278205503 -0.00141529889583113 0.241683680087482
0.00352470449531646 0.00927033683850573 0.095340708650731 0.0592107100637878
0.01542459132173 0.008749954777172 0.0419174382545919 -0.0992424209135595
-0.0179765428635906 0.00194382325441212 -0.0297769395283155 0.0841747723447242
-0.00969526201401177 0.000347352921363843 -0.0836746892118726 -0.0315880763008431
-0.00144327525175367 -0.011675521080258 -0.00334986102858507 -0.223973819949962
0.0246622644008581 -0.0185078350942119 0.262333567592624 -0.162800736895018
0.0305769084155716 0.0269689964275741 0.355964697127013 0.217010395937948
-0.0177618953159521 0.0350794272716477 -0.0322628608515199 0.466418875861948
-0.0319909856845125 0.0131876794188001 -0.270474974199511 0.191819969583122
-0.0351324526074791 0.00348803044198774 0.00299244980980018 0.0456549039060751
-0.0283034648150946 0.0212035012790957 0.305936887333507 -0.155524033581383
0.00187993940242994 0.0273970739871578 0.0992033042791332 -0.478120770835057
0.0253230870157919 0.00258649064317419 -0.353323972115557 -0.280377091038026
0.0110797208172276 -0.0259168150549774 -0.300440002233572 0.175386506207431
-0.012559694058479 -0.0113938108484247 0.0017523956044375 0.235760065409205
-0.00614397034552883 0.00477840560492461 0.0889260457401175 0.0553936884315427
-0.00288613234837541 0.00545874141271712 0.0297430669780138 -0.0980083816036729
-0.0182445483579725 0.00134615703312327 -0.0284383482610058 0.0849679696865687
-0.0108549473536059 -0.00229750873213613 -0.0847615324936197 -0.025779342388487
-0.00295598270346362 -0.0150951176498082 -0.0111752141779746 -0.219172030556288
0.0243393073518551 -0.0218805573805841 0.252909449234402 -0.170029091680079
0.0317672881333342 0.0267515887121812 0.362458207719269 0.202122288775092
-0.017401107177959 0.0385173542154822 -0.0146664617393805 0.466545158619919
-0.0340972477280685 0.0152894120563804 -0.270497815396724 0.203141778158704
-0.0384335966564446 0.00341104330119524 -0.0101098438438797 0.0496634485121226
-0.0315487548393202 0.0217012358388088 0.302534608325093 -0.142115294288192
-0.00104963023980191 0.0299218526677228 0.116686026980418 -0.472777417244876
0.0262698499479297 0.00517760310672009 -0.345029666583058 -0.297531871121505
0.0136073007149025 -0.0285638104426433 -0.3112365110665 0.165371690440444
-0.0124482678784058 -0.0159055449752963 -0.00619798259498883 0.23983314652554
-0.00714033409318183 0.00165153095861686 0.0878792781343723 0.0616335215466891
-0.00361378839683118 0.00440845899968293 0.0306694811947144 -0.0972773096442507
-0.0169586024059634 0.000642519173228386 -0.0264375608058447 0.0854128192139511
-0.0103999280939743 -0.0031919240495031 -0.0842490465575981 -0.0211676391380245
-0.00451779094029329 -0.0174857981857229 -0.0173721337965075 -0.215685274680221
0.0228832185731116 -0.0238397927006787 0.244221319064868 -0.175824529641708
0.030979321625578 0.0247917609360218 0.36522695465802 0.18981822759636
-0.017421297846762 0.0377953912882411 -0.000626429328826005 0.470257121759551
-0.0322715141627304 0.0145008239510548 -0.271797043223871 0.214222067143647
-0.0351803122246006 0.00201713525528417 -0.0233246860786281 0.0529159313395838
-0.0307211457085024 0.0194692021224931 0.296497516768913 -0.130343846901096
-0.00341985857232799 0.0290512666943006 0.130589425212461 -0.466455600466036
0.0248482714503393 0.00587706778441108 -0.336650172783351 -0.309084387318798
0.0139959106148433 -0.0293207411019274 -0.320996061380919 0.15589488698664
-0.0127274799694192 -0.0186984846603492 -0.013898857908771 0.243451109915301
-0.00669992802360759 -0.000366477693590246 0.0870399597948034 0.066739293560649
-0.00321065056118569 0.00404668110831538 0.0325635764263345 -0.0955989750368768
-0.0139991040663583 0.000334581631013668 -0.0241924528761887 0.0864902786664377
-0.00934162126308707 -0.00393606535335865 -0.0833882031728386 -0.0183146102419594
-0.0044603517120062 -0.0182501110721936 -0.0213564918291951 -0.212213108290091
0.0203674772297416 -0.0240598980124192 0.237937752084082 -0.178943906534698
0.0283031200179075 0.0222872761104127 0.36603758849757 0.181758885648142
-0.0174173067743464 0.0332790985332783 0.00719969827108236 0.469430345321233
-0.0274338571072116 0.00996339489577609 -0.274660048061081 0.222727621246279
-0.0278930934706872 -0.000256751201725524 -0.0350572439310133 0.0555489551975779
-0.0256232152474504 0.0147653848849714 0.290996265218551 -0.121507841512576
-0.00328114243708289 0.0248384099497742 0.139058798403004 -0.460724650358369
0.0220376800338851 0.00452266181299828 -0.33043445178338 -0.318256527346015
0.0126369995486149 -0.0295644062391741 -0.328818143199787 0.1507659197289
-0.0124222815715521 -0.0199399119639842 -0.0188560779341743 0.246067065150737
-0.00571555770638913 -0.0005271892000985 0.0877440915939909 0.0698789010005875
-5.77976041765856E-05 0.00408609575017575 0.0358023745548749 -0.095622766801251
-0.0101861759817467 0.000380482729267531 -0.0212898084476717 0.0870407063909234
-0.00751340486817408 -0.00351778990949863 -0.0820609897167298 -0.017598893366967
-0.00437466675910505 -0.0172341916551996 -0.0219439325299308 -0.211171609228876
0.0172558461360382 -0.0220062902483355 0.234986560495379 -0.179912424140922
0.023761554328425 0.0194727158076177 0.365306138090207 0.180237149398704
-0.0180736497471408 0.0252700211336168 0.00885766688882675 0.472009747364668
-0.0201611912590469 0.002425991232888 -0.280206481140595 0.227047940480992
-0.0176278849739804 -0.00356005852768557 -0.0428333310260688 0.0572458057985546
-0.0172483544152716 0.00845212847927744 0.286071073704525 -0.118051461477668
-0.00242523351100175 0.0165992554171333 0.138975033156143 -0.456491326651213
0.0178387203961331 0.00136057616366037 -0.331361911217668 -0.319053077289718
0.00997649248735204 -0.0284795060417153 -0.331613759090947 0.149836250500679
-0.0125110409122575 -0.0189274821135489 -0.020250805100964 0.247827422407408
-0.00371288721628847 -5.22017726996889E-06 0.0886636841128625 0.0707447295772675
0.00361352763305621 0.00505060513995665 0.0381588989276499 -0.0957943670058451
-0.00571979405444094 0.000496760863153806 -0.0192182597670368 0.0872451398125636
-0.00478361589385484 -0.00197492241544642 -0.0798883648210046 -0.0180714189709993
-0.00317335470779317 -0.0148380302302667 -0.0209933669807888 -0.212092941719561
0.0142240645503595 -0.0190886451641112 0.236422306008616 -0.178851914569878
0.0188626204267443 0.0163369938143799 0.36157149895584 0.185494712430749
-0.0179043619516365 0.0155474683032944 0.00117710011645605 0.475247692070067
-0.0108892714333389 -0.00487237907842358 -0.284667067199368 0.226148636030709
-0.00589911921119857 -0.00674281179442404 -0.0444472558263997 0.0572921431527006
-0.00745179583367982 0.00280817828046539 0.282183850836489 -0.119712482543402
-0.000543568911128157 0.00698487002275844 0.132237766261201 -0.457431178361488
0.0137212014234782 -0.00324566849519071 -0.335936699701319 -0.313764129569575
0.00552508506422963 -0.0273157933814362 -0.331033601135998 0.153893481977168
-0.0129433181625649 -0.0161159014957279 -0.0175722130794594 0.248164441379356
-0.00138706595093062 0.00250633109635614 0.0906024057469983 0.0692811403218616
0.00738856420162271 0.00581915794049547 0.0403360849363285 -0.0970344366951876
-0.00113860120591098 0.000282530588746457 -0.0173622758549007 0.0875887651976361
-0.00212163390013857 0.000103234341684611 -0.0781350043630741 -0.021427853524722
-0.00197596041302889 -0.0112303873632908 -0.0166393580747191 -0.21451733264089
0.0115197850409535 -0.0148649843858785 0.241008122820443 -0.174373515124288
0.0133948174752914 0.0133430873916814 0.356547513762241 0.196282632730616
-0.01730604771541 0.00384681942036342 -0.0109501226791773 0.477503868287966
-4.76381078912333E-05 -0.0132508393744153 -0.288999610413431 0.221191679647798
0.00734706640588646 -0.0101254060195506 -0.0422260803035319 0.0556117317380757
0.00308565016481937 -0.00431355033825706 0.280271119420932 -0.125435312192106
0.00189705380722204 -0.00365252074071898 0.119042313353743 -0.457822759448758
0.00838011005839684 -0.00846923698882568 -0.34522374772553 -0.301040338407579
0.00101274347273255 -0.0243107834498027 -0.326427033733857 0.16182642309051
-0.0132229347132244 -0.0116250589030423 -0.0118825176528081 0.246907691162796
0.00150453657557545 0.00552135828728001 0.0930262481689701 0.0660480202888731
0.0126198195792589 0.00763792521006536 0.0420725857803179 -0.098260734344957
0.00196227178505293 0.000723059303154642 -0.0166861490466421 0.0882567845396125
-0.000146689716683242 0.00267072005320648 -0.0765669508076695 -0.0264482074188672
-0.0008598364875586 -0.00696028304213168 -0.00935221177230704 -0.218305962776278
0.00922374645932855 -0.011043093010779 0.249544175384708 -0.167152339082021
0.0098236164337555 0.0107817428580902 0.350123234198138 0.211307490797142
-0.0162520031194294 -0.00467667298285223 -0.0289266104873259 0.47725869939274
0.00843057739632534 -0.0192792999077823 -0.292995015176562 0.210747223778005
0.0170160093892124 -0.0128678568979667 -0.032892654882795 0.052987660170871
0.0111074304395248 -0.00927545838158104 0.28060487030738 -0.136664794995678
0.00379663568694206 -0.0117986309674544 0.100789435656852 -0.462292940435394
0.00521426123384246 -0.0128659687238562 -0.357693824871494 -0.284130555011929
-0.00302086453018101 -0.0213902568372116 -0.31781851395696 0.173896854168957
-0.0132111264079243 -0.00699223396056244 -0.00230813290958581 0.244385499236755
0.00371316816299861 0.00894011044644405 0.0957486313575038 0.0601952028886006
0.0157162788925679 0.00845672338982683 0.0428554179729619 -0.099743973349562
-0.018061920718556 0.00191222219626337 -0.0309277972983565 0.0847936305044163
-0.0102155049806041 3.175028754091E-05 -0.084395878032492 -0.0319361465067183
-0.00187077090912446 -0.0118295145142493 -0.00265016970966451 -0.226411890305101
0.0248096330256928 -0.0186366510355723 0.265951199898429 -0.163790291144197
0.0310816821665047 0.0273872348241026 0.360149987281871 0.220596912293082
-0.0181304821731388 0.0353954797023481 -0.0334090156465449 0.47188912521303
-0.0326542247754301 0.0133120215622337 -0.274509614247088 0.192074210865509
-0.0354893742556786 0.00312198333475233 0.00224252313178513 0.0464340318201261
-0.029310104963165 0.0214308951837232 0.310226486828025 -0.155193207068336
0.0013836765326429 0.027483430536425 0.102334279255013 -0.483250154595426
0.0262417484122776 0.00291717392385407 -0.357962420808238 -0.286338603437348
0.0114199605687736 -0.026530813889535 -0.304798690874441 0.176095153807983
-0.0129606856391636 -0.0112492187492093 0.00188525264076189 0.237931415815669
-0.00653393835872423 0.00473757310451111 0.0898400595716495 0.0567851172779672
-0.00280377067076662 0.00553294718086046 0.0307202710329606 -0.0992749073002955
-0.0184944463714732 0.00169487421623605 -0.0287623879431887 0.0851849154632245
-0.0108009174832897 -0.00180754180883001 -0.0852774702359772 -0.0269254664223849
-0.0030573375749989 -0.0151344338495396 -0.0111772060092079 -0.221636769026185
0.0248699104992802 -0.0224800488534577 0.256195550488828 -0.171154519527797
0.0321917434230771 0.0272260401138552 0.367005684384802 0.206006887148898
-0.017965731238536 0.0387123616458084 -0.0164275881688895 0.472655161905286
-0.0345948343560105 0.0149793588079268 -0.274425974411791 0.204303475009256
-0.0386000182914564 0.00316132834386124 -0.0106583305083165 0.0501100292971724
-0.0321704061327561 0.0217350486197047 0.306756803723753 -0.142314954023699
-0.00121035610904482 0.0306465800820439 0.120393165743247 -0.47708093464715
0.0265241353916394 0.00523282322411106 -0.347849581879508 -0.302740162129026
0.0136373650161442 -0.0287118474763863 -0.316150818344818 0.166504483953591
-0.0125734025256864 -0.015888623915987 -0.00705511567598296 0.242317225653104
-0.0069021135216529 0.00188530567035986 0.0886178292061699 0.062545628889108
-0.00382015577564011 0.00456233035839549 0.0320610988169092 -0.0983656292173099
-0.016997134300199 0.00103570213680188 -0.0274019724482693 0.0857601767358573
-0.0104092877146185 -0.00353071930068561 -0.085530039991 -0.022057681742395
-0.00438789018199274 -0.0176446580461121 -0.0173673111791747 -0.217481092546312
0.0231645262266575 -0.0240690001437938 0.247662451080281 -0.177369865722319
0.0315532996630628 0.0250169470994663 0.368926200663829 0.193107160978542
-0.0175984767641856 0.0381215269454958 -0.00180396825102153 0.474752141416518
-0.0324319605893693 0.014118403350727 -0.275773322723285 0.215210846011276
-0.0359262714564726 0.00207699579806189 -0.0238582830369878 0.053236013257737
-0.0312939880293395 0.0193454256894587 0.301559015390486 -0.130244284152803
-0.00318579105225121 0.0295499697438846 0.135435223871209 -0.470595464688453
0.0253260164775094 0.00611872830703868 -0.340224997196147 -0.314664845487323
0.0143350949577589 -0.0299611963439775 -0.326595410579078 0.157117594428924
-0.0127036465327583 -0.0192026901442507 -0.0141073411400591 0.246342088901706
-0.0065800744473701 -7.52251588384957E-05 0.0884651946307574 0.0678487289561385
-0.00305047091327281 0.00359409848204422 0.034097357228515 -0.0964966212102442
-0.0141270137058136 0.000586766958703119 -0.0250724984729402 0.086835549089986
-0.0093642853018447 -0.00369645753620168 -0.0848517030258694 -0.0191371714693181
-0.00492176197058522 -0.0183022350347435 -0.0211407365201665 -0.214382467456011
0.0204967100556645 -0.024308960050204 0.241976775739321 -0.179847403050181
0.0284342366579211 0.0224003977800114 0.370053941020647 0.18571146251192
-0.0179639901152259 0.0335387738033731 0.00707666196849924 0.475570028640252
-0.0278197888612356 0.010049109926859 -0.279797214731892 0.224290664017238
-0.0284669988687292 -0.000358939924409095 -0.035998218776771 0.0563067902293493
-0.0259053794726061 0.0147262156200034 0.295502859847866 -0.120855144305403
-0.004107919082776 0.0248384665972248 0.144564061952459 -0.465234254032528
0.0224084388504193 0.00474446415279384 -0.333843080513235 -0.324782531300643
0.0128413931764735 -0.0298040480548077 -0.332822269318043 0.150745066106138
-0.0126903989750738 -0.0200288791838325 -0.0202231844247987 0.248837330199331
-0.00552032580323738 -0.0010431219360463 0.0881637308819269 0.0718833474737095
-0.000514188820606893 0.00362896515396173 0.0371523380491656 -0.096221521817317
-0.0108430123394586 0.000392884737940057 -0.0224362015967434 0.0872343462685161
-0.00683776649016841 -0.00302382170667313 -0.082855082479571 -0.0177543893460843
-0.00452310443598645 -0.0175199160230567 -0.0221550139443824 -0.2137685157429
0.0173210462727016 -0.0226228591245719 0.238376486342571 -0.18243759280324
0.0243896358207777 0.01912719241005 0.368646977550001 0.183161529181707
-0.0177755877009692 0.025491252848554 0.00791992717611294 0.4790213290939
-0.0201790133057268 0.00265051388642669 -0.284030539090662 0.227641009073216
-0.0179572729290934 -0.0039221479333284 -0.0433384127315708 0.0578123836770966
-0.0178038661790538 0.00898197147028173 0.290636184082891 -0.117133572075334
-0.00309588452121763 0.0162565550566118 0.1441385345527 -0.461284804859615
0.018211693888383 0.00165046474357365 -0.333733445277268 -0.324629863935777
0.00995237381157645 -0.0290712079309535 -0.336411573165744 0.150724314774555
-0.0126635056120852 -0.0193195558010573 -0.0207456083611241 0.251081838770143
-0.00355666692383618 0.000194830416389235 0.0895028135531244 0.0726598814454326
0.0034036765728424 0.00459889607889825 0.0390350069090516 -0.0966342521192477
-0.00595184340437938 0.000133290589859972 -0.020093432850253 0.0882282295632646
-0.0046365143856085 -0.00213191139619393 -0.080645398889255 -0.0189117753178057
-0.00331343702872817 -0.0148807663829912 -0.0206648118539738 -0.214613615614162
0.0144652538143557 -0.0192966196336017 0.239576132223841 -0.179725223023195
0.0187409294467805 0.0167294531543421 0.365186559280311 0.189549781329671
-0.0179369138843998 0.0160012354482433 0.0012241622876986 0.479815246630084
-0.010802883960723 -0.00500876113029655 -0.289475495920643 0.227054734815803
-0.00553642416715453 -0.00695386846698319 -0.045925152487308 0.0579631582689883
-0.00801899971303977 0.00229688842871286 0.285894685665137 -0.118228905619716
-0.000592741139332185 0.00735861493564314 0.136022960904312 -0.46110739193779
0.013519949770293 -0.00312391653957958 -0.339740304833291 -0.319498306554298
0.0058863772322867 -0.0275856814175816 -0.335726472752731 0.154909524351573
-0.0125384856479381 -0.0164534903911577 -0.0183682016001836 0.250581741867009
-0.00129126783601113 0.00245324292225266 0.0920102071834608 0.0710808154163859
0.00784768891528436 0.00585490696073209 0.0416166128901572 -0.0971460996404074
-0.00145155939909195 0.000663136574362963 -0.0184003096841447 0.0884703557379004
-0.00206577380955436 -7.95351188506662E-05 -0.0786272513091885 -0.0219820850034051
-0.00214443168405382 -0.011124126778392 -0.0159302942963332 -0.216799100715781
0.0113135680475063 -0.0151786526774558 0.244112578453793 -0.174750900993488
0.0137846448518164 0.0135407915759724 0.360567582627331 0.200055437605775
-0.0179542036142642 0.00468715133273327 -0.0121536817935551 0.482916790802802
-0.000494235444714606 -0.013329981347714 -0.293990045336545 0.22228528927091
0.00805272424617777 -0.0107101246475229 -0.0427649951337005 0.0561582949428533
0.00340550528785666 -0.00457142321277755 0.284264301690442 -0.125400626266252
0.00194922281547591 -0.00379510581993144 0.123534179498564 -0.461760213358663
0.00923190467006402 -0.00891266175393065 -0.348308400834033 -0.307695207750237
0.00124310168482992 -0.0245452698561735 -0.331639605669467 0.162656599792919
-0.013054151561794 -0.0119948005267932 -0.01269608071776 0.250049258566642
0.00179660084874587 0.00566564979896544 0.0936222918822671 0.0676947083274332
0.0124240085213933 0.00740288730791342 0.0433082883423164 -0.0984993435001695
0.00167325982776499 0.000865940309341565 -0.0181574139715988 0.088732552545454
-0.000137022064568951 0.00307161221029123 -0.0774314854023407 -0.0270628513128584
-0.000451901561065631 -0.00720256118271849 -0.00905209665787868 -0.221062835490095
0.00918762921086546 -0.010572108699395 0.252662470171004 -0.168499236744381
0.00994046622286131 0.0111532981427306 0.353939254044665 0.215512389416392
-0.0165964701406804 -0.00478937531901947 -0.0301324293367482 0.482596070751362
0.00869748679806655 -0.0197224600291658 -0.298377716488191 0.211614266864875
0.0175771599114287 -0.0126694658925394 -0.0342432492700942 0.0532402482449226
0.0109905138655493 -0.00961059097434507 0.284932302468463 -0.137165929747782
0.00404612974734503 -0.0118377453336901 0.103817648258393 -0.466363651684734
0.00564241665580489 -0.0128158755111102 -0.360267858741717 -0.29069962519071
-0.00300986001298862 -0.0214363710928382 -0.321923582186309 0.174906826103098
-0.0131633702442328 -0.00679896382890358 -0.00292816828451969 0.246507353293782
0.00375666740092302 0.00927495366571893 0.0970394352654282 0.0612326535776095
0.0159168777590528 0.00855082484642125 0.0437961610102328 -0.100370907161906
-0.018592093321866 0.00207775689714666 -0.0320695023040404 0.0855203925814688
-0.0100764664814814 0.000186303853526436 -0.0860910616930377 -0.0326236083172145
-0.00150426172637289 -0.0115839650535654 -0.00357605517570646 -0.228940608196046
0.0247950482587443 -0.018287079180909 0.270054923934628 -0.165801961221326
0.0313114316599114 0.0275282070867556 0.364519370500075 0.224760506055203
-0.018221413796647 0.035897503932544 -0.0352362604181607 0.478082003279452
-0.0330400310204479 0.0133616908785485 -0.27899615856256 0.194838481625731
-0.0359172642103892 0.00291384988952131 0.00211966727062333 0.0467347830514397
-0.0295417962139828 0.0217116296526437 0.315486856984734 -0.156116078379036
0.00167468340805483 0.0280575669302711 0.104989844221199 -0.489982120279762
0.0265559030394424 0.00260704465536861 -0.36144591337124 -0.289748969828126
0.0118858789343955 -0.027170998732216 -0.309498710836118 0.179300468554091
-0.0127889818730466 -0.0117889885953321 0.00208121682833164 0.241612113556677
-0.005979894392363 0.004605443280263 0.0915912039682353 0.0576303576579586
-0.00279381714525908 0.00523790628090901 0.031634188737296 -0.100243259579061
-0.0191340947091633 0.00193152984912131 -0.030286916562586 0.0855937304671587
-0.0103241457584548 -0.00190327529623479 -0.0864283442635768 -0.0271965439667267
-0.00363184064773314 -0.0151062617734154 -0.0105799708175399 -0.224754477481525
0.0246093147973929 -0.0219053620295936 0.260085815771229 -0.174060096929009
0.033037801613539 0.02706653634482 0.372167463873554 0.209522754157156
-0.0183480842534703 0.0395742370946968 -0.0176538168148989 0.480340823522413
-0.035660025199321 0.0151147767514712 -0.278576373781852 0.206252170442424
-0.0385273860070774 0.00331778698250932 -0.0108761494728181 0.0506921418714389
-0.0330683366778291 0.0221125887406393 0.311462924386863 -0.143200662423528
-0.00163018104956705 0.030941239555395 0.124268268521786 -0.484835235864153
0.0270124858346367 0.00554250993050766 -0.351934963110018 -0.307248609259396
0.0136247659533629 -0.0291861276072347 -0.32079027392423 0.168655279129943
-0.012993083038439 -0.0162612950609906 -0.00718877218258824 0.245557219886246
-0.00686289871591882 0.0013641446311164 0.0895117880008602 0.063615269091248
-0.00408768542815792 0.00402425880918706 0.0327353956505502 -0.0984949952299219
-0.0176126190025254 0.0010581736607018 -0.0278305348769725 0.0861829822565141
-0.0101964834215842 -0.00358008063140794 -0.0863512794704733 -0.0227516381244844
-0.00414819659957548 -0.0177539742493609 -0.0174125103576149 -0.220835030242839
0.0233068000147853 -0.0248012825594918 0.250799803629362 -0.179335576564257
0.0313636143288565 0.0252360613278894 0.374450222753093 0.196575310360649
-0.0181845597879314 0.038975116850995 -0.0018931016064859 0.482109461636783
-0.0335889529492736 0.0142858584792843 -0.280331295096669 0.217085555378111
-0.0358602577010395 0.00197303206236501 -0.0247499223893177 0.0541184971334494
-0.0322238745238391 0.019467639113537 0.305938270235228 -0.130626846623901
-0.00349243879877505 0.0302373711247824 0.138319210101686 -0.476693563716358
0.0254254265153859 0.00641961586682131 -0.344624173601386 -0.318552415729341
0.0142703484661523 -0.0305379745848171 -0.330763733386081 0.159514932157531
-0.0127312925104257 -0.0190800972755585 -0.0151811800726478 0.249564741281179
-0.00660389743132127 -0.000674406270932452 0.0897576715226057 0.0692880049504655
-0.00310570205605966 0.00347097396977406 0.0346334709765048 -0.0971262181514519
-0.014842072182717 0.00109155364110834 -0.0256815973535581 0.0875270228749616
-0.00933824357887361 -0.0042239831058987 -0.0861447056095691 -0.0191181517920129
-0.00526653373258671 -0.0180854145727799 -0.0217065533219391 -0.217082048018816
0.0207619991281 -0.0245428712945059 0.244863749590146 -0.182653867915352
0.0287718409618647 0.0230726345636139 0.374874793191272 0.188277495765391
-0.0182078852171506 0.0336834954772599 0.00560148039250261 0.482874993695453
-0.0279981413779137 0.00998884662703638 -0.283899043344701 0.225982895566105
-0.0283317357623215 -0.00049661330118264 -0.0368742043375237 0.0565706612107454
-0.0264121186200962 0.0146523077979956 0.299952705857495 -0.121532576923365
-0.00408154153632444 0.025310725198988 0.146781525507364 -0.471291851084845
0.0224493277359204 0.00470270866316235 -0.338347963310259 -0.327824599756347
0.0126921402652659 -0.0307004376784626 -0.337914529529004 0.153006098258246
-0.0124047710378665 -0.0201860744924428 -0.0206958447553183 0.252028528516046
-0.0053327602859702 -0.00106359479930469 0.0892525013133148 0.0728678937673663
-0.000742056846963717 0.00379667999262462 0.037751738243761 -0.0971829630486866
-0.0107770192422391 0.000884731448449912 -0.0227667120339222 0.0880643797684248
-0.00710914974324518 -0.00362949592180739 -0.0845577290659328 -0.0178133147920188
-0.00437118364387615 -0.0172333932860797 -0.0230637674533166 -0.216468772496241
0.0172876025021793 -0.0229917052838933 0.241962870958609 -0.183860649788005
0.024074636501071 0.0198753206394247 0.374354388885557 0.185763465847684
-0.0178676821496676 0.026241687675123 0.00753119757632971 0.484803742691114
-0.0204986220293323 0.00297607765619848 -0.289233862420373 0.230542024265792
-0.0180119124663441 -0.00404620936590998 -0.0448221578120573 0.0583195160869246
-0.0180225200873808 0.00887317792231549 0.294264395527678 -0.11842293396318
-0.00299079455535882 0.0174162128205195 0.146714756716913 -0.467608514331811
0.0182999397257569 0.0011443260561861 -0.338054212997396 -0.329517331212487
0.00976972060588191 -0.0293883351289718 -0.341598814794358 0.152906317928539
-0.0130053576748227 -0.0190496158457351 -0.0218579211847922 0.253986321282007
-0.00320773624320608 0.000317742837736122 0.0912007361513182 0.0740414506654992
0.00328696064242688 0.00444768779969758 0.0401230884339741 -0.097186163173089
-0.00674051488041353 0.000773577377530425 -0.0210133783274607 0.0887872347017037
-0.00427497266530824 -0.00266219661534791 -0.0824677867213164 -0.0190146067254294
-0.00341857044530842 -0.0150297925202535 -0.0211283601544524 -0.216609105726673
0.0138557679349217 -0.019592236677795 0.243297682548007 -0.182928458647238
0.0194611661048582 0.0164729260493758 0.37054772636466 0.192382003387814
-0.0185147408025115 0.0159624900891809 -0.000341771497326743 0.487596031311557
-0.0108618757568233 -0.00512518147489509 -0.294257928894223 0.229112793587723
-0.00540009790468875 -0.00749883897895532 -0.0467957258322265 0.0584246853905524
-0.00828850046239794 0.00230390689795688 0.289832952262384 -0.119866312031033
-0.000836723954763925 0.00736845167916698 0.139525558167003 -0.465883318350303
0.013707481006438 -0.00311068311071894 -0.343137675788086 -0.325143358084562
0.0058900119915593 -0.0274329578567701 -0.340603236583509 0.157022215872883
-0.0130853853965943 -0.0161953689772321 -0.0186497887963608 0.254103253919726
-0.00104014823795582 0.00187714258379754 0.0928380064287469 0.0726584553249652
0.00776290696495303 0.00579986287613642 0.0425676895737852 -0.0979655703935651
-0.00206805439822412 0.000749169043904384 -0.0187883704800105 0.0894890366017866
-0.00207699696001845 0.000195441349224675 -0.0806415900719115 -0.0221059251359828
-0.0017962500878165 -0.0112097643799386 -0.0173272071108064 -0.219599349119142
0.0110540355402272 -0.0144668957077192 0.247361174648036 -0.177634284644038
0.0138690922474142 0.0136193952365072 0.36610675241742 0.203765382647288
-0.0181898116332402 0.00486736383427765 -0.0133394495455 0.49117212165888
-4.4671809357754E-05 -0.0135888826216098 -0.298601819885945 0.224192370525353
0.00820724147942701 -0.0103061209632905 -0.0442576849491335 0.0568406756716177
0.0033166284697176 -0.00483916330405199 0.288400425138899 -0.126579196396935
0.00162132339505875 -0.00327289855762022 0.12712749501366 -0.468784592467867
0.0088681688596199 -0.00873572763632631 -0.352796165394577 -0.31250811090948
0.000759499005082655 -0.0251849018096514 -0.336490001880017 0.165426087921318
-0.0132471596729028 -0.0118096229178659 -0.0125241107048711 0.252699353506269
0.00180087915932395 0.00595609134977267 0.0954199918010831 0.0683880313614232
0.0125617479760223 0.00700149153802204 0.0444586285684578 -0.0996820587367929
0.00160897365602385 0.00133309600797128 -0.0186906984841869 0.0890891410002453
0.000573815012208666 0.00269224197586583 -0.0788847523247606 -0.0278851801489135
-0.000891614309937857 -0.00672634457097482 -0.00922518951891079 -0.22374175917065
0.00847212232644839 -0.011228626155561 0.256289812921439 -0.169461439601288
0.0101860104990119 0.0113736388842772 0.358484542038856 0.218377049304135
-0.0167275289448144 -0.00469885962678557 -0.031384906193706 0.490511120948514
0.00901334833195791 -0.0197188020119997 -0.302003511673798 0.213844173093181
0.0181329777776351 -0.0125341442920484 -0.0349455773393207 0.053537274132331
0.011029159339969 -0.00998218675775433 0.28917842567904 -0.137251060569894
0.00420053166223078 -0.0116559490708714 0.106482358916751 -0.472570155612768
0.00522517530823052 -0.0128656380912034 -0.364981879540773 -0.294198045834258
-0.00258409292488365 -0.0217187170817718 -0.32637841572521 0.177968406754409
-0.013375065017649 -0.00671364807548492 -0.00351213704495945 0.249797709345402
0.00428754375464966 0.00938433083525862 0.0981076335739632 0.0624611612075216
0.016013198834706 0.00827207363554573 0.045293278547762 -0.101551910840387
-0.018941885260301 0.00269687996605373 -0.0323934081355836 0.0859700554445134
-0.00963310805496482 -0.000197772457008621 -0.0876945134881354 -0.033043843543117
-0.0012920691883501 -0.0113164801779965 -0.0035691816881996 -0.232727583631845
0.0249709826283357 -0.0187838237223228 0.273343851437936 -0.168349117239182
0.031878292195595 0.0282413180829992 0.371335422754628 0.227968395633057
-0.0184884199432027 0.036498315924596 -0.0345108693976052 0.485512124393212
-0.0332844178335402 0.013270568261938 -0.28310736425709 0.19746545401021
-0.0363984618625088 0.00353533506195339 0.00236392426053073 0.0473703415464703
-0.0303780050475191 0.0215607095889985 0.320290520473403 -0.158034745870084
0.00109707434360436 0.0286191301228002 0.106511331389197 -0.498107943432854
0.0270454781511427 0.00279487805514592 -0.367859274999166 -0.294428102647643
0.0116360601349446 -0.0276475146222547 -0.313987178413529 0.181963318657412
-0.0132235635072446 -0.0118931903340414 0.00152099530068758 0.244943489105389
-0.00558899081996275 0.00446818399098145 0.0927779049853943 0.0588692646169613
-0.00291848594840369 0.00461968619615446 0.0322813359236318 -0.101269885080249
-0.0195150925975725 0.00202188506251828 -0.0308194487750079 0.0867994894077214
-0.0105763629311846 -0.00240743688769229 -0.0886976175769539 -0.0268901347965197
-0.00301260977596858 -0.0150116652799647 -0.0118859713894856 -0.227588595170212
0.024950418740456 -0.0229618185655077 0.262905922830755 -0.176275313289299
0.0332894461731165 0.0273006291046066 0.376733034900057 0.210422913011981
-0.0183605195104878 0.0402774985671293 -0.0155274898361815 0.487105775337193
-0.0356014349611192 0.0157871159723383 -0.283124538393558 0.209397760213047
-0.038515178795101 0.0030333545855704 -0.0114715002518197 0.0510919252980851
-0.0336546320969456 0.0218995655308927 0.316810641362931 -0.144905704140421
-0.00181067621703829 0.0321246593360407 0.126227597649222 -0.490991616736582
0.0273754271333045 0.00540013100582224 -0.356833919947904 -0.312190642315823
0.0138349590744085 -0.0297919437867277 -0.325561101560178 0.172181623894554
-0.0130567343892242 -0.0165296611001776 -0.00669647643286278 0.249061774011489
-0.00672509744745983 0.000908305343759928 0.0916325874216563 0.0652294937797781
-0.00423024284573254 0.00360106577864749 0.0334435345435759 -0.0996533452456953
-0.0183652963778162 0.00148631868760054 -0.0286639061949326 0.0871616659281344
-0.0100848208299808 -0.00334054874156587 -0.088344626052566 -0.0226554418940029
-0.00439628439572694 -0.0176578144768278 -0.018405274875051 -0.223148294155697
0.0231031080965997 -0.0245932440464746 0.253919328347684 -0.182883780409869
0.0321193655572724 0.0256137899715081 0.380424204680605 0.198191540696764
-0.0179863209307285 0.0394867106246549 -0.00138105755258606 0.488254376471372
-0.0336153479610906 0.0145842631537 -0.284649392686138 0.220937611584559
-0.0366305222097329 0.00161384767167569 -0.0253820893747971 0.0545126148260601
-0.032465938142858 0.019783648920619 0.310292406573048 -0.132362486547817
-0.00386428528403384 0.0307022825390704 0.140323958370723 -0.484488128266281
0.0258654424600506 0.00612856172680632 -0.350485995257371 -0.324799471515774
0.0145367992892161 -0.0308854843436787 -0.335230701769588 0.162718365887908
-0.0127325747316415 -0.0196477761264094 -0.0148607880895481 0.253013009598381
-0.00611443542097582 -0.00085481188787666 0.0908140992799265 0.0706374843283572
-0.00328198133159271 0.00319132819557248 0.035152249359748 -0.0985000578378132
-0.0154750149163145 0.00110666366657387 -0.026286085557696 0.0881172265269712
-0.0093781427290376 -0.0043302196555675 -0.0872875169580861 -0.0197991898530653
-0.00485997248105102 -0.0180887612381331 -0.0224241029996218 -0.219950578352894
0.0204386733484524 -0.0249874953587169 0.24847602082561 -0.186001280120261
0.0291634454679916 0.0227202813837918 0.381224934731025 0.190829234669012
-0.0184482459691058 0.0346718740137401 0.00802958281122555 0.490378348133626
-0.0282428898883593 0.0100110380076814 -0.288373875222282 0.229389907618878
-0.0292318316041096 -0.000580936488988911 -0.0375356527729757 0.0574850560758688
-0.0269193472575354 0.0146792167408757 0.304117958644461 -0.122506746633685
-0.0043083454867795 0.0256110904658325 0.149366335195364 -0.477681730956509
0.022809455618769 0.00491157418721074 -0.344134384865831 -0.333850623121085
0.0131610260768411 -0.0308807301520601 -0.343011033611528 0.157440754406824
-0.0127883460138296 -0.0206979804064741 -0.0200203973690562 0.255689073320759
-0.00513361181290379 -0.00146066775984472 0.0913279002541493 0.0741184156522251
-0.000698861673645064 0.00329164033090293 0.0378699453929157 -0.0984719773383729
-0.0113196310102061 0.000948342976320682 -0.023987273240741 0.0890105099654177
-0.0072650268169334 -0.00361160858398107 -0.0857920165516434 -0.0184642063770788
-0.004794007786444 -0.0172989020079434 -0.0240534320650777 -0.219142540096077
0.0173711510789448 -0.0227437126103835 0.244218137913336 -0.18765900605135
0.0247534266345855 0.0199396152385363 0.379550330631968 0.189199978354277
-0.0182073728437295 0.026472602211353 0.00783108282475603 0.491697078899736
-0.0209753462062123 0.0028758616082906 -0.293086818990065 0.23401847074823
-0.0179601162810479 -0.00345379525672007 -0.0452986630409946 0.0592435883511307
-0.0186448444511401 0.0088571270422542 0.298547519897402 -0.119243411087516
-0.00337354751758007 0.0173508759062777 0.149721702555057 -0.473697097718733
0.0188011457806075 0.00164379691059839 -0.343026322192715 -0.334952650073486
0.0103522280626379 -0.029875499170349 -0.346942848988143 0.155648024080586
-0.0131282223909102 -0.0199849902809849 -0.021212977428312 0.257613239768542
-0.0031543842743828 -0.000441915019207948 0.0920536528301733 0.0751079707984795
0.00360064445607425 0.00425091205725749 0.0410994952911059 -0.098297712775037
-0.0070477000675317 0.000889574986738299 -0.0213842695314398 0.0895658955486617
-0.00421533655763803 -0.00227345073820036 -0.0836996916756629 -0.0193624909164142
-0.00335726657616379 -0.0149018223786983 -0.0227026108090708 -0.220316017805234
0.0142815079464407 -0.0198107695085059 0.246384251332145 -0.185437954654867
0.0195609644380988 0.0168680199792511 0.376439307699699 0.194562912025627
-0.0185388962914679 0.0164544042989299 0.000175266782297707 0.494445823508929
-0.0111433917714256 -0.00525403794386444 -0.297840962086945 0.233399695373538
-0.00517709592751178 -0.00750840783022419 -0.047732203747831 0.0588986489713367
-0.00833476475902519 0.00210817273056848 0.295226500467571 -0.120496155705718
-0.00123572888316641 0.00727537310452447 0.141026267469913 -0.47394559118682
0.014040931090856 -0.00326485607957905 -0.34864111734232 -0.328649427682154
0.00597896077452447 -0.0283449306227996 -0.345974899535816 0.160075675261849
-0.0130133212120944 -0.0164566436591781 -0.017679537603352 0.257973733081971
-0.000932771899366529 0.00183387274766481 0.0942780965623809 0.0734266580316221
0.00826056508528826 0.00507294927986904 0.0432187674825117 -0.0994906960772041
-0.00209971355925106 0.00120518273403974 -0.0198945313549126 0.0903489143040216
-0.00153623024886814 4.07109186626748E-05 -0.0818763111611378 -0.0228751125738902
-0.0019803449673086 -0.0105740370492192 -0.0176588205793341 -0.223334204333754
0.0110661866807282 -0.0152567702585274 0.250956327020843 -0.181066553970352
0.0140713978610164 0.0135415253244008 0.371288924416869 0.205938907456065
-0.0181929938547339 0.00469107158218733 -0.0120720049493911 0.497489919045212
-0.000152821606047788 -0.0141945327634275 -0.30385612904929 0.22821860532801
0.00833745896380237 -0.0109397303270484 -0.0450692652166096 0.0579731965735943
0.00296231080382571 -0.00433638189062568 0.292851872157893 -0.126729927587283
0.00161005529834805 -0.00332389157072124 0.129237622368882 -0.475672738476681
0.00913898367039419 -0.00903263762254018 -0.359244598875434 -0.316323591258355
0.000724105563173486 -0.0250857687320483 -0.341006748135927 0.168715958165482
-0.0134958157009763 -0.0122632133617201 -0.0124586708879352 0.256619245255219
0.00228827624148671 0.00579575558953313 0.0971850063521094 0.0693421543072892
0.0125088306225439 0.00634986934417227 0.0449112353685812 -0.100830770354317
0.000950757339008144 0.00128652297672093 -0.0187539966142753 0.0900681707879802
0.000392058046010956 0.00303291327516927 -0.0799368403687233 -0.0280283097227092
-0.00091266162104895 -0.00634899430299956 -0.0100222688591205 -0.226946484503946
0.00831309742783238 -0.010751901128036 0.259639011767505 -0.17338333144795
0.00991548164523275 0.0111903356624075 0.364054130854466 0.221334047012628
-0.0172999487125751 -0.00471383495277043 -0.0300676951002341 0.49820663878581
0.00910655233455621 -0.0201601545093536 -0.307319328723977 0.21738083067814
0.0183807078866949 -0.0131974024382498 -0.0356635258775757 0.0552491579861234
0.0103951915484966 -0.00947376855494421 0.293330196346945 -0.138840603564628
0.004103057349329 -0.012001627793301 0.10830239216378 -0.480178639593581
0.00544538414514986 -0.013203163993871 -0.370572573664563 -0.298859243120631
-0.0025764157514506 -0.0225850594183961 -0.332045359202783 0.180632220792374
-0.0132553595650558 -0.00732252187019058 -0.00293827698768818 0.253062974148972
0.00468398943503168 0.0089945074542383 0.0994428892005387 0.0637264813058269
0.0162749706360713 0.00772996521451228 0.0455160661069721 -0.102917710368301
-0.0196973862775406 0.0031029659823487 -0.0326566129698701 0.0871016242796814
-0.00980426907806765 -0.000107450132779536 -0.0886782488933565 -0.0329552997866422
-0.00155540211654081 -0.0116396351118535 -0.00470687165500823 -0.236458991587817
0.0244057714746798 -0.0190217051684116 0.276369894122952 -0.172122995946859
0.0323712822420083 0.0279790178981021 0.376640906367154 0.229378433206974
-0.0184680395731485 0.0376003369778119 -0.0315992915311212 0.493496800740873
-0.0340101969115941 0.0138783234943195 -0.287006113026143 0.201285592564185
-0.0366481598434867 0.00362771986960716 0.00171285321693053 0.0476619976655581
-0.0305495014225024 0.0219791337450001 0.324580439949419 -0.160857349098183
0.000925129529293967 0.0292055289970432 0.107090389401047 -0.50479870407469
0.0268284646844221 0.00224922078371332 -0.376059529538219 -0.29683173281829
0.0115577900667416 -0.0277838990759628 -0.318520151628185 0.187182412843146
-0.0135633380681547 -0.012375108848873 0.00248554751836402 0.249201602979589
-0.00540315888613982 0.00398930435728251 0.0941948626306764 0.0600189320892551
-0.0034217494896849 0.00443980007755818 0.0325388539872519 -0.102899723012987
-0.0201123367566644 0.00230143826745608 -0.0313856149339794 0.0877758209931479
-0.0105845945722665 -0.0021993781540665 -0.0897047307558247 -0.0269650883844686
-0.00299041190092876 -0.0152821816284038 -0.0129771400830799 -0.231234415735212
0.0245639382430826 -0.0227170598630039 0.266473111237608 -0.179846692018528
0.0337809525587001 0.0276543434846056 0.384519998170101 0.213132390966807
-0.0184883598885604 0.0411355872556851 -0.015076217698685 0.494266968138819
-0.0361094380854858 0.0159940806643215 -0.287004341444582 0.213593334193306
-0.0396380485068304 0.00356140856991441 -0.0120825898262799 0.0519254296459711
-0.0347022633441953 0.0223916712662967 0.321265119289289 -0.146876860575105
-0.00205044322966337 0.0322166826408971 0.127561186343776 -0.499841293384746
0.0282499872708774 0.00537270532365608 -0.363828568245514 -0.31637914161279
0.0135254465924702 -0.0305773210568323 -0.330194458364677 0.177213393499076
-0.0134306471757755 -0.0168307985588369 -0.00593820283170656 0.253427657851017
-0.0063996228068493 0.000687242635057311 0.0929581210344827 0.0662343416445449
-0.00391289705968811 0.00331873598892584 0.0334293476484987 -0.101384352489388
-0.0189104718327825 0.00162775051409523 -0.0286866621780679 0.0885186351447654
-0.00981782650702151 -0.00342809168539361 -0.0897867524640772 -0.0221802531232521
-0.0041226778627966 -0.0172087857634638 -0.0199056354077816 -0.226464969243473
0.0231131513519246 -0.024884194448906 0.257448924644564 -0.186248729566816
0.0329933688751318 0.0258157790939348 0.387881293520519 0.201266899373394
-0.0184685146922182 0.0401535841802049 0.000226967595693502 0.497234263014574
-0.0341968810946709 0.0149243449929629 -0.288660668269598 0.225049494183535
-0.0368488361576098 0.00221293816474206 -0.0257558315936166 0.055394544844999
-0.0335990974788105 0.0200233024726778 0.315554684385863 -0.134540626397859
-0.00379118953471034 0.0314215415021441 0.141322595475193 -0.492458895305309
0.0262917051193081 0.00650130044177251 -0.355757681467383 -0.32808125058057
0.0146552902308752 -0.0319132728860505 -0.340228928984389 0.167537122088571
-0.0128477058962662 -0.0197600016800475 -0.0136259499035559 0.257391841455429
-0.00575612442554357 -0.000986595233696314 0.0924094427642881 0.0709362511559922
-0.00303678596074419 0.002769592788833 0.0360820329300263 -0.0999236065547107
-0.0159447259158319 0.00119608513275584 -0.0268067417712166 0.0890873244170757
-0.00928398446871288 -0.0042802784328819 -0.0887560979007276 -0.0195961045311165
-0.00543437106126108 -0.0182517331473307 -0.0239190900277341 -0.223145295029451
0.0200569238402683 -0.0252696427421136 0.251534105184844 -0.189726211838449
0.0295791565279254 0.0226851386363551 0.387725429767937 0.191831849464797
-0.0186375840369782 0.0348965938651036 0.00952880076423575 0.498637236420539
-0.028699537785791 0.0105221551444302 -0.292510215295309 0.233776058410118
-0.0294239738159219 -0.000535001938581546 -0.0382116536720564 0.0585947080097323
-0.0281999876006597 0.0147654601755651 0.308095124404699 -0.124840937318923
-0.00459149510177641 0.0260487093292116 0.151197993158231 -0.486068711286461
0.0228565055643534 0.00523845848964643 -0.350827859375312 -0.33745497706622
0.0131744303318293 -0.0314410322943523 -0.346857058976885 0.1606475019034
-0.0129150248591925 -0.0206799332105931 -0.018786499134345 0.259502050913704
-0.00501318394456296 -0.0017354776469343 0.0932176446349826 0.0749118745111773
-0.000515487731566386 0.00292990457097921 0.0388074074568535 -0.0996487806525471
-0.0117079409801993 0.000974998343692881 -0.0237295070138079 0.0897937374442721
-0.00728138655449894 -0.00362138025700067 -0.0873762183886669 -0.0178342770658476
-0.00461362145722521 -0.0172468471044275 -0.0250432142346114 -0.222583572293944
0.0172601381469524 -0.0233798171810184 0.247561048243283 -0.191541244556718
0.0252134515275969 0.0199907778477751 0.38656563020169 0.190935872159008
-0.0186116722736007 0.0267712538630938 0.0101348287241861 0.500762957486015
-0.0209419894691039 0.00322037956142445 -0.296259527496827 0.238897738849687
-0.0183384907787339 -0.00391880654168673 -0.0458556264594875 0.0604028218753722
-0.0188471548604825 0.00901069379490265 0.302912142120585 -0.120800304874159
-0.00352496365112224 0.0178016603051589 0.151559532440345 -0.480898941811054
0.0187973998574032 0.000921590366965947 -0.350711975648768 -0.339236351268377
0.0100533621896664 -0.0308015184200687 -0.351807689029649 0.159410076204033
-0.0132091894625113 -0.0199549048930767 -0.0203049774048155 0.261683577194344
-0.00288558973533081 -0.000449134159660796 0.0940719214990093 0.0763796246745264
0.0031607392659208 0.00399262583820989 0.0416554871727119 -0.0998555027066714
-0.00743427602246947 0.000891389054392408 -0.0215497801086337 0.0904028539205551
-0.00448197419164029 -0.00205441314663876 -0.0850651098740962 -0.0193189266277041
-0.00348871496569843 -0.0148924007211583 -0.0234130857953142 -0.223109167181141
0.0134243849975543 -0.0200894652586068 0.248856387014406 -0.189550671304124
0.0198076761379779 0.0171191266676586 0.382726926393406 0.196108943427439
-0.0187998663121432 0.016741530071326 0.00234366481857326 0.504116736410219
-0.010770765959391 -0.00558745740493255 -0.302812727545887 0.23791381672622
-0.00540615708438894 -0.00734505786969694 -0.0483473713224931 0.0603685548272305
-0.00877948544185267 0.00212475089576591 0.299358016893539 -0.123078217437116
-0.00131251885627756 0.00797718340629047 0.142036002446937 -0.481801126653151
0.0138337391818848 -0.00358330221485373 -0.355644415818288 -0.332829223923792
0.00582276342908002 -0.0287892760338063 -0.350508268993801 0.164548042386683
-0.0136231484761313 -0.0170047877569512 -0.0177515916060008 0.261486915448003
-0.000483075068537783 0.0020393646481529 0.0959874651744334 0.0742540888551081
0.0080493355880186 0.00511484291029999 0.0441036731904513 -0.100925104645846
-0.00247361585774708 0.00123423682217226 -0.0197678165435381 0.0908997418687092
-0.00133745434808614 0.000111562733390255 -0.0831926196614042 -0.0225497734571885
-0.0015794808696128 -0.0109523574116636 -0.019067576945598 -0.226365102335967
0.0104213195143344 -0.0154844900580315 0.254053818568995 -0.184572653904714
0.0144529890882142 0.0135306540762909 0.377813975325148 0.207221036802564
-0.0185269981593937 0.00468820293301527 -0.0103563609300169 0.506772522424503
-0.000144096991484786 -0.0143620701747839 -0.308205203466777 0.232174295091746
0.00820551623384014 -0.0110945303545594 -0.0456998750186812 0.0584864663157819
0.00283653937166913 -0.00503578851674549 0.297059130187263 -0.128921578460881
0.00146651818593518 -0.00367670495000347 0.130141760035654 -0.482532746289988
0.00917914702393114 -0.00933480731819538 -0.364529821033874 -0.321392602049463
0.00064565519745776 -0.026442422500865 -0.346403943537045 0.173163017203744
-0.0134763169721694 -0.0121472272218719 -0.0116631649995481 0.26045234454357
0.00224217128869702 0.0055184000601205 0.0991430742226483 0.0712429533297253
0.0129550097519154 0.0063182122448566 0.0458051201942018 -0.102157075138013
0.000917848432419531 0.00175233743871147 -0.0193974749852249 0.0911184987839063
0.000551722753659571 0.00259276258788082 -0.0811681606926629 -0.0278087514076608
-0.000588564198222103 -0.00645784433756465 -0.0113221974641664 -0.230215498572102
0.00856882649311059 -0.0107922886906939 0.262967342001289 -0.177262134850384
0.010373261841499 0.0113521458108058 0.370322781594969 0.224107971354697
-0.0174676952364763 -0.0048738375271334 -0.0287534158222563 0.505797418242452
0.00890846590337273 -0.0204743917512255 -0.311314440346055 0.221866720098343
0.0185696111296465 -0.0131745144740885 -0.0362350350859523 0.0552901177911175
0.01060838282058 -0.0105966746776985 0.297877698420484 -0.141670540999998
0.0036537469215652 -0.0122565366112822 0.108663412109568 -0.488312284851484
0.00524450344587073 -0.0136019947500456 -0.377355954507245 -0.303687996994528
-0.00304760176911544 -0.0229389484581899 -0.33640337537999 0.185510674127914
-0.0138659486013625 -0.00691604005728415 -0.00209509271618042 0.257018495109738
0.00512267765876539 0.00963715389841173 0.101723484222085 0.0641939762269056
0.016712378737514 0.0077493546812954 0.0459613812787958 -0.104516515255519
-0.0200756337320885 0.00349337516271296 -0.0332418913304958 0.0881600065377095
-0.0101123178759506 -8.77265011515133E-05 -0.0901880279391432 -0.0329150993311386
-0.00131343861030344 -0.0116008752835411 -0.00739803459834485 -0.238801286727505
0.0249266112977748 -0.0193555965794955 0.279848925389496 -0.177237492966929
0.0332099405619791 0.0282702897846021 0.385903481784355 0.231009884508192
-0.0181321032022858 0.0378144978487224 -0.0291261442457607 0.502212479179399
-0.0343275493543901 0.0143005186351449 -0.290185208346541 0.206448320697812
-0.0373493961277565 0.00359817828575331 0.00241543801813234 0.0487883220655526
-0.0317416861892866 0.0224920223998639 0.32899545714067 -0.165240134793711
0.00126956527661752 0.029637869694395 0.106195867819946 -0.513967893238334
0.0273836157302814 0.00248729482221983 -0.383217010059738 -0.300592702933775
0.0114758801999846 -0.0287805307217904 -0.322813732731428 0.192234252888632
-0.0136423009559804 -0.0123164389820235 0.00448834173067677 0.252561202858274
-0.00542628259461617 0.00400905395537253 0.0965391169577669 0.0604053753516103
-0.00331142603328837 0.00394533936100995 0.0324139578764965 -0.104364466359888
-0.0203338030101086 0.00274213900403773 -0.0309946702971899 0.0890320305874251
-0.0104537820360734 -0.00203624576336587 -0.0913192735030801 -0.0275812168574978
-0.00312194977505989 -0.0151832901619036 -0.0156797551609424 -0.234339840628388
0.0242268054554957 -0.0232538595009281 0.268984056874418 -0.184760406385747
0.0342418208502739 0.0277846307840205 0.391953585237189 0.213945591889616
-0.0184075513822316 0.0419010629122486 -0.0101977114348311 0.503266503528096
-0.0365972206090975 0.0168785485905815 -0.290234945497578 0.218290845732127
-0.0400304032918654 0.00364818134774254 -0.0121329099984911 0.0531437402111934
-0.0353025550313285 0.0227656790557179 0.325779250072699 -0.150659360603727
-0.00137948060421912 0.0327769367374642 0.125436187894245 -0.50774893164191
0.0278423977485269 0.00523220247316724 -0.371607239617908 -0.318036778932265
0.0139180240670571 -0.0313213870585418 -0.334087240464294 0.182628896503109
-0.0131821421529929 -0.0167176686166611 -0.00444909282561015 0.256412799564536
-0.0062518986596119 0.000608586978034095 0.0952046115970639 0.0665161320330538
-0.00401495315017806 0.00270585560523826 0.0335078892403103 -0.103007905114017
-0.0193465346084085 0.00220914025251512 -0.029903580964936 0.0892856221198368
-0.0103792412806342 -0.00358038674209722 -0.0914697589345509 -0.0221997221526203
-0.0045956046162391 -0.0172458845823483 -0.0222987567807856 -0.229990647456707
0.0229845492000008 -0.0256052909822388 0.259735446017102 -0.192339429974719
0.0336765017864244 0.0253846777634293 0.393664080827131 0.201377756776247
-0.0181594951323445 0.0410269992057293 0.00474986227507396 0.50455107914916
-0.0349189951030008 0.0153746512236002 -0.291130219675192 0.230057507590238
-0.0373215023160536 0.00230258198308857 -0.025809177786046 0.0565302598941459
-0.0343174747033424 0.0203385076789963 0.319754292911176 -0.137953713072892
-0.00401126986779396 0.0318537973044335 0.140395269666798 -0.501039123811271
0.0267083491160923 0.00602750712851264 -0.364027151026239 -0.331475552815038
0.0147018000921366 -0.0319161047186849 -0.344592219596388 0.172645443255594
-0.0135137553371849 -0.019810248578571 -0.0122820051320148 0.261009619236887
-0.00591440678159376 -0.00124114452309526 0.0947617426214764 0.0721744414989628
-0.00326392915297757 0.00265151268149035 0.0360372006390249 -0.101141283698697
-0.0163671258226229 0.00166137155926505 -0.0268726776272765 0.0904655623839676
-0.00959190127735439 -0.00451773983828901 -0.0903436452442011 -0.0189283591365817
-0.00509916658079496 -0.017874496595074 -0.0262100296630142 -0.226349853121242
0.0200314063749615 -0.025779413750527 0.253969874689652 -0.195296970205329
0.030410019706531 0.0231676480375523 0.395665033576492 0.192543779088254
-0.0182561103427312 0.0361873212518085 0.0134708746133208 0.505884128642353
-0.0293067095366449 0.0109006811349574 -0.295188211055738 0.239597661187718
-0.0295168236994887 -0.00013534551154661 -0.0378018793113936 0.0594665763516263
-0.0283122417767268 0.0154297451909052 0.312397621252469 -0.127706966371954
-0.00475319132853528 0.0267838886047307 0.150066655326136 -0.493733744438418
0.0236889350429328 0.00496694057105042 -0.358299495254062 -0.341219910745421
0.0127871442962007 -0.0327782719965925 -0.352829812571929 0.166673753608983
-0.0128348381361257 -0.02105405961569 -0.0177809804031033 0.263734334799455
-0.00484198325118628 -0.00169059106257325 0.0953674154065549 0.0762047771297864
-0.000644027704738634 0.00253928184201208 0.0390428005526967 -0.100813927411851
-0.0121796232913 0.00132497631692656 -0.0241751034079877 0.0913426450260784
-0.00668628324486755 -0.00378578214371351 -0.0887234087253334 -0.0176877175186662
-0.0045923720940084 -0.0175287569172208 -0.0278279352419006 -0.225305722192343
0.0170565326670408 -0.0236720865908692 0.249705495551539 -0.196326395620021
0.0257443393840643 0.0197604748237158 0.393390281253023 0.190831482218642
-0.0182974946475371 0.0274108685214071 0.0154207414976937 0.508408712072408
-0.0210819172228743 0.00337802901659819 -0.300638902934599 0.244224080978088
-0.0183348783721311 -0.00390839607080235 -0.0463230238058306 0.0610502261290308
-0.0198899779556448 0.00901871102764297 0.307257980350374 -0.124232635064263
-0.00371017056961038 0.017948380865833 0.150861808274814 -0.48973088430368
0.0190621561442662 0.00130723522313203 -0.358203855799361 -0.34181438652697
0.0099325491334995 -0.031379482027678 -0.356227518094896 0.165537771792138
-0.0136521044159312 -0.0198671477432661 -0.0186612282329566 0.265652066945805
-0.00281134994074682 -0.000667676166469947 0.0965409774849793 0.0769617935358192
0.00376849041368445 0.00360326069406634 0.0414230419680527 -0.101092865707319
-0.00772623336928733 0.00160772028521451 -0.0219687167355363 0.0919986433694814
-0.0046695063109505 -0.00208210834736898 -0.0866877124504073 -0.0190258445608161
-0.00358781457113743 -0.0149268240433621 -0.0261181588525035 -0.226234927509154
0.0140875066461084 -0.0202867773019469 0.251113790940611 -0.194873666631474
0.020278171057216 0.0171798298416083 0.390813721336468 0.196584853720889
-0.0188363155343829 0.0173189023393467 0.00648533892599886 0.510799609765224
-0.0112164862501862 -0.00541100713747079 -0.305423088345982 0.24352026944374
-0.00509784893458876 -0.00754055180173498 -0.0488863975980165 0.0610912378994731
-0.00906996584222805 0.00215936329138344 0.302819361309287 -0.125777245539265
-0.00172438080580403 0.00797332988040755 0.141693482730214 -0.488918914373953
0.0143766114388887 -0.00408918570721924 -0.363823722430508 -0.335428803589346
0.00581154404235719 -0.0296996043746273 -0.355302866434829 0.17023687393375
-0.0139269654099091 -0.0170991641594953 -0.0156150655259343 0.26578338419158
-6.45007664475013E-05 0.00187724579094254 0.0980493033529302 0.0754602521549063
0.0080497324899433 0.00450133386144863 0.0442233253727943 -0.102014691902863
-0.00299774877204318 0.0017280349314599 -0.0197840960003506 0.0922188048510295
-0.00141572899586251 9.43539547871961E-05 -0.0846377019558018 -0.0228603033758708
-0.00205585503689483 -0.0104548489973122 -0.0207652569034879 -0.228555792625616
0.0100191927676306 -0.0153962533243972 0.25627968582891 -0.190286698939619
0.0147547756093207 0.0133310638320752 0.385661686534481 0.208168721357865
-0.0187938166142491 0.00524418800273126 -0.00599599362842745 0.51385119862183
-0.000301928489072721 -0.0144686131142819 -0.310663037112958 0.237379664038502
0.00883572061231355 -0.0112104484594077 -0.0460326190599904 0.0597646752111156
0.00258223790472721 -0.0049826581005103 0.300907355908093 -0.132971942742962
0.0014100150558385 -0.00373423303716044 0.128239676633141 -0.491033814783275
0.00968976933837841 -0.00891346469047996 -0.372650617644857 -0.32414362913611
0.000872957395256891 -0.0265500610041973 -0.351324483096801 0.178298986282596
-0.0139710808672493 -0.0121808640645485 -0.00933609374691942 0.264069254151808
0.00274568300612348 0.00524811719827085 0.100875326336259 0.0716116121991181
0.0133643884593356 0.00614258115684614 0.0459122646153872 -0.103586781735403
0.000307901262088866 0.00186493502861523 -0.019826504011778 0.0919973755275438
0.00113861332032731 0.00276312114878447 -0.0833432563177483 -0.0282776208518145
-0.000439659841177411 -0.00614462877930374 -0.0136985839529886 -0.233628491525536
0.00809388245148078 -0.0112216163456381 0.265896644709563 -0.182196825027031
0.0106656815053436 0.0109365722335847 0.3779561938934 0.224409842806043
-0.0173372334153875 -0.00470255358707251 -0.0254084279434777 0.514118952534719
0.00902825014202414 -0.0212781987286129 -0.315398982247409 0.227070818202188
0.0193999732222536 -0.0134921728409342 -0.0368833111954239 0.056727149310062
0.0104880716436586 -0.010745180591954 0.301617696435988 -0.144749586080749
0.00368972616711127 -0.0124921359605857 0.107094622897325 -0.495157246465579
0.00515311771339555 -0.0137439532643375 -0.385656243371432 -0.30635667221019
-0.0033715651863533 -0.0227225523300504 -0.339666008824565 0.19094296097288
-0.0141846244427729 -0.00722988545416937 0.000438810725849941 0.260564854087862
0.00578640061434125 0.00931197740786832 0.104092518986315 0.0649739389643036
0.0168447131270605 0.0072992967848982 0.0466415342761713 -0.105474501301683
-0.0200964615209976 0.00391714281638053 -0.0336269046037333 0.0889112616861447
-0.00967160495927571 0.000261981401897214 -0.0926450821760831 -0.0326271135119739
-0.0013538570744626 -0.011477137398171 -0.00933473411502709 -0.242026321012796
0.0243952524744897 -0.0194627684051442 0.282100756896666 -0.18287940873711
0.0336107235324848 0.0279296476341611 0.393321906505084 0.229673124238097
-0.0181116793865889 0.0390033724640222 -0.0246184562800309 0.509301638721197
-0.0348680891457113 0.0144392422252941 -0.29256266728433 0.211822699710999
-0.0376593635071716 0.00431923659117019 0.00227328427258814 0.0490142821716724
-0.0321220922115799 0.0232039328241743 0.331884451621812 -0.16965765227353
0.0014193489401528 0.0298930085774518 0.102612658241813 -0.522704175510387
0.027885481465999 0.00188865951024568 -0.391685565890014 -0.300971648243691
0.0113399427170466 -0.0293727242709686 -0.324605968099087 0.199992064406131
-0.0137797485016691 -0.0122724537012257 0.00731289659363768 0.255961893976182
-0.00489791342760348 0.00382576367839879 0.0986002154878916 0.0605448467362211
-0.00346940622806484 0.00391495424961253 0.0323530949590437 -0.10590030825266
-0.0207434375310561 0.00347380571001598 -0.0318902710434331 0.0902089645433486
-0.0104985804962176 -0.00246060890213119 -0.0933296731823398 -0.0263219730489349
-0.00320056564903407 -0.0153883944527204 -0.0184831898635181 -0.237272387434145
0.0242665730365889 -0.0240454596959258 0.270785553847431 -0.19115691349034
0.0353673653045858 0.0275928086271445 0.399361249411252 0.212819539713107
-0.0180571632757374 0.042583616104158 -0.00636034036205753 0.510271173684699
-0.0369988000148443 0.0170889167971121 -0.292837136392065 0.224352778825121
-0.0404720799843502 0.00389724244874917 -0.0119926522580998 0.0534590707437439
-0.0360619068628032 0.0234484324811151 0.32889888484192 -0.156021475455591
-0.00160486261166735 0.0335047628805115 0.122133482467073 -0.515727364232039
0.0285682128967053 0.00514998381246252 -0.381499192373975 -0.319303591288389
0.0132692133944809 -0.0320683252114024 -0.337340768997023 0.189131052791396
-0.0142110064805267 -0.0170202194517712 -0.00174041400242072 0.260943825847807
-0.00608356455161129 0.000518425180707183 0.0973722215672594 0.0669550030575291
-0.00400006101416945 0.00288657448824788 0.0333300667489987 -0.104701471294767
-0.0195624578855813 0.00254451158009063 -0.0296115678523125 0.0904023354073059
-0.010222646903269 -0.00380971464231216 -0.0932502502457302 -0.0215366876694641
-0.00465816306677535 -0.0175522514736188 -0.0249633222848765 -0.232680740906233
0.0227147319299641 -0.0261494169357897 0.261823468886836 -0.197319553739672
0.0341249619074111 0.0256131754842497 0.401961412385701 0.200144636339849
-0.0176105204257957 0.0419650584138732 0.0100608192282432 0.511978372517934
-0.0353889399333774 0.0162907738481343 -0.293938133464082 0.237367112280192
-0.03777007349513 0.00306544861420682 -0.0258377677935914 0.0577635809747725
-0.0346409803174449 0.0211705650025389 0.323380654618974 -0.14239590163623
-0.0038136637191895 0.0324355901086034 0.138484843408809 -0.509872088014248
0.0274325190264445 0.00642504529512243 -0.374026336566634 -0.332728856752654
0.013944265555903 -0.0331646485821885 -0.348521797865049 0.179502867776557
-0.014089615917991 -0.0201597752389914 -0.00969228210378048 0.264716984383133
-0.00589938433415127 -0.00182737997638428 0.0970846340235891 0.0724342927616636
-0.00319830132525895 0.002610937663182 0.0357949963118144 -0.102531470541621
-0.016560198600242 0.00211202049465019 -0.027094329046956 0.0916090512028014
-0.00919150976444564 -0.00456857590031482 -0.0921359538667203 -0.0182005746907101
-0.00520551516386173 -0.018451422896299 -0.0293146945990649 -0.229309602021121
0.0196499122131922 -0.0263246805955576 0.254816552784569 -0.200396225790612
0.0309237397335383 0.0231007009306722 0.403258925487548 0.190711732324786
-0.0183434915215165 0.036691902644947 0.0196878812527886 0.513184606845805
-0.0297186208003763 0.011316318963102 -0.29784618972957 0.246027638844976
-0.0298467958248569 0.000218528993319679 -0.0386798018251461 0.0610048755467859
-0.0289128516628681 0.0157145166142434 0.316131871816282 -0.132727488888648
-0.00440354685965484 0.0272054489855247 0.147866361441001 -0.503253120465439
0.0241870345458824 0.00455524308217647 -0.366661403347359 -0.34256154524386
0.0126629183795316 -0.0332299107086752 -0.356653650168783 0.173068055107903
-0.0137251245971938 -0.0212408642743577 -0.0152662458896821 0.267614445752051
-0.00503568142832256 -0.00229282746237466 0.0974432919164165 0.0767910851409354
-0.000727705916334123 0.00266736429493441 0.0388493018037619 -0.102151136138768
-0.0126472241443005 0.00225593855979267 -0.0238647802472748 0.0922378770631617
-0.0069771776316074 -0.00342079161521735 -0.0902145100177956 -0.0168040503747156
-0.00486678952197004 -0.017041397963322 -0.0307256871527829 -0.227899513075353
0.0167678482070272 -0.0242443229555935 0.251640172679226 -0.201893732875351
0.0258193463674956 0.0199713283608978 0.402504320914281 0.189161367625433
-0.0184023545242252 0.028484646781955 0.0207971721550541 0.517702756304909
-0.0214381301555349 0.00367663485726099 -0.302884786286679 0.250458648218519
-0.0188266505127847 -0.00349843967581031 -0.0469031380017346 0.0622210402861044
-0.0202101370488605 0.00951997252080525 0.310935980329172 -0.128368269794648
-0.00344956309075073 0.0182038144988297 0.148996716464763 -0.498875852908837
0.0193601765953038 0.000967914011234011 -0.36733954870904 -0.344363392648373
0.00966891892916847 -0.0325278142382854 -0.360231765513328 0.17210173116183
-0.0139810307164748 -0.0202317216233258 -0.0165112394203208 0.269711439165054
-0.00236323799475235 -0.00114682547782116 0.0984714991134898 0.0774319842734248
0.00314250782462969 0.00318000722517436 0.0416243026340443 -0.103262562451567
-0.00763057272296471 0.00157912321200414 -0.0215457549242225 0.093090279214044
-0.00419163745675563 -0.00244307507088172 -0.0884051086254628 -0.0184979003198391
-0.00359275331626756 -0.0144172032674004 -0.0288282248891716 -0.229076581220713
0.0138588477033994 -0.0204354410522311 0.253315969429583 -0.200012850700927
0.0205500443525142 0.0164256380609308 0.398691016113248 0.19550250901484
-0.0188675780444136 0.0176326240198641 0.0122960755581354 0.519287358351057
-0.0116919359420817 -0.00518893086415612 -0.307906398872592 0.249567272609697
-0.00527832130724992 -0.00746910533294645 -0.0490376543187517 0.0625563894557355
-0.00953112110718246 0.00227771277070517 0.306437588500607 -0.130717295865794
-0.00109279048146602 0.00842212550485403 0.140639318350121 -0.498495442235337
0.0145120425872388 -0.00382261643878495 -0.373324744671533 -0.337846430012322
0.00535336708649202 -0.0300744296999939 -0.359451738960108 0.176735495380715
-0.0144036317281104 -0.0173355320568161 -0.0130861363613031 0.270120240460121
0.00010730565793763 0.00133001810437649 0.100660757033472 0.075534651259674
0.00827539134774709 0.00442405901971649 0.0440368824762993 -0.103629471581493
-0.00285325999819008 0.00180997526771649 -0.019636390436674 0.0934843379743805
-0.00138622991140337 6.14574940695414E-05 -0.086644002949878 -0.0217807075252552
-0.00190370262510776 -0.0103041397048312 -0.024285788310332 -0.23278779020146
0.0101222942829397 -0.0158797777019286 0.257632225666798 -0.195385230031113
0.0147963844788823 0.0136423322731063 0.39365513669274 0.207015706233719
-0.0189154645805775 0.00540055335807202 -0.000701396356754378 0.522017665248617
-0.000300210646044725 -0.0149558659052179 -0.313529687283985 0.244027985963502
0.00892983727907262 -0.0116363651786104 -0.0464576009999019 0.0612073144728142
0.00180137265565369 -0.00528083939216051 0.304550605851672 -0.137637869075378
0.00146416365726913 -0.00389758171407506 0.125641125641582 -0.500266329554224
0.00916914348232178 -0.00945230524629489 -0.382183474606991 -0.325136846131958
0.00030006953517957 -0.0269677710785591 -0.353946775814304 0.184881957260273
-0.0142539988848201 -0.0122696536144877 -0.00698318256693349 0.267995349858983
0.00326168237548349 0.005144144572081 0.103754883512673 0.0719889979920365
0.0133960663522216 0.00556451301323438 0.0456707445272437 -0.105022462391623
0.000609383140374769 0.00208574290972801 -0.0192496841647252 0.0937056379784053
0.00124922786628168 0.00298164561821617 -0.0842905921404083 -0.0274652846425569
-0.000247502197705307 -0.00610256927100444 -0.0165837920981767 -0.236499411504859
0.00770915815081152 -0.0108486646308381 0.267362226859839 -0.187221888068825
0.0112975236946724 0.0107113601752697 0.386707719434235 0.223705229386699
-0.0179135953910613 -0.00419883942934205 -0.0202671031227506 0.522871615336547
0.00883060612655173 -0.0214695506160493 -0.317675255837346 0.233661988284848
0.0194368910732856 -0.0140241058875764 -0.0368186622132073 0.0582195987518051
0.0104367161973457 -0.0112813523061155 0.304721929760288 -0.149098093260156
0.00331876191750772 -0.0121641820730974 0.105112980591827 -0.503912649606749
0.00531522617205198 -0.0140339263336317 -0.393557235874903 -0.306580617779757
-0.00373415520057162 -0.0242339613305574 -0.34350030921537 0.198112024933001
-0.0137928397733974 -0.00668873573292037 0.00304359697487092 0.264178932530649
0.00584183461320554 0.00903128986011377 0.106445143797278 0.064983233555371
0.0168482281351328 0.0070353452847159 0.046517722388277 -0.10732700942405
-0.0200740284763951 0.00131662720585638 -0.0522925586673205 0.0799230295610197
-0.0097831994851388 -0.00111836165799723 -0.085403112465906 -0.0506630339742608
-0.00192240153612312 -0.0131881082743169 0.0381592858819136 -0.242302065787323
0.0261957223789676 -0.0199294132683109 0.320566852420338 -0.126321284225793
0.033599404277529 0.0288337815400576 0.348681390354943 0.309236890956296
-0.0218159516746943 0.0386937701722091 -0.1275210323181 0.505401443117983
-0.038162871613522 0.00861274147885054 -0.339052454261135 0.153109878610874
-0.037689603173724 -0.00449517532276724 -0.00828541569950541 0.0498854482743606
-0.0373489767858375 0.015546675211114 0.368755056065803 -0.104057692166662
-0.00461806926554938 0.0271587293751265 0.207203639354245 -0.502534889350213
0.0248763242450026 0.00540988036612854 -0.331854566485681 -0.375809915796977
0.0120567501554143 -0.0274698361595654 -0.36324339114949 0.134242621923861
-0.0130259181406329 -0.0132605226135593 -0.0429749578830866 0.256786685199907
-0.00450753181704954 0.00331239016009629 0.0848869194781128 0.0797348939677485
-0.0041458960497495 0.00150337178596576 0.0563334553994986 -0.0976296903582368
-0.0204108394519365 0.000668197780758049 -0.0507375253610468 0.0809425896510541
-0.0105951016230391 -0.00334036447337412 -0.0876174013372849 -0.0450370062377452
-0.0028592001922579 -0.0164349722246498 0.0290098204796063 -0.23870988630012
0.0266662066964645 -0.0236667293251563 0.312387107908522 -0.136648456252973
0.0348575287969355 0.028222572239801 0.358404554256367 0.294093145377608
-0.0220811197634623 0.0419320789455804 -0.109248508185529 0.508411291542571
-0.0410978507884939 0.0100312114958086 -0.341372053678757 0.165588825337108
-0.0402029321947199 -0.00526491035070257 -0.0231649376727552 0.0510152304779004
-0.0406456789943588 0.0152661519523751 0.362049131229522 -0.0901454992514003
-0.0088964756052677 0.0297086683834235 0.224432321200177 -0.49358178116586
0.0248762126865491 0.00862377495923429 -0.317507049339519 -0.392530668391319
0.0146456536269376 -0.0295815978741831 -0.373476217200364 0.12212621659307
-0.0116395076049867 -0.0185546285823887 -0.0531441838056989 0.259309272068153
-0.0049773509971897 0.000138336410166067 0.0826916391074851 0.0863224631789533
-0.00511708696141317 0.000137215631121622 0.0568071801122375 -0.0961101557265076
-0.0188973187461693 -2.33052606026371E-05 -0.0484557615252169 0.0820609675184344
-0.00966941596812955 -0.00474942115446562 -0.0885222060669284 -0.0400786134410566
-0.00373742285319879 -0.0191066164855002 0.0217104702172867 -0.23645199662056
0.0255106445790702 -0.0259578619551042 0.304297353707235 -0.145209690600515
0.0336482984994447 0.0257284158437103 0.362444271792042 0.281235939424782
-0.0216323246623326 0.0409829527200694 -0.0921491954622217 0.515993418540253
-0.0386832651507541 0.00966770716124246 -0.345645708000112 0.177334453842791
-0.0377692036434356 -0.00593338921757662 -0.038174701908142 0.0517287609267009
-0.0394532072080996 0.0125897438556306 0.353670777759423 -0.0776211523880311
-0.0104307467443625 0.028725754790884 0.238788274163517 -0.483002900286746
0.0234334901758203 0.00906065302745417 -0.306589850800976 -0.40375154586793
0.015544045270464 -0.031006949006423 -0.382523126086386 0.109400366189467
-0.0108155340505646 -0.0208413357657917 -0.0618849994817418 0.261617361047777
-0.00445280763630299 -0.00225538831047285 0.0811439524954035 0.0917299935271401
-0.00402124114438934 -0.000131565370083151 0.0590057088779766 -0.0938217367367994
-0.0157838187753864 0.000714911744098569 -0.0464617360174617 0.0834635488481121
-0.00835457212291397 -0.00504270056379083 -0.0882071269145309 -0.0367130787240951
-0.00421934386116786 -0.0202335171214498 0.016623321316542 -0.233407592482762
0.0221497402530045 -0.0267007523414266 0.29823789179947 -0.150117373983027
0.031032244974131 0.0225124470878389 0.367061320428816 0.272560959652871
-0.0208938267173145 0.0357032755003869 -0.0835721601080146 0.518999924242057
-0.0321667276364839 0.00603419380240911 -0.350344033506639 0.186243185740832
-0.0292089801257104 -0.00697986369925179 -0.0518027914866234 0.0523334571363764
-0.0327880967842377 0.00904691863710255 0.344901002537398 -0.0696075692852419
-0.0101925602168562 0.0230560811253786 0.246434236509583 -0.473975491812874
0.0201131352003314 0.00673773036168277 -0.299361551247577 -0.412554877526106
0.0141971031654527 -0.0313869533755717 -0.389819601275025 0.102500486285557
-0.0107579170566982 -0.0219950500115755 -0.0679549974289906 0.263924730729021
-0.00290248086977877 -0.00194445289344159 0.0808205442065054 0.0957901908724627
-0.00114640688571411 0.000854049720761072 0.0615140449622927 -0.0931293130544743
-0.0116611929693913 0.000888698370276004 -0.0434375376479855 0.0844430207594342
-0.00635022520000363 -0.00369754884528704 -0.0865993156267958 -0.035235925926848
-0.00395785565435813 -0.019252196060109 0.0152966062533495 -0.232822941953732
0.0187087780105895 -0.0255007587924325 0.294714248817625 -0.151786216819738
0.0269511181516528 0.0186231850015034 0.365316147242704 0.27018149015741
-0.0197903351135626 0.0276234271684559 -0.0824479506625246 0.521692498459503
-0.022479064791007 0.000582245753010989 -0.356415012968589 0.189891882929106
-0.0170292329538686 -0.00760920509763805 -0.0603743136076047 0.0531734487314816
-0.0222182498784146 0.00490522508769341 0.33821758061227 -0.0667812273311633
-0.00689750349735462 0.014183661700127 0.246504571989863 -0.469835769695388
0.0168405408846297 0.00232078685429583 -0.296684402106656 -0.415226618682241
0.0113160978506204 -0.0311581935283163 -0.392116296368631 0.0996351170020953
-0.0112431027628776 -0.0212590754610394 -0.0686198906202483 0.265564594502934
-0.00123369077462007 3.23270773164787E-05 0.081832151636232 0.0970613262638344
0.00301082252832126 0.00268185020289529 0.0641313240487377 -0.0932538404208355
-0.00710035546712749 0.00167794357632953 -0.0410587257028311 0.085241091891055
-0.00413775526364307 -0.00184861708957144 -0.0840024644239177 -0.0360104887548175
-0.00343026480180959 -0.0160329748740361 0.0169232592898526 -0.233125260658111
0.0150777618297919 -0.0231553037106347 0.29510082280799 -0.149584909022046
0.0223332167811061 0.0147197217717663 0.359013305275009 0.27491664711182
-0.0173037223544804 0.0168963346888348 -0.0918372055705959 0.521868733604036
-0.0112990601628146 -0.00630730825045393 -0.361465519542366 0.187900459861487
-0.00361268972108581 -0.00797470837918271 -0.0628112936683471 0.0523643231797117
-0.0103008380801291 0.000406245422781329 0.334051215553238 -0.0679727521467767
-0.00228176152494573 0.00464384151279278 0.239139912463445 -0.469955058266586
0.0136305815726723 -0.00429877866504538 -0.304222373988963 -0.40911845981488
0.00598255508985481 -0.0299287808078973 -0.392576851417926 0.104863580088739
-0.0124596193622969 -0.0178965583582491 -0.0658919583833434 0.265606026887744
0.000806498530210054 0.00288667859843197 0.0841525180218099 0.095660018562173
0.00754573953145705 0.00473514932310581 0.0664717864801448 -0.0933285632779349
-0.00235795706048577 0.00308302386015435 -0.0391763751183352 0.0866424245432897
-0.00178649570891817 0.00114282119535612 -0.0819420253359161 -0.0386079898418632
-0.00281288552863624 -0.0117163040562594 0.0223714516277258 -0.235034197759131
0.0113306746850253 -0.018584042689644 0.299593880900235 -0.143753625186669
0.018015530488113 0.0101352017279099 0.352391342450279 0.28582688456877
-0.0151030926646677 0.00475541281429437 -0.107093826801888 0.520855525370612
0.00201209467209452 -0.0132069268342327 -0.365241778001573 0.18121313500755
0.011749913973975 -0.00831788685253842 -0.0595128160325362 0.0517356476024193
0.0033002767462736 -0.00471791904136675 0.333599017751008 -0.075708200991964
0.00259056689505485 -0.00616843215045168 0.22457782658191 -0.474526446773185
0.00960441318077617 -0.0107401778869314 -0.315634909846183 -0.398416596094745
0.000392497583845632 -0.0280543166925887 -0.388653055587048 0.114218353303181
-0.0133607304781104 -0.0132989846067241 -0.0596795968846186 0.265504481503335
0.0033755959980777 0.00740542322072611 0.0868390503120968 0.0919381483744462
0.0123786798121524 0.00776716223863586 0.0689741391764821 -0.0944854003780333
0.00068138217131914 0.00380808218147929 -0.0387493625688163 0.0870582343598063
-0.000263089317311405 0.00383009125920468 -0.0784811458528249 -0.0437830124962887
-0.00158198647066836 -0.00723566913983691 0.0308996389406802 -0.237461155190807
0.00799697301945007 -0.0149179612174336 0.306880644640994 -0.133778763636884
0.0145126275202986 0.00675813097835655 0.342093376025497 0.301131985556389
-0.0116905351733879 -0.00462330565404396 -0.126762916368017 0.51773837959172
0.0123203247807457 -0.0177899498708062 -0.36718472401628 0.170113628832883
0.0227288525288709 -0.00870888510536303 -0.0491424085071773 0.050615162424929
0.0121994502191829 -0.00810861407974857 0.336467460580829 -0.0878516801113934
0.00673867524010519 -0.0146262884725397 0.203765168749444 -0.483644562555506
0.00660398188061775 -0.0161687122502099 -0.332963262229299 -0.382464486003431
-0.00441063987401584 -0.0246917167585618 -0.38073784100238 0.127933181849976
-0.0144769733501382 -0.00803821841256185 -0.0493874800470076 0.263358487021321
0.00472208791743053 0.0117482956442618 0.0910620103577533 0.0859418639424526
0.0159972602269874 0.0097809721689244 0.0700355638397416 -0.0967104945168017
-0.0200993140770281 0.00186288553095803 -0.0522018825003815 0.0813382108327165
-0.00974651959002865 -0.000990748343921698 -0.0877329835718236 -0.0496216775986061
-0.00186331412647732 -0.0128433282178723 0.0353559084382691 -0.245812889133175
0.0258661643991199 -0.0207104319418524 0.323068749539402 -0.132943136604631
0.0341768684479016 0.0283065159209887 0.35665008918518 0.307515893364367
-0.0216345078142907 0.0387111891254879 -0.120628903614694 0.513014152006073
-0.0380560220312192 0.00859435378767294 -0.340984716206139 0.159368046144754
-0.0381202975978803 -0.00438356963910824 -0.00776093003952626 0.0507780509639455
-0.0377705866017909 0.0164762168497472 0.370990712446276 -0.109871877757982
-0.00449095161065664 0.0274362052565354 0.199818901629863 -0.511271164246717
0.0250420023483442 0.0055157289966084 -0.341000169284517 -0.37535023014342
0.0113768077342736 -0.0279915815198977 -0.365849771572393 0.14192481715909
-0.0132980582078937 -0.0132717501665125 -0.0395266348914142 0.259774133754149
-0.00470036991024702 0.00329595212671768 0.0871860507320722 0.0802617948150983
-0.00433483174969782 0.000810120652860242 0.0554675814030164 -0.0993726588387076
-0.0208625223330681 0.00152601871434562 -0.0505820821187504 0.0820342982874126
-0.0105896297722101 -0.00304970990136974 -0.0896210585751177 -0.0439093197664024
-0.00256226894584508 -0.0169021831425242 0.0251471581360434 -0.242141523807596
0.0262469230877421 -0.0244830648421217 0.313617483800469 -0.143601270731627
0.0350454257864953 0.0279448251484661 0.367082703707994 0.292013027066614
-0.0222178401506656 0.0431415396661665 -0.100091289191272 0.517376939350732
-0.0411361120102533 0.0111777488634375 -0.343235722868849 0.17295462755567
-0.0410869335976273 -0.00495254391420131 -0.0229366717394369 0.0517525023837132
-0.0417030657394105 0.016274069151343 0.366075500235343 -0.0965475263513507
-0.00811746413795827 0.0307698486837556 0.220577220968653 -0.501984173933885
0.0254817548213145 0.00859465474241313 -0.328901688187297 -0.391993726547845
0.0146503525906816 -0.0302668230209442 -0.3761967229715 0.129279762517741
-0.0124329899408768 -0.0179156499328166 -0.0495632232109111 0.262832366792829
-0.00514715871360745 -0.000214294901029312 0.0848467185334544 0.0861513703445103
-0.00531844290906535 0.000177894494649183 0.056545713320742 -0.0976130977369981
-0.0194547554157211 0.00104812850215231 -0.0484825950482054 0.0828350297361523
-0.00980686022640561 -0.00460374071031013 -0.0904281502153021 -0.0387693747697383
-0.00384143154544473 -0.0191427042567408 0.0184572026457326 -0.239505832487022
0.024831415982336 -0.026811814056355 0.305629061996492 -0.15136207899597
0.0342673222551712 0.0255649466846924 0.372651104404085 0.277842841025679
-0.0214145062030327 0.0420891445001468 -0.0849268540293764 0.52362885454396
-0.0390357194022372 0.00994185480526759 -0.346511361772682 0.184881125963484
-0.0378056540637401 -0.00551515143183674 -0.0381047473299486 0.0532957618813131
-0.0399410184377929 0.0137386895183144 0.35568950912986 -0.0843082719797494
-0.0104337614817239 0.0286831794447378 0.235047467068589 -0.492516851947881
0.0237332319954836 0.00846899840057921 -0.316566958370999 -0.405301759693535
0.0148777130341872 -0.031792236690024 -0.385108777596845 0.117236521579016
-0.0109561711603506 -0.0214592377469636 -0.0585209945142128 0.265887244310342
-0.00447125646399761 -0.0020698392722717 0.0837141337516341 0.0918986747043525
-0.00385228404971139 -7.97752481060173E-05 0.0582615000217692 -0.0956450016726579
-0.0161915584885791 0.000809878110732566 -0.0458983683303945 0.0847288064789372
-0.00831012983023962 -0.00519450682974592 -0.0896038708042087 -0.0349659659177558
-0.00405149862989561 -0.0200255493696724 0.0127875663607786 -0.236135790553936
0.0216936913512765 -0.027252476778182 0.29919013942662 -0.156391184094795
0.0316153583517122 0.0221477094790361 0.375731207802203 0.269106937511577
-0.0206830420669496 0.0364322036332588 -0.0776175008630123 0.52513777331017
-0.0325459644910655 0.00639817165923431 -0.352083037169407 0.193159707067833
-0.029388233026588 -0.00626304266444333 -0.0517335201408839 0.0537170517507161
-0.0334669103730857 0.0102061531597581 0.34785937602431 -0.074277800262953
-0.0100151655898386 0.0234347883418228 0.244041388589526 -0.482711723372879
0.0206786681823291 0.00676769252228529 -0.308435659396542 -0.413285113405637
0.0139596417809978 -0.0322321439301169 -0.392120026989603 0.109916394536121
-0.0113706307535037 -0.0224999555912126 -0.0647556455185287 0.26757681956654
-0.00272513414403979 -0.00256378832320409 0.0829618967692368 0.0960053671431604
-0.00100831366275783 0.000533264104379676 0.0610056125595738 -0.0946136451790687
-0.0122069669842595 0.00168672579162387 -0.0432299234025426 0.0859434094400005
-0.0063662274428975 -0.00411138999932007 -0.0884457848265153 -0.0336368430857217
-0.00434758220852505 -0.0188841259392022 0.0112161875515797 -0.235114240140915
0.0182312551638045 -0.025844632002886 0.29589617508272 -0.158513991556189
0.027473203084777 0.0182080914839591 0.373253199657495 0.267919984534827
-0.0190833460336188 0.0276884713566871 -0.076242661109323 0.528274640901462
-0.0230190916365334 0.000493174072353522 -0.358459536160627 0.196494032033779
-0.0175110250956572 -0.00713670137273486 -0.0599327475622669 0.0541657830977293
-0.0228476435346323 0.00521170463538621 0.341435000029928 -0.072068862529866
-0.00683430621248747 0.0149313226533384 0.243233096207199 -0.4798899779279
0.0173574349634836 0.00196387542386806 -0.30600280646713 -0.415110888744141
0.010794937473823 -0.0313516671518938 -0.39550969523957 0.107716494854698
-0.0116620934056275 -0.0212136832074214 -0.0655488564122367 0.269026283042308
-0.00103061728428063 -0.000566163421394382 0.0839088611026091 0.0969865091682246
0.00293800688706463 0.00213658394796149 0.0639171325460361 -0.0944467576076999
-0.00727454320368561 0.0022162114709929 -0.040382897943216 0.0867807978631352
-0.00401210035225582 -0.00170585481129582 -0.0858861562380343 -0.0350557345320827
-0.00349076790636109 -0.0163299917462942 0.0133298540295216 -0.236041952480824
0.0151420341909109 -0.0232412061199047 0.296602550152873 -0.156527026962066
0.022858688242366 0.0144028469819034 0.368827126446466 0.27344862854678
-0.0174924982302583 0.0175759540785733 -0.0841740545384806 0.529589318540144
-0.0112683169683922 -0.00592523131876321 -0.363042233391208 0.195588063929743
-0.00319588696032878 -0.00819964324747448 -0.0625161145686288 0.0539614704870771
-0.0106713462796898 0.00055809860095701 0.337448787078744 -0.0733152478405699
-0.00258629559261975 0.00485089641073734 0.233731927441562 -0.480099894433315
0.0131563377827698 -0.00399752131424276 -0.315588442667941 -0.408437330833017
0.00540300054757336 -0.0303996510623162 -0.395452564512824 0.111797401045345
-0.0126407850152118 -0.0182376673886375 -0.0624940264055891 0.269933517233833
0.00127029357722656 0.00279913730526993 0.0865811727903493 0.0955138976491785
0.00793328335393834 0.00456785412504255 0.0663045228945 -0.0949108797306198
-0.00250603146898221 0.00351561059684815 -0.0389309696401927 0.0875584969209296
-0.00172901630443551 0.00117739816971086 -0.0828449761424536 -0.0382893198517312
-0.00245722971149061 -0.011551312531068 0.0188725014715539 -0.237896140340149
0.0104156105585287 -0.0192300484462136 0.300952197376266 -0.150222118306407
0.017880446489708 0.00940141590571521 0.361249971513337 0.283714146640406
-0.014797337364947 0.00556808794976844 -0.0992735794616805 0.529388092063796
0.00198567959959887 -0.0131165648891514 -0.366994686198468 0.189053936122854
0.0123168873848921 -0.00862438963623174 -0.0595373099733731 0.0526738094134118
0.00270504289011925 -0.0044820706136376 0.336306599082035 -0.0813572535820409
0.00247948187737177 -0.00614548439395509 0.221129523133922 -0.484131267975853
0.00935824940259177 -0.0110158054848276 -0.325742487342701 -0.398309174819748
1.2252703479195E-05 -0.0285822793989064 -0.391749187326364 0.121516962455093
-0.0138026060211246 -0.01303732107135 -0.0562021293804199 0.26896815088899
0.0038929672179185 0.00715642552263204 0.0897118894291425 0.0915184926928841
0.0127166352031141 0.00691121821168085 0.0684061309074829 -0.0963310784457628
0.00106013161493641 0.00423975050958295 -0.0380636601230972 0.0882752889053985
-6.71479169453669E-05 0.00383337654441255 -0.0804990105712767 -0.0429145363629366
-0.0023794707588476 -0.00685173100594157 0.0275783059920107 -0.240989542224209
0.00731574234755362 -0.0152724444739903 0.30804521748317 -0.140145167597517
0.0151971179212491 0.0066825405093885 0.350459654351842 0.298523796863352
-0.0121323592234474 -0.00389485453155201 -0.119247392551236 0.525858666410597
0.0123733662184992 -0.0181116716335191 -0.368758411756733 0.176916305696963
0.0232057062873662 -0.00848379792256308 -0.0493906306655416 0.0514965825819572
0.0119571075452099 -0.00830204767703464 0.338390482649624 -0.0933935157776068
0.00638589134231557 -0.0148411111150741 0.199049653404959 -0.491874731905934
0.00619091668249931 -0.0166894502677407 -0.341808703169318 -0.381854967365581
-0.00530820616149597 -0.0254716507617419 -0.383477991908364 0.136738923598123
-0.0147895525277543 -0.00810370226148462 -0.04517027502506 0.266794461373794
0.00540264994848492 0.011574235170148 0.0935436169159284 0.0857316597959037
0.0165636226445955 0.00920606867468048 0.0692324897812178 -0.0987470719051378
-0.0203622760250004 0.00223565544410096 -0.0519688019840467 0.0827768690188343
-0.0102884071321164 -0.000823940345667867 -0.0893585940385786 -0.0484608825866116
-0.00213813165519635 -0.0126717567349972 0.0308559153834167 -0.249040011573823
0.025627915424009 -0.0212764049857495 0.32321647643218 -0.139763602392765
0.0354177141832289 0.0279457494048199 0.365993368818925 0.303857110534692
-0.021221781738518 0.0398095594924669 -0.111692339028633 0.519837800922568
-0.0384433398908492 0.00957376978400833 -0.341909002886597 0.167066246765765
-0.0381873462986766 -0.00383469471349621 -0.0074605841711469 0.0510130981286904
-0.0381473163345949 0.0174918564069928 0.373734457420519 -0.117083729828428
-0.0043586715554018 0.028023221456319 0.194954996226066 -0.519242235853855
0.0254247437468419 0.00512802277984741 -0.350076713630208 -0.373303077257676
0.0107886504565966 -0.0286257222313 -0.366916001821911 0.150130734304467
-0.0132217317121425 -0.0130132043932125 -0.0354737839924523 0.26298620582439
-0.00405039033421307 0.00309615519673232 0.0897055210982568 0.0792709668659371
-0.00462615543683232 0.000703773613898368 0.0550193987420105 -0.101107559067553
-0.0209331000555984 0.00203917593295613 -0.0499573754264451 0.0833297307546664
-0.0102926790427656 -0.00350645627670602 -0.0912331848412169 -0.0426983959504081
-0.00304376183733569 -0.0164178072792155 0.0216413405399252 -0.244832722442914
0.025430781962234 -0.0251287865716986 0.313775233932955 -0.150508947899036
0.036559984630188 0.027315414113948 0.376788213552626 0.287002482024127
-0.0211291318579218 0.0434562683999896 -0.0920431562377551 0.524902890335002
-0.0414307543632496 0.0118238595658644 -0.343339874911884 0.179763612184115
-0.0409084845153589 -0.00403006959343769 -0.0222020729480781 0.0527897964532512
-0.0419031101899886 0.017205264171832 0.367195165979868 -0.102977443947794
-0.00836931882847666 0.0311257061384414 0.215040338208588 -0.509657155607537
0.0258733142415532 0.00788022112689054 -0.336862865616678 -0.390721061800968
0.0139708823560204 -0.0308099480936297 -0.378219942862469 0.137241792602749
-0.012633489675522 -0.0178943350772456 -0.0453914847498748 0.266143674584808
-0.00477787725251378 -0.000427847766279525 0.0876102868876219 0.0858434100911662
-0.00533861149265113 -0.000472963631986778 0.0555498936985727 -0.0992400992753576
-0.0195073111266699 0.00171043578748822 -0.0480714772260391 0.0845872748470716
-0.00993289940354297 -0.0046672599391169 -0.0912802292636951 -0.0376027313722736
-0.00392583754115037 -0.0189755697300711 0.0137249436608381 -0.241892023026743
0.0237210350468609 -0.0276722261909149 0.305819764297708 -0.159055299502998
0.0352141909533106 0.0247788489979245 0.381039965873871 0.274958224169806
-0.021100327592063 0.0425104275158542 -0.0769529442973475 0.530198988855421
-0.0391412896155708 0.0109780191119524 -0.347187437786131 0.19239553329588
-0.0381470157249793 -0.00464024390094437 -0.0374627858629653 0.0541511473920503
-0.0402123420134125 0.0141760429547828 0.358411592647159 -0.0899234739431227
-0.00964557107779013 0.0295035674016879 0.228686185908102 -0.501098415352411
0.0241811284235874 0.00851289270587589 -0.327548047610563 -0.402978127251905
0.0147187255828998 -0.0323028552176998 -0.387298040600352 0.125173015758802
-0.0117377503593586 -0.0211185931039855 -0.0543182900330844 0.269269787142003
-0.00393980213346802 -0.00234584239053978 0.0863856033912885 0.09120400174254
-0.0038877644150727 -0.000756125673015634 0.0574434009137737 -0.0970163582602549
-0.0161925764046008 0.00153145838663377 -0.0450036753901946 0.0854711427165063
-0.00891139024493431 -0.00457205312603935 -0.0916657702031394 -0.0345919364857012
-0.00432017111665828 -0.0198010520144147 0.00862157146787057 -0.238294011911078
0.0215313925635986 -0.0274185161317129 0.29963316790898 -0.163438358399695
0.0323300152792447 0.0221223221667144 0.38355215007852 0.265806524605611
-0.020011163248631 0.0373200617339314 -0.0678279299059947 0.531942977805586
-0.0320200078770701 0.00719481643702138 -0.352669826517148 0.200894450346559
-0.0297525633014796 -0.00603686334482017 -0.0512149176802312 0.0552823110958571
-0.033376432644893 0.0103330561184521 0.350108248466745 -0.0803224960326417
-0.00983641723888314 0.0239249933110136 0.237683866149571 -0.490351035532847
0.0212486604572888 0.00622193860572248 -0.318832954708145 -0.411475633761034
0.0135996381824605 -0.0327465612134372 -0.393892728236916 0.117764419631688
-0.0114929819266847 -0.0220381759280378 -0.0604489194962383 0.271315095506125
-0.00262984651709595 -0.00205736881705615 0.0857314170871828 0.0956321166794629
-0.00125334365482024 0.000302643611555845 0.0605263105189625 -0.0964445205572842
-0.0120709616393339 0.00188212102736881 -0.0425242565406018 0.0875629727774194
-0.00649438341739626 -0.00377322161802869 -0.0899975069748504 -0.0332414548229945
-0.00481184258756677 -0.0183883079314817 0.00692195488316931 -0.237740477055091
0.0178606740979751 -0.0264497639298869 0.295501861297664 -0.165443164852461
0.0282520338339213 0.0177720435212354 0.382199112552737 0.263678119929724
-0.0185137230260449 0.0285970156698349 -0.0681020350696809 0.534996080936953
-0.022674578162379 0.000987852176467277 -0.357694995706687 0.204955521322705
-0.01767401286546 -0.00745819652422387 -0.0600491173061015 0.0559566606201303
-0.0231588192508792 0.00546351152625474 0.343667561546499 -0.077730123338731
-0.00710180192151474 0.0152326246020815 0.237147506034917 -0.488544939595644
0.0177173095317614 0.00144410920103171 -0.319143969149357 -0.413109361778962
0.00998424429607055 -0.0325984864735101 -0.397855978505838 0.115948595963466
-0.012175432424748 -0.0216554116222992 -0.0617706622918131 0.273294171632782
-0.000186910764259047 -0.000924101069545032 0.086690797922978 0.097082276823224
0.00319916267308537 0.0014695200967773 0.0631437109681784 -0.096360338435598
-0.00755994572601124 0.00273636934866491 -0.0401500018051617 0.0880119852984197
-0.00403616097610479 -0.0016203335863809 -0.0875184273340716 -0.0339645036869927
-0.00406450764810271 -0.0158842325219749 0.00906972367545764 -0.237849040999901
0.0137085432353242 -0.0236569434493601 0.296853261009281 -0.162892772826724
0.0232302705687624 0.0138957513770293 0.376906884429268 0.268083112019851
-0.0172134340503387 0.0179909705317062 -0.0755756632088196 0.535072779337424
-0.0114874528234651 -0.00621275733424425 -0.364131258025117 0.203160451181222
-0.00338828684692682 -0.0078362934363405 -0.0625230614529403 0.0552584995499183
-0.0109559801293851 0.000923805727728749 0.339929644617416 -0.0801231761632854
-0.00240303937843256 0.00488309289790214 0.228587448757992 -0.488484458367713
0.0137996833808823 -0.00473260676626169 -0.326381050568631 -0.407725019401629
0.00473477020761768 -0.0310998446929315 -0.397291269615206 0.120266128221221
-0.013059499940528 -0.0182854360647191 -0.0588671832171285 0.273363367485894
0.00179335385723147 0.00205441180215065 0.0890799578849259 0.0949396048409236
0.00784251708330315 0.00367068749092756 0.0651479788692982 -0.0965224596197597
-0.00257175433742331 0.0037571712868149 -0.0377298490962222 0.0886358834110158
-0.000851779529425801 0.000958835259195146 -0.0849984867088341 -0.0367027289110756
-0.00276570541230985 -0.011760640735527 0.0143648384902436 -0.240389542776047
0.00980234241162987 -0.019305448485395 0.300806229087499 -0.157518733683988
0.0183782458867114 0.00957301114211342 0.369965519974793 0.279219039882848
-0.0151798726492244 0.00601167483205644 -0.0898295017754704 0.535706782073435
0.00184478199819925 -0.0138270024801385 -0.367801975576015 0.19736971503874
0.0123304065659483 -0.00873084620890368 -0.0588696020778833 0.0547018292852233
0.00192220577005044 -0.00481091408846299 0.338668817878631 -0.0867078666320561
0.00217760106313632 -0.00634590299564554 0.214599177278004 -0.489960823396822
0.0087047682712939 -0.011471969602846 -0.336126540263713 -0.396937610532132
-0.000948917215431591 -0.0287377272780425 -0.392712357065642 0.129746325688934
-0.0138333004074973 -0.0131182775511593 -0.0518116277111289 0.27198103060734
0.00430204215548622 0.00666774166275324 0.0922146443792616 0.0917229313966081
0.0132790307782258 0.00658712369632175 0.0677555308836715 -0.0986302696811654
0.000478175244879859 0.00470777919438949 -0.037147009809504 0.0893274927964403
0.000552682659105418 0.0042674807837421 -0.0821904002279066 -0.0420674258852231
-0.00197049444575295 -0.00681349154650682 0.0237293505545873 -0.243046559155321
0.00733499238369492 -0.0155056023320628 0.308208454792534 -0.14804592279854
0.0152001130144581 0.00648837438464786 0.35891167031408 0.295903952232234
-0.0123733976237 -0.00405811499856107 -0.111298028454868 0.533876136825014
0.0120376737066576 -0.0185919160255529 -0.36989603135259 0.185380905571154
0.0235947280742655 -0.00928361734628265 -0.0490193447794105 0.0528879589721272
0.0120090709003275 -0.00881034512248743 0.341331673295512 -0.0994068371392209
0.00578343893375114 -0.0151394010777625 0.193295401025394 -0.500454827944638
0.00596270200218864 -0.0164677925656855 -0.35243812535404 -0.380295808626998
-0.00557868490155959 -0.0255388974348703 -0.385079799235189 0.144670128687816
-0.0149057652975439 -0.00764322869027193 -0.0411107610469036 0.27009983849005
0.00623342657984807 0.0112390238268797 0.0958713676333594 0.0846676512918032
0.0165466864670149 0.00830369203423184 0.0683573213919824 -0.100629249712415
-0.0208162912273484 0.00342775608471625 -0.0506016635458637 0.083403372469634
-0.00992242395085172 -0.000776727800927971 -0.0909114460960163 -0.0470010683349833
-0.00230420950237146 -0.0125163380906488 0.0256271198289424 -0.250303309134024
0.0247937347789235 -0.0215498309300666 0.322425781972018 -0.146709187871178
0.0353080203672943 0.0273051220332847 0.374796909091759 0.299088495741808
-0.0203836638510342 0.0404862853179428 -0.103190966134389 0.525501544780276
-0.0384588709822085 0.0102252522550627 -0.340883413685169 0.17375731355874
-0.0381974526045439 -0.00318501971200789 -0.00650750096068825 0.051092784376587
-0.0380509841232856 0.0181726987527541 0.373143648107188 -0.124305561552337
-0.0041290089683854 0.0281696826212137 0.185294929771885 -0.527338968452179
0.0258255786026618 0.00436602215584448 -0.360591565763301 -0.369477069904066
0.0104561155191761 -0.0291819671932466 -0.366644763367334 0.158591458985385
-0.0133551937502526 -0.0130627723233802 -0.0313142362216007 0.265534539851008
-0.00398479963572761 0.00268241269984237 0.0921847101905209 0.0788300977969615
-0.00472761902286437 0.000233456337926514 0.0535525649756099 -0.102478290360683
-0.0213790999218124 0.00268916510489053 -0.0491932247956449 0.0846589421404819
-0.0105145081151945 -0.00329398365300528 -0.0927142094197109 -0.0418581349460325
-0.00292599125726892 -0.016432289159207 0.0164650455581566 -0.246679711251407
0.0245961623349529 -0.0256710171261501 0.312441248963972 -0.15778327369702
0.0371848173411003 0.0265148802667631 0.383109458140086 0.282266440784649
-0.0203106890639014 0.0445903317333882 -0.0831070254947217 0.530079556997855
-0.0414029173446239 0.0123545409032045 -0.342651339238686 0.1870834926791
-0.0412646110446715 -0.0032773602341823 -0.0220615093181076 0.0536812932499975
-0.0422940064846877 0.0180895349045785 0.368123868323412 -0.110300584762787
-0.0077897790541 0.031866226643183 0.207701093536322 -0.518148908939784
0.0262581043422757 0.00726640457476053 -0.346880843417561 -0.386811934665825
0.0130853041417563 -0.0314900126139988 -0.377645912419827 0.146109733399021
-0.0124918254486914 -0.0177606655894773 -0.0409123379984993 0.268952110260189
-0.00459280464369394 -0.000482733299525393 0.0903933975946113 0.0850757083993587
-0.00545009615553349 -0.000826953508583507 0.0544909415511268 -0.100632392998942
-0.0197216984443921 0.0021376304270395 -0.047212060583637 0.0850944334713529
-0.0100097536301077 -0.00459047065449876 -0.0933440407351286 -0.0356421343730488
-0.00441710723128719 -0.0189843183357079 0.00931027772313972 -0.243300329489033
0.0234052215666965 -0.0282524771029595 0.304456818718714 -0.166217266590802
0.0360400184113271 0.0245734368331231 0.388822520888123 0.268510722109352
-0.0201433060240414 0.0435296890691223 -0.0665071206547554 0.534213645626053
-0.0390512395378997 0.0119284849720356 -0.346306307588003 0.199527990871065
-0.0385722498768798 -0.00435664505854773 -0.0374230194354112 0.0557730163772889
-0.0404473017280553 0.0151662439295744 0.359295814824812 -0.0964918826663619
-0.00991186126899637 0.0298544333154634 0.221588544546855 -0.507390849025821
0.0242586939258029 0.0081678054719626 -0.335433048545524 -0.399049898484111
0.0141064232596501 -0.0325936388997647 -0.387261344082888 0.134157772404289
-0.0122515936436766 -0.0212915645545117 -0.0496585973906239 0.272361702878096
-0.00366545541342591 -0.00267205847767305 0.0883424055616459 0.0910090598716565
-0.00422256296122513 -0.00102905573595603 0.0564983966840905 -0.0986265406328015
-0.0165139756487319 0.00189217150186064 -0.0442058451735989 0.0868131689302092
-0.00862430090767742 -0.00490297400414514 -0.0927401850218443 -0.0321675615551258
-0.00425774039008864 -0.0196690123943272 0.00386015037169148 -0.240028027314188
0.0211008851639909 -0.0282301340749253 0.297861102903405 -0.170806957340248
0.0328185078257309 0.0211734764305173 0.391807423908326 0.259309091136752
-0.019122010301394 0.0382535853491699 -0.0583491194430778 0.536965473790702
-0.0320864343690858 0.00775921406761222 -0.351093352189543 0.209324046178087
-0.029954926112727 -0.00560467191867912 -0.0506838521708695 0.0567693145809893
-0.0336728663604801 0.0108475479357793 0.350899546849552 -0.0872109878199726
-0.00918778991005545 0.0239042385672018 0.230505711601933 -0.499510910686239
0.021520281535157 0.00542537172254948 -0.329148456155838 -0.409218327599672
0.0121602635069794 -0.0335583812034854 -0.394889588106383 0.126977490820337
-0.0123100594032646 -0.0222654154647198 -0.0559317133552525 0.274262998742766
-0.00254413637039226 -0.00282594053472487 0.0883160254695034 0.0947696326870725
-0.00134585071300672 -0.000379538098432127 0.0595690495411812 -0.0975553574242412
-0.0122980281194853 0.00238191585060284 -0.0414003194688414 0.0881562954960481
-0.00646236273021584 -0.00384016595598536 -0.0907221565666194 -0.0313101659284077
-0.00466648944322087 -0.0183130462860141 0.00229380065176277 -0.239373442324333
0.0173824473605235 -0.0267853452236663 0.294020645905608 -0.1728143554754
0.0288754985978497 0.0170753383481859 0.390235146944703 0.258597470885369
-0.018671140036689 0.0294423875284993 -0.056909827815365 0.540305264875045
-0.0229880458194128 0.00158280315677106 -0.356968841989172 0.212798686344376
-0.0175515537658568 -0.00693483432357567 -0.0595222370892439 0.0570345162135432
-0.0235789355512482 0.00603469492224758 0.344700431841012 -0.0838433088464765
-0.00661505558393823 0.0154794894878531 0.229375571136189 -0.495564583006263
0.0175636559481384 0.00115118308106624 -0.328018935738963 -0.410092520785374
0.0091072527105066 -0.0327645412986275 -0.397823296245029 0.124544664747544
-0.0123239329341846 -0.0211489804249188 -0.0571902519300013 0.276108797850813
5.65249918162251E-05 -0.0013882703751857 0.0893446318303872 0.0962137614301168
0.00337126097322922 0.000916548143996646 0.0618493444424046 -0.0976046794813822
-0.00779176286681907 0.0029302577118611 -0.0390576733546562 0.0891917722345535
-0.00386748780525209 -0.00201354081728993 -0.088081204001552 -0.0324350211303145
-0.00403524409119213 -0.0154562677095227 0.00448252828719864 -0.239362983812335
0.0135979726883626 -0.0239999808272622 0.295778763399345 -0.170377259313356
0.0238280766851064 0.013465899653252 0.384895697426277 0.262691310560193
-0.0170138890071838 0.018428525315566 -0.0656740225316841 0.540952554875293
-0.0114618269163163 -0.00611556565919443 -0.361766923922785 0.211006051527324
-0.00329586926987711 -0.00818151122796475 -0.062222291440479 0.057262954695845
-0.0109904012334528 0.00109348762224399 0.340038596622536 -0.0860538943467776
-0.00316681806054714 0.0051762920375985 0.221080311501179 -0.494640527432825
0.0135587608571046 -0.00517566385669655 -0.335502482157141 -0.403709859014683
0.00427816997694656 -0.0314702122331568 -0.398019878854832 0.129721312224796
-0.0134351497912712 -0.0180896938926849 -0.0541144568135532 0.275965480833806
0.00199937912517148 0.00156054371215468 0.0913528891643574 0.0947257071201929
0.00781682089496376 0.00310444856937897 0.0644440949823059 -0.0980663237711457
-0.00246041742211498 0.0039886997225082 -0.0370870780796322 0.0894480414845074
-0.00129601473063397 0.00088588305253155 -0.0861539933709033 -0.0353041675965771
-0.00286655315301197 -0.0113070966846437 0.00960104801956014 -0.241787693247768
0.00949979498550384 -0.0197907939630469 0.299066902940151 -0.164346135742078
0.0188925365022793 0.00926563230566809 0.378471505981482 0.274398654463245
-0.0149285073779358 0.00607222803774311 -0.0805200833547067 0.541973607719146
0.00190940647834571 -0.013940712231892 -0.366712348896276 0.204608380957682
0.0119595801117128 -0.00934728632553516 -0.0590839839106305 0.0564007604454837
0.00194738864006761 -0.00484603204086607 0.339221744355835 -0.0924087410570643
0.00228261968154405 -0.00645651687465922 0.207743828195944 -0.499274796199864
0.00913478813633194 -0.0118721418540789 -0.346082097869128 -0.392178927966519
-0.0016198389666456 -0.0291189764558857 -0.394075229018718 0.138990167968528
-0.0142858770386519 -0.0137166256054481 -0.0468258372746776 0.27505575984939
0.00478285327308197 0.00621278552880352 0.0946449278335115 0.0905153896339041
0.0131570324801573 0.00593339956490091 0.0662517543400999 -0.10000647355022
0.0007304095096889 0.00501849474755259 -0.0363951133680455 0.0897519613902348
0.000865303856851078 0.00402346844810472 -0.0838252134922351 -0.0407721094680517
-0.00216712543646938 -0.00676595923697986 0.0187169804910445 -0.245013906695283
0.00684113132825536 -0.0154529618268462 0.30707561112506 -0.154967842191664
0.0151966022479053 0.00580585291592168 0.366864737077664 0.29047253793556
-0.0120402262850341 -0.00407989990349924 -0.101949014119482 0.539521043428973
0.0120185059567296 -0.0189201234233307 -0.368942835200428 0.192717183348341
0.0234266320296836 -0.00992038722429127 -0.0485009892892818 0.0544735301758757
0.0110999293315391 -0.00933593683573017 0.340567652494612 -0.105124594794365
0.00539325519207827 -0.0153534531588167 0.186400492092859 -0.506940970990075
0.0052344386456078 -0.0172871954954424 -0.361610206178318 -0.37441941607552
-0.00626877076707161 -0.0258273370127231 -0.385331265606998 0.153156370348463
-0.0150605430066046 -0.00731656013193538 -0.0361319629877463 0.272192894439675
0.00688425808990038 0.0110950633274215 0.0980299489708634 0.0841653999558195
0.0168728674508168 0.00785402973573701 0.067322948039387 -0.101818543057977
-0.0207185988531885 0.00405543836826298 -0.0493500306529573 0.0843766591586468
-0.00963451755543376 -0.00100847089117342 -0.0919255890906584 -0.0454049788499909
-0.0023599175778119 -0.012272587681149 0.0211136942074771 -0.25125248715363
0.0240500693778765 -0.0221123361647924 0.321335225532459 -0.155154781201581
0.0366247403367048 0.0265124940286389 0.382240675282445 0.292200715920453
-0.0192099489448588 0.0412853250877583 -0.091136696687124 0.530016051672605
-0.0379293875207999 0.0110698100302635 -0.338352950209621 0.181331806440661
-0.0381568266121065 -0.00237786436401589 -0.00633209650150516 0.051695668594959
-0.0387448994521052 0.0190977346275202 0.373149054859594 -0.131350925874766
-0.00361454198375586 0.0286388375433544 0.17680733505814 -0.533719925597159
0.025665536248045 0.0036311004121991 -0.369237038319236 -0.363542881067691
0.00995810491846727 -0.0293018233892624 -0.364052688701902 0.167685777304283
-0.0141222640687331 -0.0126888748704066 -0.0257828665683711 0.266982259040714
-0.0040376169185225 0.0021112366185267 0.0940171911276379 0.0779146953005817
-0.00486888770310634 4.8522275433836E-05 0.0518214883444948 -0.103503710660272
-0.0211789086573904 0.0032449956759573 -0.0479787639035708 0.0851705357982123
-0.0106260703086044 -0.00320280211837565 -0.0935403716796847 -0.039259171331723
-0.0031065735928078 -0.0161969887198178 0.0112572574181206 -0.247990393710565
0.0244258335069176 -0.0257549553921615 0.311170878421559 -0.165008931799015
0.0374579350793841 0.0264572747602334 0.392322600696147 0.275515550829619
-0.0199372546833994 0.0448580651316654 -0.0736556248902647 0.534920147332866
-0.0408997970530554 0.0132512003837118 -0.339665683036944 0.194089331732738
-0.0414611109330462 -0.00297027177799019 -0.0208673219335573 0.0538418913387786
-0.0423892184673586 0.0188755737413566 0.367090336059569 -0.116927442597467
-0.00735376037571888 0.0316164298862506 0.198145859868747 -0.5225583462805
0.0259670575542798 0.00695099606190259 -0.357649582799848 -0.381460065331139
0.0126036575657142 -0.0318258624852227 -0.376780548114606 0.154972942106652
-0.012842528158738 -0.0174897313111464 -0.0354845657785132 0.270468479042333
-0.00422439323945562 -0.00159491431522614 0.091709825421341 0.0844704299915162
-0.00624170140293595 -0.000582074602623489 0.0530548809568098 -0.101766654716739
-0.0199856265141421 0.00312648608556051 -0.0458245672275438 0.0863510431168748
-0.0094356786310481 -0.00468850180680956 -0.0943225580210428 -0.0342331630376868
-0.00480696216020105 -0.018654147645501 0.0042140340907611 -0.243777821658879
0.0230307855056199 -0.0286352337227257 0.302177339693776 -0.172554732214246
0.0365888551539789 0.0241993877531579 0.395677205645255 0.261738942078359
-0.0195082835057124 0.0439926947600788 -0.0567136513597965 0.539067196462688
-0.0390135354112193 0.0126634363943541 -0.344762879920032 0.206918959812767
-0.0385430988234321 -0.00346295530102268 -0.0369554708496453 0.0563290788663522
-0.0402965575746408 0.0160270977785958 0.359215612924084 -0.103893769834293
-0.00934160142378447 0.0305183144661726 0.214390769762271 -0.514462611751119
0.0247048738412491 0.00752276716957784 -0.346341429526266 -0.39451824634288
0.0135319444389727 -0.033447844261235 -0.386922051659257 0.142610600623819
-0.0124709431856099 -0.0209597020604805 -0.0449649391894333 0.274562015271611
-0.00379199435170044 -0.00300403250914457 0.0906649481402304 0.0901709496929308
-0.00456434984025319 -0.00125372764799665 0.0549347507851966 -0.0994213682528446
-0.0168258621865065 0.00277615246642724 -0.0433764435639557 0.0877764757286448
-0.00787682078117751 -0.00465801247567393 -0.0932447593026001 -0.0306571575011358
-0.00525834568535913 -0.0192091649794157 -0.00124477615166506 -0.241084161044895
0.0199081169467058 -0.028479217007588 0.295013959484261 -0.178167547562517
0.033388169232883 0.0204499120768992 0.397647970564938 0.252366704148408
-0.0189841247436203 0.0385940438000243 -0.0466573848378875 0.541925391250031
-0.03268213311469 0.0083639685141474 -0.349285800543194 0.216396277363923
-0.0298872593326232 -0.00505896109195025 -0.0499687684211823 0.0580435494764247
-0.0341991634549172 0.011984640435693 0.35135627013868 -0.0942652681694374
-0.00857921195281545 0.0246297379550047 0.223195076384003 -0.50603550459367
0.0215642313012823 0.00534302420766734 -0.338739231644274 -0.404938949063129
0.0117147684968342 -0.0339395964172342 -0.394443291372779 0.135506409436359
-0.0121575568816146 -0.0219433456473761 -0.0508179594848181 0.275895041834448
-0.00189804956419029 -0.00311160001209382 0.0906660602419245 0.0940474371397622
-0.00135787084265508 -0.000341146968623154 0.0578166841564923 -0.0990653393067161
-0.0125356745556481 0.00291804086130539 -0.0403041886558155 0.0888907230045897
-0.00607218567304241 -0.00405578590227829 -0.0921676644181568 -0.0288071193774963
-0.0048349892176561 -0.0178839983311046 -0.00270064263029858 -0.240455182836925
0.0164522646190838 -0.0270603653260411 0.292117955741559 -0.178504970716768
0.0292864139938112 0.016606442802113 0.396798432260311 0.250717530046566
-0.0177583896856482 0.0298905440614235 -0.0470654697361759 0.543720006197173
-0.0226623855247129 0.00145290025617553 -0.354094981371725 0.220365511322667
-0.0174915678560166 -0.00647214216356201 -0.0586438872942925 0.0586912347391978
-0.0236307986898378 0.00694790576777289 0.34484873855768 -0.0904364602158179
-0.00661120601201669 0.0160264939372002 0.221868898485612 -0.501363835414846
0.0173820276922688 0.000703339678631631 -0.336892512354619 -0.406121010506209
0.00836588166047839 -0.0333249029665941 -0.39699549949132 0.133080480383878
-0.0129376210356016 -0.0211857411790471 -0.0516619168688804 0.277901921177172
-9.46444662774295E-05 -0.00164120478728663 0.0914604558771426 0.0950752295495244
0.00300854622600625 0.000714149300482672 0.0608212510827492 -0.0990436638147163
-0.00768966678342885 0.00354051583165671 -0.0379290498897005 0.0898550414464244
-0.00327851588297486 -0.00184620101890013 -0.0895157182828894 -0.0304532163265898
-0.00393830159395975 -0.0153672226056857 -0.000915489820486828 -0.240493847395395
0.0127370136072461 -0.0245413391032215 0.292337510221562 -0.176960075264037
0.0239683129458368 0.0128404277235921 0.391610155684188 0.255162020586031
-0.0164645843449568 0.0189387367377023 -0.0551667719883028 0.544520141066946
-0.0116972640290282 -0.00577729280729022 -0.359383392502982 0.218871397608308
-0.00359602830356843 -0.00800132823678986 -0.0614862306701911 0.0587776514291314
-0.0120273545646993 0.0010690172964425 0.340115140522202 -0.0912494747779895
-0.00276058671485918 0.00514599839438552 0.213890630755663 -0.501634673452112
0.013187343907618 -0.00483150883386481 -0.34465051162714 -0.399069513118193
0.00341818550272367 -0.0315782124895291 -0.397084981797134 0.137630386936558
-0.0135805179843637 -0.0176791139461255 -0.0488044322024733 0.278203462394367
0.00254071532398504 0.00150190489300602 0.0939000044279407 0.0931967800073058
0.00786032194146227 0.00264940006005856 0.0635768306344149 -0.0995230268297227
-0.00283740647619468 0.00432567411402217 -0.0355741339211363 0.0904052860642945
-0.000891883355695497 0.00107101013726776 -0.0867778114105396 -0.0335926602486349
-0.00303299882651765 -0.0107882921195977 0.00495624880789146 -0.242768782828646
0.00937266664352489 -0.0196361948215608 0.296380628856236 -0.171463640565903
0.0191692549453717 0.00870986619091638 0.384456409749653 0.267482894763986
-0.0150415106798836 0.0063463528860857 -0.06942425487646 0.54668486070479
0.00146689735096961 -0.0140276731622887 -0.364516312856645 0.213017214543407
0.0121358658867554 -0.00964867851470383 -0.0580256463384696 0.0576082724729726
0.00195799687365199 -0.00489497594219814 0.338504116700613 -0.0991318905377142
0.00144647136698904 -0.00630720955280454 0.199520043482128 -0.505322924246295
0.00889575313560741 -0.0119426154547285 -0.35525650325659 -0.388761441618685
-0.00205877561660361 -0.0295494097627427 -0.393246999408643 0.148204355886891
-0.0141571749692488 -0.0121434268256078 -0.0418511262084881 0.276935613537065
0.00526781383891116 0.00614635002480229 0.0971433646813291 0.0895651955398298
0.0129116218748133 0.00492131291928176 0.0651736088595408 -0.101164753766464
0.00133048995979318 0.0051775438160297 -0.0346910746506925 0.0906244382543828
0.00121554765371064 0.00374592092854765 -0.0844474527529417 -0.0390610966824908
-0.00236203910306247 -0.00624167055309385 0.0136022871631016 -0.246561406189236
0.0061286205101321 -0.0154684320447326 0.305305160894596 -0.161857272363788
0.0157346134237731 0.00567414105856388 0.374475785385782 0.283731541384702
-0.0124988736697046 -0.00337836254113793 -0.0906201448633088 0.544179823860165
0.0118469784921174 -0.0192384744235612 -0.366963854879914 0.20114935479945
0.0235732113845425 -0.0106386072853301 -0.048063045997674 0.0555454761993913
0.0109603809645649 -0.00900201778454965 0.340409025400355 -0.112157722626264
0.00499011046068519 -0.0154661972947275 0.177979965160258 -0.511490688634376
0.00545346474571912 -0.0172292986007574 -0.371517265414274 -0.370553325672138
-0.00680635214974229 -0.025584021137786 -0.382993343159655 0.1620407547077
-0.0153392998919401 -0.00699341023810074 -0.0311925326350343 0.273901975246202
0.00716588009495048 0.0103753067955196 0.10040826816767 0.0831131337132356
0.0168283239864173 0.00685095386072111 0.0658531408344276 -0.103524130672892
-0.0209456525739937 0.0046544972397085 -0.0485628635222609 0.0848914783730087
-0.0092765097798684 -0.0006194909615223 -0.0932918271778205 -0.043979939799904
-0.00238622283496663 -0.0121293841805671 0.015961914064135 -0.25195515964907
0.0237827366330644 -0.0224063857021895 0.317016487639337 -0.161161321957214
0.0370297913019615 0.0259914291390242 0.387915756573993 0.285022355623255
-0.0186680120955345 0.0415243138703215 -0.0817443096998047 0.532291698988234
-0.0378120582027078 0.0114148608122181 -0.336139669707364 0.187876424702463
-0.0381025957478541 -0.00156868990640771 -0.00526338115997868 0.051993895822934
-0.0383468077469901 0.0198103582371925 0.37120344022036 -0.137876934922035
-0.00342229636657369 0.0289277148122073 0.168552900818741 -0.53654815921948
0.0260814711361559 0.00296111960989777 -0.37656268809451 -0.356951361669676
0.00922940814522375 -0.029672844069475 -0.361729396225513 0.175765157593521
-0.0143004374776788 -0.0125150495598298 -0.0202601090695344 0.268384364072634
-0.00359965871949167 0.00155235189312905 0.0955239557915286 0.0764191072158585
-0.00500807273060499 -0.000301839338571541 0.0505445138560914 -0.104555815868016
-0.0215188524997405 0.00431391291530141 -0.0464818341642943 0.0860724310410071
-0.0100941299626909 -0.00333554058694557 -0.0947585878627676 -0.037549879039769
-0.0035908238265296 -0.0158248004474047 0.00693683855718934 -0.247946300446749
0.0234119298138757 -0.0261414674044036 0.30748369374327 -0.171759681517877
0.0383080755804957 0.0255876472058871 0.397073152571834 0.267754373809971
-0.0186815577264609 0.0454708924193791 -0.0610474726530851 0.536209099186566
-0.0404018340832082 0.0139735467688033 -0.337347954600836 0.200688097430639
-0.0413194915757351 -0.00172013416138359 -0.0204637768352947 0.0546765595437974
-0.0418119685099934 0.0200127219177074 0.365350575798769 -0.124256235108459
-0.00684424775443161 0.0321044434314402 0.188811664196127 -0.528383964591261
0.0263739274391602 0.00633318818477416 -0.363904023892746 -0.376313137049658
0.0121082707349028 -0.0321634174575785 -0.373832221004977 0.161924948808209
-0.013465434741725 -0.0175745012233302 -0.0309819336685518 0.271672378989376
-0.0039983953351275 -0.00180116073481183 0.0939113707519338 0.0830986506506563
-0.00629164017171305 -0.00111516638813829 0.0515429968116481 -0.102495645194475
-0.0195442825154352 0.00344907778727061 -0.0443796242429469 0.0864691718065618
-0.00957387012465825 -0.00469237952523494 -0.0952857059287856 -0.0322172519731317
-0.00445877548325268 -0.0181137652001326 -0.000665253327103618 -0.2443649229938
0.0222093144621984 -0.029282096996446 0.298944546094537 -0.179789690975351
0.0370481383340916 0.0229011072191977 0.402041220481353 0.253783368667868
-0.0184069720846878 0.0447961609490913 -0.0458958117585447 0.540141532719611
-0.0384151458555371 0.0133752905939128 -0.34044300849151 0.214088329221368
-0.0380888595030391 -0.00274204692773027 -0.0357638541482943 0.0573517357403873
-0.0405232621425893 0.0172965171077387 0.358052980384547 -0.110217122913837
-0.00870270811043873 0.0307952147584647 0.203632151359538 -0.517950154634612
0.0248769555408303 0.0069097016145939 -0.353593068621706 -0.388232578676127
0.0123231698888892 -0.0335423011052084 -0.383587902958963 0.151416996806941
-0.0131301119191652 -0.0205957436853809 -0.0394955175344391 0.274828099906412
-0.00355060559911435 -0.00374285454046647 0.0922459643329334 0.0889836626436781
-0.00477038661072534 -0.00175537743450075 0.0528562375856313 -0.100538471095389
-0.0168813305116108 0.00339713908119578 -0.0418156673109819 0.0881184209261957
-0.00837143869491875 -0.00472897138211882 -0.0942269942298274 -0.0283497144948114
-0.00523977299507754 -0.019047777969884 -0.00594243068174307 -0.24062804036037
0.0186984894900187 -0.0290283294411066 0.292278170914949 -0.183770724558629
0.0340188338818346 0.0200510417351047 0.403385761484973 0.243701402595098
-0.0177816186395614 0.0391361114218497 -0.0359445818948461 0.541599404343496
-0.0321885489194898 0.0086549311283015 -0.345337790618279 0.222472832087748
-0.0297246128052559 -0.00446725364460286 -0.0490622030273257 0.0588268835541562
-0.0343979850993133 0.0129121527644728 0.349726122518937 -0.0996303962774705
-0.00917851226928157 0.0251073987852663 0.213408736611716 -0.51002354425218
0.0216471227051142 0.00516997707115228 -0.346155370721655 -0.398400968813708
0.0111130812049247 -0.0340827106921011 -0.391680291995875 0.144127559175869
-0.0126791891601676 -0.0216802492983282 -0.0452852497642824 0.277761490155717
-0.00169686151760946 -0.00369740029435063 0.0927028668172468 0.0922797832511904
-0.00193147009222544 -0.000744019616703573 0.0565820760362725 -0.0993914779313916
-0.0124422684344711 0.00348517105670449 -0.0388646469053202 0.0892576868114566
-0.00602705412956452 -0.00377029381195223 -0.0923526759344824 -0.027189219543735
-0.00462032526104551 -0.017798083411443 -0.00754681665465278 -0.23976592897177
0.0156508597814059 -0.0273994524947174 0.288064673373991 -0.185228657436435
0.0290442411041246 0.0160326817700321 0.40212403730658 0.242404463688665
-0.0172030497397438 0.0298148485375335 -0.0361701306352531 0.544861162267901
-0.0229180796698622 0.00201269363502823 -0.35040435480149 0.227489955912121
-0.0176357814127431 -0.00662021271043227 -0.057884687970867 0.0598092163244889
-0.0239816944180288 0.00766368023431417 0.343304116381817 -0.0964508835038432
-0.00621944560734808 0.0160072973576986 0.211725420699431 -0.505205703385654
0.0179110986962656 0.00042935628455144 -0.345774854579219 -0.400543247544326
0.0079229210238439 -0.0329632576045188 -0.395162582335933 0.141616208319023
-0.0132616871754004 -0.0211004591862404 -0.0474000505102428 0.278924189001717
0.000372505918641521 -0.00204983715318929 0.0938513305570803 0.0937893847079365
0.00287740772247406 0.000192407814494835 0.0592292030980925 -0.099924093180426
-0.00764724209315354 0.0037975825387354 -0.036551632570296 0.0903432251408795
-0.00344744190095275 -0.00200516065028649 -0.0901570940980211 -0.0285349803299374
-0.00403666235958295 -0.0148623285981777 -0.00568274597035645 -0.240656274710774
0.012011877305064 -0.0241907179281642 0.289487287316005 -0.183254874984845
0.0241981885790073 0.0123499808798952 0.397031831537667 0.24851876374397
-0.0163197906430826 0.0194274032571535 -0.0428350653368846 0.546773964741636
-0.0118242107580326 -0.00616239614241922 -0.356388528472427 0.22594592178947
-0.00318612531526335 -0.0083817845563619 -0.0604191063474964 0.0595230757352995
-0.0112913555730784 0.00122941393492297 0.338915893392961 -0.0978068710827035
-0.00308285894377549 0.00513451627814808 0.204096145836281 -0.505260673733418
0.0132733954736427 -0.00539822896305783 -0.352232908307707 -0.392912632395909
0.00297182804504779 -0.0321124950025384 -0.394831271732709 0.146881055620003
-0.0139200057428858 -0.0174005590601759 -0.0433081695826111 0.278773375078202
0.00293827895716599 0.00138588728053225 0.0961776547004238 0.0920910354407045
0.00795529220758626 0.00242436751517077 0.061145056915664 -0.100873062271284
-0.00289027255383269 0.00468717780773533 -0.0340499243592304 0.0905303764841195
-0.000474001584410274 0.000987467534349247 -0.0873623650463426 -0.0319630081650224
-0.00335746551190512 -0.0107018310400169 0.000210635571830282 -0.24303900095817
0.00819712112651405 -0.0197743302542281 0.293584469568917 -0.178236966954224
0.0192088733764636 0.00857796497038011 0.389859465499258 0.26087590280061
-0.0146649943737282 0.00662728432064756 -0.0595420340007485 0.548251651264702
0.00132173697299964 -0.0139619545141782 -0.360266834259129 0.220144638467306
0.012193498450539 -0.00981282546091642 -0.0570627728621554 0.0584621001967271
0.00158115694833379 -0.0043472750503306 0.337377567761468 -0.105805145077218
0.00146554134188479 -0.00624574410068412 0.19065629605519 -0.508075055695649
0.00851684056777053 -0.0121362634256996 -0.362729207827624 -0.381044979517431
-0.0031858114861937 -0.0291972862608823 -0.390339409669736 0.156595227562587
-0.0148789431456475 -0.0123189638858352 -0.0362689584706461 0.277888118941746
0.00554613668570441 0.00547506950893975 0.0989519511812499 0.0882451371770141
0.0131925201937577 0.0043095703044795 0.0633109929768504 -0.102133090453558
0.00103810618171897 0.00594809546964034 -0.0334715146621722 0.0909608277084557
0.00134948360835265 0.00390081726870694 -0.0855199104050544 -0.0368668473019271
-0.00188048973745203 -0.00593568656132698 0.00862897287137085 -0.24645419170029
0.00557425250153137 -0.0153694069447279 0.302020826055284 -0.168586072674646
0.0156197035485104 0.00553920158055377 0.380888432225475 0.277336866925347
-0.012463316791529 -0.00287921502919265 -0.079672844696632 0.546446693207023
0.0113912595887409 -0.019717566600824 -0.363002200925223 0.208211892201826
0.0234445932089695 -0.0109049717043587 -0.0469316858127693 0.0564162044567221
0.0107764116476654 -0.00942613765369871 0.339253732973471 -0.117588197826351
0.00455459877754098 -0.0155061238329316 0.16758979907983 -0.516791405739712
0.00507385899864811 -0.017610372875069 -0.378354837612154 -0.363192245542899
-0.00769829648078018 -0.0254665225270872 -0.380431364133203 0.170036657350279
-0.0147283039491443 -0.0068308650404096 -0.0257752336859654 0.274811854944695
0.0080967851274992 0.00998113111398765 0.102440958283915 0.080983735528649
0.0169669438704913 0.00661751083223537 0.0641514985159158 -0.104578614209993
-0.0206482891390182 0.00513775288288277 -0.0471193117224545 0.0853300991823283
-0.00917004663888697 -0.000839601891087676 -0.0936044534421359 -0.0413173830195923
-0.00212654187717713 -0.0119623602060009 0.0103395080512582 -0.251400052603922
0.0230227240309411 -0.0224911838947406 0.313522852690984 -0.168120530210877
0.0377282677012354 0.0249116057471754 0.392914953313148 0.275635210273907
-0.0171586304816743 0.0422141842993292 -0.0706199561764414 0.533003862204234
-0.0371377021645214 0.0125971367205062 -0.331716625239631 0.194461060821152
-0.0378891642539607 -0.000760896227169152 -0.00425050722936952 0.0519909035227357
-0.0383597898931803 0.0209446866925429 0.367893916868368 -0.144316213660656
-0.00277290162881545 0.029086540684939 0.158243861754284 -0.539012809520526
0.0258217363954534 0.00275297929106835 -0.38201179537585 -0.34916788674997
0.00843031652590789 -0.0296649616305632 -0.35761342503823 0.181969252520587
-0.0143560274237261 -0.012169769396054 -0.0153658610895888 0.267673556785199
-0.0029886849239496 0.00136580229492891 0.0968733274489273 0.0743503875267219
-0.00540571819197884 -0.000299952230920621 0.0484442450839604 -0.105048060308321
-0.0211942560586822 0.00479053262253039 -0.0457437591581657 0.0865975123526706
-0.00999387931096854 -0.00305584179720281 -0.095492206831958 -0.0353375369398325
-0.00362025540149096 -0.0150296545183421 0.00118894358558057 -0.246971834206348
0.0230357550450523 -0.0266400484504871 0.30322613786804 -0.177321610245404
0.0382910148783969 0.0244021217132446 0.401688285056946 0.258674338272691
-0.017707055615172 0.0455268213676327 -0.0502690911746869 0.535990660760098
-0.039986770511645 0.0146087612671234 -0.333380791607485 0.207764402034585
-0.0409119294837959 -0.00112573639155888 -0.0194317943206861 0.0550329153722249
-0.0418523520236021 0.0207537595707667 0.362510975840888 -0.12985311658447
-0.00620778115562224 0.0319818749555152 0.178012405479155 -0.530032886896108
0.0262098115010243 0.00577396143051635 -0.37029578912868 -0.367653449165206
0.0112884297606937 -0.0322454874505377 -0.369252117747217 0.170164705995109
-0.0139942319242946 -0.0170607883624302 -0.0253962964975933 0.271653707220556
-0.00371515005849528 -0.00206310578524814 0.0952141072536925 0.0814713224845081
-0.0067973620274079 -0.00152718864529362 0.0499435035836176 -0.103471349853592
-0.0197781262427039 0.00416894674555441 -0.0434432078279796 0.0867556017446814
-0.00967680592483555 -0.00456134478977391 -0.0954408864809707 -0.0300524099317181
-0.00512296477840909 -0.018010476458093 -0.00605012667829535 -0.243218094512236
0.0210938393769718 -0.0291242724110121 0.294325461562201 -0.185557684622081
0.0375093667389601 0.0226724309379456 0.406645363932806 0.244865884486639
-0.0173604043579767 0.0449435660773795 -0.0343908034871336 0.540137866489538
-0.0383964513832479 0.0136826167684201 -0.335358797961394 0.220594063770424
-0.0381665835361351 -0.00221215357967338 -0.0350830536298164 0.0573811095695628
-0.0402975502131112 0.01817133964756 0.354662394355603 -0.115353727625108
-0.00817485724310962 0.0307146249486896 0.193901822791599 -0.520801141874987
0.0248720394506479 0.0063386952345128 -0.360571664093535 -0.381899767371451
0.0115971403441119 -0.0339531092908129 -0.380542470669414 0.158365769528068
-0.013472436028564 -0.0204932047536396 -0.0341182654734922 0.274916306838627
-0.0032525900117146 -0.00396953662282417 0.0940976861553137 0.0869722289778789
-0.00517880252075676 -0.00180205614130481 0.0516944832000888 -0.101064624140778
-0.0168084476460489 0.0037539580157216 -0.0407043054177617 0.0883487634475145
-0.00791050117910295 -0.0045089100026866 -0.0945114369563448 -0.0266745455699681
-0.00517851860092461 -0.018818055648764 -0.0113725985601651 -0.239981121476753
0.0178650158001972 -0.029222258273249 0.287939064801466 -0.189403594837098
0.0340295537496177 0.0192544611822105 0.407788548503632 0.235703660241722
-0.0169483734741897 0.0395375613793452 -0.0245637310753426 0.541829512441247
-0.0320125972637348 0.00903147806821834 -0.340030173993006 0.228682617670154
-0.0294925708264021 -0.00377432802347624 -0.0479146114536613 0.0601173189621426
-0.0336216923699573 0.013453392872154 0.347362143334807 -0.106243938360662
-0.00837897209103312 0.025067877265658 0.20394345343307 -0.514121604052938
0.0214745419105591 0.00435416438365392 -0.353643830280857 -0.390361697018939
0.0101317592067026 -0.0343997948340584 -0.388241721538093 0.152081356233684
-0.0133136659108585 -0.0215097082168852 -0.0396093474824663 0.277512748715641
-0.00176604499890274 -0.00429650718737916 0.094329995656756 0.0909982808395727
-0.00152907033589559 -0.00180980483908231 0.0547514904846841 -0.100332692513955
-0.0124380405961471 0.00412772408268098 -0.0374707191537068 0.0893053503711401
-0.00563713785718226 -0.0036409889771379 -0.0927877740482917 -0.0252152662713554
-0.00531424787225443 -0.0170761384329905 -0.0126959650740136 -0.23955386411761
0.0146275039509674 -0.0278227111553538 0.284255562157969 -0.191640230011969
0.029700900833627 0.015703447155404 0.405465005783985 0.234795601377318
-0.016207488834357 0.030638944454482 -0.02455285294391 0.54463122466249
-0.0228471212098647 0.00287596053238836 -0.345459653879329 0.233855499267471
-0.0175205443257504 -0.0056341672442985 -0.0568703134454382 0.0605454992027598
-0.0236795930438053 0.00768789007646263 0.340176511965905 -0.102465050576791
-0.00621996265509124 0.0165097864576051 0.203443599868421 -0.507750616319297
0.0177058648667924 -0.000240667088463478 -0.352592023817173 -0.393086527959709
0.00674869308939077 -0.0335786000443974 -0.391632924685974 0.15024176151468
-0.0134047282110005 -0.0205393577533387 -0.0409976301781283 0.279216598444838
0.000355499817444002 -0.00266657152436533 0.095499182396618 0.0921651935497048
0.00259775764353789 -0.000248465216966456 0.0572004555126874 -0.100479117241741
-0.00733068583193682 0.00459941931565374 -0.034941153001796 0.0899004905863165
-0.00294953506996638 -0.0020621611037256 -0.0905302178285572 -0.0267968658942467
-0.00412197822911175 -0.0144247860726905 -0.0101607489640932 -0.239921840470281
0.0111387107953883 -0.0239787289769305 0.284992054213991 -0.188628328213228
0.02476315154297 0.011682328189581 0.40088435070775 0.23945466535733
-0.015565459108764 0.0199157314134939 -0.0322185459426551 0.545930105030656
-0.0116407860906537 -0.00591368090524795 -0.351778139648729 0.232532173691493
-0.00313413734626 -0.00820950160904373 -0.0596840362762036 0.0610602091693386
-0.0117960468967052 0.0021716050281515 0.336126626549885 -0.104150307494219
-0.00338735799206037 0.00562083758311017 0.194776128799198 -0.507099159786268
0.0133401119536768 -0.00557337542106667 -0.359250364498588 -0.386518414017819
0.00219959693850174 -0.0319621747402617 -0.390707111214884 0.15489275474465
-0.0144911129333017 -0.0170881078737404 -0.0377423967595529 0.279425400511922
0.00328022166078072 0.000305642270502495 0.0971507018329983 0.0903614939876226
0.00774165564512783 0.00188282372584578 0.0596042299833216 -0.100832507190791
-0.00233350464688303 0.00476511854336065 -0.0326489960100048 0.0910969090417698
-0.000141052035425944 0.000574582333208141 -0.0884953887256815 -0.0298422606003361
-0.00352470865090257 -0.00998665966679696 -0.00517655514486598 -0.242189433725399
0.00772484143507543 -0.0195097100480824 0.289897980277103 -0.183690283192708
0.0190757323231683 0.00776089609246064 0.39425282957823 0.252447637793794
-0.0139851762291408 0.00706168217511077 -0.048196224444131 0.547292348324614
0.00126861921665323 -0.014078580461464 -0.356681647888418 0.226553133021583
0.0123702411770406 -0.0102124215022504 -0.056177845915367 0.0596235977233101
0.000939353690158787 -0.00459704831385542 0.33475008522715 -0.111331954157758
0.00129928717251683 -0.00643380393007382 0.180312456506533 -0.511012407026587
0.00836803691802398 -0.0124527135697738 -0.368945781539923 -0.373942613476553
-0.00355404699091163 -0.0292781163563233 -0.386759187718604 0.163970592710948
-0.0146078179800898 -0.0117268175873249 -0.0307978993689815 0.277357723511935
0.00615293170662669 0.00498346011283591 0.100378714647425 0.0855828038490634
0.0130149157303797 0.00390868866708308 0.061409981639077 -0.102757739269116
0.000881339535038038 0.0058080625817278 -0.0320643986578224 0.0910736546852174
0.00206946017258712 0.00402531323135724 -0.0856731097283486 -0.0353599834135957
-0.002454423822082 -0.00554222180937566 0.0033554525320009 -0.246483321263232
0.00490888870824789 -0.0152835986818368 0.298314241154754 -0.174212732792783
0.01588403970325 0.00470045201848837 0.385575510893043 0.268900279758711
-0.0117249679570209 -0.00317176077396789 -0.0691330647484039 0.546573968540297
0.0114669937464096 -0.0200496659069453 -0.358664381686773 0.214603112708467
0.023400082090826 -0.0111482146517863 -0.0464400079521489 0.0572003500259557
0.010150670543881 -0.0096526951772291 0.336771918468092 -0.123234551727091
0.00409853939994516 -0.0154811830411395 0.156958939785965 -0.519048655826215
0.0047889226561213 -0.0173838000396188 -0.385896507314402 -0.355051272668071
-0.00811820985145994 -0.0256413378641589 -0.376617185151642 0.178168475887813
-0.0151444683185861 -0.00614000806552075 -0.0202659576748583 0.274079703155138
0.00841371616350982 0.00938726841823086 0.103917999769367 0.0793326532835412
0.0167436689940369 0.00566887787307663 0.0622470403002218 -0.105158579943786
-0.0200933401662123 0.00588206412096049 -0.0457842895386487 0.0852632822496632
-0.00926512963553802 -0.000708650029908581 -0.0943427414232863 -0.0388792630326209
-0.00224373240977166 -0.0117607612208206 0.00611137959882973 -0.250409722942568
0.0221329595693033 -0.0226198161946863 0.308775145765464 -0.173070364387258
0.0379372442221017 0.0244415944901463 0.39573510524508 0.268053635400093
-0.0166753962390787 0.0422519250824262 -0.059395213701745 0.532323053753642
-0.0369346264601298 0.0130490145183075 -0.326737084269296 0.199110468092998
-0.0375731631897549 -0.000346650939526041 -0.00356885147747754 0.051862828005696
-0.0376471825391079 0.0216848521557566 0.36327370638427 -0.149775452841914
-0.00267492303702077 0.0287004928884292 0.148294336280606 -0.540105420781767
0.0259381244495605 0.00212855706727713 -0.387329058697924 -0.341089076851305
0.00826777581391565 -0.0295916803247383 -0.353281032016346 0.188269354801404
-0.0144526053976919 -0.0120188844435322 -0.0107862078011825 0.266792198480716
-0.0031968723067048 0.00096217458019638 0.0982124298020311 0.0728749447901212
-0.00549234887140811 -0.000803565481777025 0.0466079076095228 -0.105187456122951
-0.0213974023167623 0.00520296221290082 -0.0440181948350321 0.0867453814983119
-0.0101778953260037 -0.00306757169890758 -0.0956721229515183 -0.0337143744292215
-0.00364026428551078 -0.0155579005542473 -0.0033715237537301 -0.245731570224759
0.0219110154764773 -0.0264310802446081 0.298666816131087 -0.181937183361243
0.0388552121719944 0.023597293461352 0.404061094127432 0.250375947937159
-0.0162824574405036 0.0459528333374759 -0.0405533128304035 0.534965259171307
-0.0395733231977126 0.0150595510241709 -0.327746346955986 0.211786599033887
-0.0405127180520498 -0.000295163363531345 -0.0182195043160028 0.0551288389540322
-0.0410366847881988 0.0212745695790176 0.35839590474903 -0.134593603533985
-0.00536195211208516 0.0324813882204403 0.16911396723569 -0.530604040072017
0.0261383208856985 0.00501466699617383 -0.375056081144756 -0.359363591642077
0.0102901213943427 -0.0324640747282997 -0.365275510973696 0.176056144624608
-0.0138393634362963 -0.0171962309316259 -0.0199413534934645 0.270347789025556
-0.00361088809127446 -0.00275139064739008 0.095968015773875 0.079192948569601
-0.00635574723688829 -0.00137108519461348 0.0477882367395487 -0.103400786351638
-0.0193484717659163 0.0048376646088558 -0.0423478603510925 0.0868150655584879
-0.00935603228515096 -0.00475476384176329 -0.0950615115788801 -0.0280142128191803
-0.00505533724362714 -0.0177132114665514 -0.0101909122393034 -0.242035777623459
0.0204183296973239 -0.0290176271784747 0.288874558645291 -0.189754423298138
0.0377164188973093 0.021838074909579 0.40851376813566 0.23699302779869
-0.0161862490216394 0.0449491897625648 -0.0244662286543409 0.537861172106818
-0.0376821343793376 0.0144664392517888 -0.330847137425807 0.224648101822246
-0.0378275197402442 -0.0015145832968227 -0.0335369398094603 0.0578120678042363
-0.0400420909822692 0.0185230879492693 0.351362693648302 -0.121276939102168
-0.00796703681068155 0.0311229243695722 0.183303361543351 -0.523215962898789
0.0248011908070609 0.00558756433246585 -0.366002912296536 -0.372820922027551
0.0110696126096534 -0.0340101994812757 -0.375903387140277 0.165119824063542
-0.013595605708264 -0.0202652491600087 -0.0290437099426281 0.274906093990387
-0.00309271975481469 -0.00462815327072985 0.0957110250595439 0.0853622337482433
-0.00489533201135013 -0.0021126483126304 0.0499409150709246 -0.101812279908397
-0.0162676200899989 0.00449320413611922 -0.039548831674764 0.0882794591632963
-0.00794507649945285 -0.00455235072673911 -0.0949517400212545 -0.0245705913405661
-0.0052660257549195 -0.0181168347899237 -0.0153714910442397 -0.238964965658419
0.0171573793068184 -0.029340956127131 0.282522712160875 -0.19405888276711
0.0344999522296505 0.0180972572235351 0.410197710379257 0.226793600705905
-0.0158582038896398 0.0394503639363894 -0.015116585168447 0.539062472369518
-0.03178065786104 0.0100775693345512 -0.334072723476013 0.234613480645709
-0.029230426458847 -0.00361571694809644 -0.0467195757801404 0.0606425766106627
-0.0336657943523317 0.0139691028251454 0.343601261998394 -0.11110757455822
-0.00814435531693319 0.0250825063510223 0.192863767832914 -0.514522167894518
0.0215866935505173 0.00371933419967499 -0.359547070406137 -0.383099334338603
0.00948676380319984 -0.0346803315548605 -0.384198381701119 0.158778941509792
-0.0132809330621623 -0.0213898377854523 -0.0352813664713424 0.277073441670493
-0.00190392294397946 -0.00455770827408447 0.0960623162618485 0.08925643619426
-0.00221606365428899 -0.00146497117765536 0.0526911392003258 -0.100917585263954
-0.0120773747318426 0.00507819997159371 -0.0360953512698671 0.0892756473528174
-0.00557187403967347 -0.00349393590782175 -0.0927545743762891 -0.0230525372313493
-0.00475622428835881 -0.0167112303474877 -0.0164657440617535 -0.237490211358307
0.014006082524869 -0.0275196447215574 0.27854489143757 -0.195246863261088
0.0298609536113044 0.0148285095936172 0.408219609026005 0.224855613684075
-0.0155356730436888 0.0308458259409589 -0.01518636555014 0.54236899633462
-0.0221842684878515 0.00280639809766534 -0.340026425836013 0.238616172675875
-0.017393172598434 -0.00574589571026262 -0.0553186096252289 0.0615316303654867
-0.0239108073685771 0.00820806469215492 0.337428592794338 -0.107132274864989
-0.00602371235524154 0.0162725274124883 0.193910523204436 -0.510602407636153
0.0174379126218093 -0.000496152732429063 -0.357612417162884 -0.384417254506049
0.00610570944356852 -0.0334663356280534 -0.387678853313997 0.156516067684657
-0.0136969077747802 -0.0204004213138548 -0.0362272395672877 0.279024310255652
0.000545957186291003 -0.00313604648784767 0.0965459235228278 0.0905999056824168
0.00238864141942603 -0.000149005689076292 0.0554803784113955 -0.100823963581117
-0.00737775056673267 0.00482066803664191 -0.0336780447599045 0.0904489510353872
-0.00285217147980897 -0.00219211836064823 -0.0906230112721514 -0.0248745727540631
-0.00405400187350242 -0.0140912125408287 -0.0145766620890913 -0.238388112343227
0.0105079719372653 -0.0243020216529172 0.280009252149337 -0.193607708963087
0.0243704856471511 0.0110659179904821 0.403655201258006 0.231193046178975
-0.0149468047381594 0.0199425813539486 -0.0219803770373275 0.544696303717918
-0.0117467538090227 -0.0051756236524759 -0.345675915405153 0.237436554982336
-0.0032709877633475 -0.008153574139864 -0.0584634200659588 0.0614408445446789
-0.0119359792605204 0.00235437301163761 0.33354388786697 -0.109074473046976
-0.00320274416622645 0.00545557514030666 0.184990409924187 -0.509709196040032
0.0127603602678996 -0.00628935552792521 -0.365009335946904 -0.377900801699388
0.00150577648784425 -0.0318700481353639 -0.38675128740965 0.161367231384973
-0.0143390949252193 -0.0169759296911191 -0.0328579466552585 0.27869472772825
0.0032407811526322 -0.000202502297353348 0.0989665443649683 0.0888468586779445
0.00731024506687636 0.00143734587781692 0.0581071827271294 -0.101490457670661
-0.00254514913019239 0.00468014763741923 -0.0315549807308307 0.090735079157929
0.000170403262300175 0.000689771180683091 -0.0884796456802585 -0.027650670859037
-0.00259285065134947 -0.00988554586966565 -0.00944519520315519 -0.241423198898198
0.00699610843912759 -0.0196029095814093 0.284696802511488 -0.188333476437792
0.0193380021946256 0.00784192813599252 0.397269201478404 0.242897815463337
-0.0140445015575184 0.00727942736697895 -0.0381061849588336 0.54458846253263
0.000852650013029956 -0.0138185243947204 -0.350409692158408 0.230867749579337
0.0123986750324712 -0.0101166091867702 -0.0549137937709045 0.0599627615136709
0.000844532400396964 -0.00423241601675367 0.331367708982547 -0.115796575849691
0.000501980420970632 -0.00625347180457843 0.16987190336828 -0.511044169486645
0.00830800826016074 -0.0127543057405646 -0.374544293713537 -0.365080743561511
-0.00438601502876405 -0.0287523246285549 -0.38127439792055 0.17053509800401
-0.0146848372361941 -0.011780166750585 -0.0260387983981267 0.277364981012902
0.00628050543272987 0.00405885176316975 0.101606858419133 0.0840061806360406
0.0126008163517692 0.00354680871469191 0.0594269064371345 -0.103024847830769
0.000716008928630327 0.00574459575219918 -0.0307878174469222 0.0912343968147583
0.0021285853295547 0.00393355837018919 -0.08611601032441 -0.0331785016075625
-0.00193579427482525 -0.00552150944486289 -0.0010185769078694 -0.24456649843865
0.00471802802708809 -0.0151640436031457 0.293022887253165 -0.178527277029748
0.015567921404658 0.00476506211437948 0.388128640279083 0.260610368642757
-0.0123416976153447 -0.00267892713384609 -0.0583664550869 0.545288140160443
0.0108050021684291 -0.0199205423440289 -0.353957782992974 0.219988848279348
0.0235357376981801 -0.0119425980837165 -0.0450342645154126 0.0578025654981488
0.00996337409508605 -0.00968081716680362 0.33308206206826 -0.128186416382763
0.00370424325219463 -0.0158162779538492 0.147699820441591 -0.519325498395671
0.00405167232876947 -0.0177709819241406 -0.389034814184828 -0.346558048704202
-0.00842450538368162 -0.0252064469446434 -0.371311730008654 0.184454874120234
-0.0153241247227293 -0.00601324173176911 -0.0158979101709765 0.273485694605291
0.00865836547504626 0.00865571774789041 0.104517783568239 0.0775577688512586
0.0166419505129794 0.00476404311098798 0.0604903255020198 -0.105267921508656
-0.0199960686965042 0.0063472162526331 -0.0447082383358742 0.0855553941172015
-0.00864235971524124 -0.000966921758229273 -0.0938630501178528 -0.0377068679304974
-0.00178742996000577 -0.0111841943971029 0.0021922318195301 -0.248404754298363
0.021350895046476 -0.0229243737077978 0.304111504262815 -0.17713033596566
0.0376789891519464 0.0236575737418754 0.397890485857573 0.26007375396956
-0.0157669275131898 0.0416753662542057 -0.050544895039525 0.528661831726168
-0.036896632276411 0.0133533997387661 -0.321305479833835 0.202824550581829
-0.0369891402367994 0.00018146400537414 -0.00309380895630084 0.0515865016969495
-0.0369727243814521 0.0225038845815576 0.35948326002264 -0.154037045893175
-0.00191799888201444 0.0290000874978263 0.138271874554725 -0.538414999937933
0.0256463499862934 0.00146377217045473 -0.390798329337923 -0.332760878620393
0.00709282094996787 -0.0296266722089607 -0.347618203993122 0.192925597711226
-0.0144715925142598 -0.0119654131536094 -0.00656497874446922 0.265282834590518
-0.00300648393238123 -4.41635593797472E-05 0.098669524683111 0.0711315116655498
-0.0053737519183325 -0.000854148770814037 0.0448332320968242 -0.104914858889414
-0.020678574215286 0.00587996288857949 -0.0430223198116123 0.086252792530277
-0.00940752681177173 -0.00309400487031999 -0.0950130089439721 -0.0312901659735542
-0.0037760535192403 -0.014972360712609 -0.0073008707866447 -0.244320751106361
0.0207720243547035 -0.0264139563865403 0.293517883063994 -0.185774782683643
0.0391591074275216 0.023141520758866 0.405215120643894 0.241446802532858
-0.0157166918155588 0.0457190650101802 -0.0295888365199778 0.532675163808108
-0.0390347866958811 0.0157501845199979 -0.322245584702267 0.21594044887237
-0.0400666048962534 1.39004227833803E-05 -0.0177156006042573 0.0550603498629666
-0.041030684878583 0.0221390191773885 0.354172766842221 -0.138957915455952
-0.00483550751518241 0.0322010643572619 0.159418080707656 -0.529838174209251
0.0262905961004965 0.00436865600096574 -0.377760882718295 -0.351784199284173
0.0099311072447731 -0.0322669206357654 -0.359794433765052 0.181299234500791
-0.0140593731498649 -0.016306929466642 -0.0161490729218724 0.269489638767777
-0.00356304930893553 -0.00314656098213141 0.096862537739131 0.077768755285981
-0.00704583482624718 -0.00191487678276855 0.0461384489922131 -0.102425898434331
-0.0195426291145338 0.00537291750149915 -0.0406872613393888 0.086819916981913
-0.0092705255167728 -0.00448645779083748 -0.0949983535911763 -0.0262346577635631
-0.00471084505807623 -0.017259920823909 -0.014492834558697 -0.240063622607553
0.0196041811441941 -0.0290539402004809 0.284016926253771 -0.193720039005892
0.0380556306102877 0.0204908314737223 0.410620711994427 0.228168305216605
-0.0151286729789959 0.0452893426713059 -0.0157807488385517 0.533876268293669
-0.0370258142671084 0.0149017777245757 -0.324247271834117 0.228660769526467
-0.0371884872869381 -0.00105565696440772 -0.0328034637882028 0.0581632595875025
-0.0395642049402187 0.0195810043331521 0.347776504557463 -0.125217851830663
-0.00749034727492771 0.0309382019502514 0.175268902001767 -0.522938286213458
0.0246535765485074 0.00509770659285638 -0.369515526245146 -0.36490018248087
0.0105194587485752 -0.0341461643132522 -0.370805718170996 0.170310343905317
-0.0135362603409234 -0.020124680559634 -0.0251216960466954 0.272975814880176
-0.00311205843911864 -0.00503919618610675 0.0962461730921794 0.0837658904072437
-0.0057073908049591 -0.0022303517658902 0.0482411839640882 -0.101209403982894
-0.0165406109333275 0.00537991107939969 -0.0381705416303806 0.0878763005791001
-0.0080244922654736 -0.00444489571480101 -0.0945327877451403 -0.0229836258819688
-0.00541934816622606 -0.0175667326867438 -0.0190647296243995 -0.236164637043238
0.0166099919974073 -0.0292252527078657 0.276844686698273 -0.197630528159815
0.0345372113825965 0.0178852808194333 0.410985428344682 0.217707496823617
-0.0150630262580063 0.0397716107007108 -0.00485909272940614 0.536869095714282
-0.0309983325407701 0.010136376141812 -0.329900980572534 0.237956261675965
-0.0289427338684317 -0.00291646605517131 -0.0457470424137321 0.0602194652346014
-0.0336058835536418 0.0148461178295304 0.339614510723319 -0.115141922561543
-0.00762362581677248 0.0253875104391059 0.183558850237646 -0.515376845856552
0.0212404543716013 0.00347619394903024 -0.363541712820931 -0.374889691095437
0.00914644742800848 -0.0343897968444547 -0.378712555085349 0.164432931422835
-0.0134861359140686 -0.0210129177299071 -0.030742443322934 0.276100686466612
-0.00162590754778232 -0.00506050951343009 0.0965849077531825 0.0874080878995696
-0.0023780450017021 -0.00185524972555932 0.0511164041170934 -0.100604931517935
-0.012336481791644 0.00492312052608664 -0.0348128956134894 0.0890984554040484
-0.00486620148491636 -0.00412743874322975 -0.0920971487123172 -0.0212735865567932
-0.00496415475760077 -0.0165480017457368 -0.0206196164017797 -0.236088703919102
0.0134143612868335 -0.0273021784762769 0.273760100692616 -0.199269512901209
0.029988825561485 0.0142903425781086 0.409015579313699 0.216099078178737
-0.0148327496692311 0.030600158158455 -0.00486691896166073 0.5387668229384
-0.0218212520437821 0.00309643223477096 -0.334442973419856 0.242521456156508
-0.0170149964523403 -0.00494783624979329 -0.0544088240867857 0.0619352450271998
-0.0236184921786609 0.00901895179284274 0.333010776817319 -0.111758601151576
-0.00608609261041927 0.0164697110883785 0.1840724136032 -0.509254416998859
0.0175103435564817 -0.000716954332689552 -0.36167801780989 -0.376844742640349
0.00524753729659949 -0.0333646832421445 -0.381826329338738 0.16228266890871
-0.0141731282774147 -0.0196252437513823 -0.0318243500011643 0.277345585225827
0.00072266293559305 -0.0035916261685292 0.0972884086128416 0.0885284244324644
0.00214167104458254 -0.000638073358124551 0.0540576118454692 -0.100746656038476
-0.00736791945797228 0.0046611918450356 -0.0323540845870324 0.089503415528007
-0.00267950598109827 -0.00240335383251807 -0.0900882258286202 -0.022653541559915
-0.00414404794364607 -0.0140276030216169 -0.0181216495790339 -0.236558579970323
0.00969307280208585 -0.0239173175332432 0.274360762275594 -0.197760983482599
0.0244783412920352 0.010803653393756 0.404764781854141 0.221937458467526
-0.0146322323919175 0.0199793786729199 -0.0120963640803712 0.54119206592931
-0.0114197564180645 -0.00532431627402224 -0.339739603574646 0.241203657051251
-0.0030996167246978 -0.00825309872197597 -0.0567285912637115 0.062000634074777
-0.012391371940044 0.00239454694500699 0.32858991461017 -0.112731380174054
-0.00267555168912397 0.00569891197685667 0.177264088890471 -0.510195831520424
0.0128794917307224 -0.00636379410010596 -0.368753769909636 -0.369271914698749
0.000912816706856983 -0.031637665002463 -0.381670766320437 0.167200857645771
-0.0144692098729148 -0.0163340378414551 -0.028205169958651 0.276736178991597
0.00336749532043001 -0.000364400834932685 0.100284064265436 0.0861040002009428
0.00699468470840079 0.000805132375979658 0.0563791539690521 -0.10194176871364
-0.00231032296609983 0.00539340688166428 -0.0305197197010871 0.0900321919473348
0.00051934491177228 0.000551684909737733 -0.0879891537269864 -0.0260500616532456
-0.00310552526812397 -0.00934757309095159 -0.0135958303559042 -0.23926273585614
0.00641168815430463 -0.0193147193668465 0.279075037700557 -0.192405804925455
0.019559290346719 0.00686191227299829 0.398509695131143 0.234878907165167
-0.0134699962564109 0.00733682683136433 -0.0280811140122932 0.542781001014918
0.000741792181511368 -0.0138484106611684 -0.344304966774918 0.236101341145709
0.0123216115879882 -0.0102632253511518 -0.0544706528081175 0.0604319006350561
0.000347105212221964 -0.00383797677142104 0.327666145877647 -0.12018506815298
0.000649040305585574 -0.00643313013644358 0.161776326429842 -0.51168244062089
0.00750687002714148 -0.0128737819016467 -0.378573448258087 -0.357827606907099
-0.00446773621718378 -0.0284623314505865 -0.377132840160182 0.175140509430708
-0.0149792479468262 -0.0113631468951334 -0.0214247671939908 0.275322136497178
0.00648430703068866 0.00333401135207109 0.102496079206815 0.0824727709108659
0.0126068822106706 0.00288544030371669 0.0580099649338716 -0.103319388346421
0.00113904313193311 0.00610412057915535 -0.0298300653509607 0.0903030634447817
0.00273219067346129 0.00344875963413216 -0.0862385039398722 -0.0317163526818124
-0.00186316961224007 -0.00477997309591588 -0.00491009946877888 -0.243084948682886
0.00447733275882519 -0.0148993208961876 0.287312326858606 -0.183101340418616
0.0158061586038309 0.00404007224723584 0.388930047323363 0.251664940919655
-0.0121402408057333 -0.00252842407646847 -0.0480409324270988 0.541879154539277
0.0105863475372846 -0.0199272662569037 -0.348391659700392 0.223888417440556
0.0234335655972851 -0.0125115851065368 -0.0439045933780554 0.0577627371806522
0.00936537601769371 -0.00956811497170991 0.328216643047428 -0.132128423280208
0.00331328123707866 -0.0155148185961489 0.137608472667355 -0.517223098763728
0.003786722467825 -0.0178619370319038 -0.393571716684925 -0.337469574903557
-0.00916903768135276 -0.0247227282278696 -0.365934528637986 0.189322039727402
-0.0150736381371789 -0.00591346413501501 -0.0114251837934227 0.271650406045804
0.0092448335077743 0.00771572710094252 0.105639315359204 0.075299544083636
0.0163511898053128 0.00428918115868803 0.0587898261224868 -0.105555688545823
-0.019500789716146 0.00664027160856129 -0.0433105401783797 0.0849289893789143
-0.00885164207504047 -0.00075999634000216 -0.0944918123534225 -0.0356788253584635
-0.00170717234684548 -0.0112254439019286 -0.00221805977642535 -0.2464643796475
0.0209072027547569 -0.0223907491225772 0.297884095953619 -0.179727678505923
0.0381928837126357 0.0231084045752337 0.397996266457777 0.250157483028442
-0.0147834565557 0.0417842330533565 -0.0410152291466077 0.525469818221169
-0.0358143841819133 0.0134273532751057 -0.316155681087692 0.20528140880197
-0.0364587475217507 0.000369475986261107 -0.00201479116744369 0.0508487441299472
-0.0366036073183852 0.0231083544282106 0.353182762965217 -0.157343938141426
-0.00178405035835918 0.0288768137693816 0.130193423348866 -0.536809583399176
0.0256899314027478 0.000699360108071248 -0.391365137184097 -0.324287756299066
0.00674450436017813 -0.0293988088846237 -0.341154105180815 0.196563285598475
-0.0141975377328874 -0.0115835792886828 -0.00316718481328073 0.263355421714328
-0.00263251634184142 -0.000584477666920525 0.099128120412119 0.0693030532149305
-0.00609848452673713 -0.00136223200642892 0.0429066908797026 -0.104517852908873
-0.0199386125113532 0.00642171870823698 -0.0417799840807255 0.0852352254610128
-0.00905521698391381 -0.00278174485613403 -0.0947231632730248 -0.029819611426236
-0.00335829252762799 -0.0143588737512621 -0.0107015356645945 -0.241671716152034
0.0202820115611117 -0.0267867871991617 0.287898906040064 -0.189807299075231
0.0392564914060166 0.0218649516336062 0.404183922949988 0.232972937712347
-0.0146300879380337 0.0457678456474796 -0.0213115765508339 0.527201059982976
-0.0385240661054186 0.0158618265562375 -0.316606642678078 0.218781053240393
-0.0398159248364469 0.000369793732998688 -0.017443223111002 0.0550564374171237
-0.0406681363436431 0.0229818202783284 0.349379221965208 -0.142775370759147
-0.00488210619567361 0.0321060856703606 0.150048314602808 -0.526583726200768
0.0257540235891992 0.00409465625227266 -0.380672370422115 -0.343525722684291
0.00905198363821266 -0.03172186300161 -0.35439100319243 0.185072510278112
-0.0138773102471507 -0.0164564999308555 -0.0125573212364052 0.267762633220823
-0.00421955162431439 -0.00366788564266768 0.0976753890119816 0.0763480585350595
-0.0070782834343108 -0.00220277049401058 0.0445516868747703 -0.102102997356567
-0.0188563084337525 0.00584689190048738 -0.0395176685028864 0.0866428898320877
-0.00895559477747797 -0.00472576680096228 -0.0945005413746945 -0.0245965992494322
-0.00448052341065097 -0.0170077824174989 -0.0177962918717367 -0.237666032114388
0.0190021140210306 -0.0285865045103242 0.278299839527759 -0.196588771249799
0.0381872335246736 0.0202535094456306 0.410763046387116 0.220483420909417
-0.0146627994016345 0.0449030348929512 -0.00558660222053463 0.529748737526761
-0.036465978089204 0.0150440778174047 -0.318844422323554 0.231637085399596
-0.0367942882803994 -0.000634451150053074 -0.031864690841992 0.0580112311914112
-0.0387888679333057 0.0199014273410308 0.343096491564729 -0.128847716726658
-0.00739506697776226 0.0306355700686408 0.166273387574099 -0.518877420412965
0.0247297189715222 0.00479104006379991 -0.371810421694663 -0.35624031392715
0.00969862725067571 -0.0338187628765022 -0.365853458718025 0.175019757239476
-0.0137659752920519 -0.0197786498315735 -0.0206356377038082 0.271721103066413
-0.00307547496759525 -0.00550537848918831 0.0969179484768352 0.0820299832991067
-0.00605681766449984 -0.00248324393714048 0.0468130554029808 -0.100888001381753
-0.0161641555319198 0.00539412722580666 -0.0372345270576621 0.0876203279300433
-0.00796496177205585 -0.00479246643707064 -0.0933702339434648 -0.0214676844054384
-0.00464489150766085 -0.0171988370555991 -0.0220306342905398 -0.234271610202292
0.0154183342233667 -0.0290388112984181 0.272318159180096 -0.200589622459771
0.0350094837571411 0.0170244113571624 0.410792812915265 0.210286467220907
-0.0145261338048705 0.0394980530472354 0.00198000107016812 0.53044932905271
-0.0307038080537757 0.0109926754150365 -0.323236803734541 0.24131857682938
-0.0287492079232684 -0.002612028143167 -0.0449442324570379 0.0606661047624399
-0.0330096525768642 0.0151450630662798 0.335485489739846 -0.11918994262596
-0.00733795866116787 0.0255362024591029 0.176463437949584 -0.512380451287646
0.0214949733111927 0.00327686834465578 -0.365290346272296 -0.366539708364643
0.00812465887122395 -0.0338251778474764 -0.372830514947973 0.168426345210253
-0.0136998620467599 -0.0203566603984982 -0.0263068357444131 0.273896461374139
-0.00159635838831167 -0.0059442333680994 0.0972516895896066 0.0854766068809355
-0.00277361159588878 -0.00210381447919596 0.0497115614475959 -0.0999847056195232
-0.011567501811715 0.00541555186044162 -0.0339567410810825 0.0885046956086283
-0.00507150905463092 -0.00428734621125452 -0.0916585141172411 -0.0196641101202144
-0.00511882409041622 -0.0160130425385005 -0.0233856803681654 -0.232898799094191
0.0125335825163316 -0.0270955031308946 0.267608600133143 -0.20159126004263
0.0302639592765027 0.0138300855970683 0.40861458889641 0.208203737871985
-0.0142240857893572 0.0303274504444651 0.0032259110447511 0.533950845203165
-0.0222715575636263 0.00328921669213222 -0.328662060664103 0.244945272754122
-0.0170595812188415 -0.00509090141739747 -0.0530227093161212 0.061884216190669
-0.0236004264739593 0.00941314114583487 0.329831528282204 -0.114832938953625
-0.00591537964049257 0.016227689431851 0.175072496704678 -0.508330553774349
0.0170490143920542 -0.00126613703629192 -0.364091727994669 -0.367274472457256
0.00498008635271475 -0.0335805178491906 -0.376320170469314 0.166547735621719
-0.0140508975507584 -0.0193331742729336 -0.0276941377522045 0.275035306790566
0.000523953728614983 -0.00448607799085692 0.0978627640715246 0.086643666996124
0.00183577583472063 -0.00101911662997992 0.0521806481894264 -0.100550599834469
-0.00739306435323466 0.0056564413792496 -0.0312722171729269 0.0889929627380603
-0.00254495791823457 -0.00179235858956584 -0.0896245345803641 -0.0213106252675653
-0.00391868878256217 -0.0133271922437018 -0.0218889145169083 -0.234263050360929
0.00916431203648871 -0.0237180153181625 0.269604091395387 -0.199183297915626
0.0249781451236203 0.0101196805233639 0.404711098022363 0.214300335620993
-0.0138819740950626 0.0203117248125159 -0.00412017391778183 0.537244800318198
-0.0114640542603347 -0.00508338213505483 -0.334183723298805 0.243922708555931
-0.00337634444058189 -0.00778788413339762 -0.056158444510727 0.0625732452936635
-0.0119909938148407 0.00273021145381656 0.32499316884481 -0.11580817802651
-0.00316227313171815 0.00583472358325508 0.166727276535567 -0.508003015528633
0.0123090269140826 -0.00629804912612382 -0.369577665143388 -0.360037400310471
4.4389422792104E-05 -0.031260510431007 -0.376123161041342 0.170871807468634
-0.0145078809479534 -0.0161049816269647 -0.0244266577674473 0.274740485634384
0.00347598932794823 -0.0012582703519227 0.100532763043342 0.0845471080472735
0.00682687712046907 0.000294528422959206 0.0545688135754284 -0.101092499941963
-0.00276389213080984 0.00546172624717699 -0.0296820081690393 0.0894735238524322
0.000751510083149683 0.000604754715313542 -0.0872404752008507 -0.0243571704635423
-0.00234074333402914 -0.00918976496958706 -0.016742750125554 -0.236885555171868
0.00609638690760062 -0.0190477934920111 0.273523891837748 -0.194279451471346
0.0196461600164444 0.00641168121164655 0.397671516045742 0.225990642168836
-0.0132704861880783 0.00765977363409154 -0.0194412324189234 0.538145399086495
0.00106278564815454 -0.0134807342192209 -0.338906735484334 0.238474441425782
0.0120872532083086 -0.0105203931483174 -0.0526620862645088 0.0602899559808552
8.72034571779466E-05 -0.00414102917129808 0.323455645084031 -0.123639907169558
0.000390074714624777 -0.00619808008707924 0.15355777270515 -0.508631915011808
0.00755140730198473 -0.0123965803890716 -0.379177006058582 -0.349048187247812
-0.0047442087870013 -0.0283342780376226 -0.371422471896074 0.180118372753256
-0.0147420491010193 -0.0113592172811033 -0.0181084671207313 0.273279491146333
0.00679890549772837 0.00303058274764669 0.102810414585494 0.0797804866326744
0.0121923102056775 0.00210273559824278 0.0565942486714747 -0.10303831454607
0.00108205676365065 0.00590613164607907 -0.0290747574393166 0.0901872237679465
0.00313462550565643 0.0030109161178669 -0.0857780373306428 -0.0300548795622224
-0.00140423748907546 -0.00493556380284016 -0.00886566319080857 -0.241252610264047
0.00383138091228749 -0.0146225541493459 0.281987532252597 -0.185398073590657
0.0156613063833496 0.00407546211320489 0.390358191438161 0.24404295531547
-0.0115929673393515 -0.00212106416520581 -0.0411323322508746 0.538577464114053
0.0105643480894803 -0.0201744133992138 -0.342121110208894 0.226121552854828
0.0233300677457808 -0.0123251635798823 -0.0425882380216232 0.0584043385754552
0.00874655993617368 -0.00908130431015597 0.324068007421842 -0.134876906448783
0.00279263437215259 -0.0153179217186892 0.130680476356123 -0.514602805877876
0.00350459624643134 -0.0177801577653256 -0.394692370012345 -0.331012147441599
-0.00928907016377336 -0.0244797225368143 -0.360270466661422 0.193699405242845
-0.0147290187729547 -0.0051232759494142 -0.0077675306677253 0.269237398520529
0.0093700840931357 0.00715210044736585 0.105959757282401 0.0733044487218518
0.0158090946049132 0.00374705166173847 0.0568591714055339 -0.105097879082263
-0.0192350570104648 0.00729512072748406 -0.0426199959872465 0.084601347712778
-0.00853140029434486 -0.00107354907661469 -0.093198431797193 -0.0343461089681338
-0.00168240841408109 -0.0107430396717311 -0.00499554228157812 -0.244223511138876
0.0201360051439197 -0.0222434042643223 0.29400571577963 -0.181660867554738
0.0383929271964574 0.022132777727596 0.397747839502658 0.244638123603701
-0.0139594400767175 0.0417121373892072 -0.0357387597152503 0.520451814270285
-0.0351539853210605 0.0142064300262856 -0.31083455475269 0.206829033985296
-0.036148492764354 0.00112680277354422 -0.00176638899664281 0.0508397421794184
-0.036583296227327 0.0232493986023889 0.349623568795856 -0.159267405015607
-0.00189243562214749 0.0284168992644911 0.124349571274643 -0.530354364955845
0.0248779731633478 0.000604939467245756 -0.391402013574565 -0.317438363686367
0.00613208237080644 -0.0290220167841822 -0.336041839272819 0.19941451327182
-0.0141915244637782 -0.0114357402213571 -0.000757222984985402 0.261065013932001
-0.00328968162043295 -0.00104305298623029 0.0988734437425774 0.0683342211092037
-0.00647543359663547 -0.00128992893272456 0.0423222511649047 -0.103751682907375
-0.0197250282753059 0.00656602066252 -0.0409754025820617 0.0848644955507159
-0.00892481618458827 -0.00364532638226018 -0.0943858096922954 -0.0278293170418911
-0.00308956473594004 -0.0147214468970451 -0.0135885824143373 -0.239267511009227
0.0199912858081763 -0.0263016181181967 0.282908361036971 -0.190459817791664
0.0390924950637375 0.0216191998937382 0.404108082956435 0.22552930779822
-0.0138771260739105 0.0450226505493924 -0.0153663951418801 0.522831300457798
-0.0378410586601964 0.0166261811031743 -0.31170653402411 0.219345281686983
-0.0396549752191878 0.0010725480086645 -0.0165541544473946 0.054573515126241
-0.0400059777756547 0.0233966523789536 0.344414725969772 -0.143881567476998
-0.00435532880000964 0.0319923292735589 0.144982111053915 -0.524464167063047
0.0254557716279857 0.00388264670618107 -0.380965714143905 -0.335319576700749
0.00871578559170061 -0.0322518358974833 -0.348554096820875 0.188059607168072
-0.014231518366741 -0.0163437814581037 -0.00918866082299802 0.265382789713939
-0.00376604345663578 -0.00437281119393892 0.0974665220171431 0.074850063136418
-0.00709123178311797 -0.00224960380694048 0.0435625302347231 -0.10225681568756
-0.0189910067983363 0.00604774342920458 -0.0386538167155509 0.0858971357209506
-0.00874607187768138 -0.00470476914815287 -0.0939494423397228 -0.0231971432867741
-0.00374841501091162 -0.0162712364242591 -0.0198042571780321 -0.234852376505233
0.0183127930288453 -0.0287264785471247 0.273084451352308 -0.197985750459694
0.037726426635861 0.0192315992151572 0.409072756904431 0.213900891611377
-0.0135540399586121 0.0446074647433266 0.000205468746949404 0.52478724336903
-0.0358480530198298 0.0155189387664437 -0.313976894502066 0.232226769533787
-0.0368023842397328 -0.000231718733129081 -0.030801243187243 0.0577332722134615
-0.0385429328522555 0.0207632957051721 0.338561209734883 -0.130945308847601
-0.0064455482882628 0.0307075360455209 0.158829052056347 -0.516636912243024
0.0239697216938974 0.0039842967244986 -0.371472400166835 -0.348271381010431
0.00900841328276559 -0.0335030681302072 -0.359753155016316 0.177577585279798
-0.0137125632376895 -0.0191312171336603 -0.0177075074473389 0.269071530359751
-0.00343306440530188 -0.00613665061709826 0.0974635715229652 0.0806058578908183
-0.0063308914859959 -0.00259138511607314 0.0459168333178853 -0.0998648442594939
-0.0158652795166189 0.00588005853931101 -0.0361922313412061 0.0863802798293171
-0.00730575325991174 -0.00496691138217691 -0.0929763272576474 -0.019538056885376
-0.00484501475001641 -0.0168976936970147 -0.0249318882709215 -0.231643675228441
0.0151085277373272 -0.0284147872802838 0.266320657100022 -0.201771482980217
0.0344262352450359 0.016358537295338 0.409150308587134 0.202462044891361
-0.0131919519517535 0.0391585625989277 0.00856382021464493 0.526513728572543
-0.0301310137876997 0.0109940517147953 -0.317612311914898 0.241975540227784
-0.0282418268892732 -0.00237429386262277 -0.0437607763831613 0.0604477000233586
-0.0327820238410629 0.0156324449933059 0.331742143009811 -0.121000022456455
-0.00690475888623269 0.0254265747042981 0.167688713880882 -0.509507233551034
0.0211286443280565 0.00223631963832798 -0.366068387297396 -0.359526431900536
0.00762792638084002 -0.0340364900880512 -0.367791394861352 0.171489403401419
-0.0138848079286749 -0.0203809373647866 -0.0232045101744836 0.271864246741644
-0.00169711551408008 -0.00656332062106514 0.0976078846107327 0.0842139168195201
-0.00294838751384579 -0.00215192235479871 0.0484634218419593 -0.0994882018005644
-0.0114220897951253 0.00551740459053875 -0.0332856626457943 0.0879703964950933
-0.00454429169645914 -0.00419329733864337 -0.0911743280923899 -0.0188410532679378
-0.00492098076694719 -0.0154043168232922 -0.0259127084027572 -0.230526041678209
0.011898927894754 -0.0271805810963983 0.262728500374479 -0.203757359236959
0.0298807195853505 0.0130751515899883 0.407817767648474 0.201467631472013
-0.0137421698114139 0.0302362856998345 0.00904599371205857 0.528938564397544
-0.0216549172097661 0.00360067867004477 -0.323100577455557 0.246548174486673
-0.0166117242188631 -0.00511657787168996 -0.0520155597015452 0.0623814264422425
-0.0232431533664113 0.00973031956793866 0.324561206108459 -0.117429764391745
-0.00559769612878663 0.0160974927595728 0.168514527675326 -0.505079210412731
0.016575582503004 -0.00137564000685819 -0.364889832051108 -0.361240230501918
0.0041723086855968 -0.0329620180453015 -0.371151424556674 0.169803660415889
-0.0141631371698426 -0.0192973114465417 -0.0239131202513463 0.273492944741138
0.000601093300439578 -0.00460437165103249 0.0987078137888702 0.0851054438806265
0.00140994122935375 -0.00108959516272437 0.0510496641037204 -0.100272010108518
-0.00704224153960118 0.00592898923065835 -0.0311016908311783 0.0881461459883182
-0.0022054208756832 -0.00253349451484682 -0.0890337107062515 -0.0197804200959484
-0.00390980149196553 -0.0131365947412961 -0.0243441290417161 -0.231554274572859
0.00884233485181661 -0.0234454423246644 0.264136088186199 -0.201008654721636
0.0250523103918575 0.00980972485797789 0.40275948715076 0.208040434657594
-0.0136289205950961 0.0201636589225747 0.00157977753066058 0.532144823349128
-0.0112363025098779 -0.00494803480419508 -0.328425529430195 0.245378189802248
-0.00287415724214584 -0.00780871432686636 -0.0550292576156498 0.0626928495645115
-0.0119645972183524 0.00308146644602999 0.321273868666689 -0.118503297894584
-0.00307775073917925 0.00594663235681518 0.161408272138016 -0.503749711892919
0.0119999475490527 -0.00644947173062563 -0.370535226313828 -0.353788121711975
-0.000292408480505884 -0.0310679938220695 -0.371126031983026 0.174479530965292
-0.0143240568947238 -0.0161070717248456 -0.0211769903152078 0.272964199826976
0.00364327743019831 -0.00220575384862707 0.101028354974562 0.083241777484964
0.00655712070359238 0.000253263642863526 0.053402092158001 -0.10055429721744
-0.00223162328565572 0.00563052123611782 -0.0287335454401644 0.0888265363457552
0.000544355533011152 2.64414831342287E-05 -0.0865978246839889 -0.0230038871338566
-0.00246759764397397 -0.00900825623376866 -0.0199460967940153 -0.234475436949286
0.00559407164933838 -0.0185816930439294 0.268864552061989 -0.195914314146868
0.0192993805740082 0.00642684695596123 0.397450055439161 0.218624744408367
-0.0128088240648076 0.00780713456635193 -0.0131729105309532 0.533489705175502
0.000632364414204023 -0.0137409798466371 -0.333361404484136 0.240534255332624
0.0118583524776419 -0.0105343579841545 -0.0518011920121701 0.0609096588554679
1.6853695405359E-05 -0.00342753660107994 0.318910997110199 -0.125251388725276
0.000346409178105796 -0.006144469052159 0.1467178623584 -0.506713612503463
0.00705278007824042 -0.0130536891973093 -0.379389243776401 -0.34183125505486
-0.00577688513403024 -0.0274344354325633 -0.364930221780861 0.183211259310019
-0.0146318368770882 -0.0107751517038202 -0.0148598912461613 0.271178123629269
0.00657130216296938 0.00211777940360098 0.103161769377604 0.078747709876898
0.0119366033005279 0.00198405816062045 0.0550848647875474 -0.102453316599952
0.0011840602347199 0.00642727989556402 -0.0278514240852477 0.0888543364892893
0.00314805735724985 0.00283786075283638 -0.084993053113218 -0.0288049266231454
-0.000822697640589756 -0.00465488856923178 -0.0115729362276582 -0.238063115485733
0.00327450660754193 -0.0144561970848131 0.277884539749573 -0.187853812175008
0.0159312180835364 0.00352391871466005 0.388749730541088 0.236455072642094
-0.0115607068142799 -0.0020103721275544 -0.0331251415907289 0.533421439748582
0.010277064077593 -0.020386122850777 -0.336802469796469 0.229099928894418
0.0230560729741166 -0.0123054252805836 -0.0421973489413201 0.0582342159123077
0.00844988172045846 -0.00875203906138553 0.319776498425128 -0.137331775839374
0.00249965925933563 -0.0153283041721447 0.12425250176112 -0.511285442900661
0.00306730004702286 -0.0173753304798325 -0.394573195328064 -0.322464608006525
-0.00981368445839494 -0.0241632104009868 -0.354976808697805 0.196174724787164
-0.0146779261381585 -0.00541142095509175 -0.0041121569316863 0.267093772797398
0.00940877578861818 0.00622889236281114 0.105753739932883 0.0724800406571885
0.0155661678873259 0.00322337694687961 0.0557674737469754 -0.10453686562968
-0.0188898780364431 0.00743237241156579 -0.041821284536353 0.0837341526678537
-0.00783672941049144 -0.00132135474291347 -0.0927380710948355 -0.0330989411590383
-0.00134817623625165 -0.0105637410293831 -0.00643907862043283 -0.241222435647324
0.0197980863442104 -0.0221503128349688 0.28838104680713 -0.183946263951252
0.0378674545627668 0.0215753422239038 0.39472404877813 0.237725097296371
-0.0135945065766923 0.0410748283292296 -0.0300446408596728 0.515792547114973
-0.034583130682421 0.0143420444833407 -0.306309109178097 0.207280141851589
-0.0356907460906188 0.00110230912086568 -0.00158075561925975 0.0505523049461236
-0.0359329610544652 0.0233995783037959 0.34459921645046 -0.160298130436478
-0.00134020278003572 0.0286972130294034 0.117948636150752 -0.52747942020573
0.0248047581295015 7.13543717233804E-05 -0.391542760303452 -0.310326393946182
0.00574794832317275 -0.0287289570320786 -0.331179950018629 0.200802235964797
-0.0139143939230457 -0.0112035504159617 0.00151896566867455 0.258851050411999
-0.00319269115405173 -0.00160234455494259 0.0986361823708732 0.0669375111386923
-0.0066832396463623 -0.0012142740937813 0.0412689064944184 -0.103110081414071
-0.0194542537167653 0.00711204303125368 -0.0403919637906078 0.0844670160074456
-0.00909633242352414 -0.00358486394355889 -0.0932017677759646 -0.0269832690304279
-0.00261187858077093 -0.0144310470169327 -0.0156109378004239 -0.237127612202484
0.0197503711847805 -0.0257941791875729 0.277631768797325 -0.192024317255825
0.0388898611663541 0.0204199935768088 0.400783833293877 0.21961081875145
-0.0131441838661306 0.0444453296926423 -0.0100608183601895 0.51656408721799
-0.037483647257157 0.0165243928555805 -0.306745047532199 0.220952056639038
-0.0388744310350767 0.00146179014255106 -0.0161926101589291 0.05414389406621
-0.0394675804333355 0.0234741843412631 0.340170022566918 -0.145299614134266
-0.00425262072308972 0.0319414430839176 0.137053771203859 -0.520464093889904
0.0251661276515721 0.00321119138035228 -0.37976108837321 -0.328907577461107
0.00861614641627349 -0.0317503014998708 -0.343600365721144 0.190047982066769
-0.0141038175513153 -0.0161090286450075 -0.0070651527754544 0.263829858288681
-0.00424503311086642 -0.004749933239793 0.0979048936121865 0.0735492354212536
-0.00749208607454954 -0.00233196390066206 0.0421238208283657 -0.101469799449627
-0.0183794167313647 0.00671873225698295 -0.03848868164001 0.084708048438107
-0.00843555458092669 -0.00451299976280488 -0.0930788365747677 -0.0218514487742119
-0.00392518037950574 -0.0163373016159177 -0.0225960506570905 -0.232471986814531
0.0173219403881587 -0.0281636103778953 0.268989803966137 -0.199041867633264
0.0380015578000665 0.0184955087449821 0.405708791245458 0.206819984946281
-0.0129098200899397 0.043813849660225 0.00456434970400216 0.518997657794191
-0.0356287488547917 0.0156484480910843 -0.308244479062229 0.232811901238544
-0.0358875102272999 0.000347379308748465 -0.0303430697933111 0.0575132616550269
-0.0380569066289056 0.0210947645733924 0.334479050871551 -0.131957873382715
-0.00650449901448992 0.0302292643773922 0.15396678851898 -0.513670519701228
0.0238584642469096 0.00404633472017682 -0.370872028427359 -0.342664327383548
0.00847623124841448 -0.0333111077627688 -0.35479501816996 0.179789854783965
-0.0138852101205005 -0.019224199210757 -0.0152464631878065 0.266987253274924
-0.0033412366670946 -0.00660903818936685 0.097437120874617 0.0789830365574914
-0.00665404977372589 -0.00252940207847771 0.0446677990520098 -0.0994336146807217
-0.0152541265889309 0.00580840223446149 -0.035470464699129 0.0862197293705544
-0.00707127289586731 -0.00504490601400793 -0.0918662711205484 -0.0187712195374144
-0.00456575097498343 -0.0166971904109688 -0.02686058048517 -0.228882091417339
0.0145417045963375 -0.0280649661723018 0.262273267770949 -0.202522936984595
0.0344128874283385 0.0159837847332289 0.406679833252905 0.197126684669676
-0.0125018569405378 0.0391305122259265 0.0131703411375987 0.520335020317868
-0.0292105173262961 0.0109458765081651 -0.312499721497159 0.242495169374085
-0.0277948175370206 -0.00223981782676292 -0.0428486557936614 0.0604938424342363
-0.0324305640640049 0.0158530599948135 0.326582891864466 -0.122171736823825
-0.00707228319506838 0.0252614315956917 0.162332696214239 -0.505744943460123
0.0205302361508286 0.00276238748021733 -0.366337311294747 -0.352581762285363
0.00701436652396102 -0.0332759423568624 -0.363083186197533 0.173249756618958
-0.0137915037561921 -0.0201566214870999 -0.0208919921681267 0.269565867017616
-0.00173278662867947 -0.00691758098522398 0.0975569182036595 0.0827309232681481
-0.00326508393271409 -0.00222599304868367 0.0478705689902364 -0.0989699518032839
-0.0113382270291531 0.00544546628808391 -0.0329833121709509 0.0866573559944298
-0.00480526327785124 -0.00439834162308486 -0.0904688409402454 -0.0173959715513532
-0.00408316436652425 -0.0155121844754883 -0.02816188943339 -0.227877239934733
0.0112456629841689 -0.0265346857972853 0.25824641055291 -0.203630223107015
0.0295712860642418 0.0128977006143324 0.403720658844542 0.195578790189901
-0.013398468086321 0.0300812179144263 0.014152201711129 0.522955507508564
-0.0213388870421252 0.00379770293692507 -0.316919360903878 0.247013885685075
-0.0161195346259819 -0.00526776020110218 -0.0509985163989732 0.0619531599093058
-0.0230195513785193 0.0102721508270372 0.320920000974065 -0.118185650502983
-0.00551266779563644 0.0165927512471601 0.162884076271002 -0.501402955666771
0.0165760472103149 -0.00150286523991346 -0.36469222548858 -0.354689577561797
0.00444895098341502 -0.0325672086051725 -0.366233435624347 0.171528367521365
-0.0138782953749097 -0.0189339370508881 -0.0218668174582105 0.270884590825049
0.000659018888719706 -0.00529813812195884 0.0984473366470222 0.0836385647779744
0.00113514211378528 -0.00156862246824241 0.0500032450752889 -0.0991106833613563
-0.00725411864432757 0.00596806893096529 -0.0295915550702833 0.0872044477695623
-0.00183439849797234 -0.0024328015251699 -0.0882514102867874 -0.0184368086795764
-0.00360476115818134 -0.0130435159161466 -0.02598076092333 -0.228230214527378
0.00852820387200053 -0.0228617768767754 0.258988857035963 -0.202358007804102
0.0247906350251731 0.00971529766930455 0.400495795623061 0.201080461367695
-0.0128953880822046 0.0199373456403351 0.00691143607803526 0.526036172601808
-0.0110294212428842 -0.00447137189258413 -0.323273791107182 0.245393479404607
-0.00256336822470379 -0.00781202693097429 -0.0538794204432651 0.0624540097033459
-0.0115054202566 0.00368936223885807 0.31684702371582 -0.119664485487607
-0.00287996677850915 0.00545004268682753 0.154510944295747 -0.500827471615914
0.0120472121364861 -0.00643145016441516 -0.370796238010311 -0.34661473594121
-0.000547086714994972 -0.0306044302021593 -0.365198516618135 0.176041273529614
-0.0139584569983438 -0.0158108676201155 -0.0189288326685563 0.270306152220808
0.00388075822627192 -0.00269673062183123 0.100413191996521 0.0818194094001385
0.00612371111932619 -0.000212008930961167 0.0525527104200194 -0.100202703123655
-0.00224709492438528 0.00602738375266428 -0.0279943466830847 0.0879829182137196
0.00126572764336981 -0.000284924727752874 -0.0856755790444177 -0.0225950714635147
-0.00197012613436969 -0.00863681488166362 -0.0212006064117158 -0.231341652895943
0.00498098326390321 -0.018328291154172 0.263853361186433 -0.197162212072568
0.0192821680275935 0.00573308419553454 0.394768469795467 0.213159838565558
-0.0123438168890095 0.00755419789504885 -0.00813346201542263 0.528521151598949
0.000440310351135769 -0.0133885673960737 -0.327700710812998 0.241013741724005
0.01210992206842 -0.0106293400191005 -0.0509854786257917 0.0609572986574502
0.00040910994828917 -0.00334679575589823 0.314434078705358 -0.126431932811924
0.000421461902554078 -0.0059177845038319 0.140846260337177 -0.50325044022767
0.00684400536589058 -0.013123306642007 -0.380348513542639 -0.334711629493697
-0.00594975810914283 -0.0272441574953575 -0.359863299966226 0.184875486065844
-0.0143905052264552 -0.0105569471183018 -0.012805823601091 0.268493408018869
0.00624411658096581 0.00132833004255054 0.102699513394994 0.0779326991095337
0.0115745637880907 0.00158523676088844 0.0543502918442133 -0.101705537928201
0.00148535870461272 0.00663219688671034 -0.0272728058695669 0.0879722402017048
0.00334143594223986 0.00265695753190073 -0.0845817542712407 -0.0277151968809459
-0.000833069435635769 -0.00412613484582815 -0.0133861660802176 -0.235472047069871
0.0032975956007464 -0.013726459806503 0.272410660935251 -0.188322736982821
0.0158992655177404 0.0032407319609044 0.387474165148734 0.229674842127531
-0.011146023352443 -0.00218318209873509 -0.0279827613077618 0.528117216901398
0.00991049352630792 -0.0199051620374279 -0.331461086461757 0.229623416640779
0.0227374277920837 -0.0125881105582241 -0.0414689723080058 0.0578801455298196
0.00838894432140873 -0.00855568072030777 0.315442477002011 -0.138615171032066
0.00217989348517794 -0.0152768681012393 0.118399935180054 -0.507448561698123
0.00267285888320987 -0.017792164708417 -0.393069652331277 -0.315294416654237
-0.00975767243030693 -0.0238002403785313 -0.349333241367916 0.197702118855311
-0.0144492057609672 -0.00543798519700598 -0.00327365811965731 0.264285553464162
0.00930402575697745 0.00552536881113374 0.105843763259562 0.070755663814082
0.015061929850479 0.00247302233609329 0.0543869189253466 -0.10384375166894
-0.0188441222732576 0.00790175491935648 -0.0414136218391287 0.0834550706228459
-0.00790359453619964 -0.00160426725134376 -0.0919364114552219 -0.0317763898518112
-0.00108488594217682 -0.0106048429526733 -0.00905772653397315 -0.239238179072147
0.0195239875842634 -0.0220022027304357 0.284627290289196 -0.1834770211011
0.0384088844874271 0.0207187592070718 0.392843605491951 0.231314056741278
-0.0127737558366309 0.0410847157500705 -0.0259565981718627 0.50928768230195
-0.0344692497048277 0.0139179650427926 -0.301911409253702 0.207379361721827
-0.0352479676497516 0.00126829900276717 -0.00096725854771075 0.0498318454272536
-0.0355677276726054 0.0237319596417881 0.339805618359952 -0.160252896251234
-0.00117679419677499 0.0286008016111105 0.113589200978387 -0.522214936887276
0.0241033141125737 0.000368634860065036 -0.387947959009746 -0.304705583866412
0.00583738117832031 -0.0282394822787264 -0.326661816602535 0.200956782438974
-0.0138157692768823 -0.0110871148587334 0.00318949108496263 0.256140148895763
-0.00313436986757467 -0.00261856564630991 0.0984621044557747 0.0658970810374653
-0.00632772108771526 -0.00155600240006005 0.0401927407733738 -0.102155728216775
-0.019174933435347 0.00714869043579486 -0.0394491085321929 0.0836842281779528
-0.00880207965930841 -0.00351848237199927 -0.0919203729088492 -0.0262627230070584
-0.00216363764187239 -0.0141143296299778 -0.0173148701299276 -0.233685625943645
0.0188937317779259 -0.0253277331733439 0.27421117619424 -0.192887544218463
0.038908127129883 0.0203651529979357 0.39770821129637 0.214095733568996
-0.0126660807951511 0.0446897009479511 -0.00569598627010764 0.512101353133934
-0.0368218568944001 0.0163694988581035 -0.302040676093917 0.220803547625561
-0.0381017437936282 0.001432866547548 -0.0151842503398331 0.0534465148199987
-0.0388842439725152 0.0240772012000709 0.336352292767296 -0.145798612938058
-0.00424270096298669 0.0320774221440031 0.133301888765201 -0.515310732072913
0.0251952858885255 0.00316825128296669 -0.378428537003076 -0.324425757021407
0.00800389755202544 -0.0316690089424853 -0.339481663969525 0.190733412001131
-0.0136549299136343 -0.0156468981647416 -0.00538752731355143 0.260188227457124
-0.00410649948327431 -0.00533598315028289 0.0974199285749169 0.0726867757214238
-0.0075777079669066 -0.00238143738739922 0.0411444060223125 -0.100703269891849
-0.0183296632289634 0.00704709228409914 -0.0374541559620739 0.084236034907052
-0.00870247233659623 -0.00507339991535385 -0.091971087627692 -0.0206698449093662
-0.00363636199844983 -0.0163045725770361 -0.0237694009158065 -0.229563211659556
0.0171899822386687 -0.0275271946642338 0.263849710839241 -0.199101037060456
0.0376405041497334 0.0184054305857897 0.402675298193113 0.20212546303573
-0.0121025568859433 0.0436321478183877 0.00847268320841591 0.514370943480041
-0.0348425577295629 0.0155291220161464 -0.304542324985809 0.232188048279099
-0.0352051480115913 0.000203104501612443 -0.0295416768488302 0.0575202393533125
-0.0377845842776388 0.0216518458904366 0.329857115276188 -0.132704671728979
-0.0063857569974311 0.0303510145373861 0.149142176019362 -0.509269669546106
0.0232337731837238 0.0036107119343562 -0.370558689246174 -0.336205876078838
0.00823305957297739 -0.0330338890140621 -0.349696142907903 0.180632415557553
-0.0136837030496241 -0.0190754592228971 -0.0136247702658003 0.264560942928903
-0.00347911441578043 -0.00712141747826142 0.0967422337484955 0.0775180436531761
-0.00659556974439092 -0.00286077976394376 0.0436569002406894 -0.0987504306984944
-0.0155271432761666 0.00623531888872309 -0.0354756861715121 0.0849561935648135
-0.00705087810397363 -0.00521449601405744 -0.0910039755572793 -0.0176484332348799
-0.00435161579236984 -0.0164664324764625 -0.028422808517443 -0.225938986227874
0.0141853171844202 -0.0275570729475845 0.257868245368336 -0.20264985839061
0.0341343157447759 0.0155212915375669 0.402985974179996 0.191808575133209
-0.0120471756110467 0.0384196264526155 0.0167716591151053 0.514593344098237
-0.0293790947581123 0.0105096815931381 -0.307695191632196 0.242211378481452
-0.0276313213388763 -0.00219566964196034 -0.0420505963035903 0.0596702025767835
-0.0319666518408642 0.0165041716311785 0.323302815082212 -0.122747292453435
-0.00630431963410191 0.0251849980334354 0.158524610482751 -0.501923751988939
0.0206787337239364 0.00184269242607265 -0.364579533135543 -0.346962249123975
0.00695013147615282 -0.0331225785148053 -0.358015179779615 0.174261589906348
-0.0132120482288969 -0.0200452771936553 -0.0190783863892524 0.266571062364655
-0.00228836707692795 -0.00731171629378004 0.0972433625992919 0.0817514395851058
-0.00347948769864774 -0.0028035390281435 0.0466766263595311 -0.0979540068147701
-0.0112691532694484 0.00609194990410177 -0.0320878523282997 0.0859813081273013
-0.00454180784896443 -0.00468594532228958 -0.0891990337591015 -0.0162430414103413
-0.00417753233432743 -0.0154683325035861 -0.0292701441400123 -0.225504864521066
0.0113531431142679 -0.0262454616510665 0.25391244492564 -0.203620766641518
0.0295417622121835 0.0124117341680918 0.401696261633083 0.189977980829939
-0.0124327132966305 0.029746012467605 0.0186222051201658 0.517574883589389
-0.0207850371898846 0.00389497076350195 -0.312442125488434 0.246375540976366
-0.0159998734839957 -0.00482695215854358 -0.049962696516703 0.0616655336921868
-0.0230503763002196 0.0101447017226475 0.317084702686987 -0.118093092626276
-0.00552196484192053 0.0164329544946151 0.158430356136373 -0.496918380491301
0.0160428062745396 -0.00164806576944622 -0.363394703290848 -0.349231260026348
0.00399016122724533 -0.0325021921652486 -0.361452878417214 0.17295571237748
-0.013544978409519 -0.0184561148539 -0.0201728747176458 0.268122364509155
0.000614956200110435 -0.00594663250871073 0.0984866644864437 0.0827239714110393
0.00106540685199843 -0.0015456651846449 0.0492073723752695 -0.0984993634562868
-0.00679118632555831 0.00618044126230335 -0.029548154765192 0.0868347096187255
-0.00187517419803717 -0.00293706882498276 -0.0868233921422561 -0.0177784681609373
-0.00315327939760922 -0.0125303207524144 -0.0273532254892218 -0.225638473739843
0.00808327398527243 -0.0221815759915252 0.254846036401076 -0.20238355671517
0.0245647450246377 0.00924962648377352 0.39710791880189 0.196339007559572
-0.0126513940653599 0.0194314333801075 0.0116632878938508 0.520295141574611
-0.0110467332384999 -0.00467311087441576 -0.317971291575077 0.245510085670449
-0.00277418247802889 -0.00822240163668119 -0.0527103417686689 0.0619321499204896
-0.0117212215103737 0.00357295113212568 0.312813245562576 -0.120176759160832
-0.00344462311737444 0.00632236836969588 0.150526614898057 -0.496472820721121
0.0116248053209985 -0.00723224693551305 -0.369696923967195 -0.341399210037209
-0.000730850610013895 -0.0311987423856251 -0.360563713073895 0.177614964195065
-0.013769355737803 -0.0157157273864061 -0.0172168527963915 0.26794974814474
0.00327369148921616 -0.00296128100580313 0.100308988064653 0.0804512522616826
0.00575048498393403 -0.00045679044859785 0.0515170698311325 -0.0992052924755941
-0.00189076465086165 0.0061324723276176 -0.0273793761570977 0.0873708009503431
0.00103251458636741 -0.000619667114371784 -0.0849448070090891 -0.021352188980096
-0.00147579443393957 -0.0086381709060658 -0.0223818319309212 -0.228890453806179
0.00469524269925165 -0.0171868047214326 0.259209252149816 -0.197189344676624
0.0190997779471713 0.00580487355280783 0.391756910111568 0.207407917012675
-0.0121289908414238 0.00760054408678362 -0.00358800037854934 0.52300384094879
0.000848867355461783 -0.0138251451178832 -0.323366863029815 0.240318950530119
0.0119945992387913 -0.0110704022068489 -0.0497870474963553 0.060651425992099
0.00024525838961242 -0.00307796203079328 0.31179281344373 -0.126028718841437
-0.000130680667700857 -0.0060967485659297 0.135915420702246 -0.498013950004637
0.00648387518006363 -0.0128362911616077 -0.378812123982396 -0.329804752686842
-0.00565243604244695 -0.0269897013531151 -0.355303659497696 0.185506710429293
-0.0139653971315865 -0.0102452244989089 -0.0111803505944522 0.265620537108123
0.00667377184975494 0.000938049131618606 0.10296514982639 0.0763542897768291
0.0109022909019251 0.00103777716560065 0.0526307197587734 -0.101008845767485
0.00144314400312341 0.00659291988975879 -0.0267963429134197 0.087126422672302
0.00351860417865618 0.00226876060734569 -0.0836654756402679 -0.0265803687027354
-0.000320774105421726 -0.00406729974240751 -0.014733302099655 -0.233001445275908
0.00313124201451495 -0.0135921234446381 0.268436155018823 -0.188495289466578
0.0155980300607798 0.00319123932902499 0.384769146386919 0.224856706196507
-0.0110004209163116 -0.00150296758021721 -0.0231736038194001 0.523158392088921
0.00994001109183286 -0.0197951662390038 -0.32730431416656 0.229369094848417
0.0225013211262367 -0.0126703134598055 -0.0405766670828883 0.0579766084920741
0.0083217303580885 -0.00799112062371416 0.311637831438731 -0.138034579318886
0.00237929515382567 -0.0146917859097268 0.114083012132909 -0.503293865017373
0.00256252516956288 -0.0176891049683485 -0.391419028453365 -0.310718306327818
-0.0100026113398923 -0.0236988428355966 -0.344750528205278 0.19868622136263
-0.0136918391234264 -0.00512485719025352 -0.00149125026123829 0.261624625359729
0.00925346874312537 0.00480617827685942 0.104977351001408 0.0696531813297833
0.0149981171172937 0.00246383693816215 0.0534685633336321 -0.103164433354983
-0.0185314931719132 0.00806514625852576 -0.0413334479243215 0.0823808517162098
-0.0075271359803189 -0.00203237339111545 -0.0903981313771968 -0.031102820885357
-0.000661492700849803 -0.0106299464456721 -0.0101524894559261 -0.236968361602912
0.019015388950099 -0.021343678725533 0.280018786430157 -0.183149052335929
0.037925869410747 0.0205037383613345 0.389210309150084 0.228211002855497
-0.0128540008574474 0.0405645510208039 -0.0216787486399166 0.504857208744913
-0.0341336812449272 0.014245864764517 -0.298667375183471 0.206807506986086
-0.0347299454447184 0.00143677690594891 -0.00143340074489729 0.0493938979162722
-0.0352301855394241 0.0244278809800065 0.336785520923347 -0.159856577989716
-0.000958595257866544 0.0283529878493486 0.110444268728525 -0.518808841648837
0.0240761926527502 0.000287941005731714 -0.386005099135265 -0.300579640722783
0.00558658822077476 -0.0286423322163139 -0.322794054886197 0.201915939890984
-0.0137372639875606 -0.011039813646672 0.00433405687308726 0.254602993061409
-0.00354433199092423 -0.00305179079562799 0.0980904332785203 0.0651746773577226
-0.00716838146524348 -0.00160625074385804 0.039884668510814 -0.101384528574647
-0.0184964282225355 0.00727206824464214 -0.0398653867887638 0.0829612921442374
-0.00835314917262652 -0.0039342749038322 -0.0917790410318845 -0.0254451997601295
-0.00196484921141407 -0.0138476241427376 -0.0183837818594052 -0.231424557471007
0.0186143165771983 -0.0251237896074166 0.270470370943135 -0.191629447931917
0.0388828313983857 0.0199370104474266 0.396414386131578 0.210195863931582
-0.012116654464324 0.0441331851957427 -0.00387574917509878 0.506525738910211
-0.0362648920768535 0.0164824130163013 -0.298544312847554 0.219172209825602
-0.0375045440692766 0.00150342621867468 -0.0149805285499562 0.0530534450147255
-0.0387584036516652 0.0240759249227077 0.332379421883263 -0.145626629889406
-0.00393126890932168 0.0318359652861511 0.130557815644061 -0.513026179788256
0.0246753777231088 0.00304859746347549 -0.377010311879913 -0.319169296027725
0.00781235389805161 -0.0309700377775465 -0.334820363305778 0.190455726715377
-0.0133879474304438 -0.0154715928391528 -0.00461051637925324 0.257752932728853
-0.00415190854980542 -0.00561086383001518 0.096996953446563 0.0714351754779238
-0.00792809512124837 -0.00232266636018878 0.041197850196768 -0.0999440069482798
-0.0178964229334884 0.00676074882636908 -0.0371815045046036 0.0836222483720968
-0.00828784486354961 -0.00511347409292398 -0.0912386765297048 -0.0201835291521606
-0.00311097132993289 -0.0156790758740244 -0.0243936215711373 -0.227786945411588
0.0166303150920071 -0.0271245755676024 0.26050352910838 -0.199028204249259
0.0377992313406487 0.0179263776903838 0.399133357541877 0.197293104001266
-0.0123109148809015 0.0431128239350144 0.0111021862762532 0.509348867562391
-0.0343589005492716 0.015448723402289 -0.300226574808848 0.231221767937307
-0.0348862359544408 0.000192270186828886 -0.0290154553492883 0.0566195847535666
-0.0370178218090091 0.0213994272264713 0.326160306426506 -0.132271695029727
-0.00641333650822919 0.0302268499572961 0.146482365524002 -0.505442157867683
0.0228272842634292 0.00367498925964239 -0.367259338635186 -0.332739878816476
0.00790674308815946 -0.0327606873992441 -0.346439272258531 0.180415184592267
-0.0134167474514892 -0.0188243573457428 -0.0129807308485749 0.261822069295072
-0.00391766814266722 -0.00742702183496487 0.096660969094003 0.0770448003815961
-0.00661982321775519 -0.00318468937865222 0.0426677086341189 -0.0977993935259968
-0.0147534695161308 0.00650813446326686 -0.0353787781913789 0.0844207700226348
-0.00668887576359343 -0.00525564422206127 -0.0902239591972568 -0.0166974901402488
-0.00383430205018516 -0.0163732731089061 -0.0285581270244561 -0.224026868641767
0.0138767048842893 -0.0273729682350221 0.253905166600055 -0.202272275971576
0.0341437491800404 0.0152886108934243 0.399973639317712 0.187933357365469
-0.0117998312634446 0.0380756827484348 0.0204244343935786 0.510102862259308
-0.0283112208851325 0.0107979707535821 -0.304334708686922 0.240342049763725
-0.0268335766631238 -0.0020689354690207 -0.0414821109500381 0.059698273512339
-0.0317749628890757 0.016373852169738 0.319677957268374 -0.122406140701251
-0.00658037555184797 0.0251263035696049 0.15540001080174 -0.496581432494446
0.0201141955290249 0.00177311308868379 -0.36237716906239 -0.342666628674318
0.00720870343067603 -0.0329750893400215 -0.353249126288214 0.17489296773732
-0.0131506092560151 -0.0198666598577592 -0.0177811775881407 0.264578914345982
-0.0019029186773143 -0.00825712681228731 0.0966342891618346 0.0808028924515994
-0.00413995312090458 -0.00274960269295022 0.0457539444838136 -0.097511170500251
-0.0109277622903216 0.0063184619427343 -0.0317236352673602 0.0853063479201517
-0.00473689790931604 -0.00429664901455483 -0.0882726341526727 -0.0158764284430634
-0.00360652224640371 -0.0152026387163393 -0.0297284517852142 -0.222741844111616
0.0106550422292168 -0.0254113138068371 0.249590721857375 -0.204046185485554
0.029466803603498 0.0122534650387111 0.398585018942904 0.186200413305706
-0.0119472802515107 0.0297086573181613 0.0214310387816634 0.512226599315645
-0.0202539142613199 0.00360459910174815 -0.308983482892701 0.244735013306934
-0.0156755261166883 -0.00496333965745351 -0.0494445273231485 0.0617004298086319
-0.0226077022506368 0.0108807591144153 0.314055677814124 -0.118840441784504
-0.00594604120577461 0.0163604385429723 0.156364137411463 -0.491893254061888
0.0161036970072088 -0.00162570979330793 -0.361478383141653 -0.344253312384448
0.00380660095572335 -0.0318340393619971 -0.357085354618339 0.173747606827183
-0.0136160721082494 -0.0185932313338935 -0.0188049412149473 0.26653256217412
0.000315740284010177 -0.00627098041134249 0.0986291212440217 0.0813638819720717
0.000338888517784194 -0.00152974577552894 0.0489881928854612 -0.0975909783263484
-0.00646785194574973 0.0058469664245578 -0.0294728646691729 0.0853260871045796
-0.0015793710767319 -0.00275527583673685 -0.0862707000931289 -0.0171004587063024
-0.00311266349165092 -0.0125207880671858 -0.0280609325683016 -0.223311860702507
0.00753543974225905 -0.0216902361649235 0.251526622518292 -0.202372168096646
0.0245703013747779 0.00940470619650815 0.395224288403165 0.192772781036224
-0.0123577383460009 0.0192125046772906 0.0129847798141738 0.515362484627603
-0.0106349204552965 -0.0045270471511438 -0.315194159567127 0.244376941277797
-0.00251353513877467 -0.00775324450463879 -0.0523028495997952 0.0613373072241231
-0.0116811299523448 0.00450821981932929 0.309755101301775 -0.120742058607875
-0.00326682019223609 0.00605073913477208 0.147092854570335 -0.49110402463179
0.0113969103145961 -0.00684847798361663 -0.367387619321681 -0.33716378695809
-0.000663517614336846 -0.0300354935975698 -0.356303838719732 0.177366645286068
-0.0135627404036684 -0.0153745273027155 -0.0159763646293812 0.265046141499831
0.00314497400236201 -0.00391253993067892 0.0997582409016694 0.0795002368573391
0.00547519608335029 -0.000663898632450734 0.0510261228091601 -0.0985546032671518
-0.00178256972823213 0.00630404975457504 -0.0274400304207707 0.0860542071304989
0.0016481398024277 -0.000711553092151506 -0.0843202497849283 -0.0203687639561503
-0.00120488456725877 -0.00839977444839199 -0.0234644713843989 -0.226537263563116
0.00482644691964248 -0.017524728121718 0.256026060055028 -0.197440052716209
0.0188787445266213 0.00554287778773961 0.389129043880284 0.203638891526796
-0.0120517217997295 0.00769555799663919 -0.00148266828997338 0.517618287121091
0.000502142650726763 -0.0135498319355077 -0.319128528464571 0.239320459041818
0.0119115916938976 -0.0108393175490788 -0.0492972795541433 0.0600459799328788
0.000136818547907729 -0.00285064702120879 0.308104239384227 -0.126442923246554
-0.000197119775625337 -0.00532533748727558 0.134150034812487 -0.494303213826757
0.00617267393113294 -0.0129209274399283 -0.375810670302205 -0.326071655755888
-0.00578862304778478 -0.0268612541913017 -0.351532119439765 0.186007562881472
-0.0139643090789572 -0.010398110295125 -0.00986956363830309 0.263324216087068
0.00629422118207761 0.000767154721140291 0.10209397580205 0.0752700622028634
0.0106682487461565 0.000579266333492644 0.0526383450917919 -0.0999994844791148
0.00173429674515744 0.00679811812651271 -0.026204571306724 0.0865691256481191
0.0037009195954187 0.00218640176241241 -0.0830176341467656 -0.0261629681248883
3.25745691736982E-06 -0.00391051827687527 -0.0153904151879772 -0.230628698026203
0.00270930323078024 -0.0126629747735059 0.264555630087114 -0.189008717356082
0.0158441049375446 0.00305026900593959 0.381340071076908 0.22071223123864
-0.0107971014665227 -0.00183780531243512 -0.0196652058886896 0.519514968009978
0.00970008360820152 -0.0192206127926446 -0.322707793944823 0.228489107199248
0.0230682295183112 -0.0128541765723473 -0.0399785218226072 0.0569912675606791
0.00794398479563035 -0.0078929894620699 0.308405133231558 -0.13766864350847
0.00178960451158265 -0.0146520660791401 0.11050247635286 -0.499559964376704
0.0025985241315128 -0.0171919507367026 -0.388673377506668 -0.305742994039964
-0.0099385889439506 -0.0228505709757732 -0.340375478029234 0.198390636685785
-0.0138269831412533 -0.00515662022345626 0.000129088241016281 0.259388002929122
0.00921217864492384 0.00375317545063057 0.105069901848517 0.0689281801797325
0.0147604011296472 0.00185034079565566 0.0525906558522931 -0.102243793733087
-0.0177216030442313 0.00806609495121792 -0.0416335226589131 0.0815741695567637
-0.00736610331276786 -0.00244052243110161 -0.0900835609342512 -0.0307890562109787
8.32145024360579E-06 -0.0106754100704435 -0.00957715927002003 -0.234605151568157
0.0189760382709772 -0.0209910682742061 0.277065487407937 -0.183012192509434
0.0376325928842694 0.0200325534773136 0.386353865525795 0.223815855123284
-0.011954971932793 0.039951736382423 -0.0207802247253494 0.501171802936233
-0.0336183840994319 0.0141161473643266 -0.29511382952536 0.20543495909585
-0.0341316124518235 0.00158545722726771 -0.00119362921378993 0.0488679217507073
-0.0346120617964108 0.0246420638160789 0.333739908062427 -0.158610346398667
-0.00101248854032429 0.0282122606443712 0.109548499869127 -0.514545480910448
0.0235969329445246 -5.13639074908832E-05 -0.383691870302244 -0.297331379603999
0.00550719202983244 -0.0283678624574387 -0.319599420601673 0.200726143504565
-0.0135849557732944 -0.0111761007880955 0.0049521026002344 0.252423965877441
-0.00340070020305434 -0.0034766274130367 0.097572229886608 0.0647647783698566
-0.0074677623077755 -0.0016781545594789 0.0397317001870678 -0.100202381973527
-0.0181244991803141 0.0077579732430532 -0.0393951633615792 0.0821682417243036
-0.00888821392684446 -0.00410151336129332 -0.0908482249701015 -0.0252087213115805
-0.00177425795360641 -0.0142823397024418 -0.0184375836596227 -0.229741744176615
0.0183413008376874 -0.0248406809546388 0.266979141995444 -0.191122524069197
0.0385535614133942 0.0197134468531706 0.393325321966966 0.207875502784774
-0.0119099167367679 0.0435502724412438 -0.0031514065464708 0.502440965457967
-0.0357926388058024 0.0164169294360852 -0.295384067573637 0.218284216302897
-0.0373334049235528 0.00165211493255043 -0.0148836341019943 0.0527376540172811
-0.0383180275754224 0.024385739461205 0.329533833398235 -0.145171412471523
-0.00431230567369363 0.0309637072656957 0.127939269428065 -0.50765730061624
0.023925690581487 0.00293703066864077 -0.37426820414415 -0.315268141114278
0.00725332882641494 -0.0308284966448935 -0.331959149299125 0.190520179764895
-0.0131651745660445 -0.0156773207850935 -0.00422781136179677 0.256292704843384
-0.00473591197414525 -0.00611361401577864 0.0964817485277744 0.0707400623273332
-0.00841357790845195 -0.00258571184680125 0.0406816959096589 -0.0988157067532198
-0.0172915920876957 0.00696065665846374 -0.0378838334548524 0.0828420963637875
-0.00793205406234706 -0.0052627538975605 -0.0903125790368962 -0.0198844160912134
-0.00328584060510246 -0.0157561699298971 -0.0248031529398721 -0.225269385794676
0.0163617399862584 -0.0267245543593928 0.257576893396794 -0.197855585214751
0.0375976250867559 0.0178209558280581 0.396697010110209 0.193860444791429
-0.0113803180678325 0.0427976522916299 0.0127941970320348 0.503780105268091
-0.0341937765372414 0.0153497895206884 -0.297501143197214 0.229393219932486
-0.0344007058302068 0.000369083744454951 -0.028771815082297 0.0562434803546172
-0.0370281664640609 0.0219870165467769 0.324119582556102 -0.132187009364436
-0.00612156591016454 0.030283084871983 0.14362330143567 -0.500626219593995
0.0231981008322281 0.00355590166289345 -0.366040459506573 -0.32963578590518
0.00831826616001756 -0.0325158317037449 -0.343310178979826 0.179942080252479
-0.0132522226460702 -0.018736099752184 -0.0121734879692466 0.261285389975088
-0.00352364826976925 -0.00796496608020931 0.0964614685547225 0.0765827135549546
-0.00721480469412357 -0.00309219653661716 0.0428410216661503 -0.097010353668525
-0.0145066345183324 0.00672830233295507 -0.0348181688440488 0.0834153006581621
-0.00693503352059773 -0.0052580287831508 -0.0891322596517369 -0.0168535509220944
-0.00379551087275212 -0.0161754938822487 -0.0284900541972206 -0.221569237378516
0.0135837165859753 -0.0268656802447789 0.251151006644242 -0.201975519487913
0.0342851880842369 0.0152397485670076 0.397013127710875 0.185686685033494
-0.0113675784348796 0.0376435309997453 0.0210891015758223 0.506605381561248
-0.0283257397869299 0.0108916639149662 -0.301287291359416 0.239110396447111
-0.0266931814869766 -0.00180568367899787 -0.0410562555849414 0.0591969866790232
-0.0312253918084928 0.0166732102993074 0.316892039856017 -0.1218886308135
-0.00670247794867719 0.0245692358404266 0.153500799860728 -0.494618653135423
0.0198551448326035 0.00180281960327365 -0.361603376624532 -0.338643871491456
0.00664903183684734 -0.0326203234316522 -0.350354124539686 0.174225561046669
-0.0131172312098471 -0.0195319226279489 -0.0174756192460763 0.263464294580202
-0.00203428273472163 -0.00831035991405517 0.0965620718477639 0.0801086326875801
-0.0043470859774424 -0.00253502666392447 0.0459773282714761 -0.0962943194796549
-0.0110575521933207 0.00658152652168328 -0.0315510159472478 0.0845584188006963
-0.00392032110142158 -0.00462749653821527 -0.0874830378500752 -0.0155576216546807
-0.0034914152324974 -0.0148599220166766 -0.0302372965745031 -0.220849793677348
0.01082252194694 -0.025130238334395 0.247500254022466 -0.203224915972569
0.029582044362615 0.0117031258030179 0.395310305673035 0.182741559629232
-0.0118684435051093 0.0292474682945838 0.0228546092441511 0.508908550443007
-0.0203665481313226 0.00392400315117399 -0.306048221672362 0.243876844916615
-0.0154128524881209 -0.00450829180152964 -0.0492304233186698 0.0609533397951581
-0.0224436538253474 0.0107402081918696 0.311506204550666 -0.117755494812207
-0.00557888198130469 0.0162129357526729 0.154096891416898 -0.489558485085376
0.0155001476008317 -0.00174397708527472 -0.359581762920167 -0.340017747290141
0.00352966308612599 -0.0316151792754234 -0.353219922778183 0.172683074424147
-0.0129665618840086 -0.0184486917970256 -0.0185344744379466 0.263890762606474
0.000269299937558334 -0.00688996726754838 0.0975124338809515 0.0810036659972363
8.72509219136657E-05 -0.00193251802228632 0.0483379169950104 -0.0966608107798337
-0.00634846491188634 0.00604919439787013 -0.0291942520425661 0.0850553030893637
-0.00168528929998708 -0.00303278865000627 -0.0854797138427918 -0.0168683594366754
-0.00266420980879249 -0.0126286727441402 -0.0284877916176052 -0.221920626820369
0.0079545929143152 -0.0214932756807679 0.248509612289098 -0.201061776901709
0.0244566723809834 0.00886278565206445 0.390998801741186 0.189594285623089
-0.0116757302935018 0.0193160183374204 0.0158786726731816 0.511055137834229
-0.0107059368292373 -0.00452297091606809 -0.311477507539059 0.243482609349924
-0.00211707816181145 -0.0076586016307977 -0.0519328013105996 0.0610475294323218
-0.0116850434874626 0.00494531799773748 0.307424352272384 -0.119073023052065
-0.00342913957280581 0.00533891601666114 0.144591700080894 -0.488558886532583
0.011066013470851 -0.00685370950618437 -0.364942064950696 -0.333587466627207
-0.000761404291339477 -0.0298215993186027 -0.353199885860626 0.17773414066256
-0.0132971258749547 -0.0154783282977052 -0.0153751636107421 0.263917888464627
0.00274865164750399 -0.00415783778236662 0.0995620262476302 0.0793259878313986
0.00521220284673649 -0.000901957652953559 0.0503495297916976 -0.0978774234329882
-0.00162230994209681 0.00631310070924635 -0.0273201827495732 0.085405322186322
0.00173683286412549 -0.000875227409149767 -0.0833736576186153 -0.020356115732733
-0.00113906749460659 -0.00819859161456172 -0.0234015987312592 -0.224305830821973
0.00472140143561336 -0.0170346310431588 0.252901202601202 -0.196969329569105
0.0193366690713193 0.00540714349481603 0.385708604427329 0.201095309029936
-0.0116473527408879 0.00771566731329543 0.000123507655504587 0.514030531797144
0.000779948667307713 -0.0133443981785368 -0.316329558537655 0.238715778733408
0.0121956124202883 -0.0109878108426538 -0.0489693875759878 0.0594449049752478
-0.000108151853748462 -0.00243799415203077 0.305045597772937 -0.125777304370674
-8.32564905376074E-05 -0.00560136574666578 0.131419623559584 -0.491561894631762
0.00599750558315199 -0.0124396516983553 -0.374018374063117 -0.322013080766432
-0.00593477061198055 -0.0265326151462859 -0.348002121747905 0.186150394718482
-0.0134848716209305 -0.0103288626444859 -0.0091842237248109 0.261803855410743
0.00590861707041401 -0.000352874984905528 0.10188422224171 0.0748377678598304
0.0102461748832111 0.00078966418393021 0.0523420695689786 -0.0994749542773934
0.00171361115984117 0.00679219666212288 -0.026619985461746 0.085623513368684
0.00378756328742972 0.00197357709344667 -0.0820948856322642 -0.0255243018632943
0.000278829070997206 -0.00415694735964004 -0.016051713297534 -0.228928419309388
0.00303197195766462 -0.0127074571990376 0.261572516281616 -0.187864447088781
0.0154227915907027 0.00289512245153537 0.378741431526444 0.218079746916194
-0.0103721673306594 -0.00198901552305591 -0.0187459478210144 0.514185517246594
0.00965855874087601 -0.0193633854624359 -0.320174642998947 0.227420735720387
0.0223884048149491 -0.0128505065037531 -0.0396202627580156 0.0570161326905676
0.00829543576821283 -0.00771249623299239 0.30512555647679 -0.137407360544137
0.00235824935568759 -0.0146170679366863 0.10947093432229 -0.495595855137705
0.00246754686210917 -0.0172353155582687 -0.385787911743729 -0.303906687799111
-0.0102086701632939 -0.0227153046264599 -0.336823259857592 0.198122355629989
-0.0137581214546643 -0.00507037466946217 0.000588079306084749 0.257427864070774
0.00902174334139057 0.00352118522690206 0.104413925253011 0.0682066317355213
0.0138493213125415 0.00200262455746279 0.0527773929736622 -0.101835173501302
-0.0173770507496204 0.00818785963487349 -0.0416025903232791 0.0806926236144243
-0.007784352297828 -0.00234202586384118 -0.0895670820904215 -0.0302448244649645
-1.39939631693129E-05 -0.0106998124824104 -0.0103324071402459 -0.233022303263979
0.0187231622865365 -0.0204651803999457 0.27449898555802 -0.181966260560066
0.0373793483962818 0.0199001761884818 0.383381034467005 0.222282106305362
-0.0119816146594366 0.0395413655636742 -0.0214330139455895 0.498039042059196
-0.033132350009678 0.0139916605715713 -0.293209440017068 0.203701635194038
-0.0337244491655265 0.00149394640887944 -0.00165598805075065 0.0487801730605603
-0.0342959617942428 0.0242559770826 0.331435127200736 -0.157900525235253
-0.00100124064485531 0.0280150514821601 0.107981475227221 -0.511448432857395
0.0233807798956464 -0.000331842129693607 -0.381796714242586 -0.296013701048428
0.00534066672446776 -0.0278857340658686 -0.316983956740157 0.199857707282686
-0.0133508320144505 -0.0112749007386044 0.00461898153504853 0.250706760559429
-0.00412721903636546 -0.00382315772948692 0.0976095796231432 0.0644350766999474
-0.00795135755685649 -0.00194539491531805 0.0394259738784608 -0.100089685585594
-0.0179047041529578 0.00756496470116183 -0.0398797932659515 0.0812253229967594
-0.00833389019488236 -0.0041353672588025 -0.0903036547026302 -0.0243439543941885
-0.00143544330801402 -0.0142104127353237 -0.018334743144553 -0.228778388756641
0.0182241987804115 -0.0244582334287983 0.264693088019172 -0.189778457943062
0.038313713480967 0.0194394864714988 0.3901494482368 0.204798205057568
-0.0117187664162562 0.0432212057897892 -0.00203477728840178 0.49845967997103
-0.0352630455909986 0.0165289256552963 -0.293993289856292 0.217461590712105
-0.0366730212875536 0.00140847508478339 -0.0150168901705086 0.0526852179139454
-0.0378635494411828 0.0244862723759977 0.326901904468413 -0.143966713886929
-0.00418293673750443 0.0308804043633961 0.127968363510358 -0.503879377291614
0.0237596361568323 0.00291949368346043 -0.371550924039931 -0.313653033305227
0.00734982791852562 -0.0303859604623908 -0.329600453959274 0.189346016226619
-0.0132341994919452 -0.0157263422127499 -0.00412046400209821 0.255619587301172
-0.0049227711185533 -0.00638962976629708 0.0963684397455291 0.0709163093142777
-0.00866315832499238 -0.00281728602043061 0.0411289541665809 -0.0982075965087487
-0.0174245806671407 0.0072115559774467 -0.0378851020610084 0.0819226040293517
-0.00782451007316697 -0.00534136079646128 -0.0898653106233591 -0.0202280515678538
-0.0028360761932891 -0.0160137535040514 -0.0250794133986236 -0.223658726175578
0.0159654971824472 -0.0263638835985295 0.255446229714181 -0.197380707972727
0.0373322472089201 0.0177174378067838 0.394360297761581 0.191604295627915
-0.0110785928485876 0.0418767942787655 0.0126139877918536 0.501188065412425
-0.0333790665202439 0.015167439726709 -0.294653281189511 0.228127693307651
-0.0341375793367375 0.000723225704710896 -0.0286021236449228 0.0555139919200269
-0.0365025520769977 0.02187984956532 0.322312846729231 -0.130031710628071
-0.00657751743456256 0.029970361763687 0.143542218850821 -0.49621079456857
0.0226648634513621 0.00367609402914744 -0.362948229596708 -0.326108385851578
0.00822710411174768 -0.0320418912261293 -0.340810428642956 0.179471798566128
-0.0132184488960678 -0.0184632483580258 -0.0117774632423835 0.259071964698784
-0.00409008468616632 -0.00867359102961254 0.0958023860054576 0.0763253195778802
-0.00760055118795041 -0.00311200781240698 0.0428980475178729 -0.096488148052006
-0.0142103962898878 0.00674903435285877 -0.035210657301319 0.0826511177304776
-0.00633699804062201 -0.00563155888764211 -0.0884496931304994 -0.0162980346071511
-0.00333395091382054 -0.0161749056502745 -0.0291356613211702 -0.220170958162513
0.0134425954147149 -0.0266495878098979 0.249050137119626 -0.201039883206233
0.033794217656123 0.0144401876877233 0.394649627971547 0.183696518357552
-0.0119030717236924 0.0375062110340791 0.0210058513309741 0.502795981588433
-0.0280405451753811 0.010610590105063 -0.299350252589126 0.237718903839845
-0.0263643025919179 -0.00184511677197519 -0.0410295050320297 0.0584387250254216
-0.0310526491489974 0.0172004659754807 0.314813343855895 -0.120154530953871
-0.00666910644982968 0.0249181315480639 0.152211356858909 -0.49008022529186
0.0196303588311898 0.00164725877367079 -0.357851108727641 -0.336878504282478
0.00649706859908306 -0.0321143703778716 -0.347749713499344 0.173735255213664
-0.0132138281975693 -0.019469498566315 -0.0174413774337144 0.260991266372541
-0.00269825868178254 -0.00870897618041834 0.096690399230416 0.079857731173761
-0.00440648431571079 -0.0029393070886503 0.0455160864226213 -0.0960528082091991
-0.010712251869016 0.00616964225315839 -0.0319875973800113 0.0836097819964571
-0.00412178061826532 -0.00514190868960142 -0.0868226442825111 -0.0153281680125919
-0.00289785987132509 -0.0150449539892685 -0.0303918533884687 -0.218936537559404
0.0104129979549238 -0.0247708747498905 0.245046656014286 -0.201635613247264
0.0294025371630397 0.0120705998606273 0.392562435770553 0.181511213324911
-0.011589288600799 0.0292162721886012 0.0228112177625662 0.504113210939157
-0.0199122310425254 0.00348200923477517 -0.304261429933408 0.242024072043156
-0.0150172709443671 -0.00466322429491291 -0.0492851114107605 0.060467109431863
-0.0220206682747307 0.0111757228027885 0.309590874335866 -0.11674228852797
-0.00562936111645329 0.0164361315546851 0.151666344717746 -0.485059078415943
0.0156856034275002 -0.0019791224661878 -0.35716448560503 -0.338016102132994
0.00332769682683366 -0.0314064402673965 -0.351278561477852 0.172463565937386
-0.0133736655763717 -0.0187733453079295 -0.0181041393332396 0.262985263815531
-0.000108096760376717 -0.00739312110533879 0.0977988856490332 0.0807125174663798
-0.000286051651169851 -0.00244001350224346 0.0480644818301544 -0.0959043533313917
-0.00617815003402945 0.00612736344664416 -0.0292298321592517 0.0839431993595358
-0.0013800186247125 -0.00340331716678081 -0.0849975021477547 -0.0168701293054607
-0.00203170385311802 -0.0124214407377159 -0.0287056206265646 -0.22034914698066
0.00725074356205621 -0.0211993690566281 0.246091424941533 -0.199814922857644
0.0243009270296354 0.00889674514116095 0.388457384787389 0.187436240869601
-0.0119550524584272 0.0192725737582445 0.0150348001366923 0.507856785817705
-0.0104451600666819 -0.00447940634791366 -0.309044058592927 0.241944406802342
-0.00217799698921901 -0.00754626048073752 -0.051274192860022 0.0605107568557045
-0.0117967055015175 0.00468990800701689 0.30511787281837 -0.118049938274802
-0.00331963783353347 0.00573037794160821 0.143637570015152 -0.484782439879464
0.01111957792408 -0.00727613479295261 -0.363115840917159 -0.333066718782407
-0.00104242216196756 -0.0295025625933447 -0.350392934693839 0.177102463772753
-0.013355145156338 -0.0155872930202035 -0.015410806295085 0.262155684078411
0.00278660516121329 -0.00455302343608994 0.0986572811760616 0.0788750008730322
0.00481828359785099 -0.000990074650423852 0.0503529979937473 -0.0969353685182982
-0.00168261236565423 0.00664764264280829 -0.0276916999215319 0.0846183553322156
0.00160123874500777 -0.00127948606894941 -0.0826202318517976 -0.0196484843942433
-0.000635651047105703 -0.00809403015818719 -0.0236313700022732 -0.222560651792727
0.0047307948269652 -0.0169310618927978 0.25068282815559 -0.195448195481297
0.0188631078963085 0.00558432590449818 0.382612574344531 0.19886079695377
-0.0113848498170535 0.00758287782933039 0.00124602843117757 0.510815492107441
0.000918782147646872 -0.0133892640034703 -0.314536635268032 0.236535046338741
0.0121984945562719 -0.0103611674234859 -0.0486210676346374 0.0596038525418666
-0.000258144542786893 -0.00210189910318063 0.303177242694845 -0.124801957983296
-0.000415862858968059 -0.00541857569316753 0.130784466200957 -0.487409949586904
0.00577424747176151 -0.0128705781131986 -0.372764697206554 -0.31951378473975
-0.00575621182960992 -0.0265894660103924 -0.345889505186896 0.185407475866084
-0.0137113043317778 -0.0104323255875888 -0.00937142190756808 0.260161519052306
0.00592704597827956 -0.000804743125830718 0.101620130234904 0.0743984960595944
0.00989740899621967 0.000470941170103073 0.051876439769871 -0.0986235309203514
0.00191774259819908 0.00681829853238997 -0.0271506080659896 0.0847356048842048
0.00409285463385223 0.00154558765375845 -0.0811948841283422 -0.0252593267158691
0.000789670553535266 -0.00396208803828554 -0.0160517455179802 -0.227337215354142
0.00280798203865582 -0.0122244477785009 0.258763581471754 -0.186845198174258
0.0156012508797297 0.00302206230396073 0.376455686488759 0.214804538061165
-0.0102268938721936 -0.00204020176561061 -0.0181915398558051 0.510382644201621
0.0101074297094472 -0.01943605721271 -0.318312884363644 0.225687346144007
0.0230014295264684 -0.0128820885378672 -0.039702617058997 0.0564032334809231
0.00820501148185456 -0.00700113887240334 0.303785261630629 -0.135660097834245
0.00159290035015639 -0.0141433505958907 0.10977022591665 -0.491659080346647
0.0016639256258298 -0.0172743981806287 -0.385648071543643 -0.300280341080411
-0.00973252348154688 -0.0222369491933311 -0.335018348401044 0.197062078783546
-0.0133116771338448 -0.0053580744988104 0.000269788263901956 0.256184162191323
0.00850562023025062 0.00314133265340056 0.103928683778762 0.0679506880320222
0.0131162322137072 0.0014639169111131 0.0526334581996942 -0.10067803441607
-0.0177045189572672 0.00784153629725442 -0.0412201224499168 0.0802774009764561
-0.00746383776523132 -0.00288835167214325 -0.0886003427233065 -0.0299636414822431
0.000386995765515684 -0.0107201673868312 -0.00999726785143342 -0.23182795050779
0.0186708447161874 -0.0207707120826453 0.273400729506288 -0.181189670341073
0.0374532040529045 0.0195275900997432 0.381864820969954 0.221928227678236
-0.0121809161047743 0.0390740940672761 -0.0210028403907471 0.49407086967778
-0.032632482738838 0.0137666012153586 -0.292200953668594 0.202588073381301
-0.0334004261288955 0.00104642571775692 -0.00148184608908655 0.04853903941117
-0.0341274111152496 0.0243477848479569 0.329518795713893 -0.155683276641587
-0.00167247338293196 0.0277127778737604 0.108951819051526 -0.507136877010058
0.0231117223830922 -0.000246292935121685 -0.379949602507848 -0.293820955470357
0.00547833032468635 -0.0278377327788014 -0.316467673540121 0.199241409090669
-0.0128970597133768 -0.0111184880233998 0.00425980925329688 0.249299127547373
-0.00429388361682275 -0.00411797605906806 0.0974795648601103 0.0644407458984012
-0.00797457366509742 -0.00213328102027349 0.0395127724429403 -0.0995229300100648
-0.018001597705704 0.00784652326373947 -0.0400319623160735 0.0806990296021483
-0.007941127874506 -0.00455217909716795 -0.0892849480588701 -0.0247232307638464
-0.000816879972801832 -0.0139238657752177 -0.0179225643015987 -0.226968523768974
0.018042098305444 -0.0240362036061251 0.262908764982305 -0.189788709121197
0.0382990859550101 0.019386904206748 0.387293335479225 0.204288139674004
-0.0114383268908063 0.0425515686447475 -0.00180924294551031 0.496233058549715
-0.0351090679565588 0.0160934918101397 -0.292471092705788 0.214803642294397
-0.0361069035640961 0.0013369652761807 -0.0150627138663297 0.0519381331994928
-0.0373778276179036 0.0246942117581237 0.326088798335935 -0.142382930953639
-0.00450709588651098 0.0313836771431462 0.127015943983558 -0.500849616314019
0.0235344278838033 0.00221835899713039 -0.370335081442055 -0.313524288863644
0.00746251247336865 -0.0308349265720303 -0.327662969217242 0.189402893201434
-0.013576166039917 -0.0152955340249622 -0.00408622145664491 0.254257074521947
-0.00497044450130534 -0.00722094906466544 0.0963183160617287 0.070466936183564
-0.0090294217311396 -0.0026014736408596 0.0408348666599283 -0.0974473342151633
-0.0170496534899588 0.00703761646814058 -0.038794121994408 0.0815460769063039
-0.0078477018138102 -0.00574142375567304 -0.0890171244755942 -0.0197145666588419
-0.00245147801386357 -0.0159822269629991 -0.0244965287127998 -0.222778043168444
0.0161766792311751 -0.0258791823086034 0.254223387784475 -0.196423528489857
0.0369369268048779 0.016924688493013 0.390239270922138 0.190326472760191
-0.0113696289809527 0.0420110308588118 0.0122700963340213 0.498778863930385
-0.0333723075464779 0.0150672617879235 -0.293517237448516 0.227229514066515
-0.0336212618977906 0.000126601036710342 -0.0292280884947197 0.0556983283779719
-0.0366217757012337 0.0218814020388448 0.319917364216639 -0.128848085049478
-0.00642646715340832 0.0298742168213014 0.143810937266449 -0.4935738306055
0.0222949125265828 0.00359308547759142 -0.361920023043344 -0.326812730707323
0.00805668303863728 -0.0321323794294118 -0.339486864777671 0.178382411289801
-0.0130059205758023 -0.0187135448100172 -0.0120949568140253 0.257981593848153
-0.00439605972971197 -0.00890369139945741 0.0956066800390156 0.0760049532058182
-0.00791042115710522 -0.00331028491725453 0.0429344708884296 -0.0956326263394433
-0.0142452893624891 0.00701512506852276 -0.0355506887542913 0.0820528942157181
-0.00637800970977036 -0.00602899191872251 -0.0875288870900926 -0.0167273538115984
-0.00290949980019608 -0.0162838610594793 -0.0289667676769117 -0.218803484305316
0.013731322359057 -0.0261553942705975 0.247366462051502 -0.199563822318095
0.0337527201911539 0.0148142567173569 0.391980831850522 0.182329388440287
-0.0111738762765805 0.0370273625842983 0.0211810756772407 0.500231436531305
-0.0277545668973079 0.0106854071559912 -0.297898375960681 0.236239510864121
-0.026189574084189 -0.00225658829349517 -0.0408803689047671 0.0584493309615503
-0.0311482100208859 0.0171308525138244 0.313644342423589 -0.119500553254867
-0.00708573295419909 0.0246663317259326 0.151503240814412 -0.486896042165108
0.0194112698333295 0.00201576762968822 -0.356652904342883 -0.335591859661819
0.00651619999500013 -0.0321321988448608 -0.346562181662616 0.173092239904792
-0.01306298951899 -0.0199580493214197 -0.0172724528115967 0.260541662687825
-0.0026955903982433 -0.00875695375749047 0.0965277848790467 0.079738369990874
-0.00460771089493169 -0.00299308498302695 0.0459058180128825 -0.0953477518343403
-0.0106468074924415 0.00662137144352657 -0.0324534414247189 0.0831103915988799
-0.00388675416641545 -0.00532056335216511 -0.0861449300763585 -0.0151695570117139
-0.00258466869527248 -0.0149837118590798 -0.0299696575729405 -0.217570284059475
0.0101287892861745 -0.0244610129983942 0.243752831769259 -0.20124912118868
0.0296643141769567 0.0119563860847052 0.389597829370521 0.180019845827891
-0.0112425940466547 0.0286202051695797 0.0231071482177775 0.502731216007527
-0.0196599775909716 0.00346819021469352 -0.302299449476617 0.240877002083446
-0.0150284639162995 -0.00475376170002667 -0.0487042359201282 0.0601090254379106
-0.022327834315264 0.0112637752641042 0.307332029484249 -0.115567790875414
-0.00537542686026473 0.0164801323330837 0.15372334572169 -0.484570273923955
0.0154092435504275 -0.00200855884024295 -0.35619042232543 -0.337954088871542
0.00354804057841763 -0.0308075284532286 -0.350021796785582 0.172230453134909
-0.0128700945983239 -0.0187679743598012 -0.0185688148201346 0.261377190895303
-0.000657766296030468 -0.00793047239321274 0.0971758099200612 0.0810994076287772
-0.000519841895783262 -0.00226375581524451 0.0484486827067004 -0.0955855958148415
-0.00587581231326795 0.00645470171901997 -0.03015756368955 0.083116270862889
-0.00136977226908919 -0.00341915330280082 -0.0845331769137539 -0.016315342994332
-0.00192316960629426 -0.0122976359970844 -0.0279992210511531 -0.219121402952027
0.00747084482439682 -0.0208095763559938 0.244695012809818 -0.199179525984312
0.02407668607335 0.0085551401753558 0.386271508883792 0.18637604374004
-0.0114760714231072 0.0189973659057938 0.0148433899721085 0.504608583106735
-0.0104959007041888 -0.00475260131939704 -0.307384585854377 0.240017257505343
-0.00205068895076169 -0.00809316292997386 -0.0512404010556663 0.0604663838637853
-0.0114595790714285 0.00504588949614151 0.304329453316787 -0.117352624601535
-0.00317418260955313 0.0058843538867356 0.144514959374147 -0.483399681706158
0.0106415732121168 -0.00701478793617439 -0.362065357796796 -0.331149388894462
-0.000454224552536353 -0.0292437844366008 -0.349077596516327 0.175978938652352
-0.0133644496598547 -0.0153476729168394 -0.0157336928357549 0.26058093769614
0.00251119441360921 -0.00509377359109786 0.0990909319277341 0.0782518256199086
0.00439410347448512 -0.00112782037211604 0.0507387689204659 -0.09660906933812
-0.00156151119898924 0.00631675532584275 -0.0278228368653734 0.0837228660158501
0.00163643845133582 -0.00115116171612578 -0.0825665045509845 -0.0198335978049292
2.74266793655019E-05 -0.00822035091853638 -0.0233005625538085 -0.221421946966984
0.00481107655096698 -0.016527318369726 0.2486877321886 -0.194771393468828
0.0191340124712618 0.00559550858806026 0.380810226126167 0.197868916672135
-0.0112444007811222 0.00720642076643443 0.0011803105311284 0.505857176760902
0.00109605361100728 -0.0134752923121257 -0.312742302269667 0.234805923265794
0.0120454738295218 -0.0105295299684238 -0.048809649469174 0.0592218840159907
-0.000168565101025118 -0.00158848210074382 0.301684300988974 -0.123081289100935
-0.000594414166070534 -0.00535808167767745 0.130706518232394 -0.484964824844667
0.0057052894862412 -0.0127507186032656 -0.369779356975632 -0.319190879668414
-0.00594179311054995 -0.0258909575762 -0.344065631676511 0.18437251563883
-0.0134112122237676 -0.0103662787606384 -0.00912015674595627 0.259098430623645
0.00555264231756464 -0.000978121541408345 0.101424255943535 0.0743335282470265
0.00949991678615782 0.000402311318288505 0.0522741229102842 -0.0983658258435352
0.00190834032167824 0.00695506062391939 -0.0273310542337537 0.0840353877875043
0.0037515393320761 0.00116657267459729 -0.0806428593254602 -0.0254299595046711
0.00083627252848981 -0.00384917692631478 -0.0161929478918191 -0.225932984633005
0.00296178029085691 -0.0122851824774788 0.258094624989072 -0.186251975757005
0.0156068706092949 0.00271033041079847 0.374032483969114 0.214730885418762
-0.0102868628938218 -0.00206239937677173 -0.0176952569641429 0.507292904493553
0.00976887570738182 -0.0193133208629575 -0.316688212830419 0.224736146932797
0.0224311730589529 -0.0124119736696968 -0.0393926896813847 0.0559179027169378
0.00816942608803573 -0.00664849424159668 0.302474609203073 -0.135030281227623
0.0015594351598894 -0.0140855957157781 0.110243817992713 -0.489251923984025
0.00189196993018232 -0.0171693570989506 -0.382468460964245 -0.300617333157264
-0.00985839573057186 -0.0228078599564869 -0.332928414818785 0.196849995835921
-0.0129187006670675 -0.004965853712213 -2.46243872903753E-05 0.25546721619547
0.00832809184799418 0.00228737490917012 0.103536071268957 0.0683012444766476
0.0130878267749853 0.00132541057803444 0.0525547165770042 -0.0999221119049366
-0.0172680092668929 0.00810880502405627 -0.04200650115712 0.0793621548667989
-0.00771686782854171 -0.00306338986167092 -0.0880812490210656 -0.0308784459629731
0.000512449246536966 -0.010880257480548 -0.00928310702767044 -0.230944760527622
0.0187808059978053 -0.0197127774239273 0.271801384804805 -0.180098375508925
0.0376098224450507 0.0192490028442499 0.379426161228559 0.220956066246247
-0.0115921945206211 0.038790092187687 -0.0209452938393065 0.492581478143626
-0.0329635235030479 0.0137921721403539 -0.291602570008324 0.201665608517994
-0.0330292893899842 0.00117932472395026 -0.00170268503156614 0.0484539644408544
-0.0339547657796261 0.0246539493961606 0.328945784158152 -0.155140516250319
-0.00146256204470474 0.0279834696758007 0.110950286004369 -0.505063919390915
0.0223823094338428 0.000201845694374697 -0.37794869875612 -0.294094272076913
0.00512911353281762 -0.0279010778801625 -0.315168451880579 0.198439027107426
-0.0130651882017555 -0.0113849575620542 0.00349192474182785 0.249133642789859
-0.0048830107498079 -0.00511055588354755 0.0973765639519567 0.0652291783960931
-0.00854171436966075 -0.00196257314850298 0.0400319890976487 -0.0989333308004757
-0.0176958789144434 0.00750611369449326 -0.041025149748505 0.0809495669631061
-0.00831200854567321 -0.00506976415356252 -0.0888954645270578 -0.0242134896649199
-0.000282814683957668 -0.0141519817636932 -0.0181423893347594 -0.226033734133265
0.0184170756340316 -0.0235230781636533 0.262061686570004 -0.189041603587796
0.0383353690881651 0.0192220121329169 0.386982863456445 0.204984991589666
-0.0115862582369958 0.0421359898059778 -0.00290843276451537 0.494873090500962
-0.0348828988928122 0.0161537493082369 -0.291708459362623 0.21353310964754
-0.0361579919533315 0.00137750627514572 -0.015093058299495 0.0521190540541833
-0.0376703853796947 0.024493078966254 0.325980772176019 -0.141296412648019
-0.00473790239741477 0.031212813603309 0.129439256773351 -0.500359799849562
0.0235441156695276 0.00290773029363676 -0.368756576024208 -0.312724483852776
0.00780491624736402 -0.0304598335631719 -0.327540667412716 0.188461580287526
-0.0132014308917715 -0.016011950470501 -0.00471066911774171 0.254213633994235
-0.0055625645053422 -0.00742399707862177 0.0960519653658608 0.0708294720438102
-0.00909033895832806 -0.00260275082068804 0.0414409455973392 -0.0973557253333558
-0.016567054460252 0.00726872484714071 -0.0384224108269035 0.080821167010718
-0.00735773514723076 -0.00619236380422208 -0.0887595611592112 -0.0197248004768019
-0.0022958652871135 -0.015944469805972 -0.0241294703356857 -0.222373525478708
0.0159889897793781 -0.0258921182293363 0.252915124686732 -0.195648380798409
0.0374068957137487 0.01724146608616 0.390276862141065 0.190700294903821
-0.0114077648152126 0.0413642199691874 0.0130873978874914 0.496988065365903
-0.0332831252725164 0.015151316698123 -0.293172459722844 0.225932861401455
-0.0330218323865163 -8.70462466993557E-09 -0.029112561188595 0.055505512001933
-0.0362556111276594 0.0224383626578291 0.320010229659512 -0.127781486804649
-0.00654602977099494 0.0299452733861542 0.143175481528798 -0.492972236584339
0.0217843676846149 0.00358525067479137 -0.360680998247424 -0.325081839746216
0.00820366254936923 -0.0319907364663596 -0.338999579596987 0.17823332738049
-0.0129228063156296 -0.0188677626504843 -0.0125082560025457 0.257755832795222
-0.00488774369629424 -0.00928145449780836 0.0956517526393062 0.076208367946248
-0.0084752167015642 -0.00311488662429242 0.0434838963753304 -0.0957819235699402
-0.014397933310067 0.00725049351574041 -0.0355318941256124 0.082219391070689
-0.00644264539169508 -0.00636411968828236 -0.0876212240110954 -0.0165094005916943
-0.00254982784762819 -0.0160412917331035 -0.0281183562924996 -0.218455920604234
0.0132269203234663 -0.0255496745733632 0.24679955184258 -0.199305103206177
0.0339337168097828 0.0149240895328992 0.390531566016905 0.182009919932013
-0.0110022687542758 0.0368555784331498 0.0218563714244302 0.496870605941338
-0.0274587484748935 0.0103462947427306 -0.297148180424072 0.235473298665367
-0.0257902594370838 -0.00216499737503814 -0.0412771644641449 0.058167173784401
-0.0303532986220581 0.0174927315129594 0.312703838448383 -0.118240915620063
-0.00692251309391869 0.0246887374343858 0.153244291461455 -0.485857268073266
0.019163094766006 0.00198815472560228 -0.354406789094318 -0.335725470606421
0.00671898589366057 -0.032243336255811 -0.345289512661655 0.172373007988678
-0.012556100378312 -0.0198428370616301 -0.018161271746552 0.260108586516736
-0.00284069717978632 -0.00997043963291919 0.0957893707842061 0.08018998672284
-0.00506553644426895 -0.00299913492235676 0.0459620597073867 -0.0946631016742095
-0.0104665952851974 0.00663264191356921 -0.0328553669281411 0.0826118100932948
-0.00443912774621723 -0.00561506957528612 -0.0855477230289511 -0.0154800219737053
-0.00207950248316563 -0.0152027309811073 -0.0297823861592512 -0.217159911961809
0.0104693168264368 -0.0239780122643318 0.242538267897005 -0.200945826549178
0.0292147910590954 0.0117254095452182 0.388039136947118 0.180970000213862
-0.0114639998761647 0.0285402995406294 0.0225492130243978 0.499936583938576
-0.0196896808958185 0.00351582476539507 -0.30229417997921 0.239662812055689
-0.014666674311956 -0.00473452856069392 -0.0489073394385163 0.0598251354020279
-0.021595740706683 0.0116891882956812 0.307396866264273 -0.114511886000045
-0.00576130624714003 0.0160245695564015 0.15331511499695 -0.481836557631849
0.0150812744318171 -0.00167383092609818 -0.353923888008308 -0.338019221658555
0.00345140934682076 -0.0313974232955289 -0.34943849678484 0.170514538788543
-0.013010673442934 -0.0185066889562163 -0.019131270910325 0.261256655550965
-0.000661639941277988 -0.00798756412540167 0.0971415404084757 0.0806651863791874
-0.000769426383697701 -0.00239393746076616 0.0485708277775607 -0.0957215112001517
-0.006039689715047 0.0067366630570646 -0.0305078843761408 0.0832049418805001
-0.00120084170303617 -0.00371968444005897 -0.0835757691129414 -0.0164845049391732
-0.0012305906249868 -0.0125097032482633 -0.0281339266711214 -0.21814616902071
0.007589017163791 -0.020229674954766 0.243536029198059 -0.198907639487258
0.0244383057274354 0.00856266019657495 0.384495151071209 0.1867213517173
-0.0114032751022689 0.0185569676057484 0.0149665608297717 0.503318441398576
-0.00989067363238558 -0.00487312863245059 -0.307783103658085 0.238824540804996
-0.00184991869487376 -0.00795627076325608 -0.0515319398117446 0.0603972042301298
-0.0114076016642585 0.0054308369770148 0.303821104690555 -0.115541603691078
-0.00283794484646597 0.00579237842946637 0.145693481551426 -0.48110192387447
0.0104714191504039 -0.00682170963580117 -0.360411097930473 -0.330445824064148
-0.000984113584231085 -0.0286415795013844 -0.348111662810921 0.175622902207724
-0.0132282465462173 -0.0152935837171655 -0.0154640249061918 0.260700191515666
0.00213151870240749 -0.00551821933608011 0.0989392181628836 0.0790278988841021
0.00380299739516365 -0.00124675963324493 0.0504557444403258 -0.0964531175186832
-0.00101284325475833 0.00650898596832869 -0.02866445441933 0.0835439190218225
0.00201474299202628 -0.00188532250686214 -0.0822660305114691 -0.0197968885118024
-0.000247286116199534 -0.00861956841619105 -0.0231595844337599 -0.221241553724689
0.00476412835517451 -0.0163036465632831 0.248644417523485 -0.194512766039186
0.0193632007462946 0.00510695920316078 0.378738865099033 0.198472669268637
-0.0110591238985201 0.0072772821312002 0.000530118067884185 0.504941882070865
0.00114978532428001 -0.0130788074994681 -0.312084602217604 0.23414460086096
0.0122217168939014 -0.0107188535877414 -0.0484965663444062 0.0589966182602536
5.07714132048803E-05 -0.00127008739120574 0.301163691621803 -0.121898676880386
-0.000471437493469999 -0.00532682004390999 0.132718104902437 -0.481669750199677
0.00578169925774729 -0.0125419125325864 -0.368014580726268 -0.318738505017618
-0.00554129129513448 -0.0257858681035803 -0.342369188405716 0.184071848316491
-0.0130253165732843 -0.01022011279285 -0.0102699325744962 0.258378734135675
0.00570603026343578 -0.00176919253411028 0.101037822937126 0.074987159748578
0.00896070495333633 0.000340972807634122 0.0524123822818642 -0.097886338659576
0.00167060121757287 0.00701484200543633 -0.0278680800483746 0.0837698266757604
0.00419063442655997 0.00126618015437641 -0.0806078778712147 -0.0248326015395208
0.00142146403521381 -0.00420790697572324 -0.0158324108324482 -0.224947025314086
0.00284565229452783 -0.011486449142525 0.257178740573829 -0.185906971599185
0.0155597927602408 0.00259424558483576 0.37084794391334 0.214495578813458
-0.0102556568984091 -0.0021961650420552 -0.0183090871873356 0.506395149714477
0.00990544144252155 -0.0190151742117267 -0.315806371415987 0.223499797279943
0.0227858999148872 -0.012958012737033 -0.039680266724213 0.0563484020514302
0.00805880909832539 -0.00640896416924611 0.301874983454814 -0.13303888885179
0.00206791990151062 -0.0139691347348886 0.109997490340422 -0.487806057618769
0.00176866063205531 -0.0172312062140949 -0.381890401445646 -0.30013743016299
-0.00998836730796573 -0.0220916881767658 -0.332216047507757 0.19588321793812
-0.0135141752271003 -0.00546655174487864 -0.000682780777665452 0.254454332514207
0.00822876657559102 0.00199749242038342 0.103902544823845 0.068114591480179
0.0126061531289748 0.00115589281014352 0.052999784357535 -0.0997447752613692
-0.0170648096399435 0.0082411787006806 -0.0422295595352682 0.0793663277890449
-0.00745357206387258 -0.00335171683261592 -0.0879861079350322 -0.0304807565151866
0.000916689043803403 -0.0110123960528473 -0.00924312241153097 -0.230814234871622
0.0186190862971811 -0.0195967726809775 0.271587104048665 -0.180060099587503
0.0375428734550512 0.0199045465738981 0.377657653007738 0.221653132846069
-0.0115660404776776 0.038525210479513 -0.0216147813610775 0.492119864041395
-0.0325126677955026 0.0135278139944506 -0.291405518014221 0.200462634436327
-0.0329708346146833 0.00113303536461888 -0.00187136878508003 0.0482573262868571
-0.0335541867232783 0.0249684442987349 0.328527424134537 -0.153968194760468
-0.00152822487474163 0.0278999164913659 0.11104852674343 -0.504476762704785
0.0227938003203533 -6.73313459396488E-05 -0.377236389181556 -0.296098778463622
0.00560687885928501 -0.0278879401183938 -0.315563873356079 0.197841168859638
-0.0131559454175399 -0.0117542900021046 0.00302799520924135 0.250161039989624
-0.00530309397765277 -0.00486442300254092 0.0978358378648796 0.0645092396896376
-0.00867597904494357 -0.00213971737249452 0.0404036474566015 -0.098552970318639
-0.0178711502609177 0.0080099203860633 -0.0412978345547423 0.0801372126889714
-0.00823619937105405 -0.00534565525209351 -0.0885469369189162 -0.0246000356343025
-0.000540372806134164 -0.0144301662115397 -0.0175316536571514 -0.226773324155748
0.0180000197531495 -0.0236700122310795 0.262119593382698 -0.188894387346237
0.0382390606975905 0.0192303280383885 0.385851914756415 0.20454134738153
-0.011473943369974 0.0422712212698763 -0.00191204653257505 0.493306243385273
-0.0346886114980085 0.0156717533931752 -0.292092982680747 0.212742111478892
-0.0360912868404192 0.000951381021908914 -0.0156520839525846 0.0519225188912466
-0.0374718785487292 0.0250890830523193 0.325842699320667 -0.139350996033573
-0.00452474013641853 0.031132146646969 0.131177927193395 -0.498718929920376
0.0234049731091841 0.00298870857873558 -0.367081629845157 -0.313534469935759
0.0074735080061018 -0.0306079497496505 -0.327351178635335 0.187986341492093
-0.0130036068459401 -0.015799326509483 -0.00542995333721311 0.253900741440849
-0.00575849755030837 -0.00766266114201334 0.0963147350179794 0.0713243375658607
-0.00949799678148965 -0.0024895550838168 0.0417767830700513 -0.0971645641178947
-0.0166151607220292 0.0075591060333535 -0.038848925665319 0.0807487555019241
-0.00780266254018829 -0.00627259377993018 -0.088386611130241 -0.0196579484928816
-0.00182938448031639 -0.0161157260479194 -0.0238993332906852 -0.221342476113377
0.0161115809470221 -0.0252054751813791 0.252330376347789 -0.195040714353169
0.0373018903612447 0.0171846898529219 0.388789794386348 0.191384338318871
-0.011017298848652 0.0411463395905518 0.0122577482567609 0.495354565289446
-0.0330563175414693 0.0148658304498122 -0.294040884970323 0.225066918188837
-0.033230771924216 -9.93587655265017E-05 -0.0293644212201759 0.0551065424940884
-0.0359889249775674 0.0222074401097726 0.319669192100445 -0.126652508937189
-0.0064957280050889 0.0296949095663291 0.14675661367761 -0.492771227465896
0.021824991629083 0.00393154598937124 -0.359282717786746 -0.326302586709343
0.00833272958652656 -0.0318522845715029 -0.338637425196977 0.177614200407236
-0.0127365965437522 -0.0190279323002596 -0.0132319968373152 0.257485873151169
-0.00518430237391656 -0.00965529159712426 0.0958271979793692 0.0763908793365725
-0.00879530488917201 -0.00320976424153429 0.0437783603953854 -0.0954715249774374
-0.0139735070023978 0.00685749937306866 -0.0364682194235177 0.0817793927465017
-0.00625107257263131 -0.00612989920945051 -0.0874139576169691 -0.0167019650013438
-0.00187779126539494 -0.0162289400930973 -0.0278150405208873 -0.218062531402448
0.0135302431523563 -0.0251830063127576 0.246128901418299 -0.199014691564948
0.0338031255163547 0.0147586197747155 0.388703317185606 0.183072736665729
-0.0112215662628801 0.0363186036290558 0.0206026399792132 0.497401463918099
-0.027316125484274 0.0104044145465719 -0.29761278269122 0.233975500637314
-0.0254890247492441 -0.00244523129423617 -0.0414420529884517 0.058220071807729
-0.030494420922051 0.0174851997274411 0.31276633970327 -0.118049730276535
-0.007179094382406 0.024836764677881 0.154732607944983 -0.485205490246419
0.0190663489418713 0.00204629535458715 -0.354165391650592 -0.336667633211505
0.00659142353639468 -0.032118205261645 -0.345265273149749 0.172317358061405
-0.0128182351632491 -0.0198064674527882 -0.0179251768550635 0.260218156606524
-0.00347589543442659 -0.0100648778999782 0.0957548104355684 0.0800718817560392
-0.00542045114657433 -0.00289046998799063 0.0463129688696207 -0.0947018427832741
-0.0103113463454462 0.00680278140964869 -0.0339619975330575 0.0825686866495432
-0.00406283403405831 -0.00563048480222411 -0.0851586777999231 -0.0153008146436179
-0.00203493647685722 -0.0151122753042856 -0.0286353054740194 -0.217077459317106
0.0103229636571935 -0.0237417870099398 0.243047258712026 -0.200258965778893
0.0295697953773022 0.0116035356156404 0.387107468670681 0.18050381109135
-0.0111680394584614 0.0283705435032869 0.0193158721095674 0.499112325674079
-0.0196019730024189 0.00371074627762997 -0.302774777468733 0.238826980782646
-0.0142736353814942 -0.00485021127417704 -0.0490305656576127 0.0592338114297537
-0.0214870539766223 0.0118146985479297 0.307313611401621 -0.113444316057822
-0.00592508125005888 0.0159297093412252 0.153877586558421 -0.480159597765536
0.0148070487672563 -0.00155084117084977 -0.352805286836134 -0.336660202194304
0.00336061048270779 -0.0313671621942783 -0.349152221444128 0.170649380553381
-0.012647318507854 -0.0185337320595935 -0.0196985808141724 0.2610379772569
-0.00108911106538445 -0.0087540268678574 0.0971051216852835 0.0812365025879699
-0.00111300280385198 -0.00251089165210335 0.0489332059770804 -0.0953113396170761
-0.00603227324893931 0.00659454198731657 -0.0313245117692754 0.0829684201902568
-0.000981313303358995 -0.00396017996499343 -0.0834976598606486 -0.0169602046814774
-0.00103657945622593 -0.0122347041883618 -0.0273674854693296 -0.218251787766197
0.00783581178029145 -0.0202014143441801 0.244075771234416 -0.198265330769557
0.024386338271061 0.00858150640870119 0.382858050736867 0.186169031222845
-0.0113313411374817 0.018477760650284 0.0134453744251759 0.502927495852184
-0.0101865757427588 -0.00449315773880184 -0.307833929324061 0.237563714095951
-0.00166147997884954 -0.00771146482910763 -0.0512658934373328 0.0596106835400125
-0.011314252857937 0.00566952758919855 0.303613229678812 -0.115044135451785
-0.00349453389068436 0.00618465727703488 0.146449971349203 -0.478754015666322
0.0103132224741545 -0.00679535724028555 -0.358785379114481 -0.331044142529931
-0.000769501076966658 -0.0291277421668977 -0.347893937631523 0.175217192871383
-0.0131634961362754 -0.0153560803808096 -0.0165392359915068 0.260333468356259
0.00193542135993381 -0.00582671201722031 0.0991389843620521 0.0790564531872593
0.0036404911627087 -0.00134997101960092 0.0512756901255447 -0.0959468598165349
-0.00117604940734553 0.00670836388486133 -0.0287552520502732 0.0836560987555241
0.00204305415228184 -0.00189220949838695 -0.0817303013066822 -0.0201375690153819
0.000254301571988629 -0.00854919598512154 -0.0224411932584151 -0.22104642047192
0.00480326434851234 -0.0155764314680285 0.248540901242882 -0.193835900487061
0.0193575253683739 0.00531218657206886 0.378847367476721 0.19714856104159
-0.0109093196917699 0.00714410219008097 3.00717630558828E-05 0.503977951263224
0.00125961387213509 -0.0131124741206795 -0.312087463987446 0.232738236159826
0.0127123144513172 -0.0106333545382222 -0.0487960757694174 0.0586132008719519
7.65654653883379E-05 -0.000918043916954259 0.301026165055618 -0.120981689207697
-0.00100633080163786 -0.00527343074941795 0.132991317093815 -0.482353721088382
0.00520257343200249 -0.0125951171361431 -0.367538363711382 -0.319236242495591
-0.00576635861791433 -0.0262344849523195 -0.343276798445324 0.183633085177157
-0.0132332423485211 -0.0103279112479017 -0.0103149303050043 0.258761194776648
0.00464934760006026 -0.00215367871024658 0.100940230665424 0.0751939827884034
0.00808377727254681 0.000584564639424929 0.05308892493391 -0.0973071384396065
0.00225770788689646 0.00716071716434154 -0.0282149117804443 0.0834299691835878
0.00409000729307637 0.000683304403787759 -0.0802491726113943 -0.0251621157163407
0.00140024262160122 -0.00413782921217732 -0.0156040454705707 -0.225328650508981
0.00306313616739766 -0.011131216109144 0.256744727058911 -0.185503456237305
0.0156399440374012 0.0025220972272317 0.371842448119437 0.213470568363503
-0.0100118472331974 -0.00253021898318845 -0.0193593599544407 0.505229906699455
0.0103526617061329 -0.0191084578095786 -0.315927729450859 0.222272720749723
0.0230161601218501 -0.0128105733155214 -0.0400483758012575 0.0559869510969478
0.00813975402197888 -0.00588326313776501 0.301939401725869 -0.132626278417487
0.00174756574722915 -0.0143233205189251 0.110908547383971 -0.486429431503788
0.00147904165093795 -0.0172418966852843 -0.37970726295284 -0.299963490011353
-0.00943499954087747 -0.0219339327643109 -0.3328131866779 0.195201902079385
-0.0132468665960279 -0.0054884073180306 -0.00160321075599791 0.254677280297487
0.00777583212189482 0.00156998283624957 0.103631329942159 0.0686542414175864
0.0120104568479348 0.000991949712415293 0.0532586726485184 -0.0994022839629301
-0.0167426039120558 0.00849716018419291 -0.043124047848304 0.0797800213531244
-0.007499939499475 -0.00342962611973758 -0.0878419073272538 -0.0306509879434944
0.000926484628585141 -0.0111434045227362 -0.00852409846136512 -0.230406742092286
0.0190654092316544 -0.019177368997573 0.271741034384399 -0.179605237998714
0.0374199631840205 0.0197657859535388 0.377700976324444 0.221357201418753
-0.0120756358612924 0.0387493467948778 -0.0208126001001229 0.491592688133634
-0.0321752550964069 0.0138931134921946 -0.292037961605831 0.19987975252853
-0.0327304920191173 0.000676020023093545 -0.0020921495611428 0.0477188984721375
-0.0335948088390705 0.024783990667914 0.329466877537478 -0.152652849107124
-0.00179727400868001 0.0280768629381051 0.111388564346797 -0.505400017640117
0.0224989696346628 1.0525494565641E-05 -0.377152140659954 -0.29697978788279
0.00542785421097077 -0.0275877823676834 -0.316138190471265 0.198063855871579
-0.013102278660229 -0.0116547194843348 0.00252851070715597 0.250165991436839
-0.00608959733310649 -0.00529303870234178 0.0980531267848351 0.0653636570107435
-0.00885583246467436 -0.00157844439531217 0.040799472886706 -0.0988843679857237
-0.0177455106175045 0.00800646476760438 -0.0412777677461462 0.0794291407010299
-0.00810023332698854 -0.00529726366662417 -0.0882206147077963 -0.0248578801057345
-0.000369637615860951 -0.0147097707904112 -0.0168901493922245 -0.226281456834165
0.0184534521793723 -0.0228576842758787 0.261972313649443 -0.18799925569592
0.0386958852907607 0.0193475998099288 0.383721161290211 0.205130062845726
-0.0115041540645398 0.0424669588502795 -0.00356842882211358 0.493219711981025
-0.0345666810223707 0.0158473125485837 -0.29199740241763 0.212495774958086
-0.0356986662957722 0.00068381108305475 -0.0156984719144633 0.0516292643922202
-0.0373161248910672 0.0251074010503645 0.326126367240263 -0.138828801095835
-0.00518889007124169 0.0311925757317858 0.132271521865346 -0.498469581715908
0.0232158453975928 0.0030060888646538 -0.36680708198439 -0.314061025116739
0.00798466051428652 -0.0300746091388908 -0.328284745833629 0.187469160315391
-0.012846001349133 -0.0157711048211598 -0.00532799440667583 0.254397662733012
-0.00636245697233317 -0.00854680306557886 0.0963083483814044 0.0718071040043713
-0.0103455120551936 -0.00254362539113589 0.0420573757826107 -0.0969567016411564
-0.016655296076776 0.00717836018866752 -0.0395576670301059 0.0806137493358858
-0.00759433782999357 -0.00646628909045698 -0.0880564124832026 -0.01976876254925
-0.00138734168159973 -0.0162663353378003 -0.0228874498737295 -0.221939082291124
0.01611823245347 -0.0250332000840573 0.252354999907676 -0.194734160576295
0.0374036254423607 0.0170202919553279 0.387821535863049 0.192195722697875
-0.0112575754436829 0.0411412177180734 0.0118217123277559 0.495643006989069
-0.0327074250241109 0.0149814003600624 -0.294251516313518 0.224839294479286
-0.0333338478566268 8.484707750208E-06 -0.0297097548794013 0.0552691159154063
-0.0358596167514958 0.0222902597957419 0.320497523206844 -0.12554132514759
-0.00710554074463566 0.0306321951344116 0.147760175050029 -0.491756922081756
0.0217837638839949 0.00359113131310887 -0.358814236670548 -0.327079225782676
0.008264567729729 -0.0318280778956677 -0.339779577973619 0.177776029771805
-0.0126525292244665 -0.0189267594337801 -0.0144423056110213 0.258196767967714
-0.00548368356857269 -0.0101048987828526 0.0959405241036282 0.0767832202898486
-0.00906785305685262 -0.00337665916546336 0.0440642442319434 -0.0953725878032712
-0.0138308276406739 0.00699522919081544 -0.0368051879652143 0.0812940503747134
-0.00646391334607428 -0.00696745799847264 -0.0876988643529217 -0.0162238525342984
-0.00189710257005363 -0.0163592054894012 -0.0273678761646624 -0.218372914526727
0.013678467184278 -0.0253455845125338 0.245887456456771 -0.198463299803652
0.0339440657185769 0.0144818966553983 0.387744770569257 0.18294411056697
-0.010910953837113 0.0363547903520585 0.0193346354971706 0.498016577743154
-0.0275590196988614 0.0105689732727172 -0.297597973298071 0.233957255003923
-0.0255633332880479 -0.00258159166325272 -0.0410671834081229 0.0578731818116102
-0.0305138460554658 0.0179864586437253 0.313388370276415 -0.116499992712525
-0.00703726751263322 0.0245343588222997 0.156429374071726 -0.484767457851295
0.0186767098699469 0.00182461065117157 -0.352995814131488 -0.337223518954677
0.00673954813782108 -0.0320723272417612 -0.346565611750828 0.171361820105248
-0.012470604112271 -0.0199762271516438 -0.0189134824926642 0.260188087285026
-0.00388076071275663 -0.0100954405683184 0.0963275535959259 0.081148568571073
-0.00585697852510255 -0.0029717307407528 0.0471169167098569 -0.0947377247127088
-0.0104349678941337 0.00669079732091655 -0.0343744828665198 0.0821190766054501
-0.00420240263104076 -0.00597552504214551 -0.0854859722406149 -0.0154385675656558
-0.00164410610801378 -0.0151242144017116 -0.0283779004977169 -0.217616767337741
0.0106116716331275 -0.023168172154017 0.242464139492362 -0.200151193839933
0.0296039123918989 0.0112121090659274 0.386015312363076 0.180780357795811
-0.011339117257111 0.0280389122322682 0.0194496219529025 0.500061909305958
-0.0193162095165637 0.00330419244194215 -0.303513444306831 0.238360664607458
-0.0143488631613218 -0.00505952432340894 -0.0495189750989249 0.0596430834089389
-0.0216791206552126 0.0119249058171976 0.307693617496458 -0.112372760929153
-0.00598812029345897 0.0165764954152974 0.15610154857399 -0.48083690636326
0.0148690504722705 -0.00155739854762582 -0.352553129536352 -0.339133432636486
0.00371600336103566 -0.0306135901173816 -0.349725475996994 0.170658661692311
-0.0123673753562298 -0.0187720824247962 -0.0202373323226591 0.261585145422909
-0.00126795010136203 -0.00920087180402322 0.0973128701465543 0.0815743264136999
-0.00176973752799798 -0.00235041943637853 0.0496620516889296 -0.0949363266384661
-0.00591505150092667 0.00678774106565884 -0.0316107178133271 0.0829894896649331
-0.00120719535561876 -0.0046376095839937 -0.0833310818428705 -0.0167450432635507
-0.000726353784576437 -0.0127425717685701 -0.0265433000687305 -0.218261135921852
0.00785123384931184 -0.0197517727962679 0.24318184260825 -0.198158850575667
0.0247967028862979 0.00863207089314333 0.382443459964188 0.187152957825986
-0.0115665554981908 0.0182730013564694 0.0129729523290235 0.501818128206845
-0.00962910010255877 -0.00475341276896661 -0.30840676171116 0.237609526273851
-0.00136496542516774 -0.00783400192830063 -0.051988917854086 0.0599342283794614
-0.0112894637206722 0.00591659811222781 0.304011057802323 -0.113702596178243
-0.00389646320153864 0.00589116733705767 0.14864976484019 -0.47981076298658
0.0102785675775941 -0.0067924458907863 -0.358661594131205 -0.332513109497833
-0.000506516805102523 -0.0293368317550116 -0.348905547117618 0.174508582263915
-0.012903094019951 -0.0158086355107438 -0.0173396144326516 0.261210174856582
0.0018051183422002 -0.00618273405598329 0.0990861953698503 0.0798200706627527
0.00301330604679814 -0.00140926517575594 0.0512738610883997 -0.0960381700182177
-0.00128434613879259 0.00686404793970907 -0.0299683565974107 0.0831088116084262
0.00169416352083998 -0.00214461951323893 -0.0811581929633235 -0.0194202211815311
0.000980524771649464 -0.00867811277450316 -0.0220207549175351 -0.221372785343977
0.00483967291578543 -0.0154566559061522 0.247535212057907 -0.193611183469154
0.0194948678947213 0.00518653582003803 0.377632522058515 0.198288393202708
-0.0109007248792003 0.00670764255682418 -0.00042994425120144 0.504955245583759
0.00127541725462374 -0.0129704636140543 -0.313111748540651 0.231784896354617
0.0128851716936615 -0.0107211783650689 -0.0493249997351675 0.0583154168326073
0.000502044568231925 -0.0010355508581876 0.301247435110604 -0.119988229028821
-0.000959212277685109 -0.00528384572607069 0.134088218178266 -0.482172664004216
0.00519872731356466 -0.0125497947923678 -0.367925704715517 -0.320250746537649
-0.00537258101550538 -0.0261631220281936 -0.34346941200705 0.182563522294461
-0.0129833069657613 -0.0107857059807921 -0.0115195123950884 0.258955777723047
0.00473086937193097 -0.00262524222336367 0.101575417287749 0.0755027865913541
0.00826069229545192 0.000245454189765569 0.0537522514478642 -0.0975850536551342
0.00186000323607557 0.00704676446500617 -0.0290381141982077 0.0834124265014784
0.00413608721851151 0.000456551484745043 -0.0799174131027674 -0.0251543048312823
0.00229065077331636 -0.0043404557303354 -0.0142553211845661 -0.224932156194849
0.00294002580232905 -0.0113232024002262 0.256429033079467 -0.185022565231651
0.0159568710447588 0.00286299687980862 0.369558228832373 0.214886527614527
-0.00982733305635836 -0.00266543836361047 -0.0197758125310299 0.505661526049857
0.0105425622442326 -0.0192293187673088 -0.316984476894175 0.221525455968302
0.0229072716887275 -0.0126423994446637 -0.0400131446540594 0.0559042638738377
0.00842604730250712 -0.00597911057180816 0.302490402376074 -0.131170947181157
0.00150840859380924 -0.0139048999214035 0.113496700263916 -0.486262917570985
0.00147352419933241 -0.0170979651280173 -0.379103711911094 -0.302672419045718
-0.00906254182660257 -0.0220144661160315 -0.333038336010761 0.195357769714872
-0.0127944306184804 -0.00588130690384343 -0.00172417454725141 0.255309748444119
0.00764826608689753 0.00140664288035005 0.103884360840471 0.0688477840405832
0.0116877863441928 0.00104324886710991 0.0537341940944199 -0.099627340907536
-0.0106350099210565 0.0139269246548928 -0.0071420161769883 0.0912079004051792
-0.00699482992570644 0.00108163905672793 -0.092885363982474 0.00979014930819997
-0.0057143376402167 -0.00819357416398698 -0.105450478942622 -0.205101353476642
0.00436795924075997 -0.0254577101190626 0.169368912775287 -0.281075993014221
0.0398569981711099 -0.00463534993533437 0.437225743244721 0.0352396125803731
0.00803856651545681 0.0372813134283055 0.191746512828348 0.455724441293973
-0.024413259779339 0.0254886876006362 -0.181041747416613 0.308108219727694
-0.0300149466471832 0.0138968446034442 0.0183358714450407 0.0449284023794367
-0.0192395737458159 0.036892882688234 0.23308593411213 -0.280669282500623
0.0089126192473436 0.0252333951278389 -0.116414113644988 -0.506464012904576
0.0184013022636743 -0.00870959052055455 -0.466277448103832 -0.104602631346252
-0.010723274219305 -0.0235302715047068 -0.201084947982611 0.312590940018098
-0.01809401121037 -0.00307398318205124 0.10859088828001 0.223322998727571
-0.00762739534337264 -0.00172330077708504 0.116641817394574 0.018579386105319
-0.00956223276249478 0.00142419480724716 -0.00350070989000038 -0.108033549123779
-0.0113347921110299 0.0140027107401962 -0.00575188904708055 0.0909089049148054
-0.00868044592665062 -0.000611532337484785 -0.0909864857065366 0.0154137973366693
-0.00819641295733864 -0.0109423071148529 -0.111758411615011 -0.196855710653665
0.00242305138373427 -0.028388587994428 0.15714027778871 -0.284969737680024
0.0404350102793363 -0.00539303625190415 0.437136579379454 0.0178303664857719
0.0102183090426461 0.0403241486139083 0.210453522497273 0.448097493358495
-0.0250352390301471 0.0284999087196455 -0.175825813992316 0.320047252844457
-0.0325870285715399 0.0150362657574109 0.00784714356174451 0.0534542117461866
-0.0225012721627655 0.0386203916570127 0.235412285066209 -0.267499796129816
0.00718284093041218 0.0292435416294244 -0.0964890305676211 -0.508419626613181
0.0199016411241369 -0.00625797117519401 -0.464834163963248 -0.126685984717475
-0.00970625272430951 -0.0271323556267474 -0.216614424502896 0.308504396978256
-0.019196109772825 -0.00662964967342734 0.103075109101317 0.230784156639283
-0.00904679775463919 -0.00388612608543326 0.118096110292834 0.0246548159512869
-0.0109306514313522 0.00130531234837688 -0.00180644053488274 -0.106834525840943
-0.0107271006064733 0.0131149738956313 -0.00370727854372175 0.0907479607552568
-0.00841367072612486 -0.0019914791781346 -0.0891309526501566 0.020093857323527
-0.010035726323682 -0.0119214596615661 -0.115496592632936 -0.19026718825131
-0.00045146656241968 -0.0290142547577178 0.145166944993723 -0.288022280839631
0.0380419878850478 -0.00682131402815369 0.433701883711765 0.00486126493492334
0.010326217095141 0.0395008291573104 0.224285663828156 0.44393867873836
-0.0242670133933693 0.0266814961022087 -0.173135194589906 0.331840029792091
-0.0302450893345704 0.0127428655624543 -0.00347612245133892 0.0627993043529885
-0.0229461336438768 0.0357210107134881 0.234985823727934 -0.253175762485283
0.00492200135256098 0.0289628447156132 -0.0781145943217845 -0.508417499729608
0.0195010616918257 -0.00513917162201291 -0.46405388514159 -0.142046203419496
-0.0104000374711129 -0.0288373264758192 -0.229463936121879 0.304470888256162
-0.0208530749088655 -0.00995973638867125 0.0977879271918373 0.237793280059807
-0.00905981750266731 -0.00600751458810331 0.119960259614969 0.0295368922117958
-0.0101272135826795 0.000348404436676387 0.0017391047558196 -0.106140010130731
-0.0087410962681624 0.0117265721478254 -0.0007600450041729 0.0902929829418192
-0.00743600400001712 -0.00243197908013665 -0.0864755969365223 0.0222437930285479
-0.0103864319392273 -0.0119157804835688 -0.11831030483695 -0.185401261085567
-0.00302350809473607 -0.0279762202394245 0.13800960146849 -0.287655462668509
0.0343415047762079 -0.00708799093049016 0.430961176694327 -0.00378229617916654
0.00798477719049086 0.0345864464594517 0.233211180334237 0.441087782329798
-0.0209849274711485 0.0207188573728868 -0.172232304667826 0.340586651007346
-0.0238730896893928 0.00754622021473571 -0.0131340019870476 0.0709925872869294
-0.0195183467077978 0.0293429035120327 0.233976971694564 -0.241302397632784
0.00226038785596131 0.024469248338367 -0.0679490360389266 -0.506589893148854
0.0157158077705641 -0.00538521884429768 -0.462485770957514 -0.153946235352537
-0.0116939531861329 -0.0284683405989186 -0.238857958802479 0.301925754700203
-0.0211617748958339 -0.0105720867538106 0.0939548879884089 0.241985360183235
-0.00771992541227853 -0.00630542776632521 0.122599351326302 0.0326791950148353
-0.00724896775522049 -0.00089991867669952 0.00391381603300175 -0.10656471643673
-0.00519827061416097 0.00969174240370445 0.00225456041978237 0.0899131726926436
-0.00512203665677916 -0.00305360706334087 -0.0843668061127058 0.0224863869773525
-0.00941803014471012 -0.0106613551559167 -0.118288220845224 -0.184539865228618
-0.00481327189527796 -0.0252598163316581 0.133591166581461 -0.28747113650133
0.028850909885618 -0.00843051292887883 0.427901792360611 -0.0040405706753125
0.00478199853585223 0.027188096629562 0.233381360825732 0.443788505366472
-0.0165946032447031 0.0112021484573595 -0.17392658585767 0.347329844903971
-0.0144017265926269 0.000718810195950207 -0.0188705874161618 0.0753248315000064
-0.0132444613763662 0.0204162668190455 0.230563233847723 -0.235528667811949
0.000171473646844264 0.0161019009914226 -0.0660292688181525 -0.503202816259951
0.0109903631336985 -0.0072355631697353 -0.462668603806877 -0.155631784696751
-0.0138198169442461 -0.0262147302408918 -0.242864100464304 0.301125630695362
-0.0206977981840627 -0.00911087755120475 0.0941377106804089 0.243564518195817
-0.00507382098397304 -0.00662280428007482 0.123072791527299 0.0331078270025144
-0.00280357318482922 -0.00167608545117276 0.00651654524943025 -0.107396750049287
-0.000753888820433038 0.00764139898432344 0.00514707550177893 0.0887754143927764
-0.00187239608961521 -0.00310234066041409 -0.0825546290265276 0.0206932428983136
-0.00771593109302079 -0.00900654099388501 -0.117089283285347 -0.186379640290939
-0.00576531265068305 -0.0209991912762802 0.135499063073781 -0.285967511674651
0.0231960608962282 -0.00879240250750494 0.427052522028018 0.00279708053634305
0.000717471746277704 0.0186904070997018 0.229616777485593 0.448897896597174
-0.0111632937000507 -0.000230949844824982 -0.179015070212899 0.348959182483544
-0.00372563078675133 -0.00717664539040383 -0.0212338892342245 0.0758734446903696
-0.00617106020803567 0.0101669349745227 0.226693295124257 -0.234641895007556
-0.00160621971813656 0.00584028710432565 -0.0739761525135763 -0.498836721528241
0.00423875962720932 -0.0101583496727607 -0.465094645352598 -0.146552265969115
-0.0171116859230425 -0.0226998615652841 -0.241082289380896 0.305253520018029
-0.0197402692418531 -0.00619758836835566 0.0956259038953369 0.24223125427353
-0.00103255468228101 -0.00518912495660504 0.124034452875587 0.0308464234301726
0.00269196844474944 -0.00298309875447113 0.00808222512153351 -0.109370727454772
0.00313317050397542 0.00587046928449585 0.00702501351405612 0.0886415456192231
0.00193855357742629 -0.00148918352521186 -0.0825379879648564 0.0163136433169792
-0.00479925030278722 -0.00551873501254599 -0.113878956862333 -0.191069477440482
-0.00675807344007393 -0.0161246028823444 0.141183010958889 -0.2835686476064
0.0175405184680939 -0.00986902053864764 0.427947667639423 0.0155628778336755
-0.003565324994433 0.00800063846335309 0.216055336201652 0.456062433338087
-0.00462080674057665 -0.0123605774944177 -0.18514749945331 0.345677687804871
0.00800408742839413 -0.0153824438502155 -0.019274158312961 0.074205386448512
0.00171704042132467 -0.000446200743992492 0.222151466521218 -0.239373684096936
-0.00436402468552953 -0.00572120455834304 -0.0866616711212424 -0.493692892274596
-0.00241640421522171 -0.0130558660932863 -0.467115425603959 -0.132841089769912
-0.0202906578394283 -0.017560662299959 -0.233029053788436 0.310727163761173
-0.017783441670205 -0.001484374785325 0.0998595724884819 0.237776620715732
0.00371175658305778 -0.00337660101654625 0.123311033135987 0.0265342689417165
0.00751451429352714 -0.00405330721024611 0.00824908350929458 -0.111051263226896
0.00612334774025455 0.0051557444183105 0.00772346898555669 0.0887563876391235
0.00470734543819846 -0.000255751312621684 -0.0828764020223324 0.0110176375407044
-0.00223284284621152 -0.00247748082041129 -0.108375671973301 -0.197744765042714
-0.00642173429619826 -0.0122697081367484 0.152792824738521 -0.279389518182529
0.0137808090303735 -0.0113228981223715 0.428070842135841 0.0331886212786221
-0.00652273513314592 -0.0011251365034383 0.199762573296014 0.464688855594006
0.00146931729575945 -0.0213106359283082 -0.19365534613976 0.337314117007179
0.016940680391966 -0.0215807802618289 -0.012211091450119 0.068081342477907
0.00693731840070575 -0.00846733960840365 0.217587038445591 -0.249874696932063
-0.00541378998764881 -0.0146869113148434 -0.10692241267933 -0.489225817023205
-0.00820181667823588 -0.0159707526254584 -0.470364099883675 -0.11085375704795
-0.0217760396285915 -0.0125655899226086 -0.218165123096112 0.316172608325393
-0.0150345290857669 0.00299388680668109 0.106510892674565 0.23058483917522
0.0078083496684457 -0.000739549024868747 0.123069073739731 0.0198777723543132
0.0112462446694032 -0.00491281113036076 0.00791876778057922 -0.113127569258848
-0.0105781184786672 0.0139450100479269 -0.00745014220078041 0.0919202631490052
-0.00738403406779218 0.000548365871860929 -0.0931172949204563 0.00995564187221448
-0.00575256302554151 -0.00860360004451033 -0.106252005134614 -0.206117337677411
0.00415138352651892 -0.0255074854838262 0.169460813484681 -0.282159465151135
0.0402109435333025 -0.00505277851163418 0.439328273268611 0.0365065204840138
0.0082206570090409 0.0377625613645433 0.191869387085753 0.455896359902902
-0.0242102336956322 0.0256249165757476 -0.181922171957799 0.309557352538983
-0.029891078315718 0.0134380856566893 0.0183978703310312 0.0447403763974101
-0.0187134236488541 0.0376301006382462 0.234150885673987 -0.282000727783734
0.00801545214566792 0.025252809606207 -0.116002595007995 -0.508107225809141
0.0184880387274991 -0.00816525747755774 -0.468043014908285 -0.107602270679306
-0.0105357481777075 -0.0237602281359464 -0.200945452091898 0.314542493383986
-0.018138187877796 -0.00275047298536354 0.109654431965143 0.225270972789509
-0.00745750204548483 -0.00154277767443037 0.116940208754913 0.01812671137376
-0.00995542046934786 0.00228164522576642 -0.00291112227457623 -0.108803063583258
-0.0114015399077074 0.0137471513446975 -0.00616203561631593 0.0919676480988039
-0.00864301621838016 -0.00105192873300802 -0.0911293284688435 0.0148046076709294
-0.00803604464490719 -0.0110866835587823 -0.11185461392215 -0.19822949606276
0.00250961437497182 -0.0282218994299803 0.156820211412624 -0.286165313050452
0.0405725830944613 -0.00582316505302031 0.438688916839268 0.0182325267122364
0.0102000662110498 0.0401369902555927 0.211027058173996 0.449673787398311
-0.0256539697119161 0.0286342698598975 -0.1767916538089 0.321287255026686
-0.0325117007261616 0.0148081767623386 0.00788076421566598 0.0541549564522393
-0.0219277562012853 0.0386435236947695 0.236308811748031 -0.267964644495402
0.00721615763749686 0.0298219055025089 -0.0955743022768851 -0.510205264938801
0.0203838637399246 -0.00578798502511141 -0.466790185618058 -0.128354729670998
-0.00965403522066582 -0.027538776098413 -0.216838170732525 0.309874020213367
-0.0200027083496716 -0.00690921505742783 0.103635931715621 0.23266308272087
-0.00986003701329473 -0.00371499083105594 0.118820461987692 0.0244993124406633
-0.0110764968375024 0.00177382996070699 -0.00118614333920715 -0.10756509771345
-0.0104844723367598 0.0128751953539242 -0.00371117007604537 0.0913824801514946
-0.00899456690236819 -0.00211487851572366 -0.0890584698112872 0.0199347912194641
-0.00997278527032383 -0.012109892880155 -0.115996677044441 -0.191671006606638
-0.000366463084981109 -0.0294222401440658 0.145295265865978 -0.288901462187671
0.0384948309623588 -0.00651449723810084 0.434562952903996 0.0043289005295872
0.0100422052047646 0.0395048349612167 0.225056704627073 0.445872392376486
-0.0243289280368362 0.0269733231196052 -0.173285219246828 0.332703342058566
-0.030270075034119 0.0127932261048587 -0.00355217106913583 0.0626635020689136
-0.0221274789696691 0.0359208497958385 0.236436438480149 -0.253567923335423
0.0048371885664364 0.0294265604391219 -0.078504880866603 -0.511070212387002
0.0198305829789714 -0.00486853428689387 -0.465802377123596 -0.143364579631569
-0.010154588669828 -0.028962183829773 -0.230989593597125 0.305385881671463
-0.0207576951212559 -0.00946584771304214 0.0981974242123482 0.239536574312338
-0.00946612948629339 -0.00569156270322749 0.120734412412642 0.029497757374954
-0.00983571253180497 0.000800944251627243 0.00131019219205332 -0.106526406920266
-0.00860832639230337 0.0115023874327988 -0.00132144823538114 0.091087067731119
-0.00753554587438963 -0.00283240180837668 -0.0868106679852959 0.0221346748200767
-0.00986960163969003 -0.0118940139227321 -0.118074854563549 -0.186944509782788
-0.00260893720956399 -0.0278739155871657 0.137349767459242 -0.289449112367449
0.0346478684324378 -0.00752039038714118 0.431800926253816 -0.00376229881529324
0.00771109397238386 0.0345564684513119 0.233136176246806 0.443406947953351
-0.0209255409983874 0.0206272003412968 -0.172193337896731 0.342455282880054
-0.024232399564167 0.00729428947158221 -0.0130623708542629 0.070783219333755
-0.0192231177833249 0.0292614996632576 0.234565785955678 -0.241965917501066
0.00234193152535147 0.0250020053889948 -0.0679038284686089 -0.508644391227071
0.0156272568670329 -0.00514609615953409 -0.464427199356305 -0.153842498669927
-0.0114710265875997 -0.0279177555243437 -0.239521732732862 0.302869882166281
-0.021144504289058 -0.010993890208114 0.0943051081782654 0.243406431069944
-0.00855254659660831 -0.00682009362933939 0.123040858479625 0.0328861691823753
-0.00717701680641718 -0.000244502411488673 0.00421847213692476 -0.107473017112703
-0.00504800751455597 0.0100710102668335 0.00208918779466653 0.0906536163476985
-0.00485542679986867 -0.00347942776321413 -0.0842139608916304 0.0227249061655842
-0.0094168834525079 -0.0112913759459703 -0.118530237173285 -0.185364674064781
-0.00448660139135964 -0.0252317225307533 0.133605486900131 -0.289495561446865
0.0290300648941742 -0.00839343238222915 0.429981441613755 -0.00409418038707985
0.00447532786396929 0.027202819475305 0.235460121308482 0.444841729600726
-0.0165983659032473 0.0110539552395398 -0.175513688966728 0.348806754840481
-0.014950889812805 0.000732055466919453 -0.0194016302834672 0.0757748001645167
-0.0130975268561627 0.0207369803914833 0.23115710245614 -0.235939626765424
0.000292465460555707 0.016119148086317 -0.0667419409308633 -0.504861690442892
0.0107167526840274 -0.00712929636387773 -0.463988663370111 -0.156564500577132
-0.013979584876114 -0.0263391188164548 -0.24417154349945 0.302931897384399
-0.0207180029169325 -0.00944321803187457 0.0942779913143095 0.244847466481739
-0.00508046887615424 -0.00635534785052417 0.124064842520751 0.0334879757621833
-0.00298892212235762 -0.00178962931160069 0.00629184252840255 -0.108478594568963
-0.00126901617364962 0.00775286587431297 0.0045122920240607 0.0893856005225714
-0.00188911349727114 -0.00284484900968608 -0.082773106941823 0.0200409710457525
-0.00756010218992747 -0.00912469844426896 -0.117619998848348 -0.186496252499899
-0.00585512300485301 -0.0213552304986044 0.136048075620121 -0.286816822865928
0.023391818405476 -0.00918442338434424 0.42857253912187 0.00320326653320046
-1.84254782480114E-05 0.0184032057148472 0.228705055008991 0.451564374034983
-0.011160651716205 -0.000226521819235776 -0.180267591594601 0.350511882170029
-0.00380493099822548 -0.00723577745711612 -0.0216692802604487 0.0766730057344151
-0.00615132703165856 0.0105011807340251 0.228000272496503 -0.234882531038208
-0.00196080693397769 0.00610429259448416 -0.073593406655395 -0.500370415136153
0.00415463976232535 -0.00992234376934849 -0.467381448633115 -0.147277516047755
-0.0167719771747285 -0.022712809706935 -0.241693262561294 0.306403487928179
-0.019942952811223 -0.00631259479066357 0.0956939318095149 0.24280060297812
-0.00133696791974513 -0.00534539518404892 0.124811797553946 0.0309672563227157
0.001941774241836 -0.00310556963216868 0.00790302556169635 -0.109829256200964
0.00310932044609167 0.00608892033192314 0.00673114821607185 0.0890003884454633
0.00166987937853376 -0.00210045916872696 -0.0826838841140711 0.0165601477036552
-0.00470480856762089 -0.00595964998736821 -0.113971989016103 -0.19152585692048
-0.00649658873309649 -0.0160748442834371 0.141623057176038 -0.284408355678034
0.0178078106342285 -0.0100778597531996 0.428819946057606 0.0151934694187826
-0.00394922762889194 0.00769274627787498 0.217890439766355 0.458127938695626
-0.00478419205668884 -0.0119818212761601 -0.186593379535516 0.34638556721149
0.00864217123654925 -0.0159163150705909 -0.0194825201324372 0.0743371616216375
0.0019891256944189 -0.000213375865357131 0.223209377230981 -0.240046090373801
-0.00434373142902299 -0.00591817439170388 -0.0864636783379147 -0.496570978056715
-0.00270702464767365 -0.0133762441126328 -0.469711979702518 -0.133717331462858
-0.020018324949826 -0.0174923301538699 -0.233441875796837 0.311723091305567
-0.0178807684429222 -0.00156724161782162 0.100518933419196 0.238905371960307
0.00342364340757951 -0.00317740820636787 0.124461071840935 0.0263667471488367
0.00770630766102048 -0.00388202712886833 0.00860410994784412 -0.111527213735714
0.00622446978719433 0.00514972567339068 0.00705908545953541 0.0890006132940589
0.0047275060382593 -0.000783317753233197 -0.0834756542165804 0.0110521702282901
-0.00218785001294414 -0.00283911475337725 -0.108870242746261 -0.198966486311869
-0.00652669497463416 -0.0114485788858339 0.153106165727193 -0.280326820057369
0.0137860670779746 -0.0112201216117475 0.429086295907703 0.0336286652498261
-0.00672725226334806 -0.00112056535340256 0.200975533542851 0.466525917596816
0.00135945409725473 -0.0217059674158049 -0.194160017453148 0.338666008443153
0.0171838099417129 -0.0215732822454121 -0.0122172754996152 0.068948714759552
0.00745361051041648 -0.00822300856279595 0.219235016917023 -0.250534948257556
-0.00617560081650313 -0.0144020688859617 -0.106709591776658 -0.492855907221314
-0.00845008833448481 -0.0159722597420081 -0.472559815140157 -0.11073920841229
-0.0222346896225715 -0.012839543670306 -0.218806511696073 0.317860775600033
-0.0149957935954884 0.00289413030667597 0.106635885195503 0.231583187378607
0.00741030117045996 -0.000657422610792716 0.124140070714818 0.0197172537660567
0.0110503536448357 -0.00442861349917686 0.00814464921505495 -0.113501469672055
-0.0107540170024047 0.0142653580974881 -0.00783665041860967 0.0923766190110889
-0.00740611757917677 0.000607080276308128 -0.0942317126878692 0.0101171785708204
-0.00536476428418643 -0.00895646830938172 -0.107424084387947 -0.207514705602316
0.00427707795625187 -0.0254752110797295 0.170146397903028 -0.284033603512918
0.0404554794393985 -0.00535826227263268 0.443606677609958 0.0372447060746906
0.00839320871127097 0.037486209952099 0.19412532519474 0.45827059030252
-0.0242330141355057 0.0255706708186301 -0.183004473707415 0.311900413873713
-0.0304055084356069 0.0133440251597879 0.0182719872799416 0.04558919840976
-0.0189942595550808 0.0379872759918629 0.235854627288205 -0.283235510571062
0.00867167767451313 0.0258230614609513 -0.117938367761135 -0.512339136229768
0.0184051770092765 -0.00837168580444347 -0.471368077823074 -0.106757014164447
-0.0109052508965542 -0.0244346882161865 -0.201784703330644 0.316108890364561
-0.0180292776716253 -0.00300325038849955 0.11038523773678 0.226949697563194
-0.00812900095873451 -0.00125950935015176 0.11844142987569 0.0183680981144362
-0.0100345491408209 0.0023091956027259 -0.00323875381157071 -0.10911874675222
-0.0116051432105068 0.0142683769431585 -0.00652789019395525 0.0928929990100682
-0.00880731606584063 -0.000737633819741304 -0.0913704914580821 0.0157788012544425
-0.00773711545479879 -0.011591482712598 -0.112061744770103 -0.199163955793556
0.00241640801445957 -0.0279987793350645 0.156347034205931 -0.288128570370013
0.0408108505345229 -0.00572470909014082 0.441293985622669 0.0174347545199249
0.00991336900588909 0.0405052512893658 0.212168966154228 0.452759045255143
-0.0252797411256375 0.0286461161295556 -0.177433818217934 0.323226160905013
-0.0322125200671547 0.0149151441329704 0.00742731263452859 0.0542957002724749
-0.0219851874696726 0.0392632165311777 0.23798281670978 -0.269441307902663
0.00699034905638628 0.0300760267548644 -0.0957805630896834 -0.513383527402903
0.0204877216696311 -0.00614425614686702 -0.470613755152925 -0.128739122707826
-0.00953795195357931 -0.0280038009833654 -0.217119350187477 0.312839885532987
-0.0201626370118004 -0.00717206474880513 0.105154667079217 0.234309738368595
-0.0100366493488551 -0.00366418335765551 0.120286778694926 0.024646014178152
-0.01143055671173 0.00212731407042936 -0.00146270272602654 -0.108297857483094
-0.010481165839707 0.013104244455053 -0.00450044261080278 0.0919822665390174
-0.00863554798472741 -0.00231920516966393 -0.0890990880729167 0.0197200580614085
-0.00946638409632115 -0.012659355609718 -0.116630153910674 -0.193057552801453
-0.000182671412090678 -0.0288816664257341 0.145361006594678 -0.290974066301445
0.0388857147654564 -0.00664577644841934 0.43896182368798 0.0044203940881259
0.00997222159295202 0.0395713094114351 0.226022483891931 0.447711624462067
-0.0241146778345446 0.0271806180328704 -0.173898321010123 0.334247415989047
-0.0303910082737602 0.012585596898339 -0.00405837971025299 0.0632766628167842
-0.0223445587232432 0.0365733011731024 0.238096851521159 -0.255058616253139
0.00503143448582846 0.0298420413182034 -0.0796669232125503 -0.514624904760106
0.0191275839602477 -0.00515527012532593 -0.468600887387929 -0.143357358165871
-0.0102119081896748 -0.0295206892919402 -0.231547268892988 0.308165067598593
-0.0209630930584454 -0.00980051663481509 0.0990520395416992 0.240720957211065
-0.0104170206289068 -0.00603059447656708 0.121857099766193 0.0297339598346348
-0.0105915282362352 0.00139397262326526 0.00133907982052889 -0.107511266323988
-0.00825083177977503 0.0116367113307092 -0.00198278049640876 0.0918183342612476
-0.00746383331600019 -0.00305302491401293 -0.0866884472314441 0.0218408192069792
-0.0101402984090341 -0.0124595578117295 -0.119294700393253 -0.187746953525865
-0.00272673910895615 -0.0280965445963482 0.137527498187718 -0.290887760309126
0.0346724869055291 -0.00822895834664633 0.434581565451456 -0.00390822626492458
0.00797478051978051 0.0349997979415107 0.236153787403278 0.444741646665887
-0.020959144479604 0.0208144032783228 -0.172952060116531 0.344640309306428
-0.0238014289822982 0.00736401300051749 -0.0136051035039951 0.0712147190919027
-0.0189239914789632 0.0298886892928746 0.236285699932183 -0.242705016551189
0.00224460954345341 0.0249494675168596 -0.0693369346684316 -0.512194762416316
0.0160854294558083 -0.00523812100380281 -0.467920765008701 -0.155530100764556
-0.0117255164627354 -0.0290317726987704 -0.240998649437728 0.305590806193449
-0.0211446965113539 -0.0105219173906438 0.0951656253301923 0.245065081142583
-0.00840459494845234 -0.00631092280564904 0.123752640400786 0.0324256061954819
-0.00751466221846065 -0.000413790060552523 0.00401285323138748 -0.107978596274971
-0.00450438672319045 0.00973912178344159 0.00172612545097505 0.0913494667370655
-0.00525177290092048 -0.00363614308076315 -0.0848150338563856 0.0227440317278291
-0.00947430969366585 -0.0114992639277363 -0.120206260298538 -0.18695328981939
-0.00438450210229194 -0.0253629026474425 0.133441933801332 -0.2901498361163
0.0292026139274809 -0.00855073836081338 0.431640556958823 -0.00527440440878787
0.00438233679460827 0.0276903989170323 0.237941204781506 0.446778024045413
-0.0165609016844475 0.0110578752929767 -0.175755040676373 0.350343806495306
-0.0143909323579064 0.000536105858076 -0.0194845021177828 0.0764460614932983
-0.0131778903032247 0.0208399183103114 0.232919734238148 -0.237398840686471
0.00017847291252774 0.0166290040139058 -0.0665816241658864 -0.508259340483725
0.0105479156015898 -0.00741238921579573 -0.466923745140906 -0.158146376828002
-0.0139784917178144 -0.026874795938832 -0.244147337705796 0.305751385486923
-0.0208545385489983 -0.00977052177621983 0.0955889973911938 0.246422891619746
-0.00568728779806038 -0.0064092382694612 0.125047497649549 0.0335116523652031
-0.0029848040181791 -0.00167804980989979 0.00624446569818982 -0.108966312710511
-0.000855029019171965 0.00807361006724754 0.00426821228036442 0.0903511782566727
-0.00207588041405119 -0.00341538849324653 -0.0833821888502961 0.0206412366386106
-0.00771032748222252 -0.00921256925802926 -0.118369880731239 -0.187808133829907
-0.00543398169539226 -0.0209251588960529 0.135685013814653 -0.289174631555056
0.0235676161650292 -0.00964085116004948 0.430368036346821 0.00241204586269052
0.00042754227739991 0.0185913807873596 0.231787553671436 0.451928227051535
-0.0111303704922975 -0.000112107099611926 -0.181036155719639 0.351657877743037
-0.00396299230533432 -0.00751522502117585 -0.0217434962754274 0.0773074722850061
-0.00597445153423792 0.0107824472470673 0.229184619843977 -0.23644584986158
-0.00239904071102726 0.00623150071809278 -0.0729679295090853 -0.503766006924123
0.00421184956243813 -0.00991192634305311 -0.470582174319325 -0.148701471259478
-0.0171972208056313 -0.02293022210536 -0.242101901588265 0.309042264421871
-0.0196420931321394 -0.00607563218881464 0.0969393447857552 0.24493992167848
-0.00173149870082657 -0.00556814295328213 0.125793198069071 0.0311193343248165
0.00202763780683756 -0.00251132994897836 0.00806156491208767 -0.110186454947854
0.00322063498542902 0.00664098649052222 0.00637726351780979 0.0894663613154051
0.00161701912936592 -0.00215404967903533 -0.0830382569355348 0.0165911074210991
-0.00445118885069859 -0.00630095762353726 -0.115476972448515 -0.192361832786823
-0.00636936915271363 -0.0158950129297156 0.141455328730603 -0.286397597530288
0.0175005808672006 -0.010581374404862 0.430566051296429 0.0151743320819002
-0.0041943317169393 0.00775027305658765 0.220235906602103 0.460965931872336
-0.00408644967287474 -0.012177833978037 -0.187234148817411 0.349382870145272
0.00869043142748373 -0.0158297506122853 -0.0196645197221637 0.0752793019299277
0.0021596644730112 -0.000483986793297798 0.224352770896432 -0.242078968312875
-0.00456383914162233 -0.00556550730510194 -0.0864577864995607 -0.499613370688866
-0.0026874240761452 -0.0135598428809289 -0.472250574764959 -0.132599597990862
-0.0200996882796337 -0.0181321675426954 -0.234688713207774 0.314225670824351
-0.0183389982930002 -0.00190330517749187 0.101624066978848 0.240614584360615
0.00344677386732781 -0.00294418244655243 0.126205858458311 0.0264664357729958
0.00697708021906475 -0.00345599784846174 0.00859248074099979 -0.112916330228566
0.00604188933158402 0.00515254008370533 0.00719804382520588 0.0894052829294284
0.00443163538079432 -0.000690764276458018 -0.0839395900517973 0.0112613343889027
-0.00180927203960253 -0.00288849584626041 -0.109930978749427 -0.199478840408655
-0.00611443163399932 -0.011366209983274 0.153020596967416 -0.282196533639335
0.0136297814618199 -0.0119944149738822 0.431159429228973 0.0334798189167596
-0.00686168589529549 -0.00125152998090033 0.202118826298857 0.468693425169309
0.0012655130080405 -0.021634922413459 -0.195772573083794 0.340907574065318
0.0174826855615146 -0.0222241318296585 -0.0122243393190111 0.0689585236766001
0.00787929864793156 -0.00836664073146895 0.220477908012508 -0.251494054756491
-0.00565334050504774 -0.0141592323882563 -0.107157206440994 -0.494338706602607
-0.00821743016368619 -0.0159937476449442 -0.475877067482237 -0.111582415961012
-0.022087306223883 -0.0125668894298156 -0.219964753538996 0.320879229025992
-0.0155826153991406 0.00290217960359185 0.108010826056296 0.232265026765978
0.00710389229843838 -0.00103429516308036 0.125189749621858 0.0195077069504451
0.0110178285193504 -0.00473514299873395 0.00812022839578198 -0.114391237934343
-0.0105061799366731 0.01444659911338 -0.00861798079170259 0.0936381596833123
-0.00793915917927446 0.000404663583931222 -0.09415772423769 0.010749051637925
-0.00556806065217873 -0.00931151898248738 -0.10829197863637 -0.208717900273439
0.00451569178899226 -0.0255000316977788 0.169976917376575 -0.286821550443358
0.0406222307699149 -0.00545894419486373 0.444850904509345 0.0353858263389416
0.00811813522301309 0.0378284366965126 0.197263240468903 0.460623721719383
-0.0239429522278421 0.025960316800351 -0.182723138884294 0.313884048554263
-0.029636190968524 0.0134066280137025 0.0182639169717232 0.0456638035729936
-0.0184059234006533 0.0380803482284449 0.236046480238953 -0.285633916322357
0.00893852878188327 0.02631302561011 -0.118610841773548 -0.514748626322414
0.0183311577709134 -0.00874121823747897 -0.47521750518722 -0.106672625527221
-0.0108946981836961 -0.0245197732667076 -0.202056842984643 0.319639751242913
-0.0183172512907652 -0.00285091961810986 0.112727217791071 0.229063130751373
-0.00865751481627216 -0.00161982243961208 0.119388345544507 0.0180002309687048
-0.0102172086497397 0.00255348482358244 -0.0032952000132313 -0.110104310265647
-0.0112593896223586 0.0144419189548604 -0.00639984110325293 0.093385878707099
-0.00916943362347716 -0.00137852728673628 -0.0913870942153157 0.0157603342064867
-0.00817696637005094 -0.0116589741433924 -0.114250859352603 -0.200829387003143
0.00254725927236565 -0.0285961987200017 0.156909185183605 -0.290481506499423
0.0412305793526181 -0.00618842393813715 0.442716843200976 0.0162094341356983
0.00987579185907709 0.0406142819857585 0.215314612469744 0.453858823258759
-0.0254622896461032 0.0289056944190419 -0.178249995805274 0.325390283589953
-0.032518505297099 0.0146994693925193 0.00783757566579402 0.055051101406195
-0.0214998483880103 0.0395404286675512 0.238665121966478 -0.271329149396789
0.00682493463725956 0.0300506605079194 -0.0988209653205813 -0.517624689711176
0.0201685351381987 -0.00615857911705234 -0.47317237387104 -0.128227629770637
-0.0098476555892344 -0.0277205438640953 -0.217876647579066 0.315444150936147
-0.0201554913438803 -0.00735488848872916 0.105949301878974 0.235903802453875
-0.0107658051001636 -0.00374811302414174 0.121073030539467 0.0237750704108062
-0.0119646167508811 0.00215815718016887 -0.00129527516898751 -0.108853383034718
-0.0107534278407521 0.0134648187510406 -0.00452270344558457 0.0928600331227791
-0.00897374515966022 -0.00242716041130907 -0.0898919579380504 0.0205897533796813
-0.00966853895633315 -0.012583005381529 -0.118479453102928 -0.194305554662083
0.000148247325896276 -0.02934654219984 0.144671412044788 -0.29321106027461
0.0386678780914874 -0.00732560274873702 0.440550270002693 0.00252136336137259
0.0099937338704871 0.0395360353968662 0.2295406601148 0.449534847212897
-0.0240868248574861 0.0273657240718128 -0.17440429262087 0.337536372267759
-0.0301759476170791 0.0124469259092798 -0.00367462777372315 0.063767604398454
-0.0217828905363889 0.0367108237446435 0.238920647084824 -0.256711271822148
0.00491672789043859 0.030263330389141 -0.080352628072593 -0.517489973463986
0.0192914360187425 -0.00457398526116353 -0.471772755039265 -0.143698216033649
-0.010321994671841 -0.0295943982554921 -0.232215945225784 0.311342177046696
-0.0214252637182999 -0.00982303729268971 0.100364940856214 0.24307513328653
-0.0108693713180957 -0.0057729356211596 0.122965652217018 0.0290303016855903
-0.0108869505702961 0.00111932624234312 0.00141741444965934 -0.108424145479183
-0.00835092032599186 0.0122080134634884 -0.00212446489453104 0.0925516308593937
-0.00734146759675156 -0.00314480709005843 -0.087473382915628 0.0224184067767431
-0.0099285731864887 -0.0124767753666575 -0.119933569927769 -0.189096089667391
-0.00281148574811941 -0.0279473417739193 0.137192567694564 -0.293968515511065
0.0349137141349927 -0.00829404606384542 0.437108701639788 -0.00511798894222266
0.00821750528890992 0.0348482912183824 0.236937475537935 0.446349109641975
-0.0209511940773485 0.0210912764465276 -0.173726923201147 0.347145163578656
-0.0239669748492577 0.00732409552414601 -0.0133976164038933 0.0718307429306294
-0.018734530782848 0.0302180304483823 0.237317741547456 -0.244966885132946
0.00220775404478844 0.0255332995487621 -0.0697392822187151 -0.515402514668677
0.0160985476149079 -0.00535547362146161 -0.471614646732219 -0.155366195937111
-0.0118993627590087 -0.0292370985793397 -0.241517665614977 0.30897680392681
-0.0216630593149027 -0.0109672196338662 0.0972751316521131 0.246923818588997
-0.00888035708150909 -0.00697307875620222 0.125010689086878 0.0330509435707659
-0.00767657020950276 -0.000179059073048799 0.00398300321372453 -0.108666237897672
-0.00486152631034717 0.0101230360468751 0.00139583155947031 0.0918525654190157
-0.00525490136327712 -0.00397368751411056 -0.0848436349517419 0.0229633711080754
-0.00918889545815888 -0.011672403684947 -0.120999404192026 -0.187739372297608
-0.0044291008276817 -0.0248751522441651 0.13312353963664 -0.29252495399608
0.0295446402569191 -0.00895646719404198 0.434506050342492 -0.00591877194288296
0.00420525688794776 0.0278357696619734 0.24096191160881 0.447890220438438
-0.0166003392988694 0.0109674607944114 -0.175653216882766 0.353720929733712
-0.0146127817769462 0.000389216434037876 -0.0197460100732762 0.0765717937629246
-0.0124996799506122 0.0211196722060731 0.233625355593324 -0.239242719249608
-0.000209243815267584 0.0171982033884868 -0.0677316038614565 -0.512220740487852
0.0107387030676498 -0.00715710031095644 -0.471666036480968 -0.158806286066124
-0.0144848503144543 -0.0267970680885487 -0.245423073372211 0.308023641035545
-0.0211222554406907 -0.00963541518287451 0.0965098742550768 0.247965155729554
-0.00609488526208554 -0.00674004096672907 0.126041124998897 0.0332900522533501
-0.00341190899192263 -0.00125510337810843 0.0063131380147765 -0.109848778517127
-0.000722267522806783 0.00859799794419171 0.00429770188486653 0.0909761341009879
-0.00224496895810932 -0.00378381042252271 -0.0834811494329623 0.0209098339593809
-0.00743995503432502 -0.00976676419388978 -0.119573026516384 -0.188945344943208
-0.00544929939180479 -0.0208479700854419 0.134906054393382 -0.291288083220114
0.0238446811176923 -0.0101110036411608 0.43299646053408 0.000851511203172961
0.000185216354458711 0.0187548336341228 0.233522854489702 0.454229108157549
-0.0105041462733233 -0.000182193928850318 -0.180950958542781 0.354335635031103
-0.0036409478568742 -0.00770208254987138 -0.0213976943075917 0.0781501123304114
-0.00569351151041416 0.0109098041135798 0.230563631737711 -0.238080155177276
-0.00216911508802976 0.00643201762775757 -0.074073315042853 -0.50602482232537
0.004019075406948 -0.0100721913919848 -0.473971786104452 -0.148360682223818
-0.0175530226879983 -0.0228971191707081 -0.243106366870678 0.312321451456458
-0.0199674790168217 -0.00654628705277745 0.0986331816748444 0.246403078802737
-0.00235703663497243 -0.00519476993396974 0.127121691245908 0.0311033719483953
0.0013556786410525 -0.00297070247112453 0.0079228008991948 -0.111591473963193
0.00325542497415886 0.00615948145556487 0.00623278022563136 0.0903756539670796
0.00179370284150244 -0.00271611055119311 -0.0829881714202812 0.0174322687500786
-0.00466099090348434 -0.00629938455017392 -0.116247035164584 -0.194297323472718
-0.00638824517190375 -0.0157994288769426 0.141432006437362 -0.28899224740674
0.0180611899270689 -0.0107676129887223 0.433159017229711 0.0147112022948527
-0.00418444335953097 0.00784891204782485 0.221638891348186 0.463721190421231
-0.00432959056941846 -0.012917678358543 -0.188018203422239 0.351552912050956
0.00864151604173417 -0.0162085046749203 -0.0196990511477903 0.075741265980306
0.00251897836258927 3.56805744131661E-05 0.225688838641104 -0.242781995781742
-0.00450106741529554 -0.00542558842546186 -0.0881845958022938 -0.503186426828225
-0.00321257539997145 -0.0131310471816453 -0.477094657074798 -0.133562764883941
-0.0205064712550357 -0.0174084414075239 -0.2345499895072 0.317203517260049
-0.0178895968732941 -0.0019302631097726 0.103046514539024 0.242444480441334
0.00269386647954096 -0.00333905247298312 0.127315127937507 0.0261798584680161
0.00708537632407995 -0.00383678808574533 0.00852090585378523 -0.112778849914006
0.00624791604767479 0.00545084342814075 0.00661807053953869 0.0903413974473623
0.00498215990776717 -0.000688390594608704 -0.0840436182724169 0.0115951218456258
-0.00161792185055927 -0.00302363220396287 -0.111249660792236 -0.201104563777728
-0.00632028747992541 -0.0113868101318399 0.152946394603718 -0.284654905162171
0.0139074108692165 -0.0116898149865474 0.433166224561996 0.0323417091324606
-0.00687146877662576 -0.00139022329608074 0.203979827360956 0.471014640578884
0.00163941018789972 -0.0220830354568092 -0.195586091414528 0.342573038076013
0.0178827279186249 -0.0223384479185049 -0.0123017330713991 0.0694956839370682
0.00795023133403087 -0.00813401296618779 0.221525436810365 -0.253355165594179
-0.00585277475230562 -0.0143945294373731 -0.108697922390642 -0.498382976448448
-0.00875712537027872 -0.0162536938648438 -0.480161768851673 -0.112432129552616
-0.0223093211023669 -0.012349073825236 -0.219651200030238 0.323803580383832
-0.0158002594669486 0.00277697250158654 0.109473098013305 0.234721658934911
0.00665029224306211 -0.00102981807443214 0.126646143756345 0.0194734519964749
0.0105384945134146 -0.0043534763736412 0.00830587366139764 -0.115003514317192
-0.0104576943245419 0.0145844518285645 -0.00802390246472117 0.0944349578527228
-0.00806072466390212 0.000468563378566203 -0.0942805186960815 0.0108475560459357
-0.00549996435682657 -0.0095805661967716 -0.110072452811995 -0.210230076387129
0.00458828001497754 -0.0259859895224037 0.169536693401701 -0.289919734676958
0.0408544285989833 -0.00569491287351652 0.447943447944446 0.0334837972661931
0.00826746046383363 0.0378284360076862 0.201108688963214 0.463749253068158
-0.0242188728577406 0.0261693320014763 -0.183448654730014 0.316231369737594
-0.0298971533930912 0.0132663187443768 0.0189241139903777 0.0463883923906527
-0.0180054334530016 0.0385216400447602 0.237230031749231 -0.288704266579293
0.00869808641689619 0.0264773520014723 -0.120754529261716 -0.518923347914915
0.0184954263842044 -0.00826392971509535 -0.479885986087378 -0.106327247211701
-0.0106155423274244 -0.0246876500945199 -0.202196703943306 0.323070488145445
-0.0186247126505276 -0.00287876303723937 0.114308768655015 0.230149967418638
-0.00918907042987214 -0.000666886284062508 0.120714608221422 0.0177248008204498
-0.0106397961857244 0.00270353725454962 -0.00431928819381847 -0.1110205648886
-0.0108207423039726 0.0148196515682899 -0.00694098213981346 0.0944211473068097
-0.00945275615205862 -0.00131588720614693 -0.092650778051972 0.0167985403780462
-0.00798271540052091 -0.0120706388173892 -0.116031295766706 -0.201668875306486
0.00225216717409212 -0.0283177637910913 0.156493051208404 -0.292676188315672
0.041425692134114 -0.00661114327860164 0.446271464429722 0.0157128248437384
0.00993013495884934 0.0410328674591069 0.218299305864513 0.455216227916455
-0.0249766850026697 0.0292563647055572 -0.178248076267697 0.328647933979945
-0.0324622973620722 0.0147171796379573 0.00822698310123672 0.0553792404990148
-0.0213201228169551 0.0402263139249187 0.239456150836445 -0.274251373509731
0.0073566001259586 0.0304986681942113 -0.0998803081306375 -0.520963536720627
0.020134893278646 -0.00575338186418498 -0.478533335168996 -0.128002835822772
-0.0106235010392328 -0.0282900814937195 -0.218164276993546 0.319388487901267
-0.0203586589784866 -0.00724753617366553 0.10838693889721 0.238084401908321
-0.0106579705391462 -0.00319509394110571 0.122316541237697 0.0227373295066413
-0.011835177934179 0.00268210748377737 -0.00198119278430439 -0.10990656997558
-0.0103739997982152 0.013699719592507 -0.00466329820682022 0.0935089554340598
-0.00888393841174818 -0.0025630113181985 -0.0900714094268751 0.0205690354820555
-0.00990595598794146 -0.0127809475523909 -0.120024877800393 -0.195413826552828
0.000193214850315858 -0.0293014195925703 0.144869282287408 -0.29539283727701
0.0393616798398894 -0.00739867911745235 0.444370497312911 0.00234552353871376
0.00981824137422106 0.0400398458812781 0.232932587481035 0.451061779482759
-0.0241474571036751 0.0274303492191647 -0.173696925355592 0.340272793132882
-0.0303487451651012 0.0123855081397322 -0.00335738311709446 0.0643656067160874
-0.0212557571202599 0.0375955483202818 0.240421741677285 -0.259822086152135
0.00554938742192927 0.0305934066689835 -0.0837381145440362 -0.521545876678019
0.0195359806503641 -0.00482245699622239 -0.476995531427079 -0.143154305912382
-0.0106499276628865 -0.0297429747809198 -0.231963139440191 0.315617293207686
-0.0213179851061705 -0.0101301727386561 0.103017217948496 0.244650744216409
-0.0110979686622032 -0.00555786359305355 0.124784282285064 0.028381300131537
-0.0114311152029929 0.00154214650154513 0.000859458347483081 -0.109218918443176
-0.00827165805006956 0.0124310829477904 -0.00120935588014039 0.0932209648042582
-0.00788101604972837 -0.00335843494225838 -0.0876677793679329 0.023446251196369
-0.0102320957747673 -0.0131547168510747 -0.122195209901921 -0.190805529893427
-0.00242546959636912 -0.0277671958881778 0.137100191199649 -0.296328172150871
0.0346230341002217 -0.00893390828782705 0.43988960582655 -0.00691248089619275
0.0078094343645304 0.035277324936667 0.24084885166246 0.448888772826104
-0.0209322588324412 0.0209034471553948 -0.174352843636977 0.349766469926508
-0.0238898681874324 0.00700473373926401 -0.0132552459951189 0.0723807084415083
-0.018106370581171 0.0304205293747913 0.237856521773082 -0.247613082884956
0.00248011454927452 0.0256603484329654 -0.0717881321919908 -0.519170634809145
0.0160829366382336 -0.00528856802306254 -0.476422380628225 -0.156166172956613
-0.0120559869292634 -0.0292639364444967 -0.241787801702881 0.312962130935422
-0.0222158592839286 -0.0109507192026375 0.099212014699638 0.249185891771871
-0.00962751931484394 -0.00664327858128838 0.12670014027651 0.0319114178266482
-0.00829019574958962 0.000668447810236914 0.0037795396723685 -0.109781942552297
-0.00471221549875328 0.010727614700401 0.00164482671685218 0.0926178485845938
-0.00524118060798384 -0.00363255456089706 -0.085295517916968 0.0238655916053111
-0.00923225310204571 -0.0125220617793887 -0.122536559437549 -0.188884461871979
-0.00445071575104624 -0.024975288994011 0.132641924230248 -0.295674222152036
0.0297852255290425 -0.00920826278436251 0.43688299709041 -0.00734403478035556
0.00443075791542287 0.0278113387905922 0.244320174833016 0.450741175772777
-0.0160888526082358 0.0110817385776215 -0.176173119171049 0.356471060405263
-0.0141968816004868 6.53408307431268E-06 -0.0197312945738825 0.0774317476118426
-0.0122922073727351 0.0216414618473759 0.235074305046626 -0.241646545410873
-0.000516152845989201 0.0172202001758412 -0.0695087851696302 -0.515550296773839
0.0102474337364831 -0.0069708191405097 -0.475628656094206 -0.156573341289926
-0.0140405941484776 -0.0268590178803192 -0.245775972637937 0.312337275656271
-0.0216950347713862 -0.00935377353063937 0.0981254953393655 0.250688054385139
-0.0066359056102432 -0.00634755383349296 0.127842950347273 0.0329764997999234
-0.00357557271222447 -0.000553672831422825 0.00610677704886218 -0.110910674379843
-0.000514933812331743 0.00841522348811149 0.00431073140892922 0.0920147292223795
-0.00174856574938771 -0.00356653040460362 -0.0839941545419556 0.021488969872027
-0.00774539779791573 -0.0100729128076646 -0.121220918370078 -0.190631616005737
-0.00584989839614033 -0.0207280493430528 0.134801075017355 -0.294295519919944
0.0238037176261406 -0.0100149605314666 0.435912398333126 -0.00071850916935242
2.90894841109175E-05 0.0183138079672686 0.238046757236778 0.455684150268902
-0.0111285545832187 -0.000566775097427916 -0.180675688317299 0.358461377532616
-0.00332335744119954 -0.00817851570713052 -0.0217165430605345 0.0785447773044399
-0.00491571965491288 0.0112496837104144 0.231076553632846 -0.240535944706475
-0.00238907950052558 0.00643342955171777 -0.0774307433849578 -0.510867544197386
0.00411339233024775 -0.0100267010200096 -0.478594761658424 -0.147886374536336
-0.0177478814820201 -0.0232044722592179 -0.243066948851587 0.316529944302998
-0.0207190120356541 -0.00659263409332256 0.100799925117394 0.248603181686675
-0.0026419031473891 -0.00539071205042828 0.128530594065307 0.0304050544136229
0.00121587716963989 -0.00227037176323208 0.00736676908653917 -0.112411826826922
0.00314656387720034 0.0063642229846478 0.00621758686820368 0.0911989067319094
0.00183203539133517 -0.00250038005328476 -0.0834002423227137 0.0176153816506687
-0.00429937210003911 -0.00645281850159734 -0.1178927594155 -0.195046871311025
-0.00587341932920862 -0.0154433094094683 0.140911828175188 -0.291746812779493
0.017763388926784 -0.0114990230695866 0.436281261286638 0.0128224508637394
-0.0041137496795683 0.00798207562623574 0.225244886807122 0.464573614228529
-0.00395890234988069 -0.0130924122205086 -0.18774446458006 0.355117274151253
0.00885029093141597 -0.0164468161959478 -0.0197688971855843 0.0764529678088083
0.00282784232522416 0.000502523461402676 0.22645116302934 -0.246127443729764
-0.00436708989263422 -0.00488690409112271 -0.0891534970502854 -0.508002613076422
-0.00322280632498937 -0.0131005654911291 -0.480951905860318 -0.133334546098438
-0.0201667143822423 -0.018000866524266 -0.234393983726586 0.320582321771543
-0.0184099833971744 -0.00171174265932063 0.104756581505136 0.24383165897417
0.00182089344246752 -0.00315647640954113 0.128911973006624 0.0259370831162019
0.00698257020430002 -0.00321885939680083 0.00799761240007634 -0.114608715058015
0.00676985492157979 0.00589606436464732 0.0071535682053913 0.0909166534009812
0.00434111605810896 -0.00130584390640054 -0.0846393832141777 0.011898720704142
-0.00170281587091435 -0.00337881380493401 -0.113179750855316 -0.202758935949581
-0.00595299012807093 -0.0112051034324518 0.152798805978974 -0.286761589806048
0.0138885513193526 -0.0122253790714799 0.437103371059069 0.0312061230754838
-0.00715270335632391 -0.00141752672735465 0.208572119159 0.472598407632098
0.00151015376250759 -0.0221380977869103 -0.196044297172894 0.346527034979616
0.017934915963876 -0.0226243849228278 -0.012516846852933 0.0702427581235988
0.00844920749152027 -0.00815160606067936 0.222642586579154 -0.256066130583342
-0.00686942663812132 -0.0144350944276496 -0.112458776642786 -0.501739732205559
-0.00875864501878829 -0.0157387030150831 -0.48468987576981 -0.110979529349752
-0.0226063954163225 -0.0124767418798801 -0.220397154519641 0.327809451747102
-0.0157829445645869 0.00317097525806664 0.111905639068984 0.236589929964945
0.00680337002927948 -0.000849020298441657 0.128061410552836 0.0184336633859669
0.0108822416623922 -0.00397563240570968 0.00790018750722789 -0.116544010569972
-0.0102315318758958 0.0150247816186275 -0.0076202141387001 0.0953348800072304
-0.0081594190600902 0.000143431546326311 -0.0944228977149233 0.0118242654860657
-0.00556881520696216 -0.0100140162219648 -0.113151832246924 -0.211330378794817
0.00462334082619359 -0.0257398299886521 0.168309053986729 -0.292174255051572
0.0410314632434334 -0.00618759549764484 0.451365697468292 0.031008201093198
0.0082054494354518 0.0384290417094467 0.204094480684803 0.464336837184902
-0.0242092467256435 0.0264662554126126 -0.182246376922978 0.319439467438076
-0.0299738153353755 0.0132802028494456 0.019180782841625 0.0462844683417286
-0.0173007051611232 0.0386642613850638 0.237331923551442 -0.291562424316076
0.0091309098344887 0.026961314175972 -0.12601497938255 -0.522308947499866
0.0184942257805445 -0.00841564363673074 -0.483956046458753 -0.10507264684327
-0.0111376597638463 -0.0249350518825498 -0.202040638640409 0.327582097390181
-0.0183761873484349 -0.00241380992539569 0.116511378453082 0.231499984282842
-0.00943278961935364 -0.000807991088017055 0.122244751929602 0.0162272559009216
-0.0109319774724008 0.00325857693227316 -0.00454925886708139 -0.111675998168479
-0.0110966798699435 0.0147831263647896 -0.0061318453866266 0.0954180574285634
-0.00959765374092206 -0.00156830737804632 -0.0927726268656339 0.0171616707510925
-0.0079336494252997 -0.0123750715043699 -0.117906980957278 -0.203432524443228
0.00283750427861226 -0.0284494006069898 0.154958445714421 -0.296510692595869
0.0416559848175063 -0.00722712861995497 0.449272534056615 0.0121175713096572
0.0102359924671437 0.0412214394178727 0.224139931369186 0.458318276795764
-0.0254499571608921 0.0294299185609398 -0.177898823767332 0.332778043397511
-0.0324646584474247 0.0144603987691225 0.00855374888110546 0.0551573117885424
-0.0207305114220381 0.0408142612353456 0.239892687815543 -0.278015786951215
0.00743393160859497 0.031260252307097 -0.105172165106658 -0.524845067665432
0.0208881507802845 -0.00645077654689928 -0.482550572099024 -0.125510752274928
-0.0107077696885312 -0.0284385287500492 -0.218142724474795 0.323832482405915
-0.0208464793471887 -0.00703019352771763 0.111672150104034 0.239263688779013
-0.0112985510652771 -0.00269559469122211 0.124115890039084 0.0228166783789127
-0.0121621266526981 0.00303916736993604 -0.00241522812009211 -0.111007254539317
-0.0105085507054407 0.0140927432700079 -0.00420540006062371 0.0947143225929762
-0.00955713050668175 -0.00289504432978621 -0.090100942812452 0.0214388133263351
-0.00985231880475375 -0.0134965354337617 -0.121763058308914 -0.196753698494475
-0.000227232903444861 -0.0292465304802898 0.143954310221983 -0.299056448054629
0.0393031927865838 -0.00816111026918674 0.447688871312431 -0.000995103266393705
0.00978017348684835 0.0401863625861787 0.23828404118939 0.453420618499996
-0.0237456102295873 0.0277593543254157 -0.173391861911758 0.344447362505777
-0.0304874124152542 0.0128769354694622 -0.00299283835993931 0.0652413702713901
-0.0209682191058672 0.0375578743499777 0.240997928245437 -0.262470489932189
0.00527583705730427 0.0309456677538516 -0.0866573498609561 -0.52612992948615
0.019723057179507 -0.0048501858407416 -0.482267359634311 -0.141980189263487
-0.0108290793406582 -0.0301745809039257 -0.231746505567855 0.319472850707224
-0.0219498469322433 -0.00996492708183176 0.105727550923207 0.245821568814617
-0.0115044561318839 -0.00498730234116623 0.126184663175448 0.0278126932885748
-0.0113856869693462 0.00186841672538124 0.000271217506846362 -0.110333386960586
-0.00795183047957548 0.0125115337645602 -0.00168564804024407 0.0942354275996718
-0.00840241211130477 -0.00388514495223774 -0.0875769939694657 0.0244182236697077
-0.0100124005973145 -0.0135662232208888 -0.124375393881612 -0.19131477568796
-0.00256613693711933 -0.0276635695815163 0.135388101625517 -0.298824952302918
0.0351360413125587 -0.00910136358577517 0.442372509810752 -0.0102186256369409
0.00834398622875893 0.0354985924474955 0.2462504772902 0.450097673091817
-0.0203655525537831 0.0215083783809373 -0.173203767563027 0.353619956640175
-0.0237962287235142 0.00724631697109151 -0.012985739782428 0.0731067640501335
-0.0179372175524972 0.0308744003411591 0.238353016995835 -0.250350680881248
0.00247752513811847 0.0260336414587937 -0.0759387039107435 -0.521758023066969
0.0160604578322585 -0.0052135893910137 -0.481479108287914 -0.152924777999298
-0.0123973637912497 -0.0295315348359972 -0.241376414205713 0.317312419529437
-0.0225821692111529 -0.0107655564374556 0.102024885751004 0.250519070172033
-0.010082244527463 -0.00616722069579319 0.128055837346961 0.0308145297384361
-0.00870568402023461 0.000942715068470388 0.00311310832194033 -0.11076002575185
-0.00454503718520371 0.0104457032906396 0.00172183516365954 0.0938652388323111
-0.00555923366561541 -0.00408094962060737 -0.0852847280754647 0.0243448634397155
-0.00902505316978328 -0.0122379106998745 -0.124766581836838 -0.189276621755164
-0.0040762426222061 -0.0248474341474279 0.131310227187311 -0.298956161304814
0.0294109180572771 -0.00994145087988785 0.440858966216365 -0.010944821400422
0.00453268001800459 0.0281168792398537 0.249966900346865 0.452924561502667
-0.0162449790947985 0.011162472084965 -0.174782084103024 0.360702424682042
-0.0146645220634294 -0.000121281938847188 -0.019339234604309 0.0780456325036451
-0.0117541187036824 0.0217126801398161 0.234934744621158 -0.244301027734377
0.000168382903175605 0.017823454877782 -0.0730845554710474 -0.519560589863376
0.0109400617971483 -0.00714375097183969 -0.482174557175037 -0.154307104424219
-0.0150387498576986 -0.0273877630791439 -0.245038806425982 0.317605413579736
-0.021810695619809 -0.00982160167102553 0.100993481549977 0.252091066007989
-0.00712748551158224 -0.00640417568568942 0.129416711548544 0.0318857151002181
-0.0038493221605094 -0.000686189998770146 0.00541139961878348 -0.112351665347064
-0.000749330412125696 0.00917432492672488 0.00474488436011134 0.0927519544878672
-0.00203170469019104 -0.00420386904126334 -0.0836627224304346 0.0221633389130201
-0.00731034841218054 -0.010003263090296 -0.123424622188865 -0.191391322527307
-0.00573080276525408 -0.0207812270157935 0.133575043546481 -0.297508735161307
0.0241867089088206 -0.0106322025042362 0.438910587462773 -0.00397214163084374
0.000172185485814588 0.0187124563259258 0.242762088848277 0.457690053990647
-0.0110793517401216 -0.000183680521126871 -0.180329308564142 0.361559402518358
-0.00341648757705234 -0.00799641018635025 -0.0214116525630523 0.0793257115071469
-0.00496765853190641 0.0112965473965374 0.231704729908604 -0.243265075251326
-0.00241666841933795 0.00690672400165591 -0.0810098222555457 -0.514743007395192
0.00404599625131796 -0.0101963554382046 -0.483739348525356 -0.146076022281541
-0.0175266717269394 -0.023276645993761 -0.243505555415383 0.320534764506064
-0.0207080282121402 -0.00630923518027831 0.102934515833319 0.250313147078591
-0.0030249140577871 -0.00483998146559082 0.130298005761994 0.0296515936195371
0.000882673926500602 -0.00215342298419249 0.00706780713319346 -0.113604088685582
0.00378523975090393 0.00713809093589767 0.00654965132578259 0.0924964771341067
0.00136541274956561 -0.00263842585994012 -0.0838441189361754 0.018578590884831
-0.00469424218418874 -0.00680260107822943 -0.119665217994233 -0.195894133303954
-0.00600873986928881 -0.0155742252800141 0.139203811495591 -0.294883611578189
0.0181252899705297 -0.0114966670689635 0.439025244209782 0.0101941101113732
-0.00436182677206019 0.00784959706144405 0.230160332250521 0.465799421655922
-0.00422957725010398 -0.0131000395623966 -0.186868705965021 0.359353953441312
0.00899334514772304 -0.0171259770800938 -0.0192646804406526 0.0773845872299334
0.00331274127916871 0.000442452898866828 0.227117648213867 -0.248833732957721
-0.00509289134633334 -0.00516429304568827 -0.0944655512063376 -0.51114127059895
-0.00339043226968855 -0.0130824885810391 -0.486457255118668 -0.131680813538935
-0.0207595921946497 -0.0179398872977795 -0.235071498899652 0.325459898506081
-0.0186894127568952 -0.00180318465496026 0.107402050887419 0.246075235476401
0.00199536347062117 -0.00309510735496725 0.129924962944571 0.0244909261910531
0.0067927433760139 -0.00313918189313151 0.00770070368074665 -0.115587967664082
0.0072148356006103 0.00567732257079008 0.00689663246164043 0.0920737134727651
0.00471858642261887 -0.00151935654708933 -0.0848837969614512 0.0124774733126983
-0.00157550757221425 -0.00366732065087656 -0.115039435773525 -0.203639398682609
-0.00599637202029264 -0.0110427697406417 0.151690238311278 -0.290947850357704
0.0141640191085018 -0.0128683648870625 0.440363300991358 0.0289891695907205
-0.00743397151779472 -0.00114886900093023 0.212882895580754 0.47491427996341
0.00141096628693379 -0.0222657209680067 -0.194763467409907 0.350154868502368
0.0180633532117295 -0.0229138399165571 -0.0125144650224814 0.0710991421357014
0.00841686692482206 -0.00788166591325385 0.222830251120108 -0.259148588439184
-0.00685004520489789 -0.0140334862788304 -0.115273512442897 -0.504046766740302
-0.00906236829523445 -0.0155818417474012 -0.489251765590881 -0.109274527227797
-0.02221689201578 -0.0125107859477398 -0.219694229916308 0.331494977222066
-0.0160348246364579 0.00315390105778032 0.114461645507821 0.238009021870446
0.00627272078054103 -0.00091506837400817 0.129379749472167 0.0176001217966842
0.0101433629312897 -0.00431381662674021 0.00714914513733731 -0.117564144456342
-0.0102741516060298 0.0151282193811487 -0.00755084060819149 0.0962683580277234
-0.00800883954798049 0.000152066681203919 -0.0951927795055283 0.0126005845542002
-0.00545528855441751 -0.0100224139288599 -0.115156261747058 -0.212062260051385
0.00446478586005517 -0.025638788989501 0.166961695153954 -0.296515134090735
0.0412138262596399 -0.00720725905250061 0.455069713907393 0.0279124585784588
0.00895116594854424 0.0382636031033776 0.211743259972842 0.466046628543049
-0.0236166399641421 0.0264283082188197 -0.18130889805095 0.324792857410166
-0.0300845612676925 0.0137706911843883 0.0197986460569381 0.0468079364112931
-0.0169764313631159 0.0391827137618177 0.237560936220833 -0.295344758936946
0.00887651180289575 0.0272151836962036 -0.130770444388276 -0.524962812189559
0.0189656637707358 -0.00849667489252824 -0.489836978729997 -0.1009225448978
-0.0113024687624391 -0.0247706578537093 -0.200761111328321 0.332403874813056
-0.0189309104812155 -0.0029961498282647 0.120017725290142 0.232701837406972
-0.00991709584705584 -0.00041939747842387 0.123486835890399 0.015382217474496
-0.0113970204315446 0.00386731579000291 -0.0053591408594616 -0.112622722454913
-0.0109936492878633 0.015160473188026 -0.00570716251866654 0.0963466252130526
-0.00954410856677441 -0.00158412768552058 -0.0930700649045691 0.018118614840015
-0.00840916656672005 -0.0125333990823832 -0.120514602661068 -0.204034216727755
0.00251796959822905 -0.0287210207593885 0.152824882085149 -0.300175997573181
0.0416963361581017 -0.00762754214710821 0.452530182890456 0.0092004579088122
0.010816238445859 0.0412124688552303 0.228212017397993 0.458409671264317
-0.0250053436380238 0.0298243986572304 -0.175869099608007 0.336261019318412
-0.0323431961258565 0.0150810041015173 0.00891773364516149 0.0562671111807211
-0.0201839635350579 0.0410230919001196 0.239557204730892 -0.281285520957759
0.00770241853980685 0.0316022202205908 -0.109051111404443 -0.526937669254944
0.0205005805767721 -0.00631017828876235 -0.489439302270781 -0.122948383952223
-0.0111567618572952 -0.0285670716585002 -0.216437627366703 0.32833020657292
-0.0209114701147505 -0.00696292119123838 0.114519800717589 0.240261491385989
-0.0119480556287856 -0.00287093066812918 0.125463968775781 0.0212024465472871
-0.01235167454955 0.00351051870590044 -0.00312675624969612 -0.111587460758512
-0.0102114688017292 0.0143886439224287 -0.00365978617383028 0.0956480165203906
-0.00963129555750081 -0.00323202695983708 -0.0904913586484652 0.0222378061513919
-0.0102000309187694 -0.0137680831846205 -0.124259665101209 -0.197539939251971
5.45723233273268E-05 -0.0294086004216133 0.14169843871315 -0.303034185699046
0.0398465365993238 -0.00872568016608113 0.449490959621001 -0.00424364625669543
0.0102428711085013 0.0403123554972367 0.242928417700558 0.453581456319475
-0.0240386169490368 0.027953793136768 -0.172192333112092 0.34839684316039
-0.0301544263173274 0.012628095419331 -0.00261987873988231 0.0656612770999383
-0.0206719471733004 0.0382775100591453 0.240535879505657 -0.266581369202827
0.00553756993979906 0.0315027848236629 -0.092255993153822 -0.52973936345592
0.0196863421161613 -0.0048179240975261 -0.487148331062346 -0.138516270260515
-0.0112114523644731 -0.0300182320506897 -0.230538322452289 0.324120140525521
-0.0221721845503983 -0.00977568084174937 0.109048523471823 0.247560144290835
-0.0117774595672327 -0.00519171298658308 0.127540414960325 0.0270623378205167
-0.0110594214413269 0.00246440733641809 -0.000629480385214258 -0.111220526132946
-0.00794988307922446 0.0126591895014651 -0.000943496699268024 0.0952223280182286
-0.00819592923500725 -0.00352243253309602 -0.0877161890508355 0.0251801200876323
-0.0102786361251425 -0.0137118517709217 -0.126996023257635 -0.191555902939531
-0.00220761345521277 -0.0281738634583977 0.133032503331206 -0.302636966379458
0.0353961034594605 -0.00963872382548209 0.445816615281208 -0.0141606890611955
0.0080792579628449 0.0356562383387654 0.251565319617925 0.450543943605327
-0.0201569055090307 0.0215761111910858 -0.171549572121937 0.357926639475961
-0.0238538797020708 0.00732285108044362 -0.0126154790336721 0.0741653171976085
-0.0174024466257743 0.0312964818862907 0.238301850018296 -0.25410326982864
0.00259502166583883 0.0264379707684649 -0.0807357280415628 -0.525016480651785
0.0162690014684501 -0.00531437968375253 -0.486784195270106 -0.151480941985892
-0.0126904738026934 -0.029955914409586 -0.240559037370495 0.32204311885906
-0.0225842818287028 -0.0105548309861462 0.104833621450022 0.251900857102619
-0.0106082176728766 -0.0061793408326027 0.129528234730175 0.0303964451272972
-0.00862593910844717 0.00141184793854445 0.00253723748942315 -0.11159370530072
-0.0046108772633999 0.0110126099820293 0.00248621933556295 0.0943946486102101
-0.00596561577520745 -0.00432906580027774 -0.0856996826857537 0.0249942673918286
-0.00936274430489912 -0.0127723403706968 -0.127693773642823 -0.19105327245934
-0.00439714904269888 -0.0251885215007072 0.128604354483362 -0.302348677234954
0.0300200771271015 -0.0102922070069423 0.443585814419011 -0.0141143831630945
0.00470237552215813 0.0281177897041813 0.255132612148701 0.45188647384503
-0.016323268393161 0.0117970924433674 -0.173318704189187 0.364415057206343
-0.0142991918773716 0.000193146590783398 -0.0190718462721382 0.07907443208427
-0.0113386744475252 0.0219457486214602 0.235812060182456 -0.248389746294927
-2.2060612084155E-05 0.018099508918908 -0.0771441894494297 -0.522597681437922
0.0107633237816738 -0.00672757919374422 -0.487449169579533 -0.151522940566589
-0.0152836599203411 -0.0269481281740416 -0.244592100812604 0.322301106406906
-0.0221884004101628 -0.00961089780452668 0.10413625740579 0.253501527833591
-0.00754487838267613 -0.00614561197845866 0.130793125764623 0.0309594352153456
-0.00410212821683507 -0.00063766703121549 0.00490722818733703 -0.113068765782366
-0.000481113075545212 0.00888342230358588 0.004792626098701 0.0937595134653174
-0.00248260327079858 -0.00391743225699335 -0.0841524709880152 0.0233135739930284
-0.00725974592217874 -0.0101919316713483 -0.125676061574003 -0.191600939838832
-0.00566241842009342 -0.0205552292131878 0.130131293056566 -0.30100109116505
0.0240949194926945 -0.0112200934576634 0.441805536295323 -0.00695168444750969
-0.00021469913850471 0.0188149164000194 0.246906292806879 0.459645455886646
-0.0109633769514951 -0.000343756307590783 -0.178140339975637 0.366389770036944
-0.0030565716431376 -0.00862368426816684 -0.021053880595885 0.0804816763096525
-0.00399677209124102 0.0118818026477953 0.231434123361463 -0.246281736758767
-0.00276505670174861 0.00714061189358509 -0.0849909319860294 -0.518111207054062
0.00392620630140891 -0.010053087164113 -0.488513290662611 -0.144794902224485
-0.0179216455584685 -0.0234247292862741 -0.241535913708742 0.325967535660962
-0.0207234365866027 -0.00628511715160299 0.106787949632652 0.251541829011558
-0.00335154249370042 -0.00492326099812663 0.131765556924284 0.0286035388048541
0.0010281214181219 -0.00184241024680971 0.00608347399018074 -0.114552407110114
0.00431326574851996 0.00678721413873875 0.00698068696699299 0.0930769449431442
0.00144185048783246 -0.00306516601121165 -0.0839648288183606 0.019369378531869
-0.00451464761544982 -0.00706701802947636 -0.122235494814818 -0.19689128243393
-0.00598047876051927 -0.0154076404426059 0.137537071090282 -0.297953336160974
0.0181716278534034 -0.0122825407542368 0.442400268543025 0.00635869063632318
-0.00461451044028295 0.00783643183857253 0.235779858409077 0.468249418442471
-0.00443688014802358 -0.0131854028214258 -0.1852260002584 0.363649728800662
0.00902884257980474 -0.0174301630202609 -0.0188043539553973 0.0777553501373618
0.00345454794568444 0.000139414540753141 0.226200560275825 -0.251858021133109
-0.00500448989574758 -0.00474035909043372 -0.0981447914410823 -0.51410537557664
-0.00339632835030816 -0.0130878563495885 -0.49129345491086 -0.128704693301167
-0.0210029560986206 -0.0180628861366607 -0.233099416678438 0.330424125040567
-0.0184558173191998 -0.00157502126413883 0.110695806161589 0.247170232312371
0.0019225046548149 -0.00284119835516209 0.131689793776499 0.0235790467741939
0.0063644246920777 -0.00311812915304261 0.00684528832506724 -0.116737085772188
0.00708695429262766 0.00561680445747795 0.00780653196912424 0.0926725033059836
0.00463895496481365 -0.00183738340261194 -0.0845358421342632 0.0135401018188071
-0.00155487604713043 -0.00402583121696935 -0.117838892640827 -0.204131725989624
-0.00585013299257135 -0.0107300606488433 0.149223532790228 -0.294219859514194
0.0140824877508233 -0.0126792418329512 0.443702048953595 0.0265346163279824
-0.00754099571672418 -0.0010739830247056 0.219135468762334 0.476709334240685
0.00155279276611826 -0.0228930363088211 -0.194051791940309 0.354287698828145
0.0179425785076674 -0.0237916191814593 -0.0116057111043721 0.0717314886173129
0.00921853999348835 -0.00829335893645633 0.222332542108327 -0.263016986416906
-0.00695966325401395 -0.0142081011546659 -0.120616078906705 -0.509219656227134
-0.00904461957271513 -0.015627246300639 -0.493639962638181 -0.105553603045564
-0.0226188656996903 -0.0123570981821441 -0.218582505425958 0.336893399675338
-0.0161714334202979 0.00347203372223705 0.117650228504773 0.239601015217944
0.00595805400730795 -0.000721252386855309 0.130220853657267 0.0166564267253005
0.0098972898540511 -0.0039539500060606 0.00673115678584556 -0.118301428376915
-0.0100238916153672 0.0155892552105543 -0.00643147415003353 0.0978345567700776
-0.0084018449379364 -0.000287506634461083 -0.0953678721974551 0.0136537145956412
-0.00580678063279808 -0.0101946720503519 -0.118101724903373 -0.212752056955197
0.00442624989378612 -0.0260883861361293 0.164385380483074 -0.299945367571824
0.0414062144938363 -0.00744599045304076 0.457931362825141 0.0228287793544047
0.00896134170224315 0.0383836035037317 0.217277212375409 0.466218454030977
-0.0236353933289477 0.0272505595271739 -0.17946128693399 0.327552715684602
-0.0300486625377565 0.0137314578510343 0.0201771083062312 0.046931512615883
-0.0162234136787316 0.0398226756491137 0.235893508575171 -0.299311924217371
0.00934903274013994 0.0275439079365804 -0.136260377136147 -0.528037434659005
0.0188327774218325 -0.0087237976211515 -0.494983786271412 -0.0964568669230103
-0.0115142034893815 -0.0249147510832937 -0.197777450534846 0.336709687228314
-0.0191408682431363 -0.00239690854533924 0.124103670379506 0.233747204003337
-0.0103828299620608 0.000280223467340685 0.124846444079072 0.0138135717915138
-0.0112027737891457 0.00442711769875605 -0.00659142901423552 -0.113565074860554
-0.0107699531827814 0.0155687534630583 -0.00573764518913167 0.096767393007132
-0.00950394929360493 -0.00198378840521474 -0.0929889544782178 0.0193654676201047
-0.0081509457247313 -0.0131486230181514 -0.123341449236703 -0.20437506888971
0.00281318477817724 -0.0287294279815337 0.150864780889799 -0.303224102342923
0.0419441855454985 -0.00787998687762055 0.455735609973462 0.00392992434595496
0.0111730395466122 0.0415329651142309 0.23554775862941 0.458138122889364
-0.0246584987236845 0.0304364873811469 -0.174133846167318 0.340411149257951
-0.0325996969287248 0.0149696687077848 0.00946328626952023 0.0571160678994446
-0.0195988953646254 0.0411514717483449 0.238819854197571 -0.285122608692849
0.00870299222860777 0.0319550014377411 -0.114932440399571 -0.531846729812655
0.0208904049774708 -0.00642751099491701 -0.494114640945208 -0.118534281913387
-0.0114861687812554 -0.0285821048096322 -0.213991719149541 0.333338320939617
-0.0211556425290273 -0.00691667264477413 0.118402642337024 0.241962496085894
-0.0127357738904934 -0.00240497960048987 0.126516482602121 0.0201560573361436
-0.0125092651256945 0.00385439605789954 -0.00521031517222589 -0.112655485691833
-0.0102372993407551 0.0147809987044609 -0.00321589889698097 0.0966220470142869
-0.0100368386581495 -0.00326381518301557 -0.0906596547719761 0.0234517677174533
-0.0103304858390465 -0.0139654271204472 -0.127515425717909 -0.197367920611513
3.45967457670172E-05 -0.0294396085313815 0.138667101407217 -0.30629085422074
0.0394739034331226 -0.00931697665403588 0.451637654929425 -0.010300884076733
0.0107730715640574 0.0407485288444482 0.250378732216744 0.45311245986209
-0.0232077151249994 0.0281987887802238 -0.169880135937561 0.352160121931387
-0.0301949533644872 0.0127803598177365 -0.00177100441680695 0.066424935389188
-0.0199612121209974 0.0387235216486841 0.239343761727827 -0.270273547265361
0.00562670636192271 0.0316841426860378 -0.0964841543970044 -0.531682268301229
0.0198040017725921 -0.00513325411569781 -0.493070289722583 -0.13521980819351
-0.0114391024528151 -0.0304607474711701 -0.228732190542098 0.329317638019328
-0.022749683985767 -0.00991282692964612 0.113058348165607 0.248312901435735
-0.0124276546921042 -0.00486374841031168 0.129171666765182 0.0256087465710651
-0.0118369008522968 0.00307429680434745 -0.00181493238204324 -0.112217657331067
-0.00758575643993013 0.013488632877792 -3.27707692206493E-06 0.0959622637398268
-0.00819296894823725 -0.00357220628093993 -0.0877404790960672 0.0259195091231145
-0.0106199219510853 -0.0134463324048915 -0.12977998757306 -0.192076709816557
-0.00256542183318999 -0.0277593859493543 0.130528898881578 -0.306454474970145
0.0352476146317803 -0.00995189228575708 0.448395574955953 -0.018207013531483
0.00870618122533688 0.0359250955949661 0.258613751582938 0.450855559653935
-0.0204186535253648 0.0214271068680874 -0.168282162329143 0.362516418065612
-0.0239393977145567 0.00749875068325066 -0.0114255791883739 0.0741413223483299
-0.0164862875564203 0.0319862682300035 0.237244697242236 -0.257754734556779
0.00317086873095991 0.0269250475569361 -0.0858768077719567 -0.530172202002113
0.0162091564683144 -0.00503384317585069 -0.490875374901912 -0.14753690114938
-0.0133095512969343 -0.0301830247566171 -0.239111036237092 0.327951105041193
-0.0227320308482062 -0.0108955532065475 0.108980098596636 0.252671233953525
-0.0112186085827987 -0.00614005725527461 0.130969853415902 0.0286792077263401
-0.00888956792123931 0.00155634515855217 0.00142049282352398 -0.112791271767476
-0.00433346057328765 0.0111057899303474 0.00274616477661779 0.09512936906904
-0.00619333795688061 -0.00443519956091881 -0.0853323408454392 0.0264359315515656
-0.00960289480404678 -0.0125928563512242 -0.130273180022022 -0.190577537315808
-0.00400528216362383 -0.0248633330790729 0.126319340188201 -0.305917480175983
0.0301062064826311 -0.0109874581234966 0.445761517626793 -0.0191175580287113
0.00468746264097813 0.0281887430575979 0.261585389254778 0.453309167930386
-0.0159504880084174 0.0115797336325706 -0.170322164633508 0.368701619262634
-0.0142555262677868 -2.31433637804288E-05 -0.0183830039885628 0.0796012873903698
-0.0109830223017263 0.0223469400323765 0.234577145607987 -0.251767828766635
-2.42101000935517E-05 0.0184951132584739 -0.0830510589076539 -0.52538446199315
0.0106808623433917 -0.00726281919896202 -0.492776187132105 -0.147732624485037
-0.0154952364364319 -0.0273223841974081 -0.242132980411473 0.326809963803072
-0.0223926135616514 -0.00951392761573604 0.108146758317815 0.254273253636564
-0.00812892503499469 -0.00579253624033505 0.132266450098183 0.029741023433369
-0.00416150084043704 -0.000308626429384926 0.00345756983754322 -0.113401616491945
-0.000283324939649647 0.00927519801177829 0.00619628185142503 0.0944102127314792
-0.0027304479442197 -0.00421579508145516 -0.084419987769526 0.0242486392013495
-0.00753262017820572 -0.0104163376841213 -0.128825705966435 -0.192630265644998
-0.00544514141887222 -0.0207551356636437 0.127931328342716 -0.30484590035234
0.0241886988392317 -0.0114351742001085 0.444626262286045 -0.0120071442430358
0.000299458982450948 0.0193030074194821 0.254775324889531 0.458768022458205
-0.0105087052868929 -0.000305855643689094 -0.175835411201538 0.370666703259854
-0.00287215527588071 -0.00850692627102115 -0.0199532977620251 0.0811816299966621
-0.00398901880137362 0.0112679745686673 0.230564190996227 -0.250208236928443
-0.00263416274240074 0.00771762170826394 -0.0901959287825619 -0.521363909180839
0.00369421075566258 -0.00980517896400088 -0.49374163175251 -0.139237371267453
-0.0188332719319607 -0.0234259558286188 -0.239598076710009 0.330572535634719
-0.0212853860909972 -0.00657917651496543 0.110411381815949 0.252938475539147
-0.00376107066235176 -0.00462731313806438 0.133091370414771 0.0276494432872605
0.00105845797322166 -0.00137543005375732 0.00550949016740994 -0.11527611901682
0.00406896321007212 0.00736493064524577 0.00766890634832501 0.094198295967517
0.00148720001682143 -0.00346896168912681 -0.0838880024477921 0.0204240620798631
-0.00429367098849097 -0.00702977034677605 -0.125789880230712 -0.196984592722794
-0.00613500614358759 -0.0155117177611806 0.134814434604053 -0.302026634833976
0.0175428064053127 -0.0124532813515896 0.44545642504159 0.00201051776718797
-0.0045497962836688 0.00790957684302415 0.24188155756468 0.467817944178581
-0.00414852523803864 -0.0131585208038344 -0.183226007844457 0.368271265278022
0.00883490969749476 -0.0177461397170194 -0.0181544865919357 0.0792096285428471
0.00394847054818697 0.000365507640181409 0.225848992740488 -0.255728275089308
-0.00502712677177688 -0.0041836557505449 -0.105051656098694 -0.517637251610299
-0.0035988862428344 -0.0131167142041198 -0.496360488121839 -0.123889853635962
-0.0215418381925035 -0.0177826467280805 -0.23134801049186 0.336183904846962
-0.0188535357167986 -0.00161948842157692 0.11397780376639 0.24818074974851
0.000806952400448137 -0.0026572695086381 0.133550685035696 0.0221671752594831
0.00622322055296491 -0.00262137210754164 0.00538818353696957 -0.11753229755844
0.00727472154932268 0.00571787432956411 0.00889181125377826 0.0939742288762511
0.00475225564721869 -0.0017704863911891 -0.0847229729185618 0.0144220514284114
-0.001940798320116 -0.00396767263026452 -0.120620337105906 -0.205090655186681
-0.00559912474313408 -0.0106000276168101 0.146425465625187 -0.297706964280763
0.013721171077197 -0.0133234392068337 0.446797344122154 0.0211741381538588
-0.00779142432131774 -0.00137302187007569 0.224662269940404 0.478226815596525
0.00139684819858299 -0.0228815405154969 -0.190538603832092 0.358902232083679
0.0182641508385657 -0.0242610154696438 -0.0111149345007874 0.0722192384061315
0.00873521599163648 -0.00847790720683101 0.221047837087585 -0.265672557800241
-0.00701973800542364 -0.0139958833146863 -0.127123678414177 -0.511692067093993
-0.00948130402952524 -0.0156356720169875 -0.498733061631733 -0.101793471155313
-0.0232695279933197 -0.0123632794054381 -0.215835178933785 0.341806632772973
-0.0162033461000661 0.00331552424566733 0.121710989053443 0.239888353449428
0.00553704147225273 -0.000820374321946832 0.132204453063153 0.0154871759901844
0.0100429298175634 -0.00373289187891323 0.00545379838487448 -0.119399018141208
-0.0099569326502664 0.0159927724129057 -0.00576916899918095 0.0978171999053404
-0.00850757395290668 -0.00017934598082837 -0.0951858388296137 0.0144837382680366
-0.00621179740640455 -0.0104031100055803 -0.121636914850641 -0.212946429104532
0.00502484873261747 -0.0259274144296024 0.161117747050558 -0.304076732003727
0.0414389446534077 -0.00837836189492933 0.460911868026335 0.0180034039688457
0.00945466367694526 0.0390619937082604 0.222977259949884 0.465959037632603
-0.0236765443675241 0.0271347268220908 -0.17564375164175 0.33117473365751
-0.0296536322599164 0.014107874035091 0.0208511156532905 0.0469180634930437
-0.0153484100506671 0.0395402342397938 0.233348463725016 -0.303890853336377
0.00980690685993651 0.0280865201528338 -0.142955488546471 -0.529662640947499
0.0187033021487994 -0.00858830532844123 -0.498100540875512 -0.0916638024050077
-0.0123083909855349 -0.0250341190574123 -0.193966101508031 0.3415516676159
-0.0192848614305949 -0.00250455033819103 0.128044015651789 0.233623638537993
-0.0104548107398737 0.000195138081705978 0.125842076851166 0.0122793381688961
-0.0115146422185718 0.00476034816394278 -0.00792257953098448 -0.113560309226824
-0.0105106222771288 0.0157633691430152 -0.00404661743347361 0.0982767822070081
-0.0103212798583837 -0.00159176677726444 -0.0926348686447637 0.0201286639127941
-0.00873758246217558 -0.0129526059939994 -0.127363931808699 -0.204188555561892
0.0024493220066079 -0.0288610770887349 0.147671082831346 -0.307025304728353
0.0419202135438039 -0.00962677182082279 0.457814084716875 -0.000705484103005366
0.0115994478559603 0.0417511025560022 0.240674521132038 0.457621743768401
-0.0241138952795352 0.0306854147833493 -0.170257920495622 0.34366342617899
-0.0323493715012838 0.0155514950303403 0.0102217385819406 0.0570006512750107
-0.0185056359979692 0.0417305183980881 0.236844367446192 -0.289956598464068
0.00899528115719581 0.0328573089941925 -0.12195824862265 -0.532997102070704
0.0202051531280429 -0.00673486086649191 -0.498246887255751 -0.113304696654627
-0.0117235956831937 -0.0291149323628663 -0.210624533872435 0.338294538848686
-0.0211367193968945 -0.00695488113591014 0.122248786395603 0.241167554940456
-0.0126420495667535 -0.00202177458999714 0.127952490529421 0.0185357338180552
-0.0123579802306833 0.00428908992465404 -0.00630956727390935 -0.113419726719475
-0.0095999320207499 0.0150466273511512 -0.00213206055855797 0.0974142281679707
-0.0103797618117759 -0.0030841407577773 -0.0902969232450458 0.0243677573477676
-0.0102806756280925 -0.0141516036071078 -0.130930401667459 -0.197286954082221
9.34847631033249E-06 -0.0295616773321431 0.135099480949211 -0.309303331818079
0.039710987617505 -0.0102178278056081 0.45520886793089 -0.0145268708635518
0.0111869540500644 0.0403943519131251 0.257325742812193 0.453592151638333
-0.0231280470580124 0.0284943625180541 -0.16613566259632 0.356015193968721
-0.0301192427018705 0.0130929868578798 -0.00132088518835317 0.0660555731567406
-0.0192156239704004 0.0389173764258144 0.23765288943021 -0.274234952747135
0.00641758868064135 0.0319504309676429 -0.103626242178446 -0.534441428444549
0.0197860978687687 -0.0048708384947879 -0.496700230588917 -0.130996106565621
-0.0117371105245799 -0.0309529252745582 -0.226275873900664 0.333713880496826
-0.0227424941110615 -0.00966132131022804 0.117107818074732 0.248822768652455
-0.0131050829011912 -0.0041194161989277 0.13058706525458 0.0240489502260556
-0.0116146815351254 0.0032821214091464 -0.00300605408421991 -0.112886223025006
-0.00710106725716838 0.013344317816355 0.000521819192142311 0.0968821314727547
-0.00889351223418644 -0.00412175883123338 -0.0876867646494052 0.0273278859958877
-0.0105477168356002 -0.0138637028884007 -0.132655719689365 -0.191969297631185
-0.00267396648657338 -0.028360979493621 0.126639229075931 -0.309939694332837
0.0353453011638157 -0.0109590261454648 0.450392552757018 -0.0243676779201775
0.0090998688867945 0.0361005485693664 0.264879135892338 0.449590878912175
-0.0199909430211801 0.0219124994694385 -0.164794912887411 0.366151679826063
-0.0236749026856872 0.00772035431284649 -0.0108404535020668 0.0748774791675032
-0.0159482074065137 0.0321640133177966 0.236364317764803 -0.262219185592175
0.00345933357031246 0.02723046498108 -0.0923872947571957 -0.531970043825305
0.0164426295924942 -0.00529574759452051 -0.496863396729258 -0.141149795275505
-0.0136768282261549 -0.0302989155987884 -0.235545511490106 0.331831094891102
-0.0230943799094049 -0.0107826377839615 0.112718534266646 0.253161887244658
-0.0112775913257935 -0.00557563010794404 0.13228432790714 0.0273771133089117
-0.00879445369089283 0.00227921591213361 4.42975840100832E-05 -0.113143488543817
-0.00364862141397215 0.0115537259776146 0.00339477199314502 0.0964003824508983
-0.00644935836820599 -0.00451685400531554 -0.0848874713120335 0.0280199927998537
-0.00985718527769804 -0.0125954057305133 -0.133144193938565 -0.190544985243909
-0.00461866278363088 -0.0246486816546658 0.122640192358935 -0.308748211331974
0.0300050605401927 -0.0118431870338094 0.447422121836862 -0.024757163445002
0.00486449093752917 0.0280715148754099 0.268567067412796 0.45249896339513
-0.0154963362909483 0.011668886309269 -0.166877738889152 0.372698203729535
-0.0143556906182661 1.30603991701327E-05 -0.0171017901432531 0.0804879283249636
-0.0106432898325827 0.0225942515575431 0.232795973684954 -0.255464009709325
0.000362919595226493 0.0184739502277458 -0.0904275064117704 -0.527992874037495
0.0104718245894275 -0.00705273968481775 -0.496225554920122 -0.144402382781602
-0.0158474967092441 -0.0275285698974648 -0.239247817263473 0.332042826858891
-0.0226514899327252 -0.009344915095626 0.112560807842119 0.254617430123122
-0.00852162512828343 -0.00559714697963682 0.13401470324374 0.0278718515221849
-0.00396401731069212 2.12447477679456E-05 0.00223297138710699 -0.114421727079993
5.64492382463828E-06 0.00926140944159793 0.00696673016944964 0.0954844963904278
-0.00275845172222528 -0.00457417633467698 -0.0838215213906524 0.0255121866632847
-0.00767808230829588 -0.0105205536955324 -0.132197458875205 -0.192223388361319
-0.00551536111049111 -0.0204785456867841 0.124048292835673 -0.307415185006663
0.0240958367949948 -0.0120446874385993 0.446160859129501 -0.0172363981171982
2.14756651300725E-05 0.0190756881840835 0.261567671987183 0.458017828954556
-0.0105080409415642 -0.000519465679554283 -0.172201773196924 0.374248950284922
-0.00330081736358071 -0.00888801355883157 -0.0195572581356437 0.0818585250921119
-0.00329520594744853 0.0118507041892068 0.228829898179183 -0.254428602623138
-0.00230685087271246 0.00789406593753365 -0.0972981022426774 -0.522697412662455
0.00375527285545544 -0.00994885281064306 -0.499212741265851 -0.134723892794564
-0.0188771388264819 -0.0234880817559039 -0.236667426547162 0.336052322151638
-0.0213147686097901 -0.00565175044128696 0.113881435155418 0.252662200047193
-0.00397154584764938 -0.00408855970045419 0.134762441867738 0.0255072279958936
0.000632289667318995 -0.0011979391512445 0.00357253301650669 -0.116320541931638
0.00425572467524024 0.0073829188653795 0.00841725326322921 0.0941626919402972
0.00101261396065586 -0.00364566559116082 -0.0840094853062417 0.0210152608314976
-0.00421812053238798 -0.00771687468676062 -0.128816580584828 -0.196998611945178
-0.00603481890630355 -0.0152669635497838 0.131487536849056 -0.304698339123015
0.0178992348951871 -0.0130254367051749 0.447399412944663 -0.00378092366707058
-0.00437742970625793 0.00815123501171066 0.250368855143178 0.465476578473982
-0.00412600184965499 -0.0135513506238539 -0.179626206713014 0.372014570894379
0.00858469912771119 -0.0185788139246653 -0.0174863821558375 0.0799097270408344
0.00487487825489412 0.000463308050749987 0.224461207724148 -0.259201450551408
-0.00534175712502908 -0.00407665502896034 -0.109927326189903 -0.517652232698783
-0.00358959066956555 -0.0129607171851373 -0.501631728103361 -0.121145120627395
-0.0217063982183682 -0.0176309199453075 -0.22821394958979 0.340789817624639
-0.0190557817261834 -0.00146946024359034 0.118368043187924 0.248478954909339
0.00108680627153387 -0.00237764297811755 0.1344738576027 0.0206018194380182
0.00638763232547943 -0.00269108735690325 0.00438760288281395 -0.118449775562411
0.00753392286025406 0.00611400914102683 0.0092601368396893 0.0940589484864634
0.00453559879518006 -0.00223513981583569 -0.08445741438262 0.0156750829063443
-0.00156912753726727 -0.00420317934080014 -0.123428847655544 -0.204650682454076
-0.00531568067800922 -0.0106451803094577 0.143072979334967 -0.30107701920554
0.0136814684130545 -0.0137952506056426 0.449018944032577 0.0162449238981828
-0.0078227270318964 -0.00139630379090054 0.232610527210879 0.476796890811621
0.00124537448298693 -0.0232462615857368 -0.188220913723342 0.362720774951834
0.0177807364441129 -0.0246168132736579 -0.0102091086424789 0.0727406386046552
0.00970064926855982 -0.0085743948702558 0.219605969871763 -0.269737646136264
-0.00688560234683265 -0.0135718919790148 -0.133162106664505 -0.512216067978185
-0.00951825120003053 -0.0153483320835045 -0.502610506755897 -0.0967378478763993
-0.0235006851815838 -0.0123803586696983 -0.212997662417706 0.346236641307848
-0.0163756929227014 0.00370206985609827 0.125152284197914 0.239942209368655
0.00566597107683384 -0.000616120245359602 0.133398409180963 0.0136032580443288
0.0100883887384396 -0.0036605880826325 0.00360218743286307 -0.120021959658468
-0.00950556702539932 0.0161132341802338 -0.00498162798978252 0.0988736890111223
-0.0088329314745807 -5.53274900440359E-05 -0.0950127547125525 0.0159706970722327
-0.00605898687634971 -0.0105783626054035 -0.125818630233907 -0.212218396788926
0.00475330166436262 -0.02630194617756 0.157056612463433 -0.306458411029176
0.0413412301847519 -0.00946561812115075 0.462943878296339 0.0115956913612196
0.0100460232280722 0.039034214731687 0.231793116505839 0.463728288661525
-0.0228568538509214 0.0274594216761247 -0.171601259460427 0.335579458436371
-0.0297081938095051 0.0141333044687399 0.0215574655614091 0.046807902796766
-0.0146101943138396 0.0400174706553732 0.23039479179022 -0.30741416066631
0.00990553116572994 0.0284589390006858 -0.150655902536929 -0.529353058900119
0.018617593702374 -0.00869133176280613 -0.501717707746913 -0.0850412318522666
-0.0126086053681758 -0.0250841378822368 -0.190330120600368 0.34606033308779
-0.0196635538055581 -0.00254261648611867 0.132147104555974 0.233138670531812
-0.0109861037663802 0.0005183233951976 0.126350007607573 0.0107089161364356
-0.0113658721677679 0.00548385950650053 -0.00952511850596684 -0.114806862950866
-0.0100646079036165 0.016273090423976 -0.00326139629974989 0.0987203813564256
-0.0103442804474645 -0.00193370134224655 -0.0921796107097063 0.0217176197568816
-0.00914474383728465 -0.0130517363746148 -0.130215090852971 -0.20348606255485
0.00248620535594607 -0.0286944143450851 0.143200410020183 -0.310223607980649
0.042096089980301 -0.0102189913310837 0.459576028351874 -0.00734803590798533
0.011958660964461 0.0420045544326694 0.249164637880103 0.455744782603377
-0.0234879061948009 0.0313868015943076 -0.166363357936163 0.347038121199439
-0.0322387488313884 0.0154443668544718 0.0109571674556339 0.0568747070934939
-0.0179649726783718 0.042442913386271 0.233855270147838 -0.293299336136531
0.00910711546180762 0.0328843667226936 -0.129037021150023 -0.534050628825356
0.0205121913795442 -0.00658480726295893 -0.501933303894363 -0.106405923277921
-0.0120269250703999 -0.0284435073642612 -0.206772779524054 0.34267196273415
-0.0218081417828266 -0.0067770950427308 0.127022460587797 0.240930977202622
-0.0130396604478567 -0.00169092365163116 0.128631219549813 0.0165101303787448
-0.0124732847284665 0.00518444667215442 -0.00722344275949308 -0.113365788622314
-0.00942622366670228 0.0155951404533405 -0.00109389644907496 0.0985133868821157
-0.010644366335248 -0.00298477221937034 -0.0895667667652654 0.0259218535234901
-0.0106006588331431 -0.0137990606643238 -0.134032475467492 -0.196820059753774
-0.000210263188195745 -0.0293987675090186 0.130277797030586 -0.312124065843497
0.0396104906113676 -0.0110407911817808 0.455259960518727 -0.0210190778947108
0.0114467964491082 0.0407494824478756 0.264231477089422 0.450132883577439
-0.0225324439933151 0.0292201371180817 -0.161609554205608 0.359605281078081
-0.0297328729267994 0.0131679896739557 -0.00019814422489271 0.0666552786481015
-0.0184096426680119 0.039063772413978 0.235357089509227 -0.278206938423229
0.0067590097341391 0.0322562289769206 -0.111919465613895 -0.535552760176243
0.0199942421576181 -0.00522688816517334 -0.502422284066354 -0.124304033184422
-0.0124500531660065 -0.0301671809108909 -0.221802632494181 0.338949813128181
-0.0233561230041965 -0.00914524751997626 0.120711108374461 0.248559457133698
-0.0131643559321745 -0.00406152424294893 0.131188112789243 0.0219616241495589
-0.0116054245267926 0.00386998535073479 -0.00477163241992123 -0.113071163891645
-0.00715789041172741 0.0139438533240551 0.00139814949218432 0.0975397709010074
-0.0088055638131768 -0.00400762463850588 -0.0868635536993286 0.0284367769003877
-0.0110841850459236 -0.0140553895464998 -0.136450393367461 -0.19193967698603
-0.00265604260500184 -0.0280149621996043 0.1221991910305 -0.312493799503838
0.0352629765875768 -0.0117843584877748 0.450999922615106 -0.0294718237676651
0.00955920094082624 0.0359764754892039 0.271746890180282 0.448218946780519
-0.0196183991077352 0.0224253181703731 -0.160963917807022 0.369444151993718
-0.0234369627833342 0.00752348951676533 -0.00980899182862335 0.076014066465919
-0.0153658124498887 0.032018876293227 0.234324725788991 -0.265023348038759
0.00360966717606525 0.0274709588772583 -0.0995841124756851 -0.532742197628234
0.016150543794292 -0.00541569063427381 -0.499918596755835 -0.135881507840592
-0.0136914049675558 -0.0297092419150274 -0.231138313206043 0.337392828919825
-0.0238333231152977 -0.0103280323371759 0.11710112596198 0.253213424360037
-0.0117251700267684 -0.00517296522015036 0.133489723935718 0.0252041673938063
-0.0091614676465161 0.00228950630045473 -0.00169117139051318 -0.113825642734159
-0.00368749983145919 0.0118262041010408 0.00503787609552403 0.0967427759460228
-0.0064088048309079 -0.00443845419614525 -0.0847092657853281 0.0284696300704081
-0.010077007359323 -0.0126514154286769 -0.136623762025254 -0.189772228452284
-0.00466855838707453 -0.0247165916252231 0.11858942704598 -0.311451803510924
0.0298341276148812 -0.0118970968376377 0.448470244527739 -0.0304102476745036
0.00532580839708058 0.028649837365674 0.275517028313738 0.449632209784799
-0.0150003717058045 0.0119372243946001 -0.162613707116307 0.375423643500915
-0.0139876771412198 -0.000321146268854265 -0.0163165746976433 0.0810876377043593
-0.00970102692036283 0.0228196832706077 0.230735243556987 -0.259407221120123
0.00100180786253409 0.0190828788717267 -0.0970955481164601 -0.528741416340875
0.0108841578718111 -0.00715125435279712 -0.501575621913522 -0.136985310733908
-0.0162057436953356 -0.0274049829567647 -0.23533703307899 0.337055388627697
-0.0226253250667988 -0.0091181581289037 0.117029225507084 0.255070841494914
-0.00862906187523123 -0.00494793623309818 0.13496639016132 0.0263196082629442
-0.00423508294729973 0.000761838509687399 0.000525033692263424 -0.115235410086254
0.000270252521596338 0.00930192420969591 0.00789206021400959 0.0955257291329945
-0.00262825291081431 -0.00464467563448141 -0.0834510555302703 0.0264233123463448
-0.00788384296538568 -0.0107061051610008 -0.135349877263569 -0.191441149315044
-0.00551558571715142 -0.0203349638260607 0.120425884578301 -0.31066569234015
0.0238524189460544 -0.0126330272993928 0.448021760634007 -0.0235299271325939
0.000528041954765048 0.0192471820669471 0.270417887049651 0.455973878493669
-0.0105146906984583 -0.000113073140719271 -0.167927479260456 0.378062598429972
-0.00333384957025622 -0.00923038471553319 -0.0180984397142929 0.0823244601083961
-0.00293057434411193 0.0118780713406899 0.226729479646506 -0.257731558811609
-0.00229877332797344 0.00818293580047032 -0.104237852029193 -0.524333390468007
0.004094362452952 -0.00986478840744165 -0.503564908277905 -0.128812303903592
-0.0196577511969533 -0.023339145779389 -0.232859367891894 0.340647575126204
-0.021498423952813 -0.00594280145833762 0.11872977360273 0.252369186136067
-0.00444326256170827 -0.00433046464145845 0.135183352690294 0.0233738349495723
0.000680760480969204 -0.00113529187869179 0.00200850152439948 -0.116921503315507
0.00449119576801373 0.00749943508779959 0.00983093732841215 0.0948943708862866
0.0010237876990084 -0.00399717340130254 -0.0831788153178316 0.0223607958278413
-0.00492762622283687 -0.00782878593252018 -0.132448790865693 -0.196715682389767
-0.00582736259205938 -0.0150297030980671 0.126847739688066 -0.307550985842191
0.0174932079811359 -0.0139094183660697 0.448671969766274 -0.00925034407267394
-0.00495183064288513 0.00841687841515097 0.256635699094954 0.463948353599362
-0.00441914228003567 -0.0133139747514105 -0.174887900796994 0.375448431392165
0.00884187348419075 -0.0185263451545668 -0.016050080086939 0.0804646463946497
0.00481590488839872 0.000329789936066019 0.222041036750194 -0.263207822262504
-0.00494152155071784 -0.00375886078724595 -0.116367217024395 -0.519987926990949
-0.00397402626160141 -0.0125907040584272 -0.504092656795391 -0.112997967096374
-0.0220358643853575 -0.0176292617716051 -0.224273746995412 0.345794571128059
-0.0193594776897855 -0.000918379540412696 0.123289253175772 0.248055440001532
0.00115231533467088 -0.00202630641771037 0.135337557144506 0.0182955636154087
0.00606573365393029 -0.00248374983279745 0.00270908389142341 -0.118597854561416
0.00741952034176523 0.00574663468042559 0.0105166263447373 0.0943839812747192
0.00427362561834959 -0.00253242806311823 -0.0844470720099434 0.0168908486281391
-0.00141563306206513 -0.0042522383838427 -0.127472720159914 -0.20404491653052
-0.00575163536753739 -0.0104998978283409 0.139505367532834 -0.304438132274219
0.0137362641215005 -0.0143026281078474 0.449925166645609 0.00990636121913621
-0.00832488878554797 -0.00106919272388365 0.24010032402521 0.475546089942089
0.000757797051439368 -0.0231824727919469 -0.1829417871942 0.367065187288333
0.0176039097811422 -0.0256027365186275 -0.00901891479472506 0.0734476532079608
0.0102479786086337 -0.00844077002811754 0.216869966181738 -0.274075666709928
-0.00788225994039754 -0.0129785409199018 -0.139574504567405 -0.512784334133353
-0.0097701633264073 -0.0152419248834028 -0.507982430261435 -0.0894895238118757
-0.0236544613339755 -0.0121114347369606 -0.20824067731511 0.351104244008443
-0.0161792866617 0.00365399943521418 0.130063450485013 0.239620303194497
0.00489838109205822 -0.000618234573139097 0.13392680950735 0.0119390325573753
0.0101602270842187 -0.00374593723312637 0.00211281627894023 -0.120890335312673
-0.00848252595640606 0.0165271395079636 -0.00341985672118097 0.0991622356555403
-0.00895116051760788 -0.00035793822186679 -0.0946653306787485 0.0171261196335826
-0.00647359157290539 -0.0108966314450792 -0.128994158459384 -0.211503927335524
0.0043627536146912 -0.0259295046687768 0.153236191943852 -0.309653136054739
0.0413779819969513 -0.00963894649689552 0.46315730645166 0.00445024945715008
0.0101602208575177 0.0389869782073381 0.237376048886577 0.461329048830092
-0.0221155755727321 0.0277137353509708 -0.167714114758787 0.338352479081423
-0.0297056402822439 0.0141437025408384 0.0222168592530834 0.0468819437607718
-0.0139465535265511 0.0405466502786391 0.227160061208425 -0.311522647497006
0.0105624167382752 0.0286337167914753 -0.158256649798741 -0.529476814183688
0.0187780008211411 -0.00901196315005205 -0.505015636180073 -0.0774081535343787
-0.0129939502232519 -0.0250500910292384 -0.184807546248649 0.350473026029856
-0.0195537244738046 -0.00216613834793627 0.136212002942238 0.232190529148898
-0.0110920042303565 0.00121059420308104 0.126847626812477 0.00848995948755329
-0.0108558036041873 0.00561922963026464 -0.0116337747798412 -0.11458711463335
-0.00938804813111446 0.0165097495171549 -0.00214621667237213 0.0990408188190656
-0.0104777424714312 -0.00221626005464496 -0.0918923977961277 0.0229000408595485
-0.00914740177729394 -0.0133970831080756 -0.133544222081517 -0.203201464928461
0.0021847050047203 -0.0291561801289075 0.138799564563224 -0.312732487939089
0.0418282995860527 -0.0106224846456576 0.460170180238557 -0.0150434422563273
0.0125468764827404 0.0415549692871051 0.256197172291484 0.452860889862382
-0.0232183644540817 0.0308563213904651 -0.162121239530383 0.350395339369077
-0.032036124926715 0.015719377209273 0.0119110903870739 0.0568087882235953
-0.017497286316556 0.0422328885752887 0.230798354805659 -0.296495479659697
0.0098723260770667 0.0328169800935606 -0.136760478339565 -0.534100079927864
0.0207569305619277 -0.00672847759829432 -0.50573728054633 -0.100967353976417
-0.0122888233587874 -0.0285880818753476 -0.202256152603143 0.346750096895085
-0.0219321729062833 -0.00645233625141101 0.130884177585618 0.24002647204904
-0.013193102987048 -0.0011716644413101 0.12955797728155 0.0148480366846519
-0.0125016799514053 0.00524392712667516 -0.00925234136767664 -0.113972156606974
-0.00869089320960431 0.0154274352187921 0.000590370680524226 0.0984573387769276
-0.0109337503930713 -0.00340076577314872 -0.089008618226181 0.0266590413635535
-0.0109719746331163 -0.0141649760401341 -0.137470499559145 -0.195862378564556
-0.000547095538464729 -0.0295143399727867 0.126059000576989 -0.313947842548772
0.0392389025570942 -0.0116790203483371 0.455415527148041 -0.028379877496838
0.0123937623627037 0.0408493881325554 0.27042908173692 0.447211951694423
-0.0216882466826029 0.0290232115857791 -0.157270899066706 0.362439947549668
-0.0297789025595612 0.0136751341079556 0.000485218536602746 0.0672886452921553
-0.0172602875561997 0.0397181572088529 0.232059271679205 -0.281832191255547
0.00731213154571251 0.0329107128328223 -0.117565010350116 -0.535255616029896
0.0198690673243082 -0.00540244585839677 -0.504512708600691 -0.117712097347555
-0.0130043020770975 -0.0301841726876658 -0.216958646478325 0.343446868834714
-0.0234859655203128 -0.00900388335205517 0.125336692352482 0.247311597000617
-0.0134763103397141 -0.00338180965237181 0.131919735396335 0.0200542727792227
-0.0115235620810038 0.00466260310060759 -0.00628668069194754 -0.113907319242672
-0.00643439230344885 0.0141529472621343 0.00282094365104659 0.0979784645411897
-0.00909621319308764 -0.00416515304763755 -0.0862946878211242 0.0297787913332221
-0.0109430544563283 -0.0138133006455399 -0.139291238419605 -0.190646709266408
-0.00307541213590842 -0.0277944000311491 0.11790007445796 -0.314629247313356
0.035212714550121 -0.0120578507186725 0.451071580994389 -0.0373664415601808
0.00990776986896337 0.0362220169182361 0.279633006090589 0.445037848775363
-0.0191736556408816 0.022480038724086 -0.15652232692822 0.372412904083482
-0.0233935916620937 0.0078750620605345 -0.00838686079144445 0.0757444959902857
-0.0149724604605331 0.0322711114003416 0.231075678808023 -0.268811138461145
0.00425419370701129 0.0278736532237306 -0.108482497162971 -0.532790421228785
0.0156350366785046 -0.00569388920425616 -0.505724292719542 -0.130338098083953
-0.0141670247409324 -0.0298296395517134 -0.226599336786332 0.341834438178014
-0.0236172076585021 -0.00962745734542952 0.121740615813815 0.2519551674208
-0.0119491192962884 -0.00438843885356518 0.134269520320098 0.0233936436322135
-0.00880437395370617 0.00289520467700803 -0.0033828831963529 -0.114256197649315
-0.00323478345540974 0.012028084368649 0.00627770173883257 0.0966756043892594
-0.00633986595328838 -0.00467754043763211 -0.0837775603189557 0.0295304979639656
-0.00999939831643412 -0.0129685312034769 -0.139608539300556 -0.18885811219941
-0.00439955643740431 -0.0248178682002615 0.11328673159633 -0.313997368857031
0.0296505403822478 -0.0127569569272217 0.449357110249876 -0.0370147368887505
0.00583933227746685 0.0285379686993012 0.282302061380496 0.445978683330976
-0.0151453053536897 0.0119814772502186 -0.15806233891005 0.378693342688246
-0.0144498698718394 -0.000185540285980848 -0.0153810161062752 0.0817971494710798
-0.00902033352395699 0.0231356471613445 0.228024589316633 -0.26255117532104
0.000457994150035806 0.0197906735004444 -0.104066941551003 -0.528566689522558
0.010734019510425 -0.00743502578137102 -0.504927899705557 -0.130673631187829
-0.0167713275076103 -0.0275911872454579 -0.231007572034389 0.342443230796471
-0.0230407390662019 -0.00838535699972728 0.120855570419514 0.253382296423918
-0.00891636788608072 -0.00531377348525824 0.135351742693696 0.0238560014239175
-0.00438910784004656 0.000743093906807605 -0.000931626027017497 -0.115618632562667
0.000772327243771426 0.00951945823611916 0.00889788759641667 0.0957778106754792
-0.00292932688690132 -0.00476458454382594 -0.0825897579218608 0.0277719831878039
-0.00792911343950833 -0.0107599982953606 -0.138255920528007 -0.190510207292868
-0.00541538587519412 -0.0203352695277398 0.115610965053877 -0.312529086069149
0.023532543983757 -0.013280545162642 0.448025463080998 -0.0292241898122129
0.000385504976883715 0.0191861015878914 0.276701226110998 0.452890034827717
-0.0102264559683389 -0.000609876662799162 -0.162697689050434 0.381364351470304
-0.00331745155369596 -0.009473658191962 -0.017077693303522 0.0832414762461503
-0.00234737122855376 0.0119660436011939 0.223598168507497 -0.261491600319669
-0.0021896080871782 0.00839233032667596 -0.110985828084056 -0.525121857958363
0.00373781597038137 -0.00981558491081448 -0.507096662485624 -0.121661099946902
-0.0193837795784106 -0.022843337275836 -0.228186822011534 0.345332138377022
-0.0217749771188118 -0.00531418268312329 0.123056703499105 0.251788947835192
-0.00500333394308142 -0.00403861886569594 0.136380852238149 0.0213006640659433
0.000487042243723762 -0.00075657306525097 0.000532866738275506 -0.117114239407056
0.0048084123959641 0.00751988847957476 0.0110817636923966 0.0949771390705505
0.000522776804155564 -0.00412405929968306 -0.082637043303865 0.0233076741027356
-0.00456710388001256 -0.00793344173576029 -0.135616736317567 -0.195618428188613
-0.00615243686370595 -0.0148087602402101 0.121673695875116 -0.310054326530124
0.0171660764178862 -0.013873503961677 0.449063902280561 -0.0166644287684781
-0.0046482036717653 0.00857569292179055 0.26539212164907 0.46241087824251
-0.00420448525209829 -0.0134152027629327 -0.169601551896336 0.378878696664557
0.00919810377947309 -0.018988172244623 -0.0152031263210117 0.0806991978273014
0.00497609769584184 -0.00023074991645956 0.219056229344699 -0.265742353497585
-0.00568716537362204 -0.00323309685178203 -0.125478136018152 -0.519828791904624
-0.00437527680665953 -0.0124511304521829 -0.507252508910619 -0.10647985894681
-0.0220966952389428 -0.0175210191033952 -0.219579915029456 0.350018241195984
-0.018976172966515 -0.000522718408232409 0.126708653439925 0.24684210706564
0.000401071604666501 -0.00212072831224911 0.135953709310257 0.016670035153224
0.00633774656156994 -0.00238619823639179 0.00144569200886688 -0.118931741209113
0.00822005663859848 0.00577908499162184 0.0117715589974782 0.0951175528763361
0.004055179706303 -0.00273804314617847 -0.0833683528697831 0.0176534602716721
-0.00153454023698793 -0.00471348788208509 -0.130306503315127 -0.203348771629407
-0.00504403775374708 -0.0103472308082542 0.13414106666549 -0.307269171531356
0.0128271644599705 -0.0147777389641726 0.450721989998246 0.0032155337682958
-0.00830487016284406 -0.000812918968958836 0.246305634504667 0.472301695721541
0.001097847377789 -0.0234170034284477 -0.178620130277324 0.370043727961882
0.0173668113412041 -0.0260460417853659 -0.00821213946895091 0.0736285015084902
0.010455689457659 -0.00899973059842209 0.213720128240562 -0.276011442718699
-0.00786140685494598 -0.0130699016131177 -0.146418471430459 -0.513577597950417
-0.0103092832207308 -0.0150121925714237 -0.510315140039807 -0.0830911493356002
-0.0237841157403644 -0.0118887224940246 -0.203587012124824 0.354970356554308
-0.0161976432886139 0.00405342262681416 0.13394625188186 0.238358669969218
0.00513487852828695 -0.000550371977639607 0.134610866367783 0.00911249689977448
0.00990627171966706 -0.00356815019564089 0.000651285555751343 -0.121507450570869
-0.00846103216400622 0.016916614296139 -0.00255657850774914 0.0993904484130301
-0.00928485834901152 -8.529057487753E-05 -0.0936743018171044 0.0181169943154569
-0.00666429900968156 -0.01093408635257 -0.132006911593979 -0.209979015602001
0.0044640608638871 -0.026240904285244 0.147794703200504 -0.311597794485526
0.0410371184527614 -0.0106086234609439 0.462695593426851 -0.00184562290011021
0.010818753920897 0.0387702586351101 0.244457353479359 0.457531212939328
-0.0216404421003909 0.0279203134872348 -0.1633943187132 0.340181782409215
-0.0292877338002643 0.0142456186721023 0.0228480802597523 0.046914526472162
-0.0125582781642892 0.0401679157909801 0.222417519484108 -0.314762407505366
0.0113590933846933 0.0286134582653774 -0.164397321303845 -0.527829784000835
0.0183617246080011 -0.00886783085657554 -0.507127123938448 -0.0704515562572019
-0.0131964450370702 -0.0246843613532024 -0.179742978001841 0.352841458591126
-0.019935959645142 -0.00157440571796761 0.140109756190007 0.230240206136669
-0.0112971550741786 0.00149981967564501 0.126458632435922 0.006423607914633
-0.0108605228265823 0.00607007589060025 -0.0131969729951209 -0.114287141501286
-0.00882660831386451 0.0167292497132938 -0.000522608564222366 0.0991502877911863
-0.0109044654083201 -0.00160704470305129 -0.0911429354947253 0.0233376779472407
-0.00907947980163703 -0.0129692412678546 -0.137141470878793 -0.201624380208946
0.00182533939817974 -0.0289353168693399 0.133325540283651 -0.314779491217539
0.04165912860431 -0.0115461789788486 0.459779897353093 -0.0202571542730774
0.0128678117521149 0.0417382526318944 0.262769779681595 0.448654909220377
-0.0224214707831649 0.0311578535069078 -0.156613689615752 0.351964668095682
-0.0314741044586957 0.0159400716137301 0.0126818545589937 0.0566654269221918
-0.0160671267220862 0.0426195029157039 0.226405092940493 -0.29981308183167
0.0104568721710808 0.0329973492735915 -0.144619561792428 -0.531392126237155
0.0204881716417058 -0.00697739232173638 -0.508449285539545 -0.093002407493022
-0.0131613657530565 -0.0286716577947845 -0.195934823476622 0.349296914108283
-0.0221298604308949 -0.00589025043581391 0.1351116849284 0.238452592745252
-0.0136207233934671 -0.000879259933734075 0.129602579361988 0.0128662575825998
-0.0121459000023357 0.00579167345870781 -0.0106692859913365 -0.113570371272016
-0.00861556654316677 0.0156557984108523 0.00137363328156449 0.0986266001852861
-0.0107868601452148 -0.00347301032493173 -0.0881566290209662 0.0284216565804807
-0.0110375961257849 -0.014340820611086 -0.140679470231882 -0.194331917093916
-0.000613873213948189 -0.0297558575996727 0.120734122998836 -0.316085048619183
0.0392072099323037 -0.012335135363995 0.455457244376851 -0.0337245522187198
0.0123711186641401 0.0409411744003726 0.277673462754985 0.442561872722615
-0.0217101036345696 0.0293024955176717 -0.15170383022188 0.36455153309298
-0.0296518274299816 0.0138431731178218 0.00152759408204724 0.0671989718762192
-0.0165709803455262 0.0399736576320729 0.228420858679716 -0.284926056370328
0.00786071497530468 0.032840817352086 -0.127135934999638 -0.533282677950634
0.0198542353563321 -0.00559553849341411 -0.508237379667457 -0.110165707155874
-0.0131812262553734 -0.0297344623854135 -0.211415791728218 0.346926521882855
-0.0236680858889214 -0.00857479371254471 0.129560774699489 0.245396614322608
-0.0137420755114584 -0.0028840054289054 0.132293934659379 0.0180771653458792
-0.0115709442713161 0.00474260512272748 -0.00777646804847472 -0.113686023817908
-0.00649580398258641 0.0143390169739217 0.00407367482743562 0.0979425041913215
-0.00955805211374885 -0.00469299671667239 -0.0851964554185866 0.0305917859585916
-0.0115260930866136 -0.0141590260319123 -0.142165056416797 -0.188883909913444
-0.00327428876060934 -0.0278939314942757 0.112850335491561 -0.316265288477808
0.0347784597666588 -0.0130057885134898 0.450291505580718 -0.0433092098507135
0.0106208791306536 0.0361874566589299 0.287259547041699 0.439067710461364
-0.0187185708132268 0.0221764182279845 -0.15036240780085 0.374506153066161
-0.0234629914879155 0.00792259126472772 -0.0075455989060673 0.0761126052188836
-0.0133471093409523 0.0322817530629317 0.226751555130487 -0.271990091502852
0.00450729663294317 0.0278581961302244 -0.115515798966138 -0.531810664418463
0.0162638320635538 -0.00550780517709608 -0.506088596459511 -0.12043580123557
-0.0150347974209346 -0.0298075987305939 -0.221530959405718 0.345557138526264
-0.0239270999825984 -0.00964751611002774 0.125720608978004 0.249964706177814
-0.0121350401108222 -0.00399384143325554 0.134824247239198 0.0213496481570643
-0.00876568412175358 0.00327668118596528 -0.00464729875104005 -0.114122776520024
-0.00274798578915771 0.011978528675613 0.00767302859238529 0.096733081233371
-0.00674879708341838 -0.00503826799516871 -0.082829695426446 0.0303221891181812
-0.0104567462719759 -0.0128977221149211 -0.143132487485234 -0.187228444476136
-0.00475663995996847 -0.0243141132300289 0.108637859576514 -0.315296616925388
0.02906465888287 -0.0132888926025237 0.447529383134776 -0.0434780571210655
0.00628078770916562 0.0284350610974313 0.28759836227323 0.441952948121679
-0.0149719596633218 0.0121637217765478 -0.152218628940982 0.380588083635972
-0.0139373534680222 -0.000294013527929118 -0.0141599957917289 0.0816456898320509
-0.0084283376280669 0.0228325490885299 0.22425242828101 -0.265926854527613
0.00126655668278304 0.0197687959680729 -0.109914968321394 -0.527685158562478
0.0106694779148344 -0.00731305715464474 -0.507662812224455 -0.123890832015223
-0.0169368154984595 -0.0274953407722531 -0.225922299659162 0.345359857353707
-0.0229875478448426 -0.00832625226797398 0.125169641282012 0.252419854952402
-0.00924915985079514 -0.00437564335305151 0.136146257287821 0.0215720923174798
-0.0045006144131767 0.00201548879349054 -0.00236198634931679 -0.115577775827431
0.00112758045989039 0.00979431000099908 0.00992094176409506 0.0958588123745676
-0.00320907983730778 -0.00553599020240023 -0.081428045105573 0.0284224335046456
-0.00810037399859983 -0.0114725792570677 -0.141757869430872 -0.188652244009808
-0.00538348579500011 -0.0202017431315108 0.11052438144007 -0.314294749799474
0.0231634862635336 -0.0138564609525911 0.448015802825045 -0.0357188363092485
0.00122422468304939 0.0190693457314035 0.283054787895999 0.448512946560025
-0.0102749166387112 -0.000333667874992069 -0.157369263129153 0.383255064673748
-0.003481250124733 -0.00988713495976838 -0.0160641617787534 0.0831611662734018
-0.00172683243655462 0.0118503350280075 0.22020811597784 -0.264018043648118
-0.00199563055098335 0.00912081643706604 -0.11954095994059 -0.522778560092981
0.00345699265010631 -0.0097002072389818 -0.50988997133624 -0.115007546497548
-0.0199362255424248 -0.022726805574297 -0.222529495078743 0.348951206555998
-0.021974503437089 -0.00512882821324239 0.127147656415155 0.250376638403743
-0.00488134937363703 -0.00356886235768302 0.13654700237773 0.0191155358376371
0.000660216574535914 -0.000641329454764097 -0.00107339258562971 -0.117240199228313
0.00499837974281294 0.00782050997399523 0.0122337921844225 0.0952849321312067
0.000894447967203196 -0.00449589636601402 -0.0813810857637751 0.0242028747117449
-0.00498543306837429 -0.00828686669080749 -0.138689746598669 -0.194063762806609
-0.00579455560002848 -0.0145560848636613 0.116510775091767 -0.311848899292104
0.0170958462069177 -0.0141809153302826 0.448384540855947 -0.0220158772403911
-0.00448188896503374 0.0086494671336758 0.271933445150906 0.457491959763619
-0.00456249872586639 -0.0136396704756509 -0.164015539439308 0.381293469467736
0.00840432374325929 -0.0191793064743471 -0.0138037896745025 0.081116072205884
0.0053633043526267 6.7799992912702E-05 0.215140914172589 -0.269507762288976
-0.00556859835959211 -0.00315013612442505 -0.133155119090392 -0.518217778306414
-0.0042391253638376 -0.0125944696341806 -0.509928645325006 -0.0980440621076421
-0.0226427072878447 -0.0169042844614446 -0.213734971979671 0.35320923631441
-0.0187273000247975 -0.000598099587773022 0.131532641542476 0.244521790106248
0.0002468584043905 -0.00205994621031633 0.136417390491995 0.0139618597754098
0.0059421795935526 -0.00228174738415327 -0.000289839007593433 -0.119460962928367
0.00857725038014515 0.00623860623750765 0.0128916958642205 0.0949803006141742
0.00393568682612847 -0.00304462085490131 -0.0828628810059589 0.018809573436701
-0.00167341989011929 -0.00463341163830777 -0.134249368972143 -0.201631447885899
-0.0048293437215609 -0.0102512201876639 0.129865851863266 -0.308045086062562
0.012648369125468 -0.0148801271063534 0.450396859256189 -0.00325383950656663
-0.00874241079672893 -0.000757521959511026 0.253600801740322 0.468479350526361
0.000690893391742097 -0.0240158553252721 -0.173359847054127 0.372651003436866
0.0167987872932264 -0.0266425210843622 -0.00720541288194867 0.0741843958859195
0.010776428369931 -0.00926291739235332 0.21039898250607 -0.279875554707003
-0.00831446180620686 -0.0123127563581776 -0.153761914762469 -0.509197260348902
-0.0103756051487644 -0.014556846173515 -0.510745905460383 -0.074791339315738
-0.0239183035223609 -0.0115003911069271 -0.198252736531306 0.358964286709332
-0.0161350621782523 0.00456735753702052 0.137433826317245 0.236606903101025
0.0047757134057902 -4.95099366796224E-06 0.135076599011761 0.00730221905636082
0.00958832802570823 -0.00315627112342396 -0.00145554843439619 -0.121096106907379
-0.0078627982212981 0.0168998937368224 -0.00102445658395929 0.0995862051638548
-0.00951732390665399 -0.000447034473721617 -0.0931090097686774 0.0189517793707343
-0.00687724960823502 -0.0109379705992689 -0.135542500414548 -0.207774868134142
0.00460416894219837 -0.026368963837771 0.142288975382604 -0.313293005013707
0.0403296495920584 -0.0113780238600931 0.46098665288022 -0.00768991042885578
0.0111393671228153 0.0385675790849787 0.250659324497205 0.452664970428165
-0.020707042888178 0.027783500812124 -0.157509121260651 0.341437747246762
-0.0288616232270944 0.0145130425790506 0.0237060251762545 0.0463682313672736
-0.0119278426073613 0.0402829958349165 0.217532992247196 -0.31634067048628
0.0115651795963055 0.0285576540786555 -0.173301951977169 -0.523436636899806
0.0184668715729434 -0.00946765726789525 -0.507884086200142 -0.0621554788543952
-0.0135803545827601 -0.0243805280145001 -0.173463261855993 0.355050063588182
-0.0198643419834185 -0.00140291410856276 0.144188464046655 0.227368895630088
-0.0113427430750968 0.00185212642292002 0.126870041990002 0.00467643534267187
-0.0108601139100603 0.00662555002051761 -0.0146945533939115 -0.113888469514552
-0.00823735413382549 0.0169229002505546 0.000530392750102413 0.0991954326344476
-0.0109237192195951 -0.00184277648400717 -0.0899980325400577 0.0247499876990487
-0.00949554408113478 -0.0133440062408424 -0.140212844407904 -0.199416493662515
0.00164043144092455 -0.0291459542381786 0.12838061757201 -0.3153989032464
0.0411951612244905 -0.0122337068971719 0.456908502297331 -0.0270241934688009
0.0136596907465718 0.0418543853629527 0.26857923254766 0.443195258544865
-0.0218403526145191 0.0312035501423024 -0.150936182265636 0.353836724946899
-0.0313245107910283 0.0164950764213915 0.0133402708660787 0.0566306851585864
-0.01515265950741 0.0423746752767529 0.222183169997734 -0.30234638690604
0.0104873726560334 0.0331204542333047 -0.151856494679987 -0.528948106896586
0.0205951934151991 -0.00709541302036685 -0.508860669145345 -0.0849973173251023
-0.0135924590539731 -0.0281832876491613 -0.190053794767786 0.352316301499318
-0.0222465300700414 -0.0056913597071571 0.138932883461798 0.236065230131584
-0.0132221841321359 -0.000563201799004027 0.129096436064067 0.0110372726900707
-0.0120910587263955 0.00625883462694162 -0.0126930979901879 -0.113590987554232
-0.00781810139798408 0.0161697345127783 0.00266984063875419 0.0985488914611874
-0.0111729480462318 -0.00305273042890341 -0.0872651485981276 0.0289347429773868
-0.0108334088079146 -0.0145949658073011 -0.143494267022801 -0.192425526552211
-0.000853733955519526 -0.0295736095902106 0.11584254691027 -0.316745345469224
0.0387910825748183 -0.0130223504483759 0.454312385349853 -0.0411332510712335
0.0132178684361626 0.0404940242693533 0.283319371313995 0.436530506593161
-0.0206418957843877 0.0292439036207642 -0.146549832809276 0.365437924657169
-0.0293888005113596 0.0139911338976045 0.00263864462283935 0.0667997646196657
-0.0153893176869279 0.0396309055233367 0.223829474086597 -0.287066456154642
0.008391003234157 0.0332500617183662 -0.134039520770813 -0.531141993807674
0.0199087100894052 -0.00610381647304531 -0.507852469542505 -0.101299062895734
-0.0143404524077352 -0.0302154054749615 -0.205255568703636 0.349321973253031
-0.0235781419492178 -0.00825268678839435 0.133525120052531 0.243424637605197
-0.0136493990816495 -0.00238433479033752 0.132573843218377 0.0154423506866475
-0.0113036203672257 0.00524558379417595 -0.00987021737202628 -0.113113639079779
-0.00554869760412533 0.0145644905289083 0.00518714081102372 0.0979876965796768
-0.00990239389025004 -0.00429523604658868 -0.0841450646751443 0.0313043194715354
-0.0116464726952035 -0.0142491334064009 -0.145317003456618 -0.186796326483169
-0.00285207300418327 -0.0276192149103624 0.107589420071623 -0.31667519426901
0.0342769698820362 -0.0137226114730319 0.448618140714998 -0.0499734748658804
0.0107060278686788 0.0361606314614285 0.291297515493298 0.434048486785349
-0.0178360205846854 0.0223338096368631 -0.144034305186683 0.376052759679838
-0.0233363742464784 0.00795952180315896 -0.00650686892841323 0.0760087585140902
-0.0128571651527141 0.032694775960011 0.222627323360892 -0.274646489458197
0.00531348802736316 0.0283850187743216 -0.12201718662885 -0.530511157713591
0.016084367756507 -0.00577801693683448 -0.507806450580284 -0.112931493532659
-0.0154055441743622 -0.0294644552176468 -0.215580981920573 0.347980582293413
-0.0242902698737609 -0.00904613529884973 0.129690164151774 0.248544302718798
-0.0120836203752743 -0.0036813861260783 0.134929687404448 0.0190345575491964
-0.00877062138963623 0.00365490913773703 -0.00669963947549941 -0.113872172145941
-0.00257991492698997 0.0123951474601889 0.0086883175709258 0.0968834588338389
-0.00692036344750917 -0.00480028724424332 -0.0817154978158675 0.0315207102226621
-0.0106797443721794 -0.0130170468571197 -0.145978873399621 -0.18505423399316
-0.00475323988679852 -0.0245604824692334 0.103108205561605 -0.316284525281399
0.0285988872911786 -0.0139362401500106 0.445359748243903 -0.049318372860553
0.00641413076851983 0.0284860620039555 0.293392277503583 0.436141392287554
-0.0144380188404974 0.0126202507031994 -0.145862886004656 0.38189283676033
-0.0142636031488312 -0.000147500930696851 -0.0124766278388022 0.0814069925647623
-0.00768241618050095 0.0227539627888298 0.220330027006058 -0.267697085854455
0.00146043837077302 0.0200011473405741 -0.118166065622721 -0.524720158230553
0.0105981460541291 -0.00687302426401641 -0.508629873479841 -0.115842434628422
-0.0179544804086915 -0.0272688206309414 -0.219645366831716 0.348177980868027
-0.0232749200496384 -0.0075118722114633 0.129173373063523 0.249967451066628
-0.00915024164411926 -0.0044086121163575 0.13604511116322 0.0192693697095294
-0.00439532320178593 0.00184810744284484 -0.0043226973676204 -0.115254731097913
0.00130383203973509 0.0102212028435565 0.0112246609956678 0.0962044817785765
-0.00362618834030357 -0.00496060491237154 -0.0805092797503921 0.029203576120988
-0.00787689089098625 -0.0112958528913169 -0.144104837449089 -0.186750180529152
-0.0056681665094312 -0.0199648899160695 0.105299346697932 -0.31485977436309
0.0229262443906581 -0.0143304943957723 0.444818036895957 -0.042673583143459
0.00106911011420056 0.0192410234673545 0.289270893654061 0.442011913655396
-0.00970066396813329 -0.000140343427113685 -0.151185115200179 0.384625961920629
-0.00322086154067167 -0.00980584382158049 -0.0144831189869912 0.0834850453194223
-0.00164114008982438 0.0114357014899385 0.216164001368374 -0.266409344201923
-0.00214997207685251 0.0093350700424176 -0.125272636168047 -0.521591418715096
0.00356239332870023 -0.00954606808659681 -0.510572747389144 -0.106833756034127
-0.0204839695174031 -0.0225837513533816 -0.216261638065054 0.351717311558
-0.0218850271032768 -0.00465852405544466 0.131606545373354 0.247606114054807
-0.00520868031129631 -0.00320270352839169 0.136756992349946 0.0165274779050343
0.000476683433129303 -0.000107061247875879 -0.0030277649079673 -0.116884226411051
0.0052552744226115 0.00764811118779811 0.0138400103101287 0.0954595082314147
0.000387025583669528 -0.00426590030761861 -0.0802740067373229 0.025363784593767
-0.00504051353566325 -0.00809603083001183 -0.141463106598554 -0.19208224887445
-0.00565511026137403 -0.0150635753994534 0.111687175684504 -0.312693855609178
0.0167957868050419 -0.0147852803120374 0.446824646637032 -0.0289269297515065
-0.00441554772505895 0.00872428542893527 0.277602249281167 0.45218545103726
-0.00427138674035987 -0.0132860777291371 -0.157400497222083 0.381973162015885
0.00805689928848798 -0.0196284964352708 -0.0127456950346762 0.0806240493331293
0.00587963136783715 -0.000345218067429464 0.2109878900533 -0.27099384160765
-0.00568794513844922 -0.0027496413293148 -0.139591792506846 -0.514898734576254
-0.004241444885726 -0.0124333755532213 -0.510727772461907 -0.0902097572051475
-0.0226663688210348 -0.016879969806715 -0.208604053864201 0.355846004136805
-0.0195417964996865 6.08046530013858E-06 0.135378228582297 0.243128416801497
0.00029990223188169 -0.00179294733475732 0.13655765160014 0.0121473880316857
0.00584307338156139 -0.00209157104086051 -0.00231959324845139 -0.118724988993259
0.0085870581381636 0.00581986677178097 0.0141908833168263 0.0950285429939294
0.00358424663443747 -0.00321945165109772 -0.0820166602624526 0.0193682150296538
-0.00148388781647794 -0.00482807555713484 -0.136663222123243 -0.199860072697534
-0.00501936922743743 -0.0102254975712331 0.123774246443511 -0.308971240900219
0.0120956444703467 -0.0155081279214373 0.449891032523216 -0.010111091737884
-0.00852118712942581 -0.000565639827079812 0.259599702615872 0.462725714688379
0.000883994823983925 -0.0234799787238314 -0.16626972863017 0.374184309893659
0.0167197722422975 -0.0271586342436331 -0.00603067935611321 0.0740257082806302
0.0105717496891568 -0.00956434658005276 0.206081505254118 -0.281864285914352
-0.00833279195561138 -0.0118982618653574 -0.161489899854095 -0.507431896347225
-0.0105639040965006 -0.0144199577752897 -0.510546466179603 -0.0674394843441729
-0.024016593670533 -0.0113277223969894 -0.191962164751441 0.360965557222156
-0.0161530676230757 0.004454017079729 0.141382494670231 0.23504305184049
0.00476104626505671 0.000250434075217302 0.134612568951665 0.00498044513716314
0.00971462073826381 -0.00364587066344732 -0.00301067702164526 -0.12072388094751
-0.00726476070728271 0.0168066445692723 0.000197864188234656 0.0993136297612281
-0.0097544627656131 -0.000478820676911954 -0.092133497399593 0.0202672735125328
-0.00714795071736124 -0.0111945655550792 -0.138789185392614 -0.205448986520406
0.00413069551209696 -0.02630774551809 0.137249191390054 -0.313973468844053
0.0398346036901668 -0.0119498540246513 0.459013409739506 -0.0145895427093887
0.0119163908349612 0.0384274230172811 0.254667579680434 0.445935465503391
-0.0202262740724076 0.0276474079468146 -0.151990524999129 0.342656175669938
-0.0286196676553221 0.0149953509553288 0.0239805825793707 0.0455987831568501
-0.0106996623340998 0.0399904083354012 0.21281278113004 -0.317614203158898
0.0119776942214731 0.0286038682013389 -0.178979618505912 -0.519836667329209
0.01787792662579 -0.00924019300519382 -0.505941193401905 -0.0561090109011471
-0.0139255601430162 -0.0244342499895325 -0.167515439607838 0.356713061636526
-0.0198878024753161 -0.00118386246126257 0.147719558723066 0.224473886790982
-0.0111670438428319 0.00217709213955112 0.126133353691671 0.00244938378647174
-0.0106904381599358 0.00671050661442977 -0.0160927917855591 -0.113114653218433
-0.00802797135706606 0.0172729792608721 0.00171146895880718 0.0990558328325067
-0.0116622627806241 -0.00176083495873595 -0.0892148424677385 0.0255039219823825
-0.00961028690613458 -0.0130702054134796 -0.142857365020985 -0.196742097387999
0.00147344045927724 -0.0286586921982638 0.123342892895984 -0.315689841011348
0.0404358053820078 -0.0126875537286185 0.454815266949423 -0.0329334141344431
0.0142193907248114 0.0412247296620705 0.274116015314266 0.437083613718893
-0.0212611037734396 0.0308002433246834 -0.145129942919772 0.353477073832457
-0.0309475812434305 0.0166606034887191 0.0140924188543622 0.0559861531642609
-0.0143766869647124 0.0422940424093628 0.216881432846928 -0.30395718136405
0.0108341948737869 0.0331961132670817 -0.159377087897058 -0.523873368565099
0.0204701149867106 -0.00762000760546954 -0.508009436449194 -0.0772313149376201
-0.0139370716665224 -0.0284849870366068 -0.184198384028038 0.353678601057476
-0.0223418342229779 -0.00469414810889079 0.141968335715271 0.232683790350924
-0.0136026353882132 0.000241878109634393 0.129602122867317 0.00842958896831845
-0.0121001146694146 0.00691454359221066 -0.0143902352340576 -0.112954998786081
-0.00756835443833583 0.0165243917154789 0.00399242849906295 0.0986158847826286
-0.0113966411735702 -0.00347102504446264 -0.0861586584219984 0.0299790898183649
-0.0115994258056144 -0.0143367887941561 -0.146274849959675 -0.189100007902046
-0.000914656613645598 -0.0290177792419442 0.109284583371498 -0.317109083424309
0.0380289205251228 -0.0138676962374543 0.451075971796876 -0.0472018657480708
0.0135803597257355 0.0402417602776528 0.287765209216066 0.430738705194535
-0.020095178211681 0.0294378023559025 -0.139987625060413 0.366053116290605
-0.0288287449239053 0.0138771242612944 0.00354223193720758 0.066591711207454
-0.0145403279847731 0.0393123349251558 0.219540599092115 -0.28850419150294
0.00840492532206364 0.0334519895773213 -0.141422238682647 -0.526087650440823
0.0195536088177388 -0.0057149705417939 -0.508020683528897 -0.0945732578985689
-0.0143563636989066 -0.0298730867397386 -0.198877650544914 0.351803176530307
-0.0234098900729439 -0.00766837732685211 0.137100421971382 0.240738673727649
-0.0136598545301584 -0.00198516837514462 0.131708974523493 0.0135624223556245
-0.0113140412304708 0.00559231204279082 -0.0113644149216564 -0.112288666452493
-0.00552395662056633 0.0144158582686833 0.00671708575225266 0.0977228819590649
-0.0102121152217079 -0.00407652574618591 -0.0828111223611162 0.0317245446667294
-0.0120865665133088 -0.0139765915438779 -0.14813471856521 -0.183698037447487
-0.0033506069452424 -0.0275398252414086 0.101924782355638 -0.316897019927221
0.0341159547566568 -0.0139180356482928 0.44599802435113 -0.0555211211224501
0.0112731453453396 0.0360060486263398 0.295631731610521 0.427171717636717
-0.0173847097167848 0.0220942852594381 -0.137917111663036 0.376018864348504
-0.0229327209618394 0.00793432152852461 -0.00559797377938771 0.0758312866823609
-0.0119967937664524 0.0323215556099115 0.218656451376559 -0.276386599804853
0.00544671700814911 0.0284586219221554 -0.128478267925999 -0.525328757498697
0.0159060378924275 -0.00600107499396963 -0.507660685761248 -0.106167657890281
-0.0158512764469092 -0.0294480977237792 -0.209362024336331 0.349733529988736
-0.0240509895233224 -0.0086161089811133 0.133445031637054 0.244988738770484
-0.012257880707817 -0.00342379567562836 0.13417976034072 0.0168576003558968
-0.00839510108502723 0.00395755946385941 -0.00803394748499531 -0.112852418678657
-0.00186305183884599 0.012488351021195 0.0095016963915408 0.0962856547562227
-0.00693617468556537 -0.00485634951687565 -0.0804363992446809 0.032453019502075
-0.0107259978032102 -0.0130350567281936 -0.148111549705278 -0.182647706404886
-0.00457548477375397 -0.0245528091693407 0.0974885684132852 -0.31611544564747
0.0281906646175462 -0.0143903509747597 0.442715559462055 -0.0561624558404821
0.00662843235020479 0.02815960975836 0.298924788628224 0.429531244088172
-0.0138160704050928 0.012391892670191 -0.139415940295548 0.382626567025393
-0.0138618319349551 -0.000224746963210086 -0.0115008064164968 0.0818103558681704
-0.00664642071337074 0.0224134843035468 0.215445152048812 -0.269252535510488
0.00215593219489152 0.0200796725827898 -0.125078855762671 -0.521789273744546
0.0103456217158288 -0.00718055983451248 -0.508447435361447 -0.108730455252314
-0.0177140759792688 -0.0263602823075615 -0.212923673271042 0.350473153301666
-0.0236451022963519 -0.00776660361067758 0.132660991667859 0.24719560042234
-0.00921432031518207 -0.00363286997986815 0.135959753286847 0.0172056353445162
-0.00416545612480416 0.00194278951449708 -0.00588572200430678 -0.114623115067616
0.00162345855803354 0.0100713897854498 0.0126917214700643 0.0956475674394823
-0.00411087224638757 -0.00505840753616494 -0.0794182797299047 0.0299718250618446
-0.00846032211919282 -0.0108818753527341 -0.146872126785894 -0.1845658982072
-0.00581528747646729 -0.0199546862725065 0.0999466943366711 -0.314679970909367
0.0223829213902186 -0.0148038591775143 0.443137463682595 -0.0485590589835748
0.00143738127411721 0.0193919471819184 0.293395870114554 0.435780487251494
-0.0098381031660068 -0.000192054337364736 -0.144814529216198 0.38427049347885
-0.00322272419109186 -0.00969732823868516 -0.0132081906442455 0.0835322404969854
-0.000685969055795905 0.0110222708196908 0.211289218469134 -0.268267651260896
-0.00204349487854324 0.0093104300650172 -0.133019384110273 -0.516232911708814
0.00331630365093001 -0.00971115621212645 -0.510817306470713 -0.0980975915354925
-0.0204666280623731 -0.0224578471497521 -0.210398586138874 0.354035328037317
-0.0217100369453662 -0.00408777422393586 0.134415210469589 0.244869336762199
-0.00514053763358267 -0.00292358120848025 0.136098675886903 0.0149572904068522
0.000560182915470373 7.70045958836778E-05 -0.0043745290665368 -0.11591227931384
0.00549578877413231 0.00721727611218021 0.0146516004683443 0.0948835212647023
0.000176267112136396 -0.00483033606259741 -0.0795759182972792 0.0261657019877134
-0.00508897191306211 -0.00839137560562911 -0.144090158930374 -0.18956101073081
-0.00554502391872541 -0.0142671349092401 0.106513486894878 -0.312088134498619
0.0158234762789453 -0.0151991349100883 0.444553475470164 -0.0349176469794634
-0.0045148749096797 0.00869065091822525 0.282469033955454 0.445700710672502
-0.00404044125321939 -0.0132948556976202 -0.151624107765663 0.382948824399666
0.00785261880609933 -0.0199470950521202 -0.0114827676356245 0.0806860665233931
0.00643925189452738 -0.00072689280821845 0.206354475185899 -0.272773495097717
-0.0054126835805377 -0.00232436636900476 -0.145534540205996 -0.510535495083379
-0.00467867350948405 -0.0119997553926633 -0.51082916871507 -0.0830497951240253
-0.0230390330496355 -0.0166136071335303 -0.200783161966705 0.357934232416311
-0.0189491856201492 0.000319368137725065 0.138044501708465 0.240133872865633
0.000141365818841023 -0.00158479433508696 0.136295450620483 0.0095818184173203
0.00566524966404479 -0.0019537685007619 -0.00396613937541556 -0.118423390295319
0.00884858757185654 0.0059477139045961 0.0156533221384926 0.0944525598247437
0.00351953028440215 -0.00325380634962923 -0.0809303119363827 0.0205558945114664
-0.00186455316033978 -0.00505334311087517 -0.139906284344501 -0.197568400800732
-0.00475146704163606 -0.0101258809725849 0.119415707545968 -0.30991448676038
0.0118935689090694 -0.0153855938891495 0.447382929313656 -0.0155730485078246
-0.00876545082214704 -0.000323222032784794 0.264472933282354 0.457129322457562
0.000567317112998877 -0.0238228549465847 -0.160534422503236 0.374232765262006
0.0166249490505248 -0.0275020879434006 -0.00454609681159586 0.0740497427226661
0.011468744785091 -0.00953899006181944 0.20177713920357 -0.283506772878713
-0.00824609950956678 -0.0111328941100407 -0.167085873821488 -0.503034493285992
-0.0105899424196589 -0.0141079593690375 -0.510728238967512 -0.0600562518227455
-0.0238325281784404 -0.0110906258574542 -0.185699446119743 0.363051948993973
-0.0164033888826395 0.00506661945768795 0.14510285437872 0.231397139857126
0.00473069161655566 0.000156426226752618 0.134380816632421 0.00323245839186826
0.00980262134953444 -0.00299969569582048 -0.00433800602623269 -0.120369950392104
-0.00656452211427741 0.0173114686605265 0.0015286109092358 0.0983208597196073
-0.00956797921939755 -0.000364234735668408 -0.0904067171639562 0.020712900647459
-0.00720173361407773 -0.0107711060970514 -0.140970623657597 -0.202448431146818
0.0042832003082993 -0.0264632816786134 0.131989367017515 -0.313411705005971
0.0395390974309535 -0.0125908460513379 0.456846917745259 -0.0202536511789378
0.0123467595741243 0.0383046840149292 0.259908213109743 0.440152336883169
-0.0194404851435339 0.0275928379244558 -0.146812700661587 0.342400598255218
-0.0282190645597958 0.01474535453787 0.0242999916801618 0.0449710936142371
-0.00989644633669485 0.0395238667410411 0.207213981400255 -0.318279713471378
0.0128232953557738 0.028889293111423 -0.183934498061846 -0.515227420430437
0.0182605869753178 -0.00941573936125704 -0.503916396058215 -0.0486832669833945
-0.0142144473086595 -0.0240083876639101 -0.161489326456113 0.357206828976815
-0.0199994234326352 -0.000721832098055383 0.149617004207517 0.221113124107556
-0.0110645222865937 0.00263924197086006 0.125906596843381 0.00101956631680287
-0.0104810496440152 0.00733265532956893 -0.0180385889816265 -0.112063002513572
-0.00717046826152422 0.0172349845474466 0.00294777938414462 0.098463076904203
-0.0116465674131827 -0.00161339837565366 -0.088117921178381 0.0261118136852223
-0.00982240978578013 -0.0131852731604512 -0.14507353858538 -0.194260811255903
0.00180688919427569 -0.028875418050198 0.117367383687912 -0.314763898236883
0.0399649485973129 -0.0132599944948804 0.451415392310608 -0.0380425973373095
0.0143641242571924 0.0408415125466074 0.276860631518226 0.431166723902066
-0.020382031604676 0.0309288658119687 -0.139694446206304 0.353735973588809
-0.030614331273383 0.016461407684585 0.0149676869532515 0.0555006246055026
-0.0132804956290795 0.0419176120463426 0.212302613977399 -0.304690835010732
0.0121692838935699 0.0327489508056498 -0.165169126709165 -0.519978557192074
0.020165739444324 -0.00746996269697851 -0.505670333248479 -0.0699543887029345
-0.014089139860384 -0.0279736258357443 -0.177656780814876 0.35485692606354
-0.0223314838489368 -0.0048514974569114 0.144889452647258 0.229898928181117
-0.01345547351145 0.00045891351059377 0.128521038979123 0.00628586683482059
-0.0118046034679491 0.00694757681431815 -0.0154381727845888 -0.111918049538013
-0.00652436856711448 0.0164370312913455 0.00495705141205491 0.0979235242397118
-0.0112878900739609 -0.0030640712949439 -0.084744545027009 0.0300471343033661
-0.0120186499733849 -0.014459962419519 -0.148340275126735 -0.186855058186706
-0.000692438474368279 -0.0292280271795844 0.104387439055212 -0.317318449709464
0.0381510167757081 -0.0140622978871257 0.446296320977962 -0.052605752506487
0.014138570620703 0.0402938863924712 0.290837023825525 0.424593810031209
-0.0194254997438965 0.0289161081630469 -0.134764157401099 0.365820113877292
-0.0284816686483621 0.0141191987756222 0.00461146423225137 0.0661690488514506
-0.013548505294745 0.0391669018710747 0.214346416911501 -0.289567946297046
0.00934272996570445 0.0330524612153462 -0.147724519733036 -0.522358445695654
0.0197954529904508 -0.00613115389768976 -0.506245773421386 -0.0872031074625618
-0.0143853224933205 -0.0293737761317766 -0.192686032284972 0.35270492881281
-0.0236085667220776 -0.00725934362481044 0.139990435300023 0.237738939194753
-0.0135299409667929 -0.00105795551291942 0.131125802236032 0.0115416386939316
-0.0111587988089528 0.00621797331353778 -0.0126419283770389 -0.111668972027985
-0.00438870551663823 0.0148354657285555 0.00784684654541825 0.0970154911716197
-0.0101960876177481 -0.00411610536919746 -0.0813168823863707 0.0322123602769637
-0.0120554483928149 -0.0137549327112186 -0.149647055120524 -0.181575082089696
-0.00383286547554164 -0.0275222996718954 0.0961792710786108 -0.316217709359189
0.0333418319373812 -0.0145757565093585 0.44278241288175 -0.0605110325899651
0.0115618103724774 0.0354812827197534 0.299632831028076 0.422029248793603
-0.0168619268832768 0.0222003063857845 -0.13289341300684 0.374931829357107
-0.0227708438582482 0.00763735090626657 -0.00421886775313808 0.0754737610217528
-0.0111909229135762 0.0323509198392395 0.213610201900728 -0.276665333696067
0.00584129360108083 0.0282980067719458 -0.134460523481588 -0.520909790995018
0.0157918755478167 -0.00578599952610267 -0.507153559534986 -0.0983340217542681
-0.0161487879589162 -0.0292212768874765 -0.203027513286324 0.35066843435541
-0.0240200562920327 -0.00817829516639513 0.136447286444025 0.241557399747426
-0.0118813368153938 -0.00309049822876392 0.133524397904339 0.0149107701458987
-0.0083224148567584 0.00427226551814147 -0.00948374624264844 -0.112676945853086
-0.00160659919365309 0.0126766611079685 0.0108893637638811 0.096088157944577
-0.0078946936384826 -0.00502734750001708 -0.0788635722999203 0.0325937472482935
-0.0107909730407348 -0.0129578063692141 -0.14946207262413 -0.179565656330564
-0.00487568746413364 -0.024526089669715 0.0918622874017644 -0.315385306939326
0.027626226302858 -0.0143516334309421 0.439206919568293 -0.0611131878989248
0.0070755874565481 0.0281446745537272 0.302591848447332 0.422322847523292
-0.013343183409339 0.0119669060099118 -0.133954211886618 0.381823439683762
-0.014201185869813 -0.000359415300349247 -0.00986373125359806 0.0810689473087169
-0.00664678474400878 0.022263999874976 0.210869771401592 -0.270449481205173
0.0019438380381729 0.0201289869790929 -0.132083350157418 -0.517181902582945
0.0101462544725157 -0.00703139011858873 -0.507382948285667 -0.0998026118205174
-0.0187245497599686 -0.0260815886024476 -0.207188886675743 0.351616554338093
-0.0234549287491455 -0.00700880510589959 0.135495756884319 0.24346338349956
-0.00919526707149902 -0.00343518626195455 0.134811911638924 0.0154811417068302
-0.00386825162683119 0.00229896751025558 -0.00725788715360659 -0.11448962044176
0.00217729574195042 0.00981776818306748 0.0135928961427717 0.0950358383318303
-0.0043092371868234 -0.00545472126758691 -0.0781459639269195 0.0304540148255709
-0.00857708416165998 -0.0111499998061876 -0.148767747275362 -0.181323556154887
-0.00565686042776748 -0.0198221654301356 0.0942251466367342 -0.313456671018185
0.0221439119780483 -0.0147703324618323 0.43902361275565 -0.053847068427483
0.0018758008338294 0.019282611089622 0.29677718090537 0.429395945160088
-0.00935439669531573 0.000296784480305973 -0.139396542356599 0.384338261966762
-0.00370822750337636 -0.00976938176501164 -0.0118430069429552 0.0826557601033404
-0.000252437587613417 0.010735275545149 0.207395047839551 -0.268466641173134
-0.00146808925652582 0.00953256181974437 -0.138112024279682 -0.511556501466886
0.00299760448988075 -0.00939694926305647 -0.509138540895972 -0.0910744584952107
-0.0209350740165642 -0.0219419215002748 -0.204006749547977 0.35476074909748
-0.0220394398692155 -0.00426442974765245 0.137558031975907 0.241754630682075
-0.00504221611869937 -0.00281524734341528 0.135832271194505 0.0123695691629959
0.000829643777191067 1.00988816331155E-05 -0.00580287952642449 -0.115641754946088
0.00568597781845793 0.00754450947125081 0.0156448271043787 0.0940553496146772
0.000394975346001967 -0.00473710815807108 -0.0777748496036976 0.0262229090672042
-0.00507552201308354 -0.00817190012534318 -0.145850437208403 -0.187391024865857
-0.00531147265970031 -0.0143428383909641 0.100664824145598 -0.31187070778261
0.0158869518916189 -0.0155652479147659 0.441023814711874 -0.040593158166984
-0.00418610967081758 0.0085061790348946 0.285920442791653 0.438278984940348
-0.00455777307937458 -0.0138567584839159 -0.146549867930743 0.382285840880398
0.00746104836238924 -0.0202081248905948 -0.00971063863737479 0.0809182576114364
0.00665091868322262 -0.000938036590844125 0.202199317159963 -0.273132931376208
-0.00555700165542301 -0.0019336626331607 -0.151801493817116 -0.505961779709996
-0.00469795756505767 -0.0118107121576626 -0.509056000206808 -0.0760783699357802
-0.0227155270397177 -0.0157329659063849 -0.19463593584194 0.358199430125491
-0.0192292573482693 0.000574987398034935 0.14121208636689 0.23648819832487
0.000112009846671504 -0.00137758011074278 0.135072748104029 0.00832670128761893
0.00588527525754603 -0.00191223088850219 -0.005441148093212 -0.11754072214254
0.00933517888784231 0.00607090992868016 0.016363799076892 0.0937711885746127
0.00291464242092371 -0.00368209094561514 -0.0796185844328959 0.0205380922454066
-0.00230387260822625 -0.00508815792537914 -0.142043598940643 -0.195020102015564
-0.00476130511174955 -0.0100847662905492 0.113554963171578 -0.309194020061767
0.0110068173698677 -0.0158768114681151 0.444056479315816 -0.0216985459409557
-0.00828823128646658 7.21096262009183E-05 0.268657979279361 0.449157024251856
0.000585796825978833 -0.0238758579236891 -0.154833179322883 0.374339206736859
0.015945310422309 -0.0273125705323904 -0.00355279746267982 0.0730816539891524
0.0112209426403531 -0.0103150644492507 0.19653403655399 -0.283656508702605
-0.00846603543329177 -0.0107910047752792 -0.172624221913405 -0.498384169227963
-0.0106527254349145 -0.0137797228736901 -0.508938710797405 -0.0521733810556259
-0.0243646752509313 -0.0105607040930158 -0.179174659086587 0.363360907804493
-0.0159002911534638 0.00524789261965858 0.14718538791213 0.228247544563103
0.00456105603380553 0.000370834253782395 0.133777595926954 0.00128973592018025
0.00943071170415889 -0.00280558236746055 -0.006086630298318 -0.119688179027191
-0.00614785854808971 0.0172037360611269 0.00250060261711138 0.0982700327802088
-0.00974323736797355 -0.000556730279842774 -0.0895492442286467 0.0210580196794247
-0.00707250783239935 -0.0110468211559992 -0.14296979152151 -0.199846850732168
0.00418882458659866 -0.0264639039001077 0.126356722045431 -0.311960657538568
0.0387352009274708 -0.0129701405299581 0.45256410055558 -0.0257659530003737
0.0124738241823983 0.0379945054442151 0.261798212626798 0.432224169649679
-0.0189203794664061 0.0276104746779879 -0.141902512509888 0.341256497021265
-0.027627251394506 0.0149177262156962 0.0249275697095453 0.0443083761623726
-0.00925029764458665 0.0393946036321926 0.202401837021734 -0.317626979641494
0.0128775005321225 0.028338583881217 -0.19003335704547 -0.508988780452834
0.0179617473274368 -0.00961633937343892 -0.50202357576165 -0.0417050436358843
-0.0143186683761038 -0.0241751207204253 -0.155229605795435 0.356707431177089
-0.0194431108868115 -0.000485169847826045 0.151880010314384 0.218111809403505
-0.0109396266263049 0.00299888603786295 0.12435281598606 -0.00120767992941475
-0.010087095409893 0.0072917405969914 -0.0187486274558596 -0.111099436802558
-0.00682478666938907 0.0174546065494495 0.00414319469163873 0.0977577496924836
-0.0118441291735821 -0.00161019613083619 -0.0864642075490544 0.0264079948351456
-0.0102409929018911 -0.0130979136788137 -0.146973569914371 -0.190962299112009
0.00158907241570739 -0.028744348431501 0.112553898283789 -0.313796492279645
0.0396783929664086 -0.0135281483870665 0.446593564775533 -0.0437401553544565
0.0144538271388478 0.0406073150999497 0.280305763302362 0.424783800087421
-0.0198300920528372 0.0305637189450202 -0.134440275726417 0.351614621528052
-0.0297560764833638 0.0163954526822879 0.0153794173613211 0.0552747453470461
-0.0125675869255937 0.0408794663444217 0.207254551855861 -0.304130647036341
0.0123277390226363 0.0328120204326679 -0.167653524101953 -0.513280192627333
0.0199804403764989 -0.00778825829992846 -0.503576628775239 -0.0635069066491699
-0.0145741025514344 -0.0276972254999248 -0.172024293055404 0.354328297216222
-0.0221295369030573 -0.00454753581294406 0.146989964813672 0.226303111028491
-0.0134316823393566 0.000566127657567243 0.127504451760956 0.00507870571034517
-0.010982433675709 0.00733487906121077 -0.0168393511266204 -0.110992632323419
-0.00646242972749778 0.0164953571167342 0.00648052292233397 0.0970429159903741
-0.0116038300664109 -0.00350165747546817 -0.0832732698288448 0.0304271727011818
-0.0118824866468849 -0.0137654732528582 -0.150006710863547 -0.184063152242165
-0.00104541554137509 -0.0289734345151406 0.0998925211515131 -0.314906973591234
0.0369629702688337 -0.0146618134226068 0.44289592290044 -0.056818726415878
0.0144007410722588 0.0396536912061388 0.293457973359025 0.417251353003737
-0.0184473557548891 0.0288983135331178 -0.129240174544832 0.36396105525781
-0.0282972460338213 0.0140845379155749 0.00562600778621331 0.0657020976422253
-0.0129069492246602 0.0388382736665644 0.209104250138153 -0.289341060505756
0.009820963101034 0.0330312064960353 -0.151705829077069 -0.515993614234185
0.0190294368316118 -0.00613968760423385 -0.505156711998019 -0.0801160629444034
-0.0151403203875267 -0.0289071746536378 -0.186954976129686 0.352288256884778
-0.0237197590289887 -0.00672419282216735 0.142176054290562 0.233713680034942
-0.0140091284020675 -0.00131276308176399 0.130521144738519 0.00989789953205057
-0.0110277347610244 0.00604580994244836 -0.0139894283639697 -0.110553180521191
-0.00359416958132428 0.0147610064152934 0.00885803579707725 0.0964141130020281
-0.0100113110777767 -0.00413722285901443 -0.0798127432311503 0.0328568253625415
-0.011927959710682 -0.0139994295198311 -0.151181149807781 -0.178417875068944
-0.00336925837668712 -0.0272448544492302 0.0914775633990125 -0.314632652030088
0.0325993220137204 -0.0151900436448456 0.437554064194529 -0.0652294916972801
0.0117971685115106 0.0349783215509455 0.30243274888669 0.414708614284602
-0.0162414156767695 0.0219189660941276 -0.126986058261876 0.373455194767211
-0.0225652699129801 0.00776712134323736 -0.00360220641812725 0.074564012449916
-0.0105893937484086 0.0320043017223159 0.20924299864244 -0.276838300541264
0.00624397497099809 0.0284107956812005 -0.138693665552515 -0.515436698773757
0.0157712000627777 -0.00618703782261416 -0.503811409795379 -0.0917207143592747
-0.0163272660682216 -0.0282574069074349 -0.197152665978166 0.351147376173436
-0.0235619616327471 -0.00789824269866805 0.138239857570219 0.238705520168187
-0.0124015993003156 -0.00221414526610021 0.132893174253065 0.0130400973334181
-0.00785535046276736 0.00437797879535247 -0.0110875001994513 -0.111576486760505
-0.000797293331622804 0.0123931219231039 0.0119493012059254 0.0955233593100363
-0.00793099282710069 -0.00499102517029291 -0.0772706660323042 0.0330139199644769
-0.0102845846734874 -0.0129830615151134 -0.151637654970522 -0.177122483776273
-0.0048945043126696 -0.023928594650172 0.087081825706383 -0.313998868501584
0.0270698933361098 -0.0148272790795497 0.434809251640362 -0.0656200869030087
0.00745935465998315 0.0281981824656465 0.305588734991332 0.415796845144889
-0.0134694869024705 0.0117499483395029 -0.128153172061451 0.380881104404957
-0.0137172595391153 -0.000446635904585839 -0.00905639292885794 0.0808068722186068
-0.00545781909753005 0.0221328148118633 0.206484561565508 -0.2704108877072
0.00292190545633025 0.0202268704263429 -0.137223807624136 -0.512511088945398
0.0102473866876365 -0.00728963807441498 -0.505605937161046 -0.0935054732366662
-0.0184048220202352 -0.0259409267626066 -0.201195730945929 0.352057640473842
-0.0232286987489931 -0.00646272389994719 0.138253068205622 0.240259480352812
-0.00937490571352086 -0.00318704364842621 0.134232922420018 0.0135831467998336
-0.00390629622412665 0.00233676053261237 -0.00871526416404824 -0.112863146369776
0.00238791720979804 0.0101888136145652 0.0145272497404092 0.0940984552787449
-0.00409138246694184 -0.00530687662468977 -0.0767979436932611 0.0307899275910034
-0.00875593095224834 -0.0111815574904285 -0.150271117381929 -0.17879110940324
-0.00529702163004041 -0.0194636379911012 0.0892820476703367 -0.312418360077096
0.0214544270157922 -0.0149492777644717 0.434209093051984 -0.0595603893106127
0.00177932292614052 0.0192798039680825 0.299232784923107 0.421810619599805
-0.00946797983630195 -0.000689952936207982 -0.133027996011149 0.382354402170283
-0.0036690954609743 -0.0101512429822405 -0.0110760099918976 0.0826150527646051
0.000540729085004536 0.0106142590861072 0.203451469977327 -0.268809134048707
-0.00115035425925047 0.0103240336778828 -0.142416676111808 -0.506985417692892
0.00264173081021806 -0.00931061543731557 -0.507334893746594 -0.0843385211423493
-0.0209658361766607 -0.0218227047082388 -0.198418811668708 0.355217412974561
-0.021708433135202 -0.00356261853245121 0.139856614786708 0.237897378189967
-0.00514976791068646 -0.00271641168731795 0.134884695294036 0.0108349199839922
0.000666706363739545 0.000386208254031045 -0.00710988804326609 -0.114453433879125
0.00644080038992113 0.00767150170202387 0.0166618193365075 0.0931473198132945
-0.000362137872836048 -0.00503125662692038 -0.0765950425371649 0.0265316545898407
-0.00529066494717726 -0.00847730562558338 -0.147518086097082 -0.184116497184633
-0.00490383586967365 -0.0140931331743151 0.0961323638567094 -0.310336373610448
0.015064035408327 -0.0154467772784063 0.436969475134249 -0.044736250033018
-0.0043075336255556 0.00888166948978185 0.289612220713727 0.431554078033205
-0.00420589902221707 -0.0140199497327215 -0.13979101669111 0.380806713536396
0.00734974885356202 -0.0203705629510739 -0.00927309534826792 0.0798353723203631
0.00646348534420235 -0.00102009909773042 0.198129305480922 -0.273169097112327
-0.00558055796666008 -0.00136493500581234 -0.155056064021834 -0.501794348882062
-0.00495503978883395 -0.0116101956308035 -0.506574889684219 -0.0692581129089352
-0.0234311027255144 -0.0157068797613081 -0.189414123704114 0.359319554861593
-0.0191651798293861 0.000745051727464822 0.144043869670981 0.233326828867429
3.53253851220292E-05 -0.0010779829197047 0.13426626834672 0.00652301415592911
0.00556608821473773 -0.00168238275960563 -0.00642079761763379 -0.116841460725393
0.00940558491205305 0.00584304270078389 0.0172792420067902 0.0931454454088887
0.00338951950914998 -0.00391046472812321 -0.0783032878351174 0.021000192225046
-0.00204115650547828 -0.00542849264546738 -0.143316162770577 -0.192101909445623
-0.00429830890206156 -0.0101226271137061 0.108075768970541 -0.308157163532595
0.0108009520446519 -0.015798024450252 0.439817684547586 -0.0262519674757585
-0.00888204493345205 0.000493504324969644 0.272202507530424 0.443848001773295
0.000172841872870989 -0.0243518033224471 -0.148624212110752 0.373396906297109
0.0154246482438528 -0.0276896713484834 -0.00292787995482637 0.0728303462489215
0.0112330707583163 -0.0105306386543106 0.192228916874971 -0.283101730893365
-0.00817458054860845 -0.01011590383327 -0.177692897183171 -0.493459100848091
-0.0108403718415076 -0.0134422932680628 -0.506487670690113 -0.0457402141019267
-0.0242845982341684 -0.0102709390411635 -0.172545597150491 0.363328758668881
-0.01572521567144 0.00520875626861865 0.149555267144532 0.225468550424569
0.0047795627219615 0.00043356682475015 0.132787682412852 -0.000761805338103008
0.00932789299720858 -0.00335836700348904 -0.00798816672701136 -0.118494345219732
-0.00536293739217777 0.0171764918467046 0.00344671080018165 0.097241109943649
-0.0103812044065469 -0.000357068755558475 -0.0885015950707985 0.0220097930084957
-0.00744233503984885 -0.0110386751094322 -0.144004764923572 -0.197218003895898
0.00397525186565192 -0.0257845843343272 0.122617944028186 -0.310618264033344
0.0380793163658362 -0.0133189660751026 0.447872497005271 -0.028811739780562
0.0128496725893282 0.0371806377788899 0.264391131531787 0.426599977117174
-0.0183539724460763 0.0272211375881139 -0.13673720821843 0.339505387695383
-0.0275063042843466 0.0146179832167391 0.0252085561135288 0.0436400259270265
-0.0083929695054494 0.039154181304415 0.197781220138709 -0.317072102836948
0.0132150365866193 0.0287289575655571 -0.1927964870559 -0.502105083272894
0.0175207391408304 -0.00944385684784932 -0.497974230593324 -0.0367303079331108
-0.0147407993607815 -0.0235706934931404 -0.150077681456072 0.354961876441871
-0.0187405796495367 -0.000236624097705351 0.152908496252149 0.214486169961946
-0.0110078202488413 0.0031478915482212 0.123312479106328 -0.0026213139012864
-0.00959750960178322 0.00772735904306347 -0.0192915475876956 -0.110506182919025
-0.00605344015214989 0.0176393377245152 0.00563072876063539 0.097152441207149
-0.0116351297003758 -0.00178447268703682 -0.0852514126738212 0.0268016534525715
-0.0100678688604149 -0.0132327005146532 -0.148082192958182 -0.188297280629507
0.00193713931894571 -0.0285384052249378 0.107859145150429 -0.312569671403019
0.0384340821642497 -0.0139612069414329 0.443104675977187 -0.0476493962303566
0.0149140599079285 0.0403423413343976 0.281641997413024 0.41734507519126
-0.0189329716975315 0.0304137643513021 -0.130026397315329 0.350205720343887
-0.0299610892997216 0.0162488975552105 0.0158835079366386 0.0540971320742034
-0.0116718979892301 0.0411588161516931 0.202834859191977 -0.303457658950621
0.0123770847687087 0.0328227906748967 -0.173346575494051 -0.507761959961732
0.0200175284905842 -0.00728028177109088 -0.500829348164852 -0.0563130646560818
-0.0147855955866207 -0.0269056506061032 -0.165991326735473 0.353165420912841
-0.0219042961198091 -0.00424118324229657 0.148401599691585 0.222451198521528
-0.0129769094138706 0.00119022478044597 0.126406303347477 0.00352167705032666
-0.0111457385554747 0.0072614851088127 -0.0178592507984503 -0.109680096467233
-0.00553098004517844 0.0166198428933228 0.00698689674534596 0.096462586196855
-0.0118668949588602 -0.00297248771901098 -0.0817215591879714 0.0304808776743834
-0.0116335060811317 -0.0140245414171598 -0.151103187162049 -0.181557748885028
-0.00131565695730236 -0.0289252535367023 0.0951388566421023 -0.313480866233729
0.0363991050498337 -0.014984335766225 0.437564960167276 -0.0606139399876653
0.0147223303176059 0.0390920572987608 0.295389495191756 0.410007743812024
-0.0181873749757759 0.0284059317384378 -0.124344430912984 0.361357926538919
-0.0276874877485932 0.0140372533128613 0.00587992135273184 0.064768537782153
-0.0123659839842205 0.0380263251188538 0.205267279897052 -0.288702966280781
0.0104734650634028 0.0330172883863777 -0.155617057926446 -0.51124658081319
0.0193890702566326 -0.00592945940492571 -0.500805943112168 -0.0735911817079159
-0.0155897137180035 -0.0287801363745507 -0.180568661714573 0.351288654166519
-0.023317110480063 -0.00672991185080436 0.143347920784156 0.230242796770738
-0.0135952860261407 -0.000981486815225042 0.129610529860065 0.0077421425605541
-0.0101957415642062 0.00633542190007556 -0.0149162570342336 -0.109532775304133
-0.00349772618713828 0.0146072344926984 0.00960804475389678 0.0958547461393322
-0.0105109068354233 -0.00407468028826405 -0.078823004106893 0.0327414637169609
-0.0123480115527005 -0.0141378488927721 -0.152257647167719 -0.175855928279435
-0.00291441782635342 -0.0272281510058133 0.086881842338857 -0.312318857572711
0.0316751209615687 -0.0150817905518329 0.432454433498407 -0.0692125613331312
0.0125116114528245 0.0348808410287952 0.303942648471411 0.407572600353293
-0.0159273396912819 0.0218240306552741 -0.121903729981377 0.371503856344122
-0.022091867479896 0.00793441017370165 -0.00266694486788445 0.073900147768782
-0.00961969406746204 0.0314363547057005 0.204575538006239 -0.276000306224946
0.00662873029480976 0.0286426210959951 -0.144356479287829 -0.510205553270063
0.0157308269777133 -0.00610874016794463 -0.501075388773825 -0.0848006208912173
-0.0165943581418714 -0.0280961006457138 -0.190992707239044 0.350609959744762
-0.0237757575727787 -0.0077426661710092 0.14039263167117 0.235408375791375
-0.0118429017869567 -0.00231846563629155 0.131525474133737 0.0117719643185874
-0.00759129104793844 0.00439447236627274 -0.0117238449530824 -0.110373066246964
-0.000610491657263904 0.012340436040121 0.0125510121301685 0.0945053514866668
-0.00788530817545278 -0.00490146772580004 -0.0764882421459399 0.0327377710506217
-0.0107427681471725 -0.0132077338341435 -0.152408879210192 -0.174472316884695
-0.00474004749081647 -0.0235325437497597 0.0824131039123634 -0.311326939258555
0.0265869338842435 -0.0152705195141554 0.430511902533669 -0.0690497053042272
0.00762882905197783 0.0276938420088973 0.30780700867677 0.408217837535634
-0.0132159503067342 0.0113655918616375 -0.123110378358039 0.377789128528815
-0.0136208030896762 -0.000456800530332481 -0.00784778835217138 0.0800171567127234
-0.00508956910767912 0.0214342540392816 0.202682285459639 -0.269568823835491
0.00279526310871879 0.0203727429837801 -0.139868764653469 -0.506777822056153
0.0102652395417693 -0.00694512005127576 -0.501653393227591 -0.0874557570251273
-0.0187321421397633 -0.0256296162050939 -0.194913577368646 0.351178036366674
-0.022877571624043 -0.00648014235912785 0.13985315502775 0.23687298976766
-0.00875131697803539 -0.00282810767983801 0.133510029696911 0.0114214140466224
-0.00373282478161165 0.00285692780495088 -0.0098531491419362 -0.112193649899015
0.00298404743219363 0.0101659223050511 0.0153281095941488 0.0933877941069525
-0.00462396559607313 -0.00526035293578104 -0.0752212941650073 0.0309441748510232
-0.00857737990085903 -0.0109733556882692 -0.151282868523341 -0.176172700267124
-0.00511878630301074 -0.0194227118608369 0.0842913708874527 -0.309959228635458
0.0210348372736038 -0.0152450847504508 0.430155621197565 -0.0614014193358452
0.00162045789775002 0.0190337224809328 0.301450907340245 0.414931502362328
-0.00919838162980183 -0.00108912290447414 -0.12833062599237 0.380156225391375
-0.00409953108869972 -0.0100266247956511 -0.0098565441044981 0.0815111806774969
0.000550363572303366 0.0105299275222298 0.199258498616199 -0.268013348989575
-0.00108306916812523 0.0103535775045687 -0.147403664412938 -0.500896075078284
0.00297460230417703 -0.00900283959504665 -0.503519357883557 -0.0789715347930674
-0.0208362565412623 -0.0211773258902162 -0.192613073615203 0.354316240712218
-0.0213493755562571 -0.00316091095931487 0.141305116573989 0.235325484078115
-0.00521511315285538 -0.00230693658564816 0.13398819702078 0.00923153280061677
0.000999151859451809 0.000375637361466175 -0.00863509885073148 -0.113927403471166
0.00641548863230389 0.0072006009050238 0.0171405887688884 0.0924167726179222
-0.000264358284853836 -0.00502750268919519 -0.0751007592447454 0.0273653950612743
-0.00547414899803582 -0.00821352542064737 -0.148331281009694 -0.18080359447454
-0.00515434926299587 -0.0138250972338344 0.0917599262068951 -0.308589247095626
0.0148746669309375 -0.0154275793977656 0.432315814117214 -0.0487381718594883
-0.00379409895572534 0.00915012805721938 0.290832637954569 0.42446984877955
-0.00465385952055586 -0.0141532023511939 -0.134618464554262 0.378724149548861
0.00690503905801691 -0.0203649223096447 -0.00807582284023113 0.0796928206131998
0.00671895718040796 -0.00154141833384159 0.194189372810749 -0.27246347197256
-0.0052332411059919 -0.00133301991192024 -0.159952393101714 -0.495643482341654
-0.0046852334434512 -0.0115360540741651 -0.503368350793537 -0.0640867034576197
-0.0234349720206068 -0.0155337711069401 -0.183571625440674 0.357576456900182
-0.0187950271522274 0.0010969701125836 0.145417686036768 0.229886032346795
0.000321159466819591 -0.0014373107877997 0.133163083233051 0.00447265192234198
0.00526830918709826 -0.00141207674734168 -0.0074088409984316 -0.115935168340747
0.00977327852831862 0.00548237872084481 0.0182887633035199 0.0924780674018467
0.00286685406386537 -0.00371604502328621 -0.0770895899680581 0.0212493831057085
-0.00186792461604272 -0.00537937276973864 -0.145037018359472 -0.189353470800003
-0.00441032403978076 -0.00965986797938788 0.104271345527811 -0.306033683903641
0.0100252072410466 -0.0162746641194498 0.436399118664489 -0.0304374825572338
-0.00814084556275664 0.000187137346912063 0.27410956035063 0.435534217891223
0.000165914671733878 -0.0243979633819781 -0.14368677349243 0.371138680792389
0.014741198451021 -0.0276687966518215 -0.0021249388332113 0.0723467558978397
0.0113941275711768 -0.0102032300172018 0.188707735366976 -0.282395570898913
-0.00849156989923214 -0.0097121240897132 -0.179708834625321 -0.487687816237586
-0.0107073857586879 -0.0128098793562767 -0.502863198806985 -0.0416836954016641
-0.0242088105575348 -0.00986197711539769 -0.16742938963674 0.361945737247859
-0.0155977609213532 0.00552204093891106 0.150342894267598 0.221254408777824
0.00483708737029613 0.000691163365053338 0.131188680917828 -0.00232203409477058
0.00927208827435173 -0.00303367545288066 -0.00854201040969553 -0.117803135009731
-0.00482901356044625 0.0166645697354438 0.00448967401783781 0.0966674194822056
-0.0103470963846854 -0.000381197250495469 -0.0874224856006896 0.0214185591143647
-0.0073480125100082 -0.0107110131856484 -0.144803580133602 -0.194390991827078
0.00391845408670514 -0.0258810748949994 0.118396454088037 -0.308644517417994
0.0373529745079349 -0.0133889353735789 0.442993287505492 -0.0317853815250463
0.0132487415999149 0.0373216170297821 0.264873532349378 0.419544032204156
-0.0177409794063471 0.0266749076333595 -0.13326818086451 0.33657160135006
-0.0272995502861655 0.0142927848970343 0.0253669667943705 0.0428907009440911
-0.00769384119011781 0.0381401980813631 0.193797479292729 -0.315418924452332
0.0138264350079077 0.0286569485865501 -0.194509856964892 -0.496762921287249
0.0172299794966041 -0.00958634792977006 -0.493996937595076 -0.0323235023807327
-0.0151775764396593 -0.0234689856498803 -0.145810042980849 0.353651748961337
-0.0193295848114732 -2.1656798309168E-05 0.153914783547553 0.21090148589508
-0.0107134311442333 0.00320605811666355 0.122037444956469 -0.00289787828193624
-0.0094260440898854 0.0077764976103612 -0.0201412922216455 -0.109143735128082
-0.00579432220925406 0.0175414444288254 0.00591025959929512 0.0963416444036959
-0.0120484983519539 -0.00151249237321497 -0.0837804160869146 0.026382013990678
-0.0102794890102351 -0.0127974006038377 -0.149088777780703 -0.185490785840208
0.00130617799463272 -0.0285059807572836 0.104207353128231 -0.309988947584129
0.037709687647055 -0.0141396093528508 0.437547510264184 -0.0511520409258033
0.0151935149725887 0.040098175876563 0.281795196667548 0.411013599919939
-0.0185413254652609 0.0298260298494156 -0.126503079756663 0.348027629253734
-0.0293358951749693 0.0158771349075697 0.0160649899366623 0.0535759793485114
-0.0109485336607067 0.0403115715186985 0.198482794910279 -0.301756836603664
0.0129200882870989 0.0325370993308202 -0.175138116006985 -0.5029404963143
0.0198248386452695 -0.00774046860689231 -0.496574662157698 -0.052270576186899
-0.0150181129567246 -0.0267659561777754 -0.162008393242624 0.351479180926756
-0.0217350787942649 -0.00405398871432101 0.149420786113671 0.219458586552853
-0.0130149815282024 0.000994575230259878 0.124963348980019 0.00238746114973131
-0.010604359192094 0.00770760099559671 -0.0187223284705984 -0.108900760250269
-0.00517624004432521 0.0165255974035871 0.00764027638236346 0.0958974163895487
-0.0116897440630914 -0.00299189614307964 -0.0802684141294628 0.0302579750139431
-0.0119445230563411 -0.0138077859093688 -0.151995432264478 -0.178023097897065
-0.00102182594766068 -0.0289370793197722 0.0918439494029299 -0.310470709795946
0.0359568864462097 -0.014876128104257 0.432932371607604 -0.0637887190252528
0.0152657227623252 0.0387262295945075 0.296481411295008 0.403307664657858
-0.0173755429101961 0.0279553792463013 -0.120325966042344 0.359210266708121
-0.0275130908636731 0.0138760554004997 0.00609932333233275 0.0643818086290563
-0.011542607508333 0.0377735239262329 0.201582642519264 -0.287440070376909
0.0108633530359725 0.0332997909390477 -0.157305703329413 -0.505774083423087
0.0192634179316324 -0.00590829889531993 -0.49703218873554 -0.0686372991987505
-0.0151608923079115 -0.0283089553663412 -0.176699353875834 0.350327093222745
-0.0230013322667428 -0.00639434131609282 0.144337248855213 0.226943635389948
-0.0134043529903159 -0.000783435336929502 0.128215606007273 0.00713920212654699
-0.0102214381545992 0.00648616405253106 -0.015808597453943 -0.108150755157963
-0.00298422143211568 0.0145549705885266 0.00981507413700423 0.0952633340817952
-0.0103004799324442 -0.00422117778699008 -0.0774667456401359 0.0325546948040691
-0.0121918714687087 -0.013741906880285 -0.152591816939376 -0.173158443161134
-0.00327663331462622 -0.0268808998574563 0.0837051555780706 -0.309853637632911
0.0314817727694534 -0.0154848507096656 0.427827129310465 -0.0713337629228215
0.0121928118383289 0.0346385008328757 0.303761611831945 0.400481865166517
-0.015407981608435 0.0210394030369729 -0.1181427708182 0.368482530853333
-0.0220105688918498 0.00757875455296296 -0.00190336693565363 0.0733783591583193
-0.00894962178805677 0.0307198562985578 0.201280842889419 -0.275277874662454
0.00678248402676078 0.0285813620048922 -0.144705398685577 -0.504339038458616
0.0152412017595997 -0.00606517132828209 -0.498317503027916 -0.0817261165202983
-0.0170783293278532 -0.0279136978376059 -0.186576055067981 0.349238989840965
-0.0237969209574946 -0.00726742736681296 0.140963240083459 0.23229905303145
-0.0120920360694513 -0.00219630929691898 0.13032594143941 0.0102616172420743
-0.0074633601167712 0.00482875162963278 -0.0128147030833018 -0.109653986516048
2.02378893458203E-05 0.012446820575295 0.0133838860129642 0.0937211153924528
-0.00810880054632915 -0.00527303520480484 -0.0743216550886674 0.0321352654140988
-0.0110614759816282 -0.0128448108480064 -0.152814142065827 -0.17204669886652
-0.00455613401974259 -0.0234037873437847 0.0789240414300647 -0.308699306714124
0.0258940377435534 -0.0153517947668126 0.424761327561924 -0.0718506652876094
0.00763957882277278 0.0278279952099307 0.307311559260598 0.402352438193446
-0.0125152605191992 0.0114200249196966 -0.119303461743341 0.37592839030239
-0.0137853668938544 -0.000824000389561743 -0.00723339551409416 0.0793723823051616
-0.00465436137821193 0.0214966956423653 0.198945331780071 -0.268542025042702
0.00343285710934517 0.0203820487522762 -0.142267490502283 -0.502239297151329
0.00989853979567342 -0.00687863984914291 -0.499118712313672 -0.0833204563720702
-0.0183814323289634 -0.0251655042727131 -0.190607331131079 0.348781811275679
-0.0232802701925126 -0.00591582699138174 0.141418311237925 0.233675432809894
-0.00880326977171768 -0.00253160993904287 0.132205107996366 0.00999498603068005
-0.00380456126903216 0.00279643938985901 -0.0100893542940797 -0.110558852175708
0.00332583150501349 0.00998413587524205 0.0160169480629881 0.0927133964031825
-0.00461396767719816 -0.00504344770114793 -0.0739225551391133 0.0300321978819915
-0.00886163716095391 -0.0115576492298933 -0.151985101573397 -0.174440498968876
-0.00512328347611158 -0.0191314314979863 0.0813280364436357 -0.308137173317165
0.0203718116099421 -0.0152353239776576 0.426031555513231 -0.0640086336055528
0.00195167947233479 0.0190397715300788 0.301066693693792 0.408195649312676
-0.0090480118666972 -0.000878279455232374 -0.124195896029376 0.377798876669501
-0.00413660779842184 -0.0105209736157206 -0.00923454295703814 0.0810048816055075
0.00103138051463183 0.0100469074490501 0.195174980891391 -0.266817526889341
-0.000760678828381104 0.0105163297559053 -0.149829286159055 -0.495984804485307
0.00318363814067862 -0.00878529418299712 -0.500151276532336 -0.0736342743907415
-0.0210986834319359 -0.0208845450435372 -0.186962308473352 0.353356038715111
-0.0211827416375996 -0.00331557367352995 0.142465572182572 0.230991487454216
-0.0046598520970751 -0.00216629552765725 0.13263962083627 0.00767029345018002
0.00114925010774193 0.000245908126290978 -0.00914313833211991 -0.112907133718361
0.00713704261051617 0.00717095025257846 0.0171207045900358 0.0917598156917897
-0.000483395528539062 -0.00509739552427584 -0.0741962594119286 0.0267948599054082
-0.00548037833953032 -0.00833277838273191 -0.149560451527597 -0.178916862614932
-0.00457389509272819 -0.0141248656520926 0.0880885404275254 -0.30601417702576
0.0140867015178915 -0.0155115140401381 0.427529750363781 -0.0515791428412035
-0.00417492519622025 0.00893481895844103 0.292094706307821 0.417865901272735
-0.00406371070193536 -0.0141607886615226 -0.130801315205683 0.375628155345672
0.00681315461332246 -0.0206730821407593 -0.00708388356497635 0.0786458267171005
0.00733811064102683 -0.00160487590187476 0.18973415628174 -0.271550180336896
-0.00494979073369913 -0.000569194706604144 -0.16144276331727 -0.489947171253563
-0.00463318220948575 -0.0113633201958722 -0.49995778967524 -0.0596262913182357
-0.0235141325926047 -0.0151846770697037 -0.177766564082188 0.356461258275286
-0.0184179871090244 0.00095785572301218 0.145445620893826 0.226832523946208
0.000489725324876329 -0.000869993972753414 0.13181362100751 0.00320390753316541
0.00611967867203342 -0.0017188954282489 -0.00875722064564258 -0.114677794000859
0.0101639227209088 0.00553755111494686 0.0187852943291992 0.0911750780798934
0.00251122650423499 -0.00386039752264307 -0.0758425275771573 0.0213516166766198
-0.00206964975084313 -0.005345247236977 -0.145152707416504 -0.186835427227012
-0.00383162081896609 -0.00933658148940874 0.100181414626438 -0.303417778611077
0.00995341223982191 -0.0159307711936195 0.431195485341769 -0.0332651903703258
-0.00845037608382704 0.000610302323152659 0.274010336329876 0.429896525784975
0.000214375491848039 -0.0241003528093166 -0.139802384706942 0.368877660400611
0.014547192685978 -0.028293934935027 -0.00124853386197256 0.0715795758882104
0.0116437991078913 -0.0105753411336577 0.184375991974665 -0.281144557720517
-0.00828193712362718 -0.0091546227244855 -0.181730123588106 -0.480050229386139
-0.0106855555092742 -0.0130167774594052 -0.499058317349417 -0.0350493544240966
-0.0241132542489217 -0.00941228733420057 -0.163079178265527 0.360055350405968
-0.0153452574615293 0.00538624679470599 0.151876902549403 0.21766814172286
0.0049639200784589 0.000710115329676197 0.130121249094162 -0.0035991094105374
0.00942778556630175 -0.00292025333099265 -0.00967681168255046 -0.116030299944053
-0.00444184103114152 0.016901715661831 0.00510315378717499 0.0957511765112891
-0.0101619584074008 -0.000209094508085893 -0.0857426423652434 0.0214749924294008
-0.0075489964378166 -0.0109127696634525 -0.145028984877956 -0.191893963861229
0.00402749138520056 -0.0256806081079526 0.114422197722527 -0.305678456708024
0.0367235513011753 -0.0135329997725559 0.437557290546369 -0.0348098091775471
0.0130626283989139 0.0368551176585123 0.264253378530698 0.414273952021177
-0.0174573693628347 0.0259388356045176 -0.1293376783149 0.334492994737474
-0.0270670362052257 0.0144187108244302 0.0254744957273042 0.0422760287202643
-0.00755869012009906 0.0378908604283378 0.191196683504521 -0.312822983542908
0.013534267452547 0.028510561398117 -0.196130030446972 -0.492068724592723
0.0170628397391217 -0.00952368219685115 -0.488944573603362 -0.0278371909595561
-0.0149243000643677 -0.0229693577907071 -0.141529911009724 0.350581678418852
-0.0192734044565119 4.85035773632953E-05 0.154414867786502 0.207971614620255
-0.010275797588991 0.00353557702542257 0.12104384933705 -0.00406058533095715
-0.00930274539339954 0.0071984556222868 -0.0213450514898247 -0.107893723396439
-0.00526965529633536 0.0169213163405884 0.00601806845357261 0.0954809423782483
-0.0120212417166093 -0.00187841977996887 -0.0825595297821701 0.0266619333685231
-0.0104208782273495 -0.0130331705944633 -0.149220498105625 -0.183165218724805
0.00134106166826065 -0.0283356675915729 0.101115352382877 -0.30742932035656
0.0374512120496259 -0.0142806120815131 0.43354334479895 -0.0524404533734659
0.0154350838682361 0.0395288734798839 0.281051218326293 0.404784160665983
-0.0182496376350541 0.029389300024026 -0.123161469095483 0.344301176616651
-0.0289705094100715 0.0157927528560925 0.0162292930660241 0.0530937846008684
-0.0104620463079979 0.0391606866359592 0.195277355954519 -0.299203998272193
0.0132763074557775 0.0326890426913834 -0.176641004935427 -0.496420333883943
0.0190483050616335 -0.00746200957562624 -0.493130343774727 -0.0483510791451463
-0.0151633428003477 -0.0266483464117124 -0.157208317724511 0.349274933541423
-0.0216828679876845 -0.00382110920162354 0.14983427596159 0.216255216490836
-0.0130059613897762 0.00157734966717786 0.12401766129762 0.00157951582737907
-0.010428667033528 0.00742670234839975 -0.018929456652331 -0.10727420810065
-0.00461372757488798 0.0161067412135491 0.00829653386618097 0.0945233415561606
-0.011834180673976 -0.00317745969945866 -0.0790009513461795 0.029934336011206
-0.0120385514294081 -0.0136944929267823 -0.15155540138651 -0.176671959956009
-0.00127070551552908 -0.0286865934728485 0.0884137125771125 -0.308053666203288
0.035277391028178 -0.014978830700129 0.428614779992934 -0.0654410695385322
0.0152292417606556 0.0386132784493308 0.295650666143347 0.396969679975103
-0.0172053804756665 0.0276334784935784 -0.117122998588971 0.356060966182503
-0.0268759821031703 0.0136231198977865 0.00702691129508638 0.0630852903504112
-0.011017839432485 0.0372043409414395 0.198126872324543 -0.286088949399742
0.0106146808747671 0.0328447120947915 -0.159638719221663 -0.499402532297633
0.01921231310905 -0.00574023374242572 -0.492564060081652 -0.0656510527169645
-0.0155896595723813 -0.0280224971341504 -0.171881737668597 0.347364625343252
-0.0231468620315065 -0.00640070416222016 0.144879018329202 0.224046174689211
-0.0132797739132935 -0.000506520716841425 0.126721056325146 0.00653489229369381
-0.00978519743816528 0.0068639477209136 -0.016099714755864 -0.10750160936751
-0.00250227296216149 0.0145191595810462 0.0106938223930011 0.0939796444071508
-0.0105547621151609 -0.00425877132339553 -0.0762100790461035 0.031865113659946
-0.0121703269005882 -0.0134093119876948 -0.152851476363575 -0.171223375299551
-0.00308379963562689 -0.0268673353827431 0.0798910340911629 -0.30751122579078
0.0310417178055646 -0.0153496885996488 0.422875767770815 -0.0729816534596824
0.0125274458067524 0.0341147858131862 0.302929524393493 0.39445801364706
-0.0150295422712546 0.021110173712058 -0.114191179878566 0.365116868780577
-0.0216055850129172 0.00767344818487371 -0.00168869316729348 0.072657350016787
-0.00860576701391912 0.0307273603761521 0.198076876083429 -0.273593832467919
0.00709165168808052 0.0287551675469604 -0.147112816197291 -0.498253468946028
0.0154224902918944 -0.00631064883931193 -0.495106124188512 -0.0766090185272739
-0.0171053006357956 -0.027053935761214 -0.181759118033642 0.346740855193307
-0.0234465640298244 -0.00689133576337141 0.141514833775889 0.228521187616545
-0.0117966347365249 -0.00221080684586996 0.129371580702151 0.00903319424378318
-0.00730719426245996 0.00489639583452073 -0.0132873520694326 -0.107992271945186
0.00022662902419945 0.012297363906846 0.0135452192324884 0.093214899922845
-0.00798013059387856 -0.00530827306681011 -0.0737185876769709 0.0320717018818935
-0.0109986233866599 -0.0129441865810442 -0.153010357751593 -0.170018877352731
-0.00458650554799954 -0.0234921684402705 0.0763577965876194 -0.306086692100487
0.0256219516666516 -0.0152635318229968 0.419981494212841 -0.0732864274257981
0.007756391131728 0.0276409955395872 0.306270157575572 0.395745312923906
-0.0128661286107339 0.0111916615797874 -0.11622735834478 0.372013301734934
-0.013647124137515 -0.00100658716407418 -0.00674568490024532 0.0780466698594813
-0.0044311892497756 0.0205469725344647 0.195786537359983 -0.266767825876687
0.00363418294435747 0.0207841113586635 -0.144480389986965 -0.495648980522921
0.00967221702483244 -0.0070235952620119 -0.495868842955019 -0.0780315076340321
-0.0190272084078773 -0.0250187804784313 -0.18637235265441 0.34699426296776
-0.0226966219095121 -0.00577581121455326 0.141756427674781 0.230172739536456
-0.00862542766155515 -0.00265235721329504 0.130671151704476 0.0097433454111644
-0.00355296961438939 0.00253984225764482 -0.0110131917958394 -0.109535629467805
0.00360694691968818 0.00963230226637892 0.015850279311236 0.0919307987444592
-0.00473361642191195 -0.00545546973565058 -0.07269703107377 0.0298943096902519
-0.00869765993443723 -0.0111787135457844 -0.151566305594571 -0.171100355083606
-0.00482480627462515 -0.0191301395244586 0.0783617937400662 -0.304838002725067
0.0202154172357397 -0.0155453163934991 0.4206495516001 -0.0666151786733233
0.00217093113658756 0.0189115543704394 0.301361629773256 0.401696491632603
-0.00870066100415907 -0.00147481458418636 -0.120427466105212 0.374474978843005
-0.00381900477165346 -0.0105446843585174 -0.00848239189729514 0.0802058186019038
0.0012488335898062 0.00967827662154519 0.192803608008949 -0.265269410621353
-0.000594205437280913 0.01065382192449 -0.151926118444765 -0.489004680855327
0.0026421849318972 -0.00905690800228002 -0.495084666742634 -0.0695854469435932
-0.021155368625284 -0.0206699890676121 -0.183141243775973 0.350407169126413
-0.0207998000575686 -0.00285922628828595 0.142631034801899 0.228401743566063
-0.004946683942619 -0.00223274666975364 0.131482554358971 0.00701347175673326
0.00105154340097691 0.000612546362176057 -0.00975917142288608 -0.111610429853198
0.007399510240376 0.00705934273883438 0.0182091186998572 0.0908654773005225
-0.000992278482175828 -0.00514387939741336 -0.0728290445642638 0.025777514680107
-0.00509368256033317 -0.00844432186653087 -0.149720326954174 -0.176327246918602
-0.0043368111530407 -0.0141728855366875 0.0850713385055646 -0.30317399290858
0.0132427172065648 -0.015536518579558 0.423209223635507 -0.0535363597355757
-0.00412435258704939 0.00894284781772423 0.290702176879203 0.411581833046497
-0.00388483138700386 -0.0144438413878224 -0.126278438711837 0.372665576493456
0.00655628553536985 -0.0204876026761201 -0.00670850879072471 0.0776868401538298
0.00725899934937815 -0.00189917931367436 0.187705322239938 -0.269880682425404
-0.00439783037190325 -0.000369034301845502 -0.163278975879582 -0.484136658059101
-0.00490863849332041 -0.0110372713503357 -0.495478828994733 -0.054798734987581
-0.0228775333578219 -0.0148889859397397 -0.174276719205595 0.353588226274912
-0.0183733005636955 0.00107927623621445 0.146470451434423 0.223087060644033
0.000464426335372098 -0.000832616449577519 0.130421320972974 0.00231711933538426
0.00565563435780878 -0.0013020821463332 -0.00910635862033397 -0.11384162684977
0.0103622398113917 0.00540355065790028 0.0192752885921866 0.0905552545571559
0.00204955089350787 -0.00423867989748329 -0.0743462745554851 0.0207061833163626
-0.00198941740462545 -0.00515307456083863 -0.145954704460809 -0.184610758387911
-0.00340651203508626 -0.00967628374347295 0.0969189483913754 -0.300648686943502
0.00961114219567198 -0.015813541866423 0.426540170561434 -0.0356003617424584
-0.00847847657830043 0.000931351529239648 0.275639204879306 0.42395878887378
0.000326555771891732 -0.0240840425443391 -0.136287009406869 0.365205123023683
0.01414273747325 -0.0281157229996147 -0.000688098226457769 0.0707860708842698
0.0117648823177149 -0.0104847435583533 0.18141546221895 -0.279378740866724
-0.00811509553961703 -0.00867742340059106 -0.182340411844798 -0.477279944623226
-0.0105765359409738 -0.0125098773433745 -0.493803094792371 -0.0323955468292529
-0.0234777874710245 -0.00949921985540611 -0.158292227031959 0.357920015702565
-0.0153673981994095 0.00594700007512448 0.152494139230504 0.214937780361985
0.00445870488407117 0.000854098159557296 0.128997688011659 -0.00434055914426879
0.00927366061649787 -0.00278715422673451 -0.00989020984320339 -0.115760277088748
-0.00411552020737334 0.0165873558116406 0.00499017189975212 0.0947468670169963
-0.0107528837535972 -0.000340046743233878 -0.0849222050748308 0.0209482169416586
-0.00763626384852778 -0.0102425736765499 -0.145045418836116 -0.189751436279841
0.00410223402353078 -0.0256004182640881 0.112528251143691 -0.30274528362974
0.0364954925255217 -0.0131232717991551 0.433881101195937 -0.0357219042741388
0.0131450513741205 0.0367364989142361 0.262126064925206 0.408236232198302
-0.0172094564157698 0.0255873492579013 -0.127082845405225 0.331086263409359
-0.0264618556764668 0.0142964631015622 0.0251993633815282 0.041672137930321
-0.00711577538884185 0.0366680047979695 0.188236490326378 -0.31051494056373
0.014011551136405 0.0282860679998888 -0.196689623492388 -0.485074412580083
0.0171747120943065 -0.00956910865623186 -0.484925695056866 -0.0262318107253737
-0.0149414771235175 -0.0224514165125516 -0.138007054329387 0.348071079018762
-0.0191770561377713 0.000150957638540876 0.154502481859795 0.205236151594217
-0.0101863115407672 0.00355800261881949 0.119223204044182 -0.00440373920753247
-0.00891534788666366 0.00817881170033356 -0.0213511406587125 -0.106682221481192
-0.00430432903209735 0.0167105437287234 0.00671389079116902 0.0949704963578027
-0.0117105175358934 -0.00173771868443959 -0.0814484608024561 0.0258690811262739
-0.00998279889368981 -0.0129003051870814 -0.148933230161054 -0.181165931588134
0.00184271999275392 -0.0281859160938642 0.0978661266360099 -0.304701949133271
0.0368295463253358 -0.0139270240767752 0.429205806020125 -0.0530973379685953
0.0153181994530958 0.0385627816233494 0.279586083020285 0.398979977376655
-0.0178642190354333 0.0283916368080774 -0.120124110128009 0.341628853602178
-0.0285882957413459 0.0155106485541594 0.0162684158238474 0.0521066408845905
-0.0097546574297057 0.0393363535668759 0.193308365056153 -0.297326745080403
0.0136492493535355 0.0324022382227287 -0.175665380277684 -0.491490787173973
0.0192027927817877 -0.00759582988170692 -0.48621049340824 -0.0457762579435069
-0.0151450160210277 -0.0260593684731579 -0.154240464791074 0.346146950499412
-0.0212741001814976 -0.0036918713901116 0.149642444680101 0.213755129751525
-0.0123775932312215 0.00148364326745271 0.122277939034232 0.00103373959463637
-0.00992474517791943 0.00753795870995655 -0.0193935987722015 -0.106467483481747
-0.00406028771010229 0.0157912941563103 0.0082059411654609 0.0941818501243077
-0.0118886583102686 -0.00319157034328411 -0.0778611915182201 0.0294154424103991
-0.0119224489683886 -0.0136874837400399 -0.151123219611626 -0.174338077290179
-0.000869367803842173 -0.0284963279296832 0.0861747804603208 -0.304688439631957
0.0344015902755458 -0.0151113790069864 0.423858490182538 -0.0662182313645742
0.0153351663020168 0.0381748006220718 0.292795641590104 0.391885431898292
-0.0171092830364174 0.0271030407957734 -0.1148156996629 0.353155910943886
-0.0269745120320283 0.0132691544008657 0.00711743406305593 0.0624765108640582
-0.0105878395258568 0.0364990582459256 0.195693002657702 -0.284497708149783
0.0112402593872589 0.032922291288379 -0.159533532555044 -0.49346211980137
0.0190555276422619 -0.00599419205141285 -0.489056644088779 -0.0626723095650929
-0.015819765351084 -0.0275708876739415 -0.168851656301976 0.34559644879559
-0.0229464811448958 -0.00612623265221269 0.144945415076459 0.220736445241803
-0.0128931225078249 -0.000560261029648174 0.125506927177339 0.00584091394780002
-0.00971671534918377 0.00672887895974503 -0.0164947208751479 -0.106109254347434
-0.00205277050029797 0.0144718681157028 0.0108499541994381 0.0929905313375709
-0.0107208419963054 -0.00453799135298424 -0.0750689643892397 0.0316009379589033
-0.0122742271697838 -0.0138441454435701 -0.152616338987062 -0.16875361399438
-0.00304357986127395 -0.0265696823332986 0.0780128037795099 -0.304487129757886
0.0305100840231675 -0.0157515978709477 0.418543144644676 -0.0744762250030806
0.0125763427031633 0.0340866824415431 0.301431546695202 0.389020485142919
-0.0147901679355952 0.0202817934426255 -0.11155067746991 0.362468970559953
-0.0211892430057976 0.00726469635333534 -0.00145075272118634 0.0717717088058572
-0.00806623761894414 0.0299770450305975 0.195587606212779 -0.271232644922089
0.00771023808554884 0.0282677150041038 -0.148093247215142 -0.494129252892057
0.0157973333660107 -0.0059267509088106 -0.488769571667357 -0.0742351580198798
-0.01698720159873 -0.0273734093748144 -0.178061939001911 0.344500409459508
-0.0231944250283037 -0.00678262348637967 0.141787160444266 0.225328659249417
-0.0111731435267097 -0.00222217395155819 0.128221267299311 0.00901918501480337
-0.00714414982235925 0.00487824441675473 -0.0137606724675195 -0.106698099323725
0.000323726264820148 0.0120306156218043 0.0142279890500186 0.0923800833468147
-0.00798867860048707 -0.00536492705076081 -0.0722181826071522 0.0317368411141354
-0.0110273148539849 -0.0126114334651495 -0.15278172309355 -0.167608273795278
-0.00456089633030189 -0.0233119069520059 0.0740522821165354 -0.302581476018518
0.0250018455539832 -0.0150178947366689 0.416552501598738 -0.0739859086232313
0.00759722644898086 0.0273311313492358 0.303172206178674 0.389397345805819
-0.0121799143252011 0.0103231466367393 -0.113239612353666 0.368813788770457
-0.0138633046333701 -0.000919328527355175 -0.00634187745737787 0.0776904559321386
-0.00397739436872256 0.0202381259723364 0.193176867473038 -0.264666503659985
0.00371117425008615 0.0203955651889039 -0.144935506335311 -0.49003944205233
0.00977153618137584 -0.00700791495880493 -0.490471793490757 -0.0759610836095332
-0.01918919082812 -0.0248470822026751 -0.182864048518656 0.34553818300261
-0.0224762509098215 -0.005517652097125 0.141673830984373 0.227551197229745
-0.00868151111473048 -0.00264775734771134 0.12950177675525 0.00919420066225038
-0.00351221605774764 0.00284876312638247 -0.0116017733379316 -0.10860140180468
0.00414049942955701 0.00947945584755379 0.0161169711658174 0.090727398008852
-0.00475296627833762 -0.00535135526002642 -0.0709833723380797 0.0293429843418327
-0.00887523663710553 -0.0109689157826709 -0.15119614015339 -0.169462960570707
-0.00456456456967925 -0.0191630890811016 0.0756489308198347 -0.30145141479902
0.0193553358994099 -0.0154662911619075 0.416427719912299 -0.0666945946777953
0.00237378981448361 0.0187463959473229 0.297393901213553 0.397119151121114
-0.00845301012811511 -0.00136712585316017 -0.118036068075099 0.372062122938583
-0.0040892656155673 -0.0107672538512862 -0.00822173464022847 0.0792128073599658
0.00178696170877942 0.00911304371850989 0.1897519271733 -0.263861312842708
-0.00030515774095274 0.0107251477979815 -0.15114489418209 -0.485144115290498
0.00276725440734916 -0.00840903786628711 -0.491055313439958 -0.0668779709462091
-0.0209199020577129 -0.0206273859059428 -0.179678490629271 0.348271348084625
-0.0212035807976127 -0.0031178943047929 0.142781425946956 0.225341120965464
-0.00463264633158664 -0.00183056072432709 0.129887581472701 0.00624221091242794
0.00117834217323794 0.0007853576337383 -0.0103759904957999 -0.1105032925361
0.00764756314589181 0.00688195607373296 0.0183398807462698 0.0898856479716111
-0.000893428111695756 -0.00540520556927501 -0.0715308064485797 0.0258322522356298
-0.00564897461174431 -0.00852559360912981 -0.149314638269972 -0.174606422386701
-0.00383635280446619 -0.0143001875700988 0.0824373460665972 -0.30067340942129
0.013823942488632 -0.015340457095856 0.418783457620026 -0.0543427690112551
-0.0039966266717897 0.00920417319871432 0.290252791888353 0.406798978018041
-0.00414323991984871 -0.0142010719572089 -0.124304703253507 0.369741351844642
0.00636874079153839 -0.0204879064567696 -0.0060565306925958 0.0771762625716045
0.00716322001416601 -0.00200391465192646 0.185326404817972 -0.267694665580161
-0.00416328641358801 -3.82735443251389E-05 -0.163437091219828 -0.479566241587749
-0.00455427893783385 -0.0108830591438421 -0.491377601669737 -0.052293725685354
-0.0230350831976625 -0.0152182879121326 -0.170127796620762 0.350811505316971
-0.0181148745501804 0.00118796107730733 0.14645867670876 0.220157906129822
0.000296953161067355 -0.000924107634767002 0.129308764801963 0.00169753445651506
0.00639363604783856 -0.00113852186492173 -0.00955376652650048 -0.112256673466554
0.0105156294073229 0.00510887513791586 0.0190173175968025 0.0896139816534281
0.00236678145647543 -0.00407120530068071 -0.0735076177157802 0.0203576846713767
-0.00242270580050822 -0.0059138505621843 -0.145803580458847 -0.182212045194953
-0.00352761939872893 -0.0098438471988987 0.0944140394885327 -0.2979349515166
0.00952652710046434 -0.0159055684490281 0.422353788629141 -0.036215360345332
-0.00834113275777864 0.000775830345862576 0.272336839549194 0.418726694366598
7.52764889502943E-05 -0.0241255521621603 -0.13313240245597 0.362412105309608
0.0138610361205772 -0.0283538949867695 -0.000395026510142337 0.0704255217209889
0.0116087094687748 -0.0109002994008942 0.179132725208462 -0.276958979817859
-0.00759211242336229 -0.00868516011951702 -0.183827459849135 -0.471856853126685
-0.0104725397288517 -0.0123005568218873 -0.48964315518122 -0.029485236375552
-0.0232259872471827 -0.00959441923814012 -0.155005042822554 0.355087943466256
-0.0151201702094425 0.0057589583687999 0.151378738777526 0.212417680128828
0.00509665864181979 0.000459144723132736 0.127040689183864 -0.00465023550474034
0.00894223884749146 -0.00226960104583576 -0.0102995794694229 -0.114294248437893
-0.0041532603325836 0.0158468742099637 1.14703777739647E-05 0.0947687151637789
-0.0098789255647493 -0.00059106756215622 -0.0845080790342037 0.0161161146806446
-0.00886359450876989 -0.00907349363435538 -0.133392728730024 -0.193207526019323
0.00285149352178454 -0.0252833610765214 0.12386058373966 -0.293062090449371
0.0333191622984325 -0.0156839213837364 0.427189789942124 -0.0187758663845195
0.0133036564725257 0.0341941709146572 0.239199114357123 0.40983459943309
-0.0197396649735634 0.0270096315189667 -0.137932831269118 0.321657522886579
-0.0273405946539481 0.0122975504082177 0.0233014868022837 0.0420198666209346
-0.00704901563122113 0.0339233703383587 0.196230358405534 -0.301305887891891
0.0103302614517864 0.0266826512773302 -0.178477680018219 -0.485938060595039
0.0141965458801175 -0.00728429435647538 -0.475699794766126 -0.0436270946641143
-0.01476882422861 -0.0164997509362232 -0.150740410634359 0.33477537713694
-0.0167703430915563 0.00270863950929762 0.141073417341831 0.20781127822256
-0.00842030590123499 0.00376488995548833 0.117695393274108 0.00153143727530519
-0.0101918758595541 0.00644956677043877 -0.0144549041613137 -0.105420504154527
-0.00450559605905095 0.0159507331894801 0.00157041555214157 0.0947753722305553
-0.0110996144148591 -0.00195539675446389 -0.0815256467588788 0.0210035724643225
-0.0114006770724088 -0.0112100500079473 -0.137302958452352 -0.184995746071329
0.000608338888897718 -0.0279111030802818 0.10973721842683 -0.295594280374608
0.033755145033796 -0.0164419591425518 0.42362284477141 -0.0356921512471024
0.0153486460576524 0.0368862045557144 0.25618522366474 0.401286683638733
-0.0205560095494346 0.0304046713712943 -0.131194525413612 0.333473922898598
-0.0297636442504922 0.0141543661909981 0.0138542260553002 0.0521979359735361
-0.00972056292364356 0.0354272672861881 0.200382501776578 -0.288195238066024
0.00960706546029282 0.0307294650085849 -0.15897274635136 -0.491380793619919
0.0167593661270315 -0.00559285005501974 -0.478321825528439 -0.0627045708175647
-0.0147357752476704 -0.0200023638040327 -0.165772456364327 0.333068366344604
-0.0194623889877828 -0.00118698202776082 0.136160524188157 0.215148808399877
-0.0108080410280009 0.00125705162926872 0.12028918595716 0.00729018617864173
-0.0110478079340587 0.00647516560022584 -0.0127832488634497 -0.105639201046439
-0.00389465853420323 0.0153074390242338 0.00364266895110418 0.0939016265440851
-0.011214576110884 -0.00357998133800569 -0.0785330011172012 0.0248177943202251
-0.0129844996897945 -0.0121669224750159 -0.139838759101069 -0.178474664571664
-0.00218903544268919 -0.0280829547324868 0.0984000317275121 -0.296610664475591
0.0314666912006682 -0.0171651476956973 0.418150860771669 -0.0492886510324444
0.0148688586991274 0.0359449748528495 0.270221078946631 0.395170403475532
-0.0194078900133838 0.0283315428495399 -0.127059220706095 0.344334353300178
-0.0281462943460738 0.0122050845746516 0.00451628470075419 0.0619821938480007
-0.0100701382237072 0.0333310839365576 0.202315290778977 -0.273557671948491
0.00744189471434125 0.0306696121588399 -0.14203018442774 -0.493114554012579
0.0157472061842401 -0.00465651078425991 -0.477668300966532 -0.0793367373588869
-0.0155369347371932 -0.0211531460525271 -0.180620928165648 0.33125476218196
-0.0204794435570522 -0.0038659300698108 0.131222742293789 0.222800518758335
-0.0109303140929943 -0.000227679179662904 0.123266759362275 0.0113622754503707
-0.0107974055581851 0.00612484950196231 -0.00967640887821059 -0.104953567561654
-0.00185893413578011 0.0134927244275411 0.00598820348551649 0.0930752924113847
-0.00963552119508616 -0.00439790879053641 -0.0747331779068405 0.027080413839308
-0.013088001844152 -0.0122526984486765 -0.141703463677138 -0.173502792108518
-0.00432228290182842 -0.0262755179490029 0.0897578726357083 -0.295500280453983
0.0273110897658138 -0.0176142488765762 0.413545095592032 -0.0564389990919922
0.01272575404435 0.0313262265947608 0.277973663751184 0.39282218270782
-0.0169996730685209 0.0221369385679753 -0.124205870252831 0.352947746028743
-0.0223917918570936 0.00606251579648996 -0.00352100470716629 0.0702406822461048
-0.00782268691933206 0.0268843696422537 0.202062424410214 -0.262303055569501
0.00422003098447606 0.0261011260195768 -0.130743933116741 -0.49137528918845
0.0123354908502787 -0.00411397879387068 -0.478427106331334 -0.0912318499210032
-0.0170075153743832 -0.0209023184800953 -0.190384497602793 0.329914837005949
-0.0208729213674758 -0.00399174625840675 0.127820072571873 0.227357569441727
-0.00945646540229214 -0.00174894079901728 0.12555477457179 0.0149154157022691
-0.00829005007084101 0.0038746641887277 -0.00707885969152016 -0.105233861739139
0.00123358469172814 0.0114942224448522 0.00894538269831759 0.0921143801634687
-0.00736681586261364 -0.00538136688584853 -0.0733740441990228 0.0267110284085733
-0.011638638322475 -0.0113025195231702 -0.141541739204595 -0.171986535226641
-0.00553212890360621 -0.0230081429843827 0.0853574415126759 -0.294467398049069
0.0219758925780315 -0.0175343015850609 0.41126767036977 -0.0565067327606139
0.00813478014940571 0.0241124431835064 0.280675653992892 0.394351842232256
-0.0137242842664382 0.0125520933596629 -0.125549999404945 0.359317070244124
-0.0139759044684668 -0.00183353666838058 -0.00876675061237389 0.076346211506191
-0.00286049423302976 0.0176806069180131 0.199280463829173 -0.256449059759491
0.000780225641624343 0.0183477735928934 -0.127802307583602 -0.488202581821976
0.00660813633719054 -0.00565424756258668 -0.479267902544776 -0.0925607209269883
-0.018756447959182 -0.0183573298479829 -0.193475020582514 0.329762218285719
-0.0203749995266422 -0.00266777431503874 0.12727594414693 0.228582115565809
-0.00637678568374452 -0.00205781739187825 0.126995531544147 0.0151034503300738
-0.00416668388588981 0.00199050022238345 -0.00441275778518769 -0.106637809950818
0.00445530897361501 0.0089854496861328 0.0113419399540449 0.0909450017407671
-0.00397454795840362 -0.00540867451078889 -0.0713119675887209 0.0247524168395714
-0.00976893806833328 -0.00942133202252043 -0.140739135758166 -0.173614719198066
-0.00611820503180639 -0.0188982847505843 0.0885856904518678 -0.29360975912799
0.0165414936759794 -0.0181359624394189 0.41060337756498 -0.0493410125752043
0.00328029537846554 0.016060069052092 0.274162832111289 0.400257913495432
-0.0097588172640663 0.000668214570448866 -0.130641209593243 0.361387211661753
-0.00359913927863593 -0.0109583504901901 -0.0103327874263604 0.07768067196101
0.00305337211558448 0.00682017110515919 0.196395221590326 -0.254706562122426
-0.00316358948945117 0.00832717295065935 -0.133775044556047 -0.483529835225804
0.000151634528244025 -0.00796481676162279 -0.480761620822562 -0.0842130464896135
-0.0212567320984423 -0.0140798911005041 -0.191223549667929 0.333280117143858
-0.0188780841083123 -0.000366624020266064 0.128931456629033 0.226957505072042
-0.00258277226261048 -0.00171438340761601 0.127484614114017 0.0130826054874565
0.000354729998375217 0.000157474098740094 -0.00322938425055368 -0.10816271349891
0.008590123901816 0.00684794037417827 0.0131251729836865 0.0897896780640537
7.61377262087663E-05 -0.00484289705219474 -0.0718934679920985 0.0212121120888506
-0.00659993277072114 -0.00658862202623275 -0.137727375526516 -0.178713996838324
-0.00620706820429248 -0.0137025543926064 0.0952164621286013 -0.291233079906693
0.0109479064524075 -0.0185986148332227 0.411736641949133 -0.0365529273503161
-0.00164924071047141 0.00640962009315578 0.264471817862141 0.409287806129729
-0.00454451070196515 -0.012181676365487 -0.13667172588353 0.359350302458375
0.00732173779229339 -0.0205298135497013 -0.00826242707871854 0.0753386084193738
0.00949209154601327 -0.00495524387341688 0.192127958129316 -0.258567670253657
-0.00686885524503476 -0.00314818098803632 -0.146518079944188 -0.47793512567206
-0.00776438199208381 -0.0101489117548457 -0.481992801755212 -0.0694587233222107
-0.0231343000504366 -0.00852169131970469 -0.182787013563105 0.337262754266604
-0.0160050515068392 0.00422703651674969 0.132638528943004 0.22250659736831
0.00302364429919408 -0.000562482257135443 0.126655574082668 0.00870266527240697
0.00511622031183813 -0.00213402709243444 -0.0025824702966584 -0.110212981039379
0.0114411058585438 0.00521307758547279 0.0141554452439631 0.0900953276025867
0.00325263942923745 -0.00376625111904295 -0.0735063786486492 0.015981586772372
-0.00351706278474782 -0.00351653174832208 -0.133155692708866 -0.185754487830469
-0.00542605395857997 -0.0102290044944646 0.107000465012791 -0.288852295111252
0.00649573645392304 -0.0194841160784857 0.415340933399734 -0.0177629044001669
-0.00586116295952775 -0.00183627360248048 0.247651818531114 0.418922616285818
0.000146650373853731 -0.0214329332234386 -0.145835367646611 0.351467195344555
0.0154275623860868 -0.0277087897706114 -0.00214750651269245 0.0687427443487951
0.0140055801006123 -0.0131640134497857 0.187069929979243 -0.268220545861171
-0.0101740364060436 -0.011276104155582 -0.16621379930758 -0.471489991020843
-0.0132434944835832 -0.0114944840129215 -0.482012533381608 -0.048644014656428
-0.0238604941603464 -0.00337431693935081 -0.168429191462539 0.341438164916378
-0.0129749977030163 0.00834119650385974 0.138183355419975 0.214794927763087
0.00667477363120971 0.00111761371974471 0.125469567998046 0.00240364428097441
0.00815226891840965 -0.00346117999006368 -0.0032140937085605 -0.111991706386505
-0.00349760222694566 0.0152058368690262 -0.000353197237159002 0.0942326630289927
-0.0100304984013018 -0.00024563727935947 -0.0836986529931644 0.0153269285185726
-0.00868043811972651 -0.00911950656908015 -0.132536173598967 -0.192094663181678
0.00269905607385549 -0.02564226449345 0.122747696200912 -0.291147055748712
0.0328868514821546 -0.0156074945376263 0.423350157740023 -0.0188758904925658
0.0134884701351588 0.0342624607316455 0.237070787275555 0.406110913399052
-0.0194957261805963 0.0264091449074342 -0.136685577745581 0.319700216952116
-0.0275054002645113 0.0120343374502088 0.0233933589216247 0.0420134970141598
-0.0065215810259995 0.033129190085299 0.195036326874793 -0.298535759545852
0.010593299020959 0.0266474082484939 -0.177836089096801 -0.482458672591775
0.0142783728075769 -0.00760842578491235 -0.472647416567007 -0.0426240539088392
-0.0143314347265261 -0.0165158763433086 -0.148750631589085 0.332652499112785
-0.0166094887595489 0.00234133746926453 0.139885638841631 0.20611037905037
-0.00823398652569505 0.00310770219005523 0.116295859143471 0.00180674580699341
-0.0101526967059395 0.00672153518769562 -0.01454967104301 -0.104427364272569
-0.00422604889214956 0.0153908426930961 0.00158192071933313 0.0942161732524118
-0.0112303849410315 -0.00187656314417072 -0.0804521923006527 0.0204316754134541
-0.0110864399446012 -0.0113739032175764 -0.13641742350375 -0.183653723074457
0.000723003537794621 -0.0273503806525483 0.109203947126166 -0.292563515586192
0.0329273333875464 -0.0156693244859053 0.419407780421618 -0.0348399419300823
0.0159106354379012 0.0371160209717289 0.25481470655902 0.398149882192153
-0.0202455056177044 0.0292458553872956 -0.130046894338871 0.330155495555477
-0.0298439691458952 0.0138178266375735 0.0137977922229155 0.0515749404637848
-0.00939521770466929 0.035054928990249 0.198989142775135 -0.28543346001908
0.0102851055031459 0.030656437403843 -0.156987340367806 -0.487796446216676
0.0164917372700409 -0.00531946049988875 -0.47347791320687 -0.0612437705125864
-0.014435904367365 -0.0199445920464659 -0.164437924747062 0.330047194793921
-0.0189390190719339 -0.000874660449912537 0.135124219918834 0.213750462774305
-0.0105427316847091 0.00156632408711627 0.11908828984721 0.00730259292549157
-0.0105356468776727 0.00639343247483507 -0.0128023343420623 -0.10463224121452
-0.00315407589555553 0.0148476235960519 0.00360748296984766 0.0933356920171445
-0.0112883666057207 -0.0036548316475328 -0.077457541334322 0.023774269537594
-0.0128511742783182 -0.0127027381063368 -0.139559503367782 -0.177150189579217
-0.00188335629224083 -0.0279484830521213 0.0964526815639575 -0.294102485967209
0.0308469844720677 -0.0168351431068154 0.414193985232858 -0.0476878178573414
0.0151481392503563 0.0358414409220795 0.268425255783611 0.391989501976988
-0.0192126628177807 0.027868069027075 -0.125435177154019 0.340483109410198
-0.0277114074112 0.0113585143727929 0.00466768369645125 0.0613502764676316
-0.00993945326316068 0.0327139710865134 0.201268348626589 -0.271560963130191
0.00769505926479459 0.0301774534710458 -0.141131861358028 -0.48920922968347
0.0155624428927129 -0.00417137955136095 -0.476128718747229 -0.0777133715030766
-0.0152798671448948 -0.0213110470920889 -0.178034659325758 0.328752346967093
-0.0205582699015915 -0.00322666762106972 0.130524406595599 0.22054162156119
-0.0108289716483416 -0.000561037215951344 0.12163533812875 0.0116556596227554
-0.0101630744582331 0.00542352402849066 -0.00997368747289297 -0.104359895289956
-0.00149264160951638 0.013149690739407 0.00572675576839889 0.0924399995677872
-0.00983378542856546 -0.00447469367768796 -0.0745168368146097 0.0261186939666226
-0.0124938797926663 -0.0123751921050038 -0.141080176671849 -0.172171863757735
-0.00420778262779538 -0.026127275449484 0.0882423294646426 -0.293061039681312
0.026894964691169 -0.0171183110195971 0.409956953665553 -0.0559551725990313
0.01301293644822 0.0317388895748916 0.275679262201658 0.389377471342298
-0.0169907416007759 0.0214673890649157 -0.123776338452527 0.350428700305712
-0.0221768005892292 0.00568967344453226 -0.0034479642543974 0.0698934145987281
-0.00728208470850715 0.0263766210990302 0.201040403382193 -0.260040530034828
0.00424868624448309 0.026128743319938 -0.12866613071005 -0.487270040094154
0.0122930194301704 -0.00434218188635492 -0.473927575485998 -0.0880145317230134
-0.01714882135143 -0.0206353137374926 -0.188403098439287 0.327100703090874
-0.0210030113129024 -0.00433778948394204 0.127033832453911 0.224962513371515
-0.00934357509316325 -0.00180061947645478 0.123841444978702 0.0145864633828148
-0.00758041449038781 0.00404734861143239 -0.00666194329849353 -0.10455513518205
0.00142343373524212 0.011329451552483 0.00878027107760385 0.0917078908543624
-0.00772288092386071 -0.00539583256986754 -0.0719505205254975 0.0263063209066374
-0.0119323210513971 -0.0111843793344018 -0.141391495697082 -0.170450813248212
-0.00576518274597418 -0.0232660857356183 0.0848884972018478 -0.292299420924868
0.0218247269498266 -0.0175562487681393 0.407421914051691 -0.0558179828247715
0.00830355105392926 0.0246087581505965 0.277140203069566 0.390145447323729
-0.013270617562179 0.0119809223488122 -0.125263396614756 0.356005334271492
-0.0138026364559214 -0.00204284781900583 -0.00868624750702803 0.0753827242362151
-0.00245211514332271 0.017611903474098 0.198757066686236 -0.253290017720911
0.000697169951201827 0.0175654512254691 -0.126644454112085 -0.485120240095487
0.00682000012953277 -0.00555046724293481 -0.475505430509887 -0.0908413756901938
-0.0189467434942777 -0.0182661926768638 -0.191995040197348 0.327212531789266
-0.0202892501290884 -0.00282231520229327 0.126565543482437 0.226806112073236
-0.00655281272290734 -0.00200016032366443 0.125632949389805 0.0145957723269709
-0.00397464531203288 0.00209432865616587 -0.00439957975016817 -0.106191483462061
0.00493193791918994 0.00896045331393664 0.011400768066715 0.0906013290119838
-0.00402553701412565 -0.00576013390295704 -0.0710657469170594 0.0239280726739175
-0.00942838558624215 -0.0093942677308336 -0.139798541201827 -0.172529632310142
-0.00546571158583572 -0.0193728681356005 0.0868158049166061 -0.29029402908948
0.0158574120522377 -0.0178526598495157 0.40691240561087 -0.0486515536994515
0.00339071807584468 0.0162925631099841 0.272962902265406 0.396636267141895
-0.00965861715903121 0.000572700239501822 -0.129098373011656 0.35838998613602
-0.00361809440808394 -0.0111524862594902 -0.0105337614984016 0.077127347510234
0.00292628776891347 0.00650195482419222 0.195274627816809 -0.2517724820842
-0.00262902060412261 0.00848131132720751 -0.132891875512334 -0.47839054840798
6.52629316882374E-05 -0.00737169297669344 -0.477036697559814 -0.0833781368918534
-0.0210023794892586 -0.0139682663277227 -0.189527235298529 0.331048054347194
-0.0187597788475711 8.65262348317521E-05 0.128250372983185 0.224816209573206
-0.00214170121591913 -0.00192555544816587 0.126383136230952 0.0128393977286104
0.000223115531243035 9.69194347091424E-05 -0.0027308013585696 -0.107392381096365
0.00892531952554349 0.00648935452588684 0.013153848261536 0.0896331556977162
-4.37569301068241E-05 -0.00494510194320448 -0.0711443097754663 0.0201653753615769
-0.00662004570173544 -0.00672988758712714 -0.13733728765014 -0.177751106318011
-0.0056097031694642 -0.0139159978651746 0.0933414104967176 -0.289002795665766
0.0103017117831232 -0.0182911694909109 0.408083098329934 -0.0354605572653461
-0.0020449411582262 0.00596742579959458 0.262196416993602 0.405294474919105
-0.00446421785290878 -0.0113608948282382 -0.135598198081321 0.356136710827598
0.00720755491154064 -0.0206662606481419 -0.00831145432672198 0.0750479603179488
0.00954473679641139 -0.00464185894123998 0.190824455972012 -0.256290789356696
-0.00693313476201086 -0.00265856143594026 -0.144883581043772 -0.473960851361921
-0.00770399099251939 -0.0100327643458203 -0.477587381149224 -0.0697964514161815
-0.0231677249860191 -0.00851982087718443 -0.18052140724303 0.334505186638097
-0.0158599495084435 0.00416147908040841 0.131668553164764 0.220270623847141
0.00264856250873239 -0.000767614909343704 0.126197248643743 0.00867229338525926
0.00499107800723836 -0.00228209978885545 -0.00261067468881333 -0.109304234700233
0.0116163930377375 0.0048743592684519 0.0139751333833149 0.0888574131871988
0.00289869614771988 -0.00403438092684051 -0.072415203833554 0.0149947613190314
-0.00404179679768376 -0.00364327119383863 -0.132974929069629 -0.184852190342513
-0.00461656382384826 -0.00997719016710121 0.105240209116431 -0.285635334789497
0.00656363355368214 -0.018949216065014 0.411725485911678 -0.0177066571800968
-0.00577238356281851 -0.00210804295288712 0.246431147220247 0.41645105229946
0.000438975820181292 -0.0216961694028311 -0.144360750354752 0.347898053091432
0.0154577918737013 -0.0278767936228849 -0.00202083283490299 0.067786373839234
0.0140274184248038 -0.0136250634518802 0.185612400341876 -0.26588974346455
-0.0097298788364073 -0.0111413893210948 -0.165081449783329 -0.467490693744083
-0.0135299479444732 -0.0112979853868404 -0.477824303212463 -0.0478971339506289
-0.0233289800473204 -0.00307096887952755 -0.166200256131361 0.339152679798937
-0.0130499491472444 0.0084468561058831 0.137384200899585 0.212717845545864
0.00721027034755411 0.000981237359164954 0.123998563565253 0.00237947341167641
0.00850191525540945 -0.00345103485833657 -0.00323955011280902 -0.110859786166643
-0.00310486628147391 0.0149569515186019 -3.8923503845264E-06 0.0936859411724478
-0.0100749943903972 -0.000956213996448167 -0.0826633008929085 0.0144410470552158
-0.00895020333175895 -0.00917598796964161 -0.132277171680587 -0.191564676894656
0.00257799465325694 -0.0254053461810005 0.121976799583195 -0.288473599492306
0.03247633181923 -0.0155361584869894 0.420760161651045 -0.0167226798741833
0.0130652760761466 0.0343843279880464 0.234469474430096 0.405086536769682
-0.0189942086420756 0.0259755283360718 -0.136465152787192 0.316269164075037
-0.0273321660838358 0.0120178496564629 0.0227842065995569 0.0410468981795071
-0.00623206451310818 0.0325254730635542 0.193715047923419 -0.296271795319226
0.0109157026383875 0.0263974867332409 -0.175060956791798 -0.478846089286649
0.0141727443315388 -0.00709779207231044 -0.468537048233948 -0.0426171409625751
-0.014475415633895 -0.0162457322935055 -0.147729532156688 0.330364450738946
-0.0163177221069303 0.00282251666845946 0.13937994700389 0.2045822526001
-0.00839946993605652 0.00349911888411789 0.116010245074332 0.00203140965874831
-0.00955426369286697 0.00666391238709988 -0.0144444008514603 -0.1041648532216
-0.00386666096070713 0.0153828644698893 0.000964256493043992 0.0934016746164399
-0.0112136626300645 -0.00238811426534763 -0.0806354398388003 0.0192364143411765
-0.0110856387395856 -0.0116731769788251 -0.135891922005576 -0.182524806251546
0.000783113174252048 -0.0274777139897887 0.10798914070669 -0.290177346385569
0.0327247463354098 -0.0157923517565966 0.416070598096375 -0.0351803130431715
0.0153323858417096 0.0367477151313041 0.250313047081262 0.395207122448335
-0.0203183581539997 0.0287837651860828 -0.129928070759096 0.326658660276757
-0.0294596732275163 0.0131064311905137 0.0133955556217756 0.0511174099421889
-0.0091592186656254 0.0343434781133073 0.198503717523029 -0.2824025504415
0.00947607773322555 0.0300730772785646 -0.155781820748438 -0.484270579340448
0.0161380678077265 -0.00547564833056136 -0.470610694903639 -0.0618382675458866
-0.0148356713706297 -0.0194838113281239 -0.162858487781329 0.328325302970002
-0.0184889330555773 -0.000897012750454181 0.134652178463284 0.212176883170137
-0.0103776196644284 0.00177956460777385 0.118085149949479 0.00728748933454657
-0.0108532044061388 0.0062383323637967 -0.012438774295572 -0.103478972875015
-0.00322286682879852 0.0145178040075973 0.00303877230395972 0.0928719292419034
-0.0112273156887206 -0.00378619321331003 -0.0769064717090752 0.0233828176130253
-0.0127155545921153 -0.0124765773970206 -0.13914160274588 -0.176211682608963
-0.00133035129723491 -0.0274398456108569 0.0963977149137335 -0.291260061436284
0.0305799694488936 -0.0166788164189396 0.41095612985377 -0.0472690148086161
0.0151588974996893 0.0356252530666233 0.264231203134434 0.390133163535083
-0.0190084376670589 0.0274613584029313 -0.124555603732988 0.337859974066424
-0.0277987915536448 0.0111081269241009 0.00412280973018724 0.0609963294400544
-0.00945855824605401 0.0324635696326932 0.20070642225696 -0.269267731280676
0.00792027419717156 0.0306319540023088 -0.140052155960509 -0.486831651449399
0.0155415976821368 -0.00415348181871871 -0.471323097848676 -0.0780157085912899
-0.0150586450007413 -0.0214069792041662 -0.177057807465276 0.325584605924368
-0.0206728006900861 -0.00346545323123193 0.129469492388811 0.218971068826295
-0.0107633444190207 -0.00045437908848419 0.121226983767995 0.0121737649494915
-0.0101036176922152 0.00529312638485005 -0.0095394820207951 -0.103164614232652
-0.000959122782494877 0.0132007780413136 0.00600342989312517 0.0919685713827881
-0.00998505093825549 -0.00502872420725204 -0.0734711248566935 0.0248434729778844
-0.0127123348072486 -0.0124698690580455 -0.140228934671131 -0.170721765790265
-0.00351727592972242 -0.0263710683073987 0.0884979759838074 -0.29123847007637
0.0260904694750367 -0.0167043731172347 0.40683600674648 -0.0542163398661172
0.0128390036715286 0.0314680328628614 0.272598582619801 0.386007056358231
-0.0165790744580735 0.0213656119794907 -0.122715473218369 0.347034298344816
-0.0219512253158051 0.00541771131359946 -0.00347235218375271 0.0697948737382798
-0.0070387323570991 0.0254389029151604 0.19935390079402 -0.256619510730705
0.004748047373865 0.0264744140756647 -0.127788235391341 -0.484277087526742
0.0121361501704545 -0.0041537113613395 -0.472334275129302 -0.0881691599382094
-0.0169462510070741 -0.0205914711602613 -0.186761143378219 0.32466626651546
-0.0205520532810813 -0.00405185599604044 0.12608696924533 0.223773804333193
-0.0094699669456805 -0.0017255213798913 0.123428099162358 0.0152859120519781
-0.00800367979745729 0.00376371232707285 -0.00677951709560697 -0.103962632411324
0.00192401138717082 0.0111096517453344 0.00866218015006759 0.0906878249855829
-0.00755582756643807 -0.00548804018620558 -0.0710109342316115 0.0251705685730431
-0.0118222687360536 -0.0113668211632012 -0.14062864960817 -0.169637426748561
-0.00497838366813305 -0.0234695581643298 0.0845040874214857 -0.290308851607965
0.0214679522214626 -0.0176050892538225 0.404827958137688 -0.0539727822077358
0.00851716112306566 0.0243466841224152 0.274814148810977 0.387725598140811
-0.0131491329149787 0.0121653321458998 -0.12409815025037 0.353059188174241
-0.0134894400075577 -0.0021493213788466 -0.00883961185254815 0.0747397239152265
-0.00242348536389509 0.0168391895602369 0.19761412035513 -0.251296877741166
0.00165149685833178 0.0181620797847657 -0.124874450573254 -0.482457595328525
0.0063422543867963 -0.00583679006559985 -0.472747942870465 -0.0910405511004488
-0.0188134490742434 -0.0181872475834015 -0.19094990840809 0.325363104019894
-0.0200396217821742 -0.00279728772929907 0.12576651142848 0.225128589444451
-0.00592477614170299 -0.00234401920157539 0.125027578900072 0.0147406530032275
-0.00394103039745619 0.00198652721632178 -0.00446818230665312 -0.105156905773483
0.00548880710846134 0.00880158199084954 0.0111832686444574 0.0896813143797322
-0.00396212253456624 -0.00590853706075689 -0.0702227856852623 0.0230991421516153
-0.00922835028072525 -0.00981390810580347 -0.139010155912756 -0.17185727842142
-0.00557693062351281 -0.0192774277455014 0.0866665885284042 -0.288340729749159
0.0156953410539792 -0.017909358502775 0.404640833523763 -0.0469131768831201
0.00356566995603575 0.0161773925540643 0.269192782456567 0.393755024884714
-0.00963785626973618 0.000218488721110136 -0.128561839572265 0.354683553022004
-0.00406008129726792 -0.0113847099440109 -0.0102490248858567 0.0763272061979878
0.00346656568580421 0.00607123914248781 0.194537011065367 -0.249420258780619
-0.0023429763249057 0.00869655530122231 -0.13184508488975 -0.47558243251618
0.000137175414774312 -0.00719459728142845 -0.473868026844243 -0.0824790786625183
-0.0212824391725895 -0.0138315481871104 -0.187743426042691 0.327977815796717
-0.0184822135321427 -0.000107801096020521 0.127226905079459 0.223229283898365
-0.00186972129948851 -0.00200090553434515 0.12465260127168 0.0130650713620432
0.00028083314679447 0.000117568375073663 -0.0029493543659615 -0.106683137443405
0.00913311847720187 0.00612058350339681 0.0128316841347756 0.0890116729286842
-0.000181840457693385 -0.005037313387131 -0.0702017881258726 0.0193519450724745
-0.00680709096964576 -0.00676945094806879 -0.136739395451436 -0.176465817367831
-0.00551972139271953 -0.0143871597785765 0.0926221774338508 -0.28599334690546
0.0102483664334127 -0.0182288673908678 0.405866374664187 -0.0347355584536541
-0.00183487583624947 0.00638299527559038 0.259532801536585 0.403097931213062
-0.00389368783558696 -0.0122674248947762 -0.135711110974183 0.352848975500994
0.00710714520755189 -0.020544304127993 -0.00840508983299739 0.0739177850767295
0.00953670563136874 -0.00509352898296822 0.190322365571226 -0.253948591863289
-0.0060164476337365 -0.00233369969443009 -0.143688892225797 -0.471027514129538
-0.00759077517501173 -0.0095479960632668 -0.474412846728788 -0.0691946036602007
-0.0227623577167568 -0.00853990830758408 -0.179538939424749 0.332267119732296
-0.0162114284934261 0.00411355285863515 0.131304695166574 0.219011485540709
0.00275753697042708 -0.000606637109175858 0.124510500363341 0.00877105759463641
0.00512322138486384 -0.00214808251365737 -0.00243491211453062 -0.108424575807065
0.0120867482052497 0.0048026776809096 0.0137916019396197 0.0887632772328433
0.00274022622678031 -0.0037817788925352 -0.0722599821838412 0.0142026974543532
-0.00366352267736724 -0.00356719355576322 -0.132570316354568 -0.183757778632961
-0.00464525934012958 -0.0103526512116563 0.105128818585517 -0.283139375847241
0.00650143184998042 -0.0190489127161065 0.408459073339036 -0.0162817450594058
-0.00590604357912752 -0.00199093932052359 0.24282526531674 0.413847426322805
0.000309844416800533 -0.021853541669493 -0.143120679981492 0.34494475217191
0.0145636097685572 -0.0275181657761692 -0.00258282200695202 0.067462585183183
0.0143745141064773 -0.0138598375541742 0.185202070680233 -0.262939629547459
-0.009115154458316 -0.0109073246200964 -0.162682003187863 -0.464326409205593
-0.0131768369919706 -0.0114150890038525 -0.474389498617308 -0.0474572192598815
-0.0237896118335547 -0.00325061887201007 -0.165249817518435 0.336834183680569
-0.0128135630206582 0.00826137248342188 0.136275517039052 0.211341700603179
0.00695344638244812 0.000756950646979336 0.12338447953256 0.00255962746197676
0.00821283196969087 -0.0035225034754876 -0.00342826122169285 -0.110581793312622
-0.00300351851540215 0.0146239658213466 -0.000503168627750774 0.0932781887459156
-0.0103263585617831 -0.000770364897512765 -0.08245133638836 0.0136247064132901
-0.00889829897440707 -0.00925584950970058 -0.130959184900756 -0.190744132370111
0.0030961729359186 -0.0257557953313588 0.122193129491498 -0.286138751339976
0.0320980140833103 -0.0150529801569087 0.418637033149862 -0.0158589013503934
0.0132774523095738 0.0341181673907601 0.23194112042931 0.401015377074377
-0.0194200256032889 0.0248954477046797 -0.136151836632463 0.314081390967674
-0.0274728117106681 0.0114270584975728 0.0223171316273243 0.0412419337628848
-0.00645839565111452 0.0320559768990262 0.19424393879834 -0.293657701987494
0.0107250216664739 0.0265320846096253 -0.171712545786775 -0.476554372902166
0.014027230141522 -0.00727530937036875 -0.466459831321466 -0.0438522637867133
-0.014499138556032 -0.0160353306553156 -0.14777949880781 0.328028865017828
-0.0166074191953983 0.00247992783380962 0.138308889631014 0.204169853528276
-0.0080771440227186 0.00364884291256907 0.114670387417843 0.0022125639366578
-0.0099817532979132 0.00655756768928039 -0.0138101423917694 -0.103409532821981
-0.00338997459340907 0.0146968929478086 0.000982408856662042 0.0930445691791397
-0.0121163942594214 -0.0026285531146719 -0.0796233888682373 0.0182602199101441
-0.0109855697921071 -0.0112944635616536 -0.13539024706154 -0.182064072003256
0.000761529377317248 -0.0279482124841927 0.108608037705826 -0.288823529493043
0.0322855667283879 -0.0154402223118441 0.414212188426394 -0.0326819094131631
0.0151662972360733 0.0365308260266747 0.248191314085434 0.394229312816503
-0.0201391532516477 0.0283467412753965 -0.129658007610307 0.324910309477151
-0.0294270367423362 0.0128712220312951 0.0132280283990324 0.0505210563955469
-0.00888070013140536 0.0339723261294805 0.198582845704644 -0.280216813817994
0.0103980363836304 0.0304520682150649 -0.153161827303493 -0.482049767883399
0.0156609534096202 -0.00548883571643265 -0.468402364155522 -0.0635014234158612
-0.0144536450829307 -0.0195878986426204 -0.162792756145271 0.326032535385749
-0.0188231102235239 -0.00120692007301475 0.133006405900669 0.21160207897053
-0.0103901261551801 0.00119855504631913 0.117223081034927 0.00791964153803939
-0.0105007039739388 0.00623416899557116 -0.012096002026061 -0.103208214391296
-0.00286608746182546 0.0141998475556032 0.00316052396380613 0.0922257403168524
-0.0116919695753414 -0.00362054514517327 -0.0761637537346918 0.022320650412977
-0.0128967792295573 -0.0122919138192318 -0.138180778928999 -0.17579245028854
-0.00161238120332004 -0.0280421175396445 0.0966378246701241 -0.289507519652602
0.0301964667271547 -0.0162164736887397 0.410065838004516 -0.0456466199166191
0.0149646789969117 0.0356655996000078 0.262097180416703 0.388180349202595
-0.0188438327831848 0.0266309980909416 -0.125158563209475 0.335508963216606
-0.027659561210455 0.0109269043471167 0.00423475866412755 0.0603345334457375
-0.00967502260056238 0.0314583393435212 0.200663179690765 -0.267335560513937
0.00801062381050797 0.0303047044307383 -0.136977955835992 -0.482661558020128
0.0154223776803853 -0.00398535699927693 -0.469604182398972 -0.0786128950864528
-0.015001491734532 -0.021125300080089 -0.17720636570533 0.323724123573549
-0.020269648220409 -0.00331779626587313 0.128626227955766 0.218239028842291
-0.0105449797629588 -0.000589622611111168 0.119951008283374 0.0123627173242652
-0.0100873202259934 0.00531932020004158 -0.00958956714575347 -0.102649087143121
-0.000787046137806807 0.0127311985165902 0.00554696965900371 0.0915824909279412
-0.0101973267962393 -0.00508667402691989 -0.0730382762521648 0.024360993865941
-0.0130174226004692 -0.0123296542860911 -0.139400355747279 -0.170526048454016
-0.00371008374940316 -0.0264547438120641 0.0888443464543624 -0.287983160967516
0.0261094034698591 -0.0169529427909279 0.405300553354795 -0.0523679886161212
0.012687372470329 0.0310272834245531 0.268708634261698 0.385544212343077
-0.0167833140845155 0.0208677752182122 -0.123143475395745 0.344888115193698
-0.0222090064469321 0.00525137326364726 -0.00363711321337677 0.0686412339368986
-0.00672157455188059 0.0251431444853008 0.199905764523255 -0.255208149510542
0.00462596173203041 0.0258444459755124 -0.12498078846218 -0.48287185942595
0.0121464302577785 -0.0043510248507031 -0.46922459952235 -0.0884276070234944
-0.0170035094719289 -0.0205623305495912 -0.186578392532829 0.322761756590779
-0.0204761787900338 -0.00420410546855773 0.124707149026404 0.222841897091778
-0.00902621373012378 -0.00193187661510795 0.122364296946469 0.0151582926010893
-0.0074418822742819 0.00355494549593892 -0.00658165742599727 -0.103191818494884
0.00214552451147283 0.0105667681641721 0.00815110368410213 0.0907219406088495
-0.00776624561391622 -0.00575536887988161 -0.0706803569591453 0.0241504955388131
-0.0119218281625578 -0.0113234492693058 -0.139391447513 -0.169766346919923
-0.00493701099506314 -0.0233889769978975 0.0850660246938559 -0.287443482737393
0.021324598439854 -0.0171219367639721 0.402563919224358 -0.0519254067262828
0.00849365700106831 0.0245196393065828 0.271991905912911 0.387300376979171
-0.0135324965107642 0.0111534454509689 -0.124335488325764 0.350385623541542
-0.0136543532655066 -0.00252729929717033 -0.00869069199989767 0.0739374324810595
-0.00206204697414655 0.0161793445146599 0.197603922056697 -0.249392536634303
0.00149563585680249 0.0180959565492609 -0.123131956583545 -0.48057468604896
0.00690888187495006 -0.00542954657366318 -0.470061780390453 -0.0912947910438136
-0.0190920623498551 -0.0180640283436911 -0.190237073330307 0.323434146220718
-0.0196384297747035 -0.00280934677180296 0.124550730010422 0.224160805104668
-0.00616804388521115 -0.00245845442892992 0.124122715869227 0.0156095001062736
-0.00382047371424346 0.00179719093946543 -0.00439044033461483 -0.104538513599124
0.00532461221791731 0.00834337930232874 0.0109660182483743 0.089568278187348
-0.00448931961359014 -0.00611806174417342 -0.0696804038186463 0.022070360943035
-0.00950207184111179 -0.00951866748398216 -0.138501461639616 -0.171041676322338
-0.00519097395839173 -0.0193887622349821 0.0869008045470583 -0.286134786323735
0.0155136337499386 -0.0177038079285579 0.402573668512876 -0.0457014551679675
0.00324585028438148 0.0162082385355516 0.266693500728153 0.393905248816773
-0.00922359649594284 -9.88781271980561E-05 -0.128893829953502 0.352271490486788
-0.00391438831184459 -0.0113257376317005 -0.0104257654022207 0.0759563392603588
0.00326200666669196 0.00587076020403976 0.194927608013467 -0.247733232890131
-0.00220670294472829 0.00851472725326312 -0.129732979964704 -0.475583401725004
0.000182257208023815 -0.00731419915274306 -0.472069604444542 -0.0832982671788266
-0.0212588495237893 -0.0142198594171527 -0.187010073945348 0.326363573703206
-0.0185884657330547 -5.35899290842849E-05 0.126491801787883 0.22223225469976
-0.00212967054766459 -0.00125784550584209 0.124456895347184 0.0135029345382361
0.000383176149349554 -0.000261543558883475 -0.00292075978670777 -0.105997902998599
0.00934289479218294 0.00615359473701998 0.0126834006655312 0.0886581451689683
-0.00074182275563034 -0.00566299685696782 -0.0698453089711347 0.0184251251393221
-0.00644422806453205 -0.00660570179441408 -0.135774004556707 -0.175916352510056
-0.00529616457965985 -0.0144609713304364 0.0931315053034855 -0.283781526920338
0.00998769028277107 -0.0180145965360328 0.403636861329998 -0.032806973747219
-0.00209431709001568 0.00641873346547201 0.256308159610486 0.40162787772697
-0.00413844014739229 -0.0124985404891752 -0.135078802032225 0.350312327910558
0.00662726909553376 -0.0207595855371533 -0.00880298669399174 0.0734162240984068
0.00993177682575596 -0.00551235188692117 0.19081012565531 -0.252224766212689
-0.00591524298434553 -0.00236075517785964 -0.140415662686253 -0.46987807789407
-0.00749744423900692 -0.0098794266261051 -0.471688777109213 -0.0698246218090141
-0.0226422868008351 -0.00882159604710244 -0.179363490781822 0.329775651748986
-0.0159194420089914 0.00431881161500493 0.129688233053334 0.218194916186857
0.00292619611948311 -0.000532658696278819 0.123800361732297 0.00901358293659237
0.00506191199038521 -0.00190636775290644 -0.00171453553711145 -0.10826241901191
0.011965042991506 0.00437698641323791 0.0135848872820472 0.0883859798978609
0.00234441320814974 -0.00411531241335595 -0.0712560280030474 0.0136291579508565
-0.00388288006029749 -0.00396989542355291 -0.13181647407218 -0.184002347695127
-0.00446341560215697 -0.0106283659128701 0.105138200750224 -0.280819959781489
0.00619244644945177 -0.0188373782327572 0.406904608528989 -0.0153944400745316
-0.00579669822828492 -0.00173565333870317 0.239734570636887 0.411637183592357
0.000330352526402407 -0.0215266443378842 -0.143944355274478 0.34345870671718
0.0146421389954671 -0.0271693228005882 -0.00270725272578646 0.0671843529669165
0.0143917418964933 -0.0135664575684897 0.185805421573752 -0.261090533610595
-0.0087196908238574 -0.0101973723036053 -0.160491725071131 -0.462532888568028
-0.0132706644274891 -0.0114794532459581 -0.471302793841412 -0.0483943183243484
-0.0232999851325708 -0.00353762222887684 -0.164549014673047 0.33448370083527
-0.0124652862725382 0.00819144499990975 0.135596157829486 0.210334759788162
0.00691524503056179 0.00079653444725717 0.122928437443574 0.00296080218800269
0.00840699245460191 -0.00325138357667614 -0.00250802381548441 -0.109584090352822
-0.00243096608551148 0.0139518555475757 -0.000802887576184407 0.0927651430004056
-0.0105231461346171 -0.00134895653607661 -0.0817375285943222 0.0132031109442277
-0.00924880193118066 -0.00971651632913358 -0.131382556871286 -0.190292768700788
0.00318421161580892 -0.0258474943740001 0.122759931169873 -0.284664235403891
0.0318532352813352 -0.0151497734462988 0.417432761889942 -0.0147030285088976
0.013144487541613 0.0342446841782793 0.229433339746927 0.401407442334657
-0.0195533902066757 0.0248918842029719 -0.136764100421574 0.312332865551813
-0.027342683880799 0.0115023642199036 0.0221377692560396 0.0408536190695248
-0.00603588985897191 0.0317210729392978 0.1953176051968 -0.29192960074127
0.0112837577919439 0.0264725584694815 -0.169982918832264 -0.476845046943937
0.0139085561687213 -0.00714680849062829 -0.463811614825035 -0.0444767426392873
-0.0146963710474595 -0.016109053456433 -0.147805373681783 0.326295539272991
-0.0163407506256969 0.0024634713233824 0.136944061758623 0.204154595223034
-0.00801116547676489 0.00324354280300179 0.114503669642451 0.00309066508195677
-0.0100015156303364 0.00644843882482725 -0.0135621949748191 -0.102691109064947
-0.00311108623360864 0.0145668504051065 0.000593834259167689 0.0927330055352181
-0.0116660257374799 -0.00223196614299912 -0.0790185841356282 0.0177345372551529
-0.0109730234369507 -0.0115249196700346 -0.135087765308152 -0.181825992491034
0.000947022986004061 -0.027917521598915 0.109405090301124 -0.286474202838442
0.0323635525099026 -0.0154275536131808 0.413149186823863 -0.0317365924339292
0.0150111661846565 0.0366722009053776 0.246046572250596 0.393403716078304
-0.020322150643112 0.0277819143833426 -0.130873871017193 0.322769895141157
-0.0296022077550079 0.0124750377364988 0.0132042311063192 0.0502535225349403
-0.00867853688576988 0.0335942847689372 0.198965546656965 -0.279066007593933
0.0103470499185147 0.0304325813519882 -0.150912368463813 -0.479981231043492
0.0165075886243436 -0.0054735953122037 -0.467237672041728 -0.0641968244785539
-0.014820182364886 -0.0193853197054631 -0.162935978503867 0.324468938710105
-0.0186924592840658 -0.000997518788000444 0.132113809934411 0.210935509582855
-0.00994884633318696 0.00101281613079214 0.116860819629558 0.00829102169170264
-0.0107142949800941 0.00640300227491945 -0.0117179295921371 -0.102758426483812
-0.00267640281033541 0.0138867059288873 0.00277174979036394 0.0919195979434203
-0.0118895870911111 -0.00402544793170424 -0.0761840840503054 0.0210835639554342
-0.012506343186544 -0.0124853677283715 -0.13840305234046 -0.175683710459595
-0.00114790277946854 -0.0282233493754899 0.0974975940306233 -0.287600164329949
0.0302663864925878 -0.0163233722448808 0.407821772530986 -0.0444393547288366
0.0151379787621039 0.0356477163517836 0.259238964181323 0.388141557588977
-0.0191341739003034 0.0267119326683032 -0.125763797622851 0.333399258613999
-0.0275510428488422 0.0104516809924788 0.00417863774847755 0.0600912381022294
-0.00967749244609146 0.0310893779153281 0.201515027815347 -0.26451604993655
0.00818332246891409 0.0304958494623861 -0.134796262748268 -0.482689843111604
0.0157520794610946 -0.00419522088333143 -0.466898271632281 -0.079523723162488
-0.0153192853931381 -0.021191053022429 -0.176298045812588 0.322253676552277
-0.0197992117815217 -0.00391472208692602 0.128010579091262 0.218323346091831
-0.0105040813336137 -0.000346372092726893 0.119693779956931 0.0126922456392849
-0.0102431360490437 0.00527552748762708 -0.00871230146484224 -0.102044612123354
-0.000599068314612965 0.012467657659071 0.00481101581855178 0.0911681654171666
-0.0104805452410118 -0.00511253193509914 -0.0729209031715056 0.023504454842743
-0.0127506329558817 -0.0124330164185113 -0.139093403431018 -0.170703389416229
-0.00337314426811504 -0.0263556242881094 0.0888692479964455 -0.287265892250166
0.0262040019046338 -0.0167988825235919 0.403819422744985 -0.0503170698976106
0.0123679361844232 0.0309324646184206 0.26792348500423 0.384769815507282
-0.0167347954946285 0.0201735143062145 -0.124017230125353 0.342456389392398
-0.0222900010844096 0.00483047154454841 -0.003859440135494 0.0684533443199812
-0.00679803792022082 0.024860311052797 0.200633095559065 -0.253594193765124
0.00484361099577959 0.0263448102634674 -0.122995405281729 -0.482352021067626
0.0122082798899125 -0.00382457006738432 -0.466869679870737 -0.0903610429388763
-0.0172296788740904 -0.0206259875867094 -0.18639788599579 0.321196470700542
-0.0203868708276259 -0.00442589139678679 0.124331827678313 0.22273808834463
-0.00880022768333434 -0.00217844860479124 0.121819914579429 0.0157457219931875
-0.00781478389550622 0.00389092103707447 -0.00569449748556856 -0.102940989845462
0.0024348143759949 0.0103233130856368 0.00804934022893273 0.0904799607023403
-0.00806666024354728 -0.00597247414533253 -0.0707621792318511 0.0234903554517181
-0.0117903474118706 -0.0114673762147111 -0.139041417583058 -0.169641003138548
-0.00469576124365819 -0.0236666604496391 0.0854287016624662 -0.285672493818438
0.0210432784424547 -0.0173227870293117 0.40141604093685 -0.0506741158064183
0.00882769612547315 0.0241401221382448 0.268912711395981 0.38694360447161
-0.01367078751381 0.0107145319044286 -0.124981181940195 0.348766493160535
-0.0138253017265867 -0.00286067645385486 -0.00928371412876592 0.0737697697015562
-0.0021372973893374 0.0159038745974833 0.198106222235908 -0.248197843380132
0.00193304902187987 0.0186674058445781 -0.120368903407909 -0.479584766789066
0.00606944993526544 -0.0055680778184979 -0.467585942034655 -0.0927066952399518
-0.0191082185849132 -0.0181735849253164 -0.190495289327985 0.32156995119422
-0.0196815016738335 -0.00298224323413389 0.123832322357999 0.223564569345443
-0.00632865019778515 -0.00251675192437638 0.123250554117973 0.0168176476436962
-0.00400667910066984 0.00217729222757063 -0.00363637372342182 -0.104093344877881
0.00586114831382538 0.00794794946190938 0.0104362450745029 0.0891750565409102
-0.0049789440827123 -0.00632060750085934 -0.0695934367547155 0.0215462729897851
-0.0097721971895432 -0.00972918619145427 -0.138105028673057 -0.17185415194384
-0.00519700188781382 -0.0195202970241404 0.0874230135824068 -0.284229667645007
0.0155684170230449 -0.0173625845719647 0.400808100955194 -0.0434593168695134
0.00324226474310058 0.0163785151661517 0.264538762830937 0.392619435182606
-0.0094830966893198 -0.00058858425751814 -0.129723182149495 0.350730945706612
-0.00442045003300818 -0.0115122584960826 -0.0109161517965372 0.0755752901929784
0.00383997390261029 0.00526319963175287 0.195259688984063 -0.245413505805765
-0.00173241736352956 0.0087506538263529 -0.127160939099771 -0.473665388190997
-0.000250413834314347 -0.00786385733009052 -0.4688024886265 -0.0843210646005864
-0.0209741270715815 -0.0140877999629993 -0.187785795845828 0.324517634013587
-0.018256630348645 3.78794973078826E-05 0.125364878531505 0.221985990619302
-0.00216213058786862 -0.00173685341289586 0.123834849464423 0.0140209568913762
0.000392473974080361 -0.000184693395534028 -0.00230021425875047 -0.106007101586239
0.00931712908318567 0.00564660606426688 0.0125553386221263 0.0883610804834912
-0.000929989589564388 -0.00551616461862867 -0.0692401042373444 0.017222076501002
-0.00669983944589601 -0.00698062775372 -0.135447543449675 -0.176232155519101
-0.00484774015509363 -0.0147197485166464 0.0937649457619878 -0.282213846276175
0.00992629510568771 -0.0179593578661943 0.402297121319302 -0.0310188083373083
-0.00178854515386485 0.00634746034151369 0.254227749689968 0.400624045381407
-0.00417540438738489 -0.0128788454086257 -0.136029502811517 0.348605835644633
0.00657044795550306 -0.0207049702985133 -0.00862139061894015 0.0729729516914478
0.00997372644174345 -0.0056512080782075 0.190510472160873 -0.250387118387351
-0.00543612987988977 -0.00192914734655779 -0.138185663586736 -0.468244829301243
-0.00763728402278912 -0.00980233687086175 -0.469816431987372 -0.0705550463790951
-0.0229716781669311 -0.00875992733829348 -0.178943855557332 0.328599661223067
-0.0155794116389825 0.00421355720881996 0.129506026064866 0.217718029086185
0.00279742264827914 -0.000634741382591623 0.123427685898596 0.0094878229499759
0.00468308572027609 -0.00199646016061508 -0.0016087049269254 -0.107201370243126
0.0124605413688782 0.0042519129416036 0.0132863577200882 0.0876637617372675
0.00213886778564934 -0.00404151708170099 -0.0711719209908966 0.0123613285898123
-0.00349034844184281 -0.00400806742436355 -0.130983869922246 -0.183856756665289
-0.00450805274919851 -0.0106465105659544 0.105390308310819 -0.279520972469848
0.00613139611797371 -0.0187234496677828 0.405318836933692 -0.0138530679953594
-0.00524803385810708 -0.00221179402780496 0.23697721427714 0.410662231693846
0.000477860099987591 -0.0221569716061001 -0.144361518876974 0.340337855372602
0.0144383399563245 -0.0273662347000335 -0.00265036327127518 0.066947022768552
0.0148165072678174 -0.0144282828143593 0.186120029923938 -0.259650823044731
-0.00873551192770065 -0.0100970732558807 -0.157692892398838 -0.461295492569288
-0.0131353647002965 -0.0111238344424143 -0.470366288596245 -0.04925724465817
-0.023381024272378 -0.00352153687265261 -0.164817144905559 0.332698813783306
-0.012886948594476 0.00834928158010359 0.134698283882652 0.210089219288938
0.00731947894218197 0.000620928815464064 0.121713022025671 0.00367793300415947
0.00811705740825366 -0.00300182642003069 -0.00217939282210473 -0.109271097909264
-0.00252568671724818 0.0138116571387958 -0.00091238868813981 0.092528167949539
-0.0105631721419892 -0.000802701307087762 -0.0821194660631456 0.0119799988017895
-0.00886619223542937 -0.00950504779813968 -0.130799812948128 -0.190411314657031
0.00343436169892995 -0.0258488513193769 0.123660928506258 -0.283497926886817
0.0313528022920294 -0.0148173051993504 0.415270606792018 -0.012197309369787
0.0131723085213466 0.0343986634239162 0.226879186026885 0.400844965366644
-0.0194659876908869 0.0243206343036672 -0.138054369877843 0.309747509016423
-0.0272983960324617 0.0109659322736962 0.0220314547490732 0.041177344983488
-0.00640359175241803 0.0306556972473283 0.196258716907198 -0.290304042671344
0.0115232232299208 0.0265841916764437 -0.168091519250462 -0.476649813510896
0.0139637853270762 -0.00678651707422945 -0.463341628764943 -0.0468614944379034
-0.0144067792965789 -0.0165639728623595 -0.147929604838225 0.325377365044666
-0.0163760689824591 0.00266824109187345 0.136463980259123 0.203667094611696
-0.00797955724034432 0.00307282471827944 0.114257228251155 0.00362632904962335
-0.00941678393476732 0.00629457021071695 -0.0134054247585601 -0.102608437886646
-0.00291199809257206 0.0140846299022635 0.000378010667056162 0.0926170702494591
-0.0120372589422799 -0.00269951574001266 -0.0788063864112908 0.0170804504574167
-0.0110141281553393 -0.0117080613335448 -0.135049049074661 -0.182660145231323
0.00153849937303833 -0.0285909300529683 0.110248027800473 -0.284889934380284
0.0321384472423752 -0.0150864007954035 0.412671670892153 -0.0292948273756326
0.0147245606005718 0.0367178985842911 0.243309165107993 0.392994173873468
-0.0199994395815479 0.0273929504958016 -0.131645237466607 0.321215895848669
-0.02976550262488 0.0125396318447945 0.0125953553282955 0.0500510355364659
-0.00920266584535479 0.0330698634782504 0.199220439953187 -0.277669901196398
0.0103836702433145 0.0304211879700309 -0.14779828618843 -0.47977361620644
0.0159544230895072 -0.00528828679716361 -0.465152630369745 -0.0651719832345467
-0.0145758186938473 -0.0199052860328421 -0.164139397432226 0.322930731640192
-0.0183938474058752 -0.00129729256603139 0.131453312535184 0.21104262014968
-0.0103146672380473 0.000935685015476974 0.116604600028486 0.00889472244323672
-0.0108816659624047 0.00607225132034642 -0.011206122402079 -0.102316636553152
-0.00238232873496212 0.0135013145510044 0.00263700099903647 0.0917408353348985
-0.011808651074594 -0.00405876893639416 -0.0759393618930584 0.020349046689528
-0.0125831996365885 -0.0128360049232826 -0.137816963460927 -0.176393688401199
-0.000970522361093512 -0.0284705553625376 0.0983229099424497 -0.287026731404856
0.0300977036788976 -0.0157749417771848 0.407993175073586 -0.0421948050708507
0.0148481373263763 0.0354345399413089 0.257937486535065 0.387703250686743
-0.0192283569435825 0.0259319127267349 -0.126370462899179 0.332223768194868
-0.0276152339505638 0.0102041822284179 0.00394153595512429 0.0597700592243818
-0.0096332150311302 0.030446760063214 0.201548395749001 -0.263882289553449
0.00809891920813375 0.0303518315394578 -0.131764529283541 -0.48250987678399
0.015460068906843 -0.00388022137300644 -0.465336516193892 -0.082572109912938
-0.0152606199937761 -0.0212630164429742 -0.177407288990845 0.320800064396614
-0.0195196695492136 -0.0035330977086483 0.126573696501348 0.217884104093754
-0.0105139824328124 -0.000666631905125651 0.119158696965488 0.0135043320248159
-0.00994089209970807 0.00507319345022203 -0.00850070443723408 -0.102001406022553
-0.000472642277658888 0.0118629346788284 0.00479573809912927 0.0913575595423434
-0.0105538207069482 -0.00528136019477626 -0.0729899278281086 0.0225115740424276
-0.0127925268074229 -0.0125796688715097 -0.139140153185867 -0.171370803988231
-0.00312373480857028 -0.0267169307594617 0.0905924951939029 -0.285947941556984
0.0258427124885976 -0.0166007740592469 0.40356072490615 -0.0490968262379752
0.0125508536439249 0.031400843776744 0.264387102044386 0.383917380619787
-0.0170077360416875 0.0195992881128166 -0.1250365016883 0.341125164053142
-0.0219215046112827 0.0045768014319929 -0.00436590182483467 0.0679032946375857
-0.00686554803257422 0.0244998377594737 0.201862880353559 -0.252448264613898
0.00523764122995083 0.0260650635506032 -0.121991598634103 -0.481091905645114
0.0120677347697448 -0.00392034349398749 -0.46620205988618 -0.0923697524744833
-0.0171897272909992 -0.020928423676891 -0.186376580463398 0.319809635058446
-0.0200191864217529 -0.00446300690012253 0.123788083809796 0.222278324332567
-0.00881072982699369 -0.00187700062351814 0.121138563759655 0.0163918023723049
-0.00755941384787721 0.00382403631909239 -0.00549856769084411 -0.102336931050757
0.00242462975297212 0.0100024976975075 0.00761456989523852 0.0901906082805615
-0.00828014908303936 -0.0061210667804125 -0.070526905802779 0.0221290485288039
-0.0116043191610013 -0.0117705054577857 -0.138670548253112 -0.170095878214691
-0.00458866481853362 -0.0236347508887155 0.0865933878989251 -0.284420850498986
0.020664145206927 -0.0171762256770844 0.400369283326064 -0.0487245541268368
0.00822473351054768 0.0243057483689078 0.266604543094019 0.386154994151027
-0.0135432731055851 0.010036449544261 -0.12666997599312 0.346888718874207
-0.0134617092612474 -0.00323114125909223 -0.00950110657647358 0.0730355094707008
-0.00187284475560158 0.0154925663510484 0.198977195194439 -0.246636226753764
0.0019089700917718 0.0188855458613407 -0.118514156745627 -0.478891937448297
0.00654630843386832 -0.00558263603319678 -0.4667193389656 -0.0942672754579015
-0.0188108735494293 -0.0177906176888654 -0.190116340563457 0.320098798160464
-0.019742115827172 -0.00285835725061799 0.122882036274561 0.223741162197433
-0.00618577226953525 -0.00225936753344552 0.122997237693682 0.0166489965585086
-0.00370618881491644 0.00203627554440933 -0.00338392304951233 -0.103305765774395
0.00584397413236673 0.00769203856493853 0.0104390692803063 0.0892313412485342
-0.00502447698699385 -0.00612805227840368 -0.0690613407939048 0.0202700712995025
-0.00944148590119702 -0.00980108166385974 -0.138210720910747 -0.171730700879441
-0.00483727335889782 -0.0194949755320816 0.0884298053175804 -0.283242169224493
0.015415318211764 -0.0172669402319389 0.400366701433348 -0.0422274500703902
0.00330240020930655 0.0161317328476749 0.262204350506934 0.3928833132655
-0.00911000284660872 -0.000986778800151087 -0.131200977207971 0.34854985076091
-0.00401041159303969 -0.0116309549077356 -0.0109567839964833 0.0749004945528012
0.00430262713712968 0.00492722655509746 0.195989378057061 -0.245321176766003
-0.00137430220872661 0.00876850073449774 -0.12349244256682 -0.473807869496582
-0.000176981573423057 -0.00728679648315231 -0.467855081607188 -0.085669180700733
-0.0207762768885464 -0.0140940436436058 -0.187627203085556 0.323121610978655
-0.0179666739917137 -0.000250532510324541 0.12510822857775 0.222100150850177
-0.00186823572072714 -0.0020870318440879 0.123377510026163 0.0145481611844804
-3.15255093054105E-05 -0.000185380534354113 -0.00188033822952177 -0.105053509470313
0.00982275454085194 0.00528835831441805 0.012260924856197 0.0880379028877022
-0.00142458764108511 -0.00561917103540387 -0.0694493646733098 0.0165548838465203
-0.00677448011027114 -0.00680780943541863 -0.134953692418629 -0.176233790960933
-0.00475835513661402 -0.0149273588514637 0.0944545984830366 -0.281368939449414
0.0099137479141438 -0.0177343061741972 0.401516839867142 -0.0291395627756524
-0.00189070052095308 0.00618494538422879 0.251141512711994 0.400821195335018
-0.00373137141612993 -0.0132017182747762 -0.136941912836705 0.346388783876869
0.00678442832777989 -0.0207881654126952 -0.00906745851480547 0.0728899797077199
0.0102916652274852 -0.0060357205001734 0.191784843813359 -0.249075297734015
-0.00507937712183997 -0.00216359049836225 -0.13659530563188 -0.468310985049399
-0.00721790108840361 -0.00949089644683216 -0.468637011201401 -0.0724035235369214
-0.023085375900797 -0.00890431296742869 -0.179777022401489 0.327232804846339
-0.0156291671687659 0.00360514011645858 0.127776615912158 0.218013392686246
0.00324511085802697 -0.000669259056481838 0.122687256006585 0.010781392823047
0.0049082770360722 -0.00205331787534505 -0.0014007059427231 -0.107461822205507
0.012506561706848 0.00401172169206507 0.0130497418400586 0.0878059460578127
0.00179791591674807 -0.00440992591891925 -0.0707111372934912 0.0114497252429156
-0.00405055109835888 -0.00433257862079794 -0.131395019734657 -0.183935467514862
-0.00406674359979806 -0.0105323130913468 0.106734104959367 -0.278064370196093
0.00596375994096745 -0.0187751202442958 0.404964733935022 -0.0116315461942793
-0.00571562837218632 -0.00200368401479971 0.236565449293453 0.41108532972494
0.000817298732692949 -0.0221616349331488 -0.14532015833539 0.339313287398282
0.0146848686712363 -0.0277147642244941 -0.00288733765104261 0.0668252977534065
0.014695123317462 -0.014200918383202 0.186801709907769 -0.258410019142267
-0.00813192525413002 -0.0100266319570921 -0.15592519527837 -0.461403880119351
-0.0131573395632173 -0.0114699227122735 -0.469335931956583 -0.051583413585564
-0.0235366072174787 -0.00379354769770602 -0.165818272980869 0.331949987302195
-0.0129203073426339 0.00831065132434724 0.134037435542778 0.210318080175334
0.00701747598306976 0.000661737298027817 0.121537819920215 0.00403316703352029
0.00812987892285127 -0.00303316132049013 -0.00198304415818472 -0.108875499333419
-0.00226872321592402 0.0134352636084321 -0.00140418656598749 0.0926687405603734
-0.0109739355170802 -0.00104547054199601 -0.0821880617123886 0.0109410548992057
-0.00894386906610764 -0.00949749429751511 -0.130482217120773 -0.19096822633661
0.00372344682971527 -0.026036543142406 0.125151865115279 -0.283282642312111
0.031723060636101 -0.0144906264018076 0.415643155287843 -0.00942140086443339
0.0129324325046505 0.0339756392514923 0.224905675917393 0.402696886008026
-0.0200813185907474 0.023802285485179 -0.139279157322758 0.30973000758383
-0.0272194811490604 0.0106098746302331 0.0214560404675769 0.0406972001447575
-0.00632059515574032 0.0304823716629097 0.197690583767529 -0.288968040334783
0.0115487436688606 0.0265522458593756 -0.16543378000583 -0.476593614517602
0.0139805946816769 -0.00685398373663102 -0.462964859998235 -0.0471966397912265
-0.0143919437296062 -0.016244767829944 -0.149181148682149 0.325043816695239
-0.0160719111011781 0.00236560278701918 0.136044631737611 0.203881970244481
-0.00815405216544554 0.00309333391080607 0.113956492819487 0.00460798911246644
-0.0095784814317318 0.00627997476642379 -0.0126580963293775 -0.102207215115738
-0.00272496887429111 0.0137236802480004 -0.000210911215756992 0.0926109255251066
-0.0124656624278217 -0.00300007322346849 -0.0795239381055064 0.0159972748814714
-0.0111055639004453 -0.0120051789585703 -0.134947172177976 -0.182752044298305
0.00150896877588497 -0.028061385705414 0.111483926566126 -0.284036243480588
0.032349999382744 -0.0149313040130981 0.4114998191249 -0.0264231579480383
0.0148892716260333 0.0367442289283081 0.241151648095554 0.394723931287822
-0.0203294474114206 0.0273113192925116 -0.132608369590877 0.320022348760772
-0.0298794497550685 0.0119838212969968 0.0125823580714797 0.0499231596469172
-0.00903088885725806 0.0325313737101673 0.200774922191019 -0.276075647642792
0.0111446868506729 0.0308270148653799 -0.146579586160182 -0.479637328183475
0.0164664907735802 -0.00545189364944838 -0.465101330362033 -0.0675278045403195
-0.0151154758619832 -0.0196247557063098 -0.164199421610604 0.32249827146191
-0.0186409016599532 -0.00157453872668911 0.13143599089146 0.211600456467227
-0.0100822707932739 0.000922996828731907 0.115899096749536 0.00973475229303415
-0.0103928593058067 0.00596920341906291 -0.0107062505861756 -0.102232597619107
-0.00246060271947708 0.0132555535597067 0.00172576834458776 0.0921521022527447
-0.0125087460356852 -0.00447713449696503 -0.0761113354131629 0.0194646307606296
-0.0125676920483063 -0.0128048888631186 -0.137651899145983 -0.176908853134851
-0.000549182061825688 -0.0284508579138782 0.0993996576366293 -0.285964130676206
0.0296491793434121 -0.0157505218185181 0.406629358660012 -0.03965043780559
0.0149463832775754 0.0357222383753655 0.255831596477377 0.388438952741984
-0.01952243351232 0.025277075241021 -0.128094491821588 0.331184074083576
-0.0276455145021258 0.00987077269081062 0.00376927827565557 0.0592641302990652
-0.00967827390395661 0.0302045149781103 0.203185357297952 -0.262824979297102
0.00831141092018029 0.0303765067858575 -0.12968091193941 -0.482567198858969
0.015282566206889 -0.00369057741516126 -0.464716305031816 -0.0837592486913666
-0.015179064456888 -0.0214435702049472 -0.178434616994929 0.320375443093096
-0.0200455896057126 -0.00359941575608197 0.126364316381738 0.218294950677505
-0.0103596938806194 -0.00142662031504056 0.118900641681579 0.014288605247425
-0.0099215566772693 0.00515549587745567 -0.00788093725983035 -0.101745523032818
-0.000468075451262249 0.0118645327335864 0.00469190544335377 0.0915583674616659
-0.0108567390015321 -0.00537323848493964 -0.0729000916211236 0.0214153849437398
-0.012897243310559 -0.0129998900189312 -0.138837628811165 -0.172034345877761
-0.00314530265235063 -0.0272501177134191 0.0909530959558263 -0.285731861290086
0.0261278259567284 -0.0164254116572554 0.403389768557947 -0.0470725143508361
0.0125346343930387 0.0312244748742042 0.262664556947557 0.386636729846778
-0.0171230802676385 0.0194308368799226 -0.126263098749051 0.340154538930335
-0.0221105193840074 0.00427679252800737 -0.00465020248811501 0.0678255590806093
-0.0064583772768011 0.0238412150930952 0.202491238681033 -0.251023692132414
0.00525410440424055 0.0266314676758101 -0.118842183070502 -0.481569826303535
0.0120924591355586 -0.00378543306005029 -0.465378086238327 -0.0930592994937129
-0.0167361812919036 -0.0206927663686419 -0.187786171742782 0.319306975706909
-0.0205521231893022 -0.00403379850857562 0.122605552501865 0.223363321554252
-0.00906412248742613 -0.00219010651914246 0.121394080438845 0.0175340439682343
-0.00788521000170157 0.0034723686125142 -0.00541468222955078 -0.102860983196236
0.00275290403879791 0.00956863616083593 0.0072132898633602 0.0902813707717683
-0.00845916852245863 -0.00610004480504906 -0.0703780370705791 0.0213612428777371
-0.0120417247933847 -0.0119751424979704 -0.138956167291888 -0.170505142056787
-0.00439831726014615 -0.0238102126663796 0.087336648193759 -0.284523390061146
0.0209758465311528 -0.0167585223470333 0.400709266901324 -0.0464415472810416
0.00846637265368844 0.0242693599989493 0.264306830242319 0.387462694357958
-0.0137007458215871 0.0103944056737874 -0.127793097166277 0.346691322384783
-0.0137623739729048 -0.00295747532169464 -0.0098592445864032 0.0732960628888465
-0.00251366093115959 0.0150067669646074 0.200476236036737 -0.244979876797504
0.00230213941801867 0.0187670598793756 -0.114520234427562 -0.479139214452782
0.00658460176671635 -0.0055231696983476 -0.466346853205395 -0.0950466228043763
-0.0188752341719896 -0.0181515889460902 -0.191656605882582 0.319334424469577
-0.0196275581855087 -0.00268953685210488 0.122070035123952 0.22384419429424
-0.00599244155237503 -0.00253296446536675 0.122739584402926 0.0178245765798865
-0.00376126570685039 0.00188719401817119 -0.00307414311867648 -0.103394516487358
0.00612560659287113 0.00734536771458531 0.00982584947438664 0.0891817542243492
-0.0052999416013287 -0.00644718406991587 -0.0692602471394207 0.0192031407194737
-0.00985525698684004 -0.0100181610222012 -0.137960833018109 -0.172395381682647
-0.00451339988103396 -0.019998561399674 0.0887180218914601 -0.282759541338063
0.0154161022873104 -0.0173484380844012 0.400747655496823 -0.0394853296495004
0.00365641522545038 0.0159044381561043 0.26062803347376 0.393367409362921
-0.00949526256938829 -0.00126376668587726 -0.131998006893415 0.348160442922425
-0.00409453635838936 -0.0117411998356847 -0.0111579410545643 0.0748814349094409
0.00391195514702951 0.00497925957487041 0.196943759230658 -0.244094819065596
-0.00132609932486855 0.00889224188896975 -0.121816492012657 -0.474019324552382
-0.000385422751817833 -0.00740266548598965 -0.468222647271762 -0.0866344879868699
-0.0214327240138508 -0.0139465945588945 -0.188503226747762 0.32252270950959
-0.0183146177967056 -0.000230002511579481 0.123803759574494 0.222560888059365
-0.00201321575536711 -0.00218707801659273 0.123647383013317 0.0151363507973077
6.5243242623505E-05 0.000287077873983868 -0.00133085905520237 -0.104991710530593
0.00972965283825782 0.00547779458154728 0.0116982056544319 0.0884305481412641
-0.00116532186962656 -0.00570369610449953 -0.0691596225294125 0.0155662014438743
-0.0065174082996122 -0.00719770016149758 -0.135177982285337 -0.177010086858332
-0.00431327787377707 -0.0150900696981557 0.0956861590041616 -0.280137424988855
0.00970825814611478 -0.0179247171919173 0.402337899220992 -0.0271349954621218
-0.00178687086824483 0.00645455379600477 0.250189212886731 0.401939207649913
-0.00403784705530823 -0.0134199728419979 -0.138692705597577 0.345661054920639
0.00686363184829829 -0.0207547424636815 -0.00927796619001758 0.0725896347751489
0.0101895535640258 -0.0062996124441387 0.192806099830346 -0.247715170392769
-0.00491479354791356 -0.00154890309264817 -0.13334180761356 -0.468465025533204
-0.00740629759276382 -0.00953632634470731 -0.468898788883854 -0.0736588241808033
-0.0230375624853708 -0.00890186467317045 -0.181121602251707 0.326525917886637
-0.0154807271431202 0.00368447036372671 0.128065482530697 0.21780488414492
0.00299937464572296 -0.00091365188285077 0.123274364968809 0.011059625635379
0.00470492144104079 -0.00188245070266463 -0.000492805029389795 -0.107057994310903
0.0128348686559642 0.00392681272699774 0.0126123941028046 0.0878013860103439
0.00146374679471934 -0.0046298546606818 -0.0707332184888709 0.0106594020603959
-0.00403018345733551 -0.00436184007839958 -0.131265227835295 -0.184194557700923
-0.00378832938709275 -0.0111115158458771 0.107356182203019 -0.277533914590835
0.00585195983493198 -0.0185692943999812 0.403696441668899 -0.0103895903948786
-0.00579550677190524 -0.00188887316454983 0.233541846771427 0.412698877190853
0.000734497345642562 -0.0230709873822641 -0.146999989567806 0.337997625048578
0.0145323710567329 -0.0277326571720331 -0.00269186703590407 0.0663921188594135
0.0148659939923097 -0.0143624986933524 0.18816516715931 -0.257177171997609
-0.0079181494126708 -0.0102012936408797 -0.153448252017323 -0.46307526078267
-0.0133004875584328 -0.0111456855717459 -0.467995251401779 -0.0527477775050753
-0.0237246766488388 -0.00358212792324281 -0.166435798305779 0.331038572387513
-0.012682287063462 0.00831816985777777 0.133769697717762 0.210690649379977
0.00718559621361085 0.000888971648071989 0.121749819052644 0.00435838040019269
0.00822166982463513 -0.00334600134709858 -0.00142422732478487 -0.108702849512423
-0.00236663661431718 0.0129945711314408 -0.0018614285078244 0.0925636053348437
-0.0112801275784046 -0.00101628108449284 -0.0823321230455538 0.0102007585919904
-0.00942457521377789 -0.00985966432802077 -0.130775999685832 -0.191844882736906
0.00389311308174763 -0.0265153461168634 0.125796837896278 -0.282571853548998
0.0319680527912241 -0.0142822920203327 0.41710633497416 -0.0100838033124391
0.0127421898389354 0.0340928302951851 0.223864628215477 0.404654440190349
-0.019892080679801 0.0235549043989065 -0.140671368260654 0.309207398859945
-0.0279954543298933 0.0104958376665767 0.0215971327663842 0.0411197899681372
-0.00631247708130766 0.0302580015171306 0.199200044580793 -0.288713207534617
0.0121605391262186 0.0269720014696113 -0.163029954774887 -0.478909237513952
0.0137677667472945 -0.00648857750617682 -0.463465725991965 -0.0495226771228471
-0.0146003391421032 -0.016467233071348 -0.150268536872333 0.324803987732674
-0.016282449034996 0.00207748218907259 0.136168978373626 0.20511676336468
-0.00830945089858401 0.00299823597718741 0.114029065286518 0.0052055436213803
-0.00951371771291909 0.00607827553305091 -0.012689836517371 -0.102876604684712
-0.00262826545115391 0.0135533568463145 -0.000565049045406083 0.0924545671523915
-0.0126837868989094 -0.00297387666988569 -0.0793667775075515 0.0145721004995057
-0.0111964271663212 -0.0116748536408661 -0.13517618748076 -0.184018716920464
0.00200608354353656 -0.0288995942021705 0.112191874777861 -0.284673238758519
0.0323996288682759 -0.0153116358443466 0.414443964082839 -0.0254253615008533
0.0148800969157216 0.0370076839968769 0.239411514187791 0.394395268146231
-0.0208245984310294 0.026507214903792 -0.133968963760465 0.319447976826768
-0.0304133269924449 0.0118704180247339 0.0126389726994186 0.0501316253208203
-0.00933519854390586 0.0320018271936553 0.202651162844441 -0.275734032106824
0.0112833007707395 0.0310874773776151 -0.143715791908288 -0.482982930614776
0.0157661056610343 -0.00467029266398854 -0.465344487615891 -0.0694313610378999
-0.0146678641022607 -0.0194131049278971 -0.165600840137589 0.322699434620546
-0.0186524167674566 -0.00134202201170293 0.130841702492517 0.211940660230388
-0.0100140812266375 0.000571490548474664 0.116077978911159 0.0103870470289178
-0.0106855618648253 0.00607064525532457 -0.0105379858349441 -0.101975825503903
-0.00223118160170883 0.0128655637821187 0.00155248180100277 0.0921195461574011
-0.0122776679773482 -0.00464739422298966 -0.0759392822029384 0.0182437070260454
-0.0126017510353907 -0.0129228381465874 -0.138210469779942 -0.177254132670323
-0.000488507675769042 -0.0289541014151212 0.10116978877253 -0.286323866830174
0.0301758873325272 -0.0157018500376478 0.409296773373818 -0.0384720418922559
0.0149706133916687 0.0358290806484114 0.253684344246338 0.389928633838967
-0.0193714985662123 0.0247799850571421 -0.129762319274859 0.330718064613668
-0.0281681028651707 0.00986614893103457 0.00309642709601895 0.0593630035846347
-0.00969645742231962 0.0297514203919555 0.204571291395105 -0.261738235645364
0.00881749082080287 0.0311950178608215 -0.127740263094653 -0.485105369338355
0.0150868469624958 -0.00368381393567494 -0.466410177406783 -0.0856228531184912
-0.0154159692626258 -0.0212268474837369 -0.178839137565088 0.320166076112279
-0.0199397059199654 -0.00395300944517932 0.125745202615698 0.219666132372748
-0.0106516878894895 -0.00104055945209827 0.11953023251414 0.0153487873185417
-0.0104478501180759 0.00530604118511973 -0.0075609430947445 -0.101860790595677
0.000245822829219262 0.0116638855907943 0.00361510536393859 0.0913803805293321
-0.0113211373261182 -0.00588601280026826 -0.0733245732711465 0.0204559379344959
-0.0127792761857644 -0.0127546704551254 -0.139524037871679 -0.172829797691467
-0.00254203943983265 -0.0271891718623784 0.0924366353709012 -0.285484954423681
0.0258551209604281 -0.0165838981176259 0.404212959195782 -0.0451650325656172
0.0125228588754175 0.0311656199259283 0.262156760823018 0.387981663124035
-0.0169756216682631 0.019168927171 -0.127182798521293 0.339471906103477
-0.0220658719912561 0.00431709273078841 -0.00500169556468063 0.0672298952981141
-0.00704514312338573 0.0233860743287668 0.204109917545033 -0.250601956357832
0.00572096823314444 0.0273843441740828 -0.115347917007033 -0.482822835694146
0.0119292616511181 -0.0038459900298471 -0.466650281194154 -0.0955821835959621
-0.0172278894753448 -0.0209015866865469 -0.188991189668228 0.319001325337557
-0.0201882312854384 -0.00471084198384065 0.12251542039932 0.223441161238777
-0.0088130006726788 -0.00274152853893151 0.121592953628481 0.0175716325164337
-0.00782073198540357 0.00364044502657993 -0.00468881514840718 -0.102490217919225
0.00299247050127742 0.00970275277671986 0.00710338326898872 0.0907434410215674
-0.00885346566346639 -0.00644006744792337 -0.0707247165992083 0.0201365859760022
-0.0113491091261834 -0.0117023538393823 -0.139718863867627 -0.17153978951574
-0.00377641310392075 -0.0243812313595517 0.0886050529215674 -0.284676282373567
0.0206538464773318 -0.0168399862943738 0.401935143600401 -0.045491007434662
0.00810205206037589 0.0245828638429467 0.263141407167493 0.387847089617144
-0.0132655833973728 0.0094175388971509 -0.128941554479492 0.345663758841227
-0.0139781515524759 -0.00345325162721079 -0.0100878479555493 0.0730989437693184
-0.002195574705176 0.0149326002748135 0.20147080827126 -0.244093436687004
0.00256352394498947 0.0186131724373272 -0.112956671039367 -0.481152317593874
0.00632289806618213 -0.00525539542594309 -0.466959566868714 -0.0977085445211728
-0.018994249769074 -0.0185350862826725 -0.192496365521208 0.319163479469328
-0.0198337781095215 -0.00362042859486235 0.122013272659927 0.225579303676863
-0.00623539183492648 -0.00281867321592068 0.123120858161516 0.0181891521622369
-0.00382402052993667 0.00144783949729414 -0.00297128137602534 -0.104013421304043
0.00617076327785137 0.00722902214554034 0.00969986227949535 0.089173715879142
-0.00514102090380529 -0.00628804936302596 -0.0693484254669653 0.0182650459861103
-0.0095163054607216 -0.0104127627443836 -0.138323883320015 -0.173240859935409
-0.00463812428888468 -0.0204013957418432 0.0898268078676185 -0.282907465182125
0.0156485701140728 -0.0171561613335905 0.400900909649501 -0.0382631966960809
0.00340156876161586 0.0161124203028847 0.258315886804453 0.394740650570526
-0.00893740107700659 -0.00174226562117559 -0.133093701216748 0.347500257886178
-0.00426263986527733 -0.0123153096223775 -0.0115986132866659 0.0743181839422459
0.00407604646530818 0.0044200178321262 0.198392974652336 -0.243610740244367
-0.000963600428370192 0.00930584652590251 -0.120638670002768 -0.47550230693098
-0.00020853004222394 -0.00757042589191873 -0.468205163727604 -0.0889609351884749
-0.0213634083048345 -0.0142171517513365 -0.18966545950969 0.322318442154265
-0.0181174286245948 -0.000518635013024558 0.123683387177539 0.223178933521151
-0.00216945592047709 -0.00228415275617317 0.123487721419592 0.015960245389976
0.000251923786551551 -0.000107395450293934 -0.00104710358139914 -0.105052976520407
0.0100790129759332 0.00491151771869553 0.0115204122256108 0.0882571018723655
-0.00144012947136766 -0.0058987877957762 -0.0695802423638923 0.014806576136433
-0.00689777481977979 -0.00753372522991893 -0.135252575437892 -0.178332477824465
-0.00421684513938589 -0.0155235346939107 0.0966735658258476 -0.281030131646266
0.00969725648401836 -0.0177390630627842 0.402963641736844 -0.0258442071632722
-0.00218200077436246 0.00637729158966209 0.248633040456575 0.403502449263288
-0.00414356652686574 -0.0135095574882948 -0.140707163340217 0.345610867971291
0.00644493516180502 -0.0214651215971827 -0.00938256834869535 0.0722245248195766
0.0105264988527057 -0.00650941823808342 0.194723250143726 -0.247014245045512
-0.00457331757907694 -0.00192907295602725 -0.131528604758338 -0.471029391017887
-0.00716252563994134 -0.00977246491455454 -0.468616793517158 -0.0758077032334077
-0.0229013301674107 -0.0087487805563061 -0.181822016869829 0.326217703093975
-0.0157071342884461 0.00385389403929298 0.127145158385325 0.219372796376648
0.00271258478465102 -0.00112351672738176 0.123114976827809 0.0116721866183197
0.00491903652252077 -0.00182198678663398 -0.000236859377835881 -0.107187858060173
0.0125314762758322 0.00318130106288412 0.0126500458079878 0.0877546113027925
0.00151408404499723 -0.00459791155541957 -0.0710813907656936 0.00938468253949309
-0.00424594264204168 -0.0041588845455186 -0.131413294003013 -0.185347049655437
-0.00344104810070503 -0.0117297881920525 0.108805523261108 -0.277241070503888
0.006152933694044 -0.0184827314711279 0.405561906500791 -0.00768121039291604
-0.00530712059563878 -0.00229671913027066 0.231164160953305 0.413407157824842
0.0008106835153155 -0.0227679649071883 -0.148153449446055 0.337204638834462
0.0144281024553582 -0.0278476262657224 -0.00352393373788515 0.0663708588262074
0.0148760902984259 -0.0148686840050564 0.189819149399034 -0.256864732816379
-0.00702171468935264 -0.00974658112352086 -0.151435416848465 -0.463034986638227
-0.0131344785306698 -0.0111625772094078 -0.469144686701536 -0.0549940467001785
-0.0236793827548851 -0.00378684975295604 -0.167445080815186 0.33128524585611
-0.0125137198296332 0.0080439578040382 0.133434509233912 0.211325056907217
0.00715882451832335 0.000589391254280617 0.121578643380642 0.00530234440242725
0.00782791070901676 -0.00311353391834654 -0.000720320240084453 -0.108915656162147
-0.00189910200650662 0.0129919759541737 -0.00219589102947875 0.0932912555231299
-0.0117992539719314 -0.0015774208848286 -0.0824652673122281 0.00934420554094968
-0.00876844287768519 -0.00958725261186246 -0.131720855246448 -0.19347012139663
0.00389384455658205 -0.0266499754570529 0.126989857749029 -0.283437238820582
0.0320804245549055 -0.0141371133444332 0.418326709154665 -0.00821826423520783
0.0128378717736245 0.0344141820393501 0.222441705716013 0.406027110242757
-0.0196097587958277 0.0232495473182303 -0.14214732145224 0.309317961676535
-0.0279646981060406 0.00983545334105783 0.0214239035314778 0.0410990069837486
-0.00651357237847502 0.0297853647103439 0.20109590884919 -0.289247233285557
0.0125641129306266 0.0273920217792643 -0.16226990268866 -0.481876067731378
0.0139966350086882 -0.00659110603177184 -0.465027262509349 -0.0503315787708056
-0.0152450376631766 -0.0160813923875921 -0.151603835707238 0.325223608439092
-0.0167110215148799 0.00245911384818674 0.135826878903344 0.206211481022485
-0.0084701144686833 0.00243111341711941 0.114228191633671 0.00610756883372851
-0.0102494399262128 0.00654007627398401 -0.0118793084882874 -0.103060942377442
-0.00273793636650579 0.0132370981104215 -0.000527176298445412 0.0929357495513284
-0.0131133612244918 -0.00326489964535122 -0.079642214845403 0.014272193506414
-0.0111587670607942 -0.0119937997530559 -0.135634320144313 -0.184819993836129
0.00216250221743709 -0.0286718724486976 0.113835924303898 -0.285313390755467
0.0321660772990428 -0.0147988354512273 0.415474176439987 -0.0240445400955988
0.0150137746874379 0.036964245361735 0.23901958982506 0.398076795193432
-0.0211619888848983 0.0264003649571937 -0.136061090837177 0.320258750665516
-0.0302698851123295 0.0116009899327663 0.0118071282714721 0.050295988582997
-0.00903871609464232 0.0319449116292675 0.204501496057103 -0.27589803673859
0.011106064776753 0.0312096777416896 -0.142890127766833 -0.484823661448563
0.0160522469430505 -0.00473299237801226 -0.46675771452313 -0.0713141896209441
-0.0148749970130728 -0.0197622302000187 -0.167624596931616 0.322874098341661
-0.0188468876483147 -0.00141255145602113 0.130997625976773 0.213632333172083
-0.0105484202950379 0.00076253813654191 0.116665591386783 0.0111386010871121
-0.010919872250432 0.00625545499144837 -0.0101843005119424 -0.102403562956493
-0.00193223070889004 0.0122043926639087 0.00176472665368984 0.0927518419600368
-0.0131302076166196 -0.00456295573190303 -0.0763007598669753 0.0178085210595198
-0.0124920461924308 -0.0127931288655473 -0.138569031694854 -0.178475143286601
-0.000328410988445621 -0.0291640706603507 0.101763738185509 -0.286399114276057
0.0301067329003463 -0.0155176653575214 0.410395648728468 -0.0377742615245257
0.0150862509740009 0.0358727868325121 0.25307068121271 0.392779995220607
-0.0201954834770093 0.0251093969040179 -0.131262117023292 0.331424088090416
-0.0285153109716247 0.00967315518804973 0.00262364949961538 0.0598841216655759
-0.00948378725252797 0.0294473692133518 0.206459413052181 -0.262304013850332
0.00920381910987378 0.0312725770673784 -0.126537438348334 -0.487093386814752
0.0155913621968596 -0.00327857831419666 -0.466736955942629 -0.0878636475010708
-0.0157932756281416 -0.0208093610766855 -0.180615119816357 0.320611138270106
-0.0198947868783286 -0.00388182060296668 0.125870310522245 0.220596069106081
-0.0106186891806797 -0.00123119311320338 0.119648423178445 0.0161330632825036
-0.0104778767033692 0.00503527082130587 -0.00729400137819676 -0.102146706413808
0.000162890312179745 0.0110793160546222 0.0040936945704609 0.091823744333856
-0.0117559202982897 -0.00567949307237321 -0.0730646914793381 0.0194917252108312
-0.0130416210593884 -0.012804006193253 -0.139859532409426 -0.174341272392425
-0.00266907852745653 -0.0276191048105021 0.093303031470974 -0.284841464581298
0.0261138767983742 -0.0161952288455152 0.406407102754118 -0.0441639595761196
0.0124661237801818 0.0315150366066484 0.26094298379664 0.390429039478839
-0.017181476416362 0.0190483563446928 -0.129303436230711 0.339686058102482
-0.0221964239607435 0.00394483670826993 -0.00491114912386332 0.0675247143398293
-0.00667639543401062 0.0232782813936991 0.205478266394384 -0.250217603816182
0.00539599742147814 0.0267042541563192 -0.114945361401464 -0.484575077807497
0.0116076792222596 -0.00341871570256721 -0.467569462103915 -0.0972146428462736
-0.0174734940287803 -0.0205968369236853 -0.189795328143723 0.319707216397652
-0.0205858753965046 -0.00452265562739117 0.122241946745565 0.225168203398381
-0.00881454707454406 -0.00226316288070987 0.121939647309498 0.0190085927919957
-0.00776487147476291 0.00362510976435015 -0.00441857677467849 -0.103069868226087
0.00313179208409623 0.00940687954756108 0.00699168769676389 0.0908072172462264
-0.00927696022809954 -0.00691410743699087 -0.0708409425239877 0.0199641422025944
-0.0116812098060964 -0.0121970057619758 -0.140026178792505 -0.172615045026031
-0.00357151068742047 -0.0247865537456172 0.0902832557474112 -0.284967955609218
0.0215959861263442 -0.0167768183399002 0.404306621463876 -0.0435038532371229
0.00818102968978915 0.0245469736382525 0.263214648513938 0.391304704441242
-0.0137031585109257 0.00929788118578207 -0.13018788416444 0.346387842958685
-0.0139705904254159 -0.00366896367934741 -0.0107157057794177 0.0728285293214117
-0.00216604691704065 0.0143220455144467 0.203593065705206 -0.244254563011274
0.00266984825696635 0.0189269605917824 -0.111878433207669 -0.482920170234693
0.00667246346060187 -0.0053447142770485 -0.468246478547026 -0.0989093557326704
-0.0188776286530407 -0.0185351100259737 -0.194105536445158 0.31987698672672
-0.0197838962999763 -0.00317813671076137 0.121729520247867 0.226812997900654
-0.00608090101593972 -0.00251477531096662 0.123343683547601 0.0189551124520329
-0.00420033888859063 0.0014043059587449 -0.00202082730605395 -0.10399134397354
0.00647588582295635 0.00687489067960503 0.00937982482657597 0.0901861821722451
-0.00614431209908506 -0.00677774326479846 -0.0692632343197505 0.0176795194895526
-0.00988979432467743 -0.0106420756683827 -0.139256100460294 -0.174433614659835
-0.0041849828306016 -0.0203300808751697 0.0916172026212033 -0.28310337671986
0.0160119534521422 -0.0168111722258367 0.402901751476152 -0.0376450113222107
0.00349877063232567 0.0162288184066865 0.258386907447777 0.397162479097134
-0.00973141773031094 -0.00219056270662792 -0.134817193851267 0.348091261576244
-0.00427240785821849 -0.0124755445435506 -0.0119658302671277 0.0748726149618805
0.00384484205033767 0.00428258470744818 0.200768510429763 -0.24374926332568
-0.000885031083795312 0.00872689503851986 -0.118719133081841 -0.477235834675162
-0.000148549843438264 -0.00689540334352339 -0.469400634003039 -0.0912559424305336
-0.0212649769550394 -0.0143338394688468 -0.191262704124705 0.322815801520586
-0.0181623341524 -0.00040918378659413 0.123572546867525 0.224601597039553
-0.00213612485469009 -0.00256083090817552 0.123694857617133 0.0164399682594001
0.000281914347524344 -0.000701641570393329 -0.000515853898198853 -0.10568396478474
0.00991622523865091 0.00416646388802642 0.0109881972409467 0.0883492431414127
-0.0015847837603963 -0.00670174767699752 -0.0695664343189005 0.0135963710724215
-0.00683398905944951 -0.00768808036903155 -0.135350306339376 -0.178749976033419
-0.00394960036344632 -0.015478277332472 0.0983608511310262 -0.281290145860933
0.00960834716811049 -0.017536149620592 0.403447813333593 -0.0240994568561973
-0.00164329848326909 0.0060732316966789 0.248852178353607 0.406307425504573
-0.00388950788715528 -0.0138799452666912 -0.141516009646133 0.345454174029816
0.00672966264236234 -0.0212593415488148 -0.00982064477687526 0.0724241034225022
0.010998620694254 -0.0066775685450397 0.195592304452428 -0.247677170046551
-0.0044371229081759 -0.00121686590295061 -0.130344899120389 -0.4725999779922
-0.00764567180199543 -0.0097097130006017 -0.469427997796189 -0.0773845553596746
-0.0228253885329961 -0.00874930129055726 -0.183476742832556 0.326288941839026
-0.0155261123039772 0.00388181306085799 0.126573882093329 0.220267450992936
0.00280124805950624 -0.000965259326169044 0.12393541623911 0.0125886009126402
0.00520948217566504 -0.00176526167490322 0.000117005035305443 -0.107630773009687
0.0126250840120977 0.00324837587687495 0.0123466208183341 0.0884818360329851
0.00115400335706242 -0.00495175045026714 -0.0714468926356115 0.00867399238116899
-0.00398933009407828 -0.00434242610040301 -0.131746145927352 -0.186612014228282
-0.003503260612075 -0.012201592147912 0.110029811258268 -0.277971006738633
0.00566962047735456 -0.0186981644727919 0.406419333366409 -0.00683754906046336
-0.00514142545917329 -0.00200824211879802 0.231395474255464 0.415796943913212
0.00100654985829446 -0.0230934978882751 -0.150103747084195 0.337376029286919
0.0151825430402184 -0.0278969573581099 -0.0032221616532482 0.0663361052205544
0.0152637382840738 -0.0152226029021564 0.191674870984576 -0.257137856830594
-0.00724919019617385 -0.010029991399157 -0.15039766108348 -0.46630182680064
-0.0131703172524531 -0.0112298420870105 -0.46974693160473 -0.0562962703561477
-0.0237044311190865 -0.00388813494731189 -0.168985955724222 0.331187084204097
-0.013014763901646 0.00803828805378428 0.133072697483239 0.212417812773469
0.00674779979323952 0.000606921481032599 0.121992775260858 0.00658022817223626
0.00801060260422274 -0.00343405337123002 -0.00097895140557856 -0.108906385022442
-0.0021177147421224 0.0124323667879083 -0.00216026281879643 0.0935195287937222
-0.0121470989827133 -0.00172473137680068 -0.0830913442576234 0.00846664262972366
-0.00911751243799802 -0.0100212486863596 -0.132342789268808 -0.193856608183019
0.00361479976601468 -0.0270962861713691 0.128630161327223 -0.284465272065375
0.0320611483879083 -0.0140336905375477 0.419797227176703 -0.00713267612983745
0.01291766108384 0.0346571676225634 0.222826602892819 0.408931686253099
-0.0201737017982397 0.0229228848827724 -0.143273842651084 0.31043944022604
-0.0281774546521401 0.0100318563757193 0.0212600411548921 0.0410895086370939
-0.00685333110482499 0.0294469558680048 0.203208531241556 -0.289773863939672
0.0119691814155314 0.0270185352819395 -0.161054652357409 -0.484279903484873
0.0139265912065076 -0.00642397555260409 -0.467832778246891 -0.0523728224693682
-0.0148239257805207 -0.0166260679239585 -0.15241825895313 0.326395597196876
-0.0166032639093119 0.00195780980644805 0.136682339000182 0.207579257617023
-0.00829127288912442 0.00240344112040119 0.11477790608578 0.00650246725282453
-0.0101694340497851 0.00595570461572031 -0.0121301195730642 -0.103309862724142
-0.00269980778329925 0.0130288650238099 -0.00118121199059103 0.0933058570587171
-0.0134677147871069 -0.00319186158513942 -0.0803216644855332 0.0134548697131072
-0.0111245187485233 -0.0124686161399205 -0.136702922307126 -0.186703854016845
0.00190164992348364 -0.0293303624623077 0.114987286963849 -0.286539586323468
0.0322606304111598 -0.0147285709745714 0.417508048975451 -0.0236791125204617
0.0150611175765809 0.0371070078793733 0.239074834543933 0.400588109027492
-0.0213996628510059 0.0261864941276614 -0.13778268642822 0.320915942432323
-0.0302905880186876 0.0116147710888999 0.0118035774313105 0.0505800878828171
-0.00940368714496999 0.0314263996266049 0.206478814537241 -0.276437477809726
0.0116596118382789 0.0312228963004583 -0.143065501801579 -0.487841784351061
0.0160112158303231 -0.00484635755566164 -0.468650930781778 -0.0728301143527794
-0.0148199619218845 -0.0199366605969054 -0.168812841364048 0.323917478354066
-0.0188524917866362 -0.001486653535236 0.130789116911472 0.215335063335092
-0.01049152940395 0.000522940707952864 0.117737237707172 0.0122724455520471
-0.0111346911497752 0.00585041332027624 -0.0100131211810309 -0.10302275746874
-0.00213700608625585 0.012458712769259 0.00149625862141744 0.0927242761149447
-0.0131532096387584 -0.00465918079671226 -0.0769631057250719 0.0168304555140297
-0.0125300069952418 -0.0134163064700479 -0.139910026406183 -0.180535462582538
-0.000360690784290207 -0.0301275434944775 0.103472801147939 -0.287445791838297
0.0305349427759303 -0.0155441600706165 0.413249560203489 -0.0356925148945205
0.015033271723532 0.0360174648938594 0.253657724928239 0.395384232022612
-0.0198516029774398 0.0246369173601002 -0.132392548847651 0.331931721738398
-0.0289338695865104 0.00954373928346447 0.00263849053854356 0.0601432665704561
-0.00987245217316245 0.0292200137879239 0.208266006290818 -0.263225264689085
0.00954959409855873 0.0312670788253064 -0.12639045801009 -0.488254840837243
0.0155279904173647 -0.00326413817273475 -0.468760415921977 -0.0886849889417752
-0.015545036505251 -0.0214074165720709 -0.182145244786391 0.321455773629595
-0.0198156981270065 -0.00407690715899229 0.125974831263247 0.221572297342777
-0.0105844688897436 -0.00152305470232625 0.120145985575814 0.0164139888444678
-0.0105133014590406 0.00516802853590179 -0.00686750403595692 -0.102581846520308
-0.000383427393864276 0.0108393229418366 0.00395097050898642 0.0921313308384933
-0.0118607152996065 -0.00563135287808699 -0.073670427261593 0.0185239237121653
-0.0130876055186379 -0.0132325998854977 -0.141330150361266 -0.174734034809193
-0.00260022887106816 -0.0283908154249365 0.0945549097321608 -0.286893146213316
0.0259801093208616 -0.01617081634737 0.408468582527359 -0.0435359467210716
0.0126177354716209 0.0315840409787719 0.261177737083847 0.39278671550939
-0.0175044881019749 0.0183879114955928 -0.130844815645109 0.340762575177448
-0.0228881752854254 0.00349440619965527 -0.00540664675879272 0.0677952012866719
-0.00676935351119724 0.0231212022745715 0.207332625735665 -0.251463460457628
0.00613194943712985 0.026676429524408 -0.114920569066824 -0.487312598845525
0.0118404954125232 -0.00374688261527186 -0.468815076049069 -0.0990773718269159
-0.0175487636028129 -0.0206303975885803 -0.191278429977021 0.320607897716248
-0.0203526275587753 -0.0046732562782662 0.122826545725505 0.225842887392043
-0.00898791038631631 -0.00280227493946907 0.122305695666219 0.0191482901571429
-0.00777423507840807 0.00347428661757697 -0.00427018834925799 -0.103431705355287
0.00331581856651559 0.00926258621788222 0.0066658744757753 0.0913139109728806
-0.00921372846821663 -0.00677471461574602 -0.0710849784833928 0.0186059543508703
-0.0117870287280865 -0.0123784180001702 -0.140710328340992 -0.173995692711752
-0.00369566493812692 -0.0253783067069464 0.0906536993563304 -0.285495602524854
0.0210403341926655 -0.0164024518748055 0.406342084071717 -0.0434157137226591
0.0082841891880427 0.0245886488175691 0.263337067836763 0.394131022990676
-0.0138905748000915 0.00907054692908426 -0.132248016386177 0.346621359663344
-0.0139294579325466 -0.00343195977281071 -0.0105876809464458 0.072806412435138
-0.00203663930563027 0.0138120975372105 0.205491018904571 -0.244712741253682
0.00278082794110936 0.0195583990918275 -0.111834982957747 -0.484755293875173
0.0061253095335335 -0.00489191222739236 -0.470311031968297 -0.101369931979091
-0.0190678719016204 -0.0182719772292161 -0.195321895210882 0.320249655252447
-0.0196587381805613 -0.00322918939148657 0.12212047232765 0.227820367670356
-0.00612619383086164 -0.00342664421223981 0.123652052933757 0.0197193658693163
-0.00408448441414268 0.0016884479633072 -0.00187974749458019 -0.104476116328519
0.00631271404411013 0.0068173775596605 0.00934066072349756 0.0901233359448841
-0.00613861256379829 -0.00705310129545828 -0.0698474886048431 0.0167847562641732
-0.00978423071256001 -0.0104327365781687 -0.139703716336753 -0.176073325161344
-0.00433015203068617 -0.0208856530534513 0.0926767711664391 -0.284375017237609
0.0155278516320789 -0.0171004891305688 0.40499815908727 -0.0361127668576157
0.00401834499077361 0.0159827496455391 0.25938282663222 0.399004780069204
-0.00961852691204151 -0.00213965940038317 -0.137333590717536 0.349436859070276
-0.00447259098367106 -0.0124959867385079 -0.0124257756580785 0.0748010923887206
0.00407341378538465 0.00379654690151476 0.202125969424871 -0.244148911768006
-0.000490218333219543 0.00945253865290461 -0.116816717850877 -0.480149338475685
-0.000229690011929253 -0.00745579671303538 -0.470965565346768 -0.0913536729990285
-0.0213602280778277 -0.0149562095817793 -0.19255945467142 0.323361035697702
-0.0184026232547339 -0.000417777079047319 0.123880567837104 0.225906810701549
-0.00186894418410877 -0.00252655975615301 0.123892118328452 0.0169956588737838
0.000182365802332139 0.000226987202462484 -0.000244081277195529 -0.105894051300561
0.00980391087766214 0.00440414895701228 0.011301260513274 0.0894000384021723
-0.00211822599399447 -0.00627183234782928 -0.0702689857206488 0.0131278049787292
-0.0070490983047616 -0.00729559710781899 -0.137108326537675 -0.180456338627874
-0.00429620041776981 -0.0166255708264635 0.0993425283643762 -0.281761152685449
0.00962829767483583 -0.0175734238821692 0.40558198424807 -0.0229725528025362
-0.0017806266621203 0.00639360304291409 0.248880232921488 0.408268653397965
-0.00428614501844459 -0.0140893820802884 -0.14233007900785 0.34650023304246
0.00648745234725255 -0.0214976469343592 -0.0100148545872241 0.0729826979468474
0.0112089158581485 -0.00712765602820892 0.197969576112218 -0.247903171387765
-0.00374085920524324 -0.00133796283524733 -0.130342337572371 -0.475394308698115
-0.00754885257812812 -0.00953686006265169 -0.473070324039861 -0.0792496569663079
-0.0232317867818243 -0.00933275163491958 -0.184771427547164 0.327784712875297
-0.0157581697296906 0.00390528400898198 0.127661288458842 0.221227364412301
0.00286430757493179 -0.00147555158978879 0.123967820632187 0.0131109914971486
0.00470895191574076 -0.00159133337341034 0.000380513842616515 -0.107787190469423
0.0128234387446244 0.0028823072081476 0.0121174967198782 0.0887183791885534
0.00119480691657634 -0.0048745888726581 -0.0717268924856558 0.00843907986237016
-0.00408737426468908 -0.00471597894203504 -0.132661447357595 -0.187759665102967
-0.00363971747785347 -0.0122463292946313 0.110969300289622 -0.279100459621578
0.00589803382343756 -0.018707542718936 0.408942466455638 -0.00580929425541841
-0.00510086107633173 -0.0020668620799382 0.231309192575778 0.418586649300734
0.000925086083886825 -0.0233766533700016 -0.151230738063969 0.339155678096924
0.0146840801425582 -0.0281698166454587 -0.00383874840442731 0.066731159685595
0.0155349389686316 -0.015401423070163 0.193726491522981 -0.25731220071753
-0.00660655340350625 -0.00994557228239538 -0.14859453891071 -0.467709834553878
-0.013187209806279 -0.0111656798093748 -0.472634212440527 -0.0580406801856991
-0.0241434807799907 -0.00383797939273398 -0.170419732428495 0.332805977157417
-0.01244895673914 0.00798455692169683 0.132920600572462 0.214109705515452
0.00693253264638961 0.000359271876020527 0.122577327601457 0.00676366893346709
0.00796668005081229 -0.00309584399048981 -0.000386227225392293 -0.109617743951749
-0.00213470957655401 0.0124600471996819 -0.00208150065798206 0.0941122355870524
-0.0127281340973056 -0.00177853829491012 -0.0839981873232308 0.0080080642545187
-0.00912786000320744 -0.0101307697824478 -0.133789548982311 -0.196233396008761
0.00418979369087792 -0.0276485730267502 0.129885012541678 -0.286223630345989
0.0321745298175593 -0.0140929255911835 0.423936802322771 -0.00485427575844573
0.0132438553618222 0.0348693469034332 0.222689731687619 0.411164037602405
-0.0210229093316592 0.0226875881240602 -0.144672158018857 0.311610459175465
-0.0286761330498539 0.0103623628847591 0.0210913217424545 0.041392552383874
-0.0067859063655168 0.0292457485550728 0.205246500207911 -0.291617260490853
0.0127208936422082 0.0276538784646821 -0.161784689198234 -0.487749081338897
0.0139022320199122 -0.00641942576371704 -0.470091692346374 -0.0534253628475749
-0.0154073950989272 -0.0167779107900451 -0.154366862038904 0.328243465089699
-0.0163285672405217 0.00216804087420239 0.137190317241052 0.209943929501288
-0.0085632013749572 0.0027768551669815 0.115494044646548 0.0070701875728815
-0.0100768790955282 0.00618149400825496 -0.0117832364525606 -0.104191541938791
-0.00315034464160935 0.0128199488104346 -0.00107533307862694 0.0940861096108239
-0.0139534765379242 -0.00328308121614036 -0.0813199417092949 0.0125995018884443
-0.0115299327842607 -0.0126955155422632 -0.138134132714162 -0.187798289254137
0.00203149681230489 -0.0300448364066625 0.116821266233783 -0.288249051208597
0.0325060225654596 -0.01492748832969 0.419054845740728 -0.0232733585747325
0.0149354806794892 0.0373149759368438 0.239379092773582 0.404120614184609
-0.0215911794103276 0.025597973112286 -0.139071378556244 0.32212987014098
-0.0308859532382652 0.0111417978383995 0.0119553446772192 0.0505005424262351
-0.00937870898770764 0.0311678016249777 0.208417821394739 -0.277525494091553
0.0118046776429252 0.0312118890226039 -0.141139435150806 -0.491344845161295
0.0162259074621317 -0.00449361411916659 -0.470993088867023 -0.074858615547341
-0.0151641720430876 -0.0199060230124811 -0.170692022235918 0.326094778182111
-0.0184420555127968 -0.00166393381482802 0.132006565821886 0.217277100049278
-0.010532671670524 0.000105049889991795 0.118290090004298 0.0125395542532334
-0.0112723035580379 0.0062864988149893 -0.00929602663873399 -0.103067377529537
-0.00212171032503911 0.0121743245910693 0.000818543941483564 0.093153175346134
-0.0140477415967385 -0.00516957710812653 -0.0777129046468916 0.0161523427158283
-0.0127688859631616 -0.014003069585118 -0.140775379235442 -0.181473471172532
-0.000453666035402476 -0.0301451802119759 0.103981065509734 -0.289640753532685
0.0304600323587317 -0.0155161281057449 0.415354625265534 -0.0355577764343005
0.0149902046243043 0.0365260796868401 0.254756394138317 0.397165890879121
-0.0201120029193878 0.024912249547633 -0.134119199386516 0.332938803686616
-0.0290214674967158 0.00913345182516871 0.00225320753822591 0.0602509523443914
-0.0100601293326494 0.0290847016826872 0.210710847579491 -0.264372073964007
0.0094263818485863 0.0314579955828212 -0.124945936454846 -0.494724514418041
0.0153677252056625 -0.00328909803565407 -0.471847813361286 -0.0893904180462252
-0.0159947110041481 -0.0217787514734801 -0.18356452117723 0.323265928200117
-0.020143401471373 -0.00399097390727661 0.127373225148127 0.223488811347525
-0.0108449886367413 -0.00147974119155006 0.121005679153009 0.0173115404414254
-0.0107184160823731 0.00561946285011936 -0.00712664038536605 -0.103146666953188
-0.00030479648380329 0.0108694052038693 0.00353240297959984 0.0927384299412546
-0.0120692970247337 -0.00615299288468517 -0.0747459131548594 0.0178347693190555
-0.013337361033254 -0.0134028184085906 -0.142565719309326 -0.176717750139342
-0.00190304307348266 -0.0289093574589465 0.0960356086927353 -0.288877923913712
0.0261985584302761 -0.0161938771050945 0.411637892843484 -0.0427230944220848
0.0124271933831375 0.0318640465614207 0.262391012014416 0.395471469864765
-0.0174482757159134 0.0179850037823544 -0.132545367645873 0.342480003184994
-0.0231270140475134 0.00328380987164775 -0.00598174316966399 0.0684110644998074
-0.0073821276378245 0.022549114647889 0.209835668379486 -0.252994899643219
0.00685401643731034 0.0270929323506437 -0.114379962824284 -0.492281433031138
0.0118512642338852 -0.00327607077697246 -0.472937669077788 -0.101440485662873
-0.0175095327454765 -0.020733092305589 -0.193077494591419 0.321897685274621
-0.0206616672087989 -0.00492901943250653 0.123277662654073 0.228038791963682
-0.00910791327091705 -0.003112827023523 0.123136798926231 0.0199506125761107
-0.00835750436287202 0.00381141176909662 -0.00405347163095065 -0.104083817340574
0.00303208598444892 0.00861147911815987 0.00689258322111298 0.0915356240838376
-0.00996920203565805 -0.00670954985843317 -0.0720773782949681 0.0184720825928183
-0.0121363808269128 -0.0121088764060526 -0.142192753712279 -0.175335135907973
-0.00392571613850574 -0.0256507647782413 0.0921432857178679 -0.28729072915647
0.0210858452660966 -0.0166519253838208 0.408551764836693 -0.0423659652844063
0.00813026016848498 0.0247672240753812 0.263807582653427 0.397051818870722
-0.0138419870850199 0.00846954777467504 -0.133900230603864 0.348978665343024
-0.0144433513075024 -0.00394638603030693 -0.0108966783216037 0.0731285227303422
-0.00199734798803802 0.0136210249225368 0.207519343452258 -0.246424173408155
0.00370879300061434 0.0191509444461368 -0.109679386884079 -0.489696641753438
0.00645535766974648 -0.00544213818197173 -0.472394023584258 -0.103692712530589
-0.0191311410252052 -0.0188623489433669 -0.197121855431363 0.322266456457719
-0.0199249222006372 -0.00364420731638452 0.122779554410555 0.229318848957983
-0.00627635984426791 -0.00338479715227368 0.124842919493004 0.0205030539386416
-0.00446282817191181 0.00172113678027061 -0.00164823431148236 -0.105196269475392
0.00631345835215069 0.00628533996602169 0.0088191648065121 0.0907239251717513
-0.00644785035776972 -0.00750389304963867 -0.0707309435552059 0.0160185005925375
-0.0097613455577906 -0.0104557651493945 -0.141024876772143 -0.17715431684664
-0.00404629762337472 -0.0214200417824608 0.0938629746448588 -0.285869437859156
0.015501466605566 -0.0171850072983334 0.408261517977077 -0.0358954045849509
0.0035051177507898 0.0164206111028185 0.259041792628233 0.40255354671447
-0.00943198419870641 -0.00226929357724551 -0.138305975241163 0.350768501003217
-0.00490922027350227 -0.0122149998386903 -0.0123220240890921 0.0748437672272875
0.00428378960556821 0.00365692973834583 0.204446954206738 -0.244901434245224
0.000134347816918713 0.00971953117909103 -0.116905072626257 -0.483372294246316
-0.0004217442646361 -0.00738366818923941 -0.474208918866186 -0.0930175659434163
-0.0212290162993615 -0.0146505249542547 -0.194967587757013 0.325855719208257
-0.0184512486766045 -0.000184624696056086 0.125106765971892 0.227533666813969
-0.00200354035590732 -0.00308913410844414 0.125121534871179 0.0181231718012017
0.000151979872604397 4.15472708111555E-05 -0.000309196046474186 -0.106465768219118
0.0102424284018361 0.00419418154880125 0.0111097415283617 0.0895127577021457
-0.00258532224720084 -0.00665087892829707 -0.0705855786252228 0.0121526934279759
-0.00644489621517655 -0.00816973874709137 -0.138759046764007 -0.18240975957333
-0.00399227007265172 -0.0162522116168604 0.100653996079818 -0.283598567669954
0.00959982492949798 -0.0181346771516213 0.409962087299454 -0.0234345379712355
-0.00144797936972015 0.00608610747687248 0.249510934724594 0.412031021258195
-0.00408332760169246 -0.0146740519671489 -0.145361573830571 0.347940371188496
0.00614795660453282 -0.0218800411952336 -0.0102841646050821 0.0731515797222205
0.010869620582593 -0.0078213813577582 0.200178493146192 -0.249297602481424
-0.00346049759111104 -0.00189858165495253 -0.128612984099891 -0.478522847380578
-0.00762928149835396 -0.00910503282574118 -0.476106110266505 -0.0812867351273827
-0.0239733070514848 -0.00935440917244582 -0.186079457899537 0.329125813167556
-0.0158671989886882 0.00405754675228445 0.128278968441948 0.223044517892387
0.00280019297658766 -0.00168058661226613 0.124601849015098 0.0137280474767282
0.00470194811848477 -0.00187415977518043 0.000520535508014824 -0.108902215276144
0.0133248620197796 0.00283550458492863 0.012091345273971 0.0890512919009888
0.000620954741484411 -0.00511974039219742 -0.072199992235486 0.00719040801341747
-0.00400542285658557 -0.00474355838140736 -0.133947802978254 -0.189616879651451
-0.00355380320305799 -0.0122575604846481 0.112462805571536 -0.280376587307151
0.00565065470185931 -0.0187997275666796 0.41166306203908 -0.00523863627878626
-0.00506204879776947 -0.00209763857936596 0.232254914606998 0.42228710985858
0.000816329066154305 -0.0237382392472459 -0.153369807738927 0.340123306813219
0.014440330743289 -0.0283946834307632 -0.00365921683405456 0.0667918297204214
0.0155435056565532 -0.0161789445150346 0.195646249217865 -0.258993430423447
-0.00622913259514349 -0.00972608974005971 -0.148965291057814 -0.472770645605893
-0.013647584771501 -0.0114143997577271 -0.47600344460776 -0.0588607698256784
-0.0241140977850101 -0.00408437104273226 -0.172249583952452 0.335041414689331
-0.0128046262954964 0.00820848787265015 0.134070637619105 0.215808681423369
0.0070592865011737 0.000202532924199778 0.123384746365782 0.00734886360013759
0.00777638362703508 -0.00321525389647648 -0.000176659943874912 -0.110415128096665
-0.00204424792713629 0.0121110865427223 -0.00234075839966998 0.094653357004559
-0.012823523061004 -0.0013966813827606 -0.0846269712992454 0.00716363488016093
-0.00925932810344693 -0.0103208340117793 -0.13549357502934 -0.197632160399209
0.00410730921373865 -0.0278301475239267 0.130688636727639 -0.288440296441596
0.0327824423020219 -0.0141911312768064 0.426382299160347 -0.00665533879329711
0.0130490511184837 0.0351512232656987 0.224191690361569 0.414295240189145
-0.020984930290409 0.0229415035176718 -0.146347970722578 0.313683270837645
-0.0290918341131163 0.00974001417108129 0.0209573559422763 0.0419569092975139
-0.00701856444175739 0.0292778173529743 0.20744481021843 -0.292664886897115
0.0133439052913972 0.027461023521684 -0.162254754934227 -0.491770861877693
0.0136780373446906 -0.00598912441572228 -0.47394686547433 -0.0535634999076882
-0.0155144775341626 -0.0164858380571956 -0.155088648659075 0.331168552059057
-0.0167918877425902 0.00203509812901814 0.138278767075624 0.211107192844773
-0.00863826633238121 0.00241074281545163 0.11642149705313 0.00758526067144109
-0.0103489106419203 0.00635170682661175 -0.0117837793424914 -0.104527726833146
-0.00263886790212764 0.0123987619757698 -0.00140158033925856 0.094693111092539
-0.0143565025296022 -0.00298952356421688 -0.0821902546472311 0.0122831599149994
-0.0115641640253453 -0.0126840631359636 -0.140121662894816 -0.189354363642502
0.00170916471205268 -0.0304873530667904 0.117074187730958 -0.290447027947147
0.0326229408606895 -0.014607019136252 0.422841805796571 -0.0215892100807296
0.0149688777472786 0.0377908727388844 0.241028018101259 0.407307759759782
-0.0220662920645445 0.0257510331969484 -0.140711220435124 0.324571159670727
-0.0312368500817682 0.0112386848960739 0.0114943380678427 0.0509915195332875
-0.00997512966573072 0.0312376138635931 0.21057928322037 -0.280213579957183
0.0124478556045552 0.0314703044321334 -0.142880685239662 -0.495318293675489
0.0164484380780758 -0.00421405298387933 -0.474944153117842 -0.0755900699642903
-0.0152748400978684 -0.0204932241353755 -0.170484915410254 0.328837024501778
-0.0191018076815395 -0.00172273697286278 0.133228526259668 0.218407126382839
-0.0106345746673978 0.000126330837429084 0.119347618333329 0.0130979724767411
-0.0112328953353999 0.00651173932046772 -0.00987986347609263 -0.104040817645978
-0.00226936661369446 0.0122566070628295 0.00126859343694551 0.0939250613733262
-0.0144565855662303 -0.00475319661379842 -0.0783197961853649 0.0162228681939682
-0.0128885805506194 -0.0138732751843702 -0.14287844152201 -0.182849421381893
-0.000590249801223626 -0.0307403170643607 0.105240218593895 -0.291401856833546
0.0305951207464079 -0.015537112569449 0.418506847039482 -0.0358737428418807
0.0154957301895942 0.036530600410161 0.256790942500774 0.401477862806667
-0.0207339579697902 0.0243566144092407 -0.136208857810423 0.335722093838406
-0.0292813183507574 0.00891883137373113 0.00242633882196579 0.0602277170829938
-0.0100252652741716 0.028865143614803 0.212331780304974 -0.266137745982283
0.010018485520919 0.0317197409500316 -0.125598025137439 -0.496493935624106
0.0153401566836949 -0.00296564368382748 -0.474896222405142 -0.0909218018755383
-0.0162720291359196 -0.0218830547666584 -0.184415177657777 0.326181260035979
-0.0203867743450877 -0.00399359179986241 0.128280499180768 0.225418315863546
-0.0111641629979229 -0.00199794345580451 0.121971980583708 0.01742025128194
-0.0111318659934927 0.00547160739999089 -0.00676074692138049 -0.103957384920407
0.00036404312629014 0.0105023369526196 0.00378380982302654 0.0935664924181273
-0.0126762539766955 -0.00596293281789434 -0.0756607040946427 0.0179926179110705
-0.0132322653284591 -0.0133169182988828 -0.14417177690779 -0.177840409519575
-0.00266290291497437 -0.0289181015504981 0.096361804864792 -0.290907954626666
0.0263442000249365 -0.0161138885998489 0.414262632446272 -0.0430725537815724
0.012847614669476 0.0321420043577473 0.264434942875937 0.39920931536643
-0.0178369111779367 0.0180363023879392 -0.13345521224866 0.345001213983473
-0.0232281341792047 0.00366233312311855 -0.00571629626787265 0.0687579400580391
-0.00698999249241573 0.0224020724106591 0.211254938134427 -0.253987012911852
0.00716518182840552 0.0270574891321685 -0.114092854098905 -0.496756410281034
0.012132328103312 -0.00333061131444277 -0.476480695460721 -0.101151448480701
-0.0178719578098165 -0.0212927168872852 -0.193947878101593 0.324700357252738
-0.0205078653137329 -0.00502198654734934 0.124858003311761 0.229339125552774
-0.00960043409111457 -0.00288396454422029 0.124038802406048 0.0207887564241882
-0.00840269971782447 0.00382938261842481 -0.00376142887419631 -0.104509729666714
0.00294776075335434 0.00855389154307426 0.00661240237002051 0.0926016612606905
-0.0102305026285465 -0.00670017609535708 -0.0728627294556442 0.0179010268216668
-0.0121805538828966 -0.0127584583223962 -0.14399916910603 -0.176692530036067
-0.00352125323540527 -0.0260262774828946 0.0932441676951238 -0.289558662575861
0.020842202170585 -0.0167871072905206 0.411924220281933 -0.0429076713389034
0.00863796764146374 0.0249915714013882 0.265795827414277 0.401114132764242
-0.0143507868254051 0.00853665465135079 -0.134613224059665 0.350702967525176
-0.0145974099999614 -0.00399579844319123 -0.0111876680038847 0.073712843317417
-0.00193503799035172 0.0136523976851367 0.209759925598395 -0.247858170852932
0.00347312343307441 0.0190346068972543 -0.110828421586382 -0.49297272154269
0.00610990581989614 -0.00478697921536116 -0.476741851005232 -0.103297915936425
-0.0191511464574962 -0.019338351198852 -0.19920676447031 0.324518037466938
-0.0194678374806605 -0.00323042793948605 0.123873300722449 0.231617643352727
-0.00622686536169592 -0.0037502276461742 0.125655341159859 0.0210649296658217
-0.00498152249401849 0.00176901025993302 -0.00174356096675945 -0.10552173207242
0.00644680167813822 0.00632727159030045 0.00930787902643038 0.0915682974750969
-0.00700989893546964 -0.00685831133755743 -0.071342544251137 0.0154972371150027
-0.00980720493872435 -0.0106313622734346 -0.142540898426348 -0.178385479386212
-0.00409513441370112 -0.022024072971153 0.0948450114749709 -0.288187821390018
0.0156383668949646 -0.0174802838855255 0.412019612859955 -0.0358870839920908
0.00358572662512018 0.0160834166761734 0.260518866061598 0.406342299106412
-0.00977492981695727 -0.0030174569899477 -0.1393098931195 0.353408813341782
-0.00498664446585622 -0.0126182746983615 -0.0123605252556693 0.0752837538008601
0.00380503151377894 0.0033496819537818 0.206616421300525 -0.246753563750992
0.000118736827971574 0.00940144707328964 -0.117137787452376 -0.486801509832672
-0.000118097615807837 -0.00720645705301325 -0.478898847689396 -0.0964886623499862
-0.0222909139243876 -0.0146913147761398 -0.196195632075306 0.328102143017812
-0.018362727241938 -0.000866153072251085 0.126008681855083 0.229484008711758
-0.00221267981079725 -0.00306275092648163 0.126024764363471 0.0186711268389938
-0.000258310747728591 0.000160630527371929 -1.41760519751156E-06 -0.107172212587639
0.0105605261835432 0.0035035535489537 0.0112964243783994 0.0905075806544609
-0.00297426001828591 -0.0066923283026795 -0.0710996114108707 0.0118201644847985
-0.00729727287363596 -0.00792786621405234 -0.139837447079983 -0.183794170981529
-0.00420191934207712 -0.0168831358835136 0.100986369128633 -0.286237085727222
0.00966524334533512 -0.0179103407215768 0.412633530549867 -0.0232055948034308
-0.00150218438261978 0.00618030613770311 0.250852097537268 0.414856686298405
-0.00409879635043015 -0.0152676460214395 -0.145684080164415 0.349890375637032
0.00618581152784661 -0.0221355897249836 -0.0105870739741922 0.0732900941880098
0.0111394459935577 -0.00789219204740574 0.202260635091617 -0.251099969098345
-0.00308650621977844 -0.00219537334282474 -0.130493908290814 -0.483758926306442
-0.00784024230641687 -0.00982080871355522 -0.478631249881349 -0.0817367377707657
-0.0237279994749287 -0.00934111693517185 -0.186757425706365 0.332340688365937
-0.0157076762627347 0.0041547619160793 0.129647541517478 0.224743952657975
0.00299786759213679 -0.00199543853843443 0.12585472788994 0.0143718256793541
0.0044462863028786 -0.0019763370940827 0.000599468325192464 -0.10949662376774
0.0131328773871773 0.00222351192126679 0.0119042820794451 0.0900050676502845
6.32692656782898E-05 -0.00546278236099843 -0.0729733088105181 0.00661033136978798
-0.00417598561820929 -0.00473328739058256 -0.135940251512518 -0.190990833119481
-0.00327873916919059 -0.0129849238895804 0.113153285610215 -0.282701936783901
0.00583358897195974 -0.0189186763094206 0.415358662931689 -0.00482309925907305
-0.00523630041180698 -0.002365826032522 0.233251587876301 0.424257502574339
0.000798847852614028 -0.0243932993359487 -0.153821810351999 0.342987615595315
0.0149080496976467 -0.0285279786482131 -0.00466590995131394 0.0673286456380679
0.0158357767745119 -0.0163770136409057 0.197687910320164 -0.260944816152054
-0.00578013917327256 -0.0100377212212669 -0.15002848944253 -0.475265986727723
-0.0137347205809475 -0.0114302096443356 -0.480829034467219 -0.0594868184011198
-0.0244000999962524 -0.00439407560975783 -0.173092649054462 0.337219029558617
-0.0128355572826677 0.0085190072794919 0.135468323214604 0.217638255079421
0.00694999298651643 -2.11264265157288E-05 0.124642943330816 0.00786049245092739
0.00793835340798577 -0.00307142796396824 0.000197699397332919 -0.110887633890977
-0.00238608977542493 0.0122588450662761 -0.00210046547383863 0.0954678443999236
-0.0137025062586652 -0.00147727361463216 -0.0856805417986737 0.00713723780641238
-0.00935458118435905 -0.0108756489905562 -0.138494377841172 -0.198885481492831
0.00418690651625274 -0.028283255259476 0.13170554693814 -0.291012940975047
0.032672805364593 -0.014200350234938 0.430281611655694 -0.00618330984657713
0.0136262875047586 0.0353819049434704 0.227090089179247 0.4175080970382
-0.0211182802788766 0.0228739125874901 -0.147283989912706 0.316168416393237
-0.0293222225714326 0.00974239759308509 0.0212276291683917 0.0422585917593776
-0.00691495846074704 0.0290341204747762 0.208477065490958 -0.295734286949333
0.0137327339305721 0.0277030431110906 -0.163806146963951 -0.496794221393512
0.0144706202812423 -0.00615083388788363 -0.477577945095228 -0.0539707053189014
-0.0155715719288849 -0.0170141301846451 -0.155603453253219 0.334540895887729
-0.0167440033271013 0.00204467689792933 0.140017194203311 0.212559095443188
-0.00897871589134403 0.00268500937795096 0.11789298831078 0.00806642928342075
-0.0104524048734599 0.00618257111994699 -0.0118721010825372 -0.104987530840095
-0.00270080988947297 0.0125973068400281 -0.000550560897224954 0.0951438300462409
-0.0148424551561937 -0.00328859255648064 -0.0825298493485247 0.0121274895167829
-0.0116005725269607 -0.0127461667854066 -0.142631878370483 -0.190652388039654
0.0018500411753669 -0.0310968851790517 0.117148197012476 -0.293671371418877
0.0330820841880411 -0.0148350730522656 0.427096150479101 -0.0229271866619975
0.0155523309208039 0.037789628667037 0.244451612938168 0.410822425886649
-0.0223545151514677 0.0258895331750282 -0.140922058605601 0.327389467908133
-0.031306878916582 0.0112764778945697 0.0117366416022653 0.0515832588823461
-0.00994735115679397 0.0315132269646176 0.212227090157065 -0.282017969615588
0.0127867962480708 0.0316826157182532 -0.144793388228065 -0.499717179844436
0.0162844459585399 -0.00404738981541362 -0.478978031154556 -0.0745353551157176
-0.0158080587894324 -0.0203208599807924 -0.171236818134457 0.331525055308797
-0.0190390237631181 -0.00143005464909127 0.135014935610696 0.220557246160135
-0.0111938014977204 -7.04927313153574E-05 0.120648707376775 0.0135730654956576
-0.0119766984264171 0.00641117508586938 -0.00996215224504265 -0.104771296652169
-0.00202158021459944 0.0118520738904136 0.000977252699971698 0.0948469230562005
-0.015002664151051 -0.00527026626786085 -0.0791280710067018 0.0156291461690143
-0.0132440061579489 -0.0139474351883175 -0.144714084137284 -0.184049596552456
-0.000322121693572777 -0.0315849882523332 0.10535989634746 -0.29380812335568
0.0305789764710979 -0.0158365571342807 0.422794750648973 -0.0368524971709265
0.0152634360931088 0.0366178542438246 0.259765853608595 0.404191250073359
-0.0212189835660931 0.0241691442857022 -0.135757442852938 0.338078590474468
-0.0298063129963978 0.00923669811546112 0.00236407111093997 0.0607345458303867
-0.0101182357787507 0.028494209253557 0.213188331304852 -0.268959576956611
0.0105894826053556 0.0319643832504733 -0.126763817721466 -0.501439500509797
0.0153411259097313 -0.00285121493026917 -0.479998629356548 -0.0901476595798448
-0.0164069486043516 -0.0217539783739757 -0.185821394503251 0.32870410785999
-0.0206704486895293 -0.00415019854781263 0.129705206766574 0.227613815393234
-0.011321945097119 -0.00203269487377055 0.123099107375261 0.0176138303703044
-0.0109081607299435 0.00556038766809634 -0.00709952161374789 -0.104795089328971
0.000168030803553697 0.0103395619132021 0.00373669147045556 0.0940619996059476
-0.0133315510584221 -0.00642491767714379 -0.0757837613135042 0.0172693479682141
-0.0133027860489141 -0.0138984559573445 -0.146264265395286 -0.179349099464672
-0.0027513219405854 -0.0295978840943212 0.0968591930628236 -0.293457274613551
0.0266790786663882 -0.0163185040298833 0.418018805692408 -0.0436860572671985
0.0127404125278537 0.0320150997180875 0.266144016554844 0.401303860328833
-0.0184682587133848 0.0179948429768691 -0.13406160015476 0.347739910858691
-0.0233589836651515 0.00376999633998586 -0.00602568675838258 0.0688702447972134
-0.00726729660662207 0.0223011846691243 0.212683157111788 -0.257302921826489
0.00753451558109665 0.0274453085898281 -0.115841910057982 -0.50019883754073
0.0118181820735052 -0.0031945447284415 -0.480403978391046 -0.102820674918964
-0.0179345322506284 -0.0215701719441848 -0.195557922671548 0.328008766425965
-0.0202450801670923 -0.00481180438279668 0.126423233501231 0.231425228123403
-0.00940482721901309 -0.00361578490691194 0.125662790173639 0.0212897759567005
-0.00819421338564571 0.00395374986602004 -0.00395835627756471 -0.105046543034132
0.00270361198097556 0.00799393914293318 0.00691001449762006 0.0927688137962971
-0.0107802413601997 -0.00701174605452983 -0.0734447403908265 0.0172627479909396
-0.0124245092673074 -0.0130988729240465 -0.146617986040991 -0.177441196571898
-0.00419147993272741 -0.0269348055946963 0.0929478344504068 -0.292190652054793
0.0209209605495571 -0.0167115851952108 0.415434173600407 -0.0436189996524485
0.00852042607174184 0.0254323566106456 0.268695955074338 0.403756324726928
-0.0144434803601358 0.00816707610646911 -0.135713587542756 0.353998884222569
-0.014925489784753 -0.00410747972440884 -0.0110752199122326 0.0743703681362956
-0.0023261879621948 0.0135502603580932 0.212146162928096 -0.250538293098463
0.00371160138862551 0.0194320447541341 -0.112569849128913 -0.496127124557262
0.00678619097795356 -0.00451745385243605 -0.480787976543747 -0.10371239568061
-0.0198300769432639 -0.0191289710275125 -0.199601371552022 0.327726794073335
-0.0200887761692599 -0.00364681337495833 0.125193919679832 0.233137715755467
-0.00640325775138518 -0.00392190749252332 0.126772119907428 0.0209326223162781
-0.00444184013644776 0.00192394156104281 -0.00171299143258742 -0.106433495505388
0.00651859539450161 0.00588375219917698 0.0096103303423454 0.0926650315904028
-0.00751005418921954 -0.00721179669797068 -0.0720932033856487 0.0155073565660523
-0.0103448874799516 -0.0108995465402668 -0.145291342627599 -0.179808960994242
-0.00413863626129037 -0.0223209244269605 0.0945289210489969 -0.290272059490715
0.0155932658202623 -0.0173049688444893 0.414974134663327 -0.0368338065579435
0.00349350462470344 0.0164489555133431 0.264012710251944 0.409604609622285
-0.0100747504632318 -0.00295708805241485 -0.140264727179029 0.355852182463043
-0.00464572255677206 -0.0127356004479927 -0.0122927472675993 0.0761058416326653
0.00417304706349213 0.00334208098103839 0.207411550648935 -0.249504401255917
0.000273563470560984 0.00914942871767453 -0.118357014771942 -0.491826761033504
-0.000376689333475904 -0.00679972568046503 -0.482709954255441 -0.0957584048767356
-0.0223780170782619 -0.0147255403683768 -0.195996305433639 0.331136919880505
-0.0185168578766642 9.75669874823774E-06 0.127589549570135 0.23128719723696
-0.00241347287809228 -0.00357740353536196 0.12746928609107 0.0188374216241344
-0.000424395877052942 -9.6285128763981E-05 -0.000347469552008295 -0.108028812160614
0.010370961697349 0.00361521196778621 0.0115163035434134 0.0913227735299419
-0.00360327242549065 -0.00665134506996317 -0.0720483308143326 0.0113843467716465
-0.00714293752364238 -0.00812665135706355 -0.142158507096799 -0.184859914699931
-0.00412075059734004 -0.0174145272192524 0.101477619315328 -0.288754810983795
0.00948003459719158 -0.0181263041061329 0.416320203685873 -0.0234634405597348
-0.00187318727784177 0.00621080877338533 0.252711798648828 0.417835212212281
-0.00436247209723188 -0.015594260240872 -0.146811506185347 0.353864497140027
0.0063151983320221 -0.0223116092185888 -0.0103357358852303 0.0740468695641477
0.0112262336059809 -0.00808510023065544 0.203924940066707 -0.253530397958571
-0.00270846497524794 -0.00192915727784461 -0.13152968573915 -0.488083366802209
-0.00812015377977042 -0.0093804801959666 -0.482962307131647 -0.0810518258713425
-0.0240445980176543 -0.0093446417011376 -0.187920566644916 0.335151828004737
-0.0157674807185725 0.00387862480943709 0.13155020791383 0.226812932388093
0.00280843531868331 -0.00194725989578142 0.126591363379745 0.0146997623611141
0.00426863244088093 -0.00201255746487789 0.000497087922286643 -0.110178227856484
0.0129309379556616 0.00220202549859981 0.0125011460454397 0.0908280583571909
-0.000109575965294611 -0.00531669774918949 -0.0740352938279079 0.00620996682383948
-0.00431114068799788 -0.00516295979053666 -0.138236878995747 -0.192007617050645
-0.00355724926934169 -0.0134801736283321 0.113578474075841 -0.284971988801138
0.00579075715555346 -0.0187606261201971 0.418741887544063 -0.005737374561078
-0.00511608289106924 -0.00254719153868479 0.235486941071559 0.427904282326206
0.000534252696299036 -0.0253016914513135 -0.155835186589077 0.345375977830507
0.0143866412011195 -0.0288416730375692 -0.00389389996952598 0.0676973936920443
0.0157794938115041 -0.0168404371723168 0.199499885843767 -0.26364786157159
-0.00593203116914074 -0.0101797210982718 -0.15190727993439 -0.480603313603821
-0.0140412139069832 -0.0109504211198035 -0.483522495187559 -0.0595952958215645
-0.0251611179129583 -0.00392817105605209 -0.174003892041112 0.34016489126372
-0.0128509244924731 0.00836517010934328 0.13709620282504 0.218745909010257
0.00709581027667931 -0.000451639039174046 0.125639824102046 0.00806810533544827
0.0077559317765302 -0.00330743758578195 -0.000138607461265739 -0.111329936113189
-0.00236067712384367 0.0121488987492405 -0.00198252774575013 0.0960281214526084
-0.0137539305464004 -0.00145728017639037 -0.0869161314273769 0.00652017322369377
-0.00968576142649299 -0.01125049832234 -0.140950601274943 -0.199382435348875
0.00397928166417232 -0.0290576215698781 0.131809477552105 -0.29420152323993
0.0327248604980557 -0.0143123081263604 0.434728795971211 -0.00786356553188018
0.0135475147502929 0.0356119405154559 0.230954457947271 0.421442865341724
-0.0215686275128115 0.02256704728218 -0.147957930897509 0.319713197792505
-0.0293678184300209 0.0102061531068278 0.0212569727979799 0.0426007202861874
-0.00711870013699058 0.0291500488671855 0.210123860933485 -0.299124461085258
0.0138653972264702 0.0276655231509684 -0.167893079082821 -0.501951730083667
0.0141884223896819 -0.00608085030587655 -0.483267390859761 -0.0521186346121263
-0.0156456463008634 -0.0167319716598709 -0.155742430279374 0.337906305356742
-0.0168519749810505 0.00230844783007847 0.142607207883857 0.214061216143796
-0.00892676910518378 0.00217310946368567 0.118781212159869 0.00786473221894168
-0.0107464326625822 0.00630429123314698 -0.0124231573988201 -0.106176493872359
-0.00331215644059594 0.0120795511886619 -0.00027948276116661 0.0961068602675433
-0.0152161164656561 -0.00310485289429873 -0.0836354260215532 0.0117658485191668
-0.0119614177827894 -0.0129051133924171 -0.145013490857396 -0.191791982159589
0.00155120418245486 -0.0316011998674302 0.117881866897507 -0.296059377181298
0.0330884189904544 -0.0148768464340836 0.430700467772973 -0.0249006271871662
0.0155188974327848 0.0384506813676893 0.247575766641119 0.413596453924174
-0.0222455220529067 0.0258686357734954 -0.141633303433967 0.330562387264869
-0.0316404447429705 0.0113454324917805 0.0117446745522486 0.0514650772348209
-0.0103080908604217 0.031146414755806 0.213569657862685 -0.285861896931975
0.0134151452561999 0.0323675564073704 -0.147696830843155 -0.505467548400743
0.0166487198275573 -0.00450146693203024 -0.484883879797146 -0.0730553615642642
-0.01590818057562 -0.0203446407805886 -0.170968089379764 0.334737015662955
-0.0192422775914962 -0.00165110041219845 0.136653410801243 0.221610267193341
-0.0113367124998751 -0.000439392107678023 0.12156970453983 0.0131097877225537
-0.011931663462859 0.00651241835672879 -0.0101620511568299 -0.105559318549132
-0.00205486828500117 0.0114376194350312 0.00159699220582863 0.0961165220655424
-0.0158056849150718 -0.00500286629702218 -0.0801652845694512 0.0154263198758162
-0.0133129896892146 -0.0142730777977966 -0.147977506152393 -0.184855352741803
-0.000749999018847567 -0.0319948598906441 0.104765249790841 -0.297326154465838
0.030986869642929 -0.0158087349446677 0.426128236919796 -0.0387733990282821
0.0155119475418743 0.0367690371620845 0.262250908560117 0.406419817912306
-0.0212768572120403 0.0238311843531543 -0.136616149854731 0.341672563849844
-0.0299439390627376 0.00951247512198622 0.00240896530899889 0.0616326900406766
-0.0102773674140249 0.0288856206244598 0.214629881582438 -0.27185232476189
0.0108510792563012 0.0320468560170858 -0.130021492883642 -0.505710650117595
0.0153530772042667 -0.00308177563372312 -0.48493190324222 -0.0898735426521204
-0.0166579988412712 -0.0222975052637236 -0.186143495365977 0.333372138954749
-0.0206750897152771 -0.00422907536444952 0.131890920368746 0.22896287547473
-0.0117544166570723 -0.00187194417728748 0.124284199661251 0.0176956493961706
-0.0110309095629318 0.00558129933131744 -0.00745259373070235 -0.105583398465081
0.000128735386553615 0.0103935646890919 0.00415679322543334 0.0950143520690782
-0.0138805075161127 -0.00647071924421189 -0.0770351526846266 0.0175096348530135
-0.0134554466165484 -0.0143101750784679 -0.149010283744821 -0.18014824531682
-0.00282511032950768 -0.0301703541419486 0.0968028352791523 -0.296215685515306
0.0264056620673189 -0.0167994461443493 0.421861801354501 -0.0455776809480752
0.0132412951883362 0.0320182346987631 0.270713446635273 0.404712589724023
-0.0185964921632451 0.0177440896740322 -0.133776824683862 0.350544257577595
-0.0242980714381278 0.00373128637939573 -0.00584089635762232 0.0689761916966833
-0.00740600387072947 0.0223452302316744 0.214363642614289 -0.259977775428369
0.00754734530094259 0.027696294291635 -0.118240210731825 -0.504277009189283
0.0115206124982957 -0.00322065659380705 -0.484606899060553 -0.102330898159612
-0.0183300598657021 -0.0216716014314553 -0.195750137274261 0.331238026338855
-0.020556276813473 -0.00500852546973261 0.128530552796099 0.233417667677038
-0.0101564911960043 -0.00363952014101783 0.126555221507364 0.0208215553687417
-0.00868923624259851 0.00380556909947615 -0.0045325108972411 -0.106096064937774
0.00303668288313896 0.00812663328578562 0.00690516269504211 0.0939857275185071
-0.0114177253893066 -0.00684897922852872 -0.0738456011634315 0.0170092928220645
-0.0127014906528028 -0.01318370974104 -0.149118791348239 -0.179655203454369
-0.0043147875287725 -0.0271386805667211 0.0926679660785208 -0.295663279996621
0.0212666107897064 -0.0167238226723881 0.418404295154425 -0.044776394784924
0.0089380811895635 0.0253401491315183 0.271958047831327 0.406603153670785
-0.0148538887538477 0.00846511876613319 -0.135952842072929 0.356575859775895
-0.0153312613590412 -0.00452756870218012 -0.0112449548334724 0.0748837243058675
-0.00219334359575958 0.0127497843832303 0.211954457346091 -0.253629030023002
0.00452843670935705 0.0196315312814525 -0.114253490946775 -0.501932511647462
0.00617893193289788 -0.00469173018241831 -0.48622816850212 -0.10335070090407
-0.0206463616046535 -0.0194782940526673 -0.200103144551272 0.331551760863409
-0.0201125284172157 -0.00331901276694797 0.128234743469402 0.234969747787382
-0.00668046649747782 -0.00380545415136327 0.128135219818956 0.0209057772412154
-0.00472446551994998 0.00206596935228794 -0.00214898639496907 -0.107257789415824
0.00661581982620574 0.00575031039037717 0.0101399997632513 0.0930809998243663
-0.00788947933477599 -0.00690555451155161 -0.0727446403746529 0.0151326503084615
-0.0103226870782179 -0.0113074949614748 -0.14868232555886 -0.18066503152355
-0.00434970595636908 -0.0226594744864763 0.0946355293948689 -0.293948356890934
0.015778034372728 -0.0173414189363275 0.418718232782736 -0.0382975909795766
0.00380363603589151 0.0162103285160365 0.267619841507784 0.41220557829752
-0.00995778102197599 -0.00336085214638521 -0.140732709433518 0.359789653657117
-0.00499571556435689 -0.0127490770907323 -0.0127797074044407 0.0769563546248472
0.00416152897827464 0.00267540157002994 0.209049536285886 -0.252229240345017
0.000793965261118648 0.00921381774801956 -0.122284626750365 -0.495773056292202
-0.000517879998459575 -0.00677585557823965 -0.487026243509054 -0.0948279612213521
-0.0227153667420369 -0.0149874789895065 -0.197034748091644 0.33516962869671
-0.0187353846984065 -0.000396996311282307 0.130113290467829 0.232895700540923
-0.00241105168779272 -0.00340801070000103 0.129130218148524 0.0186969529445157
-0.000650151401379535 0.000155925680172736 -0.000479910155554539 -0.109246599558668
0.010249265005484 0.00341199217689943 0.0121748434813324 0.0918638456029983
-0.00382026090269144 -0.00665312158411089 -0.072518027078679 0.0112512957302269
-0.00743579252837519 -0.00839217467394944 -0.145203748735289 -0.185923632778854
-0.00409771378205767 -0.0179800120621583 0.100835700347826 -0.291952635159028
0.00956648810371122 -0.0183575927881075 0.420272864166465 -0.0255567364767872
-0.0015421334156465 0.00607176351002788 0.257064720390555 0.421419963359805
-0.00452630136215918 -0.0163241447913082 -0.147173980626953 0.35688563820226
0.0060206586018897 -0.0225038425656762 -0.0101855900033222 0.0749446652291278
0.0112735043339948 -0.00849474314518918 0.205243717634209 -0.256837398595079
-0.00275851976957299 -0.00181210810010932 -0.133026379029873 -0.490984496903528
-0.00805445020879885 -0.00947439613596028 -0.488056839612855 -0.0801548244782588
-0.0247261541477401 -0.00950234085463492 -0.189080277099469 0.339536961856885
-0.0161969780702048 0.00395243605883928 0.133512759681648 0.228577572900353
0.00242955449439918 -0.00229230505481781 0.128408592304001 0.0146507080379675
0.00447208414517113 -0.001671928623175 0.000543340248885696 -0.111280823966125
0.0133591030894996 0.00170919808802478 0.0128337905044189 0.091425418638695
-0.000478302726315595 -0.00532933536954303 -0.07472381831563 0.00580070640089274
-0.00409177095395915 -0.00518120519081348 -0.141078972619563 -0.193276408342845
-0.00319786938897111 -0.0136139846172495 0.11370363536626 -0.288125623830102
0.00546648781548593 -0.0192167145335276 0.422979495714438 -0.00680046846716539
-0.00527377051640031 -0.00237699863534683 0.239268508526866 0.431428349170004
0.000452520963174234 -0.0255699702660107 -0.155797840151519 0.348700123543305
0.014572748590701 -0.0292613008914707 -0.00390379980029765 0.068330256513346
0.0162432425393199 -0.0174979215984551 0.199970854774901 -0.266515647924261
-0.00580473042361021 -0.0103827551644534 -0.154572855883795 -0.483975398950254
-0.0142500817155105 -0.0110945365182203 -0.488238208447661 -0.0574477828609848
-0.0251858887059564 -0.00448442924096223 -0.173609121266726 0.344571574233263
-0.0130490135267616 0.00854490397655536 0.139442124648168 0.220630771609365
0.00723433270467951 -0.000544770394823724 0.127096407690695 0.00793313318565073
0.00774131869924492 -0.00334559845749726 -0.000982688663572055 -0.112476612794854
-0.0021227012072145 0.0119282831348193 -0.000953110818872007 0.0970443196155096
-0.0146168416079553 -0.00129852775928391 -0.0874282499997689 0.00706735399135046
-0.00950156220599946 -0.0111263777035506 -0.144068419152354 -0.200364117168897
0.00374853483857876 -0.0296776153729209 0.131237230634106 -0.297876212472942
0.0336253517983635 -0.0147314529239186 0.438882210523913 -0.00998503786054643
0.0142008752680784 0.0356405427979984 0.235127210042705 0.423806005092577
-0.0217694391666089 0.0227708522898814 -0.147664259888356 0.322478478306104
-0.0297486402196898 0.0101871014092776 0.021686371341438 0.0427195959587784
-0.00716619133236512 0.0290118661240319 0.210016930721223 -0.30362380557202
0.0144570807967298 0.0277311495590032 -0.173002219725038 -0.503414077000724
0.0141646973851195 -0.00611744697601404 -0.488092766526218 -0.0507262107592375
-0.0163666423869304 -0.0166409861218429 -0.154657949245291 0.341462050709985
-0.0170295365845798 0.00237494899320241 0.145382938137042 0.215209650587898
-0.00909266405491663 0.0023525711205966 0.120513022578905 0.00765553187351831
-0.0110662410968864 0.00678834897213037 -0.0129336492523467 -0.106913095348699
-0.00276576055228964 0.0121581632629852 -6.66234061577376E-05 0.0968609526101048
-0.016129881591615 -0.0030241291378073 -0.0846217415814653 0.0116054794047429
-0.0120360781666165 -0.0135657494277656 -0.148088785405184 -0.192875103750983
0.0011735172332243 -0.032130639193712 0.116716096673145 -0.299658071947899
0.033557371108804 -0.0154798819303264 0.435040386935921 -0.0272894829173165
0.0158703304962027 0.0384114649988829 0.253105901252239 0.415495005618376
-0.0225918627880538 0.0259084324989602 -0.14099878387203 0.334213188573279
-0.032242718501154 0.0116383021645715 0.0118598281476359 0.0519650180928276
-0.00990158015494349 0.0316727219632973 0.213611257315695 -0.289902129075931
0.0138234709943217 0.0320264065992511 -0.150241798068269 -0.509514336218447
0.0166861554504769 -0.00431201603238852 -0.489442979858112 -0.0721782756473425
-0.016603924088141 -0.0206850380394644 -0.171012490204722 0.339446440495083
-0.019181426395862 -0.00177743470823719 0.139796699287151 0.223425575295329
-0.011688996238899 -2.79533223206795E-05 0.122917078613346 0.0130114775344394
-0.0122367685589495 0.00684915956508464 -0.0109692429015639 -0.106146485069763
-0.00204380626104414 0.0117381409831919 0.00202845587979756 0.0964361745258678
-0.0161088163896046 -0.00462313898537003 -0.0812967856248514 0.0153425689626339
-0.0138073406682993 -0.0147097303472708 -0.15123508252547 -0.186294270440845
-0.00159741124061941 -0.0320747198204293 0.104860861255536 -0.30091140435212
0.0311631061488931 -0.0161595551295199 0.429580443037788 -0.0398874978587112
0.0159945402580114 0.0371224064098757 0.267951085424713 0.409479137936491
-0.0214653894429257 0.0242772343411059 -0.136076397204766 0.345978217399391
-0.0300948629820893 0.00928972551733262 0.00270342864589013 0.0618803242938547
-0.0101393391561216 0.0290787872575546 0.21541300406122 -0.274950922371052
0.0114398306595192 0.0324354422083 -0.134504095842722 -0.511538465570318
0.016034726979303 -0.003083064156574 -0.488721812319796 -0.087940920494039
-0.017413089437643 -0.0220211461162539 -0.185560083118213 0.337111772284575
-0.0206646806437886 -0.00397766085451615 0.134846956704623 0.230333859550491
-0.0115857497420915 -0.00216191410891572 0.125839409631904 0.0177969814823761
-0.0112489686219586 0.0056088861299055 -0.00792689630297713 -0.106223175130331
0.000110275602589923 0.0100768045863405 0.0045990190621459 0.0957869109550265
-0.0145119636454198 -0.00639999720831328 -0.0774973799390545 0.0175164449985313
-0.0140521488801172 -0.0142140391509537 -0.152564428253162 -0.181162016501014
-0.00311387283160108 -0.0308947589109571 0.0955603140217414 -0.299499999621032
0.0269582644354893 -0.0167102839334142 0.425621256807625 -0.0485534144954018
0.0134763996847989 0.0324185895268459 0.274746013121688 0.406998186199686
-0.0184604584930754 0.0179259260325233 -0.133792163222008 0.354829829271441
-0.0240727752054653 0.00369891394337337 -0.0059283395360195 0.069948586506657
-0.00755434386205282 0.0217053172137815 0.214406673639507 -0.263004180043297
0.00838755834975424 0.0280725859787866 -0.121550149887988 -0.508782845402861
0.0118870771758668 -0.00292895193941807 -0.490115980012327 -0.100842060149858
-0.0190925554245042 -0.0219844579867187 -0.195411691377013 0.335344369505007
-0.0211819750215952 -0.00486393220083478 0.131022196147922 0.235017838616113
-0.00982918480567552 -0.00357526358767643 0.12821881421669 0.0211007721741416
-0.00867178468618462 0.00413155755850792 -0.00461803065360688 -0.106789452540765
0.00301641071255618 0.00819817216230007 0.0077330152752964 0.0947492299182593
-0.0116869722643261 -0.00699829006011875 -0.0747434747313426 0.0175008264454055
-0.0126657519716918 -0.0134463910845261 -0.152037856661815 -0.179365680780454
-0.00452758621669843 -0.0275090856770706 0.0917590709034821 -0.298804255650905
0.0215374449818838 -0.0172910292879453 0.423175530855151 -0.0477924442847111
0.00912706454199303 0.0249793486608032 0.27841043779093 0.408079871955696
-0.0148967964974555 0.00808928879302289 -0.134820940377236 0.360771815669073
-0.0153874845923297 -0.0043686215675327 -0.0110084876860068 0.0753870088063972
-0.00229329294691862 0.0128719410598322 0.212876741651979 -0.256966601659379
0.00475292641569841 0.0195166910272502 -0.118928892602608 -0.505793583429371
0.0065463089847339 -0.00455913026706525 -0.490338726926361 -0.101246723032005
-0.0209146945884341 -0.018916352937197 -0.199756734891809 0.335826812172344
-0.0199503526543595 -0.00359770080392998 0.130457409532289 0.236950905154006
-0.00709299806675325 -0.00377663756864644 0.129954221954379 0.0210178010212735
-0.00489154247178876 0.0020124531316636 -0.00240230795283227 -0.108006417201104
0.00659885018220052 0.00591537281382707 0.0106535441158312 0.0937325470119598
-0.00843918073079319 -0.00720132007245808 -0.0734878340145558 0.0148735249493363
-0.0106282949941141 -0.0114275869026545 -0.150889221102203 -0.181524669445876
-0.00450640498867219 -0.0229424956074827 0.0934810776684856 -0.297189336633498
0.015453117822499 -0.01786312314596 0.422789099307967 -0.0406057494019522
0.0039706697235359 0.0163747311042853 0.27263395682133 0.415147020828085
-0.0101348654682518 -0.00335422938545191 -0.139668637740717 0.362844223050833
-0.00530407790819975 -0.0132301322211987 -0.0123092443326594 0.0776735726310466
0.00397158833557747 0.00244222799215026 0.209832318969301 -0.255562345531649
0.00123010368774969 0.00972605443004161 -0.124314150111279 -0.5020274174763
-0.000798080239112754 -0.00652752079923963 -0.492278252890185 -0.092568816248274
-0.02356029234364 -0.0149068119247347 -0.196492220994119 0.33942433694598
-0.0188285556849047 -0.000233780343839386 0.13227157616393 0.234074052605967
-0.00299194402401153 -0.00378874519152566 0.130220773800262 0.0188475569062631
-0.0010431226715389 8.92360896860159E-05 -0.00118986486408906 -0.109878512068175
0.0103403640836218 0.00339721901524962 0.0130297453422102 0.0924218394130882
-0.00431631239281264 -0.00697868162414379 -0.0735584921153427 0.0107652591454402
-0.00732452362105862 -0.0084336567983118 -0.147748797485083 -0.187344750870322
-0.00445739144051209 -0.0183246914672049 0.100906963345787 -0.295148877392184
0.00959260975763733 -0.0184705577617225 0.423904699635833 -0.027434127489391
-0.00168305557287933 0.00633465292901603 0.261388491046023 0.422873464196708
-0.0047820493467207 -0.0164462953898852 -0.145965280077896 0.360015993867461
0.0062435442158802 -0.0227444163250462 -0.00988235284187734 0.075199278631105
0.0112486776062713 -0.00906325521861619 0.205270153042043 -0.259828108000672
-0.00252017011799897 -0.00170243216760548 -0.137735329551695 -0.495062076969924
-0.00824879173305622 -0.00926117244073363 -0.49294308152808 -0.0786657901750764
-0.0251049384162756 -0.00904432241062268 -0.188249019928387 0.3438093744641
-0.0160862857862081 0.00394061387841166 0.136555722715287 0.230140909531331
0.00279110911708026 -0.0020844517453946 0.129943545461183 0.0142274053925714
0.00402009927419859 -0.00208276617844002 -0.000552277759894705 -0.111606717674327
0.0129760950356867 0.0013436558173289 0.0137995503809926 0.0921455368499131
-0.00100667428887933 -0.0052216668471125 -0.0753678261935895 0.00568610334171934
-0.00419549212555478 -0.0049470474740526 -0.144384619881165 -0.194243248441803
-0.00376232491817533 -0.0139647355234078 0.112914574641845 -0.291413302415651
0.00520686736870436 -0.019439212775679 0.426974078119872 -0.0093556606056772
-0.00551810541857888 -0.00234977543117218 0.243920983650963 0.435193830070449
0.000756085282699956 -0.0261091364445911 -0.155550698940477 0.352190432658247
0.0142069970478401 -0.0293881670059606 -0.00381100767757255 0.0684774628664314
0.0161244494162913 -0.0180831889608994 0.201605580642817 -0.270149446177423
-0.00571952313522416 -0.0106383215292667 -0.156875568378557 -0.489169307687873
-0.0143355253656252 -0.0110745680172793 -0.492935139822985 -0.0566709468159489
-0.0257122848491184 -0.00412394529611804 -0.173748800041576 0.348444103049657
-0.0129187431076979 0.0085678121748354 0.142598027542324 0.222600104588477
0.00720467886511617 -0.000705525776584233 0.128130956218655 0.00771509936757025
0.00738777934822131 -0.00281590409316703 -0.000560174619651403 -0.11380235565161
-0.00229525956756132 0.0119518095752042 -0.000984422466119399 0.0981999848028176
-0.0150277891868707 -0.00105641090491093 -0.0887025789117618 0.00715596749556317
-0.0102603820529368 -0.0107894533687994 -0.147544817535269 -0.200896668915165
0.00346714672008584 -0.0301193826199535 0.129530918560642 -0.301778763510747
0.0335578241390141 -0.0145745162113359 0.442909196973165 -0.0144624641283033
0.0146130022074871 0.0357106036437781 0.240904195926459 0.425168461317134
-0.0221102836074727 0.0225146245681527 -0.146886145056782 0.327125890726347
-0.0296483455795465 0.010525162022718 0.0220530805195326 0.0425662063899529
-0.00694565798976236 0.0294290510402361 0.210361853795675 -0.307915200440546
0.0152262432615287 0.0282689718570649 -0.17635826786719 -0.508479996921096
0.0143642822426195 -0.00597622771347226 -0.492957878411448 -0.0487643888919875
-0.0169438930653002 -0.0166275698066059 -0.15342032126964 0.345926355228619
-0.0170966687216922 0.00239360535239997 0.148639471136876 0.215881173001892
-0.00934052002906701 0.0022766647363944 0.121380005926194 0.00745733898140255
-0.0110149617368635 0.00648303907282434 -0.0140407837623525 -0.108027199637644
-0.0033509262255093 0.012275366841502 0.000272539468260698 0.098220243826892
-0.0166802040972465 -0.00295376865691896 -0.0852653753610588 0.0118367209254984
-0.0124973273603732 -0.0133989801316591 -0.152065593527992 -0.193137916676707
0.000980549619928247 -0.0326035248543877 0.115884553536005 -0.303337965617894
0.0337875645472869 -0.0155326279743589 0.437997310012787 -0.0313360778494535
0.0166614150034629 0.0383166243133773 0.25804764666084 0.419055993922253
-0.0226127601561071 0.0258811586433191 -0.139790449981578 0.337212503925923
-0.0329578078206602 0.0120031873347275 0.0127428573100355 0.0523969201799823
-0.0103148258354493 0.0316224692398723 0.214059453329079 -0.293871053264544
0.0145127232601983 0.0322690120030769 -0.155621533441315 -0.512141334854383
0.0166453628018968 -0.00417804016466921 -0.495370827365453 -0.0693102558472202
-0.0172046686669506 -0.0207210720160677 -0.170644802932167 0.343959795827451
-0.019230021965021 -0.00128973034387147 0.143217335261995 0.224640435246118
-0.0113767433020712 -0.000193844136965429 0.12510482994554 0.0128476745659517
-0.0126102436379504 0.00641743372010488 -0.0117257124433809 -0.107371318476917
-0.0017995824551443 0.0113968359612991 0.00273111164169851 0.0976685336533707
-0.0166965624181157 -0.00478832398005151 -0.0814614504292229 0.0157286636427066
-0.0135569349647149 -0.0144855010503478 -0.155141420191103 -0.186814447513619
-0.0013512898654466 -0.033233289419917 0.102968655885858 -0.304186361441295
0.0314283787364886 -0.0165544917185681 0.434009414034911 -0.0427842101174596
0.0167845879384523 0.0375464976878196 0.273716751613222 0.410596051895351
-0.0214219159311314 0.0243312358123217 -0.134133758851321 0.349153474176691
-0.0303310946503201 0.0094565037113884 0.00295622145837191 0.0616605453694062
-0.0101806917118346 0.0288910338661585 0.216306994874327 -0.279290676899567
0.0119953114011983 0.0322653135144962 -0.138587126282023 -0.515069901794156
0.0157149975777896 -0.00306510843985778 -0.49526502358486 -0.0851812117137681
-0.0180977697019929 -0.0221179085922879 -0.184632824151841 0.341364681029866
-0.0205900882320679 -0.00390544225600231 0.138509320112605 0.231194643806072
-0.0122768256391125 -0.00225847519907956 0.127454406517656 0.0178985601696852
-0.0114065428523841 0.00599283377821948 -0.00871797413879154 -0.107374723870587
6.84077134875385E-05 0.0101654209231274 0.00597254048404789 0.0962895570407395
-0.0147106287887835 -0.00640030797841487 -0.0783817960002466 0.0173061363275841
-0.0140680677851705 -0.0144992486156521 -0.155199960939608 -0.181677512600661
-0.00320251956036706 -0.0315679327507168 0.0944796135847674 -0.30324628739117
0.0268978364385279 -0.017020358160808 0.429446924413736 -0.052122506809438
0.013887116874874 0.0332086155550147 0.281219839850798 0.409129286865083
-0.018549835148641 0.0180392783389871 -0.13276885217196 0.358592334173161
-0.0247350635823439 0.00360669803747036 -0.00495258487432242 0.0703303451184605
-0.00728639409419579 0.0221202698493193 0.21536154245968 -0.26689353176661
0.00871849290474096 0.0275545176965312 -0.126323051478259 -0.513254804718647
0.0124665037766084 -0.00262172132670411 -0.495866602739976 -0.0976051855146349
-0.0194675353530149 -0.0215428912804549 -0.1947975591178 0.339713235887891
-0.0211859056913325 -0.00459735010762234 0.133666357973642 0.236182261955429
-0.0100560607046926 -0.00342420379585632 0.129636517925807 0.0205670244446699
-0.0093469662710341 0.00431534303087409 -0.00590935946733857 -0.107395348295624
0.00292796616777797 0.00798153693244744 0.00859371813877255 0.0955567458567516
-0.0122318312793476 -0.00682720725679561 -0.0760717372147808 0.0174286557873831
-0.0127131841203732 -0.013829310095258 -0.156416472755151 -0.180348556992084
-0.00526664664948885 -0.0282244789036275 0.0904284288372138 -0.302135851551318
0.0215491771861931 -0.0174449454277108 0.426600188152661 -0.0516787172056808
0.00959512553922652 0.0257088748403761 0.282510632979169 0.409829659644188
-0.0149734270546345 0.00791522918354919 -0.133758176951078 0.364747504159271
-0.0160363473758137 -0.00377356831517431 -0.010625829401044 0.0765877874046149
-0.00229890046521255 0.0129318549792715 0.213488428158865 -0.260839959062856
0.00490193109465427 0.0196971886677993 -0.122107661425767 -0.509839864555865
0.00624357381888445 -0.00449557866367135 -0.495310088351905 -0.0981667761900783
-0.0211344117973814 -0.0191116421686363 -0.198458564138737 0.340841239050418
-0.0204232715476388 -0.00303258848069247 0.134571147647804 0.237264173464615
-0.00719132643894543 -0.00402314447903559 0.13091189883505 0.0205687781561457
-0.00536766119093199 0.00204984261652198 -0.00367095530850114 -0.10876772475573
0.00698800094766527 0.00531996133474614 0.0112023281621548 0.0943090231609217
-0.00878480156692618 -0.00720918255684837 -0.0747533641877515 0.0149208842865484
-0.0111224714821435 -0.0114395029056239 -0.155373154011674 -0.18204380710208
-0.0054031664531754 -0.0232981472963864 0.0925307264138292 -0.300469301373154
0.0156898850650084 -0.0178616848525411 0.426124880598944 -0.0439881914115728
0.00413890290903135 0.0163110693124574 0.277543948608462 0.417092144092119
-0.0106284077827989 -0.00395284656194382 -0.138423824333633 0.36690910049391
-0.00559249963909313 -0.0135019311723059 -0.012166575304767 0.0775611913787063
0.00464779274455935 0.00253235365634669 0.210569121286047 -0.259971029828732
0.00197719112887668 0.0095818421202419 -0.130330369939385 -0.504985547987586
-0.000754802586165408 -0.00705120252975254 -0.497088664397004 -0.0892702624507559
-0.0238446314137057 -0.0149756856521416 -0.196111173512328 0.343821891414655
-0.0190065135950916 -0.000372331630091525 0.135768239603214 0.235382824347223
-0.00287598444843534 -0.00390940553752746 0.131812675532081 0.0184619333240598
-0.000909991483888623 1.78898300464969E-05 -0.00182105002499792 -0.110682346614517
0.0104034280101443 0.00270653852726351 0.0138917595479107 0.0938826858384739
-0.00507338300132539 -0.00690767269584307 -0.0749165106352862 0.0115676830065171
-0.00729044521099442 -0.00888512247752186 -0.151869556298136 -0.187094328872372
-0.00409915956025529 -0.0186852720978142 0.098983542539001 -0.298464257434282
0.00970329156140735 -0.0185604918975408 0.42828247671854 -0.0302781687463228
-0.00170109633872212 0.00626032199796364 0.266413626518876 0.426608822714872
-0.00515760741446012 -0.0167918215548199 -0.145060801633557 0.364569780979066
0.00591594311813735 -0.0233248035557594 -0.0093611142858849 0.0759081155964042
0.0109085957554845 -0.00962175688439352 0.206200047271373 -0.263210937604646
-0.00202587886572662 -0.00189782566006207 -0.141811414290904 -0.499351469274502
-0.0087390865499787 -0.00940834772750196 -0.498092026309861 -0.0760507727689902
-0.0257596153863383 -0.00939514029806086 -0.18754391527219 0.349322488539081
-0.0158806782837179 0.00426013597742456 0.138965707318691 0.231426097216571
0.00241560883241895 -0.00294895432058565 0.131846161612311 0.0136845402468262
0.00371071622204569 -0.00177623233684959 -0.000539702718070017 -0.113387379496887
0.0131196868356953 0.00133817621323806 0.0144539875853024 0.0922711191597996
-0.00159435522589156 -0.00564644571072788 -0.0767352562882655 0.00600132650834599
-0.00419483838225628 -0.00543631742347325 -0.147209125426533 -0.195477840804326
-0.00407994336424391 -0.0145654727978645 0.112741726084879 -0.295614489326488
0.00555013487795979 -0.0192191515459327 0.43153061147696 -0.0117286888834959
-0.00570069479496892 -0.00265220633170646 0.250839754259398 0.437304108941563
-0.000101927882954555 -0.0262119037956813 -0.153763465382557 0.357119130003319
0.0144096509846795 -0.0300493592534283 -0.003620458911132 0.069284190669738
0.0164097283062017 -0.01818077082726 0.200846572961767 -0.274708643500257
-0.0052517040658375 -0.010126630570981 -0.162980756518364 -0.492133368994525
-0.014673219546605 -0.0108761106785942 -0.498066778591401 -0.053827004188299
-0.0259505350899399 -0.00376368193581608 -0.17263094556542 0.352519330117877
-0.0132083845736599 0.00911812276832116 0.145552327914055 0.223002632826346
0.00693279315780516 -0.00081235166559631 0.129952305626871 0.0071379617522776
0.00756151995878395 -0.00345495868624764 -0.00185997035627306 -0.114367382828554
-0.0023433060254857 0.0122606754414464 0.00021328046831621 0.0987315741341699
-0.0152974143221064 -0.000488327458945272 -0.08979999663981 0.00775598571375587
-0.00999487229327711 -0.0110945448848427 -0.151418147781107 -0.201549060387653
0.0030601638957623 -0.0308109402359023 0.128733255516037 -0.305680477013595
0.0337479289420467 -0.015342572739098 0.445504339773791 -0.0176997432220426
0.0149994649200752 0.0359236978144223 0.246697961712936 0.428731274748945
-0.0224273328526417 0.0227739981800359 -0.146062411783339 0.330106131673257
-0.0303666696792416 0.0108706367651918 0.0225440894934315 0.0428159110324612
-0.00710369406930742 0.0289940053759458 0.210088251086315 -0.312119132533912
0.0161096413128834 0.0281053397107532 -0.18251919088815 -0.51190161144712
0.0145127450180938 -0.00610430560074521 -0.49702728501614 -0.0458653571441664
-0.0177488790673135 -0.016606131750094 -0.151911569814398 0.350530616417346
-0.0170303998436328 0.00232924698810061 0.151738952221502 0.216848880864937
-0.00971153333104146 0.00215674277197142 0.123266567130759 0.00639905531594684
-0.0114539356186366 0.0069581149047104 -0.0146944303260565 -0.108532190041961
-0.00313899684977224 0.0121464284790766 0.00118279579278931 0.0988547785661249
-0.0170075785294586 -0.00283386995124734 -0.086280450336016 0.0124762992525077
-0.0128255701161849 -0.0139152614180994 -0.156145144550919 -0.19329166833993
0.000700880948426303 -0.0337155425128485 0.114235429108382 -0.307617517782988
0.0335489272880125 -0.0162018417756864 0.442213551714874 -0.034970236867697
0.0171175920864397 0.0384644042170322 0.265025333700683 0.418949338110967
-0.0229994860581844 0.0256754370671388 -0.1385571374592 0.342217969689918
-0.0324705108064677 0.0123313577594963 0.0126895333367544 0.0524990219666212
-0.0103133716086938 0.0314234052877385 0.213587122188763 -0.29811271562397
0.01545477511072 0.0324038663072716 -0.160424352421517 -0.516752900170611
0.0167452388462249 -0.00350982602294924 -0.498723090370296 -0.0658328238751344
-0.0173540296312513 -0.0202462693313725 -0.169263806876276 0.348336629800774
-0.0195846350375621 -0.00131474530862325 0.146930224271717 0.225001110526186
-0.0123261028779153 4.69862434546026E-05 0.126381017552235 0.0127208860183108
-0.0124761182972695 0.00726034971537382 -0.0126588632054645 -0.108491735738363
-0.00206956210230727 0.0116413831397644 0.00392154418804878 0.0979390856635062
-0.0170999442625413 -0.00461654728807944 -0.0826605074261023 0.0158898039555247
-0.0140203669771093 -0.0146521782930029 -0.159024180597481 -0.18650684467499
-0.00192622424717262 -0.0334239239800433 0.100977360268746 -0.307678950146061
0.0313487783428522 -0.0168281339243452 0.437354432523996 -0.0478471495925995
0.0167742170220386 0.0374645636752731 0.278056797755715 0.412474472194709
-0.0217921548535908 0.0245307220684022 -0.132888911326629 0.353303106832566
-0.0308221317945493 0.00984532078550737 0.00331190003917803 0.0630041106055251
-0.0105001975528919 0.0289492118709762 0.215582735808176 -0.283734239180101
0.0131039782830063 0.0325939266576857 -0.143441708367315 -0.520122168056893
0.0160247792150637 -0.00290045408311687 -0.500526515901289 -0.0821553484010206
-0.0182750626895374 -0.0219841807643193 -0.18352287121104 0.346036689033257
-0.0213539504616238 -0.00358985554787332 0.141881596047382 0.23232939999492
-0.0127006391891225 -0.00204432531434216 0.129284534527192 0.017443534703724
-0.0114866338241487 0.00624540715213854 -0.00929033865076368 -0.107815491806152
0.000178831790343823 0.0100499640179266 0.00612501211871981 0.0972633711975009
-0.0151489066228696 -0.00574007247917622 -0.0793651316043425 0.0178411870482379
-0.0145065617803746 -0.014625480055325 -0.160124816788566 -0.181961439401713
-0.00370447186477432 -0.0319325268763807 0.0928150786174878 -0.306982445768876
0.0267050915751737 -0.0168870727110511 0.43259130308382 -0.0547823317196967
0.0144175635258297 0.0326511955536519 0.286406204223133 0.409649924807768
-0.0188848291238211 0.0174683307607619 -0.13022009018952 0.363128588975114
-0.024826700671335 0.00373926509597256 -0.0047916832969558 0.0710789193452428
-0.00712341096941537 0.0221187503258336 0.215188488557084 -0.271460966732064
0.00899588828681175 0.0277272974287705 -0.13082704270727 -0.517217588497575
0.012254924516432 -0.00297629261961099 -0.500812178817807 -0.0956991737065196
-0.0196835413868785 -0.0211345342273259 -0.193690175507762 0.344746764172068
-0.0214422669364522 -0.00457832472910977 0.13774833305976 0.236917010311663
-0.0109440168169046 -0.00358568397763548 0.131500646967761 0.0203165325301782
-0.00900119061102411 0.00464464572429723 -0.00620046629459277 -0.108581838792864
0.00304021169346186 0.00795786541025747 0.00962390266986515 0.0961610471012216
-0.0127430127397555 -0.00668097194204777 -0.0763544094944415 0.0176258781750315
-0.0132262903381969 -0.013634731852793 -0.160298578297244 -0.180451908483904
-0.00510946521793279 -0.0287475368549908 0.0882892013465633 -0.305514597713587
0.0215068707280365 -0.0176920446455883 0.431083777946309 -0.0555886386700944
0.00967947155706657 0.0253291529383462 0.289473628243253 0.412401814748378
-0.0159944968442303 0.0077811699935581 -0.13242220393618 0.369546630808122
-0.0161017515449656 -0.00382679958460919 -0.0101460003603736 0.0767504485956694
-0.00254518246987068 0.0131563908608231 0.213095394839002 -0.265344926881229
0.00519378839594448 0.0204775466558829 -0.127221607902344 -0.515177443197668
0.00627458355092438 -0.00488879327911866 -0.500907668918642 -0.0953592306447981
-0.0216371544538364 -0.0187111354673659 -0.197903704248238 0.344900839275702
-0.0207121099382574 -0.0032647240669427 0.13746072070165 0.23884206963562
-0.00723026266037749 -0.00417122127693173 0.132993825637805 0.0200886230015444
-0.0055538209235065 0.00211858713804167 -0.00392611109652563 -0.109924765956592
0.00640768007843433 0.00565770811092771 0.0123362142073335 0.0950530475976381
-0.00956348383075255 -0.00726379487763175 -0.0745742836499024 0.015564945574768
-0.0111051934344819 -0.0117204448265912 -0.158299552200538 -0.181949074519004
-0.00532411663795241 -0.0244250680886013 0.0902312151609928 -0.304289230602092
0.0156943863819669 -0.0182340705063492 0.429983199732807 -0.0483218779124104
0.00410707521522341 0.0164639834868576 0.283205188524068 0.418042986618708
-0.010977095712192 -0.00419014465145872 -0.136420934658608 0.371283305493201
-0.00591206717574849 -0.0135569773934168 -0.0119422563673451 0.0786020853885286
0.00401866843454625 0.00192408630504788 0.209844603891316 -0.263639512631594
0.00216070262729009 0.00941466922070151 -0.134960246172409 -0.508930424936889
-0.000693863732002923 -0.00649002307105162 -0.503297575760834 -0.0863572280418507
-0.0239715718962972 -0.0147885209301489 -0.195417468574633 0.349279520106018
-0.0189444159580726 -0.000312094509270059 0.138978176261328 0.236574870306767
-0.00349920634324548 -0.00390474039104061 0.133760103255619 0.0179520889279035
-0.000945518719853625 0.000321952666313195 -0.00282789001291634 -0.111567202823826
0.0101268707255275 0.00268773402196172 0.0142050391749066 0.0938639504813152
-0.00516225712110608 -0.0068215673335426 -0.0753208745011353 0.0113795352001039
-0.00727103137834077 -0.00866800744430971 -0.155887181480597 -0.187475642679816
-0.00492529930639527 -0.0188441239599625 0.0974742332962353 -0.30169513730658
0.00914624906757988 -0.0187920839982599 0.431582474388148 -0.034415435097979
-0.00166392915686624 0.00610107160458213 0.272680469210724 0.426867605761571
-0.00533703188297142 -0.0171981644036892 -0.143078064494522 0.368549462523137
0.00539809908217117 -0.0231877088127421 -0.0092528360467633 0.0766519034793053
0.0108915244055636 -0.0102415468826377 0.206206999353613 -0.268010929547436
-0.00165052191206223 -0.00169567136710056 -0.147646061117359 -0.504155547857929
-0.0088656748668283 -0.00894259345243348 -0.504172619935966 -0.0720507353617892
-0.0260463967979264 -0.00871652265189407 -0.186372927175979 0.35326358628021
-0.0161505134176317 0.00467466098147779 0.143018718605478 0.231848137635959
0.00240029058711054 -0.00277993059928821 0.132846061765045 0.0133814097677001
0.00354377494193519 -0.00173494845067757 -0.00152430463534427 -0.114022991505056
0.0131983071652126 0.00095263986665003 0.0156396467100662 0.0935275883341135
-0.00204446201593957 -0.00546444385225951 -0.0772295583341395 0.00549763665950672
-0.00453421259689049 -0.00542955086721423 -0.151686810226561 -0.195189836098532
-0.00421469743709348 -0.0150297650494556 0.110114194042075 -0.299420989432861
0.00517077196189782 -0.0199677635162723 0.434812328526433 -0.0158414487685179
-0.00598416581102167 -0.00276477020523786 0.254931486460824 0.438836730547903
-0.000180436469206036 -0.0269709266716555 -0.152084708107786 0.361019222425364
0.0136910739376015 -0.0305137349792456 -0.0024035309671902 0.0698026159833273
0.0156430323303653 -0.0188051337729496 0.201458940885942 -0.278308364590921
-0.00491815585816589 -0.0102106542556223 -0.167337524765915 -0.495831421573516
-0.0151859911082741 -0.0106296552065092 -0.504198815847182 -0.0489502125390709
-0.0262755313594126 -0.00307210315550616 -0.170355458503899 0.358121507366129
-0.0130205591547992 0.00885730081729905 0.149045520972066 0.223909375479859
0.00693262565153201 -0.00218729164308251 0.131087825520805 0.0065118758801818
0.00729953876968099 -0.00315054504990601 -0.00242609955909772 -0.115467414073781
-0.00241569945084394 0.0122056105992916 0.00158992591737603 0.0995743540660104
-0.0165352377983085 -0.00055075965649912 -0.0907549040679779 0.00797013484468282
-0.0103521009943616 -0.0112562740823204 -0.155776279240258 -0.201468971418975
0.00215668833216667 -0.0316509943845404 0.126179769997798 -0.309510712055478
0.0334738478922873 -0.0158035661190052 0.450020506410017 -0.0230840886678992
0.0153499666631188 0.0358688912336674 0.253634269925231 0.428494267268382
-0.0224130377887628 0.0231784118414735 -0.143319328629809 0.334256937861665
-0.030348538321575 0.0109836929123172 0.023069061638226 0.0431231188975407
-0.00705842163997817 0.0293083725002347 0.207787758466977 -0.316815018098631
0.0166783078659923 0.0276656965882884 -0.18881719230359 -0.514547018209947
0.0147654299666589 -0.00588527242943955 -0.50262687257928 -0.039985142169902
-0.0170750146713061 -0.0169465001026669 -0.1485641191248 0.354630937738826
-0.0172987970536054 0.00263387768962064 0.156586627005244 0.216958936460124
-0.0103196124746805 0.00246610651549498 0.124704284132872 0.00584696327044706
-0.0117217365015354 0.0073436247773382 -0.0161776453029914 -0.108581787113164
-0.00289292057077394 0.0121972132224543 0.00254744086951362 0.0996124332739989
-0.0176784342041318 -0.0024354278334773 -0.0873606641798977 0.0126175824611584
-0.0133908362228107 -0.0140582702322035 -0.159947789071779 -0.192581437258517
0.000225025841449566 -0.0332469358302311 0.110726347898796 -0.310714349760094
0.0341031782699304 -0.0165483430745749 0.445004276310981 -0.039084891139684
0.0171946990786766 0.0388229126710294 0.270665922243321 0.419684349032072
-0.0229648836998714 0.0258880891969985 -0.136173227004076 0.345909451391772
-0.0325808354782741 0.012428067906413 0.0139528068253681 0.0528692321652622
-0.0100801784165096 0.0313293448409771 0.212034113425382 -0.303148294900164
0.0159697268724498 0.0321419483827778 -0.167342736088871 -0.520446440879348
0.0171454021700607 -0.00423849733358223 -0.505432515976316 -0.0604059344111876
-0.018105554030864 -0.0203360160148026 -0.166255363990202 0.35236135269846
-0.0195670277627822 -0.00147624526818229 0.150586989859268 0.225051440639538
-0.0123368593600881 -1.91315227896956E-05 0.127941658597663 0.0114496809004982
-0.0125901053740144 0.0074758410517503 -0.0140018755345908 -0.108713957389982
-0.00186032556575848 0.0114639803720594 0.00481149944766226 0.098695216605973
-0.0175005105555394 -0.00413262863435506 -0.0836400841247075 0.0162191508795317
-0.0146194792944886 -0.0146854704807582 -0.16267286500003 -0.185826303652214
-0.002829964431184 -0.033750868906694 0.0977370130266912 -0.311707074420409
0.0314307447224222 -0.0171720231522102 0.440619347303489 -0.0529874993048807
0.0174455015696014 0.0375500303135803 0.284257122989194 0.412993135714707
-0.0215917100300783 0.0245679513169997 -0.129992762486169 0.356686646818409
-0.0307830192919615 0.0101117480537342 0.00431137555681192 0.0628569678549468
-0.0101085158740821 0.0288418146237032 0.215183790895265 -0.288149345780537
0.0136674654686633 0.0323237229534091 -0.150142105388205 -0.52232689054784
0.0160052682670735 -0.00287924851044933 -0.50575656498822 -0.0779517100275795
-0.0188548665561489 -0.0220570683283103 -0.180972385310183 0.351181495284911
-0.0212460036673601 -0.0036938470711484 0.145755802442273 0.232448416650272
-0.0127053795769399 -0.00227033365954878 0.130537139782792 0.016207447464942
-0.0118009854885377 0.00658020212803997 -0.0109340234684609 -0.108331570388241
-1.9473186834368E-05 0.00997354548357778 0.0072888459095701 0.0981754230227839
-0.0163244977567515 -0.00540926124506127 -0.0798927123790192 0.0181002640376434
-0.0150275929581382 -0.0149900510797672 -0.163824968598922 -0.180975376682899
-0.00428703917739434 -0.0321890761156293 0.0901077194584969 -0.309993979260755
0.0270599511392385 -0.0176315944432372 0.435942052993046 -0.0607090242688083
0.0145730159123217 0.0324602638977359 0.294171821265113 0.410593549958548
-0.0190091282129333 0.0180180126102205 -0.127600340589154 0.36668344172741
-0.0247848330123318 0.00469679469116305 -0.00454606099354885 0.0713158761541907
-0.007290705250657 0.0221086777010682 0.214402529818263 -0.275247336075542
0.0101608805037313 0.0277878729765652 -0.138169193603658 -0.520276105444602
0.0126217509240392 -0.0029530622446367 -0.505633473472423 -0.0877357210285559
-0.0201502930691811 -0.0215270788333922 -0.191685350910378 0.349939427935778
-0.0212209878633295 -0.00424109551787031 0.142151942863542 0.237248222387499
-0.0112883117898045 -0.00370539387381208 0.133391741073196 0.0185212493596372
-0.00929709798197756 0.00467370705820469 -0.00728256143615692 -0.109387023307419
0.00291439943200938 0.00774665906336952 0.0107808226985804 0.0968720917125942
-0.0133925910653921 -0.00657821992020264 -0.0770251500305638 0.0180299542995292
-0.0137381133314785 -0.0139098479373588 -0.164161875478469 -0.179813636295649
-0.005662638774215 -0.0288389945605084 0.0849325044977896 -0.309202524658847
0.0218029573623353 -0.0182256169995018 0.433157276668224 -0.0613674636874488
0.00992546173640291 0.0254687418860805 0.296322339471519 0.411969681798975
-0.0153352690215123 0.00795628897587906 -0.129283989228005 0.373426338870542
-0.0160166975236967 -0.00419951316298579 -0.00976169029333969 0.0775533343498359
-0.00207203194537629 0.0123282587338634 0.212296975993282 -0.269317168084832
0.00613627733543706 0.0196640307547117 -0.135183510141115 -0.517306983847834
0.00636083693187204 -0.00406180204981458 -0.507869886101452 -0.0913605570003626
-0.022356187449152 -0.0185690893857967 -0.195019816737513 0.350105792204894
-0.020394987721833 -0.00310833009871052 0.141154327264815 0.239463580109512
-0.00801468637822379 -0.0046991318357459 0.134421209639147 0.0197563133559228
-0.00576542317833153 0.00281628579320976 -0.00533199347275362 -0.110791491510744
0.00661972306231083 0.00517754238602473 0.013527015954924 0.0954077805676453
-0.0100281226366375 -0.00717340216812636 -0.0756589144152547 0.0157723077500761
-0.0112706744760167 -0.0116267645970807 -0.162103917492887 -0.181726562051875
-0.00580139135434461 -0.0248476621857544 0.0873878977588009 -0.307480721430017
0.0154125418778159 -0.0183874206700409 0.43340630935758 -0.0529059387038099
0.00389442299802911 0.0162904965488336 0.290385748097406 0.418644908624773
-0.0112083231428642 -0.00433142392141986 -0.133455559293032 0.374915814221374
-0.00571074565395382 -0.0133579577218544 -0.0107517893533957 0.0793791688863445
0.00408137713657714 0.00122390464728778 0.209131444836744 -0.268259937036616
0.00236576128513105 0.00951436872825252 -0.141203111669959 -0.511169736420205
-0.000848706324205176 -0.00665447710885455 -0.507557582337129 -0.0832826588519478
-0.0245432325054937 -0.0146173586131927 -0.192432404440381 0.353438076231681
-0.0190361109564782 0.000207107836099744 0.14318996958452 0.237088086777248
-0.00351436536885498 -0.00431023484254557 0.134922054984525 0.0169466369791429
-0.000903846681414186 0.000611650486449399 -0.00345654503511935 -0.112628859684698
0.0104131497030926 0.00203866875207439 0.0159106239880691 0.0945239269611999
-0.00530615161394012 -0.00644874577804443 -0.0760286444905159 0.0115384869514673
-0.00773670839494363 -0.00908020011903774 -0.160049926467055 -0.187069910482975
-0.00541381605020528 -0.0193923812683345 0.094595216953611 -0.305085455894289
0.00888142789436703 -0.0189979076854464 0.435051699633206 -0.0395635663345934
-0.00176171994711471 0.00618634025872556 0.280513843122703 0.427065763467957
-0.00580525768172232 -0.0177323437269807 -0.140275867546531 0.373123601669795
0.00523862792920691 -0.0236997354273342 -0.00878396078437746 0.0769308650994761
0.01141062150004 -0.0103275012643527 0.204717017911697 -0.27284238809881
-0.00189917330753954 -0.00219656263883983 -0.15323637738611 -0.505770408038144
-0.00896977730247012 -0.00905164039581612 -0.507791358498202 -0.0668076572569445
-0.0264344292922784 -0.00829359449338043 -0.183798097866981 0.357854046205079
-0.0159620959320437 0.00467682379046817 0.146386622867104 0.232483384445448
0.00234057648592099 -0.00301128403145814 0.13446276729512 0.0128298903760579
0.00322816448927883 -0.00167805000514523 -0.0028639498037386 -0.114866541710624
0.0126650172891299 0.000633042144160404 0.0162869086150535 0.0939514316737359
-0.00200909998100804 -0.00520923041867486 -0.0779083309374217 0.00642288750122562
-0.0048286260241386 -0.00550139610698416 -0.156088063723256 -0.195265065673461
-0.00475308113994039 -0.0152528104515956 0.107624072446684 -0.302595787319014
0.00513403054187755 -0.01994868269336 0.437687419811711 -0.021647248143489
-0.0059574253806065 -0.00260853450230594 0.262402389967557 0.43884983538233
-0.00100143100519724 -0.0276383914741084 -0.150244978139988 0.365088825631629
0.0138828878011318 -0.0301913894777339 -0.0021488145468065 0.0705769157162003
0.0155827842069222 -0.0197279207258669 0.199860280455915 -0.282698819892542
-0.00491436630385883 -0.010730959769174 -0.174284679275432 -0.498701655457376
-0.0151017976008875 -0.0104050946544932 -0.509090318702547 -0.0437286375920552
-0.0265923870162728 -0.00325150694359213 -0.168108345030334 0.362002459886027
-0.0128240002129206 0.00906176542937571 0.153157974033641 0.22319969174458
0.00661700185583282 -0.00172514637389341 0.132558221969319 0.00568554347083079
0.00639673334442196 -0.00297168675713866 -0.0035583841605584 -0.116222625271264
-0.0025936726704765 0.0116871005030271 0.00262948794791134 0.0996681217448241
-0.0166702113452411 -0.000488923626419312 -0.0914853856856409 0.00834365226779426
-0.0106890059365022 -0.0114767787719911 -0.160153396902642 -0.199638093772447
0.0018665527714853 -0.0319538033192079 0.122727276709711 -0.312529749787941
0.033367164614955 -0.0164021124228004 0.451864429782278 -0.028457258862796
0.0158322666763561 0.0361516257505622 0.260994744930036 0.429003963643906
-0.0221035842643077 0.0230581595717776 -0.140446422666271 0.338063506930547
-0.0302685432278795 0.0110443823567934 0.0234775469322442 0.0430330129333034
-0.0071549058174325 0.029464989290283 0.205447519997824 -0.321299330910936
0.0175766624064575 0.0273547935673888 -0.196016303133426 -0.516086492448746
0.0150220423960978 -0.00657112050925693 -0.505582529739241 -0.0336590997607089
-0.0180097907286532 -0.0167289714410738 -0.145588847179349 0.35910239320739
-0.0173277278890969 0.00238766939047752 0.160266336774279 0.216725706897337
-0.010358046322636 0.0019390180495519 0.125700032894642 0.00445798123628329
-0.011781705536721 0.00769577969391688 -0.0174428362909142 -0.109677947815523
-0.0024334018451138 0.0119720326435374 0.00389106099790062 0.0993810095599012
-0.0182937236369165 -0.00231804614647766 -0.0879257114681696 0.0134253109016059
-0.0131834138701459 -0.0134214735904604 -0.164036542120326 -0.191719871765003
-0.000783864167651815 -0.0342419586746757 0.107883925360209 -0.314553173396092
0.0339945857669527 -0.0171262285272035 0.447739000688418 -0.0465079740790765
0.0179506785962656 0.038881518871179 0.278577445878343 0.418424296322295
-0.0228097416626509 0.0266068931287468 -0.133187098687738 0.348847220699854
-0.0329965632383881 0.0128154792350628 0.0141992066967066 0.052847905099281
-0.00980072288937405 0.0312776085366065 0.210387590620191 -0.306869887323635
0.0165933958255206 0.0321222973971841 -0.174858907299591 -0.521001660629874
0.0170542906343364 -0.00403247635471334 -0.5083608503271 -0.0567506349080694
-0.0185478988290824 -0.0200095575445782 -0.162692944035314 0.357073839069186
-0.019836159727476 -0.000842660243308516 0.154635724992126 0.224997246108374
-0.0126651780602506 -0.000120078627397208 0.128999530051273 0.00976133011432611
-0.012736345249872 0.00785220743143623 -0.0152812895497887 -0.108956457065625
-0.00185301933930133 0.0113776251375173 0.00572044376384797 0.0993832418221483
-0.0179369590553112 -0.00372295199240766 -0.0838922060862353 0.0169396297691788
-0.0152779020627266 -0.014960715167659 -0.166414521686522 -0.184729478289405
-0.00325480194213179 -0.034278708493294 0.094390552484123 -0.314548544844773
0.0312581304163483 -0.017765135743725 0.443394298141414 -0.0601437231531967
0.0176106886900034 0.0372811973164919 0.292142898156005 0.41200489735712
-0.021751275584977 0.0246321490646667 -0.127267336499596 0.359887052261061
-0.030973694840678 0.0106895323824904 0.00456222004497221 0.0631738009400891
-0.00995876405843533 0.0290884407565742 0.212161879302865 -0.292969537286934
0.0142581846422726 0.0321676092783448 -0.156778026147776 -0.52355014287849
0.0160481383304143 -0.00317364483419774 -0.510834404257562 -0.071411172656946
-0.0190664981047002 -0.0218163656134896 -0.177828536832644 0.35510511901611
-0.0211879603846095 -0.00386191721722115 0.14929156461979 0.232104817480564
-0.0129700384599295 -0.00173452322372645 0.132287439875373 0.0147593517758139
-0.0122178494842037 0.00672363665471242 -0.0118428479944689 -0.108998186345478
0.000412171459899425 0.0102824772436812 0.00835296899289619 0.0981749846419847
-0.0166542940156579 -0.00530992395699798 -0.0799898293870404 0.0185429559185209
-0.0147648263346175 -0.0151294771366299 -0.167717108495216 -0.179572134862544
-0.00477449938655788 -0.0325975237024853 0.0857227130456147 -0.313276144254417
0.0268983707644228 -0.0182418905409151 0.438973023599552 -0.0673159168107929
0.0148779370254495 0.0329127525114258 0.300025673418441 0.408528301164373
-0.0192870406433154 0.0181701166037209 -0.123570189189397 0.370483228814364
-0.0252380362055219 0.00434461879057379 -0.0031581340253075 0.0720987540317702
-0.00663569118513614 0.0222587506571739 0.2120096443658 -0.280406124020485
0.0104345674760237 0.0279470291771237 -0.145051661327967 -0.523270856600195
0.0127541220868502 -0.00300578961680297 -0.510528973312467 -0.0839059447387355
-0.0210803295286432 -0.0210701374082901 -0.188229117745465 0.35446588721517
-0.0215312145875742 -0.00417107488577796 0.14602898228434 0.237095702182805
-0.011333039162626 -0.00379433533572563 0.13490705095574 0.0181512741737953
-0.00970910525114139 0.00513368687099532 -0.00891841958949873 -0.10956395505832
0.00313153904825866 0.00726380019537804 0.0118971605776437 0.097617162553597
-0.013571975240876 -0.00622844587612906 -0.0772641736112317 0.0185195114965714
-0.0135265850058967 -0.013724372479853 -0.168372290824695 -0.178748497088564
-0.0061415010512987 -0.0295695515457273 0.0815599799852722 -0.312306038258466
0.0208906731735384 -0.0182197272935746 0.435238652912523 -0.0659815397147887
0.0104207985046536 0.0253364147835715 0.303544441499023 0.410438178257937
-0.0158868690347345 0.00760577174298452 -0.125264719972276 0.377295536920973
-0.0163346792451856 -0.00405683382917231 -0.00834329154443395 0.0779114525364779
-0.00216670122685208 0.0122804811579882 0.210162185536653 -0.273402300570232
0.00671787904599434 0.0193986157515206 -0.141112151745166 -0.519350379931779
0.00661911755633542 -0.00413712177809949 -0.510398480762278 -0.085237952585292
-0.0232197791418658 -0.0188182527472188 -0.192339285964919 0.354954733938048
-0.0209009537453963 -0.0026828632482906 0.145812027171167 0.239841100387462
-0.00824211265302905 -0.00471830861310336 0.136132799381082 0.0184250148020675
-0.00558626468828237 0.00282482035675856 -0.00633744976526842 -0.111162610127694
0.00675954806586024 0.00476670779391855 0.0146100093092231 0.095834460680805
-0.0106134253985998 -0.00654302277308232 -0.0761321234731465 0.0159661275504449
-0.01134757437812 -0.0117425707759605 -0.166716123278399 -0.180471859089784
-0.00637491284434828 -0.0249846347207843 0.0840451655337895 -0.310583539868975
0.0148148552675859 -0.0187238449645089 0.43448449508649 -0.0587520742082667
0.00471603142167903 0.0166058125256442 0.297881290506876 0.417162553494224
-0.0114354456315829 -0.00465586092887205 -0.130368664440744 0.37835703336533
-0.00624114183048236 -0.0134795451978812 -0.0103428162454042 0.0795786360803202
0.00431137042209114 0.0011186326210606 0.206680679539681 -0.271516928990849
0.00287341517010864 0.0091485369560003 -0.147153673600938 -0.513745069662203
-0.00096461485502503 -0.00648146216845574 -0.512568641282176 -0.0768492156108445
-0.0250121205614045 -0.0138511704580533 -0.188506068226289 0.358656487923632
-0.0191100063712555 8.77583271112507E-05 0.147292315059451 0.237128213195411
-0.00376964473483899 -0.00450103112315187 0.136372860571823 0.0156852108869418
-0.00108006863483452 0.000832780210482069 -0.00496257908587615 -0.112968887737372
0.0105849729191537 0.00219307505398922 0.0167258622337457 0.0947377258479142
-0.00585590117902267 -0.00654606290679095 -0.0766029296740991 0.0120707519208694
-0.00810560612711712 -0.00896736737451413 -0.164171816619976 -0.186493273991811
-0.00607261188341736 -0.0199392120169287 0.091173054361849 -0.308521793956508
0.00885494959658911 -0.0197203277493537 0.437378458915406 -0.0455048915684467
-0.00201388048150288 0.00624580803206102 0.286179712805628 0.42673755930779
-0.00629465496692398 -0.0180983654174305 -0.137339728776572 0.376422169471132
0.0049593459376469 -0.0239579867783562 -0.00774339580340666 0.0777557339950126
0.0109931565849884 -0.0108951994255134 0.20273270425553 -0.276198801147509
-0.00145610934357856 -0.00220980637366197 -0.161643327309934 -0.507421635194012
-0.00943413766161609 -0.00883415622551562 -0.512721518250727 -0.0618210552381398
-0.026627646829519 -0.00858900344672632 -0.179578664651568 0.361809661320003
-0.0160062347352298 0.00486972142865649 0.151115942615094 0.232058308209173
0.00178096093979854 -0.0038118803766419 0.135763568152787 0.0110551743089467
0.00342515464258061 -0.00184099176441021 -0.00449479578348804 -0.11528458042632
0.0131984060835944 0.000291553132337752 0.0180952936155122 0.0943337347974296
-0.00244354901958725 -0.00525390621927365 -0.0782928409297855 0.00681767766966544
-0.00490950450055111 -0.00572639550084776 -0.160510983442576 -0.19424321740455
-0.00477533746616884 -0.0158223483211004 0.103989807757828 -0.305249388744662
0.00448426794424975 -0.0198556457505248 0.441295428011827 -0.0268619975231508
-0.00629580997369976 -0.00265760132371372 0.269820214066723 0.437726495177218
-0.00139199392828996 -0.0280653479804022 -0.147072506480549 0.368587823610731
0.0136619050195177 -0.0311452155379516 -0.00138444086676118 0.0707810282596033
0.0157953663274344 -0.020291422041818 0.197418348613372 -0.287117865004946
-0.00498891778745161 -0.0110637917735551 -0.18284253113207 -0.49957098473882
-0.0153554145750397 -0.0102439843722129 -0.51246638112261 -0.0384467154582959
-0.0269131981445886 -0.00254347990554064 -0.164329122854075 0.366274592407638
-0.013191607761705 0.00933038294159075 0.157184462803726 0.223497320906621
0.00631594456101781 -0.00172266969550823 0.134037362789745 0.0047230852394516
0.00678317078742299 -0.00344226248891338 -0.00533942367545515 -0.116806878213429
-0.00249108711247996 0.0118002164544526 0.00384054880364773 0.100464201067033
-0.0169972339644609 -0.000529990789027326 -0.0923681445262892 0.0100559532526694
-0.0112070729351708 -0.0115768162657267 -0.164302149728499 -0.198634344941291
0.00111096697443701 -0.0323738892133075 0.118797267210081 -0.316266451139602
0.0334251705820606 -0.0171321048466451 0.45395347357755 -0.0338207490010561
0.0161288362663468 0.0358797840321185 0.267453925745991 0.427279774086913
-0.0220731570614146 0.0235686082968923 -0.136254248719573 0.341610584826417
-0.0303784375774917 0.0118162801200549 0.0242357079539487 0.0428077587335633
-0.00671706957522518 0.0293591586811225 0.202458678700865 -0.32568837355747
0.0179271849098302 0.0276718900601818 -0.204623651727464 -0.516554694600865
0.0145507435923367 -0.0058749935813053 -0.508968862657894 -0.027213473799773
-0.0189111400528478 -0.0163010124862597 -0.141733675065925 0.362506508387196
-0.0176132323678904 0.00245201134851291 0.164079163168915 0.215515410177575
-0.0110232858320164 0.00255706222518766 0.127074339934137 0.0031431312079876
-0.0114623353854039 0.00775210739467751 -0.0194385321649209 -0.109213398130937
-0.00241848820753173 0.0117309213384745 0.00545436744522816 0.100622967619833
-0.0186197671812669 -0.00160358656641408 -0.0887206896728895 0.0141408551025782
-0.0138334233625432 -0.0140560514100671 -0.168306142636946 -0.190019779388672
-0.00124891595175829 -0.0346318544378448 0.105049482904362 -0.317581566266879
0.0338563548924767 -0.0179472767175573 0.448769635782544 -0.0520958219737398
0.0182354311147698 0.0386242425018575 0.285434119918512 0.417927979025897
-0.0224434276828281 0.0269352377875296 -0.128234875917249 0.352125814248456
-0.0331764063289813 0.0130650773596936 0.0148892645358266 0.0530583547667512
-0.00977243343036794 0.031645368194389 0.207786213092382 -0.311100747090829
0.0172190306733845 0.0319897276276536 -0.182204915357238 -0.52066687008431
0.0159296622691179 -0.0044313600513071 -0.512230675095446 -0.0483035889341614
-0.0189487639920527 -0.0199700519784792 -0.157724992927865 0.360846370788778
-0.0199370193629175 -0.0006918212591471 0.15882019827722 0.223939510009565
-0.0130866600615175 -1.88235381259928E-05 0.130287811548233 0.00959904753303531
-0.0134665523220754 0.00842840999782742 -0.0164783759666601 -0.109268952418051
-0.00156957884370113 0.0116536578016838 0.00772620582988908 0.100110747461001
-0.0190847939517767 -0.00351654632000786 -0.0848102389481586 0.0173295369790561
-0.0153044589027196 -0.0151865671124161 -0.170963888062996 -0.181745757752021
-0.00381309181178128 -0.0350446129803218 0.0902433217033202 -0.31698556850053
0.0315911328011085 -0.0182958216877341 0.445404780680669 -0.0659271006734229
0.0181357223200246 0.037275606375013 0.299129459923728 0.412019511732626
-0.0220000694802979 0.0249385450748199 -0.123220674355593 0.364540860909991
-0.031076667126056 0.0108304734100024 0.00575021083965589 0.0640629409991674
-0.0104307616643176 0.029542178486991 0.210072907644872 -0.296875535262866
0.015477708427321 0.0320555691679095 -0.16471451417183 -0.525747913143991
0.0163100924246641 -0.00333545665874266 -0.513012670220831 -0.0658898492357402
-0.0199019557426182 -0.0213189284600782 -0.173764750561632 0.359139255650118
-0.0218682831654136 -0.00278396035313563 0.154744753267161 0.231380231072612
-0.0134116949424513 -0.00204943906532412 0.132894337761892 0.0136383384660935
-0.0126529214656989 0.00705119393944216 -0.0131511945612273 -0.109051846301018
0.000365132786967354 0.00941336932525544 0.00986427131643842 0.0986649514478007
-0.0167814795936905 -0.00483338377878579 -0.0812169850825295 0.0196172418740575
-0.0151262982657688 -0.0149607675696171 -0.171219413196409 -0.178007336180228
-0.00527536324496396 -0.0327500558898158 0.082669845145526 -0.316142806443435
0.0262048268057348 -0.0178781931210485 0.439023891753041 -0.0728893148023749
0.0155429508199992 0.0323781448562758 0.307828334307657 0.406451024189369
-0.0193002495193608 0.018035341151182 -0.11998593441972 0.373081757561278
-0.025193006447559 0.0040088421396065 -0.00270569612327802 0.0727215142006619
-0.00735540152247844 0.0210486337263579 0.20975957668472 -0.284054056624719
0.0112000057106381 0.028238284462808 -0.152215823931843 -0.522669736836408
0.0117599233132439 -0.00302314457280479 -0.513765429463465 -0.0776573577424363
-0.0210543662465688 -0.0214371860638616 -0.183757772279968 0.357984144448164
-0.0217755911859876 -0.00402897008469343 0.150850419239475 0.236572256810126
-0.0115812958882163 -0.00351981912080065 0.135845000737729 0.0166227398034738
-0.00962566657049228 0.00516279907119871 -0.00980553846406498 -0.109798888280772
0.00337171288463159 0.00732290165065644 0.0134319631669218 0.0977908066911381
-0.0141643170328594 -0.00598851658599549 -0.077870618359534 0.0189343379148318
-0.0137109344698346 -0.0140603232248037 -0.171958121201787 -0.176687373680242
-0.00680889393897036 -0.029041166721936 0.078033711677522 -0.314370187819592
0.0212734556539574 -0.0185591115327447 0.43659369747784 -0.0714032547316875
0.0104324361188019 0.0256317007526605 0.310626985503294 0.407061660273021
-0.0156935915738635 0.00770410316359857 -0.12113540560491 0.379457324387548
-0.0166179990236866 -0.00380455239897705 -0.00771128314388335 0.078584292261086
-0.00125507767118895 0.012276439236325 0.207748093312083 -0.277086678255519
0.00724609800226241 0.0194575447944742 -0.149023611491441 -0.519962032703695
0.00667316453144817 -0.00426197407248012 -0.516056359063015 -0.0799562454316335
-0.0239284454639427 -0.0182120410836854 -0.188305151953648 0.359040015487653
-0.021660738863058 -0.00254034578064523 0.149842476393401 0.238522692505409
-0.00862199318835388 -0.00468834769063999 0.137339569875714 0.0168509848233492
-0.00575421925437867 0.00335997324786889 -0.00848907383803563 -0.111151989868843
0.00647148932777657 0.00481487272292418 0.0163449405657766 0.0961343499691313
-0.0110836076877957 -0.00691362767584577 -0.0762957115557661 0.0158277498864335
-0.0117545713364948 -0.0122134317754416 -0.170848960499537 -0.179819498594369
-0.00664860050663782 -0.0255673295437258 0.0802854895027384 -0.312802813384723
0.0147418883948411 -0.0189007236648215 0.436454580193883 -0.0648771509846114
0.00551769953541798 0.0162601406637784 0.305742096658085 0.414943643409679
-0.0120854864558383 -0.00483747542346645 -0.125884953923731 0.381863530733316
-0.00643961653579052 -0.0136143986189722 -0.00898463352925303 0.0808291480884224
0.00392789292363966 0.00114799105358143 0.204533706568511 -0.276171089132116
0.00289685004323427 0.00966127368912187 -0.154690899062921 -0.513867656892156
-0.000752208870196694 -0.00609808722207968 -0.515224285388912 -0.0695717612182155
-0.0257120498865968 -0.0138504693285889 -0.184909898028336 0.36287663396397
-0.0194828278924897 0.000555807666348756 0.151870137827141 0.23648851589126
-0.00394320171449079 -0.0044803455673922 0.138054123502355 0.0143000768976042
-0.00105550150518241 0.000969791414234544 -0.00631362389583667 -0.113614024016651
0.0102966646725268 0.00218545563276608 0.0183245116394609 0.0949769798673054
-0.00694861196571746 -0.00640183058236419 -0.0776228756633629 0.012638943403553
-0.00830861140864523 -0.00896118713218716 -0.168236602934443 -0.184159544126033
-0.00659676501081627 -0.0199094390853483 0.0870903326614236 -0.310532525199782
0.00825779367551785 -0.0192795750612959 0.438513798651252 -0.0512844938269254
-0.00214705921170349 0.00618343742866738 0.294810380060112 0.424785209145338
-0.00709086322554746 -0.0181113676579724 -0.133446502040308 0.380280074335556
0.00447063908045335 -0.0237830457625536 -0.00705177669523237 0.0775921493750803
0.0109990613441879 -0.011408776177692 0.200164243522576 -0.28101169011999
-0.00104570420082736 -0.00216692153379532 -0.16871721161371 -0.509034493414744
-0.00906168928925895 -0.00881510702024908 -0.516145856328894 -0.0541520483618216
-0.0270191572006053 -0.00781766171382792 -0.176114382807553 0.36694686268837
-0.0160380377988787 0.00469671371205397 0.155375722268291 0.230935561521573
0.00146361144101775 -0.00362820766482113 0.136980472028955 0.01007882239867
0.00332350744699336 -0.00140760048074752 -0.00555847250499213 -0.115618226952126
0.0130641206273425 0.000347923807649517 0.0192061793548135 0.0946038297426583
-0.00311292489662509 -0.00511667867105324 -0.0792443481731456 0.00690842227512791
-0.00553562017558211 -0.00591823340980423 -0.164369494975948 -0.1924825379692
-0.00549782963877615 -0.015935434829959 0.100820157156872 -0.308198819525127
0.00460592341465769 -0.0203411211181979 0.442718204329862 -0.032556581937079
-0.00636520047743736 -0.00275857185455962 0.276048485694209 0.436089435930865
-0.00179258215754859 -0.0283424401436914 -0.142368182265983 0.372455901296462
0.01264144600716 -0.0317356971050765 -8.73532247761764E-05 0.0711507248073825
0.0154151652599611 -0.0204304588721906 0.195638305522048 -0.291038740581567
-0.00462975073149396 -0.0117441373292219 -0.189312268684989 -0.500496878562775
-0.0153563680230957 -0.00959299143421587 -0.514951338986233 -0.0310411924553671
-0.027283829978688 -0.00223499877256564 -0.160201958012639 0.370760452120679
-0.0127812468228452 0.00956288984099987 0.160928891210746 0.222282981630511
0.00684232710140502 -0.00252905533150656 0.134924710859454 0.00290591141801729
0.00664009870218751 -0.00287503331244052 -0.00670184139009355 -0.117507712438862
-0.00673991293384402 0.00836662652711913 -0.0447690958702501 0.0910779114043526
-0.0143328862866714 -0.00663699900345113 -0.0861120534819788 -0.0355366411700408
-0.0047211453457071 -0.0122692573913614 -0.0497270415431079 -0.253159121682097
0.0116955967749467 -0.0265324641089604 0.254953081365427 -0.22335218304015
0.0342748590985354 -0.00452058822137603 0.417343287611516 0.18601237961558
0.000626093779008951 0.0374960514736566 0.0280333426529914 0.503894373835041
-0.0320361058863545 0.0126353871038719 -0.283560041029437 0.23259389028578
-0.0326628639450611 -0.00465518644299852 0.000806419746781515 0.048855967049471
-0.0206313202670458 0.0197190593669731 0.329049443909565 -0.191244536104264
-0.000200650815603099 0.0305127669657469 0.0627299880398557 -0.544479737530696
0.0132575720391716 0.0030342077086872 -0.433439118235804 -0.264799505228904
-0.00859170536823071 -0.0171777928611443 -0.29801996048897 0.248905176266195
-0.0151840699010686 -0.00343116847131677 0.0393219506719548 0.269866415562871
-0.00844208115407452 -0.00316768269291863 0.110877924084841 0.0665299886957466
-0.0148636633242629 0.00147493923604835 0.0398318534999918 -0.106145770223365
-0.00692359026420056 0.00848534207525579 -0.0437364592390638 0.0915980019100419
-0.0149472854991534 -0.00946073352955541 -0.0847548377915823 -0.0298613273629923
-0.00601732448420784 -0.0157422086197991 -0.0578732708652176 -0.247215717464953
0.0110183279266614 -0.0293444153182797 0.242548506298376 -0.232182796426084
0.0344137551823436 -0.00428981620736027 0.421777097141035 0.168311209937812
0.00139889630760846 0.0410536790565442 0.0479875947820842 0.50415293753054
-0.0335994792991242 0.015320113853276 -0.282631112832273 0.246529596995992
-0.0358044992587338 -0.00408577770537729 -0.0122848272606427 0.0534660842645189
-0.0243646256312484 0.0203989854757432 0.326800548548024 -0.177286759227251
-0.00271878509249539 0.0342548093376208 0.0822633244220907 -0.539861928397382
0.0145308281351614 0.00550489514396989 -0.425236934758387 -0.284934594060213
-0.00725875403435034 -0.0200972019745798 -0.312081613625243 0.239197420966058
-0.0159251341151443 -0.00785895274778272 0.029877339017742 0.274630539239551
-0.00991438171777611 -0.00612000278187625 0.110789700770206 0.0729891732202944
-0.0157220813846621 0.000985103998132385 0.0415960840191123 -0.104752095496209
-0.00648136359487271 0.00831432544989239 -0.0413221455999909 0.0918546685788161
-0.0144556671276819 -0.011249045141845 -0.0832317297476063 -0.0247681658707833
-0.00686336751254793 -0.0173377233662269 -0.0631988793324327 -0.242790152731448
0.00903004288916634 -0.0308773494840286 0.231477962185664 -0.238012679522369
0.0324472126472678 -0.00634078688244397 0.424034337501486 0.152696285670333
0.00183211280605141 0.0393794368764923 0.0654553744904387 0.503965695446107
-0.0318539986175744 0.0148814235468291 -0.282859305268933 0.259649453381795
-0.0325984299081364 -0.00524855721783342 -0.0253113116390101 0.0583581458187956
-0.0231526618895628 0.0182120640753597 0.322942198129401 -0.162440208821408
-0.00504325114268036 0.0332712123860473 0.100450464428659 -0.533890545844387
0.0127996416071351 0.00624269159825074 -0.418003707728973 -0.299416233204044
-0.0078818904773543 -0.0220707218739601 -0.325116438147976 0.229876772745364
-0.0160840280308759 -0.0109596873860016 0.0225397294686112 0.279027514434826
-0.00890173537950066 -0.00786522975892215 0.111363204902684 0.0787552135636009
-0.015093659205608 0.000308177883212799 0.0445195719060988 -0.103047945131106
-0.00365033052835129 0.00759169825553374 -0.0386974218275979 0.0929466257441736
-0.0125806730185792 -0.0120189092977847 -0.0807821686246773 -0.0216962258687573
-0.00684082219964463 -0.0173103338377351 -0.0663220895346889 -0.238142873316269
0.00655007406280051 -0.03015939963828 0.22249286537979 -0.241484398810678
0.0285499107007157 -0.00887169144891551 0.421701036544563 0.144620840760837
0.00126433585797506 0.0341830916832681 0.0732948968654949 0.505505013982875
-0.0263843213735239 0.009706489852989 -0.285104939267534 0.268800419765134
-0.0244554778629979 -0.00805505793034162 -0.0364208455670897 0.0620681763021515
-0.0172659698062137 0.0132828700519298 0.316266826328629 -0.152273053901045
-0.00619977112957769 0.0274341755503622 0.110334653542043 -0.526365490414284
0.00949945845606055 0.00389562676539764 -0.413743061260053 -0.310259891596538
-0.00995335137236564 -0.0221680810812321 -0.333580665043027 0.224622675477547
-0.0159584476998019 -0.0112757697615409 0.0164105041238727 0.28158592287521
-0.00674469353919736 -0.0092097849135138 0.112118969254405 0.0827904560399697
-0.0113707976091021 0.000286371383237912 0.0476354899173141 -0.102229925528388
0.0003012480480261 0.00702421982137677 -0.035095791064806 0.0928975960408132
-0.00934101393803875 -0.0121621562139373 -0.0779948552065881 -0.0208199272467813
-0.00648502672317239 -0.0160159418714175 -0.0675760505953981 -0.23760460892301
0.00404242740996251 -0.0275870937066404 0.218251586178634 -0.241337335007644
0.0236683756272854 -0.0113669584444033 0.419816009739952 0.143810616385061
0.000492853681607002 0.0251997002525291 0.0746123388363005 0.508556394425719
-0.0182165611472661 0.00248232760717062 -0.2893234297581 0.27406705882207
-0.0127235763298818 -0.0112590840409142 -0.043626959859926 0.0647850126179768
-0.0086271534085643 0.00742424795900328 0.311440447953137 -0.146870946039837
-0.00565322617250174 0.018362402682672 0.112478234077134 -0.522693144478092
0.00517409656072033 6.26058039053523E-06 -0.41461424870414 -0.312186527284988
-0.0129383434820604 -0.0209017015643802 -0.337204632693613 0.222914510057891
-0.0158540567251206 -0.0100774347962207 0.0156130375995896 0.283290775715599
-0.00379489728522582 -0.0080720411363138 0.113623813834805 0.0837275805023506
-0.00735866049263058 4.26099646409824E-05 0.0507489176060452 -0.102202918873596
0.00473710418355467 0.00649328086792209 -0.0318998654211006 0.0931674148153746
-0.00593239492645732 -0.0106795708399012 -0.0757815207644446 -0.0220228184482666
-0.00484293427747733 -0.0128504771069703 -0.064865891773553 -0.239206928228527
0.00188877880328886 -0.0237483522396227 0.219571587788703 -0.238832457169255
0.0184024606452587 -0.0143903878444602 0.415734548826939 0.150141618295036
-0.000476238696586021 0.0143993581534892 0.0656795802279715 0.512320290085012
-0.00901059710533942 -0.00636781803648264 -0.293396143838945 0.273985737576488
0.000809499580918161 -0.0148957667212117 -0.0456995393176055 0.0656338706666495
0.00234627332313722 -0.000460871347259469 0.308750724156881 -0.147067782247726
-0.00473657753107991 0.00702095932641288 0.103298650337819 -0.520217838190225
-0.000880381521022979 -0.00483738569916571 -0.418982166518639 -0.305390566436972
-0.0163993782040921 -0.0176245306572625 -0.336532612332712 0.22747142414078
-0.0158643426712177 -0.00614295610649028 0.0178259288477854 0.28188860007789
0.000276641696441063 -0.00586395914535382 0.115110598197333 0.0822177477220535
-0.00200985754795011 0.000142137563726925 0.0531183772954215 -0.103127820129687
0.00944951023561171 0.00575123838509176 -0.0298690618625318 0.0928502971878725
-0.00247516032108409 -0.00832804177375634 -0.0744073151341584 -0.0262705785975602
-0.00351435028476841 -0.00872307379915669 -0.0607778389867796 -0.243021706332338
3.68561602288219E-05 -0.0192418790194603 0.22486529154493 -0.234224869962375
0.0133787426448871 -0.0182156811205227 0.411553006934806 0.164116032371114
-0.00101927909516824 0.00243047920328053 0.0518622444220915 0.515814991879374
0.00223411793961755 -0.0161413972471276 -0.299646252441649 0.268289259842178
0.0160956855476539 -0.0190875046890685 -0.0422226441429726 0.064669699905946
0.0142614088495794 -0.00740015460074949 0.306745392855872 -0.152321801455794
-0.00332545298846361 -0.00501806917378779 0.0903943727728177 -0.522296299089097
-0.0071646509454047 -0.010681122616166 -0.425992641383021 -0.292384491365753
-0.0209059801880078 -0.0132418650086917 -0.330106792063197 0.235748508616118
-0.0151887298932958 -0.000728444003570523 0.0235319396343365 0.279532696131721
0.00456902513626858 -0.00212855533942659 0.116705127636971 0.0773916713561628
0.00317090574645277 -6.62897685037842E-05 0.0546716242552568 -0.104497884221664
0.0126727268738644 0.00505566564790441 -0.0284189298520355 0.0928619628460747
0.000511983476079232 -0.00541111307657853 -0.0736087018570718 -0.0317400719909044
-0.00223921085919057 -0.00397779368878595 -0.0528160664568435 -0.248661773658833
-0.000959309983247024 -0.0153013077916826 0.235787148938426 -0.225372146135805
0.00981225072279916 -0.0210777788832059 0.405395786067639 0.182864237620935
-0.000859907658490714 -0.00747115364155052 0.0306920207040308 0.516509503273965
0.0112232474213908 -0.0230296879181394 -0.304710721061343 0.257585269699589
0.0267400708087943 -0.021750571478518 -0.0336505741240267 0.0617954063312545
0.0224268662918407 -0.0137122151414975 0.307161882015941 -0.164017374066934
-0.00245663706405848 -0.014256510756195 0.06836729108836 -0.524443239273703
-0.0115672227034516 -0.0146771180875385 -0.437047609045915 -0.271681393926633
-0.0234975868529999 -0.00834968370972013 -0.318775018341301 0.247499049387485
-0.0143097637940384 0.00499788619278572 0.0326253797130888 0.275121197582042
0.00847239370181995 0.00106150889494649 0.117982638950912 0.0704789761378391
0.00689223729651805 0.000393964590897641 0.0547730403568987 -0.106675086288391
-0.00616269872186027 0.00834797622211578 -0.0437658925032635 0.0915142335978588
-0.0149375974152296 -0.00704548314563455 -0.0865456742441394 -0.0351787731047737
-0.0051209619409896 -0.012745732842557 -0.0551951657115794 -0.253014789845074
0.0112370922605237 -0.0271907714783132 0.25222002664071 -0.227985641188994
0.0342669528682042 -0.00439139438384733 0.419976900092591 0.179576151717098
0.000689200268425083 0.0374083014799666 0.0345919295306072 0.504012102313399
-0.0317404062087616 0.0127895949759657 -0.28093636099159 0.236610265833043
-0.0327385676233366 -0.00447209235235877 0.00138693055342092 0.0490810684311667
-0.020304211608462 0.0197465117642934 0.327475898991097 -0.196376268610869
0.000399488624476595 0.0305020582446507 0.0553663556153668 -0.546101919960885
0.0133413075007334 0.00310485191665914 -0.437058512821864 -0.258339281455203
-0.00944017754114893 -0.0165579674544441 -0.294428984241689 0.253481959272022
-0.0152151780207514 -0.00313084341006226 0.0430146525314184 0.270021651753171
-0.00923364925522642 -0.0028444549398802 0.112586577999583 0.0652851407027068
-0.0143718741498212 0.00153687261625363 0.0384885748651695 -0.106706901873212
-0.00727194223186656 0.00869181300299103 -0.0423989738647989 0.0926412181676663
-0.0156082782761042 -0.00917421579487363 -0.0854461859695173 -0.0289658242092923
-0.00617581926646226 -0.0159635197079301 -0.0623490281980929 -0.24675360835074
0.0101584152143089 -0.0300065853960028 0.239160885746196 -0.235935903404715
0.034339928394254 -0.00476132435475805 0.424329591828185 0.161443645263361
0.00169154175877929 0.0408477083831009 0.055265118068455 0.503576302706519
-0.034075434819962 0.0158646639542377 -0.279565189020818 0.250526051806676
-0.0356808896113149 -0.00371606524857721 -0.0114748587350647 0.053529041294815
-0.0241213378773738 0.0210832310934263 0.324722370189876 -0.181258871018984
-0.00205893158618325 0.0339271566324762 0.0754843445023102 -0.542485049899013
0.0142795689884215 0.00564367766836179 -0.430268352799681 -0.278678151856673
-0.00831591968027137 -0.0204063341521743 -0.309382230707498 0.244071040625703
-0.0159882061270267 -0.00776772985727272 0.0344481341957462 0.274669844320117
-0.0103029162986961 -0.00641139486952518 0.112403149441173 0.0721058292330797
-0.0158495254642343 0.00136782529108266 0.0406496939381715 -0.105139687923111
-0.00581540943599459 0.0085035627241988 -0.039873631448269 0.0928362260201241
-0.0148664748662999 -0.010903040604044 -0.0836332489917686 -0.0242832993818393
-0.00698330000206466 -0.017504539942957 -0.0677281259491688 -0.241750358152149
0.0082730447600329 -0.031358930860763 0.227385679227591 -0.241904218506192
0.0324577234873416 -0.00648687771414952 0.425648131186562 0.14799494731367
0.00196968366977411 0.0395194716445595 0.0720389062762256 0.504718384484078
-0.0320496634492562 0.0146933266946065 -0.27925325995187 0.263953003078513
-0.0326612614732757 -0.00521465162728387 -0.0245710603674299 0.0583005433013657
-0.0229444741389225 0.0183257996553845 0.320421143556414 -0.167510731245007
-0.00426088941940998 0.0330778938385383 0.0934222279175369 -0.537932721213477
0.0132585222180421 0.00614109791780501 -0.422981205628353 -0.294358540451687
-0.00813293088702893 -0.0216319218081065 -0.321597017219896 0.235366103402856
-0.0157259445363107 -0.0105159342021603 0.0269717257307084 0.2790905968146
-0.00958540309713517 -0.0082528535404152 0.113556157125633 0.0778676039500895
-0.0149078007688416 0.000671491147131647 0.0432694419408937 -0.103696354256546
-0.00344752161814863 0.00767737652208019 -0.0374328852090618 0.0934222552776847
-0.0127984615743188 -0.0121327644047633 -0.0810837198851316 -0.0211841640498392
-0.0071274771752186 -0.017404393198067 -0.071332721441654 -0.237888788618041
0.00572036209272621 -0.0303430623861705 0.219262244575849 -0.245014070098171
0.0284747491629632 -0.00883103278866125 0.425061918053309 0.137676662891764
0.00175420969227828 0.0340545753128212 0.0806536071800107 0.5055331217651
-0.0264790694639174 0.0101412423191504 -0.281271827201806 0.272914035395847
-0.024562738884786 -0.00740878465586245 -0.0356067231236317 0.0623815463323423
-0.017183253645498 0.0133195874400404 0.314403107208809 -0.156500994070126
-0.0052649510908373 0.0277432634847461 0.10369509574553 -0.530357010739688
0.00979749050302279 0.00462029860231129 -0.419432146148707 -0.303782377097002
-0.0101979694292207 -0.0217960591782415 -0.330232803305549 0.229509335855186
-0.0160500590131616 -0.0112509006311994 0.021045960027455 0.282192504319523
-0.00739079077239158 -0.00880795793238952 0.114012744110007 0.0815253406364709
-0.0117890520824928 0.000533623112097491 0.046474834436849 -0.103108445387133
0.000566911086090459 0.00718642539497369 -0.0337844226316911 0.0934765494055585
-0.00951946910396549 -0.0116016065217883 -0.0784300819734139 -0.0203616513808412
-0.00652942814195141 -0.0164366580879421 -0.0719249081237019 -0.236872713614415
0.00354826104379715 -0.0279428106814742 0.214991697217981 -0.244846033689154
0.0235076901803106 -0.0118537391985999 0.42208652672724 0.137597065008944
0.000559428421760337 0.025037014863373 0.0818279180083093 0.508205941113547
-0.0181632333408199 0.00258985608986104 -0.285632096079472 0.278451708176486
-0.0127814505217427 -0.0112623920326504 -0.0424341935462304 0.0655041847035257
-0.00812556821606287 0.00714728398829339 0.309446839962804 -0.150950941744495
-0.0050925906654077 0.0183624994878258 0.105513307377091 -0.52590972335576
0.00481156435593726 0.000538799300626707 -0.419639966183341 -0.306494751583776
-0.013194834842265 -0.0205552461483232 -0.334415061715648 0.227762625399881
-0.0158782063925073 -0.00967612926510126 0.0195948988234357 0.283701337890966
-0.00393756249959302 -0.00778912250007633 0.115451110572476 0.0826820447403042
-0.00761751847462755 -0.000159769377389812 0.0493189903074643 -0.102735469280232
0.00467890723280736 0.00629875634069391 -0.0305389700458824 0.0935393864522007
-0.00645256555328941 -0.010672912233045 -0.0761658888964491 -0.0222144740582053
-0.00525925967870725 -0.0131158404139475 -0.0696798777999916 -0.238508425762044
0.00147223837269431 -0.0240116528152177 0.216275460687769 -0.242615012821571
0.0184374584069833 -0.0150624321645219 0.418873815843357 0.144524588100543
-0.00051960228714719 0.01434366574809 0.0744535655341719 0.512165359760636
-0.0088772393937672 -0.00682601129648985 -0.290753191197273 0.27812797002925
0.000609223711870971 -0.0153070359885324 -0.0448096604376184 0.0666584446030284
0.00249047670734456 -9.60151811967604E-05 0.307119828872496 -0.151085846338155
-0.00453614462400028 0.00737239027565815 0.0976395778397637 -0.523144137306176
-0.000988654614282629 -0.00454133131671767 -0.42428999979854 -0.299388748826694
-0.0169183675150882 -0.0175033044372606 -0.333506028259829 0.232296442514604
-0.0161499332818294 -0.00591878242600506 0.0221431044057081 0.282215311429554
6.80648655580563E-05 -0.00618657035174618 0.116726464194309 0.0812124677741916
-0.00232138515414965 0.000171901416182337 0.0514403769547865 -0.103906102550444
0.0092556738530859 0.00527247743638606 -0.0278707037446934 0.0934357577299231
-0.00252036727373338 -0.0082153904735727 -0.0749872228211975 -0.0258352434136817
-0.00354079675204163 -0.00918964646014442 -0.0646216623526327 -0.241948082090328
-0.000497116235022037 -0.0197117949664811 0.221591554437526 -0.236810617148438
0.0131102234863881 -0.0182627995928625 0.414493659914561 0.158137212728294
-0.0013382903115422 0.00217774407739776 0.0589482429529321 0.515915728604224
0.00190889910355333 -0.0165337871377993 -0.295866828519559 0.273177448353185
0.0158253804271837 -0.0194778206662413 -0.0412658738082783 0.0655608907476413
0.0140320486576686 -0.00824736454359405 0.3049625385603 -0.1567254195872
-0.00302456878440357 -0.00519067946066959 0.0826329188416122 -0.524167754671547
-0.00747454311568372 -0.00990822667207671 -0.431653378312638 -0.286580290342871
-0.0209899467876799 -0.0131544694552757 -0.327873722010664 0.240770355894299
-0.015102456529491 -0.000758274459799854 0.0279216046378294 0.279644244214045
0.00468916730318747 -0.00259309534752314 0.11851477565191 0.0761757573224909
0.00275253385094005 8.3297298933475E-05 0.0530970848355768 -0.105448228922828
0.0127526457653902 0.00470170488170653 -0.0269272862620226 0.0932894031225634
-0.000109830623880036 -0.00552870841848696 -0.0747193966793514 -0.0310072622869722
-0.00202686048361225 -0.00423289617070876 -0.0577336410105621 -0.247811121202351
-0.00153221055738698 -0.0153303747709252 0.232505277711889 -0.229110158903137
0.00961059011727948 -0.021152238527666 0.409468969590739 0.177395988169196
-0.00115714575987035 -0.0075210194528678 0.0374494569715404 0.518240804552899
0.0108635840657646 -0.0236896152759856 -0.301322139145434 0.261320904041464
0.0265920731992839 -0.0222681399752169 -0.0328180039918297 0.0621703981120879
0.0223783705351902 -0.0141070381200421 0.305155059442613 -0.168840197306901
-0.00226462219127826 -0.0143353942362025 0.0614688521000231 -0.527119778310218
-0.0124022738792206 -0.0141732726665409 -0.441189108622713 -0.26624182201336
-0.0239535104578509 -0.00784389358819481 -0.315316298162603 0.251594155267324
-0.0143129258099645 0.0048123290598106 0.0374623516592958 0.274638841651508
0.00827295531697521 0.000818694402030787 0.119670889186009 0.0695774052480723
0.00673996059696665 9.00839247513968E-05 0.0533513585892198 -0.107292501458273
-0.00555599858601739 0.00868183423876132 -0.0418471811306907 0.0931824609575962
-0.0159599177303716 -0.006225991507897 -0.0863978198712408 -0.0346802030557973
-0.00614054175825195 -0.0122643785772552 -0.0586253771199093 -0.251830600353724
0.0110209371625763 -0.0269170378458561 0.247735022492541 -0.231641361212123
0.0334765883827791 -0.00446190636626706 0.420476787802027 0.174238116045209
0.00244793959620265 0.0372756948574212 0.0426897479905967 0.502202137947052
-0.0311070154438835 0.0127612852157038 -0.27801467184587 0.241074639452495
-0.0327972896116545 -0.00473371980229615 0.00223872615453233 0.0486691986340726
-0.0212366727595681 0.020412430872458 0.323945198408517 -0.200352490223972
0.000686590593717406 0.0298511390278023 0.048633123812142 -0.548984195352086
0.0138446371813267 0.00271139227482279 -0.441113764113805 -0.251901509513014
-0.00996609818818254 -0.0157964245590607 -0.292175150761852 0.257775748098335
-0.0147368734671326 -0.0026588423778048 0.0472017141276374 0.26913116077517
-0.00915419092369769 -0.00393923218251212 0.113743881799896 0.0641086307872746
-0.0145951908871039 0.00257656472885385 0.0373813948353096 -0.107526808677734
-0.00696072281538106 0.00908160986295025 -0.0415551693893737 0.092549312803091
-0.0167126576081516 -0.00862171594743987 -0.0865387920426658 -0.0297895702537308
-0.006088907755421 -0.0166180123004374 -0.0666824111115897 -0.244667851389326
0.00981059851253872 -0.0298410778213726 0.236188889823772 -0.239770698588554
0.0339659745767921 -0.00552588446005416 0.427199916431507 0.156551697248427
0.00278936518710452 0.0404407135022227 0.0626911109499862 0.503963785969905
-0.0328890586107168 0.0163915753828409 -0.274661744169581 0.253681272061033
-0.0360928363535157 -0.00415171986536733 -0.011427619625587 0.0535813313762128
-0.0241941784811615 0.0216266046345727 0.322002074792843 -0.18617316408607
-0.00131978633101376 0.03353343335202 0.0695133996925383 -0.544431902626251
0.0149155028860083 0.00481730672297194 -0.434339070964024 -0.272412377208867
-0.00865596027643237 -0.0206747567283807 -0.305344679660416 0.247965934348524
-0.0166870384554098 -0.0078990326060698 0.0402602988316483 0.27452170422287
-0.00941579056798459 -0.00686605411461923 0.113469903490806 0.0715060883206687
-0.0163140277715579 0.00233564802620181 0.0397810559936025 -0.106576661486514
-0.00625329032300944 0.00800305335819352 -0.0381892074071473 0.093259032114601
-0.0156339118032821 -0.0114023373113414 -0.083632541977399 -0.0242010336759381
-0.00689786006066879 -0.0171049734353929 -0.0716500904075586 -0.240243535998281
0.00759630137156743 -0.0313534629166056 0.223520412052791 -0.245560323278742
0.0325843537212654 -0.00726429746660127 0.427963787674255 0.14086139851944
0.00287822790618227 0.0400778701437011 0.0801405178249372 0.502484930031445
-0.0321077262891314 0.0142417720740609 -0.27439488270034 0.266762066255073
-0.0326950562129627 -0.00428497723386358 -0.0231572711132491 0.0591058097594763
-0.0232027781589919 0.0189418745064151 0.318101293375583 -0.171481954820271
-0.00340096205556541 0.0325587598927112 0.0841798826024283 -0.53798575667145
0.0136370655715707 0.00565552709005612 -0.427255324101902 -0.28857685378547
-0.00913236483252509 -0.0220146079365716 -0.318995666172861 0.239237465746667
-0.015753294499016 -0.0109020678620369 0.0307670546859049 0.279971280812447
-0.0103175166956119 -0.00928483547911046 0.114086815498531 0.0765163769039217
-0.0152453926885823 0.00111849803520603 0.0421720832699383 -0.10465823520476
-0.00223136027787491 0.00785882195514614 -0.0368098079773251 0.0944971148421757
-0.0142731533668695 -0.0122582328558726 -0.0820504341301134 -0.020729805043497
-0.007277976315452 -0.0171871046363165 -0.0749740609249097 -0.237458976416536
0.00464611613103035 -0.029971736688002 0.216109272234667 -0.247936258291142
0.0276947477257554 -0.00902001825588525 0.427477166049154 0.132616190896444
0.00257672127967755 0.034488525321557 0.0896571151996989 0.503621689890543
-0.0267288850533942 0.00958281730958414 -0.276629075230457 0.277790845797819
-0.0242166064029817 -0.00755841748372763 -0.0340653170098686 0.0625260425954002
-0.0170378441752551 0.0128500988444832 0.312332473643694 -0.159899867270198
-0.00531439519062836 0.0270861257165621 0.0971109862259065 -0.532452315756815
0.00974646434478779 0.00474964456651917 -0.422563760574299 -0.298758245507846
-0.0114093422368913 -0.0217267777683744 -0.326947237685962 0.234564565646283
-0.0159413295140836 -0.0105151633176101 0.0261416026700977 0.281637898510809
-0.00686966789819118 -0.0086636231710387 0.116003389925249 0.0810722780165743
-0.0126740693386753 0.000438833141891023 0.0446163153914603 -0.103144758880801
-9.65566420941951E-05 0.00685535933276912 -0.0331469662958681 0.0936564922886395
-0.0100172848093536 -0.0119117430596532 -0.0787942892373576 -0.0203287700271283
-0.00723245455962461 -0.0168754319402621 -0.07480577808181 -0.234867358770455
0.00291509787665174 -0.0274876376280811 0.210695178162225 -0.249047704171799
0.0227482217136429 -0.0125176885574636 0.423550197684232 0.130328376033574
4.41072886937627E-05 0.0247552021914235 0.0896596812768835 0.50740936609264
-0.0190138606970995 0.002875201095618 -0.281134863618844 0.282025846733479
-0.0123875142591131 -0.0118805808075397 -0.0419455579336386 0.0652111645116279
-0.00833842144810474 0.00652628815926027 0.308375667623151 -0.155877953073857
-0.00409499300503712 0.0176325329696578 0.0983079752045767 -0.527600859918129
0.00531421790875293 -4.86935354784175E-05 -0.423677156877809 -0.300761310237084
-0.0135882809816488 -0.0193284041568329 -0.332626268150478 0.232745470066053
-0.0156436320196811 -0.00944360658689413 0.0239961956457251 0.283883514298999
-0.00349915834499299 -0.00853028319211705 0.117246965815536 0.0815535992391929
-0.00811823424451118 0.000125912416550407 0.0476698080628171 -0.102820408803
0.00438691420619697 0.00668450343466558 -0.0299464423009207 0.0942826186176451
-0.00630301083541403 -0.0101188529177242 -0.0772098105760389 -0.0220961522181086
-0.00534051778395216 -0.0140739963280283 -0.0731305503696795 -0.237160382035041
0.00117077689213015 -0.0236001028307688 0.210788575174065 -0.244732976857729
0.0184773290232796 -0.0146633624436765 0.422199217323908 0.139472616660563
0.000146905361369228 0.0137395988123956 0.0816024559615657 0.511718261089859
-0.00959324155181856 -0.00757732244879627 -0.286294087245715 0.282145004014187
0.000547658433665306 -0.0164484786801851 -0.0441348816738108 0.0658181362352521
0.00319455305366455 -0.000583126608784497 0.305411978145518 -0.155317034802718
-0.00470928288084087 0.0073169213622072 0.0913287611667767 -0.524948135612593
-0.00135684792342858 -0.00499968719013579 -0.426432180875635 -0.292687864471882
-0.0171580788108939 -0.0176665658933211 -0.331264272542427 0.237204123464356
-0.0157484660279306 -0.00611621547460307 0.0267811233127797 0.281413849099204
-0.000886356270036372 -0.00614879201431266 0.117898622803849 0.0792675389908088
-0.00198964579620769 0.000161610425173542 0.0492317232023958 -0.104290122635339
0.00932884680675928 0.00428113978761352 -0.0265515564371283 0.0933932248198331
-0.00289142601406623 -0.00874402173592797 -0.0758487868895438 -0.0258436696772451
-0.00412257694962007 -0.00997468382162015 -0.0702414081481126 -0.240704606892081
-0.000304519763077185 -0.0197741649958974 0.218096308462963 -0.241686299415297
0.0123971844341866 -0.0190659781925952 0.416643772934431 0.151197914172579
-0.00111739215397431 0.00254519596457325 0.0664020157809888 0.51632614993685
0.00248483658972842 -0.017517294985312 -0.290767167968664 0.276749945388858
0.0159446131881411 -0.0203891403091408 -0.0406510251347845 0.06706205920485
0.0134946577674016 -0.00767557874925912 0.304149626272078 -0.161833354862827
-0.00325485160720581 -0.0045599037086317 0.0770987951813906 -0.524857054805769
-0.00740845770061417 -0.0107618049374823 -0.43750227896643 -0.280110942835779
-0.0218336307507695 -0.0118233443854795 -0.324379667977495 0.245881676712075
-0.0147817055354815 -0.00114067560521448 0.0314241227617173 0.279132917964486
0.00489014276122055 -0.00343077211081491 0.120592511888733 0.0747265612796598
0.00234606906183455 0.000556499496389221 0.0518732934619273 -0.106842694794257
0.0125249733601916 0.00541688740727435 -0.0265861758460574 0.0924891478958093
-0.00118219376523679 -0.00475432580351708 -0.0737642681739757 -0.0315887890603483
-0.00296679517541367 -0.00422160522924694 -0.0622737595700898 -0.247121510685681
-0.0023783139799736 -0.0162208584906175 0.229225659434061 -0.233540941440618
0.00933999642649551 -0.0219032569201017 0.412043551362234 0.172298972655484
-0.00198655930006223 -0.0075667292751112 0.0444670187841283 0.516656567899148
0.0113137076153273 -0.0245220063661562 -0.297780905579869 0.265721034552335
0.0258235759610873 -0.0232414652115656 -0.0310865548542677 0.0622502386161694
0.0212004874431352 -0.0149112230648314 0.30256795299416 -0.172249636888232
-0.00217895427987037 -0.0133819934003986 0.052954088716494 -0.529733153347536
-0.0130364003357413 -0.0149881117335233 -0.446110987673551 -0.257810779429046
-0.0237385177672388 -0.00683073958347812 -0.311366385892611 0.255572074179477
-0.013457768979032 0.00470041362811943 0.0406820901419392 0.274166878302496
0.00730750632055738 0.000117753548934729 0.121569495707757 0.069750925642861
0.00718862351092898 0.000456752214699149 0.051088748115438 -0.108222563678377
-0.00608633259172831 0.00805232632663833 -0.0407431337510866 0.0928899079963128
-0.0158429910211934 -0.00637114524368987 -0.0878693010652338 -0.0338223320000073
-0.00567357623343153 -0.0124568316758743 -0.0634798718160036 -0.250178504369335
0.0100951031524354 -0.027819417957605 0.244907125155534 -0.233950518209117
0.0337546206778489 -0.00545616751297463 0.424841102490693 0.168968445009192
0.00187821141049325 0.0371935449876929 0.049718892677649 0.502763783260498
-0.0316732579944855 0.012846072849352 -0.273754393715634 0.24298254601678
-0.0329008683924112 -0.00393389916090452 0.00214957363072571 0.0487082033104847
-0.0201511653440039 0.0202165267522099 0.321442935527743 -0.204229120439998
0.00140153144437898 0.030287931390498 0.0408814626363482 -0.548852106873964
0.0131762580535133 0.00292076470490856 -0.443531282840668 -0.247113937052109
-0.00960286371610811 -0.0164512000595211 -0.287260758810129 0.261661361301807
-0.0151849542896927 -0.00275562940064765 0.0517391678847653 0.268928935536893
-0.00980056970492962 -0.00288367692531993 0.114742691514082 0.062949992090027
-0.0153892130387948 0.00233488743551538 0.0357250617760689 -0.107170874218733
-0.00676245264615148 0.008268383522669 -0.0397440702065172 0.0935202619030482
-0.016694097353762 -0.00876667470195656 -0.0864492527246614 -0.0285486535168403
-0.00695776338783251 -0.0163154427815554 -0.0708255911059858 -0.244026465302341
0.00912230304569952 -0.0310264725520909 0.231580981560428 -0.242090903598329
0.0344931813200039 -0.00563925620625748 0.428546296805094 0.149840823604242
0.00281643687726351 0.0404684543265732 0.0696119205279309 0.501807482180571
-0.0337002713233498 0.0158775606117803 -0.272102507789536 0.257010243117217
-0.0359491666062839 -0.00307722984404214 -0.010289150786682 0.0540719407106138
-0.0233118131369272 0.0208488051358675 0.319191798518537 -0.189608208319376
-0.000890958073854996 0.0335532793628352 0.0604484715502139 -0.544808536325983
0.0145699890081286 0.00567546670484125 -0.436452153602321 -0.267792301195459
-0.0089851604634215 -0.0200958529181403 -0.300919006294269 0.251895563672273
-0.0160214934611617 -0.00713752028040984 0.0429404273615071 0.273936536578925
-0.0109646784052862 -0.00607171468880495 0.11500352283508 0.0699828471765386
-0.0162817001979031 0.0019272233000237 0.0377124955511964 -0.10619718897752
-0.00590607940371257 0.00815426041449106 -0.0372968398902317 0.0935448198272546
-0.0159898956622742 -0.0103653434727563 -0.0842309777645189 -0.0230702604209688
-0.00812738948252115 -0.0181352692412711 -0.0757110116383231 -0.23948880118307
0.00703090047537783 -0.0318146929933239 0.220127800147987 -0.24750921985371
0.0319057379647816 -0.00724183697494096 0.429879188811938 0.135626997112738
0.0029302034222166 0.0393891862553435 0.0855767102314016 0.500876596657479
-0.0317700612275067 0.0148843729157774 -0.271227009013487 0.269928448013362
-0.0328774041652558 -0.00447560865940065 -0.0229534682897319 0.0589821820532604
-0.0229327394603783 0.0180936997824259 0.315330623386698 -0.175663568645661
-0.00288260064263372 0.032939259331978 0.0781637935910694 -0.53920246400086
0.0133511340690126 0.00623511452260003 -0.429994498714082 -0.282205147165626
-0.00924774704833655 -0.0220357419787502 -0.314760541918881 0.243552991683657
-0.0163176693664938 -0.0102804303350304 0.034668324186974 0.278477066303764
-0.0100656724292817 -0.00814124770156791 0.115699932522793 0.0754367886595001
-0.0151933302552607 0.00146814100855867 0.0402454808103508 -0.10505239427984
-0.00319981060054695 0.00761233006947331 -0.0345121927340933 0.0941328400297317
-0.0141101874588586 -0.0113908787448268 -0.0815193614599163 -0.0202607638188526
-0.00776061865338001 -0.0178562598075105 -0.0795923609884902 -0.235415439545998
0.00489660514275836 -0.0310771711642813 0.211802275376912 -0.250322461362526
0.027844119004864 -0.00946504467667308 0.428244657968721 0.127008490609236
0.00250343612765899 0.0336112929027926 0.0946734123672522 0.50214308622816
-0.0262631615027313 0.00995250088327722 -0.273393025288707 0.280229623846747
-0.0248116467991102 -0.00733371859992739 -0.0341152405235256 0.0636277041571024
-0.0170123739127284 0.0138804103004071 0.310678460484249 -0.164235663819052
-0.00404997679009552 0.0265401806693068 0.0891587238949943 -0.533849544236466
0.00969721488820756 0.00479350691653043 -0.426616407027353 -0.292837602046199
-0.0111374411877211 -0.0215718898195536 -0.323383977057228 0.238602142235884
-0.0163858172938279 -0.0109743709505519 0.0293627423604395 0.281444251208895
-0.00779522502886049 -0.00904801114639025 0.116800190109585 0.079484250645425
-0.0121323060449723 0.000997642074041946 0.0439445724133043 -0.103918864309232
0.000441665977549639 0.00692015293121961 -0.0309252072373649 0.0944469425588352
-0.0111654439955646 -0.0111808814648505 -0.078754767419715 -0.0194464066328835
-0.00745850195050904 -0.0164440926273552 -0.0797161120381431 -0.234259448232209
0.00247999995912296 -0.0287241859346408 0.206726429073279 -0.250519605358576
0.0231076767531435 -0.0121151706023394 0.425215423734633 0.126411941677125
0.00123481493988605 0.0245778397737568 0.0958280858441464 0.506398959083926
-0.0184661686792336 0.00218524884800359 -0.276805102857387 0.285118743834134
-0.0131493108112446 -0.0113641690315971 -0.0412345653713116 0.0662737643494007
-0.00807273606849534 0.00682602342554722 0.306001363016155 -0.158769511185438
-0.00421135650024065 0.0180583978445911 0.090973008646432 -0.528773789008528
0.00447029439296789 0.000836632324731197 -0.427528603479116 -0.296967143480349
-0.0138539909910258 -0.020064569970194 -0.328039658172845 0.237104631271578
-0.016364088766344 -0.00913015257307224 0.0286105707360732 0.282554923514974
-0.00463357277116602 -0.00797534389921215 0.11834658187859 0.0808800328642002
-0.00761778707256553 0.0003630052556574 0.0464731039141607 -0.104169437592111
0.00496234168291883 0.00570944092863331 -0.0279663331548039 0.0940165450516419
-0.00759801810724024 -0.00968551423239214 -0.0762943099854261 -0.0211225364985882
-0.00563462366556266 -0.0135729664321023 -0.0774685414670133 -0.235806446948119
0.000333979504905656 -0.0246611680891835 0.207938530505528 -0.248508518878634
0.0174627424148615 -0.0153375428643751 0.422515860237816 0.133607783471972
-0.000215782284717837 0.0141396457361603 0.0886805990905259 0.509963616794061
-0.009520493618074 -0.00711020345999937 -0.282194103456577 0.285859092792348
0.000757644523015807 -0.0155301543396544 -0.0426708549319791 0.0674535081511027
0.00201011940893808 -0.000606576896696256 0.303093732917645 -0.158755977982641
-0.00377026160593899 0.00715066930414908 0.0834705711062256 -0.525980302872041
-0.00124852973339624 -0.00419857568328741 -0.430348551195313 -0.28793799376605
-0.0178859999096059 -0.016929184155625 -0.326647512027445 0.241999147255152
-0.0159784005395074 -0.00531283173092283 0.0311486763509269 0.281781577941924
-0.000763563730111718 -0.00625727379733759 0.119918317644079 0.0784946995605698
-0.00260020965926209 0.000479703986570372 0.0486380340629192 -0.105062499998862
0.00924749082303258 0.00475814137176528 -0.0256509748917512 0.0938581062305173
-0.00395916370024015 -0.00806780839331134 -0.0752119004233718 -0.0249666040133106
-0.00401732595269245 -0.00966212146153335 -0.0730499047544112 -0.239963677136447
-0.00101410422383506 -0.0201843471954555 0.213920657272527 -0.24334152312877
0.0122566912784367 -0.0186923881789229 0.418394967050115 0.147297937138887
-0.00154151887888199 0.00197063523276432 0.0740306751645284 0.514394598234706
0.00106879085596674 -0.0172793015485304 -0.287724910214631 0.280405522136923
0.0152391519159819 -0.0202504730826896 -0.0398091532328808 0.0662671082382253
0.0139093139448215 -0.00897834443592868 0.300411077259585 -0.164823022181317
-0.00229563194536191 -0.00500772853757424 0.0699118159144941 -0.527216204202928
-0.00783013866427583 -0.0100516374396173 -0.439911093622241 -0.273955681873556
-0.0217723797649035 -0.0124553521399272 -0.319902330137442 0.249199704560542
-0.0150627734553612 -0.000220817516552707 0.0361407746892871 0.278988487590991
0.00441225263966511 -0.00288469307554408 0.120501277509507 0.0741017793739826
0.00288420401925513 0.000453698254071076 0.0506791365374815 -0.106635347389272
0.0126020602787692 0.00399300322741647 -0.0245503400330144 0.0935937489036893
-0.00109415497002723 -0.00531391405868339 -0.0748615882702517 -0.030282096290374
-0.00241995149624104 -0.00516943382950607 -0.065458168502186 -0.245203460165223
-0.00216382378190594 -0.0158424260298011 0.225118280951768 -0.235584587997233
0.00880195894337055 -0.0215548306707142 0.413310226092534 0.165877275584295
-0.0016940304294902 -0.00766081202681826 0.0526616557720576 0.517378852924423
0.00988228810231914 -0.024433027598444 -0.29346854760568 0.268836274887153
0.0266155312438645 -0.0232691101089614 -0.0310497247268628 0.0627030240234966
0.0219612683763545 -0.0154395893448611 0.300368901340268 -0.176517734166327
-0.00241588453152015 -0.0144080576042263 0.0475704132867319 -0.52700596960519
-0.012678503937436 -0.0138551668642171 -0.449074533973529 -0.254100300312777
-0.0241332464034219 -0.00752239843429378 -0.307891213711745 0.259795969221383
-0.0140487708485498 0.00555439836157709 0.0458449364951043 0.273904052187473
0.0080832152199814 -0.000224004088972364 0.121654938340271 0.0672319349750106
0.0063752091390848 0.00025527669241489 0.0503892691086467 -0.108497725100915
-0.00581516229284759 0.00803482411815252 -0.0392885540263827 0.09245610445497
-0.0164185004365106 -0.00582975034595112 -0.0876890523636387 -0.0329975852739581
-0.00600583974050607 -0.0132877516342148 -0.0668554958609528 -0.248097128576352
0.00935653572403451 -0.0278945703321609 0.241090810038245 -0.236232984038295
0.0338869194958771 -0.00599608141279568 0.425274265624699 0.161702200836295
0.00183525074566108 0.0372294540712715 0.0548882162681872 0.500137054514083
-0.0313605497016489 0.0130518672763824 -0.270273202394358 0.245539489082986
-0.032371946733386 -0.00340436342748912 0.00313611116095925 0.0484182305033359
-0.0194507253568963 0.0198559142715467 0.318043651166667 -0.207371999782549
0.00182154987471148 0.0297603028737154 0.0340127185216373 -0.547151620078798
0.0136572304297307 0.00311963569703387 -0.445886606493407 -0.240492888353936
-0.0099413913959028 -0.0160877187680447 -0.28297481592517 0.263541157990261
-0.0148906174038013 -0.00279562765383711 0.0553019697794111 0.267120714385145
-0.00995364294239655 -0.00301898455092007 0.115352097289031 0.0623556962862539
-0.0154372366457044 0.00250088294188951 0.0344643550239679 -0.10735990827176
-0.0063180606224384 0.00822334562905475 -0.0383025294395944 0.0936384866714946
-0.0170042733695796 -0.00858624612643804 -0.086660582902098 -0.0271357232100498
-0.007087372319858 -0.016425802292502 -0.0747889554302161 -0.242586917159388
0.00830133651635503 -0.0307794662465491 0.227739759478938 -0.244119962196525
0.0341465408228019 -0.00599078439705506 0.429184176006428 0.144110327998215
0.00260834293558277 0.0404862326388329 0.0750381443773958 0.498969292849077
-0.0334907281474254 0.0159918595302552 -0.268125581276956 0.258952641230783
-0.0355110871801687 -0.00309193952658087 -0.0092986951113295 0.053886030559702
-0.023256595393933 0.0209350652347134 0.316382388892393 -0.192904100160006
1.0275949108865E-05 0.0340464939230416 0.0543953982674497 -0.544240884474507
0.0148101375839741 0.00572569830372689 -0.437869245671147 -0.259686515645585
-0.00934636009031884 -0.0194180992329578 -0.297532706232158 0.255585588176185
-0.0159669586888016 -0.00723770899198956 0.0470186331457799 0.27291694077913
-0.0109418447043209 -0.00629489128588549 0.115867796165465 0.0689200967512524
-0.0161824638794996 0.0021820792511781 0.0362098052953382 -0.106134463618008
-0.00547386428870955 0.00838001960728671 -0.0359985520257245 0.0936466096747492
-0.0166908137068448 -0.0103065705324136 -0.084171063888529 -0.0224321691257436
-0.00814888047056565 -0.0180334003291406 -0.0797584307116745 -0.237166664881791
0.00656912935558413 -0.0321854798544721 0.21575895247254 -0.249718849191287
0.0319015601373798 -0.00769706022578871 0.4309123493558 0.129014300284042
0.00326214698713539 0.0387592202073957 0.0928647028569257 0.498762364126245
-0.0312162714772211 0.0151037419104027 -0.267084563040766 0.272489068247863
-0.0328143145582025 -0.00445073723296241 -0.0224737739909278 0.0589416837614134
-0.0221399729429284 0.0186034239786356 0.311792098774981 -0.179418592750179
-0.00210822408549834 0.0326669499179506 0.0716664613848097 -0.538123807302825
0.0130572659784666 0.00647330963037911 -0.432263363617952 -0.276100832999997
-0.00974047521145065 -0.0214062033923972 -0.31008079385172 0.247034970252686
-0.0161676677896128 -0.00992533997507075 0.0388582734725065 0.277869701026484
-0.0105842686117096 -0.00830190076915984 0.116754157684 0.0739771003745045
-0.0153239422120737 0.00162710412316327 0.0388854301041418 -0.104573979882409
-0.00279580884215052 0.00745459286078372 -0.0335498186017965 0.0941635708404206
-0.0146245794579503 -0.0113961927782176 -0.0816208886203413 -0.0198350706315721
-0.00786836793691819 -0.018284808487688 -0.0826717325735756 -0.232886567129085
0.00430599055419032 -0.0310142260807343 0.20740668077688 -0.25248550867479
0.0282013175967696 -0.00979523698058044 0.42851624922467 0.120022984192712
0.00285533808667664 0.03338834870404 0.10136551772958 0.499913761239704
-0.026036365528222 0.00998247942842316 -0.268265517088366 0.282539624030464
-0.0247641602108911 -0.00725929591576872 -0.0331008447839178 0.0635729876893179
-0.0170376030234858 0.0134633409633713 0.306701334515679 -0.167161295604414
-0.00357057811537048 0.027086953047337 0.0831800486686789 -0.532174440046377
0.00981245312501533 0.00462413466964537 -0.428232791790541 -0.288297771171936
-0.01161797891065 -0.0210138344299286 -0.319961800696024 0.242277531577601
-0.016617424182138 -0.0110977165367169 0.0334065307602726 0.280008137618362
-0.00773077889837938 -0.00911105024490823 0.117644809500635 0.0783455236883422
-0.0122304799257108 0.000931598692225183 0.0419084109217275 -0.104035769440625
0.000543248373099618 0.00621034607645569 -0.0299297832122228 0.0943182428466427
-0.0115527235101007 -0.0111515632980946 -0.0790832730634012 -0.0189441162795167
-0.00734100644545937 -0.0167087099479701 -0.0835077888010229 -0.232301366044368
0.00193461998228318 -0.0286877606045199 0.202740334215516 -0.252532773287341
0.0227618291729478 -0.0125333040630941 0.426153904638848 0.120759900428224
0.00126383243015991 0.0244541861230402 0.103819467973912 0.50143082264651
-0.0185869914253882 0.00191784749640671 -0.272494337591234 0.287408476066469
-0.0131978951423826 -0.01136198304164 -0.0405089343360264 0.0663191025885176
-0.00800364743421328 0.00651255073723532 0.302716432212078 -0.163039165815697
-0.00357079468049829 0.0181912392032293 0.0850478942069626 -0.527590175605165
0.00476324290557351 0.000937493382525464 -0.429685967965223 -0.28848743530893
-0.0144818624839632 -0.0195372780829108 -0.324095928698835 0.240478906086082
-0.0161056494184901 -0.00929869740760071 0.0322797913954747 0.28145805763727
-0.00485897894168761 -0.00853160406504571 0.118662247638919 0.0793863746625784
-0.00783085745805017 0.000935998343332401 0.0452729408462547 -0.104281819458102
0.00516054476632591 0.00526813427070434 -0.0265086662211536 0.0942338574692988
-0.00799272373724839 -0.0101509722163755 -0.0765696867154709 -0.0206616372536717
-0.00621486369841556 -0.0138400119703046 -0.0807449608604818 -0.233872212861498
7.45389816309874E-05 -0.0251278504511747 0.204324487333256 -0.249860771374514
0.0173009154000441 -0.015314145173146 0.422233687986367 0.127701491626642
-0.00041755847244903 0.0139246351503214 0.0948373273708185 0.506138364318596
-0.00960959058022131 -0.00707134932322857 -0.277322999502511 0.287813884413825
0.000485924687380874 -0.0158183078610229 -0.0421518820964986 0.0670840878903285
0.0026614528569953 -0.00126829430359933 0.299315154732153 -0.161895139267592
-0.00344649451861741 0.0068390020688051 0.0762592715611696 -0.525284330208069
-0.00123102508137384 -0.00395835398289475 -0.433228716146257 -0.282564227737709
-0.0182981169559689 -0.0163159029347719 -0.322628017228285 0.245451844004064
-0.0159813308234263 -0.00537612115230071 0.0346108578690126 0.280313090281464
-0.000553702151875544 -0.00672529740868203 0.120346602054098 0.0770731208689037
-0.00302443829036644 0.000218247210769972 0.0472849331021296 -0.105282874101903
0.00925952919041212 0.0044568333470685 -0.0240438393731803 0.0937781285031295
-0.00411065931677805 -0.00790967562297547 -0.0754749527776366 -0.0244666215883978
-0.00413349726523574 -0.00920994858066729 -0.076719401865152 -0.237967110345953
-0.00172694926117036 -0.0200007846383569 0.20967039492608 -0.245316456743151
0.0119915778444607 -0.0187486480476248 0.418378705512582 0.141335306242829
-0.00139228914617357 0.00192747158053941 0.0800563496035339 0.511381482696644
0.000884743877512691 -0.0176468174778691 -0.283500479607595 0.28247504627689
0.0152889246536869 -0.0203143651669314 -0.0388513572894146 0.0664158479780736
0.0140294754057221 -0.00947129164046365 0.297563512038453 -0.168168418820573
-0.002430326878957 -0.00528674727120177 0.0623060371318144 -0.525869898600147
-0.00788205009946468 -0.00958491416449224 -0.441122268067599 -0.26794704339221
-0.0217546548922468 -0.0118400671339225 -0.315862539035788 0.25212124954196
-0.0153306250160354 -0.000145677140172976 0.0402096865308755 0.277920192347377
0.00378266643920065 -0.00354655872358155 0.122007585445685 0.073190904783049
0.00217593641393287 0.000210202240717036 0.0493427829481604 -0.107002062835894
0.0127761202126748 0.00327806278301064 -0.0231056744515038 0.0937507986041476
-0.00140785750127301 -0.00522513152268107 -0.0752874657848295 -0.0301521538195583
-0.00279824388979422 -0.00537899677473965 -0.0700200876697652 -0.243718419637957
-0.00259673794623612 -0.0162377554295711 0.220884952921473 -0.236963598332149
0.00868929225468699 -0.0213362727871348 0.41432393731349 0.159964084587991
-0.00194016144806008 -0.0074445905186801 0.0588309685688527 0.514214358908605
0.00960809263744589 -0.0245627377979769 -0.288667888229373 0.271484244534955
0.0260063403767221 -0.0241175308442063 -0.030130609590612 0.0628276739807801
0.0212217320020754 -0.015551895877693 0.297360611049468 -0.179032442955965
-0.00186834711783399 -0.014374814452567 0.0397874616820717 -0.527365218289062
-0.0129539065115332 -0.0134644359054519 -0.451401355448929 -0.246379891536669
-0.024337402731522 -0.00695986755810186 -0.303500095531463 0.263245002271171
-0.0134931112948911 0.00529664463299553 0.0488800008068073 0.272722354416936
0.00783557265180546 -0.000453022355407819 0.122608716003776 0.0654286824911087
0.00638716092078167 1.57851471487523E-06 0.0487508335517183 -0.108789126176341
-0.00600264287161963 0.00793739198980628 -0.0384182192771133 0.0924873628023498
-0.0169053347444124 -0.00546675741371543 -0.0876885366274624 -0.0324473653472294
-0.00640711059257548 -0.0129071997973544 -0.0709984377926104 -0.24592270004095
0.0087954725506218 -0.0280167616995582 0.236395345830763 -0.238536781944989
0.0332881976116518 -0.00602090753338493 0.425135982742422 0.156919933348993
0.0021599270746264 0.0372635446803695 0.0616452766731343 0.496941746020222
-0.0312938638959577 0.0131022590040843 -0.265366617247906 0.248114959216894
-0.0325221134764352 -0.00317767536614068 0.00409978630855527 0.0485874238327621
-0.0192428956500183 0.0203793699004992 0.313674803043158 -0.210446497395595
0.00279504172920834 0.0296491780445914 0.0284329536491532 -0.546101612950077
0.0134418780809138 0.00285041455792366 -0.445701850138417 -0.234310993465999
-0.0105596775069585 -0.0159098003269741 -0.278280821800702 0.267486772678566
-0.0152308251126006 -0.00275364672825304 0.0588415344786194 0.265851587816462
-0.00996458164239085 -0.00352821856974986 0.116077157155562 0.0608903948498043
-0.0154917508354225 0.00293760435643433 0.0332172682067804 -0.10689512837313
-0.00640560284126014 0.00845919470696234 -0.036895313703807 0.0933043134043392
-0.0177782917218946 -0.00778660166581121 -0.0864789668790991 -0.0264475336169141
-0.00746934052793672 -0.0160962683440479 -0.0781025310719909 -0.240289303876279
0.00797197000945324 -0.0307130374439247 0.222852295502034 -0.245487659459972
0.0334396587609419 -0.00605987955127546 0.429341204857181 0.137501964402928
0.00328311354035427 0.0402895770464486 0.0806047119674613 0.496346865225042
-0.0332462280638042 0.0160742143488465 -0.264193703143907 0.260850589401003
-0.0356605340051512 -0.00275535466311478 -0.00881643759204722 0.0532983682349476
-0.0227097414197562 0.0212899067030433 0.312991149624844 -0.195610562766487
0.00107936730740803 0.0330348036768745 0.0476563010414602 -0.542142375807485
0.0147153173805759 0.00556823109109549 -0.440131094128014 -0.254062016701044
-0.00999450129206972 -0.0191531475372665 -0.292730354872728 0.258167201951947
-0.0162309544245624 -0.00728137718807643 0.0501570139842759 0.270896419972368
-0.0113230470601229 -0.00605342047264236 0.1157241134054 0.067689903596994
-0.0165158219809309 0.0025460080620854 0.0350352762752906 -0.106084870166137
-0.00559314782675107 0.0084487694231412 -0.0346064063112795 0.09388735616669
-0.0170237499864013 -0.0103185299816086 -0.0844756654788983 -0.0221096472784048
-0.00859057379741591 -0.0178763986345758 -0.082917184835214 -0.235099891223115
0.00580517570804316 -0.032368534239648 0.212068152702147 -0.250730514224081
0.0316482718066681 -0.00824011688079622 0.430410493182899 0.123542915736785
0.00316410123283874 0.0384160551791175 0.0978826750247652 0.495789823080127
-0.0314653466087452 0.0148044710731489 -0.262762782952378 0.273847774158763
-0.0325963709086025 -0.00370772136852457 -0.0209165942688703 0.0586849343733692
-0.0225842607917955 0.0186443620557755 0.308686045876753 -0.182160502107491
-0.00192544147116112 0.0329233450577817 0.0663282456522834 -0.536849984064592
0.0134276884255326 0.00612412203756079 -0.434702829220349 -0.269954731157526
-0.00982761586176252 -0.0207266035804291 -0.305842965182948 0.249976651054818
-0.0164706956727508 -0.00974263801933145 0.0422165164006536 0.275746069918046
-0.0108310727422947 -0.00807404006075381 0.117599035567899 0.0731961906654215
-0.0158486037303926 0.00203138537718972 0.0376877924238624 -0.104421602567796
-0.00257022532927224 0.00746298373658551 -0.0314668835919396 0.0940788850679768
-0.0153764690181932 -0.0107614716832877 -0.0813937575618993 -0.0192948888247009
-0.00830923714176479 -0.018310016312957 -0.0860387653237617 -0.230921264254957
0.00323688337486638 -0.0310936885221706 0.202952079400538 -0.253593149342919
0.0276771657545859 -0.0103087554542193 0.427887379235136 0.115325509264456
0.00325579292895244 0.0333405235162966 0.107691724988666 0.496480107429408
-0.0265893717031821 0.00961274072664622 -0.264115916818972 0.283945325374469
-0.0248413273859772 -0.00724330770424976 -0.0320995515886426 0.0635823269161473
-0.0166147426888943 0.0134657525777377 0.304398302872719 -0.169951534288587
-0.00332806593276939 0.0266804298514072 0.0771661014475234 -0.530944677299972
0.00973686487389512 0.00496509517663585 -0.43156365795878 -0.281364874770362
-0.0120144296044049 -0.0205019103657908 -0.315162349709375 0.24439463683494
-0.0159902613341576 -0.010408774947507 0.037039498698014 0.279119704475989
-0.00846717477857645 -0.0087594303118122 0.118528647313073 0.0771089101527666
-0.0123028648278405 0.00107923151364657 0.0412561835524214 -0.103906412368069
0.000842915603510308 0.00629286740387171 -0.0283847650543501 0.0943146187748024
-0.0120350104592393 -0.0111401983772347 -0.0782225046718685 -0.018372861478244
-0.00750118618578677 -0.0164737337303003 -0.0863694167026766 -0.230283908687002
0.00119333488578244 -0.0289759893260046 0.199580535645788 -0.253501313536829
0.0231943436607121 -0.0130939879429982 0.425860892244634 0.115611333172315
0.00152253116750534 0.0246483321339737 0.108665255875523 0.499614852990099
-0.0186483210848844 0.00179878201336496 -0.267668020782738 0.289188326090316
-0.0134727636403915 -0.0112272474058592 -0.0391337826377817 0.0661381483066801
-0.00806899879903474 0.00660541753217274 0.300033099804876 -0.164890192311528
-0.00346179858828492 0.0179006112857264 0.0786671073578565 -0.528373810796015
0.00459529387721162 0.000752737201408542 -0.43018914265389 -0.282914037185218
-0.0147116897325799 -0.0191394480945965 -0.320080028118505 0.243331189227096
-0.0162196354903 -0.00897893412300686 0.0354702710233681 0.280996405433894
-0.00559168970765249 -0.00812472921015925 0.119778539965088 0.0779688156416356
-0.00830801551003365 0.000325061046035693 0.044011479321919 -0.10431746337348
0.0050539017589959 0.00503140603149156 -0.0254301046006866 0.0934917586007344
-0.00824737110800868 -0.00975561138542778 -0.0766171879663896 -0.0201347821013363
-0.00636884885136344 -0.0142584687618162 -0.084946971422798 -0.231019722442998
-0.00056388775785108 -0.0248404024055283 0.199693294365887 -0.251442581118804
0.0168917960664179 -0.015471747214514 0.421864486467419 0.122067971262147
-6.37984683959877E-05 0.014072055870686 0.101152421608331 0.502301457630385
-0.00970268149286764 -0.00771046025457356 -0.272876752217086 0.28944626515248
0.000238972525604982 -0.0162011302483815 -0.0408892950050959 0.0676096146192108
0.00271723690062059 -0.00104762226465594 0.296715797034438 -0.164893117559554
-0.00333381410161165 0.00728684077106133 0.0704864534140633 -0.524732992191553
-0.00160944361413694 -0.00376562328991952 -0.434985576728955 -0.275297720464773
-0.0184623651590123 -0.0162337664262012 -0.317819283381553 0.248149911734302
-0.0162180457680745 -0.00480107024217003 0.0381221407251068 0.278948512457152
-0.000511809212684409 -0.00681871599142824 0.12164612893514 0.0758457548759546
-0.00303959293341483 0.000318887424221852 0.0459579627717391 -0.105650440558954
0.00940023414136847 0.00452128776601058 -0.0223865462821933 0.0935857250680549
-0.00488103330254404 -0.00778798864046277 -0.0753646382054657 -0.0241001943999217
-0.00448049845119456 -0.00964064967470497 -0.079917164985306 -0.235281766207044
-0.00212167582434112 -0.0204474935481604 0.205465085414654 -0.246309199174936
0.0115408640722159 -0.019075236965505 0.417955309421121 0.134507795978056
-0.00192525659205736 0.00183252328806532 0.085627431672072 0.507856932520427
0.000483452971652379 -0.0177383197040451 -0.278730599080656 0.283967960243557
0.0142633039762577 -0.0205268093938386 -0.0379629069886799 0.0667607355213852
0.013450241121704 -0.00963366935847663 0.294611130432122 -0.171012958201223
-0.00283023748073179 -0.00524604987924151 0.0563828408990656 -0.525180907588529
-0.00795403450112325 -0.00977864738469143 -0.442661651819305 -0.261931818919854
-0.0223750329682662 -0.0112724520778473 -0.311839812765625 0.256364683116666
-0.0146952858312639 0.000134335293516859 0.0435570156460699 0.276267988216522
0.0037091197040777 -0.0034281682008662 0.122402260874293 0.0709820940166049
0.0017688579992918 0.000278516638034386 0.0477087472410312 -0.106842917886795
0.012395503359404 0.00343203369195953 -0.0220772751575702 0.0934131916431327
-0.00203721180818262 -0.00502044791029566 -0.0751589798079738 -0.0297641897442163
-0.00325323000645828 -0.00520993538887583 -0.0733157249394572 -0.240931346568252
-0.00246570961942961 -0.0164872889399845 0.21712955271288 -0.238676865275218
0.00804262547470527 -0.0212153080998791 0.414978108286495 0.154128212797455
-0.00156429749414484 -0.00799076576171634 0.0663239254877852 0.510201438309317
0.0089462449833717 -0.0249420716897278 -0.28389779584133 0.273296597363751
0.0252215822785776 -0.0243367519839516 -0.0295894612649811 0.0630706404320884
0.0211866467051282 -0.0154774116970046 0.293447733949016 -0.182434945157303
-0.00191904455758757 -0.0141420324114548 0.0337795323465428 -0.526511003234408
-0.0128696537629764 -0.0134693070342279 -0.45230375942255 -0.240537912864975
-0.0242456147509827 -0.0068615594180343 -0.299107189775329 0.266260205852682
-0.0136814829134656 0.00562906358281185 0.0518333471475139 0.270329430012723
0.0077545726593132 -0.000704196428575939 0.122806239285803 0.0645015473309531
0.00559855694205176 3.62459091467838E-05 0.0470894468849043 -0.108877005738012
-0.00583823953782882 0.00798981828291188 -0.0367985969909939 0.0930674320634684
-0.0167580426773555 -0.00461519425619596 -0.0881816646679412 -0.0315803701034882
-0.00644762537690005 -0.0130992454286482 -0.073361913929946 -0.243519973229308
0.00851566055588406 -0.027868407214303 0.232816126591826 -0.24008582424808
0.0332564185369711 -0.00647848568513158 0.426047131227563 0.151859890383028
0.00245583486791962 0.0366440362927679 0.0663448165131568 0.49386000805376
-0.03131507799315 0.0128636287183927 -0.261979198539402 0.24915086045517
-0.0327142543632529 -0.00334396895678308 0.00376668198360916 0.0478932432990695
-0.0193070529966921 0.0199615811413926 0.310546745915677 -0.212368404378352
0.00351229139673526 0.0297209980478491 0.0207727087672977 -0.544600299766185
0.013565347356402 0.00276066320581772 -0.446489803052937 -0.227598054192367
-0.010679309196789 -0.015686563061756 -0.274426313154699 0.268450158527698
-0.0154755026962699 -0.00268149601781355 0.0616989267408479 0.264271085938078
-0.00999019500659438 -0.00350152712529314 0.116325470559113 0.0597986293553228
-0.015920522506602 0.00306915203288928 0.0314364189635796 -0.106945861570582
-0.00608292767109924 0.00792862769453137 -0.035607621868167 0.0930938032077258
-0.0178054236585877 -0.00736723532387183 -0.0864181505661852 -0.0262745644603948
-0.00823441925930643 -0.0164267394931816 -0.080965679666905 -0.237816201183087
0.00718207319858479 -0.0310632577630807 0.220313964377935 -0.246102827266789
0.0335278581906627 -0.00643100866982077 0.42886696051088 0.13358108137535
0.00380305742307694 0.0399695492044778 0.0871868087160771 0.492778889451175
-0.0331765575679797 0.0159997749838893 -0.259050727587084 0.261742745131743
-0.0353879260299963 -0.00290757812293874 -0.00818735001906659 0.0529433445270615
-0.022765623196375 0.0213118264409522 0.308822467283296 -0.197980662364664
0.000970418888431638 0.0330272329694478 0.0428154793801032 -0.540339106897031
0.014595678038936 0.00568177825691369 -0.439884446934331 -0.247735742878217
-0.0105436592677378 -0.0190527409025445 -0.288383334277668 0.260183783383674
-0.016280492521125 -0.00698018223099612 0.0535424237219867 0.269135982023317
-0.0117858824881025 -0.00589525114303422 0.117158903676272 0.0661081331286263
-0.0164542365183106 0.0028225096132935 0.0332476624669784 -0.105849852227036
-0.00542926756484244 0.00787155354488773 -0.033117043393614 0.0936737836361636
-0.0170617248714923 -0.00940427392622426 -0.0843666583994091 -0.0216130241085849
-0.00905325575169562 -0.0178810526444208 -0.0858834428385769 -0.232433673956276
0.00535096756629235 -0.0320212296491266 0.206880878411487 -0.252172906019515
0.0312839843600762 -0.00837161456178394 0.428557527122376 0.117991354550352
0.00400566507668521 0.0385479605293802 0.104125452436313 0.491880793537956
-0.0312750329839498 0.0148327342513786 -0.258251115987544 0.275574965485307
-0.0325706446326903 -0.00367664824583687 -0.0208842430251983 0.0584063377594269
-0.0215407478742224 0.0184655012760305 0.30503145973026 -0.184031753480962
-0.00117142083955573 0.0321312144691017 0.0589942675897549 -0.536487637552893
0.0134258897475794 0.00591865942040364 -0.436898801523477 -0.264637204806506
-0.0105560904283317 -0.0204101632387813 -0.301397532431404 0.251866360391459
-0.0167187348536624 -0.00981793588007847 0.0457100156189997 0.273980987922029
-0.0113769151700403 -0.00785706181710722 0.118323042168083 0.0716271635938548
-0.0159161067690415 0.00236744337919535 0.0364188752484882 -0.104980016995065
-0.00291751954428513 0.00699217811799644 -0.0306832092940897 0.0933903000620664
-0.0151598623021083 -0.0103973833670702 -0.0812166009076843 -0.0189104738625931
-0.00883230744122824 -0.018177084707157 -0.0887160821058625 -0.228470263167451
0.00317691409539585 -0.0311881880026414 0.199197795760793 -0.254339653477885
0.0276467824472648 -0.00995390405182033 0.427653186269981 0.109812359653489
0.00348418434064631 0.0329198995815149 0.11137619356921 0.492088976422381
-0.0261122796317613 0.00964335125946596 -0.259560687272601 0.285092863310987
-0.0248046462425112 -0.00721432380195608 -0.0315885670444418 0.0633661251916175
-0.0161310028741161 0.0133764871218374 0.300345278297184 -0.173015069775075
-0.00273377106171828 0.0264696430102665 0.0713329792601819 -0.530124549518406
0.00978266854648206 0.00493863408620011 -0.43111947875578 -0.27551873255716
-0.0120579672200653 -0.0204465156228214 -0.310537782448789 0.246742881364605
-0.016386904994478 -0.0104040610027196 0.0395163381900973 0.277581283143199
-0.00838951727663219 -0.0091202742200813 0.118967122098709 0.0753181409526475
-0.0123468903382495 0.00143416976751023 0.039499790550551 -0.104154184117086
0.0011190070077088 0.00603731719924508 -0.0273592478231311 0.0935699703209623
-0.0125632945250226 -0.0107405975091798 -0.0786099454955739 -0.0181009821456293
-0.00835555869648854 -0.0168230065038514 -0.0890623108029337 -0.227198077327876
0.00118538329685765 -0.0288983897801511 0.194775923049077 -0.254567171779946
0.0222170842259926 -0.0127871748823554 0.424765055958204 0.109596693517798
0.00126609154214877 0.0245709153268295 0.112928384005762 0.495353381316676
-0.0186258687352423 0.0017748165553909 -0.263347612358666 0.29031660786102
-0.0134240170416665 -0.0114309086934011 -0.0381044040308061 0.0661960751782959
-0.00786993848322742 0.00656266415566471 0.296034084183994 -0.167486466028349
-0.00325423091150291 0.0177407611397791 0.0724404967544301 -0.525441228986093
0.00516419933717948 0.000732188074361095 -0.432323783133869 -0.2773247169874
-0.0149403700521983 -0.0190301055344333 -0.315056332879667 0.245774099969732
-0.0163723935022967 -0.00852757443930578 0.0388991251534112 0.278795461881033
-0.00535164525811856 -0.00883056272644163 0.120742890977554 0.0767427598885789
-0.00803359682499998 0.00144285418809868 0.042349413225933 -0.104344996694323
0.00499850788142559 0.00520784588509315 -0.0238677434499158 0.0932442787407768
-0.00880783775008617 -0.0098106375098332 -0.0761474976815439 -0.0200913678567562
-0.00642412614132309 -0.0140636777004957 -0.0875417372469775 -0.228780693441939
-0.001149442499206 -0.0247069424863895 0.196280339337288 -0.251973221496667
0.017291799103919 -0.0152290757647814 0.421571130629932 0.117073566771027
-6.72454960251789E-05 0.0142896122019138 0.106039559894869 0.49822796433797
-0.00993429660751568 -0.00784235214136811 -0.268678186204166 0.289822732402151
8.89333156889262E-05 -0.0156767933192536 -0.0400130765289441 0.0671008742183598
0.00231770579229794 -0.00121473686103158 0.293357613216976 -0.16705410141688
-0.00300870251415585 0.00701870257066763 0.0648990926875632 -0.523316672010536
-0.00158876766820688 -0.00360955808138095 -0.436110029276907 -0.270457014575305
-0.01906980753613 -0.0159203125747876 -0.313586487044452 0.250640131613062
-0.0161186682213902 -0.00527912305633054 0.0416576038810437 0.277406520905028
-0.00123394228348025 -0.00696425653349679 0.121586722667437 0.0743509633933919
-0.00307567781471364 0.000362241364443154 0.0444241691116459 -0.105704279056236
0.00921281186709998 0.00407375746084983 -0.0217640524958481 0.0937661077188561
-0.00489302269891124 -0.00744272047155956 -0.0754067707881691 -0.0237894252090781
-0.00455771475511303 -0.00970355747251348 -0.0832630809619454 -0.233384039318376
-0.00231085217658042 -0.0206506813795349 0.202061759470722 -0.2476728780914
0.01157433380475 -0.0187327548018169 0.418449253913911 0.130947761098818
-0.00152989969662436 0.00210959376728321 0.0921010776681612 0.503405921735634
0.000258551321601387 -0.0181719784686484 -0.274410526250724 0.285329341757463
0.0140381522672259 -0.0209191739646302 -0.0369578479131383 0.0662852596699627
0.01312385291602 -0.00976071943498793 0.290959166835958 -0.17304681056024
-0.00264567538887176 -0.00557920455595353 0.04966928226179 -0.522357885665626
-0.00824434946951535 -0.00872281547285598 -0.443184288726709 -0.256155609559588
-0.0222636949081736 -0.0115983872142435 -0.306535999978088 0.25792816764783
-0.0146882672933604 0.000197896932990063 0.0467065887977866 0.274435116093347
0.00303422583239258 -0.0040461824631066 0.12271490570554 0.0705374324386972
0.00177663656576579 0.000421491308939819 0.0461165308978956 -0.107252005060389
0.0125566885477403 0.0031740511046013 -0.0205310632470749 0.0930625069472593
-0.00248290031739282 -0.00473146288712313 -0.0751663223715582 -0.0295737989627689
-0.00345738659080769 -0.00525581617951298 -0.0768676416855207 -0.239388163168977
-0.00327218488616029 -0.0162229925629847 0.213736358321247 -0.240285646338515
0.00787400488888797 -0.0214143547201044 0.414420315104091 0.149741136139088
-0.00240536756959644 -0.00749536841206888 0.071312131381451 0.508639923452683
0.0090355067162583 -0.0255665810463679 -0.278988714218819 0.274909111756378
0.0249386691315979 -0.0242656961698654 -0.0284053159874223 0.063127670154792
0.0209741209469033 -0.016401079750124 0.290375854712392 -0.185027137053078
-0.00219144201637492 -0.0144069386310186 0.0278721697523282 -0.524316189741709
-0.0134757364465232 -0.0128027865075777 -0.452388594257384 -0.235110292807757
-0.0243487907255279 -0.00624982220434806 -0.293906372840598 0.268309033999909
-0.0133169559833113 0.0059657363731436 0.055788901860005 0.26902946301116
0.00726236865621305 -0.00067693380231492 0.123815680333644 0.0632651027789269
0.00603654955666843 0.00037001788081426 0.0462104496798643 -0.108967475467121
-0.00580620868549886 0.00789432626271558 -0.0359271587296447 0.0924005406736837
-0.017623789893915 -0.0047406017002492 -0.0882680471308469 -0.0313713544409
-0.00682533344807141 -0.0132737443733902 -0.0760926379550376 -0.241127159292239
0.00771646652788158 -0.0283454331135271 0.228619530866584 -0.240380307414731
0.0331175930400947 -0.00662760365163029 0.424465530167531 0.14567466117668
0.00295739689169346 0.0367418747518421 0.071782931982429 0.490465217752682
-0.0309274048825456 0.0131207216360288 -0.257153924736332 0.250341180333863
-0.0323022348765534 -0.00295514589844271 0.00468525492429902 0.0475310244672492
-0.0188191493743298 0.0195589837218477 0.305994369431012 -0.214020954684974
0.00387231741917214 0.0291994403468254 0.015769368452648 -0.542079083886325
0.0134107469124423 0.00301914485237721 -0.448648249784279 -0.221280257102078
-0.0109447833297604 -0.0153990703073623 -0.269849712672701 0.27054383126466
-0.015301023880694 -0.00225755301170011 0.0640857337473415 0.261714998996591
-0.0107273510968303 -0.00326738917564985 0.116854949616657 0.0587597992220778
-0.0159348099277139 0.00343432094281365 0.0302473739851052 -0.107438473347847
-0.00605699286592308 0.00793866808973923 -0.034091201411469 0.0929932271221434
-0.0181169739074571 -0.00740461138598099 -0.0865966943326121 -0.0255004706034003
-0.00803825789290758 -0.0167523604479595 -0.0831882437029222 -0.235200722815099
0.00656675259129975 -0.0310794436444077 0.216150862924939 -0.247561180313462
0.0332602880465572 -0.00712498862935529 0.427762091835875 0.127503290767714
0.00386000284107344 0.0398880320377881 0.0907287077381092 0.489238143598091
-0.0332899924371319 0.0160653326952415 -0.254797914585211 0.263380536688605
-0.0350346022719608 -0.00237041491152842 -0.00784674989834064 0.05318460717506
-0.0221717053586013 0.0206288530075258 0.304658111098441 -0.200033479656495
0.00165412697845796 0.0325040612643772 0.0356170210254571 -0.538484438019544
0.0148206903349647 0.00539742080904945 -0.440977792729493 -0.24217037041273
-0.0100909003876654 -0.0185877490330405 -0.284498296816333 0.261169869324841
-0.0159944398004411 -0.00684959166187931 0.055779081508112 0.267541285344708
-0.0116080171811202 -0.00602350305315796 0.117659455622694 0.0649179865590563
-0.0166180513277952 0.00301595415953345 0.0322515417571053 -0.106220264101161
-0.0051544233005601 0.00756877339798054 -0.0321838153848802 0.0935709093882218
-0.0175998544045857 -0.00910615414146793 -0.0840307047523921 -0.0212011220799338
-0.00922980739781705 -0.0183333764568095 -0.0889738177255476 -0.22966894965048
0.0045818292298209 -0.0321879627039607 0.204104418042297 -0.253217878609559
0.0312142550431216 -0.00813625076127468 0.428003746785748 0.113417563382114
0.00430688260269646 0.0383269248219713 0.108077795283741 0.48844287049944
-0.0312606859732705 0.0149448085844087 -0.254519868039677 0.275695428113803
-0.032420097555676 -0.00346688113297431 -0.0202314125446991 0.0585182187865024
-0.0213875922751073 0.0184860338595732 0.301656905522435 -0.185958738742416
-0.000708390198037444 0.0319414558058489 0.0536462028550426 -0.534052906575872
0.0136198163964594 0.00607530723571435 -0.435468814198597 -0.258617565953847
-0.0106966383649684 -0.0202489428011313 -0.297517380378364 0.253830536802166
-0.0163108996770579 -0.00994117694701402 0.0489051468823104 0.27230258236863
-0.0113239195140978 -0.00822908239812482 0.118779092929118 0.0707987776124458
-0.015494981253454 0.00315548405818834 0.0353499379611114 -0.104693357527689
-0.00250878576841118 0.00725647120550093 -0.0299466861436578 0.0930396974128012
-0.015994308617828 -0.0100039037910388 -0.0814603180470497 -0.018470715928336
-0.00897337090026147 -0.0181498311731279 -0.0908941128133077 -0.225924204728813
0.00246505346407238 -0.0312780896752824 0.195562731006373 -0.254787592521465
0.0271769444485147 -0.0103296611749865 0.426665525313847 0.105195092753987
0.00332461761388195 0.0329099304485711 0.116460857835978 0.488812615613128
-0.0262159382431546 0.00983249386287684 -0.255403203488381 0.285105521814195
-0.0244748508156215 -0.0069323991789118 -0.0305422848167821 0.0631474715031631
-0.016027012145812 0.0132803164159568 0.296989854783126 -0.1746104041258
-0.00224011583513462 0.026116624217094 0.0650019773206309 -0.528390695511632
0.00986240711737681 0.00441809286109752 -0.431821510363858 -0.269360509874521
-0.0123663266782473 -0.0202252181358945 -0.306715864633994 0.248889771837984
-0.0165134898806186 -0.0105113461956474 0.0429481774456256 0.275528138770308
-0.00898032366155017 -0.00918460098473362 0.119478921440986 0.0743154343261198
-0.0125269079707972 0.00183985766090701 0.0382553644325656 -0.104041194316642
0.000971236007783275 0.00604684987098969 -0.0265321461908916 0.0933959977135225
-0.0130334336124374 -0.010316311151173 -0.0788600735360641 -0.0180693011788776
-0.00839025221534949 -0.016958173329557 -0.0914167751321173 -0.224592325995055
0.00028137619253287 -0.0290289742283693 0.190642244170619 -0.255148127043073
0.021774032956413 -0.0128077021176108 0.42451739316612 0.105286450714957
0.00188117550390582 0.0243780903194123 0.117640107135209 0.491598391956471
-0.0190082803770995 0.00165755711020462 -0.258544972536454 0.290588529565246
-0.0131634009291643 -0.0112747189799594 -0.0369074049414285 0.0662348237151799
-0.00748221914116052 0.00624275202955906 0.292732278803575 -0.169519779332164
-0.00254552021055639 0.0173953719040966 0.0669839708352402 -0.524828213793925
0.00457035219376661 0.000915452090354155 -0.434041939686817 -0.271264684458002
-0.0154969080551466 -0.0182657404812131 -0.310515865871668 0.248187558432909
-0.0162889366626303 -0.00865674947019958 0.0413227506652887 0.276976245769363
-0.00542395050822567 -0.00873570570509336 0.121057726343694 0.0752695446505402
-0.00817944550603189 0.00116581385771204 0.0411354588890196 -0.10421553631083
0.00504617433475052 0.00496687272956407 -0.0231820879445545 0.093498051111708
-0.00945671918577615 -0.00936800480633585 -0.0760928475965153 -0.0196971456022065
-0.0069826629098549 -0.013922905530051 -0.0898765342621703 -0.226916712371474
-0.00144875120906772 -0.0250451117433413 0.192582092099489 -0.252625997482533
0.0164587947733703 -0.0151842480188866 0.421153535712948 0.113121486100415
-0.000347197460976542 0.0141004760514794 0.110306002613222 0.495375292207344
-0.0105030273187746 -0.00797130234624441 -0.264458471750635 0.29111295295061
-0.00040152756272654 -0.0161649506089635 -0.0390504256459287 0.0671088540622734
0.00246171519911926 -0.00174903685444505 0.288815152332815 -0.169552547644786
-0.00251734542722344 0.00618849947170829 0.0596021649595354 -0.52255056626819
-0.00156901295552116 -0.00318839376752393 -0.436981034503867 -0.263773784512864
-0.0189338302663693 -0.0155623310329208 -0.309191573315065 0.253001636844827
-0.015697222069273 -0.00517895260641397 0.0440018669587277 0.275803212676718
-0.00139385707854353 -0.00672379553678536 0.122292702608069 0.0732377749414278
-0.00380432266003322 0.0010517733365632 0.0431975965170587 -0.105530008582931
0.00920306172270676 0.00395038500070504 -0.0207157160576322 0.0929098008088848
-0.00530764316169342 -0.00733928364637578 -0.0753291688250396 -0.0234648823867179
-0.00521181015779835 -0.0100792604202574 -0.0857023963644704 -0.230872735741184
-0.00286752644445384 -0.0203176958166322 0.198102876838717 -0.247696217416566
0.0111746923232944 -0.0186287201667555 0.417952002829217 0.126313291523668
-0.00242926625752537 0.0022856936388442 0.095899199612453 0.500211080885812
-0.000175572357301326 -0.0180138263179454 -0.269409935053116 0.286197315099222
0.0139346607750265 -0.0210185578386591 -0.0361571471662941 0.0660815522395094
0.0129083457776635 -0.0104048373689359 0.28771578775672 -0.174614841697085
-0.00204239280151562 -0.00552683567606174 0.0467893304589062 -0.521020167161939
-0.00827033274179535 -0.00855979579415097 -0.443335784505214 -0.250660098728076
-0.0221198866835174 -0.0108832002002921 -0.302993425121001 0.259889306979532
-0.0147710894786007 0.000232349752056679 0.049838792066036 0.27247434905394
0.00319196383106334 -0.00415559148677346 0.123651575166001 0.0693152580589239
0.00180329405440112 0.00062152414249551 0.0450548546145406 -0.106823382419558
0.012154153465339 0.00290416566714916 -0.0196466313270812 0.0927861827694527
-0.0024290357015891 -0.00503525276597989 -0.0751098385183805 -0.0292117595786524
-0.00359588363181028 -0.00581323866507875 -0.0787109314463503 -0.236444310598541
-0.00355010956732732 -0.0162996879379666 0.209331914808162 -0.240272145107272
0.00800986510678084 -0.0210701311720829 0.414655252049184 0.144965239679769
-0.00262052176087033 -0.00746651225698759 0.0751995696908152 0.503986184004846
0.00775318059436877 -0.0256774744451797 -0.275279233475818 0.275400789175364
0.0243623465844362 -0.0246104691510367 -0.027309152068756 0.0622896106318563
0.0206806991167969 -0.0164531760295663 0.287235194819898 -0.185929875254216
-0.00190623644855734 -0.0145547873216877 0.0229614387553487 -0.521881000590859
-0.013243517224366 -0.0121640021080445 -0.45258906786357 -0.228492018364908
-0.0244664165605395 -0.00594678149557712 -0.290061408574734 0.269681868219883
-0.0131773948891554 0.00587189087170088 0.0582700324509203 0.267081818167867
0.00671535327305853 -0.00120261019278411 0.124357097474602 0.0619242783721247
0.00551585123901363 0.000443905048730741 0.0450782260371478 -0.108549635204028
-0.00536281971083593 0.00763268565621618 -0.0343136949647388 0.0916409857879409
-0.0176641614943735 -0.00431653135367275 -0.0879200062689684 -0.030970691864795
-0.00764085022086199 -0.0131776048422728 -0.0790293248077189 -0.238943142710619
0.00722433575658623 -0.0283206540410305 0.225312066659663 -0.240949127119784
0.0331618826581629 -0.00654425236896514 0.423830189547585 0.142583587786401
0.00311633810150122 0.0363790140412042 0.0752815856900334 0.48701134036651
-0.0313181093114428 0.0133095479542448 -0.254215717967115 0.250767201211638
-0.0321421104903995 -0.00291579528677471 0.00490414517165387 0.047185774552578
-0.0183999981480071 0.0193807593422931 0.302993808561367 -0.215029294417209
0.00431687285605586 0.028532425985204 0.0114043023702962 -0.539382064077685
0.0135296266155817 0.00267800787830185 -0.446644557378817 -0.217519988920017
-0.0110403286049187 -0.0150622172736068 -0.265520473131277 0.270663300499477
-0.0150320584377438 -0.00240449453329911 0.0665020637541022 0.259684592054925
-0.0106851294866074 -0.00289628168447316 0.117058829983649 0.0576384753852131
-0.0157101829206753 0.00389534512983449 0.0291861563496551 -0.106341750085856
-0.0062269782873846 0.00815327105465805 -0.0335685793373185 0.0925888059877108
-0.0184524594527664 -0.00684385301663027 -0.0862637195640062 -0.0253280572885537
-0.00864560903488389 -0.0162827781700862 -0.0852347078674472 -0.232824522532993
0.00629749843721525 -0.0309344787885685 0.213031989440009 -0.247589143046159
0.0330828263721831 -0.00725696377114519 0.427086332375474 0.124075806628529
0.00431017920581805 0.0396518436287536 0.0951777517335956 0.484531993887437
-0.0334417528243817 0.0159871090966297 -0.251086377745347 0.263439723310584
-0.0350350296574281 -0.00249884778298463 -0.00713990397715472 0.0523810331838766
-0.0219789536411313 0.0207768623193891 0.30196436453552 -0.200729755418269
0.00199993176351513 0.032504350125159 0.0319081351230462 -0.537027673327093
0.0145366190827639 0.0057577775147377 -0.441409145922494 -0.236349415388374
-0.0103155921132001 -0.0181333783359924 -0.280126843024151 0.262360846845365
-0.0163239855766036 -0.00680506763886962 0.0584101483334894 0.265696282063725
-0.012627134606778 -0.00623393703007065 0.118388680758086 0.0641714284854807
-0.0165381157099467 0.00352120563428505 0.0309941958992293 -0.105200207940148
-0.00502463231685841 0.00753153400373603 -0.0311887077344947 0.093086926651754
-0.0181312431215413 -0.0082884476632381 -0.0840655578151035 -0.0213414085855297
-0.00958056560854155 -0.017817133349012 -0.0902413398782265 -0.227178894236564
0.00410124568899776 -0.0321859471635684 0.200058816535676 -0.253134670228941
0.0304082029977802 -0.00859989503817286 0.428037943415003 0.108789048378547
0.00417907116615955 0.0385973547365132 0.110746986912752 0.484137179920129
-0.0308111470608308 0.0145906689470356 -0.250426752524655 0.276069841057566
-0.032433113996287 -0.00356080566104699 -0.0193346267825108 0.0576822798951611
-0.0209630925420285 0.0178594409043809 0.29845310983976 -0.187609841989442
-0.000289045202767624 0.0310998726357964 0.0491933996445035 -0.531327690414784
0.013465928454572 0.00606518070188928 -0.435709675496171 -0.253673282318436
-0.0111549343755905 -0.0199045579146049 -0.292704564988875 0.255500432043894
-0.0162228079459561 -0.0093914772928809 0.0507834797577491 0.270660803020551
-0.0115498863500136 -0.00810728935166982 0.119561254164133 0.0693892378581166
-0.0159925388502504 0.00288072256514643 0.034212403966576 -0.104069694659987
-0.00253188754911615 0.00697502967313172 -0.0285355168378665 0.0929980590663355
-0.01628307411212 -0.00965771349584543 -0.08108878814867 -0.0184631811582829
-0.00990888128148583 -0.0182813570182756 -0.0932354609120719 -0.223293933606112
0.00157062940897992 -0.031366791293822 0.19170878567428 -0.254672922744981
0.0270944481041432 -0.0104046057178834 0.425208827626994 0.100683893412826
0.00316385407687795 0.032668531876203 0.119696347600214 0.483900024176812
-0.0260320519325709 0.00966475340367041 -0.251607985040704 0.284853531923587
-0.0246838729825706 -0.00677635926562439 -0.0300238653134362 0.0625507619857131
-0.0155825621896942 0.0125624904779224 0.293282886598533 -0.176131186697942
-0.00154391580736396 0.0256688593556852 0.0603575691274282 -0.526829889506582
0.00963423073105436 0.00501063519858035 -0.431764546874518 -0.264528765346242
-0.0128641115836995 -0.0201378921601415 -0.302842527758832 0.250604288879509
-0.0163768676039269 -0.0102572165945038 0.0457576071700235 0.273689336622399
-0.00983856464677223 -0.009431468684826 0.120656869266348 0.0737847128363904
-0.0129724734172159 0.00204427001100998 0.0374164494730172 -0.103733654052967
0.00124839183119249 0.00592704997746724 -0.0252604432188369 0.0926376797913191
-0.0129563475644455 -0.00977229339297596 -0.0784325165824883 -0.0177128940539364
-0.00848039014656511 -0.0171950354508059 -0.0936422002439336 -0.222664307378239
0.000103335771348954 -0.0287720481005968 0.187813287204794 -0.255081892256074
0.0216679283870333 -0.0127740274281806 0.42307217930251 0.101067806761711
0.00195634239988901 0.0243193922465225 0.122974769857839 0.488056271378185
-0.0187088053776244 0.00199129800701758 -0.255727106809567 0.290537897005166
-0.0134848024086595 -0.0113561433446036 -0.0365383712502361 0.0663732903434806
-0.00726238300861285 0.0058972060189006 0.290018077867995 -0.171167075145474
-0.00243564953907782 0.0174047095337052 0.0619343645848204 -0.521978633048987
0.00420616172761429 0.00146354703261849 -0.432615024072457 -0.26580388420766
-0.0157368799616245 -0.0185013194298807 -0.306806282262233 0.249653270972407
-0.0160210440075143 -0.00878469529104738 0.0438664279760277 0.274692347770263
-0.00607604943635507 -0.00889190832644142 0.121385533257011 0.0741640558783772
-0.00852554679030399 0.00167736988857659 0.039927465401214 -0.103618300396737
0.00464556457416111 0.00465971223187576 -0.0221393313653658 0.0928361237093048
-0.00977083659858578 -0.00919092469875747 -0.0762860943093749 -0.0193288004443975
-0.00731328224812427 -0.0143000551885158 -0.0921884305344108 -0.224716938359249
-0.00162098616819342 -0.0252286802536966 0.189280831302213 -0.252741534082526
0.016504844814524 -0.0157659874177638 0.419172560144774 0.108269518550172
-0.000219156049567995 0.0139550405327483 0.114405256037941 0.491437792781537
-0.0104078114705059 -0.00780126220124027 -0.260778157493559 0.291808523489014
-0.000467497504752788 -0.0159860145437209 -0.0383861841929228 0.0673639005511436
0.00250677219520294 -0.00177894699053235 0.286107957197335 -0.17119183280428
-0.00252471195549716 0.00635958650121273 0.0536379953945627 -0.519389755480021
-0.00148717714708518 -0.00314309212491404 -0.437091737813542 -0.257904708910645
-0.0188383944091537 -0.0147980871716516 -0.305169547327254 0.254078385798645
-0.0156711586120583 -0.00487127816327572 0.0470439474840775 0.273674609940352
-0.00219595287383342 -0.00741079329856153 0.122656802160787 0.0724625897570243
-0.00356431849064095 0.00128179271249019 0.042293646452489 -0.105227448168068
0.009436942875332 0.00319928203460316 -0.0194870994671159 0.0923248534844658
-0.00587227543135432 -0.00739881395335006 -0.0753617911484439 -0.023522464999418
-0.00519844402109017 -0.0100861578981799 -0.0877858907583264 -0.228496733885685
-0.00326386672673874 -0.0208197921913538 0.194703873641588 -0.248155505310959
0.0107763821516287 -0.0186373992807553 0.41659690193492 0.121340485522879
-0.00224494731652224 0.00169552634337503 0.0999173615867238 0.496685833438122
-0.000601276385530741 -0.0181387932414109 -0.266315631530469 0.286343077034529
0.0139144121559954 -0.02141481252035 -0.0353443778883513 0.0657535287787423
0.013371198816609 -0.0105525914983035 0.284754294670767 -0.176411333347285
-0.00189564052904918 -0.00560521068511546 0.0413734784685723 -0.518773950648527
-0.007975886997797 -0.00845844832447853 -0.443025998608157 -0.244299218728303
-0.0226898419625299 -0.0106013236010743 -0.29851538157561 0.260807779765712
-0.0147412992752724 0.000640655899961035 0.0523133498619183 0.270914630885395
0.00296327286293837 -0.00451891603580132 0.123847157050193 0.0678284442596513
0.00134025300489473 0.000687845003613427 0.0436586378779979 -0.106849865330584
0.0121868853290052 0.00232574156951282 -0.0186504572904116 0.0917843272570026
-0.00289290100908441 -0.0048182744249098 -0.0754468744777413 -0.0289670466344299
-0.00338790862217262 -0.00571456067123867 -0.0813312391807919 -0.23387965374643
-0.00398366196296471 -0.0164922581414477 0.20601229443466 -0.240883570175172
0.00739370048224387 -0.021233933321706 0.413096480749541 0.1405044918906
-0.00302907788150357 -0.00729105410925255 0.0798509445965902 0.500353211003786
0.00764809873059024 -0.0258131252166567 -0.271457951382997 0.275439603916108
0.0241155583961652 -0.0252109122039948 -0.0269851196068642 0.0626134981628368
0.0209606202629322 -0.0167828425238382 0.283996585518982 -0.188167713677304
-0.00237572332118591 -0.0146062735385523 0.0188565812241697 -0.520089386775881
-0.013513025948174 -0.0120844187228495 -0.451170429738137 -0.222830385742192
-0.0243968816259406 -0.00538469306587374 -0.285760860727938 0.270963178979651
-0.0130446524034889 0.00600510495736139 0.0608577155442937 0.265313166806687
0.00617487346518779 -0.00105166634864868 0.124702604259157 0.0612369571497559
0.00463507539254832 0.000222979005964131 0.0437770374311761 -0.108303923107942
-0.00549354370271507 0.00743027866736713 -0.0338856759520071 0.0915849927440915
-0.0179801683986115 -0.00399132219772147 -0.0881322215262381 -0.0305381214555532
-0.00816315687723932 -0.0134484935887001 -0.080710361094553 -0.236034688246421
0.00666481279442903 -0.0287178787894139 0.221910230410936 -0.241129897379998
0.0328641936633162 -0.00693687119717012 0.422724340656789 0.138271083191539
0.00297394477074012 0.0365120925412089 0.0797160183631095 0.48358300281875
-0.0315350677013324 0.0131221824193632 -0.251228357566147 0.249911966874636
-0.0320087997576241 -0.00309922463946403 0.00488658853164238 0.0470891716860028
-0.0183315610827298 0.019300767824694 0.299842120719274 -0.21601694919354
0.00455513319133014 0.028171390166934 0.00688669534829232 -0.537256552156938
0.0132795704123231 0.00323800194796471 -0.446203147385943 -0.213617605492895
-0.0111991429719884 -0.0145936707871373 -0.261671076258181 0.271298906413152
-0.0149079150264838 -0.00212290355988438 0.0686089264213998 0.258461809372389
-0.0108983035368749 -0.00297195261124243 0.117779822322312 0.0573213370844602
-0.0160882427501197 0.0036664839272895 0.0280628795501047 -0.106419982080535
-0.00598313685292074 0.00778469688346884 -0.0326199531509602 0.0929564161241144
-0.0192419064537744 -0.00633555050253118 -0.0859800274683556 -0.0246325626941641
-0.00921226222816234 -0.0166658642450959 -0.0874660327018449 -0.230600135600426
0.00551935323846952 -0.0312406171669209 0.209792678505589 -0.248132337414883
0.0328973294195951 -0.00689962601549881 0.425023284983734 0.120101079674441
0.0039819982466234 0.0395349360033514 0.0969135517569299 0.481965370931759
-0.0332037890995867 0.0158376322193379 -0.248555114513669 0.262842115211414
-0.0344971846330263 -0.00228975205558305 -0.00713920007743684 0.0524239903734825
-0.0219230229719109 0.0201574568722173 0.29801945963689 -0.201487145994893
0.00215720155555832 0.031990529827079 0.027311471216844 -0.533142937460196
0.0146796080056925 0.00527794168671104 -0.440336316798581 -0.232428143259763
-0.0104884989910024 -0.0178558295179132 -0.276522279177304 0.26357268434538
-0.0161840712292299 -0.00688543010658833 0.0605725608836328 0.263892379487801
-0.0124857089362611 -0.00632408240530603 0.118127423761954 0.0631744705114624
-0.0170875460091105 0.00362465641738174 0.030073154240109 -0.104645820908943
-0.00542331689412401 0.00768939564791879 -0.0303106273879722 0.0926088430706753
-0.0178778748587025 -0.00810380671018665 -0.0830141373286067 -0.0207699612991911
-0.0103681227129237 -0.0181966640315577 -0.0926334165915176 -0.225011345771111
0.00338660411608821 -0.0322904849067908 0.196682954783482 -0.252860090065314
0.0303586887844609 -0.00870895408878548 0.425379060512864 0.104586050066026
0.00439283048588307 0.0380609973681842 0.11396322350565 0.480687615397629
-0.0306612161002005 0.0149355149432667 -0.24653336585798 0.275363732513348
-0.0322651377011397 -0.00350261974299398 -0.0190281248335213 0.058032785600579
-0.0210139876132303 0.018457350132173 0.294972287270847 -0.187977366568654
0.000175181359745064 0.0307851405207068 0.0438613442171742 -0.528907867391848
0.0135021001365577 0.00595930330818507 -0.434412478395877 -0.250066972627917
-0.011029665582843 -0.0197735972632532 -0.289744479592091 0.255840119876057
-0.0167335343813284 -0.00945117555883436 0.0524437333049994 0.26860243415565
-0.012264451712632 -0.00816694157832399 0.119064184815664 0.0683412947838188
-0.0161915398534598 0.00321963009166193 0.0331935805367289 -0.103790074431025
-0.00282606061622492 0.00641913270792629 -0.0275853489076116 0.0930409202038115
-0.0165648267785235 -0.00976308311269871 -0.0807560047874711 -0.0182943604937898
-0.0103335563781979 -0.018283663100439 -0.0952647413967603 -0.22153330679705
0.00181077455079474 -0.0313310249025245 0.188560956465504 -0.255006691700477
0.0264752722507205 -0.0106910389286251 0.423461061661018 0.0975650700100065
0.00342191451502887 0.032526459782104 0.123193505697011 0.481253576374578
-0.0262922492017904 0.00994648665744539 -0.247695716937964 0.285418611436113
-0.0244565374895732 -0.00724582403379934 -0.0291826459629223 0.0624851558118955
-0.015259251740036 0.0129742938964392 0.290176616693743 -0.176873136621484
-0.00149515813482516 0.0256318495586995 0.0568148448913492 -0.52345483264942
0.00957589087656671 0.00499214486941564 -0.431070736800362 -0.259804561321797
-0.0128802220852075 -0.0194197477736406 -0.298687140736069 0.251232312864582
-0.0166909258707572 -0.0102338084408156 0.0474936193262415 0.272415442184803
-0.00985628261468611 -0.00913516974821913 0.120218227540825 0.0726475718985008
-0.0134062762328785 0.00221154463417922 0.0360374175171238 -0.103239132550306
0.000834468595685707 0.0057981523798777 -0.0242039771893851 0.0929542012391995
-0.0136697457661343 -0.00911985153167446 -0.0782592812720858 -0.0175100878319774
-0.00932783798913417 -0.0168039467221032 -0.0958750775694777 -0.220256894737412
-0.000731576515425991 -0.0291055701830288 0.184473215929478 -0.254851793027394
0.021452882603004 -0.0128825144926534 0.421843719029996 0.0979918818720621
0.00175823644717322 0.0235504577674046 0.12528873929409 0.484386118313663
-0.0193054786093466 0.00153544186701951 -0.251392324749188 0.291147880898427
-0.0134319952777004 -0.0112926789950339 -0.035803170698776 0.0656799987459073
-0.0074349709439709 0.00605600458535996 0.286554675046513 -0.172116854639412
-0.00222682896567248 0.0169438105827124 0.0584466225450157 -0.519938466172347
0.00452625723305856 0.00157347781889244 -0.431961590508627 -0.261667425409754
-0.0161035107407746 -0.0176817606430296 -0.303551041744562 0.250674558661747
-0.016250677607439 -0.00829409247678118 0.0460667955034103 0.273519788812703
-0.00670338472326459 -0.00894522824289107 0.121957951346677 0.0733479344372727
-0.0088308958743979 0.00158595730932108 0.0390465477638667 -0.104157850552216
0.00540592008592245 0.00416578923316264 -0.0213411201011933 0.0923755992546867
-0.0102926566753201 -0.00880568219107164 -0.0766038487171127 -0.0200014918033126
-0.00755231238975202 -0.0141052347092547 -0.0936307122099957 -0.222093117596139
-0.00165457548117672 -0.0250935533559619 0.185923164426995 -0.252306402135325
0.0160716414739054 -0.015496735975065 0.418605247334864 0.10459273532603
-0.000681782293596915 0.0137471066891493 0.116668068310004 0.487715619272537
-0.0105001933544393 -0.00825290278986092 -0.256592779163364 0.290569058226208
-0.000410904691910117 -0.0164121468278011 -0.0379212048197121 0.0666112818462193
0.00236211894441464 -0.00165981545685256 0.283890686152485 -0.171991229174566
-0.00184396080630113 0.00630654688065059 0.0508255820111367 -0.516990525409771
-0.00170972860757364 -0.00346437104944039 -0.436035915180779 -0.252809561395224
-0.0194022330970026 -0.0147843005464798 -0.301601366450794 0.25566616259111
-0.0151779339410017 -0.00470554242864686 0.0483399783744786 0.271663885504483
-0.00241627775158635 -0.00742610236160292 0.122784260806721 0.0714726284292136
-0.00426653111080486 0.00133047901300531 0.0410045210201786 -0.104852712517496
0.00946003939477772 0.00293319781136644 -0.0184974692031075 0.0919138954726218
-0.00616743311412521 -0.00694705173678685 -0.07516624857749 -0.0232472770905145
-0.00560619091538737 -0.0103530970829998 -0.089478159262699 -0.225880160760177
-0.0034975544781888 -0.0208485675063113 0.190818334368784 -0.247709651336377
0.0107976351283107 -0.0183860962437233 0.415663400860834 0.117820207377429
-0.00243858080354482 0.00233195802671651 0.104563344517638 0.492405779184568
-0.00131473692513621 -0.0185165536831969 -0.262200567698765 0.287039223196494
0.0130365539308309 -0.0213810206787748 -0.0344104346025606 0.0656506318780602
0.0131686418507687 -0.0105783867854348 0.281311282661842 -0.176933576963568
-0.00193843963720026 -0.00529160698201798 0.0378235587080201 -0.516555328826744
-0.00872657366912792 -0.00788107353042978 -0.443163397930663 -0.240870272779218
-0.0226407419169891 -0.0103425479005331 -0.29621330444389 0.261726695824897
-0.0143173127979796 0.000327406813783897 0.0537936576190646 0.269062257331482
0.00216850883677808 -0.00490693683113114 0.12359947083882 0.0668992039879424
0.00111512912606258 0.000436262264500198 0.0429398990499721 -0.106695945797058
0.0118485672251316 0.00216987182393422 -0.0176075071271998 0.0916875094522422
-0.00330756432289129 -0.00410898001347089 -0.0748928782548994 -0.0282407821331363
-0.00383915697487929 -0.00609716577874271 -0.0835288193186468 -0.23131050892414
-0.0041233942393285 -0.0164790898371904 0.202313502345519 -0.240581032082042
0.00733051671241815 -0.0208879179335269 0.412721323699751 0.136571305469866
-0.00306766542726145 -0.00697571105391478 0.0822647716370182 0.497157239364125
0.00706091990214744 -0.0260249879894651 -0.267207619949296 0.27577691793323
0.0239232617060784 -0.0255138865355463 -0.026721882146488 0.0619831480210177
0.0203721499309682 -0.0174105507103375 0.28113232697187 -0.188938152717256
-0.00178455202125653 -0.0148752445577681 0.0145482166917579 -0.517459192966442
-0.0129247728081893 -0.0113453658272352 -0.449839965442506 -0.219558341942218
-0.0244687404788359 -0.00511727588306191 -0.282040679326232 0.272792185578366
-0.012680458335317 0.00557243962028626 0.0620962878339326 0.26302903544154
0.00648988661185612 -0.00115806456832451 0.124853099324113 0.0598624577543719
0.00475459936414316 0.000487957815961878 0.0425942531531928 -0.108430890080818
-0.00543512796315507 0.00743302447915188 -0.0330807076379582 0.0915070131852693
-0.0179211596163644 -0.00345017414671269 -0.0879409680873328 -0.0304157948476145
-0.00821267431289765 -0.0133360063100341 -0.0818467485733653 -0.234242889935999
0.00623575752142188 -0.0282512215111766 0.21970401447085 -0.241443996500103
0.0327515403051248 -0.00707242161314776 0.420859202883031 0.134243541832034
0.00322823103629405 0.0360942056081231 0.0810239930617269 0.480890535881216
-0.0310067829074082 0.013166592095399 -0.247581284588339 0.250672839897296
-0.0321065502695503 -0.00300205266204656 0.00496501442933944 0.0466251806914208
-0.0183093778561807 0.0192272156181436 0.296385938486851 -0.216799143800094
0.0046037603934988 0.0278994706581766 0.00273676815073901 -0.533457291448164
0.0134384876286905 0.00324347227017855 -0.444031787165094 -0.209307009359246
-0.0113153768597267 -0.0144223159322201 -0.258864961652004 0.272202424032594
-0.0151415015043937 -0.00213975685530525 0.0703212520250956 0.256791760375304
-0.0110175838022054 -0.00282653559197493 0.11703568065404 0.0562987358119389
-0.015828950448418 0.00465049612693489 0.0274726444557383 -0.105996356163301
-0.00596346414296535 0.00771457336553802 -0.0321548437252268 0.0918865048599649
-0.0191404407135607 -0.00591092469717612 -0.0862464042873482 -0.0246923795040687
-0.0092775855399221 -0.016586180706255 -0.08905965051775 -0.228063398497307
0.0049515389424081 -0.0308819284104891 0.207076324606609 -0.248142011177049
0.0328751652272326 -0.0074392420622709 0.424021372755287 0.116466916748792
0.00420253584287504 0.0394665470196763 0.100202449887106 0.478678441909259
-0.0329633572209181 0.0159233916089851 -0.244676535276906 0.263295727787857
-0.03453868022506 -0.00264180037216295 -0.00685701314439864 0.0520676625011907
-0.0212643918914534 0.0203905435791457 0.295774222450267 -0.203299825442797
0.00280016370025713 0.0315492327676357 0.0246961107992088 -0.531986537837915
0.0149665483530771 0.00572099180387509 -0.439413652676102 -0.229420595614243
-0.011081577011585 -0.0177381582991293 -0.273674159927695 0.263361162333267
-0.0158475942831453 -0.00657471415616804 0.0618686396957492 0.262339601068686
-0.0130274108530922 -0.00562273468782645 0.118401155547147 0.0625928560030393
-0.0168549106788568 0.00400041051666596 0.0291454978974249 -0.104719523820406
-0.00491718439415721 0.00742823693452317 -0.0294307549650757 0.0919593886152883
-0.018835095202577 -0.00788147182251585 -0.0835622640919752 -0.0207922115049174
-0.010646147367495 -0.0180294029405066 -0.0932074298686685 -0.22265794077763
0.00287681060030094 -0.0321859288745372 0.194675813425819 -0.253171200232595
0.0307423755027111 -0.0088884112166351 0.424865641066863 0.102732820034469
0.00473219339273831 0.0381326452475501 0.117190002764447 0.476485242322792
-0.0312417196579947 0.0144017352210301 -0.244308609594973 0.27584488113981
-0.0321345816839973 -0.00401296203781649 -0.0188025562543169 0.0575224814298886
-0.0205815243122128 0.0179056868050205 0.292413670318522 -0.188941221605547
0.000314487686391116 0.0306984047392948 0.0404036259106038 -0.527921412762549
0.0136896365630245 0.00623122630313873 -0.434608268606148 -0.245456459923736
-0.0111896037168838 -0.0196175063980111 -0.286820284483057 0.25696576381438
-0.0161871071133393 -0.00940885388795426 0.0545130960908859 0.267579323878359
-0.0122411449551381 -0.00794604828452194 0.119692734714734 0.0680793283311958
-0.0160896374971045 0.00356981797937604 0.0324373980672961 -0.103635692081384
-0.00257757795112789 0.00680615043581927 -0.0266584091343464 0.0920962191037139
-0.0165794363541921 -0.00862913364563912 -0.0809374541650124 -0.0182064362848269
-0.0104710818125554 -0.0181559096049453 -0.0963450481485462 -0.219297446207262
0.00114737116217804 -0.0315808944126941 0.186015003237394 -0.254339684228185
0.0266798673650103 -0.0108267384049027 0.42249738838451 0.0947109141214543
0.00365862919025292 0.0324942700875038 0.124686869934661 0.47702832744202
-0.0263849062972712 0.00910480765597371 -0.245076653232087 0.28506172581961
-0.0244131605910061 -0.00683775721751011 -0.0291773965194502 0.062166737848867
-0.0154212635578557 0.0129026422636874 0.287686137345167 -0.17750181091437
-0.00109033636466294 0.0256746225400284 0.0528083694798745 -0.521179390179555
0.00947684991043482 0.00497501312172714 -0.429755279016165 -0.256322476263668
-0.0129823432492302 -0.0196308363581956 -0.295841950390553 0.252034727293566
-0.0163650102127885 -0.0100285835434313 0.0497945360311455 0.269258326769002
-0.00998070028256121 -0.00906232638542432 0.120726593728821 0.0715955879933239
-0.0127064164110551 0.00314705945331626 0.0354578216707461 -0.103260666786745
0.000886339077230578 0.00543148615623493 -0.0234505657088945 0.0924757090923525
-0.0139968233826051 -0.00915997172256694 -0.0776865941709661 -0.0176280006283175
-0.00938084963737352 -0.016838612145254 -0.097195146369994 -0.217847736779865
-0.00111387849059967 -0.0286818161857165 0.182482890084314 -0.253910207964167
0.0213998219818219 -0.0128124065227916 0.420944941325932 0.0939759412716479
0.0015141084487294 0.0240715533425325 0.128410288070951 0.480488333748443
-0.0192167446039749 0.00098382547453505 -0.24865602205327 0.289962380994995
-0.0135964661026588 -0.0113144415676666 -0.0351422700598558 0.0653114912105732
-0.00735497868544102 0.00555328053256899 0.284851060387602 -0.172386408967551
-0.00205812674437091 0.0166868050959368 0.0550612255672997 -0.517729214152996
0.00446343544262616 0.00147561803110201 -0.432225151068622 -0.257338960070909
-0.0157458677541707 -0.0176890575665226 -0.2998567859154 0.250940489442043
-0.0159130783618601 -0.00835311786555514 0.0480304823739207 0.271562930077972
-0.00668900141695593 -0.00883403461271731 0.12220197646802 0.0724217693700246
-0.00867970588173322 0.00205443953282549 0.0382700020241131 -0.103438949130761
0.00497938720927192 0.00413264762899702 -0.0204424695814587 0.0916022440872284
-0.0103131113216427 -0.00820844821616255 -0.0758120422153663 -0.0193003449053624
-0.00781895831549002 -0.0143433738103624 -0.0953020611493578 -0.220027985813666
-0.00265842835311709 -0.025365734650961 0.183108927141279 -0.25212187497884
0.0162306942527922 -0.0153790289311876 0.417179612344199 0.101682948028577
-0.000577625686992522 0.0137796545501876 0.120584588303803 0.483817329518947
-0.0109295846559407 -0.00861514856823994 -0.253051808439513 0.290235387278235
-0.000388923923870857 -0.0164205498567019 -0.0372461422622864 0.0666382253771142
0.00262274988957947 -0.00226516196050359 0.281259093767667 -0.1721103957352
-0.00209725596386327 0.00599169143975194 0.0467330887292771 -0.515386543473624
-0.00173782717972381 -0.00293456340710007 -0.435596007287228 -0.249462449079426
-0.019216497895011 -0.014643606741841 -0.298560565409367 0.255696607285869
-0.0151728852122965 -0.00472546439828589 0.0503170123133095 0.270466565924074
-0.00264045676661092 -0.00740043288768059 0.123217665467763 0.0703529260156687
-0.00403479104142173 0.00167609576003342 0.0406428744212476 -0.104656639521408
0.0089287096466988 0.00290372326200179 -0.0181850682779609 0.0914003348935753
-0.00644926179499769 -0.00656682485925505 -0.0742237662530971 -0.0234849260398294
-0.00605509546207242 -0.0101985444784357 -0.0911867676258985 -0.223630079594363
-0.00380419040605695 -0.0204142386455573 0.188709793916378 -0.247626448924445
0.0102632187927785 -0.0182361491577138 0.414166712419049 0.114561348730902
-0.00241008824054521 0.00224917965143065 0.10666175478534 0.489388015182419
-0.0014366424716895 -0.0188790576949306 -0.258792967457396 0.285990881843721
0.013325631614463 -0.0214989729304447 -0.0344488071183616 0.0653349683391466
0.0128143825484069 -0.0106911050432251 0.279521340588508 -0.178283828988766
-0.00230942599309818 -0.00553947392309148 0.034536676745893 -0.515411944330977
-0.0082575838288863 -0.0079447421266088 -0.442499383727223 -0.236213010016063
-0.0225190074709562 -0.00985603846480829 -0.2922859428798 0.262031301789876
-0.0141572976821073 0.000527017122141203 0.0553407735900108 0.26727840195005
0.00243638564327712 -0.00476626265696757 0.124231670184361 0.0662351854228029
0.000985895854350628 0.0011747933389082 0.0419617773111811 -0.106189236294053
0.0117500546396504 0.00207234605204915 -0.0171714861955737 0.0910336472392481
-0.00347760555793116 -0.00412940555100071 -0.0753514328851774 -0.0288291687714073
-0.00430120132692678 -0.00582391145697449 -0.084868019166729 -0.229897631553826
-0.00437374887808824 -0.0166740833786325 0.200333883610281 -0.240944059401501
0.00712124149978123 -0.0208574141453281 0.410368876508363 0.133466874670326
-0.00345804415170849 -0.00706698128005281 0.0870061386809762 0.492320791119888
0.00674285071029433 -0.0263068037225907 -0.264272287332617 0.275901467053861
0.0234152584709078 -0.0257519738465277 -0.0260878060134345 0.0615469822204385
0.0202030710447469 -0.0172665825225178 0.278700621015158 -0.189195851784136
-0.00198874068764943 -0.0152100717514853 0.0120270293241557 -0.514012576599447
-0.0135741618331648 -0.0116223374505884 -0.450781587772942 -0.215279126053754
-0.0246076838658565 -0.00529248446270416 -0.279365771860012 0.271960474817115
-0.0130012178327239 0.00568673738670989 0.0638422739888996 0.262013526495404
0.00611014804635316 -0.00177710621744118 0.12443839541669 0.0592211685953438
0.00483653132780128 0.000446008803701715 0.0415133463495007 -0.108354526257006
-0.00561883183942476 0.00704124029786389 -0.0326812554579093 0.0909235345157371
-0.0183498629314105 -0.00279246737202597 -0.0880691095381524 -0.0301924804493598
-0.00853516226920507 -0.0132628783771879 -0.0835037325537446 -0.232210895847663
0.00604088097984469 -0.0286653898436314 0.216745210231422 -0.241533593155044
0.0325325553285451 -0.00749827062917875 0.419628226857694 0.130835023195063
0.00296271106241126 0.036227857450378 0.0838036674321863 0.477112192390696
-0.0311744097702089 0.0125576014463038 -0.24530660309123 0.249508779904637
-0.031922371477388 -0.00318036173681966 0.00532887864662281 0.0461890158604465
-0.0181504795444235 0.0191096726527444 0.293825564577727 -0.217390579725769
0.00478234498894846 0.0277290700712467 -0.000263393775372645 -0.533203159981278
0.0128068383900093 0.00301191552333209 -0.444649080407971 -0.206210502871481
-0.0114214632758118 -0.0141977568023331 -0.256321133003633 0.272290079594259
-0.0148933309842433 -0.00215329705662095 0.0715103887888251 0.255768092302538
-0.0114379842420969 -0.00313771206809266 0.117591657333181 0.0556379674463769
-0.0157622658023018 0.00447357708565893 0.026493693303456 -0.105505159524679
-0.00602513904769305 0.00745321620523855 -0.031241176362213 0.0913807953050081
-0.0194197729475536 -0.00548717499787984 -0.0861384865555459 -0.0249715130775876
-0.00988239910359011 -0.0163273043541301 -0.090534775588494 -0.226266758830916
0.00457563133355808 -0.0309109442017946 0.204154542131888 -0.247043719919616
0.0325849574114296 -0.00742855566932455 0.423316051936618 0.112915031142772
0.00422677469885989 0.0389570555600263 0.102906749981267 0.474771573667463
-0.0330159167381882 0.0154409588613482 -0.243032831694024 0.262966239794318
-0.0345268716534246 -0.00247085021416389 -0.00638785585716262 0.0516834361100597
-0.02176341143063 0.0198831496922585 0.293328108048319 -0.203284019292959
0.00258648731438735 0.0315288180367886 0.0223772311888724 -0.529728685907018
0.0145931624589885 0.0051597335106219 -0.438781806545472 -0.225983229698771
-0.0111077611094188 -0.0171943831815631 -0.270588142724393 0.26417617287035
-0.0159276361106387 -0.00650619378934987 0.063375797024479 0.260893873030034
-0.0128733786894206 -0.00590885509480033 0.118555706552881 0.0618278032513091
-0.0168031452069013 0.00425578302277007 0.028563679426251 -0.103868046465505
-0.00485944964684219 0.00771091844968948 -0.0286680797349937 0.091552811704954
-0.0187150235944506 -0.00746582543596931 -0.0835417905625795 -0.020709025407498
-0.0109929472081085 -0.0179194885754104 -0.0947363292146256 -0.221115033484135
0.00287930648004239 -0.0323251486688873 0.191913822497614 -0.252355287006631
0.0306126488327622 -0.00899133463956126 0.424625490832415 0.0995536141330031
0.0046538905494042 0.0375862483262975 0.117930886935462 0.473921533016867
-0.0309598609791431 0.0142884948525742 -0.240912773369953 0.275365088252377
-0.0315648808267038 -0.00350652772737231 -0.0185977916944439 0.0569878324171733
-0.0205126795621455 0.0176508726830193 0.290371984105361 -0.189321650113845
0.000472510738956832 0.0305393470562408 0.0388569144727373 -0.525340193102432
0.0133405191069137 0.00642007792478635 -0.433748750110227 -0.242598326260921
-0.011520087118105 -0.0192083932501595 -0.283913473743788 0.256974660360386
-0.0164299702802449 -0.00930125547268919 0.0562130897026514 0.266112561168498
-0.0126876077203846 -0.00794831923782165 0.120100715266534 0.0672148294481129
-0.0161652325253028 0.00415016547565982 0.0318247490661038 -0.102817255593692
-0.00256489505226649 0.00641571283045945 -0.0259032511205501 0.0916693054109792
-0.0174334433757091 -0.00874365773900684 -0.0808012687188385 -0.01829929647505
-0.010885690015952 -0.0179445809021929 -0.0975989189017705 -0.216530790907807
0.000521021324609326 -0.0312762701829583 0.183612057459943 -0.2540685203946
0.0263150482797646 -0.0110976099942476 0.420711453579446 0.0917857920139473
0.00339699275242836 0.0324707891511418 0.128051151380918 0.474282390405585
-0.0261575042517278 0.00936503880360844 -0.242204114020628 0.2839920299847
-0.0245071772197781 -0.00737469300558815 -0.0285942218071204 0.0620911060825876
-0.0154244911061151 0.0125583004895293 0.285463457673384 -0.178204650482519
-0.0011800743354716 0.0251517312235377 0.0514599481287807 -0.519659082058389
0.00979077755847845 0.00518975776979509 -0.429821731890322 -0.25221239899948
-0.0134264447481749 -0.0190105410767424 -0.292759507991043 0.252327963039284
-0.016170287686401 -0.00969830504030728 0.0510463463621579 0.269040679278864
-0.0101801117603266 -0.00942168554471345 0.121186515005381 0.0710661775715081
-0.0133060748426892 0.0032124965129713 0.0348630084402031 -0.102835892911239
0.00108952249079421 0.00534022092455979 -0.0227128409820589 0.0919442361965865
-0.0143311002411478 -0.00913786486431966 -0.0778250919517079 -0.0174264099397719
-0.0101034873521206 -0.0167346409795824 -0.0979943905760352 -0.215871711608029
-0.00138987834439633 -0.0287353645593834 0.178768392809203 -0.254060325663115
0.0211334314485302 -0.0128947958799577 0.419364621079058 0.0920236841135139
0.00130120903620131 0.0240600174777571 0.130174490873467 0.47684843293746
-0.0198806775030604 0.00101294685366364 -0.245487586853286 0.289996492321886
-0.0133776610223144 -0.0115082681676663 -0.0347127148749409 0.0651557944998348
-0.00689878607162875 0.00553016952888323 0.281570861146658 -0.173183366278095
-0.00164214429053794 0.0165190058731489 0.0525428411742133 -0.515691985733147
0.0046868191471053 0.00154899412034907 -0.430479138507454 -0.255269187785016
-0.016105471794299 -0.0177728187939905 -0.297276464908999 0.250592261051069
-0.0160156800396644 -0.00807814478182464 0.0499192675658827 0.270960997016501
-0.00718797301221472 -0.00879612437275174 0.122548504976638 0.0715674644120169
-0.00874224508590914 0.0022680035008495 0.0370240044778277 -0.103165082336448
0.00497104563362409 0.00411908434554092 -0.0198265657650588 0.0916745803428958
-0.0104786686935095 -0.0079247697089538 -0.0758690867045069 -0.0196672619604917
-0.00823737237517976 -0.0142478787480298 -0.0964651642334183 -0.217947396338338
-0.00309370015339358 -0.025441945281334 0.18092548431904 -0.25183414623054
0.0158245490178533 -0.0156565319505032 0.415969486235694 0.0983092462429964
-0.000694331285375864 0.0137708813146573 0.122009384848206 0.480868330236485
-0.0113775594271414 -0.00851659429060376 -0.250929470540493 0.290056646478806
-0.000859415934636248 -0.0165685674943514 -0.0363675954747742 0.0663584835758519
0.00245910449241496 -0.00230017728698218 0.278655204991614 -0.173101926476794
-0.00173145608716928 0.0055178801365757 0.0455183711662091 -0.513216222985061
-0.00148451306093368 -0.0026716554230755 -0.434170183330845 -0.246508214461195
-0.019161439784815 -0.0140320659887198 -0.295944825989708 0.256038516936327
-0.0151826125079756 -0.00474920270924344 0.0526261573056918 0.268480611632726
-0.00309917437399379 -0.00753467274323204 0.123569915719421 0.0697753196420934
-0.00428648471882933 0.00164447351000832 0.0392622576626491 -0.104017602098907
0.00891446185824922 0.00259674754374541 -0.0174411715606225 0.0908041682408737
-0.00687745096059514 -0.0064442943610125 -0.0745832560530824 -0.023535031925671
-0.00651278289440163 -0.00979033674181997 -0.0923588255760826 -0.222223251005786
-0.00421135458014958 -0.0205454043740261 0.186465272126795 -0.247100682860361
0.0104309609599499 -0.0180751523432109 0.413000347574906 0.111626624135217
-0.00261297625781174 0.00246241479940581 0.108174989748664 0.485728705882006
-0.00151493962428325 -0.0189820307541465 -0.256014447031253 0.285863727518536
0.0127919808820997 -0.0222005290092966 -0.033671135941797 0.0651571866566079
0.0125686192882959 -0.0109292757605757 0.27673426760792 -0.179198080623216
-0.00166888480256929 -0.00587148561082918 0.0314922878869511 -0.513042176995374
-0.00808002816727035 -0.00761401299107538 -0.441389747503296 -0.233591076650617
-0.0226518725706014 -0.00944990396000869 -0.28867963242151 0.263322131431905
-0.0140696128608214 0.000585296073641662 0.0573373278610958 0.265944705150254
0.00171956817398586 -0.0046507238103674 0.124524776694753 0.0655211479309526
0.000538110482158767 0.00117904130553469 0.0412511162992643 -0.105970244820622
0.0120118915622739 0.00191093634539685 -0.0162987446550227 0.0903260472851137
-0.00375602924741495 -0.00390137058335847 -0.0749262789511779 -0.0290897269019001
-0.00491449505932346 -0.00602936964802286 -0.0862270006810409 -0.227354126593433
-0.00461996690692901 -0.0166502867040616 0.197722334794061 -0.24025959253346
0.00691046684786985 -0.0208925391373153 0.410025023971298 0.130148046155834
-0.00362851591418016 -0.00739806175021109 0.0879797738681445 0.490334664679566
0.00626673259999485 -0.0262685712095695 -0.261572402061034 0.275729557943942
0.022734214653403 -0.0254250660846295 -0.0254963710457226 0.061566803700441
0.0201905450265569 -0.0176189958709552 0.275813388226065 -0.189877457657073
-0.00161944385409319 -0.0147352356579134 0.00958688689257673 -0.512902935967575
-0.0134271244710606 -0.0112882573214807 -0.449861035727148 -0.211172584844841
-0.024572158283804 -0.00460572730618541 -0.276030253451564 0.27255213326379
-0.012775606580922 0.00566791126252132 0.065652669400824 0.259533747379148
0.00561680250607548 -0.0018445234814632 0.124876774030121 0.0586662000754925
0.00448675058499118 0.000910432887575566 0.0410025220152158 -0.107854452178901
-0.00561048515620899 0.00704563411916554 -0.0324351240350684 0.0904830676191656
-0.0183765832701835 -0.00294385645996203 -0.0880753107677042 -0.0302011305046119
-0.00873900850447295 -0.0133463731237164 -0.0850191061365384 -0.230062276056311
0.00553520446239465 -0.0284276302837383 0.214794205560788 -0.242129925650914
0.0322192533534071 -0.0075578992069073 0.417999549743233 0.129372607292513
0.00336381601614016 0.0360319815956942 0.0856342979093569 0.474684822710502
-0.031293969280194 0.0124945813750163 -0.24326528145269 0.24997410788559
-0.0320393472081408 -0.00339072014112118 0.00523358013769596 0.0457527430320345
-0.017978360668182 0.0189960783536089 0.291175811086101 -0.21793125281092
0.00499952020436357 0.0274569171692197 -0.00309152512203467 -0.529815160614525
0.0135082435156056 0.00283684026651481 -0.443769911774764 -0.20356710755179
-0.0113930314831254 -0.0141598357802563 -0.253930191437233 0.272366964061051
-0.0151038744553739 -0.00196070356873455 0.0728251824595495 0.253168973899678
-0.0117695903781986 -0.00302445585243798 0.117832363003676 0.0544605888083484
-0.0161742553698209 0.00509858645255495 0.0256339460040041 -0.105041213800611
-0.00613853061160849 0.00732886617530938 -0.0307834622698343 0.0910668688801435
-0.0198218284614499 -0.00495230872706571 -0.0862527102269701 -0.0247882826221437
-0.0104380768670201 -0.0161351706742045 -0.0912597548234387 -0.22440556182074
0.00440151872612819 -0.0308500011907668 0.201472449606513 -0.247545890793309
0.0324023866474203 -0.00764135737400536 0.421194952569605 0.110271493998035
0.00419197602148801 0.039343104879858 0.104972294806684 0.471480642928208
-0.033001370749343 0.0153730407360797 -0.240517238499093 0.262257596272743
-0.0347585512257772 -0.00262457907112856 -0.00593191386631904 0.0512017039833945
-0.021401162066706 0.0199434481764597 0.290540403346917 -0.203746723084877
0.00311228874410015 0.0309085672063306 0.0185688551194297 -0.527702155131372
0.0145591174948016 0.00551658072574675 -0.438556972040312 -0.223356716874224
-0.0111359669511824 -0.0171921409981275 -0.268408259649306 0.263905024535909
-0.0157229175075946 -0.00633891786976867 0.0649589314070663 0.259791842733911
-0.0131922310922404 -0.00576725705455184 0.118925453866655 0.0611058483652735
-0.0173652002270059 0.00450167341545634 0.0280739531339385 -0.104159915824355
-0.0048818698971131 0.0068864344920194 -0.0285390227190623 0.0910848381650649
-0.0189714668126758 -0.00715773248012695 -0.0832756600966924 -0.0208085405504823
-0.0111385301991421 -0.0183225410514063 -0.09598698481394 -0.219306039617584
0.00239916956451429 -0.0322305294431969 0.189813855447823 -0.252332865025357
0.0305482315170528 -0.00896650882904388 0.422714080636296 0.0958560501246125
0.00453068778619971 0.0377798906521802 0.12087899661053 0.47054929243076
-0.0312263138281462 0.0142321645204953 -0.238724805360486 0.274722260798061
-0.0319922541568411 -0.00394719837955598 -0.0181488347469657 0.0566526976429208
-0.0201707352013825 0.0176105243774079 0.288448080441552 -0.190222361020202
0.000889364804934182 0.0298133353084337 0.0351959301405719 -0.523969145908802
0.0135938549807182 0.00648595720981835 -0.433241520506381 -0.239062903802678
-0.011560813071805 -0.0190403282177262 -0.28150001544184 0.257730045809813
-0.016318239636852 -0.0095333889000787 0.0574326637522055 0.264577419932699
-0.0130444847469206 -0.00821378126696388 0.120562679343788 0.0664227275976365
-0.0160821591076116 0.0042142752093818 0.0308556330146118 -0.102901963518893
-0.00241137142628887 0.00638554308391144 -0.025539646775424 0.091577398054909
-0.0171247534577823 -0.0083506043757337 -0.0805909359138566 -0.0185359605547928
-0.0114398592539406 -0.0181491486770089 -0.099214679893438 -0.215124988294385
-1.25281614870782E-05 -0.0313585612035585 0.181377994331916 -0.253656499871185
0.0262842356635339 -0.0105035860328225 0.420135656158496 0.0890794662761824
0.00356177730591749 0.0321583927513711 0.129662451429523 0.470710035041407
-0.026548949979594 0.00882853157134841 -0.239605663072123 0.284452812321695
-0.0245832656695568 -0.00706350250568959 -0.0278322049498889 0.0618419965822757
-0.0153831140189105 0.0122002525198708 0.283261637844198 -0.179231753441089
-0.00051242624581652 0.0250239274338571 0.0479454387592162 -0.517765887766298
0.00992815022995323 0.00481592762983828 -0.430661806674772 -0.250447740486658
-0.0133497694937814 -0.0183773615997411 -0.290835944621098 0.252731588446854
-0.0164215120919098 -0.00978225852673961 0.0524147931690766 0.26722444044678
-0.0106842983516671 -0.00870714402449603 0.121766836785348 0.0703332696320535
-0.0134981738684615 0.00338031349300944 0.0338747291481486 -0.102471018054715
0.00112776237673083 0.00508414238048383 -0.0219263327959179 0.0913448122210562
-0.0145264868011099 -0.00864527498234547 -0.0775843196807218 -0.0178013905264305
-0.0101736442113443 -0.0167949152188526 -0.0993506245663404 -0.214511870117186
-0.00176851307447439 -0.0288353388915119 0.177140912077712 -0.253390512885059
0.0211849168986352 -0.0129734936194011 0.417897368984436 0.088967367334703
0.00175100924950241 0.0238898075592596 0.131580614918611 0.473990717421478
-0.0197019171710636 0.000759049206846414 -0.242870790807286 0.289802256226265
-0.0136338623667021 -0.0116027113568972 -0.0342547920763742 0.0649084458954133
-0.00748107086549065 0.00537913438070685 0.280112322612703 -0.173552588887759
-0.0013838448029795 0.0163346487854039 0.049150922079815 -0.514489611618845
0.00454683937661751 0.00185174014906614 -0.430592896101739 -0.252127966369692
-0.0160600118446703 -0.0172656245543018 -0.294610374020387 0.251960551252613
-0.015898275562527 -0.00799439026993145 0.0515026793797862 0.268630749796975
-0.0072762076966562 -0.00892486376230986 0.122408980626574 0.071393916512392
-0.00900582565656446 0.00255683776022596 0.0364995727202092 -0.102997179470346
0.00453953022610406 0.00400509639500604 -0.0191917646551053 0.0911115465217459
-0.0107128826799774 -0.00758893415833687 -0.0760860918628988 -0.0197404853798818
-0.00869304509316299 -0.014347409481621 -0.0973950919773399 -0.2159370559863
-0.0032119107367768 -0.0252078244666968 0.178892095619333 -0.251648292059547
0.0158211310454662 -0.015632862148338 0.414933704668271 0.0958678230444038
-0.000852928030924502 0.0140033532770418 0.123416356050082 0.477431139758437
-0.0112559445742212 -0.00882225025163211 -0.248022149047731 0.289755618230281
-0.00126798102309521 -0.0167500385164427 -0.0362135146879738 0.065887223373103
0.00233993815319166 -0.00220630680820246 0.277099053513961 -0.173576094292202
-0.00142045829434686 0.0056264098537808 0.0409950551154806 -0.511750872193669
-0.00184843950645342 -0.00265829303567987 -0.434328149908866 -0.243635968994469
-0.0193514619430175 -0.0138066369321404 -0.292806920017053 0.256186373025716
-0.0152203153522682 -0.00438080219997781 0.0536906321242691 0.267354219787921
-0.00336093435591406 -0.00734994888032261 0.123926668618171 0.0691909829475122
-0.00428072324787226 0.00179516766292299 0.0387933893333833 -0.103803559809012
0.00866295386200278 0.00231915400242385 -0.0170299041231945 0.0907547592135625
-0.00711138588161222 -0.00622726683288411 -0.0749559752318921 -0.0236711005353919
-0.00668577882140773 -0.0102667714900202 -0.0932646304739907 -0.22022983233653
-0.00440902714482066 -0.0205013645104967 0.184411402525801 -0.247205766568097
0.0101073873309944 -0.0185907310504891 0.412759936494608 0.10880430146553
-0.00292074591144208 0.00269412635674253 0.110676185169104 0.482575521179198
-0.00235650823240931 -0.0189285682099607 -0.253323291470773 0.285094831098882
0.0124104104315746 -0.0220455970729955 -0.0331636225542123 0.0649975397805603
0.0128172220086854 -0.0112485638017678 0.274951839388587 -0.178864727417667
-0.00196985477964945 -0.00628036144082663 0.0283036569324874 -0.510348843821302
-0.00841030492708494 -0.00770140313477126 -0.441030816660758 -0.229785493260313
-0.0228227673605102 -0.00924161418272455 -0.28571032940522 0.263672998190802
-0.0140420595218235 0.000440827104670791 0.0587207289061074 0.264017924580863
0.0014531636342554 -0.00506567837635415 0.124940912895762 0.0644842744702448
0.000715647178724669 0.00104586884474527 0.0399674899671673 -0.106180110512899
0.0116731601050972 0.00183915762289875 -0.0156636158303604 0.0901376743660385
-0.004157062354576 -0.00353771812857165 -0.0752897838586717 -0.0290007622276208
-0.00506138394844448 -0.00609311812659572 -0.0873228906214871 -0.225877941635909
-0.0048528173660701 -0.0163520270608147 0.195192329746818 -0.240371215361193
0.00697820372483509 -0.0205534068260054 0.40862881614772 0.127871169555226
-0.0041634066560096 -0.00677950790924958 0.0912696511466555 0.488605846198498
0.00602664387809945 -0.0265311499945338 -0.258895750666154 0.27482887745947
0.0227601083349889 -0.0259043873733737 -0.0250812117410023 0.0608340919664897
0.0202740904852069 -0.0174767840426158 0.273591326865675 -0.190506341980805
-0.00169729406380355 -0.0150072675678144 0.0072823605486209 -0.510720468506873
-0.0136376818139292 -0.010717533013419 -0.447723499781974 -0.209076920699846
-0.0246678138096175 -0.00441703077374567 -0.273578435315479 0.272907213038121
-0.012301565182493 0.00592606871482542 0.066598817832673 0.258531196885069
0.00550240612774137 -0.00196089118135591 0.125084697776488 0.0577483175446998
0.00406464615446768 0.0010805034832481 0.0397549525876212 -0.107485529233204
-0.00548615023630159 0.00678698979049876 -0.0314231706167184 0.0901763454187675
-0.018383143151568 -0.00289948282062306 -0.0881599943104527 -0.0299444569877873
-0.00941457680084077 -0.0129523719284462 -0.0861568037384764 -0.228705295076055
0.00502562296230822 -0.0282100876513078 0.212009465294089 -0.241096474546461
0.0321233908919775 -0.00785559551547512 0.419040043563046 0.126161831206201
0.00315067505431989 0.0361106035083057 0.087179140436603 0.472068529133472
-0.0314670482150313 0.0124388813676635 -0.241235806027272 0.2494400715246
-0.0317685561723421 -0.00347366101558628 0.00553524329203373 0.0457042677938957
-0.017922522625889 0.0187254565135553 0.289439208927361 -0.218214756765472
0.00541507886483638 0.0271323202411486 -0.00384871237579178 -0.529128749590906
0.0133703214154168 0.00334541544134057 -0.441469038744864 -0.200563025544555
-0.0116744299631642 -0.0136410281517305 -0.251214230871011 0.272636994988023
-0.0150846232823384 -0.0018929298131752 0.0741606306977852 0.252568529090207
-0.0122919026297422 -0.00294076387229955 0.118500071348008 0.054413779140573
-0.0165650564313609 0.00537063823908015 0.0254706790478448 -0.104906403464224
-0.00575952813729185 0.00728072311112738 -0.029889874450025 0.0906407154789083
-0.0200744599945781 -0.00492380142249167 -0.0859296497871366 -0.0248123109620907
-0.0105937919642001 -0.0161710132981775 -0.0922573613146659 -0.222576534767914
0.0041452303157472 -0.0312215270124292 0.199652071820431 -0.247216236829793
0.0326884436515723 -0.00766798182835936 0.419698509796566 0.107935375745596
0.00446634838605878 0.0393511646538106 0.10580922403823 0.469749240676042
-0.0328707529210741 0.0153377968780123 -0.238051932820082 0.261946608599153
-0.034195675345546 -0.00267883507139194 -0.00601236185062531 0.0509942263252096
-0.0210537506239679 0.019666756397855 0.288061283537731 -0.204157550448764
0.00331392208137516 0.0306752248268372 0.0168839387473157 -0.525827780846669
0.0145740681159711 0.00524487139254909 -0.437630734226741 -0.220264977367319
-0.0112505095591708 -0.0170015498661757 -0.265975326685441 0.264284642179914
-0.0159655499626351 -0.00659021886639827 0.0661608290595623 0.257994067922577
-0.0136918743721158 -0.00597240014606139 0.119206687157993 0.0606458150917879
-0.0171562109562137 0.00516482240886436 0.0271986120616728 -0.103798476984523
-0.0050852509662306 0.00685220986058621 -0.0278406544557917 0.0908739752052912
-0.0190818760725587 -0.00662853337511435 -0.0838824877344679 -0.020485323826457
-0.0113864714189679 -0.0180206809049751 -0.097333867959407 -0.217502979309787
0.00193884667603851 -0.03200629089521 0.187710337059756 -0.252358245073207
0.0304017756259239 -0.00912084833241797 0.421001138876828 0.0939222343690904
0.00478017235741064 0.0382234523405023 0.122449629590122 0.467424823281423
-0.0315951143277208 0.0142328913593744 -0.237288886236743 0.274027777270677
-0.0320425212146595 -0.00381407900741081 -0.0177248377715315 0.0565526469906467
-0.0203012719447252 0.0175154578770408 0.285664084483378 -0.190717012436631
0.000861282153050556 0.0299505948038066 0.0332537282390769 -0.52236557573143
0.0133373357534243 0.00642215503356381 -0.432150363780749 -0.236980581389042
-0.0117493084724022 -0.0186655063927467 -0.278837157149107 0.258021444530273
-0.0161569986535292 -0.00895565060905726 0.0586630632125078 0.263371094585544
-0.0134995551233041 -0.00790294658236386 0.120532159694919 0.0660794547640826
-0.0165184087767977 0.00447991131598645 0.0303467889286203 -0.102635936775463
-0.00268919124649786 0.00599101912437716 -0.02517111991944 0.0910546085275185
-0.0175370911075086 -0.00777677978989288 -0.0804137888940899 -0.0186235204414039
-0.0117387072797174 -0.018111635963432 -0.0997557866506242 -0.213620163922631
-0.000352800865527845 -0.0311909149327864 0.179353144559486 -0.253419330883031
0.026417766413875 -0.0110755910797959 0.419656355500474 0.0864570386738942
0.00375456922610099 0.0325077557567008 0.131074939039373 0.468861446000576
-0.0267336715660832 0.00901817460478151 -0.236639297987803 0.283744458600414
-0.0246077790140161 -0.0076162026463847 -0.0279387371483394 0.0611962135045373
-0.0151924832418525 0.0119493738368859 0.281671159711007 -0.179602134654257
-0.000202438784825072 0.0247402286960405 0.0446410643106872 -0.51652649962529
0.0100045480499464 0.00489057376693577 -0.428071284681098 -0.24668533956639
-0.013579907438109 -0.0186046847895872 -0.288269885184491 0.253119943407881
-0.0160688668055998 -0.0095210636486531 0.053471561107351 0.26609784383339
-0.0109536031600177 -0.00922595291556553 0.121741110859039 0.0697674675003406
-0.013361370442717 0.00360664071384717 0.0335305881443746 -0.102701079290401
0.000882206350839552 0.00481692400893145 -0.0215177833767298 0.0915214779973308
-0.01487960365714 -0.00824111287586688 -0.0777766415467736 -0.0180065880355804
-0.0107769959435579 -0.0166878437305814 -0.100302828531752 -0.21293397238808
-0.00233837300986687 -0.0286384055582859 0.175103223706135 -0.253444698035845
0.0213793576025182 -0.0130042427185007 0.417111206995526 0.0863959368492759
0.00162869233298367 0.0242252167979894 0.134710261199368 0.470686160848179
-0.0200090676229355 0.000912735058464758 -0.240833329675138 0.288909533560433
-0.01375808525822 -0.0117695370060892 -0.0339430427705238 0.0643095593076572
-0.00696278905296869 0.00553034531347694 0.278052980180015 -0.174720686702079
-0.00126715217745292 0.0158096193633579 0.0475450120931174 -0.512379934648867
0.00477357882178392 0.0018713649949614 -0.428301726944776 -0.249109111790129
-0.0159245708174346 -0.017061444039036 -0.291996067191525 0.251837574129963
-0.0158317073490041 -0.00819791418547177 0.0523612221205577 0.267876699314268
-0.00793216127370344 -0.00871334388057194 0.123524393221093 0.070672796149025
-0.00936749913296454 0.00294824912358716 0.0360744450578773 -0.102690373709482
0.0049443108540513 0.0036883214166992 -0.0190845844458796 0.0903372760872424
-0.0110074889724955 -0.00764063683799005 -0.075749324625572 -0.0195791977487683
-0.00918102525306264 -0.0141636330850099 -0.0981074554931175 -0.214609261471491
-0.00351039989638077 -0.0251558760751595 0.17651269528136 -0.250788018070067
0.015333726786297 -0.0152781439284498 0.413548536028854 0.0926480934294238
-0.00104961621117088 0.0141941261945031 0.125866497438661 0.474428838529977
-0.0120022565827649 -0.00913601835799539 -0.245517630894399 0.289391939311386
-0.00130542772023626 -0.0170216145302673 -0.0353507518467938 0.065371708080093
0.00276145920315437 -0.00296632570605586 0.274548715899952 -0.173904086622793
-0.00172140935080251 0.00548306349149898 0.0382216634009634 -0.509009982984681
-0.00135785809334057 -0.00240711253353827 -0.434062593276815 -0.240895738597672
-0.0193284381510686 -0.0134000351287774 -0.290451136651147 0.256666879391609
-0.0153196681472694 -0.0046203833390988 0.0545715048066054 0.266138878716417
-0.00357608416490875 -0.00751776007026974 0.124696603971092 0.0686056207294095
-0.00435228107514699 0.00240950990329204 0.0378437297724999 -0.10389917800826
0.00886181146815273 0.00241030201703848 -0.0162267773817751 0.0902275979363527
-0.00732812361349448 -0.00597494316539333 -0.0747273063859799 -0.0239651571224519
-0.00710367307477867 -0.0101828772941504 -0.0946308947610813 -0.218280524464754
-0.00489277361929378 -0.0203886127562519 0.182812965976542 -0.247045461697133
0.0101350178851047 -0.0184417281922682 0.411244207745759 0.106084952646636
-0.00300669946951728 0.00261563863345737 0.112778221735572 0.479368911475607
-0.00233558024514907 -0.0192062610443852 -0.251418524235288 0.285384628293322
0.0122721968845729 -0.0225261380089121 -0.032705123748161 0.0642983932688043
0.0127719931722483 -0.0116278161394091 0.272722493809281 -0.18004476896374
-0.00195172427677734 -0.00653600477206389 0.0258467195535718 -0.50881309486995
-0.00807911620299363 -0.00718890322058577 -0.439712855156003 -0.227254707633014
-0.022778210986567 -0.00876176588526808 -0.283376230103702 0.263197492853563
-0.0140368849757974 0.000605418153685661 0.059974256824102 0.263446964934819
0.00136826058280761 -0.00499282966226261 0.125483596811254 0.0643185762568962
0.000313255593196562 0.0017000586755139 0.0396239002966713 -0.105495985781955
0.0115182966146027 0.00154408793809386 -0.0151983359515806 0.0895771604549014
-0.00462008764502392 -0.00357948082161285 -0.0751162693370523 -0.0288103979631102
-0.00536947477968926 -0.00613599737354145 -0.0882371058776131 -0.223902958704251
-0.00541929864455314 -0.0168092039520643 0.193447093457433 -0.240180536085976
0.00662493812070148 -0.0205440476936126 0.407799639408476 0.125037684968539
-0.00431428099350275 -0.00662934414766088 0.092053779518503 0.484929437881234
0.00542692945995275 -0.0269173611270769 -0.256571895863442 0.274374991689548
0.0225358222463207 -0.0263159907706941 -0.0244173621408579 0.0606305508216917
0.0198115034222024 -0.0177876845559025 0.271578823772701 -0.190650110779584
-0.0021330393727199 -0.0153040031908056 0.0042505576831834 -0.509388983952455
-0.0134426184498654 -0.0110228278415765 -0.447611919818579 -0.205734410287255
-0.0245735468611453 -0.00406856339012036 -0.271713528676353 0.273671746023099
-0.0121044157017126 0.00597621579119889 0.0685803688404742 0.257234719395928
0.00493962544499354 -0.00250566369468955 0.12534409798003 0.0573353124607911
0.00409903768850048 0.00110229506472401 0.0393826403767743 -0.107303586891452
-0.00608005888265387 0.00678633164160577 -0.0308715828908928 0.090135397008149
-0.0190748719397923 -0.0020065376909826 -0.0881677792676131 -0.0299598452809748
-0.00925181499255357 -0.0128121977028028 -0.0871114164772094 -0.227445904518652
0.0047181011304718 -0.0284288370859783 0.21056314483174 -0.241255127753934
0.0320873963867473 -0.00790881171227273 0.418302800589335 0.122844427980452
0.00338924874597566 0.0360709391091389 0.0892035668179593 0.469606008743416
-0.0317534774209453 0.0123482965092831 -0.239279576163643 0.249862232273977
-0.0318427611349998 -0.00327902161829692 0.00584026588406652 0.0454694476131807
-0.0176083105355207 0.0182366011333424 0.287278314559879 -0.218192172774675
0.0048797510944376 0.0264071616170799 -0.00671749158286415 -0.526719874257486
0.0133611092888924 0.00339231452511019 -0.44093966210313 -0.199064201261331
-0.0119482790824948 -0.0134226871260159 -0.249124763531688 0.272626607931593
-0.0149996773878617 -0.00193132691137082 0.0752503582849835 0.251040263723194
-0.0125187345671084 -0.00304861983386375 0.118529112785354 0.054025490113091
-0.0163284277403937 0.00527853410763184 0.0246922104413225 -0.104501221184832
-0.00592367706970116 0.0072420121015338 -0.0294476278436014 0.090717733056792
-0.0200327582213677 -0.00431745146374964 -0.0860323000862541 -0.0247282187724485
-0.0110747219476855 -0.0163926013075121 -0.0933626997396774 -0.221109419068512
0.00339399244746984 -0.0311152511921171 0.198115583043111 -0.246965718608603
0.0327160516811853 -0.00785366734886778 0.419556937360677 0.105562360463717
0.00490985696495627 0.0393225521922174 0.107855808277057 0.466403476055465
-0.0332428609782455 0.0153063897196237 -0.23691167354916 0.261983151586149
-0.0344342994450119 -0.00281218383084588 -0.00611355490877323 0.051008037233968
-0.0208881144785865 0.0197295069049938 0.286413766782214 -0.204270697893284
0.00353109360699263 0.0301450022846312 0.0154575005074814 -0.524081899704605
0.0147391725480313 0.00582672337735754 -0.437742981626012 -0.217288901028192
-0.0113743226209505 -0.0167490300391129 -0.264022412210012 0.265234831305816
-0.0157306977176333 -0.00632968110811076 0.0669861139278241 0.257208779339786
-0.0139076446202861 -0.00570341460076745 0.119336013654075 0.0602623446099263
-0.0170592009621896 0.00514154194200015 0.026902552001697 -0.103472918533637
-0.00513008329702399 0.00690982625538279 -0.0272970107960294 0.0908786577609725
-0.0193294498462648 -0.00637148504943642 -0.0839236969261247 -0.0211093191987186
-0.0120533975617685 -0.0176377032629154 -0.0981991489880125 -0.215920980965239
0.00110268424479121 -0.0323561028097406 0.186410724151374 -0.252315089759421
0.0303295693945373 -0.00928309984199638 0.419788880099921 0.0913610225787161
0.00466581897335033 0.0378292221936443 0.124607616124793 0.466689320764348
-0.0314433859796717 0.0140039510439693 -0.23491865467777 0.274164165913386
-0.0318737357584216 -0.00409471788941872 -0.0174881647663061 0.0559987784805954
-0.019517736588492 0.0174517505795444 0.283513960144178 -0.190682362126569
0.00137505271922261 0.0298182696015683 0.0305071686486582 -0.520609432441438
0.0139827499792996 0.00671780952601875 -0.432820161716808 -0.235067675110449
-0.0119403042660106 -0.0181598734436788 -0.277000331527733 0.25791130440413
-0.016023344970499 -0.00906093989580001 0.0595522315244794 0.26209388129828
-0.0137243598218703 -0.00801502644534408 0.121320590717682 0.0654052531849022
-0.0165685760666019 0.00505017070261048 0.0295778613487688 -0.102160614741523
-0.00262500757996612 0.00592393826038746 -0.0250994128858258 0.0912057969653929
-0.0177634817306913 -0.00736685293652834 -0.0806965135414863 -0.0187519108489132
-0.0121573594768657 -0.0177144461699607 -0.10012629655451 -0.212054243944808
-0.000785447955984342 -0.031099080465214 0.177151721597342 -0.253797475922623
0.0262085570171886 -0.0112188965419913 0.418160301877548 0.0841957659873111
0.00353965543626532 0.0323468198334802 0.132224593292816 0.465536699364097
-0.026688443593417 0.00864046566368595 -0.235771092321096 0.283071580208453
-0.0244386014423412 -0.00769284676778704 -0.0274812693043567 0.0611384841276745
-0.0148298553343526 0.0118236738520272 0.279600195265396 -0.179844765843836
-0.000438135086733033 0.0242633430982008 0.0425044731258572 -0.515015653179031
0.00977301986375219 0.0053704613868755 -0.42910435813554 -0.244752592854679
-0.013566022353299 -0.0183247801297649 -0.285890176169284 0.253333753554432
-0.0160208045630276 -0.00972611818145577 0.0545718834250492 0.265631103572582
-0.0116285261782575 -0.00958566335902872 0.12208406330586 0.069580049283002
-0.0136022351662034 0.00387985451908555 0.0323589378449034 -0.101914517726271
0.000623105095377993 0.0048106885886566 -0.0211201787711798 0.0909352590911296
-0.01482580759465 -0.00778225987372025 -0.0781657641392173 -0.0185047832759745
-0.0109777693984703 -0.0164140685065155 -0.10168213987944 -0.211495280578528
-0.00238517655809201 -0.0292584084242464 0.173409692247125 -0.25329482055532
0.020895006327141 -0.0131397416708675 0.416047650629845 0.0840077075512802
0.00176897845783518 0.0243355319459689 0.135158991503789 0.468206397061935
-0.020363528693981 0.000518356911916389 -0.238625669406999 0.288430428980026
-0.0137351955533637 -0.0120296540710907 -0.0334405781809883 0.0644136668055813
-0.00666553421224109 0.00486205605669107 0.276157146650877 -0.175091546268276
-0.00126033124677967 0.016115854487043 0.044586749299001 -0.511609404778382
0.00466017801193897 0.00184514018835051 -0.429501010358112 -0.24692802360551
-0.0160137862846055 -0.0163642480965664 -0.289762967182671 0.252644528001009
-0.0160679324989345 -0.00804199886986574 0.0532705773474204 0.267098277090071
-0.00834340349286754 -0.00924274896333346 0.123811823710907 0.0701979545491196
-0.00953794940950926 0.0028809112553981 0.0353369519093847 -0.102567103323443
0.00465473192636894 0.00342323891612628 -0.0180551388905386 0.0905535739595252
-0.0116158029878635 -0.00727501145418974 -0.0753132332071583 -0.0201627872294895
-0.00944159901785722 -0.0139732901511672 -0.10000591114001 -0.213331102056975
-0.0040900895182393 -0.0252865314296256 0.174577699508155 -0.249863991711252
0.0155972151714015 -0.0153821602299429 0.413259624535468 0.0908777112608144
-0.000829645282662733 0.0143317662198489 0.127394126676607 0.472291434725013
-0.0118047065032368 -0.00921497660218525 -0.243450281497353 0.288677849728458
-0.00133308028783043 -0.0169991004779334 -0.0348906097069262 0.0653618996416797
0.00248369408427126 -0.00301041135888901 0.273621153199781 -0.1746761638652
-0.00155489150163382 0.00555072328979318 0.0363716825639259 -0.508553942853603
-0.00164571589349048 -0.00218163149266781 -0.43390178867033 -0.237181986764
-0.0194193682165797 -0.0132374244716331 -0.288458619014038 0.25732215578097
-0.0151946732632518 -0.00483647780697293 0.0558249924409927 0.265258579140121
-0.00362795795656053 -0.00769175615390629 0.125060282259358 0.0676352251930767
-0.00464274960277604 0.0023723054673147 0.0375853314831867 -0.103953680123428
0.00859402873417548 0.00211693036264327 -0.0158686051489358 0.0900191409984823
-0.00725907377687931 -0.00572662400351821 -0.0751307761967263 -0.0241027040585432
-0.00739097821478374 -0.0101149356434834 -0.0961740808900971 -0.216886600248604
-0.00520416170598448 -0.020384764364181 0.180685624885915 -0.246517123167997
0.00999112298974045 -0.018229840655137 0.409967291012028 0.104018844182743
-0.00324115651474987 0.00304779878086724 0.114687988555514 0.478445917229183
-0.00275868818273027 -0.0194920807752361 -0.249474142660216 0.284812514303749
0.0120253885981895 -0.0223456869338899 -0.0326712736852276 0.0640999935793007
0.0129781893761965 -0.0115829533839535 0.271644375972572 -0.180172660078444
-0.00150694544849041 -0.00642672362194662 0.0241053961545883 -0.507386238616191
-0.00812686446253177 -0.00714035783655931 -0.43965653855069 -0.226362794148856
-0.0228643392922408 -0.00859431357503123 -0.281249644030988 0.264558423679112
-0.0141445029816192 0.000961015052288137 0.0608564807763573 0.262382714017036
0.000775331895453936 -0.00524653771002617 0.125454198853346 0.0638162934114766
0.000318056860612114 0.001864504433204 0.0386073794028088 -0.10540271369224
0.0117879628905071 0.00120002565813368 -0.0152312008481703 0.0892007374530422
-0.00478291371055785 -0.00323770607829108 -0.0753972446331776 -0.0287256405668949
-0.00550953162751502 -0.00604590814226745 -0.0895959304501034 -0.222796915979913
-0.00576952615359605 -0.0169120015884535 0.191960446943962 -0.239484739547096
0.00659138193941392 -0.0209090761606091 0.407023266882462 0.122397880013061
-0.0039810552549291 -0.00616338341904807 0.0942159393138442 0.482407184451027
0.00485964205944012 -0.0269928128224926 -0.25482875360818 0.274486327559177
0.0218633998518556 -0.0265186262975986 -0.0244834469585458 0.0604177667912994
0.0199589448232699 -0.0184355082212328 0.270214946342857 -0.191508685941291
-0.00219291166406728 -0.0151851980246341 0.00285004757702289 -0.508311747065685
-0.0136770821039221 -0.0104796113444986 -0.446117319722593 -0.203270876588115
-0.0245062669824674 -0.00375300291204882 -0.269040671987562 0.272858514765115
-0.0121147749073631 0.0060555889999615 0.0692830341888224 0.256551345043967
0.00480707712978044 -0.00252192693181415 0.125930970634142 0.0567409417179969
0.00373553669493618 0.00131050721509154 0.03857122444124 -0.106917806177074
-0.00608210070400897 0.00694416384305772 -0.0305218388778202 0.090249952449962
-0.0190701515622914 -0.0017823271635365 -0.0886244581049597 -0.0299757524119125
-0.00980094055000419 -0.0125560001008083 -0.0883866436304521 -0.226082715159933
0.00442394258885325 -0.0282572378997635 0.208221073693763 -0.240815075342134
0.0321677757906188 -0.00803383134060683 0.416430979494619 0.121225524087127
0.0035451091817522 0.0364167954241192 0.0907893109136901 0.467784668740952
-0.0317586010568273 0.0123964447053991 -0.237877130243358 0.249585313428958
-0.031657518487084 -0.00367967176342369 0.00539643338929584 0.0452240622268613
-0.0172789544238824 0.018241859178871 0.285820381815543 -0.218689392689397
0.00532319673092804 0.0263104200503817 -0.00899748110645689 -0.525859004636548
0.0132303358862951 0.00332019016939229 -0.442042489804688 -0.196521787841781
-0.0116290124434913 -0.0131271781669003 -0.246886107264082 0.273179082070752
-0.0145192375056714 -0.00217382629079119 0.0766609658290867 0.250499545283131
-0.0131288366841099 -0.0030457871720972 0.118787660220715 0.0534260522453574
-0.0167872248059288 0.00588434421929772 0.0241226374073938 -0.103887500531895
-0.00580594812956874 0.00716031981267494 -0.0290821888458782 0.0902873854423178
-0.0200770633753969 -0.00370440228577281 -0.0865689318218746 -0.0250600583757557
-0.0115355344498394 -0.0159263992227036 -0.0946410664961046 -0.219585947027065
0.00269545924747042 -0.0312149246312166 0.195533017586928 -0.248108836673032
0.0324172373510011 -0.00823207938866004 0.418937363564142 0.102968199643071
0.00516553047923813 0.0391884849216987 0.109866603987301 0.464944704524419
-0.0335416626414146 0.0155454832974068 -0.235037853767331 0.262042151176656
-0.0345722855738303 -0.00316802803296815 -0.00590628701264135 0.0503673598408979
-0.0205492417098217 0.019445633437191 0.284401406738694 -0.204572995267606
0.00344283467186795 0.0300836052870141 0.012175926525989 -0.522940363145684
0.0148616552240789 0.00591930581997499 -0.436200449580772 -0.215585673272915
-0.0114758239410916 -0.0166057674034111 -0.261865743908511 0.265645185914238
-0.0155873956183147 -0.00629761853229343 0.0687915324710615 0.256389835321665
-0.0144920219312543 -0.00568119096136422 0.120052419380348 0.0594272111747788
-0.0174780496658713 0.00591741166879359 0.0261135847093881 -0.103078582315583
-0.00506004002933036 0.0068764481259209 -0.0267254112485633 0.090735138154821
-0.0197191435370369 -0.00611238480185281 -0.0841110366143194 -0.0212086964400157
-0.0124861225719393 -0.0172651814150127 -0.0993065981563554 -0.214844988788094
0.000967058429510376 -0.0318123718349516 0.184277026034088 -0.25241802048327
0.0300997616554082 -0.00946306484819708 0.420172120897957 0.0900356839198496
0.00497199474811807 0.0379933467571508 0.125964649933501 0.464992240612048
-0.03176362927827 0.0138018703832632 -0.233309106794992 0.273608503522327
-0.0318199480760421 -0.00443529592234663 -0.0173886805467015 0.0561706055624488
-0.0194970935357466 0.016709124958322 0.282387229487621 -0.191496707720508
0.00167010379706187 0.0292338154813122 0.0285565727450103 -0.519468356728748
0.0133739381919455 0.00671056772084018 -0.431995046754145 -0.231584075921155
-0.0121674296734632 -0.0180024211177004 -0.275177055478664 0.258581479445649
-0.0160058087803509 -0.00922705113108208 0.06175367740914 0.261281249302039
-0.0141697430635362 -0.00774567520848656 0.121246477726827 0.0650666326317816
-0.0166879166095677 0.0051095050850921 0.0287685054488845 -0.102266863810409
-0.00264490810174411 0.00606848511803688 -0.0243847686272721 0.0905541541219023
-0.0180105700305752 -0.00692764323355246 -0.0809455139436164 -0.0188719105934192
-0.0122699248173704 -0.0177712158092057 -0.101605939476279 -0.210766391054051
-0.0011640269310957 -0.0315822454159895 0.17636058881676 -0.253489084734638
0.0260513745282417 -0.0110762568469689 0.41752283911225 0.0819974238637625
0.00384846694217787 0.0327787196955993 0.13332795863624 0.4637779425223
-0.0268634521597641 0.00865723995329716 -0.233682232398436 0.283402825752173
-0.0244899645974943 -0.00762932271071351 -0.0272312856110702 0.0608747772709974
-0.0140739816321869 0.0118739629555374 0.278035152449396 -0.180475422044222
-0.000198159585609675 0.0241356689032631 0.0391165470213829 -0.514661804155448
0.0100054577636488 0.00523214503304165 -0.429356583170943 -0.241860970218541
-0.0139059959036119 -0.0178895182616991 -0.284219297331612 0.25375505907962
-0.0162185324903822 -0.00973853132247136 0.0561615131679448 0.26473963087861
-0.0117250093064024 -0.00922779931288418 0.122881468059838 0.0688978872984138
-0.0136282377481746 0.00412326351072745 0.0322624918109893 -0.10188588980052
0.000841106724934706 0.00441706957389775 -0.0209034041736475 0.0902205119186655
-0.0151900776750335 -0.00727388890360923 -0.0778805121553105 -0.0185912512006324
-0.0116837200836111 -0.0166130587895851 -0.102082339657876 -0.210140509293867
-0.00290349729221924 -0.028939874761608 0.171289888076306 -0.253294907744836
0.020921249282362 -0.0129758521850779 0.415037409112134 0.0813079872840314
0.00178683330389554 0.0241034321155591 0.137710671959889 0.4668527782537
-0.020385595039797 0.000475008705911844 -0.236651071905406 0.288693967255904
-0.0143460440534814 -0.0119177071740713 -0.0333861765095636 0.0640748280721431
-0.00677158098269826 0.00479198597619868 0.27409852339181 -0.175728294880765
-0.00138083817722686 0.0156512483429262 0.0425364928957809 -0.509916589770112
0.00460046780026619 0.0023528388894832 -0.430119632324246 -0.244059951412566
-0.0160710400499526 -0.0161284039224692 -0.288456419694817 0.253448180538146
-0.0156804374733975 -0.00779146342152468 0.055411864834635 0.265364186870177
-0.00842382145380924 -0.00857674808583502 0.124363986527564 0.0693083704177968
-0.00908295117629483 0.00383420464364416 0.0344642375090574 -0.102463191021029
0.00449700898137817 0.00369724797018012 -0.0174373447567262 0.090251035395552
-0.0118119571582961 -0.00681437764305865 -0.0758330361278748 -0.0207823961593484
-0.00976268060531481 -0.0139840088201068 -0.101217005095506 -0.211440370234067
-0.00421860690349706 -0.0252993852843817 0.172991155527635 -0.251067121065976
0.0155156798781558 -0.0154620017583877 0.411857002979702 0.0881935211898964
-0.000847721881569701 0.0146019948138754 0.127788533006542 0.470973595150406
-0.0124687067586296 -0.00943618334836875 -0.241944361808034 0.288102409065715
-0.00185236350331191 -0.0169663657310158 -0.0350284559200027 0.0651124380600347
0.00280924537480233 -0.00265132839704969 0.271741009121196 -0.175241149638123
-0.00143604312223605 0.00514934799518727 0.0352362577350619 -0.508148849096698
-0.00153668758340328 -0.00198339284922912 -0.433723478617136 -0.235139578708815
-0.0198209630309375 -0.013104594564706 -0.286629679765388 0.257343873831768
-0.0148351327321441 -0.00398509521093879 0.0573357814895066 0.264357917210884
-0.00462530223685119 -0.00750131806122848 0.125235875730549 0.0673730563580646
-0.00490893179550125 0.00284355425262966 0.0366629055141774 -0.1037120890075
0.00840853119071758 0.00189107837797818 -0.0154853697540768 0.0896123861672233
-0.00792318630150129 -0.00521754119194828 -0.0754114367726104 -0.0238751055320861
-0.00772725255279546 -0.0100789346811807 -0.0968295021420695 -0.215788141239237
-0.00561991052937944 -0.0204763918649017 0.179475656522639 -0.246661278966714
0.0099295001921136 -0.0181764225563476 0.409837842736547 0.101710478030128
-0.00304269408580127 0.00309352418337726 0.115985712596542 0.474603123415154
-0.00322693925681404 -0.0196748589593827 -0.247401529085786 0.284994963900909
0.0114956921743997 -0.0228765609239668 -0.0321693412728221 0.0639592169455535
0.0127285014669438 -0.0120004310020012 0.269263940450437 -0.181053748054412
-0.0016401405977846 -0.00663651437625822 0.0226334084307219 -0.507024916513605
-0.00853976345540951 -0.00700977047039925 -0.438778538309378 -0.222552336974345
-0.0224415846051379 -0.00800642655676871 -0.279145678039656 0.264304579591334
-0.0137478299196375 0.000644152504249474 0.0622215345942084 0.261420984559449
0.00050138940577407 -0.00544586077941267 0.125608966351202 0.0630755175776434
-3.27882746120715E-05 0.00203895069155857 0.0381991706788822 -0.10527558055808
0.0110470531596251 0.00124595542257 -0.0143782052243953 0.0890613300904705
-0.00495275246885918 -0.00312160517459194 -0.0756129457932035 -0.0288926966469634
-0.00631342152391683 -0.00557711327413423 -0.0903869667797331 -0.221645942124715
-0.00614045610108442 -0.0166205402002131 0.189725513570791 -0.24013825749733
0.00639866884103743 -0.0210221255531136 0.406438280600821 0.120505714510305
-0.00443930374190058 -0.00618976362984411 0.0960098922571701 0.48086297149085
0.00457476090401861 -0.0269564220143492 -0.252777713106132 0.274373503836809
0.0216932927891697 -0.026507464043503 -0.0241680254128186 0.0600127752305643
0.0195581907077204 -0.0185603465098092 0.268484457096629 -0.191986514302616
-0.00180682277417137 -0.015483452760426 0.000307497280560449 -0.506703781905745
-0.0131009642987858 -0.0101277557394569 -0.446160517365909 -0.201053517370535
-0.0243675294537349 -0.00365884184184647 -0.266836235729531 0.274315017257295
-0.0120032651397159 0.006152459607286 0.0707451562614113 0.255201134092606
0.0041980255551801 -0.00293092169097056 0.125901542235965 0.0562180835203941
0.00314573562581017 0.00109739715279756 0.0380277126292313 -0.107170853711824
-0.00579993581785682 0.00655341150566263 -0.0302321514445313 0.0901335480101266
-0.018852723669666 -0.00166917222565355 -0.0889963995395489 -0.0300258643486108
-0.0106671711673421 -0.012769278851077 -0.0890442137941161 -0.224475107079124
0.00370973137258431 -0.02814402380028 0.207203249555002 -0.241302369324776
0.0323383015904566 -0.00805617589715311 0.417176111612176 0.120593793830179
0.00411699409653388 0.0361768116195667 0.0924555901342444 0.467672118733049
-0.0321518634059493 0.0122732488072526 -0.237075062344389 0.250131810624968
-0.0318628157527958 -0.0040506471516367 0.00493094487245024 0.0448181870924497
-0.0171498556377595 0.0175858303056062 0.284069521872255 -0.219153729917042
0.00567390523252767 0.0265811656878835 -0.00943112934017387 -0.526378506174655
0.0133836923908235 0.00356078090554657 -0.443546769257889 -0.195759496827904
-0.0117984952257754 -0.0131509612875349 -0.246603505238455 0.27377979434065
-0.0150648853413823 -0.00218268963898396 0.0778353336614219 0.250516970278537
-0.0131455492133916 -0.00293754232508454 0.119525242580897 0.0532004077356855
-0.016899811666201 0.00638207023699288 0.023391293254875 -0.104255087236968
-0.00583901179482774 0.00688966092335625 -0.0288036554407382 0.0903711271150577
-0.0202501923480046 -0.00336428419538623 -0.0869132212599563 -0.0250143608173941
-0.0120429197169074 -0.0158439684914167 -0.0959846312035102 -0.218943880884164
0.00229945809651329 -0.0311095404084403 0.194973893330987 -0.247725412353496
0.0324427209754598 -0.00815592538893939 0.418547329871851 0.102191481203234
0.00472793204894596 0.0396634842069226 0.111885643367323 0.464700202240694
-0.0336520159973516 0.0148631006654734 -0.233622066614754 0.262292914868462
-0.0347924505270936 -0.00317454269835519 -0.00561526141238187 0.0502977359400564
-0.0202229004371248 0.0190888959101436 0.284037278648717 -0.205274787697679
0.00373454485385822 0.0304120172020294 0.00969392270993751 -0.524386721074989
0.0149079192334384 0.00584523122447575 -0.437088819284516 -0.215273895810012
-0.0117913118012028 -0.0165475643584935 -0.260707882387143 0.266525741450747
-0.0155740270015768 -0.00641932412737378 0.0697933699407866 0.255755069018824
-0.0145429654467286 -0.00592544833896203 0.120451538341324 0.0591925482045075
-0.017666738074771 0.00652769728710302 0.0254689947589663 -0.103309026017986
-0.0052780858752158 0.00638800202377392 -0.0264445354642263 0.0904544820387343
-0.0200887045582815 -0.00549295608560724 -0.0840784411497514 -0.0217457838788964
-0.0130468602660298 -0.0172952254319639 -0.100450722746631 -0.213822622497226
0.000631744273001906 -0.0316474600942594 0.18310329322107 -0.252503976876969
0.0302412938430139 -0.00955843689332707 0.419765479602066 0.088196802736945
0.00517911745110576 0.0378602858123214 0.126735850141211 0.462394693788463
-0.0322113602740394 0.0139433565439362 -0.232344598491148 0.273773634764425
-0.0319290498814299 -0.00462575752907742 -0.0174998772509275 0.0559798149861563
-0.0197703698722284 0.0165750483644718 0.281141987767864 -0.192838968836749
0.001505509034247 0.0291763517265444 0.0273026269598811 -0.519463049388834
0.0134409147045219 0.00642945361287936 -0.433832480002177 -0.231242098326384
-0.0123201532626292 -0.0176581405447981 -0.273631572796527 0.260115305164784
-0.0163624255915103 -0.00882932456671501 0.0635992740501133 0.260935332361311
-0.0144713101531326 -0.00760815158714216 0.122209601623017 0.06462960734074
-0.01620628489359 0.00552684090015291 0.0285046311645201 -0.102325576878507
-0.00289132753914887 0.00610280624891306 -0.023633585989692 0.0909238172267031
-0.0183579550433803 -0.0064090467261502 -0.0811850315358362 -0.0188729465325343
-0.012977353520538 -0.0178929229754802 -0.103114734351751 -0.209726402268654
-0.00198120339819945 -0.0313240018878954 0.174530325927121 -0.253910681341206
0.0258615593423351 -0.0111874093962623 0.417451359139338 0.0820797845464517
0.00398119359706659 0.0326169515441815 0.135931242671055 0.461604938786766
-0.0273526606760514 0.00857410356901774 -0.233294259532546 0.283345760659101
-0.02451727070685 -0.0080206042743079 -0.0274130729733711 0.0608285221932187
-0.0152667538284987 0.0118160295234479 0.277598782879782 -0.181092964854832
-8.85543465404502E-05 0.0239884529524957 0.0394100960955503 -0.515543339309983
0.00946358242696564 0.00561908890015198 -0.429266291965531 -0.241042924772518
-0.0139586549463733 -0.01786100799779 -0.283481348349468 0.254911804864697
-0.0159099975048794 -0.00947163899549783 0.0572491957481863 0.264224856025111
-0.0126368337850829 -0.00846412933318129 0.123767332261735 0.0692791195436048
-0.0141206217470957 0.00476571638992417 0.032009345242079 -0.101677752390344
0.000455131498864883 0.00425328683514496 -0.0204668037531973 0.0911850352564918
-0.0154002471251856 -0.0071498597346516 -0.0784425254119933 -0.0181953758679253
-0.0118679875571539 -0.0161800896253735 -0.103377572422789 -0.209214210947408
-0.00352542213766768 -0.0289452052595987 0.170737967901151 -0.253869499969324
0.0205462985805996 -0.0133390406327089 0.414853966279322 0.0792504013371916
0.00183103724306964 0.0245401099252523 0.13729613254351 0.465055327423221
-0.0206994981545384 0.000624289274551771 -0.235112709788613 0.28895187681874
-0.014432119974105 -0.0124689507942037 -0.0333798090147715 0.0637992272687815
-0.00669374175507501 0.00411705176345001 0.274092332499944 -0.176255815390283
-0.00104792721645307 0.0150158961685401 0.0399650476354979 -0.510874586922638
0.00511056344149465 0.00248836403741767 -0.430536235770557 -0.242398541079769
-0.0163197091395754 -0.0158566834759479 -0.287588776864555 0.255051505516775
-0.0155292741981344 -0.00782174546802527 0.0562024019748668 0.265078189488526
-0.00881705185759982 -0.00884208146630905 0.124674052720153 0.0691967830968075
-0.0095726595705994 0.00377122840824686 0.0344030383817984 -0.10215813924228
0.00497010858794788 0.00332109067216689 -0.0177879600118448 0.0897201429749779
-0.0115183050172878 -0.00686239725954908 -0.0765817177365473 -0.020936252008288
-0.0100444530648615 -0.0138184282055623 -0.102154849897752 -0.211388456448274
-0.00468591178290708 -0.0251291740335435 0.171728348700565 -0.251987168131393
0.0154180916026332 -0.0156640922370157 0.412799117618621 0.0865132530942523
-0.000800557984966807 0.014444071439335 0.129806596387726 0.469371259641439
-0.0128356969007789 -0.00938042324592822 -0.240221851172977 0.290119264846887
-0.00182193510955501 -0.0173941377770696 -0.0352039974349252 0.0649499970461426
0.00264003905207321 -0.00345164231800648 0.270816507910987 -0.176651731757089
-0.00138902737654666 0.00461708146637003 0.0339241623299139 -0.507748127980209
-0.00157705396743763 -0.0021258719602205 -0.43392957511784 -0.235817253071884
-0.0194137638329813 -0.0126779480431277 -0.285137309433021 0.258716670465084
-0.015301492466165 -0.00447446305967764 0.0582966750806133 0.264211116741416
-0.00463669831511008 -0.0078684276131016 0.126075803706447 0.0672245436317934
-0.00543820245244486 0.00279126593730869 0.0364105070987747 -0.103405607016935
0.00827410849400148 0.00176098057842751 -0.0153461205704614 0.0891663622015338
-0.00819974501628411 -0.00483596850090408 -0.0757053823445965 -0.0242776731611944
-0.00802141653886281 -0.00976936250592509 -0.0981227306760254 -0.214507193955785
-0.00602709519431978 -0.020616744444011 0.177351511482572 -0.246932489345079
0.0100596647955905 -0.0185482034174928 0.409723172370071 0.100295041323804
-0.00319384805528368 0.00323849983970423 0.118402210285395 0.474611099926588
-0.00369212769879616 -0.0199033405237777 -0.24641465448793 0.284835247826916
0.0112344675330584 -0.023337102633706 -0.0311705652862988 0.0639588758754098
0.0126132270661036 -0.0119326371836475 0.268693786998277 -0.181176639230381
-0.00188817042393339 -0.00641936582776897 0.0201212187566813 -0.506353703140452
-0.00827165087716291 -0.00686820756220857 -0.440191522437193 -0.219340890639992
-0.0225523879595583 -0.00804602642720973 -0.278980793340208 0.265706449905353
-0.0139345732398157 0.000789846288510051 0.0640594708217977 0.261237278079368
-0.00015202546423404 -0.00523975956892217 0.126670528752628 0.0629034698361714
-0.000149187847746283 0.00256742802539091 0.0373975738730421 -0.105034749802508
0.0108460896266617 0.00109418210056969 -0.0142466933897468 0.0891379893510433
-0.00524443137482826 -0.00214533158379816 -0.0759459742839459 -0.029644818589324
-0.00632469443828199 -0.00567284053948726 -0.0921976100734549 -0.22054451865752
-0.00658360342827757 -0.0167775324571946 0.188031011454941 -0.240122675067944
0.0061785859508719 -0.0210257854753508 0.4074444298266 0.117970448355664
-0.00431684947644872 -0.00596250375646659 0.0969873198709533 0.479634468215321
0.00379105862020325 -0.0270083897384531 -0.252945514183195 0.275090658873466
0.0210984893606417 -0.0271348706226476 -0.0243728968192472 0.0600457055154388
0.0192471709565909 -0.0185487183929324 0.267835998707223 -0.19243454778834
-0.00229193870461906 -0.0152260388014333 -0.00206510444055467 -0.507827181853731
-0.0139588091978031 -0.0102220425088354 -0.446280461966931 -0.199724149769535
-0.0248514918468016 -0.00324676490471513 -0.265871925615309 0.275196691339433
-0.0120681647402313 0.00567522608271112 0.0717109867397643 0.255387632090584
0.00394469438082674 -0.00262368837472556 0.126813905362131 0.0561473742919769
0.00345812406389168 0.0015835342143663 0.0375757831389018 -0.107286477606258
-0.00603378713049365 0.00652100559590287 -0.0298412772021894 0.0900937086187844
-0.0195421650337344 -0.00119421501737271 -0.089254115869461 -0.0304799729020521
-0.0102063531438739 -0.0122628156299273 -0.0912027614742422 -0.22407187230895
0.00334873688359778 -0.0279195051110068 0.206044227965147 -0.242469677400864
0.032127444512832 -0.00794305133570218 0.416635445903178 0.117706859621546
0.00411153780235766 0.0362446119027414 0.0938420938190585 0.465192593019271
-0.0321764494402686 0.0122746882295103 -0.235815226685297 0.250876535266011
-0.032527208550443 -0.00370799334173809 0.00570034200209175 0.044907491990854
-0.0172872384013748 0.0175107661729258 0.283140938631709 -0.22117124121339
0.00568232944650344 0.025885502427211 -0.0124930690731699 -0.525934978476178
0.0129958456670869 0.00320770819418428 -0.44292500745256 -0.193611344530423
-0.0121699045970872 -0.0127161043064972 -0.244284071617273 0.275415779144601
-0.0145155060205478 -0.00182502674598921 0.0788247292015336 0.249055945451929
-0.0137485135867614 -0.00273024326943989 0.120396484124521 0.052389627594215
-0.0167573092767249 0.00655266852579512 0.0225676749739152 -0.104154084625257
-0.00643054666659935 0.00663292331849844 -0.0284527508677627 0.0902530947164009
-0.0204706573200819 -0.00337653177392378 -0.0873587662911378 -0.0254114296419522
-0.0118849481904516 -0.0152398810201983 -0.096520917727082 -0.217508168890589
0.00211409670589651 -0.0312282889691126 0.193134919395373 -0.248914019709994
0.0322682045920369 -0.00833268150127272 0.418953705593276 0.0986880664909274
0.00494120178702912 0.0393614986773786 0.11375549262999 0.462936500347986
-0.0339189999781295 0.0153258306753938 -0.231925046020721 0.262389619995351
-0.035094452903337 -0.00343937114989303 -0.00565503835966329 0.0503095959637275
-0.0199554111902952 0.019097392967151 0.282302720680188 -0.206922690986298
0.00385044708941733 0.0299750559002498 0.00793721984859266 -0.522549153616349
0.0148783883810484 0.00646640390232317 -0.438144842549209 -0.213397973877099
-0.0121548887837027 -0.0165134196657119 -0.258216405793736 0.26672915841855
-0.0155879724065792 -0.0061411377489188 0.0711749647100189 0.254976877581602
-0.0153433183230898 -0.00565647316933261 0.12119436206658 0.0585989368182906
-0.0175394724157009 0.0065728237628426 0.0250650375446968 -0.1030977558985
-0.0048916575367627 0.00639067738168083 -0.0258174342164289 0.0902815932775131
-0.0202822087235348 -0.00471362087707165 -0.0847521306386758 -0.0214893067214553
-0.0131377726070648 -0.0175764544991518 -0.102135267954268 -0.212992295588717
0.000115134101965299 -0.031932719998963 0.18168666397321 -0.252958937915563
0.0300464265389225 -0.00989019774199152 0.419328787292297 0.0856386782808841
0.00541338559371261 0.0382326248679849 0.129755287470144 0.461948623791193
-0.0322496601791055 0.013805970978641 -0.231260126479627 0.274164469245015
-0.0325506576778254 -0.0047160355342295 -0.0171678463103705 0.0563349887899446
-0.0192400438522028 0.016387988553906 0.279287445915379 -0.193398413695268
0.00171352851483789 0.029059440874148 0.0243295830248753 -0.519884562306683
0.0132783715281568 0.00651562127456954 -0.433973697448212 -0.22949163010773
-0.0128222798382608 -0.0174392025667396 -0.271462662651361 0.260698004356426
-0.0165595824079406 -0.00881733152529095 0.064501226691142 0.260522056302993
-0.0149104230193156 -0.00772804868123683 0.122762251343675 0.0638343371882668
-0.0170853533296392 0.00574219460189472 0.0275579094102738 -0.101828033654333
-0.00285606066928819 0.00552071689490677 -0.0237136383700658 0.0901713004939855
-0.0185915004056887 -0.00648084040578435 -0.081542434029893 -0.019288519982236
-0.0131102501368973 -0.0170175786395335 -0.10472499979362 -0.209072265513778
-0.00225573957512238 -0.0310241015693292 0.173115692451319 -0.254265653522652
0.0258516825208672 -0.0116709845390186 0.416728030463576 0.0779163448833182
0.00379908187829993 0.0329385893779846 0.138775015300729 0.461337973559259
-0.0277028574985394 0.0088257683845821 -0.230893082164226 0.284164983742256
-0.0250253298744445 -0.00768977739232405 -0.0265590676215759 0.0604237509445136
-0.0142269366785088 0.0115985082319752 0.276438809741618 -0.18202031369639
-0.000149177720160709 0.0240079974489298 0.0360384583214557 -0.515549893784024
0.00953414791821698 0.0053650130560457 -0.428764097746187 -0.238312298615336
-0.014497238537012 -0.0174597703731846 -0.281416358738766 0.255599887187199
-0.0160882742546925 -0.0096094842409089 0.0591825645925244 0.26364600277265
-0.0129396121192941 -0.00943326950436913 0.123953528831404 0.0679637396734705
-0.0139571027745153 0.00480619975567134 0.0309534677101203 -0.101521623784843
0.00031933585988114 0.00463744557958854 -0.0200960086933444 0.0907665555987051
-0.0150483677540641 -0.00712237701985587 -0.0786573444247461 -0.0192075551966429
-0.0122998850047835 -0.0163146748683049 -0.104345772552326 -0.207852919966128
-0.0041505168189187 -0.0287801715878728 0.168970982993394 -0.253958852645125
0.0209374420701495 -0.0135998826131039 0.414126551886503 0.0780067616698261
0.00184522302662471 0.024773870783288 0.139775584240314 0.464134559954213
-0.0209633738011863 0.000375619728375403 -0.234122566241903 0.290367971088127
-0.0145549168069308 -0.0124717245844837 -0.0325321246253381 0.0636018673936762
-0.00636635942052007 0.0041212897376471 0.27187513373423 -0.176772508832898
-0.00103151070059731 0.0154520364229796 0.0381663418639578 -0.51080637924741
0.00440048128439439 0.00212127309702975 -0.430105925055488 -0.24065994765406
-0.0167022210349868 -0.0160356927701179 -0.286472984725979 0.256378210680194
-0.0152864096332436 -0.00760804312734717 0.0571754659859649 0.264953124842913
-0.00936930833370777 -0.0089461878127693 0.12552200800102 0.068454394102682
-0.00993557797589886 0.00396311772683962 0.0334769502632327 -0.102261679205496
0.00416966462168126 0.00353497328679036 -0.0172311546549431 0.0905393146571376
-0.0119835580353548 -0.0061516323259513 -0.0766514738213274 -0.0206923196854878
-0.0106312958525545 -0.0136890223061619 -0.103476474821791 -0.210149782852173
-0.00564130666670772 -0.025117631315153 0.170111209125263 -0.251994625188378
0.0154895434151649 -0.0157956993680094 0.411762152166296 0.0847752883812964
-0.000883413140778145 0.0149858949750306 0.131731844651317 0.467908494176534
-0.0136240361270419 -0.00956648889013132 -0.23892692117609 0.288653710668855
-0.00233056293846156 -0.0175578652977032 -0.0344740780005377 0.0649082274715562
0.00318194519739036 -0.0038928545128027 0.269290193989995 -0.17689246598384
-0.0012475674724288 0.00495957329160814 0.0319115937684958 -0.506976643094022
-0.00148995846191383 -0.00215178400297204 -0.435163090453651 -0.232915679962005
-0.0198830221469782 -0.0128266841863916 -0.284325778317133 0.260415017176966
-0.0149890335038654 -0.00440899630104627 0.0597147635058283 0.264154756788851
-0.00507035853003837 -0.00776008297786361 0.126639295910093 0.0664327961651047
-0.00506063456890352 0.00356585250438487 0.0358989062792006 -0.103528127832
0.00805228928304668 0.00167566413945156 -0.0146486387027942 0.0891186624431365
-0.00846454837749202 -0.00480147981409531 -0.0754247291603924 -0.0247540194578863
-0.00851366595248671 -0.00968042053916881 -0.0989779109586857 -0.213660528103656
-0.00651965244219134 -0.0208321964567013 0.176010031833801 -0.246848295715507
0.00990727757358389 -0.0184419939667413 0.408487525852566 0.0986907398809876
-0.00311871677951998 0.00342439843868277 0.119316457610082 0.474072931760079
-0.00423850363317856 -0.0202051275213992 -0.243985636869604 0.28497977819575
0.0112960954789756 -0.0233773731875559 -0.0318218578435786 0.0633533631928306
0.0125675733525495 -0.0123220598826568 0.267278027850953 -0.182201935193926
-0.00191236437910947 -0.00694956862479337 0.0161792482188543 -0.505762659173227
-0.00850963147532488 -0.00632037331251666 -0.439784136770359 -0.219253791738835
-0.0228014690123923 -0.0079475279228321 -0.277351645127556 0.265496793517826
-0.0134290931175891 0.000884891156344363 0.0657467111418299 0.260085992327933
-0.000731734467744013 -0.00568893866317308 0.12741524965048 0.0627577354578159
0.000141578302706605 0.00248407190638797 0.0365010137599748 -0.105436079596999
0.010815997357372 0.000903740139731337 -0.0140189198239578 0.0888045606313115
-0.00502081940026258 -0.00262324133177351 -0.0760451806892434 -0.0300395215780606
-0.00648243303341568 -0.00565981176101087 -0.0938100823342498 -0.219019519017299
-0.00685681253149361 -0.0165205643700497 0.186679907682557 -0.240508710735934
0.00588314197125583 -0.0211398489231797 0.406237394846089 0.116347962455162
-0.00459483408928763 -0.0061229331511524 0.100384267076931 0.478166334539184
0.00383926929347827 -0.0274357019477765 -0.251390299217935 0.274536176198872
0.0209735335171215 -0.0273693740963572 -0.0240177206583566 0.0599609719101088
0.0197593670507037 -0.019290596913201 0.266179058208388 -0.192711712012535
-0.00186645952565835 -0.0155487558582067 -0.00331787673305915 -0.506042197192706
-0.0135147835870626 -0.00936693258658859 -0.446564456758601 -0.197861465819256
-0.0244384880159753 -0.00287955105528364 -0.264487582455777 0.276655480121023
-0.0116937498421335 0.00631910221357317 0.0733400304050741 0.254472759877781
0.00359346490252849 -0.00265884351263431 0.126901088223788 0.0559148892822731
0.00322237455036705 0.00212628125608152 0.0370143198491053 -0.107083213018365
-0.00582346649955373 0.00667930605769368 -0.0289017682533552 0.0895539195323421
-0.0194559702838387 -0.000601160292716019 -0.0897190042092352 -0.030079350706505
-0.0111829234497592 -0.012194572863466 -0.0917487343638475 -0.222863202126614
0.00318562658466622 -0.0277400173630822 0.203891324399601 -0.242816603002115
0.0322241445623424 -0.00871240260183042 0.417175230976543 0.114605205235976
0.00429267226869609 0.0366527096210471 0.0956976526328262 0.463941957664869
-0.0326537843766821 0.0124692939172146 -0.23393064247006 0.250138487683744
-0.0328320944757497 -0.00448821634881657 0.0056763354038504 0.0445085888697188
-0.0170166847789364 0.0176655217483419 0.28143849861805 -0.221729631017489
0.00557357716184815 0.0260932725368692 -0.0162400020972966 -0.523852966997353
0.0134107583331258 0.00310696250359077 -0.443841743384512 -0.192602488600996
-0.0120530975398887 -0.0127208206568842 -0.243105611038535 0.275262306647553
-0.0147915614049185 -0.00235224511510371 0.0806635038203424 0.248684296842346
-0.0142243378591184 -0.00278895525994505 0.12063181158723 0.0523741770593971
-0.0168153728598677 0.00727421073074103 0.0219591721137222 -0.10387750833436
-0.00638728865999103 0.00691221368741551 -0.0281567527049945 0.0901926920899887
-0.0204992121814669 -0.00307416678506614 -0.0877105979114948 -0.0254045154163111
-0.0123811436358383 -0.0150515574343508 -0.0980364898393242 -0.216421063706804
0.00214874105502609 -0.0307205076248236 0.192116259285627 -0.248897699038306
0.0326378572712774 -0.00882734583872408 0.418142663888533 0.0978983585212197
0.00516238829736546 0.0395089406742617 0.116418838537934 0.462631999977546
-0.0341927962221355 0.0154214673749248 -0.230676554571004 0.262623474781909
-0.0349572265735522 -0.00269083967111778 -0.00573489644570769 0.0500207140577895
-0.0204660632149354 0.0185228110826826 0.280987523045879 -0.207847600224789
0.00403143048186087 0.0296687175516707 0.00543504827564128 -0.521495909241193
0.0150256115151605 0.00590592873108748 -0.438359689959217 -0.21008219351212
-0.0120430153171442 -0.0158455703642928 -0.257412089423115 0.267858407761653
-0.0161100273322556 -0.00635505828159049 0.0729045622123646 0.254112597893685
-0.0158297615960903 -0.00568260345672852 0.121691729764789 0.0583585794561542
-0.0177442226151717 0.00718834004274642 0.0245395639064411 -0.103172430725635
-0.00507419455742643 0.0062790168428884 -0.025507183795952 0.0904890100616348
-0.0202426219799932 -0.00475907171483026 -0.0851170375209602 -0.02158438960862
-0.013250318464809 -0.0169857064320547 -0.103207113697843 -0.211510511989271
-0.000600610180073282 -0.0314542174589036 0.180023785451023 -0.252858114069128
0.030139676191203 -0.00957116016480264 0.418567121336725 0.083304786605136
0.00573838940642217 0.0381966732900041 0.131187805782796 0.457982507567547
-0.0323556961880471 0.0139557792440711 -0.229436881032385 0.274356541888966
-0.0324678227214296 -0.00463207425574536 -0.0168231037794551 0.0554117572827819
-0.0195895252081243 0.016749094413687 0.277926939590736 -0.194168953068931
0.00213441787067994 0.0287769663408088 0.0222324091035443 -0.518681555934593
0.0137758336380743 0.00676298543733789 -0.434187080226569 -0.227033323935423
-0.0125404373367996 -0.0179347494660675 -0.270900580148786 0.262046768980993
-0.0160371927141696 -0.00873685415947587 0.0660890826712132 0.259550407181605
-0.0149680915540259 -0.00708214914355441 0.123407861820471 0.0635349717417883
-0.0169231531856088 0.00630014761746865 0.0272588119683812 -0.10238931653843
-0.00284361485953322 0.00574508807400413 -0.0225947222539948 0.0905847573996069
-0.0181303660490905 -0.00570609670160031 -0.0815654267678468 -0.019608896418912
-0.0132427054885752 -0.0169789947526008 -0.105681540409817 -0.207781246554765
-0.00249662747592982 -0.0312609622920121 0.17114631879115 -0.254377155591892
0.0260154229828407 -0.011612108300895 0.416521528528421 0.0756184160302747
0.00407954993801651 0.0327598074520446 0.140136075937483 0.460239365679346
-0.0279686368450259 0.0086299505074351 -0.229261829334943 0.283542276963459
-0.0254365618990153 -0.00802323104063209 -0.026357950144099 0.0601352699086109
-0.0143933904918245 0.0112315796296515 0.275231354710101 -0.182824804613881
0.00018075314671169 0.0231978938091283 0.0340356947917601 -0.514539442503329
0.0104685155148182 0.00574118488106731 -0.429569103439874 -0.23722412048439
-0.013882668949774 -0.0176724934714327 -0.279637177223968 0.256994256551401
-0.0157385369234566 -0.00915963704623462 0.0598353988336112 0.262572574588675
-0.0129938946288854 -0.00899546146332816 0.12437950127233 0.0670413183573929
-0.0140052643249893 0.00523924240571269 0.0300863832715491 -0.101960489440323
0.00031409825038125 0.00440234143901158 -0.0198091296598597 0.0898446793933844
-0.0158551373283418 -0.0065410610983661 -0.078869915176413 -0.019156553480368
-0.0123436996051309 -0.0158151050344583 -0.10574674644977 -0.20725457773686
-0.00446472213095677 -0.0285807253855286 0.167256741223355 -0.253971919857085
0.0207428781799083 -0.0135492983731694 0.414649798280305 0.0751891722691973
0.00187525339280117 0.0249352352349206 0.142293587879558 0.462078945656971
-0.021499891970494 0.000376516061385096 -0.231365092407586 0.288865169581458
-0.0146006368023965 -0.01314005081317 -0.0327412261406013 0.0631018320907212
-0.00661059968774526 0.00375953085921271 0.271009082867675 -0.177365770959956
-0.000787648895967857 0.0155617068570073 0.0362170464226896 -0.508963442196522
0.00459195626947051 0.00280879769579399 -0.429891391648014 -0.239358241749368
-0.0164140353454541 -0.0152007114162762 -0.28416284136968 0.256216380882909
-0.0153841824869745 -0.00772606210265225 0.0586910898636917 0.263435279975913
-0.00941524180015245 -0.00868579631819972 0.125820714828804 0.0677924477155508
-0.00969949398191386 0.00455408467169539 0.0331387860594084 -0.102312096572721
0.00413847542981788 0.00288658938749477 -0.0165438782826918 0.0899677345763647
-0.0120458449190544 -0.00616910024024168 -0.0770460660734684 -0.0212023596155731
-0.0109971921463327 -0.0135846931124224 -0.104284812798732 -0.209030263761723
-0.00575080740582167 -0.0250279761492917 0.167908312355503 -0.252013329975858
0.0155752629494143 -0.0160319300986735 0.412338969954678 0.0819197384863166
-0.000483079313190735 0.01491071051258 0.133977580470267 0.467105427133979
-0.0138929004514218 -0.00951207282858787 -0.237642611342048 0.289777238341836
-0.00233893429170681 -0.0176818136205214 -0.0343325815556698 0.0646304309674844
0.00211874620815594 -0.00407038533981353 0.267560032151932 -0.177377908699676
-0.00165061915549991 0.00473150071816135 0.027838591098115 -0.507332517552174
-0.00139389086404326 -0.00131845472269964 -0.434582245885649 -0.23188327874921
-0.0197208487209116 -0.0121449492510824 -0.282525388246923 0.260593770150263
-0.0144279446018238 -0.00437326921096331 0.0611947382711084 0.262523953625631
-0.00580098976180897 -0.00764739155585554 0.126932161457733 0.0655959025226123
-0.00519938991435241 0.00341267680645168 0.0349921453568123 -0.103902981079726
0.00808092701657966 0.00166407104624793 -0.0139588293923971 0.0890967633467295
-0.00808791688269527 -0.00414935719418398 -0.075842151941087 -0.0248781274166395
-0.00881529547849635 -0.00958190704757646 -0.100699038026989 -0.212321820484226
-0.00693889591629009 -0.020650540956511 0.174216121389615 -0.24728380394123
0.00960576353797772 -0.0183630705197069 0.408747113299325 0.0972194226370891
-0.00331100426458202 0.00353567314325789 0.121891015762117 0.471058747564534
-0.00457136867257855 -0.019470698545379 -0.242579432712493 0.285712688287663
0.0111720166150141 -0.0234822868585346 -0.0315645135809079 0.0637136312817599
0.012531879890842 -0.012762917460123 0.265845984586556 -0.182717450308789
-0.0013307766566957 -0.00705145611350012 0.0141618942564147 -0.506279174589877
-0.00835819602916775 -0.00615693709445859 -0.439812946793344 -0.216833411205055
-0.0225922189547067 -0.00810621206067667 -0.275395972116555 0.267328784665932
-0.0135222991817018 0.000353485261672515 0.0669592886379654 0.259878180285492
-0.00102976358073458 -0.00514154001899327 0.127841004074993 0.0618877443917264
-0.000512099170409805 0.00253148843092392 0.0362402472290388 -0.105261279984779
0.0110235922382434 0.000487327361091477 -0.0132419512077856 0.0888095068184012
-0.00548973715910784 -0.00229977956369487 -0.0767694414954165 -0.0301026693599207
-0.00700394494370857 -0.00565956165253285 -0.0949127588572321 -0.2185115425877
-0.00695386031132364 -0.0168684168144788 0.185052412297222 -0.241610367274716
0.00613819237739066 -0.0210533978442887 0.405864183227259 0.112340434334177
-0.00470079877778269 -0.00551072963883978 0.101814276606201 0.476410135554674
0.00272254373150017 -0.0273454663615508 -0.249682774471486 0.27513703155829
0.0204356080478933 -0.0271502550529409 -0.0235024025208474 0.0598140914201915
0.01961444478053 -0.0190914832430835 0.264740996936182 -0.19395816591045
-0.00270472150579698 -0.0160363362844244 -0.00602345718437792 -0.504778847978203
-0.0133695896957238 -0.00926152160989328 -0.447119767127245 -0.195225662991218
-0.0243795784904377 -0.00359055402380508 -0.263255818016531 0.276688956824157
-0.0118660137887017 0.00591373274372117 0.0746712566344022 0.253766194470885
0.0032090023649312 -0.00269264465385505 0.127624280738482 0.0548352691965447
0.00319157233445165 0.002656028522229 0.0357626821394577 -0.106460878321181
-0.00620097888113508 0.00634240703645257 -0.028656959187133 0.089827010195879
-0.0191486829195652 -0.000183324539790915 -0.090516226202135 -0.0302064332022625
-0.0115826276288361 -0.012007618139096 -0.0936125266816377 -0.221857809442105
0.00249573277338352 -0.0278107311448219 0.20253907791034 -0.243026523942928
0.0319798017480183 -0.00880869745478068 0.416321407404901 0.112339393125601
0.00432509623414811 0.0368706261038757 0.0978246650348097 0.461795539004521
-0.0328599982211954 0.0127364726007422 -0.232175514085342 0.250839155869035
-0.0326314176193921 -0.00404641854689496 0.00539068043141387 0.0446659470510619
-0.0170784372992129 0.0171395990695901 0.279636113348336 -0.222603940328646
0.0058484378491801 0.0260701332521838 -0.0170365895191529 -0.523690718572606
0.01310440546528 0.00396101134205431 -0.443345210209186 -0.18954171568898
-0.0120363850172408 -0.0123495647675731 -0.241227954558522 0.276578729241162
-0.0144665765102851 -0.00209970190584994 0.0821346747878295 0.247697342130083
-0.0141200617259314 -0.0022911867927222 0.121358806330944 0.0514884923861131
-0.0168594529341243 0.00725830922179647 0.0217040537565877 -0.103618682692125
-0.00635573662126245 0.00677196099860733 -0.0272176266792145 0.0903918158330484
-0.0208249587933206 -0.00256265701970261 -0.0882189912189046 -0.0248559464547733
-0.0126487512022291 -0.0148443025968536 -0.0997121614244326 -0.215760602356189
0.00106446424855499 -0.0306656185720947 0.190101483785602 -0.249651754318805
0.0322983932165816 -0.00919152944254617 0.418292711457239 0.0945081001009875
0.00544456992956138 0.0391083449640646 0.118390892120233 0.460408527876093
-0.0344827362637528 0.0151827257908499 -0.229191437175617 0.263422162267924
-0.0353219727052204 -0.00324669442955176 -0.00574814039442526 0.0501803644732024
-0.0199058945120534 0.0187364857637976 0.27903655916639 -0.208409313050204
0.00386588249853988 0.0294357406455865 0.00263001560981606 -0.522145310897032
0.0147857505925064 0.00657141083947059 -0.438014453450651 -0.20944054759474
-0.0117301699762508 -0.0157215329102026 -0.255758166888354 0.268831007802866
-0.0153905113871011 -0.00639002458760487 0.0739034604311493 0.253601077093688
-0.0159007413521096 -0.00514312590158678 0.122544107949725 0.0575224235964103
-0.0178420624692509 0.0074127972438694 0.0238697556718654 -0.102855543624467
-0.00556677204823979 0.00661464575206624 -0.0246490261926958 0.0906665464267296
-0.020511843236652 -0.00444519320140708 -0.0857334540644211 -0.0212502510718905
-0.0141899375147415 -0.0167785960612549 -0.104040415600953 -0.210187360018869
-0.00122853798445728 -0.0314952085122854 0.178159673389959 -0.253619950264895
0.0303085444901397 -0.00981145579194846 0.417918736209072 0.0803810492514248
0.00542619515992225 0.0388311169768334 0.134018554200532 0.457698870490301
-0.0328792135504279 0.0139685518471024 -0.227584270412702 0.274622084932668
-0.0328211163167004 -0.00468229383074224 -0.016568294625062 0.0553053010733847
-0.01909576096231 0.016105156229343 0.276015218593509 -0.195285934643156
0.00215887192820685 0.0289008913776735 0.0200230036832766 -0.518191763661805
0.0136644178834143 0.00663686784045866 -0.434628731840649 -0.225572356738121
-0.0125021297391329 -0.0171525696341227 -0.268173880811761 0.262081667569249
-0.0162280140099938 -0.00874895967779306 0.0675684270465801 0.258996806362686
-0.01569719254528 -0.00747988944260503 0.124144455098325 0.0632804101471553
-0.0165003891905539 0.00681378409033023 0.0263819926357501 -0.102212417373671
-0.00292532164742375 0.00571827463959503 -0.0221850811117549 0.0905008188319724
-0.0188383945796505 -0.00545247442783253 -0.0819873597829012 -0.0190348288594576
-0.0136801932293764 -0.0166802499488617 -0.106859872935834 -0.206611820679694
-0.00299653278010939 -0.0310654583925044 0.169531169488668 -0.255363359214917
0.0257516315506395 -0.0116772715225642 0.417190899717344 0.0753670675823454
0.00403707339991626 0.0329870303411765 0.140702121767174 0.458052505621946
-0.0278348280875354 0.00889911577651796 -0.22749279954347 0.284351154016246
-0.0257929618983696 -0.00830680940720051 -0.0266258221296962 0.0599640765720336
-0.0142639281253703 0.0108411551318345 0.273344402843475 -0.18382854938325
2.73431561489262E-05 0.023785340432985 0.0317772182097634 -0.514828250117174
0.0100051411944583 0.00580986252031804 -0.431330881327337 -0.234970815466531
-0.0141842616231134 -0.0170910132732285 -0.278641108039641 0.257949062909317
-0.0163151924245409 -0.00966944324023301 0.0617304437940832 0.262751176610165
-0.0137829737374558 -0.00865962814964105 0.125465759395185 0.0663540564409886
-0.0140741843214266 0.00562937349410733 0.0300181141899843 -0.1022315795249
0.000135596753918338 0.00430197709108666 -0.0184801615090459 0.0903433635636
-0.0157610908505892 -0.00619255834657439 -0.0796116089883551 -0.0192138785222613
-0.0130959058817759 -0.015675096008664 -0.107497848418719 -0.205532369566215
-0.00462283537689582 -0.0286427843455983 0.165597931663583 -0.255025949275408
0.020623181400928 -0.0138569594106239 0.414245917435563 0.0736032275351208
0.00197921846414744 0.025027519195406 0.14410021726951 0.459747838925418
-0.021385352513225 0.000605006275058283 -0.230576933408563 0.290065936264303
-0.0148478075275582 -0.0129335546273155 -0.032800048256889 0.0631525225817621
-0.00691185611570761 0.00360679320181604 0.269865553340608 -0.178573947827044
-0.000643288839179652 0.0151235272746648 0.032189767290728 -0.508282584956319
0.00487933251073694 0.00281680885770337 -0.431840940486949 -0.236665044910289
-0.0166306259058135 -0.0150397032820214 -0.281186398500005 0.257591094570441
-0.0153946424092568 -0.00806741614514855 0.0604257817991166 0.263503300295618
-0.0100509545498835 -0.00894150989589671 0.126538702667018 0.0679693391750997
-0.00970756396882011 0.00466059446684956 0.0322539300946975 -0.102841086649384
0.00387640591838548 0.00264292984135376 -0.0159976966513009 0.0895733711651577
-0.0125115435562963 -0.00568416347637345 -0.0775422689589488 -0.0210653238639869
-0.0112128579277015 -0.0134317928089203 -0.105232181608817 -0.207659719003572
-0.00604508480818262 -0.024896443166651 0.16684655716374 -0.2527810009133
0.0150944892441172 -0.0158347531284343 0.412187713654793 0.079516617891051
-0.000827929522072296 0.0151710689680116 0.135564981793513 0.464872830837629
-0.0139756421675393 -0.00929342756051042 -0.235354665811702 0.29017179009356
-0.00270278666289798 -0.0179293232663203 -0.0347134497202173 0.0642766245150896
0.0026378544438832 -0.00399332902416227 0.266130000365845 -0.179408356136357
-0.000893524411456001 0.0050390960339938 0.0259231603310111 -0.507613745578363
-0.00134698969118653 -0.0014784126657843 -0.436345849009168 -0.22778663578432
-0.0196410482300188 -0.0121248496748644 -0.280242865474558 0.261563813660534
-0.0148718238231607 -0.00457785064832158 0.0630483643304731 0.262509857452348
-0.00583902889840962 -0.00770444200910467 0.127967149723029 0.0650195547039326
-0.00508472146356123 0.00355546441199802 0.0342127068460236 -0.104196180499365
0.00762587780160982 0.00123584283602962 -0.0138799294572911 0.0896045886664432
-0.00858996836309487 -0.00404266644121396 -0.0770427255865977 -0.0243724217464816
-0.00910453564603243 -0.00909985030444616 -0.101437762213945 -0.211884531854476
-0.00702800089895733 -0.0206557208540167 0.172901841957898 -0.247836467262996
0.00932932304946796 -0.0185790045977047 0.409540399709845 0.0935429236427631
-0.00335270433329817 0.00355741243582028 0.122146334052942 0.470374158774841
-0.00481697099002822 -0.0199825114832091 -0.24034536788429 0.28683471566388
0.0105773443621379 -0.0233462413501794 -0.0309407360634531 0.0635172541942288
0.012631042094106 -0.0130465087910398 0.264296796963995 -0.18430086391676
-0.00183345341411482 -0.00698213291428438 0.0130615332430498 -0.505342543541721
-0.00858029779359766 -0.00622658012595139 -0.439974114020641 -0.214233186310099
-0.0230533978327285 -0.00724584694610914 -0.274316498635044 0.268777271364916
-0.0131644966307096 0.000513749644137858 0.0682525859499631 0.259027801028236
-0.00152374550245457 -0.00515283106176137 0.128306909385372 0.0609765923578322
-0.000420322895635459 0.00281331494561627 0.0354570747818317 -0.105227300751077
0.0102727148474601 0.000254439539687484 -0.0132018523560994 0.0890105673237025
-0.00591092409620911 -0.002220441930872 -0.0774769049432317 -0.0301911433765018
-0.00704252778792502 -0.00504424550393492 -0.0960059723921037 -0.217410557010713
-0.00725705067444629 -0.0164170691708653 0.183809150112001 -0.240911105215468
0.00589943585101191 -0.0210798687408508 0.405985932602118 0.111484351916837
-0.0044178068320574 -0.00548054191420448 0.1026628697033 0.474570629299273
0.00239137124957201 -0.0274101859156577 -0.247375677405532 0.276184181161579
0.0202232971100278 -0.0279475136518638 -0.0234829156026672 0.0594324163735747
0.0193151425968999 -0.0194780135236207 0.263368850021816 -0.194605768455658
-0.0022410675514725 -0.0162522636998047 -0.00804499076218937 -0.503794071698941
-0.0137998652927044 -0.00933933152866863 -0.447872150510509 -0.193862152630312
-0.0245472884762253 -0.00290898362187066 -0.26116754336788 0.278344620887153
-0.0114199807333884 0.00599093837336325 0.075883314315342 0.252896050947195
0.00248964675993208 -0.00284022656156351 0.128439312283451 0.0545732210809201
0.00316662844341442 0.00242971065176391 0.0353715684742746 -0.106848189917599
-0.00761256647232109 0.00356795281519289 -0.0463825285639669 0.0826207312343281
-0.0176292526230396 -0.00464289185285588 -0.0823348072922852 -0.0481931635592395
-0.00539943277032699 -0.0124787841662668 -0.0451159927005375 -0.234436704455384
0.00747580480914257 -0.021605964902509 0.248223134514908 -0.196591171970415
0.0265035373149708 -0.00122913404348467 0.384059104561409 0.194286685174304
-0.00369682361280527 0.0332144034812052 -0.00203999235228021 0.475363700563758
-0.0331829544899774 0.00647761929216248 -0.285244565611475 0.195624537430161
-0.0310727604907995 -0.0117334406925551 -0.00440623434544784 0.0441256793473088
-0.0208730067030806 0.0131591137897838 0.320931883143615 -0.156645988660171
-0.0017414382809001 0.0271150756195515 0.0971092443583227 -0.510813144524406
0.0122113180561188 0.0074348978773319 -0.39128414174072 -0.279857540662625
-0.0072075621519592 -0.0118517366736159 -0.297859451360917 0.216759191391841
-0.0121278831008455 -0.00477153548579356 0.0284334111299564 0.263063611332105
-0.0131042718736074 -0.00610652452911652 0.110687630721624 0.0776111829720745
-0.0186830441684187 0.00380458486578084 0.045665080151858 -0.0994333991651226
-0.00813731585826776 0.00406782242188423 -0.0452211133632035 0.0831171613641936
-0.0181666874819618 -0.00688656655137633 -0.0820726514773794 -0.0432496093765292
-0.00640190791353202 -0.0160770964425452 -0.0523048295666582 -0.229994819403943
0.00705636798708994 -0.0242370353452677 0.236485593625576 -0.205380459898024
0.0267356449076345 -0.00134326774709654 0.389484664273899 0.17680608246619
-0.00335329436257136 0.0358850661229943 0.0172550264586057 0.47571850779179
-0.0353842083607579 0.0086662149100889 -0.28435274807376 0.208424034859122
-0.0343620618019701 -0.0109966385797265 -0.0161213121318633 0.0476725654037474
-0.0242507342925011 0.0135968781280596 0.316201357816442 -0.143272031478634
-0.00394739805696709 0.0301177009165159 0.117872141546409 -0.503741686360494
0.0134334568265431 0.00960820462266887 -0.382167342630746 -0.298024698085981
-0.00623157834586096 -0.0151738712975845 -0.310998152565953 0.206184047470772
-0.0124276357378859 -0.00911255409335073 0.0189403936576521 0.267018295517074
-0.013802950682824 -0.00916588286597458 0.110312413830877 0.0834190121878263
-0.018872670695844 0.00356788905612239 0.0474780662368206 -0.097521800475431
-0.00737835649831941 0.00402629660850672 -0.0430120377355902 0.0840576684236945
-0.0180931813329943 -0.00852198769780843 -0.07968970001331 -0.0395464326130979
-0.00718094063505838 -0.0176556572890653 -0.0576655898427201 -0.226517240108907
0.00546405317268806 -0.0263310103166424 0.226183295518894 -0.210896421670212
0.0251300294718165 -0.00274968239182838 0.391357295162334 0.163831310993868
-0.00336878576381408 0.0346864173153227 0.0342024394443701 0.478142346583332
-0.0329635312142771 0.0082203482092982 -0.285151646176825 0.220024159724713
-0.0313255994636749 -0.0121737917713043 -0.0287943190674613 0.0504044809135133
-0.0230725244068546 0.011570381082109 0.311375654757577 -0.130262003730803
-0.00585210287309353 0.0287606234526396 0.132666153873137 -0.498163100051543
0.0119123919509744 0.0104044917788372 -0.374432112157604 -0.313027524862177
-0.00644830136884503 -0.016102255453581 -0.321327118173191 0.196956949871615
-0.0120149090049551 -0.0115649245260222 0.0108798842991893 0.271100567940338
-0.0128651572721495 -0.0114322717686648 0.110716218075435 0.0892271980244427
-0.0181857128935895 0.00308330597880967 0.0508447002666555 -0.0968154993050879
-0.00460646620102296 0.00358673481801021 -0.0405700144459738 0.0845515126734624
-0.0158768637196743 -0.00942203690887455 -0.0768333342430901 -0.036867597064548
-0.00687577094642188 -0.0180539985893245 -0.0610084203290713 -0.223286846653834
0.00339930823114429 -0.0260415529197739 0.218247849355108 -0.214694857301169
0.0211372495228494 -0.00494375126526311 0.391286788455265 0.155166390770326
-0.0040107583025075 0.0295954743083782 0.0425401192392196 0.479284844090807
-0.0277052360659761 0.00413631458235367 -0.287738706003154 0.22932146947513
-0.0237672441021902 -0.0136535767703149 -0.0385657236206415 0.0529707517423007
-0.0176768077158023 0.00787386616142389 0.305666676111092 -0.120372436506309
-0.00645390508441847 0.0233984628645187 0.143437759207932 -0.490181810402152
0.0085675639906423 0.00853672619378267 -0.368539764540967 -0.321414953751791
-0.00814063424995728 -0.0167543097943468 -0.33044843937107 0.189624414716673
-0.0119054286940231 -0.0122909432101748 0.00452370490735457 0.273024077068086
-0.0104868477963359 -0.0122317402639551 0.111348211431792 0.0942108732902446
-0.0153581112942848 0.00317408183485449 0.053776548009493 -0.0954834815930479
-0.00158403585648661 0.0034050982263211 -0.0367659838208756 0.0856255057341254
-0.013501724823405 -0.00924470414883457 -0.0741681807266827 -0.0351242974689643
-0.00621036496104855 -0.0169941664634186 -0.0611068574439624 -0.222739518545197
0.00136426079461373 -0.0236835262381695 0.213997327983776 -0.215622099873527
0.0166680384042287 -0.00848447471717215 0.389220577572825 0.155233148323618
-0.00416872483371414 0.0209248504409658 0.0431888275503355 0.481505750292952
-0.0197451441130252 -0.00308020310922236 -0.291558389424213 0.234960291389813
-0.0123698263585566 -0.0165516295041838 -0.0452777740378736 0.0546804462795372
-0.00793421083321612 0.00230231291108813 0.300295318703391 -0.115972878746985
-0.00561280110008856 0.0150217585060079 0.143928331002816 -0.485381186048306
0.00406603666485992 0.00423357748290418 -0.369492230325412 -0.32317547311175
-0.0113622395516174 -0.0159116565140988 -0.335442008755214 0.189580012849289
-0.0115845758904181 -0.010374129323272 0.00329769101037317 0.273601299726126
-0.0076197921986801 -0.0117086748013353 0.112242351360275 0.0945446725754446
-0.0107716360162005 0.00268195586586548 0.0566056460237269 -0.0954398137382729
0.00257673484970402 0.00269494463318668 -0.03317275446629 0.0851858423247615
-0.0100219300240182 -0.00812937581268882 -0.0717405897403162 -0.0376018265534898
-0.00515303714333421 -0.0139916038770139 -0.0598927512409217 -0.224259379216238
-0.000694722445754942 -0.0207312114177929 0.214755125682613 -0.212505056336603
0.0121401192747126 -0.0110842321927434 0.38588284395934 0.160737110291857
-0.00465193773924691 0.010907204094991 0.0365838752287245 0.483812062797927
-0.0103564965981507 -0.0110104267747343 -0.298177327123152 0.233469888188443
0.00117573589801432 -0.0188327416736858 -0.0472708862116426 0.0555115470753779
0.0027279161165904 -0.00358235573011951 0.298086992677935 -0.116780747104609
-0.00396696175685473 0.0046533905151314 0.137362687912953 -0.485246058247859
-0.000971333177083479 -0.000621685905369681 -0.37523951258478 -0.317141426867393
-0.0153338764063417 -0.0132016359578914 -0.333966451057823 0.193615614811489
-0.011823465764541 -0.00700760314272196 0.00532257133321835 0.273240442723723
-0.00383411480609971 -0.00967219742833805 0.114262010063661 0.0929539574871878
-0.00649861513523484 0.00270275265923933 0.0584718012631757 -0.0965288113565514
0.00666405433341452 0.00183253329596678 -0.0311774327159747 0.0856506906614677
-0.00664858173770109 -0.00601080866803306 -0.0702859653121972 -0.040796460295686
-0.00398972709800741 -0.00975831419495225 -0.0550641990883002 -0.227094925189341
-0.00288933611511917 -0.0164456332507097 0.21918404529938 -0.206916691624242
0.00709973680818178 -0.0149897984258849 0.38097894204271 0.174231939454323
-0.00458030293065533 -0.000456471671413723 0.0213879685880814 0.486613971607714
0.000638386709488046 -0.0193097864121744 -0.300569355669567 0.228817572620286
0.0149239656998184 -0.0214257973492752 -0.0443777387930239 0.0545675205779477
0.0146803447371547 -0.00970815075997443 0.297933826721694 -0.121990532473588
-0.00191346473925681 -0.00650781684328013 0.121749567147239 -0.486301384599374
-0.00686487555266747 -0.00749282561957627 -0.383728801949474 -0.304233852623327
-0.0186695360507986 -0.00966801843525667 -0.328756225254926 0.201396072697554
-0.0120548725428379 -0.00127968675590143 0.0113790394957732 0.271514067610793
0.000741367404377814 -0.00618587393225675 0.11484698238982 0.0885860018662837
-0.001629757713185 0.00346986547249881 0.0604314253104034 -0.0980568804181701
0.0090178286207574 0.00112062195197272 -0.0298273547056975 0.084969918796722
-0.00409843035411741 -0.00352691871168606 -0.0699183029106926 -0.045932882656849
-0.00297015354372016 -0.00525514818561787 -0.0483380579893056 -0.231226103950116
-0.00365975487099774 -0.0130511960299159 0.228761211760429 -0.198552706715251
0.00391219419906453 -0.0185821251119155 0.375106465167993 0.190846511542208
-0.0037214770543906 -0.00962810524269429 0.00195928296341924 0.487428385450257
0.00918204640275416 -0.025241444915812 -0.304476810410986 0.217463857111293
0.0258138428493045 -0.0233877454551156 -0.0357209167577314 0.0525995581056296
0.0222479848225795 -0.0145790040487947 0.29916897434986 -0.132621207618645
-0.00010088692488755 -0.0154203152453032 0.10201219556392 -0.492007760931507
-0.0112974922383908 -0.0114199274713623 -0.395541654969825 -0.285483034651441
-0.0214037000008099 -0.00540389965115696 -0.318248633524017 0.214384635517899
-0.011276687595296 0.00402171276950121 0.0209680603559381 0.266984390414419
0.00367169128468613 -0.00280973906763045 0.117091532889434 0.0825607666472371
0.00203300796150254 0.00357783913635542 0.0607480424176857 -0.0998257675354981
-0.00792818523815501 0.00349951732655762 -0.0458633960952769 0.0827680469523655
-0.0178263793808726 -0.00427424986380015 -0.083219964590689 -0.0484656344596814
-0.00562030897291862 -0.0122966090743321 -0.0460482889023491 -0.233921540377684
0.00720193754785725 -0.0214072489748105 0.246263493530765 -0.196857005186475
0.0263842766898564 -0.0017272272158264 0.384194967343198 0.190595184698219
-0.00381874986533659 0.0329032807020287 0.000104472453490422 0.473156199023967
-0.03344989468747 0.00680048423036105 -0.283099235476467 0.196432624466287
-0.0316606710832174 -0.0115755727844097 -0.00417544074315121 0.0439498878651753
-0.0210829458733189 0.0134998202280808 0.319223158071258 -0.158286346133583
-0.00130965429404191 0.0267675952076667 0.0942234961516854 -0.511270734541811
0.0122884099465911 0.00773023569386192 -0.390564690077034 -0.276037398805189
-0.0074149030503477 -0.0120156225067452 -0.295845782878439 0.217605977991653
-0.0123669716933594 -0.00484405286550851 0.0296668068333021 0.26234510648453
-0.0135302117012109 -0.00598328189866938 0.110896152068437 0.0775514028411016
-0.0187530584850361 0.00451179949019488 0.0453232267684049 -0.0994533986319733
-0.0084055496858082 0.00417761501912278 -0.0447137547720553 0.0837138361120214
-0.0188589908820147 -0.00626265671083023 -0.0822762804503419 -0.0434806261860462
-0.00699198558704625 -0.0156406922121206 -0.0541133028269022 -0.229006418510628
0.00636507403086534 -0.024459620983306 0.235002283033139 -0.205534353540569
0.0270240723973125 -0.00157208978087339 0.387949778166222 0.174357056267524
-0.00345237256894447 0.0363615074406508 0.0214470304025594 0.474781563817429
-0.0355654447829491 0.00872721478316595 -0.28235640074828 0.209177693176184
-0.0342867292362216 -0.0114726969775823 -0.0161479809609444 0.0475879365649228
-0.0245737636128685 0.013585002499279 0.315147137978331 -0.144799964243489
-0.0038648498781892 0.0300452329323207 0.11420306563861 -0.50538759186901
0.0132913174802562 0.0101785009095667 -0.383682827897782 -0.296138887357585
-0.00624822300267116 -0.0149622013286018 -0.308908568120275 0.207508910288455
-0.0125509775222391 -0.00867265516110343 0.0209095498335061 0.266151581342522
-0.0144452514277019 -0.00868295924911685 0.110712067694206 0.0830121715648265
-0.0190990211598387 0.00386259488822034 0.0468220330453825 -0.0980592692835105
-0.00725218214583079 0.00371957906215591 -0.0424561293892263 0.0844177174432716
-0.0178013375571304 -0.00831679820388333 -0.0798746087286543 -0.0388578509810775
-0.00750760636558597 -0.0175135421398599 -0.0590815427321267 -0.224629692569965
0.00505575085879758 -0.0258941056341797 0.224647929208698 -0.211909013392972
0.0248375533512182 -0.00292703845267122 0.392016048047184 0.159745571690856
-0.0031818475141183 0.0350584778480227 0.0355594067209786 0.475155421449446
-0.0332629177678728 0.00798635762664035 -0.284032606247931 0.220687406541992
-0.0317716183056019 -0.0117738753309397 -0.0279558429265369 0.0501020741400235
-0.0228357669512435 0.0114941653243838 0.30991030224687 -0.131540986348268
-0.00597820589391546 0.0287126676916833 0.129970045827098 -0.496804975184357
0.0124708605248773 0.010550290541043 -0.375096840948593 -0.310217577305585
-0.0069357741161046 -0.0161935048200444 -0.320728125794573 0.19834860889399
-0.0118524472135872 -0.0113465100990719 0.0122340807861476 0.269798258422546
-0.0133858922755009 -0.01110244693905 0.111403920454433 0.0886808485810845
-0.0183629154963802 0.00341138625811325 0.0492000274044687 -0.0968784645573429
-0.0045687253977955 0.0036749457149349 -0.0393224825082147 0.0851113319290578
-0.0164751320326949 -0.00915149530409275 -0.077042570535178 -0.0368997160437687
-0.00730820370497478 -0.0177029749086316 -0.0622577867785288 -0.222006216231008
0.00298605023504729 -0.0255294839017849 0.216137416757841 -0.215341795842744
0.0213637465118669 -0.0049190668157155 0.39129811083778 0.153123444813724
-0.00325577340264807 0.0296337602237471 0.0438178706458484 0.477538921078499
-0.0278610032888042 0.00372069155724243 -0.285357137824579 0.230405981772917
-0.0233761578282221 -0.0140519165452216 -0.0386429798624004 0.0528116554797662
-0.0170281626753725 0.00746914383406446 0.304683117192542 -0.122024225153432
-0.0064112954076954 0.0236406168788221 0.140499629701774 -0.490393744158114
0.00859613469603859 0.0085596054900032 -0.369873193189819 -0.319071943962431
-0.00827161596143454 -0.0164325675551497 -0.329174951518658 0.19164720471889
-0.0118833256834006 -0.012082018784394 0.00669381004171458 0.272435032526323
-0.0114838184508449 -0.0119762009067195 0.112474679378165 0.0926358485930514
-0.0153960216133995 0.0037135696360473 0.0522441451993747 -0.0960380921950718
-0.00143207300379826 0.00327453228452669 -0.0357927555397214 0.0856982417014359
-0.0137960067398965 -0.00909041741507212 -0.074755372900148 -0.0355404027998497
-0.00689595866312277 -0.0163370543861467 -0.063326482063563 -0.220996805998486
0.000429576634965863 -0.0235445252027403 0.211255920038283 -0.215671695478433
0.0168108667060375 -0.00804874210473221 0.389720175927075 0.152375267563396
-0.0043951290133268 0.0214643397618276 0.0456486621891289 0.480313177831107
-0.0204217828911203 -0.00282772958898507 -0.289266821863126 0.235571261766847
-0.0123110457954861 -0.0159455519244354 -0.0446213019859907 0.0544303874464637
-0.00790867495121068 0.00223775802786007 0.29919441180744 -0.117537008959693
-0.0053664976374982 0.0150208249833793 0.141602075623159 -0.4846150403134
0.0040536032182227 0.00470367603310969 -0.369967104338808 -0.321952434100637
-0.0116114377412659 -0.0157046383005698 -0.332835767361451 0.191885479799295
-0.0120353698676327 -0.0103984278221508 0.00507422237826741 0.273442331845302
-0.0080786962691429 -0.0114973941722771 0.113507588251759 0.0941650566364007
-0.0114750514782862 0.00336578614916937 0.0554646075277376 -0.0965303411967138
0.00235668889855704 0.00253237806425439 -0.03254988576164 0.0848874614432996
-0.0101563784665679 -0.00788171846090056 -0.0725268381402918 -0.03713705214279
-0.00565915357589995 -0.0136880577695381 -0.060927317565552 -0.223242726578796
-0.0014165141553929 -0.0208251539830292 0.212612993467641 -0.21298476545907
0.0116563051081038 -0.0117656136733558 0.386279891988049 0.158761653075034
-0.00464708858413479 0.0113735899447744 0.038265417310473 0.482954246874128
-0.0107842306633276 -0.010521657716532 -0.295427006462446 0.233980052033511
0.000788642472386588 -0.0192858567974319 -0.0466166154747941 0.0553365572872141
0.00285699718810012 -0.00360549733145988 0.297070003556296 -0.117896575859362
-0.00358252300782968 0.00459920622110146 0.134596426622371 -0.483985302874932
-0.0010757367987103 -0.00090296001826193 -0.376370275285181 -0.31414478628988
-0.0152025451354056 -0.0131366618147447 -0.333008637241999 0.195268780325067
-0.0115369770468213 -0.00688099944766808 0.00730770534088273 0.272624493916609
-0.00407845403140981 -0.00955695668333741 0.115070644273011 0.0921332872000997
-0.00680652845259914 0.00323970522726079 0.0579092860689412 -0.0967712576841215
0.00614113237343882 0.00209551947923064 -0.0303998617802054 0.085143361486616
-0.00650582096681763 -0.00579800772442504 -0.0704565219280637 -0.0410057653143614
-0.00432233587030629 -0.00935150823964082 -0.0565494981594178 -0.225280736691853
-0.00308120200842006 -0.0166542716412452 0.218006395554395 -0.207892326420982
0.00699021781700935 -0.0153676685259567 0.37975640609817 0.171044976162915
-0.00475213116204791 -0.000262246641553271 0.0253928613724705 0.485789083834487
7.97826011480172E-06 -0.0191829652494739 -0.298425589182348 0.230528681572986
0.0147577669477252 -0.0212688838620754 -0.0436565195418198 0.0546505976150166
0.0140471489752728 -0.0101131466038046 0.296501613744436 -0.124119174612274
-0.0015431908739286 -0.0061290254796212 0.120269424184432 -0.486089477452818
-0.00674536936224352 -0.0067271742459431 -0.383850311733572 -0.302396440679884
-0.0191410140315521 -0.00933153043501868 -0.326958113170163 0.203200931689064
-0.0117428918821856 -0.00161640857857222 0.0128869433783208 0.270958600708278
-7.11674136684264E-06 -0.00593674205630409 0.116626167240736 0.0880561707430924
-0.00141471210759842 0.00346999269634074 0.0595181273795326 -0.0979844253322811
0.00917418149572202 0.00162449567373679 -0.0292575366330102 0.0844726814085606
-0.00428471998122326 -0.0027055362970355 -0.0705083491860079 -0.0458549127673551
-0.00309715032818397 -0.00531941804911852 -0.050072541803121 -0.230546194886512
-0.00415780006684267 -0.0129417162106311 0.226803802378337 -0.200002732870768
0.00353901427062681 -0.0185903790964453 0.374971935522492 0.188798494222242
-0.00400422236782153 -0.00923239508212352 0.00402855009819946 0.487311143794126
0.0085327996344126 -0.0249640789251992 -0.303249988426028 0.217495888898423
0.0246613572827445 -0.023792015201697 -0.035123030651864 0.0523841816816913
0.0222958573686335 -0.0151952558184522 0.297768989371677 -0.134746893140983
-0.000481834546798506 -0.0151894511125807 0.0991287428337697 -0.490810551357784
-0.0111725720908284 -0.0112062951597395 -0.39677421904973 -0.282772578291317
-0.0213193367795863 -0.00511469599631793 -0.316334596533751 0.216408534320042
-0.0110226488098776 0.00409019665543219 0.0224371199114321 0.265929870035721
0.00356943071461565 -0.00299594728985804 0.116986392343361 0.0815547871759496
0.00160570319182374 0.00399077412562373 0.0600631536438011 -0.0992777365788827
-0.00818339762684482 0.0038936866494851 -0.0448587453362053 0.0827150301111294
-0.0181457972028963 -0.00388384562543787 -0.0836855564695652 -0.0480823393121772
-0.00598535270600358 -0.0117587111914156 -0.0482081377674129 -0.232434868579156
0.00649745414236353 -0.0213870506347754 0.24431640637933 -0.197802694374203
0.0260269488172408 -0.00174537582725543 0.383310948335866 0.188631179546662
-0.00326974858985476 0.0337531359520261 0.00354022205571157 0.471640344436695
-0.0331404216829875 0.00722962777009853 -0.281638264117541 0.197355505596768
-0.032373040251441 -0.0115687569051928 -0.00421186383071958 0.0444981497027026
-0.0210948115731534 0.0128539518936718 0.316562996217913 -0.158890995939994
-0.000705761813981336 0.0268590586641272 0.0919939822499797 -0.51004763326541
0.0125135863017042 0.00736761916873795 -0.392512180382046 -0.274142807370653
-0.00706960353101309 -0.0116951951981474 -0.294310000059388 0.219159204271853
-0.0117329803602051 -0.00457794971692282 0.0311286298573614 0.261303333518182
-0.0139741979605717 -0.00579897723294153 0.111781396467139 0.0763282964944538
-0.0187003778494998 0.00492392654738385 0.0443145432723702 -0.099046102431417
-0.00864991075091738 0.0038897541150667 -0.0434492864221964 0.0838515095202113
-0.0188101603949949 -0.00625446142443618 -0.0824292206028011 -0.0430006197891954
-0.00666954232070713 -0.0155057860741761 -0.0553272418310757 -0.228235616430267
0.00610141336308984 -0.0241588262772588 0.233028477121773 -0.206213456971257
0.0267852907094924 -0.00177968200319562 0.388430903225881 0.171599948473593
-0.00296757434982806 0.0365099539063867 0.0231557514136495 0.473433414755209
-0.0352416554555317 0.00953144988753843 -0.280589710754773 0.210168131931748
-0.0347226365896747 -0.0111706049922746 -0.0161283742167523 0.0468532897369287
-0.0242071104174308 0.013010702240824 0.312626773438701 -0.145584317935717
-0.00389578116981679 0.0296463635743191 0.110663150295752 -0.504879272372413
0.0132138721532417 0.0104217039302982 -0.384121083138371 -0.29214166479679
-0.00668023477340859 -0.0145132386074603 -0.306542793766388 0.208211400621425
-0.0117636702706778 -0.00865578810691758 0.0227779365905832 0.265011895703974
-0.0147604048247696 -0.00867310399369745 0.111640221464856 0.0824429189532216
-0.0195746031408424 0.00417714063367387 0.04609842390923 -0.0978939035307585
-0.00712898523938219 0.00417234510678909 -0.0415001396482905 0.084442604527055
-0.0181985970470374 -0.00800885322240151 -0.0805787456078256 -0.0386252804083566
-0.00752007316480031 -0.0171885016285094 -0.0611218733627394 -0.223934883282211
0.00457962678011177 -0.025464160648298 0.222684175680914 -0.213273325584656
0.0246645763948374 -0.0032056800466732 0.391993740652234 0.158077014255948
-0.00293353642673072 0.0351892208940696 0.0384603805160764 0.473955815255022
-0.0338042230393571 0.008198513891166 -0.281589592974085 0.221914124687386
-0.0319577869418385 -0.0122010198524842 -0.0278303944886714 0.05041982558323
-0.0225917508805596 0.0111182762276307 0.307935145909524 -0.133318712795305
-0.00530819146816281 0.0281166687980064 0.126798528173056 -0.496897845491349
0.012040974381461 0.0104932791322783 -0.376038779883435 -0.307882799499511
-0.00661336885781649 -0.0162970368588631 -0.318158146476409 0.199278379795862
-0.0120660020909075 -0.0114959906647929 0.0152112262011225 0.268885155930808
-0.0137688229556556 -0.0112002328981241 0.112292978564964 0.0881662310469122
-0.0183129443586485 0.00432566765530394 0.049029304348668 -0.0967544403692363
-0.00489250791794183 0.00364894184653271 -0.0383455524930932 0.0848358036990795
-0.0159573028570121 -0.00863951353929407 -0.0778725657817491 -0.0365429319640012
-0.00766122099697771 -0.0175459238692016 -0.0641375233382717 -0.221173288471413
0.00231186020570669 -0.0254918159582491 0.21423872054763 -0.216329744920757
0.0211300377020195 -0.00505074379737389 0.390779962146171 0.150007180914219
-0.00316421096907314 0.0296339908607715 0.0457767588581596 0.47665828009909
-0.0284727018930656 0.00410324155883793 -0.282968705432937 0.230992203210288
-0.0244169175897813 -0.0140097050866877 -0.0386476259169635 0.0524993599857297
-0.0172091956082352 0.00699364616406772 0.303019258358342 -0.122502037938688
-0.00601856750391639 0.0236705561699414 0.137389099631953 -0.490389205277347
0.00867162112874812 0.0092161608011266 -0.371090719824002 -0.316773138855993
-0.00872198289503429 -0.0163099959263334 -0.327866416775787 0.192768767920786
-0.0117192087131115 -0.0123588840038543 0.00811462280976273 0.272453076609075
-0.0118559646996861 -0.012080822326149 0.113253967333779 0.0923127934253778
-0.0157851697397623 0.00392918809159804 0.0521575733890749 -0.0959435180533229
-0.00154572378958919 0.00292345608179556 -0.0353748567194845 0.0848599014967671
-0.0139048830489328 -0.00862734288047247 -0.0750338556517656 -0.0358773214430634
-0.00698508544938275 -0.0163877080332352 -0.0650216151951661 -0.220711743692724
0.000410934071668519 -0.023645185350913 0.209622328407391 -0.216683995083294
0.0166581908683504 -0.00832030835364768 0.389281073417439 0.150420700344424
-0.00380356618840538 0.0216220388331139 0.0483883463133479 0.478271855655037
-0.0203738029599878 -0.00327913001806877 -0.287677095245528 0.237439201200876
-0.0129973613944898 -0.0162573907115259 -0.0448623804056673 0.0542507246699827
-0.00843900341816271 0.00173575262705483 0.29734454440694 -0.119007704868418
-0.00492609682371733 0.0150602581497795 0.137403038990011 -0.486201697748127
0.00428182040760048 0.00490162075302737 -0.371526633545608 -0.318717754355904
-0.0114449460469198 -0.0153211250795668 -0.33114160682496 0.192373142548484
-0.0116483212022116 -0.0101571227315635 0.00683320040393391 0.272392101422398
-0.00778131307065465 -0.0115478870078011 0.114298829105643 0.092704048692428
-0.0117916171126469 0.0037255020296173 0.0550329310275907 -0.0957977064297991
0.00165353850396113 0.00243933561236247 -0.0319966223101729 0.0851588516119041
-0.0105936561327764 -0.00739913435042644 -0.0727745840891121 -0.0372841817959789
-0.0059689670771934 -0.0131337642647181 -0.0635802863129383 -0.22200974319796
-0.00144578839812552 -0.0207369161223326 0.210753550831592 -0.213720655795598
0.011532697410932 -0.0114614496237643 0.385195405821244 0.155818921692358
-0.0047173380239884 0.011883677270712 0.0414018281391165 0.479732854721468
-0.0110487159761546 -0.0113384467995326 -0.291892871222462 0.234999066178538
0.0002105641144866 -0.0191479480220707 -0.0466357305265687 0.0554159390175229
0.00263213550102828 -0.00363564381135838 0.294923073831088 -0.119321480501219
-0.00366468388158495 0.00443153020810865 0.130094502693683 -0.48518178530266
-0.00102130626945919 -0.0008965945707084 -0.376771266432606 -0.311696322715671
-0.014799006365695 -0.012697893359913 -0.330620209574913 0.197564092778686
-0.011557067724461 -0.00692716374681314 0.00956943711204278 0.27232230688777
-0.00412466786539795 -0.00941235635237317 0.116014770093973 0.0909698435409488
-0.00675211927128846 0.00387000920337117 0.0571733611894866 -0.0964499633431921
0.00631880026601166 0.00188620051015839 -0.0300344274966109 0.0853211189334957
-0.00702116854714877 -0.00541036783039365 -0.0710450725347322 -0.0407748450457467
-0.00397919100559862 -0.00950425023899153 -0.0583756172310647 -0.224883241400542
-0.00369108821738845 -0.0163158402558622 0.2152427945982 -0.208312215799224
0.00674292504426916 -0.0152080519554976 0.379638499088612 0.168579128852086
-0.00450116340326785 -0.000307982061647686 0.0266542782999615 0.482840608742026
-7.74845724758281E-05 -0.0191248515822366 -0.296146076348133 0.230286594337721
0.014128843425771 -0.0218728240666337 -0.043558353112444 0.054123057568534
0.0141872416857901 -0.0101929845991344 0.294763615587665 -0.124951114787362
-0.001448029142748 -0.00677090372282816 0.117587281944808 -0.485787358044989
-0.00677656477397947 -0.00633311757685516 -0.386196383933188 -0.298964599370124
-0.0185985360965482 -0.00916381964369225 -0.325001971362427 0.204851163926424
-0.0115249314382629 -0.00138721630029918 0.0144339215409885 0.269971411018028
-9.36623533478536E-05 -0.00604443389639018 0.116766240372852 0.0869255119561567
-0.00191186563759741 0.00423158036747978 0.0585363223255855 -0.0981109974206026
0.00867330376259801 0.00136260460769446 -0.0284648190655431 0.0849357636652918
-0.0041543661412592 -0.00284098002435323 -0.0708515434999812 -0.0457179964149755
-0.00323660382316897 -0.00507568616486532 -0.0518850186573242 -0.229658817069083
-0.00464359677059269 -0.0126518339192985 0.22529459758822 -0.199847598713712
0.00345922351666951 -0.0188581899991182 0.374310392578413 0.1861368407369
-0.00396989042543066 -0.00917876602644055 0.00653375825456262 0.484622936284462
0.007892447138947 -0.02524745088088 -0.300439488333453 0.219812240990752
0.0247905877464851 -0.0238757077762834 -0.0354477973532237 0.052534277679673
0.022447270749744 -0.0152988765950655 0.295804764280216 -0.135334741899829
0.000128747390521732 -0.0154302221612086 0.0970565971287575 -0.491172954180343
-0.0111794329485543 -0.0107589660079151 -0.395560847144678 -0.279031812848146
-0.0214231506958898 -0.00494123340586364 -0.314015815290503 0.217484492972829
-0.0107487592521369 0.00393684452816963 0.0240648490414449 0.265641658544412
0.00324298703981093 -0.00310477006595331 0.118628154792548 0.0806476061985209
0.0015515707317355 0.00411217582136942 0.0588411055626722 -0.100086888689873
-0.00806601086860463 0.00353042158417665 -0.0442703939742011 0.0834761427128801
-0.0180021744959025 -0.00337938986590569 -0.0843250339203283 -0.0477779439270439
-0.00580662699529343 -0.0117843006690335 -0.0500436678063942 -0.23117988579158
0.0060854649596291 -0.0210859203412592 0.242379890379299 -0.198341864059038
0.0259405092695946 -0.0020606515193526 0.382829264719968 0.186437695071722
-0.00305360998210163 0.0331315765471348 0.00540180841097955 0.470262624695866
-0.0339958147192363 0.00719261658644763 -0.279720833041472 0.19790361985753
-0.0324843491613472 -0.0113619565504756 -0.00375365339586885 0.0439566387808449
-0.0209620180221941 0.0125808340929119 0.314706336552965 -0.160028068521401
-0.0010473375474809 0.0264500414610854 0.0883676309348551 -0.509279428982476
0.0127545170092251 0.00730505233104272 -0.393089446661484 -0.273201062473991
-0.00750563123232875 -0.0116428362984713 -0.291339362727774 0.220303191111962
-0.0117934566274313 -0.00471816964054947 0.0334361593198674 0.260371426311988
-0.0142847443318826 -0.00591205536285917 0.11251675084308 0.0751017502020838
-0.0183812103956716 0.00529965850407943 0.0437683913493589 -0.100175746578997
-0.00814069448550124 0.00443334225733841 -0.0429922226251292 0.0842011508212513
-0.0185752155687798 -0.00543592526098249 -0.0829497283952238 -0.0427114394564049
-0.00713568074726548 -0.0148726280308661 -0.0571012195579297 -0.227436558724692
0.00564298017619744 -0.0240167878981033 0.230864714171665 -0.20765694918462
0.0264326237360977 -0.00187685918549157 0.387879406745976 0.168980636063791
-0.00273625768492471 0.0363504654417402 0.0254439649370851 0.471065488420013
-0.0359129794261803 0.00952152517221304 -0.278177195827713 0.210858315155742
-0.0349309272522357 -0.0113240061117062 -0.0159889972199874 0.0473490893125638
-0.0240174280894148 0.0128783734435127 0.311285424982571 -0.14762708815586
-0.00390789369230411 0.0295177079595363 0.106983452717929 -0.502758448591801
0.0136783335886305 0.0103018265740548 -0.384111890504526 -0.289880618010336
-0.00674931237090747 -0.0141072916364469 -0.304804013351045 0.209870763564823
-0.012804523562454 -0.00901547532781528 0.0244903560345317 0.264734844420624
-0.0152278375118113 -0.00858631595812273 0.112215389713586 0.0811492563628465
-0.0194753667057441 0.00504261289189561 0.0454932585601479 -0.0980420867678595
-0.00739119610104842 0.00397779983480384 -0.0407942368630758 0.0842921590328846
-0.0183555329801218 -0.00774255459835725 -0.0810328770079621 -0.0391490859789774
-0.00764537034203772 -0.0169712272839416 -0.0620757203659492 -0.223027818492172
0.00400377340741228 -0.0254371333595887 0.220281794410163 -0.213957446763699
0.0246266952850186 -0.00341212405213219 0.390212038841285 0.155497489945006
-0.00248132639121413 0.0348952062020485 0.0409594545231133 0.472109803139785
-0.0338388339187403 0.00871049349976947 -0.279526323328798 0.221983721203876
-0.0320946926273126 -0.012101562799288 -0.027818849372258 0.049871262625312
-0.0227331083450612 0.0112642591556398 0.306072559412851 -0.134644982972696
-0.00487239629791044 0.0282383148338763 0.122857361853892 -0.496633084700175
0.0123809772498768 0.0106490157957667 -0.377685812540424 -0.305550510680946
-0.00701029648410795 -0.0157207105422574 -0.316320541021511 0.201400111023504
-0.0122778309849845 -0.0114430136834134 0.0163106778318144 0.268748147601286
-0.0142028710707509 -0.0106440648928808 0.113152140498499 0.0868366075453763
-0.0185124833650808 0.00449658876234061 0.0479151397710985 -0.0967063469956913
-0.00519091245421564 0.00326738764344383 -0.0378292993337989 0.0852235459960292
-0.0164697737319638 -0.00808593584916619 -0.0784506122713978 -0.0364324798476724
-0.00764019316107238 -0.0173815547434953 -0.0659173046102435 -0.220531830991296
0.00192923372746457 -0.0252795955348895 0.212552938180093 -0.216574772496675
0.0211293674947201 -0.00543664204896759 0.390383742662615 0.148650851209143
-0.0032832411942467 0.0296861983443114 0.0494097119867448 0.474282038774105
-0.0286423510594491 0.00406472653601349 -0.280817792792736 0.2313911997009
-0.0238701400772586 -0.0135233540703868 -0.0380780901162451 0.0528780210954083
-0.016910494258766 0.00680088612430428 0.300923311850075 -0.124245499525958
-0.00600360916044427 0.0233209033409269 0.134197536708384 -0.489005579433672
0.00885250493533182 0.00899914178397233 -0.372961679488637 -0.313890178745248
-0.00894304888847232 -0.0156109975132585 -0.3254536775641 0.194682305138618
-0.0122864802214136 -0.0119823513466102 0.010519837772119 0.271457271650545
-0.011328643022339 -0.0121170554029574 0.114037468199514 0.0910801005014066
-0.0158021096842812 0.0042187203548352 0.0512104998511427 -0.0958650824909383
-0.00145572330067334 0.00322787340444255 -0.0348385042269608 0.0853183035329852
-0.0135157996171781 -0.00808441022924337 -0.0756267920803018 -0.0357619538457406
-0.00717811753447711 -0.0155276463705791 -0.0658576729277615 -0.219687065912257
0.00017052485697179 -0.0236001784231269 0.20749805675877 -0.216595048166523
0.0163345236683165 -0.00860723212218086 0.388998488849374 0.146320247549591
-0.00365099430993129 0.0215925959949433 0.0514538377986479 0.477139236475572
-0.0214009968866508 -0.00276227177518984 -0.28531451519245 0.236997544604645
-0.0130456023803306 -0.0159266366935479 -0.0445139389370303 0.0545615957270736
-0.0076399817849813 0.00172887722664996 0.296198350936846 -0.120373088427518
-0.00530268215541661 0.014623674221633 0.134775370012133 -0.485598062210923
0.00432127187490774 0.00526218958193696 -0.371588504847578 -0.315935197767869
-0.012081426816973 -0.0144437709753832 -0.328946699092865 0.193343213042174
-0.0118520289887053 -0.0103040711670107 0.00845582891928754 0.271673275232478
-0.00870044772320174 -0.0117982704541598 0.115195550273083 0.0927788441405624
-0.0114174629934897 0.00491336789768557 0.0540621649952712 -0.0965012029969064
0.00175689176357791 0.00277968989158 -0.0313236609297046 0.0851076735789288
-0.01101552221426 -0.00720365001224352 -0.0733494181404127 -0.0376794839776604
-0.00626397020178947 -0.0130064401680917 -0.0646746261163776 -0.220505962649584
-0.00175970003156529 -0.0203333584182845 0.208431997572351 -0.214313695774588
0.0109713023661249 -0.0118505912978836 0.38567606392221 0.153275627525879
-0.00423721029809762 0.0117332766786461 0.0439319388775267 0.479395676527968
-0.0114957352920696 -0.010624621307127 -0.289502268141387 0.236622419389827
-0.000203645585476057 -0.0191131947191807 -0.046556193390151 0.0549566705842664
0.00287552713984353 -0.00414001473094902 0.293459987885766 -0.120984063624258
-0.00380938594533711 0.0044877553096996 0.127459173672465 -0.483432031633749
-0.0012675031009934 -0.000616625193579943 -0.378250372083567 -0.308850114692026
-0.0153759341967006 -0.0120732613910111 -0.328816281835339 0.19831368321804
-0.011390438635049 -0.0066040085534988 0.0110178109500836 0.271382353516487
-0.00471881119467396 -0.00920155819525679 0.115854995065441 0.0908260744272797
-0.00649725915911652 0.00418771428889336 0.0561661281109398 -0.0971674669126598
0.0061629795331662 0.00185246930735789 -0.0287583546823911 0.0851058099470997
-0.00708191835073059 -0.00516634435052031 -0.0716479448098061 -0.0401979539701734
-0.00451834529084839 -0.00919578525365676 -0.0601574230416706 -0.223094887206823
-0.00386402232928896 -0.0166338288014058 0.213325265695743 -0.208863464620923
0.00680814073175884 -0.0151707002498823 0.378715844243644 0.165736158965479
-0.00437718035760393 0.000377715864784453 0.0296168180570775 0.481897962773769
-0.000584288888371289 -0.0190368900065671 -0.294065268808704 0.230804129033862
0.0138195322602396 -0.0220974726703894 -0.0430676319540314 0.0548109581626563
0.0143734739454979 -0.0107640811818131 0.293087483613911 -0.126571116378471
-0.00147078364901272 -0.00679676443251493 0.113675970949454 -0.485834294014107
-0.00664798072631243 -0.00617747248345478 -0.386496404152084 -0.296399628974568
-0.0189525672605885 -0.00897922551111108 -0.32220598387691 0.206689703238962
-0.0114268476339701 -0.00165356612120559 0.0163553002440514 0.269637156241074
-0.000472323545688947 -0.00612564957679036 0.118555017868038 0.0864489073637887
-0.00187552428594979 0.00456154252126334 0.0576219696330051 -0.0981821560814418
0.00888086313725702 0.00160200137665905 -0.0282804386636774 0.0847202407582777
-0.00437096883045771 -0.00272303779701863 -0.0716654707566497 -0.045815921389478
-0.003498941308878 -0.00478945895668884 -0.05356027780623 -0.228251212134523
-0.00532489385897956 -0.0127967883826245 0.223224668401145 -0.200686042599499
0.00327520928021846 -0.0188879433944322 0.373665902881422 0.184356045841065
-0.00393185055521905 -0.00891039530227636 0.00960730899807067 0.483637618894305
0.00745267332851195 -0.0251863026454971 -0.298486644496543 0.220184207308108
0.0241267266275439 -0.0240864817409102 -0.0350241739132777 0.052801753676131
0.0223457751058347 -0.0158860462176022 0.29473969863826 -0.136569372951728
-0.000382713049488819 -0.0153196391510019 0.093116851586138 -0.490679168975477
-0.0113469537623404 -0.01085081318558 -0.397620193432654 -0.276953835614062
-0.0211127242309678 -0.00430808854198465 -0.311413113830061 0.218408851210527
-0.0105699573594367 0.00377127022686542 0.0263347432577844 0.26460226314918
0.0026680830477349 -0.00305283888155307 0.119186132076507 0.0803397621133982
0.00143718705482734 0.00389733117076505 0.0581865169073999 -0.0997674272807813
-0.00855342937212432 0.00378935574294449 -0.0432636505853712 0.0829890708121898
-0.0179823860339163 -0.00281661652742634 -0.0846663303574331 -0.0474097649704625
-0.00616115042990322 -0.0114490021064437 -0.0513891458442933 -0.230178923543729
0.00606470587270861 -0.0208597365833128 0.239976413645165 -0.199121323286323
0.0263071224821799 -0.00233479367622412 0.382833767190724 0.182573779233782
-0.0030888430283754 0.0332666917129492 0.00853467979364748 0.46861985292964
-0.0336807936786688 0.00747726525065047 -0.277652840298818 0.198418879308958
-0.0328090102510262 -0.0117641478487705 -0.0036274384233724 0.0440962785122255
-0.0206761755421605 0.0120624678076119 0.312831368889708 -0.161315306743423
-0.000446467061059379 0.0261561942881748 0.0857345514345999 -0.507973344233229
0.0130653499032933 0.00785175075685092 -0.394973715723953 -0.269460042725883
-0.00754991600755135 -0.0113943153044387 -0.290648791059058 0.22140948105044
-0.0120430482602499 -0.00466528947451599 0.0350983299194782 0.26010737567312
-0.0147733852884386 -0.00525346172611047 0.112727781171266 0.0743939052465762
-0.0187345521200891 0.00608992680175185 0.0426718006148999 -0.0999491014470571
-0.00872012819301429 0.00436765489088002 -0.0420131266305428 0.0841316022530702
-0.0187931258465934 -0.00544513535632156 -0.0835704828695473 -0.0426427867093024
-0.00688264296095894 -0.0146650178945281 -0.0583807761533056 -0.225426343548182
0.00528392427423265 -0.0234830429300698 0.228286856947557 -0.207267812734588
0.0264194206265863 -0.0022830841060541 0.387514119359973 0.166851861865325
-0.00276907840089374 0.0366816823008837 0.0275601960346907 0.469294419876607
-0.0360699643493802 0.00938367983636051 -0.275962967330684 0.210510720727643
-0.0351108963843576 -0.0113216629319241 -0.0156179350487664 0.0471390261262349
-0.0241943266895484 0.0132385595881189 0.309189761261627 -0.148310121825351
-0.00308126541667146 0.0293868943303149 0.104188248425043 -0.50239616437397
0.0137257604238059 0.0103750279016048 -0.385034408655916 -0.28725113611515
-0.00665461399918674 -0.0140418524394323 -0.30288582289242 0.211209203228983
-0.0124391864536821 -0.00911919164485062 0.0265191407808626 0.263980461575939
-0.0156845724139208 -0.00889628641693481 0.113240004822782 0.0808231368927862
-0.0195408029267013 0.00573288664990015 0.0444877675539827 -0.0984303322148527
-0.00739818596773612 0.00403147380323004 -0.0404696730011483 0.0841064103794748
-0.0184412373069561 -0.00734243263132862 -0.0814788419527832 -0.0391148079859912
-0.0083067324164702 -0.0172075760499168 -0.0641856836594415 -0.221442025314551
0.00374890518903393 -0.0251475018095663 0.21790009206584 -0.214074368964201
0.0243965462958722 -0.00360581569166048 0.389776897316725 0.153128087824853
-0.00217729244807953 0.0357063512272219 0.0434972237316627 0.470572728890674
-0.0338571732894547 0.00880407449364118 -0.277603959851072 0.223228798062489
-0.0324382577746089 -0.0117136594406701 -0.0277170727913002 0.050023682386306
-0.0226575034280701 0.0109346728674112 0.304067572085902 -0.135706752058419
-0.00496907267513404 0.0283714054951529 0.120501240623503 -0.496027685113253
0.0122338470727512 0.0109404428058053 -0.378168671585437 -0.302318596554329
-0.00720969421733944 -0.0159105359567523 -0.314659353803279 0.201567679092861
-0.0121649512578501 -0.0116913516431274 0.0183384943215885 0.267866999771837
-0.0145868662441905 -0.0103663297449706 0.114026006381033 0.0863439052210351
-0.0184582537996118 0.00525185463200609 0.0473864721735932 -0.0966514906744425
-0.00508667309595326 0.00373043693019803 -0.0371782340676263 0.0846791378662154
-0.0164660116067383 -0.00836270280383582 -0.0787085429775167 -0.0353366242405067
-0.00812503283445579 -0.0167939358384545 -0.0670381462291044 -0.219069868689102
0.00160067435777034 -0.0254230604806249 0.209476748662249 -0.2168517057448
0.0210418600167448 -0.00550998422081867 0.390506545819451 0.145515965533937
-0.00264581804998047 0.0299891338698054 0.0522997024275874 0.471545259512999
-0.0289951420815941 0.0041576664074579 -0.278980356199295 0.231272847432868
-0.0245979703430747 -0.0140647374337091 -0.0379513465277389 0.0527049433651469
-0.0164186394941097 0.00647520209673525 0.298587372041293 -0.125186257160003
-0.00618791257376221 0.0231014904872811 0.131714493956334 -0.489610667050493
0.00900277441259959 0.00890367250723063 -0.373053894217501 -0.311869514835993
-0.00890265987861818 -0.0160723411736886 -0.322516647782837 0.195543085205012
-0.0121763207881692 -0.0118746573952378 0.0120755521179115 0.270499878679476
-0.0124793434188392 -0.0112945547113577 0.114231701513643 0.0902763815581135
-0.0154936513599118 0.00499083527841225 0.0500588869748187 -0.0962530925009021
-0.00169937483882621 0.00322519368436167 -0.0339624158294546 0.0852159518697427
-0.0138884341934282 -0.00821392054378885 -0.0757743378864206 -0.0357797637591068
-0.0072319630431692 -0.0158148326509806 -0.0678632430851369 -0.218350246800967
-0.000704896232201695 -0.0230128319823791 0.205398896996097 -0.216694113079775
0.0163457685794884 -0.00861955725306785 0.387495926018876 0.142651168931772
-0.00343129056869618 0.0216519983827799 0.0531094725729043 0.475379140207184
-0.0210542709909183 -0.00292937546978799 -0.282795556532139 0.236795038696214
-0.0136257629133521 -0.0165196586300184 -0.0443690366642757 0.0547923673452326
-0.0072368958531787 0.00110322185683431 0.294324287238515 -0.121306664291439
-0.00488001853484173 0.0148702675754885 0.1323180802924 -0.484662737537615
0.00447349341344557 0.00506310615064501 -0.373007217810092 -0.313473539129716
-0.0114845650205725 -0.0145150133837848 -0.32677308696795 0.194268986554394
-0.0115532419603309 -0.0106501245733799 0.00984445874589161 0.270926900937319
-0.00894900033157374 -0.0112454911751335 0.115128935668107 0.0915982063189294
-0.0113072587897717 0.00468835127443319 0.0533567952972294 -0.0960042735972546
0.00223938593269783 0.00249315166894839 -0.0303516489179139 0.0848811942264257
-0.0107319395840105 -0.00716696186476055 -0.0732415192827386 -0.0374357922056952
-0.00595676678186096 -0.0131450905136515 -0.0660310682886454 -0.219393611396523
-0.00249025106296838 -0.0202471247644087 0.206032409948421 -0.214701747641537
0.0113955207432457 -0.0114482937244707 0.384460263117047 0.150012023917136
-0.00452379755820159 0.011684987068372 0.0471072130693019 0.476729582888679
-0.0122162442601171 -0.010855057505832 -0.288137737651356 0.236093387032272
-0.000314909690860092 -0.0192572387870514 -0.0455443687405154 0.0551104707920596
0.0026566260127894 -0.0047302227481957 0.291347518199915 -0.122289364821089
-0.00386182151692523 0.0045277182388007 0.124925514892298 -0.48373106054374
-0.00102076951400551 -0.000683815745072784 -0.378502462745338 -0.306108801506817
-0.0152453122840665 -0.0122688495682387 -0.326141738472692 0.199800015339261
-0.0118564960211182 -0.0067420841878148 0.0128231383925659 0.270918994276095
-0.00529528828179996 -0.00899483417295234 0.117115643501322 0.0894356536612497
-0.00640751201577654 0.00427670001925313 0.0555506240966981 -0.0968586705529525
0.0060003941171245 0.00151849664003333 -0.0283852480665752 0.0849665780902328
-0.00749246672175169 -0.00484119410146983 -0.0722218999570418 -0.0408517014792303
-0.00494871713560125 -0.00877891767291059 -0.0615213244740137 -0.222392270751348
-0.00400975560233035 -0.0162363466213543 0.210969795581534 -0.209345213889721
0.00648197300705298 -0.0154424442852936 0.379449904220367 0.162818293727582
-0.00458921100872642 0.0004661732251441 0.0330745418184292 0.479737299017983
-0.00120642547490243 -0.0190733456548873 -0.291222109910365 0.231528627791881
0.0131323409999429 -0.0221295101270037 -0.0430550471835115 0.0546959606842002
0.0141009451889835 -0.0110732419834162 0.290843695063272 -0.127268204640515
-0.00181352421164374 -0.00670392595388054 0.111298903245279 -0.485028458141498
-0.00673346324832268 -0.00601316654932105 -0.387293409604748 -0.293027861691543
-0.0190296563631656 -0.00824624366398076 -0.320979254153233 0.207761235938829
-0.0115146134008522 -0.00124088237889942 0.0185699156988263 0.268619697740254
-0.0012894663075381 -0.00642610816306328 0.11814020997449 0.0855387022927577
-0.00219810820468215 0.00471090293510387 0.0575320046979661 -0.0986836138925859
0.00855694007790808 0.00130061433766807 -0.0270845696784549 0.0843129047644731
-0.00450909982350423 -0.00236029035055972 -0.0718168384529014 -0.0452427615691884
-0.0034710796045685 -0.00456852424456785 -0.0554132622422633 -0.226620696975399
-0.00517321558777362 -0.0123653264049636 0.22063792217057 -0.201186405815396
0.0033154763964593 -0.0192183069849426 0.373679014609656 0.180290713516024
-0.00407905273088788 -0.00823642825909948 0.0129911718515325 0.481758243970556
0.00701874104283123 -0.0247961526626698 -0.295938851374967 0.22115623355966
0.0237122063989826 -0.0243313233938584 -0.0342773646755989 0.0521089767196472
0.0213619528946335 -0.0161532740785258 0.292191520312306 -0.138343219981839
-0.000566150755047026 -0.0154194342412964 0.0916936696480899 -0.48992291853767
-0.011112587031207 -0.00993125073186583 -0.398417871540688 -0.274815142705566
-0.0210724544384024 -0.00445589025532506 -0.309589554396212 0.219304017529071
-0.0103483330679065 0.00343883199929596 0.028017842252333 0.263947208351336
0.00206916303394768 -0.00298971287829063 0.11974362839259 0.0795439852967463
0.0014482472883319 0.00482247792317372 0.0570941007169775 -0.100423937265056
-0.00858591782813836 0.00354009987890437 -0.0430341772801852 0.0828932989652868
-0.0177297592088908 -0.00217727859412289 -0.0851407955080908 -0.0475028245936707
-0.00639385112402263 -0.0108431972841721 -0.0534665367265863 -0.229405040912915
0.00575009365965233 -0.0204173013338905 0.237815213198463 -0.20002210770565
0.02619352609994 -0.00295590277523504 0.381645493313062 0.179703760272052
-0.00287360222333767 0.0334391417099749 0.0104418250959539 0.467276321636352
-0.0339556210218806 0.00762486415099055 -0.275856682551535 0.198660265665061
-0.0330389370043059 -0.0111416891617317 -0.00398361337811288 0.0436736223263944
-0.0208292314472986 0.0122983613958094 0.310853065765372 -0.162040032887205
-0.000416374478587903 0.0264508050387504 0.0822492213281444 -0.50816347156844
0.0129997852706381 0.00751516816928323 -0.394350566056523 -0.267342037629766
-0.00746145525568264 -0.0111215545474049 -0.287712694995245 0.221792776448292
-0.0120761056912634 -0.00445952151286612 0.0366171918605524 0.25839259937321
-0.0150756246307422 -0.00531375251361473 0.113096184239164 0.0738200627858662
-0.01888312735695 0.00662372676359564 0.0418915903953577 -0.0995756884362198
-0.00851127932229582 0.00393643741368669 -0.0413765602977892 0.0840004473974851
-0.0191418315030591 -0.00522306733666693 -0.0838282958840388 -0.0419289054446625
-0.00730801193771716 -0.0145157043446544 -0.0599861425648727 -0.224129540986866
0.00502408352391148 -0.023434504234143 0.226200861947398 -0.207677797376469
0.0259469823702196 -0.00228186421975901 0.386810906313639 0.162999284421831
-0.00200333064725951 0.0365166222059672 0.0300038534938893 0.466984265377697
-0.0357001411571159 0.0097352531063894 -0.274913283054063 0.211313477969373
-0.0353888509348717 -0.0110960092253127 -0.0151088883194894 0.0467770442112695
-0.0237408242009236 0.0125662525131205 0.307343623884268 -0.149306582743942
-0.00316118171598586 0.0292411481857283 0.102009843469759 -0.502175123981736
0.0135609886882378 0.0104421965005994 -0.385648640705256 -0.284870565125427
-0.00624678035262467 -0.0146020622537219 -0.300706649819821 0.211934725945781
-0.0125716117951361 -0.0089502004290276 0.0284374429751336 0.263031735139052
-0.0157837541788642 -0.00838171345304928 0.113498924518617 0.0801551999742804
-0.0193199859869462 0.00624104833134153 0.0434228876730332 -0.0984460209547372
-0.00770456218931972 0.0043317400278119 -0.0394087094366822 0.0842549895196415
-0.0182504868493817 -0.00661588483100253 -0.0817355972541959 -0.0386176269670538
-0.00799358280094612 -0.0165598882176312 -0.0655875141422948 -0.220163736381626
0.00327129623085835 -0.0250690266569842 0.215981465714508 -0.214540161197219
0.0243129446412591 -0.00342491537951636 0.389759259377173 0.148762828976386
-0.00184240271499969 0.0354029908481804 0.0446578126815169 0.468240578446717
-0.0341171009712568 0.00886628178203562 -0.274971733465411 0.223070273629898
-0.0327383968277318 -0.0118931887074953 -0.0275989606220347 0.0496079255816923
-0.0229240188464121 0.0104608509991723 0.302198780030813 -0.136748970038344
-0.00470533267976337 0.028381965031608 0.117609140938085 -0.495019947158435
0.0124579688794571 0.0109714658818792 -0.378939120648391 -0.299949518303904
-0.00737470759431798 -0.0154867046109657 -0.31215342211153 0.202812885322321
-0.0119729121578408 -0.0115430180135926 0.020054077077677 0.267010309764558
-0.0150726551158269 -0.0103402608458592 0.114249334645812 0.0854155763129249
-0.0186173812533188 0.00619519666336745 0.046469968589284 -0.0967292803016581
-0.00505563592409372 0.00360778167516456 -0.0364720101509044 0.0848129427200241
-0.0167000887974285 -0.00755709664126477 -0.0787042573449959 -0.0364300425094337
-0.00795881633796008 -0.0167176681767312 -0.0688799378440873 -0.217853619054716
0.00124848448257068 -0.0244357198599168 0.208001708645577 -0.217457818855797
0.0206314863307402 -0.00566660472063978 0.389204127217652 0.142653353096781
-0.00236374235164125 0.0298825440639329 0.0542822948669209 0.469030750113665
-0.0288641291177269 0.00442483900304164 -0.276370268984306 0.232241111678736
-0.0247073036758666 -0.014339591399724 -0.0377765626842014 0.0523487739260293
-0.0165321487087147 0.00608610609070396 0.296477775951974 -0.126672580510646
-0.00564306692442587 0.0230899216573184 0.128809655639134 -0.486614386264778
0.00866216800024872 0.00917613261570591 -0.373030013553688 -0.308799487385366
-0.00863614886813289 -0.0155213396689957 -0.321591955372413 0.196430449143761
-0.0117117971128713 -0.0119026239367697 0.013606490328546 0.268785533600744
-0.0128974921880208 -0.0118686668834159 0.11510331169508 0.0893760132379474
-0.0156244297277717 0.00580584225143249 0.049690128892048 -0.096005797175618
-0.00231640293549499 0.00293191584889973 -0.0329713424441486 0.085325445025431
-0.0146114854090248 -0.00736789324355175 -0.0761347712232219 -0.0354930040291388
-0.00759587072827591 -0.0154717023837978 -0.0691775622538367 -0.21684859614817
-0.000853394847814736 -0.0232941551847772 0.20325049019139 -0.217662719283674
0.0159975443842122 -0.00880072326033172 0.386939098376892 0.142297874986164
-0.00333302617791418 0.0218311089903394 0.0556749942528659 0.471144540883091
-0.0214346260293519 -0.00262304415392125 -0.28088946602918 0.236967325841651
-0.013801735558844 -0.0164981795594657 -0.0440356441677519 0.0541144442147057
-0.00772506897172797 0.00082105283595469 0.292361848951534 -0.121908575968551
-0.00488556144836531 0.0147051318790395 0.128348092334696 -0.483064245352055
0.00432825424753262 0.00522539791789805 -0.373261765959189 -0.3112731656495
-0.011354558683421 -0.0143144617407272 -0.324768931393652 0.195281332105912
-0.0119395208208596 -0.0104805603056948 0.012212617720331 0.2702601865972
-0.00970748712015687 -0.0110042952006515 0.116444160063146 0.0906075298783042
-0.0116316251177119 0.0053454334105933 0.0524482180548462 -0.0963583337459637
0.00161319040500987 0.0025754954205741 -0.0299172984975767 0.0849620316695721
-0.0106047649276996 -0.00657143969338514 -0.074009305957733 -0.0375877151466649
-0.00700901108560072 -0.0130056169426574 -0.0672732904806031 -0.217889286338961
-0.00261640638973372 -0.0200284301109482 0.204011627937271 -0.214493775181666
0.0111420732252921 -0.0116994264337601 0.383690117732008 0.148011423652788
-0.00377775321678242 0.0120976991852035 0.0478164397017983 0.475079497888722
-0.0120467536276206 -0.0106520819995747 -0.285900445069562 0.236395303348174
-0.000826375198223998 -0.0192152287479523 -0.0454855077732119 0.0547766478667318
0.00241074786635554 -0.00462519317520024 0.290021847723097 -0.123152359122573
-0.00349787969022972 0.00393629522013932 0.122035001861566 -0.482619017994817
-0.000971204107552193 -0.000170776592719883 -0.378629354141748 -0.304167420691103
-0.0151161497588885 -0.0119427960133269 -0.323643536651992 0.200096644755633
-0.0115127236143185 -0.00688843264662817 0.0144499256804314 0.270318431251471
-0.00580418697811528 -0.00936625014749646 0.11789266950613 0.08862380631993
-0.00674300832324406 0.00506418384131173 0.0546644982956089 -0.0972666947055371
0.00593002610850781 0.00144231163406098 -0.027681763290157 0.08469366977557
-0.00694906710555182 -0.00480813648927119 -0.0722332012470801 -0.0403999551807223
-0.00514245146525542 -0.00858486645282313 -0.0635060079448582 -0.220846173837548
-0.0043413672130819 -0.0162441031488446 0.209696735815821 -0.208734318772746
0.00630078500749829 -0.0155069013727678 0.378249674292802 0.160420949741809
-0.00455489775346022 0.000812099844936201 0.0335717181424918 0.477809893499685
-0.001461079121276 -0.0192083776991612 -0.289006963849022 0.231666504619361
0.0127677414573703 -0.0225526388712146 -0.0423498827484446 0.0541614909421255
0.0144471720782789 -0.0113738548095737 0.28917766208802 -0.12840185805348
-0.00168933111002694 -0.00701297880372332 0.107951827616008 -0.483113166423064
-0.00668583982156318 -0.00600321104629748 -0.387495484571836 -0.290746159478766
-0.0189094056112109 -0.00843260623157903 -0.31851898602175 0.208420063383293
-0.0107264716362902 -0.00136896089462212 0.0193978061561472 0.267755809454094
-0.00172789184560867 -0.0059651191185909 0.118544233658077 0.0851185601261268
-0.00242016326589217 0.00504487776440836 0.0562812565564246 -0.0987094488812826
0.00837692743343246 0.00111669291025189 -0.0265531529682098 0.0843613339049031
-0.00478551611873114 -0.00199900463759175 -0.0725378205721715 -0.0451367903800148
-0.00416512913529794 -0.00422128636102113 -0.0569021753970763 -0.225772832332004
-0.00576473786215732 -0.0120721674891853 0.21842189544901 -0.201313038418439
0.00296832186584527 -0.0187501064696378 0.3733365734869 0.177559301639425
-0.0036658992977567 -0.00825430471014956 0.0143960788682489 0.478847042623824
0.00677351581376852 -0.0246563307165551 -0.293778328163427 0.22132317436388
0.0226655661235065 -0.0245205497018762 -0.0340570531225097 0.0523484555403116
0.0216234952857235 -0.0164297486622914 0.290379045654532 -0.138803302696096
0.000234894240930334 -0.0155941349077185 0.086789863245055 -0.487657113747079
-0.0114710686269809 -0.00985708852569718 -0.398096763061885 -0.272238254944391
-0.0209941733057661 -0.00379139860594765 -0.308171461742242 0.219073864986489
-0.0104717530333744 0.00333397073679015 0.0288771041711401 0.263059959709982
0.00202161037801789 -0.00299010230997447 0.119704810012135 0.0786427909431028
0.00124637766700635 0.00483941623853616 0.0566355097498105 -0.100220995741473
-0.00857919812413267 0.00419558072952105 -0.0418459739172073 0.0830189734323531
-0.0179910440218504 -0.00183670235391748 -0.0853501614505311 -0.0463626940312187
-0.00634940633838295 -0.0109235994727323 -0.0542550288797059 -0.227840751186065
0.00549772853978193 -0.020467247467999 0.235290033560312 -0.1994603448102
0.0254686070118778 -0.00266087146621058 0.38095396690897 0.178822771149247
-0.00233090283441428 0.0330432566810926 0.0122732246744905 0.464530950940758
-0.033656660704306 0.00790896118183905 -0.272756258839872 0.198728665335734
-0.0329457460357448 -0.0110830157492555 -0.00399480348023453 0.0431895101802374
-0.0208189729228651 0.0120023536051199 0.307981376919925 -0.162869427742248
-0.000102373074389334 0.0261737440369513 0.0803054777380298 -0.505273207389231
0.0127435474283263 0.00775962652124147 -0.394093858785002 -0.264089171822078
-0.0076694168148937 -0.0108551789294127 -0.284930220010433 0.22226637749963
-0.0126562848318697 -0.00480857235644651 0.0384722216376291 0.257508011422499
-0.015482322038062 -0.0050871085666765 0.113891434977251 0.0727418558306435
-0.0183516772849863 0.00726689620859402 0.0414962179404659 -0.0994173438788894
-0.00851853206516096 0.0041079206699992 -0.0406288149243399 0.0838449029840756
-0.0189463792027424 -0.00451311936110626 -0.0844219221590559 -0.0418872683317473
-0.00742783102413169 -0.0137679453195649 -0.0616552470324682 -0.222789350089382
0.00486308031098968 -0.0232971056204938 0.224312766696913 -0.207709311158986
0.0262034152448863 -0.00227801965632163 0.386864333381511 0.161422848740973
-0.00172834847790474 0.0363459954907353 0.0315690513785886 0.465410681383947
-0.035954202717462 0.0101500236098954 -0.272258659922663 0.211247520024255
-0.0357021015576689 -0.0114912556682335 -0.0152062433561535 0.0465559047837746
-0.0237943841541607 0.0126979167412497 0.304538154153674 -0.149716602653569
-0.00255537130500447 0.0291909405188054 0.0983502399835616 -0.499385918221691
0.013932406257326 0.0103013832407797 -0.385307414656394 -0.282671506352487
-0.00653800777537112 -0.0137214998851009 -0.298141817737111 0.212235790822678
-0.0125217902360061 -0.00900351064365764 0.0293891242656287 0.261775601848471
-0.01638504173284 -0.00801278495419381 0.113612745238275 0.0789394145693829
-0.0196000594562075 0.00660644882371224 0.042737808140707 -0.0983538247552253
-0.00782337602116693 0.00407824270362249 -0.0384262093783896 0.0845208262457545
-0.0184982013820906 -0.00632736247555876 -0.0823511383832098 -0.0384811742722426
-0.00824404490547155 -0.0165824990381661 -0.0673277258147456 -0.219325477500731
0.00272647131773171 -0.0250557265111292 0.214385376956634 -0.214136310328995
0.0240638599249293 -0.00326623922906246 0.38838255032082 0.147897428338123
-0.00208092427225767 0.0353597780790138 0.0467133496930163 0.466793739415344
-0.0343442535011589 0.00883275496650839 -0.27315089196388 0.223112357072548
-0.0329299763766599 -0.0120055282985842 -0.0274029860361115 0.049552965735384
-0.0221592224902575 0.0103527003845016 0.300146046047184 -0.137089106433493
-0.00453894216222571 0.0282171177997338 0.114796538977422 -0.493250006444722
0.0124516968391945 0.0110471250176846 -0.37923276285763 -0.297380161454375
-0.00710073491678576 -0.0150352176757424 -0.309592881599831 0.203580491664298
-0.0119298542053256 -0.0119481989862918 0.022046299888968 0.26596033648695
-0.0157515299462459 -0.010095431391392 0.114508977208302 0.0849033952667097
-0.0185422706058528 0.00632117972888292 0.0456290260797049 -0.0966457663541355
-0.00494709181823179 0.00383700265366067 -0.0357409677548114 0.0846868853881392
-0.0170369492599139 -0.0074892467297816 -0.0794858324296837 -0.0359276106724386
-0.00869625516505853 -0.0167715423025937 -0.0699495352319292 -0.216763528294376
0.000880733543964102 -0.0244749254082008 0.206252865100775 -0.216882579327042
0.0203129223927503 -0.00575797527463068 0.387522647335563 0.140769062568257
-0.0024145237526475 0.0300011852941129 0.0543376858139805 0.466838605586659
-0.029179909715364 0.00422559075016068 -0.275078552161455 0.231603513684947
-0.0252320020094709 -0.0141615469406392 -0.0376955722917656 0.0526131695556379
-0.0160713926936245 0.00612110750499453 0.295274029446477 -0.127646359906537
-0.00550073047547162 0.0225987351976431 0.125927609006471 -0.486884364154868
0.00933567610445313 0.00932997302093201 -0.373587665969957 -0.307015376805694
-0.00876037293023583 -0.0149960640118953 -0.319383801264728 0.196901073403506
-0.0119396646347432 -0.01232226883747 0.0159020116533977 0.268228683057423
-0.0126452002162719 -0.011126123734176 0.115331694780906 0.0888688331135713
-0.0154264167491688 0.00573417001259223 0.0488720693067808 -0.0960332630701138
-0.00206289493084258 0.00300956698494546 -0.0325667472002408 0.0852138365464599
-0.014301876406741 -0.00748950760038639 -0.0766755521753404 -0.0350442826629083
-0.0077597689377383 -0.0148960360689524 -0.0709042655172765 -0.215810372953447
-0.00121828985293752 -0.0227679834641127 0.201537944121716 -0.21725322736614
0.0161276250775337 -0.00840075302227951 0.386691243111983 0.139149407984299
-0.00298745339994757 0.0220795577565416 0.0572285559045695 0.470035196251997
-0.0216774800713154 -0.00204127577508839 -0.278597537352137 0.23667328963437
-0.0140834709329444 -0.0163698947641655 -0.0435638084869902 0.0533432693395853
-0.00791661547971429 0.000715580623700833 0.290289504940599 -0.122666459182637
-0.00488040483790288 0.0141364229048698 0.125862255707723 -0.482073314052831
0.00469618405702138 0.00530735846396447 -0.373276563006103 -0.307897397028037
-0.0116819764659735 -0.0142223180134478 -0.322519415989734 0.195974075322637
-0.0115729353003963 -0.010294090236565 0.0135537942132617 0.268873093706679
-0.00992385044971615 -0.0109468684985528 0.116504323744122 0.0897940541625961
-0.0112070591930275 0.00594994893256545 0.051611471271743 -0.0962863566341362
0.0019381829220598 0.00290044642624806 -0.0289093036337631 0.0851644163484678
-0.0110686775384083 -0.00663597758633346 -0.0742324687476355 -0.0369633233392462
-0.00647274662282455 -0.0123102340785536 -0.0690735287321731 -0.216555745586521
-0.00281238817260011 -0.0195547643307112 0.202730069556525 -0.214837886563803
0.0108948593818103 -0.0118667451219415 0.382176025105293 0.145865541498837
-0.00421437996601724 0.0118562761525092 0.0499103204450585 0.472457874895618
-0.0127612109356835 -0.0101406254986112 -0.283057646454319 0.236440199794021
-0.00142358587175763 -0.0190327889229032 -0.0452484576166767 0.054855315940877
0.0027960307158649 -0.00515517749023206 0.288068165296127 -0.123269976223288
-0.00335046116204938 0.00462177950922503 0.119141788359585 -0.482288989649629
-0.00116419764755488 -0.000104526620577555 -0.379137219981363 -0.301409549251274
-0.0151079461909228 -0.011661036767116 -0.322134247287012 0.2015247257558
-0.0115168806084451 -0.00688186767525611 0.0163238693285619 0.26880152356844
-0.00621189601911722 -0.00903276987676535 0.117794882530469 0.0878428284083172
-0.00700531482847115 0.00530844683883109 0.0538487416843925 -0.0966544073691955
0.00556033090298829 0.00162184101507738 -0.0268446633968235 0.0847860550245129
-0.00759031284710363 -0.00467137508279239 -0.0727754939147029 -0.0403653838357392
-0.00477831252535251 -0.00829163930163171 -0.065048989477705 -0.219756290628121
-0.00471046622459234 -0.0158520314508403 0.207189637562048 -0.208976248475566
0.0057906957365526 -0.0155382414433938 0.377984787600043 0.158913563839311
-0.00441860106167111 0.000997789706663166 0.0352262926314486 0.475552614692862
-0.00207518289899567 -0.0189613561575861 -0.287476236023881 0.2315868560659
0.0121128854539823 -0.0224389755569454 -0.0421704461575869 0.053803236204132
0.0136134934720708 -0.0113396306392039 0.287392272379508 -0.129594715741182
-0.00142804370581278 -0.00700640551861613 0.105606145200975 -0.482983540365041
-0.00670042129696257 -0.00561432235956904 -0.38684677367854 -0.288431828564958
-0.0185901677857945 -0.00805368512210886 -0.316644415579516 0.209217451697153
-0.0109865656936687 -0.00135553027558641 0.0216063668165613 0.265949397928291
-0.00175110961288536 -0.00610756624118494 0.11898859283461 0.083758270420944
-0.00201856031655802 0.00531325783105493 0.0556271897452812 -0.0981619305225333
0.00809906740339324 0.00109120590827086 -0.0259686009523789 0.0844706897019137
-0.00507056025867412 -0.00184307059227628 -0.0724775825671826 -0.0453725763662927
-0.00455682954951618 -0.00395785025663928 -0.058613747095114 -0.224262889216933
-0.0052967908323322 -0.0122290799074564 0.21634394357564 -0.20093343760397
0.00282210342310007 -0.0188566652640079 0.372596458188022 0.175866120169531
-0.00422040185296052 -0.00790096553854304 0.0161051609873768 0.477137708185394
0.00646388467521296 -0.0249919402090019 -0.29087511833769 0.220333220694744
0.0224256155917325 -0.0248774139806846 -0.0342257142780693 0.0518283410489938
0.021524682530927 -0.0168224755359136 0.289089811182087 -0.139764228451381
-0.000438053006076241 -0.0152199771680021 0.0854520269079476 -0.486964572601509
-0.0109098332128729 -0.0097478705506098 -0.397629414272305 -0.269488395738264
-0.0209821234161857 -0.00388838748312066 -0.305783811904695 0.220651454081339
-0.0102054477502166 0.00368301284105006 0.0304091724920275 0.261986458898432
0.00139521545557633 -0.0034984869923896 0.120089571068794 0.0775745353663864
0.00115816712209784 0.00536508420381975 0.0556074320069728 -0.0999367721595224
-0.00867145612845576 0.00385428386947055 -0.0417360511132277 0.0822788107073922
-0.0179950864876231 -0.00176862343846705 -0.0856786084528265 -0.0463611115596255
-0.00691561837636748 -0.0101011093851907 -0.0558566434218791 -0.226367025707343
0.005258459742395 -0.0203783289100574 0.2338669377813 -0.199592448845766
0.0257699730090319 -0.00290140833543525 0.379733378463123 0.175510412998918
-0.00150050453055808 0.0332251088847587 0.0143412166455951 0.462663292908789
-0.0344018324806265 0.00773685893355248 -0.271918898168455 0.19837314953008
-0.033550915681629 -0.0112395268019421 -0.00360897225832984 0.0432998649037881
-0.0205093818845803 0.0120045241199222 0.306471715601094 -0.163165459869729
-5.32853375501442E-05 0.025659964651151 0.0782091909893258 -0.505438858024068
0.0132350286457457 0.00810840138150981 -0.393907552132417 -0.262295783947767
-0.00751729191489659 -0.0112206999275533 -0.284020120358879 0.223125829156705
-0.0123339481577777 -0.00472493222117595 0.0391621678623722 0.25672215247733
-0.0154971811423743 -0.00491000938939461 0.11359229006952 0.0719404945605434
-0.01831552614504 0.00746726574319244 0.0402736468863106 -0.0987196591687059
-0.00896562736450869 0.0044635660764684 -0.0401492535681001 0.0834862328076288
-0.0191827826888623 -0.00380541696217205 -0.0836988022799686 -0.041456005284739
-0.00754518865571863 -0.0135715362787767 -0.0623864879481858 -0.221989523317718
0.00439851941509484 -0.0230786750874785 0.222827439107352 -0.207574088029067
0.0260849897766282 -0.00282079259167753 0.384308539825861 0.15966433574131
-0.00165031940519389 0.0362411223945145 0.0325909197905674 0.463383163765789
-0.0360898663548295 0.0100385523663893 -0.270449627132681 0.211334639586153
-0.0355962805092671 -0.0109025764258167 -0.0152255589186906 0.0464908579295811
-0.023753411189239 0.0120265698583993 0.302926366328517 -0.150083839194111
-0.00241662206356533 0.0290041554653574 0.0963585771802686 -0.498931761334832
0.0139958901903426 0.0103413419613245 -0.385591775735976 -0.279984506755852
-0.00666004679470762 -0.0135750533696295 -0.296678856053577 0.212727211785656
-0.012248142521961 -0.00913728580351594 0.030736356342633 0.260722933347234
-0.0162819659065208 -0.00755100256516486 0.113708871418344 0.0778215602691175
-0.0191345785012675 0.00686471075566383 0.0420689755868674 -0.0978662577231136
-0.00799377522875068 0.00426369840346339 -0.038202801490765 0.0841715138572568
-0.0188419295365057 -0.00591927893595468 -0.082479657862993 -0.037824833388257
-0.00854468952444861 -0.0157129690659495 -0.0682474909263014 -0.217569235975605
0.00275151555136168 -0.0243803571145502 0.211892710564487 -0.213743528643201
0.0241543246381919 -0.0035007349582086 0.38677644274599 0.146765014890603
-0.00171827154454321 0.0354347301612777 0.0490144047363961 0.464141974219879
-0.0341643083234313 0.0086315153436786 -0.271656634402973 0.222756851719563
-0.0332096878962496 -0.0114421338439709 -0.0272278196670822 0.0495881211525603
-0.0228977021843435 0.00995679279446102 0.29769146750196 -0.137265920046087
-0.00413474303548561 0.0277646439457705 0.112846718805546 -0.491859092333324
0.0126953836625772 0.0113203975222817 -0.378179192795439 -0.295369383481228
-0.00686809104981911 -0.014818925528754 -0.308054678393837 0.203826564458562
-0.0120778716159798 -0.0114256242008412 0.0230430122467944 0.265219811320482
-0.0157953801761325 -0.00994879611931493 0.114817018140297 0.0839885988997193
-0.0179730542574997 0.00684107219664153 0.0453210532582786 -0.0964087957639136
-0.00547587009341494 0.00398453343347509 -0.0352361945427669 0.0846385325412803
-0.0166747706422223 -0.00682571888826584 -0.0797642679047195 -0.0355763771068807
-0.00853649134684093 -0.0163118343315666 -0.0711587415819572 -0.214372394439938
0.000951996045243531 -0.0244961982266953 0.204122608731387 -0.215881157526273
0.0201979373315113 -0.00601353503657434 0.387014328414157 0.138930106873867
-0.0023177419758364 0.0304542940550732 0.0573130764758424 0.46542810253982
-0.0295103480935604 0.00450026729847464 -0.272347453459293 0.231418850103211
-0.025455573046965 -0.0138505838887793 -0.0370988411169022 0.0522588771404814
-0.0164603626295337 0.00609186842114125 0.293272951736795 -0.127720168468806
-0.00541759542200079 0.0225830907303153 0.124005788414756 -0.485232481690564
0.00907191191825002 0.00933905255990449 -0.372609005615015 -0.303595673790065
-0.00900664018542416 -0.0148018823885128 -0.317684301873721 0.196926177464732
-0.0119932546777847 -0.0119751348118989 0.0166718084351486 0.26740944704435
-0.0139359337495071 -0.0109326134838379 0.11530166769594 0.0880886398900393
-0.0149612472584415 0.00653857747892419 0.048109166890001 -0.095891698393195
-0.00158571664680358 0.00299879411458029 -0.0314282663594805 0.0846095317566408
-0.0144155146228225 -0.00692088665414803 -0.0768382166280316 -0.0347382637950898
-0.00781025010697005 -0.0147123669947888 -0.0716103372696808 -0.214782561423417
-0.0016574697637272 -0.0223141638557096 0.19981438182073 -0.216535386941555
0.0156145737962836 -0.00864927149136394 0.384728368063966 0.138080731893849
-0.00281281591757132 0.0220351826529949 0.0578300048431434 0.466683268799518
-0.0217810068711098 -0.00219839927987197 -0.276242377040104 0.236313705223908
-0.0143420657556115 -0.0166713753493485 -0.0434712379264247 0.0538091068657293
-0.00771846728475098 0.000565060455446636 0.288988082186566 -0.123656919146055
-0.00489196712966232 0.0142146013757642 0.124607874620957 -0.48136172622297
0.00441716542909524 0.00530457217064039 -0.374160130723556 -0.305790029528271
-0.0117737907068431 -0.0138485970027913 -0.321031341672868 0.197085225840571
-0.0114718043117676 -0.010230247653274 0.0142823521537047 0.268064158866913
-0.0104445004796971 -0.0105621269843105 0.116835046929152 0.0888698096609834
-0.01136220377858 0.00592686012522818 0.0513296438764256 -0.0961843890490266
0.0017269504708291 0.002108101620263 -0.0290255869041617 0.0849349210766223
-0.0111257526645256 -0.00598509115590969 -0.0741244440284929 -0.0366505715267443
-0.00675495459093398 -0.0118922107844609 -0.0696660357227597 -0.215344751522859
-0.00292046991283942 -0.0193466009597603 0.200517682166786 -0.213914438516267
0.0107731693797863 -0.0115199797327041 0.381036696184686 0.143766601257811
-0.00426353060940938 0.0122655875227521 0.0510164060249427 0.47032466387621
-0.0128418099886649 -0.0106680595243285 -0.281625066813875 0.235495413885759
-0.00224698438304912 -0.0196033867426319 -0.0451827898895815 0.0542443382241978
0.00238184361003373 -0.00554777337949794 0.286878876944027 -0.124554409028523
-0.00329693806203932 0.00428166469194541 0.118091400776686 -0.481491712204764
-0.000492181982017711 0.000411107071876434 -0.379359537321929 -0.298993061019172
-0.0153072367027905 -0.0116355402127693 -0.320138009200089 0.200924471010808
-0.0114862671168659 -0.00709410483093563 0.0169776603489544 0.267519040246644
-0.00648863218437047 -0.00892300136412857 0.117861888356737 0.0874873564575801
-0.00693567119928565 0.00618151921259161 0.0531696150090374 -0.0970566939056752
0.00540813139511369 0.00153974080918209 -0.0266490188843132 0.084399032655721
-0.00750445864730138 -0.00383948349553068 -0.0732633193306361 -0.0400808225349158
-0.00535069136700357 -0.00802823768410161 -0.0657818106978856 -0.218045777640256
-0.00496284945190043 -0.01539673007415 0.205018011527206 -0.208703411827145
0.00593100604904197 -0.0151957529651758 0.376392193079714 0.156565803852256
-0.00473075520531418 0.000917096551628267 0.0373423398068424 0.474674569010008
-0.00229095326568135 -0.0187744875416709 -0.285220088745472 0.231544801653163
0.011948822818514 -0.022255236113648 -0.0418386227054251 0.0543430412518178
0.0135015492727336 -0.0120398300726523 0.285624453376381 -0.128912324390111
-0.00158836351701044 -0.00673913001019568 0.103787211110477 -0.481580859380218
-0.00627391069129485 -0.00492459074168886 -0.386510356704024 -0.286481272767538
-0.0188623662948715 -0.00799062037487537 -0.314703136572556 0.209566560024445
-0.01110377034621 -0.00194194715708421 0.0230270179584173 0.265237878823707
-0.00230932898195617 -0.00592630464588391 0.119339101999977 0.0829727390204107
-0.00207257763392702 0.00576421543424977 0.0546554928646856 -0.0978859503504321
0.00826158300667719 0.000828630712043174 -0.0256957111642458 0.08345710066185
-0.00492269651853586 -0.00187741981141146 -0.0735381082611702 -0.044988902887004
-0.00423424885394396 -0.00375350770036621 -0.0591226940494059 -0.223510514302099
-0.00589656444573037 -0.0119410898795267 0.214572487726508 -0.201505156124564
0.00297982003237823 -0.0188773051486378 0.372035476295518 0.174331873217674
-0.00386632555451061 -0.00793782184777819 0.0179979633695863 0.474998050542982
0.0057401188936331 -0.0247575826583965 -0.289514567878525 0.221068359135998
0.0220170749011557 -0.0244207788054156 -0.0336809612782262 0.0519077379701612
0.0212640963954143 -0.0172223878132522 0.286340828133537 -0.140372481484032
-0.000790712600365808 -0.0152934957887134 0.0823632529747274 -0.485128403699094
-0.0107267312389906 -0.00942092531544619 -0.397572921074449 -0.267613603344789
-0.0208542620182232 -0.00374923233488418 -0.303766478878175 0.220380662982861
-0.0102432801786509 0.00378532484169247 0.03194332317436 0.26092688176762
0.000585799103554219 -0.00346084108545405 0.120640208115069 0.0767065112713999
0.00124135254221071 0.0060796482015576 0.0550642724783428 -0.100243139276473
-0.00870035978188853 0.00429377632299634 -0.0408363906957685 0.0823369616749845
-0.0177227386229086 -0.00098975429057238 -0.08608663183656 -0.0459188677894106
-0.00666492047678122 -0.00977696967738968 -0.0569707335215122 -0.225029393616978
0.00494020977153961 -0.0197826017745889 0.23256947424739 -0.198650712377123
0.0251761444204345 -0.00284052900555018 0.378671705388716 0.17404798467096
-0.00181995322997636 0.0333779641771224 0.014269781787605 0.460844960371113
-0.0339471598476584 0.00796936223922754 -0.270527241570416 0.198034033877274
-0.0336676621852325 -0.0108600871085312 -0.00389880882327468 0.0431190462955042
-0.0208426903006572 0.0110348105982109 0.304465401502905 -0.163398883854638
0.000483868258549621 0.0253067920325403 0.0755617364548229 -0.502116601246139
0.013134416601315 0.0083392523820644 -0.392912475895635 -0.260472355003174
-0.00731788343769911 -0.0103530730494002 -0.282053405449918 0.222043418252663
-0.0122988179647366 -0.00493036720592805 0.0398887286042133 0.25497117677662
-0.0154841619024562 -0.00465805225382423 0.113511028425382 0.0719331637412034
-0.0181487514723265 0.00826462619273129 0.0394497850189067 -0.0992984104064289
-0.00901510880889248 0.00420487521668552 -0.0397290937066592 0.0835459941453619
-0.0191986939857326 -0.00359016189665521 -0.084793426335013 -0.0412846058913313
-0.0075919401978635 -0.0130147456796116 -0.0636785688902261 -0.220319377068351
0.00379900353624059 -0.0224038947846037 0.221189174198336 -0.206590633532709
0.0255956978385663 -0.00271131280243961 0.383538544475978 0.157829285658075
-0.00129799779817124 0.0367695411193029 0.0345148996960131 0.460676959144768
-0.0360885204039989 0.0102409317361931 -0.269327696439938 0.210605508801239
-0.0361301886806145 -0.0109888619020878 -0.0155292382232178 0.0463565756498938
-0.0233694755255759 0.0123890478458431 0.30101078020143 -0.15042896635294
-0.00197023131237369 0.0288618003700258 0.0949650005380653 -0.497958014433925
0.0146058148717286 0.0107269299532328 -0.384986926573771 -0.279099123669529
-0.00688854098367991 -0.0135845280981554 -0.295104968267681 0.21249319295584
-0.0121958436296702 -0.00913557242971002 0.0314720242010999 0.259694581498091
-0.0168173753251128 -0.00759031718533307 0.114131639339691 0.0779290834678304
-0.0189630215585936 0.00796213439899512 0.041291646634288 -0.0979823506512293
-0.00782391152125342 0.00400467897336205 -0.037035768624089 0.0838310809483665
-0.01867058433948 -0.00541282333838983 -0.0825548333419462 -0.0376348734698512
-0.00853997935589257 -0.0151785671279675 -0.0692616646453438 -0.21677332748304
0.00246104973010127 -0.0238004215598994 0.209652623690624 -0.213010181699044
0.0236801921400993 -0.00405432494787877 0.385417711993121 0.143230409973831
-0.00147716426618836 0.0352407803825286 0.0493356508544596 0.462351896882899
-0.0342613438311851 0.00944378409315812 -0.269637713427088 0.222140207284343
-0.0334102183542474 -0.0119314836678653 -0.0271012030445068 0.0490763650391401
-0.0227642998202852 0.00975128028264177 0.297261428291793 -0.137437939691975
-0.00409690946624032 0.0280798524197138 0.110617601103688 -0.490404383684473
0.0127347246610765 0.0109171848201481 -0.377960268541342 -0.293421341776396
-0.0069825025739358 -0.0148053662524207 -0.306470100611208 0.203618142217717
-0.012311337372829 -0.0116668712397438 0.0238678506759083 0.264273485706025
-0.0161396651959694 -0.00984620281452734 0.115034337436411 0.0832004992916471
-0.0182045509674944 0.00743187046892347 0.0440827494447517 -0.0962985279843192
-0.00553947265940416 0.00365405148442506 -0.0341448248951055 0.0839758623050262
-0.017007538381765 -0.00684344844054639 -0.0796093279732404 -0.0355915028013654
-0.00852676884483365 -0.0154824310155336 -0.0723931722514871 -0.21375325982835
0.000283243443004468 -0.0239968992285464 0.202464718723368 -0.216128083446823
0.0203449106956466 -0.00564134334230479 0.385024487527947 0.136649145377862
-0.00195115530564386 0.0301816831305348 0.0571584877212238 0.463278468358006
-0.0288485024834842 0.00491687242578309 -0.271397973973744 0.230301267732368
-0.0260689926840591 -0.0137899038668405 -0.0370196755538708 0.0520172103101141
-0.0167198923285157 0.00500795737764435 0.291240308030823 -0.128136482379498
-0.00507508770643518 0.022469625169464 0.122089136932295 -0.483598246090804
0.00930205003694664 0.0094927004095094 -0.372873485900116 -0.302545282884934
-0.00897575866205026 -0.0149099726552552 -0.31545528616224 0.197428152265897
-0.0119966174985375 -0.0121840355648901 0.0177046615094071 0.266354653468569
-0.0142396981851237 -0.0107208279250032 0.116080747460929 0.0868516580135051
-0.0153594274231776 0.00693277315766087 0.0476816803957733 -0.0958179973629391
-0.0021263135182664 0.00318859605578751 -0.0308210280585933 0.0847829831346198
-0.0139690726726987 -0.00653874620828856 -0.0764677736427658 -0.0355549723990421
-0.00817982508971178 -0.0145180841140702 -0.0723322457931608 -0.213048781062101
-0.00145416942129063 -0.0221724963964548 0.19790872457081 -0.216260960678905
0.0155138983395237 -0.00890916219113131 0.38314415216274 0.136228753221937
-0.0027976102127186 0.0223785318217017 0.0582530028610812 0.464660807278901
-0.0216124971497012 -0.00223912032887035 -0.275064843528115 0.235926164214342
-0.0148791594968955 -0.0168605227904601 -0.0433146046050658 0.0534882864514789
-0.00783814024439211 -6.23152203972771E-05 0.286817566976365 -0.123926558133264
-0.00464942088501775 0.014202443447521 0.122325277589191 -0.479410204039182
0.00484636366256969 0.00572667337684139 -0.372957439066021 -0.303750389957751
-0.0117567157812576 -0.0136539361403917 -0.319567165853628 0.197482313478951
-0.0115416458897072 -0.0107864818836511 0.0161610374099984 0.267055580341249
-0.0106264638138695 -0.0105501188403685 0.117448231589837 0.0882388912191685
-0.0111438032709099 0.00664483715179963 0.0505795107618543 -0.0957793242843629
0.00125573670504652 0.00226079207115286 -0.028555878142779 0.0843197910541059
-0.0110936849881409 -0.00568397890769333 -0.0749453365861942 -0.0367555893268857
-0.00694205108536271 -0.0116506841195529 -0.0710752528879272 -0.214823001108478
-0.00330024669573928 -0.0189764421838942 0.198585410203238 -0.213165649480278
0.0103707349819409 -0.0121325654338269 0.379093521188551 0.142326307229253
-0.00377662234659947 0.0126744256914762 0.0521766600369991 0.468021284191368
-0.0129709922578128 -0.0106890344570722 -0.278931936316257 0.2350757613522
-0.00266569785752785 -0.0195460178669649 -0.0450082134746527 0.0538684320357161
0.00294235742014617 -0.00606984470587929 0.28427608889157 -0.124618564598976
-0.00346474342425451 0.00423534398908915 0.114728474047745 -0.477885528752596
-0.000722882101849577 0.000326073184342563 -0.378954805881025 -0.296653820197157
-0.0151966720637342 -0.0114669780320739 -0.318807953027751 0.20208095755772
-0.0110771340574531 -0.00667615425315924 0.0183859556462414 0.266530061386396
-0.00686616840744774 -0.00888634549496833 0.118782924011991 0.0862310503596612
-0.00671315981764668 0.00598617986196476 0.0523609670757143 -0.0965995129229168
0.0052074901587404 0.00161557008315215 -0.0257956669754159 0.0845308979285919
-0.00771309044994404 -0.00357115576185509 -0.0733061168852585 -0.0402934467956168
-0.00502575626069153 -0.00759683377632528 -0.0667614469977998 -0.21731587598636
-0.00521648613210697 -0.0150887144450159 0.203280704830399 -0.207996045563322
0.00579946481217785 -0.0157431954894899 0.375423091043497 0.155153345225795
-0.00438314685744314 0.00105173009104042 0.0396747149596358 0.471422529712577
-0.00259753953008191 -0.0186216929391126 -0.283725539830246 0.229955844084309
0.0115674960631127 -0.0224573564050728 -0.0419937064826967 0.0537702644784399
0.0137000919664535 -0.0122218780113474 0.283275714755271 -0.130183405390809
-0.00126738483345097 -0.00695118580795167 0.101781823721244 -0.480515307966426
-0.0066951851092489 -0.00499717827426278 -0.387358331830487 -0.284436468887895
-0.0189414160169221 -0.00756538638646224 -0.313236744076719 0.209451795042896
-0.0109480309273374 -0.00178562817569528 0.023605951893807 0.264387549933872
-0.00231531135484435 -0.00587593186403545 0.119488434385458 0.082054275491138
-0.00188824220479181 0.00630462186985855 0.0543824485087882 -0.0981422081475843
0.00768291126779682 0.000893532391886823 -0.0245500696861293 0.0834456413092418
-0.00508002234646585 -0.0010574162663923 -0.0728004117502899 -0.0450435083118348
-0.00399111203026674 -0.00339054110579422 -0.0604997607661729 -0.221672872278681
-0.00637015778449835 -0.0113266462810191 0.212668841015693 -0.200358678030088
0.00228328571711842 -0.0186710788338272 0.369938545831844 0.171346788816443
-0.00382478151480892 -0.00778391593960879 0.0190255445569089 0.474000793085902
0.00585653607239901 -0.0243277816987348 -0.287600867599054 0.220595220269888
0.0211962770243815 -0.0245012996680101 -0.0339870866060755 0.0514786434636998
0.0212120387212683 -0.0175657492652442 0.285044158086975 -0.140573697234808
-0.000698948634229337 -0.0151523981429914 0.0813038408313853 -0.483291807603302
-0.0107673561400431 -0.00914846482904619 -0.397097910312162 -0.265400726101961
-0.0211287721398941 -0.00352302031775577 -0.302626340157975 0.221076371410092
-0.0101599139526124 0.0037847839200779 0.0329784098161674 0.259891839619228
0.000769313018164268 -0.00347349879617788 0.120209809658444 0.0763549113885439
0.00127853886624381 0.00613893135095361 0.0543272400719824 -0.0999329968395898
-0.00873596582077009 0.00450077347524796 -0.0402961642522804 0.0822627227236082
-0.0179318119693071 -0.00126235208650748 -0.0864038925306674 -0.0455895416370029
-0.00662580046021596 -0.00965196623225729 -0.0574550281367897 -0.223394685147584
0.0046320155782993 -0.0198758329249927 0.230379793702632 -0.198290752125818
0.0250831924897905 -0.00268178216945728 0.376668061087112 0.17338044058584
-0.00150846191190634 0.0332840337130778 0.0160219654082561 0.458624829735158
-0.0345225741970284 0.00827293242299795 -0.268266951568171 0.197318763446535
-0.0337858116813 -0.0112437801903562 -0.00375006815896915 0.0431803142659394
-0.0205003155477895 0.0111270357419923 0.302936497719358 -0.162847076263852
3.39132325005674E-05 0.0253955790409907 0.0751618853460236 -0.500441133247836
0.0134864834089226 0.00866143534736789 -0.391639842762996 -0.258398721884938
-0.0074803125560544 -0.0103882041255009 -0.280487898623293 0.222350930447043
-0.0117898151947999 -0.00476133010737412 0.0410393815713519 0.254578404499262
-0.0161728693503327 -0.00445639446915732 0.11383097762017 0.0711910726270196
-0.0185872908736834 0.00849386967240546 0.0392857441085987 -0.0987419692603761
-0.0090530520993343 0.00444718974865347 -0.0391141945421806 0.0834467973468573
-0.0191169280835504 -0.0033576691138698 -0.0849737393023585 -0.0407673691255529
-0.00756697223807198 -0.0133359234184563 -0.0650416536713915 -0.218991034947259
0.00408317629076736 -0.0224969077911304 0.219468585879558 -0.205922222766929
0.0255860996717977 -0.00249941813562127 0.3823227783437 0.15630429791912
-0.00118366287205814 0.0365004823790661 0.0345798473800022 0.458707089814857
-0.0361226678830202 0.0103853026971313 -0.266890674370696 0.210376920745734
-0.0366950768592165 -0.0108144531119107 -0.0148597537948225 0.0452981142282313
-0.0238826065461098 0.0115514604187846 0.29948750552993 -0.15052120640814
-0.00226805466178363 0.0288430066609938 0.0925045043179054 -0.495488796998514
0.0139447442187034 0.011120364443051 -0.38459162672851 -0.27772777841316
-0.00648643629316781 -0.013423000271987 -0.292885481912662 0.212301174763198
-0.0121521028420456 -0.00930462916365283 0.0324102859870634 0.258747945658038
-0.0175638589573384 -0.00724850939210664 0.113978649891591 0.076964550831204
-0.0188448113936425 0.00856317692140093 0.0409173522193962 -0.0976469511378354
-0.00780931167912633 0.00425086723109863 -0.0369771136304615 0.0834991209268961
-0.0185594044654259 -0.00541757209678592 -0.0830005409703443 -0.0376734237312923
-0.00831315381806545 -0.0154746510695535 -0.0700384955751809 -0.215518876143096
0.00242965393872602 -0.0239061404367763 0.208637690888613 -0.212857611793266
0.0237653617788357 -0.00385728939037976 0.383831434298984 0.141697095324059
-0.00113154625467516 0.0353632630199129 0.0500580698066738 0.459053411872645
-0.0341358637524778 0.00927629114996929 -0.267837067636062 0.220700747534368
-0.0336915217550038 -0.0114995117974235 -0.0268724357152362 0.0492046212726664
-0.0223463046640222 0.0092645094099586 0.294839120728546 -0.137100683754328
-0.00419672617812674 0.0272432304434142 0.107867128125369 -0.488145514942087
0.0124536123593714 0.0114356704817906 -0.377683151925289 -0.29091623913405
-0.006974226585798 -0.0150017077875768 -0.305433281413402 0.204291303699878
-0.0119775244905549 -0.0115829748748732 0.0253386991052745 0.262638158394759
-0.0163884907896019 -0.00905728680115986 0.11495967105506 0.0824695931271164
-0.0179551681307487 0.00806878737323852 0.0437005675767112 -0.0962046820195096
-0.0053628434999905 0.00395910791048327 -0.0338369959366592 0.0843022308935046
-0.0166127794114292 -0.00619141189351435 -0.0804488997418372 -0.0353278338320035
-0.00870897388005542 -0.0155211154776817 -0.0728570731789497 -0.211992991464192
8.21916507685459E-05 -0.0234633157595595 0.200829906350133 -0.215724463419673
0.019954171839831 -0.00597039667569704 0.383674479068139 0.135438949839196
-0.00173923851683126 0.0300459071872286 0.0580392224193562 0.460974587670096
-0.0295408516544605 0.00478371172656964 -0.269737576112775 0.229402227898449
-0.0260823162106982 -0.0136804130924075 -0.0370157031006975 0.0516136741756454
-0.0166590685145443 0.00537713915570936 0.289326336685082 -0.127892459357016
-0.00513381968815011 0.0223089438362021 0.119524762443425 -0.483208109104398
0.00935612730506542 0.00932807469702575 -0.372648803062295 -0.300148577120466
-0.00857374001132278 -0.0145293722007359 -0.313482532803841 0.19814685504523
-0.011928006771256 -0.0124274881119051 0.0184007507982245 0.265075404343274
-0.0143531049028734 -0.0105804594040341 0.116028093400101 0.0864681326094374
-0.0153482969640665 0.00744062492734381 0.046668067158017 -0.0957740146485739
-0.00247874929018279 0.0031743657521577 -0.0303009117240231 0.0844651166044785
-0.0144524152620347 -0.00636369007135238 -0.0772698251506972 -0.0349609786508504
-0.00779304143937826 -0.0143604149048485 -0.0736096986739345 -0.211763528959442
-0.00183349663071115 -0.0218156382265196 0.195851421456676 -0.214768747988766
0.015475745110991 -0.00856187559477595 0.381770985284244 0.134451809759962
-0.00259870766448976 0.022319874010467 0.0594923201447708 0.463304340045265
-0.0220766072258778 -0.00156669213565254 -0.272966839734031 0.235005054842086
-0.0152365233455949 -0.016342840279745 -0.042731190516464 0.0532681717557842
-0.0082075924635813 5.39450396020852E-05 0.285077373478483 -0.123436922564319
-0.00461229416372522 0.0140306967198798 0.12186188539776 -0.478230341483687
0.00482848498351821 0.0060903017550848 -0.371846737875107 -0.302245313891052
-0.0115364088750017 -0.0135389360355857 -0.317866402327909 0.197078194617219
-0.0114857300942777 -0.0105803733770284 0.0169733688936818 0.265935571646749
-0.0108281404341907 -0.0106481667617341 0.117104551092869 0.0871379981095263
-0.0109912076817021 0.00718227372747227 0.049723599183245 -0.0957837633132119
0.00117544812607317 0.0024488385044505 -0.0276312728822078 0.0844121387580458
-0.0110459041265716 -0.00539529886670297 -0.0750773171745334 -0.0369151241614022
-0.0067296870432663 -0.0117224590175993 -0.0720701746958816 -0.212563338211147
-0.00383773519385126 -0.0189347005050928 0.197048573401733 -0.212791961125389
0.0105825281932355 -0.0117256600315342 0.379535128595303 0.140634120679938
-0.00413755213355154 0.0123759699053991 0.052662593469735 0.465849076771632
-0.0135608161234589 -0.0104345230476315 -0.277680755416183 0.234906067508538
-0.00251103048669987 -0.0194316106437552 -0.0446846081332454 0.0534139035588328
0.00250816541569319 -0.00619698635028237 0.282138607968804 -0.124705065303037
-0.00312081107348861 0.00436844893100181 0.112463061376562 -0.478896712203285
-0.00032682413902986 0.00115076127679072 -0.378189041506232 -0.295914313799112
-0.0152259054254052 -0.0111603973339237 -0.316534818045189 0.201031781214862
-0.0115821592767147 -0.00716754265251023 0.0196458890555196 0.26561516329699
-0.00730408747906452 -0.00858813820080041 0.118725038004379 0.085489655358008
-0.00646705567077716 0.00663379926194021 0.0520969957320087 -0.0963022299869744
0.00511055395707149 0.00166805682085551 -0.0247941656537656 0.0836564736167912
-0.0076761399854227 -0.00361929997056658 -0.0740360138301114 -0.0404242181629762
-0.00545668581589371 -0.00738798618882356 -0.0673802342300153 -0.215710028517573
-0.00516507829075612 -0.0147742568373285 0.202273183571087 -0.207199526261992
0.00509534882137559 -0.0152722576321391 0.373627322276776 0.153237359448392
-0.00416136411985416 0.00139612897059803 0.0392147215679178 0.468665319059487
-0.00289109940079052 -0.0182984488789666 -0.281265608102264 0.229451270233008
0.0106449164933575 -0.0223557920414915 -0.0417069116113066 0.0536548262422338
0.0137119960235929 -0.0125922309433699 0.282105799825972 -0.129760418298051
-0.00142828358890966 -0.00700643248057438 0.100702813656474 -0.478511608898846
-0.00624434908318986 -0.00519793978752178 -0.386076314248646 -0.282519991295058
-0.0190466632556284 -0.0073627450913031 -0.31055931261625 0.208933309503613
-0.0105445406553822 -0.00176759633441801 0.0249344634388131 0.263068551533698
-0.00341206753881229 -0.00624224053697766 0.119548529222836 0.081891909207535
-0.00209761810096573 0.00666997639162863 0.053277889077091 -0.0979218675383926
0.00749564843611039 0.000682533360609396 -0.0239828041326387 0.0833270351554741
-0.00466746397014214 -0.000738708724555794 -0.0737310783615895 -0.0448827306472122
-0.00443853938562707 -0.00285000303112163 -0.0614495337628402 -0.220865194467828
-0.0063114927350121 -0.0114468906154669 0.211359747290267 -0.199806426767841
0.00237940952626812 -0.018322507723217 0.369117226150353 0.170975597070557
-0.00369677764829946 -0.00760807545195325 0.0205838799697359 0.470245618537252
0.00531060089312359 -0.0242910857533411 -0.285823947638267 0.219583385391836
0.0206559661634716 -0.0243070844775068 -0.0335024683771131 0.0515238621523124
0.0209812959397492 -0.0179658778548344 0.283392777874872 -0.140218353726707
-0.000207351314276988 -0.0154294920717526 0.08055809941333 -0.482261705510832
-0.0107892336350136 -0.00907779478787747 -0.397600758508102 -0.2635853953672
-0.0206622068193662 -0.0031785785300153 -0.300394005208829 0.220896909584013
-0.0103162294542834 0.00353533549325954 0.0334565697999613 0.25857394244711
0.000159418669366969 -0.00278330509854918 0.12048573569514 0.0754440010561434
0.0011004028394873 0.0060866090326204 0.0538433236273082 -0.0996199739374154
-0.00895877037069875 0.00440102244435153 -0.039713503340458 0.0823783157793003
-0.0180063375802918 -0.00105311050502556 -0.0870954536546127 -0.0452724371281346
-0.0065624977814519 -0.00938867652103705 -0.0588186291956578 -0.221956693988902
0.00488254432657287 -0.0189618781114596 0.229677662971502 -0.197788620685274
0.0249916428320559 -0.00287087157043978 0.375998044553936 0.171658881938879
-0.00168950216079177 0.0332018730635309 0.0157915668845514 0.456660881055525
-0.0339183979313252 0.00849858365592943 -0.267286155219393 0.197044008374424
-0.0341183700825346 -0.0111567544794645 -0.00356389530871571 0.0428628237190384
-0.0206614849371127 0.0103353340955716 0.301286853043226 -0.16304260354964
0.000334213894162376 0.0256353019685669 0.073515015263746 -0.499706680641908
0.0138989929302108 0.00831660575632351 -0.391491298236413 -0.257172308166162
-0.00750360225794135 -0.0104207132576843 -0.279870285658066 0.221968606381331
-0.0120712088166086 -0.00539556295289463 0.0422577837520803 0.253195619997127
-0.0166008881500911 -0.00407417794995735 0.114027249124009 0.0704643854943572
-0.0177650375988683 0.00893210627137268 0.0387868066919955 -0.0987741979232707
-0.00870037290957286 0.00475575617787974 -0.0385721240839047 0.0832963054311797
-0.0190157895993307 -0.00325542394657198 -0.0855029027413495 -0.0411381078726411
-0.00772070940770762 -0.0122766132838281 -0.0658143435609309 -0.217733060124086
0.00412161849408282 -0.0218019880525086 0.218147670183395 -0.205942422204896
0.0255618571988561 -0.00233785422859671 0.380772663168445 0.155148137494079
-0.00107523657827569 0.0367777230860672 0.0340944304394184 0.457047535796771
-0.0362889776365395 0.0103113077699606 -0.266280493376647 0.209482455033908
-0.0366212684636996 -0.0108296715284468 -0.0149614781330142 0.0454811789655804
-0.0237019945441205 0.0108853050633562 0.297327470597285 -0.149703306579604
-0.00206393573307891 0.0285870945830044 0.0921379052883262 -0.493707215669021
0.0143683805967997 0.0109572341543556 -0.383976019188096 -0.27580252492212
-0.00663112496105647 -0.0129165002103333 -0.292485209004703 0.212290596245116
-0.0121434200526982 -0.00939310983184216 0.0337497498270928 0.257979114979671
-0.0174653101154169 -0.006617177508626 0.114230210818204 0.0765391073954833
-0.0187295004542741 0.00843891697328661 0.0402457970333978 -0.09741454654626
-0.00810981354322607 0.00425606302257201 -0.0364525709895793 0.083581204999708
-0.0183552641972718 -0.00464418477553285 -0.0829302357110012 -0.0372554531237467
-0.00832041289452142 -0.0146805929242266 -0.0704144869849066 -0.213950051314839
0.00249396544318429 -0.023486818017582 0.20717742065002 -0.211207613793251
0.0232102578654667 -0.00393497431794798 0.382729613148483 0.141419982979557
-0.000999475512124683 0.0353862565199009 0.0507401946685697 0.457864623988193
-0.03439158953626 0.00903255692192447 -0.267063837922635 0.220680173285867
-0.0339389704557886 -0.0118177855789359 -0.0272992148586898 0.0485625211601891
-0.0223331344566985 0.00873807684141652 0.29312884874049 -0.13812123584037
-0.00431655356557538 0.0271804198562867 0.108058558946408 -0.486791516339601
0.0130954938968032 0.0115899811678234 -0.37641531717631 -0.290789277421579
-0.00730014185969712 -0.0142099570680768 -0.303731440327821 0.203565735752831
-0.0122768543468189 -0.0121912404560806 0.0255527702970438 0.262122291128207
-0.0170471253615014 -0.00897377344309985 0.115572100410237 0.0821072011465169
-0.0178858476215605 0.00859339704383868 0.0432685277864462 -0.0960477606076758
-0.00588737798803377 0.00387056530086921 -0.0333818397212344 0.0839997248291298
-0.0169934073842882 -0.00599927337393723 -0.0802687831696747 -0.0352560854732695
-0.00843912004042672 -0.0150723671057419 -0.073706220013583 -0.211457187856387
0.000150919194113273 -0.0234917715832923 0.199221522667632 -0.214386681823438
0.0194289777840147 -0.00606422492194279 0.382182370370719 0.134570470276082
-0.00149794568323248 0.0302128892372209 0.0583113851891957 0.459258066548024
-0.0289504873003376 0.0047295179603169 -0.268413026616018 0.229630282991587
-0.0264400388107251 -0.0136099167908853 -0.0366243871105241 0.0516442616875989
-0.0164010355829789 0.00489044369637237 0.287629136397032 -0.127945849012755
-0.00518582328685034 0.0221925730146141 0.119171968163364 -0.480775810460037
0.00943909149474063 0.00960919311375595 -0.370816389022073 -0.299588071329359
-0.0088807785867009 -0.0144295641672342 -0.312649292551047 0.197355771415835
-0.0115724639277037 -0.012383228307468 0.0191009608375226 0.264214710774941
-0.0148672876537768 -0.0100834549621078 0.116412398437064 0.0855497566945328
-0.0150212029109772 0.0075038084847251 0.0464778385755697 -0.0956674687834928
-0.00221262466709683 0.00343678816554397 -0.030126776786521 0.0845764853774918
-0.0146857314694531 -0.00578756113888211 -0.077136285525721 -0.034718649146364
-0.00786365956025829 -0.0138702170315461 -0.0744062477635433 -0.210812263796502
-0.00187253809881217 -0.0214913471520322 0.194447216375307 -0.214435812411006
0.0148579826974889 -0.00884090749383563 0.381267530396074 0.134174487784398
-0.00259852972353966 0.0223332705680222 0.0602076368458307 0.460634563161651
-0.022081492720489 -0.00103963094371865 -0.271256519276174 0.235290774828136
-0.0154889650325601 -0.0164234218399216 -0.0422966961111016 0.0532291603004711
-0.00834829428175513 -0.000449824550961762 0.283454028189153 -0.123466039179241
-0.00461072991844549 0.0138562419677649 0.119657710308127 -0.476850639783886
0.00502837481287289 0.00592065204497213 -0.372401258036216 -0.299962409494123
-0.0116523520745621 -0.0134620194122261 -0.316393370871072 0.196990276874108
-0.0115360373617908 -0.0103713223619781 0.0178596427417195 0.264859719544052
-0.0117976364913084 -0.00979985724242523 0.116728712169673 0.0865294865881175
-0.0106657649487264 0.00735763980330871 0.0493418208205283 -0.0959272484065467
0.00149163046176879 0.0023523325974 -0.0271032734050186 0.0840049548368656
-0.0113569339529047 -0.00534773441750451 -0.0754339721381488 -0.0363673874755363
-0.00667640331708948 -0.0111752804751304 -0.0729879505628669 -0.212022183613888
-0.00338633891640141 -0.0183836136008229 0.195347919605391 -0.212406090683399
0.010340973462811 -0.0116417283765624 0.378897974637045 0.140381942798682
-0.0035153963658092 0.0126459657005398 0.0526024393445112 0.463806688067244
-0.0137241427109022 -0.0101127225031478 -0.276134917196688 0.233766964235418
-0.00294433850890889 -0.0192225782200338 -0.0445160605826101 0.0542504702956072
0.00219789452409187 -0.00605021841388963 0.280715570384555 -0.12477254968259
-0.00281067142591948 0.00407656927552507 0.112721740174262 -0.475908046838341
-0.000655245644466915 0.000649319370694864 -0.377969157647891 -0.294030684060984
-0.0148494531738078 -0.0107939845648608 -0.315598752866432 0.201632415790754
-0.0110560664578408 -0.00724012874587792 0.0202407780856288 0.264305590253309
-0.00797851273454884 -0.00830589165902668 0.118848516782186 0.0851653255248606
-0.00620757125083199 0.00700136950745793 0.0515204472859993 -0.0967851700931356
0.00474899531964576 0.00180316956555187 -0.0247443655040112 0.0837009910670986
-0.00741571102918477 -0.00343998049442452 -0.0736323568731364 -0.0397675700214944
-0.00516960411227816 -0.00736193205960914 -0.0684740042707078 -0.215185521877904
-0.00506115608580802 -0.0145177119253123 0.200238728227141 -0.206708434417063
0.00524213843734783 -0.0153770944199992 0.372755706050927 0.151953496242113
-0.00411052033763873 0.00134800984670338 0.0400210155408927 0.466998292891121
-0.00334008405323958 -0.0185451763252695 -0.279873818193857 0.22879147267838
0.0106142759629926 -0.0219984599185874 -0.0412554198979757 0.0532371746211998
0.0132148950767469 -0.0129801495482681 0.280510553261306 -0.12962181968982
-0.00146921845671763 -0.00714092685618668 0.0995149043475186 -0.477518308913537
-0.00591973068755043 -0.00504322343968649 -0.385061634213648 -0.280897633761871
-0.0188633476477722 -0.00696731205818472 -0.310083251965864 0.209230058379396
-0.0106907952633305 -0.00202691274411518 0.0253444360403389 0.261795247925273
-0.00359813284654336 -0.00575932515690664 0.119326720099599 0.0813349743473485
-0.00183755195965759 0.00723550133889046 0.0530929412512332 -0.097886689915675
0.00767440159117651 0.00132594353095748 -0.0236122966346187 0.0828340643793061
-0.00488824332956069 -0.000731523589025694 -0.0738741908115109 -0.04460550776857
-0.00398721283457767 -0.00300662862363457 -0.0623650839230786 -0.219676134621707
-0.00603343525847195 -0.0113087636407053 0.210145734753626 -0.199194309138232
0.00235018253521059 -0.0179971449637093 0.367107878002006 0.169541091119927
-0.00381371227540277 -0.0070599946435438 0.0201053011236967 0.469811695872504
0.00538064102064467 -0.0239019557318614 -0.2844173274073 0.218526662742159
0.0201149028234888 -0.0244770436491602 -0.0334489330652817 0.0514892880341355
0.0208804159294566 -0.0184412982458281 0.281543868525098 -0.140449330702023
-0.000743592467073447 -0.0154315149163231 0.079132563457385 -0.481442913044056
-0.0106795526522521 -0.00838877644557345 -0.394863107321295 -0.26156294399034
-0.0208175994072074 -0.00332661181857047 -0.299221573123922 0.22015113633723
-0.00971309872696045 0.00350861396068237 0.034078513920293 0.257295890422975
-0.000426668097625113 -0.00272133187879002 0.120746078040489 0.0746444555129634
0.00121187138070668 0.00707731526476498 0.0531386196576812 -0.0994171652462876
